<?xml version="1.0" encoding="UTF-8"?>
<testsuite xmlns:xsi="http://www.w3.org/2001/XMLSchema-instance" xsi:noNamespaceSchemaLocation="https://maven.apache.org/surefire/maven-surefire-plugin/xsd/surefire-test-report.xsd" name="org.apache.hadoop.ozone.freon.TestFreonWithPipelineDestroy" time="53.089" tests="1" errors="1" skipped="0" failures="0">
  <properties>
    <property name="awt.toolkit" value="sun.awt.X11.XToolkit"/>
    <property name="file.encoding.pkg" value="sun.io"/>
    <property name="java.specification.version" value="1.8"/>
    <property name="sun.cpu.isalist" value=""/>
    <property name="sun.jnu.encoding" value="ANSI_X3.4-1968"/>
    <property name="java.class.path" value="/workdir/hadoop-ozone/tools/target/test-classes:/workdir/hadoop-ozone/tools/target/classes:/home/user/.m2/repository/org/apache/hadoop/hadoop-ozone-ozone-manager/0.5.0-SNAPSHOT/hadoop-ozone-ozone-manager-0.5.0-SNAPSHOT.jar:/home/user/.m2/repository/org/apache/hadoop/hadoop-hdds-docs/0.5.0-SNAPSHOT/hadoop-hdds-docs-0.5.0-SNAPSHOT.jar:/home/user/.m2/repository/org/bouncycastle/bcprov-jdk15on/1.60/bcprov-jdk15on-1.60.jar:/home/user/.m2/repository/org/apache/hadoop/hadoop-ozone-common/0.5.0-SNAPSHOT/hadoop-ozone-common-0.5.0-SNAPSHOT.jar:/home/user/.m2/repository/org/apache/commons/commons-compress/1.4.1/commons-compress-1.4.1.jar:/home/user/.m2/repository/org/tukaani/xz/1.0/xz-1.0.jar:/home/user/.m2/repository/org/apache/hadoop/hadoop-hdfs-client/3.2.0/hadoop-hdfs-client-3.2.0.jar:/home/user/.m2/repository/com/fasterxml/jackson/core/jackson-annotations/2.9.9/jackson-annotations-2.9.9.jar:/home/user/.m2/repository/org/apache/hadoop/hadoop-hdds-common/0.5.0-SNAPSHOT/hadoop-hdds-common-0.5.0-SNAPSHOT.jar:/home/user/.m2/repository/org/apache/hadoop/hadoop-hdds-config/0.5.0-SNAPSHOT/hadoop-hdds-config-0.5.0-SNAPSHOT.jar:/home/user/.m2/repository/javax/annotation/javax.annotation-api/1.2/javax.annotation-api-1.2.jar:/home/user/.m2/repository/org/apache/ratis/ratis-server/0.5.0-d6d58d0-SNAPSHOT/ratis-server-0.5.0-d6d58d0-SNAPSHOT.jar:/home/user/.m2/repository/org/apache/ratis/ratis-thirdparty-misc/0.2.0/ratis-thirdparty-misc-0.2.0.jar:/home/user/.m2/repository/org/apache/ratis/ratis-proto/0.5.0-d6d58d0-SNAPSHOT/ratis-proto-0.5.0-d6d58d0-SNAPSHOT.jar:/home/user/.m2/repository/org/apache/ratis/ratis-common/0.5.0-d6d58d0-SNAPSHOT/ratis-common-0.5.0-d6d58d0-SNAPSHOT.jar:/home/user/.m2/repository/org/apache/ratis/ratis-client/0.5.0-d6d58d0-SNAPSHOT/ratis-client-0.5.0-d6d58d0-SNAPSHOT.jar:/home/user/.m2/repository/org/apache/ratis/ratis-metrics/0.5.0-d6d58d0-SNAPSHOT/ratis-metrics-0.5.0-d6d58d0-SNAPSHOT.jar:/home/user/.m2/repository/org/apache/ratis/ratis-netty/0.5.0-d6d58d0-SNAPSHOT/ratis-netty-0.5.0-d6d58d0-SNAPSHOT.jar:/home/user/.m2/repository/org/apache/ratis/ratis-grpc/0.5.0-d6d58d0-SNAPSHOT/ratis-grpc-0.5.0-d6d58d0-SNAPSHOT.jar:/home/user/.m2/repository/org/rocksdb/rocksdbjni/6.0.1/rocksdbjni-6.0.1.jar:/home/user/.m2/repository/org/apache/logging/log4j/log4j-api/2.11.0/log4j-api-2.11.0.jar:/home/user/.m2/repository/org/apache/logging/log4j/log4j-core/2.11.0/log4j-core-2.11.0.jar:/home/user/.m2/repository/com/lmax/disruptor/3.4.2/disruptor-3.4.2.jar:/home/user/.m2/repository/org/apache/commons/commons-pool2/2.6.0/commons-pool2-2.6.0.jar:/home/user/.m2/repository/org/bouncycastle/bcpkix-jdk15on/1.60/bcpkix-jdk15on-1.60.jar:/home/user/.m2/repository/commons-validator/commons-validator/1.6/commons-validator-1.6.jar:/home/user/.m2/repository/commons-digester/commons-digester/1.8.1/commons-digester-1.8.1.jar:/home/user/.m2/repository/io/jaegertracing/jaeger-client/0.34.0/jaeger-client-0.34.0.jar:/home/user/.m2/repository/io/jaegertracing/jaeger-thrift/0.34.0/jaeger-thrift-0.34.0.jar:/home/user/.m2/repository/org/apache/thrift/libthrift/0.12.0/libthrift-0.12.0.jar:/home/user/.m2/repository/com/squareup/okhttp3/okhttp/3.9.0/okhttp-3.9.0.jar:/home/user/.m2/repository/com/squareup/okio/okio/1.13.0/okio-1.13.0.jar:/home/user/.m2/repository/io/jaegertracing/jaeger-core/0.34.0/jaeger-core-0.34.0.jar:/home/user/.m2/repository/io/jaegertracing/jaeger-tracerresolver/0.34.0/jaeger-tracerresolver-0.34.0.jar:/home/user/.m2/repository/io/opentracing/contrib/opentracing-tracerresolver/0.1.5/opentracing-tracerresolver-0.1.5.jar:/home/user/.m2/repository/io/opentracing/opentracing-util/0.31.0/opentracing-util-0.31.0.jar:/home/user/.m2/repository/io/opentracing/opentracing-api/0.31.0/opentracing-api-0.31.0.jar:/home/user/.m2/repository/io/opentracing/opentracing-noop/0.31.0/opentracing-noop-0.31.0.jar:/home/user/.m2/repository/org/yaml/snakeyaml/1.16/snakeyaml-1.16.jar:/home/user/.m2/repository/org/apache/hadoop/hadoop-hdds-container-service/0.5.0-SNAPSHOT/hadoop-hdds-container-service-0.5.0-SNAPSHOT.jar:/home/user/.m2/repository/org/apache/hadoop/hadoop-hdds-client/0.5.0-SNAPSHOT/hadoop-hdds-client-0.5.0-SNAPSHOT.jar:/home/user/.m2/repository/org/apache/hadoop/hadoop-hdds-tools/0.5.0-SNAPSHOT/hadoop-hdds-tools-0.5.0-SNAPSHOT.jar:/home/user/.m2/repository/org/xerial/sqlite-jdbc/3.25.2/sqlite-jdbc-3.25.2.jar:/home/user/.m2/repository/org/apache/hadoop/hadoop-hdds-server-scm/0.5.0-SNAPSHOT/hadoop-hdds-server-scm-0.5.0-SNAPSHOT.jar:/home/user/.m2/repository/org/hamcrest/hamcrest-all/1.3/hamcrest-all-1.3.jar:/home/user/.m2/repository/info/picocli/picocli/3.9.6/picocli-3.9.6.jar:/home/user/.m2/repository/com/google/protobuf/protobuf-java/2.5.0/protobuf-java-2.5.0.jar:/home/user/.m2/repository/com/google/guava/guava/11.0.2/guava-11.0.2.jar:/home/user/.m2/repository/org/apache/hadoop/hadoop-ozone-client/0.5.0-SNAPSHOT/hadoop-ozone-client-0.5.0-SNAPSHOT.jar:/workdir/hadoop-ozone/ozonefs/target/classes:/home/user/.m2/repository/org/apache/httpcomponents/httpclient/4.5.2/httpclient-4.5.2.jar:/home/user/.m2/repository/org/apache/httpcomponents/httpcore/4.4.4/httpcore-4.4.4.jar:/home/user/.m2/repository/org/apache/hadoop/hadoop-hdds-server-framework/0.5.0-SNAPSHOT/hadoop-hdds-server-framework-0.5.0-SNAPSHOT.jar:/home/user/.m2/repository/org/apache/hadoop/hadoop-common/3.2.0/hadoop-common-3.2.0.jar:/home/user/.m2/repository/org/apache/hadoop/hadoop-annotations/3.2.0/hadoop-annotations-3.2.0.jar:/usr/lib/jvm/java-1.8.0-openjdk-1.8.0.222.b10-1.el7_7.x86_64/jre/../lib/tools.jar:/home/user/.m2/repository/commons-cli/commons-cli/1.2/commons-cli-1.2.jar:/home/user/.m2/repository/org/apache/commons/commons-math3/3.1.1/commons-math3-3.1.1.jar:/home/user/.m2/repository/commons-codec/commons-codec/1.11/commons-codec-1.11.jar:/home/user/.m2/repository/commons-io/commons-io/2.5/commons-io-2.5.jar:/home/user/.m2/repository/commons-net/commons-net/3.6/commons-net-3.6.jar:/home/user/.m2/repository/commons-collections/commons-collections/3.2.2/commons-collections-3.2.2.jar:/home/user/.m2/repository/javax/servlet/javax.servlet-api/3.1.0/javax.servlet-api-3.1.0.jar:/home/user/.m2/repository/org/eclipse/jetty/jetty-server/9.3.25.v20180904/jetty-server-9.3.25.v20180904.jar:/home/user/.m2/repository/org/eclipse/jetty/jetty-http/9.3.25.v20180904/jetty-http-9.3.25.v20180904.jar:/home/user/.m2/repository/org/eclipse/jetty/jetty-io/9.3.25.v20180904/jetty-io-9.3.25.v20180904.jar:/home/user/.m2/repository/org/eclipse/jetty/jetty-util/9.3.25.v20180904/jetty-util-9.3.25.v20180904.jar:/home/user/.m2/repository/org/eclipse/jetty/jetty-servlet/9.3.25.v20180904/jetty-servlet-9.3.25.v20180904.jar:/home/user/.m2/repository/org/eclipse/jetty/jetty-security/9.3.25.v20180904/jetty-security-9.3.25.v20180904.jar:/home/user/.m2/repository/org/eclipse/jetty/jetty-webapp/9.3.25.v20180904/jetty-webapp-9.3.25.v20180904.jar:/home/user/.m2/repository/org/eclipse/jetty/jetty-xml/9.3.25.v20180904/jetty-xml-9.3.25.v20180904.jar:/home/user/.m2/repository/javax/servlet/jsp/jsp-api/2.1/jsp-api-2.1.jar:/home/user/.m2/repository/com/sun/jersey/jersey-core/1.19/jersey-core-1.19.jar:/home/user/.m2/repository/javax/ws/rs/jsr311-api/1.1.1/jsr311-api-1.1.1.jar:/home/user/.m2/repository/com/sun/jersey/jersey-servlet/1.19/jersey-servlet-1.19.jar:/home/user/.m2/repository/com/sun/jersey/jersey-json/1.19/jersey-json-1.19.jar:/home/user/.m2/repository/org/codehaus/jettison/jettison/1.1/jettison-1.1.jar:/home/user/.m2/repository/com/sun/xml/bind/jaxb-impl/2.3.0.1/jaxb-impl-2.3.0.1.jar:/home/user/.m2/repository/org/codehaus/jackson/jackson-core-asl/1.9.13/jackson-core-asl-1.9.13.jar:/home/user/.m2/repository/org/codehaus/jackson/jackson-mapper-asl/1.9.13/jackson-mapper-asl-1.9.13.jar:/home/user/.m2/repository/org/codehaus/jackson/jackson-jaxrs/1.9.13/jackson-jaxrs-1.9.13.jar:/home/user/.m2/repository/org/codehaus/jackson/jackson-xc/1.9.13/jackson-xc-1.9.13.jar:/home/user/.m2/repository/com/sun/jersey/jersey-server/1.19/jersey-server-1.19.jar:/home/user/.m2/repository/commons-logging/commons-logging/1.1.3/commons-logging-1.1.3.jar:/home/user/.m2/repository/log4j/log4j/1.2.17/log4j-1.2.17.jar:/home/user/.m2/repository/commons-beanutils/commons-beanutils/1.9.4/commons-beanutils-1.9.4.jar:/home/user/.m2/repository/org/apache/commons/commons-configuration2/2.1.1/commons-configuration2-2.1.1.jar:/home/user/.m2/repository/org/apache/commons/commons-lang3/3.7/commons-lang3-3.7.jar:/home/user/.m2/repository/org/apache/commons/commons-text/1.4/commons-text-1.4.jar:/home/user/.m2/repository/org/slf4j/slf4j-api/1.7.25/slf4j-api-1.7.25.jar:/home/user/.m2/repository/org/slf4j/slf4j-log4j12/1.7.25/slf4j-log4j12-1.7.25.jar:/home/user/.m2/repository/org/apache/avro/avro/1.7.7/avro-1.7.7.jar:/home/user/.m2/repository/com/thoughtworks/paranamer/paranamer/2.3/paranamer-2.3.jar:/home/user/.m2/repository/org/xerial/snappy/snappy-java/1.0.5/snappy-java-1.0.5.jar:/home/user/.m2/repository/com/google/re2j/re2j/1.1/re2j-1.1.jar:/home/user/.m2/repository/com/google/code/gson/gson/2.2.4/gson-2.2.4.jar:/home/user/.m2/repository/org/apache/hadoop/hadoop-auth/3.2.0/hadoop-auth-3.2.0.jar:/home/user/.m2/repository/com/nimbusds/nimbus-jose-jwt/4.41.1/nimbus-jose-jwt-4.41.1.jar:/home/user/.m2/repository/com/github/stephenc/jcip/jcip-annotations/1.0-1/jcip-annotations-1.0-1.jar:/home/user/.m2/repository/net/minidev/json-smart/2.3/json-smart-2.3.jar:/home/user/.m2/repository/net/minidev/accessors-smart/1.2/accessors-smart-1.2.jar:/home/user/.m2/repository/org/apache/curator/curator-framework/2.12.0/curator-framework-2.12.0.jar:/home/user/.m2/repository/com/jcraft/jsch/0.1.54/jsch-0.1.54.jar:/home/user/.m2/repository/org/apache/curator/curator-client/2.12.0/curator-client-2.12.0.jar:/home/user/.m2/repository/org/apache/curator/curator-recipes/2.12.0/curator-recipes-2.12.0.jar:/home/user/.m2/repository/com/google/code/findbugs/jsr305/3.0.0/jsr305-3.0.0.jar:/home/user/.m2/repository/org/apache/htrace/htrace-core4/4.1.0-incubating/htrace-core4-4.1.0-incubating.jar:/home/user/.m2/repository/org/apache/zookeeper/zookeeper/3.4.13/zookeeper-3.4.13.jar:/home/user/.m2/repository/jline/jline/0.9.94/jline-0.9.94.jar:/home/user/.m2/repository/org/apache/yetus/audience-annotations/0.5.0/audience-annotations-0.5.0.jar:/home/user/.m2/repository/org/apache/kerby/kerb-simplekdc/1.0.1/kerb-simplekdc-1.0.1.jar:/home/user/.m2/repository/org/apache/kerby/kerb-client/1.0.1/kerb-client-1.0.1.jar:/home/user/.m2/repository/org/apache/kerby/kerby-config/1.0.1/kerby-config-1.0.1.jar:/home/user/.m2/repository/org/apache/kerby/kerb-core/1.0.1/kerb-core-1.0.1.jar:/home/user/.m2/repository/org/apache/kerby/kerby-pkix/1.0.1/kerby-pkix-1.0.1.jar:/home/user/.m2/repository/org/apache/kerby/kerby-asn1/1.0.1/kerby-asn1-1.0.1.jar:/home/user/.m2/repository/org/apache/kerby/kerby-util/1.0.1/kerby-util-1.0.1.jar:/home/user/.m2/repository/org/apache/kerby/kerb-common/1.0.1/kerb-common-1.0.1.jar:/home/user/.m2/repository/org/apache/kerby/kerb-crypto/1.0.1/kerb-crypto-1.0.1.jar:/home/user/.m2/repository/org/apache/kerby/kerb-util/1.0.1/kerb-util-1.0.1.jar:/home/user/.m2/repository/org/apache/kerby/token-provider/1.0.1/token-provider-1.0.1.jar:/home/user/.m2/repository/org/apache/kerby/kerb-admin/1.0.1/kerb-admin-1.0.1.jar:/home/user/.m2/repository/org/apache/kerby/kerb-server/1.0.1/kerb-server-1.0.1.jar:/home/user/.m2/repository/org/apache/kerby/kerb-identity/1.0.1/kerb-identity-1.0.1.jar:/home/user/.m2/repository/org/apache/kerby/kerby-xdr/1.0.1/kerby-xdr-1.0.1.jar:/home/user/.m2/repository/com/fasterxml/jackson/core/jackson-databind/2.9.9/jackson-databind-2.9.9.jar:/home/user/.m2/repository/com/fasterxml/jackson/core/jackson-core/2.9.9/jackson-core-2.9.9.jar:/home/user/.m2/repository/org/codehaus/woodstox/stax2-api/3.1.4/stax2-api-3.1.4.jar:/home/user/.m2/repository/com/fasterxml/woodstox/woodstox-core/5.0.3/woodstox-core-5.0.3.jar:/home/user/.m2/repository/dnsjava/dnsjava/2.1.7/dnsjava-2.1.7.jar:/home/user/.m2/repository/org/apache/hadoop/hadoop-hdfs/3.2.0/hadoop-hdfs-3.2.0.jar:/home/user/.m2/repository/org/eclipse/jetty/jetty-util-ajax/9.3.25.v20180904/jetty-util-ajax-9.3.25.v20180904.jar:/home/user/.m2/repository/commons-daemon/commons-daemon/1.0.13/commons-daemon-1.0.13.jar:/home/user/.m2/repository/io/netty/netty/3.10.5.Final/netty-3.10.5.Final.jar:/home/user/.m2/repository/io/netty/netty-all/4.0.52.Final/netty-all-4.0.52.Final.jar:/home/user/.m2/repository/org/fusesource/leveldbjni/leveldbjni-all/1.8/leveldbjni-all-1.8.jar:/home/user/.m2/repository/com/sun/xml/bind/jaxb-core/2.3.0.1/jaxb-core-2.3.0.1.jar:/home/user/.m2/repository/javax/xml/bind/jaxb-api/2.3.0/jaxb-api-2.3.0.jar:/home/user/.m2/repository/javax/activation/activation/1.1.1/activation-1.1.1.jar:/home/user/.m2/repository/org/openjdk/jmh/jmh-core/1.19/jmh-core-1.19.jar:/home/user/.m2/repository/net/sf/jopt-simple/jopt-simple/4.6/jopt-simple-4.6.jar:/home/user/.m2/repository/org/openjdk/jmh/jmh-generator-annprocess/1.19/jmh-generator-annprocess-1.19.jar:/home/user/.m2/repository/io/dropwizard/metrics/metrics-core/3.2.4/metrics-core-3.2.4.jar:/home/user/.m2/repository/com/amazonaws/aws-java-sdk-s3/1.11.615/aws-java-sdk-s3-1.11.615.jar:/home/user/.m2/repository/com/amazonaws/aws-java-sdk-kms/1.11.615/aws-java-sdk-kms-1.11.615.jar:/home/user/.m2/repository/com/amazonaws/aws-java-sdk-core/1.11.615/aws-java-sdk-core-1.11.615.jar:/home/user/.m2/repository/software/amazon/ion/ion-java/1.0.2/ion-java-1.0.2.jar:/home/user/.m2/repository/com/fasterxml/jackson/dataformat/jackson-dataformat-cbor/2.9.9/jackson-dataformat-cbor-2.9.9.jar:/home/user/.m2/repository/joda-time/joda-time/2.9.9/joda-time-2.9.9.jar:/home/user/.m2/repository/com/amazonaws/jmespath-java/1.11.615/jmespath-java-1.11.615.jar:/home/user/.m2/repository/com/github/spotbugs/spotbugs/3.1.12/spotbugs-3.1.12.jar:/home/user/.m2/repository/org/ow2/asm/asm/5.0.4/asm-5.0.4.jar:/home/user/.m2/repository/org/ow2/asm/asm-analysis/7.0/asm-analysis-7.0.jar:/home/user/.m2/repository/org/ow2/asm/asm-commons/7.0/asm-commons-7.0.jar:/home/user/.m2/repository/org/ow2/asm/asm-tree/7.0/asm-tree-7.0.jar:/home/user/.m2/repository/org/ow2/asm/asm-util/7.0/asm-util-7.0.jar:/home/user/.m2/repository/org/apache/bcel/bcel/6.3/bcel-6.3.jar:/home/user/.m2/repository/net/jcip/jcip-annotations/1.0/jcip-annotations-1.0.jar:/home/user/.m2/repository/org/dom4j/dom4j/2.1.1/dom4j-2.1.1.jar:/home/user/.m2/repository/jaxen/jaxen/1.1.6/jaxen-1.1.6.jar:/home/user/.m2/repository/commons-lang/commons-lang/2.6/commons-lang-2.6.jar:/home/user/.m2/repository/com/github/spotbugs/spotbugs-annotations/3.1.12/spotbugs-annotations-3.1.12.jar:/home/user/.m2/repository/junit/junit/4.11/junit-4.11.jar:/home/user/.m2/repository/org/hamcrest/hamcrest-core/1.3/hamcrest-core-1.3.jar:/home/user/.m2/repository/org/apache/hadoop/hadoop-common/3.2.0/hadoop-common-3.2.0-tests.jar:/workdir/hadoop-ozone/integration-test/target/test-classes:/home/user/.m2/repository/org/apache/hadoop/hadoop-ozone-s3gateway/0.5.0-SNAPSHOT/hadoop-ozone-s3gateway-0.5.0-SNAPSHOT.jar:/home/user/.m2/repository/org/jboss/weld/servlet/weld-servlet/2.4.7.Final/weld-servlet-2.4.7.Final.jar:/home/user/.m2/repository/org/glassfish/jersey/containers/jersey-container-servlet-core/2.27/jersey-container-servlet-core-2.27.jar:/home/user/.m2/repository/org/glassfish/hk2/external/javax.inject/2.5.0-b42/javax.inject-2.5.0-b42.jar:/home/user/.m2/repository/org/glassfish/jersey/core/jersey-common/2.27/jersey-common-2.27.jar:/home/user/.m2/repository/org/glassfish/hk2/osgi-resource-locator/1.0.1/osgi-resource-locator-1.0.1.jar:/home/user/.m2/repository/javax/ws/rs/javax.ws.rs-api/2.1/javax.ws.rs-api-2.1.jar:/home/user/.m2/repository/org/glassfish/jersey/ext/cdi/jersey-cdi1x/2.27/jersey-cdi1x-2.27.jar:/home/user/.m2/repository/org/glassfish/jersey/inject/jersey-hk2/2.27/jersey-hk2-2.27.jar:/home/user/.m2/repository/org/glassfish/hk2/hk2-locator/2.5.0-b42/hk2-locator-2.5.0-b42.jar:/home/user/.m2/repository/org/javassist/javassist/3.22.0-CR2/javassist-3.22.0-CR2.jar:/home/user/.m2/repository/org/glassfish/hk2/hk2-api/2.5.0/hk2-api-2.5.0.jar:/home/user/.m2/repository/org/glassfish/hk2/external/jakarta.inject/2.5.0/jakarta.inject-2.5.0.jar:/home/user/.m2/repository/org/glassfish/hk2/hk2-utils/2.5.0/hk2-utils-2.5.0.jar:/home/user/.m2/repository/jakarta/annotation/jakarta.annotation-api/1.3.4/jakarta.annotation-api-1.3.4.jar:/home/user/.m2/repository/org/glassfish/hk2/external/aopalliance-repackaged/2.5.0/aopalliance-repackaged-2.5.0.jar:/home/user/.m2/repository/com/fasterxml/jackson/dataformat/jackson-dataformat-xml/2.9.0/jackson-dataformat-xml-2.9.0.jar:/home/user/.m2/repository/com/fasterxml/jackson/module/jackson-module-jaxb-annotations/2.9.9/jackson-module-jaxb-annotations-2.9.9.jar:/home/user/.m2/repository/javax/enterprise/cdi-api/1.2/cdi-api-1.2.jar:/home/user/.m2/repository/javax/el/javax.el-api/3.0.0/javax.el-api-3.0.0.jar:/home/user/.m2/repository/javax/interceptor/javax.interceptor-api/1.2/javax.interceptor-api-1.2.jar:/home/user/.m2/repository/javax/inject/javax.inject/1/javax.inject-1.jar:/home/user/.m2/repository/org/apache/hadoop/hadoop-ozone-csi/0.5.0-SNAPSHOT/hadoop-ozone-csi-0.5.0-SNAPSHOT.jar:/home/user/.m2/repository/com/google/protobuf/protobuf-java-util/3.5.1/protobuf-java-util-3.5.1.jar:/home/user/.m2/repository/io/grpc/grpc-netty/1.17.1/grpc-netty-1.17.1.jar:/home/user/.m2/repository/io/grpc/grpc-core/1.17.1/grpc-core-1.17.1.jar:/home/user/.m2/repository/io/grpc/grpc-context/1.17.1/grpc-context-1.17.1.jar:/home/user/.m2/repository/com/google/errorprone/error_prone_annotations/2.2.0/error_prone_annotations-2.2.0.jar:/home/user/.m2/repository/org/codehaus/mojo/animal-sniffer-annotations/1.17/animal-sniffer-annotations-1.17.jar:/home/user/.m2/repository/io/opencensus/opencensus-api/0.17.0/opencensus-api-0.17.0.jar:/home/user/.m2/repository/io/opencensus/opencensus-contrib-grpc-metrics/0.17.0/opencensus-contrib-grpc-metrics-0.17.0.jar:/home/user/.m2/repository/io/netty/netty-codec-http2/4.1.30.Final/netty-codec-http2-4.1.30.Final.jar:/home/user/.m2/repository/io/netty/netty-codec-http/4.1.30.Final/netty-codec-http-4.1.30.Final.jar:/home/user/.m2/repository/io/netty/netty-codec/4.1.30.Final/netty-codec-4.1.30.Final.jar:/home/user/.m2/repository/io/netty/netty-handler/4.1.30.Final/netty-handler-4.1.30.Final.jar:/home/user/.m2/repository/io/netty/netty-handler-proxy/4.1.30.Final/netty-handler-proxy-4.1.30.Final.jar:/home/user/.m2/repository/io/netty/netty-codec-socks/4.1.30.Final/netty-codec-socks-4.1.30.Final.jar:/home/user/.m2/repository/io/netty/netty-transport-native-epoll/4.1.30.Final/netty-transport-native-epoll-4.1.30.Final.jar:/home/user/.m2/repository/io/netty/netty-common/4.1.30.Final/netty-common-4.1.30.Final.jar:/home/user/.m2/repository/io/netty/netty-buffer/4.1.30.Final/netty-buffer-4.1.30.Final.jar:/home/user/.m2/repository/io/netty/netty-transport/4.1.30.Final/netty-transport-4.1.30.Final.jar:/home/user/.m2/repository/io/netty/netty-resolver/4.1.30.Final/netty-resolver-4.1.30.Final.jar:/home/user/.m2/repository/io/netty/netty-transport-native-unix-common/4.1.30.Final/netty-transport-native-unix-common-4.1.30.Final.jar:/home/user/.m2/repository/io/grpc/grpc-protobuf/1.17.1/grpc-protobuf-1.17.1.jar:/home/user/.m2/repository/com/google/api/grpc/proto-google-common-protos/1.0.0/proto-google-common-protos-1.0.0.jar:/home/user/.m2/repository/io/grpc/grpc-protobuf-lite/1.17.1/grpc-protobuf-lite-1.17.1.jar:/home/user/.m2/repository/io/grpc/grpc-stub/1.17.1/grpc-stub-1.17.1.jar:/home/user/.m2/repository/org/apache/hadoop/hadoop-ozone-recon/0.5.0-SNAPSHOT/hadoop-ozone-recon-0.5.0-SNAPSHOT.jar:/home/user/.m2/repository/org/apache/hadoop/hadoop-ozone-reconcodegen/0.5.0-SNAPSHOT/hadoop-ozone-reconcodegen-0.5.0-SNAPSHOT.jar:/home/user/.m2/repository/com/google/inject/extensions/guice-multibindings/4.0/guice-multibindings-4.0.jar:/home/user/.m2/repository/com/google/inject/guice/4.0/guice-4.0.jar:/home/user/.m2/repository/aopalliance/aopalliance/1.0/aopalliance-1.0.jar:/home/user/.m2/repository/com/google/inject/extensions/guice-servlet/4.0/guice-servlet-4.0.jar:/home/user/.m2/repository/org/glassfish/jersey/containers/jersey-container-servlet/2.27/jersey-container-servlet-2.27.jar:/home/user/.m2/repository/org/glassfish/hk2/guice-bridge/2.5.0/guice-bridge-2.5.0.jar:/home/user/.m2/repository/org/glassfish/jersey/core/jersey-server/2.27/jersey-server-2.27.jar:/home/user/.m2/repository/org/glassfish/jersey/core/jersey-client/2.27/jersey-client-2.27.jar:/home/user/.m2/repository/org/glassfish/jersey/media/jersey-media-jaxb/2.27/jersey-media-jaxb-2.27.jar:/home/user/.m2/repository/javax/validation/validation-api/1.1.0.Final/validation-api-1.1.0.Final.jar:/home/user/.m2/repository/org/glassfish/jersey/media/jersey-media-json-jackson/2.27/jersey-media-json-jackson-2.27.jar:/home/user/.m2/repository/org/glassfish/jersey/ext/jersey-entity-filtering/2.27/jersey-entity-filtering-2.27.jar:/home/user/.m2/repository/com/google/inject/extensions/guice-assistedinject/4.0/guice-assistedinject-4.0.jar:/home/user/.m2/repository/org/jooq/jooq/3.11.10/jooq-3.11.10.jar:/home/user/.m2/repository/org/jooq/jooq-meta/3.11.10/jooq-meta-3.11.10.jar:/home/user/.m2/repository/org/jooq/jooq-codegen/3.11.10/jooq-codegen-3.11.10.jar:/home/user/.m2/repository/com/jolbox/bonecp/0.8.0.RELEASE/bonecp-0.8.0.RELEASE.jar:/home/user/.m2/repository/org/springframework/spring-jdbc/5.1.3.RELEASE/spring-jdbc-5.1.3.RELEASE.jar:/home/user/.m2/repository/org/springframework/spring-beans/5.1.3.RELEASE/spring-beans-5.1.3.RELEASE.jar:/home/user/.m2/repository/org/springframework/spring-core/5.1.3.RELEASE/spring-core-5.1.3.RELEASE.jar:/home/user/.m2/repository/org/springframework/spring-jcl/5.1.3.RELEASE/spring-jcl-5.1.3.RELEASE.jar:/home/user/.m2/repository/org/springframework/spring-tx/5.1.3.RELEASE/spring-tx-5.1.3.RELEASE.jar:/home/user/.m2/repository/org/mockito/mockito-core/2.15.0/mockito-core-2.15.0.jar:/home/user/.m2/repository/net/bytebuddy/byte-buddy/1.7.9/byte-buddy-1.7.9.jar:/home/user/.m2/repository/net/bytebuddy/byte-buddy-agent/1.7.9/byte-buddy-agent-1.7.9.jar:/home/user/.m2/repository/org/objenesis/objenesis/1.0/objenesis-1.0.jar:"/>
    <property name="java.vm.vendor" value="Oracle Corporation"/>
    <property name="sun.arch.data.model" value="64"/>
    <property name="test.build.dir" value="/workdir/hadoop-ozone/tools/target/test-dir"/>
    <property name="test.cache.data" value=""/>
    <property name="java.vendor.url" value="http://java.oracle.com/"/>
    <property name="user.timezone" value=""/>
    <property name="java.vm.specification.version" value="1.8"/>
    <property name="os.name" value="Linux"/>
    <property name="test.build.data" value="/workdir/hadoop-ozone/tools/target/test-dir"/>
    <property name="user.country" value="US"/>
    <property name="sun.java.launcher" value="SUN_STANDARD"/>
    <property name="sun.boot.library.path" value="/usr/lib/jvm/java-1.8.0-openjdk-1.8.0.222.b10-1.el7_7.x86_64/jre/lib/amd64"/>
    <property name="sun.java.command" value="/workdir/hadoop-ozone/tools/target/surefire/surefirebooter7528540957690611874.jar /workdir/hadoop-ozone/tools/target/surefire 2019-11-18T06-47-58_283-jvmRun1 surefire6580618849546630937tmp surefire_982597016916265561208tmp"/>
    <property name="surefire.test.class.path" value="/workdir/hadoop-ozone/tools/target/test-classes:/workdir/hadoop-ozone/tools/target/classes:/home/user/.m2/repository/org/apache/hadoop/hadoop-ozone-ozone-manager/0.5.0-SNAPSHOT/hadoop-ozone-ozone-manager-0.5.0-SNAPSHOT.jar:/home/user/.m2/repository/org/apache/hadoop/hadoop-hdds-docs/0.5.0-SNAPSHOT/hadoop-hdds-docs-0.5.0-SNAPSHOT.jar:/home/user/.m2/repository/org/bouncycastle/bcprov-jdk15on/1.60/bcprov-jdk15on-1.60.jar:/home/user/.m2/repository/org/apache/hadoop/hadoop-ozone-common/0.5.0-SNAPSHOT/hadoop-ozone-common-0.5.0-SNAPSHOT.jar:/home/user/.m2/repository/org/apache/commons/commons-compress/1.4.1/commons-compress-1.4.1.jar:/home/user/.m2/repository/org/tukaani/xz/1.0/xz-1.0.jar:/home/user/.m2/repository/org/apache/hadoop/hadoop-hdfs-client/3.2.0/hadoop-hdfs-client-3.2.0.jar:/home/user/.m2/repository/com/fasterxml/jackson/core/jackson-annotations/2.9.9/jackson-annotations-2.9.9.jar:/home/user/.m2/repository/org/apache/hadoop/hadoop-hdds-common/0.5.0-SNAPSHOT/hadoop-hdds-common-0.5.0-SNAPSHOT.jar:/home/user/.m2/repository/org/apache/hadoop/hadoop-hdds-config/0.5.0-SNAPSHOT/hadoop-hdds-config-0.5.0-SNAPSHOT.jar:/home/user/.m2/repository/javax/annotation/javax.annotation-api/1.2/javax.annotation-api-1.2.jar:/home/user/.m2/repository/org/apache/ratis/ratis-server/0.5.0-d6d58d0-SNAPSHOT/ratis-server-0.5.0-d6d58d0-SNAPSHOT.jar:/home/user/.m2/repository/org/apache/ratis/ratis-thirdparty-misc/0.2.0/ratis-thirdparty-misc-0.2.0.jar:/home/user/.m2/repository/org/apache/ratis/ratis-proto/0.5.0-d6d58d0-SNAPSHOT/ratis-proto-0.5.0-d6d58d0-SNAPSHOT.jar:/home/user/.m2/repository/org/apache/ratis/ratis-common/0.5.0-d6d58d0-SNAPSHOT/ratis-common-0.5.0-d6d58d0-SNAPSHOT.jar:/home/user/.m2/repository/org/apache/ratis/ratis-client/0.5.0-d6d58d0-SNAPSHOT/ratis-client-0.5.0-d6d58d0-SNAPSHOT.jar:/home/user/.m2/repository/org/apache/ratis/ratis-metrics/0.5.0-d6d58d0-SNAPSHOT/ratis-metrics-0.5.0-d6d58d0-SNAPSHOT.jar:/home/user/.m2/repository/org/apache/ratis/ratis-netty/0.5.0-d6d58d0-SNAPSHOT/ratis-netty-0.5.0-d6d58d0-SNAPSHOT.jar:/home/user/.m2/repository/org/apache/ratis/ratis-grpc/0.5.0-d6d58d0-SNAPSHOT/ratis-grpc-0.5.0-d6d58d0-SNAPSHOT.jar:/home/user/.m2/repository/org/rocksdb/rocksdbjni/6.0.1/rocksdbjni-6.0.1.jar:/home/user/.m2/repository/org/apache/logging/log4j/log4j-api/2.11.0/log4j-api-2.11.0.jar:/home/user/.m2/repository/org/apache/logging/log4j/log4j-core/2.11.0/log4j-core-2.11.0.jar:/home/user/.m2/repository/com/lmax/disruptor/3.4.2/disruptor-3.4.2.jar:/home/user/.m2/repository/org/apache/commons/commons-pool2/2.6.0/commons-pool2-2.6.0.jar:/home/user/.m2/repository/org/bouncycastle/bcpkix-jdk15on/1.60/bcpkix-jdk15on-1.60.jar:/home/user/.m2/repository/commons-validator/commons-validator/1.6/commons-validator-1.6.jar:/home/user/.m2/repository/commons-digester/commons-digester/1.8.1/commons-digester-1.8.1.jar:/home/user/.m2/repository/io/jaegertracing/jaeger-client/0.34.0/jaeger-client-0.34.0.jar:/home/user/.m2/repository/io/jaegertracing/jaeger-thrift/0.34.0/jaeger-thrift-0.34.0.jar:/home/user/.m2/repository/org/apache/thrift/libthrift/0.12.0/libthrift-0.12.0.jar:/home/user/.m2/repository/com/squareup/okhttp3/okhttp/3.9.0/okhttp-3.9.0.jar:/home/user/.m2/repository/com/squareup/okio/okio/1.13.0/okio-1.13.0.jar:/home/user/.m2/repository/io/jaegertracing/jaeger-core/0.34.0/jaeger-core-0.34.0.jar:/home/user/.m2/repository/io/jaegertracing/jaeger-tracerresolver/0.34.0/jaeger-tracerresolver-0.34.0.jar:/home/user/.m2/repository/io/opentracing/contrib/opentracing-tracerresolver/0.1.5/opentracing-tracerresolver-0.1.5.jar:/home/user/.m2/repository/io/opentracing/opentracing-util/0.31.0/opentracing-util-0.31.0.jar:/home/user/.m2/repository/io/opentracing/opentracing-api/0.31.0/opentracing-api-0.31.0.jar:/home/user/.m2/repository/io/opentracing/opentracing-noop/0.31.0/opentracing-noop-0.31.0.jar:/home/user/.m2/repository/org/yaml/snakeyaml/1.16/snakeyaml-1.16.jar:/home/user/.m2/repository/org/apache/hadoop/hadoop-hdds-container-service/0.5.0-SNAPSHOT/hadoop-hdds-container-service-0.5.0-SNAPSHOT.jar:/home/user/.m2/repository/org/apache/hadoop/hadoop-hdds-client/0.5.0-SNAPSHOT/hadoop-hdds-client-0.5.0-SNAPSHOT.jar:/home/user/.m2/repository/org/apache/hadoop/hadoop-hdds-tools/0.5.0-SNAPSHOT/hadoop-hdds-tools-0.5.0-SNAPSHOT.jar:/home/user/.m2/repository/org/xerial/sqlite-jdbc/3.25.2/sqlite-jdbc-3.25.2.jar:/home/user/.m2/repository/org/apache/hadoop/hadoop-hdds-server-scm/0.5.0-SNAPSHOT/hadoop-hdds-server-scm-0.5.0-SNAPSHOT.jar:/home/user/.m2/repository/org/hamcrest/hamcrest-all/1.3/hamcrest-all-1.3.jar:/home/user/.m2/repository/info/picocli/picocli/3.9.6/picocli-3.9.6.jar:/home/user/.m2/repository/com/google/protobuf/protobuf-java/2.5.0/protobuf-java-2.5.0.jar:/home/user/.m2/repository/com/google/guava/guava/11.0.2/guava-11.0.2.jar:/home/user/.m2/repository/org/apache/hadoop/hadoop-ozone-client/0.5.0-SNAPSHOT/hadoop-ozone-client-0.5.0-SNAPSHOT.jar:/workdir/hadoop-ozone/ozonefs/target/classes:/home/user/.m2/repository/org/apache/httpcomponents/httpclient/4.5.2/httpclient-4.5.2.jar:/home/user/.m2/repository/org/apache/httpcomponents/httpcore/4.4.4/httpcore-4.4.4.jar:/home/user/.m2/repository/org/apache/hadoop/hadoop-hdds-server-framework/0.5.0-SNAPSHOT/hadoop-hdds-server-framework-0.5.0-SNAPSHOT.jar:/home/user/.m2/repository/org/apache/hadoop/hadoop-common/3.2.0/hadoop-common-3.2.0.jar:/home/user/.m2/repository/org/apache/hadoop/hadoop-annotations/3.2.0/hadoop-annotations-3.2.0.jar:/usr/lib/jvm/java-1.8.0-openjdk-1.8.0.222.b10-1.el7_7.x86_64/jre/../lib/tools.jar:/home/user/.m2/repository/commons-cli/commons-cli/1.2/commons-cli-1.2.jar:/home/user/.m2/repository/org/apache/commons/commons-math3/3.1.1/commons-math3-3.1.1.jar:/home/user/.m2/repository/commons-codec/commons-codec/1.11/commons-codec-1.11.jar:/home/user/.m2/repository/commons-io/commons-io/2.5/commons-io-2.5.jar:/home/user/.m2/repository/commons-net/commons-net/3.6/commons-net-3.6.jar:/home/user/.m2/repository/commons-collections/commons-collections/3.2.2/commons-collections-3.2.2.jar:/home/user/.m2/repository/javax/servlet/javax.servlet-api/3.1.0/javax.servlet-api-3.1.0.jar:/home/user/.m2/repository/org/eclipse/jetty/jetty-server/9.3.25.v20180904/jetty-server-9.3.25.v20180904.jar:/home/user/.m2/repository/org/eclipse/jetty/jetty-http/9.3.25.v20180904/jetty-http-9.3.25.v20180904.jar:/home/user/.m2/repository/org/eclipse/jetty/jetty-io/9.3.25.v20180904/jetty-io-9.3.25.v20180904.jar:/home/user/.m2/repository/org/eclipse/jetty/jetty-util/9.3.25.v20180904/jetty-util-9.3.25.v20180904.jar:/home/user/.m2/repository/org/eclipse/jetty/jetty-servlet/9.3.25.v20180904/jetty-servlet-9.3.25.v20180904.jar:/home/user/.m2/repository/org/eclipse/jetty/jetty-security/9.3.25.v20180904/jetty-security-9.3.25.v20180904.jar:/home/user/.m2/repository/org/eclipse/jetty/jetty-webapp/9.3.25.v20180904/jetty-webapp-9.3.25.v20180904.jar:/home/user/.m2/repository/org/eclipse/jetty/jetty-xml/9.3.25.v20180904/jetty-xml-9.3.25.v20180904.jar:/home/user/.m2/repository/javax/servlet/jsp/jsp-api/2.1/jsp-api-2.1.jar:/home/user/.m2/repository/com/sun/jersey/jersey-core/1.19/jersey-core-1.19.jar:/home/user/.m2/repository/javax/ws/rs/jsr311-api/1.1.1/jsr311-api-1.1.1.jar:/home/user/.m2/repository/com/sun/jersey/jersey-servlet/1.19/jersey-servlet-1.19.jar:/home/user/.m2/repository/com/sun/jersey/jersey-json/1.19/jersey-json-1.19.jar:/home/user/.m2/repository/org/codehaus/jettison/jettison/1.1/jettison-1.1.jar:/home/user/.m2/repository/com/sun/xml/bind/jaxb-impl/2.3.0.1/jaxb-impl-2.3.0.1.jar:/home/user/.m2/repository/org/codehaus/jackson/jackson-core-asl/1.9.13/jackson-core-asl-1.9.13.jar:/home/user/.m2/repository/org/codehaus/jackson/jackson-mapper-asl/1.9.13/jackson-mapper-asl-1.9.13.jar:/home/user/.m2/repository/org/codehaus/jackson/jackson-jaxrs/1.9.13/jackson-jaxrs-1.9.13.jar:/home/user/.m2/repository/org/codehaus/jackson/jackson-xc/1.9.13/jackson-xc-1.9.13.jar:/home/user/.m2/repository/com/sun/jersey/jersey-server/1.19/jersey-server-1.19.jar:/home/user/.m2/repository/commons-logging/commons-logging/1.1.3/commons-logging-1.1.3.jar:/home/user/.m2/repository/log4j/log4j/1.2.17/log4j-1.2.17.jar:/home/user/.m2/repository/commons-beanutils/commons-beanutils/1.9.4/commons-beanutils-1.9.4.jar:/home/user/.m2/repository/org/apache/commons/commons-configuration2/2.1.1/commons-configuration2-2.1.1.jar:/home/user/.m2/repository/org/apache/commons/commons-lang3/3.7/commons-lang3-3.7.jar:/home/user/.m2/repository/org/apache/commons/commons-text/1.4/commons-text-1.4.jar:/home/user/.m2/repository/org/slf4j/slf4j-api/1.7.25/slf4j-api-1.7.25.jar:/home/user/.m2/repository/org/slf4j/slf4j-log4j12/1.7.25/slf4j-log4j12-1.7.25.jar:/home/user/.m2/repository/org/apache/avro/avro/1.7.7/avro-1.7.7.jar:/home/user/.m2/repository/com/thoughtworks/paranamer/paranamer/2.3/paranamer-2.3.jar:/home/user/.m2/repository/org/xerial/snappy/snappy-java/1.0.5/snappy-java-1.0.5.jar:/home/user/.m2/repository/com/google/re2j/re2j/1.1/re2j-1.1.jar:/home/user/.m2/repository/com/google/code/gson/gson/2.2.4/gson-2.2.4.jar:/home/user/.m2/repository/org/apache/hadoop/hadoop-auth/3.2.0/hadoop-auth-3.2.0.jar:/home/user/.m2/repository/com/nimbusds/nimbus-jose-jwt/4.41.1/nimbus-jose-jwt-4.41.1.jar:/home/user/.m2/repository/com/github/stephenc/jcip/jcip-annotations/1.0-1/jcip-annotations-1.0-1.jar:/home/user/.m2/repository/net/minidev/json-smart/2.3/json-smart-2.3.jar:/home/user/.m2/repository/net/minidev/accessors-smart/1.2/accessors-smart-1.2.jar:/home/user/.m2/repository/org/apache/curator/curator-framework/2.12.0/curator-framework-2.12.0.jar:/home/user/.m2/repository/com/jcraft/jsch/0.1.54/jsch-0.1.54.jar:/home/user/.m2/repository/org/apache/curator/curator-client/2.12.0/curator-client-2.12.0.jar:/home/user/.m2/repository/org/apache/curator/curator-recipes/2.12.0/curator-recipes-2.12.0.jar:/home/user/.m2/repository/com/google/code/findbugs/jsr305/3.0.0/jsr305-3.0.0.jar:/home/user/.m2/repository/org/apache/htrace/htrace-core4/4.1.0-incubating/htrace-core4-4.1.0-incubating.jar:/home/user/.m2/repository/org/apache/zookeeper/zookeeper/3.4.13/zookeeper-3.4.13.jar:/home/user/.m2/repository/jline/jline/0.9.94/jline-0.9.94.jar:/home/user/.m2/repository/org/apache/yetus/audience-annotations/0.5.0/audience-annotations-0.5.0.jar:/home/user/.m2/repository/org/apache/kerby/kerb-simplekdc/1.0.1/kerb-simplekdc-1.0.1.jar:/home/user/.m2/repository/org/apache/kerby/kerb-client/1.0.1/kerb-client-1.0.1.jar:/home/user/.m2/repository/org/apache/kerby/kerby-config/1.0.1/kerby-config-1.0.1.jar:/home/user/.m2/repository/org/apache/kerby/kerb-core/1.0.1/kerb-core-1.0.1.jar:/home/user/.m2/repository/org/apache/kerby/kerby-pkix/1.0.1/kerby-pkix-1.0.1.jar:/home/user/.m2/repository/org/apache/kerby/kerby-asn1/1.0.1/kerby-asn1-1.0.1.jar:/home/user/.m2/repository/org/apache/kerby/kerby-util/1.0.1/kerby-util-1.0.1.jar:/home/user/.m2/repository/org/apache/kerby/kerb-common/1.0.1/kerb-common-1.0.1.jar:/home/user/.m2/repository/org/apache/kerby/kerb-crypto/1.0.1/kerb-crypto-1.0.1.jar:/home/user/.m2/repository/org/apache/kerby/kerb-util/1.0.1/kerb-util-1.0.1.jar:/home/user/.m2/repository/org/apache/kerby/token-provider/1.0.1/token-provider-1.0.1.jar:/home/user/.m2/repository/org/apache/kerby/kerb-admin/1.0.1/kerb-admin-1.0.1.jar:/home/user/.m2/repository/org/apache/kerby/kerb-server/1.0.1/kerb-server-1.0.1.jar:/home/user/.m2/repository/org/apache/kerby/kerb-identity/1.0.1/kerb-identity-1.0.1.jar:/home/user/.m2/repository/org/apache/kerby/kerby-xdr/1.0.1/kerby-xdr-1.0.1.jar:/home/user/.m2/repository/com/fasterxml/jackson/core/jackson-databind/2.9.9/jackson-databind-2.9.9.jar:/home/user/.m2/repository/com/fasterxml/jackson/core/jackson-core/2.9.9/jackson-core-2.9.9.jar:/home/user/.m2/repository/org/codehaus/woodstox/stax2-api/3.1.4/stax2-api-3.1.4.jar:/home/user/.m2/repository/com/fasterxml/woodstox/woodstox-core/5.0.3/woodstox-core-5.0.3.jar:/home/user/.m2/repository/dnsjava/dnsjava/2.1.7/dnsjava-2.1.7.jar:/home/user/.m2/repository/org/apache/hadoop/hadoop-hdfs/3.2.0/hadoop-hdfs-3.2.0.jar:/home/user/.m2/repository/org/eclipse/jetty/jetty-util-ajax/9.3.25.v20180904/jetty-util-ajax-9.3.25.v20180904.jar:/home/user/.m2/repository/commons-daemon/commons-daemon/1.0.13/commons-daemon-1.0.13.jar:/home/user/.m2/repository/io/netty/netty/3.10.5.Final/netty-3.10.5.Final.jar:/home/user/.m2/repository/io/netty/netty-all/4.0.52.Final/netty-all-4.0.52.Final.jar:/home/user/.m2/repository/org/fusesource/leveldbjni/leveldbjni-all/1.8/leveldbjni-all-1.8.jar:/home/user/.m2/repository/com/sun/xml/bind/jaxb-core/2.3.0.1/jaxb-core-2.3.0.1.jar:/home/user/.m2/repository/javax/xml/bind/jaxb-api/2.3.0/jaxb-api-2.3.0.jar:/home/user/.m2/repository/javax/activation/activation/1.1.1/activation-1.1.1.jar:/home/user/.m2/repository/org/openjdk/jmh/jmh-core/1.19/jmh-core-1.19.jar:/home/user/.m2/repository/net/sf/jopt-simple/jopt-simple/4.6/jopt-simple-4.6.jar:/home/user/.m2/repository/org/openjdk/jmh/jmh-generator-annprocess/1.19/jmh-generator-annprocess-1.19.jar:/home/user/.m2/repository/io/dropwizard/metrics/metrics-core/3.2.4/metrics-core-3.2.4.jar:/home/user/.m2/repository/com/amazonaws/aws-java-sdk-s3/1.11.615/aws-java-sdk-s3-1.11.615.jar:/home/user/.m2/repository/com/amazonaws/aws-java-sdk-kms/1.11.615/aws-java-sdk-kms-1.11.615.jar:/home/user/.m2/repository/com/amazonaws/aws-java-sdk-core/1.11.615/aws-java-sdk-core-1.11.615.jar:/home/user/.m2/repository/software/amazon/ion/ion-java/1.0.2/ion-java-1.0.2.jar:/home/user/.m2/repository/com/fasterxml/jackson/dataformat/jackson-dataformat-cbor/2.9.9/jackson-dataformat-cbor-2.9.9.jar:/home/user/.m2/repository/joda-time/joda-time/2.9.9/joda-time-2.9.9.jar:/home/user/.m2/repository/com/amazonaws/jmespath-java/1.11.615/jmespath-java-1.11.615.jar:/home/user/.m2/repository/com/github/spotbugs/spotbugs/3.1.12/spotbugs-3.1.12.jar:/home/user/.m2/repository/org/ow2/asm/asm/5.0.4/asm-5.0.4.jar:/home/user/.m2/repository/org/ow2/asm/asm-analysis/7.0/asm-analysis-7.0.jar:/home/user/.m2/repository/org/ow2/asm/asm-commons/7.0/asm-commons-7.0.jar:/home/user/.m2/repository/org/ow2/asm/asm-tree/7.0/asm-tree-7.0.jar:/home/user/.m2/repository/org/ow2/asm/asm-util/7.0/asm-util-7.0.jar:/home/user/.m2/repository/org/apache/bcel/bcel/6.3/bcel-6.3.jar:/home/user/.m2/repository/net/jcip/jcip-annotations/1.0/jcip-annotations-1.0.jar:/home/user/.m2/repository/org/dom4j/dom4j/2.1.1/dom4j-2.1.1.jar:/home/user/.m2/repository/jaxen/jaxen/1.1.6/jaxen-1.1.6.jar:/home/user/.m2/repository/commons-lang/commons-lang/2.6/commons-lang-2.6.jar:/home/user/.m2/repository/com/github/spotbugs/spotbugs-annotations/3.1.12/spotbugs-annotations-3.1.12.jar:/home/user/.m2/repository/junit/junit/4.11/junit-4.11.jar:/home/user/.m2/repository/org/hamcrest/hamcrest-core/1.3/hamcrest-core-1.3.jar:/home/user/.m2/repository/org/apache/hadoop/hadoop-common/3.2.0/hadoop-common-3.2.0-tests.jar:/workdir/hadoop-ozone/integration-test/target/test-classes:/home/user/.m2/repository/org/apache/hadoop/hadoop-ozone-s3gateway/0.5.0-SNAPSHOT/hadoop-ozone-s3gateway-0.5.0-SNAPSHOT.jar:/home/user/.m2/repository/org/jboss/weld/servlet/weld-servlet/2.4.7.Final/weld-servlet-2.4.7.Final.jar:/home/user/.m2/repository/org/glassfish/jersey/containers/jersey-container-servlet-core/2.27/jersey-container-servlet-core-2.27.jar:/home/user/.m2/repository/org/glassfish/hk2/external/javax.inject/2.5.0-b42/javax.inject-2.5.0-b42.jar:/home/user/.m2/repository/org/glassfish/jersey/core/jersey-common/2.27/jersey-common-2.27.jar:/home/user/.m2/repository/org/glassfish/hk2/osgi-resource-locator/1.0.1/osgi-resource-locator-1.0.1.jar:/home/user/.m2/repository/javax/ws/rs/javax.ws.rs-api/2.1/javax.ws.rs-api-2.1.jar:/home/user/.m2/repository/org/glassfish/jersey/ext/cdi/jersey-cdi1x/2.27/jersey-cdi1x-2.27.jar:/home/user/.m2/repository/org/glassfish/jersey/inject/jersey-hk2/2.27/jersey-hk2-2.27.jar:/home/user/.m2/repository/org/glassfish/hk2/hk2-locator/2.5.0-b42/hk2-locator-2.5.0-b42.jar:/home/user/.m2/repository/org/javassist/javassist/3.22.0-CR2/javassist-3.22.0-CR2.jar:/home/user/.m2/repository/org/glassfish/hk2/hk2-api/2.5.0/hk2-api-2.5.0.jar:/home/user/.m2/repository/org/glassfish/hk2/external/jakarta.inject/2.5.0/jakarta.inject-2.5.0.jar:/home/user/.m2/repository/org/glassfish/hk2/hk2-utils/2.5.0/hk2-utils-2.5.0.jar:/home/user/.m2/repository/jakarta/annotation/jakarta.annotation-api/1.3.4/jakarta.annotation-api-1.3.4.jar:/home/user/.m2/repository/org/glassfish/hk2/external/aopalliance-repackaged/2.5.0/aopalliance-repackaged-2.5.0.jar:/home/user/.m2/repository/com/fasterxml/jackson/dataformat/jackson-dataformat-xml/2.9.0/jackson-dataformat-xml-2.9.0.jar:/home/user/.m2/repository/com/fasterxml/jackson/module/jackson-module-jaxb-annotations/2.9.9/jackson-module-jaxb-annotations-2.9.9.jar:/home/user/.m2/repository/javax/enterprise/cdi-api/1.2/cdi-api-1.2.jar:/home/user/.m2/repository/javax/el/javax.el-api/3.0.0/javax.el-api-3.0.0.jar:/home/user/.m2/repository/javax/interceptor/javax.interceptor-api/1.2/javax.interceptor-api-1.2.jar:/home/user/.m2/repository/javax/inject/javax.inject/1/javax.inject-1.jar:/home/user/.m2/repository/org/apache/hadoop/hadoop-ozone-csi/0.5.0-SNAPSHOT/hadoop-ozone-csi-0.5.0-SNAPSHOT.jar:/home/user/.m2/repository/com/google/protobuf/protobuf-java-util/3.5.1/protobuf-java-util-3.5.1.jar:/home/user/.m2/repository/io/grpc/grpc-netty/1.17.1/grpc-netty-1.17.1.jar:/home/user/.m2/repository/io/grpc/grpc-core/1.17.1/grpc-core-1.17.1.jar:/home/user/.m2/repository/io/grpc/grpc-context/1.17.1/grpc-context-1.17.1.jar:/home/user/.m2/repository/com/google/errorprone/error_prone_annotations/2.2.0/error_prone_annotations-2.2.0.jar:/home/user/.m2/repository/org/codehaus/mojo/animal-sniffer-annotations/1.17/animal-sniffer-annotations-1.17.jar:/home/user/.m2/repository/io/opencensus/opencensus-api/0.17.0/opencensus-api-0.17.0.jar:/home/user/.m2/repository/io/opencensus/opencensus-contrib-grpc-metrics/0.17.0/opencensus-contrib-grpc-metrics-0.17.0.jar:/home/user/.m2/repository/io/netty/netty-codec-http2/4.1.30.Final/netty-codec-http2-4.1.30.Final.jar:/home/user/.m2/repository/io/netty/netty-codec-http/4.1.30.Final/netty-codec-http-4.1.30.Final.jar:/home/user/.m2/repository/io/netty/netty-codec/4.1.30.Final/netty-codec-4.1.30.Final.jar:/home/user/.m2/repository/io/netty/netty-handler/4.1.30.Final/netty-handler-4.1.30.Final.jar:/home/user/.m2/repository/io/netty/netty-handler-proxy/4.1.30.Final/netty-handler-proxy-4.1.30.Final.jar:/home/user/.m2/repository/io/netty/netty-codec-socks/4.1.30.Final/netty-codec-socks-4.1.30.Final.jar:/home/user/.m2/repository/io/netty/netty-transport-native-epoll/4.1.30.Final/netty-transport-native-epoll-4.1.30.Final.jar:/home/user/.m2/repository/io/netty/netty-common/4.1.30.Final/netty-common-4.1.30.Final.jar:/home/user/.m2/repository/io/netty/netty-buffer/4.1.30.Final/netty-buffer-4.1.30.Final.jar:/home/user/.m2/repository/io/netty/netty-transport/4.1.30.Final/netty-transport-4.1.30.Final.jar:/home/user/.m2/repository/io/netty/netty-resolver/4.1.30.Final/netty-resolver-4.1.30.Final.jar:/home/user/.m2/repository/io/netty/netty-transport-native-unix-common/4.1.30.Final/netty-transport-native-unix-common-4.1.30.Final.jar:/home/user/.m2/repository/io/grpc/grpc-protobuf/1.17.1/grpc-protobuf-1.17.1.jar:/home/user/.m2/repository/com/google/api/grpc/proto-google-common-protos/1.0.0/proto-google-common-protos-1.0.0.jar:/home/user/.m2/repository/io/grpc/grpc-protobuf-lite/1.17.1/grpc-protobuf-lite-1.17.1.jar:/home/user/.m2/repository/io/grpc/grpc-stub/1.17.1/grpc-stub-1.17.1.jar:/home/user/.m2/repository/org/apache/hadoop/hadoop-ozone-recon/0.5.0-SNAPSHOT/hadoop-ozone-recon-0.5.0-SNAPSHOT.jar:/home/user/.m2/repository/org/apache/hadoop/hadoop-ozone-reconcodegen/0.5.0-SNAPSHOT/hadoop-ozone-reconcodegen-0.5.0-SNAPSHOT.jar:/home/user/.m2/repository/com/google/inject/extensions/guice-multibindings/4.0/guice-multibindings-4.0.jar:/home/user/.m2/repository/com/google/inject/guice/4.0/guice-4.0.jar:/home/user/.m2/repository/aopalliance/aopalliance/1.0/aopalliance-1.0.jar:/home/user/.m2/repository/com/google/inject/extensions/guice-servlet/4.0/guice-servlet-4.0.jar:/home/user/.m2/repository/org/glassfish/jersey/containers/jersey-container-servlet/2.27/jersey-container-servlet-2.27.jar:/home/user/.m2/repository/org/glassfish/hk2/guice-bridge/2.5.0/guice-bridge-2.5.0.jar:/home/user/.m2/repository/org/glassfish/jersey/core/jersey-server/2.27/jersey-server-2.27.jar:/home/user/.m2/repository/org/glassfish/jersey/core/jersey-client/2.27/jersey-client-2.27.jar:/home/user/.m2/repository/org/glassfish/jersey/media/jersey-media-jaxb/2.27/jersey-media-jaxb-2.27.jar:/home/user/.m2/repository/javax/validation/validation-api/1.1.0.Final/validation-api-1.1.0.Final.jar:/home/user/.m2/repository/org/glassfish/jersey/media/jersey-media-json-jackson/2.27/jersey-media-json-jackson-2.27.jar:/home/user/.m2/repository/org/glassfish/jersey/ext/jersey-entity-filtering/2.27/jersey-entity-filtering-2.27.jar:/home/user/.m2/repository/com/google/inject/extensions/guice-assistedinject/4.0/guice-assistedinject-4.0.jar:/home/user/.m2/repository/org/jooq/jooq/3.11.10/jooq-3.11.10.jar:/home/user/.m2/repository/org/jooq/jooq-meta/3.11.10/jooq-meta-3.11.10.jar:/home/user/.m2/repository/org/jooq/jooq-codegen/3.11.10/jooq-codegen-3.11.10.jar:/home/user/.m2/repository/com/jolbox/bonecp/0.8.0.RELEASE/bonecp-0.8.0.RELEASE.jar:/home/user/.m2/repository/org/springframework/spring-jdbc/5.1.3.RELEASE/spring-jdbc-5.1.3.RELEASE.jar:/home/user/.m2/repository/org/springframework/spring-beans/5.1.3.RELEASE/spring-beans-5.1.3.RELEASE.jar:/home/user/.m2/repository/org/springframework/spring-core/5.1.3.RELEASE/spring-core-5.1.3.RELEASE.jar:/home/user/.m2/repository/org/springframework/spring-jcl/5.1.3.RELEASE/spring-jcl-5.1.3.RELEASE.jar:/home/user/.m2/repository/org/springframework/spring-tx/5.1.3.RELEASE/spring-tx-5.1.3.RELEASE.jar:/home/user/.m2/repository/org/mockito/mockito-core/2.15.0/mockito-core-2.15.0.jar:/home/user/.m2/repository/net/bytebuddy/byte-buddy/1.7.9/byte-buddy-1.7.9.jar:/home/user/.m2/repository/net/bytebuddy/byte-buddy-agent/1.7.9/byte-buddy-agent-1.7.9.jar:/home/user/.m2/repository/org/objenesis/objenesis/1.0/objenesis-1.0.jar:"/>
    <property name="sun.cpu.endian" value="little"/>
    <property name="user.home" value="/home/user"/>
    <property name="user.language" value="en"/>
    <property name="java.specification.vendor" value="Oracle Corporation"/>
    <property name="java.home" value="/usr/lib/jvm/java-1.8.0-openjdk-1.8.0.222.b10-1.el7_7.x86_64/jre"/>
    <property name="surefire.excludesFile" value="/tools/ozone-bad-unit-tests"/>
    <property name="java.security.krb5.conf" value="/workdir/hadoop-ozone/tools/target/test-classes/krb5.conf"/>
    <property name="basedir" value="/workdir/hadoop-ozone/tools"/>
    <property name="file.separator" value="/"/>
    <property name="line.separator" value="&#10;"/>
    <property name="java.vm.specification.vendor" value="Oracle Corporation"/>
    <property name="java.specification.name" value="Java Platform API Specification"/>
    <property name="java.awt.graphicsenv" value="sun.awt.X11GraphicsEnvironment"/>
    <property name="surefire.real.class.path" value="/workdir/hadoop-ozone/tools/target/surefire/surefirebooter7528540957690611874.jar"/>
    <property name="hadoop.log.dir" value="/workdir/hadoop-ozone/tools/target/log"/>
    <property name="sun.boot.class.path" value="/usr/lib/jvm/java-1.8.0-openjdk-1.8.0.222.b10-1.el7_7.x86_64/jre/lib/resources.jar:/usr/lib/jvm/java-1.8.0-openjdk-1.8.0.222.b10-1.el7_7.x86_64/jre/lib/rt.jar:/usr/lib/jvm/java-1.8.0-openjdk-1.8.0.222.b10-1.el7_7.x86_64/jre/lib/sunrsasign.jar:/usr/lib/jvm/java-1.8.0-openjdk-1.8.0.222.b10-1.el7_7.x86_64/jre/lib/jsse.jar:/usr/lib/jvm/java-1.8.0-openjdk-1.8.0.222.b10-1.el7_7.x86_64/jre/lib/jce.jar:/usr/lib/jvm/java-1.8.0-openjdk-1.8.0.222.b10-1.el7_7.x86_64/jre/lib/charsets.jar:/usr/lib/jvm/java-1.8.0-openjdk-1.8.0.222.b10-1.el7_7.x86_64/jre/lib/jfr.jar:/usr/lib/jvm/java-1.8.0-openjdk-1.8.0.222.b10-1.el7_7.x86_64/jre/classes"/>
    <property name="sun.management.compiler" value="HotSpot 64-Bit Tiered Compilers"/>
    <property name="java.runtime.version" value="1.8.0_222-b10"/>
    <property name="java.net.preferIPv4Stack" value="true"/>
    <property name="user.name" value="jenkins1000"/>
    <property name="path.separator" value=":"/>
    <property name="java.security.egd" value="file:///dev/urandom"/>
    <property name="os.version" value="3.10.0-957.12.2.el7.x86_64"/>
    <property name="java.endorsed.dirs" value="/usr/lib/jvm/java-1.8.0-openjdk-1.8.0.222.b10-1.el7_7.x86_64/jre/lib/endorsed"/>
    <property name="java.runtime.name" value="OpenJDK Runtime Environment"/>
    <property name="file.encoding" value="ANSI_X3.4-1968"/>
    <property name="java.vm.name" value="OpenJDK 64-Bit Server VM"/>
    <property name="test.build.webapps" value=""/>
    <property name="localRepository" value="/home/user/.m2/repository"/>
    <property name="java.vendor.url.bug" value="http://bugreport.sun.com/bugreport/"/>
    <property name="java.io.tmpdir" value="/tmp"/>
    <property name="require.test.libhadoop" value=""/>
    <property name="java.version" value="1.8.0_222"/>
    <property name="user.dir" value="/workdir/hadoop-ozone/tools"/>
    <property name="os.arch" value="amd64"/>
    <property name="java.vm.specification.name" value="Java Virtual Machine Specification"/>
    <property name="test.build.classes" value="/workdir/hadoop-ozone/tools/target/test-classes"/>
    <property name="java.awt.printerjob" value="sun.print.PSPrinterJob"/>
    <property name="sun.os.patch.level" value="unknown"/>
    <property name="hadoop.tmp.dir" value="/workdir/hadoop-ozone/tools/target/tmp"/>
    <property name="java.library.path" value="/usr/lib:/workdir/hadoop-ozone/tools/target/native/target/usr/local/lib:/workdir/hadoop-ozone/tools/../../hadoop-common-project/hadoop-common/target/native/target/usr/local/lib:/usr/java/packages/lib/amd64:/usr/lib64:/lib64:/lib:/usr/lib"/>
    <property name="java.vm.info" value="mixed mode"/>
    <property name="java.vendor" value="Oracle Corporation"/>
    <property name="java.vm.version" value="25.222-b10"/>
    <property name="java.ext.dirs" value="/usr/lib/jvm/java-1.8.0-openjdk-1.8.0.222.b10-1.el7_7.x86_64/jre/lib/ext:/usr/java/packages/lib/ext"/>
    <property name="sun.io.unicode.encoding" value="UnicodeLittle"/>
    <property name="java.class.version" value="52.0"/>
  </properties>
  <testcase name="testRestart" classname="org.apache.hadoop.ozone.freon.TestFreonWithPipelineDestroy" time="18.988">
    <error message="INTERNAL_ERROR org.apache.hadoop.ozone.om.exceptions.OMException: Allocated 0 blocks. Requested 5 blocks" type="java.lang.RuntimeException">java.lang.RuntimeException: INTERNAL_ERROR org.apache.hadoop.ozone.om.exceptions.OMException: Allocated 0 blocks. Requested 5 blocks
	at org.apache.hadoop.ozone.freon.RandomKeyGenerator.call(RandomKeyGenerator.java:341)
	at org.apache.hadoop.ozone.freon.TestFreonWithPipelineDestroy.startFreon(TestFreonWithPipelineDestroy.java:87)
	at org.apache.hadoop.ozone.freon.TestFreonWithPipelineDestroy.testRestart(TestFreonWithPipelineDestroy.java:74)
	at sun.reflect.NativeMethodAccessorImpl.invoke0(Native Method)
	at sun.reflect.NativeMethodAccessorImpl.invoke(NativeMethodAccessorImpl.java:62)
	at sun.reflect.DelegatingMethodAccessorImpl.invoke(DelegatingMethodAccessorImpl.java:43)
	at java.lang.reflect.Method.invoke(Method.java:498)
	at org.junit.runners.model.FrameworkMethod$1.runReflectiveCall(FrameworkMethod.java:47)
	at org.junit.internal.runners.model.ReflectiveCallable.run(ReflectiveCallable.java:12)
	at org.junit.runners.model.FrameworkMethod.invokeExplosively(FrameworkMethod.java:44)
	at org.junit.internal.runners.statements.InvokeMethod.evaluate(InvokeMethod.java:17)
	at org.junit.runners.ParentRunner.runLeaf(ParentRunner.java:271)
	at org.junit.runners.BlockJUnit4ClassRunner.runChild(BlockJUnit4ClassRunner.java:70)
	at org.junit.runners.BlockJUnit4ClassRunner.runChild(BlockJUnit4ClassRunner.java:50)
	at org.junit.runners.ParentRunner$3.run(ParentRunner.java:238)
	at org.junit.runners.ParentRunner$1.schedule(ParentRunner.java:63)
	at org.junit.runners.ParentRunner.runChildren(ParentRunner.java:236)
	at org.junit.runners.ParentRunner.access$000(ParentRunner.java:53)
	at org.junit.runners.ParentRunner$2.evaluate(ParentRunner.java:229)
	at org.junit.internal.runners.statements.RunBefores.evaluate(RunBefores.java:26)
	at org.junit.internal.runners.statements.RunAfters.evaluate(RunAfters.java:27)
	at org.junit.runners.ParentRunner.run(ParentRunner.java:309)
	at org.apache.maven.surefire.junit4.JUnit4Provider.execute(JUnit4Provider.java:365)
	at org.apache.maven.surefire.junit4.JUnit4Provider.executeWithRerun(JUnit4Provider.java:273)
	at org.apache.maven.surefire.junit4.JUnit4Provider.executeTestSet(JUnit4Provider.java:238)
	at org.apache.maven.surefire.junit4.JUnit4Provider.invoke(JUnit4Provider.java:159)
	at org.apache.maven.surefire.booter.ForkedBooter.invokeProviderInSameClassLoader(ForkedBooter.java:384)
	at org.apache.maven.surefire.booter.ForkedBooter.runSuitesInProcess(ForkedBooter.java:345)
	at org.apache.maven.surefire.booter.ForkedBooter.execute(ForkedBooter.java:126)
	at org.apache.maven.surefire.booter.ForkedBooter.main(ForkedBooter.java:418)
Caused by: INTERNAL_ERROR org.apache.hadoop.ozone.om.exceptions.OMException: Allocated 0 blocks. Requested 5 blocks
	at org.apache.hadoop.ozone.om.protocolPB.OzoneManagerProtocolClientSideTranslatorPB.handleError(OzoneManagerProtocolClientSideTranslatorPB.java:761)
	at org.apache.hadoop.ozone.om.protocolPB.OzoneManagerProtocolClientSideTranslatorPB.openKey(OzoneManagerProtocolClientSideTranslatorPB.java:752)
	at sun.reflect.NativeMethodAccessorImpl.invoke0(Native Method)
	at sun.reflect.NativeMethodAccessorImpl.invoke(NativeMethodAccessorImpl.java:62)
	at sun.reflect.DelegatingMethodAccessorImpl.invoke(DelegatingMethodAccessorImpl.java:43)
	at java.lang.reflect.Method.invoke(Method.java:498)
	at org.apache.hadoop.hdds.tracing.TraceAllMethod.invoke(TraceAllMethod.java:66)
	at com.sun.proxy.$Proxy37.openKey(Unknown Source)
	at org.apache.hadoop.ozone.client.rpc.RpcClient.createKey(RpcClient.java:633)
	at org.apache.hadoop.ozone.client.OzoneBucket.createKey(OzoneBucket.java:325)
	at org.apache.hadoop.ozone.freon.RandomKeyGenerator.createKey(RandomKeyGenerator.java:697)
	at org.apache.hadoop.ozone.freon.RandomKeyGenerator.access$1100(RandomKeyGenerator.java:88)
	at org.apache.hadoop.ozone.freon.RandomKeyGenerator$ObjectCreator.run(RandomKeyGenerator.java:615)
	at java.util.concurrent.Executors$RunnableAdapter.call(Executors.java:511)
	at java.util.concurrent.FutureTask.run(FutureTask.java:266)
	at java.util.concurrent.ThreadPoolExecutor.runWorker(ThreadPoolExecutor.java:1149)
	at java.util.concurrent.ThreadPoolExecutor$Worker.run(ThreadPoolExecutor.java:624)
	at java.lang.Thread.run(Thread.java:748)
</error>
    <system-out><![CDATA[2019-11-18 08:31:56,741 [main] WARN  server.ServerUtils (ServerUtils.java:getScmDbDir(145)) - ozone.scm.db.dirs is not configured. We recommend adding this setting. Falling back to ozone.metadata.dirs instead.
2019-11-18 08:31:56,840 [main] WARN  server.ServerUtils (ServerUtils.java:getScmDbDir(145)) - ozone.scm.db.dirs is not configured. We recommend adding this setting. Falling back to ozone.metadata.dirs instead.
2019-11-18 08:31:56,843 [main] WARN  server.ServerUtils (ServerUtils.java:getScmDbDir(145)) - ozone.scm.db.dirs is not configured. We recommend adding this setting. Falling back to ozone.metadata.dirs instead.
2019-11-18 08:31:56,864 [main] INFO  util.log (Log.java:initialized(192)) - Logging initialized @817ms
2019-11-18 08:31:56,941 [main] INFO  db.DBStoreBuilder (DBStoreBuilder.java:addTable(127)) - using custom profile for table: deletedBlocks
2019-11-18 08:31:56,942 [main] INFO  db.DBStoreBuilder (DBStoreBuilder.java:processTables(183)) - Using default column profile:DBProfile.DISK for Table:deletedBlocks
2019-11-18 08:31:56,942 [main] INFO  db.DBStoreBuilder (DBStoreBuilder.java:addTable(127)) - using custom profile for table: validCerts
2019-11-18 08:31:56,942 [main] INFO  db.DBStoreBuilder (DBStoreBuilder.java:processTables(183)) - Using default column profile:DBProfile.DISK for Table:validCerts
2019-11-18 08:31:56,942 [main] INFO  db.DBStoreBuilder (DBStoreBuilder.java:addTable(127)) - using custom profile for table: revokedCerts
2019-11-18 08:31:56,943 [main] INFO  db.DBStoreBuilder (DBStoreBuilder.java:processTables(183)) - Using default column profile:DBProfile.DISK for Table:revokedCerts
2019-11-18 08:31:56,951 [main] INFO  db.DBStoreBuilder (DBStoreBuilder.java:addTable(127)) - using custom profile for table: default
2019-11-18 08:31:56,951 [main] INFO  db.DBStoreBuilder (DBStoreBuilder.java:processTables(189)) - Using default column profile:DBProfile.DISK for Table:default
2019-11-18 08:31:56,952 [main] INFO  db.DBStoreBuilder (DBStoreBuilder.java:getDbProfile(220)) - Using default options. DBProfile.DISK
2019-11-18 08:31:57,289 [main] INFO  net.NodeSchemaLoader (NodeSchemaLoader.java:loadSchemaFromFile(125)) - Loading file from sun.misc.CompoundEnumeration@5e0e82ae
2019-11-18 08:31:57,291 [main] INFO  net.NodeSchemaLoader (NodeSchemaLoader.java:loadSchema(171)) - Loading network topology layer schema file
2019-11-18 08:31:57,356 [main] INFO  node.SCMNodeManager (SCMNodeManager.java:<init>(116)) - Entering startup safe mode.
2019-11-18 08:31:57,422 [main] INFO  algorithms.ContainerPlacementPolicyFactory (ContainerPlacementPolicyFactory.java:getPolicy(57)) - Create container placement policy of type org.apache.hadoop.hdds.scm.container.placement.algorithms.SCMContainerPlacementRandom
2019-11-18 08:31:57,436 [main] WARN  server.ServerUtils (ServerUtils.java:getScmDbDir(145)) - ozone.scm.db.dirs is not configured. We recommend adding this setting. Falling back to ozone.metadata.dirs instead.
2019-11-18 08:31:57,546 [main] INFO  pipeline.SCMPipelineManager (SCMPipelineManager.java:initializePipelineState(136)) - No pipeline exists in current db
2019-11-18 08:31:57,550 [main] WARN  server.ServerUtils (ServerUtils.java:getScmDbDir(145)) - ozone.scm.db.dirs is not configured. We recommend adding this setting. Falling back to ozone.metadata.dirs instead.
2019-11-18 08:31:57,708 [main] INFO  safemode.HealthyPipelineSafeModeRule (HealthyPipelineSafeModeRule.java:<init>(92)) -  Total pipeline count is 0, healthy pipeline threshold count is 1
2019-11-18 08:31:57,711 [main] INFO  safemode.OneReplicaPipelineSafeModeRule (OneReplicaPipelineSafeModeRule.java:<init>(79)) - Total pipeline count is 0, pipeline's with at least one datanode reported threshold count is 0
2019-11-18 08:31:57,712 [main] WARN  events.EventQueue (EventQueue.java:fireEvent(183)) - No event handler registered for event TypedEvent{payloadType=SafeModeStatus, name='SafeModeStatus'}
2019-11-18 08:31:58,077 [main] INFO  ipc.CallQueueManager (CallQueueManager.java:<init>(84)) - Using callQueue: class java.util.concurrent.LinkedBlockingQueue, queueCapacity: 2000, scheduler: class org.apache.hadoop.ipc.DefaultRpcScheduler, ipcBackoff: false.
2019-11-18 08:31:58,227 [Socket Reader #1 for port 46451] INFO  ipc.Server (Server.java:run(1074)) - Starting Socket Reader #1 for port 46451
2019-11-18 08:31:58,269 [main] INFO  ipc.CallQueueManager (CallQueueManager.java:<init>(84)) - Using callQueue: class java.util.concurrent.LinkedBlockingQueue, queueCapacity: 2000, scheduler: class org.apache.hadoop.ipc.DefaultRpcScheduler, ipcBackoff: false.
2019-11-18 08:31:58,270 [Socket Reader #1 for port 46036] INFO  ipc.Server (Server.java:run(1074)) - Starting Socket Reader #1 for port 46036
2019-11-18 08:31:58,281 [main] INFO  ipc.CallQueueManager (CallQueueManager.java:<init>(84)) - Using callQueue: class java.util.concurrent.LinkedBlockingQueue, queueCapacity: 2000, scheduler: class org.apache.hadoop.ipc.DefaultRpcScheduler, ipcBackoff: false.
2019-11-18 08:31:58,282 [Socket Reader #1 for port 46492] INFO  ipc.Server (Server.java:run(1074)) - Starting Socket Reader #1 for port 46492
2019-11-18 08:31:58,312 [main] INFO  hdfs.DFSUtil (DFSUtil.java:httpServerTemplateForNNAndJN(1641)) - Starting Web-server for scm at: http://0.0.0.0:0
2019-11-18 08:31:58,454 [main] INFO  server.AuthenticationFilter (AuthenticationFilter.java:constructSecretProvider(240)) - Unable to initialize FileSignerSecretProvider, falling back to use random secrets.
2019-11-18 08:31:58,468 [main] WARN  http.HttpRequestLog (HttpRequestLog.java:getRequestLog(97)) - Jetty request log can only be enabled using Log4j
2019-11-18 08:31:58,477 [main] INFO  http.HttpServer2 (HttpServer2.java:addGlobalFilter(975)) - Added global filter 'safety' (class=org.apache.hadoop.http.HttpServer2$QuotingInputFilter)
2019-11-18 08:31:58,479 [main] INFO  http.HttpServer2 (HttpServer2.java:addFilter(948)) - Added filter static_user_filter (class=org.apache.hadoop.http.lib.StaticUserWebFilter$StaticUserFilter) to context scm
2019-11-18 08:31:58,480 [main] INFO  http.HttpServer2 (HttpServer2.java:addFilter(958)) - Added filter static_user_filter (class=org.apache.hadoop.http.lib.StaticUserWebFilter$StaticUserFilter) to context static
2019-11-18 08:31:58,480 [main] INFO  http.HttpServer2 (HttpServer2.java:addFilter(958)) - Added filter static_user_filter (class=org.apache.hadoop.http.lib.StaticUserWebFilter$StaticUserFilter) to context logs
2019-11-18 08:31:58,506 [main] INFO  server.StorageContainerManager (StorageContainerManager.java:start(765)) - StorageContainerLocationProtocol RPC server is listening at /0.0.0.0:46492
2019-11-18 08:31:58,554 [main] WARN  impl.MetricsConfig (MetricsConfig.java:loadFirst(134)) - Cannot locate configuration: tried hadoop-metrics2-storagecontainermanager.properties,hadoop-metrics2.properties
2019-11-18 08:31:58,567 [main] INFO  impl.MetricsSystemImpl (MetricsSystemImpl.java:startTimer(374)) - Scheduled Metric snapshot period at 10 second(s).
2019-11-18 08:31:58,567 [main] INFO  impl.MetricsSystemImpl (MetricsSystemImpl.java:start(191)) - StorageContainerManager metrics system started
2019-11-18 08:31:58,782 [main] INFO  server.SCMClientProtocolServer (SCMClientProtocolServer.java:start(160)) - RPC server for Client  is listening at /0.0.0.0:46492
2019-11-18 08:31:58,783 [IPC Server Responder] INFO  ipc.Server (Server.java:run(1314)) - IPC Server Responder: starting
2019-11-18 08:31:58,783 [IPC Server listener on 46492] INFO  ipc.Server (Server.java:run(1153)) - IPC Server listener on 46492: starting
2019-11-18 08:31:58,786 [main] INFO  server.StorageContainerManager (StorageContainerManager.java:start(775)) - ScmBlockLocationProtocol RPC server is listening at /0.0.0.0:46036
2019-11-18 08:31:58,787 [main] INFO  server.SCMBlockProtocolServer (SCMBlockProtocolServer.java:start(146)) - RPC server for Block Protocol is listening at /0.0.0.0:46036
2019-11-18 08:31:58,788 [IPC Server Responder] INFO  ipc.Server (Server.java:run(1314)) - IPC Server Responder: starting
2019-11-18 08:31:58,788 [IPC Server listener on 46036] INFO  ipc.Server (Server.java:run(1153)) - IPC Server listener on 46036: starting
2019-11-18 08:31:58,790 [main] INFO  server.StorageContainerManager (StorageContainerManager.java:start(779)) - ScmDatanodeProtocl RPC server is listening at /0.0.0.0:46451
2019-11-18 08:31:58,791 [main] INFO  server.SCMDatanodeProtocolServer (SCMDatanodeProtocolServer.java:start(177)) - RPC server for DataNodes is listening at /0.0.0.0:46451
2019-11-18 08:31:58,792 [IPC Server Responder] INFO  ipc.Server (Server.java:run(1314)) - IPC Server Responder: starting
2019-11-18 08:31:58,792 [IPC Server listener on 46451] INFO  ipc.Server (Server.java:run(1153)) - IPC Server listener on 46451: starting
2019-11-18 08:31:58,797 [main] INFO  http.HttpServer2 (HttpServer2.java:bindListener(1191)) - Jetty bound to port 33491
2019-11-18 08:31:58,800 [main] INFO  server.Server (Server.java:doStart(351)) - jetty-9.3.25.v20180904, build timestamp: 2018-09-04T21:11:46Z, git hash: 3ce520221d0240229c862b122d2b06c12a625732
2019-11-18 08:31:58,854 [main] INFO  handler.ContextHandler (ContextHandler.java:doStart(781)) - Started o.e.j.s.ServletContextHandler@4bff64c2{/logs,file:///workdir/hadoop-ozone/tools/target/log,AVAILABLE}
2019-11-18 08:31:58,855 [main] INFO  handler.ContextHandler (ContextHandler.java:doStart(781)) - Started o.e.j.s.ServletContextHandler@3cc41abc{/static,jar:file:/home/user/.m2/repository/org/apache/hadoop/hadoop-hdds-server-scm/0.5.0-SNAPSHOT/hadoop-hdds-server-scm-0.5.0-SNAPSHOT.jar!/webapps/static,AVAILABLE}
2019-11-18 08:31:58,942 [main] INFO  handler.ContextHandler (ContextHandler.java:doStart(781)) - Started o.e.j.w.WebAppContext@5922ae77{/,file:///tmp/jetty-0.0.0.0-33491-scm-_-any-1808476400072954148.dir/webapp/,AVAILABLE}{/scm}
2019-11-18 08:31:58,947 [main] INFO  server.AbstractConnector (AbstractConnector.java:doStart(278)) - Started ServerConnector@21362712{HTTP/1.1,[http/1.1]}{0.0.0.0:33491}
2019-11-18 08:31:58,948 [main] INFO  server.Server (Server.java:doStart(419)) - Started @2901ms
2019-11-18 08:31:58,950 [main] INFO  impl.MetricsSinkAdapter (MetricsSinkAdapter.java:start(204)) - Sink prometheus started
2019-11-18 08:31:58,950 [main] INFO  impl.MetricsSystemImpl (MetricsSystemImpl.java:registerSink(301)) - Registered sink prometheus
2019-11-18 08:31:58,952 [main] INFO  server.BaseHttpServer (BaseHttpServer.java:updateConnectorAddress(215)) - HTTP server of SCM is listening at http://0.0.0.0:33491
2019-11-18 08:31:58,961 [org.apache.hadoop.util.JvmPauseMonitor$Monitor@56b78e55] INFO  util.JvmPauseMonitor (JvmPauseMonitor.java:run(188)) - Starting JVM pause monitor
2019-11-18 08:31:58,966 [main] WARN  server.ServerUtils (ServerUtils.java:getDBPath(222)) - ozone.om.db.dirs is not configured. We recommend adding this setting. Falling back to ozone.metadata.dirs instead.
2019-11-18 08:31:59,096 [main] INFO  ha.OMHANodeDetails (OMHANodeDetails.java:loadOMHAConfig(190)) - Configuration either no ozone.om.address set. Falling back to the default OM address /127.0.0.1:0
2019-11-18 08:31:59,096 [main] INFO  ha.OMHANodeDetails (OMHANodeDetails.java:getOMNodeDetails(220)) - OM Service ID is not set. Setting it to the default ID: omServiceIdDefault
2019-11-18 08:31:59,098 [main] WARN  server.ServerUtils (ServerUtils.java:getDBPath(222)) - ozone.om.db.dirs is not configured. We recommend adding this setting. Falling back to ozone.metadata.dirs instead.
2019-11-18 08:31:59,099 [main] WARN  server.ServerUtils (ServerUtils.java:getDBPath(222)) - ozone.om.db.dirs is not configured. We recommend adding this setting. Falling back to ozone.metadata.dirs instead.
2019-11-18 08:31:59,725 [main] WARN  server.ServerUtils (ServerUtils.java:getDBPath(222)) - ozone.om.db.dirs is not configured. We recommend adding this setting. Falling back to ozone.metadata.dirs instead.
2019-11-18 08:31:59,733 [main] INFO  db.DBStoreBuilder (DBStoreBuilder.java:addTable(127)) - using custom profile for table: userTable
2019-11-18 08:31:59,733 [main] INFO  db.DBStoreBuilder (DBStoreBuilder.java:processTables(183)) - Using default column profile:DBProfile.DISK for Table:userTable
2019-11-18 08:31:59,734 [main] INFO  db.DBStoreBuilder (DBStoreBuilder.java:addTable(127)) - using custom profile for table: volumeTable
2019-11-18 08:31:59,734 [main] INFO  db.DBStoreBuilder (DBStoreBuilder.java:processTables(183)) - Using default column profile:DBProfile.DISK for Table:volumeTable
2019-11-18 08:31:59,734 [main] INFO  db.DBStoreBuilder (DBStoreBuilder.java:addTable(127)) - using custom profile for table: bucketTable
2019-11-18 08:31:59,734 [main] INFO  db.DBStoreBuilder (DBStoreBuilder.java:processTables(183)) - Using default column profile:DBProfile.DISK for Table:bucketTable
2019-11-18 08:31:59,735 [main] INFO  db.DBStoreBuilder (DBStoreBuilder.java:addTable(127)) - using custom profile for table: keyTable
2019-11-18 08:31:59,735 [main] INFO  db.DBStoreBuilder (DBStoreBuilder.java:processTables(183)) - Using default column profile:DBProfile.DISK for Table:keyTable
2019-11-18 08:31:59,735 [main] INFO  db.DBStoreBuilder (DBStoreBuilder.java:addTable(127)) - using custom profile for table: deletedTable
2019-11-18 08:31:59,735 [main] INFO  db.DBStoreBuilder (DBStoreBuilder.java:processTables(183)) - Using default column profile:DBProfile.DISK for Table:deletedTable
2019-11-18 08:31:59,736 [main] INFO  db.DBStoreBuilder (DBStoreBuilder.java:addTable(127)) - using custom profile for table: openKeyTable
2019-11-18 08:31:59,736 [main] INFO  db.DBStoreBuilder (DBStoreBuilder.java:processTables(183)) - Using default column profile:DBProfile.DISK for Table:openKeyTable
2019-11-18 08:31:59,736 [main] INFO  db.DBStoreBuilder (DBStoreBuilder.java:addTable(127)) - using custom profile for table: s3Table
2019-11-18 08:31:59,736 [main] INFO  db.DBStoreBuilder (DBStoreBuilder.java:processTables(183)) - Using default column profile:DBProfile.DISK for Table:s3Table
2019-11-18 08:31:59,737 [main] INFO  db.DBStoreBuilder (DBStoreBuilder.java:addTable(127)) - using custom profile for table: multipartInfoTable
2019-11-18 08:31:59,737 [main] INFO  db.DBStoreBuilder (DBStoreBuilder.java:processTables(183)) - Using default column profile:DBProfile.DISK for Table:multipartInfoTable
2019-11-18 08:31:59,737 [main] INFO  db.DBStoreBuilder (DBStoreBuilder.java:addTable(127)) - using custom profile for table: dTokenTable
2019-11-18 08:31:59,737 [main] INFO  db.DBStoreBuilder (DBStoreBuilder.java:processTables(183)) - Using default column profile:DBProfile.DISK for Table:dTokenTable
2019-11-18 08:31:59,738 [main] INFO  db.DBStoreBuilder (DBStoreBuilder.java:addTable(127)) - using custom profile for table: s3SecretTable
2019-11-18 08:31:59,738 [main] INFO  db.DBStoreBuilder (DBStoreBuilder.java:processTables(183)) - Using default column profile:DBProfile.DISK for Table:s3SecretTable
2019-11-18 08:31:59,738 [main] INFO  db.DBStoreBuilder (DBStoreBuilder.java:addTable(127)) - using custom profile for table: prefixTable
2019-11-18 08:31:59,738 [main] INFO  db.DBStoreBuilder (DBStoreBuilder.java:processTables(183)) - Using default column profile:DBProfile.DISK for Table:prefixTable
2019-11-18 08:31:59,739 [main] INFO  db.DBStoreBuilder (DBStoreBuilder.java:addTable(127)) - using custom profile for table: default
2019-11-18 08:31:59,739 [main] INFO  db.DBStoreBuilder (DBStoreBuilder.java:processTables(189)) - Using default column profile:DBProfile.DISK for Table:default
2019-11-18 08:31:59,739 [main] INFO  db.DBStoreBuilder (DBStoreBuilder.java:getDbProfile(220)) - Using default options. DBProfile.DISK
2019-11-18 08:32:00,409 [main] INFO  ipc.CallQueueManager (CallQueueManager.java:<init>(84)) - Using callQueue: class java.util.concurrent.LinkedBlockingQueue, queueCapacity: 2000, scheduler: class org.apache.hadoop.ipc.DefaultRpcScheduler, ipcBackoff: false.
2019-11-18 08:32:00,410 [Socket Reader #1 for port 44618] INFO  ipc.Server (Server.java:run(1074)) - Starting Socket Reader #1 for port 44618
2019-11-18 08:32:00,440 [main] INFO  om.OzoneManager (OzoneManager.java:start(1077)) - OzoneManager RPC server is listening at localhost/127.0.0.1:44618
2019-11-18 08:32:00,440 [main] INFO  impl.MetricsSystemImpl (MetricsSystemImpl.java:init(158)) - OzoneManager metrics system started (again)
2019-11-18 08:32:00,448 [IPC Server Responder] INFO  ipc.Server (Server.java:run(1314)) - IPC Server Responder: starting
2019-11-18 08:32:00,448 [IPC Server listener on 44618] INFO  ipc.Server (Server.java:run(1153)) - IPC Server listener on 44618: starting
2019-11-18 08:32:00,455 [main] INFO  hdfs.DFSUtil (DFSUtil.java:httpServerTemplateForNNAndJN(1641)) - Starting Web-server for ozoneManager at: http://0.0.0.0:0
2019-11-18 08:32:00,457 [main] INFO  server.AuthenticationFilter (AuthenticationFilter.java:constructSecretProvider(240)) - Unable to initialize FileSignerSecretProvider, falling back to use random secrets.
2019-11-18 08:32:00,457 [main] WARN  http.HttpRequestLog (HttpRequestLog.java:getRequestLog(97)) - Jetty request log can only be enabled using Log4j
2019-11-18 08:32:00,459 [main] INFO  http.HttpServer2 (HttpServer2.java:addGlobalFilter(975)) - Added global filter 'safety' (class=org.apache.hadoop.http.HttpServer2$QuotingInputFilter)
2019-11-18 08:32:00,460 [main] INFO  http.HttpServer2 (HttpServer2.java:addFilter(948)) - Added filter static_user_filter (class=org.apache.hadoop.http.lib.StaticUserWebFilter$StaticUserFilter) to context ozoneManager
2019-11-18 08:32:00,460 [main] INFO  http.HttpServer2 (HttpServer2.java:addFilter(958)) - Added filter static_user_filter (class=org.apache.hadoop.http.lib.StaticUserWebFilter$StaticUserFilter) to context static
2019-11-18 08:32:00,460 [main] INFO  http.HttpServer2 (HttpServer2.java:addFilter(958)) - Added filter static_user_filter (class=org.apache.hadoop.http.lib.StaticUserWebFilter$StaticUserFilter) to context logs
2019-11-18 08:32:00,462 [main] INFO  http.HttpServer2 (HttpServer2.java:bindListener(1191)) - Jetty bound to port 44946
2019-11-18 08:32:00,463 [main] INFO  server.Server (Server.java:doStart(351)) - jetty-9.3.25.v20180904, build timestamp: 2018-09-04T21:11:46Z, git hash: 3ce520221d0240229c862b122d2b06c12a625732
2019-11-18 08:32:00,465 [main] INFO  handler.ContextHandler (ContextHandler.java:doStart(781)) - Started o.e.j.s.ServletContextHandler@51751e5f{/logs,file:///workdir/hadoop-ozone/tools/target/log,AVAILABLE}
2019-11-18 08:32:00,465 [main] INFO  handler.ContextHandler (ContextHandler.java:doStart(781)) - Started o.e.j.s.ServletContextHandler@7068f7ca{/static,jar:file:/home/user/.m2/repository/org/apache/hadoop/hadoop-ozone-ozone-manager/0.5.0-SNAPSHOT/hadoop-ozone-ozone-manager-0.5.0-SNAPSHOT.jar!/webapps/static,AVAILABLE}
2019-11-18 08:32:00,516 [main] INFO  handler.ContextHandler (ContextHandler.java:doStart(781)) - Started o.e.j.w.WebAppContext@44f3fe83{/,file:///tmp/jetty-0.0.0.0-44946-ozoneManager-_-any-541155728497999813.dir/webapp/,AVAILABLE}{/ozoneManager}
2019-11-18 08:32:00,517 [main] INFO  server.AbstractConnector (AbstractConnector.java:doStart(278)) - Started ServerConnector@44c5a16f{HTTP/1.1,[http/1.1]}{0.0.0.0:44946}
2019-11-18 08:32:00,518 [main] INFO  server.Server (Server.java:doStart(419)) - Started @4471ms
2019-11-18 08:32:00,518 [main] WARN  impl.MetricsSystemImpl (MetricsSystemImpl.java:register(276)) - Sink prometheus already exists!
2019-11-18 08:32:00,520 [main] INFO  server.BaseHttpServer (BaseHttpServer.java:updateConnectorAddress(215)) - HTTP server of OZONEMANAGER is listening at http://0.0.0.0:44946
2019-11-18 08:32:00,804 [main] INFO  impl.MetricsSystemImpl (MetricsSystemImpl.java:init(158)) - HddsDatanode metrics system started (again)
2019-11-18 08:32:00,850 [main] INFO  ozone.HddsDatanodeService (HddsDatanodeService.java:start(186)) - HddsDatanodeService host:pr-hdds-2524-lxhdt-1925616124 ip:192.168.157.197
2019-11-18 08:32:00,884 [main] INFO  volume.HddsVolume (HddsVolume.java:<init>(176)) - Creating Volume: /workdir/hadoop-ozone/tools/target/test-dir/MiniOzoneClusterImpl-642e5cf4-cfc0-4d71-a493-596cc6c4d5f5/datanode-0/data/containers/hdds of  storage type : DISK and capacity : 1482555576320
2019-11-18 08:32:00,885 [main] INFO  volume.VolumeSet (VolumeSet.java:initializeVolumeSet(170)) - Added Volume : /workdir/hadoop-ozone/tools/target/test-dir/MiniOzoneClusterImpl-642e5cf4-cfc0-4d71-a493-596cc6c4d5f5/datanode-0/data/containers/hdds to VolumeSet
2019-11-18 08:32:00,888 [main] INFO  volume.ThrottledAsyncChecker (ThrottledAsyncChecker.java:schedule(141)) - Scheduling a check for /workdir/hadoop-ozone/tools/target/test-dir/MiniOzoneClusterImpl-642e5cf4-cfc0-4d71-a493-596cc6c4d5f5/datanode-0/data/containers/hdds
2019-11-18 08:32:00,904 [main] INFO  volume.HddsVolumeChecker (HddsVolumeChecker.java:checkAllVolumes(204)) - Scheduled health check for volume /workdir/hadoop-ozone/tools/target/test-dir/MiniOzoneClusterImpl-642e5cf4-cfc0-4d71-a493-596cc6c4d5f5/datanode-0/data/containers/hdds
2019-11-18 08:32:01,006 [main] INFO  impl.RaftServerProxy (ConfUtils.java:logGet(43)) - raft.rpc.type = GRPC (default)
2019-11-18 08:32:01,088 [main] INFO  grpc.GrpcFactory (GrpcFactory.java:checkPooledByteBufAllocatorUseCacheForAllThreads(45)) - PERFORMANCE WARNING: useCacheForAllThreads is true that may cause Netty to create a lot garbage objects and, as a result, trigger GC.
	It is recommended to disable useCacheForAllThreads by setting -Dorg.apache.ratis.thirdparty.io.netty.allocator.useCacheForAllThreads=false in command line.
2019-11-18 08:32:01,096 [main] INFO  grpc.GrpcConfigKeys$Server (ConfUtils.java:logGet(43)) - raft.grpc.server.port = 0 (default)
2019-11-18 08:32:01,098 [main] INFO  server.GrpcService (ConfUtils.java:logGet(43)) - raft.grpc.message.size.max = 33570816 (custom)
2019-11-18 08:32:01,100 [main] INFO  server.RaftServerConfigKeys (ConfUtils.java:logGet(43)) - raft.server.log.appender.buffer.byte-limit = 33554432 (custom)
2019-11-18 08:32:01,101 [main] INFO  server.GrpcService (ConfUtils.java:logGet(43)) - raft.grpc.flow.control.window = 1MB (=1048576) (default)
2019-11-18 08:32:01,102 [main] INFO  server.RaftServerConfigKeys (ConfUtils.java:logGet(43)) - raft.server.rpc.request.timeout = 3000ms (default)
2019-11-18 08:32:01,282 [main] INFO  server.RaftServerConfigKeys (ConfUtils.java:logGet(43)) - raft.server.storage.dir = [/workdir/hadoop-ozone/tools/target/test-dir/MiniOzoneClusterImpl-642e5cf4-cfc0-4d71-a493-596cc6c4d5f5/datanode-0/data/ratis] (custom)
2019-11-18 08:32:01,334 [main] INFO  hdfs.DFSUtil (DFSUtil.java:httpServerTemplateForNNAndJN(1641)) - Starting Web-server for hddsDatanode at: http://0.0.0.0:0
2019-11-18 08:32:01,337 [main] INFO  server.AuthenticationFilter (AuthenticationFilter.java:constructSecretProvider(240)) - Unable to initialize FileSignerSecretProvider, falling back to use random secrets.
2019-11-18 08:32:01,338 [main] WARN  http.HttpRequestLog (HttpRequestLog.java:getRequestLog(97)) - Jetty request log can only be enabled using Log4j
2019-11-18 08:32:01,341 [main] INFO  http.HttpServer2 (HttpServer2.java:addGlobalFilter(975)) - Added global filter 'safety' (class=org.apache.hadoop.http.HttpServer2$QuotingInputFilter)
2019-11-18 08:32:01,343 [main] INFO  http.HttpServer2 (HttpServer2.java:addFilter(948)) - Added filter static_user_filter (class=org.apache.hadoop.http.lib.StaticUserWebFilter$StaticUserFilter) to context hddsDatanode
2019-11-18 08:32:01,343 [main] INFO  http.HttpServer2 (HttpServer2.java:addFilter(958)) - Added filter static_user_filter (class=org.apache.hadoop.http.lib.StaticUserWebFilter$StaticUserFilter) to context logs
2019-11-18 08:32:01,343 [main] INFO  http.HttpServer2 (HttpServer2.java:addFilter(958)) - Added filter static_user_filter (class=org.apache.hadoop.http.lib.StaticUserWebFilter$StaticUserFilter) to context static
2019-11-18 08:32:01,345 [main] INFO  http.HttpServer2 (HttpServer2.java:bindListener(1191)) - Jetty bound to port 35992
2019-11-18 08:32:01,345 [main] INFO  server.Server (Server.java:doStart(351)) - jetty-9.3.25.v20180904, build timestamp: 2018-09-04T21:11:46Z, git hash: 3ce520221d0240229c862b122d2b06c12a625732
2019-11-18 08:32:01,349 [main] INFO  handler.ContextHandler (ContextHandler.java:doStart(781)) - Started o.e.j.s.ServletContextHandler@20cece0b{/logs,file:///workdir/hadoop-ozone/tools/target/log,AVAILABLE}
2019-11-18 08:32:01,350 [main] INFO  handler.ContextHandler (ContextHandler.java:doStart(781)) - Started o.e.j.s.ServletContextHandler@5f038248{/static,jar:file:/home/user/.m2/repository/org/apache/hadoop/hadoop-hdds-container-service/0.5.0-SNAPSHOT/hadoop-hdds-container-service-0.5.0-SNAPSHOT.jar!/webapps/static,AVAILABLE}
2019-11-18 08:32:01,400 [main] INFO  handler.ContextHandler (ContextHandler.java:doStart(781)) - Started o.e.j.w.WebAppContext@2a3194c6{/,file:///tmp/jetty-0.0.0.0-35992-hddsDatanode-_-any-5241923175304196394.dir/webapp/,AVAILABLE}{/hddsDatanode}
2019-11-18 08:32:01,401 [main] INFO  server.AbstractConnector (AbstractConnector.java:doStart(278)) - Started ServerConnector@2819c460{HTTP/1.1,[http/1.1]}{0.0.0.0:35992}
2019-11-18 08:32:01,401 [main] INFO  server.Server (Server.java:doStart(419)) - Started @5354ms
2019-11-18 08:32:01,402 [main] WARN  impl.MetricsSystemImpl (MetricsSystemImpl.java:register(276)) - Sink prometheus already exists!
2019-11-18 08:32:01,404 [main] INFO  server.BaseHttpServer (BaseHttpServer.java:updateConnectorAddress(215)) - HTTP server of HDDSDATANODE is listening at http://0.0.0.0:35992
2019-11-18 08:32:01,405 [main] INFO  impl.MetricsSystemImpl (MetricsSystemImpl.java:init(158)) - HddsDatanode metrics system started (again)
2019-11-18 08:32:01,408 [main] INFO  ozone.HddsDatanodeService (HddsDatanodeService.java:start(186)) - HddsDatanodeService host:pr-hdds-2524-lxhdt-1925616124 ip:192.168.157.197
2019-11-18 08:32:01,411 [org.apache.hadoop.util.JvmPauseMonitor$Monitor@35c4ec27] INFO  util.JvmPauseMonitor (JvmPauseMonitor.java:run(188)) - Starting JVM pause monitor
2019-11-18 08:32:01,419 [main] INFO  volume.HddsVolume (HddsVolume.java:<init>(176)) - Creating Volume: /workdir/hadoop-ozone/tools/target/test-dir/MiniOzoneClusterImpl-642e5cf4-cfc0-4d71-a493-596cc6c4d5f5/datanode-1/data/containers/hdds of  storage type : DISK and capacity : 1482555576320
2019-11-18 08:32:01,419 [main] INFO  volume.VolumeSet (VolumeSet.java:initializeVolumeSet(170)) - Added Volume : /workdir/hadoop-ozone/tools/target/test-dir/MiniOzoneClusterImpl-642e5cf4-cfc0-4d71-a493-596cc6c4d5f5/datanode-1/data/containers/hdds to VolumeSet
2019-11-18 08:32:01,420 [main] INFO  volume.ThrottledAsyncChecker (ThrottledAsyncChecker.java:schedule(141)) - Scheduling a check for /workdir/hadoop-ozone/tools/target/test-dir/MiniOzoneClusterImpl-642e5cf4-cfc0-4d71-a493-596cc6c4d5f5/datanode-1/data/containers/hdds
2019-11-18 08:32:01,420 [main] INFO  volume.HddsVolumeChecker (HddsVolumeChecker.java:checkAllVolumes(204)) - Scheduled health check for volume /workdir/hadoop-ozone/tools/target/test-dir/MiniOzoneClusterImpl-642e5cf4-cfc0-4d71-a493-596cc6c4d5f5/datanode-1/data/containers/hdds
2019-11-18 08:32:01,438 [main] INFO  impl.RaftServerProxy (ConfUtils.java:logGet(43)) - raft.rpc.type = GRPC (default)
2019-11-18 08:32:01,438 [main] INFO  grpc.GrpcFactory (GrpcFactory.java:checkPooledByteBufAllocatorUseCacheForAllThreads(45)) - PERFORMANCE WARNING: useCacheForAllThreads is true that may cause Netty to create a lot garbage objects and, as a result, trigger GC.
	It is recommended to disable useCacheForAllThreads by setting -Dorg.apache.ratis.thirdparty.io.netty.allocator.useCacheForAllThreads=false in command line.
2019-11-18 08:32:01,439 [main] INFO  grpc.GrpcConfigKeys$Server (ConfUtils.java:logGet(43)) - raft.grpc.server.port = 0 (default)
2019-11-18 08:32:01,439 [main] INFO  server.GrpcService (ConfUtils.java:logGet(43)) - raft.grpc.message.size.max = 33570816 (custom)
2019-11-18 08:32:01,439 [main] INFO  server.RaftServerConfigKeys (ConfUtils.java:logGet(43)) - raft.server.log.appender.buffer.byte-limit = 33554432 (custom)
2019-11-18 08:32:01,439 [main] INFO  server.GrpcService (ConfUtils.java:logGet(43)) - raft.grpc.flow.control.window = 1MB (=1048576) (default)
2019-11-18 08:32:01,440 [main] INFO  server.RaftServerConfigKeys (ConfUtils.java:logGet(43)) - raft.server.rpc.request.timeout = 3000ms (default)
2019-11-18 08:32:01,441 [main] INFO  server.RaftServerConfigKeys (ConfUtils.java:logGet(43)) - raft.server.storage.dir = [/workdir/hadoop-ozone/tools/target/test-dir/MiniOzoneClusterImpl-642e5cf4-cfc0-4d71-a493-596cc6c4d5f5/datanode-1/data/ratis] (custom)
2019-11-18 08:32:01,443 [main] INFO  hdfs.DFSUtil (DFSUtil.java:httpServerTemplateForNNAndJN(1641)) - Starting Web-server for hddsDatanode at: http://0.0.0.0:0
2019-11-18 08:32:01,444 [main] INFO  server.AuthenticationFilter (AuthenticationFilter.java:constructSecretProvider(240)) - Unable to initialize FileSignerSecretProvider, falling back to use random secrets.
2019-11-18 08:32:01,445 [main] WARN  http.HttpRequestLog (HttpRequestLog.java:getRequestLog(97)) - Jetty request log can only be enabled using Log4j
2019-11-18 08:32:01,447 [main] INFO  http.HttpServer2 (HttpServer2.java:addGlobalFilter(975)) - Added global filter 'safety' (class=org.apache.hadoop.http.HttpServer2$QuotingInputFilter)
2019-11-18 08:32:01,447 [main] INFO  http.HttpServer2 (HttpServer2.java:addFilter(948)) - Added filter static_user_filter (class=org.apache.hadoop.http.lib.StaticUserWebFilter$StaticUserFilter) to context hddsDatanode
2019-11-18 08:32:01,448 [main] INFO  http.HttpServer2 (HttpServer2.java:addFilter(958)) - Added filter static_user_filter (class=org.apache.hadoop.http.lib.StaticUserWebFilter$StaticUserFilter) to context static
2019-11-18 08:32:01,448 [main] INFO  http.HttpServer2 (HttpServer2.java:addFilter(958)) - Added filter static_user_filter (class=org.apache.hadoop.http.lib.StaticUserWebFilter$StaticUserFilter) to context logs
2019-11-18 08:32:01,449 [main] INFO  http.HttpServer2 (HttpServer2.java:bindListener(1191)) - Jetty bound to port 45881
2019-11-18 08:32:01,449 [main] INFO  server.Server (Server.java:doStart(351)) - jetty-9.3.25.v20180904, build timestamp: 2018-09-04T21:11:46Z, git hash: 3ce520221d0240229c862b122d2b06c12a625732
2019-11-18 08:32:01,452 [main] INFO  handler.ContextHandler (ContextHandler.java:doStart(781)) - Started o.e.j.s.ServletContextHandler@4047d2d9{/logs,file:///workdir/hadoop-ozone/tools/target/log,AVAILABLE}
2019-11-18 08:32:01,453 [main] INFO  handler.ContextHandler (ContextHandler.java:doStart(781)) - Started o.e.j.s.ServletContextHandler@146dcfe6{/static,jar:file:/home/user/.m2/repository/org/apache/hadoop/hadoop-hdds-container-service/0.5.0-SNAPSHOT/hadoop-hdds-container-service-0.5.0-SNAPSHOT.jar!/webapps/static,AVAILABLE}
2019-11-18 08:32:01,486 [main] INFO  handler.ContextHandler (ContextHandler.java:doStart(781)) - Started o.e.j.w.WebAppContext@e5cbff2{/,file:///tmp/jetty-0.0.0.0-45881-hddsDatanode-_-any-4836943566488224483.dir/webapp/,AVAILABLE}{/hddsDatanode}
2019-11-18 08:32:01,486 [main] INFO  server.AbstractConnector (AbstractConnector.java:doStart(278)) - Started ServerConnector@51c959a4{HTTP/1.1,[http/1.1]}{0.0.0.0:45881}
2019-11-18 08:32:01,487 [main] INFO  server.Server (Server.java:doStart(419)) - Started @5440ms
2019-11-18 08:32:01,487 [main] WARN  impl.MetricsSystemImpl (MetricsSystemImpl.java:register(276)) - Sink prometheus already exists!
2019-11-18 08:32:01,489 [main] INFO  server.BaseHttpServer (BaseHttpServer.java:updateConnectorAddress(215)) - HTTP server of HDDSDATANODE is listening at http://0.0.0.0:45881
2019-11-18 08:32:01,489 [main] INFO  impl.MetricsSystemImpl (MetricsSystemImpl.java:init(158)) - HddsDatanode metrics system started (again)
2019-11-18 08:32:01,493 [main] INFO  ozone.HddsDatanodeService (HddsDatanodeService.java:start(186)) - HddsDatanodeService host:pr-hdds-2524-lxhdt-1925616124 ip:192.168.157.197
2019-11-18 08:32:01,493 [org.apache.hadoop.util.JvmPauseMonitor$Monitor@7d7bdd0f] INFO  util.JvmPauseMonitor (JvmPauseMonitor.java:run(188)) - Starting JVM pause monitor
2019-11-18 08:32:01,503 [main] INFO  volume.HddsVolume (HddsVolume.java:<init>(176)) - Creating Volume: /workdir/hadoop-ozone/tools/target/test-dir/MiniOzoneClusterImpl-642e5cf4-cfc0-4d71-a493-596cc6c4d5f5/datanode-2/data/containers/hdds of  storage type : DISK and capacity : 1482555576320
2019-11-18 08:32:01,504 [main] INFO  volume.VolumeSet (VolumeSet.java:initializeVolumeSet(170)) - Added Volume : /workdir/hadoop-ozone/tools/target/test-dir/MiniOzoneClusterImpl-642e5cf4-cfc0-4d71-a493-596cc6c4d5f5/datanode-2/data/containers/hdds to VolumeSet
2019-11-18 08:32:01,504 [main] INFO  volume.ThrottledAsyncChecker (ThrottledAsyncChecker.java:schedule(141)) - Scheduling a check for /workdir/hadoop-ozone/tools/target/test-dir/MiniOzoneClusterImpl-642e5cf4-cfc0-4d71-a493-596cc6c4d5f5/datanode-2/data/containers/hdds
2019-11-18 08:32:01,505 [main] INFO  volume.HddsVolumeChecker (HddsVolumeChecker.java:checkAllVolumes(204)) - Scheduled health check for volume /workdir/hadoop-ozone/tools/target/test-dir/MiniOzoneClusterImpl-642e5cf4-cfc0-4d71-a493-596cc6c4d5f5/datanode-2/data/containers/hdds
2019-11-18 08:32:01,520 [Datanode State Machine Thread - 0] INFO  datanode.InitDatanodeState (InitDatanodeState.java:persistContainerDatanodeDetails(140)) - DatanodeDetails is persisted to /workdir/hadoop-ozone/tools/target/test-dir/MiniOzoneClusterImpl-642e5cf4-cfc0-4d71-a493-596cc6c4d5f5/datanode-0/meta/datanode.id
2019-11-18 08:32:01,524 [Datanode State Machine Thread - 0] INFO  datanode.InitDatanodeState (InitDatanodeState.java:persistContainerDatanodeDetails(140)) - DatanodeDetails is persisted to /workdir/hadoop-ozone/tools/target/test-dir/MiniOzoneClusterImpl-642e5cf4-cfc0-4d71-a493-596cc6c4d5f5/datanode-1/meta/datanode.id
2019-11-18 08:32:01,530 [main] INFO  impl.RaftServerProxy (ConfUtils.java:logGet(43)) - raft.rpc.type = GRPC (default)
2019-11-18 08:32:01,530 [main] INFO  grpc.GrpcFactory (GrpcFactory.java:checkPooledByteBufAllocatorUseCacheForAllThreads(45)) - PERFORMANCE WARNING: useCacheForAllThreads is true that may cause Netty to create a lot garbage objects and, as a result, trigger GC.
	It is recommended to disable useCacheForAllThreads by setting -Dorg.apache.ratis.thirdparty.io.netty.allocator.useCacheForAllThreads=false in command line.
2019-11-18 08:32:01,531 [main] INFO  grpc.GrpcConfigKeys$Server (ConfUtils.java:logGet(43)) - raft.grpc.server.port = 0 (default)
2019-11-18 08:32:01,531 [main] INFO  server.GrpcService (ConfUtils.java:logGet(43)) - raft.grpc.message.size.max = 33570816 (custom)
2019-11-18 08:32:01,531 [main] INFO  server.RaftServerConfigKeys (ConfUtils.java:logGet(43)) - raft.server.log.appender.buffer.byte-limit = 33554432 (custom)
2019-11-18 08:32:01,532 [main] INFO  server.GrpcService (ConfUtils.java:logGet(43)) - raft.grpc.flow.control.window = 1MB (=1048576) (default)
2019-11-18 08:32:01,532 [main] INFO  server.RaftServerConfigKeys (ConfUtils.java:logGet(43)) - raft.server.rpc.request.timeout = 3000ms (default)
2019-11-18 08:32:01,533 [main] INFO  server.RaftServerConfigKeys (ConfUtils.java:logGet(43)) - raft.server.storage.dir = [/workdir/hadoop-ozone/tools/target/test-dir/MiniOzoneClusterImpl-642e5cf4-cfc0-4d71-a493-596cc6c4d5f5/datanode-2/data/ratis] (custom)
2019-11-18 08:32:01,536 [main] INFO  hdfs.DFSUtil (DFSUtil.java:httpServerTemplateForNNAndJN(1641)) - Starting Web-server for hddsDatanode at: http://0.0.0.0:0
2019-11-18 08:32:01,538 [main] INFO  server.AuthenticationFilter (AuthenticationFilter.java:constructSecretProvider(240)) - Unable to initialize FileSignerSecretProvider, falling back to use random secrets.
2019-11-18 08:32:01,539 [main] WARN  http.HttpRequestLog (HttpRequestLog.java:getRequestLog(97)) - Jetty request log can only be enabled using Log4j
2019-11-18 08:32:01,541 [main] INFO  http.HttpServer2 (HttpServer2.java:addGlobalFilter(975)) - Added global filter 'safety' (class=org.apache.hadoop.http.HttpServer2$QuotingInputFilter)
2019-11-18 08:32:01,543 [main] INFO  http.HttpServer2 (HttpServer2.java:addFilter(948)) - Added filter static_user_filter (class=org.apache.hadoop.http.lib.StaticUserWebFilter$StaticUserFilter) to context hddsDatanode
2019-11-18 08:32:01,543 [main] INFO  http.HttpServer2 (HttpServer2.java:addFilter(958)) - Added filter static_user_filter (class=org.apache.hadoop.http.lib.StaticUserWebFilter$StaticUserFilter) to context logs
2019-11-18 08:32:01,543 [main] INFO  http.HttpServer2 (HttpServer2.java:addFilter(958)) - Added filter static_user_filter (class=org.apache.hadoop.http.lib.StaticUserWebFilter$StaticUserFilter) to context static
2019-11-18 08:32:01,544 [main] INFO  http.HttpServer2 (HttpServer2.java:bindListener(1191)) - Jetty bound to port 39286
2019-11-18 08:32:01,545 [main] INFO  server.Server (Server.java:doStart(351)) - jetty-9.3.25.v20180904, build timestamp: 2018-09-04T21:11:46Z, git hash: 3ce520221d0240229c862b122d2b06c12a625732
2019-11-18 08:32:01,548 [main] INFO  handler.ContextHandler (ContextHandler.java:doStart(781)) - Started o.e.j.s.ServletContextHandler@65b97f47{/logs,file:///workdir/hadoop-ozone/tools/target/log,AVAILABLE}
2019-11-18 08:32:01,549 [main] INFO  handler.ContextHandler (ContextHandler.java:doStart(781)) - Started o.e.j.s.ServletContextHandler@476fe690{/static,jar:file:/home/user/.m2/repository/org/apache/hadoop/hadoop-hdds-container-service/0.5.0-SNAPSHOT/hadoop-hdds-container-service-0.5.0-SNAPSHOT.jar!/webapps/static,AVAILABLE}
2019-11-18 08:32:01,598 [main] INFO  handler.ContextHandler (ContextHandler.java:doStart(781)) - Started o.e.j.w.WebAppContext@7e74a380{/,file:///tmp/jetty-0.0.0.0-39286-hddsDatanode-_-any-3151702825857135851.dir/webapp/,AVAILABLE}{/hddsDatanode}
2019-11-18 08:32:01,599 [main] INFO  server.AbstractConnector (AbstractConnector.java:doStart(278)) - Started ServerConnector@6dd1c3ed{HTTP/1.1,[http/1.1]}{0.0.0.0:39286}
2019-11-18 08:32:01,599 [main] INFO  server.Server (Server.java:doStart(419)) - Started @5553ms
2019-11-18 08:32:01,600 [main] WARN  impl.MetricsSystemImpl (MetricsSystemImpl.java:register(276)) - Sink prometheus already exists!
2019-11-18 08:32:01,601 [main] INFO  server.BaseHttpServer (BaseHttpServer.java:updateConnectorAddress(215)) - HTTP server of HDDSDATANODE is listening at http://0.0.0.0:39286
2019-11-18 08:32:01,603 [main] INFO  ozone.MiniOzoneClusterImpl (MiniOzoneClusterImpl.java:lambda$waitForClusterToBeReady$0(150)) - Waiting for nodes to be ready. Got 0 of 3 DN Heartbeats.
2019-11-18 08:32:01,603 [main] INFO  ozone.MiniOzoneClusterImpl (MiniOzoneClusterImpl.java:lambda$waitForClusterToBeReady$0(153)) - Waiting for cluster to exit safe mode
2019-11-18 08:32:01,605 [org.apache.hadoop.util.JvmPauseMonitor$Monitor@a5de8c1] INFO  util.JvmPauseMonitor (JvmPauseMonitor.java:run(188)) - Starting JVM pause monitor
2019-11-18 08:32:01,609 [Datanode State Machine Thread - 0] INFO  datanode.InitDatanodeState (InitDatanodeState.java:persistContainerDatanodeDetails(140)) - DatanodeDetails is persisted to /workdir/hadoop-ozone/tools/target/test-dir/MiniOzoneClusterImpl-642e5cf4-cfc0-4d71-a493-596cc6c4d5f5/datanode-2/meta/datanode.id
2019-11-18 08:32:02,604 [main] INFO  ozone.MiniOzoneClusterImpl (MiniOzoneClusterImpl.java:lambda$waitForClusterToBeReady$0(150)) - Waiting for nodes to be ready. Got 0 of 3 DN Heartbeats.
2019-11-18 08:32:02,604 [main] INFO  ozone.MiniOzoneClusterImpl (MiniOzoneClusterImpl.java:lambda$waitForClusterToBeReady$0(153)) - Waiting for cluster to exit safe mode
2019-11-18 08:32:03,516 [Datanode State Machine Thread - 0] INFO  ozoneimpl.OzoneContainer (OzoneContainer.java:start(230)) - Attempting to start container services.
2019-11-18 08:32:03,516 [Datanode State Machine Thread - 0] INFO  ozoneimpl.OzoneContainer (OzoneContainer.java:start(230)) - Attempting to start container services.
2019-11-18 08:32:03,520 [Datanode State Machine Thread - 0] INFO  ozoneimpl.OzoneContainer (OzoneContainer.java:startContainerScrub(194)) - Background container scanner has been disabled.
2019-11-18 08:32:03,520 [Datanode State Machine Thread - 0] INFO  ozoneimpl.OzoneContainer (OzoneContainer.java:startContainerScrub(194)) - Background container scanner has been disabled.
2019-11-18 08:32:03,521 [Datanode State Machine Thread - 0] INFO  ratis.XceiverServerRatis (XceiverServerRatis.java:start(422)) - Starting XceiverServerRatis ef6852d0-2a34-4052-8c02-43245b215a2d at port 0
2019-11-18 08:32:03,521 [Datanode State Machine Thread - 0] INFO  ratis.XceiverServerRatis (XceiverServerRatis.java:start(422)) - Starting XceiverServerRatis f025706f-8746-40c7-b303-5ebba0896263 at port 0
2019-11-18 08:32:03,560 [Datanode State Machine Thread - 0] INFO  impl.RaftServerProxy (RaftServerProxy.java:lambda$start$3(299)) - ef6852d0-2a34-4052-8c02-43245b215a2d: start RPC server
2019-11-18 08:32:03,560 [Datanode State Machine Thread - 0] INFO  impl.RaftServerProxy (RaftServerProxy.java:lambda$start$3(299)) - f025706f-8746-40c7-b303-5ebba0896263: start RPC server
2019-11-18 08:32:03,605 [main] INFO  ozone.MiniOzoneClusterImpl (MiniOzoneClusterImpl.java:lambda$waitForClusterToBeReady$0(150)) - Waiting for nodes to be ready. Got 0 of 3 DN Heartbeats.
2019-11-18 08:32:03,606 [main] INFO  ozone.MiniOzoneClusterImpl (MiniOzoneClusterImpl.java:lambda$waitForClusterToBeReady$0(153)) - Waiting for cluster to exit safe mode
2019-11-18 08:32:03,631 [Datanode State Machine Thread - 0] INFO  ozoneimpl.OzoneContainer (OzoneContainer.java:start(230)) - Attempting to start container services.
2019-11-18 08:32:03,636 [Datanode State Machine Thread - 0] INFO  ozoneimpl.OzoneContainer (OzoneContainer.java:startContainerScrub(194)) - Background container scanner has been disabled.
2019-11-18 08:32:03,637 [Datanode State Machine Thread - 0] INFO  ratis.XceiverServerRatis (XceiverServerRatis.java:start(422)) - Starting XceiverServerRatis 4d0c1be6-dcf4-47c9-8b71-e075f2be00b3 at port 0
2019-11-18 08:32:03,649 [Datanode State Machine Thread - 0] INFO  impl.RaftServerProxy (RaftServerProxy.java:lambda$start$3(299)) - 4d0c1be6-dcf4-47c9-8b71-e075f2be00b3: start RPC server
2019-11-18 08:32:03,705 [Datanode State Machine Thread - 0] INFO  server.GrpcService (GrpcService.java:startImpl(158)) - ef6852d0-2a34-4052-8c02-43245b215a2d: GrpcService started, listening on 0.0.0.0/0.0.0.0:40364
2019-11-18 08:32:03,705 [Datanode State Machine Thread - 0] INFO  server.GrpcService (GrpcService.java:startImpl(158)) - f025706f-8746-40c7-b303-5ebba0896263: GrpcService started, listening on 0.0.0.0/0.0.0.0:42977
2019-11-18 08:32:03,705 [Datanode State Machine Thread - 0] INFO  server.GrpcService (GrpcService.java:startImpl(158)) - 4d0c1be6-dcf4-47c9-8b71-e075f2be00b3: GrpcService started, listening on 0.0.0.0/0.0.0.0:37475
2019-11-18 08:32:03,706 [Datanode State Machine Thread - 0] INFO  ratis.XceiverServerRatis (XceiverServerRatis.java:start(432)) - XceiverServerRatis f025706f-8746-40c7-b303-5ebba0896263 is started using port 42977
2019-11-18 08:32:03,706 [Datanode State Machine Thread - 0] INFO  ratis.XceiverServerRatis (XceiverServerRatis.java:start(432)) - XceiverServerRatis ef6852d0-2a34-4052-8c02-43245b215a2d is started using port 40364
2019-11-18 08:32:03,707 [Datanode State Machine Thread - 0] INFO  ratis.XceiverServerRatis (XceiverServerRatis.java:start(432)) - XceiverServerRatis 4d0c1be6-dcf4-47c9-8b71-e075f2be00b3 is started using port 37475
2019-11-18 08:32:03,712 [Datanode State Machine Thread - 0] INFO  server.XceiverServerGrpc (XceiverServerGrpc.java:start(145)) - XceiverServerGrpc f025706f-8746-40c7-b303-5ebba0896263 is started using port 35247
2019-11-18 08:32:03,712 [Datanode State Machine Thread - 0] INFO  server.XceiverServerGrpc (XceiverServerGrpc.java:start(145)) - XceiverServerGrpc 4d0c1be6-dcf4-47c9-8b71-e075f2be00b3 is started using port 34063
2019-11-18 08:32:03,712 [Datanode State Machine Thread - 0] INFO  server.XceiverServerGrpc (XceiverServerGrpc.java:start(145)) - XceiverServerGrpc ef6852d0-2a34-4052-8c02-43245b215a2d is started using port 41869
2019-11-18 08:32:04,606 [main] INFO  ozone.MiniOzoneClusterImpl (MiniOzoneClusterImpl.java:lambda$waitForClusterToBeReady$0(150)) - Waiting for nodes to be ready. Got 0 of 3 DN Heartbeats.
2019-11-18 08:32:04,607 [main] INFO  ozone.MiniOzoneClusterImpl (MiniOzoneClusterImpl.java:lambda$waitForClusterToBeReady$0(153)) - Waiting for cluster to exit safe mode
2019-11-18 08:32:05,455 [IPC Server handler 0 on 46451] INFO  net.NetworkTopology (NetworkTopologyImpl.java:add(111)) - Added a new node: /default-rack/f025706f-8746-40c7-b303-5ebba0896263
2019-11-18 08:32:05,456 [IPC Server handler 0 on 46451] INFO  node.SCMNodeManager (SCMNodeManager.java:register(267)) - Registered Data node : f025706f-8746-40c7-b303-5ebba0896263{ip: 192.168.157.197, host: pr-hdds-2524-lxhdt-1925616124, networkLocation: /default-rack, certSerialId: null}
2019-11-18 08:32:05,459 [EventQueue-NodeRegistrationContainerReportForContainerSafeModeRule] INFO  safemode.SCMSafeModeManager (SCMSafeModeManager.java:validateSafeModeExitRules(176)) - ContainerSafeModeRule rule is successfully validated
2019-11-18 08:32:05,459 [EventQueue-NodeRegistrationContainerReportForDataNodeSafeModeRule] INFO  safemode.SCMSafeModeManager (DataNodeSafeModeRule.java:process(71)) - SCM in safe mode. 1 DataNodes registered, 1 required.
2019-11-18 08:32:05,459 [EventQueue-NodeRegistrationContainerReportForDataNodeSafeModeRule] INFO  safemode.SCMSafeModeManager (SCMSafeModeManager.java:validateSafeModeExitRules(176)) - DataNodeSafeModeRule rule is successfully validated
2019-11-18 08:32:05,463 [RatisPipelineUtilsThread] INFO  pipeline.RatisPipelineProvider (RatisPipelineProvider.java:lambda$create$4(163)) - Send pipeline:PipelineID=1f27d548-821e-4bf8-8205-2e22fcc668f2 create command to datanode f025706f-8746-40c7-b303-5ebba0896263
2019-11-18 08:32:05,477 [RatisPipelineUtilsThread] INFO  pipeline.PipelineStateManager (PipelineStateManager.java:addPipeline(55)) - Created pipeline Pipeline[ Id: 1f27d548-821e-4bf8-8205-2e22fcc668f2, Nodes: f025706f-8746-40c7-b303-5ebba0896263{ip: 192.168.157.197, host: pr-hdds-2524-lxhdt-1925616124, networkLocation: /default-rack, certSerialId: null}, Type:RATIS, Factor:ONE, State:ALLOCATED]
2019-11-18 08:32:05,497 [IPC Server handler 2 on 46451] INFO  net.NetworkTopology (NetworkTopologyImpl.java:add(111)) - Added a new node: /default-rack/ef6852d0-2a34-4052-8c02-43245b215a2d
2019-11-18 08:32:05,498 [IPC Server handler 2 on 46451] INFO  node.SCMNodeManager (SCMNodeManager.java:register(267)) - Registered Data node : ef6852d0-2a34-4052-8c02-43245b215a2d{ip: 192.168.157.197, host: pr-hdds-2524-lxhdt-1925616124, networkLocation: /default-rack, certSerialId: null}
2019-11-18 08:32:05,498 [EventQueue-NodeRegistrationContainerReportForDataNodeSafeModeRule] INFO  safemode.SCMSafeModeManager (SCMSafeModeManager.java:validateSafeModeExitRules(176)) - DataNodeSafeModeRule rule is successfully validated
2019-11-18 08:32:05,498 [EventQueue-NodeRegistrationContainerReportForContainerSafeModeRule] INFO  safemode.SCMSafeModeManager (SCMSafeModeManager.java:validateSafeModeExitRules(176)) - ContainerSafeModeRule rule is successfully validated
2019-11-18 08:32:05,500 [RatisPipelineUtilsThread] INFO  pipeline.RatisPipelineProvider (RatisPipelineProvider.java:lambda$create$4(163)) - Send pipeline:PipelineID=c0aec616-6e8e-4bfa-8cda-19bddd1bc6e3 create command to datanode ef6852d0-2a34-4052-8c02-43245b215a2d
2019-11-18 08:32:05,500 [RatisPipelineUtilsThread] INFO  pipeline.PipelineStateManager (PipelineStateManager.java:addPipeline(55)) - Created pipeline Pipeline[ Id: c0aec616-6e8e-4bfa-8cda-19bddd1bc6e3, Nodes: ef6852d0-2a34-4052-8c02-43245b215a2d{ip: 192.168.157.197, host: pr-hdds-2524-lxhdt-1925616124, networkLocation: /default-rack, certSerialId: null}, Type:RATIS, Factor:ONE, State:ALLOCATED]
2019-11-18 08:32:05,607 [main] INFO  ozone.MiniOzoneClusterImpl (MiniOzoneClusterImpl.java:lambda$waitForClusterToBeReady$0(150)) - Waiting for nodes to be ready. Got 2 of 3 DN Heartbeats.
2019-11-18 08:32:05,607 [main] INFO  ozone.MiniOzoneClusterImpl (MiniOzoneClusterImpl.java:lambda$waitForClusterToBeReady$0(153)) - Waiting for cluster to exit safe mode
2019-11-18 08:32:05,608 [IPC Server handler 1 on 46451] INFO  net.NetworkTopology (NetworkTopologyImpl.java:add(111)) - Added a new node: /default-rack/4d0c1be6-dcf4-47c9-8b71-e075f2be00b3
2019-11-18 08:32:05,608 [IPC Server handler 1 on 46451] INFO  node.SCMNodeManager (SCMNodeManager.java:register(267)) - Registered Data node : 4d0c1be6-dcf4-47c9-8b71-e075f2be00b3{ip: 192.168.157.197, host: pr-hdds-2524-lxhdt-1925616124, networkLocation: /default-rack, certSerialId: null}
2019-11-18 08:32:05,609 [RatisPipelineUtilsThread] INFO  pipeline.RatisPipelineProvider (RatisPipelineProvider.java:lambda$create$4(163)) - Send pipeline:PipelineID=0c812f58-e29e-4b2e-b2c0-f8abc77224e3 create command to datanode 4d0c1be6-dcf4-47c9-8b71-e075f2be00b3
2019-11-18 08:32:05,609 [EventQueue-NodeRegistrationContainerReportForContainerSafeModeRule] INFO  safemode.SCMSafeModeManager (SCMSafeModeManager.java:validateSafeModeExitRules(176)) - ContainerSafeModeRule rule is successfully validated
2019-11-18 08:32:05,609 [EventQueue-NodeRegistrationContainerReportForDataNodeSafeModeRule] INFO  safemode.SCMSafeModeManager (SCMSafeModeManager.java:validateSafeModeExitRules(176)) - DataNodeSafeModeRule rule is successfully validated
2019-11-18 08:32:05,609 [RatisPipelineUtilsThread] INFO  pipeline.PipelineStateManager (PipelineStateManager.java:addPipeline(55)) - Created pipeline Pipeline[ Id: 0c812f58-e29e-4b2e-b2c0-f8abc77224e3, Nodes: 4d0c1be6-dcf4-47c9-8b71-e075f2be00b3{ip: 192.168.157.197, host: pr-hdds-2524-lxhdt-1925616124, networkLocation: /default-rack, certSerialId: null}, Type:RATIS, Factor:ONE, State:ALLOCATED]
2019-11-18 08:32:05,611 [RatisPipelineUtilsThread] INFO  pipeline.RatisPipelineProvider (RatisPipelineProvider.java:lambda$create$4(163)) - Send pipeline:PipelineID=417d21d9-777c-4628-b558-dc3c0ac4c3a0 create command to datanode ef6852d0-2a34-4052-8c02-43245b215a2d
2019-11-18 08:32:05,611 [RatisPipelineUtilsThread] INFO  pipeline.RatisPipelineProvider (RatisPipelineProvider.java:lambda$create$4(163)) - Send pipeline:PipelineID=417d21d9-777c-4628-b558-dc3c0ac4c3a0 create command to datanode f025706f-8746-40c7-b303-5ebba0896263
2019-11-18 08:32:05,611 [RatisPipelineUtilsThread] INFO  pipeline.RatisPipelineProvider (RatisPipelineProvider.java:lambda$create$4(163)) - Send pipeline:PipelineID=417d21d9-777c-4628-b558-dc3c0ac4c3a0 create command to datanode 4d0c1be6-dcf4-47c9-8b71-e075f2be00b3
2019-11-18 08:32:05,612 [RatisPipelineUtilsThread] INFO  pipeline.PipelineStateManager (PipelineStateManager.java:addPipeline(55)) - Created pipeline Pipeline[ Id: 417d21d9-777c-4628-b558-dc3c0ac4c3a0, Nodes: ef6852d0-2a34-4052-8c02-43245b215a2d{ip: 192.168.157.197, host: pr-hdds-2524-lxhdt-1925616124, networkLocation: /default-rack, certSerialId: null}f025706f-8746-40c7-b303-5ebba0896263{ip: 192.168.157.197, host: pr-hdds-2524-lxhdt-1925616124, networkLocation: /default-rack, certSerialId: null}4d0c1be6-dcf4-47c9-8b71-e075f2be00b3{ip: 192.168.157.197, host: pr-hdds-2524-lxhdt-1925616124, networkLocation: /default-rack, certSerialId: null}, Type:RATIS, Factor:THREE, State:ALLOCATED]
2019-11-18 08:32:06,608 [main] INFO  ozone.MiniOzoneClusterImpl (MiniOzoneClusterImpl.java:lambda$waitForClusterToBeReady$0(150)) - Nodes are ready. Got 3 of 3 DN Heartbeats.
2019-11-18 08:32:06,608 [main] INFO  ozone.MiniOzoneClusterImpl (MiniOzoneClusterImpl.java:lambda$waitForClusterToBeReady$0(153)) - Waiting for cluster to exit safe mode
2019-11-18 08:32:07,608 [main] INFO  ozone.MiniOzoneClusterImpl (MiniOzoneClusterImpl.java:lambda$waitForClusterToBeReady$0(150)) - Nodes are ready. Got 3 of 3 DN Heartbeats.
2019-11-18 08:32:07,609 [main] INFO  ozone.MiniOzoneClusterImpl (MiniOzoneClusterImpl.java:lambda$waitForClusterToBeReady$0(153)) - Waiting for cluster to exit safe mode
2019-11-18 08:32:08,464 [Command processor thread] INFO  impl.RaftServerProxy (RaftServerProxy.java:addNew(89)) - f025706f-8746-40c7-b303-5ebba0896263: addNew group-2E22FCC668F2:[f025706f-8746-40c7-b303-5ebba0896263:192.168.157.197:42977] returns group-2E22FCC668F2:java.util.concurrent.CompletableFuture@5fde5a1c[Not completed]
2019-11-18 08:32:08,494 [pool-27-thread-1] INFO  impl.RaftServerImpl (RaftServerImpl.java:<init>(98)) - f025706f-8746-40c7-b303-5ebba0896263: new RaftServerImpl for group-2E22FCC668F2:[f025706f-8746-40c7-b303-5ebba0896263:192.168.157.197:42977] with ContainerStateMachine:uninitialized
2019-11-18 08:32:08,496 [Command processor thread] INFO  impl.RaftServerProxy (RaftServerProxy.java:addNew(89)) - ef6852d0-2a34-4052-8c02-43245b215a2d: addNew group-19BDDD1BC6E3:[ef6852d0-2a34-4052-8c02-43245b215a2d:192.168.157.197:40364] returns group-19BDDD1BC6E3:java.util.concurrent.CompletableFuture@54a58401[Not completed]
2019-11-18 08:32:08,504 [pool-27-thread-1] INFO  server.RaftServerConfigKeys (ConfUtils.java:logGet(43)) - raft.server.rpc.timeout.min = 5s (custom)
2019-11-18 08:32:08,509 [pool-27-thread-1] INFO  server.RaftServerConfigKeys (ConfUtils.java:logGet(43)) - raft.server.rpc.timeout.max = 5200ms (custom)
2019-11-18 08:32:08,524 [pool-27-thread-1] INFO  server.RaftServerConfigKeys (ConfUtils.java:logGet(43)) - raft.server.rpcslowness.timeout = 120s (custom)
2019-11-18 08:32:08,525 [pool-27-thread-1] INFO  server.RaftServerConfigKeys (ConfUtils.java:logGet(43)) - raft.server.sleep.deviation.threshold = 300 (default)
2019-11-18 08:32:08,525 [pool-37-thread-1] INFO  impl.RaftServerImpl (RaftServerImpl.java:<init>(98)) - ef6852d0-2a34-4052-8c02-43245b215a2d: new RaftServerImpl for group-19BDDD1BC6E3:[ef6852d0-2a34-4052-8c02-43245b215a2d:192.168.157.197:40364] with ContainerStateMachine:uninitialized
2019-11-18 08:32:08,527 [pool-37-thread-1] INFO  server.RaftServerConfigKeys (ConfUtils.java:logGet(43)) - raft.server.rpc.timeout.min = 5s (custom)
2019-11-18 08:32:08,528 [pool-37-thread-1] INFO  server.RaftServerConfigKeys (ConfUtils.java:logGet(43)) - raft.server.rpc.timeout.max = 5200ms (custom)
2019-11-18 08:32:08,528 [pool-27-thread-1] INFO  server.RaftServerConfigKeys (ConfUtils.java:logGet(43)) - raft.server.log.appender.install.snapshot.enabled = false (custom)
2019-11-18 08:32:08,528 [pool-37-thread-1] INFO  server.RaftServerConfigKeys (ConfUtils.java:logGet(43)) - raft.server.rpcslowness.timeout = 120s (custom)
2019-11-18 08:32:08,528 [pool-37-thread-1] INFO  server.RaftServerConfigKeys (ConfUtils.java:logGet(43)) - raft.server.sleep.deviation.threshold = 300 (default)
2019-11-18 08:32:08,529 [pool-37-thread-1] INFO  server.RaftServerConfigKeys (ConfUtils.java:logGet(43)) - raft.server.log.appender.install.snapshot.enabled = false (custom)
2019-11-18 08:32:08,539 [pool-37-thread-1] INFO  impl.RaftServerImpl (ServerState.java:<init>(103)) - ef6852d0-2a34-4052-8c02-43245b215a2d@group-19BDDD1BC6E3: ConfigurationManager, init=-1: [ef6852d0-2a34-4052-8c02-43245b215a2d:192.168.157.197:40364], old=null, confs=<EMPTY_MAP>
2019-11-18 08:32:08,539 [pool-27-thread-1] INFO  impl.RaftServerImpl (ServerState.java:<init>(103)) - f025706f-8746-40c7-b303-5ebba0896263@group-2E22FCC668F2: ConfigurationManager, init=-1: [f025706f-8746-40c7-b303-5ebba0896263:192.168.157.197:42977], old=null, confs=<EMPTY_MAP>
2019-11-18 08:32:08,540 [pool-37-thread-1] INFO  server.RaftServerConfigKeys (ConfUtils.java:logGet(43)) - raft.server.storage.dir = [/workdir/hadoop-ozone/tools/target/test-dir/MiniOzoneClusterImpl-642e5cf4-cfc0-4d71-a493-596cc6c4d5f5/datanode-1/data/ratis] (custom)
2019-11-18 08:32:08,540 [pool-27-thread-1] INFO  server.RaftServerConfigKeys (ConfUtils.java:logGet(43)) - raft.server.storage.dir = [/workdir/hadoop-ozone/tools/target/test-dir/MiniOzoneClusterImpl-642e5cf4-cfc0-4d71-a493-596cc6c4d5f5/datanode-0/data/ratis] (custom)
2019-11-18 08:32:08,548 [pool-27-thread-1] INFO  server.RaftServerConfigKeys (ConfUtils.java:logGet(43)) - raft.server.log.corruption.policy = EXCEPTION (default)
2019-11-18 08:32:08,548 [pool-37-thread-1] INFO  server.RaftServerConfigKeys (ConfUtils.java:logGet(43)) - raft.server.log.corruption.policy = EXCEPTION (default)
2019-11-18 08:32:08,551 [pool-27-thread-1] INFO  storage.RaftStorageDirectory (RaftStorageDirectory.java:analyzeStorage(246)) - The storage directory /workdir/hadoop-ozone/tools/target/test-dir/MiniOzoneClusterImpl-642e5cf4-cfc0-4d71-a493-596cc6c4d5f5/datanode-0/data/ratis/1f27d548-821e-4bf8-8205-2e22fcc668f2 does not exist. Creating ...
2019-11-18 08:32:08,551 [pool-37-thread-1] INFO  storage.RaftStorageDirectory (RaftStorageDirectory.java:analyzeStorage(246)) - The storage directory /workdir/hadoop-ozone/tools/target/test-dir/MiniOzoneClusterImpl-642e5cf4-cfc0-4d71-a493-596cc6c4d5f5/datanode-1/data/ratis/c0aec616-6e8e-4bfa-8cda-19bddd1bc6e3 does not exist. Creating ...
2019-11-18 08:32:08,598 [pool-27-thread-1] INFO  storage.RaftStorageDirectory (RaftStorageDirectory.java:tryLock(328)) - Lock on /workdir/hadoop-ozone/tools/target/test-dir/MiniOzoneClusterImpl-642e5cf4-cfc0-4d71-a493-596cc6c4d5f5/datanode-0/data/ratis/1f27d548-821e-4bf8-8205-2e22fcc668f2/in_use.lock acquired by nodename 31540@pr-hdds-2524-lxhdt-1925616124
2019-11-18 08:32:08,598 [pool-37-thread-1] INFO  storage.RaftStorageDirectory (RaftStorageDirectory.java:tryLock(328)) - Lock on /workdir/hadoop-ozone/tools/target/test-dir/MiniOzoneClusterImpl-642e5cf4-cfc0-4d71-a493-596cc6c4d5f5/datanode-1/data/ratis/c0aec616-6e8e-4bfa-8cda-19bddd1bc6e3/in_use.lock acquired by nodename 31540@pr-hdds-2524-lxhdt-1925616124
2019-11-18 08:32:08,613 [main] INFO  ozone.MiniOzoneClusterImpl (MiniOzoneClusterImpl.java:lambda$waitForClusterToBeReady$0(150)) - Nodes are ready. Got 3 of 3 DN Heartbeats.
2019-11-18 08:32:08,613 [main] INFO  ozone.MiniOzoneClusterImpl (MiniOzoneClusterImpl.java:lambda$waitForClusterToBeReady$0(153)) - Waiting for cluster to exit safe mode
2019-11-18 08:32:08,623 [Command processor thread] INFO  impl.RaftServerProxy (RaftServerProxy.java:addNew(89)) - 4d0c1be6-dcf4-47c9-8b71-e075f2be00b3: addNew group-F8ABC77224E3:[4d0c1be6-dcf4-47c9-8b71-e075f2be00b3:192.168.157.197:37475] returns group-F8ABC77224E3:java.util.concurrent.CompletableFuture@619da3c2[Not completed]
2019-11-18 08:32:08,645 [pool-27-thread-1] INFO  storage.RaftStorage (RaftStorage.java:format(84)) - Storage directory /workdir/hadoop-ozone/tools/target/test-dir/MiniOzoneClusterImpl-642e5cf4-cfc0-4d71-a493-596cc6c4d5f5/datanode-0/data/ratis/1f27d548-821e-4bf8-8205-2e22fcc668f2 has been successfully formatted.
2019-11-18 08:32:08,645 [pool-37-thread-1] INFO  storage.RaftStorage (RaftStorage.java:format(84)) - Storage directory /workdir/hadoop-ozone/tools/target/test-dir/MiniOzoneClusterImpl-642e5cf4-cfc0-4d71-a493-596cc6c4d5f5/datanode-1/data/ratis/c0aec616-6e8e-4bfa-8cda-19bddd1bc6e3 has been successfully formatted.
2019-11-18 08:32:08,647 [pool-47-thread-1] INFO  impl.RaftServerImpl (RaftServerImpl.java:<init>(98)) - 4d0c1be6-dcf4-47c9-8b71-e075f2be00b3: new RaftServerImpl for group-F8ABC77224E3:[4d0c1be6-dcf4-47c9-8b71-e075f2be00b3:192.168.157.197:37475] with ContainerStateMachine:uninitialized
2019-11-18 08:32:08,648 [pool-47-thread-1] INFO  server.RaftServerConfigKeys (ConfUtils.java:logGet(43)) - raft.server.rpc.timeout.min = 5s (custom)
2019-11-18 08:32:08,649 [pool-47-thread-1] INFO  server.RaftServerConfigKeys (ConfUtils.java:logGet(43)) - raft.server.rpc.timeout.max = 5200ms (custom)
2019-11-18 08:32:08,649 [pool-47-thread-1] INFO  server.RaftServerConfigKeys (ConfUtils.java:logGet(43)) - raft.server.rpcslowness.timeout = 120s (custom)
2019-11-18 08:32:08,649 [pool-47-thread-1] INFO  server.RaftServerConfigKeys (ConfUtils.java:logGet(43)) - raft.server.sleep.deviation.threshold = 300 (default)
2019-11-18 08:32:08,650 [pool-47-thread-1] INFO  server.RaftServerConfigKeys (ConfUtils.java:logGet(43)) - raft.server.log.appender.install.snapshot.enabled = false (custom)
2019-11-18 08:32:08,650 [pool-47-thread-1] INFO  impl.RaftServerImpl (ServerState.java:<init>(103)) - 4d0c1be6-dcf4-47c9-8b71-e075f2be00b3@group-F8ABC77224E3: ConfigurationManager, init=-1: [4d0c1be6-dcf4-47c9-8b71-e075f2be00b3:192.168.157.197:37475], old=null, confs=<EMPTY_MAP>
2019-11-18 08:32:08,650 [pool-47-thread-1] INFO  server.RaftServerConfigKeys (ConfUtils.java:logGet(43)) - raft.server.storage.dir = [/workdir/hadoop-ozone/tools/target/test-dir/MiniOzoneClusterImpl-642e5cf4-cfc0-4d71-a493-596cc6c4d5f5/datanode-2/data/ratis] (custom)
2019-11-18 08:32:08,651 [pool-37-thread-1] INFO  ratis.ContainerStateMachine (ContainerStateMachine.java:loadSnapshot(223)) - group-19BDDD1BC6E3: The snapshot info is null. Setting the last applied indexto:(t:0, i:~)
2019-11-18 08:32:08,651 [pool-47-thread-1] INFO  server.RaftServerConfigKeys (ConfUtils.java:logGet(43)) - raft.server.log.corruption.policy = EXCEPTION (default)
2019-11-18 08:32:08,651 [pool-27-thread-1] INFO  ratis.ContainerStateMachine (ContainerStateMachine.java:loadSnapshot(223)) - group-2E22FCC668F2: The snapshot info is null. Setting the last applied indexto:(t:0, i:~)
2019-11-18 08:32:08,652 [pool-47-thread-1] INFO  storage.RaftStorageDirectory (RaftStorageDirectory.java:analyzeStorage(246)) - The storage directory /workdir/hadoop-ozone/tools/target/test-dir/MiniOzoneClusterImpl-642e5cf4-cfc0-4d71-a493-596cc6c4d5f5/datanode-2/data/ratis/0c812f58-e29e-4b2e-b2c0-f8abc77224e3 does not exist. Creating ...
2019-11-18 08:32:08,652 [pool-37-thread-1] INFO  server.RaftServerConfigKeys (ConfUtils.java:logGet(43)) - raft.server.notification.no-leader.timeout = 120s (custom)
2019-11-18 08:32:08,652 [pool-27-thread-1] INFO  server.RaftServerConfigKeys (ConfUtils.java:logGet(43)) - raft.server.notification.no-leader.timeout = 120s (custom)
2019-11-18 08:32:08,656 [pool-37-thread-1] INFO  server.RaftServerConfigKeys (ConfUtils.java:logGet(43)) - raft.server.log.use.memory = false (default)
2019-11-18 08:32:08,656 [pool-27-thread-1] INFO  server.RaftServerConfigKeys (ConfUtils.java:logGet(43)) - raft.server.log.use.memory = false (default)
2019-11-18 08:32:08,665 [pool-27-thread-1] INFO  server.RaftServerConfigKeys (ConfUtils.java:logGet(43)) - raft.server.log.purge.gap = 1000000 (custom)
2019-11-18 08:32:08,665 [pool-37-thread-1] INFO  server.RaftServerConfigKeys (ConfUtils.java:logGet(43)) - raft.server.log.purge.gap = 1000000 (custom)
2019-11-18 08:32:08,665 [pool-27-thread-1] INFO  server.RaftServerConfigKeys (ConfUtils.java:logGet(43)) - raft.server.log.appender.buffer.byte-limit = 33554432 (custom)
2019-11-18 08:32:08,665 [pool-37-thread-1] INFO  server.RaftServerConfigKeys (ConfUtils.java:logGet(43)) - raft.server.log.appender.buffer.byte-limit = 33554432 (custom)
2019-11-18 08:32:08,669 [pool-27-thread-1] INFO  server.RaftServerConfigKeys (ConfUtils.java:logGet(43)) - raft.server.log.segment.size.max = 1048576 (custom)
2019-11-18 08:32:08,669 [pool-37-thread-1] INFO  server.RaftServerConfigKeys (ConfUtils.java:logGet(43)) - raft.server.log.segment.size.max = 1048576 (custom)
2019-11-18 08:32:08,674 [pool-47-thread-1] INFO  storage.RaftStorageDirectory (RaftStorageDirectory.java:tryLock(328)) - Lock on /workdir/hadoop-ozone/tools/target/test-dir/MiniOzoneClusterImpl-642e5cf4-cfc0-4d71-a493-596cc6c4d5f5/datanode-2/data/ratis/0c812f58-e29e-4b2e-b2c0-f8abc77224e3/in_use.lock acquired by nodename 31540@pr-hdds-2524-lxhdt-1925616124
2019-11-18 08:32:08,680 [pool-37-thread-1] INFO  metrics.MetricRegistries (MetricRegistriesLoader.java:load(64)) - Loaded MetricRegistries class org.apache.ratis.metrics.impl.MetricRegistriesImpl
2019-11-18 08:32:08,687 [pool-27-thread-1] WARN  impl.MetricRegistriesImpl (MetricRegistriesImpl.java:lambda$create$1(61)) - First MetricRegistry has been created without registering reporters. You may need to call MetricRegistries.global().addReportRegistration(...) before.
2019-11-18 08:32:08,687 [pool-37-thread-1] WARN  impl.MetricRegistriesImpl (MetricRegistriesImpl.java:lambda$create$1(61)) - First MetricRegistry has been created without registering reporters. You may need to call MetricRegistries.global().addReportRegistration(...) before.
2019-11-18 08:32:08,696 [pool-47-thread-1] INFO  storage.RaftStorage (RaftStorage.java:format(84)) - Storage directory /workdir/hadoop-ozone/tools/target/test-dir/MiniOzoneClusterImpl-642e5cf4-cfc0-4d71-a493-596cc6c4d5f5/datanode-2/data/ratis/0c812f58-e29e-4b2e-b2c0-f8abc77224e3 has been successfully formatted.
2019-11-18 08:32:08,696 [pool-47-thread-1] INFO  ratis.ContainerStateMachine (ContainerStateMachine.java:loadSnapshot(223)) - group-F8ABC77224E3: The snapshot info is null. Setting the last applied indexto:(t:0, i:~)
2019-11-18 08:32:08,697 [pool-47-thread-1] INFO  server.RaftServerConfigKeys (ConfUtils.java:logGet(43)) - raft.server.notification.no-leader.timeout = 120s (custom)
2019-11-18 08:32:08,697 [pool-47-thread-1] INFO  server.RaftServerConfigKeys (ConfUtils.java:logGet(43)) - raft.server.log.use.memory = false (default)
2019-11-18 08:32:08,697 [pool-27-thread-1] INFO  server.RaftServerConfigKeys (ConfUtils.java:logGet(43)) - raft.server.log.segment.cache.num.max = 2 (custom)
2019-11-18 08:32:08,697 [pool-37-thread-1] INFO  server.RaftServerConfigKeys (ConfUtils.java:logGet(43)) - raft.server.log.segment.cache.num.max = 2 (custom)
2019-11-18 08:32:08,697 [pool-47-thread-1] INFO  server.RaftServerConfigKeys (ConfUtils.java:logGet(43)) - raft.server.log.purge.gap = 1000000 (custom)
2019-11-18 08:32:08,698 [pool-47-thread-1] INFO  server.RaftServerConfigKeys (ConfUtils.java:logGet(43)) - raft.server.log.appender.buffer.byte-limit = 33554432 (custom)
2019-11-18 08:32:08,698 [pool-47-thread-1] INFO  server.RaftServerConfigKeys (ConfUtils.java:logGet(43)) - raft.server.log.segment.size.max = 1048576 (custom)
2019-11-18 08:32:08,698 [pool-47-thread-1] WARN  impl.MetricRegistriesImpl (MetricRegistriesImpl.java:lambda$create$1(61)) - First MetricRegistry has been created without registering reporters. You may need to call MetricRegistries.global().addReportRegistration(...) before.
2019-11-18 08:32:08,699 [pool-47-thread-1] INFO  server.RaftServerConfigKeys (ConfUtils.java:logGet(43)) - raft.server.log.segment.cache.num.max = 2 (custom)
2019-11-18 08:32:08,705 [pool-27-thread-1] INFO  segmented.SegmentedRaftLogWorker (SegmentedRaftLogWorker.java:<init>(173)) - new f025706f-8746-40c7-b303-5ebba0896263@group-2E22FCC668F2-SegmentedRaftLogWorker for RaftStorage:Storage Directory /workdir/hadoop-ozone/tools/target/test-dir/MiniOzoneClusterImpl-642e5cf4-cfc0-4d71-a493-596cc6c4d5f5/datanode-0/data/ratis/1f27d548-821e-4bf8-8205-2e22fcc668f2
2019-11-18 08:32:08,705 [pool-47-thread-1] INFO  segmented.SegmentedRaftLogWorker (SegmentedRaftLogWorker.java:<init>(173)) - new 4d0c1be6-dcf4-47c9-8b71-e075f2be00b3@group-F8ABC77224E3-SegmentedRaftLogWorker for RaftStorage:Storage Directory /workdir/hadoop-ozone/tools/target/test-dir/MiniOzoneClusterImpl-642e5cf4-cfc0-4d71-a493-596cc6c4d5f5/datanode-2/data/ratis/0c812f58-e29e-4b2e-b2c0-f8abc77224e3
2019-11-18 08:32:08,705 [pool-37-thread-1] INFO  segmented.SegmentedRaftLogWorker (SegmentedRaftLogWorker.java:<init>(173)) - new ef6852d0-2a34-4052-8c02-43245b215a2d@group-19BDDD1BC6E3-SegmentedRaftLogWorker for RaftStorage:Storage Directory /workdir/hadoop-ozone/tools/target/test-dir/MiniOzoneClusterImpl-642e5cf4-cfc0-4d71-a493-596cc6c4d5f5/datanode-1/data/ratis/c0aec616-6e8e-4bfa-8cda-19bddd1bc6e3
2019-11-18 08:32:08,706 [pool-27-thread-1] INFO  server.RaftServerConfigKeys (ConfUtils.java:logGet(43)) - raft.server.log.queue.byte-limit = 2147483647 (custom)
2019-11-18 08:32:08,707 [pool-47-thread-1] INFO  server.RaftServerConfigKeys (ConfUtils.java:logGet(43)) - raft.server.log.queue.byte-limit = 2147483647 (custom)
2019-11-18 08:32:08,707 [pool-37-thread-1] INFO  server.RaftServerConfigKeys (ConfUtils.java:logGet(43)) - raft.server.log.queue.byte-limit = 2147483647 (custom)
2019-11-18 08:32:08,707 [pool-27-thread-1] INFO  server.RaftServerConfigKeys (ConfUtils.java:logGet(43)) - raft.server.log.queue.element-limit = 1024 (custom)
2019-11-18 08:32:08,707 [pool-37-thread-1] INFO  server.RaftServerConfigKeys (ConfUtils.java:logGet(43)) - raft.server.log.queue.element-limit = 1024 (custom)
2019-11-18 08:32:08,707 [pool-47-thread-1] INFO  server.RaftServerConfigKeys (ConfUtils.java:logGet(43)) - raft.server.log.queue.element-limit = 1024 (custom)
2019-11-18 08:32:08,709 [pool-37-thread-1] INFO  server.RaftServerConfigKeys (ConfUtils.java:logGet(43)) - raft.server.log.segment.size.max = 1048576 (custom)
2019-11-18 08:32:08,709 [pool-47-thread-1] INFO  server.RaftServerConfigKeys (ConfUtils.java:logGet(43)) - raft.server.log.segment.size.max = 1048576 (custom)
2019-11-18 08:32:08,709 [pool-27-thread-1] INFO  server.RaftServerConfigKeys (ConfUtils.java:logGet(43)) - raft.server.log.segment.size.max = 1048576 (custom)
2019-11-18 08:32:08,710 [pool-37-thread-1] INFO  server.RaftServerConfigKeys (ConfUtils.java:logGet(43)) - raft.server.log.preallocated.size = 16384 (custom)
2019-11-18 08:32:08,710 [pool-47-thread-1] INFO  server.RaftServerConfigKeys (ConfUtils.java:logGet(43)) - raft.server.log.preallocated.size = 16384 (custom)
2019-11-18 08:32:08,710 [pool-27-thread-1] INFO  server.RaftServerConfigKeys (ConfUtils.java:logGet(43)) - raft.server.log.preallocated.size = 16384 (custom)
2019-11-18 08:32:08,710 [pool-37-thread-1] INFO  server.RaftServerConfigKeys (ConfUtils.java:logGet(43)) - raft.server.log.write.buffer.size = 33554432 (custom)
2019-11-18 08:32:08,710 [pool-47-thread-1] INFO  server.RaftServerConfigKeys (ConfUtils.java:logGet(43)) - raft.server.log.write.buffer.size = 33554432 (custom)
2019-11-18 08:32:08,710 [pool-27-thread-1] INFO  server.RaftServerConfigKeys (ConfUtils.java:logGet(43)) - raft.server.log.write.buffer.size = 33554432 (custom)
2019-11-18 08:32:08,711 [pool-47-thread-1] INFO  server.RaftServerConfigKeys (ConfUtils.java:logGet(43)) - raft.server.log.force.sync.num = 128 (default)
2019-11-18 08:32:08,711 [pool-37-thread-1] INFO  server.RaftServerConfigKeys (ConfUtils.java:logGet(43)) - raft.server.log.force.sync.num = 128 (default)
2019-11-18 08:32:08,711 [pool-27-thread-1] INFO  server.RaftServerConfigKeys (ConfUtils.java:logGet(43)) - raft.server.log.force.sync.num = 128 (default)
2019-11-18 08:32:08,713 [pool-27-thread-1] INFO  server.RaftServerConfigKeys (ConfUtils.java:logGet(43)) - raft.server.log.statemachine.data.sync = true (default)
2019-11-18 08:32:08,713 [pool-47-thread-1] INFO  server.RaftServerConfigKeys (ConfUtils.java:logGet(43)) - raft.server.log.statemachine.data.sync = true (default)
2019-11-18 08:32:08,713 [pool-37-thread-1] INFO  server.RaftServerConfigKeys (ConfUtils.java:logGet(43)) - raft.server.log.statemachine.data.sync = true (default)
2019-11-18 08:32:08,714 [pool-47-thread-1] INFO  server.RaftServerConfigKeys (ConfUtils.java:logGet(43)) - raft.server.log.statemachine.data.sync.timeout = 10s (default)
2019-11-18 08:32:08,714 [pool-27-thread-1] INFO  server.RaftServerConfigKeys (ConfUtils.java:logGet(43)) - raft.server.log.statemachine.data.sync.timeout = 10s (default)
2019-11-18 08:32:08,714 [pool-37-thread-1] INFO  server.RaftServerConfigKeys (ConfUtils.java:logGet(43)) - raft.server.log.statemachine.data.sync.timeout = 10s (default)
2019-11-18 08:32:08,715 [pool-47-thread-1] INFO  server.RaftServerConfigKeys (ConfUtils.java:logGet(43)) - raft.server.log.statemachine.data.sync.timeout.retry = -1 (default)
2019-11-18 08:32:08,715 [pool-27-thread-1] INFO  server.RaftServerConfigKeys (ConfUtils.java:logGet(43)) - raft.server.log.statemachine.data.sync.timeout.retry = -1 (default)
2019-11-18 08:32:08,715 [pool-37-thread-1] INFO  server.RaftServerConfigKeys (ConfUtils.java:logGet(43)) - raft.server.log.statemachine.data.sync.timeout.retry = -1 (default)
2019-11-18 08:32:08,732 [pool-27-thread-1] INFO  server.RaftServerConfigKeys (ConfUtils.java:logGet(43)) - raft.server.log.statemachine.data.caching.enabled = true (custom)
2019-11-18 08:32:08,732 [pool-37-thread-1] INFO  server.RaftServerConfigKeys (ConfUtils.java:logGet(43)) - raft.server.log.statemachine.data.caching.enabled = true (custom)
2019-11-18 08:32:08,732 [pool-47-thread-1] INFO  server.RaftServerConfigKeys (ConfUtils.java:logGet(43)) - raft.server.log.statemachine.data.caching.enabled = true (custom)
2019-11-18 08:32:08,739 [pool-27-thread-1] INFO  segmented.SegmentedRaftLogWorker (SegmentedRaftLogWorker.java:lambda$new$0(128)) - f025706f-8746-40c7-b303-5ebba0896263@group-2E22FCC668F2-SegmentedRaftLogWorker: flushIndex: setUnconditionally 0 -> -1
2019-11-18 08:32:08,740 [pool-47-thread-1] INFO  segmented.SegmentedRaftLogWorker (SegmentedRaftLogWorker.java:lambda$new$0(128)) - 4d0c1be6-dcf4-47c9-8b71-e075f2be00b3@group-F8ABC77224E3-SegmentedRaftLogWorker: flushIndex: setUnconditionally 0 -> -1
2019-11-18 08:32:08,740 [pool-37-thread-1] INFO  segmented.SegmentedRaftLogWorker (SegmentedRaftLogWorker.java:lambda$new$0(128)) - ef6852d0-2a34-4052-8c02-43245b215a2d@group-19BDDD1BC6E3-SegmentedRaftLogWorker: flushIndex: setUnconditionally 0 -> -1
2019-11-18 08:32:08,744 [pool-27-thread-1] INFO  server.RaftServerConfigKeys (ConfUtils.java:logGet(43)) - raft.server.snapshot.auto.trigger.enabled = true (custom)
2019-11-18 08:32:08,745 [pool-47-thread-1] INFO  server.RaftServerConfigKeys (ConfUtils.java:logGet(43)) - raft.server.snapshot.auto.trigger.enabled = true (custom)
2019-11-18 08:32:08,745 [pool-37-thread-1] INFO  server.RaftServerConfigKeys (ConfUtils.java:logGet(43)) - raft.server.snapshot.auto.trigger.enabled = true (custom)
2019-11-18 08:32:08,746 [pool-27-thread-1] INFO  server.RaftServerConfigKeys (ConfUtils.java:logGet(43)) - raft.server.snapshot.auto.trigger.threshold = 10000 (custom)
2019-11-18 08:32:08,746 [pool-37-thread-1] INFO  server.RaftServerConfigKeys (ConfUtils.java:logGet(43)) - raft.server.snapshot.auto.trigger.threshold = 10000 (custom)
2019-11-18 08:32:08,746 [pool-47-thread-1] INFO  server.RaftServerConfigKeys (ConfUtils.java:logGet(43)) - raft.server.snapshot.auto.trigger.threshold = 10000 (custom)
2019-11-18 08:32:08,747 [pool-27-thread-1] INFO  server.RaftServerConfigKeys (ConfUtils.java:logGet(43)) - raft.server.snapshot.retention.file.num = 5 (custom)
2019-11-18 08:32:08,747 [pool-37-thread-1] INFO  server.RaftServerConfigKeys (ConfUtils.java:logGet(43)) - raft.server.snapshot.retention.file.num = 5 (custom)
2019-11-18 08:32:08,747 [pool-47-thread-1] INFO  server.RaftServerConfigKeys (ConfUtils.java:logGet(43)) - raft.server.snapshot.retention.file.num = 5 (custom)
2019-11-18 08:32:08,747 [pool-37-thread-1] INFO  server.RaftServerConfigKeys (ConfUtils.java:logGet(43)) - raft.server.retrycache.expirytime = 600000ms (custom)
2019-11-18 08:32:08,748 [pool-47-thread-1] INFO  server.RaftServerConfigKeys (ConfUtils.java:logGet(43)) - raft.server.retrycache.expirytime = 600000ms (custom)
2019-11-18 08:32:08,747 [pool-27-thread-1] INFO  server.RaftServerConfigKeys (ConfUtils.java:logGet(43)) - raft.server.retrycache.expirytime = 600000ms (custom)
2019-11-18 08:32:08,780 [pool-27-thread-1] WARN  impl.MetricRegistriesImpl (MetricRegistriesImpl.java:lambda$create$1(61)) - First MetricRegistry has been created without registering reporters. You may need to call MetricRegistries.global().addReportRegistration(...) before.
2019-11-18 08:32:08,780 [pool-37-thread-1] WARN  impl.MetricRegistriesImpl (MetricRegistriesImpl.java:lambda$create$1(61)) - First MetricRegistry has been created without registering reporters. You may need to call MetricRegistries.global().addReportRegistration(...) before.
2019-11-18 08:32:08,780 [pool-47-thread-1] WARN  impl.MetricRegistriesImpl (MetricRegistriesImpl.java:lambda$create$1(61)) - First MetricRegistry has been created without registering reporters. You may need to call MetricRegistries.global().addReportRegistration(...) before.
2019-11-18 08:32:08,783 [pool-27-thread-1] WARN  impl.MetricRegistriesImpl (MetricRegistriesImpl.java:lambda$create$1(61)) - First MetricRegistry has been created without registering reporters. You may need to call MetricRegistries.global().addReportRegistration(...) before.
2019-11-18 08:32:08,783 [pool-47-thread-1] WARN  impl.MetricRegistriesImpl (MetricRegistriesImpl.java:lambda$create$1(61)) - First MetricRegistry has been created without registering reporters. You may need to call MetricRegistries.global().addReportRegistration(...) before.
2019-11-18 08:32:08,783 [pool-37-thread-1] WARN  impl.MetricRegistriesImpl (MetricRegistriesImpl.java:lambda$create$1(61)) - First MetricRegistry has been created without registering reporters. You may need to call MetricRegistries.global().addReportRegistration(...) before.
2019-11-18 08:32:08,786 [pool-27-thread-1] INFO  impl.RaftServerImpl (RaftServerImpl.java:start(184)) - f025706f-8746-40c7-b303-5ebba0896263@group-2E22FCC668F2: start as a follower, conf=-1: [f025706f-8746-40c7-b303-5ebba0896263:192.168.157.197:42977], old=null
2019-11-18 08:32:08,786 [pool-47-thread-1] INFO  impl.RaftServerImpl (RaftServerImpl.java:start(184)) - 4d0c1be6-dcf4-47c9-8b71-e075f2be00b3@group-F8ABC77224E3: start as a follower, conf=-1: [4d0c1be6-dcf4-47c9-8b71-e075f2be00b3:192.168.157.197:37475], old=null
2019-11-18 08:32:08,786 [pool-37-thread-1] INFO  impl.RaftServerImpl (RaftServerImpl.java:start(184)) - ef6852d0-2a34-4052-8c02-43245b215a2d@group-19BDDD1BC6E3: start as a follower, conf=-1: [ef6852d0-2a34-4052-8c02-43245b215a2d:192.168.157.197:40364], old=null
2019-11-18 08:32:08,787 [pool-27-thread-1] INFO  impl.RaftServerImpl (RaftServerImpl.java:setRole(173)) - f025706f-8746-40c7-b303-5ebba0896263@group-2E22FCC668F2: changes role from      null to FOLLOWER at term 0 for startAsFollower
2019-11-18 08:32:08,787 [pool-47-thread-1] INFO  impl.RaftServerImpl (RaftServerImpl.java:setRole(173)) - 4d0c1be6-dcf4-47c9-8b71-e075f2be00b3@group-F8ABC77224E3: changes role from      null to FOLLOWER at term 0 for startAsFollower
2019-11-18 08:32:08,787 [pool-37-thread-1] INFO  impl.RaftServerImpl (RaftServerImpl.java:setRole(173)) - ef6852d0-2a34-4052-8c02-43245b215a2d@group-19BDDD1BC6E3: changes role from      null to FOLLOWER at term 0 for startAsFollower
2019-11-18 08:32:08,789 [pool-37-thread-1] INFO  impl.RoleInfo (RoleInfo.java:updateAndGet(143)) - ef6852d0-2a34-4052-8c02-43245b215a2d: start FollowerState
2019-11-18 08:32:08,789 [pool-47-thread-1] INFO  impl.RoleInfo (RoleInfo.java:updateAndGet(143)) - 4d0c1be6-dcf4-47c9-8b71-e075f2be00b3: start FollowerState
2019-11-18 08:32:08,789 [pool-27-thread-1] INFO  impl.RoleInfo (RoleInfo.java:updateAndGet(143)) - f025706f-8746-40c7-b303-5ebba0896263: start FollowerState
2019-11-18 08:32:08,794 [pool-37-thread-1] INFO  util.JmxRegister (JmxRegister.java:tryRegister(44)) - Successfully registered JMX Bean with object name Ratis:service=RaftServer,group=group-19BDDD1BC6E3,id=ef6852d0-2a34-4052-8c02-43245b215a2d
2019-11-18 08:32:08,795 [pool-47-thread-1] INFO  util.JmxRegister (JmxRegister.java:tryRegister(44)) - Successfully registered JMX Bean with object name Ratis:service=RaftServer,group=group-F8ABC77224E3,id=4d0c1be6-dcf4-47c9-8b71-e075f2be00b3
2019-11-18 08:32:08,800 [pool-27-thread-1] INFO  util.JmxRegister (JmxRegister.java:tryRegister(44)) - Successfully registered JMX Bean with object name Ratis:service=RaftServer,group=group-2E22FCC668F2,id=f025706f-8746-40c7-b303-5ebba0896263
2019-11-18 08:32:08,801 [pool-47-thread-1] WARN  impl.MetricRegistriesImpl (MetricRegistriesImpl.java:lambda$create$1(61)) - First MetricRegistry has been created without registering reporters. You may need to call MetricRegistries.global().addReportRegistration(...) before.
2019-11-18 08:32:08,801 [pool-37-thread-1] WARN  impl.MetricRegistriesImpl (MetricRegistriesImpl.java:lambda$create$1(61)) - First MetricRegistry has been created without registering reporters. You may need to call MetricRegistries.global().addReportRegistration(...) before.
2019-11-18 08:32:08,801 [pool-27-thread-1] WARN  impl.MetricRegistriesImpl (MetricRegistriesImpl.java:lambda$create$1(61)) - First MetricRegistry has been created without registering reporters. You may need to call MetricRegistries.global().addReportRegistration(...) before.
2019-11-18 08:32:08,819 [Command processor thread] INFO  commandhandler.CreatePipelineCommandHandler (CreatePipelineCommandHandler.java:handle(86)) - Create Pipeline RATIS ONE #id: "0c812f58-e29e-4b2e-b2c0-f8abc77224e3"
 command succeed on datanode 4d0c1be6-dcf4-47c9-8b71-e075f2be00b3.
2019-11-18 08:32:08,819 [Command processor thread] INFO  commandhandler.CreatePipelineCommandHandler (CreatePipelineCommandHandler.java:handle(86)) - Create Pipeline RATIS ONE #id: "1f27d548-821e-4bf8-8205-2e22fcc668f2"
 command succeed on datanode f025706f-8746-40c7-b303-5ebba0896263.
2019-11-18 08:32:08,819 [Command processor thread] INFO  commandhandler.CreatePipelineCommandHandler (CreatePipelineCommandHandler.java:handle(86)) - Create Pipeline RATIS ONE #id: "c0aec616-6e8e-4bfa-8cda-19bddd1bc6e3"
 command succeed on datanode ef6852d0-2a34-4052-8c02-43245b215a2d.
2019-11-18 08:32:08,826 [Command processor thread] INFO  impl.RaftServerProxy (RaftServerProxy.java:addNew(89)) - f025706f-8746-40c7-b303-5ebba0896263: addNew group-DC3C0AC4C3A0:[4d0c1be6-dcf4-47c9-8b71-e075f2be00b3:192.168.157.197:37475, ef6852d0-2a34-4052-8c02-43245b215a2d:192.168.157.197:40364, f025706f-8746-40c7-b303-5ebba0896263:192.168.157.197:42977] returns group-DC3C0AC4C3A0:java.util.concurrent.CompletableFuture@330f9468[Not completed]
2019-11-18 08:32:08,826 [Command processor thread] INFO  impl.RaftServerProxy (RaftServerProxy.java:addNew(89)) - ef6852d0-2a34-4052-8c02-43245b215a2d: addNew group-DC3C0AC4C3A0:[4d0c1be6-dcf4-47c9-8b71-e075f2be00b3:192.168.157.197:37475, ef6852d0-2a34-4052-8c02-43245b215a2d:192.168.157.197:40364, f025706f-8746-40c7-b303-5ebba0896263:192.168.157.197:42977] returns group-DC3C0AC4C3A0:java.util.concurrent.CompletableFuture@509a1a4d[Not completed]
2019-11-18 08:32:08,826 [Command processor thread] INFO  impl.RaftServerProxy (RaftServerProxy.java:addNew(89)) - 4d0c1be6-dcf4-47c9-8b71-e075f2be00b3: addNew group-DC3C0AC4C3A0:[4d0c1be6-dcf4-47c9-8b71-e075f2be00b3:192.168.157.197:37475, ef6852d0-2a34-4052-8c02-43245b215a2d:192.168.157.197:40364, f025706f-8746-40c7-b303-5ebba0896263:192.168.157.197:42977] returns group-DC3C0AC4C3A0:java.util.concurrent.CompletableFuture@65c5c496[Not completed]
2019-11-18 08:32:08,830 [pool-27-thread-1] INFO  impl.RaftServerImpl (RaftServerImpl.java:<init>(98)) - f025706f-8746-40c7-b303-5ebba0896263: new RaftServerImpl for group-DC3C0AC4C3A0:[4d0c1be6-dcf4-47c9-8b71-e075f2be00b3:192.168.157.197:37475, ef6852d0-2a34-4052-8c02-43245b215a2d:192.168.157.197:40364, f025706f-8746-40c7-b303-5ebba0896263:192.168.157.197:42977] with ContainerStateMachine:uninitialized
2019-11-18 08:32:08,830 [pool-27-thread-1] INFO  server.RaftServerConfigKeys (ConfUtils.java:logGet(43)) - raft.server.rpc.timeout.min = 5s (custom)
2019-11-18 08:32:08,830 [pool-27-thread-1] INFO  server.RaftServerConfigKeys (ConfUtils.java:logGet(43)) - raft.server.rpc.timeout.max = 5200ms (custom)
2019-11-18 08:32:08,830 [pool-27-thread-1] INFO  server.RaftServerConfigKeys (ConfUtils.java:logGet(43)) - raft.server.rpcslowness.timeout = 120s (custom)
2019-11-18 08:32:08,830 [pool-27-thread-1] INFO  server.RaftServerConfigKeys (ConfUtils.java:logGet(43)) - raft.server.sleep.deviation.threshold = 300 (default)
2019-11-18 08:32:08,831 [pool-27-thread-1] INFO  server.RaftServerConfigKeys (ConfUtils.java:logGet(43)) - raft.server.log.appender.install.snapshot.enabled = false (custom)
2019-11-18 08:32:08,831 [pool-27-thread-1] INFO  impl.RaftServerImpl (ServerState.java:<init>(103)) - f025706f-8746-40c7-b303-5ebba0896263@group-DC3C0AC4C3A0: ConfigurationManager, init=-1: [4d0c1be6-dcf4-47c9-8b71-e075f2be00b3:192.168.157.197:37475, ef6852d0-2a34-4052-8c02-43245b215a2d:192.168.157.197:40364, f025706f-8746-40c7-b303-5ebba0896263:192.168.157.197:42977], old=null, confs=<EMPTY_MAP>
2019-11-18 08:32:08,831 [pool-27-thread-1] INFO  server.RaftServerConfigKeys (ConfUtils.java:logGet(43)) - raft.server.storage.dir = [/workdir/hadoop-ozone/tools/target/test-dir/MiniOzoneClusterImpl-642e5cf4-cfc0-4d71-a493-596cc6c4d5f5/datanode-0/data/ratis] (custom)
2019-11-18 08:32:08,831 [pool-37-thread-1] INFO  impl.RaftServerImpl (RaftServerImpl.java:<init>(98)) - ef6852d0-2a34-4052-8c02-43245b215a2d: new RaftServerImpl for group-DC3C0AC4C3A0:[4d0c1be6-dcf4-47c9-8b71-e075f2be00b3:192.168.157.197:37475, ef6852d0-2a34-4052-8c02-43245b215a2d:192.168.157.197:40364, f025706f-8746-40c7-b303-5ebba0896263:192.168.157.197:42977] with ContainerStateMachine:uninitialized
2019-11-18 08:32:08,831 [pool-27-thread-1] INFO  server.RaftServerConfigKeys (ConfUtils.java:logGet(43)) - raft.server.log.corruption.policy = EXCEPTION (default)
2019-11-18 08:32:08,831 [pool-37-thread-1] INFO  server.RaftServerConfigKeys (ConfUtils.java:logGet(43)) - raft.server.rpc.timeout.min = 5s (custom)
2019-11-18 08:32:08,832 [pool-27-thread-1] INFO  storage.RaftStorageDirectory (RaftStorageDirectory.java:analyzeStorage(246)) - The storage directory /workdir/hadoop-ozone/tools/target/test-dir/MiniOzoneClusterImpl-642e5cf4-cfc0-4d71-a493-596cc6c4d5f5/datanode-0/data/ratis/417d21d9-777c-4628-b558-dc3c0ac4c3a0 does not exist. Creating ...
2019-11-18 08:32:08,832 [pool-37-thread-1] INFO  server.RaftServerConfigKeys (ConfUtils.java:logGet(43)) - raft.server.rpc.timeout.max = 5200ms (custom)
2019-11-18 08:32:08,832 [pool-37-thread-1] INFO  server.RaftServerConfigKeys (ConfUtils.java:logGet(43)) - raft.server.rpcslowness.timeout = 120s (custom)
2019-11-18 08:32:08,832 [pool-47-thread-1] INFO  impl.RaftServerImpl (RaftServerImpl.java:<init>(98)) - 4d0c1be6-dcf4-47c9-8b71-e075f2be00b3: new RaftServerImpl for group-DC3C0AC4C3A0:[4d0c1be6-dcf4-47c9-8b71-e075f2be00b3:192.168.157.197:37475, ef6852d0-2a34-4052-8c02-43245b215a2d:192.168.157.197:40364, f025706f-8746-40c7-b303-5ebba0896263:192.168.157.197:42977] with ContainerStateMachine:uninitialized
2019-11-18 08:32:08,832 [pool-37-thread-1] INFO  server.RaftServerConfigKeys (ConfUtils.java:logGet(43)) - raft.server.sleep.deviation.threshold = 300 (default)
2019-11-18 08:32:08,832 [pool-47-thread-1] INFO  server.RaftServerConfigKeys (ConfUtils.java:logGet(43)) - raft.server.rpc.timeout.min = 5s (custom)
2019-11-18 08:32:08,832 [pool-37-thread-1] INFO  server.RaftServerConfigKeys (ConfUtils.java:logGet(43)) - raft.server.log.appender.install.snapshot.enabled = false (custom)
2019-11-18 08:32:08,833 [pool-47-thread-1] INFO  server.RaftServerConfigKeys (ConfUtils.java:logGet(43)) - raft.server.rpc.timeout.max = 5200ms (custom)
2019-11-18 08:32:08,833 [pool-37-thread-1] INFO  impl.RaftServerImpl (ServerState.java:<init>(103)) - ef6852d0-2a34-4052-8c02-43245b215a2d@group-DC3C0AC4C3A0: ConfigurationManager, init=-1: [4d0c1be6-dcf4-47c9-8b71-e075f2be00b3:192.168.157.197:37475, ef6852d0-2a34-4052-8c02-43245b215a2d:192.168.157.197:40364, f025706f-8746-40c7-b303-5ebba0896263:192.168.157.197:42977], old=null, confs=<EMPTY_MAP>
2019-11-18 08:32:08,833 [pool-47-thread-1] INFO  server.RaftServerConfigKeys (ConfUtils.java:logGet(43)) - raft.server.rpcslowness.timeout = 120s (custom)
2019-11-18 08:32:08,833 [pool-47-thread-1] INFO  server.RaftServerConfigKeys (ConfUtils.java:logGet(43)) - raft.server.sleep.deviation.threshold = 300 (default)
2019-11-18 08:32:08,833 [pool-37-thread-1] INFO  server.RaftServerConfigKeys (ConfUtils.java:logGet(43)) - raft.server.storage.dir = [/workdir/hadoop-ozone/tools/target/test-dir/MiniOzoneClusterImpl-642e5cf4-cfc0-4d71-a493-596cc6c4d5f5/datanode-1/data/ratis] (custom)
2019-11-18 08:32:08,833 [pool-47-thread-1] INFO  server.RaftServerConfigKeys (ConfUtils.java:logGet(43)) - raft.server.log.appender.install.snapshot.enabled = false (custom)
2019-11-18 08:32:08,833 [pool-47-thread-1] INFO  impl.RaftServerImpl (ServerState.java:<init>(103)) - 4d0c1be6-dcf4-47c9-8b71-e075f2be00b3@group-DC3C0AC4C3A0: ConfigurationManager, init=-1: [4d0c1be6-dcf4-47c9-8b71-e075f2be00b3:192.168.157.197:37475, ef6852d0-2a34-4052-8c02-43245b215a2d:192.168.157.197:40364, f025706f-8746-40c7-b303-5ebba0896263:192.168.157.197:42977], old=null, confs=<EMPTY_MAP>
2019-11-18 08:32:08,834 [pool-37-thread-1] INFO  server.RaftServerConfigKeys (ConfUtils.java:logGet(43)) - raft.server.log.corruption.policy = EXCEPTION (default)
2019-11-18 08:32:08,834 [pool-47-thread-1] INFO  server.RaftServerConfigKeys (ConfUtils.java:logGet(43)) - raft.server.storage.dir = [/workdir/hadoop-ozone/tools/target/test-dir/MiniOzoneClusterImpl-642e5cf4-cfc0-4d71-a493-596cc6c4d5f5/datanode-2/data/ratis] (custom)
2019-11-18 08:32:08,834 [pool-37-thread-1] INFO  storage.RaftStorageDirectory (RaftStorageDirectory.java:analyzeStorage(246)) - The storage directory /workdir/hadoop-ozone/tools/target/test-dir/MiniOzoneClusterImpl-642e5cf4-cfc0-4d71-a493-596cc6c4d5f5/datanode-1/data/ratis/417d21d9-777c-4628-b558-dc3c0ac4c3a0 does not exist. Creating ...
2019-11-18 08:32:08,834 [pool-47-thread-1] INFO  server.RaftServerConfigKeys (ConfUtils.java:logGet(43)) - raft.server.log.corruption.policy = EXCEPTION (default)
2019-11-18 08:32:08,834 [pool-47-thread-1] INFO  storage.RaftStorageDirectory (RaftStorageDirectory.java:analyzeStorage(246)) - The storage directory /workdir/hadoop-ozone/tools/target/test-dir/MiniOzoneClusterImpl-642e5cf4-cfc0-4d71-a493-596cc6c4d5f5/datanode-2/data/ratis/417d21d9-777c-4628-b558-dc3c0ac4c3a0 does not exist. Creating ...
2019-11-18 08:32:08,843 [EventQueue-PipelineReportForPipelineReportHandler] INFO  pipeline.PipelineReportHandler (PipelineReportHandler.java:processPipelineReport(113)) - Pipeline ONE PipelineID=0c812f58-e29e-4b2e-b2c0-f8abc77224e3 reported by 4d0c1be6-dcf4-47c9-8b71-e075f2be00b3{ip: 192.168.157.197, host: pr-hdds-2524-lxhdt-1925616124, networkLocation: /default-rack, certSerialId: null}
2019-11-18 08:32:08,844 [EventQueue-PipelineReportForPipelineReportHandler] INFO  pipeline.PipelineStateManager (PipelineStateManager.java:openPipeline(132)) - Pipeline Pipeline[ Id: 0c812f58-e29e-4b2e-b2c0-f8abc77224e3, Nodes: 4d0c1be6-dcf4-47c9-8b71-e075f2be00b3{ip: 192.168.157.197, host: pr-hdds-2524-lxhdt-1925616124, networkLocation: /default-rack, certSerialId: null}, Type:RATIS, Factor:ONE, State:ALLOCATED] moved to OPEN state
2019-11-18 08:32:08,846 [EventQueue-OpenPipelineForOneReplicaPipelineSafeModeRule] INFO  safemode.SCMSafeModeManager (SCMSafeModeManager.java:validateSafeModeExitRules(176)) - AtleastOneDatanodeReportedRule rule is successfully validated
2019-11-18 08:32:08,846 [EventQueue-PipelineReportForPipelineReportHandler] INFO  pipeline.PipelineReportHandler (PipelineReportHandler.java:processPipelineReport(113)) - Pipeline ONE PipelineID=1f27d548-821e-4bf8-8205-2e22fcc668f2 reported by f025706f-8746-40c7-b303-5ebba0896263{ip: 192.168.157.197, host: pr-hdds-2524-lxhdt-1925616124, networkLocation: /default-rack, certSerialId: null}
2019-11-18 08:32:08,846 [EventQueue-OpenPipelineForHealthyPipelineSafeModeRule] INFO  safemode.SCMSafeModeManager (HealthyPipelineSafeModeRule.java:process(132)) - SCM in safe mode. Healthy pipelines reported count is 0, required healthy pipeline reported count is 1
2019-11-18 08:32:08,846 [EventQueue-PipelineReportForPipelineReportHandler] INFO  pipeline.PipelineStateManager (PipelineStateManager.java:openPipeline(132)) - Pipeline Pipeline[ Id: 1f27d548-821e-4bf8-8205-2e22fcc668f2, Nodes: f025706f-8746-40c7-b303-5ebba0896263{ip: 192.168.157.197, host: pr-hdds-2524-lxhdt-1925616124, networkLocation: /default-rack, certSerialId: null}, Type:RATIS, Factor:ONE, State:ALLOCATED] moved to OPEN state
2019-11-18 08:32:08,847 [EventQueue-OpenPipelineForOneReplicaPipelineSafeModeRule] INFO  safemode.SCMSafeModeManager (SCMSafeModeManager.java:validateSafeModeExitRules(176)) - AtleastOneDatanodeReportedRule rule is successfully validated
2019-11-18 08:32:08,847 [EventQueue-PipelineReportForPipelineReportHandler] INFO  pipeline.PipelineReportHandler (PipelineReportHandler.java:processPipelineReport(113)) - Pipeline ONE PipelineID=c0aec616-6e8e-4bfa-8cda-19bddd1bc6e3 reported by ef6852d0-2a34-4052-8c02-43245b215a2d{ip: 192.168.157.197, host: pr-hdds-2524-lxhdt-1925616124, networkLocation: /default-rack, certSerialId: null}
2019-11-18 08:32:08,847 [EventQueue-OpenPipelineForHealthyPipelineSafeModeRule] INFO  safemode.SCMSafeModeManager (HealthyPipelineSafeModeRule.java:process(132)) - SCM in safe mode. Healthy pipelines reported count is 0, required healthy pipeline reported count is 1
2019-11-18 08:32:08,847 [EventQueue-PipelineReportForPipelineReportHandler] INFO  pipeline.PipelineStateManager (PipelineStateManager.java:openPipeline(132)) - Pipeline Pipeline[ Id: c0aec616-6e8e-4bfa-8cda-19bddd1bc6e3, Nodes: ef6852d0-2a34-4052-8c02-43245b215a2d{ip: 192.168.157.197, host: pr-hdds-2524-lxhdt-1925616124, networkLocation: /default-rack, certSerialId: null}, Type:RATIS, Factor:ONE, State:ALLOCATED] moved to OPEN state
2019-11-18 08:32:08,847 [EventQueue-OpenPipelineForOneReplicaPipelineSafeModeRule] INFO  safemode.SCMSafeModeManager (SCMSafeModeManager.java:validateSafeModeExitRules(176)) - AtleastOneDatanodeReportedRule rule is successfully validated
2019-11-18 08:32:08,847 [EventQueue-OpenPipelineForHealthyPipelineSafeModeRule] INFO  safemode.SCMSafeModeManager (HealthyPipelineSafeModeRule.java:process(132)) - SCM in safe mode. Healthy pipelines reported count is 0, required healthy pipeline reported count is 1
2019-11-18 08:32:08,854 [pool-47-thread-1] INFO  storage.RaftStorageDirectory (RaftStorageDirectory.java:tryLock(328)) - Lock on /workdir/hadoop-ozone/tools/target/test-dir/MiniOzoneClusterImpl-642e5cf4-cfc0-4d71-a493-596cc6c4d5f5/datanode-2/data/ratis/417d21d9-777c-4628-b558-dc3c0ac4c3a0/in_use.lock acquired by nodename 31540@pr-hdds-2524-lxhdt-1925616124
2019-11-18 08:32:08,854 [pool-27-thread-1] INFO  storage.RaftStorageDirectory (RaftStorageDirectory.java:tryLock(328)) - Lock on /workdir/hadoop-ozone/tools/target/test-dir/MiniOzoneClusterImpl-642e5cf4-cfc0-4d71-a493-596cc6c4d5f5/datanode-0/data/ratis/417d21d9-777c-4628-b558-dc3c0ac4c3a0/in_use.lock acquired by nodename 31540@pr-hdds-2524-lxhdt-1925616124
2019-11-18 08:32:08,854 [pool-37-thread-1] INFO  storage.RaftStorageDirectory (RaftStorageDirectory.java:tryLock(328)) - Lock on /workdir/hadoop-ozone/tools/target/test-dir/MiniOzoneClusterImpl-642e5cf4-cfc0-4d71-a493-596cc6c4d5f5/datanode-1/data/ratis/417d21d9-777c-4628-b558-dc3c0ac4c3a0/in_use.lock acquired by nodename 31540@pr-hdds-2524-lxhdt-1925616124
2019-11-18 08:32:08,884 [pool-37-thread-1] INFO  storage.RaftStorage (RaftStorage.java:format(84)) - Storage directory /workdir/hadoop-ozone/tools/target/test-dir/MiniOzoneClusterImpl-642e5cf4-cfc0-4d71-a493-596cc6c4d5f5/datanode-1/data/ratis/417d21d9-777c-4628-b558-dc3c0ac4c3a0 has been successfully formatted.
2019-11-18 08:32:08,884 [pool-47-thread-1] INFO  storage.RaftStorage (RaftStorage.java:format(84)) - Storage directory /workdir/hadoop-ozone/tools/target/test-dir/MiniOzoneClusterImpl-642e5cf4-cfc0-4d71-a493-596cc6c4d5f5/datanode-2/data/ratis/417d21d9-777c-4628-b558-dc3c0ac4c3a0 has been successfully formatted.
2019-11-18 08:32:08,884 [pool-27-thread-1] INFO  storage.RaftStorage (RaftStorage.java:format(84)) - Storage directory /workdir/hadoop-ozone/tools/target/test-dir/MiniOzoneClusterImpl-642e5cf4-cfc0-4d71-a493-596cc6c4d5f5/datanode-0/data/ratis/417d21d9-777c-4628-b558-dc3c0ac4c3a0 has been successfully formatted.
2019-11-18 08:32:08,884 [pool-37-thread-1] INFO  ratis.ContainerStateMachine (ContainerStateMachine.java:loadSnapshot(223)) - group-DC3C0AC4C3A0: The snapshot info is null. Setting the last applied indexto:(t:0, i:~)
2019-11-18 08:32:08,884 [pool-47-thread-1] INFO  ratis.ContainerStateMachine (ContainerStateMachine.java:loadSnapshot(223)) - group-DC3C0AC4C3A0: The snapshot info is null. Setting the last applied indexto:(t:0, i:~)
2019-11-18 08:32:08,885 [pool-27-thread-1] INFO  ratis.ContainerStateMachine (ContainerStateMachine.java:loadSnapshot(223)) - group-DC3C0AC4C3A0: The snapshot info is null. Setting the last applied indexto:(t:0, i:~)
2019-11-18 08:32:08,885 [pool-37-thread-1] INFO  server.RaftServerConfigKeys (ConfUtils.java:logGet(43)) - raft.server.notification.no-leader.timeout = 120s (custom)
2019-11-18 08:32:08,885 [pool-27-thread-1] INFO  server.RaftServerConfigKeys (ConfUtils.java:logGet(43)) - raft.server.notification.no-leader.timeout = 120s (custom)
2019-11-18 08:32:08,885 [pool-47-thread-1] INFO  server.RaftServerConfigKeys (ConfUtils.java:logGet(43)) - raft.server.notification.no-leader.timeout = 120s (custom)
2019-11-18 08:32:08,885 [pool-27-thread-1] INFO  server.RaftServerConfigKeys (ConfUtils.java:logGet(43)) - raft.server.log.use.memory = false (default)
2019-11-18 08:32:08,885 [pool-37-thread-1] INFO  server.RaftServerConfigKeys (ConfUtils.java:logGet(43)) - raft.server.log.use.memory = false (default)
2019-11-18 08:32:08,886 [pool-27-thread-1] INFO  server.RaftServerConfigKeys (ConfUtils.java:logGet(43)) - raft.server.log.purge.gap = 1000000 (custom)
2019-11-18 08:32:08,885 [pool-47-thread-1] INFO  server.RaftServerConfigKeys (ConfUtils.java:logGet(43)) - raft.server.log.use.memory = false (default)
2019-11-18 08:32:08,886 [pool-27-thread-1] INFO  server.RaftServerConfigKeys (ConfUtils.java:logGet(43)) - raft.server.log.appender.buffer.byte-limit = 33554432 (custom)
2019-11-18 08:32:08,886 [pool-37-thread-1] INFO  server.RaftServerConfigKeys (ConfUtils.java:logGet(43)) - raft.server.log.purge.gap = 1000000 (custom)
2019-11-18 08:32:08,886 [pool-27-thread-1] INFO  server.RaftServerConfigKeys (ConfUtils.java:logGet(43)) - raft.server.log.segment.size.max = 1048576 (custom)
2019-11-18 08:32:08,886 [pool-47-thread-1] INFO  server.RaftServerConfigKeys (ConfUtils.java:logGet(43)) - raft.server.log.purge.gap = 1000000 (custom)
2019-11-18 08:32:08,886 [pool-37-thread-1] INFO  server.RaftServerConfigKeys (ConfUtils.java:logGet(43)) - raft.server.log.appender.buffer.byte-limit = 33554432 (custom)
2019-11-18 08:32:08,887 [pool-27-thread-1] INFO  server.RaftServerConfigKeys (ConfUtils.java:logGet(43)) - raft.server.log.segment.cache.num.max = 2 (custom)
2019-11-18 08:32:08,887 [pool-47-thread-1] INFO  server.RaftServerConfigKeys (ConfUtils.java:logGet(43)) - raft.server.log.appender.buffer.byte-limit = 33554432 (custom)
2019-11-18 08:32:08,887 [pool-27-thread-1] INFO  segmented.SegmentedRaftLogWorker (SegmentedRaftLogWorker.java:<init>(173)) - new f025706f-8746-40c7-b303-5ebba0896263@group-DC3C0AC4C3A0-SegmentedRaftLogWorker for RaftStorage:Storage Directory /workdir/hadoop-ozone/tools/target/test-dir/MiniOzoneClusterImpl-642e5cf4-cfc0-4d71-a493-596cc6c4d5f5/datanode-0/data/ratis/417d21d9-777c-4628-b558-dc3c0ac4c3a0
2019-11-18 08:32:08,887 [pool-37-thread-1] INFO  server.RaftServerConfigKeys (ConfUtils.java:logGet(43)) - raft.server.log.segment.size.max = 1048576 (custom)
2019-11-18 08:32:08,887 [pool-27-thread-1] INFO  server.RaftServerConfigKeys (ConfUtils.java:logGet(43)) - raft.server.log.queue.byte-limit = 2147483647 (custom)
2019-11-18 08:32:08,887 [pool-47-thread-1] INFO  server.RaftServerConfigKeys (ConfUtils.java:logGet(43)) - raft.server.log.segment.size.max = 1048576 (custom)
2019-11-18 08:32:08,887 [pool-27-thread-1] INFO  server.RaftServerConfigKeys (ConfUtils.java:logGet(43)) - raft.server.log.queue.element-limit = 1024 (custom)
2019-11-18 08:32:08,887 [pool-37-thread-1] INFO  server.RaftServerConfigKeys (ConfUtils.java:logGet(43)) - raft.server.log.segment.cache.num.max = 2 (custom)
2019-11-18 08:32:08,888 [pool-27-thread-1] INFO  server.RaftServerConfigKeys (ConfUtils.java:logGet(43)) - raft.server.log.segment.size.max = 1048576 (custom)
2019-11-18 08:32:08,888 [pool-47-thread-1] INFO  server.RaftServerConfigKeys (ConfUtils.java:logGet(43)) - raft.server.log.segment.cache.num.max = 2 (custom)
2019-11-18 08:32:08,888 [pool-27-thread-1] INFO  server.RaftServerConfigKeys (ConfUtils.java:logGet(43)) - raft.server.log.preallocated.size = 16384 (custom)
2019-11-18 08:32:08,888 [pool-37-thread-1] INFO  segmented.SegmentedRaftLogWorker (SegmentedRaftLogWorker.java:<init>(173)) - new ef6852d0-2a34-4052-8c02-43245b215a2d@group-DC3C0AC4C3A0-SegmentedRaftLogWorker for RaftStorage:Storage Directory /workdir/hadoop-ozone/tools/target/test-dir/MiniOzoneClusterImpl-642e5cf4-cfc0-4d71-a493-596cc6c4d5f5/datanode-1/data/ratis/417d21d9-777c-4628-b558-dc3c0ac4c3a0
2019-11-18 08:32:08,888 [pool-27-thread-1] INFO  server.RaftServerConfigKeys (ConfUtils.java:logGet(43)) - raft.server.log.write.buffer.size = 33554432 (custom)
2019-11-18 08:32:08,888 [pool-47-thread-1] INFO  segmented.SegmentedRaftLogWorker (SegmentedRaftLogWorker.java:<init>(173)) - new 4d0c1be6-dcf4-47c9-8b71-e075f2be00b3@group-DC3C0AC4C3A0-SegmentedRaftLogWorker for RaftStorage:Storage Directory /workdir/hadoop-ozone/tools/target/test-dir/MiniOzoneClusterImpl-642e5cf4-cfc0-4d71-a493-596cc6c4d5f5/datanode-2/data/ratis/417d21d9-777c-4628-b558-dc3c0ac4c3a0
2019-11-18 08:32:08,889 [pool-27-thread-1] INFO  server.RaftServerConfigKeys (ConfUtils.java:logGet(43)) - raft.server.log.force.sync.num = 128 (default)
2019-11-18 08:32:08,888 [pool-37-thread-1] INFO  server.RaftServerConfigKeys (ConfUtils.java:logGet(43)) - raft.server.log.queue.byte-limit = 2147483647 (custom)
2019-11-18 08:32:08,889 [pool-27-thread-1] INFO  server.RaftServerConfigKeys (ConfUtils.java:logGet(43)) - raft.server.log.statemachine.data.sync = true (default)
2019-11-18 08:32:08,889 [pool-47-thread-1] INFO  server.RaftServerConfigKeys (ConfUtils.java:logGet(43)) - raft.server.log.queue.byte-limit = 2147483647 (custom)
2019-11-18 08:32:08,889 [pool-27-thread-1] INFO  server.RaftServerConfigKeys (ConfUtils.java:logGet(43)) - raft.server.log.statemachine.data.sync.timeout = 10s (default)
2019-11-18 08:32:08,889 [pool-37-thread-1] INFO  server.RaftServerConfigKeys (ConfUtils.java:logGet(43)) - raft.server.log.queue.element-limit = 1024 (custom)
2019-11-18 08:32:08,890 [pool-27-thread-1] INFO  server.RaftServerConfigKeys (ConfUtils.java:logGet(43)) - raft.server.log.statemachine.data.sync.timeout.retry = -1 (default)
2019-11-18 08:32:08,889 [pool-47-thread-1] INFO  server.RaftServerConfigKeys (ConfUtils.java:logGet(43)) - raft.server.log.queue.element-limit = 1024 (custom)
2019-11-18 08:32:08,890 [pool-27-thread-1] INFO  server.RaftServerConfigKeys (ConfUtils.java:logGet(43)) - raft.server.log.statemachine.data.caching.enabled = true (custom)
2019-11-18 08:32:08,890 [pool-37-thread-1] INFO  server.RaftServerConfigKeys (ConfUtils.java:logGet(43)) - raft.server.log.segment.size.max = 1048576 (custom)
2019-11-18 08:32:08,890 [pool-47-thread-1] INFO  server.RaftServerConfigKeys (ConfUtils.java:logGet(43)) - raft.server.log.segment.size.max = 1048576 (custom)
2019-11-18 08:32:08,890 [pool-27-thread-1] INFO  segmented.SegmentedRaftLogWorker (SegmentedRaftLogWorker.java:lambda$new$0(128)) - f025706f-8746-40c7-b303-5ebba0896263@group-DC3C0AC4C3A0-SegmentedRaftLogWorker: flushIndex: setUnconditionally 0 -> -1
2019-11-18 08:32:08,890 [pool-37-thread-1] INFO  server.RaftServerConfigKeys (ConfUtils.java:logGet(43)) - raft.server.log.preallocated.size = 16384 (custom)
2019-11-18 08:32:08,890 [pool-47-thread-1] INFO  server.RaftServerConfigKeys (ConfUtils.java:logGet(43)) - raft.server.log.preallocated.size = 16384 (custom)
2019-11-18 08:32:08,891 [pool-37-thread-1] INFO  server.RaftServerConfigKeys (ConfUtils.java:logGet(43)) - raft.server.log.write.buffer.size = 33554432 (custom)
2019-11-18 08:32:08,891 [pool-47-thread-1] INFO  server.RaftServerConfigKeys (ConfUtils.java:logGet(43)) - raft.server.log.write.buffer.size = 33554432 (custom)
2019-11-18 08:32:08,891 [pool-27-thread-1] INFO  server.RaftServerConfigKeys (ConfUtils.java:logGet(43)) - raft.server.snapshot.auto.trigger.enabled = true (custom)
2019-11-18 08:32:08,891 [pool-47-thread-1] INFO  server.RaftServerConfigKeys (ConfUtils.java:logGet(43)) - raft.server.log.force.sync.num = 128 (default)
2019-11-18 08:32:08,891 [pool-37-thread-1] INFO  server.RaftServerConfigKeys (ConfUtils.java:logGet(43)) - raft.server.log.force.sync.num = 128 (default)
2019-11-18 08:32:08,892 [pool-47-thread-1] INFO  server.RaftServerConfigKeys (ConfUtils.java:logGet(43)) - raft.server.log.statemachine.data.sync = true (default)
2019-11-18 08:32:08,891 [pool-27-thread-1] INFO  server.RaftServerConfigKeys (ConfUtils.java:logGet(43)) - raft.server.snapshot.auto.trigger.threshold = 10000 (custom)
2019-11-18 08:32:08,892 [pool-47-thread-1] INFO  server.RaftServerConfigKeys (ConfUtils.java:logGet(43)) - raft.server.log.statemachine.data.sync.timeout = 10s (default)
2019-11-18 08:32:08,892 [pool-37-thread-1] INFO  server.RaftServerConfigKeys (ConfUtils.java:logGet(43)) - raft.server.log.statemachine.data.sync = true (default)
2019-11-18 08:32:08,892 [pool-47-thread-1] INFO  server.RaftServerConfigKeys (ConfUtils.java:logGet(43)) - raft.server.log.statemachine.data.sync.timeout.retry = -1 (default)
2019-11-18 08:32:08,892 [pool-27-thread-1] INFO  server.RaftServerConfigKeys (ConfUtils.java:logGet(43)) - raft.server.snapshot.retention.file.num = 5 (custom)
2019-11-18 08:32:08,892 [pool-47-thread-1] INFO  server.RaftServerConfigKeys (ConfUtils.java:logGet(43)) - raft.server.log.statemachine.data.caching.enabled = true (custom)
2019-11-18 08:32:08,892 [pool-37-thread-1] INFO  server.RaftServerConfigKeys (ConfUtils.java:logGet(43)) - raft.server.log.statemachine.data.sync.timeout = 10s (default)
2019-11-18 08:32:08,893 [pool-27-thread-1] INFO  server.RaftServerConfigKeys (ConfUtils.java:logGet(43)) - raft.server.retrycache.expirytime = 600000ms (custom)
2019-11-18 08:32:08,893 [pool-47-thread-1] INFO  segmented.SegmentedRaftLogWorker (SegmentedRaftLogWorker.java:lambda$new$0(128)) - 4d0c1be6-dcf4-47c9-8b71-e075f2be00b3@group-DC3C0AC4C3A0-SegmentedRaftLogWorker: flushIndex: setUnconditionally 0 -> -1
2019-11-18 08:32:08,893 [pool-37-thread-1] INFO  server.RaftServerConfigKeys (ConfUtils.java:logGet(43)) - raft.server.log.statemachine.data.sync.timeout.retry = -1 (default)
2019-11-18 08:32:08,893 [pool-27-thread-1] WARN  impl.MetricRegistriesImpl (MetricRegistriesImpl.java:lambda$create$1(61)) - First MetricRegistry has been created without registering reporters. You may need to call MetricRegistries.global().addReportRegistration(...) before.
2019-11-18 08:32:08,893 [pool-37-thread-1] INFO  server.RaftServerConfigKeys (ConfUtils.java:logGet(43)) - raft.server.log.statemachine.data.caching.enabled = true (custom)
2019-11-18 08:32:08,893 [pool-47-thread-1] INFO  server.RaftServerConfigKeys (ConfUtils.java:logGet(43)) - raft.server.snapshot.auto.trigger.enabled = true (custom)
2019-11-18 08:32:08,893 [pool-27-thread-1] WARN  impl.MetricRegistriesImpl (MetricRegistriesImpl.java:lambda$create$1(61)) - First MetricRegistry has been created without registering reporters. You may need to call MetricRegistries.global().addReportRegistration(...) before.
2019-11-18 08:32:08,894 [pool-37-thread-1] INFO  segmented.SegmentedRaftLogWorker (SegmentedRaftLogWorker.java:lambda$new$0(128)) - ef6852d0-2a34-4052-8c02-43245b215a2d@group-DC3C0AC4C3A0-SegmentedRaftLogWorker: flushIndex: setUnconditionally 0 -> -1
2019-11-18 08:32:08,894 [pool-47-thread-1] INFO  server.RaftServerConfigKeys (ConfUtils.java:logGet(43)) - raft.server.snapshot.auto.trigger.threshold = 10000 (custom)
2019-11-18 08:32:08,894 [pool-27-thread-1] INFO  impl.RaftServerImpl (RaftServerImpl.java:start(184)) - f025706f-8746-40c7-b303-5ebba0896263@group-DC3C0AC4C3A0: start as a follower, conf=-1: [4d0c1be6-dcf4-47c9-8b71-e075f2be00b3:192.168.157.197:37475, ef6852d0-2a34-4052-8c02-43245b215a2d:192.168.157.197:40364, f025706f-8746-40c7-b303-5ebba0896263:192.168.157.197:42977], old=null
2019-11-18 08:32:08,894 [pool-37-thread-1] INFO  server.RaftServerConfigKeys (ConfUtils.java:logGet(43)) - raft.server.snapshot.auto.trigger.enabled = true (custom)
2019-11-18 08:32:08,894 [pool-47-thread-1] INFO  server.RaftServerConfigKeys (ConfUtils.java:logGet(43)) - raft.server.snapshot.retention.file.num = 5 (custom)
2019-11-18 08:32:08,894 [pool-37-thread-1] INFO  server.RaftServerConfigKeys (ConfUtils.java:logGet(43)) - raft.server.snapshot.auto.trigger.threshold = 10000 (custom)
2019-11-18 08:32:08,894 [pool-27-thread-1] INFO  impl.RaftServerImpl (RaftServerImpl.java:setRole(173)) - f025706f-8746-40c7-b303-5ebba0896263@group-DC3C0AC4C3A0: changes role from      null to FOLLOWER at term 0 for startAsFollower
2019-11-18 08:32:08,895 [pool-37-thread-1] INFO  server.RaftServerConfigKeys (ConfUtils.java:logGet(43)) - raft.server.snapshot.retention.file.num = 5 (custom)
2019-11-18 08:32:08,895 [pool-47-thread-1] INFO  server.RaftServerConfigKeys (ConfUtils.java:logGet(43)) - raft.server.retrycache.expirytime = 600000ms (custom)
2019-11-18 08:32:08,895 [pool-37-thread-1] INFO  server.RaftServerConfigKeys (ConfUtils.java:logGet(43)) - raft.server.retrycache.expirytime = 600000ms (custom)
2019-11-18 08:32:08,895 [pool-47-thread-1] WARN  impl.MetricRegistriesImpl (MetricRegistriesImpl.java:lambda$create$1(61)) - First MetricRegistry has been created without registering reporters. You may need to call MetricRegistries.global().addReportRegistration(...) before.
2019-11-18 08:32:08,895 [pool-27-thread-1] INFO  impl.RoleInfo (RoleInfo.java:updateAndGet(143)) - f025706f-8746-40c7-b303-5ebba0896263: start FollowerState
2019-11-18 08:32:08,895 [pool-47-thread-1] WARN  impl.MetricRegistriesImpl (MetricRegistriesImpl.java:lambda$create$1(61)) - First MetricRegistry has been created without registering reporters. You may need to call MetricRegistries.global().addReportRegistration(...) before.
2019-11-18 08:32:08,895 [pool-37-thread-1] WARN  impl.MetricRegistriesImpl (MetricRegistriesImpl.java:lambda$create$1(61)) - First MetricRegistry has been created without registering reporters. You may need to call MetricRegistries.global().addReportRegistration(...) before.
2019-11-18 08:32:08,896 [pool-47-thread-1] INFO  impl.RaftServerImpl (RaftServerImpl.java:start(184)) - 4d0c1be6-dcf4-47c9-8b71-e075f2be00b3@group-DC3C0AC4C3A0: start as a follower, conf=-1: [4d0c1be6-dcf4-47c9-8b71-e075f2be00b3:192.168.157.197:37475, ef6852d0-2a34-4052-8c02-43245b215a2d:192.168.157.197:40364, f025706f-8746-40c7-b303-5ebba0896263:192.168.157.197:42977], old=null
2019-11-18 08:32:08,896 [pool-37-thread-1] WARN  impl.MetricRegistriesImpl (MetricRegistriesImpl.java:lambda$create$1(61)) - First MetricRegistry has been created without registering reporters. You may need to call MetricRegistries.global().addReportRegistration(...) before.
2019-11-18 08:32:08,896 [pool-47-thread-1] INFO  impl.RaftServerImpl (RaftServerImpl.java:setRole(173)) - 4d0c1be6-dcf4-47c9-8b71-e075f2be00b3@group-DC3C0AC4C3A0: changes role from      null to FOLLOWER at term 0 for startAsFollower
2019-11-18 08:32:08,896 [pool-27-thread-1] INFO  util.JmxRegister (JmxRegister.java:tryRegister(44)) - Successfully registered JMX Bean with object name Ratis:service=RaftServer,group=group-DC3C0AC4C3A0,id=f025706f-8746-40c7-b303-5ebba0896263
2019-11-18 08:32:08,896 [pool-47-thread-1] INFO  impl.RoleInfo (RoleInfo.java:updateAndGet(143)) - 4d0c1be6-dcf4-47c9-8b71-e075f2be00b3: start FollowerState
2019-11-18 08:32:08,896 [pool-37-thread-1] INFO  impl.RaftServerImpl (RaftServerImpl.java:start(184)) - ef6852d0-2a34-4052-8c02-43245b215a2d@group-DC3C0AC4C3A0: start as a follower, conf=-1: [4d0c1be6-dcf4-47c9-8b71-e075f2be00b3:192.168.157.197:37475, ef6852d0-2a34-4052-8c02-43245b215a2d:192.168.157.197:40364, f025706f-8746-40c7-b303-5ebba0896263:192.168.157.197:42977], old=null
2019-11-18 08:32:08,896 [pool-27-thread-1] WARN  impl.MetricRegistriesImpl (MetricRegistriesImpl.java:lambda$create$1(61)) - First MetricRegistry has been created without registering reporters. You may need to call MetricRegistries.global().addReportRegistration(...) before.
2019-11-18 08:32:08,897 [pool-37-thread-1] INFO  impl.RaftServerImpl (RaftServerImpl.java:setRole(173)) - ef6852d0-2a34-4052-8c02-43245b215a2d@group-DC3C0AC4C3A0: changes role from      null to FOLLOWER at term 0 for startAsFollower
2019-11-18 08:32:08,897 [pool-47-thread-1] INFO  util.JmxRegister (JmxRegister.java:tryRegister(44)) - Successfully registered JMX Bean with object name Ratis:service=RaftServer,group=group-DC3C0AC4C3A0,id=4d0c1be6-dcf4-47c9-8b71-e075f2be00b3
2019-11-18 08:32:08,897 [pool-37-thread-1] INFO  impl.RoleInfo (RoleInfo.java:updateAndGet(143)) - ef6852d0-2a34-4052-8c02-43245b215a2d: start FollowerState
2019-11-18 08:32:08,897 [pool-47-thread-1] WARN  impl.MetricRegistriesImpl (MetricRegistriesImpl.java:lambda$create$1(61)) - First MetricRegistry has been created without registering reporters. You may need to call MetricRegistries.global().addReportRegistration(...) before.
2019-11-18 08:32:08,897 [pool-37-thread-1] INFO  util.JmxRegister (JmxRegister.java:tryRegister(44)) - Successfully registered JMX Bean with object name Ratis:service=RaftServer,group=group-DC3C0AC4C3A0,id=ef6852d0-2a34-4052-8c02-43245b215a2d
2019-11-18 08:32:08,897 [Command processor thread] INFO  commandhandler.CreatePipelineCommandHandler (CreatePipelineCommandHandler.java:handle(86)) - Create Pipeline RATIS THREE #id: "417d21d9-777c-4628-b558-dc3c0ac4c3a0"
 command succeed on datanode f025706f-8746-40c7-b303-5ebba0896263.
2019-11-18 08:32:08,898 [pool-37-thread-1] WARN  impl.MetricRegistriesImpl (MetricRegistriesImpl.java:lambda$create$1(61)) - First MetricRegistry has been created without registering reporters. You may need to call MetricRegistries.global().addReportRegistration(...) before.
2019-11-18 08:32:08,898 [Command processor thread] INFO  commandhandler.CreatePipelineCommandHandler (CreatePipelineCommandHandler.java:handle(86)) - Create Pipeline RATIS THREE #id: "417d21d9-777c-4628-b558-dc3c0ac4c3a0"
 command succeed on datanode 4d0c1be6-dcf4-47c9-8b71-e075f2be00b3.
2019-11-18 08:32:08,898 [Command processor thread] INFO  commandhandler.CreatePipelineCommandHandler (CreatePipelineCommandHandler.java:handle(86)) - Create Pipeline RATIS THREE #id: "417d21d9-777c-4628-b558-dc3c0ac4c3a0"
 command succeed on datanode ef6852d0-2a34-4052-8c02-43245b215a2d.
2019-11-18 08:32:08,902 [EventQueue-PipelineReportForPipelineReportHandler] INFO  pipeline.PipelineReportHandler (PipelineReportHandler.java:processPipelineReport(113)) - Pipeline THREE PipelineID=417d21d9-777c-4628-b558-dc3c0ac4c3a0 reported by f025706f-8746-40c7-b303-5ebba0896263{ip: 192.168.157.197, host: pr-hdds-2524-lxhdt-1925616124, networkLocation: /default-rack, certSerialId: null}
2019-11-18 08:32:08,903 [EventQueue-PipelineReportForPipelineReportHandler] INFO  pipeline.PipelineReportHandler (PipelineReportHandler.java:processPipelineReport(113)) - Pipeline THREE PipelineID=417d21d9-777c-4628-b558-dc3c0ac4c3a0 reported by 4d0c1be6-dcf4-47c9-8b71-e075f2be00b3{ip: 192.168.157.197, host: pr-hdds-2524-lxhdt-1925616124, networkLocation: /default-rack, certSerialId: null}
2019-11-18 08:32:08,903 [EventQueue-PipelineReportForPipelineReportHandler] INFO  pipeline.PipelineReportHandler (PipelineReportHandler.java:processPipelineReport(113)) - Pipeline THREE PipelineID=417d21d9-777c-4628-b558-dc3c0ac4c3a0 reported by ef6852d0-2a34-4052-8c02-43245b215a2d{ip: 192.168.157.197, host: pr-hdds-2524-lxhdt-1925616124, networkLocation: /default-rack, certSerialId: null}
2019-11-18 08:32:09,614 [main] INFO  ozone.MiniOzoneClusterImpl (MiniOzoneClusterImpl.java:lambda$waitForClusterToBeReady$0(150)) - Nodes are ready. Got 3 of 3 DN Heartbeats.
2019-11-18 08:32:09,614 [main] INFO  ozone.MiniOzoneClusterImpl (MiniOzoneClusterImpl.java:lambda$waitForClusterToBeReady$0(153)) - Waiting for cluster to exit safe mode
2019-11-18 08:32:10,615 [main] INFO  ozone.MiniOzoneClusterImpl (MiniOzoneClusterImpl.java:lambda$waitForClusterToBeReady$0(150)) - Nodes are ready. Got 3 of 3 DN Heartbeats.
2019-11-18 08:32:10,615 [main] INFO  ozone.MiniOzoneClusterImpl (MiniOzoneClusterImpl.java:lambda$waitForClusterToBeReady$0(153)) - Waiting for cluster to exit safe mode
2019-11-18 08:32:11,616 [main] INFO  ozone.MiniOzoneClusterImpl (MiniOzoneClusterImpl.java:lambda$waitForClusterToBeReady$0(150)) - Nodes are ready. Got 3 of 3 DN Heartbeats.
2019-11-18 08:32:11,616 [main] INFO  ozone.MiniOzoneClusterImpl (MiniOzoneClusterImpl.java:lambda$waitForClusterToBeReady$0(153)) - Waiting for cluster to exit safe mode
2019-11-18 08:32:12,616 [main] INFO  ozone.MiniOzoneClusterImpl (MiniOzoneClusterImpl.java:lambda$waitForClusterToBeReady$0(150)) - Nodes are ready. Got 3 of 3 DN Heartbeats.
2019-11-18 08:32:12,617 [main] INFO  ozone.MiniOzoneClusterImpl (MiniOzoneClusterImpl.java:lambda$waitForClusterToBeReady$0(153)) - Waiting for cluster to exit safe mode
2019-11-18 08:32:13,617 [main] INFO  ozone.MiniOzoneClusterImpl (MiniOzoneClusterImpl.java:lambda$waitForClusterToBeReady$0(150)) - Nodes are ready. Got 3 of 3 DN Heartbeats.
2019-11-18 08:32:13,618 [main] INFO  ozone.MiniOzoneClusterImpl (MiniOzoneClusterImpl.java:lambda$waitForClusterToBeReady$0(153)) - Waiting for cluster to exit safe mode
2019-11-18 08:32:13,850 [Thread-182] INFO  impl.FollowerState (FollowerState.java:run(111)) - ef6852d0-2a34-4052-8c02-43245b215a2d@group-19BDDD1BC6E3-FollowerState: change to CANDIDATE, lastRpcTime:5061ms, electionTimeout:5058ms
2019-11-18 08:32:13,851 [Thread-182] INFO  impl.RoleInfo (RoleInfo.java:shutdownFollowerState(121)) - ef6852d0-2a34-4052-8c02-43245b215a2d: shutdown FollowerState
2019-11-18 08:32:13,851 [Thread-182] INFO  impl.RaftServerImpl (RaftServerImpl.java:setRole(173)) - ef6852d0-2a34-4052-8c02-43245b215a2d@group-19BDDD1BC6E3: changes role from  FOLLOWER to CANDIDATE at term 0 for changeToCandidate
2019-11-18 08:32:13,855 [Thread-182] INFO  impl.RoleInfo (RoleInfo.java:updateAndGet(143)) - ef6852d0-2a34-4052-8c02-43245b215a2d: start LeaderElection
2019-11-18 08:32:13,893 [ef6852d0-2a34-4052-8c02-43245b215a2d@group-19BDDD1BC6E3-LeaderElection1] INFO  impl.LeaderElection (LeaderElection.java:askForVotes(178)) - ef6852d0-2a34-4052-8c02-43245b215a2d@group-19BDDD1BC6E3-LeaderElection1: begin an election at term 1 for -1: [ef6852d0-2a34-4052-8c02-43245b215a2d:192.168.157.197:40364], old=null
2019-11-18 08:32:13,895 [ef6852d0-2a34-4052-8c02-43245b215a2d@group-19BDDD1BC6E3-LeaderElection1] INFO  impl.RoleInfo (RoleInfo.java:shutdownLeaderElection(134)) - ef6852d0-2a34-4052-8c02-43245b215a2d: shutdown LeaderElection
2019-11-18 08:32:13,896 [ef6852d0-2a34-4052-8c02-43245b215a2d@group-19BDDD1BC6E3-LeaderElection1] INFO  impl.RaftServerImpl (RaftServerImpl.java:setRole(173)) - ef6852d0-2a34-4052-8c02-43245b215a2d@group-19BDDD1BC6E3: changes role from CANDIDATE to LEADER at term 1 for changeToLeader
2019-11-18 08:32:13,896 [ef6852d0-2a34-4052-8c02-43245b215a2d@group-19BDDD1BC6E3-LeaderElection1] INFO  ratis.XceiverServerRatis (XceiverServerRatis.java:handleLeaderChangedNotification(733)) - Leader change notification received for group: group-19BDDD1BC6E3 with new leaderId: ef6852d0-2a34-4052-8c02-43245b215a2d
2019-11-18 08:32:13,897 [ef6852d0-2a34-4052-8c02-43245b215a2d@group-19BDDD1BC6E3-LeaderElection1] INFO  impl.RaftServerImpl (ServerState.java:setLeader(255)) - ef6852d0-2a34-4052-8c02-43245b215a2d@group-19BDDD1BC6E3: change Leader from null to ef6852d0-2a34-4052-8c02-43245b215a2d at term 1 for becomeLeader, leader elected after 5244ms
2019-11-18 08:32:13,903 [EventQueue-PipelineReportForPipelineReportHandler] INFO  pipeline.PipelineReportHandler (PipelineReportHandler.java:processPipelineReport(113)) - Pipeline THREE PipelineID=417d21d9-777c-4628-b558-dc3c0ac4c3a0 reported by ef6852d0-2a34-4052-8c02-43245b215a2d{ip: 192.168.157.197, host: pr-hdds-2524-lxhdt-1925616124, networkLocation: /default-rack, certSerialId: null}
2019-11-18 08:32:13,906 [ef6852d0-2a34-4052-8c02-43245b215a2d@group-19BDDD1BC6E3-LeaderElection1] INFO  server.RaftServerConfigKeys (ConfUtils.java:logGet(43)) - raft.server.staging.catchup.gap = 1000 (default)
2019-11-18 08:32:13,906 [ef6852d0-2a34-4052-8c02-43245b215a2d@group-19BDDD1BC6E3-LeaderElection1] INFO  server.RaftServerConfigKeys (ConfUtils.java:logGet(43)) - raft.server.rpc.sleep.time = 25ms (default)
2019-11-18 08:32:13,911 [ef6852d0-2a34-4052-8c02-43245b215a2d@group-19BDDD1BC6E3-LeaderElection1] INFO  server.RaftServerConfigKeys (ConfUtils.java:logGet(43)) - raft.server.write.element-limit = 4096 (default)
2019-11-18 08:32:13,916 [Thread-181] INFO  impl.FollowerState (FollowerState.java:run(111)) - f025706f-8746-40c7-b303-5ebba0896263@group-2E22FCC668F2-FollowerState: change to CANDIDATE, lastRpcTime:5127ms, electionTimeout:5117ms
2019-11-18 08:32:13,917 [Thread-181] INFO  impl.RoleInfo (RoleInfo.java:shutdownFollowerState(121)) - f025706f-8746-40c7-b303-5ebba0896263: shutdown FollowerState
2019-11-18 08:32:13,918 [Thread-181] INFO  impl.RaftServerImpl (RaftServerImpl.java:setRole(173)) - f025706f-8746-40c7-b303-5ebba0896263@group-2E22FCC668F2: changes role from  FOLLOWER to CANDIDATE at term 0 for changeToCandidate
2019-11-18 08:32:13,918 [ef6852d0-2a34-4052-8c02-43245b215a2d@group-19BDDD1BC6E3-LeaderElection1] INFO  server.RaftServerConfigKeys (ConfUtils.java:logGet(43)) - raft.server.watch.timeout = 10s (default)
2019-11-18 08:32:13,918 [Thread-181] INFO  impl.RoleInfo (RoleInfo.java:updateAndGet(143)) - f025706f-8746-40c7-b303-5ebba0896263: start LeaderElection
2019-11-18 08:32:13,918 [ef6852d0-2a34-4052-8c02-43245b215a2d@group-19BDDD1BC6E3-LeaderElection1] INFO  server.RaftServerConfigKeys (ConfUtils.java:logGet(43)) - raft.server.watch.timeout.denomination = 1s (default)
2019-11-18 08:32:13,921 [ef6852d0-2a34-4052-8c02-43245b215a2d@group-19BDDD1BC6E3-LeaderElection1] INFO  server.RaftServerConfigKeys (ConfUtils.java:logGet(43)) - raft.server.watch.element-limit = 65536 (default)
2019-11-18 08:32:13,930 [ef6852d0-2a34-4052-8c02-43245b215a2d@group-19BDDD1BC6E3-LeaderElection1] INFO  impl.RoleInfo (RoleInfo.java:updateAndGet(143)) - ef6852d0-2a34-4052-8c02-43245b215a2d: start LeaderState
2019-11-18 08:32:13,944 [f025706f-8746-40c7-b303-5ebba0896263@group-2E22FCC668F2-LeaderElection2] INFO  impl.LeaderElection (LeaderElection.java:askForVotes(178)) - f025706f-8746-40c7-b303-5ebba0896263@group-2E22FCC668F2-LeaderElection2: begin an election at term 1 for -1: [f025706f-8746-40c7-b303-5ebba0896263:192.168.157.197:42977], old=null
2019-11-18 08:32:13,945 [f025706f-8746-40c7-b303-5ebba0896263@group-2E22FCC668F2-LeaderElection2] INFO  impl.RoleInfo (RoleInfo.java:shutdownLeaderElection(134)) - f025706f-8746-40c7-b303-5ebba0896263: shutdown LeaderElection
2019-11-18 08:32:13,945 [f025706f-8746-40c7-b303-5ebba0896263@group-2E22FCC668F2-LeaderElection2] INFO  impl.RaftServerImpl (RaftServerImpl.java:setRole(173)) - f025706f-8746-40c7-b303-5ebba0896263@group-2E22FCC668F2: changes role from CANDIDATE to LEADER at term 1 for changeToLeader
2019-11-18 08:32:13,945 [f025706f-8746-40c7-b303-5ebba0896263@group-2E22FCC668F2-LeaderElection2] INFO  ratis.XceiverServerRatis (XceiverServerRatis.java:handleLeaderChangedNotification(733)) - Leader change notification received for group: group-2E22FCC668F2 with new leaderId: f025706f-8746-40c7-b303-5ebba0896263
2019-11-18 08:32:13,946 [f025706f-8746-40c7-b303-5ebba0896263@group-2E22FCC668F2-LeaderElection2] INFO  impl.RaftServerImpl (ServerState.java:setLeader(255)) - f025706f-8746-40c7-b303-5ebba0896263@group-2E22FCC668F2: change Leader from null to f025706f-8746-40c7-b303-5ebba0896263 at term 1 for becomeLeader, leader elected after 5293ms
2019-11-18 08:32:13,946 [f025706f-8746-40c7-b303-5ebba0896263@group-2E22FCC668F2-LeaderElection2] INFO  server.RaftServerConfigKeys (ConfUtils.java:logGet(43)) - raft.server.staging.catchup.gap = 1000 (default)
2019-11-18 08:32:13,946 [f025706f-8746-40c7-b303-5ebba0896263@group-2E22FCC668F2-LeaderElection2] INFO  server.RaftServerConfigKeys (ConfUtils.java:logGet(43)) - raft.server.rpc.sleep.time = 25ms (default)
2019-11-18 08:32:13,946 [f025706f-8746-40c7-b303-5ebba0896263@group-2E22FCC668F2-LeaderElection2] INFO  server.RaftServerConfigKeys (ConfUtils.java:logGet(43)) - raft.server.write.element-limit = 4096 (default)
2019-11-18 08:32:13,947 [f025706f-8746-40c7-b303-5ebba0896263@group-2E22FCC668F2-LeaderElection2] INFO  server.RaftServerConfigKeys (ConfUtils.java:logGet(43)) - raft.server.watch.timeout = 10s (default)
2019-11-18 08:32:13,947 [f025706f-8746-40c7-b303-5ebba0896263@group-2E22FCC668F2-LeaderElection2] INFO  server.RaftServerConfigKeys (ConfUtils.java:logGet(43)) - raft.server.watch.timeout.denomination = 1s (default)
2019-11-18 08:32:13,948 [f025706f-8746-40c7-b303-5ebba0896263@group-2E22FCC668F2-LeaderElection2] INFO  server.RaftServerConfigKeys (ConfUtils.java:logGet(43)) - raft.server.watch.element-limit = 65536 (default)
2019-11-18 08:32:13,948 [f025706f-8746-40c7-b303-5ebba0896263@group-2E22FCC668F2-LeaderElection2] INFO  impl.RoleInfo (RoleInfo.java:updateAndGet(143)) - f025706f-8746-40c7-b303-5ebba0896263: start LeaderState
2019-11-18 08:32:13,948 [EventQueue-PipelineReportForPipelineReportHandler] INFO  pipeline.PipelineReportHandler (PipelineReportHandler.java:processPipelineReport(113)) - Pipeline THREE PipelineID=417d21d9-777c-4628-b558-dc3c0ac4c3a0 reported by f025706f-8746-40c7-b303-5ebba0896263{ip: 192.168.157.197, host: pr-hdds-2524-lxhdt-1925616124, networkLocation: /default-rack, certSerialId: null}
2019-11-18 08:32:13,953 [ef6852d0-2a34-4052-8c02-43245b215a2d@group-19BDDD1BC6E3-LeaderElection1] INFO  segmented.SegmentedRaftLogWorker (SegmentedRaftLogWorker.java:startLogSegment(385)) - ef6852d0-2a34-4052-8c02-43245b215a2d@group-19BDDD1BC6E3-SegmentedRaftLogWorker: Starting segment from index:0
2019-11-18 08:32:13,953 [f025706f-8746-40c7-b303-5ebba0896263@group-2E22FCC668F2-LeaderElection2] INFO  segmented.SegmentedRaftLogWorker (SegmentedRaftLogWorker.java:startLogSegment(385)) - f025706f-8746-40c7-b303-5ebba0896263@group-2E22FCC668F2-SegmentedRaftLogWorker: Starting segment from index:0
2019-11-18 08:32:13,957 [Thread-191] INFO  impl.FollowerState (FollowerState.java:run(111)) - ef6852d0-2a34-4052-8c02-43245b215a2d@group-DC3C0AC4C3A0-FollowerState: change to CANDIDATE, lastRpcTime:5059ms, electionTimeout:5059ms
2019-11-18 08:32:13,957 [Thread-191] INFO  impl.RoleInfo (RoleInfo.java:shutdownFollowerState(121)) - ef6852d0-2a34-4052-8c02-43245b215a2d: shutdown FollowerState
2019-11-18 08:32:13,957 [Thread-191] INFO  impl.RaftServerImpl (RaftServerImpl.java:setRole(173)) - ef6852d0-2a34-4052-8c02-43245b215a2d@group-DC3C0AC4C3A0: changes role from  FOLLOWER to CANDIDATE at term 0 for changeToCandidate
2019-11-18 08:32:13,957 [Thread-191] INFO  impl.RoleInfo (RoleInfo.java:updateAndGet(143)) - ef6852d0-2a34-4052-8c02-43245b215a2d: start LeaderElection
2019-11-18 08:32:13,963 [Thread-183] INFO  impl.FollowerState (FollowerState.java:run(111)) - 4d0c1be6-dcf4-47c9-8b71-e075f2be00b3@group-F8ABC77224E3-FollowerState: change to CANDIDATE, lastRpcTime:5174ms, electionTimeout:5168ms
2019-11-18 08:32:13,963 [Thread-183] INFO  impl.RoleInfo (RoleInfo.java:shutdownFollowerState(121)) - 4d0c1be6-dcf4-47c9-8b71-e075f2be00b3: shutdown FollowerState
2019-11-18 08:32:13,964 [Thread-183] INFO  impl.RaftServerImpl (RaftServerImpl.java:setRole(173)) - 4d0c1be6-dcf4-47c9-8b71-e075f2be00b3@group-F8ABC77224E3: changes role from  FOLLOWER to CANDIDATE at term 0 for changeToCandidate
2019-11-18 08:32:13,964 [Thread-183] INFO  impl.RoleInfo (RoleInfo.java:updateAndGet(143)) - 4d0c1be6-dcf4-47c9-8b71-e075f2be00b3: start LeaderElection
2019-11-18 08:32:13,980 [f025706f-8746-40c7-b303-5ebba0896263@group-2E22FCC668F2-LeaderElection2] INFO  impl.RaftServerImpl (ServerState.java:setRaftConf(356)) - f025706f-8746-40c7-b303-5ebba0896263@group-2E22FCC668F2: set configuration 0: [f025706f-8746-40c7-b303-5ebba0896263:192.168.157.197:42977], old=null at 0
2019-11-18 08:32:13,980 [ef6852d0-2a34-4052-8c02-43245b215a2d@group-19BDDD1BC6E3-LeaderElection1] INFO  impl.RaftServerImpl (ServerState.java:setRaftConf(356)) - ef6852d0-2a34-4052-8c02-43245b215a2d@group-19BDDD1BC6E3: set configuration 0: [ef6852d0-2a34-4052-8c02-43245b215a2d:192.168.157.197:40364], old=null at 0
2019-11-18 08:32:13,986 [ef6852d0-2a34-4052-8c02-43245b215a2d@group-DC3C0AC4C3A0-LeaderElection3] INFO  impl.LeaderElection (LeaderElection.java:askForVotes(178)) - ef6852d0-2a34-4052-8c02-43245b215a2d@group-DC3C0AC4C3A0-LeaderElection3: begin an election at term 1 for -1: [4d0c1be6-dcf4-47c9-8b71-e075f2be00b3:192.168.157.197:37475, ef6852d0-2a34-4052-8c02-43245b215a2d:192.168.157.197:40364, f025706f-8746-40c7-b303-5ebba0896263:192.168.157.197:42977], old=null
2019-11-18 08:32:13,986 [4d0c1be6-dcf4-47c9-8b71-e075f2be00b3@group-F8ABC77224E3-LeaderElection4] INFO  impl.LeaderElection (LeaderElection.java:askForVotes(178)) - 4d0c1be6-dcf4-47c9-8b71-e075f2be00b3@group-F8ABC77224E3-LeaderElection4: begin an election at term 1 for -1: [4d0c1be6-dcf4-47c9-8b71-e075f2be00b3:192.168.157.197:37475], old=null
2019-11-18 08:32:13,986 [4d0c1be6-dcf4-47c9-8b71-e075f2be00b3@group-F8ABC77224E3-LeaderElection4] INFO  impl.RoleInfo (RoleInfo.java:shutdownLeaderElection(134)) - 4d0c1be6-dcf4-47c9-8b71-e075f2be00b3: shutdown LeaderElection
2019-11-18 08:32:13,987 [4d0c1be6-dcf4-47c9-8b71-e075f2be00b3@group-F8ABC77224E3-LeaderElection4] INFO  impl.RaftServerImpl (RaftServerImpl.java:setRole(173)) - 4d0c1be6-dcf4-47c9-8b71-e075f2be00b3@group-F8ABC77224E3: changes role from CANDIDATE to LEADER at term 1 for changeToLeader
2019-11-18 08:32:13,987 [4d0c1be6-dcf4-47c9-8b71-e075f2be00b3@group-F8ABC77224E3-LeaderElection4] INFO  ratis.XceiverServerRatis (XceiverServerRatis.java:handleLeaderChangedNotification(733)) - Leader change notification received for group: group-F8ABC77224E3 with new leaderId: 4d0c1be6-dcf4-47c9-8b71-e075f2be00b3
2019-11-18 08:32:13,987 [4d0c1be6-dcf4-47c9-8b71-e075f2be00b3@group-F8ABC77224E3-LeaderElection4] INFO  impl.RaftServerImpl (ServerState.java:setLeader(255)) - 4d0c1be6-dcf4-47c9-8b71-e075f2be00b3@group-F8ABC77224E3: change Leader from null to 4d0c1be6-dcf4-47c9-8b71-e075f2be00b3 at term 1 for becomeLeader, leader elected after 5290ms
2019-11-18 08:32:13,987 [4d0c1be6-dcf4-47c9-8b71-e075f2be00b3@group-F8ABC77224E3-LeaderElection4] INFO  server.RaftServerConfigKeys (ConfUtils.java:logGet(43)) - raft.server.staging.catchup.gap = 1000 (default)
2019-11-18 08:32:13,987 [4d0c1be6-dcf4-47c9-8b71-e075f2be00b3@group-F8ABC77224E3-LeaderElection4] INFO  server.RaftServerConfigKeys (ConfUtils.java:logGet(43)) - raft.server.rpc.sleep.time = 25ms (default)
2019-11-18 08:32:13,988 [4d0c1be6-dcf4-47c9-8b71-e075f2be00b3@group-F8ABC77224E3-LeaderElection4] INFO  server.RaftServerConfigKeys (ConfUtils.java:logGet(43)) - raft.server.write.element-limit = 4096 (default)
2019-11-18 08:32:13,989 [4d0c1be6-dcf4-47c9-8b71-e075f2be00b3@group-F8ABC77224E3-LeaderElection4] INFO  server.RaftServerConfigKeys (ConfUtils.java:logGet(43)) - raft.server.watch.timeout = 10s (default)
2019-11-18 08:32:13,989 [4d0c1be6-dcf4-47c9-8b71-e075f2be00b3@group-F8ABC77224E3-LeaderElection4] INFO  server.RaftServerConfigKeys (ConfUtils.java:logGet(43)) - raft.server.watch.timeout.denomination = 1s (default)
2019-11-18 08:32:13,989 [4d0c1be6-dcf4-47c9-8b71-e075f2be00b3@group-F8ABC77224E3-LeaderElection4] INFO  server.RaftServerConfigKeys (ConfUtils.java:logGet(43)) - raft.server.watch.element-limit = 65536 (default)
2019-11-18 08:32:13,989 [4d0c1be6-dcf4-47c9-8b71-e075f2be00b3@group-F8ABC77224E3-LeaderElection4] INFO  impl.RoleInfo (RoleInfo.java:updateAndGet(143)) - 4d0c1be6-dcf4-47c9-8b71-e075f2be00b3: start LeaderState
2019-11-18 08:32:13,990 [4d0c1be6-dcf4-47c9-8b71-e075f2be00b3@group-F8ABC77224E3-LeaderElection4] INFO  segmented.SegmentedRaftLogWorker (SegmentedRaftLogWorker.java:startLogSegment(385)) - 4d0c1be6-dcf4-47c9-8b71-e075f2be00b3@group-F8ABC77224E3-SegmentedRaftLogWorker: Starting segment from index:0
2019-11-18 08:32:13,990 [EventQueue-PipelineReportForPipelineReportHandler] INFO  pipeline.PipelineReportHandler (PipelineReportHandler.java:processPipelineReport(113)) - Pipeline THREE PipelineID=417d21d9-777c-4628-b558-dc3c0ac4c3a0 reported by 4d0c1be6-dcf4-47c9-8b71-e075f2be00b3{ip: 192.168.157.197, host: pr-hdds-2524-lxhdt-1925616124, networkLocation: /default-rack, certSerialId: null}
2019-11-18 08:32:13,990 [4d0c1be6-dcf4-47c9-8b71-e075f2be00b3@group-F8ABC77224E3-LeaderElection4] INFO  impl.RaftServerImpl (ServerState.java:setRaftConf(356)) - 4d0c1be6-dcf4-47c9-8b71-e075f2be00b3@group-F8ABC77224E3: set configuration 0: [4d0c1be6-dcf4-47c9-8b71-e075f2be00b3:192.168.157.197:37475], old=null at 0
2019-11-18 08:32:14,007 [Thread-190] INFO  impl.FollowerState (FollowerState.java:run(111)) - 4d0c1be6-dcf4-47c9-8b71-e075f2be00b3@group-DC3C0AC4C3A0-FollowerState: change to CANDIDATE, lastRpcTime:5110ms, electionTimeout:5110ms
2019-11-18 08:32:14,007 [Thread-190] INFO  impl.RoleInfo (RoleInfo.java:shutdownFollowerState(121)) - 4d0c1be6-dcf4-47c9-8b71-e075f2be00b3: shutdown FollowerState
2019-11-18 08:32:14,007 [Thread-190] INFO  impl.RaftServerImpl (RaftServerImpl.java:setRole(173)) - 4d0c1be6-dcf4-47c9-8b71-e075f2be00b3@group-DC3C0AC4C3A0: changes role from  FOLLOWER to CANDIDATE at term 0 for changeToCandidate
2019-11-18 08:32:14,007 [Thread-190] INFO  impl.RoleInfo (RoleInfo.java:updateAndGet(143)) - 4d0c1be6-dcf4-47c9-8b71-e075f2be00b3: start LeaderElection
2019-11-18 08:32:14,036 [4d0c1be6-dcf4-47c9-8b71-e075f2be00b3@group-DC3C0AC4C3A0-LeaderElection5] INFO  impl.LeaderElection (LeaderElection.java:askForVotes(178)) - 4d0c1be6-dcf4-47c9-8b71-e075f2be00b3@group-DC3C0AC4C3A0-LeaderElection5: begin an election at term 1 for -1: [4d0c1be6-dcf4-47c9-8b71-e075f2be00b3:192.168.157.197:37475, ef6852d0-2a34-4052-8c02-43245b215a2d:192.168.157.197:40364, f025706f-8746-40c7-b303-5ebba0896263:192.168.157.197:42977], old=null
2019-11-18 08:32:14,046 [Thread-188] INFO  impl.FollowerState (FollowerState.java:run(111)) - f025706f-8746-40c7-b303-5ebba0896263@group-DC3C0AC4C3A0-FollowerState: change to CANDIDATE, lastRpcTime:5151ms, electionTimeout:5150ms
2019-11-18 08:32:14,046 [Thread-188] INFO  impl.RoleInfo (RoleInfo.java:shutdownFollowerState(121)) - f025706f-8746-40c7-b303-5ebba0896263: shutdown FollowerState
2019-11-18 08:32:14,046 [Thread-188] INFO  impl.RaftServerImpl (RaftServerImpl.java:setRole(173)) - f025706f-8746-40c7-b303-5ebba0896263@group-DC3C0AC4C3A0: changes role from  FOLLOWER to CANDIDATE at term 0 for changeToCandidate
2019-11-18 08:32:14,046 [Thread-188] INFO  impl.RoleInfo (RoleInfo.java:updateAndGet(143)) - f025706f-8746-40c7-b303-5ebba0896263: start LeaderElection
2019-11-18 08:32:14,078 [f025706f-8746-40c7-b303-5ebba0896263@group-DC3C0AC4C3A0-LeaderElection6] INFO  impl.LeaderElection (LeaderElection.java:askForVotes(178)) - f025706f-8746-40c7-b303-5ebba0896263@group-DC3C0AC4C3A0-LeaderElection6: begin an election at term 1 for -1: [4d0c1be6-dcf4-47c9-8b71-e075f2be00b3:192.168.157.197:37475, ef6852d0-2a34-4052-8c02-43245b215a2d:192.168.157.197:40364, f025706f-8746-40c7-b303-5ebba0896263:192.168.157.197:42977], old=null
2019-11-18 08:32:14,179 [f025706f-8746-40c7-b303-5ebba0896263@group-2E22FCC668F2-SegmentedRaftLogWorker] INFO  segmented.SegmentedRaftLogWorker (SegmentedRaftLogWorker.java:execute(576)) - f025706f-8746-40c7-b303-5ebba0896263@group-2E22FCC668F2-SegmentedRaftLogWorker: created new log segment /workdir/hadoop-ozone/tools/target/test-dir/MiniOzoneClusterImpl-642e5cf4-cfc0-4d71-a493-596cc6c4d5f5/datanode-0/data/ratis/1f27d548-821e-4bf8-8205-2e22fcc668f2/current/log_inprogress_0
2019-11-18 08:32:14,179 [ef6852d0-2a34-4052-8c02-43245b215a2d@group-19BDDD1BC6E3-SegmentedRaftLogWorker] INFO  segmented.SegmentedRaftLogWorker (SegmentedRaftLogWorker.java:execute(576)) - ef6852d0-2a34-4052-8c02-43245b215a2d@group-19BDDD1BC6E3-SegmentedRaftLogWorker: created new log segment /workdir/hadoop-ozone/tools/target/test-dir/MiniOzoneClusterImpl-642e5cf4-cfc0-4d71-a493-596cc6c4d5f5/datanode-1/data/ratis/c0aec616-6e8e-4bfa-8cda-19bddd1bc6e3/current/log_inprogress_0
2019-11-18 08:32:14,179 [4d0c1be6-dcf4-47c9-8b71-e075f2be00b3@group-F8ABC77224E3-SegmentedRaftLogWorker] INFO  segmented.SegmentedRaftLogWorker (SegmentedRaftLogWorker.java:execute(576)) - 4d0c1be6-dcf4-47c9-8b71-e075f2be00b3@group-F8ABC77224E3-SegmentedRaftLogWorker: created new log segment /workdir/hadoop-ozone/tools/target/test-dir/MiniOzoneClusterImpl-642e5cf4-cfc0-4d71-a493-596cc6c4d5f5/datanode-2/data/ratis/0c812f58-e29e-4b2e-b2c0-f8abc77224e3/current/log_inprogress_0
2019-11-18 08:32:14,467 [4d0c1be6-dcf4-47c9-8b71-e075f2be00b3@group-DC3C0AC4C3A0-LeaderElection5] INFO  impl.LeaderElection (LeaderElection.java:logAndReturn(56)) - 4d0c1be6-dcf4-47c9-8b71-e075f2be00b3@group-DC3C0AC4C3A0-LeaderElection5: Election REJECTED; received 2 response(s) [4d0c1be6-dcf4-47c9-8b71-e075f2be00b3<-ef6852d0-2a34-4052-8c02-43245b215a2d#0:FAIL-t1, 4d0c1be6-dcf4-47c9-8b71-e075f2be00b3<-f025706f-8746-40c7-b303-5ebba0896263#0:FAIL-t1] and 0 exception(s); 4d0c1be6-dcf4-47c9-8b71-e075f2be00b3@group-DC3C0AC4C3A0:t1, leader=null, voted=4d0c1be6-dcf4-47c9-8b71-e075f2be00b3, raftlog=4d0c1be6-dcf4-47c9-8b71-e075f2be00b3@group-DC3C0AC4C3A0-SegmentedRaftLog:OPENED:c-1,f-1,i0, conf=-1: [4d0c1be6-dcf4-47c9-8b71-e075f2be00b3:192.168.157.197:37475, ef6852d0-2a34-4052-8c02-43245b215a2d:192.168.157.197:40364, f025706f-8746-40c7-b303-5ebba0896263:192.168.157.197:42977], old=null
2019-11-18 08:32:14,468 [ef6852d0-2a34-4052-8c02-43245b215a2d@group-DC3C0AC4C3A0-LeaderElection3] INFO  impl.LeaderElection (LeaderElection.java:logAndReturn(56)) - ef6852d0-2a34-4052-8c02-43245b215a2d@group-DC3C0AC4C3A0-LeaderElection3: Election REJECTED; received 2 response(s) [ef6852d0-2a34-4052-8c02-43245b215a2d<-4d0c1be6-dcf4-47c9-8b71-e075f2be00b3#0:FAIL-t1, ef6852d0-2a34-4052-8c02-43245b215a2d<-f025706f-8746-40c7-b303-5ebba0896263#0:FAIL-t1] and 0 exception(s); ef6852d0-2a34-4052-8c02-43245b215a2d@group-DC3C0AC4C3A0:t1, leader=null, voted=ef6852d0-2a34-4052-8c02-43245b215a2d, raftlog=ef6852d0-2a34-4052-8c02-43245b215a2d@group-DC3C0AC4C3A0-SegmentedRaftLog:OPENED:c-1,f-1,i0, conf=-1: [4d0c1be6-dcf4-47c9-8b71-e075f2be00b3:192.168.157.197:37475, ef6852d0-2a34-4052-8c02-43245b215a2d:192.168.157.197:40364, f025706f-8746-40c7-b303-5ebba0896263:192.168.157.197:42977], old=null
2019-11-18 08:32:14,468 [f025706f-8746-40c7-b303-5ebba0896263@group-DC3C0AC4C3A0-LeaderElection6] INFO  impl.LeaderElection (LeaderElection.java:logAndReturn(56)) - f025706f-8746-40c7-b303-5ebba0896263@group-DC3C0AC4C3A0-LeaderElection6: Election REJECTED; received 2 response(s) [f025706f-8746-40c7-b303-5ebba0896263<-4d0c1be6-dcf4-47c9-8b71-e075f2be00b3#0:FAIL-t1, f025706f-8746-40c7-b303-5ebba0896263<-ef6852d0-2a34-4052-8c02-43245b215a2d#0:FAIL-t1] and 0 exception(s); f025706f-8746-40c7-b303-5ebba0896263@group-DC3C0AC4C3A0:t1, leader=null, voted=f025706f-8746-40c7-b303-5ebba0896263, raftlog=f025706f-8746-40c7-b303-5ebba0896263@group-DC3C0AC4C3A0-SegmentedRaftLog:OPENED:c-1,f-1,i0, conf=-1: [4d0c1be6-dcf4-47c9-8b71-e075f2be00b3:192.168.157.197:37475, ef6852d0-2a34-4052-8c02-43245b215a2d:192.168.157.197:40364, f025706f-8746-40c7-b303-5ebba0896263:192.168.157.197:42977], old=null
2019-11-18 08:32:14,470 [4d0c1be6-dcf4-47c9-8b71-e075f2be00b3@group-DC3C0AC4C3A0-LeaderElection5] INFO  impl.RaftServerImpl (RaftServerImpl.java:setRole(173)) - 4d0c1be6-dcf4-47c9-8b71-e075f2be00b3@group-DC3C0AC4C3A0: changes role from CANDIDATE to FOLLOWER at term 1 for DISCOVERED_A_NEW_TERM
2019-11-18 08:32:14,470 [ef6852d0-2a34-4052-8c02-43245b215a2d@group-DC3C0AC4C3A0-LeaderElection3] INFO  impl.RaftServerImpl (RaftServerImpl.java:setRole(173)) - ef6852d0-2a34-4052-8c02-43245b215a2d@group-DC3C0AC4C3A0: changes role from CANDIDATE to FOLLOWER at term 1 for DISCOVERED_A_NEW_TERM
2019-11-18 08:32:14,472 [f025706f-8746-40c7-b303-5ebba0896263@group-DC3C0AC4C3A0-LeaderElection6] INFO  impl.RaftServerImpl (RaftServerImpl.java:setRole(173)) - f025706f-8746-40c7-b303-5ebba0896263@group-DC3C0AC4C3A0: changes role from CANDIDATE to FOLLOWER at term 1 for DISCOVERED_A_NEW_TERM
2019-11-18 08:32:14,471 [4d0c1be6-dcf4-47c9-8b71-e075f2be00b3@group-DC3C0AC4C3A0-LeaderElection5] INFO  impl.RoleInfo (RoleInfo.java:shutdownLeaderElection(134)) - 4d0c1be6-dcf4-47c9-8b71-e075f2be00b3: shutdown LeaderElection
2019-11-18 08:32:14,472 [f025706f-8746-40c7-b303-5ebba0896263@group-DC3C0AC4C3A0-LeaderElection6] INFO  impl.RoleInfo (RoleInfo.java:shutdownLeaderElection(134)) - f025706f-8746-40c7-b303-5ebba0896263: shutdown LeaderElection
2019-11-18 08:32:14,472 [4d0c1be6-dcf4-47c9-8b71-e075f2be00b3@group-DC3C0AC4C3A0-LeaderElection5] INFO  impl.RoleInfo (RoleInfo.java:updateAndGet(143)) - 4d0c1be6-dcf4-47c9-8b71-e075f2be00b3: start FollowerState
2019-11-18 08:32:14,472 [ef6852d0-2a34-4052-8c02-43245b215a2d@group-DC3C0AC4C3A0-LeaderElection3] INFO  impl.RoleInfo (RoleInfo.java:shutdownLeaderElection(134)) - ef6852d0-2a34-4052-8c02-43245b215a2d: shutdown LeaderElection
2019-11-18 08:32:14,473 [f025706f-8746-40c7-b303-5ebba0896263@group-DC3C0AC4C3A0-LeaderElection6] INFO  impl.RoleInfo (RoleInfo.java:updateAndGet(143)) - f025706f-8746-40c7-b303-5ebba0896263: start FollowerState
2019-11-18 08:32:14,474 [ef6852d0-2a34-4052-8c02-43245b215a2d@group-DC3C0AC4C3A0-LeaderElection3] INFO  impl.RoleInfo (RoleInfo.java:updateAndGet(143)) - ef6852d0-2a34-4052-8c02-43245b215a2d: start FollowerState
2019-11-18 08:32:14,618 [main] INFO  ozone.MiniOzoneClusterImpl (MiniOzoneClusterImpl.java:lambda$waitForClusterToBeReady$0(150)) - Nodes are ready. Got 3 of 3 DN Heartbeats.
2019-11-18 08:32:14,618 [main] INFO  ozone.MiniOzoneClusterImpl (MiniOzoneClusterImpl.java:lambda$waitForClusterToBeReady$0(153)) - Waiting for cluster to exit safe mode
2019-11-18 08:32:15,619 [main] INFO  ozone.MiniOzoneClusterImpl (MiniOzoneClusterImpl.java:lambda$waitForClusterToBeReady$0(150)) - Nodes are ready. Got 3 of 3 DN Heartbeats.
2019-11-18 08:32:15,619 [main] INFO  ozone.MiniOzoneClusterImpl (MiniOzoneClusterImpl.java:lambda$waitForClusterToBeReady$0(153)) - Waiting for cluster to exit safe mode
2019-11-18 08:32:16,619 [main] INFO  ozone.MiniOzoneClusterImpl (MiniOzoneClusterImpl.java:lambda$waitForClusterToBeReady$0(150)) - Nodes are ready. Got 3 of 3 DN Heartbeats.
2019-11-18 08:32:16,620 [main] INFO  ozone.MiniOzoneClusterImpl (MiniOzoneClusterImpl.java:lambda$waitForClusterToBeReady$0(153)) - Waiting for cluster to exit safe mode
2019-11-18 08:32:17,620 [main] INFO  ozone.MiniOzoneClusterImpl (MiniOzoneClusterImpl.java:lambda$waitForClusterToBeReady$0(150)) - Nodes are ready. Got 3 of 3 DN Heartbeats.
2019-11-18 08:32:17,621 [main] INFO  ozone.MiniOzoneClusterImpl (MiniOzoneClusterImpl.java:lambda$waitForClusterToBeReady$0(153)) - Waiting for cluster to exit safe mode
2019-11-18 08:32:18,621 [main] INFO  ozone.MiniOzoneClusterImpl (MiniOzoneClusterImpl.java:lambda$waitForClusterToBeReady$0(150)) - Nodes are ready. Got 3 of 3 DN Heartbeats.
2019-11-18 08:32:18,623 [main] INFO  ozone.MiniOzoneClusterImpl (MiniOzoneClusterImpl.java:lambda$waitForClusterToBeReady$0(153)) - Waiting for cluster to exit safe mode
2019-11-18 08:32:19,482 [Thread-207] INFO  impl.FollowerState (FollowerState.java:run(111)) - 4d0c1be6-dcf4-47c9-8b71-e075f2be00b3@group-DC3C0AC4C3A0-FollowerState: change to CANDIDATE, lastRpcTime:5009ms, electionTimeout:5008ms
2019-11-18 08:32:19,482 [Thread-207] INFO  impl.RoleInfo (RoleInfo.java:shutdownFollowerState(121)) - 4d0c1be6-dcf4-47c9-8b71-e075f2be00b3: shutdown FollowerState
2019-11-18 08:32:19,482 [Thread-207] INFO  impl.RaftServerImpl (RaftServerImpl.java:setRole(173)) - 4d0c1be6-dcf4-47c9-8b71-e075f2be00b3@group-DC3C0AC4C3A0: changes role from  FOLLOWER to CANDIDATE at term 1 for changeToCandidate
2019-11-18 08:32:19,482 [Thread-207] INFO  impl.RoleInfo (RoleInfo.java:updateAndGet(143)) - 4d0c1be6-dcf4-47c9-8b71-e075f2be00b3: start LeaderElection
2019-11-18 08:32:19,487 [Thread-209] INFO  impl.FollowerState (FollowerState.java:run(111)) - ef6852d0-2a34-4052-8c02-43245b215a2d@group-DC3C0AC4C3A0-FollowerState: change to CANDIDATE, lastRpcTime:5013ms, electionTimeout:5012ms
2019-11-18 08:32:19,487 [Thread-209] INFO  impl.RoleInfo (RoleInfo.java:shutdownFollowerState(121)) - ef6852d0-2a34-4052-8c02-43245b215a2d: shutdown FollowerState
2019-11-18 08:32:19,487 [Thread-209] INFO  impl.RaftServerImpl (RaftServerImpl.java:setRole(173)) - ef6852d0-2a34-4052-8c02-43245b215a2d@group-DC3C0AC4C3A0: changes role from  FOLLOWER to CANDIDATE at term 1 for changeToCandidate
2019-11-18 08:32:19,487 [Thread-209] INFO  impl.RoleInfo (RoleInfo.java:updateAndGet(143)) - ef6852d0-2a34-4052-8c02-43245b215a2d: start LeaderElection
2019-11-18 08:32:19,509 [ef6852d0-2a34-4052-8c02-43245b215a2d@group-DC3C0AC4C3A0-LeaderElection8] INFO  impl.LeaderElection (LeaderElection.java:askForVotes(178)) - ef6852d0-2a34-4052-8c02-43245b215a2d@group-DC3C0AC4C3A0-LeaderElection8: begin an election at term 2 for -1: [4d0c1be6-dcf4-47c9-8b71-e075f2be00b3:192.168.157.197:37475, ef6852d0-2a34-4052-8c02-43245b215a2d:192.168.157.197:40364, f025706f-8746-40c7-b303-5ebba0896263:192.168.157.197:42977], old=null
2019-11-18 08:32:19,509 [4d0c1be6-dcf4-47c9-8b71-e075f2be00b3@group-DC3C0AC4C3A0-LeaderElection7] INFO  impl.LeaderElection (LeaderElection.java:askForVotes(178)) - 4d0c1be6-dcf4-47c9-8b71-e075f2be00b3@group-DC3C0AC4C3A0-LeaderElection7: begin an election at term 2 for -1: [4d0c1be6-dcf4-47c9-8b71-e075f2be00b3:192.168.157.197:37475, ef6852d0-2a34-4052-8c02-43245b215a2d:192.168.157.197:40364, f025706f-8746-40c7-b303-5ebba0896263:192.168.157.197:42977], old=null
2019-11-18 08:32:19,522 [grpc-default-executor-1] INFO  impl.RaftServerImpl (RaftServerImpl.java:setRole(173)) - f025706f-8746-40c7-b303-5ebba0896263@group-DC3C0AC4C3A0: changes role from  FOLLOWER to FOLLOWER at term 2 for recognizeCandidate:4d0c1be6-dcf4-47c9-8b71-e075f2be00b3
2019-11-18 08:32:19,522 [grpc-default-executor-1] INFO  impl.RoleInfo (RoleInfo.java:shutdownFollowerState(121)) - f025706f-8746-40c7-b303-5ebba0896263: shutdown FollowerState
2019-11-18 08:32:19,523 [grpc-default-executor-1] INFO  impl.RoleInfo (RoleInfo.java:updateAndGet(143)) - f025706f-8746-40c7-b303-5ebba0896263: start FollowerState
2019-11-18 08:32:19,523 [Thread-208] INFO  impl.FollowerState (FollowerState.java:run(120)) - f025706f-8746-40c7-b303-5ebba0896263@group-DC3C0AC4C3A0-FollowerState was interrupted: java.lang.InterruptedException: sleep interrupted
2019-11-18 08:32:19,566 [ef6852d0-2a34-4052-8c02-43245b215a2d@group-DC3C0AC4C3A0-LeaderElection8] INFO  impl.LeaderElection (LeaderElection.java:logAndReturn(56)) - ef6852d0-2a34-4052-8c02-43245b215a2d@group-DC3C0AC4C3A0-LeaderElection8: Election REJECTED; received 2 response(s) [ef6852d0-2a34-4052-8c02-43245b215a2d<-4d0c1be6-dcf4-47c9-8b71-e075f2be00b3#0:FAIL-t2, ef6852d0-2a34-4052-8c02-43245b215a2d<-f025706f-8746-40c7-b303-5ebba0896263#0:FAIL-t2] and 0 exception(s); ef6852d0-2a34-4052-8c02-43245b215a2d@group-DC3C0AC4C3A0:t2, leader=null, voted=ef6852d0-2a34-4052-8c02-43245b215a2d, raftlog=ef6852d0-2a34-4052-8c02-43245b215a2d@group-DC3C0AC4C3A0-SegmentedRaftLog:OPENED:c-1,f-1,i0, conf=-1: [4d0c1be6-dcf4-47c9-8b71-e075f2be00b3:192.168.157.197:37475, ef6852d0-2a34-4052-8c02-43245b215a2d:192.168.157.197:40364, f025706f-8746-40c7-b303-5ebba0896263:192.168.157.197:42977], old=null
2019-11-18 08:32:19,567 [ef6852d0-2a34-4052-8c02-43245b215a2d@group-DC3C0AC4C3A0-LeaderElection8] INFO  impl.RaftServerImpl (RaftServerImpl.java:setRole(173)) - ef6852d0-2a34-4052-8c02-43245b215a2d@group-DC3C0AC4C3A0: changes role from CANDIDATE to FOLLOWER at term 2 for DISCOVERED_A_NEW_TERM
2019-11-18 08:32:19,567 [4d0c1be6-dcf4-47c9-8b71-e075f2be00b3@group-DC3C0AC4C3A0-LeaderElection7] INFO  impl.LeaderElection (LeaderElection.java:logAndReturn(56)) - 4d0c1be6-dcf4-47c9-8b71-e075f2be00b3@group-DC3C0AC4C3A0-LeaderElection7: Election PASSED; received 2 response(s) [4d0c1be6-dcf4-47c9-8b71-e075f2be00b3<-ef6852d0-2a34-4052-8c02-43245b215a2d#0:FAIL-t2, 4d0c1be6-dcf4-47c9-8b71-e075f2be00b3<-f025706f-8746-40c7-b303-5ebba0896263#0:OK-t2] and 0 exception(s); 4d0c1be6-dcf4-47c9-8b71-e075f2be00b3@group-DC3C0AC4C3A0:t2, leader=null, voted=4d0c1be6-dcf4-47c9-8b71-e075f2be00b3, raftlog=4d0c1be6-dcf4-47c9-8b71-e075f2be00b3@group-DC3C0AC4C3A0-SegmentedRaftLog:OPENED:c-1,f-1,i0, conf=-1: [4d0c1be6-dcf4-47c9-8b71-e075f2be00b3:192.168.157.197:37475, ef6852d0-2a34-4052-8c02-43245b215a2d:192.168.157.197:40364, f025706f-8746-40c7-b303-5ebba0896263:192.168.157.197:42977], old=null
2019-11-18 08:32:19,568 [ef6852d0-2a34-4052-8c02-43245b215a2d@group-DC3C0AC4C3A0-LeaderElection8] INFO  impl.RoleInfo (RoleInfo.java:shutdownLeaderElection(134)) - ef6852d0-2a34-4052-8c02-43245b215a2d: shutdown LeaderElection
2019-11-18 08:32:19,569 [4d0c1be6-dcf4-47c9-8b71-e075f2be00b3@group-DC3C0AC4C3A0-LeaderElection7] INFO  impl.RoleInfo (RoleInfo.java:shutdownLeaderElection(134)) - 4d0c1be6-dcf4-47c9-8b71-e075f2be00b3: shutdown LeaderElection
2019-11-18 08:32:19,570 [ef6852d0-2a34-4052-8c02-43245b215a2d@group-DC3C0AC4C3A0-LeaderElection8] INFO  impl.RoleInfo (RoleInfo.java:updateAndGet(143)) - ef6852d0-2a34-4052-8c02-43245b215a2d: start FollowerState
2019-11-18 08:32:19,570 [4d0c1be6-dcf4-47c9-8b71-e075f2be00b3@group-DC3C0AC4C3A0-LeaderElection7] INFO  impl.RaftServerImpl (RaftServerImpl.java:setRole(173)) - 4d0c1be6-dcf4-47c9-8b71-e075f2be00b3@group-DC3C0AC4C3A0: changes role from CANDIDATE to LEADER at term 2 for changeToLeader
2019-11-18 08:32:19,571 [4d0c1be6-dcf4-47c9-8b71-e075f2be00b3@group-DC3C0AC4C3A0-LeaderElection7] INFO  ratis.XceiverServerRatis (XceiverServerRatis.java:handleLeaderChangedNotification(733)) - Leader change notification received for group: group-DC3C0AC4C3A0 with new leaderId: 4d0c1be6-dcf4-47c9-8b71-e075f2be00b3
2019-11-18 08:32:19,572 [4d0c1be6-dcf4-47c9-8b71-e075f2be00b3@group-DC3C0AC4C3A0-LeaderElection7] INFO  impl.RaftServerImpl (ServerState.java:setLeader(255)) - 4d0c1be6-dcf4-47c9-8b71-e075f2be00b3@group-DC3C0AC4C3A0: change Leader from null to 4d0c1be6-dcf4-47c9-8b71-e075f2be00b3 at term 2 for becomeLeader, leader elected after 10685ms
2019-11-18 08:32:19,572 [4d0c1be6-dcf4-47c9-8b71-e075f2be00b3@group-DC3C0AC4C3A0-LeaderElection7] INFO  server.RaftServerConfigKeys (ConfUtils.java:logGet(43)) - raft.server.staging.catchup.gap = 1000 (default)
2019-11-18 08:32:19,572 [4d0c1be6-dcf4-47c9-8b71-e075f2be00b3@group-DC3C0AC4C3A0-LeaderElection7] INFO  server.RaftServerConfigKeys (ConfUtils.java:logGet(43)) - raft.server.rpc.sleep.time = 25ms (default)
2019-11-18 08:32:19,572 [4d0c1be6-dcf4-47c9-8b71-e075f2be00b3@group-DC3C0AC4C3A0-LeaderElection7] INFO  server.RaftServerConfigKeys (ConfUtils.java:logGet(43)) - raft.server.write.element-limit = 4096 (default)
2019-11-18 08:32:19,573 [4d0c1be6-dcf4-47c9-8b71-e075f2be00b3@group-DC3C0AC4C3A0-LeaderElection7] INFO  server.RaftServerConfigKeys (ConfUtils.java:logGet(43)) - raft.server.watch.timeout = 10s (default)
2019-11-18 08:32:19,573 [4d0c1be6-dcf4-47c9-8b71-e075f2be00b3@group-DC3C0AC4C3A0-LeaderElection7] INFO  server.RaftServerConfigKeys (ConfUtils.java:logGet(43)) - raft.server.watch.timeout.denomination = 1s (default)
2019-11-18 08:32:19,573 [4d0c1be6-dcf4-47c9-8b71-e075f2be00b3@group-DC3C0AC4C3A0-LeaderElection7] INFO  server.RaftServerConfigKeys (ConfUtils.java:logGet(43)) - raft.server.watch.element-limit = 65536 (default)
2019-11-18 08:32:19,574 [EventQueue-PipelineReportForPipelineReportHandler] INFO  pipeline.PipelineReportHandler (PipelineReportHandler.java:processPipelineReport(113)) - Pipeline THREE PipelineID=417d21d9-777c-4628-b558-dc3c0ac4c3a0 reported by 4d0c1be6-dcf4-47c9-8b71-e075f2be00b3{ip: 192.168.157.197, host: pr-hdds-2524-lxhdt-1925616124, networkLocation: /default-rack, certSerialId: null}
2019-11-18 08:32:19,575 [EventQueue-PipelineReportForPipelineReportHandler] INFO  pipeline.PipelineStateManager (PipelineStateManager.java:openPipeline(132)) - Pipeline Pipeline[ Id: 417d21d9-777c-4628-b558-dc3c0ac4c3a0, Nodes: ef6852d0-2a34-4052-8c02-43245b215a2d{ip: 192.168.157.197, host: pr-hdds-2524-lxhdt-1925616124, networkLocation: /default-rack, certSerialId: null}f025706f-8746-40c7-b303-5ebba0896263{ip: 192.168.157.197, host: pr-hdds-2524-lxhdt-1925616124, networkLocation: /default-rack, certSerialId: null}4d0c1be6-dcf4-47c9-8b71-e075f2be00b3{ip: 192.168.157.197, host: pr-hdds-2524-lxhdt-1925616124, networkLocation: /default-rack, certSerialId: null}, Type:RATIS, Factor:THREE, State:ALLOCATED] moved to OPEN state
2019-11-18 08:32:19,575 [EventQueue-OpenPipelineForOneReplicaPipelineSafeModeRule] INFO  safemode.SCMSafeModeManager (SCMSafeModeManager.java:validateSafeModeExitRules(176)) - AtleastOneDatanodeReportedRule rule is successfully validated
2019-11-18 08:32:19,575 [EventQueue-OpenPipelineForHealthyPipelineSafeModeRule] INFO  safemode.SCMSafeModeManager (HealthyPipelineSafeModeRule.java:process(132)) - SCM in safe mode. Healthy pipelines reported count is 1, required healthy pipeline reported count is 1
2019-11-18 08:32:19,577 [EventQueue-OpenPipelineForHealthyPipelineSafeModeRule] INFO  safemode.SCMSafeModeManager (SCMSafeModeManager.java:validateSafeModeExitRules(176)) - HealthyPipelineSafeModeRule rule is successfully validated
2019-11-18 08:32:19,578 [EventQueue-OpenPipelineForHealthyPipelineSafeModeRule] INFO  safemode.SCMSafeModeManager (SCMSafeModeManager.java:validateSafeModeExitRules(185)) - ScmSafeModeManager, all rules are successfully validated
2019-11-18 08:32:19,578 [EventQueue-OpenPipelineForHealthyPipelineSafeModeRule] INFO  safemode.SCMSafeModeManager (SCMSafeModeManager.java:exitSafeMode(201)) - SCM exiting safe mode.
2019-11-18 08:32:19,578 [4d0c1be6-dcf4-47c9-8b71-e075f2be00b3@group-DC3C0AC4C3A0-LeaderElection7] INFO  server.RaftServerConfigKeys (ConfUtils.java:logGet(43)) - raft.server.log.appender.snapshot.chunk.size.max = 16MB (=16777216) (default)
2019-11-18 08:32:19,578 [4d0c1be6-dcf4-47c9-8b71-e075f2be00b3@group-DC3C0AC4C3A0-LeaderElection7] INFO  server.RaftServerConfigKeys (ConfUtils.java:logGet(43)) - raft.server.log.appender.buffer.byte-limit = 33554432 (custom)
2019-11-18 08:32:19,579 [4d0c1be6-dcf4-47c9-8b71-e075f2be00b3@group-DC3C0AC4C3A0-LeaderElection7] INFO  server.RaftServerConfigKeys (ConfUtils.java:logGet(43)) - raft.server.log.appender.buffer.element-limit = 1 (custom)
2019-11-18 08:32:19,584 [4d0c1be6-dcf4-47c9-8b71-e075f2be00b3@group-DC3C0AC4C3A0-LeaderElection7] INFO  grpc.GrpcConfigKeys$Server (ConfUtils.java:logGet(43)) - raft.grpc.server.leader.outstanding.appends.max = 128 (default)
2019-11-18 08:32:19,584 [4d0c1be6-dcf4-47c9-8b71-e075f2be00b3@group-DC3C0AC4C3A0-LeaderElection7] INFO  server.RaftServerConfigKeys (ConfUtils.java:logGet(43)) - raft.server.rpc.request.timeout = 3000ms (default)
2019-11-18 08:32:19,584 [4d0c1be6-dcf4-47c9-8b71-e075f2be00b3@group-DC3C0AC4C3A0-LeaderElection7] INFO  server.RaftServerConfigKeys (ConfUtils.java:logGet(43)) - raft.server.log.appender.install.snapshot.enabled = false (custom)
2019-11-18 08:32:19,586 [4d0c1be6-dcf4-47c9-8b71-e075f2be00b3@group-DC3C0AC4C3A0-LeaderElection7] WARN  impl.MetricRegistriesImpl (MetricRegistriesImpl.java:lambda$create$1(61)) - First MetricRegistry has been created without registering reporters. You may need to call MetricRegistries.global().addReportRegistration(...) before.
2019-11-18 08:32:19,587 [4d0c1be6-dcf4-47c9-8b71-e075f2be00b3@group-DC3C0AC4C3A0-LeaderElection7] INFO  server.RaftServerConfigKeys (ConfUtils.java:logGet(43)) - raft.server.log.appender.snapshot.chunk.size.max = 16MB (=16777216) (default)
2019-11-18 08:32:19,587 [4d0c1be6-dcf4-47c9-8b71-e075f2be00b3@group-DC3C0AC4C3A0-LeaderElection7] INFO  server.RaftServerConfigKeys (ConfUtils.java:logGet(43)) - raft.server.log.appender.buffer.byte-limit = 33554432 (custom)
2019-11-18 08:32:19,587 [4d0c1be6-dcf4-47c9-8b71-e075f2be00b3@group-DC3C0AC4C3A0-LeaderElection7] INFO  server.RaftServerConfigKeys (ConfUtils.java:logGet(43)) - raft.server.log.appender.buffer.element-limit = 1 (custom)
2019-11-18 08:32:19,587 [4d0c1be6-dcf4-47c9-8b71-e075f2be00b3@group-DC3C0AC4C3A0-LeaderElection7] INFO  grpc.GrpcConfigKeys$Server (ConfUtils.java:logGet(43)) - raft.grpc.server.leader.outstanding.appends.max = 128 (default)
2019-11-18 08:32:19,588 [4d0c1be6-dcf4-47c9-8b71-e075f2be00b3@group-DC3C0AC4C3A0-LeaderElection7] INFO  server.RaftServerConfigKeys (ConfUtils.java:logGet(43)) - raft.server.rpc.request.timeout = 3000ms (default)
2019-11-18 08:32:19,588 [4d0c1be6-dcf4-47c9-8b71-e075f2be00b3@group-DC3C0AC4C3A0-LeaderElection7] INFO  server.RaftServerConfigKeys (ConfUtils.java:logGet(43)) - raft.server.log.appender.install.snapshot.enabled = false (custom)
2019-11-18 08:32:19,592 [4d0c1be6-dcf4-47c9-8b71-e075f2be00b3@group-DC3C0AC4C3A0-LeaderElection7] INFO  impl.RoleInfo (RoleInfo.java:updateAndGet(143)) - 4d0c1be6-dcf4-47c9-8b71-e075f2be00b3: start LeaderState
2019-11-18 08:32:19,592 [4d0c1be6-dcf4-47c9-8b71-e075f2be00b3@group-DC3C0AC4C3A0-LeaderElection7] INFO  segmented.SegmentedRaftLogWorker (SegmentedRaftLogWorker.java:startLogSegment(385)) - 4d0c1be6-dcf4-47c9-8b71-e075f2be00b3@group-DC3C0AC4C3A0-SegmentedRaftLogWorker: Starting segment from index:0
2019-11-18 08:32:19,593 [4d0c1be6-dcf4-47c9-8b71-e075f2be00b3@group-DC3C0AC4C3A0-LeaderElection7] INFO  impl.RaftServerImpl (ServerState.java:setRaftConf(356)) - 4d0c1be6-dcf4-47c9-8b71-e075f2be00b3@group-DC3C0AC4C3A0: set configuration 0: [4d0c1be6-dcf4-47c9-8b71-e075f2be00b3:192.168.157.197:37475, ef6852d0-2a34-4052-8c02-43245b215a2d:192.168.157.197:40364, f025706f-8746-40c7-b303-5ebba0896263:192.168.157.197:42977], old=null at 0
2019-11-18 08:32:19,632 [main] INFO  ozone.MiniOzoneClusterImpl (MiniOzoneClusterImpl.java:lambda$waitForClusterToBeReady$0(150)) - Nodes are ready. Got 3 of 3 DN Heartbeats.
2019-11-18 08:32:19,632 [main] INFO  ozone.MiniOzoneClusterImpl (MiniOzoneClusterImpl.java:lambda$waitForClusterToBeReady$0(153)) - Cluster exits safe mode
2019-11-18 08:32:19,654 [4d0c1be6-dcf4-47c9-8b71-e075f2be00b3@group-DC3C0AC4C3A0-SegmentedRaftLogWorker] INFO  segmented.SegmentedRaftLogWorker (SegmentedRaftLogWorker.java:execute(576)) - 4d0c1be6-dcf4-47c9-8b71-e075f2be00b3@group-DC3C0AC4C3A0-SegmentedRaftLogWorker: created new log segment /workdir/hadoop-ozone/tools/target/test-dir/MiniOzoneClusterImpl-642e5cf4-cfc0-4d71-a493-596cc6c4d5f5/datanode-2/data/ratis/417d21d9-777c-4628-b558-dc3c0ac4c3a0/current/log_inprogress_0
2019-11-18 08:32:19,669 [grpc-default-executor-1] INFO  ratis.XceiverServerRatis (XceiverServerRatis.java:handleLeaderChangedNotification(733)) - Leader change notification received for group: group-DC3C0AC4C3A0 with new leaderId: 4d0c1be6-dcf4-47c9-8b71-e075f2be00b3
2019-11-18 08:32:19,669 [grpc-default-executor-5] INFO  ratis.XceiverServerRatis (XceiverServerRatis.java:handleLeaderChangedNotification(733)) - Leader change notification received for group: group-DC3C0AC4C3A0 with new leaderId: 4d0c1be6-dcf4-47c9-8b71-e075f2be00b3
2019-11-18 08:32:19,670 [grpc-default-executor-1] INFO  impl.RaftServerImpl (ServerState.java:setLeader(255)) - ef6852d0-2a34-4052-8c02-43245b215a2d@group-DC3C0AC4C3A0: change Leader from null to 4d0c1be6-dcf4-47c9-8b71-e075f2be00b3 at term 2 for appendEntries, leader elected after 10784ms
2019-11-18 08:32:19,670 [grpc-default-executor-5] INFO  impl.RaftServerImpl (ServerState.java:setLeader(255)) - f025706f-8746-40c7-b303-5ebba0896263@group-DC3C0AC4C3A0: change Leader from null to 4d0c1be6-dcf4-47c9-8b71-e075f2be00b3 at term 2 for appendEntries, leader elected after 10784ms
2019-11-18 08:32:19,705 [grpc-default-executor-5] INFO  impl.RaftServerImpl (ServerState.java:setRaftConf(356)) - ef6852d0-2a34-4052-8c02-43245b215a2d@group-DC3C0AC4C3A0: set configuration 0: [4d0c1be6-dcf4-47c9-8b71-e075f2be00b3:192.168.157.197:37475, ef6852d0-2a34-4052-8c02-43245b215a2d:192.168.157.197:40364, f025706f-8746-40c7-b303-5ebba0896263:192.168.157.197:42977], old=null at 0
2019-11-18 08:32:19,705 [grpc-default-executor-1] INFO  impl.RaftServerImpl (ServerState.java:setRaftConf(356)) - f025706f-8746-40c7-b303-5ebba0896263@group-DC3C0AC4C3A0: set configuration 0: [4d0c1be6-dcf4-47c9-8b71-e075f2be00b3:192.168.157.197:37475, ef6852d0-2a34-4052-8c02-43245b215a2d:192.168.157.197:40364, f025706f-8746-40c7-b303-5ebba0896263:192.168.157.197:42977], old=null at 0
2019-11-18 08:32:19,705 [grpc-default-executor-5] INFO  segmented.SegmentedRaftLogWorker (SegmentedRaftLogWorker.java:startLogSegment(385)) - ef6852d0-2a34-4052-8c02-43245b215a2d@group-DC3C0AC4C3A0-SegmentedRaftLogWorker: Starting segment from index:0
2019-11-18 08:32:19,706 [grpc-default-executor-1] INFO  segmented.SegmentedRaftLogWorker (SegmentedRaftLogWorker.java:startLogSegment(385)) - f025706f-8746-40c7-b303-5ebba0896263@group-DC3C0AC4C3A0-SegmentedRaftLogWorker: Starting segment from index:0
2019-11-18 08:32:19,765 [f025706f-8746-40c7-b303-5ebba0896263@group-DC3C0AC4C3A0-SegmentedRaftLogWorker] INFO  segmented.SegmentedRaftLogWorker (SegmentedRaftLogWorker.java:execute(576)) - f025706f-8746-40c7-b303-5ebba0896263@group-DC3C0AC4C3A0-SegmentedRaftLogWorker: created new log segment /workdir/hadoop-ozone/tools/target/test-dir/MiniOzoneClusterImpl-642e5cf4-cfc0-4d71-a493-596cc6c4d5f5/datanode-0/data/ratis/417d21d9-777c-4628-b558-dc3c0ac4c3a0/current/log_inprogress_0
2019-11-18 08:32:19,765 [ef6852d0-2a34-4052-8c02-43245b215a2d@group-DC3C0AC4C3A0-SegmentedRaftLogWorker] INFO  segmented.SegmentedRaftLogWorker (SegmentedRaftLogWorker.java:execute(576)) - ef6852d0-2a34-4052-8c02-43245b215a2d@group-DC3C0AC4C3A0-SegmentedRaftLogWorker: created new log segment /workdir/hadoop-ozone/tools/target/test-dir/MiniOzoneClusterImpl-642e5cf4-cfc0-4d71-a493-596cc6c4d5f5/datanode-1/data/ratis/417d21d9-777c-4628-b558-dc3c0ac4c3a0/current/log_inprogress_0
2019-11-18 08:32:20,634 [main] INFO  freon.RandomKeyGenerator (RandomKeyGenerator.java:call(283)) - Number of Threads: 10
2019-11-18 08:32:20,635 [main] INFO  freon.RandomKeyGenerator (RandomKeyGenerator.java:call(288)) - Number of Volumes: 1.
2019-11-18 08:32:20,635 [main] INFO  freon.RandomKeyGenerator (RandomKeyGenerator.java:call(289)) - Number of Buckets per Volume: 1.
2019-11-18 08:32:20,635 [main] INFO  freon.RandomKeyGenerator (RandomKeyGenerator.java:call(290)) - Number of Keys per Bucket: 1.
2019-11-18 08:32:20,635 [main] INFO  freon.RandomKeyGenerator (RandomKeyGenerator.java:call(291)) - Key size: 20971520 bytes
2019-11-18 08:32:20,635 [main] INFO  freon.RandomKeyGenerator (RandomKeyGenerator.java:call(292)) - Buffer size: 4096 bytes
2019-11-18 08:32:20,635 [main] INFO  freon.RandomKeyGenerator (RandomKeyGenerator.java:call(293)) - validateWrites : true
2019-11-18 08:32:20,639 [main] INFO  freon.RandomKeyGenerator (RandomKeyGenerator.java:call(307)) - Data validation is enabled.
2019-11-18 08:32:20,641 [main] INFO  freon.RandomKeyGenerator (RandomKeyGenerator.java:call(313)) - Starting progress bar Thread.

 0.00% |?                                                                                                    |  0/1 Time: 0:00:002019-11-18 08:32:20,667 [pool-53-thread-1] INFO  rpc.RpcClient (RpcClient.java:createVolume(292)) - Creating Volume: vol-0-62158, with jenkins1000 as owner.
2019-11-18 08:32:20,727 [IPC Server handler 1 on 44618] INFO  volume.OMVolumeCreateRequest (OMVolumeCreateRequest.java:validateAndUpdateCache(193)) - created volume:vol-0-62158 for user:jenkins1000
2019-11-18 08:32:20,771 [pool-53-thread-2] INFO  rpc.RpcClient (RpcClient.java:createBucket(431)) - Creating Bucket: vol-0-62158/bucket-0-60585, with Versioning false and Storage Type set to DISK and Encryption set to false 
2019-11-18 08:32:20,969 [pool-53-thread-3] INFO  impl.MetricsSystemImpl (MetricsSystemImpl.java:init(158)) - XceiverClientMetrics metrics system started (again)
 0.00% |?                                                                                                    |  0/1 Time: 0:00:012019-11-18 08:32:22,582 [Thread-220] INFO  container.ReplicationManager (ReplicationManager.java:start(162)) - Starting Replication Monitor Thread.
2019-11-18 08:32:22,584 [ReplicationMonitor] INFO  container.ReplicationManager (ReplicationManager.java:run(225)) - Replication Monitor Thread took 1 milliseconds for processing 3 containers.
 0.00% |?                                                                                                    |  0/1 Time: 0:00:02 100.00% |?????????????????????????????????????????????????????????????????????????????????????????????????????|  1/1 Time: 0:00:03
2019-11-18 08:32:28,452 [main] INFO  pipeline.SCMPipelineManager (SCMPipelineManager.java:finalizeAndDestroyPipeline(333)) - destroying pipeline:Pipeline[ Id: 417d21d9-777c-4628-b558-dc3c0ac4c3a0, Nodes: ef6852d0-2a34-4052-8c02-43245b215a2d{ip: 192.168.157.197, host: pr-hdds-2524-lxhdt-1925616124, networkLocation: /default-rack, certSerialId: null}f025706f-8746-40c7-b303-5ebba0896263{ip: 192.168.157.197, host: pr-hdds-2524-lxhdt-1925616124, networkLocation: /default-rack, certSerialId: null}4d0c1be6-dcf4-47c9-8b71-e075f2be00b3{ip: 192.168.157.197, host: pr-hdds-2524-lxhdt-1925616124, networkLocation: /default-rack, certSerialId: null}, Type:RATIS, Factor:THREE, State:OPEN]
2019-11-18 08:32:28,453 [main] INFO  pipeline.PipelineStateManager (PipelineStateManager.java:finalizePipeline(121)) - Pipeline Pipeline[ Id: 417d21d9-777c-4628-b558-dc3c0ac4c3a0, Nodes: ef6852d0-2a34-4052-8c02-43245b215a2d{ip: 192.168.157.197, host: pr-hdds-2524-lxhdt-1925616124, networkLocation: /default-rack, certSerialId: null}f025706f-8746-40c7-b303-5ebba0896263{ip: 192.168.157.197, host: pr-hdds-2524-lxhdt-1925616124, networkLocation: /default-rack, certSerialId: null}4d0c1be6-dcf4-47c9-8b71-e075f2be00b3{ip: 192.168.157.197, host: pr-hdds-2524-lxhdt-1925616124, networkLocation: /default-rack, certSerialId: null}, Type:RATIS, Factor:THREE, State:CLOSED] moved to CLOSED state
2019-11-18 08:32:28,454 [EventQueue-CloseContainerForCloseContainerEventHandler] INFO  container.CloseContainerEventHandler (CloseContainerEventHandler.java:onMessage(61)) - Close container Event triggered for container : #1
2019-11-18 08:32:28,455 [main] INFO  pipeline.RatisPipelineProvider (RatisPipelineProvider.java:lambda$close$5(207)) - Send pipeline:PipelineID=417d21d9-777c-4628-b558-dc3c0ac4c3a0 close command to datanode ef6852d0-2a34-4052-8c02-43245b215a2d
2019-11-18 08:32:28,457 [main] INFO  pipeline.RatisPipelineProvider (RatisPipelineProvider.java:lambda$close$5(207)) - Send pipeline:PipelineID=417d21d9-777c-4628-b558-dc3c0ac4c3a0 close command to datanode f025706f-8746-40c7-b303-5ebba0896263
2019-11-18 08:32:28,457 [main] INFO  pipeline.RatisPipelineProvider (RatisPipelineProvider.java:lambda$close$5(207)) - Send pipeline:PipelineID=417d21d9-777c-4628-b558-dc3c0ac4c3a0 close command to datanode 4d0c1be6-dcf4-47c9-8b71-e075f2be00b3
2019-11-18 08:32:28,457 [main] INFO  pipeline.PipelineStateManager (PipelineStateManager.java:removePipeline(106)) - Pipeline Pipeline[ Id: 417d21d9-777c-4628-b558-dc3c0ac4c3a0, Nodes: ef6852d0-2a34-4052-8c02-43245b215a2d{ip: 192.168.157.197, host: pr-hdds-2524-lxhdt-1925616124, networkLocation: /default-rack, certSerialId: null}f025706f-8746-40c7-b303-5ebba0896263{ip: 192.168.157.197, host: pr-hdds-2524-lxhdt-1925616124, networkLocation: /default-rack, certSerialId: null}4d0c1be6-dcf4-47c9-8b71-e075f2be00b3{ip: 192.168.157.197, host: pr-hdds-2524-lxhdt-1925616124, networkLocation: /default-rack, certSerialId: null}, Type:RATIS, Factor:THREE, State:CLOSED] removed from db
2019-11-18 08:32:28,459 [RatisPipelineUtilsThread] INFO  pipeline.RatisPipelineProvider (RatisPipelineProvider.java:lambda$create$4(163)) - Send pipeline:PipelineID=3aef736f-37fd-41d3-a14f-2fe14a2cae54 create command to datanode ef6852d0-2a34-4052-8c02-43245b215a2d
2019-11-18 08:32:28,460 [RatisPipelineUtilsThread] INFO  pipeline.RatisPipelineProvider (RatisPipelineProvider.java:lambda$create$4(163)) - Send pipeline:PipelineID=3aef736f-37fd-41d3-a14f-2fe14a2cae54 create command to datanode f025706f-8746-40c7-b303-5ebba0896263
2019-11-18 08:32:28,460 [RatisPipelineUtilsThread] INFO  pipeline.RatisPipelineProvider (RatisPipelineProvider.java:lambda$create$4(163)) - Send pipeline:PipelineID=3aef736f-37fd-41d3-a14f-2fe14a2cae54 create command to datanode 4d0c1be6-dcf4-47c9-8b71-e075f2be00b3
2019-11-18 08:32:28,460 [RatisPipelineUtilsThread] INFO  pipeline.PipelineStateManager (PipelineStateManager.java:addPipeline(55)) - Created pipeline Pipeline[ Id: 3aef736f-37fd-41d3-a14f-2fe14a2cae54, Nodes: ef6852d0-2a34-4052-8c02-43245b215a2d{ip: 192.168.157.197, host: pr-hdds-2524-lxhdt-1925616124, networkLocation: /default-rack, certSerialId: null}f025706f-8746-40c7-b303-5ebba0896263{ip: 192.168.157.197, host: pr-hdds-2524-lxhdt-1925616124, networkLocation: /default-rack, certSerialId: null}4d0c1be6-dcf4-47c9-8b71-e075f2be00b3{ip: 192.168.157.197, host: pr-hdds-2524-lxhdt-1925616124, networkLocation: /default-rack, certSerialId: null}, Type:RATIS, Factor:THREE, State:ALLOCATED]
2019-11-18 08:32:28,460 [EventQueue-CloseContainerForCloseContainerEventHandler] INFO  container.CloseContainerEventHandler (CloseContainerEventHandler.java:onMessage(61)) - Close container Event triggered for container : #2
2019-11-18 08:32:28,463 [EventQueue-CloseContainerForCloseContainerEventHandler] ERROR container.CloseContainerEventHandler (CloseContainerEventHandler.java:onMessage(89)) - Failed to close the container #2.
org.apache.hadoop.hdds.scm.pipeline.PipelineNotFoundException: PipelineID=417d21d9-777c-4628-b558-dc3c0ac4c3a0 not found
	at org.apache.hadoop.hdds.scm.pipeline.PipelineStateMap.removeContainerFromPipeline(PipelineStateMap.java:351)
	at org.apache.hadoop.hdds.scm.pipeline.PipelineStateManager.removeContainerFromPipeline(PipelineStateManager.java:112)
	at org.apache.hadoop.hdds.scm.pipeline.SCMPipelineManager.removeContainerFromPipeline(SCMPipelineManager.java:286)
	at org.apache.hadoop.hdds.scm.container.SCMContainerManager.updateContainerState(SCMContainerManager.java:331)
	at org.apache.hadoop.hdds.scm.container.CloseContainerEventHandler.onMessage(CloseContainerEventHandler.java:66)
	at org.apache.hadoop.hdds.scm.container.CloseContainerEventHandler.onMessage(CloseContainerEventHandler.java:45)
	at org.apache.hadoop.hdds.server.events.SingleThreadExecutor.lambda$onMessage$1(SingleThreadExecutor.java:85)
	at java.util.concurrent.ThreadPoolExecutor.runWorker(ThreadPoolExecutor.java:1149)
	at java.util.concurrent.ThreadPoolExecutor$Worker.run(ThreadPoolExecutor.java:624)
	at java.lang.Thread.run(Thread.java:748)
2019-11-18 08:32:28,466 [EventQueue-CloseContainerForCloseContainerEventHandler] INFO  container.CloseContainerEventHandler (CloseContainerEventHandler.java:onMessage(61)) - Close container Event triggered for container : #3
2019-11-18 08:32:28,466 [EventQueue-CloseContainerForCloseContainerEventHandler] ERROR container.CloseContainerEventHandler (CloseContainerEventHandler.java:onMessage(89)) - Failed to close the container #3.
org.apache.hadoop.hdds.scm.pipeline.PipelineNotFoundException: PipelineID=417d21d9-777c-4628-b558-dc3c0ac4c3a0 not found
	at org.apache.hadoop.hdds.scm.pipeline.PipelineStateMap.removeContainerFromPipeline(PipelineStateMap.java:351)
	at org.apache.hadoop.hdds.scm.pipeline.PipelineStateManager.removeContainerFromPipeline(PipelineStateManager.java:112)
	at org.apache.hadoop.hdds.scm.pipeline.SCMPipelineManager.removeContainerFromPipeline(SCMPipelineManager.java:286)
	at org.apache.hadoop.hdds.scm.container.SCMContainerManager.updateContainerState(SCMContainerManager.java:331)
	at org.apache.hadoop.hdds.scm.container.CloseContainerEventHandler.onMessage(CloseContainerEventHandler.java:66)
	at org.apache.hadoop.hdds.scm.container.CloseContainerEventHandler.onMessage(CloseContainerEventHandler.java:45)
	at org.apache.hadoop.hdds.server.events.SingleThreadExecutor.lambda$onMessage$1(SingleThreadExecutor.java:85)
	at java.util.concurrent.ThreadPoolExecutor.runWorker(ThreadPoolExecutor.java:1149)
	at java.util.concurrent.ThreadPoolExecutor$Worker.run(ThreadPoolExecutor.java:624)
	at java.lang.Thread.run(Thread.java:748)
2019-11-18 08:32:28,565 [main] INFO  freon.RandomKeyGenerator (RandomKeyGenerator.java:call(283)) - Number of Threads: 10
2019-11-18 08:32:28,566 [main] INFO  freon.RandomKeyGenerator (RandomKeyGenerator.java:call(288)) - Number of Volumes: 1.
2019-11-18 08:32:28,566 [main] INFO  freon.RandomKeyGenerator (RandomKeyGenerator.java:call(289)) - Number of Buckets per Volume: 1.
2019-11-18 08:32:28,566 [main] INFO  freon.RandomKeyGenerator (RandomKeyGenerator.java:call(290)) - Number of Keys per Bucket: 1.
2019-11-18 08:32:28,566 [main] INFO  freon.RandomKeyGenerator (RandomKeyGenerator.java:call(291)) - Key size: 20971520 bytes
2019-11-18 08:32:28,566 [main] INFO  freon.RandomKeyGenerator (RandomKeyGenerator.java:call(292)) - Buffer size: 4096 bytes
2019-11-18 08:32:28,567 [main] INFO  freon.RandomKeyGenerator (RandomKeyGenerator.java:call(293)) - validateWrites : true
2019-11-18 08:32:28,568 [main] INFO  freon.RandomKeyGenerator (RandomKeyGenerator.java:call(307)) - Data validation is enabled.
2019-11-18 08:32:28,568 [main] INFO  freon.RandomKeyGenerator (RandomKeyGenerator.java:call(313)) - Starting progress bar Thread.

 0.00% |?                                                                                                    |  0/1 Time: 0:00:002019-11-18 08:32:28,569 [pool-59-thread-1] INFO  rpc.RpcClient (RpcClient.java:createVolume(292)) - Creating Volume: vol-0-79362, with jenkins1000 as owner.
2019-11-18 08:32:28,572 [IPC Server handler 1 on 44618] INFO  volume.OMVolumeCreateRequest (OMVolumeCreateRequest.java:validateAndUpdateCache(193)) - created volume:vol-0-79362 for user:jenkins1000
2019-11-18 08:32:28,598 [pool-59-thread-2] INFO  rpc.RpcClient (RpcClient.java:createBucket(431)) - Creating Bucket: vol-0-79362/bucket-0-16258, with Versioning false and Storage Type set to DISK and Encryption set to false 
2019-11-18 08:32:28,631 [IPC Server handler 8 on 46036] WARN  block.BlockManagerImpl (BlockManagerImpl.java:allocateBlock(203)) - Pipeline creation failed for type:RATIS factor:THREE. Retrying get pipelines call once.
org.apache.hadoop.hdds.scm.pipeline.InsufficientDatanodesException: Cannot create pipeline of factor 3 using 0 nodes.
	at org.apache.hadoop.hdds.scm.pipeline.RatisPipelineProvider.create(RatisPipelineProvider.java:144)
	at org.apache.hadoop.hdds.scm.pipeline.PipelineFactory.create(PipelineFactory.java:60)
	at org.apache.hadoop.hdds.scm.pipeline.SCMPipelineManager.createPipeline(SCMPipelineManager.java:159)
	at org.apache.hadoop.hdds.scm.block.BlockManagerImpl.allocateBlock(BlockManagerImpl.java:199)
	at org.apache.hadoop.hdds.scm.server.SCMBlockProtocolServer.allocateBlock(SCMBlockProtocolServer.java:187)
	at org.apache.hadoop.hdds.scm.protocol.ScmBlockLocationProtocolServerSideTranslatorPB.allocateScmBlock(ScmBlockLocationProtocolServerSideTranslatorPB.java:159)
	at org.apache.hadoop.hdds.scm.protocol.ScmBlockLocationProtocolServerSideTranslatorPB.processMessage(ScmBlockLocationProtocolServerSideTranslatorPB.java:117)
	at org.apache.hadoop.hdds.server.OzoneProtocolMessageDispatcher.processRequest(OzoneProtocolMessageDispatcher.java:72)
	at org.apache.hadoop.hdds.scm.protocol.ScmBlockLocationProtocolServerSideTranslatorPB.send(ScmBlockLocationProtocolServerSideTranslatorPB.java:98)
	at org.apache.hadoop.hdds.protocol.proto.ScmBlockLocationProtocolProtos$ScmBlockLocationProtocolService$2.callBlockingMethod(ScmBlockLocationProtocolProtos.java:13157)
	at org.apache.hadoop.ipc.ProtobufRpcEngine$Server$ProtoBufRpcInvoker.call(ProtobufRpcEngine.java:524)
	at org.apache.hadoop.ipc.RPC$Server.call(RPC.java:1025)
	at org.apache.hadoop.ipc.Server$RpcCall.run(Server.java:876)
	at org.apache.hadoop.ipc.Server$RpcCall.run(Server.java:822)
	at java.security.AccessController.doPrivileged(Native Method)
	at javax.security.auth.Subject.doAs(Subject.java:422)
	at org.apache.hadoop.security.UserGroupInformation.doAs(UserGroupInformation.java:1730)
	at org.apache.hadoop.ipc.Server$Handler.run(Server.java:2682)
2019-11-18 08:32:28,632 [IPC Server handler 8 on 46036] INFO  block.BlockManagerImpl (BlockManagerImpl.java:allocateBlock(215)) - Could not find available pipeline of type:RATIS and factor:THREE even after retrying
2019-11-18 08:32:28,632 [IPC Server handler 8 on 46036] ERROR block.BlockManagerImpl (BlockManagerImpl.java:allocateBlock(239)) - Unable to allocate a block for the size: 4194304, type: RATIS, factor: THREE
2019-11-18 08:32:28,634 [IPC Server handler 8 on 46036] WARN  block.BlockManagerImpl (BlockManagerImpl.java:allocateBlock(203)) - Pipeline creation failed for type:RATIS factor:THREE. Retrying get pipelines call once.
org.apache.hadoop.hdds.scm.pipeline.InsufficientDatanodesException: Cannot create pipeline of factor 3 using 0 nodes.
	at org.apache.hadoop.hdds.scm.pipeline.RatisPipelineProvider.create(RatisPipelineProvider.java:144)
	at org.apache.hadoop.hdds.scm.pipeline.PipelineFactory.create(PipelineFactory.java:60)
	at org.apache.hadoop.hdds.scm.pipeline.SCMPipelineManager.createPipeline(SCMPipelineManager.java:159)
	at org.apache.hadoop.hdds.scm.block.BlockManagerImpl.allocateBlock(BlockManagerImpl.java:199)
	at org.apache.hadoop.hdds.scm.server.SCMBlockProtocolServer.allocateBlock(SCMBlockProtocolServer.java:187)
	at org.apache.hadoop.hdds.scm.protocol.ScmBlockLocationProtocolServerSideTranslatorPB.allocateScmBlock(ScmBlockLocationProtocolServerSideTranslatorPB.java:159)
	at org.apache.hadoop.hdds.scm.protocol.ScmBlockLocationProtocolServerSideTranslatorPB.processMessage(ScmBlockLocationProtocolServerSideTranslatorPB.java:117)
	at org.apache.hadoop.hdds.server.OzoneProtocolMessageDispatcher.processRequest(OzoneProtocolMessageDispatcher.java:72)
	at org.apache.hadoop.hdds.scm.protocol.ScmBlockLocationProtocolServerSideTranslatorPB.send(ScmBlockLocationProtocolServerSideTranslatorPB.java:98)
	at org.apache.hadoop.hdds.protocol.proto.ScmBlockLocationProtocolProtos$ScmBlockLocationProtocolService$2.callBlockingMethod(ScmBlockLocationProtocolProtos.java:13157)
	at org.apache.hadoop.ipc.ProtobufRpcEngine$Server$ProtoBufRpcInvoker.call(ProtobufRpcEngine.java:524)
	at org.apache.hadoop.ipc.RPC$Server.call(RPC.java:1025)
	at org.apache.hadoop.ipc.Server$RpcCall.run(Server.java:876)
	at org.apache.hadoop.ipc.Server$RpcCall.run(Server.java:822)
	at java.security.AccessController.doPrivileged(Native Method)
	at javax.security.auth.Subject.doAs(Subject.java:422)
	at org.apache.hadoop.security.UserGroupInformation.doAs(UserGroupInformation.java:1730)
	at org.apache.hadoop.ipc.Server$Handler.run(Server.java:2682)
2019-11-18 08:32:28,634 [IPC Server handler 8 on 46036] INFO  block.BlockManagerImpl (BlockManagerImpl.java:allocateBlock(215)) - Could not find available pipeline of type:RATIS and factor:THREE even after retrying
2019-11-18 08:32:28,634 [IPC Server handler 8 on 46036] ERROR block.BlockManagerImpl (BlockManagerImpl.java:allocateBlock(239)) - Unable to allocate a block for the size: 4194304, type: RATIS, factor: THREE
2019-11-18 08:32:28,635 [IPC Server handler 8 on 46036] WARN  block.BlockManagerImpl (BlockManagerImpl.java:allocateBlock(203)) - Pipeline creation failed for type:RATIS factor:THREE. Retrying get pipelines call once.
org.apache.hadoop.hdds.scm.pipeline.InsufficientDatanodesException: Cannot create pipeline of factor 3 using 0 nodes.
	at org.apache.hadoop.hdds.scm.pipeline.RatisPipelineProvider.create(RatisPipelineProvider.java:144)
	at org.apache.hadoop.hdds.scm.pipeline.PipelineFactory.create(PipelineFactory.java:60)
	at org.apache.hadoop.hdds.scm.pipeline.SCMPipelineManager.createPipeline(SCMPipelineManager.java:159)
	at org.apache.hadoop.hdds.scm.block.BlockManagerImpl.allocateBlock(BlockManagerImpl.java:199)
	at org.apache.hadoop.hdds.scm.server.SCMBlockProtocolServer.allocateBlock(SCMBlockProtocolServer.java:187)
	at org.apache.hadoop.hdds.scm.protocol.ScmBlockLocationProtocolServerSideTranslatorPB.allocateScmBlock(ScmBlockLocationProtocolServerSideTranslatorPB.java:159)
	at org.apache.hadoop.hdds.scm.protocol.ScmBlockLocationProtocolServerSideTranslatorPB.processMessage(ScmBlockLocationProtocolServerSideTranslatorPB.java:117)
	at org.apache.hadoop.hdds.server.OzoneProtocolMessageDispatcher.processRequest(OzoneProtocolMessageDispatcher.java:72)
	at org.apache.hadoop.hdds.scm.protocol.ScmBlockLocationProtocolServerSideTranslatorPB.send(ScmBlockLocationProtocolServerSideTranslatorPB.java:98)
	at org.apache.hadoop.hdds.protocol.proto.ScmBlockLocationProtocolProtos$ScmBlockLocationProtocolService$2.callBlockingMethod(ScmBlockLocationProtocolProtos.java:13157)
	at org.apache.hadoop.ipc.ProtobufRpcEngine$Server$ProtoBufRpcInvoker.call(ProtobufRpcEngine.java:524)
	at org.apache.hadoop.ipc.RPC$Server.call(RPC.java:1025)
	at org.apache.hadoop.ipc.Server$RpcCall.run(Server.java:876)
	at org.apache.hadoop.ipc.Server$RpcCall.run(Server.java:822)
	at java.security.AccessController.doPrivileged(Native Method)
	at javax.security.auth.Subject.doAs(Subject.java:422)
	at org.apache.hadoop.security.UserGroupInformation.doAs(UserGroupInformation.java:1730)
	at org.apache.hadoop.ipc.Server$Handler.run(Server.java:2682)
2019-11-18 08:32:28,635 [IPC Server handler 8 on 46036] INFO  block.BlockManagerImpl (BlockManagerImpl.java:allocateBlock(215)) - Could not find available pipeline of type:RATIS and factor:THREE even after retrying
2019-11-18 08:32:28,636 [IPC Server handler 8 on 46036] ERROR block.BlockManagerImpl (BlockManagerImpl.java:allocateBlock(239)) - Unable to allocate a block for the size: 4194304, type: RATIS, factor: THREE
2019-11-18 08:32:28,636 [IPC Server handler 8 on 46036] WARN  block.BlockManagerImpl (BlockManagerImpl.java:allocateBlock(203)) - Pipeline creation failed for type:RATIS factor:THREE. Retrying get pipelines call once.
org.apache.hadoop.hdds.scm.pipeline.InsufficientDatanodesException: Cannot create pipeline of factor 3 using 0 nodes.
	at org.apache.hadoop.hdds.scm.pipeline.RatisPipelineProvider.create(RatisPipelineProvider.java:144)
	at org.apache.hadoop.hdds.scm.pipeline.PipelineFactory.create(PipelineFactory.java:60)
	at org.apache.hadoop.hdds.scm.pipeline.SCMPipelineManager.createPipeline(SCMPipelineManager.java:159)
	at org.apache.hadoop.hdds.scm.block.BlockManagerImpl.allocateBlock(BlockManagerImpl.java:199)
	at org.apache.hadoop.hdds.scm.server.SCMBlockProtocolServer.allocateBlock(SCMBlockProtocolServer.java:187)
	at org.apache.hadoop.hdds.scm.protocol.ScmBlockLocationProtocolServerSideTranslatorPB.allocateScmBlock(ScmBlockLocationProtocolServerSideTranslatorPB.java:159)
	at org.apache.hadoop.hdds.scm.protocol.ScmBlockLocationProtocolServerSideTranslatorPB.processMessage(ScmBlockLocationProtocolServerSideTranslatorPB.java:117)
	at org.apache.hadoop.hdds.server.OzoneProtocolMessageDispatcher.processRequest(OzoneProtocolMessageDispatcher.java:72)
	at org.apache.hadoop.hdds.scm.protocol.ScmBlockLocationProtocolServerSideTranslatorPB.send(ScmBlockLocationProtocolServerSideTranslatorPB.java:98)
	at org.apache.hadoop.hdds.protocol.proto.ScmBlockLocationProtocolProtos$ScmBlockLocationProtocolService$2.callBlockingMethod(ScmBlockLocationProtocolProtos.java:13157)
	at org.apache.hadoop.ipc.ProtobufRpcEngine$Server$ProtoBufRpcInvoker.call(ProtobufRpcEngine.java:524)
	at org.apache.hadoop.ipc.RPC$Server.call(RPC.java:1025)
	at org.apache.hadoop.ipc.Server$RpcCall.run(Server.java:876)
	at org.apache.hadoop.ipc.Server$RpcCall.run(Server.java:822)
	at java.security.AccessController.doPrivileged(Native Method)
	at javax.security.auth.Subject.doAs(Subject.java:422)
	at org.apache.hadoop.security.UserGroupInformation.doAs(UserGroupInformation.java:1730)
	at org.apache.hadoop.ipc.Server$Handler.run(Server.java:2682)
2019-11-18 08:32:28,637 [IPC Server handler 8 on 46036] INFO  block.BlockManagerImpl (BlockManagerImpl.java:allocateBlock(215)) - Could not find available pipeline of type:RATIS and factor:THREE even after retrying
2019-11-18 08:32:28,637 [IPC Server handler 8 on 46036] ERROR block.BlockManagerImpl (BlockManagerImpl.java:allocateBlock(239)) - Unable to allocate a block for the size: 4194304, type: RATIS, factor: THREE
2019-11-18 08:32:28,637 [IPC Server handler 8 on 46036] WARN  block.BlockManagerImpl (BlockManagerImpl.java:allocateBlock(203)) - Pipeline creation failed for type:RATIS factor:THREE. Retrying get pipelines call once.
org.apache.hadoop.hdds.scm.pipeline.InsufficientDatanodesException: Cannot create pipeline of factor 3 using 0 nodes.
	at org.apache.hadoop.hdds.scm.pipeline.RatisPipelineProvider.create(RatisPipelineProvider.java:144)
	at org.apache.hadoop.hdds.scm.pipeline.PipelineFactory.create(PipelineFactory.java:60)
	at org.apache.hadoop.hdds.scm.pipeline.SCMPipelineManager.createPipeline(SCMPipelineManager.java:159)
	at org.apache.hadoop.hdds.scm.block.BlockManagerImpl.allocateBlock(BlockManagerImpl.java:199)
	at org.apache.hadoop.hdds.scm.server.SCMBlockProtocolServer.allocateBlock(SCMBlockProtocolServer.java:187)
	at org.apache.hadoop.hdds.scm.protocol.ScmBlockLocationProtocolServerSideTranslatorPB.allocateScmBlock(ScmBlockLocationProtocolServerSideTranslatorPB.java:159)
	at org.apache.hadoop.hdds.scm.protocol.ScmBlockLocationProtocolServerSideTranslatorPB.processMessage(ScmBlockLocationProtocolServerSideTranslatorPB.java:117)
	at org.apache.hadoop.hdds.server.OzoneProtocolMessageDispatcher.processRequest(OzoneProtocolMessageDispatcher.java:72)
	at org.apache.hadoop.hdds.scm.protocol.ScmBlockLocationProtocolServerSideTranslatorPB.send(ScmBlockLocationProtocolServerSideTranslatorPB.java:98)
	at org.apache.hadoop.hdds.protocol.proto.ScmBlockLocationProtocolProtos$ScmBlockLocationProtocolService$2.callBlockingMethod(ScmBlockLocationProtocolProtos.java:13157)
	at org.apache.hadoop.ipc.ProtobufRpcEngine$Server$ProtoBufRpcInvoker.call(ProtobufRpcEngine.java:524)
	at org.apache.hadoop.ipc.RPC$Server.call(RPC.java:1025)
	at org.apache.hadoop.ipc.Server$RpcCall.run(Server.java:876)
	at org.apache.hadoop.ipc.Server$RpcCall.run(Server.java:822)
	at java.security.AccessController.doPrivileged(Native Method)
	at javax.security.auth.Subject.doAs(Subject.java:422)
	at org.apache.hadoop.security.UserGroupInformation.doAs(UserGroupInformation.java:1730)
	at org.apache.hadoop.ipc.Server$Handler.run(Server.java:2682)
2019-11-18 08:32:28,638 [IPC Server handler 8 on 46036] INFO  block.BlockManagerImpl (BlockManagerImpl.java:allocateBlock(215)) - Could not find available pipeline of type:RATIS and factor:THREE even after retrying
2019-11-18 08:32:28,638 [IPC Server handler 8 on 46036] ERROR block.BlockManagerImpl (BlockManagerImpl.java:allocateBlock(239)) - Unable to allocate a block for the size: 4194304, type: RATIS, factor: THREE
2019-11-18 08:32:28,644 [pool-59-thread-4] ERROR freon.RandomKeyGenerator (RandomKeyGenerator.java:createKey(735)) - Exception while adding key: key-0-78040 in bucket: bucket-0-16258 of volume: vol-0-79362.
INTERNAL_ERROR org.apache.hadoop.ozone.om.exceptions.OMException: Allocated 0 blocks. Requested 5 blocks
	at org.apache.hadoop.ozone.om.protocolPB.OzoneManagerProtocolClientSideTranslatorPB.handleError(OzoneManagerProtocolClientSideTranslatorPB.java:761)
	at org.apache.hadoop.ozone.om.protocolPB.OzoneManagerProtocolClientSideTranslatorPB.openKey(OzoneManagerProtocolClientSideTranslatorPB.java:752)
	at sun.reflect.NativeMethodAccessorImpl.invoke0(Native Method)
	at sun.reflect.NativeMethodAccessorImpl.invoke(NativeMethodAccessorImpl.java:62)
	at sun.reflect.DelegatingMethodAccessorImpl.invoke(DelegatingMethodAccessorImpl.java:43)
	at java.lang.reflect.Method.invoke(Method.java:498)
	at org.apache.hadoop.hdds.tracing.TraceAllMethod.invoke(TraceAllMethod.java:66)
	at com.sun.proxy.$Proxy37.openKey(Unknown Source)
	at org.apache.hadoop.ozone.client.rpc.RpcClient.createKey(RpcClient.java:633)
	at org.apache.hadoop.ozone.client.OzoneBucket.createKey(OzoneBucket.java:325)
	at org.apache.hadoop.ozone.freon.RandomKeyGenerator.createKey(RandomKeyGenerator.java:697)
	at org.apache.hadoop.ozone.freon.RandomKeyGenerator.access$1100(RandomKeyGenerator.java:88)
	at org.apache.hadoop.ozone.freon.RandomKeyGenerator$ObjectCreator.run(RandomKeyGenerator.java:615)
	at java.util.concurrent.Executors$RunnableAdapter.call(Executors.java:511)
	at java.util.concurrent.FutureTask.run(FutureTask.java:266)
	at java.util.concurrent.ThreadPoolExecutor.runWorker(ThreadPoolExecutor.java:1149)
	at java.util.concurrent.ThreadPoolExecutor$Worker.run(ThreadPoolExecutor.java:624)
	at java.lang.Thread.run(Thread.java:748)
2019-11-18 08:32:29,486 [Command processor thread] INFO  impl.RaftServerProxy (RaftServerProxy.java:remove(95)) - 4d0c1be6-dcf4-47c9-8b71-e075f2be00b3: remove    LEADER 4d0c1be6-dcf4-47c9-8b71-e075f2be00b3@group-DC3C0AC4C3A0:t2, leader=4d0c1be6-dcf4-47c9-8b71-e075f2be00b3, voted=4d0c1be6-dcf4-47c9-8b71-e075f2be00b3, raftlog=4d0c1be6-dcf4-47c9-8b71-e075f2be00b3@group-DC3C0AC4C3A0-SegmentedRaftLog:OPENED:c77,f77,i77, conf=0: [4d0c1be6-dcf4-47c9-8b71-e075f2be00b3:192.168.157.197:37475, ef6852d0-2a34-4052-8c02-43245b215a2d:192.168.157.197:40364, f025706f-8746-40c7-b303-5ebba0896263:192.168.157.197:42977], old=null RUNNING
2019-11-18 08:32:29,486 [Command processor thread] INFO  impl.RaftServerProxy (RaftServerProxy.java:remove(95)) - f025706f-8746-40c7-b303-5ebba0896263: remove  FOLLOWER f025706f-8746-40c7-b303-5ebba0896263@group-DC3C0AC4C3A0:t2, leader=4d0c1be6-dcf4-47c9-8b71-e075f2be00b3, voted=4d0c1be6-dcf4-47c9-8b71-e075f2be00b3, raftlog=f025706f-8746-40c7-b303-5ebba0896263@group-DC3C0AC4C3A0-SegmentedRaftLog:OPENED:c77,f77,i77, conf=0: [4d0c1be6-dcf4-47c9-8b71-e075f2be00b3:192.168.157.197:37475, ef6852d0-2a34-4052-8c02-43245b215a2d:192.168.157.197:40364, f025706f-8746-40c7-b303-5ebba0896263:192.168.157.197:42977], old=null RUNNING
2019-11-18 08:32:29,489 [Command processor thread] INFO  impl.RaftServerImpl (RaftServerImpl.java:lambda$shutdown$3(250)) - 4d0c1be6-dcf4-47c9-8b71-e075f2be00b3@group-DC3C0AC4C3A0: shutdown
2019-11-18 08:32:29,489 [Command processor thread] INFO  impl.RaftServerImpl (RaftServerImpl.java:lambda$shutdown$3(250)) - f025706f-8746-40c7-b303-5ebba0896263@group-DC3C0AC4C3A0: shutdown
2019-11-18 08:32:29,492 [Command processor thread] INFO  util.JmxRegister (JmxRegister.java:unregister(73)) - Successfully un-registered JMX Bean with object name Ratis:service=RaftServer,group=group-DC3C0AC4C3A0,id=4d0c1be6-dcf4-47c9-8b71-e075f2be00b3
2019-11-18 08:32:29,492 [Command processor thread] INFO  util.JmxRegister (JmxRegister.java:unregister(73)) - Successfully un-registered JMX Bean with object name Ratis:service=RaftServer,group=group-DC3C0AC4C3A0,id=f025706f-8746-40c7-b303-5ebba0896263
2019-11-18 08:32:29,492 [Command processor thread] INFO  impl.RoleInfo (RoleInfo.java:shutdownLeaderState(104)) - 4d0c1be6-dcf4-47c9-8b71-e075f2be00b3: shutdown LeaderState
2019-11-18 08:32:29,492 [Command processor thread] INFO  impl.RoleInfo (RoleInfo.java:shutdownFollowerState(121)) - f025706f-8746-40c7-b303-5ebba0896263: shutdown FollowerState
2019-11-18 08:32:29,493 [Command processor thread] INFO  impl.StateMachineUpdater (StateMachineUpdater.java:stopAndJoin(136)) - f025706f-8746-40c7-b303-5ebba0896263@group-DC3C0AC4C3A0-StateMachineUpdater: set stopIndex = 77
2019-11-18 08:32:29,493 [Thread-216] INFO  impl.FollowerState (FollowerState.java:run(120)) - f025706f-8746-40c7-b303-5ebba0896263@group-DC3C0AC4C3A0-FollowerState was interrupted: java.lang.InterruptedException: sleep interrupted
2019-11-18 08:32:29,493 [f025706f-8746-40c7-b303-5ebba0896263@group-DC3C0AC4C3A0-StateMachineUpdater] INFO  ratis.ContainerStateMachine (ContainerStateMachine.java:takeSnapshot(285)) - group-DC3C0AC4C3A0: Taking a snapshot at:(t:2, i:75) file /workdir/hadoop-ozone/tools/target/test-dir/MiniOzoneClusterImpl-642e5cf4-cfc0-4d71-a493-596cc6c4d5f5/datanode-0/data/ratis/417d21d9-777c-4628-b558-dc3c0ac4c3a0/sm/snapshot.2_75
2019-11-18 08:32:29,499 [org.apache.ratis.server.impl.LogAppender$AppenderDaemon$$Lambda$570/1420039506@4a5b2220] WARN  server.GrpcLogAppender (GrpcLogAppender.java:mayWait(151)) - 4d0c1be6-dcf4-47c9-8b71-e075f2be00b3@group-DC3C0AC4C3A0->ef6852d0-2a34-4052-8c02-43245b215a2d-GrpcLogAppender: Wait interrupted by java.lang.InterruptedException
2019-11-18 08:32:29,498 [Command processor thread] INFO  impl.PendingRequests (PendingRequests.java:sendNotLeaderResponses(206)) - 4d0c1be6-dcf4-47c9-8b71-e075f2be00b3@group-DC3C0AC4C3A0-PendingRequests: sendNotLeaderResponses
2019-11-18 08:32:29,498 [org.apache.ratis.server.impl.LogAppender$AppenderDaemon$$Lambda$570/1420039506@23b178c4] WARN  server.GrpcLogAppender (GrpcLogAppender.java:mayWait(151)) - 4d0c1be6-dcf4-47c9-8b71-e075f2be00b3@group-DC3C0AC4C3A0->f025706f-8746-40c7-b303-5ebba0896263-GrpcLogAppender: Wait interrupted by java.lang.InterruptedException
2019-11-18 08:32:29,505 [grpc-default-executor-2] INFO  server.GrpcServerProtocolService (GrpcServerProtocolService.java:onCompleted(113)) - f025706f-8746-40c7-b303-5ebba0896263: Completed APPEND_ENTRIES, lastRequest: 4d0c1be6-dcf4-47c9-8b71-e075f2be00b3->f025706f-8746-40c7-b303-5ebba0896263#80-t2, previous=(t:2, i:77), leaderCommit=77, initializing? false, entries: <empty>
2019-11-18 08:32:29,505 [Command processor thread] INFO  impl.StateMachineUpdater (StateMachineUpdater.java:stopAndJoin(136)) - 4d0c1be6-dcf4-47c9-8b71-e075f2be00b3@group-DC3C0AC4C3A0-StateMachineUpdater: set stopIndex = 77
2019-11-18 08:32:29,506 [4d0c1be6-dcf4-47c9-8b71-e075f2be00b3@group-DC3C0AC4C3A0-StateMachineUpdater] INFO  ratis.ContainerStateMachine (ContainerStateMachine.java:takeSnapshot(285)) - group-DC3C0AC4C3A0: Taking a snapshot at:(t:2, i:75) file /workdir/hadoop-ozone/tools/target/test-dir/MiniOzoneClusterImpl-642e5cf4-cfc0-4d71-a493-596cc6c4d5f5/datanode-2/data/ratis/417d21d9-777c-4628-b558-dc3c0ac4c3a0/sm/snapshot.2_75
2019-11-18 08:32:29,505 [grpc-default-executor-5] INFO  server.GrpcServerProtocolService (GrpcServerProtocolService.java:onCompleted(113)) - ef6852d0-2a34-4052-8c02-43245b215a2d: Completed APPEND_ENTRIES, lastRequest: 4d0c1be6-dcf4-47c9-8b71-e075f2be00b3->ef6852d0-2a34-4052-8c02-43245b215a2d#80-t2, previous=(t:2, i:77), leaderCommit=77, initializing? false, entries: <empty>
2019-11-18 08:32:29,507 [grpc-default-executor-5] INFO  server.GrpcLogAppender (GrpcLogAppender.java:onCompleted(308)) - 4d0c1be6-dcf4-47c9-8b71-e075f2be00b3@group-DC3C0AC4C3A0->f025706f-8746-40c7-b303-5ebba0896263-AppendLogResponseHandler: follower responses appendEntries COMPLETED
2019-11-18 08:32:29,508 [grpc-default-executor-2] INFO  server.GrpcLogAppender (GrpcLogAppender.java:onCompleted(308)) - 4d0c1be6-dcf4-47c9-8b71-e075f2be00b3@group-DC3C0AC4C3A0->ef6852d0-2a34-4052-8c02-43245b215a2d-AppendLogResponseHandler: follower responses appendEntries COMPLETED
2019-11-18 08:32:29,514 [grpc-default-executor-2] INFO  impl.FollowerInfo (FollowerInfo.java:lambda$new$0(51)) - 4d0c1be6-dcf4-47c9-8b71-e075f2be00b3@group-DC3C0AC4C3A0->ef6852d0-2a34-4052-8c02-43245b215a2d: nextIndex: updateUnconditionally 78 -> 77
2019-11-18 08:32:29,514 [grpc-default-executor-5] INFO  impl.FollowerInfo (FollowerInfo.java:lambda$new$0(51)) - 4d0c1be6-dcf4-47c9-8b71-e075f2be00b3@group-DC3C0AC4C3A0->f025706f-8746-40c7-b303-5ebba0896263: nextIndex: updateUnconditionally 78 -> 77
2019-11-18 08:32:29,548 [f025706f-8746-40c7-b303-5ebba0896263@group-DC3C0AC4C3A0-StateMachineUpdater] INFO  ratis.ContainerStateMachine (ContainerStateMachine.java:takeSnapshot(296)) - group-DC3C0AC4C3A0: Finished taking a snapshot at:(t:2, i:75) file:/workdir/hadoop-ozone/tools/target/test-dir/MiniOzoneClusterImpl-642e5cf4-cfc0-4d71-a493-596cc6c4d5f5/datanode-0/data/ratis/417d21d9-777c-4628-b558-dc3c0ac4c3a0/sm/snapshot.2_75 time:54
2019-11-18 08:32:29,548 [4d0c1be6-dcf4-47c9-8b71-e075f2be00b3@group-DC3C0AC4C3A0-StateMachineUpdater] INFO  ratis.ContainerStateMachine (ContainerStateMachine.java:takeSnapshot(296)) - group-DC3C0AC4C3A0: Finished taking a snapshot at:(t:2, i:75) file:/workdir/hadoop-ozone/tools/target/test-dir/MiniOzoneClusterImpl-642e5cf4-cfc0-4d71-a493-596cc6c4d5f5/datanode-2/data/ratis/417d21d9-777c-4628-b558-dc3c0ac4c3a0/sm/snapshot.2_75 time:42
2019-11-18 08:32:29,550 [4d0c1be6-dcf4-47c9-8b71-e075f2be00b3@group-DC3C0AC4C3A0-StateMachineUpdater] INFO  impl.StateMachineUpdater (StateMachineUpdater.java:takeSnapshot(269)) - 4d0c1be6-dcf4-47c9-8b71-e075f2be00b3@group-DC3C0AC4C3A0-StateMachineUpdater: Took a snapshot at index 75
2019-11-18 08:32:29,550 [f025706f-8746-40c7-b303-5ebba0896263@group-DC3C0AC4C3A0-StateMachineUpdater] INFO  impl.StateMachineUpdater (StateMachineUpdater.java:takeSnapshot(269)) - f025706f-8746-40c7-b303-5ebba0896263@group-DC3C0AC4C3A0-StateMachineUpdater: Took a snapshot at index 75
2019-11-18 08:32:29,550 [4d0c1be6-dcf4-47c9-8b71-e075f2be00b3@group-DC3C0AC4C3A0-StateMachineUpdater] INFO  impl.StateMachineUpdater (StateMachineUpdater.java:lambda$new$0(84)) - 4d0c1be6-dcf4-47c9-8b71-e075f2be00b3@group-DC3C0AC4C3A0-StateMachineUpdater: snapshotIndex: updateIncreasingly -1 -> 75
2019-11-18 08:32:29,550 [f025706f-8746-40c7-b303-5ebba0896263@group-DC3C0AC4C3A0-StateMachineUpdater] INFO  impl.StateMachineUpdater (StateMachineUpdater.java:lambda$new$0(84)) - f025706f-8746-40c7-b303-5ebba0896263@group-DC3C0AC4C3A0-StateMachineUpdater: snapshotIndex: updateIncreasingly -1 -> 75
2019-11-18 08:32:29,555 [f025706f-8746-40c7-b303-5ebba0896263@group-DC3C0AC4C3A0-StateMachineUpdater] INFO  ratis.ContainerStateMachine (ContainerStateMachine.java:takeSnapshot(285)) - group-DC3C0AC4C3A0: Taking a snapshot at:(t:2, i:75) file /workdir/hadoop-ozone/tools/target/test-dir/MiniOzoneClusterImpl-642e5cf4-cfc0-4d71-a493-596cc6c4d5f5/datanode-0/data/ratis/417d21d9-777c-4628-b558-dc3c0ac4c3a0/sm/snapshot.2_75
2019-11-18 08:32:29,555 [4d0c1be6-dcf4-47c9-8b71-e075f2be00b3@group-DC3C0AC4C3A0-StateMachineUpdater] INFO  ratis.ContainerStateMachine (ContainerStateMachine.java:takeSnapshot(285)) - group-DC3C0AC4C3A0: Taking a snapshot at:(t:2, i:75) file /workdir/hadoop-ozone/tools/target/test-dir/MiniOzoneClusterImpl-642e5cf4-cfc0-4d71-a493-596cc6c4d5f5/datanode-2/data/ratis/417d21d9-777c-4628-b558-dc3c0ac4c3a0/sm/snapshot.2_75
 0.00% |?                                                                                                    |  0/1 Time: 0:00:012019-11-18 08:32:29,578 [4d0c1be6-dcf4-47c9-8b71-e075f2be00b3@group-DC3C0AC4C3A0-StateMachineUpdater] INFO  ratis.ContainerStateMachine (ContainerStateMachine.java:takeSnapshot(296)) - group-DC3C0AC4C3A0: Finished taking a snapshot at:(t:2, i:75) file:/workdir/hadoop-ozone/tools/target/test-dir/MiniOzoneClusterImpl-642e5cf4-cfc0-4d71-a493-596cc6c4d5f5/datanode-2/data/ratis/417d21d9-777c-4628-b558-dc3c0ac4c3a0/sm/snapshot.2_75 time:23
2019-11-18 08:32:29,578 [f025706f-8746-40c7-b303-5ebba0896263@group-DC3C0AC4C3A0-StateMachineUpdater] INFO  ratis.ContainerStateMachine (ContainerStateMachine.java:takeSnapshot(296)) - group-DC3C0AC4C3A0: Finished taking a snapshot at:(t:2, i:75) file:/workdir/hadoop-ozone/tools/target/test-dir/MiniOzoneClusterImpl-642e5cf4-cfc0-4d71-a493-596cc6c4d5f5/datanode-0/data/ratis/417d21d9-777c-4628-b558-dc3c0ac4c3a0/sm/snapshot.2_75 time:23
2019-11-18 08:32:29,579 [4d0c1be6-dcf4-47c9-8b71-e075f2be00b3@group-DC3C0AC4C3A0-StateMachineUpdater] INFO  impl.StateMachineUpdater (StateMachineUpdater.java:takeSnapshot(269)) - 4d0c1be6-dcf4-47c9-8b71-e075f2be00b3@group-DC3C0AC4C3A0-StateMachineUpdater: Took a snapshot at index 75
2019-11-18 08:32:29,579 [f025706f-8746-40c7-b303-5ebba0896263@group-DC3C0AC4C3A0-StateMachineUpdater] INFO  impl.StateMachineUpdater (StateMachineUpdater.java:takeSnapshot(269)) - f025706f-8746-40c7-b303-5ebba0896263@group-DC3C0AC4C3A0-StateMachineUpdater: Took a snapshot at index 75
2019-11-18 08:32:29,579 [4d0c1be6-dcf4-47c9-8b71-e075f2be00b3@group-DC3C0AC4C3A0-StateMachineUpdater] INFO  impl.StateMachineUpdater (StateMachineUpdater.java:lambda$new$0(84)) - 4d0c1be6-dcf4-47c9-8b71-e075f2be00b3@group-DC3C0AC4C3A0-StateMachineUpdater: snapshotIndex: updateIncreasingly 75 -> 75
2019-11-18 08:32:29,579 [f025706f-8746-40c7-b303-5ebba0896263@group-DC3C0AC4C3A0-StateMachineUpdater] INFO  impl.StateMachineUpdater (StateMachineUpdater.java:lambda$new$0(84)) - f025706f-8746-40c7-b303-5ebba0896263@group-DC3C0AC4C3A0-StateMachineUpdater: snapshotIndex: updateIncreasingly 75 -> 75
2019-11-18 08:32:29,579 [Command processor thread] INFO  impl.RaftServerImpl (ServerState.java:close(387)) - 4d0c1be6-dcf4-47c9-8b71-e075f2be00b3@group-DC3C0AC4C3A0: closes. applyIndex: 77
2019-11-18 08:32:29,580 [Command processor thread] INFO  impl.RaftServerImpl (ServerState.java:close(387)) - f025706f-8746-40c7-b303-5ebba0896263@group-DC3C0AC4C3A0: closes. applyIndex: 77
2019-11-18 08:32:29,582 [4d0c1be6-dcf4-47c9-8b71-e075f2be00b3@group-DC3C0AC4C3A0-SegmentedRaftLogWorker] INFO  segmented.SegmentedRaftLogWorker (SegmentedRaftLogWorker.java:run(316)) - 4d0c1be6-dcf4-47c9-8b71-e075f2be00b3@group-DC3C0AC4C3A0-SegmentedRaftLogWorker was interrupted, exiting. There are 0 tasks remaining in the queue.
2019-11-18 08:32:29,582 [f025706f-8746-40c7-b303-5ebba0896263@group-DC3C0AC4C3A0-SegmentedRaftLogWorker] INFO  segmented.SegmentedRaftLogWorker (SegmentedRaftLogWorker.java:run(316)) - f025706f-8746-40c7-b303-5ebba0896263@group-DC3C0AC4C3A0-SegmentedRaftLogWorker was interrupted, exiting. There are 0 tasks remaining in the queue.
2019-11-18 08:32:29,584 [Command processor thread] INFO  segmented.SegmentedRaftLogWorker (SegmentedRaftLogWorker.java:close(224)) - 4d0c1be6-dcf4-47c9-8b71-e075f2be00b3@group-DC3C0AC4C3A0-SegmentedRaftLogWorker close()
2019-11-18 08:32:29,584 [Command processor thread] INFO  segmented.SegmentedRaftLogWorker (SegmentedRaftLogWorker.java:close(224)) - f025706f-8746-40c7-b303-5ebba0896263@group-DC3C0AC4C3A0-SegmentedRaftLogWorker close()
2019-11-18 08:32:29,636 [Command processor thread] INFO  interfaces.Container (KeyValueContainer.java:flushAndSyncDB(400)) - Container 1 is synced with bcsId 59.
2019-11-18 08:32:29,636 [Command processor thread] INFO  interfaces.Container (KeyValueContainer.java:flushAndSyncDB(400)) - Container 1 is synced with bcsId 59.
2019-11-18 08:32:29,638 [Command processor thread] INFO  interfaces.Container (KeyValueContainer.java:flushAndSyncDB(400)) - Container 1 is synced with bcsId 59.
2019-11-18 08:32:29,638 [Command processor thread] INFO  interfaces.Container (KeyValueContainer.java:flushAndSyncDB(400)) - Container 1 is synced with bcsId 59.
2019-11-18 08:32:29,667 [EventQueue-IncrementalContainerReportForIncrementalContainerReportHandler] INFO  container.IncrementalContainerReportHandler (AbstractContainerReportHandler.java:updateContainerState(171)) - Moving container #1 to QUASI_CLOSED state, datanode f025706f-8746-40c7-b303-5ebba0896263{ip: 192.168.157.197, host: pr-hdds-2524-lxhdt-1925616124, networkLocation: /default-rack, certSerialId: null} reported QUASI_CLOSED replica.
2019-11-18 08:32:29,717 [Command processor thread] INFO  interfaces.Container (KeyValueContainer.java:flushAndSyncDB(400)) - Container 2 is synced with bcsId 75.
2019-11-18 08:32:29,717 [Command processor thread] INFO  interfaces.Container (KeyValueContainer.java:flushAndSyncDB(400)) - Container 2 is synced with bcsId 75.
2019-11-18 08:32:29,717 [Command processor thread] INFO  interfaces.Container (KeyValueContainer.java:flushAndSyncDB(400)) - Container 2 is synced with bcsId 75.
2019-11-18 08:32:29,717 [Command processor thread] INFO  interfaces.Container (KeyValueContainer.java:flushAndSyncDB(400)) - Container 2 is synced with bcsId 75.
2019-11-18 08:32:29,745 [EventQueue-IncrementalContainerReportForIncrementalContainerReportHandler] INFO  container.IncrementalContainerReportHandler (AbstractContainerReportHandler.java:updateContainerState(171)) - Moving container #2 to QUASI_CLOSED state, datanode 4d0c1be6-dcf4-47c9-8b71-e075f2be00b3{ip: 192.168.157.197, host: pr-hdds-2524-lxhdt-1925616124, networkLocation: /default-rack, certSerialId: null} reported QUASI_CLOSED replica.
2019-11-18 08:32:29,793 [Command processor thread] INFO  interfaces.Container (KeyValueContainer.java:flushAndSyncDB(400)) - Container 3 is synced with bcsId 41.
2019-11-18 08:32:29,793 [Command processor thread] INFO  interfaces.Container (KeyValueContainer.java:flushAndSyncDB(400)) - Container 3 is synced with bcsId 41.
2019-11-18 08:32:29,794 [Command processor thread] INFO  interfaces.Container (KeyValueContainer.java:flushAndSyncDB(400)) - Container 3 is synced with bcsId 41.
2019-11-18 08:32:29,794 [Command processor thread] INFO  interfaces.Container (KeyValueContainer.java:flushAndSyncDB(400)) - Container 3 is synced with bcsId 41.
2019-11-18 08:32:29,819 [Command processor thread] INFO  commandhandler.ClosePipelineCommandHandler (ClosePipelineCommandHandler.java:handle(78)) - Close Pipeline #id: "417d21d9-777c-4628-b558-dc3c0ac4c3a0"
 command on datanode #f025706f-8746-40c7-b303-5ebba0896263.
2019-11-18 08:32:29,819 [Command processor thread] INFO  commandhandler.ClosePipelineCommandHandler (ClosePipelineCommandHandler.java:handle(78)) - Close Pipeline #id: "417d21d9-777c-4628-b558-dc3c0ac4c3a0"
 command on datanode #4d0c1be6-dcf4-47c9-8b71-e075f2be00b3.
2019-11-18 08:32:29,822 [Command processor thread] INFO  impl.RaftServerProxy (RaftServerProxy.java:addNew(89)) - f025706f-8746-40c7-b303-5ebba0896263: addNew group-2FE14A2CAE54:[4d0c1be6-dcf4-47c9-8b71-e075f2be00b3:192.168.157.197:37475, ef6852d0-2a34-4052-8c02-43245b215a2d:192.168.157.197:40364, f025706f-8746-40c7-b303-5ebba0896263:192.168.157.197:42977] returns group-2FE14A2CAE54:java.util.concurrent.CompletableFuture@30d4883e[Not completed]
2019-11-18 08:32:29,822 [Command processor thread] INFO  impl.RaftServerProxy (RaftServerProxy.java:addNew(89)) - 4d0c1be6-dcf4-47c9-8b71-e075f2be00b3: addNew group-2FE14A2CAE54:[4d0c1be6-dcf4-47c9-8b71-e075f2be00b3:192.168.157.197:37475, ef6852d0-2a34-4052-8c02-43245b215a2d:192.168.157.197:40364, f025706f-8746-40c7-b303-5ebba0896263:192.168.157.197:42977] returns group-2FE14A2CAE54:java.util.concurrent.CompletableFuture@523b17d5[Not completed]
2019-11-18 08:32:29,822 [EventQueue-IncrementalContainerReportForIncrementalContainerReportHandler] INFO  container.IncrementalContainerReportHandler (AbstractContainerReportHandler.java:updateContainerState(171)) - Moving container #3 to QUASI_CLOSED state, datanode 4d0c1be6-dcf4-47c9-8b71-e075f2be00b3{ip: 192.168.157.197, host: pr-hdds-2524-lxhdt-1925616124, networkLocation: /default-rack, certSerialId: null} reported QUASI_CLOSED replica.
2019-11-18 08:32:29,825 [pool-47-thread-1] INFO  impl.RaftServerImpl (RaftServerImpl.java:<init>(98)) - 4d0c1be6-dcf4-47c9-8b71-e075f2be00b3: new RaftServerImpl for group-2FE14A2CAE54:[4d0c1be6-dcf4-47c9-8b71-e075f2be00b3:192.168.157.197:37475, ef6852d0-2a34-4052-8c02-43245b215a2d:192.168.157.197:40364, f025706f-8746-40c7-b303-5ebba0896263:192.168.157.197:42977] with ContainerStateMachine:uninitialized
2019-11-18 08:32:29,825 [pool-47-thread-1] INFO  server.RaftServerConfigKeys (ConfUtils.java:logGet(43)) - raft.server.rpc.timeout.min = 5s (custom)
2019-11-18 08:32:29,825 [pool-47-thread-1] INFO  server.RaftServerConfigKeys (ConfUtils.java:logGet(43)) - raft.server.rpc.timeout.max = 5200ms (custom)
2019-11-18 08:32:29,826 [pool-47-thread-1] INFO  server.RaftServerConfigKeys (ConfUtils.java:logGet(43)) - raft.server.rpcslowness.timeout = 120s (custom)
2019-11-18 08:32:29,826 [pool-47-thread-1] INFO  server.RaftServerConfigKeys (ConfUtils.java:logGet(43)) - raft.server.sleep.deviation.threshold = 300 (default)
2019-11-18 08:32:29,826 [pool-47-thread-1] INFO  server.RaftServerConfigKeys (ConfUtils.java:logGet(43)) - raft.server.log.appender.install.snapshot.enabled = false (custom)
2019-11-18 08:32:29,826 [pool-47-thread-1] INFO  impl.RaftServerImpl (ServerState.java:<init>(103)) - 4d0c1be6-dcf4-47c9-8b71-e075f2be00b3@group-2FE14A2CAE54: ConfigurationManager, init=-1: [4d0c1be6-dcf4-47c9-8b71-e075f2be00b3:192.168.157.197:37475, ef6852d0-2a34-4052-8c02-43245b215a2d:192.168.157.197:40364, f025706f-8746-40c7-b303-5ebba0896263:192.168.157.197:42977], old=null, confs=<EMPTY_MAP>
2019-11-18 08:32:29,827 [pool-47-thread-1] INFO  server.RaftServerConfigKeys (ConfUtils.java:logGet(43)) - raft.server.storage.dir = [/workdir/hadoop-ozone/tools/target/test-dir/MiniOzoneClusterImpl-642e5cf4-cfc0-4d71-a493-596cc6c4d5f5/datanode-2/data/ratis] (custom)
2019-11-18 08:32:29,827 [pool-27-thread-1] INFO  impl.RaftServerImpl (RaftServerImpl.java:<init>(98)) - f025706f-8746-40c7-b303-5ebba0896263: new RaftServerImpl for group-2FE14A2CAE54:[4d0c1be6-dcf4-47c9-8b71-e075f2be00b3:192.168.157.197:37475, ef6852d0-2a34-4052-8c02-43245b215a2d:192.168.157.197:40364, f025706f-8746-40c7-b303-5ebba0896263:192.168.157.197:42977] with ContainerStateMachine:uninitialized
2019-11-18 08:32:29,827 [pool-47-thread-1] INFO  server.RaftServerConfigKeys (ConfUtils.java:logGet(43)) - raft.server.log.corruption.policy = EXCEPTION (default)
2019-11-18 08:32:29,827 [pool-27-thread-1] INFO  server.RaftServerConfigKeys (ConfUtils.java:logGet(43)) - raft.server.rpc.timeout.min = 5s (custom)
2019-11-18 08:32:29,827 [pool-47-thread-1] INFO  storage.RaftStorageDirectory (RaftStorageDirectory.java:analyzeStorage(246)) - The storage directory /workdir/hadoop-ozone/tools/target/test-dir/MiniOzoneClusterImpl-642e5cf4-cfc0-4d71-a493-596cc6c4d5f5/datanode-2/data/ratis/3aef736f-37fd-41d3-a14f-2fe14a2cae54 does not exist. Creating ...
2019-11-18 08:32:29,827 [pool-27-thread-1] INFO  server.RaftServerConfigKeys (ConfUtils.java:logGet(43)) - raft.server.rpc.timeout.max = 5200ms (custom)
2019-11-18 08:32:29,828 [pool-27-thread-1] INFO  server.RaftServerConfigKeys (ConfUtils.java:logGet(43)) - raft.server.rpcslowness.timeout = 120s (custom)
2019-11-18 08:32:29,828 [pool-27-thread-1] INFO  server.RaftServerConfigKeys (ConfUtils.java:logGet(43)) - raft.server.sleep.deviation.threshold = 300 (default)
2019-11-18 08:32:29,828 [pool-27-thread-1] INFO  server.RaftServerConfigKeys (ConfUtils.java:logGet(43)) - raft.server.log.appender.install.snapshot.enabled = false (custom)
2019-11-18 08:32:29,828 [pool-27-thread-1] INFO  impl.RaftServerImpl (ServerState.java:<init>(103)) - f025706f-8746-40c7-b303-5ebba0896263@group-2FE14A2CAE54: ConfigurationManager, init=-1: [4d0c1be6-dcf4-47c9-8b71-e075f2be00b3:192.168.157.197:37475, ef6852d0-2a34-4052-8c02-43245b215a2d:192.168.157.197:40364, f025706f-8746-40c7-b303-5ebba0896263:192.168.157.197:42977], old=null, confs=<EMPTY_MAP>
2019-11-18 08:32:29,829 [pool-27-thread-1] INFO  server.RaftServerConfigKeys (ConfUtils.java:logGet(43)) - raft.server.storage.dir = [/workdir/hadoop-ozone/tools/target/test-dir/MiniOzoneClusterImpl-642e5cf4-cfc0-4d71-a493-596cc6c4d5f5/datanode-0/data/ratis] (custom)
2019-11-18 08:32:29,829 [pool-27-thread-1] INFO  server.RaftServerConfigKeys (ConfUtils.java:logGet(43)) - raft.server.log.corruption.policy = EXCEPTION (default)
2019-11-18 08:32:29,829 [pool-27-thread-1] INFO  storage.RaftStorageDirectory (RaftStorageDirectory.java:analyzeStorage(246)) - The storage directory /workdir/hadoop-ozone/tools/target/test-dir/MiniOzoneClusterImpl-642e5cf4-cfc0-4d71-a493-596cc6c4d5f5/datanode-0/data/ratis/3aef736f-37fd-41d3-a14f-2fe14a2cae54 does not exist. Creating ...
2019-11-18 08:32:29,853 [pool-47-thread-1] INFO  storage.RaftStorageDirectory (RaftStorageDirectory.java:tryLock(328)) - Lock on /workdir/hadoop-ozone/tools/target/test-dir/MiniOzoneClusterImpl-642e5cf4-cfc0-4d71-a493-596cc6c4d5f5/datanode-2/data/ratis/3aef736f-37fd-41d3-a14f-2fe14a2cae54/in_use.lock acquired by nodename 31540@pr-hdds-2524-lxhdt-1925616124
2019-11-18 08:32:29,853 [pool-27-thread-1] INFO  storage.RaftStorageDirectory (RaftStorageDirectory.java:tryLock(328)) - Lock on /workdir/hadoop-ozone/tools/target/test-dir/MiniOzoneClusterImpl-642e5cf4-cfc0-4d71-a493-596cc6c4d5f5/datanode-0/data/ratis/3aef736f-37fd-41d3-a14f-2fe14a2cae54/in_use.lock acquired by nodename 31540@pr-hdds-2524-lxhdt-1925616124
2019-11-18 08:32:29,878 [pool-47-thread-1] INFO  storage.RaftStorage (RaftStorage.java:format(84)) - Storage directory /workdir/hadoop-ozone/tools/target/test-dir/MiniOzoneClusterImpl-642e5cf4-cfc0-4d71-a493-596cc6c4d5f5/datanode-2/data/ratis/3aef736f-37fd-41d3-a14f-2fe14a2cae54 has been successfully formatted.
2019-11-18 08:32:29,878 [pool-27-thread-1] INFO  storage.RaftStorage (RaftStorage.java:format(84)) - Storage directory /workdir/hadoop-ozone/tools/target/test-dir/MiniOzoneClusterImpl-642e5cf4-cfc0-4d71-a493-596cc6c4d5f5/datanode-0/data/ratis/3aef736f-37fd-41d3-a14f-2fe14a2cae54 has been successfully formatted.
2019-11-18 08:32:29,879 [pool-47-thread-1] INFO  ratis.ContainerStateMachine (ContainerStateMachine.java:loadSnapshot(223)) - group-2FE14A2CAE54: The snapshot info is null. Setting the last applied indexto:(t:0, i:~)
2019-11-18 08:32:29,879 [pool-27-thread-1] INFO  ratis.ContainerStateMachine (ContainerStateMachine.java:loadSnapshot(223)) - group-2FE14A2CAE54: The snapshot info is null. Setting the last applied indexto:(t:0, i:~)
2019-11-18 08:32:29,879 [pool-47-thread-1] INFO  server.RaftServerConfigKeys (ConfUtils.java:logGet(43)) - raft.server.notification.no-leader.timeout = 120s (custom)
2019-11-18 08:32:29,879 [pool-27-thread-1] INFO  server.RaftServerConfigKeys (ConfUtils.java:logGet(43)) - raft.server.notification.no-leader.timeout = 120s (custom)
2019-11-18 08:32:29,879 [pool-47-thread-1] INFO  server.RaftServerConfigKeys (ConfUtils.java:logGet(43)) - raft.server.log.use.memory = false (default)
2019-11-18 08:32:29,879 [pool-27-thread-1] INFO  server.RaftServerConfigKeys (ConfUtils.java:logGet(43)) - raft.server.log.use.memory = false (default)
2019-11-18 08:32:29,880 [pool-47-thread-1] INFO  server.RaftServerConfigKeys (ConfUtils.java:logGet(43)) - raft.server.log.purge.gap = 1000000 (custom)
2019-11-18 08:32:29,880 [pool-27-thread-1] INFO  server.RaftServerConfigKeys (ConfUtils.java:logGet(43)) - raft.server.log.purge.gap = 1000000 (custom)
2019-11-18 08:32:29,880 [pool-47-thread-1] INFO  server.RaftServerConfigKeys (ConfUtils.java:logGet(43)) - raft.server.log.appender.buffer.byte-limit = 33554432 (custom)
2019-11-18 08:32:29,880 [pool-27-thread-1] INFO  server.RaftServerConfigKeys (ConfUtils.java:logGet(43)) - raft.server.log.appender.buffer.byte-limit = 33554432 (custom)
2019-11-18 08:32:29,880 [pool-47-thread-1] INFO  server.RaftServerConfigKeys (ConfUtils.java:logGet(43)) - raft.server.log.segment.size.max = 1048576 (custom)
2019-11-18 08:32:29,880 [pool-27-thread-1] INFO  server.RaftServerConfigKeys (ConfUtils.java:logGet(43)) - raft.server.log.segment.size.max = 1048576 (custom)
2019-11-18 08:32:29,880 [pool-47-thread-1] INFO  server.RaftServerConfigKeys (ConfUtils.java:logGet(43)) - raft.server.log.segment.cache.num.max = 2 (custom)
2019-11-18 08:32:29,881 [pool-27-thread-1] INFO  server.RaftServerConfigKeys (ConfUtils.java:logGet(43)) - raft.server.log.segment.cache.num.max = 2 (custom)
2019-11-18 08:32:29,881 [pool-47-thread-1] INFO  segmented.SegmentedRaftLogWorker (SegmentedRaftLogWorker.java:<init>(173)) - new 4d0c1be6-dcf4-47c9-8b71-e075f2be00b3@group-2FE14A2CAE54-SegmentedRaftLogWorker for RaftStorage:Storage Directory /workdir/hadoop-ozone/tools/target/test-dir/MiniOzoneClusterImpl-642e5cf4-cfc0-4d71-a493-596cc6c4d5f5/datanode-2/data/ratis/3aef736f-37fd-41d3-a14f-2fe14a2cae54
2019-11-18 08:32:29,881 [pool-27-thread-1] INFO  segmented.SegmentedRaftLogWorker (SegmentedRaftLogWorker.java:<init>(173)) - new f025706f-8746-40c7-b303-5ebba0896263@group-2FE14A2CAE54-SegmentedRaftLogWorker for RaftStorage:Storage Directory /workdir/hadoop-ozone/tools/target/test-dir/MiniOzoneClusterImpl-642e5cf4-cfc0-4d71-a493-596cc6c4d5f5/datanode-0/data/ratis/3aef736f-37fd-41d3-a14f-2fe14a2cae54
2019-11-18 08:32:29,881 [pool-47-thread-1] INFO  server.RaftServerConfigKeys (ConfUtils.java:logGet(43)) - raft.server.log.queue.byte-limit = 2147483647 (custom)
2019-11-18 08:32:29,881 [pool-27-thread-1] INFO  server.RaftServerConfigKeys (ConfUtils.java:logGet(43)) - raft.server.log.queue.byte-limit = 2147483647 (custom)
2019-11-18 08:32:29,881 [pool-47-thread-1] INFO  server.RaftServerConfigKeys (ConfUtils.java:logGet(43)) - raft.server.log.queue.element-limit = 1024 (custom)
2019-11-18 08:32:29,881 [pool-27-thread-1] INFO  server.RaftServerConfigKeys (ConfUtils.java:logGet(43)) - raft.server.log.queue.element-limit = 1024 (custom)
2019-11-18 08:32:29,882 [pool-47-thread-1] INFO  server.RaftServerConfigKeys (ConfUtils.java:logGet(43)) - raft.server.log.segment.size.max = 1048576 (custom)
2019-11-18 08:32:29,882 [pool-27-thread-1] INFO  server.RaftServerConfigKeys (ConfUtils.java:logGet(43)) - raft.server.log.segment.size.max = 1048576 (custom)
2019-11-18 08:32:29,882 [pool-47-thread-1] INFO  server.RaftServerConfigKeys (ConfUtils.java:logGet(43)) - raft.server.log.preallocated.size = 16384 (custom)
2019-11-18 08:32:29,882 [pool-27-thread-1] INFO  server.RaftServerConfigKeys (ConfUtils.java:logGet(43)) - raft.server.log.preallocated.size = 16384 (custom)
2019-11-18 08:32:29,882 [pool-47-thread-1] INFO  server.RaftServerConfigKeys (ConfUtils.java:logGet(43)) - raft.server.log.write.buffer.size = 33554432 (custom)
2019-11-18 08:32:29,882 [pool-27-thread-1] INFO  server.RaftServerConfigKeys (ConfUtils.java:logGet(43)) - raft.server.log.write.buffer.size = 33554432 (custom)
2019-11-18 08:32:29,882 [pool-47-thread-1] INFO  server.RaftServerConfigKeys (ConfUtils.java:logGet(43)) - raft.server.log.force.sync.num = 128 (default)
2019-11-18 08:32:29,883 [pool-27-thread-1] INFO  server.RaftServerConfigKeys (ConfUtils.java:logGet(43)) - raft.server.log.force.sync.num = 128 (default)
2019-11-18 08:32:29,883 [pool-47-thread-1] INFO  server.RaftServerConfigKeys (ConfUtils.java:logGet(43)) - raft.server.log.statemachine.data.sync = true (default)
2019-11-18 08:32:29,883 [pool-27-thread-1] INFO  server.RaftServerConfigKeys (ConfUtils.java:logGet(43)) - raft.server.log.statemachine.data.sync = true (default)
2019-11-18 08:32:29,883 [pool-47-thread-1] INFO  server.RaftServerConfigKeys (ConfUtils.java:logGet(43)) - raft.server.log.statemachine.data.sync.timeout = 10s (default)
2019-11-18 08:32:29,883 [pool-27-thread-1] INFO  server.RaftServerConfigKeys (ConfUtils.java:logGet(43)) - raft.server.log.statemachine.data.sync.timeout = 10s (default)
2019-11-18 08:32:29,883 [pool-47-thread-1] INFO  server.RaftServerConfigKeys (ConfUtils.java:logGet(43)) - raft.server.log.statemachine.data.sync.timeout.retry = -1 (default)
2019-11-18 08:32:29,883 [pool-27-thread-1] INFO  server.RaftServerConfigKeys (ConfUtils.java:logGet(43)) - raft.server.log.statemachine.data.sync.timeout.retry = -1 (default)
2019-11-18 08:32:29,884 [pool-47-thread-1] INFO  server.RaftServerConfigKeys (ConfUtils.java:logGet(43)) - raft.server.log.statemachine.data.caching.enabled = true (custom)
2019-11-18 08:32:29,884 [pool-27-thread-1] INFO  server.RaftServerConfigKeys (ConfUtils.java:logGet(43)) - raft.server.log.statemachine.data.caching.enabled = true (custom)
2019-11-18 08:32:29,884 [pool-47-thread-1] INFO  segmented.SegmentedRaftLogWorker (SegmentedRaftLogWorker.java:lambda$new$0(128)) - 4d0c1be6-dcf4-47c9-8b71-e075f2be00b3@group-2FE14A2CAE54-SegmentedRaftLogWorker: flushIndex: setUnconditionally 0 -> -1
2019-11-18 08:32:29,884 [pool-27-thread-1] INFO  segmented.SegmentedRaftLogWorker (SegmentedRaftLogWorker.java:lambda$new$0(128)) - f025706f-8746-40c7-b303-5ebba0896263@group-2FE14A2CAE54-SegmentedRaftLogWorker: flushIndex: setUnconditionally 0 -> -1
2019-11-18 08:32:29,884 [pool-47-thread-1] INFO  server.RaftServerConfigKeys (ConfUtils.java:logGet(43)) - raft.server.snapshot.auto.trigger.enabled = true (custom)
2019-11-18 08:32:29,885 [pool-27-thread-1] INFO  server.RaftServerConfigKeys (ConfUtils.java:logGet(43)) - raft.server.snapshot.auto.trigger.enabled = true (custom)
2019-11-18 08:32:29,885 [pool-47-thread-1] INFO  server.RaftServerConfigKeys (ConfUtils.java:logGet(43)) - raft.server.snapshot.auto.trigger.threshold = 10000 (custom)
2019-11-18 08:32:29,885 [pool-27-thread-1] INFO  server.RaftServerConfigKeys (ConfUtils.java:logGet(43)) - raft.server.snapshot.auto.trigger.threshold = 10000 (custom)
2019-11-18 08:32:29,885 [pool-47-thread-1] INFO  server.RaftServerConfigKeys (ConfUtils.java:logGet(43)) - raft.server.snapshot.retention.file.num = 5 (custom)
2019-11-18 08:32:29,885 [pool-27-thread-1] INFO  server.RaftServerConfigKeys (ConfUtils.java:logGet(43)) - raft.server.snapshot.retention.file.num = 5 (custom)
2019-11-18 08:32:29,885 [pool-47-thread-1] INFO  server.RaftServerConfigKeys (ConfUtils.java:logGet(43)) - raft.server.retrycache.expirytime = 600000ms (custom)
2019-11-18 08:32:29,886 [pool-27-thread-1] INFO  server.RaftServerConfigKeys (ConfUtils.java:logGet(43)) - raft.server.retrycache.expirytime = 600000ms (custom)
2019-11-18 08:32:29,886 [pool-47-thread-1] WARN  impl.MetricRegistriesImpl (MetricRegistriesImpl.java:lambda$create$1(61)) - First MetricRegistry has been created without registering reporters. You may need to call MetricRegistries.global().addReportRegistration(...) before.
2019-11-18 08:32:29,886 [pool-27-thread-1] WARN  impl.MetricRegistriesImpl (MetricRegistriesImpl.java:lambda$create$1(61)) - First MetricRegistry has been created without registering reporters. You may need to call MetricRegistries.global().addReportRegistration(...) before.
2019-11-18 08:32:29,886 [pool-47-thread-1] WARN  impl.MetricRegistriesImpl (MetricRegistriesImpl.java:lambda$create$1(61)) - First MetricRegistry has been created without registering reporters. You may need to call MetricRegistries.global().addReportRegistration(...) before.
2019-11-18 08:32:29,888 [pool-27-thread-1] WARN  impl.MetricRegistriesImpl (MetricRegistriesImpl.java:lambda$create$1(61)) - First MetricRegistry has been created without registering reporters. You may need to call MetricRegistries.global().addReportRegistration(...) before.
2019-11-18 08:32:29,888 [pool-47-thread-1] INFO  impl.RaftServerImpl (RaftServerImpl.java:start(184)) - 4d0c1be6-dcf4-47c9-8b71-e075f2be00b3@group-2FE14A2CAE54: start as a follower, conf=-1: [4d0c1be6-dcf4-47c9-8b71-e075f2be00b3:192.168.157.197:37475, ef6852d0-2a34-4052-8c02-43245b215a2d:192.168.157.197:40364, f025706f-8746-40c7-b303-5ebba0896263:192.168.157.197:42977], old=null
2019-11-18 08:32:29,888 [pool-27-thread-1] INFO  impl.RaftServerImpl (RaftServerImpl.java:start(184)) - f025706f-8746-40c7-b303-5ebba0896263@group-2FE14A2CAE54: start as a follower, conf=-1: [4d0c1be6-dcf4-47c9-8b71-e075f2be00b3:192.168.157.197:37475, ef6852d0-2a34-4052-8c02-43245b215a2d:192.168.157.197:40364, f025706f-8746-40c7-b303-5ebba0896263:192.168.157.197:42977], old=null
2019-11-18 08:32:29,888 [pool-47-thread-1] INFO  impl.RaftServerImpl (RaftServerImpl.java:setRole(173)) - 4d0c1be6-dcf4-47c9-8b71-e075f2be00b3@group-2FE14A2CAE54: changes role from      null to FOLLOWER at term 0 for startAsFollower
2019-11-18 08:32:29,889 [pool-27-thread-1] INFO  impl.RaftServerImpl (RaftServerImpl.java:setRole(173)) - f025706f-8746-40c7-b303-5ebba0896263@group-2FE14A2CAE54: changes role from      null to FOLLOWER at term 0 for startAsFollower
2019-11-18 08:32:29,889 [pool-47-thread-1] INFO  impl.RoleInfo (RoleInfo.java:updateAndGet(143)) - 4d0c1be6-dcf4-47c9-8b71-e075f2be00b3: start FollowerState
2019-11-18 08:32:29,889 [pool-27-thread-1] INFO  impl.RoleInfo (RoleInfo.java:updateAndGet(143)) - f025706f-8746-40c7-b303-5ebba0896263: start FollowerState
2019-11-18 08:32:29,889 [pool-47-thread-1] INFO  util.JmxRegister (JmxRegister.java:tryRegister(44)) - Successfully registered JMX Bean with object name Ratis:service=RaftServer,group=group-2FE14A2CAE54,id=4d0c1be6-dcf4-47c9-8b71-e075f2be00b3
2019-11-18 08:32:29,889 [pool-27-thread-1] INFO  util.JmxRegister (JmxRegister.java:tryRegister(44)) - Successfully registered JMX Bean with object name Ratis:service=RaftServer,group=group-2FE14A2CAE54,id=f025706f-8746-40c7-b303-5ebba0896263
2019-11-18 08:32:29,890 [pool-47-thread-1] WARN  impl.MetricRegistriesImpl (MetricRegistriesImpl.java:lambda$create$1(61)) - First MetricRegistry has been created without registering reporters. You may need to call MetricRegistries.global().addReportRegistration(...) before.
2019-11-18 08:32:29,890 [pool-27-thread-1] WARN  impl.MetricRegistriesImpl (MetricRegistriesImpl.java:lambda$create$1(61)) - First MetricRegistry has been created without registering reporters. You may need to call MetricRegistries.global().addReportRegistration(...) before.
2019-11-18 08:32:29,890 [Command processor thread] INFO  commandhandler.CreatePipelineCommandHandler (CreatePipelineCommandHandler.java:handle(86)) - Create Pipeline RATIS THREE #id: "3aef736f-37fd-41d3-a14f-2fe14a2cae54"
 command succeed on datanode 4d0c1be6-dcf4-47c9-8b71-e075f2be00b3.
2019-11-18 08:32:29,890 [Command processor thread] INFO  commandhandler.CreatePipelineCommandHandler (CreatePipelineCommandHandler.java:handle(86)) - Create Pipeline RATIS THREE #id: "3aef736f-37fd-41d3-a14f-2fe14a2cae54"
 command succeed on datanode f025706f-8746-40c7-b303-5ebba0896263.
2019-11-18 08:32:29,892 [EventQueue-PipelineReportForPipelineReportHandler] INFO  pipeline.PipelineReportHandler (PipelineReportHandler.java:processPipelineReport(113)) - Pipeline THREE PipelineID=3aef736f-37fd-41d3-a14f-2fe14a2cae54 reported by 4d0c1be6-dcf4-47c9-8b71-e075f2be00b3{ip: 192.168.157.197, host: pr-hdds-2524-lxhdt-1925616124, networkLocation: /default-rack, certSerialId: null}
2019-11-18 08:32:29,893 [EventQueue-PipelineReportForPipelineReportHandler] INFO  pipeline.PipelineReportHandler (PipelineReportHandler.java:processPipelineReport(113)) - Pipeline THREE PipelineID=3aef736f-37fd-41d3-a14f-2fe14a2cae54 reported by f025706f-8746-40c7-b303-5ebba0896263{ip: 192.168.157.197, host: pr-hdds-2524-lxhdt-1925616124, networkLocation: /default-rack, certSerialId: null}
2019-11-18 08:32:30,484 [Command processor thread] INFO  impl.RaftServerProxy (RaftServerProxy.java:remove(95)) - ef6852d0-2a34-4052-8c02-43245b215a2d: remove  FOLLOWER ef6852d0-2a34-4052-8c02-43245b215a2d@group-DC3C0AC4C3A0:t2, leader=4d0c1be6-dcf4-47c9-8b71-e075f2be00b3, voted=ef6852d0-2a34-4052-8c02-43245b215a2d, raftlog=ef6852d0-2a34-4052-8c02-43245b215a2d@group-DC3C0AC4C3A0-SegmentedRaftLog:OPENED:c77,f77,i77, conf=0: [4d0c1be6-dcf4-47c9-8b71-e075f2be00b3:192.168.157.197:37475, ef6852d0-2a34-4052-8c02-43245b215a2d:192.168.157.197:40364, f025706f-8746-40c7-b303-5ebba0896263:192.168.157.197:42977], old=null RUNNING
2019-11-18 08:32:30,485 [Command processor thread] INFO  impl.RaftServerImpl (RaftServerImpl.java:lambda$shutdown$3(250)) - ef6852d0-2a34-4052-8c02-43245b215a2d@group-DC3C0AC4C3A0: shutdown
2019-11-18 08:32:30,485 [Command processor thread] INFO  util.JmxRegister (JmxRegister.java:unregister(73)) - Successfully un-registered JMX Bean with object name Ratis:service=RaftServer,group=group-DC3C0AC4C3A0,id=ef6852d0-2a34-4052-8c02-43245b215a2d
2019-11-18 08:32:30,485 [Command processor thread] INFO  impl.RoleInfo (RoleInfo.java:shutdownFollowerState(121)) - ef6852d0-2a34-4052-8c02-43245b215a2d: shutdown FollowerState
2019-11-18 08:32:30,485 [Command processor thread] INFO  impl.StateMachineUpdater (StateMachineUpdater.java:stopAndJoin(136)) - ef6852d0-2a34-4052-8c02-43245b215a2d@group-DC3C0AC4C3A0-StateMachineUpdater: set stopIndex = 77
2019-11-18 08:32:30,485 [Thread-217] INFO  impl.FollowerState (FollowerState.java:run(120)) - ef6852d0-2a34-4052-8c02-43245b215a2d@group-DC3C0AC4C3A0-FollowerState was interrupted: java.lang.InterruptedException: sleep interrupted
2019-11-18 08:32:30,487 [ef6852d0-2a34-4052-8c02-43245b215a2d@group-DC3C0AC4C3A0-StateMachineUpdater] INFO  ratis.ContainerStateMachine (ContainerStateMachine.java:takeSnapshot(285)) - group-DC3C0AC4C3A0: Taking a snapshot at:(t:2, i:75) file /workdir/hadoop-ozone/tools/target/test-dir/MiniOzoneClusterImpl-642e5cf4-cfc0-4d71-a493-596cc6c4d5f5/datanode-1/data/ratis/417d21d9-777c-4628-b558-dc3c0ac4c3a0/sm/snapshot.2_75
2019-11-18 08:32:30,529 [ef6852d0-2a34-4052-8c02-43245b215a2d@group-DC3C0AC4C3A0-StateMachineUpdater] INFO  ratis.ContainerStateMachine (ContainerStateMachine.java:takeSnapshot(296)) - group-DC3C0AC4C3A0: Finished taking a snapshot at:(t:2, i:75) file:/workdir/hadoop-ozone/tools/target/test-dir/MiniOzoneClusterImpl-642e5cf4-cfc0-4d71-a493-596cc6c4d5f5/datanode-1/data/ratis/417d21d9-777c-4628-b558-dc3c0ac4c3a0/sm/snapshot.2_75 time:43
2019-11-18 08:32:30,529 [ef6852d0-2a34-4052-8c02-43245b215a2d@group-DC3C0AC4C3A0-StateMachineUpdater] INFO  impl.StateMachineUpdater (StateMachineUpdater.java:takeSnapshot(269)) - ef6852d0-2a34-4052-8c02-43245b215a2d@group-DC3C0AC4C3A0-StateMachineUpdater: Took a snapshot at index 75
2019-11-18 08:32:30,529 [ef6852d0-2a34-4052-8c02-43245b215a2d@group-DC3C0AC4C3A0-StateMachineUpdater] INFO  impl.StateMachineUpdater (StateMachineUpdater.java:lambda$new$0(84)) - ef6852d0-2a34-4052-8c02-43245b215a2d@group-DC3C0AC4C3A0-StateMachineUpdater: snapshotIndex: updateIncreasingly -1 -> 75
2019-11-18 08:32:30,530 [ef6852d0-2a34-4052-8c02-43245b215a2d@group-DC3C0AC4C3A0-StateMachineUpdater] INFO  ratis.ContainerStateMachine (ContainerStateMachine.java:takeSnapshot(285)) - group-DC3C0AC4C3A0: Taking a snapshot at:(t:2, i:75) file /workdir/hadoop-ozone/tools/target/test-dir/MiniOzoneClusterImpl-642e5cf4-cfc0-4d71-a493-596cc6c4d5f5/datanode-1/data/ratis/417d21d9-777c-4628-b558-dc3c0ac4c3a0/sm/snapshot.2_75
2019-11-18 08:32:30,554 [ef6852d0-2a34-4052-8c02-43245b215a2d@group-DC3C0AC4C3A0-StateMachineUpdater] INFO  ratis.ContainerStateMachine (ContainerStateMachine.java:takeSnapshot(296)) - group-DC3C0AC4C3A0: Finished taking a snapshot at:(t:2, i:75) file:/workdir/hadoop-ozone/tools/target/test-dir/MiniOzoneClusterImpl-642e5cf4-cfc0-4d71-a493-596cc6c4d5f5/datanode-1/data/ratis/417d21d9-777c-4628-b558-dc3c0ac4c3a0/sm/snapshot.2_75 time:25
2019-11-18 08:32:30,554 [ef6852d0-2a34-4052-8c02-43245b215a2d@group-DC3C0AC4C3A0-StateMachineUpdater] INFO  impl.StateMachineUpdater (StateMachineUpdater.java:takeSnapshot(269)) - ef6852d0-2a34-4052-8c02-43245b215a2d@group-DC3C0AC4C3A0-StateMachineUpdater: Took a snapshot at index 75
2019-11-18 08:32:30,554 [ef6852d0-2a34-4052-8c02-43245b215a2d@group-DC3C0AC4C3A0-StateMachineUpdater] INFO  impl.StateMachineUpdater (StateMachineUpdater.java:lambda$new$0(84)) - ef6852d0-2a34-4052-8c02-43245b215a2d@group-DC3C0AC4C3A0-StateMachineUpdater: snapshotIndex: updateIncreasingly 75 -> 75
2019-11-18 08:32:30,555 [Command processor thread] INFO  impl.RaftServerImpl (ServerState.java:close(387)) - ef6852d0-2a34-4052-8c02-43245b215a2d@group-DC3C0AC4C3A0: closes. applyIndex: 77
2019-11-18 08:32:30,556 [ef6852d0-2a34-4052-8c02-43245b215a2d@group-DC3C0AC4C3A0-SegmentedRaftLogWorker] INFO  segmented.SegmentedRaftLogWorker (SegmentedRaftLogWorker.java:run(316)) - ef6852d0-2a34-4052-8c02-43245b215a2d@group-DC3C0AC4C3A0-SegmentedRaftLogWorker was interrupted, exiting. There are 0 tasks remaining in the queue.
2019-11-18 08:32:30,557 [Command processor thread] INFO  segmented.SegmentedRaftLogWorker (SegmentedRaftLogWorker.java:close(224)) - ef6852d0-2a34-4052-8c02-43245b215a2d@group-DC3C0AC4C3A0-SegmentedRaftLogWorker close()
 0.00% |?                                                                                                    |  0/1 Time: 0:00:022019-11-18 08:32:30,613 [Command processor thread] INFO  interfaces.Container (KeyValueContainer.java:flushAndSyncDB(400)) - Container 1 is synced with bcsId 59.
2019-11-18 08:32:30,614 [Command processor thread] INFO  interfaces.Container (KeyValueContainer.java:flushAndSyncDB(400)) - Container 1 is synced with bcsId 59.
2019-11-18 08:32:30,707 [Command processor thread] INFO  interfaces.Container (KeyValueContainer.java:flushAndSyncDB(400)) - Container 2 is synced with bcsId 75.
2019-11-18 08:32:30,707 [Command processor thread] INFO  interfaces.Container (KeyValueContainer.java:flushAndSyncDB(400)) - Container 2 is synced with bcsId 75.
2019-11-18 08:32:30,775 [Command processor thread] INFO  interfaces.Container (KeyValueContainer.java:flushAndSyncDB(400)) - Container 3 is synced with bcsId 41.
2019-11-18 08:32:30,775 [Command processor thread] INFO  interfaces.Container (KeyValueContainer.java:flushAndSyncDB(400)) - Container 3 is synced with bcsId 41.
2019-11-18 08:32:30,809 [Command processor thread] INFO  commandhandler.ClosePipelineCommandHandler (ClosePipelineCommandHandler.java:handle(78)) - Close Pipeline #id: "417d21d9-777c-4628-b558-dc3c0ac4c3a0"
 command on datanode #ef6852d0-2a34-4052-8c02-43245b215a2d.
2019-11-18 08:32:30,810 [Command processor thread] INFO  impl.RaftServerProxy (RaftServerProxy.java:addNew(89)) - ef6852d0-2a34-4052-8c02-43245b215a2d: addNew group-2FE14A2CAE54:[4d0c1be6-dcf4-47c9-8b71-e075f2be00b3:192.168.157.197:37475, ef6852d0-2a34-4052-8c02-43245b215a2d:192.168.157.197:40364, f025706f-8746-40c7-b303-5ebba0896263:192.168.157.197:42977] returns group-2FE14A2CAE54:java.util.concurrent.CompletableFuture@331c8868[Not completed]
2019-11-18 08:32:30,812 [pool-37-thread-1] INFO  impl.RaftServerImpl (RaftServerImpl.java:<init>(98)) - ef6852d0-2a34-4052-8c02-43245b215a2d: new RaftServerImpl for group-2FE14A2CAE54:[4d0c1be6-dcf4-47c9-8b71-e075f2be00b3:192.168.157.197:37475, ef6852d0-2a34-4052-8c02-43245b215a2d:192.168.157.197:40364, f025706f-8746-40c7-b303-5ebba0896263:192.168.157.197:42977] with ContainerStateMachine:uninitialized
2019-11-18 08:32:30,813 [pool-37-thread-1] INFO  server.RaftServerConfigKeys (ConfUtils.java:logGet(43)) - raft.server.rpc.timeout.min = 5s (custom)
2019-11-18 08:32:30,813 [pool-37-thread-1] INFO  server.RaftServerConfigKeys (ConfUtils.java:logGet(43)) - raft.server.rpc.timeout.max = 5200ms (custom)
2019-11-18 08:32:30,813 [pool-37-thread-1] INFO  server.RaftServerConfigKeys (ConfUtils.java:logGet(43)) - raft.server.rpcslowness.timeout = 120s (custom)
2019-11-18 08:32:30,813 [pool-37-thread-1] INFO  server.RaftServerConfigKeys (ConfUtils.java:logGet(43)) - raft.server.sleep.deviation.threshold = 300 (default)
2019-11-18 08:32:30,813 [pool-37-thread-1] INFO  server.RaftServerConfigKeys (ConfUtils.java:logGet(43)) - raft.server.log.appender.install.snapshot.enabled = false (custom)
2019-11-18 08:32:30,813 [pool-37-thread-1] INFO  impl.RaftServerImpl (ServerState.java:<init>(103)) - ef6852d0-2a34-4052-8c02-43245b215a2d@group-2FE14A2CAE54: ConfigurationManager, init=-1: [4d0c1be6-dcf4-47c9-8b71-e075f2be00b3:192.168.157.197:37475, ef6852d0-2a34-4052-8c02-43245b215a2d:192.168.157.197:40364, f025706f-8746-40c7-b303-5ebba0896263:192.168.157.197:42977], old=null, confs=<EMPTY_MAP>
2019-11-18 08:32:30,813 [pool-37-thread-1] INFO  server.RaftServerConfigKeys (ConfUtils.java:logGet(43)) - raft.server.storage.dir = [/workdir/hadoop-ozone/tools/target/test-dir/MiniOzoneClusterImpl-642e5cf4-cfc0-4d71-a493-596cc6c4d5f5/datanode-1/data/ratis] (custom)
2019-11-18 08:32:30,814 [pool-37-thread-1] INFO  server.RaftServerConfigKeys (ConfUtils.java:logGet(43)) - raft.server.log.corruption.policy = EXCEPTION (default)
2019-11-18 08:32:30,814 [pool-37-thread-1] INFO  storage.RaftStorageDirectory (RaftStorageDirectory.java:analyzeStorage(246)) - The storage directory /workdir/hadoop-ozone/tools/target/test-dir/MiniOzoneClusterImpl-642e5cf4-cfc0-4d71-a493-596cc6c4d5f5/datanode-1/data/ratis/3aef736f-37fd-41d3-a14f-2fe14a2cae54 does not exist. Creating ...
2019-11-18 08:32:30,842 [pool-37-thread-1] INFO  storage.RaftStorageDirectory (RaftStorageDirectory.java:tryLock(328)) - Lock on /workdir/hadoop-ozone/tools/target/test-dir/MiniOzoneClusterImpl-642e5cf4-cfc0-4d71-a493-596cc6c4d5f5/datanode-1/data/ratis/3aef736f-37fd-41d3-a14f-2fe14a2cae54/in_use.lock acquired by nodename 31540@pr-hdds-2524-lxhdt-1925616124
2019-11-18 08:32:30,876 [pool-37-thread-1] INFO  storage.RaftStorage (RaftStorage.java:format(84)) - Storage directory /workdir/hadoop-ozone/tools/target/test-dir/MiniOzoneClusterImpl-642e5cf4-cfc0-4d71-a493-596cc6c4d5f5/datanode-1/data/ratis/3aef736f-37fd-41d3-a14f-2fe14a2cae54 has been successfully formatted.
2019-11-18 08:32:30,876 [pool-37-thread-1] INFO  ratis.ContainerStateMachine (ContainerStateMachine.java:loadSnapshot(223)) - group-2FE14A2CAE54: The snapshot info is null. Setting the last applied indexto:(t:0, i:~)
2019-11-18 08:32:30,877 [pool-37-thread-1] INFO  server.RaftServerConfigKeys (ConfUtils.java:logGet(43)) - raft.server.notification.no-leader.timeout = 120s (custom)
2019-11-18 08:32:30,877 [pool-37-thread-1] INFO  server.RaftServerConfigKeys (ConfUtils.java:logGet(43)) - raft.server.log.use.memory = false (default)
2019-11-18 08:32:30,877 [pool-37-thread-1] INFO  server.RaftServerConfigKeys (ConfUtils.java:logGet(43)) - raft.server.log.purge.gap = 1000000 (custom)
2019-11-18 08:32:30,877 [pool-37-thread-1] INFO  server.RaftServerConfigKeys (ConfUtils.java:logGet(43)) - raft.server.log.appender.buffer.byte-limit = 33554432 (custom)
2019-11-18 08:32:30,877 [pool-37-thread-1] INFO  server.RaftServerConfigKeys (ConfUtils.java:logGet(43)) - raft.server.log.segment.size.max = 1048576 (custom)
2019-11-18 08:32:30,877 [pool-37-thread-1] INFO  server.RaftServerConfigKeys (ConfUtils.java:logGet(43)) - raft.server.log.segment.cache.num.max = 2 (custom)
2019-11-18 08:32:30,877 [pool-37-thread-1] INFO  segmented.SegmentedRaftLogWorker (SegmentedRaftLogWorker.java:<init>(173)) - new ef6852d0-2a34-4052-8c02-43245b215a2d@group-2FE14A2CAE54-SegmentedRaftLogWorker for RaftStorage:Storage Directory /workdir/hadoop-ozone/tools/target/test-dir/MiniOzoneClusterImpl-642e5cf4-cfc0-4d71-a493-596cc6c4d5f5/datanode-1/data/ratis/3aef736f-37fd-41d3-a14f-2fe14a2cae54
2019-11-18 08:32:30,878 [pool-37-thread-1] INFO  server.RaftServerConfigKeys (ConfUtils.java:logGet(43)) - raft.server.log.queue.byte-limit = 2147483647 (custom)
2019-11-18 08:32:30,878 [pool-37-thread-1] INFO  server.RaftServerConfigKeys (ConfUtils.java:logGet(43)) - raft.server.log.queue.element-limit = 1024 (custom)
2019-11-18 08:32:30,878 [pool-37-thread-1] INFO  server.RaftServerConfigKeys (ConfUtils.java:logGet(43)) - raft.server.log.segment.size.max = 1048576 (custom)
2019-11-18 08:32:30,878 [pool-37-thread-1] INFO  server.RaftServerConfigKeys (ConfUtils.java:logGet(43)) - raft.server.log.preallocated.size = 16384 (custom)
2019-11-18 08:32:30,878 [pool-37-thread-1] INFO  server.RaftServerConfigKeys (ConfUtils.java:logGet(43)) - raft.server.log.write.buffer.size = 33554432 (custom)
2019-11-18 08:32:30,878 [pool-37-thread-1] INFO  server.RaftServerConfigKeys (ConfUtils.java:logGet(43)) - raft.server.log.force.sync.num = 128 (default)
2019-11-18 08:32:30,878 [pool-37-thread-1] INFO  server.RaftServerConfigKeys (ConfUtils.java:logGet(43)) - raft.server.log.statemachine.data.sync = true (default)
2019-11-18 08:32:30,878 [pool-37-thread-1] INFO  server.RaftServerConfigKeys (ConfUtils.java:logGet(43)) - raft.server.log.statemachine.data.sync.timeout = 10s (default)
2019-11-18 08:32:30,878 [pool-37-thread-1] INFO  server.RaftServerConfigKeys (ConfUtils.java:logGet(43)) - raft.server.log.statemachine.data.sync.timeout.retry = -1 (default)
2019-11-18 08:32:30,879 [pool-37-thread-1] INFO  server.RaftServerConfigKeys (ConfUtils.java:logGet(43)) - raft.server.log.statemachine.data.caching.enabled = true (custom)
2019-11-18 08:32:30,879 [pool-37-thread-1] INFO  segmented.SegmentedRaftLogWorker (SegmentedRaftLogWorker.java:lambda$new$0(128)) - ef6852d0-2a34-4052-8c02-43245b215a2d@group-2FE14A2CAE54-SegmentedRaftLogWorker: flushIndex: setUnconditionally 0 -> -1
2019-11-18 08:32:30,879 [pool-37-thread-1] INFO  server.RaftServerConfigKeys (ConfUtils.java:logGet(43)) - raft.server.snapshot.auto.trigger.enabled = true (custom)
2019-11-18 08:32:30,879 [pool-37-thread-1] INFO  server.RaftServerConfigKeys (ConfUtils.java:logGet(43)) - raft.server.snapshot.auto.trigger.threshold = 10000 (custom)
2019-11-18 08:32:30,879 [pool-37-thread-1] INFO  server.RaftServerConfigKeys (ConfUtils.java:logGet(43)) - raft.server.snapshot.retention.file.num = 5 (custom)
2019-11-18 08:32:30,880 [pool-37-thread-1] INFO  server.RaftServerConfigKeys (ConfUtils.java:logGet(43)) - raft.server.retrycache.expirytime = 600000ms (custom)
2019-11-18 08:32:30,880 [pool-37-thread-1] WARN  impl.MetricRegistriesImpl (MetricRegistriesImpl.java:lambda$create$1(61)) - First MetricRegistry has been created without registering reporters. You may need to call MetricRegistries.global().addReportRegistration(...) before.
2019-11-18 08:32:30,880 [pool-37-thread-1] WARN  impl.MetricRegistriesImpl (MetricRegistriesImpl.java:lambda$create$1(61)) - First MetricRegistry has been created without registering reporters. You may need to call MetricRegistries.global().addReportRegistration(...) before.
2019-11-18 08:32:30,880 [pool-37-thread-1] INFO  impl.RaftServerImpl (RaftServerImpl.java:start(184)) - ef6852d0-2a34-4052-8c02-43245b215a2d@group-2FE14A2CAE54: start as a follower, conf=-1: [4d0c1be6-dcf4-47c9-8b71-e075f2be00b3:192.168.157.197:37475, ef6852d0-2a34-4052-8c02-43245b215a2d:192.168.157.197:40364, f025706f-8746-40c7-b303-5ebba0896263:192.168.157.197:42977], old=null
2019-11-18 08:32:30,880 [pool-37-thread-1] INFO  impl.RaftServerImpl (RaftServerImpl.java:setRole(173)) - ef6852d0-2a34-4052-8c02-43245b215a2d@group-2FE14A2CAE54: changes role from      null to FOLLOWER at term 0 for startAsFollower
2019-11-18 08:32:30,880 [pool-37-thread-1] INFO  impl.RoleInfo (RoleInfo.java:updateAndGet(143)) - ef6852d0-2a34-4052-8c02-43245b215a2d: start FollowerState
2019-11-18 08:32:30,881 [pool-37-thread-1] INFO  util.JmxRegister (JmxRegister.java:tryRegister(44)) - Successfully registered JMX Bean with object name Ratis:service=RaftServer,group=group-2FE14A2CAE54,id=ef6852d0-2a34-4052-8c02-43245b215a2d
2019-11-18 08:32:30,881 [pool-37-thread-1] WARN  impl.MetricRegistriesImpl (MetricRegistriesImpl.java:lambda$create$1(61)) - First MetricRegistry has been created without registering reporters. You may need to call MetricRegistries.global().addReportRegistration(...) before.
2019-11-18 08:32:30,881 [Command processor thread] INFO  commandhandler.CreatePipelineCommandHandler (CreatePipelineCommandHandler.java:handle(86)) - Create Pipeline RATIS THREE #id: "3aef736f-37fd-41d3-a14f-2fe14a2cae54"
 command succeed on datanode ef6852d0-2a34-4052-8c02-43245b215a2d.
2019-11-18 08:32:30,883 [EventQueue-PipelineReportForPipelineReportHandler] INFO  pipeline.PipelineReportHandler (PipelineReportHandler.java:processPipelineReport(113)) - Pipeline THREE PipelineID=3aef736f-37fd-41d3-a14f-2fe14a2cae54 reported by ef6852d0-2a34-4052-8c02-43245b215a2d{ip: 192.168.157.197, host: pr-hdds-2524-lxhdt-1925616124, networkLocation: /default-rack, certSerialId: null}
 0.00% |?                                                                                                    |  0/1 Time: 0:00:03 0.00% |?                                                                                                    |  0/1 Time: 0:00:04 100.00% |?????????????????????????????????????????????????????????????????????????????????????????????????????|  1/1 Time: 0:00:05
2019-11-18 08:32:34,964 [Thread-470] INFO  impl.FollowerState (FollowerState.java:run(111)) - f025706f-8746-40c7-b303-5ebba0896263@group-2FE14A2CAE54-FollowerState: change to CANDIDATE, lastRpcTime:5074ms, electionTimeout:5074ms
2019-11-18 08:32:34,964 [Thread-470] INFO  impl.RoleInfo (RoleInfo.java:shutdownFollowerState(121)) - f025706f-8746-40c7-b303-5ebba0896263: shutdown FollowerState
2019-11-18 08:32:34,964 [Thread-470] INFO  impl.RaftServerImpl (RaftServerImpl.java:setRole(173)) - f025706f-8746-40c7-b303-5ebba0896263@group-2FE14A2CAE54: changes role from  FOLLOWER to CANDIDATE at term 0 for changeToCandidate
2019-11-18 08:32:34,964 [Thread-470] INFO  impl.RoleInfo (RoleInfo.java:updateAndGet(143)) - f025706f-8746-40c7-b303-5ebba0896263: start LeaderElection
2019-11-18 08:32:34,975 [Thread-469] INFO  impl.FollowerState (FollowerState.java:run(111)) - 4d0c1be6-dcf4-47c9-8b71-e075f2be00b3@group-2FE14A2CAE54-FollowerState: change to CANDIDATE, lastRpcTime:5086ms, electionTimeout:5086ms
2019-11-18 08:32:34,975 [Thread-469] INFO  impl.RoleInfo (RoleInfo.java:shutdownFollowerState(121)) - 4d0c1be6-dcf4-47c9-8b71-e075f2be00b3: shutdown FollowerState
2019-11-18 08:32:34,976 [Thread-469] INFO  impl.RaftServerImpl (RaftServerImpl.java:setRole(173)) - 4d0c1be6-dcf4-47c9-8b71-e075f2be00b3@group-2FE14A2CAE54: changes role from  FOLLOWER to CANDIDATE at term 0 for changeToCandidate
2019-11-18 08:32:34,976 [Thread-469] INFO  impl.RoleInfo (RoleInfo.java:updateAndGet(143)) - 4d0c1be6-dcf4-47c9-8b71-e075f2be00b3: start LeaderElection
2019-11-18 08:32:34,992 [4d0c1be6-dcf4-47c9-8b71-e075f2be00b3@group-2FE14A2CAE54-LeaderElection10] INFO  impl.LeaderElection (LeaderElection.java:askForVotes(178)) - 4d0c1be6-dcf4-47c9-8b71-e075f2be00b3@group-2FE14A2CAE54-LeaderElection10: begin an election at term 1 for -1: [4d0c1be6-dcf4-47c9-8b71-e075f2be00b3:192.168.157.197:37475, ef6852d0-2a34-4052-8c02-43245b215a2d:192.168.157.197:40364, f025706f-8746-40c7-b303-5ebba0896263:192.168.157.197:42977], old=null
2019-11-18 08:32:34,992 [f025706f-8746-40c7-b303-5ebba0896263@group-2FE14A2CAE54-LeaderElection9] INFO  impl.LeaderElection (LeaderElection.java:askForVotes(178)) - f025706f-8746-40c7-b303-5ebba0896263@group-2FE14A2CAE54-LeaderElection9: begin an election at term 1 for -1: [4d0c1be6-dcf4-47c9-8b71-e075f2be00b3:192.168.157.197:37475, ef6852d0-2a34-4052-8c02-43245b215a2d:192.168.157.197:40364, f025706f-8746-40c7-b303-5ebba0896263:192.168.157.197:42977], old=null
2019-11-18 08:32:35,010 [grpc-default-executor-5] INFO  impl.RaftServerImpl (RaftServerImpl.java:setRole(173)) - ef6852d0-2a34-4052-8c02-43245b215a2d@group-2FE14A2CAE54: changes role from  FOLLOWER to FOLLOWER at term 1 for recognizeCandidate:f025706f-8746-40c7-b303-5ebba0896263
2019-11-18 08:32:35,010 [grpc-default-executor-5] INFO  impl.RoleInfo (RoleInfo.java:shutdownFollowerState(121)) - ef6852d0-2a34-4052-8c02-43245b215a2d: shutdown FollowerState
2019-11-18 08:32:35,010 [Thread-472] INFO  impl.FollowerState (FollowerState.java:run(120)) - ef6852d0-2a34-4052-8c02-43245b215a2d@group-2FE14A2CAE54-FollowerState was interrupted: java.lang.InterruptedException: sleep interrupted
2019-11-18 08:32:35,010 [grpc-default-executor-5] INFO  impl.RoleInfo (RoleInfo.java:updateAndGet(143)) - ef6852d0-2a34-4052-8c02-43245b215a2d: start FollowerState
2019-11-18 08:32:35,040 [f025706f-8746-40c7-b303-5ebba0896263@group-2FE14A2CAE54-LeaderElection9] INFO  impl.LeaderElection (LeaderElection.java:logAndReturn(56)) - f025706f-8746-40c7-b303-5ebba0896263@group-2FE14A2CAE54-LeaderElection9: Election PASSED; received 2 response(s) [f025706f-8746-40c7-b303-5ebba0896263<-4d0c1be6-dcf4-47c9-8b71-e075f2be00b3#0:FAIL-t1, f025706f-8746-40c7-b303-5ebba0896263<-ef6852d0-2a34-4052-8c02-43245b215a2d#0:OK-t1] and 0 exception(s); f025706f-8746-40c7-b303-5ebba0896263@group-2FE14A2CAE54:t1, leader=null, voted=f025706f-8746-40c7-b303-5ebba0896263, raftlog=f025706f-8746-40c7-b303-5ebba0896263@group-2FE14A2CAE54-SegmentedRaftLog:OPENED:c-1,f-1,i0, conf=-1: [4d0c1be6-dcf4-47c9-8b71-e075f2be00b3:192.168.157.197:37475, ef6852d0-2a34-4052-8c02-43245b215a2d:192.168.157.197:40364, f025706f-8746-40c7-b303-5ebba0896263:192.168.157.197:42977], old=null
2019-11-18 08:32:35,041 [f025706f-8746-40c7-b303-5ebba0896263@group-2FE14A2CAE54-LeaderElection9] INFO  impl.RoleInfo (RoleInfo.java:shutdownLeaderElection(134)) - f025706f-8746-40c7-b303-5ebba0896263: shutdown LeaderElection
2019-11-18 08:32:35,044 [f025706f-8746-40c7-b303-5ebba0896263@group-2FE14A2CAE54-LeaderElection9] INFO  impl.RaftServerImpl (RaftServerImpl.java:setRole(173)) - f025706f-8746-40c7-b303-5ebba0896263@group-2FE14A2CAE54: changes role from CANDIDATE to LEADER at term 1 for changeToLeader
2019-11-18 08:32:35,044 [4d0c1be6-dcf4-47c9-8b71-e075f2be00b3@group-2FE14A2CAE54-LeaderElection10] INFO  impl.LeaderElection (LeaderElection.java:logAndReturn(56)) - 4d0c1be6-dcf4-47c9-8b71-e075f2be00b3@group-2FE14A2CAE54-LeaderElection10: Election REJECTED; received 2 response(s) [4d0c1be6-dcf4-47c9-8b71-e075f2be00b3<-ef6852d0-2a34-4052-8c02-43245b215a2d#0:FAIL-t1, 4d0c1be6-dcf4-47c9-8b71-e075f2be00b3<-f025706f-8746-40c7-b303-5ebba0896263#0:FAIL-t1] and 0 exception(s); 4d0c1be6-dcf4-47c9-8b71-e075f2be00b3@group-2FE14A2CAE54:t1, leader=null, voted=4d0c1be6-dcf4-47c9-8b71-e075f2be00b3, raftlog=4d0c1be6-dcf4-47c9-8b71-e075f2be00b3@group-2FE14A2CAE54-SegmentedRaftLog:OPENED:c-1,f-1,i0, conf=-1: [4d0c1be6-dcf4-47c9-8b71-e075f2be00b3:192.168.157.197:37475, ef6852d0-2a34-4052-8c02-43245b215a2d:192.168.157.197:40364, f025706f-8746-40c7-b303-5ebba0896263:192.168.157.197:42977], old=null
2019-11-18 08:32:35,045 [f025706f-8746-40c7-b303-5ebba0896263@group-2FE14A2CAE54-LeaderElection9] INFO  ratis.XceiverServerRatis (XceiverServerRatis.java:handleLeaderChangedNotification(733)) - Leader change notification received for group: group-2FE14A2CAE54 with new leaderId: f025706f-8746-40c7-b303-5ebba0896263
2019-11-18 08:32:35,045 [4d0c1be6-dcf4-47c9-8b71-e075f2be00b3@group-2FE14A2CAE54-LeaderElection10] INFO  impl.RaftServerImpl (RaftServerImpl.java:setRole(173)) - 4d0c1be6-dcf4-47c9-8b71-e075f2be00b3@group-2FE14A2CAE54: changes role from CANDIDATE to FOLLOWER at term 1 for DISCOVERED_A_NEW_TERM
2019-11-18 08:32:35,048 [4d0c1be6-dcf4-47c9-8b71-e075f2be00b3@group-2FE14A2CAE54-LeaderElection10] INFO  impl.RoleInfo (RoleInfo.java:shutdownLeaderElection(134)) - 4d0c1be6-dcf4-47c9-8b71-e075f2be00b3: shutdown LeaderElection
2019-11-18 08:32:35,048 [f025706f-8746-40c7-b303-5ebba0896263@group-2FE14A2CAE54-LeaderElection9] INFO  impl.RaftServerImpl (ServerState.java:setLeader(255)) - f025706f-8746-40c7-b303-5ebba0896263@group-2FE14A2CAE54: change Leader from null to f025706f-8746-40c7-b303-5ebba0896263 at term 1 for becomeLeader, leader elected after 5164ms
2019-11-18 08:32:35,048 [4d0c1be6-dcf4-47c9-8b71-e075f2be00b3@group-2FE14A2CAE54-LeaderElection10] INFO  impl.RoleInfo (RoleInfo.java:updateAndGet(143)) - 4d0c1be6-dcf4-47c9-8b71-e075f2be00b3: start FollowerState
2019-11-18 08:32:35,049 [f025706f-8746-40c7-b303-5ebba0896263@group-2FE14A2CAE54-LeaderElection9] INFO  server.RaftServerConfigKeys (ConfUtils.java:logGet(43)) - raft.server.staging.catchup.gap = 1000 (default)
2019-11-18 08:32:35,050 [f025706f-8746-40c7-b303-5ebba0896263@group-2FE14A2CAE54-LeaderElection9] INFO  server.RaftServerConfigKeys (ConfUtils.java:logGet(43)) - raft.server.rpc.sleep.time = 25ms (default)
2019-11-18 08:32:35,050 [f025706f-8746-40c7-b303-5ebba0896263@group-2FE14A2CAE54-LeaderElection9] INFO  server.RaftServerConfigKeys (ConfUtils.java:logGet(43)) - raft.server.write.element-limit = 4096 (default)
2019-11-18 08:32:35,051 [f025706f-8746-40c7-b303-5ebba0896263@group-2FE14A2CAE54-LeaderElection9] INFO  server.RaftServerConfigKeys (ConfUtils.java:logGet(43)) - raft.server.watch.timeout = 10s (default)
2019-11-18 08:32:35,051 [f025706f-8746-40c7-b303-5ebba0896263@group-2FE14A2CAE54-LeaderElection9] INFO  server.RaftServerConfigKeys (ConfUtils.java:logGet(43)) - raft.server.watch.timeout.denomination = 1s (default)
2019-11-18 08:32:35,051 [f025706f-8746-40c7-b303-5ebba0896263@group-2FE14A2CAE54-LeaderElection9] INFO  server.RaftServerConfigKeys (ConfUtils.java:logGet(43)) - raft.server.watch.element-limit = 65536 (default)
2019-11-18 08:32:35,051 [EventQueue-PipelineReportForPipelineReportHandler] INFO  pipeline.PipelineReportHandler (PipelineReportHandler.java:processPipelineReport(113)) - Pipeline THREE PipelineID=3aef736f-37fd-41d3-a14f-2fe14a2cae54 reported by f025706f-8746-40c7-b303-5ebba0896263{ip: 192.168.157.197, host: pr-hdds-2524-lxhdt-1925616124, networkLocation: /default-rack, certSerialId: null}
2019-11-18 08:32:35,052 [EventQueue-PipelineReportForPipelineReportHandler] INFO  pipeline.PipelineStateManager (PipelineStateManager.java:openPipeline(132)) - Pipeline Pipeline[ Id: 3aef736f-37fd-41d3-a14f-2fe14a2cae54, Nodes: ef6852d0-2a34-4052-8c02-43245b215a2d{ip: 192.168.157.197, host: pr-hdds-2524-lxhdt-1925616124, networkLocation: /default-rack, certSerialId: null}f025706f-8746-40c7-b303-5ebba0896263{ip: 192.168.157.197, host: pr-hdds-2524-lxhdt-1925616124, networkLocation: /default-rack, certSerialId: null}4d0c1be6-dcf4-47c9-8b71-e075f2be00b3{ip: 192.168.157.197, host: pr-hdds-2524-lxhdt-1925616124, networkLocation: /default-rack, certSerialId: null}, Type:RATIS, Factor:THREE, State:ALLOCATED] moved to OPEN state
2019-11-18 08:32:35,052 [f025706f-8746-40c7-b303-5ebba0896263@group-2FE14A2CAE54-LeaderElection9] INFO  server.RaftServerConfigKeys (ConfUtils.java:logGet(43)) - raft.server.log.appender.snapshot.chunk.size.max = 16MB (=16777216) (default)
2019-11-18 08:32:35,052 [f025706f-8746-40c7-b303-5ebba0896263@group-2FE14A2CAE54-LeaderElection9] INFO  server.RaftServerConfigKeys (ConfUtils.java:logGet(43)) - raft.server.log.appender.buffer.byte-limit = 33554432 (custom)
2019-11-18 08:32:35,052 [f025706f-8746-40c7-b303-5ebba0896263@group-2FE14A2CAE54-LeaderElection9] INFO  server.RaftServerConfigKeys (ConfUtils.java:logGet(43)) - raft.server.log.appender.buffer.element-limit = 1 (custom)
2019-11-18 08:32:35,052 [f025706f-8746-40c7-b303-5ebba0896263@group-2FE14A2CAE54-LeaderElection9] INFO  grpc.GrpcConfigKeys$Server (ConfUtils.java:logGet(43)) - raft.grpc.server.leader.outstanding.appends.max = 128 (default)
2019-11-18 08:32:35,054 [f025706f-8746-40c7-b303-5ebba0896263@group-2FE14A2CAE54-LeaderElection9] INFO  server.RaftServerConfigKeys (ConfUtils.java:logGet(43)) - raft.server.rpc.request.timeout = 3000ms (default)
2019-11-18 08:32:35,054 [f025706f-8746-40c7-b303-5ebba0896263@group-2FE14A2CAE54-LeaderElection9] INFO  server.RaftServerConfigKeys (ConfUtils.java:logGet(43)) - raft.server.log.appender.install.snapshot.enabled = false (custom)
2019-11-18 08:32:35,054 [f025706f-8746-40c7-b303-5ebba0896263@group-2FE14A2CAE54-LeaderElection9] WARN  impl.MetricRegistriesImpl (MetricRegistriesImpl.java:lambda$create$1(61)) - First MetricRegistry has been created without registering reporters. You may need to call MetricRegistries.global().addReportRegistration(...) before.
2019-11-18 08:32:35,054 [f025706f-8746-40c7-b303-5ebba0896263@group-2FE14A2CAE54-LeaderElection9] INFO  server.RaftServerConfigKeys (ConfUtils.java:logGet(43)) - raft.server.log.appender.snapshot.chunk.size.max = 16MB (=16777216) (default)
2019-11-18 08:32:35,055 [f025706f-8746-40c7-b303-5ebba0896263@group-2FE14A2CAE54-LeaderElection9] INFO  server.RaftServerConfigKeys (ConfUtils.java:logGet(43)) - raft.server.log.appender.buffer.byte-limit = 33554432 (custom)
2019-11-18 08:32:35,055 [f025706f-8746-40c7-b303-5ebba0896263@group-2FE14A2CAE54-LeaderElection9] INFO  server.RaftServerConfigKeys (ConfUtils.java:logGet(43)) - raft.server.log.appender.buffer.element-limit = 1 (custom)
2019-11-18 08:32:35,055 [f025706f-8746-40c7-b303-5ebba0896263@group-2FE14A2CAE54-LeaderElection9] INFO  grpc.GrpcConfigKeys$Server (ConfUtils.java:logGet(43)) - raft.grpc.server.leader.outstanding.appends.max = 128 (default)
2019-11-18 08:32:35,055 [f025706f-8746-40c7-b303-5ebba0896263@group-2FE14A2CAE54-LeaderElection9] INFO  server.RaftServerConfigKeys (ConfUtils.java:logGet(43)) - raft.server.rpc.request.timeout = 3000ms (default)
2019-11-18 08:32:35,055 [f025706f-8746-40c7-b303-5ebba0896263@group-2FE14A2CAE54-LeaderElection9] INFO  server.RaftServerConfigKeys (ConfUtils.java:logGet(43)) - raft.server.log.appender.install.snapshot.enabled = false (custom)
2019-11-18 08:32:35,056 [f025706f-8746-40c7-b303-5ebba0896263@group-2FE14A2CAE54-LeaderElection9] INFO  impl.RoleInfo (RoleInfo.java:updateAndGet(143)) - f025706f-8746-40c7-b303-5ebba0896263: start LeaderState
2019-11-18 08:32:35,057 [f025706f-8746-40c7-b303-5ebba0896263@group-2FE14A2CAE54-LeaderElection9] INFO  segmented.SegmentedRaftLogWorker (SegmentedRaftLogWorker.java:startLogSegment(385)) - f025706f-8746-40c7-b303-5ebba0896263@group-2FE14A2CAE54-SegmentedRaftLogWorker: Starting segment from index:0
2019-11-18 08:32:35,058 [f025706f-8746-40c7-b303-5ebba0896263@group-2FE14A2CAE54-LeaderElection9] INFO  impl.RaftServerImpl (ServerState.java:setRaftConf(356)) - f025706f-8746-40c7-b303-5ebba0896263@group-2FE14A2CAE54: set configuration 0: [4d0c1be6-dcf4-47c9-8b71-e075f2be00b3:192.168.157.197:37475, ef6852d0-2a34-4052-8c02-43245b215a2d:192.168.157.197:40364, f025706f-8746-40c7-b303-5ebba0896263:192.168.157.197:42977], old=null at 0
2019-11-18 08:32:35,095 [grpc-default-executor-2] INFO  ratis.XceiverServerRatis (XceiverServerRatis.java:handleLeaderChangedNotification(733)) - Leader change notification received for group: group-2FE14A2CAE54 with new leaderId: f025706f-8746-40c7-b303-5ebba0896263
2019-11-18 08:32:35,095 [grpc-default-executor-5] INFO  ratis.XceiverServerRatis (XceiverServerRatis.java:handleLeaderChangedNotification(733)) - Leader change notification received for group: group-2FE14A2CAE54 with new leaderId: f025706f-8746-40c7-b303-5ebba0896263
2019-11-18 08:32:35,096 [grpc-default-executor-2] INFO  impl.RaftServerImpl (ServerState.java:setLeader(255)) - ef6852d0-2a34-4052-8c02-43245b215a2d@group-2FE14A2CAE54: change Leader from null to f025706f-8746-40c7-b303-5ebba0896263 at term 1 for appendEntries, leader elected after 4218ms
2019-11-18 08:32:35,096 [grpc-default-executor-5] INFO  impl.RaftServerImpl (ServerState.java:setLeader(255)) - 4d0c1be6-dcf4-47c9-8b71-e075f2be00b3@group-2FE14A2CAE54: change Leader from null to f025706f-8746-40c7-b303-5ebba0896263 at term 1 for appendEntries, leader elected after 5216ms
2019-11-18 08:32:35,101 [grpc-default-executor-5] INFO  impl.RaftServerImpl (ServerState.java:setRaftConf(356)) - 4d0c1be6-dcf4-47c9-8b71-e075f2be00b3@group-2FE14A2CAE54: set configuration 0: [4d0c1be6-dcf4-47c9-8b71-e075f2be00b3:192.168.157.197:37475, ef6852d0-2a34-4052-8c02-43245b215a2d:192.168.157.197:40364, f025706f-8746-40c7-b303-5ebba0896263:192.168.157.197:42977], old=null at 0
2019-11-18 08:32:35,101 [grpc-default-executor-2] INFO  impl.RaftServerImpl (ServerState.java:setRaftConf(356)) - ef6852d0-2a34-4052-8c02-43245b215a2d@group-2FE14A2CAE54: set configuration 0: [4d0c1be6-dcf4-47c9-8b71-e075f2be00b3:192.168.157.197:37475, ef6852d0-2a34-4052-8c02-43245b215a2d:192.168.157.197:40364, f025706f-8746-40c7-b303-5ebba0896263:192.168.157.197:42977], old=null at 0
2019-11-18 08:32:35,101 [grpc-default-executor-5] INFO  segmented.SegmentedRaftLogWorker (SegmentedRaftLogWorker.java:startLogSegment(385)) - 4d0c1be6-dcf4-47c9-8b71-e075f2be00b3@group-2FE14A2CAE54-SegmentedRaftLogWorker: Starting segment from index:0
2019-11-18 08:32:35,101 [grpc-default-executor-2] INFO  segmented.SegmentedRaftLogWorker (SegmentedRaftLogWorker.java:startLogSegment(385)) - ef6852d0-2a34-4052-8c02-43245b215a2d@group-2FE14A2CAE54-SegmentedRaftLogWorker: Starting segment from index:0
2019-11-18 08:32:35,114 [f025706f-8746-40c7-b303-5ebba0896263@group-2FE14A2CAE54-SegmentedRaftLogWorker] INFO  segmented.SegmentedRaftLogWorker (SegmentedRaftLogWorker.java:execute(576)) - f025706f-8746-40c7-b303-5ebba0896263@group-2FE14A2CAE54-SegmentedRaftLogWorker: created new log segment /workdir/hadoop-ozone/tools/target/test-dir/MiniOzoneClusterImpl-642e5cf4-cfc0-4d71-a493-596cc6c4d5f5/datanode-0/data/ratis/3aef736f-37fd-41d3-a14f-2fe14a2cae54/current/log_inprogress_0
2019-11-18 08:32:35,159 [ef6852d0-2a34-4052-8c02-43245b215a2d@group-2FE14A2CAE54-SegmentedRaftLogWorker] INFO  segmented.SegmentedRaftLogWorker (SegmentedRaftLogWorker.java:execute(576)) - ef6852d0-2a34-4052-8c02-43245b215a2d@group-2FE14A2CAE54-SegmentedRaftLogWorker: created new log segment /workdir/hadoop-ozone/tools/target/test-dir/MiniOzoneClusterImpl-642e5cf4-cfc0-4d71-a493-596cc6c4d5f5/datanode-1/data/ratis/3aef736f-37fd-41d3-a14f-2fe14a2cae54/current/log_inprogress_0
2019-11-18 08:32:35,159 [4d0c1be6-dcf4-47c9-8b71-e075f2be00b3@group-2FE14A2CAE54-SegmentedRaftLogWorker] INFO  segmented.SegmentedRaftLogWorker (SegmentedRaftLogWorker.java:execute(576)) - 4d0c1be6-dcf4-47c9-8b71-e075f2be00b3@group-2FE14A2CAE54-SegmentedRaftLogWorker: created new log segment /workdir/hadoop-ozone/tools/target/test-dir/MiniOzoneClusterImpl-642e5cf4-cfc0-4d71-a493-596cc6c4d5f5/datanode-2/data/ratis/3aef736f-37fd-41d3-a14f-2fe14a2cae54/current/log_inprogress_0
]]></system-out>
    <system-err><![CDATA[ERROR StatusLogger No Log4j 2 configuration file found. Using default configuration (logging only errors to the console), or user programmatically provided configurations. Set system property 'log4j2.debug' to show Log4j 2 internal initialization logging. See https://logging.apache.org/log4j/2.x/manual/configuration.html for instructions on how to configure Log4j 2
]]></system-err>
  </testcase>
</testsuite>