<?xml version="1.0" encoding="UTF-8"?>
<testsuite xmlns:xsi="http://www.w3.org/2001/XMLSchema-instance" xsi:noNamespaceSchemaLocation="https://maven.apache.org/surefire/maven-surefire-plugin/xsd/surefire-test-report.xsd" name="org.apache.hadoop.ozone.freon.TestFreonWithPipelineDestroy" time="53.089" tests="1" errors="1" skipped="0" failures="0">
  <properties>
    <property name="awt.toolkit" value="sun.awt.X11.XToolkit"/>
    <property name="file.encoding.pkg" value="sun.io"/>
    <property name="java.specification.version" value="1.8"/>
    <property name="sun.cpu.isalist" value=""/>
    <property name="sun.jnu.encoding" value="ANSI_X3.4-1968"/>
    <property name="java.class.path" value="/workdir/hadoop-ozone/tools/target/test-classes:/workdir/hadoop-ozone/tools/target/classes:/home/user/.m2/repository/org/apache/hadoop/hadoop-ozone-ozone-manager/0.5.0-SNAPSHOT/hadoop-ozone-ozone-manager-0.5.0-SNAPSHOT.jar:/home/user/.m2/repository/org/apache/hadoop/hadoop-hdds-docs/0.5.0-SNAPSHOT/hadoop-hdds-docs-0.5.0-SNAPSHOT.jar:/home/user/.m2/repository/org/bouncycastle/bcprov-jdk15on/1.60/bcprov-jdk15on-1.60.jar:/home/user/.m2/repository/org/apache/hadoop/hadoop-ozone-common/0.5.0-SNAPSHOT/hadoop-ozone-common-0.5.0-SNAPSHOT.jar:/home/user/.m2/repository/org/apache/commons/commons-compress/1.4.1/commons-compress-1.4.1.jar:/home/user/.m2/repository/org/tukaani/xz/1.0/xz-1.0.jar:/home/user/.m2/repository/org/apache/hadoop/hadoop-hdfs-client/3.2.0/hadoop-hdfs-client-3.2.0.jar:/home/user/.m2/repository/com/fasterxml/jackson/core/jackson-annotations/2.9.9/jackson-annotations-2.9.9.jar:/home/user/.m2/repository/org/apache/hadoop/hadoop-hdds-common/0.5.0-SNAPSHOT/hadoop-hdds-common-0.5.0-SNAPSHOT.jar:/home/user/.m2/repository/org/apache/hadoop/hadoop-hdds-config/0.5.0-SNAPSHOT/hadoop-hdds-config-0.5.0-SNAPSHOT.jar:/home/user/.m2/repository/javax/annotation/javax.annotation-api/1.2/javax.annotation-api-1.2.jar:/home/user/.m2/repository/org/apache/ratis/ratis-server/0.5.0-d6d58d0-SNAPSHOT/ratis-server-0.5.0-d6d58d0-SNAPSHOT.jar:/home/user/.m2/repository/org/apache/ratis/ratis-thirdparty-misc/0.2.0/ratis-thirdparty-misc-0.2.0.jar:/home/user/.m2/repository/org/apache/ratis/ratis-proto/0.5.0-d6d58d0-SNAPSHOT/ratis-proto-0.5.0-d6d58d0-SNAPSHOT.jar:/home/user/.m2/repository/org/apache/ratis/ratis-common/0.5.0-d6d58d0-SNAPSHOT/ratis-common-0.5.0-d6d58d0-SNAPSHOT.jar:/home/user/.m2/repository/org/apache/ratis/ratis-client/0.5.0-d6d58d0-SNAPSHOT/ratis-client-0.5.0-d6d58d0-SNAPSHOT.jar:/home/user/.m2/repository/org/apache/ratis/ratis-metrics/0.5.0-d6d58d0-SNAPSHOT/ratis-metrics-0.5.0-d6d58d0-SNAPSHOT.jar:/home/user/.m2/repository/org/apache/ratis/ratis-netty/0.5.0-d6d58d0-SNAPSHOT/ratis-netty-0.5.0-d6d58d0-SNAPSHOT.jar:/home/user/.m2/repository/org/apache/ratis/ratis-grpc/0.5.0-d6d58d0-SNAPSHOT/ratis-grpc-0.5.0-d6d58d0-SNAPSHOT.jar:/home/user/.m2/repository/org/rocksdb/rocksdbjni/6.0.1/rocksdbjni-6.0.1.jar:/home/user/.m2/repository/org/apache/logging/log4j/log4j-api/2.11.0/log4j-api-2.11.0.jar:/home/user/.m2/repository/org/apache/logging/log4j/log4j-core/2.11.0/log4j-core-2.11.0.jar:/home/user/.m2/repository/com/lmax/disruptor/3.4.2/disruptor-3.4.2.jar:/home/user/.m2/repository/org/apache/commons/commons-pool2/2.6.0/commons-pool2-2.6.0.jar:/home/user/.m2/repository/org/bouncycastle/bcpkix-jdk15on/1.60/bcpkix-jdk15on-1.60.jar:/home/user/.m2/repository/commons-validator/commons-validator/1.6/commons-validator-1.6.jar:/home/user/.m2/repository/commons-digester/commons-digester/1.8.1/commons-digester-1.8.1.jar:/home/user/.m2/repository/io/jaegertracing/jaeger-client/0.34.0/jaeger-client-0.34.0.jar:/home/user/.m2/repository/io/jaegertracing/jaeger-thrift/0.34.0/jaeger-thrift-0.34.0.jar:/home/user/.m2/repository/org/apache/thrift/libthrift/0.12.0/libthrift-0.12.0.jar:/home/user/.m2/repository/com/squareup/okhttp3/okhttp/3.9.0/okhttp-3.9.0.jar:/home/user/.m2/repository/com/squareup/okio/okio/1.13.0/okio-1.13.0.jar:/home/user/.m2/repository/io/jaegertracing/jaeger-core/0.34.0/jaeger-core-0.34.0.jar:/home/user/.m2/repository/io/jaegertracing/jaeger-tracerresolver/0.34.0/jaeger-tracerresolver-0.34.0.jar:/home/user/.m2/repository/io/opentracing/contrib/opentracing-tracerresolver/0.1.5/opentracing-tracerresolver-0.1.5.jar:/home/user/.m2/repository/io/opentracing/opentracing-util/0.31.0/opentracing-util-0.31.0.jar:/home/user/.m2/repository/io/opentracing/opentracing-api/0.31.0/opentracing-api-0.31.0.jar:/home/user/.m2/repository/io/opentracing/opentracing-noop/0.31.0/opentracing-noop-0.31.0.jar:/home/user/.m2/repository/org/yaml/snakeyaml/1.16/snakeyaml-1.16.jar:/home/user/.m2/repository/org/apache/hadoop/hadoop-hdds-container-service/0.5.0-SNAPSHOT/hadoop-hdds-container-service-0.5.0-SNAPSHOT.jar:/home/user/.m2/repository/org/apache/hadoop/hadoop-hdds-client/0.5.0-SNAPSHOT/hadoop-hdds-client-0.5.0-SNAPSHOT.jar:/home/user/.m2/repository/org/apache/hadoop/hadoop-hdds-tools/0.5.0-SNAPSHOT/hadoop-hdds-tools-0.5.0-SNAPSHOT.jar:/home/user/.m2/repository/org/xerial/sqlite-jdbc/3.25.2/sqlite-jdbc-3.25.2.jar:/home/user/.m2/repository/org/apache/hadoop/hadoop-hdds-server-scm/0.5.0-SNAPSHOT/hadoop-hdds-server-scm-0.5.0-SNAPSHOT.jar:/home/user/.m2/repository/org/hamcrest/hamcrest-all/1.3/hamcrest-all-1.3.jar:/home/user/.m2/repository/info/picocli/picocli/3.9.6/picocli-3.9.6.jar:/home/user/.m2/repository/com/google/protobuf/protobuf-java/2.5.0/protobuf-java-2.5.0.jar:/home/user/.m2/repository/com/google/guava/guava/11.0.2/guava-11.0.2.jar:/home/user/.m2/repository/org/apache/hadoop/hadoop-ozone-client/0.5.0-SNAPSHOT/hadoop-ozone-client-0.5.0-SNAPSHOT.jar:/workdir/hadoop-ozone/ozonefs/target/classes:/home/user/.m2/repository/org/apache/httpcomponents/httpclient/4.5.2/httpclient-4.5.2.jar:/home/user/.m2/repository/org/apache/httpcomponents/httpcore/4.4.4/httpcore-4.4.4.jar:/home/user/.m2/repository/org/apache/hadoop/hadoop-hdds-server-framework/0.5.0-SNAPSHOT/hadoop-hdds-server-framework-0.5.0-SNAPSHOT.jar:/home/user/.m2/repository/org/apache/hadoop/hadoop-common/3.2.0/hadoop-common-3.2.0.jar:/home/user/.m2/repository/org/apache/hadoop/hadoop-annotations/3.2.0/hadoop-annotations-3.2.0.jar:/usr/lib/jvm/java-1.8.0-openjdk-1.8.0.222.b10-1.el7_7.x86_64/jre/../lib/tools.jar:/home/user/.m2/repository/commons-cli/commons-cli/1.2/commons-cli-1.2.jar:/home/user/.m2/repository/org/apache/commons/commons-math3/3.1.1/commons-math3-3.1.1.jar:/home/user/.m2/repository/commons-codec/commons-codec/1.11/commons-codec-1.11.jar:/home/user/.m2/repository/commons-io/commons-io/2.5/commons-io-2.5.jar:/home/user/.m2/repository/commons-net/commons-net/3.6/commons-net-3.6.jar:/home/user/.m2/repository/commons-collections/commons-collections/3.2.2/commons-collections-3.2.2.jar:/home/user/.m2/repository/javax/servlet/javax.servlet-api/3.1.0/javax.servlet-api-3.1.0.jar:/home/user/.m2/repository/org/eclipse/jetty/jetty-server/9.3.25.v20180904/jetty-server-9.3.25.v20180904.jar:/home/user/.m2/repository/org/eclipse/jetty/jetty-http/9.3.25.v20180904/jetty-http-9.3.25.v20180904.jar:/home/user/.m2/repository/org/eclipse/jetty/jetty-io/9.3.25.v20180904/jetty-io-9.3.25.v20180904.jar:/home/user/.m2/repository/org/eclipse/jetty/jetty-util/9.3.25.v20180904/jetty-util-9.3.25.v20180904.jar:/home/user/.m2/repository/org/eclipse/jetty/jetty-servlet/9.3.25.v20180904/jetty-servlet-9.3.25.v20180904.jar:/home/user/.m2/repository/org/eclipse/jetty/jetty-security/9.3.25.v20180904/jetty-security-9.3.25.v20180904.jar:/home/user/.m2/repository/org/eclipse/jetty/jetty-webapp/9.3.25.v20180904/jetty-webapp-9.3.25.v20180904.jar:/home/user/.m2/repository/org/eclipse/jetty/jetty-xml/9.3.25.v20180904/jetty-xml-9.3.25.v20180904.jar:/home/user/.m2/repository/javax/servlet/jsp/jsp-api/2.1/jsp-api-2.1.jar:/home/user/.m2/repository/com/sun/jersey/jersey-core/1.19/jersey-core-1.19.jar:/home/user/.m2/repository/javax/ws/rs/jsr311-api/1.1.1/jsr311-api-1.1.1.jar:/home/user/.m2/repository/com/sun/jersey/jersey-servlet/1.19/jersey-servlet-1.19.jar:/home/user/.m2/repository/com/sun/jersey/jersey-json/1.19/jersey-json-1.19.jar:/home/user/.m2/repository/org/codehaus/jettison/jettison/1.1/jettison-1.1.jar:/home/user/.m2/repository/com/sun/xml/bind/jaxb-impl/2.3.0.1/jaxb-impl-2.3.0.1.jar:/home/user/.m2/repository/org/codehaus/jackson/jackson-core-asl/1.9.13/jackson-core-asl-1.9.13.jar:/home/user/.m2/repository/org/codehaus/jackson/jackson-mapper-asl/1.9.13/jackson-mapper-asl-1.9.13.jar:/home/user/.m2/repository/org/codehaus/jackson/jackson-jaxrs/1.9.13/jackson-jaxrs-1.9.13.jar:/home/user/.m2/repository/org/codehaus/jackson/jackson-xc/1.9.13/jackson-xc-1.9.13.jar:/home/user/.m2/repository/com/sun/jersey/jersey-server/1.19/jersey-server-1.19.jar:/home/user/.m2/repository/commons-logging/commons-logging/1.1.3/commons-logging-1.1.3.jar:/home/user/.m2/repository/log4j/log4j/1.2.17/log4j-1.2.17.jar:/home/user/.m2/repository/commons-beanutils/commons-beanutils/1.9.4/commons-beanutils-1.9.4.jar:/home/user/.m2/repository/org/apache/commons/commons-configuration2/2.1.1/commons-configuration2-2.1.1.jar:/home/user/.m2/repository/org/apache/commons/commons-lang3/3.7/commons-lang3-3.7.jar:/home/user/.m2/repository/org/apache/commons/commons-text/1.4/commons-text-1.4.jar:/home/user/.m2/repository/org/slf4j/slf4j-api/1.7.25/slf4j-api-1.7.25.jar:/home/user/.m2/repository/org/slf4j/slf4j-log4j12/1.7.25/slf4j-log4j12-1.7.25.jar:/home/user/.m2/repository/org/apache/avro/avro/1.7.7/avro-1.7.7.jar:/home/user/.m2/repository/com/thoughtworks/paranamer/paranamer/2.3/paranamer-2.3.jar:/home/user/.m2/repository/org/xerial/snappy/snappy-java/1.0.5/snappy-java-1.0.5.jar:/home/user/.m2/repository/com/google/re2j/re2j/1.1/re2j-1.1.jar:/home/user/.m2/repository/com/google/code/gson/gson/2.2.4/gson-2.2.4.jar:/home/user/.m2/repository/org/apache/hadoop/hadoop-auth/3.2.0/hadoop-auth-3.2.0.jar:/home/user/.m2/repository/com/nimbusds/nimbus-jose-jwt/4.41.1/nimbus-jose-jwt-4.41.1.jar:/home/user/.m2/repository/com/github/stephenc/jcip/jcip-annotations/1.0-1/jcip-annotations-1.0-1.jar:/home/user/.m2/repository/net/minidev/json-smart/2.3/json-smart-2.3.jar:/home/user/.m2/repository/net/minidev/accessors-smart/1.2/accessors-smart-1.2.jar:/home/user/.m2/repository/org/apache/curator/curator-framework/2.12.0/curator-framework-2.12.0.jar:/home/user/.m2/repository/com/jcraft/jsch/0.1.54/jsch-0.1.54.jar:/home/user/.m2/repository/org/apache/curator/curator-client/2.12.0/curator-client-2.12.0.jar:/home/user/.m2/repository/org/apache/curator/curator-recipes/2.12.0/curator-recipes-2.12.0.jar:/home/user/.m2/repository/com/google/code/findbugs/jsr305/3.0.0/jsr305-3.0.0.jar:/home/user/.m2/repository/org/apache/htrace/htrace-core4/4.1.0-incubating/htrace-core4-4.1.0-incubating.jar:/home/user/.m2/repository/org/apache/zookeeper/zookeeper/3.4.13/zookeeper-3.4.13.jar:/home/user/.m2/repository/jline/jline/0.9.94/jline-0.9.94.jar:/home/user/.m2/repository/org/apache/yetus/audience-annotations/0.5.0/audience-annotations-0.5.0.jar:/home/user/.m2/repository/org/apache/kerby/kerb-simplekdc/1.0.1/kerb-simplekdc-1.0.1.jar:/home/user/.m2/repository/org/apache/kerby/kerb-client/1.0.1/kerb-client-1.0.1.jar:/home/user/.m2/repository/org/apache/kerby/kerby-config/1.0.1/kerby-config-1.0.1.jar:/home/user/.m2/repository/org/apache/kerby/kerb-core/1.0.1/kerb-core-1.0.1.jar:/home/user/.m2/repository/org/apache/kerby/kerby-pkix/1.0.1/kerby-pkix-1.0.1.jar:/home/user/.m2/repository/org/apache/kerby/kerby-asn1/1.0.1/kerby-asn1-1.0.1.jar:/home/user/.m2/repository/org/apache/kerby/kerby-util/1.0.1/kerby-util-1.0.1.jar:/home/user/.m2/repository/org/apache/kerby/kerb-common/1.0.1/kerb-common-1.0.1.jar:/home/user/.m2/repository/org/apache/kerby/kerb-crypto/1.0.1/kerb-crypto-1.0.1.jar:/home/user/.m2/repository/org/apache/kerby/kerb-util/1.0.1/kerb-util-1.0.1.jar:/home/user/.m2/repository/org/apache/kerby/token-provider/1.0.1/token-provider-1.0.1.jar:/home/user/.m2/repository/org/apache/kerby/kerb-admin/1.0.1/kerb-admin-1.0.1.jar:/home/user/.m2/repository/org/apache/kerby/kerb-server/1.0.1/kerb-server-1.0.1.jar:/home/user/.m2/repository/org/apache/kerby/kerb-identity/1.0.1/kerb-identity-1.0.1.jar:/home/user/.m2/repository/org/apache/kerby/kerby-xdr/1.0.1/kerby-xdr-1.0.1.jar:/home/user/.m2/repository/com/fasterxml/jackson/core/jackson-databind/2.9.9/jackson-databind-2.9.9.jar:/home/user/.m2/repository/com/fasterxml/jackson/core/jackson-core/2.9.9/jackson-core-2.9.9.jar:/home/user/.m2/repository/org/codehaus/woodstox/stax2-api/3.1.4/stax2-api-3.1.4.jar:/home/user/.m2/repository/com/fasterxml/woodstox/woodstox-core/5.0.3/woodstox-core-5.0.3.jar:/home/user/.m2/repository/dnsjava/dnsjava/2.1.7/dnsjava-2.1.7.jar:/home/user/.m2/repository/org/apache/hadoop/hadoop-hdfs/3.2.0/hadoop-hdfs-3.2.0.jar:/home/user/.m2/repository/org/eclipse/jetty/jetty-util-ajax/9.3.25.v20180904/jetty-util-ajax-9.3.25.v20180904.jar:/home/user/.m2/repository/commons-daemon/commons-daemon/1.0.13/commons-daemon-1.0.13.jar:/home/user/.m2/repository/io/netty/netty/3.10.5.Final/netty-3.10.5.Final.jar:/home/user/.m2/repository/io/netty/netty-all/4.0.52.Final/netty-all-4.0.52.Final.jar:/home/user/.m2/repository/org/fusesource/leveldbjni/leveldbjni-all/1.8/leveldbjni-all-1.8.jar:/home/user/.m2/repository/com/sun/xml/bind/jaxb-core/2.3.0.1/jaxb-core-2.3.0.1.jar:/home/user/.m2/repository/javax/xml/bind/jaxb-api/2.3.0/jaxb-api-2.3.0.jar:/home/user/.m2/repository/javax/activation/activation/1.1.1/activation-1.1.1.jar:/home/user/.m2/repository/org/openjdk/jmh/jmh-core/1.19/jmh-core-1.19.jar:/home/user/.m2/repository/net/sf/jopt-simple/jopt-simple/4.6/jopt-simple-4.6.jar:/home/user/.m2/repository/org/openjdk/jmh/jmh-generator-annprocess/1.19/jmh-generator-annprocess-1.19.jar:/home/user/.m2/repository/io/dropwizard/metrics/metrics-core/3.2.4/metrics-core-3.2.4.jar:/home/user/.m2/repository/com/amazonaws/aws-java-sdk-s3/1.11.615/aws-java-sdk-s3-1.11.615.jar:/home/user/.m2/repository/com/amazonaws/aws-java-sdk-kms/1.11.615/aws-java-sdk-kms-1.11.615.jar:/home/user/.m2/repository/com/amazonaws/aws-java-sdk-core/1.11.615/aws-java-sdk-core-1.11.615.jar:/home/user/.m2/repository/software/amazon/ion/ion-java/1.0.2/ion-java-1.0.2.jar:/home/user/.m2/repository/com/fasterxml/jackson/dataformat/jackson-dataformat-cbor/2.9.9/jackson-dataformat-cbor-2.9.9.jar:/home/user/.m2/repository/joda-time/joda-time/2.9.9/joda-time-2.9.9.jar:/home/user/.m2/repository/com/amazonaws/jmespath-java/1.11.615/jmespath-java-1.11.615.jar:/home/user/.m2/repository/com/github/spotbugs/spotbugs/3.1.12/spotbugs-3.1.12.jar:/home/user/.m2/repository/org/ow2/asm/asm/5.0.4/asm-5.0.4.jar:/home/user/.m2/repository/org/ow2/asm/asm-analysis/7.0/asm-analysis-7.0.jar:/home/user/.m2/repository/org/ow2/asm/asm-commons/7.0/asm-commons-7.0.jar:/home/user/.m2/repository/org/ow2/asm/asm-tree/7.0/asm-tree-7.0.jar:/home/user/.m2/repository/org/ow2/asm/asm-util/7.0/asm-util-7.0.jar:/home/user/.m2/repository/org/apache/bcel/bcel/6.3/bcel-6.3.jar:/home/user/.m2/repository/net/jcip/jcip-annotations/1.0/jcip-annotations-1.0.jar:/home/user/.m2/repository/org/dom4j/dom4j/2.1.1/dom4j-2.1.1.jar:/home/user/.m2/repository/jaxen/jaxen/1.1.6/jaxen-1.1.6.jar:/home/user/.m2/repository/commons-lang/commons-lang/2.6/commons-lang-2.6.jar:/home/user/.m2/repository/com/github/spotbugs/spotbugs-annotations/3.1.12/spotbugs-annotations-3.1.12.jar:/home/user/.m2/repository/junit/junit/4.11/junit-4.11.jar:/home/user/.m2/repository/org/hamcrest/hamcrest-core/1.3/hamcrest-core-1.3.jar:/home/user/.m2/repository/org/apache/hadoop/hadoop-common/3.2.0/hadoop-common-3.2.0-tests.jar:/workdir/hadoop-ozone/integration-test/target/test-classes:/home/user/.m2/repository/org/apache/hadoop/hadoop-ozone-s3gateway/0.5.0-SNAPSHOT/hadoop-ozone-s3gateway-0.5.0-SNAPSHOT.jar:/home/user/.m2/repository/org/jboss/weld/servlet/weld-servlet/2.4.7.Final/weld-servlet-2.4.7.Final.jar:/home/user/.m2/repository/org/glassfish/jersey/containers/jersey-container-servlet-core/2.27/jersey-container-servlet-core-2.27.jar:/home/user/.m2/repository/org/glassfish/hk2/external/javax.inject/2.5.0-b42/javax.inject-2.5.0-b42.jar:/home/user/.m2/repository/org/glassfish/jersey/core/jersey-common/2.27/jersey-common-2.27.jar:/home/user/.m2/repository/org/glassfish/hk2/osgi-resource-locator/1.0.1/osgi-resource-locator-1.0.1.jar:/home/user/.m2/repository/javax/ws/rs/javax.ws.rs-api/2.1/javax.ws.rs-api-2.1.jar:/home/user/.m2/repository/org/glassfish/jersey/ext/cdi/jersey-cdi1x/2.27/jersey-cdi1x-2.27.jar:/home/user/.m2/repository/org/glassfish/jersey/inject/jersey-hk2/2.27/jersey-hk2-2.27.jar:/home/user/.m2/repository/org/glassfish/hk2/hk2-locator/2.5.0-b42/hk2-locator-2.5.0-b42.jar:/home/user/.m2/repository/org/javassist/javassist/3.22.0-CR2/javassist-3.22.0-CR2.jar:/home/user/.m2/repository/org/glassfish/hk2/hk2-api/2.5.0/hk2-api-2.5.0.jar:/home/user/.m2/repository/org/glassfish/hk2/external/jakarta.inject/2.5.0/jakarta.inject-2.5.0.jar:/home/user/.m2/repository/org/glassfish/hk2/hk2-utils/2.5.0/hk2-utils-2.5.0.jar:/home/user/.m2/repository/jakarta/annotation/jakarta.annotation-api/1.3.4/jakarta.annotation-api-1.3.4.jar:/home/user/.m2/repository/org/glassfish/hk2/external/aopalliance-repackaged/2.5.0/aopalliance-repackaged-2.5.0.jar:/home/user/.m2/repository/com/fasterxml/jackson/dataformat/jackson-dataformat-xml/2.9.0/jackson-dataformat-xml-2.9.0.jar:/home/user/.m2/repository/com/fasterxml/jackson/module/jackson-module-jaxb-annotations/2.9.9/jackson-module-jaxb-annotations-2.9.9.jar:/home/user/.m2/repository/javax/enterprise/cdi-api/1.2/cdi-api-1.2.jar:/home/user/.m2/repository/javax/el/javax.el-api/3.0.0/javax.el-api-3.0.0.jar:/home/user/.m2/repository/javax/interceptor/javax.interceptor-api/1.2/javax.interceptor-api-1.2.jar:/home/user/.m2/repository/javax/inject/javax.inject/1/javax.inject-1.jar:/home/user/.m2/repository/org/apache/hadoop/hadoop-ozone-csi/0.5.0-SNAPSHOT/hadoop-ozone-csi-0.5.0-SNAPSHOT.jar:/home/user/.m2/repository/com/google/protobuf/protobuf-java-util/3.5.1/protobuf-java-util-3.5.1.jar:/home/user/.m2/repository/io/grpc/grpc-netty/1.17.1/grpc-netty-1.17.1.jar:/home/user/.m2/repository/io/grpc/grpc-core/1.17.1/grpc-core-1.17.1.jar:/home/user/.m2/repository/io/grpc/grpc-context/1.17.1/grpc-context-1.17.1.jar:/home/user/.m2/repository/com/google/errorprone/error_prone_annotations/2.2.0/error_prone_annotations-2.2.0.jar:/home/user/.m2/repository/org/codehaus/mojo/animal-sniffer-annotations/1.17/animal-sniffer-annotations-1.17.jar:/home/user/.m2/repository/io/opencensus/opencensus-api/0.17.0/opencensus-api-0.17.0.jar:/home/user/.m2/repository/io/opencensus/opencensus-contrib-grpc-metrics/0.17.0/opencensus-contrib-grpc-metrics-0.17.0.jar:/home/user/.m2/repository/io/netty/netty-codec-http2/4.1.30.Final/netty-codec-http2-4.1.30.Final.jar:/home/user/.m2/repository/io/netty/netty-codec-http/4.1.30.Final/netty-codec-http-4.1.30.Final.jar:/home/user/.m2/repository/io/netty/netty-codec/4.1.30.Final/netty-codec-4.1.30.Final.jar:/home/user/.m2/repository/io/netty/netty-handler/4.1.30.Final/netty-handler-4.1.30.Final.jar:/home/user/.m2/repository/io/netty/netty-handler-proxy/4.1.30.Final/netty-handler-proxy-4.1.30.Final.jar:/home/user/.m2/repository/io/netty/netty-codec-socks/4.1.30.Final/netty-codec-socks-4.1.30.Final.jar:/home/user/.m2/repository/io/netty/netty-transport-native-epoll/4.1.30.Final/netty-transport-native-epoll-4.1.30.Final.jar:/home/user/.m2/repository/io/netty/netty-common/4.1.30.Final/netty-common-4.1.30.Final.jar:/home/user/.m2/repository/io/netty/netty-buffer/4.1.30.Final/netty-buffer-4.1.30.Final.jar:/home/user/.m2/repository/io/netty/netty-transport/4.1.30.Final/netty-transport-4.1.30.Final.jar:/home/user/.m2/repository/io/netty/netty-resolver/4.1.30.Final/netty-resolver-4.1.30.Final.jar:/home/user/.m2/repository/io/netty/netty-transport-native-unix-common/4.1.30.Final/netty-transport-native-unix-common-4.1.30.Final.jar:/home/user/.m2/repository/io/grpc/grpc-protobuf/1.17.1/grpc-protobuf-1.17.1.jar:/home/user/.m2/repository/com/google/api/grpc/proto-google-common-protos/1.0.0/proto-google-common-protos-1.0.0.jar:/home/user/.m2/repository/io/grpc/grpc-protobuf-lite/1.17.1/grpc-protobuf-lite-1.17.1.jar:/home/user/.m2/repository/io/grpc/grpc-stub/1.17.1/grpc-stub-1.17.1.jar:/home/user/.m2/repository/org/apache/hadoop/hadoop-ozone-recon/0.5.0-SNAPSHOT/hadoop-ozone-recon-0.5.0-SNAPSHOT.jar:/home/user/.m2/repository/org/apache/hadoop/hadoop-ozone-reconcodegen/0.5.0-SNAPSHOT/hadoop-ozone-reconcodegen-0.5.0-SNAPSHOT.jar:/home/user/.m2/repository/com/google/inject/extensions/guice-multibindings/4.0/guice-multibindings-4.0.jar:/home/user/.m2/repository/com/google/inject/guice/4.0/guice-4.0.jar:/home/user/.m2/repository/aopalliance/aopalliance/1.0/aopalliance-1.0.jar:/home/user/.m2/repository/com/google/inject/extensions/guice-servlet/4.0/guice-servlet-4.0.jar:/home/user/.m2/repository/org/glassfish/jersey/containers/jersey-container-servlet/2.27/jersey-container-servlet-2.27.jar:/home/user/.m2/repository/org/glassfish/hk2/guice-bridge/2.5.0/guice-bridge-2.5.0.jar:/home/user/.m2/repository/org/glassfish/jersey/core/jersey-server/2.27/jersey-server-2.27.jar:/home/user/.m2/repository/org/glassfish/jersey/core/jersey-client/2.27/jersey-client-2.27.jar:/home/user/.m2/repository/org/glassfish/jersey/media/jersey-media-jaxb/2.27/jersey-media-jaxb-2.27.jar:/home/user/.m2/repository/javax/validation/validation-api/1.1.0.Final/validation-api-1.1.0.Final.jar:/home/user/.m2/repository/org/glassfish/jersey/media/jersey-media-json-jackson/2.27/jersey-media-json-jackson-2.27.jar:/home/user/.m2/repository/org/glassfish/jersey/ext/jersey-entity-filtering/2.27/jersey-entity-filtering-2.27.jar:/home/user/.m2/repository/com/google/inject/extensions/guice-assistedinject/4.0/guice-assistedinject-4.0.jar:/home/user/.m2/repository/org/jooq/jooq/3.11.10/jooq-3.11.10.jar:/home/user/.m2/repository/org/jooq/jooq-meta/3.11.10/jooq-meta-3.11.10.jar:/home/user/.m2/repository/org/jooq/jooq-codegen/3.11.10/jooq-codegen-3.11.10.jar:/home/user/.m2/repository/com/jolbox/bonecp/0.8.0.RELEASE/bonecp-0.8.0.RELEASE.jar:/home/user/.m2/repository/org/springframework/spring-jdbc/5.1.3.RELEASE/spring-jdbc-5.1.3.RELEASE.jar:/home/user/.m2/repository/org/springframework/spring-beans/5.1.3.RELEASE/spring-beans-5.1.3.RELEASE.jar:/home/user/.m2/repository/org/springframework/spring-core/5.1.3.RELEASE/spring-core-5.1.3.RELEASE.jar:/home/user/.m2/repository/org/springframework/spring-jcl/5.1.3.RELEASE/spring-jcl-5.1.3.RELEASE.jar:/home/user/.m2/repository/org/springframework/spring-tx/5.1.3.RELEASE/spring-tx-5.1.3.RELEASE.jar:/home/user/.m2/repository/org/mockito/mockito-core/2.15.0/mockito-core-2.15.0.jar:/home/user/.m2/repository/net/bytebuddy/byte-buddy/1.7.9/byte-buddy-1.7.9.jar:/home/user/.m2/repository/net/bytebuddy/byte-buddy-agent/1.7.9/byte-buddy-agent-1.7.9.jar:/home/user/.m2/repository/org/objenesis/objenesis/1.0/objenesis-1.0.jar:"/>
    <property name="java.vm.vendor" value="Oracle Corporation"/>
    <property name="sun.arch.data.model" value="64"/>
    <property name="test.build.dir" value="/workdir/hadoop-ozone/tools/target/test-dir"/>
    <property name="test.cache.data" value=""/>
    <property name="java.vendor.url" value="http://java.oracle.com/"/>
    <property name="user.timezone" value=""/>
    <property name="java.vm.specification.version" value="1.8"/>
    <property name="os.name" value="Linux"/>
    <property name="test.build.data" value="/workdir/hadoop-ozone/tools/target/test-dir"/>
    <property name="user.country" value="US"/>
    <property name="sun.java.launcher" value="SUN_STANDARD"/>
    <property name="sun.boot.library.path" value="/usr/lib/jvm/java-1.8.0-openjdk-1.8.0.222.b10-1.el7_7.x86_64/jre/lib/amd64"/>
    <property name="sun.java.command" value="/workdir/hadoop-ozone/tools/target/surefire/surefirebooter1367022188568807790.jar /workdir/hadoop-ozone/tools/target/surefire 2019-10-31T09-21-38_215-jvmRun1 surefire7509784655610872474tmp surefire_1002504322631909455653tmp"/>
    <property name="surefire.test.class.path" value="/workdir/hadoop-ozone/tools/target/test-classes:/workdir/hadoop-ozone/tools/target/classes:/home/user/.m2/repository/org/apache/hadoop/hadoop-ozone-ozone-manager/0.5.0-SNAPSHOT/hadoop-ozone-ozone-manager-0.5.0-SNAPSHOT.jar:/home/user/.m2/repository/org/apache/hadoop/hadoop-hdds-docs/0.5.0-SNAPSHOT/hadoop-hdds-docs-0.5.0-SNAPSHOT.jar:/home/user/.m2/repository/org/bouncycastle/bcprov-jdk15on/1.60/bcprov-jdk15on-1.60.jar:/home/user/.m2/repository/org/apache/hadoop/hadoop-ozone-common/0.5.0-SNAPSHOT/hadoop-ozone-common-0.5.0-SNAPSHOT.jar:/home/user/.m2/repository/org/apache/commons/commons-compress/1.4.1/commons-compress-1.4.1.jar:/home/user/.m2/repository/org/tukaani/xz/1.0/xz-1.0.jar:/home/user/.m2/repository/org/apache/hadoop/hadoop-hdfs-client/3.2.0/hadoop-hdfs-client-3.2.0.jar:/home/user/.m2/repository/com/fasterxml/jackson/core/jackson-annotations/2.9.9/jackson-annotations-2.9.9.jar:/home/user/.m2/repository/org/apache/hadoop/hadoop-hdds-common/0.5.0-SNAPSHOT/hadoop-hdds-common-0.5.0-SNAPSHOT.jar:/home/user/.m2/repository/org/apache/hadoop/hadoop-hdds-config/0.5.0-SNAPSHOT/hadoop-hdds-config-0.5.0-SNAPSHOT.jar:/home/user/.m2/repository/javax/annotation/javax.annotation-api/1.2/javax.annotation-api-1.2.jar:/home/user/.m2/repository/org/apache/ratis/ratis-server/0.5.0-d6d58d0-SNAPSHOT/ratis-server-0.5.0-d6d58d0-SNAPSHOT.jar:/home/user/.m2/repository/org/apache/ratis/ratis-thirdparty-misc/0.2.0/ratis-thirdparty-misc-0.2.0.jar:/home/user/.m2/repository/org/apache/ratis/ratis-proto/0.5.0-d6d58d0-SNAPSHOT/ratis-proto-0.5.0-d6d58d0-SNAPSHOT.jar:/home/user/.m2/repository/org/apache/ratis/ratis-common/0.5.0-d6d58d0-SNAPSHOT/ratis-common-0.5.0-d6d58d0-SNAPSHOT.jar:/home/user/.m2/repository/org/apache/ratis/ratis-client/0.5.0-d6d58d0-SNAPSHOT/ratis-client-0.5.0-d6d58d0-SNAPSHOT.jar:/home/user/.m2/repository/org/apache/ratis/ratis-metrics/0.5.0-d6d58d0-SNAPSHOT/ratis-metrics-0.5.0-d6d58d0-SNAPSHOT.jar:/home/user/.m2/repository/org/apache/ratis/ratis-netty/0.5.0-d6d58d0-SNAPSHOT/ratis-netty-0.5.0-d6d58d0-SNAPSHOT.jar:/home/user/.m2/repository/org/apache/ratis/ratis-grpc/0.5.0-d6d58d0-SNAPSHOT/ratis-grpc-0.5.0-d6d58d0-SNAPSHOT.jar:/home/user/.m2/repository/org/rocksdb/rocksdbjni/6.0.1/rocksdbjni-6.0.1.jar:/home/user/.m2/repository/org/apache/logging/log4j/log4j-api/2.11.0/log4j-api-2.11.0.jar:/home/user/.m2/repository/org/apache/logging/log4j/log4j-core/2.11.0/log4j-core-2.11.0.jar:/home/user/.m2/repository/com/lmax/disruptor/3.4.2/disruptor-3.4.2.jar:/home/user/.m2/repository/org/apache/commons/commons-pool2/2.6.0/commons-pool2-2.6.0.jar:/home/user/.m2/repository/org/bouncycastle/bcpkix-jdk15on/1.60/bcpkix-jdk15on-1.60.jar:/home/user/.m2/repository/commons-validator/commons-validator/1.6/commons-validator-1.6.jar:/home/user/.m2/repository/commons-digester/commons-digester/1.8.1/commons-digester-1.8.1.jar:/home/user/.m2/repository/io/jaegertracing/jaeger-client/0.34.0/jaeger-client-0.34.0.jar:/home/user/.m2/repository/io/jaegertracing/jaeger-thrift/0.34.0/jaeger-thrift-0.34.0.jar:/home/user/.m2/repository/org/apache/thrift/libthrift/0.12.0/libthrift-0.12.0.jar:/home/user/.m2/repository/com/squareup/okhttp3/okhttp/3.9.0/okhttp-3.9.0.jar:/home/user/.m2/repository/com/squareup/okio/okio/1.13.0/okio-1.13.0.jar:/home/user/.m2/repository/io/jaegertracing/jaeger-core/0.34.0/jaeger-core-0.34.0.jar:/home/user/.m2/repository/io/jaegertracing/jaeger-tracerresolver/0.34.0/jaeger-tracerresolver-0.34.0.jar:/home/user/.m2/repository/io/opentracing/contrib/opentracing-tracerresolver/0.1.5/opentracing-tracerresolver-0.1.5.jar:/home/user/.m2/repository/io/opentracing/opentracing-util/0.31.0/opentracing-util-0.31.0.jar:/home/user/.m2/repository/io/opentracing/opentracing-api/0.31.0/opentracing-api-0.31.0.jar:/home/user/.m2/repository/io/opentracing/opentracing-noop/0.31.0/opentracing-noop-0.31.0.jar:/home/user/.m2/repository/org/yaml/snakeyaml/1.16/snakeyaml-1.16.jar:/home/user/.m2/repository/org/apache/hadoop/hadoop-hdds-container-service/0.5.0-SNAPSHOT/hadoop-hdds-container-service-0.5.0-SNAPSHOT.jar:/home/user/.m2/repository/org/apache/hadoop/hadoop-hdds-client/0.5.0-SNAPSHOT/hadoop-hdds-client-0.5.0-SNAPSHOT.jar:/home/user/.m2/repository/org/apache/hadoop/hadoop-hdds-tools/0.5.0-SNAPSHOT/hadoop-hdds-tools-0.5.0-SNAPSHOT.jar:/home/user/.m2/repository/org/xerial/sqlite-jdbc/3.25.2/sqlite-jdbc-3.25.2.jar:/home/user/.m2/repository/org/apache/hadoop/hadoop-hdds-server-scm/0.5.0-SNAPSHOT/hadoop-hdds-server-scm-0.5.0-SNAPSHOT.jar:/home/user/.m2/repository/org/hamcrest/hamcrest-all/1.3/hamcrest-all-1.3.jar:/home/user/.m2/repository/info/picocli/picocli/3.9.6/picocli-3.9.6.jar:/home/user/.m2/repository/com/google/protobuf/protobuf-java/2.5.0/protobuf-java-2.5.0.jar:/home/user/.m2/repository/com/google/guava/guava/11.0.2/guava-11.0.2.jar:/home/user/.m2/repository/org/apache/hadoop/hadoop-ozone-client/0.5.0-SNAPSHOT/hadoop-ozone-client-0.5.0-SNAPSHOT.jar:/workdir/hadoop-ozone/ozonefs/target/classes:/home/user/.m2/repository/org/apache/httpcomponents/httpclient/4.5.2/httpclient-4.5.2.jar:/home/user/.m2/repository/org/apache/httpcomponents/httpcore/4.4.4/httpcore-4.4.4.jar:/home/user/.m2/repository/org/apache/hadoop/hadoop-hdds-server-framework/0.5.0-SNAPSHOT/hadoop-hdds-server-framework-0.5.0-SNAPSHOT.jar:/home/user/.m2/repository/org/apache/hadoop/hadoop-common/3.2.0/hadoop-common-3.2.0.jar:/home/user/.m2/repository/org/apache/hadoop/hadoop-annotations/3.2.0/hadoop-annotations-3.2.0.jar:/usr/lib/jvm/java-1.8.0-openjdk-1.8.0.222.b10-1.el7_7.x86_64/jre/../lib/tools.jar:/home/user/.m2/repository/commons-cli/commons-cli/1.2/commons-cli-1.2.jar:/home/user/.m2/repository/org/apache/commons/commons-math3/3.1.1/commons-math3-3.1.1.jar:/home/user/.m2/repository/commons-codec/commons-codec/1.11/commons-codec-1.11.jar:/home/user/.m2/repository/commons-io/commons-io/2.5/commons-io-2.5.jar:/home/user/.m2/repository/commons-net/commons-net/3.6/commons-net-3.6.jar:/home/user/.m2/repository/commons-collections/commons-collections/3.2.2/commons-collections-3.2.2.jar:/home/user/.m2/repository/javax/servlet/javax.servlet-api/3.1.0/javax.servlet-api-3.1.0.jar:/home/user/.m2/repository/org/eclipse/jetty/jetty-server/9.3.25.v20180904/jetty-server-9.3.25.v20180904.jar:/home/user/.m2/repository/org/eclipse/jetty/jetty-http/9.3.25.v20180904/jetty-http-9.3.25.v20180904.jar:/home/user/.m2/repository/org/eclipse/jetty/jetty-io/9.3.25.v20180904/jetty-io-9.3.25.v20180904.jar:/home/user/.m2/repository/org/eclipse/jetty/jetty-util/9.3.25.v20180904/jetty-util-9.3.25.v20180904.jar:/home/user/.m2/repository/org/eclipse/jetty/jetty-servlet/9.3.25.v20180904/jetty-servlet-9.3.25.v20180904.jar:/home/user/.m2/repository/org/eclipse/jetty/jetty-security/9.3.25.v20180904/jetty-security-9.3.25.v20180904.jar:/home/user/.m2/repository/org/eclipse/jetty/jetty-webapp/9.3.25.v20180904/jetty-webapp-9.3.25.v20180904.jar:/home/user/.m2/repository/org/eclipse/jetty/jetty-xml/9.3.25.v20180904/jetty-xml-9.3.25.v20180904.jar:/home/user/.m2/repository/javax/servlet/jsp/jsp-api/2.1/jsp-api-2.1.jar:/home/user/.m2/repository/com/sun/jersey/jersey-core/1.19/jersey-core-1.19.jar:/home/user/.m2/repository/javax/ws/rs/jsr311-api/1.1.1/jsr311-api-1.1.1.jar:/home/user/.m2/repository/com/sun/jersey/jersey-servlet/1.19/jersey-servlet-1.19.jar:/home/user/.m2/repository/com/sun/jersey/jersey-json/1.19/jersey-json-1.19.jar:/home/user/.m2/repository/org/codehaus/jettison/jettison/1.1/jettison-1.1.jar:/home/user/.m2/repository/com/sun/xml/bind/jaxb-impl/2.3.0.1/jaxb-impl-2.3.0.1.jar:/home/user/.m2/repository/org/codehaus/jackson/jackson-core-asl/1.9.13/jackson-core-asl-1.9.13.jar:/home/user/.m2/repository/org/codehaus/jackson/jackson-mapper-asl/1.9.13/jackson-mapper-asl-1.9.13.jar:/home/user/.m2/repository/org/codehaus/jackson/jackson-jaxrs/1.9.13/jackson-jaxrs-1.9.13.jar:/home/user/.m2/repository/org/codehaus/jackson/jackson-xc/1.9.13/jackson-xc-1.9.13.jar:/home/user/.m2/repository/com/sun/jersey/jersey-server/1.19/jersey-server-1.19.jar:/home/user/.m2/repository/commons-logging/commons-logging/1.1.3/commons-logging-1.1.3.jar:/home/user/.m2/repository/log4j/log4j/1.2.17/log4j-1.2.17.jar:/home/user/.m2/repository/commons-beanutils/commons-beanutils/1.9.4/commons-beanutils-1.9.4.jar:/home/user/.m2/repository/org/apache/commons/commons-configuration2/2.1.1/commons-configuration2-2.1.1.jar:/home/user/.m2/repository/org/apache/commons/commons-lang3/3.7/commons-lang3-3.7.jar:/home/user/.m2/repository/org/apache/commons/commons-text/1.4/commons-text-1.4.jar:/home/user/.m2/repository/org/slf4j/slf4j-api/1.7.25/slf4j-api-1.7.25.jar:/home/user/.m2/repository/org/slf4j/slf4j-log4j12/1.7.25/slf4j-log4j12-1.7.25.jar:/home/user/.m2/repository/org/apache/avro/avro/1.7.7/avro-1.7.7.jar:/home/user/.m2/repository/com/thoughtworks/paranamer/paranamer/2.3/paranamer-2.3.jar:/home/user/.m2/repository/org/xerial/snappy/snappy-java/1.0.5/snappy-java-1.0.5.jar:/home/user/.m2/repository/com/google/re2j/re2j/1.1/re2j-1.1.jar:/home/user/.m2/repository/com/google/code/gson/gson/2.2.4/gson-2.2.4.jar:/home/user/.m2/repository/org/apache/hadoop/hadoop-auth/3.2.0/hadoop-auth-3.2.0.jar:/home/user/.m2/repository/com/nimbusds/nimbus-jose-jwt/4.41.1/nimbus-jose-jwt-4.41.1.jar:/home/user/.m2/repository/com/github/stephenc/jcip/jcip-annotations/1.0-1/jcip-annotations-1.0-1.jar:/home/user/.m2/repository/net/minidev/json-smart/2.3/json-smart-2.3.jar:/home/user/.m2/repository/net/minidev/accessors-smart/1.2/accessors-smart-1.2.jar:/home/user/.m2/repository/org/apache/curator/curator-framework/2.12.0/curator-framework-2.12.0.jar:/home/user/.m2/repository/com/jcraft/jsch/0.1.54/jsch-0.1.54.jar:/home/user/.m2/repository/org/apache/curator/curator-client/2.12.0/curator-client-2.12.0.jar:/home/user/.m2/repository/org/apache/curator/curator-recipes/2.12.0/curator-recipes-2.12.0.jar:/home/user/.m2/repository/com/google/code/findbugs/jsr305/3.0.0/jsr305-3.0.0.jar:/home/user/.m2/repository/org/apache/htrace/htrace-core4/4.1.0-incubating/htrace-core4-4.1.0-incubating.jar:/home/user/.m2/repository/org/apache/zookeeper/zookeeper/3.4.13/zookeeper-3.4.13.jar:/home/user/.m2/repository/jline/jline/0.9.94/jline-0.9.94.jar:/home/user/.m2/repository/org/apache/yetus/audience-annotations/0.5.0/audience-annotations-0.5.0.jar:/home/user/.m2/repository/org/apache/kerby/kerb-simplekdc/1.0.1/kerb-simplekdc-1.0.1.jar:/home/user/.m2/repository/org/apache/kerby/kerb-client/1.0.1/kerb-client-1.0.1.jar:/home/user/.m2/repository/org/apache/kerby/kerby-config/1.0.1/kerby-config-1.0.1.jar:/home/user/.m2/repository/org/apache/kerby/kerb-core/1.0.1/kerb-core-1.0.1.jar:/home/user/.m2/repository/org/apache/kerby/kerby-pkix/1.0.1/kerby-pkix-1.0.1.jar:/home/user/.m2/repository/org/apache/kerby/kerby-asn1/1.0.1/kerby-asn1-1.0.1.jar:/home/user/.m2/repository/org/apache/kerby/kerby-util/1.0.1/kerby-util-1.0.1.jar:/home/user/.m2/repository/org/apache/kerby/kerb-common/1.0.1/kerb-common-1.0.1.jar:/home/user/.m2/repository/org/apache/kerby/kerb-crypto/1.0.1/kerb-crypto-1.0.1.jar:/home/user/.m2/repository/org/apache/kerby/kerb-util/1.0.1/kerb-util-1.0.1.jar:/home/user/.m2/repository/org/apache/kerby/token-provider/1.0.1/token-provider-1.0.1.jar:/home/user/.m2/repository/org/apache/kerby/kerb-admin/1.0.1/kerb-admin-1.0.1.jar:/home/user/.m2/repository/org/apache/kerby/kerb-server/1.0.1/kerb-server-1.0.1.jar:/home/user/.m2/repository/org/apache/kerby/kerb-identity/1.0.1/kerb-identity-1.0.1.jar:/home/user/.m2/repository/org/apache/kerby/kerby-xdr/1.0.1/kerby-xdr-1.0.1.jar:/home/user/.m2/repository/com/fasterxml/jackson/core/jackson-databind/2.9.9/jackson-databind-2.9.9.jar:/home/user/.m2/repository/com/fasterxml/jackson/core/jackson-core/2.9.9/jackson-core-2.9.9.jar:/home/user/.m2/repository/org/codehaus/woodstox/stax2-api/3.1.4/stax2-api-3.1.4.jar:/home/user/.m2/repository/com/fasterxml/woodstox/woodstox-core/5.0.3/woodstox-core-5.0.3.jar:/home/user/.m2/repository/dnsjava/dnsjava/2.1.7/dnsjava-2.1.7.jar:/home/user/.m2/repository/org/apache/hadoop/hadoop-hdfs/3.2.0/hadoop-hdfs-3.2.0.jar:/home/user/.m2/repository/org/eclipse/jetty/jetty-util-ajax/9.3.25.v20180904/jetty-util-ajax-9.3.25.v20180904.jar:/home/user/.m2/repository/commons-daemon/commons-daemon/1.0.13/commons-daemon-1.0.13.jar:/home/user/.m2/repository/io/netty/netty/3.10.5.Final/netty-3.10.5.Final.jar:/home/user/.m2/repository/io/netty/netty-all/4.0.52.Final/netty-all-4.0.52.Final.jar:/home/user/.m2/repository/org/fusesource/leveldbjni/leveldbjni-all/1.8/leveldbjni-all-1.8.jar:/home/user/.m2/repository/com/sun/xml/bind/jaxb-core/2.3.0.1/jaxb-core-2.3.0.1.jar:/home/user/.m2/repository/javax/xml/bind/jaxb-api/2.3.0/jaxb-api-2.3.0.jar:/home/user/.m2/repository/javax/activation/activation/1.1.1/activation-1.1.1.jar:/home/user/.m2/repository/org/openjdk/jmh/jmh-core/1.19/jmh-core-1.19.jar:/home/user/.m2/repository/net/sf/jopt-simple/jopt-simple/4.6/jopt-simple-4.6.jar:/home/user/.m2/repository/org/openjdk/jmh/jmh-generator-annprocess/1.19/jmh-generator-annprocess-1.19.jar:/home/user/.m2/repository/io/dropwizard/metrics/metrics-core/3.2.4/metrics-core-3.2.4.jar:/home/user/.m2/repository/com/amazonaws/aws-java-sdk-s3/1.11.615/aws-java-sdk-s3-1.11.615.jar:/home/user/.m2/repository/com/amazonaws/aws-java-sdk-kms/1.11.615/aws-java-sdk-kms-1.11.615.jar:/home/user/.m2/repository/com/amazonaws/aws-java-sdk-core/1.11.615/aws-java-sdk-core-1.11.615.jar:/home/user/.m2/repository/software/amazon/ion/ion-java/1.0.2/ion-java-1.0.2.jar:/home/user/.m2/repository/com/fasterxml/jackson/dataformat/jackson-dataformat-cbor/2.9.9/jackson-dataformat-cbor-2.9.9.jar:/home/user/.m2/repository/joda-time/joda-time/2.9.9/joda-time-2.9.9.jar:/home/user/.m2/repository/com/amazonaws/jmespath-java/1.11.615/jmespath-java-1.11.615.jar:/home/user/.m2/repository/com/github/spotbugs/spotbugs/3.1.12/spotbugs-3.1.12.jar:/home/user/.m2/repository/org/ow2/asm/asm/5.0.4/asm-5.0.4.jar:/home/user/.m2/repository/org/ow2/asm/asm-analysis/7.0/asm-analysis-7.0.jar:/home/user/.m2/repository/org/ow2/asm/asm-commons/7.0/asm-commons-7.0.jar:/home/user/.m2/repository/org/ow2/asm/asm-tree/7.0/asm-tree-7.0.jar:/home/user/.m2/repository/org/ow2/asm/asm-util/7.0/asm-util-7.0.jar:/home/user/.m2/repository/org/apache/bcel/bcel/6.3/bcel-6.3.jar:/home/user/.m2/repository/net/jcip/jcip-annotations/1.0/jcip-annotations-1.0.jar:/home/user/.m2/repository/org/dom4j/dom4j/2.1.1/dom4j-2.1.1.jar:/home/user/.m2/repository/jaxen/jaxen/1.1.6/jaxen-1.1.6.jar:/home/user/.m2/repository/commons-lang/commons-lang/2.6/commons-lang-2.6.jar:/home/user/.m2/repository/com/github/spotbugs/spotbugs-annotations/3.1.12/spotbugs-annotations-3.1.12.jar:/home/user/.m2/repository/junit/junit/4.11/junit-4.11.jar:/home/user/.m2/repository/org/hamcrest/hamcrest-core/1.3/hamcrest-core-1.3.jar:/home/user/.m2/repository/org/apache/hadoop/hadoop-common/3.2.0/hadoop-common-3.2.0-tests.jar:/workdir/hadoop-ozone/integration-test/target/test-classes:/home/user/.m2/repository/org/apache/hadoop/hadoop-ozone-s3gateway/0.5.0-SNAPSHOT/hadoop-ozone-s3gateway-0.5.0-SNAPSHOT.jar:/home/user/.m2/repository/org/jboss/weld/servlet/weld-servlet/2.4.7.Final/weld-servlet-2.4.7.Final.jar:/home/user/.m2/repository/org/glassfish/jersey/containers/jersey-container-servlet-core/2.27/jersey-container-servlet-core-2.27.jar:/home/user/.m2/repository/org/glassfish/hk2/external/javax.inject/2.5.0-b42/javax.inject-2.5.0-b42.jar:/home/user/.m2/repository/org/glassfish/jersey/core/jersey-common/2.27/jersey-common-2.27.jar:/home/user/.m2/repository/org/glassfish/hk2/osgi-resource-locator/1.0.1/osgi-resource-locator-1.0.1.jar:/home/user/.m2/repository/javax/ws/rs/javax.ws.rs-api/2.1/javax.ws.rs-api-2.1.jar:/home/user/.m2/repository/org/glassfish/jersey/ext/cdi/jersey-cdi1x/2.27/jersey-cdi1x-2.27.jar:/home/user/.m2/repository/org/glassfish/jersey/inject/jersey-hk2/2.27/jersey-hk2-2.27.jar:/home/user/.m2/repository/org/glassfish/hk2/hk2-locator/2.5.0-b42/hk2-locator-2.5.0-b42.jar:/home/user/.m2/repository/org/javassist/javassist/3.22.0-CR2/javassist-3.22.0-CR2.jar:/home/user/.m2/repository/org/glassfish/hk2/hk2-api/2.5.0/hk2-api-2.5.0.jar:/home/user/.m2/repository/org/glassfish/hk2/external/jakarta.inject/2.5.0/jakarta.inject-2.5.0.jar:/home/user/.m2/repository/org/glassfish/hk2/hk2-utils/2.5.0/hk2-utils-2.5.0.jar:/home/user/.m2/repository/jakarta/annotation/jakarta.annotation-api/1.3.4/jakarta.annotation-api-1.3.4.jar:/home/user/.m2/repository/org/glassfish/hk2/external/aopalliance-repackaged/2.5.0/aopalliance-repackaged-2.5.0.jar:/home/user/.m2/repository/com/fasterxml/jackson/dataformat/jackson-dataformat-xml/2.9.0/jackson-dataformat-xml-2.9.0.jar:/home/user/.m2/repository/com/fasterxml/jackson/module/jackson-module-jaxb-annotations/2.9.9/jackson-module-jaxb-annotations-2.9.9.jar:/home/user/.m2/repository/javax/enterprise/cdi-api/1.2/cdi-api-1.2.jar:/home/user/.m2/repository/javax/el/javax.el-api/3.0.0/javax.el-api-3.0.0.jar:/home/user/.m2/repository/javax/interceptor/javax.interceptor-api/1.2/javax.interceptor-api-1.2.jar:/home/user/.m2/repository/javax/inject/javax.inject/1/javax.inject-1.jar:/home/user/.m2/repository/org/apache/hadoop/hadoop-ozone-csi/0.5.0-SNAPSHOT/hadoop-ozone-csi-0.5.0-SNAPSHOT.jar:/home/user/.m2/repository/com/google/protobuf/protobuf-java-util/3.5.1/protobuf-java-util-3.5.1.jar:/home/user/.m2/repository/io/grpc/grpc-netty/1.17.1/grpc-netty-1.17.1.jar:/home/user/.m2/repository/io/grpc/grpc-core/1.17.1/grpc-core-1.17.1.jar:/home/user/.m2/repository/io/grpc/grpc-context/1.17.1/grpc-context-1.17.1.jar:/home/user/.m2/repository/com/google/errorprone/error_prone_annotations/2.2.0/error_prone_annotations-2.2.0.jar:/home/user/.m2/repository/org/codehaus/mojo/animal-sniffer-annotations/1.17/animal-sniffer-annotations-1.17.jar:/home/user/.m2/repository/io/opencensus/opencensus-api/0.17.0/opencensus-api-0.17.0.jar:/home/user/.m2/repository/io/opencensus/opencensus-contrib-grpc-metrics/0.17.0/opencensus-contrib-grpc-metrics-0.17.0.jar:/home/user/.m2/repository/io/netty/netty-codec-http2/4.1.30.Final/netty-codec-http2-4.1.30.Final.jar:/home/user/.m2/repository/io/netty/netty-codec-http/4.1.30.Final/netty-codec-http-4.1.30.Final.jar:/home/user/.m2/repository/io/netty/netty-codec/4.1.30.Final/netty-codec-4.1.30.Final.jar:/home/user/.m2/repository/io/netty/netty-handler/4.1.30.Final/netty-handler-4.1.30.Final.jar:/home/user/.m2/repository/io/netty/netty-handler-proxy/4.1.30.Final/netty-handler-proxy-4.1.30.Final.jar:/home/user/.m2/repository/io/netty/netty-codec-socks/4.1.30.Final/netty-codec-socks-4.1.30.Final.jar:/home/user/.m2/repository/io/netty/netty-transport-native-epoll/4.1.30.Final/netty-transport-native-epoll-4.1.30.Final.jar:/home/user/.m2/repository/io/netty/netty-common/4.1.30.Final/netty-common-4.1.30.Final.jar:/home/user/.m2/repository/io/netty/netty-buffer/4.1.30.Final/netty-buffer-4.1.30.Final.jar:/home/user/.m2/repository/io/netty/netty-transport/4.1.30.Final/netty-transport-4.1.30.Final.jar:/home/user/.m2/repository/io/netty/netty-resolver/4.1.30.Final/netty-resolver-4.1.30.Final.jar:/home/user/.m2/repository/io/netty/netty-transport-native-unix-common/4.1.30.Final/netty-transport-native-unix-common-4.1.30.Final.jar:/home/user/.m2/repository/io/grpc/grpc-protobuf/1.17.1/grpc-protobuf-1.17.1.jar:/home/user/.m2/repository/com/google/api/grpc/proto-google-common-protos/1.0.0/proto-google-common-protos-1.0.0.jar:/home/user/.m2/repository/io/grpc/grpc-protobuf-lite/1.17.1/grpc-protobuf-lite-1.17.1.jar:/home/user/.m2/repository/io/grpc/grpc-stub/1.17.1/grpc-stub-1.17.1.jar:/home/user/.m2/repository/org/apache/hadoop/hadoop-ozone-recon/0.5.0-SNAPSHOT/hadoop-ozone-recon-0.5.0-SNAPSHOT.jar:/home/user/.m2/repository/org/apache/hadoop/hadoop-ozone-reconcodegen/0.5.0-SNAPSHOT/hadoop-ozone-reconcodegen-0.5.0-SNAPSHOT.jar:/home/user/.m2/repository/com/google/inject/extensions/guice-multibindings/4.0/guice-multibindings-4.0.jar:/home/user/.m2/repository/com/google/inject/guice/4.0/guice-4.0.jar:/home/user/.m2/repository/aopalliance/aopalliance/1.0/aopalliance-1.0.jar:/home/user/.m2/repository/com/google/inject/extensions/guice-servlet/4.0/guice-servlet-4.0.jar:/home/user/.m2/repository/org/glassfish/jersey/containers/jersey-container-servlet/2.27/jersey-container-servlet-2.27.jar:/home/user/.m2/repository/org/glassfish/hk2/guice-bridge/2.5.0/guice-bridge-2.5.0.jar:/home/user/.m2/repository/org/glassfish/jersey/core/jersey-server/2.27/jersey-server-2.27.jar:/home/user/.m2/repository/org/glassfish/jersey/core/jersey-client/2.27/jersey-client-2.27.jar:/home/user/.m2/repository/org/glassfish/jersey/media/jersey-media-jaxb/2.27/jersey-media-jaxb-2.27.jar:/home/user/.m2/repository/javax/validation/validation-api/1.1.0.Final/validation-api-1.1.0.Final.jar:/home/user/.m2/repository/org/glassfish/jersey/media/jersey-media-json-jackson/2.27/jersey-media-json-jackson-2.27.jar:/home/user/.m2/repository/org/glassfish/jersey/ext/jersey-entity-filtering/2.27/jersey-entity-filtering-2.27.jar:/home/user/.m2/repository/com/google/inject/extensions/guice-assistedinject/4.0/guice-assistedinject-4.0.jar:/home/user/.m2/repository/org/jooq/jooq/3.11.10/jooq-3.11.10.jar:/home/user/.m2/repository/org/jooq/jooq-meta/3.11.10/jooq-meta-3.11.10.jar:/home/user/.m2/repository/org/jooq/jooq-codegen/3.11.10/jooq-codegen-3.11.10.jar:/home/user/.m2/repository/com/jolbox/bonecp/0.8.0.RELEASE/bonecp-0.8.0.RELEASE.jar:/home/user/.m2/repository/org/springframework/spring-jdbc/5.1.3.RELEASE/spring-jdbc-5.1.3.RELEASE.jar:/home/user/.m2/repository/org/springframework/spring-beans/5.1.3.RELEASE/spring-beans-5.1.3.RELEASE.jar:/home/user/.m2/repository/org/springframework/spring-core/5.1.3.RELEASE/spring-core-5.1.3.RELEASE.jar:/home/user/.m2/repository/org/springframework/spring-jcl/5.1.3.RELEASE/spring-jcl-5.1.3.RELEASE.jar:/home/user/.m2/repository/org/springframework/spring-tx/5.1.3.RELEASE/spring-tx-5.1.3.RELEASE.jar:/home/user/.m2/repository/org/mockito/mockito-core/2.15.0/mockito-core-2.15.0.jar:/home/user/.m2/repository/net/bytebuddy/byte-buddy/1.7.9/byte-buddy-1.7.9.jar:/home/user/.m2/repository/net/bytebuddy/byte-buddy-agent/1.7.9/byte-buddy-agent-1.7.9.jar:/home/user/.m2/repository/org/objenesis/objenesis/1.0/objenesis-1.0.jar:"/>
    <property name="sun.cpu.endian" value="little"/>
    <property name="user.home" value="/home/user"/>
    <property name="user.language" value="en"/>
    <property name="java.specification.vendor" value="Oracle Corporation"/>
    <property name="java.home" value="/usr/lib/jvm/java-1.8.0-openjdk-1.8.0.222.b10-1.el7_7.x86_64/jre"/>
    <property name="surefire.excludesFile" value="/tools/ozone-bad-unit-tests"/>
    <property name="java.security.krb5.conf" value="/workdir/hadoop-ozone/tools/target/test-classes/krb5.conf"/>
    <property name="basedir" value="/workdir/hadoop-ozone/tools"/>
    <property name="file.separator" value="/"/>
    <property name="line.separator" value="&#10;"/>
    <property name="java.vm.specification.vendor" value="Oracle Corporation"/>
    <property name="java.specification.name" value="Java Platform API Specification"/>
    <property name="java.awt.graphicsenv" value="sun.awt.X11GraphicsEnvironment"/>
    <property name="surefire.real.class.path" value="/workdir/hadoop-ozone/tools/target/surefire/surefirebooter1367022188568807790.jar"/>
    <property name="hadoop.log.dir" value="/workdir/hadoop-ozone/tools/target/log"/>
    <property name="sun.boot.class.path" value="/usr/lib/jvm/java-1.8.0-openjdk-1.8.0.222.b10-1.el7_7.x86_64/jre/lib/resources.jar:/usr/lib/jvm/java-1.8.0-openjdk-1.8.0.222.b10-1.el7_7.x86_64/jre/lib/rt.jar:/usr/lib/jvm/java-1.8.0-openjdk-1.8.0.222.b10-1.el7_7.x86_64/jre/lib/sunrsasign.jar:/usr/lib/jvm/java-1.8.0-openjdk-1.8.0.222.b10-1.el7_7.x86_64/jre/lib/jsse.jar:/usr/lib/jvm/java-1.8.0-openjdk-1.8.0.222.b10-1.el7_7.x86_64/jre/lib/jce.jar:/usr/lib/jvm/java-1.8.0-openjdk-1.8.0.222.b10-1.el7_7.x86_64/jre/lib/charsets.jar:/usr/lib/jvm/java-1.8.0-openjdk-1.8.0.222.b10-1.el7_7.x86_64/jre/lib/jfr.jar:/usr/lib/jvm/java-1.8.0-openjdk-1.8.0.222.b10-1.el7_7.x86_64/jre/classes"/>
    <property name="sun.management.compiler" value="HotSpot 64-Bit Tiered Compilers"/>
    <property name="java.runtime.version" value="1.8.0_222-b10"/>
    <property name="java.net.preferIPv4Stack" value="true"/>
    <property name="user.name" value="jenkins1000"/>
    <property name="path.separator" value=":"/>
    <property name="java.security.egd" value="file:///dev/urandom"/>
    <property name="os.version" value="3.10.0-957.12.2.el7.x86_64"/>
    <property name="java.endorsed.dirs" value="/usr/lib/jvm/java-1.8.0-openjdk-1.8.0.222.b10-1.el7_7.x86_64/jre/lib/endorsed"/>
    <property name="java.runtime.name" value="OpenJDK Runtime Environment"/>
    <property name="file.encoding" value="ANSI_X3.4-1968"/>
    <property name="java.vm.name" value="OpenJDK 64-Bit Server VM"/>
    <property name="test.build.webapps" value=""/>
    <property name="localRepository" value="/home/user/.m2/repository"/>
    <property name="java.vendor.url.bug" value="http://bugreport.sun.com/bugreport/"/>
    <property name="java.io.tmpdir" value="/tmp"/>
    <property name="require.test.libhadoop" value=""/>
    <property name="java.version" value="1.8.0_222"/>
    <property name="user.dir" value="/workdir/hadoop-ozone/tools"/>
    <property name="os.arch" value="amd64"/>
    <property name="java.vm.specification.name" value="Java Virtual Machine Specification"/>
    <property name="test.build.classes" value="/workdir/hadoop-ozone/tools/target/test-classes"/>
    <property name="java.awt.printerjob" value="sun.print.PSPrinterJob"/>
    <property name="sun.os.patch.level" value="unknown"/>
    <property name="hadoop.tmp.dir" value="/workdir/hadoop-ozone/tools/target/tmp"/>
    <property name="java.library.path" value="/usr/lib:/workdir/hadoop-ozone/tools/target/native/target/usr/local/lib:/workdir/hadoop-ozone/tools/../../hadoop-common-project/hadoop-common/target/native/target/usr/local/lib:/usr/java/packages/lib/amd64:/usr/lib64:/lib64:/lib:/usr/lib"/>
    <property name="java.vm.info" value="mixed mode"/>
    <property name="java.vendor" value="Oracle Corporation"/>
    <property name="java.vm.version" value="25.222-b10"/>
    <property name="java.ext.dirs" value="/usr/lib/jvm/java-1.8.0-openjdk-1.8.0.222.b10-1.el7_7.x86_64/jre/lib/ext:/usr/java/packages/lib/ext"/>
    <property name="sun.io.unicode.encoding" value="UnicodeLittle"/>
    <property name="java.class.version" value="52.0"/>
  </properties>
  <testcase name="testRestart" classname="org.apache.hadoop.ozone.freon.TestFreonWithPipelineDestroy" time="26.493">
    <error message="INTERNAL_ERROR org.apache.hadoop.ozone.om.exceptions.OMException: Allocated 0 blocks. Requested 5 blocks" type="java.lang.RuntimeException">java.lang.RuntimeException: INTERNAL_ERROR org.apache.hadoop.ozone.om.exceptions.OMException: Allocated 0 blocks. Requested 5 blocks
	at org.apache.hadoop.ozone.freon.RandomKeyGenerator.call(RandomKeyGenerator.java:341)
	at org.apache.hadoop.ozone.freon.TestFreonWithPipelineDestroy.startFreon(TestFreonWithPipelineDestroy.java:87)
	at org.apache.hadoop.ozone.freon.TestFreonWithPipelineDestroy.testRestart(TestFreonWithPipelineDestroy.java:74)
	at sun.reflect.NativeMethodAccessorImpl.invoke0(Native Method)
	at sun.reflect.NativeMethodAccessorImpl.invoke(NativeMethodAccessorImpl.java:62)
	at sun.reflect.DelegatingMethodAccessorImpl.invoke(DelegatingMethodAccessorImpl.java:43)
	at java.lang.reflect.Method.invoke(Method.java:498)
	at org.junit.runners.model.FrameworkMethod$1.runReflectiveCall(FrameworkMethod.java:47)
	at org.junit.internal.runners.model.ReflectiveCallable.run(ReflectiveCallable.java:12)
	at org.junit.runners.model.FrameworkMethod.invokeExplosively(FrameworkMethod.java:44)
	at org.junit.internal.runners.statements.InvokeMethod.evaluate(InvokeMethod.java:17)
	at org.junit.runners.ParentRunner.runLeaf(ParentRunner.java:271)
	at org.junit.runners.BlockJUnit4ClassRunner.runChild(BlockJUnit4ClassRunner.java:70)
	at org.junit.runners.BlockJUnit4ClassRunner.runChild(BlockJUnit4ClassRunner.java:50)
	at org.junit.runners.ParentRunner$3.run(ParentRunner.java:238)
	at org.junit.runners.ParentRunner$1.schedule(ParentRunner.java:63)
	at org.junit.runners.ParentRunner.runChildren(ParentRunner.java:236)
	at org.junit.runners.ParentRunner.access$000(ParentRunner.java:53)
	at org.junit.runners.ParentRunner$2.evaluate(ParentRunner.java:229)
	at org.junit.internal.runners.statements.RunBefores.evaluate(RunBefores.java:26)
	at org.junit.internal.runners.statements.RunAfters.evaluate(RunAfters.java:27)
	at org.junit.runners.ParentRunner.run(ParentRunner.java:309)
	at org.apache.maven.surefire.junit4.JUnit4Provider.execute(JUnit4Provider.java:365)
	at org.apache.maven.surefire.junit4.JUnit4Provider.executeWithRerun(JUnit4Provider.java:273)
	at org.apache.maven.surefire.junit4.JUnit4Provider.executeTestSet(JUnit4Provider.java:238)
	at org.apache.maven.surefire.junit4.JUnit4Provider.invoke(JUnit4Provider.java:159)
	at org.apache.maven.surefire.booter.ForkedBooter.invokeProviderInSameClassLoader(ForkedBooter.java:384)
	at org.apache.maven.surefire.booter.ForkedBooter.runSuitesInProcess(ForkedBooter.java:345)
	at org.apache.maven.surefire.booter.ForkedBooter.execute(ForkedBooter.java:126)
	at org.apache.maven.surefire.booter.ForkedBooter.main(ForkedBooter.java:418)
Caused by: INTERNAL_ERROR org.apache.hadoop.ozone.om.exceptions.OMException: Allocated 0 blocks. Requested 5 blocks
	at org.apache.hadoop.ozone.om.protocolPB.OzoneManagerProtocolClientSideTranslatorPB.handleError(OzoneManagerProtocolClientSideTranslatorPB.java:732)
	at org.apache.hadoop.ozone.om.protocolPB.OzoneManagerProtocolClientSideTranslatorPB.openKey(OzoneManagerProtocolClientSideTranslatorPB.java:723)
	at sun.reflect.NativeMethodAccessorImpl.invoke0(Native Method)
	at sun.reflect.NativeMethodAccessorImpl.invoke(NativeMethodAccessorImpl.java:62)
	at sun.reflect.DelegatingMethodAccessorImpl.invoke(DelegatingMethodAccessorImpl.java:43)
	at java.lang.reflect.Method.invoke(Method.java:498)
	at org.apache.hadoop.hdds.tracing.TraceAllMethod.invoke(TraceAllMethod.java:66)
	at com.sun.proxy.$Proxy37.openKey(Unknown Source)
	at org.apache.hadoop.ozone.client.rpc.RpcClient.createKey(RpcClient.java:633)
	at org.apache.hadoop.ozone.client.OzoneBucket.createKey(OzoneBucket.java:325)
	at org.apache.hadoop.ozone.freon.RandomKeyGenerator.createKey(RandomKeyGenerator.java:697)
	at org.apache.hadoop.ozone.freon.RandomKeyGenerator.access$1100(RandomKeyGenerator.java:88)
	at org.apache.hadoop.ozone.freon.RandomKeyGenerator$ObjectCreator.run(RandomKeyGenerator.java:615)
	at java.util.concurrent.Executors$RunnableAdapter.call(Executors.java:511)
	at java.util.concurrent.FutureTask.run(FutureTask.java:266)
	at java.util.concurrent.ThreadPoolExecutor.runWorker(ThreadPoolExecutor.java:1149)
	at java.util.concurrent.ThreadPoolExecutor$Worker.run(ThreadPoolExecutor.java:624)
	at java.lang.Thread.run(Thread.java:748)
</error>
    <system-out><![CDATA[2019-10-31 11:57:40,514 [main] WARN  server.ServerUtils (ServerUtils.java:getScmDbDir(145)) - ozone.scm.db.dirs is not configured. We recommend adding this setting. Falling back to ozone.metadata.dirs instead.
2019-10-31 11:57:40,621 [main] WARN  server.ServerUtils (ServerUtils.java:getScmDbDir(145)) - ozone.scm.db.dirs is not configured. We recommend adding this setting. Falling back to ozone.metadata.dirs instead.
2019-10-31 11:57:40,624 [main] WARN  server.ServerUtils (ServerUtils.java:getScmDbDir(145)) - ozone.scm.db.dirs is not configured. We recommend adding this setting. Falling back to ozone.metadata.dirs instead.
2019-10-31 11:57:40,648 [main] INFO  util.log (Log.java:initialized(192)) - Logging initialized @844ms
2019-10-31 11:57:40,732 [main] INFO  db.DBStoreBuilder (DBStoreBuilder.java:addTable(127)) - using custom profile for table: deletedBlocks
2019-10-31 11:57:40,732 [main] INFO  db.DBStoreBuilder (DBStoreBuilder.java:processTables(183)) - Using default column profile:DBProfile.DISK for Table:deletedBlocks
2019-10-31 11:57:40,732 [main] INFO  db.DBStoreBuilder (DBStoreBuilder.java:addTable(127)) - using custom profile for table: validCerts
2019-10-31 11:57:40,732 [main] INFO  db.DBStoreBuilder (DBStoreBuilder.java:processTables(183)) - Using default column profile:DBProfile.DISK for Table:validCerts
2019-10-31 11:57:40,733 [main] INFO  db.DBStoreBuilder (DBStoreBuilder.java:addTable(127)) - using custom profile for table: revokedCerts
2019-10-31 11:57:40,733 [main] INFO  db.DBStoreBuilder (DBStoreBuilder.java:processTables(183)) - Using default column profile:DBProfile.DISK for Table:revokedCerts
2019-10-31 11:57:40,742 [main] INFO  db.DBStoreBuilder (DBStoreBuilder.java:addTable(127)) - using custom profile for table: default
2019-10-31 11:57:40,742 [main] INFO  db.DBStoreBuilder (DBStoreBuilder.java:processTables(189)) - Using default column profile:DBProfile.DISK for Table:default
2019-10-31 11:57:40,743 [main] INFO  db.DBStoreBuilder (DBStoreBuilder.java:getDbProfile(220)) - Using default options. DBProfile.DISK
2019-10-31 11:57:41,037 [main] INFO  net.NodeSchemaLoader (NodeSchemaLoader.java:loadSchemaFromFile(125)) - Loading file from sun.misc.CompoundEnumeration@618b19ad
2019-10-31 11:57:41,039 [main] INFO  net.NodeSchemaLoader (NodeSchemaLoader.java:loadSchema(171)) - Loading network topology layer schema file
2019-10-31 11:57:41,110 [main] INFO  node.SCMNodeManager (SCMNodeManager.java:<init>(116)) - Entering startup safe mode.
2019-10-31 11:57:41,179 [main] INFO  algorithms.ContainerPlacementPolicyFactory (ContainerPlacementPolicyFactory.java:getPolicy(57)) - Create container placement policy of type org.apache.hadoop.hdds.scm.container.placement.algorithms.SCMContainerPlacementRandom
2019-10-31 11:57:41,193 [main] WARN  server.ServerUtils (ServerUtils.java:getScmDbDir(145)) - ozone.scm.db.dirs is not configured. We recommend adding this setting. Falling back to ozone.metadata.dirs instead.
2019-10-31 11:57:41,283 [main] INFO  pipeline.SCMPipelineManager (SCMPipelineManager.java:initializePipelineState(136)) - No pipeline exists in current db
2019-10-31 11:57:41,286 [main] WARN  server.ServerUtils (ServerUtils.java:getScmDbDir(145)) - ozone.scm.db.dirs is not configured. We recommend adding this setting. Falling back to ozone.metadata.dirs instead.
2019-10-31 11:57:41,459 [main] INFO  safemode.HealthyPipelineSafeModeRule (HealthyPipelineSafeModeRule.java:<init>(91)) -  Total pipeline count is 0, healthy pipeline threshold count is 1
2019-10-31 11:57:41,463 [main] INFO  safemode.OneReplicaPipelineSafeModeRule (OneReplicaPipelineSafeModeRule.java:<init>(79)) - Total pipeline count is 0, pipeline's with at least one datanode reported threshold count is 0
2019-10-31 11:57:41,463 [main] WARN  events.EventQueue (EventQueue.java:fireEvent(183)) - No event handler registered for event TypedEvent{payloadType=SafeModeStatus, name='SafeModeStatus'}
2019-10-31 11:57:41,854 [main] INFO  ipc.CallQueueManager (CallQueueManager.java:<init>(84)) - Using callQueue: class java.util.concurrent.LinkedBlockingQueue, queueCapacity: 2000, scheduler: class org.apache.hadoop.ipc.DefaultRpcScheduler, ipcBackoff: false.
2019-10-31 11:57:42,013 [Socket Reader #1 for port 44675] INFO  ipc.Server (Server.java:run(1074)) - Starting Socket Reader #1 for port 44675
2019-10-31 11:57:42,056 [main] INFO  ipc.CallQueueManager (CallQueueManager.java:<init>(84)) - Using callQueue: class java.util.concurrent.LinkedBlockingQueue, queueCapacity: 2000, scheduler: class org.apache.hadoop.ipc.DefaultRpcScheduler, ipcBackoff: false.
2019-10-31 11:57:42,057 [Socket Reader #1 for port 44374] INFO  ipc.Server (Server.java:run(1074)) - Starting Socket Reader #1 for port 44374
2019-10-31 11:57:42,070 [main] INFO  ipc.CallQueueManager (CallQueueManager.java:<init>(84)) - Using callQueue: class java.util.concurrent.LinkedBlockingQueue, queueCapacity: 2000, scheduler: class org.apache.hadoop.ipc.DefaultRpcScheduler, ipcBackoff: false.
2019-10-31 11:57:42,071 [Socket Reader #1 for port 35869] INFO  ipc.Server (Server.java:run(1074)) - Starting Socket Reader #1 for port 35869
2019-10-31 11:57:42,105 [main] INFO  hdfs.DFSUtil (DFSUtil.java:httpServerTemplateForNNAndJN(1641)) - Starting Web-server for scm at: http://0.0.0.0:0
2019-10-31 11:57:42,249 [main] INFO  server.AuthenticationFilter (AuthenticationFilter.java:constructSecretProvider(240)) - Unable to initialize FileSignerSecretProvider, falling back to use random secrets.
2019-10-31 11:57:42,265 [main] WARN  http.HttpRequestLog (HttpRequestLog.java:getRequestLog(97)) - Jetty request log can only be enabled using Log4j
2019-10-31 11:57:42,274 [main] INFO  http.HttpServer2 (HttpServer2.java:addGlobalFilter(975)) - Added global filter 'safety' (class=org.apache.hadoop.http.HttpServer2$QuotingInputFilter)
2019-10-31 11:57:42,278 [main] INFO  http.HttpServer2 (HttpServer2.java:addFilter(948)) - Added filter static_user_filter (class=org.apache.hadoop.http.lib.StaticUserWebFilter$StaticUserFilter) to context scm
2019-10-31 11:57:42,278 [main] INFO  http.HttpServer2 (HttpServer2.java:addFilter(958)) - Added filter static_user_filter (class=org.apache.hadoop.http.lib.StaticUserWebFilter$StaticUserFilter) to context logs
2019-10-31 11:57:42,278 [main] INFO  http.HttpServer2 (HttpServer2.java:addFilter(958)) - Added filter static_user_filter (class=org.apache.hadoop.http.lib.StaticUserWebFilter$StaticUserFilter) to context static
2019-10-31 11:57:42,310 [main] INFO  server.StorageContainerManager (StorageContainerManager.java:start(763)) - StorageContainerLocationProtocol RPC server is listening at /0.0.0.0:35869
2019-10-31 11:57:42,380 [main] WARN  impl.MetricsConfig (MetricsConfig.java:loadFirst(134)) - Cannot locate configuration: tried hadoop-metrics2-storagecontainermanager.properties,hadoop-metrics2.properties
2019-10-31 11:57:42,396 [main] INFO  impl.MetricsSystemImpl (MetricsSystemImpl.java:startTimer(374)) - Scheduled Metric snapshot period at 10 second(s).
2019-10-31 11:57:42,396 [main] INFO  impl.MetricsSystemImpl (MetricsSystemImpl.java:start(191)) - StorageContainerManager metrics system started
2019-10-31 11:57:42,636 [main] INFO  server.SCMClientProtocolServer (SCMClientProtocolServer.java:start(159)) - RPC server for Client  is listening at /0.0.0.0:35869
2019-10-31 11:57:42,636 [IPC Server Responder] INFO  ipc.Server (Server.java:run(1314)) - IPC Server Responder: starting
2019-10-31 11:57:42,636 [IPC Server listener on 35869] INFO  ipc.Server (Server.java:run(1153)) - IPC Server listener on 35869: starting
2019-10-31 11:57:42,639 [main] INFO  server.StorageContainerManager (StorageContainerManager.java:start(773)) - ScmBlockLocationProtocol RPC server is listening at /0.0.0.0:44374
2019-10-31 11:57:42,640 [main] INFO  server.SCMBlockProtocolServer (SCMBlockProtocolServer.java:start(146)) - RPC server for Block Protocol is listening at /0.0.0.0:44374
2019-10-31 11:57:42,641 [IPC Server listener on 44374] INFO  ipc.Server (Server.java:run(1153)) - IPC Server listener on 44374: starting
2019-10-31 11:57:42,641 [IPC Server Responder] INFO  ipc.Server (Server.java:run(1314)) - IPC Server Responder: starting
2019-10-31 11:57:42,643 [main] INFO  server.StorageContainerManager (StorageContainerManager.java:start(777)) - ScmDatanodeProtocl RPC server is listening at /0.0.0.0:44675
2019-10-31 11:57:42,643 [main] INFO  server.SCMDatanodeProtocolServer (SCMDatanodeProtocolServer.java:start(177)) - RPC server for DataNodes is listening at /0.0.0.0:44675
2019-10-31 11:57:42,644 [IPC Server Responder] INFO  ipc.Server (Server.java:run(1314)) - IPC Server Responder: starting
2019-10-31 11:57:42,644 [IPC Server listener on 44675] INFO  ipc.Server (Server.java:run(1153)) - IPC Server listener on 44675: starting
2019-10-31 11:57:42,648 [main] INFO  http.HttpServer2 (HttpServer2.java:bindListener(1191)) - Jetty bound to port 41433
2019-10-31 11:57:42,649 [main] INFO  server.Server (Server.java:doStart(351)) - jetty-9.3.25.v20180904, build timestamp: 2018-09-04T21:11:46Z, git hash: 3ce520221d0240229c862b122d2b06c12a625732
2019-10-31 11:57:42,681 [main] INFO  handler.ContextHandler (ContextHandler.java:doStart(781)) - Started o.e.j.s.ServletContextHandler@4cf8b2dc{/logs,file:///workdir/hadoop-ozone/tools/target/log,AVAILABLE}
2019-10-31 11:57:42,682 [main] INFO  handler.ContextHandler (ContextHandler.java:doStart(781)) - Started o.e.j.s.ServletContextHandler@4bff64c2{/static,jar:file:/home/user/.m2/repository/org/apache/hadoop/hadoop-hdds-server-scm/0.5.0-SNAPSHOT/hadoop-hdds-server-scm-0.5.0-SNAPSHOT.jar!/webapps/static,AVAILABLE}
2019-10-31 11:57:42,752 [main] INFO  handler.ContextHandler (ContextHandler.java:doStart(781)) - Started o.e.j.w.WebAppContext@1b9ea3e3{/,file:///tmp/jetty-0.0.0.0-41433-scm-_-any-9037022011321716259.dir/webapp/,AVAILABLE}{/scm}
2019-10-31 11:57:42,757 [main] INFO  server.AbstractConnector (AbstractConnector.java:doStart(278)) - Started ServerConnector@5910de75{HTTP/1.1,[http/1.1]}{0.0.0.0:41433}
2019-10-31 11:57:42,757 [main] INFO  server.Server (Server.java:doStart(419)) - Started @2953ms
2019-10-31 11:57:42,759 [main] INFO  impl.MetricsSinkAdapter (MetricsSinkAdapter.java:start(204)) - Sink prometheus started
2019-10-31 11:57:42,759 [main] INFO  impl.MetricsSystemImpl (MetricsSystemImpl.java:registerSink(301)) - Registered sink prometheus
2019-10-31 11:57:42,761 [main] INFO  server.BaseHttpServer (BaseHttpServer.java:updateConnectorAddress(215)) - HTTP server of SCM is listening at http://0.0.0.0:41433
2019-10-31 11:57:42,771 [org.apache.hadoop.util.JvmPauseMonitor$Monitor@63f34b70] INFO  util.JvmPauseMonitor (JvmPauseMonitor.java:run(188)) - Starting JVM pause monitor
2019-10-31 11:57:42,777 [main] WARN  server.ServerUtils (ServerUtils.java:getDBPath(222)) - ozone.om.db.dirs is not configured. We recommend adding this setting. Falling back to ozone.metadata.dirs instead.
2019-10-31 11:57:42,900 [main] INFO  ha.OMHANodeDetails (OMHANodeDetails.java:loadOMHAConfig(190)) - Configuration either no ozone.om.address set. Falling back to the default OM address /127.0.0.1:0
2019-10-31 11:57:42,900 [main] INFO  ha.OMHANodeDetails (OMHANodeDetails.java:getOMNodeDetails(220)) - OM Service ID is not set. Setting it to the default ID: omServiceIdDefault
2019-10-31 11:57:42,902 [main] WARN  server.ServerUtils (ServerUtils.java:getDBPath(222)) - ozone.om.db.dirs is not configured. We recommend adding this setting. Falling back to ozone.metadata.dirs instead.
2019-10-31 11:57:42,902 [main] WARN  server.ServerUtils (ServerUtils.java:getDBPath(222)) - ozone.om.db.dirs is not configured. We recommend adding this setting. Falling back to ozone.metadata.dirs instead.
2019-10-31 11:57:43,547 [main] WARN  server.ServerUtils (ServerUtils.java:getDBPath(222)) - ozone.om.db.dirs is not configured. We recommend adding this setting. Falling back to ozone.metadata.dirs instead.
2019-10-31 11:57:43,555 [main] INFO  db.DBStoreBuilder (DBStoreBuilder.java:addTable(127)) - using custom profile for table: userTable
2019-10-31 11:57:43,555 [main] INFO  db.DBStoreBuilder (DBStoreBuilder.java:processTables(183)) - Using default column profile:DBProfile.DISK for Table:userTable
2019-10-31 11:57:43,556 [main] INFO  db.DBStoreBuilder (DBStoreBuilder.java:addTable(127)) - using custom profile for table: volumeTable
2019-10-31 11:57:43,556 [main] INFO  db.DBStoreBuilder (DBStoreBuilder.java:processTables(183)) - Using default column profile:DBProfile.DISK for Table:volumeTable
2019-10-31 11:57:43,556 [main] INFO  db.DBStoreBuilder (DBStoreBuilder.java:addTable(127)) - using custom profile for table: bucketTable
2019-10-31 11:57:43,556 [main] INFO  db.DBStoreBuilder (DBStoreBuilder.java:processTables(183)) - Using default column profile:DBProfile.DISK for Table:bucketTable
2019-10-31 11:57:43,556 [main] INFO  db.DBStoreBuilder (DBStoreBuilder.java:addTable(127)) - using custom profile for table: keyTable
2019-10-31 11:57:43,557 [main] INFO  db.DBStoreBuilder (DBStoreBuilder.java:processTables(183)) - Using default column profile:DBProfile.DISK for Table:keyTable
2019-10-31 11:57:43,557 [main] INFO  db.DBStoreBuilder (DBStoreBuilder.java:addTable(127)) - using custom profile for table: deletedTable
2019-10-31 11:57:43,557 [main] INFO  db.DBStoreBuilder (DBStoreBuilder.java:processTables(183)) - Using default column profile:DBProfile.DISK for Table:deletedTable
2019-10-31 11:57:43,557 [main] INFO  db.DBStoreBuilder (DBStoreBuilder.java:addTable(127)) - using custom profile for table: openKeyTable
2019-10-31 11:57:43,558 [main] INFO  db.DBStoreBuilder (DBStoreBuilder.java:processTables(183)) - Using default column profile:DBProfile.DISK for Table:openKeyTable
2019-10-31 11:57:43,558 [main] INFO  db.DBStoreBuilder (DBStoreBuilder.java:addTable(127)) - using custom profile for table: s3Table
2019-10-31 11:57:43,558 [main] INFO  db.DBStoreBuilder (DBStoreBuilder.java:processTables(183)) - Using default column profile:DBProfile.DISK for Table:s3Table
2019-10-31 11:57:43,558 [main] INFO  db.DBStoreBuilder (DBStoreBuilder.java:addTable(127)) - using custom profile for table: multipartInfoTable
2019-10-31 11:57:43,559 [main] INFO  db.DBStoreBuilder (DBStoreBuilder.java:processTables(183)) - Using default column profile:DBProfile.DISK for Table:multipartInfoTable
2019-10-31 11:57:43,559 [main] INFO  db.DBStoreBuilder (DBStoreBuilder.java:addTable(127)) - using custom profile for table: dTokenTable
2019-10-31 11:57:43,559 [main] INFO  db.DBStoreBuilder (DBStoreBuilder.java:processTables(183)) - Using default column profile:DBProfile.DISK for Table:dTokenTable
2019-10-31 11:57:43,559 [main] INFO  db.DBStoreBuilder (DBStoreBuilder.java:addTable(127)) - using custom profile for table: s3SecretTable
2019-10-31 11:57:43,560 [main] INFO  db.DBStoreBuilder (DBStoreBuilder.java:processTables(183)) - Using default column profile:DBProfile.DISK for Table:s3SecretTable
2019-10-31 11:57:43,560 [main] INFO  db.DBStoreBuilder (DBStoreBuilder.java:addTable(127)) - using custom profile for table: prefixTable
2019-10-31 11:57:43,560 [main] INFO  db.DBStoreBuilder (DBStoreBuilder.java:processTables(183)) - Using default column profile:DBProfile.DISK for Table:prefixTable
2019-10-31 11:57:43,560 [main] INFO  db.DBStoreBuilder (DBStoreBuilder.java:addTable(127)) - using custom profile for table: default
2019-10-31 11:57:43,560 [main] INFO  db.DBStoreBuilder (DBStoreBuilder.java:processTables(189)) - Using default column profile:DBProfile.DISK for Table:default
2019-10-31 11:57:43,561 [main] INFO  db.DBStoreBuilder (DBStoreBuilder.java:getDbProfile(220)) - Using default options. DBProfile.DISK
2019-10-31 11:57:44,134 [main] INFO  ipc.CallQueueManager (CallQueueManager.java:<init>(84)) - Using callQueue: class java.util.concurrent.LinkedBlockingQueue, queueCapacity: 2000, scheduler: class org.apache.hadoop.ipc.DefaultRpcScheduler, ipcBackoff: false.
2019-10-31 11:57:44,135 [Socket Reader #1 for port 40527] INFO  ipc.Server (Server.java:run(1074)) - Starting Socket Reader #1 for port 40527
2019-10-31 11:57:44,155 [main] INFO  om.OzoneManager (OzoneManager.java:start(1076)) - OzoneManager RPC server is listening at localhost/127.0.0.1:40527
2019-10-31 11:57:44,155 [main] INFO  impl.MetricsSystemImpl (MetricsSystemImpl.java:init(158)) - OzoneManager metrics system started (again)
2019-10-31 11:57:44,162 [IPC Server Responder] INFO  ipc.Server (Server.java:run(1314)) - IPC Server Responder: starting
2019-10-31 11:57:44,163 [IPC Server listener on 40527] INFO  ipc.Server (Server.java:run(1153)) - IPC Server listener on 40527: starting
2019-10-31 11:57:44,169 [main] INFO  hdfs.DFSUtil (DFSUtil.java:httpServerTemplateForNNAndJN(1641)) - Starting Web-server for ozoneManager at: http://0.0.0.0:0
2019-10-31 11:57:44,171 [main] INFO  server.AuthenticationFilter (AuthenticationFilter.java:constructSecretProvider(240)) - Unable to initialize FileSignerSecretProvider, falling back to use random secrets.
2019-10-31 11:57:44,171 [main] WARN  http.HttpRequestLog (HttpRequestLog.java:getRequestLog(97)) - Jetty request log can only be enabled using Log4j
2019-10-31 11:57:44,173 [main] INFO  http.HttpServer2 (HttpServer2.java:addGlobalFilter(975)) - Added global filter 'safety' (class=org.apache.hadoop.http.HttpServer2$QuotingInputFilter)
2019-10-31 11:57:44,174 [main] INFO  http.HttpServer2 (HttpServer2.java:addFilter(948)) - Added filter static_user_filter (class=org.apache.hadoop.http.lib.StaticUserWebFilter$StaticUserFilter) to context ozoneManager
2019-10-31 11:57:44,174 [main] INFO  http.HttpServer2 (HttpServer2.java:addFilter(958)) - Added filter static_user_filter (class=org.apache.hadoop.http.lib.StaticUserWebFilter$StaticUserFilter) to context logs
2019-10-31 11:57:44,174 [main] INFO  http.HttpServer2 (HttpServer2.java:addFilter(958)) - Added filter static_user_filter (class=org.apache.hadoop.http.lib.StaticUserWebFilter$StaticUserFilter) to context static
2019-10-31 11:57:44,176 [main] INFO  http.HttpServer2 (HttpServer2.java:bindListener(1191)) - Jetty bound to port 34674
2019-10-31 11:57:44,177 [main] INFO  server.Server (Server.java:doStart(351)) - jetty-9.3.25.v20180904, build timestamp: 2018-09-04T21:11:46Z, git hash: 3ce520221d0240229c862b122d2b06c12a625732
2019-10-31 11:57:44,179 [main] INFO  handler.ContextHandler (ContextHandler.java:doStart(781)) - Started o.e.j.s.ServletContextHandler@303a5119{/logs,file:///workdir/hadoop-ozone/tools/target/log,AVAILABLE}
2019-10-31 11:57:44,179 [main] INFO  handler.ContextHandler (ContextHandler.java:doStart(781)) - Started o.e.j.s.ServletContextHandler@1bcb79c2{/static,jar:file:/home/user/.m2/repository/org/apache/hadoop/hadoop-ozone-ozone-manager/0.5.0-SNAPSHOT/hadoop-ozone-ozone-manager-0.5.0-SNAPSHOT.jar!/webapps/static,AVAILABLE}
2019-10-31 11:57:44,228 [main] INFO  handler.ContextHandler (ContextHandler.java:doStart(781)) - Started o.e.j.w.WebAppContext@489543a6{/,file:///tmp/jetty-0.0.0.0-34674-ozoneManager-_-any-4686382825275653546.dir/webapp/,AVAILABLE}{/ozoneManager}
2019-10-31 11:57:44,229 [main] INFO  server.AbstractConnector (AbstractConnector.java:doStart(278)) - Started ServerConnector@6272c96f{HTTP/1.1,[http/1.1]}{0.0.0.0:34674}
2019-10-31 11:57:44,229 [main] INFO  server.Server (Server.java:doStart(419)) - Started @4426ms
2019-10-31 11:57:44,230 [main] WARN  impl.MetricsSystemImpl (MetricsSystemImpl.java:register(276)) - Sink prometheus already exists!
2019-10-31 11:57:44,231 [main] INFO  server.BaseHttpServer (BaseHttpServer.java:updateConnectorAddress(215)) - HTTP server of OZONEMANAGER is listening at http://0.0.0.0:34674
2019-10-31 11:57:44,516 [main] INFO  impl.MetricsSystemImpl (MetricsSystemImpl.java:init(158)) - HddsDatanode metrics system started (again)
2019-10-31 11:57:44,564 [main] INFO  ozone.HddsDatanodeService (HddsDatanodeService.java:start(183)) - HddsDatanodeService host:pr-hdds-2034-79z24-2056997790 ip:192.168.157.202
2019-10-31 11:57:44,594 [main] INFO  volume.HddsVolume (HddsVolume.java:<init>(176)) - Creating Volume: /workdir/hadoop-ozone/tools/target/test-dir/MiniOzoneClusterImpl-03cdfd41-b317-4d40-9cd5-ffdeafb88e39/datanode-0/data/containers/hdds of  storage type : DISK and capacity : 1482555576320
2019-10-31 11:57:44,596 [main] INFO  volume.VolumeSet (VolumeSet.java:initializeVolumeSet(170)) - Added Volume : /workdir/hadoop-ozone/tools/target/test-dir/MiniOzoneClusterImpl-03cdfd41-b317-4d40-9cd5-ffdeafb88e39/datanode-0/data/containers/hdds to VolumeSet
2019-10-31 11:57:44,599 [main] INFO  volume.ThrottledAsyncChecker (ThrottledAsyncChecker.java:schedule(141)) - Scheduling a check for /workdir/hadoop-ozone/tools/target/test-dir/MiniOzoneClusterImpl-03cdfd41-b317-4d40-9cd5-ffdeafb88e39/datanode-0/data/containers/hdds
2019-10-31 11:57:44,615 [main] INFO  volume.HddsVolumeChecker (HddsVolumeChecker.java:checkAllVolumes(204)) - Scheduled health check for volume /workdir/hadoop-ozone/tools/target/test-dir/MiniOzoneClusterImpl-03cdfd41-b317-4d40-9cd5-ffdeafb88e39/datanode-0/data/containers/hdds
2019-10-31 11:57:44,716 [main] INFO  impl.RaftServerProxy (ConfUtils.java:logGet(43)) - raft.rpc.type = GRPC (default)
2019-10-31 11:57:44,778 [main] INFO  grpc.GrpcFactory (GrpcFactory.java:checkPooledByteBufAllocatorUseCacheForAllThreads(45)) - PERFORMANCE WARNING: useCacheForAllThreads is true that may cause Netty to create a lot garbage objects and, as a result, trigger GC.
	It is recommended to disable useCacheForAllThreads by setting -Dorg.apache.ratis.thirdparty.io.netty.allocator.useCacheForAllThreads=false in command line.
2019-10-31 11:57:44,783 [main] INFO  grpc.GrpcConfigKeys$Server (ConfUtils.java:logGet(43)) - raft.grpc.server.port = 0 (default)
2019-10-31 11:57:44,784 [main] INFO  server.GrpcService (ConfUtils.java:logGet(43)) - raft.grpc.message.size.max = 33570816 (custom)
2019-10-31 11:57:44,786 [main] INFO  server.RaftServerConfigKeys (ConfUtils.java:logGet(43)) - raft.server.log.appender.buffer.byte-limit = 33554432 (custom)
2019-10-31 11:57:44,787 [main] INFO  server.GrpcService (ConfUtils.java:logGet(43)) - raft.grpc.flow.control.window = 1MB (=1048576) (default)
2019-10-31 11:57:44,787 [main] INFO  server.RaftServerConfigKeys (ConfUtils.java:logGet(43)) - raft.server.rpc.request.timeout = 3000ms (default)
2019-10-31 11:57:44,941 [main] INFO  server.RaftServerConfigKeys (ConfUtils.java:logGet(43)) - raft.server.storage.dir = [/workdir/hadoop-ozone/tools/target/test-dir/MiniOzoneClusterImpl-03cdfd41-b317-4d40-9cd5-ffdeafb88e39/datanode-0/data/ratis] (custom)
2019-10-31 11:57:44,988 [main] INFO  hdfs.DFSUtil (DFSUtil.java:httpServerTemplateForNNAndJN(1641)) - Starting Web-server for hddsDatanode at: http://0.0.0.0:0
2019-10-31 11:57:44,989 [main] INFO  server.AuthenticationFilter (AuthenticationFilter.java:constructSecretProvider(240)) - Unable to initialize FileSignerSecretProvider, falling back to use random secrets.
2019-10-31 11:57:44,990 [main] WARN  http.HttpRequestLog (HttpRequestLog.java:getRequestLog(97)) - Jetty request log can only be enabled using Log4j
2019-10-31 11:57:44,992 [main] INFO  http.HttpServer2 (HttpServer2.java:addGlobalFilter(975)) - Added global filter 'safety' (class=org.apache.hadoop.http.HttpServer2$QuotingInputFilter)
2019-10-31 11:57:44,992 [main] INFO  http.HttpServer2 (HttpServer2.java:addFilter(948)) - Added filter static_user_filter (class=org.apache.hadoop.http.lib.StaticUserWebFilter$StaticUserFilter) to context hddsDatanode
2019-10-31 11:57:44,993 [main] INFO  http.HttpServer2 (HttpServer2.java:addFilter(958)) - Added filter static_user_filter (class=org.apache.hadoop.http.lib.StaticUserWebFilter$StaticUserFilter) to context static
2019-10-31 11:57:44,993 [main] INFO  http.HttpServer2 (HttpServer2.java:addFilter(958)) - Added filter static_user_filter (class=org.apache.hadoop.http.lib.StaticUserWebFilter$StaticUserFilter) to context logs
2019-10-31 11:57:44,994 [main] INFO  http.HttpServer2 (HttpServer2.java:bindListener(1191)) - Jetty bound to port 36819
2019-10-31 11:57:44,994 [main] INFO  server.Server (Server.java:doStart(351)) - jetty-9.3.25.v20180904, build timestamp: 2018-09-04T21:11:46Z, git hash: 3ce520221d0240229c862b122d2b06c12a625732
2019-10-31 11:57:44,996 [main] INFO  handler.ContextHandler (ContextHandler.java:doStart(781)) - Started o.e.j.s.ServletContextHandler@2e8a1ab4{/logs,file:///workdir/hadoop-ozone/tools/target/log,AVAILABLE}
2019-10-31 11:57:44,997 [main] INFO  handler.ContextHandler (ContextHandler.java:doStart(781)) - Started o.e.j.s.ServletContextHandler@1aabf50d{/static,jar:file:/home/user/.m2/repository/org/apache/hadoop/hadoop-hdds-container-service/0.5.0-SNAPSHOT/hadoop-hdds-container-service-0.5.0-SNAPSHOT.jar!/webapps/static,AVAILABLE}
2019-10-31 11:57:45,028 [main] INFO  handler.ContextHandler (ContextHandler.java:doStart(781)) - Started o.e.j.w.WebAppContext@1e8ab90f{/,file:///tmp/jetty-0.0.0.0-36819-hddsDatanode-_-any-6560858332946868916.dir/webapp/,AVAILABLE}{/hddsDatanode}
2019-10-31 11:57:45,028 [main] INFO  server.AbstractConnector (AbstractConnector.java:doStart(278)) - Started ServerConnector@78d6447a{HTTP/1.1,[http/1.1]}{0.0.0.0:36819}
2019-10-31 11:57:45,029 [main] INFO  server.Server (Server.java:doStart(419)) - Started @5225ms
2019-10-31 11:57:45,029 [main] WARN  impl.MetricsSystemImpl (MetricsSystemImpl.java:register(276)) - Sink prometheus already exists!
2019-10-31 11:57:45,030 [main] INFO  server.BaseHttpServer (BaseHttpServer.java:updateConnectorAddress(215)) - HTTP server of HDDSDATANODE is listening at http://0.0.0.0:36819
2019-10-31 11:57:45,031 [main] INFO  impl.MetricsSystemImpl (MetricsSystemImpl.java:init(158)) - HddsDatanode metrics system started (again)
2019-10-31 11:57:45,034 [main] INFO  ozone.HddsDatanodeService (HddsDatanodeService.java:start(183)) - HddsDatanodeService host:pr-hdds-2034-79z24-2056997790 ip:192.168.157.202
2019-10-31 11:57:45,039 [org.apache.hadoop.util.JvmPauseMonitor$Monitor@1e942502] INFO  util.JvmPauseMonitor (JvmPauseMonitor.java:run(188)) - Starting JVM pause monitor
2019-10-31 11:57:45,042 [main] INFO  volume.HddsVolume (HddsVolume.java:<init>(176)) - Creating Volume: /workdir/hadoop-ozone/tools/target/test-dir/MiniOzoneClusterImpl-03cdfd41-b317-4d40-9cd5-ffdeafb88e39/datanode-1/data/containers/hdds of  storage type : DISK and capacity : 1482555576320
2019-10-31 11:57:45,044 [main] INFO  volume.VolumeSet (VolumeSet.java:initializeVolumeSet(170)) - Added Volume : /workdir/hadoop-ozone/tools/target/test-dir/MiniOzoneClusterImpl-03cdfd41-b317-4d40-9cd5-ffdeafb88e39/datanode-1/data/containers/hdds to VolumeSet
2019-10-31 11:57:45,044 [main] INFO  volume.ThrottledAsyncChecker (ThrottledAsyncChecker.java:schedule(141)) - Scheduling a check for /workdir/hadoop-ozone/tools/target/test-dir/MiniOzoneClusterImpl-03cdfd41-b317-4d40-9cd5-ffdeafb88e39/datanode-1/data/containers/hdds
2019-10-31 11:57:45,045 [main] INFO  volume.HddsVolumeChecker (HddsVolumeChecker.java:checkAllVolumes(204)) - Scheduled health check for volume /workdir/hadoop-ozone/tools/target/test-dir/MiniOzoneClusterImpl-03cdfd41-b317-4d40-9cd5-ffdeafb88e39/datanode-1/data/containers/hdds
2019-10-31 11:57:45,060 [main] INFO  impl.RaftServerProxy (ConfUtils.java:logGet(43)) - raft.rpc.type = GRPC (default)
2019-10-31 11:57:45,060 [main] INFO  grpc.GrpcFactory (GrpcFactory.java:checkPooledByteBufAllocatorUseCacheForAllThreads(45)) - PERFORMANCE WARNING: useCacheForAllThreads is true that may cause Netty to create a lot garbage objects and, as a result, trigger GC.
	It is recommended to disable useCacheForAllThreads by setting -Dorg.apache.ratis.thirdparty.io.netty.allocator.useCacheForAllThreads=false in command line.
2019-10-31 11:57:45,060 [main] INFO  grpc.GrpcConfigKeys$Server (ConfUtils.java:logGet(43)) - raft.grpc.server.port = 0 (default)
2019-10-31 11:57:45,060 [main] INFO  server.GrpcService (ConfUtils.java:logGet(43)) - raft.grpc.message.size.max = 33570816 (custom)
2019-10-31 11:57:45,061 [main] INFO  server.RaftServerConfigKeys (ConfUtils.java:logGet(43)) - raft.server.log.appender.buffer.byte-limit = 33554432 (custom)
2019-10-31 11:57:45,061 [main] INFO  server.GrpcService (ConfUtils.java:logGet(43)) - raft.grpc.flow.control.window = 1MB (=1048576) (default)
2019-10-31 11:57:45,061 [main] INFO  server.RaftServerConfigKeys (ConfUtils.java:logGet(43)) - raft.server.rpc.request.timeout = 3000ms (default)
2019-10-31 11:57:45,062 [main] INFO  server.RaftServerConfigKeys (ConfUtils.java:logGet(43)) - raft.server.storage.dir = [/workdir/hadoop-ozone/tools/target/test-dir/MiniOzoneClusterImpl-03cdfd41-b317-4d40-9cd5-ffdeafb88e39/datanode-1/data/ratis] (custom)
2019-10-31 11:57:45,064 [main] INFO  hdfs.DFSUtil (DFSUtil.java:httpServerTemplateForNNAndJN(1641)) - Starting Web-server for hddsDatanode at: http://0.0.0.0:0
2019-10-31 11:57:45,065 [main] INFO  server.AuthenticationFilter (AuthenticationFilter.java:constructSecretProvider(240)) - Unable to initialize FileSignerSecretProvider, falling back to use random secrets.
2019-10-31 11:57:45,065 [main] WARN  http.HttpRequestLog (HttpRequestLog.java:getRequestLog(97)) - Jetty request log can only be enabled using Log4j
2019-10-31 11:57:45,067 [main] INFO  http.HttpServer2 (HttpServer2.java:addGlobalFilter(975)) - Added global filter 'safety' (class=org.apache.hadoop.http.HttpServer2$QuotingInputFilter)
2019-10-31 11:57:45,068 [main] INFO  http.HttpServer2 (HttpServer2.java:addFilter(948)) - Added filter static_user_filter (class=org.apache.hadoop.http.lib.StaticUserWebFilter$StaticUserFilter) to context hddsDatanode
2019-10-31 11:57:45,068 [main] INFO  http.HttpServer2 (HttpServer2.java:addFilter(958)) - Added filter static_user_filter (class=org.apache.hadoop.http.lib.StaticUserWebFilter$StaticUserFilter) to context static
2019-10-31 11:57:45,068 [main] INFO  http.HttpServer2 (HttpServer2.java:addFilter(958)) - Added filter static_user_filter (class=org.apache.hadoop.http.lib.StaticUserWebFilter$StaticUserFilter) to context logs
2019-10-31 11:57:45,070 [main] INFO  http.HttpServer2 (HttpServer2.java:bindListener(1191)) - Jetty bound to port 37562
2019-10-31 11:57:45,070 [main] INFO  server.Server (Server.java:doStart(351)) - jetty-9.3.25.v20180904, build timestamp: 2018-09-04T21:11:46Z, git hash: 3ce520221d0240229c862b122d2b06c12a625732
2019-10-31 11:57:45,074 [main] INFO  handler.ContextHandler (ContextHandler.java:doStart(781)) - Started o.e.j.s.ServletContextHandler@22587507{/logs,file:///workdir/hadoop-ozone/tools/target/log,AVAILABLE}
2019-10-31 11:57:45,074 [main] INFO  handler.ContextHandler (ContextHandler.java:doStart(781)) - Started o.e.j.s.ServletContextHandler@660f0c{/static,jar:file:/home/user/.m2/repository/org/apache/hadoop/hadoop-hdds-container-service/0.5.0-SNAPSHOT/hadoop-hdds-container-service-0.5.0-SNAPSHOT.jar!/webapps/static,AVAILABLE}
2019-10-31 11:57:45,106 [main] INFO  handler.ContextHandler (ContextHandler.java:doStart(781)) - Started o.e.j.w.WebAppContext@10a0fe30{/,file:///tmp/jetty-0.0.0.0-37562-hddsDatanode-_-any-1862951446209541746.dir/webapp/,AVAILABLE}{/hddsDatanode}
2019-10-31 11:57:45,107 [main] INFO  server.AbstractConnector (AbstractConnector.java:doStart(278)) - Started ServerConnector@7b6860f9{HTTP/1.1,[http/1.1]}{0.0.0.0:37562}
2019-10-31 11:57:45,107 [main] INFO  server.Server (Server.java:doStart(419)) - Started @5304ms
2019-10-31 11:57:45,108 [main] WARN  impl.MetricsSystemImpl (MetricsSystemImpl.java:register(276)) - Sink prometheus already exists!
2019-10-31 11:57:45,110 [main] INFO  server.BaseHttpServer (BaseHttpServer.java:updateConnectorAddress(215)) - HTTP server of HDDSDATANODE is listening at http://0.0.0.0:37562
2019-10-31 11:57:45,110 [main] INFO  impl.MetricsSystemImpl (MetricsSystemImpl.java:init(158)) - HddsDatanode metrics system started (again)
2019-10-31 11:57:45,114 [org.apache.hadoop.util.JvmPauseMonitor$Monitor@2a0ef94a] INFO  util.JvmPauseMonitor (JvmPauseMonitor.java:run(188)) - Starting JVM pause monitor
2019-10-31 11:57:45,114 [main] INFO  ozone.HddsDatanodeService (HddsDatanodeService.java:start(183)) - HddsDatanodeService host:pr-hdds-2034-79z24-2056997790 ip:192.168.157.202
2019-10-31 11:57:45,125 [main] INFO  volume.HddsVolume (HddsVolume.java:<init>(176)) - Creating Volume: /workdir/hadoop-ozone/tools/target/test-dir/MiniOzoneClusterImpl-03cdfd41-b317-4d40-9cd5-ffdeafb88e39/datanode-2/data/containers/hdds of  storage type : DISK and capacity : 1482555576320
2019-10-31 11:57:45,125 [main] INFO  volume.VolumeSet (VolumeSet.java:initializeVolumeSet(170)) - Added Volume : /workdir/hadoop-ozone/tools/target/test-dir/MiniOzoneClusterImpl-03cdfd41-b317-4d40-9cd5-ffdeafb88e39/datanode-2/data/containers/hdds to VolumeSet
2019-10-31 11:57:45,126 [main] INFO  volume.ThrottledAsyncChecker (ThrottledAsyncChecker.java:schedule(141)) - Scheduling a check for /workdir/hadoop-ozone/tools/target/test-dir/MiniOzoneClusterImpl-03cdfd41-b317-4d40-9cd5-ffdeafb88e39/datanode-2/data/containers/hdds
2019-10-31 11:57:45,126 [main] INFO  volume.HddsVolumeChecker (HddsVolumeChecker.java:checkAllVolumes(204)) - Scheduled health check for volume /workdir/hadoop-ozone/tools/target/test-dir/MiniOzoneClusterImpl-03cdfd41-b317-4d40-9cd5-ffdeafb88e39/datanode-2/data/containers/hdds
2019-10-31 11:57:45,145 [Datanode State Machine Thread - 0] INFO  datanode.InitDatanodeState (InitDatanodeState.java:persistContainerDatanodeDetails(140)) - DatanodeDetails is persisted to /workdir/hadoop-ozone/tools/target/test-dir/MiniOzoneClusterImpl-03cdfd41-b317-4d40-9cd5-ffdeafb88e39/datanode-0/meta/datanode.id
2019-10-31 11:57:45,153 [Datanode State Machine Thread - 0] INFO  datanode.InitDatanodeState (InitDatanodeState.java:persistContainerDatanodeDetails(140)) - DatanodeDetails is persisted to /workdir/hadoop-ozone/tools/target/test-dir/MiniOzoneClusterImpl-03cdfd41-b317-4d40-9cd5-ffdeafb88e39/datanode-1/meta/datanode.id
2019-10-31 11:57:45,155 [main] INFO  impl.RaftServerProxy (ConfUtils.java:logGet(43)) - raft.rpc.type = GRPC (default)
2019-10-31 11:57:45,156 [main] INFO  grpc.GrpcFactory (GrpcFactory.java:checkPooledByteBufAllocatorUseCacheForAllThreads(45)) - PERFORMANCE WARNING: useCacheForAllThreads is true that may cause Netty to create a lot garbage objects and, as a result, trigger GC.
	It is recommended to disable useCacheForAllThreads by setting -Dorg.apache.ratis.thirdparty.io.netty.allocator.useCacheForAllThreads=false in command line.
2019-10-31 11:57:45,156 [main] INFO  grpc.GrpcConfigKeys$Server (ConfUtils.java:logGet(43)) - raft.grpc.server.port = 0 (default)
2019-10-31 11:57:45,156 [main] INFO  server.GrpcService (ConfUtils.java:logGet(43)) - raft.grpc.message.size.max = 33570816 (custom)
2019-10-31 11:57:45,156 [main] INFO  server.RaftServerConfigKeys (ConfUtils.java:logGet(43)) - raft.server.log.appender.buffer.byte-limit = 33554432 (custom)
2019-10-31 11:57:45,157 [main] INFO  server.GrpcService (ConfUtils.java:logGet(43)) - raft.grpc.flow.control.window = 1MB (=1048576) (default)
2019-10-31 11:57:45,157 [main] INFO  server.RaftServerConfigKeys (ConfUtils.java:logGet(43)) - raft.server.rpc.request.timeout = 3000ms (default)
2019-10-31 11:57:45,158 [main] INFO  server.RaftServerConfigKeys (ConfUtils.java:logGet(43)) - raft.server.storage.dir = [/workdir/hadoop-ozone/tools/target/test-dir/MiniOzoneClusterImpl-03cdfd41-b317-4d40-9cd5-ffdeafb88e39/datanode-2/data/ratis] (custom)
2019-10-31 11:57:45,161 [main] INFO  hdfs.DFSUtil (DFSUtil.java:httpServerTemplateForNNAndJN(1641)) - Starting Web-server for hddsDatanode at: http://0.0.0.0:0
2019-10-31 11:57:45,162 [main] INFO  server.AuthenticationFilter (AuthenticationFilter.java:constructSecretProvider(240)) - Unable to initialize FileSignerSecretProvider, falling back to use random secrets.
2019-10-31 11:57:45,163 [main] WARN  http.HttpRequestLog (HttpRequestLog.java:getRequestLog(97)) - Jetty request log can only be enabled using Log4j
2019-10-31 11:57:45,165 [main] INFO  http.HttpServer2 (HttpServer2.java:addGlobalFilter(975)) - Added global filter 'safety' (class=org.apache.hadoop.http.HttpServer2$QuotingInputFilter)
2019-10-31 11:57:45,166 [main] INFO  http.HttpServer2 (HttpServer2.java:addFilter(948)) - Added filter static_user_filter (class=org.apache.hadoop.http.lib.StaticUserWebFilter$StaticUserFilter) to context hddsDatanode
2019-10-31 11:57:45,166 [main] INFO  http.HttpServer2 (HttpServer2.java:addFilter(958)) - Added filter static_user_filter (class=org.apache.hadoop.http.lib.StaticUserWebFilter$StaticUserFilter) to context logs
2019-10-31 11:57:45,166 [main] INFO  http.HttpServer2 (HttpServer2.java:addFilter(958)) - Added filter static_user_filter (class=org.apache.hadoop.http.lib.StaticUserWebFilter$StaticUserFilter) to context static
2019-10-31 11:57:45,167 [main] INFO  http.HttpServer2 (HttpServer2.java:bindListener(1191)) - Jetty bound to port 45247
2019-10-31 11:57:45,167 [main] INFO  server.Server (Server.java:doStart(351)) - jetty-9.3.25.v20180904, build timestamp: 2018-09-04T21:11:46Z, git hash: 3ce520221d0240229c862b122d2b06c12a625732
2019-10-31 11:57:45,170 [main] INFO  handler.ContextHandler (ContextHandler.java:doStart(781)) - Started o.e.j.s.ServletContextHandler@7a0e7ecd{/logs,file:///workdir/hadoop-ozone/tools/target/log,AVAILABLE}
2019-10-31 11:57:45,170 [main] INFO  handler.ContextHandler (ContextHandler.java:doStart(781)) - Started o.e.j.s.ServletContextHandler@43e9089{/static,jar:file:/home/user/.m2/repository/org/apache/hadoop/hadoop-hdds-container-service/0.5.0-SNAPSHOT/hadoop-hdds-container-service-0.5.0-SNAPSHOT.jar!/webapps/static,AVAILABLE}
2019-10-31 11:57:45,202 [main] INFO  handler.ContextHandler (ContextHandler.java:doStart(781)) - Started o.e.j.w.WebAppContext@55e42449{/,file:///tmp/jetty-0.0.0.0-45247-hddsDatanode-_-any-6858470888767212610.dir/webapp/,AVAILABLE}{/hddsDatanode}
2019-10-31 11:57:45,203 [main] INFO  server.AbstractConnector (AbstractConnector.java:doStart(278)) - Started ServerConnector@e57e5d6{HTTP/1.1,[http/1.1]}{0.0.0.0:45247}
2019-10-31 11:57:45,204 [main] INFO  server.Server (Server.java:doStart(419)) - Started @5400ms
2019-10-31 11:57:45,205 [main] WARN  impl.MetricsSystemImpl (MetricsSystemImpl.java:register(276)) - Sink prometheus already exists!
2019-10-31 11:57:45,206 [main] INFO  server.BaseHttpServer (BaseHttpServer.java:updateConnectorAddress(215)) - HTTP server of HDDSDATANODE is listening at http://0.0.0.0:45247
2019-10-31 11:57:45,208 [main] INFO  ozone.MiniOzoneClusterImpl (MiniOzoneClusterImpl.java:lambda$waitForClusterToBeReady$0(149)) - Waiting for nodes to be ready. Got 0 of 3 DN Heartbeats.
2019-10-31 11:57:45,208 [main] INFO  ozone.MiniOzoneClusterImpl (MiniOzoneClusterImpl.java:lambda$waitForClusterToBeReady$0(152)) - Waiting for cluster to exit safe mode
2019-10-31 11:57:45,209 [org.apache.hadoop.util.JvmPauseMonitor$Monitor@10a7c86] INFO  util.JvmPauseMonitor (JvmPauseMonitor.java:run(188)) - Starting JVM pause monitor
2019-10-31 11:57:45,213 [Datanode State Machine Thread - 0] INFO  datanode.InitDatanodeState (InitDatanodeState.java:persistContainerDatanodeDetails(140)) - DatanodeDetails is persisted to /workdir/hadoop-ozone/tools/target/test-dir/MiniOzoneClusterImpl-03cdfd41-b317-4d40-9cd5-ffdeafb88e39/datanode-2/meta/datanode.id
2019-10-31 11:57:46,208 [main] INFO  ozone.MiniOzoneClusterImpl (MiniOzoneClusterImpl.java:lambda$waitForClusterToBeReady$0(149)) - Waiting for nodes to be ready. Got 0 of 3 DN Heartbeats.
2019-10-31 11:57:46,209 [main] INFO  ozone.MiniOzoneClusterImpl (MiniOzoneClusterImpl.java:lambda$waitForClusterToBeReady$0(152)) - Waiting for cluster to exit safe mode
2019-10-31 11:57:47,130 [Datanode State Machine Thread - 0] INFO  ozoneimpl.OzoneContainer (OzoneContainer.java:start(213)) - Attempting to start container services.
2019-10-31 11:57:47,130 [Datanode State Machine Thread - 0] INFO  ozoneimpl.OzoneContainer (OzoneContainer.java:start(213)) - Attempting to start container services.
2019-10-31 11:57:47,138 [Datanode State Machine Thread - 0] INFO  ozoneimpl.OzoneContainer (OzoneContainer.java:startContainerScrub(177)) - Background container scanner has been disabled.
2019-10-31 11:57:47,138 [Datanode State Machine Thread - 0] INFO  ozoneimpl.OzoneContainer (OzoneContainer.java:startContainerScrub(177)) - Background container scanner has been disabled.
2019-10-31 11:57:47,138 [Datanode State Machine Thread - 0] INFO  ratis.XceiverServerRatis (XceiverServerRatis.java:start(419)) - Starting XceiverServerRatis 46b0f7c0-f33a-43ec-b645-2252266d545c at port 0
2019-10-31 11:57:47,138 [Datanode State Machine Thread - 0] INFO  ratis.XceiverServerRatis (XceiverServerRatis.java:start(419)) - Starting XceiverServerRatis 354fb464-901d-4483-9688-530e748d6020 at port 0
2019-10-31 11:57:47,177 [Datanode State Machine Thread - 0] INFO  impl.RaftServerProxy (RaftServerProxy.java:lambda$start$3(299)) - 354fb464-901d-4483-9688-530e748d6020: start RPC server
2019-10-31 11:57:47,177 [Datanode State Machine Thread - 0] INFO  impl.RaftServerProxy (RaftServerProxy.java:lambda$start$3(299)) - 46b0f7c0-f33a-43ec-b645-2252266d545c: start RPC server
2019-10-31 11:57:47,209 [main] INFO  ozone.MiniOzoneClusterImpl (MiniOzoneClusterImpl.java:lambda$waitForClusterToBeReady$0(149)) - Waiting for nodes to be ready. Got 0 of 3 DN Heartbeats.
2019-10-31 11:57:47,210 [main] INFO  ozone.MiniOzoneClusterImpl (MiniOzoneClusterImpl.java:lambda$waitForClusterToBeReady$0(152)) - Waiting for cluster to exit safe mode
2019-10-31 11:57:47,227 [Datanode State Machine Thread - 0] INFO  ozoneimpl.OzoneContainer (OzoneContainer.java:start(213)) - Attempting to start container services.
2019-10-31 11:57:47,229 [Datanode State Machine Thread - 0] INFO  ozoneimpl.OzoneContainer (OzoneContainer.java:startContainerScrub(177)) - Background container scanner has been disabled.
2019-10-31 11:57:47,230 [Datanode State Machine Thread - 0] INFO  ratis.XceiverServerRatis (XceiverServerRatis.java:start(419)) - Starting XceiverServerRatis 7d605aae-0c54-4fed-b184-231d6db633e8 at port 0
2019-10-31 11:57:47,250 [Datanode State Machine Thread - 0] INFO  impl.RaftServerProxy (RaftServerProxy.java:lambda$start$3(299)) - 7d605aae-0c54-4fed-b184-231d6db633e8: start RPC server
2019-10-31 11:57:47,331 [Datanode State Machine Thread - 0] INFO  server.GrpcService (GrpcService.java:startImpl(158)) - 354fb464-901d-4483-9688-530e748d6020: GrpcService started, listening on 0.0.0.0/0.0.0.0:45550
2019-10-31 11:57:47,331 [Datanode State Machine Thread - 0] INFO  server.GrpcService (GrpcService.java:startImpl(158)) - 46b0f7c0-f33a-43ec-b645-2252266d545c: GrpcService started, listening on 0.0.0.0/0.0.0.0:36267
2019-10-31 11:57:47,331 [Datanode State Machine Thread - 0] INFO  server.GrpcService (GrpcService.java:startImpl(158)) - 7d605aae-0c54-4fed-b184-231d6db633e8: GrpcService started, listening on 0.0.0.0/0.0.0.0:43091
2019-10-31 11:57:47,332 [Datanode State Machine Thread - 0] INFO  ratis.XceiverServerRatis (XceiverServerRatis.java:start(429)) - XceiverServerRatis 46b0f7c0-f33a-43ec-b645-2252266d545c is started using port 36267
2019-10-31 11:57:47,332 [Datanode State Machine Thread - 0] INFO  ratis.XceiverServerRatis (XceiverServerRatis.java:start(429)) - XceiverServerRatis 354fb464-901d-4483-9688-530e748d6020 is started using port 45550
2019-10-31 11:57:47,333 [Datanode State Machine Thread - 0] INFO  ratis.XceiverServerRatis (XceiverServerRatis.java:start(429)) - XceiverServerRatis 7d605aae-0c54-4fed-b184-231d6db633e8 is started using port 43091
2019-10-31 11:57:47,338 [Datanode State Machine Thread - 0] INFO  server.XceiverServerGrpc (XceiverServerGrpc.java:start(149)) - XceiverServerGrpc 354fb464-901d-4483-9688-530e748d6020 is started using port 34820
2019-10-31 11:57:47,338 [Datanode State Machine Thread - 0] INFO  server.XceiverServerGrpc (XceiverServerGrpc.java:start(149)) - XceiverServerGrpc 7d605aae-0c54-4fed-b184-231d6db633e8 is started using port 38049
2019-10-31 11:57:47,338 [Datanode State Machine Thread - 0] INFO  server.XceiverServerGrpc (XceiverServerGrpc.java:start(149)) - XceiverServerGrpc 46b0f7c0-f33a-43ec-b645-2252266d545c is started using port 36045
2019-10-31 11:57:48,210 [main] INFO  ozone.MiniOzoneClusterImpl (MiniOzoneClusterImpl.java:lambda$waitForClusterToBeReady$0(149)) - Waiting for nodes to be ready. Got 0 of 3 DN Heartbeats.
2019-10-31 11:57:48,211 [main] INFO  ozone.MiniOzoneClusterImpl (MiniOzoneClusterImpl.java:lambda$waitForClusterToBeReady$0(152)) - Waiting for cluster to exit safe mode
2019-10-31 11:57:49,081 [IPC Server handler 0 on 44675] INFO  net.NetworkTopology (NetworkTopologyImpl.java:add(111)) - Added a new node: /default-rack/46b0f7c0-f33a-43ec-b645-2252266d545c
2019-10-31 11:57:49,082 [IPC Server handler 0 on 44675] INFO  node.SCMNodeManager (SCMNodeManager.java:register(267)) - Registered Data node : 46b0f7c0-f33a-43ec-b645-2252266d545c{ip: 192.168.157.202, host: pr-hdds-2034-79z24-2056997790, networkLocation: /default-rack, certSerialId: null}
2019-10-31 11:57:49,085 [EventQueue-NodeRegistrationContainerReportForContainerSafeModeRule] INFO  safemode.SCMSafeModeManager (SCMSafeModeManager.java:validateSafeModeExitRules(176)) - ContainerSafeModeRule rule is successfully validated
2019-10-31 11:57:49,085 [EventQueue-NodeRegistrationContainerReportForDataNodeSafeModeRule] INFO  safemode.SCMSafeModeManager (DataNodeSafeModeRule.java:process(71)) - SCM in safe mode. 1 DataNodes registered, 1 required.
2019-10-31 11:57:49,086 [EventQueue-NodeRegistrationContainerReportForDataNodeSafeModeRule] INFO  safemode.SCMSafeModeManager (SCMSafeModeManager.java:validateSafeModeExitRules(176)) - DataNodeSafeModeRule rule is successfully validated
2019-10-31 11:57:49,089 [RatisPipelineUtilsThread] INFO  pipeline.RatisPipelineProvider (RatisPipelineProvider.java:lambda$create$4(163)) - Send pipeline:PipelineID=629da6de-745e-4c38-ae2e-53c16bac7fd8 create command to datanode 46b0f7c0-f33a-43ec-b645-2252266d545c
2019-10-31 11:57:49,118 [IPC Server handler 3 on 44675] INFO  net.NetworkTopology (NetworkTopologyImpl.java:add(111)) - Added a new node: /default-rack/354fb464-901d-4483-9688-530e748d6020
2019-10-31 11:57:49,119 [IPC Server handler 3 on 44675] INFO  node.SCMNodeManager (SCMNodeManager.java:register(267)) - Registered Data node : 354fb464-901d-4483-9688-530e748d6020{ip: 192.168.157.202, host: pr-hdds-2034-79z24-2056997790, networkLocation: /default-rack, certSerialId: null}
2019-10-31 11:57:49,119 [EventQueue-NodeRegistrationContainerReportForContainerSafeModeRule] INFO  safemode.SCMSafeModeManager (SCMSafeModeManager.java:validateSafeModeExitRules(176)) - ContainerSafeModeRule rule is successfully validated
2019-10-31 11:57:49,119 [EventQueue-NodeRegistrationContainerReportForDataNodeSafeModeRule] INFO  safemode.SCMSafeModeManager (SCMSafeModeManager.java:validateSafeModeExitRules(176)) - DataNodeSafeModeRule rule is successfully validated
2019-10-31 11:57:49,120 [RatisPipelineUtilsThread] INFO  pipeline.RatisPipelineProvider (RatisPipelineProvider.java:lambda$create$4(163)) - Send pipeline:PipelineID=5346f4d7-2039-4b95-9864-3619a596299b create command to datanode 354fb464-901d-4483-9688-530e748d6020
2019-10-31 11:57:49,212 [main] INFO  ozone.MiniOzoneClusterImpl (MiniOzoneClusterImpl.java:lambda$waitForClusterToBeReady$0(149)) - Waiting for nodes to be ready. Got 2 of 3 DN Heartbeats.
2019-10-31 11:57:49,212 [main] INFO  ozone.MiniOzoneClusterImpl (MiniOzoneClusterImpl.java:lambda$waitForClusterToBeReady$0(152)) - Waiting for cluster to exit safe mode
2019-10-31 11:57:49,213 [IPC Server handler 4 on 44675] INFO  net.NetworkTopology (NetworkTopologyImpl.java:add(111)) - Added a new node: /default-rack/7d605aae-0c54-4fed-b184-231d6db633e8
2019-10-31 11:57:49,214 [IPC Server handler 4 on 44675] INFO  node.SCMNodeManager (SCMNodeManager.java:register(267)) - Registered Data node : 7d605aae-0c54-4fed-b184-231d6db633e8{ip: 192.168.157.202, host: pr-hdds-2034-79z24-2056997790, networkLocation: /default-rack, certSerialId: null}
2019-10-31 11:57:49,215 [EventQueue-NodeRegistrationContainerReportForDataNodeSafeModeRule] INFO  safemode.SCMSafeModeManager (SCMSafeModeManager.java:validateSafeModeExitRules(176)) - DataNodeSafeModeRule rule is successfully validated
2019-10-31 11:57:49,215 [RatisPipelineUtilsThread] INFO  pipeline.RatisPipelineProvider (RatisPipelineProvider.java:lambda$create$4(163)) - Send pipeline:PipelineID=d0fe96ce-ef45-45cb-bb61-1b1ddc29680d create command to datanode 7d605aae-0c54-4fed-b184-231d6db633e8
2019-10-31 11:57:49,215 [EventQueue-NodeRegistrationContainerReportForContainerSafeModeRule] INFO  safemode.SCMSafeModeManager (SCMSafeModeManager.java:validateSafeModeExitRules(176)) - ContainerSafeModeRule rule is successfully validated
2019-10-31 11:57:49,218 [RatisPipelineUtilsThread] INFO  pipeline.RatisPipelineProvider (RatisPipelineProvider.java:lambda$create$4(163)) - Send pipeline:PipelineID=a1a9454e-bf40-4a8e-a203-55a4e0f85336 create command to datanode 46b0f7c0-f33a-43ec-b645-2252266d545c
2019-10-31 11:57:49,218 [RatisPipelineUtilsThread] INFO  pipeline.RatisPipelineProvider (RatisPipelineProvider.java:lambda$create$4(163)) - Send pipeline:PipelineID=a1a9454e-bf40-4a8e-a203-55a4e0f85336 create command to datanode 7d605aae-0c54-4fed-b184-231d6db633e8
2019-10-31 11:57:49,218 [RatisPipelineUtilsThread] INFO  pipeline.RatisPipelineProvider (RatisPipelineProvider.java:lambda$create$4(163)) - Send pipeline:PipelineID=a1a9454e-bf40-4a8e-a203-55a4e0f85336 create command to datanode 354fb464-901d-4483-9688-530e748d6020
2019-10-31 11:57:50,213 [main] INFO  ozone.MiniOzoneClusterImpl (MiniOzoneClusterImpl.java:lambda$waitForClusterToBeReady$0(149)) - Nodes are ready. Got 3 of 3 DN Heartbeats.
2019-10-31 11:57:50,213 [main] INFO  ozone.MiniOzoneClusterImpl (MiniOzoneClusterImpl.java:lambda$waitForClusterToBeReady$0(152)) - Waiting for cluster to exit safe mode
2019-10-31 11:57:51,214 [main] INFO  ozone.MiniOzoneClusterImpl (MiniOzoneClusterImpl.java:lambda$waitForClusterToBeReady$0(149)) - Nodes are ready. Got 3 of 3 DN Heartbeats.
2019-10-31 11:57:51,214 [main] INFO  ozone.MiniOzoneClusterImpl (MiniOzoneClusterImpl.java:lambda$waitForClusterToBeReady$0(152)) - Waiting for cluster to exit safe mode
2019-10-31 11:57:52,082 [Command processor thread] INFO  impl.RaftServerProxy (RaftServerProxy.java:addNew(89)) - 46b0f7c0-f33a-43ec-b645-2252266d545c: addNew group-53C16BAC7FD8:[46b0f7c0-f33a-43ec-b645-2252266d545c:192.168.157.202:36267] returns group-53C16BAC7FD8:java.util.concurrent.CompletableFuture@76cbeb75[Not completed]
2019-10-31 11:57:52,104 [pool-27-thread-1] INFO  impl.RaftServerImpl (RaftServerImpl.java:<init>(98)) - 46b0f7c0-f33a-43ec-b645-2252266d545c: new RaftServerImpl for group-53C16BAC7FD8:[46b0f7c0-f33a-43ec-b645-2252266d545c:192.168.157.202:36267] with ContainerStateMachine:uninitialized
2019-10-31 11:57:52,107 [pool-27-thread-1] INFO  server.RaftServerConfigKeys (ConfUtils.java:logGet(43)) - raft.server.rpc.timeout.min = 5s (custom)
2019-10-31 11:57:52,108 [pool-27-thread-1] INFO  server.RaftServerConfigKeys (ConfUtils.java:logGet(43)) - raft.server.rpc.timeout.max = 5200ms (custom)
2019-10-31 11:57:52,108 [pool-27-thread-1] INFO  server.RaftServerConfigKeys (ConfUtils.java:logGet(43)) - raft.server.rpcslowness.timeout = 120s (custom)
2019-10-31 11:57:52,109 [pool-27-thread-1] INFO  server.RaftServerConfigKeys (ConfUtils.java:logGet(43)) - raft.server.sleep.deviation.threshold = 300 (default)
2019-10-31 11:57:52,110 [pool-27-thread-1] INFO  server.RaftServerConfigKeys (ConfUtils.java:logGet(43)) - raft.server.log.appender.install.snapshot.enabled = false (custom)
2019-10-31 11:57:52,116 [Command processor thread] INFO  impl.RaftServerProxy (RaftServerProxy.java:addNew(89)) - 354fb464-901d-4483-9688-530e748d6020: addNew group-3619A596299B:[354fb464-901d-4483-9688-530e748d6020:192.168.157.202:45550] returns group-3619A596299B:java.util.concurrent.CompletableFuture@586f62ee[Not completed]
2019-10-31 11:57:52,140 [pool-37-thread-1] INFO  impl.RaftServerImpl (RaftServerImpl.java:<init>(98)) - 354fb464-901d-4483-9688-530e748d6020: new RaftServerImpl for group-3619A596299B:[354fb464-901d-4483-9688-530e748d6020:192.168.157.202:45550] with ContainerStateMachine:uninitialized
2019-10-31 11:57:52,142 [pool-37-thread-1] INFO  server.RaftServerConfigKeys (ConfUtils.java:logGet(43)) - raft.server.rpc.timeout.min = 5s (custom)
2019-10-31 11:57:52,142 [pool-37-thread-1] INFO  server.RaftServerConfigKeys (ConfUtils.java:logGet(43)) - raft.server.rpc.timeout.max = 5200ms (custom)
2019-10-31 11:57:52,142 [pool-37-thread-1] INFO  server.RaftServerConfigKeys (ConfUtils.java:logGet(43)) - raft.server.rpcslowness.timeout = 120s (custom)
2019-10-31 11:57:52,143 [pool-37-thread-1] INFO  server.RaftServerConfigKeys (ConfUtils.java:logGet(43)) - raft.server.sleep.deviation.threshold = 300 (default)
2019-10-31 11:57:52,143 [pool-37-thread-1] INFO  server.RaftServerConfigKeys (ConfUtils.java:logGet(43)) - raft.server.log.appender.install.snapshot.enabled = false (custom)
2019-10-31 11:57:52,145 [pool-37-thread-1] INFO  impl.RaftServerImpl (ServerState.java:<init>(103)) - 354fb464-901d-4483-9688-530e748d6020@group-3619A596299B: ConfigurationManager, init=-1: [354fb464-901d-4483-9688-530e748d6020:192.168.157.202:45550], old=null, confs=<EMPTY_MAP>
2019-10-31 11:57:52,145 [pool-27-thread-1] INFO  impl.RaftServerImpl (ServerState.java:<init>(103)) - 46b0f7c0-f33a-43ec-b645-2252266d545c@group-53C16BAC7FD8: ConfigurationManager, init=-1: [46b0f7c0-f33a-43ec-b645-2252266d545c:192.168.157.202:36267], old=null, confs=<EMPTY_MAP>
2019-10-31 11:57:52,145 [pool-37-thread-1] INFO  server.RaftServerConfigKeys (ConfUtils.java:logGet(43)) - raft.server.storage.dir = [/workdir/hadoop-ozone/tools/target/test-dir/MiniOzoneClusterImpl-03cdfd41-b317-4d40-9cd5-ffdeafb88e39/datanode-1/data/ratis] (custom)
2019-10-31 11:57:52,145 [pool-27-thread-1] INFO  server.RaftServerConfigKeys (ConfUtils.java:logGet(43)) - raft.server.storage.dir = [/workdir/hadoop-ozone/tools/target/test-dir/MiniOzoneClusterImpl-03cdfd41-b317-4d40-9cd5-ffdeafb88e39/datanode-0/data/ratis] (custom)
2019-10-31 11:57:52,153 [pool-37-thread-1] INFO  server.RaftServerConfigKeys (ConfUtils.java:logGet(43)) - raft.server.log.corruption.policy = EXCEPTION (default)
2019-10-31 11:57:52,153 [pool-27-thread-1] INFO  server.RaftServerConfigKeys (ConfUtils.java:logGet(43)) - raft.server.log.corruption.policy = EXCEPTION (default)
2019-10-31 11:57:52,156 [pool-27-thread-1] INFO  storage.RaftStorageDirectory (RaftStorageDirectory.java:analyzeStorage(246)) - The storage directory /workdir/hadoop-ozone/tools/target/test-dir/MiniOzoneClusterImpl-03cdfd41-b317-4d40-9cd5-ffdeafb88e39/datanode-0/data/ratis/629da6de-745e-4c38-ae2e-53c16bac7fd8 does not exist. Creating ...
2019-10-31 11:57:52,156 [pool-37-thread-1] INFO  storage.RaftStorageDirectory (RaftStorageDirectory.java:analyzeStorage(246)) - The storage directory /workdir/hadoop-ozone/tools/target/test-dir/MiniOzoneClusterImpl-03cdfd41-b317-4d40-9cd5-ffdeafb88e39/datanode-1/data/ratis/5346f4d7-2039-4b95-9864-3619a596299b does not exist. Creating ...
2019-10-31 11:57:52,179 [pool-37-thread-1] INFO  storage.RaftStorageDirectory (RaftStorageDirectory.java:tryLock(328)) - Lock on /workdir/hadoop-ozone/tools/target/test-dir/MiniOzoneClusterImpl-03cdfd41-b317-4d40-9cd5-ffdeafb88e39/datanode-1/data/ratis/5346f4d7-2039-4b95-9864-3619a596299b/in_use.lock acquired by nodename 14399@pr-hdds-2034-79z24-2056997790
2019-10-31 11:57:52,179 [pool-27-thread-1] INFO  storage.RaftStorageDirectory (RaftStorageDirectory.java:tryLock(328)) - Lock on /workdir/hadoop-ozone/tools/target/test-dir/MiniOzoneClusterImpl-03cdfd41-b317-4d40-9cd5-ffdeafb88e39/datanode-0/data/ratis/629da6de-745e-4c38-ae2e-53c16bac7fd8/in_use.lock acquired by nodename 14399@pr-hdds-2034-79z24-2056997790
2019-10-31 11:57:52,198 [pool-27-thread-1] INFO  storage.RaftStorage (RaftStorage.java:format(84)) - Storage directory /workdir/hadoop-ozone/tools/target/test-dir/MiniOzoneClusterImpl-03cdfd41-b317-4d40-9cd5-ffdeafb88e39/datanode-0/data/ratis/629da6de-745e-4c38-ae2e-53c16bac7fd8 has been successfully formatted.
2019-10-31 11:57:52,198 [pool-37-thread-1] INFO  storage.RaftStorage (RaftStorage.java:format(84)) - Storage directory /workdir/hadoop-ozone/tools/target/test-dir/MiniOzoneClusterImpl-03cdfd41-b317-4d40-9cd5-ffdeafb88e39/datanode-1/data/ratis/5346f4d7-2039-4b95-9864-3619a596299b has been successfully formatted.
2019-10-31 11:57:52,201 [pool-27-thread-1] INFO  ratis.ContainerStateMachine (ContainerStateMachine.java:loadSnapshot(231)) - group-53C16BAC7FD8: The snapshot info is null. Setting the last applied indexto:(t:0, i:~)
2019-10-31 11:57:52,201 [pool-37-thread-1] INFO  ratis.ContainerStateMachine (ContainerStateMachine.java:loadSnapshot(231)) - group-3619A596299B: The snapshot info is null. Setting the last applied indexto:(t:0, i:~)
2019-10-31 11:57:52,202 [pool-27-thread-1] INFO  server.RaftServerConfigKeys (ConfUtils.java:logGet(43)) - raft.server.notification.no-leader.timeout = 120s (custom)
2019-10-31 11:57:52,203 [pool-37-thread-1] INFO  server.RaftServerConfigKeys (ConfUtils.java:logGet(43)) - raft.server.notification.no-leader.timeout = 120s (custom)
2019-10-31 11:57:52,205 [pool-27-thread-1] INFO  server.RaftServerConfigKeys (ConfUtils.java:logGet(43)) - raft.server.log.use.memory = false (default)
2019-10-31 11:57:52,206 [pool-37-thread-1] INFO  server.RaftServerConfigKeys (ConfUtils.java:logGet(43)) - raft.server.log.use.memory = false (default)
2019-10-31 11:57:52,211 [Command processor thread] INFO  impl.RaftServerProxy (RaftServerProxy.java:addNew(89)) - 7d605aae-0c54-4fed-b184-231d6db633e8: addNew group-1B1DDC29680D:[7d605aae-0c54-4fed-b184-231d6db633e8:192.168.157.202:43091] returns group-1B1DDC29680D:java.util.concurrent.CompletableFuture@17521d0b[Not completed]
2019-10-31 11:57:52,213 [pool-27-thread-1] INFO  server.RaftServerConfigKeys (ConfUtils.java:logGet(43)) - raft.server.log.purge.gap = 1000000 (custom)
2019-10-31 11:57:52,213 [pool-37-thread-1] INFO  server.RaftServerConfigKeys (ConfUtils.java:logGet(43)) - raft.server.log.purge.gap = 1000000 (custom)
2019-10-31 11:57:52,213 [pool-27-thread-1] INFO  server.RaftServerConfigKeys (ConfUtils.java:logGet(43)) - raft.server.log.appender.buffer.byte-limit = 33554432 (custom)
2019-10-31 11:57:52,214 [pool-37-thread-1] INFO  server.RaftServerConfigKeys (ConfUtils.java:logGet(43)) - raft.server.log.appender.buffer.byte-limit = 33554432 (custom)
2019-10-31 11:57:52,226 [main] INFO  ozone.MiniOzoneClusterImpl (MiniOzoneClusterImpl.java:lambda$waitForClusterToBeReady$0(149)) - Nodes are ready. Got 3 of 3 DN Heartbeats.
2019-10-31 11:57:52,228 [main] INFO  ozone.MiniOzoneClusterImpl (MiniOzoneClusterImpl.java:lambda$waitForClusterToBeReady$0(152)) - Waiting for cluster to exit safe mode
2019-10-31 11:57:52,229 [pool-47-thread-1] INFO  impl.RaftServerImpl (RaftServerImpl.java:<init>(98)) - 7d605aae-0c54-4fed-b184-231d6db633e8: new RaftServerImpl for group-1B1DDC29680D:[7d605aae-0c54-4fed-b184-231d6db633e8:192.168.157.202:43091] with ContainerStateMachine:uninitialized
2019-10-31 11:57:52,230 [pool-47-thread-1] INFO  server.RaftServerConfigKeys (ConfUtils.java:logGet(43)) - raft.server.rpc.timeout.min = 5s (custom)
2019-10-31 11:57:52,230 [pool-47-thread-1] INFO  server.RaftServerConfigKeys (ConfUtils.java:logGet(43)) - raft.server.rpc.timeout.max = 5200ms (custom)
2019-10-31 11:57:52,231 [pool-47-thread-1] INFO  server.RaftServerConfigKeys (ConfUtils.java:logGet(43)) - raft.server.rpcslowness.timeout = 120s (custom)
2019-10-31 11:57:52,231 [pool-47-thread-1] INFO  server.RaftServerConfigKeys (ConfUtils.java:logGet(43)) - raft.server.sleep.deviation.threshold = 300 (default)
2019-10-31 11:57:52,231 [pool-27-thread-1] INFO  server.RaftServerConfigKeys (ConfUtils.java:logGet(43)) - raft.server.log.segment.size.max = 1048576 (custom)
2019-10-31 11:57:52,231 [pool-47-thread-1] INFO  server.RaftServerConfigKeys (ConfUtils.java:logGet(43)) - raft.server.log.appender.install.snapshot.enabled = false (custom)
2019-10-31 11:57:52,231 [pool-37-thread-1] INFO  server.RaftServerConfigKeys (ConfUtils.java:logGet(43)) - raft.server.log.segment.size.max = 1048576 (custom)
2019-10-31 11:57:52,231 [pool-47-thread-1] INFO  impl.RaftServerImpl (ServerState.java:<init>(103)) - 7d605aae-0c54-4fed-b184-231d6db633e8@group-1B1DDC29680D: ConfigurationManager, init=-1: [7d605aae-0c54-4fed-b184-231d6db633e8:192.168.157.202:43091], old=null, confs=<EMPTY_MAP>
2019-10-31 11:57:52,232 [pool-47-thread-1] INFO  server.RaftServerConfigKeys (ConfUtils.java:logGet(43)) - raft.server.storage.dir = [/workdir/hadoop-ozone/tools/target/test-dir/MiniOzoneClusterImpl-03cdfd41-b317-4d40-9cd5-ffdeafb88e39/datanode-2/data/ratis] (custom)
2019-10-31 11:57:52,232 [pool-47-thread-1] INFO  server.RaftServerConfigKeys (ConfUtils.java:logGet(43)) - raft.server.log.corruption.policy = EXCEPTION (default)
2019-10-31 11:57:52,233 [pool-47-thread-1] INFO  storage.RaftStorageDirectory (RaftStorageDirectory.java:analyzeStorage(246)) - The storage directory /workdir/hadoop-ozone/tools/target/test-dir/MiniOzoneClusterImpl-03cdfd41-b317-4d40-9cd5-ffdeafb88e39/datanode-2/data/ratis/d0fe96ce-ef45-45cb-bb61-1b1ddc29680d does not exist. Creating ...
2019-10-31 11:57:52,237 [pool-27-thread-1] INFO  metrics.MetricRegistries (MetricRegistriesLoader.java:load(64)) - Loaded MetricRegistries class org.apache.ratis.metrics.impl.MetricRegistriesImpl
2019-10-31 11:57:52,242 [pool-27-thread-1] WARN  impl.MetricRegistriesImpl (MetricRegistriesImpl.java:lambda$create$1(61)) - First MetricRegistry has been created without registering reporters. You may need to call MetricRegistries.global().addReportRegistration(...) before.
2019-10-31 11:57:52,242 [pool-37-thread-1] WARN  impl.MetricRegistriesImpl (MetricRegistriesImpl.java:lambda$create$1(61)) - First MetricRegistry has been created without registering reporters. You may need to call MetricRegistries.global().addReportRegistration(...) before.
2019-10-31 11:57:52,246 [pool-47-thread-1] INFO  storage.RaftStorageDirectory (RaftStorageDirectory.java:tryLock(328)) - Lock on /workdir/hadoop-ozone/tools/target/test-dir/MiniOzoneClusterImpl-03cdfd41-b317-4d40-9cd5-ffdeafb88e39/datanode-2/data/ratis/d0fe96ce-ef45-45cb-bb61-1b1ddc29680d/in_use.lock acquired by nodename 14399@pr-hdds-2034-79z24-2056997790
2019-10-31 11:57:52,249 [pool-27-thread-1] INFO  server.RaftServerConfigKeys (ConfUtils.java:logGet(43)) - raft.server.log.segment.cache.num.max = 2 (custom)
2019-10-31 11:57:52,249 [pool-37-thread-1] INFO  server.RaftServerConfigKeys (ConfUtils.java:logGet(43)) - raft.server.log.segment.cache.num.max = 2 (custom)
2019-10-31 11:57:52,259 [pool-37-thread-1] INFO  segmented.SegmentedRaftLogWorker (SegmentedRaftLogWorker.java:<init>(173)) - new 354fb464-901d-4483-9688-530e748d6020@group-3619A596299B-SegmentedRaftLogWorker for RaftStorage:Storage Directory /workdir/hadoop-ozone/tools/target/test-dir/MiniOzoneClusterImpl-03cdfd41-b317-4d40-9cd5-ffdeafb88e39/datanode-1/data/ratis/5346f4d7-2039-4b95-9864-3619a596299b
2019-10-31 11:57:52,263 [pool-47-thread-1] INFO  storage.RaftStorage (RaftStorage.java:format(84)) - Storage directory /workdir/hadoop-ozone/tools/target/test-dir/MiniOzoneClusterImpl-03cdfd41-b317-4d40-9cd5-ffdeafb88e39/datanode-2/data/ratis/d0fe96ce-ef45-45cb-bb61-1b1ddc29680d has been successfully formatted.
2019-10-31 11:57:52,259 [pool-27-thread-1] INFO  segmented.SegmentedRaftLogWorker (SegmentedRaftLogWorker.java:<init>(173)) - new 46b0f7c0-f33a-43ec-b645-2252266d545c@group-53C16BAC7FD8-SegmentedRaftLogWorker for RaftStorage:Storage Directory /workdir/hadoop-ozone/tools/target/test-dir/MiniOzoneClusterImpl-03cdfd41-b317-4d40-9cd5-ffdeafb88e39/datanode-0/data/ratis/629da6de-745e-4c38-ae2e-53c16bac7fd8
2019-10-31 11:57:52,264 [pool-27-thread-1] INFO  server.RaftServerConfigKeys (ConfUtils.java:logGet(43)) - raft.server.log.queue.byte-limit = 2147483647 (custom)
2019-10-31 11:57:52,264 [pool-37-thread-1] INFO  server.RaftServerConfigKeys (ConfUtils.java:logGet(43)) - raft.server.log.queue.byte-limit = 2147483647 (custom)
2019-10-31 11:57:52,265 [pool-47-thread-1] INFO  ratis.ContainerStateMachine (ContainerStateMachine.java:loadSnapshot(231)) - group-1B1DDC29680D: The snapshot info is null. Setting the last applied indexto:(t:0, i:~)
2019-10-31 11:57:52,265 [pool-27-thread-1] INFO  server.RaftServerConfigKeys (ConfUtils.java:logGet(43)) - raft.server.log.queue.element-limit = 1024 (custom)
2019-10-31 11:57:52,265 [pool-47-thread-1] INFO  server.RaftServerConfigKeys (ConfUtils.java:logGet(43)) - raft.server.notification.no-leader.timeout = 120s (custom)
2019-10-31 11:57:52,265 [pool-37-thread-1] INFO  server.RaftServerConfigKeys (ConfUtils.java:logGet(43)) - raft.server.log.queue.element-limit = 1024 (custom)
2019-10-31 11:57:52,265 [pool-47-thread-1] INFO  server.RaftServerConfigKeys (ConfUtils.java:logGet(43)) - raft.server.log.use.memory = false (default)
2019-10-31 11:57:52,266 [pool-47-thread-1] INFO  server.RaftServerConfigKeys (ConfUtils.java:logGet(43)) - raft.server.log.purge.gap = 1000000 (custom)
2019-10-31 11:57:52,266 [pool-47-thread-1] INFO  server.RaftServerConfigKeys (ConfUtils.java:logGet(43)) - raft.server.log.appender.buffer.byte-limit = 33554432 (custom)
2019-10-31 11:57:52,266 [pool-47-thread-1] INFO  server.RaftServerConfigKeys (ConfUtils.java:logGet(43)) - raft.server.log.segment.size.max = 1048576 (custom)
2019-10-31 11:57:52,266 [pool-47-thread-1] WARN  impl.MetricRegistriesImpl (MetricRegistriesImpl.java:lambda$create$1(61)) - First MetricRegistry has been created without registering reporters. You may need to call MetricRegistries.global().addReportRegistration(...) before.
2019-10-31 11:57:52,266 [pool-37-thread-1] INFO  server.RaftServerConfigKeys (ConfUtils.java:logGet(43)) - raft.server.log.segment.size.max = 1048576 (custom)
2019-10-31 11:57:52,266 [pool-27-thread-1] INFO  server.RaftServerConfigKeys (ConfUtils.java:logGet(43)) - raft.server.log.segment.size.max = 1048576 (custom)
2019-10-31 11:57:52,267 [pool-47-thread-1] INFO  server.RaftServerConfigKeys (ConfUtils.java:logGet(43)) - raft.server.log.segment.cache.num.max = 2 (custom)
2019-10-31 11:57:52,267 [pool-47-thread-1] INFO  segmented.SegmentedRaftLogWorker (SegmentedRaftLogWorker.java:<init>(173)) - new 7d605aae-0c54-4fed-b184-231d6db633e8@group-1B1DDC29680D-SegmentedRaftLogWorker for RaftStorage:Storage Directory /workdir/hadoop-ozone/tools/target/test-dir/MiniOzoneClusterImpl-03cdfd41-b317-4d40-9cd5-ffdeafb88e39/datanode-2/data/ratis/d0fe96ce-ef45-45cb-bb61-1b1ddc29680d
2019-10-31 11:57:52,267 [pool-37-thread-1] INFO  server.RaftServerConfigKeys (ConfUtils.java:logGet(43)) - raft.server.log.preallocated.size = 16384 (custom)
2019-10-31 11:57:52,267 [pool-27-thread-1] INFO  server.RaftServerConfigKeys (ConfUtils.java:logGet(43)) - raft.server.log.preallocated.size = 16384 (custom)
2019-10-31 11:57:52,267 [pool-47-thread-1] INFO  server.RaftServerConfigKeys (ConfUtils.java:logGet(43)) - raft.server.log.queue.byte-limit = 2147483647 (custom)
2019-10-31 11:57:52,268 [pool-47-thread-1] INFO  server.RaftServerConfigKeys (ConfUtils.java:logGet(43)) - raft.server.log.queue.element-limit = 1024 (custom)
2019-10-31 11:57:52,268 [pool-27-thread-1] INFO  server.RaftServerConfigKeys (ConfUtils.java:logGet(43)) - raft.server.log.write.buffer.size = 33554432 (custom)
2019-10-31 11:57:52,268 [pool-47-thread-1] INFO  server.RaftServerConfigKeys (ConfUtils.java:logGet(43)) - raft.server.log.segment.size.max = 1048576 (custom)
2019-10-31 11:57:52,268 [pool-37-thread-1] INFO  server.RaftServerConfigKeys (ConfUtils.java:logGet(43)) - raft.server.log.write.buffer.size = 33554432 (custom)
2019-10-31 11:57:52,268 [pool-47-thread-1] INFO  server.RaftServerConfigKeys (ConfUtils.java:logGet(43)) - raft.server.log.preallocated.size = 16384 (custom)
2019-10-31 11:57:52,268 [pool-27-thread-1] INFO  server.RaftServerConfigKeys (ConfUtils.java:logGet(43)) - raft.server.log.force.sync.num = 128 (default)
2019-10-31 11:57:52,269 [pool-47-thread-1] INFO  server.RaftServerConfigKeys (ConfUtils.java:logGet(43)) - raft.server.log.write.buffer.size = 33554432 (custom)
2019-10-31 11:57:52,269 [pool-37-thread-1] INFO  server.RaftServerConfigKeys (ConfUtils.java:logGet(43)) - raft.server.log.force.sync.num = 128 (default)
2019-10-31 11:57:52,269 [pool-47-thread-1] INFO  server.RaftServerConfigKeys (ConfUtils.java:logGet(43)) - raft.server.log.force.sync.num = 128 (default)
2019-10-31 11:57:52,270 [pool-27-thread-1] INFO  server.RaftServerConfigKeys (ConfUtils.java:logGet(43)) - raft.server.log.statemachine.data.sync = true (default)
2019-10-31 11:57:52,270 [pool-37-thread-1] INFO  server.RaftServerConfigKeys (ConfUtils.java:logGet(43)) - raft.server.log.statemachine.data.sync = true (default)
2019-10-31 11:57:52,270 [pool-47-thread-1] INFO  server.RaftServerConfigKeys (ConfUtils.java:logGet(43)) - raft.server.log.statemachine.data.sync = true (default)
2019-10-31 11:57:52,270 [pool-27-thread-1] INFO  server.RaftServerConfigKeys (ConfUtils.java:logGet(43)) - raft.server.log.statemachine.data.sync.timeout = 10s (default)
2019-10-31 11:57:52,270 [pool-47-thread-1] INFO  server.RaftServerConfigKeys (ConfUtils.java:logGet(43)) - raft.server.log.statemachine.data.sync.timeout = 10s (default)
2019-10-31 11:57:52,270 [pool-37-thread-1] INFO  server.RaftServerConfigKeys (ConfUtils.java:logGet(43)) - raft.server.log.statemachine.data.sync.timeout = 10s (default)
2019-10-31 11:57:52,271 [pool-27-thread-1] INFO  server.RaftServerConfigKeys (ConfUtils.java:logGet(43)) - raft.server.log.statemachine.data.sync.timeout.retry = -1 (default)
2019-10-31 11:57:52,271 [pool-47-thread-1] INFO  server.RaftServerConfigKeys (ConfUtils.java:logGet(43)) - raft.server.log.statemachine.data.sync.timeout.retry = -1 (default)
2019-10-31 11:57:52,271 [pool-37-thread-1] INFO  server.RaftServerConfigKeys (ConfUtils.java:logGet(43)) - raft.server.log.statemachine.data.sync.timeout.retry = -1 (default)
2019-10-31 11:57:52,285 [pool-27-thread-1] INFO  server.RaftServerConfigKeys (ConfUtils.java:logGet(43)) - raft.server.log.statemachine.data.caching.enabled = true (custom)
2019-10-31 11:57:52,285 [pool-37-thread-1] INFO  server.RaftServerConfigKeys (ConfUtils.java:logGet(43)) - raft.server.log.statemachine.data.caching.enabled = true (custom)
2019-10-31 11:57:52,285 [pool-47-thread-1] INFO  server.RaftServerConfigKeys (ConfUtils.java:logGet(43)) - raft.server.log.statemachine.data.caching.enabled = true (custom)
2019-10-31 11:57:52,292 [pool-27-thread-1] INFO  segmented.SegmentedRaftLogWorker (SegmentedRaftLogWorker.java:lambda$new$0(128)) - 46b0f7c0-f33a-43ec-b645-2252266d545c@group-53C16BAC7FD8-SegmentedRaftLogWorker: flushIndex: setUnconditionally 0 -> -1
2019-10-31 11:57:52,293 [pool-37-thread-1] INFO  segmented.SegmentedRaftLogWorker (SegmentedRaftLogWorker.java:lambda$new$0(128)) - 354fb464-901d-4483-9688-530e748d6020@group-3619A596299B-SegmentedRaftLogWorker: flushIndex: setUnconditionally 0 -> -1
2019-10-31 11:57:52,293 [pool-47-thread-1] INFO  segmented.SegmentedRaftLogWorker (SegmentedRaftLogWorker.java:lambda$new$0(128)) - 7d605aae-0c54-4fed-b184-231d6db633e8@group-1B1DDC29680D-SegmentedRaftLogWorker: flushIndex: setUnconditionally 0 -> -1
2019-10-31 11:57:52,297 [pool-27-thread-1] INFO  server.RaftServerConfigKeys (ConfUtils.java:logGet(43)) - raft.server.snapshot.auto.trigger.enabled = true (custom)
2019-10-31 11:57:52,297 [pool-37-thread-1] INFO  server.RaftServerConfigKeys (ConfUtils.java:logGet(43)) - raft.server.snapshot.auto.trigger.enabled = true (custom)
2019-10-31 11:57:52,297 [pool-47-thread-1] INFO  server.RaftServerConfigKeys (ConfUtils.java:logGet(43)) - raft.server.snapshot.auto.trigger.enabled = true (custom)
2019-10-31 11:57:52,298 [pool-37-thread-1] INFO  server.RaftServerConfigKeys (ConfUtils.java:logGet(43)) - raft.server.snapshot.auto.trigger.threshold = 10000 (custom)
2019-10-31 11:57:52,298 [pool-27-thread-1] INFO  server.RaftServerConfigKeys (ConfUtils.java:logGet(43)) - raft.server.snapshot.auto.trigger.threshold = 10000 (custom)
2019-10-31 11:57:52,299 [pool-47-thread-1] INFO  server.RaftServerConfigKeys (ConfUtils.java:logGet(43)) - raft.server.snapshot.auto.trigger.threshold = 10000 (custom)
2019-10-31 11:57:52,299 [pool-27-thread-1] INFO  server.RaftServerConfigKeys (ConfUtils.java:logGet(43)) - raft.server.snapshot.retention.file.num = 5 (custom)
2019-10-31 11:57:52,299 [pool-37-thread-1] INFO  server.RaftServerConfigKeys (ConfUtils.java:logGet(43)) - raft.server.snapshot.retention.file.num = 5 (custom)
2019-10-31 11:57:52,299 [pool-47-thread-1] INFO  server.RaftServerConfigKeys (ConfUtils.java:logGet(43)) - raft.server.snapshot.retention.file.num = 5 (custom)
2019-10-31 11:57:52,300 [pool-27-thread-1] INFO  server.RaftServerConfigKeys (ConfUtils.java:logGet(43)) - raft.server.retrycache.expirytime = 600000ms (custom)
2019-10-31 11:57:52,300 [pool-47-thread-1] INFO  server.RaftServerConfigKeys (ConfUtils.java:logGet(43)) - raft.server.retrycache.expirytime = 600000ms (custom)
2019-10-31 11:57:52,300 [pool-37-thread-1] INFO  server.RaftServerConfigKeys (ConfUtils.java:logGet(43)) - raft.server.retrycache.expirytime = 600000ms (custom)
2019-10-31 11:57:52,319 [pool-47-thread-1] WARN  impl.MetricRegistriesImpl (MetricRegistriesImpl.java:lambda$create$1(61)) - First MetricRegistry has been created without registering reporters. You may need to call MetricRegistries.global().addReportRegistration(...) before.
2019-10-31 11:57:52,319 [pool-37-thread-1] WARN  impl.MetricRegistriesImpl (MetricRegistriesImpl.java:lambda$create$1(61)) - First MetricRegistry has been created without registering reporters. You may need to call MetricRegistries.global().addReportRegistration(...) before.
2019-10-31 11:57:52,319 [pool-27-thread-1] WARN  impl.MetricRegistriesImpl (MetricRegistriesImpl.java:lambda$create$1(61)) - First MetricRegistry has been created without registering reporters. You may need to call MetricRegistries.global().addReportRegistration(...) before.
2019-10-31 11:57:52,321 [pool-27-thread-1] WARN  impl.MetricRegistriesImpl (MetricRegistriesImpl.java:lambda$create$1(61)) - First MetricRegistry has been created without registering reporters. You may need to call MetricRegistries.global().addReportRegistration(...) before.
2019-10-31 11:57:52,321 [pool-47-thread-1] WARN  impl.MetricRegistriesImpl (MetricRegistriesImpl.java:lambda$create$1(61)) - First MetricRegistry has been created without registering reporters. You may need to call MetricRegistries.global().addReportRegistration(...) before.
2019-10-31 11:57:52,321 [pool-37-thread-1] WARN  impl.MetricRegistriesImpl (MetricRegistriesImpl.java:lambda$create$1(61)) - First MetricRegistry has been created without registering reporters. You may need to call MetricRegistries.global().addReportRegistration(...) before.
2019-10-31 11:57:52,323 [pool-27-thread-1] INFO  impl.RaftServerImpl (RaftServerImpl.java:start(184)) - 46b0f7c0-f33a-43ec-b645-2252266d545c@group-53C16BAC7FD8: start as a follower, conf=-1: [46b0f7c0-f33a-43ec-b645-2252266d545c:192.168.157.202:36267], old=null
2019-10-31 11:57:52,323 [pool-47-thread-1] INFO  impl.RaftServerImpl (RaftServerImpl.java:start(184)) - 7d605aae-0c54-4fed-b184-231d6db633e8@group-1B1DDC29680D: start as a follower, conf=-1: [7d605aae-0c54-4fed-b184-231d6db633e8:192.168.157.202:43091], old=null
2019-10-31 11:57:52,323 [pool-37-thread-1] INFO  impl.RaftServerImpl (RaftServerImpl.java:start(184)) - 354fb464-901d-4483-9688-530e748d6020@group-3619A596299B: start as a follower, conf=-1: [354fb464-901d-4483-9688-530e748d6020:192.168.157.202:45550], old=null
2019-10-31 11:57:52,325 [pool-27-thread-1] INFO  impl.RaftServerImpl (RaftServerImpl.java:setRole(173)) - 46b0f7c0-f33a-43ec-b645-2252266d545c@group-53C16BAC7FD8: changes role from      null to FOLLOWER at term 0 for startAsFollower
2019-10-31 11:57:52,325 [pool-47-thread-1] INFO  impl.RaftServerImpl (RaftServerImpl.java:setRole(173)) - 7d605aae-0c54-4fed-b184-231d6db633e8@group-1B1DDC29680D: changes role from      null to FOLLOWER at term 0 for startAsFollower
2019-10-31 11:57:52,325 [pool-37-thread-1] INFO  impl.RaftServerImpl (RaftServerImpl.java:setRole(173)) - 354fb464-901d-4483-9688-530e748d6020@group-3619A596299B: changes role from      null to FOLLOWER at term 0 for startAsFollower
2019-10-31 11:57:52,326 [pool-27-thread-1] INFO  impl.RoleInfo (RoleInfo.java:updateAndGet(143)) - 46b0f7c0-f33a-43ec-b645-2252266d545c: start FollowerState
2019-10-31 11:57:52,326 [pool-37-thread-1] INFO  impl.RoleInfo (RoleInfo.java:updateAndGet(143)) - 354fb464-901d-4483-9688-530e748d6020: start FollowerState
2019-10-31 11:57:52,326 [pool-47-thread-1] INFO  impl.RoleInfo (RoleInfo.java:updateAndGet(143)) - 7d605aae-0c54-4fed-b184-231d6db633e8: start FollowerState
2019-10-31 11:57:52,330 [pool-27-thread-1] INFO  util.JmxRegister (JmxRegister.java:tryRegister(44)) - Successfully registered JMX Bean with object name Ratis:service=RaftServer,group=group-53C16BAC7FD8,id=46b0f7c0-f33a-43ec-b645-2252266d545c
2019-10-31 11:57:52,330 [pool-37-thread-1] INFO  util.JmxRegister (JmxRegister.java:tryRegister(44)) - Successfully registered JMX Bean with object name Ratis:service=RaftServer,group=group-3619A596299B,id=354fb464-901d-4483-9688-530e748d6020
2019-10-31 11:57:52,330 [pool-47-thread-1] INFO  util.JmxRegister (JmxRegister.java:tryRegister(44)) - Successfully registered JMX Bean with object name Ratis:service=RaftServer,group=group-1B1DDC29680D,id=7d605aae-0c54-4fed-b184-231d6db633e8
2019-10-31 11:57:52,334 [pool-27-thread-1] WARN  impl.MetricRegistriesImpl (MetricRegistriesImpl.java:lambda$create$1(61)) - First MetricRegistry has been created without registering reporters. You may need to call MetricRegistries.global().addReportRegistration(...) before.
2019-10-31 11:57:52,334 [pool-37-thread-1] WARN  impl.MetricRegistriesImpl (MetricRegistriesImpl.java:lambda$create$1(61)) - First MetricRegistry has been created without registering reporters. You may need to call MetricRegistries.global().addReportRegistration(...) before.
2019-10-31 11:57:52,334 [pool-47-thread-1] WARN  impl.MetricRegistriesImpl (MetricRegistriesImpl.java:lambda$create$1(61)) - First MetricRegistry has been created without registering reporters. You may need to call MetricRegistries.global().addReportRegistration(...) before.
2019-10-31 11:57:52,349 [Command processor thread] INFO  commandhandler.CreatePipelineCommandHandler (CreatePipelineCommandHandler.java:handle(86)) - Create Pipeline RATIS ONE #id: "d0fe96ce-ef45-45cb-bb61-1b1ddc29680d"
 command succeed on datanode 7d605aae-0c54-4fed-b184-231d6db633e8.
2019-10-31 11:57:52,349 [Command processor thread] INFO  commandhandler.CreatePipelineCommandHandler (CreatePipelineCommandHandler.java:handle(86)) - Create Pipeline RATIS ONE #id: "629da6de-745e-4c38-ae2e-53c16bac7fd8"
 command succeed on datanode 46b0f7c0-f33a-43ec-b645-2252266d545c.
2019-10-31 11:57:52,349 [Command processor thread] INFO  commandhandler.CreatePipelineCommandHandler (CreatePipelineCommandHandler.java:handle(86)) - Create Pipeline RATIS ONE #id: "5346f4d7-2039-4b95-9864-3619a596299b"
 command succeed on datanode 354fb464-901d-4483-9688-530e748d6020.
2019-10-31 11:57:52,357 [Command processor thread] INFO  impl.RaftServerProxy (RaftServerProxy.java:addNew(89)) - 354fb464-901d-4483-9688-530e748d6020: addNew group-55A4E0F85336:[7d605aae-0c54-4fed-b184-231d6db633e8:192.168.157.202:43091, 354fb464-901d-4483-9688-530e748d6020:192.168.157.202:45550, 46b0f7c0-f33a-43ec-b645-2252266d545c:192.168.157.202:36267] returns group-55A4E0F85336:java.util.concurrent.CompletableFuture@5c50fd3b[Not completed]
2019-10-31 11:57:52,357 [Command processor thread] INFO  impl.RaftServerProxy (RaftServerProxy.java:addNew(89)) - 46b0f7c0-f33a-43ec-b645-2252266d545c: addNew group-55A4E0F85336:[7d605aae-0c54-4fed-b184-231d6db633e8:192.168.157.202:43091, 354fb464-901d-4483-9688-530e748d6020:192.168.157.202:45550, 46b0f7c0-f33a-43ec-b645-2252266d545c:192.168.157.202:36267] returns group-55A4E0F85336:java.util.concurrent.CompletableFuture@76271e58[Not completed]
2019-10-31 11:57:52,357 [Command processor thread] INFO  impl.RaftServerProxy (RaftServerProxy.java:addNew(89)) - 7d605aae-0c54-4fed-b184-231d6db633e8: addNew group-55A4E0F85336:[7d605aae-0c54-4fed-b184-231d6db633e8:192.168.157.202:43091, 354fb464-901d-4483-9688-530e748d6020:192.168.157.202:45550, 46b0f7c0-f33a-43ec-b645-2252266d545c:192.168.157.202:36267] returns group-55A4E0F85336:java.util.concurrent.CompletableFuture@18b8bacf[Not completed]
2019-10-31 11:57:52,361 [pool-27-thread-1] INFO  impl.RaftServerImpl (RaftServerImpl.java:<init>(98)) - 46b0f7c0-f33a-43ec-b645-2252266d545c: new RaftServerImpl for group-55A4E0F85336:[7d605aae-0c54-4fed-b184-231d6db633e8:192.168.157.202:43091, 354fb464-901d-4483-9688-530e748d6020:192.168.157.202:45550, 46b0f7c0-f33a-43ec-b645-2252266d545c:192.168.157.202:36267] with ContainerStateMachine:uninitialized
2019-10-31 11:57:52,362 [pool-27-thread-1] INFO  server.RaftServerConfigKeys (ConfUtils.java:logGet(43)) - raft.server.rpc.timeout.min = 5s (custom)
2019-10-31 11:57:52,362 [pool-27-thread-1] INFO  server.RaftServerConfigKeys (ConfUtils.java:logGet(43)) - raft.server.rpc.timeout.max = 5200ms (custom)
2019-10-31 11:57:52,362 [pool-27-thread-1] INFO  server.RaftServerConfigKeys (ConfUtils.java:logGet(43)) - raft.server.rpcslowness.timeout = 120s (custom)
2019-10-31 11:57:52,362 [pool-27-thread-1] INFO  server.RaftServerConfigKeys (ConfUtils.java:logGet(43)) - raft.server.sleep.deviation.threshold = 300 (default)
2019-10-31 11:57:52,362 [pool-27-thread-1] INFO  server.RaftServerConfigKeys (ConfUtils.java:logGet(43)) - raft.server.log.appender.install.snapshot.enabled = false (custom)
2019-10-31 11:57:52,362 [pool-27-thread-1] INFO  impl.RaftServerImpl (ServerState.java:<init>(103)) - 46b0f7c0-f33a-43ec-b645-2252266d545c@group-55A4E0F85336: ConfigurationManager, init=-1: [7d605aae-0c54-4fed-b184-231d6db633e8:192.168.157.202:43091, 354fb464-901d-4483-9688-530e748d6020:192.168.157.202:45550, 46b0f7c0-f33a-43ec-b645-2252266d545c:192.168.157.202:36267], old=null, confs=<EMPTY_MAP>
2019-10-31 11:57:52,363 [pool-27-thread-1] INFO  server.RaftServerConfigKeys (ConfUtils.java:logGet(43)) - raft.server.storage.dir = [/workdir/hadoop-ozone/tools/target/test-dir/MiniOzoneClusterImpl-03cdfd41-b317-4d40-9cd5-ffdeafb88e39/datanode-0/data/ratis] (custom)
2019-10-31 11:57:52,363 [pool-27-thread-1] INFO  server.RaftServerConfigKeys (ConfUtils.java:logGet(43)) - raft.server.log.corruption.policy = EXCEPTION (default)
2019-10-31 11:57:52,363 [pool-47-thread-1] INFO  impl.RaftServerImpl (RaftServerImpl.java:<init>(98)) - 7d605aae-0c54-4fed-b184-231d6db633e8: new RaftServerImpl for group-55A4E0F85336:[7d605aae-0c54-4fed-b184-231d6db633e8:192.168.157.202:43091, 354fb464-901d-4483-9688-530e748d6020:192.168.157.202:45550, 46b0f7c0-f33a-43ec-b645-2252266d545c:192.168.157.202:36267] with ContainerStateMachine:uninitialized
2019-10-31 11:57:52,363 [pool-27-thread-1] INFO  storage.RaftStorageDirectory (RaftStorageDirectory.java:analyzeStorage(246)) - The storage directory /workdir/hadoop-ozone/tools/target/test-dir/MiniOzoneClusterImpl-03cdfd41-b317-4d40-9cd5-ffdeafb88e39/datanode-0/data/ratis/a1a9454e-bf40-4a8e-a203-55a4e0f85336 does not exist. Creating ...
2019-10-31 11:57:52,363 [pool-47-thread-1] INFO  server.RaftServerConfigKeys (ConfUtils.java:logGet(43)) - raft.server.rpc.timeout.min = 5s (custom)
2019-10-31 11:57:52,363 [pool-47-thread-1] INFO  server.RaftServerConfigKeys (ConfUtils.java:logGet(43)) - raft.server.rpc.timeout.max = 5200ms (custom)
2019-10-31 11:57:52,364 [pool-47-thread-1] INFO  server.RaftServerConfigKeys (ConfUtils.java:logGet(43)) - raft.server.rpcslowness.timeout = 120s (custom)
2019-10-31 11:57:52,364 [pool-47-thread-1] INFO  server.RaftServerConfigKeys (ConfUtils.java:logGet(43)) - raft.server.sleep.deviation.threshold = 300 (default)
2019-10-31 11:57:52,364 [pool-47-thread-1] INFO  server.RaftServerConfigKeys (ConfUtils.java:logGet(43)) - raft.server.log.appender.install.snapshot.enabled = false (custom)
2019-10-31 11:57:52,364 [pool-47-thread-1] INFO  impl.RaftServerImpl (ServerState.java:<init>(103)) - 7d605aae-0c54-4fed-b184-231d6db633e8@group-55A4E0F85336: ConfigurationManager, init=-1: [7d605aae-0c54-4fed-b184-231d6db633e8:192.168.157.202:43091, 354fb464-901d-4483-9688-530e748d6020:192.168.157.202:45550, 46b0f7c0-f33a-43ec-b645-2252266d545c:192.168.157.202:36267], old=null, confs=<EMPTY_MAP>
2019-10-31 11:57:52,364 [pool-37-thread-1] INFO  impl.RaftServerImpl (RaftServerImpl.java:<init>(98)) - 354fb464-901d-4483-9688-530e748d6020: new RaftServerImpl for group-55A4E0F85336:[7d605aae-0c54-4fed-b184-231d6db633e8:192.168.157.202:43091, 354fb464-901d-4483-9688-530e748d6020:192.168.157.202:45550, 46b0f7c0-f33a-43ec-b645-2252266d545c:192.168.157.202:36267] with ContainerStateMachine:uninitialized
2019-10-31 11:57:52,364 [pool-47-thread-1] INFO  server.RaftServerConfigKeys (ConfUtils.java:logGet(43)) - raft.server.storage.dir = [/workdir/hadoop-ozone/tools/target/test-dir/MiniOzoneClusterImpl-03cdfd41-b317-4d40-9cd5-ffdeafb88e39/datanode-2/data/ratis] (custom)
2019-10-31 11:57:52,365 [pool-37-thread-1] INFO  server.RaftServerConfigKeys (ConfUtils.java:logGet(43)) - raft.server.rpc.timeout.min = 5s (custom)
2019-10-31 11:57:52,365 [pool-47-thread-1] INFO  server.RaftServerConfigKeys (ConfUtils.java:logGet(43)) - raft.server.log.corruption.policy = EXCEPTION (default)
2019-10-31 11:57:52,365 [pool-37-thread-1] INFO  server.RaftServerConfigKeys (ConfUtils.java:logGet(43)) - raft.server.rpc.timeout.max = 5200ms (custom)
2019-10-31 11:57:52,365 [pool-47-thread-1] INFO  storage.RaftStorageDirectory (RaftStorageDirectory.java:analyzeStorage(246)) - The storage directory /workdir/hadoop-ozone/tools/target/test-dir/MiniOzoneClusterImpl-03cdfd41-b317-4d40-9cd5-ffdeafb88e39/datanode-2/data/ratis/a1a9454e-bf40-4a8e-a203-55a4e0f85336 does not exist. Creating ...
2019-10-31 11:57:52,365 [pool-37-thread-1] INFO  server.RaftServerConfigKeys (ConfUtils.java:logGet(43)) - raft.server.rpcslowness.timeout = 120s (custom)
2019-10-31 11:57:52,366 [pool-37-thread-1] INFO  server.RaftServerConfigKeys (ConfUtils.java:logGet(43)) - raft.server.sleep.deviation.threshold = 300 (default)
2019-10-31 11:57:52,366 [pool-37-thread-1] INFO  server.RaftServerConfigKeys (ConfUtils.java:logGet(43)) - raft.server.log.appender.install.snapshot.enabled = false (custom)
2019-10-31 11:57:52,366 [pool-37-thread-1] INFO  impl.RaftServerImpl (ServerState.java:<init>(103)) - 354fb464-901d-4483-9688-530e748d6020@group-55A4E0F85336: ConfigurationManager, init=-1: [7d605aae-0c54-4fed-b184-231d6db633e8:192.168.157.202:43091, 354fb464-901d-4483-9688-530e748d6020:192.168.157.202:45550, 46b0f7c0-f33a-43ec-b645-2252266d545c:192.168.157.202:36267], old=null, confs=<EMPTY_MAP>
2019-10-31 11:57:52,366 [pool-37-thread-1] INFO  server.RaftServerConfigKeys (ConfUtils.java:logGet(43)) - raft.server.storage.dir = [/workdir/hadoop-ozone/tools/target/test-dir/MiniOzoneClusterImpl-03cdfd41-b317-4d40-9cd5-ffdeafb88e39/datanode-1/data/ratis] (custom)
2019-10-31 11:57:52,366 [pool-37-thread-1] INFO  server.RaftServerConfigKeys (ConfUtils.java:logGet(43)) - raft.server.log.corruption.policy = EXCEPTION (default)
2019-10-31 11:57:52,367 [pool-37-thread-1] INFO  storage.RaftStorageDirectory (RaftStorageDirectory.java:analyzeStorage(246)) - The storage directory /workdir/hadoop-ozone/tools/target/test-dir/MiniOzoneClusterImpl-03cdfd41-b317-4d40-9cd5-ffdeafb88e39/datanode-1/data/ratis/a1a9454e-bf40-4a8e-a203-55a4e0f85336 does not exist. Creating ...
2019-10-31 11:57:52,377 [pool-37-thread-1] INFO  storage.RaftStorageDirectory (RaftStorageDirectory.java:tryLock(328)) - Lock on /workdir/hadoop-ozone/tools/target/test-dir/MiniOzoneClusterImpl-03cdfd41-b317-4d40-9cd5-ffdeafb88e39/datanode-1/data/ratis/a1a9454e-bf40-4a8e-a203-55a4e0f85336/in_use.lock acquired by nodename 14399@pr-hdds-2034-79z24-2056997790
2019-10-31 11:57:52,378 [pool-47-thread-1] INFO  storage.RaftStorageDirectory (RaftStorageDirectory.java:tryLock(328)) - Lock on /workdir/hadoop-ozone/tools/target/test-dir/MiniOzoneClusterImpl-03cdfd41-b317-4d40-9cd5-ffdeafb88e39/datanode-2/data/ratis/a1a9454e-bf40-4a8e-a203-55a4e0f85336/in_use.lock acquired by nodename 14399@pr-hdds-2034-79z24-2056997790
2019-10-31 11:57:52,377 [pool-27-thread-1] INFO  storage.RaftStorageDirectory (RaftStorageDirectory.java:tryLock(328)) - Lock on /workdir/hadoop-ozone/tools/target/test-dir/MiniOzoneClusterImpl-03cdfd41-b317-4d40-9cd5-ffdeafb88e39/datanode-0/data/ratis/a1a9454e-bf40-4a8e-a203-55a4e0f85336/in_use.lock acquired by nodename 14399@pr-hdds-2034-79z24-2056997790
2019-10-31 11:57:52,381 [EventQueue-PipelineReportForPipelineReportHandler] INFO  pipeline.PipelineReportHandler (PipelineReportHandler.java:processPipelineReport(104)) - Pipeline ONE PipelineID=d0fe96ce-ef45-45cb-bb61-1b1ddc29680d reported by 7d605aae-0c54-4fed-b184-231d6db633e8{ip: 192.168.157.202, host: pr-hdds-2034-79z24-2056997790, networkLocation: /default-rack, certSerialId: null}
2019-10-31 11:57:52,382 [EventQueue-PipelineReportForPipelineReportHandler] INFO  pipeline.PipelineStateManager (PipelineStateManager.java:openPipeline(134)) - Pipeline Pipeline[ Id: d0fe96ce-ef45-45cb-bb61-1b1ddc29680d, Nodes: 7d605aae-0c54-4fed-b184-231d6db633e8{ip: 192.168.157.202, host: pr-hdds-2034-79z24-2056997790, networkLocation: /default-rack, certSerialId: null}, Type:RATIS, Factor:ONE, State:ALLOCATED] moved to OPEN state
2019-10-31 11:57:52,384 [EventQueue-OpenPipelineForHealthyPipelineSafeModeRule] INFO  safemode.SCMSafeModeManager (HealthyPipelineSafeModeRule.java:process(125)) - SCM in safe mode. Healthy pipelines reported count is 0, required healthy pipeline reported count is 1
2019-10-31 11:57:52,384 [EventQueue-PipelineReportForPipelineReportHandler] INFO  pipeline.PipelineReportHandler (PipelineReportHandler.java:processPipelineReport(104)) - Pipeline ONE PipelineID=5346f4d7-2039-4b95-9864-3619a596299b reported by 354fb464-901d-4483-9688-530e748d6020{ip: 192.168.157.202, host: pr-hdds-2034-79z24-2056997790, networkLocation: /default-rack, certSerialId: null}
2019-10-31 11:57:52,384 [EventQueue-OpenPipelineForOneReplicaPipelineSafeModeRule] INFO  safemode.SCMSafeModeManager (SCMSafeModeManager.java:validateSafeModeExitRules(176)) - AtleastOneDatanodeReportedRule rule is successfully validated
2019-10-31 11:57:52,385 [EventQueue-PipelineReportForPipelineReportHandler] INFO  pipeline.PipelineStateManager (PipelineStateManager.java:openPipeline(134)) - Pipeline Pipeline[ Id: 5346f4d7-2039-4b95-9864-3619a596299b, Nodes: 354fb464-901d-4483-9688-530e748d6020{ip: 192.168.157.202, host: pr-hdds-2034-79z24-2056997790, networkLocation: /default-rack, certSerialId: null}, Type:RATIS, Factor:ONE, State:ALLOCATED] moved to OPEN state
2019-10-31 11:57:52,385 [EventQueue-OpenPipelineForHealthyPipelineSafeModeRule] INFO  safemode.SCMSafeModeManager (HealthyPipelineSafeModeRule.java:process(125)) - SCM in safe mode. Healthy pipelines reported count is 0, required healthy pipeline reported count is 1
2019-10-31 11:57:52,385 [EventQueue-PipelineReportForPipelineReportHandler] INFO  pipeline.PipelineReportHandler (PipelineReportHandler.java:processPipelineReport(104)) - Pipeline ONE PipelineID=629da6de-745e-4c38-ae2e-53c16bac7fd8 reported by 46b0f7c0-f33a-43ec-b645-2252266d545c{ip: 192.168.157.202, host: pr-hdds-2034-79z24-2056997790, networkLocation: /default-rack, certSerialId: null}
2019-10-31 11:57:52,385 [EventQueue-OpenPipelineForOneReplicaPipelineSafeModeRule] INFO  safemode.SCMSafeModeManager (SCMSafeModeManager.java:validateSafeModeExitRules(176)) - AtleastOneDatanodeReportedRule rule is successfully validated
2019-10-31 11:57:52,385 [EventQueue-PipelineReportForPipelineReportHandler] INFO  pipeline.PipelineStateManager (PipelineStateManager.java:openPipeline(134)) - Pipeline Pipeline[ Id: 629da6de-745e-4c38-ae2e-53c16bac7fd8, Nodes: 46b0f7c0-f33a-43ec-b645-2252266d545c{ip: 192.168.157.202, host: pr-hdds-2034-79z24-2056997790, networkLocation: /default-rack, certSerialId: null}, Type:RATIS, Factor:ONE, State:ALLOCATED] moved to OPEN state
2019-10-31 11:57:52,386 [EventQueue-OpenPipelineForHealthyPipelineSafeModeRule] INFO  safemode.SCMSafeModeManager (HealthyPipelineSafeModeRule.java:process(125)) - SCM in safe mode. Healthy pipelines reported count is 0, required healthy pipeline reported count is 1
2019-10-31 11:57:52,386 [EventQueue-OpenPipelineForOneReplicaPipelineSafeModeRule] INFO  safemode.SCMSafeModeManager (SCMSafeModeManager.java:validateSafeModeExitRules(176)) - AtleastOneDatanodeReportedRule rule is successfully validated
2019-10-31 11:57:52,393 [pool-27-thread-1] INFO  storage.RaftStorage (RaftStorage.java:format(84)) - Storage directory /workdir/hadoop-ozone/tools/target/test-dir/MiniOzoneClusterImpl-03cdfd41-b317-4d40-9cd5-ffdeafb88e39/datanode-0/data/ratis/a1a9454e-bf40-4a8e-a203-55a4e0f85336 has been successfully formatted.
2019-10-31 11:57:52,393 [pool-47-thread-1] INFO  storage.RaftStorage (RaftStorage.java:format(84)) - Storage directory /workdir/hadoop-ozone/tools/target/test-dir/MiniOzoneClusterImpl-03cdfd41-b317-4d40-9cd5-ffdeafb88e39/datanode-2/data/ratis/a1a9454e-bf40-4a8e-a203-55a4e0f85336 has been successfully formatted.
2019-10-31 11:57:52,393 [pool-37-thread-1] INFO  storage.RaftStorage (RaftStorage.java:format(84)) - Storage directory /workdir/hadoop-ozone/tools/target/test-dir/MiniOzoneClusterImpl-03cdfd41-b317-4d40-9cd5-ffdeafb88e39/datanode-1/data/ratis/a1a9454e-bf40-4a8e-a203-55a4e0f85336 has been successfully formatted.
2019-10-31 11:57:52,393 [pool-27-thread-1] INFO  ratis.ContainerStateMachine (ContainerStateMachine.java:loadSnapshot(231)) - group-55A4E0F85336: The snapshot info is null. Setting the last applied indexto:(t:0, i:~)
2019-10-31 11:57:52,393 [pool-47-thread-1] INFO  ratis.ContainerStateMachine (ContainerStateMachine.java:loadSnapshot(231)) - group-55A4E0F85336: The snapshot info is null. Setting the last applied indexto:(t:0, i:~)
2019-10-31 11:57:52,393 [pool-37-thread-1] INFO  ratis.ContainerStateMachine (ContainerStateMachine.java:loadSnapshot(231)) - group-55A4E0F85336: The snapshot info is null. Setting the last applied indexto:(t:0, i:~)
2019-10-31 11:57:52,394 [pool-47-thread-1] INFO  server.RaftServerConfigKeys (ConfUtils.java:logGet(43)) - raft.server.notification.no-leader.timeout = 120s (custom)
2019-10-31 11:57:52,393 [pool-27-thread-1] INFO  server.RaftServerConfigKeys (ConfUtils.java:logGet(43)) - raft.server.notification.no-leader.timeout = 120s (custom)
2019-10-31 11:57:52,394 [pool-47-thread-1] INFO  server.RaftServerConfigKeys (ConfUtils.java:logGet(43)) - raft.server.log.use.memory = false (default)
2019-10-31 11:57:52,394 [pool-37-thread-1] INFO  server.RaftServerConfigKeys (ConfUtils.java:logGet(43)) - raft.server.notification.no-leader.timeout = 120s (custom)
2019-10-31 11:57:52,394 [pool-47-thread-1] INFO  server.RaftServerConfigKeys (ConfUtils.java:logGet(43)) - raft.server.log.purge.gap = 1000000 (custom)
2019-10-31 11:57:52,394 [pool-27-thread-1] INFO  server.RaftServerConfigKeys (ConfUtils.java:logGet(43)) - raft.server.log.use.memory = false (default)
2019-10-31 11:57:52,394 [pool-47-thread-1] INFO  server.RaftServerConfigKeys (ConfUtils.java:logGet(43)) - raft.server.log.appender.buffer.byte-limit = 33554432 (custom)
2019-10-31 11:57:52,394 [pool-37-thread-1] INFO  server.RaftServerConfigKeys (ConfUtils.java:logGet(43)) - raft.server.log.use.memory = false (default)
2019-10-31 11:57:52,395 [pool-47-thread-1] INFO  server.RaftServerConfigKeys (ConfUtils.java:logGet(43)) - raft.server.log.segment.size.max = 1048576 (custom)
2019-10-31 11:57:52,394 [pool-27-thread-1] INFO  server.RaftServerConfigKeys (ConfUtils.java:logGet(43)) - raft.server.log.purge.gap = 1000000 (custom)
2019-10-31 11:57:52,395 [pool-37-thread-1] INFO  server.RaftServerConfigKeys (ConfUtils.java:logGet(43)) - raft.server.log.purge.gap = 1000000 (custom)
2019-10-31 11:57:52,395 [pool-27-thread-1] INFO  server.RaftServerConfigKeys (ConfUtils.java:logGet(43)) - raft.server.log.appender.buffer.byte-limit = 33554432 (custom)
2019-10-31 11:57:52,395 [pool-47-thread-1] INFO  server.RaftServerConfigKeys (ConfUtils.java:logGet(43)) - raft.server.log.segment.cache.num.max = 2 (custom)
2019-10-31 11:57:52,395 [pool-27-thread-1] INFO  server.RaftServerConfigKeys (ConfUtils.java:logGet(43)) - raft.server.log.segment.size.max = 1048576 (custom)
2019-10-31 11:57:52,395 [pool-37-thread-1] INFO  server.RaftServerConfigKeys (ConfUtils.java:logGet(43)) - raft.server.log.appender.buffer.byte-limit = 33554432 (custom)
2019-10-31 11:57:52,395 [pool-27-thread-1] INFO  server.RaftServerConfigKeys (ConfUtils.java:logGet(43)) - raft.server.log.segment.cache.num.max = 2 (custom)
2019-10-31 11:57:52,396 [pool-37-thread-1] INFO  server.RaftServerConfigKeys (ConfUtils.java:logGet(43)) - raft.server.log.segment.size.max = 1048576 (custom)
2019-10-31 11:57:52,395 [pool-47-thread-1] INFO  segmented.SegmentedRaftLogWorker (SegmentedRaftLogWorker.java:<init>(173)) - new 7d605aae-0c54-4fed-b184-231d6db633e8@group-55A4E0F85336-SegmentedRaftLogWorker for RaftStorage:Storage Directory /workdir/hadoop-ozone/tools/target/test-dir/MiniOzoneClusterImpl-03cdfd41-b317-4d40-9cd5-ffdeafb88e39/datanode-2/data/ratis/a1a9454e-bf40-4a8e-a203-55a4e0f85336
2019-10-31 11:57:52,396 [pool-27-thread-1] INFO  segmented.SegmentedRaftLogWorker (SegmentedRaftLogWorker.java:<init>(173)) - new 46b0f7c0-f33a-43ec-b645-2252266d545c@group-55A4E0F85336-SegmentedRaftLogWorker for RaftStorage:Storage Directory /workdir/hadoop-ozone/tools/target/test-dir/MiniOzoneClusterImpl-03cdfd41-b317-4d40-9cd5-ffdeafb88e39/datanode-0/data/ratis/a1a9454e-bf40-4a8e-a203-55a4e0f85336
2019-10-31 11:57:52,396 [pool-47-thread-1] INFO  server.RaftServerConfigKeys (ConfUtils.java:logGet(43)) - raft.server.log.queue.byte-limit = 2147483647 (custom)
2019-10-31 11:57:52,396 [pool-37-thread-1] INFO  server.RaftServerConfigKeys (ConfUtils.java:logGet(43)) - raft.server.log.segment.cache.num.max = 2 (custom)
2019-10-31 11:57:52,396 [pool-47-thread-1] INFO  server.RaftServerConfigKeys (ConfUtils.java:logGet(43)) - raft.server.log.queue.element-limit = 1024 (custom)
2019-10-31 11:57:52,396 [pool-27-thread-1] INFO  server.RaftServerConfigKeys (ConfUtils.java:logGet(43)) - raft.server.log.queue.byte-limit = 2147483647 (custom)
2019-10-31 11:57:52,396 [pool-47-thread-1] INFO  server.RaftServerConfigKeys (ConfUtils.java:logGet(43)) - raft.server.log.segment.size.max = 1048576 (custom)
2019-10-31 11:57:52,396 [pool-37-thread-1] INFO  segmented.SegmentedRaftLogWorker (SegmentedRaftLogWorker.java:<init>(173)) - new 354fb464-901d-4483-9688-530e748d6020@group-55A4E0F85336-SegmentedRaftLogWorker for RaftStorage:Storage Directory /workdir/hadoop-ozone/tools/target/test-dir/MiniOzoneClusterImpl-03cdfd41-b317-4d40-9cd5-ffdeafb88e39/datanode-1/data/ratis/a1a9454e-bf40-4a8e-a203-55a4e0f85336
2019-10-31 11:57:52,397 [pool-47-thread-1] INFO  server.RaftServerConfigKeys (ConfUtils.java:logGet(43)) - raft.server.log.preallocated.size = 16384 (custom)
2019-10-31 11:57:52,397 [pool-27-thread-1] INFO  server.RaftServerConfigKeys (ConfUtils.java:logGet(43)) - raft.server.log.queue.element-limit = 1024 (custom)
2019-10-31 11:57:52,397 [pool-47-thread-1] INFO  server.RaftServerConfigKeys (ConfUtils.java:logGet(43)) - raft.server.log.write.buffer.size = 33554432 (custom)
2019-10-31 11:57:52,397 [pool-37-thread-1] INFO  server.RaftServerConfigKeys (ConfUtils.java:logGet(43)) - raft.server.log.queue.byte-limit = 2147483647 (custom)
2019-10-31 11:57:52,397 [pool-47-thread-1] INFO  server.RaftServerConfigKeys (ConfUtils.java:logGet(43)) - raft.server.log.force.sync.num = 128 (default)
2019-10-31 11:57:52,397 [pool-27-thread-1] INFO  server.RaftServerConfigKeys (ConfUtils.java:logGet(43)) - raft.server.log.segment.size.max = 1048576 (custom)
2019-10-31 11:57:52,398 [pool-47-thread-1] INFO  server.RaftServerConfigKeys (ConfUtils.java:logGet(43)) - raft.server.log.statemachine.data.sync = true (default)
2019-10-31 11:57:52,398 [pool-37-thread-1] INFO  server.RaftServerConfigKeys (ConfUtils.java:logGet(43)) - raft.server.log.queue.element-limit = 1024 (custom)
2019-10-31 11:57:52,398 [pool-47-thread-1] INFO  server.RaftServerConfigKeys (ConfUtils.java:logGet(43)) - raft.server.log.statemachine.data.sync.timeout = 10s (default)
2019-10-31 11:57:52,398 [pool-27-thread-1] INFO  server.RaftServerConfigKeys (ConfUtils.java:logGet(43)) - raft.server.log.preallocated.size = 16384 (custom)
2019-10-31 11:57:52,398 [pool-47-thread-1] INFO  server.RaftServerConfigKeys (ConfUtils.java:logGet(43)) - raft.server.log.statemachine.data.sync.timeout.retry = -1 (default)
2019-10-31 11:57:52,398 [pool-37-thread-1] INFO  server.RaftServerConfigKeys (ConfUtils.java:logGet(43)) - raft.server.log.segment.size.max = 1048576 (custom)
2019-10-31 11:57:52,399 [pool-47-thread-1] INFO  server.RaftServerConfigKeys (ConfUtils.java:logGet(43)) - raft.server.log.statemachine.data.caching.enabled = true (custom)
2019-10-31 11:57:52,399 [pool-27-thread-1] INFO  server.RaftServerConfigKeys (ConfUtils.java:logGet(43)) - raft.server.log.write.buffer.size = 33554432 (custom)
2019-10-31 11:57:52,399 [pool-37-thread-1] INFO  server.RaftServerConfigKeys (ConfUtils.java:logGet(43)) - raft.server.log.preallocated.size = 16384 (custom)
2019-10-31 11:57:52,399 [pool-27-thread-1] INFO  server.RaftServerConfigKeys (ConfUtils.java:logGet(43)) - raft.server.log.force.sync.num = 128 (default)
2019-10-31 11:57:52,399 [pool-47-thread-1] INFO  segmented.SegmentedRaftLogWorker (SegmentedRaftLogWorker.java:lambda$new$0(128)) - 7d605aae-0c54-4fed-b184-231d6db633e8@group-55A4E0F85336-SegmentedRaftLogWorker: flushIndex: setUnconditionally 0 -> -1
2019-10-31 11:57:52,399 [pool-37-thread-1] INFO  server.RaftServerConfigKeys (ConfUtils.java:logGet(43)) - raft.server.log.write.buffer.size = 33554432 (custom)
2019-10-31 11:57:52,399 [pool-27-thread-1] INFO  server.RaftServerConfigKeys (ConfUtils.java:logGet(43)) - raft.server.log.statemachine.data.sync = true (default)
2019-10-31 11:57:52,400 [pool-47-thread-1] INFO  server.RaftServerConfigKeys (ConfUtils.java:logGet(43)) - raft.server.snapshot.auto.trigger.enabled = true (custom)
2019-10-31 11:57:52,400 [pool-37-thread-1] INFO  server.RaftServerConfigKeys (ConfUtils.java:logGet(43)) - raft.server.log.force.sync.num = 128 (default)
2019-10-31 11:57:52,400 [pool-47-thread-1] INFO  server.RaftServerConfigKeys (ConfUtils.java:logGet(43)) - raft.server.snapshot.auto.trigger.threshold = 10000 (custom)
2019-10-31 11:57:52,400 [pool-27-thread-1] INFO  server.RaftServerConfigKeys (ConfUtils.java:logGet(43)) - raft.server.log.statemachine.data.sync.timeout = 10s (default)
2019-10-31 11:57:52,401 [pool-47-thread-1] INFO  server.RaftServerConfigKeys (ConfUtils.java:logGet(43)) - raft.server.snapshot.retention.file.num = 5 (custom)
2019-10-31 11:57:52,400 [pool-37-thread-1] INFO  server.RaftServerConfigKeys (ConfUtils.java:logGet(43)) - raft.server.log.statemachine.data.sync = true (default)
2019-10-31 11:57:52,401 [pool-47-thread-1] INFO  server.RaftServerConfigKeys (ConfUtils.java:logGet(43)) - raft.server.retrycache.expirytime = 600000ms (custom)
2019-10-31 11:57:52,401 [pool-27-thread-1] INFO  server.RaftServerConfigKeys (ConfUtils.java:logGet(43)) - raft.server.log.statemachine.data.sync.timeout.retry = -1 (default)
2019-10-31 11:57:52,401 [pool-37-thread-1] INFO  server.RaftServerConfigKeys (ConfUtils.java:logGet(43)) - raft.server.log.statemachine.data.sync.timeout = 10s (default)
2019-10-31 11:57:52,401 [pool-27-thread-1] INFO  server.RaftServerConfigKeys (ConfUtils.java:logGet(43)) - raft.server.log.statemachine.data.caching.enabled = true (custom)
2019-10-31 11:57:52,401 [pool-47-thread-1] WARN  impl.MetricRegistriesImpl (MetricRegistriesImpl.java:lambda$create$1(61)) - First MetricRegistry has been created without registering reporters. You may need to call MetricRegistries.global().addReportRegistration(...) before.
2019-10-31 11:57:52,402 [pool-27-thread-1] INFO  segmented.SegmentedRaftLogWorker (SegmentedRaftLogWorker.java:lambda$new$0(128)) - 46b0f7c0-f33a-43ec-b645-2252266d545c@group-55A4E0F85336-SegmentedRaftLogWorker: flushIndex: setUnconditionally 0 -> -1
2019-10-31 11:57:52,401 [pool-37-thread-1] INFO  server.RaftServerConfigKeys (ConfUtils.java:logGet(43)) - raft.server.log.statemachine.data.sync.timeout.retry = -1 (default)
2019-10-31 11:57:52,402 [pool-47-thread-1] WARN  impl.MetricRegistriesImpl (MetricRegistriesImpl.java:lambda$create$1(61)) - First MetricRegistry has been created without registering reporters. You may need to call MetricRegistries.global().addReportRegistration(...) before.
2019-10-31 11:57:52,402 [pool-27-thread-1] INFO  server.RaftServerConfigKeys (ConfUtils.java:logGet(43)) - raft.server.snapshot.auto.trigger.enabled = true (custom)
2019-10-31 11:57:52,402 [pool-37-thread-1] INFO  server.RaftServerConfigKeys (ConfUtils.java:logGet(43)) - raft.server.log.statemachine.data.caching.enabled = true (custom)
2019-10-31 11:57:52,402 [pool-27-thread-1] INFO  server.RaftServerConfigKeys (ConfUtils.java:logGet(43)) - raft.server.snapshot.auto.trigger.threshold = 10000 (custom)
2019-10-31 11:57:52,402 [pool-47-thread-1] INFO  impl.RaftServerImpl (RaftServerImpl.java:start(184)) - 7d605aae-0c54-4fed-b184-231d6db633e8@group-55A4E0F85336: start as a follower, conf=-1: [7d605aae-0c54-4fed-b184-231d6db633e8:192.168.157.202:43091, 354fb464-901d-4483-9688-530e748d6020:192.168.157.202:45550, 46b0f7c0-f33a-43ec-b645-2252266d545c:192.168.157.202:36267], old=null
2019-10-31 11:57:52,403 [pool-37-thread-1] INFO  segmented.SegmentedRaftLogWorker (SegmentedRaftLogWorker.java:lambda$new$0(128)) - 354fb464-901d-4483-9688-530e748d6020@group-55A4E0F85336-SegmentedRaftLogWorker: flushIndex: setUnconditionally 0 -> -1
2019-10-31 11:57:52,403 [pool-27-thread-1] INFO  server.RaftServerConfigKeys (ConfUtils.java:logGet(43)) - raft.server.snapshot.retention.file.num = 5 (custom)
2019-10-31 11:57:52,403 [pool-47-thread-1] INFO  impl.RaftServerImpl (RaftServerImpl.java:setRole(173)) - 7d605aae-0c54-4fed-b184-231d6db633e8@group-55A4E0F85336: changes role from      null to FOLLOWER at term 0 for startAsFollower
2019-10-31 11:57:52,403 [pool-27-thread-1] INFO  server.RaftServerConfigKeys (ConfUtils.java:logGet(43)) - raft.server.retrycache.expirytime = 600000ms (custom)
2019-10-31 11:57:52,403 [pool-47-thread-1] INFO  impl.RoleInfo (RoleInfo.java:updateAndGet(143)) - 7d605aae-0c54-4fed-b184-231d6db633e8: start FollowerState
2019-10-31 11:57:52,404 [pool-27-thread-1] WARN  impl.MetricRegistriesImpl (MetricRegistriesImpl.java:lambda$create$1(61)) - First MetricRegistry has been created without registering reporters. You may need to call MetricRegistries.global().addReportRegistration(...) before.
2019-10-31 11:57:52,403 [pool-37-thread-1] INFO  server.RaftServerConfigKeys (ConfUtils.java:logGet(43)) - raft.server.snapshot.auto.trigger.enabled = true (custom)
2019-10-31 11:57:52,404 [pool-27-thread-1] WARN  impl.MetricRegistriesImpl (MetricRegistriesImpl.java:lambda$create$1(61)) - First MetricRegistry has been created without registering reporters. You may need to call MetricRegistries.global().addReportRegistration(...) before.
2019-10-31 11:57:52,404 [pool-47-thread-1] INFO  util.JmxRegister (JmxRegister.java:tryRegister(44)) - Successfully registered JMX Bean with object name Ratis:service=RaftServer,group=group-55A4E0F85336,id=7d605aae-0c54-4fed-b184-231d6db633e8
2019-10-31 11:57:52,404 [pool-37-thread-1] INFO  server.RaftServerConfigKeys (ConfUtils.java:logGet(43)) - raft.server.snapshot.auto.trigger.threshold = 10000 (custom)
2019-10-31 11:57:52,404 [pool-27-thread-1] INFO  impl.RaftServerImpl (RaftServerImpl.java:start(184)) - 46b0f7c0-f33a-43ec-b645-2252266d545c@group-55A4E0F85336: start as a follower, conf=-1: [7d605aae-0c54-4fed-b184-231d6db633e8:192.168.157.202:43091, 354fb464-901d-4483-9688-530e748d6020:192.168.157.202:45550, 46b0f7c0-f33a-43ec-b645-2252266d545c:192.168.157.202:36267], old=null
2019-10-31 11:57:52,404 [pool-47-thread-1] WARN  impl.MetricRegistriesImpl (MetricRegistriesImpl.java:lambda$create$1(61)) - First MetricRegistry has been created without registering reporters. You may need to call MetricRegistries.global().addReportRegistration(...) before.
2019-10-31 11:57:52,404 [pool-27-thread-1] INFO  impl.RaftServerImpl (RaftServerImpl.java:setRole(173)) - 46b0f7c0-f33a-43ec-b645-2252266d545c@group-55A4E0F85336: changes role from      null to FOLLOWER at term 0 for startAsFollower
2019-10-31 11:57:52,404 [pool-37-thread-1] INFO  server.RaftServerConfigKeys (ConfUtils.java:logGet(43)) - raft.server.snapshot.retention.file.num = 5 (custom)
2019-10-31 11:57:52,405 [pool-27-thread-1] INFO  impl.RoleInfo (RoleInfo.java:updateAndGet(143)) - 46b0f7c0-f33a-43ec-b645-2252266d545c: start FollowerState
2019-10-31 11:57:52,405 [pool-37-thread-1] INFO  server.RaftServerConfigKeys (ConfUtils.java:logGet(43)) - raft.server.retrycache.expirytime = 600000ms (custom)
2019-10-31 11:57:52,405 [pool-37-thread-1] WARN  impl.MetricRegistriesImpl (MetricRegistriesImpl.java:lambda$create$1(61)) - First MetricRegistry has been created without registering reporters. You may need to call MetricRegistries.global().addReportRegistration(...) before.
2019-10-31 11:57:52,405 [Command processor thread] INFO  commandhandler.CreatePipelineCommandHandler (CreatePipelineCommandHandler.java:handle(86)) - Create Pipeline RATIS THREE #id: "a1a9454e-bf40-4a8e-a203-55a4e0f85336"
 command succeed on datanode 7d605aae-0c54-4fed-b184-231d6db633e8.
2019-10-31 11:57:52,405 [pool-27-thread-1] INFO  util.JmxRegister (JmxRegister.java:tryRegister(44)) - Successfully registered JMX Bean with object name Ratis:service=RaftServer,group=group-55A4E0F85336,id=46b0f7c0-f33a-43ec-b645-2252266d545c
2019-10-31 11:57:52,405 [pool-37-thread-1] WARN  impl.MetricRegistriesImpl (MetricRegistriesImpl.java:lambda$create$1(61)) - First MetricRegistry has been created without registering reporters. You may need to call MetricRegistries.global().addReportRegistration(...) before.
2019-10-31 11:57:52,406 [pool-27-thread-1] WARN  impl.MetricRegistriesImpl (MetricRegistriesImpl.java:lambda$create$1(61)) - First MetricRegistry has been created without registering reporters. You may need to call MetricRegistries.global().addReportRegistration(...) before.
2019-10-31 11:57:52,406 [pool-37-thread-1] INFO  impl.RaftServerImpl (RaftServerImpl.java:start(184)) - 354fb464-901d-4483-9688-530e748d6020@group-55A4E0F85336: start as a follower, conf=-1: [7d605aae-0c54-4fed-b184-231d6db633e8:192.168.157.202:43091, 354fb464-901d-4483-9688-530e748d6020:192.168.157.202:45550, 46b0f7c0-f33a-43ec-b645-2252266d545c:192.168.157.202:36267], old=null
2019-10-31 11:57:52,406 [pool-37-thread-1] INFO  impl.RaftServerImpl (RaftServerImpl.java:setRole(173)) - 354fb464-901d-4483-9688-530e748d6020@group-55A4E0F85336: changes role from      null to FOLLOWER at term 0 for startAsFollower
2019-10-31 11:57:52,406 [pool-37-thread-1] INFO  impl.RoleInfo (RoleInfo.java:updateAndGet(143)) - 354fb464-901d-4483-9688-530e748d6020: start FollowerState
2019-10-31 11:57:52,407 [Command processor thread] INFO  commandhandler.CreatePipelineCommandHandler (CreatePipelineCommandHandler.java:handle(86)) - Create Pipeline RATIS THREE #id: "a1a9454e-bf40-4a8e-a203-55a4e0f85336"
 command succeed on datanode 46b0f7c0-f33a-43ec-b645-2252266d545c.
2019-10-31 11:57:52,412 [pool-37-thread-1] INFO  util.JmxRegister (JmxRegister.java:tryRegister(44)) - Successfully registered JMX Bean with object name Ratis:service=RaftServer,group=group-55A4E0F85336,id=354fb464-901d-4483-9688-530e748d6020
2019-10-31 11:57:52,412 [pool-37-thread-1] WARN  impl.MetricRegistriesImpl (MetricRegistriesImpl.java:lambda$create$1(61)) - First MetricRegistry has been created without registering reporters. You may need to call MetricRegistries.global().addReportRegistration(...) before.
2019-10-31 11:57:52,416 [Command processor thread] INFO  commandhandler.CreatePipelineCommandHandler (CreatePipelineCommandHandler.java:handle(86)) - Create Pipeline RATIS THREE #id: "a1a9454e-bf40-4a8e-a203-55a4e0f85336"
 command succeed on datanode 354fb464-901d-4483-9688-530e748d6020.
2019-10-31 11:57:52,416 [EventQueue-PipelineReportForPipelineReportHandler] INFO  pipeline.PipelineReportHandler (PipelineReportHandler.java:processPipelineReport(104)) - Pipeline THREE PipelineID=a1a9454e-bf40-4a8e-a203-55a4e0f85336 reported by 7d605aae-0c54-4fed-b184-231d6db633e8{ip: 192.168.157.202, host: pr-hdds-2034-79z24-2056997790, networkLocation: /default-rack, certSerialId: null}
2019-10-31 11:57:52,416 [EventQueue-OpenPipelineForOneReplicaPipelineSafeModeRule] INFO  safemode.SCMSafeModeManager (SCMSafeModeManager.java:validateSafeModeExitRules(176)) - AtleastOneDatanodeReportedRule rule is successfully validated
2019-10-31 11:57:52,416 [EventQueue-OpenPipelineForHealthyPipelineSafeModeRule] INFO  safemode.SCMSafeModeManager (HealthyPipelineSafeModeRule.java:process(125)) - SCM in safe mode. Healthy pipelines reported count is 1, required healthy pipeline reported count is 1
2019-10-31 11:57:52,417 [EventQueue-PipelineReportForPipelineReportHandler] INFO  pipeline.PipelineReportHandler (PipelineReportHandler.java:processPipelineReport(104)) - Pipeline THREE PipelineID=a1a9454e-bf40-4a8e-a203-55a4e0f85336 reported by 46b0f7c0-f33a-43ec-b645-2252266d545c{ip: 192.168.157.202, host: pr-hdds-2034-79z24-2056997790, networkLocation: /default-rack, certSerialId: null}
2019-10-31 11:57:52,417 [EventQueue-OpenPipelineForHealthyPipelineSafeModeRule] INFO  safemode.SCMSafeModeManager (SCMSafeModeManager.java:validateSafeModeExitRules(176)) - HealthyPipelineSafeModeRule rule is successfully validated
2019-10-31 11:57:52,419 [EventQueue-OpenPipelineForHealthyPipelineSafeModeRule] INFO  safemode.SCMSafeModeManager (SCMSafeModeManager.java:validateSafeModeExitRules(185)) - ScmSafeModeManager, all rules are successfully validated
2019-10-31 11:57:52,419 [EventQueue-OpenPipelineForHealthyPipelineSafeModeRule] INFO  safemode.SCMSafeModeManager (SCMSafeModeManager.java:exitSafeMode(201)) - SCM exiting safe mode.
2019-10-31 11:57:52,423 [EventQueue-OpenPipelineForOneReplicaPipelineSafeModeRule] INFO  safemode.SCMSafeModeManager (SCMSafeModeManager.java:validateSafeModeExitRules(176)) - AtleastOneDatanodeReportedRule rule is successfully validated
2019-10-31 11:57:52,423 [EventQueue-OpenPipelineForOneReplicaPipelineSafeModeRule] INFO  safemode.SCMSafeModeManager (SCMSafeModeManager.java:validateSafeModeExitRules(185)) - ScmSafeModeManager, all rules are successfully validated
2019-10-31 11:57:52,423 [EventQueue-OpenPipelineForOneReplicaPipelineSafeModeRule] INFO  safemode.SCMSafeModeManager (SCMSafeModeManager.java:exitSafeMode(201)) - SCM exiting safe mode.
2019-10-31 11:57:52,424 [EventQueue-PipelineReportForPipelineReportHandler] INFO  pipeline.PipelineReportHandler (PipelineReportHandler.java:processPipelineReport(104)) - Pipeline THREE PipelineID=a1a9454e-bf40-4a8e-a203-55a4e0f85336 reported by 354fb464-901d-4483-9688-530e748d6020{ip: 192.168.157.202, host: pr-hdds-2034-79z24-2056997790, networkLocation: /default-rack, certSerialId: null}
2019-10-31 11:57:52,424 [EventQueue-PipelineReportForPipelineReportHandler] INFO  pipeline.PipelineStateManager (PipelineStateManager.java:openPipeline(134)) - Pipeline Pipeline[ Id: a1a9454e-bf40-4a8e-a203-55a4e0f85336, Nodes: 46b0f7c0-f33a-43ec-b645-2252266d545c{ip: 192.168.157.202, host: pr-hdds-2034-79z24-2056997790, networkLocation: /default-rack, certSerialId: null}7d605aae-0c54-4fed-b184-231d6db633e8{ip: 192.168.157.202, host: pr-hdds-2034-79z24-2056997790, networkLocation: /default-rack, certSerialId: null}354fb464-901d-4483-9688-530e748d6020{ip: 192.168.157.202, host: pr-hdds-2034-79z24-2056997790, networkLocation: /default-rack, certSerialId: null}, Type:RATIS, Factor:THREE, State:ALLOCATED] moved to OPEN state
2019-10-31 11:57:53,229 [main] INFO  ozone.MiniOzoneClusterImpl (MiniOzoneClusterImpl.java:lambda$waitForClusterToBeReady$0(149)) - Nodes are ready. Got 3 of 3 DN Heartbeats.
2019-10-31 11:57:53,229 [main] INFO  ozone.MiniOzoneClusterImpl (MiniOzoneClusterImpl.java:lambda$waitForClusterToBeReady$0(152)) - Cluster exits safe mode
2019-10-31 11:57:55,433 [Thread-193] INFO  container.ReplicationManager (ReplicationManager.java:start(162)) - Starting Replication Monitor Thread.
2019-10-31 11:57:55,435 [Thread-194] INFO  container.ReplicationManager (ReplicationManager.java:start(169)) - Replication Monitor Thread is already running.
2019-10-31 11:57:55,437 [ReplicationMonitor] INFO  container.ReplicationManager (ReplicationManager.java:run(225)) - Replication Monitor Thread took 2 milliseconds for processing 0 containers.
2019-10-31 11:57:56,875 [main] INFO  freon.RandomKeyGenerator (RandomKeyGenerator.java:call(283)) - Number of Threads: 10
2019-10-31 11:57:56,882 [main] INFO  freon.RandomKeyGenerator (RandomKeyGenerator.java:call(288)) - Number of Volumes: 1.
2019-10-31 11:57:56,882 [main] INFO  freon.RandomKeyGenerator (RandomKeyGenerator.java:call(289)) - Number of Buckets per Volume: 1.
2019-10-31 11:57:56,882 [main] INFO  freon.RandomKeyGenerator (RandomKeyGenerator.java:call(290)) - Number of Keys per Bucket: 1.
2019-10-31 11:57:56,882 [main] INFO  freon.RandomKeyGenerator (RandomKeyGenerator.java:call(291)) - Key size: 20971520 bytes
2019-10-31 11:57:56,883 [main] INFO  freon.RandomKeyGenerator (RandomKeyGenerator.java:call(292)) - Buffer size: 4096 bytes
2019-10-31 11:57:56,883 [main] INFO  freon.RandomKeyGenerator (RandomKeyGenerator.java:call(293)) - validateWrites : true
2019-10-31 11:57:56,896 [main] INFO  freon.RandomKeyGenerator (RandomKeyGenerator.java:call(307)) - Data validation is enabled.
2019-10-31 11:57:56,900 [main] INFO  freon.RandomKeyGenerator (RandomKeyGenerator.java:call(313)) - Starting progress bar Thread.

 0.00% |?                                                                                                    |  0/1 Time: 0:00:002019-10-31 11:57:56,936 [pool-53-thread-1] INFO  rpc.RpcClient (RpcClient.java:createVolume(291)) - Creating Volume: vol-0-24549, with jenkins1000 as owner.
2019-10-31 11:57:57,043 [IPC Server handler 1 on 40527] INFO  volume.OMVolumeCreateRequest (OMVolumeCreateRequest.java:validateAndUpdateCache(193)) - created volume:vol-0-24549 for user:jenkins1000
2019-10-31 11:57:57,093 [pool-53-thread-2] INFO  rpc.RpcClient (RpcClient.java:createBucket(430)) - Creating Bucket: vol-0-24549/bucket-0-86059, with Versioning false and Storage Type set to DISK and Encryption set to false 
2019-10-31 11:57:57,322 [pool-53-thread-3] INFO  impl.MetricsSystemImpl (MetricsSystemImpl.java:init(158)) - XceiverClientMetrics metrics system started (again)
2019-10-31 11:57:57,332 [Thread-182] INFO  impl.FollowerState (FollowerState.java:run(111)) - 354fb464-901d-4483-9688-530e748d6020@group-3619A596299B-FollowerState: change to CANDIDATE, lastRpcTime:5007ms, electionTimeout:5005ms
2019-10-31 11:57:57,334 [Thread-182] INFO  impl.RoleInfo (RoleInfo.java:shutdownFollowerState(121)) - 354fb464-901d-4483-9688-530e748d6020: shutdown FollowerState
2019-10-31 11:57:57,334 [Thread-182] INFO  impl.RaftServerImpl (RaftServerImpl.java:setRole(173)) - 354fb464-901d-4483-9688-530e748d6020@group-3619A596299B: changes role from  FOLLOWER to CANDIDATE at term 0 for changeToCandidate
2019-10-31 11:57:57,337 [Thread-182] INFO  impl.RoleInfo (RoleInfo.java:updateAndGet(143)) - 354fb464-901d-4483-9688-530e748d6020: start LeaderElection
2019-10-31 11:57:57,353 [354fb464-901d-4483-9688-530e748d6020@group-3619A596299B-LeaderElection1] INFO  impl.LeaderElection (LeaderElection.java:askForVotes(178)) - 354fb464-901d-4483-9688-530e748d6020@group-3619A596299B-LeaderElection1: begin an election at term 1 for -1: [354fb464-901d-4483-9688-530e748d6020:192.168.157.202:45550], old=null
2019-10-31 11:57:57,355 [354fb464-901d-4483-9688-530e748d6020@group-3619A596299B-LeaderElection1] INFO  impl.RoleInfo (RoleInfo.java:shutdownLeaderElection(134)) - 354fb464-901d-4483-9688-530e748d6020: shutdown LeaderElection
2019-10-31 11:57:57,356 [354fb464-901d-4483-9688-530e748d6020@group-3619A596299B-LeaderElection1] INFO  impl.RaftServerImpl (RaftServerImpl.java:setRole(173)) - 354fb464-901d-4483-9688-530e748d6020@group-3619A596299B: changes role from CANDIDATE to LEADER at term 1 for changeToLeader
2019-10-31 11:57:57,356 [354fb464-901d-4483-9688-530e748d6020@group-3619A596299B-LeaderElection1] INFO  impl.RaftServerImpl (ServerState.java:setLeader(255)) - 354fb464-901d-4483-9688-530e748d6020@group-3619A596299B: change Leader from null to 354fb464-901d-4483-9688-530e748d6020 at term 1 for becomeLeader, leader elected after 5153ms
2019-10-31 11:57:57,362 [354fb464-901d-4483-9688-530e748d6020@group-3619A596299B-LeaderElection1] INFO  server.RaftServerConfigKeys (ConfUtils.java:logGet(43)) - raft.server.staging.catchup.gap = 1000 (default)
2019-10-31 11:57:57,362 [354fb464-901d-4483-9688-530e748d6020@group-3619A596299B-LeaderElection1] INFO  server.RaftServerConfigKeys (ConfUtils.java:logGet(43)) - raft.server.rpc.sleep.time = 25ms (default)
2019-10-31 11:57:57,367 [354fb464-901d-4483-9688-530e748d6020@group-3619A596299B-LeaderElection1] INFO  server.RaftServerConfigKeys (ConfUtils.java:logGet(43)) - raft.server.write.element-limit = 4096 (default)
2019-10-31 11:57:57,371 [354fb464-901d-4483-9688-530e748d6020@group-3619A596299B-LeaderElection1] INFO  server.RaftServerConfigKeys (ConfUtils.java:logGet(43)) - raft.server.watch.timeout = 10s (default)
2019-10-31 11:57:57,371 [354fb464-901d-4483-9688-530e748d6020@group-3619A596299B-LeaderElection1] INFO  server.RaftServerConfigKeys (ConfUtils.java:logGet(43)) - raft.server.watch.timeout.denomination = 1s (default)
2019-10-31 11:57:57,372 [354fb464-901d-4483-9688-530e748d6020@group-3619A596299B-LeaderElection1] INFO  server.RaftServerConfigKeys (ConfUtils.java:logGet(43)) - raft.server.watch.element-limit = 65536 (default)
2019-10-31 11:57:57,373 [Thread-181] INFO  impl.FollowerState (FollowerState.java:run(111)) - 46b0f7c0-f33a-43ec-b645-2252266d545c@group-53C16BAC7FD8-FollowerState: change to CANDIDATE, lastRpcTime:5047ms, electionTimeout:5046ms
2019-10-31 11:57:57,375 [Thread-181] INFO  impl.RoleInfo (RoleInfo.java:shutdownFollowerState(121)) - 46b0f7c0-f33a-43ec-b645-2252266d545c: shutdown FollowerState
2019-10-31 11:57:57,375 [Thread-181] INFO  impl.RaftServerImpl (RaftServerImpl.java:setRole(173)) - 46b0f7c0-f33a-43ec-b645-2252266d545c@group-53C16BAC7FD8: changes role from  FOLLOWER to CANDIDATE at term 0 for changeToCandidate
2019-10-31 11:57:57,375 [Thread-181] INFO  impl.RoleInfo (RoleInfo.java:updateAndGet(143)) - 46b0f7c0-f33a-43ec-b645-2252266d545c: start LeaderElection
2019-10-31 11:57:57,384 [354fb464-901d-4483-9688-530e748d6020@group-3619A596299B-LeaderElection1] INFO  impl.RoleInfo (RoleInfo.java:updateAndGet(143)) - 354fb464-901d-4483-9688-530e748d6020: start LeaderState
2019-10-31 11:57:57,392 [46b0f7c0-f33a-43ec-b645-2252266d545c@group-53C16BAC7FD8-LeaderElection2] INFO  impl.LeaderElection (LeaderElection.java:askForVotes(178)) - 46b0f7c0-f33a-43ec-b645-2252266d545c@group-53C16BAC7FD8-LeaderElection2: begin an election at term 1 for -1: [46b0f7c0-f33a-43ec-b645-2252266d545c:192.168.157.202:36267], old=null
2019-10-31 11:57:57,393 [46b0f7c0-f33a-43ec-b645-2252266d545c@group-53C16BAC7FD8-LeaderElection2] INFO  impl.RoleInfo (RoleInfo.java:shutdownLeaderElection(134)) - 46b0f7c0-f33a-43ec-b645-2252266d545c: shutdown LeaderElection
2019-10-31 11:57:57,394 [46b0f7c0-f33a-43ec-b645-2252266d545c@group-53C16BAC7FD8-LeaderElection2] INFO  impl.RaftServerImpl (RaftServerImpl.java:setRole(173)) - 46b0f7c0-f33a-43ec-b645-2252266d545c@group-53C16BAC7FD8: changes role from CANDIDATE to LEADER at term 1 for changeToLeader
2019-10-31 11:57:57,394 [46b0f7c0-f33a-43ec-b645-2252266d545c@group-53C16BAC7FD8-LeaderElection2] INFO  impl.RaftServerImpl (ServerState.java:setLeader(255)) - 46b0f7c0-f33a-43ec-b645-2252266d545c@group-53C16BAC7FD8: change Leader from null to 46b0f7c0-f33a-43ec-b645-2252266d545c at term 1 for becomeLeader, leader elected after 5191ms
2019-10-31 11:57:57,394 [46b0f7c0-f33a-43ec-b645-2252266d545c@group-53C16BAC7FD8-LeaderElection2] INFO  server.RaftServerConfigKeys (ConfUtils.java:logGet(43)) - raft.server.staging.catchup.gap = 1000 (default)
2019-10-31 11:57:57,394 [46b0f7c0-f33a-43ec-b645-2252266d545c@group-53C16BAC7FD8-LeaderElection2] INFO  server.RaftServerConfigKeys (ConfUtils.java:logGet(43)) - raft.server.rpc.sleep.time = 25ms (default)
2019-10-31 11:57:57,395 [46b0f7c0-f33a-43ec-b645-2252266d545c@group-53C16BAC7FD8-LeaderElection2] INFO  server.RaftServerConfigKeys (ConfUtils.java:logGet(43)) - raft.server.write.element-limit = 4096 (default)
2019-10-31 11:57:57,395 [46b0f7c0-f33a-43ec-b645-2252266d545c@group-53C16BAC7FD8-LeaderElection2] INFO  server.RaftServerConfigKeys (ConfUtils.java:logGet(43)) - raft.server.watch.timeout = 10s (default)
2019-10-31 11:57:57,395 [46b0f7c0-f33a-43ec-b645-2252266d545c@group-53C16BAC7FD8-LeaderElection2] INFO  server.RaftServerConfigKeys (ConfUtils.java:logGet(43)) - raft.server.watch.timeout.denomination = 1s (default)
2019-10-31 11:57:57,395 [46b0f7c0-f33a-43ec-b645-2252266d545c@group-53C16BAC7FD8-LeaderElection2] INFO  server.RaftServerConfigKeys (ConfUtils.java:logGet(43)) - raft.server.watch.element-limit = 65536 (default)
2019-10-31 11:57:57,396 [46b0f7c0-f33a-43ec-b645-2252266d545c@group-53C16BAC7FD8-LeaderElection2] INFO  impl.RoleInfo (RoleInfo.java:updateAndGet(143)) - 46b0f7c0-f33a-43ec-b645-2252266d545c: start LeaderState
2019-10-31 11:57:57,406 [Thread-183] INFO  impl.FollowerState (FollowerState.java:run(111)) - 7d605aae-0c54-4fed-b184-231d6db633e8@group-1B1DDC29680D-FollowerState: change to CANDIDATE, lastRpcTime:5080ms, electionTimeout:5078ms
2019-10-31 11:57:57,406 [Thread-183] INFO  impl.RoleInfo (RoleInfo.java:shutdownFollowerState(121)) - 7d605aae-0c54-4fed-b184-231d6db633e8: shutdown FollowerState
2019-10-31 11:57:57,406 [Thread-183] INFO  impl.RaftServerImpl (RaftServerImpl.java:setRole(173)) - 7d605aae-0c54-4fed-b184-231d6db633e8@group-1B1DDC29680D: changes role from  FOLLOWER to CANDIDATE at term 0 for changeToCandidate
2019-10-31 11:57:57,411 [Thread-183] INFO  impl.RoleInfo (RoleInfo.java:updateAndGet(143)) - 7d605aae-0c54-4fed-b184-231d6db633e8: start LeaderElection
2019-10-31 11:57:57,419 [46b0f7c0-f33a-43ec-b645-2252266d545c@group-53C16BAC7FD8-LeaderElection2] INFO  segmented.SegmentedRaftLogWorker (SegmentedRaftLogWorker.java:startLogSegment(385)) - 46b0f7c0-f33a-43ec-b645-2252266d545c@group-53C16BAC7FD8-SegmentedRaftLogWorker: Starting segment from index:0
2019-10-31 11:57:57,419 [354fb464-901d-4483-9688-530e748d6020@group-3619A596299B-LeaderElection1] INFO  segmented.SegmentedRaftLogWorker (SegmentedRaftLogWorker.java:startLogSegment(385)) - 354fb464-901d-4483-9688-530e748d6020@group-3619A596299B-SegmentedRaftLogWorker: Starting segment from index:0
2019-10-31 11:57:57,420 [Thread-191] INFO  impl.FollowerState (FollowerState.java:run(111)) - 354fb464-901d-4483-9688-530e748d6020@group-55A4E0F85336-FollowerState: change to CANDIDATE, lastRpcTime:5013ms, electionTimeout:5009ms
2019-10-31 11:57:57,420 [Thread-191] INFO  impl.RoleInfo (RoleInfo.java:shutdownFollowerState(121)) - 354fb464-901d-4483-9688-530e748d6020: shutdown FollowerState
2019-10-31 11:57:57,420 [Thread-191] INFO  impl.RaftServerImpl (RaftServerImpl.java:setRole(173)) - 354fb464-901d-4483-9688-530e748d6020@group-55A4E0F85336: changes role from  FOLLOWER to CANDIDATE at term 0 for changeToCandidate
2019-10-31 11:57:57,420 [Thread-191] INFO  impl.RoleInfo (RoleInfo.java:updateAndGet(143)) - 354fb464-901d-4483-9688-530e748d6020: start LeaderElection
2019-10-31 11:57:57,429 [Thread-189] INFO  impl.FollowerState (FollowerState.java:run(111)) - 46b0f7c0-f33a-43ec-b645-2252266d545c@group-55A4E0F85336-FollowerState: change to CANDIDATE, lastRpcTime:5024ms, electionTimeout:5024ms
2019-10-31 11:57:57,430 [Thread-189] INFO  impl.RoleInfo (RoleInfo.java:shutdownFollowerState(121)) - 46b0f7c0-f33a-43ec-b645-2252266d545c: shutdown FollowerState
2019-10-31 11:57:57,430 [Thread-189] INFO  impl.RaftServerImpl (RaftServerImpl.java:setRole(173)) - 46b0f7c0-f33a-43ec-b645-2252266d545c@group-55A4E0F85336: changes role from  FOLLOWER to CANDIDATE at term 0 for changeToCandidate
2019-10-31 11:57:57,430 [Thread-189] INFO  impl.RoleInfo (RoleInfo.java:updateAndGet(143)) - 46b0f7c0-f33a-43ec-b645-2252266d545c: start LeaderElection
2019-10-31 11:57:57,432 [7d605aae-0c54-4fed-b184-231d6db633e8@group-1B1DDC29680D-LeaderElection3] INFO  impl.LeaderElection (LeaderElection.java:askForVotes(178)) - 7d605aae-0c54-4fed-b184-231d6db633e8@group-1B1DDC29680D-LeaderElection3: begin an election at term 1 for -1: [7d605aae-0c54-4fed-b184-231d6db633e8:192.168.157.202:43091], old=null
2019-10-31 11:57:57,432 [7d605aae-0c54-4fed-b184-231d6db633e8@group-1B1DDC29680D-LeaderElection3] INFO  impl.RoleInfo (RoleInfo.java:shutdownLeaderElection(134)) - 7d605aae-0c54-4fed-b184-231d6db633e8: shutdown LeaderElection
2019-10-31 11:57:57,432 [354fb464-901d-4483-9688-530e748d6020@group-55A4E0F85336-LeaderElection4] INFO  impl.LeaderElection (LeaderElection.java:askForVotes(178)) - 354fb464-901d-4483-9688-530e748d6020@group-55A4E0F85336-LeaderElection4: begin an election at term 1 for -1: [7d605aae-0c54-4fed-b184-231d6db633e8:192.168.157.202:43091, 354fb464-901d-4483-9688-530e748d6020:192.168.157.202:45550, 46b0f7c0-f33a-43ec-b645-2252266d545c:192.168.157.202:36267], old=null
2019-10-31 11:57:57,433 [7d605aae-0c54-4fed-b184-231d6db633e8@group-1B1DDC29680D-LeaderElection3] INFO  impl.RaftServerImpl (RaftServerImpl.java:setRole(173)) - 7d605aae-0c54-4fed-b184-231d6db633e8@group-1B1DDC29680D: changes role from CANDIDATE to LEADER at term 1 for changeToLeader
2019-10-31 11:57:57,433 [7d605aae-0c54-4fed-b184-231d6db633e8@group-1B1DDC29680D-LeaderElection3] INFO  impl.RaftServerImpl (ServerState.java:setLeader(255)) - 7d605aae-0c54-4fed-b184-231d6db633e8@group-1B1DDC29680D: change Leader from null to 7d605aae-0c54-4fed-b184-231d6db633e8 at term 1 for becomeLeader, leader elected after 5167ms
2019-10-31 11:57:57,433 [7d605aae-0c54-4fed-b184-231d6db633e8@group-1B1DDC29680D-LeaderElection3] INFO  server.RaftServerConfigKeys (ConfUtils.java:logGet(43)) - raft.server.staging.catchup.gap = 1000 (default)
2019-10-31 11:57:57,433 [7d605aae-0c54-4fed-b184-231d6db633e8@group-1B1DDC29680D-LeaderElection3] INFO  server.RaftServerConfigKeys (ConfUtils.java:logGet(43)) - raft.server.rpc.sleep.time = 25ms (default)
2019-10-31 11:57:57,433 [7d605aae-0c54-4fed-b184-231d6db633e8@group-1B1DDC29680D-LeaderElection3] INFO  server.RaftServerConfigKeys (ConfUtils.java:logGet(43)) - raft.server.write.element-limit = 4096 (default)
2019-10-31 11:57:57,434 [7d605aae-0c54-4fed-b184-231d6db633e8@group-1B1DDC29680D-LeaderElection3] INFO  server.RaftServerConfigKeys (ConfUtils.java:logGet(43)) - raft.server.watch.timeout = 10s (default)
2019-10-31 11:57:57,434 [7d605aae-0c54-4fed-b184-231d6db633e8@group-1B1DDC29680D-LeaderElection3] INFO  server.RaftServerConfigKeys (ConfUtils.java:logGet(43)) - raft.server.watch.timeout.denomination = 1s (default)
2019-10-31 11:57:57,434 [7d605aae-0c54-4fed-b184-231d6db633e8@group-1B1DDC29680D-LeaderElection3] INFO  server.RaftServerConfigKeys (ConfUtils.java:logGet(43)) - raft.server.watch.element-limit = 65536 (default)
2019-10-31 11:57:57,434 [7d605aae-0c54-4fed-b184-231d6db633e8@group-1B1DDC29680D-LeaderElection3] INFO  impl.RoleInfo (RoleInfo.java:updateAndGet(143)) - 7d605aae-0c54-4fed-b184-231d6db633e8: start LeaderState
2019-10-31 11:57:57,435 [7d605aae-0c54-4fed-b184-231d6db633e8@group-1B1DDC29680D-LeaderElection3] INFO  segmented.SegmentedRaftLogWorker (SegmentedRaftLogWorker.java:startLogSegment(385)) - 7d605aae-0c54-4fed-b184-231d6db633e8@group-1B1DDC29680D-SegmentedRaftLogWorker: Starting segment from index:0
2019-10-31 11:57:57,445 [46b0f7c0-f33a-43ec-b645-2252266d545c@group-55A4E0F85336-LeaderElection5] INFO  impl.LeaderElection (LeaderElection.java:askForVotes(178)) - 46b0f7c0-f33a-43ec-b645-2252266d545c@group-55A4E0F85336-LeaderElection5: begin an election at term 1 for -1: [7d605aae-0c54-4fed-b184-231d6db633e8:192.168.157.202:43091, 354fb464-901d-4483-9688-530e748d6020:192.168.157.202:45550, 46b0f7c0-f33a-43ec-b645-2252266d545c:192.168.157.202:36267], old=null
2019-10-31 11:57:57,451 [7d605aae-0c54-4fed-b184-231d6db633e8@group-1B1DDC29680D-LeaderElection3] INFO  impl.RaftServerImpl (ServerState.java:setRaftConf(356)) - 7d605aae-0c54-4fed-b184-231d6db633e8@group-1B1DDC29680D: set configuration 0: [7d605aae-0c54-4fed-b184-231d6db633e8:192.168.157.202:43091], old=null at 0
2019-10-31 11:57:57,451 [46b0f7c0-f33a-43ec-b645-2252266d545c@group-53C16BAC7FD8-LeaderElection2] INFO  impl.RaftServerImpl (ServerState.java:setRaftConf(356)) - 46b0f7c0-f33a-43ec-b645-2252266d545c@group-53C16BAC7FD8: set configuration 0: [46b0f7c0-f33a-43ec-b645-2252266d545c:192.168.157.202:36267], old=null at 0
2019-10-31 11:57:57,451 [354fb464-901d-4483-9688-530e748d6020@group-3619A596299B-LeaderElection1] INFO  impl.RaftServerImpl (ServerState.java:setRaftConf(356)) - 354fb464-901d-4483-9688-530e748d6020@group-3619A596299B: set configuration 0: [354fb464-901d-4483-9688-530e748d6020:192.168.157.202:45550], old=null at 0
2019-10-31 11:57:57,733 [Thread-188] INFO  impl.FollowerState (FollowerState.java:run(111)) - 7d605aae-0c54-4fed-b184-231d6db633e8@group-55A4E0F85336-FollowerState: change to CANDIDATE, lastRpcTime:5330ms, electionTimeout:5139ms
2019-10-31 11:57:57,734 [Thread-188] INFO  impl.RoleInfo (RoleInfo.java:shutdownFollowerState(121)) - 7d605aae-0c54-4fed-b184-231d6db633e8: shutdown FollowerState
2019-10-31 11:57:57,734 [Thread-188] INFO  impl.RaftServerImpl (RaftServerImpl.java:setRole(173)) - 7d605aae-0c54-4fed-b184-231d6db633e8@group-55A4E0F85336: changes role from  FOLLOWER to CANDIDATE at term 0 for changeToCandidate
2019-10-31 11:57:57,735 [Thread-188] INFO  impl.RoleInfo (RoleInfo.java:updateAndGet(143)) - 7d605aae-0c54-4fed-b184-231d6db633e8: start LeaderElection
2019-10-31 11:57:57,762 [7d605aae-0c54-4fed-b184-231d6db633e8@group-55A4E0F85336-LeaderElection6] INFO  impl.LeaderElection (LeaderElection.java:askForVotes(178)) - 7d605aae-0c54-4fed-b184-231d6db633e8@group-55A4E0F85336-LeaderElection6: begin an election at term 1 for -1: [7d605aae-0c54-4fed-b184-231d6db633e8:192.168.157.202:43091, 354fb464-901d-4483-9688-530e748d6020:192.168.157.202:45550, 46b0f7c0-f33a-43ec-b645-2252266d545c:192.168.157.202:36267], old=null
 0.00% |?                                                                                                    |  0/1 Time: 0:00:012019-10-31 11:57:57,958 [354fb464-901d-4483-9688-530e748d6020@group-3619A596299B-SegmentedRaftLogWorker] INFO  segmented.SegmentedRaftLogWorker (SegmentedRaftLogWorker.java:execute(576)) - 354fb464-901d-4483-9688-530e748d6020@group-3619A596299B-SegmentedRaftLogWorker: created new log segment /workdir/hadoop-ozone/tools/target/test-dir/MiniOzoneClusterImpl-03cdfd41-b317-4d40-9cd5-ffdeafb88e39/datanode-1/data/ratis/5346f4d7-2039-4b95-9864-3619a596299b/current/log_inprogress_0
2019-10-31 11:57:57,958 [7d605aae-0c54-4fed-b184-231d6db633e8@group-1B1DDC29680D-SegmentedRaftLogWorker] INFO  segmented.SegmentedRaftLogWorker (SegmentedRaftLogWorker.java:execute(576)) - 7d605aae-0c54-4fed-b184-231d6db633e8@group-1B1DDC29680D-SegmentedRaftLogWorker: created new log segment /workdir/hadoop-ozone/tools/target/test-dir/MiniOzoneClusterImpl-03cdfd41-b317-4d40-9cd5-ffdeafb88e39/datanode-2/data/ratis/d0fe96ce-ef45-45cb-bb61-1b1ddc29680d/current/log_inprogress_0
2019-10-31 11:57:57,958 [46b0f7c0-f33a-43ec-b645-2252266d545c@group-53C16BAC7FD8-SegmentedRaftLogWorker] INFO  segmented.SegmentedRaftLogWorker (SegmentedRaftLogWorker.java:execute(576)) - 46b0f7c0-f33a-43ec-b645-2252266d545c@group-53C16BAC7FD8-SegmentedRaftLogWorker: created new log segment /workdir/hadoop-ozone/tools/target/test-dir/MiniOzoneClusterImpl-03cdfd41-b317-4d40-9cd5-ffdeafb88e39/datanode-0/data/ratis/629da6de-745e-4c38-ae2e-53c16bac7fd8/current/log_inprogress_0
2019-10-31 11:57:58,160 [354fb464-901d-4483-9688-530e748d6020@group-55A4E0F85336-LeaderElection4] INFO  impl.LeaderElection (LeaderElection.java:logAndReturn(56)) - 354fb464-901d-4483-9688-530e748d6020@group-55A4E0F85336-LeaderElection4: Election REJECTED; received 2 response(s) [354fb464-901d-4483-9688-530e748d6020<-7d605aae-0c54-4fed-b184-231d6db633e8#0:FAIL-t1, 354fb464-901d-4483-9688-530e748d6020<-46b0f7c0-f33a-43ec-b645-2252266d545c#0:FAIL-t1] and 0 exception(s); 354fb464-901d-4483-9688-530e748d6020@group-55A4E0F85336:t1, leader=null, voted=354fb464-901d-4483-9688-530e748d6020, raftlog=354fb464-901d-4483-9688-530e748d6020@group-55A4E0F85336-SegmentedRaftLog:OPENED:c-1,f-1,i0, conf=-1: [7d605aae-0c54-4fed-b184-231d6db633e8:192.168.157.202:43091, 354fb464-901d-4483-9688-530e748d6020:192.168.157.202:45550, 46b0f7c0-f33a-43ec-b645-2252266d545c:192.168.157.202:36267], old=null
2019-10-31 11:57:58,160 [7d605aae-0c54-4fed-b184-231d6db633e8@group-55A4E0F85336-LeaderElection6] INFO  impl.LeaderElection (LeaderElection.java:logAndReturn(56)) - 7d605aae-0c54-4fed-b184-231d6db633e8@group-55A4E0F85336-LeaderElection6: Election REJECTED; received 2 response(s) [7d605aae-0c54-4fed-b184-231d6db633e8<-354fb464-901d-4483-9688-530e748d6020#0:FAIL-t1, 7d605aae-0c54-4fed-b184-231d6db633e8<-46b0f7c0-f33a-43ec-b645-2252266d545c#0:FAIL-t1] and 0 exception(s); 7d605aae-0c54-4fed-b184-231d6db633e8@group-55A4E0F85336:t1, leader=null, voted=7d605aae-0c54-4fed-b184-231d6db633e8, raftlog=7d605aae-0c54-4fed-b184-231d6db633e8@group-55A4E0F85336-SegmentedRaftLog:OPENED:c-1,f-1,i0, conf=-1: [7d605aae-0c54-4fed-b184-231d6db633e8:192.168.157.202:43091, 354fb464-901d-4483-9688-530e748d6020:192.168.157.202:45550, 46b0f7c0-f33a-43ec-b645-2252266d545c:192.168.157.202:36267], old=null
2019-10-31 11:57:58,160 [46b0f7c0-f33a-43ec-b645-2252266d545c@group-55A4E0F85336-LeaderElection5] INFO  impl.LeaderElection (LeaderElection.java:logAndReturn(56)) - 46b0f7c0-f33a-43ec-b645-2252266d545c@group-55A4E0F85336-LeaderElection5: Election REJECTED; received 2 response(s) [46b0f7c0-f33a-43ec-b645-2252266d545c<-7d605aae-0c54-4fed-b184-231d6db633e8#0:FAIL-t1, 46b0f7c0-f33a-43ec-b645-2252266d545c<-354fb464-901d-4483-9688-530e748d6020#0:FAIL-t1] and 0 exception(s); 46b0f7c0-f33a-43ec-b645-2252266d545c@group-55A4E0F85336:t1, leader=null, voted=46b0f7c0-f33a-43ec-b645-2252266d545c, raftlog=46b0f7c0-f33a-43ec-b645-2252266d545c@group-55A4E0F85336-SegmentedRaftLog:OPENED:c-1,f-1,i0, conf=-1: [7d605aae-0c54-4fed-b184-231d6db633e8:192.168.157.202:43091, 354fb464-901d-4483-9688-530e748d6020:192.168.157.202:45550, 46b0f7c0-f33a-43ec-b645-2252266d545c:192.168.157.202:36267], old=null
2019-10-31 11:57:58,163 [354fb464-901d-4483-9688-530e748d6020@group-55A4E0F85336-LeaderElection4] INFO  impl.RaftServerImpl (RaftServerImpl.java:setRole(173)) - 354fb464-901d-4483-9688-530e748d6020@group-55A4E0F85336: changes role from CANDIDATE to FOLLOWER at term 1 for DISCOVERED_A_NEW_TERM
2019-10-31 11:57:58,163 [46b0f7c0-f33a-43ec-b645-2252266d545c@group-55A4E0F85336-LeaderElection5] INFO  impl.RaftServerImpl (RaftServerImpl.java:setRole(173)) - 46b0f7c0-f33a-43ec-b645-2252266d545c@group-55A4E0F85336: changes role from CANDIDATE to FOLLOWER at term 1 for DISCOVERED_A_NEW_TERM
2019-10-31 11:57:58,165 [354fb464-901d-4483-9688-530e748d6020@group-55A4E0F85336-LeaderElection4] INFO  impl.RoleInfo (RoleInfo.java:shutdownLeaderElection(134)) - 354fb464-901d-4483-9688-530e748d6020: shutdown LeaderElection
2019-10-31 11:57:58,163 [7d605aae-0c54-4fed-b184-231d6db633e8@group-55A4E0F85336-LeaderElection6] INFO  impl.RaftServerImpl (RaftServerImpl.java:setRole(173)) - 7d605aae-0c54-4fed-b184-231d6db633e8@group-55A4E0F85336: changes role from CANDIDATE to FOLLOWER at term 1 for DISCOVERED_A_NEW_TERM
2019-10-31 11:57:58,165 [46b0f7c0-f33a-43ec-b645-2252266d545c@group-55A4E0F85336-LeaderElection5] INFO  impl.RoleInfo (RoleInfo.java:shutdownLeaderElection(134)) - 46b0f7c0-f33a-43ec-b645-2252266d545c: shutdown LeaderElection
2019-10-31 11:57:58,166 [354fb464-901d-4483-9688-530e748d6020@group-55A4E0F85336-LeaderElection4] INFO  impl.RoleInfo (RoleInfo.java:updateAndGet(143)) - 354fb464-901d-4483-9688-530e748d6020: start FollowerState
2019-10-31 11:57:58,166 [7d605aae-0c54-4fed-b184-231d6db633e8@group-55A4E0F85336-LeaderElection6] INFO  impl.RoleInfo (RoleInfo.java:shutdownLeaderElection(134)) - 7d605aae-0c54-4fed-b184-231d6db633e8: shutdown LeaderElection
2019-10-31 11:57:58,166 [46b0f7c0-f33a-43ec-b645-2252266d545c@group-55A4E0F85336-LeaderElection5] INFO  impl.RoleInfo (RoleInfo.java:updateAndGet(143)) - 46b0f7c0-f33a-43ec-b645-2252266d545c: start FollowerState
2019-10-31 11:57:58,167 [7d605aae-0c54-4fed-b184-231d6db633e8@group-55A4E0F85336-LeaderElection6] INFO  impl.RoleInfo (RoleInfo.java:updateAndGet(143)) - 7d605aae-0c54-4fed-b184-231d6db633e8: start FollowerState
 0.00% |?                                                                                                    |  0/1 Time: 0:00:02 0.00% |?                                                                                                    |  0/1 Time: 0:00:03 0.00% |?                                                                                                    |  0/1 Time: 0:00:04 0.00% |?                                                                                                    |  0/1 Time: 0:00:05 0.00% |?                                                                                                    |  0/1 Time: 0:00:062019-10-31 11:58:03,229 [Thread-220] INFO  impl.FollowerState (FollowerState.java:run(111)) - 354fb464-901d-4483-9688-530e748d6020@group-55A4E0F85336-FollowerState: change to CANDIDATE, lastRpcTime:5063ms, electionTimeout:5062ms
2019-10-31 11:58:03,231 [Thread-220] INFO  impl.RoleInfo (RoleInfo.java:shutdownFollowerState(121)) - 354fb464-901d-4483-9688-530e748d6020: shutdown FollowerState
2019-10-31 11:58:03,231 [Thread-220] INFO  impl.RaftServerImpl (RaftServerImpl.java:setRole(173)) - 354fb464-901d-4483-9688-530e748d6020@group-55A4E0F85336: changes role from  FOLLOWER to CANDIDATE at term 1 for changeToCandidate
2019-10-31 11:58:03,232 [Thread-220] INFO  impl.RoleInfo (RoleInfo.java:updateAndGet(143)) - 354fb464-901d-4483-9688-530e748d6020: start LeaderElection
2019-10-31 11:58:03,247 [354fb464-901d-4483-9688-530e748d6020@group-55A4E0F85336-LeaderElection7] INFO  impl.LeaderElection (LeaderElection.java:askForVotes(178)) - 354fb464-901d-4483-9688-530e748d6020@group-55A4E0F85336-LeaderElection7: begin an election at term 2 for -1: [7d605aae-0c54-4fed-b184-231d6db633e8:192.168.157.202:43091, 354fb464-901d-4483-9688-530e748d6020:192.168.157.202:45550, 46b0f7c0-f33a-43ec-b645-2252266d545c:192.168.157.202:36267], old=null
2019-10-31 11:58:03,259 [grpc-default-executor-1] INFO  impl.RaftServerImpl (RaftServerImpl.java:setRole(173)) - 46b0f7c0-f33a-43ec-b645-2252266d545c@group-55A4E0F85336: changes role from  FOLLOWER to FOLLOWER at term 2 for recognizeCandidate:354fb464-901d-4483-9688-530e748d6020
2019-10-31 11:58:03,259 [grpc-default-executor-1] INFO  impl.RoleInfo (RoleInfo.java:shutdownFollowerState(121)) - 46b0f7c0-f33a-43ec-b645-2252266d545c: shutdown FollowerState
2019-10-31 11:58:03,259 [grpc-default-executor-0] INFO  impl.RaftServerImpl (RaftServerImpl.java:setRole(173)) - 7d605aae-0c54-4fed-b184-231d6db633e8@group-55A4E0F85336: changes role from  FOLLOWER to FOLLOWER at term 2 for recognizeCandidate:354fb464-901d-4483-9688-530e748d6020
2019-10-31 11:58:03,260 [grpc-default-executor-1] INFO  impl.RoleInfo (RoleInfo.java:updateAndGet(143)) - 46b0f7c0-f33a-43ec-b645-2252266d545c: start FollowerState
2019-10-31 11:58:03,260 [Thread-221] INFO  impl.FollowerState (FollowerState.java:run(120)) - 46b0f7c0-f33a-43ec-b645-2252266d545c@group-55A4E0F85336-FollowerState was interrupted: java.lang.InterruptedException: sleep interrupted
2019-10-31 11:58:03,260 [grpc-default-executor-0] INFO  impl.RoleInfo (RoleInfo.java:shutdownFollowerState(121)) - 7d605aae-0c54-4fed-b184-231d6db633e8: shutdown FollowerState
2019-10-31 11:58:03,261 [grpc-default-executor-0] INFO  impl.RoleInfo (RoleInfo.java:updateAndGet(143)) - 7d605aae-0c54-4fed-b184-231d6db633e8: start FollowerState
2019-10-31 11:58:03,261 [Thread-222] INFO  impl.FollowerState (FollowerState.java:run(120)) - 7d605aae-0c54-4fed-b184-231d6db633e8@group-55A4E0F85336-FollowerState was interrupted: java.lang.InterruptedException: sleep interrupted
2019-10-31 11:58:03,290 [354fb464-901d-4483-9688-530e748d6020@group-55A4E0F85336-LeaderElection7] INFO  impl.LeaderElection (LeaderElection.java:logAndReturn(56)) - 354fb464-901d-4483-9688-530e748d6020@group-55A4E0F85336-LeaderElection7: Election PASSED; received 1 response(s) [354fb464-901d-4483-9688-530e748d6020<-7d605aae-0c54-4fed-b184-231d6db633e8#0:OK-t2] and 0 exception(s); 354fb464-901d-4483-9688-530e748d6020@group-55A4E0F85336:t2, leader=null, voted=354fb464-901d-4483-9688-530e748d6020, raftlog=354fb464-901d-4483-9688-530e748d6020@group-55A4E0F85336-SegmentedRaftLog:OPENED:c-1,f-1,i0, conf=-1: [7d605aae-0c54-4fed-b184-231d6db633e8:192.168.157.202:43091, 354fb464-901d-4483-9688-530e748d6020:192.168.157.202:45550, 46b0f7c0-f33a-43ec-b645-2252266d545c:192.168.157.202:36267], old=null
2019-10-31 11:58:03,291 [354fb464-901d-4483-9688-530e748d6020@group-55A4E0F85336-LeaderElection7] INFO  impl.RoleInfo (RoleInfo.java:shutdownLeaderElection(134)) - 354fb464-901d-4483-9688-530e748d6020: shutdown LeaderElection
2019-10-31 11:58:03,293 [354fb464-901d-4483-9688-530e748d6020@group-55A4E0F85336-LeaderElection7] INFO  impl.RaftServerImpl (RaftServerImpl.java:setRole(173)) - 354fb464-901d-4483-9688-530e748d6020@group-55A4E0F85336: changes role from CANDIDATE to LEADER at term 2 for changeToLeader
2019-10-31 11:58:03,293 [354fb464-901d-4483-9688-530e748d6020@group-55A4E0F85336-LeaderElection7] INFO  impl.RaftServerImpl (ServerState.java:setLeader(255)) - 354fb464-901d-4483-9688-530e748d6020@group-55A4E0F85336: change Leader from null to 354fb464-901d-4483-9688-530e748d6020 at term 2 for becomeLeader, leader elected after 10899ms
2019-10-31 11:58:03,293 [354fb464-901d-4483-9688-530e748d6020@group-55A4E0F85336-LeaderElection7] INFO  server.RaftServerConfigKeys (ConfUtils.java:logGet(43)) - raft.server.staging.catchup.gap = 1000 (default)
2019-10-31 11:58:03,294 [354fb464-901d-4483-9688-530e748d6020@group-55A4E0F85336-LeaderElection7] INFO  server.RaftServerConfigKeys (ConfUtils.java:logGet(43)) - raft.server.rpc.sleep.time = 25ms (default)
2019-10-31 11:58:03,294 [354fb464-901d-4483-9688-530e748d6020@group-55A4E0F85336-LeaderElection7] INFO  server.RaftServerConfigKeys (ConfUtils.java:logGet(43)) - raft.server.write.element-limit = 4096 (default)
2019-10-31 11:58:03,295 [354fb464-901d-4483-9688-530e748d6020@group-55A4E0F85336-LeaderElection7] INFO  server.RaftServerConfigKeys (ConfUtils.java:logGet(43)) - raft.server.watch.timeout = 10s (default)
2019-10-31 11:58:03,295 [354fb464-901d-4483-9688-530e748d6020@group-55A4E0F85336-LeaderElection7] INFO  server.RaftServerConfigKeys (ConfUtils.java:logGet(43)) - raft.server.watch.timeout.denomination = 1s (default)
2019-10-31 11:58:03,295 [354fb464-901d-4483-9688-530e748d6020@group-55A4E0F85336-LeaderElection7] INFO  server.RaftServerConfigKeys (ConfUtils.java:logGet(43)) - raft.server.watch.element-limit = 65536 (default)
2019-10-31 11:58:03,301 [354fb464-901d-4483-9688-530e748d6020@group-55A4E0F85336-LeaderElection7] INFO  server.RaftServerConfigKeys (ConfUtils.java:logGet(43)) - raft.server.log.appender.snapshot.chunk.size.max = 16MB (=16777216) (default)
2019-10-31 11:58:03,301 [354fb464-901d-4483-9688-530e748d6020@group-55A4E0F85336-LeaderElection7] INFO  server.RaftServerConfigKeys (ConfUtils.java:logGet(43)) - raft.server.log.appender.buffer.byte-limit = 33554432 (custom)
2019-10-31 11:58:03,304 [354fb464-901d-4483-9688-530e748d6020@group-55A4E0F85336-LeaderElection7] INFO  server.RaftServerConfigKeys (ConfUtils.java:logGet(43)) - raft.server.log.appender.buffer.element-limit = 1 (custom)
2019-10-31 11:58:03,310 [354fb464-901d-4483-9688-530e748d6020@group-55A4E0F85336-LeaderElection7] INFO  grpc.GrpcConfigKeys$Server (ConfUtils.java:logGet(43)) - raft.grpc.server.leader.outstanding.appends.max = 128 (default)
2019-10-31 11:58:03,311 [354fb464-901d-4483-9688-530e748d6020@group-55A4E0F85336-LeaderElection7] INFO  server.RaftServerConfigKeys (ConfUtils.java:logGet(43)) - raft.server.rpc.request.timeout = 3000ms (default)
2019-10-31 11:58:03,311 [354fb464-901d-4483-9688-530e748d6020@group-55A4E0F85336-LeaderElection7] INFO  server.RaftServerConfigKeys (ConfUtils.java:logGet(43)) - raft.server.log.appender.install.snapshot.enabled = false (custom)
2019-10-31 11:58:03,313 [354fb464-901d-4483-9688-530e748d6020@group-55A4E0F85336-LeaderElection7] WARN  impl.MetricRegistriesImpl (MetricRegistriesImpl.java:lambda$create$1(61)) - First MetricRegistry has been created without registering reporters. You may need to call MetricRegistries.global().addReportRegistration(...) before.
2019-10-31 11:58:03,315 [354fb464-901d-4483-9688-530e748d6020@group-55A4E0F85336-LeaderElection7] INFO  server.RaftServerConfigKeys (ConfUtils.java:logGet(43)) - raft.server.log.appender.snapshot.chunk.size.max = 16MB (=16777216) (default)
2019-10-31 11:58:03,315 [354fb464-901d-4483-9688-530e748d6020@group-55A4E0F85336-LeaderElection7] INFO  server.RaftServerConfigKeys (ConfUtils.java:logGet(43)) - raft.server.log.appender.buffer.byte-limit = 33554432 (custom)
2019-10-31 11:58:03,315 [354fb464-901d-4483-9688-530e748d6020@group-55A4E0F85336-LeaderElection7] INFO  server.RaftServerConfigKeys (ConfUtils.java:logGet(43)) - raft.server.log.appender.buffer.element-limit = 1 (custom)
2019-10-31 11:58:03,316 [354fb464-901d-4483-9688-530e748d6020@group-55A4E0F85336-LeaderElection7] INFO  grpc.GrpcConfigKeys$Server (ConfUtils.java:logGet(43)) - raft.grpc.server.leader.outstanding.appends.max = 128 (default)
2019-10-31 11:58:03,316 [354fb464-901d-4483-9688-530e748d6020@group-55A4E0F85336-LeaderElection7] INFO  server.RaftServerConfigKeys (ConfUtils.java:logGet(43)) - raft.server.rpc.request.timeout = 3000ms (default)
2019-10-31 11:58:03,316 [354fb464-901d-4483-9688-530e748d6020@group-55A4E0F85336-LeaderElection7] INFO  server.RaftServerConfigKeys (ConfUtils.java:logGet(43)) - raft.server.log.appender.install.snapshot.enabled = false (custom)
2019-10-31 11:58:03,318 [354fb464-901d-4483-9688-530e748d6020@group-55A4E0F85336-LeaderElection7] INFO  impl.RoleInfo (RoleInfo.java:updateAndGet(143)) - 354fb464-901d-4483-9688-530e748d6020: start LeaderState
2019-10-31 11:58:03,319 [354fb464-901d-4483-9688-530e748d6020@group-55A4E0F85336-LeaderElection7] INFO  segmented.SegmentedRaftLogWorker (SegmentedRaftLogWorker.java:startLogSegment(385)) - 354fb464-901d-4483-9688-530e748d6020@group-55A4E0F85336-SegmentedRaftLogWorker: Starting segment from index:0
2019-10-31 11:58:03,321 [354fb464-901d-4483-9688-530e748d6020@group-55A4E0F85336-LeaderElection7] INFO  impl.RaftServerImpl (ServerState.java:setRaftConf(356)) - 354fb464-901d-4483-9688-530e748d6020@group-55A4E0F85336: set configuration 0: [7d605aae-0c54-4fed-b184-231d6db633e8:192.168.157.202:43091, 354fb464-901d-4483-9688-530e748d6020:192.168.157.202:45550, 46b0f7c0-f33a-43ec-b645-2252266d545c:192.168.157.202:36267], old=null at 0
2019-10-31 11:58:03,362 [354fb464-901d-4483-9688-530e748d6020@group-55A4E0F85336-SegmentedRaftLogWorker] INFO  segmented.SegmentedRaftLogWorker (SegmentedRaftLogWorker.java:execute(576)) - 354fb464-901d-4483-9688-530e748d6020@group-55A4E0F85336-SegmentedRaftLogWorker: created new log segment /workdir/hadoop-ozone/tools/target/test-dir/MiniOzoneClusterImpl-03cdfd41-b317-4d40-9cd5-ffdeafb88e39/datanode-1/data/ratis/a1a9454e-bf40-4a8e-a203-55a4e0f85336/current/log_inprogress_0
2019-10-31 11:58:03,369 [grpc-default-executor-0] INFO  impl.RaftServerImpl (ServerState.java:setLeader(255)) - 7d605aae-0c54-4fed-b184-231d6db633e8@group-55A4E0F85336: change Leader from null to 354fb464-901d-4483-9688-530e748d6020 at term 2 for appendEntries, leader elected after 10975ms
2019-10-31 11:58:03,369 [grpc-default-executor-1] INFO  impl.RaftServerImpl (ServerState.java:setLeader(255)) - 46b0f7c0-f33a-43ec-b645-2252266d545c@group-55A4E0F85336: change Leader from null to 354fb464-901d-4483-9688-530e748d6020 at term 2 for appendEntries, leader elected after 10976ms
2019-10-31 11:58:03,389 [grpc-default-executor-0] INFO  impl.RaftServerImpl (ServerState.java:setRaftConf(356)) - 7d605aae-0c54-4fed-b184-231d6db633e8@group-55A4E0F85336: set configuration 0: [7d605aae-0c54-4fed-b184-231d6db633e8:192.168.157.202:43091, 354fb464-901d-4483-9688-530e748d6020:192.168.157.202:45550, 46b0f7c0-f33a-43ec-b645-2252266d545c:192.168.157.202:36267], old=null at 0
2019-10-31 11:58:03,389 [grpc-default-executor-1] INFO  impl.RaftServerImpl (ServerState.java:setRaftConf(356)) - 46b0f7c0-f33a-43ec-b645-2252266d545c@group-55A4E0F85336: set configuration 0: [7d605aae-0c54-4fed-b184-231d6db633e8:192.168.157.202:43091, 354fb464-901d-4483-9688-530e748d6020:192.168.157.202:45550, 46b0f7c0-f33a-43ec-b645-2252266d545c:192.168.157.202:36267], old=null at 0
2019-10-31 11:58:03,389 [grpc-default-executor-0] INFO  segmented.SegmentedRaftLogWorker (SegmentedRaftLogWorker.java:startLogSegment(385)) - 7d605aae-0c54-4fed-b184-231d6db633e8@group-55A4E0F85336-SegmentedRaftLogWorker: Starting segment from index:0
2019-10-31 11:58:03,390 [grpc-default-executor-1] INFO  segmented.SegmentedRaftLogWorker (SegmentedRaftLogWorker.java:startLogSegment(385)) - 46b0f7c0-f33a-43ec-b645-2252266d545c@group-55A4E0F85336-SegmentedRaftLogWorker: Starting segment from index:0
2019-10-31 11:58:03,426 [7d605aae-0c54-4fed-b184-231d6db633e8@group-55A4E0F85336-SegmentedRaftLogWorker] INFO  segmented.SegmentedRaftLogWorker (SegmentedRaftLogWorker.java:execute(576)) - 7d605aae-0c54-4fed-b184-231d6db633e8@group-55A4E0F85336-SegmentedRaftLogWorker: created new log segment /workdir/hadoop-ozone/tools/target/test-dir/MiniOzoneClusterImpl-03cdfd41-b317-4d40-9cd5-ffdeafb88e39/datanode-2/data/ratis/a1a9454e-bf40-4a8e-a203-55a4e0f85336/current/log_inprogress_0
2019-10-31 11:58:03,426 [46b0f7c0-f33a-43ec-b645-2252266d545c@group-55A4E0F85336-SegmentedRaftLogWorker] INFO  segmented.SegmentedRaftLogWorker (SegmentedRaftLogWorker.java:execute(576)) - 46b0f7c0-f33a-43ec-b645-2252266d545c@group-55A4E0F85336-SegmentedRaftLogWorker: created new log segment /workdir/hadoop-ozone/tools/target/test-dir/MiniOzoneClusterImpl-03cdfd41-b317-4d40-9cd5-ffdeafb88e39/datanode-0/data/ratis/a1a9454e-bf40-4a8e-a203-55a4e0f85336/current/log_inprogress_0
 0.00% |?                                                                                                    |  0/1 Time: 0:00:07 0.00% |?                                                                                                    |  0/1 Time: 0:00:08 0.00% |?                                                                                                    |  0/1 Time: 0:00:09 0.00% |?                                                                                                    |  0/1 Time: 0:00:10 100.00% |?????????????????????????????????????????????????????????????????????????????????????????????????????|  1/1 Time: 0:00:11
2019-10-31 11:58:12,601 [main] INFO  pipeline.SCMPipelineManager (SCMPipelineManager.java:finalizeAndDestroyPipeline(333)) - destroying pipeline:Pipeline[ Id: a1a9454e-bf40-4a8e-a203-55a4e0f85336, Nodes: 46b0f7c0-f33a-43ec-b645-2252266d545c{ip: 192.168.157.202, host: pr-hdds-2034-79z24-2056997790, networkLocation: /default-rack, certSerialId: null}7d605aae-0c54-4fed-b184-231d6db633e8{ip: 192.168.157.202, host: pr-hdds-2034-79z24-2056997790, networkLocation: /default-rack, certSerialId: null}354fb464-901d-4483-9688-530e748d6020{ip: 192.168.157.202, host: pr-hdds-2034-79z24-2056997790, networkLocation: /default-rack, certSerialId: null}, Type:RATIS, Factor:THREE, State:OPEN]
2019-10-31 11:58:12,603 [main] INFO  pipeline.PipelineStateManager (PipelineStateManager.java:finalizePipeline(123)) - Pipeline Pipeline[ Id: a1a9454e-bf40-4a8e-a203-55a4e0f85336, Nodes: 46b0f7c0-f33a-43ec-b645-2252266d545c{ip: 192.168.157.202, host: pr-hdds-2034-79z24-2056997790, networkLocation: /default-rack, certSerialId: null}7d605aae-0c54-4fed-b184-231d6db633e8{ip: 192.168.157.202, host: pr-hdds-2034-79z24-2056997790, networkLocation: /default-rack, certSerialId: null}354fb464-901d-4483-9688-530e748d6020{ip: 192.168.157.202, host: pr-hdds-2034-79z24-2056997790, networkLocation: /default-rack, certSerialId: null}, Type:RATIS, Factor:THREE, State:CLOSED] moved to CLOSED state
2019-10-31 11:58:12,603 [EventQueue-CloseContainerForCloseContainerEventHandler] INFO  container.CloseContainerEventHandler (CloseContainerEventHandler.java:onMessage(61)) - Close container Event triggered for container : #1
2019-10-31 11:58:12,605 [main] INFO  pipeline.RatisPipelineProvider (RatisPipelineProvider.java:lambda$close$5(208)) - Send pipeline:PipelineID=a1a9454e-bf40-4a8e-a203-55a4e0f85336 close command to datanode 46b0f7c0-f33a-43ec-b645-2252266d545c
2019-10-31 11:58:12,606 [main] INFO  pipeline.RatisPipelineProvider (RatisPipelineProvider.java:lambda$close$5(208)) - Send pipeline:PipelineID=a1a9454e-bf40-4a8e-a203-55a4e0f85336 close command to datanode 7d605aae-0c54-4fed-b184-231d6db633e8
2019-10-31 11:58:12,606 [main] INFO  pipeline.RatisPipelineProvider (RatisPipelineProvider.java:lambda$close$5(208)) - Send pipeline:PipelineID=a1a9454e-bf40-4a8e-a203-55a4e0f85336 close command to datanode 354fb464-901d-4483-9688-530e748d6020
2019-10-31 11:58:12,607 [main] INFO  pipeline.PipelineStateManager (PipelineStateManager.java:removePipeline(108)) - Pipeline Pipeline[ Id: a1a9454e-bf40-4a8e-a203-55a4e0f85336, Nodes: 46b0f7c0-f33a-43ec-b645-2252266d545c{ip: 192.168.157.202, host: pr-hdds-2034-79z24-2056997790, networkLocation: /default-rack, certSerialId: null}7d605aae-0c54-4fed-b184-231d6db633e8{ip: 192.168.157.202, host: pr-hdds-2034-79z24-2056997790, networkLocation: /default-rack, certSerialId: null}354fb464-901d-4483-9688-530e748d6020{ip: 192.168.157.202, host: pr-hdds-2034-79z24-2056997790, networkLocation: /default-rack, certSerialId: null}, Type:RATIS, Factor:THREE, State:CLOSED] removed from db
2019-10-31 11:58:12,607 [EventQueue-CloseContainerForCloseContainerEventHandler] INFO  container.CloseContainerEventHandler (CloseContainerEventHandler.java:onMessage(61)) - Close container Event triggered for container : #2
2019-10-31 11:58:12,609 [EventQueue-CloseContainerForCloseContainerEventHandler] ERROR container.CloseContainerEventHandler (CloseContainerEventHandler.java:onMessage(89)) - Failed to close the container #2.
org.apache.hadoop.hdds.scm.pipeline.PipelineNotFoundException: PipelineID=a1a9454e-bf40-4a8e-a203-55a4e0f85336 not found
	at org.apache.hadoop.hdds.scm.pipeline.PipelineStateMap.removeContainerFromPipeline(PipelineStateMap.java:351)
	at org.apache.hadoop.hdds.scm.pipeline.PipelineStateManager.removeContainerFromPipeline(PipelineStateManager.java:114)
	at org.apache.hadoop.hdds.scm.pipeline.SCMPipelineManager.removeContainerFromPipeline(SCMPipelineManager.java:286)
	at org.apache.hadoop.hdds.scm.container.SCMContainerManager.updateContainerState(SCMContainerManager.java:331)
	at org.apache.hadoop.hdds.scm.container.CloseContainerEventHandler.onMessage(CloseContainerEventHandler.java:66)
	at org.apache.hadoop.hdds.scm.container.CloseContainerEventHandler.onMessage(CloseContainerEventHandler.java:45)
	at org.apache.hadoop.hdds.server.events.SingleThreadExecutor.lambda$onMessage$1(SingleThreadExecutor.java:85)
	at java.util.concurrent.ThreadPoolExecutor.runWorker(ThreadPoolExecutor.java:1149)
	at java.util.concurrent.ThreadPoolExecutor$Worker.run(ThreadPoolExecutor.java:624)
	at java.lang.Thread.run(Thread.java:748)
2019-10-31 11:58:12,610 [RatisPipelineUtilsThread] INFO  pipeline.RatisPipelineProvider (RatisPipelineProvider.java:lambda$create$4(163)) - Send pipeline:PipelineID=2cf35436-58d1-4bf2-bd81-c67331a58cc8 create command to datanode 46b0f7c0-f33a-43ec-b645-2252266d545c
2019-10-31 11:58:12,611 [EventQueue-CloseContainerForCloseContainerEventHandler] INFO  container.CloseContainerEventHandler (CloseContainerEventHandler.java:onMessage(61)) - Close container Event triggered for container : #3
2019-10-31 11:58:12,614 [RatisPipelineUtilsThread] INFO  pipeline.RatisPipelineProvider (RatisPipelineProvider.java:lambda$create$4(163)) - Send pipeline:PipelineID=2cf35436-58d1-4bf2-bd81-c67331a58cc8 create command to datanode 7d605aae-0c54-4fed-b184-231d6db633e8
2019-10-31 11:58:12,614 [RatisPipelineUtilsThread] INFO  pipeline.RatisPipelineProvider (RatisPipelineProvider.java:lambda$create$4(163)) - Send pipeline:PipelineID=2cf35436-58d1-4bf2-bd81-c67331a58cc8 create command to datanode 354fb464-901d-4483-9688-530e748d6020
2019-10-31 11:58:12,616 [EventQueue-CloseContainerForCloseContainerEventHandler] ERROR container.CloseContainerEventHandler (CloseContainerEventHandler.java:onMessage(89)) - Failed to close the container #3.
org.apache.hadoop.hdds.scm.pipeline.PipelineNotFoundException: PipelineID=a1a9454e-bf40-4a8e-a203-55a4e0f85336 not found
	at org.apache.hadoop.hdds.scm.pipeline.PipelineStateMap.removeContainerFromPipeline(PipelineStateMap.java:351)
	at org.apache.hadoop.hdds.scm.pipeline.PipelineStateManager.removeContainerFromPipeline(PipelineStateManager.java:114)
	at org.apache.hadoop.hdds.scm.pipeline.SCMPipelineManager.removeContainerFromPipeline(SCMPipelineManager.java:286)
	at org.apache.hadoop.hdds.scm.container.SCMContainerManager.updateContainerState(SCMContainerManager.java:331)
	at org.apache.hadoop.hdds.scm.container.CloseContainerEventHandler.onMessage(CloseContainerEventHandler.java:66)
	at org.apache.hadoop.hdds.scm.container.CloseContainerEventHandler.onMessage(CloseContainerEventHandler.java:45)
	at org.apache.hadoop.hdds.server.events.SingleThreadExecutor.lambda$onMessage$1(SingleThreadExecutor.java:85)
	at java.util.concurrent.ThreadPoolExecutor.runWorker(ThreadPoolExecutor.java:1149)
	at java.util.concurrent.ThreadPoolExecutor$Worker.run(ThreadPoolExecutor.java:624)
	at java.lang.Thread.run(Thread.java:748)
2019-10-31 11:58:12,704 [main] INFO  freon.RandomKeyGenerator (RandomKeyGenerator.java:call(283)) - Number of Threads: 10
2019-10-31 11:58:12,704 [main] INFO  freon.RandomKeyGenerator (RandomKeyGenerator.java:call(288)) - Number of Volumes: 1.
2019-10-31 11:58:12,705 [main] INFO  freon.RandomKeyGenerator (RandomKeyGenerator.java:call(289)) - Number of Buckets per Volume: 1.
2019-10-31 11:58:12,705 [main] INFO  freon.RandomKeyGenerator (RandomKeyGenerator.java:call(290)) - Number of Keys per Bucket: 1.
2019-10-31 11:58:12,705 [main] INFO  freon.RandomKeyGenerator (RandomKeyGenerator.java:call(291)) - Key size: 20971520 bytes
2019-10-31 11:58:12,705 [main] INFO  freon.RandomKeyGenerator (RandomKeyGenerator.java:call(292)) - Buffer size: 4096 bytes
2019-10-31 11:58:12,705 [main] INFO  freon.RandomKeyGenerator (RandomKeyGenerator.java:call(293)) - validateWrites : true
2019-10-31 11:58:12,707 [main] INFO  freon.RandomKeyGenerator (RandomKeyGenerator.java:call(307)) - Data validation is enabled.
2019-10-31 11:58:12,707 [main] INFO  freon.RandomKeyGenerator (RandomKeyGenerator.java:call(313)) - Starting progress bar Thread.
2019-10-31 11:58:12,707 [pool-59-thread-1] INFO  rpc.RpcClient (RpcClient.java:createVolume(291)) - Creating Volume: vol-0-66770, with jenkins1000 as owner.

 0.00% |?                                                                                                    |  0/1 Time: 0:00:002019-10-31 11:58:12,713 [IPC Server handler 1 on 40527] INFO  volume.OMVolumeCreateRequest (OMVolumeCreateRequest.java:validateAndUpdateCache(193)) - created volume:vol-0-66770 for user:jenkins1000
2019-10-31 11:58:12,738 [pool-59-thread-2] INFO  rpc.RpcClient (RpcClient.java:createBucket(430)) - Creating Bucket: vol-0-66770/bucket-0-06652, with Versioning false and Storage Type set to DISK and Encryption set to false 
2019-10-31 11:58:12,777 [IPC Server handler 0 on 44374] WARN  block.BlockManagerImpl (BlockManagerImpl.java:allocateBlock(203)) - Pipeline creation failed for type:RATIS factor:THREE. Retrying get pipelines call once.
org.apache.hadoop.hdds.scm.pipeline.InsufficientDatanodesException: Cannot create pipeline of factor 3 using 0 nodes.
	at org.apache.hadoop.hdds.scm.pipeline.RatisPipelineProvider.create(RatisPipelineProvider.java:144)
	at org.apache.hadoop.hdds.scm.pipeline.PipelineFactory.create(PipelineFactory.java:60)
	at org.apache.hadoop.hdds.scm.pipeline.SCMPipelineManager.createPipeline(SCMPipelineManager.java:159)
	at org.apache.hadoop.hdds.scm.block.BlockManagerImpl.allocateBlock(BlockManagerImpl.java:199)
	at org.apache.hadoop.hdds.scm.server.SCMBlockProtocolServer.allocateBlock(SCMBlockProtocolServer.java:187)
	at org.apache.hadoop.hdds.scm.protocol.ScmBlockLocationProtocolServerSideTranslatorPB.allocateScmBlock(ScmBlockLocationProtocolServerSideTranslatorPB.java:159)
	at org.apache.hadoop.hdds.scm.protocol.ScmBlockLocationProtocolServerSideTranslatorPB.processMessage(ScmBlockLocationProtocolServerSideTranslatorPB.java:117)
	at org.apache.hadoop.hdds.server.OzoneProtocolMessageDispatcher.processRequest(OzoneProtocolMessageDispatcher.java:72)
	at org.apache.hadoop.hdds.scm.protocol.ScmBlockLocationProtocolServerSideTranslatorPB.send(ScmBlockLocationProtocolServerSideTranslatorPB.java:98)
	at org.apache.hadoop.hdds.protocol.proto.ScmBlockLocationProtocolProtos$ScmBlockLocationProtocolService$2.callBlockingMethod(ScmBlockLocationProtocolProtos.java:13157)
	at org.apache.hadoop.ipc.ProtobufRpcEngine$Server$ProtoBufRpcInvoker.call(ProtobufRpcEngine.java:524)
	at org.apache.hadoop.ipc.RPC$Server.call(RPC.java:1025)
	at org.apache.hadoop.ipc.Server$RpcCall.run(Server.java:876)
	at org.apache.hadoop.ipc.Server$RpcCall.run(Server.java:822)
	at java.security.AccessController.doPrivileged(Native Method)
	at javax.security.auth.Subject.doAs(Subject.java:422)
	at org.apache.hadoop.security.UserGroupInformation.doAs(UserGroupInformation.java:1730)
	at org.apache.hadoop.ipc.Server$Handler.run(Server.java:2682)
2019-10-31 11:58:12,777 [IPC Server handler 0 on 44374] INFO  block.BlockManagerImpl (BlockManagerImpl.java:allocateBlock(215)) - Could not find available pipeline of type:RATIS and factor:THREE even after retrying
2019-10-31 11:58:12,777 [IPC Server handler 0 on 44374] ERROR block.BlockManagerImpl (BlockManagerImpl.java:allocateBlock(239)) - Unable to allocate a block for the size: 4194304, type: RATIS, factor: THREE
2019-10-31 11:58:12,778 [IPC Server handler 0 on 44374] WARN  block.BlockManagerImpl (BlockManagerImpl.java:allocateBlock(203)) - Pipeline creation failed for type:RATIS factor:THREE. Retrying get pipelines call once.
org.apache.hadoop.hdds.scm.pipeline.InsufficientDatanodesException: Cannot create pipeline of factor 3 using 0 nodes.
	at org.apache.hadoop.hdds.scm.pipeline.RatisPipelineProvider.create(RatisPipelineProvider.java:144)
	at org.apache.hadoop.hdds.scm.pipeline.PipelineFactory.create(PipelineFactory.java:60)
	at org.apache.hadoop.hdds.scm.pipeline.SCMPipelineManager.createPipeline(SCMPipelineManager.java:159)
	at org.apache.hadoop.hdds.scm.block.BlockManagerImpl.allocateBlock(BlockManagerImpl.java:199)
	at org.apache.hadoop.hdds.scm.server.SCMBlockProtocolServer.allocateBlock(SCMBlockProtocolServer.java:187)
	at org.apache.hadoop.hdds.scm.protocol.ScmBlockLocationProtocolServerSideTranslatorPB.allocateScmBlock(ScmBlockLocationProtocolServerSideTranslatorPB.java:159)
	at org.apache.hadoop.hdds.scm.protocol.ScmBlockLocationProtocolServerSideTranslatorPB.processMessage(ScmBlockLocationProtocolServerSideTranslatorPB.java:117)
	at org.apache.hadoop.hdds.server.OzoneProtocolMessageDispatcher.processRequest(OzoneProtocolMessageDispatcher.java:72)
	at org.apache.hadoop.hdds.scm.protocol.ScmBlockLocationProtocolServerSideTranslatorPB.send(ScmBlockLocationProtocolServerSideTranslatorPB.java:98)
	at org.apache.hadoop.hdds.protocol.proto.ScmBlockLocationProtocolProtos$ScmBlockLocationProtocolService$2.callBlockingMethod(ScmBlockLocationProtocolProtos.java:13157)
	at org.apache.hadoop.ipc.ProtobufRpcEngine$Server$ProtoBufRpcInvoker.call(ProtobufRpcEngine.java:524)
	at org.apache.hadoop.ipc.RPC$Server.call(RPC.java:1025)
	at org.apache.hadoop.ipc.Server$RpcCall.run(Server.java:876)
	at org.apache.hadoop.ipc.Server$RpcCall.run(Server.java:822)
	at java.security.AccessController.doPrivileged(Native Method)
	at javax.security.auth.Subject.doAs(Subject.java:422)
	at org.apache.hadoop.security.UserGroupInformation.doAs(UserGroupInformation.java:1730)
	at org.apache.hadoop.ipc.Server$Handler.run(Server.java:2682)
2019-10-31 11:58:12,778 [IPC Server handler 0 on 44374] INFO  block.BlockManagerImpl (BlockManagerImpl.java:allocateBlock(215)) - Could not find available pipeline of type:RATIS and factor:THREE even after retrying
2019-10-31 11:58:12,778 [IPC Server handler 0 on 44374] ERROR block.BlockManagerImpl (BlockManagerImpl.java:allocateBlock(239)) - Unable to allocate a block for the size: 4194304, type: RATIS, factor: THREE
2019-10-31 11:58:12,779 [IPC Server handler 0 on 44374] WARN  block.BlockManagerImpl (BlockManagerImpl.java:allocateBlock(203)) - Pipeline creation failed for type:RATIS factor:THREE. Retrying get pipelines call once.
org.apache.hadoop.hdds.scm.pipeline.InsufficientDatanodesException: Cannot create pipeline of factor 3 using 0 nodes.
	at org.apache.hadoop.hdds.scm.pipeline.RatisPipelineProvider.create(RatisPipelineProvider.java:144)
	at org.apache.hadoop.hdds.scm.pipeline.PipelineFactory.create(PipelineFactory.java:60)
	at org.apache.hadoop.hdds.scm.pipeline.SCMPipelineManager.createPipeline(SCMPipelineManager.java:159)
	at org.apache.hadoop.hdds.scm.block.BlockManagerImpl.allocateBlock(BlockManagerImpl.java:199)
	at org.apache.hadoop.hdds.scm.server.SCMBlockProtocolServer.allocateBlock(SCMBlockProtocolServer.java:187)
	at org.apache.hadoop.hdds.scm.protocol.ScmBlockLocationProtocolServerSideTranslatorPB.allocateScmBlock(ScmBlockLocationProtocolServerSideTranslatorPB.java:159)
	at org.apache.hadoop.hdds.scm.protocol.ScmBlockLocationProtocolServerSideTranslatorPB.processMessage(ScmBlockLocationProtocolServerSideTranslatorPB.java:117)
	at org.apache.hadoop.hdds.server.OzoneProtocolMessageDispatcher.processRequest(OzoneProtocolMessageDispatcher.java:72)
	at org.apache.hadoop.hdds.scm.protocol.ScmBlockLocationProtocolServerSideTranslatorPB.send(ScmBlockLocationProtocolServerSideTranslatorPB.java:98)
	at org.apache.hadoop.hdds.protocol.proto.ScmBlockLocationProtocolProtos$ScmBlockLocationProtocolService$2.callBlockingMethod(ScmBlockLocationProtocolProtos.java:13157)
	at org.apache.hadoop.ipc.ProtobufRpcEngine$Server$ProtoBufRpcInvoker.call(ProtobufRpcEngine.java:524)
	at org.apache.hadoop.ipc.RPC$Server.call(RPC.java:1025)
	at org.apache.hadoop.ipc.Server$RpcCall.run(Server.java:876)
	at org.apache.hadoop.ipc.Server$RpcCall.run(Server.java:822)
	at java.security.AccessController.doPrivileged(Native Method)
	at javax.security.auth.Subject.doAs(Subject.java:422)
	at org.apache.hadoop.security.UserGroupInformation.doAs(UserGroupInformation.java:1730)
	at org.apache.hadoop.ipc.Server$Handler.run(Server.java:2682)
2019-10-31 11:58:12,779 [IPC Server handler 0 on 44374] INFO  block.BlockManagerImpl (BlockManagerImpl.java:allocateBlock(215)) - Could not find available pipeline of type:RATIS and factor:THREE even after retrying
2019-10-31 11:58:12,780 [IPC Server handler 0 on 44374] ERROR block.BlockManagerImpl (BlockManagerImpl.java:allocateBlock(239)) - Unable to allocate a block for the size: 4194304, type: RATIS, factor: THREE
2019-10-31 11:58:12,780 [IPC Server handler 0 on 44374] WARN  block.BlockManagerImpl (BlockManagerImpl.java:allocateBlock(203)) - Pipeline creation failed for type:RATIS factor:THREE. Retrying get pipelines call once.
org.apache.hadoop.hdds.scm.pipeline.InsufficientDatanodesException: Cannot create pipeline of factor 3 using 0 nodes.
	at org.apache.hadoop.hdds.scm.pipeline.RatisPipelineProvider.create(RatisPipelineProvider.java:144)
	at org.apache.hadoop.hdds.scm.pipeline.PipelineFactory.create(PipelineFactory.java:60)
	at org.apache.hadoop.hdds.scm.pipeline.SCMPipelineManager.createPipeline(SCMPipelineManager.java:159)
	at org.apache.hadoop.hdds.scm.block.BlockManagerImpl.allocateBlock(BlockManagerImpl.java:199)
	at org.apache.hadoop.hdds.scm.server.SCMBlockProtocolServer.allocateBlock(SCMBlockProtocolServer.java:187)
	at org.apache.hadoop.hdds.scm.protocol.ScmBlockLocationProtocolServerSideTranslatorPB.allocateScmBlock(ScmBlockLocationProtocolServerSideTranslatorPB.java:159)
	at org.apache.hadoop.hdds.scm.protocol.ScmBlockLocationProtocolServerSideTranslatorPB.processMessage(ScmBlockLocationProtocolServerSideTranslatorPB.java:117)
	at org.apache.hadoop.hdds.server.OzoneProtocolMessageDispatcher.processRequest(OzoneProtocolMessageDispatcher.java:72)
	at org.apache.hadoop.hdds.scm.protocol.ScmBlockLocationProtocolServerSideTranslatorPB.send(ScmBlockLocationProtocolServerSideTranslatorPB.java:98)
	at org.apache.hadoop.hdds.protocol.proto.ScmBlockLocationProtocolProtos$ScmBlockLocationProtocolService$2.callBlockingMethod(ScmBlockLocationProtocolProtos.java:13157)
	at org.apache.hadoop.ipc.ProtobufRpcEngine$Server$ProtoBufRpcInvoker.call(ProtobufRpcEngine.java:524)
	at org.apache.hadoop.ipc.RPC$Server.call(RPC.java:1025)
	at org.apache.hadoop.ipc.Server$RpcCall.run(Server.java:876)
	at org.apache.hadoop.ipc.Server$RpcCall.run(Server.java:822)
	at java.security.AccessController.doPrivileged(Native Method)
	at javax.security.auth.Subject.doAs(Subject.java:422)
	at org.apache.hadoop.security.UserGroupInformation.doAs(UserGroupInformation.java:1730)
	at org.apache.hadoop.ipc.Server$Handler.run(Server.java:2682)
2019-10-31 11:58:12,781 [IPC Server handler 0 on 44374] INFO  block.BlockManagerImpl (BlockManagerImpl.java:allocateBlock(215)) - Could not find available pipeline of type:RATIS and factor:THREE even after retrying
2019-10-31 11:58:12,781 [IPC Server handler 0 on 44374] ERROR block.BlockManagerImpl (BlockManagerImpl.java:allocateBlock(239)) - Unable to allocate a block for the size: 4194304, type: RATIS, factor: THREE
2019-10-31 11:58:12,782 [IPC Server handler 0 on 44374] WARN  block.BlockManagerImpl (BlockManagerImpl.java:allocateBlock(203)) - Pipeline creation failed for type:RATIS factor:THREE. Retrying get pipelines call once.
org.apache.hadoop.hdds.scm.pipeline.InsufficientDatanodesException: Cannot create pipeline of factor 3 using 0 nodes.
	at org.apache.hadoop.hdds.scm.pipeline.RatisPipelineProvider.create(RatisPipelineProvider.java:144)
	at org.apache.hadoop.hdds.scm.pipeline.PipelineFactory.create(PipelineFactory.java:60)
	at org.apache.hadoop.hdds.scm.pipeline.SCMPipelineManager.createPipeline(SCMPipelineManager.java:159)
	at org.apache.hadoop.hdds.scm.block.BlockManagerImpl.allocateBlock(BlockManagerImpl.java:199)
	at org.apache.hadoop.hdds.scm.server.SCMBlockProtocolServer.allocateBlock(SCMBlockProtocolServer.java:187)
	at org.apache.hadoop.hdds.scm.protocol.ScmBlockLocationProtocolServerSideTranslatorPB.allocateScmBlock(ScmBlockLocationProtocolServerSideTranslatorPB.java:159)
	at org.apache.hadoop.hdds.scm.protocol.ScmBlockLocationProtocolServerSideTranslatorPB.processMessage(ScmBlockLocationProtocolServerSideTranslatorPB.java:117)
	at org.apache.hadoop.hdds.server.OzoneProtocolMessageDispatcher.processRequest(OzoneProtocolMessageDispatcher.java:72)
	at org.apache.hadoop.hdds.scm.protocol.ScmBlockLocationProtocolServerSideTranslatorPB.send(ScmBlockLocationProtocolServerSideTranslatorPB.java:98)
	at org.apache.hadoop.hdds.protocol.proto.ScmBlockLocationProtocolProtos$ScmBlockLocationProtocolService$2.callBlockingMethod(ScmBlockLocationProtocolProtos.java:13157)
	at org.apache.hadoop.ipc.ProtobufRpcEngine$Server$ProtoBufRpcInvoker.call(ProtobufRpcEngine.java:524)
	at org.apache.hadoop.ipc.RPC$Server.call(RPC.java:1025)
	at org.apache.hadoop.ipc.Server$RpcCall.run(Server.java:876)
	at org.apache.hadoop.ipc.Server$RpcCall.run(Server.java:822)
	at java.security.AccessController.doPrivileged(Native Method)
	at javax.security.auth.Subject.doAs(Subject.java:422)
	at org.apache.hadoop.security.UserGroupInformation.doAs(UserGroupInformation.java:1730)
	at org.apache.hadoop.ipc.Server$Handler.run(Server.java:2682)
2019-10-31 11:58:12,782 [IPC Server handler 0 on 44374] INFO  block.BlockManagerImpl (BlockManagerImpl.java:allocateBlock(215)) - Could not find available pipeline of type:RATIS and factor:THREE even after retrying
2019-10-31 11:58:12,782 [IPC Server handler 0 on 44374] ERROR block.BlockManagerImpl (BlockManagerImpl.java:allocateBlock(239)) - Unable to allocate a block for the size: 4194304, type: RATIS, factor: THREE
2019-10-31 11:58:12,786 [pool-59-thread-3] ERROR freon.RandomKeyGenerator (RandomKeyGenerator.java:createKey(735)) - Exception while adding key: key-0-60265 in bucket: bucket-0-06652 of volume: vol-0-66770.
INTERNAL_ERROR org.apache.hadoop.ozone.om.exceptions.OMException: Allocated 0 blocks. Requested 5 blocks
	at org.apache.hadoop.ozone.om.protocolPB.OzoneManagerProtocolClientSideTranslatorPB.handleError(OzoneManagerProtocolClientSideTranslatorPB.java:732)
	at org.apache.hadoop.ozone.om.protocolPB.OzoneManagerProtocolClientSideTranslatorPB.openKey(OzoneManagerProtocolClientSideTranslatorPB.java:723)
	at sun.reflect.NativeMethodAccessorImpl.invoke0(Native Method)
	at sun.reflect.NativeMethodAccessorImpl.invoke(NativeMethodAccessorImpl.java:62)
	at sun.reflect.DelegatingMethodAccessorImpl.invoke(DelegatingMethodAccessorImpl.java:43)
	at java.lang.reflect.Method.invoke(Method.java:498)
	at org.apache.hadoop.hdds.tracing.TraceAllMethod.invoke(TraceAllMethod.java:66)
	at com.sun.proxy.$Proxy37.openKey(Unknown Source)
	at org.apache.hadoop.ozone.client.rpc.RpcClient.createKey(RpcClient.java:633)
	at org.apache.hadoop.ozone.client.OzoneBucket.createKey(OzoneBucket.java:325)
	at org.apache.hadoop.ozone.freon.RandomKeyGenerator.createKey(RandomKeyGenerator.java:697)
	at org.apache.hadoop.ozone.freon.RandomKeyGenerator.access$1100(RandomKeyGenerator.java:88)
	at org.apache.hadoop.ozone.freon.RandomKeyGenerator$ObjectCreator.run(RandomKeyGenerator.java:615)
	at java.util.concurrent.Executors$RunnableAdapter.call(Executors.java:511)
	at java.util.concurrent.FutureTask.run(FutureTask.java:266)
	at java.util.concurrent.ThreadPoolExecutor.runWorker(ThreadPoolExecutor.java:1149)
	at java.util.concurrent.ThreadPoolExecutor$Worker.run(ThreadPoolExecutor.java:624)
	at java.lang.Thread.run(Thread.java:748)
 0.00% |?                                                                                                    |  0/1 Time: 0:00:01 0.00% |?                                                                                                    |  0/1 Time: 0:00:022019-10-31 11:58:15,506 [Command processor thread] INFO  impl.RaftServerProxy (RaftServerProxy.java:remove(95)) - 354fb464-901d-4483-9688-530e748d6020: remove    LEADER 354fb464-901d-4483-9688-530e748d6020@group-55A4E0F85336:t2, leader=354fb464-901d-4483-9688-530e748d6020, voted=354fb464-901d-4483-9688-530e748d6020, raftlog=354fb464-901d-4483-9688-530e748d6020@group-55A4E0F85336-SegmentedRaftLog:OPENED:c75,f75,i75, conf=0: [7d605aae-0c54-4fed-b184-231d6db633e8:192.168.157.202:43091, 354fb464-901d-4483-9688-530e748d6020:192.168.157.202:45550, 46b0f7c0-f33a-43ec-b645-2252266d545c:192.168.157.202:36267], old=null RUNNING
2019-10-31 11:58:15,510 [Command processor thread] INFO  impl.RaftServerImpl (RaftServerImpl.java:lambda$shutdown$3(250)) - 354fb464-901d-4483-9688-530e748d6020@group-55A4E0F85336: shutdown
2019-10-31 11:58:15,510 [Command processor thread] INFO  util.JmxRegister (JmxRegister.java:unregister(73)) - Successfully un-registered JMX Bean with object name Ratis:service=RaftServer,group=group-55A4E0F85336,id=354fb464-901d-4483-9688-530e748d6020
2019-10-31 11:58:15,510 [Command processor thread] INFO  impl.RoleInfo (RoleInfo.java:shutdownLeaderState(104)) - 354fb464-901d-4483-9688-530e748d6020: shutdown LeaderState
2019-10-31 11:58:15,514 [org.apache.ratis.server.impl.LogAppender$AppenderDaemon$$Lambda$738/1063308530@5163da10] WARN  server.GrpcLogAppender (GrpcLogAppender.java:mayWait(151)) - 354fb464-901d-4483-9688-530e748d6020@group-55A4E0F85336->7d605aae-0c54-4fed-b184-231d6db633e8-GrpcLogAppender: Wait interrupted by java.lang.InterruptedException
2019-10-31 11:58:15,514 [org.apache.ratis.server.impl.LogAppender$AppenderDaemon$$Lambda$738/1063308530@58174578] WARN  server.GrpcLogAppender (GrpcLogAppender.java:mayWait(151)) - 354fb464-901d-4483-9688-530e748d6020@group-55A4E0F85336->46b0f7c0-f33a-43ec-b645-2252266d545c-GrpcLogAppender: Wait interrupted by java.lang.InterruptedException
2019-10-31 11:58:15,514 [Command processor thread] INFO  impl.PendingRequests (PendingRequests.java:sendNotLeaderResponses(206)) - 354fb464-901d-4483-9688-530e748d6020@group-55A4E0F85336-PendingRequests: sendNotLeaderResponses
2019-10-31 11:58:15,516 [grpc-default-executor-0] INFO  server.GrpcServerProtocolService (GrpcServerProtocolService.java:onCompleted(113)) - 7d605aae-0c54-4fed-b184-231d6db633e8: Completed APPEND_ENTRIES, lastRequest: 354fb464-901d-4483-9688-530e748d6020->7d605aae-0c54-4fed-b184-231d6db633e8#79-t2, previous=(t:2, i:75), leaderCommit=75, initializing? false, entries: <empty>
2019-10-31 11:58:15,516 [grpc-default-executor-1] INFO  server.GrpcServerProtocolService (GrpcServerProtocolService.java:onCompleted(113)) - 46b0f7c0-f33a-43ec-b645-2252266d545c: Completed APPEND_ENTRIES, lastRequest: 354fb464-901d-4483-9688-530e748d6020->46b0f7c0-f33a-43ec-b645-2252266d545c#79-t2, previous=(t:2, i:75), leaderCommit=75, initializing? false, entries: <empty>
2019-10-31 11:58:15,518 [grpc-default-executor-1] INFO  server.GrpcLogAppender (GrpcLogAppender.java:onCompleted(308)) - 354fb464-901d-4483-9688-530e748d6020@group-55A4E0F85336->7d605aae-0c54-4fed-b184-231d6db633e8-AppendLogResponseHandler: follower responses appendEntries COMPLETED
2019-10-31 11:58:15,518 [grpc-default-executor-0] INFO  server.GrpcLogAppender (GrpcLogAppender.java:onCompleted(308)) - 354fb464-901d-4483-9688-530e748d6020@group-55A4E0F85336->46b0f7c0-f33a-43ec-b645-2252266d545c-AppendLogResponseHandler: follower responses appendEntries COMPLETED
2019-10-31 11:58:15,522 [Command processor thread] INFO  impl.StateMachineUpdater (StateMachineUpdater.java:stopAndJoin(136)) - 354fb464-901d-4483-9688-530e748d6020@group-55A4E0F85336-StateMachineUpdater: set stopIndex = 75
2019-10-31 11:58:15,523 [Command processor thread] INFO  impl.RaftServerProxy (RaftServerProxy.java:remove(95)) - 7d605aae-0c54-4fed-b184-231d6db633e8: remove  FOLLOWER 7d605aae-0c54-4fed-b184-231d6db633e8@group-55A4E0F85336:t2, leader=354fb464-901d-4483-9688-530e748d6020, voted=354fb464-901d-4483-9688-530e748d6020, raftlog=7d605aae-0c54-4fed-b184-231d6db633e8@group-55A4E0F85336-SegmentedRaftLog:OPENED:c75,f75,i75, conf=0: [7d605aae-0c54-4fed-b184-231d6db633e8:192.168.157.202:43091, 354fb464-901d-4483-9688-530e748d6020:192.168.157.202:45550, 46b0f7c0-f33a-43ec-b645-2252266d545c:192.168.157.202:36267], old=null RUNNING
2019-10-31 11:58:15,523 [354fb464-901d-4483-9688-530e748d6020@group-55A4E0F85336-StateMachineUpdater] INFO  ratis.ContainerStateMachine (ContainerStateMachine.java:takeSnapshot(294)) - group-55A4E0F85336: Taking a snapshot at:(t:2, i:73) file /workdir/hadoop-ozone/tools/target/test-dir/MiniOzoneClusterImpl-03cdfd41-b317-4d40-9cd5-ffdeafb88e39/datanode-1/data/ratis/a1a9454e-bf40-4a8e-a203-55a4e0f85336/sm/snapshot.2_73
2019-10-31 11:58:15,523 [Command processor thread] INFO  impl.RaftServerImpl (RaftServerImpl.java:lambda$shutdown$3(250)) - 7d605aae-0c54-4fed-b184-231d6db633e8@group-55A4E0F85336: shutdown
2019-10-31 11:58:15,523 [Command processor thread] INFO  impl.RaftServerProxy (RaftServerProxy.java:remove(95)) - 46b0f7c0-f33a-43ec-b645-2252266d545c: remove  FOLLOWER 46b0f7c0-f33a-43ec-b645-2252266d545c@group-55A4E0F85336:t2, leader=354fb464-901d-4483-9688-530e748d6020, voted=354fb464-901d-4483-9688-530e748d6020, raftlog=46b0f7c0-f33a-43ec-b645-2252266d545c@group-55A4E0F85336-SegmentedRaftLog:OPENED:c75,f75,i75, conf=0: [7d605aae-0c54-4fed-b184-231d6db633e8:192.168.157.202:43091, 354fb464-901d-4483-9688-530e748d6020:192.168.157.202:45550, 46b0f7c0-f33a-43ec-b645-2252266d545c:192.168.157.202:36267], old=null RUNNING
2019-10-31 11:58:15,524 [Command processor thread] INFO  util.JmxRegister (JmxRegister.java:unregister(73)) - Successfully un-registered JMX Bean with object name Ratis:service=RaftServer,group=group-55A4E0F85336,id=7d605aae-0c54-4fed-b184-231d6db633e8
2019-10-31 11:58:15,524 [Command processor thread] INFO  impl.RaftServerImpl (RaftServerImpl.java:lambda$shutdown$3(250)) - 46b0f7c0-f33a-43ec-b645-2252266d545c@group-55A4E0F85336: shutdown
2019-10-31 11:58:15,524 [Command processor thread] INFO  impl.RoleInfo (RoleInfo.java:shutdownFollowerState(121)) - 7d605aae-0c54-4fed-b184-231d6db633e8: shutdown FollowerState
2019-10-31 11:58:15,525 [Command processor thread] INFO  util.JmxRegister (JmxRegister.java:unregister(73)) - Successfully un-registered JMX Bean with object name Ratis:service=RaftServer,group=group-55A4E0F85336,id=46b0f7c0-f33a-43ec-b645-2252266d545c
2019-10-31 11:58:15,525 [Command processor thread] INFO  impl.StateMachineUpdater (StateMachineUpdater.java:stopAndJoin(136)) - 7d605aae-0c54-4fed-b184-231d6db633e8@group-55A4E0F85336-StateMachineUpdater: set stopIndex = 75
2019-10-31 11:58:15,526 [Thread-236] INFO  impl.FollowerState (FollowerState.java:run(120)) - 7d605aae-0c54-4fed-b184-231d6db633e8@group-55A4E0F85336-FollowerState was interrupted: java.lang.InterruptedException: sleep interrupted
2019-10-31 11:58:15,526 [Command processor thread] INFO  impl.RoleInfo (RoleInfo.java:shutdownFollowerState(121)) - 46b0f7c0-f33a-43ec-b645-2252266d545c: shutdown FollowerState
2019-10-31 11:58:15,526 [7d605aae-0c54-4fed-b184-231d6db633e8@group-55A4E0F85336-StateMachineUpdater] INFO  ratis.ContainerStateMachine (ContainerStateMachine.java:takeSnapshot(294)) - group-55A4E0F85336: Taking a snapshot at:(t:2, i:73) file /workdir/hadoop-ozone/tools/target/test-dir/MiniOzoneClusterImpl-03cdfd41-b317-4d40-9cd5-ffdeafb88e39/datanode-2/data/ratis/a1a9454e-bf40-4a8e-a203-55a4e0f85336/sm/snapshot.2_73
2019-10-31 11:58:15,528 [Thread-235] INFO  impl.FollowerState (FollowerState.java:run(120)) - 46b0f7c0-f33a-43ec-b645-2252266d545c@group-55A4E0F85336-FollowerState was interrupted: java.lang.InterruptedException: sleep interrupted
2019-10-31 11:58:15,528 [Command processor thread] INFO  impl.StateMachineUpdater (StateMachineUpdater.java:stopAndJoin(136)) - 46b0f7c0-f33a-43ec-b645-2252266d545c@group-55A4E0F85336-StateMachineUpdater: set stopIndex = 75
2019-10-31 11:58:15,528 [grpc-default-executor-0] INFO  impl.FollowerInfo (FollowerInfo.java:lambda$new$0(51)) - 354fb464-901d-4483-9688-530e748d6020@group-55A4E0F85336->46b0f7c0-f33a-43ec-b645-2252266d545c: nextIndex: updateUnconditionally 76 -> 75
2019-10-31 11:58:15,528 [grpc-default-executor-1] INFO  impl.FollowerInfo (FollowerInfo.java:lambda$new$0(51)) - 354fb464-901d-4483-9688-530e748d6020@group-55A4E0F85336->7d605aae-0c54-4fed-b184-231d6db633e8: nextIndex: updateUnconditionally 76 -> 75
2019-10-31 11:58:15,528 [46b0f7c0-f33a-43ec-b645-2252266d545c@group-55A4E0F85336-StateMachineUpdater] INFO  ratis.ContainerStateMachine (ContainerStateMachine.java:takeSnapshot(294)) - group-55A4E0F85336: Taking a snapshot at:(t:2, i:73) file /workdir/hadoop-ozone/tools/target/test-dir/MiniOzoneClusterImpl-03cdfd41-b317-4d40-9cd5-ffdeafb88e39/datanode-0/data/ratis/a1a9454e-bf40-4a8e-a203-55a4e0f85336/sm/snapshot.2_73
 0.00% |?                                                                                                    |  0/1 Time: 0:00:032019-10-31 11:58:15,720 [7d605aae-0c54-4fed-b184-231d6db633e8@group-55A4E0F85336-StateMachineUpdater] INFO  ratis.ContainerStateMachine (ContainerStateMachine.java:takeSnapshot(305)) - group-55A4E0F85336: Finished taking a snapshot at:(t:2, i:73) file:/workdir/hadoop-ozone/tools/target/test-dir/MiniOzoneClusterImpl-03cdfd41-b317-4d40-9cd5-ffdeafb88e39/datanode-2/data/ratis/a1a9454e-bf40-4a8e-a203-55a4e0f85336/sm/snapshot.2_73 time:193
2019-10-31 11:58:15,720 [354fb464-901d-4483-9688-530e748d6020@group-55A4E0F85336-StateMachineUpdater] INFO  ratis.ContainerStateMachine (ContainerStateMachine.java:takeSnapshot(305)) - group-55A4E0F85336: Finished taking a snapshot at:(t:2, i:73) file:/workdir/hadoop-ozone/tools/target/test-dir/MiniOzoneClusterImpl-03cdfd41-b317-4d40-9cd5-ffdeafb88e39/datanode-1/data/ratis/a1a9454e-bf40-4a8e-a203-55a4e0f85336/sm/snapshot.2_73 time:197
2019-10-31 11:58:15,720 [46b0f7c0-f33a-43ec-b645-2252266d545c@group-55A4E0F85336-StateMachineUpdater] INFO  ratis.ContainerStateMachine (ContainerStateMachine.java:takeSnapshot(305)) - group-55A4E0F85336: Finished taking a snapshot at:(t:2, i:73) file:/workdir/hadoop-ozone/tools/target/test-dir/MiniOzoneClusterImpl-03cdfd41-b317-4d40-9cd5-ffdeafb88e39/datanode-0/data/ratis/a1a9454e-bf40-4a8e-a203-55a4e0f85336/sm/snapshot.2_73 time:192
2019-10-31 11:58:15,722 [46b0f7c0-f33a-43ec-b645-2252266d545c@group-55A4E0F85336-StateMachineUpdater] INFO  impl.StateMachineUpdater (StateMachineUpdater.java:takeSnapshot(269)) - 46b0f7c0-f33a-43ec-b645-2252266d545c@group-55A4E0F85336-StateMachineUpdater: Took a snapshot at index 73
2019-10-31 11:58:15,722 [354fb464-901d-4483-9688-530e748d6020@group-55A4E0F85336-StateMachineUpdater] INFO  impl.StateMachineUpdater (StateMachineUpdater.java:takeSnapshot(269)) - 354fb464-901d-4483-9688-530e748d6020@group-55A4E0F85336-StateMachineUpdater: Took a snapshot at index 73
2019-10-31 11:58:15,722 [7d605aae-0c54-4fed-b184-231d6db633e8@group-55A4E0F85336-StateMachineUpdater] INFO  impl.StateMachineUpdater (StateMachineUpdater.java:takeSnapshot(269)) - 7d605aae-0c54-4fed-b184-231d6db633e8@group-55A4E0F85336-StateMachineUpdater: Took a snapshot at index 73
2019-10-31 11:58:15,723 [354fb464-901d-4483-9688-530e748d6020@group-55A4E0F85336-StateMachineUpdater] INFO  impl.StateMachineUpdater (StateMachineUpdater.java:lambda$new$0(84)) - 354fb464-901d-4483-9688-530e748d6020@group-55A4E0F85336-StateMachineUpdater: snapshotIndex: updateIncreasingly -1 -> 73
2019-10-31 11:58:15,722 [46b0f7c0-f33a-43ec-b645-2252266d545c@group-55A4E0F85336-StateMachineUpdater] INFO  impl.StateMachineUpdater (StateMachineUpdater.java:lambda$new$0(84)) - 46b0f7c0-f33a-43ec-b645-2252266d545c@group-55A4E0F85336-StateMachineUpdater: snapshotIndex: updateIncreasingly -1 -> 73
2019-10-31 11:58:15,723 [7d605aae-0c54-4fed-b184-231d6db633e8@group-55A4E0F85336-StateMachineUpdater] INFO  impl.StateMachineUpdater (StateMachineUpdater.java:lambda$new$0(84)) - 7d605aae-0c54-4fed-b184-231d6db633e8@group-55A4E0F85336-StateMachineUpdater: snapshotIndex: updateIncreasingly -1 -> 73
2019-10-31 11:58:15,732 [7d605aae-0c54-4fed-b184-231d6db633e8@group-55A4E0F85336-StateMachineUpdater] INFO  ratis.ContainerStateMachine (ContainerStateMachine.java:takeSnapshot(294)) - group-55A4E0F85336: Taking a snapshot at:(t:2, i:73) file /workdir/hadoop-ozone/tools/target/test-dir/MiniOzoneClusterImpl-03cdfd41-b317-4d40-9cd5-ffdeafb88e39/datanode-2/data/ratis/a1a9454e-bf40-4a8e-a203-55a4e0f85336/sm/snapshot.2_73
2019-10-31 11:58:15,732 [354fb464-901d-4483-9688-530e748d6020@group-55A4E0F85336-StateMachineUpdater] INFO  ratis.ContainerStateMachine (ContainerStateMachine.java:takeSnapshot(294)) - group-55A4E0F85336: Taking a snapshot at:(t:2, i:73) file /workdir/hadoop-ozone/tools/target/test-dir/MiniOzoneClusterImpl-03cdfd41-b317-4d40-9cd5-ffdeafb88e39/datanode-1/data/ratis/a1a9454e-bf40-4a8e-a203-55a4e0f85336/sm/snapshot.2_73
2019-10-31 11:58:15,732 [46b0f7c0-f33a-43ec-b645-2252266d545c@group-55A4E0F85336-StateMachineUpdater] INFO  ratis.ContainerStateMachine (ContainerStateMachine.java:takeSnapshot(294)) - group-55A4E0F85336: Taking a snapshot at:(t:2, i:73) file /workdir/hadoop-ozone/tools/target/test-dir/MiniOzoneClusterImpl-03cdfd41-b317-4d40-9cd5-ffdeafb88e39/datanode-0/data/ratis/a1a9454e-bf40-4a8e-a203-55a4e0f85336/sm/snapshot.2_73
2019-10-31 11:58:15,757 [354fb464-901d-4483-9688-530e748d6020@group-55A4E0F85336-StateMachineUpdater] INFO  ratis.ContainerStateMachine (ContainerStateMachine.java:takeSnapshot(305)) - group-55A4E0F85336: Finished taking a snapshot at:(t:2, i:73) file:/workdir/hadoop-ozone/tools/target/test-dir/MiniOzoneClusterImpl-03cdfd41-b317-4d40-9cd5-ffdeafb88e39/datanode-1/data/ratis/a1a9454e-bf40-4a8e-a203-55a4e0f85336/sm/snapshot.2_73 time:25
2019-10-31 11:58:15,757 [7d605aae-0c54-4fed-b184-231d6db633e8@group-55A4E0F85336-StateMachineUpdater] INFO  ratis.ContainerStateMachine (ContainerStateMachine.java:takeSnapshot(305)) - group-55A4E0F85336: Finished taking a snapshot at:(t:2, i:73) file:/workdir/hadoop-ozone/tools/target/test-dir/MiniOzoneClusterImpl-03cdfd41-b317-4d40-9cd5-ffdeafb88e39/datanode-2/data/ratis/a1a9454e-bf40-4a8e-a203-55a4e0f85336/sm/snapshot.2_73 time:25
2019-10-31 11:58:15,757 [46b0f7c0-f33a-43ec-b645-2252266d545c@group-55A4E0F85336-StateMachineUpdater] INFO  ratis.ContainerStateMachine (ContainerStateMachine.java:takeSnapshot(305)) - group-55A4E0F85336: Finished taking a snapshot at:(t:2, i:73) file:/workdir/hadoop-ozone/tools/target/test-dir/MiniOzoneClusterImpl-03cdfd41-b317-4d40-9cd5-ffdeafb88e39/datanode-0/data/ratis/a1a9454e-bf40-4a8e-a203-55a4e0f85336/sm/snapshot.2_73 time:25
2019-10-31 11:58:15,757 [354fb464-901d-4483-9688-530e748d6020@group-55A4E0F85336-StateMachineUpdater] INFO  impl.StateMachineUpdater (StateMachineUpdater.java:takeSnapshot(269)) - 354fb464-901d-4483-9688-530e748d6020@group-55A4E0F85336-StateMachineUpdater: Took a snapshot at index 73
2019-10-31 11:58:15,757 [7d605aae-0c54-4fed-b184-231d6db633e8@group-55A4E0F85336-StateMachineUpdater] INFO  impl.StateMachineUpdater (StateMachineUpdater.java:takeSnapshot(269)) - 7d605aae-0c54-4fed-b184-231d6db633e8@group-55A4E0F85336-StateMachineUpdater: Took a snapshot at index 73
2019-10-31 11:58:15,757 [354fb464-901d-4483-9688-530e748d6020@group-55A4E0F85336-StateMachineUpdater] INFO  impl.StateMachineUpdater (StateMachineUpdater.java:lambda$new$0(84)) - 354fb464-901d-4483-9688-530e748d6020@group-55A4E0F85336-StateMachineUpdater: snapshotIndex: updateIncreasingly 73 -> 73
2019-10-31 11:58:15,757 [46b0f7c0-f33a-43ec-b645-2252266d545c@group-55A4E0F85336-StateMachineUpdater] INFO  impl.StateMachineUpdater (StateMachineUpdater.java:takeSnapshot(269)) - 46b0f7c0-f33a-43ec-b645-2252266d545c@group-55A4E0F85336-StateMachineUpdater: Took a snapshot at index 73
2019-10-31 11:58:15,757 [7d605aae-0c54-4fed-b184-231d6db633e8@group-55A4E0F85336-StateMachineUpdater] INFO  impl.StateMachineUpdater (StateMachineUpdater.java:lambda$new$0(84)) - 7d605aae-0c54-4fed-b184-231d6db633e8@group-55A4E0F85336-StateMachineUpdater: snapshotIndex: updateIncreasingly 73 -> 73
2019-10-31 11:58:15,758 [46b0f7c0-f33a-43ec-b645-2252266d545c@group-55A4E0F85336-StateMachineUpdater] INFO  impl.StateMachineUpdater (StateMachineUpdater.java:lambda$new$0(84)) - 46b0f7c0-f33a-43ec-b645-2252266d545c@group-55A4E0F85336-StateMachineUpdater: snapshotIndex: updateIncreasingly 73 -> 73
2019-10-31 11:58:15,758 [Command processor thread] INFO  impl.RaftServerImpl (ServerState.java:close(387)) - 354fb464-901d-4483-9688-530e748d6020@group-55A4E0F85336: closes. applyIndex: 75
2019-10-31 11:58:15,758 [Command processor thread] INFO  impl.RaftServerImpl (ServerState.java:close(387)) - 7d605aae-0c54-4fed-b184-231d6db633e8@group-55A4E0F85336: closes. applyIndex: 75
2019-10-31 11:58:15,758 [Command processor thread] INFO  impl.RaftServerImpl (ServerState.java:close(387)) - 46b0f7c0-f33a-43ec-b645-2252266d545c@group-55A4E0F85336: closes. applyIndex: 75
2019-10-31 11:58:15,761 [46b0f7c0-f33a-43ec-b645-2252266d545c@group-55A4E0F85336-SegmentedRaftLogWorker] INFO  segmented.SegmentedRaftLogWorker (SegmentedRaftLogWorker.java:run(316)) - 46b0f7c0-f33a-43ec-b645-2252266d545c@group-55A4E0F85336-SegmentedRaftLogWorker was interrupted, exiting. There are 0 tasks remaining in the queue.
2019-10-31 11:58:15,761 [7d605aae-0c54-4fed-b184-231d6db633e8@group-55A4E0F85336-SegmentedRaftLogWorker] INFO  segmented.SegmentedRaftLogWorker (SegmentedRaftLogWorker.java:run(316)) - 7d605aae-0c54-4fed-b184-231d6db633e8@group-55A4E0F85336-SegmentedRaftLogWorker was interrupted, exiting. There are 0 tasks remaining in the queue.
2019-10-31 11:58:15,761 [354fb464-901d-4483-9688-530e748d6020@group-55A4E0F85336-SegmentedRaftLogWorker] INFO  segmented.SegmentedRaftLogWorker (SegmentedRaftLogWorker.java:run(316)) - 354fb464-901d-4483-9688-530e748d6020@group-55A4E0F85336-SegmentedRaftLogWorker was interrupted, exiting. There are 0 tasks remaining in the queue.
2019-10-31 11:58:15,764 [Command processor thread] INFO  segmented.SegmentedRaftLogWorker (SegmentedRaftLogWorker.java:close(224)) - 7d605aae-0c54-4fed-b184-231d6db633e8@group-55A4E0F85336-SegmentedRaftLogWorker close()
2019-10-31 11:58:15,764 [Command processor thread] INFO  segmented.SegmentedRaftLogWorker (SegmentedRaftLogWorker.java:close(224)) - 46b0f7c0-f33a-43ec-b645-2252266d545c@group-55A4E0F85336-SegmentedRaftLogWorker close()
2019-10-31 11:58:15,764 [Command processor thread] INFO  segmented.SegmentedRaftLogWorker (SegmentedRaftLogWorker.java:close(224)) - 354fb464-901d-4483-9688-530e748d6020@group-55A4E0F85336-SegmentedRaftLogWorker close()
2019-10-31 11:58:15,820 [Command processor thread] INFO  interfaces.Container (KeyValueContainer.java:flushAndSyncDB(398)) - Container 1 is synced with bcsId 57.
2019-10-31 11:58:15,820 [Command processor thread] INFO  interfaces.Container (KeyValueContainer.java:flushAndSyncDB(398)) - Container 1 is synced with bcsId 57.
2019-10-31 11:58:15,820 [Command processor thread] INFO  interfaces.Container (KeyValueContainer.java:flushAndSyncDB(398)) - Container 1 is synced with bcsId 57.
2019-10-31 11:58:15,822 [Command processor thread] INFO  interfaces.Container (KeyValueContainer.java:flushAndSyncDB(398)) - Container 1 is synced with bcsId 57.
2019-10-31 11:58:15,821 [Command processor thread] INFO  interfaces.Container (KeyValueContainer.java:flushAndSyncDB(398)) - Container 1 is synced with bcsId 57.
2019-10-31 11:58:15,822 [Command processor thread] INFO  interfaces.Container (KeyValueContainer.java:flushAndSyncDB(398)) - Container 1 is synced with bcsId 57.
2019-10-31 11:58:15,854 [EventQueue-IncrementalContainerReportForIncrementalContainerReportHandler] INFO  container.IncrementalContainerReportHandler (AbstractContainerReportHandler.java:updateContainerState(171)) - Moving container #1 to QUASI_CLOSED state, datanode 354fb464-901d-4483-9688-530e748d6020{ip: 192.168.157.202, host: pr-hdds-2034-79z24-2056997790, networkLocation: /default-rack, certSerialId: null} reported QUASI_CLOSED replica.
2019-10-31 11:58:15,893 [Command processor thread] INFO  interfaces.Container (KeyValueContainer.java:flushAndSyncDB(398)) - Container 2 is synced with bcsId 73.
2019-10-31 11:58:15,893 [Command processor thread] INFO  interfaces.Container (KeyValueContainer.java:flushAndSyncDB(398)) - Container 2 is synced with bcsId 73.
2019-10-31 11:58:15,893 [Command processor thread] INFO  interfaces.Container (KeyValueContainer.java:flushAndSyncDB(398)) - Container 2 is synced with bcsId 73.
2019-10-31 11:58:15,893 [Command processor thread] INFO  interfaces.Container (KeyValueContainer.java:flushAndSyncDB(398)) - Container 2 is synced with bcsId 73.
2019-10-31 11:58:15,893 [Command processor thread] INFO  interfaces.Container (KeyValueContainer.java:flushAndSyncDB(398)) - Container 2 is synced with bcsId 73.
2019-10-31 11:58:15,893 [Command processor thread] INFO  interfaces.Container (KeyValueContainer.java:flushAndSyncDB(398)) - Container 2 is synced with bcsId 73.
2019-10-31 11:58:15,904 [EventQueue-IncrementalContainerReportForIncrementalContainerReportHandler] INFO  container.IncrementalContainerReportHandler (AbstractContainerReportHandler.java:updateContainerState(171)) - Moving container #2 to QUASI_CLOSED state, datanode 354fb464-901d-4483-9688-530e748d6020{ip: 192.168.157.202, host: pr-hdds-2034-79z24-2056997790, networkLocation: /default-rack, certSerialId: null} reported QUASI_CLOSED replica.
2019-10-31 11:58:15,913 [Command processor thread] INFO  interfaces.Container (KeyValueContainer.java:flushAndSyncDB(398)) - Container 3 is synced with bcsId 39.
2019-10-31 11:58:15,913 [Command processor thread] INFO  interfaces.Container (KeyValueContainer.java:flushAndSyncDB(398)) - Container 3 is synced with bcsId 39.
2019-10-31 11:58:15,913 [Command processor thread] INFO  interfaces.Container (KeyValueContainer.java:flushAndSyncDB(398)) - Container 3 is synced with bcsId 39.
2019-10-31 11:58:15,913 [Command processor thread] INFO  interfaces.Container (KeyValueContainer.java:flushAndSyncDB(398)) - Container 3 is synced with bcsId 39.
2019-10-31 11:58:15,913 [Command processor thread] INFO  interfaces.Container (KeyValueContainer.java:flushAndSyncDB(398)) - Container 3 is synced with bcsId 39.
2019-10-31 11:58:15,913 [Command processor thread] INFO  interfaces.Container (KeyValueContainer.java:flushAndSyncDB(398)) - Container 3 is synced with bcsId 39.
2019-10-31 11:58:15,922 [Command processor thread] INFO  commandhandler.ClosePipelineCommandHandler (ClosePipelineCommandHandler.java:handle(78)) - Close Pipeline #id: "a1a9454e-bf40-4a8e-a203-55a4e0f85336"
 command on datanode #354fb464-901d-4483-9688-530e748d6020.
2019-10-31 11:58:15,922 [Command processor thread] INFO  commandhandler.ClosePipelineCommandHandler (ClosePipelineCommandHandler.java:handle(78)) - Close Pipeline #id: "a1a9454e-bf40-4a8e-a203-55a4e0f85336"
 command on datanode #46b0f7c0-f33a-43ec-b645-2252266d545c.
2019-10-31 11:58:15,922 [Command processor thread] INFO  commandhandler.ClosePipelineCommandHandler (ClosePipelineCommandHandler.java:handle(78)) - Close Pipeline #id: "a1a9454e-bf40-4a8e-a203-55a4e0f85336"
 command on datanode #7d605aae-0c54-4fed-b184-231d6db633e8.
2019-10-31 11:58:15,924 [EventQueue-IncrementalContainerReportForIncrementalContainerReportHandler] INFO  container.IncrementalContainerReportHandler (AbstractContainerReportHandler.java:updateContainerState(171)) - Moving container #3 to QUASI_CLOSED state, datanode 46b0f7c0-f33a-43ec-b645-2252266d545c{ip: 192.168.157.202, host: pr-hdds-2034-79z24-2056997790, networkLocation: /default-rack, certSerialId: null} reported QUASI_CLOSED replica.
2019-10-31 11:58:15,924 [Command processor thread] INFO  impl.RaftServerProxy (RaftServerProxy.java:addNew(89)) - 354fb464-901d-4483-9688-530e748d6020: addNew group-C67331A58CC8:[7d605aae-0c54-4fed-b184-231d6db633e8:192.168.157.202:43091, 354fb464-901d-4483-9688-530e748d6020:192.168.157.202:45550, 46b0f7c0-f33a-43ec-b645-2252266d545c:192.168.157.202:36267] returns group-C67331A58CC8:java.util.concurrent.CompletableFuture@194da0a0[Not completed]
2019-10-31 11:58:15,924 [Command processor thread] INFO  impl.RaftServerProxy (RaftServerProxy.java:addNew(89)) - 46b0f7c0-f33a-43ec-b645-2252266d545c: addNew group-C67331A58CC8:[7d605aae-0c54-4fed-b184-231d6db633e8:192.168.157.202:43091, 354fb464-901d-4483-9688-530e748d6020:192.168.157.202:45550, 46b0f7c0-f33a-43ec-b645-2252266d545c:192.168.157.202:36267] returns group-C67331A58CC8:java.util.concurrent.CompletableFuture@6f8852c6[Not completed]
2019-10-31 11:58:15,924 [Command processor thread] INFO  impl.RaftServerProxy (RaftServerProxy.java:addNew(89)) - 7d605aae-0c54-4fed-b184-231d6db633e8: addNew group-C67331A58CC8:[7d605aae-0c54-4fed-b184-231d6db633e8:192.168.157.202:43091, 354fb464-901d-4483-9688-530e748d6020:192.168.157.202:45550, 46b0f7c0-f33a-43ec-b645-2252266d545c:192.168.157.202:36267] returns group-C67331A58CC8:java.util.concurrent.CompletableFuture@4619907f[Not completed]
2019-10-31 11:58:15,928 [pool-37-thread-1] INFO  impl.RaftServerImpl (RaftServerImpl.java:<init>(98)) - 354fb464-901d-4483-9688-530e748d6020: new RaftServerImpl for group-C67331A58CC8:[7d605aae-0c54-4fed-b184-231d6db633e8:192.168.157.202:43091, 354fb464-901d-4483-9688-530e748d6020:192.168.157.202:45550, 46b0f7c0-f33a-43ec-b645-2252266d545c:192.168.157.202:36267] with ContainerStateMachine:uninitialized
2019-10-31 11:58:15,928 [pool-37-thread-1] INFO  server.RaftServerConfigKeys (ConfUtils.java:logGet(43)) - raft.server.rpc.timeout.min = 5s (custom)
2019-10-31 11:58:15,928 [pool-37-thread-1] INFO  server.RaftServerConfigKeys (ConfUtils.java:logGet(43)) - raft.server.rpc.timeout.max = 5200ms (custom)
2019-10-31 11:58:15,929 [pool-37-thread-1] INFO  server.RaftServerConfigKeys (ConfUtils.java:logGet(43)) - raft.server.rpcslowness.timeout = 120s (custom)
2019-10-31 11:58:15,929 [pool-37-thread-1] INFO  server.RaftServerConfigKeys (ConfUtils.java:logGet(43)) - raft.server.sleep.deviation.threshold = 300 (default)
2019-10-31 11:58:15,929 [pool-37-thread-1] INFO  server.RaftServerConfigKeys (ConfUtils.java:logGet(43)) - raft.server.log.appender.install.snapshot.enabled = false (custom)
2019-10-31 11:58:15,929 [pool-37-thread-1] INFO  impl.RaftServerImpl (ServerState.java:<init>(103)) - 354fb464-901d-4483-9688-530e748d6020@group-C67331A58CC8: ConfigurationManager, init=-1: [7d605aae-0c54-4fed-b184-231d6db633e8:192.168.157.202:43091, 354fb464-901d-4483-9688-530e748d6020:192.168.157.202:45550, 46b0f7c0-f33a-43ec-b645-2252266d545c:192.168.157.202:36267], old=null, confs=<EMPTY_MAP>
2019-10-31 11:58:15,929 [pool-27-thread-1] INFO  impl.RaftServerImpl (RaftServerImpl.java:<init>(98)) - 46b0f7c0-f33a-43ec-b645-2252266d545c: new RaftServerImpl for group-C67331A58CC8:[7d605aae-0c54-4fed-b184-231d6db633e8:192.168.157.202:43091, 354fb464-901d-4483-9688-530e748d6020:192.168.157.202:45550, 46b0f7c0-f33a-43ec-b645-2252266d545c:192.168.157.202:36267] with ContainerStateMachine:uninitialized
2019-10-31 11:58:15,929 [pool-37-thread-1] INFO  server.RaftServerConfigKeys (ConfUtils.java:logGet(43)) - raft.server.storage.dir = [/workdir/hadoop-ozone/tools/target/test-dir/MiniOzoneClusterImpl-03cdfd41-b317-4d40-9cd5-ffdeafb88e39/datanode-1/data/ratis] (custom)
2019-10-31 11:58:15,929 [pool-27-thread-1] INFO  server.RaftServerConfigKeys (ConfUtils.java:logGet(43)) - raft.server.rpc.timeout.min = 5s (custom)
2019-10-31 11:58:15,930 [pool-27-thread-1] INFO  server.RaftServerConfigKeys (ConfUtils.java:logGet(43)) - raft.server.rpc.timeout.max = 5200ms (custom)
2019-10-31 11:58:15,930 [pool-27-thread-1] INFO  server.RaftServerConfigKeys (ConfUtils.java:logGet(43)) - raft.server.rpcslowness.timeout = 120s (custom)
2019-10-31 11:58:15,930 [pool-37-thread-1] INFO  server.RaftServerConfigKeys (ConfUtils.java:logGet(43)) - raft.server.log.corruption.policy = EXCEPTION (default)
2019-10-31 11:58:15,930 [pool-27-thread-1] INFO  server.RaftServerConfigKeys (ConfUtils.java:logGet(43)) - raft.server.sleep.deviation.threshold = 300 (default)
2019-10-31 11:58:15,930 [pool-27-thread-1] INFO  server.RaftServerConfigKeys (ConfUtils.java:logGet(43)) - raft.server.log.appender.install.snapshot.enabled = false (custom)
2019-10-31 11:58:15,930 [pool-37-thread-1] INFO  storage.RaftStorageDirectory (RaftStorageDirectory.java:analyzeStorage(246)) - The storage directory /workdir/hadoop-ozone/tools/target/test-dir/MiniOzoneClusterImpl-03cdfd41-b317-4d40-9cd5-ffdeafb88e39/datanode-1/data/ratis/2cf35436-58d1-4bf2-bd81-c67331a58cc8 does not exist. Creating ...
2019-10-31 11:58:15,930 [pool-27-thread-1] INFO  impl.RaftServerImpl (ServerState.java:<init>(103)) - 46b0f7c0-f33a-43ec-b645-2252266d545c@group-C67331A58CC8: ConfigurationManager, init=-1: [7d605aae-0c54-4fed-b184-231d6db633e8:192.168.157.202:43091, 354fb464-901d-4483-9688-530e748d6020:192.168.157.202:45550, 46b0f7c0-f33a-43ec-b645-2252266d545c:192.168.157.202:36267], old=null, confs=<EMPTY_MAP>
2019-10-31 11:58:15,931 [pool-27-thread-1] INFO  server.RaftServerConfigKeys (ConfUtils.java:logGet(43)) - raft.server.storage.dir = [/workdir/hadoop-ozone/tools/target/test-dir/MiniOzoneClusterImpl-03cdfd41-b317-4d40-9cd5-ffdeafb88e39/datanode-0/data/ratis] (custom)
2019-10-31 11:58:15,931 [pool-47-thread-1] INFO  impl.RaftServerImpl (RaftServerImpl.java:<init>(98)) - 7d605aae-0c54-4fed-b184-231d6db633e8: new RaftServerImpl for group-C67331A58CC8:[7d605aae-0c54-4fed-b184-231d6db633e8:192.168.157.202:43091, 354fb464-901d-4483-9688-530e748d6020:192.168.157.202:45550, 46b0f7c0-f33a-43ec-b645-2252266d545c:192.168.157.202:36267] with ContainerStateMachine:uninitialized
2019-10-31 11:58:15,931 [pool-27-thread-1] INFO  server.RaftServerConfigKeys (ConfUtils.java:logGet(43)) - raft.server.log.corruption.policy = EXCEPTION (default)
2019-10-31 11:58:15,931 [pool-47-thread-1] INFO  server.RaftServerConfigKeys (ConfUtils.java:logGet(43)) - raft.server.rpc.timeout.min = 5s (custom)
2019-10-31 11:58:15,931 [pool-27-thread-1] INFO  storage.RaftStorageDirectory (RaftStorageDirectory.java:analyzeStorage(246)) - The storage directory /workdir/hadoop-ozone/tools/target/test-dir/MiniOzoneClusterImpl-03cdfd41-b317-4d40-9cd5-ffdeafb88e39/datanode-0/data/ratis/2cf35436-58d1-4bf2-bd81-c67331a58cc8 does not exist. Creating ...
2019-10-31 11:58:15,931 [pool-47-thread-1] INFO  server.RaftServerConfigKeys (ConfUtils.java:logGet(43)) - raft.server.rpc.timeout.max = 5200ms (custom)
2019-10-31 11:58:15,932 [pool-47-thread-1] INFO  server.RaftServerConfigKeys (ConfUtils.java:logGet(43)) - raft.server.rpcslowness.timeout = 120s (custom)
2019-10-31 11:58:15,932 [pool-47-thread-1] INFO  server.RaftServerConfigKeys (ConfUtils.java:logGet(43)) - raft.server.sleep.deviation.threshold = 300 (default)
2019-10-31 11:58:15,932 [pool-47-thread-1] INFO  server.RaftServerConfigKeys (ConfUtils.java:logGet(43)) - raft.server.log.appender.install.snapshot.enabled = false (custom)
2019-10-31 11:58:15,932 [pool-47-thread-1] INFO  impl.RaftServerImpl (ServerState.java:<init>(103)) - 7d605aae-0c54-4fed-b184-231d6db633e8@group-C67331A58CC8: ConfigurationManager, init=-1: [7d605aae-0c54-4fed-b184-231d6db633e8:192.168.157.202:43091, 354fb464-901d-4483-9688-530e748d6020:192.168.157.202:45550, 46b0f7c0-f33a-43ec-b645-2252266d545c:192.168.157.202:36267], old=null, confs=<EMPTY_MAP>
2019-10-31 11:58:15,932 [pool-47-thread-1] INFO  server.RaftServerConfigKeys (ConfUtils.java:logGet(43)) - raft.server.storage.dir = [/workdir/hadoop-ozone/tools/target/test-dir/MiniOzoneClusterImpl-03cdfd41-b317-4d40-9cd5-ffdeafb88e39/datanode-2/data/ratis] (custom)
2019-10-31 11:58:15,933 [pool-47-thread-1] INFO  server.RaftServerConfigKeys (ConfUtils.java:logGet(43)) - raft.server.log.corruption.policy = EXCEPTION (default)
2019-10-31 11:58:15,933 [pool-47-thread-1] INFO  storage.RaftStorageDirectory (RaftStorageDirectory.java:analyzeStorage(246)) - The storage directory /workdir/hadoop-ozone/tools/target/test-dir/MiniOzoneClusterImpl-03cdfd41-b317-4d40-9cd5-ffdeafb88e39/datanode-2/data/ratis/2cf35436-58d1-4bf2-bd81-c67331a58cc8 does not exist. Creating ...
2019-10-31 11:58:15,938 [pool-27-thread-1] INFO  storage.RaftStorageDirectory (RaftStorageDirectory.java:tryLock(328)) - Lock on /workdir/hadoop-ozone/tools/target/test-dir/MiniOzoneClusterImpl-03cdfd41-b317-4d40-9cd5-ffdeafb88e39/datanode-0/data/ratis/2cf35436-58d1-4bf2-bd81-c67331a58cc8/in_use.lock acquired by nodename 14399@pr-hdds-2034-79z24-2056997790
2019-10-31 11:58:15,938 [pool-37-thread-1] INFO  storage.RaftStorageDirectory (RaftStorageDirectory.java:tryLock(328)) - Lock on /workdir/hadoop-ozone/tools/target/test-dir/MiniOzoneClusterImpl-03cdfd41-b317-4d40-9cd5-ffdeafb88e39/datanode-1/data/ratis/2cf35436-58d1-4bf2-bd81-c67331a58cc8/in_use.lock acquired by nodename 14399@pr-hdds-2034-79z24-2056997790
2019-10-31 11:58:15,942 [pool-47-thread-1] INFO  storage.RaftStorageDirectory (RaftStorageDirectory.java:tryLock(328)) - Lock on /workdir/hadoop-ozone/tools/target/test-dir/MiniOzoneClusterImpl-03cdfd41-b317-4d40-9cd5-ffdeafb88e39/datanode-2/data/ratis/2cf35436-58d1-4bf2-bd81-c67331a58cc8/in_use.lock acquired by nodename 14399@pr-hdds-2034-79z24-2056997790
2019-10-31 11:58:15,944 [pool-37-thread-1] INFO  storage.RaftStorage (RaftStorage.java:format(84)) - Storage directory /workdir/hadoop-ozone/tools/target/test-dir/MiniOzoneClusterImpl-03cdfd41-b317-4d40-9cd5-ffdeafb88e39/datanode-1/data/ratis/2cf35436-58d1-4bf2-bd81-c67331a58cc8 has been successfully formatted.
2019-10-31 11:58:15,944 [pool-27-thread-1] INFO  storage.RaftStorage (RaftStorage.java:format(84)) - Storage directory /workdir/hadoop-ozone/tools/target/test-dir/MiniOzoneClusterImpl-03cdfd41-b317-4d40-9cd5-ffdeafb88e39/datanode-0/data/ratis/2cf35436-58d1-4bf2-bd81-c67331a58cc8 has been successfully formatted.
2019-10-31 11:58:15,945 [pool-37-thread-1] INFO  ratis.ContainerStateMachine (ContainerStateMachine.java:loadSnapshot(231)) - group-C67331A58CC8: The snapshot info is null. Setting the last applied indexto:(t:0, i:~)
2019-10-31 11:58:15,945 [pool-27-thread-1] INFO  ratis.ContainerStateMachine (ContainerStateMachine.java:loadSnapshot(231)) - group-C67331A58CC8: The snapshot info is null. Setting the last applied indexto:(t:0, i:~)
2019-10-31 11:58:15,945 [pool-37-thread-1] INFO  server.RaftServerConfigKeys (ConfUtils.java:logGet(43)) - raft.server.notification.no-leader.timeout = 120s (custom)
2019-10-31 11:58:15,945 [pool-27-thread-1] INFO  server.RaftServerConfigKeys (ConfUtils.java:logGet(43)) - raft.server.notification.no-leader.timeout = 120s (custom)
2019-10-31 11:58:15,945 [pool-37-thread-1] INFO  server.RaftServerConfigKeys (ConfUtils.java:logGet(43)) - raft.server.log.use.memory = false (default)
2019-10-31 11:58:15,945 [pool-27-thread-1] INFO  server.RaftServerConfigKeys (ConfUtils.java:logGet(43)) - raft.server.log.use.memory = false (default)
2019-10-31 11:58:15,945 [pool-37-thread-1] INFO  server.RaftServerConfigKeys (ConfUtils.java:logGet(43)) - raft.server.log.purge.gap = 1000000 (custom)
2019-10-31 11:58:15,945 [pool-27-thread-1] INFO  server.RaftServerConfigKeys (ConfUtils.java:logGet(43)) - raft.server.log.purge.gap = 1000000 (custom)
2019-10-31 11:58:15,946 [pool-37-thread-1] INFO  server.RaftServerConfigKeys (ConfUtils.java:logGet(43)) - raft.server.log.appender.buffer.byte-limit = 33554432 (custom)
2019-10-31 11:58:15,946 [pool-27-thread-1] INFO  server.RaftServerConfigKeys (ConfUtils.java:logGet(43)) - raft.server.log.appender.buffer.byte-limit = 33554432 (custom)
2019-10-31 11:58:15,946 [pool-37-thread-1] INFO  server.RaftServerConfigKeys (ConfUtils.java:logGet(43)) - raft.server.log.segment.size.max = 1048576 (custom)
2019-10-31 11:58:15,946 [pool-27-thread-1] INFO  server.RaftServerConfigKeys (ConfUtils.java:logGet(43)) - raft.server.log.segment.size.max = 1048576 (custom)
2019-10-31 11:58:15,946 [pool-37-thread-1] INFO  server.RaftServerConfigKeys (ConfUtils.java:logGet(43)) - raft.server.log.segment.cache.num.max = 2 (custom)
2019-10-31 11:58:15,946 [pool-27-thread-1] INFO  server.RaftServerConfigKeys (ConfUtils.java:logGet(43)) - raft.server.log.segment.cache.num.max = 2 (custom)
2019-10-31 11:58:15,946 [pool-37-thread-1] INFO  segmented.SegmentedRaftLogWorker (SegmentedRaftLogWorker.java:<init>(173)) - new 354fb464-901d-4483-9688-530e748d6020@group-C67331A58CC8-SegmentedRaftLogWorker for RaftStorage:Storage Directory /workdir/hadoop-ozone/tools/target/test-dir/MiniOzoneClusterImpl-03cdfd41-b317-4d40-9cd5-ffdeafb88e39/datanode-1/data/ratis/2cf35436-58d1-4bf2-bd81-c67331a58cc8
2019-10-31 11:58:15,947 [pool-27-thread-1] INFO  segmented.SegmentedRaftLogWorker (SegmentedRaftLogWorker.java:<init>(173)) - new 46b0f7c0-f33a-43ec-b645-2252266d545c@group-C67331A58CC8-SegmentedRaftLogWorker for RaftStorage:Storage Directory /workdir/hadoop-ozone/tools/target/test-dir/MiniOzoneClusterImpl-03cdfd41-b317-4d40-9cd5-ffdeafb88e39/datanode-0/data/ratis/2cf35436-58d1-4bf2-bd81-c67331a58cc8
2019-10-31 11:58:15,947 [pool-47-thread-1] INFO  storage.RaftStorage (RaftStorage.java:format(84)) - Storage directory /workdir/hadoop-ozone/tools/target/test-dir/MiniOzoneClusterImpl-03cdfd41-b317-4d40-9cd5-ffdeafb88e39/datanode-2/data/ratis/2cf35436-58d1-4bf2-bd81-c67331a58cc8 has been successfully formatted.
2019-10-31 11:58:15,947 [pool-37-thread-1] INFO  server.RaftServerConfigKeys (ConfUtils.java:logGet(43)) - raft.server.log.queue.byte-limit = 2147483647 (custom)
2019-10-31 11:58:15,947 [pool-27-thread-1] INFO  server.RaftServerConfigKeys (ConfUtils.java:logGet(43)) - raft.server.log.queue.byte-limit = 2147483647 (custom)
2019-10-31 11:58:15,947 [pool-37-thread-1] INFO  server.RaftServerConfigKeys (ConfUtils.java:logGet(43)) - raft.server.log.queue.element-limit = 1024 (custom)
2019-10-31 11:58:15,947 [pool-47-thread-1] INFO  ratis.ContainerStateMachine (ContainerStateMachine.java:loadSnapshot(231)) - group-C67331A58CC8: The snapshot info is null. Setting the last applied indexto:(t:0, i:~)
2019-10-31 11:58:15,947 [pool-37-thread-1] INFO  server.RaftServerConfigKeys (ConfUtils.java:logGet(43)) - raft.server.log.segment.size.max = 1048576 (custom)
2019-10-31 11:58:15,947 [pool-27-thread-1] INFO  server.RaftServerConfigKeys (ConfUtils.java:logGet(43)) - raft.server.log.queue.element-limit = 1024 (custom)
2019-10-31 11:58:15,947 [pool-37-thread-1] INFO  server.RaftServerConfigKeys (ConfUtils.java:logGet(43)) - raft.server.log.preallocated.size = 16384 (custom)
2019-10-31 11:58:15,947 [pool-47-thread-1] INFO  server.RaftServerConfigKeys (ConfUtils.java:logGet(43)) - raft.server.notification.no-leader.timeout = 120s (custom)
2019-10-31 11:58:15,948 [pool-37-thread-1] INFO  server.RaftServerConfigKeys (ConfUtils.java:logGet(43)) - raft.server.log.write.buffer.size = 33554432 (custom)
2019-10-31 11:58:15,948 [pool-27-thread-1] INFO  server.RaftServerConfigKeys (ConfUtils.java:logGet(43)) - raft.server.log.segment.size.max = 1048576 (custom)
2019-10-31 11:58:15,948 [pool-37-thread-1] INFO  server.RaftServerConfigKeys (ConfUtils.java:logGet(43)) - raft.server.log.force.sync.num = 128 (default)
2019-10-31 11:58:15,948 [pool-47-thread-1] INFO  server.RaftServerConfigKeys (ConfUtils.java:logGet(43)) - raft.server.log.use.memory = false (default)
2019-10-31 11:58:15,948 [pool-37-thread-1] INFO  server.RaftServerConfigKeys (ConfUtils.java:logGet(43)) - raft.server.log.statemachine.data.sync = true (default)
2019-10-31 11:58:15,948 [pool-27-thread-1] INFO  server.RaftServerConfigKeys (ConfUtils.java:logGet(43)) - raft.server.log.preallocated.size = 16384 (custom)
2019-10-31 11:58:15,948 [pool-37-thread-1] INFO  server.RaftServerConfigKeys (ConfUtils.java:logGet(43)) - raft.server.log.statemachine.data.sync.timeout = 10s (default)
2019-10-31 11:58:15,948 [pool-47-thread-1] INFO  server.RaftServerConfigKeys (ConfUtils.java:logGet(43)) - raft.server.log.purge.gap = 1000000 (custom)
2019-10-31 11:58:15,949 [pool-37-thread-1] INFO  server.RaftServerConfigKeys (ConfUtils.java:logGet(43)) - raft.server.log.statemachine.data.sync.timeout.retry = -1 (default)
2019-10-31 11:58:15,949 [pool-27-thread-1] INFO  server.RaftServerConfigKeys (ConfUtils.java:logGet(43)) - raft.server.log.write.buffer.size = 33554432 (custom)
2019-10-31 11:58:15,949 [pool-37-thread-1] INFO  server.RaftServerConfigKeys (ConfUtils.java:logGet(43)) - raft.server.log.statemachine.data.caching.enabled = true (custom)
2019-10-31 11:58:15,949 [pool-47-thread-1] INFO  server.RaftServerConfigKeys (ConfUtils.java:logGet(43)) - raft.server.log.appender.buffer.byte-limit = 33554432 (custom)
2019-10-31 11:58:15,949 [pool-27-thread-1] INFO  server.RaftServerConfigKeys (ConfUtils.java:logGet(43)) - raft.server.log.force.sync.num = 128 (default)
2019-10-31 11:58:15,949 [pool-37-thread-1] INFO  segmented.SegmentedRaftLogWorker (SegmentedRaftLogWorker.java:lambda$new$0(128)) - 354fb464-901d-4483-9688-530e748d6020@group-C67331A58CC8-SegmentedRaftLogWorker: flushIndex: setUnconditionally 0 -> -1
2019-10-31 11:58:15,949 [pool-47-thread-1] INFO  server.RaftServerConfigKeys (ConfUtils.java:logGet(43)) - raft.server.log.segment.size.max = 1048576 (custom)
2019-10-31 11:58:15,950 [pool-27-thread-1] INFO  server.RaftServerConfigKeys (ConfUtils.java:logGet(43)) - raft.server.log.statemachine.data.sync = true (default)
2019-10-31 11:58:15,950 [pool-47-thread-1] INFO  server.RaftServerConfigKeys (ConfUtils.java:logGet(43)) - raft.server.log.segment.cache.num.max = 2 (custom)
2019-10-31 11:58:15,950 [pool-27-thread-1] INFO  server.RaftServerConfigKeys (ConfUtils.java:logGet(43)) - raft.server.log.statemachine.data.sync.timeout = 10s (default)
2019-10-31 11:58:15,950 [pool-37-thread-1] INFO  server.RaftServerConfigKeys (ConfUtils.java:logGet(43)) - raft.server.snapshot.auto.trigger.enabled = true (custom)
2019-10-31 11:58:15,950 [pool-27-thread-1] INFO  server.RaftServerConfigKeys (ConfUtils.java:logGet(43)) - raft.server.log.statemachine.data.sync.timeout.retry = -1 (default)
2019-10-31 11:58:15,950 [pool-47-thread-1] INFO  segmented.SegmentedRaftLogWorker (SegmentedRaftLogWorker.java:<init>(173)) - new 7d605aae-0c54-4fed-b184-231d6db633e8@group-C67331A58CC8-SegmentedRaftLogWorker for RaftStorage:Storage Directory /workdir/hadoop-ozone/tools/target/test-dir/MiniOzoneClusterImpl-03cdfd41-b317-4d40-9cd5-ffdeafb88e39/datanode-2/data/ratis/2cf35436-58d1-4bf2-bd81-c67331a58cc8
2019-10-31 11:58:15,951 [pool-27-thread-1] INFO  server.RaftServerConfigKeys (ConfUtils.java:logGet(43)) - raft.server.log.statemachine.data.caching.enabled = true (custom)
2019-10-31 11:58:15,950 [pool-37-thread-1] INFO  server.RaftServerConfigKeys (ConfUtils.java:logGet(43)) - raft.server.snapshot.auto.trigger.threshold = 10000 (custom)
2019-10-31 11:58:15,951 [pool-47-thread-1] INFO  server.RaftServerConfigKeys (ConfUtils.java:logGet(43)) - raft.server.log.queue.byte-limit = 2147483647 (custom)
2019-10-31 11:58:15,951 [pool-37-thread-1] INFO  server.RaftServerConfigKeys (ConfUtils.java:logGet(43)) - raft.server.snapshot.retention.file.num = 5 (custom)
2019-10-31 11:58:15,951 [pool-27-thread-1] INFO  segmented.SegmentedRaftLogWorker (SegmentedRaftLogWorker.java:lambda$new$0(128)) - 46b0f7c0-f33a-43ec-b645-2252266d545c@group-C67331A58CC8-SegmentedRaftLogWorker: flushIndex: setUnconditionally 0 -> -1
2019-10-31 11:58:15,951 [pool-47-thread-1] INFO  server.RaftServerConfigKeys (ConfUtils.java:logGet(43)) - raft.server.log.queue.element-limit = 1024 (custom)
2019-10-31 11:58:15,951 [pool-37-thread-1] INFO  server.RaftServerConfigKeys (ConfUtils.java:logGet(43)) - raft.server.retrycache.expirytime = 600000ms (custom)
2019-10-31 11:58:15,951 [pool-27-thread-1] INFO  server.RaftServerConfigKeys (ConfUtils.java:logGet(43)) - raft.server.snapshot.auto.trigger.enabled = true (custom)
2019-10-31 11:58:15,951 [pool-47-thread-1] INFO  server.RaftServerConfigKeys (ConfUtils.java:logGet(43)) - raft.server.log.segment.size.max = 1048576 (custom)
2019-10-31 11:58:15,952 [pool-37-thread-1] WARN  impl.MetricRegistriesImpl (MetricRegistriesImpl.java:lambda$create$1(61)) - First MetricRegistry has been created without registering reporters. You may need to call MetricRegistries.global().addReportRegistration(...) before.
2019-10-31 11:58:15,952 [pool-27-thread-1] INFO  server.RaftServerConfigKeys (ConfUtils.java:logGet(43)) - raft.server.snapshot.auto.trigger.threshold = 10000 (custom)
2019-10-31 11:58:15,952 [pool-37-thread-1] WARN  impl.MetricRegistriesImpl (MetricRegistriesImpl.java:lambda$create$1(61)) - First MetricRegistry has been created without registering reporters. You may need to call MetricRegistries.global().addReportRegistration(...) before.
2019-10-31 11:58:15,952 [pool-47-thread-1] INFO  server.RaftServerConfigKeys (ConfUtils.java:logGet(43)) - raft.server.log.preallocated.size = 16384 (custom)
2019-10-31 11:58:15,952 [pool-27-thread-1] INFO  server.RaftServerConfigKeys (ConfUtils.java:logGet(43)) - raft.server.snapshot.retention.file.num = 5 (custom)
2019-10-31 11:58:15,952 [pool-47-thread-1] INFO  server.RaftServerConfigKeys (ConfUtils.java:logGet(43)) - raft.server.log.write.buffer.size = 33554432 (custom)
2019-10-31 11:58:15,952 [pool-37-thread-1] INFO  impl.RaftServerImpl (RaftServerImpl.java:start(184)) - 354fb464-901d-4483-9688-530e748d6020@group-C67331A58CC8: start as a follower, conf=-1: [7d605aae-0c54-4fed-b184-231d6db633e8:192.168.157.202:43091, 354fb464-901d-4483-9688-530e748d6020:192.168.157.202:45550, 46b0f7c0-f33a-43ec-b645-2252266d545c:192.168.157.202:36267], old=null
2019-10-31 11:58:15,953 [pool-47-thread-1] INFO  server.RaftServerConfigKeys (ConfUtils.java:logGet(43)) - raft.server.log.force.sync.num = 128 (default)
2019-10-31 11:58:15,952 [pool-27-thread-1] INFO  server.RaftServerConfigKeys (ConfUtils.java:logGet(43)) - raft.server.retrycache.expirytime = 600000ms (custom)
2019-10-31 11:58:15,953 [pool-47-thread-1] INFO  server.RaftServerConfigKeys (ConfUtils.java:logGet(43)) - raft.server.log.statemachine.data.sync = true (default)
2019-10-31 11:58:15,953 [pool-37-thread-1] INFO  impl.RaftServerImpl (RaftServerImpl.java:setRole(173)) - 354fb464-901d-4483-9688-530e748d6020@group-C67331A58CC8: changes role from      null to FOLLOWER at term 0 for startAsFollower
2019-10-31 11:58:15,953 [pool-47-thread-1] INFO  server.RaftServerConfigKeys (ConfUtils.java:logGet(43)) - raft.server.log.statemachine.data.sync.timeout = 10s (default)
2019-10-31 11:58:15,953 [pool-27-thread-1] WARN  impl.MetricRegistriesImpl (MetricRegistriesImpl.java:lambda$create$1(61)) - First MetricRegistry has been created without registering reporters. You may need to call MetricRegistries.global().addReportRegistration(...) before.
2019-10-31 11:58:15,953 [pool-47-thread-1] INFO  server.RaftServerConfigKeys (ConfUtils.java:logGet(43)) - raft.server.log.statemachine.data.sync.timeout.retry = -1 (default)
2019-10-31 11:58:15,953 [pool-37-thread-1] INFO  impl.RoleInfo (RoleInfo.java:updateAndGet(143)) - 354fb464-901d-4483-9688-530e748d6020: start FollowerState
2019-10-31 11:58:15,954 [pool-47-thread-1] INFO  server.RaftServerConfigKeys (ConfUtils.java:logGet(43)) - raft.server.log.statemachine.data.caching.enabled = true (custom)
2019-10-31 11:58:15,953 [pool-27-thread-1] WARN  impl.MetricRegistriesImpl (MetricRegistriesImpl.java:lambda$create$1(61)) - First MetricRegistry has been created without registering reporters. You may need to call MetricRegistries.global().addReportRegistration(...) before.
2019-10-31 11:58:15,954 [pool-47-thread-1] INFO  segmented.SegmentedRaftLogWorker (SegmentedRaftLogWorker.java:lambda$new$0(128)) - 7d605aae-0c54-4fed-b184-231d6db633e8@group-C67331A58CC8-SegmentedRaftLogWorker: flushIndex: setUnconditionally 0 -> -1
2019-10-31 11:58:15,954 [pool-27-thread-1] INFO  impl.RaftServerImpl (RaftServerImpl.java:start(184)) - 46b0f7c0-f33a-43ec-b645-2252266d545c@group-C67331A58CC8: start as a follower, conf=-1: [7d605aae-0c54-4fed-b184-231d6db633e8:192.168.157.202:43091, 354fb464-901d-4483-9688-530e748d6020:192.168.157.202:45550, 46b0f7c0-f33a-43ec-b645-2252266d545c:192.168.157.202:36267], old=null
2019-10-31 11:58:15,954 [pool-47-thread-1] INFO  server.RaftServerConfigKeys (ConfUtils.java:logGet(43)) - raft.server.snapshot.auto.trigger.enabled = true (custom)
2019-10-31 11:58:15,954 [pool-37-thread-1] INFO  util.JmxRegister (JmxRegister.java:tryRegister(44)) - Successfully registered JMX Bean with object name Ratis:service=RaftServer,group=group-C67331A58CC8,id=354fb464-901d-4483-9688-530e748d6020
2019-10-31 11:58:15,954 [pool-27-thread-1] INFO  impl.RaftServerImpl (RaftServerImpl.java:setRole(173)) - 46b0f7c0-f33a-43ec-b645-2252266d545c@group-C67331A58CC8: changes role from      null to FOLLOWER at term 0 for startAsFollower
2019-10-31 11:58:15,954 [pool-37-thread-1] WARN  impl.MetricRegistriesImpl (MetricRegistriesImpl.java:lambda$create$1(61)) - First MetricRegistry has been created without registering reporters. You may need to call MetricRegistries.global().addReportRegistration(...) before.
2019-10-31 11:58:15,954 [pool-47-thread-1] INFO  server.RaftServerConfigKeys (ConfUtils.java:logGet(43)) - raft.server.snapshot.auto.trigger.threshold = 10000 (custom)
2019-10-31 11:58:15,955 [pool-27-thread-1] INFO  impl.RoleInfo (RoleInfo.java:updateAndGet(143)) - 46b0f7c0-f33a-43ec-b645-2252266d545c: start FollowerState
2019-10-31 11:58:15,955 [pool-47-thread-1] INFO  server.RaftServerConfigKeys (ConfUtils.java:logGet(43)) - raft.server.snapshot.retention.file.num = 5 (custom)
2019-10-31 11:58:15,955 [Command processor thread] INFO  commandhandler.CreatePipelineCommandHandler (CreatePipelineCommandHandler.java:handle(86)) - Create Pipeline RATIS THREE #id: "2cf35436-58d1-4bf2-bd81-c67331a58cc8"
 command succeed on datanode 354fb464-901d-4483-9688-530e748d6020.
2019-10-31 11:58:15,955 [pool-47-thread-1] INFO  server.RaftServerConfigKeys (ConfUtils.java:logGet(43)) - raft.server.retrycache.expirytime = 600000ms (custom)
2019-10-31 11:58:15,955 [pool-47-thread-1] WARN  impl.MetricRegistriesImpl (MetricRegistriesImpl.java:lambda$create$1(61)) - First MetricRegistry has been created without registering reporters. You may need to call MetricRegistries.global().addReportRegistration(...) before.
2019-10-31 11:58:15,955 [pool-27-thread-1] INFO  util.JmxRegister (JmxRegister.java:tryRegister(44)) - Successfully registered JMX Bean with object name Ratis:service=RaftServer,group=group-C67331A58CC8,id=46b0f7c0-f33a-43ec-b645-2252266d545c
2019-10-31 11:58:15,955 [pool-47-thread-1] WARN  impl.MetricRegistriesImpl (MetricRegistriesImpl.java:lambda$create$1(61)) - First MetricRegistry has been created without registering reporters. You may need to call MetricRegistries.global().addReportRegistration(...) before.
2019-10-31 11:58:15,956 [pool-27-thread-1] WARN  impl.MetricRegistriesImpl (MetricRegistriesImpl.java:lambda$create$1(61)) - First MetricRegistry has been created without registering reporters. You may need to call MetricRegistries.global().addReportRegistration(...) before.
2019-10-31 11:58:15,956 [pool-47-thread-1] INFO  impl.RaftServerImpl (RaftServerImpl.java:start(184)) - 7d605aae-0c54-4fed-b184-231d6db633e8@group-C67331A58CC8: start as a follower, conf=-1: [7d605aae-0c54-4fed-b184-231d6db633e8:192.168.157.202:43091, 354fb464-901d-4483-9688-530e748d6020:192.168.157.202:45550, 46b0f7c0-f33a-43ec-b645-2252266d545c:192.168.157.202:36267], old=null
2019-10-31 11:58:15,956 [pool-47-thread-1] INFO  impl.RaftServerImpl (RaftServerImpl.java:setRole(173)) - 7d605aae-0c54-4fed-b184-231d6db633e8@group-C67331A58CC8: changes role from      null to FOLLOWER at term 0 for startAsFollower
2019-10-31 11:58:15,956 [pool-47-thread-1] INFO  impl.RoleInfo (RoleInfo.java:updateAndGet(143)) - 7d605aae-0c54-4fed-b184-231d6db633e8: start FollowerState
2019-10-31 11:58:15,956 [Command processor thread] INFO  commandhandler.CreatePipelineCommandHandler (CreatePipelineCommandHandler.java:handle(86)) - Create Pipeline RATIS THREE #id: "2cf35436-58d1-4bf2-bd81-c67331a58cc8"
 command succeed on datanode 46b0f7c0-f33a-43ec-b645-2252266d545c.
2019-10-31 11:58:15,957 [pool-47-thread-1] INFO  util.JmxRegister (JmxRegister.java:tryRegister(44)) - Successfully registered JMX Bean with object name Ratis:service=RaftServer,group=group-C67331A58CC8,id=7d605aae-0c54-4fed-b184-231d6db633e8
2019-10-31 11:58:15,957 [pool-47-thread-1] WARN  impl.MetricRegistriesImpl (MetricRegistriesImpl.java:lambda$create$1(61)) - First MetricRegistry has been created without registering reporters. You may need to call MetricRegistries.global().addReportRegistration(...) before.
2019-10-31 11:58:15,957 [EventQueue-PipelineReportForPipelineReportHandler] INFO  pipeline.PipelineReportHandler (PipelineReportHandler.java:processPipelineReport(104)) - Pipeline THREE PipelineID=2cf35436-58d1-4bf2-bd81-c67331a58cc8 reported by 354fb464-901d-4483-9688-530e748d6020{ip: 192.168.157.202, host: pr-hdds-2034-79z24-2056997790, networkLocation: /default-rack, certSerialId: null}
2019-10-31 11:58:15,957 [Command processor thread] INFO  commandhandler.CreatePipelineCommandHandler (CreatePipelineCommandHandler.java:handle(86)) - Create Pipeline RATIS THREE #id: "2cf35436-58d1-4bf2-bd81-c67331a58cc8"
 command succeed on datanode 7d605aae-0c54-4fed-b184-231d6db633e8.
2019-10-31 11:58:15,958 [EventQueue-PipelineReportForPipelineReportHandler] INFO  pipeline.PipelineReportHandler (PipelineReportHandler.java:processPipelineReport(104)) - Pipeline THREE PipelineID=2cf35436-58d1-4bf2-bd81-c67331a58cc8 reported by 46b0f7c0-f33a-43ec-b645-2252266d545c{ip: 192.168.157.202, host: pr-hdds-2034-79z24-2056997790, networkLocation: /default-rack, certSerialId: null}
2019-10-31 11:58:15,958 [EventQueue-PipelineReportForPipelineReportHandler] INFO  pipeline.PipelineReportHandler (PipelineReportHandler.java:processPipelineReport(104)) - Pipeline THREE PipelineID=2cf35436-58d1-4bf2-bd81-c67331a58cc8 reported by 7d605aae-0c54-4fed-b184-231d6db633e8{ip: 192.168.157.202, host: pr-hdds-2034-79z24-2056997790, networkLocation: /default-rack, certSerialId: null}
2019-10-31 11:58:15,958 [EventQueue-PipelineReportForPipelineReportHandler] INFO  pipeline.PipelineStateManager (PipelineStateManager.java:openPipeline(134)) - Pipeline Pipeline[ Id: 2cf35436-58d1-4bf2-bd81-c67331a58cc8, Nodes: 46b0f7c0-f33a-43ec-b645-2252266d545c{ip: 192.168.157.202, host: pr-hdds-2034-79z24-2056997790, networkLocation: /default-rack, certSerialId: null}7d605aae-0c54-4fed-b184-231d6db633e8{ip: 192.168.157.202, host: pr-hdds-2034-79z24-2056997790, networkLocation: /default-rack, certSerialId: null}354fb464-901d-4483-9688-530e748d6020{ip: 192.168.157.202, host: pr-hdds-2034-79z24-2056997790, networkLocation: /default-rack, certSerialId: null}, Type:RATIS, Factor:THREE, State:ALLOCATED] moved to OPEN state
 0.00% |?                                                                                                    |  0/1 Time: 0:00:04 100.00% |?????????????????????????????????????????????????????????????????????????????????????????????????????|  1/1 Time: 0:00:05
2019-10-31 11:58:21,016 [Thread-487] INFO  impl.FollowerState (FollowerState.java:run(111)) - 7d605aae-0c54-4fed-b184-231d6db633e8@group-C67331A58CC8-FollowerState: change to CANDIDATE, lastRpcTime:5059ms, electionTimeout:5059ms
2019-10-31 11:58:21,018 [Thread-487] INFO  impl.RoleInfo (RoleInfo.java:shutdownFollowerState(121)) - 7d605aae-0c54-4fed-b184-231d6db633e8: shutdown FollowerState
2019-10-31 11:58:21,018 [Thread-487] INFO  impl.RaftServerImpl (RaftServerImpl.java:setRole(173)) - 7d605aae-0c54-4fed-b184-231d6db633e8@group-C67331A58CC8: changes role from  FOLLOWER to CANDIDATE at term 0 for changeToCandidate
2019-10-31 11:58:21,019 [Thread-487] INFO  impl.RoleInfo (RoleInfo.java:updateAndGet(143)) - 7d605aae-0c54-4fed-b184-231d6db633e8: start LeaderElection
2019-10-31 11:58:21,039 [7d605aae-0c54-4fed-b184-231d6db633e8@group-C67331A58CC8-LeaderElection8] INFO  impl.LeaderElection (LeaderElection.java:askForVotes(178)) - 7d605aae-0c54-4fed-b184-231d6db633e8@group-C67331A58CC8-LeaderElection8: begin an election at term 1 for -1: [7d605aae-0c54-4fed-b184-231d6db633e8:192.168.157.202:43091, 354fb464-901d-4483-9688-530e748d6020:192.168.157.202:45550, 46b0f7c0-f33a-43ec-b645-2252266d545c:192.168.157.202:36267], old=null
2019-10-31 11:58:21,052 [grpc-default-executor-0] INFO  impl.RaftServerImpl (RaftServerImpl.java:setRole(173)) - 354fb464-901d-4483-9688-530e748d6020@group-C67331A58CC8: changes role from  FOLLOWER to FOLLOWER at term 1 for recognizeCandidate:7d605aae-0c54-4fed-b184-231d6db633e8
2019-10-31 11:58:21,052 [grpc-default-executor-1] INFO  impl.RaftServerImpl (RaftServerImpl.java:setRole(173)) - 46b0f7c0-f33a-43ec-b645-2252266d545c@group-C67331A58CC8: changes role from  FOLLOWER to FOLLOWER at term 1 for recognizeCandidate:7d605aae-0c54-4fed-b184-231d6db633e8
2019-10-31 11:58:21,052 [grpc-default-executor-0] INFO  impl.RoleInfo (RoleInfo.java:shutdownFollowerState(121)) - 354fb464-901d-4483-9688-530e748d6020: shutdown FollowerState
2019-10-31 11:58:21,052 [grpc-default-executor-1] INFO  impl.RoleInfo (RoleInfo.java:shutdownFollowerState(121)) - 46b0f7c0-f33a-43ec-b645-2252266d545c: shutdown FollowerState
2019-10-31 11:58:21,053 [grpc-default-executor-0] INFO  impl.RoleInfo (RoleInfo.java:updateAndGet(143)) - 354fb464-901d-4483-9688-530e748d6020: start FollowerState
2019-10-31 11:58:21,053 [Thread-484] INFO  impl.FollowerState (FollowerState.java:run(120)) - 354fb464-901d-4483-9688-530e748d6020@group-C67331A58CC8-FollowerState was interrupted: java.lang.InterruptedException: sleep interrupted
2019-10-31 11:58:21,053 [Thread-485] INFO  impl.FollowerState (FollowerState.java:run(120)) - 46b0f7c0-f33a-43ec-b645-2252266d545c@group-C67331A58CC8-FollowerState was interrupted: java.lang.InterruptedException: sleep interrupted
2019-10-31 11:58:21,053 [grpc-default-executor-1] INFO  impl.RoleInfo (RoleInfo.java:updateAndGet(143)) - 46b0f7c0-f33a-43ec-b645-2252266d545c: start FollowerState
2019-10-31 11:58:21,074 [7d605aae-0c54-4fed-b184-231d6db633e8@group-C67331A58CC8-LeaderElection8] INFO  impl.LeaderElection (LeaderElection.java:logAndReturn(56)) - 7d605aae-0c54-4fed-b184-231d6db633e8@group-C67331A58CC8-LeaderElection8: Election PASSED; received 1 response(s) [7d605aae-0c54-4fed-b184-231d6db633e8<-46b0f7c0-f33a-43ec-b645-2252266d545c#0:OK-t1] and 0 exception(s); 7d605aae-0c54-4fed-b184-231d6db633e8@group-C67331A58CC8:t1, leader=null, voted=7d605aae-0c54-4fed-b184-231d6db633e8, raftlog=7d605aae-0c54-4fed-b184-231d6db633e8@group-C67331A58CC8-SegmentedRaftLog:OPENED:c-1,f-1,i0, conf=-1: [7d605aae-0c54-4fed-b184-231d6db633e8:192.168.157.202:43091, 354fb464-901d-4483-9688-530e748d6020:192.168.157.202:45550, 46b0f7c0-f33a-43ec-b645-2252266d545c:192.168.157.202:36267], old=null
2019-10-31 11:58:21,074 [7d605aae-0c54-4fed-b184-231d6db633e8@group-C67331A58CC8-LeaderElection8] INFO  impl.RoleInfo (RoleInfo.java:shutdownLeaderElection(134)) - 7d605aae-0c54-4fed-b184-231d6db633e8: shutdown LeaderElection
2019-10-31 11:58:21,075 [7d605aae-0c54-4fed-b184-231d6db633e8@group-C67331A58CC8-LeaderElection8] INFO  impl.RaftServerImpl (RaftServerImpl.java:setRole(173)) - 7d605aae-0c54-4fed-b184-231d6db633e8@group-C67331A58CC8: changes role from CANDIDATE to LEADER at term 1 for changeToLeader
2019-10-31 11:58:21,075 [7d605aae-0c54-4fed-b184-231d6db633e8@group-C67331A58CC8-LeaderElection8] INFO  impl.RaftServerImpl (ServerState.java:setLeader(255)) - 7d605aae-0c54-4fed-b184-231d6db633e8@group-C67331A58CC8: change Leader from null to 7d605aae-0c54-4fed-b184-231d6db633e8 at term 1 for becomeLeader, leader elected after 5127ms
2019-10-31 11:58:21,075 [7d605aae-0c54-4fed-b184-231d6db633e8@group-C67331A58CC8-LeaderElection8] INFO  server.RaftServerConfigKeys (ConfUtils.java:logGet(43)) - raft.server.staging.catchup.gap = 1000 (default)
2019-10-31 11:58:21,076 [7d605aae-0c54-4fed-b184-231d6db633e8@group-C67331A58CC8-LeaderElection8] INFO  server.RaftServerConfigKeys (ConfUtils.java:logGet(43)) - raft.server.rpc.sleep.time = 25ms (default)
2019-10-31 11:58:21,076 [7d605aae-0c54-4fed-b184-231d6db633e8@group-C67331A58CC8-LeaderElection8] INFO  server.RaftServerConfigKeys (ConfUtils.java:logGet(43)) - raft.server.write.element-limit = 4096 (default)
2019-10-31 11:58:21,076 [7d605aae-0c54-4fed-b184-231d6db633e8@group-C67331A58CC8-LeaderElection8] INFO  server.RaftServerConfigKeys (ConfUtils.java:logGet(43)) - raft.server.watch.timeout = 10s (default)
2019-10-31 11:58:21,076 [7d605aae-0c54-4fed-b184-231d6db633e8@group-C67331A58CC8-LeaderElection8] INFO  server.RaftServerConfigKeys (ConfUtils.java:logGet(43)) - raft.server.watch.timeout.denomination = 1s (default)
2019-10-31 11:58:21,076 [7d605aae-0c54-4fed-b184-231d6db633e8@group-C67331A58CC8-LeaderElection8] INFO  server.RaftServerConfigKeys (ConfUtils.java:logGet(43)) - raft.server.watch.element-limit = 65536 (default)
2019-10-31 11:58:21,077 [7d605aae-0c54-4fed-b184-231d6db633e8@group-C67331A58CC8-LeaderElection8] INFO  server.RaftServerConfigKeys (ConfUtils.java:logGet(43)) - raft.server.log.appender.snapshot.chunk.size.max = 16MB (=16777216) (default)
2019-10-31 11:58:21,077 [7d605aae-0c54-4fed-b184-231d6db633e8@group-C67331A58CC8-LeaderElection8] INFO  server.RaftServerConfigKeys (ConfUtils.java:logGet(43)) - raft.server.log.appender.buffer.byte-limit = 33554432 (custom)
2019-10-31 11:58:21,077 [7d605aae-0c54-4fed-b184-231d6db633e8@group-C67331A58CC8-LeaderElection8] INFO  server.RaftServerConfigKeys (ConfUtils.java:logGet(43)) - raft.server.log.appender.buffer.element-limit = 1 (custom)
2019-10-31 11:58:21,077 [7d605aae-0c54-4fed-b184-231d6db633e8@group-C67331A58CC8-LeaderElection8] INFO  grpc.GrpcConfigKeys$Server (ConfUtils.java:logGet(43)) - raft.grpc.server.leader.outstanding.appends.max = 128 (default)
2019-10-31 11:58:21,078 [7d605aae-0c54-4fed-b184-231d6db633e8@group-C67331A58CC8-LeaderElection8] INFO  server.RaftServerConfigKeys (ConfUtils.java:logGet(43)) - raft.server.rpc.request.timeout = 3000ms (default)
2019-10-31 11:58:21,078 [7d605aae-0c54-4fed-b184-231d6db633e8@group-C67331A58CC8-LeaderElection8] INFO  server.RaftServerConfigKeys (ConfUtils.java:logGet(43)) - raft.server.log.appender.install.snapshot.enabled = false (custom)
2019-10-31 11:58:21,079 [7d605aae-0c54-4fed-b184-231d6db633e8@group-C67331A58CC8-LeaderElection8] WARN  impl.MetricRegistriesImpl (MetricRegistriesImpl.java:lambda$create$1(61)) - First MetricRegistry has been created without registering reporters. You may need to call MetricRegistries.global().addReportRegistration(...) before.
2019-10-31 11:58:21,079 [7d605aae-0c54-4fed-b184-231d6db633e8@group-C67331A58CC8-LeaderElection8] INFO  server.RaftServerConfigKeys (ConfUtils.java:logGet(43)) - raft.server.log.appender.snapshot.chunk.size.max = 16MB (=16777216) (default)
2019-10-31 11:58:21,079 [7d605aae-0c54-4fed-b184-231d6db633e8@group-C67331A58CC8-LeaderElection8] INFO  server.RaftServerConfigKeys (ConfUtils.java:logGet(43)) - raft.server.log.appender.buffer.byte-limit = 33554432 (custom)
2019-10-31 11:58:21,079 [7d605aae-0c54-4fed-b184-231d6db633e8@group-C67331A58CC8-LeaderElection8] INFO  server.RaftServerConfigKeys (ConfUtils.java:logGet(43)) - raft.server.log.appender.buffer.element-limit = 1 (custom)
2019-10-31 11:58:21,079 [7d605aae-0c54-4fed-b184-231d6db633e8@group-C67331A58CC8-LeaderElection8] INFO  grpc.GrpcConfigKeys$Server (ConfUtils.java:logGet(43)) - raft.grpc.server.leader.outstanding.appends.max = 128 (default)
2019-10-31 11:58:21,079 [7d605aae-0c54-4fed-b184-231d6db633e8@group-C67331A58CC8-LeaderElection8] INFO  server.RaftServerConfigKeys (ConfUtils.java:logGet(43)) - raft.server.rpc.request.timeout = 3000ms (default)
2019-10-31 11:58:21,080 [7d605aae-0c54-4fed-b184-231d6db633e8@group-C67331A58CC8-LeaderElection8] INFO  server.RaftServerConfigKeys (ConfUtils.java:logGet(43)) - raft.server.log.appender.install.snapshot.enabled = false (custom)
2019-10-31 11:58:21,080 [7d605aae-0c54-4fed-b184-231d6db633e8@group-C67331A58CC8-LeaderElection8] INFO  impl.RoleInfo (RoleInfo.java:updateAndGet(143)) - 7d605aae-0c54-4fed-b184-231d6db633e8: start LeaderState
2019-10-31 11:58:21,080 [7d605aae-0c54-4fed-b184-231d6db633e8@group-C67331A58CC8-LeaderElection8] INFO  segmented.SegmentedRaftLogWorker (SegmentedRaftLogWorker.java:startLogSegment(385)) - 7d605aae-0c54-4fed-b184-231d6db633e8@group-C67331A58CC8-SegmentedRaftLogWorker: Starting segment from index:0
2019-10-31 11:58:21,082 [7d605aae-0c54-4fed-b184-231d6db633e8@group-C67331A58CC8-LeaderElection8] INFO  impl.RaftServerImpl (ServerState.java:setRaftConf(356)) - 7d605aae-0c54-4fed-b184-231d6db633e8@group-C67331A58CC8: set configuration 0: [7d605aae-0c54-4fed-b184-231d6db633e8:192.168.157.202:43091, 354fb464-901d-4483-9688-530e748d6020:192.168.157.202:45550, 46b0f7c0-f33a-43ec-b645-2252266d545c:192.168.157.202:36267], old=null at 0
2019-10-31 11:58:21,113 [grpc-default-executor-1] INFO  impl.RaftServerImpl (ServerState.java:setLeader(255)) - 46b0f7c0-f33a-43ec-b645-2252266d545c@group-C67331A58CC8: change Leader from null to 7d605aae-0c54-4fed-b184-231d6db633e8 at term 1 for appendEntries, leader elected after 5168ms
2019-10-31 11:58:21,113 [grpc-default-executor-0] INFO  impl.RaftServerImpl (ServerState.java:setLeader(255)) - 354fb464-901d-4483-9688-530e748d6020@group-C67331A58CC8: change Leader from null to 7d605aae-0c54-4fed-b184-231d6db633e8 at term 1 for appendEntries, leader elected after 5168ms
2019-10-31 11:58:21,119 [grpc-default-executor-1] INFO  impl.RaftServerImpl (ServerState.java:setRaftConf(356)) - 354fb464-901d-4483-9688-530e748d6020@group-C67331A58CC8: set configuration 0: [7d605aae-0c54-4fed-b184-231d6db633e8:192.168.157.202:43091, 354fb464-901d-4483-9688-530e748d6020:192.168.157.202:45550, 46b0f7c0-f33a-43ec-b645-2252266d545c:192.168.157.202:36267], old=null at 0
2019-10-31 11:58:21,119 [grpc-default-executor-0] INFO  impl.RaftServerImpl (ServerState.java:setRaftConf(356)) - 46b0f7c0-f33a-43ec-b645-2252266d545c@group-C67331A58CC8: set configuration 0: [7d605aae-0c54-4fed-b184-231d6db633e8:192.168.157.202:43091, 354fb464-901d-4483-9688-530e748d6020:192.168.157.202:45550, 46b0f7c0-f33a-43ec-b645-2252266d545c:192.168.157.202:36267], old=null at 0
2019-10-31 11:58:21,119 [grpc-default-executor-1] INFO  segmented.SegmentedRaftLogWorker (SegmentedRaftLogWorker.java:startLogSegment(385)) - 354fb464-901d-4483-9688-530e748d6020@group-C67331A58CC8-SegmentedRaftLogWorker: Starting segment from index:0
2019-10-31 11:58:21,119 [grpc-default-executor-0] INFO  segmented.SegmentedRaftLogWorker (SegmentedRaftLogWorker.java:startLogSegment(385)) - 46b0f7c0-f33a-43ec-b645-2252266d545c@group-C67331A58CC8-SegmentedRaftLogWorker: Starting segment from index:0
2019-10-31 11:58:21,124 [7d605aae-0c54-4fed-b184-231d6db633e8@group-C67331A58CC8-SegmentedRaftLogWorker] INFO  segmented.SegmentedRaftLogWorker (SegmentedRaftLogWorker.java:execute(576)) - 7d605aae-0c54-4fed-b184-231d6db633e8@group-C67331A58CC8-SegmentedRaftLogWorker: created new log segment /workdir/hadoop-ozone/tools/target/test-dir/MiniOzoneClusterImpl-03cdfd41-b317-4d40-9cd5-ffdeafb88e39/datanode-2/data/ratis/2cf35436-58d1-4bf2-bd81-c67331a58cc8/current/log_inprogress_0
2019-10-31 11:58:21,157 [46b0f7c0-f33a-43ec-b645-2252266d545c@group-C67331A58CC8-SegmentedRaftLogWorker] INFO  segmented.SegmentedRaftLogWorker (SegmentedRaftLogWorker.java:execute(576)) - 46b0f7c0-f33a-43ec-b645-2252266d545c@group-C67331A58CC8-SegmentedRaftLogWorker: created new log segment /workdir/hadoop-ozone/tools/target/test-dir/MiniOzoneClusterImpl-03cdfd41-b317-4d40-9cd5-ffdeafb88e39/datanode-0/data/ratis/2cf35436-58d1-4bf2-bd81-c67331a58cc8/current/log_inprogress_0
2019-10-31 11:58:21,157 [354fb464-901d-4483-9688-530e748d6020@group-C67331A58CC8-SegmentedRaftLogWorker] INFO  segmented.SegmentedRaftLogWorker (SegmentedRaftLogWorker.java:execute(576)) - 354fb464-901d-4483-9688-530e748d6020@group-C67331A58CC8-SegmentedRaftLogWorker: created new log segment /workdir/hadoop-ozone/tools/target/test-dir/MiniOzoneClusterImpl-03cdfd41-b317-4d40-9cd5-ffdeafb88e39/datanode-1/data/ratis/2cf35436-58d1-4bf2-bd81-c67331a58cc8/current/log_inprogress_0
]]></system-out>
    <system-err><![CDATA[ERROR StatusLogger No Log4j 2 configuration file found. Using default configuration (logging only errors to the console), or user programmatically provided configurations. Set system property 'log4j2.debug' to show Log4j 2 internal initialization logging. See https://logging.apache.org/log4j/2.x/manual/configuration.html for instructions on how to configure Log4j 2
]]></system-err>
  </testcase>
</testsuite>