<?xml version="1.0" encoding="UTF-8"?>
<testsuite xmlns:xsi="http://www.w3.org/2001/XMLSchema-instance" xsi:noNamespaceSchemaLocation="https://maven.apache.org/surefire/maven-surefire-plugin/xsd/surefire-test-report.xsd" name="org.apache.hadoop.ozone.client.rpc.TestMultiBlockWritesWithDnFailures" time="75.421" tests="2" errors="1" skipped="0" failures="0">
  <properties>
    <property name="awt.toolkit" value="sun.awt.X11.XToolkit"/>
    <property name="file.encoding.pkg" value="sun.io"/>
    <property name="java.specification.version" value="1.8"/>
    <property name="sun.cpu.isalist" value=""/>
    <property name="sun.jnu.encoding" value="ANSI_X3.4-1968"/>
    <property name="java.class.path" value="/workdir/hadoop-ozone/integration-test/target/test-classes:/workdir/hadoop-ozone/integration-test/target/classes:/home/user/.m2/repository/org/apache/hadoop/hadoop-ozone-common/0.5.0-SNAPSHOT/hadoop-ozone-common-0.5.0-SNAPSHOT.jar:/home/user/.m2/repository/org/apache/commons/commons-compress/1.4.1/commons-compress-1.4.1.jar:/home/user/.m2/repository/org/tukaani/xz/1.0/xz-1.0.jar:/home/user/.m2/repository/org/apache/hadoop/hadoop-common/3.2.0/hadoop-common-3.2.0.jar:/home/user/.m2/repository/org/apache/hadoop/hadoop-hdfs/3.2.0/hadoop-hdfs-3.2.0.jar:/home/user/.m2/repository/org/apache/hadoop/hadoop-hdfs-client/3.2.0/hadoop-hdfs-client-3.2.0.jar:/home/user/.m2/repository/com/fasterxml/jackson/core/jackson-annotations/2.9.9/jackson-annotations-2.9.9.jar:/home/user/.m2/repository/org/apache/hadoop/hadoop-hdds-common/0.5.0-SNAPSHOT/hadoop-hdds-common-0.5.0-SNAPSHOT.jar:/home/user/.m2/repository/javax/annotation/javax.annotation-api/1.2/javax.annotation-api-1.2.jar:/home/user/.m2/repository/org/apache/ratis/ratis-server/0.5.0-d6d58d0-SNAPSHOT/ratis-server-0.5.0-d6d58d0-SNAPSHOT.jar:/home/user/.m2/repository/org/apache/ratis/ratis-thirdparty-misc/0.2.0/ratis-thirdparty-misc-0.2.0.jar:/home/user/.m2/repository/org/apache/ratis/ratis-proto/0.5.0-d6d58d0-SNAPSHOT/ratis-proto-0.5.0-d6d58d0-SNAPSHOT.jar:/home/user/.m2/repository/org/apache/ratis/ratis-common/0.5.0-d6d58d0-SNAPSHOT/ratis-common-0.5.0-d6d58d0-SNAPSHOT.jar:/home/user/.m2/repository/org/apache/ratis/ratis-client/0.5.0-d6d58d0-SNAPSHOT/ratis-client-0.5.0-d6d58d0-SNAPSHOT.jar:/home/user/.m2/repository/org/apache/ratis/ratis-metrics/0.5.0-d6d58d0-SNAPSHOT/ratis-metrics-0.5.0-d6d58d0-SNAPSHOT.jar:/home/user/.m2/repository/org/apache/ratis/ratis-netty/0.5.0-d6d58d0-SNAPSHOT/ratis-netty-0.5.0-d6d58d0-SNAPSHOT.jar:/home/user/.m2/repository/org/apache/ratis/ratis-grpc/0.5.0-d6d58d0-SNAPSHOT/ratis-grpc-0.5.0-d6d58d0-SNAPSHOT.jar:/home/user/.m2/repository/org/rocksdb/rocksdbjni/6.0.1/rocksdbjni-6.0.1.jar:/home/user/.m2/repository/org/apache/logging/log4j/log4j-api/2.11.0/log4j-api-2.11.0.jar:/home/user/.m2/repository/org/apache/logging/log4j/log4j-core/2.11.0/log4j-core-2.11.0.jar:/home/user/.m2/repository/com/lmax/disruptor/3.4.2/disruptor-3.4.2.jar:/home/user/.m2/repository/org/apache/commons/commons-pool2/2.6.0/commons-pool2-2.6.0.jar:/home/user/.m2/repository/org/bouncycastle/bcpkix-jdk15on/1.60/bcpkix-jdk15on-1.60.jar:/home/user/.m2/repository/commons-validator/commons-validator/1.6/commons-validator-1.6.jar:/home/user/.m2/repository/commons-digester/commons-digester/1.8.1/commons-digester-1.8.1.jar:/home/user/.m2/repository/io/jaegertracing/jaeger-client/0.34.0/jaeger-client-0.34.0.jar:/home/user/.m2/repository/io/jaegertracing/jaeger-thrift/0.34.0/jaeger-thrift-0.34.0.jar:/home/user/.m2/repository/org/apache/thrift/libthrift/0.12.0/libthrift-0.12.0.jar:/home/user/.m2/repository/com/squareup/okhttp3/okhttp/3.9.0/okhttp-3.9.0.jar:/home/user/.m2/repository/com/squareup/okio/okio/1.13.0/okio-1.13.0.jar:/home/user/.m2/repository/io/jaegertracing/jaeger-core/0.34.0/jaeger-core-0.34.0.jar:/home/user/.m2/repository/io/jaegertracing/jaeger-tracerresolver/0.34.0/jaeger-tracerresolver-0.34.0.jar:/home/user/.m2/repository/io/opentracing/contrib/opentracing-tracerresolver/0.1.5/opentracing-tracerresolver-0.1.5.jar:/home/user/.m2/repository/io/opentracing/opentracing-util/0.31.0/opentracing-util-0.31.0.jar:/home/user/.m2/repository/io/opentracing/opentracing-api/0.31.0/opentracing-api-0.31.0.jar:/home/user/.m2/repository/io/opentracing/opentracing-noop/0.31.0/opentracing-noop-0.31.0.jar:/home/user/.m2/repository/org/apache/hadoop/hadoop-hdds-server-framework/0.5.0-SNAPSHOT/hadoop-hdds-server-framework-0.5.0-SNAPSHOT.jar:/home/user/.m2/repository/org/apache/hadoop/hadoop-hdds-container-service/0.5.0-SNAPSHOT/hadoop-hdds-container-service-0.5.0-SNAPSHOT.jar:/home/user/.m2/repository/org/apache/hadoop/hadoop-hdds-client/0.5.0-SNAPSHOT/hadoop-hdds-client-0.5.0-SNAPSHOT.jar:/home/user/.m2/repository/org/apache/hadoop/hadoop-hdds-tools/0.5.0-SNAPSHOT/hadoop-hdds-tools-0.5.0-SNAPSHOT.jar:/home/user/.m2/repository/org/apache/hadoop/hadoop-hdds-server-scm/0.5.0-SNAPSHOT/hadoop-hdds-server-scm-0.5.0-SNAPSHOT.jar:/home/user/.m2/repository/org/apache/hadoop/hadoop-hdds-docs/0.5.0-SNAPSHOT/hadoop-hdds-docs-0.5.0-SNAPSHOT.jar:/home/user/.m2/repository/io/dropwizard/metrics/metrics-core/3.2.4/metrics-core-3.2.4.jar:/home/user/.m2/repository/org/hamcrest/hamcrest-all/1.3/hamcrest-all-1.3.jar:/home/user/.m2/repository/org/bouncycastle/bcprov-jdk15on/1.60/bcprov-jdk15on-1.60.jar:/home/user/.m2/repository/info/picocli/picocli/3.9.6/picocli-3.9.6.jar:/home/user/.m2/repository/com/google/protobuf/protobuf-java/2.5.0/protobuf-java-2.5.0.jar:/home/user/.m2/repository/com/google/guava/guava/11.0.2/guava-11.0.2.jar:/home/user/.m2/repository/org/apache/hadoop/hadoop-ozone-ozone-manager/0.5.0-SNAPSHOT/hadoop-ozone-ozone-manager-0.5.0-SNAPSHOT.jar:/home/user/.m2/repository/org/apache/hadoop/hadoop-minikdc/3.2.0/hadoop-minikdc-3.2.0.jar:/home/user/.m2/repository/commons-io/commons-io/2.5/commons-io-2.5.jar:/home/user/.m2/repository/org/apache/kerby/kerb-simplekdc/1.0.1/kerb-simplekdc-1.0.1.jar:/home/user/.m2/repository/org/apache/kerby/kerb-client/1.0.1/kerb-client-1.0.1.jar:/home/user/.m2/repository/org/apache/kerby/kerby-config/1.0.1/kerby-config-1.0.1.jar:/home/user/.m2/repository/org/apache/kerby/kerb-core/1.0.1/kerb-core-1.0.1.jar:/home/user/.m2/repository/org/apache/kerby/kerby-pkix/1.0.1/kerby-pkix-1.0.1.jar:/home/user/.m2/repository/org/apache/kerby/kerby-asn1/1.0.1/kerby-asn1-1.0.1.jar:/home/user/.m2/repository/org/apache/kerby/kerby-util/1.0.1/kerby-util-1.0.1.jar:/home/user/.m2/repository/org/apache/kerby/kerb-common/1.0.1/kerb-common-1.0.1.jar:/home/user/.m2/repository/org/apache/kerby/kerb-crypto/1.0.1/kerb-crypto-1.0.1.jar:/home/user/.m2/repository/org/apache/kerby/kerb-util/1.0.1/kerb-util-1.0.1.jar:/home/user/.m2/repository/org/apache/kerby/token-provider/1.0.1/token-provider-1.0.1.jar:/home/user/.m2/repository/org/apache/kerby/kerb-admin/1.0.1/kerb-admin-1.0.1.jar:/home/user/.m2/repository/org/apache/kerby/kerb-server/1.0.1/kerb-server-1.0.1.jar:/home/user/.m2/repository/org/apache/kerby/kerb-identity/1.0.1/kerb-identity-1.0.1.jar:/home/user/.m2/repository/org/apache/kerby/kerby-xdr/1.0.1/kerby-xdr-1.0.1.jar:/home/user/.m2/repository/org/slf4j/slf4j-log4j12/1.7.25/slf4j-log4j12-1.7.25.jar:/home/user/.m2/repository/org/apache/hadoop/hadoop-ozone-s3gateway/0.5.0-SNAPSHOT/hadoop-ozone-s3gateway-0.5.0-SNAPSHOT.jar:/home/user/.m2/repository/org/jboss/weld/servlet/weld-servlet/2.4.7.Final/weld-servlet-2.4.7.Final.jar:/home/user/.m2/repository/org/glassfish/jersey/containers/jersey-container-servlet-core/2.27/jersey-container-servlet-core-2.27.jar:/home/user/.m2/repository/org/glassfish/hk2/external/javax.inject/2.5.0-b42/javax.inject-2.5.0-b42.jar:/home/user/.m2/repository/org/glassfish/jersey/core/jersey-common/2.27/jersey-common-2.27.jar:/home/user/.m2/repository/org/glassfish/hk2/osgi-resource-locator/1.0.1/osgi-resource-locator-1.0.1.jar:/home/user/.m2/repository/javax/ws/rs/javax.ws.rs-api/2.1/javax.ws.rs-api-2.1.jar:/home/user/.m2/repository/org/glassfish/jersey/ext/cdi/jersey-cdi1x/2.27/jersey-cdi1x-2.27.jar:/home/user/.m2/repository/org/glassfish/jersey/inject/jersey-hk2/2.27/jersey-hk2-2.27.jar:/home/user/.m2/repository/org/glassfish/hk2/hk2-locator/2.5.0-b42/hk2-locator-2.5.0-b42.jar:/home/user/.m2/repository/org/javassist/javassist/3.22.0-CR2/javassist-3.22.0-CR2.jar:/home/user/.m2/repository/org/glassfish/hk2/hk2-api/2.5.0/hk2-api-2.5.0.jar:/home/user/.m2/repository/org/glassfish/hk2/external/jakarta.inject/2.5.0/jakarta.inject-2.5.0.jar:/home/user/.m2/repository/org/glassfish/hk2/hk2-utils/2.5.0/hk2-utils-2.5.0.jar:/home/user/.m2/repository/jakarta/annotation/jakarta.annotation-api/1.3.4/jakarta.annotation-api-1.3.4.jar:/home/user/.m2/repository/org/glassfish/hk2/external/aopalliance-repackaged/2.5.0/aopalliance-repackaged-2.5.0.jar:/home/user/.m2/repository/com/fasterxml/jackson/dataformat/jackson-dataformat-xml/2.9.0/jackson-dataformat-xml-2.9.0.jar:/home/user/.m2/repository/com/fasterxml/jackson/core/jackson-core/2.9.9/jackson-core-2.9.9.jar:/home/user/.m2/repository/com/fasterxml/jackson/module/jackson-module-jaxb-annotations/2.9.9/jackson-module-jaxb-annotations-2.9.9.jar:/home/user/.m2/repository/javax/enterprise/cdi-api/1.2/cdi-api-1.2.jar:/home/user/.m2/repository/javax/el/javax.el-api/3.0.0/javax.el-api-3.0.0.jar:/home/user/.m2/repository/javax/interceptor/javax.interceptor-api/1.2/javax.interceptor-api-1.2.jar:/home/user/.m2/repository/javax/inject/javax.inject/1/javax.inject-1.jar:/home/user/.m2/repository/com/sun/xml/bind/jaxb-impl/2.3.0.1/jaxb-impl-2.3.0.1.jar:/home/user/.m2/repository/com/sun/xml/bind/jaxb-core/2.3.0.1/jaxb-core-2.3.0.1.jar:/home/user/.m2/repository/javax/xml/bind/jaxb-api/2.3.0/jaxb-api-2.3.0.jar:/home/user/.m2/repository/javax/activation/activation/1.1.1/activation-1.1.1.jar:/home/user/.m2/repository/org/apache/hadoop/hadoop-ozone-csi/0.5.0-SNAPSHOT/hadoop-ozone-csi-0.5.0-SNAPSHOT.jar:/home/user/.m2/repository/com/google/protobuf/protobuf-java-util/3.5.1/protobuf-java-util-3.5.1.jar:/home/user/.m2/repository/org/apache/hadoop/hadoop-hdds-config/0.5.0-SNAPSHOT/hadoop-hdds-config-0.5.0-SNAPSHOT.jar:/home/user/.m2/repository/io/grpc/grpc-netty/1.17.1/grpc-netty-1.17.1.jar:/home/user/.m2/repository/io/grpc/grpc-core/1.17.1/grpc-core-1.17.1.jar:/home/user/.m2/repository/io/grpc/grpc-context/1.17.1/grpc-context-1.17.1.jar:/home/user/.m2/repository/com/google/errorprone/error_prone_annotations/2.2.0/error_prone_annotations-2.2.0.jar:/home/user/.m2/repository/org/codehaus/mojo/animal-sniffer-annotations/1.17/animal-sniffer-annotations-1.17.jar:/home/user/.m2/repository/io/opencensus/opencensus-api/0.17.0/opencensus-api-0.17.0.jar:/home/user/.m2/repository/io/opencensus/opencensus-contrib-grpc-metrics/0.17.0/opencensus-contrib-grpc-metrics-0.17.0.jar:/home/user/.m2/repository/io/netty/netty-codec-http2/4.1.30.Final/netty-codec-http2-4.1.30.Final.jar:/home/user/.m2/repository/io/netty/netty-codec-http/4.1.30.Final/netty-codec-http-4.1.30.Final.jar:/home/user/.m2/repository/io/netty/netty-codec/4.1.30.Final/netty-codec-4.1.30.Final.jar:/home/user/.m2/repository/io/netty/netty-handler/4.1.30.Final/netty-handler-4.1.30.Final.jar:/home/user/.m2/repository/io/netty/netty-handler-proxy/4.1.30.Final/netty-handler-proxy-4.1.30.Final.jar:/home/user/.m2/repository/io/netty/netty-codec-socks/4.1.30.Final/netty-codec-socks-4.1.30.Final.jar:/home/user/.m2/repository/io/netty/netty-transport-native-epoll/4.1.30.Final/netty-transport-native-epoll-4.1.30.Final.jar:/home/user/.m2/repository/io/netty/netty-common/4.1.30.Final/netty-common-4.1.30.Final.jar:/home/user/.m2/repository/io/netty/netty-buffer/4.1.30.Final/netty-buffer-4.1.30.Final.jar:/home/user/.m2/repository/io/netty/netty-transport/4.1.30.Final/netty-transport-4.1.30.Final.jar:/home/user/.m2/repository/io/netty/netty-resolver/4.1.30.Final/netty-resolver-4.1.30.Final.jar:/home/user/.m2/repository/io/netty/netty-transport-native-unix-common/4.1.30.Final/netty-transport-native-unix-common-4.1.30.Final.jar:/home/user/.m2/repository/io/grpc/grpc-protobuf/1.17.1/grpc-protobuf-1.17.1.jar:/home/user/.m2/repository/com/google/api/grpc/proto-google-common-protos/1.0.0/proto-google-common-protos-1.0.0.jar:/home/user/.m2/repository/io/grpc/grpc-protobuf-lite/1.17.1/grpc-protobuf-lite-1.17.1.jar:/home/user/.m2/repository/io/grpc/grpc-stub/1.17.1/grpc-stub-1.17.1.jar:/home/user/.m2/repository/org/apache/hadoop/hadoop-ozone-recon/0.5.0-SNAPSHOT/hadoop-ozone-recon-0.5.0-SNAPSHOT.jar:/home/user/.m2/repository/org/apache/hadoop/hadoop-ozone-reconcodegen/0.5.0-SNAPSHOT/hadoop-ozone-reconcodegen-0.5.0-SNAPSHOT.jar:/home/user/.m2/repository/com/google/inject/extensions/guice-multibindings/4.0/guice-multibindings-4.0.jar:/home/user/.m2/repository/com/google/inject/guice/4.0/guice-4.0.jar:/home/user/.m2/repository/aopalliance/aopalliance/1.0/aopalliance-1.0.jar:/home/user/.m2/repository/com/google/inject/extensions/guice-servlet/4.0/guice-servlet-4.0.jar:/home/user/.m2/repository/org/glassfish/jersey/containers/jersey-container-servlet/2.27/jersey-container-servlet-2.27.jar:/home/user/.m2/repository/org/glassfish/hk2/guice-bridge/2.5.0/guice-bridge-2.5.0.jar:/home/user/.m2/repository/org/glassfish/jersey/core/jersey-server/2.27/jersey-server-2.27.jar:/home/user/.m2/repository/org/glassfish/jersey/core/jersey-client/2.27/jersey-client-2.27.jar:/home/user/.m2/repository/org/glassfish/jersey/media/jersey-media-jaxb/2.27/jersey-media-jaxb-2.27.jar:/home/user/.m2/repository/javax/validation/validation-api/1.1.0.Final/validation-api-1.1.0.Final.jar:/home/user/.m2/repository/org/glassfish/jersey/media/jersey-media-json-jackson/2.27/jersey-media-json-jackson-2.27.jar:/home/user/.m2/repository/org/glassfish/jersey/ext/jersey-entity-filtering/2.27/jersey-entity-filtering-2.27.jar:/home/user/.m2/repository/com/google/inject/extensions/guice-assistedinject/4.0/guice-assistedinject-4.0.jar:/home/user/.m2/repository/org/jooq/jooq/3.11.10/jooq-3.11.10.jar:/home/user/.m2/repository/org/jooq/jooq-meta/3.11.10/jooq-meta-3.11.10.jar:/home/user/.m2/repository/org/jooq/jooq-codegen/3.11.10/jooq-codegen-3.11.10.jar:/home/user/.m2/repository/com/jolbox/bonecp/0.8.0.RELEASE/bonecp-0.8.0.RELEASE.jar:/home/user/.m2/repository/org/xerial/sqlite-jdbc/3.25.2/sqlite-jdbc-3.25.2.jar:/home/user/.m2/repository/org/springframework/spring-jdbc/5.1.3.RELEASE/spring-jdbc-5.1.3.RELEASE.jar:/home/user/.m2/repository/org/springframework/spring-beans/5.1.3.RELEASE/spring-beans-5.1.3.RELEASE.jar:/home/user/.m2/repository/org/springframework/spring-core/5.1.3.RELEASE/spring-core-5.1.3.RELEASE.jar:/home/user/.m2/repository/org/springframework/spring-jcl/5.1.3.RELEASE/spring-jcl-5.1.3.RELEASE.jar:/home/user/.m2/repository/org/springframework/spring-tx/5.1.3.RELEASE/spring-tx-5.1.3.RELEASE.jar:/home/user/.m2/repository/org/apache/hadoop/hadoop-ozone-client/0.5.0-SNAPSHOT/hadoop-ozone-client-0.5.0-SNAPSHOT.jar:/home/user/.m2/repository/commons-lang/commons-lang/2.6/commons-lang-2.6.jar:/home/user/.m2/repository/org/apache/hadoop/hadoop-ozone-ozone-manager/0.5.0-SNAPSHOT/hadoop-ozone-ozone-manager-0.5.0-SNAPSHOT-tests.jar:/home/user/.m2/repository/junit/junit/4.11/junit-4.11.jar:/home/user/.m2/repository/org/hamcrest/hamcrest-core/1.3/hamcrest-core-1.3.jar:/home/user/.m2/repository/org/openjdk/jmh/jmh-core/1.19/jmh-core-1.19.jar:/home/user/.m2/repository/net/sf/jopt-simple/jopt-simple/4.6/jopt-simple-4.6.jar:/home/user/.m2/repository/org/apache/commons/commons-math3/3.1.1/commons-math3-3.1.1.jar:/home/user/.m2/repository/org/openjdk/jmh/jmh-generator-annprocess/1.19/jmh-generator-annprocess-1.19.jar:/home/user/.m2/repository/org/mockito/mockito-all/1.8.5/mockito-all-1.8.5.jar:/home/user/.m2/repository/org/apache/hadoop/hadoop-kms/3.2.0/hadoop-kms-3.2.0.jar:/home/user/.m2/repository/org/apache/hadoop/hadoop-auth/3.2.0/hadoop-auth-3.2.0.jar:/home/user/.m2/repository/com/nimbusds/nimbus-jose-jwt/4.41.1/nimbus-jose-jwt-4.41.1.jar:/home/user/.m2/repository/com/github/stephenc/jcip/jcip-annotations/1.0-1/jcip-annotations-1.0-1.jar:/home/user/.m2/repository/net/minidev/json-smart/2.3/json-smart-2.3.jar:/home/user/.m2/repository/net/minidev/accessors-smart/1.2/accessors-smart-1.2.jar:/home/user/.m2/repository/org/ow2/asm/asm/5.0.4/asm-5.0.4.jar:/home/user/.m2/repository/org/apache/curator/curator-framework/2.12.0/curator-framework-2.12.0.jar:/home/user/.m2/repository/com/sun/jersey/jersey-core/1.19/jersey-core-1.19.jar:/home/user/.m2/repository/javax/ws/rs/jsr311-api/1.1.1/jsr311-api-1.1.1.jar:/home/user/.m2/repository/com/sun/jersey/jersey-server/1.19/jersey-server-1.19.jar:/home/user/.m2/repository/javax/servlet/javax.servlet-api/3.1.0/javax.servlet-api-3.1.0.jar:/home/user/.m2/repository/org/eclipse/jetty/jetty-server/9.3.25.v20180904/jetty-server-9.3.25.v20180904.jar:/home/user/.m2/repository/org/eclipse/jetty/jetty-http/9.3.25.v20180904/jetty-http-9.3.25.v20180904.jar:/home/user/.m2/repository/org/eclipse/jetty/jetty-io/9.3.25.v20180904/jetty-io-9.3.25.v20180904.jar:/home/user/.m2/repository/org/eclipse/jetty/jetty-webapp/9.3.25.v20180904/jetty-webapp-9.3.25.v20180904.jar:/home/user/.m2/repository/org/eclipse/jetty/jetty-xml/9.3.25.v20180904/jetty-xml-9.3.25.v20180904.jar:/home/user/.m2/repository/log4j/log4j/1.2.17/log4j-1.2.17.jar:/home/user/.m2/repository/org/slf4j/slf4j-api/1.7.25/slf4j-api-1.7.25.jar:/home/user/.m2/repository/org/slf4j/jul-to-slf4j/1.7.25/jul-to-slf4j-1.7.25.jar:/home/user/.m2/repository/org/eclipse/jetty/jetty-util/9.3.25.v20180904/jetty-util-9.3.25.v20180904.jar:/home/user/.m2/repository/com/fasterxml/jackson/core/jackson-databind/2.9.9/jackson-databind-2.9.9.jar:/home/user/.m2/repository/org/apache/hadoop/hadoop-kms/3.2.0/hadoop-kms-3.2.0-tests.jar:/home/user/.m2/repository/org/apache/hadoop/hadoop-hdds-server-scm/0.5.0-SNAPSHOT/hadoop-hdds-server-scm-0.5.0-SNAPSHOT-tests.jar:/home/user/.m2/repository/org/apache/hadoop/hadoop-hdds-container-service/0.5.0-SNAPSHOT/hadoop-hdds-container-service-0.5.0-SNAPSHOT-tests.jar:/home/user/.m2/repository/org/yaml/snakeyaml/1.16/snakeyaml-1.16.jar:/home/user/.m2/repository/org/apache/hadoop/hadoop-common/3.2.0/hadoop-common-3.2.0-tests.jar:/home/user/.m2/repository/org/apache/hadoop/hadoop-annotations/3.2.0/hadoop-annotations-3.2.0.jar:/usr/lib/jvm/java-1.8.0-openjdk-1.8.0.222.b10-1.el7_7.x86_64/jre/../lib/tools.jar:/home/user/.m2/repository/commons-cli/commons-cli/1.2/commons-cli-1.2.jar:/home/user/.m2/repository/org/apache/httpcomponents/httpclient/4.5.2/httpclient-4.5.2.jar:/home/user/.m2/repository/org/apache/httpcomponents/httpcore/4.4.4/httpcore-4.4.4.jar:/home/user/.m2/repository/commons-codec/commons-codec/1.11/commons-codec-1.11.jar:/home/user/.m2/repository/commons-net/commons-net/3.6/commons-net-3.6.jar:/home/user/.m2/repository/commons-collections/commons-collections/3.2.2/commons-collections-3.2.2.jar:/home/user/.m2/repository/org/eclipse/jetty/jetty-servlet/9.3.25.v20180904/jetty-servlet-9.3.25.v20180904.jar:/home/user/.m2/repository/org/eclipse/jetty/jetty-security/9.3.25.v20180904/jetty-security-9.3.25.v20180904.jar:/home/user/.m2/repository/javax/servlet/jsp/jsp-api/2.1/jsp-api-2.1.jar:/home/user/.m2/repository/com/sun/jersey/jersey-servlet/1.19/jersey-servlet-1.19.jar:/home/user/.m2/repository/com/sun/jersey/jersey-json/1.19/jersey-json-1.19.jar:/home/user/.m2/repository/org/codehaus/jettison/jettison/1.1/jettison-1.1.jar:/home/user/.m2/repository/org/codehaus/jackson/jackson-core-asl/1.9.13/jackson-core-asl-1.9.13.jar:/home/user/.m2/repository/org/codehaus/jackson/jackson-mapper-asl/1.9.13/jackson-mapper-asl-1.9.13.jar:/home/user/.m2/repository/org/codehaus/jackson/jackson-jaxrs/1.9.13/jackson-jaxrs-1.9.13.jar:/home/user/.m2/repository/org/codehaus/jackson/jackson-xc/1.9.13/jackson-xc-1.9.13.jar:/home/user/.m2/repository/commons-logging/commons-logging/1.1.3/commons-logging-1.1.3.jar:/home/user/.m2/repository/commons-beanutils/commons-beanutils/1.9.4/commons-beanutils-1.9.4.jar:/home/user/.m2/repository/org/apache/commons/commons-configuration2/2.1.1/commons-configuration2-2.1.1.jar:/home/user/.m2/repository/org/apache/commons/commons-lang3/3.7/commons-lang3-3.7.jar:/home/user/.m2/repository/org/apache/commons/commons-text/1.4/commons-text-1.4.jar:/home/user/.m2/repository/org/apache/avro/avro/1.7.7/avro-1.7.7.jar:/home/user/.m2/repository/com/thoughtworks/paranamer/paranamer/2.3/paranamer-2.3.jar:/home/user/.m2/repository/org/xerial/snappy/snappy-java/1.0.5/snappy-java-1.0.5.jar:/home/user/.m2/repository/com/google/re2j/re2j/1.1/re2j-1.1.jar:/home/user/.m2/repository/com/google/code/gson/gson/2.2.4/gson-2.2.4.jar:/home/user/.m2/repository/com/jcraft/jsch/0.1.54/jsch-0.1.54.jar:/home/user/.m2/repository/org/apache/curator/curator-client/2.12.0/curator-client-2.12.0.jar:/home/user/.m2/repository/org/apache/curator/curator-recipes/2.12.0/curator-recipes-2.12.0.jar:/home/user/.m2/repository/com/google/code/findbugs/jsr305/3.0.0/jsr305-3.0.0.jar:/home/user/.m2/repository/org/apache/htrace/htrace-core4/4.1.0-incubating/htrace-core4-4.1.0-incubating.jar:/home/user/.m2/repository/org/apache/zookeeper/zookeeper/3.4.13/zookeeper-3.4.13.jar:/home/user/.m2/repository/jline/jline/0.9.94/jline-0.9.94.jar:/home/user/.m2/repository/org/apache/yetus/audience-annotations/0.5.0/audience-annotations-0.5.0.jar:/home/user/.m2/repository/org/codehaus/woodstox/stax2-api/3.1.4/stax2-api-3.1.4.jar:/home/user/.m2/repository/com/fasterxml/woodstox/woodstox-core/5.0.3/woodstox-core-5.0.3.jar:/home/user/.m2/repository/dnsjava/dnsjava/2.1.7/dnsjava-2.1.7.jar:/home/user/.m2/repository/org/apache/hadoop/hadoop-hdfs/3.2.0/hadoop-hdfs-3.2.0-tests.jar:/home/user/.m2/repository/org/eclipse/jetty/jetty-util-ajax/9.3.25.v20180904/jetty-util-ajax-9.3.25.v20180904.jar:/home/user/.m2/repository/commons-daemon/commons-daemon/1.0.13/commons-daemon-1.0.13.jar:/home/user/.m2/repository/io/netty/netty/3.10.5.Final/netty-3.10.5.Final.jar:/home/user/.m2/repository/io/netty/netty-all/4.0.52.Final/netty-all-4.0.52.Final.jar:/home/user/.m2/repository/org/fusesource/leveldbjni/leveldbjni-all/1.8/leveldbjni-all-1.8.jar:"/>
    <property name="java.vm.vendor" value="Oracle Corporation"/>
    <property name="sun.arch.data.model" value="64"/>
    <property name="test.build.dir" value="/workdir/hadoop-ozone/integration-test/target/test-dir"/>
    <property name="test.cache.data" value=""/>
    <property name="java.vendor.url" value="http://java.oracle.com/"/>
    <property name="user.timezone" value=""/>
    <property name="java.vm.specification.version" value="1.8"/>
    <property name="os.name" value="Linux"/>
    <property name="test.build.data" value="/workdir/hadoop-ozone/integration-test/target/test-dir"/>
    <property name="user.country" value="US"/>
    <property name="sun.java.launcher" value="SUN_STANDARD"/>
    <property name="sun.boot.library.path" value="/usr/lib/jvm/java-1.8.0-openjdk-1.8.0.222.b10-1.el7_7.x86_64/jre/lib/amd64"/>
    <property name="sun.java.command" value="/workdir/hadoop-ozone/integration-test/target/surefire/surefirebooter8884671096668483844.jar /workdir/hadoop-ozone/integration-test/target/surefire 2019-11-12T22-28-26_239-jvmRun1 surefire5672299329592246240tmp surefire_451286651842157875539tmp"/>
    <property name="surefire.test.class.path" value="/workdir/hadoop-ozone/integration-test/target/test-classes:/workdir/hadoop-ozone/integration-test/target/classes:/home/user/.m2/repository/org/apache/hadoop/hadoop-ozone-common/0.5.0-SNAPSHOT/hadoop-ozone-common-0.5.0-SNAPSHOT.jar:/home/user/.m2/repository/org/apache/commons/commons-compress/1.4.1/commons-compress-1.4.1.jar:/home/user/.m2/repository/org/tukaani/xz/1.0/xz-1.0.jar:/home/user/.m2/repository/org/apache/hadoop/hadoop-common/3.2.0/hadoop-common-3.2.0.jar:/home/user/.m2/repository/org/apache/hadoop/hadoop-hdfs/3.2.0/hadoop-hdfs-3.2.0.jar:/home/user/.m2/repository/org/apache/hadoop/hadoop-hdfs-client/3.2.0/hadoop-hdfs-client-3.2.0.jar:/home/user/.m2/repository/com/fasterxml/jackson/core/jackson-annotations/2.9.9/jackson-annotations-2.9.9.jar:/home/user/.m2/repository/org/apache/hadoop/hadoop-hdds-common/0.5.0-SNAPSHOT/hadoop-hdds-common-0.5.0-SNAPSHOT.jar:/home/user/.m2/repository/javax/annotation/javax.annotation-api/1.2/javax.annotation-api-1.2.jar:/home/user/.m2/repository/org/apache/ratis/ratis-server/0.5.0-d6d58d0-SNAPSHOT/ratis-server-0.5.0-d6d58d0-SNAPSHOT.jar:/home/user/.m2/repository/org/apache/ratis/ratis-thirdparty-misc/0.2.0/ratis-thirdparty-misc-0.2.0.jar:/home/user/.m2/repository/org/apache/ratis/ratis-proto/0.5.0-d6d58d0-SNAPSHOT/ratis-proto-0.5.0-d6d58d0-SNAPSHOT.jar:/home/user/.m2/repository/org/apache/ratis/ratis-common/0.5.0-d6d58d0-SNAPSHOT/ratis-common-0.5.0-d6d58d0-SNAPSHOT.jar:/home/user/.m2/repository/org/apache/ratis/ratis-client/0.5.0-d6d58d0-SNAPSHOT/ratis-client-0.5.0-d6d58d0-SNAPSHOT.jar:/home/user/.m2/repository/org/apache/ratis/ratis-metrics/0.5.0-d6d58d0-SNAPSHOT/ratis-metrics-0.5.0-d6d58d0-SNAPSHOT.jar:/home/user/.m2/repository/org/apache/ratis/ratis-netty/0.5.0-d6d58d0-SNAPSHOT/ratis-netty-0.5.0-d6d58d0-SNAPSHOT.jar:/home/user/.m2/repository/org/apache/ratis/ratis-grpc/0.5.0-d6d58d0-SNAPSHOT/ratis-grpc-0.5.0-d6d58d0-SNAPSHOT.jar:/home/user/.m2/repository/org/rocksdb/rocksdbjni/6.0.1/rocksdbjni-6.0.1.jar:/home/user/.m2/repository/org/apache/logging/log4j/log4j-api/2.11.0/log4j-api-2.11.0.jar:/home/user/.m2/repository/org/apache/logging/log4j/log4j-core/2.11.0/log4j-core-2.11.0.jar:/home/user/.m2/repository/com/lmax/disruptor/3.4.2/disruptor-3.4.2.jar:/home/user/.m2/repository/org/apache/commons/commons-pool2/2.6.0/commons-pool2-2.6.0.jar:/home/user/.m2/repository/org/bouncycastle/bcpkix-jdk15on/1.60/bcpkix-jdk15on-1.60.jar:/home/user/.m2/repository/commons-validator/commons-validator/1.6/commons-validator-1.6.jar:/home/user/.m2/repository/commons-digester/commons-digester/1.8.1/commons-digester-1.8.1.jar:/home/user/.m2/repository/io/jaegertracing/jaeger-client/0.34.0/jaeger-client-0.34.0.jar:/home/user/.m2/repository/io/jaegertracing/jaeger-thrift/0.34.0/jaeger-thrift-0.34.0.jar:/home/user/.m2/repository/org/apache/thrift/libthrift/0.12.0/libthrift-0.12.0.jar:/home/user/.m2/repository/com/squareup/okhttp3/okhttp/3.9.0/okhttp-3.9.0.jar:/home/user/.m2/repository/com/squareup/okio/okio/1.13.0/okio-1.13.0.jar:/home/user/.m2/repository/io/jaegertracing/jaeger-core/0.34.0/jaeger-core-0.34.0.jar:/home/user/.m2/repository/io/jaegertracing/jaeger-tracerresolver/0.34.0/jaeger-tracerresolver-0.34.0.jar:/home/user/.m2/repository/io/opentracing/contrib/opentracing-tracerresolver/0.1.5/opentracing-tracerresolver-0.1.5.jar:/home/user/.m2/repository/io/opentracing/opentracing-util/0.31.0/opentracing-util-0.31.0.jar:/home/user/.m2/repository/io/opentracing/opentracing-api/0.31.0/opentracing-api-0.31.0.jar:/home/user/.m2/repository/io/opentracing/opentracing-noop/0.31.0/opentracing-noop-0.31.0.jar:/home/user/.m2/repository/org/apache/hadoop/hadoop-hdds-server-framework/0.5.0-SNAPSHOT/hadoop-hdds-server-framework-0.5.0-SNAPSHOT.jar:/home/user/.m2/repository/org/apache/hadoop/hadoop-hdds-container-service/0.5.0-SNAPSHOT/hadoop-hdds-container-service-0.5.0-SNAPSHOT.jar:/home/user/.m2/repository/org/apache/hadoop/hadoop-hdds-client/0.5.0-SNAPSHOT/hadoop-hdds-client-0.5.0-SNAPSHOT.jar:/home/user/.m2/repository/org/apache/hadoop/hadoop-hdds-tools/0.5.0-SNAPSHOT/hadoop-hdds-tools-0.5.0-SNAPSHOT.jar:/home/user/.m2/repository/org/apache/hadoop/hadoop-hdds-server-scm/0.5.0-SNAPSHOT/hadoop-hdds-server-scm-0.5.0-SNAPSHOT.jar:/home/user/.m2/repository/org/apache/hadoop/hadoop-hdds-docs/0.5.0-SNAPSHOT/hadoop-hdds-docs-0.5.0-SNAPSHOT.jar:/home/user/.m2/repository/io/dropwizard/metrics/metrics-core/3.2.4/metrics-core-3.2.4.jar:/home/user/.m2/repository/org/hamcrest/hamcrest-all/1.3/hamcrest-all-1.3.jar:/home/user/.m2/repository/org/bouncycastle/bcprov-jdk15on/1.60/bcprov-jdk15on-1.60.jar:/home/user/.m2/repository/info/picocli/picocli/3.9.6/picocli-3.9.6.jar:/home/user/.m2/repository/com/google/protobuf/protobuf-java/2.5.0/protobuf-java-2.5.0.jar:/home/user/.m2/repository/com/google/guava/guava/11.0.2/guava-11.0.2.jar:/home/user/.m2/repository/org/apache/hadoop/hadoop-ozone-ozone-manager/0.5.0-SNAPSHOT/hadoop-ozone-ozone-manager-0.5.0-SNAPSHOT.jar:/home/user/.m2/repository/org/apache/hadoop/hadoop-minikdc/3.2.0/hadoop-minikdc-3.2.0.jar:/home/user/.m2/repository/commons-io/commons-io/2.5/commons-io-2.5.jar:/home/user/.m2/repository/org/apache/kerby/kerb-simplekdc/1.0.1/kerb-simplekdc-1.0.1.jar:/home/user/.m2/repository/org/apache/kerby/kerb-client/1.0.1/kerb-client-1.0.1.jar:/home/user/.m2/repository/org/apache/kerby/kerby-config/1.0.1/kerby-config-1.0.1.jar:/home/user/.m2/repository/org/apache/kerby/kerb-core/1.0.1/kerb-core-1.0.1.jar:/home/user/.m2/repository/org/apache/kerby/kerby-pkix/1.0.1/kerby-pkix-1.0.1.jar:/home/user/.m2/repository/org/apache/kerby/kerby-asn1/1.0.1/kerby-asn1-1.0.1.jar:/home/user/.m2/repository/org/apache/kerby/kerby-util/1.0.1/kerby-util-1.0.1.jar:/home/user/.m2/repository/org/apache/kerby/kerb-common/1.0.1/kerb-common-1.0.1.jar:/home/user/.m2/repository/org/apache/kerby/kerb-crypto/1.0.1/kerb-crypto-1.0.1.jar:/home/user/.m2/repository/org/apache/kerby/kerb-util/1.0.1/kerb-util-1.0.1.jar:/home/user/.m2/repository/org/apache/kerby/token-provider/1.0.1/token-provider-1.0.1.jar:/home/user/.m2/repository/org/apache/kerby/kerb-admin/1.0.1/kerb-admin-1.0.1.jar:/home/user/.m2/repository/org/apache/kerby/kerb-server/1.0.1/kerb-server-1.0.1.jar:/home/user/.m2/repository/org/apache/kerby/kerb-identity/1.0.1/kerb-identity-1.0.1.jar:/home/user/.m2/repository/org/apache/kerby/kerby-xdr/1.0.1/kerby-xdr-1.0.1.jar:/home/user/.m2/repository/org/slf4j/slf4j-log4j12/1.7.25/slf4j-log4j12-1.7.25.jar:/home/user/.m2/repository/org/apache/hadoop/hadoop-ozone-s3gateway/0.5.0-SNAPSHOT/hadoop-ozone-s3gateway-0.5.0-SNAPSHOT.jar:/home/user/.m2/repository/org/jboss/weld/servlet/weld-servlet/2.4.7.Final/weld-servlet-2.4.7.Final.jar:/home/user/.m2/repository/org/glassfish/jersey/containers/jersey-container-servlet-core/2.27/jersey-container-servlet-core-2.27.jar:/home/user/.m2/repository/org/glassfish/hk2/external/javax.inject/2.5.0-b42/javax.inject-2.5.0-b42.jar:/home/user/.m2/repository/org/glassfish/jersey/core/jersey-common/2.27/jersey-common-2.27.jar:/home/user/.m2/repository/org/glassfish/hk2/osgi-resource-locator/1.0.1/osgi-resource-locator-1.0.1.jar:/home/user/.m2/repository/javax/ws/rs/javax.ws.rs-api/2.1/javax.ws.rs-api-2.1.jar:/home/user/.m2/repository/org/glassfish/jersey/ext/cdi/jersey-cdi1x/2.27/jersey-cdi1x-2.27.jar:/home/user/.m2/repository/org/glassfish/jersey/inject/jersey-hk2/2.27/jersey-hk2-2.27.jar:/home/user/.m2/repository/org/glassfish/hk2/hk2-locator/2.5.0-b42/hk2-locator-2.5.0-b42.jar:/home/user/.m2/repository/org/javassist/javassist/3.22.0-CR2/javassist-3.22.0-CR2.jar:/home/user/.m2/repository/org/glassfish/hk2/hk2-api/2.5.0/hk2-api-2.5.0.jar:/home/user/.m2/repository/org/glassfish/hk2/external/jakarta.inject/2.5.0/jakarta.inject-2.5.0.jar:/home/user/.m2/repository/org/glassfish/hk2/hk2-utils/2.5.0/hk2-utils-2.5.0.jar:/home/user/.m2/repository/jakarta/annotation/jakarta.annotation-api/1.3.4/jakarta.annotation-api-1.3.4.jar:/home/user/.m2/repository/org/glassfish/hk2/external/aopalliance-repackaged/2.5.0/aopalliance-repackaged-2.5.0.jar:/home/user/.m2/repository/com/fasterxml/jackson/dataformat/jackson-dataformat-xml/2.9.0/jackson-dataformat-xml-2.9.0.jar:/home/user/.m2/repository/com/fasterxml/jackson/core/jackson-core/2.9.9/jackson-core-2.9.9.jar:/home/user/.m2/repository/com/fasterxml/jackson/module/jackson-module-jaxb-annotations/2.9.9/jackson-module-jaxb-annotations-2.9.9.jar:/home/user/.m2/repository/javax/enterprise/cdi-api/1.2/cdi-api-1.2.jar:/home/user/.m2/repository/javax/el/javax.el-api/3.0.0/javax.el-api-3.0.0.jar:/home/user/.m2/repository/javax/interceptor/javax.interceptor-api/1.2/javax.interceptor-api-1.2.jar:/home/user/.m2/repository/javax/inject/javax.inject/1/javax.inject-1.jar:/home/user/.m2/repository/com/sun/xml/bind/jaxb-impl/2.3.0.1/jaxb-impl-2.3.0.1.jar:/home/user/.m2/repository/com/sun/xml/bind/jaxb-core/2.3.0.1/jaxb-core-2.3.0.1.jar:/home/user/.m2/repository/javax/xml/bind/jaxb-api/2.3.0/jaxb-api-2.3.0.jar:/home/user/.m2/repository/javax/activation/activation/1.1.1/activation-1.1.1.jar:/home/user/.m2/repository/org/apache/hadoop/hadoop-ozone-csi/0.5.0-SNAPSHOT/hadoop-ozone-csi-0.5.0-SNAPSHOT.jar:/home/user/.m2/repository/com/google/protobuf/protobuf-java-util/3.5.1/protobuf-java-util-3.5.1.jar:/home/user/.m2/repository/org/apache/hadoop/hadoop-hdds-config/0.5.0-SNAPSHOT/hadoop-hdds-config-0.5.0-SNAPSHOT.jar:/home/user/.m2/repository/io/grpc/grpc-netty/1.17.1/grpc-netty-1.17.1.jar:/home/user/.m2/repository/io/grpc/grpc-core/1.17.1/grpc-core-1.17.1.jar:/home/user/.m2/repository/io/grpc/grpc-context/1.17.1/grpc-context-1.17.1.jar:/home/user/.m2/repository/com/google/errorprone/error_prone_annotations/2.2.0/error_prone_annotations-2.2.0.jar:/home/user/.m2/repository/org/codehaus/mojo/animal-sniffer-annotations/1.17/animal-sniffer-annotations-1.17.jar:/home/user/.m2/repository/io/opencensus/opencensus-api/0.17.0/opencensus-api-0.17.0.jar:/home/user/.m2/repository/io/opencensus/opencensus-contrib-grpc-metrics/0.17.0/opencensus-contrib-grpc-metrics-0.17.0.jar:/home/user/.m2/repository/io/netty/netty-codec-http2/4.1.30.Final/netty-codec-http2-4.1.30.Final.jar:/home/user/.m2/repository/io/netty/netty-codec-http/4.1.30.Final/netty-codec-http-4.1.30.Final.jar:/home/user/.m2/repository/io/netty/netty-codec/4.1.30.Final/netty-codec-4.1.30.Final.jar:/home/user/.m2/repository/io/netty/netty-handler/4.1.30.Final/netty-handler-4.1.30.Final.jar:/home/user/.m2/repository/io/netty/netty-handler-proxy/4.1.30.Final/netty-handler-proxy-4.1.30.Final.jar:/home/user/.m2/repository/io/netty/netty-codec-socks/4.1.30.Final/netty-codec-socks-4.1.30.Final.jar:/home/user/.m2/repository/io/netty/netty-transport-native-epoll/4.1.30.Final/netty-transport-native-epoll-4.1.30.Final.jar:/home/user/.m2/repository/io/netty/netty-common/4.1.30.Final/netty-common-4.1.30.Final.jar:/home/user/.m2/repository/io/netty/netty-buffer/4.1.30.Final/netty-buffer-4.1.30.Final.jar:/home/user/.m2/repository/io/netty/netty-transport/4.1.30.Final/netty-transport-4.1.30.Final.jar:/home/user/.m2/repository/io/netty/netty-resolver/4.1.30.Final/netty-resolver-4.1.30.Final.jar:/home/user/.m2/repository/io/netty/netty-transport-native-unix-common/4.1.30.Final/netty-transport-native-unix-common-4.1.30.Final.jar:/home/user/.m2/repository/io/grpc/grpc-protobuf/1.17.1/grpc-protobuf-1.17.1.jar:/home/user/.m2/repository/com/google/api/grpc/proto-google-common-protos/1.0.0/proto-google-common-protos-1.0.0.jar:/home/user/.m2/repository/io/grpc/grpc-protobuf-lite/1.17.1/grpc-protobuf-lite-1.17.1.jar:/home/user/.m2/repository/io/grpc/grpc-stub/1.17.1/grpc-stub-1.17.1.jar:/home/user/.m2/repository/org/apache/hadoop/hadoop-ozone-recon/0.5.0-SNAPSHOT/hadoop-ozone-recon-0.5.0-SNAPSHOT.jar:/home/user/.m2/repository/org/apache/hadoop/hadoop-ozone-reconcodegen/0.5.0-SNAPSHOT/hadoop-ozone-reconcodegen-0.5.0-SNAPSHOT.jar:/home/user/.m2/repository/com/google/inject/extensions/guice-multibindings/4.0/guice-multibindings-4.0.jar:/home/user/.m2/repository/com/google/inject/guice/4.0/guice-4.0.jar:/home/user/.m2/repository/aopalliance/aopalliance/1.0/aopalliance-1.0.jar:/home/user/.m2/repository/com/google/inject/extensions/guice-servlet/4.0/guice-servlet-4.0.jar:/home/user/.m2/repository/org/glassfish/jersey/containers/jersey-container-servlet/2.27/jersey-container-servlet-2.27.jar:/home/user/.m2/repository/org/glassfish/hk2/guice-bridge/2.5.0/guice-bridge-2.5.0.jar:/home/user/.m2/repository/org/glassfish/jersey/core/jersey-server/2.27/jersey-server-2.27.jar:/home/user/.m2/repository/org/glassfish/jersey/core/jersey-client/2.27/jersey-client-2.27.jar:/home/user/.m2/repository/org/glassfish/jersey/media/jersey-media-jaxb/2.27/jersey-media-jaxb-2.27.jar:/home/user/.m2/repository/javax/validation/validation-api/1.1.0.Final/validation-api-1.1.0.Final.jar:/home/user/.m2/repository/org/glassfish/jersey/media/jersey-media-json-jackson/2.27/jersey-media-json-jackson-2.27.jar:/home/user/.m2/repository/org/glassfish/jersey/ext/jersey-entity-filtering/2.27/jersey-entity-filtering-2.27.jar:/home/user/.m2/repository/com/google/inject/extensions/guice-assistedinject/4.0/guice-assistedinject-4.0.jar:/home/user/.m2/repository/org/jooq/jooq/3.11.10/jooq-3.11.10.jar:/home/user/.m2/repository/org/jooq/jooq-meta/3.11.10/jooq-meta-3.11.10.jar:/home/user/.m2/repository/org/jooq/jooq-codegen/3.11.10/jooq-codegen-3.11.10.jar:/home/user/.m2/repository/com/jolbox/bonecp/0.8.0.RELEASE/bonecp-0.8.0.RELEASE.jar:/home/user/.m2/repository/org/xerial/sqlite-jdbc/3.25.2/sqlite-jdbc-3.25.2.jar:/home/user/.m2/repository/org/springframework/spring-jdbc/5.1.3.RELEASE/spring-jdbc-5.1.3.RELEASE.jar:/home/user/.m2/repository/org/springframework/spring-beans/5.1.3.RELEASE/spring-beans-5.1.3.RELEASE.jar:/home/user/.m2/repository/org/springframework/spring-core/5.1.3.RELEASE/spring-core-5.1.3.RELEASE.jar:/home/user/.m2/repository/org/springframework/spring-jcl/5.1.3.RELEASE/spring-jcl-5.1.3.RELEASE.jar:/home/user/.m2/repository/org/springframework/spring-tx/5.1.3.RELEASE/spring-tx-5.1.3.RELEASE.jar:/home/user/.m2/repository/org/apache/hadoop/hadoop-ozone-client/0.5.0-SNAPSHOT/hadoop-ozone-client-0.5.0-SNAPSHOT.jar:/home/user/.m2/repository/commons-lang/commons-lang/2.6/commons-lang-2.6.jar:/home/user/.m2/repository/org/apache/hadoop/hadoop-ozone-ozone-manager/0.5.0-SNAPSHOT/hadoop-ozone-ozone-manager-0.5.0-SNAPSHOT-tests.jar:/home/user/.m2/repository/junit/junit/4.11/junit-4.11.jar:/home/user/.m2/repository/org/hamcrest/hamcrest-core/1.3/hamcrest-core-1.3.jar:/home/user/.m2/repository/org/openjdk/jmh/jmh-core/1.19/jmh-core-1.19.jar:/home/user/.m2/repository/net/sf/jopt-simple/jopt-simple/4.6/jopt-simple-4.6.jar:/home/user/.m2/repository/org/apache/commons/commons-math3/3.1.1/commons-math3-3.1.1.jar:/home/user/.m2/repository/org/openjdk/jmh/jmh-generator-annprocess/1.19/jmh-generator-annprocess-1.19.jar:/home/user/.m2/repository/org/mockito/mockito-all/1.8.5/mockito-all-1.8.5.jar:/home/user/.m2/repository/org/apache/hadoop/hadoop-kms/3.2.0/hadoop-kms-3.2.0.jar:/home/user/.m2/repository/org/apache/hadoop/hadoop-auth/3.2.0/hadoop-auth-3.2.0.jar:/home/user/.m2/repository/com/nimbusds/nimbus-jose-jwt/4.41.1/nimbus-jose-jwt-4.41.1.jar:/home/user/.m2/repository/com/github/stephenc/jcip/jcip-annotations/1.0-1/jcip-annotations-1.0-1.jar:/home/user/.m2/repository/net/minidev/json-smart/2.3/json-smart-2.3.jar:/home/user/.m2/repository/net/minidev/accessors-smart/1.2/accessors-smart-1.2.jar:/home/user/.m2/repository/org/ow2/asm/asm/5.0.4/asm-5.0.4.jar:/home/user/.m2/repository/org/apache/curator/curator-framework/2.12.0/curator-framework-2.12.0.jar:/home/user/.m2/repository/com/sun/jersey/jersey-core/1.19/jersey-core-1.19.jar:/home/user/.m2/repository/javax/ws/rs/jsr311-api/1.1.1/jsr311-api-1.1.1.jar:/home/user/.m2/repository/com/sun/jersey/jersey-server/1.19/jersey-server-1.19.jar:/home/user/.m2/repository/javax/servlet/javax.servlet-api/3.1.0/javax.servlet-api-3.1.0.jar:/home/user/.m2/repository/org/eclipse/jetty/jetty-server/9.3.25.v20180904/jetty-server-9.3.25.v20180904.jar:/home/user/.m2/repository/org/eclipse/jetty/jetty-http/9.3.25.v20180904/jetty-http-9.3.25.v20180904.jar:/home/user/.m2/repository/org/eclipse/jetty/jetty-io/9.3.25.v20180904/jetty-io-9.3.25.v20180904.jar:/home/user/.m2/repository/org/eclipse/jetty/jetty-webapp/9.3.25.v20180904/jetty-webapp-9.3.25.v20180904.jar:/home/user/.m2/repository/org/eclipse/jetty/jetty-xml/9.3.25.v20180904/jetty-xml-9.3.25.v20180904.jar:/home/user/.m2/repository/log4j/log4j/1.2.17/log4j-1.2.17.jar:/home/user/.m2/repository/org/slf4j/slf4j-api/1.7.25/slf4j-api-1.7.25.jar:/home/user/.m2/repository/org/slf4j/jul-to-slf4j/1.7.25/jul-to-slf4j-1.7.25.jar:/home/user/.m2/repository/org/eclipse/jetty/jetty-util/9.3.25.v20180904/jetty-util-9.3.25.v20180904.jar:/home/user/.m2/repository/com/fasterxml/jackson/core/jackson-databind/2.9.9/jackson-databind-2.9.9.jar:/home/user/.m2/repository/org/apache/hadoop/hadoop-kms/3.2.0/hadoop-kms-3.2.0-tests.jar:/home/user/.m2/repository/org/apache/hadoop/hadoop-hdds-server-scm/0.5.0-SNAPSHOT/hadoop-hdds-server-scm-0.5.0-SNAPSHOT-tests.jar:/home/user/.m2/repository/org/apache/hadoop/hadoop-hdds-container-service/0.5.0-SNAPSHOT/hadoop-hdds-container-service-0.5.0-SNAPSHOT-tests.jar:/home/user/.m2/repository/org/yaml/snakeyaml/1.16/snakeyaml-1.16.jar:/home/user/.m2/repository/org/apache/hadoop/hadoop-common/3.2.0/hadoop-common-3.2.0-tests.jar:/home/user/.m2/repository/org/apache/hadoop/hadoop-annotations/3.2.0/hadoop-annotations-3.2.0.jar:/usr/lib/jvm/java-1.8.0-openjdk-1.8.0.222.b10-1.el7_7.x86_64/jre/../lib/tools.jar:/home/user/.m2/repository/commons-cli/commons-cli/1.2/commons-cli-1.2.jar:/home/user/.m2/repository/org/apache/httpcomponents/httpclient/4.5.2/httpclient-4.5.2.jar:/home/user/.m2/repository/org/apache/httpcomponents/httpcore/4.4.4/httpcore-4.4.4.jar:/home/user/.m2/repository/commons-codec/commons-codec/1.11/commons-codec-1.11.jar:/home/user/.m2/repository/commons-net/commons-net/3.6/commons-net-3.6.jar:/home/user/.m2/repository/commons-collections/commons-collections/3.2.2/commons-collections-3.2.2.jar:/home/user/.m2/repository/org/eclipse/jetty/jetty-servlet/9.3.25.v20180904/jetty-servlet-9.3.25.v20180904.jar:/home/user/.m2/repository/org/eclipse/jetty/jetty-security/9.3.25.v20180904/jetty-security-9.3.25.v20180904.jar:/home/user/.m2/repository/javax/servlet/jsp/jsp-api/2.1/jsp-api-2.1.jar:/home/user/.m2/repository/com/sun/jersey/jersey-servlet/1.19/jersey-servlet-1.19.jar:/home/user/.m2/repository/com/sun/jersey/jersey-json/1.19/jersey-json-1.19.jar:/home/user/.m2/repository/org/codehaus/jettison/jettison/1.1/jettison-1.1.jar:/home/user/.m2/repository/org/codehaus/jackson/jackson-core-asl/1.9.13/jackson-core-asl-1.9.13.jar:/home/user/.m2/repository/org/codehaus/jackson/jackson-mapper-asl/1.9.13/jackson-mapper-asl-1.9.13.jar:/home/user/.m2/repository/org/codehaus/jackson/jackson-jaxrs/1.9.13/jackson-jaxrs-1.9.13.jar:/home/user/.m2/repository/org/codehaus/jackson/jackson-xc/1.9.13/jackson-xc-1.9.13.jar:/home/user/.m2/repository/commons-logging/commons-logging/1.1.3/commons-logging-1.1.3.jar:/home/user/.m2/repository/commons-beanutils/commons-beanutils/1.9.4/commons-beanutils-1.9.4.jar:/home/user/.m2/repository/org/apache/commons/commons-configuration2/2.1.1/commons-configuration2-2.1.1.jar:/home/user/.m2/repository/org/apache/commons/commons-lang3/3.7/commons-lang3-3.7.jar:/home/user/.m2/repository/org/apache/commons/commons-text/1.4/commons-text-1.4.jar:/home/user/.m2/repository/org/apache/avro/avro/1.7.7/avro-1.7.7.jar:/home/user/.m2/repository/com/thoughtworks/paranamer/paranamer/2.3/paranamer-2.3.jar:/home/user/.m2/repository/org/xerial/snappy/snappy-java/1.0.5/snappy-java-1.0.5.jar:/home/user/.m2/repository/com/google/re2j/re2j/1.1/re2j-1.1.jar:/home/user/.m2/repository/com/google/code/gson/gson/2.2.4/gson-2.2.4.jar:/home/user/.m2/repository/com/jcraft/jsch/0.1.54/jsch-0.1.54.jar:/home/user/.m2/repository/org/apache/curator/curator-client/2.12.0/curator-client-2.12.0.jar:/home/user/.m2/repository/org/apache/curator/curator-recipes/2.12.0/curator-recipes-2.12.0.jar:/home/user/.m2/repository/com/google/code/findbugs/jsr305/3.0.0/jsr305-3.0.0.jar:/home/user/.m2/repository/org/apache/htrace/htrace-core4/4.1.0-incubating/htrace-core4-4.1.0-incubating.jar:/home/user/.m2/repository/org/apache/zookeeper/zookeeper/3.4.13/zookeeper-3.4.13.jar:/home/user/.m2/repository/jline/jline/0.9.94/jline-0.9.94.jar:/home/user/.m2/repository/org/apache/yetus/audience-annotations/0.5.0/audience-annotations-0.5.0.jar:/home/user/.m2/repository/org/codehaus/woodstox/stax2-api/3.1.4/stax2-api-3.1.4.jar:/home/user/.m2/repository/com/fasterxml/woodstox/woodstox-core/5.0.3/woodstox-core-5.0.3.jar:/home/user/.m2/repository/dnsjava/dnsjava/2.1.7/dnsjava-2.1.7.jar:/home/user/.m2/repository/org/apache/hadoop/hadoop-hdfs/3.2.0/hadoop-hdfs-3.2.0-tests.jar:/home/user/.m2/repository/org/eclipse/jetty/jetty-util-ajax/9.3.25.v20180904/jetty-util-ajax-9.3.25.v20180904.jar:/home/user/.m2/repository/commons-daemon/commons-daemon/1.0.13/commons-daemon-1.0.13.jar:/home/user/.m2/repository/io/netty/netty/3.10.5.Final/netty-3.10.5.Final.jar:/home/user/.m2/repository/io/netty/netty-all/4.0.52.Final/netty-all-4.0.52.Final.jar:/home/user/.m2/repository/org/fusesource/leveldbjni/leveldbjni-all/1.8/leveldbjni-all-1.8.jar:"/>
    <property name="sun.cpu.endian" value="little"/>
    <property name="user.home" value="/home/user"/>
    <property name="user.language" value="en"/>
    <property name="java.specification.vendor" value="Oracle Corporation"/>
    <property name="java.home" value="/usr/lib/jvm/java-1.8.0-openjdk-1.8.0.222.b10-1.el7_7.x86_64/jre"/>
    <property name="surefire.excludesFile" value="/tools/ozone-bad-unit-tests"/>
    <property name="java.security.krb5.conf" value="/workdir/hadoop-ozone/integration-test/target/test-classes/krb5.conf"/>
    <property name="basedir" value="/workdir/hadoop-ozone/integration-test"/>
    <property name="file.separator" value="/"/>
    <property name="line.separator" value="&#10;"/>
    <property name="java.vm.specification.vendor" value="Oracle Corporation"/>
    <property name="java.specification.name" value="Java Platform API Specification"/>
    <property name="java.awt.graphicsenv" value="sun.awt.X11GraphicsEnvironment"/>
    <property name="surefire.real.class.path" value="/workdir/hadoop-ozone/integration-test/target/surefire/surefirebooter8884671096668483844.jar"/>
    <property name="hadoop.log.dir" value="/workdir/hadoop-ozone/integration-test/target/log"/>
    <property name="sun.boot.class.path" value="/usr/lib/jvm/java-1.8.0-openjdk-1.8.0.222.b10-1.el7_7.x86_64/jre/lib/resources.jar:/usr/lib/jvm/java-1.8.0-openjdk-1.8.0.222.b10-1.el7_7.x86_64/jre/lib/rt.jar:/usr/lib/jvm/java-1.8.0-openjdk-1.8.0.222.b10-1.el7_7.x86_64/jre/lib/sunrsasign.jar:/usr/lib/jvm/java-1.8.0-openjdk-1.8.0.222.b10-1.el7_7.x86_64/jre/lib/jsse.jar:/usr/lib/jvm/java-1.8.0-openjdk-1.8.0.222.b10-1.el7_7.x86_64/jre/lib/jce.jar:/usr/lib/jvm/java-1.8.0-openjdk-1.8.0.222.b10-1.el7_7.x86_64/jre/lib/charsets.jar:/usr/lib/jvm/java-1.8.0-openjdk-1.8.0.222.b10-1.el7_7.x86_64/jre/lib/jfr.jar:/usr/lib/jvm/java-1.8.0-openjdk-1.8.0.222.b10-1.el7_7.x86_64/jre/classes"/>
    <property name="sun.management.compiler" value="HotSpot 64-Bit Tiered Compilers"/>
    <property name="java.runtime.version" value="1.8.0_222-b10"/>
    <property name="java.net.preferIPv4Stack" value="true"/>
    <property name="user.name" value="jenkins1000"/>
    <property name="path.separator" value=":"/>
    <property name="java.security.egd" value="file:///dev/urandom"/>
    <property name="os.version" value="3.10.0-957.12.2.el7.x86_64"/>
    <property name="java.endorsed.dirs" value="/usr/lib/jvm/java-1.8.0-openjdk-1.8.0.222.b10-1.el7_7.x86_64/jre/lib/endorsed"/>
    <property name="java.runtime.name" value="OpenJDK Runtime Environment"/>
    <property name="file.encoding" value="ANSI_X3.4-1968"/>
    <property name="java.vm.name" value="OpenJDK 64-Bit Server VM"/>
    <property name="test.build.webapps" value=""/>
    <property name="localRepository" value="/home/user/.m2/repository"/>
    <property name="java.vendor.url.bug" value="http://bugreport.sun.com/bugreport/"/>
    <property name="java.io.tmpdir" value="/tmp"/>
    <property name="require.test.libhadoop" value=""/>
    <property name="java.version" value="1.8.0_222"/>
    <property name="user.dir" value="/workdir/hadoop-ozone/integration-test"/>
    <property name="os.arch" value="amd64"/>
    <property name="java.vm.specification.name" value="Java Virtual Machine Specification"/>
    <property name="test.build.classes" value="/workdir/hadoop-ozone/integration-test/target/test-classes"/>
    <property name="java.awt.printerjob" value="sun.print.PSPrinterJob"/>
    <property name="sun.os.patch.level" value="unknown"/>
    <property name="hadoop.tmp.dir" value="/workdir/hadoop-ozone/integration-test/target/tmp"/>
    <property name="java.library.path" value="/usr/lib:/workdir/hadoop-ozone/integration-test/target/native/target/usr/local/lib:/workdir/hadoop-ozone/integration-test/../../hadoop-common-project/hadoop-common/target/native/target/usr/local/lib:/usr/java/packages/lib/amd64:/usr/lib64:/lib64:/lib:/usr/lib"/>
    <property name="java.vm.info" value="mixed mode"/>
    <property name="java.vendor" value="Oracle Corporation"/>
    <property name="java.vm.version" value="25.222-b10"/>
    <property name="java.ext.dirs" value="/usr/lib/jvm/java-1.8.0-openjdk-1.8.0.222.b10-1.el7_7.x86_64/jre/lib/ext:/usr/java/packages/lib/ext"/>
    <property name="sun.io.unicode.encoding" value="UnicodeLittle"/>
    <property name="java.class.version" value="52.0"/>
  </properties>
  <testcase name="testMultiBlockWritesWithIntermittentDnFailures" classname="org.apache.hadoop.ozone.client.rpc.TestMultiBlockWritesWithDnFailures" time="50.44"/>
  <testcase name="testMultiBlockWritesWithDnFailures" classname="org.apache.hadoop.ozone.client.rpc.TestMultiBlockWritesWithDnFailures" time="24.92">
    <error message="Allocated 0 blocks. Requested 1 blocks" type="INTERNAL_ERROR org.apache.hadoop.ozone.om.exceptions.OMException">INTERNAL_ERROR org.apache.hadoop.ozone.om.exceptions.OMException: Allocated 0 blocks. Requested 1 blocks
	at org.apache.hadoop.ozone.om.protocolPB.OzoneManagerProtocolClientSideTranslatorPB.handleError(OzoneManagerProtocolClientSideTranslatorPB.java:761)
	at org.apache.hadoop.ozone.om.protocolPB.OzoneManagerProtocolClientSideTranslatorPB.allocateBlock(OzoneManagerProtocolClientSideTranslatorPB.java:793)
	at sun.reflect.NativeMethodAccessorImpl.invoke0(Native Method)
	at sun.reflect.NativeMethodAccessorImpl.invoke(NativeMethodAccessorImpl.java:62)
	at sun.reflect.DelegatingMethodAccessorImpl.invoke(DelegatingMethodAccessorImpl.java:43)
	at java.lang.reflect.Method.invoke(Method.java:498)
	at org.apache.hadoop.hdds.tracing.TraceAllMethod.invoke(TraceAllMethod.java:66)
	at com.sun.proxy.$Proxy36.allocateBlock(Unknown Source)
	at org.apache.hadoop.ozone.client.io.BlockOutputStreamEntryPool.allocateNewBlock(BlockOutputStreamEntryPool.java:259)
	at org.apache.hadoop.ozone.client.io.BlockOutputStreamEntryPool.allocateBlockIfNeeded(BlockOutputStreamEntryPool.java:307)
	at org.apache.hadoop.ozone.client.io.KeyOutputStream.handleWrite(KeyOutputStream.java:198)
	at org.apache.hadoop.ozone.client.io.KeyOutputStream.handleRetry(KeyOutputStream.java:375)
	at org.apache.hadoop.ozone.client.io.KeyOutputStream.handleException(KeyOutputStream.java:324)
	at org.apache.hadoop.ozone.client.io.KeyOutputStream.handleWrite(KeyOutputStream.java:228)
	at org.apache.hadoop.ozone.client.io.KeyOutputStream.write(KeyOutputStream.java:190)
	at org.apache.hadoop.ozone.client.io.OzoneOutputStream.write(OzoneOutputStream.java:49)
	at java.io.OutputStream.write(OutputStream.java:75)
	at org.apache.hadoop.ozone.client.rpc.TestMultiBlockWritesWithDnFailures.testMultiBlockWritesWithDnFailures(TestMultiBlockWritesWithDnFailures.java:123)
	at sun.reflect.NativeMethodAccessorImpl.invoke0(Native Method)
	at sun.reflect.NativeMethodAccessorImpl.invoke(NativeMethodAccessorImpl.java:62)
	at sun.reflect.DelegatingMethodAccessorImpl.invoke(DelegatingMethodAccessorImpl.java:43)
	at java.lang.reflect.Method.invoke(Method.java:498)
	at org.junit.runners.model.FrameworkMethod$1.runReflectiveCall(FrameworkMethod.java:47)
	at org.junit.internal.runners.model.ReflectiveCallable.run(ReflectiveCallable.java:12)
	at org.junit.runners.model.FrameworkMethod.invokeExplosively(FrameworkMethod.java:44)
	at org.junit.internal.runners.statements.InvokeMethod.evaluate(InvokeMethod.java:17)
	at org.junit.internal.runners.statements.RunAfters.evaluate(RunAfters.java:27)
	at org.junit.runners.ParentRunner.runLeaf(ParentRunner.java:271)
	at org.junit.runners.BlockJUnit4ClassRunner.runChild(BlockJUnit4ClassRunner.java:70)
	at org.junit.runners.BlockJUnit4ClassRunner.runChild(BlockJUnit4ClassRunner.java:50)
	at org.junit.runners.ParentRunner$3.run(ParentRunner.java:238)
	at org.junit.runners.ParentRunner$1.schedule(ParentRunner.java:63)
	at org.junit.runners.ParentRunner.runChildren(ParentRunner.java:236)
	at org.junit.runners.ParentRunner.access$000(ParentRunner.java:53)
	at org.junit.runners.ParentRunner$2.evaluate(ParentRunner.java:229)
	at org.junit.runners.ParentRunner.run(ParentRunner.java:309)
	at org.apache.maven.surefire.junit4.JUnit4Provider.execute(JUnit4Provider.java:365)
	at org.apache.maven.surefire.junit4.JUnit4Provider.executeWithRerun(JUnit4Provider.java:273)
	at org.apache.maven.surefire.junit4.JUnit4Provider.executeTestSet(JUnit4Provider.java:238)
	at org.apache.maven.surefire.junit4.JUnit4Provider.invoke(JUnit4Provider.java:159)
	at org.apache.maven.surefire.booter.ForkedBooter.invokeProviderInSameClassLoader(ForkedBooter.java:384)
	at org.apache.maven.surefire.booter.ForkedBooter.runSuitesInProcess(ForkedBooter.java:345)
	at org.apache.maven.surefire.booter.ForkedBooter.execute(ForkedBooter.java:126)
	at org.apache.maven.surefire.booter.ForkedBooter.main(ForkedBooter.java:418)
</error>
    <system-out><![CDATA[2019-11-12 23:20:01,328 [main] WARN  server.ServerUtils (ServerUtils.java:getScmDbDir(145)) - ozone.scm.db.dirs is not configured. We recommend adding this setting. Falling back to ozone.metadata.dirs instead.
2019-11-12 23:20:01,355 [main] WARN  server.ServerUtils (ServerUtils.java:getScmDbDir(145)) - ozone.scm.db.dirs is not configured. We recommend adding this setting. Falling back to ozone.metadata.dirs instead.
2019-11-12 23:20:01,355 [main] WARN  server.ServerUtils (ServerUtils.java:getScmDbDir(145)) - ozone.scm.db.dirs is not configured. We recommend adding this setting. Falling back to ozone.metadata.dirs instead.
2019-11-12 23:20:01,356 [main] INFO  db.DBStoreBuilder (DBStoreBuilder.java:addTable(127)) - using custom profile for table: deletedBlocks
2019-11-12 23:20:01,356 [main] INFO  db.DBStoreBuilder (DBStoreBuilder.java:processTables(183)) - Using default column profile:DBProfile.DISK for Table:deletedBlocks
2019-11-12 23:20:01,357 [main] INFO  db.DBStoreBuilder (DBStoreBuilder.java:addTable(127)) - using custom profile for table: validCerts
2019-11-12 23:20:01,357 [main] INFO  db.DBStoreBuilder (DBStoreBuilder.java:processTables(183)) - Using default column profile:DBProfile.DISK for Table:validCerts
2019-11-12 23:20:01,357 [main] INFO  db.DBStoreBuilder (DBStoreBuilder.java:addTable(127)) - using custom profile for table: revokedCerts
2019-11-12 23:20:01,357 [main] INFO  db.DBStoreBuilder (DBStoreBuilder.java:processTables(183)) - Using default column profile:DBProfile.DISK for Table:revokedCerts
2019-11-12 23:20:01,357 [main] INFO  db.DBStoreBuilder (DBStoreBuilder.java:addTable(127)) - using custom profile for table: default
2019-11-12 23:20:01,357 [main] INFO  db.DBStoreBuilder (DBStoreBuilder.java:processTables(189)) - Using default column profile:DBProfile.DISK for Table:default
2019-11-12 23:20:01,358 [main] INFO  db.DBStoreBuilder (DBStoreBuilder.java:getDbProfile(220)) - Using default options. DBProfile.DISK
2019-11-12 23:20:01,572 [main] INFO  net.NodeSchemaLoader (NodeSchemaLoader.java:loadSchemaFromFile(125)) - Loading file from sun.misc.CompoundEnumeration@60bb7995
2019-11-12 23:20:01,572 [main] INFO  net.NodeSchemaLoader (NodeSchemaLoader.java:loadSchema(171)) - Loading network topology layer schema file
2019-11-12 23:20:01,578 [main] INFO  node.SCMNodeManager (SCMNodeManager.java:<init>(116)) - Entering startup safe mode.
2019-11-12 23:20:01,580 [main] INFO  algorithms.ContainerPlacementPolicyFactory (ContainerPlacementPolicyFactory.java:getPolicy(57)) - Create container placement policy of type org.apache.hadoop.hdds.scm.container.placement.algorithms.SCMContainerPlacementRandom
2019-11-12 23:20:01,580 [main] WARN  server.ServerUtils (ServerUtils.java:getScmDbDir(145)) - ozone.scm.db.dirs is not configured. We recommend adding this setting. Falling back to ozone.metadata.dirs instead.
2019-11-12 23:20:01,687 [main] INFO  pipeline.SCMPipelineManager (SCMPipelineManager.java:initializePipelineState(132)) - No pipeline exists in current db
2019-11-12 23:20:01,687 [main] WARN  server.ServerUtils (ServerUtils.java:getScmDbDir(145)) - ozone.scm.db.dirs is not configured. We recommend adding this setting. Falling back to ozone.metadata.dirs instead.
2019-11-12 23:20:01,783 [main] WARN  events.EventQueue (EventQueue.java:fireEvent(183)) - No event handler registered for event TypedEvent{payloadType=SafeModeStatus, name='SafeModeStatus'}
2019-11-12 23:20:01,784 [main] INFO  ipc.CallQueueManager (CallQueueManager.java:<init>(84)) - Using callQueue: class java.util.concurrent.LinkedBlockingQueue, queueCapacity: 2000, scheduler: class org.apache.hadoop.ipc.DefaultRpcScheduler, ipcBackoff: false.
2019-11-12 23:20:01,785 [Socket Reader #1 for port 44731] INFO  ipc.Server (Server.java:run(1074)) - Starting Socket Reader #1 for port 44731
2019-11-12 23:20:01,787 [main] INFO  ipc.CallQueueManager (CallQueueManager.java:<init>(84)) - Using callQueue: class java.util.concurrent.LinkedBlockingQueue, queueCapacity: 2000, scheduler: class org.apache.hadoop.ipc.DefaultRpcScheduler, ipcBackoff: false.
2019-11-12 23:20:01,788 [Socket Reader #1 for port 43661] INFO  ipc.Server (Server.java:run(1074)) - Starting Socket Reader #1 for port 43661
2019-11-12 23:20:01,789 [main] INFO  ipc.CallQueueManager (CallQueueManager.java:<init>(84)) - Using callQueue: class java.util.concurrent.LinkedBlockingQueue, queueCapacity: 2000, scheduler: class org.apache.hadoop.ipc.DefaultRpcScheduler, ipcBackoff: false.
2019-11-12 23:20:01,790 [Socket Reader #1 for port 41320] INFO  ipc.Server (Server.java:run(1074)) - Starting Socket Reader #1 for port 41320
2019-11-12 23:20:01,792 [main] INFO  hdfs.DFSUtil (DFSUtil.java:httpServerTemplateForNNAndJN(1641)) - Starting Web-server for scm at: http://0.0.0.0:0
2019-11-12 23:20:01,796 [main] INFO  server.AuthenticationFilter (AuthenticationFilter.java:constructSecretProvider(240)) - Unable to initialize FileSignerSecretProvider, falling back to use random secrets.
2019-11-12 23:20:01,797 [main] WARN  http.HttpRequestLog (HttpRequestLog.java:getRequestLog(97)) - Jetty request log can only be enabled using Log4j
2019-11-12 23:20:01,801 [main] INFO  http.HttpServer2 (HttpServer2.java:addGlobalFilter(975)) - Added global filter 'safety' (class=org.apache.hadoop.http.HttpServer2$QuotingInputFilter)
2019-11-12 23:20:01,802 [main] INFO  http.HttpServer2 (HttpServer2.java:addFilter(948)) - Added filter static_user_filter (class=org.apache.hadoop.http.lib.StaticUserWebFilter$StaticUserFilter) to context scm
2019-11-12 23:20:01,802 [main] INFO  http.HttpServer2 (HttpServer2.java:addFilter(958)) - Added filter static_user_filter (class=org.apache.hadoop.http.lib.StaticUserWebFilter$StaticUserFilter) to context logs
2019-11-12 23:20:01,803 [main] INFO  http.HttpServer2 (HttpServer2.java:addFilter(958)) - Added filter static_user_filter (class=org.apache.hadoop.http.lib.StaticUserWebFilter$StaticUserFilter) to context static
2019-11-12 23:20:01,807 [main] INFO  server.StorageContainerManager (StorageContainerManager.java:start(764)) - StorageContainerLocationProtocol RPC server is listening at /0.0.0.0:41320
2019-11-12 23:20:01,811 [main] WARN  impl.MetricsConfig (MetricsConfig.java:loadFirst(134)) - Cannot locate configuration: tried hadoop-metrics2-storagecontainermanager.properties,hadoop-metrics2.properties
2019-11-12 23:20:01,813 [main] INFO  impl.MetricsSystemImpl (MetricsSystemImpl.java:startTimer(374)) - Scheduled Metric snapshot period at 10 second(s).
2019-11-12 23:20:01,813 [main] INFO  impl.MetricsSystemImpl (MetricsSystemImpl.java:start(191)) - StorageContainerManager metrics system started
2019-11-12 23:20:01,867 [main] WARN  impl.MetricsSystemImpl (MetricsSystemImpl.java:register(276)) - Sink prometheus already exists!
2019-11-12 23:20:01,872 [main] INFO  server.SCMClientProtocolServer (SCMClientProtocolServer.java:start(159)) - RPC server for Client  is listening at /0.0.0.0:41320
2019-11-12 23:20:01,872 [IPC Server Responder] INFO  ipc.Server (Server.java:run(1314)) - IPC Server Responder: starting
2019-11-12 23:20:01,872 [IPC Server listener on 41320] INFO  ipc.Server (Server.java:run(1153)) - IPC Server listener on 41320: starting
2019-11-12 23:20:01,876 [main] INFO  server.StorageContainerManager (StorageContainerManager.java:start(774)) - ScmBlockLocationProtocol RPC server is listening at /0.0.0.0:43661
2019-11-12 23:20:01,876 [main] INFO  server.SCMBlockProtocolServer (SCMBlockProtocolServer.java:start(146)) - RPC server for Block Protocol is listening at /0.0.0.0:43661
2019-11-12 23:20:01,877 [IPC Server listener on 43661] INFO  ipc.Server (Server.java:run(1153)) - IPC Server listener on 43661: starting
2019-11-12 23:20:01,877 [IPC Server Responder] INFO  ipc.Server (Server.java:run(1314)) - IPC Server Responder: starting
2019-11-12 23:20:01,889 [main] INFO  server.StorageContainerManager (StorageContainerManager.java:start(778)) - ScmDatanodeProtocl RPC server is listening at /0.0.0.0:44731
2019-11-12 23:20:01,889 [main] INFO  server.SCMDatanodeProtocolServer (SCMDatanodeProtocolServer.java:start(169)) - RPC server for DataNodes is listening at /0.0.0.0:44731
2019-11-12 23:20:01,891 [IPC Server Responder] INFO  ipc.Server (Server.java:run(1314)) - IPC Server Responder: starting
2019-11-12 23:20:01,891 [IPC Server listener on 44731] INFO  ipc.Server (Server.java:run(1153)) - IPC Server listener on 44731: starting
2019-11-12 23:20:01,894 [main] INFO  http.HttpServer2 (HttpServer2.java:bindListener(1191)) - Jetty bound to port 37244
2019-11-12 23:20:01,895 [main] INFO  server.Server (Server.java:doStart(351)) - jetty-9.3.25.v20180904, build timestamp: 2018-09-04T21:11:46Z, git hash: 3ce520221d0240229c862b122d2b06c12a625732
2019-11-12 23:20:01,897 [main] INFO  handler.ContextHandler (ContextHandler.java:doStart(781)) - Started o.e.j.s.ServletContextHandler@b46e103{/logs,file:///workdir/hadoop-ozone/integration-test/target/log,AVAILABLE}
2019-11-12 23:20:01,898 [main] INFO  handler.ContextHandler (ContextHandler.java:doStart(781)) - Started o.e.j.s.ServletContextHandler@5eea5627{/static,file:///workdir/hadoop-ozone/integration-test/target/test-classes/webapps/static,AVAILABLE}
2019-11-12 23:20:01,904 [main] INFO  handler.ContextHandler (ContextHandler.java:doStart(781)) - Started o.e.j.w.WebAppContext@1b13467c{/,file:///workdir/hadoop-ozone/integration-test/target/test-classes/webapps/scm/,AVAILABLE}{/scm}
2019-11-12 23:20:01,905 [main] INFO  server.AbstractConnector (AbstractConnector.java:doStart(278)) - Started ServerConnector@7bd96822{HTTP/1.1,[http/1.1]}{0.0.0.0:37244}
2019-11-12 23:20:01,905 [main] INFO  server.Server (Server.java:doStart(419)) - Started @51427ms
2019-11-12 23:20:01,905 [main] WARN  impl.MetricsSystemImpl (MetricsSystemImpl.java:register(276)) - Sink prometheus already exists!
2019-11-12 23:20:01,907 [main] INFO  server.BaseHttpServer (BaseHttpServer.java:updateConnectorAddress(215)) - HTTP server of SCM is listening at http://0.0.0.0:37244
2019-11-12 23:20:01,908 [main] WARN  server.ServerUtils (ServerUtils.java:getDBPath(222)) - ozone.om.db.dirs is not configured. We recommend adding this setting. Falling back to ozone.metadata.dirs instead.
2019-11-12 23:20:01,908 [org.apache.hadoop.util.JvmPauseMonitor$Monitor@1fedf0a4] INFO  util.JvmPauseMonitor (JvmPauseMonitor.java:run(188)) - Starting JVM pause monitor
2019-11-12 23:20:01,923 [main] INFO  ha.OMHANodeDetails (OMHANodeDetails.java:loadOMHAConfig(190)) - Configuration either no ozone.om.address set. Falling back to the default OM address /127.0.0.1:0
2019-11-12 23:20:01,923 [main] INFO  ha.OMHANodeDetails (OMHANodeDetails.java:getOMNodeDetails(220)) - OM Service ID is not set. Setting it to the default ID: omServiceIdDefault
2019-11-12 23:20:01,924 [main] WARN  server.ServerUtils (ServerUtils.java:getDBPath(222)) - ozone.om.db.dirs is not configured. We recommend adding this setting. Falling back to ozone.metadata.dirs instead.
2019-11-12 23:20:01,925 [main] WARN  server.ServerUtils (ServerUtils.java:getDBPath(222)) - ozone.om.db.dirs is not configured. We recommend adding this setting. Falling back to ozone.metadata.dirs instead.
2019-11-12 23:20:01,932 [main] WARN  server.ServerUtils (ServerUtils.java:getDBPath(222)) - ozone.om.db.dirs is not configured. We recommend adding this setting. Falling back to ozone.metadata.dirs instead.
2019-11-12 23:20:01,932 [main] INFO  db.DBStoreBuilder (DBStoreBuilder.java:addTable(127)) - using custom profile for table: userTable
2019-11-12 23:20:01,933 [main] INFO  db.DBStoreBuilder (DBStoreBuilder.java:processTables(183)) - Using default column profile:DBProfile.DISK for Table:userTable
2019-11-12 23:20:01,933 [main] INFO  db.DBStoreBuilder (DBStoreBuilder.java:addTable(127)) - using custom profile for table: volumeTable
2019-11-12 23:20:01,933 [main] INFO  db.DBStoreBuilder (DBStoreBuilder.java:processTables(183)) - Using default column profile:DBProfile.DISK for Table:volumeTable
2019-11-12 23:20:01,933 [main] INFO  db.DBStoreBuilder (DBStoreBuilder.java:addTable(127)) - using custom profile for table: bucketTable
2019-11-12 23:20:01,933 [main] INFO  db.DBStoreBuilder (DBStoreBuilder.java:processTables(183)) - Using default column profile:DBProfile.DISK for Table:bucketTable
2019-11-12 23:20:01,933 [main] INFO  db.DBStoreBuilder (DBStoreBuilder.java:addTable(127)) - using custom profile for table: keyTable
2019-11-12 23:20:01,934 [main] INFO  db.DBStoreBuilder (DBStoreBuilder.java:processTables(183)) - Using default column profile:DBProfile.DISK for Table:keyTable
2019-11-12 23:20:01,934 [main] INFO  db.DBStoreBuilder (DBStoreBuilder.java:addTable(127)) - using custom profile for table: deletedTable
2019-11-12 23:20:01,934 [main] INFO  db.DBStoreBuilder (DBStoreBuilder.java:processTables(183)) - Using default column profile:DBProfile.DISK for Table:deletedTable
2019-11-12 23:20:01,934 [main] INFO  db.DBStoreBuilder (DBStoreBuilder.java:addTable(127)) - using custom profile for table: openKeyTable
2019-11-12 23:20:01,934 [main] INFO  db.DBStoreBuilder (DBStoreBuilder.java:processTables(183)) - Using default column profile:DBProfile.DISK for Table:openKeyTable
2019-11-12 23:20:01,934 [main] INFO  db.DBStoreBuilder (DBStoreBuilder.java:addTable(127)) - using custom profile for table: s3Table
2019-11-12 23:20:01,935 [main] INFO  db.DBStoreBuilder (DBStoreBuilder.java:processTables(183)) - Using default column profile:DBProfile.DISK for Table:s3Table
2019-11-12 23:20:01,935 [main] INFO  db.DBStoreBuilder (DBStoreBuilder.java:addTable(127)) - using custom profile for table: multipartInfoTable
2019-11-12 23:20:01,935 [main] INFO  db.DBStoreBuilder (DBStoreBuilder.java:processTables(183)) - Using default column profile:DBProfile.DISK for Table:multipartInfoTable
2019-11-12 23:20:01,935 [main] INFO  db.DBStoreBuilder (DBStoreBuilder.java:addTable(127)) - using custom profile for table: dTokenTable
2019-11-12 23:20:01,935 [main] INFO  db.DBStoreBuilder (DBStoreBuilder.java:processTables(183)) - Using default column profile:DBProfile.DISK for Table:dTokenTable
2019-11-12 23:20:01,936 [main] INFO  db.DBStoreBuilder (DBStoreBuilder.java:addTable(127)) - using custom profile for table: s3SecretTable
2019-11-12 23:20:01,936 [main] INFO  db.DBStoreBuilder (DBStoreBuilder.java:processTables(183)) - Using default column profile:DBProfile.DISK for Table:s3SecretTable
2019-11-12 23:20:01,936 [main] INFO  db.DBStoreBuilder (DBStoreBuilder.java:addTable(127)) - using custom profile for table: prefixTable
2019-11-12 23:20:01,936 [main] INFO  db.DBStoreBuilder (DBStoreBuilder.java:processTables(183)) - Using default column profile:DBProfile.DISK for Table:prefixTable
2019-11-12 23:20:01,937 [main] INFO  db.DBStoreBuilder (DBStoreBuilder.java:addTable(127)) - using custom profile for table: default
2019-11-12 23:20:01,937 [main] INFO  db.DBStoreBuilder (DBStoreBuilder.java:processTables(189)) - Using default column profile:DBProfile.DISK for Table:default
2019-11-12 23:20:01,937 [main] INFO  db.DBStoreBuilder (DBStoreBuilder.java:getDbProfile(220)) - Using default options. DBProfile.DISK
2019-11-12 23:20:02,592 [main] INFO  ipc.CallQueueManager (CallQueueManager.java:<init>(84)) - Using callQueue: class java.util.concurrent.LinkedBlockingQueue, queueCapacity: 2000, scheduler: class org.apache.hadoop.ipc.DefaultRpcScheduler, ipcBackoff: false.
2019-11-12 23:20:02,594 [Socket Reader #1 for port 40363] INFO  ipc.Server (Server.java:run(1074)) - Starting Socket Reader #1 for port 40363
2019-11-12 23:20:02,608 [main] INFO  om.OzoneManager (OzoneManager.java:start(1077)) - OzoneManager RPC server is listening at localhost/127.0.0.1:40363
2019-11-12 23:20:02,608 [main] INFO  impl.MetricsSystemImpl (MetricsSystemImpl.java:init(158)) - OzoneManager metrics system started (again)
2019-11-12 23:20:02,609 [IPC Server Responder] INFO  ipc.Server (Server.java:run(1314)) - IPC Server Responder: starting
2019-11-12 23:20:02,610 [IPC Server listener on 40363] INFO  ipc.Server (Server.java:run(1153)) - IPC Server listener on 40363: starting
2019-11-12 23:20:02,616 [main] INFO  hdfs.DFSUtil (DFSUtil.java:httpServerTemplateForNNAndJN(1641)) - Starting Web-server for ozoneManager at: http://0.0.0.0:0
2019-11-12 23:20:02,618 [main] INFO  server.AuthenticationFilter (AuthenticationFilter.java:constructSecretProvider(240)) - Unable to initialize FileSignerSecretProvider, falling back to use random secrets.
2019-11-12 23:20:02,618 [main] WARN  http.HttpRequestLog (HttpRequestLog.java:getRequestLog(97)) - Jetty request log can only be enabled using Log4j
2019-11-12 23:20:02,621 [main] INFO  http.HttpServer2 (HttpServer2.java:addGlobalFilter(975)) - Added global filter 'safety' (class=org.apache.hadoop.http.HttpServer2$QuotingInputFilter)
2019-11-12 23:20:02,622 [main] INFO  http.HttpServer2 (HttpServer2.java:addFilter(948)) - Added filter static_user_filter (class=org.apache.hadoop.http.lib.StaticUserWebFilter$StaticUserFilter) to context ozoneManager
2019-11-12 23:20:02,622 [main] INFO  http.HttpServer2 (HttpServer2.java:addFilter(958)) - Added filter static_user_filter (class=org.apache.hadoop.http.lib.StaticUserWebFilter$StaticUserFilter) to context logs
2019-11-12 23:20:02,622 [main] INFO  http.HttpServer2 (HttpServer2.java:addFilter(958)) - Added filter static_user_filter (class=org.apache.hadoop.http.lib.StaticUserWebFilter$StaticUserFilter) to context static
2019-11-12 23:20:02,623 [main] INFO  http.HttpServer2 (HttpServer2.java:bindListener(1191)) - Jetty bound to port 44466
2019-11-12 23:20:02,623 [main] INFO  server.Server (Server.java:doStart(351)) - jetty-9.3.25.v20180904, build timestamp: 2018-09-04T21:11:46Z, git hash: 3ce520221d0240229c862b122d2b06c12a625732
2019-11-12 23:20:02,626 [main] INFO  handler.ContextHandler (ContextHandler.java:doStart(781)) - Started o.e.j.s.ServletContextHandler@55fee662{/logs,file:///workdir/hadoop-ozone/integration-test/target/log,AVAILABLE}
2019-11-12 23:20:02,626 [main] INFO  handler.ContextHandler (ContextHandler.java:doStart(781)) - Started o.e.j.s.ServletContextHandler@45adc393{/static,file:///workdir/hadoop-ozone/integration-test/target/test-classes/webapps/static,AVAILABLE}
2019-11-12 23:20:02,632 [main] INFO  handler.ContextHandler (ContextHandler.java:doStart(781)) - Started o.e.j.w.WebAppContext@46039a21{/,file:///workdir/hadoop-ozone/integration-test/target/test-classes/webapps/ozoneManager/,AVAILABLE}{/ozoneManager}
2019-11-12 23:20:02,632 [main] INFO  server.AbstractConnector (AbstractConnector.java:doStart(278)) - Started ServerConnector@431e86b1{HTTP/1.1,[http/1.1]}{0.0.0.0:44466}
2019-11-12 23:20:02,633 [main] INFO  server.Server (Server.java:doStart(419)) - Started @52154ms
2019-11-12 23:20:02,633 [main] WARN  impl.MetricsSystemImpl (MetricsSystemImpl.java:register(276)) - Sink prometheus already exists!
2019-11-12 23:20:02,634 [main] INFO  server.BaseHttpServer (BaseHttpServer.java:updateConnectorAddress(215)) - HTTP server of OZONEMANAGER is listening at http://0.0.0.0:44466
2019-11-12 23:20:02,655 [main] INFO  impl.MetricsSystemImpl (MetricsSystemImpl.java:init(158)) - HddsDatanode metrics system started (again)
2019-11-12 23:20:02,657 [main] INFO  ozone.HddsDatanodeService (HddsDatanodeService.java:start(186)) - HddsDatanodeService host:pr-hdds-2464-qsgcv-431919947 ip:192.168.164.209
2019-11-12 23:20:02,663 [main] INFO  volume.HddsVolume (HddsVolume.java:<init>(176)) - Creating Volume: /workdir/hadoop-ozone/integration-test/target/test-dir/MiniOzoneClusterImpl-526fdb7e-9c97-4370-88fe-75d8a071a2f3/datanode-0/data/containers/hdds of  storage type : DISK and capacity : 1482555576320
2019-11-12 23:20:02,663 [main] INFO  volume.VolumeSet (VolumeSet.java:initializeVolumeSet(170)) - Added Volume : /workdir/hadoop-ozone/integration-test/target/test-dir/MiniOzoneClusterImpl-526fdb7e-9c97-4370-88fe-75d8a071a2f3/datanode-0/data/containers/hdds to VolumeSet
2019-11-12 23:20:02,664 [main] INFO  volume.ThrottledAsyncChecker (ThrottledAsyncChecker.java:schedule(141)) - Scheduling a check for /workdir/hadoop-ozone/integration-test/target/test-dir/MiniOzoneClusterImpl-526fdb7e-9c97-4370-88fe-75d8a071a2f3/datanode-0/data/containers/hdds
2019-11-12 23:20:02,665 [main] INFO  volume.HddsVolumeChecker (HddsVolumeChecker.java:checkAllVolumes(204)) - Scheduled health check for volume /workdir/hadoop-ozone/integration-test/target/test-dir/MiniOzoneClusterImpl-526fdb7e-9c97-4370-88fe-75d8a071a2f3/datanode-0/data/containers/hdds
2019-11-12 23:20:02,680 [main] INFO  impl.RaftServerProxy (ConfUtils.java:logGet(43)) - raft.rpc.type = GRPC (default)
2019-11-12 23:20:02,680 [main] INFO  grpc.GrpcFactory (GrpcFactory.java:checkPooledByteBufAllocatorUseCacheForAllThreads(45)) - PERFORMANCE WARNING: useCacheForAllThreads is true that may cause Netty to create a lot garbage objects and, as a result, trigger GC.
	It is recommended to disable useCacheForAllThreads by setting -Dorg.apache.ratis.thirdparty.io.netty.allocator.useCacheForAllThreads=false in command line.
2019-11-12 23:20:02,680 [main] INFO  grpc.GrpcConfigKeys$Server (ConfUtils.java:logGet(43)) - raft.grpc.server.port = 0 (default)
2019-11-12 23:20:02,680 [main] INFO  server.GrpcService (ConfUtils.java:logGet(43)) - raft.grpc.message.size.max = 33570816 (custom)
2019-11-12 23:20:02,681 [main] INFO  server.RaftServerConfigKeys (ConfUtils.java:logGet(43)) - raft.server.log.appender.buffer.byte-limit = 33554432 (custom)
2019-11-12 23:20:02,681 [main] INFO  server.GrpcService (ConfUtils.java:logGet(43)) - raft.grpc.flow.control.window = 1MB (=1048576) (default)
2019-11-12 23:20:02,681 [main] INFO  server.RaftServerConfigKeys (ConfUtils.java:logGet(43)) - raft.server.rpc.request.timeout = 3000ms (default)
2019-11-12 23:20:02,682 [main] INFO  server.RaftServerConfigKeys (ConfUtils.java:logGet(43)) - raft.server.storage.dir = [/workdir/hadoop-ozone/integration-test/target/test-dir/MiniOzoneClusterImpl-526fdb7e-9c97-4370-88fe-75d8a071a2f3/datanode-0/data/ratis] (custom)
2019-11-12 23:20:02,684 [main] INFO  hdfs.DFSUtil (DFSUtil.java:httpServerTemplateForNNAndJN(1641)) - Starting Web-server for hddsDatanode at: http://0.0.0.0:0
2019-11-12 23:20:02,685 [main] INFO  server.AuthenticationFilter (AuthenticationFilter.java:constructSecretProvider(240)) - Unable to initialize FileSignerSecretProvider, falling back to use random secrets.
2019-11-12 23:20:02,686 [main] WARN  http.HttpRequestLog (HttpRequestLog.java:getRequestLog(97)) - Jetty request log can only be enabled using Log4j
2019-11-12 23:20:02,687 [main] INFO  http.HttpServer2 (HttpServer2.java:addGlobalFilter(975)) - Added global filter 'safety' (class=org.apache.hadoop.http.HttpServer2$QuotingInputFilter)
2019-11-12 23:20:02,688 [main] INFO  http.HttpServer2 (HttpServer2.java:addFilter(948)) - Added filter static_user_filter (class=org.apache.hadoop.http.lib.StaticUserWebFilter$StaticUserFilter) to context hddsDatanode
2019-11-12 23:20:02,688 [main] INFO  http.HttpServer2 (HttpServer2.java:addFilter(958)) - Added filter static_user_filter (class=org.apache.hadoop.http.lib.StaticUserWebFilter$StaticUserFilter) to context logs
2019-11-12 23:20:02,688 [main] INFO  http.HttpServer2 (HttpServer2.java:addFilter(958)) - Added filter static_user_filter (class=org.apache.hadoop.http.lib.StaticUserWebFilter$StaticUserFilter) to context static
2019-11-12 23:20:02,689 [main] INFO  http.HttpServer2 (HttpServer2.java:bindListener(1191)) - Jetty bound to port 39678
2019-11-12 23:20:02,689 [main] INFO  server.Server (Server.java:doStart(351)) - jetty-9.3.25.v20180904, build timestamp: 2018-09-04T21:11:46Z, git hash: 3ce520221d0240229c862b122d2b06c12a625732
2019-11-12 23:20:02,691 [main] INFO  handler.ContextHandler (ContextHandler.java:doStart(781)) - Started o.e.j.s.ServletContextHandler@7ddd84b5{/logs,file:///workdir/hadoop-ozone/integration-test/target/log,AVAILABLE}
2019-11-12 23:20:02,691 [main] INFO  handler.ContextHandler (ContextHandler.java:doStart(781)) - Started o.e.j.s.ServletContextHandler@d675f9f{/static,jar:file:/home/user/.m2/repository/org/apache/hadoop/hadoop-hdds-container-service/0.5.0-SNAPSHOT/hadoop-hdds-container-service-0.5.0-SNAPSHOT.jar!/webapps/static,AVAILABLE}
2019-11-12 23:20:02,723 [main] INFO  handler.ContextHandler (ContextHandler.java:doStart(781)) - Started o.e.j.w.WebAppContext@3aaa3c39{/,file:///tmp/jetty-0.0.0.0-39678-hddsDatanode-_-any-7077928623853058495.dir/webapp/,AVAILABLE}{/hddsDatanode}
2019-11-12 23:20:02,723 [main] INFO  server.AbstractConnector (AbstractConnector.java:doStart(278)) - Started ServerConnector@65a9ea3c{HTTP/1.1,[http/1.1]}{0.0.0.0:39678}
2019-11-12 23:20:02,725 [main] INFO  server.Server (Server.java:doStart(419)) - Started @52246ms
2019-11-12 23:20:02,725 [main] WARN  impl.MetricsSystemImpl (MetricsSystemImpl.java:register(276)) - Sink prometheus already exists!
2019-11-12 23:20:02,726 [main] INFO  server.BaseHttpServer (BaseHttpServer.java:updateConnectorAddress(215)) - HTTP server of HDDSDATANODE is listening at http://0.0.0.0:39678
2019-11-12 23:20:02,726 [main] INFO  impl.MetricsSystemImpl (MetricsSystemImpl.java:init(158)) - HddsDatanode metrics system started (again)
2019-11-12 23:20:02,729 [org.apache.hadoop.util.JvmPauseMonitor$Monitor@41eeeb64] INFO  util.JvmPauseMonitor (JvmPauseMonitor.java:run(188)) - Starting JVM pause monitor
2019-11-12 23:20:02,730 [main] INFO  ozone.HddsDatanodeService (HddsDatanodeService.java:start(186)) - HddsDatanodeService host:pr-hdds-2464-qsgcv-431919947 ip:192.168.164.209
2019-11-12 23:20:02,732 [Datanode State Machine Thread - 0] INFO  datanode.InitDatanodeState (InitDatanodeState.java:persistContainerDatanodeDetails(140)) - DatanodeDetails is persisted to /workdir/hadoop-ozone/integration-test/target/test-dir/MiniOzoneClusterImpl-526fdb7e-9c97-4370-88fe-75d8a071a2f3/datanode-0/meta/datanode.id
2019-11-12 23:20:02,738 [main] INFO  volume.HddsVolume (HddsVolume.java:<init>(176)) - Creating Volume: /workdir/hadoop-ozone/integration-test/target/test-dir/MiniOzoneClusterImpl-526fdb7e-9c97-4370-88fe-75d8a071a2f3/datanode-1/data/containers/hdds of  storage type : DISK and capacity : 1482555576320
2019-11-12 23:20:02,738 [main] INFO  volume.VolumeSet (VolumeSet.java:initializeVolumeSet(170)) - Added Volume : /workdir/hadoop-ozone/integration-test/target/test-dir/MiniOzoneClusterImpl-526fdb7e-9c97-4370-88fe-75d8a071a2f3/datanode-1/data/containers/hdds to VolumeSet
2019-11-12 23:20:02,739 [main] INFO  volume.ThrottledAsyncChecker (ThrottledAsyncChecker.java:schedule(141)) - Scheduling a check for /workdir/hadoop-ozone/integration-test/target/test-dir/MiniOzoneClusterImpl-526fdb7e-9c97-4370-88fe-75d8a071a2f3/datanode-1/data/containers/hdds
2019-11-12 23:20:02,739 [main] INFO  volume.HddsVolumeChecker (HddsVolumeChecker.java:checkAllVolumes(204)) - Scheduled health check for volume /workdir/hadoop-ozone/integration-test/target/test-dir/MiniOzoneClusterImpl-526fdb7e-9c97-4370-88fe-75d8a071a2f3/datanode-1/data/containers/hdds
2019-11-12 23:20:02,761 [main] INFO  impl.RaftServerProxy (ConfUtils.java:logGet(43)) - raft.rpc.type = GRPC (default)
2019-11-12 23:20:02,761 [main] INFO  grpc.GrpcFactory (GrpcFactory.java:checkPooledByteBufAllocatorUseCacheForAllThreads(45)) - PERFORMANCE WARNING: useCacheForAllThreads is true that may cause Netty to create a lot garbage objects and, as a result, trigger GC.
	It is recommended to disable useCacheForAllThreads by setting -Dorg.apache.ratis.thirdparty.io.netty.allocator.useCacheForAllThreads=false in command line.
2019-11-12 23:20:02,761 [main] INFO  grpc.GrpcConfigKeys$Server (ConfUtils.java:logGet(43)) - raft.grpc.server.port = 0 (default)
2019-11-12 23:20:02,761 [main] INFO  server.GrpcService (ConfUtils.java:logGet(43)) - raft.grpc.message.size.max = 33570816 (custom)
2019-11-12 23:20:02,762 [main] INFO  server.RaftServerConfigKeys (ConfUtils.java:logGet(43)) - raft.server.log.appender.buffer.byte-limit = 33554432 (custom)
2019-11-12 23:20:02,762 [main] INFO  server.GrpcService (ConfUtils.java:logGet(43)) - raft.grpc.flow.control.window = 1MB (=1048576) (default)
2019-11-12 23:20:02,762 [main] INFO  server.RaftServerConfigKeys (ConfUtils.java:logGet(43)) - raft.server.rpc.request.timeout = 3000ms (default)
2019-11-12 23:20:02,763 [main] INFO  server.RaftServerConfigKeys (ConfUtils.java:logGet(43)) - raft.server.storage.dir = [/workdir/hadoop-ozone/integration-test/target/test-dir/MiniOzoneClusterImpl-526fdb7e-9c97-4370-88fe-75d8a071a2f3/datanode-1/data/ratis] (custom)
2019-11-12 23:20:02,764 [main] INFO  hdfs.DFSUtil (DFSUtil.java:httpServerTemplateForNNAndJN(1641)) - Starting Web-server for hddsDatanode at: http://0.0.0.0:0
2019-11-12 23:20:02,766 [main] INFO  server.AuthenticationFilter (AuthenticationFilter.java:constructSecretProvider(240)) - Unable to initialize FileSignerSecretProvider, falling back to use random secrets.
2019-11-12 23:20:02,767 [main] WARN  http.HttpRequestLog (HttpRequestLog.java:getRequestLog(97)) - Jetty request log can only be enabled using Log4j
2019-11-12 23:20:02,769 [main] INFO  http.HttpServer2 (HttpServer2.java:addGlobalFilter(975)) - Added global filter 'safety' (class=org.apache.hadoop.http.HttpServer2$QuotingInputFilter)
2019-11-12 23:20:02,770 [main] INFO  http.HttpServer2 (HttpServer2.java:addFilter(948)) - Added filter static_user_filter (class=org.apache.hadoop.http.lib.StaticUserWebFilter$StaticUserFilter) to context hddsDatanode
2019-11-12 23:20:02,770 [main] INFO  http.HttpServer2 (HttpServer2.java:addFilter(958)) - Added filter static_user_filter (class=org.apache.hadoop.http.lib.StaticUserWebFilter$StaticUserFilter) to context logs
2019-11-12 23:20:02,770 [main] INFO  http.HttpServer2 (HttpServer2.java:addFilter(958)) - Added filter static_user_filter (class=org.apache.hadoop.http.lib.StaticUserWebFilter$StaticUserFilter) to context static
2019-11-12 23:20:02,771 [main] INFO  http.HttpServer2 (HttpServer2.java:bindListener(1191)) - Jetty bound to port 37082
2019-11-12 23:20:02,771 [main] INFO  server.Server (Server.java:doStart(351)) - jetty-9.3.25.v20180904, build timestamp: 2018-09-04T21:11:46Z, git hash: 3ce520221d0240229c862b122d2b06c12a625732
2019-11-12 23:20:02,774 [main] INFO  handler.ContextHandler (ContextHandler.java:doStart(781)) - Started o.e.j.s.ServletContextHandler@18b74ea{/logs,file:///workdir/hadoop-ozone/integration-test/target/log,AVAILABLE}
2019-11-12 23:20:02,774 [main] INFO  handler.ContextHandler (ContextHandler.java:doStart(781)) - Started o.e.j.s.ServletContextHandler@493da830{/static,jar:file:/home/user/.m2/repository/org/apache/hadoop/hadoop-hdds-container-service/0.5.0-SNAPSHOT/hadoop-hdds-container-service-0.5.0-SNAPSHOT.jar!/webapps/static,AVAILABLE}
2019-11-12 23:20:02,812 [main] INFO  handler.ContextHandler (ContextHandler.java:doStart(781)) - Started o.e.j.w.WebAppContext@322ba549{/,file:///tmp/jetty-0.0.0.0-37082-hddsDatanode-_-any-7846842251378561289.dir/webapp/,AVAILABLE}{/hddsDatanode}
2019-11-12 23:20:02,813 [main] INFO  server.AbstractConnector (AbstractConnector.java:doStart(278)) - Started ServerConnector@502a4156{HTTP/1.1,[http/1.1]}{0.0.0.0:37082}
2019-11-12 23:20:02,814 [main] INFO  server.Server (Server.java:doStart(419)) - Started @52335ms
2019-11-12 23:20:02,814 [main] WARN  impl.MetricsSystemImpl (MetricsSystemImpl.java:register(276)) - Sink prometheus already exists!
2019-11-12 23:20:02,815 [main] INFO  server.BaseHttpServer (BaseHttpServer.java:updateConnectorAddress(215)) - HTTP server of HDDSDATANODE is listening at http://0.0.0.0:37082
2019-11-12 23:20:02,815 [main] INFO  impl.MetricsSystemImpl (MetricsSystemImpl.java:init(158)) - HddsDatanode metrics system started (again)
2019-11-12 23:20:02,817 [org.apache.hadoop.util.JvmPauseMonitor$Monitor@8c29a65] INFO  util.JvmPauseMonitor (JvmPauseMonitor.java:run(188)) - Starting JVM pause monitor
2019-11-12 23:20:02,817 [main] INFO  ozone.HddsDatanodeService (HddsDatanodeService.java:start(186)) - HddsDatanodeService host:pr-hdds-2464-qsgcv-431919947 ip:192.168.164.209
2019-11-12 23:20:02,819 [Datanode State Machine Thread - 0] INFO  datanode.InitDatanodeState (InitDatanodeState.java:persistContainerDatanodeDetails(140)) - DatanodeDetails is persisted to /workdir/hadoop-ozone/integration-test/target/test-dir/MiniOzoneClusterImpl-526fdb7e-9c97-4370-88fe-75d8a071a2f3/datanode-1/meta/datanode.id
2019-11-12 23:20:02,824 [main] INFO  volume.HddsVolume (HddsVolume.java:<init>(176)) - Creating Volume: /workdir/hadoop-ozone/integration-test/target/test-dir/MiniOzoneClusterImpl-526fdb7e-9c97-4370-88fe-75d8a071a2f3/datanode-2/data/containers/hdds of  storage type : DISK and capacity : 1482555576320
2019-11-12 23:20:02,825 [main] INFO  volume.VolumeSet (VolumeSet.java:initializeVolumeSet(170)) - Added Volume : /workdir/hadoop-ozone/integration-test/target/test-dir/MiniOzoneClusterImpl-526fdb7e-9c97-4370-88fe-75d8a071a2f3/datanode-2/data/containers/hdds to VolumeSet
2019-11-12 23:20:02,825 [main] INFO  volume.ThrottledAsyncChecker (ThrottledAsyncChecker.java:schedule(141)) - Scheduling a check for /workdir/hadoop-ozone/integration-test/target/test-dir/MiniOzoneClusterImpl-526fdb7e-9c97-4370-88fe-75d8a071a2f3/datanode-2/data/containers/hdds
2019-11-12 23:20:02,825 [main] INFO  volume.HddsVolumeChecker (HddsVolumeChecker.java:checkAllVolumes(204)) - Scheduled health check for volume /workdir/hadoop-ozone/integration-test/target/test-dir/MiniOzoneClusterImpl-526fdb7e-9c97-4370-88fe-75d8a071a2f3/datanode-2/data/containers/hdds
2019-11-12 23:20:02,837 [main] INFO  impl.RaftServerProxy (ConfUtils.java:logGet(43)) - raft.rpc.type = GRPC (default)
2019-11-12 23:20:02,837 [main] INFO  grpc.GrpcFactory (GrpcFactory.java:checkPooledByteBufAllocatorUseCacheForAllThreads(45)) - PERFORMANCE WARNING: useCacheForAllThreads is true that may cause Netty to create a lot garbage objects and, as a result, trigger GC.
	It is recommended to disable useCacheForAllThreads by setting -Dorg.apache.ratis.thirdparty.io.netty.allocator.useCacheForAllThreads=false in command line.
2019-11-12 23:20:02,837 [main] INFO  grpc.GrpcConfigKeys$Server (ConfUtils.java:logGet(43)) - raft.grpc.server.port = 0 (default)
2019-11-12 23:20:02,838 [main] INFO  server.GrpcService (ConfUtils.java:logGet(43)) - raft.grpc.message.size.max = 33570816 (custom)
2019-11-12 23:20:02,838 [main] INFO  server.RaftServerConfigKeys (ConfUtils.java:logGet(43)) - raft.server.log.appender.buffer.byte-limit = 33554432 (custom)
2019-11-12 23:20:02,838 [main] INFO  server.GrpcService (ConfUtils.java:logGet(43)) - raft.grpc.flow.control.window = 1MB (=1048576) (default)
2019-11-12 23:20:02,838 [main] INFO  server.RaftServerConfigKeys (ConfUtils.java:logGet(43)) - raft.server.rpc.request.timeout = 3000ms (default)
2019-11-12 23:20:02,838 [main] INFO  server.RaftServerConfigKeys (ConfUtils.java:logGet(43)) - raft.server.storage.dir = [/workdir/hadoop-ozone/integration-test/target/test-dir/MiniOzoneClusterImpl-526fdb7e-9c97-4370-88fe-75d8a071a2f3/datanode-2/data/ratis] (custom)
2019-11-12 23:20:02,840 [main] INFO  hdfs.DFSUtil (DFSUtil.java:httpServerTemplateForNNAndJN(1641)) - Starting Web-server for hddsDatanode at: http://0.0.0.0:0
2019-11-12 23:20:02,841 [main] INFO  server.AuthenticationFilter (AuthenticationFilter.java:constructSecretProvider(240)) - Unable to initialize FileSignerSecretProvider, falling back to use random secrets.
2019-11-12 23:20:02,841 [main] WARN  http.HttpRequestLog (HttpRequestLog.java:getRequestLog(97)) - Jetty request log can only be enabled using Log4j
2019-11-12 23:20:02,843 [main] INFO  http.HttpServer2 (HttpServer2.java:addGlobalFilter(975)) - Added global filter 'safety' (class=org.apache.hadoop.http.HttpServer2$QuotingInputFilter)
2019-11-12 23:20:02,843 [main] INFO  http.HttpServer2 (HttpServer2.java:addFilter(948)) - Added filter static_user_filter (class=org.apache.hadoop.http.lib.StaticUserWebFilter$StaticUserFilter) to context hddsDatanode
2019-11-12 23:20:02,843 [main] INFO  http.HttpServer2 (HttpServer2.java:addFilter(958)) - Added filter static_user_filter (class=org.apache.hadoop.http.lib.StaticUserWebFilter$StaticUserFilter) to context logs
2019-11-12 23:20:02,843 [main] INFO  http.HttpServer2 (HttpServer2.java:addFilter(958)) - Added filter static_user_filter (class=org.apache.hadoop.http.lib.StaticUserWebFilter$StaticUserFilter) to context static
2019-11-12 23:20:02,844 [main] INFO  http.HttpServer2 (HttpServer2.java:bindListener(1191)) - Jetty bound to port 44171
2019-11-12 23:20:02,844 [main] INFO  server.Server (Server.java:doStart(351)) - jetty-9.3.25.v20180904, build timestamp: 2018-09-04T21:11:46Z, git hash: 3ce520221d0240229c862b122d2b06c12a625732
2019-11-12 23:20:02,846 [main] INFO  handler.ContextHandler (ContextHandler.java:doStart(781)) - Started o.e.j.s.ServletContextHandler@50eb4a2c{/logs,file:///workdir/hadoop-ozone/integration-test/target/log,AVAILABLE}
2019-11-12 23:20:02,846 [main] INFO  handler.ContextHandler (ContextHandler.java:doStart(781)) - Started o.e.j.s.ServletContextHandler@3069a360{/static,jar:file:/home/user/.m2/repository/org/apache/hadoop/hadoop-hdds-container-service/0.5.0-SNAPSHOT/hadoop-hdds-container-service-0.5.0-SNAPSHOT.jar!/webapps/static,AVAILABLE}
2019-11-12 23:20:02,875 [main] INFO  handler.ContextHandler (ContextHandler.java:doStart(781)) - Started o.e.j.w.WebAppContext@65cf4d6d{/,file:///tmp/jetty-0.0.0.0-44171-hddsDatanode-_-any-5100259114982120501.dir/webapp/,AVAILABLE}{/hddsDatanode}
2019-11-12 23:20:02,875 [main] INFO  server.AbstractConnector (AbstractConnector.java:doStart(278)) - Started ServerConnector@1b410308{HTTP/1.1,[http/1.1]}{0.0.0.0:44171}
2019-11-12 23:20:02,876 [main] INFO  server.Server (Server.java:doStart(419)) - Started @52398ms
2019-11-12 23:20:02,876 [main] WARN  impl.MetricsSystemImpl (MetricsSystemImpl.java:register(276)) - Sink prometheus already exists!
2019-11-12 23:20:02,877 [main] INFO  server.BaseHttpServer (BaseHttpServer.java:updateConnectorAddress(215)) - HTTP server of HDDSDATANODE is listening at http://0.0.0.0:44171
2019-11-12 23:20:02,877 [main] INFO  impl.MetricsSystemImpl (MetricsSystemImpl.java:init(158)) - HddsDatanode metrics system started (again)
2019-11-12 23:20:02,880 [main] INFO  ozone.HddsDatanodeService (HddsDatanodeService.java:start(186)) - HddsDatanodeService host:pr-hdds-2464-qsgcv-431919947 ip:192.168.164.209
2019-11-12 23:20:02,880 [org.apache.hadoop.util.JvmPauseMonitor$Monitor@733ffba2] INFO  util.JvmPauseMonitor (JvmPauseMonitor.java:run(188)) - Starting JVM pause monitor
2019-11-12 23:20:02,882 [Datanode State Machine Thread - 0] INFO  datanode.InitDatanodeState (InitDatanodeState.java:persistContainerDatanodeDetails(140)) - DatanodeDetails is persisted to /workdir/hadoop-ozone/integration-test/target/test-dir/MiniOzoneClusterImpl-526fdb7e-9c97-4370-88fe-75d8a071a2f3/datanode-2/meta/datanode.id
2019-11-12 23:20:02,885 [main] INFO  volume.HddsVolume (HddsVolume.java:<init>(176)) - Creating Volume: /workdir/hadoop-ozone/integration-test/target/test-dir/MiniOzoneClusterImpl-526fdb7e-9c97-4370-88fe-75d8a071a2f3/datanode-3/data/containers/hdds of  storage type : DISK and capacity : 1482555576320
2019-11-12 23:20:02,886 [main] INFO  volume.VolumeSet (VolumeSet.java:initializeVolumeSet(170)) - Added Volume : /workdir/hadoop-ozone/integration-test/target/test-dir/MiniOzoneClusterImpl-526fdb7e-9c97-4370-88fe-75d8a071a2f3/datanode-3/data/containers/hdds to VolumeSet
2019-11-12 23:20:02,886 [main] INFO  volume.ThrottledAsyncChecker (ThrottledAsyncChecker.java:schedule(141)) - Scheduling a check for /workdir/hadoop-ozone/integration-test/target/test-dir/MiniOzoneClusterImpl-526fdb7e-9c97-4370-88fe-75d8a071a2f3/datanode-3/data/containers/hdds
2019-11-12 23:20:02,886 [main] INFO  volume.HddsVolumeChecker (HddsVolumeChecker.java:checkAllVolumes(204)) - Scheduled health check for volume /workdir/hadoop-ozone/integration-test/target/test-dir/MiniOzoneClusterImpl-526fdb7e-9c97-4370-88fe-75d8a071a2f3/datanode-3/data/containers/hdds
2019-11-12 23:20:02,898 [main] INFO  impl.RaftServerProxy (ConfUtils.java:logGet(43)) - raft.rpc.type = GRPC (default)
2019-11-12 23:20:02,898 [main] INFO  grpc.GrpcFactory (GrpcFactory.java:checkPooledByteBufAllocatorUseCacheForAllThreads(45)) - PERFORMANCE WARNING: useCacheForAllThreads is true that may cause Netty to create a lot garbage objects and, as a result, trigger GC.
	It is recommended to disable useCacheForAllThreads by setting -Dorg.apache.ratis.thirdparty.io.netty.allocator.useCacheForAllThreads=false in command line.
2019-11-12 23:20:02,898 [main] INFO  grpc.GrpcConfigKeys$Server (ConfUtils.java:logGet(43)) - raft.grpc.server.port = 0 (default)
2019-11-12 23:20:02,898 [main] INFO  server.GrpcService (ConfUtils.java:logGet(43)) - raft.grpc.message.size.max = 33570816 (custom)
2019-11-12 23:20:02,898 [main] INFO  server.RaftServerConfigKeys (ConfUtils.java:logGet(43)) - raft.server.log.appender.buffer.byte-limit = 33554432 (custom)
2019-11-12 23:20:02,898 [main] INFO  server.GrpcService (ConfUtils.java:logGet(43)) - raft.grpc.flow.control.window = 1MB (=1048576) (default)
2019-11-12 23:20:02,899 [main] INFO  server.RaftServerConfigKeys (ConfUtils.java:logGet(43)) - raft.server.rpc.request.timeout = 3000ms (default)
2019-11-12 23:20:02,899 [main] INFO  server.RaftServerConfigKeys (ConfUtils.java:logGet(43)) - raft.server.storage.dir = [/workdir/hadoop-ozone/integration-test/target/test-dir/MiniOzoneClusterImpl-526fdb7e-9c97-4370-88fe-75d8a071a2f3/datanode-3/data/ratis] (custom)
2019-11-12 23:20:02,901 [main] INFO  hdfs.DFSUtil (DFSUtil.java:httpServerTemplateForNNAndJN(1641)) - Starting Web-server for hddsDatanode at: http://0.0.0.0:0
2019-11-12 23:20:02,902 [main] INFO  server.AuthenticationFilter (AuthenticationFilter.java:constructSecretProvider(240)) - Unable to initialize FileSignerSecretProvider, falling back to use random secrets.
2019-11-12 23:20:02,903 [main] WARN  http.HttpRequestLog (HttpRequestLog.java:getRequestLog(97)) - Jetty request log can only be enabled using Log4j
2019-11-12 23:20:02,905 [main] INFO  http.HttpServer2 (HttpServer2.java:addGlobalFilter(975)) - Added global filter 'safety' (class=org.apache.hadoop.http.HttpServer2$QuotingInputFilter)
2019-11-12 23:20:02,906 [main] INFO  http.HttpServer2 (HttpServer2.java:addFilter(948)) - Added filter static_user_filter (class=org.apache.hadoop.http.lib.StaticUserWebFilter$StaticUserFilter) to context hddsDatanode
2019-11-12 23:20:02,906 [main] INFO  http.HttpServer2 (HttpServer2.java:addFilter(958)) - Added filter static_user_filter (class=org.apache.hadoop.http.lib.StaticUserWebFilter$StaticUserFilter) to context logs
2019-11-12 23:20:02,906 [main] INFO  http.HttpServer2 (HttpServer2.java:addFilter(958)) - Added filter static_user_filter (class=org.apache.hadoop.http.lib.StaticUserWebFilter$StaticUserFilter) to context static
2019-11-12 23:20:02,907 [main] INFO  http.HttpServer2 (HttpServer2.java:bindListener(1191)) - Jetty bound to port 36409
2019-11-12 23:20:02,907 [main] INFO  server.Server (Server.java:doStart(351)) - jetty-9.3.25.v20180904, build timestamp: 2018-09-04T21:11:46Z, git hash: 3ce520221d0240229c862b122d2b06c12a625732
2019-11-12 23:20:02,909 [main] INFO  handler.ContextHandler (ContextHandler.java:doStart(781)) - Started o.e.j.s.ServletContextHandler@18a19e{/logs,file:///workdir/hadoop-ozone/integration-test/target/log,AVAILABLE}
2019-11-12 23:20:02,910 [main] INFO  handler.ContextHandler (ContextHandler.java:doStart(781)) - Started o.e.j.s.ServletContextHandler@2e13f304{/static,jar:file:/home/user/.m2/repository/org/apache/hadoop/hadoop-hdds-container-service/0.5.0-SNAPSHOT/hadoop-hdds-container-service-0.5.0-SNAPSHOT.jar!/webapps/static,AVAILABLE}
2019-11-12 23:20:02,953 [main] INFO  handler.ContextHandler (ContextHandler.java:doStart(781)) - Started o.e.j.w.WebAppContext@769bd849{/,file:///tmp/jetty-0.0.0.0-36409-hddsDatanode-_-any-6069572039814318275.dir/webapp/,AVAILABLE}{/hddsDatanode}
2019-11-12 23:20:02,953 [main] INFO  server.AbstractConnector (AbstractConnector.java:doStart(278)) - Started ServerConnector@101ca8da{HTTP/1.1,[http/1.1]}{0.0.0.0:36409}
2019-11-12 23:20:02,954 [main] INFO  server.Server (Server.java:doStart(419)) - Started @52476ms
2019-11-12 23:20:02,955 [main] WARN  impl.MetricsSystemImpl (MetricsSystemImpl.java:register(276)) - Sink prometheus already exists!
2019-11-12 23:20:02,956 [main] INFO  server.BaseHttpServer (BaseHttpServer.java:updateConnectorAddress(215)) - HTTP server of HDDSDATANODE is listening at http://0.0.0.0:36409
2019-11-12 23:20:02,956 [main] INFO  impl.MetricsSystemImpl (MetricsSystemImpl.java:init(158)) - HddsDatanode metrics system started (again)
2019-11-12 23:20:02,959 [main] INFO  ozone.HddsDatanodeService (HddsDatanodeService.java:start(186)) - HddsDatanodeService host:pr-hdds-2464-qsgcv-431919947 ip:192.168.164.209
2019-11-12 23:20:02,959 [org.apache.hadoop.util.JvmPauseMonitor$Monitor@590c4a20] INFO  util.JvmPauseMonitor (JvmPauseMonitor.java:run(188)) - Starting JVM pause monitor
2019-11-12 23:20:02,961 [Datanode State Machine Thread - 0] INFO  datanode.InitDatanodeState (InitDatanodeState.java:persistContainerDatanodeDetails(140)) - DatanodeDetails is persisted to /workdir/hadoop-ozone/integration-test/target/test-dir/MiniOzoneClusterImpl-526fdb7e-9c97-4370-88fe-75d8a071a2f3/datanode-3/meta/datanode.id
2019-11-12 23:20:02,966 [main] INFO  volume.HddsVolume (HddsVolume.java:<init>(176)) - Creating Volume: /workdir/hadoop-ozone/integration-test/target/test-dir/MiniOzoneClusterImpl-526fdb7e-9c97-4370-88fe-75d8a071a2f3/datanode-4/data/containers/hdds of  storage type : DISK and capacity : 1482555576320
2019-11-12 23:20:02,967 [main] INFO  volume.VolumeSet (VolumeSet.java:initializeVolumeSet(170)) - Added Volume : /workdir/hadoop-ozone/integration-test/target/test-dir/MiniOzoneClusterImpl-526fdb7e-9c97-4370-88fe-75d8a071a2f3/datanode-4/data/containers/hdds to VolumeSet
2019-11-12 23:20:02,967 [main] INFO  volume.ThrottledAsyncChecker (ThrottledAsyncChecker.java:schedule(141)) - Scheduling a check for /workdir/hadoop-ozone/integration-test/target/test-dir/MiniOzoneClusterImpl-526fdb7e-9c97-4370-88fe-75d8a071a2f3/datanode-4/data/containers/hdds
2019-11-12 23:20:02,967 [main] INFO  volume.HddsVolumeChecker (HddsVolumeChecker.java:checkAllVolumes(204)) - Scheduled health check for volume /workdir/hadoop-ozone/integration-test/target/test-dir/MiniOzoneClusterImpl-526fdb7e-9c97-4370-88fe-75d8a071a2f3/datanode-4/data/containers/hdds
2019-11-12 23:20:02,980 [main] INFO  impl.RaftServerProxy (ConfUtils.java:logGet(43)) - raft.rpc.type = GRPC (default)
2019-11-12 23:20:02,980 [main] INFO  grpc.GrpcFactory (GrpcFactory.java:checkPooledByteBufAllocatorUseCacheForAllThreads(45)) - PERFORMANCE WARNING: useCacheForAllThreads is true that may cause Netty to create a lot garbage objects and, as a result, trigger GC.
	It is recommended to disable useCacheForAllThreads by setting -Dorg.apache.ratis.thirdparty.io.netty.allocator.useCacheForAllThreads=false in command line.
2019-11-12 23:20:02,980 [main] INFO  grpc.GrpcConfigKeys$Server (ConfUtils.java:logGet(43)) - raft.grpc.server.port = 0 (default)
2019-11-12 23:20:02,981 [main] INFO  server.GrpcService (ConfUtils.java:logGet(43)) - raft.grpc.message.size.max = 33570816 (custom)
2019-11-12 23:20:02,981 [main] INFO  server.RaftServerConfigKeys (ConfUtils.java:logGet(43)) - raft.server.log.appender.buffer.byte-limit = 33554432 (custom)
2019-11-12 23:20:02,981 [main] INFO  server.GrpcService (ConfUtils.java:logGet(43)) - raft.grpc.flow.control.window = 1MB (=1048576) (default)
2019-11-12 23:20:02,981 [main] INFO  server.RaftServerConfigKeys (ConfUtils.java:logGet(43)) - raft.server.rpc.request.timeout = 3000ms (default)
2019-11-12 23:20:02,982 [main] INFO  server.RaftServerConfigKeys (ConfUtils.java:logGet(43)) - raft.server.storage.dir = [/workdir/hadoop-ozone/integration-test/target/test-dir/MiniOzoneClusterImpl-526fdb7e-9c97-4370-88fe-75d8a071a2f3/datanode-4/data/ratis] (custom)
2019-11-12 23:20:02,983 [main] INFO  hdfs.DFSUtil (DFSUtil.java:httpServerTemplateForNNAndJN(1641)) - Starting Web-server for hddsDatanode at: http://0.0.0.0:0
2019-11-12 23:20:02,984 [main] INFO  server.AuthenticationFilter (AuthenticationFilter.java:constructSecretProvider(240)) - Unable to initialize FileSignerSecretProvider, falling back to use random secrets.
2019-11-12 23:20:02,985 [main] WARN  http.HttpRequestLog (HttpRequestLog.java:getRequestLog(97)) - Jetty request log can only be enabled using Log4j
2019-11-12 23:20:02,986 [main] INFO  http.HttpServer2 (HttpServer2.java:addGlobalFilter(975)) - Added global filter 'safety' (class=org.apache.hadoop.http.HttpServer2$QuotingInputFilter)
2019-11-12 23:20:02,987 [main] INFO  http.HttpServer2 (HttpServer2.java:addFilter(948)) - Added filter static_user_filter (class=org.apache.hadoop.http.lib.StaticUserWebFilter$StaticUserFilter) to context hddsDatanode
2019-11-12 23:20:02,987 [main] INFO  http.HttpServer2 (HttpServer2.java:addFilter(958)) - Added filter static_user_filter (class=org.apache.hadoop.http.lib.StaticUserWebFilter$StaticUserFilter) to context logs
2019-11-12 23:20:02,987 [main] INFO  http.HttpServer2 (HttpServer2.java:addFilter(958)) - Added filter static_user_filter (class=org.apache.hadoop.http.lib.StaticUserWebFilter$StaticUserFilter) to context static
2019-11-12 23:20:02,987 [main] INFO  http.HttpServer2 (HttpServer2.java:bindListener(1191)) - Jetty bound to port 41340
2019-11-12 23:20:02,988 [main] INFO  server.Server (Server.java:doStart(351)) - jetty-9.3.25.v20180904, build timestamp: 2018-09-04T21:11:46Z, git hash: 3ce520221d0240229c862b122d2b06c12a625732
2019-11-12 23:20:02,989 [main] INFO  handler.ContextHandler (ContextHandler.java:doStart(781)) - Started o.e.j.s.ServletContextHandler@32bb0072{/logs,file:///workdir/hadoop-ozone/integration-test/target/log,AVAILABLE}
2019-11-12 23:20:02,990 [main] INFO  handler.ContextHandler (ContextHandler.java:doStart(781)) - Started o.e.j.s.ServletContextHandler@427a12b6{/static,jar:file:/home/user/.m2/repository/org/apache/hadoop/hadoop-hdds-container-service/0.5.0-SNAPSHOT/hadoop-hdds-container-service-0.5.0-SNAPSHOT.jar!/webapps/static,AVAILABLE}
2019-11-12 23:20:03,019 [main] INFO  handler.ContextHandler (ContextHandler.java:doStart(781)) - Started o.e.j.w.WebAppContext@4a8ffd75{/,file:///tmp/jetty-0.0.0.0-41340-hddsDatanode-_-any-3031007744188114985.dir/webapp/,AVAILABLE}{/hddsDatanode}
2019-11-12 23:20:03,019 [main] INFO  server.AbstractConnector (AbstractConnector.java:doStart(278)) - Started ServerConnector@1727e03a{HTTP/1.1,[http/1.1]}{0.0.0.0:41340}
2019-11-12 23:20:03,020 [main] INFO  server.Server (Server.java:doStart(419)) - Started @52542ms
2019-11-12 23:20:03,020 [main] WARN  impl.MetricsSystemImpl (MetricsSystemImpl.java:register(276)) - Sink prometheus already exists!
2019-11-12 23:20:03,021 [main] INFO  server.BaseHttpServer (BaseHttpServer.java:updateConnectorAddress(215)) - HTTP server of HDDSDATANODE is listening at http://0.0.0.0:41340
2019-11-12 23:20:03,022 [main] INFO  impl.MetricsSystemImpl (MetricsSystemImpl.java:init(158)) - HddsDatanode metrics system started (again)
2019-11-12 23:20:03,026 [org.apache.hadoop.util.JvmPauseMonitor$Monitor@2e1f248b] INFO  util.JvmPauseMonitor (JvmPauseMonitor.java:run(188)) - Starting JVM pause monitor
2019-11-12 23:20:03,026 [main] INFO  ozone.HddsDatanodeService (HddsDatanodeService.java:start(186)) - HddsDatanodeService host:pr-hdds-2464-qsgcv-431919947 ip:192.168.164.209
2019-11-12 23:20:03,027 [Datanode State Machine Thread - 0] INFO  datanode.InitDatanodeState (InitDatanodeState.java:persistContainerDatanodeDetails(140)) - DatanodeDetails is persisted to /workdir/hadoop-ozone/integration-test/target/test-dir/MiniOzoneClusterImpl-526fdb7e-9c97-4370-88fe-75d8a071a2f3/datanode-4/meta/datanode.id
2019-11-12 23:20:03,035 [main] INFO  volume.HddsVolume (HddsVolume.java:<init>(176)) - Creating Volume: /workdir/hadoop-ozone/integration-test/target/test-dir/MiniOzoneClusterImpl-526fdb7e-9c97-4370-88fe-75d8a071a2f3/datanode-5/data/containers/hdds of  storage type : DISK and capacity : 1482555576320
2019-11-12 23:20:03,035 [main] INFO  volume.VolumeSet (VolumeSet.java:initializeVolumeSet(170)) - Added Volume : /workdir/hadoop-ozone/integration-test/target/test-dir/MiniOzoneClusterImpl-526fdb7e-9c97-4370-88fe-75d8a071a2f3/datanode-5/data/containers/hdds to VolumeSet
2019-11-12 23:20:03,035 [main] INFO  volume.ThrottledAsyncChecker (ThrottledAsyncChecker.java:schedule(141)) - Scheduling a check for /workdir/hadoop-ozone/integration-test/target/test-dir/MiniOzoneClusterImpl-526fdb7e-9c97-4370-88fe-75d8a071a2f3/datanode-5/data/containers/hdds
2019-11-12 23:20:03,036 [main] INFO  volume.HddsVolumeChecker (HddsVolumeChecker.java:checkAllVolumes(204)) - Scheduled health check for volume /workdir/hadoop-ozone/integration-test/target/test-dir/MiniOzoneClusterImpl-526fdb7e-9c97-4370-88fe-75d8a071a2f3/datanode-5/data/containers/hdds
2019-11-12 23:20:03,056 [main] INFO  impl.RaftServerProxy (ConfUtils.java:logGet(43)) - raft.rpc.type = GRPC (default)
2019-11-12 23:20:03,056 [main] INFO  grpc.GrpcFactory (GrpcFactory.java:checkPooledByteBufAllocatorUseCacheForAllThreads(45)) - PERFORMANCE WARNING: useCacheForAllThreads is true that may cause Netty to create a lot garbage objects and, as a result, trigger GC.
	It is recommended to disable useCacheForAllThreads by setting -Dorg.apache.ratis.thirdparty.io.netty.allocator.useCacheForAllThreads=false in command line.
2019-11-12 23:20:03,057 [main] INFO  grpc.GrpcConfigKeys$Server (ConfUtils.java:logGet(43)) - raft.grpc.server.port = 0 (default)
2019-11-12 23:20:03,057 [main] INFO  server.GrpcService (ConfUtils.java:logGet(43)) - raft.grpc.message.size.max = 33570816 (custom)
2019-11-12 23:20:03,057 [main] INFO  server.RaftServerConfigKeys (ConfUtils.java:logGet(43)) - raft.server.log.appender.buffer.byte-limit = 33554432 (custom)
2019-11-12 23:20:03,058 [main] INFO  server.GrpcService (ConfUtils.java:logGet(43)) - raft.grpc.flow.control.window = 1MB (=1048576) (default)
2019-11-12 23:20:03,058 [main] INFO  server.RaftServerConfigKeys (ConfUtils.java:logGet(43)) - raft.server.rpc.request.timeout = 3000ms (default)
2019-11-12 23:20:03,059 [main] INFO  server.RaftServerConfigKeys (ConfUtils.java:logGet(43)) - raft.server.storage.dir = [/workdir/hadoop-ozone/integration-test/target/test-dir/MiniOzoneClusterImpl-526fdb7e-9c97-4370-88fe-75d8a071a2f3/datanode-5/data/ratis] (custom)
2019-11-12 23:20:03,063 [main] INFO  hdfs.DFSUtil (DFSUtil.java:httpServerTemplateForNNAndJN(1641)) - Starting Web-server for hddsDatanode at: http://0.0.0.0:0
2019-11-12 23:20:03,065 [main] INFO  server.AuthenticationFilter (AuthenticationFilter.java:constructSecretProvider(240)) - Unable to initialize FileSignerSecretProvider, falling back to use random secrets.
2019-11-12 23:20:03,065 [main] WARN  http.HttpRequestLog (HttpRequestLog.java:getRequestLog(97)) - Jetty request log can only be enabled using Log4j
2019-11-12 23:20:03,067 [main] INFO  http.HttpServer2 (HttpServer2.java:addGlobalFilter(975)) - Added global filter 'safety' (class=org.apache.hadoop.http.HttpServer2$QuotingInputFilter)
2019-11-12 23:20:03,068 [main] INFO  http.HttpServer2 (HttpServer2.java:addFilter(948)) - Added filter static_user_filter (class=org.apache.hadoop.http.lib.StaticUserWebFilter$StaticUserFilter) to context hddsDatanode
2019-11-12 23:20:03,068 [main] INFO  http.HttpServer2 (HttpServer2.java:addFilter(958)) - Added filter static_user_filter (class=org.apache.hadoop.http.lib.StaticUserWebFilter$StaticUserFilter) to context static
2019-11-12 23:20:03,068 [main] INFO  http.HttpServer2 (HttpServer2.java:addFilter(958)) - Added filter static_user_filter (class=org.apache.hadoop.http.lib.StaticUserWebFilter$StaticUserFilter) to context logs
2019-11-12 23:20:03,069 [main] INFO  http.HttpServer2 (HttpServer2.java:bindListener(1191)) - Jetty bound to port 42662
2019-11-12 23:20:03,069 [main] INFO  server.Server (Server.java:doStart(351)) - jetty-9.3.25.v20180904, build timestamp: 2018-09-04T21:11:46Z, git hash: 3ce520221d0240229c862b122d2b06c12a625732
2019-11-12 23:20:03,072 [main] INFO  handler.ContextHandler (ContextHandler.java:doStart(781)) - Started o.e.j.s.ServletContextHandler@388d14e{/logs,file:///workdir/hadoop-ozone/integration-test/target/log,AVAILABLE}
2019-11-12 23:20:03,072 [main] INFO  handler.ContextHandler (ContextHandler.java:doStart(781)) - Started o.e.j.s.ServletContextHandler@59939293{/static,jar:file:/home/user/.m2/repository/org/apache/hadoop/hadoop-hdds-container-service/0.5.0-SNAPSHOT/hadoop-hdds-container-service-0.5.0-SNAPSHOT.jar!/webapps/static,AVAILABLE}
2019-11-12 23:20:03,121 [main] INFO  handler.ContextHandler (ContextHandler.java:doStart(781)) - Started o.e.j.w.WebAppContext@69909c14{/,file:///tmp/jetty-0.0.0.0-42662-hddsDatanode-_-any-4824822924817859624.dir/webapp/,AVAILABLE}{/hddsDatanode}
2019-11-12 23:20:03,121 [main] INFO  server.AbstractConnector (AbstractConnector.java:doStart(278)) - Started ServerConnector@5d3b58ca{HTTP/1.1,[http/1.1]}{0.0.0.0:42662}
2019-11-12 23:20:03,122 [main] INFO  server.Server (Server.java:doStart(419)) - Started @52644ms
2019-11-12 23:20:03,123 [main] WARN  impl.MetricsSystemImpl (MetricsSystemImpl.java:register(276)) - Sink prometheus already exists!
2019-11-12 23:20:03,124 [main] INFO  server.BaseHttpServer (BaseHttpServer.java:updateConnectorAddress(215)) - HTTP server of HDDSDATANODE is listening at http://0.0.0.0:42662
2019-11-12 23:20:03,125 [main] INFO  ozone.MiniOzoneClusterImpl (MiniOzoneClusterImpl.java:lambda$waitForClusterToBeReady$2(171)) - Waiting for cluster to be ready. Got 0 of 6 DN Heartbeats.
2019-11-12 23:20:03,126 [org.apache.hadoop.util.JvmPauseMonitor$Monitor@1b15ea67] INFO  util.JvmPauseMonitor (JvmPauseMonitor.java:run(188)) - Starting JVM pause monitor
2019-11-12 23:20:03,129 [Datanode State Machine Thread - 0] INFO  datanode.InitDatanodeState (InitDatanodeState.java:persistContainerDatanodeDetails(140)) - DatanodeDetails is persisted to /workdir/hadoop-ozone/integration-test/target/test-dir/MiniOzoneClusterImpl-526fdb7e-9c97-4370-88fe-75d8a071a2f3/datanode-5/meta/datanode.id
2019-11-12 23:20:04,125 [main] INFO  ozone.MiniOzoneClusterImpl (MiniOzoneClusterImpl.java:lambda$waitForClusterToBeReady$2(171)) - Waiting for cluster to be ready. Got 0 of 6 DN Heartbeats.
2019-11-12 23:20:04,774 [Datanode State Machine Thread - 0] INFO  ozoneimpl.OzoneContainer (OzoneContainer.java:start(230)) - Attempting to start container services.
2019-11-12 23:20:04,774 [Datanode State Machine Thread - 0] INFO  ozoneimpl.OzoneContainer (OzoneContainer.java:startContainerScrub(194)) - Background container scanner has been disabled.
2019-11-12 23:20:04,775 [Datanode State Machine Thread - 0] INFO  ratis.XceiverServerRatis (XceiverServerRatis.java:start(421)) - Starting XceiverServerRatis b7cd9551-1bd0-408f-a1aa-df7bdc8ebd77 at port 0
2019-11-12 23:20:04,782 [Datanode State Machine Thread - 0] INFO  impl.RaftServerProxy (RaftServerProxy.java:lambda$start$3(299)) - b7cd9551-1bd0-408f-a1aa-df7bdc8ebd77: start RPC server
2019-11-12 23:20:04,785 [Datanode State Machine Thread - 0] INFO  server.GrpcService (GrpcService.java:startImpl(158)) - b7cd9551-1bd0-408f-a1aa-df7bdc8ebd77: GrpcService started, listening on 0.0.0.0/0.0.0.0:36523
2019-11-12 23:20:04,786 [Datanode State Machine Thread - 0] INFO  ratis.XceiverServerRatis (XceiverServerRatis.java:start(431)) - XceiverServerRatis b7cd9551-1bd0-408f-a1aa-df7bdc8ebd77 is started using port 36523
2019-11-12 23:20:04,786 [Datanode State Machine Thread - 0] INFO  server.XceiverServerGrpc (XceiverServerGrpc.java:start(145)) - XceiverServerGrpc b7cd9551-1bd0-408f-a1aa-df7bdc8ebd77 is started using port 36169
2019-11-12 23:20:04,823 [Datanode State Machine Thread - 0] INFO  ozoneimpl.OzoneContainer (OzoneContainer.java:start(230)) - Attempting to start container services.
2019-11-12 23:20:04,823 [Datanode State Machine Thread - 0] INFO  ozoneimpl.OzoneContainer (OzoneContainer.java:startContainerScrub(194)) - Background container scanner has been disabled.
2019-11-12 23:20:04,823 [Datanode State Machine Thread - 0] INFO  ratis.XceiverServerRatis (XceiverServerRatis.java:start(421)) - Starting XceiverServerRatis 0abad138-b24b-47c7-afcb-ebb08d39de0a at port 0
2019-11-12 23:20:04,830 [Datanode State Machine Thread - 0] INFO  impl.RaftServerProxy (RaftServerProxy.java:lambda$start$3(299)) - 0abad138-b24b-47c7-afcb-ebb08d39de0a: start RPC server
2019-11-12 23:20:04,831 [Datanode State Machine Thread - 0] INFO  server.GrpcService (GrpcService.java:startImpl(158)) - 0abad138-b24b-47c7-afcb-ebb08d39de0a: GrpcService started, listening on 0.0.0.0/0.0.0.0:35002
2019-11-12 23:20:04,832 [Datanode State Machine Thread - 0] INFO  ratis.XceiverServerRatis (XceiverServerRatis.java:start(431)) - XceiverServerRatis 0abad138-b24b-47c7-afcb-ebb08d39de0a is started using port 35002
2019-11-12 23:20:04,832 [Datanode State Machine Thread - 0] INFO  server.XceiverServerGrpc (XceiverServerGrpc.java:start(145)) - XceiverServerGrpc 0abad138-b24b-47c7-afcb-ebb08d39de0a is started using port 45679
2019-11-12 23:20:04,896 [Datanode State Machine Thread - 0] INFO  ozoneimpl.OzoneContainer (OzoneContainer.java:start(230)) - Attempting to start container services.
2019-11-12 23:20:04,897 [Datanode State Machine Thread - 0] INFO  ozoneimpl.OzoneContainer (OzoneContainer.java:startContainerScrub(194)) - Background container scanner has been disabled.
2019-11-12 23:20:04,897 [Datanode State Machine Thread - 0] INFO  ratis.XceiverServerRatis (XceiverServerRatis.java:start(421)) - Starting XceiverServerRatis 80837678-b947-4bce-b966-fc20c0dfbdbf at port 0
2019-11-12 23:20:04,902 [Datanode State Machine Thread - 0] INFO  impl.RaftServerProxy (RaftServerProxy.java:lambda$start$3(299)) - 80837678-b947-4bce-b966-fc20c0dfbdbf: start RPC server
2019-11-12 23:20:04,904 [Datanode State Machine Thread - 0] INFO  server.GrpcService (GrpcService.java:startImpl(158)) - 80837678-b947-4bce-b966-fc20c0dfbdbf: GrpcService started, listening on 0.0.0.0/0.0.0.0:33427
2019-11-12 23:20:04,905 [Datanode State Machine Thread - 0] INFO  ratis.XceiverServerRatis (XceiverServerRatis.java:start(431)) - XceiverServerRatis 80837678-b947-4bce-b966-fc20c0dfbdbf is started using port 33427
2019-11-12 23:20:04,905 [Datanode State Machine Thread - 0] INFO  server.XceiverServerGrpc (XceiverServerGrpc.java:start(145)) - XceiverServerGrpc 80837678-b947-4bce-b966-fc20c0dfbdbf is started using port 38636
2019-11-12 23:20:04,973 [Datanode State Machine Thread - 0] INFO  ozoneimpl.OzoneContainer (OzoneContainer.java:start(230)) - Attempting to start container services.
2019-11-12 23:20:04,973 [Datanode State Machine Thread - 0] INFO  ozoneimpl.OzoneContainer (OzoneContainer.java:startContainerScrub(194)) - Background container scanner has been disabled.
2019-11-12 23:20:04,973 [Datanode State Machine Thread - 0] INFO  ratis.XceiverServerRatis (XceiverServerRatis.java:start(421)) - Starting XceiverServerRatis 42d95ea6-05d3-4ca4-82ca-ed08e1855e99 at port 0
2019-11-12 23:20:04,980 [Datanode State Machine Thread - 0] INFO  impl.RaftServerProxy (RaftServerProxy.java:lambda$start$3(299)) - 42d95ea6-05d3-4ca4-82ca-ed08e1855e99: start RPC server
2019-11-12 23:20:04,981 [Datanode State Machine Thread - 0] INFO  server.GrpcService (GrpcService.java:startImpl(158)) - 42d95ea6-05d3-4ca4-82ca-ed08e1855e99: GrpcService started, listening on 0.0.0.0/0.0.0.0:39395
2019-11-12 23:20:04,981 [Datanode State Machine Thread - 0] INFO  ratis.XceiverServerRatis (XceiverServerRatis.java:start(431)) - XceiverServerRatis 42d95ea6-05d3-4ca4-82ca-ed08e1855e99 is started using port 39395
2019-11-12 23:20:04,983 [Datanode State Machine Thread - 0] INFO  server.XceiverServerGrpc (XceiverServerGrpc.java:start(145)) - XceiverServerGrpc 42d95ea6-05d3-4ca4-82ca-ed08e1855e99 is started using port 42153
2019-11-12 23:20:05,040 [Datanode State Machine Thread - 0] INFO  ozoneimpl.OzoneContainer (OzoneContainer.java:start(230)) - Attempting to start container services.
2019-11-12 23:20:05,040 [Datanode State Machine Thread - 0] INFO  ozoneimpl.OzoneContainer (OzoneContainer.java:startContainerScrub(194)) - Background container scanner has been disabled.
2019-11-12 23:20:05,040 [Datanode State Machine Thread - 0] INFO  ratis.XceiverServerRatis (XceiverServerRatis.java:start(421)) - Starting XceiverServerRatis d20ba3f6-e96e-4597-ba1c-bac940786bea at port 0
2019-11-12 23:20:05,057 [Datanode State Machine Thread - 0] INFO  impl.RaftServerProxy (RaftServerProxy.java:lambda$start$3(299)) - d20ba3f6-e96e-4597-ba1c-bac940786bea: start RPC server
2019-11-12 23:20:05,058 [Datanode State Machine Thread - 0] INFO  server.GrpcService (GrpcService.java:startImpl(158)) - d20ba3f6-e96e-4597-ba1c-bac940786bea: GrpcService started, listening on 0.0.0.0/0.0.0.0:36673
2019-11-12 23:20:05,058 [Datanode State Machine Thread - 0] INFO  ratis.XceiverServerRatis (XceiverServerRatis.java:start(431)) - XceiverServerRatis d20ba3f6-e96e-4597-ba1c-bac940786bea is started using port 36673
2019-11-12 23:20:05,058 [Datanode State Machine Thread - 0] INFO  server.XceiverServerGrpc (XceiverServerGrpc.java:start(145)) - XceiverServerGrpc d20ba3f6-e96e-4597-ba1c-bac940786bea is started using port 43233
2019-11-12 23:20:05,126 [main] INFO  ozone.MiniOzoneClusterImpl (MiniOzoneClusterImpl.java:lambda$waitForClusterToBeReady$2(171)) - Waiting for cluster to be ready. Got 0 of 6 DN Heartbeats.
2019-11-12 23:20:05,149 [Datanode State Machine Thread - 0] INFO  ozoneimpl.OzoneContainer (OzoneContainer.java:start(230)) - Attempting to start container services.
2019-11-12 23:20:05,151 [Datanode State Machine Thread - 0] INFO  ozoneimpl.OzoneContainer (OzoneContainer.java:startContainerScrub(194)) - Background container scanner has been disabled.
2019-11-12 23:20:05,152 [Datanode State Machine Thread - 0] INFO  ratis.XceiverServerRatis (XceiverServerRatis.java:start(421)) - Starting XceiverServerRatis 88c939f2-d53e-4de2-8f3f-abd9df815d54 at port 0
2019-11-12 23:20:05,159 [Datanode State Machine Thread - 0] INFO  impl.RaftServerProxy (RaftServerProxy.java:lambda$start$3(299)) - 88c939f2-d53e-4de2-8f3f-abd9df815d54: start RPC server
2019-11-12 23:20:05,161 [Datanode State Machine Thread - 0] INFO  server.GrpcService (GrpcService.java:startImpl(158)) - 88c939f2-d53e-4de2-8f3f-abd9df815d54: GrpcService started, listening on 0.0.0.0/0.0.0.0:45039
2019-11-12 23:20:05,161 [Datanode State Machine Thread - 0] INFO  ratis.XceiverServerRatis (XceiverServerRatis.java:start(431)) - XceiverServerRatis 88c939f2-d53e-4de2-8f3f-abd9df815d54 is started using port 45039
2019-11-12 23:20:05,162 [Datanode State Machine Thread - 0] INFO  server.XceiverServerGrpc (XceiverServerGrpc.java:start(145)) - XceiverServerGrpc 88c939f2-d53e-4de2-8f3f-abd9df815d54 is started using port 33668
2019-11-12 23:20:06,127 [main] INFO  ozone.MiniOzoneClusterImpl (MiniOzoneClusterImpl.java:lambda$waitForClusterToBeReady$2(171)) - Waiting for cluster to be ready. Got 0 of 6 DN Heartbeats.
2019-11-12 23:20:06,738 [IPC Server handler 3 on 44731] INFO  net.NetworkTopology (NetworkTopologyImpl.java:add(111)) - Added a new node: /default-rack/b7cd9551-1bd0-408f-a1aa-df7bdc8ebd77
2019-11-12 23:20:06,740 [IPC Server handler 3 on 44731] INFO  node.SCMNodeManager (SCMNodeManager.java:register(267)) - Registered Data node : b7cd9551-1bd0-408f-a1aa-df7bdc8ebd77{ip: 192.168.164.209, host: pr-hdds-2464-qsgcv-431919947, networkLocation: /default-rack, certSerialId: null}
2019-11-12 23:20:06,742 [EventQueue-NodeRegistrationContainerReportForDataNodeSafeModeRule] INFO  safemode.SCMSafeModeManager (DataNodeSafeModeRule.java:process(71)) - SCM in safe mode. 1 DataNodes registered, 1 required.
2019-11-12 23:20:06,743 [EventQueue-NodeRegistrationContainerReportForDataNodeSafeModeRule] INFO  safemode.SCMSafeModeManager (SCMSafeModeManager.java:validateSafeModeExitRules(177)) - ScmSafeModeManager, all rules are successfully validated
2019-11-12 23:20:06,743 [EventQueue-NodeRegistrationContainerReportForDataNodeSafeModeRule] INFO  safemode.SCMSafeModeManager (SCMSafeModeManager.java:exitSafeMode(193)) - SCM exiting safe mode.
2019-11-12 23:20:06,761 [grpc-default-executor-8] INFO  impl.RaftServerProxy (RaftServerProxy.java:addNew(89)) - b7cd9551-1bd0-408f-a1aa-df7bdc8ebd77: addNew group-3341C0D876D2:[b7cd9551-1bd0-408f-a1aa-df7bdc8ebd77:192.168.164.209:36523] returns group-3341C0D876D2:java.util.concurrent.CompletableFuture@345b368f[Not completed]
2019-11-12 23:20:06,766 [pool-152-thread-1] INFO  impl.RaftServerImpl (RaftServerImpl.java:<init>(98)) - b7cd9551-1bd0-408f-a1aa-df7bdc8ebd77: new RaftServerImpl for group-3341C0D876D2:[b7cd9551-1bd0-408f-a1aa-df7bdc8ebd77:192.168.164.209:36523] with ContainerStateMachine:uninitialized
2019-11-12 23:20:06,766 [pool-152-thread-1] INFO  server.RaftServerConfigKeys (ConfUtils.java:logGet(43)) - raft.server.rpc.timeout.min = 1s (custom)
2019-11-12 23:20:06,766 [pool-152-thread-1] INFO  server.RaftServerConfigKeys (ConfUtils.java:logGet(43)) - raft.server.rpc.timeout.max = 1200ms (custom)
2019-11-12 23:20:06,766 [pool-152-thread-1] INFO  server.RaftServerConfigKeys (ConfUtils.java:logGet(43)) - raft.server.rpcslowness.timeout = 120s (custom)
2019-11-12 23:20:06,766 [pool-152-thread-1] INFO  server.RaftServerConfigKeys (ConfUtils.java:logGet(43)) - raft.server.sleep.deviation.threshold = 300 (default)
2019-11-12 23:20:06,767 [pool-152-thread-1] INFO  server.RaftServerConfigKeys (ConfUtils.java:logGet(43)) - raft.server.log.appender.install.snapshot.enabled = false (custom)
2019-11-12 23:20:06,767 [pool-152-thread-1] INFO  impl.RaftServerImpl (ServerState.java:<init>(103)) - b7cd9551-1bd0-408f-a1aa-df7bdc8ebd77@group-3341C0D876D2: ConfigurationManager, init=-1: [b7cd9551-1bd0-408f-a1aa-df7bdc8ebd77:192.168.164.209:36523], old=null, confs=<EMPTY_MAP>
2019-11-12 23:20:06,767 [pool-152-thread-1] INFO  server.RaftServerConfigKeys (ConfUtils.java:logGet(43)) - raft.server.storage.dir = [/workdir/hadoop-ozone/integration-test/target/test-dir/MiniOzoneClusterImpl-526fdb7e-9c97-4370-88fe-75d8a071a2f3/datanode-0/data/ratis] (custom)
2019-11-12 23:20:06,768 [pool-152-thread-1] INFO  server.RaftServerConfigKeys (ConfUtils.java:logGet(43)) - raft.server.log.corruption.policy = EXCEPTION (default)
2019-11-12 23:20:06,768 [pool-152-thread-1] INFO  storage.RaftStorageDirectory (RaftStorageDirectory.java:analyzeStorage(246)) - The storage directory /workdir/hadoop-ozone/integration-test/target/test-dir/MiniOzoneClusterImpl-526fdb7e-9c97-4370-88fe-75d8a071a2f3/datanode-0/data/ratis/4a9d52c9-61b6-43a5-b205-3341c0d876d2 does not exist. Creating ...
2019-11-12 23:20:06,782 [pool-152-thread-1] INFO  storage.RaftStorageDirectory (RaftStorageDirectory.java:tryLock(328)) - Lock on /workdir/hadoop-ozone/integration-test/target/test-dir/MiniOzoneClusterImpl-526fdb7e-9c97-4370-88fe-75d8a071a2f3/datanode-0/data/ratis/4a9d52c9-61b6-43a5-b205-3341c0d876d2/in_use.lock acquired by nodename 11303@pr-hdds-2464-qsgcv-431919947
2019-11-12 23:20:06,795 [pool-152-thread-1] INFO  storage.RaftStorage (RaftStorage.java:format(84)) - Storage directory /workdir/hadoop-ozone/integration-test/target/test-dir/MiniOzoneClusterImpl-526fdb7e-9c97-4370-88fe-75d8a071a2f3/datanode-0/data/ratis/4a9d52c9-61b6-43a5-b205-3341c0d876d2 has been successfully formatted.
2019-11-12 23:20:06,795 [pool-152-thread-1] INFO  ratis.ContainerStateMachine (ContainerStateMachine.java:loadSnapshot(223)) - group-3341C0D876D2: The snapshot info is null. Setting the last applied indexto:(t:0, i:~)
2019-11-12 23:20:06,795 [pool-152-thread-1] INFO  server.RaftServerConfigKeys (ConfUtils.java:logGet(43)) - raft.server.notification.no-leader.timeout = 120s (custom)
2019-11-12 23:20:06,796 [pool-152-thread-1] INFO  server.RaftServerConfigKeys (ConfUtils.java:logGet(43)) - raft.server.log.use.memory = false (default)
2019-11-12 23:20:06,796 [pool-152-thread-1] INFO  server.RaftServerConfigKeys (ConfUtils.java:logGet(43)) - raft.server.log.purge.gap = 1000000 (custom)
2019-11-12 23:20:06,796 [pool-152-thread-1] INFO  server.RaftServerConfigKeys (ConfUtils.java:logGet(43)) - raft.server.log.appender.buffer.byte-limit = 33554432 (custom)
2019-11-12 23:20:06,796 [pool-152-thread-1] INFO  server.RaftServerConfigKeys (ConfUtils.java:logGet(43)) - raft.server.log.segment.size.max = 1048576 (custom)
2019-11-12 23:20:06,796 [pool-152-thread-1] WARN  impl.MetricRegistriesImpl (MetricRegistriesImpl.java:lambda$create$1(61)) - First MetricRegistry has been created without registering reporters. You may need to call MetricRegistries.global().addReportRegistration(...) before.
2019-11-12 23:20:06,797 [pool-152-thread-1] INFO  server.RaftServerConfigKeys (ConfUtils.java:logGet(43)) - raft.server.log.segment.cache.num.max = 2 (custom)
2019-11-12 23:20:06,797 [pool-152-thread-1] INFO  segmented.SegmentedRaftLogWorker (SegmentedRaftLogWorker.java:<init>(173)) - new b7cd9551-1bd0-408f-a1aa-df7bdc8ebd77@group-3341C0D876D2-SegmentedRaftLogWorker for RaftStorage:Storage Directory /workdir/hadoop-ozone/integration-test/target/test-dir/MiniOzoneClusterImpl-526fdb7e-9c97-4370-88fe-75d8a071a2f3/datanode-0/data/ratis/4a9d52c9-61b6-43a5-b205-3341c0d876d2
2019-11-12 23:20:06,797 [pool-152-thread-1] INFO  server.RaftServerConfigKeys (ConfUtils.java:logGet(43)) - raft.server.log.queue.byte-limit = 2147483647 (custom)
2019-11-12 23:20:06,797 [pool-152-thread-1] INFO  server.RaftServerConfigKeys (ConfUtils.java:logGet(43)) - raft.server.log.queue.element-limit = 1024 (custom)
2019-11-12 23:20:06,797 [pool-152-thread-1] INFO  server.RaftServerConfigKeys (ConfUtils.java:logGet(43)) - raft.server.log.segment.size.max = 1048576 (custom)
2019-11-12 23:20:06,797 [pool-152-thread-1] INFO  server.RaftServerConfigKeys (ConfUtils.java:logGet(43)) - raft.server.log.preallocated.size = 16384 (custom)
2019-11-12 23:20:06,797 [pool-152-thread-1] INFO  server.RaftServerConfigKeys (ConfUtils.java:logGet(43)) - raft.server.log.write.buffer.size = 33554432 (custom)
2019-11-12 23:20:06,798 [pool-152-thread-1] INFO  server.RaftServerConfigKeys (ConfUtils.java:logGet(43)) - raft.server.log.force.sync.num = 128 (default)
2019-11-12 23:20:06,798 [pool-152-thread-1] INFO  server.RaftServerConfigKeys (ConfUtils.java:logGet(43)) - raft.server.log.statemachine.data.sync = true (default)
2019-11-12 23:20:06,798 [pool-152-thread-1] INFO  server.RaftServerConfigKeys (ConfUtils.java:logGet(43)) - raft.server.log.statemachine.data.sync.timeout = 10s (default)
2019-11-12 23:20:06,798 [pool-152-thread-1] INFO  server.RaftServerConfigKeys (ConfUtils.java:logGet(43)) - raft.server.log.statemachine.data.sync.timeout.retry = -1 (default)
2019-11-12 23:20:06,798 [pool-152-thread-1] INFO  server.RaftServerConfigKeys (ConfUtils.java:logGet(43)) - raft.server.log.statemachine.data.caching.enabled = true (custom)
2019-11-12 23:20:06,799 [pool-152-thread-1] INFO  segmented.SegmentedRaftLogWorker (SegmentedRaftLogWorker.java:lambda$new$0(128)) - b7cd9551-1bd0-408f-a1aa-df7bdc8ebd77@group-3341C0D876D2-SegmentedRaftLogWorker: flushIndex: setUnconditionally 0 -> -1
2019-11-12 23:20:06,799 [pool-152-thread-1] INFO  server.RaftServerConfigKeys (ConfUtils.java:logGet(43)) - raft.server.snapshot.auto.trigger.enabled = true (custom)
2019-11-12 23:20:06,799 [pool-152-thread-1] INFO  server.RaftServerConfigKeys (ConfUtils.java:logGet(43)) - raft.server.snapshot.auto.trigger.threshold = 10000 (custom)
2019-11-12 23:20:06,800 [pool-152-thread-1] INFO  server.RaftServerConfigKeys (ConfUtils.java:logGet(43)) - raft.server.snapshot.retention.file.num = 5 (custom)
2019-11-12 23:20:06,800 [pool-152-thread-1] INFO  server.RaftServerConfigKeys (ConfUtils.java:logGet(43)) - raft.server.retrycache.expirytime = 600000ms (custom)
2019-11-12 23:20:06,800 [pool-152-thread-1] WARN  impl.MetricRegistriesImpl (MetricRegistriesImpl.java:lambda$create$1(61)) - First MetricRegistry has been created without registering reporters. You may need to call MetricRegistries.global().addReportRegistration(...) before.
2019-11-12 23:20:06,800 [pool-152-thread-1] WARN  impl.MetricRegistriesImpl (MetricRegistriesImpl.java:lambda$create$1(61)) - First MetricRegistry has been created without registering reporters. You may need to call MetricRegistries.global().addReportRegistration(...) before.
2019-11-12 23:20:06,800 [pool-152-thread-1] INFO  impl.RaftServerImpl (RaftServerImpl.java:start(184)) - b7cd9551-1bd0-408f-a1aa-df7bdc8ebd77@group-3341C0D876D2: start as a follower, conf=-1: [b7cd9551-1bd0-408f-a1aa-df7bdc8ebd77:192.168.164.209:36523], old=null
2019-11-12 23:20:06,801 [pool-152-thread-1] INFO  impl.RaftServerImpl (RaftServerImpl.java:setRole(173)) - b7cd9551-1bd0-408f-a1aa-df7bdc8ebd77@group-3341C0D876D2: changes role from      null to FOLLOWER at term 0 for startAsFollower
2019-11-12 23:20:06,801 [pool-152-thread-1] INFO  impl.RoleInfo (RoleInfo.java:updateAndGet(143)) - b7cd9551-1bd0-408f-a1aa-df7bdc8ebd77: start FollowerState
2019-11-12 23:20:06,802 [pool-152-thread-1] INFO  util.JmxRegister (JmxRegister.java:tryRegister(44)) - Successfully registered JMX Bean with object name Ratis:service=RaftServer,group=group-3341C0D876D2,id=b7cd9551-1bd0-408f-a1aa-df7bdc8ebd77
2019-11-12 23:20:06,802 [pool-152-thread-1] WARN  impl.MetricRegistriesImpl (MetricRegistriesImpl.java:lambda$create$1(61)) - First MetricRegistry has been created without registering reporters. You may need to call MetricRegistries.global().addReportRegistration(...) before.
2019-11-12 23:20:06,808 [RatisPipelineUtilsThread] INFO  pipeline.PipelineStateManager (PipelineStateManager.java:addPipeline(55)) - Created pipeline Pipeline[ Id: 4a9d52c9-61b6-43a5-b205-3341c0d876d2, Nodes: b7cd9551-1bd0-408f-a1aa-df7bdc8ebd77{ip: 192.168.164.209, host: pr-hdds-2464-qsgcv-431919947, networkLocation: /default-rack, certSerialId: null}, Type:RATIS, Factor:ONE, State:ALLOCATED]
2019-11-12 23:20:06,818 [IPC Server handler 5 on 44731] INFO  net.NetworkTopology (NetworkTopologyImpl.java:add(111)) - Added a new node: /default-rack/0abad138-b24b-47c7-afcb-ebb08d39de0a
2019-11-12 23:20:06,819 [IPC Server handler 5 on 44731] INFO  node.SCMNodeManager (SCMNodeManager.java:register(267)) - Registered Data node : 0abad138-b24b-47c7-afcb-ebb08d39de0a{ip: 192.168.164.209, host: pr-hdds-2464-qsgcv-431919947, networkLocation: /default-rack, certSerialId: null}
2019-11-12 23:20:06,827 [grpc-default-executor-8] INFO  impl.RaftServerProxy (RaftServerProxy.java:addNew(89)) - 0abad138-b24b-47c7-afcb-ebb08d39de0a: addNew group-74E9F36F990D:[0abad138-b24b-47c7-afcb-ebb08d39de0a:192.168.164.209:35002] returns group-74E9F36F990D:java.util.concurrent.CompletableFuture@29b406fe[Not completed]
2019-11-12 23:20:06,829 [pool-162-thread-1] INFO  impl.RaftServerImpl (RaftServerImpl.java:<init>(98)) - 0abad138-b24b-47c7-afcb-ebb08d39de0a: new RaftServerImpl for group-74E9F36F990D:[0abad138-b24b-47c7-afcb-ebb08d39de0a:192.168.164.209:35002] with ContainerStateMachine:uninitialized
2019-11-12 23:20:06,829 [pool-162-thread-1] INFO  server.RaftServerConfigKeys (ConfUtils.java:logGet(43)) - raft.server.rpc.timeout.min = 1s (custom)
2019-11-12 23:20:06,829 [pool-162-thread-1] INFO  server.RaftServerConfigKeys (ConfUtils.java:logGet(43)) - raft.server.rpc.timeout.max = 1200ms (custom)
2019-11-12 23:20:06,829 [pool-162-thread-1] INFO  server.RaftServerConfigKeys (ConfUtils.java:logGet(43)) - raft.server.rpcslowness.timeout = 120s (custom)
2019-11-12 23:20:06,829 [pool-162-thread-1] INFO  server.RaftServerConfigKeys (ConfUtils.java:logGet(43)) - raft.server.sleep.deviation.threshold = 300 (default)
2019-11-12 23:20:06,829 [pool-162-thread-1] INFO  server.RaftServerConfigKeys (ConfUtils.java:logGet(43)) - raft.server.log.appender.install.snapshot.enabled = false (custom)
2019-11-12 23:20:06,830 [pool-162-thread-1] INFO  impl.RaftServerImpl (ServerState.java:<init>(103)) - 0abad138-b24b-47c7-afcb-ebb08d39de0a@group-74E9F36F990D: ConfigurationManager, init=-1: [0abad138-b24b-47c7-afcb-ebb08d39de0a:192.168.164.209:35002], old=null, confs=<EMPTY_MAP>
2019-11-12 23:20:06,830 [pool-162-thread-1] INFO  server.RaftServerConfigKeys (ConfUtils.java:logGet(43)) - raft.server.storage.dir = [/workdir/hadoop-ozone/integration-test/target/test-dir/MiniOzoneClusterImpl-526fdb7e-9c97-4370-88fe-75d8a071a2f3/datanode-1/data/ratis] (custom)
2019-11-12 23:20:06,830 [pool-162-thread-1] INFO  server.RaftServerConfigKeys (ConfUtils.java:logGet(43)) - raft.server.log.corruption.policy = EXCEPTION (default)
2019-11-12 23:20:06,830 [pool-162-thread-1] INFO  storage.RaftStorageDirectory (RaftStorageDirectory.java:analyzeStorage(246)) - The storage directory /workdir/hadoop-ozone/integration-test/target/test-dir/MiniOzoneClusterImpl-526fdb7e-9c97-4370-88fe-75d8a071a2f3/datanode-1/data/ratis/4c31747c-5a88-4062-81e1-74e9f36f990d does not exist. Creating ...
2019-11-12 23:20:06,845 [pool-162-thread-1] INFO  storage.RaftStorageDirectory (RaftStorageDirectory.java:tryLock(328)) - Lock on /workdir/hadoop-ozone/integration-test/target/test-dir/MiniOzoneClusterImpl-526fdb7e-9c97-4370-88fe-75d8a071a2f3/datanode-1/data/ratis/4c31747c-5a88-4062-81e1-74e9f36f990d/in_use.lock acquired by nodename 11303@pr-hdds-2464-qsgcv-431919947
2019-11-12 23:20:06,858 [pool-162-thread-1] INFO  storage.RaftStorage (RaftStorage.java:format(84)) - Storage directory /workdir/hadoop-ozone/integration-test/target/test-dir/MiniOzoneClusterImpl-526fdb7e-9c97-4370-88fe-75d8a071a2f3/datanode-1/data/ratis/4c31747c-5a88-4062-81e1-74e9f36f990d has been successfully formatted.
2019-11-12 23:20:06,858 [pool-162-thread-1] INFO  ratis.ContainerStateMachine (ContainerStateMachine.java:loadSnapshot(223)) - group-74E9F36F990D: The snapshot info is null. Setting the last applied indexto:(t:0, i:~)
2019-11-12 23:20:06,858 [pool-162-thread-1] INFO  server.RaftServerConfigKeys (ConfUtils.java:logGet(43)) - raft.server.notification.no-leader.timeout = 120s (custom)
2019-11-12 23:20:06,858 [pool-162-thread-1] INFO  server.RaftServerConfigKeys (ConfUtils.java:logGet(43)) - raft.server.log.use.memory = false (default)
2019-11-12 23:20:06,858 [pool-162-thread-1] INFO  server.RaftServerConfigKeys (ConfUtils.java:logGet(43)) - raft.server.log.purge.gap = 1000000 (custom)
2019-11-12 23:20:06,858 [pool-162-thread-1] INFO  server.RaftServerConfigKeys (ConfUtils.java:logGet(43)) - raft.server.log.appender.buffer.byte-limit = 33554432 (custom)
2019-11-12 23:20:06,858 [pool-162-thread-1] INFO  server.RaftServerConfigKeys (ConfUtils.java:logGet(43)) - raft.server.log.segment.size.max = 1048576 (custom)
2019-11-12 23:20:06,858 [pool-162-thread-1] WARN  impl.MetricRegistriesImpl (MetricRegistriesImpl.java:lambda$create$1(61)) - First MetricRegistry has been created without registering reporters. You may need to call MetricRegistries.global().addReportRegistration(...) before.
2019-11-12 23:20:06,859 [pool-162-thread-1] INFO  server.RaftServerConfigKeys (ConfUtils.java:logGet(43)) - raft.server.log.segment.cache.num.max = 2 (custom)
2019-11-12 23:20:06,859 [pool-162-thread-1] INFO  segmented.SegmentedRaftLogWorker (SegmentedRaftLogWorker.java:<init>(173)) - new 0abad138-b24b-47c7-afcb-ebb08d39de0a@group-74E9F36F990D-SegmentedRaftLogWorker for RaftStorage:Storage Directory /workdir/hadoop-ozone/integration-test/target/test-dir/MiniOzoneClusterImpl-526fdb7e-9c97-4370-88fe-75d8a071a2f3/datanode-1/data/ratis/4c31747c-5a88-4062-81e1-74e9f36f990d
2019-11-12 23:20:06,859 [pool-162-thread-1] INFO  server.RaftServerConfigKeys (ConfUtils.java:logGet(43)) - raft.server.log.queue.byte-limit = 2147483647 (custom)
2019-11-12 23:20:06,859 [pool-162-thread-1] INFO  server.RaftServerConfigKeys (ConfUtils.java:logGet(43)) - raft.server.log.queue.element-limit = 1024 (custom)
2019-11-12 23:20:06,859 [pool-162-thread-1] INFO  server.RaftServerConfigKeys (ConfUtils.java:logGet(43)) - raft.server.log.segment.size.max = 1048576 (custom)
2019-11-12 23:20:06,859 [pool-162-thread-1] INFO  server.RaftServerConfigKeys (ConfUtils.java:logGet(43)) - raft.server.log.preallocated.size = 16384 (custom)
2019-11-12 23:20:06,859 [pool-162-thread-1] INFO  server.RaftServerConfigKeys (ConfUtils.java:logGet(43)) - raft.server.log.write.buffer.size = 33554432 (custom)
2019-11-12 23:20:06,859 [pool-162-thread-1] INFO  server.RaftServerConfigKeys (ConfUtils.java:logGet(43)) - raft.server.log.force.sync.num = 128 (default)
2019-11-12 23:20:06,859 [pool-162-thread-1] INFO  server.RaftServerConfigKeys (ConfUtils.java:logGet(43)) - raft.server.log.statemachine.data.sync = true (default)
2019-11-12 23:20:06,859 [pool-162-thread-1] INFO  server.RaftServerConfigKeys (ConfUtils.java:logGet(43)) - raft.server.log.statemachine.data.sync.timeout = 10s (default)
2019-11-12 23:20:06,860 [pool-162-thread-1] INFO  server.RaftServerConfigKeys (ConfUtils.java:logGet(43)) - raft.server.log.statemachine.data.sync.timeout.retry = -1 (default)
2019-11-12 23:20:06,860 [pool-162-thread-1] INFO  server.RaftServerConfigKeys (ConfUtils.java:logGet(43)) - raft.server.log.statemachine.data.caching.enabled = true (custom)
2019-11-12 23:20:06,861 [pool-162-thread-1] INFO  segmented.SegmentedRaftLogWorker (SegmentedRaftLogWorker.java:lambda$new$0(128)) - 0abad138-b24b-47c7-afcb-ebb08d39de0a@group-74E9F36F990D-SegmentedRaftLogWorker: flushIndex: setUnconditionally 0 -> -1
2019-11-12 23:20:06,861 [pool-162-thread-1] INFO  server.RaftServerConfigKeys (ConfUtils.java:logGet(43)) - raft.server.snapshot.auto.trigger.enabled = true (custom)
2019-11-12 23:20:06,861 [pool-162-thread-1] INFO  server.RaftServerConfigKeys (ConfUtils.java:logGet(43)) - raft.server.snapshot.auto.trigger.threshold = 10000 (custom)
2019-11-12 23:20:06,861 [pool-162-thread-1] INFO  server.RaftServerConfigKeys (ConfUtils.java:logGet(43)) - raft.server.snapshot.retention.file.num = 5 (custom)
2019-11-12 23:20:06,861 [pool-162-thread-1] INFO  server.RaftServerConfigKeys (ConfUtils.java:logGet(43)) - raft.server.retrycache.expirytime = 600000ms (custom)
2019-11-12 23:20:06,861 [pool-162-thread-1] WARN  impl.MetricRegistriesImpl (MetricRegistriesImpl.java:lambda$create$1(61)) - First MetricRegistry has been created without registering reporters. You may need to call MetricRegistries.global().addReportRegistration(...) before.
2019-11-12 23:20:06,862 [pool-162-thread-1] WARN  impl.MetricRegistriesImpl (MetricRegistriesImpl.java:lambda$create$1(61)) - First MetricRegistry has been created without registering reporters. You may need to call MetricRegistries.global().addReportRegistration(...) before.
2019-11-12 23:20:06,862 [pool-162-thread-1] INFO  impl.RaftServerImpl (RaftServerImpl.java:start(184)) - 0abad138-b24b-47c7-afcb-ebb08d39de0a@group-74E9F36F990D: start as a follower, conf=-1: [0abad138-b24b-47c7-afcb-ebb08d39de0a:192.168.164.209:35002], old=null
2019-11-12 23:20:06,862 [pool-162-thread-1] INFO  impl.RaftServerImpl (RaftServerImpl.java:setRole(173)) - 0abad138-b24b-47c7-afcb-ebb08d39de0a@group-74E9F36F990D: changes role from      null to FOLLOWER at term 0 for startAsFollower
2019-11-12 23:20:06,862 [pool-162-thread-1] INFO  impl.RoleInfo (RoleInfo.java:updateAndGet(143)) - 0abad138-b24b-47c7-afcb-ebb08d39de0a: start FollowerState
2019-11-12 23:20:06,862 [pool-162-thread-1] INFO  util.JmxRegister (JmxRegister.java:tryRegister(44)) - Successfully registered JMX Bean with object name Ratis:service=RaftServer,group=group-74E9F36F990D,id=0abad138-b24b-47c7-afcb-ebb08d39de0a
2019-11-12 23:20:06,862 [pool-162-thread-1] WARN  impl.MetricRegistriesImpl (MetricRegistriesImpl.java:lambda$create$1(61)) - First MetricRegistry has been created without registering reporters. You may need to call MetricRegistries.global().addReportRegistration(...) before.
2019-11-12 23:20:06,866 [RatisPipelineUtilsThread] INFO  pipeline.PipelineStateManager (PipelineStateManager.java:addPipeline(55)) - Created pipeline Pipeline[ Id: 4c31747c-5a88-4062-81e1-74e9f36f990d, Nodes: 0abad138-b24b-47c7-afcb-ebb08d39de0a{ip: 192.168.164.209, host: pr-hdds-2464-qsgcv-431919947, networkLocation: /default-rack, certSerialId: null}, Type:RATIS, Factor:ONE, State:ALLOCATED]
2019-11-12 23:20:06,882 [IPC Server handler 4 on 44731] INFO  net.NetworkTopology (NetworkTopologyImpl.java:add(111)) - Added a new node: /default-rack/80837678-b947-4bce-b966-fc20c0dfbdbf
2019-11-12 23:20:06,882 [IPC Server handler 4 on 44731] INFO  node.SCMNodeManager (SCMNodeManager.java:register(267)) - Registered Data node : 80837678-b947-4bce-b966-fc20c0dfbdbf{ip: 192.168.164.209, host: pr-hdds-2464-qsgcv-431919947, networkLocation: /default-rack, certSerialId: null}
2019-11-12 23:20:06,890 [grpc-default-executor-8] INFO  impl.RaftServerProxy (RaftServerProxy.java:addNew(89)) - 80837678-b947-4bce-b966-fc20c0dfbdbf: addNew group-06C42B447403:[80837678-b947-4bce-b966-fc20c0dfbdbf:192.168.164.209:33427] returns group-06C42B447403:java.util.concurrent.CompletableFuture@12599d4a[Not completed]
2019-11-12 23:20:06,892 [pool-172-thread-1] INFO  impl.RaftServerImpl (RaftServerImpl.java:<init>(98)) - 80837678-b947-4bce-b966-fc20c0dfbdbf: new RaftServerImpl for group-06C42B447403:[80837678-b947-4bce-b966-fc20c0dfbdbf:192.168.164.209:33427] with ContainerStateMachine:uninitialized
2019-11-12 23:20:06,893 [pool-172-thread-1] INFO  server.RaftServerConfigKeys (ConfUtils.java:logGet(43)) - raft.server.rpc.timeout.min = 1s (custom)
2019-11-12 23:20:06,893 [pool-172-thread-1] INFO  server.RaftServerConfigKeys (ConfUtils.java:logGet(43)) - raft.server.rpc.timeout.max = 1200ms (custom)
2019-11-12 23:20:06,893 [pool-172-thread-1] INFO  server.RaftServerConfigKeys (ConfUtils.java:logGet(43)) - raft.server.rpcslowness.timeout = 120s (custom)
2019-11-12 23:20:06,893 [pool-172-thread-1] INFO  server.RaftServerConfigKeys (ConfUtils.java:logGet(43)) - raft.server.sleep.deviation.threshold = 300 (default)
2019-11-12 23:20:06,893 [pool-172-thread-1] INFO  server.RaftServerConfigKeys (ConfUtils.java:logGet(43)) - raft.server.log.appender.install.snapshot.enabled = false (custom)
2019-11-12 23:20:06,893 [pool-172-thread-1] INFO  impl.RaftServerImpl (ServerState.java:<init>(103)) - 80837678-b947-4bce-b966-fc20c0dfbdbf@group-06C42B447403: ConfigurationManager, init=-1: [80837678-b947-4bce-b966-fc20c0dfbdbf:192.168.164.209:33427], old=null, confs=<EMPTY_MAP>
2019-11-12 23:20:06,894 [pool-172-thread-1] INFO  server.RaftServerConfigKeys (ConfUtils.java:logGet(43)) - raft.server.storage.dir = [/workdir/hadoop-ozone/integration-test/target/test-dir/MiniOzoneClusterImpl-526fdb7e-9c97-4370-88fe-75d8a071a2f3/datanode-2/data/ratis] (custom)
2019-11-12 23:20:06,894 [pool-172-thread-1] INFO  server.RaftServerConfigKeys (ConfUtils.java:logGet(43)) - raft.server.log.corruption.policy = EXCEPTION (default)
2019-11-12 23:20:06,894 [pool-172-thread-1] INFO  storage.RaftStorageDirectory (RaftStorageDirectory.java:analyzeStorage(246)) - The storage directory /workdir/hadoop-ozone/integration-test/target/test-dir/MiniOzoneClusterImpl-526fdb7e-9c97-4370-88fe-75d8a071a2f3/datanode-2/data/ratis/5a64ac3a-20b6-4cf5-9d42-06c42b447403 does not exist. Creating ...
2019-11-12 23:20:06,907 [pool-172-thread-1] INFO  storage.RaftStorageDirectory (RaftStorageDirectory.java:tryLock(328)) - Lock on /workdir/hadoop-ozone/integration-test/target/test-dir/MiniOzoneClusterImpl-526fdb7e-9c97-4370-88fe-75d8a071a2f3/datanode-2/data/ratis/5a64ac3a-20b6-4cf5-9d42-06c42b447403/in_use.lock acquired by nodename 11303@pr-hdds-2464-qsgcv-431919947
2019-11-12 23:20:06,910 [pool-172-thread-1] INFO  storage.RaftStorage (RaftStorage.java:format(84)) - Storage directory /workdir/hadoop-ozone/integration-test/target/test-dir/MiniOzoneClusterImpl-526fdb7e-9c97-4370-88fe-75d8a071a2f3/datanode-2/data/ratis/5a64ac3a-20b6-4cf5-9d42-06c42b447403 has been successfully formatted.
2019-11-12 23:20:06,910 [pool-172-thread-1] INFO  ratis.ContainerStateMachine (ContainerStateMachine.java:loadSnapshot(223)) - group-06C42B447403: The snapshot info is null. Setting the last applied indexto:(t:0, i:~)
2019-11-12 23:20:06,911 [pool-172-thread-1] INFO  server.RaftServerConfigKeys (ConfUtils.java:logGet(43)) - raft.server.notification.no-leader.timeout = 120s (custom)
2019-11-12 23:20:06,911 [pool-172-thread-1] INFO  server.RaftServerConfigKeys (ConfUtils.java:logGet(43)) - raft.server.log.use.memory = false (default)
2019-11-12 23:20:06,911 [pool-172-thread-1] INFO  server.RaftServerConfigKeys (ConfUtils.java:logGet(43)) - raft.server.log.purge.gap = 1000000 (custom)
2019-11-12 23:20:06,911 [pool-172-thread-1] INFO  server.RaftServerConfigKeys (ConfUtils.java:logGet(43)) - raft.server.log.appender.buffer.byte-limit = 33554432 (custom)
2019-11-12 23:20:06,911 [pool-172-thread-1] INFO  server.RaftServerConfigKeys (ConfUtils.java:logGet(43)) - raft.server.log.segment.size.max = 1048576 (custom)
2019-11-12 23:20:06,911 [pool-172-thread-1] WARN  impl.MetricRegistriesImpl (MetricRegistriesImpl.java:lambda$create$1(61)) - First MetricRegistry has been created without registering reporters. You may need to call MetricRegistries.global().addReportRegistration(...) before.
2019-11-12 23:20:06,911 [pool-172-thread-1] INFO  server.RaftServerConfigKeys (ConfUtils.java:logGet(43)) - raft.server.log.segment.cache.num.max = 2 (custom)
2019-11-12 23:20:06,912 [pool-172-thread-1] INFO  segmented.SegmentedRaftLogWorker (SegmentedRaftLogWorker.java:<init>(173)) - new 80837678-b947-4bce-b966-fc20c0dfbdbf@group-06C42B447403-SegmentedRaftLogWorker for RaftStorage:Storage Directory /workdir/hadoop-ozone/integration-test/target/test-dir/MiniOzoneClusterImpl-526fdb7e-9c97-4370-88fe-75d8a071a2f3/datanode-2/data/ratis/5a64ac3a-20b6-4cf5-9d42-06c42b447403
2019-11-12 23:20:06,912 [pool-172-thread-1] INFO  server.RaftServerConfigKeys (ConfUtils.java:logGet(43)) - raft.server.log.queue.byte-limit = 2147483647 (custom)
2019-11-12 23:20:06,912 [pool-172-thread-1] INFO  server.RaftServerConfigKeys (ConfUtils.java:logGet(43)) - raft.server.log.queue.element-limit = 1024 (custom)
2019-11-12 23:20:06,912 [pool-172-thread-1] INFO  server.RaftServerConfigKeys (ConfUtils.java:logGet(43)) - raft.server.log.segment.size.max = 1048576 (custom)
2019-11-12 23:20:06,912 [pool-172-thread-1] INFO  server.RaftServerConfigKeys (ConfUtils.java:logGet(43)) - raft.server.log.preallocated.size = 16384 (custom)
2019-11-12 23:20:06,912 [pool-172-thread-1] INFO  server.RaftServerConfigKeys (ConfUtils.java:logGet(43)) - raft.server.log.write.buffer.size = 33554432 (custom)
2019-11-12 23:20:06,912 [pool-172-thread-1] INFO  server.RaftServerConfigKeys (ConfUtils.java:logGet(43)) - raft.server.log.force.sync.num = 128 (default)
2019-11-12 23:20:06,912 [pool-172-thread-1] INFO  server.RaftServerConfigKeys (ConfUtils.java:logGet(43)) - raft.server.log.statemachine.data.sync = true (default)
2019-11-12 23:20:06,913 [pool-172-thread-1] INFO  server.RaftServerConfigKeys (ConfUtils.java:logGet(43)) - raft.server.log.statemachine.data.sync.timeout = 10s (default)
2019-11-12 23:20:06,913 [pool-172-thread-1] INFO  server.RaftServerConfigKeys (ConfUtils.java:logGet(43)) - raft.server.log.statemachine.data.sync.timeout.retry = -1 (default)
2019-11-12 23:20:06,913 [pool-172-thread-1] INFO  server.RaftServerConfigKeys (ConfUtils.java:logGet(43)) - raft.server.log.statemachine.data.caching.enabled = true (custom)
2019-11-12 23:20:06,913 [pool-172-thread-1] INFO  segmented.SegmentedRaftLogWorker (SegmentedRaftLogWorker.java:lambda$new$0(128)) - 80837678-b947-4bce-b966-fc20c0dfbdbf@group-06C42B447403-SegmentedRaftLogWorker: flushIndex: setUnconditionally 0 -> -1
2019-11-12 23:20:06,914 [pool-172-thread-1] INFO  server.RaftServerConfigKeys (ConfUtils.java:logGet(43)) - raft.server.snapshot.auto.trigger.enabled = true (custom)
2019-11-12 23:20:06,914 [pool-172-thread-1] INFO  server.RaftServerConfigKeys (ConfUtils.java:logGet(43)) - raft.server.snapshot.auto.trigger.threshold = 10000 (custom)
2019-11-12 23:20:06,914 [pool-172-thread-1] INFO  server.RaftServerConfigKeys (ConfUtils.java:logGet(43)) - raft.server.snapshot.retention.file.num = 5 (custom)
2019-11-12 23:20:06,914 [pool-172-thread-1] INFO  server.RaftServerConfigKeys (ConfUtils.java:logGet(43)) - raft.server.retrycache.expirytime = 600000ms (custom)
2019-11-12 23:20:06,914 [pool-172-thread-1] WARN  impl.MetricRegistriesImpl (MetricRegistriesImpl.java:lambda$create$1(61)) - First MetricRegistry has been created without registering reporters. You may need to call MetricRegistries.global().addReportRegistration(...) before.
2019-11-12 23:20:06,914 [pool-172-thread-1] WARN  impl.MetricRegistriesImpl (MetricRegistriesImpl.java:lambda$create$1(61)) - First MetricRegistry has been created without registering reporters. You may need to call MetricRegistries.global().addReportRegistration(...) before.
2019-11-12 23:20:06,915 [pool-172-thread-1] INFO  impl.RaftServerImpl (RaftServerImpl.java:start(184)) - 80837678-b947-4bce-b966-fc20c0dfbdbf@group-06C42B447403: start as a follower, conf=-1: [80837678-b947-4bce-b966-fc20c0dfbdbf:192.168.164.209:33427], old=null
2019-11-12 23:20:06,915 [pool-172-thread-1] INFO  impl.RaftServerImpl (RaftServerImpl.java:setRole(173)) - 80837678-b947-4bce-b966-fc20c0dfbdbf@group-06C42B447403: changes role from      null to FOLLOWER at term 0 for startAsFollower
2019-11-12 23:20:06,915 [pool-172-thread-1] INFO  impl.RoleInfo (RoleInfo.java:updateAndGet(143)) - 80837678-b947-4bce-b966-fc20c0dfbdbf: start FollowerState
2019-11-12 23:20:06,915 [pool-172-thread-1] INFO  util.JmxRegister (JmxRegister.java:tryRegister(44)) - Successfully registered JMX Bean with object name Ratis:service=RaftServer,group=group-06C42B447403,id=80837678-b947-4bce-b966-fc20c0dfbdbf
2019-11-12 23:20:06,916 [pool-172-thread-1] WARN  impl.MetricRegistriesImpl (MetricRegistriesImpl.java:lambda$create$1(61)) - First MetricRegistry has been created without registering reporters. You may need to call MetricRegistries.global().addReportRegistration(...) before.
2019-11-12 23:20:06,918 [RatisPipelineUtilsThread] INFO  pipeline.PipelineStateManager (PipelineStateManager.java:addPipeline(55)) - Created pipeline Pipeline[ Id: 5a64ac3a-20b6-4cf5-9d42-06c42b447403, Nodes: 80837678-b947-4bce-b966-fc20c0dfbdbf{ip: 192.168.164.209, host: pr-hdds-2464-qsgcv-431919947, networkLocation: /default-rack, certSerialId: null}, Type:RATIS, Factor:ONE, State:ALLOCATED]
2019-11-12 23:20:06,930 [grpc-default-executor-7] INFO  impl.RaftServerProxy (RaftServerProxy.java:addNew(89)) - 0abad138-b24b-47c7-afcb-ebb08d39de0a: addNew group-DCB91DA26963:[80837678-b947-4bce-b966-fc20c0dfbdbf:192.168.164.209:33427, 0abad138-b24b-47c7-afcb-ebb08d39de0a:192.168.164.209:35002, b7cd9551-1bd0-408f-a1aa-df7bdc8ebd77:192.168.164.209:36523] returns group-DCB91DA26963:java.util.concurrent.CompletableFuture@46c788c0[Not completed]
2019-11-12 23:20:06,930 [grpc-default-executor-2] INFO  impl.RaftServerProxy (RaftServerProxy.java:addNew(89)) - b7cd9551-1bd0-408f-a1aa-df7bdc8ebd77: addNew group-DCB91DA26963:[80837678-b947-4bce-b966-fc20c0dfbdbf:192.168.164.209:33427, 0abad138-b24b-47c7-afcb-ebb08d39de0a:192.168.164.209:35002, b7cd9551-1bd0-408f-a1aa-df7bdc8ebd77:192.168.164.209:36523] returns group-DCB91DA26963:java.util.concurrent.CompletableFuture@728bb4e2[Not completed]
2019-11-12 23:20:06,930 [grpc-default-executor-8] INFO  impl.RaftServerProxy (RaftServerProxy.java:addNew(89)) - 80837678-b947-4bce-b966-fc20c0dfbdbf: addNew group-DCB91DA26963:[80837678-b947-4bce-b966-fc20c0dfbdbf:192.168.164.209:33427, 0abad138-b24b-47c7-afcb-ebb08d39de0a:192.168.164.209:35002, b7cd9551-1bd0-408f-a1aa-df7bdc8ebd77:192.168.164.209:36523] returns group-DCB91DA26963:java.util.concurrent.CompletableFuture@6a043580[Not completed]
2019-11-12 23:20:06,931 [pool-162-thread-1] INFO  impl.RaftServerImpl (RaftServerImpl.java:<init>(98)) - 0abad138-b24b-47c7-afcb-ebb08d39de0a: new RaftServerImpl for group-DCB91DA26963:[80837678-b947-4bce-b966-fc20c0dfbdbf:192.168.164.209:33427, 0abad138-b24b-47c7-afcb-ebb08d39de0a:192.168.164.209:35002, b7cd9551-1bd0-408f-a1aa-df7bdc8ebd77:192.168.164.209:36523] with ContainerStateMachine:uninitialized
2019-11-12 23:20:06,931 [pool-162-thread-1] INFO  server.RaftServerConfigKeys (ConfUtils.java:logGet(43)) - raft.server.rpc.timeout.min = 1s (custom)
2019-11-12 23:20:06,931 [pool-162-thread-1] INFO  server.RaftServerConfigKeys (ConfUtils.java:logGet(43)) - raft.server.rpc.timeout.max = 1200ms (custom)
2019-11-12 23:20:06,931 [pool-162-thread-1] INFO  server.RaftServerConfigKeys (ConfUtils.java:logGet(43)) - raft.server.rpcslowness.timeout = 120s (custom)
2019-11-12 23:20:06,931 [pool-162-thread-1] INFO  server.RaftServerConfigKeys (ConfUtils.java:logGet(43)) - raft.server.sleep.deviation.threshold = 300 (default)
2019-11-12 23:20:06,931 [pool-162-thread-1] INFO  server.RaftServerConfigKeys (ConfUtils.java:logGet(43)) - raft.server.log.appender.install.snapshot.enabled = false (custom)
2019-11-12 23:20:06,932 [pool-162-thread-1] INFO  impl.RaftServerImpl (ServerState.java:<init>(103)) - 0abad138-b24b-47c7-afcb-ebb08d39de0a@group-DCB91DA26963: ConfigurationManager, init=-1: [80837678-b947-4bce-b966-fc20c0dfbdbf:192.168.164.209:33427, 0abad138-b24b-47c7-afcb-ebb08d39de0a:192.168.164.209:35002, b7cd9551-1bd0-408f-a1aa-df7bdc8ebd77:192.168.164.209:36523], old=null, confs=<EMPTY_MAP>
2019-11-12 23:20:06,932 [pool-162-thread-1] INFO  server.RaftServerConfigKeys (ConfUtils.java:logGet(43)) - raft.server.storage.dir = [/workdir/hadoop-ozone/integration-test/target/test-dir/MiniOzoneClusterImpl-526fdb7e-9c97-4370-88fe-75d8a071a2f3/datanode-1/data/ratis] (custom)
2019-11-12 23:20:06,932 [pool-162-thread-1] INFO  server.RaftServerConfigKeys (ConfUtils.java:logGet(43)) - raft.server.log.corruption.policy = EXCEPTION (default)
2019-11-12 23:20:06,932 [pool-172-thread-1] INFO  impl.RaftServerImpl (RaftServerImpl.java:<init>(98)) - 80837678-b947-4bce-b966-fc20c0dfbdbf: new RaftServerImpl for group-DCB91DA26963:[80837678-b947-4bce-b966-fc20c0dfbdbf:192.168.164.209:33427, 0abad138-b24b-47c7-afcb-ebb08d39de0a:192.168.164.209:35002, b7cd9551-1bd0-408f-a1aa-df7bdc8ebd77:192.168.164.209:36523] with ContainerStateMachine:uninitialized
2019-11-12 23:20:06,932 [pool-162-thread-1] INFO  storage.RaftStorageDirectory (RaftStorageDirectory.java:analyzeStorage(246)) - The storage directory /workdir/hadoop-ozone/integration-test/target/test-dir/MiniOzoneClusterImpl-526fdb7e-9c97-4370-88fe-75d8a071a2f3/datanode-1/data/ratis/0e287f3a-9310-4c4d-bb0e-dcb91da26963 does not exist. Creating ...
2019-11-12 23:20:06,932 [pool-172-thread-1] INFO  server.RaftServerConfigKeys (ConfUtils.java:logGet(43)) - raft.server.rpc.timeout.min = 1s (custom)
2019-11-12 23:20:06,932 [pool-172-thread-1] INFO  server.RaftServerConfigKeys (ConfUtils.java:logGet(43)) - raft.server.rpc.timeout.max = 1200ms (custom)
2019-11-12 23:20:06,933 [pool-172-thread-1] INFO  server.RaftServerConfigKeys (ConfUtils.java:logGet(43)) - raft.server.rpcslowness.timeout = 120s (custom)
2019-11-12 23:20:06,933 [pool-172-thread-1] INFO  server.RaftServerConfigKeys (ConfUtils.java:logGet(43)) - raft.server.sleep.deviation.threshold = 300 (default)
2019-11-12 23:20:06,933 [pool-172-thread-1] INFO  server.RaftServerConfigKeys (ConfUtils.java:logGet(43)) - raft.server.log.appender.install.snapshot.enabled = false (custom)
2019-11-12 23:20:06,933 [pool-172-thread-1] INFO  impl.RaftServerImpl (ServerState.java:<init>(103)) - 80837678-b947-4bce-b966-fc20c0dfbdbf@group-DCB91DA26963: ConfigurationManager, init=-1: [80837678-b947-4bce-b966-fc20c0dfbdbf:192.168.164.209:33427, 0abad138-b24b-47c7-afcb-ebb08d39de0a:192.168.164.209:35002, b7cd9551-1bd0-408f-a1aa-df7bdc8ebd77:192.168.164.209:36523], old=null, confs=<EMPTY_MAP>
2019-11-12 23:20:06,933 [pool-172-thread-1] INFO  server.RaftServerConfigKeys (ConfUtils.java:logGet(43)) - raft.server.storage.dir = [/workdir/hadoop-ozone/integration-test/target/test-dir/MiniOzoneClusterImpl-526fdb7e-9c97-4370-88fe-75d8a071a2f3/datanode-2/data/ratis] (custom)
2019-11-12 23:20:06,933 [pool-172-thread-1] INFO  server.RaftServerConfigKeys (ConfUtils.java:logGet(43)) - raft.server.log.corruption.policy = EXCEPTION (default)
2019-11-12 23:20:06,933 [pool-152-thread-1] INFO  impl.RaftServerImpl (RaftServerImpl.java:<init>(98)) - b7cd9551-1bd0-408f-a1aa-df7bdc8ebd77: new RaftServerImpl for group-DCB91DA26963:[80837678-b947-4bce-b966-fc20c0dfbdbf:192.168.164.209:33427, 0abad138-b24b-47c7-afcb-ebb08d39de0a:192.168.164.209:35002, b7cd9551-1bd0-408f-a1aa-df7bdc8ebd77:192.168.164.209:36523] with ContainerStateMachine:uninitialized
2019-11-12 23:20:06,933 [pool-172-thread-1] INFO  storage.RaftStorageDirectory (RaftStorageDirectory.java:analyzeStorage(246)) - The storage directory /workdir/hadoop-ozone/integration-test/target/test-dir/MiniOzoneClusterImpl-526fdb7e-9c97-4370-88fe-75d8a071a2f3/datanode-2/data/ratis/0e287f3a-9310-4c4d-bb0e-dcb91da26963 does not exist. Creating ...
2019-11-12 23:20:06,934 [pool-152-thread-1] INFO  server.RaftServerConfigKeys (ConfUtils.java:logGet(43)) - raft.server.rpc.timeout.min = 1s (custom)
2019-11-12 23:20:06,934 [pool-152-thread-1] INFO  server.RaftServerConfigKeys (ConfUtils.java:logGet(43)) - raft.server.rpc.timeout.max = 1200ms (custom)
2019-11-12 23:20:06,934 [pool-152-thread-1] INFO  server.RaftServerConfigKeys (ConfUtils.java:logGet(43)) - raft.server.rpcslowness.timeout = 120s (custom)
2019-11-12 23:20:06,934 [pool-152-thread-1] INFO  server.RaftServerConfigKeys (ConfUtils.java:logGet(43)) - raft.server.sleep.deviation.threshold = 300 (default)
2019-11-12 23:20:06,934 [pool-152-thread-1] INFO  server.RaftServerConfigKeys (ConfUtils.java:logGet(43)) - raft.server.log.appender.install.snapshot.enabled = false (custom)
2019-11-12 23:20:06,935 [pool-152-thread-1] INFO  impl.RaftServerImpl (ServerState.java:<init>(103)) - b7cd9551-1bd0-408f-a1aa-df7bdc8ebd77@group-DCB91DA26963: ConfigurationManager, init=-1: [80837678-b947-4bce-b966-fc20c0dfbdbf:192.168.164.209:33427, 0abad138-b24b-47c7-afcb-ebb08d39de0a:192.168.164.209:35002, b7cd9551-1bd0-408f-a1aa-df7bdc8ebd77:192.168.164.209:36523], old=null, confs=<EMPTY_MAP>
2019-11-12 23:20:06,935 [pool-152-thread-1] INFO  server.RaftServerConfigKeys (ConfUtils.java:logGet(43)) - raft.server.storage.dir = [/workdir/hadoop-ozone/integration-test/target/test-dir/MiniOzoneClusterImpl-526fdb7e-9c97-4370-88fe-75d8a071a2f3/datanode-0/data/ratis] (custom)
2019-11-12 23:20:06,935 [pool-152-thread-1] INFO  server.RaftServerConfigKeys (ConfUtils.java:logGet(43)) - raft.server.log.corruption.policy = EXCEPTION (default)
2019-11-12 23:20:06,935 [pool-152-thread-1] INFO  storage.RaftStorageDirectory (RaftStorageDirectory.java:analyzeStorage(246)) - The storage directory /workdir/hadoop-ozone/integration-test/target/test-dir/MiniOzoneClusterImpl-526fdb7e-9c97-4370-88fe-75d8a071a2f3/datanode-0/data/ratis/0e287f3a-9310-4c4d-bb0e-dcb91da26963 does not exist. Creating ...
2019-11-12 23:20:06,936 [pool-162-thread-1] INFO  storage.RaftStorageDirectory (RaftStorageDirectory.java:tryLock(328)) - Lock on /workdir/hadoop-ozone/integration-test/target/test-dir/MiniOzoneClusterImpl-526fdb7e-9c97-4370-88fe-75d8a071a2f3/datanode-1/data/ratis/0e287f3a-9310-4c4d-bb0e-dcb91da26963/in_use.lock acquired by nodename 11303@pr-hdds-2464-qsgcv-431919947
2019-11-12 23:20:06,942 [pool-172-thread-1] INFO  storage.RaftStorageDirectory (RaftStorageDirectory.java:tryLock(328)) - Lock on /workdir/hadoop-ozone/integration-test/target/test-dir/MiniOzoneClusterImpl-526fdb7e-9c97-4370-88fe-75d8a071a2f3/datanode-2/data/ratis/0e287f3a-9310-4c4d-bb0e-dcb91da26963/in_use.lock acquired by nodename 11303@pr-hdds-2464-qsgcv-431919947
2019-11-12 23:20:06,942 [pool-162-thread-1] INFO  storage.RaftStorage (RaftStorage.java:format(84)) - Storage directory /workdir/hadoop-ozone/integration-test/target/test-dir/MiniOzoneClusterImpl-526fdb7e-9c97-4370-88fe-75d8a071a2f3/datanode-1/data/ratis/0e287f3a-9310-4c4d-bb0e-dcb91da26963 has been successfully formatted.
2019-11-12 23:20:06,942 [pool-152-thread-1] INFO  storage.RaftStorageDirectory (RaftStorageDirectory.java:tryLock(328)) - Lock on /workdir/hadoop-ozone/integration-test/target/test-dir/MiniOzoneClusterImpl-526fdb7e-9c97-4370-88fe-75d8a071a2f3/datanode-0/data/ratis/0e287f3a-9310-4c4d-bb0e-dcb91da26963/in_use.lock acquired by nodename 11303@pr-hdds-2464-qsgcv-431919947
2019-11-12 23:20:06,942 [pool-162-thread-1] INFO  ratis.ContainerStateMachine (ContainerStateMachine.java:loadSnapshot(223)) - group-DCB91DA26963: The snapshot info is null. Setting the last applied indexto:(t:0, i:~)
2019-11-12 23:20:06,942 [pool-162-thread-1] INFO  server.RaftServerConfigKeys (ConfUtils.java:logGet(43)) - raft.server.notification.no-leader.timeout = 120s (custom)
2019-11-12 23:20:06,943 [pool-162-thread-1] INFO  server.RaftServerConfigKeys (ConfUtils.java:logGet(43)) - raft.server.log.use.memory = false (default)
2019-11-12 23:20:06,943 [pool-162-thread-1] INFO  server.RaftServerConfigKeys (ConfUtils.java:logGet(43)) - raft.server.log.purge.gap = 1000000 (custom)
2019-11-12 23:20:06,943 [pool-162-thread-1] INFO  server.RaftServerConfigKeys (ConfUtils.java:logGet(43)) - raft.server.log.appender.buffer.byte-limit = 33554432 (custom)
2019-11-12 23:20:06,943 [pool-162-thread-1] INFO  server.RaftServerConfigKeys (ConfUtils.java:logGet(43)) - raft.server.log.segment.size.max = 1048576 (custom)
2019-11-12 23:20:06,943 [pool-162-thread-1] INFO  server.RaftServerConfigKeys (ConfUtils.java:logGet(43)) - raft.server.log.segment.cache.num.max = 2 (custom)
2019-11-12 23:20:06,943 [pool-162-thread-1] INFO  segmented.SegmentedRaftLogWorker (SegmentedRaftLogWorker.java:<init>(173)) - new 0abad138-b24b-47c7-afcb-ebb08d39de0a@group-DCB91DA26963-SegmentedRaftLogWorker for RaftStorage:Storage Directory /workdir/hadoop-ozone/integration-test/target/test-dir/MiniOzoneClusterImpl-526fdb7e-9c97-4370-88fe-75d8a071a2f3/datanode-1/data/ratis/0e287f3a-9310-4c4d-bb0e-dcb91da26963
2019-11-12 23:20:06,943 [pool-162-thread-1] INFO  server.RaftServerConfigKeys (ConfUtils.java:logGet(43)) - raft.server.log.queue.byte-limit = 2147483647 (custom)
2019-11-12 23:20:06,943 [pool-162-thread-1] INFO  server.RaftServerConfigKeys (ConfUtils.java:logGet(43)) - raft.server.log.queue.element-limit = 1024 (custom)
2019-11-12 23:20:06,944 [pool-162-thread-1] INFO  server.RaftServerConfigKeys (ConfUtils.java:logGet(43)) - raft.server.log.segment.size.max = 1048576 (custom)
2019-11-12 23:20:06,944 [pool-162-thread-1] INFO  server.RaftServerConfigKeys (ConfUtils.java:logGet(43)) - raft.server.log.preallocated.size = 16384 (custom)
2019-11-12 23:20:06,944 [pool-162-thread-1] INFO  server.RaftServerConfigKeys (ConfUtils.java:logGet(43)) - raft.server.log.write.buffer.size = 33554432 (custom)
2019-11-12 23:20:06,944 [pool-162-thread-1] INFO  server.RaftServerConfigKeys (ConfUtils.java:logGet(43)) - raft.server.log.force.sync.num = 128 (default)
2019-11-12 23:20:06,944 [pool-162-thread-1] INFO  server.RaftServerConfigKeys (ConfUtils.java:logGet(43)) - raft.server.log.statemachine.data.sync = true (default)
2019-11-12 23:20:06,944 [pool-162-thread-1] INFO  server.RaftServerConfigKeys (ConfUtils.java:logGet(43)) - raft.server.log.statemachine.data.sync.timeout = 10s (default)
2019-11-12 23:20:06,944 [pool-162-thread-1] INFO  server.RaftServerConfigKeys (ConfUtils.java:logGet(43)) - raft.server.log.statemachine.data.sync.timeout.retry = -1 (default)
2019-11-12 23:20:06,944 [pool-162-thread-1] INFO  server.RaftServerConfigKeys (ConfUtils.java:logGet(43)) - raft.server.log.statemachine.data.caching.enabled = true (custom)
2019-11-12 23:20:06,947 [pool-162-thread-1] INFO  segmented.SegmentedRaftLogWorker (SegmentedRaftLogWorker.java:lambda$new$0(128)) - 0abad138-b24b-47c7-afcb-ebb08d39de0a@group-DCB91DA26963-SegmentedRaftLogWorker: flushIndex: setUnconditionally 0 -> -1
2019-11-12 23:20:06,947 [pool-162-thread-1] INFO  server.RaftServerConfigKeys (ConfUtils.java:logGet(43)) - raft.server.snapshot.auto.trigger.enabled = true (custom)
2019-11-12 23:20:06,948 [pool-162-thread-1] INFO  server.RaftServerConfigKeys (ConfUtils.java:logGet(43)) - raft.server.snapshot.auto.trigger.threshold = 10000 (custom)
2019-11-12 23:20:06,948 [pool-162-thread-1] INFO  server.RaftServerConfigKeys (ConfUtils.java:logGet(43)) - raft.server.snapshot.retention.file.num = 5 (custom)
2019-11-12 23:20:06,948 [pool-162-thread-1] INFO  server.RaftServerConfigKeys (ConfUtils.java:logGet(43)) - raft.server.retrycache.expirytime = 600000ms (custom)
2019-11-12 23:20:06,948 [pool-162-thread-1] WARN  impl.MetricRegistriesImpl (MetricRegistriesImpl.java:lambda$create$1(61)) - First MetricRegistry has been created without registering reporters. You may need to call MetricRegistries.global().addReportRegistration(...) before.
2019-11-12 23:20:06,948 [pool-162-thread-1] WARN  impl.MetricRegistriesImpl (MetricRegistriesImpl.java:lambda$create$1(61)) - First MetricRegistry has been created without registering reporters. You may need to call MetricRegistries.global().addReportRegistration(...) before.
2019-11-12 23:20:06,948 [pool-162-thread-1] INFO  impl.RaftServerImpl (RaftServerImpl.java:start(184)) - 0abad138-b24b-47c7-afcb-ebb08d39de0a@group-DCB91DA26963: start as a follower, conf=-1: [80837678-b947-4bce-b966-fc20c0dfbdbf:192.168.164.209:33427, 0abad138-b24b-47c7-afcb-ebb08d39de0a:192.168.164.209:35002, b7cd9551-1bd0-408f-a1aa-df7bdc8ebd77:192.168.164.209:36523], old=null
2019-11-12 23:20:06,948 [pool-152-thread-1] INFO  storage.RaftStorage (RaftStorage.java:format(84)) - Storage directory /workdir/hadoop-ozone/integration-test/target/test-dir/MiniOzoneClusterImpl-526fdb7e-9c97-4370-88fe-75d8a071a2f3/datanode-0/data/ratis/0e287f3a-9310-4c4d-bb0e-dcb91da26963 has been successfully formatted.
2019-11-12 23:20:06,948 [pool-172-thread-1] INFO  storage.RaftStorage (RaftStorage.java:format(84)) - Storage directory /workdir/hadoop-ozone/integration-test/target/test-dir/MiniOzoneClusterImpl-526fdb7e-9c97-4370-88fe-75d8a071a2f3/datanode-2/data/ratis/0e287f3a-9310-4c4d-bb0e-dcb91da26963 has been successfully formatted.
2019-11-12 23:20:06,948 [pool-162-thread-1] INFO  impl.RaftServerImpl (RaftServerImpl.java:setRole(173)) - 0abad138-b24b-47c7-afcb-ebb08d39de0a@group-DCB91DA26963: changes role from      null to FOLLOWER at term 0 for startAsFollower
2019-11-12 23:20:06,949 [pool-152-thread-1] INFO  ratis.ContainerStateMachine (ContainerStateMachine.java:loadSnapshot(223)) - group-DCB91DA26963: The snapshot info is null. Setting the last applied indexto:(t:0, i:~)
2019-11-12 23:20:06,949 [pool-172-thread-1] INFO  ratis.ContainerStateMachine (ContainerStateMachine.java:loadSnapshot(223)) - group-DCB91DA26963: The snapshot info is null. Setting the last applied indexto:(t:0, i:~)
2019-11-12 23:20:06,949 [pool-162-thread-1] INFO  impl.RoleInfo (RoleInfo.java:updateAndGet(143)) - 0abad138-b24b-47c7-afcb-ebb08d39de0a: start FollowerState
2019-11-12 23:20:06,949 [pool-172-thread-1] INFO  server.RaftServerConfigKeys (ConfUtils.java:logGet(43)) - raft.server.notification.no-leader.timeout = 120s (custom)
2019-11-12 23:20:06,949 [pool-152-thread-1] INFO  server.RaftServerConfigKeys (ConfUtils.java:logGet(43)) - raft.server.notification.no-leader.timeout = 120s (custom)
2019-11-12 23:20:06,949 [pool-172-thread-1] INFO  server.RaftServerConfigKeys (ConfUtils.java:logGet(43)) - raft.server.log.use.memory = false (default)
2019-11-12 23:20:06,950 [pool-162-thread-1] INFO  util.JmxRegister (JmxRegister.java:tryRegister(44)) - Successfully registered JMX Bean with object name Ratis:service=RaftServer,group=group-DCB91DA26963,id=0abad138-b24b-47c7-afcb-ebb08d39de0a
2019-11-12 23:20:06,950 [pool-152-thread-1] INFO  server.RaftServerConfigKeys (ConfUtils.java:logGet(43)) - raft.server.log.use.memory = false (default)
2019-11-12 23:20:06,950 [pool-162-thread-1] WARN  impl.MetricRegistriesImpl (MetricRegistriesImpl.java:lambda$create$1(61)) - First MetricRegistry has been created without registering reporters. You may need to call MetricRegistries.global().addReportRegistration(...) before.
2019-11-12 23:20:06,950 [pool-172-thread-1] INFO  server.RaftServerConfigKeys (ConfUtils.java:logGet(43)) - raft.server.log.purge.gap = 1000000 (custom)
2019-11-12 23:20:06,950 [pool-152-thread-1] INFO  server.RaftServerConfigKeys (ConfUtils.java:logGet(43)) - raft.server.log.purge.gap = 1000000 (custom)
2019-11-12 23:20:06,950 [pool-172-thread-1] INFO  server.RaftServerConfigKeys (ConfUtils.java:logGet(43)) - raft.server.log.appender.buffer.byte-limit = 33554432 (custom)
2019-11-12 23:20:06,950 [pool-152-thread-1] INFO  server.RaftServerConfigKeys (ConfUtils.java:logGet(43)) - raft.server.log.appender.buffer.byte-limit = 33554432 (custom)
2019-11-12 23:20:06,950 [pool-172-thread-1] INFO  server.RaftServerConfigKeys (ConfUtils.java:logGet(43)) - raft.server.log.segment.size.max = 1048576 (custom)
2019-11-12 23:20:06,951 [pool-152-thread-1] INFO  server.RaftServerConfigKeys (ConfUtils.java:logGet(43)) - raft.server.log.segment.size.max = 1048576 (custom)
2019-11-12 23:20:06,951 [pool-172-thread-1] INFO  server.RaftServerConfigKeys (ConfUtils.java:logGet(43)) - raft.server.log.segment.cache.num.max = 2 (custom)
2019-11-12 23:20:06,951 [pool-152-thread-1] INFO  server.RaftServerConfigKeys (ConfUtils.java:logGet(43)) - raft.server.log.segment.cache.num.max = 2 (custom)
2019-11-12 23:20:06,951 [pool-172-thread-1] INFO  segmented.SegmentedRaftLogWorker (SegmentedRaftLogWorker.java:<init>(173)) - new 80837678-b947-4bce-b966-fc20c0dfbdbf@group-DCB91DA26963-SegmentedRaftLogWorker for RaftStorage:Storage Directory /workdir/hadoop-ozone/integration-test/target/test-dir/MiniOzoneClusterImpl-526fdb7e-9c97-4370-88fe-75d8a071a2f3/datanode-2/data/ratis/0e287f3a-9310-4c4d-bb0e-dcb91da26963
2019-11-12 23:20:06,951 [pool-152-thread-1] INFO  segmented.SegmentedRaftLogWorker (SegmentedRaftLogWorker.java:<init>(173)) - new b7cd9551-1bd0-408f-a1aa-df7bdc8ebd77@group-DCB91DA26963-SegmentedRaftLogWorker for RaftStorage:Storage Directory /workdir/hadoop-ozone/integration-test/target/test-dir/MiniOzoneClusterImpl-526fdb7e-9c97-4370-88fe-75d8a071a2f3/datanode-0/data/ratis/0e287f3a-9310-4c4d-bb0e-dcb91da26963
2019-11-12 23:20:06,951 [pool-172-thread-1] INFO  server.RaftServerConfigKeys (ConfUtils.java:logGet(43)) - raft.server.log.queue.byte-limit = 2147483647 (custom)
2019-11-12 23:20:06,951 [pool-152-thread-1] INFO  server.RaftServerConfigKeys (ConfUtils.java:logGet(43)) - raft.server.log.queue.byte-limit = 2147483647 (custom)
2019-11-12 23:20:06,952 [pool-172-thread-1] INFO  server.RaftServerConfigKeys (ConfUtils.java:logGet(43)) - raft.server.log.queue.element-limit = 1024 (custom)
2019-11-12 23:20:06,952 [pool-152-thread-1] INFO  server.RaftServerConfigKeys (ConfUtils.java:logGet(43)) - raft.server.log.queue.element-limit = 1024 (custom)
2019-11-12 23:20:06,952 [pool-172-thread-1] INFO  server.RaftServerConfigKeys (ConfUtils.java:logGet(43)) - raft.server.log.segment.size.max = 1048576 (custom)
2019-11-12 23:20:06,952 [pool-172-thread-1] INFO  server.RaftServerConfigKeys (ConfUtils.java:logGet(43)) - raft.server.log.preallocated.size = 16384 (custom)
2019-11-12 23:20:06,952 [pool-152-thread-1] INFO  server.RaftServerConfigKeys (ConfUtils.java:logGet(43)) - raft.server.log.segment.size.max = 1048576 (custom)
2019-11-12 23:20:06,952 [pool-172-thread-1] INFO  server.RaftServerConfigKeys (ConfUtils.java:logGet(43)) - raft.server.log.write.buffer.size = 33554432 (custom)
2019-11-12 23:20:06,952 [pool-152-thread-1] INFO  server.RaftServerConfigKeys (ConfUtils.java:logGet(43)) - raft.server.log.preallocated.size = 16384 (custom)
2019-11-12 23:20:06,953 [pool-172-thread-1] INFO  server.RaftServerConfigKeys (ConfUtils.java:logGet(43)) - raft.server.log.force.sync.num = 128 (default)
2019-11-12 23:20:06,953 [pool-152-thread-1] INFO  server.RaftServerConfigKeys (ConfUtils.java:logGet(43)) - raft.server.log.write.buffer.size = 33554432 (custom)
2019-11-12 23:20:06,953 [pool-172-thread-1] INFO  server.RaftServerConfigKeys (ConfUtils.java:logGet(43)) - raft.server.log.statemachine.data.sync = true (default)
2019-11-12 23:20:06,953 [pool-152-thread-1] INFO  server.RaftServerConfigKeys (ConfUtils.java:logGet(43)) - raft.server.log.force.sync.num = 128 (default)
2019-11-12 23:20:06,953 [pool-172-thread-1] INFO  server.RaftServerConfigKeys (ConfUtils.java:logGet(43)) - raft.server.log.statemachine.data.sync.timeout = 10s (default)
2019-11-12 23:20:06,953 [pool-152-thread-1] INFO  server.RaftServerConfigKeys (ConfUtils.java:logGet(43)) - raft.server.log.statemachine.data.sync = true (default)
2019-11-12 23:20:06,953 [pool-172-thread-1] INFO  server.RaftServerConfigKeys (ConfUtils.java:logGet(43)) - raft.server.log.statemachine.data.sync.timeout.retry = -1 (default)
2019-11-12 23:20:06,953 [pool-152-thread-1] INFO  server.RaftServerConfigKeys (ConfUtils.java:logGet(43)) - raft.server.log.statemachine.data.sync.timeout = 10s (default)
2019-11-12 23:20:06,954 [pool-172-thread-1] INFO  server.RaftServerConfigKeys (ConfUtils.java:logGet(43)) - raft.server.log.statemachine.data.caching.enabled = true (custom)
2019-11-12 23:20:06,954 [pool-152-thread-1] INFO  server.RaftServerConfigKeys (ConfUtils.java:logGet(43)) - raft.server.log.statemachine.data.sync.timeout.retry = -1 (default)
2019-11-12 23:20:06,954 [pool-172-thread-1] INFO  segmented.SegmentedRaftLogWorker (SegmentedRaftLogWorker.java:lambda$new$0(128)) - 80837678-b947-4bce-b966-fc20c0dfbdbf@group-DCB91DA26963-SegmentedRaftLogWorker: flushIndex: setUnconditionally 0 -> -1
2019-11-12 23:20:06,954 [pool-152-thread-1] INFO  server.RaftServerConfigKeys (ConfUtils.java:logGet(43)) - raft.server.log.statemachine.data.caching.enabled = true (custom)
2019-11-12 23:20:06,954 [pool-172-thread-1] INFO  server.RaftServerConfigKeys (ConfUtils.java:logGet(43)) - raft.server.snapshot.auto.trigger.enabled = true (custom)
2019-11-12 23:20:06,954 [pool-172-thread-1] INFO  server.RaftServerConfigKeys (ConfUtils.java:logGet(43)) - raft.server.snapshot.auto.trigger.threshold = 10000 (custom)
2019-11-12 23:20:06,955 [pool-152-thread-1] INFO  segmented.SegmentedRaftLogWorker (SegmentedRaftLogWorker.java:lambda$new$0(128)) - b7cd9551-1bd0-408f-a1aa-df7bdc8ebd77@group-DCB91DA26963-SegmentedRaftLogWorker: flushIndex: setUnconditionally 0 -> -1
2019-11-12 23:20:06,955 [pool-172-thread-1] INFO  server.RaftServerConfigKeys (ConfUtils.java:logGet(43)) - raft.server.snapshot.retention.file.num = 5 (custom)
2019-11-12 23:20:06,955 [pool-152-thread-1] INFO  server.RaftServerConfigKeys (ConfUtils.java:logGet(43)) - raft.server.snapshot.auto.trigger.enabled = true (custom)
2019-11-12 23:20:06,955 [pool-172-thread-1] INFO  server.RaftServerConfigKeys (ConfUtils.java:logGet(43)) - raft.server.retrycache.expirytime = 600000ms (custom)
2019-11-12 23:20:06,955 [pool-152-thread-1] INFO  server.RaftServerConfigKeys (ConfUtils.java:logGet(43)) - raft.server.snapshot.auto.trigger.threshold = 10000 (custom)
2019-11-12 23:20:06,955 [pool-172-thread-1] WARN  impl.MetricRegistriesImpl (MetricRegistriesImpl.java:lambda$create$1(61)) - First MetricRegistry has been created without registering reporters. You may need to call MetricRegistries.global().addReportRegistration(...) before.
2019-11-12 23:20:06,955 [pool-152-thread-1] INFO  server.RaftServerConfigKeys (ConfUtils.java:logGet(43)) - raft.server.snapshot.retention.file.num = 5 (custom)
2019-11-12 23:20:06,955 [pool-172-thread-1] WARN  impl.MetricRegistriesImpl (MetricRegistriesImpl.java:lambda$create$1(61)) - First MetricRegistry has been created without registering reporters. You may need to call MetricRegistries.global().addReportRegistration(...) before.
2019-11-12 23:20:06,956 [pool-152-thread-1] INFO  server.RaftServerConfigKeys (ConfUtils.java:logGet(43)) - raft.server.retrycache.expirytime = 600000ms (custom)
2019-11-12 23:20:06,956 [pool-172-thread-1] INFO  impl.RaftServerImpl (RaftServerImpl.java:start(184)) - 80837678-b947-4bce-b966-fc20c0dfbdbf@group-DCB91DA26963: start as a follower, conf=-1: [80837678-b947-4bce-b966-fc20c0dfbdbf:192.168.164.209:33427, 0abad138-b24b-47c7-afcb-ebb08d39de0a:192.168.164.209:35002, b7cd9551-1bd0-408f-a1aa-df7bdc8ebd77:192.168.164.209:36523], old=null
2019-11-12 23:20:06,956 [pool-152-thread-1] WARN  impl.MetricRegistriesImpl (MetricRegistriesImpl.java:lambda$create$1(61)) - First MetricRegistry has been created without registering reporters. You may need to call MetricRegistries.global().addReportRegistration(...) before.
2019-11-12 23:20:06,956 [pool-172-thread-1] INFO  impl.RaftServerImpl (RaftServerImpl.java:setRole(173)) - 80837678-b947-4bce-b966-fc20c0dfbdbf@group-DCB91DA26963: changes role from      null to FOLLOWER at term 0 for startAsFollower
2019-11-12 23:20:06,956 [pool-152-thread-1] WARN  impl.MetricRegistriesImpl (MetricRegistriesImpl.java:lambda$create$1(61)) - First MetricRegistry has been created without registering reporters. You may need to call MetricRegistries.global().addReportRegistration(...) before.
2019-11-12 23:20:06,956 [pool-172-thread-1] INFO  impl.RoleInfo (RoleInfo.java:updateAndGet(143)) - 80837678-b947-4bce-b966-fc20c0dfbdbf: start FollowerState
2019-11-12 23:20:06,956 [pool-152-thread-1] INFO  impl.RaftServerImpl (RaftServerImpl.java:start(184)) - b7cd9551-1bd0-408f-a1aa-df7bdc8ebd77@group-DCB91DA26963: start as a follower, conf=-1: [80837678-b947-4bce-b966-fc20c0dfbdbf:192.168.164.209:33427, 0abad138-b24b-47c7-afcb-ebb08d39de0a:192.168.164.209:35002, b7cd9551-1bd0-408f-a1aa-df7bdc8ebd77:192.168.164.209:36523], old=null
2019-11-12 23:20:06,957 [pool-152-thread-1] INFO  impl.RaftServerImpl (RaftServerImpl.java:setRole(173)) - b7cd9551-1bd0-408f-a1aa-df7bdc8ebd77@group-DCB91DA26963: changes role from      null to FOLLOWER at term 0 for startAsFollower
2019-11-12 23:20:06,957 [pool-172-thread-1] INFO  util.JmxRegister (JmxRegister.java:tryRegister(44)) - Successfully registered JMX Bean with object name Ratis:service=RaftServer,group=group-DCB91DA26963,id=80837678-b947-4bce-b966-fc20c0dfbdbf
2019-11-12 23:20:06,957 [pool-152-thread-1] INFO  impl.RoleInfo (RoleInfo.java:updateAndGet(143)) - b7cd9551-1bd0-408f-a1aa-df7bdc8ebd77: start FollowerState
2019-11-12 23:20:06,957 [pool-172-thread-1] WARN  impl.MetricRegistriesImpl (MetricRegistriesImpl.java:lambda$create$1(61)) - First MetricRegistry has been created without registering reporters. You may need to call MetricRegistries.global().addReportRegistration(...) before.
2019-11-12 23:20:06,957 [pool-152-thread-1] INFO  util.JmxRegister (JmxRegister.java:tryRegister(44)) - Successfully registered JMX Bean with object name Ratis:service=RaftServer,group=group-DCB91DA26963,id=b7cd9551-1bd0-408f-a1aa-df7bdc8ebd77
2019-11-12 23:20:06,958 [pool-152-thread-1] WARN  impl.MetricRegistriesImpl (MetricRegistriesImpl.java:lambda$create$1(61)) - First MetricRegistry has been created without registering reporters. You may need to call MetricRegistries.global().addReportRegistration(...) before.
2019-11-12 23:20:06,960 [IPC Server handler 1 on 44731] INFO  net.NetworkTopology (NetworkTopologyImpl.java:add(111)) - Added a new node: /default-rack/42d95ea6-05d3-4ca4-82ca-ed08e1855e99
2019-11-12 23:20:06,960 [RatisPipelineUtilsThread] INFO  pipeline.PipelineStateManager (PipelineStateManager.java:addPipeline(55)) - Created pipeline Pipeline[ Id: 0e287f3a-9310-4c4d-bb0e-dcb91da26963, Nodes: 80837678-b947-4bce-b966-fc20c0dfbdbf{ip: 192.168.164.209, host: pr-hdds-2464-qsgcv-431919947, networkLocation: /default-rack, certSerialId: null}0abad138-b24b-47c7-afcb-ebb08d39de0a{ip: 192.168.164.209, host: pr-hdds-2464-qsgcv-431919947, networkLocation: /default-rack, certSerialId: null}b7cd9551-1bd0-408f-a1aa-df7bdc8ebd77{ip: 192.168.164.209, host: pr-hdds-2464-qsgcv-431919947, networkLocation: /default-rack, certSerialId: null}, Type:RATIS, Factor:THREE, State:ALLOCATED]
2019-11-12 23:20:06,960 [IPC Server handler 1 on 44731] INFO  node.SCMNodeManager (SCMNodeManager.java:register(267)) - Registered Data node : 42d95ea6-05d3-4ca4-82ca-ed08e1855e99{ip: 192.168.164.209, host: pr-hdds-2464-qsgcv-431919947, networkLocation: /default-rack, certSerialId: null}
2019-11-12 23:20:07,027 [IPC Server handler 2 on 44731] INFO  net.NetworkTopology (NetworkTopologyImpl.java:add(111)) - Added a new node: /default-rack/d20ba3f6-e96e-4597-ba1c-bac940786bea
2019-11-12 23:20:07,029 [IPC Server handler 2 on 44731] INFO  node.SCMNodeManager (SCMNodeManager.java:register(267)) - Registered Data node : d20ba3f6-e96e-4597-ba1c-bac940786bea{ip: 192.168.164.209, host: pr-hdds-2464-qsgcv-431919947, networkLocation: /default-rack, certSerialId: null}
2019-11-12 23:20:07,038 [grpc-default-executor-8] INFO  impl.RaftServerProxy (RaftServerProxy.java:addNew(89)) - d20ba3f6-e96e-4597-ba1c-bac940786bea: addNew group-8872D07B5C88:[d20ba3f6-e96e-4597-ba1c-bac940786bea:192.168.164.209:36673] returns group-8872D07B5C88:java.util.concurrent.CompletableFuture@31238842[Not completed]
2019-11-12 23:20:07,039 [pool-192-thread-1] INFO  impl.RaftServerImpl (RaftServerImpl.java:<init>(98)) - d20ba3f6-e96e-4597-ba1c-bac940786bea: new RaftServerImpl for group-8872D07B5C88:[d20ba3f6-e96e-4597-ba1c-bac940786bea:192.168.164.209:36673] with ContainerStateMachine:uninitialized
2019-11-12 23:20:07,040 [pool-192-thread-1] INFO  server.RaftServerConfigKeys (ConfUtils.java:logGet(43)) - raft.server.rpc.timeout.min = 1s (custom)
2019-11-12 23:20:07,040 [pool-192-thread-1] INFO  server.RaftServerConfigKeys (ConfUtils.java:logGet(43)) - raft.server.rpc.timeout.max = 1200ms (custom)
2019-11-12 23:20:07,040 [pool-192-thread-1] INFO  server.RaftServerConfigKeys (ConfUtils.java:logGet(43)) - raft.server.rpcslowness.timeout = 120s (custom)
2019-11-12 23:20:07,040 [pool-192-thread-1] INFO  server.RaftServerConfigKeys (ConfUtils.java:logGet(43)) - raft.server.sleep.deviation.threshold = 300 (default)
2019-11-12 23:20:07,040 [pool-192-thread-1] INFO  server.RaftServerConfigKeys (ConfUtils.java:logGet(43)) - raft.server.log.appender.install.snapshot.enabled = false (custom)
2019-11-12 23:20:07,040 [pool-192-thread-1] INFO  impl.RaftServerImpl (ServerState.java:<init>(103)) - d20ba3f6-e96e-4597-ba1c-bac940786bea@group-8872D07B5C88: ConfigurationManager, init=-1: [d20ba3f6-e96e-4597-ba1c-bac940786bea:192.168.164.209:36673], old=null, confs=<EMPTY_MAP>
2019-11-12 23:20:07,040 [pool-192-thread-1] INFO  server.RaftServerConfigKeys (ConfUtils.java:logGet(43)) - raft.server.storage.dir = [/workdir/hadoop-ozone/integration-test/target/test-dir/MiniOzoneClusterImpl-526fdb7e-9c97-4370-88fe-75d8a071a2f3/datanode-4/data/ratis] (custom)
2019-11-12 23:20:07,041 [pool-192-thread-1] INFO  server.RaftServerConfigKeys (ConfUtils.java:logGet(43)) - raft.server.log.corruption.policy = EXCEPTION (default)
2019-11-12 23:20:07,041 [pool-192-thread-1] INFO  storage.RaftStorageDirectory (RaftStorageDirectory.java:analyzeStorage(246)) - The storage directory /workdir/hadoop-ozone/integration-test/target/test-dir/MiniOzoneClusterImpl-526fdb7e-9c97-4370-88fe-75d8a071a2f3/datanode-4/data/ratis/504a59ae-6cb4-474d-b47a-8872d07b5c88 does not exist. Creating ...
2019-11-12 23:20:07,059 [pool-192-thread-1] INFO  storage.RaftStorageDirectory (RaftStorageDirectory.java:tryLock(328)) - Lock on /workdir/hadoop-ozone/integration-test/target/test-dir/MiniOzoneClusterImpl-526fdb7e-9c97-4370-88fe-75d8a071a2f3/datanode-4/data/ratis/504a59ae-6cb4-474d-b47a-8872d07b5c88/in_use.lock acquired by nodename 11303@pr-hdds-2464-qsgcv-431919947
2019-11-12 23:20:07,073 [pool-192-thread-1] INFO  storage.RaftStorage (RaftStorage.java:format(84)) - Storage directory /workdir/hadoop-ozone/integration-test/target/test-dir/MiniOzoneClusterImpl-526fdb7e-9c97-4370-88fe-75d8a071a2f3/datanode-4/data/ratis/504a59ae-6cb4-474d-b47a-8872d07b5c88 has been successfully formatted.
2019-11-12 23:20:07,073 [pool-192-thread-1] INFO  ratis.ContainerStateMachine (ContainerStateMachine.java:loadSnapshot(223)) - group-8872D07B5C88: The snapshot info is null. Setting the last applied indexto:(t:0, i:~)
2019-11-12 23:20:07,073 [pool-192-thread-1] INFO  server.RaftServerConfigKeys (ConfUtils.java:logGet(43)) - raft.server.notification.no-leader.timeout = 120s (custom)
2019-11-12 23:20:07,073 [pool-192-thread-1] INFO  server.RaftServerConfigKeys (ConfUtils.java:logGet(43)) - raft.server.log.use.memory = false (default)
2019-11-12 23:20:07,073 [pool-192-thread-1] INFO  server.RaftServerConfigKeys (ConfUtils.java:logGet(43)) - raft.server.log.purge.gap = 1000000 (custom)
2019-11-12 23:20:07,074 [pool-192-thread-1] INFO  server.RaftServerConfigKeys (ConfUtils.java:logGet(43)) - raft.server.log.appender.buffer.byte-limit = 33554432 (custom)
2019-11-12 23:20:07,074 [pool-192-thread-1] INFO  server.RaftServerConfigKeys (ConfUtils.java:logGet(43)) - raft.server.log.segment.size.max = 1048576 (custom)
2019-11-12 23:20:07,074 [pool-192-thread-1] WARN  impl.MetricRegistriesImpl (MetricRegistriesImpl.java:lambda$create$1(61)) - First MetricRegistry has been created without registering reporters. You may need to call MetricRegistries.global().addReportRegistration(...) before.
2019-11-12 23:20:07,074 [pool-192-thread-1] INFO  server.RaftServerConfigKeys (ConfUtils.java:logGet(43)) - raft.server.log.segment.cache.num.max = 2 (custom)
2019-11-12 23:20:07,074 [pool-192-thread-1] INFO  segmented.SegmentedRaftLogWorker (SegmentedRaftLogWorker.java:<init>(173)) - new d20ba3f6-e96e-4597-ba1c-bac940786bea@group-8872D07B5C88-SegmentedRaftLogWorker for RaftStorage:Storage Directory /workdir/hadoop-ozone/integration-test/target/test-dir/MiniOzoneClusterImpl-526fdb7e-9c97-4370-88fe-75d8a071a2f3/datanode-4/data/ratis/504a59ae-6cb4-474d-b47a-8872d07b5c88
2019-11-12 23:20:07,074 [pool-192-thread-1] INFO  server.RaftServerConfigKeys (ConfUtils.java:logGet(43)) - raft.server.log.queue.byte-limit = 2147483647 (custom)
2019-11-12 23:20:07,074 [pool-192-thread-1] INFO  server.RaftServerConfigKeys (ConfUtils.java:logGet(43)) - raft.server.log.queue.element-limit = 1024 (custom)
2019-11-12 23:20:07,075 [pool-192-thread-1] INFO  server.RaftServerConfigKeys (ConfUtils.java:logGet(43)) - raft.server.log.segment.size.max = 1048576 (custom)
2019-11-12 23:20:07,075 [pool-192-thread-1] INFO  server.RaftServerConfigKeys (ConfUtils.java:logGet(43)) - raft.server.log.preallocated.size = 16384 (custom)
2019-11-12 23:20:07,075 [pool-192-thread-1] INFO  server.RaftServerConfigKeys (ConfUtils.java:logGet(43)) - raft.server.log.write.buffer.size = 33554432 (custom)
2019-11-12 23:20:07,075 [pool-192-thread-1] INFO  server.RaftServerConfigKeys (ConfUtils.java:logGet(43)) - raft.server.log.force.sync.num = 128 (default)
2019-11-12 23:20:07,075 [pool-192-thread-1] INFO  server.RaftServerConfigKeys (ConfUtils.java:logGet(43)) - raft.server.log.statemachine.data.sync = true (default)
2019-11-12 23:20:07,075 [pool-192-thread-1] INFO  server.RaftServerConfigKeys (ConfUtils.java:logGet(43)) - raft.server.log.statemachine.data.sync.timeout = 10s (default)
2019-11-12 23:20:07,075 [pool-192-thread-1] INFO  server.RaftServerConfigKeys (ConfUtils.java:logGet(43)) - raft.server.log.statemachine.data.sync.timeout.retry = -1 (default)
2019-11-12 23:20:07,076 [pool-192-thread-1] INFO  server.RaftServerConfigKeys (ConfUtils.java:logGet(43)) - raft.server.log.statemachine.data.caching.enabled = true (custom)
2019-11-12 23:20:07,076 [pool-192-thread-1] INFO  segmented.SegmentedRaftLogWorker (SegmentedRaftLogWorker.java:lambda$new$0(128)) - d20ba3f6-e96e-4597-ba1c-bac940786bea@group-8872D07B5C88-SegmentedRaftLogWorker: flushIndex: setUnconditionally 0 -> -1
2019-11-12 23:20:07,076 [pool-192-thread-1] INFO  server.RaftServerConfigKeys (ConfUtils.java:logGet(43)) - raft.server.snapshot.auto.trigger.enabled = true (custom)
2019-11-12 23:20:07,076 [pool-192-thread-1] INFO  server.RaftServerConfigKeys (ConfUtils.java:logGet(43)) - raft.server.snapshot.auto.trigger.threshold = 10000 (custom)
2019-11-12 23:20:07,077 [pool-192-thread-1] INFO  server.RaftServerConfigKeys (ConfUtils.java:logGet(43)) - raft.server.snapshot.retention.file.num = 5 (custom)
2019-11-12 23:20:07,077 [pool-192-thread-1] INFO  server.RaftServerConfigKeys (ConfUtils.java:logGet(43)) - raft.server.retrycache.expirytime = 600000ms (custom)
2019-11-12 23:20:07,077 [pool-192-thread-1] WARN  impl.MetricRegistriesImpl (MetricRegistriesImpl.java:lambda$create$1(61)) - First MetricRegistry has been created without registering reporters. You may need to call MetricRegistries.global().addReportRegistration(...) before.
2019-11-12 23:20:07,077 [pool-192-thread-1] WARN  impl.MetricRegistriesImpl (MetricRegistriesImpl.java:lambda$create$1(61)) - First MetricRegistry has been created without registering reporters. You may need to call MetricRegistries.global().addReportRegistration(...) before.
2019-11-12 23:20:07,077 [pool-192-thread-1] INFO  impl.RaftServerImpl (RaftServerImpl.java:start(184)) - d20ba3f6-e96e-4597-ba1c-bac940786bea@group-8872D07B5C88: start as a follower, conf=-1: [d20ba3f6-e96e-4597-ba1c-bac940786bea:192.168.164.209:36673], old=null
2019-11-12 23:20:07,077 [pool-192-thread-1] INFO  impl.RaftServerImpl (RaftServerImpl.java:setRole(173)) - d20ba3f6-e96e-4597-ba1c-bac940786bea@group-8872D07B5C88: changes role from      null to FOLLOWER at term 0 for startAsFollower
2019-11-12 23:20:07,078 [pool-192-thread-1] INFO  impl.RoleInfo (RoleInfo.java:updateAndGet(143)) - d20ba3f6-e96e-4597-ba1c-bac940786bea: start FollowerState
2019-11-12 23:20:07,078 [pool-192-thread-1] INFO  util.JmxRegister (JmxRegister.java:tryRegister(44)) - Successfully registered JMX Bean with object name Ratis:service=RaftServer,group=group-8872D07B5C88,id=d20ba3f6-e96e-4597-ba1c-bac940786bea
2019-11-12 23:20:07,078 [pool-192-thread-1] WARN  impl.MetricRegistriesImpl (MetricRegistriesImpl.java:lambda$create$1(61)) - First MetricRegistry has been created without registering reporters. You may need to call MetricRegistries.global().addReportRegistration(...) before.
2019-11-12 23:20:07,081 [RatisPipelineUtilsThread] INFO  pipeline.PipelineStateManager (PipelineStateManager.java:addPipeline(55)) - Created pipeline Pipeline[ Id: 504a59ae-6cb4-474d-b47a-8872d07b5c88, Nodes: d20ba3f6-e96e-4597-ba1c-bac940786bea{ip: 192.168.164.209, host: pr-hdds-2464-qsgcv-431919947, networkLocation: /default-rack, certSerialId: null}, Type:RATIS, Factor:ONE, State:ALLOCATED]
2019-11-12 23:20:07,088 [grpc-default-executor-8] INFO  impl.RaftServerProxy (RaftServerProxy.java:addNew(89)) - 42d95ea6-05d3-4ca4-82ca-ed08e1855e99: addNew group-249B66BCE2EB:[42d95ea6-05d3-4ca4-82ca-ed08e1855e99:192.168.164.209:39395] returns group-249B66BCE2EB:java.util.concurrent.CompletableFuture@4f07e69f[Not completed]
2019-11-12 23:20:07,090 [pool-182-thread-1] INFO  impl.RaftServerImpl (RaftServerImpl.java:<init>(98)) - 42d95ea6-05d3-4ca4-82ca-ed08e1855e99: new RaftServerImpl for group-249B66BCE2EB:[42d95ea6-05d3-4ca4-82ca-ed08e1855e99:192.168.164.209:39395] with ContainerStateMachine:uninitialized
2019-11-12 23:20:07,090 [pool-182-thread-1] INFO  server.RaftServerConfigKeys (ConfUtils.java:logGet(43)) - raft.server.rpc.timeout.min = 1s (custom)
2019-11-12 23:20:07,090 [pool-182-thread-1] INFO  server.RaftServerConfigKeys (ConfUtils.java:logGet(43)) - raft.server.rpc.timeout.max = 1200ms (custom)
2019-11-12 23:20:07,090 [pool-182-thread-1] INFO  server.RaftServerConfigKeys (ConfUtils.java:logGet(43)) - raft.server.rpcslowness.timeout = 120s (custom)
2019-11-12 23:20:07,090 [pool-182-thread-1] INFO  server.RaftServerConfigKeys (ConfUtils.java:logGet(43)) - raft.server.sleep.deviation.threshold = 300 (default)
2019-11-12 23:20:07,090 [pool-182-thread-1] INFO  server.RaftServerConfigKeys (ConfUtils.java:logGet(43)) - raft.server.log.appender.install.snapshot.enabled = false (custom)
2019-11-12 23:20:07,091 [pool-182-thread-1] INFO  impl.RaftServerImpl (ServerState.java:<init>(103)) - 42d95ea6-05d3-4ca4-82ca-ed08e1855e99@group-249B66BCE2EB: ConfigurationManager, init=-1: [42d95ea6-05d3-4ca4-82ca-ed08e1855e99:192.168.164.209:39395], old=null, confs=<EMPTY_MAP>
2019-11-12 23:20:07,091 [pool-182-thread-1] INFO  server.RaftServerConfigKeys (ConfUtils.java:logGet(43)) - raft.server.storage.dir = [/workdir/hadoop-ozone/integration-test/target/test-dir/MiniOzoneClusterImpl-526fdb7e-9c97-4370-88fe-75d8a071a2f3/datanode-3/data/ratis] (custom)
2019-11-12 23:20:07,091 [pool-182-thread-1] INFO  server.RaftServerConfigKeys (ConfUtils.java:logGet(43)) - raft.server.log.corruption.policy = EXCEPTION (default)
2019-11-12 23:20:07,091 [pool-182-thread-1] INFO  storage.RaftStorageDirectory (RaftStorageDirectory.java:analyzeStorage(246)) - The storage directory /workdir/hadoop-ozone/integration-test/target/test-dir/MiniOzoneClusterImpl-526fdb7e-9c97-4370-88fe-75d8a071a2f3/datanode-3/data/ratis/ae8a16b0-4e25-402f-8f32-249b66bce2eb does not exist. Creating ...
2019-11-12 23:20:07,106 [pool-182-thread-1] INFO  storage.RaftStorageDirectory (RaftStorageDirectory.java:tryLock(328)) - Lock on /workdir/hadoop-ozone/integration-test/target/test-dir/MiniOzoneClusterImpl-526fdb7e-9c97-4370-88fe-75d8a071a2f3/datanode-3/data/ratis/ae8a16b0-4e25-402f-8f32-249b66bce2eb/in_use.lock acquired by nodename 11303@pr-hdds-2464-qsgcv-431919947
2019-11-12 23:20:07,119 [pool-182-thread-1] INFO  storage.RaftStorage (RaftStorage.java:format(84)) - Storage directory /workdir/hadoop-ozone/integration-test/target/test-dir/MiniOzoneClusterImpl-526fdb7e-9c97-4370-88fe-75d8a071a2f3/datanode-3/data/ratis/ae8a16b0-4e25-402f-8f32-249b66bce2eb has been successfully formatted.
2019-11-12 23:20:07,119 [pool-182-thread-1] INFO  ratis.ContainerStateMachine (ContainerStateMachine.java:loadSnapshot(223)) - group-249B66BCE2EB: The snapshot info is null. Setting the last applied indexto:(t:0, i:~)
2019-11-12 23:20:07,119 [pool-182-thread-1] INFO  server.RaftServerConfigKeys (ConfUtils.java:logGet(43)) - raft.server.notification.no-leader.timeout = 120s (custom)
2019-11-12 23:20:07,120 [pool-182-thread-1] INFO  server.RaftServerConfigKeys (ConfUtils.java:logGet(43)) - raft.server.log.use.memory = false (default)
2019-11-12 23:20:07,120 [pool-182-thread-1] INFO  server.RaftServerConfigKeys (ConfUtils.java:logGet(43)) - raft.server.log.purge.gap = 1000000 (custom)
2019-11-12 23:20:07,120 [pool-182-thread-1] INFO  server.RaftServerConfigKeys (ConfUtils.java:logGet(43)) - raft.server.log.appender.buffer.byte-limit = 33554432 (custom)
2019-11-12 23:20:07,120 [pool-182-thread-1] INFO  server.RaftServerConfigKeys (ConfUtils.java:logGet(43)) - raft.server.log.segment.size.max = 1048576 (custom)
2019-11-12 23:20:07,120 [pool-182-thread-1] WARN  impl.MetricRegistriesImpl (MetricRegistriesImpl.java:lambda$create$1(61)) - First MetricRegistry has been created without registering reporters. You may need to call MetricRegistries.global().addReportRegistration(...) before.
2019-11-12 23:20:07,120 [pool-182-thread-1] INFO  server.RaftServerConfigKeys (ConfUtils.java:logGet(43)) - raft.server.log.segment.cache.num.max = 2 (custom)
2019-11-12 23:20:07,120 [pool-182-thread-1] INFO  segmented.SegmentedRaftLogWorker (SegmentedRaftLogWorker.java:<init>(173)) - new 42d95ea6-05d3-4ca4-82ca-ed08e1855e99@group-249B66BCE2EB-SegmentedRaftLogWorker for RaftStorage:Storage Directory /workdir/hadoop-ozone/integration-test/target/test-dir/MiniOzoneClusterImpl-526fdb7e-9c97-4370-88fe-75d8a071a2f3/datanode-3/data/ratis/ae8a16b0-4e25-402f-8f32-249b66bce2eb
2019-11-12 23:20:07,121 [pool-182-thread-1] INFO  server.RaftServerConfigKeys (ConfUtils.java:logGet(43)) - raft.server.log.queue.byte-limit = 2147483647 (custom)
2019-11-12 23:20:07,121 [pool-182-thread-1] INFO  server.RaftServerConfigKeys (ConfUtils.java:logGet(43)) - raft.server.log.queue.element-limit = 1024 (custom)
2019-11-12 23:20:07,121 [pool-182-thread-1] INFO  server.RaftServerConfigKeys (ConfUtils.java:logGet(43)) - raft.server.log.segment.size.max = 1048576 (custom)
2019-11-12 23:20:07,121 [pool-182-thread-1] INFO  server.RaftServerConfigKeys (ConfUtils.java:logGet(43)) - raft.server.log.preallocated.size = 16384 (custom)
2019-11-12 23:20:07,121 [pool-182-thread-1] INFO  server.RaftServerConfigKeys (ConfUtils.java:logGet(43)) - raft.server.log.write.buffer.size = 33554432 (custom)
2019-11-12 23:20:07,121 [pool-182-thread-1] INFO  server.RaftServerConfigKeys (ConfUtils.java:logGet(43)) - raft.server.log.force.sync.num = 128 (default)
2019-11-12 23:20:07,121 [pool-182-thread-1] INFO  server.RaftServerConfigKeys (ConfUtils.java:logGet(43)) - raft.server.log.statemachine.data.sync = true (default)
2019-11-12 23:20:07,121 [pool-182-thread-1] INFO  server.RaftServerConfigKeys (ConfUtils.java:logGet(43)) - raft.server.log.statemachine.data.sync.timeout = 10s (default)
2019-11-12 23:20:07,122 [pool-182-thread-1] INFO  server.RaftServerConfigKeys (ConfUtils.java:logGet(43)) - raft.server.log.statemachine.data.sync.timeout.retry = -1 (default)
2019-11-12 23:20:07,122 [pool-182-thread-1] INFO  server.RaftServerConfigKeys (ConfUtils.java:logGet(43)) - raft.server.log.statemachine.data.caching.enabled = true (custom)
2019-11-12 23:20:07,122 [pool-182-thread-1] INFO  segmented.SegmentedRaftLogWorker (SegmentedRaftLogWorker.java:lambda$new$0(128)) - 42d95ea6-05d3-4ca4-82ca-ed08e1855e99@group-249B66BCE2EB-SegmentedRaftLogWorker: flushIndex: setUnconditionally 0 -> -1
2019-11-12 23:20:07,123 [pool-182-thread-1] INFO  server.RaftServerConfigKeys (ConfUtils.java:logGet(43)) - raft.server.snapshot.auto.trigger.enabled = true (custom)
2019-11-12 23:20:07,123 [pool-182-thread-1] INFO  server.RaftServerConfigKeys (ConfUtils.java:logGet(43)) - raft.server.snapshot.auto.trigger.threshold = 10000 (custom)
2019-11-12 23:20:07,123 [pool-182-thread-1] INFO  server.RaftServerConfigKeys (ConfUtils.java:logGet(43)) - raft.server.snapshot.retention.file.num = 5 (custom)
2019-11-12 23:20:07,123 [pool-182-thread-1] INFO  server.RaftServerConfigKeys (ConfUtils.java:logGet(43)) - raft.server.retrycache.expirytime = 600000ms (custom)
2019-11-12 23:20:07,123 [pool-182-thread-1] WARN  impl.MetricRegistriesImpl (MetricRegistriesImpl.java:lambda$create$1(61)) - First MetricRegistry has been created without registering reporters. You may need to call MetricRegistries.global().addReportRegistration(...) before.
2019-11-12 23:20:07,123 [pool-182-thread-1] WARN  impl.MetricRegistriesImpl (MetricRegistriesImpl.java:lambda$create$1(61)) - First MetricRegistry has been created without registering reporters. You may need to call MetricRegistries.global().addReportRegistration(...) before.
2019-11-12 23:20:07,124 [pool-182-thread-1] INFO  impl.RaftServerImpl (RaftServerImpl.java:start(184)) - 42d95ea6-05d3-4ca4-82ca-ed08e1855e99@group-249B66BCE2EB: start as a follower, conf=-1: [42d95ea6-05d3-4ca4-82ca-ed08e1855e99:192.168.164.209:39395], old=null
2019-11-12 23:20:07,124 [pool-182-thread-1] INFO  impl.RaftServerImpl (RaftServerImpl.java:setRole(173)) - 42d95ea6-05d3-4ca4-82ca-ed08e1855e99@group-249B66BCE2EB: changes role from      null to FOLLOWER at term 0 for startAsFollower
2019-11-12 23:20:07,124 [pool-182-thread-1] INFO  impl.RoleInfo (RoleInfo.java:updateAndGet(143)) - 42d95ea6-05d3-4ca4-82ca-ed08e1855e99: start FollowerState
2019-11-12 23:20:07,125 [pool-182-thread-1] INFO  util.JmxRegister (JmxRegister.java:tryRegister(44)) - Successfully registered JMX Bean with object name Ratis:service=RaftServer,group=group-249B66BCE2EB,id=42d95ea6-05d3-4ca4-82ca-ed08e1855e99
2019-11-12 23:20:07,125 [pool-182-thread-1] WARN  impl.MetricRegistriesImpl (MetricRegistriesImpl.java:lambda$create$1(61)) - First MetricRegistry has been created without registering reporters. You may need to call MetricRegistries.global().addReportRegistration(...) before.
2019-11-12 23:20:07,127 [IPC Server handler 3 on 44731] INFO  net.NetworkTopology (NetworkTopologyImpl.java:add(111)) - Added a new node: /default-rack/88c939f2-d53e-4de2-8f3f-abd9df815d54
2019-11-12 23:20:07,127 [IPC Server handler 3 on 44731] INFO  node.SCMNodeManager (SCMNodeManager.java:register(267)) - Registered Data node : 88c939f2-d53e-4de2-8f3f-abd9df815d54{ip: 192.168.164.209, host: pr-hdds-2464-qsgcv-431919947, networkLocation: /default-rack, certSerialId: null}
2019-11-12 23:20:07,127 [RatisPipelineUtilsThread] INFO  pipeline.PipelineStateManager (PipelineStateManager.java:addPipeline(55)) - Created pipeline Pipeline[ Id: ae8a16b0-4e25-402f-8f32-249b66bce2eb, Nodes: 42d95ea6-05d3-4ca4-82ca-ed08e1855e99{ip: 192.168.164.209, host: pr-hdds-2464-qsgcv-431919947, networkLocation: /default-rack, certSerialId: null}, Type:RATIS, Factor:ONE, State:ALLOCATED]
2019-11-12 23:20:07,135 [grpc-default-executor-8] INFO  impl.RaftServerProxy (RaftServerProxy.java:addNew(89)) - 88c939f2-d53e-4de2-8f3f-abd9df815d54: addNew group-E65A06D2DA73:[88c939f2-d53e-4de2-8f3f-abd9df815d54:192.168.164.209:45039] returns group-E65A06D2DA73:java.util.concurrent.CompletableFuture@81126c1[Not completed]
2019-11-12 23:20:07,136 [pool-202-thread-1] INFO  impl.RaftServerImpl (RaftServerImpl.java:<init>(98)) - 88c939f2-d53e-4de2-8f3f-abd9df815d54: new RaftServerImpl for group-E65A06D2DA73:[88c939f2-d53e-4de2-8f3f-abd9df815d54:192.168.164.209:45039] with ContainerStateMachine:uninitialized
2019-11-12 23:20:07,136 [pool-202-thread-1] INFO  server.RaftServerConfigKeys (ConfUtils.java:logGet(43)) - raft.server.rpc.timeout.min = 1s (custom)
2019-11-12 23:20:07,137 [pool-202-thread-1] INFO  server.RaftServerConfigKeys (ConfUtils.java:logGet(43)) - raft.server.rpc.timeout.max = 1200ms (custom)
2019-11-12 23:20:07,137 [pool-202-thread-1] INFO  server.RaftServerConfigKeys (ConfUtils.java:logGet(43)) - raft.server.rpcslowness.timeout = 120s (custom)
2019-11-12 23:20:07,137 [pool-202-thread-1] INFO  server.RaftServerConfigKeys (ConfUtils.java:logGet(43)) - raft.server.sleep.deviation.threshold = 300 (default)
2019-11-12 23:20:07,137 [pool-202-thread-1] INFO  server.RaftServerConfigKeys (ConfUtils.java:logGet(43)) - raft.server.log.appender.install.snapshot.enabled = false (custom)
2019-11-12 23:20:07,137 [pool-202-thread-1] INFO  impl.RaftServerImpl (ServerState.java:<init>(103)) - 88c939f2-d53e-4de2-8f3f-abd9df815d54@group-E65A06D2DA73: ConfigurationManager, init=-1: [88c939f2-d53e-4de2-8f3f-abd9df815d54:192.168.164.209:45039], old=null, confs=<EMPTY_MAP>
2019-11-12 23:20:07,137 [pool-202-thread-1] INFO  server.RaftServerConfigKeys (ConfUtils.java:logGet(43)) - raft.server.storage.dir = [/workdir/hadoop-ozone/integration-test/target/test-dir/MiniOzoneClusterImpl-526fdb7e-9c97-4370-88fe-75d8a071a2f3/datanode-5/data/ratis] (custom)
2019-11-12 23:20:07,229 [pool-202-thread-1] INFO  server.RaftServerConfigKeys (ConfUtils.java:logGet(43)) - raft.server.log.corruption.policy = EXCEPTION (default)
2019-11-12 23:20:07,243 [pool-202-thread-1] INFO  storage.RaftStorageDirectory (RaftStorageDirectory.java:analyzeStorage(246)) - The storage directory /workdir/hadoop-ozone/integration-test/target/test-dir/MiniOzoneClusterImpl-526fdb7e-9c97-4370-88fe-75d8a071a2f3/datanode-5/data/ratis/7e017edc-726a-4fde-b5be-e65a06d2da73 does not exist. Creating ...
2019-11-12 23:20:07,276 [pool-202-thread-1] INFO  storage.RaftStorageDirectory (RaftStorageDirectory.java:tryLock(328)) - Lock on /workdir/hadoop-ozone/integration-test/target/test-dir/MiniOzoneClusterImpl-526fdb7e-9c97-4370-88fe-75d8a071a2f3/datanode-5/data/ratis/7e017edc-726a-4fde-b5be-e65a06d2da73/in_use.lock acquired by nodename 11303@pr-hdds-2464-qsgcv-431919947
2019-11-12 23:20:07,317 [pool-202-thread-1] INFO  storage.RaftStorage (RaftStorage.java:format(84)) - Storage directory /workdir/hadoop-ozone/integration-test/target/test-dir/MiniOzoneClusterImpl-526fdb7e-9c97-4370-88fe-75d8a071a2f3/datanode-5/data/ratis/7e017edc-726a-4fde-b5be-e65a06d2da73 has been successfully formatted.
2019-11-12 23:20:07,318 [pool-202-thread-1] INFO  ratis.ContainerStateMachine (ContainerStateMachine.java:loadSnapshot(223)) - group-E65A06D2DA73: The snapshot info is null. Setting the last applied indexto:(t:0, i:~)
2019-11-12 23:20:07,318 [pool-202-thread-1] INFO  server.RaftServerConfigKeys (ConfUtils.java:logGet(43)) - raft.server.notification.no-leader.timeout = 120s (custom)
2019-11-12 23:20:07,318 [pool-202-thread-1] INFO  server.RaftServerConfigKeys (ConfUtils.java:logGet(43)) - raft.server.log.use.memory = false (default)
2019-11-12 23:20:07,318 [pool-202-thread-1] INFO  server.RaftServerConfigKeys (ConfUtils.java:logGet(43)) - raft.server.log.purge.gap = 1000000 (custom)
2019-11-12 23:20:07,319 [pool-202-thread-1] INFO  server.RaftServerConfigKeys (ConfUtils.java:logGet(43)) - raft.server.log.appender.buffer.byte-limit = 33554432 (custom)
2019-11-12 23:20:07,319 [pool-202-thread-1] INFO  server.RaftServerConfigKeys (ConfUtils.java:logGet(43)) - raft.server.log.segment.size.max = 1048576 (custom)
2019-11-12 23:20:07,319 [pool-202-thread-1] WARN  impl.MetricRegistriesImpl (MetricRegistriesImpl.java:lambda$create$1(61)) - First MetricRegistry has been created without registering reporters. You may need to call MetricRegistries.global().addReportRegistration(...) before.
2019-11-12 23:20:07,319 [pool-202-thread-1] INFO  server.RaftServerConfigKeys (ConfUtils.java:logGet(43)) - raft.server.log.segment.cache.num.max = 2 (custom)
2019-11-12 23:20:07,319 [pool-202-thread-1] INFO  segmented.SegmentedRaftLogWorker (SegmentedRaftLogWorker.java:<init>(173)) - new 88c939f2-d53e-4de2-8f3f-abd9df815d54@group-E65A06D2DA73-SegmentedRaftLogWorker for RaftStorage:Storage Directory /workdir/hadoop-ozone/integration-test/target/test-dir/MiniOzoneClusterImpl-526fdb7e-9c97-4370-88fe-75d8a071a2f3/datanode-5/data/ratis/7e017edc-726a-4fde-b5be-e65a06d2da73
2019-11-12 23:20:07,319 [pool-202-thread-1] INFO  server.RaftServerConfigKeys (ConfUtils.java:logGet(43)) - raft.server.log.queue.byte-limit = 2147483647 (custom)
2019-11-12 23:20:07,320 [pool-202-thread-1] INFO  server.RaftServerConfigKeys (ConfUtils.java:logGet(43)) - raft.server.log.queue.element-limit = 1024 (custom)
2019-11-12 23:20:07,320 [pool-202-thread-1] INFO  server.RaftServerConfigKeys (ConfUtils.java:logGet(43)) - raft.server.log.segment.size.max = 1048576 (custom)
2019-11-12 23:20:07,320 [pool-202-thread-1] INFO  server.RaftServerConfigKeys (ConfUtils.java:logGet(43)) - raft.server.log.preallocated.size = 16384 (custom)
2019-11-12 23:20:07,320 [pool-202-thread-1] INFO  server.RaftServerConfigKeys (ConfUtils.java:logGet(43)) - raft.server.log.write.buffer.size = 33554432 (custom)
2019-11-12 23:20:07,320 [pool-202-thread-1] INFO  server.RaftServerConfigKeys (ConfUtils.java:logGet(43)) - raft.server.log.force.sync.num = 128 (default)
2019-11-12 23:20:07,320 [pool-202-thread-1] INFO  server.RaftServerConfigKeys (ConfUtils.java:logGet(43)) - raft.server.log.statemachine.data.sync = true (default)
2019-11-12 23:20:07,320 [pool-202-thread-1] INFO  server.RaftServerConfigKeys (ConfUtils.java:logGet(43)) - raft.server.log.statemachine.data.sync.timeout = 10s (default)
2019-11-12 23:20:07,321 [pool-202-thread-1] INFO  server.RaftServerConfigKeys (ConfUtils.java:logGet(43)) - raft.server.log.statemachine.data.sync.timeout.retry = -1 (default)
2019-11-12 23:20:07,321 [pool-202-thread-1] INFO  server.RaftServerConfigKeys (ConfUtils.java:logGet(43)) - raft.server.log.statemachine.data.caching.enabled = true (custom)
2019-11-12 23:20:07,321 [pool-202-thread-1] INFO  segmented.SegmentedRaftLogWorker (SegmentedRaftLogWorker.java:lambda$new$0(128)) - 88c939f2-d53e-4de2-8f3f-abd9df815d54@group-E65A06D2DA73-SegmentedRaftLogWorker: flushIndex: setUnconditionally 0 -> -1
2019-11-12 23:20:07,322 [pool-202-thread-1] INFO  server.RaftServerConfigKeys (ConfUtils.java:logGet(43)) - raft.server.snapshot.auto.trigger.enabled = true (custom)
2019-11-12 23:20:07,322 [pool-202-thread-1] INFO  server.RaftServerConfigKeys (ConfUtils.java:logGet(43)) - raft.server.snapshot.auto.trigger.threshold = 10000 (custom)
2019-11-12 23:20:07,322 [pool-202-thread-1] INFO  server.RaftServerConfigKeys (ConfUtils.java:logGet(43)) - raft.server.snapshot.retention.file.num = 5 (custom)
2019-11-12 23:20:07,322 [pool-202-thread-1] INFO  server.RaftServerConfigKeys (ConfUtils.java:logGet(43)) - raft.server.retrycache.expirytime = 600000ms (custom)
2019-11-12 23:20:07,322 [pool-202-thread-1] WARN  impl.MetricRegistriesImpl (MetricRegistriesImpl.java:lambda$create$1(61)) - First MetricRegistry has been created without registering reporters. You may need to call MetricRegistries.global().addReportRegistration(...) before.
2019-11-12 23:20:07,323 [pool-202-thread-1] WARN  impl.MetricRegistriesImpl (MetricRegistriesImpl.java:lambda$create$1(61)) - First MetricRegistry has been created without registering reporters. You may need to call MetricRegistries.global().addReportRegistration(...) before.
2019-11-12 23:20:07,323 [pool-202-thread-1] INFO  impl.RaftServerImpl (RaftServerImpl.java:start(184)) - 88c939f2-d53e-4de2-8f3f-abd9df815d54@group-E65A06D2DA73: start as a follower, conf=-1: [88c939f2-d53e-4de2-8f3f-abd9df815d54:192.168.164.209:45039], old=null
2019-11-12 23:20:07,323 [pool-202-thread-1] INFO  impl.RaftServerImpl (RaftServerImpl.java:setRole(173)) - 88c939f2-d53e-4de2-8f3f-abd9df815d54@group-E65A06D2DA73: changes role from      null to FOLLOWER at term 0 for startAsFollower
2019-11-12 23:20:07,323 [pool-202-thread-1] INFO  impl.RoleInfo (RoleInfo.java:updateAndGet(143)) - 88c939f2-d53e-4de2-8f3f-abd9df815d54: start FollowerState
2019-11-12 23:20:07,324 [pool-202-thread-1] INFO  util.JmxRegister (JmxRegister.java:tryRegister(44)) - Successfully registered JMX Bean with object name Ratis:service=RaftServer,group=group-E65A06D2DA73,id=88c939f2-d53e-4de2-8f3f-abd9df815d54
2019-11-12 23:20:07,324 [pool-202-thread-1] WARN  impl.MetricRegistriesImpl (MetricRegistriesImpl.java:lambda$create$1(61)) - First MetricRegistry has been created without registering reporters. You may need to call MetricRegistries.global().addReportRegistration(...) before.
2019-11-12 23:20:07,328 [RatisPipelineUtilsThread] INFO  pipeline.PipelineStateManager (PipelineStateManager.java:addPipeline(55)) - Created pipeline Pipeline[ Id: 7e017edc-726a-4fde-b5be-e65a06d2da73, Nodes: 88c939f2-d53e-4de2-8f3f-abd9df815d54{ip: 192.168.164.209, host: pr-hdds-2464-qsgcv-431919947, networkLocation: /default-rack, certSerialId: null}, Type:RATIS, Factor:ONE, State:ALLOCATED]
2019-11-12 23:20:07,341 [grpc-default-executor-7] INFO  impl.RaftServerProxy (RaftServerProxy.java:addNew(89)) - 88c939f2-d53e-4de2-8f3f-abd9df815d54: addNew group-CC2367200966:[42d95ea6-05d3-4ca4-82ca-ed08e1855e99:192.168.164.209:39395, 88c939f2-d53e-4de2-8f3f-abd9df815d54:192.168.164.209:45039, d20ba3f6-e96e-4597-ba1c-bac940786bea:192.168.164.209:36673] returns group-CC2367200966:java.util.concurrent.CompletableFuture@696a7edf[Not completed]
2019-11-12 23:20:07,341 [grpc-default-executor-8] INFO  impl.RaftServerProxy (RaftServerProxy.java:addNew(89)) - 42d95ea6-05d3-4ca4-82ca-ed08e1855e99: addNew group-CC2367200966:[42d95ea6-05d3-4ca4-82ca-ed08e1855e99:192.168.164.209:39395, 88c939f2-d53e-4de2-8f3f-abd9df815d54:192.168.164.209:45039, d20ba3f6-e96e-4597-ba1c-bac940786bea:192.168.164.209:36673] returns group-CC2367200966:java.util.concurrent.CompletableFuture@4296c5d3[Not completed]
2019-11-12 23:20:07,341 [grpc-default-executor-7] INFO  impl.RaftServerProxy (RaftServerProxy.java:addNew(89)) - d20ba3f6-e96e-4597-ba1c-bac940786bea: addNew group-CC2367200966:[42d95ea6-05d3-4ca4-82ca-ed08e1855e99:192.168.164.209:39395, 88c939f2-d53e-4de2-8f3f-abd9df815d54:192.168.164.209:45039, d20ba3f6-e96e-4597-ba1c-bac940786bea:192.168.164.209:36673] returns group-CC2367200966:java.util.concurrent.CompletableFuture@640527ac[Not completed]
2019-11-12 23:20:07,343 [pool-202-thread-1] INFO  impl.RaftServerImpl (RaftServerImpl.java:<init>(98)) - 88c939f2-d53e-4de2-8f3f-abd9df815d54: new RaftServerImpl for group-CC2367200966:[42d95ea6-05d3-4ca4-82ca-ed08e1855e99:192.168.164.209:39395, 88c939f2-d53e-4de2-8f3f-abd9df815d54:192.168.164.209:45039, d20ba3f6-e96e-4597-ba1c-bac940786bea:192.168.164.209:36673] with ContainerStateMachine:uninitialized
2019-11-12 23:20:07,343 [pool-202-thread-1] INFO  server.RaftServerConfigKeys (ConfUtils.java:logGet(43)) - raft.server.rpc.timeout.min = 1s (custom)
2019-11-12 23:20:07,344 [pool-202-thread-1] INFO  server.RaftServerConfigKeys (ConfUtils.java:logGet(43)) - raft.server.rpc.timeout.max = 1200ms (custom)
2019-11-12 23:20:07,344 [pool-202-thread-1] INFO  server.RaftServerConfigKeys (ConfUtils.java:logGet(43)) - raft.server.rpcslowness.timeout = 120s (custom)
2019-11-12 23:20:07,344 [pool-202-thread-1] INFO  server.RaftServerConfigKeys (ConfUtils.java:logGet(43)) - raft.server.sleep.deviation.threshold = 300 (default)
2019-11-12 23:20:07,344 [pool-202-thread-1] INFO  server.RaftServerConfigKeys (ConfUtils.java:logGet(43)) - raft.server.log.appender.install.snapshot.enabled = false (custom)
2019-11-12 23:20:07,344 [pool-192-thread-1] INFO  impl.RaftServerImpl (RaftServerImpl.java:<init>(98)) - d20ba3f6-e96e-4597-ba1c-bac940786bea: new RaftServerImpl for group-CC2367200966:[42d95ea6-05d3-4ca4-82ca-ed08e1855e99:192.168.164.209:39395, 88c939f2-d53e-4de2-8f3f-abd9df815d54:192.168.164.209:45039, d20ba3f6-e96e-4597-ba1c-bac940786bea:192.168.164.209:36673] with ContainerStateMachine:uninitialized
2019-11-12 23:20:07,344 [pool-202-thread-1] INFO  impl.RaftServerImpl (ServerState.java:<init>(103)) - 88c939f2-d53e-4de2-8f3f-abd9df815d54@group-CC2367200966: ConfigurationManager, init=-1: [42d95ea6-05d3-4ca4-82ca-ed08e1855e99:192.168.164.209:39395, 88c939f2-d53e-4de2-8f3f-abd9df815d54:192.168.164.209:45039, d20ba3f6-e96e-4597-ba1c-bac940786bea:192.168.164.209:36673], old=null, confs=<EMPTY_MAP>
2019-11-12 23:20:07,344 [pool-192-thread-1] INFO  server.RaftServerConfigKeys (ConfUtils.java:logGet(43)) - raft.server.rpc.timeout.min = 1s (custom)
2019-11-12 23:20:07,344 [pool-202-thread-1] INFO  server.RaftServerConfigKeys (ConfUtils.java:logGet(43)) - raft.server.storage.dir = [/workdir/hadoop-ozone/integration-test/target/test-dir/MiniOzoneClusterImpl-526fdb7e-9c97-4370-88fe-75d8a071a2f3/datanode-5/data/ratis] (custom)
2019-11-12 23:20:07,345 [pool-192-thread-1] INFO  server.RaftServerConfigKeys (ConfUtils.java:logGet(43)) - raft.server.rpc.timeout.max = 1200ms (custom)
2019-11-12 23:20:07,345 [pool-192-thread-1] INFO  server.RaftServerConfigKeys (ConfUtils.java:logGet(43)) - raft.server.rpcslowness.timeout = 120s (custom)
2019-11-12 23:20:07,345 [pool-192-thread-1] INFO  server.RaftServerConfigKeys (ConfUtils.java:logGet(43)) - raft.server.sleep.deviation.threshold = 300 (default)
2019-11-12 23:20:07,345 [pool-202-thread-1] INFO  server.RaftServerConfigKeys (ConfUtils.java:logGet(43)) - raft.server.log.corruption.policy = EXCEPTION (default)
2019-11-12 23:20:07,345 [pool-182-thread-1] INFO  impl.RaftServerImpl (RaftServerImpl.java:<init>(98)) - 42d95ea6-05d3-4ca4-82ca-ed08e1855e99: new RaftServerImpl for group-CC2367200966:[42d95ea6-05d3-4ca4-82ca-ed08e1855e99:192.168.164.209:39395, 88c939f2-d53e-4de2-8f3f-abd9df815d54:192.168.164.209:45039, d20ba3f6-e96e-4597-ba1c-bac940786bea:192.168.164.209:36673] with ContainerStateMachine:uninitialized
2019-11-12 23:20:07,345 [pool-202-thread-1] INFO  storage.RaftStorageDirectory (RaftStorageDirectory.java:analyzeStorage(246)) - The storage directory /workdir/hadoop-ozone/integration-test/target/test-dir/MiniOzoneClusterImpl-526fdb7e-9c97-4370-88fe-75d8a071a2f3/datanode-5/data/ratis/174ec97a-d71b-4dc8-a19c-cc2367200966 does not exist. Creating ...
2019-11-12 23:20:07,345 [pool-192-thread-1] INFO  server.RaftServerConfigKeys (ConfUtils.java:logGet(43)) - raft.server.log.appender.install.snapshot.enabled = false (custom)
2019-11-12 23:20:07,345 [pool-182-thread-1] INFO  server.RaftServerConfigKeys (ConfUtils.java:logGet(43)) - raft.server.rpc.timeout.min = 1s (custom)
2019-11-12 23:20:07,345 [pool-192-thread-1] INFO  impl.RaftServerImpl (ServerState.java:<init>(103)) - d20ba3f6-e96e-4597-ba1c-bac940786bea@group-CC2367200966: ConfigurationManager, init=-1: [42d95ea6-05d3-4ca4-82ca-ed08e1855e99:192.168.164.209:39395, 88c939f2-d53e-4de2-8f3f-abd9df815d54:192.168.164.209:45039, d20ba3f6-e96e-4597-ba1c-bac940786bea:192.168.164.209:36673], old=null, confs=<EMPTY_MAP>
2019-11-12 23:20:07,346 [pool-182-thread-1] INFO  server.RaftServerConfigKeys (ConfUtils.java:logGet(43)) - raft.server.rpc.timeout.max = 1200ms (custom)
2019-11-12 23:20:07,346 [pool-192-thread-1] INFO  server.RaftServerConfigKeys (ConfUtils.java:logGet(43)) - raft.server.storage.dir = [/workdir/hadoop-ozone/integration-test/target/test-dir/MiniOzoneClusterImpl-526fdb7e-9c97-4370-88fe-75d8a071a2f3/datanode-4/data/ratis] (custom)
2019-11-12 23:20:07,346 [pool-182-thread-1] INFO  server.RaftServerConfigKeys (ConfUtils.java:logGet(43)) - raft.server.rpcslowness.timeout = 120s (custom)
2019-11-12 23:20:07,346 [pool-192-thread-1] INFO  server.RaftServerConfigKeys (ConfUtils.java:logGet(43)) - raft.server.log.corruption.policy = EXCEPTION (default)
2019-11-12 23:20:07,346 [pool-182-thread-1] INFO  server.RaftServerConfigKeys (ConfUtils.java:logGet(43)) - raft.server.sleep.deviation.threshold = 300 (default)
2019-11-12 23:20:07,346 [pool-192-thread-1] INFO  storage.RaftStorageDirectory (RaftStorageDirectory.java:analyzeStorage(246)) - The storage directory /workdir/hadoop-ozone/integration-test/target/test-dir/MiniOzoneClusterImpl-526fdb7e-9c97-4370-88fe-75d8a071a2f3/datanode-4/data/ratis/174ec97a-d71b-4dc8-a19c-cc2367200966 does not exist. Creating ...
2019-11-12 23:20:07,346 [pool-182-thread-1] INFO  server.RaftServerConfigKeys (ConfUtils.java:logGet(43)) - raft.server.log.appender.install.snapshot.enabled = false (custom)
2019-11-12 23:20:07,347 [pool-182-thread-1] INFO  impl.RaftServerImpl (ServerState.java:<init>(103)) - 42d95ea6-05d3-4ca4-82ca-ed08e1855e99@group-CC2367200966: ConfigurationManager, init=-1: [42d95ea6-05d3-4ca4-82ca-ed08e1855e99:192.168.164.209:39395, 88c939f2-d53e-4de2-8f3f-abd9df815d54:192.168.164.209:45039, d20ba3f6-e96e-4597-ba1c-bac940786bea:192.168.164.209:36673], old=null, confs=<EMPTY_MAP>
2019-11-12 23:20:07,347 [pool-182-thread-1] INFO  server.RaftServerConfigKeys (ConfUtils.java:logGet(43)) - raft.server.storage.dir = [/workdir/hadoop-ozone/integration-test/target/test-dir/MiniOzoneClusterImpl-526fdb7e-9c97-4370-88fe-75d8a071a2f3/datanode-3/data/ratis] (custom)
2019-11-12 23:20:07,347 [pool-182-thread-1] INFO  server.RaftServerConfigKeys (ConfUtils.java:logGet(43)) - raft.server.log.corruption.policy = EXCEPTION (default)
2019-11-12 23:20:07,348 [pool-182-thread-1] INFO  storage.RaftStorageDirectory (RaftStorageDirectory.java:analyzeStorage(246)) - The storage directory /workdir/hadoop-ozone/integration-test/target/test-dir/MiniOzoneClusterImpl-526fdb7e-9c97-4370-88fe-75d8a071a2f3/datanode-3/data/ratis/174ec97a-d71b-4dc8-a19c-cc2367200966 does not exist. Creating ...
2019-11-12 23:20:07,371 [pool-182-thread-1] INFO  storage.RaftStorageDirectory (RaftStorageDirectory.java:tryLock(328)) - Lock on /workdir/hadoop-ozone/integration-test/target/test-dir/MiniOzoneClusterImpl-526fdb7e-9c97-4370-88fe-75d8a071a2f3/datanode-3/data/ratis/174ec97a-d71b-4dc8-a19c-cc2367200966/in_use.lock acquired by nodename 11303@pr-hdds-2464-qsgcv-431919947
2019-11-12 23:20:07,371 [pool-202-thread-1] INFO  storage.RaftStorageDirectory (RaftStorageDirectory.java:tryLock(328)) - Lock on /workdir/hadoop-ozone/integration-test/target/test-dir/MiniOzoneClusterImpl-526fdb7e-9c97-4370-88fe-75d8a071a2f3/datanode-5/data/ratis/174ec97a-d71b-4dc8-a19c-cc2367200966/in_use.lock acquired by nodename 11303@pr-hdds-2464-qsgcv-431919947
2019-11-12 23:20:07,371 [pool-192-thread-1] INFO  storage.RaftStorageDirectory (RaftStorageDirectory.java:tryLock(328)) - Lock on /workdir/hadoop-ozone/integration-test/target/test-dir/MiniOzoneClusterImpl-526fdb7e-9c97-4370-88fe-75d8a071a2f3/datanode-4/data/ratis/174ec97a-d71b-4dc8-a19c-cc2367200966/in_use.lock acquired by nodename 11303@pr-hdds-2464-qsgcv-431919947
2019-11-12 23:20:07,397 [pool-202-thread-1] INFO  storage.RaftStorage (RaftStorage.java:format(84)) - Storage directory /workdir/hadoop-ozone/integration-test/target/test-dir/MiniOzoneClusterImpl-526fdb7e-9c97-4370-88fe-75d8a071a2f3/datanode-5/data/ratis/174ec97a-d71b-4dc8-a19c-cc2367200966 has been successfully formatted.
2019-11-12 23:20:07,397 [pool-192-thread-1] INFO  storage.RaftStorage (RaftStorage.java:format(84)) - Storage directory /workdir/hadoop-ozone/integration-test/target/test-dir/MiniOzoneClusterImpl-526fdb7e-9c97-4370-88fe-75d8a071a2f3/datanode-4/data/ratis/174ec97a-d71b-4dc8-a19c-cc2367200966 has been successfully formatted.
2019-11-12 23:20:07,397 [pool-182-thread-1] INFO  storage.RaftStorage (RaftStorage.java:format(84)) - Storage directory /workdir/hadoop-ozone/integration-test/target/test-dir/MiniOzoneClusterImpl-526fdb7e-9c97-4370-88fe-75d8a071a2f3/datanode-3/data/ratis/174ec97a-d71b-4dc8-a19c-cc2367200966 has been successfully formatted.
2019-11-12 23:20:07,397 [pool-202-thread-1] INFO  ratis.ContainerStateMachine (ContainerStateMachine.java:loadSnapshot(223)) - group-CC2367200966: The snapshot info is null. Setting the last applied indexto:(t:0, i:~)
2019-11-12 23:20:07,397 [pool-182-thread-1] INFO  ratis.ContainerStateMachine (ContainerStateMachine.java:loadSnapshot(223)) - group-CC2367200966: The snapshot info is null. Setting the last applied indexto:(t:0, i:~)
2019-11-12 23:20:07,397 [pool-182-thread-1] INFO  server.RaftServerConfigKeys (ConfUtils.java:logGet(43)) - raft.server.notification.no-leader.timeout = 120s (custom)
2019-11-12 23:20:07,397 [pool-192-thread-1] INFO  ratis.ContainerStateMachine (ContainerStateMachine.java:loadSnapshot(223)) - group-CC2367200966: The snapshot info is null. Setting the last applied indexto:(t:0, i:~)
2019-11-12 23:20:07,398 [pool-182-thread-1] INFO  server.RaftServerConfigKeys (ConfUtils.java:logGet(43)) - raft.server.log.use.memory = false (default)
2019-11-12 23:20:07,397 [pool-202-thread-1] INFO  server.RaftServerConfigKeys (ConfUtils.java:logGet(43)) - raft.server.notification.no-leader.timeout = 120s (custom)
2019-11-12 23:20:07,398 [pool-182-thread-1] INFO  server.RaftServerConfigKeys (ConfUtils.java:logGet(43)) - raft.server.log.purge.gap = 1000000 (custom)
2019-11-12 23:20:07,398 [pool-192-thread-1] INFO  server.RaftServerConfigKeys (ConfUtils.java:logGet(43)) - raft.server.notification.no-leader.timeout = 120s (custom)
2019-11-12 23:20:07,398 [pool-182-thread-1] INFO  server.RaftServerConfigKeys (ConfUtils.java:logGet(43)) - raft.server.log.appender.buffer.byte-limit = 33554432 (custom)
2019-11-12 23:20:07,398 [pool-202-thread-1] INFO  server.RaftServerConfigKeys (ConfUtils.java:logGet(43)) - raft.server.log.use.memory = false (default)
2019-11-12 23:20:07,399 [pool-182-thread-1] INFO  server.RaftServerConfigKeys (ConfUtils.java:logGet(43)) - raft.server.log.segment.size.max = 1048576 (custom)
2019-11-12 23:20:07,398 [pool-192-thread-1] INFO  server.RaftServerConfigKeys (ConfUtils.java:logGet(43)) - raft.server.log.use.memory = false (default)
2019-11-12 23:20:07,399 [pool-182-thread-1] INFO  server.RaftServerConfigKeys (ConfUtils.java:logGet(43)) - raft.server.log.segment.cache.num.max = 2 (custom)
2019-11-12 23:20:07,399 [pool-202-thread-1] INFO  server.RaftServerConfigKeys (ConfUtils.java:logGet(43)) - raft.server.log.purge.gap = 1000000 (custom)
2019-11-12 23:20:07,399 [pool-182-thread-1] INFO  segmented.SegmentedRaftLogWorker (SegmentedRaftLogWorker.java:<init>(173)) - new 42d95ea6-05d3-4ca4-82ca-ed08e1855e99@group-CC2367200966-SegmentedRaftLogWorker for RaftStorage:Storage Directory /workdir/hadoop-ozone/integration-test/target/test-dir/MiniOzoneClusterImpl-526fdb7e-9c97-4370-88fe-75d8a071a2f3/datanode-3/data/ratis/174ec97a-d71b-4dc8-a19c-cc2367200966
2019-11-12 23:20:07,400 [pool-182-thread-1] INFO  server.RaftServerConfigKeys (ConfUtils.java:logGet(43)) - raft.server.log.queue.byte-limit = 2147483647 (custom)
2019-11-12 23:20:07,399 [pool-192-thread-1] INFO  server.RaftServerConfigKeys (ConfUtils.java:logGet(43)) - raft.server.log.purge.gap = 1000000 (custom)
2019-11-12 23:20:07,400 [pool-182-thread-1] INFO  server.RaftServerConfigKeys (ConfUtils.java:logGet(43)) - raft.server.log.queue.element-limit = 1024 (custom)
2019-11-12 23:20:07,399 [pool-202-thread-1] INFO  server.RaftServerConfigKeys (ConfUtils.java:logGet(43)) - raft.server.log.appender.buffer.byte-limit = 33554432 (custom)
2019-11-12 23:20:07,400 [pool-182-thread-1] INFO  server.RaftServerConfigKeys (ConfUtils.java:logGet(43)) - raft.server.log.segment.size.max = 1048576 (custom)
2019-11-12 23:20:07,400 [pool-182-thread-1] INFO  server.RaftServerConfigKeys (ConfUtils.java:logGet(43)) - raft.server.log.preallocated.size = 16384 (custom)
2019-11-12 23:20:07,400 [pool-192-thread-1] INFO  server.RaftServerConfigKeys (ConfUtils.java:logGet(43)) - raft.server.log.appender.buffer.byte-limit = 33554432 (custom)
2019-11-12 23:20:07,401 [pool-182-thread-1] INFO  server.RaftServerConfigKeys (ConfUtils.java:logGet(43)) - raft.server.log.write.buffer.size = 33554432 (custom)
2019-11-12 23:20:07,400 [pool-202-thread-1] INFO  server.RaftServerConfigKeys (ConfUtils.java:logGet(43)) - raft.server.log.segment.size.max = 1048576 (custom)
2019-11-12 23:20:07,401 [pool-182-thread-1] INFO  server.RaftServerConfigKeys (ConfUtils.java:logGet(43)) - raft.server.log.force.sync.num = 128 (default)
2019-11-12 23:20:07,401 [pool-182-thread-1] INFO  server.RaftServerConfigKeys (ConfUtils.java:logGet(43)) - raft.server.log.statemachine.data.sync = true (default)
2019-11-12 23:20:07,401 [pool-192-thread-1] INFO  server.RaftServerConfigKeys (ConfUtils.java:logGet(43)) - raft.server.log.segment.size.max = 1048576 (custom)
2019-11-12 23:20:07,401 [pool-182-thread-1] INFO  server.RaftServerConfigKeys (ConfUtils.java:logGet(43)) - raft.server.log.statemachine.data.sync.timeout = 10s (default)
2019-11-12 23:20:07,402 [pool-182-thread-1] INFO  server.RaftServerConfigKeys (ConfUtils.java:logGet(43)) - raft.server.log.statemachine.data.sync.timeout.retry = -1 (default)
2019-11-12 23:20:07,401 [pool-202-thread-1] INFO  server.RaftServerConfigKeys (ConfUtils.java:logGet(43)) - raft.server.log.segment.cache.num.max = 2 (custom)
2019-11-12 23:20:07,402 [pool-182-thread-1] INFO  server.RaftServerConfigKeys (ConfUtils.java:logGet(43)) - raft.server.log.statemachine.data.caching.enabled = true (custom)
2019-11-12 23:20:07,402 [pool-192-thread-1] INFO  server.RaftServerConfigKeys (ConfUtils.java:logGet(43)) - raft.server.log.segment.cache.num.max = 2 (custom)
2019-11-12 23:20:07,402 [pool-202-thread-1] INFO  segmented.SegmentedRaftLogWorker (SegmentedRaftLogWorker.java:<init>(173)) - new 88c939f2-d53e-4de2-8f3f-abd9df815d54@group-CC2367200966-SegmentedRaftLogWorker for RaftStorage:Storage Directory /workdir/hadoop-ozone/integration-test/target/test-dir/MiniOzoneClusterImpl-526fdb7e-9c97-4370-88fe-75d8a071a2f3/datanode-5/data/ratis/174ec97a-d71b-4dc8-a19c-cc2367200966
2019-11-12 23:20:07,402 [pool-192-thread-1] INFO  segmented.SegmentedRaftLogWorker (SegmentedRaftLogWorker.java:<init>(173)) - new d20ba3f6-e96e-4597-ba1c-bac940786bea@group-CC2367200966-SegmentedRaftLogWorker for RaftStorage:Storage Directory /workdir/hadoop-ozone/integration-test/target/test-dir/MiniOzoneClusterImpl-526fdb7e-9c97-4370-88fe-75d8a071a2f3/datanode-4/data/ratis/174ec97a-d71b-4dc8-a19c-cc2367200966
2019-11-12 23:20:07,402 [pool-182-thread-1] INFO  segmented.SegmentedRaftLogWorker (SegmentedRaftLogWorker.java:lambda$new$0(128)) - 42d95ea6-05d3-4ca4-82ca-ed08e1855e99@group-CC2367200966-SegmentedRaftLogWorker: flushIndex: setUnconditionally 0 -> -1
2019-11-12 23:20:07,403 [pool-192-thread-1] INFO  server.RaftServerConfigKeys (ConfUtils.java:logGet(43)) - raft.server.log.queue.byte-limit = 2147483647 (custom)
2019-11-12 23:20:07,403 [pool-192-thread-1] INFO  server.RaftServerConfigKeys (ConfUtils.java:logGet(43)) - raft.server.log.queue.element-limit = 1024 (custom)
2019-11-12 23:20:07,403 [pool-202-thread-1] INFO  server.RaftServerConfigKeys (ConfUtils.java:logGet(43)) - raft.server.log.queue.byte-limit = 2147483647 (custom)
2019-11-12 23:20:07,403 [pool-192-thread-1] INFO  server.RaftServerConfigKeys (ConfUtils.java:logGet(43)) - raft.server.log.segment.size.max = 1048576 (custom)
2019-11-12 23:20:07,403 [pool-182-thread-1] INFO  server.RaftServerConfigKeys (ConfUtils.java:logGet(43)) - raft.server.snapshot.auto.trigger.enabled = true (custom)
2019-11-12 23:20:07,404 [pool-192-thread-1] INFO  server.RaftServerConfigKeys (ConfUtils.java:logGet(43)) - raft.server.log.preallocated.size = 16384 (custom)
2019-11-12 23:20:07,403 [pool-202-thread-1] INFO  server.RaftServerConfigKeys (ConfUtils.java:logGet(43)) - raft.server.log.queue.element-limit = 1024 (custom)
2019-11-12 23:20:07,404 [pool-192-thread-1] INFO  server.RaftServerConfigKeys (ConfUtils.java:logGet(43)) - raft.server.log.write.buffer.size = 33554432 (custom)
2019-11-12 23:20:07,404 [pool-192-thread-1] INFO  server.RaftServerConfigKeys (ConfUtils.java:logGet(43)) - raft.server.log.force.sync.num = 128 (default)
2019-11-12 23:20:07,404 [pool-182-thread-1] INFO  server.RaftServerConfigKeys (ConfUtils.java:logGet(43)) - raft.server.snapshot.auto.trigger.threshold = 10000 (custom)
2019-11-12 23:20:07,404 [pool-192-thread-1] INFO  server.RaftServerConfigKeys (ConfUtils.java:logGet(43)) - raft.server.log.statemachine.data.sync = true (default)
2019-11-12 23:20:07,405 [pool-192-thread-1] INFO  server.RaftServerConfigKeys (ConfUtils.java:logGet(43)) - raft.server.log.statemachine.data.sync.timeout = 10s (default)
2019-11-12 23:20:07,404 [pool-202-thread-1] INFO  server.RaftServerConfigKeys (ConfUtils.java:logGet(43)) - raft.server.log.segment.size.max = 1048576 (custom)
2019-11-12 23:20:07,405 [pool-192-thread-1] INFO  server.RaftServerConfigKeys (ConfUtils.java:logGet(43)) - raft.server.log.statemachine.data.sync.timeout.retry = -1 (default)
2019-11-12 23:20:07,404 [pool-182-thread-1] INFO  server.RaftServerConfigKeys (ConfUtils.java:logGet(43)) - raft.server.snapshot.retention.file.num = 5 (custom)
2019-11-12 23:20:07,405 [pool-192-thread-1] INFO  server.RaftServerConfigKeys (ConfUtils.java:logGet(43)) - raft.server.log.statemachine.data.caching.enabled = true (custom)
2019-11-12 23:20:07,405 [pool-202-thread-1] INFO  server.RaftServerConfigKeys (ConfUtils.java:logGet(43)) - raft.server.log.preallocated.size = 16384 (custom)
2019-11-12 23:20:07,405 [pool-182-thread-1] INFO  server.RaftServerConfigKeys (ConfUtils.java:logGet(43)) - raft.server.retrycache.expirytime = 600000ms (custom)
2019-11-12 23:20:07,406 [pool-202-thread-1] INFO  server.RaftServerConfigKeys (ConfUtils.java:logGet(43)) - raft.server.log.write.buffer.size = 33554432 (custom)
2019-11-12 23:20:07,406 [pool-192-thread-1] INFO  segmented.SegmentedRaftLogWorker (SegmentedRaftLogWorker.java:lambda$new$0(128)) - d20ba3f6-e96e-4597-ba1c-bac940786bea@group-CC2367200966-SegmentedRaftLogWorker: flushIndex: setUnconditionally 0 -> -1
2019-11-12 23:20:07,406 [pool-202-thread-1] INFO  server.RaftServerConfigKeys (ConfUtils.java:logGet(43)) - raft.server.log.force.sync.num = 128 (default)
2019-11-12 23:20:07,406 [pool-182-thread-1] WARN  impl.MetricRegistriesImpl (MetricRegistriesImpl.java:lambda$create$1(61)) - First MetricRegistry has been created without registering reporters. You may need to call MetricRegistries.global().addReportRegistration(...) before.
2019-11-12 23:20:07,406 [pool-192-thread-1] INFO  server.RaftServerConfigKeys (ConfUtils.java:logGet(43)) - raft.server.snapshot.auto.trigger.enabled = true (custom)
2019-11-12 23:20:07,406 [pool-192-thread-1] INFO  server.RaftServerConfigKeys (ConfUtils.java:logGet(43)) - raft.server.snapshot.auto.trigger.threshold = 10000 (custom)
2019-11-12 23:20:07,406 [pool-202-thread-1] INFO  server.RaftServerConfigKeys (ConfUtils.java:logGet(43)) - raft.server.log.statemachine.data.sync = true (default)
2019-11-12 23:20:07,407 [pool-192-thread-1] INFO  server.RaftServerConfigKeys (ConfUtils.java:logGet(43)) - raft.server.snapshot.retention.file.num = 5 (custom)
2019-11-12 23:20:07,406 [pool-182-thread-1] WARN  impl.MetricRegistriesImpl (MetricRegistriesImpl.java:lambda$create$1(61)) - First MetricRegistry has been created without registering reporters. You may need to call MetricRegistries.global().addReportRegistration(...) before.
2019-11-12 23:20:07,407 [pool-192-thread-1] INFO  server.RaftServerConfigKeys (ConfUtils.java:logGet(43)) - raft.server.retrycache.expirytime = 600000ms (custom)
2019-11-12 23:20:07,407 [pool-182-thread-1] INFO  impl.RaftServerImpl (RaftServerImpl.java:start(184)) - 42d95ea6-05d3-4ca4-82ca-ed08e1855e99@group-CC2367200966: start as a follower, conf=-1: [42d95ea6-05d3-4ca4-82ca-ed08e1855e99:192.168.164.209:39395, 88c939f2-d53e-4de2-8f3f-abd9df815d54:192.168.164.209:45039, d20ba3f6-e96e-4597-ba1c-bac940786bea:192.168.164.209:36673], old=null
2019-11-12 23:20:07,407 [pool-202-thread-1] INFO  server.RaftServerConfigKeys (ConfUtils.java:logGet(43)) - raft.server.log.statemachine.data.sync.timeout = 10s (default)
2019-11-12 23:20:07,407 [pool-182-thread-1] INFO  impl.RaftServerImpl (RaftServerImpl.java:setRole(173)) - 42d95ea6-05d3-4ca4-82ca-ed08e1855e99@group-CC2367200966: changes role from      null to FOLLOWER at term 0 for startAsFollower
2019-11-12 23:20:07,407 [pool-192-thread-1] WARN  impl.MetricRegistriesImpl (MetricRegistriesImpl.java:lambda$create$1(61)) - First MetricRegistry has been created without registering reporters. You may need to call MetricRegistries.global().addReportRegistration(...) before.
2019-11-12 23:20:07,408 [pool-182-thread-1] INFO  impl.RoleInfo (RoleInfo.java:updateAndGet(143)) - 42d95ea6-05d3-4ca4-82ca-ed08e1855e99: start FollowerState
2019-11-12 23:20:07,408 [pool-202-thread-1] INFO  server.RaftServerConfigKeys (ConfUtils.java:logGet(43)) - raft.server.log.statemachine.data.sync.timeout.retry = -1 (default)
2019-11-12 23:20:07,408 [pool-192-thread-1] WARN  impl.MetricRegistriesImpl (MetricRegistriesImpl.java:lambda$create$1(61)) - First MetricRegistry has been created without registering reporters. You may need to call MetricRegistries.global().addReportRegistration(...) before.
2019-11-12 23:20:07,408 [pool-202-thread-1] INFO  server.RaftServerConfigKeys (ConfUtils.java:logGet(43)) - raft.server.log.statemachine.data.caching.enabled = true (custom)
2019-11-12 23:20:07,408 [pool-182-thread-1] INFO  util.JmxRegister (JmxRegister.java:tryRegister(44)) - Successfully registered JMX Bean with object name Ratis:service=RaftServer,group=group-CC2367200966,id=42d95ea6-05d3-4ca4-82ca-ed08e1855e99
2019-11-12 23:20:07,408 [pool-192-thread-1] INFO  impl.RaftServerImpl (RaftServerImpl.java:start(184)) - d20ba3f6-e96e-4597-ba1c-bac940786bea@group-CC2367200966: start as a follower, conf=-1: [42d95ea6-05d3-4ca4-82ca-ed08e1855e99:192.168.164.209:39395, 88c939f2-d53e-4de2-8f3f-abd9df815d54:192.168.164.209:45039, d20ba3f6-e96e-4597-ba1c-bac940786bea:192.168.164.209:36673], old=null
2019-11-12 23:20:07,409 [pool-202-thread-1] INFO  segmented.SegmentedRaftLogWorker (SegmentedRaftLogWorker.java:lambda$new$0(128)) - 88c939f2-d53e-4de2-8f3f-abd9df815d54@group-CC2367200966-SegmentedRaftLogWorker: flushIndex: setUnconditionally 0 -> -1
2019-11-12 23:20:07,408 [pool-182-thread-1] WARN  impl.MetricRegistriesImpl (MetricRegistriesImpl.java:lambda$create$1(61)) - First MetricRegistry has been created without registering reporters. You may need to call MetricRegistries.global().addReportRegistration(...) before.
2019-11-12 23:20:07,409 [pool-192-thread-1] INFO  impl.RaftServerImpl (RaftServerImpl.java:setRole(173)) - d20ba3f6-e96e-4597-ba1c-bac940786bea@group-CC2367200966: changes role from      null to FOLLOWER at term 0 for startAsFollower
2019-11-12 23:20:07,409 [pool-202-thread-1] INFO  server.RaftServerConfigKeys (ConfUtils.java:logGet(43)) - raft.server.snapshot.auto.trigger.enabled = true (custom)
2019-11-12 23:20:07,409 [pool-192-thread-1] INFO  impl.RoleInfo (RoleInfo.java:updateAndGet(143)) - d20ba3f6-e96e-4597-ba1c-bac940786bea: start FollowerState
2019-11-12 23:20:07,409 [pool-202-thread-1] INFO  server.RaftServerConfigKeys (ConfUtils.java:logGet(43)) - raft.server.snapshot.auto.trigger.threshold = 10000 (custom)
2019-11-12 23:20:07,410 [pool-202-thread-1] INFO  server.RaftServerConfigKeys (ConfUtils.java:logGet(43)) - raft.server.snapshot.retention.file.num = 5 (custom)
2019-11-12 23:20:07,410 [pool-202-thread-1] INFO  server.RaftServerConfigKeys (ConfUtils.java:logGet(43)) - raft.server.retrycache.expirytime = 600000ms (custom)
2019-11-12 23:20:07,410 [pool-192-thread-1] INFO  util.JmxRegister (JmxRegister.java:tryRegister(44)) - Successfully registered JMX Bean with object name Ratis:service=RaftServer,group=group-CC2367200966,id=d20ba3f6-e96e-4597-ba1c-bac940786bea
2019-11-12 23:20:07,410 [pool-202-thread-1] WARN  impl.MetricRegistriesImpl (MetricRegistriesImpl.java:lambda$create$1(61)) - First MetricRegistry has been created without registering reporters. You may need to call MetricRegistries.global().addReportRegistration(...) before.
2019-11-12 23:20:07,410 [pool-192-thread-1] WARN  impl.MetricRegistriesImpl (MetricRegistriesImpl.java:lambda$create$1(61)) - First MetricRegistry has been created without registering reporters. You may need to call MetricRegistries.global().addReportRegistration(...) before.
2019-11-12 23:20:07,410 [pool-202-thread-1] WARN  impl.MetricRegistriesImpl (MetricRegistriesImpl.java:lambda$create$1(61)) - First MetricRegistry has been created without registering reporters. You may need to call MetricRegistries.global().addReportRegistration(...) before.
2019-11-12 23:20:07,411 [pool-202-thread-1] INFO  impl.RaftServerImpl (RaftServerImpl.java:start(184)) - 88c939f2-d53e-4de2-8f3f-abd9df815d54@group-CC2367200966: start as a follower, conf=-1: [42d95ea6-05d3-4ca4-82ca-ed08e1855e99:192.168.164.209:39395, 88c939f2-d53e-4de2-8f3f-abd9df815d54:192.168.164.209:45039, d20ba3f6-e96e-4597-ba1c-bac940786bea:192.168.164.209:36673], old=null
2019-11-12 23:20:07,411 [pool-202-thread-1] INFO  impl.RaftServerImpl (RaftServerImpl.java:setRole(173)) - 88c939f2-d53e-4de2-8f3f-abd9df815d54@group-CC2367200966: changes role from      null to FOLLOWER at term 0 for startAsFollower
2019-11-12 23:20:07,411 [pool-202-thread-1] INFO  impl.RoleInfo (RoleInfo.java:updateAndGet(143)) - 88c939f2-d53e-4de2-8f3f-abd9df815d54: start FollowerState
2019-11-12 23:20:07,412 [pool-202-thread-1] INFO  util.JmxRegister (JmxRegister.java:tryRegister(44)) - Successfully registered JMX Bean with object name Ratis:service=RaftServer,group=group-CC2367200966,id=88c939f2-d53e-4de2-8f3f-abd9df815d54
2019-11-12 23:20:07,412 [pool-202-thread-1] WARN  impl.MetricRegistriesImpl (MetricRegistriesImpl.java:lambda$create$1(61)) - First MetricRegistry has been created without registering reporters. You may need to call MetricRegistries.global().addReportRegistration(...) before.
2019-11-12 23:20:07,414 [RatisPipelineUtilsThread] INFO  pipeline.PipelineStateManager (PipelineStateManager.java:addPipeline(55)) - Created pipeline Pipeline[ Id: 174ec97a-d71b-4dc8-a19c-cc2367200966, Nodes: d20ba3f6-e96e-4597-ba1c-bac940786bea{ip: 192.168.164.209, host: pr-hdds-2464-qsgcv-431919947, networkLocation: /default-rack, certSerialId: null}88c939f2-d53e-4de2-8f3f-abd9df815d54{ip: 192.168.164.209, host: pr-hdds-2464-qsgcv-431919947, networkLocation: /default-rack, certSerialId: null}42d95ea6-05d3-4ca4-82ca-ed08e1855e99{ip: 192.168.164.209, host: pr-hdds-2464-qsgcv-431919947, networkLocation: /default-rack, certSerialId: null}, Type:RATIS, Factor:THREE, State:ALLOCATED]
2019-11-12 23:20:07,415 [main] INFO  ozone.MiniOzoneClusterImpl (MiniOzoneClusterImpl.java:lambda$waitForClusterToBeReady$2(163)) - Waiting for 8 number of pipelines out of 8, to report a leader.
2019-11-12 23:20:07,918 [Thread-1235] INFO  impl.FollowerState (FollowerState.java:run(111)) - b7cd9551-1bd0-408f-a1aa-df7bdc8ebd77@group-3341C0D876D2-FollowerState: change to CANDIDATE, lastRpcTime:1117ms, electionTimeout:1117ms
2019-11-12 23:20:07,921 [Thread-1235] INFO  impl.RoleInfo (RoleInfo.java:shutdownFollowerState(121)) - b7cd9551-1bd0-408f-a1aa-df7bdc8ebd77: shutdown FollowerState
2019-11-12 23:20:07,921 [Thread-1235] INFO  impl.RaftServerImpl (RaftServerImpl.java:setRole(173)) - b7cd9551-1bd0-408f-a1aa-df7bdc8ebd77@group-3341C0D876D2: changes role from  FOLLOWER to CANDIDATE at term 0 for changeToCandidate
2019-11-12 23:20:07,922 [Thread-1235] INFO  impl.RoleInfo (RoleInfo.java:updateAndGet(143)) - b7cd9551-1bd0-408f-a1aa-df7bdc8ebd77: start LeaderElection
2019-11-12 23:20:07,925 [Thread-1241] INFO  impl.FollowerState (FollowerState.java:run(111)) - 80837678-b947-4bce-b966-fc20c0dfbdbf@group-06C42B447403-FollowerState: change to CANDIDATE, lastRpcTime:1010ms, electionTimeout:1010ms
2019-11-12 23:20:07,925 [Thread-1241] INFO  impl.RoleInfo (RoleInfo.java:shutdownFollowerState(121)) - 80837678-b947-4bce-b966-fc20c0dfbdbf: shutdown FollowerState
2019-11-12 23:20:07,926 [Thread-1241] INFO  impl.RaftServerImpl (RaftServerImpl.java:setRole(173)) - 80837678-b947-4bce-b966-fc20c0dfbdbf@group-06C42B447403: changes role from  FOLLOWER to CANDIDATE at term 0 for changeToCandidate
2019-11-12 23:20:07,926 [Thread-1241] INFO  impl.RoleInfo (RoleInfo.java:updateAndGet(143)) - 80837678-b947-4bce-b966-fc20c0dfbdbf: start LeaderElection
2019-11-12 23:20:07,950 [80837678-b947-4bce-b966-fc20c0dfbdbf@group-06C42B447403-LeaderElection36] INFO  impl.LeaderElection (LeaderElection.java:askForVotes(178)) - 80837678-b947-4bce-b966-fc20c0dfbdbf@group-06C42B447403-LeaderElection36: begin an election at term 1 for -1: [80837678-b947-4bce-b966-fc20c0dfbdbf:192.168.164.209:33427], old=null
2019-11-12 23:20:07,950 [b7cd9551-1bd0-408f-a1aa-df7bdc8ebd77@group-3341C0D876D2-LeaderElection35] INFO  impl.LeaderElection (LeaderElection.java:askForVotes(178)) - b7cd9551-1bd0-408f-a1aa-df7bdc8ebd77@group-3341C0D876D2-LeaderElection35: begin an election at term 1 for -1: [b7cd9551-1bd0-408f-a1aa-df7bdc8ebd77:192.168.164.209:36523], old=null
2019-11-12 23:20:07,950 [80837678-b947-4bce-b966-fc20c0dfbdbf@group-06C42B447403-LeaderElection36] INFO  impl.RoleInfo (RoleInfo.java:shutdownLeaderElection(134)) - 80837678-b947-4bce-b966-fc20c0dfbdbf: shutdown LeaderElection
2019-11-12 23:20:07,950 [b7cd9551-1bd0-408f-a1aa-df7bdc8ebd77@group-3341C0D876D2-LeaderElection35] INFO  impl.RoleInfo (RoleInfo.java:shutdownLeaderElection(134)) - b7cd9551-1bd0-408f-a1aa-df7bdc8ebd77: shutdown LeaderElection
2019-11-12 23:20:07,951 [80837678-b947-4bce-b966-fc20c0dfbdbf@group-06C42B447403-LeaderElection36] INFO  impl.RaftServerImpl (RaftServerImpl.java:setRole(173)) - 80837678-b947-4bce-b966-fc20c0dfbdbf@group-06C42B447403: changes role from CANDIDATE to LEADER at term 1 for changeToLeader
2019-11-12 23:20:07,951 [b7cd9551-1bd0-408f-a1aa-df7bdc8ebd77@group-3341C0D876D2-LeaderElection35] INFO  impl.RaftServerImpl (RaftServerImpl.java:setRole(173)) - b7cd9551-1bd0-408f-a1aa-df7bdc8ebd77@group-3341C0D876D2: changes role from CANDIDATE to LEADER at term 1 for changeToLeader
2019-11-12 23:20:07,951 [80837678-b947-4bce-b966-fc20c0dfbdbf@group-06C42B447403-LeaderElection36] INFO  ratis.XceiverServerRatis (XceiverServerRatis.java:handleLeaderChangedNotification(697)) - Leader change notification received for group: group-06C42B447403 with new leaderId: 80837678-b947-4bce-b966-fc20c0dfbdbf
2019-11-12 23:20:07,951 [b7cd9551-1bd0-408f-a1aa-df7bdc8ebd77@group-3341C0D876D2-LeaderElection35] INFO  ratis.XceiverServerRatis (XceiverServerRatis.java:handleLeaderChangedNotification(697)) - Leader change notification received for group: group-3341C0D876D2 with new leaderId: b7cd9551-1bd0-408f-a1aa-df7bdc8ebd77
2019-11-12 23:20:07,951 [80837678-b947-4bce-b966-fc20c0dfbdbf@group-06C42B447403-LeaderElection36] INFO  impl.RaftServerImpl (ServerState.java:setLeader(255)) - 80837678-b947-4bce-b966-fc20c0dfbdbf@group-06C42B447403: change Leader from null to 80837678-b947-4bce-b966-fc20c0dfbdbf at term 1 for becomeLeader, leader elected after 1040ms
2019-11-12 23:20:07,951 [b7cd9551-1bd0-408f-a1aa-df7bdc8ebd77@group-3341C0D876D2-LeaderElection35] INFO  impl.RaftServerImpl (ServerState.java:setLeader(255)) - b7cd9551-1bd0-408f-a1aa-df7bdc8ebd77@group-3341C0D876D2: change Leader from null to b7cd9551-1bd0-408f-a1aa-df7bdc8ebd77 at term 1 for becomeLeader, leader elected after 1155ms
2019-11-12 23:20:07,951 [80837678-b947-4bce-b966-fc20c0dfbdbf@group-06C42B447403-LeaderElection36] INFO  server.RaftServerConfigKeys (ConfUtils.java:logGet(43)) - raft.server.staging.catchup.gap = 1000 (default)
2019-11-12 23:20:07,951 [b7cd9551-1bd0-408f-a1aa-df7bdc8ebd77@group-3341C0D876D2-LeaderElection35] INFO  server.RaftServerConfigKeys (ConfUtils.java:logGet(43)) - raft.server.staging.catchup.gap = 1000 (default)
2019-11-12 23:20:07,951 [b7cd9551-1bd0-408f-a1aa-df7bdc8ebd77@group-3341C0D876D2-LeaderElection35] INFO  server.RaftServerConfigKeys (ConfUtils.java:logGet(43)) - raft.server.rpc.sleep.time = 25ms (default)
2019-11-12 23:20:07,951 [80837678-b947-4bce-b966-fc20c0dfbdbf@group-06C42B447403-LeaderElection36] INFO  server.RaftServerConfigKeys (ConfUtils.java:logGet(43)) - raft.server.rpc.sleep.time = 25ms (default)
2019-11-12 23:20:07,953 [b7cd9551-1bd0-408f-a1aa-df7bdc8ebd77@group-3341C0D876D2-LeaderElection35] INFO  server.RaftServerConfigKeys (ConfUtils.java:logGet(43)) - raft.server.write.element-limit = 4096 (default)
2019-11-12 23:20:07,953 [80837678-b947-4bce-b966-fc20c0dfbdbf@group-06C42B447403-LeaderElection36] INFO  server.RaftServerConfigKeys (ConfUtils.java:logGet(43)) - raft.server.write.element-limit = 4096 (default)
2019-11-12 23:20:07,953 [b7cd9551-1bd0-408f-a1aa-df7bdc8ebd77@group-3341C0D876D2-LeaderElection35] INFO  server.RaftServerConfigKeys (ConfUtils.java:logGet(43)) - raft.server.watch.timeout = 10s (default)
2019-11-12 23:20:07,953 [80837678-b947-4bce-b966-fc20c0dfbdbf@group-06C42B447403-LeaderElection36] INFO  server.RaftServerConfigKeys (ConfUtils.java:logGet(43)) - raft.server.watch.timeout = 10s (default)
2019-11-12 23:20:07,954 [b7cd9551-1bd0-408f-a1aa-df7bdc8ebd77@group-3341C0D876D2-LeaderElection35] INFO  server.RaftServerConfigKeys (ConfUtils.java:logGet(43)) - raft.server.watch.timeout.denomination = 1s (default)
2019-11-12 23:20:07,954 [80837678-b947-4bce-b966-fc20c0dfbdbf@group-06C42B447403-LeaderElection36] INFO  server.RaftServerConfigKeys (ConfUtils.java:logGet(43)) - raft.server.watch.timeout.denomination = 1s (default)
2019-11-12 23:20:07,954 [b7cd9551-1bd0-408f-a1aa-df7bdc8ebd77@group-3341C0D876D2-LeaderElection35] INFO  server.RaftServerConfigKeys (ConfUtils.java:logGet(43)) - raft.server.watch.element-limit = 65536 (default)
2019-11-12 23:20:07,954 [80837678-b947-4bce-b966-fc20c0dfbdbf@group-06C42B447403-LeaderElection36] INFO  server.RaftServerConfigKeys (ConfUtils.java:logGet(43)) - raft.server.watch.element-limit = 65536 (default)
2019-11-12 23:20:07,954 [b7cd9551-1bd0-408f-a1aa-df7bdc8ebd77@group-3341C0D876D2-LeaderElection35] INFO  impl.RoleInfo (RoleInfo.java:updateAndGet(143)) - b7cd9551-1bd0-408f-a1aa-df7bdc8ebd77: start LeaderState
2019-11-12 23:20:07,954 [80837678-b947-4bce-b966-fc20c0dfbdbf@group-06C42B447403-LeaderElection36] INFO  impl.RoleInfo (RoleInfo.java:updateAndGet(143)) - 80837678-b947-4bce-b966-fc20c0dfbdbf: start LeaderState
2019-11-12 23:20:07,955 [b7cd9551-1bd0-408f-a1aa-df7bdc8ebd77@group-3341C0D876D2-LeaderElection35] INFO  segmented.SegmentedRaftLogWorker (SegmentedRaftLogWorker.java:startLogSegment(385)) - b7cd9551-1bd0-408f-a1aa-df7bdc8ebd77@group-3341C0D876D2-SegmentedRaftLogWorker: Starting segment from index:0
2019-11-12 23:20:07,955 [80837678-b947-4bce-b966-fc20c0dfbdbf@group-06C42B447403-LeaderElection36] INFO  segmented.SegmentedRaftLogWorker (SegmentedRaftLogWorker.java:startLogSegment(385)) - 80837678-b947-4bce-b966-fc20c0dfbdbf@group-06C42B447403-SegmentedRaftLogWorker: Starting segment from index:0
2019-11-12 23:20:07,955 [EventQueue-PipelineReportForPipelineReportHandler] INFO  pipeline.PipelineStateManager (PipelineStateManager.java:openPipeline(134)) - Pipeline Pipeline[ Id: 5a64ac3a-20b6-4cf5-9d42-06c42b447403, Nodes: 80837678-b947-4bce-b966-fc20c0dfbdbf{ip: 192.168.164.209, host: pr-hdds-2464-qsgcv-431919947, networkLocation: /default-rack, certSerialId: null}, Type:RATIS, Factor:ONE, State:OPEN] moved to OPEN state
2019-11-12 23:20:07,955 [b7cd9551-1bd0-408f-a1aa-df7bdc8ebd77@group-3341C0D876D2-LeaderElection35] INFO  impl.RaftServerImpl (ServerState.java:setRaftConf(356)) - b7cd9551-1bd0-408f-a1aa-df7bdc8ebd77@group-3341C0D876D2: set configuration 0: [b7cd9551-1bd0-408f-a1aa-df7bdc8ebd77:192.168.164.209:36523], old=null at 0
2019-11-12 23:20:07,956 [EventQueue-PipelineReportForPipelineReportHandler] INFO  pipeline.PipelineStateManager (PipelineStateManager.java:openPipeline(134)) - Pipeline Pipeline[ Id: 4a9d52c9-61b6-43a5-b205-3341c0d876d2, Nodes: b7cd9551-1bd0-408f-a1aa-df7bdc8ebd77{ip: 192.168.164.209, host: pr-hdds-2464-qsgcv-431919947, networkLocation: /default-rack, certSerialId: null}, Type:RATIS, Factor:ONE, State:OPEN] moved to OPEN state
2019-11-12 23:20:07,956 [80837678-b947-4bce-b966-fc20c0dfbdbf@group-06C42B447403-LeaderElection36] INFO  impl.RaftServerImpl (ServerState.java:setRaftConf(356)) - 80837678-b947-4bce-b966-fc20c0dfbdbf@group-06C42B447403: set configuration 0: [80837678-b947-4bce-b966-fc20c0dfbdbf:192.168.164.209:33427], old=null at 0
2019-11-12 23:20:07,981 [Thread-1248] INFO  impl.FollowerState (FollowerState.java:run(111)) - 80837678-b947-4bce-b966-fc20c0dfbdbf@group-DCB91DA26963-FollowerState: change to CANDIDATE, lastRpcTime:1024ms, electionTimeout:1024ms
2019-11-12 23:20:07,981 [Thread-1248] INFO  impl.RoleInfo (RoleInfo.java:shutdownFollowerState(121)) - 80837678-b947-4bce-b966-fc20c0dfbdbf: shutdown FollowerState
2019-11-12 23:20:07,981 [Thread-1248] INFO  impl.RaftServerImpl (RaftServerImpl.java:setRole(173)) - 80837678-b947-4bce-b966-fc20c0dfbdbf@group-DCB91DA26963: changes role from  FOLLOWER to CANDIDATE at term 0 for changeToCandidate
2019-11-12 23:20:07,981 [Thread-1248] INFO  impl.RoleInfo (RoleInfo.java:updateAndGet(143)) - 80837678-b947-4bce-b966-fc20c0dfbdbf: start LeaderElection
2019-11-12 23:20:07,994 [b7cd9551-1bd0-408f-a1aa-df7bdc8ebd77@group-3341C0D876D2-SegmentedRaftLogWorker] INFO  segmented.SegmentedRaftLogWorker (SegmentedRaftLogWorker.java:execute(576)) - b7cd9551-1bd0-408f-a1aa-df7bdc8ebd77@group-3341C0D876D2-SegmentedRaftLogWorker: created new log segment /workdir/hadoop-ozone/integration-test/target/test-dir/MiniOzoneClusterImpl-526fdb7e-9c97-4370-88fe-75d8a071a2f3/datanode-0/data/ratis/4a9d52c9-61b6-43a5-b205-3341c0d876d2/current/log_inprogress_0
2019-11-12 23:20:07,995 [80837678-b947-4bce-b966-fc20c0dfbdbf@group-06C42B447403-SegmentedRaftLogWorker] INFO  segmented.SegmentedRaftLogWorker (SegmentedRaftLogWorker.java:execute(576)) - 80837678-b947-4bce-b966-fc20c0dfbdbf@group-06C42B447403-SegmentedRaftLogWorker: created new log segment /workdir/hadoop-ozone/integration-test/target/test-dir/MiniOzoneClusterImpl-526fdb7e-9c97-4370-88fe-75d8a071a2f3/datanode-2/data/ratis/5a64ac3a-20b6-4cf5-9d42-06c42b447403/current/log_inprogress_0
2019-11-12 23:20:08,009 [80837678-b947-4bce-b966-fc20c0dfbdbf@group-DCB91DA26963-LeaderElection37] INFO  impl.LeaderElection (LeaderElection.java:askForVotes(178)) - 80837678-b947-4bce-b966-fc20c0dfbdbf@group-DCB91DA26963-LeaderElection37: begin an election at term 1 for -1: [80837678-b947-4bce-b966-fc20c0dfbdbf:192.168.164.209:33427, 0abad138-b24b-47c7-afcb-ebb08d39de0a:192.168.164.209:35002, b7cd9551-1bd0-408f-a1aa-df7bdc8ebd77:192.168.164.209:36523], old=null
2019-11-12 23:20:08,016 [grpc-default-executor-7] INFO  impl.RaftServerImpl (RaftServerImpl.java:setRole(173)) - 0abad138-b24b-47c7-afcb-ebb08d39de0a@group-DCB91DA26963: changes role from  FOLLOWER to FOLLOWER at term 1 for recognizeCandidate:80837678-b947-4bce-b966-fc20c0dfbdbf
2019-11-12 23:20:08,016 [grpc-default-executor-8] INFO  impl.RaftServerImpl (RaftServerImpl.java:setRole(173)) - b7cd9551-1bd0-408f-a1aa-df7bdc8ebd77@group-DCB91DA26963: changes role from  FOLLOWER to FOLLOWER at term 1 for recognizeCandidate:80837678-b947-4bce-b966-fc20c0dfbdbf
2019-11-12 23:20:08,016 [grpc-default-executor-7] INFO  impl.RoleInfo (RoleInfo.java:shutdownFollowerState(121)) - 0abad138-b24b-47c7-afcb-ebb08d39de0a: shutdown FollowerState
2019-11-12 23:20:08,017 [grpc-default-executor-8] INFO  impl.RoleInfo (RoleInfo.java:shutdownFollowerState(121)) - b7cd9551-1bd0-408f-a1aa-df7bdc8ebd77: shutdown FollowerState
2019-11-12 23:20:08,017 [Thread-1244] INFO  impl.FollowerState (FollowerState.java:run(120)) - 0abad138-b24b-47c7-afcb-ebb08d39de0a@group-DCB91DA26963-FollowerState was interrupted: java.lang.InterruptedException: sleep interrupted
2019-11-12 23:20:08,017 [grpc-default-executor-7] INFO  impl.RoleInfo (RoleInfo.java:updateAndGet(143)) - 0abad138-b24b-47c7-afcb-ebb08d39de0a: start FollowerState
2019-11-12 23:20:08,017 [Thread-1249] INFO  impl.FollowerState (FollowerState.java:run(120)) - b7cd9551-1bd0-408f-a1aa-df7bdc8ebd77@group-DCB91DA26963-FollowerState was interrupted: java.lang.InterruptedException: sleep interrupted
2019-11-12 23:20:08,017 [grpc-default-executor-8] INFO  impl.RoleInfo (RoleInfo.java:updateAndGet(143)) - b7cd9551-1bd0-408f-a1aa-df7bdc8ebd77: start FollowerState
2019-11-12 23:20:08,047 [80837678-b947-4bce-b966-fc20c0dfbdbf@group-DCB91DA26963-LeaderElection37] INFO  impl.LeaderElection (LeaderElection.java:logAndReturn(56)) - 80837678-b947-4bce-b966-fc20c0dfbdbf@group-DCB91DA26963-LeaderElection37: Election PASSED; received 1 response(s) [80837678-b947-4bce-b966-fc20c0dfbdbf<-0abad138-b24b-47c7-afcb-ebb08d39de0a#0:OK-t1] and 0 exception(s); 80837678-b947-4bce-b966-fc20c0dfbdbf@group-DCB91DA26963:t1, leader=null, voted=80837678-b947-4bce-b966-fc20c0dfbdbf, raftlog=80837678-b947-4bce-b966-fc20c0dfbdbf@group-DCB91DA26963-SegmentedRaftLog:OPENED:c-1,f-1,i0, conf=-1: [80837678-b947-4bce-b966-fc20c0dfbdbf:192.168.164.209:33427, 0abad138-b24b-47c7-afcb-ebb08d39de0a:192.168.164.209:35002, b7cd9551-1bd0-408f-a1aa-df7bdc8ebd77:192.168.164.209:36523], old=null
2019-11-12 23:20:08,047 [80837678-b947-4bce-b966-fc20c0dfbdbf@group-DCB91DA26963-LeaderElection37] INFO  impl.RoleInfo (RoleInfo.java:shutdownLeaderElection(134)) - 80837678-b947-4bce-b966-fc20c0dfbdbf: shutdown LeaderElection
2019-11-12 23:20:08,048 [80837678-b947-4bce-b966-fc20c0dfbdbf@group-DCB91DA26963-LeaderElection37] INFO  impl.RaftServerImpl (RaftServerImpl.java:setRole(173)) - 80837678-b947-4bce-b966-fc20c0dfbdbf@group-DCB91DA26963: changes role from CANDIDATE to LEADER at term 1 for changeToLeader
2019-11-12 23:20:08,048 [80837678-b947-4bce-b966-fc20c0dfbdbf@group-DCB91DA26963-LeaderElection37] INFO  ratis.XceiverServerRatis (XceiverServerRatis.java:handleLeaderChangedNotification(697)) - Leader change notification received for group: group-DCB91DA26963 with new leaderId: 80837678-b947-4bce-b966-fc20c0dfbdbf
2019-11-12 23:20:08,048 [80837678-b947-4bce-b966-fc20c0dfbdbf@group-DCB91DA26963-LeaderElection37] INFO  impl.RaftServerImpl (ServerState.java:setLeader(255)) - 80837678-b947-4bce-b966-fc20c0dfbdbf@group-DCB91DA26963: change Leader from null to 80837678-b947-4bce-b966-fc20c0dfbdbf at term 1 for becomeLeader, leader elected after 1098ms
2019-11-12 23:20:08,048 [80837678-b947-4bce-b966-fc20c0dfbdbf@group-DCB91DA26963-LeaderElection37] INFO  server.RaftServerConfigKeys (ConfUtils.java:logGet(43)) - raft.server.staging.catchup.gap = 1000 (default)
2019-11-12 23:20:08,048 [80837678-b947-4bce-b966-fc20c0dfbdbf@group-DCB91DA26963-LeaderElection37] INFO  server.RaftServerConfigKeys (ConfUtils.java:logGet(43)) - raft.server.rpc.sleep.time = 25ms (default)
2019-11-12 23:20:08,048 [80837678-b947-4bce-b966-fc20c0dfbdbf@group-DCB91DA26963-LeaderElection37] INFO  server.RaftServerConfigKeys (ConfUtils.java:logGet(43)) - raft.server.write.element-limit = 4096 (default)
2019-11-12 23:20:08,048 [80837678-b947-4bce-b966-fc20c0dfbdbf@group-DCB91DA26963-LeaderElection37] INFO  server.RaftServerConfigKeys (ConfUtils.java:logGet(43)) - raft.server.watch.timeout = 10s (default)
2019-11-12 23:20:08,049 [80837678-b947-4bce-b966-fc20c0dfbdbf@group-DCB91DA26963-LeaderElection37] INFO  server.RaftServerConfigKeys (ConfUtils.java:logGet(43)) - raft.server.watch.timeout.denomination = 1s (default)
2019-11-12 23:20:08,049 [80837678-b947-4bce-b966-fc20c0dfbdbf@group-DCB91DA26963-LeaderElection37] INFO  server.RaftServerConfigKeys (ConfUtils.java:logGet(43)) - raft.server.watch.element-limit = 65536 (default)
2019-11-12 23:20:08,049 [80837678-b947-4bce-b966-fc20c0dfbdbf@group-DCB91DA26963-LeaderElection37] INFO  server.RaftServerConfigKeys (ConfUtils.java:logGet(43)) - raft.server.log.appender.snapshot.chunk.size.max = 16MB (=16777216) (default)
2019-11-12 23:20:08,049 [80837678-b947-4bce-b966-fc20c0dfbdbf@group-DCB91DA26963-LeaderElection37] INFO  server.RaftServerConfigKeys (ConfUtils.java:logGet(43)) - raft.server.log.appender.buffer.byte-limit = 33554432 (custom)
2019-11-12 23:20:08,049 [80837678-b947-4bce-b966-fc20c0dfbdbf@group-DCB91DA26963-LeaderElection37] INFO  server.RaftServerConfigKeys (ConfUtils.java:logGet(43)) - raft.server.log.appender.buffer.element-limit = 1 (custom)
2019-11-12 23:20:08,049 [EventQueue-PipelineReportForPipelineReportHandler] INFO  pipeline.PipelineStateManager (PipelineStateManager.java:openPipeline(134)) - Pipeline Pipeline[ Id: 0e287f3a-9310-4c4d-bb0e-dcb91da26963, Nodes: 80837678-b947-4bce-b966-fc20c0dfbdbf{ip: 192.168.164.209, host: pr-hdds-2464-qsgcv-431919947, networkLocation: /default-rack, certSerialId: null}0abad138-b24b-47c7-afcb-ebb08d39de0a{ip: 192.168.164.209, host: pr-hdds-2464-qsgcv-431919947, networkLocation: /default-rack, certSerialId: null}b7cd9551-1bd0-408f-a1aa-df7bdc8ebd77{ip: 192.168.164.209, host: pr-hdds-2464-qsgcv-431919947, networkLocation: /default-rack, certSerialId: null}, Type:RATIS, Factor:THREE, State:OPEN] moved to OPEN state
2019-11-12 23:20:08,050 [80837678-b947-4bce-b966-fc20c0dfbdbf@group-DCB91DA26963-LeaderElection37] INFO  grpc.GrpcConfigKeys$Server (ConfUtils.java:logGet(43)) - raft.grpc.server.leader.outstanding.appends.max = 128 (default)
2019-11-12 23:20:08,052 [80837678-b947-4bce-b966-fc20c0dfbdbf@group-DCB91DA26963-LeaderElection37] INFO  server.RaftServerConfigKeys (ConfUtils.java:logGet(43)) - raft.server.rpc.request.timeout = 3000ms (default)
2019-11-12 23:20:08,052 [80837678-b947-4bce-b966-fc20c0dfbdbf@group-DCB91DA26963-LeaderElection37] INFO  server.RaftServerConfigKeys (ConfUtils.java:logGet(43)) - raft.server.log.appender.install.snapshot.enabled = false (custom)
2019-11-12 23:20:08,052 [80837678-b947-4bce-b966-fc20c0dfbdbf@group-DCB91DA26963-LeaderElection37] WARN  impl.MetricRegistriesImpl (MetricRegistriesImpl.java:lambda$create$1(61)) - First MetricRegistry has been created without registering reporters. You may need to call MetricRegistries.global().addReportRegistration(...) before.
2019-11-12 23:20:08,053 [80837678-b947-4bce-b966-fc20c0dfbdbf@group-DCB91DA26963-LeaderElection37] INFO  server.RaftServerConfigKeys (ConfUtils.java:logGet(43)) - raft.server.log.appender.snapshot.chunk.size.max = 16MB (=16777216) (default)
2019-11-12 23:20:08,053 [80837678-b947-4bce-b966-fc20c0dfbdbf@group-DCB91DA26963-LeaderElection37] INFO  server.RaftServerConfigKeys (ConfUtils.java:logGet(43)) - raft.server.log.appender.buffer.byte-limit = 33554432 (custom)
2019-11-12 23:20:08,053 [80837678-b947-4bce-b966-fc20c0dfbdbf@group-DCB91DA26963-LeaderElection37] INFO  server.RaftServerConfigKeys (ConfUtils.java:logGet(43)) - raft.server.log.appender.buffer.element-limit = 1 (custom)
2019-11-12 23:20:08,053 [80837678-b947-4bce-b966-fc20c0dfbdbf@group-DCB91DA26963-LeaderElection37] INFO  grpc.GrpcConfigKeys$Server (ConfUtils.java:logGet(43)) - raft.grpc.server.leader.outstanding.appends.max = 128 (default)
2019-11-12 23:20:08,053 [80837678-b947-4bce-b966-fc20c0dfbdbf@group-DCB91DA26963-LeaderElection37] INFO  server.RaftServerConfigKeys (ConfUtils.java:logGet(43)) - raft.server.rpc.request.timeout = 3000ms (default)
2019-11-12 23:20:08,053 [80837678-b947-4bce-b966-fc20c0dfbdbf@group-DCB91DA26963-LeaderElection37] INFO  server.RaftServerConfigKeys (ConfUtils.java:logGet(43)) - raft.server.log.appender.install.snapshot.enabled = false (custom)
2019-11-12 23:20:08,054 [80837678-b947-4bce-b966-fc20c0dfbdbf@group-DCB91DA26963-LeaderElection37] INFO  impl.RoleInfo (RoleInfo.java:updateAndGet(143)) - 80837678-b947-4bce-b966-fc20c0dfbdbf: start LeaderState
2019-11-12 23:20:08,054 [80837678-b947-4bce-b966-fc20c0dfbdbf@group-DCB91DA26963-LeaderElection37] INFO  segmented.SegmentedRaftLogWorker (SegmentedRaftLogWorker.java:startLogSegment(385)) - 80837678-b947-4bce-b966-fc20c0dfbdbf@group-DCB91DA26963-SegmentedRaftLogWorker: Starting segment from index:0
2019-11-12 23:20:08,055 [80837678-b947-4bce-b966-fc20c0dfbdbf@group-DCB91DA26963-LeaderElection37] INFO  impl.RaftServerImpl (ServerState.java:setRaftConf(356)) - 80837678-b947-4bce-b966-fc20c0dfbdbf@group-DCB91DA26963: set configuration 0: [80837678-b947-4bce-b966-fc20c0dfbdbf:192.168.164.209:33427, 0abad138-b24b-47c7-afcb-ebb08d39de0a:192.168.164.209:35002, b7cd9551-1bd0-408f-a1aa-df7bdc8ebd77:192.168.164.209:36523], old=null at 0
2019-11-12 23:20:08,055 [Thread-1238] INFO  impl.FollowerState (FollowerState.java:run(111)) - 0abad138-b24b-47c7-afcb-ebb08d39de0a@group-74E9F36F990D-FollowerState: change to CANDIDATE, lastRpcTime:1193ms, electionTimeout:1193ms
2019-11-12 23:20:08,082 [Thread-1238] INFO  impl.RoleInfo (RoleInfo.java:shutdownFollowerState(121)) - 0abad138-b24b-47c7-afcb-ebb08d39de0a: shutdown FollowerState
2019-11-12 23:20:08,082 [Thread-1238] INFO  impl.RaftServerImpl (RaftServerImpl.java:setRole(173)) - 0abad138-b24b-47c7-afcb-ebb08d39de0a@group-74E9F36F990D: changes role from  FOLLOWER to CANDIDATE at term 0 for changeToCandidate
2019-11-12 23:20:08,082 [Thread-1238] INFO  impl.RoleInfo (RoleInfo.java:updateAndGet(143)) - 0abad138-b24b-47c7-afcb-ebb08d39de0a: start LeaderElection
2019-11-12 23:20:08,083 [grpc-default-executor-7] INFO  ratis.XceiverServerRatis (XceiverServerRatis.java:handleLeaderChangedNotification(697)) - Leader change notification received for group: group-DCB91DA26963 with new leaderId: 80837678-b947-4bce-b966-fc20c0dfbdbf
2019-11-12 23:20:08,087 [grpc-default-executor-7] INFO  impl.RaftServerImpl (ServerState.java:setLeader(255)) - 0abad138-b24b-47c7-afcb-ebb08d39de0a@group-DCB91DA26963: change Leader from null to 80837678-b947-4bce-b966-fc20c0dfbdbf at term 1 for appendEntries, leader elected after 1140ms
2019-11-12 23:20:08,087 [grpc-default-executor-8] INFO  ratis.XceiverServerRatis (XceiverServerRatis.java:handleLeaderChangedNotification(697)) - Leader change notification received for group: group-DCB91DA26963 with new leaderId: 80837678-b947-4bce-b966-fc20c0dfbdbf
2019-11-12 23:20:08,088 [grpc-default-executor-8] INFO  impl.RaftServerImpl (ServerState.java:setLeader(255)) - b7cd9551-1bd0-408f-a1aa-df7bdc8ebd77@group-DCB91DA26963: change Leader from null to 80837678-b947-4bce-b966-fc20c0dfbdbf at term 1 for appendEntries, leader elected after 1138ms
2019-11-12 23:20:08,093 [grpc-default-executor-8] INFO  impl.RaftServerImpl (ServerState.java:setRaftConf(356)) - b7cd9551-1bd0-408f-a1aa-df7bdc8ebd77@group-DCB91DA26963: set configuration 0: [80837678-b947-4bce-b966-fc20c0dfbdbf:192.168.164.209:33427, 0abad138-b24b-47c7-afcb-ebb08d39de0a:192.168.164.209:35002, b7cd9551-1bd0-408f-a1aa-df7bdc8ebd77:192.168.164.209:36523], old=null at 0
2019-11-12 23:20:08,093 [grpc-default-executor-7] INFO  impl.RaftServerImpl (ServerState.java:setRaftConf(356)) - 0abad138-b24b-47c7-afcb-ebb08d39de0a@group-DCB91DA26963: set configuration 0: [80837678-b947-4bce-b966-fc20c0dfbdbf:192.168.164.209:33427, 0abad138-b24b-47c7-afcb-ebb08d39de0a:192.168.164.209:35002, b7cd9551-1bd0-408f-a1aa-df7bdc8ebd77:192.168.164.209:36523], old=null at 0
2019-11-12 23:20:08,093 [grpc-default-executor-8] INFO  segmented.SegmentedRaftLogWorker (SegmentedRaftLogWorker.java:startLogSegment(385)) - b7cd9551-1bd0-408f-a1aa-df7bdc8ebd77@group-DCB91DA26963-SegmentedRaftLogWorker: Starting segment from index:0
2019-11-12 23:20:08,093 [grpc-default-executor-7] INFO  segmented.SegmentedRaftLogWorker (SegmentedRaftLogWorker.java:startLogSegment(385)) - 0abad138-b24b-47c7-afcb-ebb08d39de0a@group-DCB91DA26963-SegmentedRaftLogWorker: Starting segment from index:0
2019-11-12 23:20:08,106 [80837678-b947-4bce-b966-fc20c0dfbdbf@group-DCB91DA26963-SegmentedRaftLogWorker] INFO  segmented.SegmentedRaftLogWorker (SegmentedRaftLogWorker.java:execute(576)) - 80837678-b947-4bce-b966-fc20c0dfbdbf@group-DCB91DA26963-SegmentedRaftLogWorker: created new log segment /workdir/hadoop-ozone/integration-test/target/test-dir/MiniOzoneClusterImpl-526fdb7e-9c97-4370-88fe-75d8a071a2f3/datanode-2/data/ratis/0e287f3a-9310-4c4d-bb0e-dcb91da26963/current/log_inprogress_0
2019-11-12 23:20:08,106 [0abad138-b24b-47c7-afcb-ebb08d39de0a@group-74E9F36F990D-LeaderElection38] INFO  impl.LeaderElection (LeaderElection.java:askForVotes(178)) - 0abad138-b24b-47c7-afcb-ebb08d39de0a@group-74E9F36F990D-LeaderElection38: begin an election at term 1 for -1: [0abad138-b24b-47c7-afcb-ebb08d39de0a:192.168.164.209:35002], old=null
2019-11-12 23:20:08,107 [0abad138-b24b-47c7-afcb-ebb08d39de0a@group-74E9F36F990D-LeaderElection38] INFO  impl.RoleInfo (RoleInfo.java:shutdownLeaderElection(134)) - 0abad138-b24b-47c7-afcb-ebb08d39de0a: shutdown LeaderElection
2019-11-12 23:20:08,107 [0abad138-b24b-47c7-afcb-ebb08d39de0a@group-74E9F36F990D-LeaderElection38] INFO  impl.RaftServerImpl (RaftServerImpl.java:setRole(173)) - 0abad138-b24b-47c7-afcb-ebb08d39de0a@group-74E9F36F990D: changes role from CANDIDATE to LEADER at term 1 for changeToLeader
2019-11-12 23:20:08,107 [0abad138-b24b-47c7-afcb-ebb08d39de0a@group-74E9F36F990D-LeaderElection38] INFO  ratis.XceiverServerRatis (XceiverServerRatis.java:handleLeaderChangedNotification(697)) - Leader change notification received for group: group-74E9F36F990D with new leaderId: 0abad138-b24b-47c7-afcb-ebb08d39de0a
2019-11-12 23:20:08,107 [0abad138-b24b-47c7-afcb-ebb08d39de0a@group-74E9F36F990D-LeaderElection38] INFO  impl.RaftServerImpl (ServerState.java:setLeader(255)) - 0abad138-b24b-47c7-afcb-ebb08d39de0a@group-74E9F36F990D: change Leader from null to 0abad138-b24b-47c7-afcb-ebb08d39de0a at term 1 for becomeLeader, leader elected after 1249ms
2019-11-12 23:20:08,107 [0abad138-b24b-47c7-afcb-ebb08d39de0a@group-74E9F36F990D-LeaderElection38] INFO  server.RaftServerConfigKeys (ConfUtils.java:logGet(43)) - raft.server.staging.catchup.gap = 1000 (default)
2019-11-12 23:20:08,129 [0abad138-b24b-47c7-afcb-ebb08d39de0a@group-74E9F36F990D-LeaderElection38] INFO  server.RaftServerConfigKeys (ConfUtils.java:logGet(43)) - raft.server.rpc.sleep.time = 25ms (default)
2019-11-12 23:20:08,130 [0abad138-b24b-47c7-afcb-ebb08d39de0a@group-74E9F36F990D-LeaderElection38] INFO  server.RaftServerConfigKeys (ConfUtils.java:logGet(43)) - raft.server.write.element-limit = 4096 (default)
2019-11-12 23:20:08,130 [EventQueue-PipelineReportForPipelineReportHandler] INFO  pipeline.PipelineStateManager (PipelineStateManager.java:openPipeline(134)) - Pipeline Pipeline[ Id: 4c31747c-5a88-4062-81e1-74e9f36f990d, Nodes: 0abad138-b24b-47c7-afcb-ebb08d39de0a{ip: 192.168.164.209, host: pr-hdds-2464-qsgcv-431919947, networkLocation: /default-rack, certSerialId: null}, Type:RATIS, Factor:ONE, State:OPEN] moved to OPEN state
2019-11-12 23:20:08,130 [0abad138-b24b-47c7-afcb-ebb08d39de0a@group-74E9F36F990D-LeaderElection38] INFO  server.RaftServerConfigKeys (ConfUtils.java:logGet(43)) - raft.server.watch.timeout = 10s (default)
2019-11-12 23:20:08,130 [0abad138-b24b-47c7-afcb-ebb08d39de0a@group-74E9F36F990D-LeaderElection38] INFO  server.RaftServerConfigKeys (ConfUtils.java:logGet(43)) - raft.server.watch.timeout.denomination = 1s (default)
2019-11-12 23:20:08,130 [0abad138-b24b-47c7-afcb-ebb08d39de0a@group-74E9F36F990D-LeaderElection38] INFO  server.RaftServerConfigKeys (ConfUtils.java:logGet(43)) - raft.server.watch.element-limit = 65536 (default)
2019-11-12 23:20:08,131 [0abad138-b24b-47c7-afcb-ebb08d39de0a@group-74E9F36F990D-LeaderElection38] INFO  impl.RoleInfo (RoleInfo.java:updateAndGet(143)) - 0abad138-b24b-47c7-afcb-ebb08d39de0a: start LeaderState
2019-11-12 23:20:08,131 [0abad138-b24b-47c7-afcb-ebb08d39de0a@group-74E9F36F990D-LeaderElection38] INFO  segmented.SegmentedRaftLogWorker (SegmentedRaftLogWorker.java:startLogSegment(385)) - 0abad138-b24b-47c7-afcb-ebb08d39de0a@group-74E9F36F990D-SegmentedRaftLogWorker: Starting segment from index:0
2019-11-12 23:20:08,132 [0abad138-b24b-47c7-afcb-ebb08d39de0a@group-74E9F36F990D-LeaderElection38] INFO  impl.RaftServerImpl (ServerState.java:setRaftConf(356)) - 0abad138-b24b-47c7-afcb-ebb08d39de0a@group-74E9F36F990D: set configuration 0: [0abad138-b24b-47c7-afcb-ebb08d39de0a:192.168.164.209:35002], old=null at 0
2019-11-12 23:20:08,141 [Thread-1253] INFO  impl.FollowerState (FollowerState.java:run(111)) - d20ba3f6-e96e-4597-ba1c-bac940786bea@group-8872D07B5C88-FollowerState: change to CANDIDATE, lastRpcTime:1063ms, electionTimeout:1063ms
2019-11-12 23:20:08,141 [0abad138-b24b-47c7-afcb-ebb08d39de0a@group-DCB91DA26963-SegmentedRaftLogWorker] INFO  segmented.SegmentedRaftLogWorker (SegmentedRaftLogWorker.java:execute(576)) - 0abad138-b24b-47c7-afcb-ebb08d39de0a@group-DCB91DA26963-SegmentedRaftLogWorker: created new log segment /workdir/hadoop-ozone/integration-test/target/test-dir/MiniOzoneClusterImpl-526fdb7e-9c97-4370-88fe-75d8a071a2f3/datanode-1/data/ratis/0e287f3a-9310-4c4d-bb0e-dcb91da26963/current/log_inprogress_0
2019-11-12 23:20:08,141 [Thread-1253] INFO  impl.RoleInfo (RoleInfo.java:shutdownFollowerState(121)) - d20ba3f6-e96e-4597-ba1c-bac940786bea: shutdown FollowerState
2019-11-12 23:20:08,141 [b7cd9551-1bd0-408f-a1aa-df7bdc8ebd77@group-DCB91DA26963-SegmentedRaftLogWorker] INFO  segmented.SegmentedRaftLogWorker (SegmentedRaftLogWorker.java:execute(576)) - b7cd9551-1bd0-408f-a1aa-df7bdc8ebd77@group-DCB91DA26963-SegmentedRaftLogWorker: created new log segment /workdir/hadoop-ozone/integration-test/target/test-dir/MiniOzoneClusterImpl-526fdb7e-9c97-4370-88fe-75d8a071a2f3/datanode-0/data/ratis/0e287f3a-9310-4c4d-bb0e-dcb91da26963/current/log_inprogress_0
2019-11-12 23:20:08,142 [Thread-1253] INFO  impl.RaftServerImpl (RaftServerImpl.java:setRole(173)) - d20ba3f6-e96e-4597-ba1c-bac940786bea@group-8872D07B5C88: changes role from  FOLLOWER to CANDIDATE at term 0 for changeToCandidate
2019-11-12 23:20:08,142 [Thread-1253] INFO  impl.RoleInfo (RoleInfo.java:updateAndGet(143)) - d20ba3f6-e96e-4597-ba1c-bac940786bea: start LeaderElection
2019-11-12 23:20:08,167 [0abad138-b24b-47c7-afcb-ebb08d39de0a@group-74E9F36F990D-SegmentedRaftLogWorker] INFO  segmented.SegmentedRaftLogWorker (SegmentedRaftLogWorker.java:execute(576)) - 0abad138-b24b-47c7-afcb-ebb08d39de0a@group-74E9F36F990D-SegmentedRaftLogWorker: created new log segment /workdir/hadoop-ozone/integration-test/target/test-dir/MiniOzoneClusterImpl-526fdb7e-9c97-4370-88fe-75d8a071a2f3/datanode-1/data/ratis/4c31747c-5a88-4062-81e1-74e9f36f990d/current/log_inprogress_0
2019-11-12 23:20:08,167 [d20ba3f6-e96e-4597-ba1c-bac940786bea@group-8872D07B5C88-LeaderElection39] INFO  impl.LeaderElection (LeaderElection.java:askForVotes(178)) - d20ba3f6-e96e-4597-ba1c-bac940786bea@group-8872D07B5C88-LeaderElection39: begin an election at term 1 for -1: [d20ba3f6-e96e-4597-ba1c-bac940786bea:192.168.164.209:36673], old=null
2019-11-12 23:20:08,168 [d20ba3f6-e96e-4597-ba1c-bac940786bea@group-8872D07B5C88-LeaderElection39] INFO  impl.RoleInfo (RoleInfo.java:shutdownLeaderElection(134)) - d20ba3f6-e96e-4597-ba1c-bac940786bea: shutdown LeaderElection
2019-11-12 23:20:08,168 [d20ba3f6-e96e-4597-ba1c-bac940786bea@group-8872D07B5C88-LeaderElection39] INFO  impl.RaftServerImpl (RaftServerImpl.java:setRole(173)) - d20ba3f6-e96e-4597-ba1c-bac940786bea@group-8872D07B5C88: changes role from CANDIDATE to LEADER at term 1 for changeToLeader
2019-11-12 23:20:08,168 [d20ba3f6-e96e-4597-ba1c-bac940786bea@group-8872D07B5C88-LeaderElection39] INFO  ratis.XceiverServerRatis (XceiverServerRatis.java:handleLeaderChangedNotification(697)) - Leader change notification received for group: group-8872D07B5C88 with new leaderId: d20ba3f6-e96e-4597-ba1c-bac940786bea
2019-11-12 23:20:08,168 [d20ba3f6-e96e-4597-ba1c-bac940786bea@group-8872D07B5C88-LeaderElection39] INFO  impl.RaftServerImpl (ServerState.java:setLeader(255)) - d20ba3f6-e96e-4597-ba1c-bac940786bea@group-8872D07B5C88: change Leader from null to d20ba3f6-e96e-4597-ba1c-bac940786bea at term 1 for becomeLeader, leader elected after 1094ms
2019-11-12 23:20:08,168 [d20ba3f6-e96e-4597-ba1c-bac940786bea@group-8872D07B5C88-LeaderElection39] INFO  server.RaftServerConfigKeys (ConfUtils.java:logGet(43)) - raft.server.staging.catchup.gap = 1000 (default)
2019-11-12 23:20:08,169 [d20ba3f6-e96e-4597-ba1c-bac940786bea@group-8872D07B5C88-LeaderElection39] INFO  server.RaftServerConfigKeys (ConfUtils.java:logGet(43)) - raft.server.rpc.sleep.time = 25ms (default)
2019-11-12 23:20:08,171 [d20ba3f6-e96e-4597-ba1c-bac940786bea@group-8872D07B5C88-LeaderElection39] INFO  server.RaftServerConfigKeys (ConfUtils.java:logGet(43)) - raft.server.write.element-limit = 4096 (default)
2019-11-12 23:20:08,172 [d20ba3f6-e96e-4597-ba1c-bac940786bea@group-8872D07B5C88-LeaderElection39] INFO  server.RaftServerConfigKeys (ConfUtils.java:logGet(43)) - raft.server.watch.timeout = 10s (default)
2019-11-12 23:20:08,172 [d20ba3f6-e96e-4597-ba1c-bac940786bea@group-8872D07B5C88-LeaderElection39] INFO  server.RaftServerConfigKeys (ConfUtils.java:logGet(43)) - raft.server.watch.timeout.denomination = 1s (default)
2019-11-12 23:20:08,172 [d20ba3f6-e96e-4597-ba1c-bac940786bea@group-8872D07B5C88-LeaderElection39] INFO  server.RaftServerConfigKeys (ConfUtils.java:logGet(43)) - raft.server.watch.element-limit = 65536 (default)
2019-11-12 23:20:08,172 [d20ba3f6-e96e-4597-ba1c-bac940786bea@group-8872D07B5C88-LeaderElection39] INFO  impl.RoleInfo (RoleInfo.java:updateAndGet(143)) - d20ba3f6-e96e-4597-ba1c-bac940786bea: start LeaderState
2019-11-12 23:20:08,173 [d20ba3f6-e96e-4597-ba1c-bac940786bea@group-8872D07B5C88-LeaderElection39] INFO  segmented.SegmentedRaftLogWorker (SegmentedRaftLogWorker.java:startLogSegment(385)) - d20ba3f6-e96e-4597-ba1c-bac940786bea@group-8872D07B5C88-SegmentedRaftLogWorker: Starting segment from index:0
2019-11-12 23:20:08,173 [d20ba3f6-e96e-4597-ba1c-bac940786bea@group-8872D07B5C88-LeaderElection39] INFO  impl.RaftServerImpl (ServerState.java:setRaftConf(356)) - d20ba3f6-e96e-4597-ba1c-bac940786bea@group-8872D07B5C88: set configuration 0: [d20ba3f6-e96e-4597-ba1c-bac940786bea:192.168.164.209:36673], old=null at 0
2019-11-12 23:20:08,173 [EventQueue-PipelineReportForPipelineReportHandler] INFO  pipeline.PipelineStateManager (PipelineStateManager.java:openPipeline(134)) - Pipeline Pipeline[ Id: 504a59ae-6cb4-474d-b47a-8872d07b5c88, Nodes: d20ba3f6-e96e-4597-ba1c-bac940786bea{ip: 192.168.164.209, host: pr-hdds-2464-qsgcv-431919947, networkLocation: /default-rack, certSerialId: null}, Type:RATIS, Factor:ONE, State:OPEN] moved to OPEN state
2019-11-12 23:20:08,215 [d20ba3f6-e96e-4597-ba1c-bac940786bea@group-8872D07B5C88-SegmentedRaftLogWorker] INFO  segmented.SegmentedRaftLogWorker (SegmentedRaftLogWorker.java:execute(576)) - d20ba3f6-e96e-4597-ba1c-bac940786bea@group-8872D07B5C88-SegmentedRaftLogWorker: created new log segment /workdir/hadoop-ozone/integration-test/target/test-dir/MiniOzoneClusterImpl-526fdb7e-9c97-4370-88fe-75d8a071a2f3/datanode-4/data/ratis/504a59ae-6cb4-474d-b47a-8872d07b5c88/current/log_inprogress_0
2019-11-12 23:20:08,233 [Thread-1256] INFO  impl.FollowerState (FollowerState.java:run(111)) - 42d95ea6-05d3-4ca4-82ca-ed08e1855e99@group-249B66BCE2EB-FollowerState: change to CANDIDATE, lastRpcTime:1108ms, electionTimeout:1108ms
2019-11-12 23:20:08,233 [Thread-1256] INFO  impl.RoleInfo (RoleInfo.java:shutdownFollowerState(121)) - 42d95ea6-05d3-4ca4-82ca-ed08e1855e99: shutdown FollowerState
2019-11-12 23:20:08,233 [Thread-1256] INFO  impl.RaftServerImpl (RaftServerImpl.java:setRole(173)) - 42d95ea6-05d3-4ca4-82ca-ed08e1855e99@group-249B66BCE2EB: changes role from  FOLLOWER to CANDIDATE at term 0 for changeToCandidate
2019-11-12 23:20:08,233 [Thread-1256] INFO  impl.RoleInfo (RoleInfo.java:updateAndGet(143)) - 42d95ea6-05d3-4ca4-82ca-ed08e1855e99: start LeaderElection
2019-11-12 23:20:08,250 [42d95ea6-05d3-4ca4-82ca-ed08e1855e99@group-249B66BCE2EB-LeaderElection40] INFO  impl.LeaderElection (LeaderElection.java:askForVotes(178)) - 42d95ea6-05d3-4ca4-82ca-ed08e1855e99@group-249B66BCE2EB-LeaderElection40: begin an election at term 1 for -1: [42d95ea6-05d3-4ca4-82ca-ed08e1855e99:192.168.164.209:39395], old=null
2019-11-12 23:20:08,250 [42d95ea6-05d3-4ca4-82ca-ed08e1855e99@group-249B66BCE2EB-LeaderElection40] INFO  impl.RoleInfo (RoleInfo.java:shutdownLeaderElection(134)) - 42d95ea6-05d3-4ca4-82ca-ed08e1855e99: shutdown LeaderElection
2019-11-12 23:20:08,250 [42d95ea6-05d3-4ca4-82ca-ed08e1855e99@group-249B66BCE2EB-LeaderElection40] INFO  impl.RaftServerImpl (RaftServerImpl.java:setRole(173)) - 42d95ea6-05d3-4ca4-82ca-ed08e1855e99@group-249B66BCE2EB: changes role from CANDIDATE to LEADER at term 1 for changeToLeader
2019-11-12 23:20:08,250 [42d95ea6-05d3-4ca4-82ca-ed08e1855e99@group-249B66BCE2EB-LeaderElection40] INFO  ratis.XceiverServerRatis (XceiverServerRatis.java:handleLeaderChangedNotification(697)) - Leader change notification received for group: group-249B66BCE2EB with new leaderId: 42d95ea6-05d3-4ca4-82ca-ed08e1855e99
2019-11-12 23:20:08,250 [42d95ea6-05d3-4ca4-82ca-ed08e1855e99@group-249B66BCE2EB-LeaderElection40] INFO  impl.RaftServerImpl (ServerState.java:setLeader(255)) - 42d95ea6-05d3-4ca4-82ca-ed08e1855e99@group-249B66BCE2EB: change Leader from null to 42d95ea6-05d3-4ca4-82ca-ed08e1855e99 at term 1 for becomeLeader, leader elected after 1130ms
2019-11-12 23:20:08,250 [42d95ea6-05d3-4ca4-82ca-ed08e1855e99@group-249B66BCE2EB-LeaderElection40] INFO  server.RaftServerConfigKeys (ConfUtils.java:logGet(43)) - raft.server.staging.catchup.gap = 1000 (default)
2019-11-12 23:20:08,251 [42d95ea6-05d3-4ca4-82ca-ed08e1855e99@group-249B66BCE2EB-LeaderElection40] INFO  server.RaftServerConfigKeys (ConfUtils.java:logGet(43)) - raft.server.rpc.sleep.time = 25ms (default)
2019-11-12 23:20:08,252 [42d95ea6-05d3-4ca4-82ca-ed08e1855e99@group-249B66BCE2EB-LeaderElection40] INFO  server.RaftServerConfigKeys (ConfUtils.java:logGet(43)) - raft.server.write.element-limit = 4096 (default)
2019-11-12 23:20:08,252 [42d95ea6-05d3-4ca4-82ca-ed08e1855e99@group-249B66BCE2EB-LeaderElection40] INFO  server.RaftServerConfigKeys (ConfUtils.java:logGet(43)) - raft.server.watch.timeout = 10s (default)
2019-11-12 23:20:08,252 [42d95ea6-05d3-4ca4-82ca-ed08e1855e99@group-249B66BCE2EB-LeaderElection40] INFO  server.RaftServerConfigKeys (ConfUtils.java:logGet(43)) - raft.server.watch.timeout.denomination = 1s (default)
2019-11-12 23:20:08,252 [42d95ea6-05d3-4ca4-82ca-ed08e1855e99@group-249B66BCE2EB-LeaderElection40] INFO  server.RaftServerConfigKeys (ConfUtils.java:logGet(43)) - raft.server.watch.element-limit = 65536 (default)
2019-11-12 23:20:08,253 [42d95ea6-05d3-4ca4-82ca-ed08e1855e99@group-249B66BCE2EB-LeaderElection40] INFO  impl.RoleInfo (RoleInfo.java:updateAndGet(143)) - 42d95ea6-05d3-4ca4-82ca-ed08e1855e99: start LeaderState
2019-11-12 23:20:08,253 [42d95ea6-05d3-4ca4-82ca-ed08e1855e99@group-249B66BCE2EB-LeaderElection40] INFO  segmented.SegmentedRaftLogWorker (SegmentedRaftLogWorker.java:startLogSegment(385)) - 42d95ea6-05d3-4ca4-82ca-ed08e1855e99@group-249B66BCE2EB-SegmentedRaftLogWorker: Starting segment from index:0
2019-11-12 23:20:08,253 [EventQueue-PipelineReportForPipelineReportHandler] INFO  pipeline.PipelineStateManager (PipelineStateManager.java:openPipeline(134)) - Pipeline Pipeline[ Id: ae8a16b0-4e25-402f-8f32-249b66bce2eb, Nodes: 42d95ea6-05d3-4ca4-82ca-ed08e1855e99{ip: 192.168.164.209, host: pr-hdds-2464-qsgcv-431919947, networkLocation: /default-rack, certSerialId: null}, Type:RATIS, Factor:ONE, State:OPEN] moved to OPEN state
2019-11-12 23:20:08,253 [42d95ea6-05d3-4ca4-82ca-ed08e1855e99@group-249B66BCE2EB-LeaderElection40] INFO  impl.RaftServerImpl (ServerState.java:setRaftConf(356)) - 42d95ea6-05d3-4ca4-82ca-ed08e1855e99@group-249B66BCE2EB: set configuration 0: [42d95ea6-05d3-4ca4-82ca-ed08e1855e99:192.168.164.209:39395], old=null at 0
2019-11-12 23:20:08,290 [42d95ea6-05d3-4ca4-82ca-ed08e1855e99@group-249B66BCE2EB-SegmentedRaftLogWorker] INFO  segmented.SegmentedRaftLogWorker (SegmentedRaftLogWorker.java:execute(576)) - 42d95ea6-05d3-4ca4-82ca-ed08e1855e99@group-249B66BCE2EB-SegmentedRaftLogWorker: created new log segment /workdir/hadoop-ozone/integration-test/target/test-dir/MiniOzoneClusterImpl-526fdb7e-9c97-4370-88fe-75d8a071a2f3/datanode-3/data/ratis/ae8a16b0-4e25-402f-8f32-249b66bce2eb/current/log_inprogress_0
2019-11-12 23:20:08,415 [main] INFO  ozone.MiniOzoneClusterImpl (MiniOzoneClusterImpl.java:lambda$waitForClusterToBeReady$2(163)) - Waiting for 2 number of pipelines out of 8, to report a leader.
2019-11-12 23:20:08,448 [Thread-1264] INFO  impl.FollowerState (FollowerState.java:run(111)) - d20ba3f6-e96e-4597-ba1c-bac940786bea@group-CC2367200966-FollowerState: change to CANDIDATE, lastRpcTime:1038ms, electionTimeout:1038ms
2019-11-12 23:20:08,448 [Thread-1264] INFO  impl.RoleInfo (RoleInfo.java:shutdownFollowerState(121)) - d20ba3f6-e96e-4597-ba1c-bac940786bea: shutdown FollowerState
2019-11-12 23:20:08,448 [Thread-1264] INFO  impl.RaftServerImpl (RaftServerImpl.java:setRole(173)) - d20ba3f6-e96e-4597-ba1c-bac940786bea@group-CC2367200966: changes role from  FOLLOWER to CANDIDATE at term 0 for changeToCandidate
2019-11-12 23:20:08,449 [Thread-1264] INFO  impl.RoleInfo (RoleInfo.java:updateAndGet(143)) - d20ba3f6-e96e-4597-ba1c-bac940786bea: start LeaderElection
2019-11-12 23:20:08,467 [d20ba3f6-e96e-4597-ba1c-bac940786bea@group-CC2367200966-LeaderElection41] INFO  impl.LeaderElection (LeaderElection.java:askForVotes(178)) - d20ba3f6-e96e-4597-ba1c-bac940786bea@group-CC2367200966-LeaderElection41: begin an election at term 1 for -1: [42d95ea6-05d3-4ca4-82ca-ed08e1855e99:192.168.164.209:39395, 88c939f2-d53e-4de2-8f3f-abd9df815d54:192.168.164.209:45039, d20ba3f6-e96e-4597-ba1c-bac940786bea:192.168.164.209:36673], old=null
2019-11-12 23:20:08,474 [grpc-default-executor-7] INFO  impl.RaftServerImpl (RaftServerImpl.java:setRole(173)) - 88c939f2-d53e-4de2-8f3f-abd9df815d54@group-CC2367200966: changes role from  FOLLOWER to FOLLOWER at term 1 for recognizeCandidate:d20ba3f6-e96e-4597-ba1c-bac940786bea
2019-11-12 23:20:08,474 [grpc-default-executor-8] INFO  impl.RaftServerImpl (RaftServerImpl.java:setRole(173)) - 42d95ea6-05d3-4ca4-82ca-ed08e1855e99@group-CC2367200966: changes role from  FOLLOWER to FOLLOWER at term 1 for recognizeCandidate:d20ba3f6-e96e-4597-ba1c-bac940786bea
2019-11-12 23:20:08,474 [grpc-default-executor-7] INFO  impl.RoleInfo (RoleInfo.java:shutdownFollowerState(121)) - 88c939f2-d53e-4de2-8f3f-abd9df815d54: shutdown FollowerState
2019-11-12 23:20:08,474 [grpc-default-executor-8] INFO  impl.RoleInfo (RoleInfo.java:shutdownFollowerState(121)) - 42d95ea6-05d3-4ca4-82ca-ed08e1855e99: shutdown FollowerState
2019-11-12 23:20:08,475 [grpc-default-executor-7] INFO  impl.RoleInfo (RoleInfo.java:updateAndGet(143)) - 88c939f2-d53e-4de2-8f3f-abd9df815d54: start FollowerState
2019-11-12 23:20:08,475 [grpc-default-executor-8] INFO  impl.RoleInfo (RoleInfo.java:updateAndGet(143)) - 42d95ea6-05d3-4ca4-82ca-ed08e1855e99: start FollowerState
2019-11-12 23:20:08,475 [Thread-1263] INFO  impl.FollowerState (FollowerState.java:run(120)) - 42d95ea6-05d3-4ca4-82ca-ed08e1855e99@group-CC2367200966-FollowerState was interrupted: java.lang.InterruptedException: sleep interrupted
2019-11-12 23:20:08,475 [Thread-1268] INFO  impl.FollowerState (FollowerState.java:run(120)) - 88c939f2-d53e-4de2-8f3f-abd9df815d54@group-CC2367200966-FollowerState was interrupted: java.lang.InterruptedException: sleep interrupted
2019-11-12 23:20:08,497 [d20ba3f6-e96e-4597-ba1c-bac940786bea@group-CC2367200966-LeaderElection41] INFO  impl.LeaderElection (LeaderElection.java:logAndReturn(56)) - d20ba3f6-e96e-4597-ba1c-bac940786bea@group-CC2367200966-LeaderElection41: Election PASSED; received 1 response(s) [d20ba3f6-e96e-4597-ba1c-bac940786bea<-42d95ea6-05d3-4ca4-82ca-ed08e1855e99#0:OK-t1] and 0 exception(s); d20ba3f6-e96e-4597-ba1c-bac940786bea@group-CC2367200966:t1, leader=null, voted=d20ba3f6-e96e-4597-ba1c-bac940786bea, raftlog=d20ba3f6-e96e-4597-ba1c-bac940786bea@group-CC2367200966-SegmentedRaftLog:OPENED:c-1,f-1,i0, conf=-1: [42d95ea6-05d3-4ca4-82ca-ed08e1855e99:192.168.164.209:39395, 88c939f2-d53e-4de2-8f3f-abd9df815d54:192.168.164.209:45039, d20ba3f6-e96e-4597-ba1c-bac940786bea:192.168.164.209:36673], old=null
2019-11-12 23:20:08,498 [d20ba3f6-e96e-4597-ba1c-bac940786bea@group-CC2367200966-LeaderElection41] INFO  impl.RoleInfo (RoleInfo.java:shutdownLeaderElection(134)) - d20ba3f6-e96e-4597-ba1c-bac940786bea: shutdown LeaderElection
2019-11-12 23:20:08,498 [d20ba3f6-e96e-4597-ba1c-bac940786bea@group-CC2367200966-LeaderElection41] INFO  impl.RaftServerImpl (RaftServerImpl.java:setRole(173)) - d20ba3f6-e96e-4597-ba1c-bac940786bea@group-CC2367200966: changes role from CANDIDATE to LEADER at term 1 for changeToLeader
2019-11-12 23:20:08,498 [d20ba3f6-e96e-4597-ba1c-bac940786bea@group-CC2367200966-LeaderElection41] INFO  ratis.XceiverServerRatis (XceiverServerRatis.java:handleLeaderChangedNotification(697)) - Leader change notification received for group: group-CC2367200966 with new leaderId: d20ba3f6-e96e-4597-ba1c-bac940786bea
2019-11-12 23:20:08,498 [d20ba3f6-e96e-4597-ba1c-bac940786bea@group-CC2367200966-LeaderElection41] INFO  impl.RaftServerImpl (ServerState.java:setLeader(255)) - d20ba3f6-e96e-4597-ba1c-bac940786bea@group-CC2367200966: change Leader from null to d20ba3f6-e96e-4597-ba1c-bac940786bea at term 1 for becomeLeader, leader elected after 1100ms
2019-11-12 23:20:08,498 [d20ba3f6-e96e-4597-ba1c-bac940786bea@group-CC2367200966-LeaderElection41] INFO  server.RaftServerConfigKeys (ConfUtils.java:logGet(43)) - raft.server.staging.catchup.gap = 1000 (default)
2019-11-12 23:20:08,498 [d20ba3f6-e96e-4597-ba1c-bac940786bea@group-CC2367200966-LeaderElection41] INFO  server.RaftServerConfigKeys (ConfUtils.java:logGet(43)) - raft.server.rpc.sleep.time = 25ms (default)
2019-11-12 23:20:08,499 [d20ba3f6-e96e-4597-ba1c-bac940786bea@group-CC2367200966-LeaderElection41] INFO  server.RaftServerConfigKeys (ConfUtils.java:logGet(43)) - raft.server.write.element-limit = 4096 (default)
2019-11-12 23:20:08,499 [d20ba3f6-e96e-4597-ba1c-bac940786bea@group-CC2367200966-LeaderElection41] INFO  server.RaftServerConfigKeys (ConfUtils.java:logGet(43)) - raft.server.watch.timeout = 10s (default)
2019-11-12 23:20:08,499 [d20ba3f6-e96e-4597-ba1c-bac940786bea@group-CC2367200966-LeaderElection41] INFO  server.RaftServerConfigKeys (ConfUtils.java:logGet(43)) - raft.server.watch.timeout.denomination = 1s (default)
2019-11-12 23:20:08,499 [d20ba3f6-e96e-4597-ba1c-bac940786bea@group-CC2367200966-LeaderElection41] INFO  server.RaftServerConfigKeys (ConfUtils.java:logGet(43)) - raft.server.watch.element-limit = 65536 (default)
2019-11-12 23:20:08,499 [d20ba3f6-e96e-4597-ba1c-bac940786bea@group-CC2367200966-LeaderElection41] INFO  server.RaftServerConfigKeys (ConfUtils.java:logGet(43)) - raft.server.log.appender.snapshot.chunk.size.max = 16MB (=16777216) (default)
2019-11-12 23:20:08,500 [d20ba3f6-e96e-4597-ba1c-bac940786bea@group-CC2367200966-LeaderElection41] INFO  server.RaftServerConfigKeys (ConfUtils.java:logGet(43)) - raft.server.log.appender.buffer.byte-limit = 33554432 (custom)
2019-11-12 23:20:08,500 [EventQueue-PipelineReportForPipelineReportHandler] INFO  pipeline.PipelineStateManager (PipelineStateManager.java:openPipeline(134)) - Pipeline Pipeline[ Id: 174ec97a-d71b-4dc8-a19c-cc2367200966, Nodes: d20ba3f6-e96e-4597-ba1c-bac940786bea{ip: 192.168.164.209, host: pr-hdds-2464-qsgcv-431919947, networkLocation: /default-rack, certSerialId: null}88c939f2-d53e-4de2-8f3f-abd9df815d54{ip: 192.168.164.209, host: pr-hdds-2464-qsgcv-431919947, networkLocation: /default-rack, certSerialId: null}42d95ea6-05d3-4ca4-82ca-ed08e1855e99{ip: 192.168.164.209, host: pr-hdds-2464-qsgcv-431919947, networkLocation: /default-rack, certSerialId: null}, Type:RATIS, Factor:THREE, State:OPEN] moved to OPEN state
2019-11-12 23:20:08,501 [Thread-1259] INFO  impl.FollowerState (FollowerState.java:run(111)) - 88c939f2-d53e-4de2-8f3f-abd9df815d54@group-E65A06D2DA73-FollowerState: change to CANDIDATE, lastRpcTime:1178ms, electionTimeout:1177ms
2019-11-12 23:20:08,500 [d20ba3f6-e96e-4597-ba1c-bac940786bea@group-CC2367200966-LeaderElection41] INFO  server.RaftServerConfigKeys (ConfUtils.java:logGet(43)) - raft.server.log.appender.buffer.element-limit = 1 (custom)
2019-11-12 23:20:08,502 [Thread-1259] INFO  impl.RoleInfo (RoleInfo.java:shutdownFollowerState(121)) - 88c939f2-d53e-4de2-8f3f-abd9df815d54: shutdown FollowerState
2019-11-12 23:20:08,504 [d20ba3f6-e96e-4597-ba1c-bac940786bea@group-CC2367200966-LeaderElection41] INFO  grpc.GrpcConfigKeys$Server (ConfUtils.java:logGet(43)) - raft.grpc.server.leader.outstanding.appends.max = 128 (default)
2019-11-12 23:20:08,504 [Thread-1259] INFO  impl.RaftServerImpl (RaftServerImpl.java:setRole(173)) - 88c939f2-d53e-4de2-8f3f-abd9df815d54@group-E65A06D2DA73: changes role from  FOLLOWER to CANDIDATE at term 0 for changeToCandidate
2019-11-12 23:20:08,504 [d20ba3f6-e96e-4597-ba1c-bac940786bea@group-CC2367200966-LeaderElection41] INFO  server.RaftServerConfigKeys (ConfUtils.java:logGet(43)) - raft.server.rpc.request.timeout = 3000ms (default)
2019-11-12 23:20:08,504 [Thread-1259] INFO  impl.RoleInfo (RoleInfo.java:updateAndGet(143)) - 88c939f2-d53e-4de2-8f3f-abd9df815d54: start LeaderElection
2019-11-12 23:20:08,504 [d20ba3f6-e96e-4597-ba1c-bac940786bea@group-CC2367200966-LeaderElection41] INFO  server.RaftServerConfigKeys (ConfUtils.java:logGet(43)) - raft.server.log.appender.install.snapshot.enabled = false (custom)
2019-11-12 23:20:08,504 [d20ba3f6-e96e-4597-ba1c-bac940786bea@group-CC2367200966-LeaderElection41] WARN  impl.MetricRegistriesImpl (MetricRegistriesImpl.java:lambda$create$1(61)) - First MetricRegistry has been created without registering reporters. You may need to call MetricRegistries.global().addReportRegistration(...) before.
2019-11-12 23:20:08,507 [d20ba3f6-e96e-4597-ba1c-bac940786bea@group-CC2367200966-LeaderElection41] INFO  server.RaftServerConfigKeys (ConfUtils.java:logGet(43)) - raft.server.log.appender.snapshot.chunk.size.max = 16MB (=16777216) (default)
2019-11-12 23:20:08,508 [d20ba3f6-e96e-4597-ba1c-bac940786bea@group-CC2367200966-LeaderElection41] INFO  server.RaftServerConfigKeys (ConfUtils.java:logGet(43)) - raft.server.log.appender.buffer.byte-limit = 33554432 (custom)
2019-11-12 23:20:08,508 [d20ba3f6-e96e-4597-ba1c-bac940786bea@group-CC2367200966-LeaderElection41] INFO  server.RaftServerConfigKeys (ConfUtils.java:logGet(43)) - raft.server.log.appender.buffer.element-limit = 1 (custom)
2019-11-12 23:20:08,508 [d20ba3f6-e96e-4597-ba1c-bac940786bea@group-CC2367200966-LeaderElection41] INFO  grpc.GrpcConfigKeys$Server (ConfUtils.java:logGet(43)) - raft.grpc.server.leader.outstanding.appends.max = 128 (default)
2019-11-12 23:20:08,508 [d20ba3f6-e96e-4597-ba1c-bac940786bea@group-CC2367200966-LeaderElection41] INFO  server.RaftServerConfigKeys (ConfUtils.java:logGet(43)) - raft.server.rpc.request.timeout = 3000ms (default)
2019-11-12 23:20:08,508 [d20ba3f6-e96e-4597-ba1c-bac940786bea@group-CC2367200966-LeaderElection41] INFO  server.RaftServerConfigKeys (ConfUtils.java:logGet(43)) - raft.server.log.appender.install.snapshot.enabled = false (custom)
2019-11-12 23:20:08,509 [d20ba3f6-e96e-4597-ba1c-bac940786bea@group-CC2367200966-LeaderElection41] INFO  impl.RoleInfo (RoleInfo.java:updateAndGet(143)) - d20ba3f6-e96e-4597-ba1c-bac940786bea: start LeaderState
2019-11-12 23:20:08,509 [d20ba3f6-e96e-4597-ba1c-bac940786bea@group-CC2367200966-LeaderElection41] INFO  segmented.SegmentedRaftLogWorker (SegmentedRaftLogWorker.java:startLogSegment(385)) - d20ba3f6-e96e-4597-ba1c-bac940786bea@group-CC2367200966-SegmentedRaftLogWorker: Starting segment from index:0
2019-11-12 23:20:08,510 [d20ba3f6-e96e-4597-ba1c-bac940786bea@group-CC2367200966-LeaderElection41] INFO  impl.RaftServerImpl (ServerState.java:setRaftConf(356)) - d20ba3f6-e96e-4597-ba1c-bac940786bea@group-CC2367200966: set configuration 0: [42d95ea6-05d3-4ca4-82ca-ed08e1855e99:192.168.164.209:39395, 88c939f2-d53e-4de2-8f3f-abd9df815d54:192.168.164.209:45039, d20ba3f6-e96e-4597-ba1c-bac940786bea:192.168.164.209:36673], old=null at 0
2019-11-12 23:20:08,544 [88c939f2-d53e-4de2-8f3f-abd9df815d54@group-E65A06D2DA73-LeaderElection42] INFO  impl.LeaderElection (LeaderElection.java:askForVotes(178)) - 88c939f2-d53e-4de2-8f3f-abd9df815d54@group-E65A06D2DA73-LeaderElection42: begin an election at term 1 for -1: [88c939f2-d53e-4de2-8f3f-abd9df815d54:192.168.164.209:45039], old=null
2019-11-12 23:20:08,544 [88c939f2-d53e-4de2-8f3f-abd9df815d54@group-E65A06D2DA73-LeaderElection42] INFO  impl.RoleInfo (RoleInfo.java:shutdownLeaderElection(134)) - 88c939f2-d53e-4de2-8f3f-abd9df815d54: shutdown LeaderElection
2019-11-12 23:20:08,544 [88c939f2-d53e-4de2-8f3f-abd9df815d54@group-E65A06D2DA73-LeaderElection42] INFO  impl.RaftServerImpl (RaftServerImpl.java:setRole(173)) - 88c939f2-d53e-4de2-8f3f-abd9df815d54@group-E65A06D2DA73: changes role from CANDIDATE to LEADER at term 1 for changeToLeader
2019-11-12 23:20:08,544 [88c939f2-d53e-4de2-8f3f-abd9df815d54@group-E65A06D2DA73-LeaderElection42] INFO  ratis.XceiverServerRatis (XceiverServerRatis.java:handleLeaderChangedNotification(697)) - Leader change notification received for group: group-E65A06D2DA73 with new leaderId: 88c939f2-d53e-4de2-8f3f-abd9df815d54
2019-11-12 23:20:08,545 [88c939f2-d53e-4de2-8f3f-abd9df815d54@group-E65A06D2DA73-LeaderElection42] INFO  impl.RaftServerImpl (ServerState.java:setLeader(255)) - 88c939f2-d53e-4de2-8f3f-abd9df815d54@group-E65A06D2DA73: change Leader from null to 88c939f2-d53e-4de2-8f3f-abd9df815d54 at term 1 for becomeLeader, leader elected after 1226ms
2019-11-12 23:20:08,545 [88c939f2-d53e-4de2-8f3f-abd9df815d54@group-E65A06D2DA73-LeaderElection42] INFO  server.RaftServerConfigKeys (ConfUtils.java:logGet(43)) - raft.server.staging.catchup.gap = 1000 (default)
2019-11-12 23:20:08,545 [88c939f2-d53e-4de2-8f3f-abd9df815d54@group-E65A06D2DA73-LeaderElection42] INFO  server.RaftServerConfigKeys (ConfUtils.java:logGet(43)) - raft.server.rpc.sleep.time = 25ms (default)
2019-11-12 23:20:08,547 [88c939f2-d53e-4de2-8f3f-abd9df815d54@group-E65A06D2DA73-LeaderElection42] INFO  server.RaftServerConfigKeys (ConfUtils.java:logGet(43)) - raft.server.write.element-limit = 4096 (default)
2019-11-12 23:20:08,547 [88c939f2-d53e-4de2-8f3f-abd9df815d54@group-E65A06D2DA73-LeaderElection42] INFO  server.RaftServerConfigKeys (ConfUtils.java:logGet(43)) - raft.server.watch.timeout = 10s (default)
2019-11-12 23:20:08,548 [88c939f2-d53e-4de2-8f3f-abd9df815d54@group-E65A06D2DA73-LeaderElection42] INFO  server.RaftServerConfigKeys (ConfUtils.java:logGet(43)) - raft.server.watch.timeout.denomination = 1s (default)
2019-11-12 23:20:08,548 [88c939f2-d53e-4de2-8f3f-abd9df815d54@group-E65A06D2DA73-LeaderElection42] INFO  server.RaftServerConfigKeys (ConfUtils.java:logGet(43)) - raft.server.watch.element-limit = 65536 (default)
2019-11-12 23:20:08,554 [grpc-default-executor-7] INFO  ratis.XceiverServerRatis (XceiverServerRatis.java:handleLeaderChangedNotification(697)) - Leader change notification received for group: group-CC2367200966 with new leaderId: d20ba3f6-e96e-4597-ba1c-bac940786bea
2019-11-12 23:20:08,554 [88c939f2-d53e-4de2-8f3f-abd9df815d54@group-E65A06D2DA73-LeaderElection42] INFO  impl.RoleInfo (RoleInfo.java:updateAndGet(143)) - 88c939f2-d53e-4de2-8f3f-abd9df815d54: start LeaderState
2019-11-12 23:20:08,555 [grpc-default-executor-7] INFO  impl.RaftServerImpl (ServerState.java:setLeader(255)) - 42d95ea6-05d3-4ca4-82ca-ed08e1855e99@group-CC2367200966: change Leader from null to d20ba3f6-e96e-4597-ba1c-bac940786bea at term 1 for appendEntries, leader elected after 1156ms
2019-11-12 23:20:08,557 [88c939f2-d53e-4de2-8f3f-abd9df815d54@group-E65A06D2DA73-LeaderElection42] INFO  segmented.SegmentedRaftLogWorker (SegmentedRaftLogWorker.java:startLogSegment(385)) - 88c939f2-d53e-4de2-8f3f-abd9df815d54@group-E65A06D2DA73-SegmentedRaftLogWorker: Starting segment from index:0
2019-11-12 23:20:08,557 [EventQueue-PipelineReportForPipelineReportHandler] INFO  pipeline.PipelineStateManager (PipelineStateManager.java:openPipeline(134)) - Pipeline Pipeline[ Id: 7e017edc-726a-4fde-b5be-e65a06d2da73, Nodes: 88c939f2-d53e-4de2-8f3f-abd9df815d54{ip: 192.168.164.209, host: pr-hdds-2464-qsgcv-431919947, networkLocation: /default-rack, certSerialId: null}, Type:RATIS, Factor:ONE, State:OPEN] moved to OPEN state
2019-11-12 23:20:08,556 [d20ba3f6-e96e-4597-ba1c-bac940786bea@group-CC2367200966-SegmentedRaftLogWorker] INFO  segmented.SegmentedRaftLogWorker (SegmentedRaftLogWorker.java:execute(576)) - d20ba3f6-e96e-4597-ba1c-bac940786bea@group-CC2367200966-SegmentedRaftLogWorker: created new log segment /workdir/hadoop-ozone/integration-test/target/test-dir/MiniOzoneClusterImpl-526fdb7e-9c97-4370-88fe-75d8a071a2f3/datanode-4/data/ratis/174ec97a-d71b-4dc8-a19c-cc2367200966/current/log_inprogress_0
2019-11-12 23:20:08,556 [grpc-default-executor-8] INFO  ratis.XceiverServerRatis (XceiverServerRatis.java:handleLeaderChangedNotification(697)) - Leader change notification received for group: group-CC2367200966 with new leaderId: d20ba3f6-e96e-4597-ba1c-bac940786bea
2019-11-12 23:20:08,558 [88c939f2-d53e-4de2-8f3f-abd9df815d54@group-E65A06D2DA73-LeaderElection42] INFO  impl.RaftServerImpl (ServerState.java:setRaftConf(356)) - 88c939f2-d53e-4de2-8f3f-abd9df815d54@group-E65A06D2DA73: set configuration 0: [88c939f2-d53e-4de2-8f3f-abd9df815d54:192.168.164.209:45039], old=null at 0
2019-11-12 23:20:08,558 [grpc-default-executor-8] INFO  impl.RaftServerImpl (ServerState.java:setLeader(255)) - 88c939f2-d53e-4de2-8f3f-abd9df815d54@group-CC2367200966: change Leader from null to d20ba3f6-e96e-4597-ba1c-bac940786bea at term 1 for appendEntries, leader elected after 1159ms
2019-11-12 23:20:08,559 [grpc-default-executor-8] INFO  impl.RaftServerImpl (ServerState.java:setRaftConf(356)) - 42d95ea6-05d3-4ca4-82ca-ed08e1855e99@group-CC2367200966: set configuration 0: [42d95ea6-05d3-4ca4-82ca-ed08e1855e99:192.168.164.209:39395, 88c939f2-d53e-4de2-8f3f-abd9df815d54:192.168.164.209:45039, d20ba3f6-e96e-4597-ba1c-bac940786bea:192.168.164.209:36673], old=null at 0
2019-11-12 23:20:08,560 [grpc-default-executor-8] INFO  segmented.SegmentedRaftLogWorker (SegmentedRaftLogWorker.java:startLogSegment(385)) - 42d95ea6-05d3-4ca4-82ca-ed08e1855e99@group-CC2367200966-SegmentedRaftLogWorker: Starting segment from index:0
2019-11-12 23:20:08,560 [grpc-default-executor-7] INFO  impl.RaftServerImpl (ServerState.java:setRaftConf(356)) - 88c939f2-d53e-4de2-8f3f-abd9df815d54@group-CC2367200966: set configuration 0: [42d95ea6-05d3-4ca4-82ca-ed08e1855e99:192.168.164.209:39395, 88c939f2-d53e-4de2-8f3f-abd9df815d54:192.168.164.209:45039, d20ba3f6-e96e-4597-ba1c-bac940786bea:192.168.164.209:36673], old=null at 0
2019-11-12 23:20:08,560 [grpc-default-executor-7] INFO  segmented.SegmentedRaftLogWorker (SegmentedRaftLogWorker.java:startLogSegment(385)) - 88c939f2-d53e-4de2-8f3f-abd9df815d54@group-CC2367200966-SegmentedRaftLogWorker: Starting segment from index:0
2019-11-12 23:20:08,604 [88c939f2-d53e-4de2-8f3f-abd9df815d54@group-E65A06D2DA73-SegmentedRaftLogWorker] INFO  segmented.SegmentedRaftLogWorker (SegmentedRaftLogWorker.java:execute(576)) - 88c939f2-d53e-4de2-8f3f-abd9df815d54@group-E65A06D2DA73-SegmentedRaftLogWorker: created new log segment /workdir/hadoop-ozone/integration-test/target/test-dir/MiniOzoneClusterImpl-526fdb7e-9c97-4370-88fe-75d8a071a2f3/datanode-5/data/ratis/7e017edc-726a-4fde-b5be-e65a06d2da73/current/log_inprogress_0
2019-11-12 23:20:08,605 [88c939f2-d53e-4de2-8f3f-abd9df815d54@group-CC2367200966-SegmentedRaftLogWorker] INFO  segmented.SegmentedRaftLogWorker (SegmentedRaftLogWorker.java:execute(576)) - 88c939f2-d53e-4de2-8f3f-abd9df815d54@group-CC2367200966-SegmentedRaftLogWorker: created new log segment /workdir/hadoop-ozone/integration-test/target/test-dir/MiniOzoneClusterImpl-526fdb7e-9c97-4370-88fe-75d8a071a2f3/datanode-5/data/ratis/174ec97a-d71b-4dc8-a19c-cc2367200966/current/log_inprogress_0
2019-11-12 23:20:08,604 [42d95ea6-05d3-4ca4-82ca-ed08e1855e99@group-CC2367200966-SegmentedRaftLogWorker] INFO  segmented.SegmentedRaftLogWorker (SegmentedRaftLogWorker.java:execute(576)) - 42d95ea6-05d3-4ca4-82ca-ed08e1855e99@group-CC2367200966-SegmentedRaftLogWorker: created new log segment /workdir/hadoop-ozone/integration-test/target/test-dir/MiniOzoneClusterImpl-526fdb7e-9c97-4370-88fe-75d8a071a2f3/datanode-3/data/ratis/174ec97a-d71b-4dc8-a19c-cc2367200966/current/log_inprogress_0
2019-11-12 23:20:09,418 [main] INFO  ozone.MiniOzoneClusterImpl (MiniOzoneClusterImpl.java:lambda$waitForClusterToBeReady$2(171)) - Cluster is ready. Got 6 of 6 DN Heartbeats.
2019-11-12 23:20:09,447 [main] INFO  rpc.RpcClient (RpcClient.java:createVolume(292)) - Creating Volume: datanodefailurehandlingtest, with jenkins1000 as owner.
2019-11-12 23:20:09,451 [IPC Server handler 1 on 40363] INFO  volume.OMVolumeCreateRequest (OMVolumeCreateRequest.java:validateAndUpdateCache(193)) - created volume:datanodefailurehandlingtest for user:jenkins1000
2019-11-12 23:20:09,483 [main] INFO  rpc.RpcClient (RpcClient.java:createBucket(431)) - Creating Bucket: datanodefailurehandlingtest/datanodefailurehandlingtest, with Versioning false and Storage Type set to DISK and Encryption set to false 
2019-11-12 23:20:09,762 [Thread-1233] INFO  container.ReplicationManager (ReplicationManager.java:start(162)) - Starting Replication Monitor Thread.
2019-11-12 23:20:09,763 [Thread-1233] INFO  pipeline.SCMPipelineManager (SCMPipelineManager.java:finalizeAndDestroyPipeline(315)) - destroying pipeline:Pipeline[ Id: 4a9d52c9-61b6-43a5-b205-3341c0d876d2, Nodes: b7cd9551-1bd0-408f-a1aa-df7bdc8ebd77{ip: 192.168.164.209, host: pr-hdds-2464-qsgcv-431919947, networkLocation: /default-rack, certSerialId: null}, Type:RATIS, Factor:ONE, State:OPEN]
2019-11-12 23:20:09,764 [Thread-1233] INFO  pipeline.PipelineStateManager (PipelineStateManager.java:finalizePipeline(121)) - Pipeline Pipeline[ Id: 4a9d52c9-61b6-43a5-b205-3341c0d876d2, Nodes: b7cd9551-1bd0-408f-a1aa-df7bdc8ebd77{ip: 192.168.164.209, host: pr-hdds-2464-qsgcv-431919947, networkLocation: /default-rack, certSerialId: null}, Type:RATIS, Factor:ONE, State:CLOSED] moved to CLOSED state
2019-11-12 23:20:09,765 [ReplicationMonitor] INFO  container.ReplicationManager (ReplicationManager.java:run(225)) - Replication Monitor Thread took 1 milliseconds for processing 1 containers.
2019-11-12 23:20:09,771 [grpc-default-executor-2] INFO  impl.RaftServerProxy (RaftServerProxy.java:remove(95)) - b7cd9551-1bd0-408f-a1aa-df7bdc8ebd77: remove    LEADER b7cd9551-1bd0-408f-a1aa-df7bdc8ebd77@group-3341C0D876D2:t1, leader=b7cd9551-1bd0-408f-a1aa-df7bdc8ebd77, voted=b7cd9551-1bd0-408f-a1aa-df7bdc8ebd77, raftlog=b7cd9551-1bd0-408f-a1aa-df7bdc8ebd77@group-3341C0D876D2-SegmentedRaftLog:OPENED:c0,f0,i0, conf=0: [b7cd9551-1bd0-408f-a1aa-df7bdc8ebd77:192.168.164.209:36523], old=null RUNNING
2019-11-12 23:20:09,771 [grpc-default-executor-2] INFO  impl.RaftServerImpl (RaftServerImpl.java:lambda$shutdown$3(250)) - b7cd9551-1bd0-408f-a1aa-df7bdc8ebd77@group-3341C0D876D2: shutdown
2019-11-12 23:20:09,771 [grpc-default-executor-2] INFO  util.JmxRegister (JmxRegister.java:unregister(73)) - Successfully un-registered JMX Bean with object name Ratis:service=RaftServer,group=group-3341C0D876D2,id=b7cd9551-1bd0-408f-a1aa-df7bdc8ebd77
2019-11-12 23:20:09,771 [grpc-default-executor-2] INFO  impl.RoleInfo (RoleInfo.java:shutdownLeaderState(104)) - b7cd9551-1bd0-408f-a1aa-df7bdc8ebd77: shutdown LeaderState
2019-11-12 23:20:09,772 [grpc-default-executor-2] INFO  impl.PendingRequests (PendingRequests.java:sendNotLeaderResponses(206)) - b7cd9551-1bd0-408f-a1aa-df7bdc8ebd77@group-3341C0D876D2-PendingRequests: sendNotLeaderResponses
2019-11-12 23:20:09,772 [grpc-default-executor-2] INFO  impl.StateMachineUpdater (StateMachineUpdater.java:stopAndJoin(136)) - b7cd9551-1bd0-408f-a1aa-df7bdc8ebd77@group-3341C0D876D2-StateMachineUpdater: set stopIndex = 0
2019-11-12 23:20:09,772 [grpc-default-executor-2] INFO  impl.RaftServerImpl (ServerState.java:close(387)) - b7cd9551-1bd0-408f-a1aa-df7bdc8ebd77@group-3341C0D876D2: closes. applyIndex: 0
2019-11-12 23:20:09,773 [b7cd9551-1bd0-408f-a1aa-df7bdc8ebd77@group-3341C0D876D2-SegmentedRaftLogWorker] INFO  segmented.SegmentedRaftLogWorker (SegmentedRaftLogWorker.java:run(316)) - b7cd9551-1bd0-408f-a1aa-df7bdc8ebd77@group-3341C0D876D2-SegmentedRaftLogWorker was interrupted, exiting. There are 0 tasks remaining in the queue.
2019-11-12 23:20:09,774 [grpc-default-executor-2] INFO  segmented.SegmentedRaftLogWorker (SegmentedRaftLogWorker.java:close(224)) - b7cd9551-1bd0-408f-a1aa-df7bdc8ebd77@group-3341C0D876D2-SegmentedRaftLogWorker close()
2019-11-12 23:20:09,780 [Thread-1233] INFO  pipeline.PipelineStateManager (PipelineStateManager.java:removePipeline(106)) - Pipeline Pipeline[ Id: 4a9d52c9-61b6-43a5-b205-3341c0d876d2, Nodes: b7cd9551-1bd0-408f-a1aa-df7bdc8ebd77{ip: 192.168.164.209, host: pr-hdds-2464-qsgcv-431919947, networkLocation: /default-rack, certSerialId: null}, Type:RATIS, Factor:ONE, State:CLOSED] removed from db
2019-11-12 23:20:09,782 [Thread-1233] INFO  pipeline.SCMPipelineManager (SCMPipelineManager.java:finalizeAndDestroyPipeline(315)) - destroying pipeline:Pipeline[ Id: 0e287f3a-9310-4c4d-bb0e-dcb91da26963, Nodes: 80837678-b947-4bce-b966-fc20c0dfbdbf{ip: 192.168.164.209, host: pr-hdds-2464-qsgcv-431919947, networkLocation: /default-rack, certSerialId: null}0abad138-b24b-47c7-afcb-ebb08d39de0a{ip: 192.168.164.209, host: pr-hdds-2464-qsgcv-431919947, networkLocation: /default-rack, certSerialId: null}b7cd9551-1bd0-408f-a1aa-df7bdc8ebd77{ip: 192.168.164.209, host: pr-hdds-2464-qsgcv-431919947, networkLocation: /default-rack, certSerialId: null}, Type:RATIS, Factor:THREE, State:OPEN]
2019-11-12 23:20:09,788 [grpc-default-executor-2] INFO  impl.RaftServerProxy (RaftServerProxy.java:addNew(89)) - b7cd9551-1bd0-408f-a1aa-df7bdc8ebd77: addNew group-69F03E8806E2:[b7cd9551-1bd0-408f-a1aa-df7bdc8ebd77:192.168.164.209:36523] returns group-69F03E8806E2:java.util.concurrent.CompletableFuture@3980239f[Not completed]
2019-11-12 23:20:09,789 [pool-152-thread-1] INFO  impl.RaftServerImpl (RaftServerImpl.java:<init>(98)) - b7cd9551-1bd0-408f-a1aa-df7bdc8ebd77: new RaftServerImpl for group-69F03E8806E2:[b7cd9551-1bd0-408f-a1aa-df7bdc8ebd77:192.168.164.209:36523] with ContainerStateMachine:uninitialized
2019-11-12 23:20:09,791 [pool-152-thread-1] INFO  server.RaftServerConfigKeys (ConfUtils.java:logGet(43)) - raft.server.rpc.timeout.min = 1s (custom)
2019-11-12 23:20:09,791 [pool-152-thread-1] INFO  server.RaftServerConfigKeys (ConfUtils.java:logGet(43)) - raft.server.rpc.timeout.max = 1200ms (custom)
2019-11-12 23:20:09,791 [pool-152-thread-1] INFO  server.RaftServerConfigKeys (ConfUtils.java:logGet(43)) - raft.server.rpcslowness.timeout = 120s (custom)
2019-11-12 23:20:09,791 [pool-152-thread-1] INFO  server.RaftServerConfigKeys (ConfUtils.java:logGet(43)) - raft.server.sleep.deviation.threshold = 300 (default)
2019-11-12 23:20:09,791 [pool-152-thread-1] INFO  server.RaftServerConfigKeys (ConfUtils.java:logGet(43)) - raft.server.log.appender.install.snapshot.enabled = false (custom)
2019-11-12 23:20:09,791 [pool-152-thread-1] INFO  impl.RaftServerImpl (ServerState.java:<init>(103)) - b7cd9551-1bd0-408f-a1aa-df7bdc8ebd77@group-69F03E8806E2: ConfigurationManager, init=-1: [b7cd9551-1bd0-408f-a1aa-df7bdc8ebd77:192.168.164.209:36523], old=null, confs=<EMPTY_MAP>
2019-11-12 23:20:09,792 [pool-152-thread-1] INFO  server.RaftServerConfigKeys (ConfUtils.java:logGet(43)) - raft.server.storage.dir = [/workdir/hadoop-ozone/integration-test/target/test-dir/MiniOzoneClusterImpl-526fdb7e-9c97-4370-88fe-75d8a071a2f3/datanode-0/data/ratis] (custom)
2019-11-12 23:20:09,792 [pool-152-thread-1] INFO  server.RaftServerConfigKeys (ConfUtils.java:logGet(43)) - raft.server.log.corruption.policy = EXCEPTION (default)
2019-11-12 23:20:09,792 [pool-152-thread-1] INFO  storage.RaftStorageDirectory (RaftStorageDirectory.java:analyzeStorage(246)) - The storage directory /workdir/hadoop-ozone/integration-test/target/test-dir/MiniOzoneClusterImpl-526fdb7e-9c97-4370-88fe-75d8a071a2f3/datanode-0/data/ratis/a1b96b9b-c273-41db-8e84-69f03e8806e2 does not exist. Creating ...
2019-11-12 23:20:09,802 [pool-152-thread-1] INFO  storage.RaftStorageDirectory (RaftStorageDirectory.java:tryLock(328)) - Lock on /workdir/hadoop-ozone/integration-test/target/test-dir/MiniOzoneClusterImpl-526fdb7e-9c97-4370-88fe-75d8a071a2f3/datanode-0/data/ratis/a1b96b9b-c273-41db-8e84-69f03e8806e2/in_use.lock acquired by nodename 11303@pr-hdds-2464-qsgcv-431919947
2019-11-12 23:20:09,816 [pool-152-thread-1] INFO  storage.RaftStorage (RaftStorage.java:format(84)) - Storage directory /workdir/hadoop-ozone/integration-test/target/test-dir/MiniOzoneClusterImpl-526fdb7e-9c97-4370-88fe-75d8a071a2f3/datanode-0/data/ratis/a1b96b9b-c273-41db-8e84-69f03e8806e2 has been successfully formatted.
2019-11-12 23:20:09,817 [pool-152-thread-1] INFO  ratis.ContainerStateMachine (ContainerStateMachine.java:loadSnapshot(223)) - group-69F03E8806E2: The snapshot info is null. Setting the last applied indexto:(t:0, i:~)
2019-11-12 23:20:09,817 [pool-152-thread-1] INFO  server.RaftServerConfigKeys (ConfUtils.java:logGet(43)) - raft.server.notification.no-leader.timeout = 120s (custom)
2019-11-12 23:20:09,817 [pool-152-thread-1] INFO  server.RaftServerConfigKeys (ConfUtils.java:logGet(43)) - raft.server.log.use.memory = false (default)
2019-11-12 23:20:09,817 [pool-152-thread-1] INFO  server.RaftServerConfigKeys (ConfUtils.java:logGet(43)) - raft.server.log.purge.gap = 1000000 (custom)
2019-11-12 23:20:09,817 [pool-152-thread-1] INFO  server.RaftServerConfigKeys (ConfUtils.java:logGet(43)) - raft.server.log.appender.buffer.byte-limit = 33554432 (custom)
2019-11-12 23:20:09,818 [pool-152-thread-1] INFO  server.RaftServerConfigKeys (ConfUtils.java:logGet(43)) - raft.server.log.segment.size.max = 1048576 (custom)
2019-11-12 23:20:09,820 [pool-152-thread-1] INFO  server.RaftServerConfigKeys (ConfUtils.java:logGet(43)) - raft.server.log.segment.cache.num.max = 2 (custom)
2019-11-12 23:20:09,821 [pool-152-thread-1] INFO  segmented.SegmentedRaftLogWorker (SegmentedRaftLogWorker.java:<init>(173)) - new b7cd9551-1bd0-408f-a1aa-df7bdc8ebd77@group-69F03E8806E2-SegmentedRaftLogWorker for RaftStorage:Storage Directory /workdir/hadoop-ozone/integration-test/target/test-dir/MiniOzoneClusterImpl-526fdb7e-9c97-4370-88fe-75d8a071a2f3/datanode-0/data/ratis/a1b96b9b-c273-41db-8e84-69f03e8806e2
2019-11-12 23:20:09,821 [pool-152-thread-1] INFO  server.RaftServerConfigKeys (ConfUtils.java:logGet(43)) - raft.server.log.queue.byte-limit = 2147483647 (custom)
2019-11-12 23:20:09,821 [pool-152-thread-1] INFO  server.RaftServerConfigKeys (ConfUtils.java:logGet(43)) - raft.server.log.queue.element-limit = 1024 (custom)
2019-11-12 23:20:09,821 [pool-152-thread-1] INFO  server.RaftServerConfigKeys (ConfUtils.java:logGet(43)) - raft.server.log.segment.size.max = 1048576 (custom)
2019-11-12 23:20:09,821 [pool-152-thread-1] INFO  server.RaftServerConfigKeys (ConfUtils.java:logGet(43)) - raft.server.log.preallocated.size = 16384 (custom)
2019-11-12 23:20:09,822 [pool-152-thread-1] INFO  server.RaftServerConfigKeys (ConfUtils.java:logGet(43)) - raft.server.log.write.buffer.size = 33554432 (custom)
2019-11-12 23:20:09,822 [pool-152-thread-1] INFO  server.RaftServerConfigKeys (ConfUtils.java:logGet(43)) - raft.server.log.force.sync.num = 128 (default)
2019-11-12 23:20:09,822 [pool-152-thread-1] INFO  server.RaftServerConfigKeys (ConfUtils.java:logGet(43)) - raft.server.log.statemachine.data.sync = true (default)
2019-11-12 23:20:09,822 [pool-152-thread-1] INFO  server.RaftServerConfigKeys (ConfUtils.java:logGet(43)) - raft.server.log.statemachine.data.sync.timeout = 10s (default)
2019-11-12 23:20:09,822 [pool-152-thread-1] INFO  server.RaftServerConfigKeys (ConfUtils.java:logGet(43)) - raft.server.log.statemachine.data.sync.timeout.retry = -1 (default)
2019-11-12 23:20:09,822 [pool-152-thread-1] INFO  server.RaftServerConfigKeys (ConfUtils.java:logGet(43)) - raft.server.log.statemachine.data.caching.enabled = true (custom)
2019-11-12 23:20:09,822 [pool-152-thread-1] INFO  segmented.SegmentedRaftLogWorker (SegmentedRaftLogWorker.java:lambda$new$0(128)) - b7cd9551-1bd0-408f-a1aa-df7bdc8ebd77@group-69F03E8806E2-SegmentedRaftLogWorker: flushIndex: setUnconditionally 0 -> -1
2019-11-12 23:20:09,823 [pool-152-thread-1] INFO  server.RaftServerConfigKeys (ConfUtils.java:logGet(43)) - raft.server.snapshot.auto.trigger.enabled = true (custom)
2019-11-12 23:20:09,823 [pool-152-thread-1] INFO  server.RaftServerConfigKeys (ConfUtils.java:logGet(43)) - raft.server.snapshot.auto.trigger.threshold = 10000 (custom)
2019-11-12 23:20:09,823 [pool-152-thread-1] INFO  server.RaftServerConfigKeys (ConfUtils.java:logGet(43)) - raft.server.snapshot.retention.file.num = 5 (custom)
2019-11-12 23:20:09,823 [pool-152-thread-1] INFO  server.RaftServerConfigKeys (ConfUtils.java:logGet(43)) - raft.server.retrycache.expirytime = 600000ms (custom)
2019-11-12 23:20:09,824 [pool-152-thread-1] WARN  impl.MetricRegistriesImpl (MetricRegistriesImpl.java:lambda$create$1(61)) - First MetricRegistry has been created without registering reporters. You may need to call MetricRegistries.global().addReportRegistration(...) before.
2019-11-12 23:20:09,824 [pool-152-thread-1] WARN  impl.MetricRegistriesImpl (MetricRegistriesImpl.java:lambda$create$1(61)) - First MetricRegistry has been created without registering reporters. You may need to call MetricRegistries.global().addReportRegistration(...) before.
2019-11-12 23:20:09,824 [pool-152-thread-1] INFO  impl.RaftServerImpl (RaftServerImpl.java:start(184)) - b7cd9551-1bd0-408f-a1aa-df7bdc8ebd77@group-69F03E8806E2: start as a follower, conf=-1: [b7cd9551-1bd0-408f-a1aa-df7bdc8ebd77:192.168.164.209:36523], old=null
2019-11-12 23:20:09,824 [pool-152-thread-1] INFO  impl.RaftServerImpl (RaftServerImpl.java:setRole(173)) - b7cd9551-1bd0-408f-a1aa-df7bdc8ebd77@group-69F03E8806E2: changes role from      null to FOLLOWER at term 0 for startAsFollower
2019-11-12 23:20:09,824 [pool-152-thread-1] INFO  impl.RoleInfo (RoleInfo.java:updateAndGet(143)) - b7cd9551-1bd0-408f-a1aa-df7bdc8ebd77: start FollowerState
2019-11-12 23:20:09,825 [pool-152-thread-1] INFO  util.JmxRegister (JmxRegister.java:tryRegister(44)) - Successfully registered JMX Bean with object name Ratis:service=RaftServer,group=group-69F03E8806E2,id=b7cd9551-1bd0-408f-a1aa-df7bdc8ebd77
2019-11-12 23:20:09,825 [pool-152-thread-1] WARN  impl.MetricRegistriesImpl (MetricRegistriesImpl.java:lambda$create$1(61)) - First MetricRegistry has been created without registering reporters. You may need to call MetricRegistries.global().addReportRegistration(...) before.
2019-11-12 23:20:09,827 [RatisPipelineUtilsThread] INFO  pipeline.PipelineStateManager (PipelineStateManager.java:addPipeline(55)) - Created pipeline Pipeline[ Id: a1b96b9b-c273-41db-8e84-69f03e8806e2, Nodes: b7cd9551-1bd0-408f-a1aa-df7bdc8ebd77{ip: 192.168.164.209, host: pr-hdds-2464-qsgcv-431919947, networkLocation: /default-rack, certSerialId: null}, Type:RATIS, Factor:ONE, State:ALLOCATED]
2019-11-12 23:20:09,828 [Thread-1233] INFO  pipeline.PipelineStateManager (PipelineStateManager.java:finalizePipeline(121)) - Pipeline Pipeline[ Id: 0e287f3a-9310-4c4d-bb0e-dcb91da26963, Nodes: 80837678-b947-4bce-b966-fc20c0dfbdbf{ip: 192.168.164.209, host: pr-hdds-2464-qsgcv-431919947, networkLocation: /default-rack, certSerialId: null}0abad138-b24b-47c7-afcb-ebb08d39de0a{ip: 192.168.164.209, host: pr-hdds-2464-qsgcv-431919947, networkLocation: /default-rack, certSerialId: null}b7cd9551-1bd0-408f-a1aa-df7bdc8ebd77{ip: 192.168.164.209, host: pr-hdds-2464-qsgcv-431919947, networkLocation: /default-rack, certSerialId: null}, Type:RATIS, Factor:THREE, State:CLOSED] moved to CLOSED state
2019-11-12 23:20:09,828 [EventQueue-CloseContainerForCloseContainerEventHandler] INFO  container.CloseContainerEventHandler (CloseContainerEventHandler.java:onMessage(61)) - Close container Event triggered for container : #1
2019-11-12 23:20:09,832 [grpc-default-executor-0] INFO  impl.RaftServerProxy (RaftServerProxy.java:remove(95)) - 80837678-b947-4bce-b966-fc20c0dfbdbf: remove    LEADER 80837678-b947-4bce-b966-fc20c0dfbdbf@group-DCB91DA26963:t1, leader=80837678-b947-4bce-b966-fc20c0dfbdbf, voted=80837678-b947-4bce-b966-fc20c0dfbdbf, raftlog=80837678-b947-4bce-b966-fc20c0dfbdbf@group-DCB91DA26963-SegmentedRaftLog:OPENED:c5,f7,i7, conf=0: [80837678-b947-4bce-b966-fc20c0dfbdbf:192.168.164.209:33427, 0abad138-b24b-47c7-afcb-ebb08d39de0a:192.168.164.209:35002, b7cd9551-1bd0-408f-a1aa-df7bdc8ebd77:192.168.164.209:36523], old=null RUNNING
2019-11-12 23:20:09,835 [grpc-default-executor-0] INFO  impl.RaftServerImpl (RaftServerImpl.java:lambda$shutdown$3(250)) - 80837678-b947-4bce-b966-fc20c0dfbdbf@group-DCB91DA26963: shutdown
2019-11-12 23:20:09,835 [grpc-default-executor-0] INFO  util.JmxRegister (JmxRegister.java:unregister(73)) - Successfully un-registered JMX Bean with object name Ratis:service=RaftServer,group=group-DCB91DA26963,id=80837678-b947-4bce-b966-fc20c0dfbdbf
2019-11-12 23:20:09,835 [grpc-default-executor-0] INFO  impl.RoleInfo (RoleInfo.java:shutdownLeaderState(104)) - 80837678-b947-4bce-b966-fc20c0dfbdbf: shutdown LeaderState
2019-11-12 23:20:09,838 [grpc-default-executor-0] INFO  impl.PendingRequests (PendingRequests.java:sendNotLeaderResponses(206)) - 80837678-b947-4bce-b966-fc20c0dfbdbf@group-DCB91DA26963-PendingRequests: sendNotLeaderResponses
2019-11-12 23:20:09,838 [org.apache.ratis.server.impl.LogAppender$AppenderDaemon$$Lambda$408/521854984@2ae54dd3] WARN  server.GrpcLogAppender (GrpcLogAppender.java:mayWait(151)) - 80837678-b947-4bce-b966-fc20c0dfbdbf@group-DCB91DA26963->b7cd9551-1bd0-408f-a1aa-df7bdc8ebd77-GrpcLogAppender: Wait interrupted by java.lang.InterruptedException
2019-11-12 23:20:09,840 [grpc-default-executor-2] INFO  server.GrpcServerProtocolService (GrpcServerProtocolService.java:onCompleted(113)) - b7cd9551-1bd0-408f-a1aa-df7bdc8ebd77: Completed APPEND_ENTRIES, lastRequest: 80837678-b947-4bce-b966-fc20c0dfbdbf->b7cd9551-1bd0-408f-a1aa-df7bdc8ebd77#11-t1, previous=(t:1, i:6), leaderCommit=4, initializing? false, entries: size=1, first=(t:1, i:7), METADATAENTRY(c4)
2019-11-12 23:20:09,840 [org.apache.ratis.server.impl.LogAppender$AppenderDaemon$$Lambda$408/521854984@6fe7ce4b] WARN  server.GrpcLogAppender (GrpcLogAppender.java:mayWait(151)) - 80837678-b947-4bce-b966-fc20c0dfbdbf@group-DCB91DA26963->0abad138-b24b-47c7-afcb-ebb08d39de0a-GrpcLogAppender: Wait interrupted by java.lang.InterruptedException
2019-11-12 23:20:09,851 [grpc-default-executor-0] INFO  impl.StateMachineUpdater (StateMachineUpdater.java:stopAndJoin(136)) - 80837678-b947-4bce-b966-fc20c0dfbdbf@group-DCB91DA26963-StateMachineUpdater: set stopIndex = 6
2019-11-12 23:20:09,851 [80837678-b947-4bce-b966-fc20c0dfbdbf@group-DCB91DA26963-StateMachineUpdater] INFO  ratis.ContainerStateMachine (ContainerStateMachine.java:takeSnapshot(285)) - group-DCB91DA26963: Taking a snapshot at:(t:1, i:1) file /workdir/hadoop-ozone/integration-test/target/test-dir/MiniOzoneClusterImpl-526fdb7e-9c97-4370-88fe-75d8a071a2f3/datanode-2/data/ratis/0e287f3a-9310-4c4d-bb0e-dcb91da26963/sm/snapshot.1_1
2019-11-12 23:20:09,853 [grpc-default-executor-2] INFO  server.GrpcLogAppender (GrpcLogAppender.java:onCompleted(308)) - 80837678-b947-4bce-b966-fc20c0dfbdbf@group-DCB91DA26963->b7cd9551-1bd0-408f-a1aa-df7bdc8ebd77-AppendLogResponseHandler: follower responses appendEntries COMPLETED
2019-11-12 23:20:09,854 [grpc-default-executor-5] INFO  server.GrpcServerProtocolService (GrpcServerProtocolService.java:onCompleted(113)) - 0abad138-b24b-47c7-afcb-ebb08d39de0a: Completed APPEND_ENTRIES, lastRequest: 80837678-b947-4bce-b966-fc20c0dfbdbf->0abad138-b24b-47c7-afcb-ebb08d39de0a#11-t1, previous=(t:1, i:6), leaderCommit=4, initializing? false, entries: size=1, first=(t:1, i:7), METADATAENTRY(c4)
2019-11-12 23:20:09,856 [grpc-default-executor-2] INFO  impl.FollowerInfo (FollowerInfo.java:lambda$new$0(51)) - 80837678-b947-4bce-b966-fc20c0dfbdbf@group-DCB91DA26963->b7cd9551-1bd0-408f-a1aa-df7bdc8ebd77: nextIndex: updateUnconditionally 8 -> 7
2019-11-12 23:20:09,856 [grpc-default-executor-8] INFO  server.GrpcLogAppender (GrpcLogAppender.java:onCompleted(308)) - 80837678-b947-4bce-b966-fc20c0dfbdbf@group-DCB91DA26963->0abad138-b24b-47c7-afcb-ebb08d39de0a-AppendLogResponseHandler: follower responses appendEntries COMPLETED
2019-11-12 23:20:09,857 [grpc-default-executor-8] INFO  impl.FollowerInfo (FollowerInfo.java:lambda$new$0(51)) - 80837678-b947-4bce-b966-fc20c0dfbdbf@group-DCB91DA26963->0abad138-b24b-47c7-afcb-ebb08d39de0a: nextIndex: updateUnconditionally 8 -> 7
2019-11-12 23:20:09,857 [80837678-b947-4bce-b966-fc20c0dfbdbf@group-DCB91DA26963-StateMachineUpdater] INFO  ratis.ContainerStateMachine (ContainerStateMachine.java:takeSnapshot(296)) - group-DCB91DA26963: Finished taking a snapshot at:(t:1, i:1) file:/workdir/hadoop-ozone/integration-test/target/test-dir/MiniOzoneClusterImpl-526fdb7e-9c97-4370-88fe-75d8a071a2f3/datanode-2/data/ratis/0e287f3a-9310-4c4d-bb0e-dcb91da26963/sm/snapshot.1_1 time:6
2019-11-12 23:20:09,857 [80837678-b947-4bce-b966-fc20c0dfbdbf@group-DCB91DA26963-StateMachineUpdater] INFO  impl.StateMachineUpdater (StateMachineUpdater.java:takeSnapshot(269)) - 80837678-b947-4bce-b966-fc20c0dfbdbf@group-DCB91DA26963-StateMachineUpdater: Took a snapshot at index 1
2019-11-12 23:20:09,857 [80837678-b947-4bce-b966-fc20c0dfbdbf@group-DCB91DA26963-StateMachineUpdater] INFO  impl.StateMachineUpdater (StateMachineUpdater.java:lambda$new$0(84)) - 80837678-b947-4bce-b966-fc20c0dfbdbf@group-DCB91DA26963-StateMachineUpdater: snapshotIndex: updateIncreasingly -1 -> 1
2019-11-12 23:20:09,860 [80837678-b947-4bce-b966-fc20c0dfbdbf@group-DCB91DA26963-StateMachineUpdater] INFO  ratis.ContainerStateMachine (ContainerStateMachine.java:takeSnapshot(285)) - group-DCB91DA26963: Taking a snapshot at:(t:1, i:1) file /workdir/hadoop-ozone/integration-test/target/test-dir/MiniOzoneClusterImpl-526fdb7e-9c97-4370-88fe-75d8a071a2f3/datanode-2/data/ratis/0e287f3a-9310-4c4d-bb0e-dcb91da26963/sm/snapshot.1_1
2019-11-12 23:20:09,864 [80837678-b947-4bce-b966-fc20c0dfbdbf@group-DCB91DA26963-StateMachineUpdater] INFO  ratis.ContainerStateMachine (ContainerStateMachine.java:takeSnapshot(296)) - group-DCB91DA26963: Finished taking a snapshot at:(t:1, i:1) file:/workdir/hadoop-ozone/integration-test/target/test-dir/MiniOzoneClusterImpl-526fdb7e-9c97-4370-88fe-75d8a071a2f3/datanode-2/data/ratis/0e287f3a-9310-4c4d-bb0e-dcb91da26963/sm/snapshot.1_1 time:4
2019-11-12 23:20:09,864 [80837678-b947-4bce-b966-fc20c0dfbdbf@group-DCB91DA26963-StateMachineUpdater] INFO  impl.StateMachineUpdater (StateMachineUpdater.java:takeSnapshot(269)) - 80837678-b947-4bce-b966-fc20c0dfbdbf@group-DCB91DA26963-StateMachineUpdater: Took a snapshot at index 1
2019-11-12 23:20:09,864 [80837678-b947-4bce-b966-fc20c0dfbdbf@group-DCB91DA26963-StateMachineUpdater] INFO  impl.StateMachineUpdater (StateMachineUpdater.java:lambda$new$0(84)) - 80837678-b947-4bce-b966-fc20c0dfbdbf@group-DCB91DA26963-StateMachineUpdater: snapshotIndex: updateIncreasingly 1 -> 1
2019-11-12 23:20:09,865 [grpc-default-executor-0] INFO  impl.RaftServerImpl (ServerState.java:close(387)) - 80837678-b947-4bce-b966-fc20c0dfbdbf@group-DCB91DA26963: closes. applyIndex: 6
2019-11-12 23:20:09,867 [80837678-b947-4bce-b966-fc20c0dfbdbf@group-DCB91DA26963-SegmentedRaftLogWorker] INFO  segmented.SegmentedRaftLogWorker (SegmentedRaftLogWorker.java:run(316)) - 80837678-b947-4bce-b966-fc20c0dfbdbf@group-DCB91DA26963-SegmentedRaftLogWorker was interrupted, exiting. There are 0 tasks remaining in the queue.
2019-11-12 23:20:09,869 [grpc-default-executor-0] INFO  segmented.SegmentedRaftLogWorker (SegmentedRaftLogWorker.java:close(224)) - 80837678-b947-4bce-b966-fc20c0dfbdbf@group-DCB91DA26963-SegmentedRaftLogWorker close()
2019-11-12 23:20:10,004 [grpc-default-executor-0] INFO  interfaces.Container (KeyValueContainer.java:flushAndSyncDB(400)) - Container 1 is synced with bcsId 4.
2019-11-12 23:20:10,004 [grpc-default-executor-0] INFO  interfaces.Container (KeyValueContainer.java:flushAndSyncDB(400)) - Container 1 is synced with bcsId 4.
2019-11-12 23:20:10,020 [EventQueue-IncrementalContainerReportForIncrementalContainerReportHandler] INFO  container.IncrementalContainerReportHandler (AbstractContainerReportHandler.java:updateContainerState(171)) - Moving container #1 to QUASI_CLOSED state, datanode 80837678-b947-4bce-b966-fc20c0dfbdbf{ip: 192.168.164.209, host: pr-hdds-2464-qsgcv-431919947, networkLocation: /default-rack, certSerialId: null} reported QUASI_CLOSED replica.
2019-11-12 23:20:10,025 [grpc-default-executor-0] INFO  impl.RaftServerProxy (RaftServerProxy.java:remove(95)) - 0abad138-b24b-47c7-afcb-ebb08d39de0a: remove  FOLLOWER 0abad138-b24b-47c7-afcb-ebb08d39de0a@group-DCB91DA26963:t1, leader=80837678-b947-4bce-b966-fc20c0dfbdbf, voted=80837678-b947-4bce-b966-fc20c0dfbdbf, raftlog=0abad138-b24b-47c7-afcb-ebb08d39de0a@group-DCB91DA26963-SegmentedRaftLog:OPENED:c4,f7,i7, conf=0: [80837678-b947-4bce-b966-fc20c0dfbdbf:192.168.164.209:33427, 0abad138-b24b-47c7-afcb-ebb08d39de0a:192.168.164.209:35002, b7cd9551-1bd0-408f-a1aa-df7bdc8ebd77:192.168.164.209:36523], old=null RUNNING
2019-11-12 23:20:10,026 [grpc-default-executor-0] INFO  impl.RaftServerImpl (RaftServerImpl.java:lambda$shutdown$3(250)) - 0abad138-b24b-47c7-afcb-ebb08d39de0a@group-DCB91DA26963: shutdown
2019-11-12 23:20:10,026 [grpc-default-executor-0] INFO  util.JmxRegister (JmxRegister.java:unregister(73)) - Successfully un-registered JMX Bean with object name Ratis:service=RaftServer,group=group-DCB91DA26963,id=0abad138-b24b-47c7-afcb-ebb08d39de0a
2019-11-12 23:20:10,026 [grpc-default-executor-0] INFO  impl.RoleInfo (RoleInfo.java:shutdownFollowerState(121)) - 0abad138-b24b-47c7-afcb-ebb08d39de0a: shutdown FollowerState
2019-11-12 23:20:10,026 [grpc-default-executor-0] INFO  impl.StateMachineUpdater (StateMachineUpdater.java:stopAndJoin(136)) - 0abad138-b24b-47c7-afcb-ebb08d39de0a@group-DCB91DA26963-StateMachineUpdater: set stopIndex = 4
2019-11-12 23:20:10,026 [0abad138-b24b-47c7-afcb-ebb08d39de0a@group-DCB91DA26963-StateMachineUpdater] INFO  ratis.ContainerStateMachine (ContainerStateMachine.java:takeSnapshot(285)) - group-DCB91DA26963: Taking a snapshot at:(t:1, i:4) file /workdir/hadoop-ozone/integration-test/target/test-dir/MiniOzoneClusterImpl-526fdb7e-9c97-4370-88fe-75d8a071a2f3/datanode-1/data/ratis/0e287f3a-9310-4c4d-bb0e-dcb91da26963/sm/snapshot.1_4
2019-11-12 23:20:10,026 [Thread-1277] INFO  impl.FollowerState (FollowerState.java:run(120)) - 0abad138-b24b-47c7-afcb-ebb08d39de0a@group-DCB91DA26963-FollowerState was interrupted: java.lang.InterruptedException: sleep interrupted
2019-11-12 23:20:10,041 [0abad138-b24b-47c7-afcb-ebb08d39de0a@group-DCB91DA26963-StateMachineUpdater] INFO  ratis.ContainerStateMachine (ContainerStateMachine.java:takeSnapshot(296)) - group-DCB91DA26963: Finished taking a snapshot at:(t:1, i:4) file:/workdir/hadoop-ozone/integration-test/target/test-dir/MiniOzoneClusterImpl-526fdb7e-9c97-4370-88fe-75d8a071a2f3/datanode-1/data/ratis/0e287f3a-9310-4c4d-bb0e-dcb91da26963/sm/snapshot.1_4 time:15
2019-11-12 23:20:10,041 [0abad138-b24b-47c7-afcb-ebb08d39de0a@group-DCB91DA26963-StateMachineUpdater] INFO  impl.StateMachineUpdater (StateMachineUpdater.java:takeSnapshot(269)) - 0abad138-b24b-47c7-afcb-ebb08d39de0a@group-DCB91DA26963-StateMachineUpdater: Took a snapshot at index 4
2019-11-12 23:20:10,041 [0abad138-b24b-47c7-afcb-ebb08d39de0a@group-DCB91DA26963-StateMachineUpdater] INFO  impl.StateMachineUpdater (StateMachineUpdater.java:lambda$new$0(84)) - 0abad138-b24b-47c7-afcb-ebb08d39de0a@group-DCB91DA26963-StateMachineUpdater: snapshotIndex: updateIncreasingly -1 -> 4
2019-11-12 23:20:10,042 [grpc-default-executor-0] INFO  impl.RaftServerImpl (ServerState.java:close(387)) - 0abad138-b24b-47c7-afcb-ebb08d39de0a@group-DCB91DA26963: closes. applyIndex: 4
2019-11-12 23:20:10,042 [0abad138-b24b-47c7-afcb-ebb08d39de0a@group-DCB91DA26963-SegmentedRaftLogWorker] INFO  segmented.SegmentedRaftLogWorker (SegmentedRaftLogWorker.java:run(316)) - 0abad138-b24b-47c7-afcb-ebb08d39de0a@group-DCB91DA26963-SegmentedRaftLogWorker was interrupted, exiting. There are 0 tasks remaining in the queue.
2019-11-12 23:20:10,044 [grpc-default-executor-0] INFO  segmented.SegmentedRaftLogWorker (SegmentedRaftLogWorker.java:close(224)) - 0abad138-b24b-47c7-afcb-ebb08d39de0a@group-DCB91DA26963-SegmentedRaftLogWorker close()
2019-11-12 23:20:10,085 [grpc-default-executor-0] INFO  interfaces.Container (KeyValueContainer.java:flushAndSyncDB(400)) - Container 1 is synced with bcsId 4.
2019-11-12 23:20:10,085 [grpc-default-executor-0] INFO  interfaces.Container (KeyValueContainer.java:flushAndSyncDB(400)) - Container 1 is synced with bcsId 4.
2019-11-12 23:20:10,105 [grpc-default-executor-0] INFO  impl.RaftServerProxy (RaftServerProxy.java:remove(95)) - b7cd9551-1bd0-408f-a1aa-df7bdc8ebd77: remove  FOLLOWER b7cd9551-1bd0-408f-a1aa-df7bdc8ebd77@group-DCB91DA26963:t1, leader=80837678-b947-4bce-b966-fc20c0dfbdbf, voted=80837678-b947-4bce-b966-fc20c0dfbdbf, raftlog=b7cd9551-1bd0-408f-a1aa-df7bdc8ebd77@group-DCB91DA26963-SegmentedRaftLog:OPENED:c4,f7,i7, conf=0: [80837678-b947-4bce-b966-fc20c0dfbdbf:192.168.164.209:33427, 0abad138-b24b-47c7-afcb-ebb08d39de0a:192.168.164.209:35002, b7cd9551-1bd0-408f-a1aa-df7bdc8ebd77:192.168.164.209:36523], old=null RUNNING
2019-11-12 23:20:10,105 [grpc-default-executor-0] INFO  impl.RaftServerImpl (RaftServerImpl.java:lambda$shutdown$3(250)) - b7cd9551-1bd0-408f-a1aa-df7bdc8ebd77@group-DCB91DA26963: shutdown
2019-11-12 23:20:10,106 [grpc-default-executor-0] INFO  util.JmxRegister (JmxRegister.java:unregister(73)) - Successfully un-registered JMX Bean with object name Ratis:service=RaftServer,group=group-DCB91DA26963,id=b7cd9551-1bd0-408f-a1aa-df7bdc8ebd77
2019-11-12 23:20:10,106 [grpc-default-executor-0] INFO  impl.RoleInfo (RoleInfo.java:shutdownFollowerState(121)) - b7cd9551-1bd0-408f-a1aa-df7bdc8ebd77: shutdown FollowerState
2019-11-12 23:20:10,106 [grpc-default-executor-0] INFO  impl.StateMachineUpdater (StateMachineUpdater.java:stopAndJoin(136)) - b7cd9551-1bd0-408f-a1aa-df7bdc8ebd77@group-DCB91DA26963-StateMachineUpdater: set stopIndex = 4
2019-11-12 23:20:10,106 [Thread-1278] INFO  impl.FollowerState (FollowerState.java:run(120)) - b7cd9551-1bd0-408f-a1aa-df7bdc8ebd77@group-DCB91DA26963-FollowerState was interrupted: java.lang.InterruptedException: sleep interrupted
2019-11-12 23:20:10,106 [b7cd9551-1bd0-408f-a1aa-df7bdc8ebd77@group-DCB91DA26963-StateMachineUpdater] INFO  ratis.ContainerStateMachine (ContainerStateMachine.java:takeSnapshot(285)) - group-DCB91DA26963: Taking a snapshot at:(t:1, i:4) file /workdir/hadoop-ozone/integration-test/target/test-dir/MiniOzoneClusterImpl-526fdb7e-9c97-4370-88fe-75d8a071a2f3/datanode-0/data/ratis/0e287f3a-9310-4c4d-bb0e-dcb91da26963/sm/snapshot.1_4
2019-11-12 23:20:10,121 [b7cd9551-1bd0-408f-a1aa-df7bdc8ebd77@group-DCB91DA26963-StateMachineUpdater] INFO  ratis.ContainerStateMachine (ContainerStateMachine.java:takeSnapshot(296)) - group-DCB91DA26963: Finished taking a snapshot at:(t:1, i:4) file:/workdir/hadoop-ozone/integration-test/target/test-dir/MiniOzoneClusterImpl-526fdb7e-9c97-4370-88fe-75d8a071a2f3/datanode-0/data/ratis/0e287f3a-9310-4c4d-bb0e-dcb91da26963/sm/snapshot.1_4 time:15
2019-11-12 23:20:10,121 [b7cd9551-1bd0-408f-a1aa-df7bdc8ebd77@group-DCB91DA26963-StateMachineUpdater] INFO  impl.StateMachineUpdater (StateMachineUpdater.java:takeSnapshot(269)) - b7cd9551-1bd0-408f-a1aa-df7bdc8ebd77@group-DCB91DA26963-StateMachineUpdater: Took a snapshot at index 4
2019-11-12 23:20:10,122 [b7cd9551-1bd0-408f-a1aa-df7bdc8ebd77@group-DCB91DA26963-StateMachineUpdater] INFO  impl.StateMachineUpdater (StateMachineUpdater.java:lambda$new$0(84)) - b7cd9551-1bd0-408f-a1aa-df7bdc8ebd77@group-DCB91DA26963-StateMachineUpdater: snapshotIndex: updateIncreasingly -1 -> 4
2019-11-12 23:20:10,122 [grpc-default-executor-0] INFO  impl.RaftServerImpl (ServerState.java:close(387)) - b7cd9551-1bd0-408f-a1aa-df7bdc8ebd77@group-DCB91DA26963: closes. applyIndex: 4
2019-11-12 23:20:10,122 [b7cd9551-1bd0-408f-a1aa-df7bdc8ebd77@group-DCB91DA26963-SegmentedRaftLogWorker] INFO  segmented.SegmentedRaftLogWorker (SegmentedRaftLogWorker.java:run(316)) - b7cd9551-1bd0-408f-a1aa-df7bdc8ebd77@group-DCB91DA26963-SegmentedRaftLogWorker was interrupted, exiting. There are 0 tasks remaining in the queue.
2019-11-12 23:20:10,129 [grpc-default-executor-0] INFO  segmented.SegmentedRaftLogWorker (SegmentedRaftLogWorker.java:close(224)) - b7cd9551-1bd0-408f-a1aa-df7bdc8ebd77@group-DCB91DA26963-SegmentedRaftLogWorker close()
2019-11-12 23:20:10,159 [grpc-default-executor-0] INFO  interfaces.Container (KeyValueContainer.java:flushAndSyncDB(400)) - Container 1 is synced with bcsId 4.
2019-11-12 23:20:10,159 [grpc-default-executor-0] INFO  interfaces.Container (KeyValueContainer.java:flushAndSyncDB(400)) - Container 1 is synced with bcsId 4.
2019-11-12 23:20:10,172 [Thread-1233] INFO  pipeline.PipelineStateManager (PipelineStateManager.java:removePipeline(106)) - Pipeline Pipeline[ Id: 0e287f3a-9310-4c4d-bb0e-dcb91da26963, Nodes: 80837678-b947-4bce-b966-fc20c0dfbdbf{ip: 192.168.164.209, host: pr-hdds-2464-qsgcv-431919947, networkLocation: /default-rack, certSerialId: null}0abad138-b24b-47c7-afcb-ebb08d39de0a{ip: 192.168.164.209, host: pr-hdds-2464-qsgcv-431919947, networkLocation: /default-rack, certSerialId: null}b7cd9551-1bd0-408f-a1aa-df7bdc8ebd77{ip: 192.168.164.209, host: pr-hdds-2464-qsgcv-431919947, networkLocation: /default-rack, certSerialId: null}, Type:RATIS, Factor:THREE, State:CLOSED] removed from db
2019-11-12 23:20:10,172 [Thread-1233] INFO  pipeline.SCMPipelineManager (SCMPipelineManager.java:finalizeAndDestroyPipeline(315)) - destroying pipeline:Pipeline[ Id: 7e017edc-726a-4fde-b5be-e65a06d2da73, Nodes: 88c939f2-d53e-4de2-8f3f-abd9df815d54{ip: 192.168.164.209, host: pr-hdds-2464-qsgcv-431919947, networkLocation: /default-rack, certSerialId: null}, Type:RATIS, Factor:ONE, State:OPEN]
2019-11-12 23:20:10,179 [grpc-default-executor-0] INFO  impl.RaftServerProxy (RaftServerProxy.java:addNew(89)) - 80837678-b947-4bce-b966-fc20c0dfbdbf: addNew group-D099D4B3691C:[80837678-b947-4bce-b966-fc20c0dfbdbf:192.168.164.209:33427, 0abad138-b24b-47c7-afcb-ebb08d39de0a:192.168.164.209:35002, b7cd9551-1bd0-408f-a1aa-df7bdc8ebd77:192.168.164.209:36523] returns group-D099D4B3691C:java.util.concurrent.CompletableFuture@28a7d1[Not completed]
2019-11-12 23:20:10,186 [grpc-default-executor-7] INFO  impl.RaftServerProxy (RaftServerProxy.java:addNew(89)) - 0abad138-b24b-47c7-afcb-ebb08d39de0a: addNew group-D099D4B3691C:[80837678-b947-4bce-b966-fc20c0dfbdbf:192.168.164.209:33427, 0abad138-b24b-47c7-afcb-ebb08d39de0a:192.168.164.209:35002, b7cd9551-1bd0-408f-a1aa-df7bdc8ebd77:192.168.164.209:36523] returns group-D099D4B3691C:java.util.concurrent.CompletableFuture@9772e0b[Not completed]
2019-11-12 23:20:10,188 [grpc-default-executor-0] INFO  impl.RaftServerProxy (RaftServerProxy.java:addNew(89)) - b7cd9551-1bd0-408f-a1aa-df7bdc8ebd77: addNew group-D099D4B3691C:[80837678-b947-4bce-b966-fc20c0dfbdbf:192.168.164.209:33427, 0abad138-b24b-47c7-afcb-ebb08d39de0a:192.168.164.209:35002, b7cd9551-1bd0-408f-a1aa-df7bdc8ebd77:192.168.164.209:36523] returns group-D099D4B3691C:java.util.concurrent.CompletableFuture@7165377a[Not completed]
2019-11-12 23:20:10,188 [pool-172-thread-1] INFO  impl.RaftServerImpl (RaftServerImpl.java:<init>(98)) - 80837678-b947-4bce-b966-fc20c0dfbdbf: new RaftServerImpl for group-D099D4B3691C:[80837678-b947-4bce-b966-fc20c0dfbdbf:192.168.164.209:33427, 0abad138-b24b-47c7-afcb-ebb08d39de0a:192.168.164.209:35002, b7cd9551-1bd0-408f-a1aa-df7bdc8ebd77:192.168.164.209:36523] with ContainerStateMachine:uninitialized
2019-11-12 23:20:10,189 [pool-172-thread-1] INFO  server.RaftServerConfigKeys (ConfUtils.java:logGet(43)) - raft.server.rpc.timeout.min = 1s (custom)
2019-11-12 23:20:10,189 [pool-172-thread-1] INFO  server.RaftServerConfigKeys (ConfUtils.java:logGet(43)) - raft.server.rpc.timeout.max = 1200ms (custom)
2019-11-12 23:20:10,189 [pool-172-thread-1] INFO  server.RaftServerConfigKeys (ConfUtils.java:logGet(43)) - raft.server.rpcslowness.timeout = 120s (custom)
2019-11-12 23:20:10,189 [pool-172-thread-1] INFO  server.RaftServerConfigKeys (ConfUtils.java:logGet(43)) - raft.server.sleep.deviation.threshold = 300 (default)
2019-11-12 23:20:10,189 [pool-152-thread-1] INFO  impl.RaftServerImpl (RaftServerImpl.java:<init>(98)) - b7cd9551-1bd0-408f-a1aa-df7bdc8ebd77: new RaftServerImpl for group-D099D4B3691C:[80837678-b947-4bce-b966-fc20c0dfbdbf:192.168.164.209:33427, 0abad138-b24b-47c7-afcb-ebb08d39de0a:192.168.164.209:35002, b7cd9551-1bd0-408f-a1aa-df7bdc8ebd77:192.168.164.209:36523] with ContainerStateMachine:uninitialized
2019-11-12 23:20:10,189 [pool-172-thread-1] INFO  server.RaftServerConfigKeys (ConfUtils.java:logGet(43)) - raft.server.log.appender.install.snapshot.enabled = false (custom)
2019-11-12 23:20:10,189 [pool-152-thread-1] INFO  server.RaftServerConfigKeys (ConfUtils.java:logGet(43)) - raft.server.rpc.timeout.min = 1s (custom)
2019-11-12 23:20:10,189 [pool-172-thread-1] INFO  impl.RaftServerImpl (ServerState.java:<init>(103)) - 80837678-b947-4bce-b966-fc20c0dfbdbf@group-D099D4B3691C: ConfigurationManager, init=-1: [80837678-b947-4bce-b966-fc20c0dfbdbf:192.168.164.209:33427, 0abad138-b24b-47c7-afcb-ebb08d39de0a:192.168.164.209:35002, b7cd9551-1bd0-408f-a1aa-df7bdc8ebd77:192.168.164.209:36523], old=null, confs=<EMPTY_MAP>
2019-11-12 23:20:10,189 [pool-152-thread-1] INFO  server.RaftServerConfigKeys (ConfUtils.java:logGet(43)) - raft.server.rpc.timeout.max = 1200ms (custom)
2019-11-12 23:20:10,189 [pool-172-thread-1] INFO  server.RaftServerConfigKeys (ConfUtils.java:logGet(43)) - raft.server.storage.dir = [/workdir/hadoop-ozone/integration-test/target/test-dir/MiniOzoneClusterImpl-526fdb7e-9c97-4370-88fe-75d8a071a2f3/datanode-2/data/ratis] (custom)
2019-11-12 23:20:10,189 [pool-152-thread-1] INFO  server.RaftServerConfigKeys (ConfUtils.java:logGet(43)) - raft.server.rpcslowness.timeout = 120s (custom)
2019-11-12 23:20:10,190 [pool-152-thread-1] INFO  server.RaftServerConfigKeys (ConfUtils.java:logGet(43)) - raft.server.sleep.deviation.threshold = 300 (default)
2019-11-12 23:20:10,190 [pool-162-thread-1] INFO  impl.RaftServerImpl (RaftServerImpl.java:<init>(98)) - 0abad138-b24b-47c7-afcb-ebb08d39de0a: new RaftServerImpl for group-D099D4B3691C:[80837678-b947-4bce-b966-fc20c0dfbdbf:192.168.164.209:33427, 0abad138-b24b-47c7-afcb-ebb08d39de0a:192.168.164.209:35002, b7cd9551-1bd0-408f-a1aa-df7bdc8ebd77:192.168.164.209:36523] with ContainerStateMachine:uninitialized
2019-11-12 23:20:10,190 [pool-172-thread-1] INFO  server.RaftServerConfigKeys (ConfUtils.java:logGet(43)) - raft.server.log.corruption.policy = EXCEPTION (default)
2019-11-12 23:20:10,190 [pool-152-thread-1] INFO  server.RaftServerConfigKeys (ConfUtils.java:logGet(43)) - raft.server.log.appender.install.snapshot.enabled = false (custom)
2019-11-12 23:20:10,190 [pool-162-thread-1] INFO  server.RaftServerConfigKeys (ConfUtils.java:logGet(43)) - raft.server.rpc.timeout.min = 1s (custom)
2019-11-12 23:20:10,190 [pool-172-thread-1] INFO  storage.RaftStorageDirectory (RaftStorageDirectory.java:analyzeStorage(246)) - The storage directory /workdir/hadoop-ozone/integration-test/target/test-dir/MiniOzoneClusterImpl-526fdb7e-9c97-4370-88fe-75d8a071a2f3/datanode-2/data/ratis/e9c2be82-1d2f-417e-ba4a-d099d4b3691c does not exist. Creating ...
2019-11-12 23:20:10,190 [pool-152-thread-1] INFO  impl.RaftServerImpl (ServerState.java:<init>(103)) - b7cd9551-1bd0-408f-a1aa-df7bdc8ebd77@group-D099D4B3691C: ConfigurationManager, init=-1: [80837678-b947-4bce-b966-fc20c0dfbdbf:192.168.164.209:33427, 0abad138-b24b-47c7-afcb-ebb08d39de0a:192.168.164.209:35002, b7cd9551-1bd0-408f-a1aa-df7bdc8ebd77:192.168.164.209:36523], old=null, confs=<EMPTY_MAP>
2019-11-12 23:20:10,190 [pool-162-thread-1] INFO  server.RaftServerConfigKeys (ConfUtils.java:logGet(43)) - raft.server.rpc.timeout.max = 1200ms (custom)
2019-11-12 23:20:10,191 [pool-152-thread-1] INFO  server.RaftServerConfigKeys (ConfUtils.java:logGet(43)) - raft.server.storage.dir = [/workdir/hadoop-ozone/integration-test/target/test-dir/MiniOzoneClusterImpl-526fdb7e-9c97-4370-88fe-75d8a071a2f3/datanode-0/data/ratis] (custom)
2019-11-12 23:20:10,191 [pool-162-thread-1] INFO  server.RaftServerConfigKeys (ConfUtils.java:logGet(43)) - raft.server.rpcslowness.timeout = 120s (custom)
2019-11-12 23:20:10,191 [pool-152-thread-1] INFO  server.RaftServerConfigKeys (ConfUtils.java:logGet(43)) - raft.server.log.corruption.policy = EXCEPTION (default)
2019-11-12 23:20:10,191 [pool-162-thread-1] INFO  server.RaftServerConfigKeys (ConfUtils.java:logGet(43)) - raft.server.sleep.deviation.threshold = 300 (default)
2019-11-12 23:20:10,191 [pool-152-thread-1] INFO  storage.RaftStorageDirectory (RaftStorageDirectory.java:analyzeStorage(246)) - The storage directory /workdir/hadoop-ozone/integration-test/target/test-dir/MiniOzoneClusterImpl-526fdb7e-9c97-4370-88fe-75d8a071a2f3/datanode-0/data/ratis/e9c2be82-1d2f-417e-ba4a-d099d4b3691c does not exist. Creating ...
2019-11-12 23:20:10,191 [pool-162-thread-1] INFO  server.RaftServerConfigKeys (ConfUtils.java:logGet(43)) - raft.server.log.appender.install.snapshot.enabled = false (custom)
2019-11-12 23:20:10,191 [pool-162-thread-1] INFO  impl.RaftServerImpl (ServerState.java:<init>(103)) - 0abad138-b24b-47c7-afcb-ebb08d39de0a@group-D099D4B3691C: ConfigurationManager, init=-1: [80837678-b947-4bce-b966-fc20c0dfbdbf:192.168.164.209:33427, 0abad138-b24b-47c7-afcb-ebb08d39de0a:192.168.164.209:35002, b7cd9551-1bd0-408f-a1aa-df7bdc8ebd77:192.168.164.209:36523], old=null, confs=<EMPTY_MAP>
2019-11-12 23:20:10,192 [pool-162-thread-1] INFO  server.RaftServerConfigKeys (ConfUtils.java:logGet(43)) - raft.server.storage.dir = [/workdir/hadoop-ozone/integration-test/target/test-dir/MiniOzoneClusterImpl-526fdb7e-9c97-4370-88fe-75d8a071a2f3/datanode-1/data/ratis] (custom)
2019-11-12 23:20:10,192 [pool-162-thread-1] INFO  server.RaftServerConfigKeys (ConfUtils.java:logGet(43)) - raft.server.log.corruption.policy = EXCEPTION (default)
2019-11-12 23:20:10,192 [pool-162-thread-1] INFO  storage.RaftStorageDirectory (RaftStorageDirectory.java:analyzeStorage(246)) - The storage directory /workdir/hadoop-ozone/integration-test/target/test-dir/MiniOzoneClusterImpl-526fdb7e-9c97-4370-88fe-75d8a071a2f3/datanode-1/data/ratis/e9c2be82-1d2f-417e-ba4a-d099d4b3691c does not exist. Creating ...
2019-11-12 23:20:10,205 [pool-152-thread-1] INFO  storage.RaftStorageDirectory (RaftStorageDirectory.java:tryLock(328)) - Lock on /workdir/hadoop-ozone/integration-test/target/test-dir/MiniOzoneClusterImpl-526fdb7e-9c97-4370-88fe-75d8a071a2f3/datanode-0/data/ratis/e9c2be82-1d2f-417e-ba4a-d099d4b3691c/in_use.lock acquired by nodename 11303@pr-hdds-2464-qsgcv-431919947
2019-11-12 23:20:10,205 [pool-172-thread-1] INFO  storage.RaftStorageDirectory (RaftStorageDirectory.java:tryLock(328)) - Lock on /workdir/hadoop-ozone/integration-test/target/test-dir/MiniOzoneClusterImpl-526fdb7e-9c97-4370-88fe-75d8a071a2f3/datanode-2/data/ratis/e9c2be82-1d2f-417e-ba4a-d099d4b3691c/in_use.lock acquired by nodename 11303@pr-hdds-2464-qsgcv-431919947
2019-11-12 23:20:10,205 [pool-162-thread-1] INFO  storage.RaftStorageDirectory (RaftStorageDirectory.java:tryLock(328)) - Lock on /workdir/hadoop-ozone/integration-test/target/test-dir/MiniOzoneClusterImpl-526fdb7e-9c97-4370-88fe-75d8a071a2f3/datanode-1/data/ratis/e9c2be82-1d2f-417e-ba4a-d099d4b3691c/in_use.lock acquired by nodename 11303@pr-hdds-2464-qsgcv-431919947
2019-11-12 23:20:10,218 [pool-152-thread-1] INFO  storage.RaftStorage (RaftStorage.java:format(84)) - Storage directory /workdir/hadoop-ozone/integration-test/target/test-dir/MiniOzoneClusterImpl-526fdb7e-9c97-4370-88fe-75d8a071a2f3/datanode-0/data/ratis/e9c2be82-1d2f-417e-ba4a-d099d4b3691c has been successfully formatted.
2019-11-12 23:20:10,218 [pool-162-thread-1] INFO  storage.RaftStorage (RaftStorage.java:format(84)) - Storage directory /workdir/hadoop-ozone/integration-test/target/test-dir/MiniOzoneClusterImpl-526fdb7e-9c97-4370-88fe-75d8a071a2f3/datanode-1/data/ratis/e9c2be82-1d2f-417e-ba4a-d099d4b3691c has been successfully formatted.
2019-11-12 23:20:10,218 [pool-172-thread-1] INFO  storage.RaftStorage (RaftStorage.java:format(84)) - Storage directory /workdir/hadoop-ozone/integration-test/target/test-dir/MiniOzoneClusterImpl-526fdb7e-9c97-4370-88fe-75d8a071a2f3/datanode-2/data/ratis/e9c2be82-1d2f-417e-ba4a-d099d4b3691c has been successfully formatted.
2019-11-12 23:20:10,219 [pool-162-thread-1] INFO  ratis.ContainerStateMachine (ContainerStateMachine.java:loadSnapshot(223)) - group-D099D4B3691C: The snapshot info is null. Setting the last applied indexto:(t:0, i:~)
2019-11-12 23:20:10,219 [pool-172-thread-1] INFO  ratis.ContainerStateMachine (ContainerStateMachine.java:loadSnapshot(223)) - group-D099D4B3691C: The snapshot info is null. Setting the last applied indexto:(t:0, i:~)
2019-11-12 23:20:10,219 [pool-152-thread-1] INFO  ratis.ContainerStateMachine (ContainerStateMachine.java:loadSnapshot(223)) - group-D099D4B3691C: The snapshot info is null. Setting the last applied indexto:(t:0, i:~)
2019-11-12 23:20:10,219 [pool-172-thread-1] INFO  server.RaftServerConfigKeys (ConfUtils.java:logGet(43)) - raft.server.notification.no-leader.timeout = 120s (custom)
2019-11-12 23:20:10,219 [pool-162-thread-1] INFO  server.RaftServerConfigKeys (ConfUtils.java:logGet(43)) - raft.server.notification.no-leader.timeout = 120s (custom)
2019-11-12 23:20:10,219 [pool-172-thread-1] INFO  server.RaftServerConfigKeys (ConfUtils.java:logGet(43)) - raft.server.log.use.memory = false (default)
2019-11-12 23:20:10,219 [pool-152-thread-1] INFO  server.RaftServerConfigKeys (ConfUtils.java:logGet(43)) - raft.server.notification.no-leader.timeout = 120s (custom)
2019-11-12 23:20:10,220 [pool-172-thread-1] INFO  server.RaftServerConfigKeys (ConfUtils.java:logGet(43)) - raft.server.log.purge.gap = 1000000 (custom)
2019-11-12 23:20:10,220 [pool-162-thread-1] INFO  server.RaftServerConfigKeys (ConfUtils.java:logGet(43)) - raft.server.log.use.memory = false (default)
2019-11-12 23:20:10,220 [pool-172-thread-1] INFO  server.RaftServerConfigKeys (ConfUtils.java:logGet(43)) - raft.server.log.appender.buffer.byte-limit = 33554432 (custom)
2019-11-12 23:20:10,220 [pool-152-thread-1] INFO  server.RaftServerConfigKeys (ConfUtils.java:logGet(43)) - raft.server.log.use.memory = false (default)
2019-11-12 23:20:10,220 [pool-172-thread-1] INFO  server.RaftServerConfigKeys (ConfUtils.java:logGet(43)) - raft.server.log.segment.size.max = 1048576 (custom)
2019-11-12 23:20:10,220 [pool-162-thread-1] INFO  server.RaftServerConfigKeys (ConfUtils.java:logGet(43)) - raft.server.log.purge.gap = 1000000 (custom)
2019-11-12 23:20:10,220 [pool-172-thread-1] INFO  server.RaftServerConfigKeys (ConfUtils.java:logGet(43)) - raft.server.log.segment.cache.num.max = 2 (custom)
2019-11-12 23:20:10,220 [pool-152-thread-1] INFO  server.RaftServerConfigKeys (ConfUtils.java:logGet(43)) - raft.server.log.purge.gap = 1000000 (custom)
2019-11-12 23:20:10,221 [pool-172-thread-1] INFO  segmented.SegmentedRaftLogWorker (SegmentedRaftLogWorker.java:<init>(173)) - new 80837678-b947-4bce-b966-fc20c0dfbdbf@group-D099D4B3691C-SegmentedRaftLogWorker for RaftStorage:Storage Directory /workdir/hadoop-ozone/integration-test/target/test-dir/MiniOzoneClusterImpl-526fdb7e-9c97-4370-88fe-75d8a071a2f3/datanode-2/data/ratis/e9c2be82-1d2f-417e-ba4a-d099d4b3691c
2019-11-12 23:20:10,221 [pool-162-thread-1] INFO  server.RaftServerConfigKeys (ConfUtils.java:logGet(43)) - raft.server.log.appender.buffer.byte-limit = 33554432 (custom)
2019-11-12 23:20:10,221 [pool-172-thread-1] INFO  server.RaftServerConfigKeys (ConfUtils.java:logGet(43)) - raft.server.log.queue.byte-limit = 2147483647 (custom)
2019-11-12 23:20:10,221 [pool-152-thread-1] INFO  server.RaftServerConfigKeys (ConfUtils.java:logGet(43)) - raft.server.log.appender.buffer.byte-limit = 33554432 (custom)
2019-11-12 23:20:10,221 [pool-172-thread-1] INFO  server.RaftServerConfigKeys (ConfUtils.java:logGet(43)) - raft.server.log.queue.element-limit = 1024 (custom)
2019-11-12 23:20:10,221 [pool-162-thread-1] INFO  server.RaftServerConfigKeys (ConfUtils.java:logGet(43)) - raft.server.log.segment.size.max = 1048576 (custom)
2019-11-12 23:20:10,221 [pool-172-thread-1] INFO  server.RaftServerConfigKeys (ConfUtils.java:logGet(43)) - raft.server.log.segment.size.max = 1048576 (custom)
2019-11-12 23:20:10,221 [pool-152-thread-1] INFO  server.RaftServerConfigKeys (ConfUtils.java:logGet(43)) - raft.server.log.segment.size.max = 1048576 (custom)
2019-11-12 23:20:10,222 [pool-172-thread-1] INFO  server.RaftServerConfigKeys (ConfUtils.java:logGet(43)) - raft.server.log.preallocated.size = 16384 (custom)
2019-11-12 23:20:10,222 [pool-162-thread-1] INFO  server.RaftServerConfigKeys (ConfUtils.java:logGet(43)) - raft.server.log.segment.cache.num.max = 2 (custom)
2019-11-12 23:20:10,222 [pool-172-thread-1] INFO  server.RaftServerConfigKeys (ConfUtils.java:logGet(43)) - raft.server.log.write.buffer.size = 33554432 (custom)
2019-11-12 23:20:10,222 [pool-152-thread-1] INFO  server.RaftServerConfigKeys (ConfUtils.java:logGet(43)) - raft.server.log.segment.cache.num.max = 2 (custom)
2019-11-12 23:20:10,222 [pool-172-thread-1] INFO  server.RaftServerConfigKeys (ConfUtils.java:logGet(43)) - raft.server.log.force.sync.num = 128 (default)
2019-11-12 23:20:10,222 [pool-162-thread-1] INFO  segmented.SegmentedRaftLogWorker (SegmentedRaftLogWorker.java:<init>(173)) - new 0abad138-b24b-47c7-afcb-ebb08d39de0a@group-D099D4B3691C-SegmentedRaftLogWorker for RaftStorage:Storage Directory /workdir/hadoop-ozone/integration-test/target/test-dir/MiniOzoneClusterImpl-526fdb7e-9c97-4370-88fe-75d8a071a2f3/datanode-1/data/ratis/e9c2be82-1d2f-417e-ba4a-d099d4b3691c
2019-11-12 23:20:10,222 [pool-172-thread-1] INFO  server.RaftServerConfigKeys (ConfUtils.java:logGet(43)) - raft.server.log.statemachine.data.sync = true (default)
2019-11-12 23:20:10,222 [pool-152-thread-1] INFO  segmented.SegmentedRaftLogWorker (SegmentedRaftLogWorker.java:<init>(173)) - new b7cd9551-1bd0-408f-a1aa-df7bdc8ebd77@group-D099D4B3691C-SegmentedRaftLogWorker for RaftStorage:Storage Directory /workdir/hadoop-ozone/integration-test/target/test-dir/MiniOzoneClusterImpl-526fdb7e-9c97-4370-88fe-75d8a071a2f3/datanode-0/data/ratis/e9c2be82-1d2f-417e-ba4a-d099d4b3691c
2019-11-12 23:20:10,223 [pool-172-thread-1] INFO  server.RaftServerConfigKeys (ConfUtils.java:logGet(43)) - raft.server.log.statemachine.data.sync.timeout = 10s (default)
2019-11-12 23:20:10,223 [pool-162-thread-1] INFO  server.RaftServerConfigKeys (ConfUtils.java:logGet(43)) - raft.server.log.queue.byte-limit = 2147483647 (custom)
2019-11-12 23:20:10,223 [pool-172-thread-1] INFO  server.RaftServerConfigKeys (ConfUtils.java:logGet(43)) - raft.server.log.statemachine.data.sync.timeout.retry = -1 (default)
2019-11-12 23:20:10,223 [pool-152-thread-1] INFO  server.RaftServerConfigKeys (ConfUtils.java:logGet(43)) - raft.server.log.queue.byte-limit = 2147483647 (custom)
2019-11-12 23:20:10,223 [pool-162-thread-1] INFO  server.RaftServerConfigKeys (ConfUtils.java:logGet(43)) - raft.server.log.queue.element-limit = 1024 (custom)
2019-11-12 23:20:10,223 [pool-172-thread-1] INFO  server.RaftServerConfigKeys (ConfUtils.java:logGet(43)) - raft.server.log.statemachine.data.caching.enabled = true (custom)
2019-11-12 23:20:10,223 [pool-152-thread-1] INFO  server.RaftServerConfigKeys (ConfUtils.java:logGet(43)) - raft.server.log.queue.element-limit = 1024 (custom)
2019-11-12 23:20:10,223 [pool-162-thread-1] INFO  server.RaftServerConfigKeys (ConfUtils.java:logGet(43)) - raft.server.log.segment.size.max = 1048576 (custom)
2019-11-12 23:20:10,224 [pool-172-thread-1] INFO  segmented.SegmentedRaftLogWorker (SegmentedRaftLogWorker.java:lambda$new$0(128)) - 80837678-b947-4bce-b966-fc20c0dfbdbf@group-D099D4B3691C-SegmentedRaftLogWorker: flushIndex: setUnconditionally 0 -> -1
2019-11-12 23:20:10,224 [pool-152-thread-1] INFO  server.RaftServerConfigKeys (ConfUtils.java:logGet(43)) - raft.server.log.segment.size.max = 1048576 (custom)
2019-11-12 23:20:10,224 [pool-162-thread-1] INFO  server.RaftServerConfigKeys (ConfUtils.java:logGet(43)) - raft.server.log.preallocated.size = 16384 (custom)
2019-11-12 23:20:10,224 [pool-172-thread-1] INFO  server.RaftServerConfigKeys (ConfUtils.java:logGet(43)) - raft.server.snapshot.auto.trigger.enabled = true (custom)
2019-11-12 23:20:10,224 [pool-152-thread-1] INFO  server.RaftServerConfigKeys (ConfUtils.java:logGet(43)) - raft.server.log.preallocated.size = 16384 (custom)
2019-11-12 23:20:10,224 [pool-172-thread-1] INFO  server.RaftServerConfigKeys (ConfUtils.java:logGet(43)) - raft.server.snapshot.auto.trigger.threshold = 10000 (custom)
2019-11-12 23:20:10,224 [pool-162-thread-1] INFO  server.RaftServerConfigKeys (ConfUtils.java:logGet(43)) - raft.server.log.write.buffer.size = 33554432 (custom)
2019-11-12 23:20:10,225 [pool-172-thread-1] INFO  server.RaftServerConfigKeys (ConfUtils.java:logGet(43)) - raft.server.snapshot.retention.file.num = 5 (custom)
2019-11-12 23:20:10,224 [pool-152-thread-1] INFO  server.RaftServerConfigKeys (ConfUtils.java:logGet(43)) - raft.server.log.write.buffer.size = 33554432 (custom)
2019-11-12 23:20:10,225 [pool-172-thread-1] INFO  server.RaftServerConfigKeys (ConfUtils.java:logGet(43)) - raft.server.retrycache.expirytime = 600000ms (custom)
2019-11-12 23:20:10,225 [pool-162-thread-1] INFO  server.RaftServerConfigKeys (ConfUtils.java:logGet(43)) - raft.server.log.force.sync.num = 128 (default)
2019-11-12 23:20:10,225 [pool-172-thread-1] WARN  impl.MetricRegistriesImpl (MetricRegistriesImpl.java:lambda$create$1(61)) - First MetricRegistry has been created without registering reporters. You may need to call MetricRegistries.global().addReportRegistration(...) before.
2019-11-12 23:20:10,225 [pool-152-thread-1] INFO  server.RaftServerConfigKeys (ConfUtils.java:logGet(43)) - raft.server.log.force.sync.num = 128 (default)
2019-11-12 23:20:10,225 [pool-172-thread-1] WARN  impl.MetricRegistriesImpl (MetricRegistriesImpl.java:lambda$create$1(61)) - First MetricRegistry has been created without registering reporters. You may need to call MetricRegistries.global().addReportRegistration(...) before.
2019-11-12 23:20:10,225 [pool-162-thread-1] INFO  server.RaftServerConfigKeys (ConfUtils.java:logGet(43)) - raft.server.log.statemachine.data.sync = true (default)
2019-11-12 23:20:10,226 [pool-172-thread-1] INFO  impl.RaftServerImpl (RaftServerImpl.java:start(184)) - 80837678-b947-4bce-b966-fc20c0dfbdbf@group-D099D4B3691C: start as a follower, conf=-1: [80837678-b947-4bce-b966-fc20c0dfbdbf:192.168.164.209:33427, 0abad138-b24b-47c7-afcb-ebb08d39de0a:192.168.164.209:35002, b7cd9551-1bd0-408f-a1aa-df7bdc8ebd77:192.168.164.209:36523], old=null
2019-11-12 23:20:10,225 [pool-152-thread-1] INFO  server.RaftServerConfigKeys (ConfUtils.java:logGet(43)) - raft.server.log.statemachine.data.sync = true (default)
2019-11-12 23:20:10,226 [pool-172-thread-1] INFO  impl.RaftServerImpl (RaftServerImpl.java:setRole(173)) - 80837678-b947-4bce-b966-fc20c0dfbdbf@group-D099D4B3691C: changes role from      null to FOLLOWER at term 0 for startAsFollower
2019-11-12 23:20:10,226 [pool-162-thread-1] INFO  server.RaftServerConfigKeys (ConfUtils.java:logGet(43)) - raft.server.log.statemachine.data.sync.timeout = 10s (default)
2019-11-12 23:20:10,226 [pool-172-thread-1] INFO  impl.RoleInfo (RoleInfo.java:updateAndGet(143)) - 80837678-b947-4bce-b966-fc20c0dfbdbf: start FollowerState
2019-11-12 23:20:10,226 [pool-152-thread-1] INFO  server.RaftServerConfigKeys (ConfUtils.java:logGet(43)) - raft.server.log.statemachine.data.sync.timeout = 10s (default)
2019-11-12 23:20:10,226 [pool-162-thread-1] INFO  server.RaftServerConfigKeys (ConfUtils.java:logGet(43)) - raft.server.log.statemachine.data.sync.timeout.retry = -1 (default)
2019-11-12 23:20:10,227 [pool-152-thread-1] INFO  server.RaftServerConfigKeys (ConfUtils.java:logGet(43)) - raft.server.log.statemachine.data.sync.timeout.retry = -1 (default)
2019-11-12 23:20:10,227 [pool-162-thread-1] INFO  server.RaftServerConfigKeys (ConfUtils.java:logGet(43)) - raft.server.log.statemachine.data.caching.enabled = true (custom)
2019-11-12 23:20:10,227 [pool-152-thread-1] INFO  server.RaftServerConfigKeys (ConfUtils.java:logGet(43)) - raft.server.log.statemachine.data.caching.enabled = true (custom)
2019-11-12 23:20:10,227 [pool-172-thread-1] INFO  util.JmxRegister (JmxRegister.java:tryRegister(44)) - Successfully registered JMX Bean with object name Ratis:service=RaftServer,group=group-D099D4B3691C,id=80837678-b947-4bce-b966-fc20c0dfbdbf
2019-11-12 23:20:10,227 [pool-152-thread-1] INFO  segmented.SegmentedRaftLogWorker (SegmentedRaftLogWorker.java:lambda$new$0(128)) - b7cd9551-1bd0-408f-a1aa-df7bdc8ebd77@group-D099D4B3691C-SegmentedRaftLogWorker: flushIndex: setUnconditionally 0 -> -1
2019-11-12 23:20:10,227 [pool-172-thread-1] WARN  impl.MetricRegistriesImpl (MetricRegistriesImpl.java:lambda$create$1(61)) - First MetricRegistry has been created without registering reporters. You may need to call MetricRegistries.global().addReportRegistration(...) before.
2019-11-12 23:20:10,227 [pool-162-thread-1] INFO  segmented.SegmentedRaftLogWorker (SegmentedRaftLogWorker.java:lambda$new$0(128)) - 0abad138-b24b-47c7-afcb-ebb08d39de0a@group-D099D4B3691C-SegmentedRaftLogWorker: flushIndex: setUnconditionally 0 -> -1
2019-11-12 23:20:10,227 [pool-152-thread-1] INFO  server.RaftServerConfigKeys (ConfUtils.java:logGet(43)) - raft.server.snapshot.auto.trigger.enabled = true (custom)
2019-11-12 23:20:10,228 [pool-152-thread-1] INFO  server.RaftServerConfigKeys (ConfUtils.java:logGet(43)) - raft.server.snapshot.auto.trigger.threshold = 10000 (custom)
2019-11-12 23:20:10,228 [pool-162-thread-1] INFO  server.RaftServerConfigKeys (ConfUtils.java:logGet(43)) - raft.server.snapshot.auto.trigger.enabled = true (custom)
2019-11-12 23:20:10,228 [pool-152-thread-1] INFO  server.RaftServerConfigKeys (ConfUtils.java:logGet(43)) - raft.server.snapshot.retention.file.num = 5 (custom)
2019-11-12 23:20:10,228 [pool-162-thread-1] INFO  server.RaftServerConfigKeys (ConfUtils.java:logGet(43)) - raft.server.snapshot.auto.trigger.threshold = 10000 (custom)
2019-11-12 23:20:10,228 [pool-152-thread-1] INFO  server.RaftServerConfigKeys (ConfUtils.java:logGet(43)) - raft.server.retrycache.expirytime = 600000ms (custom)
2019-11-12 23:20:10,228 [pool-162-thread-1] INFO  server.RaftServerConfigKeys (ConfUtils.java:logGet(43)) - raft.server.snapshot.retention.file.num = 5 (custom)
2019-11-12 23:20:10,228 [pool-152-thread-1] WARN  impl.MetricRegistriesImpl (MetricRegistriesImpl.java:lambda$create$1(61)) - First MetricRegistry has been created without registering reporters. You may need to call MetricRegistries.global().addReportRegistration(...) before.
2019-11-12 23:20:10,228 [pool-162-thread-1] INFO  server.RaftServerConfigKeys (ConfUtils.java:logGet(43)) - raft.server.retrycache.expirytime = 600000ms (custom)
2019-11-12 23:20:10,229 [pool-152-thread-1] WARN  impl.MetricRegistriesImpl (MetricRegistriesImpl.java:lambda$create$1(61)) - First MetricRegistry has been created without registering reporters. You may need to call MetricRegistries.global().addReportRegistration(...) before.
2019-11-12 23:20:10,229 [pool-162-thread-1] WARN  impl.MetricRegistriesImpl (MetricRegistriesImpl.java:lambda$create$1(61)) - First MetricRegistry has been created without registering reporters. You may need to call MetricRegistries.global().addReportRegistration(...) before.
2019-11-12 23:20:10,229 [pool-152-thread-1] INFO  impl.RaftServerImpl (RaftServerImpl.java:start(184)) - b7cd9551-1bd0-408f-a1aa-df7bdc8ebd77@group-D099D4B3691C: start as a follower, conf=-1: [80837678-b947-4bce-b966-fc20c0dfbdbf:192.168.164.209:33427, 0abad138-b24b-47c7-afcb-ebb08d39de0a:192.168.164.209:35002, b7cd9551-1bd0-408f-a1aa-df7bdc8ebd77:192.168.164.209:36523], old=null
2019-11-12 23:20:10,229 [pool-162-thread-1] WARN  impl.MetricRegistriesImpl (MetricRegistriesImpl.java:lambda$create$1(61)) - First MetricRegistry has been created without registering reporters. You may need to call MetricRegistries.global().addReportRegistration(...) before.
2019-11-12 23:20:10,229 [pool-152-thread-1] INFO  impl.RaftServerImpl (RaftServerImpl.java:setRole(173)) - b7cd9551-1bd0-408f-a1aa-df7bdc8ebd77@group-D099D4B3691C: changes role from      null to FOLLOWER at term 0 for startAsFollower
2019-11-12 23:20:10,229 [pool-162-thread-1] INFO  impl.RaftServerImpl (RaftServerImpl.java:start(184)) - 0abad138-b24b-47c7-afcb-ebb08d39de0a@group-D099D4B3691C: start as a follower, conf=-1: [80837678-b947-4bce-b966-fc20c0dfbdbf:192.168.164.209:33427, 0abad138-b24b-47c7-afcb-ebb08d39de0a:192.168.164.209:35002, b7cd9551-1bd0-408f-a1aa-df7bdc8ebd77:192.168.164.209:36523], old=null
2019-11-12 23:20:10,229 [pool-152-thread-1] INFO  impl.RoleInfo (RoleInfo.java:updateAndGet(143)) - b7cd9551-1bd0-408f-a1aa-df7bdc8ebd77: start FollowerState
2019-11-12 23:20:10,229 [pool-162-thread-1] INFO  impl.RaftServerImpl (RaftServerImpl.java:setRole(173)) - 0abad138-b24b-47c7-afcb-ebb08d39de0a@group-D099D4B3691C: changes role from      null to FOLLOWER at term 0 for startAsFollower
2019-11-12 23:20:10,230 [pool-162-thread-1] INFO  impl.RoleInfo (RoleInfo.java:updateAndGet(143)) - 0abad138-b24b-47c7-afcb-ebb08d39de0a: start FollowerState
2019-11-12 23:20:10,230 [pool-152-thread-1] INFO  util.JmxRegister (JmxRegister.java:tryRegister(44)) - Successfully registered JMX Bean with object name Ratis:service=RaftServer,group=group-D099D4B3691C,id=b7cd9551-1bd0-408f-a1aa-df7bdc8ebd77
2019-11-12 23:20:10,230 [pool-152-thread-1] WARN  impl.MetricRegistriesImpl (MetricRegistriesImpl.java:lambda$create$1(61)) - First MetricRegistry has been created without registering reporters. You may need to call MetricRegistries.global().addReportRegistration(...) before.
2019-11-12 23:20:10,230 [pool-162-thread-1] INFO  util.JmxRegister (JmxRegister.java:tryRegister(44)) - Successfully registered JMX Bean with object name Ratis:service=RaftServer,group=group-D099D4B3691C,id=0abad138-b24b-47c7-afcb-ebb08d39de0a
2019-11-12 23:20:10,230 [pool-162-thread-1] WARN  impl.MetricRegistriesImpl (MetricRegistriesImpl.java:lambda$create$1(61)) - First MetricRegistry has been created without registering reporters. You may need to call MetricRegistries.global().addReportRegistration(...) before.
2019-11-12 23:20:10,233 [RatisPipelineUtilsThread] INFO  pipeline.PipelineStateManager (PipelineStateManager.java:addPipeline(55)) - Created pipeline Pipeline[ Id: e9c2be82-1d2f-417e-ba4a-d099d4b3691c, Nodes: 80837678-b947-4bce-b966-fc20c0dfbdbf{ip: 192.168.164.209, host: pr-hdds-2464-qsgcv-431919947, networkLocation: /default-rack, certSerialId: null}0abad138-b24b-47c7-afcb-ebb08d39de0a{ip: 192.168.164.209, host: pr-hdds-2464-qsgcv-431919947, networkLocation: /default-rack, certSerialId: null}b7cd9551-1bd0-408f-a1aa-df7bdc8ebd77{ip: 192.168.164.209, host: pr-hdds-2464-qsgcv-431919947, networkLocation: /default-rack, certSerialId: null}, Type:RATIS, Factor:THREE, State:ALLOCATED]
2019-11-12 23:20:10,233 [Thread-1233] INFO  pipeline.PipelineStateManager (PipelineStateManager.java:finalizePipeline(121)) - Pipeline Pipeline[ Id: 7e017edc-726a-4fde-b5be-e65a06d2da73, Nodes: 88c939f2-d53e-4de2-8f3f-abd9df815d54{ip: 192.168.164.209, host: pr-hdds-2464-qsgcv-431919947, networkLocation: /default-rack, certSerialId: null}, Type:RATIS, Factor:ONE, State:CLOSED] moved to CLOSED state
2019-11-12 23:20:10,237 [grpc-default-executor-0] INFO  impl.RaftServerProxy (RaftServerProxy.java:remove(95)) - 88c939f2-d53e-4de2-8f3f-abd9df815d54: remove    LEADER 88c939f2-d53e-4de2-8f3f-abd9df815d54@group-E65A06D2DA73:t1, leader=88c939f2-d53e-4de2-8f3f-abd9df815d54, voted=88c939f2-d53e-4de2-8f3f-abd9df815d54, raftlog=88c939f2-d53e-4de2-8f3f-abd9df815d54@group-E65A06D2DA73-SegmentedRaftLog:OPENED:c0,f0,i0, conf=0: [88c939f2-d53e-4de2-8f3f-abd9df815d54:192.168.164.209:45039], old=null RUNNING
2019-11-12 23:20:10,239 [grpc-default-executor-0] INFO  impl.RaftServerImpl (RaftServerImpl.java:lambda$shutdown$3(250)) - 88c939f2-d53e-4de2-8f3f-abd9df815d54@group-E65A06D2DA73: shutdown
2019-11-12 23:20:10,239 [grpc-default-executor-0] INFO  util.JmxRegister (JmxRegister.java:unregister(73)) - Successfully un-registered JMX Bean with object name Ratis:service=RaftServer,group=group-E65A06D2DA73,id=88c939f2-d53e-4de2-8f3f-abd9df815d54
2019-11-12 23:20:10,239 [grpc-default-executor-0] INFO  impl.RoleInfo (RoleInfo.java:shutdownLeaderState(104)) - 88c939f2-d53e-4de2-8f3f-abd9df815d54: shutdown LeaderState
2019-11-12 23:20:10,240 [grpc-default-executor-0] INFO  impl.PendingRequests (PendingRequests.java:sendNotLeaderResponses(206)) - 88c939f2-d53e-4de2-8f3f-abd9df815d54@group-E65A06D2DA73-PendingRequests: sendNotLeaderResponses
2019-11-12 23:20:10,240 [grpc-default-executor-0] INFO  impl.StateMachineUpdater (StateMachineUpdater.java:stopAndJoin(136)) - 88c939f2-d53e-4de2-8f3f-abd9df815d54@group-E65A06D2DA73-StateMachineUpdater: set stopIndex = 0
2019-11-12 23:20:10,240 [grpc-default-executor-0] INFO  impl.RaftServerImpl (ServerState.java:close(387)) - 88c939f2-d53e-4de2-8f3f-abd9df815d54@group-E65A06D2DA73: closes. applyIndex: 0
2019-11-12 23:20:10,240 [88c939f2-d53e-4de2-8f3f-abd9df815d54@group-E65A06D2DA73-SegmentedRaftLogWorker] INFO  segmented.SegmentedRaftLogWorker (SegmentedRaftLogWorker.java:run(316)) - 88c939f2-d53e-4de2-8f3f-abd9df815d54@group-E65A06D2DA73-SegmentedRaftLogWorker was interrupted, exiting. There are 0 tasks remaining in the queue.
2019-11-12 23:20:10,241 [grpc-default-executor-0] INFO  segmented.SegmentedRaftLogWorker (SegmentedRaftLogWorker.java:close(224)) - 88c939f2-d53e-4de2-8f3f-abd9df815d54@group-E65A06D2DA73-SegmentedRaftLogWorker close()
2019-11-12 23:20:10,245 [Thread-1233] INFO  pipeline.PipelineStateManager (PipelineStateManager.java:removePipeline(106)) - Pipeline Pipeline[ Id: 7e017edc-726a-4fde-b5be-e65a06d2da73, Nodes: 88c939f2-d53e-4de2-8f3f-abd9df815d54{ip: 192.168.164.209, host: pr-hdds-2464-qsgcv-431919947, networkLocation: /default-rack, certSerialId: null}, Type:RATIS, Factor:ONE, State:CLOSED] removed from db
2019-11-12 23:20:10,245 [Thread-1233] INFO  pipeline.SCMPipelineManager (SCMPipelineManager.java:finalizeAndDestroyPipeline(315)) - destroying pipeline:Pipeline[ Id: 4c31747c-5a88-4062-81e1-74e9f36f990d, Nodes: 0abad138-b24b-47c7-afcb-ebb08d39de0a{ip: 192.168.164.209, host: pr-hdds-2464-qsgcv-431919947, networkLocation: /default-rack, certSerialId: null}, Type:RATIS, Factor:ONE, State:OPEN]
2019-11-12 23:20:10,248 [grpc-default-executor-0] INFO  impl.RaftServerProxy (RaftServerProxy.java:addNew(89)) - 88c939f2-d53e-4de2-8f3f-abd9df815d54: addNew group-6C2889859DAA:[88c939f2-d53e-4de2-8f3f-abd9df815d54:192.168.164.209:45039] returns group-6C2889859DAA:java.util.concurrent.CompletableFuture@2c49b6b1[Not completed]
2019-11-12 23:20:10,249 [pool-202-thread-1] INFO  impl.RaftServerImpl (RaftServerImpl.java:<init>(98)) - 88c939f2-d53e-4de2-8f3f-abd9df815d54: new RaftServerImpl for group-6C2889859DAA:[88c939f2-d53e-4de2-8f3f-abd9df815d54:192.168.164.209:45039] with ContainerStateMachine:uninitialized
2019-11-12 23:20:10,250 [pool-202-thread-1] INFO  server.RaftServerConfigKeys (ConfUtils.java:logGet(43)) - raft.server.rpc.timeout.min = 1s (custom)
2019-11-12 23:20:10,250 [pool-202-thread-1] INFO  server.RaftServerConfigKeys (ConfUtils.java:logGet(43)) - raft.server.rpc.timeout.max = 1200ms (custom)
2019-11-12 23:20:10,250 [pool-202-thread-1] INFO  server.RaftServerConfigKeys (ConfUtils.java:logGet(43)) - raft.server.rpcslowness.timeout = 120s (custom)
2019-11-12 23:20:10,250 [pool-202-thread-1] INFO  server.RaftServerConfigKeys (ConfUtils.java:logGet(43)) - raft.server.sleep.deviation.threshold = 300 (default)
2019-11-12 23:20:10,250 [pool-202-thread-1] INFO  server.RaftServerConfigKeys (ConfUtils.java:logGet(43)) - raft.server.log.appender.install.snapshot.enabled = false (custom)
2019-11-12 23:20:10,250 [pool-202-thread-1] INFO  impl.RaftServerImpl (ServerState.java:<init>(103)) - 88c939f2-d53e-4de2-8f3f-abd9df815d54@group-6C2889859DAA: ConfigurationManager, init=-1: [88c939f2-d53e-4de2-8f3f-abd9df815d54:192.168.164.209:45039], old=null, confs=<EMPTY_MAP>
2019-11-12 23:20:10,250 [pool-202-thread-1] INFO  server.RaftServerConfigKeys (ConfUtils.java:logGet(43)) - raft.server.storage.dir = [/workdir/hadoop-ozone/integration-test/target/test-dir/MiniOzoneClusterImpl-526fdb7e-9c97-4370-88fe-75d8a071a2f3/datanode-5/data/ratis] (custom)
2019-11-12 23:20:10,250 [pool-202-thread-1] INFO  server.RaftServerConfigKeys (ConfUtils.java:logGet(43)) - raft.server.log.corruption.policy = EXCEPTION (default)
2019-11-12 23:20:10,251 [pool-202-thread-1] INFO  storage.RaftStorageDirectory (RaftStorageDirectory.java:analyzeStorage(246)) - The storage directory /workdir/hadoop-ozone/integration-test/target/test-dir/MiniOzoneClusterImpl-526fdb7e-9c97-4370-88fe-75d8a071a2f3/datanode-5/data/ratis/e9f6cbbf-a9bb-4fe5-b515-6c2889859daa does not exist. Creating ...
2019-11-12 23:20:10,263 [pool-202-thread-1] INFO  storage.RaftStorageDirectory (RaftStorageDirectory.java:tryLock(328)) - Lock on /workdir/hadoop-ozone/integration-test/target/test-dir/MiniOzoneClusterImpl-526fdb7e-9c97-4370-88fe-75d8a071a2f3/datanode-5/data/ratis/e9f6cbbf-a9bb-4fe5-b515-6c2889859daa/in_use.lock acquired by nodename 11303@pr-hdds-2464-qsgcv-431919947
2019-11-12 23:20:10,277 [pool-202-thread-1] INFO  storage.RaftStorage (RaftStorage.java:format(84)) - Storage directory /workdir/hadoop-ozone/integration-test/target/test-dir/MiniOzoneClusterImpl-526fdb7e-9c97-4370-88fe-75d8a071a2f3/datanode-5/data/ratis/e9f6cbbf-a9bb-4fe5-b515-6c2889859daa has been successfully formatted.
2019-11-12 23:20:10,277 [pool-202-thread-1] INFO  ratis.ContainerStateMachine (ContainerStateMachine.java:loadSnapshot(223)) - group-6C2889859DAA: The snapshot info is null. Setting the last applied indexto:(t:0, i:~)
2019-11-12 23:20:10,277 [pool-202-thread-1] INFO  server.RaftServerConfigKeys (ConfUtils.java:logGet(43)) - raft.server.notification.no-leader.timeout = 120s (custom)
2019-11-12 23:20:10,277 [pool-202-thread-1] INFO  server.RaftServerConfigKeys (ConfUtils.java:logGet(43)) - raft.server.log.use.memory = false (default)
2019-11-12 23:20:10,277 [pool-202-thread-1] INFO  server.RaftServerConfigKeys (ConfUtils.java:logGet(43)) - raft.server.log.purge.gap = 1000000 (custom)
2019-11-12 23:20:10,277 [pool-202-thread-1] INFO  server.RaftServerConfigKeys (ConfUtils.java:logGet(43)) - raft.server.log.appender.buffer.byte-limit = 33554432 (custom)
2019-11-12 23:20:10,277 [pool-202-thread-1] INFO  server.RaftServerConfigKeys (ConfUtils.java:logGet(43)) - raft.server.log.segment.size.max = 1048576 (custom)
2019-11-12 23:20:10,277 [pool-202-thread-1] INFO  server.RaftServerConfigKeys (ConfUtils.java:logGet(43)) - raft.server.log.segment.cache.num.max = 2 (custom)
2019-11-12 23:20:10,278 [pool-202-thread-1] INFO  segmented.SegmentedRaftLogWorker (SegmentedRaftLogWorker.java:<init>(173)) - new 88c939f2-d53e-4de2-8f3f-abd9df815d54@group-6C2889859DAA-SegmentedRaftLogWorker for RaftStorage:Storage Directory /workdir/hadoop-ozone/integration-test/target/test-dir/MiniOzoneClusterImpl-526fdb7e-9c97-4370-88fe-75d8a071a2f3/datanode-5/data/ratis/e9f6cbbf-a9bb-4fe5-b515-6c2889859daa
2019-11-12 23:20:10,278 [pool-202-thread-1] INFO  server.RaftServerConfigKeys (ConfUtils.java:logGet(43)) - raft.server.log.queue.byte-limit = 2147483647 (custom)
2019-11-12 23:20:10,278 [pool-202-thread-1] INFO  server.RaftServerConfigKeys (ConfUtils.java:logGet(43)) - raft.server.log.queue.element-limit = 1024 (custom)
2019-11-12 23:20:10,278 [pool-202-thread-1] INFO  server.RaftServerConfigKeys (ConfUtils.java:logGet(43)) - raft.server.log.segment.size.max = 1048576 (custom)
2019-11-12 23:20:10,278 [pool-202-thread-1] INFO  server.RaftServerConfigKeys (ConfUtils.java:logGet(43)) - raft.server.log.preallocated.size = 16384 (custom)
2019-11-12 23:20:10,278 [pool-202-thread-1] INFO  server.RaftServerConfigKeys (ConfUtils.java:logGet(43)) - raft.server.log.write.buffer.size = 33554432 (custom)
2019-11-12 23:20:10,278 [pool-202-thread-1] INFO  server.RaftServerConfigKeys (ConfUtils.java:logGet(43)) - raft.server.log.force.sync.num = 128 (default)
2019-11-12 23:20:10,278 [pool-202-thread-1] INFO  server.RaftServerConfigKeys (ConfUtils.java:logGet(43)) - raft.server.log.statemachine.data.sync = true (default)
2019-11-12 23:20:10,278 [pool-202-thread-1] INFO  server.RaftServerConfigKeys (ConfUtils.java:logGet(43)) - raft.server.log.statemachine.data.sync.timeout = 10s (default)
2019-11-12 23:20:10,278 [pool-202-thread-1] INFO  server.RaftServerConfigKeys (ConfUtils.java:logGet(43)) - raft.server.log.statemachine.data.sync.timeout.retry = -1 (default)
2019-11-12 23:20:10,279 [pool-202-thread-1] INFO  server.RaftServerConfigKeys (ConfUtils.java:logGet(43)) - raft.server.log.statemachine.data.caching.enabled = true (custom)
2019-11-12 23:20:10,279 [pool-202-thread-1] INFO  segmented.SegmentedRaftLogWorker (SegmentedRaftLogWorker.java:lambda$new$0(128)) - 88c939f2-d53e-4de2-8f3f-abd9df815d54@group-6C2889859DAA-SegmentedRaftLogWorker: flushIndex: setUnconditionally 0 -> -1
2019-11-12 23:20:10,279 [pool-202-thread-1] INFO  server.RaftServerConfigKeys (ConfUtils.java:logGet(43)) - raft.server.snapshot.auto.trigger.enabled = true (custom)
2019-11-12 23:20:10,279 [pool-202-thread-1] INFO  server.RaftServerConfigKeys (ConfUtils.java:logGet(43)) - raft.server.snapshot.auto.trigger.threshold = 10000 (custom)
2019-11-12 23:20:10,279 [pool-202-thread-1] INFO  server.RaftServerConfigKeys (ConfUtils.java:logGet(43)) - raft.server.snapshot.retention.file.num = 5 (custom)
2019-11-12 23:20:10,279 [pool-202-thread-1] INFO  server.RaftServerConfigKeys (ConfUtils.java:logGet(43)) - raft.server.retrycache.expirytime = 600000ms (custom)
2019-11-12 23:20:10,280 [pool-202-thread-1] WARN  impl.MetricRegistriesImpl (MetricRegistriesImpl.java:lambda$create$1(61)) - First MetricRegistry has been created without registering reporters. You may need to call MetricRegistries.global().addReportRegistration(...) before.
2019-11-12 23:20:10,280 [pool-202-thread-1] WARN  impl.MetricRegistriesImpl (MetricRegistriesImpl.java:lambda$create$1(61)) - First MetricRegistry has been created without registering reporters. You may need to call MetricRegistries.global().addReportRegistration(...) before.
2019-11-12 23:20:10,280 [pool-202-thread-1] INFO  impl.RaftServerImpl (RaftServerImpl.java:start(184)) - 88c939f2-d53e-4de2-8f3f-abd9df815d54@group-6C2889859DAA: start as a follower, conf=-1: [88c939f2-d53e-4de2-8f3f-abd9df815d54:192.168.164.209:45039], old=null
2019-11-12 23:20:10,280 [pool-202-thread-1] INFO  impl.RaftServerImpl (RaftServerImpl.java:setRole(173)) - 88c939f2-d53e-4de2-8f3f-abd9df815d54@group-6C2889859DAA: changes role from      null to FOLLOWER at term 0 for startAsFollower
2019-11-12 23:20:10,280 [pool-202-thread-1] INFO  impl.RoleInfo (RoleInfo.java:updateAndGet(143)) - 88c939f2-d53e-4de2-8f3f-abd9df815d54: start FollowerState
2019-11-12 23:20:10,280 [pool-202-thread-1] INFO  util.JmxRegister (JmxRegister.java:tryRegister(44)) - Successfully registered JMX Bean with object name Ratis:service=RaftServer,group=group-6C2889859DAA,id=88c939f2-d53e-4de2-8f3f-abd9df815d54
2019-11-12 23:20:10,281 [pool-202-thread-1] WARN  impl.MetricRegistriesImpl (MetricRegistriesImpl.java:lambda$create$1(61)) - First MetricRegistry has been created without registering reporters. You may need to call MetricRegistries.global().addReportRegistration(...) before.
2019-11-12 23:20:10,282 [RatisPipelineUtilsThread] INFO  pipeline.PipelineStateManager (PipelineStateManager.java:addPipeline(55)) - Created pipeline Pipeline[ Id: e9f6cbbf-a9bb-4fe5-b515-6c2889859daa, Nodes: 88c939f2-d53e-4de2-8f3f-abd9df815d54{ip: 192.168.164.209, host: pr-hdds-2464-qsgcv-431919947, networkLocation: /default-rack, certSerialId: null}, Type:RATIS, Factor:ONE, State:ALLOCATED]
2019-11-12 23:20:10,284 [Thread-1233] INFO  pipeline.PipelineStateManager (PipelineStateManager.java:finalizePipeline(121)) - Pipeline Pipeline[ Id: 4c31747c-5a88-4062-81e1-74e9f36f990d, Nodes: 0abad138-b24b-47c7-afcb-ebb08d39de0a{ip: 192.168.164.209, host: pr-hdds-2464-qsgcv-431919947, networkLocation: /default-rack, certSerialId: null}, Type:RATIS, Factor:ONE, State:CLOSED] moved to CLOSED state
2019-11-12 23:20:10,287 [grpc-default-executor-0] INFO  impl.RaftServerProxy (RaftServerProxy.java:remove(95)) - 0abad138-b24b-47c7-afcb-ebb08d39de0a: remove    LEADER 0abad138-b24b-47c7-afcb-ebb08d39de0a@group-74E9F36F990D:t1, leader=0abad138-b24b-47c7-afcb-ebb08d39de0a, voted=0abad138-b24b-47c7-afcb-ebb08d39de0a, raftlog=0abad138-b24b-47c7-afcb-ebb08d39de0a@group-74E9F36F990D-SegmentedRaftLog:OPENED:c0,f0,i0, conf=0: [0abad138-b24b-47c7-afcb-ebb08d39de0a:192.168.164.209:35002], old=null RUNNING
2019-11-12 23:20:10,287 [grpc-default-executor-0] INFO  impl.RaftServerImpl (RaftServerImpl.java:lambda$shutdown$3(250)) - 0abad138-b24b-47c7-afcb-ebb08d39de0a@group-74E9F36F990D: shutdown
2019-11-12 23:20:10,287 [grpc-default-executor-0] INFO  util.JmxRegister (JmxRegister.java:unregister(73)) - Successfully un-registered JMX Bean with object name Ratis:service=RaftServer,group=group-74E9F36F990D,id=0abad138-b24b-47c7-afcb-ebb08d39de0a
2019-11-12 23:20:10,287 [grpc-default-executor-0] INFO  impl.RoleInfo (RoleInfo.java:shutdownLeaderState(104)) - 0abad138-b24b-47c7-afcb-ebb08d39de0a: shutdown LeaderState
2019-11-12 23:20:10,288 [grpc-default-executor-0] INFO  impl.PendingRequests (PendingRequests.java:sendNotLeaderResponses(206)) - 0abad138-b24b-47c7-afcb-ebb08d39de0a@group-74E9F36F990D-PendingRequests: sendNotLeaderResponses
2019-11-12 23:20:10,288 [grpc-default-executor-0] INFO  impl.StateMachineUpdater (StateMachineUpdater.java:stopAndJoin(136)) - 0abad138-b24b-47c7-afcb-ebb08d39de0a@group-74E9F36F990D-StateMachineUpdater: set stopIndex = 0
2019-11-12 23:20:10,288 [grpc-default-executor-0] INFO  impl.RaftServerImpl (ServerState.java:close(387)) - 0abad138-b24b-47c7-afcb-ebb08d39de0a@group-74E9F36F990D: closes. applyIndex: 0
2019-11-12 23:20:10,288 [0abad138-b24b-47c7-afcb-ebb08d39de0a@group-74E9F36F990D-SegmentedRaftLogWorker] INFO  segmented.SegmentedRaftLogWorker (SegmentedRaftLogWorker.java:run(316)) - 0abad138-b24b-47c7-afcb-ebb08d39de0a@group-74E9F36F990D-SegmentedRaftLogWorker was interrupted, exiting. There are 0 tasks remaining in the queue.
2019-11-12 23:20:10,288 [grpc-default-executor-0] INFO  segmented.SegmentedRaftLogWorker (SegmentedRaftLogWorker.java:close(224)) - 0abad138-b24b-47c7-afcb-ebb08d39de0a@group-74E9F36F990D-SegmentedRaftLogWorker close()
2019-11-12 23:20:10,292 [Thread-1233] INFO  pipeline.PipelineStateManager (PipelineStateManager.java:removePipeline(106)) - Pipeline Pipeline[ Id: 4c31747c-5a88-4062-81e1-74e9f36f990d, Nodes: 0abad138-b24b-47c7-afcb-ebb08d39de0a{ip: 192.168.164.209, host: pr-hdds-2464-qsgcv-431919947, networkLocation: /default-rack, certSerialId: null}, Type:RATIS, Factor:ONE, State:CLOSED] removed from db
2019-11-12 23:20:10,292 [Thread-1233] INFO  pipeline.SCMPipelineManager (SCMPipelineManager.java:finalizeAndDestroyPipeline(315)) - destroying pipeline:Pipeline[ Id: ae8a16b0-4e25-402f-8f32-249b66bce2eb, Nodes: 42d95ea6-05d3-4ca4-82ca-ed08e1855e99{ip: 192.168.164.209, host: pr-hdds-2464-qsgcv-431919947, networkLocation: /default-rack, certSerialId: null}, Type:RATIS, Factor:ONE, State:OPEN]
2019-11-12 23:20:10,302 [grpc-default-executor-0] INFO  impl.RaftServerProxy (RaftServerProxy.java:addNew(89)) - 0abad138-b24b-47c7-afcb-ebb08d39de0a: addNew group-3356CC9F9ADE:[0abad138-b24b-47c7-afcb-ebb08d39de0a:192.168.164.209:35002] returns group-3356CC9F9ADE:java.util.concurrent.CompletableFuture@4d7924e0[Not completed]
2019-11-12 23:20:10,304 [pool-162-thread-1] INFO  impl.RaftServerImpl (RaftServerImpl.java:<init>(98)) - 0abad138-b24b-47c7-afcb-ebb08d39de0a: new RaftServerImpl for group-3356CC9F9ADE:[0abad138-b24b-47c7-afcb-ebb08d39de0a:192.168.164.209:35002] with ContainerStateMachine:uninitialized
2019-11-12 23:20:10,304 [pool-162-thread-1] INFO  server.RaftServerConfigKeys (ConfUtils.java:logGet(43)) - raft.server.rpc.timeout.min = 1s (custom)
2019-11-12 23:20:10,304 [pool-162-thread-1] INFO  server.RaftServerConfigKeys (ConfUtils.java:logGet(43)) - raft.server.rpc.timeout.max = 1200ms (custom)
2019-11-12 23:20:10,304 [pool-162-thread-1] INFO  server.RaftServerConfigKeys (ConfUtils.java:logGet(43)) - raft.server.rpcslowness.timeout = 120s (custom)
2019-11-12 23:20:10,304 [pool-162-thread-1] INFO  server.RaftServerConfigKeys (ConfUtils.java:logGet(43)) - raft.server.sleep.deviation.threshold = 300 (default)
2019-11-12 23:20:10,304 [pool-162-thread-1] INFO  server.RaftServerConfigKeys (ConfUtils.java:logGet(43)) - raft.server.log.appender.install.snapshot.enabled = false (custom)
2019-11-12 23:20:10,304 [pool-162-thread-1] INFO  impl.RaftServerImpl (ServerState.java:<init>(103)) - 0abad138-b24b-47c7-afcb-ebb08d39de0a@group-3356CC9F9ADE: ConfigurationManager, init=-1: [0abad138-b24b-47c7-afcb-ebb08d39de0a:192.168.164.209:35002], old=null, confs=<EMPTY_MAP>
2019-11-12 23:20:10,304 [pool-162-thread-1] INFO  server.RaftServerConfigKeys (ConfUtils.java:logGet(43)) - raft.server.storage.dir = [/workdir/hadoop-ozone/integration-test/target/test-dir/MiniOzoneClusterImpl-526fdb7e-9c97-4370-88fe-75d8a071a2f3/datanode-1/data/ratis] (custom)
2019-11-12 23:20:10,305 [pool-162-thread-1] INFO  server.RaftServerConfigKeys (ConfUtils.java:logGet(43)) - raft.server.log.corruption.policy = EXCEPTION (default)
2019-11-12 23:20:10,305 [pool-162-thread-1] INFO  storage.RaftStorageDirectory (RaftStorageDirectory.java:analyzeStorage(246)) - The storage directory /workdir/hadoop-ozone/integration-test/target/test-dir/MiniOzoneClusterImpl-526fdb7e-9c97-4370-88fe-75d8a071a2f3/datanode-1/data/ratis/09e3fb3e-650c-4dbd-9f8b-3356cc9f9ade does not exist. Creating ...
2019-11-12 23:20:10,318 [pool-162-thread-1] INFO  storage.RaftStorageDirectory (RaftStorageDirectory.java:tryLock(328)) - Lock on /workdir/hadoop-ozone/integration-test/target/test-dir/MiniOzoneClusterImpl-526fdb7e-9c97-4370-88fe-75d8a071a2f3/datanode-1/data/ratis/09e3fb3e-650c-4dbd-9f8b-3356cc9f9ade/in_use.lock acquired by nodename 11303@pr-hdds-2464-qsgcv-431919947
2019-11-12 23:20:10,331 [pool-162-thread-1] INFO  storage.RaftStorage (RaftStorage.java:format(84)) - Storage directory /workdir/hadoop-ozone/integration-test/target/test-dir/MiniOzoneClusterImpl-526fdb7e-9c97-4370-88fe-75d8a071a2f3/datanode-1/data/ratis/09e3fb3e-650c-4dbd-9f8b-3356cc9f9ade has been successfully formatted.
2019-11-12 23:20:10,332 [pool-162-thread-1] INFO  ratis.ContainerStateMachine (ContainerStateMachine.java:loadSnapshot(223)) - group-3356CC9F9ADE: The snapshot info is null. Setting the last applied indexto:(t:0, i:~)
2019-11-12 23:20:10,332 [pool-162-thread-1] INFO  server.RaftServerConfigKeys (ConfUtils.java:logGet(43)) - raft.server.notification.no-leader.timeout = 120s (custom)
2019-11-12 23:20:10,332 [pool-162-thread-1] INFO  server.RaftServerConfigKeys (ConfUtils.java:logGet(43)) - raft.server.log.use.memory = false (default)
2019-11-12 23:20:10,332 [pool-162-thread-1] INFO  server.RaftServerConfigKeys (ConfUtils.java:logGet(43)) - raft.server.log.purge.gap = 1000000 (custom)
2019-11-12 23:20:10,332 [pool-162-thread-1] INFO  server.RaftServerConfigKeys (ConfUtils.java:logGet(43)) - raft.server.log.appender.buffer.byte-limit = 33554432 (custom)
2019-11-12 23:20:10,332 [pool-162-thread-1] INFO  server.RaftServerConfigKeys (ConfUtils.java:logGet(43)) - raft.server.log.segment.size.max = 1048576 (custom)
2019-11-12 23:20:10,332 [pool-162-thread-1] INFO  server.RaftServerConfigKeys (ConfUtils.java:logGet(43)) - raft.server.log.segment.cache.num.max = 2 (custom)
2019-11-12 23:20:10,333 [pool-162-thread-1] INFO  segmented.SegmentedRaftLogWorker (SegmentedRaftLogWorker.java:<init>(173)) - new 0abad138-b24b-47c7-afcb-ebb08d39de0a@group-3356CC9F9ADE-SegmentedRaftLogWorker for RaftStorage:Storage Directory /workdir/hadoop-ozone/integration-test/target/test-dir/MiniOzoneClusterImpl-526fdb7e-9c97-4370-88fe-75d8a071a2f3/datanode-1/data/ratis/09e3fb3e-650c-4dbd-9f8b-3356cc9f9ade
2019-11-12 23:20:10,333 [pool-162-thread-1] INFO  server.RaftServerConfigKeys (ConfUtils.java:logGet(43)) - raft.server.log.queue.byte-limit = 2147483647 (custom)
2019-11-12 23:20:10,333 [pool-162-thread-1] INFO  server.RaftServerConfigKeys (ConfUtils.java:logGet(43)) - raft.server.log.queue.element-limit = 1024 (custom)
2019-11-12 23:20:10,333 [pool-162-thread-1] INFO  server.RaftServerConfigKeys (ConfUtils.java:logGet(43)) - raft.server.log.segment.size.max = 1048576 (custom)
2019-11-12 23:20:10,333 [pool-162-thread-1] INFO  server.RaftServerConfigKeys (ConfUtils.java:logGet(43)) - raft.server.log.preallocated.size = 16384 (custom)
2019-11-12 23:20:10,333 [pool-162-thread-1] INFO  server.RaftServerConfigKeys (ConfUtils.java:logGet(43)) - raft.server.log.write.buffer.size = 33554432 (custom)
2019-11-12 23:20:10,333 [pool-162-thread-1] INFO  server.RaftServerConfigKeys (ConfUtils.java:logGet(43)) - raft.server.log.force.sync.num = 128 (default)
2019-11-12 23:20:10,333 [pool-162-thread-1] INFO  server.RaftServerConfigKeys (ConfUtils.java:logGet(43)) - raft.server.log.statemachine.data.sync = true (default)
2019-11-12 23:20:10,333 [pool-162-thread-1] INFO  server.RaftServerConfigKeys (ConfUtils.java:logGet(43)) - raft.server.log.statemachine.data.sync.timeout = 10s (default)
2019-11-12 23:20:10,334 [pool-162-thread-1] INFO  server.RaftServerConfigKeys (ConfUtils.java:logGet(43)) - raft.server.log.statemachine.data.sync.timeout.retry = -1 (default)
2019-11-12 23:20:10,334 [pool-162-thread-1] INFO  server.RaftServerConfigKeys (ConfUtils.java:logGet(43)) - raft.server.log.statemachine.data.caching.enabled = true (custom)
2019-11-12 23:20:10,334 [pool-162-thread-1] INFO  segmented.SegmentedRaftLogWorker (SegmentedRaftLogWorker.java:lambda$new$0(128)) - 0abad138-b24b-47c7-afcb-ebb08d39de0a@group-3356CC9F9ADE-SegmentedRaftLogWorker: flushIndex: setUnconditionally 0 -> -1
2019-11-12 23:20:10,334 [pool-162-thread-1] INFO  server.RaftServerConfigKeys (ConfUtils.java:logGet(43)) - raft.server.snapshot.auto.trigger.enabled = true (custom)
2019-11-12 23:20:10,335 [pool-162-thread-1] INFO  server.RaftServerConfigKeys (ConfUtils.java:logGet(43)) - raft.server.snapshot.auto.trigger.threshold = 10000 (custom)
2019-11-12 23:20:10,335 [pool-162-thread-1] INFO  server.RaftServerConfigKeys (ConfUtils.java:logGet(43)) - raft.server.snapshot.retention.file.num = 5 (custom)
2019-11-12 23:20:10,335 [pool-162-thread-1] INFO  server.RaftServerConfigKeys (ConfUtils.java:logGet(43)) - raft.server.retrycache.expirytime = 600000ms (custom)
2019-11-12 23:20:10,335 [pool-162-thread-1] WARN  impl.MetricRegistriesImpl (MetricRegistriesImpl.java:lambda$create$1(61)) - First MetricRegistry has been created without registering reporters. You may need to call MetricRegistries.global().addReportRegistration(...) before.
2019-11-12 23:20:10,335 [pool-162-thread-1] WARN  impl.MetricRegistriesImpl (MetricRegistriesImpl.java:lambda$create$1(61)) - First MetricRegistry has been created without registering reporters. You may need to call MetricRegistries.global().addReportRegistration(...) before.
2019-11-12 23:20:10,335 [pool-162-thread-1] INFO  impl.RaftServerImpl (RaftServerImpl.java:start(184)) - 0abad138-b24b-47c7-afcb-ebb08d39de0a@group-3356CC9F9ADE: start as a follower, conf=-1: [0abad138-b24b-47c7-afcb-ebb08d39de0a:192.168.164.209:35002], old=null
2019-11-12 23:20:10,335 [pool-162-thread-1] INFO  impl.RaftServerImpl (RaftServerImpl.java:setRole(173)) - 0abad138-b24b-47c7-afcb-ebb08d39de0a@group-3356CC9F9ADE: changes role from      null to FOLLOWER at term 0 for startAsFollower
2019-11-12 23:20:10,336 [pool-162-thread-1] INFO  impl.RoleInfo (RoleInfo.java:updateAndGet(143)) - 0abad138-b24b-47c7-afcb-ebb08d39de0a: start FollowerState
2019-11-12 23:20:10,336 [pool-162-thread-1] INFO  util.JmxRegister (JmxRegister.java:tryRegister(44)) - Successfully registered JMX Bean with object name Ratis:service=RaftServer,group=group-3356CC9F9ADE,id=0abad138-b24b-47c7-afcb-ebb08d39de0a
2019-11-12 23:20:10,336 [pool-162-thread-1] WARN  impl.MetricRegistriesImpl (MetricRegistriesImpl.java:lambda$create$1(61)) - First MetricRegistry has been created without registering reporters. You may need to call MetricRegistries.global().addReportRegistration(...) before.
2019-11-12 23:20:10,339 [RatisPipelineUtilsThread] INFO  pipeline.PipelineStateManager (PipelineStateManager.java:addPipeline(55)) - Created pipeline Pipeline[ Id: 09e3fb3e-650c-4dbd-9f8b-3356cc9f9ade, Nodes: 0abad138-b24b-47c7-afcb-ebb08d39de0a{ip: 192.168.164.209, host: pr-hdds-2464-qsgcv-431919947, networkLocation: /default-rack, certSerialId: null}, Type:RATIS, Factor:ONE, State:ALLOCATED]
2019-11-12 23:20:10,339 [Thread-1233] INFO  pipeline.PipelineStateManager (PipelineStateManager.java:finalizePipeline(121)) - Pipeline Pipeline[ Id: ae8a16b0-4e25-402f-8f32-249b66bce2eb, Nodes: 42d95ea6-05d3-4ca4-82ca-ed08e1855e99{ip: 192.168.164.209, host: pr-hdds-2464-qsgcv-431919947, networkLocation: /default-rack, certSerialId: null}, Type:RATIS, Factor:ONE, State:CLOSED] moved to CLOSED state
2019-11-12 23:20:10,342 [grpc-default-executor-0] INFO  impl.RaftServerProxy (RaftServerProxy.java:remove(95)) - 42d95ea6-05d3-4ca4-82ca-ed08e1855e99: remove    LEADER 42d95ea6-05d3-4ca4-82ca-ed08e1855e99@group-249B66BCE2EB:t1, leader=42d95ea6-05d3-4ca4-82ca-ed08e1855e99, voted=42d95ea6-05d3-4ca4-82ca-ed08e1855e99, raftlog=42d95ea6-05d3-4ca4-82ca-ed08e1855e99@group-249B66BCE2EB-SegmentedRaftLog:OPENED:c0,f0,i0, conf=0: [42d95ea6-05d3-4ca4-82ca-ed08e1855e99:192.168.164.209:39395], old=null RUNNING
2019-11-12 23:20:10,342 [grpc-default-executor-0] INFO  impl.RaftServerImpl (RaftServerImpl.java:lambda$shutdown$3(250)) - 42d95ea6-05d3-4ca4-82ca-ed08e1855e99@group-249B66BCE2EB: shutdown
2019-11-12 23:20:10,342 [grpc-default-executor-0] INFO  util.JmxRegister (JmxRegister.java:unregister(73)) - Successfully un-registered JMX Bean with object name Ratis:service=RaftServer,group=group-249B66BCE2EB,id=42d95ea6-05d3-4ca4-82ca-ed08e1855e99
2019-11-12 23:20:10,342 [grpc-default-executor-0] INFO  impl.RoleInfo (RoleInfo.java:shutdownLeaderState(104)) - 42d95ea6-05d3-4ca4-82ca-ed08e1855e99: shutdown LeaderState
2019-11-12 23:20:10,343 [grpc-default-executor-0] INFO  impl.PendingRequests (PendingRequests.java:sendNotLeaderResponses(206)) - 42d95ea6-05d3-4ca4-82ca-ed08e1855e99@group-249B66BCE2EB-PendingRequests: sendNotLeaderResponses
2019-11-12 23:20:10,343 [grpc-default-executor-0] INFO  impl.StateMachineUpdater (StateMachineUpdater.java:stopAndJoin(136)) - 42d95ea6-05d3-4ca4-82ca-ed08e1855e99@group-249B66BCE2EB-StateMachineUpdater: set stopIndex = 0
2019-11-12 23:20:10,343 [grpc-default-executor-0] INFO  impl.RaftServerImpl (ServerState.java:close(387)) - 42d95ea6-05d3-4ca4-82ca-ed08e1855e99@group-249B66BCE2EB: closes. applyIndex: 0
2019-11-12 23:20:10,343 [42d95ea6-05d3-4ca4-82ca-ed08e1855e99@group-249B66BCE2EB-SegmentedRaftLogWorker] INFO  segmented.SegmentedRaftLogWorker (SegmentedRaftLogWorker.java:run(316)) - 42d95ea6-05d3-4ca4-82ca-ed08e1855e99@group-249B66BCE2EB-SegmentedRaftLogWorker was interrupted, exiting. There are 0 tasks remaining in the queue.
2019-11-12 23:20:10,343 [grpc-default-executor-0] INFO  segmented.SegmentedRaftLogWorker (SegmentedRaftLogWorker.java:close(224)) - 42d95ea6-05d3-4ca4-82ca-ed08e1855e99@group-249B66BCE2EB-SegmentedRaftLogWorker close()
2019-11-12 23:20:10,347 [Thread-1233] INFO  pipeline.PipelineStateManager (PipelineStateManager.java:removePipeline(106)) - Pipeline Pipeline[ Id: ae8a16b0-4e25-402f-8f32-249b66bce2eb, Nodes: 42d95ea6-05d3-4ca4-82ca-ed08e1855e99{ip: 192.168.164.209, host: pr-hdds-2464-qsgcv-431919947, networkLocation: /default-rack, certSerialId: null}, Type:RATIS, Factor:ONE, State:CLOSED] removed from db
2019-11-12 23:20:10,348 [Thread-1233] INFO  pipeline.SCMPipelineManager (SCMPipelineManager.java:finalizeAndDestroyPipeline(315)) - destroying pipeline:Pipeline[ Id: 174ec97a-d71b-4dc8-a19c-cc2367200966, Nodes: d20ba3f6-e96e-4597-ba1c-bac940786bea{ip: 192.168.164.209, host: pr-hdds-2464-qsgcv-431919947, networkLocation: /default-rack, certSerialId: null}88c939f2-d53e-4de2-8f3f-abd9df815d54{ip: 192.168.164.209, host: pr-hdds-2464-qsgcv-431919947, networkLocation: /default-rack, certSerialId: null}42d95ea6-05d3-4ca4-82ca-ed08e1855e99{ip: 192.168.164.209, host: pr-hdds-2464-qsgcv-431919947, networkLocation: /default-rack, certSerialId: null}, Type:RATIS, Factor:THREE, State:OPEN]
2019-11-12 23:20:10,352 [grpc-default-executor-0] INFO  impl.RaftServerProxy (RaftServerProxy.java:addNew(89)) - 42d95ea6-05d3-4ca4-82ca-ed08e1855e99: addNew group-3C6DD23CD035:[42d95ea6-05d3-4ca4-82ca-ed08e1855e99:192.168.164.209:39395] returns group-3C6DD23CD035:java.util.concurrent.CompletableFuture@3aae69cb[Not completed]
2019-11-12 23:20:10,353 [pool-182-thread-1] INFO  impl.RaftServerImpl (RaftServerImpl.java:<init>(98)) - 42d95ea6-05d3-4ca4-82ca-ed08e1855e99: new RaftServerImpl for group-3C6DD23CD035:[42d95ea6-05d3-4ca4-82ca-ed08e1855e99:192.168.164.209:39395] with ContainerStateMachine:uninitialized
2019-11-12 23:20:10,355 [pool-182-thread-1] INFO  server.RaftServerConfigKeys (ConfUtils.java:logGet(43)) - raft.server.rpc.timeout.min = 1s (custom)
2019-11-12 23:20:10,355 [pool-182-thread-1] INFO  server.RaftServerConfigKeys (ConfUtils.java:logGet(43)) - raft.server.rpc.timeout.max = 1200ms (custom)
2019-11-12 23:20:10,355 [pool-182-thread-1] INFO  server.RaftServerConfigKeys (ConfUtils.java:logGet(43)) - raft.server.rpcslowness.timeout = 120s (custom)
2019-11-12 23:20:10,355 [pool-182-thread-1] INFO  server.RaftServerConfigKeys (ConfUtils.java:logGet(43)) - raft.server.sleep.deviation.threshold = 300 (default)
2019-11-12 23:20:10,355 [pool-182-thread-1] INFO  server.RaftServerConfigKeys (ConfUtils.java:logGet(43)) - raft.server.log.appender.install.snapshot.enabled = false (custom)
2019-11-12 23:20:10,355 [pool-182-thread-1] INFO  impl.RaftServerImpl (ServerState.java:<init>(103)) - 42d95ea6-05d3-4ca4-82ca-ed08e1855e99@group-3C6DD23CD035: ConfigurationManager, init=-1: [42d95ea6-05d3-4ca4-82ca-ed08e1855e99:192.168.164.209:39395], old=null, confs=<EMPTY_MAP>
2019-11-12 23:20:10,355 [pool-182-thread-1] INFO  server.RaftServerConfigKeys (ConfUtils.java:logGet(43)) - raft.server.storage.dir = [/workdir/hadoop-ozone/integration-test/target/test-dir/MiniOzoneClusterImpl-526fdb7e-9c97-4370-88fe-75d8a071a2f3/datanode-3/data/ratis] (custom)
2019-11-12 23:20:10,356 [pool-182-thread-1] INFO  server.RaftServerConfigKeys (ConfUtils.java:logGet(43)) - raft.server.log.corruption.policy = EXCEPTION (default)
2019-11-12 23:20:10,356 [pool-182-thread-1] INFO  storage.RaftStorageDirectory (RaftStorageDirectory.java:analyzeStorage(246)) - The storage directory /workdir/hadoop-ozone/integration-test/target/test-dir/MiniOzoneClusterImpl-526fdb7e-9c97-4370-88fe-75d8a071a2f3/datanode-3/data/ratis/29277f33-2793-4342-87c1-3c6dd23cd035 does not exist. Creating ...
2019-11-12 23:20:10,369 [pool-182-thread-1] INFO  storage.RaftStorageDirectory (RaftStorageDirectory.java:tryLock(328)) - Lock on /workdir/hadoop-ozone/integration-test/target/test-dir/MiniOzoneClusterImpl-526fdb7e-9c97-4370-88fe-75d8a071a2f3/datanode-3/data/ratis/29277f33-2793-4342-87c1-3c6dd23cd035/in_use.lock acquired by nodename 11303@pr-hdds-2464-qsgcv-431919947
2019-11-12 23:20:10,381 [pool-182-thread-1] INFO  storage.RaftStorage (RaftStorage.java:format(84)) - Storage directory /workdir/hadoop-ozone/integration-test/target/test-dir/MiniOzoneClusterImpl-526fdb7e-9c97-4370-88fe-75d8a071a2f3/datanode-3/data/ratis/29277f33-2793-4342-87c1-3c6dd23cd035 has been successfully formatted.
2019-11-12 23:20:10,382 [pool-182-thread-1] INFO  ratis.ContainerStateMachine (ContainerStateMachine.java:loadSnapshot(223)) - group-3C6DD23CD035: The snapshot info is null. Setting the last applied indexto:(t:0, i:~)
2019-11-12 23:20:10,382 [pool-182-thread-1] INFO  server.RaftServerConfigKeys (ConfUtils.java:logGet(43)) - raft.server.notification.no-leader.timeout = 120s (custom)
2019-11-12 23:20:10,382 [pool-182-thread-1] INFO  server.RaftServerConfigKeys (ConfUtils.java:logGet(43)) - raft.server.log.use.memory = false (default)
2019-11-12 23:20:10,382 [pool-182-thread-1] INFO  server.RaftServerConfigKeys (ConfUtils.java:logGet(43)) - raft.server.log.purge.gap = 1000000 (custom)
2019-11-12 23:20:10,382 [pool-182-thread-1] INFO  server.RaftServerConfigKeys (ConfUtils.java:logGet(43)) - raft.server.log.appender.buffer.byte-limit = 33554432 (custom)
2019-11-12 23:20:10,382 [pool-182-thread-1] INFO  server.RaftServerConfigKeys (ConfUtils.java:logGet(43)) - raft.server.log.segment.size.max = 1048576 (custom)
2019-11-12 23:20:10,382 [pool-182-thread-1] INFO  server.RaftServerConfigKeys (ConfUtils.java:logGet(43)) - raft.server.log.segment.cache.num.max = 2 (custom)
2019-11-12 23:20:10,382 [pool-182-thread-1] INFO  segmented.SegmentedRaftLogWorker (SegmentedRaftLogWorker.java:<init>(173)) - new 42d95ea6-05d3-4ca4-82ca-ed08e1855e99@group-3C6DD23CD035-SegmentedRaftLogWorker for RaftStorage:Storage Directory /workdir/hadoop-ozone/integration-test/target/test-dir/MiniOzoneClusterImpl-526fdb7e-9c97-4370-88fe-75d8a071a2f3/datanode-3/data/ratis/29277f33-2793-4342-87c1-3c6dd23cd035
2019-11-12 23:20:10,382 [pool-182-thread-1] INFO  server.RaftServerConfigKeys (ConfUtils.java:logGet(43)) - raft.server.log.queue.byte-limit = 2147483647 (custom)
2019-11-12 23:20:10,382 [pool-182-thread-1] INFO  server.RaftServerConfigKeys (ConfUtils.java:logGet(43)) - raft.server.log.queue.element-limit = 1024 (custom)
2019-11-12 23:20:10,382 [pool-182-thread-1] INFO  server.RaftServerConfigKeys (ConfUtils.java:logGet(43)) - raft.server.log.segment.size.max = 1048576 (custom)
2019-11-12 23:20:10,383 [pool-182-thread-1] INFO  server.RaftServerConfigKeys (ConfUtils.java:logGet(43)) - raft.server.log.preallocated.size = 16384 (custom)
2019-11-12 23:20:10,383 [pool-182-thread-1] INFO  server.RaftServerConfigKeys (ConfUtils.java:logGet(43)) - raft.server.log.write.buffer.size = 33554432 (custom)
2019-11-12 23:20:10,383 [pool-182-thread-1] INFO  server.RaftServerConfigKeys (ConfUtils.java:logGet(43)) - raft.server.log.force.sync.num = 128 (default)
2019-11-12 23:20:10,383 [pool-182-thread-1] INFO  server.RaftServerConfigKeys (ConfUtils.java:logGet(43)) - raft.server.log.statemachine.data.sync = true (default)
2019-11-12 23:20:10,383 [pool-182-thread-1] INFO  server.RaftServerConfigKeys (ConfUtils.java:logGet(43)) - raft.server.log.statemachine.data.sync.timeout = 10s (default)
2019-11-12 23:20:10,383 [pool-182-thread-1] INFO  server.RaftServerConfigKeys (ConfUtils.java:logGet(43)) - raft.server.log.statemachine.data.sync.timeout.retry = -1 (default)
2019-11-12 23:20:10,383 [pool-182-thread-1] INFO  server.RaftServerConfigKeys (ConfUtils.java:logGet(43)) - raft.server.log.statemachine.data.caching.enabled = true (custom)
2019-11-12 23:20:10,383 [pool-182-thread-1] INFO  segmented.SegmentedRaftLogWorker (SegmentedRaftLogWorker.java:lambda$new$0(128)) - 42d95ea6-05d3-4ca4-82ca-ed08e1855e99@group-3C6DD23CD035-SegmentedRaftLogWorker: flushIndex: setUnconditionally 0 -> -1
2019-11-12 23:20:10,384 [pool-182-thread-1] INFO  server.RaftServerConfigKeys (ConfUtils.java:logGet(43)) - raft.server.snapshot.auto.trigger.enabled = true (custom)
2019-11-12 23:20:10,384 [pool-182-thread-1] INFO  server.RaftServerConfigKeys (ConfUtils.java:logGet(43)) - raft.server.snapshot.auto.trigger.threshold = 10000 (custom)
2019-11-12 23:20:10,384 [pool-182-thread-1] INFO  server.RaftServerConfigKeys (ConfUtils.java:logGet(43)) - raft.server.snapshot.retention.file.num = 5 (custom)
2019-11-12 23:20:10,384 [pool-182-thread-1] INFO  server.RaftServerConfigKeys (ConfUtils.java:logGet(43)) - raft.server.retrycache.expirytime = 600000ms (custom)
2019-11-12 23:20:10,384 [pool-182-thread-1] WARN  impl.MetricRegistriesImpl (MetricRegistriesImpl.java:lambda$create$1(61)) - First MetricRegistry has been created without registering reporters. You may need to call MetricRegistries.global().addReportRegistration(...) before.
2019-11-12 23:20:10,384 [pool-182-thread-1] WARN  impl.MetricRegistriesImpl (MetricRegistriesImpl.java:lambda$create$1(61)) - First MetricRegistry has been created without registering reporters. You may need to call MetricRegistries.global().addReportRegistration(...) before.
2019-11-12 23:20:10,384 [pool-182-thread-1] INFO  impl.RaftServerImpl (RaftServerImpl.java:start(184)) - 42d95ea6-05d3-4ca4-82ca-ed08e1855e99@group-3C6DD23CD035: start as a follower, conf=-1: [42d95ea6-05d3-4ca4-82ca-ed08e1855e99:192.168.164.209:39395], old=null
2019-11-12 23:20:10,384 [pool-182-thread-1] INFO  impl.RaftServerImpl (RaftServerImpl.java:setRole(173)) - 42d95ea6-05d3-4ca4-82ca-ed08e1855e99@group-3C6DD23CD035: changes role from      null to FOLLOWER at term 0 for startAsFollower
2019-11-12 23:20:10,384 [pool-182-thread-1] INFO  impl.RoleInfo (RoleInfo.java:updateAndGet(143)) - 42d95ea6-05d3-4ca4-82ca-ed08e1855e99: start FollowerState
2019-11-12 23:20:10,385 [pool-182-thread-1] INFO  util.JmxRegister (JmxRegister.java:tryRegister(44)) - Successfully registered JMX Bean with object name Ratis:service=RaftServer,group=group-3C6DD23CD035,id=42d95ea6-05d3-4ca4-82ca-ed08e1855e99
2019-11-12 23:20:10,385 [pool-182-thread-1] WARN  impl.MetricRegistriesImpl (MetricRegistriesImpl.java:lambda$create$1(61)) - First MetricRegistry has been created without registering reporters. You may need to call MetricRegistries.global().addReportRegistration(...) before.
2019-11-12 23:20:10,387 [RatisPipelineUtilsThread] INFO  pipeline.PipelineStateManager (PipelineStateManager.java:addPipeline(55)) - Created pipeline Pipeline[ Id: 29277f33-2793-4342-87c1-3c6dd23cd035, Nodes: 42d95ea6-05d3-4ca4-82ca-ed08e1855e99{ip: 192.168.164.209, host: pr-hdds-2464-qsgcv-431919947, networkLocation: /default-rack, certSerialId: null}, Type:RATIS, Factor:ONE, State:ALLOCATED]
2019-11-12 23:20:10,390 [Thread-1233] INFO  pipeline.PipelineStateManager (PipelineStateManager.java:finalizePipeline(121)) - Pipeline Pipeline[ Id: 174ec97a-d71b-4dc8-a19c-cc2367200966, Nodes: d20ba3f6-e96e-4597-ba1c-bac940786bea{ip: 192.168.164.209, host: pr-hdds-2464-qsgcv-431919947, networkLocation: /default-rack, certSerialId: null}88c939f2-d53e-4de2-8f3f-abd9df815d54{ip: 192.168.164.209, host: pr-hdds-2464-qsgcv-431919947, networkLocation: /default-rack, certSerialId: null}42d95ea6-05d3-4ca4-82ca-ed08e1855e99{ip: 192.168.164.209, host: pr-hdds-2464-qsgcv-431919947, networkLocation: /default-rack, certSerialId: null}, Type:RATIS, Factor:THREE, State:CLOSED] moved to CLOSED state
2019-11-12 23:20:10,402 [grpc-default-executor-0] INFO  impl.RaftServerProxy (RaftServerProxy.java:remove(95)) - d20ba3f6-e96e-4597-ba1c-bac940786bea: remove    LEADER d20ba3f6-e96e-4597-ba1c-bac940786bea@group-CC2367200966:t1, leader=d20ba3f6-e96e-4597-ba1c-bac940786bea, voted=d20ba3f6-e96e-4597-ba1c-bac940786bea, raftlog=d20ba3f6-e96e-4597-ba1c-bac940786bea@group-CC2367200966-SegmentedRaftLog:OPENED:c0,f0,i0, conf=0: [42d95ea6-05d3-4ca4-82ca-ed08e1855e99:192.168.164.209:39395, 88c939f2-d53e-4de2-8f3f-abd9df815d54:192.168.164.209:45039, d20ba3f6-e96e-4597-ba1c-bac940786bea:192.168.164.209:36673], old=null RUNNING
2019-11-12 23:20:10,402 [grpc-default-executor-0] INFO  impl.RaftServerImpl (RaftServerImpl.java:lambda$shutdown$3(250)) - d20ba3f6-e96e-4597-ba1c-bac940786bea@group-CC2367200966: shutdown
2019-11-12 23:20:10,403 [grpc-default-executor-0] INFO  util.JmxRegister (JmxRegister.java:unregister(73)) - Successfully un-registered JMX Bean with object name Ratis:service=RaftServer,group=group-CC2367200966,id=d20ba3f6-e96e-4597-ba1c-bac940786bea
2019-11-12 23:20:10,403 [grpc-default-executor-0] INFO  impl.RoleInfo (RoleInfo.java:shutdownLeaderState(104)) - d20ba3f6-e96e-4597-ba1c-bac940786bea: shutdown LeaderState
2019-11-12 23:20:10,409 [grpc-default-executor-0] INFO  impl.PendingRequests (PendingRequests.java:sendNotLeaderResponses(206)) - d20ba3f6-e96e-4597-ba1c-bac940786bea@group-CC2367200966-PendingRequests: sendNotLeaderResponses
2019-11-12 23:20:10,409 [org.apache.ratis.server.impl.LogAppender$AppenderDaemon$$Lambda$408/521854984@5b4ab2a] WARN  server.GrpcLogAppender (GrpcLogAppender.java:mayWait(151)) - d20ba3f6-e96e-4597-ba1c-bac940786bea@group-CC2367200966->88c939f2-d53e-4de2-8f3f-abd9df815d54-GrpcLogAppender: Wait interrupted by java.lang.InterruptedException
2019-11-12 23:20:10,411 [grpc-default-executor-0] INFO  impl.StateMachineUpdater (StateMachineUpdater.java:stopAndJoin(136)) - d20ba3f6-e96e-4597-ba1c-bac940786bea@group-CC2367200966-StateMachineUpdater: set stopIndex = 0
2019-11-12 23:20:10,410 [org.apache.ratis.server.impl.LogAppender$AppenderDaemon$$Lambda$408/521854984@40b63d58] WARN  server.GrpcLogAppender (GrpcLogAppender.java:mayWait(151)) - d20ba3f6-e96e-4597-ba1c-bac940786bea@group-CC2367200966->42d95ea6-05d3-4ca4-82ca-ed08e1855e99-GrpcLogAppender: Wait interrupted by java.lang.InterruptedException
2019-11-12 23:20:10,411 [grpc-default-executor-7] INFO  server.GrpcServerProtocolService (GrpcServerProtocolService.java:onCompleted(113)) - 88c939f2-d53e-4de2-8f3f-abd9df815d54: Completed APPEND_ENTRIES, lastRequest: d20ba3f6-e96e-4597-ba1c-bac940786bea->88c939f2-d53e-4de2-8f3f-abd9df815d54#4-t1, previous=(t:1, i:0), leaderCommit=0, initializing? false, entries: <empty>
2019-11-12 23:20:10,412 [grpc-default-executor-0] INFO  impl.RaftServerImpl (ServerState.java:close(387)) - d20ba3f6-e96e-4597-ba1c-bac940786bea@group-CC2367200966: closes. applyIndex: 0
2019-11-12 23:20:10,412 [grpc-default-executor-7] INFO  server.GrpcServerProtocolService (GrpcServerProtocolService.java:onCompleted(113)) - 42d95ea6-05d3-4ca4-82ca-ed08e1855e99: Completed APPEND_ENTRIES, lastRequest: d20ba3f6-e96e-4597-ba1c-bac940786bea->42d95ea6-05d3-4ca4-82ca-ed08e1855e99#4-t1, previous=(t:1, i:0), leaderCommit=0, initializing? false, entries: <empty>
2019-11-12 23:20:10,412 [d20ba3f6-e96e-4597-ba1c-bac940786bea@group-CC2367200966-SegmentedRaftLogWorker] INFO  segmented.SegmentedRaftLogWorker (SegmentedRaftLogWorker.java:run(316)) - d20ba3f6-e96e-4597-ba1c-bac940786bea@group-CC2367200966-SegmentedRaftLogWorker was interrupted, exiting. There are 0 tasks remaining in the queue.
2019-11-12 23:20:10,412 [grpc-default-executor-2] INFO  server.GrpcLogAppender (GrpcLogAppender.java:onCompleted(308)) - d20ba3f6-e96e-4597-ba1c-bac940786bea@group-CC2367200966->88c939f2-d53e-4de2-8f3f-abd9df815d54-AppendLogResponseHandler: follower responses appendEntries COMPLETED
2019-11-12 23:20:10,412 [grpc-default-executor-7] INFO  server.GrpcLogAppender (GrpcLogAppender.java:onCompleted(308)) - d20ba3f6-e96e-4597-ba1c-bac940786bea@group-CC2367200966->42d95ea6-05d3-4ca4-82ca-ed08e1855e99-AppendLogResponseHandler: follower responses appendEntries COMPLETED
2019-11-12 23:20:10,412 [grpc-default-executor-0] INFO  segmented.SegmentedRaftLogWorker (SegmentedRaftLogWorker.java:close(224)) - d20ba3f6-e96e-4597-ba1c-bac940786bea@group-CC2367200966-SegmentedRaftLogWorker close()
2019-11-12 23:20:10,414 [grpc-default-executor-7] INFO  impl.FollowerInfo (FollowerInfo.java:lambda$new$0(51)) - d20ba3f6-e96e-4597-ba1c-bac940786bea@group-CC2367200966->42d95ea6-05d3-4ca4-82ca-ed08e1855e99: nextIndex: updateUnconditionally 1 -> 0
2019-11-12 23:20:10,414 [grpc-default-executor-2] INFO  impl.FollowerInfo (FollowerInfo.java:lambda$new$0(51)) - d20ba3f6-e96e-4597-ba1c-bac940786bea@group-CC2367200966->88c939f2-d53e-4de2-8f3f-abd9df815d54: nextIndex: updateUnconditionally 1 -> 0
2019-11-12 23:20:10,419 [grpc-default-executor-0] INFO  impl.RaftServerProxy (RaftServerProxy.java:remove(95)) - 88c939f2-d53e-4de2-8f3f-abd9df815d54: remove  FOLLOWER 88c939f2-d53e-4de2-8f3f-abd9df815d54@group-CC2367200966:t1, leader=d20ba3f6-e96e-4597-ba1c-bac940786bea, voted=d20ba3f6-e96e-4597-ba1c-bac940786bea, raftlog=88c939f2-d53e-4de2-8f3f-abd9df815d54@group-CC2367200966-SegmentedRaftLog:OPENED:c0,f0,i0, conf=0: [42d95ea6-05d3-4ca4-82ca-ed08e1855e99:192.168.164.209:39395, 88c939f2-d53e-4de2-8f3f-abd9df815d54:192.168.164.209:45039, d20ba3f6-e96e-4597-ba1c-bac940786bea:192.168.164.209:36673], old=null RUNNING
2019-11-12 23:20:10,420 [grpc-default-executor-0] INFO  impl.RaftServerImpl (RaftServerImpl.java:lambda$shutdown$3(250)) - 88c939f2-d53e-4de2-8f3f-abd9df815d54@group-CC2367200966: shutdown
2019-11-12 23:20:10,420 [grpc-default-executor-0] INFO  util.JmxRegister (JmxRegister.java:unregister(73)) - Successfully un-registered JMX Bean with object name Ratis:service=RaftServer,group=group-CC2367200966,id=88c939f2-d53e-4de2-8f3f-abd9df815d54
2019-11-12 23:20:10,420 [grpc-default-executor-0] INFO  impl.RoleInfo (RoleInfo.java:shutdownFollowerState(121)) - 88c939f2-d53e-4de2-8f3f-abd9df815d54: shutdown FollowerState
2019-11-12 23:20:10,420 [grpc-default-executor-0] INFO  impl.StateMachineUpdater (StateMachineUpdater.java:stopAndJoin(136)) - 88c939f2-d53e-4de2-8f3f-abd9df815d54@group-CC2367200966-StateMachineUpdater: set stopIndex = 0
2019-11-12 23:20:10,420 [Thread-1296] INFO  impl.FollowerState (FollowerState.java:run(120)) - 88c939f2-d53e-4de2-8f3f-abd9df815d54@group-CC2367200966-FollowerState was interrupted: java.lang.InterruptedException: sleep interrupted
2019-11-12 23:20:10,421 [grpc-default-executor-0] INFO  impl.RaftServerImpl (ServerState.java:close(387)) - 88c939f2-d53e-4de2-8f3f-abd9df815d54@group-CC2367200966: closes. applyIndex: 0
2019-11-12 23:20:10,422 [88c939f2-d53e-4de2-8f3f-abd9df815d54@group-CC2367200966-SegmentedRaftLogWorker] INFO  segmented.SegmentedRaftLogWorker (SegmentedRaftLogWorker.java:run(316)) - 88c939f2-d53e-4de2-8f3f-abd9df815d54@group-CC2367200966-SegmentedRaftLogWorker was interrupted, exiting. There are 0 tasks remaining in the queue.
2019-11-12 23:20:10,423 [grpc-default-executor-0] INFO  segmented.SegmentedRaftLogWorker (SegmentedRaftLogWorker.java:close(224)) - 88c939f2-d53e-4de2-8f3f-abd9df815d54@group-CC2367200966-SegmentedRaftLogWorker close()
2019-11-12 23:20:10,429 [grpc-default-executor-0] INFO  impl.RaftServerProxy (RaftServerProxy.java:remove(95)) - 42d95ea6-05d3-4ca4-82ca-ed08e1855e99: remove  FOLLOWER 42d95ea6-05d3-4ca4-82ca-ed08e1855e99@group-CC2367200966:t1, leader=d20ba3f6-e96e-4597-ba1c-bac940786bea, voted=d20ba3f6-e96e-4597-ba1c-bac940786bea, raftlog=42d95ea6-05d3-4ca4-82ca-ed08e1855e99@group-CC2367200966-SegmentedRaftLog:OPENED:c0,f0,i0, conf=0: [42d95ea6-05d3-4ca4-82ca-ed08e1855e99:192.168.164.209:39395, 88c939f2-d53e-4de2-8f3f-abd9df815d54:192.168.164.209:45039, d20ba3f6-e96e-4597-ba1c-bac940786bea:192.168.164.209:36673], old=null RUNNING
2019-11-12 23:20:10,430 [grpc-default-executor-0] INFO  impl.RaftServerImpl (RaftServerImpl.java:lambda$shutdown$3(250)) - 42d95ea6-05d3-4ca4-82ca-ed08e1855e99@group-CC2367200966: shutdown
2019-11-12 23:20:10,430 [grpc-default-executor-0] INFO  util.JmxRegister (JmxRegister.java:unregister(73)) - Successfully un-registered JMX Bean with object name Ratis:service=RaftServer,group=group-CC2367200966,id=42d95ea6-05d3-4ca4-82ca-ed08e1855e99
2019-11-12 23:20:10,430 [grpc-default-executor-0] INFO  impl.RoleInfo (RoleInfo.java:shutdownFollowerState(121)) - 42d95ea6-05d3-4ca4-82ca-ed08e1855e99: shutdown FollowerState
2019-11-12 23:20:10,430 [grpc-default-executor-0] INFO  impl.StateMachineUpdater (StateMachineUpdater.java:stopAndJoin(136)) - 42d95ea6-05d3-4ca4-82ca-ed08e1855e99@group-CC2367200966-StateMachineUpdater: set stopIndex = 0
2019-11-12 23:20:10,430 [Thread-1297] INFO  impl.FollowerState (FollowerState.java:run(120)) - 42d95ea6-05d3-4ca4-82ca-ed08e1855e99@group-CC2367200966-FollowerState was interrupted: java.lang.InterruptedException: sleep interrupted
2019-11-12 23:20:10,432 [grpc-default-executor-0] INFO  impl.RaftServerImpl (ServerState.java:close(387)) - 42d95ea6-05d3-4ca4-82ca-ed08e1855e99@group-CC2367200966: closes. applyIndex: 0
2019-11-12 23:20:10,432 [42d95ea6-05d3-4ca4-82ca-ed08e1855e99@group-CC2367200966-SegmentedRaftLogWorker] INFO  segmented.SegmentedRaftLogWorker (SegmentedRaftLogWorker.java:run(316)) - 42d95ea6-05d3-4ca4-82ca-ed08e1855e99@group-CC2367200966-SegmentedRaftLogWorker was interrupted, exiting. There are 0 tasks remaining in the queue.
2019-11-12 23:20:10,433 [grpc-default-executor-0] INFO  segmented.SegmentedRaftLogWorker (SegmentedRaftLogWorker.java:close(224)) - 42d95ea6-05d3-4ca4-82ca-ed08e1855e99@group-CC2367200966-SegmentedRaftLogWorker close()
2019-11-12 23:20:10,436 [Thread-1233] INFO  pipeline.PipelineStateManager (PipelineStateManager.java:removePipeline(106)) - Pipeline Pipeline[ Id: 174ec97a-d71b-4dc8-a19c-cc2367200966, Nodes: d20ba3f6-e96e-4597-ba1c-bac940786bea{ip: 192.168.164.209, host: pr-hdds-2464-qsgcv-431919947, networkLocation: /default-rack, certSerialId: null}88c939f2-d53e-4de2-8f3f-abd9df815d54{ip: 192.168.164.209, host: pr-hdds-2464-qsgcv-431919947, networkLocation: /default-rack, certSerialId: null}42d95ea6-05d3-4ca4-82ca-ed08e1855e99{ip: 192.168.164.209, host: pr-hdds-2464-qsgcv-431919947, networkLocation: /default-rack, certSerialId: null}, Type:RATIS, Factor:THREE, State:CLOSED] removed from db
2019-11-12 23:20:10,443 [grpc-default-executor-7] INFO  impl.RaftServerProxy (RaftServerProxy.java:addNew(89)) - 42d95ea6-05d3-4ca4-82ca-ed08e1855e99: addNew group-79AAA280B93D:[42d95ea6-05d3-4ca4-82ca-ed08e1855e99:192.168.164.209:39395, 88c939f2-d53e-4de2-8f3f-abd9df815d54:192.168.164.209:45039, d20ba3f6-e96e-4597-ba1c-bac940786bea:192.168.164.209:36673] returns group-79AAA280B93D:java.util.concurrent.CompletableFuture@61d48bbe[Not completed]
2019-11-12 23:20:10,443 [grpc-default-executor-2] INFO  impl.RaftServerProxy (RaftServerProxy.java:addNew(89)) - 88c939f2-d53e-4de2-8f3f-abd9df815d54: addNew group-79AAA280B93D:[42d95ea6-05d3-4ca4-82ca-ed08e1855e99:192.168.164.209:39395, 88c939f2-d53e-4de2-8f3f-abd9df815d54:192.168.164.209:45039, d20ba3f6-e96e-4597-ba1c-bac940786bea:192.168.164.209:36673] returns group-79AAA280B93D:java.util.concurrent.CompletableFuture@a47cc51[Not completed]
2019-11-12 23:20:10,446 [grpc-default-executor-2] INFO  impl.RaftServerProxy (RaftServerProxy.java:addNew(89)) - d20ba3f6-e96e-4597-ba1c-bac940786bea: addNew group-79AAA280B93D:[42d95ea6-05d3-4ca4-82ca-ed08e1855e99:192.168.164.209:39395, 88c939f2-d53e-4de2-8f3f-abd9df815d54:192.168.164.209:45039, d20ba3f6-e96e-4597-ba1c-bac940786bea:192.168.164.209:36673] returns group-79AAA280B93D:java.util.concurrent.CompletableFuture@5f0aaf29[Not completed]
2019-11-12 23:20:10,446 [pool-182-thread-1] INFO  impl.RaftServerImpl (RaftServerImpl.java:<init>(98)) - 42d95ea6-05d3-4ca4-82ca-ed08e1855e99: new RaftServerImpl for group-79AAA280B93D:[42d95ea6-05d3-4ca4-82ca-ed08e1855e99:192.168.164.209:39395, 88c939f2-d53e-4de2-8f3f-abd9df815d54:192.168.164.209:45039, d20ba3f6-e96e-4597-ba1c-bac940786bea:192.168.164.209:36673] with ContainerStateMachine:uninitialized
2019-11-12 23:20:10,446 [pool-182-thread-1] INFO  server.RaftServerConfigKeys (ConfUtils.java:logGet(43)) - raft.server.rpc.timeout.min = 1s (custom)
2019-11-12 23:20:10,446 [pool-182-thread-1] INFO  server.RaftServerConfigKeys (ConfUtils.java:logGet(43)) - raft.server.rpc.timeout.max = 1200ms (custom)
2019-11-12 23:20:10,446 [pool-182-thread-1] INFO  server.RaftServerConfigKeys (ConfUtils.java:logGet(43)) - raft.server.rpcslowness.timeout = 120s (custom)
2019-11-12 23:20:10,446 [pool-182-thread-1] INFO  server.RaftServerConfigKeys (ConfUtils.java:logGet(43)) - raft.server.sleep.deviation.threshold = 300 (default)
2019-11-12 23:20:10,446 [pool-182-thread-1] INFO  server.RaftServerConfigKeys (ConfUtils.java:logGet(43)) - raft.server.log.appender.install.snapshot.enabled = false (custom)
2019-11-12 23:20:10,446 [pool-182-thread-1] INFO  impl.RaftServerImpl (ServerState.java:<init>(103)) - 42d95ea6-05d3-4ca4-82ca-ed08e1855e99@group-79AAA280B93D: ConfigurationManager, init=-1: [42d95ea6-05d3-4ca4-82ca-ed08e1855e99:192.168.164.209:39395, 88c939f2-d53e-4de2-8f3f-abd9df815d54:192.168.164.209:45039, d20ba3f6-e96e-4597-ba1c-bac940786bea:192.168.164.209:36673], old=null, confs=<EMPTY_MAP>
2019-11-12 23:20:10,446 [pool-202-thread-1] INFO  impl.RaftServerImpl (RaftServerImpl.java:<init>(98)) - 88c939f2-d53e-4de2-8f3f-abd9df815d54: new RaftServerImpl for group-79AAA280B93D:[42d95ea6-05d3-4ca4-82ca-ed08e1855e99:192.168.164.209:39395, 88c939f2-d53e-4de2-8f3f-abd9df815d54:192.168.164.209:45039, d20ba3f6-e96e-4597-ba1c-bac940786bea:192.168.164.209:36673] with ContainerStateMachine:uninitialized
2019-11-12 23:20:10,446 [pool-182-thread-1] INFO  server.RaftServerConfigKeys (ConfUtils.java:logGet(43)) - raft.server.storage.dir = [/workdir/hadoop-ozone/integration-test/target/test-dir/MiniOzoneClusterImpl-526fdb7e-9c97-4370-88fe-75d8a071a2f3/datanode-3/data/ratis] (custom)
2019-11-12 23:20:10,447 [pool-202-thread-1] INFO  server.RaftServerConfigKeys (ConfUtils.java:logGet(43)) - raft.server.rpc.timeout.min = 1s (custom)
2019-11-12 23:20:10,447 [pool-202-thread-1] INFO  server.RaftServerConfigKeys (ConfUtils.java:logGet(43)) - raft.server.rpc.timeout.max = 1200ms (custom)
2019-11-12 23:20:10,447 [pool-182-thread-1] INFO  server.RaftServerConfigKeys (ConfUtils.java:logGet(43)) - raft.server.log.corruption.policy = EXCEPTION (default)
2019-11-12 23:20:10,447 [pool-202-thread-1] INFO  server.RaftServerConfigKeys (ConfUtils.java:logGet(43)) - raft.server.rpcslowness.timeout = 120s (custom)
2019-11-12 23:20:10,447 [pool-202-thread-1] INFO  server.RaftServerConfigKeys (ConfUtils.java:logGet(43)) - raft.server.sleep.deviation.threshold = 300 (default)
2019-11-12 23:20:10,447 [pool-182-thread-1] INFO  storage.RaftStorageDirectory (RaftStorageDirectory.java:analyzeStorage(246)) - The storage directory /workdir/hadoop-ozone/integration-test/target/test-dir/MiniOzoneClusterImpl-526fdb7e-9c97-4370-88fe-75d8a071a2f3/datanode-3/data/ratis/d342bf69-eebf-4df5-99ed-79aaa280b93d does not exist. Creating ...
2019-11-12 23:20:10,447 [pool-202-thread-1] INFO  server.RaftServerConfigKeys (ConfUtils.java:logGet(43)) - raft.server.log.appender.install.snapshot.enabled = false (custom)
2019-11-12 23:20:10,447 [pool-192-thread-1] INFO  impl.RaftServerImpl (RaftServerImpl.java:<init>(98)) - d20ba3f6-e96e-4597-ba1c-bac940786bea: new RaftServerImpl for group-79AAA280B93D:[42d95ea6-05d3-4ca4-82ca-ed08e1855e99:192.168.164.209:39395, 88c939f2-d53e-4de2-8f3f-abd9df815d54:192.168.164.209:45039, d20ba3f6-e96e-4597-ba1c-bac940786bea:192.168.164.209:36673] with ContainerStateMachine:uninitialized
2019-11-12 23:20:10,447 [pool-202-thread-1] INFO  impl.RaftServerImpl (ServerState.java:<init>(103)) - 88c939f2-d53e-4de2-8f3f-abd9df815d54@group-79AAA280B93D: ConfigurationManager, init=-1: [42d95ea6-05d3-4ca4-82ca-ed08e1855e99:192.168.164.209:39395, 88c939f2-d53e-4de2-8f3f-abd9df815d54:192.168.164.209:45039, d20ba3f6-e96e-4597-ba1c-bac940786bea:192.168.164.209:36673], old=null, confs=<EMPTY_MAP>
2019-11-12 23:20:10,447 [pool-192-thread-1] INFO  server.RaftServerConfigKeys (ConfUtils.java:logGet(43)) - raft.server.rpc.timeout.min = 1s (custom)
2019-11-12 23:20:10,447 [pool-202-thread-1] INFO  server.RaftServerConfigKeys (ConfUtils.java:logGet(43)) - raft.server.storage.dir = [/workdir/hadoop-ozone/integration-test/target/test-dir/MiniOzoneClusterImpl-526fdb7e-9c97-4370-88fe-75d8a071a2f3/datanode-5/data/ratis] (custom)
2019-11-12 23:20:10,447 [pool-192-thread-1] INFO  server.RaftServerConfigKeys (ConfUtils.java:logGet(43)) - raft.server.rpc.timeout.max = 1200ms (custom)
2019-11-12 23:20:10,448 [pool-202-thread-1] INFO  server.RaftServerConfigKeys (ConfUtils.java:logGet(43)) - raft.server.log.corruption.policy = EXCEPTION (default)
2019-11-12 23:20:10,448 [pool-192-thread-1] INFO  server.RaftServerConfigKeys (ConfUtils.java:logGet(43)) - raft.server.rpcslowness.timeout = 120s (custom)
2019-11-12 23:20:10,448 [pool-202-thread-1] INFO  storage.RaftStorageDirectory (RaftStorageDirectory.java:analyzeStorage(246)) - The storage directory /workdir/hadoop-ozone/integration-test/target/test-dir/MiniOzoneClusterImpl-526fdb7e-9c97-4370-88fe-75d8a071a2f3/datanode-5/data/ratis/d342bf69-eebf-4df5-99ed-79aaa280b93d does not exist. Creating ...
2019-11-12 23:20:10,448 [pool-192-thread-1] INFO  server.RaftServerConfigKeys (ConfUtils.java:logGet(43)) - raft.server.sleep.deviation.threshold = 300 (default)
2019-11-12 23:20:10,448 [pool-192-thread-1] INFO  server.RaftServerConfigKeys (ConfUtils.java:logGet(43)) - raft.server.log.appender.install.snapshot.enabled = false (custom)
2019-11-12 23:20:10,448 [pool-192-thread-1] INFO  impl.RaftServerImpl (ServerState.java:<init>(103)) - d20ba3f6-e96e-4597-ba1c-bac940786bea@group-79AAA280B93D: ConfigurationManager, init=-1: [42d95ea6-05d3-4ca4-82ca-ed08e1855e99:192.168.164.209:39395, 88c939f2-d53e-4de2-8f3f-abd9df815d54:192.168.164.209:45039, d20ba3f6-e96e-4597-ba1c-bac940786bea:192.168.164.209:36673], old=null, confs=<EMPTY_MAP>
2019-11-12 23:20:10,448 [pool-192-thread-1] INFO  server.RaftServerConfigKeys (ConfUtils.java:logGet(43)) - raft.server.storage.dir = [/workdir/hadoop-ozone/integration-test/target/test-dir/MiniOzoneClusterImpl-526fdb7e-9c97-4370-88fe-75d8a071a2f3/datanode-4/data/ratis] (custom)
2019-11-12 23:20:10,448 [pool-192-thread-1] INFO  server.RaftServerConfigKeys (ConfUtils.java:logGet(43)) - raft.server.log.corruption.policy = EXCEPTION (default)
2019-11-12 23:20:10,449 [pool-192-thread-1] INFO  storage.RaftStorageDirectory (RaftStorageDirectory.java:analyzeStorage(246)) - The storage directory /workdir/hadoop-ozone/integration-test/target/test-dir/MiniOzoneClusterImpl-526fdb7e-9c97-4370-88fe-75d8a071a2f3/datanode-4/data/ratis/d342bf69-eebf-4df5-99ed-79aaa280b93d does not exist. Creating ...
2019-11-12 23:20:10,456 [pool-192-thread-1] INFO  storage.RaftStorageDirectory (RaftStorageDirectory.java:tryLock(328)) - Lock on /workdir/hadoop-ozone/integration-test/target/test-dir/MiniOzoneClusterImpl-526fdb7e-9c97-4370-88fe-75d8a071a2f3/datanode-4/data/ratis/d342bf69-eebf-4df5-99ed-79aaa280b93d/in_use.lock acquired by nodename 11303@pr-hdds-2464-qsgcv-431919947
2019-11-12 23:20:10,456 [pool-182-thread-1] INFO  storage.RaftStorageDirectory (RaftStorageDirectory.java:tryLock(328)) - Lock on /workdir/hadoop-ozone/integration-test/target/test-dir/MiniOzoneClusterImpl-526fdb7e-9c97-4370-88fe-75d8a071a2f3/datanode-3/data/ratis/d342bf69-eebf-4df5-99ed-79aaa280b93d/in_use.lock acquired by nodename 11303@pr-hdds-2464-qsgcv-431919947
2019-11-12 23:20:10,456 [pool-202-thread-1] INFO  storage.RaftStorageDirectory (RaftStorageDirectory.java:tryLock(328)) - Lock on /workdir/hadoop-ozone/integration-test/target/test-dir/MiniOzoneClusterImpl-526fdb7e-9c97-4370-88fe-75d8a071a2f3/datanode-5/data/ratis/d342bf69-eebf-4df5-99ed-79aaa280b93d/in_use.lock acquired by nodename 11303@pr-hdds-2464-qsgcv-431919947
2019-11-12 23:20:10,469 [pool-182-thread-1] INFO  storage.RaftStorage (RaftStorage.java:format(84)) - Storage directory /workdir/hadoop-ozone/integration-test/target/test-dir/MiniOzoneClusterImpl-526fdb7e-9c97-4370-88fe-75d8a071a2f3/datanode-3/data/ratis/d342bf69-eebf-4df5-99ed-79aaa280b93d has been successfully formatted.
2019-11-12 23:20:10,469 [pool-192-thread-1] INFO  storage.RaftStorage (RaftStorage.java:format(84)) - Storage directory /workdir/hadoop-ozone/integration-test/target/test-dir/MiniOzoneClusterImpl-526fdb7e-9c97-4370-88fe-75d8a071a2f3/datanode-4/data/ratis/d342bf69-eebf-4df5-99ed-79aaa280b93d has been successfully formatted.
2019-11-12 23:20:10,469 [pool-202-thread-1] INFO  storage.RaftStorage (RaftStorage.java:format(84)) - Storage directory /workdir/hadoop-ozone/integration-test/target/test-dir/MiniOzoneClusterImpl-526fdb7e-9c97-4370-88fe-75d8a071a2f3/datanode-5/data/ratis/d342bf69-eebf-4df5-99ed-79aaa280b93d has been successfully formatted.
2019-11-12 23:20:10,469 [pool-182-thread-1] INFO  ratis.ContainerStateMachine (ContainerStateMachine.java:loadSnapshot(223)) - group-79AAA280B93D: The snapshot info is null. Setting the last applied indexto:(t:0, i:~)
2019-11-12 23:20:10,470 [pool-182-thread-1] INFO  server.RaftServerConfigKeys (ConfUtils.java:logGet(43)) - raft.server.notification.no-leader.timeout = 120s (custom)
2019-11-12 23:20:10,470 [pool-182-thread-1] INFO  server.RaftServerConfigKeys (ConfUtils.java:logGet(43)) - raft.server.log.use.memory = false (default)
2019-11-12 23:20:10,470 [pool-182-thread-1] INFO  server.RaftServerConfigKeys (ConfUtils.java:logGet(43)) - raft.server.log.purge.gap = 1000000 (custom)
2019-11-12 23:20:10,470 [pool-182-thread-1] INFO  server.RaftServerConfigKeys (ConfUtils.java:logGet(43)) - raft.server.log.appender.buffer.byte-limit = 33554432 (custom)
2019-11-12 23:20:10,470 [pool-182-thread-1] INFO  server.RaftServerConfigKeys (ConfUtils.java:logGet(43)) - raft.server.log.segment.size.max = 1048576 (custom)
2019-11-12 23:20:10,470 [pool-192-thread-1] INFO  ratis.ContainerStateMachine (ContainerStateMachine.java:loadSnapshot(223)) - group-79AAA280B93D: The snapshot info is null. Setting the last applied indexto:(t:0, i:~)
2019-11-12 23:20:10,470 [pool-182-thread-1] INFO  server.RaftServerConfigKeys (ConfUtils.java:logGet(43)) - raft.server.log.segment.cache.num.max = 2 (custom)
2019-11-12 23:20:10,470 [pool-192-thread-1] INFO  server.RaftServerConfigKeys (ConfUtils.java:logGet(43)) - raft.server.notification.no-leader.timeout = 120s (custom)
2019-11-12 23:20:10,470 [pool-182-thread-1] INFO  segmented.SegmentedRaftLogWorker (SegmentedRaftLogWorker.java:<init>(173)) - new 42d95ea6-05d3-4ca4-82ca-ed08e1855e99@group-79AAA280B93D-SegmentedRaftLogWorker for RaftStorage:Storage Directory /workdir/hadoop-ozone/integration-test/target/test-dir/MiniOzoneClusterImpl-526fdb7e-9c97-4370-88fe-75d8a071a2f3/datanode-3/data/ratis/d342bf69-eebf-4df5-99ed-79aaa280b93d
2019-11-12 23:20:10,471 [pool-202-thread-1] INFO  ratis.ContainerStateMachine (ContainerStateMachine.java:loadSnapshot(223)) - group-79AAA280B93D: The snapshot info is null. Setting the last applied indexto:(t:0, i:~)
2019-11-12 23:20:10,471 [pool-192-thread-1] INFO  server.RaftServerConfigKeys (ConfUtils.java:logGet(43)) - raft.server.log.use.memory = false (default)
2019-11-12 23:20:10,471 [pool-202-thread-1] INFO  server.RaftServerConfigKeys (ConfUtils.java:logGet(43)) - raft.server.notification.no-leader.timeout = 120s (custom)
2019-11-12 23:20:10,471 [pool-182-thread-1] INFO  server.RaftServerConfigKeys (ConfUtils.java:logGet(43)) - raft.server.log.queue.byte-limit = 2147483647 (custom)
2019-11-12 23:20:10,471 [pool-202-thread-1] INFO  server.RaftServerConfigKeys (ConfUtils.java:logGet(43)) - raft.server.log.use.memory = false (default)
2019-11-12 23:20:10,471 [pool-192-thread-1] INFO  server.RaftServerConfigKeys (ConfUtils.java:logGet(43)) - raft.server.log.purge.gap = 1000000 (custom)
2019-11-12 23:20:10,471 [pool-202-thread-1] INFO  server.RaftServerConfigKeys (ConfUtils.java:logGet(43)) - raft.server.log.purge.gap = 1000000 (custom)
2019-11-12 23:20:10,471 [pool-182-thread-1] INFO  server.RaftServerConfigKeys (ConfUtils.java:logGet(43)) - raft.server.log.queue.element-limit = 1024 (custom)
2019-11-12 23:20:10,472 [pool-202-thread-1] INFO  server.RaftServerConfigKeys (ConfUtils.java:logGet(43)) - raft.server.log.appender.buffer.byte-limit = 33554432 (custom)
2019-11-12 23:20:10,471 [pool-192-thread-1] INFO  server.RaftServerConfigKeys (ConfUtils.java:logGet(43)) - raft.server.log.appender.buffer.byte-limit = 33554432 (custom)
2019-11-12 23:20:10,472 [pool-202-thread-1] INFO  server.RaftServerConfigKeys (ConfUtils.java:logGet(43)) - raft.server.log.segment.size.max = 1048576 (custom)
2019-11-12 23:20:10,472 [pool-182-thread-1] INFO  server.RaftServerConfigKeys (ConfUtils.java:logGet(43)) - raft.server.log.segment.size.max = 1048576 (custom)
2019-11-12 23:20:10,472 [pool-202-thread-1] INFO  server.RaftServerConfigKeys (ConfUtils.java:logGet(43)) - raft.server.log.segment.cache.num.max = 2 (custom)
2019-11-12 23:20:10,472 [pool-192-thread-1] INFO  server.RaftServerConfigKeys (ConfUtils.java:logGet(43)) - raft.server.log.segment.size.max = 1048576 (custom)
2019-11-12 23:20:10,472 [pool-202-thread-1] INFO  segmented.SegmentedRaftLogWorker (SegmentedRaftLogWorker.java:<init>(173)) - new 88c939f2-d53e-4de2-8f3f-abd9df815d54@group-79AAA280B93D-SegmentedRaftLogWorker for RaftStorage:Storage Directory /workdir/hadoop-ozone/integration-test/target/test-dir/MiniOzoneClusterImpl-526fdb7e-9c97-4370-88fe-75d8a071a2f3/datanode-5/data/ratis/d342bf69-eebf-4df5-99ed-79aaa280b93d
2019-11-12 23:20:10,472 [pool-182-thread-1] INFO  server.RaftServerConfigKeys (ConfUtils.java:logGet(43)) - raft.server.log.preallocated.size = 16384 (custom)
2019-11-12 23:20:10,472 [pool-202-thread-1] INFO  server.RaftServerConfigKeys (ConfUtils.java:logGet(43)) - raft.server.log.queue.byte-limit = 2147483647 (custom)
2019-11-12 23:20:10,472 [pool-192-thread-1] INFO  server.RaftServerConfigKeys (ConfUtils.java:logGet(43)) - raft.server.log.segment.cache.num.max = 2 (custom)
2019-11-12 23:20:10,472 [pool-202-thread-1] INFO  server.RaftServerConfigKeys (ConfUtils.java:logGet(43)) - raft.server.log.queue.element-limit = 1024 (custom)
2019-11-12 23:20:10,472 [pool-182-thread-1] INFO  server.RaftServerConfigKeys (ConfUtils.java:logGet(43)) - raft.server.log.write.buffer.size = 33554432 (custom)
2019-11-12 23:20:10,473 [pool-202-thread-1] INFO  server.RaftServerConfigKeys (ConfUtils.java:logGet(43)) - raft.server.log.segment.size.max = 1048576 (custom)
2019-11-12 23:20:10,472 [pool-192-thread-1] INFO  segmented.SegmentedRaftLogWorker (SegmentedRaftLogWorker.java:<init>(173)) - new d20ba3f6-e96e-4597-ba1c-bac940786bea@group-79AAA280B93D-SegmentedRaftLogWorker for RaftStorage:Storage Directory /workdir/hadoop-ozone/integration-test/target/test-dir/MiniOzoneClusterImpl-526fdb7e-9c97-4370-88fe-75d8a071a2f3/datanode-4/data/ratis/d342bf69-eebf-4df5-99ed-79aaa280b93d
2019-11-12 23:20:10,473 [pool-202-thread-1] INFO  server.RaftServerConfigKeys (ConfUtils.java:logGet(43)) - raft.server.log.preallocated.size = 16384 (custom)
2019-11-12 23:20:10,473 [pool-182-thread-1] INFO  server.RaftServerConfigKeys (ConfUtils.java:logGet(43)) - raft.server.log.force.sync.num = 128 (default)
2019-11-12 23:20:10,473 [pool-202-thread-1] INFO  server.RaftServerConfigKeys (ConfUtils.java:logGet(43)) - raft.server.log.write.buffer.size = 33554432 (custom)
2019-11-12 23:20:10,473 [pool-192-thread-1] INFO  server.RaftServerConfigKeys (ConfUtils.java:logGet(43)) - raft.server.log.queue.byte-limit = 2147483647 (custom)
2019-11-12 23:20:10,473 [pool-202-thread-1] INFO  server.RaftServerConfigKeys (ConfUtils.java:logGet(43)) - raft.server.log.force.sync.num = 128 (default)
2019-11-12 23:20:10,473 [pool-182-thread-1] INFO  server.RaftServerConfigKeys (ConfUtils.java:logGet(43)) - raft.server.log.statemachine.data.sync = true (default)
2019-11-12 23:20:10,473 [pool-202-thread-1] INFO  server.RaftServerConfigKeys (ConfUtils.java:logGet(43)) - raft.server.log.statemachine.data.sync = true (default)
2019-11-12 23:20:10,473 [pool-192-thread-1] INFO  server.RaftServerConfigKeys (ConfUtils.java:logGet(43)) - raft.server.log.queue.element-limit = 1024 (custom)
2019-11-12 23:20:10,473 [pool-202-thread-1] INFO  server.RaftServerConfigKeys (ConfUtils.java:logGet(43)) - raft.server.log.statemachine.data.sync.timeout = 10s (default)
2019-11-12 23:20:10,473 [pool-182-thread-1] INFO  server.RaftServerConfigKeys (ConfUtils.java:logGet(43)) - raft.server.log.statemachine.data.sync.timeout = 10s (default)
2019-11-12 23:20:10,474 [pool-202-thread-1] INFO  server.RaftServerConfigKeys (ConfUtils.java:logGet(43)) - raft.server.log.statemachine.data.sync.timeout.retry = -1 (default)
2019-11-12 23:20:10,473 [pool-192-thread-1] INFO  server.RaftServerConfigKeys (ConfUtils.java:logGet(43)) - raft.server.log.segment.size.max = 1048576 (custom)
2019-11-12 23:20:10,474 [pool-202-thread-1] INFO  server.RaftServerConfigKeys (ConfUtils.java:logGet(43)) - raft.server.log.statemachine.data.caching.enabled = true (custom)
2019-11-12 23:20:10,474 [pool-182-thread-1] INFO  server.RaftServerConfigKeys (ConfUtils.java:logGet(43)) - raft.server.log.statemachine.data.sync.timeout.retry = -1 (default)
2019-11-12 23:20:10,474 [pool-202-thread-1] INFO  segmented.SegmentedRaftLogWorker (SegmentedRaftLogWorker.java:lambda$new$0(128)) - 88c939f2-d53e-4de2-8f3f-abd9df815d54@group-79AAA280B93D-SegmentedRaftLogWorker: flushIndex: setUnconditionally 0 -> -1
2019-11-12 23:20:10,474 [pool-192-thread-1] INFO  server.RaftServerConfigKeys (ConfUtils.java:logGet(43)) - raft.server.log.preallocated.size = 16384 (custom)
2019-11-12 23:20:10,474 [pool-202-thread-1] INFO  server.RaftServerConfigKeys (ConfUtils.java:logGet(43)) - raft.server.snapshot.auto.trigger.enabled = true (custom)
2019-11-12 23:20:10,474 [pool-182-thread-1] INFO  server.RaftServerConfigKeys (ConfUtils.java:logGet(43)) - raft.server.log.statemachine.data.caching.enabled = true (custom)
2019-11-12 23:20:10,474 [pool-202-thread-1] INFO  server.RaftServerConfigKeys (ConfUtils.java:logGet(43)) - raft.server.snapshot.auto.trigger.threshold = 10000 (custom)
2019-11-12 23:20:10,474 [pool-192-thread-1] INFO  server.RaftServerConfigKeys (ConfUtils.java:logGet(43)) - raft.server.log.write.buffer.size = 33554432 (custom)
2019-11-12 23:20:10,475 [pool-182-thread-1] INFO  segmented.SegmentedRaftLogWorker (SegmentedRaftLogWorker.java:lambda$new$0(128)) - 42d95ea6-05d3-4ca4-82ca-ed08e1855e99@group-79AAA280B93D-SegmentedRaftLogWorker: flushIndex: setUnconditionally 0 -> -1
2019-11-12 23:20:10,475 [pool-192-thread-1] INFO  server.RaftServerConfigKeys (ConfUtils.java:logGet(43)) - raft.server.log.force.sync.num = 128 (default)
2019-11-12 23:20:10,475 [pool-202-thread-1] INFO  server.RaftServerConfigKeys (ConfUtils.java:logGet(43)) - raft.server.snapshot.retention.file.num = 5 (custom)
2019-11-12 23:20:10,475 [pool-182-thread-1] INFO  server.RaftServerConfigKeys (ConfUtils.java:logGet(43)) - raft.server.snapshot.auto.trigger.enabled = true (custom)
2019-11-12 23:20:10,475 [pool-192-thread-1] INFO  server.RaftServerConfigKeys (ConfUtils.java:logGet(43)) - raft.server.log.statemachine.data.sync = true (default)
2019-11-12 23:20:10,475 [pool-182-thread-1] INFO  server.RaftServerConfigKeys (ConfUtils.java:logGet(43)) - raft.server.snapshot.auto.trigger.threshold = 10000 (custom)
2019-11-12 23:20:10,475 [pool-202-thread-1] INFO  server.RaftServerConfigKeys (ConfUtils.java:logGet(43)) - raft.server.retrycache.expirytime = 600000ms (custom)
2019-11-12 23:20:10,475 [pool-182-thread-1] INFO  server.RaftServerConfigKeys (ConfUtils.java:logGet(43)) - raft.server.snapshot.retention.file.num = 5 (custom)
2019-11-12 23:20:10,475 [pool-192-thread-1] INFO  server.RaftServerConfigKeys (ConfUtils.java:logGet(43)) - raft.server.log.statemachine.data.sync.timeout = 10s (default)
2019-11-12 23:20:10,476 [pool-182-thread-1] INFO  server.RaftServerConfigKeys (ConfUtils.java:logGet(43)) - raft.server.retrycache.expirytime = 600000ms (custom)
2019-11-12 23:20:10,475 [pool-202-thread-1] WARN  impl.MetricRegistriesImpl (MetricRegistriesImpl.java:lambda$create$1(61)) - First MetricRegistry has been created without registering reporters. You may need to call MetricRegistries.global().addReportRegistration(...) before.
2019-11-12 23:20:10,476 [pool-182-thread-1] WARN  impl.MetricRegistriesImpl (MetricRegistriesImpl.java:lambda$create$1(61)) - First MetricRegistry has been created without registering reporters. You may need to call MetricRegistries.global().addReportRegistration(...) before.
2019-11-12 23:20:10,476 [pool-192-thread-1] INFO  server.RaftServerConfigKeys (ConfUtils.java:logGet(43)) - raft.server.log.statemachine.data.sync.timeout.retry = -1 (default)
2019-11-12 23:20:10,476 [pool-182-thread-1] WARN  impl.MetricRegistriesImpl (MetricRegistriesImpl.java:lambda$create$1(61)) - First MetricRegistry has been created without registering reporters. You may need to call MetricRegistries.global().addReportRegistration(...) before.
2019-11-12 23:20:10,476 [pool-202-thread-1] WARN  impl.MetricRegistriesImpl (MetricRegistriesImpl.java:lambda$create$1(61)) - First MetricRegistry has been created without registering reporters. You may need to call MetricRegistries.global().addReportRegistration(...) before.
2019-11-12 23:20:10,476 [pool-192-thread-1] INFO  server.RaftServerConfigKeys (ConfUtils.java:logGet(43)) - raft.server.log.statemachine.data.caching.enabled = true (custom)
2019-11-12 23:20:10,476 [pool-202-thread-1] INFO  impl.RaftServerImpl (RaftServerImpl.java:start(184)) - 88c939f2-d53e-4de2-8f3f-abd9df815d54@group-79AAA280B93D: start as a follower, conf=-1: [42d95ea6-05d3-4ca4-82ca-ed08e1855e99:192.168.164.209:39395, 88c939f2-d53e-4de2-8f3f-abd9df815d54:192.168.164.209:45039, d20ba3f6-e96e-4597-ba1c-bac940786bea:192.168.164.209:36673], old=null
2019-11-12 23:20:10,476 [pool-182-thread-1] INFO  impl.RaftServerImpl (RaftServerImpl.java:start(184)) - 42d95ea6-05d3-4ca4-82ca-ed08e1855e99@group-79AAA280B93D: start as a follower, conf=-1: [42d95ea6-05d3-4ca4-82ca-ed08e1855e99:192.168.164.209:39395, 88c939f2-d53e-4de2-8f3f-abd9df815d54:192.168.164.209:45039, d20ba3f6-e96e-4597-ba1c-bac940786bea:192.168.164.209:36673], old=null
2019-11-12 23:20:10,477 [pool-192-thread-1] INFO  segmented.SegmentedRaftLogWorker (SegmentedRaftLogWorker.java:lambda$new$0(128)) - d20ba3f6-e96e-4597-ba1c-bac940786bea@group-79AAA280B93D-SegmentedRaftLogWorker: flushIndex: setUnconditionally 0 -> -1
2019-11-12 23:20:10,477 [pool-202-thread-1] INFO  impl.RaftServerImpl (RaftServerImpl.java:setRole(173)) - 88c939f2-d53e-4de2-8f3f-abd9df815d54@group-79AAA280B93D: changes role from      null to FOLLOWER at term 0 for startAsFollower
2019-11-12 23:20:10,477 [pool-182-thread-1] INFO  impl.RaftServerImpl (RaftServerImpl.java:setRole(173)) - 42d95ea6-05d3-4ca4-82ca-ed08e1855e99@group-79AAA280B93D: changes role from      null to FOLLOWER at term 0 for startAsFollower
2019-11-12 23:20:10,477 [pool-192-thread-1] INFO  server.RaftServerConfigKeys (ConfUtils.java:logGet(43)) - raft.server.snapshot.auto.trigger.enabled = true (custom)
2019-11-12 23:20:10,477 [pool-202-thread-1] INFO  impl.RoleInfo (RoleInfo.java:updateAndGet(143)) - 88c939f2-d53e-4de2-8f3f-abd9df815d54: start FollowerState
2019-11-12 23:20:10,477 [pool-192-thread-1] INFO  server.RaftServerConfigKeys (ConfUtils.java:logGet(43)) - raft.server.snapshot.auto.trigger.threshold = 10000 (custom)
2019-11-12 23:20:10,477 [pool-182-thread-1] INFO  impl.RoleInfo (RoleInfo.java:updateAndGet(143)) - 42d95ea6-05d3-4ca4-82ca-ed08e1855e99: start FollowerState
2019-11-12 23:20:10,477 [pool-192-thread-1] INFO  server.RaftServerConfigKeys (ConfUtils.java:logGet(43)) - raft.server.snapshot.retention.file.num = 5 (custom)
2019-11-12 23:20:10,484 [pool-202-thread-1] INFO  util.JmxRegister (JmxRegister.java:tryRegister(44)) - Successfully registered JMX Bean with object name Ratis:service=RaftServer,group=group-79AAA280B93D,id=88c939f2-d53e-4de2-8f3f-abd9df815d54
2019-11-12 23:20:10,484 [pool-202-thread-1] WARN  impl.MetricRegistriesImpl (MetricRegistriesImpl.java:lambda$create$1(61)) - First MetricRegistry has been created without registering reporters. You may need to call MetricRegistries.global().addReportRegistration(...) before.
2019-11-12 23:20:10,484 [pool-182-thread-1] INFO  util.JmxRegister (JmxRegister.java:tryRegister(44)) - Successfully registered JMX Bean with object name Ratis:service=RaftServer,group=group-79AAA280B93D,id=42d95ea6-05d3-4ca4-82ca-ed08e1855e99
2019-11-12 23:20:10,484 [pool-192-thread-1] INFO  server.RaftServerConfigKeys (ConfUtils.java:logGet(43)) - raft.server.retrycache.expirytime = 600000ms (custom)
2019-11-12 23:20:10,484 [pool-182-thread-1] WARN  impl.MetricRegistriesImpl (MetricRegistriesImpl.java:lambda$create$1(61)) - First MetricRegistry has been created without registering reporters. You may need to call MetricRegistries.global().addReportRegistration(...) before.
2019-11-12 23:20:10,490 [pool-192-thread-1] WARN  impl.MetricRegistriesImpl (MetricRegistriesImpl.java:lambda$create$1(61)) - First MetricRegistry has been created without registering reporters. You may need to call MetricRegistries.global().addReportRegistration(...) before.
2019-11-12 23:20:10,490 [pool-192-thread-1] WARN  impl.MetricRegistriesImpl (MetricRegistriesImpl.java:lambda$create$1(61)) - First MetricRegistry has been created without registering reporters. You may need to call MetricRegistries.global().addReportRegistration(...) before.
2019-11-12 23:20:10,491 [pool-192-thread-1] INFO  impl.RaftServerImpl (RaftServerImpl.java:start(184)) - d20ba3f6-e96e-4597-ba1c-bac940786bea@group-79AAA280B93D: start as a follower, conf=-1: [42d95ea6-05d3-4ca4-82ca-ed08e1855e99:192.168.164.209:39395, 88c939f2-d53e-4de2-8f3f-abd9df815d54:192.168.164.209:45039, d20ba3f6-e96e-4597-ba1c-bac940786bea:192.168.164.209:36673], old=null
2019-11-12 23:20:10,491 [pool-192-thread-1] INFO  impl.RaftServerImpl (RaftServerImpl.java:setRole(173)) - d20ba3f6-e96e-4597-ba1c-bac940786bea@group-79AAA280B93D: changes role from      null to FOLLOWER at term 0 for startAsFollower
2019-11-12 23:20:10,491 [pool-192-thread-1] INFO  impl.RoleInfo (RoleInfo.java:updateAndGet(143)) - d20ba3f6-e96e-4597-ba1c-bac940786bea: start FollowerState
2019-11-12 23:20:10,491 [pool-192-thread-1] INFO  util.JmxRegister (JmxRegister.java:tryRegister(44)) - Successfully registered JMX Bean with object name Ratis:service=RaftServer,group=group-79AAA280B93D,id=d20ba3f6-e96e-4597-ba1c-bac940786bea
2019-11-12 23:20:10,492 [pool-192-thread-1] WARN  impl.MetricRegistriesImpl (MetricRegistriesImpl.java:lambda$create$1(61)) - First MetricRegistry has been created without registering reporters. You may need to call MetricRegistries.global().addReportRegistration(...) before.
2019-11-12 23:20:10,494 [RatisPipelineUtilsThread] INFO  pipeline.PipelineStateManager (PipelineStateManager.java:addPipeline(55)) - Created pipeline Pipeline[ Id: d342bf69-eebf-4df5-99ed-79aaa280b93d, Nodes: d20ba3f6-e96e-4597-ba1c-bac940786bea{ip: 192.168.164.209, host: pr-hdds-2464-qsgcv-431919947, networkLocation: /default-rack, certSerialId: null}88c939f2-d53e-4de2-8f3f-abd9df815d54{ip: 192.168.164.209, host: pr-hdds-2464-qsgcv-431919947, networkLocation: /default-rack, certSerialId: null}42d95ea6-05d3-4ca4-82ca-ed08e1855e99{ip: 192.168.164.209, host: pr-hdds-2464-qsgcv-431919947, networkLocation: /default-rack, certSerialId: null}, Type:RATIS, Factor:THREE, State:ALLOCATED]
2019-11-12 23:20:10,826 [Thread-1339] INFO  impl.FollowerState (FollowerState.java:run(111)) - b7cd9551-1bd0-408f-a1aa-df7bdc8ebd77@group-69F03E8806E2-FollowerState: change to CANDIDATE, lastRpcTime:1001ms, electionTimeout:1001ms
2019-11-12 23:20:10,826 [Thread-1339] INFO  impl.RoleInfo (RoleInfo.java:shutdownFollowerState(121)) - b7cd9551-1bd0-408f-a1aa-df7bdc8ebd77: shutdown FollowerState
2019-11-12 23:20:10,826 [Thread-1339] INFO  impl.RaftServerImpl (RaftServerImpl.java:setRole(173)) - b7cd9551-1bd0-408f-a1aa-df7bdc8ebd77@group-69F03E8806E2: changes role from  FOLLOWER to CANDIDATE at term 0 for changeToCandidate
2019-11-12 23:20:10,826 [Thread-1339] INFO  impl.RoleInfo (RoleInfo.java:updateAndGet(143)) - b7cd9551-1bd0-408f-a1aa-df7bdc8ebd77: start LeaderElection
2019-11-12 23:20:10,856 [b7cd9551-1bd0-408f-a1aa-df7bdc8ebd77@group-69F03E8806E2-LeaderElection43] INFO  impl.LeaderElection (LeaderElection.java:askForVotes(178)) - b7cd9551-1bd0-408f-a1aa-df7bdc8ebd77@group-69F03E8806E2-LeaderElection43: begin an election at term 1 for -1: [b7cd9551-1bd0-408f-a1aa-df7bdc8ebd77:192.168.164.209:36523], old=null
2019-11-12 23:20:10,858 [b7cd9551-1bd0-408f-a1aa-df7bdc8ebd77@group-69F03E8806E2-LeaderElection43] INFO  impl.RoleInfo (RoleInfo.java:shutdownLeaderElection(134)) - b7cd9551-1bd0-408f-a1aa-df7bdc8ebd77: shutdown LeaderElection
2019-11-12 23:20:10,858 [b7cd9551-1bd0-408f-a1aa-df7bdc8ebd77@group-69F03E8806E2-LeaderElection43] INFO  impl.RaftServerImpl (RaftServerImpl.java:setRole(173)) - b7cd9551-1bd0-408f-a1aa-df7bdc8ebd77@group-69F03E8806E2: changes role from CANDIDATE to LEADER at term 1 for changeToLeader
2019-11-12 23:20:10,858 [b7cd9551-1bd0-408f-a1aa-df7bdc8ebd77@group-69F03E8806E2-LeaderElection43] INFO  ratis.XceiverServerRatis (XceiverServerRatis.java:handleLeaderChangedNotification(697)) - Leader change notification received for group: group-69F03E8806E2 with new leaderId: b7cd9551-1bd0-408f-a1aa-df7bdc8ebd77
2019-11-12 23:20:10,859 [b7cd9551-1bd0-408f-a1aa-df7bdc8ebd77@group-69F03E8806E2-LeaderElection43] INFO  impl.RaftServerImpl (ServerState.java:setLeader(255)) - b7cd9551-1bd0-408f-a1aa-df7bdc8ebd77@group-69F03E8806E2: change Leader from null to b7cd9551-1bd0-408f-a1aa-df7bdc8ebd77 at term 1 for becomeLeader, leader elected after 1041ms
2019-11-12 23:20:10,859 [b7cd9551-1bd0-408f-a1aa-df7bdc8ebd77@group-69F03E8806E2-LeaderElection43] INFO  server.RaftServerConfigKeys (ConfUtils.java:logGet(43)) - raft.server.staging.catchup.gap = 1000 (default)
2019-11-12 23:20:10,859 [b7cd9551-1bd0-408f-a1aa-df7bdc8ebd77@group-69F03E8806E2-LeaderElection43] INFO  server.RaftServerConfigKeys (ConfUtils.java:logGet(43)) - raft.server.rpc.sleep.time = 25ms (default)
2019-11-12 23:20:10,859 [b7cd9551-1bd0-408f-a1aa-df7bdc8ebd77@group-69F03E8806E2-LeaderElection43] INFO  server.RaftServerConfigKeys (ConfUtils.java:logGet(43)) - raft.server.write.element-limit = 4096 (default)
2019-11-12 23:20:10,859 [b7cd9551-1bd0-408f-a1aa-df7bdc8ebd77@group-69F03E8806E2-LeaderElection43] INFO  server.RaftServerConfigKeys (ConfUtils.java:logGet(43)) - raft.server.watch.timeout = 10s (default)
2019-11-12 23:20:10,859 [b7cd9551-1bd0-408f-a1aa-df7bdc8ebd77@group-69F03E8806E2-LeaderElection43] INFO  server.RaftServerConfigKeys (ConfUtils.java:logGet(43)) - raft.server.watch.timeout.denomination = 1s (default)
2019-11-12 23:20:10,859 [b7cd9551-1bd0-408f-a1aa-df7bdc8ebd77@group-69F03E8806E2-LeaderElection43] INFO  server.RaftServerConfigKeys (ConfUtils.java:logGet(43)) - raft.server.watch.element-limit = 65536 (default)
2019-11-12 23:20:10,860 [b7cd9551-1bd0-408f-a1aa-df7bdc8ebd77@group-69F03E8806E2-LeaderElection43] INFO  impl.RoleInfo (RoleInfo.java:updateAndGet(143)) - b7cd9551-1bd0-408f-a1aa-df7bdc8ebd77: start LeaderState
2019-11-12 23:20:10,860 [b7cd9551-1bd0-408f-a1aa-df7bdc8ebd77@group-69F03E8806E2-LeaderElection43] INFO  segmented.SegmentedRaftLogWorker (SegmentedRaftLogWorker.java:startLogSegment(385)) - b7cd9551-1bd0-408f-a1aa-df7bdc8ebd77@group-69F03E8806E2-SegmentedRaftLogWorker: Starting segment from index:0
2019-11-12 23:20:10,860 [EventQueue-PipelineReportForPipelineReportHandler] INFO  pipeline.PipelineStateManager (PipelineStateManager.java:openPipeline(134)) - Pipeline Pipeline[ Id: a1b96b9b-c273-41db-8e84-69f03e8806e2, Nodes: b7cd9551-1bd0-408f-a1aa-df7bdc8ebd77{ip: 192.168.164.209, host: pr-hdds-2464-qsgcv-431919947, networkLocation: /default-rack, certSerialId: null}, Type:RATIS, Factor:ONE, State:OPEN] moved to OPEN state
2019-11-12 23:20:10,860 [b7cd9551-1bd0-408f-a1aa-df7bdc8ebd77@group-69F03E8806E2-LeaderElection43] INFO  impl.RaftServerImpl (ServerState.java:setRaftConf(356)) - b7cd9551-1bd0-408f-a1aa-df7bdc8ebd77@group-69F03E8806E2: set configuration 0: [b7cd9551-1bd0-408f-a1aa-df7bdc8ebd77:192.168.164.209:36523], old=null at 0
2019-11-12 23:20:10,904 [b7cd9551-1bd0-408f-a1aa-df7bdc8ebd77@group-69F03E8806E2-SegmentedRaftLogWorker] INFO  segmented.SegmentedRaftLogWorker (SegmentedRaftLogWorker.java:execute(576)) - b7cd9551-1bd0-408f-a1aa-df7bdc8ebd77@group-69F03E8806E2-SegmentedRaftLogWorker: created new log segment /workdir/hadoop-ozone/integration-test/target/test-dir/MiniOzoneClusterImpl-526fdb7e-9c97-4370-88fe-75d8a071a2f3/datanode-0/data/ratis/a1b96b9b-c273-41db-8e84-69f03e8806e2/current/log_inprogress_0
2019-11-12 23:20:10,914 [main] WARN  io.KeyOutputStream (KeyOutputStream.java:handleException(274)) - Encountered exception java.io.IOException: Unexpected Storage Container Exception: java.util.concurrent.CompletionException: java.util.concurrent.CompletionException: org.apache.ratis.protocol.GroupMismatchException: 0abad138-b24b-47c7-afcb-ebb08d39de0a: group-DCB91DA26963 not found. on the pipeline Pipeline[ Id: 0e287f3a-9310-4c4d-bb0e-dcb91da26963, Nodes: 80837678-b947-4bce-b966-fc20c0dfbdbf{ip: 192.168.164.209, host: pr-hdds-2464-qsgcv-431919947, networkLocation: /default-rack, certSerialId: null}0abad138-b24b-47c7-afcb-ebb08d39de0a{ip: 192.168.164.209, host: pr-hdds-2464-qsgcv-431919947, networkLocation: /default-rack, certSerialId: null}b7cd9551-1bd0-408f-a1aa-df7bdc8ebd77{ip: 192.168.164.209, host: pr-hdds-2464-qsgcv-431919947, networkLocation: /default-rack, certSerialId: null}, Type:RATIS, Factor:THREE, State:OPEN]. The last committed block length is 0, uncommitted data length is 2097152 retry count 0
2019-11-12 23:20:10,916 [main] INFO  io.BlockOutputStreamEntryPool (BlockOutputStreamEntryPool.java:allocateNewBlock(257)) - Allocating block with ExcludeList {datanodes = [], containerIds = [], pipelineIds = [PipelineID=0e287f3a-9310-4c4d-bb0e-dcb91da26963]}
2019-11-12 23:20:10,922 [IPC Server handler 0 on 43661] WARN  block.BlockManagerImpl (BlockManagerImpl.java:allocateBlock(200)) - Pipeline creation failed for type:RATIS factor:THREE. Retrying get pipelines call once.
org.apache.hadoop.hdds.scm.pipeline.InsufficientDatanodesException: Cannot create pipeline of factor 3 using 0 nodes.
	at org.apache.hadoop.hdds.scm.pipeline.RatisPipelineProvider.create(RatisPipelineProvider.java:153)
	at org.apache.hadoop.hdds.scm.pipeline.PipelineFactory.create(PipelineFactory.java:58)
	at org.apache.hadoop.hdds.scm.pipeline.SCMPipelineManager.createPipeline(SCMPipelineManager.java:155)
	at org.apache.hadoop.hdds.scm.block.BlockManagerImpl.allocateBlock(BlockManagerImpl.java:198)
	at org.apache.hadoop.hdds.scm.server.SCMBlockProtocolServer.allocateBlock(SCMBlockProtocolServer.java:187)
	at org.apache.hadoop.hdds.scm.protocol.ScmBlockLocationProtocolServerSideTranslatorPB.allocateScmBlock(ScmBlockLocationProtocolServerSideTranslatorPB.java:159)
	at org.apache.hadoop.hdds.scm.protocol.ScmBlockLocationProtocolServerSideTranslatorPB.processMessage(ScmBlockLocationProtocolServerSideTranslatorPB.java:117)
	at org.apache.hadoop.hdds.server.OzoneProtocolMessageDispatcher.processRequest(OzoneProtocolMessageDispatcher.java:72)
	at org.apache.hadoop.hdds.scm.protocol.ScmBlockLocationProtocolServerSideTranslatorPB.send(ScmBlockLocationProtocolServerSideTranslatorPB.java:98)
	at org.apache.hadoop.hdds.protocol.proto.ScmBlockLocationProtocolProtos$ScmBlockLocationProtocolService$2.callBlockingMethod(ScmBlockLocationProtocolProtos.java:13157)
	at org.apache.hadoop.ipc.ProtobufRpcEngine$Server$ProtoBufRpcInvoker.call(ProtobufRpcEngine.java:524)
	at org.apache.hadoop.ipc.RPC$Server.call(RPC.java:1025)
	at org.apache.hadoop.ipc.Server$RpcCall.run(Server.java:876)
	at org.apache.hadoop.ipc.Server$RpcCall.run(Server.java:822)
	at java.security.AccessController.doPrivileged(Native Method)
	at javax.security.auth.Subject.doAs(Subject.java:422)
	at org.apache.hadoop.security.UserGroupInformation.doAs(UserGroupInformation.java:1730)
	at org.apache.hadoop.ipc.Server$Handler.run(Server.java:2682)
2019-11-12 23:20:10,925 [IPC Server handler 0 on 43661] INFO  block.BlockManagerImpl (BlockManagerImpl.java:allocateBlock(212)) - Could not find available pipeline of type:RATIS and factor:THREE even after retrying
2019-11-12 23:20:10,925 [IPC Server handler 0 on 43661] ERROR block.BlockManagerImpl (BlockManagerImpl.java:allocateBlock(236)) - Unable to allocate a block for the size: 4194304, type: RATIS, factor: THREE
2019-11-12 23:20:10,928 [main] ERROR io.BlockOutputStreamEntryPool (BlockOutputStreamEntryPool.java:allocateBlockIfNeeded(310)) - Try to allocate more blocks for write failed, already allocated 0 blocks for this write.
INTERNAL_ERROR org.apache.hadoop.ozone.om.exceptions.OMException: Allocated 0 blocks. Requested 1 blocks
	at org.apache.hadoop.ozone.om.protocolPB.OzoneManagerProtocolClientSideTranslatorPB.handleError(OzoneManagerProtocolClientSideTranslatorPB.java:761)
	at org.apache.hadoop.ozone.om.protocolPB.OzoneManagerProtocolClientSideTranslatorPB.allocateBlock(OzoneManagerProtocolClientSideTranslatorPB.java:793)
	at sun.reflect.NativeMethodAccessorImpl.invoke0(Native Method)
	at sun.reflect.NativeMethodAccessorImpl.invoke(NativeMethodAccessorImpl.java:62)
	at sun.reflect.DelegatingMethodAccessorImpl.invoke(DelegatingMethodAccessorImpl.java:43)
	at java.lang.reflect.Method.invoke(Method.java:498)
	at org.apache.hadoop.hdds.tracing.TraceAllMethod.invoke(TraceAllMethod.java:66)
	at com.sun.proxy.$Proxy36.allocateBlock(Unknown Source)
	at org.apache.hadoop.ozone.client.io.BlockOutputStreamEntryPool.allocateNewBlock(BlockOutputStreamEntryPool.java:259)
	at org.apache.hadoop.ozone.client.io.BlockOutputStreamEntryPool.allocateBlockIfNeeded(BlockOutputStreamEntryPool.java:307)
	at org.apache.hadoop.ozone.client.io.KeyOutputStream.handleWrite(KeyOutputStream.java:198)
	at org.apache.hadoop.ozone.client.io.KeyOutputStream.handleRetry(KeyOutputStream.java:375)
	at org.apache.hadoop.ozone.client.io.KeyOutputStream.handleException(KeyOutputStream.java:324)
	at org.apache.hadoop.ozone.client.io.KeyOutputStream.handleWrite(KeyOutputStream.java:228)
	at org.apache.hadoop.ozone.client.io.KeyOutputStream.write(KeyOutputStream.java:190)
	at org.apache.hadoop.ozone.client.io.OzoneOutputStream.write(OzoneOutputStream.java:49)
	at java.io.OutputStream.write(OutputStream.java:75)
	at org.apache.hadoop.ozone.client.rpc.TestMultiBlockWritesWithDnFailures.testMultiBlockWritesWithDnFailures(TestMultiBlockWritesWithDnFailures.java:123)
	at sun.reflect.NativeMethodAccessorImpl.invoke0(Native Method)
	at sun.reflect.NativeMethodAccessorImpl.invoke(NativeMethodAccessorImpl.java:62)
	at sun.reflect.DelegatingMethodAccessorImpl.invoke(DelegatingMethodAccessorImpl.java:43)
	at java.lang.reflect.Method.invoke(Method.java:498)
	at org.junit.runners.model.FrameworkMethod$1.runReflectiveCall(FrameworkMethod.java:47)
	at org.junit.internal.runners.model.ReflectiveCallable.run(ReflectiveCallable.java:12)
	at org.junit.runners.model.FrameworkMethod.invokeExplosively(FrameworkMethod.java:44)
	at org.junit.internal.runners.statements.InvokeMethod.evaluate(InvokeMethod.java:17)
	at org.junit.internal.runners.statements.RunAfters.evaluate(RunAfters.java:27)
	at org.junit.runners.ParentRunner.runLeaf(ParentRunner.java:271)
	at org.junit.runners.BlockJUnit4ClassRunner.runChild(BlockJUnit4ClassRunner.java:70)
	at org.junit.runners.BlockJUnit4ClassRunner.runChild(BlockJUnit4ClassRunner.java:50)
	at org.junit.runners.ParentRunner$3.run(ParentRunner.java:238)
	at org.junit.runners.ParentRunner$1.schedule(ParentRunner.java:63)
	at org.junit.runners.ParentRunner.runChildren(ParentRunner.java:236)
	at org.junit.runners.ParentRunner.access$000(ParentRunner.java:53)
	at org.junit.runners.ParentRunner$2.evaluate(ParentRunner.java:229)
	at org.junit.runners.ParentRunner.run(ParentRunner.java:309)
	at org.apache.maven.surefire.junit4.JUnit4Provider.execute(JUnit4Provider.java:365)
	at org.apache.maven.surefire.junit4.JUnit4Provider.executeWithRerun(JUnit4Provider.java:273)
	at org.apache.maven.surefire.junit4.JUnit4Provider.executeTestSet(JUnit4Provider.java:238)
	at org.apache.maven.surefire.junit4.JUnit4Provider.invoke(JUnit4Provider.java:159)
	at org.apache.maven.surefire.booter.ForkedBooter.invokeProviderInSameClassLoader(ForkedBooter.java:384)
	at org.apache.maven.surefire.booter.ForkedBooter.runSuitesInProcess(ForkedBooter.java:345)
	at org.apache.maven.surefire.booter.ForkedBooter.execute(ForkedBooter.java:126)
	at org.apache.maven.surefire.booter.ForkedBooter.main(ForkedBooter.java:418)
2019-11-12 23:20:10,929 [main] INFO  ozone.MiniOzoneClusterImpl (MiniOzoneClusterImpl.java:shutdown(352)) - Shutting down the Mini Ozone Cluster
2019-11-12 23:20:10,929 [main] INFO  ozone.MiniOzoneClusterImpl (MiniOzoneClusterImpl.java:stop(368)) - Stopping the Mini Ozone Cluster
2019-11-12 23:20:10,930 [main] INFO  ozone.MiniOzoneClusterImpl (MiniOzoneClusterImpl.java:stopOM(438)) - Stopping the OzoneManager
2019-11-12 23:20:10,930 [main] INFO  ipc.Server (Server.java:stop(3082)) - Stopping server on 40363
2019-11-12 23:20:10,935 [main] INFO  ratis.OzoneManagerDoubleBuffer (OzoneManagerDoubleBuffer.java:stop(261)) - Stopping OMDoubleBuffer flush thread
2019-11-12 23:20:10,935 [IPC Server listener on 40363] INFO  ipc.Server (Server.java:run(1185)) - Stopping IPC Server listener on 40363
2019-11-12 23:20:10,940 [OMDoubleBufferFlushThread] INFO  ratis.OzoneManagerDoubleBuffer (OzoneManagerDoubleBuffer.java:flushTransactions(199)) - OMDoubleBuffer flush thread OMDoubleBufferFlushThread is interrupted and will exit. OMDoubleBufferFlushThread
2019-11-12 23:20:10,938 [IPC Server Responder] INFO  ipc.Server (Server.java:run(1319)) - Stopping IPC Server Responder
2019-11-12 23:20:10,942 [main] INFO  utils.BackgroundService (BackgroundService.java:shutdown(151)) - Shutting down service KeyDeletingService
2019-11-12 23:20:10,950 [main] INFO  handler.ContextHandler (ContextHandler.java:doStop(910)) - Stopped o.e.j.w.WebAppContext@46039a21{/,null,UNAVAILABLE}{/ozoneManager}
2019-11-12 23:20:10,951 [main] INFO  server.AbstractConnector (AbstractConnector.java:doStop(318)) - Stopped ServerConnector@431e86b1{HTTP/1.1,[http/1.1]}{0.0.0.0:0}
2019-11-12 23:20:10,951 [main] INFO  handler.ContextHandler (ContextHandler.java:doStop(910)) - Stopped o.e.j.s.ServletContextHandler@45adc393{/static,file:///workdir/hadoop-ozone/integration-test/target/test-classes/webapps/static,UNAVAILABLE}
2019-11-12 23:20:10,951 [main] INFO  handler.ContextHandler (ContextHandler.java:doStop(910)) - Stopped o.e.j.s.ServletContextHandler@55fee662{/logs,file:///workdir/hadoop-ozone/integration-test/target/log,UNAVAILABLE}
2019-11-12 23:20:10,955 [main] INFO  ozone.MiniOzoneClusterImpl (MiniOzoneClusterImpl.java:stopDatanodes(415)) - Stopping the HddsDatanodes
2019-11-12 23:20:11,100 [Datanode State Machine Thread - 0] INFO  statemachine.DatanodeStateMachine (DatanodeStateMachine.java:lambda$startDaemon$0(350)) - Ozone container server started.
2019-11-12 23:20:11,250 [Datanode State Machine Thread - 0] INFO  statemachine.DatanodeStateMachine (DatanodeStateMachine.java:lambda$startDaemon$0(350)) - Ozone container server started.
2019-11-12 23:20:11,294 [Thread-1358] INFO  impl.FollowerState (FollowerState.java:run(111)) - 80837678-b947-4bce-b966-fc20c0dfbdbf@group-D099D4B3691C-FollowerState: change to CANDIDATE, lastRpcTime:1067ms, electionTimeout:1067ms
2019-11-12 23:20:11,294 [Thread-1358] INFO  impl.RoleInfo (RoleInfo.java:shutdownFollowerState(121)) - 80837678-b947-4bce-b966-fc20c0dfbdbf: shutdown FollowerState
2019-11-12 23:20:11,294 [Thread-1358] INFO  impl.RaftServerImpl (RaftServerImpl.java:setRole(173)) - 80837678-b947-4bce-b966-fc20c0dfbdbf@group-D099D4B3691C: changes role from  FOLLOWER to CANDIDATE at term 0 for changeToCandidate
2019-11-12 23:20:11,294 [Thread-1358] INFO  impl.RoleInfo (RoleInfo.java:updateAndGet(143)) - 80837678-b947-4bce-b966-fc20c0dfbdbf: start LeaderElection
2019-11-12 23:20:11,331 [80837678-b947-4bce-b966-fc20c0dfbdbf@group-D099D4B3691C-LeaderElection44] INFO  impl.LeaderElection (LeaderElection.java:askForVotes(178)) - 80837678-b947-4bce-b966-fc20c0dfbdbf@group-D099D4B3691C-LeaderElection44: begin an election at term 1 for -1: [80837678-b947-4bce-b966-fc20c0dfbdbf:192.168.164.209:33427, 0abad138-b24b-47c7-afcb-ebb08d39de0a:192.168.164.209:35002, b7cd9551-1bd0-408f-a1aa-df7bdc8ebd77:192.168.164.209:36523], old=null
2019-11-12 23:20:11,338 [grpc-default-executor-2] INFO  impl.RaftServerImpl (RaftServerImpl.java:setRole(173)) - b7cd9551-1bd0-408f-a1aa-df7bdc8ebd77@group-D099D4B3691C: changes role from  FOLLOWER to FOLLOWER at term 1 for recognizeCandidate:80837678-b947-4bce-b966-fc20c0dfbdbf
2019-11-12 23:20:11,338 [grpc-default-executor-2] INFO  impl.RoleInfo (RoleInfo.java:shutdownFollowerState(121)) - b7cd9551-1bd0-408f-a1aa-df7bdc8ebd77: shutdown FollowerState
2019-11-12 23:20:11,339 [grpc-default-executor-7] INFO  impl.RaftServerImpl (RaftServerImpl.java:setRole(173)) - 0abad138-b24b-47c7-afcb-ebb08d39de0a@group-D099D4B3691C: changes role from  FOLLOWER to FOLLOWER at term 1 for recognizeCandidate:80837678-b947-4bce-b966-fc20c0dfbdbf
2019-11-12 23:20:11,340 [Thread-1362] INFO  impl.FollowerState (FollowerState.java:run(120)) - b7cd9551-1bd0-408f-a1aa-df7bdc8ebd77@group-D099D4B3691C-FollowerState was interrupted: java.lang.InterruptedException: sleep interrupted
2019-11-12 23:20:11,340 [grpc-default-executor-2] INFO  impl.RoleInfo (RoleInfo.java:updateAndGet(143)) - b7cd9551-1bd0-408f-a1aa-df7bdc8ebd77: start FollowerState
2019-11-12 23:20:11,340 [grpc-default-executor-7] INFO  impl.RoleInfo (RoleInfo.java:shutdownFollowerState(121)) - 0abad138-b24b-47c7-afcb-ebb08d39de0a: shutdown FollowerState
2019-11-12 23:20:11,341 [Thread-1363] INFO  impl.FollowerState (FollowerState.java:run(120)) - 0abad138-b24b-47c7-afcb-ebb08d39de0a@group-D099D4B3691C-FollowerState was interrupted: java.lang.InterruptedException: sleep interrupted
2019-11-12 23:20:11,341 [grpc-default-executor-7] INFO  impl.RoleInfo (RoleInfo.java:updateAndGet(143)) - 0abad138-b24b-47c7-afcb-ebb08d39de0a: start FollowerState
2019-11-12 23:20:11,358 [80837678-b947-4bce-b966-fc20c0dfbdbf@group-D099D4B3691C-LeaderElection44] INFO  impl.LeaderElection (LeaderElection.java:logAndReturn(56)) - 80837678-b947-4bce-b966-fc20c0dfbdbf@group-D099D4B3691C-LeaderElection44: Election PASSED; received 1 response(s) [80837678-b947-4bce-b966-fc20c0dfbdbf<-0abad138-b24b-47c7-afcb-ebb08d39de0a#0:OK-t1] and 0 exception(s); 80837678-b947-4bce-b966-fc20c0dfbdbf@group-D099D4B3691C:t1, leader=null, voted=80837678-b947-4bce-b966-fc20c0dfbdbf, raftlog=80837678-b947-4bce-b966-fc20c0dfbdbf@group-D099D4B3691C-SegmentedRaftLog:OPENED:c-1,f-1,i0, conf=-1: [80837678-b947-4bce-b966-fc20c0dfbdbf:192.168.164.209:33427, 0abad138-b24b-47c7-afcb-ebb08d39de0a:192.168.164.209:35002, b7cd9551-1bd0-408f-a1aa-df7bdc8ebd77:192.168.164.209:36523], old=null
2019-11-12 23:20:11,358 [80837678-b947-4bce-b966-fc20c0dfbdbf@group-D099D4B3691C-LeaderElection44] INFO  impl.RoleInfo (RoleInfo.java:shutdownLeaderElection(134)) - 80837678-b947-4bce-b966-fc20c0dfbdbf: shutdown LeaderElection
2019-11-12 23:20:11,358 [80837678-b947-4bce-b966-fc20c0dfbdbf@group-D099D4B3691C-LeaderElection44] INFO  impl.RaftServerImpl (RaftServerImpl.java:setRole(173)) - 80837678-b947-4bce-b966-fc20c0dfbdbf@group-D099D4B3691C: changes role from CANDIDATE to LEADER at term 1 for changeToLeader
2019-11-12 23:20:11,358 [80837678-b947-4bce-b966-fc20c0dfbdbf@group-D099D4B3691C-LeaderElection44] INFO  ratis.XceiverServerRatis (XceiverServerRatis.java:handleLeaderChangedNotification(697)) - Leader change notification received for group: group-D099D4B3691C with new leaderId: 80837678-b947-4bce-b966-fc20c0dfbdbf
2019-11-12 23:20:11,358 [80837678-b947-4bce-b966-fc20c0dfbdbf@group-D099D4B3691C-LeaderElection44] INFO  impl.RaftServerImpl (ServerState.java:setLeader(255)) - 80837678-b947-4bce-b966-fc20c0dfbdbf@group-D099D4B3691C: change Leader from null to 80837678-b947-4bce-b966-fc20c0dfbdbf at term 1 for becomeLeader, leader elected after 1139ms
2019-11-12 23:20:11,358 [80837678-b947-4bce-b966-fc20c0dfbdbf@group-D099D4B3691C-LeaderElection44] INFO  server.RaftServerConfigKeys (ConfUtils.java:logGet(43)) - raft.server.staging.catchup.gap = 1000 (default)
2019-11-12 23:20:11,359 [80837678-b947-4bce-b966-fc20c0dfbdbf@group-D099D4B3691C-LeaderElection44] INFO  server.RaftServerConfigKeys (ConfUtils.java:logGet(43)) - raft.server.rpc.sleep.time = 25ms (default)
2019-11-12 23:20:11,359 [80837678-b947-4bce-b966-fc20c0dfbdbf@group-D099D4B3691C-LeaderElection44] INFO  server.RaftServerConfigKeys (ConfUtils.java:logGet(43)) - raft.server.write.element-limit = 4096 (default)
2019-11-12 23:20:11,359 [80837678-b947-4bce-b966-fc20c0dfbdbf@group-D099D4B3691C-LeaderElection44] INFO  server.RaftServerConfigKeys (ConfUtils.java:logGet(43)) - raft.server.watch.timeout = 10s (default)
2019-11-12 23:20:11,359 [80837678-b947-4bce-b966-fc20c0dfbdbf@group-D099D4B3691C-LeaderElection44] INFO  server.RaftServerConfigKeys (ConfUtils.java:logGet(43)) - raft.server.watch.timeout.denomination = 1s (default)
2019-11-12 23:20:11,359 [80837678-b947-4bce-b966-fc20c0dfbdbf@group-D099D4B3691C-LeaderElection44] INFO  server.RaftServerConfigKeys (ConfUtils.java:logGet(43)) - raft.server.watch.element-limit = 65536 (default)
2019-11-12 23:20:11,359 [80837678-b947-4bce-b966-fc20c0dfbdbf@group-D099D4B3691C-LeaderElection44] INFO  server.RaftServerConfigKeys (ConfUtils.java:logGet(43)) - raft.server.log.appender.snapshot.chunk.size.max = 16MB (=16777216) (default)
2019-11-12 23:20:11,359 [80837678-b947-4bce-b966-fc20c0dfbdbf@group-D099D4B3691C-LeaderElection44] INFO  server.RaftServerConfigKeys (ConfUtils.java:logGet(43)) - raft.server.log.appender.buffer.byte-limit = 33554432 (custom)
2019-11-12 23:20:11,359 [80837678-b947-4bce-b966-fc20c0dfbdbf@group-D099D4B3691C-LeaderElection44] INFO  server.RaftServerConfigKeys (ConfUtils.java:logGet(43)) - raft.server.log.appender.buffer.element-limit = 1 (custom)
2019-11-12 23:20:11,359 [80837678-b947-4bce-b966-fc20c0dfbdbf@group-D099D4B3691C-LeaderElection44] INFO  grpc.GrpcConfigKeys$Server (ConfUtils.java:logGet(43)) - raft.grpc.server.leader.outstanding.appends.max = 128 (default)
2019-11-12 23:20:11,360 [80837678-b947-4bce-b966-fc20c0dfbdbf@group-D099D4B3691C-LeaderElection44] INFO  server.RaftServerConfigKeys (ConfUtils.java:logGet(43)) - raft.server.rpc.request.timeout = 3000ms (default)
2019-11-12 23:20:11,360 [EventQueue-PipelineReportForPipelineReportHandler] INFO  pipeline.PipelineStateManager (PipelineStateManager.java:openPipeline(134)) - Pipeline Pipeline[ Id: e9c2be82-1d2f-417e-ba4a-d099d4b3691c, Nodes: 80837678-b947-4bce-b966-fc20c0dfbdbf{ip: 192.168.164.209, host: pr-hdds-2464-qsgcv-431919947, networkLocation: /default-rack, certSerialId: null}0abad138-b24b-47c7-afcb-ebb08d39de0a{ip: 192.168.164.209, host: pr-hdds-2464-qsgcv-431919947, networkLocation: /default-rack, certSerialId: null}b7cd9551-1bd0-408f-a1aa-df7bdc8ebd77{ip: 192.168.164.209, host: pr-hdds-2464-qsgcv-431919947, networkLocation: /default-rack, certSerialId: null}, Type:RATIS, Factor:THREE, State:OPEN] moved to OPEN state
2019-11-12 23:20:11,360 [80837678-b947-4bce-b966-fc20c0dfbdbf@group-D099D4B3691C-LeaderElection44] INFO  server.RaftServerConfigKeys (ConfUtils.java:logGet(43)) - raft.server.log.appender.install.snapshot.enabled = false (custom)
2019-11-12 23:20:11,361 [80837678-b947-4bce-b966-fc20c0dfbdbf@group-D099D4B3691C-LeaderElection44] WARN  impl.MetricRegistriesImpl (MetricRegistriesImpl.java:lambda$create$1(61)) - First MetricRegistry has been created without registering reporters. You may need to call MetricRegistries.global().addReportRegistration(...) before.
2019-11-12 23:20:11,362 [80837678-b947-4bce-b966-fc20c0dfbdbf@group-D099D4B3691C-LeaderElection44] INFO  server.RaftServerConfigKeys (ConfUtils.java:logGet(43)) - raft.server.log.appender.snapshot.chunk.size.max = 16MB (=16777216) (default)
2019-11-12 23:20:11,362 [80837678-b947-4bce-b966-fc20c0dfbdbf@group-D099D4B3691C-LeaderElection44] INFO  server.RaftServerConfigKeys (ConfUtils.java:logGet(43)) - raft.server.log.appender.buffer.byte-limit = 33554432 (custom)
2019-11-12 23:20:11,362 [80837678-b947-4bce-b966-fc20c0dfbdbf@group-D099D4B3691C-LeaderElection44] INFO  server.RaftServerConfigKeys (ConfUtils.java:logGet(43)) - raft.server.log.appender.buffer.element-limit = 1 (custom)
2019-11-12 23:20:11,362 [80837678-b947-4bce-b966-fc20c0dfbdbf@group-D099D4B3691C-LeaderElection44] INFO  grpc.GrpcConfigKeys$Server (ConfUtils.java:logGet(43)) - raft.grpc.server.leader.outstanding.appends.max = 128 (default)
2019-11-12 23:20:11,362 [80837678-b947-4bce-b966-fc20c0dfbdbf@group-D099D4B3691C-LeaderElection44] INFO  server.RaftServerConfigKeys (ConfUtils.java:logGet(43)) - raft.server.rpc.request.timeout = 3000ms (default)
2019-11-12 23:20:11,362 [80837678-b947-4bce-b966-fc20c0dfbdbf@group-D099D4B3691C-LeaderElection44] INFO  server.RaftServerConfigKeys (ConfUtils.java:logGet(43)) - raft.server.log.appender.install.snapshot.enabled = false (custom)
2019-11-12 23:20:11,362 [80837678-b947-4bce-b966-fc20c0dfbdbf@group-D099D4B3691C-LeaderElection44] INFO  impl.RoleInfo (RoleInfo.java:updateAndGet(143)) - 80837678-b947-4bce-b966-fc20c0dfbdbf: start LeaderState
2019-11-12 23:20:11,363 [80837678-b947-4bce-b966-fc20c0dfbdbf@group-D099D4B3691C-LeaderElection44] INFO  segmented.SegmentedRaftLogWorker (SegmentedRaftLogWorker.java:startLogSegment(385)) - 80837678-b947-4bce-b966-fc20c0dfbdbf@group-D099D4B3691C-SegmentedRaftLogWorker: Starting segment from index:0
2019-11-12 23:20:11,363 [80837678-b947-4bce-b966-fc20c0dfbdbf@group-D099D4B3691C-LeaderElection44] INFO  impl.RaftServerImpl (ServerState.java:setRaftConf(356)) - 80837678-b947-4bce-b966-fc20c0dfbdbf@group-D099D4B3691C: set configuration 0: [80837678-b947-4bce-b966-fc20c0dfbdbf:192.168.164.209:33427, 0abad138-b24b-47c7-afcb-ebb08d39de0a:192.168.164.209:35002, b7cd9551-1bd0-408f-a1aa-df7bdc8ebd77:192.168.164.209:36523], old=null at 0
2019-11-12 23:20:11,395 [grpc-default-executor-2] INFO  ratis.XceiverServerRatis (XceiverServerRatis.java:handleLeaderChangedNotification(697)) - Leader change notification received for group: group-D099D4B3691C with new leaderId: 80837678-b947-4bce-b966-fc20c0dfbdbf
2019-11-12 23:20:11,397 [grpc-default-executor-7] INFO  ratis.XceiverServerRatis (XceiverServerRatis.java:handleLeaderChangedNotification(697)) - Leader change notification received for group: group-D099D4B3691C with new leaderId: 80837678-b947-4bce-b966-fc20c0dfbdbf
2019-11-12 23:20:11,397 [grpc-default-executor-2] INFO  impl.RaftServerImpl (ServerState.java:setLeader(255)) - b7cd9551-1bd0-408f-a1aa-df7bdc8ebd77@group-D099D4B3691C: change Leader from null to 80837678-b947-4bce-b966-fc20c0dfbdbf at term 1 for appendEntries, leader elected after 1176ms
2019-11-12 23:20:11,398 [grpc-default-executor-7] INFO  impl.RaftServerImpl (ServerState.java:setLeader(255)) - 0abad138-b24b-47c7-afcb-ebb08d39de0a@group-D099D4B3691C: change Leader from null to 80837678-b947-4bce-b966-fc20c0dfbdbf at term 1 for appendEntries, leader elected after 1176ms
2019-11-12 23:20:11,403 [grpc-default-executor-7] INFO  impl.RaftServerImpl (ServerState.java:setRaftConf(356)) - b7cd9551-1bd0-408f-a1aa-df7bdc8ebd77@group-D099D4B3691C: set configuration 0: [80837678-b947-4bce-b966-fc20c0dfbdbf:192.168.164.209:33427, 0abad138-b24b-47c7-afcb-ebb08d39de0a:192.168.164.209:35002, b7cd9551-1bd0-408f-a1aa-df7bdc8ebd77:192.168.164.209:36523], old=null at 0
2019-11-12 23:20:11,403 [grpc-default-executor-2] INFO  impl.RaftServerImpl (ServerState.java:setRaftConf(356)) - 0abad138-b24b-47c7-afcb-ebb08d39de0a@group-D099D4B3691C: set configuration 0: [80837678-b947-4bce-b966-fc20c0dfbdbf:192.168.164.209:33427, 0abad138-b24b-47c7-afcb-ebb08d39de0a:192.168.164.209:35002, b7cd9551-1bd0-408f-a1aa-df7bdc8ebd77:192.168.164.209:36523], old=null at 0
2019-11-12 23:20:11,403 [grpc-default-executor-7] INFO  segmented.SegmentedRaftLogWorker (SegmentedRaftLogWorker.java:startLogSegment(385)) - b7cd9551-1bd0-408f-a1aa-df7bdc8ebd77@group-D099D4B3691C-SegmentedRaftLogWorker: Starting segment from index:0
2019-11-12 23:20:11,403 [grpc-default-executor-2] INFO  segmented.SegmentedRaftLogWorker (SegmentedRaftLogWorker.java:startLogSegment(385)) - 0abad138-b24b-47c7-afcb-ebb08d39de0a@group-D099D4B3691C-SegmentedRaftLogWorker: Starting segment from index:0
2019-11-12 23:20:11,406 [80837678-b947-4bce-b966-fc20c0dfbdbf@group-D099D4B3691C-SegmentedRaftLogWorker] INFO  segmented.SegmentedRaftLogWorker (SegmentedRaftLogWorker.java:execute(576)) - 80837678-b947-4bce-b966-fc20c0dfbdbf@group-D099D4B3691C-SegmentedRaftLogWorker: created new log segment /workdir/hadoop-ozone/integration-test/target/test-dir/MiniOzoneClusterImpl-526fdb7e-9c97-4370-88fe-75d8a071a2f3/datanode-2/data/ratis/e9c2be82-1d2f-417e-ba4a-d099d4b3691c/current/log_inprogress_0
2019-11-12 23:20:11,426 [Thread-1368] INFO  impl.FollowerState (FollowerState.java:run(111)) - 88c939f2-d53e-4de2-8f3f-abd9df815d54@group-6C2889859DAA-FollowerState: change to CANDIDATE, lastRpcTime:1146ms, electionTimeout:1146ms
2019-11-12 23:20:11,427 [Thread-1368] INFO  impl.RoleInfo (RoleInfo.java:shutdownFollowerState(121)) - 88c939f2-d53e-4de2-8f3f-abd9df815d54: shutdown FollowerState
2019-11-12 23:20:11,427 [Thread-1368] INFO  impl.RaftServerImpl (RaftServerImpl.java:setRole(173)) - 88c939f2-d53e-4de2-8f3f-abd9df815d54@group-6C2889859DAA: changes role from  FOLLOWER to CANDIDATE at term 0 for changeToCandidate
2019-11-12 23:20:11,427 [Thread-1368] INFO  impl.RoleInfo (RoleInfo.java:updateAndGet(143)) - 88c939f2-d53e-4de2-8f3f-abd9df815d54: start LeaderElection
2019-11-12 23:20:11,439 [Thread-1376] INFO  impl.FollowerState (FollowerState.java:run(111)) - 42d95ea6-05d3-4ca4-82ca-ed08e1855e99@group-3C6DD23CD035-FollowerState: change to CANDIDATE, lastRpcTime:1054ms, electionTimeout:1046ms
2019-11-12 23:20:11,439 [Thread-1376] INFO  impl.RoleInfo (RoleInfo.java:shutdownFollowerState(121)) - 42d95ea6-05d3-4ca4-82ca-ed08e1855e99: shutdown FollowerState
2019-11-12 23:20:11,442 [Thread-1376] INFO  impl.RaftServerImpl (RaftServerImpl.java:setRole(173)) - 42d95ea6-05d3-4ca4-82ca-ed08e1855e99@group-3C6DD23CD035: changes role from  FOLLOWER to CANDIDATE at term 0 for changeToCandidate
2019-11-12 23:20:11,442 [Thread-1376] INFO  impl.RoleInfo (RoleInfo.java:updateAndGet(143)) - 42d95ea6-05d3-4ca4-82ca-ed08e1855e99: start LeaderElection
2019-11-12 23:20:11,452 [b7cd9551-1bd0-408f-a1aa-df7bdc8ebd77@group-D099D4B3691C-SegmentedRaftLogWorker] INFO  segmented.SegmentedRaftLogWorker (SegmentedRaftLogWorker.java:execute(576)) - b7cd9551-1bd0-408f-a1aa-df7bdc8ebd77@group-D099D4B3691C-SegmentedRaftLogWorker: created new log segment /workdir/hadoop-ozone/integration-test/target/test-dir/MiniOzoneClusterImpl-526fdb7e-9c97-4370-88fe-75d8a071a2f3/datanode-0/data/ratis/e9c2be82-1d2f-417e-ba4a-d099d4b3691c/current/log_inprogress_0
2019-11-12 23:20:11,452 [0abad138-b24b-47c7-afcb-ebb08d39de0a@group-D099D4B3691C-SegmentedRaftLogWorker] INFO  segmented.SegmentedRaftLogWorker (SegmentedRaftLogWorker.java:execute(576)) - 0abad138-b24b-47c7-afcb-ebb08d39de0a@group-D099D4B3691C-SegmentedRaftLogWorker: created new log segment /workdir/hadoop-ozone/integration-test/target/test-dir/MiniOzoneClusterImpl-526fdb7e-9c97-4370-88fe-75d8a071a2f3/datanode-1/data/ratis/e9c2be82-1d2f-417e-ba4a-d099d4b3691c/current/log_inprogress_0
2019-11-12 23:20:11,452 [42d95ea6-05d3-4ca4-82ca-ed08e1855e99@group-3C6DD23CD035-LeaderElection46] INFO  impl.LeaderElection (LeaderElection.java:askForVotes(178)) - 42d95ea6-05d3-4ca4-82ca-ed08e1855e99@group-3C6DD23CD035-LeaderElection46: begin an election at term 1 for -1: [42d95ea6-05d3-4ca4-82ca-ed08e1855e99:192.168.164.209:39395], old=null
2019-11-12 23:20:11,452 [88c939f2-d53e-4de2-8f3f-abd9df815d54@group-6C2889859DAA-LeaderElection45] INFO  impl.LeaderElection (LeaderElection.java:askForVotes(178)) - 88c939f2-d53e-4de2-8f3f-abd9df815d54@group-6C2889859DAA-LeaderElection45: begin an election at term 1 for -1: [88c939f2-d53e-4de2-8f3f-abd9df815d54:192.168.164.209:45039], old=null
2019-11-12 23:20:11,452 [42d95ea6-05d3-4ca4-82ca-ed08e1855e99@group-3C6DD23CD035-LeaderElection46] INFO  impl.RoleInfo (RoleInfo.java:shutdownLeaderElection(134)) - 42d95ea6-05d3-4ca4-82ca-ed08e1855e99: shutdown LeaderElection
2019-11-12 23:20:11,452 [88c939f2-d53e-4de2-8f3f-abd9df815d54@group-6C2889859DAA-LeaderElection45] INFO  impl.RoleInfo (RoleInfo.java:shutdownLeaderElection(134)) - 88c939f2-d53e-4de2-8f3f-abd9df815d54: shutdown LeaderElection
2019-11-12 23:20:11,452 [Thread-1372] INFO  impl.FollowerState (FollowerState.java:run(111)) - 0abad138-b24b-47c7-afcb-ebb08d39de0a@group-3356CC9F9ADE-FollowerState: change to CANDIDATE, lastRpcTime:1116ms, electionTimeout:1116ms
2019-11-12 23:20:11,452 [88c939f2-d53e-4de2-8f3f-abd9df815d54@group-6C2889859DAA-LeaderElection45] INFO  impl.RaftServerImpl (RaftServerImpl.java:setRole(173)) - 88c939f2-d53e-4de2-8f3f-abd9df815d54@group-6C2889859DAA: changes role from CANDIDATE to LEADER at term 1 for changeToLeader
2019-11-12 23:20:11,452 [88c939f2-d53e-4de2-8f3f-abd9df815d54@group-6C2889859DAA-LeaderElection45] INFO  ratis.XceiverServerRatis (XceiverServerRatis.java:handleLeaderChangedNotification(697)) - Leader change notification received for group: group-6C2889859DAA with new leaderId: 88c939f2-d53e-4de2-8f3f-abd9df815d54
2019-11-12 23:20:11,452 [42d95ea6-05d3-4ca4-82ca-ed08e1855e99@group-3C6DD23CD035-LeaderElection46] INFO  impl.RaftServerImpl (RaftServerImpl.java:setRole(173)) - 42d95ea6-05d3-4ca4-82ca-ed08e1855e99@group-3C6DD23CD035: changes role from CANDIDATE to LEADER at term 1 for changeToLeader
2019-11-12 23:20:11,452 [Thread-1372] INFO  impl.RoleInfo (RoleInfo.java:shutdownFollowerState(121)) - 0abad138-b24b-47c7-afcb-ebb08d39de0a: shutdown FollowerState
2019-11-12 23:20:11,453 [42d95ea6-05d3-4ca4-82ca-ed08e1855e99@group-3C6DD23CD035-LeaderElection46] INFO  ratis.XceiverServerRatis (XceiverServerRatis.java:handleLeaderChangedNotification(697)) - Leader change notification received for group: group-3C6DD23CD035 with new leaderId: 42d95ea6-05d3-4ca4-82ca-ed08e1855e99
2019-11-12 23:20:11,453 [Thread-1372] INFO  impl.RaftServerImpl (RaftServerImpl.java:setRole(173)) - 0abad138-b24b-47c7-afcb-ebb08d39de0a@group-3356CC9F9ADE: changes role from  FOLLOWER to CANDIDATE at term 0 for changeToCandidate
2019-11-12 23:20:11,453 [88c939f2-d53e-4de2-8f3f-abd9df815d54@group-6C2889859DAA-LeaderElection45] INFO  impl.RaftServerImpl (ServerState.java:setLeader(255)) - 88c939f2-d53e-4de2-8f3f-abd9df815d54@group-6C2889859DAA: change Leader from null to 88c939f2-d53e-4de2-8f3f-abd9df815d54 at term 1 for becomeLeader, leader elected after 1175ms
2019-11-12 23:20:11,453 [Thread-1372] INFO  impl.RoleInfo (RoleInfo.java:updateAndGet(143)) - 0abad138-b24b-47c7-afcb-ebb08d39de0a: start LeaderElection
2019-11-12 23:20:11,453 [42d95ea6-05d3-4ca4-82ca-ed08e1855e99@group-3C6DD23CD035-LeaderElection46] INFO  impl.RaftServerImpl (ServerState.java:setLeader(255)) - 42d95ea6-05d3-4ca4-82ca-ed08e1855e99@group-3C6DD23CD035: change Leader from null to 42d95ea6-05d3-4ca4-82ca-ed08e1855e99 at term 1 for becomeLeader, leader elected after 1071ms
2019-11-12 23:20:11,453 [88c939f2-d53e-4de2-8f3f-abd9df815d54@group-6C2889859DAA-LeaderElection45] INFO  server.RaftServerConfigKeys (ConfUtils.java:logGet(43)) - raft.server.staging.catchup.gap = 1000 (default)
2019-11-12 23:20:11,453 [42d95ea6-05d3-4ca4-82ca-ed08e1855e99@group-3C6DD23CD035-LeaderElection46] INFO  server.RaftServerConfigKeys (ConfUtils.java:logGet(43)) - raft.server.staging.catchup.gap = 1000 (default)
2019-11-12 23:20:11,456 [88c939f2-d53e-4de2-8f3f-abd9df815d54@group-6C2889859DAA-LeaderElection45] INFO  server.RaftServerConfigKeys (ConfUtils.java:logGet(43)) - raft.server.rpc.sleep.time = 25ms (default)
2019-11-12 23:20:11,456 [42d95ea6-05d3-4ca4-82ca-ed08e1855e99@group-3C6DD23CD035-LeaderElection46] INFO  server.RaftServerConfigKeys (ConfUtils.java:logGet(43)) - raft.server.rpc.sleep.time = 25ms (default)
2019-11-12 23:20:11,456 [88c939f2-d53e-4de2-8f3f-abd9df815d54@group-6C2889859DAA-LeaderElection45] INFO  server.RaftServerConfigKeys (ConfUtils.java:logGet(43)) - raft.server.write.element-limit = 4096 (default)
2019-11-12 23:20:11,456 [42d95ea6-05d3-4ca4-82ca-ed08e1855e99@group-3C6DD23CD035-LeaderElection46] INFO  server.RaftServerConfigKeys (ConfUtils.java:logGet(43)) - raft.server.write.element-limit = 4096 (default)
2019-11-12 23:20:11,457 [88c939f2-d53e-4de2-8f3f-abd9df815d54@group-6C2889859DAA-LeaderElection45] INFO  server.RaftServerConfigKeys (ConfUtils.java:logGet(43)) - raft.server.watch.timeout = 10s (default)
2019-11-12 23:20:11,457 [EventQueue-PipelineReportForPipelineReportHandler] INFO  pipeline.PipelineStateManager (PipelineStateManager.java:openPipeline(134)) - Pipeline Pipeline[ Id: e9f6cbbf-a9bb-4fe5-b515-6c2889859daa, Nodes: 88c939f2-d53e-4de2-8f3f-abd9df815d54{ip: 192.168.164.209, host: pr-hdds-2464-qsgcv-431919947, networkLocation: /default-rack, certSerialId: null}, Type:RATIS, Factor:ONE, State:OPEN] moved to OPEN state
2019-11-12 23:20:11,457 [42d95ea6-05d3-4ca4-82ca-ed08e1855e99@group-3C6DD23CD035-LeaderElection46] INFO  server.RaftServerConfigKeys (ConfUtils.java:logGet(43)) - raft.server.watch.timeout = 10s (default)
2019-11-12 23:20:11,457 [88c939f2-d53e-4de2-8f3f-abd9df815d54@group-6C2889859DAA-LeaderElection45] INFO  server.RaftServerConfigKeys (ConfUtils.java:logGet(43)) - raft.server.watch.timeout.denomination = 1s (default)
2019-11-12 23:20:11,457 [42d95ea6-05d3-4ca4-82ca-ed08e1855e99@group-3C6DD23CD035-LeaderElection46] INFO  server.RaftServerConfigKeys (ConfUtils.java:logGet(43)) - raft.server.watch.timeout.denomination = 1s (default)
2019-11-12 23:20:11,457 [88c939f2-d53e-4de2-8f3f-abd9df815d54@group-6C2889859DAA-LeaderElection45] INFO  server.RaftServerConfigKeys (ConfUtils.java:logGet(43)) - raft.server.watch.element-limit = 65536 (default)
2019-11-12 23:20:11,457 [42d95ea6-05d3-4ca4-82ca-ed08e1855e99@group-3C6DD23CD035-LeaderElection46] INFO  server.RaftServerConfigKeys (ConfUtils.java:logGet(43)) - raft.server.watch.element-limit = 65536 (default)
2019-11-12 23:20:11,457 [88c939f2-d53e-4de2-8f3f-abd9df815d54@group-6C2889859DAA-LeaderElection45] INFO  impl.RoleInfo (RoleInfo.java:updateAndGet(143)) - 88c939f2-d53e-4de2-8f3f-abd9df815d54: start LeaderState
2019-11-12 23:20:11,457 [42d95ea6-05d3-4ca4-82ca-ed08e1855e99@group-3C6DD23CD035-LeaderElection46] INFO  impl.RoleInfo (RoleInfo.java:updateAndGet(143)) - 42d95ea6-05d3-4ca4-82ca-ed08e1855e99: start LeaderState
2019-11-12 23:20:11,458 [88c939f2-d53e-4de2-8f3f-abd9df815d54@group-6C2889859DAA-LeaderElection45] INFO  segmented.SegmentedRaftLogWorker (SegmentedRaftLogWorker.java:startLogSegment(385)) - 88c939f2-d53e-4de2-8f3f-abd9df815d54@group-6C2889859DAA-SegmentedRaftLogWorker: Starting segment from index:0
2019-11-12 23:20:11,458 [42d95ea6-05d3-4ca4-82ca-ed08e1855e99@group-3C6DD23CD035-LeaderElection46] INFO  segmented.SegmentedRaftLogWorker (SegmentedRaftLogWorker.java:startLogSegment(385)) - 42d95ea6-05d3-4ca4-82ca-ed08e1855e99@group-3C6DD23CD035-SegmentedRaftLogWorker: Starting segment from index:0
2019-11-12 23:20:11,458 [88c939f2-d53e-4de2-8f3f-abd9df815d54@group-6C2889859DAA-LeaderElection45] INFO  impl.RaftServerImpl (ServerState.java:setRaftConf(356)) - 88c939f2-d53e-4de2-8f3f-abd9df815d54@group-6C2889859DAA: set configuration 0: [88c939f2-d53e-4de2-8f3f-abd9df815d54:192.168.164.209:45039], old=null at 0
2019-11-12 23:20:11,458 [42d95ea6-05d3-4ca4-82ca-ed08e1855e99@group-3C6DD23CD035-LeaderElection46] INFO  impl.RaftServerImpl (ServerState.java:setRaftConf(356)) - 42d95ea6-05d3-4ca4-82ca-ed08e1855e99@group-3C6DD23CD035: set configuration 0: [42d95ea6-05d3-4ca4-82ca-ed08e1855e99:192.168.164.209:39395], old=null at 0
2019-11-12 23:20:11,483 [0abad138-b24b-47c7-afcb-ebb08d39de0a@group-3356CC9F9ADE-LeaderElection47] INFO  impl.LeaderElection (LeaderElection.java:askForVotes(178)) - 0abad138-b24b-47c7-afcb-ebb08d39de0a@group-3356CC9F9ADE-LeaderElection47: begin an election at term 1 for -1: [0abad138-b24b-47c7-afcb-ebb08d39de0a:192.168.164.209:35002], old=null
2019-11-12 23:20:11,483 [0abad138-b24b-47c7-afcb-ebb08d39de0a@group-3356CC9F9ADE-LeaderElection47] INFO  impl.RoleInfo (RoleInfo.java:shutdownLeaderElection(134)) - 0abad138-b24b-47c7-afcb-ebb08d39de0a: shutdown LeaderElection
2019-11-12 23:20:11,484 [0abad138-b24b-47c7-afcb-ebb08d39de0a@group-3356CC9F9ADE-LeaderElection47] INFO  impl.RaftServerImpl (RaftServerImpl.java:setRole(173)) - 0abad138-b24b-47c7-afcb-ebb08d39de0a@group-3356CC9F9ADE: changes role from CANDIDATE to LEADER at term 1 for changeToLeader
2019-11-12 23:20:11,484 [0abad138-b24b-47c7-afcb-ebb08d39de0a@group-3356CC9F9ADE-LeaderElection47] INFO  ratis.XceiverServerRatis (XceiverServerRatis.java:handleLeaderChangedNotification(697)) - Leader change notification received for group: group-3356CC9F9ADE with new leaderId: 0abad138-b24b-47c7-afcb-ebb08d39de0a
2019-11-12 23:20:11,484 [0abad138-b24b-47c7-afcb-ebb08d39de0a@group-3356CC9F9ADE-LeaderElection47] INFO  impl.RaftServerImpl (ServerState.java:setLeader(255)) - 0abad138-b24b-47c7-afcb-ebb08d39de0a@group-3356CC9F9ADE: change Leader from null to 0abad138-b24b-47c7-afcb-ebb08d39de0a at term 1 for becomeLeader, leader elected after 1151ms
2019-11-12 23:20:11,484 [0abad138-b24b-47c7-afcb-ebb08d39de0a@group-3356CC9F9ADE-LeaderElection47] INFO  server.RaftServerConfigKeys (ConfUtils.java:logGet(43)) - raft.server.staging.catchup.gap = 1000 (default)
2019-11-12 23:20:11,484 [0abad138-b24b-47c7-afcb-ebb08d39de0a@group-3356CC9F9ADE-LeaderElection47] INFO  server.RaftServerConfigKeys (ConfUtils.java:logGet(43)) - raft.server.rpc.sleep.time = 25ms (default)
2019-11-12 23:20:11,484 [0abad138-b24b-47c7-afcb-ebb08d39de0a@group-3356CC9F9ADE-LeaderElection47] INFO  server.RaftServerConfigKeys (ConfUtils.java:logGet(43)) - raft.server.write.element-limit = 4096 (default)
2019-11-12 23:20:11,484 [0abad138-b24b-47c7-afcb-ebb08d39de0a@group-3356CC9F9ADE-LeaderElection47] INFO  server.RaftServerConfigKeys (ConfUtils.java:logGet(43)) - raft.server.watch.timeout = 10s (default)
2019-11-12 23:20:11,484 [0abad138-b24b-47c7-afcb-ebb08d39de0a@group-3356CC9F9ADE-LeaderElection47] INFO  server.RaftServerConfigKeys (ConfUtils.java:logGet(43)) - raft.server.watch.timeout.denomination = 1s (default)
2019-11-12 23:20:11,484 [0abad138-b24b-47c7-afcb-ebb08d39de0a@group-3356CC9F9ADE-LeaderElection47] INFO  server.RaftServerConfigKeys (ConfUtils.java:logGet(43)) - raft.server.watch.element-limit = 65536 (default)
2019-11-12 23:20:11,484 [0abad138-b24b-47c7-afcb-ebb08d39de0a@group-3356CC9F9ADE-LeaderElection47] INFO  impl.RoleInfo (RoleInfo.java:updateAndGet(143)) - 0abad138-b24b-47c7-afcb-ebb08d39de0a: start LeaderState
2019-11-12 23:20:11,484 [0abad138-b24b-47c7-afcb-ebb08d39de0a@group-3356CC9F9ADE-LeaderElection47] INFO  segmented.SegmentedRaftLogWorker (SegmentedRaftLogWorker.java:startLogSegment(385)) - 0abad138-b24b-47c7-afcb-ebb08d39de0a@group-3356CC9F9ADE-SegmentedRaftLogWorker: Starting segment from index:0
2019-11-12 23:20:11,485 [0abad138-b24b-47c7-afcb-ebb08d39de0a@group-3356CC9F9ADE-LeaderElection47] INFO  impl.RaftServerImpl (ServerState.java:setRaftConf(356)) - 0abad138-b24b-47c7-afcb-ebb08d39de0a@group-3356CC9F9ADE: set configuration 0: [0abad138-b24b-47c7-afcb-ebb08d39de0a:192.168.164.209:35002], old=null at 0
2019-11-12 23:20:11,486 [88c939f2-d53e-4de2-8f3f-abd9df815d54@group-6C2889859DAA-SegmentedRaftLogWorker] INFO  segmented.SegmentedRaftLogWorker (SegmentedRaftLogWorker.java:execute(576)) - 88c939f2-d53e-4de2-8f3f-abd9df815d54@group-6C2889859DAA-SegmentedRaftLogWorker: created new log segment /workdir/hadoop-ozone/integration-test/target/test-dir/MiniOzoneClusterImpl-526fdb7e-9c97-4370-88fe-75d8a071a2f3/datanode-5/data/ratis/e9f6cbbf-a9bb-4fe5-b515-6c2889859daa/current/log_inprogress_0
2019-11-12 23:20:11,500 [42d95ea6-05d3-4ca4-82ca-ed08e1855e99@group-3C6DD23CD035-SegmentedRaftLogWorker] INFO  segmented.SegmentedRaftLogWorker (SegmentedRaftLogWorker.java:execute(576)) - 42d95ea6-05d3-4ca4-82ca-ed08e1855e99@group-3C6DD23CD035-SegmentedRaftLogWorker: created new log segment /workdir/hadoop-ozone/integration-test/target/test-dir/MiniOzoneClusterImpl-526fdb7e-9c97-4370-88fe-75d8a071a2f3/datanode-3/data/ratis/29277f33-2793-4342-87c1-3c6dd23cd035/current/log_inprogress_0
2019-11-12 23:20:11,519 [0abad138-b24b-47c7-afcb-ebb08d39de0a@group-3356CC9F9ADE-SegmentedRaftLogWorker] INFO  segmented.SegmentedRaftLogWorker (SegmentedRaftLogWorker.java:execute(576)) - 0abad138-b24b-47c7-afcb-ebb08d39de0a@group-3356CC9F9ADE-SegmentedRaftLogWorker: created new log segment /workdir/hadoop-ozone/integration-test/target/test-dir/MiniOzoneClusterImpl-526fdb7e-9c97-4370-88fe-75d8a071a2f3/datanode-1/data/ratis/09e3fb3e-650c-4dbd-9f8b-3356cc9f9ade/current/log_inprogress_0
2019-11-12 23:20:11,521 [Thread-1383] INFO  impl.FollowerState (FollowerState.java:run(111)) - 88c939f2-d53e-4de2-8f3f-abd9df815d54@group-79AAA280B93D-FollowerState: change to CANDIDATE, lastRpcTime:1044ms, electionTimeout:1044ms
2019-11-12 23:20:11,522 [Thread-1383] INFO  impl.RoleInfo (RoleInfo.java:shutdownFollowerState(121)) - 88c939f2-d53e-4de2-8f3f-abd9df815d54: shutdown FollowerState
2019-11-12 23:20:11,522 [Thread-1383] INFO  impl.RaftServerImpl (RaftServerImpl.java:setRole(173)) - 88c939f2-d53e-4de2-8f3f-abd9df815d54@group-79AAA280B93D: changes role from  FOLLOWER to CANDIDATE at term 0 for changeToCandidate
2019-11-12 23:20:11,522 [Thread-1383] INFO  impl.RoleInfo (RoleInfo.java:updateAndGet(143)) - 88c939f2-d53e-4de2-8f3f-abd9df815d54: start LeaderElection
2019-11-12 23:20:11,537 [Thread-1388] INFO  impl.FollowerState (FollowerState.java:run(111)) - d20ba3f6-e96e-4597-ba1c-bac940786bea@group-79AAA280B93D-FollowerState: change to CANDIDATE, lastRpcTime:1046ms, electionTimeout:1046ms
2019-11-12 23:20:11,538 [Thread-1388] INFO  impl.RoleInfo (RoleInfo.java:shutdownFollowerState(121)) - d20ba3f6-e96e-4597-ba1c-bac940786bea: shutdown FollowerState
2019-11-12 23:20:11,538 [Thread-1388] INFO  impl.RaftServerImpl (RaftServerImpl.java:setRole(173)) - d20ba3f6-e96e-4597-ba1c-bac940786bea@group-79AAA280B93D: changes role from  FOLLOWER to CANDIDATE at term 0 for changeToCandidate
2019-11-12 23:20:11,538 [Thread-1388] INFO  impl.RoleInfo (RoleInfo.java:updateAndGet(143)) - d20ba3f6-e96e-4597-ba1c-bac940786bea: start LeaderElection
2019-11-12 23:20:11,549 [88c939f2-d53e-4de2-8f3f-abd9df815d54@group-79AAA280B93D-LeaderElection48] INFO  impl.LeaderElection (LeaderElection.java:askForVotes(178)) - 88c939f2-d53e-4de2-8f3f-abd9df815d54@group-79AAA280B93D-LeaderElection48: begin an election at term 1 for -1: [42d95ea6-05d3-4ca4-82ca-ed08e1855e99:192.168.164.209:39395, 88c939f2-d53e-4de2-8f3f-abd9df815d54:192.168.164.209:45039, d20ba3f6-e96e-4597-ba1c-bac940786bea:192.168.164.209:36673], old=null
2019-11-12 23:20:11,549 [d20ba3f6-e96e-4597-ba1c-bac940786bea@group-79AAA280B93D-LeaderElection49] INFO  impl.LeaderElection (LeaderElection.java:askForVotes(178)) - d20ba3f6-e96e-4597-ba1c-bac940786bea@group-79AAA280B93D-LeaderElection49: begin an election at term 1 for -1: [42d95ea6-05d3-4ca4-82ca-ed08e1855e99:192.168.164.209:39395, 88c939f2-d53e-4de2-8f3f-abd9df815d54:192.168.164.209:45039, d20ba3f6-e96e-4597-ba1c-bac940786bea:192.168.164.209:36673], old=null
2019-11-12 23:20:11,555 [grpc-default-executor-0] INFO  impl.RaftServerImpl (RaftServerImpl.java:setRole(173)) - 42d95ea6-05d3-4ca4-82ca-ed08e1855e99@group-79AAA280B93D: changes role from  FOLLOWER to FOLLOWER at term 1 for recognizeCandidate:d20ba3f6-e96e-4597-ba1c-bac940786bea
2019-11-12 23:20:11,557 [grpc-default-executor-0] INFO  impl.RoleInfo (RoleInfo.java:shutdownFollowerState(121)) - 42d95ea6-05d3-4ca4-82ca-ed08e1855e99: shutdown FollowerState
2019-11-12 23:20:11,557 [Thread-1384] INFO  impl.FollowerState (FollowerState.java:run(120)) - 42d95ea6-05d3-4ca4-82ca-ed08e1855e99@group-79AAA280B93D-FollowerState was interrupted: java.lang.InterruptedException: sleep interrupted
2019-11-12 23:20:11,557 [grpc-default-executor-0] INFO  impl.RoleInfo (RoleInfo.java:updateAndGet(143)) - 42d95ea6-05d3-4ca4-82ca-ed08e1855e99: start FollowerState
2019-11-12 23:20:11,574 [88c939f2-d53e-4de2-8f3f-abd9df815d54@group-79AAA280B93D-LeaderElection48] INFO  impl.LeaderElection (LeaderElection.java:logAndReturn(56)) - 88c939f2-d53e-4de2-8f3f-abd9df815d54@group-79AAA280B93D-LeaderElection48: Election REJECTED; received 2 response(s) [88c939f2-d53e-4de2-8f3f-abd9df815d54<-42d95ea6-05d3-4ca4-82ca-ed08e1855e99#0:FAIL-t1, 88c939f2-d53e-4de2-8f3f-abd9df815d54<-d20ba3f6-e96e-4597-ba1c-bac940786bea#0:FAIL-t1] and 0 exception(s); 88c939f2-d53e-4de2-8f3f-abd9df815d54@group-79AAA280B93D:t1, leader=null, voted=88c939f2-d53e-4de2-8f3f-abd9df815d54, raftlog=88c939f2-d53e-4de2-8f3f-abd9df815d54@group-79AAA280B93D-SegmentedRaftLog:OPENED:c-1,f-1,i0, conf=-1: [42d95ea6-05d3-4ca4-82ca-ed08e1855e99:192.168.164.209:39395, 88c939f2-d53e-4de2-8f3f-abd9df815d54:192.168.164.209:45039, d20ba3f6-e96e-4597-ba1c-bac940786bea:192.168.164.209:36673], old=null
2019-11-12 23:20:11,574 [d20ba3f6-e96e-4597-ba1c-bac940786bea@group-79AAA280B93D-LeaderElection49] INFO  impl.LeaderElection (LeaderElection.java:logAndReturn(56)) - d20ba3f6-e96e-4597-ba1c-bac940786bea@group-79AAA280B93D-LeaderElection49: Election PASSED; received 2 response(s) [d20ba3f6-e96e-4597-ba1c-bac940786bea<-42d95ea6-05d3-4ca4-82ca-ed08e1855e99#0:OK-t1, d20ba3f6-e96e-4597-ba1c-bac940786bea<-88c939f2-d53e-4de2-8f3f-abd9df815d54#0:FAIL-t1] and 0 exception(s); d20ba3f6-e96e-4597-ba1c-bac940786bea@group-79AAA280B93D:t1, leader=null, voted=d20ba3f6-e96e-4597-ba1c-bac940786bea, raftlog=d20ba3f6-e96e-4597-ba1c-bac940786bea@group-79AAA280B93D-SegmentedRaftLog:OPENED:c-1,f-1,i0, conf=-1: [42d95ea6-05d3-4ca4-82ca-ed08e1855e99:192.168.164.209:39395, 88c939f2-d53e-4de2-8f3f-abd9df815d54:192.168.164.209:45039, d20ba3f6-e96e-4597-ba1c-bac940786bea:192.168.164.209:36673], old=null
2019-11-12 23:20:11,574 [88c939f2-d53e-4de2-8f3f-abd9df815d54@group-79AAA280B93D-LeaderElection48] INFO  impl.RaftServerImpl (RaftServerImpl.java:setRole(173)) - 88c939f2-d53e-4de2-8f3f-abd9df815d54@group-79AAA280B93D: changes role from CANDIDATE to FOLLOWER at term 1 for DISCOVERED_A_NEW_TERM
2019-11-12 23:20:11,575 [d20ba3f6-e96e-4597-ba1c-bac940786bea@group-79AAA280B93D-LeaderElection49] INFO  impl.RoleInfo (RoleInfo.java:shutdownLeaderElection(134)) - d20ba3f6-e96e-4597-ba1c-bac940786bea: shutdown LeaderElection
2019-11-12 23:20:11,576 [88c939f2-d53e-4de2-8f3f-abd9df815d54@group-79AAA280B93D-LeaderElection48] INFO  impl.RoleInfo (RoleInfo.java:shutdownLeaderElection(134)) - 88c939f2-d53e-4de2-8f3f-abd9df815d54: shutdown LeaderElection
2019-11-12 23:20:11,577 [d20ba3f6-e96e-4597-ba1c-bac940786bea@group-79AAA280B93D-LeaderElection49] INFO  impl.RaftServerImpl (RaftServerImpl.java:setRole(173)) - d20ba3f6-e96e-4597-ba1c-bac940786bea@group-79AAA280B93D: changes role from CANDIDATE to LEADER at term 1 for changeToLeader
2019-11-12 23:20:11,577 [d20ba3f6-e96e-4597-ba1c-bac940786bea@group-79AAA280B93D-LeaderElection49] INFO  ratis.XceiverServerRatis (XceiverServerRatis.java:handleLeaderChangedNotification(697)) - Leader change notification received for group: group-79AAA280B93D with new leaderId: d20ba3f6-e96e-4597-ba1c-bac940786bea
2019-11-12 23:20:11,577 [88c939f2-d53e-4de2-8f3f-abd9df815d54@group-79AAA280B93D-LeaderElection48] INFO  impl.RoleInfo (RoleInfo.java:updateAndGet(143)) - 88c939f2-d53e-4de2-8f3f-abd9df815d54: start FollowerState
2019-11-12 23:20:11,577 [d20ba3f6-e96e-4597-ba1c-bac940786bea@group-79AAA280B93D-LeaderElection49] INFO  impl.RaftServerImpl (ServerState.java:setLeader(255)) - d20ba3f6-e96e-4597-ba1c-bac940786bea@group-79AAA280B93D: change Leader from null to d20ba3f6-e96e-4597-ba1c-bac940786bea at term 1 for becomeLeader, leader elected after 1106ms
2019-11-12 23:20:11,577 [d20ba3f6-e96e-4597-ba1c-bac940786bea@group-79AAA280B93D-LeaderElection49] INFO  server.RaftServerConfigKeys (ConfUtils.java:logGet(43)) - raft.server.staging.catchup.gap = 1000 (default)
2019-11-12 23:20:11,577 [d20ba3f6-e96e-4597-ba1c-bac940786bea@group-79AAA280B93D-LeaderElection49] INFO  server.RaftServerConfigKeys (ConfUtils.java:logGet(43)) - raft.server.rpc.sleep.time = 25ms (default)
2019-11-12 23:20:11,578 [d20ba3f6-e96e-4597-ba1c-bac940786bea@group-79AAA280B93D-LeaderElection49] INFO  server.RaftServerConfigKeys (ConfUtils.java:logGet(43)) - raft.server.write.element-limit = 4096 (default)
2019-11-12 23:20:11,578 [d20ba3f6-e96e-4597-ba1c-bac940786bea@group-79AAA280B93D-LeaderElection49] INFO  server.RaftServerConfigKeys (ConfUtils.java:logGet(43)) - raft.server.watch.timeout = 10s (default)
2019-11-12 23:20:11,578 [d20ba3f6-e96e-4597-ba1c-bac940786bea@group-79AAA280B93D-LeaderElection49] INFO  server.RaftServerConfigKeys (ConfUtils.java:logGet(43)) - raft.server.watch.timeout.denomination = 1s (default)
2019-11-12 23:20:11,578 [d20ba3f6-e96e-4597-ba1c-bac940786bea@group-79AAA280B93D-LeaderElection49] INFO  server.RaftServerConfigKeys (ConfUtils.java:logGet(43)) - raft.server.watch.element-limit = 65536 (default)
2019-11-12 23:20:11,578 [d20ba3f6-e96e-4597-ba1c-bac940786bea@group-79AAA280B93D-LeaderElection49] INFO  server.RaftServerConfigKeys (ConfUtils.java:logGet(43)) - raft.server.log.appender.snapshot.chunk.size.max = 16MB (=16777216) (default)
2019-11-12 23:20:11,578 [d20ba3f6-e96e-4597-ba1c-bac940786bea@group-79AAA280B93D-LeaderElection49] INFO  server.RaftServerConfigKeys (ConfUtils.java:logGet(43)) - raft.server.log.appender.buffer.byte-limit = 33554432 (custom)
2019-11-12 23:20:11,578 [d20ba3f6-e96e-4597-ba1c-bac940786bea@group-79AAA280B93D-LeaderElection49] INFO  server.RaftServerConfigKeys (ConfUtils.java:logGet(43)) - raft.server.log.appender.buffer.element-limit = 1 (custom)
2019-11-12 23:20:11,578 [d20ba3f6-e96e-4597-ba1c-bac940786bea@group-79AAA280B93D-LeaderElection49] INFO  grpc.GrpcConfigKeys$Server (ConfUtils.java:logGet(43)) - raft.grpc.server.leader.outstanding.appends.max = 128 (default)
2019-11-12 23:20:11,579 [d20ba3f6-e96e-4597-ba1c-bac940786bea@group-79AAA280B93D-LeaderElection49] INFO  server.RaftServerConfigKeys (ConfUtils.java:logGet(43)) - raft.server.rpc.request.timeout = 3000ms (default)
2019-11-12 23:20:11,579 [d20ba3f6-e96e-4597-ba1c-bac940786bea@group-79AAA280B93D-LeaderElection49] INFO  server.RaftServerConfigKeys (ConfUtils.java:logGet(43)) - raft.server.log.appender.install.snapshot.enabled = false (custom)
2019-11-12 23:20:11,579 [EventQueue-PipelineReportForPipelineReportHandler] INFO  pipeline.PipelineStateManager (PipelineStateManager.java:openPipeline(134)) - Pipeline Pipeline[ Id: d342bf69-eebf-4df5-99ed-79aaa280b93d, Nodes: d20ba3f6-e96e-4597-ba1c-bac940786bea{ip: 192.168.164.209, host: pr-hdds-2464-qsgcv-431919947, networkLocation: /default-rack, certSerialId: null}88c939f2-d53e-4de2-8f3f-abd9df815d54{ip: 192.168.164.209, host: pr-hdds-2464-qsgcv-431919947, networkLocation: /default-rack, certSerialId: null}42d95ea6-05d3-4ca4-82ca-ed08e1855e99{ip: 192.168.164.209, host: pr-hdds-2464-qsgcv-431919947, networkLocation: /default-rack, certSerialId: null}, Type:RATIS, Factor:THREE, State:OPEN] moved to OPEN state
2019-11-12 23:20:11,579 [d20ba3f6-e96e-4597-ba1c-bac940786bea@group-79AAA280B93D-LeaderElection49] WARN  impl.MetricRegistriesImpl (MetricRegistriesImpl.java:lambda$create$1(61)) - First MetricRegistry has been created without registering reporters. You may need to call MetricRegistries.global().addReportRegistration(...) before.
2019-11-12 23:20:11,579 [d20ba3f6-e96e-4597-ba1c-bac940786bea@group-79AAA280B93D-LeaderElection49] INFO  server.RaftServerConfigKeys (ConfUtils.java:logGet(43)) - raft.server.log.appender.snapshot.chunk.size.max = 16MB (=16777216) (default)
2019-11-12 23:20:11,579 [d20ba3f6-e96e-4597-ba1c-bac940786bea@group-79AAA280B93D-LeaderElection49] INFO  server.RaftServerConfigKeys (ConfUtils.java:logGet(43)) - raft.server.log.appender.buffer.byte-limit = 33554432 (custom)
2019-11-12 23:20:11,579 [d20ba3f6-e96e-4597-ba1c-bac940786bea@group-79AAA280B93D-LeaderElection49] INFO  server.RaftServerConfigKeys (ConfUtils.java:logGet(43)) - raft.server.log.appender.buffer.element-limit = 1 (custom)
2019-11-12 23:20:11,579 [d20ba3f6-e96e-4597-ba1c-bac940786bea@group-79AAA280B93D-LeaderElection49] INFO  grpc.GrpcConfigKeys$Server (ConfUtils.java:logGet(43)) - raft.grpc.server.leader.outstanding.appends.max = 128 (default)
2019-11-12 23:20:11,580 [d20ba3f6-e96e-4597-ba1c-bac940786bea@group-79AAA280B93D-LeaderElection49] INFO  server.RaftServerConfigKeys (ConfUtils.java:logGet(43)) - raft.server.rpc.request.timeout = 3000ms (default)
2019-11-12 23:20:11,580 [d20ba3f6-e96e-4597-ba1c-bac940786bea@group-79AAA280B93D-LeaderElection49] INFO  server.RaftServerConfigKeys (ConfUtils.java:logGet(43)) - raft.server.log.appender.install.snapshot.enabled = false (custom)
2019-11-12 23:20:11,580 [d20ba3f6-e96e-4597-ba1c-bac940786bea@group-79AAA280B93D-LeaderElection49] INFO  impl.RoleInfo (RoleInfo.java:updateAndGet(143)) - d20ba3f6-e96e-4597-ba1c-bac940786bea: start LeaderState
2019-11-12 23:20:11,580 [d20ba3f6-e96e-4597-ba1c-bac940786bea@group-79AAA280B93D-LeaderElection49] INFO  segmented.SegmentedRaftLogWorker (SegmentedRaftLogWorker.java:startLogSegment(385)) - d20ba3f6-e96e-4597-ba1c-bac940786bea@group-79AAA280B93D-SegmentedRaftLogWorker: Starting segment from index:0
2019-11-12 23:20:11,581 [d20ba3f6-e96e-4597-ba1c-bac940786bea@group-79AAA280B93D-LeaderElection49] INFO  impl.RaftServerImpl (ServerState.java:setRaftConf(356)) - d20ba3f6-e96e-4597-ba1c-bac940786bea@group-79AAA280B93D: set configuration 0: [42d95ea6-05d3-4ca4-82ca-ed08e1855e99:192.168.164.209:39395, 88c939f2-d53e-4de2-8f3f-abd9df815d54:192.168.164.209:45039, d20ba3f6-e96e-4597-ba1c-bac940786bea:192.168.164.209:36673], old=null at 0
2019-11-12 23:20:11,582 [grpc-default-executor-0] INFO  ratis.XceiverServerRatis (XceiverServerRatis.java:handleLeaderChangedNotification(697)) - Leader change notification received for group: group-79AAA280B93D with new leaderId: d20ba3f6-e96e-4597-ba1c-bac940786bea
2019-11-12 23:20:11,612 [grpc-default-executor-8] INFO  ratis.XceiverServerRatis (XceiverServerRatis.java:handleLeaderChangedNotification(697)) - Leader change notification received for group: group-79AAA280B93D with new leaderId: d20ba3f6-e96e-4597-ba1c-bac940786bea
2019-11-12 23:20:11,612 [grpc-default-executor-0] INFO  impl.RaftServerImpl (ServerState.java:setLeader(255)) - 42d95ea6-05d3-4ca4-82ca-ed08e1855e99@group-79AAA280B93D: change Leader from null to d20ba3f6-e96e-4597-ba1c-bac940786bea at term 1 for appendEntries, leader elected after 1112ms
2019-11-12 23:20:11,612 [grpc-default-executor-8] INFO  impl.RaftServerImpl (ServerState.java:setLeader(255)) - 88c939f2-d53e-4de2-8f3f-abd9df815d54@group-79AAA280B93D: change Leader from null to d20ba3f6-e96e-4597-ba1c-bac940786bea at term 1 for appendEntries, leader elected after 1140ms
2019-11-12 23:20:11,614 [grpc-default-executor-8] INFO  impl.RaftServerImpl (ServerState.java:setRaftConf(356)) - 42d95ea6-05d3-4ca4-82ca-ed08e1855e99@group-79AAA280B93D: set configuration 0: [42d95ea6-05d3-4ca4-82ca-ed08e1855e99:192.168.164.209:39395, 88c939f2-d53e-4de2-8f3f-abd9df815d54:192.168.164.209:45039, d20ba3f6-e96e-4597-ba1c-bac940786bea:192.168.164.209:36673], old=null at 0
2019-11-12 23:20:11,615 [grpc-default-executor-8] INFO  segmented.SegmentedRaftLogWorker (SegmentedRaftLogWorker.java:startLogSegment(385)) - 42d95ea6-05d3-4ca4-82ca-ed08e1855e99@group-79AAA280B93D-SegmentedRaftLogWorker: Starting segment from index:0
2019-11-12 23:20:11,615 [grpc-default-executor-0] INFO  impl.RaftServerImpl (ServerState.java:setRaftConf(356)) - 88c939f2-d53e-4de2-8f3f-abd9df815d54@group-79AAA280B93D: set configuration 0: [42d95ea6-05d3-4ca4-82ca-ed08e1855e99:192.168.164.209:39395, 88c939f2-d53e-4de2-8f3f-abd9df815d54:192.168.164.209:45039, d20ba3f6-e96e-4597-ba1c-bac940786bea:192.168.164.209:36673], old=null at 0
2019-11-12 23:20:11,615 [grpc-default-executor-0] INFO  segmented.SegmentedRaftLogWorker (SegmentedRaftLogWorker.java:startLogSegment(385)) - 88c939f2-d53e-4de2-8f3f-abd9df815d54@group-79AAA280B93D-SegmentedRaftLogWorker: Starting segment from index:0
2019-11-12 23:20:11,624 [d20ba3f6-e96e-4597-ba1c-bac940786bea@group-79AAA280B93D-SegmentedRaftLogWorker] INFO  segmented.SegmentedRaftLogWorker (SegmentedRaftLogWorker.java:execute(576)) - d20ba3f6-e96e-4597-ba1c-bac940786bea@group-79AAA280B93D-SegmentedRaftLogWorker: created new log segment /workdir/hadoop-ozone/integration-test/target/test-dir/MiniOzoneClusterImpl-526fdb7e-9c97-4370-88fe-75d8a071a2f3/datanode-4/data/ratis/d342bf69-eebf-4df5-99ed-79aaa280b93d/current/log_inprogress_0
2019-11-12 23:20:11,660 [42d95ea6-05d3-4ca4-82ca-ed08e1855e99@group-79AAA280B93D-SegmentedRaftLogWorker] INFO  segmented.SegmentedRaftLogWorker (SegmentedRaftLogWorker.java:execute(576)) - 42d95ea6-05d3-4ca4-82ca-ed08e1855e99@group-79AAA280B93D-SegmentedRaftLogWorker: created new log segment /workdir/hadoop-ozone/integration-test/target/test-dir/MiniOzoneClusterImpl-526fdb7e-9c97-4370-88fe-75d8a071a2f3/datanode-3/data/ratis/d342bf69-eebf-4df5-99ed-79aaa280b93d/current/log_inprogress_0
2019-11-12 23:20:11,660 [88c939f2-d53e-4de2-8f3f-abd9df815d54@group-79AAA280B93D-SegmentedRaftLogWorker] INFO  segmented.SegmentedRaftLogWorker (SegmentedRaftLogWorker.java:execute(576)) - 88c939f2-d53e-4de2-8f3f-abd9df815d54@group-79AAA280B93D-SegmentedRaftLogWorker: created new log segment /workdir/hadoop-ozone/integration-test/target/test-dir/MiniOzoneClusterImpl-526fdb7e-9c97-4370-88fe-75d8a071a2f3/datanode-5/data/ratis/d342bf69-eebf-4df5-99ed-79aaa280b93d/current/log_inprogress_0
2019-11-12 23:20:15,956 [main] INFO  ozoneimpl.OzoneContainer (OzoneContainer.java:stop(244)) - Attempting to stop container services.
2019-11-12 23:20:15,956 [ForkJoinPool.commonPool-worker-0] INFO  ozoneimpl.OzoneContainer (OzoneContainer.java:stop(244)) - Attempting to stop container services.
2019-11-12 23:20:15,956 [main] INFO  impl.RaftServerProxy (RaftServerProxy.java:lambda$close$4(314)) - 42d95ea6-05d3-4ca4-82ca-ed08e1855e99: close
2019-11-12 23:20:15,956 [ForkJoinPool.commonPool-worker-0] INFO  impl.RaftServerProxy (RaftServerProxy.java:lambda$close$4(314)) - 0abad138-b24b-47c7-afcb-ebb08d39de0a: close
2019-11-12 23:20:15,957 [main] INFO  impl.RaftServerImpl (RaftServerImpl.java:lambda$shutdown$3(250)) - 42d95ea6-05d3-4ca4-82ca-ed08e1855e99@group-3C6DD23CD035: shutdown
2019-11-12 23:20:15,957 [ForkJoinPool.commonPool-worker-0] INFO  impl.RaftServerImpl (RaftServerImpl.java:lambda$shutdown$3(250)) - 0abad138-b24b-47c7-afcb-ebb08d39de0a@group-3356CC9F9ADE: shutdown
2019-11-12 23:20:15,957 [main] INFO  util.JmxRegister (JmxRegister.java:unregister(73)) - Successfully un-registered JMX Bean with object name Ratis:service=RaftServer,group=group-3C6DD23CD035,id=42d95ea6-05d3-4ca4-82ca-ed08e1855e99
2019-11-12 23:20:15,957 [ForkJoinPool.commonPool-worker-0] INFO  util.JmxRegister (JmxRegister.java:unregister(73)) - Successfully un-registered JMX Bean with object name Ratis:service=RaftServer,group=group-3356CC9F9ADE,id=0abad138-b24b-47c7-afcb-ebb08d39de0a
2019-11-12 23:20:15,958 [main] INFO  impl.RoleInfo (RoleInfo.java:shutdownLeaderState(104)) - 42d95ea6-05d3-4ca4-82ca-ed08e1855e99: shutdown LeaderState
2019-11-12 23:20:15,958 [ForkJoinPool.commonPool-worker-0] INFO  impl.RoleInfo (RoleInfo.java:shutdownLeaderState(104)) - 0abad138-b24b-47c7-afcb-ebb08d39de0a: shutdown LeaderState
2019-11-12 23:20:15,958 [main] INFO  impl.PendingRequests (PendingRequests.java:sendNotLeaderResponses(206)) - 42d95ea6-05d3-4ca4-82ca-ed08e1855e99@group-3C6DD23CD035-PendingRequests: sendNotLeaderResponses
2019-11-12 23:20:15,959 [ForkJoinPool.commonPool-worker-0] INFO  impl.PendingRequests (PendingRequests.java:sendNotLeaderResponses(206)) - 0abad138-b24b-47c7-afcb-ebb08d39de0a@group-3356CC9F9ADE-PendingRequests: sendNotLeaderResponses
2019-11-12 23:20:15,959 [main] INFO  impl.StateMachineUpdater (StateMachineUpdater.java:stopAndJoin(136)) - 42d95ea6-05d3-4ca4-82ca-ed08e1855e99@group-3C6DD23CD035-StateMachineUpdater: set stopIndex = 0
2019-11-12 23:20:15,959 [ForkJoinPool.commonPool-worker-0] INFO  impl.StateMachineUpdater (StateMachineUpdater.java:stopAndJoin(136)) - 0abad138-b24b-47c7-afcb-ebb08d39de0a@group-3356CC9F9ADE-StateMachineUpdater: set stopIndex = 0
2019-11-12 23:20:15,959 [main] INFO  impl.RaftServerImpl (ServerState.java:close(387)) - 42d95ea6-05d3-4ca4-82ca-ed08e1855e99@group-3C6DD23CD035: closes. applyIndex: 0
2019-11-12 23:20:15,960 [ForkJoinPool.commonPool-worker-0] INFO  impl.RaftServerImpl (ServerState.java:close(387)) - 0abad138-b24b-47c7-afcb-ebb08d39de0a@group-3356CC9F9ADE: closes. applyIndex: 0
2019-11-12 23:20:15,960 [42d95ea6-05d3-4ca4-82ca-ed08e1855e99@group-3C6DD23CD035-SegmentedRaftLogWorker] INFO  segmented.SegmentedRaftLogWorker (SegmentedRaftLogWorker.java:run(316)) - 42d95ea6-05d3-4ca4-82ca-ed08e1855e99@group-3C6DD23CD035-SegmentedRaftLogWorker was interrupted, exiting. There are 0 tasks remaining in the queue.
2019-11-12 23:20:15,960 [0abad138-b24b-47c7-afcb-ebb08d39de0a@group-3356CC9F9ADE-SegmentedRaftLogWorker] INFO  segmented.SegmentedRaftLogWorker (SegmentedRaftLogWorker.java:run(316)) - 0abad138-b24b-47c7-afcb-ebb08d39de0a@group-3356CC9F9ADE-SegmentedRaftLogWorker was interrupted, exiting. There are 0 tasks remaining in the queue.
2019-11-12 23:20:15,964 [main] INFO  segmented.SegmentedRaftLogWorker (SegmentedRaftLogWorker.java:close(224)) - 42d95ea6-05d3-4ca4-82ca-ed08e1855e99@group-3C6DD23CD035-SegmentedRaftLogWorker close()
2019-11-12 23:20:15,964 [ForkJoinPool.commonPool-worker-0] INFO  segmented.SegmentedRaftLogWorker (SegmentedRaftLogWorker.java:close(224)) - 0abad138-b24b-47c7-afcb-ebb08d39de0a@group-3356CC9F9ADE-SegmentedRaftLogWorker close()
2019-11-12 23:20:15,967 [main] INFO  impl.RaftServerImpl (RaftServerImpl.java:lambda$shutdown$3(250)) - 42d95ea6-05d3-4ca4-82ca-ed08e1855e99@group-79AAA280B93D: shutdown
2019-11-12 23:20:15,970 [ForkJoinPool.commonPool-worker-0] INFO  impl.RaftServerImpl (RaftServerImpl.java:lambda$shutdown$3(250)) - 0abad138-b24b-47c7-afcb-ebb08d39de0a@group-D099D4B3691C: shutdown
2019-11-12 23:20:15,970 [main] INFO  util.JmxRegister (JmxRegister.java:unregister(73)) - Successfully un-registered JMX Bean with object name Ratis:service=RaftServer,group=group-79AAA280B93D,id=42d95ea6-05d3-4ca4-82ca-ed08e1855e99
2019-11-12 23:20:15,970 [ForkJoinPool.commonPool-worker-0] INFO  util.JmxRegister (JmxRegister.java:unregister(73)) - Successfully un-registered JMX Bean with object name Ratis:service=RaftServer,group=group-D099D4B3691C,id=0abad138-b24b-47c7-afcb-ebb08d39de0a
2019-11-12 23:20:15,970 [main] INFO  impl.RoleInfo (RoleInfo.java:shutdownFollowerState(121)) - 42d95ea6-05d3-4ca4-82ca-ed08e1855e99: shutdown FollowerState
2019-11-12 23:20:15,971 [ForkJoinPool.commonPool-worker-0] INFO  impl.RoleInfo (RoleInfo.java:shutdownFollowerState(121)) - 0abad138-b24b-47c7-afcb-ebb08d39de0a: shutdown FollowerState
2019-11-12 23:20:15,971 [Thread-1417] INFO  impl.FollowerState (FollowerState.java:run(120)) - 42d95ea6-05d3-4ca4-82ca-ed08e1855e99@group-79AAA280B93D-FollowerState was interrupted: java.lang.InterruptedException: sleep interrupted
2019-11-12 23:20:15,971 [main] INFO  impl.StateMachineUpdater (StateMachineUpdater.java:stopAndJoin(136)) - 42d95ea6-05d3-4ca4-82ca-ed08e1855e99@group-79AAA280B93D-StateMachineUpdater: set stopIndex = 0
2019-11-12 23:20:15,971 [ForkJoinPool.commonPool-worker-0] INFO  impl.StateMachineUpdater (StateMachineUpdater.java:stopAndJoin(136)) - 0abad138-b24b-47c7-afcb-ebb08d39de0a@group-D099D4B3691C-StateMachineUpdater: set stopIndex = 0
2019-11-12 23:20:15,973 [ForkJoinPool.commonPool-worker-0] INFO  impl.RaftServerImpl (ServerState.java:close(387)) - 0abad138-b24b-47c7-afcb-ebb08d39de0a@group-D099D4B3691C: closes. applyIndex: 0
2019-11-12 23:20:15,971 [Thread-1397] INFO  impl.FollowerState (FollowerState.java:run(120)) - 0abad138-b24b-47c7-afcb-ebb08d39de0a@group-D099D4B3691C-FollowerState was interrupted: java.lang.InterruptedException: sleep interrupted
2019-11-12 23:20:15,973 [0abad138-b24b-47c7-afcb-ebb08d39de0a@group-D099D4B3691C-SegmentedRaftLogWorker] INFO  segmented.SegmentedRaftLogWorker (SegmentedRaftLogWorker.java:run(316)) - 0abad138-b24b-47c7-afcb-ebb08d39de0a@group-D099D4B3691C-SegmentedRaftLogWorker was interrupted, exiting. There are 0 tasks remaining in the queue.
2019-11-12 23:20:15,973 [main] INFO  impl.RaftServerImpl (ServerState.java:close(387)) - 42d95ea6-05d3-4ca4-82ca-ed08e1855e99@group-79AAA280B93D: closes. applyIndex: 0
2019-11-12 23:20:15,976 [ForkJoinPool.commonPool-worker-0] INFO  segmented.SegmentedRaftLogWorker (SegmentedRaftLogWorker.java:close(224)) - 0abad138-b24b-47c7-afcb-ebb08d39de0a@group-D099D4B3691C-SegmentedRaftLogWorker close()
2019-11-12 23:20:15,977 [42d95ea6-05d3-4ca4-82ca-ed08e1855e99@group-79AAA280B93D-SegmentedRaftLogWorker] INFO  segmented.SegmentedRaftLogWorker (SegmentedRaftLogWorker.java:run(316)) - 42d95ea6-05d3-4ca4-82ca-ed08e1855e99@group-79AAA280B93D-SegmentedRaftLogWorker was interrupted, exiting. There are 0 tasks remaining in the queue.
2019-11-12 23:20:15,980 [ForkJoinPool.commonPool-worker-0] INFO  server.GrpcService (GrpcService.java:closeImpl(164)) - 0abad138-b24b-47c7-afcb-ebb08d39de0a: shutdown server with port 35002 now
2019-11-12 23:20:15,981 [main] INFO  segmented.SegmentedRaftLogWorker (SegmentedRaftLogWorker.java:close(224)) - 42d95ea6-05d3-4ca4-82ca-ed08e1855e99@group-79AAA280B93D-SegmentedRaftLogWorker close()
2019-11-12 23:20:15,984 [main] INFO  server.GrpcService (GrpcService.java:closeImpl(164)) - 42d95ea6-05d3-4ca4-82ca-ed08e1855e99: shutdown server with port 39395 now
2019-11-12 23:20:15,985 [grpc-default-executor-0] WARN  server.GrpcServerProtocolService (LogUtils.java:warn(134)) - 0abad138-b24b-47c7-afcb-ebb08d39de0a: installSnapshot onError, lastRequest: 80837678-b947-4bce-b966-fc20c0dfbdbf->0abad138-b24b-47c7-afcb-ebb08d39de0a#10-t1, previous=(t:1, i:0), leaderCommit=0, initializing? false, entries: <empty>: org.apache.ratis.thirdparty.io.grpc.StatusRuntimeException: CANCELLED: cancelled before receiving half close
2019-11-12 23:20:15,985 [ForkJoinPool.commonPool-worker-0] INFO  server.GrpcService (GrpcService.java:closeImpl(172)) - 0abad138-b24b-47c7-afcb-ebb08d39de0a: shutdown server with port 35002 successfully
2019-11-12 23:20:15,991 [grpc-default-executor-8] WARN  server.GrpcServerProtocolService (LogUtils.java:warn(134)) - 42d95ea6-05d3-4ca4-82ca-ed08e1855e99: installSnapshot onError, lastRequest: d20ba3f6-e96e-4597-ba1c-bac940786bea->42d95ea6-05d3-4ca4-82ca-ed08e1855e99#9-t1, previous=(t:1, i:0), leaderCommit=0, initializing? false, entries: <empty>: org.apache.ratis.thirdparty.io.grpc.StatusRuntimeException: CANCELLED: cancelled before receiving half close
2019-11-12 23:20:15,991 [grpc-default-executor-7] WARN  server.GrpcLogAppender (LogUtils.java:warn(134)) - 80837678-b947-4bce-b966-fc20c0dfbdbf@group-D099D4B3691C->0abad138-b24b-47c7-afcb-ebb08d39de0a-AppendLogResponseHandler: Failed appendEntries: org.apache.ratis.thirdparty.io.grpc.StatusRuntimeException: CANCELLED: HTTP/2 error code: CANCEL
Received Rst Stream
2019-11-12 23:20:15,991 [main] INFO  server.GrpcService (GrpcService.java:closeImpl(172)) - 42d95ea6-05d3-4ca4-82ca-ed08e1855e99: shutdown server with port 39395 successfully
2019-11-12 23:20:15,992 [grpc-default-executor-7] INFO  impl.FollowerInfo (FollowerInfo.java:lambda$new$0(51)) - 80837678-b947-4bce-b966-fc20c0dfbdbf@group-D099D4B3691C->0abad138-b24b-47c7-afcb-ebb08d39de0a: nextIndex: updateUnconditionally 1 -> 0
2019-11-12 23:20:15,993 [grpc-default-executor-3] WARN  server.GrpcLogAppender (LogUtils.java:warn(134)) - d20ba3f6-e96e-4597-ba1c-bac940786bea@group-79AAA280B93D->42d95ea6-05d3-4ca4-82ca-ed08e1855e99-AppendLogResponseHandler: Failed appendEntries: org.apache.ratis.thirdparty.io.grpc.StatusRuntimeException: CANCELLED: HTTP/2 error code: CANCEL
Received Rst Stream
2019-11-12 23:20:15,994 [grpc-default-executor-3] INFO  impl.FollowerInfo (FollowerInfo.java:lambda$new$0(51)) - d20ba3f6-e96e-4597-ba1c-bac940786bea@group-79AAA280B93D->42d95ea6-05d3-4ca4-82ca-ed08e1855e99: nextIndex: updateUnconditionally 1 -> 0
2019-11-12 23:20:15,995 [refreshUsed-/workdir/hadoop-ozone/integration-test/target/test-dir/MiniOzoneClusterImpl-526fdb7e-9c97-4370-88fe-75d8a071a2f3/datanode-3/data/containers] WARN  fs.CachingGetSpaceUsed (CachingGetSpaceUsed.java:run(183)) - Thread Interrupted waiting to refresh disk information: sleep interrupted
2019-11-12 23:20:15,998 [refreshUsed-/workdir/hadoop-ozone/integration-test/target/test-dir/MiniOzoneClusterImpl-526fdb7e-9c97-4370-88fe-75d8a071a2f3/datanode-1/data/containers] WARN  fs.CachingGetSpaceUsed (CachingGetSpaceUsed.java:run(183)) - Thread Interrupted waiting to refresh disk information: sleep interrupted
2019-11-12 23:20:16,015 [main] INFO  utils.BackgroundService (BackgroundService.java:shutdown(151)) - Shutting down service BlockDeletingService
2019-11-12 23:20:16,020 [main] INFO  statemachine.DatanodeStateMachine (DatanodeStateMachine.java:stopDaemon(395)) - Ozone container server stopped.
2019-11-12 23:20:16,021 [main] INFO  handler.ContextHandler (ContextHandler.java:doStop(910)) - Stopped o.e.j.w.WebAppContext@769bd849{/,null,UNAVAILABLE}{/hddsDatanode}
2019-11-12 23:20:16,021 [main] INFO  server.AbstractConnector (AbstractConnector.java:doStop(318)) - Stopped ServerConnector@101ca8da{HTTP/1.1,[http/1.1]}{0.0.0.0:0}
2019-11-12 23:20:16,022 [main] INFO  handler.ContextHandler (ContextHandler.java:doStop(910)) - Stopped o.e.j.s.ServletContextHandler@2e13f304{/static,jar:file:/home/user/.m2/repository/org/apache/hadoop/hadoop-hdds-container-service/0.5.0-SNAPSHOT/hadoop-hdds-container-service-0.5.0-SNAPSHOT.jar!/webapps/static,UNAVAILABLE}
2019-11-12 23:20:16,022 [main] INFO  handler.ContextHandler (ContextHandler.java:doStop(910)) - Stopped o.e.j.s.ServletContextHandler@18a19e{/logs,file:///workdir/hadoop-ozone/integration-test/target/log,UNAVAILABLE}
2019-11-12 23:20:16,022 [ForkJoinPool.commonPool-worker-0] INFO  utils.BackgroundService (BackgroundService.java:shutdown(151)) - Shutting down service BlockDeletingService
2019-11-12 23:20:16,025 [ForkJoinPool.commonPool-worker-0] INFO  statemachine.DatanodeStateMachine (DatanodeStateMachine.java:stopDaemon(395)) - Ozone container server stopped.
2019-11-12 23:20:16,028 [ForkJoinPool.commonPool-worker-0] INFO  handler.ContextHandler (ContextHandler.java:doStop(910)) - Stopped o.e.j.w.WebAppContext@322ba549{/,null,UNAVAILABLE}{/hddsDatanode}
2019-11-12 23:20:16,029 [ForkJoinPool.commonPool-worker-0] INFO  server.AbstractConnector (AbstractConnector.java:doStop(318)) - Stopped ServerConnector@502a4156{HTTP/1.1,[http/1.1]}{0.0.0.0:0}
2019-11-12 23:20:16,029 [ForkJoinPool.commonPool-worker-0] INFO  handler.ContextHandler (ContextHandler.java:doStop(910)) - Stopped o.e.j.s.ServletContextHandler@493da830{/static,jar:file:/home/user/.m2/repository/org/apache/hadoop/hadoop-hdds-container-service/0.5.0-SNAPSHOT/hadoop-hdds-container-service-0.5.0-SNAPSHOT.jar!/webapps/static,UNAVAILABLE}
2019-11-12 23:20:16,030 [ForkJoinPool.commonPool-worker-0] INFO  handler.ContextHandler (ContextHandler.java:doStop(910)) - Stopped o.e.j.s.ServletContextHandler@18b74ea{/logs,file:///workdir/hadoop-ozone/integration-test/target/log,UNAVAILABLE}
2019-11-12 23:20:16,183 [grpc-default-executor-7] WARN  server.GrpcLogAppender (LogUtils.java:warn(134)) - d20ba3f6-e96e-4597-ba1c-bac940786bea@group-79AAA280B93D->42d95ea6-05d3-4ca4-82ca-ed08e1855e99-AppendLogResponseHandler: Failed appendEntries: org.apache.ratis.thirdparty.io.grpc.StatusRuntimeException: UNAVAILABLE: io exception
2019-11-12 23:20:16,183 [grpc-default-executor-7] INFO  impl.FollowerInfo (FollowerInfo.java:lambda$new$0(51)) - d20ba3f6-e96e-4597-ba1c-bac940786bea@group-79AAA280B93D->42d95ea6-05d3-4ca4-82ca-ed08e1855e99: nextIndex: updateUnconditionally 0 -> 0
2019-11-12 23:20:16,359 [Datanode State Machine Thread - 0] INFO  statemachine.DatanodeStateMachine (DatanodeStateMachine.java:lambda$startDaemon$0(350)) - Ozone container server started.
2019-11-12 23:20:16,453 [Datanode State Machine Thread - 0] INFO  statemachine.DatanodeStateMachine (DatanodeStateMachine.java:lambda$startDaemon$0(350)) - Ozone container server started.
2019-11-12 23:20:16,479 [grpc-default-executor-3] WARN  server.GrpcLogAppender (LogUtils.java:warn(134)) - 80837678-b947-4bce-b966-fc20c0dfbdbf@group-D099D4B3691C->0abad138-b24b-47c7-afcb-ebb08d39de0a-AppendLogResponseHandler: Failed appendEntries: org.apache.ratis.thirdparty.io.grpc.StatusRuntimeException: UNAVAILABLE: io exception
2019-11-12 23:20:16,480 [grpc-default-executor-3] INFO  impl.FollowerInfo (FollowerInfo.java:lambda$new$0(51)) - 80837678-b947-4bce-b966-fc20c0dfbdbf@group-D099D4B3691C->0abad138-b24b-47c7-afcb-ebb08d39de0a: nextIndex: updateUnconditionally 0 -> 0
2019-11-12 23:20:16,683 [grpc-default-executor-7] WARN  server.GrpcLogAppender (LogUtils.java:warn(134)) - d20ba3f6-e96e-4597-ba1c-bac940786bea@group-79AAA280B93D->42d95ea6-05d3-4ca4-82ca-ed08e1855e99-AppendLogResponseHandler: Failed appendEntries: org.apache.ratis.thirdparty.io.grpc.StatusRuntimeException: UNAVAILABLE: io exception
2019-11-12 23:20:16,684 [grpc-default-executor-7] INFO  impl.FollowerInfo (FollowerInfo.java:lambda$new$0(51)) - d20ba3f6-e96e-4597-ba1c-bac940786bea@group-79AAA280B93D->42d95ea6-05d3-4ca4-82ca-ed08e1855e99: nextIndex: updateUnconditionally 0 -> 0
2019-11-12 23:20:16,979 [grpc-default-executor-3] WARN  server.GrpcLogAppender (LogUtils.java:warn(134)) - 80837678-b947-4bce-b966-fc20c0dfbdbf@group-D099D4B3691C->0abad138-b24b-47c7-afcb-ebb08d39de0a-AppendLogResponseHandler: Failed appendEntries: org.apache.ratis.thirdparty.io.grpc.StatusRuntimeException: UNAVAILABLE: io exception
2019-11-12 23:20:16,980 [grpc-default-executor-3] INFO  impl.FollowerInfo (FollowerInfo.java:lambda$new$0(51)) - 80837678-b947-4bce-b966-fc20c0dfbdbf@group-D099D4B3691C->0abad138-b24b-47c7-afcb-ebb08d39de0a: nextIndex: updateUnconditionally 0 -> 0
2019-11-12 23:20:17,184 [grpc-default-executor-8] WARN  server.GrpcLogAppender (LogUtils.java:warn(134)) - d20ba3f6-e96e-4597-ba1c-bac940786bea@group-79AAA280B93D->42d95ea6-05d3-4ca4-82ca-ed08e1855e99-AppendLogResponseHandler: Failed appendEntries: org.apache.ratis.thirdparty.io.grpc.StatusRuntimeException: UNAVAILABLE: io exception
2019-11-12 23:20:17,184 [grpc-default-executor-8] INFO  impl.FollowerInfo (FollowerInfo.java:lambda$new$0(51)) - d20ba3f6-e96e-4597-ba1c-bac940786bea@group-79AAA280B93D->42d95ea6-05d3-4ca4-82ca-ed08e1855e99: nextIndex: updateUnconditionally 0 -> 0
2019-11-12 23:20:17,481 [grpc-default-executor-7] WARN  server.GrpcLogAppender (LogUtils.java:warn(134)) - 80837678-b947-4bce-b966-fc20c0dfbdbf@group-D099D4B3691C->0abad138-b24b-47c7-afcb-ebb08d39de0a-AppendLogResponseHandler: Failed appendEntries: org.apache.ratis.thirdparty.io.grpc.StatusRuntimeException: UNAVAILABLE: io exception
2019-11-12 23:20:17,482 [grpc-default-executor-7] INFO  impl.FollowerInfo (FollowerInfo.java:lambda$new$0(51)) - 80837678-b947-4bce-b966-fc20c0dfbdbf@group-D099D4B3691C->0abad138-b24b-47c7-afcb-ebb08d39de0a: nextIndex: updateUnconditionally 0 -> 0
2019-11-12 23:20:17,685 [grpc-default-executor-3] WARN  server.GrpcLogAppender (LogUtils.java:warn(134)) - d20ba3f6-e96e-4597-ba1c-bac940786bea@group-79AAA280B93D->42d95ea6-05d3-4ca4-82ca-ed08e1855e99-AppendLogResponseHandler: Failed appendEntries: org.apache.ratis.thirdparty.io.grpc.StatusRuntimeException: UNAVAILABLE: io exception
2019-11-12 23:20:17,685 [grpc-default-executor-3] INFO  impl.FollowerInfo (FollowerInfo.java:lambda$new$0(51)) - d20ba3f6-e96e-4597-ba1c-bac940786bea@group-79AAA280B93D->42d95ea6-05d3-4ca4-82ca-ed08e1855e99: nextIndex: updateUnconditionally 0 -> 0
2019-11-12 23:20:17,982 [grpc-default-executor-8] WARN  server.GrpcLogAppender (LogUtils.java:warn(134)) - 80837678-b947-4bce-b966-fc20c0dfbdbf@group-D099D4B3691C->0abad138-b24b-47c7-afcb-ebb08d39de0a-AppendLogResponseHandler: Failed appendEntries: org.apache.ratis.thirdparty.io.grpc.StatusRuntimeException: UNAVAILABLE: io exception
2019-11-12 23:20:17,982 [grpc-default-executor-8] INFO  impl.FollowerInfo (FollowerInfo.java:lambda$new$0(51)) - 80837678-b947-4bce-b966-fc20c0dfbdbf@group-D099D4B3691C->0abad138-b24b-47c7-afcb-ebb08d39de0a: nextIndex: updateUnconditionally 0 -> 0
2019-11-12 23:20:18,185 [grpc-default-executor-7] WARN  server.GrpcLogAppender (LogUtils.java:warn(134)) - d20ba3f6-e96e-4597-ba1c-bac940786bea@group-79AAA280B93D->42d95ea6-05d3-4ca4-82ca-ed08e1855e99-AppendLogResponseHandler: Failed appendEntries: org.apache.ratis.thirdparty.io.grpc.StatusRuntimeException: UNAVAILABLE: io exception
2019-11-12 23:20:18,186 [grpc-default-executor-7] INFO  impl.FollowerInfo (FollowerInfo.java:lambda$new$0(51)) - d20ba3f6-e96e-4597-ba1c-bac940786bea@group-79AAA280B93D->42d95ea6-05d3-4ca4-82ca-ed08e1855e99: nextIndex: updateUnconditionally 0 -> 0
2019-11-12 23:20:18,483 [grpc-default-executor-3] WARN  server.GrpcLogAppender (LogUtils.java:warn(134)) - 80837678-b947-4bce-b966-fc20c0dfbdbf@group-D099D4B3691C->0abad138-b24b-47c7-afcb-ebb08d39de0a-AppendLogResponseHandler: Failed appendEntries: org.apache.ratis.thirdparty.io.grpc.StatusRuntimeException: UNAVAILABLE: io exception
2019-11-12 23:20:18,483 [grpc-default-executor-3] INFO  impl.FollowerInfo (FollowerInfo.java:lambda$new$0(51)) - 80837678-b947-4bce-b966-fc20c0dfbdbf@group-D099D4B3691C->0abad138-b24b-47c7-afcb-ebb08d39de0a: nextIndex: updateUnconditionally 0 -> 0
2019-11-12 23:20:18,686 [grpc-default-executor-8] WARN  server.GrpcLogAppender (LogUtils.java:warn(134)) - d20ba3f6-e96e-4597-ba1c-bac940786bea@group-79AAA280B93D->42d95ea6-05d3-4ca4-82ca-ed08e1855e99-AppendLogResponseHandler: Failed appendEntries: org.apache.ratis.thirdparty.io.grpc.StatusRuntimeException: UNAVAILABLE: io exception
2019-11-12 23:20:18,686 [grpc-default-executor-8] INFO  impl.FollowerInfo (FollowerInfo.java:lambda$new$0(51)) - d20ba3f6-e96e-4597-ba1c-bac940786bea@group-79AAA280B93D->42d95ea6-05d3-4ca4-82ca-ed08e1855e99: nextIndex: updateUnconditionally 0 -> 0
2019-11-12 23:20:18,983 [grpc-default-executor-7] WARN  server.GrpcLogAppender (LogUtils.java:warn(134)) - 80837678-b947-4bce-b966-fc20c0dfbdbf@group-D099D4B3691C->0abad138-b24b-47c7-afcb-ebb08d39de0a-AppendLogResponseHandler: Failed appendEntries: org.apache.ratis.thirdparty.io.grpc.StatusRuntimeException: UNAVAILABLE: io exception
2019-11-12 23:20:18,983 [grpc-default-executor-7] INFO  impl.FollowerInfo (FollowerInfo.java:lambda$new$0(51)) - 80837678-b947-4bce-b966-fc20c0dfbdbf@group-D099D4B3691C->0abad138-b24b-47c7-afcb-ebb08d39de0a: nextIndex: updateUnconditionally 0 -> 0
2019-11-12 23:20:19,187 [grpc-default-executor-3] WARN  server.GrpcLogAppender (LogUtils.java:warn(134)) - d20ba3f6-e96e-4597-ba1c-bac940786bea@group-79AAA280B93D->42d95ea6-05d3-4ca4-82ca-ed08e1855e99-AppendLogResponseHandler: Failed appendEntries: org.apache.ratis.thirdparty.io.grpc.StatusRuntimeException: UNAVAILABLE: io exception
2019-11-12 23:20:19,187 [grpc-default-executor-3] INFO  impl.FollowerInfo (FollowerInfo.java:lambda$new$0(51)) - d20ba3f6-e96e-4597-ba1c-bac940786bea@group-79AAA280B93D->42d95ea6-05d3-4ca4-82ca-ed08e1855e99: nextIndex: updateUnconditionally 0 -> 0
2019-11-12 23:20:19,484 [grpc-default-executor-8] WARN  server.GrpcLogAppender (LogUtils.java:warn(134)) - 80837678-b947-4bce-b966-fc20c0dfbdbf@group-D099D4B3691C->0abad138-b24b-47c7-afcb-ebb08d39de0a-AppendLogResponseHandler: Failed appendEntries: org.apache.ratis.thirdparty.io.grpc.StatusRuntimeException: UNAVAILABLE: io exception
2019-11-12 23:20:19,485 [grpc-default-executor-8] INFO  impl.FollowerInfo (FollowerInfo.java:lambda$new$0(51)) - 80837678-b947-4bce-b966-fc20c0dfbdbf@group-D099D4B3691C->0abad138-b24b-47c7-afcb-ebb08d39de0a: nextIndex: updateUnconditionally 0 -> 0
2019-11-12 23:20:19,688 [grpc-default-executor-3] WARN  server.GrpcLogAppender (LogUtils.java:warn(134)) - d20ba3f6-e96e-4597-ba1c-bac940786bea@group-79AAA280B93D->42d95ea6-05d3-4ca4-82ca-ed08e1855e99-AppendLogResponseHandler: Failed appendEntries: org.apache.ratis.thirdparty.io.grpc.StatusRuntimeException: UNAVAILABLE: io exception
2019-11-12 23:20:19,689 [grpc-default-executor-3] INFO  impl.FollowerInfo (FollowerInfo.java:lambda$new$0(51)) - d20ba3f6-e96e-4597-ba1c-bac940786bea@group-79AAA280B93D->42d95ea6-05d3-4ca4-82ca-ed08e1855e99: nextIndex: updateUnconditionally 0 -> 0
2019-11-12 23:20:19,986 [grpc-default-executor-7] WARN  server.GrpcLogAppender (LogUtils.java:warn(134)) - 80837678-b947-4bce-b966-fc20c0dfbdbf@group-D099D4B3691C->0abad138-b24b-47c7-afcb-ebb08d39de0a-AppendLogResponseHandler: Failed appendEntries: org.apache.ratis.thirdparty.io.grpc.StatusRuntimeException: UNAVAILABLE: io exception
2019-11-12 23:20:19,986 [grpc-default-executor-7] INFO  impl.FollowerInfo (FollowerInfo.java:lambda$new$0(51)) - 80837678-b947-4bce-b966-fc20c0dfbdbf@group-D099D4B3691C->0abad138-b24b-47c7-afcb-ebb08d39de0a: nextIndex: updateUnconditionally 0 -> 0
2019-11-12 23:20:20,192 [grpc-default-executor-8] WARN  server.GrpcLogAppender (LogUtils.java:warn(134)) - d20ba3f6-e96e-4597-ba1c-bac940786bea@group-79AAA280B93D->42d95ea6-05d3-4ca4-82ca-ed08e1855e99-AppendLogResponseHandler: Failed appendEntries: org.apache.ratis.thirdparty.io.grpc.StatusRuntimeException: UNAVAILABLE: io exception
2019-11-12 23:20:20,193 [grpc-default-executor-8] INFO  impl.FollowerInfo (FollowerInfo.java:lambda$new$0(51)) - d20ba3f6-e96e-4597-ba1c-bac940786bea@group-79AAA280B93D->42d95ea6-05d3-4ca4-82ca-ed08e1855e99: nextIndex: updateUnconditionally 0 -> 0
2019-11-12 23:20:20,491 [grpc-default-executor-3] WARN  server.GrpcLogAppender (LogUtils.java:warn(134)) - 80837678-b947-4bce-b966-fc20c0dfbdbf@group-D099D4B3691C->0abad138-b24b-47c7-afcb-ebb08d39de0a-AppendLogResponseHandler: Failed appendEntries: org.apache.ratis.thirdparty.io.grpc.StatusRuntimeException: UNAVAILABLE: io exception
2019-11-12 23:20:20,492 [grpc-default-executor-3] INFO  impl.FollowerInfo (FollowerInfo.java:lambda$new$0(51)) - 80837678-b947-4bce-b966-fc20c0dfbdbf@group-D099D4B3691C->0abad138-b24b-47c7-afcb-ebb08d39de0a: nextIndex: updateUnconditionally 0 -> 0
2019-11-12 23:20:20,691 [grpc-default-executor-7] WARN  server.GrpcLogAppender (LogUtils.java:warn(134)) - d20ba3f6-e96e-4597-ba1c-bac940786bea@group-79AAA280B93D->42d95ea6-05d3-4ca4-82ca-ed08e1855e99-AppendLogResponseHandler: Failed appendEntries: org.apache.ratis.thirdparty.io.grpc.StatusRuntimeException: UNAVAILABLE: io exception
2019-11-12 23:20:20,692 [grpc-default-executor-7] INFO  impl.FollowerInfo (FollowerInfo.java:lambda$new$0(51)) - d20ba3f6-e96e-4597-ba1c-bac940786bea@group-79AAA280B93D->42d95ea6-05d3-4ca4-82ca-ed08e1855e99: nextIndex: updateUnconditionally 0 -> 0
2019-11-12 23:20:20,990 [grpc-default-executor-8] WARN  server.GrpcLogAppender (LogUtils.java:warn(134)) - 80837678-b947-4bce-b966-fc20c0dfbdbf@group-D099D4B3691C->0abad138-b24b-47c7-afcb-ebb08d39de0a-AppendLogResponseHandler: Failed appendEntries: org.apache.ratis.thirdparty.io.grpc.StatusRuntimeException: UNAVAILABLE: io exception
2019-11-12 23:20:20,991 [grpc-default-executor-8] INFO  impl.FollowerInfo (FollowerInfo.java:lambda$new$0(51)) - 80837678-b947-4bce-b966-fc20c0dfbdbf@group-D099D4B3691C->0abad138-b24b-47c7-afcb-ebb08d39de0a: nextIndex: updateUnconditionally 0 -> 0
2019-11-12 23:20:21,027 [main] INFO  ozoneimpl.OzoneContainer (OzoneContainer.java:stop(244)) - Attempting to stop container services.
2019-11-12 23:20:21,028 [main] INFO  impl.RaftServerProxy (RaftServerProxy.java:lambda$close$4(314)) - 88c939f2-d53e-4de2-8f3f-abd9df815d54: close
2019-11-12 23:20:21,029 [main] INFO  impl.RaftServerImpl (RaftServerImpl.java:lambda$shutdown$3(250)) - 88c939f2-d53e-4de2-8f3f-abd9df815d54@group-6C2889859DAA: shutdown
2019-11-12 23:20:21,029 [main] INFO  util.JmxRegister (JmxRegister.java:unregister(73)) - Successfully un-registered JMX Bean with object name Ratis:service=RaftServer,group=group-6C2889859DAA,id=88c939f2-d53e-4de2-8f3f-abd9df815d54
2019-11-12 23:20:21,029 [main] INFO  impl.RoleInfo (RoleInfo.java:shutdownLeaderState(104)) - 88c939f2-d53e-4de2-8f3f-abd9df815d54: shutdown LeaderState
2019-11-12 23:20:21,030 [main] INFO  impl.PendingRequests (PendingRequests.java:sendNotLeaderResponses(206)) - 88c939f2-d53e-4de2-8f3f-abd9df815d54@group-6C2889859DAA-PendingRequests: sendNotLeaderResponses
2019-11-12 23:20:21,030 [main] INFO  impl.StateMachineUpdater (StateMachineUpdater.java:stopAndJoin(136)) - 88c939f2-d53e-4de2-8f3f-abd9df815d54@group-6C2889859DAA-StateMachineUpdater: set stopIndex = 0
2019-11-12 23:20:21,031 [main] INFO  impl.RaftServerImpl (ServerState.java:close(387)) - 88c939f2-d53e-4de2-8f3f-abd9df815d54@group-6C2889859DAA: closes. applyIndex: 0
2019-11-12 23:20:21,032 [ForkJoinPool.commonPool-worker-0] INFO  ozoneimpl.OzoneContainer (OzoneContainer.java:stop(244)) - Attempting to stop container services.
2019-11-12 23:20:21,032 [88c939f2-d53e-4de2-8f3f-abd9df815d54@group-6C2889859DAA-SegmentedRaftLogWorker] INFO  segmented.SegmentedRaftLogWorker (SegmentedRaftLogWorker.java:run(316)) - 88c939f2-d53e-4de2-8f3f-abd9df815d54@group-6C2889859DAA-SegmentedRaftLogWorker was interrupted, exiting. There are 0 tasks remaining in the queue.
2019-11-12 23:20:21,032 [ForkJoinPool.commonPool-worker-0] INFO  impl.RaftServerProxy (RaftServerProxy.java:lambda$close$4(314)) - 80837678-b947-4bce-b966-fc20c0dfbdbf: close
2019-11-12 23:20:21,035 [ForkJoinPool.commonPool-worker-0] INFO  impl.RaftServerImpl (RaftServerImpl.java:lambda$shutdown$3(250)) - 80837678-b947-4bce-b966-fc20c0dfbdbf@group-06C42B447403: shutdown
2019-11-12 23:20:21,035 [main] INFO  segmented.SegmentedRaftLogWorker (SegmentedRaftLogWorker.java:close(224)) - 88c939f2-d53e-4de2-8f3f-abd9df815d54@group-6C2889859DAA-SegmentedRaftLogWorker close()
2019-11-12 23:20:21,035 [ForkJoinPool.commonPool-worker-0] INFO  util.JmxRegister (JmxRegister.java:unregister(73)) - Successfully un-registered JMX Bean with object name Ratis:service=RaftServer,group=group-06C42B447403,id=80837678-b947-4bce-b966-fc20c0dfbdbf
2019-11-12 23:20:21,038 [main] INFO  impl.RaftServerImpl (RaftServerImpl.java:lambda$shutdown$3(250)) - 88c939f2-d53e-4de2-8f3f-abd9df815d54@group-79AAA280B93D: shutdown
2019-11-12 23:20:21,038 [ForkJoinPool.commonPool-worker-0] INFO  impl.RoleInfo (RoleInfo.java:shutdownLeaderState(104)) - 80837678-b947-4bce-b966-fc20c0dfbdbf: shutdown LeaderState
2019-11-12 23:20:21,038 [main] INFO  util.JmxRegister (JmxRegister.java:unregister(73)) - Successfully un-registered JMX Bean with object name Ratis:service=RaftServer,group=group-79AAA280B93D,id=88c939f2-d53e-4de2-8f3f-abd9df815d54
2019-11-12 23:20:21,038 [ForkJoinPool.commonPool-worker-0] INFO  impl.PendingRequests (PendingRequests.java:sendNotLeaderResponses(206)) - 80837678-b947-4bce-b966-fc20c0dfbdbf@group-06C42B447403-PendingRequests: sendNotLeaderResponses
2019-11-12 23:20:21,039 [main] INFO  impl.RoleInfo (RoleInfo.java:shutdownFollowerState(121)) - 88c939f2-d53e-4de2-8f3f-abd9df815d54: shutdown FollowerState
2019-11-12 23:20:21,039 [ForkJoinPool.commonPool-worker-0] INFO  impl.StateMachineUpdater (StateMachineUpdater.java:stopAndJoin(136)) - 80837678-b947-4bce-b966-fc20c0dfbdbf@group-06C42B447403-StateMachineUpdater: set stopIndex = 0
2019-11-12 23:20:21,040 [Thread-1418] INFO  impl.FollowerState (FollowerState.java:run(120)) - 88c939f2-d53e-4de2-8f3f-abd9df815d54@group-79AAA280B93D-FollowerState was interrupted: java.lang.InterruptedException: sleep interrupted
2019-11-12 23:20:21,039 [main] INFO  impl.StateMachineUpdater (StateMachineUpdater.java:stopAndJoin(136)) - 88c939f2-d53e-4de2-8f3f-abd9df815d54@group-79AAA280B93D-StateMachineUpdater: set stopIndex = 0
2019-11-12 23:20:21,041 [main] INFO  impl.RaftServerImpl (ServerState.java:close(387)) - 88c939f2-d53e-4de2-8f3f-abd9df815d54@group-79AAA280B93D: closes. applyIndex: 0
2019-11-12 23:20:21,040 [ForkJoinPool.commonPool-worker-0] INFO  impl.RaftServerImpl (ServerState.java:close(387)) - 80837678-b947-4bce-b966-fc20c0dfbdbf@group-06C42B447403: closes. applyIndex: 0
2019-11-12 23:20:21,042 [88c939f2-d53e-4de2-8f3f-abd9df815d54@group-79AAA280B93D-SegmentedRaftLogWorker] INFO  segmented.SegmentedRaftLogWorker (SegmentedRaftLogWorker.java:run(316)) - 88c939f2-d53e-4de2-8f3f-abd9df815d54@group-79AAA280B93D-SegmentedRaftLogWorker was interrupted, exiting. There are 0 tasks remaining in the queue.
2019-11-12 23:20:21,042 [80837678-b947-4bce-b966-fc20c0dfbdbf@group-06C42B447403-SegmentedRaftLogWorker] INFO  segmented.SegmentedRaftLogWorker (SegmentedRaftLogWorker.java:run(316)) - 80837678-b947-4bce-b966-fc20c0dfbdbf@group-06C42B447403-SegmentedRaftLogWorker was interrupted, exiting. There are 0 tasks remaining in the queue.
2019-11-12 23:20:21,044 [main] INFO  segmented.SegmentedRaftLogWorker (SegmentedRaftLogWorker.java:close(224)) - 88c939f2-d53e-4de2-8f3f-abd9df815d54@group-79AAA280B93D-SegmentedRaftLogWorker close()
2019-11-12 23:20:21,044 [ForkJoinPool.commonPool-worker-0] INFO  segmented.SegmentedRaftLogWorker (SegmentedRaftLogWorker.java:close(224)) - 80837678-b947-4bce-b966-fc20c0dfbdbf@group-06C42B447403-SegmentedRaftLogWorker close()
2019-11-12 23:20:21,046 [main] INFO  server.GrpcService (GrpcService.java:closeImpl(164)) - 88c939f2-d53e-4de2-8f3f-abd9df815d54: shutdown server with port 45039 now
2019-11-12 23:20:21,047 [ForkJoinPool.commonPool-worker-0] INFO  impl.RaftServerImpl (RaftServerImpl.java:lambda$shutdown$3(250)) - 80837678-b947-4bce-b966-fc20c0dfbdbf@group-D099D4B3691C: shutdown
2019-11-12 23:20:21,048 [ForkJoinPool.commonPool-worker-0] INFO  util.JmxRegister (JmxRegister.java:unregister(73)) - Successfully un-registered JMX Bean with object name Ratis:service=RaftServer,group=group-D099D4B3691C,id=80837678-b947-4bce-b966-fc20c0dfbdbf
2019-11-12 23:20:21,048 [ForkJoinPool.commonPool-worker-0] INFO  impl.RoleInfo (RoleInfo.java:shutdownLeaderState(104)) - 80837678-b947-4bce-b966-fc20c0dfbdbf: shutdown LeaderState
2019-11-12 23:20:21,051 [ForkJoinPool.commonPool-worker-0] INFO  impl.PendingRequests (PendingRequests.java:sendNotLeaderResponses(206)) - 80837678-b947-4bce-b966-fc20c0dfbdbf@group-D099D4B3691C-PendingRequests: sendNotLeaderResponses
2019-11-12 23:20:21,051 [org.apache.ratis.server.impl.LogAppender$AppenderDaemon$$Lambda$408/521854984@2746c2d6] WARN  server.GrpcLogAppender (GrpcLogAppender.java:mayWait(151)) - 80837678-b947-4bce-b966-fc20c0dfbdbf@group-D099D4B3691C->b7cd9551-1bd0-408f-a1aa-df7bdc8ebd77-GrpcLogAppender: Wait interrupted by java.lang.InterruptedException
2019-11-12 23:20:21,051 [ForkJoinPool.commonPool-worker-0] INFO  impl.StateMachineUpdater (StateMachineUpdater.java:stopAndJoin(136)) - 80837678-b947-4bce-b966-fc20c0dfbdbf@group-D099D4B3691C-StateMachineUpdater: set stopIndex = 0
2019-11-12 23:20:21,052 [grpc-default-executor-8] WARN  server.GrpcLogAppender (LogUtils.java:warn(134)) - d20ba3f6-e96e-4597-ba1c-bac940786bea@group-79AAA280B93D->88c939f2-d53e-4de2-8f3f-abd9df815d54-AppendLogResponseHandler: Failed appendEntries: org.apache.ratis.thirdparty.io.grpc.StatusRuntimeException: CANCELLED: HTTP/2 error code: CANCEL
Received Rst Stream
2019-11-12 23:20:21,051 [org.apache.ratis.server.impl.LogAppender$AppenderDaemon$$Lambda$408/521854984@624440fa] WARN  server.GrpcLogAppender (GrpcLogAppender.java:mayWait(151)) - 80837678-b947-4bce-b966-fc20c0dfbdbf@group-D099D4B3691C->0abad138-b24b-47c7-afcb-ebb08d39de0a-GrpcLogAppender: Wait interrupted by java.lang.InterruptedException
2019-11-12 23:20:21,052 [ForkJoinPool.commonPool-worker-0] INFO  impl.RaftServerImpl (ServerState.java:close(387)) - 80837678-b947-4bce-b966-fc20c0dfbdbf@group-D099D4B3691C: closes. applyIndex: 0
2019-11-12 23:20:21,051 [main] INFO  server.GrpcService (GrpcService.java:closeImpl(172)) - 88c939f2-d53e-4de2-8f3f-abd9df815d54: shutdown server with port 45039 successfully
2019-11-12 23:20:21,051 [grpc-default-executor-7] WARN  server.GrpcServerProtocolService (LogUtils.java:warn(134)) - 88c939f2-d53e-4de2-8f3f-abd9df815d54: installSnapshot onError, lastRequest: d20ba3f6-e96e-4597-ba1c-bac940786bea->88c939f2-d53e-4de2-8f3f-abd9df815d54#19-t1, previous=(t:1, i:0), leaderCommit=0, initializing? false, entries: <empty>: org.apache.ratis.thirdparty.io.grpc.StatusRuntimeException: CANCELLED: cancelled before receiving half close
2019-11-12 23:20:21,052 [grpc-default-executor-3] INFO  server.GrpcServerProtocolService (GrpcServerProtocolService.java:onCompleted(113)) - b7cd9551-1bd0-408f-a1aa-df7bdc8ebd77: Completed APPEND_ENTRIES, lastRequest: 80837678-b947-4bce-b966-fc20c0dfbdbf->b7cd9551-1bd0-408f-a1aa-df7bdc8ebd77#20-t1, previous=(t:1, i:0), leaderCommit=0, initializing? false, entries: <empty>
2019-11-12 23:20:21,052 [80837678-b947-4bce-b966-fc20c0dfbdbf@group-D099D4B3691C-SegmentedRaftLogWorker] INFO  segmented.SegmentedRaftLogWorker (SegmentedRaftLogWorker.java:run(316)) - 80837678-b947-4bce-b966-fc20c0dfbdbf@group-D099D4B3691C-SegmentedRaftLogWorker was interrupted, exiting. There are 0 tasks remaining in the queue.
2019-11-12 23:20:21,052 [grpc-default-executor-8] INFO  impl.FollowerInfo (FollowerInfo.java:lambda$new$0(51)) - d20ba3f6-e96e-4597-ba1c-bac940786bea@group-79AAA280B93D->88c939f2-d53e-4de2-8f3f-abd9df815d54: nextIndex: updateUnconditionally 1 -> 0
2019-11-12 23:20:21,055 [ForkJoinPool.commonPool-worker-0] INFO  segmented.SegmentedRaftLogWorker (SegmentedRaftLogWorker.java:close(224)) - 80837678-b947-4bce-b966-fc20c0dfbdbf@group-D099D4B3691C-SegmentedRaftLogWorker close()
2019-11-12 23:20:21,057 [ForkJoinPool.commonPool-worker-0] INFO  server.GrpcService (GrpcService.java:closeImpl(164)) - 80837678-b947-4bce-b966-fc20c0dfbdbf: shutdown server with port 33427 now
2019-11-12 23:20:21,058 [grpc-default-executor-8] INFO  server.GrpcLogAppender (GrpcLogAppender.java:onCompleted(308)) - 80837678-b947-4bce-b966-fc20c0dfbdbf@group-D099D4B3691C->b7cd9551-1bd0-408f-a1aa-df7bdc8ebd77-AppendLogResponseHandler: follower responses appendEntries COMPLETED
2019-11-12 23:20:21,059 [ForkJoinPool.commonPool-worker-0] INFO  server.GrpcService (GrpcService.java:closeImpl(172)) - 80837678-b947-4bce-b966-fc20c0dfbdbf: shutdown server with port 33427 successfully
2019-11-12 23:20:21,059 [grpc-default-executor-8] INFO  impl.FollowerInfo (FollowerInfo.java:lambda$new$0(51)) - 80837678-b947-4bce-b966-fc20c0dfbdbf@group-D099D4B3691C->b7cd9551-1bd0-408f-a1aa-df7bdc8ebd77: nextIndex: updateUnconditionally 1 -> 0
2019-11-12 23:20:21,062 [refreshUsed-/workdir/hadoop-ozone/integration-test/target/test-dir/MiniOzoneClusterImpl-526fdb7e-9c97-4370-88fe-75d8a071a2f3/datanode-2/data/containers] WARN  fs.CachingGetSpaceUsed (CachingGetSpaceUsed.java:run(183)) - Thread Interrupted waiting to refresh disk information: sleep interrupted
2019-11-12 23:20:21,063 [refreshUsed-/workdir/hadoop-ozone/integration-test/target/test-dir/MiniOzoneClusterImpl-526fdb7e-9c97-4370-88fe-75d8a071a2f3/datanode-5/data/containers] WARN  fs.CachingGetSpaceUsed (CachingGetSpaceUsed.java:run(183)) - Thread Interrupted waiting to refresh disk information: sleep interrupted
2019-11-12 23:20:21,086 [ForkJoinPool.commonPool-worker-0] INFO  utils.BackgroundService (BackgroundService.java:shutdown(151)) - Shutting down service BlockDeletingService
2019-11-12 23:20:21,090 [ForkJoinPool.commonPool-worker-0] INFO  statemachine.DatanodeStateMachine (DatanodeStateMachine.java:stopDaemon(395)) - Ozone container server stopped.
2019-11-12 23:20:21,094 [ForkJoinPool.commonPool-worker-0] INFO  handler.ContextHandler (ContextHandler.java:doStop(910)) - Stopped o.e.j.w.WebAppContext@65cf4d6d{/,null,UNAVAILABLE}{/hddsDatanode}
2019-11-12 23:20:21,094 [main] INFO  utils.BackgroundService (BackgroundService.java:shutdown(151)) - Shutting down service BlockDeletingService
2019-11-12 23:20:21,094 [ForkJoinPool.commonPool-worker-0] INFO  server.AbstractConnector (AbstractConnector.java:doStop(318)) - Stopped ServerConnector@1b410308{HTTP/1.1,[http/1.1]}{0.0.0.0:0}
2019-11-12 23:20:21,097 [ForkJoinPool.commonPool-worker-0] INFO  handler.ContextHandler (ContextHandler.java:doStop(910)) - Stopped o.e.j.s.ServletContextHandler@3069a360{/static,jar:file:/home/user/.m2/repository/org/apache/hadoop/hadoop-hdds-container-service/0.5.0-SNAPSHOT/hadoop-hdds-container-service-0.5.0-SNAPSHOT.jar!/webapps/static,UNAVAILABLE}
2019-11-12 23:20:21,098 [main] INFO  statemachine.DatanodeStateMachine (DatanodeStateMachine.java:stopDaemon(395)) - Ozone container server stopped.
2019-11-12 23:20:21,099 [ForkJoinPool.commonPool-worker-0] INFO  handler.ContextHandler (ContextHandler.java:doStop(910)) - Stopped o.e.j.s.ServletContextHandler@50eb4a2c{/logs,file:///workdir/hadoop-ozone/integration-test/target/log,UNAVAILABLE}
2019-11-12 23:20:21,100 [main] INFO  handler.ContextHandler (ContextHandler.java:doStop(910)) - Stopped o.e.j.w.WebAppContext@69909c14{/,null,UNAVAILABLE}{/hddsDatanode}
2019-11-12 23:20:21,100 [main] INFO  server.AbstractConnector (AbstractConnector.java:doStop(318)) - Stopped ServerConnector@5d3b58ca{HTTP/1.1,[http/1.1]}{0.0.0.0:0}
2019-11-12 23:20:21,101 [main] INFO  handler.ContextHandler (ContextHandler.java:doStop(910)) - Stopped o.e.j.s.ServletContextHandler@59939293{/static,jar:file:/home/user/.m2/repository/org/apache/hadoop/hadoop-hdds-container-service/0.5.0-SNAPSHOT/hadoop-hdds-container-service-0.5.0-SNAPSHOT.jar!/webapps/static,UNAVAILABLE}
2019-11-12 23:20:21,101 [main] INFO  handler.ContextHandler (ContextHandler.java:doStop(910)) - Stopped o.e.j.s.ServletContextHandler@388d14e{/logs,file:///workdir/hadoop-ozone/integration-test/target/log,UNAVAILABLE}
2019-11-12 23:20:21,193 [grpc-default-executor-3] WARN  server.GrpcLogAppender (LogUtils.java:warn(134)) - d20ba3f6-e96e-4597-ba1c-bac940786bea@group-79AAA280B93D->42d95ea6-05d3-4ca4-82ca-ed08e1855e99-AppendLogResponseHandler: Failed appendEntries: org.apache.ratis.thirdparty.io.grpc.StatusRuntimeException: UNAVAILABLE: io exception
2019-11-12 23:20:21,193 [grpc-default-executor-3] INFO  impl.FollowerInfo (FollowerInfo.java:lambda$new$0(51)) - d20ba3f6-e96e-4597-ba1c-bac940786bea@group-79AAA280B93D->42d95ea6-05d3-4ca4-82ca-ed08e1855e99: nextIndex: updateUnconditionally 0 -> 0
2019-11-12 23:20:21,204 [grpc-default-executor-3] WARN  server.GrpcLogAppender (LogUtils.java:warn(134)) - d20ba3f6-e96e-4597-ba1c-bac940786bea@group-79AAA280B93D->88c939f2-d53e-4de2-8f3f-abd9df815d54-AppendLogResponseHandler: Failed appendEntries: org.apache.ratis.thirdparty.io.grpc.StatusRuntimeException: UNAVAILABLE: io exception
2019-11-12 23:20:21,204 [grpc-default-executor-3] INFO  impl.FollowerInfo (FollowerInfo.java:lambda$new$0(51)) - d20ba3f6-e96e-4597-ba1c-bac940786bea@group-79AAA280B93D->88c939f2-d53e-4de2-8f3f-abd9df815d54: nextIndex: updateUnconditionally 0 -> 0
2019-11-12 23:20:21,580 [Datanode State Machine Thread - 0] INFO  statemachine.DatanodeStateMachine (DatanodeStateMachine.java:lambda$startDaemon$0(350)) - Ozone container server started.
2019-11-12 23:20:21,694 [grpc-default-executor-3] WARN  server.GrpcLogAppender (LogUtils.java:warn(134)) - d20ba3f6-e96e-4597-ba1c-bac940786bea@group-79AAA280B93D->42d95ea6-05d3-4ca4-82ca-ed08e1855e99-AppendLogResponseHandler: Failed appendEntries: org.apache.ratis.thirdparty.io.grpc.StatusRuntimeException: UNAVAILABLE: io exception
2019-11-12 23:20:21,694 [grpc-default-executor-3] INFO  impl.FollowerInfo (FollowerInfo.java:lambda$new$0(51)) - d20ba3f6-e96e-4597-ba1c-bac940786bea@group-79AAA280B93D->42d95ea6-05d3-4ca4-82ca-ed08e1855e99: nextIndex: updateUnconditionally 0 -> 0
2019-11-12 23:20:21,705 [grpc-default-executor-7] WARN  server.GrpcLogAppender (LogUtils.java:warn(134)) - d20ba3f6-e96e-4597-ba1c-bac940786bea@group-79AAA280B93D->88c939f2-d53e-4de2-8f3f-abd9df815d54-AppendLogResponseHandler: Failed appendEntries: org.apache.ratis.thirdparty.io.grpc.StatusRuntimeException: UNAVAILABLE: io exception
2019-11-12 23:20:21,705 [grpc-default-executor-7] INFO  impl.FollowerInfo (FollowerInfo.java:lambda$new$0(51)) - d20ba3f6-e96e-4597-ba1c-bac940786bea@group-79AAA280B93D->88c939f2-d53e-4de2-8f3f-abd9df815d54: nextIndex: updateUnconditionally 0 -> 0
2019-11-12 23:20:21,860 [Datanode State Machine Thread - 0] INFO  statemachine.DatanodeStateMachine (DatanodeStateMachine.java:lambda$startDaemon$0(350)) - Ozone container server started.
2019-11-12 23:20:22,195 [grpc-default-executor-7] WARN  server.GrpcLogAppender (LogUtils.java:warn(134)) - d20ba3f6-e96e-4597-ba1c-bac940786bea@group-79AAA280B93D->42d95ea6-05d3-4ca4-82ca-ed08e1855e99-AppendLogResponseHandler: Failed appendEntries: org.apache.ratis.thirdparty.io.grpc.StatusRuntimeException: UNAVAILABLE: io exception
2019-11-12 23:20:22,195 [grpc-default-executor-7] INFO  impl.FollowerInfo (FollowerInfo.java:lambda$new$0(51)) - d20ba3f6-e96e-4597-ba1c-bac940786bea@group-79AAA280B93D->42d95ea6-05d3-4ca4-82ca-ed08e1855e99: nextIndex: updateUnconditionally 0 -> 0
2019-11-12 23:20:22,205 [grpc-default-executor-7] WARN  server.GrpcLogAppender (LogUtils.java:warn(134)) - d20ba3f6-e96e-4597-ba1c-bac940786bea@group-79AAA280B93D->88c939f2-d53e-4de2-8f3f-abd9df815d54-AppendLogResponseHandler: Failed appendEntries: org.apache.ratis.thirdparty.io.grpc.StatusRuntimeException: UNAVAILABLE: io exception
2019-11-12 23:20:22,205 [grpc-default-executor-7] INFO  impl.FollowerInfo (FollowerInfo.java:lambda$new$0(51)) - d20ba3f6-e96e-4597-ba1c-bac940786bea@group-79AAA280B93D->88c939f2-d53e-4de2-8f3f-abd9df815d54: nextIndex: updateUnconditionally 0 -> 0
2019-11-12 23:20:22,282 [Thread-1396] INFO  impl.FollowerState (FollowerState.java:run(111)) - b7cd9551-1bd0-408f-a1aa-df7bdc8ebd77@group-D099D4B3691C-FollowerState: change to CANDIDATE, lastRpcTime:1269ms, electionTimeout:1090ms
2019-11-12 23:20:22,282 [Thread-1396] INFO  impl.RoleInfo (RoleInfo.java:shutdownFollowerState(121)) - b7cd9551-1bd0-408f-a1aa-df7bdc8ebd77: shutdown FollowerState
2019-11-12 23:20:22,282 [Thread-1396] INFO  impl.RaftServerImpl (RaftServerImpl.java:setRole(173)) - b7cd9551-1bd0-408f-a1aa-df7bdc8ebd77@group-D099D4B3691C: changes role from  FOLLOWER to CANDIDATE at term 1 for changeToCandidate
2019-11-12 23:20:22,283 [Thread-1396] INFO  impl.RoleInfo (RoleInfo.java:updateAndGet(143)) - b7cd9551-1bd0-408f-a1aa-df7bdc8ebd77: start LeaderElection
2019-11-12 23:20:22,285 [b7cd9551-1bd0-408f-a1aa-df7bdc8ebd77@group-D099D4B3691C-LeaderElection50] INFO  impl.RaftServerImpl (ServerState.java:setLeader(255)) - b7cd9551-1bd0-408f-a1aa-df7bdc8ebd77@group-D099D4B3691C: change Leader from 80837678-b947-4bce-b966-fc20c0dfbdbf to null at term 1 for initElection
2019-11-12 23:20:22,308 [b7cd9551-1bd0-408f-a1aa-df7bdc8ebd77@group-D099D4B3691C-LeaderElection50] INFO  impl.LeaderElection (LeaderElection.java:askForVotes(178)) - b7cd9551-1bd0-408f-a1aa-df7bdc8ebd77@group-D099D4B3691C-LeaderElection50: begin an election at term 2 for 0: [80837678-b947-4bce-b966-fc20c0dfbdbf:192.168.164.209:33427, 0abad138-b24b-47c7-afcb-ebb08d39de0a:192.168.164.209:35002, b7cd9551-1bd0-408f-a1aa-df7bdc8ebd77:192.168.164.209:36523], old=null
2019-11-12 23:20:22,311 [b7cd9551-1bd0-408f-a1aa-df7bdc8ebd77@group-D099D4B3691C-LeaderElection50] INFO  impl.LeaderElection (LogUtils.java:infoOrTrace(149)) - b7cd9551-1bd0-408f-a1aa-df7bdc8ebd77@group-D099D4B3691C-LeaderElection50 got exception when requesting votes: {}
java.util.concurrent.ExecutionException: org.apache.ratis.thirdparty.io.grpc.StatusRuntimeException: UNAVAILABLE: io exception
	at java.util.concurrent.FutureTask.report(FutureTask.java:122)
	at java.util.concurrent.FutureTask.get(FutureTask.java:192)
	at org.apache.ratis.server.impl.LeaderElection.waitForResults(LeaderElection.java:259)
	at org.apache.ratis.server.impl.LeaderElection.askForVotes(LeaderElection.java:197)
	at org.apache.ratis.server.impl.LeaderElection.run(LeaderElection.java:133)
	at java.lang.Thread.run(Thread.java:748)
Caused by: org.apache.ratis.thirdparty.io.grpc.StatusRuntimeException: UNAVAILABLE: io exception
	at org.apache.ratis.thirdparty.io.grpc.stub.ClientCalls.toStatusRuntimeException(ClientCalls.java:233)
	at org.apache.ratis.thirdparty.io.grpc.stub.ClientCalls.getUnchecked(ClientCalls.java:214)
	at org.apache.ratis.thirdparty.io.grpc.stub.ClientCalls.blockingUnaryCall(ClientCalls.java:139)
	at org.apache.ratis.proto.grpc.RaftServerProtocolServiceGrpc$RaftServerProtocolServiceBlockingStub.requestVote(RaftServerProtocolServiceGrpc.java:265)
	at org.apache.ratis.grpc.server.GrpcServerProtocolClient.requestVote(GrpcServerProtocolClient.java:99)
	at org.apache.ratis.grpc.server.GrpcService.requestVote(GrpcService.java:204)
	at org.apache.ratis.server.impl.LeaderElection.lambda$submitRequests$1(LeaderElection.java:234)
	at java.util.concurrent.FutureTask.run(FutureTask.java:266)
	at java.util.concurrent.Executors$RunnableAdapter.call(Executors.java:511)
	at java.util.concurrent.FutureTask.run(FutureTask.java:266)
	at java.util.concurrent.ThreadPoolExecutor.runWorker(ThreadPoolExecutor.java:1149)
	at java.util.concurrent.ThreadPoolExecutor$Worker.run(ThreadPoolExecutor.java:624)
	... 1 more
Caused by: org.apache.ratis.thirdparty.io.netty.channel.AbstractChannel$AnnotatedConnectException: Connection refused: /192.168.164.209:35002
	at sun.nio.ch.SocketChannelImpl.checkConnect(Native Method)
	at sun.nio.ch.SocketChannelImpl.finishConnect(SocketChannelImpl.java:717)
	at org.apache.ratis.thirdparty.io.netty.channel.socket.nio.NioSocketChannel.doFinishConnect(NioSocketChannel.java:327)
	at org.apache.ratis.thirdparty.io.netty.channel.nio.AbstractNioChannel$AbstractNioUnsafe.finishConnect(AbstractNioChannel.java:340)
	at org.apache.ratis.thirdparty.io.netty.channel.nio.NioEventLoop.processSelectedKey(NioEventLoop.java:632)
	at org.apache.ratis.thirdparty.io.netty.channel.nio.NioEventLoop.processSelectedKeysOptimized(NioEventLoop.java:579)
	at org.apache.ratis.thirdparty.io.netty.channel.nio.NioEventLoop.processSelectedKeys(NioEventLoop.java:496)
	at org.apache.ratis.thirdparty.io.netty.channel.nio.NioEventLoop.run(NioEventLoop.java:458)
	at org.apache.ratis.thirdparty.io.netty.util.concurrent.SingleThreadEventExecutor$5.run(SingleThreadEventExecutor.java:897)
	at org.apache.ratis.thirdparty.io.netty.util.concurrent.FastThreadLocalRunnable.run(FastThreadLocalRunnable.java:30)
	... 1 more
Caused by: java.net.ConnectException: Connection refused
	... 11 more
2019-11-12 23:20:22,313 [b7cd9551-1bd0-408f-a1aa-df7bdc8ebd77@group-D099D4B3691C-LeaderElection50] INFO  impl.LeaderElection (LogUtils.java:infoOrTrace(149)) - b7cd9551-1bd0-408f-a1aa-df7bdc8ebd77@group-D099D4B3691C-LeaderElection50 got exception when requesting votes: {}
java.util.concurrent.ExecutionException: org.apache.ratis.thirdparty.io.grpc.StatusRuntimeException: UNAVAILABLE: io exception
	at java.util.concurrent.FutureTask.report(FutureTask.java:122)
	at java.util.concurrent.FutureTask.get(FutureTask.java:192)
	at org.apache.ratis.server.impl.LeaderElection.waitForResults(LeaderElection.java:259)
	at org.apache.ratis.server.impl.LeaderElection.askForVotes(LeaderElection.java:197)
	at org.apache.ratis.server.impl.LeaderElection.run(LeaderElection.java:133)
	at java.lang.Thread.run(Thread.java:748)
Caused by: org.apache.ratis.thirdparty.io.grpc.StatusRuntimeException: UNAVAILABLE: io exception
	at org.apache.ratis.thirdparty.io.grpc.stub.ClientCalls.toStatusRuntimeException(ClientCalls.java:233)
	at org.apache.ratis.thirdparty.io.grpc.stub.ClientCalls.getUnchecked(ClientCalls.java:214)
	at org.apache.ratis.thirdparty.io.grpc.stub.ClientCalls.blockingUnaryCall(ClientCalls.java:139)
	at org.apache.ratis.proto.grpc.RaftServerProtocolServiceGrpc$RaftServerProtocolServiceBlockingStub.requestVote(RaftServerProtocolServiceGrpc.java:265)
	at org.apache.ratis.grpc.server.GrpcServerProtocolClient.requestVote(GrpcServerProtocolClient.java:99)
	at org.apache.ratis.grpc.server.GrpcService.requestVote(GrpcService.java:204)
	at org.apache.ratis.server.impl.LeaderElection.lambda$submitRequests$1(LeaderElection.java:234)
	at java.util.concurrent.FutureTask.run(FutureTask.java:266)
	at java.util.concurrent.Executors$RunnableAdapter.call(Executors.java:511)
	at java.util.concurrent.FutureTask.run(FutureTask.java:266)
	at java.util.concurrent.ThreadPoolExecutor.runWorker(ThreadPoolExecutor.java:1149)
	at java.util.concurrent.ThreadPoolExecutor$Worker.run(ThreadPoolExecutor.java:624)
	... 1 more
Caused by: org.apache.ratis.thirdparty.io.netty.channel.AbstractChannel$AnnotatedConnectException: Connection refused: /192.168.164.209:33427
	at sun.nio.ch.SocketChannelImpl.checkConnect(Native Method)
	at sun.nio.ch.SocketChannelImpl.finishConnect(SocketChannelImpl.java:717)
	at org.apache.ratis.thirdparty.io.netty.channel.socket.nio.NioSocketChannel.doFinishConnect(NioSocketChannel.java:327)
	at org.apache.ratis.thirdparty.io.netty.channel.nio.AbstractNioChannel$AbstractNioUnsafe.finishConnect(AbstractNioChannel.java:340)
	at org.apache.ratis.thirdparty.io.netty.channel.nio.NioEventLoop.processSelectedKey(NioEventLoop.java:632)
	at org.apache.ratis.thirdparty.io.netty.channel.nio.NioEventLoop.processSelectedKeysOptimized(NioEventLoop.java:579)
	at org.apache.ratis.thirdparty.io.netty.channel.nio.NioEventLoop.processSelectedKeys(NioEventLoop.java:496)
	at org.apache.ratis.thirdparty.io.netty.channel.nio.NioEventLoop.run(NioEventLoop.java:458)
	at org.apache.ratis.thirdparty.io.netty.util.concurrent.SingleThreadEventExecutor$5.run(SingleThreadEventExecutor.java:897)
	at org.apache.ratis.thirdparty.io.netty.util.concurrent.FastThreadLocalRunnable.run(FastThreadLocalRunnable.java:30)
	... 1 more
Caused by: java.net.ConnectException: Connection refused
	... 11 more
2019-11-12 23:20:22,320 [b7cd9551-1bd0-408f-a1aa-df7bdc8ebd77@group-D099D4B3691C-LeaderElection50] INFO  impl.LeaderElection (LeaderElection.java:logAndReturn(56)) - b7cd9551-1bd0-408f-a1aa-df7bdc8ebd77@group-D099D4B3691C-LeaderElection50: Election REJECTED; received 0 response(s) [] and 2 exception(s); b7cd9551-1bd0-408f-a1aa-df7bdc8ebd77@group-D099D4B3691C:t2, leader=null, voted=b7cd9551-1bd0-408f-a1aa-df7bdc8ebd77, raftlog=b7cd9551-1bd0-408f-a1aa-df7bdc8ebd77@group-D099D4B3691C-SegmentedRaftLog:OPENED:c0,f0,i0, conf=0: [80837678-b947-4bce-b966-fc20c0dfbdbf:192.168.164.209:33427, 0abad138-b24b-47c7-afcb-ebb08d39de0a:192.168.164.209:35002, b7cd9551-1bd0-408f-a1aa-df7bdc8ebd77:192.168.164.209:36523], old=null
2019-11-12 23:20:22,320 [b7cd9551-1bd0-408f-a1aa-df7bdc8ebd77@group-D099D4B3691C-LeaderElection50] INFO  impl.LeaderElection (LogUtils.java:infoOrTrace(149)) -   Exception 0: {}
java.util.concurrent.ExecutionException: org.apache.ratis.thirdparty.io.grpc.StatusRuntimeException: UNAVAILABLE: io exception
	at java.util.concurrent.FutureTask.report(FutureTask.java:122)
	at java.util.concurrent.FutureTask.get(FutureTask.java:192)
	at org.apache.ratis.server.impl.LeaderElection.waitForResults(LeaderElection.java:259)
	at org.apache.ratis.server.impl.LeaderElection.askForVotes(LeaderElection.java:197)
	at org.apache.ratis.server.impl.LeaderElection.run(LeaderElection.java:133)
	at java.lang.Thread.run(Thread.java:748)
Caused by: org.apache.ratis.thirdparty.io.grpc.StatusRuntimeException: UNAVAILABLE: io exception
	at org.apache.ratis.thirdparty.io.grpc.stub.ClientCalls.toStatusRuntimeException(ClientCalls.java:233)
	at org.apache.ratis.thirdparty.io.grpc.stub.ClientCalls.getUnchecked(ClientCalls.java:214)
	at org.apache.ratis.thirdparty.io.grpc.stub.ClientCalls.blockingUnaryCall(ClientCalls.java:139)
	at org.apache.ratis.proto.grpc.RaftServerProtocolServiceGrpc$RaftServerProtocolServiceBlockingStub.requestVote(RaftServerProtocolServiceGrpc.java:265)
	at org.apache.ratis.grpc.server.GrpcServerProtocolClient.requestVote(GrpcServerProtocolClient.java:99)
	at org.apache.ratis.grpc.server.GrpcService.requestVote(GrpcService.java:204)
	at org.apache.ratis.server.impl.LeaderElection.lambda$submitRequests$1(LeaderElection.java:234)
	at java.util.concurrent.FutureTask.run(FutureTask.java:266)
	at java.util.concurrent.Executors$RunnableAdapter.call(Executors.java:511)
	at java.util.concurrent.FutureTask.run(FutureTask.java:266)
	at java.util.concurrent.ThreadPoolExecutor.runWorker(ThreadPoolExecutor.java:1149)
	at java.util.concurrent.ThreadPoolExecutor$Worker.run(ThreadPoolExecutor.java:624)
	... 1 more
Caused by: org.apache.ratis.thirdparty.io.netty.channel.AbstractChannel$AnnotatedConnectException: Connection refused: /192.168.164.209:35002
	at sun.nio.ch.SocketChannelImpl.checkConnect(Native Method)
	at sun.nio.ch.SocketChannelImpl.finishConnect(SocketChannelImpl.java:717)
	at org.apache.ratis.thirdparty.io.netty.channel.socket.nio.NioSocketChannel.doFinishConnect(NioSocketChannel.java:327)
	at org.apache.ratis.thirdparty.io.netty.channel.nio.AbstractNioChannel$AbstractNioUnsafe.finishConnect(AbstractNioChannel.java:340)
	at org.apache.ratis.thirdparty.io.netty.channel.nio.NioEventLoop.processSelectedKey(NioEventLoop.java:632)
	at org.apache.ratis.thirdparty.io.netty.channel.nio.NioEventLoop.processSelectedKeysOptimized(NioEventLoop.java:579)
	at org.apache.ratis.thirdparty.io.netty.channel.nio.NioEventLoop.processSelectedKeys(NioEventLoop.java:496)
	at org.apache.ratis.thirdparty.io.netty.channel.nio.NioEventLoop.run(NioEventLoop.java:458)
	at org.apache.ratis.thirdparty.io.netty.util.concurrent.SingleThreadEventExecutor$5.run(SingleThreadEventExecutor.java:897)
	at org.apache.ratis.thirdparty.io.netty.util.concurrent.FastThreadLocalRunnable.run(FastThreadLocalRunnable.java:30)
	... 1 more
Caused by: java.net.ConnectException: Connection refused
	... 11 more
2019-11-12 23:20:22,320 [b7cd9551-1bd0-408f-a1aa-df7bdc8ebd77@group-D099D4B3691C-LeaderElection50] INFO  impl.LeaderElection (LogUtils.java:infoOrTrace(149)) -   Exception 1: {}
java.util.concurrent.ExecutionException: org.apache.ratis.thirdparty.io.grpc.StatusRuntimeException: UNAVAILABLE: io exception
	at java.util.concurrent.FutureTask.report(FutureTask.java:122)
	at java.util.concurrent.FutureTask.get(FutureTask.java:192)
	at org.apache.ratis.server.impl.LeaderElection.waitForResults(LeaderElection.java:259)
	at org.apache.ratis.server.impl.LeaderElection.askForVotes(LeaderElection.java:197)
	at org.apache.ratis.server.impl.LeaderElection.run(LeaderElection.java:133)
	at java.lang.Thread.run(Thread.java:748)
Caused by: org.apache.ratis.thirdparty.io.grpc.StatusRuntimeException: UNAVAILABLE: io exception
	at org.apache.ratis.thirdparty.io.grpc.stub.ClientCalls.toStatusRuntimeException(ClientCalls.java:233)
	at org.apache.ratis.thirdparty.io.grpc.stub.ClientCalls.getUnchecked(ClientCalls.java:214)
	at org.apache.ratis.thirdparty.io.grpc.stub.ClientCalls.blockingUnaryCall(ClientCalls.java:139)
	at org.apache.ratis.proto.grpc.RaftServerProtocolServiceGrpc$RaftServerProtocolServiceBlockingStub.requestVote(RaftServerProtocolServiceGrpc.java:265)
	at org.apache.ratis.grpc.server.GrpcServerProtocolClient.requestVote(GrpcServerProtocolClient.java:99)
	at org.apache.ratis.grpc.server.GrpcService.requestVote(GrpcService.java:204)
	at org.apache.ratis.server.impl.LeaderElection.lambda$submitRequests$1(LeaderElection.java:234)
	at java.util.concurrent.FutureTask.run(FutureTask.java:266)
	at java.util.concurrent.Executors$RunnableAdapter.call(Executors.java:511)
	at java.util.concurrent.FutureTask.run(FutureTask.java:266)
	at java.util.concurrent.ThreadPoolExecutor.runWorker(ThreadPoolExecutor.java:1149)
	at java.util.concurrent.ThreadPoolExecutor$Worker.run(ThreadPoolExecutor.java:624)
	... 1 more
Caused by: org.apache.ratis.thirdparty.io.netty.channel.AbstractChannel$AnnotatedConnectException: Connection refused: /192.168.164.209:33427
	at sun.nio.ch.SocketChannelImpl.checkConnect(Native Method)
	at sun.nio.ch.SocketChannelImpl.finishConnect(SocketChannelImpl.java:717)
	at org.apache.ratis.thirdparty.io.netty.channel.socket.nio.NioSocketChannel.doFinishConnect(NioSocketChannel.java:327)
	at org.apache.ratis.thirdparty.io.netty.channel.nio.AbstractNioChannel$AbstractNioUnsafe.finishConnect(AbstractNioChannel.java:340)
	at org.apache.ratis.thirdparty.io.netty.channel.nio.NioEventLoop.processSelectedKey(NioEventLoop.java:632)
	at org.apache.ratis.thirdparty.io.netty.channel.nio.NioEventLoop.processSelectedKeysOptimized(NioEventLoop.java:579)
	at org.apache.ratis.thirdparty.io.netty.channel.nio.NioEventLoop.processSelectedKeys(NioEventLoop.java:496)
	at org.apache.ratis.thirdparty.io.netty.channel.nio.NioEventLoop.run(NioEventLoop.java:458)
	at org.apache.ratis.thirdparty.io.netty.util.concurrent.SingleThreadEventExecutor$5.run(SingleThreadEventExecutor.java:897)
	at org.apache.ratis.thirdparty.io.netty.util.concurrent.FastThreadLocalRunnable.run(FastThreadLocalRunnable.java:30)
	... 1 more
Caused by: java.net.ConnectException: Connection refused
	... 11 more
2019-11-12 23:20:22,320 [b7cd9551-1bd0-408f-a1aa-df7bdc8ebd77@group-D099D4B3691C-LeaderElection50] INFO  impl.RaftServerImpl (RaftServerImpl.java:setRole(173)) - b7cd9551-1bd0-408f-a1aa-df7bdc8ebd77@group-D099D4B3691C: changes role from CANDIDATE to FOLLOWER at term 2 for DISCOVERED_A_NEW_TERM
2019-11-12 23:20:22,321 [b7cd9551-1bd0-408f-a1aa-df7bdc8ebd77@group-D099D4B3691C-LeaderElection50] INFO  impl.RoleInfo (RoleInfo.java:shutdownLeaderElection(134)) - b7cd9551-1bd0-408f-a1aa-df7bdc8ebd77: shutdown LeaderElection
2019-11-12 23:20:22,321 [b7cd9551-1bd0-408f-a1aa-df7bdc8ebd77@group-D099D4B3691C-LeaderElection50] INFO  impl.RoleInfo (RoleInfo.java:updateAndGet(143)) - b7cd9551-1bd0-408f-a1aa-df7bdc8ebd77: start FollowerState
2019-11-12 23:20:22,695 [grpc-default-executor-3] WARN  server.GrpcLogAppender (LogUtils.java:warn(134)) - d20ba3f6-e96e-4597-ba1c-bac940786bea@group-79AAA280B93D->42d95ea6-05d3-4ca4-82ca-ed08e1855e99-AppendLogResponseHandler: Failed appendEntries: org.apache.ratis.thirdparty.io.grpc.StatusRuntimeException: UNAVAILABLE: io exception
2019-11-12 23:20:22,697 [grpc-default-executor-3] INFO  impl.FollowerInfo (FollowerInfo.java:lambda$new$0(51)) - d20ba3f6-e96e-4597-ba1c-bac940786bea@group-79AAA280B93D->42d95ea6-05d3-4ca4-82ca-ed08e1855e99: nextIndex: updateUnconditionally 0 -> 0
2019-11-12 23:20:22,706 [grpc-default-executor-3] WARN  server.GrpcLogAppender (LogUtils.java:warn(134)) - d20ba3f6-e96e-4597-ba1c-bac940786bea@group-79AAA280B93D->88c939f2-d53e-4de2-8f3f-abd9df815d54-AppendLogResponseHandler: Failed appendEntries: org.apache.ratis.thirdparty.io.grpc.StatusRuntimeException: UNAVAILABLE: io exception
2019-11-12 23:20:22,706 [grpc-default-executor-3] INFO  impl.FollowerInfo (FollowerInfo.java:lambda$new$0(51)) - d20ba3f6-e96e-4597-ba1c-bac940786bea@group-79AAA280B93D->88c939f2-d53e-4de2-8f3f-abd9df815d54: nextIndex: updateUnconditionally 0 -> 0
2019-11-12 23:20:23,196 [grpc-default-executor-7] WARN  server.GrpcLogAppender (LogUtils.java:warn(134)) - d20ba3f6-e96e-4597-ba1c-bac940786bea@group-79AAA280B93D->42d95ea6-05d3-4ca4-82ca-ed08e1855e99-AppendLogResponseHandler: Failed appendEntries: org.apache.ratis.thirdparty.io.grpc.StatusRuntimeException: UNAVAILABLE: io exception
2019-11-12 23:20:23,196 [grpc-default-executor-7] INFO  impl.FollowerInfo (FollowerInfo.java:lambda$new$0(51)) - d20ba3f6-e96e-4597-ba1c-bac940786bea@group-79AAA280B93D->42d95ea6-05d3-4ca4-82ca-ed08e1855e99: nextIndex: updateUnconditionally 0 -> 0
2019-11-12 23:20:23,206 [grpc-default-executor-8] WARN  server.GrpcLogAppender (LogUtils.java:warn(134)) - d20ba3f6-e96e-4597-ba1c-bac940786bea@group-79AAA280B93D->88c939f2-d53e-4de2-8f3f-abd9df815d54-AppendLogResponseHandler: Failed appendEntries: org.apache.ratis.thirdparty.io.grpc.StatusRuntimeException: UNAVAILABLE: io exception
2019-11-12 23:20:23,207 [grpc-default-executor-8] INFO  impl.FollowerInfo (FollowerInfo.java:lambda$new$0(51)) - d20ba3f6-e96e-4597-ba1c-bac940786bea@group-79AAA280B93D->88c939f2-d53e-4de2-8f3f-abd9df815d54: nextIndex: updateUnconditionally 0 -> 0
2019-11-12 23:20:23,467 [Thread-1482] INFO  impl.FollowerState (FollowerState.java:run(111)) - b7cd9551-1bd0-408f-a1aa-df7bdc8ebd77@group-D099D4B3691C-FollowerState: change to CANDIDATE, lastRpcTime:1146ms, electionTimeout:1146ms
2019-11-12 23:20:23,467 [Thread-1482] INFO  impl.RoleInfo (RoleInfo.java:shutdownFollowerState(121)) - b7cd9551-1bd0-408f-a1aa-df7bdc8ebd77: shutdown FollowerState
2019-11-12 23:20:23,467 [Thread-1482] INFO  impl.RaftServerImpl (RaftServerImpl.java:setRole(173)) - b7cd9551-1bd0-408f-a1aa-df7bdc8ebd77@group-D099D4B3691C: changes role from  FOLLOWER to CANDIDATE at term 2 for changeToCandidate
2019-11-12 23:20:23,468 [Thread-1482] INFO  impl.RoleInfo (RoleInfo.java:updateAndGet(143)) - b7cd9551-1bd0-408f-a1aa-df7bdc8ebd77: start LeaderElection
2019-11-12 23:20:23,478 [b7cd9551-1bd0-408f-a1aa-df7bdc8ebd77@group-D099D4B3691C-LeaderElection51] INFO  impl.LeaderElection (LeaderElection.java:askForVotes(178)) - b7cd9551-1bd0-408f-a1aa-df7bdc8ebd77@group-D099D4B3691C-LeaderElection51: begin an election at term 3 for 0: [80837678-b947-4bce-b966-fc20c0dfbdbf:192.168.164.209:33427, 0abad138-b24b-47c7-afcb-ebb08d39de0a:192.168.164.209:35002, b7cd9551-1bd0-408f-a1aa-df7bdc8ebd77:192.168.164.209:36523], old=null
2019-11-12 23:20:23,479 [b7cd9551-1bd0-408f-a1aa-df7bdc8ebd77@group-D099D4B3691C-LeaderElection51] INFO  impl.LeaderElection (LogUtils.java:infoOrTrace(149)) - b7cd9551-1bd0-408f-a1aa-df7bdc8ebd77@group-D099D4B3691C-LeaderElection51 got exception when requesting votes: {}
java.util.concurrent.ExecutionException: org.apache.ratis.thirdparty.io.grpc.StatusRuntimeException: UNAVAILABLE: io exception
	at java.util.concurrent.FutureTask.report(FutureTask.java:122)
	at java.util.concurrent.FutureTask.get(FutureTask.java:192)
	at org.apache.ratis.server.impl.LeaderElection.waitForResults(LeaderElection.java:259)
	at org.apache.ratis.server.impl.LeaderElection.askForVotes(LeaderElection.java:197)
	at org.apache.ratis.server.impl.LeaderElection.run(LeaderElection.java:133)
	at java.lang.Thread.run(Thread.java:748)
Caused by: org.apache.ratis.thirdparty.io.grpc.StatusRuntimeException: UNAVAILABLE: io exception
	at org.apache.ratis.thirdparty.io.grpc.stub.ClientCalls.toStatusRuntimeException(ClientCalls.java:233)
	at org.apache.ratis.thirdparty.io.grpc.stub.ClientCalls.getUnchecked(ClientCalls.java:214)
	at org.apache.ratis.thirdparty.io.grpc.stub.ClientCalls.blockingUnaryCall(ClientCalls.java:139)
	at org.apache.ratis.proto.grpc.RaftServerProtocolServiceGrpc$RaftServerProtocolServiceBlockingStub.requestVote(RaftServerProtocolServiceGrpc.java:265)
	at org.apache.ratis.grpc.server.GrpcServerProtocolClient.requestVote(GrpcServerProtocolClient.java:99)
	at org.apache.ratis.grpc.server.GrpcService.requestVote(GrpcService.java:204)
	at org.apache.ratis.server.impl.LeaderElection.lambda$submitRequests$1(LeaderElection.java:234)
	at java.util.concurrent.FutureTask.run(FutureTask.java:266)
	at java.util.concurrent.Executors$RunnableAdapter.call(Executors.java:511)
	at java.util.concurrent.FutureTask.run(FutureTask.java:266)
	at java.util.concurrent.ThreadPoolExecutor.runWorker(ThreadPoolExecutor.java:1149)
	at java.util.concurrent.ThreadPoolExecutor$Worker.run(ThreadPoolExecutor.java:624)
	... 1 more
Caused by: org.apache.ratis.thirdparty.io.netty.channel.AbstractChannel$AnnotatedConnectException: Connection refused: /192.168.164.209:33427
	at sun.nio.ch.SocketChannelImpl.checkConnect(Native Method)
	at sun.nio.ch.SocketChannelImpl.finishConnect(SocketChannelImpl.java:717)
	at org.apache.ratis.thirdparty.io.netty.channel.socket.nio.NioSocketChannel.doFinishConnect(NioSocketChannel.java:327)
	at org.apache.ratis.thirdparty.io.netty.channel.nio.AbstractNioChannel$AbstractNioUnsafe.finishConnect(AbstractNioChannel.java:340)
	at org.apache.ratis.thirdparty.io.netty.channel.nio.NioEventLoop.processSelectedKey(NioEventLoop.java:632)
	at org.apache.ratis.thirdparty.io.netty.channel.nio.NioEventLoop.processSelectedKeysOptimized(NioEventLoop.java:579)
	at org.apache.ratis.thirdparty.io.netty.channel.nio.NioEventLoop.processSelectedKeys(NioEventLoop.java:496)
	at org.apache.ratis.thirdparty.io.netty.channel.nio.NioEventLoop.run(NioEventLoop.java:458)
	at org.apache.ratis.thirdparty.io.netty.util.concurrent.SingleThreadEventExecutor$5.run(SingleThreadEventExecutor.java:897)
	at org.apache.ratis.thirdparty.io.netty.util.concurrent.FastThreadLocalRunnable.run(FastThreadLocalRunnable.java:30)
	... 1 more
Caused by: java.net.ConnectException: Connection refused
	... 11 more
2019-11-12 23:20:23,480 [b7cd9551-1bd0-408f-a1aa-df7bdc8ebd77@group-D099D4B3691C-LeaderElection51] INFO  impl.LeaderElection (LogUtils.java:infoOrTrace(149)) - b7cd9551-1bd0-408f-a1aa-df7bdc8ebd77@group-D099D4B3691C-LeaderElection51 got exception when requesting votes: {}
java.util.concurrent.ExecutionException: org.apache.ratis.thirdparty.io.grpc.StatusRuntimeException: UNAVAILABLE: io exception
	at java.util.concurrent.FutureTask.report(FutureTask.java:122)
	at java.util.concurrent.FutureTask.get(FutureTask.java:192)
	at org.apache.ratis.server.impl.LeaderElection.waitForResults(LeaderElection.java:259)
	at org.apache.ratis.server.impl.LeaderElection.askForVotes(LeaderElection.java:197)
	at org.apache.ratis.server.impl.LeaderElection.run(LeaderElection.java:133)
	at java.lang.Thread.run(Thread.java:748)
Caused by: org.apache.ratis.thirdparty.io.grpc.StatusRuntimeException: UNAVAILABLE: io exception
	at org.apache.ratis.thirdparty.io.grpc.stub.ClientCalls.toStatusRuntimeException(ClientCalls.java:233)
	at org.apache.ratis.thirdparty.io.grpc.stub.ClientCalls.getUnchecked(ClientCalls.java:214)
	at org.apache.ratis.thirdparty.io.grpc.stub.ClientCalls.blockingUnaryCall(ClientCalls.java:139)
	at org.apache.ratis.proto.grpc.RaftServerProtocolServiceGrpc$RaftServerProtocolServiceBlockingStub.requestVote(RaftServerProtocolServiceGrpc.java:265)
	at org.apache.ratis.grpc.server.GrpcServerProtocolClient.requestVote(GrpcServerProtocolClient.java:99)
	at org.apache.ratis.grpc.server.GrpcService.requestVote(GrpcService.java:204)
	at org.apache.ratis.server.impl.LeaderElection.lambda$submitRequests$1(LeaderElection.java:234)
	at java.util.concurrent.FutureTask.run(FutureTask.java:266)
	at java.util.concurrent.Executors$RunnableAdapter.call(Executors.java:511)
	at java.util.concurrent.FutureTask.run(FutureTask.java:266)
	at java.util.concurrent.ThreadPoolExecutor.runWorker(ThreadPoolExecutor.java:1149)
	at java.util.concurrent.ThreadPoolExecutor$Worker.run(ThreadPoolExecutor.java:624)
	... 1 more
Caused by: org.apache.ratis.thirdparty.io.netty.channel.AbstractChannel$AnnotatedConnectException: Connection refused: /192.168.164.209:35002
	at sun.nio.ch.SocketChannelImpl.checkConnect(Native Method)
	at sun.nio.ch.SocketChannelImpl.finishConnect(SocketChannelImpl.java:717)
	at org.apache.ratis.thirdparty.io.netty.channel.socket.nio.NioSocketChannel.doFinishConnect(NioSocketChannel.java:327)
	at org.apache.ratis.thirdparty.io.netty.channel.nio.AbstractNioChannel$AbstractNioUnsafe.finishConnect(AbstractNioChannel.java:340)
	at org.apache.ratis.thirdparty.io.netty.channel.nio.NioEventLoop.processSelectedKey(NioEventLoop.java:632)
	at org.apache.ratis.thirdparty.io.netty.channel.nio.NioEventLoop.processSelectedKeysOptimized(NioEventLoop.java:579)
	at org.apache.ratis.thirdparty.io.netty.channel.nio.NioEventLoop.processSelectedKeys(NioEventLoop.java:496)
	at org.apache.ratis.thirdparty.io.netty.channel.nio.NioEventLoop.run(NioEventLoop.java:458)
	at org.apache.ratis.thirdparty.io.netty.util.concurrent.SingleThreadEventExecutor$5.run(SingleThreadEventExecutor.java:897)
	at org.apache.ratis.thirdparty.io.netty.util.concurrent.FastThreadLocalRunnable.run(FastThreadLocalRunnable.java:30)
	... 1 more
Caused by: java.net.ConnectException: Connection refused
	... 11 more
2019-11-12 23:20:23,482 [b7cd9551-1bd0-408f-a1aa-df7bdc8ebd77@group-D099D4B3691C-LeaderElection51] INFO  impl.LeaderElection (LeaderElection.java:logAndReturn(56)) - b7cd9551-1bd0-408f-a1aa-df7bdc8ebd77@group-D099D4B3691C-LeaderElection51: Election REJECTED; received 0 response(s) [] and 2 exception(s); b7cd9551-1bd0-408f-a1aa-df7bdc8ebd77@group-D099D4B3691C:t3, leader=null, voted=b7cd9551-1bd0-408f-a1aa-df7bdc8ebd77, raftlog=b7cd9551-1bd0-408f-a1aa-df7bdc8ebd77@group-D099D4B3691C-SegmentedRaftLog:OPENED:c0,f0,i0, conf=0: [80837678-b947-4bce-b966-fc20c0dfbdbf:192.168.164.209:33427, 0abad138-b24b-47c7-afcb-ebb08d39de0a:192.168.164.209:35002, b7cd9551-1bd0-408f-a1aa-df7bdc8ebd77:192.168.164.209:36523], old=null
2019-11-12 23:20:23,482 [b7cd9551-1bd0-408f-a1aa-df7bdc8ebd77@group-D099D4B3691C-LeaderElection51] INFO  impl.LeaderElection (LogUtils.java:infoOrTrace(149)) -   Exception 0: {}
java.util.concurrent.ExecutionException: org.apache.ratis.thirdparty.io.grpc.StatusRuntimeException: UNAVAILABLE: io exception
	at java.util.concurrent.FutureTask.report(FutureTask.java:122)
	at java.util.concurrent.FutureTask.get(FutureTask.java:192)
	at org.apache.ratis.server.impl.LeaderElection.waitForResults(LeaderElection.java:259)
	at org.apache.ratis.server.impl.LeaderElection.askForVotes(LeaderElection.java:197)
	at org.apache.ratis.server.impl.LeaderElection.run(LeaderElection.java:133)
	at java.lang.Thread.run(Thread.java:748)
Caused by: org.apache.ratis.thirdparty.io.grpc.StatusRuntimeException: UNAVAILABLE: io exception
	at org.apache.ratis.thirdparty.io.grpc.stub.ClientCalls.toStatusRuntimeException(ClientCalls.java:233)
	at org.apache.ratis.thirdparty.io.grpc.stub.ClientCalls.getUnchecked(ClientCalls.java:214)
	at org.apache.ratis.thirdparty.io.grpc.stub.ClientCalls.blockingUnaryCall(ClientCalls.java:139)
	at org.apache.ratis.proto.grpc.RaftServerProtocolServiceGrpc$RaftServerProtocolServiceBlockingStub.requestVote(RaftServerProtocolServiceGrpc.java:265)
	at org.apache.ratis.grpc.server.GrpcServerProtocolClient.requestVote(GrpcServerProtocolClient.java:99)
	at org.apache.ratis.grpc.server.GrpcService.requestVote(GrpcService.java:204)
	at org.apache.ratis.server.impl.LeaderElection.lambda$submitRequests$1(LeaderElection.java:234)
	at java.util.concurrent.FutureTask.run(FutureTask.java:266)
	at java.util.concurrent.Executors$RunnableAdapter.call(Executors.java:511)
	at java.util.concurrent.FutureTask.run(FutureTask.java:266)
	at java.util.concurrent.ThreadPoolExecutor.runWorker(ThreadPoolExecutor.java:1149)
	at java.util.concurrent.ThreadPoolExecutor$Worker.run(ThreadPoolExecutor.java:624)
	... 1 more
Caused by: org.apache.ratis.thirdparty.io.netty.channel.AbstractChannel$AnnotatedConnectException: Connection refused: /192.168.164.209:33427
	at sun.nio.ch.SocketChannelImpl.checkConnect(Native Method)
	at sun.nio.ch.SocketChannelImpl.finishConnect(SocketChannelImpl.java:717)
	at org.apache.ratis.thirdparty.io.netty.channel.socket.nio.NioSocketChannel.doFinishConnect(NioSocketChannel.java:327)
	at org.apache.ratis.thirdparty.io.netty.channel.nio.AbstractNioChannel$AbstractNioUnsafe.finishConnect(AbstractNioChannel.java:340)
	at org.apache.ratis.thirdparty.io.netty.channel.nio.NioEventLoop.processSelectedKey(NioEventLoop.java:632)
	at org.apache.ratis.thirdparty.io.netty.channel.nio.NioEventLoop.processSelectedKeysOptimized(NioEventLoop.java:579)
	at org.apache.ratis.thirdparty.io.netty.channel.nio.NioEventLoop.processSelectedKeys(NioEventLoop.java:496)
	at org.apache.ratis.thirdparty.io.netty.channel.nio.NioEventLoop.run(NioEventLoop.java:458)
	at org.apache.ratis.thirdparty.io.netty.util.concurrent.SingleThreadEventExecutor$5.run(SingleThreadEventExecutor.java:897)
	at org.apache.ratis.thirdparty.io.netty.util.concurrent.FastThreadLocalRunnable.run(FastThreadLocalRunnable.java:30)
	... 1 more
Caused by: java.net.ConnectException: Connection refused
	... 11 more
2019-11-12 23:20:23,483 [b7cd9551-1bd0-408f-a1aa-df7bdc8ebd77@group-D099D4B3691C-LeaderElection51] INFO  impl.LeaderElection (LogUtils.java:infoOrTrace(149)) -   Exception 1: {}
java.util.concurrent.ExecutionException: org.apache.ratis.thirdparty.io.grpc.StatusRuntimeException: UNAVAILABLE: io exception
	at java.util.concurrent.FutureTask.report(FutureTask.java:122)
	at java.util.concurrent.FutureTask.get(FutureTask.java:192)
	at org.apache.ratis.server.impl.LeaderElection.waitForResults(LeaderElection.java:259)
	at org.apache.ratis.server.impl.LeaderElection.askForVotes(LeaderElection.java:197)
	at org.apache.ratis.server.impl.LeaderElection.run(LeaderElection.java:133)
	at java.lang.Thread.run(Thread.java:748)
Caused by: org.apache.ratis.thirdparty.io.grpc.StatusRuntimeException: UNAVAILABLE: io exception
	at org.apache.ratis.thirdparty.io.grpc.stub.ClientCalls.toStatusRuntimeException(ClientCalls.java:233)
	at org.apache.ratis.thirdparty.io.grpc.stub.ClientCalls.getUnchecked(ClientCalls.java:214)
	at org.apache.ratis.thirdparty.io.grpc.stub.ClientCalls.blockingUnaryCall(ClientCalls.java:139)
	at org.apache.ratis.proto.grpc.RaftServerProtocolServiceGrpc$RaftServerProtocolServiceBlockingStub.requestVote(RaftServerProtocolServiceGrpc.java:265)
	at org.apache.ratis.grpc.server.GrpcServerProtocolClient.requestVote(GrpcServerProtocolClient.java:99)
	at org.apache.ratis.grpc.server.GrpcService.requestVote(GrpcService.java:204)
	at org.apache.ratis.server.impl.LeaderElection.lambda$submitRequests$1(LeaderElection.java:234)
	at java.util.concurrent.FutureTask.run(FutureTask.java:266)
	at java.util.concurrent.Executors$RunnableAdapter.call(Executors.java:511)
	at java.util.concurrent.FutureTask.run(FutureTask.java:266)
	at java.util.concurrent.ThreadPoolExecutor.runWorker(ThreadPoolExecutor.java:1149)
	at java.util.concurrent.ThreadPoolExecutor$Worker.run(ThreadPoolExecutor.java:624)
	... 1 more
Caused by: org.apache.ratis.thirdparty.io.netty.channel.AbstractChannel$AnnotatedConnectException: Connection refused: /192.168.164.209:35002
	at sun.nio.ch.SocketChannelImpl.checkConnect(Native Method)
	at sun.nio.ch.SocketChannelImpl.finishConnect(SocketChannelImpl.java:717)
	at org.apache.ratis.thirdparty.io.netty.channel.socket.nio.NioSocketChannel.doFinishConnect(NioSocketChannel.java:327)
	at org.apache.ratis.thirdparty.io.netty.channel.nio.AbstractNioChannel$AbstractNioUnsafe.finishConnect(AbstractNioChannel.java:340)
	at org.apache.ratis.thirdparty.io.netty.channel.nio.NioEventLoop.processSelectedKey(NioEventLoop.java:632)
	at org.apache.ratis.thirdparty.io.netty.channel.nio.NioEventLoop.processSelectedKeysOptimized(NioEventLoop.java:579)
	at org.apache.ratis.thirdparty.io.netty.channel.nio.NioEventLoop.processSelectedKeys(NioEventLoop.java:496)
	at org.apache.ratis.thirdparty.io.netty.channel.nio.NioEventLoop.run(NioEventLoop.java:458)
	at org.apache.ratis.thirdparty.io.netty.util.concurrent.SingleThreadEventExecutor$5.run(SingleThreadEventExecutor.java:897)
	at org.apache.ratis.thirdparty.io.netty.util.concurrent.FastThreadLocalRunnable.run(FastThreadLocalRunnable.java:30)
	... 1 more
Caused by: java.net.ConnectException: Connection refused
	... 11 more
2019-11-12 23:20:23,483 [b7cd9551-1bd0-408f-a1aa-df7bdc8ebd77@group-D099D4B3691C-LeaderElection51] INFO  impl.RaftServerImpl (RaftServerImpl.java:setRole(173)) - b7cd9551-1bd0-408f-a1aa-df7bdc8ebd77@group-D099D4B3691C: changes role from CANDIDATE to FOLLOWER at term 3 for DISCOVERED_A_NEW_TERM
2019-11-12 23:20:23,483 [b7cd9551-1bd0-408f-a1aa-df7bdc8ebd77@group-D099D4B3691C-LeaderElection51] INFO  impl.RoleInfo (RoleInfo.java:shutdownLeaderElection(134)) - b7cd9551-1bd0-408f-a1aa-df7bdc8ebd77: shutdown LeaderElection
2019-11-12 23:20:23,483 [b7cd9551-1bd0-408f-a1aa-df7bdc8ebd77@group-D099D4B3691C-LeaderElection51] INFO  impl.RoleInfo (RoleInfo.java:updateAndGet(143)) - b7cd9551-1bd0-408f-a1aa-df7bdc8ebd77: start FollowerState
2019-11-12 23:20:23,697 [grpc-default-executor-3] WARN  server.GrpcLogAppender (LogUtils.java:warn(134)) - d20ba3f6-e96e-4597-ba1c-bac940786bea@group-79AAA280B93D->42d95ea6-05d3-4ca4-82ca-ed08e1855e99-AppendLogResponseHandler: Failed appendEntries: org.apache.ratis.thirdparty.io.grpc.StatusRuntimeException: UNAVAILABLE: io exception
2019-11-12 23:20:23,699 [grpc-default-executor-3] INFO  impl.FollowerInfo (FollowerInfo.java:lambda$new$0(51)) - d20ba3f6-e96e-4597-ba1c-bac940786bea@group-79AAA280B93D->42d95ea6-05d3-4ca4-82ca-ed08e1855e99: nextIndex: updateUnconditionally 0 -> 0
2019-11-12 23:20:23,707 [grpc-default-executor-7] WARN  server.GrpcLogAppender (LogUtils.java:warn(134)) - d20ba3f6-e96e-4597-ba1c-bac940786bea@group-79AAA280B93D->88c939f2-d53e-4de2-8f3f-abd9df815d54-AppendLogResponseHandler: Failed appendEntries: org.apache.ratis.thirdparty.io.grpc.StatusRuntimeException: UNAVAILABLE: io exception
2019-11-12 23:20:23,708 [grpc-default-executor-7] INFO  impl.FollowerInfo (FollowerInfo.java:lambda$new$0(51)) - d20ba3f6-e96e-4597-ba1c-bac940786bea@group-79AAA280B93D->88c939f2-d53e-4de2-8f3f-abd9df815d54: nextIndex: updateUnconditionally 0 -> 0
2019-11-12 23:20:24,198 [grpc-default-executor-3] WARN  server.GrpcLogAppender (LogUtils.java:warn(134)) - d20ba3f6-e96e-4597-ba1c-bac940786bea@group-79AAA280B93D->42d95ea6-05d3-4ca4-82ca-ed08e1855e99-AppendLogResponseHandler: Failed appendEntries: org.apache.ratis.thirdparty.io.grpc.StatusRuntimeException: UNAVAILABLE: io exception
2019-11-12 23:20:24,199 [grpc-default-executor-3] INFO  impl.FollowerInfo (FollowerInfo.java:lambda$new$0(51)) - d20ba3f6-e96e-4597-ba1c-bac940786bea@group-79AAA280B93D->42d95ea6-05d3-4ca4-82ca-ed08e1855e99: nextIndex: updateUnconditionally 0 -> 0
2019-11-12 23:20:24,208 [grpc-default-executor-8] WARN  server.GrpcLogAppender (LogUtils.java:warn(134)) - d20ba3f6-e96e-4597-ba1c-bac940786bea@group-79AAA280B93D->88c939f2-d53e-4de2-8f3f-abd9df815d54-AppendLogResponseHandler: Failed appendEntries: org.apache.ratis.thirdparty.io.grpc.StatusRuntimeException: UNAVAILABLE: io exception
2019-11-12 23:20:24,208 [grpc-default-executor-8] INFO  impl.FollowerInfo (FollowerInfo.java:lambda$new$0(51)) - d20ba3f6-e96e-4597-ba1c-bac940786bea@group-79AAA280B93D->88c939f2-d53e-4de2-8f3f-abd9df815d54: nextIndex: updateUnconditionally 0 -> 0
2019-11-12 23:20:24,525 [Thread-1486] INFO  impl.FollowerState (FollowerState.java:run(111)) - b7cd9551-1bd0-408f-a1aa-df7bdc8ebd77@group-D099D4B3691C-FollowerState: change to CANDIDATE, lastRpcTime:1041ms, electionTimeout:1041ms
2019-11-12 23:20:24,525 [Thread-1486] INFO  impl.RoleInfo (RoleInfo.java:shutdownFollowerState(121)) - b7cd9551-1bd0-408f-a1aa-df7bdc8ebd77: shutdown FollowerState
2019-11-12 23:20:24,525 [Thread-1486] INFO  impl.RaftServerImpl (RaftServerImpl.java:setRole(173)) - b7cd9551-1bd0-408f-a1aa-df7bdc8ebd77@group-D099D4B3691C: changes role from  FOLLOWER to CANDIDATE at term 3 for changeToCandidate
2019-11-12 23:20:24,525 [Thread-1486] INFO  impl.RoleInfo (RoleInfo.java:updateAndGet(143)) - b7cd9551-1bd0-408f-a1aa-df7bdc8ebd77: start LeaderElection
2019-11-12 23:20:24,541 [b7cd9551-1bd0-408f-a1aa-df7bdc8ebd77@group-D099D4B3691C-LeaderElection52] INFO  impl.LeaderElection (LeaderElection.java:askForVotes(178)) - b7cd9551-1bd0-408f-a1aa-df7bdc8ebd77@group-D099D4B3691C-LeaderElection52: begin an election at term 4 for 0: [80837678-b947-4bce-b966-fc20c0dfbdbf:192.168.164.209:33427, 0abad138-b24b-47c7-afcb-ebb08d39de0a:192.168.164.209:35002, b7cd9551-1bd0-408f-a1aa-df7bdc8ebd77:192.168.164.209:36523], old=null
2019-11-12 23:20:24,542 [b7cd9551-1bd0-408f-a1aa-df7bdc8ebd77@group-D099D4B3691C-LeaderElection52] INFO  impl.LeaderElection (LogUtils.java:infoOrTrace(149)) - b7cd9551-1bd0-408f-a1aa-df7bdc8ebd77@group-D099D4B3691C-LeaderElection52 got exception when requesting votes: {}
java.util.concurrent.ExecutionException: org.apache.ratis.thirdparty.io.grpc.StatusRuntimeException: UNAVAILABLE: io exception
	at java.util.concurrent.FutureTask.report(FutureTask.java:122)
	at java.util.concurrent.FutureTask.get(FutureTask.java:192)
	at org.apache.ratis.server.impl.LeaderElection.waitForResults(LeaderElection.java:259)
	at org.apache.ratis.server.impl.LeaderElection.askForVotes(LeaderElection.java:197)
	at org.apache.ratis.server.impl.LeaderElection.run(LeaderElection.java:133)
	at java.lang.Thread.run(Thread.java:748)
Caused by: org.apache.ratis.thirdparty.io.grpc.StatusRuntimeException: UNAVAILABLE: io exception
	at org.apache.ratis.thirdparty.io.grpc.stub.ClientCalls.toStatusRuntimeException(ClientCalls.java:233)
	at org.apache.ratis.thirdparty.io.grpc.stub.ClientCalls.getUnchecked(ClientCalls.java:214)
	at org.apache.ratis.thirdparty.io.grpc.stub.ClientCalls.blockingUnaryCall(ClientCalls.java:139)
	at org.apache.ratis.proto.grpc.RaftServerProtocolServiceGrpc$RaftServerProtocolServiceBlockingStub.requestVote(RaftServerProtocolServiceGrpc.java:265)
	at org.apache.ratis.grpc.server.GrpcServerProtocolClient.requestVote(GrpcServerProtocolClient.java:99)
	at org.apache.ratis.grpc.server.GrpcService.requestVote(GrpcService.java:204)
	at org.apache.ratis.server.impl.LeaderElection.lambda$submitRequests$1(LeaderElection.java:234)
	at java.util.concurrent.FutureTask.run(FutureTask.java:266)
	at java.util.concurrent.Executors$RunnableAdapter.call(Executors.java:511)
	at java.util.concurrent.FutureTask.run(FutureTask.java:266)
	at java.util.concurrent.ThreadPoolExecutor.runWorker(ThreadPoolExecutor.java:1149)
	at java.util.concurrent.ThreadPoolExecutor$Worker.run(ThreadPoolExecutor.java:624)
	... 1 more
Caused by: org.apache.ratis.thirdparty.io.netty.channel.AbstractChannel$AnnotatedConnectException: Connection refused: /192.168.164.209:35002
	at sun.nio.ch.SocketChannelImpl.checkConnect(Native Method)
	at sun.nio.ch.SocketChannelImpl.finishConnect(SocketChannelImpl.java:717)
	at org.apache.ratis.thirdparty.io.netty.channel.socket.nio.NioSocketChannel.doFinishConnect(NioSocketChannel.java:327)
	at org.apache.ratis.thirdparty.io.netty.channel.nio.AbstractNioChannel$AbstractNioUnsafe.finishConnect(AbstractNioChannel.java:340)
	at org.apache.ratis.thirdparty.io.netty.channel.nio.NioEventLoop.processSelectedKey(NioEventLoop.java:632)
	at org.apache.ratis.thirdparty.io.netty.channel.nio.NioEventLoop.processSelectedKeysOptimized(NioEventLoop.java:579)
	at org.apache.ratis.thirdparty.io.netty.channel.nio.NioEventLoop.processSelectedKeys(NioEventLoop.java:496)
	at org.apache.ratis.thirdparty.io.netty.channel.nio.NioEventLoop.run(NioEventLoop.java:458)
	at org.apache.ratis.thirdparty.io.netty.util.concurrent.SingleThreadEventExecutor$5.run(SingleThreadEventExecutor.java:897)
	at org.apache.ratis.thirdparty.io.netty.util.concurrent.FastThreadLocalRunnable.run(FastThreadLocalRunnable.java:30)
	... 1 more
Caused by: java.net.ConnectException: Connection refused
	... 11 more
2019-11-12 23:20:24,543 [b7cd9551-1bd0-408f-a1aa-df7bdc8ebd77@group-D099D4B3691C-LeaderElection52] INFO  impl.LeaderElection (LogUtils.java:infoOrTrace(149)) - b7cd9551-1bd0-408f-a1aa-df7bdc8ebd77@group-D099D4B3691C-LeaderElection52 got exception when requesting votes: {}
java.util.concurrent.ExecutionException: org.apache.ratis.thirdparty.io.grpc.StatusRuntimeException: UNAVAILABLE: io exception
	at java.util.concurrent.FutureTask.report(FutureTask.java:122)
	at java.util.concurrent.FutureTask.get(FutureTask.java:192)
	at org.apache.ratis.server.impl.LeaderElection.waitForResults(LeaderElection.java:259)
	at org.apache.ratis.server.impl.LeaderElection.askForVotes(LeaderElection.java:197)
	at org.apache.ratis.server.impl.LeaderElection.run(LeaderElection.java:133)
	at java.lang.Thread.run(Thread.java:748)
Caused by: org.apache.ratis.thirdparty.io.grpc.StatusRuntimeException: UNAVAILABLE: io exception
	at org.apache.ratis.thirdparty.io.grpc.stub.ClientCalls.toStatusRuntimeException(ClientCalls.java:233)
	at org.apache.ratis.thirdparty.io.grpc.stub.ClientCalls.getUnchecked(ClientCalls.java:214)
	at org.apache.ratis.thirdparty.io.grpc.stub.ClientCalls.blockingUnaryCall(ClientCalls.java:139)
	at org.apache.ratis.proto.grpc.RaftServerProtocolServiceGrpc$RaftServerProtocolServiceBlockingStub.requestVote(RaftServerProtocolServiceGrpc.java:265)
	at org.apache.ratis.grpc.server.GrpcServerProtocolClient.requestVote(GrpcServerProtocolClient.java:99)
	at org.apache.ratis.grpc.server.GrpcService.requestVote(GrpcService.java:204)
	at org.apache.ratis.server.impl.LeaderElection.lambda$submitRequests$1(LeaderElection.java:234)
	at java.util.concurrent.FutureTask.run(FutureTask.java:266)
	at java.util.concurrent.Executors$RunnableAdapter.call(Executors.java:511)
	at java.util.concurrent.FutureTask.run(FutureTask.java:266)
	at java.util.concurrent.ThreadPoolExecutor.runWorker(ThreadPoolExecutor.java:1149)
	at java.util.concurrent.ThreadPoolExecutor$Worker.run(ThreadPoolExecutor.java:624)
	... 1 more
Caused by: org.apache.ratis.thirdparty.io.netty.channel.AbstractChannel$AnnotatedConnectException: Connection refused: /192.168.164.209:33427
	at sun.nio.ch.SocketChannelImpl.checkConnect(Native Method)
	at sun.nio.ch.SocketChannelImpl.finishConnect(SocketChannelImpl.java:717)
	at org.apache.ratis.thirdparty.io.netty.channel.socket.nio.NioSocketChannel.doFinishConnect(NioSocketChannel.java:327)
	at org.apache.ratis.thirdparty.io.netty.channel.nio.AbstractNioChannel$AbstractNioUnsafe.finishConnect(AbstractNioChannel.java:340)
	at org.apache.ratis.thirdparty.io.netty.channel.nio.NioEventLoop.processSelectedKey(NioEventLoop.java:632)
	at org.apache.ratis.thirdparty.io.netty.channel.nio.NioEventLoop.processSelectedKeysOptimized(NioEventLoop.java:579)
	at org.apache.ratis.thirdparty.io.netty.channel.nio.NioEventLoop.processSelectedKeys(NioEventLoop.java:496)
	at org.apache.ratis.thirdparty.io.netty.channel.nio.NioEventLoop.run(NioEventLoop.java:458)
	at org.apache.ratis.thirdparty.io.netty.util.concurrent.SingleThreadEventExecutor$5.run(SingleThreadEventExecutor.java:897)
	at org.apache.ratis.thirdparty.io.netty.util.concurrent.FastThreadLocalRunnable.run(FastThreadLocalRunnable.java:30)
	... 1 more
Caused by: java.net.ConnectException: Connection refused
	... 11 more
2019-11-12 23:20:24,544 [b7cd9551-1bd0-408f-a1aa-df7bdc8ebd77@group-D099D4B3691C-LeaderElection52] INFO  impl.LeaderElection (LeaderElection.java:logAndReturn(56)) - b7cd9551-1bd0-408f-a1aa-df7bdc8ebd77@group-D099D4B3691C-LeaderElection52: Election REJECTED; received 0 response(s) [] and 2 exception(s); b7cd9551-1bd0-408f-a1aa-df7bdc8ebd77@group-D099D4B3691C:t4, leader=null, voted=b7cd9551-1bd0-408f-a1aa-df7bdc8ebd77, raftlog=b7cd9551-1bd0-408f-a1aa-df7bdc8ebd77@group-D099D4B3691C-SegmentedRaftLog:OPENED:c0,f0,i0, conf=0: [80837678-b947-4bce-b966-fc20c0dfbdbf:192.168.164.209:33427, 0abad138-b24b-47c7-afcb-ebb08d39de0a:192.168.164.209:35002, b7cd9551-1bd0-408f-a1aa-df7bdc8ebd77:192.168.164.209:36523], old=null
2019-11-12 23:20:24,544 [b7cd9551-1bd0-408f-a1aa-df7bdc8ebd77@group-D099D4B3691C-LeaderElection52] INFO  impl.LeaderElection (LogUtils.java:infoOrTrace(149)) -   Exception 0: {}
java.util.concurrent.ExecutionException: org.apache.ratis.thirdparty.io.grpc.StatusRuntimeException: UNAVAILABLE: io exception
	at java.util.concurrent.FutureTask.report(FutureTask.java:122)
	at java.util.concurrent.FutureTask.get(FutureTask.java:192)
	at org.apache.ratis.server.impl.LeaderElection.waitForResults(LeaderElection.java:259)
	at org.apache.ratis.server.impl.LeaderElection.askForVotes(LeaderElection.java:197)
	at org.apache.ratis.server.impl.LeaderElection.run(LeaderElection.java:133)
	at java.lang.Thread.run(Thread.java:748)
Caused by: org.apache.ratis.thirdparty.io.grpc.StatusRuntimeException: UNAVAILABLE: io exception
	at org.apache.ratis.thirdparty.io.grpc.stub.ClientCalls.toStatusRuntimeException(ClientCalls.java:233)
	at org.apache.ratis.thirdparty.io.grpc.stub.ClientCalls.getUnchecked(ClientCalls.java:214)
	at org.apache.ratis.thirdparty.io.grpc.stub.ClientCalls.blockingUnaryCall(ClientCalls.java:139)
	at org.apache.ratis.proto.grpc.RaftServerProtocolServiceGrpc$RaftServerProtocolServiceBlockingStub.requestVote(RaftServerProtocolServiceGrpc.java:265)
	at org.apache.ratis.grpc.server.GrpcServerProtocolClient.requestVote(GrpcServerProtocolClient.java:99)
	at org.apache.ratis.grpc.server.GrpcService.requestVote(GrpcService.java:204)
	at org.apache.ratis.server.impl.LeaderElection.lambda$submitRequests$1(LeaderElection.java:234)
	at java.util.concurrent.FutureTask.run(FutureTask.java:266)
	at java.util.concurrent.Executors$RunnableAdapter.call(Executors.java:511)
	at java.util.concurrent.FutureTask.run(FutureTask.java:266)
	at java.util.concurrent.ThreadPoolExecutor.runWorker(ThreadPoolExecutor.java:1149)
	at java.util.concurrent.ThreadPoolExecutor$Worker.run(ThreadPoolExecutor.java:624)
	... 1 more
Caused by: org.apache.ratis.thirdparty.io.netty.channel.AbstractChannel$AnnotatedConnectException: Connection refused: /192.168.164.209:35002
	at sun.nio.ch.SocketChannelImpl.checkConnect(Native Method)
	at sun.nio.ch.SocketChannelImpl.finishConnect(SocketChannelImpl.java:717)
	at org.apache.ratis.thirdparty.io.netty.channel.socket.nio.NioSocketChannel.doFinishConnect(NioSocketChannel.java:327)
	at org.apache.ratis.thirdparty.io.netty.channel.nio.AbstractNioChannel$AbstractNioUnsafe.finishConnect(AbstractNioChannel.java:340)
	at org.apache.ratis.thirdparty.io.netty.channel.nio.NioEventLoop.processSelectedKey(NioEventLoop.java:632)
	at org.apache.ratis.thirdparty.io.netty.channel.nio.NioEventLoop.processSelectedKeysOptimized(NioEventLoop.java:579)
	at org.apache.ratis.thirdparty.io.netty.channel.nio.NioEventLoop.processSelectedKeys(NioEventLoop.java:496)
	at org.apache.ratis.thirdparty.io.netty.channel.nio.NioEventLoop.run(NioEventLoop.java:458)
	at org.apache.ratis.thirdparty.io.netty.util.concurrent.SingleThreadEventExecutor$5.run(SingleThreadEventExecutor.java:897)
	at org.apache.ratis.thirdparty.io.netty.util.concurrent.FastThreadLocalRunnable.run(FastThreadLocalRunnable.java:30)
	... 1 more
Caused by: java.net.ConnectException: Connection refused
	... 11 more
2019-11-12 23:20:24,544 [b7cd9551-1bd0-408f-a1aa-df7bdc8ebd77@group-D099D4B3691C-LeaderElection52] INFO  impl.LeaderElection (LogUtils.java:infoOrTrace(149)) -   Exception 1: {}
java.util.concurrent.ExecutionException: org.apache.ratis.thirdparty.io.grpc.StatusRuntimeException: UNAVAILABLE: io exception
	at java.util.concurrent.FutureTask.report(FutureTask.java:122)
	at java.util.concurrent.FutureTask.get(FutureTask.java:192)
	at org.apache.ratis.server.impl.LeaderElection.waitForResults(LeaderElection.java:259)
	at org.apache.ratis.server.impl.LeaderElection.askForVotes(LeaderElection.java:197)
	at org.apache.ratis.server.impl.LeaderElection.run(LeaderElection.java:133)
	at java.lang.Thread.run(Thread.java:748)
Caused by: org.apache.ratis.thirdparty.io.grpc.StatusRuntimeException: UNAVAILABLE: io exception
	at org.apache.ratis.thirdparty.io.grpc.stub.ClientCalls.toStatusRuntimeException(ClientCalls.java:233)
	at org.apache.ratis.thirdparty.io.grpc.stub.ClientCalls.getUnchecked(ClientCalls.java:214)
	at org.apache.ratis.thirdparty.io.grpc.stub.ClientCalls.blockingUnaryCall(ClientCalls.java:139)
	at org.apache.ratis.proto.grpc.RaftServerProtocolServiceGrpc$RaftServerProtocolServiceBlockingStub.requestVote(RaftServerProtocolServiceGrpc.java:265)
	at org.apache.ratis.grpc.server.GrpcServerProtocolClient.requestVote(GrpcServerProtocolClient.java:99)
	at org.apache.ratis.grpc.server.GrpcService.requestVote(GrpcService.java:204)
	at org.apache.ratis.server.impl.LeaderElection.lambda$submitRequests$1(LeaderElection.java:234)
	at java.util.concurrent.FutureTask.run(FutureTask.java:266)
	at java.util.concurrent.Executors$RunnableAdapter.call(Executors.java:511)
	at java.util.concurrent.FutureTask.run(FutureTask.java:266)
	at java.util.concurrent.ThreadPoolExecutor.runWorker(ThreadPoolExecutor.java:1149)
	at java.util.concurrent.ThreadPoolExecutor$Worker.run(ThreadPoolExecutor.java:624)
	... 1 more
Caused by: org.apache.ratis.thirdparty.io.netty.channel.AbstractChannel$AnnotatedConnectException: Connection refused: /192.168.164.209:33427
	at sun.nio.ch.SocketChannelImpl.checkConnect(Native Method)
	at sun.nio.ch.SocketChannelImpl.finishConnect(SocketChannelImpl.java:717)
	at org.apache.ratis.thirdparty.io.netty.channel.socket.nio.NioSocketChannel.doFinishConnect(NioSocketChannel.java:327)
	at org.apache.ratis.thirdparty.io.netty.channel.nio.AbstractNioChannel$AbstractNioUnsafe.finishConnect(AbstractNioChannel.java:340)
	at org.apache.ratis.thirdparty.io.netty.channel.nio.NioEventLoop.processSelectedKey(NioEventLoop.java:632)
	at org.apache.ratis.thirdparty.io.netty.channel.nio.NioEventLoop.processSelectedKeysOptimized(NioEventLoop.java:579)
	at org.apache.ratis.thirdparty.io.netty.channel.nio.NioEventLoop.processSelectedKeys(NioEventLoop.java:496)
	at org.apache.ratis.thirdparty.io.netty.channel.nio.NioEventLoop.run(NioEventLoop.java:458)
	at org.apache.ratis.thirdparty.io.netty.util.concurrent.SingleThreadEventExecutor$5.run(SingleThreadEventExecutor.java:897)
	at org.apache.ratis.thirdparty.io.netty.util.concurrent.FastThreadLocalRunnable.run(FastThreadLocalRunnable.java:30)
	... 1 more
Caused by: java.net.ConnectException: Connection refused
	... 11 more
2019-11-12 23:20:24,545 [b7cd9551-1bd0-408f-a1aa-df7bdc8ebd77@group-D099D4B3691C-LeaderElection52] INFO  impl.RaftServerImpl (RaftServerImpl.java:setRole(173)) - b7cd9551-1bd0-408f-a1aa-df7bdc8ebd77@group-D099D4B3691C: changes role from CANDIDATE to FOLLOWER at term 4 for DISCOVERED_A_NEW_TERM
2019-11-12 23:20:24,545 [b7cd9551-1bd0-408f-a1aa-df7bdc8ebd77@group-D099D4B3691C-LeaderElection52] INFO  impl.RoleInfo (RoleInfo.java:shutdownLeaderElection(134)) - b7cd9551-1bd0-408f-a1aa-df7bdc8ebd77: shutdown LeaderElection
2019-11-12 23:20:24,545 [b7cd9551-1bd0-408f-a1aa-df7bdc8ebd77@group-D099D4B3691C-LeaderElection52] INFO  impl.RoleInfo (RoleInfo.java:updateAndGet(143)) - b7cd9551-1bd0-408f-a1aa-df7bdc8ebd77: start FollowerState
2019-11-12 23:20:24,699 [grpc-default-executor-7] WARN  server.GrpcLogAppender (LogUtils.java:warn(134)) - d20ba3f6-e96e-4597-ba1c-bac940786bea@group-79AAA280B93D->42d95ea6-05d3-4ca4-82ca-ed08e1855e99-AppendLogResponseHandler: Failed appendEntries: org.apache.ratis.thirdparty.io.grpc.StatusRuntimeException: UNAVAILABLE: io exception
2019-11-12 23:20:24,701 [grpc-default-executor-7] INFO  impl.FollowerInfo (FollowerInfo.java:lambda$new$0(51)) - d20ba3f6-e96e-4597-ba1c-bac940786bea@group-79AAA280B93D->42d95ea6-05d3-4ca4-82ca-ed08e1855e99: nextIndex: updateUnconditionally 0 -> 0
2019-11-12 23:20:24,708 [grpc-default-executor-3] WARN  server.GrpcLogAppender (LogUtils.java:warn(134)) - d20ba3f6-e96e-4597-ba1c-bac940786bea@group-79AAA280B93D->88c939f2-d53e-4de2-8f3f-abd9df815d54-AppendLogResponseHandler: Failed appendEntries: org.apache.ratis.thirdparty.io.grpc.StatusRuntimeException: UNAVAILABLE: io exception
2019-11-12 23:20:24,708 [grpc-default-executor-3] INFO  impl.FollowerInfo (FollowerInfo.java:lambda$new$0(51)) - d20ba3f6-e96e-4597-ba1c-bac940786bea@group-79AAA280B93D->88c939f2-d53e-4de2-8f3f-abd9df815d54: nextIndex: updateUnconditionally 0 -> 0
2019-11-12 23:20:25,200 [grpc-default-executor-7] WARN  server.GrpcLogAppender (LogUtils.java:warn(134)) - d20ba3f6-e96e-4597-ba1c-bac940786bea@group-79AAA280B93D->42d95ea6-05d3-4ca4-82ca-ed08e1855e99-AppendLogResponseHandler: Failed appendEntries: org.apache.ratis.thirdparty.io.grpc.StatusRuntimeException: UNAVAILABLE: io exception
2019-11-12 23:20:25,200 [grpc-default-executor-7] INFO  impl.FollowerInfo (FollowerInfo.java:lambda$new$0(51)) - d20ba3f6-e96e-4597-ba1c-bac940786bea@group-79AAA280B93D->42d95ea6-05d3-4ca4-82ca-ed08e1855e99: nextIndex: updateUnconditionally 0 -> 0
2019-11-12 23:20:25,209 [grpc-default-executor-8] WARN  server.GrpcLogAppender (LogUtils.java:warn(134)) - d20ba3f6-e96e-4597-ba1c-bac940786bea@group-79AAA280B93D->88c939f2-d53e-4de2-8f3f-abd9df815d54-AppendLogResponseHandler: Failed appendEntries: org.apache.ratis.thirdparty.io.grpc.StatusRuntimeException: UNAVAILABLE: io exception
2019-11-12 23:20:25,209 [grpc-default-executor-8] INFO  impl.FollowerInfo (FollowerInfo.java:lambda$new$0(51)) - d20ba3f6-e96e-4597-ba1c-bac940786bea@group-79AAA280B93D->88c939f2-d53e-4de2-8f3f-abd9df815d54: nextIndex: updateUnconditionally 0 -> 0
2019-11-12 23:20:25,612 [Thread-1490] INFO  impl.FollowerState (FollowerState.java:run(111)) - b7cd9551-1bd0-408f-a1aa-df7bdc8ebd77@group-D099D4B3691C-FollowerState: change to CANDIDATE, lastRpcTime:1067ms, electionTimeout:1067ms
2019-11-12 23:20:25,612 [Thread-1490] INFO  impl.RoleInfo (RoleInfo.java:shutdownFollowerState(121)) - b7cd9551-1bd0-408f-a1aa-df7bdc8ebd77: shutdown FollowerState
2019-11-12 23:20:25,613 [Thread-1490] INFO  impl.RaftServerImpl (RaftServerImpl.java:setRole(173)) - b7cd9551-1bd0-408f-a1aa-df7bdc8ebd77@group-D099D4B3691C: changes role from  FOLLOWER to CANDIDATE at term 4 for changeToCandidate
2019-11-12 23:20:25,613 [Thread-1490] INFO  impl.RoleInfo (RoleInfo.java:updateAndGet(143)) - b7cd9551-1bd0-408f-a1aa-df7bdc8ebd77: start LeaderElection
2019-11-12 23:20:25,629 [b7cd9551-1bd0-408f-a1aa-df7bdc8ebd77@group-D099D4B3691C-LeaderElection53] INFO  impl.LeaderElection (LeaderElection.java:askForVotes(178)) - b7cd9551-1bd0-408f-a1aa-df7bdc8ebd77@group-D099D4B3691C-LeaderElection53: begin an election at term 5 for 0: [80837678-b947-4bce-b966-fc20c0dfbdbf:192.168.164.209:33427, 0abad138-b24b-47c7-afcb-ebb08d39de0a:192.168.164.209:35002, b7cd9551-1bd0-408f-a1aa-df7bdc8ebd77:192.168.164.209:36523], old=null
2019-11-12 23:20:25,630 [b7cd9551-1bd0-408f-a1aa-df7bdc8ebd77@group-D099D4B3691C-LeaderElection53] INFO  impl.LeaderElection (LogUtils.java:infoOrTrace(149)) - b7cd9551-1bd0-408f-a1aa-df7bdc8ebd77@group-D099D4B3691C-LeaderElection53 got exception when requesting votes: {}
java.util.concurrent.ExecutionException: org.apache.ratis.thirdparty.io.grpc.StatusRuntimeException: UNAVAILABLE: io exception
	at java.util.concurrent.FutureTask.report(FutureTask.java:122)
	at java.util.concurrent.FutureTask.get(FutureTask.java:192)
	at org.apache.ratis.server.impl.LeaderElection.waitForResults(LeaderElection.java:259)
	at org.apache.ratis.server.impl.LeaderElection.askForVotes(LeaderElection.java:197)
	at org.apache.ratis.server.impl.LeaderElection.run(LeaderElection.java:133)
	at java.lang.Thread.run(Thread.java:748)
Caused by: org.apache.ratis.thirdparty.io.grpc.StatusRuntimeException: UNAVAILABLE: io exception
	at org.apache.ratis.thirdparty.io.grpc.stub.ClientCalls.toStatusRuntimeException(ClientCalls.java:233)
	at org.apache.ratis.thirdparty.io.grpc.stub.ClientCalls.getUnchecked(ClientCalls.java:214)
	at org.apache.ratis.thirdparty.io.grpc.stub.ClientCalls.blockingUnaryCall(ClientCalls.java:139)
	at org.apache.ratis.proto.grpc.RaftServerProtocolServiceGrpc$RaftServerProtocolServiceBlockingStub.requestVote(RaftServerProtocolServiceGrpc.java:265)
	at org.apache.ratis.grpc.server.GrpcServerProtocolClient.requestVote(GrpcServerProtocolClient.java:99)
	at org.apache.ratis.grpc.server.GrpcService.requestVote(GrpcService.java:204)
	at org.apache.ratis.server.impl.LeaderElection.lambda$submitRequests$1(LeaderElection.java:234)
	at java.util.concurrent.FutureTask.run(FutureTask.java:266)
	at java.util.concurrent.Executors$RunnableAdapter.call(Executors.java:511)
	at java.util.concurrent.FutureTask.run(FutureTask.java:266)
	at java.util.concurrent.ThreadPoolExecutor.runWorker(ThreadPoolExecutor.java:1149)
	at java.util.concurrent.ThreadPoolExecutor$Worker.run(ThreadPoolExecutor.java:624)
	... 1 more
Caused by: org.apache.ratis.thirdparty.io.netty.channel.AbstractChannel$AnnotatedConnectException: Connection refused: /192.168.164.209:33427
	at sun.nio.ch.SocketChannelImpl.checkConnect(Native Method)
	at sun.nio.ch.SocketChannelImpl.finishConnect(SocketChannelImpl.java:717)
	at org.apache.ratis.thirdparty.io.netty.channel.socket.nio.NioSocketChannel.doFinishConnect(NioSocketChannel.java:327)
	at org.apache.ratis.thirdparty.io.netty.channel.nio.AbstractNioChannel$AbstractNioUnsafe.finishConnect(AbstractNioChannel.java:340)
	at org.apache.ratis.thirdparty.io.netty.channel.nio.NioEventLoop.processSelectedKey(NioEventLoop.java:632)
	at org.apache.ratis.thirdparty.io.netty.channel.nio.NioEventLoop.processSelectedKeysOptimized(NioEventLoop.java:579)
	at org.apache.ratis.thirdparty.io.netty.channel.nio.NioEventLoop.processSelectedKeys(NioEventLoop.java:496)
	at org.apache.ratis.thirdparty.io.netty.channel.nio.NioEventLoop.run(NioEventLoop.java:458)
	at org.apache.ratis.thirdparty.io.netty.util.concurrent.SingleThreadEventExecutor$5.run(SingleThreadEventExecutor.java:897)
	at org.apache.ratis.thirdparty.io.netty.util.concurrent.FastThreadLocalRunnable.run(FastThreadLocalRunnable.java:30)
	... 1 more
Caused by: java.net.ConnectException: Connection refused
	... 11 more
2019-11-12 23:20:25,631 [b7cd9551-1bd0-408f-a1aa-df7bdc8ebd77@group-D099D4B3691C-LeaderElection53] INFO  impl.LeaderElection (LogUtils.java:infoOrTrace(149)) - b7cd9551-1bd0-408f-a1aa-df7bdc8ebd77@group-D099D4B3691C-LeaderElection53 got exception when requesting votes: {}
java.util.concurrent.ExecutionException: org.apache.ratis.thirdparty.io.grpc.StatusRuntimeException: UNAVAILABLE: io exception
	at java.util.concurrent.FutureTask.report(FutureTask.java:122)
	at java.util.concurrent.FutureTask.get(FutureTask.java:192)
	at org.apache.ratis.server.impl.LeaderElection.waitForResults(LeaderElection.java:259)
	at org.apache.ratis.server.impl.LeaderElection.askForVotes(LeaderElection.java:197)
	at org.apache.ratis.server.impl.LeaderElection.run(LeaderElection.java:133)
	at java.lang.Thread.run(Thread.java:748)
Caused by: org.apache.ratis.thirdparty.io.grpc.StatusRuntimeException: UNAVAILABLE: io exception
	at org.apache.ratis.thirdparty.io.grpc.stub.ClientCalls.toStatusRuntimeException(ClientCalls.java:233)
	at org.apache.ratis.thirdparty.io.grpc.stub.ClientCalls.getUnchecked(ClientCalls.java:214)
	at org.apache.ratis.thirdparty.io.grpc.stub.ClientCalls.blockingUnaryCall(ClientCalls.java:139)
	at org.apache.ratis.proto.grpc.RaftServerProtocolServiceGrpc$RaftServerProtocolServiceBlockingStub.requestVote(RaftServerProtocolServiceGrpc.java:265)
	at org.apache.ratis.grpc.server.GrpcServerProtocolClient.requestVote(GrpcServerProtocolClient.java:99)
	at org.apache.ratis.grpc.server.GrpcService.requestVote(GrpcService.java:204)
	at org.apache.ratis.server.impl.LeaderElection.lambda$submitRequests$1(LeaderElection.java:234)
	at java.util.concurrent.FutureTask.run(FutureTask.java:266)
	at java.util.concurrent.Executors$RunnableAdapter.call(Executors.java:511)
	at java.util.concurrent.FutureTask.run(FutureTask.java:266)
	at java.util.concurrent.ThreadPoolExecutor.runWorker(ThreadPoolExecutor.java:1149)
	at java.util.concurrent.ThreadPoolExecutor$Worker.run(ThreadPoolExecutor.java:624)
	... 1 more
Caused by: org.apache.ratis.thirdparty.io.netty.channel.AbstractChannel$AnnotatedConnectException: Connection refused: /192.168.164.209:35002
	at sun.nio.ch.SocketChannelImpl.checkConnect(Native Method)
	at sun.nio.ch.SocketChannelImpl.finishConnect(SocketChannelImpl.java:717)
	at org.apache.ratis.thirdparty.io.netty.channel.socket.nio.NioSocketChannel.doFinishConnect(NioSocketChannel.java:327)
	at org.apache.ratis.thirdparty.io.netty.channel.nio.AbstractNioChannel$AbstractNioUnsafe.finishConnect(AbstractNioChannel.java:340)
	at org.apache.ratis.thirdparty.io.netty.channel.nio.NioEventLoop.processSelectedKey(NioEventLoop.java:632)
	at org.apache.ratis.thirdparty.io.netty.channel.nio.NioEventLoop.processSelectedKeysOptimized(NioEventLoop.java:579)
	at org.apache.ratis.thirdparty.io.netty.channel.nio.NioEventLoop.processSelectedKeys(NioEventLoop.java:496)
	at org.apache.ratis.thirdparty.io.netty.channel.nio.NioEventLoop.run(NioEventLoop.java:458)
	at org.apache.ratis.thirdparty.io.netty.util.concurrent.SingleThreadEventExecutor$5.run(SingleThreadEventExecutor.java:897)
	at org.apache.ratis.thirdparty.io.netty.util.concurrent.FastThreadLocalRunnable.run(FastThreadLocalRunnable.java:30)
	... 1 more
Caused by: java.net.ConnectException: Connection refused
	... 11 more
2019-11-12 23:20:25,633 [b7cd9551-1bd0-408f-a1aa-df7bdc8ebd77@group-D099D4B3691C-LeaderElection53] INFO  impl.LeaderElection (LeaderElection.java:logAndReturn(56)) - b7cd9551-1bd0-408f-a1aa-df7bdc8ebd77@group-D099D4B3691C-LeaderElection53: Election REJECTED; received 0 response(s) [] and 2 exception(s); b7cd9551-1bd0-408f-a1aa-df7bdc8ebd77@group-D099D4B3691C:t5, leader=null, voted=b7cd9551-1bd0-408f-a1aa-df7bdc8ebd77, raftlog=b7cd9551-1bd0-408f-a1aa-df7bdc8ebd77@group-D099D4B3691C-SegmentedRaftLog:OPENED:c0,f0,i0, conf=0: [80837678-b947-4bce-b966-fc20c0dfbdbf:192.168.164.209:33427, 0abad138-b24b-47c7-afcb-ebb08d39de0a:192.168.164.209:35002, b7cd9551-1bd0-408f-a1aa-df7bdc8ebd77:192.168.164.209:36523], old=null
2019-11-12 23:20:25,633 [b7cd9551-1bd0-408f-a1aa-df7bdc8ebd77@group-D099D4B3691C-LeaderElection53] INFO  impl.LeaderElection (LogUtils.java:infoOrTrace(149)) -   Exception 0: {}
java.util.concurrent.ExecutionException: org.apache.ratis.thirdparty.io.grpc.StatusRuntimeException: UNAVAILABLE: io exception
	at java.util.concurrent.FutureTask.report(FutureTask.java:122)
	at java.util.concurrent.FutureTask.get(FutureTask.java:192)
	at org.apache.ratis.server.impl.LeaderElection.waitForResults(LeaderElection.java:259)
	at org.apache.ratis.server.impl.LeaderElection.askForVotes(LeaderElection.java:197)
	at org.apache.ratis.server.impl.LeaderElection.run(LeaderElection.java:133)
	at java.lang.Thread.run(Thread.java:748)
Caused by: org.apache.ratis.thirdparty.io.grpc.StatusRuntimeException: UNAVAILABLE: io exception
	at org.apache.ratis.thirdparty.io.grpc.stub.ClientCalls.toStatusRuntimeException(ClientCalls.java:233)
	at org.apache.ratis.thirdparty.io.grpc.stub.ClientCalls.getUnchecked(ClientCalls.java:214)
	at org.apache.ratis.thirdparty.io.grpc.stub.ClientCalls.blockingUnaryCall(ClientCalls.java:139)
	at org.apache.ratis.proto.grpc.RaftServerProtocolServiceGrpc$RaftServerProtocolServiceBlockingStub.requestVote(RaftServerProtocolServiceGrpc.java:265)
	at org.apache.ratis.grpc.server.GrpcServerProtocolClient.requestVote(GrpcServerProtocolClient.java:99)
	at org.apache.ratis.grpc.server.GrpcService.requestVote(GrpcService.java:204)
	at org.apache.ratis.server.impl.LeaderElection.lambda$submitRequests$1(LeaderElection.java:234)
	at java.util.concurrent.FutureTask.run(FutureTask.java:266)
	at java.util.concurrent.Executors$RunnableAdapter.call(Executors.java:511)
	at java.util.concurrent.FutureTask.run(FutureTask.java:266)
	at java.util.concurrent.ThreadPoolExecutor.runWorker(ThreadPoolExecutor.java:1149)
	at java.util.concurrent.ThreadPoolExecutor$Worker.run(ThreadPoolExecutor.java:624)
	... 1 more
Caused by: org.apache.ratis.thirdparty.io.netty.channel.AbstractChannel$AnnotatedConnectException: Connection refused: /192.168.164.209:33427
	at sun.nio.ch.SocketChannelImpl.checkConnect(Native Method)
	at sun.nio.ch.SocketChannelImpl.finishConnect(SocketChannelImpl.java:717)
	at org.apache.ratis.thirdparty.io.netty.channel.socket.nio.NioSocketChannel.doFinishConnect(NioSocketChannel.java:327)
	at org.apache.ratis.thirdparty.io.netty.channel.nio.AbstractNioChannel$AbstractNioUnsafe.finishConnect(AbstractNioChannel.java:340)
	at org.apache.ratis.thirdparty.io.netty.channel.nio.NioEventLoop.processSelectedKey(NioEventLoop.java:632)
	at org.apache.ratis.thirdparty.io.netty.channel.nio.NioEventLoop.processSelectedKeysOptimized(NioEventLoop.java:579)
	at org.apache.ratis.thirdparty.io.netty.channel.nio.NioEventLoop.processSelectedKeys(NioEventLoop.java:496)
	at org.apache.ratis.thirdparty.io.netty.channel.nio.NioEventLoop.run(NioEventLoop.java:458)
	at org.apache.ratis.thirdparty.io.netty.util.concurrent.SingleThreadEventExecutor$5.run(SingleThreadEventExecutor.java:897)
	at org.apache.ratis.thirdparty.io.netty.util.concurrent.FastThreadLocalRunnable.run(FastThreadLocalRunnable.java:30)
	... 1 more
Caused by: java.net.ConnectException: Connection refused
	... 11 more
2019-11-12 23:20:25,633 [b7cd9551-1bd0-408f-a1aa-df7bdc8ebd77@group-D099D4B3691C-LeaderElection53] INFO  impl.LeaderElection (LogUtils.java:infoOrTrace(149)) -   Exception 1: {}
java.util.concurrent.ExecutionException: org.apache.ratis.thirdparty.io.grpc.StatusRuntimeException: UNAVAILABLE: io exception
	at java.util.concurrent.FutureTask.report(FutureTask.java:122)
	at java.util.concurrent.FutureTask.get(FutureTask.java:192)
	at org.apache.ratis.server.impl.LeaderElection.waitForResults(LeaderElection.java:259)
	at org.apache.ratis.server.impl.LeaderElection.askForVotes(LeaderElection.java:197)
	at org.apache.ratis.server.impl.LeaderElection.run(LeaderElection.java:133)
	at java.lang.Thread.run(Thread.java:748)
Caused by: org.apache.ratis.thirdparty.io.grpc.StatusRuntimeException: UNAVAILABLE: io exception
	at org.apache.ratis.thirdparty.io.grpc.stub.ClientCalls.toStatusRuntimeException(ClientCalls.java:233)
	at org.apache.ratis.thirdparty.io.grpc.stub.ClientCalls.getUnchecked(ClientCalls.java:214)
	at org.apache.ratis.thirdparty.io.grpc.stub.ClientCalls.blockingUnaryCall(ClientCalls.java:139)
	at org.apache.ratis.proto.grpc.RaftServerProtocolServiceGrpc$RaftServerProtocolServiceBlockingStub.requestVote(RaftServerProtocolServiceGrpc.java:265)
	at org.apache.ratis.grpc.server.GrpcServerProtocolClient.requestVote(GrpcServerProtocolClient.java:99)
	at org.apache.ratis.grpc.server.GrpcService.requestVote(GrpcService.java:204)
	at org.apache.ratis.server.impl.LeaderElection.lambda$submitRequests$1(LeaderElection.java:234)
	at java.util.concurrent.FutureTask.run(FutureTask.java:266)
	at java.util.concurrent.Executors$RunnableAdapter.call(Executors.java:511)
	at java.util.concurrent.FutureTask.run(FutureTask.java:266)
	at java.util.concurrent.ThreadPoolExecutor.runWorker(ThreadPoolExecutor.java:1149)
	at java.util.concurrent.ThreadPoolExecutor$Worker.run(ThreadPoolExecutor.java:624)
	... 1 more
Caused by: org.apache.ratis.thirdparty.io.netty.channel.AbstractChannel$AnnotatedConnectException: Connection refused: /192.168.164.209:35002
	at sun.nio.ch.SocketChannelImpl.checkConnect(Native Method)
	at sun.nio.ch.SocketChannelImpl.finishConnect(SocketChannelImpl.java:717)
	at org.apache.ratis.thirdparty.io.netty.channel.socket.nio.NioSocketChannel.doFinishConnect(NioSocketChannel.java:327)
	at org.apache.ratis.thirdparty.io.netty.channel.nio.AbstractNioChannel$AbstractNioUnsafe.finishConnect(AbstractNioChannel.java:340)
	at org.apache.ratis.thirdparty.io.netty.channel.nio.NioEventLoop.processSelectedKey(NioEventLoop.java:632)
	at org.apache.ratis.thirdparty.io.netty.channel.nio.NioEventLoop.processSelectedKeysOptimized(NioEventLoop.java:579)
	at org.apache.ratis.thirdparty.io.netty.channel.nio.NioEventLoop.processSelectedKeys(NioEventLoop.java:496)
	at org.apache.ratis.thirdparty.io.netty.channel.nio.NioEventLoop.run(NioEventLoop.java:458)
	at org.apache.ratis.thirdparty.io.netty.util.concurrent.SingleThreadEventExecutor$5.run(SingleThreadEventExecutor.java:897)
	at org.apache.ratis.thirdparty.io.netty.util.concurrent.FastThreadLocalRunnable.run(FastThreadLocalRunnable.java:30)
	... 1 more
Caused by: java.net.ConnectException: Connection refused
	... 11 more
2019-11-12 23:20:25,633 [b7cd9551-1bd0-408f-a1aa-df7bdc8ebd77@group-D099D4B3691C-LeaderElection53] INFO  impl.RaftServerImpl (RaftServerImpl.java:setRole(173)) - b7cd9551-1bd0-408f-a1aa-df7bdc8ebd77@group-D099D4B3691C: changes role from CANDIDATE to FOLLOWER at term 5 for DISCOVERED_A_NEW_TERM
2019-11-12 23:20:25,633 [b7cd9551-1bd0-408f-a1aa-df7bdc8ebd77@group-D099D4B3691C-LeaderElection53] INFO  impl.RoleInfo (RoleInfo.java:shutdownLeaderElection(134)) - b7cd9551-1bd0-408f-a1aa-df7bdc8ebd77: shutdown LeaderElection
2019-11-12 23:20:25,633 [b7cd9551-1bd0-408f-a1aa-df7bdc8ebd77@group-D099D4B3691C-LeaderElection53] INFO  impl.RoleInfo (RoleInfo.java:updateAndGet(143)) - b7cd9551-1bd0-408f-a1aa-df7bdc8ebd77: start FollowerState
2019-11-12 23:20:25,700 [grpc-default-executor-8] WARN  server.GrpcLogAppender (LogUtils.java:warn(134)) - d20ba3f6-e96e-4597-ba1c-bac940786bea@group-79AAA280B93D->42d95ea6-05d3-4ca4-82ca-ed08e1855e99-AppendLogResponseHandler: Failed appendEntries: org.apache.ratis.thirdparty.io.grpc.StatusRuntimeException: UNAVAILABLE: io exception
2019-11-12 23:20:25,702 [grpc-default-executor-8] INFO  impl.FollowerInfo (FollowerInfo.java:lambda$new$0(51)) - d20ba3f6-e96e-4597-ba1c-bac940786bea@group-79AAA280B93D->42d95ea6-05d3-4ca4-82ca-ed08e1855e99: nextIndex: updateUnconditionally 0 -> 0
2019-11-12 23:20:25,709 [grpc-default-executor-8] WARN  server.GrpcLogAppender (LogUtils.java:warn(134)) - d20ba3f6-e96e-4597-ba1c-bac940786bea@group-79AAA280B93D->88c939f2-d53e-4de2-8f3f-abd9df815d54-AppendLogResponseHandler: Failed appendEntries: org.apache.ratis.thirdparty.io.grpc.StatusRuntimeException: UNAVAILABLE: io exception
2019-11-12 23:20:25,709 [grpc-default-executor-8] INFO  impl.FollowerInfo (FollowerInfo.java:lambda$new$0(51)) - d20ba3f6-e96e-4597-ba1c-bac940786bea@group-79AAA280B93D->88c939f2-d53e-4de2-8f3f-abd9df815d54: nextIndex: updateUnconditionally 0 -> 0
2019-11-12 23:20:26,100 [ForkJoinPool.commonPool-worker-0] INFO  ozoneimpl.OzoneContainer (OzoneContainer.java:stop(244)) - Attempting to stop container services.
2019-11-12 23:20:26,101 [ForkJoinPool.commonPool-worker-0] INFO  impl.RaftServerProxy (RaftServerProxy.java:lambda$close$4(314)) - b7cd9551-1bd0-408f-a1aa-df7bdc8ebd77: close
2019-11-12 23:20:26,101 [ForkJoinPool.commonPool-worker-0] INFO  impl.RaftServerImpl (RaftServerImpl.java:lambda$shutdown$3(250)) - b7cd9551-1bd0-408f-a1aa-df7bdc8ebd77@group-69F03E8806E2: shutdown
2019-11-12 23:20:26,101 [ForkJoinPool.commonPool-worker-0] INFO  util.JmxRegister (JmxRegister.java:unregister(73)) - Successfully un-registered JMX Bean with object name Ratis:service=RaftServer,group=group-69F03E8806E2,id=b7cd9551-1bd0-408f-a1aa-df7bdc8ebd77
2019-11-12 23:20:26,101 [ForkJoinPool.commonPool-worker-0] INFO  impl.RoleInfo (RoleInfo.java:shutdownLeaderState(104)) - b7cd9551-1bd0-408f-a1aa-df7bdc8ebd77: shutdown LeaderState
2019-11-12 23:20:26,101 [ForkJoinPool.commonPool-worker-0] INFO  impl.PendingRequests (PendingRequests.java:sendNotLeaderResponses(206)) - b7cd9551-1bd0-408f-a1aa-df7bdc8ebd77@group-69F03E8806E2-PendingRequests: sendNotLeaderResponses
2019-11-12 23:20:26,102 [ForkJoinPool.commonPool-worker-0] INFO  impl.StateMachineUpdater (StateMachineUpdater.java:stopAndJoin(136)) - b7cd9551-1bd0-408f-a1aa-df7bdc8ebd77@group-69F03E8806E2-StateMachineUpdater: set stopIndex = 0
2019-11-12 23:20:26,102 [ForkJoinPool.commonPool-worker-0] INFO  impl.RaftServerImpl (ServerState.java:close(387)) - b7cd9551-1bd0-408f-a1aa-df7bdc8ebd77@group-69F03E8806E2: closes. applyIndex: 0
2019-11-12 23:20:26,102 [b7cd9551-1bd0-408f-a1aa-df7bdc8ebd77@group-69F03E8806E2-SegmentedRaftLogWorker] INFO  segmented.SegmentedRaftLogWorker (SegmentedRaftLogWorker.java:run(316)) - b7cd9551-1bd0-408f-a1aa-df7bdc8ebd77@group-69F03E8806E2-SegmentedRaftLogWorker was interrupted, exiting. There are 0 tasks remaining in the queue.
2019-11-12 23:20:26,104 [main] INFO  ozoneimpl.OzoneContainer (OzoneContainer.java:stop(244)) - Attempting to stop container services.
2019-11-12 23:20:26,105 [main] INFO  impl.RaftServerProxy (RaftServerProxy.java:lambda$close$4(314)) - d20ba3f6-e96e-4597-ba1c-bac940786bea: close
2019-11-12 23:20:26,105 [main] INFO  impl.RaftServerImpl (RaftServerImpl.java:lambda$shutdown$3(250)) - d20ba3f6-e96e-4597-ba1c-bac940786bea@group-8872D07B5C88: shutdown
2019-11-12 23:20:26,105 [main] INFO  util.JmxRegister (JmxRegister.java:unregister(73)) - Successfully un-registered JMX Bean with object name Ratis:service=RaftServer,group=group-8872D07B5C88,id=d20ba3f6-e96e-4597-ba1c-bac940786bea
2019-11-12 23:20:26,106 [main] INFO  impl.RoleInfo (RoleInfo.java:shutdownLeaderState(104)) - d20ba3f6-e96e-4597-ba1c-bac940786bea: shutdown LeaderState
2019-11-12 23:20:26,106 [main] INFO  impl.PendingRequests (PendingRequests.java:sendNotLeaderResponses(206)) - d20ba3f6-e96e-4597-ba1c-bac940786bea@group-8872D07B5C88-PendingRequests: sendNotLeaderResponses
2019-11-12 23:20:26,106 [main] INFO  impl.StateMachineUpdater (StateMachineUpdater.java:stopAndJoin(136)) - d20ba3f6-e96e-4597-ba1c-bac940786bea@group-8872D07B5C88-StateMachineUpdater: set stopIndex = 0
2019-11-12 23:20:26,107 [main] INFO  impl.RaftServerImpl (ServerState.java:close(387)) - d20ba3f6-e96e-4597-ba1c-bac940786bea@group-8872D07B5C88: closes. applyIndex: 0
2019-11-12 23:20:26,107 [d20ba3f6-e96e-4597-ba1c-bac940786bea@group-8872D07B5C88-SegmentedRaftLogWorker] INFO  segmented.SegmentedRaftLogWorker (SegmentedRaftLogWorker.java:run(316)) - d20ba3f6-e96e-4597-ba1c-bac940786bea@group-8872D07B5C88-SegmentedRaftLogWorker was interrupted, exiting. There are 0 tasks remaining in the queue.
2019-11-12 23:20:26,114 [main] INFO  segmented.SegmentedRaftLogWorker (SegmentedRaftLogWorker.java:close(224)) - d20ba3f6-e96e-4597-ba1c-bac940786bea@group-8872D07B5C88-SegmentedRaftLogWorker close()
2019-11-12 23:20:26,114 [ForkJoinPool.commonPool-worker-0] INFO  segmented.SegmentedRaftLogWorker (SegmentedRaftLogWorker.java:close(224)) - b7cd9551-1bd0-408f-a1aa-df7bdc8ebd77@group-69F03E8806E2-SegmentedRaftLogWorker close()
2019-11-12 23:20:26,115 [main] INFO  impl.RaftServerImpl (RaftServerImpl.java:lambda$shutdown$3(250)) - d20ba3f6-e96e-4597-ba1c-bac940786bea@group-79AAA280B93D: shutdown
2019-11-12 23:20:26,116 [ForkJoinPool.commonPool-worker-0] INFO  impl.RaftServerImpl (RaftServerImpl.java:lambda$shutdown$3(250)) - b7cd9551-1bd0-408f-a1aa-df7bdc8ebd77@group-D099D4B3691C: shutdown
2019-11-12 23:20:26,117 [main] INFO  util.JmxRegister (JmxRegister.java:unregister(73)) - Successfully un-registered JMX Bean with object name Ratis:service=RaftServer,group=group-79AAA280B93D,id=d20ba3f6-e96e-4597-ba1c-bac940786bea
2019-11-12 23:20:26,117 [main] INFO  impl.RoleInfo (RoleInfo.java:shutdownLeaderState(104)) - d20ba3f6-e96e-4597-ba1c-bac940786bea: shutdown LeaderState
2019-11-12 23:20:26,117 [ForkJoinPool.commonPool-worker-0] INFO  util.JmxRegister (JmxRegister.java:unregister(73)) - Successfully un-registered JMX Bean with object name Ratis:service=RaftServer,group=group-D099D4B3691C,id=b7cd9551-1bd0-408f-a1aa-df7bdc8ebd77
2019-11-12 23:20:26,119 [org.apache.ratis.server.impl.LogAppender$AppenderDaemon$$Lambda$408/521854984@6971ac9d] WARN  server.GrpcLogAppender (GrpcLogAppender.java:mayWait(151)) - d20ba3f6-e96e-4597-ba1c-bac940786bea@group-79AAA280B93D->42d95ea6-05d3-4ca4-82ca-ed08e1855e99-GrpcLogAppender: Wait interrupted by java.lang.InterruptedException
2019-11-12 23:20:26,119 [org.apache.ratis.server.impl.LogAppender$AppenderDaemon$$Lambda$408/521854984@2c732fd7] WARN  server.GrpcLogAppender (GrpcLogAppender.java:mayWait(151)) - d20ba3f6-e96e-4597-ba1c-bac940786bea@group-79AAA280B93D->88c939f2-d53e-4de2-8f3f-abd9df815d54-GrpcLogAppender: Wait interrupted by java.lang.InterruptedException
2019-11-12 23:20:26,119 [main] INFO  impl.PendingRequests (PendingRequests.java:sendNotLeaderResponses(206)) - d20ba3f6-e96e-4597-ba1c-bac940786bea@group-79AAA280B93D-PendingRequests: sendNotLeaderResponses
2019-11-12 23:20:26,119 [ForkJoinPool.commonPool-worker-0] INFO  impl.RoleInfo (RoleInfo.java:shutdownFollowerState(121)) - b7cd9551-1bd0-408f-a1aa-df7bdc8ebd77: shutdown FollowerState
2019-11-12 23:20:26,120 [main] INFO  impl.StateMachineUpdater (StateMachineUpdater.java:stopAndJoin(136)) - d20ba3f6-e96e-4597-ba1c-bac940786bea@group-79AAA280B93D-StateMachineUpdater: set stopIndex = 0
2019-11-12 23:20:26,120 [Thread-1494] INFO  impl.FollowerState (FollowerState.java:run(120)) - b7cd9551-1bd0-408f-a1aa-df7bdc8ebd77@group-D099D4B3691C-FollowerState was interrupted: java.lang.InterruptedException: sleep interrupted
2019-11-12 23:20:26,120 [ForkJoinPool.commonPool-worker-0] INFO  impl.StateMachineUpdater (StateMachineUpdater.java:stopAndJoin(136)) - b7cd9551-1bd0-408f-a1aa-df7bdc8ebd77@group-D099D4B3691C-StateMachineUpdater: set stopIndex = 0
2019-11-12 23:20:26,122 [ForkJoinPool.commonPool-worker-0] INFO  impl.RaftServerImpl (ServerState.java:close(387)) - b7cd9551-1bd0-408f-a1aa-df7bdc8ebd77@group-D099D4B3691C: closes. applyIndex: 0
2019-11-12 23:20:26,120 [main] INFO  impl.RaftServerImpl (ServerState.java:close(387)) - d20ba3f6-e96e-4597-ba1c-bac940786bea@group-79AAA280B93D: closes. applyIndex: 0
2019-11-12 23:20:26,122 [b7cd9551-1bd0-408f-a1aa-df7bdc8ebd77@group-D099D4B3691C-SegmentedRaftLogWorker] INFO  segmented.SegmentedRaftLogWorker (SegmentedRaftLogWorker.java:run(316)) - b7cd9551-1bd0-408f-a1aa-df7bdc8ebd77@group-D099D4B3691C-SegmentedRaftLogWorker was interrupted, exiting. There are 0 tasks remaining in the queue.
2019-11-12 23:20:26,122 [d20ba3f6-e96e-4597-ba1c-bac940786bea@group-79AAA280B93D-SegmentedRaftLogWorker] INFO  segmented.SegmentedRaftLogWorker (SegmentedRaftLogWorker.java:run(316)) - d20ba3f6-e96e-4597-ba1c-bac940786bea@group-79AAA280B93D-SegmentedRaftLogWorker was interrupted, exiting. There are 0 tasks remaining in the queue.
2019-11-12 23:20:26,123 [ForkJoinPool.commonPool-worker-0] INFO  segmented.SegmentedRaftLogWorker (SegmentedRaftLogWorker.java:close(224)) - b7cd9551-1bd0-408f-a1aa-df7bdc8ebd77@group-D099D4B3691C-SegmentedRaftLogWorker close()
2019-11-12 23:20:26,124 [main] INFO  segmented.SegmentedRaftLogWorker (SegmentedRaftLogWorker.java:close(224)) - d20ba3f6-e96e-4597-ba1c-bac940786bea@group-79AAA280B93D-SegmentedRaftLogWorker close()
2019-11-12 23:20:26,126 [ForkJoinPool.commonPool-worker-0] INFO  server.GrpcService (GrpcService.java:closeImpl(164)) - b7cd9551-1bd0-408f-a1aa-df7bdc8ebd77: shutdown server with port 36523 now
2019-11-12 23:20:26,128 [main] INFO  server.GrpcService (GrpcService.java:closeImpl(164)) - d20ba3f6-e96e-4597-ba1c-bac940786bea: shutdown server with port 36673 now
2019-11-12 23:20:26,128 [ForkJoinPool.commonPool-worker-0] INFO  server.GrpcService (GrpcService.java:closeImpl(172)) - b7cd9551-1bd0-408f-a1aa-df7bdc8ebd77: shutdown server with port 36523 successfully
2019-11-12 23:20:26,129 [main] INFO  server.GrpcService (GrpcService.java:closeImpl(172)) - d20ba3f6-e96e-4597-ba1c-bac940786bea: shutdown server with port 36673 successfully
2019-11-12 23:20:26,131 [refreshUsed-/workdir/hadoop-ozone/integration-test/target/test-dir/MiniOzoneClusterImpl-526fdb7e-9c97-4370-88fe-75d8a071a2f3/datanode-0/data/containers] WARN  fs.CachingGetSpaceUsed (CachingGetSpaceUsed.java:run(183)) - Thread Interrupted waiting to refresh disk information: sleep interrupted
2019-11-12 23:20:26,132 [refreshUsed-/workdir/hadoop-ozone/integration-test/target/test-dir/MiniOzoneClusterImpl-526fdb7e-9c97-4370-88fe-75d8a071a2f3/datanode-4/data/containers] WARN  fs.CachingGetSpaceUsed (CachingGetSpaceUsed.java:run(183)) - Thread Interrupted waiting to refresh disk information: sleep interrupted
2019-11-12 23:20:26,153 [main] INFO  utils.BackgroundService (BackgroundService.java:shutdown(151)) - Shutting down service BlockDeletingService
2019-11-12 23:20:26,156 [main] INFO  statemachine.DatanodeStateMachine (DatanodeStateMachine.java:stopDaemon(395)) - Ozone container server stopped.
2019-11-12 23:20:26,157 [main] INFO  handler.ContextHandler (ContextHandler.java:doStop(910)) - Stopped o.e.j.w.WebAppContext@4a8ffd75{/,null,UNAVAILABLE}{/hddsDatanode}
2019-11-12 23:20:26,157 [main] INFO  server.AbstractConnector (AbstractConnector.java:doStop(318)) - Stopped ServerConnector@1727e03a{HTTP/1.1,[http/1.1]}{0.0.0.0:0}
2019-11-12 23:20:26,158 [main] INFO  handler.ContextHandler (ContextHandler.java:doStop(910)) - Stopped o.e.j.s.ServletContextHandler@427a12b6{/static,jar:file:/home/user/.m2/repository/org/apache/hadoop/hadoop-hdds-container-service/0.5.0-SNAPSHOT/hadoop-hdds-container-service-0.5.0-SNAPSHOT.jar!/webapps/static,UNAVAILABLE}
2019-11-12 23:20:26,158 [ForkJoinPool.commonPool-worker-0] INFO  utils.BackgroundService (BackgroundService.java:shutdown(151)) - Shutting down service BlockDeletingService
2019-11-12 23:20:26,158 [main] INFO  handler.ContextHandler (ContextHandler.java:doStop(910)) - Stopped o.e.j.s.ServletContextHandler@32bb0072{/logs,file:///workdir/hadoop-ozone/integration-test/target/log,UNAVAILABLE}
2019-11-12 23:20:26,160 [ForkJoinPool.commonPool-worker-0] INFO  statemachine.DatanodeStateMachine (DatanodeStateMachine.java:stopDaemon(395)) - Ozone container server stopped.
2019-11-12 23:20:26,163 [ForkJoinPool.commonPool-worker-0] INFO  handler.ContextHandler (ContextHandler.java:doStop(910)) - Stopped o.e.j.w.WebAppContext@3aaa3c39{/,null,UNAVAILABLE}{/hddsDatanode}
2019-11-12 23:20:26,163 [ForkJoinPool.commonPool-worker-0] INFO  server.AbstractConnector (AbstractConnector.java:doStop(318)) - Stopped ServerConnector@65a9ea3c{HTTP/1.1,[http/1.1]}{0.0.0.0:0}
2019-11-12 23:20:26,165 [ForkJoinPool.commonPool-worker-0] INFO  handler.ContextHandler (ContextHandler.java:doStop(910)) - Stopped o.e.j.s.ServletContextHandler@d675f9f{/static,jar:file:/home/user/.m2/repository/org/apache/hadoop/hadoop-hdds-container-service/0.5.0-SNAPSHOT/hadoop-hdds-container-service-0.5.0-SNAPSHOT.jar!/webapps/static,UNAVAILABLE}
2019-11-12 23:20:26,165 [ForkJoinPool.commonPool-worker-0] INFO  handler.ContextHandler (ContextHandler.java:doStop(910)) - Stopped o.e.j.s.ServletContextHandler@7ddd84b5{/logs,file:///workdir/hadoop-ozone/integration-test/target/log,UNAVAILABLE}
2019-11-12 23:20:26,166 [main] INFO  ozone.MiniOzoneClusterImpl (MiniOzoneClusterImpl.java:stopSCM(430)) - Stopping the StorageContainerManager
2019-11-12 23:20:26,166 [main] INFO  server.StorageContainerManager (StorageContainerManager.java:stop(802)) - Stopping Replication Manager Service.
2019-11-12 23:20:26,166 [main] INFO  container.ReplicationManager (ReplicationManager.java:stop(203)) - Stopping Replication Monitor Thread.
2019-11-12 23:20:26,167 [main] INFO  server.StorageContainerManager (StorageContainerManager.java:stop(809)) - Stopping Lease Manager of the command watchers
2019-11-12 23:20:26,167 [main] INFO  server.StorageContainerManager (StorageContainerManager.java:stop(816)) - Stopping datanode service RPC server
2019-11-12 23:20:26,167 [main] INFO  server.SCMDatanodeProtocolServer (SCMDatanodeProtocolServer.java:stop(346)) - Stopping the RPC server for DataNodes
2019-11-12 23:20:26,167 [main] INFO  ipc.Server (Server.java:stop(3082)) - Stopping server on 44731
2019-11-12 23:20:26,169 [IPC Server listener on 44731] INFO  ipc.Server (Server.java:run(1185)) - Stopping IPC Server listener on 44731
2019-11-12 23:20:26,169 [IPC Server Responder] INFO  ipc.Server (Server.java:run(1319)) - Stopping IPC Server Responder
2019-11-12 23:20:26,178 [SCM Heartbeat Processing Thread - 0] WARN  node.NodeStateManager (NodeStateManager.java:scheduleNextHealthCheck(646)) - Current Thread is interrupted, shutting down HB processing thread for Node Manager.
2019-11-12 23:20:26,178 [main] INFO  server.StorageContainerManager (StorageContainerManager.java:stop(824)) - Stopping block service RPC server
2019-11-12 23:20:26,179 [main] INFO  server.SCMBlockProtocolServer (SCMBlockProtocolServer.java:stop(155)) - Stopping the RPC server for Block Protocol
2019-11-12 23:20:26,179 [main] INFO  ipc.Server (Server.java:stop(3082)) - Stopping server on 43661
2019-11-12 23:20:26,180 [main] INFO  server.StorageContainerManager (StorageContainerManager.java:stop(831)) - Stopping the StorageContainerLocationProtocol RPC server
2019-11-12 23:20:26,180 [IPC Server listener on 43661] INFO  ipc.Server (Server.java:run(1185)) - Stopping IPC Server listener on 43661
2019-11-12 23:20:26,180 [IPC Server Responder] INFO  ipc.Server (Server.java:run(1319)) - Stopping IPC Server Responder
2019-11-12 23:20:26,180 [main] INFO  server.SCMClientProtocolServer (SCMClientProtocolServer.java:stop(168)) - Stopping the RPC server for Client Protocol
2019-11-12 23:20:26,180 [main] INFO  ipc.Server (Server.java:stop(3082)) - Stopping server on 41320
2019-11-12 23:20:26,182 [IPC Server listener on 41320] INFO  ipc.Server (Server.java:run(1185)) - Stopping IPC Server listener on 41320
2019-11-12 23:20:26,182 [main] INFO  server.StorageContainerManager (StorageContainerManager.java:stop(838)) - Stopping Storage Container Manager HTTP server.
2019-11-12 23:20:26,183 [IPC Server Responder] INFO  ipc.Server (Server.java:run(1319)) - Stopping IPC Server Responder
2019-11-12 23:20:26,184 [main] INFO  handler.ContextHandler (ContextHandler.java:doStop(910)) - Stopped o.e.j.w.WebAppContext@1b13467c{/,null,UNAVAILABLE}{/scm}
2019-11-12 23:20:26,185 [main] INFO  server.AbstractConnector (AbstractConnector.java:doStop(318)) - Stopped ServerConnector@7bd96822{HTTP/1.1,[http/1.1]}{0.0.0.0:0}
2019-11-12 23:20:26,185 [main] INFO  handler.ContextHandler (ContextHandler.java:doStop(910)) - Stopped o.e.j.s.ServletContextHandler@5eea5627{/static,file:///workdir/hadoop-ozone/integration-test/target/test-classes/webapps/static,UNAVAILABLE}
2019-11-12 23:20:26,185 [main] INFO  handler.ContextHandler (ContextHandler.java:doStop(910)) - Stopped o.e.j.s.ServletContextHandler@b46e103{/logs,file:///workdir/hadoop-ozone/integration-test/target/log,UNAVAILABLE}
2019-11-12 23:20:26,186 [main] INFO  server.StorageContainerManager (StorageContainerManager.java:stop(849)) - Stopping Block Manager Service.
2019-11-12 23:20:26,186 [main] INFO  utils.BackgroundService (BackgroundService.java:shutdown(151)) - Shutting down service SCMBlockDeletingService
2019-11-12 23:20:26,187 [main] INFO  utils.BackgroundService (BackgroundService.java:shutdown(151)) - Shutting down service SCMBlockDeletingService
2019-11-12 23:20:26,187 [main] INFO  server.StorageContainerManager (StorageContainerManager.java:stop(871)) - Stopping SCM Event Queue.
2019-11-12 23:20:26,191 [main] INFO  impl.MetricsSystemImpl (MetricsSystemImpl.java:stop(210)) - Stopping HddsDatanode metrics system...
2019-11-12 23:20:26,200 [main] INFO  impl.MetricsSystemImpl (MetricsSystemImpl.java:stop(216)) - HddsDatanode metrics system stopped.
]]></system-out>
    <system-err><![CDATA[Nov 12, 2019 11:20:15 PM org.apache.ratis.thirdparty.io.grpc.internal.SerializingExecutor run
SEVERE: Exception while executing runnable org.apache.ratis.thirdparty.io.grpc.internal.ServerImpl$JumpToApplicationThreadServerStreamListener$1Closed@6ab8241c
org.apache.ratis.thirdparty.io.grpc.StatusRuntimeException: CANCELLED: call already cancelled
	at org.apache.ratis.thirdparty.io.grpc.Status.asRuntimeException(Status.java:517)
	at org.apache.ratis.thirdparty.io.grpc.stub.ServerCalls$ServerCallStreamObserverImpl.onCompleted(ServerCalls.java:356)
	at org.apache.ratis.grpc.server.GrpcServerProtocolService$ServerRequestStreamObserver.onError(GrpcServerProtocolService.java:121)
	at org.apache.ratis.thirdparty.io.grpc.stub.ServerCalls$StreamingServerCallHandler$StreamingServerCallListener.onCancel(ServerCalls.java:269)
	at org.apache.ratis.thirdparty.io.grpc.internal.ServerCallImpl$ServerStreamListenerImpl.closed(ServerCallImpl.java:293)
	at org.apache.ratis.thirdparty.io.grpc.internal.ServerImpl$JumpToApplicationThreadServerStreamListener$1Closed.runInContext(ServerImpl.java:741)
	at org.apache.ratis.thirdparty.io.grpc.internal.ContextRunnable.run(ContextRunnable.java:37)
	at org.apache.ratis.thirdparty.io.grpc.internal.SerializingExecutor.run(SerializingExecutor.java:123)
	at java.util.concurrent.ThreadPoolExecutor.runWorker(ThreadPoolExecutor.java:1149)
	at java.util.concurrent.ThreadPoolExecutor$Worker.run(ThreadPoolExecutor.java:624)
	at java.lang.Thread.run(Thread.java:748)

Nov 12, 2019 11:20:15 PM org.apache.ratis.thirdparty.io.grpc.internal.SerializingExecutor run
SEVERE: Exception while executing runnable org.apache.ratis.thirdparty.io.grpc.internal.ServerImpl$JumpToApplicationThreadServerStreamListener$1Closed@1fa68d32
org.apache.ratis.thirdparty.io.grpc.StatusRuntimeException: CANCELLED: call already cancelled
	at org.apache.ratis.thirdparty.io.grpc.Status.asRuntimeException(Status.java:517)
	at org.apache.ratis.thirdparty.io.grpc.stub.ServerCalls$ServerCallStreamObserverImpl.onCompleted(ServerCalls.java:356)
	at org.apache.ratis.grpc.server.GrpcServerProtocolService$ServerRequestStreamObserver.onError(GrpcServerProtocolService.java:121)
	at org.apache.ratis.thirdparty.io.grpc.stub.ServerCalls$StreamingServerCallHandler$StreamingServerCallListener.onCancel(ServerCalls.java:269)
	at org.apache.ratis.thirdparty.io.grpc.internal.ServerCallImpl$ServerStreamListenerImpl.closed(ServerCallImpl.java:293)
	at org.apache.ratis.thirdparty.io.grpc.internal.ServerImpl$JumpToApplicationThreadServerStreamListener$1Closed.runInContext(ServerImpl.java:741)
	at org.apache.ratis.thirdparty.io.grpc.internal.ContextRunnable.run(ContextRunnable.java:37)
	at org.apache.ratis.thirdparty.io.grpc.internal.SerializingExecutor.run(SerializingExecutor.java:123)
	at java.util.concurrent.ThreadPoolExecutor.runWorker(ThreadPoolExecutor.java:1149)
	at java.util.concurrent.ThreadPoolExecutor$Worker.run(ThreadPoolExecutor.java:624)
	at java.lang.Thread.run(Thread.java:748)

Nov 12, 2019 11:20:21 PM org.apache.ratis.thirdparty.io.grpc.internal.SerializingExecutor run
SEVERE: Exception while executing runnable org.apache.ratis.thirdparty.io.grpc.internal.ServerImpl$JumpToApplicationThreadServerStreamListener$1Closed@515c1734
org.apache.ratis.thirdparty.io.grpc.StatusRuntimeException: CANCELLED: call already cancelled
	at org.apache.ratis.thirdparty.io.grpc.Status.asRuntimeException(Status.java:517)
	at org.apache.ratis.thirdparty.io.grpc.stub.ServerCalls$ServerCallStreamObserverImpl.onCompleted(ServerCalls.java:356)
	at org.apache.ratis.grpc.server.GrpcServerProtocolService$ServerRequestStreamObserver.onError(GrpcServerProtocolService.java:121)
	at org.apache.ratis.thirdparty.io.grpc.stub.ServerCalls$StreamingServerCallHandler$StreamingServerCallListener.onCancel(ServerCalls.java:269)
	at org.apache.ratis.thirdparty.io.grpc.internal.ServerCallImpl$ServerStreamListenerImpl.closed(ServerCallImpl.java:293)
	at org.apache.ratis.thirdparty.io.grpc.internal.ServerImpl$JumpToApplicationThreadServerStreamListener$1Closed.runInContext(ServerImpl.java:741)
	at org.apache.ratis.thirdparty.io.grpc.internal.ContextRunnable.run(ContextRunnable.java:37)
	at org.apache.ratis.thirdparty.io.grpc.internal.SerializingExecutor.run(SerializingExecutor.java:123)
	at java.util.concurrent.ThreadPoolExecutor.runWorker(ThreadPoolExecutor.java:1149)
	at java.util.concurrent.ThreadPoolExecutor$Worker.run(ThreadPoolExecutor.java:624)
	at java.lang.Thread.run(Thread.java:748)

]]></system-err>
  </testcase>
</testsuite>