<?xml version="1.0" encoding="UTF-8"?>
<testsuite xmlns:xsi="http://www.w3.org/2001/XMLSchema-instance" xsi:noNamespaceSchemaLocation="https://maven.apache.org/surefire/maven-surefire-plugin/xsd/surefire-test-report.xsd" name="org.apache.hadoop.ozone.freon.TestFreonWithPipelineDestroy" time="58.208" tests="1" errors="1" skipped="0" failures="0">
  <properties>
    <property name="awt.toolkit" value="sun.awt.X11.XToolkit"/>
    <property name="file.encoding.pkg" value="sun.io"/>
    <property name="java.specification.version" value="1.8"/>
    <property name="sun.cpu.isalist" value=""/>
    <property name="sun.jnu.encoding" value="ANSI_X3.4-1968"/>
    <property name="java.class.path" value="/workdir/hadoop-ozone/tools/target/test-classes:/workdir/hadoop-ozone/tools/target/classes:/home/user/.m2/repository/org/apache/hadoop/hadoop-ozone-ozone-manager/0.5.0-SNAPSHOT/hadoop-ozone-ozone-manager-0.5.0-SNAPSHOT.jar:/home/user/.m2/repository/org/apache/hadoop/hadoop-hdds-docs/0.5.0-SNAPSHOT/hadoop-hdds-docs-0.5.0-SNAPSHOT.jar:/home/user/.m2/repository/org/bouncycastle/bcprov-jdk15on/1.60/bcprov-jdk15on-1.60.jar:/home/user/.m2/repository/org/apache/hadoop/hadoop-ozone-common/0.5.0-SNAPSHOT/hadoop-ozone-common-0.5.0-SNAPSHOT.jar:/home/user/.m2/repository/org/apache/commons/commons-compress/1.4.1/commons-compress-1.4.1.jar:/home/user/.m2/repository/org/tukaani/xz/1.0/xz-1.0.jar:/home/user/.m2/repository/org/apache/hadoop/hadoop-hdfs-client/3.2.0/hadoop-hdfs-client-3.2.0.jar:/home/user/.m2/repository/com/fasterxml/jackson/core/jackson-annotations/2.9.9/jackson-annotations-2.9.9.jar:/home/user/.m2/repository/org/apache/hadoop/hadoop-hdds-common/0.5.0-SNAPSHOT/hadoop-hdds-common-0.5.0-SNAPSHOT.jar:/home/user/.m2/repository/org/apache/hadoop/hadoop-hdds-config/0.5.0-SNAPSHOT/hadoop-hdds-config-0.5.0-SNAPSHOT.jar:/home/user/.m2/repository/javax/annotation/javax.annotation-api/1.2/javax.annotation-api-1.2.jar:/home/user/.m2/repository/org/apache/ratis/ratis-server/0.5.0-d6d58d0-SNAPSHOT/ratis-server-0.5.0-d6d58d0-SNAPSHOT.jar:/home/user/.m2/repository/org/apache/ratis/ratis-thirdparty-misc/0.2.0/ratis-thirdparty-misc-0.2.0.jar:/home/user/.m2/repository/org/apache/ratis/ratis-proto/0.5.0-d6d58d0-SNAPSHOT/ratis-proto-0.5.0-d6d58d0-SNAPSHOT.jar:/home/user/.m2/repository/org/apache/ratis/ratis-common/0.5.0-d6d58d0-SNAPSHOT/ratis-common-0.5.0-d6d58d0-SNAPSHOT.jar:/home/user/.m2/repository/org/apache/ratis/ratis-client/0.5.0-d6d58d0-SNAPSHOT/ratis-client-0.5.0-d6d58d0-SNAPSHOT.jar:/home/user/.m2/repository/org/apache/ratis/ratis-metrics/0.5.0-d6d58d0-SNAPSHOT/ratis-metrics-0.5.0-d6d58d0-SNAPSHOT.jar:/home/user/.m2/repository/org/apache/ratis/ratis-netty/0.5.0-d6d58d0-SNAPSHOT/ratis-netty-0.5.0-d6d58d0-SNAPSHOT.jar:/home/user/.m2/repository/org/apache/ratis/ratis-grpc/0.5.0-d6d58d0-SNAPSHOT/ratis-grpc-0.5.0-d6d58d0-SNAPSHOT.jar:/home/user/.m2/repository/org/rocksdb/rocksdbjni/6.0.1/rocksdbjni-6.0.1.jar:/home/user/.m2/repository/org/apache/logging/log4j/log4j-api/2.11.0/log4j-api-2.11.0.jar:/home/user/.m2/repository/org/apache/logging/log4j/log4j-core/2.11.0/log4j-core-2.11.0.jar:/home/user/.m2/repository/com/lmax/disruptor/3.4.2/disruptor-3.4.2.jar:/home/user/.m2/repository/org/apache/commons/commons-pool2/2.6.0/commons-pool2-2.6.0.jar:/home/user/.m2/repository/org/bouncycastle/bcpkix-jdk15on/1.60/bcpkix-jdk15on-1.60.jar:/home/user/.m2/repository/commons-validator/commons-validator/1.6/commons-validator-1.6.jar:/home/user/.m2/repository/commons-digester/commons-digester/1.8.1/commons-digester-1.8.1.jar:/home/user/.m2/repository/io/jaegertracing/jaeger-client/0.34.0/jaeger-client-0.34.0.jar:/home/user/.m2/repository/io/jaegertracing/jaeger-thrift/0.34.0/jaeger-thrift-0.34.0.jar:/home/user/.m2/repository/org/apache/thrift/libthrift/0.12.0/libthrift-0.12.0.jar:/home/user/.m2/repository/com/squareup/okhttp3/okhttp/3.9.0/okhttp-3.9.0.jar:/home/user/.m2/repository/com/squareup/okio/okio/1.13.0/okio-1.13.0.jar:/home/user/.m2/repository/io/jaegertracing/jaeger-core/0.34.0/jaeger-core-0.34.0.jar:/home/user/.m2/repository/io/jaegertracing/jaeger-tracerresolver/0.34.0/jaeger-tracerresolver-0.34.0.jar:/home/user/.m2/repository/io/opentracing/contrib/opentracing-tracerresolver/0.1.5/opentracing-tracerresolver-0.1.5.jar:/home/user/.m2/repository/io/opentracing/opentracing-util/0.31.0/opentracing-util-0.31.0.jar:/home/user/.m2/repository/io/opentracing/opentracing-api/0.31.0/opentracing-api-0.31.0.jar:/home/user/.m2/repository/io/opentracing/opentracing-noop/0.31.0/opentracing-noop-0.31.0.jar:/home/user/.m2/repository/org/yaml/snakeyaml/1.16/snakeyaml-1.16.jar:/home/user/.m2/repository/org/apache/hadoop/hadoop-hdds-container-service/0.5.0-SNAPSHOT/hadoop-hdds-container-service-0.5.0-SNAPSHOT.jar:/home/user/.m2/repository/org/apache/hadoop/hadoop-hdds-client/0.5.0-SNAPSHOT/hadoop-hdds-client-0.5.0-SNAPSHOT.jar:/home/user/.m2/repository/org/apache/hadoop/hadoop-hdds-tools/0.5.0-SNAPSHOT/hadoop-hdds-tools-0.5.0-SNAPSHOT.jar:/home/user/.m2/repository/org/xerial/sqlite-jdbc/3.25.2/sqlite-jdbc-3.25.2.jar:/home/user/.m2/repository/org/apache/hadoop/hadoop-hdds-server-scm/0.5.0-SNAPSHOT/hadoop-hdds-server-scm-0.5.0-SNAPSHOT.jar:/home/user/.m2/repository/org/hamcrest/hamcrest-all/1.3/hamcrest-all-1.3.jar:/home/user/.m2/repository/info/picocli/picocli/3.9.6/picocli-3.9.6.jar:/home/user/.m2/repository/com/google/protobuf/protobuf-java/2.5.0/protobuf-java-2.5.0.jar:/home/user/.m2/repository/com/google/guava/guava/11.0.2/guava-11.0.2.jar:/home/user/.m2/repository/org/apache/hadoop/hadoop-ozone-client/0.5.0-SNAPSHOT/hadoop-ozone-client-0.5.0-SNAPSHOT.jar:/workdir/hadoop-ozone/ozonefs/target/classes:/home/user/.m2/repository/org/apache/httpcomponents/httpclient/4.5.2/httpclient-4.5.2.jar:/home/user/.m2/repository/org/apache/httpcomponents/httpcore/4.4.4/httpcore-4.4.4.jar:/home/user/.m2/repository/org/apache/hadoop/hadoop-hdds-server-framework/0.5.0-SNAPSHOT/hadoop-hdds-server-framework-0.5.0-SNAPSHOT.jar:/home/user/.m2/repository/org/apache/hadoop/hadoop-common/3.2.0/hadoop-common-3.2.0.jar:/home/user/.m2/repository/org/apache/hadoop/hadoop-annotations/3.2.0/hadoop-annotations-3.2.0.jar:/usr/lib/jvm/java-1.8.0-openjdk-1.8.0.222.b10-1.el7_7.x86_64/jre/../lib/tools.jar:/home/user/.m2/repository/commons-cli/commons-cli/1.2/commons-cli-1.2.jar:/home/user/.m2/repository/org/apache/commons/commons-math3/3.1.1/commons-math3-3.1.1.jar:/home/user/.m2/repository/commons-codec/commons-codec/1.11/commons-codec-1.11.jar:/home/user/.m2/repository/commons-io/commons-io/2.5/commons-io-2.5.jar:/home/user/.m2/repository/commons-net/commons-net/3.6/commons-net-3.6.jar:/home/user/.m2/repository/commons-collections/commons-collections/3.2.2/commons-collections-3.2.2.jar:/home/user/.m2/repository/javax/servlet/javax.servlet-api/3.1.0/javax.servlet-api-3.1.0.jar:/home/user/.m2/repository/org/eclipse/jetty/jetty-server/9.3.25.v20180904/jetty-server-9.3.25.v20180904.jar:/home/user/.m2/repository/org/eclipse/jetty/jetty-http/9.3.25.v20180904/jetty-http-9.3.25.v20180904.jar:/home/user/.m2/repository/org/eclipse/jetty/jetty-io/9.3.25.v20180904/jetty-io-9.3.25.v20180904.jar:/home/user/.m2/repository/org/eclipse/jetty/jetty-util/9.3.25.v20180904/jetty-util-9.3.25.v20180904.jar:/home/user/.m2/repository/org/eclipse/jetty/jetty-servlet/9.3.25.v20180904/jetty-servlet-9.3.25.v20180904.jar:/home/user/.m2/repository/org/eclipse/jetty/jetty-security/9.3.25.v20180904/jetty-security-9.3.25.v20180904.jar:/home/user/.m2/repository/org/eclipse/jetty/jetty-webapp/9.3.25.v20180904/jetty-webapp-9.3.25.v20180904.jar:/home/user/.m2/repository/org/eclipse/jetty/jetty-xml/9.3.25.v20180904/jetty-xml-9.3.25.v20180904.jar:/home/user/.m2/repository/javax/servlet/jsp/jsp-api/2.1/jsp-api-2.1.jar:/home/user/.m2/repository/com/sun/jersey/jersey-core/1.19/jersey-core-1.19.jar:/home/user/.m2/repository/javax/ws/rs/jsr311-api/1.1.1/jsr311-api-1.1.1.jar:/home/user/.m2/repository/com/sun/jersey/jersey-servlet/1.19/jersey-servlet-1.19.jar:/home/user/.m2/repository/com/sun/jersey/jersey-json/1.19/jersey-json-1.19.jar:/home/user/.m2/repository/org/codehaus/jettison/jettison/1.1/jettison-1.1.jar:/home/user/.m2/repository/com/sun/xml/bind/jaxb-impl/2.3.0.1/jaxb-impl-2.3.0.1.jar:/home/user/.m2/repository/org/codehaus/jackson/jackson-core-asl/1.9.13/jackson-core-asl-1.9.13.jar:/home/user/.m2/repository/org/codehaus/jackson/jackson-mapper-asl/1.9.13/jackson-mapper-asl-1.9.13.jar:/home/user/.m2/repository/org/codehaus/jackson/jackson-jaxrs/1.9.13/jackson-jaxrs-1.9.13.jar:/home/user/.m2/repository/org/codehaus/jackson/jackson-xc/1.9.13/jackson-xc-1.9.13.jar:/home/user/.m2/repository/com/sun/jersey/jersey-server/1.19/jersey-server-1.19.jar:/home/user/.m2/repository/commons-logging/commons-logging/1.1.3/commons-logging-1.1.3.jar:/home/user/.m2/repository/log4j/log4j/1.2.17/log4j-1.2.17.jar:/home/user/.m2/repository/commons-beanutils/commons-beanutils/1.9.4/commons-beanutils-1.9.4.jar:/home/user/.m2/repository/org/apache/commons/commons-configuration2/2.1.1/commons-configuration2-2.1.1.jar:/home/user/.m2/repository/org/apache/commons/commons-lang3/3.7/commons-lang3-3.7.jar:/home/user/.m2/repository/org/apache/commons/commons-text/1.4/commons-text-1.4.jar:/home/user/.m2/repository/org/slf4j/slf4j-api/1.7.25/slf4j-api-1.7.25.jar:/home/user/.m2/repository/org/slf4j/slf4j-log4j12/1.7.25/slf4j-log4j12-1.7.25.jar:/home/user/.m2/repository/org/apache/avro/avro/1.7.7/avro-1.7.7.jar:/home/user/.m2/repository/com/thoughtworks/paranamer/paranamer/2.3/paranamer-2.3.jar:/home/user/.m2/repository/org/xerial/snappy/snappy-java/1.0.5/snappy-java-1.0.5.jar:/home/user/.m2/repository/com/google/re2j/re2j/1.1/re2j-1.1.jar:/home/user/.m2/repository/com/google/code/gson/gson/2.2.4/gson-2.2.4.jar:/home/user/.m2/repository/org/apache/hadoop/hadoop-auth/3.2.0/hadoop-auth-3.2.0.jar:/home/user/.m2/repository/com/nimbusds/nimbus-jose-jwt/4.41.1/nimbus-jose-jwt-4.41.1.jar:/home/user/.m2/repository/com/github/stephenc/jcip/jcip-annotations/1.0-1/jcip-annotations-1.0-1.jar:/home/user/.m2/repository/net/minidev/json-smart/2.3/json-smart-2.3.jar:/home/user/.m2/repository/net/minidev/accessors-smart/1.2/accessors-smart-1.2.jar:/home/user/.m2/repository/org/apache/curator/curator-framework/2.12.0/curator-framework-2.12.0.jar:/home/user/.m2/repository/com/jcraft/jsch/0.1.54/jsch-0.1.54.jar:/home/user/.m2/repository/org/apache/curator/curator-client/2.12.0/curator-client-2.12.0.jar:/home/user/.m2/repository/org/apache/curator/curator-recipes/2.12.0/curator-recipes-2.12.0.jar:/home/user/.m2/repository/com/google/code/findbugs/jsr305/3.0.0/jsr305-3.0.0.jar:/home/user/.m2/repository/org/apache/htrace/htrace-core4/4.1.0-incubating/htrace-core4-4.1.0-incubating.jar:/home/user/.m2/repository/org/apache/zookeeper/zookeeper/3.4.13/zookeeper-3.4.13.jar:/home/user/.m2/repository/jline/jline/0.9.94/jline-0.9.94.jar:/home/user/.m2/repository/org/apache/yetus/audience-annotations/0.5.0/audience-annotations-0.5.0.jar:/home/user/.m2/repository/org/apache/kerby/kerb-simplekdc/1.0.1/kerb-simplekdc-1.0.1.jar:/home/user/.m2/repository/org/apache/kerby/kerb-client/1.0.1/kerb-client-1.0.1.jar:/home/user/.m2/repository/org/apache/kerby/kerby-config/1.0.1/kerby-config-1.0.1.jar:/home/user/.m2/repository/org/apache/kerby/kerb-core/1.0.1/kerb-core-1.0.1.jar:/home/user/.m2/repository/org/apache/kerby/kerby-pkix/1.0.1/kerby-pkix-1.0.1.jar:/home/user/.m2/repository/org/apache/kerby/kerby-asn1/1.0.1/kerby-asn1-1.0.1.jar:/home/user/.m2/repository/org/apache/kerby/kerby-util/1.0.1/kerby-util-1.0.1.jar:/home/user/.m2/repository/org/apache/kerby/kerb-common/1.0.1/kerb-common-1.0.1.jar:/home/user/.m2/repository/org/apache/kerby/kerb-crypto/1.0.1/kerb-crypto-1.0.1.jar:/home/user/.m2/repository/org/apache/kerby/kerb-util/1.0.1/kerb-util-1.0.1.jar:/home/user/.m2/repository/org/apache/kerby/token-provider/1.0.1/token-provider-1.0.1.jar:/home/user/.m2/repository/org/apache/kerby/kerb-admin/1.0.1/kerb-admin-1.0.1.jar:/home/user/.m2/repository/org/apache/kerby/kerb-server/1.0.1/kerb-server-1.0.1.jar:/home/user/.m2/repository/org/apache/kerby/kerb-identity/1.0.1/kerb-identity-1.0.1.jar:/home/user/.m2/repository/org/apache/kerby/kerby-xdr/1.0.1/kerby-xdr-1.0.1.jar:/home/user/.m2/repository/com/fasterxml/jackson/core/jackson-databind/2.9.9/jackson-databind-2.9.9.jar:/home/user/.m2/repository/com/fasterxml/jackson/core/jackson-core/2.9.9/jackson-core-2.9.9.jar:/home/user/.m2/repository/org/codehaus/woodstox/stax2-api/3.1.4/stax2-api-3.1.4.jar:/home/user/.m2/repository/com/fasterxml/woodstox/woodstox-core/5.0.3/woodstox-core-5.0.3.jar:/home/user/.m2/repository/dnsjava/dnsjava/2.1.7/dnsjava-2.1.7.jar:/home/user/.m2/repository/org/apache/hadoop/hadoop-hdfs/3.2.0/hadoop-hdfs-3.2.0.jar:/home/user/.m2/repository/org/eclipse/jetty/jetty-util-ajax/9.3.25.v20180904/jetty-util-ajax-9.3.25.v20180904.jar:/home/user/.m2/repository/commons-daemon/commons-daemon/1.0.13/commons-daemon-1.0.13.jar:/home/user/.m2/repository/io/netty/netty/3.10.5.Final/netty-3.10.5.Final.jar:/home/user/.m2/repository/io/netty/netty-all/4.0.52.Final/netty-all-4.0.52.Final.jar:/home/user/.m2/repository/org/fusesource/leveldbjni/leveldbjni-all/1.8/leveldbjni-all-1.8.jar:/home/user/.m2/repository/com/sun/xml/bind/jaxb-core/2.3.0.1/jaxb-core-2.3.0.1.jar:/home/user/.m2/repository/javax/xml/bind/jaxb-api/2.3.0/jaxb-api-2.3.0.jar:/home/user/.m2/repository/javax/activation/activation/1.1.1/activation-1.1.1.jar:/home/user/.m2/repository/org/openjdk/jmh/jmh-core/1.19/jmh-core-1.19.jar:/home/user/.m2/repository/net/sf/jopt-simple/jopt-simple/4.6/jopt-simple-4.6.jar:/home/user/.m2/repository/org/openjdk/jmh/jmh-generator-annprocess/1.19/jmh-generator-annprocess-1.19.jar:/home/user/.m2/repository/io/dropwizard/metrics/metrics-core/3.2.4/metrics-core-3.2.4.jar:/home/user/.m2/repository/com/amazonaws/aws-java-sdk-s3/1.11.615/aws-java-sdk-s3-1.11.615.jar:/home/user/.m2/repository/com/amazonaws/aws-java-sdk-kms/1.11.615/aws-java-sdk-kms-1.11.615.jar:/home/user/.m2/repository/com/amazonaws/aws-java-sdk-core/1.11.615/aws-java-sdk-core-1.11.615.jar:/home/user/.m2/repository/software/amazon/ion/ion-java/1.0.2/ion-java-1.0.2.jar:/home/user/.m2/repository/com/fasterxml/jackson/dataformat/jackson-dataformat-cbor/2.9.9/jackson-dataformat-cbor-2.9.9.jar:/home/user/.m2/repository/joda-time/joda-time/2.9.9/joda-time-2.9.9.jar:/home/user/.m2/repository/com/amazonaws/jmespath-java/1.11.615/jmespath-java-1.11.615.jar:/home/user/.m2/repository/com/github/spotbugs/spotbugs/3.1.12/spotbugs-3.1.12.jar:/home/user/.m2/repository/org/ow2/asm/asm/5.0.4/asm-5.0.4.jar:/home/user/.m2/repository/org/ow2/asm/asm-analysis/7.0/asm-analysis-7.0.jar:/home/user/.m2/repository/org/ow2/asm/asm-commons/7.0/asm-commons-7.0.jar:/home/user/.m2/repository/org/ow2/asm/asm-tree/7.0/asm-tree-7.0.jar:/home/user/.m2/repository/org/ow2/asm/asm-util/7.0/asm-util-7.0.jar:/home/user/.m2/repository/org/apache/bcel/bcel/6.3/bcel-6.3.jar:/home/user/.m2/repository/net/jcip/jcip-annotations/1.0/jcip-annotations-1.0.jar:/home/user/.m2/repository/org/dom4j/dom4j/2.1.1/dom4j-2.1.1.jar:/home/user/.m2/repository/jaxen/jaxen/1.1.6/jaxen-1.1.6.jar:/home/user/.m2/repository/commons-lang/commons-lang/2.6/commons-lang-2.6.jar:/home/user/.m2/repository/com/github/spotbugs/spotbugs-annotations/3.1.12/spotbugs-annotations-3.1.12.jar:/home/user/.m2/repository/junit/junit/4.11/junit-4.11.jar:/home/user/.m2/repository/org/hamcrest/hamcrest-core/1.3/hamcrest-core-1.3.jar:/home/user/.m2/repository/org/apache/hadoop/hadoop-common/3.2.0/hadoop-common-3.2.0-tests.jar:/workdir/hadoop-ozone/integration-test/target/test-classes:/home/user/.m2/repository/org/apache/hadoop/hadoop-ozone-s3gateway/0.5.0-SNAPSHOT/hadoop-ozone-s3gateway-0.5.0-SNAPSHOT.jar:/home/user/.m2/repository/org/jboss/weld/servlet/weld-servlet/2.4.7.Final/weld-servlet-2.4.7.Final.jar:/home/user/.m2/repository/org/glassfish/jersey/containers/jersey-container-servlet-core/2.27/jersey-container-servlet-core-2.27.jar:/home/user/.m2/repository/org/glassfish/hk2/external/javax.inject/2.5.0-b42/javax.inject-2.5.0-b42.jar:/home/user/.m2/repository/org/glassfish/jersey/core/jersey-common/2.27/jersey-common-2.27.jar:/home/user/.m2/repository/org/glassfish/hk2/osgi-resource-locator/1.0.1/osgi-resource-locator-1.0.1.jar:/home/user/.m2/repository/javax/ws/rs/javax.ws.rs-api/2.1/javax.ws.rs-api-2.1.jar:/home/user/.m2/repository/org/glassfish/jersey/ext/cdi/jersey-cdi1x/2.27/jersey-cdi1x-2.27.jar:/home/user/.m2/repository/org/glassfish/jersey/inject/jersey-hk2/2.27/jersey-hk2-2.27.jar:/home/user/.m2/repository/org/glassfish/hk2/hk2-locator/2.5.0-b42/hk2-locator-2.5.0-b42.jar:/home/user/.m2/repository/org/javassist/javassist/3.22.0-CR2/javassist-3.22.0-CR2.jar:/home/user/.m2/repository/org/glassfish/hk2/hk2-api/2.5.0/hk2-api-2.5.0.jar:/home/user/.m2/repository/org/glassfish/hk2/external/jakarta.inject/2.5.0/jakarta.inject-2.5.0.jar:/home/user/.m2/repository/org/glassfish/hk2/hk2-utils/2.5.0/hk2-utils-2.5.0.jar:/home/user/.m2/repository/jakarta/annotation/jakarta.annotation-api/1.3.4/jakarta.annotation-api-1.3.4.jar:/home/user/.m2/repository/org/glassfish/hk2/external/aopalliance-repackaged/2.5.0/aopalliance-repackaged-2.5.0.jar:/home/user/.m2/repository/com/fasterxml/jackson/dataformat/jackson-dataformat-xml/2.9.0/jackson-dataformat-xml-2.9.0.jar:/home/user/.m2/repository/com/fasterxml/jackson/module/jackson-module-jaxb-annotations/2.9.9/jackson-module-jaxb-annotations-2.9.9.jar:/home/user/.m2/repository/javax/enterprise/cdi-api/1.2/cdi-api-1.2.jar:/home/user/.m2/repository/javax/el/javax.el-api/3.0.0/javax.el-api-3.0.0.jar:/home/user/.m2/repository/javax/interceptor/javax.interceptor-api/1.2/javax.interceptor-api-1.2.jar:/home/user/.m2/repository/javax/inject/javax.inject/1/javax.inject-1.jar:/home/user/.m2/repository/org/apache/hadoop/hadoop-ozone-csi/0.5.0-SNAPSHOT/hadoop-ozone-csi-0.5.0-SNAPSHOT.jar:/home/user/.m2/repository/com/google/protobuf/protobuf-java-util/3.5.1/protobuf-java-util-3.5.1.jar:/home/user/.m2/repository/io/grpc/grpc-netty/1.17.1/grpc-netty-1.17.1.jar:/home/user/.m2/repository/io/grpc/grpc-core/1.17.1/grpc-core-1.17.1.jar:/home/user/.m2/repository/io/grpc/grpc-context/1.17.1/grpc-context-1.17.1.jar:/home/user/.m2/repository/com/google/errorprone/error_prone_annotations/2.2.0/error_prone_annotations-2.2.0.jar:/home/user/.m2/repository/org/codehaus/mojo/animal-sniffer-annotations/1.17/animal-sniffer-annotations-1.17.jar:/home/user/.m2/repository/io/opencensus/opencensus-api/0.17.0/opencensus-api-0.17.0.jar:/home/user/.m2/repository/io/opencensus/opencensus-contrib-grpc-metrics/0.17.0/opencensus-contrib-grpc-metrics-0.17.0.jar:/home/user/.m2/repository/io/netty/netty-codec-http2/4.1.30.Final/netty-codec-http2-4.1.30.Final.jar:/home/user/.m2/repository/io/netty/netty-codec-http/4.1.30.Final/netty-codec-http-4.1.30.Final.jar:/home/user/.m2/repository/io/netty/netty-codec/4.1.30.Final/netty-codec-4.1.30.Final.jar:/home/user/.m2/repository/io/netty/netty-handler/4.1.30.Final/netty-handler-4.1.30.Final.jar:/home/user/.m2/repository/io/netty/netty-handler-proxy/4.1.30.Final/netty-handler-proxy-4.1.30.Final.jar:/home/user/.m2/repository/io/netty/netty-codec-socks/4.1.30.Final/netty-codec-socks-4.1.30.Final.jar:/home/user/.m2/repository/io/netty/netty-transport-native-epoll/4.1.30.Final/netty-transport-native-epoll-4.1.30.Final.jar:/home/user/.m2/repository/io/netty/netty-common/4.1.30.Final/netty-common-4.1.30.Final.jar:/home/user/.m2/repository/io/netty/netty-buffer/4.1.30.Final/netty-buffer-4.1.30.Final.jar:/home/user/.m2/repository/io/netty/netty-transport/4.1.30.Final/netty-transport-4.1.30.Final.jar:/home/user/.m2/repository/io/netty/netty-resolver/4.1.30.Final/netty-resolver-4.1.30.Final.jar:/home/user/.m2/repository/io/netty/netty-transport-native-unix-common/4.1.30.Final/netty-transport-native-unix-common-4.1.30.Final.jar:/home/user/.m2/repository/io/grpc/grpc-protobuf/1.17.1/grpc-protobuf-1.17.1.jar:/home/user/.m2/repository/com/google/api/grpc/proto-google-common-protos/1.0.0/proto-google-common-protos-1.0.0.jar:/home/user/.m2/repository/io/grpc/grpc-protobuf-lite/1.17.1/grpc-protobuf-lite-1.17.1.jar:/home/user/.m2/repository/io/grpc/grpc-stub/1.17.1/grpc-stub-1.17.1.jar:/home/user/.m2/repository/org/apache/hadoop/hadoop-ozone-recon/0.5.0-SNAPSHOT/hadoop-ozone-recon-0.5.0-SNAPSHOT.jar:/home/user/.m2/repository/org/apache/hadoop/hadoop-ozone-reconcodegen/0.5.0-SNAPSHOT/hadoop-ozone-reconcodegen-0.5.0-SNAPSHOT.jar:/home/user/.m2/repository/com/google/inject/extensions/guice-multibindings/4.0/guice-multibindings-4.0.jar:/home/user/.m2/repository/com/google/inject/guice/4.0/guice-4.0.jar:/home/user/.m2/repository/aopalliance/aopalliance/1.0/aopalliance-1.0.jar:/home/user/.m2/repository/com/google/inject/extensions/guice-servlet/4.0/guice-servlet-4.0.jar:/home/user/.m2/repository/org/glassfish/jersey/containers/jersey-container-servlet/2.27/jersey-container-servlet-2.27.jar:/home/user/.m2/repository/org/glassfish/hk2/guice-bridge/2.5.0/guice-bridge-2.5.0.jar:/home/user/.m2/repository/org/glassfish/jersey/core/jersey-server/2.27/jersey-server-2.27.jar:/home/user/.m2/repository/org/glassfish/jersey/core/jersey-client/2.27/jersey-client-2.27.jar:/home/user/.m2/repository/org/glassfish/jersey/media/jersey-media-jaxb/2.27/jersey-media-jaxb-2.27.jar:/home/user/.m2/repository/javax/validation/validation-api/1.1.0.Final/validation-api-1.1.0.Final.jar:/home/user/.m2/repository/org/glassfish/jersey/media/jersey-media-json-jackson/2.27/jersey-media-json-jackson-2.27.jar:/home/user/.m2/repository/org/glassfish/jersey/ext/jersey-entity-filtering/2.27/jersey-entity-filtering-2.27.jar:/home/user/.m2/repository/com/google/inject/extensions/guice-assistedinject/4.0/guice-assistedinject-4.0.jar:/home/user/.m2/repository/org/jooq/jooq/3.11.10/jooq-3.11.10.jar:/home/user/.m2/repository/org/jooq/jooq-meta/3.11.10/jooq-meta-3.11.10.jar:/home/user/.m2/repository/org/jooq/jooq-codegen/3.11.10/jooq-codegen-3.11.10.jar:/home/user/.m2/repository/com/jolbox/bonecp/0.8.0.RELEASE/bonecp-0.8.0.RELEASE.jar:/home/user/.m2/repository/org/springframework/spring-jdbc/5.1.3.RELEASE/spring-jdbc-5.1.3.RELEASE.jar:/home/user/.m2/repository/org/springframework/spring-beans/5.1.3.RELEASE/spring-beans-5.1.3.RELEASE.jar:/home/user/.m2/repository/org/springframework/spring-core/5.1.3.RELEASE/spring-core-5.1.3.RELEASE.jar:/home/user/.m2/repository/org/springframework/spring-jcl/5.1.3.RELEASE/spring-jcl-5.1.3.RELEASE.jar:/home/user/.m2/repository/org/springframework/spring-tx/5.1.3.RELEASE/spring-tx-5.1.3.RELEASE.jar:/home/user/.m2/repository/org/mockito/mockito-core/2.15.0/mockito-core-2.15.0.jar:/home/user/.m2/repository/net/bytebuddy/byte-buddy/1.7.9/byte-buddy-1.7.9.jar:/home/user/.m2/repository/net/bytebuddy/byte-buddy-agent/1.7.9/byte-buddy-agent-1.7.9.jar:/home/user/.m2/repository/org/objenesis/objenesis/1.0/objenesis-1.0.jar:"/>
    <property name="java.vm.vendor" value="Oracle Corporation"/>
    <property name="sun.arch.data.model" value="64"/>
    <property name="test.build.dir" value="/workdir/hadoop-ozone/tools/target/test-dir"/>
    <property name="test.cache.data" value=""/>
    <property name="java.vendor.url" value="http://java.oracle.com/"/>
    <property name="user.timezone" value=""/>
    <property name="java.vm.specification.version" value="1.8"/>
    <property name="os.name" value="Linux"/>
    <property name="test.build.data" value="/workdir/hadoop-ozone/tools/target/test-dir"/>
    <property name="user.country" value="US"/>
    <property name="sun.java.launcher" value="SUN_STANDARD"/>
    <property name="sun.boot.library.path" value="/usr/lib/jvm/java-1.8.0-openjdk-1.8.0.222.b10-1.el7_7.x86_64/jre/lib/amd64"/>
    <property name="sun.java.command" value="/workdir/hadoop-ozone/tools/target/surefire/surefirebooter6149419341465204747.jar /workdir/hadoop-ozone/tools/target/surefire 2019-11-18T18-58-17_236-jvmRun1 surefire96089329627449036tmp surefire_977045502348470012807tmp"/>
    <property name="surefire.test.class.path" value="/workdir/hadoop-ozone/tools/target/test-classes:/workdir/hadoop-ozone/tools/target/classes:/home/user/.m2/repository/org/apache/hadoop/hadoop-ozone-ozone-manager/0.5.0-SNAPSHOT/hadoop-ozone-ozone-manager-0.5.0-SNAPSHOT.jar:/home/user/.m2/repository/org/apache/hadoop/hadoop-hdds-docs/0.5.0-SNAPSHOT/hadoop-hdds-docs-0.5.0-SNAPSHOT.jar:/home/user/.m2/repository/org/bouncycastle/bcprov-jdk15on/1.60/bcprov-jdk15on-1.60.jar:/home/user/.m2/repository/org/apache/hadoop/hadoop-ozone-common/0.5.0-SNAPSHOT/hadoop-ozone-common-0.5.0-SNAPSHOT.jar:/home/user/.m2/repository/org/apache/commons/commons-compress/1.4.1/commons-compress-1.4.1.jar:/home/user/.m2/repository/org/tukaani/xz/1.0/xz-1.0.jar:/home/user/.m2/repository/org/apache/hadoop/hadoop-hdfs-client/3.2.0/hadoop-hdfs-client-3.2.0.jar:/home/user/.m2/repository/com/fasterxml/jackson/core/jackson-annotations/2.9.9/jackson-annotations-2.9.9.jar:/home/user/.m2/repository/org/apache/hadoop/hadoop-hdds-common/0.5.0-SNAPSHOT/hadoop-hdds-common-0.5.0-SNAPSHOT.jar:/home/user/.m2/repository/org/apache/hadoop/hadoop-hdds-config/0.5.0-SNAPSHOT/hadoop-hdds-config-0.5.0-SNAPSHOT.jar:/home/user/.m2/repository/javax/annotation/javax.annotation-api/1.2/javax.annotation-api-1.2.jar:/home/user/.m2/repository/org/apache/ratis/ratis-server/0.5.0-d6d58d0-SNAPSHOT/ratis-server-0.5.0-d6d58d0-SNAPSHOT.jar:/home/user/.m2/repository/org/apache/ratis/ratis-thirdparty-misc/0.2.0/ratis-thirdparty-misc-0.2.0.jar:/home/user/.m2/repository/org/apache/ratis/ratis-proto/0.5.0-d6d58d0-SNAPSHOT/ratis-proto-0.5.0-d6d58d0-SNAPSHOT.jar:/home/user/.m2/repository/org/apache/ratis/ratis-common/0.5.0-d6d58d0-SNAPSHOT/ratis-common-0.5.0-d6d58d0-SNAPSHOT.jar:/home/user/.m2/repository/org/apache/ratis/ratis-client/0.5.0-d6d58d0-SNAPSHOT/ratis-client-0.5.0-d6d58d0-SNAPSHOT.jar:/home/user/.m2/repository/org/apache/ratis/ratis-metrics/0.5.0-d6d58d0-SNAPSHOT/ratis-metrics-0.5.0-d6d58d0-SNAPSHOT.jar:/home/user/.m2/repository/org/apache/ratis/ratis-netty/0.5.0-d6d58d0-SNAPSHOT/ratis-netty-0.5.0-d6d58d0-SNAPSHOT.jar:/home/user/.m2/repository/org/apache/ratis/ratis-grpc/0.5.0-d6d58d0-SNAPSHOT/ratis-grpc-0.5.0-d6d58d0-SNAPSHOT.jar:/home/user/.m2/repository/org/rocksdb/rocksdbjni/6.0.1/rocksdbjni-6.0.1.jar:/home/user/.m2/repository/org/apache/logging/log4j/log4j-api/2.11.0/log4j-api-2.11.0.jar:/home/user/.m2/repository/org/apache/logging/log4j/log4j-core/2.11.0/log4j-core-2.11.0.jar:/home/user/.m2/repository/com/lmax/disruptor/3.4.2/disruptor-3.4.2.jar:/home/user/.m2/repository/org/apache/commons/commons-pool2/2.6.0/commons-pool2-2.6.0.jar:/home/user/.m2/repository/org/bouncycastle/bcpkix-jdk15on/1.60/bcpkix-jdk15on-1.60.jar:/home/user/.m2/repository/commons-validator/commons-validator/1.6/commons-validator-1.6.jar:/home/user/.m2/repository/commons-digester/commons-digester/1.8.1/commons-digester-1.8.1.jar:/home/user/.m2/repository/io/jaegertracing/jaeger-client/0.34.0/jaeger-client-0.34.0.jar:/home/user/.m2/repository/io/jaegertracing/jaeger-thrift/0.34.0/jaeger-thrift-0.34.0.jar:/home/user/.m2/repository/org/apache/thrift/libthrift/0.12.0/libthrift-0.12.0.jar:/home/user/.m2/repository/com/squareup/okhttp3/okhttp/3.9.0/okhttp-3.9.0.jar:/home/user/.m2/repository/com/squareup/okio/okio/1.13.0/okio-1.13.0.jar:/home/user/.m2/repository/io/jaegertracing/jaeger-core/0.34.0/jaeger-core-0.34.0.jar:/home/user/.m2/repository/io/jaegertracing/jaeger-tracerresolver/0.34.0/jaeger-tracerresolver-0.34.0.jar:/home/user/.m2/repository/io/opentracing/contrib/opentracing-tracerresolver/0.1.5/opentracing-tracerresolver-0.1.5.jar:/home/user/.m2/repository/io/opentracing/opentracing-util/0.31.0/opentracing-util-0.31.0.jar:/home/user/.m2/repository/io/opentracing/opentracing-api/0.31.0/opentracing-api-0.31.0.jar:/home/user/.m2/repository/io/opentracing/opentracing-noop/0.31.0/opentracing-noop-0.31.0.jar:/home/user/.m2/repository/org/yaml/snakeyaml/1.16/snakeyaml-1.16.jar:/home/user/.m2/repository/org/apache/hadoop/hadoop-hdds-container-service/0.5.0-SNAPSHOT/hadoop-hdds-container-service-0.5.0-SNAPSHOT.jar:/home/user/.m2/repository/org/apache/hadoop/hadoop-hdds-client/0.5.0-SNAPSHOT/hadoop-hdds-client-0.5.0-SNAPSHOT.jar:/home/user/.m2/repository/org/apache/hadoop/hadoop-hdds-tools/0.5.0-SNAPSHOT/hadoop-hdds-tools-0.5.0-SNAPSHOT.jar:/home/user/.m2/repository/org/xerial/sqlite-jdbc/3.25.2/sqlite-jdbc-3.25.2.jar:/home/user/.m2/repository/org/apache/hadoop/hadoop-hdds-server-scm/0.5.0-SNAPSHOT/hadoop-hdds-server-scm-0.5.0-SNAPSHOT.jar:/home/user/.m2/repository/org/hamcrest/hamcrest-all/1.3/hamcrest-all-1.3.jar:/home/user/.m2/repository/info/picocli/picocli/3.9.6/picocli-3.9.6.jar:/home/user/.m2/repository/com/google/protobuf/protobuf-java/2.5.0/protobuf-java-2.5.0.jar:/home/user/.m2/repository/com/google/guava/guava/11.0.2/guava-11.0.2.jar:/home/user/.m2/repository/org/apache/hadoop/hadoop-ozone-client/0.5.0-SNAPSHOT/hadoop-ozone-client-0.5.0-SNAPSHOT.jar:/workdir/hadoop-ozone/ozonefs/target/classes:/home/user/.m2/repository/org/apache/httpcomponents/httpclient/4.5.2/httpclient-4.5.2.jar:/home/user/.m2/repository/org/apache/httpcomponents/httpcore/4.4.4/httpcore-4.4.4.jar:/home/user/.m2/repository/org/apache/hadoop/hadoop-hdds-server-framework/0.5.0-SNAPSHOT/hadoop-hdds-server-framework-0.5.0-SNAPSHOT.jar:/home/user/.m2/repository/org/apache/hadoop/hadoop-common/3.2.0/hadoop-common-3.2.0.jar:/home/user/.m2/repository/org/apache/hadoop/hadoop-annotations/3.2.0/hadoop-annotations-3.2.0.jar:/usr/lib/jvm/java-1.8.0-openjdk-1.8.0.222.b10-1.el7_7.x86_64/jre/../lib/tools.jar:/home/user/.m2/repository/commons-cli/commons-cli/1.2/commons-cli-1.2.jar:/home/user/.m2/repository/org/apache/commons/commons-math3/3.1.1/commons-math3-3.1.1.jar:/home/user/.m2/repository/commons-codec/commons-codec/1.11/commons-codec-1.11.jar:/home/user/.m2/repository/commons-io/commons-io/2.5/commons-io-2.5.jar:/home/user/.m2/repository/commons-net/commons-net/3.6/commons-net-3.6.jar:/home/user/.m2/repository/commons-collections/commons-collections/3.2.2/commons-collections-3.2.2.jar:/home/user/.m2/repository/javax/servlet/javax.servlet-api/3.1.0/javax.servlet-api-3.1.0.jar:/home/user/.m2/repository/org/eclipse/jetty/jetty-server/9.3.25.v20180904/jetty-server-9.3.25.v20180904.jar:/home/user/.m2/repository/org/eclipse/jetty/jetty-http/9.3.25.v20180904/jetty-http-9.3.25.v20180904.jar:/home/user/.m2/repository/org/eclipse/jetty/jetty-io/9.3.25.v20180904/jetty-io-9.3.25.v20180904.jar:/home/user/.m2/repository/org/eclipse/jetty/jetty-util/9.3.25.v20180904/jetty-util-9.3.25.v20180904.jar:/home/user/.m2/repository/org/eclipse/jetty/jetty-servlet/9.3.25.v20180904/jetty-servlet-9.3.25.v20180904.jar:/home/user/.m2/repository/org/eclipse/jetty/jetty-security/9.3.25.v20180904/jetty-security-9.3.25.v20180904.jar:/home/user/.m2/repository/org/eclipse/jetty/jetty-webapp/9.3.25.v20180904/jetty-webapp-9.3.25.v20180904.jar:/home/user/.m2/repository/org/eclipse/jetty/jetty-xml/9.3.25.v20180904/jetty-xml-9.3.25.v20180904.jar:/home/user/.m2/repository/javax/servlet/jsp/jsp-api/2.1/jsp-api-2.1.jar:/home/user/.m2/repository/com/sun/jersey/jersey-core/1.19/jersey-core-1.19.jar:/home/user/.m2/repository/javax/ws/rs/jsr311-api/1.1.1/jsr311-api-1.1.1.jar:/home/user/.m2/repository/com/sun/jersey/jersey-servlet/1.19/jersey-servlet-1.19.jar:/home/user/.m2/repository/com/sun/jersey/jersey-json/1.19/jersey-json-1.19.jar:/home/user/.m2/repository/org/codehaus/jettison/jettison/1.1/jettison-1.1.jar:/home/user/.m2/repository/com/sun/xml/bind/jaxb-impl/2.3.0.1/jaxb-impl-2.3.0.1.jar:/home/user/.m2/repository/org/codehaus/jackson/jackson-core-asl/1.9.13/jackson-core-asl-1.9.13.jar:/home/user/.m2/repository/org/codehaus/jackson/jackson-mapper-asl/1.9.13/jackson-mapper-asl-1.9.13.jar:/home/user/.m2/repository/org/codehaus/jackson/jackson-jaxrs/1.9.13/jackson-jaxrs-1.9.13.jar:/home/user/.m2/repository/org/codehaus/jackson/jackson-xc/1.9.13/jackson-xc-1.9.13.jar:/home/user/.m2/repository/com/sun/jersey/jersey-server/1.19/jersey-server-1.19.jar:/home/user/.m2/repository/commons-logging/commons-logging/1.1.3/commons-logging-1.1.3.jar:/home/user/.m2/repository/log4j/log4j/1.2.17/log4j-1.2.17.jar:/home/user/.m2/repository/commons-beanutils/commons-beanutils/1.9.4/commons-beanutils-1.9.4.jar:/home/user/.m2/repository/org/apache/commons/commons-configuration2/2.1.1/commons-configuration2-2.1.1.jar:/home/user/.m2/repository/org/apache/commons/commons-lang3/3.7/commons-lang3-3.7.jar:/home/user/.m2/repository/org/apache/commons/commons-text/1.4/commons-text-1.4.jar:/home/user/.m2/repository/org/slf4j/slf4j-api/1.7.25/slf4j-api-1.7.25.jar:/home/user/.m2/repository/org/slf4j/slf4j-log4j12/1.7.25/slf4j-log4j12-1.7.25.jar:/home/user/.m2/repository/org/apache/avro/avro/1.7.7/avro-1.7.7.jar:/home/user/.m2/repository/com/thoughtworks/paranamer/paranamer/2.3/paranamer-2.3.jar:/home/user/.m2/repository/org/xerial/snappy/snappy-java/1.0.5/snappy-java-1.0.5.jar:/home/user/.m2/repository/com/google/re2j/re2j/1.1/re2j-1.1.jar:/home/user/.m2/repository/com/google/code/gson/gson/2.2.4/gson-2.2.4.jar:/home/user/.m2/repository/org/apache/hadoop/hadoop-auth/3.2.0/hadoop-auth-3.2.0.jar:/home/user/.m2/repository/com/nimbusds/nimbus-jose-jwt/4.41.1/nimbus-jose-jwt-4.41.1.jar:/home/user/.m2/repository/com/github/stephenc/jcip/jcip-annotations/1.0-1/jcip-annotations-1.0-1.jar:/home/user/.m2/repository/net/minidev/json-smart/2.3/json-smart-2.3.jar:/home/user/.m2/repository/net/minidev/accessors-smart/1.2/accessors-smart-1.2.jar:/home/user/.m2/repository/org/apache/curator/curator-framework/2.12.0/curator-framework-2.12.0.jar:/home/user/.m2/repository/com/jcraft/jsch/0.1.54/jsch-0.1.54.jar:/home/user/.m2/repository/org/apache/curator/curator-client/2.12.0/curator-client-2.12.0.jar:/home/user/.m2/repository/org/apache/curator/curator-recipes/2.12.0/curator-recipes-2.12.0.jar:/home/user/.m2/repository/com/google/code/findbugs/jsr305/3.0.0/jsr305-3.0.0.jar:/home/user/.m2/repository/org/apache/htrace/htrace-core4/4.1.0-incubating/htrace-core4-4.1.0-incubating.jar:/home/user/.m2/repository/org/apache/zookeeper/zookeeper/3.4.13/zookeeper-3.4.13.jar:/home/user/.m2/repository/jline/jline/0.9.94/jline-0.9.94.jar:/home/user/.m2/repository/org/apache/yetus/audience-annotations/0.5.0/audience-annotations-0.5.0.jar:/home/user/.m2/repository/org/apache/kerby/kerb-simplekdc/1.0.1/kerb-simplekdc-1.0.1.jar:/home/user/.m2/repository/org/apache/kerby/kerb-client/1.0.1/kerb-client-1.0.1.jar:/home/user/.m2/repository/org/apache/kerby/kerby-config/1.0.1/kerby-config-1.0.1.jar:/home/user/.m2/repository/org/apache/kerby/kerb-core/1.0.1/kerb-core-1.0.1.jar:/home/user/.m2/repository/org/apache/kerby/kerby-pkix/1.0.1/kerby-pkix-1.0.1.jar:/home/user/.m2/repository/org/apache/kerby/kerby-asn1/1.0.1/kerby-asn1-1.0.1.jar:/home/user/.m2/repository/org/apache/kerby/kerby-util/1.0.1/kerby-util-1.0.1.jar:/home/user/.m2/repository/org/apache/kerby/kerb-common/1.0.1/kerb-common-1.0.1.jar:/home/user/.m2/repository/org/apache/kerby/kerb-crypto/1.0.1/kerb-crypto-1.0.1.jar:/home/user/.m2/repository/org/apache/kerby/kerb-util/1.0.1/kerb-util-1.0.1.jar:/home/user/.m2/repository/org/apache/kerby/token-provider/1.0.1/token-provider-1.0.1.jar:/home/user/.m2/repository/org/apache/kerby/kerb-admin/1.0.1/kerb-admin-1.0.1.jar:/home/user/.m2/repository/org/apache/kerby/kerb-server/1.0.1/kerb-server-1.0.1.jar:/home/user/.m2/repository/org/apache/kerby/kerb-identity/1.0.1/kerb-identity-1.0.1.jar:/home/user/.m2/repository/org/apache/kerby/kerby-xdr/1.0.1/kerby-xdr-1.0.1.jar:/home/user/.m2/repository/com/fasterxml/jackson/core/jackson-databind/2.9.9/jackson-databind-2.9.9.jar:/home/user/.m2/repository/com/fasterxml/jackson/core/jackson-core/2.9.9/jackson-core-2.9.9.jar:/home/user/.m2/repository/org/codehaus/woodstox/stax2-api/3.1.4/stax2-api-3.1.4.jar:/home/user/.m2/repository/com/fasterxml/woodstox/woodstox-core/5.0.3/woodstox-core-5.0.3.jar:/home/user/.m2/repository/dnsjava/dnsjava/2.1.7/dnsjava-2.1.7.jar:/home/user/.m2/repository/org/apache/hadoop/hadoop-hdfs/3.2.0/hadoop-hdfs-3.2.0.jar:/home/user/.m2/repository/org/eclipse/jetty/jetty-util-ajax/9.3.25.v20180904/jetty-util-ajax-9.3.25.v20180904.jar:/home/user/.m2/repository/commons-daemon/commons-daemon/1.0.13/commons-daemon-1.0.13.jar:/home/user/.m2/repository/io/netty/netty/3.10.5.Final/netty-3.10.5.Final.jar:/home/user/.m2/repository/io/netty/netty-all/4.0.52.Final/netty-all-4.0.52.Final.jar:/home/user/.m2/repository/org/fusesource/leveldbjni/leveldbjni-all/1.8/leveldbjni-all-1.8.jar:/home/user/.m2/repository/com/sun/xml/bind/jaxb-core/2.3.0.1/jaxb-core-2.3.0.1.jar:/home/user/.m2/repository/javax/xml/bind/jaxb-api/2.3.0/jaxb-api-2.3.0.jar:/home/user/.m2/repository/javax/activation/activation/1.1.1/activation-1.1.1.jar:/home/user/.m2/repository/org/openjdk/jmh/jmh-core/1.19/jmh-core-1.19.jar:/home/user/.m2/repository/net/sf/jopt-simple/jopt-simple/4.6/jopt-simple-4.6.jar:/home/user/.m2/repository/org/openjdk/jmh/jmh-generator-annprocess/1.19/jmh-generator-annprocess-1.19.jar:/home/user/.m2/repository/io/dropwizard/metrics/metrics-core/3.2.4/metrics-core-3.2.4.jar:/home/user/.m2/repository/com/amazonaws/aws-java-sdk-s3/1.11.615/aws-java-sdk-s3-1.11.615.jar:/home/user/.m2/repository/com/amazonaws/aws-java-sdk-kms/1.11.615/aws-java-sdk-kms-1.11.615.jar:/home/user/.m2/repository/com/amazonaws/aws-java-sdk-core/1.11.615/aws-java-sdk-core-1.11.615.jar:/home/user/.m2/repository/software/amazon/ion/ion-java/1.0.2/ion-java-1.0.2.jar:/home/user/.m2/repository/com/fasterxml/jackson/dataformat/jackson-dataformat-cbor/2.9.9/jackson-dataformat-cbor-2.9.9.jar:/home/user/.m2/repository/joda-time/joda-time/2.9.9/joda-time-2.9.9.jar:/home/user/.m2/repository/com/amazonaws/jmespath-java/1.11.615/jmespath-java-1.11.615.jar:/home/user/.m2/repository/com/github/spotbugs/spotbugs/3.1.12/spotbugs-3.1.12.jar:/home/user/.m2/repository/org/ow2/asm/asm/5.0.4/asm-5.0.4.jar:/home/user/.m2/repository/org/ow2/asm/asm-analysis/7.0/asm-analysis-7.0.jar:/home/user/.m2/repository/org/ow2/asm/asm-commons/7.0/asm-commons-7.0.jar:/home/user/.m2/repository/org/ow2/asm/asm-tree/7.0/asm-tree-7.0.jar:/home/user/.m2/repository/org/ow2/asm/asm-util/7.0/asm-util-7.0.jar:/home/user/.m2/repository/org/apache/bcel/bcel/6.3/bcel-6.3.jar:/home/user/.m2/repository/net/jcip/jcip-annotations/1.0/jcip-annotations-1.0.jar:/home/user/.m2/repository/org/dom4j/dom4j/2.1.1/dom4j-2.1.1.jar:/home/user/.m2/repository/jaxen/jaxen/1.1.6/jaxen-1.1.6.jar:/home/user/.m2/repository/commons-lang/commons-lang/2.6/commons-lang-2.6.jar:/home/user/.m2/repository/com/github/spotbugs/spotbugs-annotations/3.1.12/spotbugs-annotations-3.1.12.jar:/home/user/.m2/repository/junit/junit/4.11/junit-4.11.jar:/home/user/.m2/repository/org/hamcrest/hamcrest-core/1.3/hamcrest-core-1.3.jar:/home/user/.m2/repository/org/apache/hadoop/hadoop-common/3.2.0/hadoop-common-3.2.0-tests.jar:/workdir/hadoop-ozone/integration-test/target/test-classes:/home/user/.m2/repository/org/apache/hadoop/hadoop-ozone-s3gateway/0.5.0-SNAPSHOT/hadoop-ozone-s3gateway-0.5.0-SNAPSHOT.jar:/home/user/.m2/repository/org/jboss/weld/servlet/weld-servlet/2.4.7.Final/weld-servlet-2.4.7.Final.jar:/home/user/.m2/repository/org/glassfish/jersey/containers/jersey-container-servlet-core/2.27/jersey-container-servlet-core-2.27.jar:/home/user/.m2/repository/org/glassfish/hk2/external/javax.inject/2.5.0-b42/javax.inject-2.5.0-b42.jar:/home/user/.m2/repository/org/glassfish/jersey/core/jersey-common/2.27/jersey-common-2.27.jar:/home/user/.m2/repository/org/glassfish/hk2/osgi-resource-locator/1.0.1/osgi-resource-locator-1.0.1.jar:/home/user/.m2/repository/javax/ws/rs/javax.ws.rs-api/2.1/javax.ws.rs-api-2.1.jar:/home/user/.m2/repository/org/glassfish/jersey/ext/cdi/jersey-cdi1x/2.27/jersey-cdi1x-2.27.jar:/home/user/.m2/repository/org/glassfish/jersey/inject/jersey-hk2/2.27/jersey-hk2-2.27.jar:/home/user/.m2/repository/org/glassfish/hk2/hk2-locator/2.5.0-b42/hk2-locator-2.5.0-b42.jar:/home/user/.m2/repository/org/javassist/javassist/3.22.0-CR2/javassist-3.22.0-CR2.jar:/home/user/.m2/repository/org/glassfish/hk2/hk2-api/2.5.0/hk2-api-2.5.0.jar:/home/user/.m2/repository/org/glassfish/hk2/external/jakarta.inject/2.5.0/jakarta.inject-2.5.0.jar:/home/user/.m2/repository/org/glassfish/hk2/hk2-utils/2.5.0/hk2-utils-2.5.0.jar:/home/user/.m2/repository/jakarta/annotation/jakarta.annotation-api/1.3.4/jakarta.annotation-api-1.3.4.jar:/home/user/.m2/repository/org/glassfish/hk2/external/aopalliance-repackaged/2.5.0/aopalliance-repackaged-2.5.0.jar:/home/user/.m2/repository/com/fasterxml/jackson/dataformat/jackson-dataformat-xml/2.9.0/jackson-dataformat-xml-2.9.0.jar:/home/user/.m2/repository/com/fasterxml/jackson/module/jackson-module-jaxb-annotations/2.9.9/jackson-module-jaxb-annotations-2.9.9.jar:/home/user/.m2/repository/javax/enterprise/cdi-api/1.2/cdi-api-1.2.jar:/home/user/.m2/repository/javax/el/javax.el-api/3.0.0/javax.el-api-3.0.0.jar:/home/user/.m2/repository/javax/interceptor/javax.interceptor-api/1.2/javax.interceptor-api-1.2.jar:/home/user/.m2/repository/javax/inject/javax.inject/1/javax.inject-1.jar:/home/user/.m2/repository/org/apache/hadoop/hadoop-ozone-csi/0.5.0-SNAPSHOT/hadoop-ozone-csi-0.5.0-SNAPSHOT.jar:/home/user/.m2/repository/com/google/protobuf/protobuf-java-util/3.5.1/protobuf-java-util-3.5.1.jar:/home/user/.m2/repository/io/grpc/grpc-netty/1.17.1/grpc-netty-1.17.1.jar:/home/user/.m2/repository/io/grpc/grpc-core/1.17.1/grpc-core-1.17.1.jar:/home/user/.m2/repository/io/grpc/grpc-context/1.17.1/grpc-context-1.17.1.jar:/home/user/.m2/repository/com/google/errorprone/error_prone_annotations/2.2.0/error_prone_annotations-2.2.0.jar:/home/user/.m2/repository/org/codehaus/mojo/animal-sniffer-annotations/1.17/animal-sniffer-annotations-1.17.jar:/home/user/.m2/repository/io/opencensus/opencensus-api/0.17.0/opencensus-api-0.17.0.jar:/home/user/.m2/repository/io/opencensus/opencensus-contrib-grpc-metrics/0.17.0/opencensus-contrib-grpc-metrics-0.17.0.jar:/home/user/.m2/repository/io/netty/netty-codec-http2/4.1.30.Final/netty-codec-http2-4.1.30.Final.jar:/home/user/.m2/repository/io/netty/netty-codec-http/4.1.30.Final/netty-codec-http-4.1.30.Final.jar:/home/user/.m2/repository/io/netty/netty-codec/4.1.30.Final/netty-codec-4.1.30.Final.jar:/home/user/.m2/repository/io/netty/netty-handler/4.1.30.Final/netty-handler-4.1.30.Final.jar:/home/user/.m2/repository/io/netty/netty-handler-proxy/4.1.30.Final/netty-handler-proxy-4.1.30.Final.jar:/home/user/.m2/repository/io/netty/netty-codec-socks/4.1.30.Final/netty-codec-socks-4.1.30.Final.jar:/home/user/.m2/repository/io/netty/netty-transport-native-epoll/4.1.30.Final/netty-transport-native-epoll-4.1.30.Final.jar:/home/user/.m2/repository/io/netty/netty-common/4.1.30.Final/netty-common-4.1.30.Final.jar:/home/user/.m2/repository/io/netty/netty-buffer/4.1.30.Final/netty-buffer-4.1.30.Final.jar:/home/user/.m2/repository/io/netty/netty-transport/4.1.30.Final/netty-transport-4.1.30.Final.jar:/home/user/.m2/repository/io/netty/netty-resolver/4.1.30.Final/netty-resolver-4.1.30.Final.jar:/home/user/.m2/repository/io/netty/netty-transport-native-unix-common/4.1.30.Final/netty-transport-native-unix-common-4.1.30.Final.jar:/home/user/.m2/repository/io/grpc/grpc-protobuf/1.17.1/grpc-protobuf-1.17.1.jar:/home/user/.m2/repository/com/google/api/grpc/proto-google-common-protos/1.0.0/proto-google-common-protos-1.0.0.jar:/home/user/.m2/repository/io/grpc/grpc-protobuf-lite/1.17.1/grpc-protobuf-lite-1.17.1.jar:/home/user/.m2/repository/io/grpc/grpc-stub/1.17.1/grpc-stub-1.17.1.jar:/home/user/.m2/repository/org/apache/hadoop/hadoop-ozone-recon/0.5.0-SNAPSHOT/hadoop-ozone-recon-0.5.0-SNAPSHOT.jar:/home/user/.m2/repository/org/apache/hadoop/hadoop-ozone-reconcodegen/0.5.0-SNAPSHOT/hadoop-ozone-reconcodegen-0.5.0-SNAPSHOT.jar:/home/user/.m2/repository/com/google/inject/extensions/guice-multibindings/4.0/guice-multibindings-4.0.jar:/home/user/.m2/repository/com/google/inject/guice/4.0/guice-4.0.jar:/home/user/.m2/repository/aopalliance/aopalliance/1.0/aopalliance-1.0.jar:/home/user/.m2/repository/com/google/inject/extensions/guice-servlet/4.0/guice-servlet-4.0.jar:/home/user/.m2/repository/org/glassfish/jersey/containers/jersey-container-servlet/2.27/jersey-container-servlet-2.27.jar:/home/user/.m2/repository/org/glassfish/hk2/guice-bridge/2.5.0/guice-bridge-2.5.0.jar:/home/user/.m2/repository/org/glassfish/jersey/core/jersey-server/2.27/jersey-server-2.27.jar:/home/user/.m2/repository/org/glassfish/jersey/core/jersey-client/2.27/jersey-client-2.27.jar:/home/user/.m2/repository/org/glassfish/jersey/media/jersey-media-jaxb/2.27/jersey-media-jaxb-2.27.jar:/home/user/.m2/repository/javax/validation/validation-api/1.1.0.Final/validation-api-1.1.0.Final.jar:/home/user/.m2/repository/org/glassfish/jersey/media/jersey-media-json-jackson/2.27/jersey-media-json-jackson-2.27.jar:/home/user/.m2/repository/org/glassfish/jersey/ext/jersey-entity-filtering/2.27/jersey-entity-filtering-2.27.jar:/home/user/.m2/repository/com/google/inject/extensions/guice-assistedinject/4.0/guice-assistedinject-4.0.jar:/home/user/.m2/repository/org/jooq/jooq/3.11.10/jooq-3.11.10.jar:/home/user/.m2/repository/org/jooq/jooq-meta/3.11.10/jooq-meta-3.11.10.jar:/home/user/.m2/repository/org/jooq/jooq-codegen/3.11.10/jooq-codegen-3.11.10.jar:/home/user/.m2/repository/com/jolbox/bonecp/0.8.0.RELEASE/bonecp-0.8.0.RELEASE.jar:/home/user/.m2/repository/org/springframework/spring-jdbc/5.1.3.RELEASE/spring-jdbc-5.1.3.RELEASE.jar:/home/user/.m2/repository/org/springframework/spring-beans/5.1.3.RELEASE/spring-beans-5.1.3.RELEASE.jar:/home/user/.m2/repository/org/springframework/spring-core/5.1.3.RELEASE/spring-core-5.1.3.RELEASE.jar:/home/user/.m2/repository/org/springframework/spring-jcl/5.1.3.RELEASE/spring-jcl-5.1.3.RELEASE.jar:/home/user/.m2/repository/org/springframework/spring-tx/5.1.3.RELEASE/spring-tx-5.1.3.RELEASE.jar:/home/user/.m2/repository/org/mockito/mockito-core/2.15.0/mockito-core-2.15.0.jar:/home/user/.m2/repository/net/bytebuddy/byte-buddy/1.7.9/byte-buddy-1.7.9.jar:/home/user/.m2/repository/net/bytebuddy/byte-buddy-agent/1.7.9/byte-buddy-agent-1.7.9.jar:/home/user/.m2/repository/org/objenesis/objenesis/1.0/objenesis-1.0.jar:"/>
    <property name="sun.cpu.endian" value="little"/>
    <property name="user.home" value="/home/user"/>
    <property name="user.language" value="en"/>
    <property name="java.specification.vendor" value="Oracle Corporation"/>
    <property name="java.home" value="/usr/lib/jvm/java-1.8.0-openjdk-1.8.0.222.b10-1.el7_7.x86_64/jre"/>
    <property name="surefire.excludesFile" value="/tools/ozone-bad-unit-tests"/>
    <property name="java.security.krb5.conf" value="/workdir/hadoop-ozone/tools/target/test-classes/krb5.conf"/>
    <property name="basedir" value="/workdir/hadoop-ozone/tools"/>
    <property name="file.separator" value="/"/>
    <property name="line.separator" value="&#10;"/>
    <property name="java.vm.specification.vendor" value="Oracle Corporation"/>
    <property name="java.specification.name" value="Java Platform API Specification"/>
    <property name="java.awt.graphicsenv" value="sun.awt.X11GraphicsEnvironment"/>
    <property name="surefire.real.class.path" value="/workdir/hadoop-ozone/tools/target/surefire/surefirebooter6149419341465204747.jar"/>
    <property name="hadoop.log.dir" value="/workdir/hadoop-ozone/tools/target/log"/>
    <property name="sun.boot.class.path" value="/usr/lib/jvm/java-1.8.0-openjdk-1.8.0.222.b10-1.el7_7.x86_64/jre/lib/resources.jar:/usr/lib/jvm/java-1.8.0-openjdk-1.8.0.222.b10-1.el7_7.x86_64/jre/lib/rt.jar:/usr/lib/jvm/java-1.8.0-openjdk-1.8.0.222.b10-1.el7_7.x86_64/jre/lib/sunrsasign.jar:/usr/lib/jvm/java-1.8.0-openjdk-1.8.0.222.b10-1.el7_7.x86_64/jre/lib/jsse.jar:/usr/lib/jvm/java-1.8.0-openjdk-1.8.0.222.b10-1.el7_7.x86_64/jre/lib/jce.jar:/usr/lib/jvm/java-1.8.0-openjdk-1.8.0.222.b10-1.el7_7.x86_64/jre/lib/charsets.jar:/usr/lib/jvm/java-1.8.0-openjdk-1.8.0.222.b10-1.el7_7.x86_64/jre/lib/jfr.jar:/usr/lib/jvm/java-1.8.0-openjdk-1.8.0.222.b10-1.el7_7.x86_64/jre/classes"/>
    <property name="sun.management.compiler" value="HotSpot 64-Bit Tiered Compilers"/>
    <property name="java.runtime.version" value="1.8.0_222-b10"/>
    <property name="java.net.preferIPv4Stack" value="true"/>
    <property name="user.name" value="jenkins1000"/>
    <property name="path.separator" value=":"/>
    <property name="java.security.egd" value="file:///dev/urandom"/>
    <property name="os.version" value="3.10.0-957.12.2.el7.x86_64"/>
    <property name="java.endorsed.dirs" value="/usr/lib/jvm/java-1.8.0-openjdk-1.8.0.222.b10-1.el7_7.x86_64/jre/lib/endorsed"/>
    <property name="java.runtime.name" value="OpenJDK Runtime Environment"/>
    <property name="file.encoding" value="ANSI_X3.4-1968"/>
    <property name="java.vm.name" value="OpenJDK 64-Bit Server VM"/>
    <property name="test.build.webapps" value=""/>
    <property name="localRepository" value="/home/user/.m2/repository"/>
    <property name="java.vendor.url.bug" value="http://bugreport.sun.com/bugreport/"/>
    <property name="java.io.tmpdir" value="/tmp"/>
    <property name="require.test.libhadoop" value=""/>
    <property name="java.version" value="1.8.0_222"/>
    <property name="user.dir" value="/workdir/hadoop-ozone/tools"/>
    <property name="os.arch" value="amd64"/>
    <property name="java.vm.specification.name" value="Java Virtual Machine Specification"/>
    <property name="test.build.classes" value="/workdir/hadoop-ozone/tools/target/test-classes"/>
    <property name="java.awt.printerjob" value="sun.print.PSPrinterJob"/>
    <property name="sun.os.patch.level" value="unknown"/>
    <property name="hadoop.tmp.dir" value="/workdir/hadoop-ozone/tools/target/tmp"/>
    <property name="java.library.path" value="/usr/lib:/workdir/hadoop-ozone/tools/target/native/target/usr/local/lib:/workdir/hadoop-ozone/tools/../../hadoop-common-project/hadoop-common/target/native/target/usr/local/lib:/usr/java/packages/lib/amd64:/usr/lib64:/lib64:/lib:/usr/lib"/>
    <property name="java.vm.info" value="mixed mode"/>
    <property name="java.vendor" value="Oracle Corporation"/>
    <property name="java.vm.version" value="25.222-b10"/>
    <property name="java.ext.dirs" value="/usr/lib/jvm/java-1.8.0-openjdk-1.8.0.222.b10-1.el7_7.x86_64/jre/lib/ext:/usr/java/packages/lib/ext"/>
    <property name="sun.io.unicode.encoding" value="UnicodeLittle"/>
    <property name="java.class.version" value="52.0"/>
  </properties>
  <testcase name="testRestart" classname="org.apache.hadoop.ozone.freon.TestFreonWithPipelineDestroy" time="19.588">
    <error message="INTERNAL_ERROR org.apache.hadoop.ozone.om.exceptions.OMException: Allocated 0 blocks. Requested 5 blocks" type="java.lang.RuntimeException">java.lang.RuntimeException: INTERNAL_ERROR org.apache.hadoop.ozone.om.exceptions.OMException: Allocated 0 blocks. Requested 5 blocks
	at org.apache.hadoop.ozone.freon.RandomKeyGenerator.call(RandomKeyGenerator.java:341)
	at org.apache.hadoop.ozone.freon.TestFreonWithPipelineDestroy.startFreon(TestFreonWithPipelineDestroy.java:87)
	at org.apache.hadoop.ozone.freon.TestFreonWithPipelineDestroy.testRestart(TestFreonWithPipelineDestroy.java:74)
	at sun.reflect.NativeMethodAccessorImpl.invoke0(Native Method)
	at sun.reflect.NativeMethodAccessorImpl.invoke(NativeMethodAccessorImpl.java:62)
	at sun.reflect.DelegatingMethodAccessorImpl.invoke(DelegatingMethodAccessorImpl.java:43)
	at java.lang.reflect.Method.invoke(Method.java:498)
	at org.junit.runners.model.FrameworkMethod$1.runReflectiveCall(FrameworkMethod.java:47)
	at org.junit.internal.runners.model.ReflectiveCallable.run(ReflectiveCallable.java:12)
	at org.junit.runners.model.FrameworkMethod.invokeExplosively(FrameworkMethod.java:44)
	at org.junit.internal.runners.statements.InvokeMethod.evaluate(InvokeMethod.java:17)
	at org.junit.runners.ParentRunner.runLeaf(ParentRunner.java:271)
	at org.junit.runners.BlockJUnit4ClassRunner.runChild(BlockJUnit4ClassRunner.java:70)
	at org.junit.runners.BlockJUnit4ClassRunner.runChild(BlockJUnit4ClassRunner.java:50)
	at org.junit.runners.ParentRunner$3.run(ParentRunner.java:238)
	at org.junit.runners.ParentRunner$1.schedule(ParentRunner.java:63)
	at org.junit.runners.ParentRunner.runChildren(ParentRunner.java:236)
	at org.junit.runners.ParentRunner.access$000(ParentRunner.java:53)
	at org.junit.runners.ParentRunner$2.evaluate(ParentRunner.java:229)
	at org.junit.internal.runners.statements.RunBefores.evaluate(RunBefores.java:26)
	at org.junit.internal.runners.statements.RunAfters.evaluate(RunAfters.java:27)
	at org.junit.runners.ParentRunner.run(ParentRunner.java:309)
	at org.apache.maven.surefire.junit4.JUnit4Provider.execute(JUnit4Provider.java:365)
	at org.apache.maven.surefire.junit4.JUnit4Provider.executeWithRerun(JUnit4Provider.java:273)
	at org.apache.maven.surefire.junit4.JUnit4Provider.executeTestSet(JUnit4Provider.java:238)
	at org.apache.maven.surefire.junit4.JUnit4Provider.invoke(JUnit4Provider.java:159)
	at org.apache.maven.surefire.booter.ForkedBooter.invokeProviderInSameClassLoader(ForkedBooter.java:384)
	at org.apache.maven.surefire.booter.ForkedBooter.runSuitesInProcess(ForkedBooter.java:345)
	at org.apache.maven.surefire.booter.ForkedBooter.execute(ForkedBooter.java:126)
	at org.apache.maven.surefire.booter.ForkedBooter.main(ForkedBooter.java:418)
Caused by: INTERNAL_ERROR org.apache.hadoop.ozone.om.exceptions.OMException: Allocated 0 blocks. Requested 5 blocks
	at org.apache.hadoop.ozone.om.protocolPB.OzoneManagerProtocolClientSideTranslatorPB.handleError(OzoneManagerProtocolClientSideTranslatorPB.java:761)
	at org.apache.hadoop.ozone.om.protocolPB.OzoneManagerProtocolClientSideTranslatorPB.openKey(OzoneManagerProtocolClientSideTranslatorPB.java:752)
	at sun.reflect.NativeMethodAccessorImpl.invoke0(Native Method)
	at sun.reflect.NativeMethodAccessorImpl.invoke(NativeMethodAccessorImpl.java:62)
	at sun.reflect.DelegatingMethodAccessorImpl.invoke(DelegatingMethodAccessorImpl.java:43)
	at java.lang.reflect.Method.invoke(Method.java:498)
	at org.apache.hadoop.hdds.tracing.TraceAllMethod.invoke(TraceAllMethod.java:66)
	at com.sun.proxy.$Proxy37.openKey(Unknown Source)
	at org.apache.hadoop.ozone.client.rpc.RpcClient.createKey(RpcClient.java:633)
	at org.apache.hadoop.ozone.client.OzoneBucket.createKey(OzoneBucket.java:325)
	at org.apache.hadoop.ozone.freon.RandomKeyGenerator.createKey(RandomKeyGenerator.java:697)
	at org.apache.hadoop.ozone.freon.RandomKeyGenerator.access$1100(RandomKeyGenerator.java:88)
	at org.apache.hadoop.ozone.freon.RandomKeyGenerator$ObjectCreator.run(RandomKeyGenerator.java:615)
	at java.util.concurrent.Executors$RunnableAdapter.call(Executors.java:511)
	at java.util.concurrent.FutureTask.run(FutureTask.java:266)
	at java.util.concurrent.ThreadPoolExecutor.runWorker(ThreadPoolExecutor.java:1149)
	at java.util.concurrent.ThreadPoolExecutor$Worker.run(ThreadPoolExecutor.java:624)
	at java.lang.Thread.run(Thread.java:748)
</error>
    <system-out><![CDATA[2019-11-18 20:31:16,402 [main] WARN  server.ServerUtils (ServerUtils.java:getScmDbDir(145)) - ozone.scm.db.dirs is not configured. We recommend adding this setting. Falling back to ozone.metadata.dirs instead.
2019-11-18 20:31:16,510 [main] WARN  server.ServerUtils (ServerUtils.java:getScmDbDir(145)) - ozone.scm.db.dirs is not configured. We recommend adding this setting. Falling back to ozone.metadata.dirs instead.
2019-11-18 20:31:16,513 [main] WARN  server.ServerUtils (ServerUtils.java:getScmDbDir(145)) - ozone.scm.db.dirs is not configured. We recommend adding this setting. Falling back to ozone.metadata.dirs instead.
2019-11-18 20:31:16,532 [main] INFO  util.log (Log.java:initialized(192)) - Logging initialized @769ms
2019-11-18 20:31:16,611 [main] INFO  db.DBStoreBuilder (DBStoreBuilder.java:addTable(127)) - using custom profile for table: deletedBlocks
2019-11-18 20:31:16,611 [main] INFO  db.DBStoreBuilder (DBStoreBuilder.java:processTables(183)) - Using default column profile:DBProfile.DISK for Table:deletedBlocks
2019-11-18 20:31:16,612 [main] INFO  db.DBStoreBuilder (DBStoreBuilder.java:addTable(127)) - using custom profile for table: validCerts
2019-11-18 20:31:16,612 [main] INFO  db.DBStoreBuilder (DBStoreBuilder.java:processTables(183)) - Using default column profile:DBProfile.DISK for Table:validCerts
2019-11-18 20:31:16,612 [main] INFO  db.DBStoreBuilder (DBStoreBuilder.java:addTable(127)) - using custom profile for table: revokedCerts
2019-11-18 20:31:16,612 [main] INFO  db.DBStoreBuilder (DBStoreBuilder.java:processTables(183)) - Using default column profile:DBProfile.DISK for Table:revokedCerts
2019-11-18 20:31:16,622 [main] INFO  db.DBStoreBuilder (DBStoreBuilder.java:addTable(127)) - using custom profile for table: default
2019-11-18 20:31:16,622 [main] INFO  db.DBStoreBuilder (DBStoreBuilder.java:processTables(189)) - Using default column profile:DBProfile.DISK for Table:default
2019-11-18 20:31:16,623 [main] INFO  db.DBStoreBuilder (DBStoreBuilder.java:getDbProfile(220)) - Using default options. DBProfile.DISK
2019-11-18 20:31:17,008 [main] INFO  net.NodeSchemaLoader (NodeSchemaLoader.java:loadSchemaFromFile(125)) - Loading file from sun.misc.CompoundEnumeration@5e0e82ae
2019-11-18 20:31:17,010 [main] INFO  net.NodeSchemaLoader (NodeSchemaLoader.java:loadSchema(171)) - Loading network topology layer schema file
2019-11-18 20:31:17,069 [main] INFO  node.SCMNodeManager (SCMNodeManager.java:<init>(116)) - Entering startup safe mode.
2019-11-18 20:31:17,136 [main] INFO  algorithms.ContainerPlacementPolicyFactory (ContainerPlacementPolicyFactory.java:getPolicy(57)) - Create container placement policy of type org.apache.hadoop.hdds.scm.container.placement.algorithms.SCMContainerPlacementRandom
2019-11-18 20:31:17,150 [main] WARN  server.ServerUtils (ServerUtils.java:getScmDbDir(145)) - ozone.scm.db.dirs is not configured. We recommend adding this setting. Falling back to ozone.metadata.dirs instead.
2019-11-18 20:31:17,232 [main] INFO  pipeline.SCMPipelineManager (SCMPipelineManager.java:initializePipelineState(132)) - No pipeline exists in current db
2019-11-18 20:31:17,235 [main] WARN  server.ServerUtils (ServerUtils.java:getScmDbDir(145)) - ozone.scm.db.dirs is not configured. We recommend adding this setting. Falling back to ozone.metadata.dirs instead.
2019-11-18 20:31:17,351 [main] WARN  events.EventQueue (EventQueue.java:fireEvent(183)) - No event handler registered for event TypedEvent{payloadType=SafeModeStatus, name='SafeModeStatus'}
2019-11-18 20:31:17,696 [main] INFO  ipc.CallQueueManager (CallQueueManager.java:<init>(84)) - Using callQueue: class java.util.concurrent.LinkedBlockingQueue, queueCapacity: 2000, scheduler: class org.apache.hadoop.ipc.DefaultRpcScheduler, ipcBackoff: false.
2019-11-18 20:31:17,719 [Socket Reader #1 for port 39547] INFO  ipc.Server (Server.java:run(1074)) - Starting Socket Reader #1 for port 39547
2019-11-18 20:31:17,853 [main] INFO  ipc.CallQueueManager (CallQueueManager.java:<init>(84)) - Using callQueue: class java.util.concurrent.LinkedBlockingQueue, queueCapacity: 2000, scheduler: class org.apache.hadoop.ipc.DefaultRpcScheduler, ipcBackoff: false.
2019-11-18 20:31:17,854 [Socket Reader #1 for port 45559] INFO  ipc.Server (Server.java:run(1074)) - Starting Socket Reader #1 for port 45559
2019-11-18 20:31:17,864 [main] INFO  ipc.CallQueueManager (CallQueueManager.java:<init>(84)) - Using callQueue: class java.util.concurrent.LinkedBlockingQueue, queueCapacity: 2000, scheduler: class org.apache.hadoop.ipc.DefaultRpcScheduler, ipcBackoff: false.
2019-11-18 20:31:17,865 [Socket Reader #1 for port 45175] INFO  ipc.Server (Server.java:run(1074)) - Starting Socket Reader #1 for port 45175
2019-11-18 20:31:17,893 [main] INFO  hdfs.DFSUtil (DFSUtil.java:httpServerTemplateForNNAndJN(1641)) - Starting Web-server for scm at: http://0.0.0.0:0
2019-11-18 20:31:18,010 [main] INFO  server.AuthenticationFilter (AuthenticationFilter.java:constructSecretProvider(240)) - Unable to initialize FileSignerSecretProvider, falling back to use random secrets.
2019-11-18 20:31:18,025 [main] WARN  http.HttpRequestLog (HttpRequestLog.java:getRequestLog(97)) - Jetty request log can only be enabled using Log4j
2019-11-18 20:31:18,034 [main] INFO  http.HttpServer2 (HttpServer2.java:addGlobalFilter(975)) - Added global filter 'safety' (class=org.apache.hadoop.http.HttpServer2$QuotingInputFilter)
2019-11-18 20:31:18,036 [main] INFO  http.HttpServer2 (HttpServer2.java:addFilter(948)) - Added filter static_user_filter (class=org.apache.hadoop.http.lib.StaticUserWebFilter$StaticUserFilter) to context scm
2019-11-18 20:31:18,037 [main] INFO  http.HttpServer2 (HttpServer2.java:addFilter(958)) - Added filter static_user_filter (class=org.apache.hadoop.http.lib.StaticUserWebFilter$StaticUserFilter) to context static
2019-11-18 20:31:18,037 [main] INFO  http.HttpServer2 (HttpServer2.java:addFilter(958)) - Added filter static_user_filter (class=org.apache.hadoop.http.lib.StaticUserWebFilter$StaticUserFilter) to context logs
2019-11-18 20:31:18,063 [main] INFO  server.StorageContainerManager (StorageContainerManager.java:start(766)) - StorageContainerLocationProtocol RPC server is listening at /0.0.0.0:45175
2019-11-18 20:31:18,116 [main] WARN  impl.MetricsConfig (MetricsConfig.java:loadFirst(134)) - Cannot locate configuration: tried hadoop-metrics2-storagecontainermanager.properties,hadoop-metrics2.properties
2019-11-18 20:31:18,130 [main] INFO  impl.MetricsSystemImpl (MetricsSystemImpl.java:startTimer(374)) - Scheduled Metric snapshot period at 10 second(s).
2019-11-18 20:31:18,130 [main] INFO  impl.MetricsSystemImpl (MetricsSystemImpl.java:start(191)) - StorageContainerManager metrics system started
2019-11-18 20:31:18,359 [main] INFO  server.SCMClientProtocolServer (SCMClientProtocolServer.java:start(160)) - RPC server for Client  is listening at /0.0.0.0:45175
2019-11-18 20:31:18,360 [IPC Server Responder] INFO  ipc.Server (Server.java:run(1314)) - IPC Server Responder: starting
2019-11-18 20:31:18,360 [IPC Server listener on 45175] INFO  ipc.Server (Server.java:run(1153)) - IPC Server listener on 45175: starting
2019-11-18 20:31:18,362 [main] INFO  server.StorageContainerManager (StorageContainerManager.java:start(776)) - ScmBlockLocationProtocol RPC server is listening at /0.0.0.0:45559
2019-11-18 20:31:18,363 [main] INFO  server.SCMBlockProtocolServer (SCMBlockProtocolServer.java:start(146)) - RPC server for Block Protocol is listening at /0.0.0.0:45559
2019-11-18 20:31:18,364 [IPC Server Responder] INFO  ipc.Server (Server.java:run(1314)) - IPC Server Responder: starting
2019-11-18 20:31:18,364 [IPC Server listener on 45559] INFO  ipc.Server (Server.java:run(1153)) - IPC Server listener on 45559: starting
2019-11-18 20:31:18,366 [main] INFO  server.StorageContainerManager (StorageContainerManager.java:start(780)) - ScmDatanodeProtocl RPC server is listening at /0.0.0.0:39547
2019-11-18 20:31:18,366 [main] INFO  server.SCMDatanodeProtocolServer (SCMDatanodeProtocolServer.java:start(169)) - RPC server for DataNodes is listening at /0.0.0.0:39547
2019-11-18 20:31:18,367 [IPC Server Responder] INFO  ipc.Server (Server.java:run(1314)) - IPC Server Responder: starting
2019-11-18 20:31:18,367 [IPC Server listener on 39547] INFO  ipc.Server (Server.java:run(1153)) - IPC Server listener on 39547: starting
2019-11-18 20:31:18,370 [main] INFO  http.HttpServer2 (HttpServer2.java:bindListener(1191)) - Jetty bound to port 39594
2019-11-18 20:31:18,371 [main] INFO  server.Server (Server.java:doStart(351)) - jetty-9.3.25.v20180904, build timestamp: 2018-09-04T21:11:46Z, git hash: 3ce520221d0240229c862b122d2b06c12a625732
2019-11-18 20:31:18,402 [main] INFO  handler.ContextHandler (ContextHandler.java:doStart(781)) - Started o.e.j.s.ServletContextHandler@56e8b606{/logs,file:///workdir/hadoop-ozone/tools/target/log,AVAILABLE}
2019-11-18 20:31:18,402 [main] INFO  handler.ContextHandler (ContextHandler.java:doStart(781)) - Started o.e.j.s.ServletContextHandler@40dff0b7{/static,jar:file:/home/user/.m2/repository/org/apache/hadoop/hadoop-hdds-server-scm/0.5.0-SNAPSHOT/hadoop-hdds-server-scm-0.5.0-SNAPSHOT.jar!/webapps/static,AVAILABLE}
2019-11-18 20:31:18,473 [main] INFO  handler.ContextHandler (ContextHandler.java:doStart(781)) - Started o.e.j.w.WebAppContext@5aceec94{/,file:///tmp/jetty-0.0.0.0-39594-scm-_-any-1274589087854048053.dir/webapp/,AVAILABLE}{/scm}
2019-11-18 20:31:18,478 [main] INFO  server.AbstractConnector (AbstractConnector.java:doStart(278)) - Started ServerConnector@733c423e{HTTP/1.1,[http/1.1]}{0.0.0.0:39594}
2019-11-18 20:31:18,478 [main] INFO  server.Server (Server.java:doStart(419)) - Started @2714ms
2019-11-18 20:31:18,480 [main] INFO  impl.MetricsSinkAdapter (MetricsSinkAdapter.java:start(204)) - Sink prometheus started
2019-11-18 20:31:18,480 [main] INFO  impl.MetricsSystemImpl (MetricsSystemImpl.java:registerSink(301)) - Registered sink prometheus
2019-11-18 20:31:18,482 [main] INFO  server.BaseHttpServer (BaseHttpServer.java:updateConnectorAddress(215)) - HTTP server of SCM is listening at http://0.0.0.0:39594
2019-11-18 20:31:18,488 [org.apache.hadoop.util.JvmPauseMonitor$Monitor@1b5bc39d] INFO  util.JvmPauseMonitor (JvmPauseMonitor.java:run(188)) - Starting JVM pause monitor
2019-11-18 20:31:18,491 [main] WARN  server.ServerUtils (ServerUtils.java:getDBPath(222)) - ozone.om.db.dirs is not configured. We recommend adding this setting. Falling back to ozone.metadata.dirs instead.
2019-11-18 20:31:18,591 [main] INFO  ha.OMHANodeDetails (OMHANodeDetails.java:loadOMHAConfig(190)) - Configuration either no ozone.om.address set. Falling back to the default OM address /127.0.0.1:0
2019-11-18 20:31:18,592 [main] INFO  ha.OMHANodeDetails (OMHANodeDetails.java:getOMNodeDetails(220)) - OM Service ID is not set. Setting it to the default ID: omServiceIdDefault
2019-11-18 20:31:18,593 [main] WARN  server.ServerUtils (ServerUtils.java:getDBPath(222)) - ozone.om.db.dirs is not configured. We recommend adding this setting. Falling back to ozone.metadata.dirs instead.
2019-11-18 20:31:18,594 [main] WARN  server.ServerUtils (ServerUtils.java:getDBPath(222)) - ozone.om.db.dirs is not configured. We recommend adding this setting. Falling back to ozone.metadata.dirs instead.
2019-11-18 20:31:19,195 [main] WARN  server.ServerUtils (ServerUtils.java:getDBPath(222)) - ozone.om.db.dirs is not configured. We recommend adding this setting. Falling back to ozone.metadata.dirs instead.
2019-11-18 20:31:19,203 [main] INFO  db.DBStoreBuilder (DBStoreBuilder.java:addTable(127)) - using custom profile for table: userTable
2019-11-18 20:31:19,203 [main] INFO  db.DBStoreBuilder (DBStoreBuilder.java:processTables(183)) - Using default column profile:DBProfile.DISK for Table:userTable
2019-11-18 20:31:19,204 [main] INFO  db.DBStoreBuilder (DBStoreBuilder.java:addTable(127)) - using custom profile for table: volumeTable
2019-11-18 20:31:19,204 [main] INFO  db.DBStoreBuilder (DBStoreBuilder.java:processTables(183)) - Using default column profile:DBProfile.DISK for Table:volumeTable
2019-11-18 20:31:19,204 [main] INFO  db.DBStoreBuilder (DBStoreBuilder.java:addTable(127)) - using custom profile for table: bucketTable
2019-11-18 20:31:19,204 [main] INFO  db.DBStoreBuilder (DBStoreBuilder.java:processTables(183)) - Using default column profile:DBProfile.DISK for Table:bucketTable
2019-11-18 20:31:19,204 [main] INFO  db.DBStoreBuilder (DBStoreBuilder.java:addTable(127)) - using custom profile for table: keyTable
2019-11-18 20:31:19,205 [main] INFO  db.DBStoreBuilder (DBStoreBuilder.java:processTables(183)) - Using default column profile:DBProfile.DISK for Table:keyTable
2019-11-18 20:31:19,205 [main] INFO  db.DBStoreBuilder (DBStoreBuilder.java:addTable(127)) - using custom profile for table: deletedTable
2019-11-18 20:31:19,205 [main] INFO  db.DBStoreBuilder (DBStoreBuilder.java:processTables(183)) - Using default column profile:DBProfile.DISK for Table:deletedTable
2019-11-18 20:31:19,205 [main] INFO  db.DBStoreBuilder (DBStoreBuilder.java:addTable(127)) - using custom profile for table: openKeyTable
2019-11-18 20:31:19,205 [main] INFO  db.DBStoreBuilder (DBStoreBuilder.java:processTables(183)) - Using default column profile:DBProfile.DISK for Table:openKeyTable
2019-11-18 20:31:19,206 [main] INFO  db.DBStoreBuilder (DBStoreBuilder.java:addTable(127)) - using custom profile for table: s3Table
2019-11-18 20:31:19,206 [main] INFO  db.DBStoreBuilder (DBStoreBuilder.java:processTables(183)) - Using default column profile:DBProfile.DISK for Table:s3Table
2019-11-18 20:31:19,206 [main] INFO  db.DBStoreBuilder (DBStoreBuilder.java:addTable(127)) - using custom profile for table: multipartInfoTable
2019-11-18 20:31:19,206 [main] INFO  db.DBStoreBuilder (DBStoreBuilder.java:processTables(183)) - Using default column profile:DBProfile.DISK for Table:multipartInfoTable
2019-11-18 20:31:19,207 [main] INFO  db.DBStoreBuilder (DBStoreBuilder.java:addTable(127)) - using custom profile for table: dTokenTable
2019-11-18 20:31:19,207 [main] INFO  db.DBStoreBuilder (DBStoreBuilder.java:processTables(183)) - Using default column profile:DBProfile.DISK for Table:dTokenTable
2019-11-18 20:31:19,207 [main] INFO  db.DBStoreBuilder (DBStoreBuilder.java:addTable(127)) - using custom profile for table: s3SecretTable
2019-11-18 20:31:19,207 [main] INFO  db.DBStoreBuilder (DBStoreBuilder.java:processTables(183)) - Using default column profile:DBProfile.DISK for Table:s3SecretTable
2019-11-18 20:31:19,208 [main] INFO  db.DBStoreBuilder (DBStoreBuilder.java:addTable(127)) - using custom profile for table: prefixTable
2019-11-18 20:31:19,208 [main] INFO  db.DBStoreBuilder (DBStoreBuilder.java:processTables(183)) - Using default column profile:DBProfile.DISK for Table:prefixTable
2019-11-18 20:31:19,208 [main] INFO  db.DBStoreBuilder (DBStoreBuilder.java:addTable(127)) - using custom profile for table: default
2019-11-18 20:31:19,208 [main] INFO  db.DBStoreBuilder (DBStoreBuilder.java:processTables(189)) - Using default column profile:DBProfile.DISK for Table:default
2019-11-18 20:31:19,208 [main] INFO  db.DBStoreBuilder (DBStoreBuilder.java:getDbProfile(220)) - Using default options. DBProfile.DISK
2019-11-18 20:31:19,892 [main] INFO  ipc.CallQueueManager (CallQueueManager.java:<init>(84)) - Using callQueue: class java.util.concurrent.LinkedBlockingQueue, queueCapacity: 2000, scheduler: class org.apache.hadoop.ipc.DefaultRpcScheduler, ipcBackoff: false.
2019-11-18 20:31:19,893 [Socket Reader #1 for port 42893] INFO  ipc.Server (Server.java:run(1074)) - Starting Socket Reader #1 for port 42893
2019-11-18 20:31:19,924 [main] INFO  om.OzoneManager (OzoneManager.java:start(1077)) - OzoneManager RPC server is listening at localhost/127.0.0.1:42893
2019-11-18 20:31:19,925 [main] INFO  impl.MetricsSystemImpl (MetricsSystemImpl.java:init(158)) - OzoneManager metrics system started (again)
2019-11-18 20:31:19,932 [IPC Server Responder] INFO  ipc.Server (Server.java:run(1314)) - IPC Server Responder: starting
2019-11-18 20:31:19,932 [IPC Server listener on 42893] INFO  ipc.Server (Server.java:run(1153)) - IPC Server listener on 42893: starting
2019-11-18 20:31:19,951 [main] INFO  hdfs.DFSUtil (DFSUtil.java:httpServerTemplateForNNAndJN(1641)) - Starting Web-server for ozoneManager at: http://0.0.0.0:0
2019-11-18 20:31:19,954 [main] INFO  server.AuthenticationFilter (AuthenticationFilter.java:constructSecretProvider(240)) - Unable to initialize FileSignerSecretProvider, falling back to use random secrets.
2019-11-18 20:31:19,955 [main] WARN  http.HttpRequestLog (HttpRequestLog.java:getRequestLog(97)) - Jetty request log can only be enabled using Log4j
2019-11-18 20:31:19,957 [main] INFO  http.HttpServer2 (HttpServer2.java:addGlobalFilter(975)) - Added global filter 'safety' (class=org.apache.hadoop.http.HttpServer2$QuotingInputFilter)
2019-11-18 20:31:19,958 [main] INFO  http.HttpServer2 (HttpServer2.java:addFilter(948)) - Added filter static_user_filter (class=org.apache.hadoop.http.lib.StaticUserWebFilter$StaticUserFilter) to context ozoneManager
2019-11-18 20:31:19,958 [main] INFO  http.HttpServer2 (HttpServer2.java:addFilter(958)) - Added filter static_user_filter (class=org.apache.hadoop.http.lib.StaticUserWebFilter$StaticUserFilter) to context static
2019-11-18 20:31:19,959 [main] INFO  http.HttpServer2 (HttpServer2.java:addFilter(958)) - Added filter static_user_filter (class=org.apache.hadoop.http.lib.StaticUserWebFilter$StaticUserFilter) to context logs
2019-11-18 20:31:19,960 [main] INFO  http.HttpServer2 (HttpServer2.java:bindListener(1191)) - Jetty bound to port 40302
2019-11-18 20:31:19,961 [main] INFO  server.Server (Server.java:doStart(351)) - jetty-9.3.25.v20180904, build timestamp: 2018-09-04T21:11:46Z, git hash: 3ce520221d0240229c862b122d2b06c12a625732
2019-11-18 20:31:19,963 [main] INFO  handler.ContextHandler (ContextHandler.java:doStart(781)) - Started o.e.j.s.ServletContextHandler@340b7ef6{/logs,file:///workdir/hadoop-ozone/tools/target/log,AVAILABLE}
2019-11-18 20:31:19,963 [main] INFO  handler.ContextHandler (ContextHandler.java:doStart(781)) - Started o.e.j.s.ServletContextHandler@6050462a{/static,jar:file:/home/user/.m2/repository/org/apache/hadoop/hadoop-ozone-ozone-manager/0.5.0-SNAPSHOT/hadoop-ozone-ozone-manager-0.5.0-SNAPSHOT.jar!/webapps/static,AVAILABLE}
2019-11-18 20:31:20,011 [main] INFO  handler.ContextHandler (ContextHandler.java:doStart(781)) - Started o.e.j.w.WebAppContext@425d5d46{/,file:///tmp/jetty-0.0.0.0-40302-ozoneManager-_-any-5799389622615272513.dir/webapp/,AVAILABLE}{/ozoneManager}
2019-11-18 20:31:20,012 [main] INFO  server.AbstractConnector (AbstractConnector.java:doStart(278)) - Started ServerConnector@198ef2ce{HTTP/1.1,[http/1.1]}{0.0.0.0:40302}
2019-11-18 20:31:20,013 [main] INFO  server.Server (Server.java:doStart(419)) - Started @4249ms
2019-11-18 20:31:20,013 [main] WARN  impl.MetricsSystemImpl (MetricsSystemImpl.java:register(276)) - Sink prometheus already exists!
2019-11-18 20:31:20,014 [main] INFO  server.BaseHttpServer (BaseHttpServer.java:updateConnectorAddress(215)) - HTTP server of OZONEMANAGER is listening at http://0.0.0.0:40302
2019-11-18 20:31:20,324 [main] INFO  impl.MetricsSystemImpl (MetricsSystemImpl.java:init(158)) - HddsDatanode metrics system started (again)
2019-11-18 20:31:20,387 [main] INFO  ozone.HddsDatanodeService (HddsDatanodeService.java:start(186)) - HddsDatanodeService host:pr-hdds-2514-unusedmethodparam-bwdv4-1743785533 ip:192.168.157.200
2019-11-18 20:31:20,424 [main] INFO  volume.HddsVolume (HddsVolume.java:<init>(176)) - Creating Volume: /workdir/hadoop-ozone/tools/target/test-dir/MiniOzoneClusterImpl-9fba51d2-8262-4f75-a70c-39cbbda2bfee/datanode-0/data/containers/hdds of  storage type : DISK and capacity : 1482555576320
2019-11-18 20:31:20,426 [main] INFO  volume.VolumeSet (VolumeSet.java:initializeVolumeSet(170)) - Added Volume : /workdir/hadoop-ozone/tools/target/test-dir/MiniOzoneClusterImpl-9fba51d2-8262-4f75-a70c-39cbbda2bfee/datanode-0/data/containers/hdds to VolumeSet
2019-11-18 20:31:20,429 [main] INFO  volume.ThrottledAsyncChecker (ThrottledAsyncChecker.java:schedule(141)) - Scheduling a check for /workdir/hadoop-ozone/tools/target/test-dir/MiniOzoneClusterImpl-9fba51d2-8262-4f75-a70c-39cbbda2bfee/datanode-0/data/containers/hdds
2019-11-18 20:31:20,446 [main] INFO  volume.HddsVolumeChecker (HddsVolumeChecker.java:checkAllVolumes(204)) - Scheduled health check for volume /workdir/hadoop-ozone/tools/target/test-dir/MiniOzoneClusterImpl-9fba51d2-8262-4f75-a70c-39cbbda2bfee/datanode-0/data/containers/hdds
2019-11-18 20:31:20,546 [main] INFO  impl.RaftServerProxy (ConfUtils.java:logGet(43)) - raft.rpc.type = GRPC (default)
2019-11-18 20:31:20,619 [main] INFO  grpc.GrpcFactory (GrpcFactory.java:checkPooledByteBufAllocatorUseCacheForAllThreads(45)) - PERFORMANCE WARNING: useCacheForAllThreads is true that may cause Netty to create a lot garbage objects and, as a result, trigger GC.
	It is recommended to disable useCacheForAllThreads by setting -Dorg.apache.ratis.thirdparty.io.netty.allocator.useCacheForAllThreads=false in command line.
2019-11-18 20:31:20,627 [main] INFO  grpc.GrpcConfigKeys$Server (ConfUtils.java:logGet(43)) - raft.grpc.server.port = 0 (default)
2019-11-18 20:31:20,628 [main] INFO  server.GrpcService (ConfUtils.java:logGet(43)) - raft.grpc.message.size.max = 33570816 (custom)
2019-11-18 20:31:20,630 [main] INFO  server.RaftServerConfigKeys (ConfUtils.java:logGet(43)) - raft.server.log.appender.buffer.byte-limit = 33554432 (custom)
2019-11-18 20:31:20,631 [main] INFO  server.GrpcService (ConfUtils.java:logGet(43)) - raft.grpc.flow.control.window = 1MB (=1048576) (default)
2019-11-18 20:31:20,633 [main] INFO  server.RaftServerConfigKeys (ConfUtils.java:logGet(43)) - raft.server.rpc.request.timeout = 3000ms (default)
2019-11-18 20:31:20,804 [main] INFO  server.RaftServerConfigKeys (ConfUtils.java:logGet(43)) - raft.server.storage.dir = [/workdir/hadoop-ozone/tools/target/test-dir/MiniOzoneClusterImpl-9fba51d2-8262-4f75-a70c-39cbbda2bfee/datanode-0/data/ratis] (custom)
2019-11-18 20:31:20,855 [main] INFO  hdfs.DFSUtil (DFSUtil.java:httpServerTemplateForNNAndJN(1641)) - Starting Web-server for hddsDatanode at: http://0.0.0.0:0
2019-11-18 20:31:20,857 [main] INFO  server.AuthenticationFilter (AuthenticationFilter.java:constructSecretProvider(240)) - Unable to initialize FileSignerSecretProvider, falling back to use random secrets.
2019-11-18 20:31:20,858 [main] WARN  http.HttpRequestLog (HttpRequestLog.java:getRequestLog(97)) - Jetty request log can only be enabled using Log4j
2019-11-18 20:31:20,860 [main] INFO  http.HttpServer2 (HttpServer2.java:addGlobalFilter(975)) - Added global filter 'safety' (class=org.apache.hadoop.http.HttpServer2$QuotingInputFilter)
2019-11-18 20:31:20,860 [main] INFO  http.HttpServer2 (HttpServer2.java:addFilter(948)) - Added filter static_user_filter (class=org.apache.hadoop.http.lib.StaticUserWebFilter$StaticUserFilter) to context hddsDatanode
2019-11-18 20:31:20,860 [main] INFO  http.HttpServer2 (HttpServer2.java:addFilter(958)) - Added filter static_user_filter (class=org.apache.hadoop.http.lib.StaticUserWebFilter$StaticUserFilter) to context logs
2019-11-18 20:31:20,861 [main] INFO  http.HttpServer2 (HttpServer2.java:addFilter(958)) - Added filter static_user_filter (class=org.apache.hadoop.http.lib.StaticUserWebFilter$StaticUserFilter) to context static
2019-11-18 20:31:20,862 [main] INFO  http.HttpServer2 (HttpServer2.java:bindListener(1191)) - Jetty bound to port 34281
2019-11-18 20:31:20,862 [main] INFO  server.Server (Server.java:doStart(351)) - jetty-9.3.25.v20180904, build timestamp: 2018-09-04T21:11:46Z, git hash: 3ce520221d0240229c862b122d2b06c12a625732
2019-11-18 20:31:20,864 [main] INFO  handler.ContextHandler (ContextHandler.java:doStart(781)) - Started o.e.j.s.ServletContextHandler@1ba359bd{/logs,file:///workdir/hadoop-ozone/tools/target/log,AVAILABLE}
2019-11-18 20:31:20,864 [main] INFO  handler.ContextHandler (ContextHandler.java:doStart(781)) - Started o.e.j.s.ServletContextHandler@673919a7{/static,jar:file:/home/user/.m2/repository/org/apache/hadoop/hadoop-hdds-container-service/0.5.0-SNAPSHOT/hadoop-hdds-container-service-0.5.0-SNAPSHOT.jar!/webapps/static,AVAILABLE}
2019-11-18 20:31:20,895 [main] INFO  handler.ContextHandler (ContextHandler.java:doStart(781)) - Started o.e.j.w.WebAppContext@546e61d5{/,file:///tmp/jetty-0.0.0.0-34281-hddsDatanode-_-any-5580122061654332053.dir/webapp/,AVAILABLE}{/hddsDatanode}
2019-11-18 20:31:20,895 [main] INFO  server.AbstractConnector (AbstractConnector.java:doStart(278)) - Started ServerConnector@4674d90{HTTP/1.1,[http/1.1]}{0.0.0.0:34281}
2019-11-18 20:31:20,896 [main] INFO  server.Server (Server.java:doStart(419)) - Started @5132ms
2019-11-18 20:31:20,897 [main] WARN  impl.MetricsSystemImpl (MetricsSystemImpl.java:register(276)) - Sink prometheus already exists!
2019-11-18 20:31:20,898 [main] INFO  server.BaseHttpServer (BaseHttpServer.java:updateConnectorAddress(215)) - HTTP server of HDDSDATANODE is listening at http://0.0.0.0:34281
2019-11-18 20:31:20,900 [main] INFO  impl.MetricsSystemImpl (MetricsSystemImpl.java:init(158)) - HddsDatanode metrics system started (again)
2019-11-18 20:31:20,903 [main] INFO  ozone.HddsDatanodeService (HddsDatanodeService.java:start(186)) - HddsDatanodeService host:pr-hdds-2514-unusedmethodparam-bwdv4-1743785533 ip:192.168.157.200
2019-11-18 20:31:20,904 [org.apache.hadoop.util.JvmPauseMonitor$Monitor@5f8ce352] INFO  util.JvmPauseMonitor (JvmPauseMonitor.java:run(188)) - Starting JVM pause monitor
2019-11-18 20:31:20,915 [main] INFO  volume.HddsVolume (HddsVolume.java:<init>(176)) - Creating Volume: /workdir/hadoop-ozone/tools/target/test-dir/MiniOzoneClusterImpl-9fba51d2-8262-4f75-a70c-39cbbda2bfee/datanode-1/data/containers/hdds of  storage type : DISK and capacity : 1482555576320
2019-11-18 20:31:20,918 [main] INFO  volume.VolumeSet (VolumeSet.java:initializeVolumeSet(170)) - Added Volume : /workdir/hadoop-ozone/tools/target/test-dir/MiniOzoneClusterImpl-9fba51d2-8262-4f75-a70c-39cbbda2bfee/datanode-1/data/containers/hdds to VolumeSet
2019-11-18 20:31:20,918 [main] INFO  volume.ThrottledAsyncChecker (ThrottledAsyncChecker.java:schedule(141)) - Scheduling a check for /workdir/hadoop-ozone/tools/target/test-dir/MiniOzoneClusterImpl-9fba51d2-8262-4f75-a70c-39cbbda2bfee/datanode-1/data/containers/hdds
2019-11-18 20:31:20,919 [main] INFO  volume.HddsVolumeChecker (HddsVolumeChecker.java:checkAllVolumes(204)) - Scheduled health check for volume /workdir/hadoop-ozone/tools/target/test-dir/MiniOzoneClusterImpl-9fba51d2-8262-4f75-a70c-39cbbda2bfee/datanode-1/data/containers/hdds
2019-11-18 20:31:20,942 [main] INFO  impl.RaftServerProxy (ConfUtils.java:logGet(43)) - raft.rpc.type = GRPC (default)
2019-11-18 20:31:20,942 [main] INFO  grpc.GrpcFactory (GrpcFactory.java:checkPooledByteBufAllocatorUseCacheForAllThreads(45)) - PERFORMANCE WARNING: useCacheForAllThreads is true that may cause Netty to create a lot garbage objects and, as a result, trigger GC.
	It is recommended to disable useCacheForAllThreads by setting -Dorg.apache.ratis.thirdparty.io.netty.allocator.useCacheForAllThreads=false in command line.
2019-11-18 20:31:20,942 [main] INFO  grpc.GrpcConfigKeys$Server (ConfUtils.java:logGet(43)) - raft.grpc.server.port = 0 (default)
2019-11-18 20:31:20,943 [main] INFO  server.GrpcService (ConfUtils.java:logGet(43)) - raft.grpc.message.size.max = 33570816 (custom)
2019-11-18 20:31:20,943 [main] INFO  server.RaftServerConfigKeys (ConfUtils.java:logGet(43)) - raft.server.log.appender.buffer.byte-limit = 33554432 (custom)
2019-11-18 20:31:20,943 [main] INFO  server.GrpcService (ConfUtils.java:logGet(43)) - raft.grpc.flow.control.window = 1MB (=1048576) (default)
2019-11-18 20:31:20,944 [main] INFO  server.RaftServerConfigKeys (ConfUtils.java:logGet(43)) - raft.server.rpc.request.timeout = 3000ms (default)
2019-11-18 20:31:20,944 [main] INFO  server.RaftServerConfigKeys (ConfUtils.java:logGet(43)) - raft.server.storage.dir = [/workdir/hadoop-ozone/tools/target/test-dir/MiniOzoneClusterImpl-9fba51d2-8262-4f75-a70c-39cbbda2bfee/datanode-1/data/ratis] (custom)
2019-11-18 20:31:20,947 [main] INFO  hdfs.DFSUtil (DFSUtil.java:httpServerTemplateForNNAndJN(1641)) - Starting Web-server for hddsDatanode at: http://0.0.0.0:0
2019-11-18 20:31:20,949 [main] INFO  server.AuthenticationFilter (AuthenticationFilter.java:constructSecretProvider(240)) - Unable to initialize FileSignerSecretProvider, falling back to use random secrets.
2019-11-18 20:31:20,949 [main] WARN  http.HttpRequestLog (HttpRequestLog.java:getRequestLog(97)) - Jetty request log can only be enabled using Log4j
2019-11-18 20:31:20,952 [main] INFO  http.HttpServer2 (HttpServer2.java:addGlobalFilter(975)) - Added global filter 'safety' (class=org.apache.hadoop.http.HttpServer2$QuotingInputFilter)
2019-11-18 20:31:20,953 [main] INFO  http.HttpServer2 (HttpServer2.java:addFilter(948)) - Added filter static_user_filter (class=org.apache.hadoop.http.lib.StaticUserWebFilter$StaticUserFilter) to context hddsDatanode
2019-11-18 20:31:20,953 [main] INFO  http.HttpServer2 (HttpServer2.java:addFilter(958)) - Added filter static_user_filter (class=org.apache.hadoop.http.lib.StaticUserWebFilter$StaticUserFilter) to context static
2019-11-18 20:31:20,953 [main] INFO  http.HttpServer2 (HttpServer2.java:addFilter(958)) - Added filter static_user_filter (class=org.apache.hadoop.http.lib.StaticUserWebFilter$StaticUserFilter) to context logs
2019-11-18 20:31:20,954 [main] INFO  http.HttpServer2 (HttpServer2.java:bindListener(1191)) - Jetty bound to port 44685
2019-11-18 20:31:20,955 [main] INFO  server.Server (Server.java:doStart(351)) - jetty-9.3.25.v20180904, build timestamp: 2018-09-04T21:11:46Z, git hash: 3ce520221d0240229c862b122d2b06c12a625732
2019-11-18 20:31:20,959 [main] INFO  handler.ContextHandler (ContextHandler.java:doStart(781)) - Started o.e.j.s.ServletContextHandler@2f37f1f9{/logs,file:///workdir/hadoop-ozone/tools/target/log,AVAILABLE}
2019-11-18 20:31:20,960 [main] INFO  handler.ContextHandler (ContextHandler.java:doStart(781)) - Started o.e.j.s.ServletContextHandler@2af69643{/static,jar:file:/home/user/.m2/repository/org/apache/hadoop/hadoop-hdds-container-service/0.5.0-SNAPSHOT/hadoop-hdds-container-service-0.5.0-SNAPSHOT.jar!/webapps/static,AVAILABLE}
2019-11-18 20:31:21,001 [main] INFO  handler.ContextHandler (ContextHandler.java:doStart(781)) - Started o.e.j.w.WebAppContext@5d43409a{/,file:///tmp/jetty-0.0.0.0-44685-hddsDatanode-_-any-2559941780750782789.dir/webapp/,AVAILABLE}{/hddsDatanode}
2019-11-18 20:31:21,001 [Datanode State Machine Thread - 0] INFO  datanode.InitDatanodeState (InitDatanodeState.java:persistContainerDatanodeDetails(140)) - DatanodeDetails is persisted to /workdir/hadoop-ozone/tools/target/test-dir/MiniOzoneClusterImpl-9fba51d2-8262-4f75-a70c-39cbbda2bfee/datanode-0/meta/datanode.id
2019-11-18 20:31:21,001 [main] INFO  server.AbstractConnector (AbstractConnector.java:doStart(278)) - Started ServerConnector@38d17d80{HTTP/1.1,[http/1.1]}{0.0.0.0:44685}
2019-11-18 20:31:21,002 [main] INFO  server.Server (Server.java:doStart(419)) - Started @5238ms
2019-11-18 20:31:21,002 [main] WARN  impl.MetricsSystemImpl (MetricsSystemImpl.java:register(276)) - Sink prometheus already exists!
2019-11-18 20:31:21,003 [main] INFO  server.BaseHttpServer (BaseHttpServer.java:updateConnectorAddress(215)) - HTTP server of HDDSDATANODE is listening at http://0.0.0.0:44685
2019-11-18 20:31:21,004 [main] INFO  impl.MetricsSystemImpl (MetricsSystemImpl.java:init(158)) - HddsDatanode metrics system started (again)
2019-11-18 20:31:21,007 [main] INFO  ozone.HddsDatanodeService (HddsDatanodeService.java:start(186)) - HddsDatanodeService host:pr-hdds-2514-unusedmethodparam-bwdv4-1743785533 ip:192.168.157.200
2019-11-18 20:31:21,007 [org.apache.hadoop.util.JvmPauseMonitor$Monitor@26e70b85] INFO  util.JvmPauseMonitor (JvmPauseMonitor.java:run(188)) - Starting JVM pause monitor
2019-11-18 20:31:21,013 [Datanode State Machine Thread - 0] INFO  datanode.InitDatanodeState (InitDatanodeState.java:persistContainerDatanodeDetails(140)) - DatanodeDetails is persisted to /workdir/hadoop-ozone/tools/target/test-dir/MiniOzoneClusterImpl-9fba51d2-8262-4f75-a70c-39cbbda2bfee/datanode-1/meta/datanode.id
2019-11-18 20:31:21,017 [main] INFO  volume.HddsVolume (HddsVolume.java:<init>(176)) - Creating Volume: /workdir/hadoop-ozone/tools/target/test-dir/MiniOzoneClusterImpl-9fba51d2-8262-4f75-a70c-39cbbda2bfee/datanode-2/data/containers/hdds of  storage type : DISK and capacity : 1482555576320
2019-11-18 20:31:21,017 [main] INFO  volume.VolumeSet (VolumeSet.java:initializeVolumeSet(170)) - Added Volume : /workdir/hadoop-ozone/tools/target/test-dir/MiniOzoneClusterImpl-9fba51d2-8262-4f75-a70c-39cbbda2bfee/datanode-2/data/containers/hdds to VolumeSet
2019-11-18 20:31:21,017 [main] INFO  volume.ThrottledAsyncChecker (ThrottledAsyncChecker.java:schedule(141)) - Scheduling a check for /workdir/hadoop-ozone/tools/target/test-dir/MiniOzoneClusterImpl-9fba51d2-8262-4f75-a70c-39cbbda2bfee/datanode-2/data/containers/hdds
2019-11-18 20:31:21,018 [main] INFO  volume.HddsVolumeChecker (HddsVolumeChecker.java:checkAllVolumes(204)) - Scheduled health check for volume /workdir/hadoop-ozone/tools/target/test-dir/MiniOzoneClusterImpl-9fba51d2-8262-4f75-a70c-39cbbda2bfee/datanode-2/data/containers/hdds
2019-11-18 20:31:21,046 [main] INFO  impl.RaftServerProxy (ConfUtils.java:logGet(43)) - raft.rpc.type = GRPC (default)
2019-11-18 20:31:21,047 [main] INFO  grpc.GrpcFactory (GrpcFactory.java:checkPooledByteBufAllocatorUseCacheForAllThreads(45)) - PERFORMANCE WARNING: useCacheForAllThreads is true that may cause Netty to create a lot garbage objects and, as a result, trigger GC.
	It is recommended to disable useCacheForAllThreads by setting -Dorg.apache.ratis.thirdparty.io.netty.allocator.useCacheForAllThreads=false in command line.
2019-11-18 20:31:21,047 [main] INFO  grpc.GrpcConfigKeys$Server (ConfUtils.java:logGet(43)) - raft.grpc.server.port = 0 (default)
2019-11-18 20:31:21,048 [main] INFO  server.GrpcService (ConfUtils.java:logGet(43)) - raft.grpc.message.size.max = 33570816 (custom)
2019-11-18 20:31:21,048 [main] INFO  server.RaftServerConfigKeys (ConfUtils.java:logGet(43)) - raft.server.log.appender.buffer.byte-limit = 33554432 (custom)
2019-11-18 20:31:21,048 [main] INFO  server.GrpcService (ConfUtils.java:logGet(43)) - raft.grpc.flow.control.window = 1MB (=1048576) (default)
2019-11-18 20:31:21,049 [main] INFO  server.RaftServerConfigKeys (ConfUtils.java:logGet(43)) - raft.server.rpc.request.timeout = 3000ms (default)
2019-11-18 20:31:21,049 [main] INFO  server.RaftServerConfigKeys (ConfUtils.java:logGet(43)) - raft.server.storage.dir = [/workdir/hadoop-ozone/tools/target/test-dir/MiniOzoneClusterImpl-9fba51d2-8262-4f75-a70c-39cbbda2bfee/datanode-2/data/ratis] (custom)
2019-11-18 20:31:21,053 [main] INFO  hdfs.DFSUtil (DFSUtil.java:httpServerTemplateForNNAndJN(1641)) - Starting Web-server for hddsDatanode at: http://0.0.0.0:0
2019-11-18 20:31:21,055 [main] INFO  server.AuthenticationFilter (AuthenticationFilter.java:constructSecretProvider(240)) - Unable to initialize FileSignerSecretProvider, falling back to use random secrets.
2019-11-18 20:31:21,055 [main] WARN  http.HttpRequestLog (HttpRequestLog.java:getRequestLog(97)) - Jetty request log can only be enabled using Log4j
2019-11-18 20:31:21,058 [main] INFO  http.HttpServer2 (HttpServer2.java:addGlobalFilter(975)) - Added global filter 'safety' (class=org.apache.hadoop.http.HttpServer2$QuotingInputFilter)
2019-11-18 20:31:21,059 [main] INFO  http.HttpServer2 (HttpServer2.java:addFilter(948)) - Added filter static_user_filter (class=org.apache.hadoop.http.lib.StaticUserWebFilter$StaticUserFilter) to context hddsDatanode
2019-11-18 20:31:21,059 [main] INFO  http.HttpServer2 (HttpServer2.java:addFilter(958)) - Added filter static_user_filter (class=org.apache.hadoop.http.lib.StaticUserWebFilter$StaticUserFilter) to context logs
2019-11-18 20:31:21,059 [main] INFO  http.HttpServer2 (HttpServer2.java:addFilter(958)) - Added filter static_user_filter (class=org.apache.hadoop.http.lib.StaticUserWebFilter$StaticUserFilter) to context static
2019-11-18 20:31:21,060 [main] INFO  http.HttpServer2 (HttpServer2.java:bindListener(1191)) - Jetty bound to port 35472
2019-11-18 20:31:21,061 [main] INFO  server.Server (Server.java:doStart(351)) - jetty-9.3.25.v20180904, build timestamp: 2018-09-04T21:11:46Z, git hash: 3ce520221d0240229c862b122d2b06c12a625732
2019-11-18 20:31:21,064 [main] INFO  handler.ContextHandler (ContextHandler.java:doStart(781)) - Started o.e.j.s.ServletContextHandler@70228253{/logs,file:///workdir/hadoop-ozone/tools/target/log,AVAILABLE}
2019-11-18 20:31:21,064 [main] INFO  handler.ContextHandler (ContextHandler.java:doStart(781)) - Started o.e.j.s.ServletContextHandler@21bd20ee{/static,jar:file:/home/user/.m2/repository/org/apache/hadoop/hadoop-hdds-container-service/0.5.0-SNAPSHOT/hadoop-hdds-container-service-0.5.0-SNAPSHOT.jar!/webapps/static,AVAILABLE}
2019-11-18 20:31:21,104 [main] INFO  handler.ContextHandler (ContextHandler.java:doStart(781)) - Started o.e.j.w.WebAppContext@68a4dcc6{/,file:///tmp/jetty-0.0.0.0-35472-hddsDatanode-_-any-4938649802427124322.dir/webapp/,AVAILABLE}{/hddsDatanode}
2019-11-18 20:31:21,105 [main] INFO  server.AbstractConnector (AbstractConnector.java:doStart(278)) - Started ServerConnector@646c0a67{HTTP/1.1,[http/1.1]}{0.0.0.0:35472}
2019-11-18 20:31:21,106 [main] INFO  server.Server (Server.java:doStart(419)) - Started @5342ms
2019-11-18 20:31:21,106 [main] WARN  impl.MetricsSystemImpl (MetricsSystemImpl.java:register(276)) - Sink prometheus already exists!
2019-11-18 20:31:21,108 [main] INFO  server.BaseHttpServer (BaseHttpServer.java:updateConnectorAddress(215)) - HTTP server of HDDSDATANODE is listening at http://0.0.0.0:35472
2019-11-18 20:31:21,110 [main] INFO  ozone.MiniOzoneClusterImpl (MiniOzoneClusterImpl.java:lambda$waitForClusterToBeReady$2(171)) - Waiting for cluster to be ready. Got 0 of 3 DN Heartbeats.
2019-11-18 20:31:21,111 [org.apache.hadoop.util.JvmPauseMonitor$Monitor@422dbba5] INFO  util.JvmPauseMonitor (JvmPauseMonitor.java:run(188)) - Starting JVM pause monitor
2019-11-18 20:31:21,116 [Datanode State Machine Thread - 0] INFO  datanode.InitDatanodeState (InitDatanodeState.java:persistContainerDatanodeDetails(140)) - DatanodeDetails is persisted to /workdir/hadoop-ozone/tools/target/test-dir/MiniOzoneClusterImpl-9fba51d2-8262-4f75-a70c-39cbbda2bfee/datanode-2/meta/datanode.id
2019-11-18 20:31:22,110 [main] INFO  ozone.MiniOzoneClusterImpl (MiniOzoneClusterImpl.java:lambda$waitForClusterToBeReady$2(171)) - Waiting for cluster to be ready. Got 0 of 3 DN Heartbeats.
2019-11-18 20:31:22,987 [Datanode State Machine Thread - 0] INFO  ozoneimpl.OzoneContainer (OzoneContainer.java:start(230)) - Attempting to start container services.
2019-11-18 20:31:22,990 [Datanode State Machine Thread - 0] INFO  ozoneimpl.OzoneContainer (OzoneContainer.java:startContainerScrub(194)) - Background container scanner has been disabled.
2019-11-18 20:31:22,990 [Datanode State Machine Thread - 0] INFO  ratis.XceiverServerRatis (XceiverServerRatis.java:start(421)) - Starting XceiverServerRatis c599f64d-1569-429a-bb2e-93adf70cd479 at port 0
2019-11-18 20:31:23,016 [Datanode State Machine Thread - 0] INFO  impl.RaftServerProxy (RaftServerProxy.java:lambda$start$3(299)) - c599f64d-1569-429a-bb2e-93adf70cd479: start RPC server
2019-11-18 20:31:23,035 [Datanode State Machine Thread - 0] INFO  ozoneimpl.OzoneContainer (OzoneContainer.java:start(230)) - Attempting to start container services.
2019-11-18 20:31:23,041 [Datanode State Machine Thread - 0] INFO  ozoneimpl.OzoneContainer (OzoneContainer.java:startContainerScrub(194)) - Background container scanner has been disabled.
2019-11-18 20:31:23,042 [Datanode State Machine Thread - 0] INFO  ratis.XceiverServerRatis (XceiverServerRatis.java:start(421)) - Starting XceiverServerRatis b500fd20-cf57-471d-b9c7-5213c4722a40 at port 0
2019-11-18 20:31:23,051 [Datanode State Machine Thread - 0] INFO  impl.RaftServerProxy (RaftServerProxy.java:lambda$start$3(299)) - b500fd20-cf57-471d-b9c7-5213c4722a40: start RPC server
2019-11-18 20:31:23,112 [main] INFO  ozone.MiniOzoneClusterImpl (MiniOzoneClusterImpl.java:lambda$waitForClusterToBeReady$2(171)) - Waiting for cluster to be ready. Got 0 of 3 DN Heartbeats.
2019-11-18 20:31:23,137 [Datanode State Machine Thread - 0] INFO  ozoneimpl.OzoneContainer (OzoneContainer.java:start(230)) - Attempting to start container services.
2019-11-18 20:31:23,138 [Datanode State Machine Thread - 0] INFO  ozoneimpl.OzoneContainer (OzoneContainer.java:startContainerScrub(194)) - Background container scanner has been disabled.
2019-11-18 20:31:23,138 [Datanode State Machine Thread - 0] INFO  ratis.XceiverServerRatis (XceiverServerRatis.java:start(421)) - Starting XceiverServerRatis 94645783-fc8b-4cc0-8dc2-f650ddf89977 at port 0
2019-11-18 20:31:23,148 [Datanode State Machine Thread - 0] INFO  impl.RaftServerProxy (RaftServerProxy.java:lambda$start$3(299)) - 94645783-fc8b-4cc0-8dc2-f650ddf89977: start RPC server
2019-11-18 20:31:23,180 [Datanode State Machine Thread - 0] INFO  server.GrpcService (GrpcService.java:startImpl(158)) - c599f64d-1569-429a-bb2e-93adf70cd479: GrpcService started, listening on 0.0.0.0/0.0.0.0:35945
2019-11-18 20:31:23,180 [Datanode State Machine Thread - 0] INFO  server.GrpcService (GrpcService.java:startImpl(158)) - 94645783-fc8b-4cc0-8dc2-f650ddf89977: GrpcService started, listening on 0.0.0.0/0.0.0.0:43349
2019-11-18 20:31:23,180 [Datanode State Machine Thread - 0] INFO  server.GrpcService (GrpcService.java:startImpl(158)) - b500fd20-cf57-471d-b9c7-5213c4722a40: GrpcService started, listening on 0.0.0.0/0.0.0.0:39316
2019-11-18 20:31:23,181 [Datanode State Machine Thread - 0] INFO  ratis.XceiverServerRatis (XceiverServerRatis.java:start(431)) - XceiverServerRatis 94645783-fc8b-4cc0-8dc2-f650ddf89977 is started using port 43349
2019-11-18 20:31:23,181 [Datanode State Machine Thread - 0] INFO  ratis.XceiverServerRatis (XceiverServerRatis.java:start(431)) - XceiverServerRatis c599f64d-1569-429a-bb2e-93adf70cd479 is started using port 35945
2019-11-18 20:31:23,181 [Datanode State Machine Thread - 0] INFO  ratis.XceiverServerRatis (XceiverServerRatis.java:start(431)) - XceiverServerRatis b500fd20-cf57-471d-b9c7-5213c4722a40 is started using port 39316
2019-11-18 20:31:23,187 [Datanode State Machine Thread - 0] INFO  server.XceiverServerGrpc (XceiverServerGrpc.java:start(145)) - XceiverServerGrpc c599f64d-1569-429a-bb2e-93adf70cd479 is started using port 43242
2019-11-18 20:31:23,187 [Datanode State Machine Thread - 0] INFO  server.XceiverServerGrpc (XceiverServerGrpc.java:start(145)) - XceiverServerGrpc b500fd20-cf57-471d-b9c7-5213c4722a40 is started using port 37833
2019-11-18 20:31:23,187 [Datanode State Machine Thread - 0] INFO  server.XceiverServerGrpc (XceiverServerGrpc.java:start(145)) - XceiverServerGrpc 94645783-fc8b-4cc0-8dc2-f650ddf89977 is started using port 37263
2019-11-18 20:31:24,112 [main] INFO  ozone.MiniOzoneClusterImpl (MiniOzoneClusterImpl.java:lambda$waitForClusterToBeReady$2(171)) - Waiting for cluster to be ready. Got 0 of 3 DN Heartbeats.
2019-11-18 20:31:24,936 [IPC Server handler 0 on 39547] INFO  net.NetworkTopology (NetworkTopologyImpl.java:add(111)) - Added a new node: /default-rack/c599f64d-1569-429a-bb2e-93adf70cd479
2019-11-18 20:31:24,937 [IPC Server handler 0 on 39547] INFO  node.SCMNodeManager (SCMNodeManager.java:register(267)) - Registered Data node : c599f64d-1569-429a-bb2e-93adf70cd479{ip: 192.168.157.200, host: pr-hdds-2514-unusedmethodparam-bwdv4-1743785533, networkLocation: /default-rack, certSerialId: null}
2019-11-18 20:31:24,940 [EventQueue-NodeRegistrationContainerReportForDataNodeSafeModeRule] INFO  safemode.SCMSafeModeManager (DataNodeSafeModeRule.java:process(71)) - SCM in safe mode. 1 DataNodes registered, 1 required.
2019-11-18 20:31:24,941 [EventQueue-NodeRegistrationContainerReportForDataNodeSafeModeRule] INFO  safemode.SCMSafeModeManager (SCMSafeModeManager.java:validateSafeModeExitRules(177)) - ScmSafeModeManager, all rules are successfully validated
2019-11-18 20:31:24,941 [EventQueue-NodeRegistrationContainerReportForDataNodeSafeModeRule] INFO  safemode.SCMSafeModeManager (SCMSafeModeManager.java:exitSafeMode(193)) - SCM exiting safe mode.
2019-11-18 20:31:25,009 [IPC Server handler 1 on 39547] INFO  net.NetworkTopology (NetworkTopologyImpl.java:add(111)) - Added a new node: /default-rack/b500fd20-cf57-471d-b9c7-5213c4722a40
2019-11-18 20:31:25,010 [IPC Server handler 1 on 39547] INFO  node.SCMNodeManager (SCMNodeManager.java:register(267)) - Registered Data node : b500fd20-cf57-471d-b9c7-5213c4722a40{ip: 192.168.157.200, host: pr-hdds-2514-unusedmethodparam-bwdv4-1743785533, networkLocation: /default-rack, certSerialId: null}
2019-11-18 20:31:25,114 [IPC Server handler 5 on 39547] INFO  net.NetworkTopology (NetworkTopologyImpl.java:add(111)) - Added a new node: /default-rack/94645783-fc8b-4cc0-8dc2-f650ddf89977
2019-11-18 20:31:25,114 [IPC Server handler 5 on 39547] INFO  node.SCMNodeManager (SCMNodeManager.java:register(267)) - Registered Data node : 94645783-fc8b-4cc0-8dc2-f650ddf89977{ip: 192.168.157.200, host: pr-hdds-2514-unusedmethodparam-bwdv4-1743785533, networkLocation: /default-rack, certSerialId: null}
2019-11-18 20:31:25,414 [grpc-default-executor-0] INFO  impl.RaftServerProxy (RaftServerProxy.java:addNew(89)) - c599f64d-1569-429a-bb2e-93adf70cd479: addNew group-BF1C0B2CE67D:[c599f64d-1569-429a-bb2e-93adf70cd479:192.168.157.200:35945] returns group-BF1C0B2CE67D:java.util.concurrent.CompletableFuture@7eec63b3[Not completed]
2019-11-18 20:31:25,422 [pool-27-thread-1] INFO  impl.RaftServerImpl (RaftServerImpl.java:<init>(98)) - c599f64d-1569-429a-bb2e-93adf70cd479: new RaftServerImpl for group-BF1C0B2CE67D:[c599f64d-1569-429a-bb2e-93adf70cd479:192.168.157.200:35945] with ContainerStateMachine:uninitialized
2019-11-18 20:31:25,424 [pool-27-thread-1] INFO  server.RaftServerConfigKeys (ConfUtils.java:logGet(43)) - raft.server.rpc.timeout.min = 5s (custom)
2019-11-18 20:31:25,425 [pool-27-thread-1] INFO  server.RaftServerConfigKeys (ConfUtils.java:logGet(43)) - raft.server.rpc.timeout.max = 5200ms (custom)
2019-11-18 20:31:25,425 [pool-27-thread-1] INFO  server.RaftServerConfigKeys (ConfUtils.java:logGet(43)) - raft.server.rpcslowness.timeout = 120s (custom)
2019-11-18 20:31:25,426 [pool-27-thread-1] INFO  server.RaftServerConfigKeys (ConfUtils.java:logGet(43)) - raft.server.sleep.deviation.threshold = 300 (default)
2019-11-18 20:31:25,426 [pool-27-thread-1] INFO  server.RaftServerConfigKeys (ConfUtils.java:logGet(43)) - raft.server.log.appender.install.snapshot.enabled = false (custom)
2019-11-18 20:31:25,432 [pool-27-thread-1] INFO  impl.RaftServerImpl (ServerState.java:<init>(103)) - c599f64d-1569-429a-bb2e-93adf70cd479@group-BF1C0B2CE67D: ConfigurationManager, init=-1: [c599f64d-1569-429a-bb2e-93adf70cd479:192.168.157.200:35945], old=null, confs=<EMPTY_MAP>
2019-11-18 20:31:25,432 [pool-27-thread-1] INFO  server.RaftServerConfigKeys (ConfUtils.java:logGet(43)) - raft.server.storage.dir = [/workdir/hadoop-ozone/tools/target/test-dir/MiniOzoneClusterImpl-9fba51d2-8262-4f75-a70c-39cbbda2bfee/datanode-0/data/ratis] (custom)
2019-11-18 20:31:25,437 [pool-27-thread-1] INFO  server.RaftServerConfigKeys (ConfUtils.java:logGet(43)) - raft.server.log.corruption.policy = EXCEPTION (default)
2019-11-18 20:31:25,439 [pool-27-thread-1] INFO  storage.RaftStorageDirectory (RaftStorageDirectory.java:analyzeStorage(246)) - The storage directory /workdir/hadoop-ozone/tools/target/test-dir/MiniOzoneClusterImpl-9fba51d2-8262-4f75-a70c-39cbbda2bfee/datanode-0/data/ratis/cebc7bd5-f388-4b4a-a20c-bf1c0b2ce67d does not exist. Creating ...
2019-11-18 20:31:25,474 [pool-27-thread-1] INFO  storage.RaftStorageDirectory (RaftStorageDirectory.java:tryLock(328)) - Lock on /workdir/hadoop-ozone/tools/target/test-dir/MiniOzoneClusterImpl-9fba51d2-8262-4f75-a70c-39cbbda2bfee/datanode-0/data/ratis/cebc7bd5-f388-4b4a-a20c-bf1c0b2ce67d/in_use.lock acquired by nodename 20020@pr-hdds-2514-unusedmethodparam-bwdv4-1743785533
2019-11-18 20:31:25,499 [pool-27-thread-1] INFO  storage.RaftStorage (RaftStorage.java:format(84)) - Storage directory /workdir/hadoop-ozone/tools/target/test-dir/MiniOzoneClusterImpl-9fba51d2-8262-4f75-a70c-39cbbda2bfee/datanode-0/data/ratis/cebc7bd5-f388-4b4a-a20c-bf1c0b2ce67d has been successfully formatted.
2019-11-18 20:31:25,501 [pool-27-thread-1] INFO  ratis.ContainerStateMachine (ContainerStateMachine.java:loadSnapshot(223)) - group-BF1C0B2CE67D: The snapshot info is null. Setting the last applied indexto:(t:0, i:~)
2019-11-18 20:31:25,501 [pool-27-thread-1] INFO  server.RaftServerConfigKeys (ConfUtils.java:logGet(43)) - raft.server.notification.no-leader.timeout = 120s (custom)
2019-11-18 20:31:25,503 [pool-27-thread-1] INFO  server.RaftServerConfigKeys (ConfUtils.java:logGet(43)) - raft.server.log.use.memory = false (default)
2019-11-18 20:31:25,507 [pool-27-thread-1] INFO  server.RaftServerConfigKeys (ConfUtils.java:logGet(43)) - raft.server.log.purge.gap = 1000000 (custom)
2019-11-18 20:31:25,507 [pool-27-thread-1] INFO  server.RaftServerConfigKeys (ConfUtils.java:logGet(43)) - raft.server.log.appender.buffer.byte-limit = 33554432 (custom)
2019-11-18 20:31:25,509 [pool-27-thread-1] INFO  server.RaftServerConfigKeys (ConfUtils.java:logGet(43)) - raft.server.log.segment.size.max = 1048576 (custom)
2019-11-18 20:31:25,513 [pool-27-thread-1] INFO  metrics.MetricRegistries (MetricRegistriesLoader.java:load(64)) - Loaded MetricRegistries class org.apache.ratis.metrics.impl.MetricRegistriesImpl
2019-11-18 20:31:25,516 [pool-27-thread-1] WARN  impl.MetricRegistriesImpl (MetricRegistriesImpl.java:lambda$create$1(61)) - First MetricRegistry has been created without registering reporters. You may need to call MetricRegistries.global().addReportRegistration(...) before.
2019-11-18 20:31:25,521 [pool-27-thread-1] INFO  server.RaftServerConfigKeys (ConfUtils.java:logGet(43)) - raft.server.log.segment.cache.num.max = 2 (custom)
2019-11-18 20:31:25,525 [pool-27-thread-1] INFO  segmented.SegmentedRaftLogWorker (SegmentedRaftLogWorker.java:<init>(173)) - new c599f64d-1569-429a-bb2e-93adf70cd479@group-BF1C0B2CE67D-SegmentedRaftLogWorker for RaftStorage:Storage Directory /workdir/hadoop-ozone/tools/target/test-dir/MiniOzoneClusterImpl-9fba51d2-8262-4f75-a70c-39cbbda2bfee/datanode-0/data/ratis/cebc7bd5-f388-4b4a-a20c-bf1c0b2ce67d
2019-11-18 20:31:25,526 [pool-27-thread-1] INFO  server.RaftServerConfigKeys (ConfUtils.java:logGet(43)) - raft.server.log.queue.byte-limit = 2147483647 (custom)
2019-11-18 20:31:25,526 [pool-27-thread-1] INFO  server.RaftServerConfigKeys (ConfUtils.java:logGet(43)) - raft.server.log.queue.element-limit = 1024 (custom)
2019-11-18 20:31:25,527 [pool-27-thread-1] INFO  server.RaftServerConfigKeys (ConfUtils.java:logGet(43)) - raft.server.log.segment.size.max = 1048576 (custom)
2019-11-18 20:31:25,528 [pool-27-thread-1] INFO  server.RaftServerConfigKeys (ConfUtils.java:logGet(43)) - raft.server.log.preallocated.size = 16384 (custom)
2019-11-18 20:31:25,528 [pool-27-thread-1] INFO  server.RaftServerConfigKeys (ConfUtils.java:logGet(43)) - raft.server.log.write.buffer.size = 33554432 (custom)
2019-11-18 20:31:25,529 [pool-27-thread-1] INFO  server.RaftServerConfigKeys (ConfUtils.java:logGet(43)) - raft.server.log.force.sync.num = 128 (default)
2019-11-18 20:31:25,529 [pool-27-thread-1] INFO  server.RaftServerConfigKeys (ConfUtils.java:logGet(43)) - raft.server.log.statemachine.data.sync = true (default)
2019-11-18 20:31:25,530 [pool-27-thread-1] INFO  server.RaftServerConfigKeys (ConfUtils.java:logGet(43)) - raft.server.log.statemachine.data.sync.timeout = 10s (default)
2019-11-18 20:31:25,530 [pool-27-thread-1] INFO  server.RaftServerConfigKeys (ConfUtils.java:logGet(43)) - raft.server.log.statemachine.data.sync.timeout.retry = -1 (default)
2019-11-18 20:31:25,540 [pool-27-thread-1] INFO  server.RaftServerConfigKeys (ConfUtils.java:logGet(43)) - raft.server.log.statemachine.data.caching.enabled = true (custom)
2019-11-18 20:31:25,544 [pool-27-thread-1] INFO  segmented.SegmentedRaftLogWorker (SegmentedRaftLogWorker.java:lambda$new$0(128)) - c599f64d-1569-429a-bb2e-93adf70cd479@group-BF1C0B2CE67D-SegmentedRaftLogWorker: flushIndex: setUnconditionally 0 -> -1
2019-11-18 20:31:25,548 [pool-27-thread-1] INFO  server.RaftServerConfigKeys (ConfUtils.java:logGet(43)) - raft.server.snapshot.auto.trigger.enabled = true (custom)
2019-11-18 20:31:25,548 [pool-27-thread-1] INFO  server.RaftServerConfigKeys (ConfUtils.java:logGet(43)) - raft.server.snapshot.auto.trigger.threshold = 10000 (custom)
2019-11-18 20:31:25,549 [pool-27-thread-1] INFO  server.RaftServerConfigKeys (ConfUtils.java:logGet(43)) - raft.server.snapshot.retention.file.num = 5 (custom)
2019-11-18 20:31:25,549 [pool-27-thread-1] INFO  server.RaftServerConfigKeys (ConfUtils.java:logGet(43)) - raft.server.retrycache.expirytime = 600000ms (custom)
2019-11-18 20:31:25,578 [pool-27-thread-1] WARN  impl.MetricRegistriesImpl (MetricRegistriesImpl.java:lambda$create$1(61)) - First MetricRegistry has been created without registering reporters. You may need to call MetricRegistries.global().addReportRegistration(...) before.
2019-11-18 20:31:25,582 [pool-27-thread-1] WARN  impl.MetricRegistriesImpl (MetricRegistriesImpl.java:lambda$create$1(61)) - First MetricRegistry has been created without registering reporters. You may need to call MetricRegistries.global().addReportRegistration(...) before.
2019-11-18 20:31:25,585 [pool-27-thread-1] INFO  impl.RaftServerImpl (RaftServerImpl.java:start(184)) - c599f64d-1569-429a-bb2e-93adf70cd479@group-BF1C0B2CE67D: start as a follower, conf=-1: [c599f64d-1569-429a-bb2e-93adf70cd479:192.168.157.200:35945], old=null
2019-11-18 20:31:25,586 [pool-27-thread-1] INFO  impl.RaftServerImpl (RaftServerImpl.java:setRole(173)) - c599f64d-1569-429a-bb2e-93adf70cd479@group-BF1C0B2CE67D: changes role from      null to FOLLOWER at term 0 for startAsFollower
2019-11-18 20:31:25,588 [pool-27-thread-1] INFO  impl.RoleInfo (RoleInfo.java:updateAndGet(143)) - c599f64d-1569-429a-bb2e-93adf70cd479: start FollowerState
2019-11-18 20:31:25,591 [pool-27-thread-1] INFO  util.JmxRegister (JmxRegister.java:tryRegister(44)) - Successfully registered JMX Bean with object name Ratis:service=RaftServer,group=group-BF1C0B2CE67D,id=c599f64d-1569-429a-bb2e-93adf70cd479
2019-11-18 20:31:25,593 [pool-27-thread-1] WARN  impl.MetricRegistriesImpl (MetricRegistriesImpl.java:lambda$create$1(61)) - First MetricRegistry has been created without registering reporters. You may need to call MetricRegistries.global().addReportRegistration(...) before.
2019-11-18 20:31:25,669 [RatisPipelineUtilsThread] INFO  pipeline.PipelineStateManager (PipelineStateManager.java:addPipeline(55)) - Created pipeline Pipeline[ Id: cebc7bd5-f388-4b4a-a20c-bf1c0b2ce67d, Nodes: c599f64d-1569-429a-bb2e-93adf70cd479{ip: 192.168.157.200, host: pr-hdds-2514-unusedmethodparam-bwdv4-1743785533, networkLocation: /default-rack, certSerialId: null}, Type:RATIS, Factor:ONE, State:ALLOCATED]
2019-11-18 20:31:25,688 [grpc-default-executor-0] INFO  impl.RaftServerProxy (RaftServerProxy.java:addNew(89)) - 94645783-fc8b-4cc0-8dc2-f650ddf89977: addNew group-91061767E6EE:[94645783-fc8b-4cc0-8dc2-f650ddf89977:192.168.157.200:43349] returns group-91061767E6EE:java.util.concurrent.CompletableFuture@192d5619[Not completed]
2019-11-18 20:31:25,707 [pool-47-thread-1] INFO  impl.RaftServerImpl (RaftServerImpl.java:<init>(98)) - 94645783-fc8b-4cc0-8dc2-f650ddf89977: new RaftServerImpl for group-91061767E6EE:[94645783-fc8b-4cc0-8dc2-f650ddf89977:192.168.157.200:43349] with ContainerStateMachine:uninitialized
2019-11-18 20:31:25,708 [pool-47-thread-1] INFO  server.RaftServerConfigKeys (ConfUtils.java:logGet(43)) - raft.server.rpc.timeout.min = 5s (custom)
2019-11-18 20:31:25,708 [pool-47-thread-1] INFO  server.RaftServerConfigKeys (ConfUtils.java:logGet(43)) - raft.server.rpc.timeout.max = 5200ms (custom)
2019-11-18 20:31:25,708 [pool-47-thread-1] INFO  server.RaftServerConfigKeys (ConfUtils.java:logGet(43)) - raft.server.rpcslowness.timeout = 120s (custom)
2019-11-18 20:31:25,708 [pool-47-thread-1] INFO  server.RaftServerConfigKeys (ConfUtils.java:logGet(43)) - raft.server.sleep.deviation.threshold = 300 (default)
2019-11-18 20:31:25,708 [pool-47-thread-1] INFO  server.RaftServerConfigKeys (ConfUtils.java:logGet(43)) - raft.server.log.appender.install.snapshot.enabled = false (custom)
2019-11-18 20:31:25,709 [pool-47-thread-1] INFO  impl.RaftServerImpl (ServerState.java:<init>(103)) - 94645783-fc8b-4cc0-8dc2-f650ddf89977@group-91061767E6EE: ConfigurationManager, init=-1: [94645783-fc8b-4cc0-8dc2-f650ddf89977:192.168.157.200:43349], old=null, confs=<EMPTY_MAP>
2019-11-18 20:31:25,709 [pool-47-thread-1] INFO  server.RaftServerConfigKeys (ConfUtils.java:logGet(43)) - raft.server.storage.dir = [/workdir/hadoop-ozone/tools/target/test-dir/MiniOzoneClusterImpl-9fba51d2-8262-4f75-a70c-39cbbda2bfee/datanode-2/data/ratis] (custom)
2019-11-18 20:31:25,709 [pool-47-thread-1] INFO  server.RaftServerConfigKeys (ConfUtils.java:logGet(43)) - raft.server.log.corruption.policy = EXCEPTION (default)
2019-11-18 20:31:25,709 [pool-47-thread-1] INFO  storage.RaftStorageDirectory (RaftStorageDirectory.java:analyzeStorage(246)) - The storage directory /workdir/hadoop-ozone/tools/target/test-dir/MiniOzoneClusterImpl-9fba51d2-8262-4f75-a70c-39cbbda2bfee/datanode-2/data/ratis/9acec783-9dad-4445-bec5-91061767e6ee does not exist. Creating ...
2019-11-18 20:31:25,733 [pool-47-thread-1] INFO  storage.RaftStorageDirectory (RaftStorageDirectory.java:tryLock(328)) - Lock on /workdir/hadoop-ozone/tools/target/test-dir/MiniOzoneClusterImpl-9fba51d2-8262-4f75-a70c-39cbbda2bfee/datanode-2/data/ratis/9acec783-9dad-4445-bec5-91061767e6ee/in_use.lock acquired by nodename 20020@pr-hdds-2514-unusedmethodparam-bwdv4-1743785533
2019-11-18 20:31:25,758 [pool-47-thread-1] INFO  storage.RaftStorage (RaftStorage.java:format(84)) - Storage directory /workdir/hadoop-ozone/tools/target/test-dir/MiniOzoneClusterImpl-9fba51d2-8262-4f75-a70c-39cbbda2bfee/datanode-2/data/ratis/9acec783-9dad-4445-bec5-91061767e6ee has been successfully formatted.
2019-11-18 20:31:25,759 [pool-47-thread-1] INFO  ratis.ContainerStateMachine (ContainerStateMachine.java:loadSnapshot(223)) - group-91061767E6EE: The snapshot info is null. Setting the last applied indexto:(t:0, i:~)
2019-11-18 20:31:25,760 [pool-47-thread-1] INFO  server.RaftServerConfigKeys (ConfUtils.java:logGet(43)) - raft.server.notification.no-leader.timeout = 120s (custom)
2019-11-18 20:31:25,760 [pool-47-thread-1] INFO  server.RaftServerConfigKeys (ConfUtils.java:logGet(43)) - raft.server.log.use.memory = false (default)
2019-11-18 20:31:25,760 [pool-47-thread-1] INFO  server.RaftServerConfigKeys (ConfUtils.java:logGet(43)) - raft.server.log.purge.gap = 1000000 (custom)
2019-11-18 20:31:25,761 [pool-47-thread-1] INFO  server.RaftServerConfigKeys (ConfUtils.java:logGet(43)) - raft.server.log.appender.buffer.byte-limit = 33554432 (custom)
2019-11-18 20:31:25,761 [pool-47-thread-1] INFO  server.RaftServerConfigKeys (ConfUtils.java:logGet(43)) - raft.server.log.segment.size.max = 1048576 (custom)
2019-11-18 20:31:25,761 [pool-47-thread-1] WARN  impl.MetricRegistriesImpl (MetricRegistriesImpl.java:lambda$create$1(61)) - First MetricRegistry has been created without registering reporters. You may need to call MetricRegistries.global().addReportRegistration(...) before.
2019-11-18 20:31:25,761 [pool-47-thread-1] INFO  server.RaftServerConfigKeys (ConfUtils.java:logGet(43)) - raft.server.log.segment.cache.num.max = 2 (custom)
2019-11-18 20:31:25,762 [pool-47-thread-1] INFO  segmented.SegmentedRaftLogWorker (SegmentedRaftLogWorker.java:<init>(173)) - new 94645783-fc8b-4cc0-8dc2-f650ddf89977@group-91061767E6EE-SegmentedRaftLogWorker for RaftStorage:Storage Directory /workdir/hadoop-ozone/tools/target/test-dir/MiniOzoneClusterImpl-9fba51d2-8262-4f75-a70c-39cbbda2bfee/datanode-2/data/ratis/9acec783-9dad-4445-bec5-91061767e6ee
2019-11-18 20:31:25,762 [pool-47-thread-1] INFO  server.RaftServerConfigKeys (ConfUtils.java:logGet(43)) - raft.server.log.queue.byte-limit = 2147483647 (custom)
2019-11-18 20:31:25,762 [pool-47-thread-1] INFO  server.RaftServerConfigKeys (ConfUtils.java:logGet(43)) - raft.server.log.queue.element-limit = 1024 (custom)
2019-11-18 20:31:25,762 [pool-47-thread-1] INFO  server.RaftServerConfigKeys (ConfUtils.java:logGet(43)) - raft.server.log.segment.size.max = 1048576 (custom)
2019-11-18 20:31:25,763 [pool-47-thread-1] INFO  server.RaftServerConfigKeys (ConfUtils.java:logGet(43)) - raft.server.log.preallocated.size = 16384 (custom)
2019-11-18 20:31:25,763 [pool-47-thread-1] INFO  server.RaftServerConfigKeys (ConfUtils.java:logGet(43)) - raft.server.log.write.buffer.size = 33554432 (custom)
2019-11-18 20:31:25,763 [pool-47-thread-1] INFO  server.RaftServerConfigKeys (ConfUtils.java:logGet(43)) - raft.server.log.force.sync.num = 128 (default)
2019-11-18 20:31:25,763 [pool-47-thread-1] INFO  server.RaftServerConfigKeys (ConfUtils.java:logGet(43)) - raft.server.log.statemachine.data.sync = true (default)
2019-11-18 20:31:25,763 [pool-47-thread-1] INFO  server.RaftServerConfigKeys (ConfUtils.java:logGet(43)) - raft.server.log.statemachine.data.sync.timeout = 10s (default)
2019-11-18 20:31:25,763 [pool-47-thread-1] INFO  server.RaftServerConfigKeys (ConfUtils.java:logGet(43)) - raft.server.log.statemachine.data.sync.timeout.retry = -1 (default)
2019-11-18 20:31:25,764 [pool-47-thread-1] INFO  server.RaftServerConfigKeys (ConfUtils.java:logGet(43)) - raft.server.log.statemachine.data.caching.enabled = true (custom)
2019-11-18 20:31:25,767 [pool-47-thread-1] INFO  segmented.SegmentedRaftLogWorker (SegmentedRaftLogWorker.java:lambda$new$0(128)) - 94645783-fc8b-4cc0-8dc2-f650ddf89977@group-91061767E6EE-SegmentedRaftLogWorker: flushIndex: setUnconditionally 0 -> -1
2019-11-18 20:31:25,767 [pool-47-thread-1] INFO  server.RaftServerConfigKeys (ConfUtils.java:logGet(43)) - raft.server.snapshot.auto.trigger.enabled = true (custom)
2019-11-18 20:31:25,767 [pool-47-thread-1] INFO  server.RaftServerConfigKeys (ConfUtils.java:logGet(43)) - raft.server.snapshot.auto.trigger.threshold = 10000 (custom)
2019-11-18 20:31:25,768 [pool-47-thread-1] INFO  server.RaftServerConfigKeys (ConfUtils.java:logGet(43)) - raft.server.snapshot.retention.file.num = 5 (custom)
2019-11-18 20:31:25,768 [pool-47-thread-1] INFO  server.RaftServerConfigKeys (ConfUtils.java:logGet(43)) - raft.server.retrycache.expirytime = 600000ms (custom)
2019-11-18 20:31:25,768 [pool-47-thread-1] WARN  impl.MetricRegistriesImpl (MetricRegistriesImpl.java:lambda$create$1(61)) - First MetricRegistry has been created without registering reporters. You may need to call MetricRegistries.global().addReportRegistration(...) before.
2019-11-18 20:31:25,768 [pool-47-thread-1] WARN  impl.MetricRegistriesImpl (MetricRegistriesImpl.java:lambda$create$1(61)) - First MetricRegistry has been created without registering reporters. You may need to call MetricRegistries.global().addReportRegistration(...) before.
2019-11-18 20:31:25,768 [pool-47-thread-1] INFO  impl.RaftServerImpl (RaftServerImpl.java:start(184)) - 94645783-fc8b-4cc0-8dc2-f650ddf89977@group-91061767E6EE: start as a follower, conf=-1: [94645783-fc8b-4cc0-8dc2-f650ddf89977:192.168.157.200:43349], old=null
2019-11-18 20:31:25,768 [pool-47-thread-1] INFO  impl.RaftServerImpl (RaftServerImpl.java:setRole(173)) - 94645783-fc8b-4cc0-8dc2-f650ddf89977@group-91061767E6EE: changes role from      null to FOLLOWER at term 0 for startAsFollower
2019-11-18 20:31:25,769 [pool-47-thread-1] INFO  impl.RoleInfo (RoleInfo.java:updateAndGet(143)) - 94645783-fc8b-4cc0-8dc2-f650ddf89977: start FollowerState
2019-11-18 20:31:25,769 [pool-47-thread-1] INFO  util.JmxRegister (JmxRegister.java:tryRegister(44)) - Successfully registered JMX Bean with object name Ratis:service=RaftServer,group=group-91061767E6EE,id=94645783-fc8b-4cc0-8dc2-f650ddf89977
2019-11-18 20:31:25,770 [pool-47-thread-1] WARN  impl.MetricRegistriesImpl (MetricRegistriesImpl.java:lambda$create$1(61)) - First MetricRegistry has been created without registering reporters. You may need to call MetricRegistries.global().addReportRegistration(...) before.
2019-11-18 20:31:25,780 [RatisPipelineUtilsThread] INFO  pipeline.PipelineStateManager (PipelineStateManager.java:addPipeline(55)) - Created pipeline Pipeline[ Id: 9acec783-9dad-4445-bec5-91061767e6ee, Nodes: 94645783-fc8b-4cc0-8dc2-f650ddf89977{ip: 192.168.157.200, host: pr-hdds-2514-unusedmethodparam-bwdv4-1743785533, networkLocation: /default-rack, certSerialId: null}, Type:RATIS, Factor:ONE, State:ALLOCATED]
2019-11-18 20:31:25,795 [grpc-default-executor-0] INFO  impl.RaftServerProxy (RaftServerProxy.java:addNew(89)) - b500fd20-cf57-471d-b9c7-5213c4722a40: addNew group-05EA45D094CB:[b500fd20-cf57-471d-b9c7-5213c4722a40:192.168.157.200:39316] returns group-05EA45D094CB:java.util.concurrent.CompletableFuture@b4684e7[Not completed]
2019-11-18 20:31:25,805 [pool-37-thread-1] INFO  impl.RaftServerImpl (RaftServerImpl.java:<init>(98)) - b500fd20-cf57-471d-b9c7-5213c4722a40: new RaftServerImpl for group-05EA45D094CB:[b500fd20-cf57-471d-b9c7-5213c4722a40:192.168.157.200:39316] with ContainerStateMachine:uninitialized
2019-11-18 20:31:25,806 [pool-37-thread-1] INFO  server.RaftServerConfigKeys (ConfUtils.java:logGet(43)) - raft.server.rpc.timeout.min = 5s (custom)
2019-11-18 20:31:25,806 [pool-37-thread-1] INFO  server.RaftServerConfigKeys (ConfUtils.java:logGet(43)) - raft.server.rpc.timeout.max = 5200ms (custom)
2019-11-18 20:31:25,806 [pool-37-thread-1] INFO  server.RaftServerConfigKeys (ConfUtils.java:logGet(43)) - raft.server.rpcslowness.timeout = 120s (custom)
2019-11-18 20:31:25,806 [pool-37-thread-1] INFO  server.RaftServerConfigKeys (ConfUtils.java:logGet(43)) - raft.server.sleep.deviation.threshold = 300 (default)
2019-11-18 20:31:25,807 [pool-37-thread-1] INFO  server.RaftServerConfigKeys (ConfUtils.java:logGet(43)) - raft.server.log.appender.install.snapshot.enabled = false (custom)
2019-11-18 20:31:25,807 [pool-37-thread-1] INFO  impl.RaftServerImpl (ServerState.java:<init>(103)) - b500fd20-cf57-471d-b9c7-5213c4722a40@group-05EA45D094CB: ConfigurationManager, init=-1: [b500fd20-cf57-471d-b9c7-5213c4722a40:192.168.157.200:39316], old=null, confs=<EMPTY_MAP>
2019-11-18 20:31:25,807 [pool-37-thread-1] INFO  server.RaftServerConfigKeys (ConfUtils.java:logGet(43)) - raft.server.storage.dir = [/workdir/hadoop-ozone/tools/target/test-dir/MiniOzoneClusterImpl-9fba51d2-8262-4f75-a70c-39cbbda2bfee/datanode-1/data/ratis] (custom)
2019-11-18 20:31:25,807 [pool-37-thread-1] INFO  server.RaftServerConfigKeys (ConfUtils.java:logGet(43)) - raft.server.log.corruption.policy = EXCEPTION (default)
2019-11-18 20:31:25,808 [pool-37-thread-1] INFO  storage.RaftStorageDirectory (RaftStorageDirectory.java:analyzeStorage(246)) - The storage directory /workdir/hadoop-ozone/tools/target/test-dir/MiniOzoneClusterImpl-9fba51d2-8262-4f75-a70c-39cbbda2bfee/datanode-1/data/ratis/fc95c128-4152-42f4-95b9-05ea45d094cb does not exist. Creating ...
2019-11-18 20:31:25,834 [pool-37-thread-1] INFO  storage.RaftStorageDirectory (RaftStorageDirectory.java:tryLock(328)) - Lock on /workdir/hadoop-ozone/tools/target/test-dir/MiniOzoneClusterImpl-9fba51d2-8262-4f75-a70c-39cbbda2bfee/datanode-1/data/ratis/fc95c128-4152-42f4-95b9-05ea45d094cb/in_use.lock acquired by nodename 20020@pr-hdds-2514-unusedmethodparam-bwdv4-1743785533
2019-11-18 20:31:25,860 [pool-37-thread-1] INFO  storage.RaftStorage (RaftStorage.java:format(84)) - Storage directory /workdir/hadoop-ozone/tools/target/test-dir/MiniOzoneClusterImpl-9fba51d2-8262-4f75-a70c-39cbbda2bfee/datanode-1/data/ratis/fc95c128-4152-42f4-95b9-05ea45d094cb has been successfully formatted.
2019-11-18 20:31:25,860 [pool-37-thread-1] INFO  ratis.ContainerStateMachine (ContainerStateMachine.java:loadSnapshot(223)) - group-05EA45D094CB: The snapshot info is null. Setting the last applied indexto:(t:0, i:~)
2019-11-18 20:31:25,861 [pool-37-thread-1] INFO  server.RaftServerConfigKeys (ConfUtils.java:logGet(43)) - raft.server.notification.no-leader.timeout = 120s (custom)
2019-11-18 20:31:25,861 [pool-37-thread-1] INFO  server.RaftServerConfigKeys (ConfUtils.java:logGet(43)) - raft.server.log.use.memory = false (default)
2019-11-18 20:31:25,861 [pool-37-thread-1] INFO  server.RaftServerConfigKeys (ConfUtils.java:logGet(43)) - raft.server.log.purge.gap = 1000000 (custom)
2019-11-18 20:31:25,861 [pool-37-thread-1] INFO  server.RaftServerConfigKeys (ConfUtils.java:logGet(43)) - raft.server.log.appender.buffer.byte-limit = 33554432 (custom)
2019-11-18 20:31:25,861 [pool-37-thread-1] INFO  server.RaftServerConfigKeys (ConfUtils.java:logGet(43)) - raft.server.log.segment.size.max = 1048576 (custom)
2019-11-18 20:31:25,862 [pool-37-thread-1] WARN  impl.MetricRegistriesImpl (MetricRegistriesImpl.java:lambda$create$1(61)) - First MetricRegistry has been created without registering reporters. You may need to call MetricRegistries.global().addReportRegistration(...) before.
2019-11-18 20:31:25,862 [pool-37-thread-1] INFO  server.RaftServerConfigKeys (ConfUtils.java:logGet(43)) - raft.server.log.segment.cache.num.max = 2 (custom)
2019-11-18 20:31:25,862 [pool-37-thread-1] INFO  segmented.SegmentedRaftLogWorker (SegmentedRaftLogWorker.java:<init>(173)) - new b500fd20-cf57-471d-b9c7-5213c4722a40@group-05EA45D094CB-SegmentedRaftLogWorker for RaftStorage:Storage Directory /workdir/hadoop-ozone/tools/target/test-dir/MiniOzoneClusterImpl-9fba51d2-8262-4f75-a70c-39cbbda2bfee/datanode-1/data/ratis/fc95c128-4152-42f4-95b9-05ea45d094cb
2019-11-18 20:31:25,862 [pool-37-thread-1] INFO  server.RaftServerConfigKeys (ConfUtils.java:logGet(43)) - raft.server.log.queue.byte-limit = 2147483647 (custom)
2019-11-18 20:31:25,863 [pool-37-thread-1] INFO  server.RaftServerConfigKeys (ConfUtils.java:logGet(43)) - raft.server.log.queue.element-limit = 1024 (custom)
2019-11-18 20:31:25,863 [pool-37-thread-1] INFO  server.RaftServerConfigKeys (ConfUtils.java:logGet(43)) - raft.server.log.segment.size.max = 1048576 (custom)
2019-11-18 20:31:25,863 [pool-37-thread-1] INFO  server.RaftServerConfigKeys (ConfUtils.java:logGet(43)) - raft.server.log.preallocated.size = 16384 (custom)
2019-11-18 20:31:25,863 [pool-37-thread-1] INFO  server.RaftServerConfigKeys (ConfUtils.java:logGet(43)) - raft.server.log.write.buffer.size = 33554432 (custom)
2019-11-18 20:31:25,863 [pool-37-thread-1] INFO  server.RaftServerConfigKeys (ConfUtils.java:logGet(43)) - raft.server.log.force.sync.num = 128 (default)
2019-11-18 20:31:25,864 [pool-37-thread-1] INFO  server.RaftServerConfigKeys (ConfUtils.java:logGet(43)) - raft.server.log.statemachine.data.sync = true (default)
2019-11-18 20:31:25,864 [pool-37-thread-1] INFO  server.RaftServerConfigKeys (ConfUtils.java:logGet(43)) - raft.server.log.statemachine.data.sync.timeout = 10s (default)
2019-11-18 20:31:25,864 [pool-37-thread-1] INFO  server.RaftServerConfigKeys (ConfUtils.java:logGet(43)) - raft.server.log.statemachine.data.sync.timeout.retry = -1 (default)
2019-11-18 20:31:25,864 [pool-37-thread-1] INFO  server.RaftServerConfigKeys (ConfUtils.java:logGet(43)) - raft.server.log.statemachine.data.caching.enabled = true (custom)
2019-11-18 20:31:25,865 [pool-37-thread-1] INFO  segmented.SegmentedRaftLogWorker (SegmentedRaftLogWorker.java:lambda$new$0(128)) - b500fd20-cf57-471d-b9c7-5213c4722a40@group-05EA45D094CB-SegmentedRaftLogWorker: flushIndex: setUnconditionally 0 -> -1
2019-11-18 20:31:25,866 [pool-37-thread-1] INFO  server.RaftServerConfigKeys (ConfUtils.java:logGet(43)) - raft.server.snapshot.auto.trigger.enabled = true (custom)
2019-11-18 20:31:25,866 [pool-37-thread-1] INFO  server.RaftServerConfigKeys (ConfUtils.java:logGet(43)) - raft.server.snapshot.auto.trigger.threshold = 10000 (custom)
2019-11-18 20:31:25,866 [pool-37-thread-1] INFO  server.RaftServerConfigKeys (ConfUtils.java:logGet(43)) - raft.server.snapshot.retention.file.num = 5 (custom)
2019-11-18 20:31:25,866 [pool-37-thread-1] INFO  server.RaftServerConfigKeys (ConfUtils.java:logGet(43)) - raft.server.retrycache.expirytime = 600000ms (custom)
2019-11-18 20:31:25,867 [pool-37-thread-1] WARN  impl.MetricRegistriesImpl (MetricRegistriesImpl.java:lambda$create$1(61)) - First MetricRegistry has been created without registering reporters. You may need to call MetricRegistries.global().addReportRegistration(...) before.
2019-11-18 20:31:25,867 [pool-37-thread-1] WARN  impl.MetricRegistriesImpl (MetricRegistriesImpl.java:lambda$create$1(61)) - First MetricRegistry has been created without registering reporters. You may need to call MetricRegistries.global().addReportRegistration(...) before.
2019-11-18 20:31:25,867 [pool-37-thread-1] INFO  impl.RaftServerImpl (RaftServerImpl.java:start(184)) - b500fd20-cf57-471d-b9c7-5213c4722a40@group-05EA45D094CB: start as a follower, conf=-1: [b500fd20-cf57-471d-b9c7-5213c4722a40:192.168.157.200:39316], old=null
2019-11-18 20:31:25,867 [pool-37-thread-1] INFO  impl.RaftServerImpl (RaftServerImpl.java:setRole(173)) - b500fd20-cf57-471d-b9c7-5213c4722a40@group-05EA45D094CB: changes role from      null to FOLLOWER at term 0 for startAsFollower
2019-11-18 20:31:25,868 [pool-37-thread-1] INFO  impl.RoleInfo (RoleInfo.java:updateAndGet(143)) - b500fd20-cf57-471d-b9c7-5213c4722a40: start FollowerState
2019-11-18 20:31:25,868 [pool-37-thread-1] INFO  util.JmxRegister (JmxRegister.java:tryRegister(44)) - Successfully registered JMX Bean with object name Ratis:service=RaftServer,group=group-05EA45D094CB,id=b500fd20-cf57-471d-b9c7-5213c4722a40
2019-11-18 20:31:25,869 [pool-37-thread-1] WARN  impl.MetricRegistriesImpl (MetricRegistriesImpl.java:lambda$create$1(61)) - First MetricRegistry has been created without registering reporters. You may need to call MetricRegistries.global().addReportRegistration(...) before.
2019-11-18 20:31:25,882 [RatisPipelineUtilsThread] INFO  pipeline.PipelineStateManager (PipelineStateManager.java:addPipeline(55)) - Created pipeline Pipeline[ Id: fc95c128-4152-42f4-95b9-05ea45d094cb, Nodes: b500fd20-cf57-471d-b9c7-5213c4722a40{ip: 192.168.157.200, host: pr-hdds-2514-unusedmethodparam-bwdv4-1743785533, networkLocation: /default-rack, certSerialId: null}, Type:RATIS, Factor:ONE, State:ALLOCATED]
2019-11-18 20:31:25,911 [grpc-default-executor-1] INFO  impl.RaftServerProxy (RaftServerProxy.java:addNew(89)) - c599f64d-1569-429a-bb2e-93adf70cd479: addNew group-2300995BFDBA:[94645783-fc8b-4cc0-8dc2-f650ddf89977:192.168.157.200:43349, b500fd20-cf57-471d-b9c7-5213c4722a40:192.168.157.200:39316, c599f64d-1569-429a-bb2e-93adf70cd479:192.168.157.200:35945] returns group-2300995BFDBA:java.util.concurrent.CompletableFuture@425fe883[Not completed]
2019-11-18 20:31:25,911 [grpc-default-executor-2] INFO  impl.RaftServerProxy (RaftServerProxy.java:addNew(89)) - 94645783-fc8b-4cc0-8dc2-f650ddf89977: addNew group-2300995BFDBA:[94645783-fc8b-4cc0-8dc2-f650ddf89977:192.168.157.200:43349, b500fd20-cf57-471d-b9c7-5213c4722a40:192.168.157.200:39316, c599f64d-1569-429a-bb2e-93adf70cd479:192.168.157.200:35945] returns group-2300995BFDBA:java.util.concurrent.CompletableFuture@5ce2262b[Not completed]
2019-11-18 20:31:25,915 [grpc-default-executor-2] INFO  impl.RaftServerProxy (RaftServerProxy.java:addNew(89)) - b500fd20-cf57-471d-b9c7-5213c4722a40: addNew group-2300995BFDBA:[94645783-fc8b-4cc0-8dc2-f650ddf89977:192.168.157.200:43349, b500fd20-cf57-471d-b9c7-5213c4722a40:192.168.157.200:39316, c599f64d-1569-429a-bb2e-93adf70cd479:192.168.157.200:35945] returns group-2300995BFDBA:java.util.concurrent.CompletableFuture@19e0a3d3[Not completed]
2019-11-18 20:31:25,915 [pool-27-thread-1] INFO  impl.RaftServerImpl (RaftServerImpl.java:<init>(98)) - c599f64d-1569-429a-bb2e-93adf70cd479: new RaftServerImpl for group-2300995BFDBA:[94645783-fc8b-4cc0-8dc2-f650ddf89977:192.168.157.200:43349, b500fd20-cf57-471d-b9c7-5213c4722a40:192.168.157.200:39316, c599f64d-1569-429a-bb2e-93adf70cd479:192.168.157.200:35945] with ContainerStateMachine:uninitialized
2019-11-18 20:31:25,915 [pool-27-thread-1] INFO  server.RaftServerConfigKeys (ConfUtils.java:logGet(43)) - raft.server.rpc.timeout.min = 5s (custom)
2019-11-18 20:31:25,916 [pool-27-thread-1] INFO  server.RaftServerConfigKeys (ConfUtils.java:logGet(43)) - raft.server.rpc.timeout.max = 5200ms (custom)
2019-11-18 20:31:25,916 [pool-27-thread-1] INFO  server.RaftServerConfigKeys (ConfUtils.java:logGet(43)) - raft.server.rpcslowness.timeout = 120s (custom)
2019-11-18 20:31:25,916 [pool-27-thread-1] INFO  server.RaftServerConfigKeys (ConfUtils.java:logGet(43)) - raft.server.sleep.deviation.threshold = 300 (default)
2019-11-18 20:31:25,916 [pool-27-thread-1] INFO  server.RaftServerConfigKeys (ConfUtils.java:logGet(43)) - raft.server.log.appender.install.snapshot.enabled = false (custom)
2019-11-18 20:31:25,916 [pool-27-thread-1] INFO  impl.RaftServerImpl (ServerState.java:<init>(103)) - c599f64d-1569-429a-bb2e-93adf70cd479@group-2300995BFDBA: ConfigurationManager, init=-1: [94645783-fc8b-4cc0-8dc2-f650ddf89977:192.168.157.200:43349, b500fd20-cf57-471d-b9c7-5213c4722a40:192.168.157.200:39316, c599f64d-1569-429a-bb2e-93adf70cd479:192.168.157.200:35945], old=null, confs=<EMPTY_MAP>
2019-11-18 20:31:25,917 [pool-27-thread-1] INFO  server.RaftServerConfigKeys (ConfUtils.java:logGet(43)) - raft.server.storage.dir = [/workdir/hadoop-ozone/tools/target/test-dir/MiniOzoneClusterImpl-9fba51d2-8262-4f75-a70c-39cbbda2bfee/datanode-0/data/ratis] (custom)
2019-11-18 20:31:25,917 [pool-47-thread-1] INFO  impl.RaftServerImpl (RaftServerImpl.java:<init>(98)) - 94645783-fc8b-4cc0-8dc2-f650ddf89977: new RaftServerImpl for group-2300995BFDBA:[94645783-fc8b-4cc0-8dc2-f650ddf89977:192.168.157.200:43349, b500fd20-cf57-471d-b9c7-5213c4722a40:192.168.157.200:39316, c599f64d-1569-429a-bb2e-93adf70cd479:192.168.157.200:35945] with ContainerStateMachine:uninitialized
2019-11-18 20:31:25,917 [pool-27-thread-1] INFO  server.RaftServerConfigKeys (ConfUtils.java:logGet(43)) - raft.server.log.corruption.policy = EXCEPTION (default)
2019-11-18 20:31:25,917 [pool-47-thread-1] INFO  server.RaftServerConfigKeys (ConfUtils.java:logGet(43)) - raft.server.rpc.timeout.min = 5s (custom)
2019-11-18 20:31:25,918 [pool-27-thread-1] INFO  storage.RaftStorageDirectory (RaftStorageDirectory.java:analyzeStorage(246)) - The storage directory /workdir/hadoop-ozone/tools/target/test-dir/MiniOzoneClusterImpl-9fba51d2-8262-4f75-a70c-39cbbda2bfee/datanode-0/data/ratis/dfcbaa0c-f71f-4bb3-9c2f-2300995bfdba does not exist. Creating ...
2019-11-18 20:31:25,918 [pool-47-thread-1] INFO  server.RaftServerConfigKeys (ConfUtils.java:logGet(43)) - raft.server.rpc.timeout.max = 5200ms (custom)
2019-11-18 20:31:25,918 [pool-47-thread-1] INFO  server.RaftServerConfigKeys (ConfUtils.java:logGet(43)) - raft.server.rpcslowness.timeout = 120s (custom)
2019-11-18 20:31:25,918 [pool-47-thread-1] INFO  server.RaftServerConfigKeys (ConfUtils.java:logGet(43)) - raft.server.sleep.deviation.threshold = 300 (default)
2019-11-18 20:31:25,919 [pool-47-thread-1] INFO  server.RaftServerConfigKeys (ConfUtils.java:logGet(43)) - raft.server.log.appender.install.snapshot.enabled = false (custom)
2019-11-18 20:31:25,919 [pool-37-thread-1] INFO  impl.RaftServerImpl (RaftServerImpl.java:<init>(98)) - b500fd20-cf57-471d-b9c7-5213c4722a40: new RaftServerImpl for group-2300995BFDBA:[94645783-fc8b-4cc0-8dc2-f650ddf89977:192.168.157.200:43349, b500fd20-cf57-471d-b9c7-5213c4722a40:192.168.157.200:39316, c599f64d-1569-429a-bb2e-93adf70cd479:192.168.157.200:35945] with ContainerStateMachine:uninitialized
2019-11-18 20:31:25,919 [pool-47-thread-1] INFO  impl.RaftServerImpl (ServerState.java:<init>(103)) - 94645783-fc8b-4cc0-8dc2-f650ddf89977@group-2300995BFDBA: ConfigurationManager, init=-1: [94645783-fc8b-4cc0-8dc2-f650ddf89977:192.168.157.200:43349, b500fd20-cf57-471d-b9c7-5213c4722a40:192.168.157.200:39316, c599f64d-1569-429a-bb2e-93adf70cd479:192.168.157.200:35945], old=null, confs=<EMPTY_MAP>
2019-11-18 20:31:25,919 [pool-37-thread-1] INFO  server.RaftServerConfigKeys (ConfUtils.java:logGet(43)) - raft.server.rpc.timeout.min = 5s (custom)
2019-11-18 20:31:25,920 [pool-47-thread-1] INFO  server.RaftServerConfigKeys (ConfUtils.java:logGet(43)) - raft.server.storage.dir = [/workdir/hadoop-ozone/tools/target/test-dir/MiniOzoneClusterImpl-9fba51d2-8262-4f75-a70c-39cbbda2bfee/datanode-2/data/ratis] (custom)
2019-11-18 20:31:25,920 [pool-37-thread-1] INFO  server.RaftServerConfigKeys (ConfUtils.java:logGet(43)) - raft.server.rpc.timeout.max = 5200ms (custom)
2019-11-18 20:31:25,920 [pool-37-thread-1] INFO  server.RaftServerConfigKeys (ConfUtils.java:logGet(43)) - raft.server.rpcslowness.timeout = 120s (custom)
2019-11-18 20:31:25,920 [pool-47-thread-1] INFO  server.RaftServerConfigKeys (ConfUtils.java:logGet(43)) - raft.server.log.corruption.policy = EXCEPTION (default)
2019-11-18 20:31:25,920 [pool-37-thread-1] INFO  server.RaftServerConfigKeys (ConfUtils.java:logGet(43)) - raft.server.sleep.deviation.threshold = 300 (default)
2019-11-18 20:31:25,921 [pool-37-thread-1] INFO  server.RaftServerConfigKeys (ConfUtils.java:logGet(43)) - raft.server.log.appender.install.snapshot.enabled = false (custom)
2019-11-18 20:31:25,921 [pool-47-thread-1] INFO  storage.RaftStorageDirectory (RaftStorageDirectory.java:analyzeStorage(246)) - The storage directory /workdir/hadoop-ozone/tools/target/test-dir/MiniOzoneClusterImpl-9fba51d2-8262-4f75-a70c-39cbbda2bfee/datanode-2/data/ratis/dfcbaa0c-f71f-4bb3-9c2f-2300995bfdba does not exist. Creating ...
2019-11-18 20:31:25,921 [pool-37-thread-1] INFO  impl.RaftServerImpl (ServerState.java:<init>(103)) - b500fd20-cf57-471d-b9c7-5213c4722a40@group-2300995BFDBA: ConfigurationManager, init=-1: [94645783-fc8b-4cc0-8dc2-f650ddf89977:192.168.157.200:43349, b500fd20-cf57-471d-b9c7-5213c4722a40:192.168.157.200:39316, c599f64d-1569-429a-bb2e-93adf70cd479:192.168.157.200:35945], old=null, confs=<EMPTY_MAP>
2019-11-18 20:31:25,922 [pool-37-thread-1] INFO  server.RaftServerConfigKeys (ConfUtils.java:logGet(43)) - raft.server.storage.dir = [/workdir/hadoop-ozone/tools/target/test-dir/MiniOzoneClusterImpl-9fba51d2-8262-4f75-a70c-39cbbda2bfee/datanode-1/data/ratis] (custom)
2019-11-18 20:31:25,922 [pool-37-thread-1] INFO  server.RaftServerConfigKeys (ConfUtils.java:logGet(43)) - raft.server.log.corruption.policy = EXCEPTION (default)
2019-11-18 20:31:25,922 [pool-37-thread-1] INFO  storage.RaftStorageDirectory (RaftStorageDirectory.java:analyzeStorage(246)) - The storage directory /workdir/hadoop-ozone/tools/target/test-dir/MiniOzoneClusterImpl-9fba51d2-8262-4f75-a70c-39cbbda2bfee/datanode-1/data/ratis/dfcbaa0c-f71f-4bb3-9c2f-2300995bfdba does not exist. Creating ...
2019-11-18 20:31:25,944 [pool-37-thread-1] INFO  storage.RaftStorageDirectory (RaftStorageDirectory.java:tryLock(328)) - Lock on /workdir/hadoop-ozone/tools/target/test-dir/MiniOzoneClusterImpl-9fba51d2-8262-4f75-a70c-39cbbda2bfee/datanode-1/data/ratis/dfcbaa0c-f71f-4bb3-9c2f-2300995bfdba/in_use.lock acquired by nodename 20020@pr-hdds-2514-unusedmethodparam-bwdv4-1743785533
2019-11-18 20:31:25,944 [pool-27-thread-1] INFO  storage.RaftStorageDirectory (RaftStorageDirectory.java:tryLock(328)) - Lock on /workdir/hadoop-ozone/tools/target/test-dir/MiniOzoneClusterImpl-9fba51d2-8262-4f75-a70c-39cbbda2bfee/datanode-0/data/ratis/dfcbaa0c-f71f-4bb3-9c2f-2300995bfdba/in_use.lock acquired by nodename 20020@pr-hdds-2514-unusedmethodparam-bwdv4-1743785533
2019-11-18 20:31:25,944 [pool-47-thread-1] INFO  storage.RaftStorageDirectory (RaftStorageDirectory.java:tryLock(328)) - Lock on /workdir/hadoop-ozone/tools/target/test-dir/MiniOzoneClusterImpl-9fba51d2-8262-4f75-a70c-39cbbda2bfee/datanode-2/data/ratis/dfcbaa0c-f71f-4bb3-9c2f-2300995bfdba/in_use.lock acquired by nodename 20020@pr-hdds-2514-unusedmethodparam-bwdv4-1743785533
2019-11-18 20:31:25,970 [pool-37-thread-1] INFO  storage.RaftStorage (RaftStorage.java:format(84)) - Storage directory /workdir/hadoop-ozone/tools/target/test-dir/MiniOzoneClusterImpl-9fba51d2-8262-4f75-a70c-39cbbda2bfee/datanode-1/data/ratis/dfcbaa0c-f71f-4bb3-9c2f-2300995bfdba has been successfully formatted.
2019-11-18 20:31:25,970 [pool-27-thread-1] INFO  storage.RaftStorage (RaftStorage.java:format(84)) - Storage directory /workdir/hadoop-ozone/tools/target/test-dir/MiniOzoneClusterImpl-9fba51d2-8262-4f75-a70c-39cbbda2bfee/datanode-0/data/ratis/dfcbaa0c-f71f-4bb3-9c2f-2300995bfdba has been successfully formatted.
2019-11-18 20:31:25,970 [pool-47-thread-1] INFO  storage.RaftStorage (RaftStorage.java:format(84)) - Storage directory /workdir/hadoop-ozone/tools/target/test-dir/MiniOzoneClusterImpl-9fba51d2-8262-4f75-a70c-39cbbda2bfee/datanode-2/data/ratis/dfcbaa0c-f71f-4bb3-9c2f-2300995bfdba has been successfully formatted.
2019-11-18 20:31:25,971 [pool-37-thread-1] INFO  ratis.ContainerStateMachine (ContainerStateMachine.java:loadSnapshot(223)) - group-2300995BFDBA: The snapshot info is null. Setting the last applied indexto:(t:0, i:~)
2019-11-18 20:31:25,971 [pool-27-thread-1] INFO  ratis.ContainerStateMachine (ContainerStateMachine.java:loadSnapshot(223)) - group-2300995BFDBA: The snapshot info is null. Setting the last applied indexto:(t:0, i:~)
2019-11-18 20:31:25,971 [pool-37-thread-1] INFO  server.RaftServerConfigKeys (ConfUtils.java:logGet(43)) - raft.server.notification.no-leader.timeout = 120s (custom)
2019-11-18 20:31:25,971 [pool-47-thread-1] INFO  ratis.ContainerStateMachine (ContainerStateMachine.java:loadSnapshot(223)) - group-2300995BFDBA: The snapshot info is null. Setting the last applied indexto:(t:0, i:~)
2019-11-18 20:31:25,971 [pool-37-thread-1] INFO  server.RaftServerConfigKeys (ConfUtils.java:logGet(43)) - raft.server.log.use.memory = false (default)
2019-11-18 20:31:25,971 [pool-27-thread-1] INFO  server.RaftServerConfigKeys (ConfUtils.java:logGet(43)) - raft.server.notification.no-leader.timeout = 120s (custom)
2019-11-18 20:31:25,972 [pool-37-thread-1] INFO  server.RaftServerConfigKeys (ConfUtils.java:logGet(43)) - raft.server.log.purge.gap = 1000000 (custom)
2019-11-18 20:31:25,972 [pool-47-thread-1] INFO  server.RaftServerConfigKeys (ConfUtils.java:logGet(43)) - raft.server.notification.no-leader.timeout = 120s (custom)
2019-11-18 20:31:25,972 [pool-37-thread-1] INFO  server.RaftServerConfigKeys (ConfUtils.java:logGet(43)) - raft.server.log.appender.buffer.byte-limit = 33554432 (custom)
2019-11-18 20:31:25,972 [pool-27-thread-1] INFO  server.RaftServerConfigKeys (ConfUtils.java:logGet(43)) - raft.server.log.use.memory = false (default)
2019-11-18 20:31:25,972 [pool-37-thread-1] INFO  server.RaftServerConfigKeys (ConfUtils.java:logGet(43)) - raft.server.log.segment.size.max = 1048576 (custom)
2019-11-18 20:31:25,972 [pool-47-thread-1] INFO  server.RaftServerConfigKeys (ConfUtils.java:logGet(43)) - raft.server.log.use.memory = false (default)
2019-11-18 20:31:25,973 [pool-37-thread-1] INFO  server.RaftServerConfigKeys (ConfUtils.java:logGet(43)) - raft.server.log.segment.cache.num.max = 2 (custom)
2019-11-18 20:31:25,973 [pool-27-thread-1] INFO  server.RaftServerConfigKeys (ConfUtils.java:logGet(43)) - raft.server.log.purge.gap = 1000000 (custom)
2019-11-18 20:31:25,973 [pool-37-thread-1] INFO  segmented.SegmentedRaftLogWorker (SegmentedRaftLogWorker.java:<init>(173)) - new b500fd20-cf57-471d-b9c7-5213c4722a40@group-2300995BFDBA-SegmentedRaftLogWorker for RaftStorage:Storage Directory /workdir/hadoop-ozone/tools/target/test-dir/MiniOzoneClusterImpl-9fba51d2-8262-4f75-a70c-39cbbda2bfee/datanode-1/data/ratis/dfcbaa0c-f71f-4bb3-9c2f-2300995bfdba
2019-11-18 20:31:25,973 [pool-47-thread-1] INFO  server.RaftServerConfigKeys (ConfUtils.java:logGet(43)) - raft.server.log.purge.gap = 1000000 (custom)
2019-11-18 20:31:25,973 [pool-37-thread-1] INFO  server.RaftServerConfigKeys (ConfUtils.java:logGet(43)) - raft.server.log.queue.byte-limit = 2147483647 (custom)
2019-11-18 20:31:25,974 [pool-37-thread-1] INFO  server.RaftServerConfigKeys (ConfUtils.java:logGet(43)) - raft.server.log.queue.element-limit = 1024 (custom)
2019-11-18 20:31:25,973 [pool-27-thread-1] INFO  server.RaftServerConfigKeys (ConfUtils.java:logGet(43)) - raft.server.log.appender.buffer.byte-limit = 33554432 (custom)
2019-11-18 20:31:25,974 [pool-37-thread-1] INFO  server.RaftServerConfigKeys (ConfUtils.java:logGet(43)) - raft.server.log.segment.size.max = 1048576 (custom)
2019-11-18 20:31:25,973 [pool-47-thread-1] INFO  server.RaftServerConfigKeys (ConfUtils.java:logGet(43)) - raft.server.log.appender.buffer.byte-limit = 33554432 (custom)
2019-11-18 20:31:25,974 [pool-37-thread-1] INFO  server.RaftServerConfigKeys (ConfUtils.java:logGet(43)) - raft.server.log.preallocated.size = 16384 (custom)
2019-11-18 20:31:25,974 [pool-27-thread-1] INFO  server.RaftServerConfigKeys (ConfUtils.java:logGet(43)) - raft.server.log.segment.size.max = 1048576 (custom)
2019-11-18 20:31:25,974 [pool-37-thread-1] INFO  server.RaftServerConfigKeys (ConfUtils.java:logGet(43)) - raft.server.log.write.buffer.size = 33554432 (custom)
2019-11-18 20:31:25,974 [pool-47-thread-1] INFO  server.RaftServerConfigKeys (ConfUtils.java:logGet(43)) - raft.server.log.segment.size.max = 1048576 (custom)
2019-11-18 20:31:25,975 [pool-37-thread-1] INFO  server.RaftServerConfigKeys (ConfUtils.java:logGet(43)) - raft.server.log.force.sync.num = 128 (default)
2019-11-18 20:31:25,975 [pool-27-thread-1] INFO  server.RaftServerConfigKeys (ConfUtils.java:logGet(43)) - raft.server.log.segment.cache.num.max = 2 (custom)
2019-11-18 20:31:25,975 [pool-37-thread-1] INFO  server.RaftServerConfigKeys (ConfUtils.java:logGet(43)) - raft.server.log.statemachine.data.sync = true (default)
2019-11-18 20:31:25,975 [pool-47-thread-1] INFO  server.RaftServerConfigKeys (ConfUtils.java:logGet(43)) - raft.server.log.segment.cache.num.max = 2 (custom)
2019-11-18 20:31:25,975 [pool-37-thread-1] INFO  server.RaftServerConfigKeys (ConfUtils.java:logGet(43)) - raft.server.log.statemachine.data.sync.timeout = 10s (default)
2019-11-18 20:31:25,975 [pool-27-thread-1] INFO  segmented.SegmentedRaftLogWorker (SegmentedRaftLogWorker.java:<init>(173)) - new c599f64d-1569-429a-bb2e-93adf70cd479@group-2300995BFDBA-SegmentedRaftLogWorker for RaftStorage:Storage Directory /workdir/hadoop-ozone/tools/target/test-dir/MiniOzoneClusterImpl-9fba51d2-8262-4f75-a70c-39cbbda2bfee/datanode-0/data/ratis/dfcbaa0c-f71f-4bb3-9c2f-2300995bfdba
2019-11-18 20:31:25,976 [pool-37-thread-1] INFO  server.RaftServerConfigKeys (ConfUtils.java:logGet(43)) - raft.server.log.statemachine.data.sync.timeout.retry = -1 (default)
2019-11-18 20:31:25,976 [pool-47-thread-1] INFO  segmented.SegmentedRaftLogWorker (SegmentedRaftLogWorker.java:<init>(173)) - new 94645783-fc8b-4cc0-8dc2-f650ddf89977@group-2300995BFDBA-SegmentedRaftLogWorker for RaftStorage:Storage Directory /workdir/hadoop-ozone/tools/target/test-dir/MiniOzoneClusterImpl-9fba51d2-8262-4f75-a70c-39cbbda2bfee/datanode-2/data/ratis/dfcbaa0c-f71f-4bb3-9c2f-2300995bfdba
2019-11-18 20:31:25,976 [pool-37-thread-1] INFO  server.RaftServerConfigKeys (ConfUtils.java:logGet(43)) - raft.server.log.statemachine.data.caching.enabled = true (custom)
2019-11-18 20:31:25,976 [pool-27-thread-1] INFO  server.RaftServerConfigKeys (ConfUtils.java:logGet(43)) - raft.server.log.queue.byte-limit = 2147483647 (custom)
2019-11-18 20:31:25,976 [pool-47-thread-1] INFO  server.RaftServerConfigKeys (ConfUtils.java:logGet(43)) - raft.server.log.queue.byte-limit = 2147483647 (custom)
2019-11-18 20:31:25,977 [pool-37-thread-1] INFO  segmented.SegmentedRaftLogWorker (SegmentedRaftLogWorker.java:lambda$new$0(128)) - b500fd20-cf57-471d-b9c7-5213c4722a40@group-2300995BFDBA-SegmentedRaftLogWorker: flushIndex: setUnconditionally 0 -> -1
2019-11-18 20:31:25,977 [pool-27-thread-1] INFO  server.RaftServerConfigKeys (ConfUtils.java:logGet(43)) - raft.server.log.queue.element-limit = 1024 (custom)
2019-11-18 20:31:25,977 [pool-47-thread-1] INFO  server.RaftServerConfigKeys (ConfUtils.java:logGet(43)) - raft.server.log.queue.element-limit = 1024 (custom)
2019-11-18 20:31:25,977 [pool-27-thread-1] INFO  server.RaftServerConfigKeys (ConfUtils.java:logGet(43)) - raft.server.log.segment.size.max = 1048576 (custom)
2019-11-18 20:31:25,977 [pool-37-thread-1] INFO  server.RaftServerConfigKeys (ConfUtils.java:logGet(43)) - raft.server.snapshot.auto.trigger.enabled = true (custom)
2019-11-18 20:31:25,978 [pool-27-thread-1] INFO  server.RaftServerConfigKeys (ConfUtils.java:logGet(43)) - raft.server.log.preallocated.size = 16384 (custom)
2019-11-18 20:31:25,978 [pool-47-thread-1] INFO  server.RaftServerConfigKeys (ConfUtils.java:logGet(43)) - raft.server.log.segment.size.max = 1048576 (custom)
2019-11-18 20:31:25,978 [pool-27-thread-1] INFO  server.RaftServerConfigKeys (ConfUtils.java:logGet(43)) - raft.server.log.write.buffer.size = 33554432 (custom)
2019-11-18 20:31:25,978 [pool-37-thread-1] INFO  server.RaftServerConfigKeys (ConfUtils.java:logGet(43)) - raft.server.snapshot.auto.trigger.threshold = 10000 (custom)
2019-11-18 20:31:25,978 [pool-27-thread-1] INFO  server.RaftServerConfigKeys (ConfUtils.java:logGet(43)) - raft.server.log.force.sync.num = 128 (default)
2019-11-18 20:31:25,978 [pool-47-thread-1] INFO  server.RaftServerConfigKeys (ConfUtils.java:logGet(43)) - raft.server.log.preallocated.size = 16384 (custom)
2019-11-18 20:31:25,979 [pool-27-thread-1] INFO  server.RaftServerConfigKeys (ConfUtils.java:logGet(43)) - raft.server.log.statemachine.data.sync = true (default)
2019-11-18 20:31:25,979 [pool-37-thread-1] INFO  server.RaftServerConfigKeys (ConfUtils.java:logGet(43)) - raft.server.snapshot.retention.file.num = 5 (custom)
2019-11-18 20:31:25,979 [pool-27-thread-1] INFO  server.RaftServerConfigKeys (ConfUtils.java:logGet(43)) - raft.server.log.statemachine.data.sync.timeout = 10s (default)
2019-11-18 20:31:25,979 [pool-47-thread-1] INFO  server.RaftServerConfigKeys (ConfUtils.java:logGet(43)) - raft.server.log.write.buffer.size = 33554432 (custom)
2019-11-18 20:31:25,979 [pool-27-thread-1] INFO  server.RaftServerConfigKeys (ConfUtils.java:logGet(43)) - raft.server.log.statemachine.data.sync.timeout.retry = -1 (default)
2019-11-18 20:31:25,979 [pool-37-thread-1] INFO  server.RaftServerConfigKeys (ConfUtils.java:logGet(43)) - raft.server.retrycache.expirytime = 600000ms (custom)
2019-11-18 20:31:25,980 [pool-47-thread-1] INFO  server.RaftServerConfigKeys (ConfUtils.java:logGet(43)) - raft.server.log.force.sync.num = 128 (default)
2019-11-18 20:31:25,980 [pool-37-thread-1] WARN  impl.MetricRegistriesImpl (MetricRegistriesImpl.java:lambda$create$1(61)) - First MetricRegistry has been created without registering reporters. You may need to call MetricRegistries.global().addReportRegistration(...) before.
2019-11-18 20:31:25,980 [pool-27-thread-1] INFO  server.RaftServerConfigKeys (ConfUtils.java:logGet(43)) - raft.server.log.statemachine.data.caching.enabled = true (custom)
2019-11-18 20:31:25,980 [pool-37-thread-1] WARN  impl.MetricRegistriesImpl (MetricRegistriesImpl.java:lambda$create$1(61)) - First MetricRegistry has been created without registering reporters. You may need to call MetricRegistries.global().addReportRegistration(...) before.
2019-11-18 20:31:25,980 [pool-47-thread-1] INFO  server.RaftServerConfigKeys (ConfUtils.java:logGet(43)) - raft.server.log.statemachine.data.sync = true (default)
2019-11-18 20:31:25,981 [pool-27-thread-1] INFO  segmented.SegmentedRaftLogWorker (SegmentedRaftLogWorker.java:lambda$new$0(128)) - c599f64d-1569-429a-bb2e-93adf70cd479@group-2300995BFDBA-SegmentedRaftLogWorker: flushIndex: setUnconditionally 0 -> -1
2019-11-18 20:31:25,981 [pool-47-thread-1] INFO  server.RaftServerConfigKeys (ConfUtils.java:logGet(43)) - raft.server.log.statemachine.data.sync.timeout = 10s (default)
2019-11-18 20:31:25,981 [pool-37-thread-1] INFO  impl.RaftServerImpl (RaftServerImpl.java:start(184)) - b500fd20-cf57-471d-b9c7-5213c4722a40@group-2300995BFDBA: start as a follower, conf=-1: [94645783-fc8b-4cc0-8dc2-f650ddf89977:192.168.157.200:43349, b500fd20-cf57-471d-b9c7-5213c4722a40:192.168.157.200:39316, c599f64d-1569-429a-bb2e-93adf70cd479:192.168.157.200:35945], old=null
2019-11-18 20:31:25,981 [pool-27-thread-1] INFO  server.RaftServerConfigKeys (ConfUtils.java:logGet(43)) - raft.server.snapshot.auto.trigger.enabled = true (custom)
2019-11-18 20:31:25,981 [pool-47-thread-1] INFO  server.RaftServerConfigKeys (ConfUtils.java:logGet(43)) - raft.server.log.statemachine.data.sync.timeout.retry = -1 (default)
2019-11-18 20:31:25,981 [pool-27-thread-1] INFO  server.RaftServerConfigKeys (ConfUtils.java:logGet(43)) - raft.server.snapshot.auto.trigger.threshold = 10000 (custom)
2019-11-18 20:31:25,981 [pool-37-thread-1] INFO  impl.RaftServerImpl (RaftServerImpl.java:setRole(173)) - b500fd20-cf57-471d-b9c7-5213c4722a40@group-2300995BFDBA: changes role from      null to FOLLOWER at term 0 for startAsFollower
2019-11-18 20:31:25,981 [pool-27-thread-1] INFO  server.RaftServerConfigKeys (ConfUtils.java:logGet(43)) - raft.server.snapshot.retention.file.num = 5 (custom)
2019-11-18 20:31:25,981 [pool-47-thread-1] INFO  server.RaftServerConfigKeys (ConfUtils.java:logGet(43)) - raft.server.log.statemachine.data.caching.enabled = true (custom)
2019-11-18 20:31:25,982 [pool-37-thread-1] INFO  impl.RoleInfo (RoleInfo.java:updateAndGet(143)) - b500fd20-cf57-471d-b9c7-5213c4722a40: start FollowerState
2019-11-18 20:31:25,982 [pool-27-thread-1] INFO  server.RaftServerConfigKeys (ConfUtils.java:logGet(43)) - raft.server.retrycache.expirytime = 600000ms (custom)
2019-11-18 20:31:25,982 [pool-47-thread-1] INFO  segmented.SegmentedRaftLogWorker (SegmentedRaftLogWorker.java:lambda$new$0(128)) - 94645783-fc8b-4cc0-8dc2-f650ddf89977@group-2300995BFDBA-SegmentedRaftLogWorker: flushIndex: setUnconditionally 0 -> -1
2019-11-18 20:31:25,982 [pool-27-thread-1] WARN  impl.MetricRegistriesImpl (MetricRegistriesImpl.java:lambda$create$1(61)) - First MetricRegistry has been created without registering reporters. You may need to call MetricRegistries.global().addReportRegistration(...) before.
2019-11-18 20:31:25,982 [pool-37-thread-1] INFO  util.JmxRegister (JmxRegister.java:tryRegister(44)) - Successfully registered JMX Bean with object name Ratis:service=RaftServer,group=group-2300995BFDBA,id=b500fd20-cf57-471d-b9c7-5213c4722a40
2019-11-18 20:31:25,983 [pool-47-thread-1] INFO  server.RaftServerConfigKeys (ConfUtils.java:logGet(43)) - raft.server.snapshot.auto.trigger.enabled = true (custom)
2019-11-18 20:31:25,982 [pool-27-thread-1] WARN  impl.MetricRegistriesImpl (MetricRegistriesImpl.java:lambda$create$1(61)) - First MetricRegistry has been created without registering reporters. You may need to call MetricRegistries.global().addReportRegistration(...) before.
2019-11-18 20:31:25,983 [pool-47-thread-1] INFO  server.RaftServerConfigKeys (ConfUtils.java:logGet(43)) - raft.server.snapshot.auto.trigger.threshold = 10000 (custom)
2019-11-18 20:31:25,983 [pool-37-thread-1] WARN  impl.MetricRegistriesImpl (MetricRegistriesImpl.java:lambda$create$1(61)) - First MetricRegistry has been created without registering reporters. You may need to call MetricRegistries.global().addReportRegistration(...) before.
2019-11-18 20:31:25,983 [pool-47-thread-1] INFO  server.RaftServerConfigKeys (ConfUtils.java:logGet(43)) - raft.server.snapshot.retention.file.num = 5 (custom)
2019-11-18 20:31:25,983 [pool-27-thread-1] INFO  impl.RaftServerImpl (RaftServerImpl.java:start(184)) - c599f64d-1569-429a-bb2e-93adf70cd479@group-2300995BFDBA: start as a follower, conf=-1: [94645783-fc8b-4cc0-8dc2-f650ddf89977:192.168.157.200:43349, b500fd20-cf57-471d-b9c7-5213c4722a40:192.168.157.200:39316, c599f64d-1569-429a-bb2e-93adf70cd479:192.168.157.200:35945], old=null
2019-11-18 20:31:25,983 [pool-47-thread-1] INFO  server.RaftServerConfigKeys (ConfUtils.java:logGet(43)) - raft.server.retrycache.expirytime = 600000ms (custom)
2019-11-18 20:31:25,984 [pool-27-thread-1] INFO  impl.RaftServerImpl (RaftServerImpl.java:setRole(173)) - c599f64d-1569-429a-bb2e-93adf70cd479@group-2300995BFDBA: changes role from      null to FOLLOWER at term 0 for startAsFollower
2019-11-18 20:31:25,984 [pool-47-thread-1] WARN  impl.MetricRegistriesImpl (MetricRegistriesImpl.java:lambda$create$1(61)) - First MetricRegistry has been created without registering reporters. You may need to call MetricRegistries.global().addReportRegistration(...) before.
2019-11-18 20:31:25,984 [pool-27-thread-1] INFO  impl.RoleInfo (RoleInfo.java:updateAndGet(143)) - c599f64d-1569-429a-bb2e-93adf70cd479: start FollowerState
2019-11-18 20:31:25,984 [pool-47-thread-1] WARN  impl.MetricRegistriesImpl (MetricRegistriesImpl.java:lambda$create$1(61)) - First MetricRegistry has been created without registering reporters. You may need to call MetricRegistries.global().addReportRegistration(...) before.
2019-11-18 20:31:25,985 [pool-47-thread-1] INFO  impl.RaftServerImpl (RaftServerImpl.java:start(184)) - 94645783-fc8b-4cc0-8dc2-f650ddf89977@group-2300995BFDBA: start as a follower, conf=-1: [94645783-fc8b-4cc0-8dc2-f650ddf89977:192.168.157.200:43349, b500fd20-cf57-471d-b9c7-5213c4722a40:192.168.157.200:39316, c599f64d-1569-429a-bb2e-93adf70cd479:192.168.157.200:35945], old=null
2019-11-18 20:31:25,986 [pool-27-thread-1] INFO  util.JmxRegister (JmxRegister.java:tryRegister(44)) - Successfully registered JMX Bean with object name Ratis:service=RaftServer,group=group-2300995BFDBA,id=c599f64d-1569-429a-bb2e-93adf70cd479
2019-11-18 20:31:25,986 [pool-47-thread-1] INFO  impl.RaftServerImpl (RaftServerImpl.java:setRole(173)) - 94645783-fc8b-4cc0-8dc2-f650ddf89977@group-2300995BFDBA: changes role from      null to FOLLOWER at term 0 for startAsFollower
2019-11-18 20:31:25,986 [pool-27-thread-1] WARN  impl.MetricRegistriesImpl (MetricRegistriesImpl.java:lambda$create$1(61)) - First MetricRegistry has been created without registering reporters. You may need to call MetricRegistries.global().addReportRegistration(...) before.
2019-11-18 20:31:25,986 [pool-47-thread-1] INFO  impl.RoleInfo (RoleInfo.java:updateAndGet(143)) - 94645783-fc8b-4cc0-8dc2-f650ddf89977: start FollowerState
2019-11-18 20:31:25,987 [pool-47-thread-1] INFO  util.JmxRegister (JmxRegister.java:tryRegister(44)) - Successfully registered JMX Bean with object name Ratis:service=RaftServer,group=group-2300995BFDBA,id=94645783-fc8b-4cc0-8dc2-f650ddf89977
2019-11-18 20:31:25,988 [pool-47-thread-1] WARN  impl.MetricRegistriesImpl (MetricRegistriesImpl.java:lambda$create$1(61)) - First MetricRegistry has been created without registering reporters. You may need to call MetricRegistries.global().addReportRegistration(...) before.
2019-11-18 20:31:26,005 [RatisPipelineUtilsThread] INFO  pipeline.PipelineStateManager (PipelineStateManager.java:addPipeline(55)) - Created pipeline Pipeline[ Id: dfcbaa0c-f71f-4bb3-9c2f-2300995bfdba, Nodes: c599f64d-1569-429a-bb2e-93adf70cd479{ip: 192.168.157.200, host: pr-hdds-2514-unusedmethodparam-bwdv4-1743785533, networkLocation: /default-rack, certSerialId: null}94645783-fc8b-4cc0-8dc2-f650ddf89977{ip: 192.168.157.200, host: pr-hdds-2514-unusedmethodparam-bwdv4-1743785533, networkLocation: /default-rack, certSerialId: null}b500fd20-cf57-471d-b9c7-5213c4722a40{ip: 192.168.157.200, host: pr-hdds-2514-unusedmethodparam-bwdv4-1743785533, networkLocation: /default-rack, certSerialId: null}, Type:RATIS, Factor:THREE, State:ALLOCATED]
2019-11-18 20:31:26,008 [main] INFO  ozone.MiniOzoneClusterImpl (MiniOzoneClusterImpl.java:lambda$waitForClusterToBeReady$2(163)) - Waiting for 4 number of pipelines out of 4, to report a leader.
2019-11-18 20:31:27,009 [main] INFO  ozone.MiniOzoneClusterImpl (MiniOzoneClusterImpl.java:lambda$waitForClusterToBeReady$2(163)) - Waiting for 4 number of pipelines out of 4, to report a leader.
2019-11-18 20:31:27,947 [Thread-178] INFO  container.ReplicationManager (ReplicationManager.java:start(162)) - Starting Replication Monitor Thread.
2019-11-18 20:31:27,950 [Thread-178] INFO  pipeline.SCMPipelineManager (SCMPipelineManager.java:finalizeAndDestroyPipeline(315)) - destroying pipeline:Pipeline[ Id: fc95c128-4152-42f4-95b9-05ea45d094cb, Nodes: b500fd20-cf57-471d-b9c7-5213c4722a40{ip: 192.168.157.200, host: pr-hdds-2514-unusedmethodparam-bwdv4-1743785533, networkLocation: /default-rack, certSerialId: null}, Type:RATIS, Factor:ONE, State:ALLOCATED]
2019-11-18 20:31:27,950 [ReplicationMonitor] INFO  container.ReplicationManager (ReplicationManager.java:run(225)) - Replication Monitor Thread took 1 milliseconds for processing 0 containers.
2019-11-18 20:31:27,951 [Thread-178] INFO  pipeline.PipelineStateManager (PipelineStateManager.java:finalizePipeline(121)) - Pipeline Pipeline[ Id: fc95c128-4152-42f4-95b9-05ea45d094cb, Nodes: b500fd20-cf57-471d-b9c7-5213c4722a40{ip: 192.168.157.200, host: pr-hdds-2514-unusedmethodparam-bwdv4-1743785533, networkLocation: /default-rack, certSerialId: null}, Type:RATIS, Factor:ONE, State:CLOSED] moved to CLOSED state
2019-11-18 20:31:27,978 [grpc-default-executor-2] INFO  impl.RaftServerProxy (RaftServerProxy.java:remove(95)) - b500fd20-cf57-471d-b9c7-5213c4722a40: remove  FOLLOWER b500fd20-cf57-471d-b9c7-5213c4722a40@group-05EA45D094CB:t0, leader=null, voted=null, raftlog=b500fd20-cf57-471d-b9c7-5213c4722a40@group-05EA45D094CB-SegmentedRaftLog:OPENED:c-1,f-1,i0, conf=-1: [b500fd20-cf57-471d-b9c7-5213c4722a40:192.168.157.200:39316], old=null RUNNING
2019-11-18 20:31:27,981 [grpc-default-executor-2] INFO  impl.RaftServerImpl (RaftServerImpl.java:lambda$shutdown$3(250)) - b500fd20-cf57-471d-b9c7-5213c4722a40@group-05EA45D094CB: shutdown
2019-11-18 20:31:27,982 [grpc-default-executor-2] INFO  util.JmxRegister (JmxRegister.java:unregister(73)) - Successfully un-registered JMX Bean with object name Ratis:service=RaftServer,group=group-05EA45D094CB,id=b500fd20-cf57-471d-b9c7-5213c4722a40
2019-11-18 20:31:27,982 [grpc-default-executor-2] INFO  impl.RoleInfo (RoleInfo.java:shutdownFollowerState(121)) - b500fd20-cf57-471d-b9c7-5213c4722a40: shutdown FollowerState
2019-11-18 20:31:27,982 [grpc-default-executor-2] INFO  impl.StateMachineUpdater (StateMachineUpdater.java:stopAndJoin(136)) - b500fd20-cf57-471d-b9c7-5213c4722a40@group-05EA45D094CB-StateMachineUpdater: set stopIndex = -1
2019-11-18 20:31:27,982 [Thread-186] INFO  impl.FollowerState (FollowerState.java:run(120)) - b500fd20-cf57-471d-b9c7-5213c4722a40@group-05EA45D094CB-FollowerState was interrupted: java.lang.InterruptedException: sleep interrupted
2019-11-18 20:31:27,985 [grpc-default-executor-2] INFO  impl.RaftServerImpl (ServerState.java:close(387)) - b500fd20-cf57-471d-b9c7-5213c4722a40@group-05EA45D094CB: closes. applyIndex: -1
2019-11-18 20:31:27,990 [b500fd20-cf57-471d-b9c7-5213c4722a40@group-05EA45D094CB-SegmentedRaftLogWorker] INFO  segmented.SegmentedRaftLogWorker (SegmentedRaftLogWorker.java:run(316)) - b500fd20-cf57-471d-b9c7-5213c4722a40@group-05EA45D094CB-SegmentedRaftLogWorker was interrupted, exiting. There are 0 tasks remaining in the queue.
2019-11-18 20:31:27,991 [grpc-default-executor-2] INFO  segmented.SegmentedRaftLogWorker (SegmentedRaftLogWorker.java:close(224)) - b500fd20-cf57-471d-b9c7-5213c4722a40@group-05EA45D094CB-SegmentedRaftLogWorker close()
2019-11-18 20:31:28,010 [main] INFO  ozone.MiniOzoneClusterImpl (MiniOzoneClusterImpl.java:lambda$waitForClusterToBeReady$2(163)) - Waiting for 3 number of pipelines out of 4, to report a leader.
2019-11-18 20:31:28,011 [Thread-178] INFO  pipeline.PipelineStateManager (PipelineStateManager.java:removePipeline(106)) - Pipeline Pipeline[ Id: fc95c128-4152-42f4-95b9-05ea45d094cb, Nodes: b500fd20-cf57-471d-b9c7-5213c4722a40{ip: 192.168.157.200, host: pr-hdds-2514-unusedmethodparam-bwdv4-1743785533, networkLocation: /default-rack, certSerialId: null}, Type:RATIS, Factor:ONE, State:CLOSED] removed from db
2019-11-18 20:31:28,012 [Thread-178] INFO  pipeline.SCMPipelineManager (SCMPipelineManager.java:finalizeAndDestroyPipeline(315)) - destroying pipeline:Pipeline[ Id: dfcbaa0c-f71f-4bb3-9c2f-2300995bfdba, Nodes: c599f64d-1569-429a-bb2e-93adf70cd479{ip: 192.168.157.200, host: pr-hdds-2514-unusedmethodparam-bwdv4-1743785533, networkLocation: /default-rack, certSerialId: null}94645783-fc8b-4cc0-8dc2-f650ddf89977{ip: 192.168.157.200, host: pr-hdds-2514-unusedmethodparam-bwdv4-1743785533, networkLocation: /default-rack, certSerialId: null}b500fd20-cf57-471d-b9c7-5213c4722a40{ip: 192.168.157.200, host: pr-hdds-2514-unusedmethodparam-bwdv4-1743785533, networkLocation: /default-rack, certSerialId: null}, Type:RATIS, Factor:THREE, State:ALLOCATED]
2019-11-18 20:31:28,023 [grpc-default-executor-2] INFO  impl.RaftServerProxy (RaftServerProxy.java:addNew(89)) - b500fd20-cf57-471d-b9c7-5213c4722a40: addNew group-372570B5102C:[b500fd20-cf57-471d-b9c7-5213c4722a40:192.168.157.200:39316] returns group-372570B5102C:java.util.concurrent.CompletableFuture@4709ba1[Not completed]
2019-11-18 20:31:28,025 [pool-37-thread-1] INFO  impl.RaftServerImpl (RaftServerImpl.java:<init>(98)) - b500fd20-cf57-471d-b9c7-5213c4722a40: new RaftServerImpl for group-372570B5102C:[b500fd20-cf57-471d-b9c7-5213c4722a40:192.168.157.200:39316] with ContainerStateMachine:uninitialized
2019-11-18 20:31:28,026 [pool-37-thread-1] INFO  server.RaftServerConfigKeys (ConfUtils.java:logGet(43)) - raft.server.rpc.timeout.min = 5s (custom)
2019-11-18 20:31:28,026 [pool-37-thread-1] INFO  server.RaftServerConfigKeys (ConfUtils.java:logGet(43)) - raft.server.rpc.timeout.max = 5200ms (custom)
2019-11-18 20:31:28,026 [pool-37-thread-1] INFO  server.RaftServerConfigKeys (ConfUtils.java:logGet(43)) - raft.server.rpcslowness.timeout = 120s (custom)
2019-11-18 20:31:28,026 [pool-37-thread-1] INFO  server.RaftServerConfigKeys (ConfUtils.java:logGet(43)) - raft.server.sleep.deviation.threshold = 300 (default)
2019-11-18 20:31:28,026 [pool-37-thread-1] INFO  server.RaftServerConfigKeys (ConfUtils.java:logGet(43)) - raft.server.log.appender.install.snapshot.enabled = false (custom)
2019-11-18 20:31:28,027 [pool-37-thread-1] INFO  impl.RaftServerImpl (ServerState.java:<init>(103)) - b500fd20-cf57-471d-b9c7-5213c4722a40@group-372570B5102C: ConfigurationManager, init=-1: [b500fd20-cf57-471d-b9c7-5213c4722a40:192.168.157.200:39316], old=null, confs=<EMPTY_MAP>
2019-11-18 20:31:28,027 [pool-37-thread-1] INFO  server.RaftServerConfigKeys (ConfUtils.java:logGet(43)) - raft.server.storage.dir = [/workdir/hadoop-ozone/tools/target/test-dir/MiniOzoneClusterImpl-9fba51d2-8262-4f75-a70c-39cbbda2bfee/datanode-1/data/ratis] (custom)
2019-11-18 20:31:28,027 [pool-37-thread-1] INFO  server.RaftServerConfigKeys (ConfUtils.java:logGet(43)) - raft.server.log.corruption.policy = EXCEPTION (default)
2019-11-18 20:31:28,027 [pool-37-thread-1] INFO  storage.RaftStorageDirectory (RaftStorageDirectory.java:analyzeStorage(246)) - The storage directory /workdir/hadoop-ozone/tools/target/test-dir/MiniOzoneClusterImpl-9fba51d2-8262-4f75-a70c-39cbbda2bfee/datanode-1/data/ratis/7a9b4e69-fa03-433c-92e5-372570b5102c does not exist. Creating ...
2019-11-18 20:31:28,056 [pool-37-thread-1] INFO  storage.RaftStorageDirectory (RaftStorageDirectory.java:tryLock(328)) - Lock on /workdir/hadoop-ozone/tools/target/test-dir/MiniOzoneClusterImpl-9fba51d2-8262-4f75-a70c-39cbbda2bfee/datanode-1/data/ratis/7a9b4e69-fa03-433c-92e5-372570b5102c/in_use.lock acquired by nodename 20020@pr-hdds-2514-unusedmethodparam-bwdv4-1743785533
2019-11-18 20:31:28,081 [pool-37-thread-1] INFO  storage.RaftStorage (RaftStorage.java:format(84)) - Storage directory /workdir/hadoop-ozone/tools/target/test-dir/MiniOzoneClusterImpl-9fba51d2-8262-4f75-a70c-39cbbda2bfee/datanode-1/data/ratis/7a9b4e69-fa03-433c-92e5-372570b5102c has been successfully formatted.
2019-11-18 20:31:28,081 [pool-37-thread-1] INFO  ratis.ContainerStateMachine (ContainerStateMachine.java:loadSnapshot(223)) - group-372570B5102C: The snapshot info is null. Setting the last applied indexto:(t:0, i:~)
2019-11-18 20:31:28,082 [pool-37-thread-1] INFO  server.RaftServerConfigKeys (ConfUtils.java:logGet(43)) - raft.server.notification.no-leader.timeout = 120s (custom)
2019-11-18 20:31:28,082 [pool-37-thread-1] INFO  server.RaftServerConfigKeys (ConfUtils.java:logGet(43)) - raft.server.log.use.memory = false (default)
2019-11-18 20:31:28,082 [pool-37-thread-1] INFO  server.RaftServerConfigKeys (ConfUtils.java:logGet(43)) - raft.server.log.purge.gap = 1000000 (custom)
2019-11-18 20:31:28,082 [pool-37-thread-1] INFO  server.RaftServerConfigKeys (ConfUtils.java:logGet(43)) - raft.server.log.appender.buffer.byte-limit = 33554432 (custom)
2019-11-18 20:31:28,082 [pool-37-thread-1] INFO  server.RaftServerConfigKeys (ConfUtils.java:logGet(43)) - raft.server.log.segment.size.max = 1048576 (custom)
2019-11-18 20:31:28,083 [pool-37-thread-1] INFO  server.RaftServerConfigKeys (ConfUtils.java:logGet(43)) - raft.server.log.segment.cache.num.max = 2 (custom)
2019-11-18 20:31:28,083 [pool-37-thread-1] INFO  segmented.SegmentedRaftLogWorker (SegmentedRaftLogWorker.java:<init>(173)) - new b500fd20-cf57-471d-b9c7-5213c4722a40@group-372570B5102C-SegmentedRaftLogWorker for RaftStorage:Storage Directory /workdir/hadoop-ozone/tools/target/test-dir/MiniOzoneClusterImpl-9fba51d2-8262-4f75-a70c-39cbbda2bfee/datanode-1/data/ratis/7a9b4e69-fa03-433c-92e5-372570b5102c
2019-11-18 20:31:28,083 [pool-37-thread-1] INFO  server.RaftServerConfigKeys (ConfUtils.java:logGet(43)) - raft.server.log.queue.byte-limit = 2147483647 (custom)
2019-11-18 20:31:28,083 [pool-37-thread-1] INFO  server.RaftServerConfigKeys (ConfUtils.java:logGet(43)) - raft.server.log.queue.element-limit = 1024 (custom)
2019-11-18 20:31:28,083 [pool-37-thread-1] INFO  server.RaftServerConfigKeys (ConfUtils.java:logGet(43)) - raft.server.log.segment.size.max = 1048576 (custom)
2019-11-18 20:31:28,083 [pool-37-thread-1] INFO  server.RaftServerConfigKeys (ConfUtils.java:logGet(43)) - raft.server.log.preallocated.size = 16384 (custom)
2019-11-18 20:31:28,084 [pool-37-thread-1] INFO  server.RaftServerConfigKeys (ConfUtils.java:logGet(43)) - raft.server.log.write.buffer.size = 33554432 (custom)
2019-11-18 20:31:28,084 [pool-37-thread-1] INFO  server.RaftServerConfigKeys (ConfUtils.java:logGet(43)) - raft.server.log.force.sync.num = 128 (default)
2019-11-18 20:31:28,084 [pool-37-thread-1] INFO  server.RaftServerConfigKeys (ConfUtils.java:logGet(43)) - raft.server.log.statemachine.data.sync = true (default)
2019-11-18 20:31:28,084 [pool-37-thread-1] INFO  server.RaftServerConfigKeys (ConfUtils.java:logGet(43)) - raft.server.log.statemachine.data.sync.timeout = 10s (default)
2019-11-18 20:31:28,084 [pool-37-thread-1] INFO  server.RaftServerConfigKeys (ConfUtils.java:logGet(43)) - raft.server.log.statemachine.data.sync.timeout.retry = -1 (default)
2019-11-18 20:31:28,085 [pool-37-thread-1] INFO  server.RaftServerConfigKeys (ConfUtils.java:logGet(43)) - raft.server.log.statemachine.data.caching.enabled = true (custom)
2019-11-18 20:31:28,085 [pool-37-thread-1] INFO  segmented.SegmentedRaftLogWorker (SegmentedRaftLogWorker.java:lambda$new$0(128)) - b500fd20-cf57-471d-b9c7-5213c4722a40@group-372570B5102C-SegmentedRaftLogWorker: flushIndex: setUnconditionally 0 -> -1
2019-11-18 20:31:28,086 [pool-37-thread-1] INFO  server.RaftServerConfigKeys (ConfUtils.java:logGet(43)) - raft.server.snapshot.auto.trigger.enabled = true (custom)
2019-11-18 20:31:28,086 [pool-37-thread-1] INFO  server.RaftServerConfigKeys (ConfUtils.java:logGet(43)) - raft.server.snapshot.auto.trigger.threshold = 10000 (custom)
2019-11-18 20:31:28,086 [pool-37-thread-1] INFO  server.RaftServerConfigKeys (ConfUtils.java:logGet(43)) - raft.server.snapshot.retention.file.num = 5 (custom)
2019-11-18 20:31:28,086 [pool-37-thread-1] INFO  server.RaftServerConfigKeys (ConfUtils.java:logGet(43)) - raft.server.retrycache.expirytime = 600000ms (custom)
2019-11-18 20:31:28,086 [pool-37-thread-1] WARN  impl.MetricRegistriesImpl (MetricRegistriesImpl.java:lambda$create$1(61)) - First MetricRegistry has been created without registering reporters. You may need to call MetricRegistries.global().addReportRegistration(...) before.
2019-11-18 20:31:28,087 [pool-37-thread-1] WARN  impl.MetricRegistriesImpl (MetricRegistriesImpl.java:lambda$create$1(61)) - First MetricRegistry has been created without registering reporters. You may need to call MetricRegistries.global().addReportRegistration(...) before.
2019-11-18 20:31:28,087 [pool-37-thread-1] INFO  impl.RaftServerImpl (RaftServerImpl.java:start(184)) - b500fd20-cf57-471d-b9c7-5213c4722a40@group-372570B5102C: start as a follower, conf=-1: [b500fd20-cf57-471d-b9c7-5213c4722a40:192.168.157.200:39316], old=null
2019-11-18 20:31:28,087 [pool-37-thread-1] INFO  impl.RaftServerImpl (RaftServerImpl.java:setRole(173)) - b500fd20-cf57-471d-b9c7-5213c4722a40@group-372570B5102C: changes role from      null to FOLLOWER at term 0 for startAsFollower
2019-11-18 20:31:28,087 [pool-37-thread-1] INFO  impl.RoleInfo (RoleInfo.java:updateAndGet(143)) - b500fd20-cf57-471d-b9c7-5213c4722a40: start FollowerState
2019-11-18 20:31:28,088 [pool-37-thread-1] INFO  util.JmxRegister (JmxRegister.java:tryRegister(44)) - Successfully registered JMX Bean with object name Ratis:service=RaftServer,group=group-372570B5102C,id=b500fd20-cf57-471d-b9c7-5213c4722a40
2019-11-18 20:31:28,088 [pool-37-thread-1] WARN  impl.MetricRegistriesImpl (MetricRegistriesImpl.java:lambda$create$1(61)) - First MetricRegistry has been created without registering reporters. You may need to call MetricRegistries.global().addReportRegistration(...) before.
2019-11-18 20:31:28,096 [RatisPipelineUtilsThread] INFO  pipeline.PipelineStateManager (PipelineStateManager.java:addPipeline(55)) - Created pipeline Pipeline[ Id: 7a9b4e69-fa03-433c-92e5-372570b5102c, Nodes: b500fd20-cf57-471d-b9c7-5213c4722a40{ip: 192.168.157.200, host: pr-hdds-2514-unusedmethodparam-bwdv4-1743785533, networkLocation: /default-rack, certSerialId: null}, Type:RATIS, Factor:ONE, State:ALLOCATED]
2019-11-18 20:31:28,097 [Thread-178] INFO  pipeline.PipelineStateManager (PipelineStateManager.java:finalizePipeline(121)) - Pipeline Pipeline[ Id: dfcbaa0c-f71f-4bb3-9c2f-2300995bfdba, Nodes: c599f64d-1569-429a-bb2e-93adf70cd479{ip: 192.168.157.200, host: pr-hdds-2514-unusedmethodparam-bwdv4-1743785533, networkLocation: /default-rack, certSerialId: null}94645783-fc8b-4cc0-8dc2-f650ddf89977{ip: 192.168.157.200, host: pr-hdds-2514-unusedmethodparam-bwdv4-1743785533, networkLocation: /default-rack, certSerialId: null}b500fd20-cf57-471d-b9c7-5213c4722a40{ip: 192.168.157.200, host: pr-hdds-2514-unusedmethodparam-bwdv4-1743785533, networkLocation: /default-rack, certSerialId: null}, Type:RATIS, Factor:THREE, State:CLOSED] moved to CLOSED state
2019-11-18 20:31:28,108 [grpc-default-executor-2] INFO  impl.RaftServerProxy (RaftServerProxy.java:remove(95)) - c599f64d-1569-429a-bb2e-93adf70cd479: remove  FOLLOWER c599f64d-1569-429a-bb2e-93adf70cd479@group-2300995BFDBA:t0, leader=null, voted=null, raftlog=c599f64d-1569-429a-bb2e-93adf70cd479@group-2300995BFDBA-SegmentedRaftLog:OPENED:c-1,f-1,i0, conf=-1: [94645783-fc8b-4cc0-8dc2-f650ddf89977:192.168.157.200:43349, b500fd20-cf57-471d-b9c7-5213c4722a40:192.168.157.200:39316, c599f64d-1569-429a-bb2e-93adf70cd479:192.168.157.200:35945], old=null RUNNING
2019-11-18 20:31:28,109 [grpc-default-executor-2] INFO  impl.RaftServerImpl (RaftServerImpl.java:lambda$shutdown$3(250)) - c599f64d-1569-429a-bb2e-93adf70cd479@group-2300995BFDBA: shutdown
2019-11-18 20:31:28,109 [grpc-default-executor-2] INFO  util.JmxRegister (JmxRegister.java:unregister(73)) - Successfully un-registered JMX Bean with object name Ratis:service=RaftServer,group=group-2300995BFDBA,id=c599f64d-1569-429a-bb2e-93adf70cd479
2019-11-18 20:31:28,109 [grpc-default-executor-2] INFO  impl.RoleInfo (RoleInfo.java:shutdownFollowerState(121)) - c599f64d-1569-429a-bb2e-93adf70cd479: shutdown FollowerState
2019-11-18 20:31:28,109 [grpc-default-executor-2] INFO  impl.StateMachineUpdater (StateMachineUpdater.java:stopAndJoin(136)) - c599f64d-1569-429a-bb2e-93adf70cd479@group-2300995BFDBA-StateMachineUpdater: set stopIndex = -1
2019-11-18 20:31:28,109 [Thread-193] INFO  impl.FollowerState (FollowerState.java:run(120)) - c599f64d-1569-429a-bb2e-93adf70cd479@group-2300995BFDBA-FollowerState was interrupted: java.lang.InterruptedException: sleep interrupted
2019-11-18 20:31:28,111 [grpc-default-executor-2] INFO  impl.RaftServerImpl (ServerState.java:close(387)) - c599f64d-1569-429a-bb2e-93adf70cd479@group-2300995BFDBA: closes. applyIndex: -1
2019-11-18 20:31:28,112 [c599f64d-1569-429a-bb2e-93adf70cd479@group-2300995BFDBA-SegmentedRaftLogWorker] INFO  segmented.SegmentedRaftLogWorker (SegmentedRaftLogWorker.java:run(316)) - c599f64d-1569-429a-bb2e-93adf70cd479@group-2300995BFDBA-SegmentedRaftLogWorker was interrupted, exiting. There are 0 tasks remaining in the queue.
2019-11-18 20:31:28,113 [grpc-default-executor-2] INFO  segmented.SegmentedRaftLogWorker (SegmentedRaftLogWorker.java:close(224)) - c599f64d-1569-429a-bb2e-93adf70cd479@group-2300995BFDBA-SegmentedRaftLogWorker close()
2019-11-18 20:31:28,132 [grpc-default-executor-2] INFO  impl.RaftServerProxy (RaftServerProxy.java:remove(95)) - 94645783-fc8b-4cc0-8dc2-f650ddf89977: remove  FOLLOWER 94645783-fc8b-4cc0-8dc2-f650ddf89977@group-2300995BFDBA:t0, leader=null, voted=null, raftlog=94645783-fc8b-4cc0-8dc2-f650ddf89977@group-2300995BFDBA-SegmentedRaftLog:OPENED:c-1,f-1,i0, conf=-1: [94645783-fc8b-4cc0-8dc2-f650ddf89977:192.168.157.200:43349, b500fd20-cf57-471d-b9c7-5213c4722a40:192.168.157.200:39316, c599f64d-1569-429a-bb2e-93adf70cd479:192.168.157.200:35945], old=null RUNNING
2019-11-18 20:31:28,132 [grpc-default-executor-2] INFO  impl.RaftServerImpl (RaftServerImpl.java:lambda$shutdown$3(250)) - 94645783-fc8b-4cc0-8dc2-f650ddf89977@group-2300995BFDBA: shutdown
2019-11-18 20:31:28,132 [grpc-default-executor-2] INFO  util.JmxRegister (JmxRegister.java:unregister(73)) - Successfully un-registered JMX Bean with object name Ratis:service=RaftServer,group=group-2300995BFDBA,id=94645783-fc8b-4cc0-8dc2-f650ddf89977
2019-11-18 20:31:28,132 [grpc-default-executor-2] INFO  impl.RoleInfo (RoleInfo.java:shutdownFollowerState(121)) - 94645783-fc8b-4cc0-8dc2-f650ddf89977: shutdown FollowerState
2019-11-18 20:31:28,133 [grpc-default-executor-2] INFO  impl.StateMachineUpdater (StateMachineUpdater.java:stopAndJoin(136)) - 94645783-fc8b-4cc0-8dc2-f650ddf89977@group-2300995BFDBA-StateMachineUpdater: set stopIndex = -1
2019-11-18 20:31:28,133 [Thread-194] INFO  impl.FollowerState (FollowerState.java:run(120)) - 94645783-fc8b-4cc0-8dc2-f650ddf89977@group-2300995BFDBA-FollowerState was interrupted: java.lang.InterruptedException: sleep interrupted
2019-11-18 20:31:28,134 [grpc-default-executor-2] INFO  impl.RaftServerImpl (ServerState.java:close(387)) - 94645783-fc8b-4cc0-8dc2-f650ddf89977@group-2300995BFDBA: closes. applyIndex: -1
2019-11-18 20:31:28,135 [94645783-fc8b-4cc0-8dc2-f650ddf89977@group-2300995BFDBA-SegmentedRaftLogWorker] INFO  segmented.SegmentedRaftLogWorker (SegmentedRaftLogWorker.java:run(316)) - 94645783-fc8b-4cc0-8dc2-f650ddf89977@group-2300995BFDBA-SegmentedRaftLogWorker was interrupted, exiting. There are 0 tasks remaining in the queue.
2019-11-18 20:31:28,135 [grpc-default-executor-2] INFO  segmented.SegmentedRaftLogWorker (SegmentedRaftLogWorker.java:close(224)) - 94645783-fc8b-4cc0-8dc2-f650ddf89977@group-2300995BFDBA-SegmentedRaftLogWorker close()
2019-11-18 20:31:28,156 [grpc-default-executor-2] INFO  impl.RaftServerProxy (RaftServerProxy.java:remove(95)) - b500fd20-cf57-471d-b9c7-5213c4722a40: remove  FOLLOWER b500fd20-cf57-471d-b9c7-5213c4722a40@group-2300995BFDBA:t0, leader=null, voted=null, raftlog=b500fd20-cf57-471d-b9c7-5213c4722a40@group-2300995BFDBA-SegmentedRaftLog:OPENED:c-1,f-1,i0, conf=-1: [94645783-fc8b-4cc0-8dc2-f650ddf89977:192.168.157.200:43349, b500fd20-cf57-471d-b9c7-5213c4722a40:192.168.157.200:39316, c599f64d-1569-429a-bb2e-93adf70cd479:192.168.157.200:35945], old=null RUNNING
2019-11-18 20:31:28,156 [grpc-default-executor-2] INFO  impl.RaftServerImpl (RaftServerImpl.java:lambda$shutdown$3(250)) - b500fd20-cf57-471d-b9c7-5213c4722a40@group-2300995BFDBA: shutdown
2019-11-18 20:31:28,156 [grpc-default-executor-2] INFO  util.JmxRegister (JmxRegister.java:unregister(73)) - Successfully un-registered JMX Bean with object name Ratis:service=RaftServer,group=group-2300995BFDBA,id=b500fd20-cf57-471d-b9c7-5213c4722a40
2019-11-18 20:31:28,157 [grpc-default-executor-2] INFO  impl.RoleInfo (RoleInfo.java:shutdownFollowerState(121)) - b500fd20-cf57-471d-b9c7-5213c4722a40: shutdown FollowerState
2019-11-18 20:31:28,159 [grpc-default-executor-2] INFO  impl.StateMachineUpdater (StateMachineUpdater.java:stopAndJoin(136)) - b500fd20-cf57-471d-b9c7-5213c4722a40@group-2300995BFDBA-StateMachineUpdater: set stopIndex = -1
2019-11-18 20:31:28,161 [Thread-189] INFO  impl.FollowerState (FollowerState.java:run(120)) - b500fd20-cf57-471d-b9c7-5213c4722a40@group-2300995BFDBA-FollowerState was interrupted: java.lang.InterruptedException: sleep interrupted
2019-11-18 20:31:28,162 [grpc-default-executor-2] INFO  impl.RaftServerImpl (ServerState.java:close(387)) - b500fd20-cf57-471d-b9c7-5213c4722a40@group-2300995BFDBA: closes. applyIndex: -1
2019-11-18 20:31:28,164 [b500fd20-cf57-471d-b9c7-5213c4722a40@group-2300995BFDBA-SegmentedRaftLogWorker] INFO  segmented.SegmentedRaftLogWorker (SegmentedRaftLogWorker.java:run(316)) - b500fd20-cf57-471d-b9c7-5213c4722a40@group-2300995BFDBA-SegmentedRaftLogWorker was interrupted, exiting. There are 0 tasks remaining in the queue.
2019-11-18 20:31:28,165 [grpc-default-executor-2] INFO  segmented.SegmentedRaftLogWorker (SegmentedRaftLogWorker.java:close(224)) - b500fd20-cf57-471d-b9c7-5213c4722a40@group-2300995BFDBA-SegmentedRaftLogWorker close()
2019-11-18 20:31:28,188 [Thread-178] INFO  pipeline.PipelineStateManager (PipelineStateManager.java:removePipeline(106)) - Pipeline Pipeline[ Id: dfcbaa0c-f71f-4bb3-9c2f-2300995bfdba, Nodes: c599f64d-1569-429a-bb2e-93adf70cd479{ip: 192.168.157.200, host: pr-hdds-2514-unusedmethodparam-bwdv4-1743785533, networkLocation: /default-rack, certSerialId: null}94645783-fc8b-4cc0-8dc2-f650ddf89977{ip: 192.168.157.200, host: pr-hdds-2514-unusedmethodparam-bwdv4-1743785533, networkLocation: /default-rack, certSerialId: null}b500fd20-cf57-471d-b9c7-5213c4722a40{ip: 192.168.157.200, host: pr-hdds-2514-unusedmethodparam-bwdv4-1743785533, networkLocation: /default-rack, certSerialId: null}, Type:RATIS, Factor:THREE, State:CLOSED] removed from db
2019-11-18 20:31:28,188 [Thread-178] INFO  pipeline.SCMPipelineManager (SCMPipelineManager.java:finalizeAndDestroyPipeline(315)) - destroying pipeline:Pipeline[ Id: cebc7bd5-f388-4b4a-a20c-bf1c0b2ce67d, Nodes: c599f64d-1569-429a-bb2e-93adf70cd479{ip: 192.168.157.200, host: pr-hdds-2514-unusedmethodparam-bwdv4-1743785533, networkLocation: /default-rack, certSerialId: null}, Type:RATIS, Factor:ONE, State:ALLOCATED]
2019-11-18 20:31:28,209 [grpc-default-executor-1] INFO  impl.RaftServerProxy (RaftServerProxy.java:addNew(89)) - c599f64d-1569-429a-bb2e-93adf70cd479: addNew group-FD566A6B17A8:[94645783-fc8b-4cc0-8dc2-f650ddf89977:192.168.157.200:43349, b500fd20-cf57-471d-b9c7-5213c4722a40:192.168.157.200:39316, c599f64d-1569-429a-bb2e-93adf70cd479:192.168.157.200:35945] returns group-FD566A6B17A8:java.util.concurrent.CompletableFuture@7311cdaf[Not completed]
2019-11-18 20:31:28,210 [grpc-default-executor-0] INFO  impl.RaftServerProxy (RaftServerProxy.java:addNew(89)) - b500fd20-cf57-471d-b9c7-5213c4722a40: addNew group-FD566A6B17A8:[94645783-fc8b-4cc0-8dc2-f650ddf89977:192.168.157.200:43349, b500fd20-cf57-471d-b9c7-5213c4722a40:192.168.157.200:39316, c599f64d-1569-429a-bb2e-93adf70cd479:192.168.157.200:35945] returns group-FD566A6B17A8:java.util.concurrent.CompletableFuture@412a2248[Not completed]
2019-11-18 20:31:28,211 [pool-27-thread-1] INFO  impl.RaftServerImpl (RaftServerImpl.java:<init>(98)) - c599f64d-1569-429a-bb2e-93adf70cd479: new RaftServerImpl for group-FD566A6B17A8:[94645783-fc8b-4cc0-8dc2-f650ddf89977:192.168.157.200:43349, b500fd20-cf57-471d-b9c7-5213c4722a40:192.168.157.200:39316, c599f64d-1569-429a-bb2e-93adf70cd479:192.168.157.200:35945] with ContainerStateMachine:uninitialized
2019-11-18 20:31:28,212 [pool-27-thread-1] INFO  server.RaftServerConfigKeys (ConfUtils.java:logGet(43)) - raft.server.rpc.timeout.min = 5s (custom)
2019-11-18 20:31:28,212 [pool-27-thread-1] INFO  server.RaftServerConfigKeys (ConfUtils.java:logGet(43)) - raft.server.rpc.timeout.max = 5200ms (custom)
2019-11-18 20:31:28,212 [pool-27-thread-1] INFO  server.RaftServerConfigKeys (ConfUtils.java:logGet(43)) - raft.server.rpcslowness.timeout = 120s (custom)
2019-11-18 20:31:28,212 [grpc-default-executor-0] INFO  impl.RaftServerProxy (RaftServerProxy.java:addNew(89)) - 94645783-fc8b-4cc0-8dc2-f650ddf89977: addNew group-FD566A6B17A8:[94645783-fc8b-4cc0-8dc2-f650ddf89977:192.168.157.200:43349, b500fd20-cf57-471d-b9c7-5213c4722a40:192.168.157.200:39316, c599f64d-1569-429a-bb2e-93adf70cd479:192.168.157.200:35945] returns group-FD566A6B17A8:java.util.concurrent.CompletableFuture@7e74f736[Not completed]
2019-11-18 20:31:28,212 [pool-27-thread-1] INFO  server.RaftServerConfigKeys (ConfUtils.java:logGet(43)) - raft.server.sleep.deviation.threshold = 300 (default)
2019-11-18 20:31:28,212 [pool-37-thread-1] INFO  impl.RaftServerImpl (RaftServerImpl.java:<init>(98)) - b500fd20-cf57-471d-b9c7-5213c4722a40: new RaftServerImpl for group-FD566A6B17A8:[94645783-fc8b-4cc0-8dc2-f650ddf89977:192.168.157.200:43349, b500fd20-cf57-471d-b9c7-5213c4722a40:192.168.157.200:39316, c599f64d-1569-429a-bb2e-93adf70cd479:192.168.157.200:35945] with ContainerStateMachine:uninitialized
2019-11-18 20:31:28,212 [pool-27-thread-1] INFO  server.RaftServerConfigKeys (ConfUtils.java:logGet(43)) - raft.server.log.appender.install.snapshot.enabled = false (custom)
2019-11-18 20:31:28,212 [pool-37-thread-1] INFO  server.RaftServerConfigKeys (ConfUtils.java:logGet(43)) - raft.server.rpc.timeout.min = 5s (custom)
2019-11-18 20:31:28,213 [pool-27-thread-1] INFO  impl.RaftServerImpl (ServerState.java:<init>(103)) - c599f64d-1569-429a-bb2e-93adf70cd479@group-FD566A6B17A8: ConfigurationManager, init=-1: [94645783-fc8b-4cc0-8dc2-f650ddf89977:192.168.157.200:43349, b500fd20-cf57-471d-b9c7-5213c4722a40:192.168.157.200:39316, c599f64d-1569-429a-bb2e-93adf70cd479:192.168.157.200:35945], old=null, confs=<EMPTY_MAP>
2019-11-18 20:31:28,213 [pool-37-thread-1] INFO  server.RaftServerConfigKeys (ConfUtils.java:logGet(43)) - raft.server.rpc.timeout.max = 5200ms (custom)
2019-11-18 20:31:28,213 [pool-27-thread-1] INFO  server.RaftServerConfigKeys (ConfUtils.java:logGet(43)) - raft.server.storage.dir = [/workdir/hadoop-ozone/tools/target/test-dir/MiniOzoneClusterImpl-9fba51d2-8262-4f75-a70c-39cbbda2bfee/datanode-0/data/ratis] (custom)
2019-11-18 20:31:28,213 [pool-37-thread-1] INFO  server.RaftServerConfigKeys (ConfUtils.java:logGet(43)) - raft.server.rpcslowness.timeout = 120s (custom)
2019-11-18 20:31:28,213 [pool-37-thread-1] INFO  server.RaftServerConfigKeys (ConfUtils.java:logGet(43)) - raft.server.sleep.deviation.threshold = 300 (default)
2019-11-18 20:31:28,213 [pool-27-thread-1] INFO  server.RaftServerConfigKeys (ConfUtils.java:logGet(43)) - raft.server.log.corruption.policy = EXCEPTION (default)
2019-11-18 20:31:28,213 [pool-37-thread-1] INFO  server.RaftServerConfigKeys (ConfUtils.java:logGet(43)) - raft.server.log.appender.install.snapshot.enabled = false (custom)
2019-11-18 20:31:28,213 [pool-27-thread-1] INFO  storage.RaftStorageDirectory (RaftStorageDirectory.java:analyzeStorage(246)) - The storage directory /workdir/hadoop-ozone/tools/target/test-dir/MiniOzoneClusterImpl-9fba51d2-8262-4f75-a70c-39cbbda2bfee/datanode-0/data/ratis/6d852b44-7736-4ec7-8804-fd566a6b17a8 does not exist. Creating ...
2019-11-18 20:31:28,213 [pool-37-thread-1] INFO  impl.RaftServerImpl (ServerState.java:<init>(103)) - b500fd20-cf57-471d-b9c7-5213c4722a40@group-FD566A6B17A8: ConfigurationManager, init=-1: [94645783-fc8b-4cc0-8dc2-f650ddf89977:192.168.157.200:43349, b500fd20-cf57-471d-b9c7-5213c4722a40:192.168.157.200:39316, c599f64d-1569-429a-bb2e-93adf70cd479:192.168.157.200:35945], old=null, confs=<EMPTY_MAP>
2019-11-18 20:31:28,214 [pool-37-thread-1] INFO  server.RaftServerConfigKeys (ConfUtils.java:logGet(43)) - raft.server.storage.dir = [/workdir/hadoop-ozone/tools/target/test-dir/MiniOzoneClusterImpl-9fba51d2-8262-4f75-a70c-39cbbda2bfee/datanode-1/data/ratis] (custom)
2019-11-18 20:31:28,214 [pool-47-thread-1] INFO  impl.RaftServerImpl (RaftServerImpl.java:<init>(98)) - 94645783-fc8b-4cc0-8dc2-f650ddf89977: new RaftServerImpl for group-FD566A6B17A8:[94645783-fc8b-4cc0-8dc2-f650ddf89977:192.168.157.200:43349, b500fd20-cf57-471d-b9c7-5213c4722a40:192.168.157.200:39316, c599f64d-1569-429a-bb2e-93adf70cd479:192.168.157.200:35945] with ContainerStateMachine:uninitialized
2019-11-18 20:31:28,214 [pool-37-thread-1] INFO  server.RaftServerConfigKeys (ConfUtils.java:logGet(43)) - raft.server.log.corruption.policy = EXCEPTION (default)
2019-11-18 20:31:28,214 [pool-47-thread-1] INFO  server.RaftServerConfigKeys (ConfUtils.java:logGet(43)) - raft.server.rpc.timeout.min = 5s (custom)
2019-11-18 20:31:28,214 [pool-37-thread-1] INFO  storage.RaftStorageDirectory (RaftStorageDirectory.java:analyzeStorage(246)) - The storage directory /workdir/hadoop-ozone/tools/target/test-dir/MiniOzoneClusterImpl-9fba51d2-8262-4f75-a70c-39cbbda2bfee/datanode-1/data/ratis/6d852b44-7736-4ec7-8804-fd566a6b17a8 does not exist. Creating ...
2019-11-18 20:31:28,214 [pool-47-thread-1] INFO  server.RaftServerConfigKeys (ConfUtils.java:logGet(43)) - raft.server.rpc.timeout.max = 5200ms (custom)
2019-11-18 20:31:28,214 [pool-47-thread-1] INFO  server.RaftServerConfigKeys (ConfUtils.java:logGet(43)) - raft.server.rpcslowness.timeout = 120s (custom)
2019-11-18 20:31:28,214 [pool-47-thread-1] INFO  server.RaftServerConfigKeys (ConfUtils.java:logGet(43)) - raft.server.sleep.deviation.threshold = 300 (default)
2019-11-18 20:31:28,215 [pool-47-thread-1] INFO  server.RaftServerConfigKeys (ConfUtils.java:logGet(43)) - raft.server.log.appender.install.snapshot.enabled = false (custom)
2019-11-18 20:31:28,215 [pool-47-thread-1] INFO  impl.RaftServerImpl (ServerState.java:<init>(103)) - 94645783-fc8b-4cc0-8dc2-f650ddf89977@group-FD566A6B17A8: ConfigurationManager, init=-1: [94645783-fc8b-4cc0-8dc2-f650ddf89977:192.168.157.200:43349, b500fd20-cf57-471d-b9c7-5213c4722a40:192.168.157.200:39316, c599f64d-1569-429a-bb2e-93adf70cd479:192.168.157.200:35945], old=null, confs=<EMPTY_MAP>
2019-11-18 20:31:28,215 [pool-47-thread-1] INFO  server.RaftServerConfigKeys (ConfUtils.java:logGet(43)) - raft.server.storage.dir = [/workdir/hadoop-ozone/tools/target/test-dir/MiniOzoneClusterImpl-9fba51d2-8262-4f75-a70c-39cbbda2bfee/datanode-2/data/ratis] (custom)
2019-11-18 20:31:28,215 [pool-47-thread-1] INFO  server.RaftServerConfigKeys (ConfUtils.java:logGet(43)) - raft.server.log.corruption.policy = EXCEPTION (default)
2019-11-18 20:31:28,216 [pool-47-thread-1] INFO  storage.RaftStorageDirectory (RaftStorageDirectory.java:analyzeStorage(246)) - The storage directory /workdir/hadoop-ozone/tools/target/test-dir/MiniOzoneClusterImpl-9fba51d2-8262-4f75-a70c-39cbbda2bfee/datanode-2/data/ratis/6d852b44-7736-4ec7-8804-fd566a6b17a8 does not exist. Creating ...
2019-11-18 20:31:28,241 [pool-27-thread-1] INFO  storage.RaftStorageDirectory (RaftStorageDirectory.java:tryLock(328)) - Lock on /workdir/hadoop-ozone/tools/target/test-dir/MiniOzoneClusterImpl-9fba51d2-8262-4f75-a70c-39cbbda2bfee/datanode-0/data/ratis/6d852b44-7736-4ec7-8804-fd566a6b17a8/in_use.lock acquired by nodename 20020@pr-hdds-2514-unusedmethodparam-bwdv4-1743785533
2019-11-18 20:31:28,241 [pool-47-thread-1] INFO  storage.RaftStorageDirectory (RaftStorageDirectory.java:tryLock(328)) - Lock on /workdir/hadoop-ozone/tools/target/test-dir/MiniOzoneClusterImpl-9fba51d2-8262-4f75-a70c-39cbbda2bfee/datanode-2/data/ratis/6d852b44-7736-4ec7-8804-fd566a6b17a8/in_use.lock acquired by nodename 20020@pr-hdds-2514-unusedmethodparam-bwdv4-1743785533
2019-11-18 20:31:28,241 [pool-37-thread-1] INFO  storage.RaftStorageDirectory (RaftStorageDirectory.java:tryLock(328)) - Lock on /workdir/hadoop-ozone/tools/target/test-dir/MiniOzoneClusterImpl-9fba51d2-8262-4f75-a70c-39cbbda2bfee/datanode-1/data/ratis/6d852b44-7736-4ec7-8804-fd566a6b17a8/in_use.lock acquired by nodename 20020@pr-hdds-2514-unusedmethodparam-bwdv4-1743785533
2019-11-18 20:31:28,267 [pool-47-thread-1] INFO  storage.RaftStorage (RaftStorage.java:format(84)) - Storage directory /workdir/hadoop-ozone/tools/target/test-dir/MiniOzoneClusterImpl-9fba51d2-8262-4f75-a70c-39cbbda2bfee/datanode-2/data/ratis/6d852b44-7736-4ec7-8804-fd566a6b17a8 has been successfully formatted.
2019-11-18 20:31:28,267 [pool-27-thread-1] INFO  storage.RaftStorage (RaftStorage.java:format(84)) - Storage directory /workdir/hadoop-ozone/tools/target/test-dir/MiniOzoneClusterImpl-9fba51d2-8262-4f75-a70c-39cbbda2bfee/datanode-0/data/ratis/6d852b44-7736-4ec7-8804-fd566a6b17a8 has been successfully formatted.
2019-11-18 20:31:28,267 [pool-37-thread-1] INFO  storage.RaftStorage (RaftStorage.java:format(84)) - Storage directory /workdir/hadoop-ozone/tools/target/test-dir/MiniOzoneClusterImpl-9fba51d2-8262-4f75-a70c-39cbbda2bfee/datanode-1/data/ratis/6d852b44-7736-4ec7-8804-fd566a6b17a8 has been successfully formatted.
2019-11-18 20:31:28,267 [pool-47-thread-1] INFO  ratis.ContainerStateMachine (ContainerStateMachine.java:loadSnapshot(223)) - group-FD566A6B17A8: The snapshot info is null. Setting the last applied indexto:(t:0, i:~)
2019-11-18 20:31:28,267 [pool-27-thread-1] INFO  ratis.ContainerStateMachine (ContainerStateMachine.java:loadSnapshot(223)) - group-FD566A6B17A8: The snapshot info is null. Setting the last applied indexto:(t:0, i:~)
2019-11-18 20:31:28,267 [pool-37-thread-1] INFO  ratis.ContainerStateMachine (ContainerStateMachine.java:loadSnapshot(223)) - group-FD566A6B17A8: The snapshot info is null. Setting the last applied indexto:(t:0, i:~)
2019-11-18 20:31:28,267 [pool-47-thread-1] INFO  server.RaftServerConfigKeys (ConfUtils.java:logGet(43)) - raft.server.notification.no-leader.timeout = 120s (custom)
2019-11-18 20:31:28,268 [pool-37-thread-1] INFO  server.RaftServerConfigKeys (ConfUtils.java:logGet(43)) - raft.server.notification.no-leader.timeout = 120s (custom)
2019-11-18 20:31:28,267 [pool-27-thread-1] INFO  server.RaftServerConfigKeys (ConfUtils.java:logGet(43)) - raft.server.notification.no-leader.timeout = 120s (custom)
2019-11-18 20:31:28,268 [pool-37-thread-1] INFO  server.RaftServerConfigKeys (ConfUtils.java:logGet(43)) - raft.server.log.use.memory = false (default)
2019-11-18 20:31:28,268 [pool-47-thread-1] INFO  server.RaftServerConfigKeys (ConfUtils.java:logGet(43)) - raft.server.log.use.memory = false (default)
2019-11-18 20:31:28,268 [pool-37-thread-1] INFO  server.RaftServerConfigKeys (ConfUtils.java:logGet(43)) - raft.server.log.purge.gap = 1000000 (custom)
2019-11-18 20:31:28,268 [pool-27-thread-1] INFO  server.RaftServerConfigKeys (ConfUtils.java:logGet(43)) - raft.server.log.use.memory = false (default)
2019-11-18 20:31:28,268 [pool-37-thread-1] INFO  server.RaftServerConfigKeys (ConfUtils.java:logGet(43)) - raft.server.log.appender.buffer.byte-limit = 33554432 (custom)
2019-11-18 20:31:28,268 [pool-47-thread-1] INFO  server.RaftServerConfigKeys (ConfUtils.java:logGet(43)) - raft.server.log.purge.gap = 1000000 (custom)
2019-11-18 20:31:28,269 [pool-37-thread-1] INFO  server.RaftServerConfigKeys (ConfUtils.java:logGet(43)) - raft.server.log.segment.size.max = 1048576 (custom)
2019-11-18 20:31:28,268 [pool-27-thread-1] INFO  server.RaftServerConfigKeys (ConfUtils.java:logGet(43)) - raft.server.log.purge.gap = 1000000 (custom)
2019-11-18 20:31:28,269 [pool-37-thread-1] INFO  server.RaftServerConfigKeys (ConfUtils.java:logGet(43)) - raft.server.log.segment.cache.num.max = 2 (custom)
2019-11-18 20:31:28,269 [pool-27-thread-1] INFO  server.RaftServerConfigKeys (ConfUtils.java:logGet(43)) - raft.server.log.appender.buffer.byte-limit = 33554432 (custom)
2019-11-18 20:31:28,269 [pool-47-thread-1] INFO  server.RaftServerConfigKeys (ConfUtils.java:logGet(43)) - raft.server.log.appender.buffer.byte-limit = 33554432 (custom)
2019-11-18 20:31:28,269 [pool-27-thread-1] INFO  server.RaftServerConfigKeys (ConfUtils.java:logGet(43)) - raft.server.log.segment.size.max = 1048576 (custom)
2019-11-18 20:31:28,269 [pool-37-thread-1] INFO  segmented.SegmentedRaftLogWorker (SegmentedRaftLogWorker.java:<init>(173)) - new b500fd20-cf57-471d-b9c7-5213c4722a40@group-FD566A6B17A8-SegmentedRaftLogWorker for RaftStorage:Storage Directory /workdir/hadoop-ozone/tools/target/test-dir/MiniOzoneClusterImpl-9fba51d2-8262-4f75-a70c-39cbbda2bfee/datanode-1/data/ratis/6d852b44-7736-4ec7-8804-fd566a6b17a8
2019-11-18 20:31:28,269 [pool-27-thread-1] INFO  server.RaftServerConfigKeys (ConfUtils.java:logGet(43)) - raft.server.log.segment.cache.num.max = 2 (custom)
2019-11-18 20:31:28,269 [pool-47-thread-1] INFO  server.RaftServerConfigKeys (ConfUtils.java:logGet(43)) - raft.server.log.segment.size.max = 1048576 (custom)
2019-11-18 20:31:28,270 [pool-27-thread-1] INFO  segmented.SegmentedRaftLogWorker (SegmentedRaftLogWorker.java:<init>(173)) - new c599f64d-1569-429a-bb2e-93adf70cd479@group-FD566A6B17A8-SegmentedRaftLogWorker for RaftStorage:Storage Directory /workdir/hadoop-ozone/tools/target/test-dir/MiniOzoneClusterImpl-9fba51d2-8262-4f75-a70c-39cbbda2bfee/datanode-0/data/ratis/6d852b44-7736-4ec7-8804-fd566a6b17a8
2019-11-18 20:31:28,270 [pool-37-thread-1] INFO  server.RaftServerConfigKeys (ConfUtils.java:logGet(43)) - raft.server.log.queue.byte-limit = 2147483647 (custom)
2019-11-18 20:31:28,270 [pool-27-thread-1] INFO  server.RaftServerConfigKeys (ConfUtils.java:logGet(43)) - raft.server.log.queue.byte-limit = 2147483647 (custom)
2019-11-18 20:31:28,270 [pool-47-thread-1] INFO  server.RaftServerConfigKeys (ConfUtils.java:logGet(43)) - raft.server.log.segment.cache.num.max = 2 (custom)
2019-11-18 20:31:28,270 [pool-27-thread-1] INFO  server.RaftServerConfigKeys (ConfUtils.java:logGet(43)) - raft.server.log.queue.element-limit = 1024 (custom)
2019-11-18 20:31:28,270 [pool-37-thread-1] INFO  server.RaftServerConfigKeys (ConfUtils.java:logGet(43)) - raft.server.log.queue.element-limit = 1024 (custom)
2019-11-18 20:31:28,270 [pool-27-thread-1] INFO  server.RaftServerConfigKeys (ConfUtils.java:logGet(43)) - raft.server.log.segment.size.max = 1048576 (custom)
2019-11-18 20:31:28,270 [pool-47-thread-1] INFO  segmented.SegmentedRaftLogWorker (SegmentedRaftLogWorker.java:<init>(173)) - new 94645783-fc8b-4cc0-8dc2-f650ddf89977@group-FD566A6B17A8-SegmentedRaftLogWorker for RaftStorage:Storage Directory /workdir/hadoop-ozone/tools/target/test-dir/MiniOzoneClusterImpl-9fba51d2-8262-4f75-a70c-39cbbda2bfee/datanode-2/data/ratis/6d852b44-7736-4ec7-8804-fd566a6b17a8
2019-11-18 20:31:28,271 [pool-27-thread-1] INFO  server.RaftServerConfigKeys (ConfUtils.java:logGet(43)) - raft.server.log.preallocated.size = 16384 (custom)
2019-11-18 20:31:28,271 [pool-37-thread-1] INFO  server.RaftServerConfigKeys (ConfUtils.java:logGet(43)) - raft.server.log.segment.size.max = 1048576 (custom)
2019-11-18 20:31:28,271 [pool-27-thread-1] INFO  server.RaftServerConfigKeys (ConfUtils.java:logGet(43)) - raft.server.log.write.buffer.size = 33554432 (custom)
2019-11-18 20:31:28,271 [pool-47-thread-1] INFO  server.RaftServerConfigKeys (ConfUtils.java:logGet(43)) - raft.server.log.queue.byte-limit = 2147483647 (custom)
2019-11-18 20:31:28,271 [pool-27-thread-1] INFO  server.RaftServerConfigKeys (ConfUtils.java:logGet(43)) - raft.server.log.force.sync.num = 128 (default)
2019-11-18 20:31:28,271 [pool-37-thread-1] INFO  server.RaftServerConfigKeys (ConfUtils.java:logGet(43)) - raft.server.log.preallocated.size = 16384 (custom)
2019-11-18 20:31:28,272 [pool-27-thread-1] INFO  server.RaftServerConfigKeys (ConfUtils.java:logGet(43)) - raft.server.log.statemachine.data.sync = true (default)
2019-11-18 20:31:28,271 [pool-47-thread-1] INFO  server.RaftServerConfigKeys (ConfUtils.java:logGet(43)) - raft.server.log.queue.element-limit = 1024 (custom)
2019-11-18 20:31:28,272 [pool-27-thread-1] INFO  server.RaftServerConfigKeys (ConfUtils.java:logGet(43)) - raft.server.log.statemachine.data.sync.timeout = 10s (default)
2019-11-18 20:31:28,272 [pool-37-thread-1] INFO  server.RaftServerConfigKeys (ConfUtils.java:logGet(43)) - raft.server.log.write.buffer.size = 33554432 (custom)
2019-11-18 20:31:28,272 [pool-27-thread-1] INFO  server.RaftServerConfigKeys (ConfUtils.java:logGet(43)) - raft.server.log.statemachine.data.sync.timeout.retry = -1 (default)
2019-11-18 20:31:28,272 [pool-47-thread-1] INFO  server.RaftServerConfigKeys (ConfUtils.java:logGet(43)) - raft.server.log.segment.size.max = 1048576 (custom)
2019-11-18 20:31:28,272 [pool-37-thread-1] INFO  server.RaftServerConfigKeys (ConfUtils.java:logGet(43)) - raft.server.log.force.sync.num = 128 (default)
2019-11-18 20:31:28,273 [pool-47-thread-1] INFO  server.RaftServerConfigKeys (ConfUtils.java:logGet(43)) - raft.server.log.preallocated.size = 16384 (custom)
2019-11-18 20:31:28,273 [pool-27-thread-1] INFO  server.RaftServerConfigKeys (ConfUtils.java:logGet(43)) - raft.server.log.statemachine.data.caching.enabled = true (custom)
2019-11-18 20:31:28,273 [pool-47-thread-1] INFO  server.RaftServerConfigKeys (ConfUtils.java:logGet(43)) - raft.server.log.write.buffer.size = 33554432 (custom)
2019-11-18 20:31:28,273 [pool-37-thread-1] INFO  server.RaftServerConfigKeys (ConfUtils.java:logGet(43)) - raft.server.log.statemachine.data.sync = true (default)
2019-11-18 20:31:28,273 [pool-27-thread-1] INFO  segmented.SegmentedRaftLogWorker (SegmentedRaftLogWorker.java:lambda$new$0(128)) - c599f64d-1569-429a-bb2e-93adf70cd479@group-FD566A6B17A8-SegmentedRaftLogWorker: flushIndex: setUnconditionally 0 -> -1
2019-11-18 20:31:28,273 [pool-47-thread-1] INFO  server.RaftServerConfigKeys (ConfUtils.java:logGet(43)) - raft.server.log.force.sync.num = 128 (default)
2019-11-18 20:31:28,273 [pool-37-thread-1] INFO  server.RaftServerConfigKeys (ConfUtils.java:logGet(43)) - raft.server.log.statemachine.data.sync.timeout = 10s (default)
2019-11-18 20:31:28,273 [pool-27-thread-1] INFO  server.RaftServerConfigKeys (ConfUtils.java:logGet(43)) - raft.server.snapshot.auto.trigger.enabled = true (custom)
2019-11-18 20:31:28,273 [pool-47-thread-1] INFO  server.RaftServerConfigKeys (ConfUtils.java:logGet(43)) - raft.server.log.statemachine.data.sync = true (default)
2019-11-18 20:31:28,274 [pool-27-thread-1] INFO  server.RaftServerConfigKeys (ConfUtils.java:logGet(43)) - raft.server.snapshot.auto.trigger.threshold = 10000 (custom)
2019-11-18 20:31:28,274 [pool-37-thread-1] INFO  server.RaftServerConfigKeys (ConfUtils.java:logGet(43)) - raft.server.log.statemachine.data.sync.timeout.retry = -1 (default)
2019-11-18 20:31:28,274 [pool-27-thread-1] INFO  server.RaftServerConfigKeys (ConfUtils.java:logGet(43)) - raft.server.snapshot.retention.file.num = 5 (custom)
2019-11-18 20:31:28,274 [pool-47-thread-1] INFO  server.RaftServerConfigKeys (ConfUtils.java:logGet(43)) - raft.server.log.statemachine.data.sync.timeout = 10s (default)
2019-11-18 20:31:28,274 [pool-27-thread-1] INFO  server.RaftServerConfigKeys (ConfUtils.java:logGet(43)) - raft.server.retrycache.expirytime = 600000ms (custom)
2019-11-18 20:31:28,274 [pool-37-thread-1] INFO  server.RaftServerConfigKeys (ConfUtils.java:logGet(43)) - raft.server.log.statemachine.data.caching.enabled = true (custom)
2019-11-18 20:31:28,275 [pool-27-thread-1] WARN  impl.MetricRegistriesImpl (MetricRegistriesImpl.java:lambda$create$1(61)) - First MetricRegistry has been created without registering reporters. You may need to call MetricRegistries.global().addReportRegistration(...) before.
2019-11-18 20:31:28,275 [pool-47-thread-1] INFO  server.RaftServerConfigKeys (ConfUtils.java:logGet(43)) - raft.server.log.statemachine.data.sync.timeout.retry = -1 (default)
2019-11-18 20:31:28,275 [pool-27-thread-1] WARN  impl.MetricRegistriesImpl (MetricRegistriesImpl.java:lambda$create$1(61)) - First MetricRegistry has been created without registering reporters. You may need to call MetricRegistries.global().addReportRegistration(...) before.
2019-11-18 20:31:28,275 [pool-47-thread-1] INFO  server.RaftServerConfigKeys (ConfUtils.java:logGet(43)) - raft.server.log.statemachine.data.caching.enabled = true (custom)
2019-11-18 20:31:28,275 [pool-37-thread-1] INFO  segmented.SegmentedRaftLogWorker (SegmentedRaftLogWorker.java:lambda$new$0(128)) - b500fd20-cf57-471d-b9c7-5213c4722a40@group-FD566A6B17A8-SegmentedRaftLogWorker: flushIndex: setUnconditionally 0 -> -1
2019-11-18 20:31:28,275 [pool-27-thread-1] INFO  impl.RaftServerImpl (RaftServerImpl.java:start(184)) - c599f64d-1569-429a-bb2e-93adf70cd479@group-FD566A6B17A8: start as a follower, conf=-1: [94645783-fc8b-4cc0-8dc2-f650ddf89977:192.168.157.200:43349, b500fd20-cf57-471d-b9c7-5213c4722a40:192.168.157.200:39316, c599f64d-1569-429a-bb2e-93adf70cd479:192.168.157.200:35945], old=null
2019-11-18 20:31:28,276 [pool-47-thread-1] INFO  segmented.SegmentedRaftLogWorker (SegmentedRaftLogWorker.java:lambda$new$0(128)) - 94645783-fc8b-4cc0-8dc2-f650ddf89977@group-FD566A6B17A8-SegmentedRaftLogWorker: flushIndex: setUnconditionally 0 -> -1
2019-11-18 20:31:28,276 [pool-37-thread-1] INFO  server.RaftServerConfigKeys (ConfUtils.java:logGet(43)) - raft.server.snapshot.auto.trigger.enabled = true (custom)
2019-11-18 20:31:28,276 [pool-47-thread-1] INFO  server.RaftServerConfigKeys (ConfUtils.java:logGet(43)) - raft.server.snapshot.auto.trigger.enabled = true (custom)
2019-11-18 20:31:28,276 [pool-27-thread-1] INFO  impl.RaftServerImpl (RaftServerImpl.java:setRole(173)) - c599f64d-1569-429a-bb2e-93adf70cd479@group-FD566A6B17A8: changes role from      null to FOLLOWER at term 0 for startAsFollower
2019-11-18 20:31:28,276 [pool-47-thread-1] INFO  server.RaftServerConfigKeys (ConfUtils.java:logGet(43)) - raft.server.snapshot.auto.trigger.threshold = 10000 (custom)
2019-11-18 20:31:28,276 [pool-37-thread-1] INFO  server.RaftServerConfigKeys (ConfUtils.java:logGet(43)) - raft.server.snapshot.auto.trigger.threshold = 10000 (custom)
2019-11-18 20:31:28,276 [pool-47-thread-1] INFO  server.RaftServerConfigKeys (ConfUtils.java:logGet(43)) - raft.server.snapshot.retention.file.num = 5 (custom)
2019-11-18 20:31:28,276 [pool-27-thread-1] INFO  impl.RoleInfo (RoleInfo.java:updateAndGet(143)) - c599f64d-1569-429a-bb2e-93adf70cd479: start FollowerState
2019-11-18 20:31:28,277 [pool-47-thread-1] INFO  server.RaftServerConfigKeys (ConfUtils.java:logGet(43)) - raft.server.retrycache.expirytime = 600000ms (custom)
2019-11-18 20:31:28,276 [pool-37-thread-1] INFO  server.RaftServerConfigKeys (ConfUtils.java:logGet(43)) - raft.server.snapshot.retention.file.num = 5 (custom)
2019-11-18 20:31:28,277 [pool-47-thread-1] WARN  impl.MetricRegistriesImpl (MetricRegistriesImpl.java:lambda$create$1(61)) - First MetricRegistry has been created without registering reporters. You may need to call MetricRegistries.global().addReportRegistration(...) before.
2019-11-18 20:31:28,277 [pool-27-thread-1] INFO  util.JmxRegister (JmxRegister.java:tryRegister(44)) - Successfully registered JMX Bean with object name Ratis:service=RaftServer,group=group-FD566A6B17A8,id=c599f64d-1569-429a-bb2e-93adf70cd479
2019-11-18 20:31:28,277 [pool-47-thread-1] WARN  impl.MetricRegistriesImpl (MetricRegistriesImpl.java:lambda$create$1(61)) - First MetricRegistry has been created without registering reporters. You may need to call MetricRegistries.global().addReportRegistration(...) before.
2019-11-18 20:31:28,277 [pool-37-thread-1] INFO  server.RaftServerConfigKeys (ConfUtils.java:logGet(43)) - raft.server.retrycache.expirytime = 600000ms (custom)
2019-11-18 20:31:28,277 [pool-47-thread-1] INFO  impl.RaftServerImpl (RaftServerImpl.java:start(184)) - 94645783-fc8b-4cc0-8dc2-f650ddf89977@group-FD566A6B17A8: start as a follower, conf=-1: [94645783-fc8b-4cc0-8dc2-f650ddf89977:192.168.157.200:43349, b500fd20-cf57-471d-b9c7-5213c4722a40:192.168.157.200:39316, c599f64d-1569-429a-bb2e-93adf70cd479:192.168.157.200:35945], old=null
2019-11-18 20:31:28,277 [pool-27-thread-1] WARN  impl.MetricRegistriesImpl (MetricRegistriesImpl.java:lambda$create$1(61)) - First MetricRegistry has been created without registering reporters. You may need to call MetricRegistries.global().addReportRegistration(...) before.
2019-11-18 20:31:28,277 [pool-47-thread-1] INFO  impl.RaftServerImpl (RaftServerImpl.java:setRole(173)) - 94645783-fc8b-4cc0-8dc2-f650ddf89977@group-FD566A6B17A8: changes role from      null to FOLLOWER at term 0 for startAsFollower
2019-11-18 20:31:28,277 [pool-37-thread-1] WARN  impl.MetricRegistriesImpl (MetricRegistriesImpl.java:lambda$create$1(61)) - First MetricRegistry has been created without registering reporters. You may need to call MetricRegistries.global().addReportRegistration(...) before.
2019-11-18 20:31:28,278 [pool-47-thread-1] INFO  impl.RoleInfo (RoleInfo.java:updateAndGet(143)) - 94645783-fc8b-4cc0-8dc2-f650ddf89977: start FollowerState
2019-11-18 20:31:28,278 [pool-37-thread-1] WARN  impl.MetricRegistriesImpl (MetricRegistriesImpl.java:lambda$create$1(61)) - First MetricRegistry has been created without registering reporters. You may need to call MetricRegistries.global().addReportRegistration(...) before.
2019-11-18 20:31:28,278 [pool-47-thread-1] INFO  util.JmxRegister (JmxRegister.java:tryRegister(44)) - Successfully registered JMX Bean with object name Ratis:service=RaftServer,group=group-FD566A6B17A8,id=94645783-fc8b-4cc0-8dc2-f650ddf89977
2019-11-18 20:31:28,278 [pool-37-thread-1] INFO  impl.RaftServerImpl (RaftServerImpl.java:start(184)) - b500fd20-cf57-471d-b9c7-5213c4722a40@group-FD566A6B17A8: start as a follower, conf=-1: [94645783-fc8b-4cc0-8dc2-f650ddf89977:192.168.157.200:43349, b500fd20-cf57-471d-b9c7-5213c4722a40:192.168.157.200:39316, c599f64d-1569-429a-bb2e-93adf70cd479:192.168.157.200:35945], old=null
2019-11-18 20:31:28,278 [pool-47-thread-1] WARN  impl.MetricRegistriesImpl (MetricRegistriesImpl.java:lambda$create$1(61)) - First MetricRegistry has been created without registering reporters. You may need to call MetricRegistries.global().addReportRegistration(...) before.
2019-11-18 20:31:28,279 [pool-37-thread-1] INFO  impl.RaftServerImpl (RaftServerImpl.java:setRole(173)) - b500fd20-cf57-471d-b9c7-5213c4722a40@group-FD566A6B17A8: changes role from      null to FOLLOWER at term 0 for startAsFollower
2019-11-18 20:31:28,279 [pool-37-thread-1] INFO  impl.RoleInfo (RoleInfo.java:updateAndGet(143)) - b500fd20-cf57-471d-b9c7-5213c4722a40: start FollowerState
2019-11-18 20:31:28,280 [pool-37-thread-1] INFO  util.JmxRegister (JmxRegister.java:tryRegister(44)) - Successfully registered JMX Bean with object name Ratis:service=RaftServer,group=group-FD566A6B17A8,id=b500fd20-cf57-471d-b9c7-5213c4722a40
2019-11-18 20:31:28,281 [pool-37-thread-1] WARN  impl.MetricRegistriesImpl (MetricRegistriesImpl.java:lambda$create$1(61)) - First MetricRegistry has been created without registering reporters. You may need to call MetricRegistries.global().addReportRegistration(...) before.
2019-11-18 20:31:28,291 [RatisPipelineUtilsThread] INFO  pipeline.PipelineStateManager (PipelineStateManager.java:addPipeline(55)) - Created pipeline Pipeline[ Id: 6d852b44-7736-4ec7-8804-fd566a6b17a8, Nodes: c599f64d-1569-429a-bb2e-93adf70cd479{ip: 192.168.157.200, host: pr-hdds-2514-unusedmethodparam-bwdv4-1743785533, networkLocation: /default-rack, certSerialId: null}94645783-fc8b-4cc0-8dc2-f650ddf89977{ip: 192.168.157.200, host: pr-hdds-2514-unusedmethodparam-bwdv4-1743785533, networkLocation: /default-rack, certSerialId: null}b500fd20-cf57-471d-b9c7-5213c4722a40{ip: 192.168.157.200, host: pr-hdds-2514-unusedmethodparam-bwdv4-1743785533, networkLocation: /default-rack, certSerialId: null}, Type:RATIS, Factor:THREE, State:ALLOCATED]
2019-11-18 20:31:28,292 [Thread-178] INFO  pipeline.PipelineStateManager (PipelineStateManager.java:finalizePipeline(121)) - Pipeline Pipeline[ Id: cebc7bd5-f388-4b4a-a20c-bf1c0b2ce67d, Nodes: c599f64d-1569-429a-bb2e-93adf70cd479{ip: 192.168.157.200, host: pr-hdds-2514-unusedmethodparam-bwdv4-1743785533, networkLocation: /default-rack, certSerialId: null}, Type:RATIS, Factor:ONE, State:CLOSED] moved to CLOSED state
2019-11-18 20:31:28,301 [grpc-default-executor-0] INFO  impl.RaftServerProxy (RaftServerProxy.java:remove(95)) - c599f64d-1569-429a-bb2e-93adf70cd479: remove  FOLLOWER c599f64d-1569-429a-bb2e-93adf70cd479@group-BF1C0B2CE67D:t0, leader=null, voted=null, raftlog=c599f64d-1569-429a-bb2e-93adf70cd479@group-BF1C0B2CE67D-SegmentedRaftLog:OPENED:c-1,f-1,i0, conf=-1: [c599f64d-1569-429a-bb2e-93adf70cd479:192.168.157.200:35945], old=null RUNNING
2019-11-18 20:31:28,302 [grpc-default-executor-0] INFO  impl.RaftServerImpl (RaftServerImpl.java:lambda$shutdown$3(250)) - c599f64d-1569-429a-bb2e-93adf70cd479@group-BF1C0B2CE67D: shutdown
2019-11-18 20:31:28,302 [grpc-default-executor-0] INFO  util.JmxRegister (JmxRegister.java:unregister(73)) - Successfully un-registered JMX Bean with object name Ratis:service=RaftServer,group=group-BF1C0B2CE67D,id=c599f64d-1569-429a-bb2e-93adf70cd479
2019-11-18 20:31:28,302 [grpc-default-executor-0] INFO  impl.RoleInfo (RoleInfo.java:shutdownFollowerState(121)) - c599f64d-1569-429a-bb2e-93adf70cd479: shutdown FollowerState
2019-11-18 20:31:28,302 [grpc-default-executor-0] INFO  impl.StateMachineUpdater (StateMachineUpdater.java:stopAndJoin(136)) - c599f64d-1569-429a-bb2e-93adf70cd479@group-BF1C0B2CE67D-StateMachineUpdater: set stopIndex = -1
2019-11-18 20:31:28,303 [Thread-180] INFO  impl.FollowerState (FollowerState.java:run(120)) - c599f64d-1569-429a-bb2e-93adf70cd479@group-BF1C0B2CE67D-FollowerState was interrupted: java.lang.InterruptedException: sleep interrupted
2019-11-18 20:31:28,304 [grpc-default-executor-0] INFO  impl.RaftServerImpl (ServerState.java:close(387)) - c599f64d-1569-429a-bb2e-93adf70cd479@group-BF1C0B2CE67D: closes. applyIndex: -1
2019-11-18 20:31:28,305 [c599f64d-1569-429a-bb2e-93adf70cd479@group-BF1C0B2CE67D-SegmentedRaftLogWorker] INFO  segmented.SegmentedRaftLogWorker (SegmentedRaftLogWorker.java:run(316)) - c599f64d-1569-429a-bb2e-93adf70cd479@group-BF1C0B2CE67D-SegmentedRaftLogWorker was interrupted, exiting. There are 0 tasks remaining in the queue.
2019-11-18 20:31:28,305 [grpc-default-executor-0] INFO  segmented.SegmentedRaftLogWorker (SegmentedRaftLogWorker.java:close(224)) - c599f64d-1569-429a-bb2e-93adf70cd479@group-BF1C0B2CE67D-SegmentedRaftLogWorker close()
2019-11-18 20:31:28,311 [Thread-178] INFO  pipeline.PipelineStateManager (PipelineStateManager.java:removePipeline(106)) - Pipeline Pipeline[ Id: cebc7bd5-f388-4b4a-a20c-bf1c0b2ce67d, Nodes: c599f64d-1569-429a-bb2e-93adf70cd479{ip: 192.168.157.200, host: pr-hdds-2514-unusedmethodparam-bwdv4-1743785533, networkLocation: /default-rack, certSerialId: null}, Type:RATIS, Factor:ONE, State:CLOSED] removed from db
2019-11-18 20:31:28,311 [Thread-178] INFO  pipeline.SCMPipelineManager (SCMPipelineManager.java:finalizeAndDestroyPipeline(315)) - destroying pipeline:Pipeline[ Id: 9acec783-9dad-4445-bec5-91061767e6ee, Nodes: 94645783-fc8b-4cc0-8dc2-f650ddf89977{ip: 192.168.157.200, host: pr-hdds-2514-unusedmethodparam-bwdv4-1743785533, networkLocation: /default-rack, certSerialId: null}, Type:RATIS, Factor:ONE, State:ALLOCATED]
2019-11-18 20:31:28,321 [grpc-default-executor-0] INFO  impl.RaftServerProxy (RaftServerProxy.java:addNew(89)) - c599f64d-1569-429a-bb2e-93adf70cd479: addNew group-F0C168BDB1E5:[c599f64d-1569-429a-bb2e-93adf70cd479:192.168.157.200:35945] returns group-F0C168BDB1E5:java.util.concurrent.CompletableFuture@b4a47b4[Not completed]
2019-11-18 20:31:28,323 [pool-27-thread-1] INFO  impl.RaftServerImpl (RaftServerImpl.java:<init>(98)) - c599f64d-1569-429a-bb2e-93adf70cd479: new RaftServerImpl for group-F0C168BDB1E5:[c599f64d-1569-429a-bb2e-93adf70cd479:192.168.157.200:35945] with ContainerStateMachine:uninitialized
2019-11-18 20:31:28,323 [pool-27-thread-1] INFO  server.RaftServerConfigKeys (ConfUtils.java:logGet(43)) - raft.server.rpc.timeout.min = 5s (custom)
2019-11-18 20:31:28,323 [pool-27-thread-1] INFO  server.RaftServerConfigKeys (ConfUtils.java:logGet(43)) - raft.server.rpc.timeout.max = 5200ms (custom)
2019-11-18 20:31:28,323 [pool-27-thread-1] INFO  server.RaftServerConfigKeys (ConfUtils.java:logGet(43)) - raft.server.rpcslowness.timeout = 120s (custom)
2019-11-18 20:31:28,323 [pool-27-thread-1] INFO  server.RaftServerConfigKeys (ConfUtils.java:logGet(43)) - raft.server.sleep.deviation.threshold = 300 (default)
2019-11-18 20:31:28,323 [pool-27-thread-1] INFO  server.RaftServerConfigKeys (ConfUtils.java:logGet(43)) - raft.server.log.appender.install.snapshot.enabled = false (custom)
2019-11-18 20:31:28,323 [pool-27-thread-1] INFO  impl.RaftServerImpl (ServerState.java:<init>(103)) - c599f64d-1569-429a-bb2e-93adf70cd479@group-F0C168BDB1E5: ConfigurationManager, init=-1: [c599f64d-1569-429a-bb2e-93adf70cd479:192.168.157.200:35945], old=null, confs=<EMPTY_MAP>
2019-11-18 20:31:28,324 [pool-27-thread-1] INFO  server.RaftServerConfigKeys (ConfUtils.java:logGet(43)) - raft.server.storage.dir = [/workdir/hadoop-ozone/tools/target/test-dir/MiniOzoneClusterImpl-9fba51d2-8262-4f75-a70c-39cbbda2bfee/datanode-0/data/ratis] (custom)
2019-11-18 20:31:28,324 [pool-27-thread-1] INFO  server.RaftServerConfigKeys (ConfUtils.java:logGet(43)) - raft.server.log.corruption.policy = EXCEPTION (default)
2019-11-18 20:31:28,324 [pool-27-thread-1] INFO  storage.RaftStorageDirectory (RaftStorageDirectory.java:analyzeStorage(246)) - The storage directory /workdir/hadoop-ozone/tools/target/test-dir/MiniOzoneClusterImpl-9fba51d2-8262-4f75-a70c-39cbbda2bfee/datanode-0/data/ratis/a372bf35-f86b-4579-9bc9-f0c168bdb1e5 does not exist. Creating ...
2019-11-18 20:31:28,350 [pool-27-thread-1] INFO  storage.RaftStorageDirectory (RaftStorageDirectory.java:tryLock(328)) - Lock on /workdir/hadoop-ozone/tools/target/test-dir/MiniOzoneClusterImpl-9fba51d2-8262-4f75-a70c-39cbbda2bfee/datanode-0/data/ratis/a372bf35-f86b-4579-9bc9-f0c168bdb1e5/in_use.lock acquired by nodename 20020@pr-hdds-2514-unusedmethodparam-bwdv4-1743785533
2019-11-18 20:31:28,376 [pool-27-thread-1] INFO  storage.RaftStorage (RaftStorage.java:format(84)) - Storage directory /workdir/hadoop-ozone/tools/target/test-dir/MiniOzoneClusterImpl-9fba51d2-8262-4f75-a70c-39cbbda2bfee/datanode-0/data/ratis/a372bf35-f86b-4579-9bc9-f0c168bdb1e5 has been successfully formatted.
2019-11-18 20:31:28,376 [pool-27-thread-1] INFO  ratis.ContainerStateMachine (ContainerStateMachine.java:loadSnapshot(223)) - group-F0C168BDB1E5: The snapshot info is null. Setting the last applied indexto:(t:0, i:~)
2019-11-18 20:31:28,376 [pool-27-thread-1] INFO  server.RaftServerConfigKeys (ConfUtils.java:logGet(43)) - raft.server.notification.no-leader.timeout = 120s (custom)
2019-11-18 20:31:28,376 [pool-27-thread-1] INFO  server.RaftServerConfigKeys (ConfUtils.java:logGet(43)) - raft.server.log.use.memory = false (default)
2019-11-18 20:31:28,376 [pool-27-thread-1] INFO  server.RaftServerConfigKeys (ConfUtils.java:logGet(43)) - raft.server.log.purge.gap = 1000000 (custom)
2019-11-18 20:31:28,376 [pool-27-thread-1] INFO  server.RaftServerConfigKeys (ConfUtils.java:logGet(43)) - raft.server.log.appender.buffer.byte-limit = 33554432 (custom)
2019-11-18 20:31:28,377 [pool-27-thread-1] INFO  server.RaftServerConfigKeys (ConfUtils.java:logGet(43)) - raft.server.log.segment.size.max = 1048576 (custom)
2019-11-18 20:31:28,377 [pool-27-thread-1] INFO  server.RaftServerConfigKeys (ConfUtils.java:logGet(43)) - raft.server.log.segment.cache.num.max = 2 (custom)
2019-11-18 20:31:28,377 [pool-27-thread-1] INFO  segmented.SegmentedRaftLogWorker (SegmentedRaftLogWorker.java:<init>(173)) - new c599f64d-1569-429a-bb2e-93adf70cd479@group-F0C168BDB1E5-SegmentedRaftLogWorker for RaftStorage:Storage Directory /workdir/hadoop-ozone/tools/target/test-dir/MiniOzoneClusterImpl-9fba51d2-8262-4f75-a70c-39cbbda2bfee/datanode-0/data/ratis/a372bf35-f86b-4579-9bc9-f0c168bdb1e5
2019-11-18 20:31:28,377 [pool-27-thread-1] INFO  server.RaftServerConfigKeys (ConfUtils.java:logGet(43)) - raft.server.log.queue.byte-limit = 2147483647 (custom)
2019-11-18 20:31:28,377 [pool-27-thread-1] INFO  server.RaftServerConfigKeys (ConfUtils.java:logGet(43)) - raft.server.log.queue.element-limit = 1024 (custom)
2019-11-18 20:31:28,377 [pool-27-thread-1] INFO  server.RaftServerConfigKeys (ConfUtils.java:logGet(43)) - raft.server.log.segment.size.max = 1048576 (custom)
2019-11-18 20:31:28,377 [pool-27-thread-1] INFO  server.RaftServerConfigKeys (ConfUtils.java:logGet(43)) - raft.server.log.preallocated.size = 16384 (custom)
2019-11-18 20:31:28,377 [pool-27-thread-1] INFO  server.RaftServerConfigKeys (ConfUtils.java:logGet(43)) - raft.server.log.write.buffer.size = 33554432 (custom)
2019-11-18 20:31:28,377 [pool-27-thread-1] INFO  server.RaftServerConfigKeys (ConfUtils.java:logGet(43)) - raft.server.log.force.sync.num = 128 (default)
2019-11-18 20:31:28,377 [pool-27-thread-1] INFO  server.RaftServerConfigKeys (ConfUtils.java:logGet(43)) - raft.server.log.statemachine.data.sync = true (default)
2019-11-18 20:31:28,378 [pool-27-thread-1] INFO  server.RaftServerConfigKeys (ConfUtils.java:logGet(43)) - raft.server.log.statemachine.data.sync.timeout = 10s (default)
2019-11-18 20:31:28,378 [pool-27-thread-1] INFO  server.RaftServerConfigKeys (ConfUtils.java:logGet(43)) - raft.server.log.statemachine.data.sync.timeout.retry = -1 (default)
2019-11-18 20:31:28,378 [pool-27-thread-1] INFO  server.RaftServerConfigKeys (ConfUtils.java:logGet(43)) - raft.server.log.statemachine.data.caching.enabled = true (custom)
2019-11-18 20:31:28,378 [pool-27-thread-1] INFO  segmented.SegmentedRaftLogWorker (SegmentedRaftLogWorker.java:lambda$new$0(128)) - c599f64d-1569-429a-bb2e-93adf70cd479@group-F0C168BDB1E5-SegmentedRaftLogWorker: flushIndex: setUnconditionally 0 -> -1
2019-11-18 20:31:28,378 [pool-27-thread-1] INFO  server.RaftServerConfigKeys (ConfUtils.java:logGet(43)) - raft.server.snapshot.auto.trigger.enabled = true (custom)
2019-11-18 20:31:28,379 [pool-27-thread-1] INFO  server.RaftServerConfigKeys (ConfUtils.java:logGet(43)) - raft.server.snapshot.auto.trigger.threshold = 10000 (custom)
2019-11-18 20:31:28,379 [pool-27-thread-1] INFO  server.RaftServerConfigKeys (ConfUtils.java:logGet(43)) - raft.server.snapshot.retention.file.num = 5 (custom)
2019-11-18 20:31:28,379 [pool-27-thread-1] INFO  server.RaftServerConfigKeys (ConfUtils.java:logGet(43)) - raft.server.retrycache.expirytime = 600000ms (custom)
2019-11-18 20:31:28,379 [pool-27-thread-1] WARN  impl.MetricRegistriesImpl (MetricRegistriesImpl.java:lambda$create$1(61)) - First MetricRegistry has been created without registering reporters. You may need to call MetricRegistries.global().addReportRegistration(...) before.
2019-11-18 20:31:28,379 [pool-27-thread-1] WARN  impl.MetricRegistriesImpl (MetricRegistriesImpl.java:lambda$create$1(61)) - First MetricRegistry has been created without registering reporters. You may need to call MetricRegistries.global().addReportRegistration(...) before.
2019-11-18 20:31:28,379 [pool-27-thread-1] INFO  impl.RaftServerImpl (RaftServerImpl.java:start(184)) - c599f64d-1569-429a-bb2e-93adf70cd479@group-F0C168BDB1E5: start as a follower, conf=-1: [c599f64d-1569-429a-bb2e-93adf70cd479:192.168.157.200:35945], old=null
2019-11-18 20:31:28,379 [pool-27-thread-1] INFO  impl.RaftServerImpl (RaftServerImpl.java:setRole(173)) - c599f64d-1569-429a-bb2e-93adf70cd479@group-F0C168BDB1E5: changes role from      null to FOLLOWER at term 0 for startAsFollower
2019-11-18 20:31:28,379 [pool-27-thread-1] INFO  impl.RoleInfo (RoleInfo.java:updateAndGet(143)) - c599f64d-1569-429a-bb2e-93adf70cd479: start FollowerState
2019-11-18 20:31:28,380 [pool-27-thread-1] INFO  util.JmxRegister (JmxRegister.java:tryRegister(44)) - Successfully registered JMX Bean with object name Ratis:service=RaftServer,group=group-F0C168BDB1E5,id=c599f64d-1569-429a-bb2e-93adf70cd479
2019-11-18 20:31:28,380 [pool-27-thread-1] WARN  impl.MetricRegistriesImpl (MetricRegistriesImpl.java:lambda$create$1(61)) - First MetricRegistry has been created without registering reporters. You may need to call MetricRegistries.global().addReportRegistration(...) before.
2019-11-18 20:31:28,385 [RatisPipelineUtilsThread] INFO  pipeline.PipelineStateManager (PipelineStateManager.java:addPipeline(55)) - Created pipeline Pipeline[ Id: a372bf35-f86b-4579-9bc9-f0c168bdb1e5, Nodes: c599f64d-1569-429a-bb2e-93adf70cd479{ip: 192.168.157.200, host: pr-hdds-2514-unusedmethodparam-bwdv4-1743785533, networkLocation: /default-rack, certSerialId: null}, Type:RATIS, Factor:ONE, State:ALLOCATED]
2019-11-18 20:31:28,387 [Thread-178] INFO  pipeline.PipelineStateManager (PipelineStateManager.java:finalizePipeline(121)) - Pipeline Pipeline[ Id: 9acec783-9dad-4445-bec5-91061767e6ee, Nodes: 94645783-fc8b-4cc0-8dc2-f650ddf89977{ip: 192.168.157.200, host: pr-hdds-2514-unusedmethodparam-bwdv4-1743785533, networkLocation: /default-rack, certSerialId: null}, Type:RATIS, Factor:ONE, State:CLOSED] moved to CLOSED state
2019-11-18 20:31:28,399 [grpc-default-executor-0] INFO  impl.RaftServerProxy (RaftServerProxy.java:remove(95)) - 94645783-fc8b-4cc0-8dc2-f650ddf89977: remove  FOLLOWER 94645783-fc8b-4cc0-8dc2-f650ddf89977@group-91061767E6EE:t0, leader=null, voted=null, raftlog=94645783-fc8b-4cc0-8dc2-f650ddf89977@group-91061767E6EE-SegmentedRaftLog:OPENED:c-1,f-1,i0, conf=-1: [94645783-fc8b-4cc0-8dc2-f650ddf89977:192.168.157.200:43349], old=null RUNNING
2019-11-18 20:31:28,399 [grpc-default-executor-0] INFO  impl.RaftServerImpl (RaftServerImpl.java:lambda$shutdown$3(250)) - 94645783-fc8b-4cc0-8dc2-f650ddf89977@group-91061767E6EE: shutdown
2019-11-18 20:31:28,400 [grpc-default-executor-0] INFO  util.JmxRegister (JmxRegister.java:unregister(73)) - Successfully un-registered JMX Bean with object name Ratis:service=RaftServer,group=group-91061767E6EE,id=94645783-fc8b-4cc0-8dc2-f650ddf89977
2019-11-18 20:31:28,400 [grpc-default-executor-0] INFO  impl.RoleInfo (RoleInfo.java:shutdownFollowerState(121)) - 94645783-fc8b-4cc0-8dc2-f650ddf89977: shutdown FollowerState
2019-11-18 20:31:28,400 [grpc-default-executor-0] INFO  impl.StateMachineUpdater (StateMachineUpdater.java:stopAndJoin(136)) - 94645783-fc8b-4cc0-8dc2-f650ddf89977@group-91061767E6EE-StateMachineUpdater: set stopIndex = -1
2019-11-18 20:31:28,400 [Thread-183] INFO  impl.FollowerState (FollowerState.java:run(120)) - 94645783-fc8b-4cc0-8dc2-f650ddf89977@group-91061767E6EE-FollowerState was interrupted: java.lang.InterruptedException: sleep interrupted
2019-11-18 20:31:28,401 [grpc-default-executor-0] INFO  impl.RaftServerImpl (ServerState.java:close(387)) - 94645783-fc8b-4cc0-8dc2-f650ddf89977@group-91061767E6EE: closes. applyIndex: -1
2019-11-18 20:31:28,401 [94645783-fc8b-4cc0-8dc2-f650ddf89977@group-91061767E6EE-SegmentedRaftLogWorker] INFO  segmented.SegmentedRaftLogWorker (SegmentedRaftLogWorker.java:run(316)) - 94645783-fc8b-4cc0-8dc2-f650ddf89977@group-91061767E6EE-SegmentedRaftLogWorker was interrupted, exiting. There are 0 tasks remaining in the queue.
2019-11-18 20:31:28,402 [grpc-default-executor-0] INFO  segmented.SegmentedRaftLogWorker (SegmentedRaftLogWorker.java:close(224)) - 94645783-fc8b-4cc0-8dc2-f650ddf89977@group-91061767E6EE-SegmentedRaftLogWorker close()
2019-11-18 20:31:28,408 [Thread-178] INFO  pipeline.PipelineStateManager (PipelineStateManager.java:removePipeline(106)) - Pipeline Pipeline[ Id: 9acec783-9dad-4445-bec5-91061767e6ee, Nodes: 94645783-fc8b-4cc0-8dc2-f650ddf89977{ip: 192.168.157.200, host: pr-hdds-2514-unusedmethodparam-bwdv4-1743785533, networkLocation: /default-rack, certSerialId: null}, Type:RATIS, Factor:ONE, State:CLOSED] removed from db
2019-11-18 20:31:28,416 [grpc-default-executor-0] INFO  impl.RaftServerProxy (RaftServerProxy.java:addNew(89)) - 94645783-fc8b-4cc0-8dc2-f650ddf89977: addNew group-FDCED8DC57C2:[94645783-fc8b-4cc0-8dc2-f650ddf89977:192.168.157.200:43349] returns group-FDCED8DC57C2:java.util.concurrent.CompletableFuture@5049abef[Not completed]
2019-11-18 20:31:28,418 [pool-47-thread-1] INFO  impl.RaftServerImpl (RaftServerImpl.java:<init>(98)) - 94645783-fc8b-4cc0-8dc2-f650ddf89977: new RaftServerImpl for group-FDCED8DC57C2:[94645783-fc8b-4cc0-8dc2-f650ddf89977:192.168.157.200:43349] with ContainerStateMachine:uninitialized
2019-11-18 20:31:28,418 [pool-47-thread-1] INFO  server.RaftServerConfigKeys (ConfUtils.java:logGet(43)) - raft.server.rpc.timeout.min = 5s (custom)
2019-11-18 20:31:28,418 [pool-47-thread-1] INFO  server.RaftServerConfigKeys (ConfUtils.java:logGet(43)) - raft.server.rpc.timeout.max = 5200ms (custom)
2019-11-18 20:31:28,418 [pool-47-thread-1] INFO  server.RaftServerConfigKeys (ConfUtils.java:logGet(43)) - raft.server.rpcslowness.timeout = 120s (custom)
2019-11-18 20:31:28,418 [pool-47-thread-1] INFO  server.RaftServerConfigKeys (ConfUtils.java:logGet(43)) - raft.server.sleep.deviation.threshold = 300 (default)
2019-11-18 20:31:28,418 [pool-47-thread-1] INFO  server.RaftServerConfigKeys (ConfUtils.java:logGet(43)) - raft.server.log.appender.install.snapshot.enabled = false (custom)
2019-11-18 20:31:28,418 [pool-47-thread-1] INFO  impl.RaftServerImpl (ServerState.java:<init>(103)) - 94645783-fc8b-4cc0-8dc2-f650ddf89977@group-FDCED8DC57C2: ConfigurationManager, init=-1: [94645783-fc8b-4cc0-8dc2-f650ddf89977:192.168.157.200:43349], old=null, confs=<EMPTY_MAP>
2019-11-18 20:31:28,418 [pool-47-thread-1] INFO  server.RaftServerConfigKeys (ConfUtils.java:logGet(43)) - raft.server.storage.dir = [/workdir/hadoop-ozone/tools/target/test-dir/MiniOzoneClusterImpl-9fba51d2-8262-4f75-a70c-39cbbda2bfee/datanode-2/data/ratis] (custom)
2019-11-18 20:31:28,419 [pool-47-thread-1] INFO  server.RaftServerConfigKeys (ConfUtils.java:logGet(43)) - raft.server.log.corruption.policy = EXCEPTION (default)
2019-11-18 20:31:28,419 [pool-47-thread-1] INFO  storage.RaftStorageDirectory (RaftStorageDirectory.java:analyzeStorage(246)) - The storage directory /workdir/hadoop-ozone/tools/target/test-dir/MiniOzoneClusterImpl-9fba51d2-8262-4f75-a70c-39cbbda2bfee/datanode-2/data/ratis/52252f6d-6929-4c0f-85b3-fdced8dc57c2 does not exist. Creating ...
2019-11-18 20:31:28,443 [pool-47-thread-1] INFO  storage.RaftStorageDirectory (RaftStorageDirectory.java:tryLock(328)) - Lock on /workdir/hadoop-ozone/tools/target/test-dir/MiniOzoneClusterImpl-9fba51d2-8262-4f75-a70c-39cbbda2bfee/datanode-2/data/ratis/52252f6d-6929-4c0f-85b3-fdced8dc57c2/in_use.lock acquired by nodename 20020@pr-hdds-2514-unusedmethodparam-bwdv4-1743785533
2019-11-18 20:31:28,468 [pool-47-thread-1] INFO  storage.RaftStorage (RaftStorage.java:format(84)) - Storage directory /workdir/hadoop-ozone/tools/target/test-dir/MiniOzoneClusterImpl-9fba51d2-8262-4f75-a70c-39cbbda2bfee/datanode-2/data/ratis/52252f6d-6929-4c0f-85b3-fdced8dc57c2 has been successfully formatted.
2019-11-18 20:31:28,469 [pool-47-thread-1] INFO  ratis.ContainerStateMachine (ContainerStateMachine.java:loadSnapshot(223)) - group-FDCED8DC57C2: The snapshot info is null. Setting the last applied indexto:(t:0, i:~)
2019-11-18 20:31:28,469 [pool-47-thread-1] INFO  server.RaftServerConfigKeys (ConfUtils.java:logGet(43)) - raft.server.notification.no-leader.timeout = 120s (custom)
2019-11-18 20:31:28,469 [pool-47-thread-1] INFO  server.RaftServerConfigKeys (ConfUtils.java:logGet(43)) - raft.server.log.use.memory = false (default)
2019-11-18 20:31:28,469 [pool-47-thread-1] INFO  server.RaftServerConfigKeys (ConfUtils.java:logGet(43)) - raft.server.log.purge.gap = 1000000 (custom)
2019-11-18 20:31:28,469 [pool-47-thread-1] INFO  server.RaftServerConfigKeys (ConfUtils.java:logGet(43)) - raft.server.log.appender.buffer.byte-limit = 33554432 (custom)
2019-11-18 20:31:28,470 [pool-47-thread-1] INFO  server.RaftServerConfigKeys (ConfUtils.java:logGet(43)) - raft.server.log.segment.size.max = 1048576 (custom)
2019-11-18 20:31:28,470 [pool-47-thread-1] INFO  server.RaftServerConfigKeys (ConfUtils.java:logGet(43)) - raft.server.log.segment.cache.num.max = 2 (custom)
2019-11-18 20:31:28,470 [pool-47-thread-1] INFO  segmented.SegmentedRaftLogWorker (SegmentedRaftLogWorker.java:<init>(173)) - new 94645783-fc8b-4cc0-8dc2-f650ddf89977@group-FDCED8DC57C2-SegmentedRaftLogWorker for RaftStorage:Storage Directory /workdir/hadoop-ozone/tools/target/test-dir/MiniOzoneClusterImpl-9fba51d2-8262-4f75-a70c-39cbbda2bfee/datanode-2/data/ratis/52252f6d-6929-4c0f-85b3-fdced8dc57c2
2019-11-18 20:31:28,470 [pool-47-thread-1] INFO  server.RaftServerConfigKeys (ConfUtils.java:logGet(43)) - raft.server.log.queue.byte-limit = 2147483647 (custom)
2019-11-18 20:31:28,470 [pool-47-thread-1] INFO  server.RaftServerConfigKeys (ConfUtils.java:logGet(43)) - raft.server.log.queue.element-limit = 1024 (custom)
2019-11-18 20:31:28,470 [pool-47-thread-1] INFO  server.RaftServerConfigKeys (ConfUtils.java:logGet(43)) - raft.server.log.segment.size.max = 1048576 (custom)
2019-11-18 20:31:28,470 [pool-47-thread-1] INFO  server.RaftServerConfigKeys (ConfUtils.java:logGet(43)) - raft.server.log.preallocated.size = 16384 (custom)
2019-11-18 20:31:28,471 [pool-47-thread-1] INFO  server.RaftServerConfigKeys (ConfUtils.java:logGet(43)) - raft.server.log.write.buffer.size = 33554432 (custom)
2019-11-18 20:31:28,471 [pool-47-thread-1] INFO  server.RaftServerConfigKeys (ConfUtils.java:logGet(43)) - raft.server.log.force.sync.num = 128 (default)
2019-11-18 20:31:28,471 [pool-47-thread-1] INFO  server.RaftServerConfigKeys (ConfUtils.java:logGet(43)) - raft.server.log.statemachine.data.sync = true (default)
2019-11-18 20:31:28,471 [pool-47-thread-1] INFO  server.RaftServerConfigKeys (ConfUtils.java:logGet(43)) - raft.server.log.statemachine.data.sync.timeout = 10s (default)
2019-11-18 20:31:28,471 [pool-47-thread-1] INFO  server.RaftServerConfigKeys (ConfUtils.java:logGet(43)) - raft.server.log.statemachine.data.sync.timeout.retry = -1 (default)
2019-11-18 20:31:28,471 [pool-47-thread-1] INFO  server.RaftServerConfigKeys (ConfUtils.java:logGet(43)) - raft.server.log.statemachine.data.caching.enabled = true (custom)
2019-11-18 20:31:28,472 [pool-47-thread-1] INFO  segmented.SegmentedRaftLogWorker (SegmentedRaftLogWorker.java:lambda$new$0(128)) - 94645783-fc8b-4cc0-8dc2-f650ddf89977@group-FDCED8DC57C2-SegmentedRaftLogWorker: flushIndex: setUnconditionally 0 -> -1
2019-11-18 20:31:28,472 [pool-47-thread-1] INFO  server.RaftServerConfigKeys (ConfUtils.java:logGet(43)) - raft.server.snapshot.auto.trigger.enabled = true (custom)
2019-11-18 20:31:28,472 [pool-47-thread-1] INFO  server.RaftServerConfigKeys (ConfUtils.java:logGet(43)) - raft.server.snapshot.auto.trigger.threshold = 10000 (custom)
2019-11-18 20:31:28,472 [pool-47-thread-1] INFO  server.RaftServerConfigKeys (ConfUtils.java:logGet(43)) - raft.server.snapshot.retention.file.num = 5 (custom)
2019-11-18 20:31:28,472 [pool-47-thread-1] INFO  server.RaftServerConfigKeys (ConfUtils.java:logGet(43)) - raft.server.retrycache.expirytime = 600000ms (custom)
2019-11-18 20:31:28,473 [pool-47-thread-1] WARN  impl.MetricRegistriesImpl (MetricRegistriesImpl.java:lambda$create$1(61)) - First MetricRegistry has been created without registering reporters. You may need to call MetricRegistries.global().addReportRegistration(...) before.
2019-11-18 20:31:28,473 [pool-47-thread-1] WARN  impl.MetricRegistriesImpl (MetricRegistriesImpl.java:lambda$create$1(61)) - First MetricRegistry has been created without registering reporters. You may need to call MetricRegistries.global().addReportRegistration(...) before.
2019-11-18 20:31:28,473 [pool-47-thread-1] INFO  impl.RaftServerImpl (RaftServerImpl.java:start(184)) - 94645783-fc8b-4cc0-8dc2-f650ddf89977@group-FDCED8DC57C2: start as a follower, conf=-1: [94645783-fc8b-4cc0-8dc2-f650ddf89977:192.168.157.200:43349], old=null
2019-11-18 20:31:28,473 [pool-47-thread-1] INFO  impl.RaftServerImpl (RaftServerImpl.java:setRole(173)) - 94645783-fc8b-4cc0-8dc2-f650ddf89977@group-FDCED8DC57C2: changes role from      null to FOLLOWER at term 0 for startAsFollower
2019-11-18 20:31:28,473 [pool-47-thread-1] INFO  impl.RoleInfo (RoleInfo.java:updateAndGet(143)) - 94645783-fc8b-4cc0-8dc2-f650ddf89977: start FollowerState
2019-11-18 20:31:28,474 [pool-47-thread-1] INFO  util.JmxRegister (JmxRegister.java:tryRegister(44)) - Successfully registered JMX Bean with object name Ratis:service=RaftServer,group=group-FDCED8DC57C2,id=94645783-fc8b-4cc0-8dc2-f650ddf89977
2019-11-18 20:31:28,474 [pool-47-thread-1] WARN  impl.MetricRegistriesImpl (MetricRegistriesImpl.java:lambda$create$1(61)) - First MetricRegistry has been created without registering reporters. You may need to call MetricRegistries.global().addReportRegistration(...) before.
2019-11-18 20:31:28,480 [RatisPipelineUtilsThread] INFO  pipeline.PipelineStateManager (PipelineStateManager.java:addPipeline(55)) - Created pipeline Pipeline[ Id: 52252f6d-6929-4c0f-85b3-fdced8dc57c2, Nodes: 94645783-fc8b-4cc0-8dc2-f650ddf89977{ip: 192.168.157.200, host: pr-hdds-2514-unusedmethodparam-bwdv4-1743785533, networkLocation: /default-rack, certSerialId: null}, Type:RATIS, Factor:ONE, State:ALLOCATED]
2019-11-18 20:31:29,010 [main] INFO  ozone.MiniOzoneClusterImpl (MiniOzoneClusterImpl.java:lambda$waitForClusterToBeReady$2(163)) - Waiting for 4 number of pipelines out of 4, to report a leader.
2019-11-18 20:31:30,011 [main] INFO  ozone.MiniOzoneClusterImpl (MiniOzoneClusterImpl.java:lambda$waitForClusterToBeReady$2(163)) - Waiting for 4 number of pipelines out of 4, to report a leader.
2019-11-18 20:31:31,012 [main] INFO  ozone.MiniOzoneClusterImpl (MiniOzoneClusterImpl.java:lambda$waitForClusterToBeReady$2(163)) - Waiting for 4 number of pipelines out of 4, to report a leader.
2019-11-18 20:31:32,015 [main] INFO  ozone.MiniOzoneClusterImpl (MiniOzoneClusterImpl.java:lambda$waitForClusterToBeReady$2(163)) - Waiting for 4 number of pipelines out of 4, to report a leader.
2019-11-18 20:31:33,016 [main] INFO  ozone.MiniOzoneClusterImpl (MiniOzoneClusterImpl.java:lambda$waitForClusterToBeReady$2(163)) - Waiting for 4 number of pipelines out of 4, to report a leader.
2019-11-18 20:31:33,274 [Thread-200] INFO  impl.FollowerState (FollowerState.java:run(111)) - b500fd20-cf57-471d-b9c7-5213c4722a40@group-372570B5102C-FollowerState: change to CANDIDATE, lastRpcTime:5186ms, electionTimeout:5186ms
2019-11-18 20:31:33,276 [Thread-200] INFO  impl.RoleInfo (RoleInfo.java:shutdownFollowerState(121)) - b500fd20-cf57-471d-b9c7-5213c4722a40: shutdown FollowerState
2019-11-18 20:31:33,276 [Thread-200] INFO  impl.RaftServerImpl (RaftServerImpl.java:setRole(173)) - b500fd20-cf57-471d-b9c7-5213c4722a40@group-372570B5102C: changes role from  FOLLOWER to CANDIDATE at term 0 for changeToCandidate
2019-11-18 20:31:33,282 [Thread-200] INFO  impl.RoleInfo (RoleInfo.java:updateAndGet(143)) - b500fd20-cf57-471d-b9c7-5213c4722a40: start LeaderElection
2019-11-18 20:31:33,303 [Thread-206] INFO  impl.FollowerState (FollowerState.java:run(111)) - c599f64d-1569-429a-bb2e-93adf70cd479@group-FD566A6B17A8-FollowerState: change to CANDIDATE, lastRpcTime:5026ms, electionTimeout:5026ms
2019-11-18 20:31:33,303 [Thread-206] INFO  impl.RoleInfo (RoleInfo.java:shutdownFollowerState(121)) - c599f64d-1569-429a-bb2e-93adf70cd479: shutdown FollowerState
2019-11-18 20:31:33,303 [Thread-206] INFO  impl.RaftServerImpl (RaftServerImpl.java:setRole(173)) - c599f64d-1569-429a-bb2e-93adf70cd479@group-FD566A6B17A8: changes role from  FOLLOWER to CANDIDATE at term 0 for changeToCandidate
2019-11-18 20:31:33,303 [Thread-206] INFO  impl.RoleInfo (RoleInfo.java:updateAndGet(143)) - c599f64d-1569-429a-bb2e-93adf70cd479: start LeaderElection
2019-11-18 20:31:33,309 [b500fd20-cf57-471d-b9c7-5213c4722a40@group-372570B5102C-LeaderElection1] INFO  impl.LeaderElection (LeaderElection.java:askForVotes(178)) - b500fd20-cf57-471d-b9c7-5213c4722a40@group-372570B5102C-LeaderElection1: begin an election at term 1 for -1: [b500fd20-cf57-471d-b9c7-5213c4722a40:192.168.157.200:39316], old=null
2019-11-18 20:31:33,310 [b500fd20-cf57-471d-b9c7-5213c4722a40@group-372570B5102C-LeaderElection1] INFO  impl.RoleInfo (RoleInfo.java:shutdownLeaderElection(134)) - b500fd20-cf57-471d-b9c7-5213c4722a40: shutdown LeaderElection
2019-11-18 20:31:33,311 [b500fd20-cf57-471d-b9c7-5213c4722a40@group-372570B5102C-LeaderElection1] INFO  impl.RaftServerImpl (RaftServerImpl.java:setRole(173)) - b500fd20-cf57-471d-b9c7-5213c4722a40@group-372570B5102C: changes role from CANDIDATE to LEADER at term 1 for changeToLeader
2019-11-18 20:31:33,311 [b500fd20-cf57-471d-b9c7-5213c4722a40@group-372570B5102C-LeaderElection1] INFO  ratis.XceiverServerRatis (XceiverServerRatis.java:handleLeaderChangedNotification(697)) - Leader change notification received for group: group-372570B5102C with new leaderId: b500fd20-cf57-471d-b9c7-5213c4722a40
2019-11-18 20:31:33,315 [b500fd20-cf57-471d-b9c7-5213c4722a40@group-372570B5102C-LeaderElection1] INFO  impl.RaftServerImpl (ServerState.java:setLeader(255)) - b500fd20-cf57-471d-b9c7-5213c4722a40@group-372570B5102C: change Leader from null to b500fd20-cf57-471d-b9c7-5213c4722a40 at term 1 for becomeLeader, leader elected after 5229ms
2019-11-18 20:31:33,321 [b500fd20-cf57-471d-b9c7-5213c4722a40@group-372570B5102C-LeaderElection1] INFO  server.RaftServerConfigKeys (ConfUtils.java:logGet(43)) - raft.server.staging.catchup.gap = 1000 (default)
2019-11-18 20:31:33,321 [b500fd20-cf57-471d-b9c7-5213c4722a40@group-372570B5102C-LeaderElection1] INFO  server.RaftServerConfigKeys (ConfUtils.java:logGet(43)) - raft.server.rpc.sleep.time = 25ms (default)
2019-11-18 20:31:33,327 [b500fd20-cf57-471d-b9c7-5213c4722a40@group-372570B5102C-LeaderElection1] INFO  server.RaftServerConfigKeys (ConfUtils.java:logGet(43)) - raft.server.write.element-limit = 4096 (default)
2019-11-18 20:31:33,331 [b500fd20-cf57-471d-b9c7-5213c4722a40@group-372570B5102C-LeaderElection1] INFO  server.RaftServerConfigKeys (ConfUtils.java:logGet(43)) - raft.server.watch.timeout = 10s (default)
2019-11-18 20:31:33,331 [b500fd20-cf57-471d-b9c7-5213c4722a40@group-372570B5102C-LeaderElection1] INFO  server.RaftServerConfigKeys (ConfUtils.java:logGet(43)) - raft.server.watch.timeout.denomination = 1s (default)
2019-11-18 20:31:33,331 [c599f64d-1569-429a-bb2e-93adf70cd479@group-FD566A6B17A8-LeaderElection2] INFO  impl.LeaderElection (LeaderElection.java:askForVotes(178)) - c599f64d-1569-429a-bb2e-93adf70cd479@group-FD566A6B17A8-LeaderElection2: begin an election at term 1 for -1: [94645783-fc8b-4cc0-8dc2-f650ddf89977:192.168.157.200:43349, b500fd20-cf57-471d-b9c7-5213c4722a40:192.168.157.200:39316, c599f64d-1569-429a-bb2e-93adf70cd479:192.168.157.200:35945], old=null
2019-11-18 20:31:33,335 [b500fd20-cf57-471d-b9c7-5213c4722a40@group-372570B5102C-LeaderElection1] INFO  server.RaftServerConfigKeys (ConfUtils.java:logGet(43)) - raft.server.watch.element-limit = 65536 (default)
2019-11-18 20:31:33,339 [Thread-211] INFO  impl.FollowerState (FollowerState.java:run(111)) - b500fd20-cf57-471d-b9c7-5213c4722a40@group-FD566A6B17A8-FollowerState: change to CANDIDATE, lastRpcTime:5060ms, electionTimeout:5059ms
2019-11-18 20:31:33,340 [Thread-211] INFO  impl.RoleInfo (RoleInfo.java:shutdownFollowerState(121)) - b500fd20-cf57-471d-b9c7-5213c4722a40: shutdown FollowerState
2019-11-18 20:31:33,340 [Thread-211] INFO  impl.RaftServerImpl (RaftServerImpl.java:setRole(173)) - b500fd20-cf57-471d-b9c7-5213c4722a40@group-FD566A6B17A8: changes role from  FOLLOWER to CANDIDATE at term 0 for changeToCandidate
2019-11-18 20:31:33,340 [Thread-211] INFO  impl.RoleInfo (RoleInfo.java:updateAndGet(143)) - b500fd20-cf57-471d-b9c7-5213c4722a40: start LeaderElection
2019-11-18 20:31:33,340 [EventQueue-PipelineReportForPipelineReportHandler] INFO  pipeline.PipelineStateManager (PipelineStateManager.java:openPipeline(134)) - Pipeline Pipeline[ Id: 7a9b4e69-fa03-433c-92e5-372570b5102c, Nodes: b500fd20-cf57-471d-b9c7-5213c4722a40{ip: 192.168.157.200, host: pr-hdds-2514-unusedmethodparam-bwdv4-1743785533, networkLocation: /default-rack, certSerialId: null}, Type:RATIS, Factor:ONE, State:OPEN] moved to OPEN state
2019-11-18 20:31:33,351 [b500fd20-cf57-471d-b9c7-5213c4722a40@group-372570B5102C-LeaderElection1] INFO  impl.RoleInfo (RoleInfo.java:updateAndGet(143)) - b500fd20-cf57-471d-b9c7-5213c4722a40: start LeaderState
2019-11-18 20:31:33,355 [Thread-209] INFO  impl.FollowerState (FollowerState.java:run(111)) - 94645783-fc8b-4cc0-8dc2-f650ddf89977@group-FD566A6B17A8-FollowerState: change to CANDIDATE, lastRpcTime:5077ms, electionTimeout:5077ms
2019-11-18 20:31:33,356 [Thread-209] INFO  impl.RoleInfo (RoleInfo.java:shutdownFollowerState(121)) - 94645783-fc8b-4cc0-8dc2-f650ddf89977: shutdown FollowerState
2019-11-18 20:31:33,356 [Thread-209] INFO  impl.RaftServerImpl (RaftServerImpl.java:setRole(173)) - 94645783-fc8b-4cc0-8dc2-f650ddf89977@group-FD566A6B17A8: changes role from  FOLLOWER to CANDIDATE at term 0 for changeToCandidate
2019-11-18 20:31:33,356 [Thread-209] INFO  impl.RoleInfo (RoleInfo.java:updateAndGet(143)) - 94645783-fc8b-4cc0-8dc2-f650ddf89977: start LeaderElection
2019-11-18 20:31:33,366 [b500fd20-cf57-471d-b9c7-5213c4722a40@group-FD566A6B17A8-LeaderElection3] INFO  impl.LeaderElection (LeaderElection.java:askForVotes(178)) - b500fd20-cf57-471d-b9c7-5213c4722a40@group-FD566A6B17A8-LeaderElection3: begin an election at term 1 for -1: [94645783-fc8b-4cc0-8dc2-f650ddf89977:192.168.157.200:43349, b500fd20-cf57-471d-b9c7-5213c4722a40:192.168.157.200:39316, c599f64d-1569-429a-bb2e-93adf70cd479:192.168.157.200:35945], old=null
2019-11-18 20:31:33,381 [b500fd20-cf57-471d-b9c7-5213c4722a40@group-372570B5102C-LeaderElection1] INFO  segmented.SegmentedRaftLogWorker (SegmentedRaftLogWorker.java:startLogSegment(385)) - b500fd20-cf57-471d-b9c7-5213c4722a40@group-372570B5102C-SegmentedRaftLogWorker: Starting segment from index:0
2019-11-18 20:31:33,382 [Thread-216] INFO  impl.FollowerState (FollowerState.java:run(111)) - c599f64d-1569-429a-bb2e-93adf70cd479@group-F0C168BDB1E5-FollowerState: change to CANDIDATE, lastRpcTime:5002ms, electionTimeout:5002ms
2019-11-18 20:31:33,382 [Thread-216] INFO  impl.RoleInfo (RoleInfo.java:shutdownFollowerState(121)) - c599f64d-1569-429a-bb2e-93adf70cd479: shutdown FollowerState
2019-11-18 20:31:33,385 [Thread-216] INFO  impl.RaftServerImpl (RaftServerImpl.java:setRole(173)) - c599f64d-1569-429a-bb2e-93adf70cd479@group-F0C168BDB1E5: changes role from  FOLLOWER to CANDIDATE at term 0 for changeToCandidate
2019-11-18 20:31:33,386 [Thread-216] INFO  impl.RoleInfo (RoleInfo.java:updateAndGet(143)) - c599f64d-1569-429a-bb2e-93adf70cd479: start LeaderElection
2019-11-18 20:31:33,392 [94645783-fc8b-4cc0-8dc2-f650ddf89977@group-FD566A6B17A8-LeaderElection4] INFO  impl.LeaderElection (LeaderElection.java:askForVotes(178)) - 94645783-fc8b-4cc0-8dc2-f650ddf89977@group-FD566A6B17A8-LeaderElection4: begin an election at term 1 for -1: [94645783-fc8b-4cc0-8dc2-f650ddf89977:192.168.157.200:43349, b500fd20-cf57-471d-b9c7-5213c4722a40:192.168.157.200:39316, c599f64d-1569-429a-bb2e-93adf70cd479:192.168.157.200:35945], old=null
2019-11-18 20:31:33,396 [b500fd20-cf57-471d-b9c7-5213c4722a40@group-FD566A6B17A8-LeaderElection3] INFO  impl.LeaderElection (LeaderElection.java:logAndReturn(56)) - b500fd20-cf57-471d-b9c7-5213c4722a40@group-FD566A6B17A8-LeaderElection3: Election REJECTED; received 2 response(s) [b500fd20-cf57-471d-b9c7-5213c4722a40<-94645783-fc8b-4cc0-8dc2-f650ddf89977#0:FAIL-t1, b500fd20-cf57-471d-b9c7-5213c4722a40<-c599f64d-1569-429a-bb2e-93adf70cd479#0:FAIL-t1] and 0 exception(s); b500fd20-cf57-471d-b9c7-5213c4722a40@group-FD566A6B17A8:t1, leader=null, voted=b500fd20-cf57-471d-b9c7-5213c4722a40, raftlog=b500fd20-cf57-471d-b9c7-5213c4722a40@group-FD566A6B17A8-SegmentedRaftLog:OPENED:c-1,f-1,i0, conf=-1: [94645783-fc8b-4cc0-8dc2-f650ddf89977:192.168.157.200:43349, b500fd20-cf57-471d-b9c7-5213c4722a40:192.168.157.200:39316, c599f64d-1569-429a-bb2e-93adf70cd479:192.168.157.200:35945], old=null
2019-11-18 20:31:33,396 [c599f64d-1569-429a-bb2e-93adf70cd479@group-FD566A6B17A8-LeaderElection2] INFO  impl.LeaderElection (LeaderElection.java:logAndReturn(56)) - c599f64d-1569-429a-bb2e-93adf70cd479@group-FD566A6B17A8-LeaderElection2: Election REJECTED; received 2 response(s) [c599f64d-1569-429a-bb2e-93adf70cd479<-94645783-fc8b-4cc0-8dc2-f650ddf89977#0:FAIL-t1, c599f64d-1569-429a-bb2e-93adf70cd479<-b500fd20-cf57-471d-b9c7-5213c4722a40#0:FAIL-t1] and 0 exception(s); c599f64d-1569-429a-bb2e-93adf70cd479@group-FD566A6B17A8:t1, leader=null, voted=c599f64d-1569-429a-bb2e-93adf70cd479, raftlog=c599f64d-1569-429a-bb2e-93adf70cd479@group-FD566A6B17A8-SegmentedRaftLog:OPENED:c-1,f-1,i0, conf=-1: [94645783-fc8b-4cc0-8dc2-f650ddf89977:192.168.157.200:43349, b500fd20-cf57-471d-b9c7-5213c4722a40:192.168.157.200:39316, c599f64d-1569-429a-bb2e-93adf70cd479:192.168.157.200:35945], old=null
2019-11-18 20:31:33,399 [b500fd20-cf57-471d-b9c7-5213c4722a40@group-FD566A6B17A8-LeaderElection3] INFO  impl.RaftServerImpl (RaftServerImpl.java:setRole(173)) - b500fd20-cf57-471d-b9c7-5213c4722a40@group-FD566A6B17A8: changes role from CANDIDATE to FOLLOWER at term 1 for DISCOVERED_A_NEW_TERM
2019-11-18 20:31:33,399 [c599f64d-1569-429a-bb2e-93adf70cd479@group-FD566A6B17A8-LeaderElection2] INFO  impl.RaftServerImpl (RaftServerImpl.java:setRole(173)) - c599f64d-1569-429a-bb2e-93adf70cd479@group-FD566A6B17A8: changes role from CANDIDATE to FOLLOWER at term 1 for DISCOVERED_A_NEW_TERM
2019-11-18 20:31:33,400 [b500fd20-cf57-471d-b9c7-5213c4722a40@group-FD566A6B17A8-LeaderElection3] INFO  impl.RoleInfo (RoleInfo.java:shutdownLeaderElection(134)) - b500fd20-cf57-471d-b9c7-5213c4722a40: shutdown LeaderElection
2019-11-18 20:31:33,400 [c599f64d-1569-429a-bb2e-93adf70cd479@group-FD566A6B17A8-LeaderElection2] INFO  impl.RoleInfo (RoleInfo.java:shutdownLeaderElection(134)) - c599f64d-1569-429a-bb2e-93adf70cd479: shutdown LeaderElection
2019-11-18 20:31:33,401 [b500fd20-cf57-471d-b9c7-5213c4722a40@group-FD566A6B17A8-LeaderElection3] INFO  impl.RoleInfo (RoleInfo.java:updateAndGet(143)) - b500fd20-cf57-471d-b9c7-5213c4722a40: start FollowerState
2019-11-18 20:31:33,401 [c599f64d-1569-429a-bb2e-93adf70cd479@group-FD566A6B17A8-LeaderElection2] INFO  impl.RoleInfo (RoleInfo.java:updateAndGet(143)) - c599f64d-1569-429a-bb2e-93adf70cd479: start FollowerState
2019-11-18 20:31:33,409 [94645783-fc8b-4cc0-8dc2-f650ddf89977@group-FD566A6B17A8-LeaderElection4] INFO  impl.LeaderElection (LeaderElection.java:logAndReturn(56)) - 94645783-fc8b-4cc0-8dc2-f650ddf89977@group-FD566A6B17A8-LeaderElection4: Election REJECTED; received 2 response(s) [94645783-fc8b-4cc0-8dc2-f650ddf89977<-b500fd20-cf57-471d-b9c7-5213c4722a40#0:FAIL-t1, 94645783-fc8b-4cc0-8dc2-f650ddf89977<-c599f64d-1569-429a-bb2e-93adf70cd479#0:FAIL-t1] and 0 exception(s); 94645783-fc8b-4cc0-8dc2-f650ddf89977@group-FD566A6B17A8:t1, leader=null, voted=94645783-fc8b-4cc0-8dc2-f650ddf89977, raftlog=94645783-fc8b-4cc0-8dc2-f650ddf89977@group-FD566A6B17A8-SegmentedRaftLog:OPENED:c-1,f-1,i0, conf=-1: [94645783-fc8b-4cc0-8dc2-f650ddf89977:192.168.157.200:43349, b500fd20-cf57-471d-b9c7-5213c4722a40:192.168.157.200:39316, c599f64d-1569-429a-bb2e-93adf70cd479:192.168.157.200:35945], old=null
2019-11-18 20:31:33,409 [94645783-fc8b-4cc0-8dc2-f650ddf89977@group-FD566A6B17A8-LeaderElection4] INFO  impl.RaftServerImpl (RaftServerImpl.java:setRole(173)) - 94645783-fc8b-4cc0-8dc2-f650ddf89977@group-FD566A6B17A8: changes role from CANDIDATE to FOLLOWER at term 1 for DISCOVERED_A_NEW_TERM
2019-11-18 20:31:33,410 [94645783-fc8b-4cc0-8dc2-f650ddf89977@group-FD566A6B17A8-LeaderElection4] INFO  impl.RoleInfo (RoleInfo.java:shutdownLeaderElection(134)) - 94645783-fc8b-4cc0-8dc2-f650ddf89977: shutdown LeaderElection
2019-11-18 20:31:33,410 [94645783-fc8b-4cc0-8dc2-f650ddf89977@group-FD566A6B17A8-LeaderElection4] INFO  impl.RoleInfo (RoleInfo.java:updateAndGet(143)) - 94645783-fc8b-4cc0-8dc2-f650ddf89977: start FollowerState
2019-11-18 20:31:33,412 [b500fd20-cf57-471d-b9c7-5213c4722a40@group-372570B5102C-LeaderElection1] INFO  impl.RaftServerImpl (ServerState.java:setRaftConf(356)) - b500fd20-cf57-471d-b9c7-5213c4722a40@group-372570B5102C: set configuration 0: [b500fd20-cf57-471d-b9c7-5213c4722a40:192.168.157.200:39316], old=null at 0
2019-11-18 20:31:33,417 [c599f64d-1569-429a-bb2e-93adf70cd479@group-F0C168BDB1E5-LeaderElection5] INFO  impl.LeaderElection (LeaderElection.java:askForVotes(178)) - c599f64d-1569-429a-bb2e-93adf70cd479@group-F0C168BDB1E5-LeaderElection5: begin an election at term 1 for -1: [c599f64d-1569-429a-bb2e-93adf70cd479:192.168.157.200:35945], old=null
2019-11-18 20:31:33,417 [c599f64d-1569-429a-bb2e-93adf70cd479@group-F0C168BDB1E5-LeaderElection5] INFO  impl.RoleInfo (RoleInfo.java:shutdownLeaderElection(134)) - c599f64d-1569-429a-bb2e-93adf70cd479: shutdown LeaderElection
2019-11-18 20:31:33,417 [c599f64d-1569-429a-bb2e-93adf70cd479@group-F0C168BDB1E5-LeaderElection5] INFO  impl.RaftServerImpl (RaftServerImpl.java:setRole(173)) - c599f64d-1569-429a-bb2e-93adf70cd479@group-F0C168BDB1E5: changes role from CANDIDATE to LEADER at term 1 for changeToLeader
2019-11-18 20:31:33,417 [c599f64d-1569-429a-bb2e-93adf70cd479@group-F0C168BDB1E5-LeaderElection5] INFO  ratis.XceiverServerRatis (XceiverServerRatis.java:handleLeaderChangedNotification(697)) - Leader change notification received for group: group-F0C168BDB1E5 with new leaderId: c599f64d-1569-429a-bb2e-93adf70cd479
2019-11-18 20:31:33,418 [c599f64d-1569-429a-bb2e-93adf70cd479@group-F0C168BDB1E5-LeaderElection5] INFO  impl.RaftServerImpl (ServerState.java:setLeader(255)) - c599f64d-1569-429a-bb2e-93adf70cd479@group-F0C168BDB1E5: change Leader from null to c599f64d-1569-429a-bb2e-93adf70cd479 at term 1 for becomeLeader, leader elected after 5040ms
2019-11-18 20:31:33,418 [c599f64d-1569-429a-bb2e-93adf70cd479@group-F0C168BDB1E5-LeaderElection5] INFO  server.RaftServerConfigKeys (ConfUtils.java:logGet(43)) - raft.server.staging.catchup.gap = 1000 (default)
2019-11-18 20:31:33,418 [c599f64d-1569-429a-bb2e-93adf70cd479@group-F0C168BDB1E5-LeaderElection5] INFO  server.RaftServerConfigKeys (ConfUtils.java:logGet(43)) - raft.server.rpc.sleep.time = 25ms (default)
2019-11-18 20:31:33,418 [c599f64d-1569-429a-bb2e-93adf70cd479@group-F0C168BDB1E5-LeaderElection5] INFO  server.RaftServerConfigKeys (ConfUtils.java:logGet(43)) - raft.server.write.element-limit = 4096 (default)
2019-11-18 20:31:33,418 [c599f64d-1569-429a-bb2e-93adf70cd479@group-F0C168BDB1E5-LeaderElection5] INFO  server.RaftServerConfigKeys (ConfUtils.java:logGet(43)) - raft.server.watch.timeout = 10s (default)
2019-11-18 20:31:33,419 [c599f64d-1569-429a-bb2e-93adf70cd479@group-F0C168BDB1E5-LeaderElection5] INFO  server.RaftServerConfigKeys (ConfUtils.java:logGet(43)) - raft.server.watch.timeout.denomination = 1s (default)
2019-11-18 20:31:33,419 [c599f64d-1569-429a-bb2e-93adf70cd479@group-F0C168BDB1E5-LeaderElection5] INFO  server.RaftServerConfigKeys (ConfUtils.java:logGet(43)) - raft.server.watch.element-limit = 65536 (default)
2019-11-18 20:31:33,420 [c599f64d-1569-429a-bb2e-93adf70cd479@group-F0C168BDB1E5-LeaderElection5] INFO  impl.RoleInfo (RoleInfo.java:updateAndGet(143)) - c599f64d-1569-429a-bb2e-93adf70cd479: start LeaderState
2019-11-18 20:31:33,420 [c599f64d-1569-429a-bb2e-93adf70cd479@group-F0C168BDB1E5-LeaderElection5] INFO  segmented.SegmentedRaftLogWorker (SegmentedRaftLogWorker.java:startLogSegment(385)) - c599f64d-1569-429a-bb2e-93adf70cd479@group-F0C168BDB1E5-SegmentedRaftLogWorker: Starting segment from index:0
2019-11-18 20:31:33,420 [EventQueue-PipelineReportForPipelineReportHandler] INFO  pipeline.PipelineStateManager (PipelineStateManager.java:openPipeline(134)) - Pipeline Pipeline[ Id: a372bf35-f86b-4579-9bc9-f0c168bdb1e5, Nodes: c599f64d-1569-429a-bb2e-93adf70cd479{ip: 192.168.157.200, host: pr-hdds-2514-unusedmethodparam-bwdv4-1743785533, networkLocation: /default-rack, certSerialId: null}, Type:RATIS, Factor:ONE, State:OPEN] moved to OPEN state
2019-11-18 20:31:33,420 [c599f64d-1569-429a-bb2e-93adf70cd479@group-F0C168BDB1E5-LeaderElection5] INFO  impl.RaftServerImpl (ServerState.java:setRaftConf(356)) - c599f64d-1569-429a-bb2e-93adf70cd479@group-F0C168BDB1E5: set configuration 0: [c599f64d-1569-429a-bb2e-93adf70cd479:192.168.157.200:35945], old=null at 0
2019-11-18 20:31:33,572 [c599f64d-1569-429a-bb2e-93adf70cd479@group-F0C168BDB1E5-SegmentedRaftLogWorker] INFO  segmented.SegmentedRaftLogWorker (SegmentedRaftLogWorker.java:execute(576)) - c599f64d-1569-429a-bb2e-93adf70cd479@group-F0C168BDB1E5-SegmentedRaftLogWorker: created new log segment /workdir/hadoop-ozone/tools/target/test-dir/MiniOzoneClusterImpl-9fba51d2-8262-4f75-a70c-39cbbda2bfee/datanode-0/data/ratis/a372bf35-f86b-4579-9bc9-f0c168bdb1e5/current/log_inprogress_0
2019-11-18 20:31:33,572 [b500fd20-cf57-471d-b9c7-5213c4722a40@group-372570B5102C-SegmentedRaftLogWorker] INFO  segmented.SegmentedRaftLogWorker (SegmentedRaftLogWorker.java:execute(576)) - b500fd20-cf57-471d-b9c7-5213c4722a40@group-372570B5102C-SegmentedRaftLogWorker: created new log segment /workdir/hadoop-ozone/tools/target/test-dir/MiniOzoneClusterImpl-9fba51d2-8262-4f75-a70c-39cbbda2bfee/datanode-1/data/ratis/7a9b4e69-fa03-433c-92e5-372570b5102c/current/log_inprogress_0
2019-11-18 20:31:33,635 [Thread-220] INFO  impl.FollowerState (FollowerState.java:run(111)) - 94645783-fc8b-4cc0-8dc2-f650ddf89977@group-FDCED8DC57C2-FollowerState: change to CANDIDATE, lastRpcTime:5161ms, electionTimeout:5161ms
2019-11-18 20:31:33,635 [Thread-220] INFO  impl.RoleInfo (RoleInfo.java:shutdownFollowerState(121)) - 94645783-fc8b-4cc0-8dc2-f650ddf89977: shutdown FollowerState
2019-11-18 20:31:33,635 [Thread-220] INFO  impl.RaftServerImpl (RaftServerImpl.java:setRole(173)) - 94645783-fc8b-4cc0-8dc2-f650ddf89977@group-FDCED8DC57C2: changes role from  FOLLOWER to CANDIDATE at term 0 for changeToCandidate
2019-11-18 20:31:33,636 [Thread-220] INFO  impl.RoleInfo (RoleInfo.java:updateAndGet(143)) - 94645783-fc8b-4cc0-8dc2-f650ddf89977: start LeaderElection
2019-11-18 20:31:33,662 [94645783-fc8b-4cc0-8dc2-f650ddf89977@group-FDCED8DC57C2-LeaderElection6] INFO  impl.LeaderElection (LeaderElection.java:askForVotes(178)) - 94645783-fc8b-4cc0-8dc2-f650ddf89977@group-FDCED8DC57C2-LeaderElection6: begin an election at term 1 for -1: [94645783-fc8b-4cc0-8dc2-f650ddf89977:192.168.157.200:43349], old=null
2019-11-18 20:31:33,662 [94645783-fc8b-4cc0-8dc2-f650ddf89977@group-FDCED8DC57C2-LeaderElection6] INFO  impl.RoleInfo (RoleInfo.java:shutdownLeaderElection(134)) - 94645783-fc8b-4cc0-8dc2-f650ddf89977: shutdown LeaderElection
2019-11-18 20:31:33,663 [94645783-fc8b-4cc0-8dc2-f650ddf89977@group-FDCED8DC57C2-LeaderElection6] INFO  impl.RaftServerImpl (RaftServerImpl.java:setRole(173)) - 94645783-fc8b-4cc0-8dc2-f650ddf89977@group-FDCED8DC57C2: changes role from CANDIDATE to LEADER at term 1 for changeToLeader
2019-11-18 20:31:33,663 [94645783-fc8b-4cc0-8dc2-f650ddf89977@group-FDCED8DC57C2-LeaderElection6] INFO  ratis.XceiverServerRatis (XceiverServerRatis.java:handleLeaderChangedNotification(697)) - Leader change notification received for group: group-FDCED8DC57C2 with new leaderId: 94645783-fc8b-4cc0-8dc2-f650ddf89977
2019-11-18 20:31:33,664 [94645783-fc8b-4cc0-8dc2-f650ddf89977@group-FDCED8DC57C2-LeaderElection6] INFO  impl.RaftServerImpl (ServerState.java:setLeader(255)) - 94645783-fc8b-4cc0-8dc2-f650ddf89977@group-FDCED8DC57C2: change Leader from null to 94645783-fc8b-4cc0-8dc2-f650ddf89977 at term 1 for becomeLeader, leader elected after 5193ms
2019-11-18 20:31:33,664 [94645783-fc8b-4cc0-8dc2-f650ddf89977@group-FDCED8DC57C2-LeaderElection6] INFO  server.RaftServerConfigKeys (ConfUtils.java:logGet(43)) - raft.server.staging.catchup.gap = 1000 (default)
2019-11-18 20:31:33,664 [94645783-fc8b-4cc0-8dc2-f650ddf89977@group-FDCED8DC57C2-LeaderElection6] INFO  server.RaftServerConfigKeys (ConfUtils.java:logGet(43)) - raft.server.rpc.sleep.time = 25ms (default)
2019-11-18 20:31:33,665 [94645783-fc8b-4cc0-8dc2-f650ddf89977@group-FDCED8DC57C2-LeaderElection6] INFO  server.RaftServerConfigKeys (ConfUtils.java:logGet(43)) - raft.server.write.element-limit = 4096 (default)
2019-11-18 20:31:33,665 [94645783-fc8b-4cc0-8dc2-f650ddf89977@group-FDCED8DC57C2-LeaderElection6] INFO  server.RaftServerConfigKeys (ConfUtils.java:logGet(43)) - raft.server.watch.timeout = 10s (default)
2019-11-18 20:31:33,665 [94645783-fc8b-4cc0-8dc2-f650ddf89977@group-FDCED8DC57C2-LeaderElection6] INFO  server.RaftServerConfigKeys (ConfUtils.java:logGet(43)) - raft.server.watch.timeout.denomination = 1s (default)
2019-11-18 20:31:33,666 [94645783-fc8b-4cc0-8dc2-f650ddf89977@group-FDCED8DC57C2-LeaderElection6] INFO  server.RaftServerConfigKeys (ConfUtils.java:logGet(43)) - raft.server.watch.element-limit = 65536 (default)
2019-11-18 20:31:33,666 [94645783-fc8b-4cc0-8dc2-f650ddf89977@group-FDCED8DC57C2-LeaderElection6] INFO  impl.RoleInfo (RoleInfo.java:updateAndGet(143)) - 94645783-fc8b-4cc0-8dc2-f650ddf89977: start LeaderState
2019-11-18 20:31:33,666 [94645783-fc8b-4cc0-8dc2-f650ddf89977@group-FDCED8DC57C2-LeaderElection6] INFO  segmented.SegmentedRaftLogWorker (SegmentedRaftLogWorker.java:startLogSegment(385)) - 94645783-fc8b-4cc0-8dc2-f650ddf89977@group-FDCED8DC57C2-SegmentedRaftLogWorker: Starting segment from index:0
2019-11-18 20:31:33,666 [EventQueue-PipelineReportForPipelineReportHandler] INFO  pipeline.PipelineStateManager (PipelineStateManager.java:openPipeline(134)) - Pipeline Pipeline[ Id: 52252f6d-6929-4c0f-85b3-fdced8dc57c2, Nodes: 94645783-fc8b-4cc0-8dc2-f650ddf89977{ip: 192.168.157.200, host: pr-hdds-2514-unusedmethodparam-bwdv4-1743785533, networkLocation: /default-rack, certSerialId: null}, Type:RATIS, Factor:ONE, State:OPEN] moved to OPEN state
2019-11-18 20:31:33,667 [94645783-fc8b-4cc0-8dc2-f650ddf89977@group-FDCED8DC57C2-LeaderElection6] INFO  impl.RaftServerImpl (ServerState.java:setRaftConf(356)) - 94645783-fc8b-4cc0-8dc2-f650ddf89977@group-FDCED8DC57C2: set configuration 0: [94645783-fc8b-4cc0-8dc2-f650ddf89977:192.168.157.200:43349], old=null at 0
2019-11-18 20:31:33,736 [94645783-fc8b-4cc0-8dc2-f650ddf89977@group-FDCED8DC57C2-SegmentedRaftLogWorker] INFO  segmented.SegmentedRaftLogWorker (SegmentedRaftLogWorker.java:execute(576)) - 94645783-fc8b-4cc0-8dc2-f650ddf89977@group-FDCED8DC57C2-SegmentedRaftLogWorker: created new log segment /workdir/hadoop-ozone/tools/target/test-dir/MiniOzoneClusterImpl-9fba51d2-8262-4f75-a70c-39cbbda2bfee/datanode-2/data/ratis/52252f6d-6929-4c0f-85b3-fdced8dc57c2/current/log_inprogress_0
2019-11-18 20:31:34,017 [main] INFO  ozone.MiniOzoneClusterImpl (MiniOzoneClusterImpl.java:lambda$waitForClusterToBeReady$2(163)) - Waiting for 1 number of pipelines out of 4, to report a leader.
2019-11-18 20:31:35,017 [main] INFO  ozone.MiniOzoneClusterImpl (MiniOzoneClusterImpl.java:lambda$waitForClusterToBeReady$2(163)) - Waiting for 1 number of pipelines out of 4, to report a leader.
2019-11-18 20:31:36,018 [main] INFO  ozone.MiniOzoneClusterImpl (MiniOzoneClusterImpl.java:lambda$waitForClusterToBeReady$2(163)) - Waiting for 1 number of pipelines out of 4, to report a leader.
2019-11-18 20:31:37,019 [main] INFO  ozone.MiniOzoneClusterImpl (MiniOzoneClusterImpl.java:lambda$waitForClusterToBeReady$2(163)) - Waiting for 1 number of pipelines out of 4, to report a leader.
2019-11-18 20:31:38,019 [main] INFO  ozone.MiniOzoneClusterImpl (MiniOzoneClusterImpl.java:lambda$waitForClusterToBeReady$2(163)) - Waiting for 1 number of pipelines out of 4, to report a leader.
2019-11-18 20:31:38,569 [Thread-235] INFO  impl.FollowerState (FollowerState.java:run(111)) - c599f64d-1569-429a-bb2e-93adf70cd479@group-FD566A6B17A8-FollowerState: change to CANDIDATE, lastRpcTime:5168ms, electionTimeout:5167ms
2019-11-18 20:31:38,570 [Thread-235] INFO  impl.RoleInfo (RoleInfo.java:shutdownFollowerState(121)) - c599f64d-1569-429a-bb2e-93adf70cd479: shutdown FollowerState
2019-11-18 20:31:38,570 [Thread-235] INFO  impl.RaftServerImpl (RaftServerImpl.java:setRole(173)) - c599f64d-1569-429a-bb2e-93adf70cd479@group-FD566A6B17A8: changes role from  FOLLOWER to CANDIDATE at term 1 for changeToCandidate
2019-11-18 20:31:38,570 [Thread-235] INFO  impl.RoleInfo (RoleInfo.java:updateAndGet(143)) - c599f64d-1569-429a-bb2e-93adf70cd479: start LeaderElection
2019-11-18 20:31:38,579 [Thread-234] INFO  impl.FollowerState (FollowerState.java:run(111)) - b500fd20-cf57-471d-b9c7-5213c4722a40@group-FD566A6B17A8-FollowerState: change to CANDIDATE, lastRpcTime:5178ms, electionTimeout:5177ms
2019-11-18 20:31:38,579 [Thread-234] INFO  impl.RoleInfo (RoleInfo.java:shutdownFollowerState(121)) - b500fd20-cf57-471d-b9c7-5213c4722a40: shutdown FollowerState
2019-11-18 20:31:38,580 [Thread-234] INFO  impl.RaftServerImpl (RaftServerImpl.java:setRole(173)) - b500fd20-cf57-471d-b9c7-5213c4722a40@group-FD566A6B17A8: changes role from  FOLLOWER to CANDIDATE at term 1 for changeToCandidate
2019-11-18 20:31:38,580 [Thread-234] INFO  impl.RoleInfo (RoleInfo.java:updateAndGet(143)) - b500fd20-cf57-471d-b9c7-5213c4722a40: start LeaderElection
2019-11-18 20:31:38,589 [Thread-236] INFO  impl.FollowerState (FollowerState.java:run(111)) - 94645783-fc8b-4cc0-8dc2-f650ddf89977@group-FD566A6B17A8-FollowerState: change to CANDIDATE, lastRpcTime:5178ms, electionTimeout:5178ms
2019-11-18 20:31:38,589 [Thread-236] INFO  impl.RoleInfo (RoleInfo.java:shutdownFollowerState(121)) - 94645783-fc8b-4cc0-8dc2-f650ddf89977: shutdown FollowerState
2019-11-18 20:31:38,589 [Thread-236] INFO  impl.RaftServerImpl (RaftServerImpl.java:setRole(173)) - 94645783-fc8b-4cc0-8dc2-f650ddf89977@group-FD566A6B17A8: changes role from  FOLLOWER to CANDIDATE at term 1 for changeToCandidate
2019-11-18 20:31:38,589 [Thread-236] INFO  impl.RoleInfo (RoleInfo.java:updateAndGet(143)) - 94645783-fc8b-4cc0-8dc2-f650ddf89977: start LeaderElection
2019-11-18 20:31:38,595 [c599f64d-1569-429a-bb2e-93adf70cd479@group-FD566A6B17A8-LeaderElection7] INFO  impl.LeaderElection (LeaderElection.java:askForVotes(178)) - c599f64d-1569-429a-bb2e-93adf70cd479@group-FD566A6B17A8-LeaderElection7: begin an election at term 2 for -1: [94645783-fc8b-4cc0-8dc2-f650ddf89977:192.168.157.200:43349, b500fd20-cf57-471d-b9c7-5213c4722a40:192.168.157.200:39316, c599f64d-1569-429a-bb2e-93adf70cd479:192.168.157.200:35945], old=null
2019-11-18 20:31:38,595 [b500fd20-cf57-471d-b9c7-5213c4722a40@group-FD566A6B17A8-LeaderElection8] INFO  impl.LeaderElection (LeaderElection.java:askForVotes(178)) - b500fd20-cf57-471d-b9c7-5213c4722a40@group-FD566A6B17A8-LeaderElection8: begin an election at term 2 for -1: [94645783-fc8b-4cc0-8dc2-f650ddf89977:192.168.157.200:43349, b500fd20-cf57-471d-b9c7-5213c4722a40:192.168.157.200:39316, c599f64d-1569-429a-bb2e-93adf70cd479:192.168.157.200:35945], old=null
2019-11-18 20:31:38,609 [94645783-fc8b-4cc0-8dc2-f650ddf89977@group-FD566A6B17A8-LeaderElection9] INFO  impl.LeaderElection (LeaderElection.java:askForVotes(178)) - 94645783-fc8b-4cc0-8dc2-f650ddf89977@group-FD566A6B17A8-LeaderElection9: begin an election at term 2 for -1: [94645783-fc8b-4cc0-8dc2-f650ddf89977:192.168.157.200:43349, b500fd20-cf57-471d-b9c7-5213c4722a40:192.168.157.200:39316, c599f64d-1569-429a-bb2e-93adf70cd479:192.168.157.200:35945], old=null
2019-11-18 20:31:38,611 [b500fd20-cf57-471d-b9c7-5213c4722a40@group-FD566A6B17A8-LeaderElection8] INFO  impl.LeaderElection (LeaderElection.java:logAndReturn(56)) - b500fd20-cf57-471d-b9c7-5213c4722a40@group-FD566A6B17A8-LeaderElection8: Election REJECTED; received 2 response(s) [b500fd20-cf57-471d-b9c7-5213c4722a40<-94645783-fc8b-4cc0-8dc2-f650ddf89977#0:FAIL-t2, b500fd20-cf57-471d-b9c7-5213c4722a40<-c599f64d-1569-429a-bb2e-93adf70cd479#0:FAIL-t2] and 0 exception(s); b500fd20-cf57-471d-b9c7-5213c4722a40@group-FD566A6B17A8:t2, leader=null, voted=b500fd20-cf57-471d-b9c7-5213c4722a40, raftlog=b500fd20-cf57-471d-b9c7-5213c4722a40@group-FD566A6B17A8-SegmentedRaftLog:OPENED:c-1,f-1,i0, conf=-1: [94645783-fc8b-4cc0-8dc2-f650ddf89977:192.168.157.200:43349, b500fd20-cf57-471d-b9c7-5213c4722a40:192.168.157.200:39316, c599f64d-1569-429a-bb2e-93adf70cd479:192.168.157.200:35945], old=null
2019-11-18 20:31:38,611 [c599f64d-1569-429a-bb2e-93adf70cd479@group-FD566A6B17A8-LeaderElection7] INFO  impl.LeaderElection (LeaderElection.java:logAndReturn(56)) - c599f64d-1569-429a-bb2e-93adf70cd479@group-FD566A6B17A8-LeaderElection7: Election REJECTED; received 2 response(s) [c599f64d-1569-429a-bb2e-93adf70cd479<-94645783-fc8b-4cc0-8dc2-f650ddf89977#0:FAIL-t2, c599f64d-1569-429a-bb2e-93adf70cd479<-b500fd20-cf57-471d-b9c7-5213c4722a40#0:FAIL-t2] and 0 exception(s); c599f64d-1569-429a-bb2e-93adf70cd479@group-FD566A6B17A8:t2, leader=null, voted=c599f64d-1569-429a-bb2e-93adf70cd479, raftlog=c599f64d-1569-429a-bb2e-93adf70cd479@group-FD566A6B17A8-SegmentedRaftLog:OPENED:c-1,f-1,i0, conf=-1: [94645783-fc8b-4cc0-8dc2-f650ddf89977:192.168.157.200:43349, b500fd20-cf57-471d-b9c7-5213c4722a40:192.168.157.200:39316, c599f64d-1569-429a-bb2e-93adf70cd479:192.168.157.200:35945], old=null
2019-11-18 20:31:38,612 [b500fd20-cf57-471d-b9c7-5213c4722a40@group-FD566A6B17A8-LeaderElection8] INFO  impl.RaftServerImpl (RaftServerImpl.java:setRole(173)) - b500fd20-cf57-471d-b9c7-5213c4722a40@group-FD566A6B17A8: changes role from CANDIDATE to FOLLOWER at term 2 for DISCOVERED_A_NEW_TERM
2019-11-18 20:31:38,613 [c599f64d-1569-429a-bb2e-93adf70cd479@group-FD566A6B17A8-LeaderElection7] INFO  impl.RaftServerImpl (RaftServerImpl.java:setRole(173)) - c599f64d-1569-429a-bb2e-93adf70cd479@group-FD566A6B17A8: changes role from CANDIDATE to FOLLOWER at term 2 for DISCOVERED_A_NEW_TERM
2019-11-18 20:31:38,616 [b500fd20-cf57-471d-b9c7-5213c4722a40@group-FD566A6B17A8-LeaderElection8] INFO  impl.RoleInfo (RoleInfo.java:shutdownLeaderElection(134)) - b500fd20-cf57-471d-b9c7-5213c4722a40: shutdown LeaderElection
2019-11-18 20:31:38,617 [c599f64d-1569-429a-bb2e-93adf70cd479@group-FD566A6B17A8-LeaderElection7] INFO  impl.RoleInfo (RoleInfo.java:shutdownLeaderElection(134)) - c599f64d-1569-429a-bb2e-93adf70cd479: shutdown LeaderElection
2019-11-18 20:31:38,617 [b500fd20-cf57-471d-b9c7-5213c4722a40@group-FD566A6B17A8-LeaderElection8] INFO  impl.RoleInfo (RoleInfo.java:updateAndGet(143)) - b500fd20-cf57-471d-b9c7-5213c4722a40: start FollowerState
2019-11-18 20:31:38,617 [c599f64d-1569-429a-bb2e-93adf70cd479@group-FD566A6B17A8-LeaderElection7] INFO  impl.RoleInfo (RoleInfo.java:updateAndGet(143)) - c599f64d-1569-429a-bb2e-93adf70cd479: start FollowerState
2019-11-18 20:31:38,620 [94645783-fc8b-4cc0-8dc2-f650ddf89977@group-FD566A6B17A8-LeaderElection9] INFO  impl.LeaderElection (LeaderElection.java:logAndReturn(56)) - 94645783-fc8b-4cc0-8dc2-f650ddf89977@group-FD566A6B17A8-LeaderElection9: Election REJECTED; received 2 response(s) [94645783-fc8b-4cc0-8dc2-f650ddf89977<-b500fd20-cf57-471d-b9c7-5213c4722a40#0:FAIL-t2, 94645783-fc8b-4cc0-8dc2-f650ddf89977<-c599f64d-1569-429a-bb2e-93adf70cd479#0:FAIL-t2] and 0 exception(s); 94645783-fc8b-4cc0-8dc2-f650ddf89977@group-FD566A6B17A8:t2, leader=null, voted=94645783-fc8b-4cc0-8dc2-f650ddf89977, raftlog=94645783-fc8b-4cc0-8dc2-f650ddf89977@group-FD566A6B17A8-SegmentedRaftLog:OPENED:c-1,f-1,i0, conf=-1: [94645783-fc8b-4cc0-8dc2-f650ddf89977:192.168.157.200:43349, b500fd20-cf57-471d-b9c7-5213c4722a40:192.168.157.200:39316, c599f64d-1569-429a-bb2e-93adf70cd479:192.168.157.200:35945], old=null
2019-11-18 20:31:38,621 [94645783-fc8b-4cc0-8dc2-f650ddf89977@group-FD566A6B17A8-LeaderElection9] INFO  impl.RaftServerImpl (RaftServerImpl.java:setRole(173)) - 94645783-fc8b-4cc0-8dc2-f650ddf89977@group-FD566A6B17A8: changes role from CANDIDATE to FOLLOWER at term 2 for DISCOVERED_A_NEW_TERM
2019-11-18 20:31:38,621 [94645783-fc8b-4cc0-8dc2-f650ddf89977@group-FD566A6B17A8-LeaderElection9] INFO  impl.RoleInfo (RoleInfo.java:shutdownLeaderElection(134)) - 94645783-fc8b-4cc0-8dc2-f650ddf89977: shutdown LeaderElection
2019-11-18 20:31:38,621 [94645783-fc8b-4cc0-8dc2-f650ddf89977@group-FD566A6B17A8-LeaderElection9] INFO  impl.RoleInfo (RoleInfo.java:updateAndGet(143)) - 94645783-fc8b-4cc0-8dc2-f650ddf89977: start FollowerState
2019-11-18 20:31:39,019 [main] INFO  ozone.MiniOzoneClusterImpl (MiniOzoneClusterImpl.java:lambda$waitForClusterToBeReady$2(163)) - Waiting for 1 number of pipelines out of 4, to report a leader.
2019-11-18 20:31:40,022 [main] INFO  ozone.MiniOzoneClusterImpl (MiniOzoneClusterImpl.java:lambda$waitForClusterToBeReady$2(163)) - Waiting for 1 number of pipelines out of 4, to report a leader.
2019-11-18 20:31:41,022 [main] INFO  ozone.MiniOzoneClusterImpl (MiniOzoneClusterImpl.java:lambda$waitForClusterToBeReady$2(163)) - Waiting for 1 number of pipelines out of 4, to report a leader.
2019-11-18 20:31:42,023 [main] INFO  ozone.MiniOzoneClusterImpl (MiniOzoneClusterImpl.java:lambda$waitForClusterToBeReady$2(163)) - Waiting for 1 number of pipelines out of 4, to report a leader.
2019-11-18 20:31:43,023 [main] INFO  ozone.MiniOzoneClusterImpl (MiniOzoneClusterImpl.java:lambda$waitForClusterToBeReady$2(163)) - Waiting for 1 number of pipelines out of 4, to report a leader.
2019-11-18 20:31:43,671 [Thread-249] INFO  impl.FollowerState (FollowerState.java:run(111)) - b500fd20-cf57-471d-b9c7-5213c4722a40@group-FD566A6B17A8-FollowerState: change to CANDIDATE, lastRpcTime:5053ms, electionTimeout:5052ms
2019-11-18 20:31:43,671 [Thread-249] INFO  impl.RoleInfo (RoleInfo.java:shutdownFollowerState(121)) - b500fd20-cf57-471d-b9c7-5213c4722a40: shutdown FollowerState
2019-11-18 20:31:43,671 [Thread-249] INFO  impl.RaftServerImpl (RaftServerImpl.java:setRole(173)) - b500fd20-cf57-471d-b9c7-5213c4722a40@group-FD566A6B17A8: changes role from  FOLLOWER to CANDIDATE at term 2 for changeToCandidate
2019-11-18 20:31:43,671 [Thread-249] INFO  impl.RoleInfo (RoleInfo.java:updateAndGet(143)) - b500fd20-cf57-471d-b9c7-5213c4722a40: start LeaderElection
2019-11-18 20:31:43,704 [b500fd20-cf57-471d-b9c7-5213c4722a40@group-FD566A6B17A8-LeaderElection10] INFO  impl.LeaderElection (LeaderElection.java:askForVotes(178)) - b500fd20-cf57-471d-b9c7-5213c4722a40@group-FD566A6B17A8-LeaderElection10: begin an election at term 3 for -1: [94645783-fc8b-4cc0-8dc2-f650ddf89977:192.168.157.200:43349, b500fd20-cf57-471d-b9c7-5213c4722a40:192.168.157.200:39316, c599f64d-1569-429a-bb2e-93adf70cd479:192.168.157.200:35945], old=null
2019-11-18 20:31:43,709 [grpc-default-executor-2] INFO  impl.RaftServerImpl (RaftServerImpl.java:setRole(173)) - 94645783-fc8b-4cc0-8dc2-f650ddf89977@group-FD566A6B17A8: changes role from  FOLLOWER to FOLLOWER at term 3 for recognizeCandidate:b500fd20-cf57-471d-b9c7-5213c4722a40
2019-11-18 20:31:43,709 [grpc-default-executor-0] INFO  impl.RaftServerImpl (RaftServerImpl.java:setRole(173)) - c599f64d-1569-429a-bb2e-93adf70cd479@group-FD566A6B17A8: changes role from  FOLLOWER to FOLLOWER at term 3 for recognizeCandidate:b500fd20-cf57-471d-b9c7-5213c4722a40
2019-11-18 20:31:43,710 [grpc-default-executor-0] INFO  impl.RoleInfo (RoleInfo.java:shutdownFollowerState(121)) - c599f64d-1569-429a-bb2e-93adf70cd479: shutdown FollowerState
2019-11-18 20:31:43,709 [grpc-default-executor-2] INFO  impl.RoleInfo (RoleInfo.java:shutdownFollowerState(121)) - 94645783-fc8b-4cc0-8dc2-f650ddf89977: shutdown FollowerState
2019-11-18 20:31:43,710 [Thread-250] INFO  impl.FollowerState (FollowerState.java:run(120)) - c599f64d-1569-429a-bb2e-93adf70cd479@group-FD566A6B17A8-FollowerState was interrupted: java.lang.InterruptedException: sleep interrupted
2019-11-18 20:31:43,710 [grpc-default-executor-0] INFO  impl.RoleInfo (RoleInfo.java:updateAndGet(143)) - c599f64d-1569-429a-bb2e-93adf70cd479: start FollowerState
2019-11-18 20:31:43,710 [grpc-default-executor-2] INFO  impl.RoleInfo (RoleInfo.java:updateAndGet(143)) - 94645783-fc8b-4cc0-8dc2-f650ddf89977: start FollowerState
2019-11-18 20:31:43,710 [Thread-251] INFO  impl.FollowerState (FollowerState.java:run(120)) - 94645783-fc8b-4cc0-8dc2-f650ddf89977@group-FD566A6B17A8-FollowerState was interrupted: java.lang.InterruptedException: sleep interrupted
2019-11-18 20:31:43,732 [b500fd20-cf57-471d-b9c7-5213c4722a40@group-FD566A6B17A8-LeaderElection10] INFO  impl.LeaderElection (LeaderElection.java:logAndReturn(56)) - b500fd20-cf57-471d-b9c7-5213c4722a40@group-FD566A6B17A8-LeaderElection10: Election PASSED; received 1 response(s) [b500fd20-cf57-471d-b9c7-5213c4722a40<-c599f64d-1569-429a-bb2e-93adf70cd479#0:OK-t3] and 0 exception(s); b500fd20-cf57-471d-b9c7-5213c4722a40@group-FD566A6B17A8:t3, leader=null, voted=b500fd20-cf57-471d-b9c7-5213c4722a40, raftlog=b500fd20-cf57-471d-b9c7-5213c4722a40@group-FD566A6B17A8-SegmentedRaftLog:OPENED:c-1,f-1,i0, conf=-1: [94645783-fc8b-4cc0-8dc2-f650ddf89977:192.168.157.200:43349, b500fd20-cf57-471d-b9c7-5213c4722a40:192.168.157.200:39316, c599f64d-1569-429a-bb2e-93adf70cd479:192.168.157.200:35945], old=null
2019-11-18 20:31:43,733 [b500fd20-cf57-471d-b9c7-5213c4722a40@group-FD566A6B17A8-LeaderElection10] INFO  impl.RoleInfo (RoleInfo.java:shutdownLeaderElection(134)) - b500fd20-cf57-471d-b9c7-5213c4722a40: shutdown LeaderElection
2019-11-18 20:31:43,735 [b500fd20-cf57-471d-b9c7-5213c4722a40@group-FD566A6B17A8-LeaderElection10] INFO  impl.RaftServerImpl (RaftServerImpl.java:setRole(173)) - b500fd20-cf57-471d-b9c7-5213c4722a40@group-FD566A6B17A8: changes role from CANDIDATE to LEADER at term 3 for changeToLeader
2019-11-18 20:31:43,735 [b500fd20-cf57-471d-b9c7-5213c4722a40@group-FD566A6B17A8-LeaderElection10] INFO  ratis.XceiverServerRatis (XceiverServerRatis.java:handleLeaderChangedNotification(697)) - Leader change notification received for group: group-FD566A6B17A8 with new leaderId: b500fd20-cf57-471d-b9c7-5213c4722a40
2019-11-18 20:31:43,736 [b500fd20-cf57-471d-b9c7-5213c4722a40@group-FD566A6B17A8-LeaderElection10] INFO  impl.RaftServerImpl (ServerState.java:setLeader(255)) - b500fd20-cf57-471d-b9c7-5213c4722a40@group-FD566A6B17A8: change Leader from null to b500fd20-cf57-471d-b9c7-5213c4722a40 at term 3 for becomeLeader, leader elected after 15467ms
2019-11-18 20:31:43,736 [b500fd20-cf57-471d-b9c7-5213c4722a40@group-FD566A6B17A8-LeaderElection10] INFO  server.RaftServerConfigKeys (ConfUtils.java:logGet(43)) - raft.server.staging.catchup.gap = 1000 (default)
2019-11-18 20:31:43,736 [b500fd20-cf57-471d-b9c7-5213c4722a40@group-FD566A6B17A8-LeaderElection10] INFO  server.RaftServerConfigKeys (ConfUtils.java:logGet(43)) - raft.server.rpc.sleep.time = 25ms (default)
2019-11-18 20:31:43,736 [b500fd20-cf57-471d-b9c7-5213c4722a40@group-FD566A6B17A8-LeaderElection10] INFO  server.RaftServerConfigKeys (ConfUtils.java:logGet(43)) - raft.server.write.element-limit = 4096 (default)
2019-11-18 20:31:43,736 [b500fd20-cf57-471d-b9c7-5213c4722a40@group-FD566A6B17A8-LeaderElection10] INFO  server.RaftServerConfigKeys (ConfUtils.java:logGet(43)) - raft.server.watch.timeout = 10s (default)
2019-11-18 20:31:43,736 [b500fd20-cf57-471d-b9c7-5213c4722a40@group-FD566A6B17A8-LeaderElection10] INFO  server.RaftServerConfigKeys (ConfUtils.java:logGet(43)) - raft.server.watch.timeout.denomination = 1s (default)
2019-11-18 20:31:43,737 [b500fd20-cf57-471d-b9c7-5213c4722a40@group-FD566A6B17A8-LeaderElection10] INFO  server.RaftServerConfigKeys (ConfUtils.java:logGet(43)) - raft.server.watch.element-limit = 65536 (default)
2019-11-18 20:31:43,740 [b500fd20-cf57-471d-b9c7-5213c4722a40@group-FD566A6B17A8-LeaderElection10] INFO  server.RaftServerConfigKeys (ConfUtils.java:logGet(43)) - raft.server.log.appender.snapshot.chunk.size.max = 16MB (=16777216) (default)
2019-11-18 20:31:43,740 [b500fd20-cf57-471d-b9c7-5213c4722a40@group-FD566A6B17A8-LeaderElection10] INFO  server.RaftServerConfigKeys (ConfUtils.java:logGet(43)) - raft.server.log.appender.buffer.byte-limit = 33554432 (custom)
2019-11-18 20:31:43,741 [b500fd20-cf57-471d-b9c7-5213c4722a40@group-FD566A6B17A8-LeaderElection10] INFO  server.RaftServerConfigKeys (ConfUtils.java:logGet(43)) - raft.server.log.appender.buffer.element-limit = 1 (custom)
2019-11-18 20:31:43,742 [EventQueue-PipelineReportForPipelineReportHandler] INFO  pipeline.PipelineStateManager (PipelineStateManager.java:openPipeline(134)) - Pipeline Pipeline[ Id: 6d852b44-7736-4ec7-8804-fd566a6b17a8, Nodes: c599f64d-1569-429a-bb2e-93adf70cd479{ip: 192.168.157.200, host: pr-hdds-2514-unusedmethodparam-bwdv4-1743785533, networkLocation: /default-rack, certSerialId: null}94645783-fc8b-4cc0-8dc2-f650ddf89977{ip: 192.168.157.200, host: pr-hdds-2514-unusedmethodparam-bwdv4-1743785533, networkLocation: /default-rack, certSerialId: null}b500fd20-cf57-471d-b9c7-5213c4722a40{ip: 192.168.157.200, host: pr-hdds-2514-unusedmethodparam-bwdv4-1743785533, networkLocation: /default-rack, certSerialId: null}, Type:RATIS, Factor:THREE, State:OPEN] moved to OPEN state
2019-11-18 20:31:43,745 [b500fd20-cf57-471d-b9c7-5213c4722a40@group-FD566A6B17A8-LeaderElection10] INFO  grpc.GrpcConfigKeys$Server (ConfUtils.java:logGet(43)) - raft.grpc.server.leader.outstanding.appends.max = 128 (default)
2019-11-18 20:31:43,745 [b500fd20-cf57-471d-b9c7-5213c4722a40@group-FD566A6B17A8-LeaderElection10] INFO  server.RaftServerConfigKeys (ConfUtils.java:logGet(43)) - raft.server.rpc.request.timeout = 3000ms (default)
2019-11-18 20:31:43,745 [b500fd20-cf57-471d-b9c7-5213c4722a40@group-FD566A6B17A8-LeaderElection10] INFO  server.RaftServerConfigKeys (ConfUtils.java:logGet(43)) - raft.server.log.appender.install.snapshot.enabled = false (custom)
2019-11-18 20:31:43,746 [b500fd20-cf57-471d-b9c7-5213c4722a40@group-FD566A6B17A8-LeaderElection10] WARN  impl.MetricRegistriesImpl (MetricRegistriesImpl.java:lambda$create$1(61)) - First MetricRegistry has been created without registering reporters. You may need to call MetricRegistries.global().addReportRegistration(...) before.
2019-11-18 20:31:43,747 [b500fd20-cf57-471d-b9c7-5213c4722a40@group-FD566A6B17A8-LeaderElection10] INFO  server.RaftServerConfigKeys (ConfUtils.java:logGet(43)) - raft.server.log.appender.snapshot.chunk.size.max = 16MB (=16777216) (default)
2019-11-18 20:31:43,747 [b500fd20-cf57-471d-b9c7-5213c4722a40@group-FD566A6B17A8-LeaderElection10] INFO  server.RaftServerConfigKeys (ConfUtils.java:logGet(43)) - raft.server.log.appender.buffer.byte-limit = 33554432 (custom)
2019-11-18 20:31:43,747 [b500fd20-cf57-471d-b9c7-5213c4722a40@group-FD566A6B17A8-LeaderElection10] INFO  server.RaftServerConfigKeys (ConfUtils.java:logGet(43)) - raft.server.log.appender.buffer.element-limit = 1 (custom)
2019-11-18 20:31:43,747 [b500fd20-cf57-471d-b9c7-5213c4722a40@group-FD566A6B17A8-LeaderElection10] INFO  grpc.GrpcConfigKeys$Server (ConfUtils.java:logGet(43)) - raft.grpc.server.leader.outstanding.appends.max = 128 (default)
2019-11-18 20:31:43,748 [b500fd20-cf57-471d-b9c7-5213c4722a40@group-FD566A6B17A8-LeaderElection10] INFO  server.RaftServerConfigKeys (ConfUtils.java:logGet(43)) - raft.server.rpc.request.timeout = 3000ms (default)
2019-11-18 20:31:43,748 [b500fd20-cf57-471d-b9c7-5213c4722a40@group-FD566A6B17A8-LeaderElection10] INFO  server.RaftServerConfigKeys (ConfUtils.java:logGet(43)) - raft.server.log.appender.install.snapshot.enabled = false (custom)
2019-11-18 20:31:43,750 [b500fd20-cf57-471d-b9c7-5213c4722a40@group-FD566A6B17A8-LeaderElection10] INFO  impl.RoleInfo (RoleInfo.java:updateAndGet(143)) - b500fd20-cf57-471d-b9c7-5213c4722a40: start LeaderState
2019-11-18 20:31:43,750 [b500fd20-cf57-471d-b9c7-5213c4722a40@group-FD566A6B17A8-LeaderElection10] INFO  segmented.SegmentedRaftLogWorker (SegmentedRaftLogWorker.java:startLogSegment(385)) - b500fd20-cf57-471d-b9c7-5213c4722a40@group-FD566A6B17A8-SegmentedRaftLogWorker: Starting segment from index:0
2019-11-18 20:31:43,751 [b500fd20-cf57-471d-b9c7-5213c4722a40@group-FD566A6B17A8-LeaderElection10] INFO  impl.RaftServerImpl (ServerState.java:setRaftConf(356)) - b500fd20-cf57-471d-b9c7-5213c4722a40@group-FD566A6B17A8: set configuration 0: [94645783-fc8b-4cc0-8dc2-f650ddf89977:192.168.157.200:43349, b500fd20-cf57-471d-b9c7-5213c4722a40:192.168.157.200:39316, c599f64d-1569-429a-bb2e-93adf70cd479:192.168.157.200:35945], old=null at 0
2019-11-18 20:31:43,793 [grpc-default-executor-2] INFO  ratis.XceiverServerRatis (XceiverServerRatis.java:handleLeaderChangedNotification(697)) - Leader change notification received for group: group-FD566A6B17A8 with new leaderId: b500fd20-cf57-471d-b9c7-5213c4722a40
2019-11-18 20:31:43,794 [grpc-default-executor-2] INFO  impl.RaftServerImpl (ServerState.java:setLeader(255)) - 94645783-fc8b-4cc0-8dc2-f650ddf89977@group-FD566A6B17A8: change Leader from null to b500fd20-cf57-471d-b9c7-5213c4722a40 at term 3 for appendEntries, leader elected after 15525ms
2019-11-18 20:31:43,794 [grpc-default-executor-0] INFO  ratis.XceiverServerRatis (XceiverServerRatis.java:handleLeaderChangedNotification(697)) - Leader change notification received for group: group-FD566A6B17A8 with new leaderId: b500fd20-cf57-471d-b9c7-5213c4722a40
2019-11-18 20:31:43,794 [grpc-default-executor-0] INFO  impl.RaftServerImpl (ServerState.java:setLeader(255)) - c599f64d-1569-429a-bb2e-93adf70cd479@group-FD566A6B17A8: change Leader from null to b500fd20-cf57-471d-b9c7-5213c4722a40 at term 3 for appendEntries, leader elected after 15526ms
2019-11-18 20:31:43,806 [b500fd20-cf57-471d-b9c7-5213c4722a40@group-FD566A6B17A8-SegmentedRaftLogWorker] INFO  segmented.SegmentedRaftLogWorker (SegmentedRaftLogWorker.java:execute(576)) - b500fd20-cf57-471d-b9c7-5213c4722a40@group-FD566A6B17A8-SegmentedRaftLogWorker: created new log segment /workdir/hadoop-ozone/tools/target/test-dir/MiniOzoneClusterImpl-9fba51d2-8262-4f75-a70c-39cbbda2bfee/datanode-1/data/ratis/6d852b44-7736-4ec7-8804-fd566a6b17a8/current/log_inprogress_0
2019-11-18 20:31:43,816 [grpc-default-executor-0] INFO  impl.RaftServerImpl (ServerState.java:setRaftConf(356)) - c599f64d-1569-429a-bb2e-93adf70cd479@group-FD566A6B17A8: set configuration 0: [94645783-fc8b-4cc0-8dc2-f650ddf89977:192.168.157.200:43349, b500fd20-cf57-471d-b9c7-5213c4722a40:192.168.157.200:39316, c599f64d-1569-429a-bb2e-93adf70cd479:192.168.157.200:35945], old=null at 0
2019-11-18 20:31:43,816 [grpc-default-executor-2] INFO  impl.RaftServerImpl (ServerState.java:setRaftConf(356)) - 94645783-fc8b-4cc0-8dc2-f650ddf89977@group-FD566A6B17A8: set configuration 0: [94645783-fc8b-4cc0-8dc2-f650ddf89977:192.168.157.200:43349, b500fd20-cf57-471d-b9c7-5213c4722a40:192.168.157.200:39316, c599f64d-1569-429a-bb2e-93adf70cd479:192.168.157.200:35945], old=null at 0
2019-11-18 20:31:43,816 [grpc-default-executor-0] INFO  segmented.SegmentedRaftLogWorker (SegmentedRaftLogWorker.java:startLogSegment(385)) - c599f64d-1569-429a-bb2e-93adf70cd479@group-FD566A6B17A8-SegmentedRaftLogWorker: Starting segment from index:0
2019-11-18 20:31:43,817 [grpc-default-executor-2] INFO  segmented.SegmentedRaftLogWorker (SegmentedRaftLogWorker.java:startLogSegment(385)) - 94645783-fc8b-4cc0-8dc2-f650ddf89977@group-FD566A6B17A8-SegmentedRaftLogWorker: Starting segment from index:0
2019-11-18 20:31:43,860 [94645783-fc8b-4cc0-8dc2-f650ddf89977@group-FD566A6B17A8-SegmentedRaftLogWorker] INFO  segmented.SegmentedRaftLogWorker (SegmentedRaftLogWorker.java:execute(576)) - 94645783-fc8b-4cc0-8dc2-f650ddf89977@group-FD566A6B17A8-SegmentedRaftLogWorker: created new log segment /workdir/hadoop-ozone/tools/target/test-dir/MiniOzoneClusterImpl-9fba51d2-8262-4f75-a70c-39cbbda2bfee/datanode-2/data/ratis/6d852b44-7736-4ec7-8804-fd566a6b17a8/current/log_inprogress_0
2019-11-18 20:31:43,871 [c599f64d-1569-429a-bb2e-93adf70cd479@group-FD566A6B17A8-SegmentedRaftLogWorker] INFO  segmented.SegmentedRaftLogWorker (SegmentedRaftLogWorker.java:execute(576)) - c599f64d-1569-429a-bb2e-93adf70cd479@group-FD566A6B17A8-SegmentedRaftLogWorker: created new log segment /workdir/hadoop-ozone/tools/target/test-dir/MiniOzoneClusterImpl-9fba51d2-8262-4f75-a70c-39cbbda2bfee/datanode-0/data/ratis/6d852b44-7736-4ec7-8804-fd566a6b17a8/current/log_inprogress_0
2019-11-18 20:31:44,024 [main] INFO  ozone.MiniOzoneClusterImpl (MiniOzoneClusterImpl.java:lambda$waitForClusterToBeReady$2(171)) - Cluster is ready. Got 3 of 3 DN Heartbeats.
2019-11-18 20:31:44,829 [main] INFO  freon.RandomKeyGenerator (RandomKeyGenerator.java:call(283)) - Number of Threads: 10
2019-11-18 20:31:44,830 [main] INFO  freon.RandomKeyGenerator (RandomKeyGenerator.java:call(288)) - Number of Volumes: 1.
2019-11-18 20:31:44,830 [main] INFO  freon.RandomKeyGenerator (RandomKeyGenerator.java:call(289)) - Number of Buckets per Volume: 1.
2019-11-18 20:31:44,831 [main] INFO  freon.RandomKeyGenerator (RandomKeyGenerator.java:call(290)) - Number of Keys per Bucket: 1.
2019-11-18 20:31:44,831 [main] INFO  freon.RandomKeyGenerator (RandomKeyGenerator.java:call(291)) - Key size: 20971520 bytes
2019-11-18 20:31:44,831 [main] INFO  freon.RandomKeyGenerator (RandomKeyGenerator.java:call(292)) - Buffer size: 4096 bytes
2019-11-18 20:31:44,831 [main] INFO  freon.RandomKeyGenerator (RandomKeyGenerator.java:call(293)) - validateWrites : true
2019-11-18 20:31:44,835 [main] INFO  freon.RandomKeyGenerator (RandomKeyGenerator.java:call(307)) - Data validation is enabled.
2019-11-18 20:31:44,837 [main] INFO  freon.RandomKeyGenerator (RandomKeyGenerator.java:call(313)) - Starting progress bar Thread.

 0.00% |?                                                                                                    |  0/1 Time: 0:00:002019-11-18 20:31:44,859 [pool-53-thread-1] INFO  rpc.RpcClient (RpcClient.java:createVolume(292)) - Creating Volume: vol-0-69478, with jenkins1000 as owner.
2019-11-18 20:31:44,907 [IPC Server handler 1 on 42893] INFO  volume.OMVolumeCreateRequest (OMVolumeCreateRequest.java:validateAndUpdateCache(193)) - created volume:vol-0-69478 for user:jenkins1000
2019-11-18 20:31:44,947 [pool-53-thread-2] INFO  rpc.RpcClient (RpcClient.java:createBucket(431)) - Creating Bucket: vol-0-69478/bucket-0-46102, with Versioning false and Storage Type set to DISK and Encryption set to false 
2019-11-18 20:31:45,131 [pool-53-thread-3] INFO  impl.MetricsSystemImpl (MetricsSystemImpl.java:init(158)) - XceiverClientMetrics metrics system started (again)
 0.00% |?                                                                                                    |  0/1 Time: 0:00:01 0.00% |?                                                                                                    |  0/1 Time: 0:00:02 100.00% |?????????????????????????????????????????????????????????????????????????????????????????????????????|  1/1 Time: 0:00:03
2019-11-18 20:31:52,793 [main] INFO  pipeline.SCMPipelineManager (SCMPipelineManager.java:finalizeAndDestroyPipeline(315)) - destroying pipeline:Pipeline[ Id: 6d852b44-7736-4ec7-8804-fd566a6b17a8, Nodes: c599f64d-1569-429a-bb2e-93adf70cd479{ip: 192.168.157.200, host: pr-hdds-2514-unusedmethodparam-bwdv4-1743785533, networkLocation: /default-rack, certSerialId: null}94645783-fc8b-4cc0-8dc2-f650ddf89977{ip: 192.168.157.200, host: pr-hdds-2514-unusedmethodparam-bwdv4-1743785533, networkLocation: /default-rack, certSerialId: null}b500fd20-cf57-471d-b9c7-5213c4722a40{ip: 192.168.157.200, host: pr-hdds-2514-unusedmethodparam-bwdv4-1743785533, networkLocation: /default-rack, certSerialId: null}, Type:RATIS, Factor:THREE, State:OPEN]
2019-11-18 20:31:52,794 [main] INFO  pipeline.PipelineStateManager (PipelineStateManager.java:finalizePipeline(121)) - Pipeline Pipeline[ Id: 6d852b44-7736-4ec7-8804-fd566a6b17a8, Nodes: c599f64d-1569-429a-bb2e-93adf70cd479{ip: 192.168.157.200, host: pr-hdds-2514-unusedmethodparam-bwdv4-1743785533, networkLocation: /default-rack, certSerialId: null}94645783-fc8b-4cc0-8dc2-f650ddf89977{ip: 192.168.157.200, host: pr-hdds-2514-unusedmethodparam-bwdv4-1743785533, networkLocation: /default-rack, certSerialId: null}b500fd20-cf57-471d-b9c7-5213c4722a40{ip: 192.168.157.200, host: pr-hdds-2514-unusedmethodparam-bwdv4-1743785533, networkLocation: /default-rack, certSerialId: null}, Type:RATIS, Factor:THREE, State:CLOSED] moved to CLOSED state
2019-11-18 20:31:52,794 [EventQueue-CloseContainerForCloseContainerEventHandler] INFO  container.CloseContainerEventHandler (CloseContainerEventHandler.java:onMessage(61)) - Close container Event triggered for container : #1
2019-11-18 20:31:52,800 [EventQueue-CloseContainerForCloseContainerEventHandler] INFO  container.CloseContainerEventHandler (CloseContainerEventHandler.java:onMessage(61)) - Close container Event triggered for container : #2
2019-11-18 20:31:52,800 [EventQueue-CloseContainerForCloseContainerEventHandler] INFO  container.CloseContainerEventHandler (CloseContainerEventHandler.java:onMessage(61)) - Close container Event triggered for container : #3
2019-11-18 20:31:52,802 [grpc-default-executor-2] INFO  impl.RaftServerProxy (RaftServerProxy.java:remove(95)) - c599f64d-1569-429a-bb2e-93adf70cd479: remove  FOLLOWER c599f64d-1569-429a-bb2e-93adf70cd479@group-FD566A6B17A8:t3, leader=b500fd20-cf57-471d-b9c7-5213c4722a40, voted=b500fd20-cf57-471d-b9c7-5213c4722a40, raftlog=c599f64d-1569-429a-bb2e-93adf70cd479@group-FD566A6B17A8-SegmentedRaftLog:OPENED:c78,f78,i78, conf=0: [94645783-fc8b-4cc0-8dc2-f650ddf89977:192.168.157.200:43349, b500fd20-cf57-471d-b9c7-5213c4722a40:192.168.157.200:39316, c599f64d-1569-429a-bb2e-93adf70cd479:192.168.157.200:35945], old=null RUNNING
2019-11-18 20:31:52,803 [grpc-default-executor-2] INFO  impl.RaftServerImpl (RaftServerImpl.java:lambda$shutdown$3(250)) - c599f64d-1569-429a-bb2e-93adf70cd479@group-FD566A6B17A8: shutdown
2019-11-18 20:31:52,803 [grpc-default-executor-2] INFO  util.JmxRegister (JmxRegister.java:unregister(73)) - Successfully un-registered JMX Bean with object name Ratis:service=RaftServer,group=group-FD566A6B17A8,id=c599f64d-1569-429a-bb2e-93adf70cd479
2019-11-18 20:31:52,803 [grpc-default-executor-2] INFO  impl.RoleInfo (RoleInfo.java:shutdownFollowerState(121)) - c599f64d-1569-429a-bb2e-93adf70cd479: shutdown FollowerState
2019-11-18 20:31:52,804 [grpc-default-executor-2] INFO  impl.StateMachineUpdater (StateMachineUpdater.java:stopAndJoin(136)) - c599f64d-1569-429a-bb2e-93adf70cd479@group-FD566A6B17A8-StateMachineUpdater: set stopIndex = 78
2019-11-18 20:31:52,804 [Thread-255] INFO  impl.FollowerState (FollowerState.java:run(120)) - c599f64d-1569-429a-bb2e-93adf70cd479@group-FD566A6B17A8-FollowerState was interrupted: java.lang.InterruptedException: sleep interrupted
2019-11-18 20:31:52,806 [c599f64d-1569-429a-bb2e-93adf70cd479@group-FD566A6B17A8-StateMachineUpdater] INFO  ratis.ContainerStateMachine (ContainerStateMachine.java:takeSnapshot(285)) - group-FD566A6B17A8: Taking a snapshot at:(t:3, i:76) file /workdir/hadoop-ozone/tools/target/test-dir/MiniOzoneClusterImpl-9fba51d2-8262-4f75-a70c-39cbbda2bfee/datanode-0/data/ratis/6d852b44-7736-4ec7-8804-fd566a6b17a8/sm/snapshot.3_76
2019-11-18 20:31:52,845 [c599f64d-1569-429a-bb2e-93adf70cd479@group-FD566A6B17A8-StateMachineUpdater] INFO  ratis.ContainerStateMachine (ContainerStateMachine.java:takeSnapshot(296)) - group-FD566A6B17A8: Finished taking a snapshot at:(t:3, i:76) file:/workdir/hadoop-ozone/tools/target/test-dir/MiniOzoneClusterImpl-9fba51d2-8262-4f75-a70c-39cbbda2bfee/datanode-0/data/ratis/6d852b44-7736-4ec7-8804-fd566a6b17a8/sm/snapshot.3_76 time:42
2019-11-18 20:31:52,846 [c599f64d-1569-429a-bb2e-93adf70cd479@group-FD566A6B17A8-StateMachineUpdater] INFO  impl.StateMachineUpdater (StateMachineUpdater.java:takeSnapshot(269)) - c599f64d-1569-429a-bb2e-93adf70cd479@group-FD566A6B17A8-StateMachineUpdater: Took a snapshot at index 76
2019-11-18 20:31:52,846 [c599f64d-1569-429a-bb2e-93adf70cd479@group-FD566A6B17A8-StateMachineUpdater] INFO  impl.StateMachineUpdater (StateMachineUpdater.java:lambda$new$0(84)) - c599f64d-1569-429a-bb2e-93adf70cd479@group-FD566A6B17A8-StateMachineUpdater: snapshotIndex: updateIncreasingly -1 -> 76
2019-11-18 20:31:52,849 [c599f64d-1569-429a-bb2e-93adf70cd479@group-FD566A6B17A8-StateMachineUpdater] INFO  ratis.ContainerStateMachine (ContainerStateMachine.java:takeSnapshot(285)) - group-FD566A6B17A8: Taking a snapshot at:(t:3, i:76) file /workdir/hadoop-ozone/tools/target/test-dir/MiniOzoneClusterImpl-9fba51d2-8262-4f75-a70c-39cbbda2bfee/datanode-0/data/ratis/6d852b44-7736-4ec7-8804-fd566a6b17a8/sm/snapshot.3_76
2019-11-18 20:31:52,871 [c599f64d-1569-429a-bb2e-93adf70cd479@group-FD566A6B17A8-StateMachineUpdater] INFO  ratis.ContainerStateMachine (ContainerStateMachine.java:takeSnapshot(296)) - group-FD566A6B17A8: Finished taking a snapshot at:(t:3, i:76) file:/workdir/hadoop-ozone/tools/target/test-dir/MiniOzoneClusterImpl-9fba51d2-8262-4f75-a70c-39cbbda2bfee/datanode-0/data/ratis/6d852b44-7736-4ec7-8804-fd566a6b17a8/sm/snapshot.3_76 time:23
2019-11-18 20:31:52,872 [c599f64d-1569-429a-bb2e-93adf70cd479@group-FD566A6B17A8-StateMachineUpdater] INFO  impl.StateMachineUpdater (StateMachineUpdater.java:takeSnapshot(269)) - c599f64d-1569-429a-bb2e-93adf70cd479@group-FD566A6B17A8-StateMachineUpdater: Took a snapshot at index 76
2019-11-18 20:31:52,872 [c599f64d-1569-429a-bb2e-93adf70cd479@group-FD566A6B17A8-StateMachineUpdater] INFO  impl.StateMachineUpdater (StateMachineUpdater.java:lambda$new$0(84)) - c599f64d-1569-429a-bb2e-93adf70cd479@group-FD566A6B17A8-StateMachineUpdater: snapshotIndex: updateIncreasingly 76 -> 76
2019-11-18 20:31:52,872 [grpc-default-executor-2] INFO  impl.RaftServerImpl (ServerState.java:close(387)) - c599f64d-1569-429a-bb2e-93adf70cd479@group-FD566A6B17A8: closes. applyIndex: 78
2019-11-18 20:31:52,872 [c599f64d-1569-429a-bb2e-93adf70cd479@group-FD566A6B17A8-SegmentedRaftLogWorker] INFO  segmented.SegmentedRaftLogWorker (SegmentedRaftLogWorker.java:run(316)) - c599f64d-1569-429a-bb2e-93adf70cd479@group-FD566A6B17A8-SegmentedRaftLogWorker was interrupted, exiting. There are 0 tasks remaining in the queue.
2019-11-18 20:31:52,874 [grpc-default-executor-2] INFO  segmented.SegmentedRaftLogWorker (SegmentedRaftLogWorker.java:close(224)) - c599f64d-1569-429a-bb2e-93adf70cd479@group-FD566A6B17A8-SegmentedRaftLogWorker close()
2019-11-18 20:31:52,919 [grpc-default-executor-2] INFO  interfaces.Container (KeyValueContainer.java:flushAndSyncDB(400)) - Container 1 is synced with bcsId 60.
2019-11-18 20:31:52,919 [grpc-default-executor-2] INFO  interfaces.Container (KeyValueContainer.java:flushAndSyncDB(400)) - Container 1 is synced with bcsId 60.
2019-11-18 20:31:52,947 [EventQueue-IncrementalContainerReportForIncrementalContainerReportHandler] INFO  container.IncrementalContainerReportHandler (AbstractContainerReportHandler.java:updateContainerState(171)) - Moving container #1 to QUASI_CLOSED state, datanode c599f64d-1569-429a-bb2e-93adf70cd479{ip: 192.168.157.200, host: pr-hdds-2514-unusedmethodparam-bwdv4-1743785533, networkLocation: /default-rack, certSerialId: null} reported QUASI_CLOSED replica.
2019-11-18 20:31:52,983 [grpc-default-executor-2] INFO  interfaces.Container (KeyValueContainer.java:flushAndSyncDB(400)) - Container 2 is synced with bcsId 76.
2019-11-18 20:31:52,983 [grpc-default-executor-2] INFO  interfaces.Container (KeyValueContainer.java:flushAndSyncDB(400)) - Container 2 is synced with bcsId 76.
2019-11-18 20:31:52,999 [EventQueue-IncrementalContainerReportForIncrementalContainerReportHandler] INFO  container.IncrementalContainerReportHandler (AbstractContainerReportHandler.java:updateContainerState(171)) - Moving container #2 to QUASI_CLOSED state, datanode c599f64d-1569-429a-bb2e-93adf70cd479{ip: 192.168.157.200, host: pr-hdds-2514-unusedmethodparam-bwdv4-1743785533, networkLocation: /default-rack, certSerialId: null} reported QUASI_CLOSED replica.
2019-11-18 20:31:53,018 [grpc-default-executor-2] INFO  interfaces.Container (KeyValueContainer.java:flushAndSyncDB(400)) - Container 3 is synced with bcsId 42.
2019-11-18 20:31:53,018 [grpc-default-executor-2] INFO  interfaces.Container (KeyValueContainer.java:flushAndSyncDB(400)) - Container 3 is synced with bcsId 42.
2019-11-18 20:31:53,034 [EventQueue-IncrementalContainerReportForIncrementalContainerReportHandler] INFO  container.IncrementalContainerReportHandler (AbstractContainerReportHandler.java:updateContainerState(171)) - Moving container #3 to QUASI_CLOSED state, datanode c599f64d-1569-429a-bb2e-93adf70cd479{ip: 192.168.157.200, host: pr-hdds-2514-unusedmethodparam-bwdv4-1743785533, networkLocation: /default-rack, certSerialId: null} reported QUASI_CLOSED replica.
2019-11-18 20:31:53,043 [grpc-default-executor-2] INFO  impl.RaftServerProxy (RaftServerProxy.java:remove(95)) - 94645783-fc8b-4cc0-8dc2-f650ddf89977: remove  FOLLOWER 94645783-fc8b-4cc0-8dc2-f650ddf89977@group-FD566A6B17A8:t3, leader=b500fd20-cf57-471d-b9c7-5213c4722a40, voted=b500fd20-cf57-471d-b9c7-5213c4722a40, raftlog=94645783-fc8b-4cc0-8dc2-f650ddf89977@group-FD566A6B17A8-SegmentedRaftLog:OPENED:c78,f78,i78, conf=0: [94645783-fc8b-4cc0-8dc2-f650ddf89977:192.168.157.200:43349, b500fd20-cf57-471d-b9c7-5213c4722a40:192.168.157.200:39316, c599f64d-1569-429a-bb2e-93adf70cd479:192.168.157.200:35945], old=null RUNNING
2019-11-18 20:31:53,044 [grpc-default-executor-2] INFO  impl.RaftServerImpl (RaftServerImpl.java:lambda$shutdown$3(250)) - 94645783-fc8b-4cc0-8dc2-f650ddf89977@group-FD566A6B17A8: shutdown
2019-11-18 20:31:53,044 [grpc-default-executor-2] INFO  util.JmxRegister (JmxRegister.java:unregister(73)) - Successfully un-registered JMX Bean with object name Ratis:service=RaftServer,group=group-FD566A6B17A8,id=94645783-fc8b-4cc0-8dc2-f650ddf89977
2019-11-18 20:31:53,044 [grpc-default-executor-2] INFO  impl.RoleInfo (RoleInfo.java:shutdownFollowerState(121)) - 94645783-fc8b-4cc0-8dc2-f650ddf89977: shutdown FollowerState
2019-11-18 20:31:53,044 [grpc-default-executor-2] INFO  impl.StateMachineUpdater (StateMachineUpdater.java:stopAndJoin(136)) - 94645783-fc8b-4cc0-8dc2-f650ddf89977@group-FD566A6B17A8-StateMachineUpdater: set stopIndex = 78
2019-11-18 20:31:53,044 [94645783-fc8b-4cc0-8dc2-f650ddf89977@group-FD566A6B17A8-StateMachineUpdater] INFO  ratis.ContainerStateMachine (ContainerStateMachine.java:takeSnapshot(285)) - group-FD566A6B17A8: Taking a snapshot at:(t:3, i:76) file /workdir/hadoop-ozone/tools/target/test-dir/MiniOzoneClusterImpl-9fba51d2-8262-4f75-a70c-39cbbda2bfee/datanode-2/data/ratis/6d852b44-7736-4ec7-8804-fd566a6b17a8/sm/snapshot.3_76
2019-11-18 20:31:53,044 [Thread-256] INFO  impl.FollowerState (FollowerState.java:run(120)) - 94645783-fc8b-4cc0-8dc2-f650ddf89977@group-FD566A6B17A8-FollowerState was interrupted: java.lang.InterruptedException: sleep interrupted
2019-11-18 20:31:53,062 [94645783-fc8b-4cc0-8dc2-f650ddf89977@group-FD566A6B17A8-StateMachineUpdater] INFO  ratis.ContainerStateMachine (ContainerStateMachine.java:takeSnapshot(296)) - group-FD566A6B17A8: Finished taking a snapshot at:(t:3, i:76) file:/workdir/hadoop-ozone/tools/target/test-dir/MiniOzoneClusterImpl-9fba51d2-8262-4f75-a70c-39cbbda2bfee/datanode-2/data/ratis/6d852b44-7736-4ec7-8804-fd566a6b17a8/sm/snapshot.3_76 time:18
2019-11-18 20:31:53,063 [94645783-fc8b-4cc0-8dc2-f650ddf89977@group-FD566A6B17A8-StateMachineUpdater] INFO  impl.StateMachineUpdater (StateMachineUpdater.java:takeSnapshot(269)) - 94645783-fc8b-4cc0-8dc2-f650ddf89977@group-FD566A6B17A8-StateMachineUpdater: Took a snapshot at index 76
2019-11-18 20:31:53,063 [94645783-fc8b-4cc0-8dc2-f650ddf89977@group-FD566A6B17A8-StateMachineUpdater] INFO  impl.StateMachineUpdater (StateMachineUpdater.java:lambda$new$0(84)) - 94645783-fc8b-4cc0-8dc2-f650ddf89977@group-FD566A6B17A8-StateMachineUpdater: snapshotIndex: updateIncreasingly -1 -> 76
2019-11-18 20:31:53,063 [94645783-fc8b-4cc0-8dc2-f650ddf89977@group-FD566A6B17A8-StateMachineUpdater] INFO  ratis.ContainerStateMachine (ContainerStateMachine.java:takeSnapshot(285)) - group-FD566A6B17A8: Taking a snapshot at:(t:3, i:76) file /workdir/hadoop-ozone/tools/target/test-dir/MiniOzoneClusterImpl-9fba51d2-8262-4f75-a70c-39cbbda2bfee/datanode-2/data/ratis/6d852b44-7736-4ec7-8804-fd566a6b17a8/sm/snapshot.3_76
2019-11-18 20:31:53,076 [94645783-fc8b-4cc0-8dc2-f650ddf89977@group-FD566A6B17A8-StateMachineUpdater] INFO  ratis.ContainerStateMachine (ContainerStateMachine.java:takeSnapshot(296)) - group-FD566A6B17A8: Finished taking a snapshot at:(t:3, i:76) file:/workdir/hadoop-ozone/tools/target/test-dir/MiniOzoneClusterImpl-9fba51d2-8262-4f75-a70c-39cbbda2bfee/datanode-2/data/ratis/6d852b44-7736-4ec7-8804-fd566a6b17a8/sm/snapshot.3_76 time:13
2019-11-18 20:31:53,077 [94645783-fc8b-4cc0-8dc2-f650ddf89977@group-FD566A6B17A8-StateMachineUpdater] INFO  impl.StateMachineUpdater (StateMachineUpdater.java:takeSnapshot(269)) - 94645783-fc8b-4cc0-8dc2-f650ddf89977@group-FD566A6B17A8-StateMachineUpdater: Took a snapshot at index 76
2019-11-18 20:31:53,077 [94645783-fc8b-4cc0-8dc2-f650ddf89977@group-FD566A6B17A8-StateMachineUpdater] INFO  impl.StateMachineUpdater (StateMachineUpdater.java:lambda$new$0(84)) - 94645783-fc8b-4cc0-8dc2-f650ddf89977@group-FD566A6B17A8-StateMachineUpdater: snapshotIndex: updateIncreasingly 76 -> 76
2019-11-18 20:31:53,077 [grpc-default-executor-2] INFO  impl.RaftServerImpl (ServerState.java:close(387)) - 94645783-fc8b-4cc0-8dc2-f650ddf89977@group-FD566A6B17A8: closes. applyIndex: 78
2019-11-18 20:31:53,078 [94645783-fc8b-4cc0-8dc2-f650ddf89977@group-FD566A6B17A8-SegmentedRaftLogWorker] INFO  segmented.SegmentedRaftLogWorker (SegmentedRaftLogWorker.java:run(316)) - 94645783-fc8b-4cc0-8dc2-f650ddf89977@group-FD566A6B17A8-SegmentedRaftLogWorker was interrupted, exiting. There are 0 tasks remaining in the queue.
2019-11-18 20:31:53,079 [grpc-default-executor-2] INFO  segmented.SegmentedRaftLogWorker (SegmentedRaftLogWorker.java:close(224)) - 94645783-fc8b-4cc0-8dc2-f650ddf89977@group-FD566A6B17A8-SegmentedRaftLogWorker close()
2019-11-18 20:31:53,101 [grpc-default-executor-2] INFO  interfaces.Container (KeyValueContainer.java:flushAndSyncDB(400)) - Container 1 is synced with bcsId 60.
2019-11-18 20:31:53,101 [grpc-default-executor-2] INFO  interfaces.Container (KeyValueContainer.java:flushAndSyncDB(400)) - Container 1 is synced with bcsId 60.
2019-11-18 20:31:53,154 [grpc-default-executor-2] INFO  interfaces.Container (KeyValueContainer.java:flushAndSyncDB(400)) - Container 2 is synced with bcsId 76.
2019-11-18 20:31:53,154 [grpc-default-executor-2] INFO  interfaces.Container (KeyValueContainer.java:flushAndSyncDB(400)) - Container 2 is synced with bcsId 76.
2019-11-18 20:31:53,219 [grpc-default-executor-2] INFO  interfaces.Container (KeyValueContainer.java:flushAndSyncDB(400)) - Container 3 is synced with bcsId 42.
2019-11-18 20:31:53,219 [grpc-default-executor-2] INFO  interfaces.Container (KeyValueContainer.java:flushAndSyncDB(400)) - Container 3 is synced with bcsId 42.
2019-11-18 20:31:53,259 [grpc-default-executor-2] INFO  impl.RaftServerProxy (RaftServerProxy.java:remove(95)) - b500fd20-cf57-471d-b9c7-5213c4722a40: remove    LEADER b500fd20-cf57-471d-b9c7-5213c4722a40@group-FD566A6B17A8:t3, leader=b500fd20-cf57-471d-b9c7-5213c4722a40, voted=b500fd20-cf57-471d-b9c7-5213c4722a40, raftlog=b500fd20-cf57-471d-b9c7-5213c4722a40@group-FD566A6B17A8-SegmentedRaftLog:OPENED:c78,f78,i78, conf=0: [94645783-fc8b-4cc0-8dc2-f650ddf89977:192.168.157.200:43349, b500fd20-cf57-471d-b9c7-5213c4722a40:192.168.157.200:39316, c599f64d-1569-429a-bb2e-93adf70cd479:192.168.157.200:35945], old=null RUNNING
2019-11-18 20:31:53,259 [grpc-default-executor-2] INFO  impl.RaftServerImpl (RaftServerImpl.java:lambda$shutdown$3(250)) - b500fd20-cf57-471d-b9c7-5213c4722a40@group-FD566A6B17A8: shutdown
2019-11-18 20:31:53,259 [grpc-default-executor-2] INFO  util.JmxRegister (JmxRegister.java:unregister(73)) - Successfully un-registered JMX Bean with object name Ratis:service=RaftServer,group=group-FD566A6B17A8,id=b500fd20-cf57-471d-b9c7-5213c4722a40
2019-11-18 20:31:53,260 [grpc-default-executor-2] INFO  impl.RoleInfo (RoleInfo.java:shutdownLeaderState(104)) - b500fd20-cf57-471d-b9c7-5213c4722a40: shutdown LeaderState
2019-11-18 20:31:53,262 [org.apache.ratis.server.impl.LogAppender$AppenderDaemon$$Lambda$436/266664001@6c062c9e] WARN  server.GrpcLogAppender (GrpcLogAppender.java:mayWait(151)) - b500fd20-cf57-471d-b9c7-5213c4722a40@group-FD566A6B17A8->94645783-fc8b-4cc0-8dc2-f650ddf89977-GrpcLogAppender: Wait interrupted by java.lang.InterruptedException
2019-11-18 20:31:53,273 [grpc-default-executor-2] INFO  impl.PendingRequests (PendingRequests.java:sendNotLeaderResponses(206)) - b500fd20-cf57-471d-b9c7-5213c4722a40@group-FD566A6B17A8-PendingRequests: sendNotLeaderResponses
2019-11-18 20:31:53,272 [org.apache.ratis.server.impl.LogAppender$AppenderDaemon$$Lambda$436/266664001@b6b1b20] WARN  server.GrpcLogAppender (GrpcLogAppender.java:mayWait(151)) - b500fd20-cf57-471d-b9c7-5213c4722a40@group-FD566A6B17A8->c599f64d-1569-429a-bb2e-93adf70cd479-GrpcLogAppender: Wait interrupted by java.lang.InterruptedException
2019-11-18 20:31:53,279 [grpc-default-executor-2] INFO  impl.StateMachineUpdater (StateMachineUpdater.java:stopAndJoin(136)) - b500fd20-cf57-471d-b9c7-5213c4722a40@group-FD566A6B17A8-StateMachineUpdater: set stopIndex = 78
2019-11-18 20:31:53,279 [b500fd20-cf57-471d-b9c7-5213c4722a40@group-FD566A6B17A8-StateMachineUpdater] INFO  ratis.ContainerStateMachine (ContainerStateMachine.java:takeSnapshot(285)) - group-FD566A6B17A8: Taking a snapshot at:(t:3, i:76) file /workdir/hadoop-ozone/tools/target/test-dir/MiniOzoneClusterImpl-9fba51d2-8262-4f75-a70c-39cbbda2bfee/datanode-1/data/ratis/6d852b44-7736-4ec7-8804-fd566a6b17a8/sm/snapshot.3_76
2019-11-18 20:31:53,279 [grpc-default-executor-1] INFO  server.GrpcServerProtocolService (GrpcServerProtocolService.java:onCompleted(113)) - c599f64d-1569-429a-bb2e-93adf70cd479: Completed APPEND_ENTRIES, lastRequest: b500fd20-cf57-471d-b9c7-5213c4722a40->c599f64d-1569-429a-bb2e-93adf70cd479#81-t3, previous=(t:3, i:78), leaderCommit=78, initializing? false, entries: <empty>
2019-11-18 20:31:53,279 [grpc-default-executor-0] INFO  server.GrpcServerProtocolService (GrpcServerProtocolService.java:onCompleted(113)) - 94645783-fc8b-4cc0-8dc2-f650ddf89977: Completed APPEND_ENTRIES, lastRequest: b500fd20-cf57-471d-b9c7-5213c4722a40->94645783-fc8b-4cc0-8dc2-f650ddf89977#81-t3, previous=(t:3, i:78), leaderCommit=78, initializing? false, entries: <empty>
2019-11-18 20:31:53,281 [grpc-default-executor-0] INFO  server.GrpcLogAppender (GrpcLogAppender.java:onCompleted(308)) - b500fd20-cf57-471d-b9c7-5213c4722a40@group-FD566A6B17A8->c599f64d-1569-429a-bb2e-93adf70cd479-AppendLogResponseHandler: follower responses appendEntries COMPLETED
2019-11-18 20:31:53,281 [grpc-default-executor-1] INFO  server.GrpcLogAppender (GrpcLogAppender.java:onCompleted(308)) - b500fd20-cf57-471d-b9c7-5213c4722a40@group-FD566A6B17A8->94645783-fc8b-4cc0-8dc2-f650ddf89977-AppendLogResponseHandler: follower responses appendEntries COMPLETED
2019-11-18 20:31:53,285 [grpc-default-executor-0] INFO  impl.FollowerInfo (FollowerInfo.java:lambda$new$0(51)) - b500fd20-cf57-471d-b9c7-5213c4722a40@group-FD566A6B17A8->c599f64d-1569-429a-bb2e-93adf70cd479: nextIndex: updateUnconditionally 79 -> 78
2019-11-18 20:31:53,285 [grpc-default-executor-1] INFO  impl.FollowerInfo (FollowerInfo.java:lambda$new$0(51)) - b500fd20-cf57-471d-b9c7-5213c4722a40@group-FD566A6B17A8->94645783-fc8b-4cc0-8dc2-f650ddf89977: nextIndex: updateUnconditionally 79 -> 78
2019-11-18 20:31:53,301 [b500fd20-cf57-471d-b9c7-5213c4722a40@group-FD566A6B17A8-StateMachineUpdater] INFO  ratis.ContainerStateMachine (ContainerStateMachine.java:takeSnapshot(296)) - group-FD566A6B17A8: Finished taking a snapshot at:(t:3, i:76) file:/workdir/hadoop-ozone/tools/target/test-dir/MiniOzoneClusterImpl-9fba51d2-8262-4f75-a70c-39cbbda2bfee/datanode-1/data/ratis/6d852b44-7736-4ec7-8804-fd566a6b17a8/sm/snapshot.3_76 time:23
2019-11-18 20:31:53,302 [b500fd20-cf57-471d-b9c7-5213c4722a40@group-FD566A6B17A8-StateMachineUpdater] INFO  impl.StateMachineUpdater (StateMachineUpdater.java:takeSnapshot(269)) - b500fd20-cf57-471d-b9c7-5213c4722a40@group-FD566A6B17A8-StateMachineUpdater: Took a snapshot at index 76
2019-11-18 20:31:53,302 [b500fd20-cf57-471d-b9c7-5213c4722a40@group-FD566A6B17A8-StateMachineUpdater] INFO  impl.StateMachineUpdater (StateMachineUpdater.java:lambda$new$0(84)) - b500fd20-cf57-471d-b9c7-5213c4722a40@group-FD566A6B17A8-StateMachineUpdater: snapshotIndex: updateIncreasingly -1 -> 76
2019-11-18 20:31:53,302 [b500fd20-cf57-471d-b9c7-5213c4722a40@group-FD566A6B17A8-StateMachineUpdater] INFO  ratis.ContainerStateMachine (ContainerStateMachine.java:takeSnapshot(285)) - group-FD566A6B17A8: Taking a snapshot at:(t:3, i:76) file /workdir/hadoop-ozone/tools/target/test-dir/MiniOzoneClusterImpl-9fba51d2-8262-4f75-a70c-39cbbda2bfee/datanode-1/data/ratis/6d852b44-7736-4ec7-8804-fd566a6b17a8/sm/snapshot.3_76
2019-11-18 20:31:53,316 [b500fd20-cf57-471d-b9c7-5213c4722a40@group-FD566A6B17A8-StateMachineUpdater] INFO  ratis.ContainerStateMachine (ContainerStateMachine.java:takeSnapshot(296)) - group-FD566A6B17A8: Finished taking a snapshot at:(t:3, i:76) file:/workdir/hadoop-ozone/tools/target/test-dir/MiniOzoneClusterImpl-9fba51d2-8262-4f75-a70c-39cbbda2bfee/datanode-1/data/ratis/6d852b44-7736-4ec7-8804-fd566a6b17a8/sm/snapshot.3_76 time:13
2019-11-18 20:31:53,316 [b500fd20-cf57-471d-b9c7-5213c4722a40@group-FD566A6B17A8-StateMachineUpdater] INFO  impl.StateMachineUpdater (StateMachineUpdater.java:takeSnapshot(269)) - b500fd20-cf57-471d-b9c7-5213c4722a40@group-FD566A6B17A8-StateMachineUpdater: Took a snapshot at index 76
2019-11-18 20:31:53,316 [b500fd20-cf57-471d-b9c7-5213c4722a40@group-FD566A6B17A8-StateMachineUpdater] INFO  impl.StateMachineUpdater (StateMachineUpdater.java:lambda$new$0(84)) - b500fd20-cf57-471d-b9c7-5213c4722a40@group-FD566A6B17A8-StateMachineUpdater: snapshotIndex: updateIncreasingly 76 -> 76
2019-11-18 20:31:53,316 [grpc-default-executor-2] INFO  impl.RaftServerImpl (ServerState.java:close(387)) - b500fd20-cf57-471d-b9c7-5213c4722a40@group-FD566A6B17A8: closes. applyIndex: 78
2019-11-18 20:31:53,317 [b500fd20-cf57-471d-b9c7-5213c4722a40@group-FD566A6B17A8-SegmentedRaftLogWorker] INFO  segmented.SegmentedRaftLogWorker (SegmentedRaftLogWorker.java:run(316)) - b500fd20-cf57-471d-b9c7-5213c4722a40@group-FD566A6B17A8-SegmentedRaftLogWorker was interrupted, exiting. There are 0 tasks remaining in the queue.
2019-11-18 20:31:53,318 [grpc-default-executor-2] INFO  segmented.SegmentedRaftLogWorker (SegmentedRaftLogWorker.java:close(224)) - b500fd20-cf57-471d-b9c7-5213c4722a40@group-FD566A6B17A8-SegmentedRaftLogWorker close()
2019-11-18 20:31:53,340 [grpc-default-executor-2] INFO  interfaces.Container (KeyValueContainer.java:flushAndSyncDB(400)) - Container 1 is synced with bcsId 60.
2019-11-18 20:31:53,340 [grpc-default-executor-2] INFO  interfaces.Container (KeyValueContainer.java:flushAndSyncDB(400)) - Container 1 is synced with bcsId 60.
2019-11-18 20:31:53,400 [grpc-default-executor-2] INFO  interfaces.Container (KeyValueContainer.java:flushAndSyncDB(400)) - Container 2 is synced with bcsId 76.
2019-11-18 20:31:53,400 [grpc-default-executor-2] INFO  interfaces.Container (KeyValueContainer.java:flushAndSyncDB(400)) - Container 2 is synced with bcsId 76.
2019-11-18 20:31:53,464 [grpc-default-executor-2] INFO  interfaces.Container (KeyValueContainer.java:flushAndSyncDB(400)) - Container 3 is synced with bcsId 42.
2019-11-18 20:31:53,464 [grpc-default-executor-2] INFO  interfaces.Container (KeyValueContainer.java:flushAndSyncDB(400)) - Container 3 is synced with bcsId 42.
2019-11-18 20:31:53,493 [main] INFO  pipeline.PipelineStateManager (PipelineStateManager.java:removePipeline(106)) - Pipeline Pipeline[ Id: 6d852b44-7736-4ec7-8804-fd566a6b17a8, Nodes: c599f64d-1569-429a-bb2e-93adf70cd479{ip: 192.168.157.200, host: pr-hdds-2514-unusedmethodparam-bwdv4-1743785533, networkLocation: /default-rack, certSerialId: null}94645783-fc8b-4cc0-8dc2-f650ddf89977{ip: 192.168.157.200, host: pr-hdds-2514-unusedmethodparam-bwdv4-1743785533, networkLocation: /default-rack, certSerialId: null}b500fd20-cf57-471d-b9c7-5213c4722a40{ip: 192.168.157.200, host: pr-hdds-2514-unusedmethodparam-bwdv4-1743785533, networkLocation: /default-rack, certSerialId: null}, Type:RATIS, Factor:THREE, State:CLOSED] removed from db
2019-11-18 20:31:53,504 [grpc-default-executor-0] INFO  impl.RaftServerProxy (RaftServerProxy.java:addNew(89)) - 94645783-fc8b-4cc0-8dc2-f650ddf89977: addNew group-3E9F918D17F1:[94645783-fc8b-4cc0-8dc2-f650ddf89977:192.168.157.200:43349, b500fd20-cf57-471d-b9c7-5213c4722a40:192.168.157.200:39316, c599f64d-1569-429a-bb2e-93adf70cd479:192.168.157.200:35945] returns group-3E9F918D17F1:java.util.concurrent.CompletableFuture@7f6ff678[Not completed]
2019-11-18 20:31:53,504 [grpc-default-executor-2] INFO  impl.RaftServerProxy (RaftServerProxy.java:addNew(89)) - b500fd20-cf57-471d-b9c7-5213c4722a40: addNew group-3E9F918D17F1:[94645783-fc8b-4cc0-8dc2-f650ddf89977:192.168.157.200:43349, b500fd20-cf57-471d-b9c7-5213c4722a40:192.168.157.200:39316, c599f64d-1569-429a-bb2e-93adf70cd479:192.168.157.200:35945] returns group-3E9F918D17F1:java.util.concurrent.CompletableFuture@6ee84d1[Not completed]
2019-11-18 20:31:53,506 [grpc-default-executor-2] INFO  impl.RaftServerProxy (RaftServerProxy.java:addNew(89)) - c599f64d-1569-429a-bb2e-93adf70cd479: addNew group-3E9F918D17F1:[94645783-fc8b-4cc0-8dc2-f650ddf89977:192.168.157.200:43349, b500fd20-cf57-471d-b9c7-5213c4722a40:192.168.157.200:39316, c599f64d-1569-429a-bb2e-93adf70cd479:192.168.157.200:35945] returns group-3E9F918D17F1:java.util.concurrent.CompletableFuture@42c599be[Not completed]
2019-11-18 20:31:53,509 [pool-37-thread-1] INFO  impl.RaftServerImpl (RaftServerImpl.java:<init>(98)) - b500fd20-cf57-471d-b9c7-5213c4722a40: new RaftServerImpl for group-3E9F918D17F1:[94645783-fc8b-4cc0-8dc2-f650ddf89977:192.168.157.200:43349, b500fd20-cf57-471d-b9c7-5213c4722a40:192.168.157.200:39316, c599f64d-1569-429a-bb2e-93adf70cd479:192.168.157.200:35945] with ContainerStateMachine:uninitialized
2019-11-18 20:31:53,509 [pool-37-thread-1] INFO  server.RaftServerConfigKeys (ConfUtils.java:logGet(43)) - raft.server.rpc.timeout.min = 5s (custom)
2019-11-18 20:31:53,509 [pool-37-thread-1] INFO  server.RaftServerConfigKeys (ConfUtils.java:logGet(43)) - raft.server.rpc.timeout.max = 5200ms (custom)
2019-11-18 20:31:53,510 [pool-37-thread-1] INFO  server.RaftServerConfigKeys (ConfUtils.java:logGet(43)) - raft.server.rpcslowness.timeout = 120s (custom)
2019-11-18 20:31:53,510 [pool-37-thread-1] INFO  server.RaftServerConfigKeys (ConfUtils.java:logGet(43)) - raft.server.sleep.deviation.threshold = 300 (default)
2019-11-18 20:31:53,510 [pool-37-thread-1] INFO  server.RaftServerConfigKeys (ConfUtils.java:logGet(43)) - raft.server.log.appender.install.snapshot.enabled = false (custom)
2019-11-18 20:31:53,510 [pool-37-thread-1] INFO  impl.RaftServerImpl (ServerState.java:<init>(103)) - b500fd20-cf57-471d-b9c7-5213c4722a40@group-3E9F918D17F1: ConfigurationManager, init=-1: [94645783-fc8b-4cc0-8dc2-f650ddf89977:192.168.157.200:43349, b500fd20-cf57-471d-b9c7-5213c4722a40:192.168.157.200:39316, c599f64d-1569-429a-bb2e-93adf70cd479:192.168.157.200:35945], old=null, confs=<EMPTY_MAP>
2019-11-18 20:31:53,510 [pool-37-thread-1] INFO  server.RaftServerConfigKeys (ConfUtils.java:logGet(43)) - raft.server.storage.dir = [/workdir/hadoop-ozone/tools/target/test-dir/MiniOzoneClusterImpl-9fba51d2-8262-4f75-a70c-39cbbda2bfee/datanode-1/data/ratis] (custom)
2019-11-18 20:31:53,511 [pool-47-thread-1] INFO  impl.RaftServerImpl (RaftServerImpl.java:<init>(98)) - 94645783-fc8b-4cc0-8dc2-f650ddf89977: new RaftServerImpl for group-3E9F918D17F1:[94645783-fc8b-4cc0-8dc2-f650ddf89977:192.168.157.200:43349, b500fd20-cf57-471d-b9c7-5213c4722a40:192.168.157.200:39316, c599f64d-1569-429a-bb2e-93adf70cd479:192.168.157.200:35945] with ContainerStateMachine:uninitialized
2019-11-18 20:31:53,511 [pool-37-thread-1] INFO  server.RaftServerConfigKeys (ConfUtils.java:logGet(43)) - raft.server.log.corruption.policy = EXCEPTION (default)
2019-11-18 20:31:53,511 [pool-47-thread-1] INFO  server.RaftServerConfigKeys (ConfUtils.java:logGet(43)) - raft.server.rpc.timeout.min = 5s (custom)
2019-11-18 20:31:53,511 [pool-37-thread-1] INFO  storage.RaftStorageDirectory (RaftStorageDirectory.java:analyzeStorage(246)) - The storage directory /workdir/hadoop-ozone/tools/target/test-dir/MiniOzoneClusterImpl-9fba51d2-8262-4f75-a70c-39cbbda2bfee/datanode-1/data/ratis/6e21ff04-0c24-4273-b914-3e9f918d17f1 does not exist. Creating ...
2019-11-18 20:31:53,511 [pool-47-thread-1] INFO  server.RaftServerConfigKeys (ConfUtils.java:logGet(43)) - raft.server.rpc.timeout.max = 5200ms (custom)
2019-11-18 20:31:53,511 [pool-47-thread-1] INFO  server.RaftServerConfigKeys (ConfUtils.java:logGet(43)) - raft.server.rpcslowness.timeout = 120s (custom)
2019-11-18 20:31:53,511 [pool-27-thread-1] INFO  impl.RaftServerImpl (RaftServerImpl.java:<init>(98)) - c599f64d-1569-429a-bb2e-93adf70cd479: new RaftServerImpl for group-3E9F918D17F1:[94645783-fc8b-4cc0-8dc2-f650ddf89977:192.168.157.200:43349, b500fd20-cf57-471d-b9c7-5213c4722a40:192.168.157.200:39316, c599f64d-1569-429a-bb2e-93adf70cd479:192.168.157.200:35945] with ContainerStateMachine:uninitialized
2019-11-18 20:31:53,512 [pool-47-thread-1] INFO  server.RaftServerConfigKeys (ConfUtils.java:logGet(43)) - raft.server.sleep.deviation.threshold = 300 (default)
2019-11-18 20:31:53,512 [pool-27-thread-1] INFO  server.RaftServerConfigKeys (ConfUtils.java:logGet(43)) - raft.server.rpc.timeout.min = 5s (custom)
2019-11-18 20:31:53,512 [pool-47-thread-1] INFO  server.RaftServerConfigKeys (ConfUtils.java:logGet(43)) - raft.server.log.appender.install.snapshot.enabled = false (custom)
2019-11-18 20:31:53,512 [pool-27-thread-1] INFO  server.RaftServerConfigKeys (ConfUtils.java:logGet(43)) - raft.server.rpc.timeout.max = 5200ms (custom)
2019-11-18 20:31:53,512 [pool-47-thread-1] INFO  impl.RaftServerImpl (ServerState.java:<init>(103)) - 94645783-fc8b-4cc0-8dc2-f650ddf89977@group-3E9F918D17F1: ConfigurationManager, init=-1: [94645783-fc8b-4cc0-8dc2-f650ddf89977:192.168.157.200:43349, b500fd20-cf57-471d-b9c7-5213c4722a40:192.168.157.200:39316, c599f64d-1569-429a-bb2e-93adf70cd479:192.168.157.200:35945], old=null, confs=<EMPTY_MAP>
2019-11-18 20:31:53,512 [pool-27-thread-1] INFO  server.RaftServerConfigKeys (ConfUtils.java:logGet(43)) - raft.server.rpcslowness.timeout = 120s (custom)
2019-11-18 20:31:53,513 [pool-27-thread-1] INFO  server.RaftServerConfigKeys (ConfUtils.java:logGet(43)) - raft.server.sleep.deviation.threshold = 300 (default)
2019-11-18 20:31:53,513 [pool-47-thread-1] INFO  server.RaftServerConfigKeys (ConfUtils.java:logGet(43)) - raft.server.storage.dir = [/workdir/hadoop-ozone/tools/target/test-dir/MiniOzoneClusterImpl-9fba51d2-8262-4f75-a70c-39cbbda2bfee/datanode-2/data/ratis] (custom)
2019-11-18 20:31:53,513 [pool-27-thread-1] INFO  server.RaftServerConfigKeys (ConfUtils.java:logGet(43)) - raft.server.log.appender.install.snapshot.enabled = false (custom)
2019-11-18 20:31:53,513 [pool-27-thread-1] INFO  impl.RaftServerImpl (ServerState.java:<init>(103)) - c599f64d-1569-429a-bb2e-93adf70cd479@group-3E9F918D17F1: ConfigurationManager, init=-1: [94645783-fc8b-4cc0-8dc2-f650ddf89977:192.168.157.200:43349, b500fd20-cf57-471d-b9c7-5213c4722a40:192.168.157.200:39316, c599f64d-1569-429a-bb2e-93adf70cd479:192.168.157.200:35945], old=null, confs=<EMPTY_MAP>
2019-11-18 20:31:53,513 [pool-47-thread-1] INFO  server.RaftServerConfigKeys (ConfUtils.java:logGet(43)) - raft.server.log.corruption.policy = EXCEPTION (default)
2019-11-18 20:31:53,513 [pool-27-thread-1] INFO  server.RaftServerConfigKeys (ConfUtils.java:logGet(43)) - raft.server.storage.dir = [/workdir/hadoop-ozone/tools/target/test-dir/MiniOzoneClusterImpl-9fba51d2-8262-4f75-a70c-39cbbda2bfee/datanode-0/data/ratis] (custom)
2019-11-18 20:31:53,513 [pool-47-thread-1] INFO  storage.RaftStorageDirectory (RaftStorageDirectory.java:analyzeStorage(246)) - The storage directory /workdir/hadoop-ozone/tools/target/test-dir/MiniOzoneClusterImpl-9fba51d2-8262-4f75-a70c-39cbbda2bfee/datanode-2/data/ratis/6e21ff04-0c24-4273-b914-3e9f918d17f1 does not exist. Creating ...
2019-11-18 20:31:53,513 [pool-27-thread-1] INFO  server.RaftServerConfigKeys (ConfUtils.java:logGet(43)) - raft.server.log.corruption.policy = EXCEPTION (default)
2019-11-18 20:31:53,514 [pool-27-thread-1] INFO  storage.RaftStorageDirectory (RaftStorageDirectory.java:analyzeStorage(246)) - The storage directory /workdir/hadoop-ozone/tools/target/test-dir/MiniOzoneClusterImpl-9fba51d2-8262-4f75-a70c-39cbbda2bfee/datanode-0/data/ratis/6e21ff04-0c24-4273-b914-3e9f918d17f1 does not exist. Creating ...
2019-11-18 20:31:53,525 [pool-47-thread-1] INFO  storage.RaftStorageDirectory (RaftStorageDirectory.java:tryLock(328)) - Lock on /workdir/hadoop-ozone/tools/target/test-dir/MiniOzoneClusterImpl-9fba51d2-8262-4f75-a70c-39cbbda2bfee/datanode-2/data/ratis/6e21ff04-0c24-4273-b914-3e9f918d17f1/in_use.lock acquired by nodename 20020@pr-hdds-2514-unusedmethodparam-bwdv4-1743785533
2019-11-18 20:31:53,525 [pool-37-thread-1] INFO  storage.RaftStorageDirectory (RaftStorageDirectory.java:tryLock(328)) - Lock on /workdir/hadoop-ozone/tools/target/test-dir/MiniOzoneClusterImpl-9fba51d2-8262-4f75-a70c-39cbbda2bfee/datanode-1/data/ratis/6e21ff04-0c24-4273-b914-3e9f918d17f1/in_use.lock acquired by nodename 20020@pr-hdds-2514-unusedmethodparam-bwdv4-1743785533
2019-11-18 20:31:53,525 [pool-27-thread-1] INFO  storage.RaftStorageDirectory (RaftStorageDirectory.java:tryLock(328)) - Lock on /workdir/hadoop-ozone/tools/target/test-dir/MiniOzoneClusterImpl-9fba51d2-8262-4f75-a70c-39cbbda2bfee/datanode-0/data/ratis/6e21ff04-0c24-4273-b914-3e9f918d17f1/in_use.lock acquired by nodename 20020@pr-hdds-2514-unusedmethodparam-bwdv4-1743785533
2019-11-18 20:31:53,539 [pool-27-thread-1] INFO  storage.RaftStorage (RaftStorage.java:format(84)) - Storage directory /workdir/hadoop-ozone/tools/target/test-dir/MiniOzoneClusterImpl-9fba51d2-8262-4f75-a70c-39cbbda2bfee/datanode-0/data/ratis/6e21ff04-0c24-4273-b914-3e9f918d17f1 has been successfully formatted.
2019-11-18 20:31:53,540 [pool-37-thread-1] INFO  storage.RaftStorage (RaftStorage.java:format(84)) - Storage directory /workdir/hadoop-ozone/tools/target/test-dir/MiniOzoneClusterImpl-9fba51d2-8262-4f75-a70c-39cbbda2bfee/datanode-1/data/ratis/6e21ff04-0c24-4273-b914-3e9f918d17f1 has been successfully formatted.
2019-11-18 20:31:53,540 [pool-47-thread-1] INFO  storage.RaftStorage (RaftStorage.java:format(84)) - Storage directory /workdir/hadoop-ozone/tools/target/test-dir/MiniOzoneClusterImpl-9fba51d2-8262-4f75-a70c-39cbbda2bfee/datanode-2/data/ratis/6e21ff04-0c24-4273-b914-3e9f918d17f1 has been successfully formatted.
2019-11-18 20:31:53,540 [pool-27-thread-1] INFO  ratis.ContainerStateMachine (ContainerStateMachine.java:loadSnapshot(223)) - group-3E9F918D17F1: The snapshot info is null. Setting the last applied indexto:(t:0, i:~)
2019-11-18 20:31:53,540 [pool-37-thread-1] INFO  ratis.ContainerStateMachine (ContainerStateMachine.java:loadSnapshot(223)) - group-3E9F918D17F1: The snapshot info is null. Setting the last applied indexto:(t:0, i:~)
2019-11-18 20:31:53,540 [pool-27-thread-1] INFO  server.RaftServerConfigKeys (ConfUtils.java:logGet(43)) - raft.server.notification.no-leader.timeout = 120s (custom)
2019-11-18 20:31:53,540 [pool-47-thread-1] INFO  ratis.ContainerStateMachine (ContainerStateMachine.java:loadSnapshot(223)) - group-3E9F918D17F1: The snapshot info is null. Setting the last applied indexto:(t:0, i:~)
2019-11-18 20:31:53,540 [pool-27-thread-1] INFO  server.RaftServerConfigKeys (ConfUtils.java:logGet(43)) - raft.server.log.use.memory = false (default)
2019-11-18 20:31:53,540 [pool-37-thread-1] INFO  server.RaftServerConfigKeys (ConfUtils.java:logGet(43)) - raft.server.notification.no-leader.timeout = 120s (custom)
2019-11-18 20:31:53,541 [pool-27-thread-1] INFO  server.RaftServerConfigKeys (ConfUtils.java:logGet(43)) - raft.server.log.purge.gap = 1000000 (custom)
2019-11-18 20:31:53,540 [pool-47-thread-1] INFO  server.RaftServerConfigKeys (ConfUtils.java:logGet(43)) - raft.server.notification.no-leader.timeout = 120s (custom)
2019-11-18 20:31:53,541 [pool-27-thread-1] INFO  server.RaftServerConfigKeys (ConfUtils.java:logGet(43)) - raft.server.log.appender.buffer.byte-limit = 33554432 (custom)
2019-11-18 20:31:53,541 [pool-37-thread-1] INFO  server.RaftServerConfigKeys (ConfUtils.java:logGet(43)) - raft.server.log.use.memory = false (default)
2019-11-18 20:31:53,541 [pool-27-thread-1] INFO  server.RaftServerConfigKeys (ConfUtils.java:logGet(43)) - raft.server.log.segment.size.max = 1048576 (custom)
2019-11-18 20:31:53,541 [pool-47-thread-1] INFO  server.RaftServerConfigKeys (ConfUtils.java:logGet(43)) - raft.server.log.use.memory = false (default)
2019-11-18 20:31:53,541 [pool-27-thread-1] INFO  server.RaftServerConfigKeys (ConfUtils.java:logGet(43)) - raft.server.log.segment.cache.num.max = 2 (custom)
2019-11-18 20:31:53,541 [pool-37-thread-1] INFO  server.RaftServerConfigKeys (ConfUtils.java:logGet(43)) - raft.server.log.purge.gap = 1000000 (custom)
2019-11-18 20:31:53,541 [pool-27-thread-1] INFO  segmented.SegmentedRaftLogWorker (SegmentedRaftLogWorker.java:<init>(173)) - new c599f64d-1569-429a-bb2e-93adf70cd479@group-3E9F918D17F1-SegmentedRaftLogWorker for RaftStorage:Storage Directory /workdir/hadoop-ozone/tools/target/test-dir/MiniOzoneClusterImpl-9fba51d2-8262-4f75-a70c-39cbbda2bfee/datanode-0/data/ratis/6e21ff04-0c24-4273-b914-3e9f918d17f1
2019-11-18 20:31:53,541 [pool-47-thread-1] INFO  server.RaftServerConfigKeys (ConfUtils.java:logGet(43)) - raft.server.log.purge.gap = 1000000 (custom)
2019-11-18 20:31:53,542 [pool-27-thread-1] INFO  server.RaftServerConfigKeys (ConfUtils.java:logGet(43)) - raft.server.log.queue.byte-limit = 2147483647 (custom)
2019-11-18 20:31:53,542 [pool-37-thread-1] INFO  server.RaftServerConfigKeys (ConfUtils.java:logGet(43)) - raft.server.log.appender.buffer.byte-limit = 33554432 (custom)
2019-11-18 20:31:53,542 [pool-27-thread-1] INFO  server.RaftServerConfigKeys (ConfUtils.java:logGet(43)) - raft.server.log.queue.element-limit = 1024 (custom)
2019-11-18 20:31:53,542 [pool-47-thread-1] INFO  server.RaftServerConfigKeys (ConfUtils.java:logGet(43)) - raft.server.log.appender.buffer.byte-limit = 33554432 (custom)
2019-11-18 20:31:53,542 [pool-27-thread-1] INFO  server.RaftServerConfigKeys (ConfUtils.java:logGet(43)) - raft.server.log.segment.size.max = 1048576 (custom)
2019-11-18 20:31:53,542 [pool-37-thread-1] INFO  server.RaftServerConfigKeys (ConfUtils.java:logGet(43)) - raft.server.log.segment.size.max = 1048576 (custom)
2019-11-18 20:31:53,542 [pool-27-thread-1] INFO  server.RaftServerConfigKeys (ConfUtils.java:logGet(43)) - raft.server.log.preallocated.size = 16384 (custom)
2019-11-18 20:31:53,542 [pool-47-thread-1] INFO  server.RaftServerConfigKeys (ConfUtils.java:logGet(43)) - raft.server.log.segment.size.max = 1048576 (custom)
2019-11-18 20:31:53,543 [pool-27-thread-1] INFO  server.RaftServerConfigKeys (ConfUtils.java:logGet(43)) - raft.server.log.write.buffer.size = 33554432 (custom)
2019-11-18 20:31:53,542 [pool-37-thread-1] INFO  server.RaftServerConfigKeys (ConfUtils.java:logGet(43)) - raft.server.log.segment.cache.num.max = 2 (custom)
2019-11-18 20:31:53,543 [pool-27-thread-1] INFO  server.RaftServerConfigKeys (ConfUtils.java:logGet(43)) - raft.server.log.force.sync.num = 128 (default)
2019-11-18 20:31:53,543 [pool-47-thread-1] INFO  server.RaftServerConfigKeys (ConfUtils.java:logGet(43)) - raft.server.log.segment.cache.num.max = 2 (custom)
2019-11-18 20:31:53,543 [pool-27-thread-1] INFO  server.RaftServerConfigKeys (ConfUtils.java:logGet(43)) - raft.server.log.statemachine.data.sync = true (default)
2019-11-18 20:31:53,543 [pool-37-thread-1] INFO  segmented.SegmentedRaftLogWorker (SegmentedRaftLogWorker.java:<init>(173)) - new b500fd20-cf57-471d-b9c7-5213c4722a40@group-3E9F918D17F1-SegmentedRaftLogWorker for RaftStorage:Storage Directory /workdir/hadoop-ozone/tools/target/test-dir/MiniOzoneClusterImpl-9fba51d2-8262-4f75-a70c-39cbbda2bfee/datanode-1/data/ratis/6e21ff04-0c24-4273-b914-3e9f918d17f1
2019-11-18 20:31:53,543 [pool-27-thread-1] INFO  server.RaftServerConfigKeys (ConfUtils.java:logGet(43)) - raft.server.log.statemachine.data.sync.timeout = 10s (default)
2019-11-18 20:31:53,543 [pool-47-thread-1] INFO  segmented.SegmentedRaftLogWorker (SegmentedRaftLogWorker.java:<init>(173)) - new 94645783-fc8b-4cc0-8dc2-f650ddf89977@group-3E9F918D17F1-SegmentedRaftLogWorker for RaftStorage:Storage Directory /workdir/hadoop-ozone/tools/target/test-dir/MiniOzoneClusterImpl-9fba51d2-8262-4f75-a70c-39cbbda2bfee/datanode-2/data/ratis/6e21ff04-0c24-4273-b914-3e9f918d17f1
2019-11-18 20:31:53,544 [pool-27-thread-1] INFO  server.RaftServerConfigKeys (ConfUtils.java:logGet(43)) - raft.server.log.statemachine.data.sync.timeout.retry = -1 (default)
2019-11-18 20:31:53,543 [pool-37-thread-1] INFO  server.RaftServerConfigKeys (ConfUtils.java:logGet(43)) - raft.server.log.queue.byte-limit = 2147483647 (custom)
2019-11-18 20:31:53,544 [pool-47-thread-1] INFO  server.RaftServerConfigKeys (ConfUtils.java:logGet(43)) - raft.server.log.queue.byte-limit = 2147483647 (custom)
2019-11-18 20:31:53,544 [pool-37-thread-1] INFO  server.RaftServerConfigKeys (ConfUtils.java:logGet(43)) - raft.server.log.queue.element-limit = 1024 (custom)
2019-11-18 20:31:53,544 [pool-27-thread-1] INFO  server.RaftServerConfigKeys (ConfUtils.java:logGet(43)) - raft.server.log.statemachine.data.caching.enabled = true (custom)
2019-11-18 20:31:53,544 [pool-37-thread-1] INFO  server.RaftServerConfigKeys (ConfUtils.java:logGet(43)) - raft.server.log.segment.size.max = 1048576 (custom)
2019-11-18 20:31:53,544 [pool-47-thread-1] INFO  server.RaftServerConfigKeys (ConfUtils.java:logGet(43)) - raft.server.log.queue.element-limit = 1024 (custom)
2019-11-18 20:31:53,544 [pool-27-thread-1] INFO  segmented.SegmentedRaftLogWorker (SegmentedRaftLogWorker.java:lambda$new$0(128)) - c599f64d-1569-429a-bb2e-93adf70cd479@group-3E9F918D17F1-SegmentedRaftLogWorker: flushIndex: setUnconditionally 0 -> -1
2019-11-18 20:31:53,544 [pool-37-thread-1] INFO  server.RaftServerConfigKeys (ConfUtils.java:logGet(43)) - raft.server.log.preallocated.size = 16384 (custom)
2019-11-18 20:31:53,544 [pool-47-thread-1] INFO  server.RaftServerConfigKeys (ConfUtils.java:logGet(43)) - raft.server.log.segment.size.max = 1048576 (custom)
2019-11-18 20:31:53,545 [pool-27-thread-1] INFO  server.RaftServerConfigKeys (ConfUtils.java:logGet(43)) - raft.server.snapshot.auto.trigger.enabled = true (custom)
2019-11-18 20:31:53,545 [pool-37-thread-1] INFO  server.RaftServerConfigKeys (ConfUtils.java:logGet(43)) - raft.server.log.write.buffer.size = 33554432 (custom)
2019-11-18 20:31:53,545 [pool-27-thread-1] INFO  server.RaftServerConfigKeys (ConfUtils.java:logGet(43)) - raft.server.snapshot.auto.trigger.threshold = 10000 (custom)
2019-11-18 20:31:53,545 [pool-27-thread-1] INFO  server.RaftServerConfigKeys (ConfUtils.java:logGet(43)) - raft.server.snapshot.retention.file.num = 5 (custom)
2019-11-18 20:31:53,545 [pool-47-thread-1] INFO  server.RaftServerConfigKeys (ConfUtils.java:logGet(43)) - raft.server.log.preallocated.size = 16384 (custom)
2019-11-18 20:31:53,545 [pool-27-thread-1] INFO  server.RaftServerConfigKeys (ConfUtils.java:logGet(43)) - raft.server.retrycache.expirytime = 600000ms (custom)
2019-11-18 20:31:53,545 [pool-37-thread-1] INFO  server.RaftServerConfigKeys (ConfUtils.java:logGet(43)) - raft.server.log.force.sync.num = 128 (default)
2019-11-18 20:31:53,546 [pool-27-thread-1] WARN  impl.MetricRegistriesImpl (MetricRegistriesImpl.java:lambda$create$1(61)) - First MetricRegistry has been created without registering reporters. You may need to call MetricRegistries.global().addReportRegistration(...) before.
2019-11-18 20:31:53,545 [pool-47-thread-1] INFO  server.RaftServerConfigKeys (ConfUtils.java:logGet(43)) - raft.server.log.write.buffer.size = 33554432 (custom)
2019-11-18 20:31:53,546 [pool-27-thread-1] WARN  impl.MetricRegistriesImpl (MetricRegistriesImpl.java:lambda$create$1(61)) - First MetricRegistry has been created without registering reporters. You may need to call MetricRegistries.global().addReportRegistration(...) before.
2019-11-18 20:31:53,546 [pool-37-thread-1] INFO  server.RaftServerConfigKeys (ConfUtils.java:logGet(43)) - raft.server.log.statemachine.data.sync = true (default)
2019-11-18 20:31:53,546 [pool-47-thread-1] INFO  server.RaftServerConfigKeys (ConfUtils.java:logGet(43)) - raft.server.log.force.sync.num = 128 (default)
2019-11-18 20:31:53,546 [pool-27-thread-1] INFO  impl.RaftServerImpl (RaftServerImpl.java:start(184)) - c599f64d-1569-429a-bb2e-93adf70cd479@group-3E9F918D17F1: start as a follower, conf=-1: [94645783-fc8b-4cc0-8dc2-f650ddf89977:192.168.157.200:43349, b500fd20-cf57-471d-b9c7-5213c4722a40:192.168.157.200:39316, c599f64d-1569-429a-bb2e-93adf70cd479:192.168.157.200:35945], old=null
2019-11-18 20:31:53,546 [pool-37-thread-1] INFO  server.RaftServerConfigKeys (ConfUtils.java:logGet(43)) - raft.server.log.statemachine.data.sync.timeout = 10s (default)
2019-11-18 20:31:53,546 [pool-27-thread-1] INFO  impl.RaftServerImpl (RaftServerImpl.java:setRole(173)) - c599f64d-1569-429a-bb2e-93adf70cd479@group-3E9F918D17F1: changes role from      null to FOLLOWER at term 0 for startAsFollower
2019-11-18 20:31:53,546 [pool-47-thread-1] INFO  server.RaftServerConfigKeys (ConfUtils.java:logGet(43)) - raft.server.log.statemachine.data.sync = true (default)
2019-11-18 20:31:53,547 [pool-27-thread-1] INFO  impl.RoleInfo (RoleInfo.java:updateAndGet(143)) - c599f64d-1569-429a-bb2e-93adf70cd479: start FollowerState
2019-11-18 20:31:53,546 [pool-37-thread-1] INFO  server.RaftServerConfigKeys (ConfUtils.java:logGet(43)) - raft.server.log.statemachine.data.sync.timeout.retry = -1 (default)
2019-11-18 20:31:53,547 [pool-47-thread-1] INFO  server.RaftServerConfigKeys (ConfUtils.java:logGet(43)) - raft.server.log.statemachine.data.sync.timeout = 10s (default)
2019-11-18 20:31:53,547 [pool-47-thread-1] INFO  server.RaftServerConfigKeys (ConfUtils.java:logGet(43)) - raft.server.log.statemachine.data.sync.timeout.retry = -1 (default)
2019-11-18 20:31:53,547 [pool-27-thread-1] INFO  util.JmxRegister (JmxRegister.java:tryRegister(44)) - Successfully registered JMX Bean with object name Ratis:service=RaftServer,group=group-3E9F918D17F1,id=c599f64d-1569-429a-bb2e-93adf70cd479
2019-11-18 20:31:53,547 [pool-37-thread-1] INFO  server.RaftServerConfigKeys (ConfUtils.java:logGet(43)) - raft.server.log.statemachine.data.caching.enabled = true (custom)
2019-11-18 20:31:53,547 [pool-47-thread-1] INFO  server.RaftServerConfigKeys (ConfUtils.java:logGet(43)) - raft.server.log.statemachine.data.caching.enabled = true (custom)
2019-11-18 20:31:53,547 [pool-27-thread-1] WARN  impl.MetricRegistriesImpl (MetricRegistriesImpl.java:lambda$create$1(61)) - First MetricRegistry has been created without registering reporters. You may need to call MetricRegistries.global().addReportRegistration(...) before.
2019-11-18 20:31:53,548 [pool-37-thread-1] INFO  segmented.SegmentedRaftLogWorker (SegmentedRaftLogWorker.java:lambda$new$0(128)) - b500fd20-cf57-471d-b9c7-5213c4722a40@group-3E9F918D17F1-SegmentedRaftLogWorker: flushIndex: setUnconditionally 0 -> -1
2019-11-18 20:31:53,548 [pool-47-thread-1] INFO  segmented.SegmentedRaftLogWorker (SegmentedRaftLogWorker.java:lambda$new$0(128)) - 94645783-fc8b-4cc0-8dc2-f650ddf89977@group-3E9F918D17F1-SegmentedRaftLogWorker: flushIndex: setUnconditionally 0 -> -1
2019-11-18 20:31:53,548 [pool-37-thread-1] INFO  server.RaftServerConfigKeys (ConfUtils.java:logGet(43)) - raft.server.snapshot.auto.trigger.enabled = true (custom)
2019-11-18 20:31:53,548 [pool-47-thread-1] INFO  server.RaftServerConfigKeys (ConfUtils.java:logGet(43)) - raft.server.snapshot.auto.trigger.enabled = true (custom)
2019-11-18 20:31:53,548 [pool-37-thread-1] INFO  server.RaftServerConfigKeys (ConfUtils.java:logGet(43)) - raft.server.snapshot.auto.trigger.threshold = 10000 (custom)
2019-11-18 20:31:53,548 [pool-47-thread-1] INFO  server.RaftServerConfigKeys (ConfUtils.java:logGet(43)) - raft.server.snapshot.auto.trigger.threshold = 10000 (custom)
2019-11-18 20:31:53,548 [pool-37-thread-1] INFO  server.RaftServerConfigKeys (ConfUtils.java:logGet(43)) - raft.server.snapshot.retention.file.num = 5 (custom)
2019-11-18 20:31:53,548 [pool-47-thread-1] INFO  server.RaftServerConfigKeys (ConfUtils.java:logGet(43)) - raft.server.snapshot.retention.file.num = 5 (custom)
2019-11-18 20:31:53,548 [pool-37-thread-1] INFO  server.RaftServerConfigKeys (ConfUtils.java:logGet(43)) - raft.server.retrycache.expirytime = 600000ms (custom)
2019-11-18 20:31:53,549 [pool-47-thread-1] INFO  server.RaftServerConfigKeys (ConfUtils.java:logGet(43)) - raft.server.retrycache.expirytime = 600000ms (custom)
2019-11-18 20:31:53,549 [pool-37-thread-1] WARN  impl.MetricRegistriesImpl (MetricRegistriesImpl.java:lambda$create$1(61)) - First MetricRegistry has been created without registering reporters. You may need to call MetricRegistries.global().addReportRegistration(...) before.
2019-11-18 20:31:53,549 [pool-47-thread-1] WARN  impl.MetricRegistriesImpl (MetricRegistriesImpl.java:lambda$create$1(61)) - First MetricRegistry has been created without registering reporters. You may need to call MetricRegistries.global().addReportRegistration(...) before.
2019-11-18 20:31:53,549 [pool-37-thread-1] WARN  impl.MetricRegistriesImpl (MetricRegistriesImpl.java:lambda$create$1(61)) - First MetricRegistry has been created without registering reporters. You may need to call MetricRegistries.global().addReportRegistration(...) before.
2019-11-18 20:31:53,550 [pool-47-thread-1] WARN  impl.MetricRegistriesImpl (MetricRegistriesImpl.java:lambda$create$1(61)) - First MetricRegistry has been created without registering reporters. You may need to call MetricRegistries.global().addReportRegistration(...) before.
2019-11-18 20:31:53,550 [pool-37-thread-1] INFO  impl.RaftServerImpl (RaftServerImpl.java:start(184)) - b500fd20-cf57-471d-b9c7-5213c4722a40@group-3E9F918D17F1: start as a follower, conf=-1: [94645783-fc8b-4cc0-8dc2-f650ddf89977:192.168.157.200:43349, b500fd20-cf57-471d-b9c7-5213c4722a40:192.168.157.200:39316, c599f64d-1569-429a-bb2e-93adf70cd479:192.168.157.200:35945], old=null
2019-11-18 20:31:53,550 [pool-47-thread-1] INFO  impl.RaftServerImpl (RaftServerImpl.java:start(184)) - 94645783-fc8b-4cc0-8dc2-f650ddf89977@group-3E9F918D17F1: start as a follower, conf=-1: [94645783-fc8b-4cc0-8dc2-f650ddf89977:192.168.157.200:43349, b500fd20-cf57-471d-b9c7-5213c4722a40:192.168.157.200:39316, c599f64d-1569-429a-bb2e-93adf70cd479:192.168.157.200:35945], old=null
2019-11-18 20:31:53,550 [pool-37-thread-1] INFO  impl.RaftServerImpl (RaftServerImpl.java:setRole(173)) - b500fd20-cf57-471d-b9c7-5213c4722a40@group-3E9F918D17F1: changes role from      null to FOLLOWER at term 0 for startAsFollower
2019-11-18 20:31:53,550 [pool-47-thread-1] INFO  impl.RaftServerImpl (RaftServerImpl.java:setRole(173)) - 94645783-fc8b-4cc0-8dc2-f650ddf89977@group-3E9F918D17F1: changes role from      null to FOLLOWER at term 0 for startAsFollower
2019-11-18 20:31:53,550 [pool-37-thread-1] INFO  impl.RoleInfo (RoleInfo.java:updateAndGet(143)) - b500fd20-cf57-471d-b9c7-5213c4722a40: start FollowerState
2019-11-18 20:31:53,550 [pool-47-thread-1] INFO  impl.RoleInfo (RoleInfo.java:updateAndGet(143)) - 94645783-fc8b-4cc0-8dc2-f650ddf89977: start FollowerState
2019-11-18 20:31:53,551 [pool-37-thread-1] INFO  util.JmxRegister (JmxRegister.java:tryRegister(44)) - Successfully registered JMX Bean with object name Ratis:service=RaftServer,group=group-3E9F918D17F1,id=b500fd20-cf57-471d-b9c7-5213c4722a40
2019-11-18 20:31:53,551 [pool-47-thread-1] INFO  util.JmxRegister (JmxRegister.java:tryRegister(44)) - Successfully registered JMX Bean with object name Ratis:service=RaftServer,group=group-3E9F918D17F1,id=94645783-fc8b-4cc0-8dc2-f650ddf89977
2019-11-18 20:31:53,551 [pool-37-thread-1] WARN  impl.MetricRegistriesImpl (MetricRegistriesImpl.java:lambda$create$1(61)) - First MetricRegistry has been created without registering reporters. You may need to call MetricRegistries.global().addReportRegistration(...) before.
2019-11-18 20:31:53,551 [pool-47-thread-1] WARN  impl.MetricRegistriesImpl (MetricRegistriesImpl.java:lambda$create$1(61)) - First MetricRegistry has been created without registering reporters. You may need to call MetricRegistries.global().addReportRegistration(...) before.
2019-11-18 20:31:53,556 [RatisPipelineUtilsThread] INFO  pipeline.PipelineStateManager (PipelineStateManager.java:addPipeline(55)) - Created pipeline Pipeline[ Id: 6e21ff04-0c24-4273-b914-3e9f918d17f1, Nodes: c599f64d-1569-429a-bb2e-93adf70cd479{ip: 192.168.157.200, host: pr-hdds-2514-unusedmethodparam-bwdv4-1743785533, networkLocation: /default-rack, certSerialId: null}94645783-fc8b-4cc0-8dc2-f650ddf89977{ip: 192.168.157.200, host: pr-hdds-2514-unusedmethodparam-bwdv4-1743785533, networkLocation: /default-rack, certSerialId: null}b500fd20-cf57-471d-b9c7-5213c4722a40{ip: 192.168.157.200, host: pr-hdds-2514-unusedmethodparam-bwdv4-1743785533, networkLocation: /default-rack, certSerialId: null}, Type:RATIS, Factor:THREE, State:ALLOCATED]
2019-11-18 20:31:53,594 [main] INFO  freon.RandomKeyGenerator (RandomKeyGenerator.java:call(283)) - Number of Threads: 10
2019-11-18 20:31:53,595 [main] INFO  freon.RandomKeyGenerator (RandomKeyGenerator.java:call(288)) - Number of Volumes: 1.
2019-11-18 20:31:53,595 [main] INFO  freon.RandomKeyGenerator (RandomKeyGenerator.java:call(289)) - Number of Buckets per Volume: 1.
2019-11-18 20:31:53,595 [main] INFO  freon.RandomKeyGenerator (RandomKeyGenerator.java:call(290)) - Number of Keys per Bucket: 1.
2019-11-18 20:31:53,595 [main] INFO  freon.RandomKeyGenerator (RandomKeyGenerator.java:call(291)) - Key size: 20971520 bytes
2019-11-18 20:31:53,595 [main] INFO  freon.RandomKeyGenerator (RandomKeyGenerator.java:call(292)) - Buffer size: 4096 bytes
2019-11-18 20:31:53,595 [main] INFO  freon.RandomKeyGenerator (RandomKeyGenerator.java:call(293)) - validateWrites : true
2019-11-18 20:31:53,596 [pool-59-thread-1] INFO  rpc.RpcClient (RpcClient.java:createVolume(292)) - Creating Volume: vol-0-54045, with jenkins1000 as owner.
2019-11-18 20:31:53,597 [main] INFO  freon.RandomKeyGenerator (RandomKeyGenerator.java:call(307)) - Data validation is enabled.
2019-11-18 20:31:53,597 [main] INFO  freon.RandomKeyGenerator (RandomKeyGenerator.java:call(313)) - Starting progress bar Thread.

 0.00% |?                                                                                                    |  0/1 Time: 0:00:002019-11-18 20:31:53,600 [IPC Server handler 5 on 42893] INFO  volume.OMVolumeCreateRequest (OMVolumeCreateRequest.java:validateAndUpdateCache(193)) - created volume:vol-0-54045 for user:jenkins1000
2019-11-18 20:31:53,629 [pool-59-thread-2] INFO  rpc.RpcClient (RpcClient.java:createBucket(431)) - Creating Bucket: vol-0-54045/bucket-0-86719, with Versioning false and Storage Type set to DISK and Encryption set to false 
2019-11-18 20:31:53,654 [IPC Server handler 0 on 45559] WARN  block.BlockManagerImpl (BlockManagerImpl.java:allocateBlock(200)) - Pipeline creation failed for type:RATIS factor:THREE. Retrying get pipelines call once.
org.apache.hadoop.hdds.scm.pipeline.InsufficientDatanodesException: Cannot create pipeline of factor 3 using 0 nodes.
	at org.apache.hadoop.hdds.scm.pipeline.RatisPipelineProvider.create(RatisPipelineProvider.java:153)
	at org.apache.hadoop.hdds.scm.pipeline.PipelineFactory.create(PipelineFactory.java:58)
	at org.apache.hadoop.hdds.scm.pipeline.SCMPipelineManager.createPipeline(SCMPipelineManager.java:155)
	at org.apache.hadoop.hdds.scm.block.BlockManagerImpl.allocateBlock(BlockManagerImpl.java:198)
	at org.apache.hadoop.hdds.scm.server.SCMBlockProtocolServer.allocateBlock(SCMBlockProtocolServer.java:187)
	at org.apache.hadoop.hdds.scm.protocol.ScmBlockLocationProtocolServerSideTranslatorPB.allocateScmBlock(ScmBlockLocationProtocolServerSideTranslatorPB.java:159)
	at org.apache.hadoop.hdds.scm.protocol.ScmBlockLocationProtocolServerSideTranslatorPB.processMessage(ScmBlockLocationProtocolServerSideTranslatorPB.java:117)
	at org.apache.hadoop.hdds.server.OzoneProtocolMessageDispatcher.processRequest(OzoneProtocolMessageDispatcher.java:72)
	at org.apache.hadoop.hdds.scm.protocol.ScmBlockLocationProtocolServerSideTranslatorPB.send(ScmBlockLocationProtocolServerSideTranslatorPB.java:98)
	at org.apache.hadoop.hdds.protocol.proto.ScmBlockLocationProtocolProtos$ScmBlockLocationProtocolService$2.callBlockingMethod(ScmBlockLocationProtocolProtos.java:13157)
	at org.apache.hadoop.ipc.ProtobufRpcEngine$Server$ProtoBufRpcInvoker.call(ProtobufRpcEngine.java:524)
	at org.apache.hadoop.ipc.RPC$Server.call(RPC.java:1025)
	at org.apache.hadoop.ipc.Server$RpcCall.run(Server.java:876)
	at org.apache.hadoop.ipc.Server$RpcCall.run(Server.java:822)
	at java.security.AccessController.doPrivileged(Native Method)
	at javax.security.auth.Subject.doAs(Subject.java:422)
	at org.apache.hadoop.security.UserGroupInformation.doAs(UserGroupInformation.java:1730)
	at org.apache.hadoop.ipc.Server$Handler.run(Server.java:2682)
2019-11-18 20:31:53,656 [IPC Server handler 0 on 45559] INFO  block.BlockManagerImpl (BlockManagerImpl.java:allocateBlock(212)) - Could not find available pipeline of type:RATIS and factor:THREE even after retrying
2019-11-18 20:31:53,657 [IPC Server handler 0 on 45559] ERROR block.BlockManagerImpl (BlockManagerImpl.java:allocateBlock(236)) - Unable to allocate a block for the size: 4194304, type: RATIS, factor: THREE
2019-11-18 20:31:53,660 [IPC Server handler 0 on 45559] WARN  block.BlockManagerImpl (BlockManagerImpl.java:allocateBlock(200)) - Pipeline creation failed for type:RATIS factor:THREE. Retrying get pipelines call once.
org.apache.hadoop.hdds.scm.pipeline.InsufficientDatanodesException: Cannot create pipeline of factor 3 using 0 nodes.
	at org.apache.hadoop.hdds.scm.pipeline.RatisPipelineProvider.create(RatisPipelineProvider.java:153)
	at org.apache.hadoop.hdds.scm.pipeline.PipelineFactory.create(PipelineFactory.java:58)
	at org.apache.hadoop.hdds.scm.pipeline.SCMPipelineManager.createPipeline(SCMPipelineManager.java:155)
	at org.apache.hadoop.hdds.scm.block.BlockManagerImpl.allocateBlock(BlockManagerImpl.java:198)
	at org.apache.hadoop.hdds.scm.server.SCMBlockProtocolServer.allocateBlock(SCMBlockProtocolServer.java:187)
	at org.apache.hadoop.hdds.scm.protocol.ScmBlockLocationProtocolServerSideTranslatorPB.allocateScmBlock(ScmBlockLocationProtocolServerSideTranslatorPB.java:159)
	at org.apache.hadoop.hdds.scm.protocol.ScmBlockLocationProtocolServerSideTranslatorPB.processMessage(ScmBlockLocationProtocolServerSideTranslatorPB.java:117)
	at org.apache.hadoop.hdds.server.OzoneProtocolMessageDispatcher.processRequest(OzoneProtocolMessageDispatcher.java:72)
	at org.apache.hadoop.hdds.scm.protocol.ScmBlockLocationProtocolServerSideTranslatorPB.send(ScmBlockLocationProtocolServerSideTranslatorPB.java:98)
	at org.apache.hadoop.hdds.protocol.proto.ScmBlockLocationProtocolProtos$ScmBlockLocationProtocolService$2.callBlockingMethod(ScmBlockLocationProtocolProtos.java:13157)
	at org.apache.hadoop.ipc.ProtobufRpcEngine$Server$ProtoBufRpcInvoker.call(ProtobufRpcEngine.java:524)
	at org.apache.hadoop.ipc.RPC$Server.call(RPC.java:1025)
	at org.apache.hadoop.ipc.Server$RpcCall.run(Server.java:876)
	at org.apache.hadoop.ipc.Server$RpcCall.run(Server.java:822)
	at java.security.AccessController.doPrivileged(Native Method)
	at javax.security.auth.Subject.doAs(Subject.java:422)
	at org.apache.hadoop.security.UserGroupInformation.doAs(UserGroupInformation.java:1730)
	at org.apache.hadoop.ipc.Server$Handler.run(Server.java:2682)
2019-11-18 20:31:53,661 [IPC Server handler 0 on 45559] INFO  block.BlockManagerImpl (BlockManagerImpl.java:allocateBlock(212)) - Could not find available pipeline of type:RATIS and factor:THREE even after retrying
2019-11-18 20:31:53,661 [IPC Server handler 0 on 45559] ERROR block.BlockManagerImpl (BlockManagerImpl.java:allocateBlock(236)) - Unable to allocate a block for the size: 4194304, type: RATIS, factor: THREE
2019-11-18 20:31:53,662 [IPC Server handler 0 on 45559] WARN  block.BlockManagerImpl (BlockManagerImpl.java:allocateBlock(200)) - Pipeline creation failed for type:RATIS factor:THREE. Retrying get pipelines call once.
org.apache.hadoop.hdds.scm.pipeline.InsufficientDatanodesException: Cannot create pipeline of factor 3 using 0 nodes.
	at org.apache.hadoop.hdds.scm.pipeline.RatisPipelineProvider.create(RatisPipelineProvider.java:153)
	at org.apache.hadoop.hdds.scm.pipeline.PipelineFactory.create(PipelineFactory.java:58)
	at org.apache.hadoop.hdds.scm.pipeline.SCMPipelineManager.createPipeline(SCMPipelineManager.java:155)
	at org.apache.hadoop.hdds.scm.block.BlockManagerImpl.allocateBlock(BlockManagerImpl.java:198)
	at org.apache.hadoop.hdds.scm.server.SCMBlockProtocolServer.allocateBlock(SCMBlockProtocolServer.java:187)
	at org.apache.hadoop.hdds.scm.protocol.ScmBlockLocationProtocolServerSideTranslatorPB.allocateScmBlock(ScmBlockLocationProtocolServerSideTranslatorPB.java:159)
	at org.apache.hadoop.hdds.scm.protocol.ScmBlockLocationProtocolServerSideTranslatorPB.processMessage(ScmBlockLocationProtocolServerSideTranslatorPB.java:117)
	at org.apache.hadoop.hdds.server.OzoneProtocolMessageDispatcher.processRequest(OzoneProtocolMessageDispatcher.java:72)
	at org.apache.hadoop.hdds.scm.protocol.ScmBlockLocationProtocolServerSideTranslatorPB.send(ScmBlockLocationProtocolServerSideTranslatorPB.java:98)
	at org.apache.hadoop.hdds.protocol.proto.ScmBlockLocationProtocolProtos$ScmBlockLocationProtocolService$2.callBlockingMethod(ScmBlockLocationProtocolProtos.java:13157)
	at org.apache.hadoop.ipc.ProtobufRpcEngine$Server$ProtoBufRpcInvoker.call(ProtobufRpcEngine.java:524)
	at org.apache.hadoop.ipc.RPC$Server.call(RPC.java:1025)
	at org.apache.hadoop.ipc.Server$RpcCall.run(Server.java:876)
	at org.apache.hadoop.ipc.Server$RpcCall.run(Server.java:822)
	at java.security.AccessController.doPrivileged(Native Method)
	at javax.security.auth.Subject.doAs(Subject.java:422)
	at org.apache.hadoop.security.UserGroupInformation.doAs(UserGroupInformation.java:1730)
	at org.apache.hadoop.ipc.Server$Handler.run(Server.java:2682)
2019-11-18 20:31:53,663 [IPC Server handler 0 on 45559] INFO  block.BlockManagerImpl (BlockManagerImpl.java:allocateBlock(212)) - Could not find available pipeline of type:RATIS and factor:THREE even after retrying
2019-11-18 20:31:53,663 [IPC Server handler 0 on 45559] ERROR block.BlockManagerImpl (BlockManagerImpl.java:allocateBlock(236)) - Unable to allocate a block for the size: 4194304, type: RATIS, factor: THREE
2019-11-18 20:31:53,664 [IPC Server handler 0 on 45559] WARN  block.BlockManagerImpl (BlockManagerImpl.java:allocateBlock(200)) - Pipeline creation failed for type:RATIS factor:THREE. Retrying get pipelines call once.
org.apache.hadoop.hdds.scm.pipeline.InsufficientDatanodesException: Cannot create pipeline of factor 3 using 0 nodes.
	at org.apache.hadoop.hdds.scm.pipeline.RatisPipelineProvider.create(RatisPipelineProvider.java:153)
	at org.apache.hadoop.hdds.scm.pipeline.PipelineFactory.create(PipelineFactory.java:58)
	at org.apache.hadoop.hdds.scm.pipeline.SCMPipelineManager.createPipeline(SCMPipelineManager.java:155)
	at org.apache.hadoop.hdds.scm.block.BlockManagerImpl.allocateBlock(BlockManagerImpl.java:198)
	at org.apache.hadoop.hdds.scm.server.SCMBlockProtocolServer.allocateBlock(SCMBlockProtocolServer.java:187)
	at org.apache.hadoop.hdds.scm.protocol.ScmBlockLocationProtocolServerSideTranslatorPB.allocateScmBlock(ScmBlockLocationProtocolServerSideTranslatorPB.java:159)
	at org.apache.hadoop.hdds.scm.protocol.ScmBlockLocationProtocolServerSideTranslatorPB.processMessage(ScmBlockLocationProtocolServerSideTranslatorPB.java:117)
	at org.apache.hadoop.hdds.server.OzoneProtocolMessageDispatcher.processRequest(OzoneProtocolMessageDispatcher.java:72)
	at org.apache.hadoop.hdds.scm.protocol.ScmBlockLocationProtocolServerSideTranslatorPB.send(ScmBlockLocationProtocolServerSideTranslatorPB.java:98)
	at org.apache.hadoop.hdds.protocol.proto.ScmBlockLocationProtocolProtos$ScmBlockLocationProtocolService$2.callBlockingMethod(ScmBlockLocationProtocolProtos.java:13157)
	at org.apache.hadoop.ipc.ProtobufRpcEngine$Server$ProtoBufRpcInvoker.call(ProtobufRpcEngine.java:524)
	at org.apache.hadoop.ipc.RPC$Server.call(RPC.java:1025)
	at org.apache.hadoop.ipc.Server$RpcCall.run(Server.java:876)
	at org.apache.hadoop.ipc.Server$RpcCall.run(Server.java:822)
	at java.security.AccessController.doPrivileged(Native Method)
	at javax.security.auth.Subject.doAs(Subject.java:422)
	at org.apache.hadoop.security.UserGroupInformation.doAs(UserGroupInformation.java:1730)
	at org.apache.hadoop.ipc.Server$Handler.run(Server.java:2682)
2019-11-18 20:31:53,664 [IPC Server handler 0 on 45559] INFO  block.BlockManagerImpl (BlockManagerImpl.java:allocateBlock(212)) - Could not find available pipeline of type:RATIS and factor:THREE even after retrying
2019-11-18 20:31:53,664 [IPC Server handler 0 on 45559] ERROR block.BlockManagerImpl (BlockManagerImpl.java:allocateBlock(236)) - Unable to allocate a block for the size: 4194304, type: RATIS, factor: THREE
2019-11-18 20:31:53,665 [IPC Server handler 0 on 45559] WARN  block.BlockManagerImpl (BlockManagerImpl.java:allocateBlock(200)) - Pipeline creation failed for type:RATIS factor:THREE. Retrying get pipelines call once.
org.apache.hadoop.hdds.scm.pipeline.InsufficientDatanodesException: Cannot create pipeline of factor 3 using 0 nodes.
	at org.apache.hadoop.hdds.scm.pipeline.RatisPipelineProvider.create(RatisPipelineProvider.java:153)
	at org.apache.hadoop.hdds.scm.pipeline.PipelineFactory.create(PipelineFactory.java:58)
	at org.apache.hadoop.hdds.scm.pipeline.SCMPipelineManager.createPipeline(SCMPipelineManager.java:155)
	at org.apache.hadoop.hdds.scm.block.BlockManagerImpl.allocateBlock(BlockManagerImpl.java:198)
	at org.apache.hadoop.hdds.scm.server.SCMBlockProtocolServer.allocateBlock(SCMBlockProtocolServer.java:187)
	at org.apache.hadoop.hdds.scm.protocol.ScmBlockLocationProtocolServerSideTranslatorPB.allocateScmBlock(ScmBlockLocationProtocolServerSideTranslatorPB.java:159)
	at org.apache.hadoop.hdds.scm.protocol.ScmBlockLocationProtocolServerSideTranslatorPB.processMessage(ScmBlockLocationProtocolServerSideTranslatorPB.java:117)
	at org.apache.hadoop.hdds.server.OzoneProtocolMessageDispatcher.processRequest(OzoneProtocolMessageDispatcher.java:72)
	at org.apache.hadoop.hdds.scm.protocol.ScmBlockLocationProtocolServerSideTranslatorPB.send(ScmBlockLocationProtocolServerSideTranslatorPB.java:98)
	at org.apache.hadoop.hdds.protocol.proto.ScmBlockLocationProtocolProtos$ScmBlockLocationProtocolService$2.callBlockingMethod(ScmBlockLocationProtocolProtos.java:13157)
	at org.apache.hadoop.ipc.ProtobufRpcEngine$Server$ProtoBufRpcInvoker.call(ProtobufRpcEngine.java:524)
	at org.apache.hadoop.ipc.RPC$Server.call(RPC.java:1025)
	at org.apache.hadoop.ipc.Server$RpcCall.run(Server.java:876)
	at org.apache.hadoop.ipc.Server$RpcCall.run(Server.java:822)
	at java.security.AccessController.doPrivileged(Native Method)
	at javax.security.auth.Subject.doAs(Subject.java:422)
	at org.apache.hadoop.security.UserGroupInformation.doAs(UserGroupInformation.java:1730)
	at org.apache.hadoop.ipc.Server$Handler.run(Server.java:2682)
2019-11-18 20:31:53,666 [IPC Server handler 0 on 45559] INFO  block.BlockManagerImpl (BlockManagerImpl.java:allocateBlock(212)) - Could not find available pipeline of type:RATIS and factor:THREE even after retrying
2019-11-18 20:31:53,666 [IPC Server handler 0 on 45559] ERROR block.BlockManagerImpl (BlockManagerImpl.java:allocateBlock(236)) - Unable to allocate a block for the size: 4194304, type: RATIS, factor: THREE
2019-11-18 20:31:53,670 [pool-59-thread-4] ERROR freon.RandomKeyGenerator (RandomKeyGenerator.java:createKey(735)) - Exception while adding key: key-0-59477 in bucket: bucket-0-86719 of volume: vol-0-54045.
INTERNAL_ERROR org.apache.hadoop.ozone.om.exceptions.OMException: Allocated 0 blocks. Requested 5 blocks
	at org.apache.hadoop.ozone.om.protocolPB.OzoneManagerProtocolClientSideTranslatorPB.handleError(OzoneManagerProtocolClientSideTranslatorPB.java:761)
	at org.apache.hadoop.ozone.om.protocolPB.OzoneManagerProtocolClientSideTranslatorPB.openKey(OzoneManagerProtocolClientSideTranslatorPB.java:752)
	at sun.reflect.NativeMethodAccessorImpl.invoke0(Native Method)
	at sun.reflect.NativeMethodAccessorImpl.invoke(NativeMethodAccessorImpl.java:62)
	at sun.reflect.DelegatingMethodAccessorImpl.invoke(DelegatingMethodAccessorImpl.java:43)
	at java.lang.reflect.Method.invoke(Method.java:498)
	at org.apache.hadoop.hdds.tracing.TraceAllMethod.invoke(TraceAllMethod.java:66)
	at com.sun.proxy.$Proxy37.openKey(Unknown Source)
	at org.apache.hadoop.ozone.client.rpc.RpcClient.createKey(RpcClient.java:633)
	at org.apache.hadoop.ozone.client.OzoneBucket.createKey(OzoneBucket.java:325)
	at org.apache.hadoop.ozone.freon.RandomKeyGenerator.createKey(RandomKeyGenerator.java:697)
	at org.apache.hadoop.ozone.freon.RandomKeyGenerator.access$1100(RandomKeyGenerator.java:88)
	at org.apache.hadoop.ozone.freon.RandomKeyGenerator$ObjectCreator.run(RandomKeyGenerator.java:615)
	at java.util.concurrent.Executors$RunnableAdapter.call(Executors.java:511)
	at java.util.concurrent.FutureTask.run(FutureTask.java:266)
	at java.util.concurrent.ThreadPoolExecutor.runWorker(ThreadPoolExecutor.java:1149)
	at java.util.concurrent.ThreadPoolExecutor$Worker.run(ThreadPoolExecutor.java:624)
	at java.lang.Thread.run(Thread.java:748)
 0.00% |?                                                                                                    |  0/1 Time: 0:00:01 0.00% |?                                                                                                    |  0/1 Time: 0:00:02 0.00% |?                                                                                                    |  0/1 Time: 0:00:03 0.00% |?                                                                                                    |  0/1 Time: 0:00:042019-11-18 20:31:58,574 [Thread-507] INFO  impl.FollowerState (FollowerState.java:run(111)) - c599f64d-1569-429a-bb2e-93adf70cd479@group-3E9F918D17F1-FollowerState: change to CANDIDATE, lastRpcTime:5027ms, electionTimeout:5027ms
2019-11-18 20:31:58,576 [Thread-507] INFO  impl.RoleInfo (RoleInfo.java:shutdownFollowerState(121)) - c599f64d-1569-429a-bb2e-93adf70cd479: shutdown FollowerState
2019-11-18 20:31:58,576 [Thread-507] INFO  impl.RaftServerImpl (RaftServerImpl.java:setRole(173)) - c599f64d-1569-429a-bb2e-93adf70cd479@group-3E9F918D17F1: changes role from  FOLLOWER to CANDIDATE at term 0 for changeToCandidate
2019-11-18 20:31:58,577 [Thread-507] INFO  impl.RoleInfo (RoleInfo.java:updateAndGet(143)) - c599f64d-1569-429a-bb2e-93adf70cd479: start LeaderElection
2019-11-18 20:31:58,597 [Thread-512] INFO  impl.FollowerState (FollowerState.java:run(111)) - 94645783-fc8b-4cc0-8dc2-f650ddf89977@group-3E9F918D17F1-FollowerState: change to CANDIDATE, lastRpcTime:5046ms, electionTimeout:5046ms
2019-11-18 20:31:58,597 [Thread-512] INFO  impl.RoleInfo (RoleInfo.java:shutdownFollowerState(121)) - 94645783-fc8b-4cc0-8dc2-f650ddf89977: shutdown FollowerState
2019-11-18 20:31:58,597 [Thread-512] INFO  impl.RaftServerImpl (RaftServerImpl.java:setRole(173)) - 94645783-fc8b-4cc0-8dc2-f650ddf89977@group-3E9F918D17F1: changes role from  FOLLOWER to CANDIDATE at term 0 for changeToCandidate
2019-11-18 20:31:58,598 [Thread-512] INFO  impl.RoleInfo (RoleInfo.java:updateAndGet(143)) - 94645783-fc8b-4cc0-8dc2-f650ddf89977: start LeaderElection
 0.00% |?                                                                                                    |  0/1 Time: 0:00:052019-11-18 20:31:58,605 [c599f64d-1569-429a-bb2e-93adf70cd479@group-3E9F918D17F1-LeaderElection11] INFO  impl.LeaderElection (LeaderElection.java:askForVotes(178)) - c599f64d-1569-429a-bb2e-93adf70cd479@group-3E9F918D17F1-LeaderElection11: begin an election at term 1 for -1: [94645783-fc8b-4cc0-8dc2-f650ddf89977:192.168.157.200:43349, b500fd20-cf57-471d-b9c7-5213c4722a40:192.168.157.200:39316, c599f64d-1569-429a-bb2e-93adf70cd479:192.168.157.200:35945], old=null
2019-11-18 20:31:58,613 [grpc-default-executor-2] INFO  impl.RaftServerImpl (RaftServerImpl.java:setRole(173)) - b500fd20-cf57-471d-b9c7-5213c4722a40@group-3E9F918D17F1: changes role from  FOLLOWER to FOLLOWER at term 1 for recognizeCandidate:c599f64d-1569-429a-bb2e-93adf70cd479
2019-11-18 20:31:58,613 [grpc-default-executor-2] INFO  impl.RoleInfo (RoleInfo.java:shutdownFollowerState(121)) - b500fd20-cf57-471d-b9c7-5213c4722a40: shutdown FollowerState
2019-11-18 20:31:58,613 [grpc-default-executor-2] INFO  impl.RoleInfo (RoleInfo.java:updateAndGet(143)) - b500fd20-cf57-471d-b9c7-5213c4722a40: start FollowerState
2019-11-18 20:31:58,613 [Thread-511] INFO  impl.FollowerState (FollowerState.java:run(120)) - b500fd20-cf57-471d-b9c7-5213c4722a40@group-3E9F918D17F1-FollowerState was interrupted: java.lang.InterruptedException: sleep interrupted
2019-11-18 20:31:58,627 [94645783-fc8b-4cc0-8dc2-f650ddf89977@group-3E9F918D17F1-LeaderElection12] INFO  impl.LeaderElection (LeaderElection.java:askForVotes(178)) - 94645783-fc8b-4cc0-8dc2-f650ddf89977@group-3E9F918D17F1-LeaderElection12: begin an election at term 1 for -1: [94645783-fc8b-4cc0-8dc2-f650ddf89977:192.168.157.200:43349, b500fd20-cf57-471d-b9c7-5213c4722a40:192.168.157.200:39316, c599f64d-1569-429a-bb2e-93adf70cd479:192.168.157.200:35945], old=null
2019-11-18 20:31:58,629 [c599f64d-1569-429a-bb2e-93adf70cd479@group-3E9F918D17F1-LeaderElection11] INFO  impl.LeaderElection (LeaderElection.java:logAndReturn(56)) - c599f64d-1569-429a-bb2e-93adf70cd479@group-3E9F918D17F1-LeaderElection11: Election PASSED; received 1 response(s) [c599f64d-1569-429a-bb2e-93adf70cd479<-b500fd20-cf57-471d-b9c7-5213c4722a40#0:OK-t1] and 0 exception(s); c599f64d-1569-429a-bb2e-93adf70cd479@group-3E9F918D17F1:t1, leader=null, voted=c599f64d-1569-429a-bb2e-93adf70cd479, raftlog=c599f64d-1569-429a-bb2e-93adf70cd479@group-3E9F918D17F1-SegmentedRaftLog:OPENED:c-1,f-1,i0, conf=-1: [94645783-fc8b-4cc0-8dc2-f650ddf89977:192.168.157.200:43349, b500fd20-cf57-471d-b9c7-5213c4722a40:192.168.157.200:39316, c599f64d-1569-429a-bb2e-93adf70cd479:192.168.157.200:35945], old=null
2019-11-18 20:31:58,629 [c599f64d-1569-429a-bb2e-93adf70cd479@group-3E9F918D17F1-LeaderElection11] INFO  impl.RoleInfo (RoleInfo.java:shutdownLeaderElection(134)) - c599f64d-1569-429a-bb2e-93adf70cd479: shutdown LeaderElection
2019-11-18 20:31:58,630 [c599f64d-1569-429a-bb2e-93adf70cd479@group-3E9F918D17F1-LeaderElection11] INFO  impl.RaftServerImpl (RaftServerImpl.java:setRole(173)) - c599f64d-1569-429a-bb2e-93adf70cd479@group-3E9F918D17F1: changes role from CANDIDATE to LEADER at term 1 for changeToLeader
2019-11-18 20:31:58,631 [c599f64d-1569-429a-bb2e-93adf70cd479@group-3E9F918D17F1-LeaderElection11] INFO  ratis.XceiverServerRatis (XceiverServerRatis.java:handleLeaderChangedNotification(697)) - Leader change notification received for group: group-3E9F918D17F1 with new leaderId: c599f64d-1569-429a-bb2e-93adf70cd479
2019-11-18 20:31:58,632 [c599f64d-1569-429a-bb2e-93adf70cd479@group-3E9F918D17F1-LeaderElection11] INFO  impl.RaftServerImpl (ServerState.java:setLeader(255)) - c599f64d-1569-429a-bb2e-93adf70cd479@group-3E9F918D17F1: change Leader from null to c599f64d-1569-429a-bb2e-93adf70cd479 at term 1 for becomeLeader, leader elected after 5090ms
2019-11-18 20:31:58,632 [c599f64d-1569-429a-bb2e-93adf70cd479@group-3E9F918D17F1-LeaderElection11] INFO  server.RaftServerConfigKeys (ConfUtils.java:logGet(43)) - raft.server.staging.catchup.gap = 1000 (default)
2019-11-18 20:31:58,633 [c599f64d-1569-429a-bb2e-93adf70cd479@group-3E9F918D17F1-LeaderElection11] INFO  server.RaftServerConfigKeys (ConfUtils.java:logGet(43)) - raft.server.rpc.sleep.time = 25ms (default)
2019-11-18 20:31:58,633 [c599f64d-1569-429a-bb2e-93adf70cd479@group-3E9F918D17F1-LeaderElection11] INFO  server.RaftServerConfigKeys (ConfUtils.java:logGet(43)) - raft.server.write.element-limit = 4096 (default)
2019-11-18 20:31:58,633 [c599f64d-1569-429a-bb2e-93adf70cd479@group-3E9F918D17F1-LeaderElection11] INFO  server.RaftServerConfigKeys (ConfUtils.java:logGet(43)) - raft.server.watch.timeout = 10s (default)
2019-11-18 20:31:58,633 [c599f64d-1569-429a-bb2e-93adf70cd479@group-3E9F918D17F1-LeaderElection11] INFO  server.RaftServerConfigKeys (ConfUtils.java:logGet(43)) - raft.server.watch.timeout.denomination = 1s (default)
2019-11-18 20:31:58,634 [c599f64d-1569-429a-bb2e-93adf70cd479@group-3E9F918D17F1-LeaderElection11] INFO  server.RaftServerConfigKeys (ConfUtils.java:logGet(43)) - raft.server.watch.element-limit = 65536 (default)
2019-11-18 20:31:58,634 [c599f64d-1569-429a-bb2e-93adf70cd479@group-3E9F918D17F1-LeaderElection11] INFO  server.RaftServerConfigKeys (ConfUtils.java:logGet(43)) - raft.server.log.appender.snapshot.chunk.size.max = 16MB (=16777216) (default)
2019-11-18 20:31:58,635 [c599f64d-1569-429a-bb2e-93adf70cd479@group-3E9F918D17F1-LeaderElection11] INFO  server.RaftServerConfigKeys (ConfUtils.java:logGet(43)) - raft.server.log.appender.buffer.byte-limit = 33554432 (custom)
2019-11-18 20:31:58,635 [c599f64d-1569-429a-bb2e-93adf70cd479@group-3E9F918D17F1-LeaderElection11] INFO  server.RaftServerConfigKeys (ConfUtils.java:logGet(43)) - raft.server.log.appender.buffer.element-limit = 1 (custom)
2019-11-18 20:31:58,635 [EventQueue-PipelineReportForPipelineReportHandler] INFO  pipeline.PipelineStateManager (PipelineStateManager.java:openPipeline(134)) - Pipeline Pipeline[ Id: 6e21ff04-0c24-4273-b914-3e9f918d17f1, Nodes: c599f64d-1569-429a-bb2e-93adf70cd479{ip: 192.168.157.200, host: pr-hdds-2514-unusedmethodparam-bwdv4-1743785533, networkLocation: /default-rack, certSerialId: null}94645783-fc8b-4cc0-8dc2-f650ddf89977{ip: 192.168.157.200, host: pr-hdds-2514-unusedmethodparam-bwdv4-1743785533, networkLocation: /default-rack, certSerialId: null}b500fd20-cf57-471d-b9c7-5213c4722a40{ip: 192.168.157.200, host: pr-hdds-2514-unusedmethodparam-bwdv4-1743785533, networkLocation: /default-rack, certSerialId: null}, Type:RATIS, Factor:THREE, State:OPEN] moved to OPEN state
2019-11-18 20:31:58,635 [c599f64d-1569-429a-bb2e-93adf70cd479@group-3E9F918D17F1-LeaderElection11] INFO  grpc.GrpcConfigKeys$Server (ConfUtils.java:logGet(43)) - raft.grpc.server.leader.outstanding.appends.max = 128 (default)
2019-11-18 20:31:58,637 [c599f64d-1569-429a-bb2e-93adf70cd479@group-3E9F918D17F1-LeaderElection11] INFO  server.RaftServerConfigKeys (ConfUtils.java:logGet(43)) - raft.server.rpc.request.timeout = 3000ms (default)
2019-11-18 20:31:58,637 [c599f64d-1569-429a-bb2e-93adf70cd479@group-3E9F918D17F1-LeaderElection11] INFO  server.RaftServerConfigKeys (ConfUtils.java:logGet(43)) - raft.server.log.appender.install.snapshot.enabled = false (custom)
2019-11-18 20:31:58,637 [c599f64d-1569-429a-bb2e-93adf70cd479@group-3E9F918D17F1-LeaderElection11] WARN  impl.MetricRegistriesImpl (MetricRegistriesImpl.java:lambda$create$1(61)) - First MetricRegistry has been created without registering reporters. You may need to call MetricRegistries.global().addReportRegistration(...) before.
2019-11-18 20:31:58,638 [c599f64d-1569-429a-bb2e-93adf70cd479@group-3E9F918D17F1-LeaderElection11] INFO  server.RaftServerConfigKeys (ConfUtils.java:logGet(43)) - raft.server.log.appender.snapshot.chunk.size.max = 16MB (=16777216) (default)
2019-11-18 20:31:58,638 [c599f64d-1569-429a-bb2e-93adf70cd479@group-3E9F918D17F1-LeaderElection11] INFO  server.RaftServerConfigKeys (ConfUtils.java:logGet(43)) - raft.server.log.appender.buffer.byte-limit = 33554432 (custom)
2019-11-18 20:31:58,638 [c599f64d-1569-429a-bb2e-93adf70cd479@group-3E9F918D17F1-LeaderElection11] INFO  server.RaftServerConfigKeys (ConfUtils.java:logGet(43)) - raft.server.log.appender.buffer.element-limit = 1 (custom)
2019-11-18 20:31:58,638 [c599f64d-1569-429a-bb2e-93adf70cd479@group-3E9F918D17F1-LeaderElection11] INFO  grpc.GrpcConfigKeys$Server (ConfUtils.java:logGet(43)) - raft.grpc.server.leader.outstanding.appends.max = 128 (default)
2019-11-18 20:31:58,639 [c599f64d-1569-429a-bb2e-93adf70cd479@group-3E9F918D17F1-LeaderElection11] INFO  server.RaftServerConfigKeys (ConfUtils.java:logGet(43)) - raft.server.rpc.request.timeout = 3000ms (default)
2019-11-18 20:31:58,639 [c599f64d-1569-429a-bb2e-93adf70cd479@group-3E9F918D17F1-LeaderElection11] INFO  server.RaftServerConfigKeys (ConfUtils.java:logGet(43)) - raft.server.log.appender.install.snapshot.enabled = false (custom)
2019-11-18 20:31:58,639 [c599f64d-1569-429a-bb2e-93adf70cd479@group-3E9F918D17F1-LeaderElection11] INFO  impl.RoleInfo (RoleInfo.java:updateAndGet(143)) - c599f64d-1569-429a-bb2e-93adf70cd479: start LeaderState
2019-11-18 20:31:58,640 [c599f64d-1569-429a-bb2e-93adf70cd479@group-3E9F918D17F1-LeaderElection11] INFO  segmented.SegmentedRaftLogWorker (SegmentedRaftLogWorker.java:startLogSegment(385)) - c599f64d-1569-429a-bb2e-93adf70cd479@group-3E9F918D17F1-SegmentedRaftLogWorker: Starting segment from index:0
2019-11-18 20:31:58,641 [c599f64d-1569-429a-bb2e-93adf70cd479@group-3E9F918D17F1-LeaderElection11] INFO  impl.RaftServerImpl (ServerState.java:setRaftConf(356)) - c599f64d-1569-429a-bb2e-93adf70cd479@group-3E9F918D17F1: set configuration 0: [94645783-fc8b-4cc0-8dc2-f650ddf89977:192.168.157.200:43349, b500fd20-cf57-471d-b9c7-5213c4722a40:192.168.157.200:39316, c599f64d-1569-429a-bb2e-93adf70cd479:192.168.157.200:35945], old=null at 0
2019-11-18 20:31:58,674 [grpc-default-executor-2] INFO  impl.RaftServerImpl (RaftServerImpl.java:requestVote(776)) - c599f64d-1569-429a-bb2e-93adf70cd479@group-3E9F918D17F1-   LEADER: Withhold vote from candidate 94645783-fc8b-4cc0-8dc2-f650ddf89977 with term 1. State: leader=c599f64d-1569-429a-bb2e-93adf70cd479, term=1, lastRpcElapsed=null
2019-11-18 20:31:58,677 [94645783-fc8b-4cc0-8dc2-f650ddf89977@group-3E9F918D17F1-LeaderElection12] INFO  impl.LeaderElection (LeaderElection.java:logAndReturn(56)) - 94645783-fc8b-4cc0-8dc2-f650ddf89977@group-3E9F918D17F1-LeaderElection12: Election REJECTED; received 2 response(s) [94645783-fc8b-4cc0-8dc2-f650ddf89977<-b500fd20-cf57-471d-b9c7-5213c4722a40#0:FAIL-t1, 94645783-fc8b-4cc0-8dc2-f650ddf89977<-c599f64d-1569-429a-bb2e-93adf70cd479#0:FAIL-t1] and 0 exception(s); 94645783-fc8b-4cc0-8dc2-f650ddf89977@group-3E9F918D17F1:t1, leader=null, voted=94645783-fc8b-4cc0-8dc2-f650ddf89977, raftlog=94645783-fc8b-4cc0-8dc2-f650ddf89977@group-3E9F918D17F1-SegmentedRaftLog:OPENED:c-1,f-1,i0, conf=-1: [94645783-fc8b-4cc0-8dc2-f650ddf89977:192.168.157.200:43349, b500fd20-cf57-471d-b9c7-5213c4722a40:192.168.157.200:39316, c599f64d-1569-429a-bb2e-93adf70cd479:192.168.157.200:35945], old=null
2019-11-18 20:31:58,677 [94645783-fc8b-4cc0-8dc2-f650ddf89977@group-3E9F918D17F1-LeaderElection12] INFO  impl.RaftServerImpl (RaftServerImpl.java:setRole(173)) - 94645783-fc8b-4cc0-8dc2-f650ddf89977@group-3E9F918D17F1: changes role from CANDIDATE to FOLLOWER at term 1 for DISCOVERED_A_NEW_TERM
2019-11-18 20:31:58,678 [grpc-default-executor-2] INFO  ratis.XceiverServerRatis (XceiverServerRatis.java:handleLeaderChangedNotification(697)) - Leader change notification received for group: group-3E9F918D17F1 with new leaderId: c599f64d-1569-429a-bb2e-93adf70cd479
2019-11-18 20:31:58,679 [grpc-default-executor-2] INFO  impl.RaftServerImpl (ServerState.java:setLeader(255)) - b500fd20-cf57-471d-b9c7-5213c4722a40@group-3E9F918D17F1: change Leader from null to c599f64d-1569-429a-bb2e-93adf70cd479 at term 1 for appendEntries, leader elected after 5138ms
2019-11-18 20:31:58,678 [94645783-fc8b-4cc0-8dc2-f650ddf89977@group-3E9F918D17F1-LeaderElection12] INFO  impl.RoleInfo (RoleInfo.java:shutdownLeaderElection(134)) - 94645783-fc8b-4cc0-8dc2-f650ddf89977: shutdown LeaderElection
2019-11-18 20:31:58,680 [94645783-fc8b-4cc0-8dc2-f650ddf89977@group-3E9F918D17F1-LeaderElection12] INFO  impl.RoleInfo (RoleInfo.java:updateAndGet(143)) - 94645783-fc8b-4cc0-8dc2-f650ddf89977: start FollowerState
2019-11-18 20:31:58,681 [grpc-default-executor-1] INFO  ratis.XceiverServerRatis (XceiverServerRatis.java:handleLeaderChangedNotification(697)) - Leader change notification received for group: group-3E9F918D17F1 with new leaderId: c599f64d-1569-429a-bb2e-93adf70cd479
2019-11-18 20:31:58,681 [grpc-default-executor-1] INFO  impl.RaftServerImpl (ServerState.java:setLeader(255)) - 94645783-fc8b-4cc0-8dc2-f650ddf89977@group-3E9F918D17F1: change Leader from null to c599f64d-1569-429a-bb2e-93adf70cd479 at term 1 for appendEntries, leader elected after 5140ms
2019-11-18 20:31:58,684 [grpc-default-executor-2] INFO  impl.RaftServerImpl (ServerState.java:setRaftConf(356)) - b500fd20-cf57-471d-b9c7-5213c4722a40@group-3E9F918D17F1: set configuration 0: [94645783-fc8b-4cc0-8dc2-f650ddf89977:192.168.157.200:43349, b500fd20-cf57-471d-b9c7-5213c4722a40:192.168.157.200:39316, c599f64d-1569-429a-bb2e-93adf70cd479:192.168.157.200:35945], old=null at 0
2019-11-18 20:31:58,684 [grpc-default-executor-2] INFO  segmented.SegmentedRaftLogWorker (SegmentedRaftLogWorker.java:startLogSegment(385)) - b500fd20-cf57-471d-b9c7-5213c4722a40@group-3E9F918D17F1-SegmentedRaftLogWorker: Starting segment from index:0
2019-11-18 20:31:58,684 [grpc-default-executor-1] INFO  impl.RaftServerImpl (ServerState.java:setRaftConf(356)) - 94645783-fc8b-4cc0-8dc2-f650ddf89977@group-3E9F918D17F1: set configuration 0: [94645783-fc8b-4cc0-8dc2-f650ddf89977:192.168.157.200:43349, b500fd20-cf57-471d-b9c7-5213c4722a40:192.168.157.200:39316, c599f64d-1569-429a-bb2e-93adf70cd479:192.168.157.200:35945], old=null at 0
2019-11-18 20:31:58,685 [grpc-default-executor-1] INFO  segmented.SegmentedRaftLogWorker (SegmentedRaftLogWorker.java:startLogSegment(385)) - 94645783-fc8b-4cc0-8dc2-f650ddf89977@group-3E9F918D17F1-SegmentedRaftLogWorker: Starting segment from index:0
2019-11-18 20:31:58,698 [c599f64d-1569-429a-bb2e-93adf70cd479@group-3E9F918D17F1-SegmentedRaftLogWorker] INFO  segmented.SegmentedRaftLogWorker (SegmentedRaftLogWorker.java:execute(576)) - c599f64d-1569-429a-bb2e-93adf70cd479@group-3E9F918D17F1-SegmentedRaftLogWorker: created new log segment /workdir/hadoop-ozone/tools/target/test-dir/MiniOzoneClusterImpl-9fba51d2-8262-4f75-a70c-39cbbda2bfee/datanode-0/data/ratis/6e21ff04-0c24-4273-b914-3e9f918d17f1/current/log_inprogress_0
2019-11-18 20:31:58,735 [b500fd20-cf57-471d-b9c7-5213c4722a40@group-3E9F918D17F1-SegmentedRaftLogWorker] INFO  segmented.SegmentedRaftLogWorker (SegmentedRaftLogWorker.java:execute(576)) - b500fd20-cf57-471d-b9c7-5213c4722a40@group-3E9F918D17F1-SegmentedRaftLogWorker: created new log segment /workdir/hadoop-ozone/tools/target/test-dir/MiniOzoneClusterImpl-9fba51d2-8262-4f75-a70c-39cbbda2bfee/datanode-1/data/ratis/6e21ff04-0c24-4273-b914-3e9f918d17f1/current/log_inprogress_0
2019-11-18 20:31:58,735 [94645783-fc8b-4cc0-8dc2-f650ddf89977@group-3E9F918D17F1-SegmentedRaftLogWorker] INFO  segmented.SegmentedRaftLogWorker (SegmentedRaftLogWorker.java:execute(576)) - 94645783-fc8b-4cc0-8dc2-f650ddf89977@group-3E9F918D17F1-SegmentedRaftLogWorker: created new log segment /workdir/hadoop-ozone/tools/target/test-dir/MiniOzoneClusterImpl-9fba51d2-8262-4f75-a70c-39cbbda2bfee/datanode-2/data/ratis/6e21ff04-0c24-4273-b914-3e9f918d17f1/current/log_inprogress_0
 100.00% |?????????????????????????????????????????????????????????????????????????????????????????????????????|  1/1 Time: 0:00:06
]]></system-out>
    <system-err><![CDATA[ERROR StatusLogger No Log4j 2 configuration file found. Using default configuration (logging only errors to the console), or user programmatically provided configurations. Set system property 'log4j2.debug' to show Log4j 2 internal initialization logging. See https://logging.apache.org/log4j/2.x/manual/configuration.html for instructions on how to configure Log4j 2
]]></system-err>
  </testcase>
</testsuite>