<?xml version="1.0" encoding="UTF-8"?>
<testsuite xmlns:xsi="http://www.w3.org/2001/XMLSchema-instance" xsi:noNamespaceSchemaLocation="https://maven.apache.org/surefire/maven-surefire-plugin/xsd/surefire-test-report.xsd" name="org.apache.hadoop.ozone.freon.TestFreonWithPipelineDestroy" time="51.097" tests="1" errors="1" skipped="0" failures="0">
  <properties>
    <property name="awt.toolkit" value="sun.awt.X11.XToolkit"/>
    <property name="file.encoding.pkg" value="sun.io"/>
    <property name="java.specification.version" value="1.8"/>
    <property name="sun.cpu.isalist" value=""/>
    <property name="sun.jnu.encoding" value="ANSI_X3.4-1968"/>
    <property name="java.class.path" value="/workdir/hadoop-ozone/tools/target/test-classes:/workdir/hadoop-ozone/tools/target/classes:/home/user/.m2/repository/org/apache/hadoop/hadoop-ozone-ozone-manager/0.5.0-SNAPSHOT/hadoop-ozone-ozone-manager-0.5.0-SNAPSHOT.jar:/home/user/.m2/repository/org/apache/hadoop/hadoop-hdds-docs/0.5.0-SNAPSHOT/hadoop-hdds-docs-0.5.0-SNAPSHOT.jar:/home/user/.m2/repository/org/bouncycastle/bcprov-jdk15on/1.60/bcprov-jdk15on-1.60.jar:/home/user/.m2/repository/org/apache/hadoop/hadoop-ozone-common/0.5.0-SNAPSHOT/hadoop-ozone-common-0.5.0-SNAPSHOT.jar:/home/user/.m2/repository/org/apache/commons/commons-compress/1.4.1/commons-compress-1.4.1.jar:/home/user/.m2/repository/org/tukaani/xz/1.0/xz-1.0.jar:/home/user/.m2/repository/org/apache/hadoop/hadoop-hdfs-client/3.2.0/hadoop-hdfs-client-3.2.0.jar:/home/user/.m2/repository/com/fasterxml/jackson/core/jackson-annotations/2.9.9/jackson-annotations-2.9.9.jar:/home/user/.m2/repository/org/apache/hadoop/hadoop-hdds-common/0.5.0-SNAPSHOT/hadoop-hdds-common-0.5.0-SNAPSHOT.jar:/home/user/.m2/repository/org/apache/hadoop/hadoop-hdds-config/0.5.0-SNAPSHOT/hadoop-hdds-config-0.5.0-SNAPSHOT.jar:/home/user/.m2/repository/javax/annotation/javax.annotation-api/1.2/javax.annotation-api-1.2.jar:/home/user/.m2/repository/org/apache/ratis/ratis-server/0.5.0-d6d58d0-SNAPSHOT/ratis-server-0.5.0-d6d58d0-SNAPSHOT.jar:/home/user/.m2/repository/org/apache/ratis/ratis-thirdparty-misc/0.2.0/ratis-thirdparty-misc-0.2.0.jar:/home/user/.m2/repository/org/apache/ratis/ratis-proto/0.5.0-d6d58d0-SNAPSHOT/ratis-proto-0.5.0-d6d58d0-SNAPSHOT.jar:/home/user/.m2/repository/org/apache/ratis/ratis-common/0.5.0-d6d58d0-SNAPSHOT/ratis-common-0.5.0-d6d58d0-SNAPSHOT.jar:/home/user/.m2/repository/org/apache/ratis/ratis-client/0.5.0-d6d58d0-SNAPSHOT/ratis-client-0.5.0-d6d58d0-SNAPSHOT.jar:/home/user/.m2/repository/org/apache/ratis/ratis-metrics/0.5.0-d6d58d0-SNAPSHOT/ratis-metrics-0.5.0-d6d58d0-SNAPSHOT.jar:/home/user/.m2/repository/org/apache/ratis/ratis-netty/0.5.0-d6d58d0-SNAPSHOT/ratis-netty-0.5.0-d6d58d0-SNAPSHOT.jar:/home/user/.m2/repository/org/apache/ratis/ratis-grpc/0.5.0-d6d58d0-SNAPSHOT/ratis-grpc-0.5.0-d6d58d0-SNAPSHOT.jar:/home/user/.m2/repository/org/rocksdb/rocksdbjni/6.0.1/rocksdbjni-6.0.1.jar:/home/user/.m2/repository/org/apache/logging/log4j/log4j-api/2.11.0/log4j-api-2.11.0.jar:/home/user/.m2/repository/org/apache/logging/log4j/log4j-core/2.11.0/log4j-core-2.11.0.jar:/home/user/.m2/repository/com/lmax/disruptor/3.4.2/disruptor-3.4.2.jar:/home/user/.m2/repository/org/apache/commons/commons-pool2/2.6.0/commons-pool2-2.6.0.jar:/home/user/.m2/repository/org/bouncycastle/bcpkix-jdk15on/1.60/bcpkix-jdk15on-1.60.jar:/home/user/.m2/repository/commons-validator/commons-validator/1.6/commons-validator-1.6.jar:/home/user/.m2/repository/commons-digester/commons-digester/1.8.1/commons-digester-1.8.1.jar:/home/user/.m2/repository/io/jaegertracing/jaeger-client/0.34.0/jaeger-client-0.34.0.jar:/home/user/.m2/repository/io/jaegertracing/jaeger-thrift/0.34.0/jaeger-thrift-0.34.0.jar:/home/user/.m2/repository/org/apache/thrift/libthrift/0.12.0/libthrift-0.12.0.jar:/home/user/.m2/repository/com/squareup/okhttp3/okhttp/3.9.0/okhttp-3.9.0.jar:/home/user/.m2/repository/com/squareup/okio/okio/1.13.0/okio-1.13.0.jar:/home/user/.m2/repository/io/jaegertracing/jaeger-core/0.34.0/jaeger-core-0.34.0.jar:/home/user/.m2/repository/io/jaegertracing/jaeger-tracerresolver/0.34.0/jaeger-tracerresolver-0.34.0.jar:/home/user/.m2/repository/io/opentracing/contrib/opentracing-tracerresolver/0.1.5/opentracing-tracerresolver-0.1.5.jar:/home/user/.m2/repository/io/opentracing/opentracing-util/0.31.0/opentracing-util-0.31.0.jar:/home/user/.m2/repository/io/opentracing/opentracing-api/0.31.0/opentracing-api-0.31.0.jar:/home/user/.m2/repository/io/opentracing/opentracing-noop/0.31.0/opentracing-noop-0.31.0.jar:/home/user/.m2/repository/org/yaml/snakeyaml/1.16/snakeyaml-1.16.jar:/home/user/.m2/repository/org/apache/hadoop/hadoop-hdds-container-service/0.5.0-SNAPSHOT/hadoop-hdds-container-service-0.5.0-SNAPSHOT.jar:/home/user/.m2/repository/org/apache/hadoop/hadoop-hdds-client/0.5.0-SNAPSHOT/hadoop-hdds-client-0.5.0-SNAPSHOT.jar:/home/user/.m2/repository/org/apache/hadoop/hadoop-hdds-tools/0.5.0-SNAPSHOT/hadoop-hdds-tools-0.5.0-SNAPSHOT.jar:/home/user/.m2/repository/org/xerial/sqlite-jdbc/3.25.2/sqlite-jdbc-3.25.2.jar:/home/user/.m2/repository/org/apache/hadoop/hadoop-hdds-server-scm/0.5.0-SNAPSHOT/hadoop-hdds-server-scm-0.5.0-SNAPSHOT.jar:/home/user/.m2/repository/org/hamcrest/hamcrest-all/1.3/hamcrest-all-1.3.jar:/home/user/.m2/repository/info/picocli/picocli/3.9.6/picocli-3.9.6.jar:/home/user/.m2/repository/com/google/protobuf/protobuf-java/2.5.0/protobuf-java-2.5.0.jar:/home/user/.m2/repository/com/google/guava/guava/11.0.2/guava-11.0.2.jar:/home/user/.m2/repository/org/apache/hadoop/hadoop-ozone-client/0.5.0-SNAPSHOT/hadoop-ozone-client-0.5.0-SNAPSHOT.jar:/workdir/hadoop-ozone/ozonefs/target/classes:/home/user/.m2/repository/org/apache/httpcomponents/httpclient/4.5.2/httpclient-4.5.2.jar:/home/user/.m2/repository/org/apache/httpcomponents/httpcore/4.4.4/httpcore-4.4.4.jar:/home/user/.m2/repository/org/apache/hadoop/hadoop-hdds-server-framework/0.5.0-SNAPSHOT/hadoop-hdds-server-framework-0.5.0-SNAPSHOT.jar:/home/user/.m2/repository/org/apache/hadoop/hadoop-common/3.2.0/hadoop-common-3.2.0.jar:/home/user/.m2/repository/org/apache/hadoop/hadoop-annotations/3.2.0/hadoop-annotations-3.2.0.jar:/usr/lib/jvm/java-1.8.0-openjdk-1.8.0.222.b10-1.el7_7.x86_64/jre/../lib/tools.jar:/home/user/.m2/repository/commons-cli/commons-cli/1.2/commons-cli-1.2.jar:/home/user/.m2/repository/org/apache/commons/commons-math3/3.1.1/commons-math3-3.1.1.jar:/home/user/.m2/repository/commons-codec/commons-codec/1.11/commons-codec-1.11.jar:/home/user/.m2/repository/commons-io/commons-io/2.5/commons-io-2.5.jar:/home/user/.m2/repository/commons-net/commons-net/3.6/commons-net-3.6.jar:/home/user/.m2/repository/commons-collections/commons-collections/3.2.2/commons-collections-3.2.2.jar:/home/user/.m2/repository/javax/servlet/javax.servlet-api/3.1.0/javax.servlet-api-3.1.0.jar:/home/user/.m2/repository/org/eclipse/jetty/jetty-server/9.3.25.v20180904/jetty-server-9.3.25.v20180904.jar:/home/user/.m2/repository/org/eclipse/jetty/jetty-http/9.3.25.v20180904/jetty-http-9.3.25.v20180904.jar:/home/user/.m2/repository/org/eclipse/jetty/jetty-io/9.3.25.v20180904/jetty-io-9.3.25.v20180904.jar:/home/user/.m2/repository/org/eclipse/jetty/jetty-util/9.3.25.v20180904/jetty-util-9.3.25.v20180904.jar:/home/user/.m2/repository/org/eclipse/jetty/jetty-servlet/9.3.25.v20180904/jetty-servlet-9.3.25.v20180904.jar:/home/user/.m2/repository/org/eclipse/jetty/jetty-security/9.3.25.v20180904/jetty-security-9.3.25.v20180904.jar:/home/user/.m2/repository/org/eclipse/jetty/jetty-webapp/9.3.25.v20180904/jetty-webapp-9.3.25.v20180904.jar:/home/user/.m2/repository/org/eclipse/jetty/jetty-xml/9.3.25.v20180904/jetty-xml-9.3.25.v20180904.jar:/home/user/.m2/repository/javax/servlet/jsp/jsp-api/2.1/jsp-api-2.1.jar:/home/user/.m2/repository/com/sun/jersey/jersey-core/1.19/jersey-core-1.19.jar:/home/user/.m2/repository/javax/ws/rs/jsr311-api/1.1.1/jsr311-api-1.1.1.jar:/home/user/.m2/repository/com/sun/jersey/jersey-servlet/1.19/jersey-servlet-1.19.jar:/home/user/.m2/repository/com/sun/jersey/jersey-json/1.19/jersey-json-1.19.jar:/home/user/.m2/repository/org/codehaus/jettison/jettison/1.1/jettison-1.1.jar:/home/user/.m2/repository/com/sun/xml/bind/jaxb-impl/2.3.0.1/jaxb-impl-2.3.0.1.jar:/home/user/.m2/repository/org/codehaus/jackson/jackson-core-asl/1.9.13/jackson-core-asl-1.9.13.jar:/home/user/.m2/repository/org/codehaus/jackson/jackson-mapper-asl/1.9.13/jackson-mapper-asl-1.9.13.jar:/home/user/.m2/repository/org/codehaus/jackson/jackson-jaxrs/1.9.13/jackson-jaxrs-1.9.13.jar:/home/user/.m2/repository/org/codehaus/jackson/jackson-xc/1.9.13/jackson-xc-1.9.13.jar:/home/user/.m2/repository/com/sun/jersey/jersey-server/1.19/jersey-server-1.19.jar:/home/user/.m2/repository/commons-logging/commons-logging/1.1.3/commons-logging-1.1.3.jar:/home/user/.m2/repository/log4j/log4j/1.2.17/log4j-1.2.17.jar:/home/user/.m2/repository/commons-beanutils/commons-beanutils/1.9.4/commons-beanutils-1.9.4.jar:/home/user/.m2/repository/org/apache/commons/commons-configuration2/2.1.1/commons-configuration2-2.1.1.jar:/home/user/.m2/repository/org/apache/commons/commons-lang3/3.7/commons-lang3-3.7.jar:/home/user/.m2/repository/org/apache/commons/commons-text/1.4/commons-text-1.4.jar:/home/user/.m2/repository/org/slf4j/slf4j-api/1.7.25/slf4j-api-1.7.25.jar:/home/user/.m2/repository/org/slf4j/slf4j-log4j12/1.7.25/slf4j-log4j12-1.7.25.jar:/home/user/.m2/repository/org/apache/avro/avro/1.7.7/avro-1.7.7.jar:/home/user/.m2/repository/com/thoughtworks/paranamer/paranamer/2.3/paranamer-2.3.jar:/home/user/.m2/repository/org/xerial/snappy/snappy-java/1.0.5/snappy-java-1.0.5.jar:/home/user/.m2/repository/com/google/re2j/re2j/1.1/re2j-1.1.jar:/home/user/.m2/repository/com/google/code/gson/gson/2.2.4/gson-2.2.4.jar:/home/user/.m2/repository/org/apache/hadoop/hadoop-auth/3.2.0/hadoop-auth-3.2.0.jar:/home/user/.m2/repository/com/nimbusds/nimbus-jose-jwt/4.41.1/nimbus-jose-jwt-4.41.1.jar:/home/user/.m2/repository/com/github/stephenc/jcip/jcip-annotations/1.0-1/jcip-annotations-1.0-1.jar:/home/user/.m2/repository/net/minidev/json-smart/2.3/json-smart-2.3.jar:/home/user/.m2/repository/net/minidev/accessors-smart/1.2/accessors-smart-1.2.jar:/home/user/.m2/repository/org/apache/curator/curator-framework/2.12.0/curator-framework-2.12.0.jar:/home/user/.m2/repository/com/jcraft/jsch/0.1.54/jsch-0.1.54.jar:/home/user/.m2/repository/org/apache/curator/curator-client/2.12.0/curator-client-2.12.0.jar:/home/user/.m2/repository/org/apache/curator/curator-recipes/2.12.0/curator-recipes-2.12.0.jar:/home/user/.m2/repository/com/google/code/findbugs/jsr305/3.0.0/jsr305-3.0.0.jar:/home/user/.m2/repository/org/apache/htrace/htrace-core4/4.1.0-incubating/htrace-core4-4.1.0-incubating.jar:/home/user/.m2/repository/org/apache/zookeeper/zookeeper/3.4.13/zookeeper-3.4.13.jar:/home/user/.m2/repository/jline/jline/0.9.94/jline-0.9.94.jar:/home/user/.m2/repository/org/apache/yetus/audience-annotations/0.5.0/audience-annotations-0.5.0.jar:/home/user/.m2/repository/org/apache/kerby/kerb-simplekdc/1.0.1/kerb-simplekdc-1.0.1.jar:/home/user/.m2/repository/org/apache/kerby/kerb-client/1.0.1/kerb-client-1.0.1.jar:/home/user/.m2/repository/org/apache/kerby/kerby-config/1.0.1/kerby-config-1.0.1.jar:/home/user/.m2/repository/org/apache/kerby/kerb-core/1.0.1/kerb-core-1.0.1.jar:/home/user/.m2/repository/org/apache/kerby/kerby-pkix/1.0.1/kerby-pkix-1.0.1.jar:/home/user/.m2/repository/org/apache/kerby/kerby-asn1/1.0.1/kerby-asn1-1.0.1.jar:/home/user/.m2/repository/org/apache/kerby/kerby-util/1.0.1/kerby-util-1.0.1.jar:/home/user/.m2/repository/org/apache/kerby/kerb-common/1.0.1/kerb-common-1.0.1.jar:/home/user/.m2/repository/org/apache/kerby/kerb-crypto/1.0.1/kerb-crypto-1.0.1.jar:/home/user/.m2/repository/org/apache/kerby/kerb-util/1.0.1/kerb-util-1.0.1.jar:/home/user/.m2/repository/org/apache/kerby/token-provider/1.0.1/token-provider-1.0.1.jar:/home/user/.m2/repository/org/apache/kerby/kerb-admin/1.0.1/kerb-admin-1.0.1.jar:/home/user/.m2/repository/org/apache/kerby/kerb-server/1.0.1/kerb-server-1.0.1.jar:/home/user/.m2/repository/org/apache/kerby/kerb-identity/1.0.1/kerb-identity-1.0.1.jar:/home/user/.m2/repository/org/apache/kerby/kerby-xdr/1.0.1/kerby-xdr-1.0.1.jar:/home/user/.m2/repository/com/fasterxml/jackson/core/jackson-databind/2.9.9/jackson-databind-2.9.9.jar:/home/user/.m2/repository/com/fasterxml/jackson/core/jackson-core/2.9.9/jackson-core-2.9.9.jar:/home/user/.m2/repository/org/codehaus/woodstox/stax2-api/3.1.4/stax2-api-3.1.4.jar:/home/user/.m2/repository/com/fasterxml/woodstox/woodstox-core/5.0.3/woodstox-core-5.0.3.jar:/home/user/.m2/repository/dnsjava/dnsjava/2.1.7/dnsjava-2.1.7.jar:/home/user/.m2/repository/org/apache/hadoop/hadoop-hdfs/3.2.0/hadoop-hdfs-3.2.0.jar:/home/user/.m2/repository/org/eclipse/jetty/jetty-util-ajax/9.3.25.v20180904/jetty-util-ajax-9.3.25.v20180904.jar:/home/user/.m2/repository/commons-daemon/commons-daemon/1.0.13/commons-daemon-1.0.13.jar:/home/user/.m2/repository/io/netty/netty/3.10.5.Final/netty-3.10.5.Final.jar:/home/user/.m2/repository/io/netty/netty-all/4.0.52.Final/netty-all-4.0.52.Final.jar:/home/user/.m2/repository/org/fusesource/leveldbjni/leveldbjni-all/1.8/leveldbjni-all-1.8.jar:/home/user/.m2/repository/com/sun/xml/bind/jaxb-core/2.3.0.1/jaxb-core-2.3.0.1.jar:/home/user/.m2/repository/javax/xml/bind/jaxb-api/2.3.0/jaxb-api-2.3.0.jar:/home/user/.m2/repository/javax/activation/activation/1.1.1/activation-1.1.1.jar:/home/user/.m2/repository/org/openjdk/jmh/jmh-core/1.19/jmh-core-1.19.jar:/home/user/.m2/repository/net/sf/jopt-simple/jopt-simple/4.6/jopt-simple-4.6.jar:/home/user/.m2/repository/org/openjdk/jmh/jmh-generator-annprocess/1.19/jmh-generator-annprocess-1.19.jar:/home/user/.m2/repository/io/dropwizard/metrics/metrics-core/3.2.4/metrics-core-3.2.4.jar:/home/user/.m2/repository/com/amazonaws/aws-java-sdk-s3/1.11.615/aws-java-sdk-s3-1.11.615.jar:/home/user/.m2/repository/com/amazonaws/aws-java-sdk-kms/1.11.615/aws-java-sdk-kms-1.11.615.jar:/home/user/.m2/repository/com/amazonaws/aws-java-sdk-core/1.11.615/aws-java-sdk-core-1.11.615.jar:/home/user/.m2/repository/software/amazon/ion/ion-java/1.0.2/ion-java-1.0.2.jar:/home/user/.m2/repository/com/fasterxml/jackson/dataformat/jackson-dataformat-cbor/2.9.9/jackson-dataformat-cbor-2.9.9.jar:/home/user/.m2/repository/joda-time/joda-time/2.9.9/joda-time-2.9.9.jar:/home/user/.m2/repository/com/amazonaws/jmespath-java/1.11.615/jmespath-java-1.11.615.jar:/home/user/.m2/repository/com/github/spotbugs/spotbugs/3.1.12/spotbugs-3.1.12.jar:/home/user/.m2/repository/org/ow2/asm/asm/5.0.4/asm-5.0.4.jar:/home/user/.m2/repository/org/ow2/asm/asm-analysis/7.0/asm-analysis-7.0.jar:/home/user/.m2/repository/org/ow2/asm/asm-commons/7.0/asm-commons-7.0.jar:/home/user/.m2/repository/org/ow2/asm/asm-tree/7.0/asm-tree-7.0.jar:/home/user/.m2/repository/org/ow2/asm/asm-util/7.0/asm-util-7.0.jar:/home/user/.m2/repository/org/apache/bcel/bcel/6.3/bcel-6.3.jar:/home/user/.m2/repository/net/jcip/jcip-annotations/1.0/jcip-annotations-1.0.jar:/home/user/.m2/repository/org/dom4j/dom4j/2.1.1/dom4j-2.1.1.jar:/home/user/.m2/repository/jaxen/jaxen/1.1.6/jaxen-1.1.6.jar:/home/user/.m2/repository/commons-lang/commons-lang/2.6/commons-lang-2.6.jar:/home/user/.m2/repository/com/github/spotbugs/spotbugs-annotations/3.1.12/spotbugs-annotations-3.1.12.jar:/home/user/.m2/repository/junit/junit/4.11/junit-4.11.jar:/home/user/.m2/repository/org/hamcrest/hamcrest-core/1.3/hamcrest-core-1.3.jar:/home/user/.m2/repository/org/apache/hadoop/hadoop-common/3.2.0/hadoop-common-3.2.0-tests.jar:/workdir/hadoop-ozone/integration-test/target/test-classes:/home/user/.m2/repository/org/apache/hadoop/hadoop-ozone-s3gateway/0.5.0-SNAPSHOT/hadoop-ozone-s3gateway-0.5.0-SNAPSHOT.jar:/home/user/.m2/repository/org/jboss/weld/servlet/weld-servlet/2.4.7.Final/weld-servlet-2.4.7.Final.jar:/home/user/.m2/repository/org/glassfish/jersey/containers/jersey-container-servlet-core/2.27/jersey-container-servlet-core-2.27.jar:/home/user/.m2/repository/org/glassfish/hk2/external/javax.inject/2.5.0-b42/javax.inject-2.5.0-b42.jar:/home/user/.m2/repository/org/glassfish/jersey/core/jersey-common/2.27/jersey-common-2.27.jar:/home/user/.m2/repository/org/glassfish/hk2/osgi-resource-locator/1.0.1/osgi-resource-locator-1.0.1.jar:/home/user/.m2/repository/javax/ws/rs/javax.ws.rs-api/2.1/javax.ws.rs-api-2.1.jar:/home/user/.m2/repository/org/glassfish/jersey/ext/cdi/jersey-cdi1x/2.27/jersey-cdi1x-2.27.jar:/home/user/.m2/repository/org/glassfish/jersey/inject/jersey-hk2/2.27/jersey-hk2-2.27.jar:/home/user/.m2/repository/org/glassfish/hk2/hk2-locator/2.5.0-b42/hk2-locator-2.5.0-b42.jar:/home/user/.m2/repository/org/javassist/javassist/3.22.0-CR2/javassist-3.22.0-CR2.jar:/home/user/.m2/repository/org/glassfish/hk2/hk2-api/2.5.0/hk2-api-2.5.0.jar:/home/user/.m2/repository/org/glassfish/hk2/external/jakarta.inject/2.5.0/jakarta.inject-2.5.0.jar:/home/user/.m2/repository/org/glassfish/hk2/hk2-utils/2.5.0/hk2-utils-2.5.0.jar:/home/user/.m2/repository/jakarta/annotation/jakarta.annotation-api/1.3.4/jakarta.annotation-api-1.3.4.jar:/home/user/.m2/repository/org/glassfish/hk2/external/aopalliance-repackaged/2.5.0/aopalliance-repackaged-2.5.0.jar:/home/user/.m2/repository/com/fasterxml/jackson/dataformat/jackson-dataformat-xml/2.9.0/jackson-dataformat-xml-2.9.0.jar:/home/user/.m2/repository/com/fasterxml/jackson/module/jackson-module-jaxb-annotations/2.9.9/jackson-module-jaxb-annotations-2.9.9.jar:/home/user/.m2/repository/javax/enterprise/cdi-api/1.2/cdi-api-1.2.jar:/home/user/.m2/repository/javax/el/javax.el-api/3.0.0/javax.el-api-3.0.0.jar:/home/user/.m2/repository/javax/interceptor/javax.interceptor-api/1.2/javax.interceptor-api-1.2.jar:/home/user/.m2/repository/javax/inject/javax.inject/1/javax.inject-1.jar:/home/user/.m2/repository/org/apache/hadoop/hadoop-ozone-csi/0.5.0-SNAPSHOT/hadoop-ozone-csi-0.5.0-SNAPSHOT.jar:/home/user/.m2/repository/com/google/protobuf/protobuf-java-util/3.5.1/protobuf-java-util-3.5.1.jar:/home/user/.m2/repository/io/grpc/grpc-netty/1.17.1/grpc-netty-1.17.1.jar:/home/user/.m2/repository/io/grpc/grpc-core/1.17.1/grpc-core-1.17.1.jar:/home/user/.m2/repository/io/grpc/grpc-context/1.17.1/grpc-context-1.17.1.jar:/home/user/.m2/repository/com/google/errorprone/error_prone_annotations/2.2.0/error_prone_annotations-2.2.0.jar:/home/user/.m2/repository/org/codehaus/mojo/animal-sniffer-annotations/1.17/animal-sniffer-annotations-1.17.jar:/home/user/.m2/repository/io/opencensus/opencensus-api/0.17.0/opencensus-api-0.17.0.jar:/home/user/.m2/repository/io/opencensus/opencensus-contrib-grpc-metrics/0.17.0/opencensus-contrib-grpc-metrics-0.17.0.jar:/home/user/.m2/repository/io/netty/netty-codec-http2/4.1.30.Final/netty-codec-http2-4.1.30.Final.jar:/home/user/.m2/repository/io/netty/netty-codec-http/4.1.30.Final/netty-codec-http-4.1.30.Final.jar:/home/user/.m2/repository/io/netty/netty-codec/4.1.30.Final/netty-codec-4.1.30.Final.jar:/home/user/.m2/repository/io/netty/netty-handler/4.1.30.Final/netty-handler-4.1.30.Final.jar:/home/user/.m2/repository/io/netty/netty-handler-proxy/4.1.30.Final/netty-handler-proxy-4.1.30.Final.jar:/home/user/.m2/repository/io/netty/netty-codec-socks/4.1.30.Final/netty-codec-socks-4.1.30.Final.jar:/home/user/.m2/repository/io/netty/netty-transport-native-epoll/4.1.30.Final/netty-transport-native-epoll-4.1.30.Final.jar:/home/user/.m2/repository/io/netty/netty-common/4.1.30.Final/netty-common-4.1.30.Final.jar:/home/user/.m2/repository/io/netty/netty-buffer/4.1.30.Final/netty-buffer-4.1.30.Final.jar:/home/user/.m2/repository/io/netty/netty-transport/4.1.30.Final/netty-transport-4.1.30.Final.jar:/home/user/.m2/repository/io/netty/netty-resolver/4.1.30.Final/netty-resolver-4.1.30.Final.jar:/home/user/.m2/repository/io/netty/netty-transport-native-unix-common/4.1.30.Final/netty-transport-native-unix-common-4.1.30.Final.jar:/home/user/.m2/repository/io/grpc/grpc-protobuf/1.17.1/grpc-protobuf-1.17.1.jar:/home/user/.m2/repository/com/google/api/grpc/proto-google-common-protos/1.0.0/proto-google-common-protos-1.0.0.jar:/home/user/.m2/repository/io/grpc/grpc-protobuf-lite/1.17.1/grpc-protobuf-lite-1.17.1.jar:/home/user/.m2/repository/io/grpc/grpc-stub/1.17.1/grpc-stub-1.17.1.jar:/home/user/.m2/repository/org/apache/hadoop/hadoop-ozone-recon/0.5.0-SNAPSHOT/hadoop-ozone-recon-0.5.0-SNAPSHOT.jar:/home/user/.m2/repository/org/apache/hadoop/hadoop-ozone-reconcodegen/0.5.0-SNAPSHOT/hadoop-ozone-reconcodegen-0.5.0-SNAPSHOT.jar:/home/user/.m2/repository/com/google/inject/extensions/guice-multibindings/4.0/guice-multibindings-4.0.jar:/home/user/.m2/repository/com/google/inject/guice/4.0/guice-4.0.jar:/home/user/.m2/repository/aopalliance/aopalliance/1.0/aopalliance-1.0.jar:/home/user/.m2/repository/com/google/inject/extensions/guice-servlet/4.0/guice-servlet-4.0.jar:/home/user/.m2/repository/org/glassfish/jersey/containers/jersey-container-servlet/2.27/jersey-container-servlet-2.27.jar:/home/user/.m2/repository/org/glassfish/hk2/guice-bridge/2.5.0/guice-bridge-2.5.0.jar:/home/user/.m2/repository/org/glassfish/jersey/core/jersey-server/2.27/jersey-server-2.27.jar:/home/user/.m2/repository/org/glassfish/jersey/core/jersey-client/2.27/jersey-client-2.27.jar:/home/user/.m2/repository/org/glassfish/jersey/media/jersey-media-jaxb/2.27/jersey-media-jaxb-2.27.jar:/home/user/.m2/repository/javax/validation/validation-api/1.1.0.Final/validation-api-1.1.0.Final.jar:/home/user/.m2/repository/org/glassfish/jersey/media/jersey-media-json-jackson/2.27/jersey-media-json-jackson-2.27.jar:/home/user/.m2/repository/org/glassfish/jersey/ext/jersey-entity-filtering/2.27/jersey-entity-filtering-2.27.jar:/home/user/.m2/repository/com/google/inject/extensions/guice-assistedinject/4.0/guice-assistedinject-4.0.jar:/home/user/.m2/repository/org/jooq/jooq/3.11.10/jooq-3.11.10.jar:/home/user/.m2/repository/org/jooq/jooq-meta/3.11.10/jooq-meta-3.11.10.jar:/home/user/.m2/repository/org/jooq/jooq-codegen/3.11.10/jooq-codegen-3.11.10.jar:/home/user/.m2/repository/com/jolbox/bonecp/0.8.0.RELEASE/bonecp-0.8.0.RELEASE.jar:/home/user/.m2/repository/org/springframework/spring-jdbc/5.1.3.RELEASE/spring-jdbc-5.1.3.RELEASE.jar:/home/user/.m2/repository/org/springframework/spring-beans/5.1.3.RELEASE/spring-beans-5.1.3.RELEASE.jar:/home/user/.m2/repository/org/springframework/spring-core/5.1.3.RELEASE/spring-core-5.1.3.RELEASE.jar:/home/user/.m2/repository/org/springframework/spring-jcl/5.1.3.RELEASE/spring-jcl-5.1.3.RELEASE.jar:/home/user/.m2/repository/org/springframework/spring-tx/5.1.3.RELEASE/spring-tx-5.1.3.RELEASE.jar:/home/user/.m2/repository/org/mockito/mockito-core/2.15.0/mockito-core-2.15.0.jar:/home/user/.m2/repository/net/bytebuddy/byte-buddy/1.7.9/byte-buddy-1.7.9.jar:/home/user/.m2/repository/net/bytebuddy/byte-buddy-agent/1.7.9/byte-buddy-agent-1.7.9.jar:/home/user/.m2/repository/org/objenesis/objenesis/1.0/objenesis-1.0.jar:"/>
    <property name="java.vm.vendor" value="Oracle Corporation"/>
    <property name="sun.arch.data.model" value="64"/>
    <property name="test.build.dir" value="/workdir/hadoop-ozone/tools/target/test-dir"/>
    <property name="test.cache.data" value=""/>
    <property name="java.vendor.url" value="http://java.oracle.com/"/>
    <property name="user.timezone" value=""/>
    <property name="java.vm.specification.version" value="1.8"/>
    <property name="os.name" value="Linux"/>
    <property name="test.build.data" value="/workdir/hadoop-ozone/tools/target/test-dir"/>
    <property name="user.country" value="US"/>
    <property name="sun.java.launcher" value="SUN_STANDARD"/>
    <property name="sun.boot.library.path" value="/usr/lib/jvm/java-1.8.0-openjdk-1.8.0.222.b10-1.el7_7.x86_64/jre/lib/amd64"/>
    <property name="sun.java.command" value="/workdir/hadoop-ozone/tools/target/surefire/surefirebooter4939331009861226757.jar /workdir/hadoop-ozone/tools/target/surefire 2019-11-15T19-12-24_484-jvmRun1 surefire7394406236456028434tmp surefire_102365978811243557780tmp"/>
    <property name="surefire.test.class.path" value="/workdir/hadoop-ozone/tools/target/test-classes:/workdir/hadoop-ozone/tools/target/classes:/home/user/.m2/repository/org/apache/hadoop/hadoop-ozone-ozone-manager/0.5.0-SNAPSHOT/hadoop-ozone-ozone-manager-0.5.0-SNAPSHOT.jar:/home/user/.m2/repository/org/apache/hadoop/hadoop-hdds-docs/0.5.0-SNAPSHOT/hadoop-hdds-docs-0.5.0-SNAPSHOT.jar:/home/user/.m2/repository/org/bouncycastle/bcprov-jdk15on/1.60/bcprov-jdk15on-1.60.jar:/home/user/.m2/repository/org/apache/hadoop/hadoop-ozone-common/0.5.0-SNAPSHOT/hadoop-ozone-common-0.5.0-SNAPSHOT.jar:/home/user/.m2/repository/org/apache/commons/commons-compress/1.4.1/commons-compress-1.4.1.jar:/home/user/.m2/repository/org/tukaani/xz/1.0/xz-1.0.jar:/home/user/.m2/repository/org/apache/hadoop/hadoop-hdfs-client/3.2.0/hadoop-hdfs-client-3.2.0.jar:/home/user/.m2/repository/com/fasterxml/jackson/core/jackson-annotations/2.9.9/jackson-annotations-2.9.9.jar:/home/user/.m2/repository/org/apache/hadoop/hadoop-hdds-common/0.5.0-SNAPSHOT/hadoop-hdds-common-0.5.0-SNAPSHOT.jar:/home/user/.m2/repository/org/apache/hadoop/hadoop-hdds-config/0.5.0-SNAPSHOT/hadoop-hdds-config-0.5.0-SNAPSHOT.jar:/home/user/.m2/repository/javax/annotation/javax.annotation-api/1.2/javax.annotation-api-1.2.jar:/home/user/.m2/repository/org/apache/ratis/ratis-server/0.5.0-d6d58d0-SNAPSHOT/ratis-server-0.5.0-d6d58d0-SNAPSHOT.jar:/home/user/.m2/repository/org/apache/ratis/ratis-thirdparty-misc/0.2.0/ratis-thirdparty-misc-0.2.0.jar:/home/user/.m2/repository/org/apache/ratis/ratis-proto/0.5.0-d6d58d0-SNAPSHOT/ratis-proto-0.5.0-d6d58d0-SNAPSHOT.jar:/home/user/.m2/repository/org/apache/ratis/ratis-common/0.5.0-d6d58d0-SNAPSHOT/ratis-common-0.5.0-d6d58d0-SNAPSHOT.jar:/home/user/.m2/repository/org/apache/ratis/ratis-client/0.5.0-d6d58d0-SNAPSHOT/ratis-client-0.5.0-d6d58d0-SNAPSHOT.jar:/home/user/.m2/repository/org/apache/ratis/ratis-metrics/0.5.0-d6d58d0-SNAPSHOT/ratis-metrics-0.5.0-d6d58d0-SNAPSHOT.jar:/home/user/.m2/repository/org/apache/ratis/ratis-netty/0.5.0-d6d58d0-SNAPSHOT/ratis-netty-0.5.0-d6d58d0-SNAPSHOT.jar:/home/user/.m2/repository/org/apache/ratis/ratis-grpc/0.5.0-d6d58d0-SNAPSHOT/ratis-grpc-0.5.0-d6d58d0-SNAPSHOT.jar:/home/user/.m2/repository/org/rocksdb/rocksdbjni/6.0.1/rocksdbjni-6.0.1.jar:/home/user/.m2/repository/org/apache/logging/log4j/log4j-api/2.11.0/log4j-api-2.11.0.jar:/home/user/.m2/repository/org/apache/logging/log4j/log4j-core/2.11.0/log4j-core-2.11.0.jar:/home/user/.m2/repository/com/lmax/disruptor/3.4.2/disruptor-3.4.2.jar:/home/user/.m2/repository/org/apache/commons/commons-pool2/2.6.0/commons-pool2-2.6.0.jar:/home/user/.m2/repository/org/bouncycastle/bcpkix-jdk15on/1.60/bcpkix-jdk15on-1.60.jar:/home/user/.m2/repository/commons-validator/commons-validator/1.6/commons-validator-1.6.jar:/home/user/.m2/repository/commons-digester/commons-digester/1.8.1/commons-digester-1.8.1.jar:/home/user/.m2/repository/io/jaegertracing/jaeger-client/0.34.0/jaeger-client-0.34.0.jar:/home/user/.m2/repository/io/jaegertracing/jaeger-thrift/0.34.0/jaeger-thrift-0.34.0.jar:/home/user/.m2/repository/org/apache/thrift/libthrift/0.12.0/libthrift-0.12.0.jar:/home/user/.m2/repository/com/squareup/okhttp3/okhttp/3.9.0/okhttp-3.9.0.jar:/home/user/.m2/repository/com/squareup/okio/okio/1.13.0/okio-1.13.0.jar:/home/user/.m2/repository/io/jaegertracing/jaeger-core/0.34.0/jaeger-core-0.34.0.jar:/home/user/.m2/repository/io/jaegertracing/jaeger-tracerresolver/0.34.0/jaeger-tracerresolver-0.34.0.jar:/home/user/.m2/repository/io/opentracing/contrib/opentracing-tracerresolver/0.1.5/opentracing-tracerresolver-0.1.5.jar:/home/user/.m2/repository/io/opentracing/opentracing-util/0.31.0/opentracing-util-0.31.0.jar:/home/user/.m2/repository/io/opentracing/opentracing-api/0.31.0/opentracing-api-0.31.0.jar:/home/user/.m2/repository/io/opentracing/opentracing-noop/0.31.0/opentracing-noop-0.31.0.jar:/home/user/.m2/repository/org/yaml/snakeyaml/1.16/snakeyaml-1.16.jar:/home/user/.m2/repository/org/apache/hadoop/hadoop-hdds-container-service/0.5.0-SNAPSHOT/hadoop-hdds-container-service-0.5.0-SNAPSHOT.jar:/home/user/.m2/repository/org/apache/hadoop/hadoop-hdds-client/0.5.0-SNAPSHOT/hadoop-hdds-client-0.5.0-SNAPSHOT.jar:/home/user/.m2/repository/org/apache/hadoop/hadoop-hdds-tools/0.5.0-SNAPSHOT/hadoop-hdds-tools-0.5.0-SNAPSHOT.jar:/home/user/.m2/repository/org/xerial/sqlite-jdbc/3.25.2/sqlite-jdbc-3.25.2.jar:/home/user/.m2/repository/org/apache/hadoop/hadoop-hdds-server-scm/0.5.0-SNAPSHOT/hadoop-hdds-server-scm-0.5.0-SNAPSHOT.jar:/home/user/.m2/repository/org/hamcrest/hamcrest-all/1.3/hamcrest-all-1.3.jar:/home/user/.m2/repository/info/picocli/picocli/3.9.6/picocli-3.9.6.jar:/home/user/.m2/repository/com/google/protobuf/protobuf-java/2.5.0/protobuf-java-2.5.0.jar:/home/user/.m2/repository/com/google/guava/guava/11.0.2/guava-11.0.2.jar:/home/user/.m2/repository/org/apache/hadoop/hadoop-ozone-client/0.5.0-SNAPSHOT/hadoop-ozone-client-0.5.0-SNAPSHOT.jar:/workdir/hadoop-ozone/ozonefs/target/classes:/home/user/.m2/repository/org/apache/httpcomponents/httpclient/4.5.2/httpclient-4.5.2.jar:/home/user/.m2/repository/org/apache/httpcomponents/httpcore/4.4.4/httpcore-4.4.4.jar:/home/user/.m2/repository/org/apache/hadoop/hadoop-hdds-server-framework/0.5.0-SNAPSHOT/hadoop-hdds-server-framework-0.5.0-SNAPSHOT.jar:/home/user/.m2/repository/org/apache/hadoop/hadoop-common/3.2.0/hadoop-common-3.2.0.jar:/home/user/.m2/repository/org/apache/hadoop/hadoop-annotations/3.2.0/hadoop-annotations-3.2.0.jar:/usr/lib/jvm/java-1.8.0-openjdk-1.8.0.222.b10-1.el7_7.x86_64/jre/../lib/tools.jar:/home/user/.m2/repository/commons-cli/commons-cli/1.2/commons-cli-1.2.jar:/home/user/.m2/repository/org/apache/commons/commons-math3/3.1.1/commons-math3-3.1.1.jar:/home/user/.m2/repository/commons-codec/commons-codec/1.11/commons-codec-1.11.jar:/home/user/.m2/repository/commons-io/commons-io/2.5/commons-io-2.5.jar:/home/user/.m2/repository/commons-net/commons-net/3.6/commons-net-3.6.jar:/home/user/.m2/repository/commons-collections/commons-collections/3.2.2/commons-collections-3.2.2.jar:/home/user/.m2/repository/javax/servlet/javax.servlet-api/3.1.0/javax.servlet-api-3.1.0.jar:/home/user/.m2/repository/org/eclipse/jetty/jetty-server/9.3.25.v20180904/jetty-server-9.3.25.v20180904.jar:/home/user/.m2/repository/org/eclipse/jetty/jetty-http/9.3.25.v20180904/jetty-http-9.3.25.v20180904.jar:/home/user/.m2/repository/org/eclipse/jetty/jetty-io/9.3.25.v20180904/jetty-io-9.3.25.v20180904.jar:/home/user/.m2/repository/org/eclipse/jetty/jetty-util/9.3.25.v20180904/jetty-util-9.3.25.v20180904.jar:/home/user/.m2/repository/org/eclipse/jetty/jetty-servlet/9.3.25.v20180904/jetty-servlet-9.3.25.v20180904.jar:/home/user/.m2/repository/org/eclipse/jetty/jetty-security/9.3.25.v20180904/jetty-security-9.3.25.v20180904.jar:/home/user/.m2/repository/org/eclipse/jetty/jetty-webapp/9.3.25.v20180904/jetty-webapp-9.3.25.v20180904.jar:/home/user/.m2/repository/org/eclipse/jetty/jetty-xml/9.3.25.v20180904/jetty-xml-9.3.25.v20180904.jar:/home/user/.m2/repository/javax/servlet/jsp/jsp-api/2.1/jsp-api-2.1.jar:/home/user/.m2/repository/com/sun/jersey/jersey-core/1.19/jersey-core-1.19.jar:/home/user/.m2/repository/javax/ws/rs/jsr311-api/1.1.1/jsr311-api-1.1.1.jar:/home/user/.m2/repository/com/sun/jersey/jersey-servlet/1.19/jersey-servlet-1.19.jar:/home/user/.m2/repository/com/sun/jersey/jersey-json/1.19/jersey-json-1.19.jar:/home/user/.m2/repository/org/codehaus/jettison/jettison/1.1/jettison-1.1.jar:/home/user/.m2/repository/com/sun/xml/bind/jaxb-impl/2.3.0.1/jaxb-impl-2.3.0.1.jar:/home/user/.m2/repository/org/codehaus/jackson/jackson-core-asl/1.9.13/jackson-core-asl-1.9.13.jar:/home/user/.m2/repository/org/codehaus/jackson/jackson-mapper-asl/1.9.13/jackson-mapper-asl-1.9.13.jar:/home/user/.m2/repository/org/codehaus/jackson/jackson-jaxrs/1.9.13/jackson-jaxrs-1.9.13.jar:/home/user/.m2/repository/org/codehaus/jackson/jackson-xc/1.9.13/jackson-xc-1.9.13.jar:/home/user/.m2/repository/com/sun/jersey/jersey-server/1.19/jersey-server-1.19.jar:/home/user/.m2/repository/commons-logging/commons-logging/1.1.3/commons-logging-1.1.3.jar:/home/user/.m2/repository/log4j/log4j/1.2.17/log4j-1.2.17.jar:/home/user/.m2/repository/commons-beanutils/commons-beanutils/1.9.4/commons-beanutils-1.9.4.jar:/home/user/.m2/repository/org/apache/commons/commons-configuration2/2.1.1/commons-configuration2-2.1.1.jar:/home/user/.m2/repository/org/apache/commons/commons-lang3/3.7/commons-lang3-3.7.jar:/home/user/.m2/repository/org/apache/commons/commons-text/1.4/commons-text-1.4.jar:/home/user/.m2/repository/org/slf4j/slf4j-api/1.7.25/slf4j-api-1.7.25.jar:/home/user/.m2/repository/org/slf4j/slf4j-log4j12/1.7.25/slf4j-log4j12-1.7.25.jar:/home/user/.m2/repository/org/apache/avro/avro/1.7.7/avro-1.7.7.jar:/home/user/.m2/repository/com/thoughtworks/paranamer/paranamer/2.3/paranamer-2.3.jar:/home/user/.m2/repository/org/xerial/snappy/snappy-java/1.0.5/snappy-java-1.0.5.jar:/home/user/.m2/repository/com/google/re2j/re2j/1.1/re2j-1.1.jar:/home/user/.m2/repository/com/google/code/gson/gson/2.2.4/gson-2.2.4.jar:/home/user/.m2/repository/org/apache/hadoop/hadoop-auth/3.2.0/hadoop-auth-3.2.0.jar:/home/user/.m2/repository/com/nimbusds/nimbus-jose-jwt/4.41.1/nimbus-jose-jwt-4.41.1.jar:/home/user/.m2/repository/com/github/stephenc/jcip/jcip-annotations/1.0-1/jcip-annotations-1.0-1.jar:/home/user/.m2/repository/net/minidev/json-smart/2.3/json-smart-2.3.jar:/home/user/.m2/repository/net/minidev/accessors-smart/1.2/accessors-smart-1.2.jar:/home/user/.m2/repository/org/apache/curator/curator-framework/2.12.0/curator-framework-2.12.0.jar:/home/user/.m2/repository/com/jcraft/jsch/0.1.54/jsch-0.1.54.jar:/home/user/.m2/repository/org/apache/curator/curator-client/2.12.0/curator-client-2.12.0.jar:/home/user/.m2/repository/org/apache/curator/curator-recipes/2.12.0/curator-recipes-2.12.0.jar:/home/user/.m2/repository/com/google/code/findbugs/jsr305/3.0.0/jsr305-3.0.0.jar:/home/user/.m2/repository/org/apache/htrace/htrace-core4/4.1.0-incubating/htrace-core4-4.1.0-incubating.jar:/home/user/.m2/repository/org/apache/zookeeper/zookeeper/3.4.13/zookeeper-3.4.13.jar:/home/user/.m2/repository/jline/jline/0.9.94/jline-0.9.94.jar:/home/user/.m2/repository/org/apache/yetus/audience-annotations/0.5.0/audience-annotations-0.5.0.jar:/home/user/.m2/repository/org/apache/kerby/kerb-simplekdc/1.0.1/kerb-simplekdc-1.0.1.jar:/home/user/.m2/repository/org/apache/kerby/kerb-client/1.0.1/kerb-client-1.0.1.jar:/home/user/.m2/repository/org/apache/kerby/kerby-config/1.0.1/kerby-config-1.0.1.jar:/home/user/.m2/repository/org/apache/kerby/kerb-core/1.0.1/kerb-core-1.0.1.jar:/home/user/.m2/repository/org/apache/kerby/kerby-pkix/1.0.1/kerby-pkix-1.0.1.jar:/home/user/.m2/repository/org/apache/kerby/kerby-asn1/1.0.1/kerby-asn1-1.0.1.jar:/home/user/.m2/repository/org/apache/kerby/kerby-util/1.0.1/kerby-util-1.0.1.jar:/home/user/.m2/repository/org/apache/kerby/kerb-common/1.0.1/kerb-common-1.0.1.jar:/home/user/.m2/repository/org/apache/kerby/kerb-crypto/1.0.1/kerb-crypto-1.0.1.jar:/home/user/.m2/repository/org/apache/kerby/kerb-util/1.0.1/kerb-util-1.0.1.jar:/home/user/.m2/repository/org/apache/kerby/token-provider/1.0.1/token-provider-1.0.1.jar:/home/user/.m2/repository/org/apache/kerby/kerb-admin/1.0.1/kerb-admin-1.0.1.jar:/home/user/.m2/repository/org/apache/kerby/kerb-server/1.0.1/kerb-server-1.0.1.jar:/home/user/.m2/repository/org/apache/kerby/kerb-identity/1.0.1/kerb-identity-1.0.1.jar:/home/user/.m2/repository/org/apache/kerby/kerby-xdr/1.0.1/kerby-xdr-1.0.1.jar:/home/user/.m2/repository/com/fasterxml/jackson/core/jackson-databind/2.9.9/jackson-databind-2.9.9.jar:/home/user/.m2/repository/com/fasterxml/jackson/core/jackson-core/2.9.9/jackson-core-2.9.9.jar:/home/user/.m2/repository/org/codehaus/woodstox/stax2-api/3.1.4/stax2-api-3.1.4.jar:/home/user/.m2/repository/com/fasterxml/woodstox/woodstox-core/5.0.3/woodstox-core-5.0.3.jar:/home/user/.m2/repository/dnsjava/dnsjava/2.1.7/dnsjava-2.1.7.jar:/home/user/.m2/repository/org/apache/hadoop/hadoop-hdfs/3.2.0/hadoop-hdfs-3.2.0.jar:/home/user/.m2/repository/org/eclipse/jetty/jetty-util-ajax/9.3.25.v20180904/jetty-util-ajax-9.3.25.v20180904.jar:/home/user/.m2/repository/commons-daemon/commons-daemon/1.0.13/commons-daemon-1.0.13.jar:/home/user/.m2/repository/io/netty/netty/3.10.5.Final/netty-3.10.5.Final.jar:/home/user/.m2/repository/io/netty/netty-all/4.0.52.Final/netty-all-4.0.52.Final.jar:/home/user/.m2/repository/org/fusesource/leveldbjni/leveldbjni-all/1.8/leveldbjni-all-1.8.jar:/home/user/.m2/repository/com/sun/xml/bind/jaxb-core/2.3.0.1/jaxb-core-2.3.0.1.jar:/home/user/.m2/repository/javax/xml/bind/jaxb-api/2.3.0/jaxb-api-2.3.0.jar:/home/user/.m2/repository/javax/activation/activation/1.1.1/activation-1.1.1.jar:/home/user/.m2/repository/org/openjdk/jmh/jmh-core/1.19/jmh-core-1.19.jar:/home/user/.m2/repository/net/sf/jopt-simple/jopt-simple/4.6/jopt-simple-4.6.jar:/home/user/.m2/repository/org/openjdk/jmh/jmh-generator-annprocess/1.19/jmh-generator-annprocess-1.19.jar:/home/user/.m2/repository/io/dropwizard/metrics/metrics-core/3.2.4/metrics-core-3.2.4.jar:/home/user/.m2/repository/com/amazonaws/aws-java-sdk-s3/1.11.615/aws-java-sdk-s3-1.11.615.jar:/home/user/.m2/repository/com/amazonaws/aws-java-sdk-kms/1.11.615/aws-java-sdk-kms-1.11.615.jar:/home/user/.m2/repository/com/amazonaws/aws-java-sdk-core/1.11.615/aws-java-sdk-core-1.11.615.jar:/home/user/.m2/repository/software/amazon/ion/ion-java/1.0.2/ion-java-1.0.2.jar:/home/user/.m2/repository/com/fasterxml/jackson/dataformat/jackson-dataformat-cbor/2.9.9/jackson-dataformat-cbor-2.9.9.jar:/home/user/.m2/repository/joda-time/joda-time/2.9.9/joda-time-2.9.9.jar:/home/user/.m2/repository/com/amazonaws/jmespath-java/1.11.615/jmespath-java-1.11.615.jar:/home/user/.m2/repository/com/github/spotbugs/spotbugs/3.1.12/spotbugs-3.1.12.jar:/home/user/.m2/repository/org/ow2/asm/asm/5.0.4/asm-5.0.4.jar:/home/user/.m2/repository/org/ow2/asm/asm-analysis/7.0/asm-analysis-7.0.jar:/home/user/.m2/repository/org/ow2/asm/asm-commons/7.0/asm-commons-7.0.jar:/home/user/.m2/repository/org/ow2/asm/asm-tree/7.0/asm-tree-7.0.jar:/home/user/.m2/repository/org/ow2/asm/asm-util/7.0/asm-util-7.0.jar:/home/user/.m2/repository/org/apache/bcel/bcel/6.3/bcel-6.3.jar:/home/user/.m2/repository/net/jcip/jcip-annotations/1.0/jcip-annotations-1.0.jar:/home/user/.m2/repository/org/dom4j/dom4j/2.1.1/dom4j-2.1.1.jar:/home/user/.m2/repository/jaxen/jaxen/1.1.6/jaxen-1.1.6.jar:/home/user/.m2/repository/commons-lang/commons-lang/2.6/commons-lang-2.6.jar:/home/user/.m2/repository/com/github/spotbugs/spotbugs-annotations/3.1.12/spotbugs-annotations-3.1.12.jar:/home/user/.m2/repository/junit/junit/4.11/junit-4.11.jar:/home/user/.m2/repository/org/hamcrest/hamcrest-core/1.3/hamcrest-core-1.3.jar:/home/user/.m2/repository/org/apache/hadoop/hadoop-common/3.2.0/hadoop-common-3.2.0-tests.jar:/workdir/hadoop-ozone/integration-test/target/test-classes:/home/user/.m2/repository/org/apache/hadoop/hadoop-ozone-s3gateway/0.5.0-SNAPSHOT/hadoop-ozone-s3gateway-0.5.0-SNAPSHOT.jar:/home/user/.m2/repository/org/jboss/weld/servlet/weld-servlet/2.4.7.Final/weld-servlet-2.4.7.Final.jar:/home/user/.m2/repository/org/glassfish/jersey/containers/jersey-container-servlet-core/2.27/jersey-container-servlet-core-2.27.jar:/home/user/.m2/repository/org/glassfish/hk2/external/javax.inject/2.5.0-b42/javax.inject-2.5.0-b42.jar:/home/user/.m2/repository/org/glassfish/jersey/core/jersey-common/2.27/jersey-common-2.27.jar:/home/user/.m2/repository/org/glassfish/hk2/osgi-resource-locator/1.0.1/osgi-resource-locator-1.0.1.jar:/home/user/.m2/repository/javax/ws/rs/javax.ws.rs-api/2.1/javax.ws.rs-api-2.1.jar:/home/user/.m2/repository/org/glassfish/jersey/ext/cdi/jersey-cdi1x/2.27/jersey-cdi1x-2.27.jar:/home/user/.m2/repository/org/glassfish/jersey/inject/jersey-hk2/2.27/jersey-hk2-2.27.jar:/home/user/.m2/repository/org/glassfish/hk2/hk2-locator/2.5.0-b42/hk2-locator-2.5.0-b42.jar:/home/user/.m2/repository/org/javassist/javassist/3.22.0-CR2/javassist-3.22.0-CR2.jar:/home/user/.m2/repository/org/glassfish/hk2/hk2-api/2.5.0/hk2-api-2.5.0.jar:/home/user/.m2/repository/org/glassfish/hk2/external/jakarta.inject/2.5.0/jakarta.inject-2.5.0.jar:/home/user/.m2/repository/org/glassfish/hk2/hk2-utils/2.5.0/hk2-utils-2.5.0.jar:/home/user/.m2/repository/jakarta/annotation/jakarta.annotation-api/1.3.4/jakarta.annotation-api-1.3.4.jar:/home/user/.m2/repository/org/glassfish/hk2/external/aopalliance-repackaged/2.5.0/aopalliance-repackaged-2.5.0.jar:/home/user/.m2/repository/com/fasterxml/jackson/dataformat/jackson-dataformat-xml/2.9.0/jackson-dataformat-xml-2.9.0.jar:/home/user/.m2/repository/com/fasterxml/jackson/module/jackson-module-jaxb-annotations/2.9.9/jackson-module-jaxb-annotations-2.9.9.jar:/home/user/.m2/repository/javax/enterprise/cdi-api/1.2/cdi-api-1.2.jar:/home/user/.m2/repository/javax/el/javax.el-api/3.0.0/javax.el-api-3.0.0.jar:/home/user/.m2/repository/javax/interceptor/javax.interceptor-api/1.2/javax.interceptor-api-1.2.jar:/home/user/.m2/repository/javax/inject/javax.inject/1/javax.inject-1.jar:/home/user/.m2/repository/org/apache/hadoop/hadoop-ozone-csi/0.5.0-SNAPSHOT/hadoop-ozone-csi-0.5.0-SNAPSHOT.jar:/home/user/.m2/repository/com/google/protobuf/protobuf-java-util/3.5.1/protobuf-java-util-3.5.1.jar:/home/user/.m2/repository/io/grpc/grpc-netty/1.17.1/grpc-netty-1.17.1.jar:/home/user/.m2/repository/io/grpc/grpc-core/1.17.1/grpc-core-1.17.1.jar:/home/user/.m2/repository/io/grpc/grpc-context/1.17.1/grpc-context-1.17.1.jar:/home/user/.m2/repository/com/google/errorprone/error_prone_annotations/2.2.0/error_prone_annotations-2.2.0.jar:/home/user/.m2/repository/org/codehaus/mojo/animal-sniffer-annotations/1.17/animal-sniffer-annotations-1.17.jar:/home/user/.m2/repository/io/opencensus/opencensus-api/0.17.0/opencensus-api-0.17.0.jar:/home/user/.m2/repository/io/opencensus/opencensus-contrib-grpc-metrics/0.17.0/opencensus-contrib-grpc-metrics-0.17.0.jar:/home/user/.m2/repository/io/netty/netty-codec-http2/4.1.30.Final/netty-codec-http2-4.1.30.Final.jar:/home/user/.m2/repository/io/netty/netty-codec-http/4.1.30.Final/netty-codec-http-4.1.30.Final.jar:/home/user/.m2/repository/io/netty/netty-codec/4.1.30.Final/netty-codec-4.1.30.Final.jar:/home/user/.m2/repository/io/netty/netty-handler/4.1.30.Final/netty-handler-4.1.30.Final.jar:/home/user/.m2/repository/io/netty/netty-handler-proxy/4.1.30.Final/netty-handler-proxy-4.1.30.Final.jar:/home/user/.m2/repository/io/netty/netty-codec-socks/4.1.30.Final/netty-codec-socks-4.1.30.Final.jar:/home/user/.m2/repository/io/netty/netty-transport-native-epoll/4.1.30.Final/netty-transport-native-epoll-4.1.30.Final.jar:/home/user/.m2/repository/io/netty/netty-common/4.1.30.Final/netty-common-4.1.30.Final.jar:/home/user/.m2/repository/io/netty/netty-buffer/4.1.30.Final/netty-buffer-4.1.30.Final.jar:/home/user/.m2/repository/io/netty/netty-transport/4.1.30.Final/netty-transport-4.1.30.Final.jar:/home/user/.m2/repository/io/netty/netty-resolver/4.1.30.Final/netty-resolver-4.1.30.Final.jar:/home/user/.m2/repository/io/netty/netty-transport-native-unix-common/4.1.30.Final/netty-transport-native-unix-common-4.1.30.Final.jar:/home/user/.m2/repository/io/grpc/grpc-protobuf/1.17.1/grpc-protobuf-1.17.1.jar:/home/user/.m2/repository/com/google/api/grpc/proto-google-common-protos/1.0.0/proto-google-common-protos-1.0.0.jar:/home/user/.m2/repository/io/grpc/grpc-protobuf-lite/1.17.1/grpc-protobuf-lite-1.17.1.jar:/home/user/.m2/repository/io/grpc/grpc-stub/1.17.1/grpc-stub-1.17.1.jar:/home/user/.m2/repository/org/apache/hadoop/hadoop-ozone-recon/0.5.0-SNAPSHOT/hadoop-ozone-recon-0.5.0-SNAPSHOT.jar:/home/user/.m2/repository/org/apache/hadoop/hadoop-ozone-reconcodegen/0.5.0-SNAPSHOT/hadoop-ozone-reconcodegen-0.5.0-SNAPSHOT.jar:/home/user/.m2/repository/com/google/inject/extensions/guice-multibindings/4.0/guice-multibindings-4.0.jar:/home/user/.m2/repository/com/google/inject/guice/4.0/guice-4.0.jar:/home/user/.m2/repository/aopalliance/aopalliance/1.0/aopalliance-1.0.jar:/home/user/.m2/repository/com/google/inject/extensions/guice-servlet/4.0/guice-servlet-4.0.jar:/home/user/.m2/repository/org/glassfish/jersey/containers/jersey-container-servlet/2.27/jersey-container-servlet-2.27.jar:/home/user/.m2/repository/org/glassfish/hk2/guice-bridge/2.5.0/guice-bridge-2.5.0.jar:/home/user/.m2/repository/org/glassfish/jersey/core/jersey-server/2.27/jersey-server-2.27.jar:/home/user/.m2/repository/org/glassfish/jersey/core/jersey-client/2.27/jersey-client-2.27.jar:/home/user/.m2/repository/org/glassfish/jersey/media/jersey-media-jaxb/2.27/jersey-media-jaxb-2.27.jar:/home/user/.m2/repository/javax/validation/validation-api/1.1.0.Final/validation-api-1.1.0.Final.jar:/home/user/.m2/repository/org/glassfish/jersey/media/jersey-media-json-jackson/2.27/jersey-media-json-jackson-2.27.jar:/home/user/.m2/repository/org/glassfish/jersey/ext/jersey-entity-filtering/2.27/jersey-entity-filtering-2.27.jar:/home/user/.m2/repository/com/google/inject/extensions/guice-assistedinject/4.0/guice-assistedinject-4.0.jar:/home/user/.m2/repository/org/jooq/jooq/3.11.10/jooq-3.11.10.jar:/home/user/.m2/repository/org/jooq/jooq-meta/3.11.10/jooq-meta-3.11.10.jar:/home/user/.m2/repository/org/jooq/jooq-codegen/3.11.10/jooq-codegen-3.11.10.jar:/home/user/.m2/repository/com/jolbox/bonecp/0.8.0.RELEASE/bonecp-0.8.0.RELEASE.jar:/home/user/.m2/repository/org/springframework/spring-jdbc/5.1.3.RELEASE/spring-jdbc-5.1.3.RELEASE.jar:/home/user/.m2/repository/org/springframework/spring-beans/5.1.3.RELEASE/spring-beans-5.1.3.RELEASE.jar:/home/user/.m2/repository/org/springframework/spring-core/5.1.3.RELEASE/spring-core-5.1.3.RELEASE.jar:/home/user/.m2/repository/org/springframework/spring-jcl/5.1.3.RELEASE/spring-jcl-5.1.3.RELEASE.jar:/home/user/.m2/repository/org/springframework/spring-tx/5.1.3.RELEASE/spring-tx-5.1.3.RELEASE.jar:/home/user/.m2/repository/org/mockito/mockito-core/2.15.0/mockito-core-2.15.0.jar:/home/user/.m2/repository/net/bytebuddy/byte-buddy/1.7.9/byte-buddy-1.7.9.jar:/home/user/.m2/repository/net/bytebuddy/byte-buddy-agent/1.7.9/byte-buddy-agent-1.7.9.jar:/home/user/.m2/repository/org/objenesis/objenesis/1.0/objenesis-1.0.jar:"/>
    <property name="sun.cpu.endian" value="little"/>
    <property name="user.home" value="/home/user"/>
    <property name="user.language" value="en"/>
    <property name="java.specification.vendor" value="Oracle Corporation"/>
    <property name="java.home" value="/usr/lib/jvm/java-1.8.0-openjdk-1.8.0.222.b10-1.el7_7.x86_64/jre"/>
    <property name="surefire.excludesFile" value="/tools/ozone-bad-unit-tests"/>
    <property name="java.security.krb5.conf" value="/workdir/hadoop-ozone/tools/target/test-classes/krb5.conf"/>
    <property name="basedir" value="/workdir/hadoop-ozone/tools"/>
    <property name="file.separator" value="/"/>
    <property name="line.separator" value="&#10;"/>
    <property name="java.vm.specification.vendor" value="Oracle Corporation"/>
    <property name="java.specification.name" value="Java Platform API Specification"/>
    <property name="java.awt.graphicsenv" value="sun.awt.X11GraphicsEnvironment"/>
    <property name="surefire.real.class.path" value="/workdir/hadoop-ozone/tools/target/surefire/surefirebooter4939331009861226757.jar"/>
    <property name="hadoop.log.dir" value="/workdir/hadoop-ozone/tools/target/log"/>
    <property name="sun.boot.class.path" value="/usr/lib/jvm/java-1.8.0-openjdk-1.8.0.222.b10-1.el7_7.x86_64/jre/lib/resources.jar:/usr/lib/jvm/java-1.8.0-openjdk-1.8.0.222.b10-1.el7_7.x86_64/jre/lib/rt.jar:/usr/lib/jvm/java-1.8.0-openjdk-1.8.0.222.b10-1.el7_7.x86_64/jre/lib/sunrsasign.jar:/usr/lib/jvm/java-1.8.0-openjdk-1.8.0.222.b10-1.el7_7.x86_64/jre/lib/jsse.jar:/usr/lib/jvm/java-1.8.0-openjdk-1.8.0.222.b10-1.el7_7.x86_64/jre/lib/jce.jar:/usr/lib/jvm/java-1.8.0-openjdk-1.8.0.222.b10-1.el7_7.x86_64/jre/lib/charsets.jar:/usr/lib/jvm/java-1.8.0-openjdk-1.8.0.222.b10-1.el7_7.x86_64/jre/lib/jfr.jar:/usr/lib/jvm/java-1.8.0-openjdk-1.8.0.222.b10-1.el7_7.x86_64/jre/classes"/>
    <property name="sun.management.compiler" value="HotSpot 64-Bit Tiered Compilers"/>
    <property name="java.runtime.version" value="1.8.0_222-b10"/>
    <property name="java.net.preferIPv4Stack" value="true"/>
    <property name="user.name" value="jenkins1000"/>
    <property name="path.separator" value=":"/>
    <property name="java.security.egd" value="file:///dev/urandom"/>
    <property name="os.version" value="3.10.0-957.12.2.el7.x86_64"/>
    <property name="java.endorsed.dirs" value="/usr/lib/jvm/java-1.8.0-openjdk-1.8.0.222.b10-1.el7_7.x86_64/jre/lib/endorsed"/>
    <property name="java.runtime.name" value="OpenJDK Runtime Environment"/>
    <property name="file.encoding" value="ANSI_X3.4-1968"/>
    <property name="java.vm.name" value="OpenJDK 64-Bit Server VM"/>
    <property name="test.build.webapps" value=""/>
    <property name="localRepository" value="/home/user/.m2/repository"/>
    <property name="java.vendor.url.bug" value="http://bugreport.sun.com/bugreport/"/>
    <property name="java.io.tmpdir" value="/tmp"/>
    <property name="require.test.libhadoop" value=""/>
    <property name="java.version" value="1.8.0_222"/>
    <property name="user.dir" value="/workdir/hadoop-ozone/tools"/>
    <property name="os.arch" value="amd64"/>
    <property name="java.vm.specification.name" value="Java Virtual Machine Specification"/>
    <property name="test.build.classes" value="/workdir/hadoop-ozone/tools/target/test-classes"/>
    <property name="java.awt.printerjob" value="sun.print.PSPrinterJob"/>
    <property name="sun.os.patch.level" value="unknown"/>
    <property name="hadoop.tmp.dir" value="/workdir/hadoop-ozone/tools/target/tmp"/>
    <property name="java.library.path" value="/usr/lib:/workdir/hadoop-ozone/tools/target/native/target/usr/local/lib:/workdir/hadoop-ozone/tools/../../hadoop-common-project/hadoop-common/target/native/target/usr/local/lib:/usr/java/packages/lib/amd64:/usr/lib64:/lib64:/lib:/usr/lib"/>
    <property name="java.vm.info" value="mixed mode"/>
    <property name="java.vendor" value="Oracle Corporation"/>
    <property name="java.vm.version" value="25.222-b10"/>
    <property name="java.ext.dirs" value="/usr/lib/jvm/java-1.8.0-openjdk-1.8.0.222.b10-1.el7_7.x86_64/jre/lib/ext:/usr/java/packages/lib/ext"/>
    <property name="sun.io.unicode.encoding" value="UnicodeLittle"/>
    <property name="java.class.version" value="52.0"/>
  </properties>
  <testcase name="testRestart" classname="org.apache.hadoop.ozone.freon.TestFreonWithPipelineDestroy" time="18.367">
    <error message="INTERNAL_ERROR org.apache.hadoop.ozone.om.exceptions.OMException: Allocated 0 blocks. Requested 5 blocks" type="java.lang.RuntimeException">java.lang.RuntimeException: INTERNAL_ERROR org.apache.hadoop.ozone.om.exceptions.OMException: Allocated 0 blocks. Requested 5 blocks
	at org.apache.hadoop.ozone.freon.RandomKeyGenerator.call(RandomKeyGenerator.java:341)
	at org.apache.hadoop.ozone.freon.TestFreonWithPipelineDestroy.startFreon(TestFreonWithPipelineDestroy.java:87)
	at org.apache.hadoop.ozone.freon.TestFreonWithPipelineDestroy.testRestart(TestFreonWithPipelineDestroy.java:74)
	at sun.reflect.NativeMethodAccessorImpl.invoke0(Native Method)
	at sun.reflect.NativeMethodAccessorImpl.invoke(NativeMethodAccessorImpl.java:62)
	at sun.reflect.DelegatingMethodAccessorImpl.invoke(DelegatingMethodAccessorImpl.java:43)
	at java.lang.reflect.Method.invoke(Method.java:498)
	at org.junit.runners.model.FrameworkMethod$1.runReflectiveCall(FrameworkMethod.java:47)
	at org.junit.internal.runners.model.ReflectiveCallable.run(ReflectiveCallable.java:12)
	at org.junit.runners.model.FrameworkMethod.invokeExplosively(FrameworkMethod.java:44)
	at org.junit.internal.runners.statements.InvokeMethod.evaluate(InvokeMethod.java:17)
	at org.junit.runners.ParentRunner.runLeaf(ParentRunner.java:271)
	at org.junit.runners.BlockJUnit4ClassRunner.runChild(BlockJUnit4ClassRunner.java:70)
	at org.junit.runners.BlockJUnit4ClassRunner.runChild(BlockJUnit4ClassRunner.java:50)
	at org.junit.runners.ParentRunner$3.run(ParentRunner.java:238)
	at org.junit.runners.ParentRunner$1.schedule(ParentRunner.java:63)
	at org.junit.runners.ParentRunner.runChildren(ParentRunner.java:236)
	at org.junit.runners.ParentRunner.access$000(ParentRunner.java:53)
	at org.junit.runners.ParentRunner$2.evaluate(ParentRunner.java:229)
	at org.junit.internal.runners.statements.RunBefores.evaluate(RunBefores.java:26)
	at org.junit.internal.runners.statements.RunAfters.evaluate(RunAfters.java:27)
	at org.junit.runners.ParentRunner.run(ParentRunner.java:309)
	at org.apache.maven.surefire.junit4.JUnit4Provider.execute(JUnit4Provider.java:365)
	at org.apache.maven.surefire.junit4.JUnit4Provider.executeWithRerun(JUnit4Provider.java:273)
	at org.apache.maven.surefire.junit4.JUnit4Provider.executeTestSet(JUnit4Provider.java:238)
	at org.apache.maven.surefire.junit4.JUnit4Provider.invoke(JUnit4Provider.java:159)
	at org.apache.maven.surefire.booter.ForkedBooter.invokeProviderInSameClassLoader(ForkedBooter.java:384)
	at org.apache.maven.surefire.booter.ForkedBooter.runSuitesInProcess(ForkedBooter.java:345)
	at org.apache.maven.surefire.booter.ForkedBooter.execute(ForkedBooter.java:126)
	at org.apache.maven.surefire.booter.ForkedBooter.main(ForkedBooter.java:418)
Caused by: INTERNAL_ERROR org.apache.hadoop.ozone.om.exceptions.OMException: Allocated 0 blocks. Requested 5 blocks
	at org.apache.hadoop.ozone.om.protocolPB.OzoneManagerProtocolClientSideTranslatorPB.handleError(OzoneManagerProtocolClientSideTranslatorPB.java:761)
	at org.apache.hadoop.ozone.om.protocolPB.OzoneManagerProtocolClientSideTranslatorPB.openKey(OzoneManagerProtocolClientSideTranslatorPB.java:752)
	at sun.reflect.NativeMethodAccessorImpl.invoke0(Native Method)
	at sun.reflect.NativeMethodAccessorImpl.invoke(NativeMethodAccessorImpl.java:62)
	at sun.reflect.DelegatingMethodAccessorImpl.invoke(DelegatingMethodAccessorImpl.java:43)
	at java.lang.reflect.Method.invoke(Method.java:498)
	at org.apache.hadoop.hdds.tracing.TraceAllMethod.invoke(TraceAllMethod.java:66)
	at com.sun.proxy.$Proxy37.openKey(Unknown Source)
	at org.apache.hadoop.ozone.client.rpc.RpcClient.createKey(RpcClient.java:633)
	at org.apache.hadoop.ozone.client.OzoneBucket.createKey(OzoneBucket.java:325)
	at org.apache.hadoop.ozone.freon.RandomKeyGenerator.createKey(RandomKeyGenerator.java:697)
	at org.apache.hadoop.ozone.freon.RandomKeyGenerator.access$1100(RandomKeyGenerator.java:88)
	at org.apache.hadoop.ozone.freon.RandomKeyGenerator$ObjectCreator.run(RandomKeyGenerator.java:615)
	at java.util.concurrent.Executors$RunnableAdapter.call(Executors.java:511)
	at java.util.concurrent.FutureTask.run(FutureTask.java:266)
	at java.util.concurrent.ThreadPoolExecutor.runWorker(ThreadPoolExecutor.java:1149)
	at java.util.concurrent.ThreadPoolExecutor$Worker.run(ThreadPoolExecutor.java:624)
	at java.lang.Thread.run(Thread.java:748)
</error>
    <system-out><![CDATA[2019-11-15 21:04:45,163 [main] WARN  server.ServerUtils (ServerUtils.java:getScmDbDir(145)) - ozone.scm.db.dirs is not configured. We recommend adding this setting. Falling back to ozone.metadata.dirs instead.
2019-11-15 21:04:45,258 [main] WARN  server.ServerUtils (ServerUtils.java:getScmDbDir(145)) - ozone.scm.db.dirs is not configured. We recommend adding this setting. Falling back to ozone.metadata.dirs instead.
2019-11-15 21:04:45,261 [main] WARN  server.ServerUtils (ServerUtils.java:getScmDbDir(145)) - ozone.scm.db.dirs is not configured. We recommend adding this setting. Falling back to ozone.metadata.dirs instead.
2019-11-15 21:04:45,283 [main] INFO  util.log (Log.java:initialized(192)) - Logging initialized @795ms
2019-11-15 21:04:45,372 [main] INFO  db.DBStoreBuilder (DBStoreBuilder.java:addTable(127)) - using custom profile for table: deletedBlocks
2019-11-15 21:04:45,372 [main] INFO  db.DBStoreBuilder (DBStoreBuilder.java:processTables(183)) - Using default column profile:DBProfile.DISK for Table:deletedBlocks
2019-11-15 21:04:45,372 [main] INFO  db.DBStoreBuilder (DBStoreBuilder.java:addTable(127)) - using custom profile for table: validCerts
2019-11-15 21:04:45,373 [main] INFO  db.DBStoreBuilder (DBStoreBuilder.java:processTables(183)) - Using default column profile:DBProfile.DISK for Table:validCerts
2019-11-15 21:04:45,373 [main] INFO  db.DBStoreBuilder (DBStoreBuilder.java:addTable(127)) - using custom profile for table: revokedCerts
2019-11-15 21:04:45,373 [main] INFO  db.DBStoreBuilder (DBStoreBuilder.java:processTables(183)) - Using default column profile:DBProfile.DISK for Table:revokedCerts
2019-11-15 21:04:45,383 [main] INFO  db.DBStoreBuilder (DBStoreBuilder.java:addTable(127)) - using custom profile for table: default
2019-11-15 21:04:45,384 [main] INFO  db.DBStoreBuilder (DBStoreBuilder.java:processTables(189)) - Using default column profile:DBProfile.DISK for Table:default
2019-11-15 21:04:45,385 [main] INFO  db.DBStoreBuilder (DBStoreBuilder.java:getDbProfile(220)) - Using default options. DBProfile.DISK
2019-11-15 21:04:45,597 [main] INFO  net.NodeSchemaLoader (NodeSchemaLoader.java:loadSchemaFromFile(125)) - Loading file from sun.misc.CompoundEnumeration@5e0e82ae
2019-11-15 21:04:45,598 [main] INFO  net.NodeSchemaLoader (NodeSchemaLoader.java:loadSchema(171)) - Loading network topology layer schema file
2019-11-15 21:04:45,652 [main] INFO  node.SCMNodeManager (SCMNodeManager.java:<init>(116)) - Entering startup safe mode.
2019-11-15 21:04:45,716 [main] INFO  algorithms.ContainerPlacementPolicyFactory (ContainerPlacementPolicyFactory.java:getPolicy(57)) - Create container placement policy of type org.apache.hadoop.hdds.scm.container.placement.algorithms.SCMContainerPlacementRandom
2019-11-15 21:04:45,729 [main] WARN  server.ServerUtils (ServerUtils.java:getScmDbDir(145)) - ozone.scm.db.dirs is not configured. We recommend adding this setting. Falling back to ozone.metadata.dirs instead.
2019-11-15 21:04:45,774 [main] INFO  pipeline.SCMPipelineManager (SCMPipelineManager.java:initializePipelineState(136)) - No pipeline exists in current db
2019-11-15 21:04:45,776 [main] WARN  server.ServerUtils (ServerUtils.java:getScmDbDir(145)) - ozone.scm.db.dirs is not configured. We recommend adding this setting. Falling back to ozone.metadata.dirs instead.
2019-11-15 21:04:45,914 [main] INFO  safemode.HealthyPipelineSafeModeRule (HealthyPipelineSafeModeRule.java:<init>(92)) -  Total pipeline count is 0, healthy pipeline threshold count is 1
2019-11-15 21:04:45,918 [main] INFO  safemode.OneReplicaPipelineSafeModeRule (OneReplicaPipelineSafeModeRule.java:<init>(79)) - Total pipeline count is 0, pipeline's with at least one datanode reported threshold count is 0
2019-11-15 21:04:45,919 [main] WARN  events.EventQueue (EventQueue.java:fireEvent(183)) - No event handler registered for event TypedEvent{payloadType=SafeModeStatus, name='SafeModeStatus'}
2019-11-15 21:04:46,298 [main] INFO  ipc.CallQueueManager (CallQueueManager.java:<init>(84)) - Using callQueue: class java.util.concurrent.LinkedBlockingQueue, queueCapacity: 2000, scheduler: class org.apache.hadoop.ipc.DefaultRpcScheduler, ipcBackoff: false.
2019-11-15 21:04:46,400 [Socket Reader #1 for port 37115] INFO  ipc.Server (Server.java:run(1074)) - Starting Socket Reader #1 for port 37115
2019-11-15 21:04:46,423 [main] INFO  ipc.CallQueueManager (CallQueueManager.java:<init>(84)) - Using callQueue: class java.util.concurrent.LinkedBlockingQueue, queueCapacity: 2000, scheduler: class org.apache.hadoop.ipc.DefaultRpcScheduler, ipcBackoff: false.
2019-11-15 21:04:46,423 [Socket Reader #1 for port 43618] INFO  ipc.Server (Server.java:run(1074)) - Starting Socket Reader #1 for port 43618
2019-11-15 21:04:46,430 [main] INFO  ipc.CallQueueManager (CallQueueManager.java:<init>(84)) - Using callQueue: class java.util.concurrent.LinkedBlockingQueue, queueCapacity: 2000, scheduler: class org.apache.hadoop.ipc.DefaultRpcScheduler, ipcBackoff: false.
2019-11-15 21:04:46,431 [Socket Reader #1 for port 35029] INFO  ipc.Server (Server.java:run(1074)) - Starting Socket Reader #1 for port 35029
2019-11-15 21:04:46,454 [main] INFO  hdfs.DFSUtil (DFSUtil.java:httpServerTemplateForNNAndJN(1641)) - Starting Web-server for scm at: http://0.0.0.0:0
2019-11-15 21:04:46,580 [main] INFO  server.AuthenticationFilter (AuthenticationFilter.java:constructSecretProvider(240)) - Unable to initialize FileSignerSecretProvider, falling back to use random secrets.
2019-11-15 21:04:46,595 [main] WARN  http.HttpRequestLog (HttpRequestLog.java:getRequestLog(97)) - Jetty request log can only be enabled using Log4j
2019-11-15 21:04:46,603 [main] INFO  http.HttpServer2 (HttpServer2.java:addGlobalFilter(975)) - Added global filter 'safety' (class=org.apache.hadoop.http.HttpServer2$QuotingInputFilter)
2019-11-15 21:04:46,606 [main] INFO  http.HttpServer2 (HttpServer2.java:addFilter(948)) - Added filter static_user_filter (class=org.apache.hadoop.http.lib.StaticUserWebFilter$StaticUserFilter) to context scm
2019-11-15 21:04:46,606 [main] INFO  http.HttpServer2 (HttpServer2.java:addFilter(958)) - Added filter static_user_filter (class=org.apache.hadoop.http.lib.StaticUserWebFilter$StaticUserFilter) to context static
2019-11-15 21:04:46,606 [main] INFO  http.HttpServer2 (HttpServer2.java:addFilter(958)) - Added filter static_user_filter (class=org.apache.hadoop.http.lib.StaticUserWebFilter$StaticUserFilter) to context logs
2019-11-15 21:04:46,632 [main] INFO  server.StorageContainerManager (StorageContainerManager.java:start(765)) - StorageContainerLocationProtocol RPC server is listening at /0.0.0.0:35029
2019-11-15 21:04:46,687 [main] WARN  impl.MetricsConfig (MetricsConfig.java:loadFirst(134)) - Cannot locate configuration: tried hadoop-metrics2-storagecontainermanager.properties,hadoop-metrics2.properties
2019-11-15 21:04:46,701 [main] INFO  impl.MetricsSystemImpl (MetricsSystemImpl.java:startTimer(374)) - Scheduled Metric snapshot period at 10 second(s).
2019-11-15 21:04:46,701 [main] INFO  impl.MetricsSystemImpl (MetricsSystemImpl.java:start(191)) - StorageContainerManager metrics system started
2019-11-15 21:04:46,916 [main] INFO  server.SCMClientProtocolServer (SCMClientProtocolServer.java:start(160)) - RPC server for Client  is listening at /0.0.0.0:35029
2019-11-15 21:04:46,916 [IPC Server Responder] INFO  ipc.Server (Server.java:run(1314)) - IPC Server Responder: starting
2019-11-15 21:04:46,916 [IPC Server listener on 35029] INFO  ipc.Server (Server.java:run(1153)) - IPC Server listener on 35029: starting
2019-11-15 21:04:46,919 [main] INFO  server.StorageContainerManager (StorageContainerManager.java:start(775)) - ScmBlockLocationProtocol RPC server is listening at /0.0.0.0:43618
2019-11-15 21:04:46,919 [main] INFO  server.SCMBlockProtocolServer (SCMBlockProtocolServer.java:start(146)) - RPC server for Block Protocol is listening at /0.0.0.0:43618
2019-11-15 21:04:46,920 [IPC Server Responder] INFO  ipc.Server (Server.java:run(1314)) - IPC Server Responder: starting
2019-11-15 21:04:46,920 [IPC Server listener on 43618] INFO  ipc.Server (Server.java:run(1153)) - IPC Server listener on 43618: starting
2019-11-15 21:04:46,922 [main] INFO  server.StorageContainerManager (StorageContainerManager.java:start(779)) - ScmDatanodeProtocl RPC server is listening at /0.0.0.0:37115
2019-11-15 21:04:46,922 [main] INFO  server.SCMDatanodeProtocolServer (SCMDatanodeProtocolServer.java:start(177)) - RPC server for DataNodes is listening at /0.0.0.0:37115
2019-11-15 21:04:46,922 [IPC Server Responder] INFO  ipc.Server (Server.java:run(1314)) - IPC Server Responder: starting
2019-11-15 21:04:46,922 [IPC Server listener on 37115] INFO  ipc.Server (Server.java:run(1153)) - IPC Server listener on 37115: starting
2019-11-15 21:04:46,925 [main] INFO  http.HttpServer2 (HttpServer2.java:bindListener(1191)) - Jetty bound to port 45340
2019-11-15 21:04:46,927 [main] INFO  server.Server (Server.java:doStart(351)) - jetty-9.3.25.v20180904, build timestamp: 2018-09-04T21:11:46Z, git hash: 3ce520221d0240229c862b122d2b06c12a625732
2019-11-15 21:04:46,955 [main] INFO  handler.ContextHandler (ContextHandler.java:doStart(781)) - Started o.e.j.s.ServletContextHandler@4218500f{/logs,file:///workdir/hadoop-ozone/tools/target/log,AVAILABLE}
2019-11-15 21:04:46,956 [main] INFO  handler.ContextHandler (ContextHandler.java:doStart(781)) - Started o.e.j.s.ServletContextHandler@c2db68f{/static,jar:file:/home/user/.m2/repository/org/apache/hadoop/hadoop-hdds-server-scm/0.5.0-SNAPSHOT/hadoop-hdds-server-scm-0.5.0-SNAPSHOT.jar!/webapps/static,AVAILABLE}
2019-11-15 21:04:47,027 [main] INFO  handler.ContextHandler (ContextHandler.java:doStart(781)) - Started o.e.j.w.WebAppContext@37cd92d6{/,file:///tmp/jetty-0.0.0.0-45340-scm-_-any-1498162938476773276.dir/webapp/,AVAILABLE}{/scm}
2019-11-15 21:04:47,033 [main] INFO  server.AbstractConnector (AbstractConnector.java:doStart(278)) - Started ServerConnector@7e0aadd0{HTTP/1.1,[http/1.1]}{0.0.0.0:45340}
2019-11-15 21:04:47,033 [main] INFO  server.Server (Server.java:doStart(419)) - Started @2545ms
2019-11-15 21:04:47,035 [main] INFO  impl.MetricsSinkAdapter (MetricsSinkAdapter.java:start(204)) - Sink prometheus started
2019-11-15 21:04:47,036 [main] INFO  impl.MetricsSystemImpl (MetricsSystemImpl.java:registerSink(301)) - Registered sink prometheus
2019-11-15 21:04:47,037 [main] INFO  server.BaseHttpServer (BaseHttpServer.java:updateConnectorAddress(215)) - HTTP server of SCM is listening at http://0.0.0.0:45340
2019-11-15 21:04:47,044 [org.apache.hadoop.util.JvmPauseMonitor$Monitor@2f66e802] INFO  util.JvmPauseMonitor (JvmPauseMonitor.java:run(188)) - Starting JVM pause monitor
2019-11-15 21:04:47,048 [main] WARN  server.ServerUtils (ServerUtils.java:getDBPath(222)) - ozone.om.db.dirs is not configured. We recommend adding this setting. Falling back to ozone.metadata.dirs instead.
2019-11-15 21:04:47,125 [main] INFO  ha.OMHANodeDetails (OMHANodeDetails.java:loadOMHAConfig(190)) - Configuration either no ozone.om.address set. Falling back to the default OM address /127.0.0.1:0
2019-11-15 21:04:47,125 [main] INFO  ha.OMHANodeDetails (OMHANodeDetails.java:getOMNodeDetails(220)) - OM Service ID is not set. Setting it to the default ID: omServiceIdDefault
2019-11-15 21:04:47,127 [main] WARN  server.ServerUtils (ServerUtils.java:getDBPath(222)) - ozone.om.db.dirs is not configured. We recommend adding this setting. Falling back to ozone.metadata.dirs instead.
2019-11-15 21:04:47,127 [main] WARN  server.ServerUtils (ServerUtils.java:getDBPath(222)) - ozone.om.db.dirs is not configured. We recommend adding this setting. Falling back to ozone.metadata.dirs instead.
2019-11-15 21:04:47,666 [main] WARN  server.ServerUtils (ServerUtils.java:getDBPath(222)) - ozone.om.db.dirs is not configured. We recommend adding this setting. Falling back to ozone.metadata.dirs instead.
2019-11-15 21:04:47,673 [main] INFO  db.DBStoreBuilder (DBStoreBuilder.java:addTable(127)) - using custom profile for table: userTable
2019-11-15 21:04:47,673 [main] INFO  db.DBStoreBuilder (DBStoreBuilder.java:processTables(183)) - Using default column profile:DBProfile.DISK for Table:userTable
2019-11-15 21:04:47,674 [main] INFO  db.DBStoreBuilder (DBStoreBuilder.java:addTable(127)) - using custom profile for table: volumeTable
2019-11-15 21:04:47,674 [main] INFO  db.DBStoreBuilder (DBStoreBuilder.java:processTables(183)) - Using default column profile:DBProfile.DISK for Table:volumeTable
2019-11-15 21:04:47,674 [main] INFO  db.DBStoreBuilder (DBStoreBuilder.java:addTable(127)) - using custom profile for table: bucketTable
2019-11-15 21:04:47,674 [main] INFO  db.DBStoreBuilder (DBStoreBuilder.java:processTables(183)) - Using default column profile:DBProfile.DISK for Table:bucketTable
2019-11-15 21:04:47,675 [main] INFO  db.DBStoreBuilder (DBStoreBuilder.java:addTable(127)) - using custom profile for table: keyTable
2019-11-15 21:04:47,675 [main] INFO  db.DBStoreBuilder (DBStoreBuilder.java:processTables(183)) - Using default column profile:DBProfile.DISK for Table:keyTable
2019-11-15 21:04:47,675 [main] INFO  db.DBStoreBuilder (DBStoreBuilder.java:addTable(127)) - using custom profile for table: deletedTable
2019-11-15 21:04:47,675 [main] INFO  db.DBStoreBuilder (DBStoreBuilder.java:processTables(183)) - Using default column profile:DBProfile.DISK for Table:deletedTable
2019-11-15 21:04:47,676 [main] INFO  db.DBStoreBuilder (DBStoreBuilder.java:addTable(127)) - using custom profile for table: openKeyTable
2019-11-15 21:04:47,676 [main] INFO  db.DBStoreBuilder (DBStoreBuilder.java:processTables(183)) - Using default column profile:DBProfile.DISK for Table:openKeyTable
2019-11-15 21:04:47,676 [main] INFO  db.DBStoreBuilder (DBStoreBuilder.java:addTable(127)) - using custom profile for table: s3Table
2019-11-15 21:04:47,676 [main] INFO  db.DBStoreBuilder (DBStoreBuilder.java:processTables(183)) - Using default column profile:DBProfile.DISK for Table:s3Table
2019-11-15 21:04:47,676 [main] INFO  db.DBStoreBuilder (DBStoreBuilder.java:addTable(127)) - using custom profile for table: multipartInfoTable
2019-11-15 21:04:47,677 [main] INFO  db.DBStoreBuilder (DBStoreBuilder.java:processTables(183)) - Using default column profile:DBProfile.DISK for Table:multipartInfoTable
2019-11-15 21:04:47,677 [main] INFO  db.DBStoreBuilder (DBStoreBuilder.java:addTable(127)) - using custom profile for table: dTokenTable
2019-11-15 21:04:47,677 [main] INFO  db.DBStoreBuilder (DBStoreBuilder.java:processTables(183)) - Using default column profile:DBProfile.DISK for Table:dTokenTable
2019-11-15 21:04:47,677 [main] INFO  db.DBStoreBuilder (DBStoreBuilder.java:addTable(127)) - using custom profile for table: s3SecretTable
2019-11-15 21:04:47,677 [main] INFO  db.DBStoreBuilder (DBStoreBuilder.java:processTables(183)) - Using default column profile:DBProfile.DISK for Table:s3SecretTable
2019-11-15 21:04:47,678 [main] INFO  db.DBStoreBuilder (DBStoreBuilder.java:addTable(127)) - using custom profile for table: prefixTable
2019-11-15 21:04:47,678 [main] INFO  db.DBStoreBuilder (DBStoreBuilder.java:processTables(183)) - Using default column profile:DBProfile.DISK for Table:prefixTable
2019-11-15 21:04:47,678 [main] INFO  db.DBStoreBuilder (DBStoreBuilder.java:addTable(127)) - using custom profile for table: default
2019-11-15 21:04:47,678 [main] INFO  db.DBStoreBuilder (DBStoreBuilder.java:processTables(189)) - Using default column profile:DBProfile.DISK for Table:default
2019-11-15 21:04:47,679 [main] INFO  db.DBStoreBuilder (DBStoreBuilder.java:getDbProfile(220)) - Using default options. DBProfile.DISK
2019-11-15 21:04:48,186 [main] INFO  ipc.CallQueueManager (CallQueueManager.java:<init>(84)) - Using callQueue: class java.util.concurrent.LinkedBlockingQueue, queueCapacity: 2000, scheduler: class org.apache.hadoop.ipc.DefaultRpcScheduler, ipcBackoff: false.
2019-11-15 21:04:48,187 [Socket Reader #1 for port 43026] INFO  ipc.Server (Server.java:run(1074)) - Starting Socket Reader #1 for port 43026
2019-11-15 21:04:48,212 [main] INFO  om.OzoneManager (OzoneManager.java:start(1077)) - OzoneManager RPC server is listening at localhost/127.0.0.1:43026
2019-11-15 21:04:48,212 [main] INFO  impl.MetricsSystemImpl (MetricsSystemImpl.java:init(158)) - OzoneManager metrics system started (again)
2019-11-15 21:04:48,220 [IPC Server Responder] INFO  ipc.Server (Server.java:run(1314)) - IPC Server Responder: starting
2019-11-15 21:04:48,220 [IPC Server listener on 43026] INFO  ipc.Server (Server.java:run(1153)) - IPC Server listener on 43026: starting
2019-11-15 21:04:48,225 [main] INFO  hdfs.DFSUtil (DFSUtil.java:httpServerTemplateForNNAndJN(1641)) - Starting Web-server for ozoneManager at: http://0.0.0.0:0
2019-11-15 21:04:48,226 [main] INFO  server.AuthenticationFilter (AuthenticationFilter.java:constructSecretProvider(240)) - Unable to initialize FileSignerSecretProvider, falling back to use random secrets.
2019-11-15 21:04:48,227 [main] WARN  http.HttpRequestLog (HttpRequestLog.java:getRequestLog(97)) - Jetty request log can only be enabled using Log4j
2019-11-15 21:04:48,229 [main] INFO  http.HttpServer2 (HttpServer2.java:addGlobalFilter(975)) - Added global filter 'safety' (class=org.apache.hadoop.http.HttpServer2$QuotingInputFilter)
2019-11-15 21:04:48,229 [main] INFO  http.HttpServer2 (HttpServer2.java:addFilter(948)) - Added filter static_user_filter (class=org.apache.hadoop.http.lib.StaticUserWebFilter$StaticUserFilter) to context ozoneManager
2019-11-15 21:04:48,230 [main] INFO  http.HttpServer2 (HttpServer2.java:addFilter(958)) - Added filter static_user_filter (class=org.apache.hadoop.http.lib.StaticUserWebFilter$StaticUserFilter) to context static
2019-11-15 21:04:48,230 [main] INFO  http.HttpServer2 (HttpServer2.java:addFilter(958)) - Added filter static_user_filter (class=org.apache.hadoop.http.lib.StaticUserWebFilter$StaticUserFilter) to context logs
2019-11-15 21:04:48,232 [main] INFO  http.HttpServer2 (HttpServer2.java:bindListener(1191)) - Jetty bound to port 39361
2019-11-15 21:04:48,232 [main] INFO  server.Server (Server.java:doStart(351)) - jetty-9.3.25.v20180904, build timestamp: 2018-09-04T21:11:46Z, git hash: 3ce520221d0240229c862b122d2b06c12a625732
2019-11-15 21:04:48,234 [main] INFO  handler.ContextHandler (ContextHandler.java:doStart(781)) - Started o.e.j.s.ServletContextHandler@7e46d648{/logs,file:///workdir/hadoop-ozone/tools/target/log,AVAILABLE}
2019-11-15 21:04:48,234 [main] INFO  handler.ContextHandler (ContextHandler.java:doStart(781)) - Started o.e.j.s.ServletContextHandler@2b0b4d53{/static,jar:file:/home/user/.m2/repository/org/apache/hadoop/hadoop-ozone-ozone-manager/0.5.0-SNAPSHOT/hadoop-ozone-ozone-manager-0.5.0-SNAPSHOT.jar!/webapps/static,AVAILABLE}
2019-11-15 21:04:48,282 [main] INFO  handler.ContextHandler (ContextHandler.java:doStart(781)) - Started o.e.j.w.WebAppContext@4bee18dc{/,file:///tmp/jetty-0.0.0.0-39361-ozoneManager-_-any-2430900951966288368.dir/webapp/,AVAILABLE}{/ozoneManager}
2019-11-15 21:04:48,283 [main] INFO  server.AbstractConnector (AbstractConnector.java:doStart(278)) - Started ServerConnector@44f3fe83{HTTP/1.1,[http/1.1]}{0.0.0.0:39361}
2019-11-15 21:04:48,283 [main] INFO  server.Server (Server.java:doStart(419)) - Started @3796ms
2019-11-15 21:04:48,283 [main] WARN  impl.MetricsSystemImpl (MetricsSystemImpl.java:register(276)) - Sink prometheus already exists!
2019-11-15 21:04:48,285 [main] INFO  server.BaseHttpServer (BaseHttpServer.java:updateConnectorAddress(215)) - HTTP server of OZONEMANAGER is listening at http://0.0.0.0:39361
2019-11-15 21:04:48,481 [main] INFO  impl.MetricsSystemImpl (MetricsSystemImpl.java:init(158)) - HddsDatanode metrics system started (again)
2019-11-15 21:04:48,529 [main] INFO  ozone.HddsDatanodeService (HddsDatanodeService.java:start(186)) - HddsDatanodeService host:pr-hdds-2509-hffwd-290017286 ip:192.168.69.127
2019-11-15 21:04:48,558 [main] INFO  volume.HddsVolume (HddsVolume.java:<init>(176)) - Creating Volume: /workdir/hadoop-ozone/tools/target/test-dir/MiniOzoneClusterImpl-4b950001-3d73-41a9-9137-e5c36aa9a7ef/datanode-0/data/containers/hdds of  storage type : DISK and capacity : 1482555576320
2019-11-15 21:04:48,559 [main] INFO  volume.VolumeSet (VolumeSet.java:initializeVolumeSet(170)) - Added Volume : /workdir/hadoop-ozone/tools/target/test-dir/MiniOzoneClusterImpl-4b950001-3d73-41a9-9137-e5c36aa9a7ef/datanode-0/data/containers/hdds to VolumeSet
2019-11-15 21:04:48,561 [main] INFO  volume.ThrottledAsyncChecker (ThrottledAsyncChecker.java:schedule(141)) - Scheduling a check for /workdir/hadoop-ozone/tools/target/test-dir/MiniOzoneClusterImpl-4b950001-3d73-41a9-9137-e5c36aa9a7ef/datanode-0/data/containers/hdds
2019-11-15 21:04:48,576 [main] INFO  volume.HddsVolumeChecker (HddsVolumeChecker.java:checkAllVolumes(204)) - Scheduled health check for volume /workdir/hadoop-ozone/tools/target/test-dir/MiniOzoneClusterImpl-4b950001-3d73-41a9-9137-e5c36aa9a7ef/datanode-0/data/containers/hdds
2019-11-15 21:04:48,666 [main] INFO  impl.RaftServerProxy (ConfUtils.java:logGet(43)) - raft.rpc.type = GRPC (default)
2019-11-15 21:04:48,734 [main] INFO  grpc.GrpcFactory (GrpcFactory.java:checkPooledByteBufAllocatorUseCacheForAllThreads(45)) - PERFORMANCE WARNING: useCacheForAllThreads is true that may cause Netty to create a lot garbage objects and, as a result, trigger GC.
	It is recommended to disable useCacheForAllThreads by setting -Dorg.apache.ratis.thirdparty.io.netty.allocator.useCacheForAllThreads=false in command line.
2019-11-15 21:04:48,739 [main] INFO  grpc.GrpcConfigKeys$Server (ConfUtils.java:logGet(43)) - raft.grpc.server.port = 0 (default)
2019-11-15 21:04:48,740 [main] INFO  server.GrpcService (ConfUtils.java:logGet(43)) - raft.grpc.message.size.max = 33570816 (custom)
2019-11-15 21:04:48,742 [main] INFO  server.RaftServerConfigKeys (ConfUtils.java:logGet(43)) - raft.server.log.appender.buffer.byte-limit = 33554432 (custom)
2019-11-15 21:04:48,742 [main] INFO  server.GrpcService (ConfUtils.java:logGet(43)) - raft.grpc.flow.control.window = 1MB (=1048576) (default)
2019-11-15 21:04:48,743 [main] INFO  server.RaftServerConfigKeys (ConfUtils.java:logGet(43)) - raft.server.rpc.request.timeout = 3000ms (default)
2019-11-15 21:04:48,890 [main] INFO  server.RaftServerConfigKeys (ConfUtils.java:logGet(43)) - raft.server.storage.dir = [/workdir/hadoop-ozone/tools/target/test-dir/MiniOzoneClusterImpl-4b950001-3d73-41a9-9137-e5c36aa9a7ef/datanode-0/data/ratis] (custom)
2019-11-15 21:04:48,944 [main] INFO  hdfs.DFSUtil (DFSUtil.java:httpServerTemplateForNNAndJN(1641)) - Starting Web-server for hddsDatanode at: http://0.0.0.0:0
2019-11-15 21:04:48,946 [main] INFO  server.AuthenticationFilter (AuthenticationFilter.java:constructSecretProvider(240)) - Unable to initialize FileSignerSecretProvider, falling back to use random secrets.
2019-11-15 21:04:48,947 [main] WARN  http.HttpRequestLog (HttpRequestLog.java:getRequestLog(97)) - Jetty request log can only be enabled using Log4j
2019-11-15 21:04:48,949 [main] INFO  http.HttpServer2 (HttpServer2.java:addGlobalFilter(975)) - Added global filter 'safety' (class=org.apache.hadoop.http.HttpServer2$QuotingInputFilter)
2019-11-15 21:04:48,950 [main] INFO  http.HttpServer2 (HttpServer2.java:addFilter(948)) - Added filter static_user_filter (class=org.apache.hadoop.http.lib.StaticUserWebFilter$StaticUserFilter) to context hddsDatanode
2019-11-15 21:04:48,950 [main] INFO  http.HttpServer2 (HttpServer2.java:addFilter(958)) - Added filter static_user_filter (class=org.apache.hadoop.http.lib.StaticUserWebFilter$StaticUserFilter) to context static
2019-11-15 21:04:48,950 [main] INFO  http.HttpServer2 (HttpServer2.java:addFilter(958)) - Added filter static_user_filter (class=org.apache.hadoop.http.lib.StaticUserWebFilter$StaticUserFilter) to context logs
2019-11-15 21:04:48,952 [main] INFO  http.HttpServer2 (HttpServer2.java:bindListener(1191)) - Jetty bound to port 34563
2019-11-15 21:04:48,952 [main] INFO  server.Server (Server.java:doStart(351)) - jetty-9.3.25.v20180904, build timestamp: 2018-09-04T21:11:46Z, git hash: 3ce520221d0240229c862b122d2b06c12a625732
2019-11-15 21:04:48,955 [main] INFO  handler.ContextHandler (ContextHandler.java:doStart(781)) - Started o.e.j.s.ServletContextHandler@4c777e7b{/logs,file:///workdir/hadoop-ozone/tools/target/log,AVAILABLE}
2019-11-15 21:04:48,955 [main] INFO  handler.ContextHandler (ContextHandler.java:doStart(781)) - Started o.e.j.s.ServletContextHandler@78e22d35{/static,jar:file:/home/user/.m2/repository/org/apache/hadoop/hadoop-hdds-container-service/0.5.0-SNAPSHOT/hadoop-hdds-container-service-0.5.0-SNAPSHOT.jar!/webapps/static,AVAILABLE}
2019-11-15 21:04:49,000 [main] INFO  handler.ContextHandler (ContextHandler.java:doStart(781)) - Started o.e.j.w.WebAppContext@2819c460{/,file:///tmp/jetty-0.0.0.0-34563-hddsDatanode-_-any-7402561112871694898.dir/webapp/,AVAILABLE}{/hddsDatanode}
2019-11-15 21:04:49,001 [main] INFO  server.AbstractConnector (AbstractConnector.java:doStart(278)) - Started ServerConnector@30364216{HTTP/1.1,[http/1.1]}{0.0.0.0:34563}
2019-11-15 21:04:49,002 [main] INFO  server.Server (Server.java:doStart(419)) - Started @4514ms
2019-11-15 21:04:49,002 [main] WARN  impl.MetricsSystemImpl (MetricsSystemImpl.java:register(276)) - Sink prometheus already exists!
2019-11-15 21:04:49,003 [main] INFO  server.BaseHttpServer (BaseHttpServer.java:updateConnectorAddress(215)) - HTTP server of HDDSDATANODE is listening at http://0.0.0.0:34563
2019-11-15 21:04:49,005 [main] INFO  impl.MetricsSystemImpl (MetricsSystemImpl.java:init(158)) - HddsDatanode metrics system started (again)
2019-11-15 21:04:49,007 [main] INFO  ozone.HddsDatanodeService (HddsDatanodeService.java:start(186)) - HddsDatanodeService host:pr-hdds-2509-hffwd-290017286 ip:192.168.69.127
2019-11-15 21:04:49,008 [org.apache.hadoop.util.JvmPauseMonitor$Monitor@824aac8] INFO  util.JvmPauseMonitor (JvmPauseMonitor.java:run(188)) - Starting JVM pause monitor
2019-11-15 21:04:49,016 [main] INFO  volume.HddsVolume (HddsVolume.java:<init>(176)) - Creating Volume: /workdir/hadoop-ozone/tools/target/test-dir/MiniOzoneClusterImpl-4b950001-3d73-41a9-9137-e5c36aa9a7ef/datanode-1/data/containers/hdds of  storage type : DISK and capacity : 1482555576320
2019-11-15 21:04:49,017 [main] INFO  volume.VolumeSet (VolumeSet.java:initializeVolumeSet(170)) - Added Volume : /workdir/hadoop-ozone/tools/target/test-dir/MiniOzoneClusterImpl-4b950001-3d73-41a9-9137-e5c36aa9a7ef/datanode-1/data/containers/hdds to VolumeSet
2019-11-15 21:04:49,017 [main] INFO  volume.ThrottledAsyncChecker (ThrottledAsyncChecker.java:schedule(141)) - Scheduling a check for /workdir/hadoop-ozone/tools/target/test-dir/MiniOzoneClusterImpl-4b950001-3d73-41a9-9137-e5c36aa9a7ef/datanode-1/data/containers/hdds
2019-11-15 21:04:49,018 [main] INFO  volume.HddsVolumeChecker (HddsVolumeChecker.java:checkAllVolumes(204)) - Scheduled health check for volume /workdir/hadoop-ozone/tools/target/test-dir/MiniOzoneClusterImpl-4b950001-3d73-41a9-9137-e5c36aa9a7ef/datanode-1/data/containers/hdds
2019-11-15 21:04:49,037 [main] INFO  impl.RaftServerProxy (ConfUtils.java:logGet(43)) - raft.rpc.type = GRPC (default)
2019-11-15 21:04:49,037 [main] INFO  grpc.GrpcFactory (GrpcFactory.java:checkPooledByteBufAllocatorUseCacheForAllThreads(45)) - PERFORMANCE WARNING: useCacheForAllThreads is true that may cause Netty to create a lot garbage objects and, as a result, trigger GC.
	It is recommended to disable useCacheForAllThreads by setting -Dorg.apache.ratis.thirdparty.io.netty.allocator.useCacheForAllThreads=false in command line.
2019-11-15 21:04:49,038 [main] INFO  grpc.GrpcConfigKeys$Server (ConfUtils.java:logGet(43)) - raft.grpc.server.port = 0 (default)
2019-11-15 21:04:49,038 [main] INFO  server.GrpcService (ConfUtils.java:logGet(43)) - raft.grpc.message.size.max = 33570816 (custom)
2019-11-15 21:04:49,038 [main] INFO  server.RaftServerConfigKeys (ConfUtils.java:logGet(43)) - raft.server.log.appender.buffer.byte-limit = 33554432 (custom)
2019-11-15 21:04:49,039 [main] INFO  server.GrpcService (ConfUtils.java:logGet(43)) - raft.grpc.flow.control.window = 1MB (=1048576) (default)
2019-11-15 21:04:49,039 [main] INFO  server.RaftServerConfigKeys (ConfUtils.java:logGet(43)) - raft.server.rpc.request.timeout = 3000ms (default)
2019-11-15 21:04:49,040 [main] INFO  server.RaftServerConfigKeys (ConfUtils.java:logGet(43)) - raft.server.storage.dir = [/workdir/hadoop-ozone/tools/target/test-dir/MiniOzoneClusterImpl-4b950001-3d73-41a9-9137-e5c36aa9a7ef/datanode-1/data/ratis] (custom)
2019-11-15 21:04:49,042 [main] INFO  hdfs.DFSUtil (DFSUtil.java:httpServerTemplateForNNAndJN(1641)) - Starting Web-server for hddsDatanode at: http://0.0.0.0:0
2019-11-15 21:04:49,043 [main] INFO  server.AuthenticationFilter (AuthenticationFilter.java:constructSecretProvider(240)) - Unable to initialize FileSignerSecretProvider, falling back to use random secrets.
2019-11-15 21:04:49,044 [main] WARN  http.HttpRequestLog (HttpRequestLog.java:getRequestLog(97)) - Jetty request log can only be enabled using Log4j
2019-11-15 21:04:49,046 [main] INFO  http.HttpServer2 (HttpServer2.java:addGlobalFilter(975)) - Added global filter 'safety' (class=org.apache.hadoop.http.HttpServer2$QuotingInputFilter)
2019-11-15 21:04:49,047 [main] INFO  http.HttpServer2 (HttpServer2.java:addFilter(948)) - Added filter static_user_filter (class=org.apache.hadoop.http.lib.StaticUserWebFilter$StaticUserFilter) to context hddsDatanode
2019-11-15 21:04:49,047 [main] INFO  http.HttpServer2 (HttpServer2.java:addFilter(958)) - Added filter static_user_filter (class=org.apache.hadoop.http.lib.StaticUserWebFilter$StaticUserFilter) to context logs
2019-11-15 21:04:49,047 [main] INFO  http.HttpServer2 (HttpServer2.java:addFilter(958)) - Added filter static_user_filter (class=org.apache.hadoop.http.lib.StaticUserWebFilter$StaticUserFilter) to context static
2019-11-15 21:04:49,048 [main] INFO  http.HttpServer2 (HttpServer2.java:bindListener(1191)) - Jetty bound to port 45611
2019-11-15 21:04:49,049 [main] INFO  server.Server (Server.java:doStart(351)) - jetty-9.3.25.v20180904, build timestamp: 2018-09-04T21:11:46Z, git hash: 3ce520221d0240229c862b122d2b06c12a625732
2019-11-15 21:04:49,051 [main] INFO  handler.ContextHandler (ContextHandler.java:doStart(781)) - Started o.e.j.s.ServletContextHandler@48d293ee{/logs,file:///workdir/hadoop-ozone/tools/target/log,AVAILABLE}
2019-11-15 21:04:49,051 [main] INFO  handler.ContextHandler (ContextHandler.java:doStart(781)) - Started o.e.j.s.ServletContextHandler@22587507{/static,jar:file:/home/user/.m2/repository/org/apache/hadoop/hadoop-hdds-container-service/0.5.0-SNAPSHOT/hadoop-hdds-container-service-0.5.0-SNAPSHOT.jar!/webapps/static,AVAILABLE}
2019-11-15 21:04:49,091 [Datanode State Machine Thread - 0] INFO  datanode.InitDatanodeState (InitDatanodeState.java:persistContainerDatanodeDetails(140)) - DatanodeDetails is persisted to /workdir/hadoop-ozone/tools/target/test-dir/MiniOzoneClusterImpl-4b950001-3d73-41a9-9137-e5c36aa9a7ef/datanode-0/meta/datanode.id
2019-11-15 21:04:49,094 [main] INFO  handler.ContextHandler (ContextHandler.java:doStart(781)) - Started o.e.j.w.WebAppContext@51c959a4{/,file:///tmp/jetty-0.0.0.0-45611-hddsDatanode-_-any-2466740799579548570.dir/webapp/,AVAILABLE}{/hddsDatanode}
2019-11-15 21:04:49,095 [main] INFO  server.AbstractConnector (AbstractConnector.java:doStart(278)) - Started ServerConnector@4fc3c165{HTTP/1.1,[http/1.1]}{0.0.0.0:45611}
2019-11-15 21:04:49,095 [main] INFO  server.Server (Server.java:doStart(419)) - Started @4608ms
2019-11-15 21:04:49,096 [main] WARN  impl.MetricsSystemImpl (MetricsSystemImpl.java:register(276)) - Sink prometheus already exists!
2019-11-15 21:04:49,097 [main] INFO  server.BaseHttpServer (BaseHttpServer.java:updateConnectorAddress(215)) - HTTP server of HDDSDATANODE is listening at http://0.0.0.0:45611
2019-11-15 21:04:49,098 [main] INFO  impl.MetricsSystemImpl (MetricsSystemImpl.java:init(158)) - HddsDatanode metrics system started (again)
2019-11-15 21:04:49,099 [org.apache.hadoop.util.JvmPauseMonitor$Monitor@15d6fcd1] INFO  util.JvmPauseMonitor (JvmPauseMonitor.java:run(188)) - Starting JVM pause monitor
2019-11-15 21:04:49,100 [main] INFO  ozone.HddsDatanodeService (HddsDatanodeService.java:start(186)) - HddsDatanodeService host:pr-hdds-2509-hffwd-290017286 ip:192.168.69.127
2019-11-15 21:04:49,103 [Datanode State Machine Thread - 0] INFO  datanode.InitDatanodeState (InitDatanodeState.java:persistContainerDatanodeDetails(140)) - DatanodeDetails is persisted to /workdir/hadoop-ozone/tools/target/test-dir/MiniOzoneClusterImpl-4b950001-3d73-41a9-9137-e5c36aa9a7ef/datanode-1/meta/datanode.id
2019-11-15 21:04:49,109 [main] INFO  volume.HddsVolume (HddsVolume.java:<init>(176)) - Creating Volume: /workdir/hadoop-ozone/tools/target/test-dir/MiniOzoneClusterImpl-4b950001-3d73-41a9-9137-e5c36aa9a7ef/datanode-2/data/containers/hdds of  storage type : DISK and capacity : 1482555576320
2019-11-15 21:04:49,109 [main] INFO  volume.VolumeSet (VolumeSet.java:initializeVolumeSet(170)) - Added Volume : /workdir/hadoop-ozone/tools/target/test-dir/MiniOzoneClusterImpl-4b950001-3d73-41a9-9137-e5c36aa9a7ef/datanode-2/data/containers/hdds to VolumeSet
2019-11-15 21:04:49,109 [main] INFO  volume.ThrottledAsyncChecker (ThrottledAsyncChecker.java:schedule(141)) - Scheduling a check for /workdir/hadoop-ozone/tools/target/test-dir/MiniOzoneClusterImpl-4b950001-3d73-41a9-9137-e5c36aa9a7ef/datanode-2/data/containers/hdds
2019-11-15 21:04:49,110 [main] INFO  volume.HddsVolumeChecker (HddsVolumeChecker.java:checkAllVolumes(204)) - Scheduled health check for volume /workdir/hadoop-ozone/tools/target/test-dir/MiniOzoneClusterImpl-4b950001-3d73-41a9-9137-e5c36aa9a7ef/datanode-2/data/containers/hdds
2019-11-15 21:04:49,128 [main] INFO  impl.RaftServerProxy (ConfUtils.java:logGet(43)) - raft.rpc.type = GRPC (default)
2019-11-15 21:04:49,128 [main] INFO  grpc.GrpcFactory (GrpcFactory.java:checkPooledByteBufAllocatorUseCacheForAllThreads(45)) - PERFORMANCE WARNING: useCacheForAllThreads is true that may cause Netty to create a lot garbage objects and, as a result, trigger GC.
	It is recommended to disable useCacheForAllThreads by setting -Dorg.apache.ratis.thirdparty.io.netty.allocator.useCacheForAllThreads=false in command line.
2019-11-15 21:04:49,128 [main] INFO  grpc.GrpcConfigKeys$Server (ConfUtils.java:logGet(43)) - raft.grpc.server.port = 0 (default)
2019-11-15 21:04:49,129 [main] INFO  server.GrpcService (ConfUtils.java:logGet(43)) - raft.grpc.message.size.max = 33570816 (custom)
2019-11-15 21:04:49,129 [main] INFO  server.RaftServerConfigKeys (ConfUtils.java:logGet(43)) - raft.server.log.appender.buffer.byte-limit = 33554432 (custom)
2019-11-15 21:04:49,129 [main] INFO  server.GrpcService (ConfUtils.java:logGet(43)) - raft.grpc.flow.control.window = 1MB (=1048576) (default)
2019-11-15 21:04:49,129 [main] INFO  server.RaftServerConfigKeys (ConfUtils.java:logGet(43)) - raft.server.rpc.request.timeout = 3000ms (default)
2019-11-15 21:04:49,130 [main] INFO  server.RaftServerConfigKeys (ConfUtils.java:logGet(43)) - raft.server.storage.dir = [/workdir/hadoop-ozone/tools/target/test-dir/MiniOzoneClusterImpl-4b950001-3d73-41a9-9137-e5c36aa9a7ef/datanode-2/data/ratis] (custom)
2019-11-15 21:04:49,133 [main] INFO  hdfs.DFSUtil (DFSUtil.java:httpServerTemplateForNNAndJN(1641)) - Starting Web-server for hddsDatanode at: http://0.0.0.0:0
2019-11-15 21:04:49,134 [main] INFO  server.AuthenticationFilter (AuthenticationFilter.java:constructSecretProvider(240)) - Unable to initialize FileSignerSecretProvider, falling back to use random secrets.
2019-11-15 21:04:49,135 [main] WARN  http.HttpRequestLog (HttpRequestLog.java:getRequestLog(97)) - Jetty request log can only be enabled using Log4j
2019-11-15 21:04:49,136 [main] INFO  http.HttpServer2 (HttpServer2.java:addGlobalFilter(975)) - Added global filter 'safety' (class=org.apache.hadoop.http.HttpServer2$QuotingInputFilter)
2019-11-15 21:04:49,137 [main] INFO  http.HttpServer2 (HttpServer2.java:addFilter(948)) - Added filter static_user_filter (class=org.apache.hadoop.http.lib.StaticUserWebFilter$StaticUserFilter) to context hddsDatanode
2019-11-15 21:04:49,137 [main] INFO  http.HttpServer2 (HttpServer2.java:addFilter(958)) - Added filter static_user_filter (class=org.apache.hadoop.http.lib.StaticUserWebFilter$StaticUserFilter) to context logs
2019-11-15 21:04:49,137 [main] INFO  http.HttpServer2 (HttpServer2.java:addFilter(958)) - Added filter static_user_filter (class=org.apache.hadoop.http.lib.StaticUserWebFilter$StaticUserFilter) to context static
2019-11-15 21:04:49,138 [main] INFO  http.HttpServer2 (HttpServer2.java:bindListener(1191)) - Jetty bound to port 46089
2019-11-15 21:04:49,138 [main] INFO  server.Server (Server.java:doStart(351)) - jetty-9.3.25.v20180904, build timestamp: 2018-09-04T21:11:46Z, git hash: 3ce520221d0240229c862b122d2b06c12a625732
2019-11-15 21:04:49,141 [main] INFO  handler.ContextHandler (ContextHandler.java:doStart(781)) - Started o.e.j.s.ServletContextHandler@65b97f47{/logs,file:///workdir/hadoop-ozone/tools/target/log,AVAILABLE}
2019-11-15 21:04:49,141 [main] INFO  handler.ContextHandler (ContextHandler.java:doStart(781)) - Started o.e.j.s.ServletContextHandler@476fe690{/static,jar:file:/home/user/.m2/repository/org/apache/hadoop/hadoop-hdds-container-service/0.5.0-SNAPSHOT/hadoop-hdds-container-service-0.5.0-SNAPSHOT.jar!/webapps/static,AVAILABLE}
2019-11-15 21:04:49,173 [main] INFO  handler.ContextHandler (ContextHandler.java:doStart(781)) - Started o.e.j.w.WebAppContext@7e74a380{/,file:///tmp/jetty-0.0.0.0-46089-hddsDatanode-_-any-7449846901735895617.dir/webapp/,AVAILABLE}{/hddsDatanode}
2019-11-15 21:04:49,173 [main] INFO  server.AbstractConnector (AbstractConnector.java:doStart(278)) - Started ServerConnector@6dd1c3ed{HTTP/1.1,[http/1.1]}{0.0.0.0:46089}
2019-11-15 21:04:49,174 [main] INFO  server.Server (Server.java:doStart(419)) - Started @4686ms
2019-11-15 21:04:49,175 [main] WARN  impl.MetricsSystemImpl (MetricsSystemImpl.java:register(276)) - Sink prometheus already exists!
2019-11-15 21:04:49,176 [main] INFO  server.BaseHttpServer (BaseHttpServer.java:updateConnectorAddress(215)) - HTTP server of HDDSDATANODE is listening at http://0.0.0.0:46089
2019-11-15 21:04:49,177 [main] INFO  ozone.MiniOzoneClusterImpl (MiniOzoneClusterImpl.java:lambda$waitForClusterToBeReady$0(150)) - Waiting for nodes to be ready. Got 0 of 3 DN Heartbeats.
2019-11-15 21:04:49,177 [main] INFO  ozone.MiniOzoneClusterImpl (MiniOzoneClusterImpl.java:lambda$waitForClusterToBeReady$0(153)) - Waiting for cluster to exit safe mode
2019-11-15 21:04:49,178 [org.apache.hadoop.util.JvmPauseMonitor$Monitor@6b6d74c0] INFO  util.JvmPauseMonitor (JvmPauseMonitor.java:run(188)) - Starting JVM pause monitor
2019-11-15 21:04:49,180 [Datanode State Machine Thread - 0] INFO  datanode.InitDatanodeState (InitDatanodeState.java:persistContainerDatanodeDetails(140)) - DatanodeDetails is persisted to /workdir/hadoop-ozone/tools/target/test-dir/MiniOzoneClusterImpl-4b950001-3d73-41a9-9137-e5c36aa9a7ef/datanode-2/meta/datanode.id
2019-11-15 21:04:50,177 [main] INFO  ozone.MiniOzoneClusterImpl (MiniOzoneClusterImpl.java:lambda$waitForClusterToBeReady$0(150)) - Waiting for nodes to be ready. Got 0 of 3 DN Heartbeats.
2019-11-15 21:04:50,178 [main] INFO  ozone.MiniOzoneClusterImpl (MiniOzoneClusterImpl.java:lambda$waitForClusterToBeReady$0(153)) - Waiting for cluster to exit safe mode
2019-11-15 21:04:51,095 [Datanode State Machine Thread - 0] INFO  ozoneimpl.OzoneContainer (OzoneContainer.java:start(230)) - Attempting to start container services.
2019-11-15 21:04:51,096 [Datanode State Machine Thread - 0] INFO  ozoneimpl.OzoneContainer (OzoneContainer.java:startContainerScrub(194)) - Background container scanner has been disabled.
2019-11-15 21:04:51,096 [Datanode State Machine Thread - 0] INFO  ratis.XceiverServerRatis (XceiverServerRatis.java:start(422)) - Starting XceiverServerRatis b5a7f023-8b73-4a62-84e8-4b8f9660176b at port 0
2019-11-15 21:04:51,119 [Datanode State Machine Thread - 0] INFO  impl.RaftServerProxy (RaftServerProxy.java:lambda$start$3(299)) - b5a7f023-8b73-4a62-84e8-4b8f9660176b: start RPC server
2019-11-15 21:04:51,129 [Datanode State Machine Thread - 0] INFO  ozoneimpl.OzoneContainer (OzoneContainer.java:start(230)) - Attempting to start container services.
2019-11-15 21:04:51,133 [Datanode State Machine Thread - 0] INFO  ozoneimpl.OzoneContainer (OzoneContainer.java:startContainerScrub(194)) - Background container scanner has been disabled.
2019-11-15 21:04:51,133 [Datanode State Machine Thread - 0] INFO  ratis.XceiverServerRatis (XceiverServerRatis.java:start(422)) - Starting XceiverServerRatis c84769a5-5029-4162-884c-744c5b18280b at port 0
2019-11-15 21:04:51,141 [Datanode State Machine Thread - 0] INFO  impl.RaftServerProxy (RaftServerProxy.java:lambda$start$3(299)) - c84769a5-5029-4162-884c-744c5b18280b: start RPC server
2019-11-15 21:04:51,178 [main] INFO  ozone.MiniOzoneClusterImpl (MiniOzoneClusterImpl.java:lambda$waitForClusterToBeReady$0(150)) - Waiting for nodes to be ready. Got 0 of 3 DN Heartbeats.
2019-11-15 21:04:51,178 [main] INFO  ozone.MiniOzoneClusterImpl (MiniOzoneClusterImpl.java:lambda$waitForClusterToBeReady$0(153)) - Waiting for cluster to exit safe mode
2019-11-15 21:04:51,197 [Datanode State Machine Thread - 0] INFO  ozoneimpl.OzoneContainer (OzoneContainer.java:start(230)) - Attempting to start container services.
2019-11-15 21:04:51,198 [Datanode State Machine Thread - 0] INFO  ozoneimpl.OzoneContainer (OzoneContainer.java:startContainerScrub(194)) - Background container scanner has been disabled.
2019-11-15 21:04:51,199 [Datanode State Machine Thread - 0] INFO  ratis.XceiverServerRatis (XceiverServerRatis.java:start(422)) - Starting XceiverServerRatis 59783a08-ab51-4d4e-adcd-f2b6c822d111 at port 0
2019-11-15 21:04:51,227 [Datanode State Machine Thread - 0] INFO  impl.RaftServerProxy (RaftServerProxy.java:lambda$start$3(299)) - 59783a08-ab51-4d4e-adcd-f2b6c822d111: start RPC server
2019-11-15 21:04:51,257 [Datanode State Machine Thread - 0] INFO  server.GrpcService (GrpcService.java:startImpl(158)) - c84769a5-5029-4162-884c-744c5b18280b: GrpcService started, listening on 0.0.0.0/0.0.0.0:36211
2019-11-15 21:04:51,257 [Datanode State Machine Thread - 0] INFO  server.GrpcService (GrpcService.java:startImpl(158)) - 59783a08-ab51-4d4e-adcd-f2b6c822d111: GrpcService started, listening on 0.0.0.0/0.0.0.0:34175
2019-11-15 21:04:51,257 [Datanode State Machine Thread - 0] INFO  server.GrpcService (GrpcService.java:startImpl(158)) - b5a7f023-8b73-4a62-84e8-4b8f9660176b: GrpcService started, listening on 0.0.0.0/0.0.0.0:38255
2019-11-15 21:04:51,258 [Datanode State Machine Thread - 0] INFO  ratis.XceiverServerRatis (XceiverServerRatis.java:start(432)) - XceiverServerRatis 59783a08-ab51-4d4e-adcd-f2b6c822d111 is started using port 34175
2019-11-15 21:04:51,258 [Datanode State Machine Thread - 0] INFO  ratis.XceiverServerRatis (XceiverServerRatis.java:start(432)) - XceiverServerRatis c84769a5-5029-4162-884c-744c5b18280b is started using port 36211
2019-11-15 21:04:51,258 [Datanode State Machine Thread - 0] INFO  ratis.XceiverServerRatis (XceiverServerRatis.java:start(432)) - XceiverServerRatis b5a7f023-8b73-4a62-84e8-4b8f9660176b is started using port 38255
2019-11-15 21:04:51,262 [Datanode State Machine Thread - 0] INFO  server.XceiverServerGrpc (XceiverServerGrpc.java:start(145)) - XceiverServerGrpc b5a7f023-8b73-4a62-84e8-4b8f9660176b is started using port 34365
2019-11-15 21:04:51,262 [Datanode State Machine Thread - 0] INFO  server.XceiverServerGrpc (XceiverServerGrpc.java:start(145)) - XceiverServerGrpc 59783a08-ab51-4d4e-adcd-f2b6c822d111 is started using port 42035
2019-11-15 21:04:51,262 [Datanode State Machine Thread - 0] INFO  server.XceiverServerGrpc (XceiverServerGrpc.java:start(145)) - XceiverServerGrpc c84769a5-5029-4162-884c-744c5b18280b is started using port 44565
2019-11-15 21:04:52,179 [main] INFO  ozone.MiniOzoneClusterImpl (MiniOzoneClusterImpl.java:lambda$waitForClusterToBeReady$0(150)) - Waiting for nodes to be ready. Got 0 of 3 DN Heartbeats.
2019-11-15 21:04:52,179 [main] INFO  ozone.MiniOzoneClusterImpl (MiniOzoneClusterImpl.java:lambda$waitForClusterToBeReady$0(153)) - Waiting for cluster to exit safe mode
2019-11-15 21:04:53,040 [IPC Server handler 5 on 37115] INFO  net.NetworkTopology (NetworkTopologyImpl.java:add(111)) - Added a new node: /default-rack/b5a7f023-8b73-4a62-84e8-4b8f9660176b
2019-11-15 21:04:53,040 [IPC Server handler 5 on 37115] INFO  node.SCMNodeManager (SCMNodeManager.java:register(267)) - Registered Data node : b5a7f023-8b73-4a62-84e8-4b8f9660176b{ip: 192.168.69.127, host: pr-hdds-2509-hffwd-290017286, networkLocation: /default-rack, certSerialId: null}
2019-11-15 21:04:53,043 [EventQueue-NodeRegistrationContainerReportForContainerSafeModeRule] INFO  safemode.SCMSafeModeManager (SCMSafeModeManager.java:validateSafeModeExitRules(176)) - ContainerSafeModeRule rule is successfully validated
2019-11-15 21:04:53,043 [EventQueue-NodeRegistrationContainerReportForDataNodeSafeModeRule] INFO  safemode.SCMSafeModeManager (DataNodeSafeModeRule.java:process(71)) - SCM in safe mode. 1 DataNodes registered, 1 required.
2019-11-15 21:04:53,043 [EventQueue-NodeRegistrationContainerReportForDataNodeSafeModeRule] INFO  safemode.SCMSafeModeManager (SCMSafeModeManager.java:validateSafeModeExitRules(176)) - DataNodeSafeModeRule rule is successfully validated
2019-11-15 21:04:53,046 [RatisPipelineUtilsThread] INFO  pipeline.RatisPipelineProvider (RatisPipelineProvider.java:lambda$create$4(163)) - Send pipeline:PipelineID=f405b82c-6796-4e35-a193-b6d025208616 create command to datanode b5a7f023-8b73-4a62-84e8-4b8f9660176b
2019-11-15 21:04:53,057 [RatisPipelineUtilsThread] INFO  pipeline.PipelineStateManager (PipelineStateManager.java:addPipeline(55)) - Created pipeline Pipeline[ Id: f405b82c-6796-4e35-a193-b6d025208616, Nodes: b5a7f023-8b73-4a62-84e8-4b8f9660176b{ip: 192.168.69.127, host: pr-hdds-2509-hffwd-290017286, networkLocation: /default-rack, certSerialId: null}, Type:RATIS, Factor:ONE, State:ALLOCATED]
2019-11-15 21:04:53,106 [IPC Server handler 4 on 37115] INFO  net.NetworkTopology (NetworkTopologyImpl.java:add(111)) - Added a new node: /default-rack/c84769a5-5029-4162-884c-744c5b18280b
2019-11-15 21:04:53,106 [IPC Server handler 4 on 37115] INFO  node.SCMNodeManager (SCMNodeManager.java:register(267)) - Registered Data node : c84769a5-5029-4162-884c-744c5b18280b{ip: 192.168.69.127, host: pr-hdds-2509-hffwd-290017286, networkLocation: /default-rack, certSerialId: null}
2019-11-15 21:04:53,107 [EventQueue-NodeRegistrationContainerReportForDataNodeSafeModeRule] INFO  safemode.SCMSafeModeManager (SCMSafeModeManager.java:validateSafeModeExitRules(176)) - DataNodeSafeModeRule rule is successfully validated
2019-11-15 21:04:53,107 [EventQueue-NodeRegistrationContainerReportForContainerSafeModeRule] INFO  safemode.SCMSafeModeManager (SCMSafeModeManager.java:validateSafeModeExitRules(176)) - ContainerSafeModeRule rule is successfully validated
2019-11-15 21:04:53,108 [RatisPipelineUtilsThread] INFO  pipeline.RatisPipelineProvider (RatisPipelineProvider.java:lambda$create$4(163)) - Send pipeline:PipelineID=19c24de2-e623-4822-9a57-a372697f954a create command to datanode c84769a5-5029-4162-884c-744c5b18280b
2019-11-15 21:04:53,109 [RatisPipelineUtilsThread] INFO  pipeline.PipelineStateManager (PipelineStateManager.java:addPipeline(55)) - Created pipeline Pipeline[ Id: 19c24de2-e623-4822-9a57-a372697f954a, Nodes: c84769a5-5029-4162-884c-744c5b18280b{ip: 192.168.69.127, host: pr-hdds-2509-hffwd-290017286, networkLocation: /default-rack, certSerialId: null}, Type:RATIS, Factor:ONE, State:ALLOCATED]
2019-11-15 21:04:53,180 [main] INFO  ozone.MiniOzoneClusterImpl (MiniOzoneClusterImpl.java:lambda$waitForClusterToBeReady$0(150)) - Waiting for nodes to be ready. Got 2 of 3 DN Heartbeats.
2019-11-15 21:04:53,180 [main] INFO  ozone.MiniOzoneClusterImpl (MiniOzoneClusterImpl.java:lambda$waitForClusterToBeReady$0(153)) - Waiting for cluster to exit safe mode
2019-11-15 21:04:53,181 [IPC Server handler 2 on 37115] INFO  net.NetworkTopology (NetworkTopologyImpl.java:add(111)) - Added a new node: /default-rack/59783a08-ab51-4d4e-adcd-f2b6c822d111
2019-11-15 21:04:53,182 [IPC Server handler 2 on 37115] INFO  node.SCMNodeManager (SCMNodeManager.java:register(267)) - Registered Data node : 59783a08-ab51-4d4e-adcd-f2b6c822d111{ip: 192.168.69.127, host: pr-hdds-2509-hffwd-290017286, networkLocation: /default-rack, certSerialId: null}
2019-11-15 21:04:53,182 [RatisPipelineUtilsThread] INFO  pipeline.RatisPipelineProvider (RatisPipelineProvider.java:lambda$create$4(163)) - Send pipeline:PipelineID=ec2920b4-66ee-4fb3-93a3-23069c512a3b create command to datanode 59783a08-ab51-4d4e-adcd-f2b6c822d111
2019-11-15 21:04:53,182 [EventQueue-NodeRegistrationContainerReportForDataNodeSafeModeRule] INFO  safemode.SCMSafeModeManager (SCMSafeModeManager.java:validateSafeModeExitRules(176)) - DataNodeSafeModeRule rule is successfully validated
2019-11-15 21:04:53,182 [EventQueue-NodeRegistrationContainerReportForContainerSafeModeRule] INFO  safemode.SCMSafeModeManager (SCMSafeModeManager.java:validateSafeModeExitRules(176)) - ContainerSafeModeRule rule is successfully validated
2019-11-15 21:04:53,183 [RatisPipelineUtilsThread] INFO  pipeline.PipelineStateManager (PipelineStateManager.java:addPipeline(55)) - Created pipeline Pipeline[ Id: ec2920b4-66ee-4fb3-93a3-23069c512a3b, Nodes: 59783a08-ab51-4d4e-adcd-f2b6c822d111{ip: 192.168.69.127, host: pr-hdds-2509-hffwd-290017286, networkLocation: /default-rack, certSerialId: null}, Type:RATIS, Factor:ONE, State:ALLOCATED]
2019-11-15 21:04:53,184 [RatisPipelineUtilsThread] INFO  pipeline.RatisPipelineProvider (RatisPipelineProvider.java:lambda$create$4(163)) - Send pipeline:PipelineID=ccfb41d2-a10b-4ee5-9f60-c88f894dbf12 create command to datanode 59783a08-ab51-4d4e-adcd-f2b6c822d111
2019-11-15 21:04:53,184 [RatisPipelineUtilsThread] INFO  pipeline.RatisPipelineProvider (RatisPipelineProvider.java:lambda$create$4(163)) - Send pipeline:PipelineID=ccfb41d2-a10b-4ee5-9f60-c88f894dbf12 create command to datanode b5a7f023-8b73-4a62-84e8-4b8f9660176b
2019-11-15 21:04:53,184 [RatisPipelineUtilsThread] INFO  pipeline.RatisPipelineProvider (RatisPipelineProvider.java:lambda$create$4(163)) - Send pipeline:PipelineID=ccfb41d2-a10b-4ee5-9f60-c88f894dbf12 create command to datanode c84769a5-5029-4162-884c-744c5b18280b
2019-11-15 21:04:53,185 [RatisPipelineUtilsThread] INFO  pipeline.PipelineStateManager (PipelineStateManager.java:addPipeline(55)) - Created pipeline Pipeline[ Id: ccfb41d2-a10b-4ee5-9f60-c88f894dbf12, Nodes: 59783a08-ab51-4d4e-adcd-f2b6c822d111{ip: 192.168.69.127, host: pr-hdds-2509-hffwd-290017286, networkLocation: /default-rack, certSerialId: null}b5a7f023-8b73-4a62-84e8-4b8f9660176b{ip: 192.168.69.127, host: pr-hdds-2509-hffwd-290017286, networkLocation: /default-rack, certSerialId: null}c84769a5-5029-4162-884c-744c5b18280b{ip: 192.168.69.127, host: pr-hdds-2509-hffwd-290017286, networkLocation: /default-rack, certSerialId: null}, Type:RATIS, Factor:THREE, State:ALLOCATED]
2019-11-15 21:04:54,181 [main] INFO  ozone.MiniOzoneClusterImpl (MiniOzoneClusterImpl.java:lambda$waitForClusterToBeReady$0(150)) - Nodes are ready. Got 3 of 3 DN Heartbeats.
2019-11-15 21:04:54,181 [main] INFO  ozone.MiniOzoneClusterImpl (MiniOzoneClusterImpl.java:lambda$waitForClusterToBeReady$0(153)) - Waiting for cluster to exit safe mode
2019-11-15 21:04:55,182 [main] INFO  ozone.MiniOzoneClusterImpl (MiniOzoneClusterImpl.java:lambda$waitForClusterToBeReady$0(150)) - Nodes are ready. Got 3 of 3 DN Heartbeats.
2019-11-15 21:04:55,182 [main] INFO  ozone.MiniOzoneClusterImpl (MiniOzoneClusterImpl.java:lambda$waitForClusterToBeReady$0(153)) - Waiting for cluster to exit safe mode
2019-11-15 21:04:56,036 [Command processor thread] INFO  impl.RaftServerProxy (RaftServerProxy.java:addNew(89)) - b5a7f023-8b73-4a62-84e8-4b8f9660176b: addNew group-B6D025208616:[b5a7f023-8b73-4a62-84e8-4b8f9660176b:192.168.69.127:38255] returns group-B6D025208616:java.util.concurrent.CompletableFuture@37c69159[Not completed]
2019-11-15 21:04:56,049 [pool-27-thread-1] INFO  impl.RaftServerImpl (RaftServerImpl.java:<init>(98)) - b5a7f023-8b73-4a62-84e8-4b8f9660176b: new RaftServerImpl for group-B6D025208616:[b5a7f023-8b73-4a62-84e8-4b8f9660176b:192.168.69.127:38255] with ContainerStateMachine:uninitialized
2019-11-15 21:04:56,051 [pool-27-thread-1] INFO  server.RaftServerConfigKeys (ConfUtils.java:logGet(43)) - raft.server.rpc.timeout.min = 5s (custom)
2019-11-15 21:04:56,052 [pool-27-thread-1] INFO  server.RaftServerConfigKeys (ConfUtils.java:logGet(43)) - raft.server.rpc.timeout.max = 5200ms (custom)
2019-11-15 21:04:56,052 [pool-27-thread-1] INFO  server.RaftServerConfigKeys (ConfUtils.java:logGet(43)) - raft.server.rpcslowness.timeout = 120s (custom)
2019-11-15 21:04:56,053 [pool-27-thread-1] INFO  server.RaftServerConfigKeys (ConfUtils.java:logGet(43)) - raft.server.sleep.deviation.threshold = 300 (default)
2019-11-15 21:04:56,054 [pool-27-thread-1] INFO  server.RaftServerConfigKeys (ConfUtils.java:logGet(43)) - raft.server.log.appender.install.snapshot.enabled = false (custom)
2019-11-15 21:04:56,061 [pool-27-thread-1] INFO  impl.RaftServerImpl (ServerState.java:<init>(103)) - b5a7f023-8b73-4a62-84e8-4b8f9660176b@group-B6D025208616: ConfigurationManager, init=-1: [b5a7f023-8b73-4a62-84e8-4b8f9660176b:192.168.69.127:38255], old=null, confs=<EMPTY_MAP>
2019-11-15 21:04:56,061 [pool-27-thread-1] INFO  server.RaftServerConfigKeys (ConfUtils.java:logGet(43)) - raft.server.storage.dir = [/workdir/hadoop-ozone/tools/target/test-dir/MiniOzoneClusterImpl-4b950001-3d73-41a9-9137-e5c36aa9a7ef/datanode-0/data/ratis] (custom)
2019-11-15 21:04:56,066 [pool-27-thread-1] INFO  server.RaftServerConfigKeys (ConfUtils.java:logGet(43)) - raft.server.log.corruption.policy = EXCEPTION (default)
2019-11-15 21:04:56,068 [pool-27-thread-1] INFO  storage.RaftStorageDirectory (RaftStorageDirectory.java:analyzeStorage(246)) - The storage directory /workdir/hadoop-ozone/tools/target/test-dir/MiniOzoneClusterImpl-4b950001-3d73-41a9-9137-e5c36aa9a7ef/datanode-0/data/ratis/f405b82c-6796-4e35-a193-b6d025208616 does not exist. Creating ...
2019-11-15 21:04:56,102 [Command processor thread] INFO  impl.RaftServerProxy (RaftServerProxy.java:addNew(89)) - c84769a5-5029-4162-884c-744c5b18280b: addNew group-A372697F954A:[c84769a5-5029-4162-884c-744c5b18280b:192.168.69.127:36211] returns group-A372697F954A:java.util.concurrent.CompletableFuture@4a7411ff[Not completed]
2019-11-15 21:04:56,106 [pool-27-thread-1] INFO  storage.RaftStorageDirectory (RaftStorageDirectory.java:tryLock(328)) - Lock on /workdir/hadoop-ozone/tools/target/test-dir/MiniOzoneClusterImpl-4b950001-3d73-41a9-9137-e5c36aa9a7ef/datanode-0/data/ratis/f405b82c-6796-4e35-a193-b6d025208616/in_use.lock acquired by nodename 1350@pr-hdds-2509-hffwd-290017286
2019-11-15 21:04:56,123 [pool-37-thread-1] INFO  impl.RaftServerImpl (RaftServerImpl.java:<init>(98)) - c84769a5-5029-4162-884c-744c5b18280b: new RaftServerImpl for group-A372697F954A:[c84769a5-5029-4162-884c-744c5b18280b:192.168.69.127:36211] with ContainerStateMachine:uninitialized
2019-11-15 21:04:56,124 [pool-37-thread-1] INFO  server.RaftServerConfigKeys (ConfUtils.java:logGet(43)) - raft.server.rpc.timeout.min = 5s (custom)
2019-11-15 21:04:56,125 [pool-37-thread-1] INFO  server.RaftServerConfigKeys (ConfUtils.java:logGet(43)) - raft.server.rpc.timeout.max = 5200ms (custom)
2019-11-15 21:04:56,125 [pool-37-thread-1] INFO  server.RaftServerConfigKeys (ConfUtils.java:logGet(43)) - raft.server.rpcslowness.timeout = 120s (custom)
2019-11-15 21:04:56,125 [pool-37-thread-1] INFO  server.RaftServerConfigKeys (ConfUtils.java:logGet(43)) - raft.server.sleep.deviation.threshold = 300 (default)
2019-11-15 21:04:56,125 [pool-37-thread-1] INFO  server.RaftServerConfigKeys (ConfUtils.java:logGet(43)) - raft.server.log.appender.install.snapshot.enabled = false (custom)
2019-11-15 21:04:56,126 [pool-37-thread-1] INFO  impl.RaftServerImpl (ServerState.java:<init>(103)) - c84769a5-5029-4162-884c-744c5b18280b@group-A372697F954A: ConfigurationManager, init=-1: [c84769a5-5029-4162-884c-744c5b18280b:192.168.69.127:36211], old=null, confs=<EMPTY_MAP>
2019-11-15 21:04:56,126 [pool-37-thread-1] INFO  server.RaftServerConfigKeys (ConfUtils.java:logGet(43)) - raft.server.storage.dir = [/workdir/hadoop-ozone/tools/target/test-dir/MiniOzoneClusterImpl-4b950001-3d73-41a9-9137-e5c36aa9a7ef/datanode-1/data/ratis] (custom)
2019-11-15 21:04:56,126 [pool-37-thread-1] INFO  server.RaftServerConfigKeys (ConfUtils.java:logGet(43)) - raft.server.log.corruption.policy = EXCEPTION (default)
2019-11-15 21:04:56,127 [pool-37-thread-1] INFO  storage.RaftStorageDirectory (RaftStorageDirectory.java:analyzeStorage(246)) - The storage directory /workdir/hadoop-ozone/tools/target/test-dir/MiniOzoneClusterImpl-4b950001-3d73-41a9-9137-e5c36aa9a7ef/datanode-1/data/ratis/19c24de2-e623-4822-9a57-a372697f954a does not exist. Creating ...
2019-11-15 21:04:56,139 [pool-37-thread-1] INFO  storage.RaftStorageDirectory (RaftStorageDirectory.java:tryLock(328)) - Lock on /workdir/hadoop-ozone/tools/target/test-dir/MiniOzoneClusterImpl-4b950001-3d73-41a9-9137-e5c36aa9a7ef/datanode-1/data/ratis/19c24de2-e623-4822-9a57-a372697f954a/in_use.lock acquired by nodename 1350@pr-hdds-2509-hffwd-290017286
2019-11-15 21:04:56,140 [pool-27-thread-1] INFO  storage.RaftStorage (RaftStorage.java:format(84)) - Storage directory /workdir/hadoop-ozone/tools/target/test-dir/MiniOzoneClusterImpl-4b950001-3d73-41a9-9137-e5c36aa9a7ef/datanode-0/data/ratis/f405b82c-6796-4e35-a193-b6d025208616 has been successfully formatted.
2019-11-15 21:04:56,142 [pool-27-thread-1] INFO  ratis.ContainerStateMachine (ContainerStateMachine.java:loadSnapshot(223)) - group-B6D025208616: The snapshot info is null. Setting the last applied indexto:(t:0, i:~)
2019-11-15 21:04:56,142 [pool-27-thread-1] INFO  server.RaftServerConfigKeys (ConfUtils.java:logGet(43)) - raft.server.notification.no-leader.timeout = 120s (custom)
2019-11-15 21:04:56,145 [pool-27-thread-1] INFO  server.RaftServerConfigKeys (ConfUtils.java:logGet(43)) - raft.server.log.use.memory = false (default)
2019-11-15 21:04:56,151 [pool-27-thread-1] INFO  server.RaftServerConfigKeys (ConfUtils.java:logGet(43)) - raft.server.log.purge.gap = 1000000 (custom)
2019-11-15 21:04:56,151 [pool-27-thread-1] INFO  server.RaftServerConfigKeys (ConfUtils.java:logGet(43)) - raft.server.log.appender.buffer.byte-limit = 33554432 (custom)
2019-11-15 21:04:56,153 [pool-37-thread-1] INFO  storage.RaftStorage (RaftStorage.java:format(84)) - Storage directory /workdir/hadoop-ozone/tools/target/test-dir/MiniOzoneClusterImpl-4b950001-3d73-41a9-9137-e5c36aa9a7ef/datanode-1/data/ratis/19c24de2-e623-4822-9a57-a372697f954a has been successfully formatted.
2019-11-15 21:04:56,154 [pool-27-thread-1] INFO  server.RaftServerConfigKeys (ConfUtils.java:logGet(43)) - raft.server.log.segment.size.max = 1048576 (custom)
2019-11-15 21:04:56,154 [pool-37-thread-1] INFO  ratis.ContainerStateMachine (ContainerStateMachine.java:loadSnapshot(223)) - group-A372697F954A: The snapshot info is null. Setting the last applied indexto:(t:0, i:~)
2019-11-15 21:04:56,155 [pool-37-thread-1] INFO  server.RaftServerConfigKeys (ConfUtils.java:logGet(43)) - raft.server.notification.no-leader.timeout = 120s (custom)
2019-11-15 21:04:56,155 [pool-37-thread-1] INFO  server.RaftServerConfigKeys (ConfUtils.java:logGet(43)) - raft.server.log.use.memory = false (default)
2019-11-15 21:04:56,155 [pool-37-thread-1] INFO  server.RaftServerConfigKeys (ConfUtils.java:logGet(43)) - raft.server.log.purge.gap = 1000000 (custom)
2019-11-15 21:04:56,155 [pool-37-thread-1] INFO  server.RaftServerConfigKeys (ConfUtils.java:logGet(43)) - raft.server.log.appender.buffer.byte-limit = 33554432 (custom)
2019-11-15 21:04:56,155 [pool-37-thread-1] INFO  server.RaftServerConfigKeys (ConfUtils.java:logGet(43)) - raft.server.log.segment.size.max = 1048576 (custom)
2019-11-15 21:04:56,159 [pool-27-thread-1] INFO  metrics.MetricRegistries (MetricRegistriesLoader.java:load(64)) - Loaded MetricRegistries class org.apache.ratis.metrics.impl.MetricRegistriesImpl
2019-11-15 21:04:56,163 [pool-27-thread-1] WARN  impl.MetricRegistriesImpl (MetricRegistriesImpl.java:lambda$create$1(61)) - First MetricRegistry has been created without registering reporters. You may need to call MetricRegistries.global().addReportRegistration(...) before.
2019-11-15 21:04:56,163 [pool-37-thread-1] WARN  impl.MetricRegistriesImpl (MetricRegistriesImpl.java:lambda$create$1(61)) - First MetricRegistry has been created without registering reporters. You may need to call MetricRegistries.global().addReportRegistration(...) before.
2019-11-15 21:04:56,170 [pool-27-thread-1] INFO  server.RaftServerConfigKeys (ConfUtils.java:logGet(43)) - raft.server.log.segment.cache.num.max = 2 (custom)
2019-11-15 21:04:56,170 [pool-37-thread-1] INFO  server.RaftServerConfigKeys (ConfUtils.java:logGet(43)) - raft.server.log.segment.cache.num.max = 2 (custom)
2019-11-15 21:04:56,175 [pool-27-thread-1] INFO  segmented.SegmentedRaftLogWorker (SegmentedRaftLogWorker.java:<init>(173)) - new b5a7f023-8b73-4a62-84e8-4b8f9660176b@group-B6D025208616-SegmentedRaftLogWorker for RaftStorage:Storage Directory /workdir/hadoop-ozone/tools/target/test-dir/MiniOzoneClusterImpl-4b950001-3d73-41a9-9137-e5c36aa9a7ef/datanode-0/data/ratis/f405b82c-6796-4e35-a193-b6d025208616
2019-11-15 21:04:56,175 [pool-37-thread-1] INFO  segmented.SegmentedRaftLogWorker (SegmentedRaftLogWorker.java:<init>(173)) - new c84769a5-5029-4162-884c-744c5b18280b@group-A372697F954A-SegmentedRaftLogWorker for RaftStorage:Storage Directory /workdir/hadoop-ozone/tools/target/test-dir/MiniOzoneClusterImpl-4b950001-3d73-41a9-9137-e5c36aa9a7ef/datanode-1/data/ratis/19c24de2-e623-4822-9a57-a372697f954a
2019-11-15 21:04:56,176 [pool-27-thread-1] INFO  server.RaftServerConfigKeys (ConfUtils.java:logGet(43)) - raft.server.log.queue.byte-limit = 2147483647 (custom)
2019-11-15 21:04:56,176 [pool-37-thread-1] INFO  server.RaftServerConfigKeys (ConfUtils.java:logGet(43)) - raft.server.log.queue.byte-limit = 2147483647 (custom)
2019-11-15 21:04:56,177 [pool-27-thread-1] INFO  server.RaftServerConfigKeys (ConfUtils.java:logGet(43)) - raft.server.log.queue.element-limit = 1024 (custom)
2019-11-15 21:04:56,177 [pool-37-thread-1] INFO  server.RaftServerConfigKeys (ConfUtils.java:logGet(43)) - raft.server.log.queue.element-limit = 1024 (custom)
2019-11-15 21:04:56,178 [pool-27-thread-1] INFO  server.RaftServerConfigKeys (ConfUtils.java:logGet(43)) - raft.server.log.segment.size.max = 1048576 (custom)
2019-11-15 21:04:56,179 [pool-27-thread-1] INFO  server.RaftServerConfigKeys (ConfUtils.java:logGet(43)) - raft.server.log.preallocated.size = 16384 (custom)
2019-11-15 21:04:56,180 [pool-37-thread-1] INFO  server.RaftServerConfigKeys (ConfUtils.java:logGet(43)) - raft.server.log.segment.size.max = 1048576 (custom)
2019-11-15 21:04:56,180 [Command processor thread] INFO  impl.RaftServerProxy (RaftServerProxy.java:addNew(89)) - 59783a08-ab51-4d4e-adcd-f2b6c822d111: addNew group-23069C512A3B:[59783a08-ab51-4d4e-adcd-f2b6c822d111:192.168.69.127:34175] returns group-23069C512A3B:java.util.concurrent.CompletableFuture@446cf9f5[Not completed]
2019-11-15 21:04:56,180 [pool-27-thread-1] INFO  server.RaftServerConfigKeys (ConfUtils.java:logGet(43)) - raft.server.log.write.buffer.size = 33554432 (custom)
2019-11-15 21:04:56,185 [pool-37-thread-1] INFO  server.RaftServerConfigKeys (ConfUtils.java:logGet(43)) - raft.server.log.preallocated.size = 16384 (custom)
2019-11-15 21:04:56,185 [main] INFO  ozone.MiniOzoneClusterImpl (MiniOzoneClusterImpl.java:lambda$waitForClusterToBeReady$0(150)) - Nodes are ready. Got 3 of 3 DN Heartbeats.
2019-11-15 21:04:56,189 [main] INFO  ozone.MiniOzoneClusterImpl (MiniOzoneClusterImpl.java:lambda$waitForClusterToBeReady$0(153)) - Waiting for cluster to exit safe mode
2019-11-15 21:04:56,187 [pool-37-thread-1] INFO  server.RaftServerConfigKeys (ConfUtils.java:logGet(43)) - raft.server.log.write.buffer.size = 33554432 (custom)
2019-11-15 21:04:56,187 [pool-27-thread-1] INFO  server.RaftServerConfigKeys (ConfUtils.java:logGet(43)) - raft.server.log.force.sync.num = 128 (default)
2019-11-15 21:04:56,195 [pool-37-thread-1] INFO  server.RaftServerConfigKeys (ConfUtils.java:logGet(43)) - raft.server.log.force.sync.num = 128 (default)
2019-11-15 21:04:56,196 [pool-47-thread-1] INFO  impl.RaftServerImpl (RaftServerImpl.java:<init>(98)) - 59783a08-ab51-4d4e-adcd-f2b6c822d111: new RaftServerImpl for group-23069C512A3B:[59783a08-ab51-4d4e-adcd-f2b6c822d111:192.168.69.127:34175] with ContainerStateMachine:uninitialized
2019-11-15 21:04:56,197 [pool-27-thread-1] INFO  server.RaftServerConfigKeys (ConfUtils.java:logGet(43)) - raft.server.log.statemachine.data.sync = true (default)
2019-11-15 21:04:56,197 [pool-37-thread-1] INFO  server.RaftServerConfigKeys (ConfUtils.java:logGet(43)) - raft.server.log.statemachine.data.sync = true (default)
2019-11-15 21:04:56,197 [pool-47-thread-1] INFO  server.RaftServerConfigKeys (ConfUtils.java:logGet(43)) - raft.server.rpc.timeout.min = 5s (custom)
2019-11-15 21:04:56,197 [pool-27-thread-1] INFO  server.RaftServerConfigKeys (ConfUtils.java:logGet(43)) - raft.server.log.statemachine.data.sync.timeout = 10s (default)
2019-11-15 21:04:56,198 [pool-47-thread-1] INFO  server.RaftServerConfigKeys (ConfUtils.java:logGet(43)) - raft.server.rpc.timeout.max = 5200ms (custom)
2019-11-15 21:04:56,198 [pool-37-thread-1] INFO  server.RaftServerConfigKeys (ConfUtils.java:logGet(43)) - raft.server.log.statemachine.data.sync.timeout = 10s (default)
2019-11-15 21:04:56,198 [pool-47-thread-1] INFO  server.RaftServerConfigKeys (ConfUtils.java:logGet(43)) - raft.server.rpcslowness.timeout = 120s (custom)
2019-11-15 21:04:56,198 [pool-27-thread-1] INFO  server.RaftServerConfigKeys (ConfUtils.java:logGet(43)) - raft.server.log.statemachine.data.sync.timeout.retry = -1 (default)
2019-11-15 21:04:56,198 [pool-47-thread-1] INFO  server.RaftServerConfigKeys (ConfUtils.java:logGet(43)) - raft.server.sleep.deviation.threshold = 300 (default)
2019-11-15 21:04:56,199 [pool-37-thread-1] INFO  server.RaftServerConfigKeys (ConfUtils.java:logGet(43)) - raft.server.log.statemachine.data.sync.timeout.retry = -1 (default)
2019-11-15 21:04:56,199 [pool-47-thread-1] INFO  server.RaftServerConfigKeys (ConfUtils.java:logGet(43)) - raft.server.log.appender.install.snapshot.enabled = false (custom)
2019-11-15 21:04:56,199 [pool-47-thread-1] INFO  impl.RaftServerImpl (ServerState.java:<init>(103)) - 59783a08-ab51-4d4e-adcd-f2b6c822d111@group-23069C512A3B: ConfigurationManager, init=-1: [59783a08-ab51-4d4e-adcd-f2b6c822d111:192.168.69.127:34175], old=null, confs=<EMPTY_MAP>
2019-11-15 21:04:56,200 [pool-47-thread-1] INFO  server.RaftServerConfigKeys (ConfUtils.java:logGet(43)) - raft.server.storage.dir = [/workdir/hadoop-ozone/tools/target/test-dir/MiniOzoneClusterImpl-4b950001-3d73-41a9-9137-e5c36aa9a7ef/datanode-2/data/ratis] (custom)
2019-11-15 21:04:56,200 [pool-47-thread-1] INFO  server.RaftServerConfigKeys (ConfUtils.java:logGet(43)) - raft.server.log.corruption.policy = EXCEPTION (default)
2019-11-15 21:04:56,200 [pool-47-thread-1] INFO  storage.RaftStorageDirectory (RaftStorageDirectory.java:analyzeStorage(246)) - The storage directory /workdir/hadoop-ozone/tools/target/test-dir/MiniOzoneClusterImpl-4b950001-3d73-41a9-9137-e5c36aa9a7ef/datanode-2/data/ratis/ec2920b4-66ee-4fb3-93a3-23069c512a3b does not exist. Creating ...
2019-11-15 21:04:56,215 [pool-27-thread-1] INFO  server.RaftServerConfigKeys (ConfUtils.java:logGet(43)) - raft.server.log.statemachine.data.caching.enabled = true (custom)
2019-11-15 21:04:56,215 [pool-37-thread-1] INFO  server.RaftServerConfigKeys (ConfUtils.java:logGet(43)) - raft.server.log.statemachine.data.caching.enabled = true (custom)
2019-11-15 21:04:56,225 [pool-47-thread-1] INFO  storage.RaftStorageDirectory (RaftStorageDirectory.java:tryLock(328)) - Lock on /workdir/hadoop-ozone/tools/target/test-dir/MiniOzoneClusterImpl-4b950001-3d73-41a9-9137-e5c36aa9a7ef/datanode-2/data/ratis/ec2920b4-66ee-4fb3-93a3-23069c512a3b/in_use.lock acquired by nodename 1350@pr-hdds-2509-hffwd-290017286
2019-11-15 21:04:56,229 [pool-27-thread-1] INFO  segmented.SegmentedRaftLogWorker (SegmentedRaftLogWorker.java:lambda$new$0(128)) - b5a7f023-8b73-4a62-84e8-4b8f9660176b@group-B6D025208616-SegmentedRaftLogWorker: flushIndex: setUnconditionally 0 -> -1
2019-11-15 21:04:56,230 [pool-37-thread-1] INFO  segmented.SegmentedRaftLogWorker (SegmentedRaftLogWorker.java:lambda$new$0(128)) - c84769a5-5029-4162-884c-744c5b18280b@group-A372697F954A-SegmentedRaftLogWorker: flushIndex: setUnconditionally 0 -> -1
2019-11-15 21:04:56,234 [pool-27-thread-1] INFO  server.RaftServerConfigKeys (ConfUtils.java:logGet(43)) - raft.server.snapshot.auto.trigger.enabled = true (custom)
2019-11-15 21:04:56,234 [pool-37-thread-1] INFO  server.RaftServerConfigKeys (ConfUtils.java:logGet(43)) - raft.server.snapshot.auto.trigger.enabled = true (custom)
2019-11-15 21:04:56,236 [pool-27-thread-1] INFO  server.RaftServerConfigKeys (ConfUtils.java:logGet(43)) - raft.server.snapshot.auto.trigger.threshold = 10000 (custom)
2019-11-15 21:04:56,236 [pool-37-thread-1] INFO  server.RaftServerConfigKeys (ConfUtils.java:logGet(43)) - raft.server.snapshot.auto.trigger.threshold = 10000 (custom)
2019-11-15 21:04:56,236 [pool-27-thread-1] INFO  server.RaftServerConfigKeys (ConfUtils.java:logGet(43)) - raft.server.snapshot.retention.file.num = 5 (custom)
2019-11-15 21:04:56,237 [pool-37-thread-1] INFO  server.RaftServerConfigKeys (ConfUtils.java:logGet(43)) - raft.server.snapshot.retention.file.num = 5 (custom)
2019-11-15 21:04:56,237 [pool-27-thread-1] INFO  server.RaftServerConfigKeys (ConfUtils.java:logGet(43)) - raft.server.retrycache.expirytime = 600000ms (custom)
2019-11-15 21:04:56,237 [pool-37-thread-1] INFO  server.RaftServerConfigKeys (ConfUtils.java:logGet(43)) - raft.server.retrycache.expirytime = 600000ms (custom)
2019-11-15 21:04:56,238 [pool-47-thread-1] INFO  storage.RaftStorage (RaftStorage.java:format(84)) - Storage directory /workdir/hadoop-ozone/tools/target/test-dir/MiniOzoneClusterImpl-4b950001-3d73-41a9-9137-e5c36aa9a7ef/datanode-2/data/ratis/ec2920b4-66ee-4fb3-93a3-23069c512a3b has been successfully formatted.
2019-11-15 21:04:56,239 [pool-47-thread-1] INFO  ratis.ContainerStateMachine (ContainerStateMachine.java:loadSnapshot(223)) - group-23069C512A3B: The snapshot info is null. Setting the last applied indexto:(t:0, i:~)
2019-11-15 21:04:56,239 [pool-47-thread-1] INFO  server.RaftServerConfigKeys (ConfUtils.java:logGet(43)) - raft.server.notification.no-leader.timeout = 120s (custom)
2019-11-15 21:04:56,239 [pool-47-thread-1] INFO  server.RaftServerConfigKeys (ConfUtils.java:logGet(43)) - raft.server.log.use.memory = false (default)
2019-11-15 21:04:56,239 [pool-47-thread-1] INFO  server.RaftServerConfigKeys (ConfUtils.java:logGet(43)) - raft.server.log.purge.gap = 1000000 (custom)
2019-11-15 21:04:56,240 [pool-47-thread-1] INFO  server.RaftServerConfigKeys (ConfUtils.java:logGet(43)) - raft.server.log.appender.buffer.byte-limit = 33554432 (custom)
2019-11-15 21:04:56,240 [pool-47-thread-1] INFO  server.RaftServerConfigKeys (ConfUtils.java:logGet(43)) - raft.server.log.segment.size.max = 1048576 (custom)
2019-11-15 21:04:56,240 [pool-47-thread-1] WARN  impl.MetricRegistriesImpl (MetricRegistriesImpl.java:lambda$create$1(61)) - First MetricRegistry has been created without registering reporters. You may need to call MetricRegistries.global().addReportRegistration(...) before.
2019-11-15 21:04:56,240 [pool-47-thread-1] INFO  server.RaftServerConfigKeys (ConfUtils.java:logGet(43)) - raft.server.log.segment.cache.num.max = 2 (custom)
2019-11-15 21:04:56,240 [pool-47-thread-1] INFO  segmented.SegmentedRaftLogWorker (SegmentedRaftLogWorker.java:<init>(173)) - new 59783a08-ab51-4d4e-adcd-f2b6c822d111@group-23069C512A3B-SegmentedRaftLogWorker for RaftStorage:Storage Directory /workdir/hadoop-ozone/tools/target/test-dir/MiniOzoneClusterImpl-4b950001-3d73-41a9-9137-e5c36aa9a7ef/datanode-2/data/ratis/ec2920b4-66ee-4fb3-93a3-23069c512a3b
2019-11-15 21:04:56,240 [pool-47-thread-1] INFO  server.RaftServerConfigKeys (ConfUtils.java:logGet(43)) - raft.server.log.queue.byte-limit = 2147483647 (custom)
2019-11-15 21:04:56,241 [pool-47-thread-1] INFO  server.RaftServerConfigKeys (ConfUtils.java:logGet(43)) - raft.server.log.queue.element-limit = 1024 (custom)
2019-11-15 21:04:56,241 [pool-47-thread-1] INFO  server.RaftServerConfigKeys (ConfUtils.java:logGet(43)) - raft.server.log.segment.size.max = 1048576 (custom)
2019-11-15 21:04:56,241 [pool-47-thread-1] INFO  server.RaftServerConfigKeys (ConfUtils.java:logGet(43)) - raft.server.log.preallocated.size = 16384 (custom)
2019-11-15 21:04:56,241 [pool-47-thread-1] INFO  server.RaftServerConfigKeys (ConfUtils.java:logGet(43)) - raft.server.log.write.buffer.size = 33554432 (custom)
2019-11-15 21:04:56,241 [pool-47-thread-1] INFO  server.RaftServerConfigKeys (ConfUtils.java:logGet(43)) - raft.server.log.force.sync.num = 128 (default)
2019-11-15 21:04:56,241 [pool-47-thread-1] INFO  server.RaftServerConfigKeys (ConfUtils.java:logGet(43)) - raft.server.log.statemachine.data.sync = true (default)
2019-11-15 21:04:56,242 [pool-47-thread-1] INFO  server.RaftServerConfigKeys (ConfUtils.java:logGet(43)) - raft.server.log.statemachine.data.sync.timeout = 10s (default)
2019-11-15 21:04:56,242 [pool-47-thread-1] INFO  server.RaftServerConfigKeys (ConfUtils.java:logGet(43)) - raft.server.log.statemachine.data.sync.timeout.retry = -1 (default)
2019-11-15 21:04:56,242 [pool-47-thread-1] INFO  server.RaftServerConfigKeys (ConfUtils.java:logGet(43)) - raft.server.log.statemachine.data.caching.enabled = true (custom)
2019-11-15 21:04:56,242 [pool-47-thread-1] INFO  segmented.SegmentedRaftLogWorker (SegmentedRaftLogWorker.java:lambda$new$0(128)) - 59783a08-ab51-4d4e-adcd-f2b6c822d111@group-23069C512A3B-SegmentedRaftLogWorker: flushIndex: setUnconditionally 0 -> -1
2019-11-15 21:04:56,243 [pool-47-thread-1] INFO  server.RaftServerConfigKeys (ConfUtils.java:logGet(43)) - raft.server.snapshot.auto.trigger.enabled = true (custom)
2019-11-15 21:04:56,243 [pool-47-thread-1] INFO  server.RaftServerConfigKeys (ConfUtils.java:logGet(43)) - raft.server.snapshot.auto.trigger.threshold = 10000 (custom)
2019-11-15 21:04:56,243 [pool-47-thread-1] INFO  server.RaftServerConfigKeys (ConfUtils.java:logGet(43)) - raft.server.snapshot.retention.file.num = 5 (custom)
2019-11-15 21:04:56,244 [pool-47-thread-1] INFO  server.RaftServerConfigKeys (ConfUtils.java:logGet(43)) - raft.server.retrycache.expirytime = 600000ms (custom)
2019-11-15 21:04:56,258 [pool-37-thread-1] WARN  impl.MetricRegistriesImpl (MetricRegistriesImpl.java:lambda$create$1(61)) - First MetricRegistry has been created without registering reporters. You may need to call MetricRegistries.global().addReportRegistration(...) before.
2019-11-15 21:04:56,258 [pool-27-thread-1] WARN  impl.MetricRegistriesImpl (MetricRegistriesImpl.java:lambda$create$1(61)) - First MetricRegistry has been created without registering reporters. You may need to call MetricRegistries.global().addReportRegistration(...) before.
2019-11-15 21:04:56,261 [pool-37-thread-1] WARN  impl.MetricRegistriesImpl (MetricRegistriesImpl.java:lambda$create$1(61)) - First MetricRegistry has been created without registering reporters. You may need to call MetricRegistries.global().addReportRegistration(...) before.
2019-11-15 21:04:56,261 [pool-27-thread-1] WARN  impl.MetricRegistriesImpl (MetricRegistriesImpl.java:lambda$create$1(61)) - First MetricRegistry has been created without registering reporters. You may need to call MetricRegistries.global().addReportRegistration(...) before.
2019-11-15 21:04:56,263 [pool-37-thread-1] INFO  impl.RaftServerImpl (RaftServerImpl.java:start(184)) - c84769a5-5029-4162-884c-744c5b18280b@group-A372697F954A: start as a follower, conf=-1: [c84769a5-5029-4162-884c-744c5b18280b:192.168.69.127:36211], old=null
2019-11-15 21:04:56,263 [pool-27-thread-1] INFO  impl.RaftServerImpl (RaftServerImpl.java:start(184)) - b5a7f023-8b73-4a62-84e8-4b8f9660176b@group-B6D025208616: start as a follower, conf=-1: [b5a7f023-8b73-4a62-84e8-4b8f9660176b:192.168.69.127:38255], old=null
2019-11-15 21:04:56,263 [pool-47-thread-1] WARN  impl.MetricRegistriesImpl (MetricRegistriesImpl.java:lambda$create$1(61)) - First MetricRegistry has been created without registering reporters. You may need to call MetricRegistries.global().addReportRegistration(...) before.
2019-11-15 21:04:56,264 [pool-47-thread-1] WARN  impl.MetricRegistriesImpl (MetricRegistriesImpl.java:lambda$create$1(61)) - First MetricRegistry has been created without registering reporters. You may need to call MetricRegistries.global().addReportRegistration(...) before.
2019-11-15 21:04:56,264 [pool-47-thread-1] INFO  impl.RaftServerImpl (RaftServerImpl.java:start(184)) - 59783a08-ab51-4d4e-adcd-f2b6c822d111@group-23069C512A3B: start as a follower, conf=-1: [59783a08-ab51-4d4e-adcd-f2b6c822d111:192.168.69.127:34175], old=null
2019-11-15 21:04:56,264 [pool-47-thread-1] INFO  impl.RaftServerImpl (RaftServerImpl.java:setRole(173)) - 59783a08-ab51-4d4e-adcd-f2b6c822d111@group-23069C512A3B: changes role from      null to FOLLOWER at term 0 for startAsFollower
2019-11-15 21:04:56,264 [pool-37-thread-1] INFO  impl.RaftServerImpl (RaftServerImpl.java:setRole(173)) - c84769a5-5029-4162-884c-744c5b18280b@group-A372697F954A: changes role from      null to FOLLOWER at term 0 for startAsFollower
2019-11-15 21:04:56,264 [pool-27-thread-1] INFO  impl.RaftServerImpl (RaftServerImpl.java:setRole(173)) - b5a7f023-8b73-4a62-84e8-4b8f9660176b@group-B6D025208616: changes role from      null to FOLLOWER at term 0 for startAsFollower
2019-11-15 21:04:56,265 [pool-27-thread-1] INFO  impl.RoleInfo (RoleInfo.java:updateAndGet(143)) - b5a7f023-8b73-4a62-84e8-4b8f9660176b: start FollowerState
2019-11-15 21:04:56,265 [pool-37-thread-1] INFO  impl.RoleInfo (RoleInfo.java:updateAndGet(143)) - c84769a5-5029-4162-884c-744c5b18280b: start FollowerState
2019-11-15 21:04:56,270 [pool-47-thread-1] INFO  impl.RoleInfo (RoleInfo.java:updateAndGet(143)) - 59783a08-ab51-4d4e-adcd-f2b6c822d111: start FollowerState
2019-11-15 21:04:56,272 [pool-27-thread-1] INFO  util.JmxRegister (JmxRegister.java:tryRegister(44)) - Successfully registered JMX Bean with object name Ratis:service=RaftServer,group=group-B6D025208616,id=b5a7f023-8b73-4a62-84e8-4b8f9660176b
2019-11-15 21:04:56,272 [pool-37-thread-1] INFO  util.JmxRegister (JmxRegister.java:tryRegister(44)) - Successfully registered JMX Bean with object name Ratis:service=RaftServer,group=group-A372697F954A,id=c84769a5-5029-4162-884c-744c5b18280b
2019-11-15 21:04:56,275 [pool-47-thread-1] INFO  util.JmxRegister (JmxRegister.java:tryRegister(44)) - Successfully registered JMX Bean with object name Ratis:service=RaftServer,group=group-23069C512A3B,id=59783a08-ab51-4d4e-adcd-f2b6c822d111
2019-11-15 21:04:56,275 [pool-27-thread-1] WARN  impl.MetricRegistriesImpl (MetricRegistriesImpl.java:lambda$create$1(61)) - First MetricRegistry has been created without registering reporters. You may need to call MetricRegistries.global().addReportRegistration(...) before.
2019-11-15 21:04:56,275 [pool-47-thread-1] WARN  impl.MetricRegistriesImpl (MetricRegistriesImpl.java:lambda$create$1(61)) - First MetricRegistry has been created without registering reporters. You may need to call MetricRegistries.global().addReportRegistration(...) before.
2019-11-15 21:04:56,276 [pool-37-thread-1] WARN  impl.MetricRegistriesImpl (MetricRegistriesImpl.java:lambda$create$1(61)) - First MetricRegistry has been created without registering reporters. You may need to call MetricRegistries.global().addReportRegistration(...) before.
2019-11-15 21:04:56,291 [Command processor thread] INFO  commandhandler.CreatePipelineCommandHandler (CreatePipelineCommandHandler.java:handle(86)) - Create Pipeline RATIS ONE #id: "ec2920b4-66ee-4fb3-93a3-23069c512a3b"
 command succeed on datanode 59783a08-ab51-4d4e-adcd-f2b6c822d111.
2019-11-15 21:04:56,291 [Command processor thread] INFO  commandhandler.CreatePipelineCommandHandler (CreatePipelineCommandHandler.java:handle(86)) - Create Pipeline RATIS ONE #id: "f405b82c-6796-4e35-a193-b6d025208616"
 command succeed on datanode b5a7f023-8b73-4a62-84e8-4b8f9660176b.
2019-11-15 21:04:56,291 [Command processor thread] INFO  commandhandler.CreatePipelineCommandHandler (CreatePipelineCommandHandler.java:handle(86)) - Create Pipeline RATIS ONE #id: "19c24de2-e623-4822-9a57-a372697f954a"
 command succeed on datanode c84769a5-5029-4162-884c-744c5b18280b.
2019-11-15 21:04:56,297 [Command processor thread] INFO  impl.RaftServerProxy (RaftServerProxy.java:addNew(89)) - c84769a5-5029-4162-884c-744c5b18280b: addNew group-C88F894DBF12:[b5a7f023-8b73-4a62-84e8-4b8f9660176b:192.168.69.127:38255, 59783a08-ab51-4d4e-adcd-f2b6c822d111:192.168.69.127:34175, c84769a5-5029-4162-884c-744c5b18280b:192.168.69.127:36211] returns group-C88F894DBF12:java.util.concurrent.CompletableFuture@4e4b8c69[Not completed]
2019-11-15 21:04:56,297 [Command processor thread] INFO  impl.RaftServerProxy (RaftServerProxy.java:addNew(89)) - 59783a08-ab51-4d4e-adcd-f2b6c822d111: addNew group-C88F894DBF12:[b5a7f023-8b73-4a62-84e8-4b8f9660176b:192.168.69.127:38255, 59783a08-ab51-4d4e-adcd-f2b6c822d111:192.168.69.127:34175, c84769a5-5029-4162-884c-744c5b18280b:192.168.69.127:36211] returns group-C88F894DBF12:java.util.concurrent.CompletableFuture@6fbb4d3b[Not completed]
2019-11-15 21:04:56,297 [Command processor thread] INFO  impl.RaftServerProxy (RaftServerProxy.java:addNew(89)) - b5a7f023-8b73-4a62-84e8-4b8f9660176b: addNew group-C88F894DBF12:[b5a7f023-8b73-4a62-84e8-4b8f9660176b:192.168.69.127:38255, 59783a08-ab51-4d4e-adcd-f2b6c822d111:192.168.69.127:34175, c84769a5-5029-4162-884c-744c5b18280b:192.168.69.127:36211] returns group-C88F894DBF12:java.util.concurrent.CompletableFuture@33315cb1[Not completed]
2019-11-15 21:04:56,300 [pool-37-thread-1] INFO  impl.RaftServerImpl (RaftServerImpl.java:<init>(98)) - c84769a5-5029-4162-884c-744c5b18280b: new RaftServerImpl for group-C88F894DBF12:[b5a7f023-8b73-4a62-84e8-4b8f9660176b:192.168.69.127:38255, 59783a08-ab51-4d4e-adcd-f2b6c822d111:192.168.69.127:34175, c84769a5-5029-4162-884c-744c5b18280b:192.168.69.127:36211] with ContainerStateMachine:uninitialized
2019-11-15 21:04:56,300 [pool-37-thread-1] INFO  server.RaftServerConfigKeys (ConfUtils.java:logGet(43)) - raft.server.rpc.timeout.min = 5s (custom)
2019-11-15 21:04:56,300 [pool-37-thread-1] INFO  server.RaftServerConfigKeys (ConfUtils.java:logGet(43)) - raft.server.rpc.timeout.max = 5200ms (custom)
2019-11-15 21:04:56,300 [pool-37-thread-1] INFO  server.RaftServerConfigKeys (ConfUtils.java:logGet(43)) - raft.server.rpcslowness.timeout = 120s (custom)
2019-11-15 21:04:56,300 [pool-37-thread-1] INFO  server.RaftServerConfigKeys (ConfUtils.java:logGet(43)) - raft.server.sleep.deviation.threshold = 300 (default)
2019-11-15 21:04:56,300 [pool-37-thread-1] INFO  server.RaftServerConfigKeys (ConfUtils.java:logGet(43)) - raft.server.log.appender.install.snapshot.enabled = false (custom)
2019-11-15 21:04:56,301 [pool-37-thread-1] INFO  impl.RaftServerImpl (ServerState.java:<init>(103)) - c84769a5-5029-4162-884c-744c5b18280b@group-C88F894DBF12: ConfigurationManager, init=-1: [b5a7f023-8b73-4a62-84e8-4b8f9660176b:192.168.69.127:38255, 59783a08-ab51-4d4e-adcd-f2b6c822d111:192.168.69.127:34175, c84769a5-5029-4162-884c-744c5b18280b:192.168.69.127:36211], old=null, confs=<EMPTY_MAP>
2019-11-15 21:04:56,301 [pool-37-thread-1] INFO  server.RaftServerConfigKeys (ConfUtils.java:logGet(43)) - raft.server.storage.dir = [/workdir/hadoop-ozone/tools/target/test-dir/MiniOzoneClusterImpl-4b950001-3d73-41a9-9137-e5c36aa9a7ef/datanode-1/data/ratis] (custom)
2019-11-15 21:04:56,301 [pool-47-thread-1] INFO  impl.RaftServerImpl (RaftServerImpl.java:<init>(98)) - 59783a08-ab51-4d4e-adcd-f2b6c822d111: new RaftServerImpl for group-C88F894DBF12:[b5a7f023-8b73-4a62-84e8-4b8f9660176b:192.168.69.127:38255, 59783a08-ab51-4d4e-adcd-f2b6c822d111:192.168.69.127:34175, c84769a5-5029-4162-884c-744c5b18280b:192.168.69.127:36211] with ContainerStateMachine:uninitialized
2019-11-15 21:04:56,301 [pool-37-thread-1] INFO  server.RaftServerConfigKeys (ConfUtils.java:logGet(43)) - raft.server.log.corruption.policy = EXCEPTION (default)
2019-11-15 21:04:56,301 [pool-47-thread-1] INFO  server.RaftServerConfigKeys (ConfUtils.java:logGet(43)) - raft.server.rpc.timeout.min = 5s (custom)
2019-11-15 21:04:56,301 [pool-37-thread-1] INFO  storage.RaftStorageDirectory (RaftStorageDirectory.java:analyzeStorage(246)) - The storage directory /workdir/hadoop-ozone/tools/target/test-dir/MiniOzoneClusterImpl-4b950001-3d73-41a9-9137-e5c36aa9a7ef/datanode-1/data/ratis/ccfb41d2-a10b-4ee5-9f60-c88f894dbf12 does not exist. Creating ...
2019-11-15 21:04:56,301 [pool-47-thread-1] INFO  server.RaftServerConfigKeys (ConfUtils.java:logGet(43)) - raft.server.rpc.timeout.max = 5200ms (custom)
2019-11-15 21:04:56,302 [pool-47-thread-1] INFO  server.RaftServerConfigKeys (ConfUtils.java:logGet(43)) - raft.server.rpcslowness.timeout = 120s (custom)
2019-11-15 21:04:56,302 [pool-27-thread-1] INFO  impl.RaftServerImpl (RaftServerImpl.java:<init>(98)) - b5a7f023-8b73-4a62-84e8-4b8f9660176b: new RaftServerImpl for group-C88F894DBF12:[b5a7f023-8b73-4a62-84e8-4b8f9660176b:192.168.69.127:38255, 59783a08-ab51-4d4e-adcd-f2b6c822d111:192.168.69.127:34175, c84769a5-5029-4162-884c-744c5b18280b:192.168.69.127:36211] with ContainerStateMachine:uninitialized
2019-11-15 21:04:56,302 [pool-47-thread-1] INFO  server.RaftServerConfigKeys (ConfUtils.java:logGet(43)) - raft.server.sleep.deviation.threshold = 300 (default)
2019-11-15 21:04:56,302 [pool-27-thread-1] INFO  server.RaftServerConfigKeys (ConfUtils.java:logGet(43)) - raft.server.rpc.timeout.min = 5s (custom)
2019-11-15 21:04:56,302 [pool-47-thread-1] INFO  server.RaftServerConfigKeys (ConfUtils.java:logGet(43)) - raft.server.log.appender.install.snapshot.enabled = false (custom)
2019-11-15 21:04:56,302 [pool-27-thread-1] INFO  server.RaftServerConfigKeys (ConfUtils.java:logGet(43)) - raft.server.rpc.timeout.max = 5200ms (custom)
2019-11-15 21:04:56,302 [pool-47-thread-1] INFO  impl.RaftServerImpl (ServerState.java:<init>(103)) - 59783a08-ab51-4d4e-adcd-f2b6c822d111@group-C88F894DBF12: ConfigurationManager, init=-1: [b5a7f023-8b73-4a62-84e8-4b8f9660176b:192.168.69.127:38255, 59783a08-ab51-4d4e-adcd-f2b6c822d111:192.168.69.127:34175, c84769a5-5029-4162-884c-744c5b18280b:192.168.69.127:36211], old=null, confs=<EMPTY_MAP>
2019-11-15 21:04:56,302 [pool-27-thread-1] INFO  server.RaftServerConfigKeys (ConfUtils.java:logGet(43)) - raft.server.rpcslowness.timeout = 120s (custom)
2019-11-15 21:04:56,302 [pool-27-thread-1] INFO  server.RaftServerConfigKeys (ConfUtils.java:logGet(43)) - raft.server.sleep.deviation.threshold = 300 (default)
2019-11-15 21:04:56,302 [pool-47-thread-1] INFO  server.RaftServerConfigKeys (ConfUtils.java:logGet(43)) - raft.server.storage.dir = [/workdir/hadoop-ozone/tools/target/test-dir/MiniOzoneClusterImpl-4b950001-3d73-41a9-9137-e5c36aa9a7ef/datanode-2/data/ratis] (custom)
2019-11-15 21:04:56,303 [pool-27-thread-1] INFO  server.RaftServerConfigKeys (ConfUtils.java:logGet(43)) - raft.server.log.appender.install.snapshot.enabled = false (custom)
2019-11-15 21:04:56,303 [pool-27-thread-1] INFO  impl.RaftServerImpl (ServerState.java:<init>(103)) - b5a7f023-8b73-4a62-84e8-4b8f9660176b@group-C88F894DBF12: ConfigurationManager, init=-1: [b5a7f023-8b73-4a62-84e8-4b8f9660176b:192.168.69.127:38255, 59783a08-ab51-4d4e-adcd-f2b6c822d111:192.168.69.127:34175, c84769a5-5029-4162-884c-744c5b18280b:192.168.69.127:36211], old=null, confs=<EMPTY_MAP>
2019-11-15 21:04:56,303 [pool-47-thread-1] INFO  server.RaftServerConfigKeys (ConfUtils.java:logGet(43)) - raft.server.log.corruption.policy = EXCEPTION (default)
2019-11-15 21:04:56,303 [pool-27-thread-1] INFO  server.RaftServerConfigKeys (ConfUtils.java:logGet(43)) - raft.server.storage.dir = [/workdir/hadoop-ozone/tools/target/test-dir/MiniOzoneClusterImpl-4b950001-3d73-41a9-9137-e5c36aa9a7ef/datanode-0/data/ratis] (custom)
2019-11-15 21:04:56,303 [pool-47-thread-1] INFO  storage.RaftStorageDirectory (RaftStorageDirectory.java:analyzeStorage(246)) - The storage directory /workdir/hadoop-ozone/tools/target/test-dir/MiniOzoneClusterImpl-4b950001-3d73-41a9-9137-e5c36aa9a7ef/datanode-2/data/ratis/ccfb41d2-a10b-4ee5-9f60-c88f894dbf12 does not exist. Creating ...
2019-11-15 21:04:56,303 [pool-27-thread-1] INFO  server.RaftServerConfigKeys (ConfUtils.java:logGet(43)) - raft.server.log.corruption.policy = EXCEPTION (default)
2019-11-15 21:04:56,304 [pool-27-thread-1] INFO  storage.RaftStorageDirectory (RaftStorageDirectory.java:analyzeStorage(246)) - The storage directory /workdir/hadoop-ozone/tools/target/test-dir/MiniOzoneClusterImpl-4b950001-3d73-41a9-9137-e5c36aa9a7ef/datanode-0/data/ratis/ccfb41d2-a10b-4ee5-9f60-c88f894dbf12 does not exist. Creating ...
2019-11-15 21:04:56,307 [EventQueue-PipelineReportForPipelineReportHandler] INFO  pipeline.PipelineReportHandler (PipelineReportHandler.java:processPipelineReport(113)) - Pipeline ONE PipelineID=ec2920b4-66ee-4fb3-93a3-23069c512a3b reported by 59783a08-ab51-4d4e-adcd-f2b6c822d111{ip: 192.168.69.127, host: pr-hdds-2509-hffwd-290017286, networkLocation: /default-rack, certSerialId: null}
2019-11-15 21:04:56,308 [EventQueue-PipelineReportForPipelineReportHandler] INFO  pipeline.PipelineStateManager (PipelineStateManager.java:openPipeline(132)) - Pipeline Pipeline[ Id: ec2920b4-66ee-4fb3-93a3-23069c512a3b, Nodes: 59783a08-ab51-4d4e-adcd-f2b6c822d111{ip: 192.168.69.127, host: pr-hdds-2509-hffwd-290017286, networkLocation: /default-rack, certSerialId: null}, Type:RATIS, Factor:ONE, State:ALLOCATED] moved to OPEN state
2019-11-15 21:04:56,310 [EventQueue-OpenPipelineForOneReplicaPipelineSafeModeRule] INFO  safemode.SCMSafeModeManager (SCMSafeModeManager.java:validateSafeModeExitRules(176)) - AtleastOneDatanodeReportedRule rule is successfully validated
2019-11-15 21:04:56,310 [EventQueue-PipelineReportForPipelineReportHandler] INFO  pipeline.PipelineReportHandler (PipelineReportHandler.java:processPipelineReport(113)) - Pipeline ONE PipelineID=f405b82c-6796-4e35-a193-b6d025208616 reported by b5a7f023-8b73-4a62-84e8-4b8f9660176b{ip: 192.168.69.127, host: pr-hdds-2509-hffwd-290017286, networkLocation: /default-rack, certSerialId: null}
2019-11-15 21:04:56,310 [EventQueue-OpenPipelineForHealthyPipelineSafeModeRule] INFO  safemode.SCMSafeModeManager (HealthyPipelineSafeModeRule.java:process(132)) - SCM in safe mode. Healthy pipelines reported count is 0, required healthy pipeline reported count is 1
2019-11-15 21:04:56,310 [EventQueue-PipelineReportForPipelineReportHandler] INFO  pipeline.PipelineStateManager (PipelineStateManager.java:openPipeline(132)) - Pipeline Pipeline[ Id: f405b82c-6796-4e35-a193-b6d025208616, Nodes: b5a7f023-8b73-4a62-84e8-4b8f9660176b{ip: 192.168.69.127, host: pr-hdds-2509-hffwd-290017286, networkLocation: /default-rack, certSerialId: null}, Type:RATIS, Factor:ONE, State:ALLOCATED] moved to OPEN state
2019-11-15 21:04:56,311 [EventQueue-OpenPipelineForOneReplicaPipelineSafeModeRule] INFO  safemode.SCMSafeModeManager (SCMSafeModeManager.java:validateSafeModeExitRules(176)) - AtleastOneDatanodeReportedRule rule is successfully validated
2019-11-15 21:04:56,311 [EventQueue-PipelineReportForPipelineReportHandler] INFO  pipeline.PipelineReportHandler (PipelineReportHandler.java:processPipelineReport(113)) - Pipeline ONE PipelineID=19c24de2-e623-4822-9a57-a372697f954a reported by c84769a5-5029-4162-884c-744c5b18280b{ip: 192.168.69.127, host: pr-hdds-2509-hffwd-290017286, networkLocation: /default-rack, certSerialId: null}
2019-11-15 21:04:56,311 [EventQueue-OpenPipelineForHealthyPipelineSafeModeRule] INFO  safemode.SCMSafeModeManager (HealthyPipelineSafeModeRule.java:process(132)) - SCM in safe mode. Healthy pipelines reported count is 0, required healthy pipeline reported count is 1
2019-11-15 21:04:56,311 [EventQueue-PipelineReportForPipelineReportHandler] INFO  pipeline.PipelineStateManager (PipelineStateManager.java:openPipeline(132)) - Pipeline Pipeline[ Id: 19c24de2-e623-4822-9a57-a372697f954a, Nodes: c84769a5-5029-4162-884c-744c5b18280b{ip: 192.168.69.127, host: pr-hdds-2509-hffwd-290017286, networkLocation: /default-rack, certSerialId: null}, Type:RATIS, Factor:ONE, State:ALLOCATED] moved to OPEN state
2019-11-15 21:04:56,311 [EventQueue-OpenPipelineForOneReplicaPipelineSafeModeRule] INFO  safemode.SCMSafeModeManager (SCMSafeModeManager.java:validateSafeModeExitRules(176)) - AtleastOneDatanodeReportedRule rule is successfully validated
2019-11-15 21:04:56,311 [EventQueue-OpenPipelineForHealthyPipelineSafeModeRule] INFO  safemode.SCMSafeModeManager (HealthyPipelineSafeModeRule.java:process(132)) - SCM in safe mode. Healthy pipelines reported count is 0, required healthy pipeline reported count is 1
2019-11-15 21:04:56,317 [pool-27-thread-1] INFO  storage.RaftStorageDirectory (RaftStorageDirectory.java:tryLock(328)) - Lock on /workdir/hadoop-ozone/tools/target/test-dir/MiniOzoneClusterImpl-4b950001-3d73-41a9-9137-e5c36aa9a7ef/datanode-0/data/ratis/ccfb41d2-a10b-4ee5-9f60-c88f894dbf12/in_use.lock acquired by nodename 1350@pr-hdds-2509-hffwd-290017286
2019-11-15 21:04:56,317 [pool-47-thread-1] INFO  storage.RaftStorageDirectory (RaftStorageDirectory.java:tryLock(328)) - Lock on /workdir/hadoop-ozone/tools/target/test-dir/MiniOzoneClusterImpl-4b950001-3d73-41a9-9137-e5c36aa9a7ef/datanode-2/data/ratis/ccfb41d2-a10b-4ee5-9f60-c88f894dbf12/in_use.lock acquired by nodename 1350@pr-hdds-2509-hffwd-290017286
2019-11-15 21:04:56,317 [pool-37-thread-1] INFO  storage.RaftStorageDirectory (RaftStorageDirectory.java:tryLock(328)) - Lock on /workdir/hadoop-ozone/tools/target/test-dir/MiniOzoneClusterImpl-4b950001-3d73-41a9-9137-e5c36aa9a7ef/datanode-1/data/ratis/ccfb41d2-a10b-4ee5-9f60-c88f894dbf12/in_use.lock acquired by nodename 1350@pr-hdds-2509-hffwd-290017286
2019-11-15 21:04:56,331 [pool-37-thread-1] INFO  storage.RaftStorage (RaftStorage.java:format(84)) - Storage directory /workdir/hadoop-ozone/tools/target/test-dir/MiniOzoneClusterImpl-4b950001-3d73-41a9-9137-e5c36aa9a7ef/datanode-1/data/ratis/ccfb41d2-a10b-4ee5-9f60-c88f894dbf12 has been successfully formatted.
2019-11-15 21:04:56,331 [pool-27-thread-1] INFO  storage.RaftStorage (RaftStorage.java:format(84)) - Storage directory /workdir/hadoop-ozone/tools/target/test-dir/MiniOzoneClusterImpl-4b950001-3d73-41a9-9137-e5c36aa9a7ef/datanode-0/data/ratis/ccfb41d2-a10b-4ee5-9f60-c88f894dbf12 has been successfully formatted.
2019-11-15 21:04:56,331 [pool-47-thread-1] INFO  storage.RaftStorage (RaftStorage.java:format(84)) - Storage directory /workdir/hadoop-ozone/tools/target/test-dir/MiniOzoneClusterImpl-4b950001-3d73-41a9-9137-e5c36aa9a7ef/datanode-2/data/ratis/ccfb41d2-a10b-4ee5-9f60-c88f894dbf12 has been successfully formatted.
2019-11-15 21:04:56,331 [pool-27-thread-1] INFO  ratis.ContainerStateMachine (ContainerStateMachine.java:loadSnapshot(223)) - group-C88F894DBF12: The snapshot info is null. Setting the last applied indexto:(t:0, i:~)
2019-11-15 21:04:56,331 [pool-37-thread-1] INFO  ratis.ContainerStateMachine (ContainerStateMachine.java:loadSnapshot(223)) - group-C88F894DBF12: The snapshot info is null. Setting the last applied indexto:(t:0, i:~)
2019-11-15 21:04:56,332 [pool-27-thread-1] INFO  server.RaftServerConfigKeys (ConfUtils.java:logGet(43)) - raft.server.notification.no-leader.timeout = 120s (custom)
2019-11-15 21:04:56,332 [pool-37-thread-1] INFO  server.RaftServerConfigKeys (ConfUtils.java:logGet(43)) - raft.server.notification.no-leader.timeout = 120s (custom)
2019-11-15 21:04:56,332 [pool-47-thread-1] INFO  ratis.ContainerStateMachine (ContainerStateMachine.java:loadSnapshot(223)) - group-C88F894DBF12: The snapshot info is null. Setting the last applied indexto:(t:0, i:~)
2019-11-15 21:04:56,332 [pool-27-thread-1] INFO  server.RaftServerConfigKeys (ConfUtils.java:logGet(43)) - raft.server.log.use.memory = false (default)
2019-11-15 21:04:56,332 [pool-47-thread-1] INFO  server.RaftServerConfigKeys (ConfUtils.java:logGet(43)) - raft.server.notification.no-leader.timeout = 120s (custom)
2019-11-15 21:04:56,332 [pool-37-thread-1] INFO  server.RaftServerConfigKeys (ConfUtils.java:logGet(43)) - raft.server.log.use.memory = false (default)
2019-11-15 21:04:56,332 [pool-47-thread-1] INFO  server.RaftServerConfigKeys (ConfUtils.java:logGet(43)) - raft.server.log.use.memory = false (default)
2019-11-15 21:04:56,332 [pool-27-thread-1] INFO  server.RaftServerConfigKeys (ConfUtils.java:logGet(43)) - raft.server.log.purge.gap = 1000000 (custom)
2019-11-15 21:04:56,332 [pool-47-thread-1] INFO  server.RaftServerConfigKeys (ConfUtils.java:logGet(43)) - raft.server.log.purge.gap = 1000000 (custom)
2019-11-15 21:04:56,332 [pool-37-thread-1] INFO  server.RaftServerConfigKeys (ConfUtils.java:logGet(43)) - raft.server.log.purge.gap = 1000000 (custom)
2019-11-15 21:04:56,333 [pool-47-thread-1] INFO  server.RaftServerConfigKeys (ConfUtils.java:logGet(43)) - raft.server.log.appender.buffer.byte-limit = 33554432 (custom)
2019-11-15 21:04:56,333 [pool-27-thread-1] INFO  server.RaftServerConfigKeys (ConfUtils.java:logGet(43)) - raft.server.log.appender.buffer.byte-limit = 33554432 (custom)
2019-11-15 21:04:56,333 [pool-47-thread-1] INFO  server.RaftServerConfigKeys (ConfUtils.java:logGet(43)) - raft.server.log.segment.size.max = 1048576 (custom)
2019-11-15 21:04:56,333 [pool-37-thread-1] INFO  server.RaftServerConfigKeys (ConfUtils.java:logGet(43)) - raft.server.log.appender.buffer.byte-limit = 33554432 (custom)
2019-11-15 21:04:56,333 [pool-47-thread-1] INFO  server.RaftServerConfigKeys (ConfUtils.java:logGet(43)) - raft.server.log.segment.cache.num.max = 2 (custom)
2019-11-15 21:04:56,333 [pool-27-thread-1] INFO  server.RaftServerConfigKeys (ConfUtils.java:logGet(43)) - raft.server.log.segment.size.max = 1048576 (custom)
2019-11-15 21:04:56,333 [pool-47-thread-1] INFO  segmented.SegmentedRaftLogWorker (SegmentedRaftLogWorker.java:<init>(173)) - new 59783a08-ab51-4d4e-adcd-f2b6c822d111@group-C88F894DBF12-SegmentedRaftLogWorker for RaftStorage:Storage Directory /workdir/hadoop-ozone/tools/target/test-dir/MiniOzoneClusterImpl-4b950001-3d73-41a9-9137-e5c36aa9a7ef/datanode-2/data/ratis/ccfb41d2-a10b-4ee5-9f60-c88f894dbf12
2019-11-15 21:04:56,333 [pool-37-thread-1] INFO  server.RaftServerConfigKeys (ConfUtils.java:logGet(43)) - raft.server.log.segment.size.max = 1048576 (custom)
2019-11-15 21:04:56,334 [pool-47-thread-1] INFO  server.RaftServerConfigKeys (ConfUtils.java:logGet(43)) - raft.server.log.queue.byte-limit = 2147483647 (custom)
2019-11-15 21:04:56,333 [pool-27-thread-1] INFO  server.RaftServerConfigKeys (ConfUtils.java:logGet(43)) - raft.server.log.segment.cache.num.max = 2 (custom)
2019-11-15 21:04:56,334 [pool-47-thread-1] INFO  server.RaftServerConfigKeys (ConfUtils.java:logGet(43)) - raft.server.log.queue.element-limit = 1024 (custom)
2019-11-15 21:04:56,334 [pool-37-thread-1] INFO  server.RaftServerConfigKeys (ConfUtils.java:logGet(43)) - raft.server.log.segment.cache.num.max = 2 (custom)
2019-11-15 21:04:56,334 [pool-47-thread-1] INFO  server.RaftServerConfigKeys (ConfUtils.java:logGet(43)) - raft.server.log.segment.size.max = 1048576 (custom)
2019-11-15 21:04:56,334 [pool-27-thread-1] INFO  segmented.SegmentedRaftLogWorker (SegmentedRaftLogWorker.java:<init>(173)) - new b5a7f023-8b73-4a62-84e8-4b8f9660176b@group-C88F894DBF12-SegmentedRaftLogWorker for RaftStorage:Storage Directory /workdir/hadoop-ozone/tools/target/test-dir/MiniOzoneClusterImpl-4b950001-3d73-41a9-9137-e5c36aa9a7ef/datanode-0/data/ratis/ccfb41d2-a10b-4ee5-9f60-c88f894dbf12
2019-11-15 21:04:56,334 [pool-27-thread-1] INFO  server.RaftServerConfigKeys (ConfUtils.java:logGet(43)) - raft.server.log.queue.byte-limit = 2147483647 (custom)
2019-11-15 21:04:56,334 [pool-27-thread-1] INFO  server.RaftServerConfigKeys (ConfUtils.java:logGet(43)) - raft.server.log.queue.element-limit = 1024 (custom)
2019-11-15 21:04:56,335 [pool-27-thread-1] INFO  server.RaftServerConfigKeys (ConfUtils.java:logGet(43)) - raft.server.log.segment.size.max = 1048576 (custom)
2019-11-15 21:04:56,335 [pool-27-thread-1] INFO  server.RaftServerConfigKeys (ConfUtils.java:logGet(43)) - raft.server.log.preallocated.size = 16384 (custom)
2019-11-15 21:04:56,335 [pool-27-thread-1] INFO  server.RaftServerConfigKeys (ConfUtils.java:logGet(43)) - raft.server.log.write.buffer.size = 33554432 (custom)
2019-11-15 21:04:56,335 [pool-27-thread-1] INFO  server.RaftServerConfigKeys (ConfUtils.java:logGet(43)) - raft.server.log.force.sync.num = 128 (default)
2019-11-15 21:04:56,335 [pool-27-thread-1] INFO  server.RaftServerConfigKeys (ConfUtils.java:logGet(43)) - raft.server.log.statemachine.data.sync = true (default)
2019-11-15 21:04:56,335 [pool-27-thread-1] INFO  server.RaftServerConfigKeys (ConfUtils.java:logGet(43)) - raft.server.log.statemachine.data.sync.timeout = 10s (default)
2019-11-15 21:04:56,335 [pool-27-thread-1] INFO  server.RaftServerConfigKeys (ConfUtils.java:logGet(43)) - raft.server.log.statemachine.data.sync.timeout.retry = -1 (default)
2019-11-15 21:04:56,335 [pool-27-thread-1] INFO  server.RaftServerConfigKeys (ConfUtils.java:logGet(43)) - raft.server.log.statemachine.data.caching.enabled = true (custom)
2019-11-15 21:04:56,336 [pool-27-thread-1] INFO  segmented.SegmentedRaftLogWorker (SegmentedRaftLogWorker.java:lambda$new$0(128)) - b5a7f023-8b73-4a62-84e8-4b8f9660176b@group-C88F894DBF12-SegmentedRaftLogWorker: flushIndex: setUnconditionally 0 -> -1
2019-11-15 21:04:56,334 [pool-47-thread-1] INFO  server.RaftServerConfigKeys (ConfUtils.java:logGet(43)) - raft.server.log.preallocated.size = 16384 (custom)
2019-11-15 21:04:56,334 [pool-37-thread-1] INFO  segmented.SegmentedRaftLogWorker (SegmentedRaftLogWorker.java:<init>(173)) - new c84769a5-5029-4162-884c-744c5b18280b@group-C88F894DBF12-SegmentedRaftLogWorker for RaftStorage:Storage Directory /workdir/hadoop-ozone/tools/target/test-dir/MiniOzoneClusterImpl-4b950001-3d73-41a9-9137-e5c36aa9a7ef/datanode-1/data/ratis/ccfb41d2-a10b-4ee5-9f60-c88f894dbf12
2019-11-15 21:04:56,336 [pool-47-thread-1] INFO  server.RaftServerConfigKeys (ConfUtils.java:logGet(43)) - raft.server.log.write.buffer.size = 33554432 (custom)
2019-11-15 21:04:56,336 [pool-27-thread-1] INFO  server.RaftServerConfigKeys (ConfUtils.java:logGet(43)) - raft.server.snapshot.auto.trigger.enabled = true (custom)
2019-11-15 21:04:56,336 [pool-47-thread-1] INFO  server.RaftServerConfigKeys (ConfUtils.java:logGet(43)) - raft.server.log.force.sync.num = 128 (default)
2019-11-15 21:04:56,336 [pool-37-thread-1] INFO  server.RaftServerConfigKeys (ConfUtils.java:logGet(43)) - raft.server.log.queue.byte-limit = 2147483647 (custom)
2019-11-15 21:04:56,336 [pool-47-thread-1] INFO  server.RaftServerConfigKeys (ConfUtils.java:logGet(43)) - raft.server.log.statemachine.data.sync = true (default)
2019-11-15 21:04:56,336 [pool-27-thread-1] INFO  server.RaftServerConfigKeys (ConfUtils.java:logGet(43)) - raft.server.snapshot.auto.trigger.threshold = 10000 (custom)
2019-11-15 21:04:56,337 [pool-47-thread-1] INFO  server.RaftServerConfigKeys (ConfUtils.java:logGet(43)) - raft.server.log.statemachine.data.sync.timeout = 10s (default)
2019-11-15 21:04:56,337 [pool-37-thread-1] INFO  server.RaftServerConfigKeys (ConfUtils.java:logGet(43)) - raft.server.log.queue.element-limit = 1024 (custom)
2019-11-15 21:04:56,337 [pool-47-thread-1] INFO  server.RaftServerConfigKeys (ConfUtils.java:logGet(43)) - raft.server.log.statemachine.data.sync.timeout.retry = -1 (default)
2019-11-15 21:04:56,337 [pool-37-thread-1] INFO  server.RaftServerConfigKeys (ConfUtils.java:logGet(43)) - raft.server.log.segment.size.max = 1048576 (custom)
2019-11-15 21:04:56,337 [pool-27-thread-1] INFO  server.RaftServerConfigKeys (ConfUtils.java:logGet(43)) - raft.server.snapshot.retention.file.num = 5 (custom)
2019-11-15 21:04:56,337 [pool-37-thread-1] INFO  server.RaftServerConfigKeys (ConfUtils.java:logGet(43)) - raft.server.log.preallocated.size = 16384 (custom)
2019-11-15 21:04:56,337 [pool-47-thread-1] INFO  server.RaftServerConfigKeys (ConfUtils.java:logGet(43)) - raft.server.log.statemachine.data.caching.enabled = true (custom)
2019-11-15 21:04:56,337 [pool-37-thread-1] INFO  server.RaftServerConfigKeys (ConfUtils.java:logGet(43)) - raft.server.log.write.buffer.size = 33554432 (custom)
2019-11-15 21:04:56,337 [pool-27-thread-1] INFO  server.RaftServerConfigKeys (ConfUtils.java:logGet(43)) - raft.server.retrycache.expirytime = 600000ms (custom)
2019-11-15 21:04:56,338 [pool-47-thread-1] INFO  segmented.SegmentedRaftLogWorker (SegmentedRaftLogWorker.java:lambda$new$0(128)) - 59783a08-ab51-4d4e-adcd-f2b6c822d111@group-C88F894DBF12-SegmentedRaftLogWorker: flushIndex: setUnconditionally 0 -> -1
2019-11-15 21:04:56,338 [pool-37-thread-1] INFO  server.RaftServerConfigKeys (ConfUtils.java:logGet(43)) - raft.server.log.force.sync.num = 128 (default)
2019-11-15 21:04:56,338 [pool-27-thread-1] WARN  impl.MetricRegistriesImpl (MetricRegistriesImpl.java:lambda$create$1(61)) - First MetricRegistry has been created without registering reporters. You may need to call MetricRegistries.global().addReportRegistration(...) before.
2019-11-15 21:04:56,338 [pool-37-thread-1] INFO  server.RaftServerConfigKeys (ConfUtils.java:logGet(43)) - raft.server.log.statemachine.data.sync = true (default)
2019-11-15 21:04:56,338 [pool-47-thread-1] INFO  server.RaftServerConfigKeys (ConfUtils.java:logGet(43)) - raft.server.snapshot.auto.trigger.enabled = true (custom)
2019-11-15 21:04:56,338 [pool-37-thread-1] INFO  server.RaftServerConfigKeys (ConfUtils.java:logGet(43)) - raft.server.log.statemachine.data.sync.timeout = 10s (default)
2019-11-15 21:04:56,338 [pool-27-thread-1] WARN  impl.MetricRegistriesImpl (MetricRegistriesImpl.java:lambda$create$1(61)) - First MetricRegistry has been created without registering reporters. You may need to call MetricRegistries.global().addReportRegistration(...) before.
2019-11-15 21:04:56,339 [pool-37-thread-1] INFO  server.RaftServerConfigKeys (ConfUtils.java:logGet(43)) - raft.server.log.statemachine.data.sync.timeout.retry = -1 (default)
2019-11-15 21:04:56,338 [pool-47-thread-1] INFO  server.RaftServerConfigKeys (ConfUtils.java:logGet(43)) - raft.server.snapshot.auto.trigger.threshold = 10000 (custom)
2019-11-15 21:04:56,339 [pool-37-thread-1] INFO  server.RaftServerConfigKeys (ConfUtils.java:logGet(43)) - raft.server.log.statemachine.data.caching.enabled = true (custom)
2019-11-15 21:04:56,339 [pool-27-thread-1] INFO  impl.RaftServerImpl (RaftServerImpl.java:start(184)) - b5a7f023-8b73-4a62-84e8-4b8f9660176b@group-C88F894DBF12: start as a follower, conf=-1: [b5a7f023-8b73-4a62-84e8-4b8f9660176b:192.168.69.127:38255, 59783a08-ab51-4d4e-adcd-f2b6c822d111:192.168.69.127:34175, c84769a5-5029-4162-884c-744c5b18280b:192.168.69.127:36211], old=null
2019-11-15 21:04:56,339 [pool-47-thread-1] INFO  server.RaftServerConfigKeys (ConfUtils.java:logGet(43)) - raft.server.snapshot.retention.file.num = 5 (custom)
2019-11-15 21:04:56,339 [pool-27-thread-1] INFO  impl.RaftServerImpl (RaftServerImpl.java:setRole(173)) - b5a7f023-8b73-4a62-84e8-4b8f9660176b@group-C88F894DBF12: changes role from      null to FOLLOWER at term 0 for startAsFollower
2019-11-15 21:04:56,339 [pool-47-thread-1] INFO  server.RaftServerConfigKeys (ConfUtils.java:logGet(43)) - raft.server.retrycache.expirytime = 600000ms (custom)
2019-11-15 21:04:56,339 [pool-37-thread-1] INFO  segmented.SegmentedRaftLogWorker (SegmentedRaftLogWorker.java:lambda$new$0(128)) - c84769a5-5029-4162-884c-744c5b18280b@group-C88F894DBF12-SegmentedRaftLogWorker: flushIndex: setUnconditionally 0 -> -1
2019-11-15 21:04:56,340 [pool-47-thread-1] WARN  impl.MetricRegistriesImpl (MetricRegistriesImpl.java:lambda$create$1(61)) - First MetricRegistry has been created without registering reporters. You may need to call MetricRegistries.global().addReportRegistration(...) before.
2019-11-15 21:04:56,339 [pool-27-thread-1] INFO  impl.RoleInfo (RoleInfo.java:updateAndGet(143)) - b5a7f023-8b73-4a62-84e8-4b8f9660176b: start FollowerState
2019-11-15 21:04:56,340 [pool-37-thread-1] INFO  server.RaftServerConfigKeys (ConfUtils.java:logGet(43)) - raft.server.snapshot.auto.trigger.enabled = true (custom)
2019-11-15 21:04:56,340 [pool-47-thread-1] WARN  impl.MetricRegistriesImpl (MetricRegistriesImpl.java:lambda$create$1(61)) - First MetricRegistry has been created without registering reporters. You may need to call MetricRegistries.global().addReportRegistration(...) before.
2019-11-15 21:04:56,340 [pool-37-thread-1] INFO  server.RaftServerConfigKeys (ConfUtils.java:logGet(43)) - raft.server.snapshot.auto.trigger.threshold = 10000 (custom)
2019-11-15 21:04:56,340 [pool-47-thread-1] INFO  impl.RaftServerImpl (RaftServerImpl.java:start(184)) - 59783a08-ab51-4d4e-adcd-f2b6c822d111@group-C88F894DBF12: start as a follower, conf=-1: [b5a7f023-8b73-4a62-84e8-4b8f9660176b:192.168.69.127:38255, 59783a08-ab51-4d4e-adcd-f2b6c822d111:192.168.69.127:34175, c84769a5-5029-4162-884c-744c5b18280b:192.168.69.127:36211], old=null
2019-11-15 21:04:56,340 [pool-27-thread-1] INFO  util.JmxRegister (JmxRegister.java:tryRegister(44)) - Successfully registered JMX Bean with object name Ratis:service=RaftServer,group=group-C88F894DBF12,id=b5a7f023-8b73-4a62-84e8-4b8f9660176b
2019-11-15 21:04:56,340 [pool-37-thread-1] INFO  server.RaftServerConfigKeys (ConfUtils.java:logGet(43)) - raft.server.snapshot.retention.file.num = 5 (custom)
2019-11-15 21:04:56,340 [pool-27-thread-1] WARN  impl.MetricRegistriesImpl (MetricRegistriesImpl.java:lambda$create$1(61)) - First MetricRegistry has been created without registering reporters. You may need to call MetricRegistries.global().addReportRegistration(...) before.
2019-11-15 21:04:56,340 [pool-47-thread-1] INFO  impl.RaftServerImpl (RaftServerImpl.java:setRole(173)) - 59783a08-ab51-4d4e-adcd-f2b6c822d111@group-C88F894DBF12: changes role from      null to FOLLOWER at term 0 for startAsFollower
2019-11-15 21:04:56,341 [pool-37-thread-1] INFO  server.RaftServerConfigKeys (ConfUtils.java:logGet(43)) - raft.server.retrycache.expirytime = 600000ms (custom)
2019-11-15 21:04:56,341 [pool-47-thread-1] INFO  impl.RoleInfo (RoleInfo.java:updateAndGet(143)) - 59783a08-ab51-4d4e-adcd-f2b6c822d111: start FollowerState
2019-11-15 21:04:56,341 [pool-37-thread-1] WARN  impl.MetricRegistriesImpl (MetricRegistriesImpl.java:lambda$create$1(61)) - First MetricRegistry has been created without registering reporters. You may need to call MetricRegistries.global().addReportRegistration(...) before.
2019-11-15 21:04:56,341 [pool-37-thread-1] WARN  impl.MetricRegistriesImpl (MetricRegistriesImpl.java:lambda$create$1(61)) - First MetricRegistry has been created without registering reporters. You may need to call MetricRegistries.global().addReportRegistration(...) before.
2019-11-15 21:04:56,341 [Command processor thread] INFO  commandhandler.CreatePipelineCommandHandler (CreatePipelineCommandHandler.java:handle(86)) - Create Pipeline RATIS THREE #id: "ccfb41d2-a10b-4ee5-9f60-c88f894dbf12"
 command succeed on datanode b5a7f023-8b73-4a62-84e8-4b8f9660176b.
2019-11-15 21:04:56,341 [pool-47-thread-1] INFO  util.JmxRegister (JmxRegister.java:tryRegister(44)) - Successfully registered JMX Bean with object name Ratis:service=RaftServer,group=group-C88F894DBF12,id=59783a08-ab51-4d4e-adcd-f2b6c822d111
2019-11-15 21:04:56,341 [pool-37-thread-1] INFO  impl.RaftServerImpl (RaftServerImpl.java:start(184)) - c84769a5-5029-4162-884c-744c5b18280b@group-C88F894DBF12: start as a follower, conf=-1: [b5a7f023-8b73-4a62-84e8-4b8f9660176b:192.168.69.127:38255, 59783a08-ab51-4d4e-adcd-f2b6c822d111:192.168.69.127:34175, c84769a5-5029-4162-884c-744c5b18280b:192.168.69.127:36211], old=null
2019-11-15 21:04:56,341 [pool-47-thread-1] WARN  impl.MetricRegistriesImpl (MetricRegistriesImpl.java:lambda$create$1(61)) - First MetricRegistry has been created without registering reporters. You may need to call MetricRegistries.global().addReportRegistration(...) before.
2019-11-15 21:04:56,341 [pool-37-thread-1] INFO  impl.RaftServerImpl (RaftServerImpl.java:setRole(173)) - c84769a5-5029-4162-884c-744c5b18280b@group-C88F894DBF12: changes role from      null to FOLLOWER at term 0 for startAsFollower
2019-11-15 21:04:56,342 [pool-37-thread-1] INFO  impl.RoleInfo (RoleInfo.java:updateAndGet(143)) - c84769a5-5029-4162-884c-744c5b18280b: start FollowerState
2019-11-15 21:04:56,343 [Command processor thread] INFO  commandhandler.CreatePipelineCommandHandler (CreatePipelineCommandHandler.java:handle(86)) - Create Pipeline RATIS THREE #id: "ccfb41d2-a10b-4ee5-9f60-c88f894dbf12"
 command succeed on datanode 59783a08-ab51-4d4e-adcd-f2b6c822d111.
2019-11-15 21:04:56,343 [pool-37-thread-1] INFO  util.JmxRegister (JmxRegister.java:tryRegister(44)) - Successfully registered JMX Bean with object name Ratis:service=RaftServer,group=group-C88F894DBF12,id=c84769a5-5029-4162-884c-744c5b18280b
2019-11-15 21:04:56,343 [pool-37-thread-1] WARN  impl.MetricRegistriesImpl (MetricRegistriesImpl.java:lambda$create$1(61)) - First MetricRegistry has been created without registering reporters. You may need to call MetricRegistries.global().addReportRegistration(...) before.
2019-11-15 21:04:56,344 [Command processor thread] INFO  commandhandler.CreatePipelineCommandHandler (CreatePipelineCommandHandler.java:handle(86)) - Create Pipeline RATIS THREE #id: "ccfb41d2-a10b-4ee5-9f60-c88f894dbf12"
 command succeed on datanode c84769a5-5029-4162-884c-744c5b18280b.
2019-11-15 21:04:56,344 [EventQueue-PipelineReportForPipelineReportHandler] INFO  pipeline.PipelineReportHandler (PipelineReportHandler.java:processPipelineReport(113)) - Pipeline THREE PipelineID=ccfb41d2-a10b-4ee5-9f60-c88f894dbf12 reported by b5a7f023-8b73-4a62-84e8-4b8f9660176b{ip: 192.168.69.127, host: pr-hdds-2509-hffwd-290017286, networkLocation: /default-rack, certSerialId: null}
2019-11-15 21:04:56,347 [EventQueue-PipelineReportForPipelineReportHandler] INFO  pipeline.PipelineReportHandler (PipelineReportHandler.java:processPipelineReport(113)) - Pipeline THREE PipelineID=ccfb41d2-a10b-4ee5-9f60-c88f894dbf12 reported by c84769a5-5029-4162-884c-744c5b18280b{ip: 192.168.69.127, host: pr-hdds-2509-hffwd-290017286, networkLocation: /default-rack, certSerialId: null}
2019-11-15 21:04:56,347 [EventQueue-PipelineReportForPipelineReportHandler] INFO  pipeline.PipelineReportHandler (PipelineReportHandler.java:processPipelineReport(113)) - Pipeline THREE PipelineID=ccfb41d2-a10b-4ee5-9f60-c88f894dbf12 reported by 59783a08-ab51-4d4e-adcd-f2b6c822d111{ip: 192.168.69.127, host: pr-hdds-2509-hffwd-290017286, networkLocation: /default-rack, certSerialId: null}
2019-11-15 21:04:57,189 [main] INFO  ozone.MiniOzoneClusterImpl (MiniOzoneClusterImpl.java:lambda$waitForClusterToBeReady$0(150)) - Nodes are ready. Got 3 of 3 DN Heartbeats.
2019-11-15 21:04:57,190 [main] INFO  ozone.MiniOzoneClusterImpl (MiniOzoneClusterImpl.java:lambda$waitForClusterToBeReady$0(153)) - Waiting for cluster to exit safe mode
2019-11-15 21:04:58,190 [main] INFO  ozone.MiniOzoneClusterImpl (MiniOzoneClusterImpl.java:lambda$waitForClusterToBeReady$0(150)) - Nodes are ready. Got 3 of 3 DN Heartbeats.
2019-11-15 21:04:58,190 [main] INFO  ozone.MiniOzoneClusterImpl (MiniOzoneClusterImpl.java:lambda$waitForClusterToBeReady$0(153)) - Waiting for cluster to exit safe mode
2019-11-15 21:04:59,190 [main] INFO  ozone.MiniOzoneClusterImpl (MiniOzoneClusterImpl.java:lambda$waitForClusterToBeReady$0(150)) - Nodes are ready. Got 3 of 3 DN Heartbeats.
2019-11-15 21:04:59,191 [main] INFO  ozone.MiniOzoneClusterImpl (MiniOzoneClusterImpl.java:lambda$waitForClusterToBeReady$0(153)) - Waiting for cluster to exit safe mode
2019-11-15 21:05:00,191 [main] INFO  ozone.MiniOzoneClusterImpl (MiniOzoneClusterImpl.java:lambda$waitForClusterToBeReady$0(150)) - Nodes are ready. Got 3 of 3 DN Heartbeats.
2019-11-15 21:05:00,191 [main] INFO  ozone.MiniOzoneClusterImpl (MiniOzoneClusterImpl.java:lambda$waitForClusterToBeReady$0(153)) - Waiting for cluster to exit safe mode
2019-11-15 21:05:01,192 [main] INFO  ozone.MiniOzoneClusterImpl (MiniOzoneClusterImpl.java:lambda$waitForClusterToBeReady$0(150)) - Nodes are ready. Got 3 of 3 DN Heartbeats.
2019-11-15 21:05:01,192 [main] INFO  ozone.MiniOzoneClusterImpl (MiniOzoneClusterImpl.java:lambda$waitForClusterToBeReady$0(153)) - Waiting for cluster to exit safe mode
2019-11-15 21:05:01,298 [Thread-182] INFO  impl.FollowerState (FollowerState.java:run(111)) - 59783a08-ab51-4d4e-adcd-f2b6c822d111@group-23069C512A3B-FollowerState: change to CANDIDATE, lastRpcTime:5033ms, electionTimeout:5023ms
2019-11-15 21:05:01,299 [Thread-182] INFO  impl.RoleInfo (RoleInfo.java:shutdownFollowerState(121)) - 59783a08-ab51-4d4e-adcd-f2b6c822d111: shutdown FollowerState
2019-11-15 21:05:01,300 [Thread-182] INFO  impl.RaftServerImpl (RaftServerImpl.java:setRole(173)) - 59783a08-ab51-4d4e-adcd-f2b6c822d111@group-23069C512A3B: changes role from  FOLLOWER to CANDIDATE at term 0 for changeToCandidate
2019-11-15 21:05:01,303 [Thread-182] INFO  impl.RoleInfo (RoleInfo.java:updateAndGet(143)) - 59783a08-ab51-4d4e-adcd-f2b6c822d111: start LeaderElection
2019-11-15 21:05:01,329 [59783a08-ab51-4d4e-adcd-f2b6c822d111@group-23069C512A3B-LeaderElection1] INFO  impl.LeaderElection (LeaderElection.java:askForVotes(178)) - 59783a08-ab51-4d4e-adcd-f2b6c822d111@group-23069C512A3B-LeaderElection1: begin an election at term 1 for -1: [59783a08-ab51-4d4e-adcd-f2b6c822d111:192.168.69.127:34175], old=null
2019-11-15 21:05:01,331 [59783a08-ab51-4d4e-adcd-f2b6c822d111@group-23069C512A3B-LeaderElection1] INFO  impl.RoleInfo (RoleInfo.java:shutdownLeaderElection(134)) - 59783a08-ab51-4d4e-adcd-f2b6c822d111: shutdown LeaderElection
2019-11-15 21:05:01,331 [59783a08-ab51-4d4e-adcd-f2b6c822d111@group-23069C512A3B-LeaderElection1] INFO  impl.RaftServerImpl (RaftServerImpl.java:setRole(173)) - 59783a08-ab51-4d4e-adcd-f2b6c822d111@group-23069C512A3B: changes role from CANDIDATE to LEADER at term 1 for changeToLeader
2019-11-15 21:05:01,331 [59783a08-ab51-4d4e-adcd-f2b6c822d111@group-23069C512A3B-LeaderElection1] INFO  ratis.XceiverServerRatis (XceiverServerRatis.java:handleLeaderChangedNotification(733)) - Leader change notification received for group: group-23069C512A3B with new leaderId: 59783a08-ab51-4d4e-adcd-f2b6c822d111
2019-11-15 21:05:01,332 [59783a08-ab51-4d4e-adcd-f2b6c822d111@group-23069C512A3B-LeaderElection1] INFO  impl.RaftServerImpl (ServerState.java:setLeader(255)) - 59783a08-ab51-4d4e-adcd-f2b6c822d111@group-23069C512A3B: change Leader from null to 59783a08-ab51-4d4e-adcd-f2b6c822d111 at term 1 for becomeLeader, leader elected after 5092ms
2019-11-15 21:05:01,335 [EventQueue-PipelineReportForPipelineReportHandler] INFO  pipeline.PipelineReportHandler (PipelineReportHandler.java:processPipelineReport(113)) - Pipeline THREE PipelineID=ccfb41d2-a10b-4ee5-9f60-c88f894dbf12 reported by 59783a08-ab51-4d4e-adcd-f2b6c822d111{ip: 192.168.69.127, host: pr-hdds-2509-hffwd-290017286, networkLocation: /default-rack, certSerialId: null}
2019-11-15 21:05:01,337 [59783a08-ab51-4d4e-adcd-f2b6c822d111@group-23069C512A3B-LeaderElection1] INFO  server.RaftServerConfigKeys (ConfUtils.java:logGet(43)) - raft.server.staging.catchup.gap = 1000 (default)
2019-11-15 21:05:01,337 [59783a08-ab51-4d4e-adcd-f2b6c822d111@group-23069C512A3B-LeaderElection1] INFO  server.RaftServerConfigKeys (ConfUtils.java:logGet(43)) - raft.server.rpc.sleep.time = 25ms (default)
2019-11-15 21:05:01,340 [59783a08-ab51-4d4e-adcd-f2b6c822d111@group-23069C512A3B-LeaderElection1] INFO  server.RaftServerConfigKeys (ConfUtils.java:logGet(43)) - raft.server.write.element-limit = 4096 (default)
2019-11-15 21:05:01,345 [59783a08-ab51-4d4e-adcd-f2b6c822d111@group-23069C512A3B-LeaderElection1] INFO  server.RaftServerConfigKeys (ConfUtils.java:logGet(43)) - raft.server.watch.timeout = 10s (default)
2019-11-15 21:05:01,345 [59783a08-ab51-4d4e-adcd-f2b6c822d111@group-23069C512A3B-LeaderElection1] INFO  server.RaftServerConfigKeys (ConfUtils.java:logGet(43)) - raft.server.watch.timeout.denomination = 1s (default)
2019-11-15 21:05:01,345 [Thread-188] INFO  impl.FollowerState (FollowerState.java:run(111)) - b5a7f023-8b73-4a62-84e8-4b8f9660176b@group-C88F894DBF12-FollowerState: change to CANDIDATE, lastRpcTime:5005ms, electionTimeout:5005ms
2019-11-15 21:05:01,346 [Thread-188] INFO  impl.RoleInfo (RoleInfo.java:shutdownFollowerState(121)) - b5a7f023-8b73-4a62-84e8-4b8f9660176b: shutdown FollowerState
2019-11-15 21:05:01,346 [Thread-188] INFO  impl.RaftServerImpl (RaftServerImpl.java:setRole(173)) - b5a7f023-8b73-4a62-84e8-4b8f9660176b@group-C88F894DBF12: changes role from  FOLLOWER to CANDIDATE at term 0 for changeToCandidate
2019-11-15 21:05:01,346 [59783a08-ab51-4d4e-adcd-f2b6c822d111@group-23069C512A3B-LeaderElection1] INFO  server.RaftServerConfigKeys (ConfUtils.java:logGet(43)) - raft.server.watch.element-limit = 65536 (default)
2019-11-15 21:05:01,346 [Thread-188] INFO  impl.RoleInfo (RoleInfo.java:updateAndGet(143)) - b5a7f023-8b73-4a62-84e8-4b8f9660176b: start LeaderElection
2019-11-15 21:05:01,355 [59783a08-ab51-4d4e-adcd-f2b6c822d111@group-23069C512A3B-LeaderElection1] INFO  impl.RoleInfo (RoleInfo.java:updateAndGet(143)) - 59783a08-ab51-4d4e-adcd-f2b6c822d111: start LeaderState
2019-11-15 21:05:01,361 [b5a7f023-8b73-4a62-84e8-4b8f9660176b@group-C88F894DBF12-LeaderElection2] INFO  impl.LeaderElection (LeaderElection.java:askForVotes(178)) - b5a7f023-8b73-4a62-84e8-4b8f9660176b@group-C88F894DBF12-LeaderElection2: begin an election at term 1 for -1: [b5a7f023-8b73-4a62-84e8-4b8f9660176b:192.168.69.127:38255, 59783a08-ab51-4d4e-adcd-f2b6c822d111:192.168.69.127:34175, c84769a5-5029-4162-884c-744c5b18280b:192.168.69.127:36211], old=null
2019-11-15 21:05:01,372 [Thread-190] INFO  impl.FollowerState (FollowerState.java:run(111)) - 59783a08-ab51-4d4e-adcd-f2b6c822d111@group-C88F894DBF12-FollowerState: change to CANDIDATE, lastRpcTime:5031ms, electionTimeout:5031ms
2019-11-15 21:05:01,372 [Thread-190] INFO  impl.RoleInfo (RoleInfo.java:shutdownFollowerState(121)) - 59783a08-ab51-4d4e-adcd-f2b6c822d111: shutdown FollowerState
2019-11-15 21:05:01,372 [Thread-190] INFO  impl.RaftServerImpl (RaftServerImpl.java:setRole(173)) - 59783a08-ab51-4d4e-adcd-f2b6c822d111@group-C88F894DBF12: changes role from  FOLLOWER to CANDIDATE at term 0 for changeToCandidate
2019-11-15 21:05:01,373 [Thread-190] INFO  impl.RoleInfo (RoleInfo.java:updateAndGet(143)) - 59783a08-ab51-4d4e-adcd-f2b6c822d111: start LeaderElection
2019-11-15 21:05:01,381 [59783a08-ab51-4d4e-adcd-f2b6c822d111@group-23069C512A3B-LeaderElection1] INFO  segmented.SegmentedRaftLogWorker (SegmentedRaftLogWorker.java:startLogSegment(385)) - 59783a08-ab51-4d4e-adcd-f2b6c822d111@group-23069C512A3B-SegmentedRaftLogWorker: Starting segment from index:0
2019-11-15 21:05:01,388 [59783a08-ab51-4d4e-adcd-f2b6c822d111@group-C88F894DBF12-LeaderElection3] INFO  impl.LeaderElection (LeaderElection.java:askForVotes(178)) - 59783a08-ab51-4d4e-adcd-f2b6c822d111@group-C88F894DBF12-LeaderElection3: begin an election at term 1 for -1: [b5a7f023-8b73-4a62-84e8-4b8f9660176b:192.168.69.127:38255, 59783a08-ab51-4d4e-adcd-f2b6c822d111:192.168.69.127:34175, c84769a5-5029-4162-884c-744c5b18280b:192.168.69.127:36211], old=null
2019-11-15 21:05:01,401 [59783a08-ab51-4d4e-adcd-f2b6c822d111@group-23069C512A3B-LeaderElection1] INFO  impl.RaftServerImpl (ServerState.java:setRaftConf(356)) - 59783a08-ab51-4d4e-adcd-f2b6c822d111@group-23069C512A3B: set configuration 0: [59783a08-ab51-4d4e-adcd-f2b6c822d111:192.168.69.127:34175], old=null at 0
2019-11-15 21:05:01,411 [Thread-183] INFO  impl.FollowerState (FollowerState.java:run(111)) - c84769a5-5029-4162-884c-744c5b18280b@group-A372697F954A-FollowerState: change to CANDIDATE, lastRpcTime:5146ms, electionTimeout:5140ms
2019-11-15 21:05:01,413 [Thread-183] INFO  impl.RoleInfo (RoleInfo.java:shutdownFollowerState(121)) - c84769a5-5029-4162-884c-744c5b18280b: shutdown FollowerState
2019-11-15 21:05:01,416 [Thread-183] INFO  impl.RaftServerImpl (RaftServerImpl.java:setRole(173)) - c84769a5-5029-4162-884c-744c5b18280b@group-A372697F954A: changes role from  FOLLOWER to CANDIDATE at term 0 for changeToCandidate
2019-11-15 21:05:01,417 [Thread-183] INFO  impl.RoleInfo (RoleInfo.java:updateAndGet(143)) - c84769a5-5029-4162-884c-744c5b18280b: start LeaderElection
2019-11-15 21:05:01,425 [Thread-181] INFO  impl.FollowerState (FollowerState.java:run(111)) - b5a7f023-8b73-4a62-84e8-4b8f9660176b@group-B6D025208616-FollowerState: change to CANDIDATE, lastRpcTime:5159ms, electionTimeout:5154ms
2019-11-15 21:05:01,425 [Thread-181] INFO  impl.RoleInfo (RoleInfo.java:shutdownFollowerState(121)) - b5a7f023-8b73-4a62-84e8-4b8f9660176b: shutdown FollowerState
2019-11-15 21:05:01,425 [Thread-181] INFO  impl.RaftServerImpl (RaftServerImpl.java:setRole(173)) - b5a7f023-8b73-4a62-84e8-4b8f9660176b@group-B6D025208616: changes role from  FOLLOWER to CANDIDATE at term 0 for changeToCandidate
2019-11-15 21:05:01,425 [Thread-181] INFO  impl.RoleInfo (RoleInfo.java:updateAndGet(143)) - b5a7f023-8b73-4a62-84e8-4b8f9660176b: start LeaderElection
2019-11-15 21:05:01,436 [b5a7f023-8b73-4a62-84e8-4b8f9660176b@group-B6D025208616-LeaderElection5] INFO  impl.LeaderElection (LeaderElection.java:askForVotes(178)) - b5a7f023-8b73-4a62-84e8-4b8f9660176b@group-B6D025208616-LeaderElection5: begin an election at term 1 for -1: [b5a7f023-8b73-4a62-84e8-4b8f9660176b:192.168.69.127:38255], old=null
2019-11-15 21:05:01,436 [c84769a5-5029-4162-884c-744c5b18280b@group-A372697F954A-LeaderElection4] INFO  impl.LeaderElection (LeaderElection.java:askForVotes(178)) - c84769a5-5029-4162-884c-744c5b18280b@group-A372697F954A-LeaderElection4: begin an election at term 1 for -1: [c84769a5-5029-4162-884c-744c5b18280b:192.168.69.127:36211], old=null
2019-11-15 21:05:01,436 [b5a7f023-8b73-4a62-84e8-4b8f9660176b@group-B6D025208616-LeaderElection5] INFO  impl.RoleInfo (RoleInfo.java:shutdownLeaderElection(134)) - b5a7f023-8b73-4a62-84e8-4b8f9660176b: shutdown LeaderElection
2019-11-15 21:05:01,436 [c84769a5-5029-4162-884c-744c5b18280b@group-A372697F954A-LeaderElection4] INFO  impl.RoleInfo (RoleInfo.java:shutdownLeaderElection(134)) - c84769a5-5029-4162-884c-744c5b18280b: shutdown LeaderElection
2019-11-15 21:05:01,437 [b5a7f023-8b73-4a62-84e8-4b8f9660176b@group-B6D025208616-LeaderElection5] INFO  impl.RaftServerImpl (RaftServerImpl.java:setRole(173)) - b5a7f023-8b73-4a62-84e8-4b8f9660176b@group-B6D025208616: changes role from CANDIDATE to LEADER at term 1 for changeToLeader
2019-11-15 21:05:01,437 [c84769a5-5029-4162-884c-744c5b18280b@group-A372697F954A-LeaderElection4] INFO  impl.RaftServerImpl (RaftServerImpl.java:setRole(173)) - c84769a5-5029-4162-884c-744c5b18280b@group-A372697F954A: changes role from CANDIDATE to LEADER at term 1 for changeToLeader
2019-11-15 21:05:01,437 [b5a7f023-8b73-4a62-84e8-4b8f9660176b@group-B6D025208616-LeaderElection5] INFO  ratis.XceiverServerRatis (XceiverServerRatis.java:handleLeaderChangedNotification(733)) - Leader change notification received for group: group-B6D025208616 with new leaderId: b5a7f023-8b73-4a62-84e8-4b8f9660176b
2019-11-15 21:05:01,437 [c84769a5-5029-4162-884c-744c5b18280b@group-A372697F954A-LeaderElection4] INFO  ratis.XceiverServerRatis (XceiverServerRatis.java:handleLeaderChangedNotification(733)) - Leader change notification received for group: group-A372697F954A with new leaderId: c84769a5-5029-4162-884c-744c5b18280b
2019-11-15 21:05:01,437 [b5a7f023-8b73-4a62-84e8-4b8f9660176b@group-B6D025208616-LeaderElection5] INFO  impl.RaftServerImpl (ServerState.java:setLeader(255)) - b5a7f023-8b73-4a62-84e8-4b8f9660176b@group-B6D025208616: change Leader from null to b5a7f023-8b73-4a62-84e8-4b8f9660176b at term 1 for becomeLeader, leader elected after 5294ms
2019-11-15 21:05:01,437 [c84769a5-5029-4162-884c-744c5b18280b@group-A372697F954A-LeaderElection4] INFO  impl.RaftServerImpl (ServerState.java:setLeader(255)) - c84769a5-5029-4162-884c-744c5b18280b@group-A372697F954A: change Leader from null to c84769a5-5029-4162-884c-744c5b18280b at term 1 for becomeLeader, leader elected after 5282ms
2019-11-15 21:05:01,437 [b5a7f023-8b73-4a62-84e8-4b8f9660176b@group-B6D025208616-LeaderElection5] INFO  server.RaftServerConfigKeys (ConfUtils.java:logGet(43)) - raft.server.staging.catchup.gap = 1000 (default)
2019-11-15 21:05:01,438 [c84769a5-5029-4162-884c-744c5b18280b@group-A372697F954A-LeaderElection4] INFO  server.RaftServerConfigKeys (ConfUtils.java:logGet(43)) - raft.server.staging.catchup.gap = 1000 (default)
2019-11-15 21:05:01,438 [b5a7f023-8b73-4a62-84e8-4b8f9660176b@group-B6D025208616-LeaderElection5] INFO  server.RaftServerConfigKeys (ConfUtils.java:logGet(43)) - raft.server.rpc.sleep.time = 25ms (default)
2019-11-15 21:05:01,438 [c84769a5-5029-4162-884c-744c5b18280b@group-A372697F954A-LeaderElection4] INFO  server.RaftServerConfigKeys (ConfUtils.java:logGet(43)) - raft.server.rpc.sleep.time = 25ms (default)
2019-11-15 21:05:01,438 [b5a7f023-8b73-4a62-84e8-4b8f9660176b@group-B6D025208616-LeaderElection5] INFO  server.RaftServerConfigKeys (ConfUtils.java:logGet(43)) - raft.server.write.element-limit = 4096 (default)
2019-11-15 21:05:01,438 [c84769a5-5029-4162-884c-744c5b18280b@group-A372697F954A-LeaderElection4] INFO  server.RaftServerConfigKeys (ConfUtils.java:logGet(43)) - raft.server.write.element-limit = 4096 (default)
2019-11-15 21:05:01,438 [b5a7f023-8b73-4a62-84e8-4b8f9660176b@group-B6D025208616-LeaderElection5] INFO  server.RaftServerConfigKeys (ConfUtils.java:logGet(43)) - raft.server.watch.timeout = 10s (default)
2019-11-15 21:05:01,438 [c84769a5-5029-4162-884c-744c5b18280b@group-A372697F954A-LeaderElection4] INFO  server.RaftServerConfigKeys (ConfUtils.java:logGet(43)) - raft.server.watch.timeout = 10s (default)
2019-11-15 21:05:01,438 [b5a7f023-8b73-4a62-84e8-4b8f9660176b@group-B6D025208616-LeaderElection5] INFO  server.RaftServerConfigKeys (ConfUtils.java:logGet(43)) - raft.server.watch.timeout.denomination = 1s (default)
2019-11-15 21:05:01,439 [c84769a5-5029-4162-884c-744c5b18280b@group-A372697F954A-LeaderElection4] INFO  server.RaftServerConfigKeys (ConfUtils.java:logGet(43)) - raft.server.watch.timeout.denomination = 1s (default)
2019-11-15 21:05:01,439 [b5a7f023-8b73-4a62-84e8-4b8f9660176b@group-B6D025208616-LeaderElection5] INFO  server.RaftServerConfigKeys (ConfUtils.java:logGet(43)) - raft.server.watch.element-limit = 65536 (default)
2019-11-15 21:05:01,439 [c84769a5-5029-4162-884c-744c5b18280b@group-A372697F954A-LeaderElection4] INFO  server.RaftServerConfigKeys (ConfUtils.java:logGet(43)) - raft.server.watch.element-limit = 65536 (default)
2019-11-15 21:05:01,440 [b5a7f023-8b73-4a62-84e8-4b8f9660176b@group-B6D025208616-LeaderElection5] INFO  impl.RoleInfo (RoleInfo.java:updateAndGet(143)) - b5a7f023-8b73-4a62-84e8-4b8f9660176b: start LeaderState
2019-11-15 21:05:01,440 [c84769a5-5029-4162-884c-744c5b18280b@group-A372697F954A-LeaderElection4] INFO  impl.RoleInfo (RoleInfo.java:updateAndGet(143)) - c84769a5-5029-4162-884c-744c5b18280b: start LeaderState
2019-11-15 21:05:01,441 [b5a7f023-8b73-4a62-84e8-4b8f9660176b@group-B6D025208616-LeaderElection5] INFO  segmented.SegmentedRaftLogWorker (SegmentedRaftLogWorker.java:startLogSegment(385)) - b5a7f023-8b73-4a62-84e8-4b8f9660176b@group-B6D025208616-SegmentedRaftLogWorker: Starting segment from index:0
2019-11-15 21:05:01,441 [c84769a5-5029-4162-884c-744c5b18280b@group-A372697F954A-LeaderElection4] INFO  segmented.SegmentedRaftLogWorker (SegmentedRaftLogWorker.java:startLogSegment(385)) - c84769a5-5029-4162-884c-744c5b18280b@group-A372697F954A-SegmentedRaftLogWorker: Starting segment from index:0
2019-11-15 21:05:01,442 [b5a7f023-8b73-4a62-84e8-4b8f9660176b@group-B6D025208616-LeaderElection5] INFO  impl.RaftServerImpl (ServerState.java:setRaftConf(356)) - b5a7f023-8b73-4a62-84e8-4b8f9660176b@group-B6D025208616: set configuration 0: [b5a7f023-8b73-4a62-84e8-4b8f9660176b:192.168.69.127:38255], old=null at 0
2019-11-15 21:05:01,442 [c84769a5-5029-4162-884c-744c5b18280b@group-A372697F954A-LeaderElection4] INFO  impl.RaftServerImpl (ServerState.java:setRaftConf(356)) - c84769a5-5029-4162-884c-744c5b18280b@group-A372697F954A: set configuration 0: [c84769a5-5029-4162-884c-744c5b18280b:192.168.69.127:36211], old=null at 0
2019-11-15 21:05:01,444 [EventQueue-PipelineReportForPipelineReportHandler] INFO  pipeline.PipelineReportHandler (PipelineReportHandler.java:processPipelineReport(113)) - Pipeline THREE PipelineID=ccfb41d2-a10b-4ee5-9f60-c88f894dbf12 reported by c84769a5-5029-4162-884c-744c5b18280b{ip: 192.168.69.127, host: pr-hdds-2509-hffwd-290017286, networkLocation: /default-rack, certSerialId: null}
2019-11-15 21:05:01,445 [EventQueue-PipelineReportForPipelineReportHandler] INFO  pipeline.PipelineReportHandler (PipelineReportHandler.java:processPipelineReport(113)) - Pipeline THREE PipelineID=ccfb41d2-a10b-4ee5-9f60-c88f894dbf12 reported by b5a7f023-8b73-4a62-84e8-4b8f9660176b{ip: 192.168.69.127, host: pr-hdds-2509-hffwd-290017286, networkLocation: /default-rack, certSerialId: null}
2019-11-15 21:05:01,537 [Thread-191] INFO  impl.FollowerState (FollowerState.java:run(111)) - c84769a5-5029-4162-884c-744c5b18280b@group-C88F894DBF12-FollowerState: change to CANDIDATE, lastRpcTime:5195ms, electionTimeout:5195ms
2019-11-15 21:05:01,537 [Thread-191] INFO  impl.RoleInfo (RoleInfo.java:shutdownFollowerState(121)) - c84769a5-5029-4162-884c-744c5b18280b: shutdown FollowerState
2019-11-15 21:05:01,538 [Thread-191] INFO  impl.RaftServerImpl (RaftServerImpl.java:setRole(173)) - c84769a5-5029-4162-884c-744c5b18280b@group-C88F894DBF12: changes role from  FOLLOWER to CANDIDATE at term 0 for changeToCandidate
2019-11-15 21:05:01,538 [Thread-191] INFO  impl.RoleInfo (RoleInfo.java:updateAndGet(143)) - c84769a5-5029-4162-884c-744c5b18280b: start LeaderElection
2019-11-15 21:05:01,565 [c84769a5-5029-4162-884c-744c5b18280b@group-C88F894DBF12-LeaderElection6] INFO  impl.LeaderElection (LeaderElection.java:askForVotes(178)) - c84769a5-5029-4162-884c-744c5b18280b@group-C88F894DBF12-LeaderElection6: begin an election at term 1 for -1: [b5a7f023-8b73-4a62-84e8-4b8f9660176b:192.168.69.127:38255, 59783a08-ab51-4d4e-adcd-f2b6c822d111:192.168.69.127:34175, c84769a5-5029-4162-884c-744c5b18280b:192.168.69.127:36211], old=null
2019-11-15 21:05:01,620 [c84769a5-5029-4162-884c-744c5b18280b@group-A372697F954A-SegmentedRaftLogWorker] INFO  segmented.SegmentedRaftLogWorker (SegmentedRaftLogWorker.java:execute(576)) - c84769a5-5029-4162-884c-744c5b18280b@group-A372697F954A-SegmentedRaftLogWorker: created new log segment /workdir/hadoop-ozone/tools/target/test-dir/MiniOzoneClusterImpl-4b950001-3d73-41a9-9137-e5c36aa9a7ef/datanode-1/data/ratis/19c24de2-e623-4822-9a57-a372697f954a/current/log_inprogress_0
2019-11-15 21:05:01,620 [b5a7f023-8b73-4a62-84e8-4b8f9660176b@group-B6D025208616-SegmentedRaftLogWorker] INFO  segmented.SegmentedRaftLogWorker (SegmentedRaftLogWorker.java:execute(576)) - b5a7f023-8b73-4a62-84e8-4b8f9660176b@group-B6D025208616-SegmentedRaftLogWorker: created new log segment /workdir/hadoop-ozone/tools/target/test-dir/MiniOzoneClusterImpl-4b950001-3d73-41a9-9137-e5c36aa9a7ef/datanode-0/data/ratis/f405b82c-6796-4e35-a193-b6d025208616/current/log_inprogress_0
2019-11-15 21:05:01,620 [59783a08-ab51-4d4e-adcd-f2b6c822d111@group-23069C512A3B-SegmentedRaftLogWorker] INFO  segmented.SegmentedRaftLogWorker (SegmentedRaftLogWorker.java:execute(576)) - 59783a08-ab51-4d4e-adcd-f2b6c822d111@group-23069C512A3B-SegmentedRaftLogWorker: created new log segment /workdir/hadoop-ozone/tools/target/test-dir/MiniOzoneClusterImpl-4b950001-3d73-41a9-9137-e5c36aa9a7ef/datanode-2/data/ratis/ec2920b4-66ee-4fb3-93a3-23069c512a3b/current/log_inprogress_0
2019-11-15 21:05:01,777 [c84769a5-5029-4162-884c-744c5b18280b@group-C88F894DBF12-LeaderElection6] INFO  impl.LeaderElection (LeaderElection.java:logAndReturn(56)) - c84769a5-5029-4162-884c-744c5b18280b@group-C88F894DBF12-LeaderElection6: Election REJECTED; received 2 response(s) [c84769a5-5029-4162-884c-744c5b18280b<-b5a7f023-8b73-4a62-84e8-4b8f9660176b#0:FAIL-t1, c84769a5-5029-4162-884c-744c5b18280b<-59783a08-ab51-4d4e-adcd-f2b6c822d111#0:FAIL-t1] and 0 exception(s); c84769a5-5029-4162-884c-744c5b18280b@group-C88F894DBF12:t1, leader=null, voted=c84769a5-5029-4162-884c-744c5b18280b, raftlog=c84769a5-5029-4162-884c-744c5b18280b@group-C88F894DBF12-SegmentedRaftLog:OPENED:c-1,f-1,i0, conf=-1: [b5a7f023-8b73-4a62-84e8-4b8f9660176b:192.168.69.127:38255, 59783a08-ab51-4d4e-adcd-f2b6c822d111:192.168.69.127:34175, c84769a5-5029-4162-884c-744c5b18280b:192.168.69.127:36211], old=null
2019-11-15 21:05:01,777 [59783a08-ab51-4d4e-adcd-f2b6c822d111@group-C88F894DBF12-LeaderElection3] INFO  impl.LeaderElection (LeaderElection.java:logAndReturn(56)) - 59783a08-ab51-4d4e-adcd-f2b6c822d111@group-C88F894DBF12-LeaderElection3: Election REJECTED; received 2 response(s) [59783a08-ab51-4d4e-adcd-f2b6c822d111<-b5a7f023-8b73-4a62-84e8-4b8f9660176b#0:FAIL-t1, 59783a08-ab51-4d4e-adcd-f2b6c822d111<-c84769a5-5029-4162-884c-744c5b18280b#0:FAIL-t1] and 0 exception(s); 59783a08-ab51-4d4e-adcd-f2b6c822d111@group-C88F894DBF12:t1, leader=null, voted=59783a08-ab51-4d4e-adcd-f2b6c822d111, raftlog=59783a08-ab51-4d4e-adcd-f2b6c822d111@group-C88F894DBF12-SegmentedRaftLog:OPENED:c-1,f-1,i0, conf=-1: [b5a7f023-8b73-4a62-84e8-4b8f9660176b:192.168.69.127:38255, 59783a08-ab51-4d4e-adcd-f2b6c822d111:192.168.69.127:34175, c84769a5-5029-4162-884c-744c5b18280b:192.168.69.127:36211], old=null
2019-11-15 21:05:01,777 [b5a7f023-8b73-4a62-84e8-4b8f9660176b@group-C88F894DBF12-LeaderElection2] INFO  impl.LeaderElection (LeaderElection.java:logAndReturn(56)) - b5a7f023-8b73-4a62-84e8-4b8f9660176b@group-C88F894DBF12-LeaderElection2: Election REJECTED; received 2 response(s) [b5a7f023-8b73-4a62-84e8-4b8f9660176b<-59783a08-ab51-4d4e-adcd-f2b6c822d111#0:FAIL-t1, b5a7f023-8b73-4a62-84e8-4b8f9660176b<-c84769a5-5029-4162-884c-744c5b18280b#0:FAIL-t1] and 0 exception(s); b5a7f023-8b73-4a62-84e8-4b8f9660176b@group-C88F894DBF12:t1, leader=null, voted=b5a7f023-8b73-4a62-84e8-4b8f9660176b, raftlog=b5a7f023-8b73-4a62-84e8-4b8f9660176b@group-C88F894DBF12-SegmentedRaftLog:OPENED:c-1,f-1,i0, conf=-1: [b5a7f023-8b73-4a62-84e8-4b8f9660176b:192.168.69.127:38255, 59783a08-ab51-4d4e-adcd-f2b6c822d111:192.168.69.127:34175, c84769a5-5029-4162-884c-744c5b18280b:192.168.69.127:36211], old=null
2019-11-15 21:05:01,780 [b5a7f023-8b73-4a62-84e8-4b8f9660176b@group-C88F894DBF12-LeaderElection2] INFO  impl.RaftServerImpl (RaftServerImpl.java:setRole(173)) - b5a7f023-8b73-4a62-84e8-4b8f9660176b@group-C88F894DBF12: changes role from CANDIDATE to FOLLOWER at term 1 for DISCOVERED_A_NEW_TERM
2019-11-15 21:05:01,780 [59783a08-ab51-4d4e-adcd-f2b6c822d111@group-C88F894DBF12-LeaderElection3] INFO  impl.RaftServerImpl (RaftServerImpl.java:setRole(173)) - 59783a08-ab51-4d4e-adcd-f2b6c822d111@group-C88F894DBF12: changes role from CANDIDATE to FOLLOWER at term 1 for DISCOVERED_A_NEW_TERM
2019-11-15 21:05:01,780 [b5a7f023-8b73-4a62-84e8-4b8f9660176b@group-C88F894DBF12-LeaderElection2] INFO  impl.RoleInfo (RoleInfo.java:shutdownLeaderElection(134)) - b5a7f023-8b73-4a62-84e8-4b8f9660176b: shutdown LeaderElection
2019-11-15 21:05:01,780 [c84769a5-5029-4162-884c-744c5b18280b@group-C88F894DBF12-LeaderElection6] INFO  impl.RaftServerImpl (RaftServerImpl.java:setRole(173)) - c84769a5-5029-4162-884c-744c5b18280b@group-C88F894DBF12: changes role from CANDIDATE to FOLLOWER at term 1 for DISCOVERED_A_NEW_TERM
2019-11-15 21:05:01,780 [b5a7f023-8b73-4a62-84e8-4b8f9660176b@group-C88F894DBF12-LeaderElection2] INFO  impl.RoleInfo (RoleInfo.java:updateAndGet(143)) - b5a7f023-8b73-4a62-84e8-4b8f9660176b: start FollowerState
2019-11-15 21:05:01,780 [59783a08-ab51-4d4e-adcd-f2b6c822d111@group-C88F894DBF12-LeaderElection3] INFO  impl.RoleInfo (RoleInfo.java:shutdownLeaderElection(134)) - 59783a08-ab51-4d4e-adcd-f2b6c822d111: shutdown LeaderElection
2019-11-15 21:05:01,780 [c84769a5-5029-4162-884c-744c5b18280b@group-C88F894DBF12-LeaderElection6] INFO  impl.RoleInfo (RoleInfo.java:shutdownLeaderElection(134)) - c84769a5-5029-4162-884c-744c5b18280b: shutdown LeaderElection
2019-11-15 21:05:01,781 [59783a08-ab51-4d4e-adcd-f2b6c822d111@group-C88F894DBF12-LeaderElection3] INFO  impl.RoleInfo (RoleInfo.java:updateAndGet(143)) - 59783a08-ab51-4d4e-adcd-f2b6c822d111: start FollowerState
2019-11-15 21:05:01,781 [c84769a5-5029-4162-884c-744c5b18280b@group-C88F894DBF12-LeaderElection6] INFO  impl.RoleInfo (RoleInfo.java:updateAndGet(143)) - c84769a5-5029-4162-884c-744c5b18280b: start FollowerState
2019-11-15 21:05:02,192 [main] INFO  ozone.MiniOzoneClusterImpl (MiniOzoneClusterImpl.java:lambda$waitForClusterToBeReady$0(150)) - Nodes are ready. Got 3 of 3 DN Heartbeats.
2019-11-15 21:05:02,193 [main] INFO  ozone.MiniOzoneClusterImpl (MiniOzoneClusterImpl.java:lambda$waitForClusterToBeReady$0(153)) - Waiting for cluster to exit safe mode
2019-11-15 21:05:03,193 [main] INFO  ozone.MiniOzoneClusterImpl (MiniOzoneClusterImpl.java:lambda$waitForClusterToBeReady$0(150)) - Nodes are ready. Got 3 of 3 DN Heartbeats.
2019-11-15 21:05:03,193 [main] INFO  ozone.MiniOzoneClusterImpl (MiniOzoneClusterImpl.java:lambda$waitForClusterToBeReady$0(153)) - Waiting for cluster to exit safe mode
2019-11-15 21:05:04,194 [main] INFO  ozone.MiniOzoneClusterImpl (MiniOzoneClusterImpl.java:lambda$waitForClusterToBeReady$0(150)) - Nodes are ready. Got 3 of 3 DN Heartbeats.
2019-11-15 21:05:04,194 [main] INFO  ozone.MiniOzoneClusterImpl (MiniOzoneClusterImpl.java:lambda$waitForClusterToBeReady$0(153)) - Waiting for cluster to exit safe mode
2019-11-15 21:05:05,194 [main] INFO  ozone.MiniOzoneClusterImpl (MiniOzoneClusterImpl.java:lambda$waitForClusterToBeReady$0(150)) - Nodes are ready. Got 3 of 3 DN Heartbeats.
2019-11-15 21:05:05,194 [main] INFO  ozone.MiniOzoneClusterImpl (MiniOzoneClusterImpl.java:lambda$waitForClusterToBeReady$0(153)) - Waiting for cluster to exit safe mode
2019-11-15 21:05:06,195 [main] INFO  ozone.MiniOzoneClusterImpl (MiniOzoneClusterImpl.java:lambda$waitForClusterToBeReady$0(150)) - Nodes are ready. Got 3 of 3 DN Heartbeats.
2019-11-15 21:05:06,195 [main] INFO  ozone.MiniOzoneClusterImpl (MiniOzoneClusterImpl.java:lambda$waitForClusterToBeReady$0(153)) - Waiting for cluster to exit safe mode
2019-11-15 21:05:06,786 [Thread-208] INFO  impl.FollowerState (FollowerState.java:run(111)) - 59783a08-ab51-4d4e-adcd-f2b6c822d111@group-C88F894DBF12-FollowerState: change to CANDIDATE, lastRpcTime:5004ms, electionTimeout:5004ms
2019-11-15 21:05:06,786 [Thread-208] INFO  impl.RoleInfo (RoleInfo.java:shutdownFollowerState(121)) - 59783a08-ab51-4d4e-adcd-f2b6c822d111: shutdown FollowerState
2019-11-15 21:05:06,786 [Thread-208] INFO  impl.RaftServerImpl (RaftServerImpl.java:setRole(173)) - 59783a08-ab51-4d4e-adcd-f2b6c822d111@group-C88F894DBF12: changes role from  FOLLOWER to CANDIDATE at term 1 for changeToCandidate
2019-11-15 21:05:06,786 [Thread-208] INFO  impl.RoleInfo (RoleInfo.java:updateAndGet(143)) - 59783a08-ab51-4d4e-adcd-f2b6c822d111: start LeaderElection
2019-11-15 21:05:06,805 [Thread-207] INFO  impl.FollowerState (FollowerState.java:run(111)) - b5a7f023-8b73-4a62-84e8-4b8f9660176b@group-C88F894DBF12-FollowerState: change to CANDIDATE, lastRpcTime:5024ms, electionTimeout:5024ms
2019-11-15 21:05:06,805 [Thread-207] INFO  impl.RoleInfo (RoleInfo.java:shutdownFollowerState(121)) - b5a7f023-8b73-4a62-84e8-4b8f9660176b: shutdown FollowerState
2019-11-15 21:05:06,805 [Thread-207] INFO  impl.RaftServerImpl (RaftServerImpl.java:setRole(173)) - b5a7f023-8b73-4a62-84e8-4b8f9660176b@group-C88F894DBF12: changes role from  FOLLOWER to CANDIDATE at term 1 for changeToCandidate
2019-11-15 21:05:06,805 [Thread-207] INFO  impl.RoleInfo (RoleInfo.java:updateAndGet(143)) - b5a7f023-8b73-4a62-84e8-4b8f9660176b: start LeaderElection
2019-11-15 21:05:06,812 [59783a08-ab51-4d4e-adcd-f2b6c822d111@group-C88F894DBF12-LeaderElection7] INFO  impl.LeaderElection (LeaderElection.java:askForVotes(178)) - 59783a08-ab51-4d4e-adcd-f2b6c822d111@group-C88F894DBF12-LeaderElection7: begin an election at term 2 for -1: [b5a7f023-8b73-4a62-84e8-4b8f9660176b:192.168.69.127:38255, 59783a08-ab51-4d4e-adcd-f2b6c822d111:192.168.69.127:34175, c84769a5-5029-4162-884c-744c5b18280b:192.168.69.127:36211], old=null
2019-11-15 21:05:06,820 [grpc-default-executor-2] INFO  impl.RaftServerImpl (RaftServerImpl.java:setRole(173)) - c84769a5-5029-4162-884c-744c5b18280b@group-C88F894DBF12: changes role from  FOLLOWER to FOLLOWER at term 2 for recognizeCandidate:59783a08-ab51-4d4e-adcd-f2b6c822d111
2019-11-15 21:05:06,821 [grpc-default-executor-2] INFO  impl.RoleInfo (RoleInfo.java:shutdownFollowerState(121)) - c84769a5-5029-4162-884c-744c5b18280b: shutdown FollowerState
2019-11-15 21:05:06,821 [Thread-209] INFO  impl.FollowerState (FollowerState.java:run(120)) - c84769a5-5029-4162-884c-744c5b18280b@group-C88F894DBF12-FollowerState was interrupted: java.lang.InterruptedException: sleep interrupted
2019-11-15 21:05:06,821 [grpc-default-executor-2] INFO  impl.RoleInfo (RoleInfo.java:updateAndGet(143)) - c84769a5-5029-4162-884c-744c5b18280b: start FollowerState
2019-11-15 21:05:06,862 [b5a7f023-8b73-4a62-84e8-4b8f9660176b@group-C88F894DBF12-LeaderElection8] INFO  impl.LeaderElection (LeaderElection.java:askForVotes(178)) - b5a7f023-8b73-4a62-84e8-4b8f9660176b@group-C88F894DBF12-LeaderElection8: begin an election at term 2 for -1: [b5a7f023-8b73-4a62-84e8-4b8f9660176b:192.168.69.127:38255, 59783a08-ab51-4d4e-adcd-f2b6c822d111:192.168.69.127:34175, c84769a5-5029-4162-884c-744c5b18280b:192.168.69.127:36211], old=null
2019-11-15 21:05:06,880 [59783a08-ab51-4d4e-adcd-f2b6c822d111@group-C88F894DBF12-LeaderElection7] INFO  impl.LeaderElection (LeaderElection.java:logAndReturn(56)) - 59783a08-ab51-4d4e-adcd-f2b6c822d111@group-C88F894DBF12-LeaderElection7: Election PASSED; received 2 response(s) [59783a08-ab51-4d4e-adcd-f2b6c822d111<-b5a7f023-8b73-4a62-84e8-4b8f9660176b#0:FAIL-t2, 59783a08-ab51-4d4e-adcd-f2b6c822d111<-c84769a5-5029-4162-884c-744c5b18280b#0:OK-t2] and 0 exception(s); 59783a08-ab51-4d4e-adcd-f2b6c822d111@group-C88F894DBF12:t2, leader=null, voted=59783a08-ab51-4d4e-adcd-f2b6c822d111, raftlog=59783a08-ab51-4d4e-adcd-f2b6c822d111@group-C88F894DBF12-SegmentedRaftLog:OPENED:c-1,f-1,i0, conf=-1: [b5a7f023-8b73-4a62-84e8-4b8f9660176b:192.168.69.127:38255, 59783a08-ab51-4d4e-adcd-f2b6c822d111:192.168.69.127:34175, c84769a5-5029-4162-884c-744c5b18280b:192.168.69.127:36211], old=null
2019-11-15 21:05:06,880 [59783a08-ab51-4d4e-adcd-f2b6c822d111@group-C88F894DBF12-LeaderElection7] INFO  impl.RoleInfo (RoleInfo.java:shutdownLeaderElection(134)) - 59783a08-ab51-4d4e-adcd-f2b6c822d111: shutdown LeaderElection
2019-11-15 21:05:06,881 [59783a08-ab51-4d4e-adcd-f2b6c822d111@group-C88F894DBF12-LeaderElection7] INFO  impl.RaftServerImpl (RaftServerImpl.java:setRole(173)) - 59783a08-ab51-4d4e-adcd-f2b6c822d111@group-C88F894DBF12: changes role from CANDIDATE to LEADER at term 2 for changeToLeader
2019-11-15 21:05:06,881 [59783a08-ab51-4d4e-adcd-f2b6c822d111@group-C88F894DBF12-LeaderElection7] INFO  ratis.XceiverServerRatis (XceiverServerRatis.java:handleLeaderChangedNotification(733)) - Leader change notification received for group: group-C88F894DBF12 with new leaderId: 59783a08-ab51-4d4e-adcd-f2b6c822d111
2019-11-15 21:05:06,881 [59783a08-ab51-4d4e-adcd-f2b6c822d111@group-C88F894DBF12-LeaderElection7] INFO  impl.RaftServerImpl (ServerState.java:setLeader(255)) - 59783a08-ab51-4d4e-adcd-f2b6c822d111@group-C88F894DBF12: change Leader from null to 59783a08-ab51-4d4e-adcd-f2b6c822d111 at term 2 for becomeLeader, leader elected after 10549ms
2019-11-15 21:05:06,882 [59783a08-ab51-4d4e-adcd-f2b6c822d111@group-C88F894DBF12-LeaderElection7] INFO  server.RaftServerConfigKeys (ConfUtils.java:logGet(43)) - raft.server.staging.catchup.gap = 1000 (default)
2019-11-15 21:05:06,882 [59783a08-ab51-4d4e-adcd-f2b6c822d111@group-C88F894DBF12-LeaderElection7] INFO  server.RaftServerConfigKeys (ConfUtils.java:logGet(43)) - raft.server.rpc.sleep.time = 25ms (default)
2019-11-15 21:05:06,882 [59783a08-ab51-4d4e-adcd-f2b6c822d111@group-C88F894DBF12-LeaderElection7] INFO  server.RaftServerConfigKeys (ConfUtils.java:logGet(43)) - raft.server.write.element-limit = 4096 (default)
2019-11-15 21:05:06,882 [59783a08-ab51-4d4e-adcd-f2b6c822d111@group-C88F894DBF12-LeaderElection7] INFO  server.RaftServerConfigKeys (ConfUtils.java:logGet(43)) - raft.server.watch.timeout = 10s (default)
2019-11-15 21:05:06,882 [59783a08-ab51-4d4e-adcd-f2b6c822d111@group-C88F894DBF12-LeaderElection7] INFO  server.RaftServerConfigKeys (ConfUtils.java:logGet(43)) - raft.server.watch.timeout.denomination = 1s (default)
2019-11-15 21:05:06,883 [59783a08-ab51-4d4e-adcd-f2b6c822d111@group-C88F894DBF12-LeaderElection7] INFO  server.RaftServerConfigKeys (ConfUtils.java:logGet(43)) - raft.server.watch.element-limit = 65536 (default)
2019-11-15 21:05:06,883 [EventQueue-PipelineReportForPipelineReportHandler] INFO  pipeline.PipelineReportHandler (PipelineReportHandler.java:processPipelineReport(113)) - Pipeline THREE PipelineID=ccfb41d2-a10b-4ee5-9f60-c88f894dbf12 reported by 59783a08-ab51-4d4e-adcd-f2b6c822d111{ip: 192.168.69.127, host: pr-hdds-2509-hffwd-290017286, networkLocation: /default-rack, certSerialId: null}
2019-11-15 21:05:06,885 [EventQueue-PipelineReportForPipelineReportHandler] INFO  pipeline.PipelineStateManager (PipelineStateManager.java:openPipeline(132)) - Pipeline Pipeline[ Id: ccfb41d2-a10b-4ee5-9f60-c88f894dbf12, Nodes: 59783a08-ab51-4d4e-adcd-f2b6c822d111{ip: 192.168.69.127, host: pr-hdds-2509-hffwd-290017286, networkLocation: /default-rack, certSerialId: null}b5a7f023-8b73-4a62-84e8-4b8f9660176b{ip: 192.168.69.127, host: pr-hdds-2509-hffwd-290017286, networkLocation: /default-rack, certSerialId: null}c84769a5-5029-4162-884c-744c5b18280b{ip: 192.168.69.127, host: pr-hdds-2509-hffwd-290017286, networkLocation: /default-rack, certSerialId: null}, Type:RATIS, Factor:THREE, State:ALLOCATED] moved to OPEN state
2019-11-15 21:05:06,885 [EventQueue-OpenPipelineForOneReplicaPipelineSafeModeRule] INFO  safemode.SCMSafeModeManager (SCMSafeModeManager.java:validateSafeModeExitRules(176)) - AtleastOneDatanodeReportedRule rule is successfully validated
2019-11-15 21:05:06,885 [EventQueue-OpenPipelineForHealthyPipelineSafeModeRule] INFO  safemode.SCMSafeModeManager (HealthyPipelineSafeModeRule.java:process(132)) - SCM in safe mode. Healthy pipelines reported count is 1, required healthy pipeline reported count is 1
2019-11-15 21:05:06,886 [EventQueue-OpenPipelineForHealthyPipelineSafeModeRule] INFO  safemode.SCMSafeModeManager (SCMSafeModeManager.java:validateSafeModeExitRules(176)) - HealthyPipelineSafeModeRule rule is successfully validated
2019-11-15 21:05:06,886 [EventQueue-OpenPipelineForHealthyPipelineSafeModeRule] INFO  safemode.SCMSafeModeManager (SCMSafeModeManager.java:validateSafeModeExitRules(185)) - ScmSafeModeManager, all rules are successfully validated
2019-11-15 21:05:06,887 [EventQueue-OpenPipelineForHealthyPipelineSafeModeRule] INFO  safemode.SCMSafeModeManager (SCMSafeModeManager.java:exitSafeMode(201)) - SCM exiting safe mode.
2019-11-15 21:05:06,887 [59783a08-ab51-4d4e-adcd-f2b6c822d111@group-C88F894DBF12-LeaderElection7] INFO  server.RaftServerConfigKeys (ConfUtils.java:logGet(43)) - raft.server.log.appender.snapshot.chunk.size.max = 16MB (=16777216) (default)
2019-11-15 21:05:06,887 [59783a08-ab51-4d4e-adcd-f2b6c822d111@group-C88F894DBF12-LeaderElection7] INFO  server.RaftServerConfigKeys (ConfUtils.java:logGet(43)) - raft.server.log.appender.buffer.byte-limit = 33554432 (custom)
2019-11-15 21:05:06,888 [59783a08-ab51-4d4e-adcd-f2b6c822d111@group-C88F894DBF12-LeaderElection7] INFO  server.RaftServerConfigKeys (ConfUtils.java:logGet(43)) - raft.server.log.appender.buffer.element-limit = 1 (custom)
2019-11-15 21:05:06,892 [59783a08-ab51-4d4e-adcd-f2b6c822d111@group-C88F894DBF12-LeaderElection7] INFO  grpc.GrpcConfigKeys$Server (ConfUtils.java:logGet(43)) - raft.grpc.server.leader.outstanding.appends.max = 128 (default)
2019-11-15 21:05:06,892 [59783a08-ab51-4d4e-adcd-f2b6c822d111@group-C88F894DBF12-LeaderElection7] INFO  server.RaftServerConfigKeys (ConfUtils.java:logGet(43)) - raft.server.rpc.request.timeout = 3000ms (default)
2019-11-15 21:05:06,892 [59783a08-ab51-4d4e-adcd-f2b6c822d111@group-C88F894DBF12-LeaderElection7] INFO  server.RaftServerConfigKeys (ConfUtils.java:logGet(43)) - raft.server.log.appender.install.snapshot.enabled = false (custom)
2019-11-15 21:05:06,893 [59783a08-ab51-4d4e-adcd-f2b6c822d111@group-C88F894DBF12-LeaderElection7] WARN  impl.MetricRegistriesImpl (MetricRegistriesImpl.java:lambda$create$1(61)) - First MetricRegistry has been created without registering reporters. You may need to call MetricRegistries.global().addReportRegistration(...) before.
2019-11-15 21:05:06,894 [59783a08-ab51-4d4e-adcd-f2b6c822d111@group-C88F894DBF12-LeaderElection7] INFO  server.RaftServerConfigKeys (ConfUtils.java:logGet(43)) - raft.server.log.appender.snapshot.chunk.size.max = 16MB (=16777216) (default)
2019-11-15 21:05:06,894 [59783a08-ab51-4d4e-adcd-f2b6c822d111@group-C88F894DBF12-LeaderElection7] INFO  server.RaftServerConfigKeys (ConfUtils.java:logGet(43)) - raft.server.log.appender.buffer.byte-limit = 33554432 (custom)
2019-11-15 21:05:06,894 [59783a08-ab51-4d4e-adcd-f2b6c822d111@group-C88F894DBF12-LeaderElection7] INFO  server.RaftServerConfigKeys (ConfUtils.java:logGet(43)) - raft.server.log.appender.buffer.element-limit = 1 (custom)
2019-11-15 21:05:06,894 [59783a08-ab51-4d4e-adcd-f2b6c822d111@group-C88F894DBF12-LeaderElection7] INFO  grpc.GrpcConfigKeys$Server (ConfUtils.java:logGet(43)) - raft.grpc.server.leader.outstanding.appends.max = 128 (default)
2019-11-15 21:05:06,895 [59783a08-ab51-4d4e-adcd-f2b6c822d111@group-C88F894DBF12-LeaderElection7] INFO  server.RaftServerConfigKeys (ConfUtils.java:logGet(43)) - raft.server.rpc.request.timeout = 3000ms (default)
2019-11-15 21:05:06,895 [59783a08-ab51-4d4e-adcd-f2b6c822d111@group-C88F894DBF12-LeaderElection7] INFO  server.RaftServerConfigKeys (ConfUtils.java:logGet(43)) - raft.server.log.appender.install.snapshot.enabled = false (custom)
2019-11-15 21:05:06,898 [59783a08-ab51-4d4e-adcd-f2b6c822d111@group-C88F894DBF12-LeaderElection7] INFO  impl.RoleInfo (RoleInfo.java:updateAndGet(143)) - 59783a08-ab51-4d4e-adcd-f2b6c822d111: start LeaderState
2019-11-15 21:05:06,898 [59783a08-ab51-4d4e-adcd-f2b6c822d111@group-C88F894DBF12-LeaderElection7] INFO  segmented.SegmentedRaftLogWorker (SegmentedRaftLogWorker.java:startLogSegment(385)) - 59783a08-ab51-4d4e-adcd-f2b6c822d111@group-C88F894DBF12-SegmentedRaftLogWorker: Starting segment from index:0
2019-11-15 21:05:06,899 [59783a08-ab51-4d4e-adcd-f2b6c822d111@group-C88F894DBF12-LeaderElection7] INFO  impl.RaftServerImpl (ServerState.java:setRaftConf(356)) - 59783a08-ab51-4d4e-adcd-f2b6c822d111@group-C88F894DBF12: set configuration 0: [b5a7f023-8b73-4a62-84e8-4b8f9660176b:192.168.69.127:38255, 59783a08-ab51-4d4e-adcd-f2b6c822d111:192.168.69.127:34175, c84769a5-5029-4162-884c-744c5b18280b:192.168.69.127:36211], old=null at 0
2019-11-15 21:05:06,923 [grpc-default-executor-2] INFO  impl.RaftServerImpl (RaftServerImpl.java:requestVote(776)) - 59783a08-ab51-4d4e-adcd-f2b6c822d111@group-C88F894DBF12-   LEADER: Withhold vote from candidate b5a7f023-8b73-4a62-84e8-4b8f9660176b with term 2. State: leader=59783a08-ab51-4d4e-adcd-f2b6c822d111, term=2, lastRpcElapsed=null
2019-11-15 21:05:06,933 [b5a7f023-8b73-4a62-84e8-4b8f9660176b@group-C88F894DBF12-LeaderElection8] INFO  impl.LeaderElection (LeaderElection.java:logAndReturn(56)) - b5a7f023-8b73-4a62-84e8-4b8f9660176b@group-C88F894DBF12-LeaderElection8: Election REJECTED; received 2 response(s) [b5a7f023-8b73-4a62-84e8-4b8f9660176b<-59783a08-ab51-4d4e-adcd-f2b6c822d111#0:FAIL-t2, b5a7f023-8b73-4a62-84e8-4b8f9660176b<-c84769a5-5029-4162-884c-744c5b18280b#0:FAIL-t2] and 0 exception(s); b5a7f023-8b73-4a62-84e8-4b8f9660176b@group-C88F894DBF12:t2, leader=null, voted=b5a7f023-8b73-4a62-84e8-4b8f9660176b, raftlog=b5a7f023-8b73-4a62-84e8-4b8f9660176b@group-C88F894DBF12-SegmentedRaftLog:OPENED:c-1,f-1,i0, conf=-1: [b5a7f023-8b73-4a62-84e8-4b8f9660176b:192.168.69.127:38255, 59783a08-ab51-4d4e-adcd-f2b6c822d111:192.168.69.127:34175, c84769a5-5029-4162-884c-744c5b18280b:192.168.69.127:36211], old=null
2019-11-15 21:05:06,935 [b5a7f023-8b73-4a62-84e8-4b8f9660176b@group-C88F894DBF12-LeaderElection8] INFO  impl.RaftServerImpl (RaftServerImpl.java:setRole(173)) - b5a7f023-8b73-4a62-84e8-4b8f9660176b@group-C88F894DBF12: changes role from CANDIDATE to FOLLOWER at term 2 for DISCOVERED_A_NEW_TERM
2019-11-15 21:05:06,935 [b5a7f023-8b73-4a62-84e8-4b8f9660176b@group-C88F894DBF12-LeaderElection8] INFO  impl.RoleInfo (RoleInfo.java:shutdownLeaderElection(134)) - b5a7f023-8b73-4a62-84e8-4b8f9660176b: shutdown LeaderElection
2019-11-15 21:05:06,936 [b5a7f023-8b73-4a62-84e8-4b8f9660176b@group-C88F894DBF12-LeaderElection8] INFO  impl.RoleInfo (RoleInfo.java:updateAndGet(143)) - b5a7f023-8b73-4a62-84e8-4b8f9660176b: start FollowerState
2019-11-15 21:05:06,946 [59783a08-ab51-4d4e-adcd-f2b6c822d111@group-C88F894DBF12-SegmentedRaftLogWorker] INFO  segmented.SegmentedRaftLogWorker (SegmentedRaftLogWorker.java:execute(576)) - 59783a08-ab51-4d4e-adcd-f2b6c822d111@group-C88F894DBF12-SegmentedRaftLogWorker: created new log segment /workdir/hadoop-ozone/tools/target/test-dir/MiniOzoneClusterImpl-4b950001-3d73-41a9-9137-e5c36aa9a7ef/datanode-2/data/ratis/ccfb41d2-a10b-4ee5-9f60-c88f894dbf12/current/log_inprogress_0
2019-11-15 21:05:06,955 [grpc-default-executor-3] INFO  ratis.XceiverServerRatis (XceiverServerRatis.java:handleLeaderChangedNotification(733)) - Leader change notification received for group: group-C88F894DBF12 with new leaderId: 59783a08-ab51-4d4e-adcd-f2b6c822d111
2019-11-15 21:05:06,955 [grpc-default-executor-2] INFO  ratis.XceiverServerRatis (XceiverServerRatis.java:handleLeaderChangedNotification(733)) - Leader change notification received for group: group-C88F894DBF12 with new leaderId: 59783a08-ab51-4d4e-adcd-f2b6c822d111
2019-11-15 21:05:06,955 [grpc-default-executor-3] INFO  impl.RaftServerImpl (ServerState.java:setLeader(255)) - c84769a5-5029-4162-884c-744c5b18280b@group-C88F894DBF12: change Leader from null to 59783a08-ab51-4d4e-adcd-f2b6c822d111 at term 2 for appendEntries, leader elected after 10622ms
2019-11-15 21:05:06,955 [grpc-default-executor-2] INFO  impl.RaftServerImpl (ServerState.java:setLeader(255)) - b5a7f023-8b73-4a62-84e8-4b8f9660176b@group-C88F894DBF12: change Leader from null to 59783a08-ab51-4d4e-adcd-f2b6c822d111 at term 2 for appendEntries, leader elected after 10623ms
2019-11-15 21:05:06,979 [grpc-default-executor-3] INFO  impl.RaftServerImpl (ServerState.java:setRaftConf(356)) - b5a7f023-8b73-4a62-84e8-4b8f9660176b@group-C88F894DBF12: set configuration 0: [b5a7f023-8b73-4a62-84e8-4b8f9660176b:192.168.69.127:38255, 59783a08-ab51-4d4e-adcd-f2b6c822d111:192.168.69.127:34175, c84769a5-5029-4162-884c-744c5b18280b:192.168.69.127:36211], old=null at 0
2019-11-15 21:05:06,979 [grpc-default-executor-2] INFO  impl.RaftServerImpl (ServerState.java:setRaftConf(356)) - c84769a5-5029-4162-884c-744c5b18280b@group-C88F894DBF12: set configuration 0: [b5a7f023-8b73-4a62-84e8-4b8f9660176b:192.168.69.127:38255, 59783a08-ab51-4d4e-adcd-f2b6c822d111:192.168.69.127:34175, c84769a5-5029-4162-884c-744c5b18280b:192.168.69.127:36211], old=null at 0
2019-11-15 21:05:06,979 [grpc-default-executor-3] INFO  segmented.SegmentedRaftLogWorker (SegmentedRaftLogWorker.java:startLogSegment(385)) - b5a7f023-8b73-4a62-84e8-4b8f9660176b@group-C88F894DBF12-SegmentedRaftLogWorker: Starting segment from index:0
2019-11-15 21:05:06,979 [grpc-default-executor-2] INFO  segmented.SegmentedRaftLogWorker (SegmentedRaftLogWorker.java:startLogSegment(385)) - c84769a5-5029-4162-884c-744c5b18280b@group-C88F894DBF12-SegmentedRaftLogWorker: Starting segment from index:0
2019-11-15 21:05:07,018 [c84769a5-5029-4162-884c-744c5b18280b@group-C88F894DBF12-SegmentedRaftLogWorker] INFO  segmented.SegmentedRaftLogWorker (SegmentedRaftLogWorker.java:execute(576)) - c84769a5-5029-4162-884c-744c5b18280b@group-C88F894DBF12-SegmentedRaftLogWorker: created new log segment /workdir/hadoop-ozone/tools/target/test-dir/MiniOzoneClusterImpl-4b950001-3d73-41a9-9137-e5c36aa9a7ef/datanode-1/data/ratis/ccfb41d2-a10b-4ee5-9f60-c88f894dbf12/current/log_inprogress_0
2019-11-15 21:05:07,019 [b5a7f023-8b73-4a62-84e8-4b8f9660176b@group-C88F894DBF12-SegmentedRaftLogWorker] INFO  segmented.SegmentedRaftLogWorker (SegmentedRaftLogWorker.java:execute(576)) - b5a7f023-8b73-4a62-84e8-4b8f9660176b@group-C88F894DBF12-SegmentedRaftLogWorker: created new log segment /workdir/hadoop-ozone/tools/target/test-dir/MiniOzoneClusterImpl-4b950001-3d73-41a9-9137-e5c36aa9a7ef/datanode-0/data/ratis/ccfb41d2-a10b-4ee5-9f60-c88f894dbf12/current/log_inprogress_0
2019-11-15 21:05:07,195 [main] INFO  ozone.MiniOzoneClusterImpl (MiniOzoneClusterImpl.java:lambda$waitForClusterToBeReady$0(150)) - Nodes are ready. Got 3 of 3 DN Heartbeats.
2019-11-15 21:05:07,196 [main] INFO  ozone.MiniOzoneClusterImpl (MiniOzoneClusterImpl.java:lambda$waitForClusterToBeReady$0(153)) - Cluster exits safe mode
2019-11-15 21:05:08,020 [main] INFO  freon.RandomKeyGenerator (RandomKeyGenerator.java:call(283)) - Number of Threads: 10
2019-11-15 21:05:08,023 [main] INFO  freon.RandomKeyGenerator (RandomKeyGenerator.java:call(288)) - Number of Volumes: 1.
2019-11-15 21:05:08,023 [main] INFO  freon.RandomKeyGenerator (RandomKeyGenerator.java:call(289)) - Number of Buckets per Volume: 1.
2019-11-15 21:05:08,023 [main] INFO  freon.RandomKeyGenerator (RandomKeyGenerator.java:call(290)) - Number of Keys per Bucket: 1.
2019-11-15 21:05:08,024 [main] INFO  freon.RandomKeyGenerator (RandomKeyGenerator.java:call(291)) - Key size: 20971520 bytes
2019-11-15 21:05:08,024 [main] INFO  freon.RandomKeyGenerator (RandomKeyGenerator.java:call(292)) - Buffer size: 4096 bytes
2019-11-15 21:05:08,024 [main] INFO  freon.RandomKeyGenerator (RandomKeyGenerator.java:call(293)) - validateWrites : true
2019-11-15 21:05:08,032 [main] INFO  freon.RandomKeyGenerator (RandomKeyGenerator.java:call(307)) - Data validation is enabled.
2019-11-15 21:05:08,035 [main] INFO  freon.RandomKeyGenerator (RandomKeyGenerator.java:call(313)) - Starting progress bar Thread.

 0.00% |?                                                                                                    |  0/1 Time: 0:00:002019-11-15 21:05:08,056 [pool-53-thread-1] INFO  rpc.RpcClient (RpcClient.java:createVolume(292)) - Creating Volume: vol-0-28259, with jenkins1000 as owner.
2019-11-15 21:05:08,099 [IPC Server handler 1 on 43026] INFO  volume.OMVolumeCreateRequest (OMVolumeCreateRequest.java:validateAndUpdateCache(193)) - created volume:vol-0-28259 for user:jenkins1000
2019-11-15 21:05:08,139 [pool-53-thread-2] INFO  rpc.RpcClient (RpcClient.java:createBucket(431)) - Creating Bucket: vol-0-28259/bucket-0-07178, with Versioning false and Storage Type set to DISK and Encryption set to false 
2019-11-15 21:05:08,317 [pool-53-thread-4] INFO  impl.MetricsSystemImpl (MetricsSystemImpl.java:init(158)) - XceiverClientMetrics metrics system started (again)
 0.00% |?                                                                                                    |  0/1 Time: 0:00:012019-11-15 21:05:09,890 [Thread-219] INFO  container.ReplicationManager (ReplicationManager.java:start(162)) - Starting Replication Monitor Thread.
2019-11-15 21:05:09,892 [ReplicationMonitor] INFO  container.ReplicationManager (ReplicationManager.java:run(225)) - Replication Monitor Thread took 1 milliseconds for processing 3 containers.
 100.00% |?????????????????????????????????????????????????????????????????????????????????????????????????????|  1/1 Time: 0:00:02
2019-11-15 21:05:15,458 [main] INFO  pipeline.SCMPipelineManager (SCMPipelineManager.java:finalizeAndDestroyPipeline(333)) - destroying pipeline:Pipeline[ Id: ccfb41d2-a10b-4ee5-9f60-c88f894dbf12, Nodes: 59783a08-ab51-4d4e-adcd-f2b6c822d111{ip: 192.168.69.127, host: pr-hdds-2509-hffwd-290017286, networkLocation: /default-rack, certSerialId: null}b5a7f023-8b73-4a62-84e8-4b8f9660176b{ip: 192.168.69.127, host: pr-hdds-2509-hffwd-290017286, networkLocation: /default-rack, certSerialId: null}c84769a5-5029-4162-884c-744c5b18280b{ip: 192.168.69.127, host: pr-hdds-2509-hffwd-290017286, networkLocation: /default-rack, certSerialId: null}, Type:RATIS, Factor:THREE, State:OPEN]
2019-11-15 21:05:15,458 [main] INFO  pipeline.PipelineStateManager (PipelineStateManager.java:finalizePipeline(121)) - Pipeline Pipeline[ Id: ccfb41d2-a10b-4ee5-9f60-c88f894dbf12, Nodes: 59783a08-ab51-4d4e-adcd-f2b6c822d111{ip: 192.168.69.127, host: pr-hdds-2509-hffwd-290017286, networkLocation: /default-rack, certSerialId: null}b5a7f023-8b73-4a62-84e8-4b8f9660176b{ip: 192.168.69.127, host: pr-hdds-2509-hffwd-290017286, networkLocation: /default-rack, certSerialId: null}c84769a5-5029-4162-884c-744c5b18280b{ip: 192.168.69.127, host: pr-hdds-2509-hffwd-290017286, networkLocation: /default-rack, certSerialId: null}, Type:RATIS, Factor:THREE, State:CLOSED] moved to CLOSED state
2019-11-15 21:05:15,459 [EventQueue-CloseContainerForCloseContainerEventHandler] INFO  container.CloseContainerEventHandler (CloseContainerEventHandler.java:onMessage(61)) - Close container Event triggered for container : #1
2019-11-15 21:05:15,460 [main] INFO  pipeline.RatisPipelineProvider (RatisPipelineProvider.java:lambda$close$5(207)) - Send pipeline:PipelineID=ccfb41d2-a10b-4ee5-9f60-c88f894dbf12 close command to datanode 59783a08-ab51-4d4e-adcd-f2b6c822d111
2019-11-15 21:05:15,462 [main] INFO  pipeline.RatisPipelineProvider (RatisPipelineProvider.java:lambda$close$5(207)) - Send pipeline:PipelineID=ccfb41d2-a10b-4ee5-9f60-c88f894dbf12 close command to datanode b5a7f023-8b73-4a62-84e8-4b8f9660176b
2019-11-15 21:05:15,462 [main] INFO  pipeline.RatisPipelineProvider (RatisPipelineProvider.java:lambda$close$5(207)) - Send pipeline:PipelineID=ccfb41d2-a10b-4ee5-9f60-c88f894dbf12 close command to datanode c84769a5-5029-4162-884c-744c5b18280b
2019-11-15 21:05:15,462 [main] INFO  pipeline.PipelineStateManager (PipelineStateManager.java:removePipeline(106)) - Pipeline Pipeline[ Id: ccfb41d2-a10b-4ee5-9f60-c88f894dbf12, Nodes: 59783a08-ab51-4d4e-adcd-f2b6c822d111{ip: 192.168.69.127, host: pr-hdds-2509-hffwd-290017286, networkLocation: /default-rack, certSerialId: null}b5a7f023-8b73-4a62-84e8-4b8f9660176b{ip: 192.168.69.127, host: pr-hdds-2509-hffwd-290017286, networkLocation: /default-rack, certSerialId: null}c84769a5-5029-4162-884c-744c5b18280b{ip: 192.168.69.127, host: pr-hdds-2509-hffwd-290017286, networkLocation: /default-rack, certSerialId: null}, Type:RATIS, Factor:THREE, State:CLOSED] removed from db
2019-11-15 21:05:15,465 [EventQueue-CloseContainerForCloseContainerEventHandler] INFO  container.CloseContainerEventHandler (CloseContainerEventHandler.java:onMessage(61)) - Close container Event triggered for container : #2
2019-11-15 21:05:15,465 [RatisPipelineUtilsThread] INFO  pipeline.RatisPipelineProvider (RatisPipelineProvider.java:lambda$create$4(163)) - Send pipeline:PipelineID=0fc58fb9-5495-4838-bad5-7a1cbdd9ab97 create command to datanode 59783a08-ab51-4d4e-adcd-f2b6c822d111
2019-11-15 21:05:15,467 [RatisPipelineUtilsThread] INFO  pipeline.RatisPipelineProvider (RatisPipelineProvider.java:lambda$create$4(163)) - Send pipeline:PipelineID=0fc58fb9-5495-4838-bad5-7a1cbdd9ab97 create command to datanode b5a7f023-8b73-4a62-84e8-4b8f9660176b
2019-11-15 21:05:15,467 [RatisPipelineUtilsThread] INFO  pipeline.RatisPipelineProvider (RatisPipelineProvider.java:lambda$create$4(163)) - Send pipeline:PipelineID=0fc58fb9-5495-4838-bad5-7a1cbdd9ab97 create command to datanode c84769a5-5029-4162-884c-744c5b18280b
2019-11-15 21:05:15,467 [RatisPipelineUtilsThread] INFO  pipeline.PipelineStateManager (PipelineStateManager.java:addPipeline(55)) - Created pipeline Pipeline[ Id: 0fc58fb9-5495-4838-bad5-7a1cbdd9ab97, Nodes: 59783a08-ab51-4d4e-adcd-f2b6c822d111{ip: 192.168.69.127, host: pr-hdds-2509-hffwd-290017286, networkLocation: /default-rack, certSerialId: null}b5a7f023-8b73-4a62-84e8-4b8f9660176b{ip: 192.168.69.127, host: pr-hdds-2509-hffwd-290017286, networkLocation: /default-rack, certSerialId: null}c84769a5-5029-4162-884c-744c5b18280b{ip: 192.168.69.127, host: pr-hdds-2509-hffwd-290017286, networkLocation: /default-rack, certSerialId: null}, Type:RATIS, Factor:THREE, State:ALLOCATED]
2019-11-15 21:05:15,469 [EventQueue-CloseContainerForCloseContainerEventHandler] ERROR container.CloseContainerEventHandler (CloseContainerEventHandler.java:onMessage(89)) - Failed to close the container #2.
org.apache.hadoop.hdds.scm.pipeline.PipelineNotFoundException: PipelineID=ccfb41d2-a10b-4ee5-9f60-c88f894dbf12 not found
	at org.apache.hadoop.hdds.scm.pipeline.PipelineStateMap.removeContainerFromPipeline(PipelineStateMap.java:351)
	at org.apache.hadoop.hdds.scm.pipeline.PipelineStateManager.removeContainerFromPipeline(PipelineStateManager.java:112)
	at org.apache.hadoop.hdds.scm.pipeline.SCMPipelineManager.removeContainerFromPipeline(SCMPipelineManager.java:286)
	at org.apache.hadoop.hdds.scm.container.SCMContainerManager.updateContainerState(SCMContainerManager.java:331)
	at org.apache.hadoop.hdds.scm.container.CloseContainerEventHandler.onMessage(CloseContainerEventHandler.java:66)
	at org.apache.hadoop.hdds.scm.container.CloseContainerEventHandler.onMessage(CloseContainerEventHandler.java:45)
	at org.apache.hadoop.hdds.server.events.SingleThreadExecutor.lambda$onMessage$1(SingleThreadExecutor.java:85)
	at java.util.concurrent.ThreadPoolExecutor.runWorker(ThreadPoolExecutor.java:1149)
	at java.util.concurrent.ThreadPoolExecutor$Worker.run(ThreadPoolExecutor.java:624)
	at java.lang.Thread.run(Thread.java:748)
2019-11-15 21:05:15,471 [EventQueue-CloseContainerForCloseContainerEventHandler] INFO  container.CloseContainerEventHandler (CloseContainerEventHandler.java:onMessage(61)) - Close container Event triggered for container : #3
2019-11-15 21:05:15,471 [EventQueue-CloseContainerForCloseContainerEventHandler] ERROR container.CloseContainerEventHandler (CloseContainerEventHandler.java:onMessage(89)) - Failed to close the container #3.
org.apache.hadoop.hdds.scm.pipeline.PipelineNotFoundException: PipelineID=ccfb41d2-a10b-4ee5-9f60-c88f894dbf12 not found
	at org.apache.hadoop.hdds.scm.pipeline.PipelineStateMap.removeContainerFromPipeline(PipelineStateMap.java:351)
	at org.apache.hadoop.hdds.scm.pipeline.PipelineStateManager.removeContainerFromPipeline(PipelineStateManager.java:112)
	at org.apache.hadoop.hdds.scm.pipeline.SCMPipelineManager.removeContainerFromPipeline(SCMPipelineManager.java:286)
	at org.apache.hadoop.hdds.scm.container.SCMContainerManager.updateContainerState(SCMContainerManager.java:331)
	at org.apache.hadoop.hdds.scm.container.CloseContainerEventHandler.onMessage(CloseContainerEventHandler.java:66)
	at org.apache.hadoop.hdds.scm.container.CloseContainerEventHandler.onMessage(CloseContainerEventHandler.java:45)
	at org.apache.hadoop.hdds.server.events.SingleThreadExecutor.lambda$onMessage$1(SingleThreadExecutor.java:85)
	at java.util.concurrent.ThreadPoolExecutor.runWorker(ThreadPoolExecutor.java:1149)
	at java.util.concurrent.ThreadPoolExecutor$Worker.run(ThreadPoolExecutor.java:624)
	at java.lang.Thread.run(Thread.java:748)
2019-11-15 21:05:15,551 [main] INFO  freon.RandomKeyGenerator (RandomKeyGenerator.java:call(283)) - Number of Threads: 10
2019-11-15 21:05:15,553 [main] INFO  freon.RandomKeyGenerator (RandomKeyGenerator.java:call(288)) - Number of Volumes: 1.
2019-11-15 21:05:15,553 [main] INFO  freon.RandomKeyGenerator (RandomKeyGenerator.java:call(289)) - Number of Buckets per Volume: 1.
2019-11-15 21:05:15,553 [main] INFO  freon.RandomKeyGenerator (RandomKeyGenerator.java:call(290)) - Number of Keys per Bucket: 1.
2019-11-15 21:05:15,553 [main] INFO  freon.RandomKeyGenerator (RandomKeyGenerator.java:call(291)) - Key size: 20971520 bytes
2019-11-15 21:05:15,553 [main] INFO  freon.RandomKeyGenerator (RandomKeyGenerator.java:call(292)) - Buffer size: 4096 bytes
2019-11-15 21:05:15,553 [main] INFO  freon.RandomKeyGenerator (RandomKeyGenerator.java:call(293)) - validateWrites : true
2019-11-15 21:05:15,554 [main] INFO  freon.RandomKeyGenerator (RandomKeyGenerator.java:call(307)) - Data validation is enabled.
2019-11-15 21:05:15,554 [main] INFO  freon.RandomKeyGenerator (RandomKeyGenerator.java:call(313)) - Starting progress bar Thread.

2019-11-15 21:05:15,555 [pool-59-thread-1] INFO  rpc.RpcClient (RpcClient.java:createVolume(292)) - Creating Volume: vol-0-24060, with jenkins1000 as owner.
 0.00% |?                                                                                                    |  0/1 Time: 0:00:002019-11-15 21:05:15,558 [IPC Server handler 1 on 43026] INFO  volume.OMVolumeCreateRequest (OMVolumeCreateRequest.java:validateAndUpdateCache(193)) - created volume:vol-0-24060 for user:jenkins1000
2019-11-15 21:05:15,624 [pool-59-thread-2] INFO  rpc.RpcClient (RpcClient.java:createBucket(431)) - Creating Bucket: vol-0-24060/bucket-0-25741, with Versioning false and Storage Type set to DISK and Encryption set to false 
2019-11-15 21:05:15,648 [IPC Server handler 6 on 43618] WARN  block.BlockManagerImpl (BlockManagerImpl.java:allocateBlock(203)) - Pipeline creation failed for type:RATIS factor:THREE. Retrying get pipelines call once.
org.apache.hadoop.hdds.scm.pipeline.InsufficientDatanodesException: Cannot create pipeline of factor 3 using 0 nodes.
	at org.apache.hadoop.hdds.scm.pipeline.RatisPipelineProvider.create(RatisPipelineProvider.java:144)
	at org.apache.hadoop.hdds.scm.pipeline.PipelineFactory.create(PipelineFactory.java:60)
	at org.apache.hadoop.hdds.scm.pipeline.SCMPipelineManager.createPipeline(SCMPipelineManager.java:159)
	at org.apache.hadoop.hdds.scm.block.BlockManagerImpl.allocateBlock(BlockManagerImpl.java:199)
	at org.apache.hadoop.hdds.scm.server.SCMBlockProtocolServer.allocateBlock(SCMBlockProtocolServer.java:187)
	at org.apache.hadoop.hdds.scm.protocol.ScmBlockLocationProtocolServerSideTranslatorPB.allocateScmBlock(ScmBlockLocationProtocolServerSideTranslatorPB.java:159)
	at org.apache.hadoop.hdds.scm.protocol.ScmBlockLocationProtocolServerSideTranslatorPB.processMessage(ScmBlockLocationProtocolServerSideTranslatorPB.java:117)
	at org.apache.hadoop.hdds.server.OzoneProtocolMessageDispatcher.processRequest(OzoneProtocolMessageDispatcher.java:72)
	at org.apache.hadoop.hdds.scm.protocol.ScmBlockLocationProtocolServerSideTranslatorPB.send(ScmBlockLocationProtocolServerSideTranslatorPB.java:98)
	at org.apache.hadoop.hdds.protocol.proto.ScmBlockLocationProtocolProtos$ScmBlockLocationProtocolService$2.callBlockingMethod(ScmBlockLocationProtocolProtos.java:13157)
	at org.apache.hadoop.ipc.ProtobufRpcEngine$Server$ProtoBufRpcInvoker.call(ProtobufRpcEngine.java:524)
	at org.apache.hadoop.ipc.RPC$Server.call(RPC.java:1025)
	at org.apache.hadoop.ipc.Server$RpcCall.run(Server.java:876)
	at org.apache.hadoop.ipc.Server$RpcCall.run(Server.java:822)
	at java.security.AccessController.doPrivileged(Native Method)
	at javax.security.auth.Subject.doAs(Subject.java:422)
	at org.apache.hadoop.security.UserGroupInformation.doAs(UserGroupInformation.java:1730)
	at org.apache.hadoop.ipc.Server$Handler.run(Server.java:2682)
2019-11-15 21:05:15,649 [IPC Server handler 6 on 43618] INFO  block.BlockManagerImpl (BlockManagerImpl.java:allocateBlock(215)) - Could not find available pipeline of type:RATIS and factor:THREE even after retrying
2019-11-15 21:05:15,649 [IPC Server handler 6 on 43618] ERROR block.BlockManagerImpl (BlockManagerImpl.java:allocateBlock(239)) - Unable to allocate a block for the size: 4194304, type: RATIS, factor: THREE
2019-11-15 21:05:15,651 [IPC Server handler 6 on 43618] WARN  block.BlockManagerImpl (BlockManagerImpl.java:allocateBlock(203)) - Pipeline creation failed for type:RATIS factor:THREE. Retrying get pipelines call once.
org.apache.hadoop.hdds.scm.pipeline.InsufficientDatanodesException: Cannot create pipeline of factor 3 using 0 nodes.
	at org.apache.hadoop.hdds.scm.pipeline.RatisPipelineProvider.create(RatisPipelineProvider.java:144)
	at org.apache.hadoop.hdds.scm.pipeline.PipelineFactory.create(PipelineFactory.java:60)
	at org.apache.hadoop.hdds.scm.pipeline.SCMPipelineManager.createPipeline(SCMPipelineManager.java:159)
	at org.apache.hadoop.hdds.scm.block.BlockManagerImpl.allocateBlock(BlockManagerImpl.java:199)
	at org.apache.hadoop.hdds.scm.server.SCMBlockProtocolServer.allocateBlock(SCMBlockProtocolServer.java:187)
	at org.apache.hadoop.hdds.scm.protocol.ScmBlockLocationProtocolServerSideTranslatorPB.allocateScmBlock(ScmBlockLocationProtocolServerSideTranslatorPB.java:159)
	at org.apache.hadoop.hdds.scm.protocol.ScmBlockLocationProtocolServerSideTranslatorPB.processMessage(ScmBlockLocationProtocolServerSideTranslatorPB.java:117)
	at org.apache.hadoop.hdds.server.OzoneProtocolMessageDispatcher.processRequest(OzoneProtocolMessageDispatcher.java:72)
	at org.apache.hadoop.hdds.scm.protocol.ScmBlockLocationProtocolServerSideTranslatorPB.send(ScmBlockLocationProtocolServerSideTranslatorPB.java:98)
	at org.apache.hadoop.hdds.protocol.proto.ScmBlockLocationProtocolProtos$ScmBlockLocationProtocolService$2.callBlockingMethod(ScmBlockLocationProtocolProtos.java:13157)
	at org.apache.hadoop.ipc.ProtobufRpcEngine$Server$ProtoBufRpcInvoker.call(ProtobufRpcEngine.java:524)
	at org.apache.hadoop.ipc.RPC$Server.call(RPC.java:1025)
	at org.apache.hadoop.ipc.Server$RpcCall.run(Server.java:876)
	at org.apache.hadoop.ipc.Server$RpcCall.run(Server.java:822)
	at java.security.AccessController.doPrivileged(Native Method)
	at javax.security.auth.Subject.doAs(Subject.java:422)
	at org.apache.hadoop.security.UserGroupInformation.doAs(UserGroupInformation.java:1730)
	at org.apache.hadoop.ipc.Server$Handler.run(Server.java:2682)
2019-11-15 21:05:15,651 [IPC Server handler 6 on 43618] INFO  block.BlockManagerImpl (BlockManagerImpl.java:allocateBlock(215)) - Could not find available pipeline of type:RATIS and factor:THREE even after retrying
2019-11-15 21:05:15,651 [IPC Server handler 6 on 43618] ERROR block.BlockManagerImpl (BlockManagerImpl.java:allocateBlock(239)) - Unable to allocate a block for the size: 4194304, type: RATIS, factor: THREE
2019-11-15 21:05:15,652 [IPC Server handler 6 on 43618] WARN  block.BlockManagerImpl (BlockManagerImpl.java:allocateBlock(203)) - Pipeline creation failed for type:RATIS factor:THREE. Retrying get pipelines call once.
org.apache.hadoop.hdds.scm.pipeline.InsufficientDatanodesException: Cannot create pipeline of factor 3 using 0 nodes.
	at org.apache.hadoop.hdds.scm.pipeline.RatisPipelineProvider.create(RatisPipelineProvider.java:144)
	at org.apache.hadoop.hdds.scm.pipeline.PipelineFactory.create(PipelineFactory.java:60)
	at org.apache.hadoop.hdds.scm.pipeline.SCMPipelineManager.createPipeline(SCMPipelineManager.java:159)
	at org.apache.hadoop.hdds.scm.block.BlockManagerImpl.allocateBlock(BlockManagerImpl.java:199)
	at org.apache.hadoop.hdds.scm.server.SCMBlockProtocolServer.allocateBlock(SCMBlockProtocolServer.java:187)
	at org.apache.hadoop.hdds.scm.protocol.ScmBlockLocationProtocolServerSideTranslatorPB.allocateScmBlock(ScmBlockLocationProtocolServerSideTranslatorPB.java:159)
	at org.apache.hadoop.hdds.scm.protocol.ScmBlockLocationProtocolServerSideTranslatorPB.processMessage(ScmBlockLocationProtocolServerSideTranslatorPB.java:117)
	at org.apache.hadoop.hdds.server.OzoneProtocolMessageDispatcher.processRequest(OzoneProtocolMessageDispatcher.java:72)
	at org.apache.hadoop.hdds.scm.protocol.ScmBlockLocationProtocolServerSideTranslatorPB.send(ScmBlockLocationProtocolServerSideTranslatorPB.java:98)
	at org.apache.hadoop.hdds.protocol.proto.ScmBlockLocationProtocolProtos$ScmBlockLocationProtocolService$2.callBlockingMethod(ScmBlockLocationProtocolProtos.java:13157)
	at org.apache.hadoop.ipc.ProtobufRpcEngine$Server$ProtoBufRpcInvoker.call(ProtobufRpcEngine.java:524)
	at org.apache.hadoop.ipc.RPC$Server.call(RPC.java:1025)
	at org.apache.hadoop.ipc.Server$RpcCall.run(Server.java:876)
	at org.apache.hadoop.ipc.Server$RpcCall.run(Server.java:822)
	at java.security.AccessController.doPrivileged(Native Method)
	at javax.security.auth.Subject.doAs(Subject.java:422)
	at org.apache.hadoop.security.UserGroupInformation.doAs(UserGroupInformation.java:1730)
	at org.apache.hadoop.ipc.Server$Handler.run(Server.java:2682)
2019-11-15 21:05:15,653 [IPC Server handler 6 on 43618] INFO  block.BlockManagerImpl (BlockManagerImpl.java:allocateBlock(215)) - Could not find available pipeline of type:RATIS and factor:THREE even after retrying
2019-11-15 21:05:15,653 [IPC Server handler 6 on 43618] ERROR block.BlockManagerImpl (BlockManagerImpl.java:allocateBlock(239)) - Unable to allocate a block for the size: 4194304, type: RATIS, factor: THREE
2019-11-15 21:05:15,653 [IPC Server handler 6 on 43618] WARN  block.BlockManagerImpl (BlockManagerImpl.java:allocateBlock(203)) - Pipeline creation failed for type:RATIS factor:THREE. Retrying get pipelines call once.
org.apache.hadoop.hdds.scm.pipeline.InsufficientDatanodesException: Cannot create pipeline of factor 3 using 0 nodes.
	at org.apache.hadoop.hdds.scm.pipeline.RatisPipelineProvider.create(RatisPipelineProvider.java:144)
	at org.apache.hadoop.hdds.scm.pipeline.PipelineFactory.create(PipelineFactory.java:60)
	at org.apache.hadoop.hdds.scm.pipeline.SCMPipelineManager.createPipeline(SCMPipelineManager.java:159)
	at org.apache.hadoop.hdds.scm.block.BlockManagerImpl.allocateBlock(BlockManagerImpl.java:199)
	at org.apache.hadoop.hdds.scm.server.SCMBlockProtocolServer.allocateBlock(SCMBlockProtocolServer.java:187)
	at org.apache.hadoop.hdds.scm.protocol.ScmBlockLocationProtocolServerSideTranslatorPB.allocateScmBlock(ScmBlockLocationProtocolServerSideTranslatorPB.java:159)
	at org.apache.hadoop.hdds.scm.protocol.ScmBlockLocationProtocolServerSideTranslatorPB.processMessage(ScmBlockLocationProtocolServerSideTranslatorPB.java:117)
	at org.apache.hadoop.hdds.server.OzoneProtocolMessageDispatcher.processRequest(OzoneProtocolMessageDispatcher.java:72)
	at org.apache.hadoop.hdds.scm.protocol.ScmBlockLocationProtocolServerSideTranslatorPB.send(ScmBlockLocationProtocolServerSideTranslatorPB.java:98)
	at org.apache.hadoop.hdds.protocol.proto.ScmBlockLocationProtocolProtos$ScmBlockLocationProtocolService$2.callBlockingMethod(ScmBlockLocationProtocolProtos.java:13157)
	at org.apache.hadoop.ipc.ProtobufRpcEngine$Server$ProtoBufRpcInvoker.call(ProtobufRpcEngine.java:524)
	at org.apache.hadoop.ipc.RPC$Server.call(RPC.java:1025)
	at org.apache.hadoop.ipc.Server$RpcCall.run(Server.java:876)
	at org.apache.hadoop.ipc.Server$RpcCall.run(Server.java:822)
	at java.security.AccessController.doPrivileged(Native Method)
	at javax.security.auth.Subject.doAs(Subject.java:422)
	at org.apache.hadoop.security.UserGroupInformation.doAs(UserGroupInformation.java:1730)
	at org.apache.hadoop.ipc.Server$Handler.run(Server.java:2682)
2019-11-15 21:05:15,653 [IPC Server handler 6 on 43618] INFO  block.BlockManagerImpl (BlockManagerImpl.java:allocateBlock(215)) - Could not find available pipeline of type:RATIS and factor:THREE even after retrying
2019-11-15 21:05:15,654 [IPC Server handler 6 on 43618] ERROR block.BlockManagerImpl (BlockManagerImpl.java:allocateBlock(239)) - Unable to allocate a block for the size: 4194304, type: RATIS, factor: THREE
2019-11-15 21:05:15,654 [IPC Server handler 6 on 43618] WARN  block.BlockManagerImpl (BlockManagerImpl.java:allocateBlock(203)) - Pipeline creation failed for type:RATIS factor:THREE. Retrying get pipelines call once.
org.apache.hadoop.hdds.scm.pipeline.InsufficientDatanodesException: Cannot create pipeline of factor 3 using 0 nodes.
	at org.apache.hadoop.hdds.scm.pipeline.RatisPipelineProvider.create(RatisPipelineProvider.java:144)
	at org.apache.hadoop.hdds.scm.pipeline.PipelineFactory.create(PipelineFactory.java:60)
	at org.apache.hadoop.hdds.scm.pipeline.SCMPipelineManager.createPipeline(SCMPipelineManager.java:159)
	at org.apache.hadoop.hdds.scm.block.BlockManagerImpl.allocateBlock(BlockManagerImpl.java:199)
	at org.apache.hadoop.hdds.scm.server.SCMBlockProtocolServer.allocateBlock(SCMBlockProtocolServer.java:187)
	at org.apache.hadoop.hdds.scm.protocol.ScmBlockLocationProtocolServerSideTranslatorPB.allocateScmBlock(ScmBlockLocationProtocolServerSideTranslatorPB.java:159)
	at org.apache.hadoop.hdds.scm.protocol.ScmBlockLocationProtocolServerSideTranslatorPB.processMessage(ScmBlockLocationProtocolServerSideTranslatorPB.java:117)
	at org.apache.hadoop.hdds.server.OzoneProtocolMessageDispatcher.processRequest(OzoneProtocolMessageDispatcher.java:72)
	at org.apache.hadoop.hdds.scm.protocol.ScmBlockLocationProtocolServerSideTranslatorPB.send(ScmBlockLocationProtocolServerSideTranslatorPB.java:98)
	at org.apache.hadoop.hdds.protocol.proto.ScmBlockLocationProtocolProtos$ScmBlockLocationProtocolService$2.callBlockingMethod(ScmBlockLocationProtocolProtos.java:13157)
	at org.apache.hadoop.ipc.ProtobufRpcEngine$Server$ProtoBufRpcInvoker.call(ProtobufRpcEngine.java:524)
	at org.apache.hadoop.ipc.RPC$Server.call(RPC.java:1025)
	at org.apache.hadoop.ipc.Server$RpcCall.run(Server.java:876)
	at org.apache.hadoop.ipc.Server$RpcCall.run(Server.java:822)
	at java.security.AccessController.doPrivileged(Native Method)
	at javax.security.auth.Subject.doAs(Subject.java:422)
	at org.apache.hadoop.security.UserGroupInformation.doAs(UserGroupInformation.java:1730)
	at org.apache.hadoop.ipc.Server$Handler.run(Server.java:2682)
2019-11-15 21:05:15,654 [IPC Server handler 6 on 43618] INFO  block.BlockManagerImpl (BlockManagerImpl.java:allocateBlock(215)) - Could not find available pipeline of type:RATIS and factor:THREE even after retrying
2019-11-15 21:05:15,654 [IPC Server handler 6 on 43618] ERROR block.BlockManagerImpl (BlockManagerImpl.java:allocateBlock(239)) - Unable to allocate a block for the size: 4194304, type: RATIS, factor: THREE
2019-11-15 21:05:15,659 [pool-59-thread-4] ERROR freon.RandomKeyGenerator (RandomKeyGenerator.java:createKey(735)) - Exception while adding key: key-0-11840 in bucket: bucket-0-25741 of volume: vol-0-24060.
INTERNAL_ERROR org.apache.hadoop.ozone.om.exceptions.OMException: Allocated 0 blocks. Requested 5 blocks
	at org.apache.hadoop.ozone.om.protocolPB.OzoneManagerProtocolClientSideTranslatorPB.handleError(OzoneManagerProtocolClientSideTranslatorPB.java:761)
	at org.apache.hadoop.ozone.om.protocolPB.OzoneManagerProtocolClientSideTranslatorPB.openKey(OzoneManagerProtocolClientSideTranslatorPB.java:752)
	at sun.reflect.NativeMethodAccessorImpl.invoke0(Native Method)
	at sun.reflect.NativeMethodAccessorImpl.invoke(NativeMethodAccessorImpl.java:62)
	at sun.reflect.DelegatingMethodAccessorImpl.invoke(DelegatingMethodAccessorImpl.java:43)
	at java.lang.reflect.Method.invoke(Method.java:498)
	at org.apache.hadoop.hdds.tracing.TraceAllMethod.invoke(TraceAllMethod.java:66)
	at com.sun.proxy.$Proxy37.openKey(Unknown Source)
	at org.apache.hadoop.ozone.client.rpc.RpcClient.createKey(RpcClient.java:633)
	at org.apache.hadoop.ozone.client.OzoneBucket.createKey(OzoneBucket.java:325)
	at org.apache.hadoop.ozone.freon.RandomKeyGenerator.createKey(RandomKeyGenerator.java:697)
	at org.apache.hadoop.ozone.freon.RandomKeyGenerator.access$1100(RandomKeyGenerator.java:88)
	at org.apache.hadoop.ozone.freon.RandomKeyGenerator$ObjectCreator.run(RandomKeyGenerator.java:615)
	at java.util.concurrent.Executors$RunnableAdapter.call(Executors.java:511)
	at java.util.concurrent.FutureTask.run(FutureTask.java:266)
	at java.util.concurrent.ThreadPoolExecutor.runWorker(ThreadPoolExecutor.java:1149)
	at java.util.concurrent.ThreadPoolExecutor$Worker.run(ThreadPoolExecutor.java:624)
	at java.lang.Thread.run(Thread.java:748)
 0.00% |?                                                                                                    |  0/1 Time: 0:00:012019-11-15 21:05:17,444 [Command processor thread] INFO  impl.RaftServerProxy (RaftServerProxy.java:remove(95)) - c84769a5-5029-4162-884c-744c5b18280b: remove  FOLLOWER c84769a5-5029-4162-884c-744c5b18280b@group-C88F894DBF12:t2, leader=59783a08-ab51-4d4e-adcd-f2b6c822d111, voted=59783a08-ab51-4d4e-adcd-f2b6c822d111, raftlog=c84769a5-5029-4162-884c-744c5b18280b@group-C88F894DBF12-SegmentedRaftLog:OPENED:c78,f78,i78, conf=0: [b5a7f023-8b73-4a62-84e8-4b8f9660176b:192.168.69.127:38255, 59783a08-ab51-4d4e-adcd-f2b6c822d111:192.168.69.127:34175, c84769a5-5029-4162-884c-744c5b18280b:192.168.69.127:36211], old=null RUNNING
2019-11-15 21:05:17,444 [Command processor thread] INFO  impl.RaftServerProxy (RaftServerProxy.java:remove(95)) - 59783a08-ab51-4d4e-adcd-f2b6c822d111: remove    LEADER 59783a08-ab51-4d4e-adcd-f2b6c822d111@group-C88F894DBF12:t2, leader=59783a08-ab51-4d4e-adcd-f2b6c822d111, voted=59783a08-ab51-4d4e-adcd-f2b6c822d111, raftlog=59783a08-ab51-4d4e-adcd-f2b6c822d111@group-C88F894DBF12-SegmentedRaftLog:OPENED:c78,f78,i78, conf=0: [b5a7f023-8b73-4a62-84e8-4b8f9660176b:192.168.69.127:38255, 59783a08-ab51-4d4e-adcd-f2b6c822d111:192.168.69.127:34175, c84769a5-5029-4162-884c-744c5b18280b:192.168.69.127:36211], old=null RUNNING
2019-11-15 21:05:17,449 [Command processor thread] INFO  impl.RaftServerImpl (RaftServerImpl.java:lambda$shutdown$3(250)) - 59783a08-ab51-4d4e-adcd-f2b6c822d111@group-C88F894DBF12: shutdown
2019-11-15 21:05:17,449 [Command processor thread] INFO  impl.RaftServerImpl (RaftServerImpl.java:lambda$shutdown$3(250)) - c84769a5-5029-4162-884c-744c5b18280b@group-C88F894DBF12: shutdown
2019-11-15 21:05:17,450 [Command processor thread] INFO  util.JmxRegister (JmxRegister.java:unregister(73)) - Successfully un-registered JMX Bean with object name Ratis:service=RaftServer,group=group-C88F894DBF12,id=59783a08-ab51-4d4e-adcd-f2b6c822d111
2019-11-15 21:05:17,450 [Command processor thread] INFO  util.JmxRegister (JmxRegister.java:unregister(73)) - Successfully un-registered JMX Bean with object name Ratis:service=RaftServer,group=group-C88F894DBF12,id=c84769a5-5029-4162-884c-744c5b18280b
2019-11-15 21:05:17,451 [Command processor thread] INFO  impl.RoleInfo (RoleInfo.java:shutdownLeaderState(104)) - 59783a08-ab51-4d4e-adcd-f2b6c822d111: shutdown LeaderState
2019-11-15 21:05:17,451 [Command processor thread] INFO  impl.RoleInfo (RoleInfo.java:shutdownFollowerState(121)) - c84769a5-5029-4162-884c-744c5b18280b: shutdown FollowerState
2019-11-15 21:05:17,451 [Thread-214] INFO  impl.FollowerState (FollowerState.java:run(120)) - c84769a5-5029-4162-884c-744c5b18280b@group-C88F894DBF12-FollowerState was interrupted: java.lang.InterruptedException: sleep interrupted
2019-11-15 21:05:17,451 [Command processor thread] INFO  impl.StateMachineUpdater (StateMachineUpdater.java:stopAndJoin(136)) - c84769a5-5029-4162-884c-744c5b18280b@group-C88F894DBF12-StateMachineUpdater: set stopIndex = 78
2019-11-15 21:05:17,453 [c84769a5-5029-4162-884c-744c5b18280b@group-C88F894DBF12-StateMachineUpdater] INFO  ratis.ContainerStateMachine (ContainerStateMachine.java:takeSnapshot(285)) - group-C88F894DBF12: Taking a snapshot at:(t:2, i:76) file /workdir/hadoop-ozone/tools/target/test-dir/MiniOzoneClusterImpl-4b950001-3d73-41a9-9137-e5c36aa9a7ef/datanode-1/data/ratis/ccfb41d2-a10b-4ee5-9f60-c88f894dbf12/sm/snapshot.2_76
2019-11-15 21:05:17,453 [org.apache.ratis.server.impl.LogAppender$AppenderDaemon$$Lambda$494/532389768@4e3097f6] WARN  server.GrpcLogAppender (GrpcLogAppender.java:mayWait(151)) - 59783a08-ab51-4d4e-adcd-f2b6c822d111@group-C88F894DBF12->b5a7f023-8b73-4a62-84e8-4b8f9660176b-GrpcLogAppender: Wait interrupted by java.lang.InterruptedException
2019-11-15 21:05:17,453 [org.apache.ratis.server.impl.LogAppender$AppenderDaemon$$Lambda$494/532389768@786eddbf] WARN  server.GrpcLogAppender (GrpcLogAppender.java:mayWait(151)) - 59783a08-ab51-4d4e-adcd-f2b6c822d111@group-C88F894DBF12->c84769a5-5029-4162-884c-744c5b18280b-GrpcLogAppender: Wait interrupted by java.lang.InterruptedException
2019-11-15 21:05:17,454 [Command processor thread] INFO  impl.PendingRequests (PendingRequests.java:sendNotLeaderResponses(206)) - 59783a08-ab51-4d4e-adcd-f2b6c822d111@group-C88F894DBF12-PendingRequests: sendNotLeaderResponses
2019-11-15 21:05:17,459 [grpc-default-executor-0] INFO  server.GrpcServerProtocolService (GrpcServerProtocolService.java:onCompleted(113)) - c84769a5-5029-4162-884c-744c5b18280b: Completed APPEND_ENTRIES, lastRequest: 59783a08-ab51-4d4e-adcd-f2b6c822d111->c84769a5-5029-4162-884c-744c5b18280b#81-t2, previous=(t:2, i:78), leaderCommit=78, initializing? false, entries: <empty>
2019-11-15 21:05:17,459 [grpc-default-executor-3] INFO  server.GrpcServerProtocolService (GrpcServerProtocolService.java:onCompleted(113)) - b5a7f023-8b73-4a62-84e8-4b8f9660176b: Completed APPEND_ENTRIES, lastRequest: 59783a08-ab51-4d4e-adcd-f2b6c822d111->b5a7f023-8b73-4a62-84e8-4b8f9660176b#81-t2, previous=(t:2, i:78), leaderCommit=78, initializing? false, entries: <empty>
2019-11-15 21:05:17,462 [Command processor thread] INFO  impl.StateMachineUpdater (StateMachineUpdater.java:stopAndJoin(136)) - 59783a08-ab51-4d4e-adcd-f2b6c822d111@group-C88F894DBF12-StateMachineUpdater: set stopIndex = 78
2019-11-15 21:05:17,464 [59783a08-ab51-4d4e-adcd-f2b6c822d111@group-C88F894DBF12-StateMachineUpdater] INFO  ratis.ContainerStateMachine (ContainerStateMachine.java:takeSnapshot(285)) - group-C88F894DBF12: Taking a snapshot at:(t:2, i:76) file /workdir/hadoop-ozone/tools/target/test-dir/MiniOzoneClusterImpl-4b950001-3d73-41a9-9137-e5c36aa9a7ef/datanode-2/data/ratis/ccfb41d2-a10b-4ee5-9f60-c88f894dbf12/sm/snapshot.2_76
2019-11-15 21:05:17,464 [grpc-default-executor-3] INFO  server.GrpcLogAppender (GrpcLogAppender.java:onCompleted(308)) - 59783a08-ab51-4d4e-adcd-f2b6c822d111@group-C88F894DBF12->b5a7f023-8b73-4a62-84e8-4b8f9660176b-AppendLogResponseHandler: follower responses appendEntries COMPLETED
2019-11-15 21:05:17,464 [grpc-default-executor-0] INFO  server.GrpcLogAppender (GrpcLogAppender.java:onCompleted(308)) - 59783a08-ab51-4d4e-adcd-f2b6c822d111@group-C88F894DBF12->c84769a5-5029-4162-884c-744c5b18280b-AppendLogResponseHandler: follower responses appendEntries COMPLETED
2019-11-15 21:05:17,470 [grpc-default-executor-0] INFO  impl.FollowerInfo (FollowerInfo.java:lambda$new$0(51)) - 59783a08-ab51-4d4e-adcd-f2b6c822d111@group-C88F894DBF12->c84769a5-5029-4162-884c-744c5b18280b: nextIndex: updateUnconditionally 79 -> 78
2019-11-15 21:05:17,470 [grpc-default-executor-3] INFO  impl.FollowerInfo (FollowerInfo.java:lambda$new$0(51)) - 59783a08-ab51-4d4e-adcd-f2b6c822d111@group-C88F894DBF12->b5a7f023-8b73-4a62-84e8-4b8f9660176b: nextIndex: updateUnconditionally 79 -> 78
2019-11-15 21:05:17,489 [59783a08-ab51-4d4e-adcd-f2b6c822d111@group-C88F894DBF12-StateMachineUpdater] INFO  ratis.ContainerStateMachine (ContainerStateMachine.java:takeSnapshot(296)) - group-C88F894DBF12: Finished taking a snapshot at:(t:2, i:76) file:/workdir/hadoop-ozone/tools/target/test-dir/MiniOzoneClusterImpl-4b950001-3d73-41a9-9137-e5c36aa9a7ef/datanode-2/data/ratis/ccfb41d2-a10b-4ee5-9f60-c88f894dbf12/sm/snapshot.2_76 time:27
2019-11-15 21:05:17,489 [c84769a5-5029-4162-884c-744c5b18280b@group-C88F894DBF12-StateMachineUpdater] INFO  ratis.ContainerStateMachine (ContainerStateMachine.java:takeSnapshot(296)) - group-C88F894DBF12: Finished taking a snapshot at:(t:2, i:76) file:/workdir/hadoop-ozone/tools/target/test-dir/MiniOzoneClusterImpl-4b950001-3d73-41a9-9137-e5c36aa9a7ef/datanode-1/data/ratis/ccfb41d2-a10b-4ee5-9f60-c88f894dbf12/sm/snapshot.2_76 time:38
2019-11-15 21:05:17,491 [c84769a5-5029-4162-884c-744c5b18280b@group-C88F894DBF12-StateMachineUpdater] INFO  impl.StateMachineUpdater (StateMachineUpdater.java:takeSnapshot(269)) - c84769a5-5029-4162-884c-744c5b18280b@group-C88F894DBF12-StateMachineUpdater: Took a snapshot at index 76
2019-11-15 21:05:17,491 [59783a08-ab51-4d4e-adcd-f2b6c822d111@group-C88F894DBF12-StateMachineUpdater] INFO  impl.StateMachineUpdater (StateMachineUpdater.java:takeSnapshot(269)) - 59783a08-ab51-4d4e-adcd-f2b6c822d111@group-C88F894DBF12-StateMachineUpdater: Took a snapshot at index 76
2019-11-15 21:05:17,491 [c84769a5-5029-4162-884c-744c5b18280b@group-C88F894DBF12-StateMachineUpdater] INFO  impl.StateMachineUpdater (StateMachineUpdater.java:lambda$new$0(84)) - c84769a5-5029-4162-884c-744c5b18280b@group-C88F894DBF12-StateMachineUpdater: snapshotIndex: updateIncreasingly -1 -> 76
2019-11-15 21:05:17,491 [59783a08-ab51-4d4e-adcd-f2b6c822d111@group-C88F894DBF12-StateMachineUpdater] INFO  impl.StateMachineUpdater (StateMachineUpdater.java:lambda$new$0(84)) - 59783a08-ab51-4d4e-adcd-f2b6c822d111@group-C88F894DBF12-StateMachineUpdater: snapshotIndex: updateIncreasingly -1 -> 76
2019-11-15 21:05:17,495 [59783a08-ab51-4d4e-adcd-f2b6c822d111@group-C88F894DBF12-StateMachineUpdater] INFO  ratis.ContainerStateMachine (ContainerStateMachine.java:takeSnapshot(285)) - group-C88F894DBF12: Taking a snapshot at:(t:2, i:76) file /workdir/hadoop-ozone/tools/target/test-dir/MiniOzoneClusterImpl-4b950001-3d73-41a9-9137-e5c36aa9a7ef/datanode-2/data/ratis/ccfb41d2-a10b-4ee5-9f60-c88f894dbf12/sm/snapshot.2_76
2019-11-15 21:05:17,495 [c84769a5-5029-4162-884c-744c5b18280b@group-C88F894DBF12-StateMachineUpdater] INFO  ratis.ContainerStateMachine (ContainerStateMachine.java:takeSnapshot(285)) - group-C88F894DBF12: Taking a snapshot at:(t:2, i:76) file /workdir/hadoop-ozone/tools/target/test-dir/MiniOzoneClusterImpl-4b950001-3d73-41a9-9137-e5c36aa9a7ef/datanode-1/data/ratis/ccfb41d2-a10b-4ee5-9f60-c88f894dbf12/sm/snapshot.2_76
2019-11-15 21:05:17,500 [c84769a5-5029-4162-884c-744c5b18280b@group-C88F894DBF12-StateMachineUpdater] INFO  ratis.ContainerStateMachine (ContainerStateMachine.java:takeSnapshot(296)) - group-C88F894DBF12: Finished taking a snapshot at:(t:2, i:76) file:/workdir/hadoop-ozone/tools/target/test-dir/MiniOzoneClusterImpl-4b950001-3d73-41a9-9137-e5c36aa9a7ef/datanode-1/data/ratis/ccfb41d2-a10b-4ee5-9f60-c88f894dbf12/sm/snapshot.2_76 time:4
2019-11-15 21:05:17,500 [59783a08-ab51-4d4e-adcd-f2b6c822d111@group-C88F894DBF12-StateMachineUpdater] INFO  ratis.ContainerStateMachine (ContainerStateMachine.java:takeSnapshot(296)) - group-C88F894DBF12: Finished taking a snapshot at:(t:2, i:76) file:/workdir/hadoop-ozone/tools/target/test-dir/MiniOzoneClusterImpl-4b950001-3d73-41a9-9137-e5c36aa9a7ef/datanode-2/data/ratis/ccfb41d2-a10b-4ee5-9f60-c88f894dbf12/sm/snapshot.2_76 time:4
2019-11-15 21:05:17,500 [c84769a5-5029-4162-884c-744c5b18280b@group-C88F894DBF12-StateMachineUpdater] INFO  impl.StateMachineUpdater (StateMachineUpdater.java:takeSnapshot(269)) - c84769a5-5029-4162-884c-744c5b18280b@group-C88F894DBF12-StateMachineUpdater: Took a snapshot at index 76
2019-11-15 21:05:17,500 [59783a08-ab51-4d4e-adcd-f2b6c822d111@group-C88F894DBF12-StateMachineUpdater] INFO  impl.StateMachineUpdater (StateMachineUpdater.java:takeSnapshot(269)) - 59783a08-ab51-4d4e-adcd-f2b6c822d111@group-C88F894DBF12-StateMachineUpdater: Took a snapshot at index 76
2019-11-15 21:05:17,500 [c84769a5-5029-4162-884c-744c5b18280b@group-C88F894DBF12-StateMachineUpdater] INFO  impl.StateMachineUpdater (StateMachineUpdater.java:lambda$new$0(84)) - c84769a5-5029-4162-884c-744c5b18280b@group-C88F894DBF12-StateMachineUpdater: snapshotIndex: updateIncreasingly 76 -> 76
2019-11-15 21:05:17,500 [59783a08-ab51-4d4e-adcd-f2b6c822d111@group-C88F894DBF12-StateMachineUpdater] INFO  impl.StateMachineUpdater (StateMachineUpdater.java:lambda$new$0(84)) - 59783a08-ab51-4d4e-adcd-f2b6c822d111@group-C88F894DBF12-StateMachineUpdater: snapshotIndex: updateIncreasingly 76 -> 76
2019-11-15 21:05:17,501 [Command processor thread] INFO  impl.RaftServerImpl (ServerState.java:close(387)) - c84769a5-5029-4162-884c-744c5b18280b@group-C88F894DBF12: closes. applyIndex: 78
2019-11-15 21:05:17,501 [Command processor thread] INFO  impl.RaftServerImpl (ServerState.java:close(387)) - 59783a08-ab51-4d4e-adcd-f2b6c822d111@group-C88F894DBF12: closes. applyIndex: 78
2019-11-15 21:05:17,503 [c84769a5-5029-4162-884c-744c5b18280b@group-C88F894DBF12-SegmentedRaftLogWorker] INFO  segmented.SegmentedRaftLogWorker (SegmentedRaftLogWorker.java:run(316)) - c84769a5-5029-4162-884c-744c5b18280b@group-C88F894DBF12-SegmentedRaftLogWorker was interrupted, exiting. There are 0 tasks remaining in the queue.
2019-11-15 21:05:17,503 [59783a08-ab51-4d4e-adcd-f2b6c822d111@group-C88F894DBF12-SegmentedRaftLogWorker] INFO  segmented.SegmentedRaftLogWorker (SegmentedRaftLogWorker.java:run(316)) - 59783a08-ab51-4d4e-adcd-f2b6c822d111@group-C88F894DBF12-SegmentedRaftLogWorker was interrupted, exiting. There are 0 tasks remaining in the queue.
2019-11-15 21:05:17,505 [Command processor thread] INFO  segmented.SegmentedRaftLogWorker (SegmentedRaftLogWorker.java:close(224)) - c84769a5-5029-4162-884c-744c5b18280b@group-C88F894DBF12-SegmentedRaftLogWorker close()
2019-11-15 21:05:17,505 [Command processor thread] INFO  segmented.SegmentedRaftLogWorker (SegmentedRaftLogWorker.java:close(224)) - 59783a08-ab51-4d4e-adcd-f2b6c822d111@group-C88F894DBF12-SegmentedRaftLogWorker close()
 0.00% |?                                                                                                    |  0/1 Time: 0:00:022019-11-15 21:05:17,558 [Command processor thread] INFO  interfaces.Container (KeyValueContainer.java:flushAndSyncDB(400)) - Container 1 is synced with bcsId 60.
2019-11-15 21:05:17,558 [Command processor thread] INFO  interfaces.Container (KeyValueContainer.java:flushAndSyncDB(400)) - Container 1 is synced with bcsId 60.
2019-11-15 21:05:17,559 [Command processor thread] INFO  interfaces.Container (KeyValueContainer.java:flushAndSyncDB(400)) - Container 1 is synced with bcsId 60.
2019-11-15 21:05:17,559 [Command processor thread] INFO  interfaces.Container (KeyValueContainer.java:flushAndSyncDB(400)) - Container 1 is synced with bcsId 60.
2019-11-15 21:05:17,577 [EventQueue-IncrementalContainerReportForIncrementalContainerReportHandler] INFO  container.IncrementalContainerReportHandler (AbstractContainerReportHandler.java:updateContainerState(171)) - Moving container #1 to QUASI_CLOSED state, datanode c84769a5-5029-4162-884c-744c5b18280b{ip: 192.168.69.127, host: pr-hdds-2509-hffwd-290017286, networkLocation: /default-rack, certSerialId: null} reported QUASI_CLOSED replica.
2019-11-15 21:05:17,614 [Command processor thread] INFO  interfaces.Container (KeyValueContainer.java:flushAndSyncDB(400)) - Container 2 is synced with bcsId 76.
2019-11-15 21:05:17,614 [Command processor thread] INFO  interfaces.Container (KeyValueContainer.java:flushAndSyncDB(400)) - Container 2 is synced with bcsId 76.
2019-11-15 21:05:17,614 [Command processor thread] INFO  interfaces.Container (KeyValueContainer.java:flushAndSyncDB(400)) - Container 2 is synced with bcsId 76.
2019-11-15 21:05:17,614 [Command processor thread] INFO  interfaces.Container (KeyValueContainer.java:flushAndSyncDB(400)) - Container 2 is synced with bcsId 76.
2019-11-15 21:05:17,632 [EventQueue-IncrementalContainerReportForIncrementalContainerReportHandler] INFO  container.IncrementalContainerReportHandler (AbstractContainerReportHandler.java:updateContainerState(171)) - Moving container #2 to QUASI_CLOSED state, datanode 59783a08-ab51-4d4e-adcd-f2b6c822d111{ip: 192.168.69.127, host: pr-hdds-2509-hffwd-290017286, networkLocation: /default-rack, certSerialId: null} reported QUASI_CLOSED replica.
2019-11-15 21:05:17,657 [Command processor thread] INFO  interfaces.Container (KeyValueContainer.java:flushAndSyncDB(400)) - Container 3 is synced with bcsId 42.
2019-11-15 21:05:17,657 [Command processor thread] INFO  interfaces.Container (KeyValueContainer.java:flushAndSyncDB(400)) - Container 3 is synced with bcsId 42.
2019-11-15 21:05:17,657 [Command processor thread] INFO  interfaces.Container (KeyValueContainer.java:flushAndSyncDB(400)) - Container 3 is synced with bcsId 42.
2019-11-15 21:05:17,657 [Command processor thread] INFO  interfaces.Container (KeyValueContainer.java:flushAndSyncDB(400)) - Container 3 is synced with bcsId 42.
2019-11-15 21:05:17,673 [Command processor thread] INFO  commandhandler.ClosePipelineCommandHandler (ClosePipelineCommandHandler.java:handle(78)) - Close Pipeline #id: "ccfb41d2-a10b-4ee5-9f60-c88f894dbf12"
 command on datanode #c84769a5-5029-4162-884c-744c5b18280b.
2019-11-15 21:05:17,673 [Command processor thread] INFO  commandhandler.ClosePipelineCommandHandler (ClosePipelineCommandHandler.java:handle(78)) - Close Pipeline #id: "ccfb41d2-a10b-4ee5-9f60-c88f894dbf12"
 command on datanode #59783a08-ab51-4d4e-adcd-f2b6c822d111.
2019-11-15 21:05:17,675 [EventQueue-IncrementalContainerReportForIncrementalContainerReportHandler] INFO  container.IncrementalContainerReportHandler (AbstractContainerReportHandler.java:updateContainerState(171)) - Moving container #3 to QUASI_CLOSED state, datanode 59783a08-ab51-4d4e-adcd-f2b6c822d111{ip: 192.168.69.127, host: pr-hdds-2509-hffwd-290017286, networkLocation: /default-rack, certSerialId: null} reported QUASI_CLOSED replica.
2019-11-15 21:05:17,675 [Command processor thread] INFO  impl.RaftServerProxy (RaftServerProxy.java:addNew(89)) - c84769a5-5029-4162-884c-744c5b18280b: addNew group-7A1CBDD9AB97:[b5a7f023-8b73-4a62-84e8-4b8f9660176b:192.168.69.127:38255, 59783a08-ab51-4d4e-adcd-f2b6c822d111:192.168.69.127:34175, c84769a5-5029-4162-884c-744c5b18280b:192.168.69.127:36211] returns group-7A1CBDD9AB97:java.util.concurrent.CompletableFuture@6bbb832c[Not completed]
2019-11-15 21:05:17,675 [Command processor thread] INFO  impl.RaftServerProxy (RaftServerProxy.java:addNew(89)) - 59783a08-ab51-4d4e-adcd-f2b6c822d111: addNew group-7A1CBDD9AB97:[b5a7f023-8b73-4a62-84e8-4b8f9660176b:192.168.69.127:38255, 59783a08-ab51-4d4e-adcd-f2b6c822d111:192.168.69.127:34175, c84769a5-5029-4162-884c-744c5b18280b:192.168.69.127:36211] returns group-7A1CBDD9AB97:java.util.concurrent.CompletableFuture@15d93c68[Not completed]
2019-11-15 21:05:17,677 [pool-47-thread-1] INFO  impl.RaftServerImpl (RaftServerImpl.java:<init>(98)) - 59783a08-ab51-4d4e-adcd-f2b6c822d111: new RaftServerImpl for group-7A1CBDD9AB97:[b5a7f023-8b73-4a62-84e8-4b8f9660176b:192.168.69.127:38255, 59783a08-ab51-4d4e-adcd-f2b6c822d111:192.168.69.127:34175, c84769a5-5029-4162-884c-744c5b18280b:192.168.69.127:36211] with ContainerStateMachine:uninitialized
2019-11-15 21:05:17,678 [pool-47-thread-1] INFO  server.RaftServerConfigKeys (ConfUtils.java:logGet(43)) - raft.server.rpc.timeout.min = 5s (custom)
2019-11-15 21:05:17,678 [pool-47-thread-1] INFO  server.RaftServerConfigKeys (ConfUtils.java:logGet(43)) - raft.server.rpc.timeout.max = 5200ms (custom)
2019-11-15 21:05:17,678 [pool-47-thread-1] INFO  server.RaftServerConfigKeys (ConfUtils.java:logGet(43)) - raft.server.rpcslowness.timeout = 120s (custom)
2019-11-15 21:05:17,678 [pool-47-thread-1] INFO  server.RaftServerConfigKeys (ConfUtils.java:logGet(43)) - raft.server.sleep.deviation.threshold = 300 (default)
2019-11-15 21:05:17,678 [pool-47-thread-1] INFO  server.RaftServerConfigKeys (ConfUtils.java:logGet(43)) - raft.server.log.appender.install.snapshot.enabled = false (custom)
2019-11-15 21:05:17,678 [pool-47-thread-1] INFO  impl.RaftServerImpl (ServerState.java:<init>(103)) - 59783a08-ab51-4d4e-adcd-f2b6c822d111@group-7A1CBDD9AB97: ConfigurationManager, init=-1: [b5a7f023-8b73-4a62-84e8-4b8f9660176b:192.168.69.127:38255, 59783a08-ab51-4d4e-adcd-f2b6c822d111:192.168.69.127:34175, c84769a5-5029-4162-884c-744c5b18280b:192.168.69.127:36211], old=null, confs=<EMPTY_MAP>
2019-11-15 21:05:17,678 [pool-37-thread-1] INFO  impl.RaftServerImpl (RaftServerImpl.java:<init>(98)) - c84769a5-5029-4162-884c-744c5b18280b: new RaftServerImpl for group-7A1CBDD9AB97:[b5a7f023-8b73-4a62-84e8-4b8f9660176b:192.168.69.127:38255, 59783a08-ab51-4d4e-adcd-f2b6c822d111:192.168.69.127:34175, c84769a5-5029-4162-884c-744c5b18280b:192.168.69.127:36211] with ContainerStateMachine:uninitialized
2019-11-15 21:05:17,678 [pool-47-thread-1] INFO  server.RaftServerConfigKeys (ConfUtils.java:logGet(43)) - raft.server.storage.dir = [/workdir/hadoop-ozone/tools/target/test-dir/MiniOzoneClusterImpl-4b950001-3d73-41a9-9137-e5c36aa9a7ef/datanode-2/data/ratis] (custom)
2019-11-15 21:05:17,679 [pool-37-thread-1] INFO  server.RaftServerConfigKeys (ConfUtils.java:logGet(43)) - raft.server.rpc.timeout.min = 5s (custom)
2019-11-15 21:05:17,679 [pool-37-thread-1] INFO  server.RaftServerConfigKeys (ConfUtils.java:logGet(43)) - raft.server.rpc.timeout.max = 5200ms (custom)
2019-11-15 21:05:17,679 [pool-47-thread-1] INFO  server.RaftServerConfigKeys (ConfUtils.java:logGet(43)) - raft.server.log.corruption.policy = EXCEPTION (default)
2019-11-15 21:05:17,679 [pool-37-thread-1] INFO  server.RaftServerConfigKeys (ConfUtils.java:logGet(43)) - raft.server.rpcslowness.timeout = 120s (custom)
2019-11-15 21:05:17,679 [pool-37-thread-1] INFO  server.RaftServerConfigKeys (ConfUtils.java:logGet(43)) - raft.server.sleep.deviation.threshold = 300 (default)
2019-11-15 21:05:17,679 [pool-47-thread-1] INFO  storage.RaftStorageDirectory (RaftStorageDirectory.java:analyzeStorage(246)) - The storage directory /workdir/hadoop-ozone/tools/target/test-dir/MiniOzoneClusterImpl-4b950001-3d73-41a9-9137-e5c36aa9a7ef/datanode-2/data/ratis/0fc58fb9-5495-4838-bad5-7a1cbdd9ab97 does not exist. Creating ...
2019-11-15 21:05:17,679 [pool-37-thread-1] INFO  server.RaftServerConfigKeys (ConfUtils.java:logGet(43)) - raft.server.log.appender.install.snapshot.enabled = false (custom)
2019-11-15 21:05:17,679 [pool-37-thread-1] INFO  impl.RaftServerImpl (ServerState.java:<init>(103)) - c84769a5-5029-4162-884c-744c5b18280b@group-7A1CBDD9AB97: ConfigurationManager, init=-1: [b5a7f023-8b73-4a62-84e8-4b8f9660176b:192.168.69.127:38255, 59783a08-ab51-4d4e-adcd-f2b6c822d111:192.168.69.127:34175, c84769a5-5029-4162-884c-744c5b18280b:192.168.69.127:36211], old=null, confs=<EMPTY_MAP>
2019-11-15 21:05:17,679 [pool-37-thread-1] INFO  server.RaftServerConfigKeys (ConfUtils.java:logGet(43)) - raft.server.storage.dir = [/workdir/hadoop-ozone/tools/target/test-dir/MiniOzoneClusterImpl-4b950001-3d73-41a9-9137-e5c36aa9a7ef/datanode-1/data/ratis] (custom)
2019-11-15 21:05:17,680 [pool-37-thread-1] INFO  server.RaftServerConfigKeys (ConfUtils.java:logGet(43)) - raft.server.log.corruption.policy = EXCEPTION (default)
2019-11-15 21:05:17,680 [pool-37-thread-1] INFO  storage.RaftStorageDirectory (RaftStorageDirectory.java:analyzeStorage(246)) - The storage directory /workdir/hadoop-ozone/tools/target/test-dir/MiniOzoneClusterImpl-4b950001-3d73-41a9-9137-e5c36aa9a7ef/datanode-1/data/ratis/0fc58fb9-5495-4838-bad5-7a1cbdd9ab97 does not exist. Creating ...
2019-11-15 21:05:17,693 [pool-47-thread-1] INFO  storage.RaftStorageDirectory (RaftStorageDirectory.java:tryLock(328)) - Lock on /workdir/hadoop-ozone/tools/target/test-dir/MiniOzoneClusterImpl-4b950001-3d73-41a9-9137-e5c36aa9a7ef/datanode-2/data/ratis/0fc58fb9-5495-4838-bad5-7a1cbdd9ab97/in_use.lock acquired by nodename 1350@pr-hdds-2509-hffwd-290017286
2019-11-15 21:05:17,693 [pool-37-thread-1] INFO  storage.RaftStorageDirectory (RaftStorageDirectory.java:tryLock(328)) - Lock on /workdir/hadoop-ozone/tools/target/test-dir/MiniOzoneClusterImpl-4b950001-3d73-41a9-9137-e5c36aa9a7ef/datanode-1/data/ratis/0fc58fb9-5495-4838-bad5-7a1cbdd9ab97/in_use.lock acquired by nodename 1350@pr-hdds-2509-hffwd-290017286
2019-11-15 21:05:17,708 [pool-47-thread-1] INFO  storage.RaftStorage (RaftStorage.java:format(84)) - Storage directory /workdir/hadoop-ozone/tools/target/test-dir/MiniOzoneClusterImpl-4b950001-3d73-41a9-9137-e5c36aa9a7ef/datanode-2/data/ratis/0fc58fb9-5495-4838-bad5-7a1cbdd9ab97 has been successfully formatted.
2019-11-15 21:05:17,708 [pool-37-thread-1] INFO  storage.RaftStorage (RaftStorage.java:format(84)) - Storage directory /workdir/hadoop-ozone/tools/target/test-dir/MiniOzoneClusterImpl-4b950001-3d73-41a9-9137-e5c36aa9a7ef/datanode-1/data/ratis/0fc58fb9-5495-4838-bad5-7a1cbdd9ab97 has been successfully formatted.
2019-11-15 21:05:17,708 [pool-47-thread-1] INFO  ratis.ContainerStateMachine (ContainerStateMachine.java:loadSnapshot(223)) - group-7A1CBDD9AB97: The snapshot info is null. Setting the last applied indexto:(t:0, i:~)
2019-11-15 21:05:17,708 [pool-47-thread-1] INFO  server.RaftServerConfigKeys (ConfUtils.java:logGet(43)) - raft.server.notification.no-leader.timeout = 120s (custom)
2019-11-15 21:05:17,708 [pool-37-thread-1] INFO  ratis.ContainerStateMachine (ContainerStateMachine.java:loadSnapshot(223)) - group-7A1CBDD9AB97: The snapshot info is null. Setting the last applied indexto:(t:0, i:~)
2019-11-15 21:05:17,708 [pool-47-thread-1] INFO  server.RaftServerConfigKeys (ConfUtils.java:logGet(43)) - raft.server.log.use.memory = false (default)
2019-11-15 21:05:17,708 [pool-37-thread-1] INFO  server.RaftServerConfigKeys (ConfUtils.java:logGet(43)) - raft.server.notification.no-leader.timeout = 120s (custom)
2019-11-15 21:05:17,708 [pool-47-thread-1] INFO  server.RaftServerConfigKeys (ConfUtils.java:logGet(43)) - raft.server.log.purge.gap = 1000000 (custom)
2019-11-15 21:05:17,709 [pool-37-thread-1] INFO  server.RaftServerConfigKeys (ConfUtils.java:logGet(43)) - raft.server.log.use.memory = false (default)
2019-11-15 21:05:17,709 [pool-47-thread-1] INFO  server.RaftServerConfigKeys (ConfUtils.java:logGet(43)) - raft.server.log.appender.buffer.byte-limit = 33554432 (custom)
2019-11-15 21:05:17,709 [pool-37-thread-1] INFO  server.RaftServerConfigKeys (ConfUtils.java:logGet(43)) - raft.server.log.purge.gap = 1000000 (custom)
2019-11-15 21:05:17,709 [pool-47-thread-1] INFO  server.RaftServerConfigKeys (ConfUtils.java:logGet(43)) - raft.server.log.segment.size.max = 1048576 (custom)
2019-11-15 21:05:17,709 [pool-37-thread-1] INFO  server.RaftServerConfigKeys (ConfUtils.java:logGet(43)) - raft.server.log.appender.buffer.byte-limit = 33554432 (custom)
2019-11-15 21:05:17,709 [pool-47-thread-1] INFO  server.RaftServerConfigKeys (ConfUtils.java:logGet(43)) - raft.server.log.segment.cache.num.max = 2 (custom)
2019-11-15 21:05:17,709 [pool-37-thread-1] INFO  server.RaftServerConfigKeys (ConfUtils.java:logGet(43)) - raft.server.log.segment.size.max = 1048576 (custom)
2019-11-15 21:05:17,709 [pool-47-thread-1] INFO  segmented.SegmentedRaftLogWorker (SegmentedRaftLogWorker.java:<init>(173)) - new 59783a08-ab51-4d4e-adcd-f2b6c822d111@group-7A1CBDD9AB97-SegmentedRaftLogWorker for RaftStorage:Storage Directory /workdir/hadoop-ozone/tools/target/test-dir/MiniOzoneClusterImpl-4b950001-3d73-41a9-9137-e5c36aa9a7ef/datanode-2/data/ratis/0fc58fb9-5495-4838-bad5-7a1cbdd9ab97
2019-11-15 21:05:17,709 [pool-37-thread-1] INFO  server.RaftServerConfigKeys (ConfUtils.java:logGet(43)) - raft.server.log.segment.cache.num.max = 2 (custom)
2019-11-15 21:05:17,709 [pool-47-thread-1] INFO  server.RaftServerConfigKeys (ConfUtils.java:logGet(43)) - raft.server.log.queue.byte-limit = 2147483647 (custom)
2019-11-15 21:05:17,710 [pool-37-thread-1] INFO  segmented.SegmentedRaftLogWorker (SegmentedRaftLogWorker.java:<init>(173)) - new c84769a5-5029-4162-884c-744c5b18280b@group-7A1CBDD9AB97-SegmentedRaftLogWorker for RaftStorage:Storage Directory /workdir/hadoop-ozone/tools/target/test-dir/MiniOzoneClusterImpl-4b950001-3d73-41a9-9137-e5c36aa9a7ef/datanode-1/data/ratis/0fc58fb9-5495-4838-bad5-7a1cbdd9ab97
2019-11-15 21:05:17,710 [pool-47-thread-1] INFO  server.RaftServerConfigKeys (ConfUtils.java:logGet(43)) - raft.server.log.queue.element-limit = 1024 (custom)
2019-11-15 21:05:17,710 [pool-37-thread-1] INFO  server.RaftServerConfigKeys (ConfUtils.java:logGet(43)) - raft.server.log.queue.byte-limit = 2147483647 (custom)
2019-11-15 21:05:17,710 [pool-47-thread-1] INFO  server.RaftServerConfigKeys (ConfUtils.java:logGet(43)) - raft.server.log.segment.size.max = 1048576 (custom)
2019-11-15 21:05:17,710 [pool-37-thread-1] INFO  server.RaftServerConfigKeys (ConfUtils.java:logGet(43)) - raft.server.log.queue.element-limit = 1024 (custom)
2019-11-15 21:05:17,710 [pool-47-thread-1] INFO  server.RaftServerConfigKeys (ConfUtils.java:logGet(43)) - raft.server.log.preallocated.size = 16384 (custom)
2019-11-15 21:05:17,710 [pool-37-thread-1] INFO  server.RaftServerConfigKeys (ConfUtils.java:logGet(43)) - raft.server.log.segment.size.max = 1048576 (custom)
2019-11-15 21:05:17,710 [pool-47-thread-1] INFO  server.RaftServerConfigKeys (ConfUtils.java:logGet(43)) - raft.server.log.write.buffer.size = 33554432 (custom)
2019-11-15 21:05:17,710 [pool-37-thread-1] INFO  server.RaftServerConfigKeys (ConfUtils.java:logGet(43)) - raft.server.log.preallocated.size = 16384 (custom)
2019-11-15 21:05:17,710 [pool-47-thread-1] INFO  server.RaftServerConfigKeys (ConfUtils.java:logGet(43)) - raft.server.log.force.sync.num = 128 (default)
2019-11-15 21:05:17,711 [pool-37-thread-1] INFO  server.RaftServerConfigKeys (ConfUtils.java:logGet(43)) - raft.server.log.write.buffer.size = 33554432 (custom)
2019-11-15 21:05:17,711 [pool-47-thread-1] INFO  server.RaftServerConfigKeys (ConfUtils.java:logGet(43)) - raft.server.log.statemachine.data.sync = true (default)
2019-11-15 21:05:17,711 [pool-37-thread-1] INFO  server.RaftServerConfigKeys (ConfUtils.java:logGet(43)) - raft.server.log.force.sync.num = 128 (default)
2019-11-15 21:05:17,711 [pool-47-thread-1] INFO  server.RaftServerConfigKeys (ConfUtils.java:logGet(43)) - raft.server.log.statemachine.data.sync.timeout = 10s (default)
2019-11-15 21:05:17,711 [pool-37-thread-1] INFO  server.RaftServerConfigKeys (ConfUtils.java:logGet(43)) - raft.server.log.statemachine.data.sync = true (default)
2019-11-15 21:05:17,711 [pool-47-thread-1] INFO  server.RaftServerConfigKeys (ConfUtils.java:logGet(43)) - raft.server.log.statemachine.data.sync.timeout.retry = -1 (default)
2019-11-15 21:05:17,711 [pool-37-thread-1] INFO  server.RaftServerConfigKeys (ConfUtils.java:logGet(43)) - raft.server.log.statemachine.data.sync.timeout = 10s (default)
2019-11-15 21:05:17,712 [pool-47-thread-1] INFO  server.RaftServerConfigKeys (ConfUtils.java:logGet(43)) - raft.server.log.statemachine.data.caching.enabled = true (custom)
2019-11-15 21:05:17,712 [pool-37-thread-1] INFO  server.RaftServerConfigKeys (ConfUtils.java:logGet(43)) - raft.server.log.statemachine.data.sync.timeout.retry = -1 (default)
2019-11-15 21:05:17,712 [pool-47-thread-1] INFO  segmented.SegmentedRaftLogWorker (SegmentedRaftLogWorker.java:lambda$new$0(128)) - 59783a08-ab51-4d4e-adcd-f2b6c822d111@group-7A1CBDD9AB97-SegmentedRaftLogWorker: flushIndex: setUnconditionally 0 -> -1
2019-11-15 21:05:17,712 [pool-37-thread-1] INFO  server.RaftServerConfigKeys (ConfUtils.java:logGet(43)) - raft.server.log.statemachine.data.caching.enabled = true (custom)
2019-11-15 21:05:17,712 [pool-47-thread-1] INFO  server.RaftServerConfigKeys (ConfUtils.java:logGet(43)) - raft.server.snapshot.auto.trigger.enabled = true (custom)
2019-11-15 21:05:17,712 [pool-47-thread-1] INFO  server.RaftServerConfigKeys (ConfUtils.java:logGet(43)) - raft.server.snapshot.auto.trigger.threshold = 10000 (custom)
2019-11-15 21:05:17,712 [pool-37-thread-1] INFO  segmented.SegmentedRaftLogWorker (SegmentedRaftLogWorker.java:lambda$new$0(128)) - c84769a5-5029-4162-884c-744c5b18280b@group-7A1CBDD9AB97-SegmentedRaftLogWorker: flushIndex: setUnconditionally 0 -> -1
2019-11-15 21:05:17,712 [pool-47-thread-1] INFO  server.RaftServerConfigKeys (ConfUtils.java:logGet(43)) - raft.server.snapshot.retention.file.num = 5 (custom)
2019-11-15 21:05:17,713 [pool-47-thread-1] INFO  server.RaftServerConfigKeys (ConfUtils.java:logGet(43)) - raft.server.retrycache.expirytime = 600000ms (custom)
2019-11-15 21:05:17,713 [pool-37-thread-1] INFO  server.RaftServerConfigKeys (ConfUtils.java:logGet(43)) - raft.server.snapshot.auto.trigger.enabled = true (custom)
2019-11-15 21:05:17,713 [pool-47-thread-1] WARN  impl.MetricRegistriesImpl (MetricRegistriesImpl.java:lambda$create$1(61)) - First MetricRegistry has been created without registering reporters. You may need to call MetricRegistries.global().addReportRegistration(...) before.
2019-11-15 21:05:17,713 [pool-37-thread-1] INFO  server.RaftServerConfigKeys (ConfUtils.java:logGet(43)) - raft.server.snapshot.auto.trigger.threshold = 10000 (custom)
2019-11-15 21:05:17,713 [pool-47-thread-1] WARN  impl.MetricRegistriesImpl (MetricRegistriesImpl.java:lambda$create$1(61)) - First MetricRegistry has been created without registering reporters. You may need to call MetricRegistries.global().addReportRegistration(...) before.
2019-11-15 21:05:17,713 [pool-37-thread-1] INFO  server.RaftServerConfigKeys (ConfUtils.java:logGet(43)) - raft.server.snapshot.retention.file.num = 5 (custom)
2019-11-15 21:05:17,713 [pool-47-thread-1] INFO  impl.RaftServerImpl (RaftServerImpl.java:start(184)) - 59783a08-ab51-4d4e-adcd-f2b6c822d111@group-7A1CBDD9AB97: start as a follower, conf=-1: [b5a7f023-8b73-4a62-84e8-4b8f9660176b:192.168.69.127:38255, 59783a08-ab51-4d4e-adcd-f2b6c822d111:192.168.69.127:34175, c84769a5-5029-4162-884c-744c5b18280b:192.168.69.127:36211], old=null
2019-11-15 21:05:17,713 [pool-37-thread-1] INFO  server.RaftServerConfigKeys (ConfUtils.java:logGet(43)) - raft.server.retrycache.expirytime = 600000ms (custom)
2019-11-15 21:05:17,713 [pool-47-thread-1] INFO  impl.RaftServerImpl (RaftServerImpl.java:setRole(173)) - 59783a08-ab51-4d4e-adcd-f2b6c822d111@group-7A1CBDD9AB97: changes role from      null to FOLLOWER at term 0 for startAsFollower
2019-11-15 21:05:17,714 [pool-37-thread-1] WARN  impl.MetricRegistriesImpl (MetricRegistriesImpl.java:lambda$create$1(61)) - First MetricRegistry has been created without registering reporters. You may need to call MetricRegistries.global().addReportRegistration(...) before.
2019-11-15 21:05:17,714 [pool-47-thread-1] INFO  impl.RoleInfo (RoleInfo.java:updateAndGet(143)) - 59783a08-ab51-4d4e-adcd-f2b6c822d111: start FollowerState
2019-11-15 21:05:17,714 [pool-37-thread-1] WARN  impl.MetricRegistriesImpl (MetricRegistriesImpl.java:lambda$create$1(61)) - First MetricRegistry has been created without registering reporters. You may need to call MetricRegistries.global().addReportRegistration(...) before.
2019-11-15 21:05:17,714 [pool-37-thread-1] INFO  impl.RaftServerImpl (RaftServerImpl.java:start(184)) - c84769a5-5029-4162-884c-744c5b18280b@group-7A1CBDD9AB97: start as a follower, conf=-1: [b5a7f023-8b73-4a62-84e8-4b8f9660176b:192.168.69.127:38255, 59783a08-ab51-4d4e-adcd-f2b6c822d111:192.168.69.127:34175, c84769a5-5029-4162-884c-744c5b18280b:192.168.69.127:36211], old=null
2019-11-15 21:05:17,714 [pool-47-thread-1] INFO  util.JmxRegister (JmxRegister.java:tryRegister(44)) - Successfully registered JMX Bean with object name Ratis:service=RaftServer,group=group-7A1CBDD9AB97,id=59783a08-ab51-4d4e-adcd-f2b6c822d111
2019-11-15 21:05:17,714 [pool-37-thread-1] INFO  impl.RaftServerImpl (RaftServerImpl.java:setRole(173)) - c84769a5-5029-4162-884c-744c5b18280b@group-7A1CBDD9AB97: changes role from      null to FOLLOWER at term 0 for startAsFollower
2019-11-15 21:05:17,714 [pool-47-thread-1] WARN  impl.MetricRegistriesImpl (MetricRegistriesImpl.java:lambda$create$1(61)) - First MetricRegistry has been created without registering reporters. You may need to call MetricRegistries.global().addReportRegistration(...) before.
2019-11-15 21:05:17,714 [pool-37-thread-1] INFO  impl.RoleInfo (RoleInfo.java:updateAndGet(143)) - c84769a5-5029-4162-884c-744c5b18280b: start FollowerState
2019-11-15 21:05:17,715 [Command processor thread] INFO  commandhandler.CreatePipelineCommandHandler (CreatePipelineCommandHandler.java:handle(86)) - Create Pipeline RATIS THREE #id: "0fc58fb9-5495-4838-bad5-7a1cbdd9ab97"
 command succeed on datanode 59783a08-ab51-4d4e-adcd-f2b6c822d111.
2019-11-15 21:05:17,715 [pool-37-thread-1] INFO  util.JmxRegister (JmxRegister.java:tryRegister(44)) - Successfully registered JMX Bean with object name Ratis:service=RaftServer,group=group-7A1CBDD9AB97,id=c84769a5-5029-4162-884c-744c5b18280b
2019-11-15 21:05:17,715 [pool-37-thread-1] WARN  impl.MetricRegistriesImpl (MetricRegistriesImpl.java:lambda$create$1(61)) - First MetricRegistry has been created without registering reporters. You may need to call MetricRegistries.global().addReportRegistration(...) before.
2019-11-15 21:05:17,715 [Command processor thread] INFO  commandhandler.CreatePipelineCommandHandler (CreatePipelineCommandHandler.java:handle(86)) - Create Pipeline RATIS THREE #id: "0fc58fb9-5495-4838-bad5-7a1cbdd9ab97"
 command succeed on datanode c84769a5-5029-4162-884c-744c5b18280b.
2019-11-15 21:05:17,716 [EventQueue-PipelineReportForPipelineReportHandler] INFO  pipeline.PipelineReportHandler (PipelineReportHandler.java:processPipelineReport(113)) - Pipeline THREE PipelineID=0fc58fb9-5495-4838-bad5-7a1cbdd9ab97 reported by 59783a08-ab51-4d4e-adcd-f2b6c822d111{ip: 192.168.69.127, host: pr-hdds-2509-hffwd-290017286, networkLocation: /default-rack, certSerialId: null}
2019-11-15 21:05:17,717 [EventQueue-PipelineReportForPipelineReportHandler] INFO  pipeline.PipelineReportHandler (PipelineReportHandler.java:processPipelineReport(113)) - Pipeline THREE PipelineID=0fc58fb9-5495-4838-bad5-7a1cbdd9ab97 reported by c84769a5-5029-4162-884c-744c5b18280b{ip: 192.168.69.127, host: pr-hdds-2509-hffwd-290017286, networkLocation: /default-rack, certSerialId: null}
2019-11-15 21:05:18,444 [Command processor thread] INFO  impl.RaftServerProxy (RaftServerProxy.java:remove(95)) - b5a7f023-8b73-4a62-84e8-4b8f9660176b: remove  FOLLOWER b5a7f023-8b73-4a62-84e8-4b8f9660176b@group-C88F894DBF12:t2, leader=59783a08-ab51-4d4e-adcd-f2b6c822d111, voted=b5a7f023-8b73-4a62-84e8-4b8f9660176b, raftlog=b5a7f023-8b73-4a62-84e8-4b8f9660176b@group-C88F894DBF12-SegmentedRaftLog:OPENED:c78,f78,i78, conf=0: [b5a7f023-8b73-4a62-84e8-4b8f9660176b:192.168.69.127:38255, 59783a08-ab51-4d4e-adcd-f2b6c822d111:192.168.69.127:34175, c84769a5-5029-4162-884c-744c5b18280b:192.168.69.127:36211], old=null RUNNING
2019-11-15 21:05:18,445 [Command processor thread] INFO  impl.RaftServerImpl (RaftServerImpl.java:lambda$shutdown$3(250)) - b5a7f023-8b73-4a62-84e8-4b8f9660176b@group-C88F894DBF12: shutdown
2019-11-15 21:05:18,445 [Command processor thread] INFO  util.JmxRegister (JmxRegister.java:unregister(73)) - Successfully un-registered JMX Bean with object name Ratis:service=RaftServer,group=group-C88F894DBF12,id=b5a7f023-8b73-4a62-84e8-4b8f9660176b
2019-11-15 21:05:18,445 [Command processor thread] INFO  impl.RoleInfo (RoleInfo.java:shutdownFollowerState(121)) - b5a7f023-8b73-4a62-84e8-4b8f9660176b: shutdown FollowerState
2019-11-15 21:05:18,446 [Command processor thread] INFO  impl.StateMachineUpdater (StateMachineUpdater.java:stopAndJoin(136)) - b5a7f023-8b73-4a62-84e8-4b8f9660176b@group-C88F894DBF12-StateMachineUpdater: set stopIndex = 78
2019-11-15 21:05:18,446 [b5a7f023-8b73-4a62-84e8-4b8f9660176b@group-C88F894DBF12-StateMachineUpdater] INFO  ratis.ContainerStateMachine (ContainerStateMachine.java:takeSnapshot(285)) - group-C88F894DBF12: Taking a snapshot at:(t:2, i:76) file /workdir/hadoop-ozone/tools/target/test-dir/MiniOzoneClusterImpl-4b950001-3d73-41a9-9137-e5c36aa9a7ef/datanode-0/data/ratis/ccfb41d2-a10b-4ee5-9f60-c88f894dbf12/sm/snapshot.2_76
2019-11-15 21:05:18,446 [Thread-222] INFO  impl.FollowerState (FollowerState.java:run(120)) - b5a7f023-8b73-4a62-84e8-4b8f9660176b@group-C88F894DBF12-FollowerState was interrupted: java.lang.InterruptedException: sleep interrupted
2019-11-15 21:05:18,470 [b5a7f023-8b73-4a62-84e8-4b8f9660176b@group-C88F894DBF12-StateMachineUpdater] INFO  ratis.ContainerStateMachine (ContainerStateMachine.java:takeSnapshot(296)) - group-C88F894DBF12: Finished taking a snapshot at:(t:2, i:76) file:/workdir/hadoop-ozone/tools/target/test-dir/MiniOzoneClusterImpl-4b950001-3d73-41a9-9137-e5c36aa9a7ef/datanode-0/data/ratis/ccfb41d2-a10b-4ee5-9f60-c88f894dbf12/sm/snapshot.2_76 time:25
2019-11-15 21:05:18,471 [b5a7f023-8b73-4a62-84e8-4b8f9660176b@group-C88F894DBF12-StateMachineUpdater] INFO  impl.StateMachineUpdater (StateMachineUpdater.java:takeSnapshot(269)) - b5a7f023-8b73-4a62-84e8-4b8f9660176b@group-C88F894DBF12-StateMachineUpdater: Took a snapshot at index 76
2019-11-15 21:05:18,471 [b5a7f023-8b73-4a62-84e8-4b8f9660176b@group-C88F894DBF12-StateMachineUpdater] INFO  impl.StateMachineUpdater (StateMachineUpdater.java:lambda$new$0(84)) - b5a7f023-8b73-4a62-84e8-4b8f9660176b@group-C88F894DBF12-StateMachineUpdater: snapshotIndex: updateIncreasingly -1 -> 76
2019-11-15 21:05:18,471 [b5a7f023-8b73-4a62-84e8-4b8f9660176b@group-C88F894DBF12-StateMachineUpdater] INFO  ratis.ContainerStateMachine (ContainerStateMachine.java:takeSnapshot(285)) - group-C88F894DBF12: Taking a snapshot at:(t:2, i:76) file /workdir/hadoop-ozone/tools/target/test-dir/MiniOzoneClusterImpl-4b950001-3d73-41a9-9137-e5c36aa9a7ef/datanode-0/data/ratis/ccfb41d2-a10b-4ee5-9f60-c88f894dbf12/sm/snapshot.2_76
2019-11-15 21:05:18,495 [b5a7f023-8b73-4a62-84e8-4b8f9660176b@group-C88F894DBF12-StateMachineUpdater] INFO  ratis.ContainerStateMachine (ContainerStateMachine.java:takeSnapshot(296)) - group-C88F894DBF12: Finished taking a snapshot at:(t:2, i:76) file:/workdir/hadoop-ozone/tools/target/test-dir/MiniOzoneClusterImpl-4b950001-3d73-41a9-9137-e5c36aa9a7ef/datanode-0/data/ratis/ccfb41d2-a10b-4ee5-9f60-c88f894dbf12/sm/snapshot.2_76 time:23
2019-11-15 21:05:18,495 [b5a7f023-8b73-4a62-84e8-4b8f9660176b@group-C88F894DBF12-StateMachineUpdater] INFO  impl.StateMachineUpdater (StateMachineUpdater.java:takeSnapshot(269)) - b5a7f023-8b73-4a62-84e8-4b8f9660176b@group-C88F894DBF12-StateMachineUpdater: Took a snapshot at index 76
2019-11-15 21:05:18,495 [b5a7f023-8b73-4a62-84e8-4b8f9660176b@group-C88F894DBF12-StateMachineUpdater] INFO  impl.StateMachineUpdater (StateMachineUpdater.java:lambda$new$0(84)) - b5a7f023-8b73-4a62-84e8-4b8f9660176b@group-C88F894DBF12-StateMachineUpdater: snapshotIndex: updateIncreasingly 76 -> 76
2019-11-15 21:05:18,496 [Command processor thread] INFO  impl.RaftServerImpl (ServerState.java:close(387)) - b5a7f023-8b73-4a62-84e8-4b8f9660176b@group-C88F894DBF12: closes. applyIndex: 78
2019-11-15 21:05:18,497 [b5a7f023-8b73-4a62-84e8-4b8f9660176b@group-C88F894DBF12-SegmentedRaftLogWorker] INFO  segmented.SegmentedRaftLogWorker (SegmentedRaftLogWorker.java:run(316)) - b5a7f023-8b73-4a62-84e8-4b8f9660176b@group-C88F894DBF12-SegmentedRaftLogWorker was interrupted, exiting. There are 0 tasks remaining in the queue.
2019-11-15 21:05:18,499 [Command processor thread] INFO  segmented.SegmentedRaftLogWorker (SegmentedRaftLogWorker.java:close(224)) - b5a7f023-8b73-4a62-84e8-4b8f9660176b@group-C88F894DBF12-SegmentedRaftLogWorker close()
2019-11-15 21:05:18,542 [Command processor thread] INFO  interfaces.Container (KeyValueContainer.java:flushAndSyncDB(400)) - Container 1 is synced with bcsId 60.
2019-11-15 21:05:18,542 [Command processor thread] INFO  interfaces.Container (KeyValueContainer.java:flushAndSyncDB(400)) - Container 1 is synced with bcsId 60.
 0.00% |?                                                                                                    |  0/1 Time: 0:00:032019-11-15 21:05:18,573 [Command processor thread] INFO  interfaces.Container (KeyValueContainer.java:flushAndSyncDB(400)) - Container 2 is synced with bcsId 76.
2019-11-15 21:05:18,574 [Command processor thread] INFO  interfaces.Container (KeyValueContainer.java:flushAndSyncDB(400)) - Container 2 is synced with bcsId 76.
2019-11-15 21:05:18,605 [Command processor thread] INFO  interfaces.Container (KeyValueContainer.java:flushAndSyncDB(400)) - Container 3 is synced with bcsId 42.
2019-11-15 21:05:18,606 [Command processor thread] INFO  interfaces.Container (KeyValueContainer.java:flushAndSyncDB(400)) - Container 3 is synced with bcsId 42.
2019-11-15 21:05:18,620 [Command processor thread] INFO  commandhandler.ClosePipelineCommandHandler (ClosePipelineCommandHandler.java:handle(78)) - Close Pipeline #id: "ccfb41d2-a10b-4ee5-9f60-c88f894dbf12"
 command on datanode #b5a7f023-8b73-4a62-84e8-4b8f9660176b.
2019-11-15 21:05:18,621 [Command processor thread] INFO  impl.RaftServerProxy (RaftServerProxy.java:addNew(89)) - b5a7f023-8b73-4a62-84e8-4b8f9660176b: addNew group-7A1CBDD9AB97:[b5a7f023-8b73-4a62-84e8-4b8f9660176b:192.168.69.127:38255, 59783a08-ab51-4d4e-adcd-f2b6c822d111:192.168.69.127:34175, c84769a5-5029-4162-884c-744c5b18280b:192.168.69.127:36211] returns group-7A1CBDD9AB97:java.util.concurrent.CompletableFuture@355e88d[Not completed]
2019-11-15 21:05:18,623 [pool-27-thread-1] INFO  impl.RaftServerImpl (RaftServerImpl.java:<init>(98)) - b5a7f023-8b73-4a62-84e8-4b8f9660176b: new RaftServerImpl for group-7A1CBDD9AB97:[b5a7f023-8b73-4a62-84e8-4b8f9660176b:192.168.69.127:38255, 59783a08-ab51-4d4e-adcd-f2b6c822d111:192.168.69.127:34175, c84769a5-5029-4162-884c-744c5b18280b:192.168.69.127:36211] with ContainerStateMachine:uninitialized
2019-11-15 21:05:18,623 [pool-27-thread-1] INFO  server.RaftServerConfigKeys (ConfUtils.java:logGet(43)) - raft.server.rpc.timeout.min = 5s (custom)
2019-11-15 21:05:18,624 [pool-27-thread-1] INFO  server.RaftServerConfigKeys (ConfUtils.java:logGet(43)) - raft.server.rpc.timeout.max = 5200ms (custom)
2019-11-15 21:05:18,624 [pool-27-thread-1] INFO  server.RaftServerConfigKeys (ConfUtils.java:logGet(43)) - raft.server.rpcslowness.timeout = 120s (custom)
2019-11-15 21:05:18,624 [pool-27-thread-1] INFO  server.RaftServerConfigKeys (ConfUtils.java:logGet(43)) - raft.server.sleep.deviation.threshold = 300 (default)
2019-11-15 21:05:18,624 [pool-27-thread-1] INFO  server.RaftServerConfigKeys (ConfUtils.java:logGet(43)) - raft.server.log.appender.install.snapshot.enabled = false (custom)
2019-11-15 21:05:18,624 [pool-27-thread-1] INFO  impl.RaftServerImpl (ServerState.java:<init>(103)) - b5a7f023-8b73-4a62-84e8-4b8f9660176b@group-7A1CBDD9AB97: ConfigurationManager, init=-1: [b5a7f023-8b73-4a62-84e8-4b8f9660176b:192.168.69.127:38255, 59783a08-ab51-4d4e-adcd-f2b6c822d111:192.168.69.127:34175, c84769a5-5029-4162-884c-744c5b18280b:192.168.69.127:36211], old=null, confs=<EMPTY_MAP>
2019-11-15 21:05:18,624 [pool-27-thread-1] INFO  server.RaftServerConfigKeys (ConfUtils.java:logGet(43)) - raft.server.storage.dir = [/workdir/hadoop-ozone/tools/target/test-dir/MiniOzoneClusterImpl-4b950001-3d73-41a9-9137-e5c36aa9a7ef/datanode-0/data/ratis] (custom)
2019-11-15 21:05:18,625 [pool-27-thread-1] INFO  server.RaftServerConfigKeys (ConfUtils.java:logGet(43)) - raft.server.log.corruption.policy = EXCEPTION (default)
2019-11-15 21:05:18,625 [pool-27-thread-1] INFO  storage.RaftStorageDirectory (RaftStorageDirectory.java:analyzeStorage(246)) - The storage directory /workdir/hadoop-ozone/tools/target/test-dir/MiniOzoneClusterImpl-4b950001-3d73-41a9-9137-e5c36aa9a7ef/datanode-0/data/ratis/0fc58fb9-5495-4838-bad5-7a1cbdd9ab97 does not exist. Creating ...
2019-11-15 21:05:18,638 [pool-27-thread-1] INFO  storage.RaftStorageDirectory (RaftStorageDirectory.java:tryLock(328)) - Lock on /workdir/hadoop-ozone/tools/target/test-dir/MiniOzoneClusterImpl-4b950001-3d73-41a9-9137-e5c36aa9a7ef/datanode-0/data/ratis/0fc58fb9-5495-4838-bad5-7a1cbdd9ab97/in_use.lock acquired by nodename 1350@pr-hdds-2509-hffwd-290017286
2019-11-15 21:05:18,652 [pool-27-thread-1] INFO  storage.RaftStorage (RaftStorage.java:format(84)) - Storage directory /workdir/hadoop-ozone/tools/target/test-dir/MiniOzoneClusterImpl-4b950001-3d73-41a9-9137-e5c36aa9a7ef/datanode-0/data/ratis/0fc58fb9-5495-4838-bad5-7a1cbdd9ab97 has been successfully formatted.
2019-11-15 21:05:18,652 [pool-27-thread-1] INFO  ratis.ContainerStateMachine (ContainerStateMachine.java:loadSnapshot(223)) - group-7A1CBDD9AB97: The snapshot info is null. Setting the last applied indexto:(t:0, i:~)
2019-11-15 21:05:18,652 [pool-27-thread-1] INFO  server.RaftServerConfigKeys (ConfUtils.java:logGet(43)) - raft.server.notification.no-leader.timeout = 120s (custom)
2019-11-15 21:05:18,652 [pool-27-thread-1] INFO  server.RaftServerConfigKeys (ConfUtils.java:logGet(43)) - raft.server.log.use.memory = false (default)
2019-11-15 21:05:18,652 [pool-27-thread-1] INFO  server.RaftServerConfigKeys (ConfUtils.java:logGet(43)) - raft.server.log.purge.gap = 1000000 (custom)
2019-11-15 21:05:18,652 [pool-27-thread-1] INFO  server.RaftServerConfigKeys (ConfUtils.java:logGet(43)) - raft.server.log.appender.buffer.byte-limit = 33554432 (custom)
2019-11-15 21:05:18,653 [pool-27-thread-1] INFO  server.RaftServerConfigKeys (ConfUtils.java:logGet(43)) - raft.server.log.segment.size.max = 1048576 (custom)
2019-11-15 21:05:18,653 [pool-27-thread-1] INFO  server.RaftServerConfigKeys (ConfUtils.java:logGet(43)) - raft.server.log.segment.cache.num.max = 2 (custom)
2019-11-15 21:05:18,653 [pool-27-thread-1] INFO  segmented.SegmentedRaftLogWorker (SegmentedRaftLogWorker.java:<init>(173)) - new b5a7f023-8b73-4a62-84e8-4b8f9660176b@group-7A1CBDD9AB97-SegmentedRaftLogWorker for RaftStorage:Storage Directory /workdir/hadoop-ozone/tools/target/test-dir/MiniOzoneClusterImpl-4b950001-3d73-41a9-9137-e5c36aa9a7ef/datanode-0/data/ratis/0fc58fb9-5495-4838-bad5-7a1cbdd9ab97
2019-11-15 21:05:18,653 [pool-27-thread-1] INFO  server.RaftServerConfigKeys (ConfUtils.java:logGet(43)) - raft.server.log.queue.byte-limit = 2147483647 (custom)
2019-11-15 21:05:18,653 [pool-27-thread-1] INFO  server.RaftServerConfigKeys (ConfUtils.java:logGet(43)) - raft.server.log.queue.element-limit = 1024 (custom)
2019-11-15 21:05:18,653 [pool-27-thread-1] INFO  server.RaftServerConfigKeys (ConfUtils.java:logGet(43)) - raft.server.log.segment.size.max = 1048576 (custom)
2019-11-15 21:05:18,653 [pool-27-thread-1] INFO  server.RaftServerConfigKeys (ConfUtils.java:logGet(43)) - raft.server.log.preallocated.size = 16384 (custom)
2019-11-15 21:05:18,654 [pool-27-thread-1] INFO  server.RaftServerConfigKeys (ConfUtils.java:logGet(43)) - raft.server.log.write.buffer.size = 33554432 (custom)
2019-11-15 21:05:18,654 [pool-27-thread-1] INFO  server.RaftServerConfigKeys (ConfUtils.java:logGet(43)) - raft.server.log.force.sync.num = 128 (default)
2019-11-15 21:05:18,654 [pool-27-thread-1] INFO  server.RaftServerConfigKeys (ConfUtils.java:logGet(43)) - raft.server.log.statemachine.data.sync = true (default)
2019-11-15 21:05:18,654 [pool-27-thread-1] INFO  server.RaftServerConfigKeys (ConfUtils.java:logGet(43)) - raft.server.log.statemachine.data.sync.timeout = 10s (default)
2019-11-15 21:05:18,654 [pool-27-thread-1] INFO  server.RaftServerConfigKeys (ConfUtils.java:logGet(43)) - raft.server.log.statemachine.data.sync.timeout.retry = -1 (default)
2019-11-15 21:05:18,654 [pool-27-thread-1] INFO  server.RaftServerConfigKeys (ConfUtils.java:logGet(43)) - raft.server.log.statemachine.data.caching.enabled = true (custom)
2019-11-15 21:05:18,655 [pool-27-thread-1] INFO  segmented.SegmentedRaftLogWorker (SegmentedRaftLogWorker.java:lambda$new$0(128)) - b5a7f023-8b73-4a62-84e8-4b8f9660176b@group-7A1CBDD9AB97-SegmentedRaftLogWorker: flushIndex: setUnconditionally 0 -> -1
2019-11-15 21:05:18,655 [pool-27-thread-1] INFO  server.RaftServerConfigKeys (ConfUtils.java:logGet(43)) - raft.server.snapshot.auto.trigger.enabled = true (custom)
2019-11-15 21:05:18,655 [pool-27-thread-1] INFO  server.RaftServerConfigKeys (ConfUtils.java:logGet(43)) - raft.server.snapshot.auto.trigger.threshold = 10000 (custom)
2019-11-15 21:05:18,655 [pool-27-thread-1] INFO  server.RaftServerConfigKeys (ConfUtils.java:logGet(43)) - raft.server.snapshot.retention.file.num = 5 (custom)
2019-11-15 21:05:18,655 [pool-27-thread-1] INFO  server.RaftServerConfigKeys (ConfUtils.java:logGet(43)) - raft.server.retrycache.expirytime = 600000ms (custom)
2019-11-15 21:05:18,656 [pool-27-thread-1] WARN  impl.MetricRegistriesImpl (MetricRegistriesImpl.java:lambda$create$1(61)) - First MetricRegistry has been created without registering reporters. You may need to call MetricRegistries.global().addReportRegistration(...) before.
2019-11-15 21:05:18,656 [pool-27-thread-1] WARN  impl.MetricRegistriesImpl (MetricRegistriesImpl.java:lambda$create$1(61)) - First MetricRegistry has been created without registering reporters. You may need to call MetricRegistries.global().addReportRegistration(...) before.
2019-11-15 21:05:18,656 [pool-27-thread-1] INFO  impl.RaftServerImpl (RaftServerImpl.java:start(184)) - b5a7f023-8b73-4a62-84e8-4b8f9660176b@group-7A1CBDD9AB97: start as a follower, conf=-1: [b5a7f023-8b73-4a62-84e8-4b8f9660176b:192.168.69.127:38255, 59783a08-ab51-4d4e-adcd-f2b6c822d111:192.168.69.127:34175, c84769a5-5029-4162-884c-744c5b18280b:192.168.69.127:36211], old=null
2019-11-15 21:05:18,656 [pool-27-thread-1] INFO  impl.RaftServerImpl (RaftServerImpl.java:setRole(173)) - b5a7f023-8b73-4a62-84e8-4b8f9660176b@group-7A1CBDD9AB97: changes role from      null to FOLLOWER at term 0 for startAsFollower
2019-11-15 21:05:18,656 [pool-27-thread-1] INFO  impl.RoleInfo (RoleInfo.java:updateAndGet(143)) - b5a7f023-8b73-4a62-84e8-4b8f9660176b: start FollowerState
2019-11-15 21:05:18,657 [pool-27-thread-1] INFO  util.JmxRegister (JmxRegister.java:tryRegister(44)) - Successfully registered JMX Bean with object name Ratis:service=RaftServer,group=group-7A1CBDD9AB97,id=b5a7f023-8b73-4a62-84e8-4b8f9660176b
2019-11-15 21:05:18,657 [pool-27-thread-1] WARN  impl.MetricRegistriesImpl (MetricRegistriesImpl.java:lambda$create$1(61)) - First MetricRegistry has been created without registering reporters. You may need to call MetricRegistries.global().addReportRegistration(...) before.
2019-11-15 21:05:18,657 [Command processor thread] INFO  commandhandler.CreatePipelineCommandHandler (CreatePipelineCommandHandler.java:handle(86)) - Create Pipeline RATIS THREE #id: "0fc58fb9-5495-4838-bad5-7a1cbdd9ab97"
 command succeed on datanode b5a7f023-8b73-4a62-84e8-4b8f9660176b.
2019-11-15 21:05:18,659 [EventQueue-PipelineReportForPipelineReportHandler] INFO  pipeline.PipelineReportHandler (PipelineReportHandler.java:processPipelineReport(113)) - Pipeline THREE PipelineID=0fc58fb9-5495-4838-bad5-7a1cbdd9ab97 reported by b5a7f023-8b73-4a62-84e8-4b8f9660176b{ip: 192.168.69.127, host: pr-hdds-2509-hffwd-290017286, networkLocation: /default-rack, certSerialId: null}
 0.00% |?                                                                                                    |  0/1 Time: 0:00:04 100.00% |?????????????????????????????????????????????????????????????????????????????????????????????????????|  1/1 Time: 0:00:05
2019-11-15 21:05:22,753 [Thread-474] INFO  impl.FollowerState (FollowerState.java:run(111)) - c84769a5-5029-4162-884c-744c5b18280b@group-7A1CBDD9AB97-FollowerState: change to CANDIDATE, lastRpcTime:5038ms, electionTimeout:5037ms
2019-11-15 21:05:22,754 [Thread-474] INFO  impl.RoleInfo (RoleInfo.java:shutdownFollowerState(121)) - c84769a5-5029-4162-884c-744c5b18280b: shutdown FollowerState
2019-11-15 21:05:22,754 [Thread-474] INFO  impl.RaftServerImpl (RaftServerImpl.java:setRole(173)) - c84769a5-5029-4162-884c-744c5b18280b@group-7A1CBDD9AB97: changes role from  FOLLOWER to CANDIDATE at term 0 for changeToCandidate
2019-11-15 21:05:22,754 [Thread-474] INFO  impl.RoleInfo (RoleInfo.java:updateAndGet(143)) - c84769a5-5029-4162-884c-744c5b18280b: start LeaderElection
2019-11-15 21:05:22,783 [c84769a5-5029-4162-884c-744c5b18280b@group-7A1CBDD9AB97-LeaderElection9] INFO  impl.LeaderElection (LeaderElection.java:askForVotes(178)) - c84769a5-5029-4162-884c-744c5b18280b@group-7A1CBDD9AB97-LeaderElection9: begin an election at term 1 for -1: [b5a7f023-8b73-4a62-84e8-4b8f9660176b:192.168.69.127:38255, 59783a08-ab51-4d4e-adcd-f2b6c822d111:192.168.69.127:34175, c84769a5-5029-4162-884c-744c5b18280b:192.168.69.127:36211], old=null
2019-11-15 21:05:22,796 [grpc-default-executor-3] INFO  impl.RaftServerImpl (RaftServerImpl.java:setRole(173)) - 59783a08-ab51-4d4e-adcd-f2b6c822d111@group-7A1CBDD9AB97: changes role from  FOLLOWER to FOLLOWER at term 1 for recognizeCandidate:c84769a5-5029-4162-884c-744c5b18280b
2019-11-15 21:05:22,796 [grpc-default-executor-0] INFO  impl.RaftServerImpl (RaftServerImpl.java:setRole(173)) - b5a7f023-8b73-4a62-84e8-4b8f9660176b@group-7A1CBDD9AB97: changes role from  FOLLOWER to FOLLOWER at term 1 for recognizeCandidate:c84769a5-5029-4162-884c-744c5b18280b
2019-11-15 21:05:22,796 [grpc-default-executor-3] INFO  impl.RoleInfo (RoleInfo.java:shutdownFollowerState(121)) - 59783a08-ab51-4d4e-adcd-f2b6c822d111: shutdown FollowerState
2019-11-15 21:05:22,796 [grpc-default-executor-0] INFO  impl.RoleInfo (RoleInfo.java:shutdownFollowerState(121)) - b5a7f023-8b73-4a62-84e8-4b8f9660176b: shutdown FollowerState
2019-11-15 21:05:22,797 [grpc-default-executor-3] INFO  impl.RoleInfo (RoleInfo.java:updateAndGet(143)) - 59783a08-ab51-4d4e-adcd-f2b6c822d111: start FollowerState
2019-11-15 21:05:22,797 [Thread-476] INFO  impl.FollowerState (FollowerState.java:run(120)) - b5a7f023-8b73-4a62-84e8-4b8f9660176b@group-7A1CBDD9AB97-FollowerState was interrupted: java.lang.InterruptedException: sleep interrupted
2019-11-15 21:05:22,797 [Thread-473] INFO  impl.FollowerState (FollowerState.java:run(120)) - 59783a08-ab51-4d4e-adcd-f2b6c822d111@group-7A1CBDD9AB97-FollowerState was interrupted: java.lang.InterruptedException: sleep interrupted
2019-11-15 21:05:22,797 [grpc-default-executor-0] INFO  impl.RoleInfo (RoleInfo.java:updateAndGet(143)) - b5a7f023-8b73-4a62-84e8-4b8f9660176b: start FollowerState
2019-11-15 21:05:22,809 [c84769a5-5029-4162-884c-744c5b18280b@group-7A1CBDD9AB97-LeaderElection9] INFO  impl.LeaderElection (LeaderElection.java:logAndReturn(56)) - c84769a5-5029-4162-884c-744c5b18280b@group-7A1CBDD9AB97-LeaderElection9: Election PASSED; received 1 response(s) [c84769a5-5029-4162-884c-744c5b18280b<-b5a7f023-8b73-4a62-84e8-4b8f9660176b#0:OK-t1] and 0 exception(s); c84769a5-5029-4162-884c-744c5b18280b@group-7A1CBDD9AB97:t1, leader=null, voted=c84769a5-5029-4162-884c-744c5b18280b, raftlog=c84769a5-5029-4162-884c-744c5b18280b@group-7A1CBDD9AB97-SegmentedRaftLog:OPENED:c-1,f-1,i0, conf=-1: [b5a7f023-8b73-4a62-84e8-4b8f9660176b:192.168.69.127:38255, 59783a08-ab51-4d4e-adcd-f2b6c822d111:192.168.69.127:34175, c84769a5-5029-4162-884c-744c5b18280b:192.168.69.127:36211], old=null
2019-11-15 21:05:22,810 [c84769a5-5029-4162-884c-744c5b18280b@group-7A1CBDD9AB97-LeaderElection9] INFO  impl.RoleInfo (RoleInfo.java:shutdownLeaderElection(134)) - c84769a5-5029-4162-884c-744c5b18280b: shutdown LeaderElection
2019-11-15 21:05:22,810 [c84769a5-5029-4162-884c-744c5b18280b@group-7A1CBDD9AB97-LeaderElection9] INFO  impl.RaftServerImpl (RaftServerImpl.java:setRole(173)) - c84769a5-5029-4162-884c-744c5b18280b@group-7A1CBDD9AB97: changes role from CANDIDATE to LEADER at term 1 for changeToLeader
2019-11-15 21:05:22,811 [c84769a5-5029-4162-884c-744c5b18280b@group-7A1CBDD9AB97-LeaderElection9] INFO  ratis.XceiverServerRatis (XceiverServerRatis.java:handleLeaderChangedNotification(733)) - Leader change notification received for group: group-7A1CBDD9AB97 with new leaderId: c84769a5-5029-4162-884c-744c5b18280b
2019-11-15 21:05:22,811 [c84769a5-5029-4162-884c-744c5b18280b@group-7A1CBDD9AB97-LeaderElection9] INFO  impl.RaftServerImpl (ServerState.java:setLeader(255)) - c84769a5-5029-4162-884c-744c5b18280b@group-7A1CBDD9AB97: change Leader from null to c84769a5-5029-4162-884c-744c5b18280b at term 1 for becomeLeader, leader elected after 5102ms
2019-11-15 21:05:22,811 [c84769a5-5029-4162-884c-744c5b18280b@group-7A1CBDD9AB97-LeaderElection9] INFO  server.RaftServerConfigKeys (ConfUtils.java:logGet(43)) - raft.server.staging.catchup.gap = 1000 (default)
2019-11-15 21:05:22,811 [c84769a5-5029-4162-884c-744c5b18280b@group-7A1CBDD9AB97-LeaderElection9] INFO  server.RaftServerConfigKeys (ConfUtils.java:logGet(43)) - raft.server.rpc.sleep.time = 25ms (default)
2019-11-15 21:05:22,812 [c84769a5-5029-4162-884c-744c5b18280b@group-7A1CBDD9AB97-LeaderElection9] INFO  server.RaftServerConfigKeys (ConfUtils.java:logGet(43)) - raft.server.write.element-limit = 4096 (default)
2019-11-15 21:05:22,812 [c84769a5-5029-4162-884c-744c5b18280b@group-7A1CBDD9AB97-LeaderElection9] INFO  server.RaftServerConfigKeys (ConfUtils.java:logGet(43)) - raft.server.watch.timeout = 10s (default)
2019-11-15 21:05:22,812 [c84769a5-5029-4162-884c-744c5b18280b@group-7A1CBDD9AB97-LeaderElection9] INFO  server.RaftServerConfigKeys (ConfUtils.java:logGet(43)) - raft.server.watch.timeout.denomination = 1s (default)
2019-11-15 21:05:22,812 [c84769a5-5029-4162-884c-744c5b18280b@group-7A1CBDD9AB97-LeaderElection9] INFO  server.RaftServerConfigKeys (ConfUtils.java:logGet(43)) - raft.server.watch.element-limit = 65536 (default)
2019-11-15 21:05:22,813 [c84769a5-5029-4162-884c-744c5b18280b@group-7A1CBDD9AB97-LeaderElection9] INFO  server.RaftServerConfigKeys (ConfUtils.java:logGet(43)) - raft.server.log.appender.snapshot.chunk.size.max = 16MB (=16777216) (default)
2019-11-15 21:05:22,813 [EventQueue-PipelineReportForPipelineReportHandler] INFO  pipeline.PipelineReportHandler (PipelineReportHandler.java:processPipelineReport(113)) - Pipeline THREE PipelineID=0fc58fb9-5495-4838-bad5-7a1cbdd9ab97 reported by c84769a5-5029-4162-884c-744c5b18280b{ip: 192.168.69.127, host: pr-hdds-2509-hffwd-290017286, networkLocation: /default-rack, certSerialId: null}
2019-11-15 21:05:22,813 [c84769a5-5029-4162-884c-744c5b18280b@group-7A1CBDD9AB97-LeaderElection9] INFO  server.RaftServerConfigKeys (ConfUtils.java:logGet(43)) - raft.server.log.appender.buffer.byte-limit = 33554432 (custom)
2019-11-15 21:05:22,814 [EventQueue-PipelineReportForPipelineReportHandler] INFO  pipeline.PipelineStateManager (PipelineStateManager.java:openPipeline(132)) - Pipeline Pipeline[ Id: 0fc58fb9-5495-4838-bad5-7a1cbdd9ab97, Nodes: 59783a08-ab51-4d4e-adcd-f2b6c822d111{ip: 192.168.69.127, host: pr-hdds-2509-hffwd-290017286, networkLocation: /default-rack, certSerialId: null}b5a7f023-8b73-4a62-84e8-4b8f9660176b{ip: 192.168.69.127, host: pr-hdds-2509-hffwd-290017286, networkLocation: /default-rack, certSerialId: null}c84769a5-5029-4162-884c-744c5b18280b{ip: 192.168.69.127, host: pr-hdds-2509-hffwd-290017286, networkLocation: /default-rack, certSerialId: null}, Type:RATIS, Factor:THREE, State:ALLOCATED] moved to OPEN state
2019-11-15 21:05:22,814 [c84769a5-5029-4162-884c-744c5b18280b@group-7A1CBDD9AB97-LeaderElection9] INFO  server.RaftServerConfigKeys (ConfUtils.java:logGet(43)) - raft.server.log.appender.buffer.element-limit = 1 (custom)
2019-11-15 21:05:22,814 [c84769a5-5029-4162-884c-744c5b18280b@group-7A1CBDD9AB97-LeaderElection9] INFO  grpc.GrpcConfigKeys$Server (ConfUtils.java:logGet(43)) - raft.grpc.server.leader.outstanding.appends.max = 128 (default)
2019-11-15 21:05:22,815 [c84769a5-5029-4162-884c-744c5b18280b@group-7A1CBDD9AB97-LeaderElection9] INFO  server.RaftServerConfigKeys (ConfUtils.java:logGet(43)) - raft.server.rpc.request.timeout = 3000ms (default)
2019-11-15 21:05:22,815 [c84769a5-5029-4162-884c-744c5b18280b@group-7A1CBDD9AB97-LeaderElection9] INFO  server.RaftServerConfigKeys (ConfUtils.java:logGet(43)) - raft.server.log.appender.install.snapshot.enabled = false (custom)
2019-11-15 21:05:22,815 [c84769a5-5029-4162-884c-744c5b18280b@group-7A1CBDD9AB97-LeaderElection9] WARN  impl.MetricRegistriesImpl (MetricRegistriesImpl.java:lambda$create$1(61)) - First MetricRegistry has been created without registering reporters. You may need to call MetricRegistries.global().addReportRegistration(...) before.
2019-11-15 21:05:22,815 [c84769a5-5029-4162-884c-744c5b18280b@group-7A1CBDD9AB97-LeaderElection9] INFO  server.RaftServerConfigKeys (ConfUtils.java:logGet(43)) - raft.server.log.appender.snapshot.chunk.size.max = 16MB (=16777216) (default)
2019-11-15 21:05:22,816 [c84769a5-5029-4162-884c-744c5b18280b@group-7A1CBDD9AB97-LeaderElection9] INFO  server.RaftServerConfigKeys (ConfUtils.java:logGet(43)) - raft.server.log.appender.buffer.byte-limit = 33554432 (custom)
2019-11-15 21:05:22,816 [c84769a5-5029-4162-884c-744c5b18280b@group-7A1CBDD9AB97-LeaderElection9] INFO  server.RaftServerConfigKeys (ConfUtils.java:logGet(43)) - raft.server.log.appender.buffer.element-limit = 1 (custom)
2019-11-15 21:05:22,816 [c84769a5-5029-4162-884c-744c5b18280b@group-7A1CBDD9AB97-LeaderElection9] INFO  grpc.GrpcConfigKeys$Server (ConfUtils.java:logGet(43)) - raft.grpc.server.leader.outstanding.appends.max = 128 (default)
2019-11-15 21:05:22,816 [c84769a5-5029-4162-884c-744c5b18280b@group-7A1CBDD9AB97-LeaderElection9] INFO  server.RaftServerConfigKeys (ConfUtils.java:logGet(43)) - raft.server.rpc.request.timeout = 3000ms (default)
2019-11-15 21:05:22,816 [c84769a5-5029-4162-884c-744c5b18280b@group-7A1CBDD9AB97-LeaderElection9] INFO  server.RaftServerConfigKeys (ConfUtils.java:logGet(43)) - raft.server.log.appender.install.snapshot.enabled = false (custom)
2019-11-15 21:05:22,816 [c84769a5-5029-4162-884c-744c5b18280b@group-7A1CBDD9AB97-LeaderElection9] INFO  impl.RoleInfo (RoleInfo.java:updateAndGet(143)) - c84769a5-5029-4162-884c-744c5b18280b: start LeaderState
2019-11-15 21:05:22,817 [c84769a5-5029-4162-884c-744c5b18280b@group-7A1CBDD9AB97-LeaderElection9] INFO  segmented.SegmentedRaftLogWorker (SegmentedRaftLogWorker.java:startLogSegment(385)) - c84769a5-5029-4162-884c-744c5b18280b@group-7A1CBDD9AB97-SegmentedRaftLogWorker: Starting segment from index:0
2019-11-15 21:05:22,818 [c84769a5-5029-4162-884c-744c5b18280b@group-7A1CBDD9AB97-LeaderElection9] INFO  impl.RaftServerImpl (ServerState.java:setRaftConf(356)) - c84769a5-5029-4162-884c-744c5b18280b@group-7A1CBDD9AB97: set configuration 0: [b5a7f023-8b73-4a62-84e8-4b8f9660176b:192.168.69.127:38255, 59783a08-ab51-4d4e-adcd-f2b6c822d111:192.168.69.127:34175, c84769a5-5029-4162-884c-744c5b18280b:192.168.69.127:36211], old=null at 0
2019-11-15 21:05:22,854 [grpc-default-executor-3] INFO  ratis.XceiverServerRatis (XceiverServerRatis.java:handleLeaderChangedNotification(733)) - Leader change notification received for group: group-7A1CBDD9AB97 with new leaderId: c84769a5-5029-4162-884c-744c5b18280b
2019-11-15 21:05:22,855 [grpc-default-executor-0] INFO  ratis.XceiverServerRatis (XceiverServerRatis.java:handleLeaderChangedNotification(733)) - Leader change notification received for group: group-7A1CBDD9AB97 with new leaderId: c84769a5-5029-4162-884c-744c5b18280b
2019-11-15 21:05:22,855 [grpc-default-executor-3] INFO  impl.RaftServerImpl (ServerState.java:setLeader(255)) - b5a7f023-8b73-4a62-84e8-4b8f9660176b@group-7A1CBDD9AB97: change Leader from null to c84769a5-5029-4162-884c-744c5b18280b at term 1 for appendEntries, leader elected after 4202ms
2019-11-15 21:05:22,856 [grpc-default-executor-0] INFO  impl.RaftServerImpl (ServerState.java:setLeader(255)) - 59783a08-ab51-4d4e-adcd-f2b6c822d111@group-7A1CBDD9AB97: change Leader from null to c84769a5-5029-4162-884c-744c5b18280b at term 1 for appendEntries, leader elected after 5147ms
2019-11-15 21:05:22,859 [grpc-default-executor-3] INFO  impl.RaftServerImpl (ServerState.java:setRaftConf(356)) - b5a7f023-8b73-4a62-84e8-4b8f9660176b@group-7A1CBDD9AB97: set configuration 0: [b5a7f023-8b73-4a62-84e8-4b8f9660176b:192.168.69.127:38255, 59783a08-ab51-4d4e-adcd-f2b6c822d111:192.168.69.127:34175, c84769a5-5029-4162-884c-744c5b18280b:192.168.69.127:36211], old=null at 0
2019-11-15 21:05:22,859 [grpc-default-executor-0] INFO  impl.RaftServerImpl (ServerState.java:setRaftConf(356)) - 59783a08-ab51-4d4e-adcd-f2b6c822d111@group-7A1CBDD9AB97: set configuration 0: [b5a7f023-8b73-4a62-84e8-4b8f9660176b:192.168.69.127:38255, 59783a08-ab51-4d4e-adcd-f2b6c822d111:192.168.69.127:34175, c84769a5-5029-4162-884c-744c5b18280b:192.168.69.127:36211], old=null at 0
2019-11-15 21:05:22,859 [grpc-default-executor-3] INFO  segmented.SegmentedRaftLogWorker (SegmentedRaftLogWorker.java:startLogSegment(385)) - b5a7f023-8b73-4a62-84e8-4b8f9660176b@group-7A1CBDD9AB97-SegmentedRaftLogWorker: Starting segment from index:0
2019-11-15 21:05:22,860 [grpc-default-executor-0] INFO  segmented.SegmentedRaftLogWorker (SegmentedRaftLogWorker.java:startLogSegment(385)) - 59783a08-ab51-4d4e-adcd-f2b6c822d111@group-7A1CBDD9AB97-SegmentedRaftLogWorker: Starting segment from index:0
2019-11-15 21:05:22,864 [c84769a5-5029-4162-884c-744c5b18280b@group-7A1CBDD9AB97-SegmentedRaftLogWorker] INFO  segmented.SegmentedRaftLogWorker (SegmentedRaftLogWorker.java:execute(576)) - c84769a5-5029-4162-884c-744c5b18280b@group-7A1CBDD9AB97-SegmentedRaftLogWorker: created new log segment /workdir/hadoop-ozone/tools/target/test-dir/MiniOzoneClusterImpl-4b950001-3d73-41a9-9137-e5c36aa9a7ef/datanode-1/data/ratis/0fc58fb9-5495-4838-bad5-7a1cbdd9ab97/current/log_inprogress_0
2019-11-15 21:05:22,896 [59783a08-ab51-4d4e-adcd-f2b6c822d111@group-7A1CBDD9AB97-SegmentedRaftLogWorker] INFO  segmented.SegmentedRaftLogWorker (SegmentedRaftLogWorker.java:execute(576)) - 59783a08-ab51-4d4e-adcd-f2b6c822d111@group-7A1CBDD9AB97-SegmentedRaftLogWorker: created new log segment /workdir/hadoop-ozone/tools/target/test-dir/MiniOzoneClusterImpl-4b950001-3d73-41a9-9137-e5c36aa9a7ef/datanode-2/data/ratis/0fc58fb9-5495-4838-bad5-7a1cbdd9ab97/current/log_inprogress_0
2019-11-15 21:05:22,896 [b5a7f023-8b73-4a62-84e8-4b8f9660176b@group-7A1CBDD9AB97-SegmentedRaftLogWorker] INFO  segmented.SegmentedRaftLogWorker (SegmentedRaftLogWorker.java:execute(576)) - b5a7f023-8b73-4a62-84e8-4b8f9660176b@group-7A1CBDD9AB97-SegmentedRaftLogWorker: created new log segment /workdir/hadoop-ozone/tools/target/test-dir/MiniOzoneClusterImpl-4b950001-3d73-41a9-9137-e5c36aa9a7ef/datanode-0/data/ratis/0fc58fb9-5495-4838-bad5-7a1cbdd9ab97/current/log_inprogress_0
]]></system-out>
    <system-err><![CDATA[ERROR StatusLogger No Log4j 2 configuration file found. Using default configuration (logging only errors to the console), or user programmatically provided configurations. Set system property 'log4j2.debug' to show Log4j 2 internal initialization logging. See https://logging.apache.org/log4j/2.x/manual/configuration.html for instructions on how to configure Log4j 2
]]></system-err>
  </testcase>
</testsuite>