<?xml version="1.0" encoding="UTF-8"?>
<testsuite xmlns:xsi="http://www.w3.org/2001/XMLSchema-instance" xsi:noNamespaceSchemaLocation="https://maven.apache.org/surefire/maven-surefire-plugin/xsd/surefire-test-report.xsd" name="org.apache.hadoop.ozone.freon.TestFreonWithPipelineDestroy" time="52.093" tests="1" errors="1" skipped="0" failures="0">
  <properties>
    <property name="awt.toolkit" value="sun.awt.X11.XToolkit"/>
    <property name="file.encoding.pkg" value="sun.io"/>
    <property name="java.specification.version" value="1.8"/>
    <property name="sun.cpu.isalist" value=""/>
    <property name="sun.jnu.encoding" value="ANSI_X3.4-1968"/>
    <property name="java.class.path" value="/workdir/hadoop-ozone/tools/target/test-classes:/workdir/hadoop-ozone/tools/target/classes:/home/user/.m2/repository/org/apache/hadoop/hadoop-ozone-ozone-manager/0.5.0-SNAPSHOT/hadoop-ozone-ozone-manager-0.5.0-SNAPSHOT.jar:/home/user/.m2/repository/org/apache/hadoop/hadoop-hdds-docs/0.5.0-SNAPSHOT/hadoop-hdds-docs-0.5.0-SNAPSHOT.jar:/home/user/.m2/repository/org/bouncycastle/bcprov-jdk15on/1.60/bcprov-jdk15on-1.60.jar:/home/user/.m2/repository/org/apache/hadoop/hadoop-ozone-common/0.5.0-SNAPSHOT/hadoop-ozone-common-0.5.0-SNAPSHOT.jar:/home/user/.m2/repository/org/apache/commons/commons-compress/1.4.1/commons-compress-1.4.1.jar:/home/user/.m2/repository/org/tukaani/xz/1.0/xz-1.0.jar:/home/user/.m2/repository/org/apache/hadoop/hadoop-hdfs-client/3.2.0/hadoop-hdfs-client-3.2.0.jar:/home/user/.m2/repository/com/fasterxml/jackson/core/jackson-annotations/2.9.9/jackson-annotations-2.9.9.jar:/home/user/.m2/repository/org/apache/hadoop/hadoop-hdds-common/0.5.0-SNAPSHOT/hadoop-hdds-common-0.5.0-SNAPSHOT.jar:/home/user/.m2/repository/org/apache/hadoop/hadoop-hdds-config/0.5.0-SNAPSHOT/hadoop-hdds-config-0.5.0-SNAPSHOT.jar:/home/user/.m2/repository/javax/annotation/javax.annotation-api/1.2/javax.annotation-api-1.2.jar:/home/user/.m2/repository/org/apache/ratis/ratis-server/0.5.0-d6d58d0-SNAPSHOT/ratis-server-0.5.0-d6d58d0-SNAPSHOT.jar:/home/user/.m2/repository/org/apache/ratis/ratis-thirdparty-misc/0.2.0/ratis-thirdparty-misc-0.2.0.jar:/home/user/.m2/repository/org/apache/ratis/ratis-proto/0.5.0-d6d58d0-SNAPSHOT/ratis-proto-0.5.0-d6d58d0-SNAPSHOT.jar:/home/user/.m2/repository/org/apache/ratis/ratis-common/0.5.0-d6d58d0-SNAPSHOT/ratis-common-0.5.0-d6d58d0-SNAPSHOT.jar:/home/user/.m2/repository/org/apache/ratis/ratis-client/0.5.0-d6d58d0-SNAPSHOT/ratis-client-0.5.0-d6d58d0-SNAPSHOT.jar:/home/user/.m2/repository/org/apache/ratis/ratis-metrics/0.5.0-d6d58d0-SNAPSHOT/ratis-metrics-0.5.0-d6d58d0-SNAPSHOT.jar:/home/user/.m2/repository/org/apache/ratis/ratis-netty/0.5.0-d6d58d0-SNAPSHOT/ratis-netty-0.5.0-d6d58d0-SNAPSHOT.jar:/home/user/.m2/repository/org/apache/ratis/ratis-grpc/0.5.0-d6d58d0-SNAPSHOT/ratis-grpc-0.5.0-d6d58d0-SNAPSHOT.jar:/home/user/.m2/repository/org/rocksdb/rocksdbjni/6.0.1/rocksdbjni-6.0.1.jar:/home/user/.m2/repository/org/apache/logging/log4j/log4j-api/2.11.0/log4j-api-2.11.0.jar:/home/user/.m2/repository/org/apache/logging/log4j/log4j-core/2.11.0/log4j-core-2.11.0.jar:/home/user/.m2/repository/com/lmax/disruptor/3.4.2/disruptor-3.4.2.jar:/home/user/.m2/repository/org/apache/commons/commons-pool2/2.6.0/commons-pool2-2.6.0.jar:/home/user/.m2/repository/org/bouncycastle/bcpkix-jdk15on/1.60/bcpkix-jdk15on-1.60.jar:/home/user/.m2/repository/commons-validator/commons-validator/1.6/commons-validator-1.6.jar:/home/user/.m2/repository/commons-digester/commons-digester/1.8.1/commons-digester-1.8.1.jar:/home/user/.m2/repository/io/jaegertracing/jaeger-client/0.34.0/jaeger-client-0.34.0.jar:/home/user/.m2/repository/io/jaegertracing/jaeger-thrift/0.34.0/jaeger-thrift-0.34.0.jar:/home/user/.m2/repository/org/apache/thrift/libthrift/0.12.0/libthrift-0.12.0.jar:/home/user/.m2/repository/com/squareup/okhttp3/okhttp/3.9.0/okhttp-3.9.0.jar:/home/user/.m2/repository/com/squareup/okio/okio/1.13.0/okio-1.13.0.jar:/home/user/.m2/repository/io/jaegertracing/jaeger-core/0.34.0/jaeger-core-0.34.0.jar:/home/user/.m2/repository/io/jaegertracing/jaeger-tracerresolver/0.34.0/jaeger-tracerresolver-0.34.0.jar:/home/user/.m2/repository/io/opentracing/contrib/opentracing-tracerresolver/0.1.5/opentracing-tracerresolver-0.1.5.jar:/home/user/.m2/repository/io/opentracing/opentracing-util/0.31.0/opentracing-util-0.31.0.jar:/home/user/.m2/repository/io/opentracing/opentracing-api/0.31.0/opentracing-api-0.31.0.jar:/home/user/.m2/repository/io/opentracing/opentracing-noop/0.31.0/opentracing-noop-0.31.0.jar:/home/user/.m2/repository/org/yaml/snakeyaml/1.16/snakeyaml-1.16.jar:/home/user/.m2/repository/org/apache/hadoop/hadoop-hdds-container-service/0.5.0-SNAPSHOT/hadoop-hdds-container-service-0.5.0-SNAPSHOT.jar:/home/user/.m2/repository/org/apache/hadoop/hadoop-hdds-client/0.5.0-SNAPSHOT/hadoop-hdds-client-0.5.0-SNAPSHOT.jar:/home/user/.m2/repository/org/apache/hadoop/hadoop-hdds-tools/0.5.0-SNAPSHOT/hadoop-hdds-tools-0.5.0-SNAPSHOT.jar:/home/user/.m2/repository/org/xerial/sqlite-jdbc/3.25.2/sqlite-jdbc-3.25.2.jar:/home/user/.m2/repository/org/apache/hadoop/hadoop-hdds-server-scm/0.5.0-SNAPSHOT/hadoop-hdds-server-scm-0.5.0-SNAPSHOT.jar:/home/user/.m2/repository/org/hamcrest/hamcrest-all/1.3/hamcrest-all-1.3.jar:/home/user/.m2/repository/info/picocli/picocli/3.9.6/picocli-3.9.6.jar:/home/user/.m2/repository/com/google/protobuf/protobuf-java/2.5.0/protobuf-java-2.5.0.jar:/home/user/.m2/repository/com/google/guava/guava/11.0.2/guava-11.0.2.jar:/home/user/.m2/repository/org/apache/hadoop/hadoop-ozone-client/0.5.0-SNAPSHOT/hadoop-ozone-client-0.5.0-SNAPSHOT.jar:/workdir/hadoop-ozone/ozonefs/target/classes:/home/user/.m2/repository/org/apache/httpcomponents/httpclient/4.5.2/httpclient-4.5.2.jar:/home/user/.m2/repository/org/apache/httpcomponents/httpcore/4.4.4/httpcore-4.4.4.jar:/home/user/.m2/repository/org/apache/hadoop/hadoop-hdds-server-framework/0.5.0-SNAPSHOT/hadoop-hdds-server-framework-0.5.0-SNAPSHOT.jar:/home/user/.m2/repository/org/apache/hadoop/hadoop-common/3.2.0/hadoop-common-3.2.0.jar:/home/user/.m2/repository/org/apache/hadoop/hadoop-annotations/3.2.0/hadoop-annotations-3.2.0.jar:/usr/lib/jvm/java-1.8.0-openjdk-1.8.0.222.b10-1.el7_7.x86_64/jre/../lib/tools.jar:/home/user/.m2/repository/commons-cli/commons-cli/1.2/commons-cli-1.2.jar:/home/user/.m2/repository/org/apache/commons/commons-math3/3.1.1/commons-math3-3.1.1.jar:/home/user/.m2/repository/commons-codec/commons-codec/1.11/commons-codec-1.11.jar:/home/user/.m2/repository/commons-io/commons-io/2.5/commons-io-2.5.jar:/home/user/.m2/repository/commons-net/commons-net/3.6/commons-net-3.6.jar:/home/user/.m2/repository/commons-collections/commons-collections/3.2.2/commons-collections-3.2.2.jar:/home/user/.m2/repository/javax/servlet/javax.servlet-api/3.1.0/javax.servlet-api-3.1.0.jar:/home/user/.m2/repository/org/eclipse/jetty/jetty-server/9.3.25.v20180904/jetty-server-9.3.25.v20180904.jar:/home/user/.m2/repository/org/eclipse/jetty/jetty-http/9.3.25.v20180904/jetty-http-9.3.25.v20180904.jar:/home/user/.m2/repository/org/eclipse/jetty/jetty-io/9.3.25.v20180904/jetty-io-9.3.25.v20180904.jar:/home/user/.m2/repository/org/eclipse/jetty/jetty-util/9.3.25.v20180904/jetty-util-9.3.25.v20180904.jar:/home/user/.m2/repository/org/eclipse/jetty/jetty-servlet/9.3.25.v20180904/jetty-servlet-9.3.25.v20180904.jar:/home/user/.m2/repository/org/eclipse/jetty/jetty-security/9.3.25.v20180904/jetty-security-9.3.25.v20180904.jar:/home/user/.m2/repository/org/eclipse/jetty/jetty-webapp/9.3.25.v20180904/jetty-webapp-9.3.25.v20180904.jar:/home/user/.m2/repository/org/eclipse/jetty/jetty-xml/9.3.25.v20180904/jetty-xml-9.3.25.v20180904.jar:/home/user/.m2/repository/javax/servlet/jsp/jsp-api/2.1/jsp-api-2.1.jar:/home/user/.m2/repository/com/sun/jersey/jersey-core/1.19/jersey-core-1.19.jar:/home/user/.m2/repository/javax/ws/rs/jsr311-api/1.1.1/jsr311-api-1.1.1.jar:/home/user/.m2/repository/com/sun/jersey/jersey-servlet/1.19/jersey-servlet-1.19.jar:/home/user/.m2/repository/com/sun/jersey/jersey-json/1.19/jersey-json-1.19.jar:/home/user/.m2/repository/org/codehaus/jettison/jettison/1.1/jettison-1.1.jar:/home/user/.m2/repository/com/sun/xml/bind/jaxb-impl/2.3.0.1/jaxb-impl-2.3.0.1.jar:/home/user/.m2/repository/org/codehaus/jackson/jackson-core-asl/1.9.13/jackson-core-asl-1.9.13.jar:/home/user/.m2/repository/org/codehaus/jackson/jackson-mapper-asl/1.9.13/jackson-mapper-asl-1.9.13.jar:/home/user/.m2/repository/org/codehaus/jackson/jackson-jaxrs/1.9.13/jackson-jaxrs-1.9.13.jar:/home/user/.m2/repository/org/codehaus/jackson/jackson-xc/1.9.13/jackson-xc-1.9.13.jar:/home/user/.m2/repository/com/sun/jersey/jersey-server/1.19/jersey-server-1.19.jar:/home/user/.m2/repository/commons-logging/commons-logging/1.1.3/commons-logging-1.1.3.jar:/home/user/.m2/repository/log4j/log4j/1.2.17/log4j-1.2.17.jar:/home/user/.m2/repository/commons-beanutils/commons-beanutils/1.9.4/commons-beanutils-1.9.4.jar:/home/user/.m2/repository/org/apache/commons/commons-configuration2/2.1.1/commons-configuration2-2.1.1.jar:/home/user/.m2/repository/org/apache/commons/commons-lang3/3.7/commons-lang3-3.7.jar:/home/user/.m2/repository/org/apache/commons/commons-text/1.4/commons-text-1.4.jar:/home/user/.m2/repository/org/slf4j/slf4j-api/1.7.25/slf4j-api-1.7.25.jar:/home/user/.m2/repository/org/slf4j/slf4j-log4j12/1.7.25/slf4j-log4j12-1.7.25.jar:/home/user/.m2/repository/org/apache/avro/avro/1.7.7/avro-1.7.7.jar:/home/user/.m2/repository/com/thoughtworks/paranamer/paranamer/2.3/paranamer-2.3.jar:/home/user/.m2/repository/org/xerial/snappy/snappy-java/1.0.5/snappy-java-1.0.5.jar:/home/user/.m2/repository/com/google/re2j/re2j/1.1/re2j-1.1.jar:/home/user/.m2/repository/com/google/code/gson/gson/2.2.4/gson-2.2.4.jar:/home/user/.m2/repository/org/apache/hadoop/hadoop-auth/3.2.0/hadoop-auth-3.2.0.jar:/home/user/.m2/repository/com/nimbusds/nimbus-jose-jwt/4.41.1/nimbus-jose-jwt-4.41.1.jar:/home/user/.m2/repository/com/github/stephenc/jcip/jcip-annotations/1.0-1/jcip-annotations-1.0-1.jar:/home/user/.m2/repository/net/minidev/json-smart/2.3/json-smart-2.3.jar:/home/user/.m2/repository/net/minidev/accessors-smart/1.2/accessors-smart-1.2.jar:/home/user/.m2/repository/org/apache/curator/curator-framework/2.12.0/curator-framework-2.12.0.jar:/home/user/.m2/repository/com/jcraft/jsch/0.1.54/jsch-0.1.54.jar:/home/user/.m2/repository/org/apache/curator/curator-client/2.12.0/curator-client-2.12.0.jar:/home/user/.m2/repository/org/apache/curator/curator-recipes/2.12.0/curator-recipes-2.12.0.jar:/home/user/.m2/repository/com/google/code/findbugs/jsr305/3.0.0/jsr305-3.0.0.jar:/home/user/.m2/repository/org/apache/htrace/htrace-core4/4.1.0-incubating/htrace-core4-4.1.0-incubating.jar:/home/user/.m2/repository/org/apache/zookeeper/zookeeper/3.4.13/zookeeper-3.4.13.jar:/home/user/.m2/repository/jline/jline/0.9.94/jline-0.9.94.jar:/home/user/.m2/repository/org/apache/yetus/audience-annotations/0.5.0/audience-annotations-0.5.0.jar:/home/user/.m2/repository/org/apache/kerby/kerb-simplekdc/1.0.1/kerb-simplekdc-1.0.1.jar:/home/user/.m2/repository/org/apache/kerby/kerb-client/1.0.1/kerb-client-1.0.1.jar:/home/user/.m2/repository/org/apache/kerby/kerby-config/1.0.1/kerby-config-1.0.1.jar:/home/user/.m2/repository/org/apache/kerby/kerb-core/1.0.1/kerb-core-1.0.1.jar:/home/user/.m2/repository/org/apache/kerby/kerby-pkix/1.0.1/kerby-pkix-1.0.1.jar:/home/user/.m2/repository/org/apache/kerby/kerby-asn1/1.0.1/kerby-asn1-1.0.1.jar:/home/user/.m2/repository/org/apache/kerby/kerby-util/1.0.1/kerby-util-1.0.1.jar:/home/user/.m2/repository/org/apache/kerby/kerb-common/1.0.1/kerb-common-1.0.1.jar:/home/user/.m2/repository/org/apache/kerby/kerb-crypto/1.0.1/kerb-crypto-1.0.1.jar:/home/user/.m2/repository/org/apache/kerby/kerb-util/1.0.1/kerb-util-1.0.1.jar:/home/user/.m2/repository/org/apache/kerby/token-provider/1.0.1/token-provider-1.0.1.jar:/home/user/.m2/repository/org/apache/kerby/kerb-admin/1.0.1/kerb-admin-1.0.1.jar:/home/user/.m2/repository/org/apache/kerby/kerb-server/1.0.1/kerb-server-1.0.1.jar:/home/user/.m2/repository/org/apache/kerby/kerb-identity/1.0.1/kerb-identity-1.0.1.jar:/home/user/.m2/repository/org/apache/kerby/kerby-xdr/1.0.1/kerby-xdr-1.0.1.jar:/home/user/.m2/repository/com/fasterxml/jackson/core/jackson-databind/2.9.9/jackson-databind-2.9.9.jar:/home/user/.m2/repository/com/fasterxml/jackson/core/jackson-core/2.9.9/jackson-core-2.9.9.jar:/home/user/.m2/repository/org/codehaus/woodstox/stax2-api/3.1.4/stax2-api-3.1.4.jar:/home/user/.m2/repository/com/fasterxml/woodstox/woodstox-core/5.0.3/woodstox-core-5.0.3.jar:/home/user/.m2/repository/dnsjava/dnsjava/2.1.7/dnsjava-2.1.7.jar:/home/user/.m2/repository/org/apache/hadoop/hadoop-hdfs/3.2.0/hadoop-hdfs-3.2.0.jar:/home/user/.m2/repository/org/eclipse/jetty/jetty-util-ajax/9.3.25.v20180904/jetty-util-ajax-9.3.25.v20180904.jar:/home/user/.m2/repository/commons-daemon/commons-daemon/1.0.13/commons-daemon-1.0.13.jar:/home/user/.m2/repository/io/netty/netty/3.10.5.Final/netty-3.10.5.Final.jar:/home/user/.m2/repository/io/netty/netty-all/4.0.52.Final/netty-all-4.0.52.Final.jar:/home/user/.m2/repository/org/fusesource/leveldbjni/leveldbjni-all/1.8/leveldbjni-all-1.8.jar:/home/user/.m2/repository/com/sun/xml/bind/jaxb-core/2.3.0.1/jaxb-core-2.3.0.1.jar:/home/user/.m2/repository/javax/xml/bind/jaxb-api/2.3.0/jaxb-api-2.3.0.jar:/home/user/.m2/repository/javax/activation/activation/1.1.1/activation-1.1.1.jar:/home/user/.m2/repository/org/openjdk/jmh/jmh-core/1.19/jmh-core-1.19.jar:/home/user/.m2/repository/net/sf/jopt-simple/jopt-simple/4.6/jopt-simple-4.6.jar:/home/user/.m2/repository/org/openjdk/jmh/jmh-generator-annprocess/1.19/jmh-generator-annprocess-1.19.jar:/home/user/.m2/repository/io/dropwizard/metrics/metrics-core/3.2.4/metrics-core-3.2.4.jar:/home/user/.m2/repository/com/amazonaws/aws-java-sdk-s3/1.11.615/aws-java-sdk-s3-1.11.615.jar:/home/user/.m2/repository/com/amazonaws/aws-java-sdk-kms/1.11.615/aws-java-sdk-kms-1.11.615.jar:/home/user/.m2/repository/com/amazonaws/aws-java-sdk-core/1.11.615/aws-java-sdk-core-1.11.615.jar:/home/user/.m2/repository/software/amazon/ion/ion-java/1.0.2/ion-java-1.0.2.jar:/home/user/.m2/repository/com/fasterxml/jackson/dataformat/jackson-dataformat-cbor/2.9.9/jackson-dataformat-cbor-2.9.9.jar:/home/user/.m2/repository/joda-time/joda-time/2.9.9/joda-time-2.9.9.jar:/home/user/.m2/repository/com/amazonaws/jmespath-java/1.11.615/jmespath-java-1.11.615.jar:/home/user/.m2/repository/com/github/spotbugs/spotbugs/3.1.12/spotbugs-3.1.12.jar:/home/user/.m2/repository/org/ow2/asm/asm/5.0.4/asm-5.0.4.jar:/home/user/.m2/repository/org/ow2/asm/asm-analysis/7.0/asm-analysis-7.0.jar:/home/user/.m2/repository/org/ow2/asm/asm-commons/7.0/asm-commons-7.0.jar:/home/user/.m2/repository/org/ow2/asm/asm-tree/7.0/asm-tree-7.0.jar:/home/user/.m2/repository/org/ow2/asm/asm-util/7.0/asm-util-7.0.jar:/home/user/.m2/repository/org/apache/bcel/bcel/6.3/bcel-6.3.jar:/home/user/.m2/repository/net/jcip/jcip-annotations/1.0/jcip-annotations-1.0.jar:/home/user/.m2/repository/org/dom4j/dom4j/2.1.1/dom4j-2.1.1.jar:/home/user/.m2/repository/jaxen/jaxen/1.1.6/jaxen-1.1.6.jar:/home/user/.m2/repository/commons-lang/commons-lang/2.6/commons-lang-2.6.jar:/home/user/.m2/repository/com/github/spotbugs/spotbugs-annotations/3.1.12/spotbugs-annotations-3.1.12.jar:/home/user/.m2/repository/junit/junit/4.11/junit-4.11.jar:/home/user/.m2/repository/org/hamcrest/hamcrest-core/1.3/hamcrest-core-1.3.jar:/home/user/.m2/repository/org/apache/hadoop/hadoop-common/3.2.0/hadoop-common-3.2.0-tests.jar:/workdir/hadoop-ozone/integration-test/target/test-classes:/home/user/.m2/repository/org/apache/hadoop/hadoop-ozone-s3gateway/0.5.0-SNAPSHOT/hadoop-ozone-s3gateway-0.5.0-SNAPSHOT.jar:/home/user/.m2/repository/org/jboss/weld/servlet/weld-servlet/2.4.7.Final/weld-servlet-2.4.7.Final.jar:/home/user/.m2/repository/org/glassfish/jersey/containers/jersey-container-servlet-core/2.27/jersey-container-servlet-core-2.27.jar:/home/user/.m2/repository/org/glassfish/hk2/external/javax.inject/2.5.0-b42/javax.inject-2.5.0-b42.jar:/home/user/.m2/repository/org/glassfish/jersey/core/jersey-common/2.27/jersey-common-2.27.jar:/home/user/.m2/repository/org/glassfish/hk2/osgi-resource-locator/1.0.1/osgi-resource-locator-1.0.1.jar:/home/user/.m2/repository/javax/ws/rs/javax.ws.rs-api/2.1/javax.ws.rs-api-2.1.jar:/home/user/.m2/repository/org/glassfish/jersey/ext/cdi/jersey-cdi1x/2.27/jersey-cdi1x-2.27.jar:/home/user/.m2/repository/org/glassfish/jersey/inject/jersey-hk2/2.27/jersey-hk2-2.27.jar:/home/user/.m2/repository/org/glassfish/hk2/hk2-locator/2.5.0-b42/hk2-locator-2.5.0-b42.jar:/home/user/.m2/repository/org/javassist/javassist/3.22.0-CR2/javassist-3.22.0-CR2.jar:/home/user/.m2/repository/org/glassfish/hk2/hk2-api/2.5.0/hk2-api-2.5.0.jar:/home/user/.m2/repository/org/glassfish/hk2/external/jakarta.inject/2.5.0/jakarta.inject-2.5.0.jar:/home/user/.m2/repository/org/glassfish/hk2/hk2-utils/2.5.0/hk2-utils-2.5.0.jar:/home/user/.m2/repository/jakarta/annotation/jakarta.annotation-api/1.3.4/jakarta.annotation-api-1.3.4.jar:/home/user/.m2/repository/org/glassfish/hk2/external/aopalliance-repackaged/2.5.0/aopalliance-repackaged-2.5.0.jar:/home/user/.m2/repository/com/fasterxml/jackson/dataformat/jackson-dataformat-xml/2.9.0/jackson-dataformat-xml-2.9.0.jar:/home/user/.m2/repository/com/fasterxml/jackson/module/jackson-module-jaxb-annotations/2.9.9/jackson-module-jaxb-annotations-2.9.9.jar:/home/user/.m2/repository/javax/enterprise/cdi-api/1.2/cdi-api-1.2.jar:/home/user/.m2/repository/javax/el/javax.el-api/3.0.0/javax.el-api-3.0.0.jar:/home/user/.m2/repository/javax/interceptor/javax.interceptor-api/1.2/javax.interceptor-api-1.2.jar:/home/user/.m2/repository/javax/inject/javax.inject/1/javax.inject-1.jar:/home/user/.m2/repository/org/apache/hadoop/hadoop-ozone-csi/0.5.0-SNAPSHOT/hadoop-ozone-csi-0.5.0-SNAPSHOT.jar:/home/user/.m2/repository/com/google/protobuf/protobuf-java-util/3.5.1/protobuf-java-util-3.5.1.jar:/home/user/.m2/repository/io/grpc/grpc-netty/1.17.1/grpc-netty-1.17.1.jar:/home/user/.m2/repository/io/grpc/grpc-core/1.17.1/grpc-core-1.17.1.jar:/home/user/.m2/repository/io/grpc/grpc-context/1.17.1/grpc-context-1.17.1.jar:/home/user/.m2/repository/com/google/errorprone/error_prone_annotations/2.2.0/error_prone_annotations-2.2.0.jar:/home/user/.m2/repository/org/codehaus/mojo/animal-sniffer-annotations/1.17/animal-sniffer-annotations-1.17.jar:/home/user/.m2/repository/io/opencensus/opencensus-api/0.17.0/opencensus-api-0.17.0.jar:/home/user/.m2/repository/io/opencensus/opencensus-contrib-grpc-metrics/0.17.0/opencensus-contrib-grpc-metrics-0.17.0.jar:/home/user/.m2/repository/io/netty/netty-codec-http2/4.1.30.Final/netty-codec-http2-4.1.30.Final.jar:/home/user/.m2/repository/io/netty/netty-codec-http/4.1.30.Final/netty-codec-http-4.1.30.Final.jar:/home/user/.m2/repository/io/netty/netty-codec/4.1.30.Final/netty-codec-4.1.30.Final.jar:/home/user/.m2/repository/io/netty/netty-handler/4.1.30.Final/netty-handler-4.1.30.Final.jar:/home/user/.m2/repository/io/netty/netty-handler-proxy/4.1.30.Final/netty-handler-proxy-4.1.30.Final.jar:/home/user/.m2/repository/io/netty/netty-codec-socks/4.1.30.Final/netty-codec-socks-4.1.30.Final.jar:/home/user/.m2/repository/io/netty/netty-transport-native-epoll/4.1.30.Final/netty-transport-native-epoll-4.1.30.Final.jar:/home/user/.m2/repository/io/netty/netty-common/4.1.30.Final/netty-common-4.1.30.Final.jar:/home/user/.m2/repository/io/netty/netty-buffer/4.1.30.Final/netty-buffer-4.1.30.Final.jar:/home/user/.m2/repository/io/netty/netty-transport/4.1.30.Final/netty-transport-4.1.30.Final.jar:/home/user/.m2/repository/io/netty/netty-resolver/4.1.30.Final/netty-resolver-4.1.30.Final.jar:/home/user/.m2/repository/io/netty/netty-transport-native-unix-common/4.1.30.Final/netty-transport-native-unix-common-4.1.30.Final.jar:/home/user/.m2/repository/io/grpc/grpc-protobuf/1.17.1/grpc-protobuf-1.17.1.jar:/home/user/.m2/repository/com/google/api/grpc/proto-google-common-protos/1.0.0/proto-google-common-protos-1.0.0.jar:/home/user/.m2/repository/io/grpc/grpc-protobuf-lite/1.17.1/grpc-protobuf-lite-1.17.1.jar:/home/user/.m2/repository/io/grpc/grpc-stub/1.17.1/grpc-stub-1.17.1.jar:/home/user/.m2/repository/org/apache/hadoop/hadoop-ozone-recon/0.5.0-SNAPSHOT/hadoop-ozone-recon-0.5.0-SNAPSHOT.jar:/home/user/.m2/repository/org/apache/hadoop/hadoop-ozone-reconcodegen/0.5.0-SNAPSHOT/hadoop-ozone-reconcodegen-0.5.0-SNAPSHOT.jar:/home/user/.m2/repository/com/google/inject/extensions/guice-multibindings/4.0/guice-multibindings-4.0.jar:/home/user/.m2/repository/com/google/inject/guice/4.0/guice-4.0.jar:/home/user/.m2/repository/aopalliance/aopalliance/1.0/aopalliance-1.0.jar:/home/user/.m2/repository/com/google/inject/extensions/guice-servlet/4.0/guice-servlet-4.0.jar:/home/user/.m2/repository/org/glassfish/jersey/containers/jersey-container-servlet/2.27/jersey-container-servlet-2.27.jar:/home/user/.m2/repository/org/glassfish/hk2/guice-bridge/2.5.0/guice-bridge-2.5.0.jar:/home/user/.m2/repository/org/glassfish/jersey/core/jersey-server/2.27/jersey-server-2.27.jar:/home/user/.m2/repository/org/glassfish/jersey/core/jersey-client/2.27/jersey-client-2.27.jar:/home/user/.m2/repository/org/glassfish/jersey/media/jersey-media-jaxb/2.27/jersey-media-jaxb-2.27.jar:/home/user/.m2/repository/javax/validation/validation-api/1.1.0.Final/validation-api-1.1.0.Final.jar:/home/user/.m2/repository/org/glassfish/jersey/media/jersey-media-json-jackson/2.27/jersey-media-json-jackson-2.27.jar:/home/user/.m2/repository/org/glassfish/jersey/ext/jersey-entity-filtering/2.27/jersey-entity-filtering-2.27.jar:/home/user/.m2/repository/com/google/inject/extensions/guice-assistedinject/4.0/guice-assistedinject-4.0.jar:/home/user/.m2/repository/org/jooq/jooq/3.11.10/jooq-3.11.10.jar:/home/user/.m2/repository/org/jooq/jooq-meta/3.11.10/jooq-meta-3.11.10.jar:/home/user/.m2/repository/org/jooq/jooq-codegen/3.11.10/jooq-codegen-3.11.10.jar:/home/user/.m2/repository/com/jolbox/bonecp/0.8.0.RELEASE/bonecp-0.8.0.RELEASE.jar:/home/user/.m2/repository/org/springframework/spring-jdbc/5.1.3.RELEASE/spring-jdbc-5.1.3.RELEASE.jar:/home/user/.m2/repository/org/springframework/spring-beans/5.1.3.RELEASE/spring-beans-5.1.3.RELEASE.jar:/home/user/.m2/repository/org/springframework/spring-core/5.1.3.RELEASE/spring-core-5.1.3.RELEASE.jar:/home/user/.m2/repository/org/springframework/spring-jcl/5.1.3.RELEASE/spring-jcl-5.1.3.RELEASE.jar:/home/user/.m2/repository/org/springframework/spring-tx/5.1.3.RELEASE/spring-tx-5.1.3.RELEASE.jar:/home/user/.m2/repository/org/mockito/mockito-core/2.15.0/mockito-core-2.15.0.jar:/home/user/.m2/repository/net/bytebuddy/byte-buddy/1.7.9/byte-buddy-1.7.9.jar:/home/user/.m2/repository/net/bytebuddy/byte-buddy-agent/1.7.9/byte-buddy-agent-1.7.9.jar:/home/user/.m2/repository/org/objenesis/objenesis/1.0/objenesis-1.0.jar:"/>
    <property name="java.vm.vendor" value="Oracle Corporation"/>
    <property name="sun.arch.data.model" value="64"/>
    <property name="test.build.dir" value="/workdir/hadoop-ozone/tools/target/test-dir"/>
    <property name="test.cache.data" value=""/>
    <property name="java.vendor.url" value="http://java.oracle.com/"/>
    <property name="user.timezone" value=""/>
    <property name="java.vm.specification.version" value="1.8"/>
    <property name="os.name" value="Linux"/>
    <property name="test.build.data" value="/workdir/hadoop-ozone/tools/target/test-dir"/>
    <property name="user.country" value="US"/>
    <property name="sun.java.launcher" value="SUN_STANDARD"/>
    <property name="sun.boot.library.path" value="/usr/lib/jvm/java-1.8.0-openjdk-1.8.0.222.b10-1.el7_7.x86_64/jre/lib/amd64"/>
    <property name="sun.java.command" value="/workdir/hadoop-ozone/tools/target/surefire/surefirebooter359259594290876094.jar /workdir/hadoop-ozone/tools/target/surefire 2019-11-18T02-33-46_430-jvmRun1 surefire2222293117980588528tmp surefire_992598801641295204333tmp"/>
    <property name="surefire.test.class.path" value="/workdir/hadoop-ozone/tools/target/test-classes:/workdir/hadoop-ozone/tools/target/classes:/home/user/.m2/repository/org/apache/hadoop/hadoop-ozone-ozone-manager/0.5.0-SNAPSHOT/hadoop-ozone-ozone-manager-0.5.0-SNAPSHOT.jar:/home/user/.m2/repository/org/apache/hadoop/hadoop-hdds-docs/0.5.0-SNAPSHOT/hadoop-hdds-docs-0.5.0-SNAPSHOT.jar:/home/user/.m2/repository/org/bouncycastle/bcprov-jdk15on/1.60/bcprov-jdk15on-1.60.jar:/home/user/.m2/repository/org/apache/hadoop/hadoop-ozone-common/0.5.0-SNAPSHOT/hadoop-ozone-common-0.5.0-SNAPSHOT.jar:/home/user/.m2/repository/org/apache/commons/commons-compress/1.4.1/commons-compress-1.4.1.jar:/home/user/.m2/repository/org/tukaani/xz/1.0/xz-1.0.jar:/home/user/.m2/repository/org/apache/hadoop/hadoop-hdfs-client/3.2.0/hadoop-hdfs-client-3.2.0.jar:/home/user/.m2/repository/com/fasterxml/jackson/core/jackson-annotations/2.9.9/jackson-annotations-2.9.9.jar:/home/user/.m2/repository/org/apache/hadoop/hadoop-hdds-common/0.5.0-SNAPSHOT/hadoop-hdds-common-0.5.0-SNAPSHOT.jar:/home/user/.m2/repository/org/apache/hadoop/hadoop-hdds-config/0.5.0-SNAPSHOT/hadoop-hdds-config-0.5.0-SNAPSHOT.jar:/home/user/.m2/repository/javax/annotation/javax.annotation-api/1.2/javax.annotation-api-1.2.jar:/home/user/.m2/repository/org/apache/ratis/ratis-server/0.5.0-d6d58d0-SNAPSHOT/ratis-server-0.5.0-d6d58d0-SNAPSHOT.jar:/home/user/.m2/repository/org/apache/ratis/ratis-thirdparty-misc/0.2.0/ratis-thirdparty-misc-0.2.0.jar:/home/user/.m2/repository/org/apache/ratis/ratis-proto/0.5.0-d6d58d0-SNAPSHOT/ratis-proto-0.5.0-d6d58d0-SNAPSHOT.jar:/home/user/.m2/repository/org/apache/ratis/ratis-common/0.5.0-d6d58d0-SNAPSHOT/ratis-common-0.5.0-d6d58d0-SNAPSHOT.jar:/home/user/.m2/repository/org/apache/ratis/ratis-client/0.5.0-d6d58d0-SNAPSHOT/ratis-client-0.5.0-d6d58d0-SNAPSHOT.jar:/home/user/.m2/repository/org/apache/ratis/ratis-metrics/0.5.0-d6d58d0-SNAPSHOT/ratis-metrics-0.5.0-d6d58d0-SNAPSHOT.jar:/home/user/.m2/repository/org/apache/ratis/ratis-netty/0.5.0-d6d58d0-SNAPSHOT/ratis-netty-0.5.0-d6d58d0-SNAPSHOT.jar:/home/user/.m2/repository/org/apache/ratis/ratis-grpc/0.5.0-d6d58d0-SNAPSHOT/ratis-grpc-0.5.0-d6d58d0-SNAPSHOT.jar:/home/user/.m2/repository/org/rocksdb/rocksdbjni/6.0.1/rocksdbjni-6.0.1.jar:/home/user/.m2/repository/org/apache/logging/log4j/log4j-api/2.11.0/log4j-api-2.11.0.jar:/home/user/.m2/repository/org/apache/logging/log4j/log4j-core/2.11.0/log4j-core-2.11.0.jar:/home/user/.m2/repository/com/lmax/disruptor/3.4.2/disruptor-3.4.2.jar:/home/user/.m2/repository/org/apache/commons/commons-pool2/2.6.0/commons-pool2-2.6.0.jar:/home/user/.m2/repository/org/bouncycastle/bcpkix-jdk15on/1.60/bcpkix-jdk15on-1.60.jar:/home/user/.m2/repository/commons-validator/commons-validator/1.6/commons-validator-1.6.jar:/home/user/.m2/repository/commons-digester/commons-digester/1.8.1/commons-digester-1.8.1.jar:/home/user/.m2/repository/io/jaegertracing/jaeger-client/0.34.0/jaeger-client-0.34.0.jar:/home/user/.m2/repository/io/jaegertracing/jaeger-thrift/0.34.0/jaeger-thrift-0.34.0.jar:/home/user/.m2/repository/org/apache/thrift/libthrift/0.12.0/libthrift-0.12.0.jar:/home/user/.m2/repository/com/squareup/okhttp3/okhttp/3.9.0/okhttp-3.9.0.jar:/home/user/.m2/repository/com/squareup/okio/okio/1.13.0/okio-1.13.0.jar:/home/user/.m2/repository/io/jaegertracing/jaeger-core/0.34.0/jaeger-core-0.34.0.jar:/home/user/.m2/repository/io/jaegertracing/jaeger-tracerresolver/0.34.0/jaeger-tracerresolver-0.34.0.jar:/home/user/.m2/repository/io/opentracing/contrib/opentracing-tracerresolver/0.1.5/opentracing-tracerresolver-0.1.5.jar:/home/user/.m2/repository/io/opentracing/opentracing-util/0.31.0/opentracing-util-0.31.0.jar:/home/user/.m2/repository/io/opentracing/opentracing-api/0.31.0/opentracing-api-0.31.0.jar:/home/user/.m2/repository/io/opentracing/opentracing-noop/0.31.0/opentracing-noop-0.31.0.jar:/home/user/.m2/repository/org/yaml/snakeyaml/1.16/snakeyaml-1.16.jar:/home/user/.m2/repository/org/apache/hadoop/hadoop-hdds-container-service/0.5.0-SNAPSHOT/hadoop-hdds-container-service-0.5.0-SNAPSHOT.jar:/home/user/.m2/repository/org/apache/hadoop/hadoop-hdds-client/0.5.0-SNAPSHOT/hadoop-hdds-client-0.5.0-SNAPSHOT.jar:/home/user/.m2/repository/org/apache/hadoop/hadoop-hdds-tools/0.5.0-SNAPSHOT/hadoop-hdds-tools-0.5.0-SNAPSHOT.jar:/home/user/.m2/repository/org/xerial/sqlite-jdbc/3.25.2/sqlite-jdbc-3.25.2.jar:/home/user/.m2/repository/org/apache/hadoop/hadoop-hdds-server-scm/0.5.0-SNAPSHOT/hadoop-hdds-server-scm-0.5.0-SNAPSHOT.jar:/home/user/.m2/repository/org/hamcrest/hamcrest-all/1.3/hamcrest-all-1.3.jar:/home/user/.m2/repository/info/picocli/picocli/3.9.6/picocli-3.9.6.jar:/home/user/.m2/repository/com/google/protobuf/protobuf-java/2.5.0/protobuf-java-2.5.0.jar:/home/user/.m2/repository/com/google/guava/guava/11.0.2/guava-11.0.2.jar:/home/user/.m2/repository/org/apache/hadoop/hadoop-ozone-client/0.5.0-SNAPSHOT/hadoop-ozone-client-0.5.0-SNAPSHOT.jar:/workdir/hadoop-ozone/ozonefs/target/classes:/home/user/.m2/repository/org/apache/httpcomponents/httpclient/4.5.2/httpclient-4.5.2.jar:/home/user/.m2/repository/org/apache/httpcomponents/httpcore/4.4.4/httpcore-4.4.4.jar:/home/user/.m2/repository/org/apache/hadoop/hadoop-hdds-server-framework/0.5.0-SNAPSHOT/hadoop-hdds-server-framework-0.5.0-SNAPSHOT.jar:/home/user/.m2/repository/org/apache/hadoop/hadoop-common/3.2.0/hadoop-common-3.2.0.jar:/home/user/.m2/repository/org/apache/hadoop/hadoop-annotations/3.2.0/hadoop-annotations-3.2.0.jar:/usr/lib/jvm/java-1.8.0-openjdk-1.8.0.222.b10-1.el7_7.x86_64/jre/../lib/tools.jar:/home/user/.m2/repository/commons-cli/commons-cli/1.2/commons-cli-1.2.jar:/home/user/.m2/repository/org/apache/commons/commons-math3/3.1.1/commons-math3-3.1.1.jar:/home/user/.m2/repository/commons-codec/commons-codec/1.11/commons-codec-1.11.jar:/home/user/.m2/repository/commons-io/commons-io/2.5/commons-io-2.5.jar:/home/user/.m2/repository/commons-net/commons-net/3.6/commons-net-3.6.jar:/home/user/.m2/repository/commons-collections/commons-collections/3.2.2/commons-collections-3.2.2.jar:/home/user/.m2/repository/javax/servlet/javax.servlet-api/3.1.0/javax.servlet-api-3.1.0.jar:/home/user/.m2/repository/org/eclipse/jetty/jetty-server/9.3.25.v20180904/jetty-server-9.3.25.v20180904.jar:/home/user/.m2/repository/org/eclipse/jetty/jetty-http/9.3.25.v20180904/jetty-http-9.3.25.v20180904.jar:/home/user/.m2/repository/org/eclipse/jetty/jetty-io/9.3.25.v20180904/jetty-io-9.3.25.v20180904.jar:/home/user/.m2/repository/org/eclipse/jetty/jetty-util/9.3.25.v20180904/jetty-util-9.3.25.v20180904.jar:/home/user/.m2/repository/org/eclipse/jetty/jetty-servlet/9.3.25.v20180904/jetty-servlet-9.3.25.v20180904.jar:/home/user/.m2/repository/org/eclipse/jetty/jetty-security/9.3.25.v20180904/jetty-security-9.3.25.v20180904.jar:/home/user/.m2/repository/org/eclipse/jetty/jetty-webapp/9.3.25.v20180904/jetty-webapp-9.3.25.v20180904.jar:/home/user/.m2/repository/org/eclipse/jetty/jetty-xml/9.3.25.v20180904/jetty-xml-9.3.25.v20180904.jar:/home/user/.m2/repository/javax/servlet/jsp/jsp-api/2.1/jsp-api-2.1.jar:/home/user/.m2/repository/com/sun/jersey/jersey-core/1.19/jersey-core-1.19.jar:/home/user/.m2/repository/javax/ws/rs/jsr311-api/1.1.1/jsr311-api-1.1.1.jar:/home/user/.m2/repository/com/sun/jersey/jersey-servlet/1.19/jersey-servlet-1.19.jar:/home/user/.m2/repository/com/sun/jersey/jersey-json/1.19/jersey-json-1.19.jar:/home/user/.m2/repository/org/codehaus/jettison/jettison/1.1/jettison-1.1.jar:/home/user/.m2/repository/com/sun/xml/bind/jaxb-impl/2.3.0.1/jaxb-impl-2.3.0.1.jar:/home/user/.m2/repository/org/codehaus/jackson/jackson-core-asl/1.9.13/jackson-core-asl-1.9.13.jar:/home/user/.m2/repository/org/codehaus/jackson/jackson-mapper-asl/1.9.13/jackson-mapper-asl-1.9.13.jar:/home/user/.m2/repository/org/codehaus/jackson/jackson-jaxrs/1.9.13/jackson-jaxrs-1.9.13.jar:/home/user/.m2/repository/org/codehaus/jackson/jackson-xc/1.9.13/jackson-xc-1.9.13.jar:/home/user/.m2/repository/com/sun/jersey/jersey-server/1.19/jersey-server-1.19.jar:/home/user/.m2/repository/commons-logging/commons-logging/1.1.3/commons-logging-1.1.3.jar:/home/user/.m2/repository/log4j/log4j/1.2.17/log4j-1.2.17.jar:/home/user/.m2/repository/commons-beanutils/commons-beanutils/1.9.4/commons-beanutils-1.9.4.jar:/home/user/.m2/repository/org/apache/commons/commons-configuration2/2.1.1/commons-configuration2-2.1.1.jar:/home/user/.m2/repository/org/apache/commons/commons-lang3/3.7/commons-lang3-3.7.jar:/home/user/.m2/repository/org/apache/commons/commons-text/1.4/commons-text-1.4.jar:/home/user/.m2/repository/org/slf4j/slf4j-api/1.7.25/slf4j-api-1.7.25.jar:/home/user/.m2/repository/org/slf4j/slf4j-log4j12/1.7.25/slf4j-log4j12-1.7.25.jar:/home/user/.m2/repository/org/apache/avro/avro/1.7.7/avro-1.7.7.jar:/home/user/.m2/repository/com/thoughtworks/paranamer/paranamer/2.3/paranamer-2.3.jar:/home/user/.m2/repository/org/xerial/snappy/snappy-java/1.0.5/snappy-java-1.0.5.jar:/home/user/.m2/repository/com/google/re2j/re2j/1.1/re2j-1.1.jar:/home/user/.m2/repository/com/google/code/gson/gson/2.2.4/gson-2.2.4.jar:/home/user/.m2/repository/org/apache/hadoop/hadoop-auth/3.2.0/hadoop-auth-3.2.0.jar:/home/user/.m2/repository/com/nimbusds/nimbus-jose-jwt/4.41.1/nimbus-jose-jwt-4.41.1.jar:/home/user/.m2/repository/com/github/stephenc/jcip/jcip-annotations/1.0-1/jcip-annotations-1.0-1.jar:/home/user/.m2/repository/net/minidev/json-smart/2.3/json-smart-2.3.jar:/home/user/.m2/repository/net/minidev/accessors-smart/1.2/accessors-smart-1.2.jar:/home/user/.m2/repository/org/apache/curator/curator-framework/2.12.0/curator-framework-2.12.0.jar:/home/user/.m2/repository/com/jcraft/jsch/0.1.54/jsch-0.1.54.jar:/home/user/.m2/repository/org/apache/curator/curator-client/2.12.0/curator-client-2.12.0.jar:/home/user/.m2/repository/org/apache/curator/curator-recipes/2.12.0/curator-recipes-2.12.0.jar:/home/user/.m2/repository/com/google/code/findbugs/jsr305/3.0.0/jsr305-3.0.0.jar:/home/user/.m2/repository/org/apache/htrace/htrace-core4/4.1.0-incubating/htrace-core4-4.1.0-incubating.jar:/home/user/.m2/repository/org/apache/zookeeper/zookeeper/3.4.13/zookeeper-3.4.13.jar:/home/user/.m2/repository/jline/jline/0.9.94/jline-0.9.94.jar:/home/user/.m2/repository/org/apache/yetus/audience-annotations/0.5.0/audience-annotations-0.5.0.jar:/home/user/.m2/repository/org/apache/kerby/kerb-simplekdc/1.0.1/kerb-simplekdc-1.0.1.jar:/home/user/.m2/repository/org/apache/kerby/kerb-client/1.0.1/kerb-client-1.0.1.jar:/home/user/.m2/repository/org/apache/kerby/kerby-config/1.0.1/kerby-config-1.0.1.jar:/home/user/.m2/repository/org/apache/kerby/kerb-core/1.0.1/kerb-core-1.0.1.jar:/home/user/.m2/repository/org/apache/kerby/kerby-pkix/1.0.1/kerby-pkix-1.0.1.jar:/home/user/.m2/repository/org/apache/kerby/kerby-asn1/1.0.1/kerby-asn1-1.0.1.jar:/home/user/.m2/repository/org/apache/kerby/kerby-util/1.0.1/kerby-util-1.0.1.jar:/home/user/.m2/repository/org/apache/kerby/kerb-common/1.0.1/kerb-common-1.0.1.jar:/home/user/.m2/repository/org/apache/kerby/kerb-crypto/1.0.1/kerb-crypto-1.0.1.jar:/home/user/.m2/repository/org/apache/kerby/kerb-util/1.0.1/kerb-util-1.0.1.jar:/home/user/.m2/repository/org/apache/kerby/token-provider/1.0.1/token-provider-1.0.1.jar:/home/user/.m2/repository/org/apache/kerby/kerb-admin/1.0.1/kerb-admin-1.0.1.jar:/home/user/.m2/repository/org/apache/kerby/kerb-server/1.0.1/kerb-server-1.0.1.jar:/home/user/.m2/repository/org/apache/kerby/kerb-identity/1.0.1/kerb-identity-1.0.1.jar:/home/user/.m2/repository/org/apache/kerby/kerby-xdr/1.0.1/kerby-xdr-1.0.1.jar:/home/user/.m2/repository/com/fasterxml/jackson/core/jackson-databind/2.9.9/jackson-databind-2.9.9.jar:/home/user/.m2/repository/com/fasterxml/jackson/core/jackson-core/2.9.9/jackson-core-2.9.9.jar:/home/user/.m2/repository/org/codehaus/woodstox/stax2-api/3.1.4/stax2-api-3.1.4.jar:/home/user/.m2/repository/com/fasterxml/woodstox/woodstox-core/5.0.3/woodstox-core-5.0.3.jar:/home/user/.m2/repository/dnsjava/dnsjava/2.1.7/dnsjava-2.1.7.jar:/home/user/.m2/repository/org/apache/hadoop/hadoop-hdfs/3.2.0/hadoop-hdfs-3.2.0.jar:/home/user/.m2/repository/org/eclipse/jetty/jetty-util-ajax/9.3.25.v20180904/jetty-util-ajax-9.3.25.v20180904.jar:/home/user/.m2/repository/commons-daemon/commons-daemon/1.0.13/commons-daemon-1.0.13.jar:/home/user/.m2/repository/io/netty/netty/3.10.5.Final/netty-3.10.5.Final.jar:/home/user/.m2/repository/io/netty/netty-all/4.0.52.Final/netty-all-4.0.52.Final.jar:/home/user/.m2/repository/org/fusesource/leveldbjni/leveldbjni-all/1.8/leveldbjni-all-1.8.jar:/home/user/.m2/repository/com/sun/xml/bind/jaxb-core/2.3.0.1/jaxb-core-2.3.0.1.jar:/home/user/.m2/repository/javax/xml/bind/jaxb-api/2.3.0/jaxb-api-2.3.0.jar:/home/user/.m2/repository/javax/activation/activation/1.1.1/activation-1.1.1.jar:/home/user/.m2/repository/org/openjdk/jmh/jmh-core/1.19/jmh-core-1.19.jar:/home/user/.m2/repository/net/sf/jopt-simple/jopt-simple/4.6/jopt-simple-4.6.jar:/home/user/.m2/repository/org/openjdk/jmh/jmh-generator-annprocess/1.19/jmh-generator-annprocess-1.19.jar:/home/user/.m2/repository/io/dropwizard/metrics/metrics-core/3.2.4/metrics-core-3.2.4.jar:/home/user/.m2/repository/com/amazonaws/aws-java-sdk-s3/1.11.615/aws-java-sdk-s3-1.11.615.jar:/home/user/.m2/repository/com/amazonaws/aws-java-sdk-kms/1.11.615/aws-java-sdk-kms-1.11.615.jar:/home/user/.m2/repository/com/amazonaws/aws-java-sdk-core/1.11.615/aws-java-sdk-core-1.11.615.jar:/home/user/.m2/repository/software/amazon/ion/ion-java/1.0.2/ion-java-1.0.2.jar:/home/user/.m2/repository/com/fasterxml/jackson/dataformat/jackson-dataformat-cbor/2.9.9/jackson-dataformat-cbor-2.9.9.jar:/home/user/.m2/repository/joda-time/joda-time/2.9.9/joda-time-2.9.9.jar:/home/user/.m2/repository/com/amazonaws/jmespath-java/1.11.615/jmespath-java-1.11.615.jar:/home/user/.m2/repository/com/github/spotbugs/spotbugs/3.1.12/spotbugs-3.1.12.jar:/home/user/.m2/repository/org/ow2/asm/asm/5.0.4/asm-5.0.4.jar:/home/user/.m2/repository/org/ow2/asm/asm-analysis/7.0/asm-analysis-7.0.jar:/home/user/.m2/repository/org/ow2/asm/asm-commons/7.0/asm-commons-7.0.jar:/home/user/.m2/repository/org/ow2/asm/asm-tree/7.0/asm-tree-7.0.jar:/home/user/.m2/repository/org/ow2/asm/asm-util/7.0/asm-util-7.0.jar:/home/user/.m2/repository/org/apache/bcel/bcel/6.3/bcel-6.3.jar:/home/user/.m2/repository/net/jcip/jcip-annotations/1.0/jcip-annotations-1.0.jar:/home/user/.m2/repository/org/dom4j/dom4j/2.1.1/dom4j-2.1.1.jar:/home/user/.m2/repository/jaxen/jaxen/1.1.6/jaxen-1.1.6.jar:/home/user/.m2/repository/commons-lang/commons-lang/2.6/commons-lang-2.6.jar:/home/user/.m2/repository/com/github/spotbugs/spotbugs-annotations/3.1.12/spotbugs-annotations-3.1.12.jar:/home/user/.m2/repository/junit/junit/4.11/junit-4.11.jar:/home/user/.m2/repository/org/hamcrest/hamcrest-core/1.3/hamcrest-core-1.3.jar:/home/user/.m2/repository/org/apache/hadoop/hadoop-common/3.2.0/hadoop-common-3.2.0-tests.jar:/workdir/hadoop-ozone/integration-test/target/test-classes:/home/user/.m2/repository/org/apache/hadoop/hadoop-ozone-s3gateway/0.5.0-SNAPSHOT/hadoop-ozone-s3gateway-0.5.0-SNAPSHOT.jar:/home/user/.m2/repository/org/jboss/weld/servlet/weld-servlet/2.4.7.Final/weld-servlet-2.4.7.Final.jar:/home/user/.m2/repository/org/glassfish/jersey/containers/jersey-container-servlet-core/2.27/jersey-container-servlet-core-2.27.jar:/home/user/.m2/repository/org/glassfish/hk2/external/javax.inject/2.5.0-b42/javax.inject-2.5.0-b42.jar:/home/user/.m2/repository/org/glassfish/jersey/core/jersey-common/2.27/jersey-common-2.27.jar:/home/user/.m2/repository/org/glassfish/hk2/osgi-resource-locator/1.0.1/osgi-resource-locator-1.0.1.jar:/home/user/.m2/repository/javax/ws/rs/javax.ws.rs-api/2.1/javax.ws.rs-api-2.1.jar:/home/user/.m2/repository/org/glassfish/jersey/ext/cdi/jersey-cdi1x/2.27/jersey-cdi1x-2.27.jar:/home/user/.m2/repository/org/glassfish/jersey/inject/jersey-hk2/2.27/jersey-hk2-2.27.jar:/home/user/.m2/repository/org/glassfish/hk2/hk2-locator/2.5.0-b42/hk2-locator-2.5.0-b42.jar:/home/user/.m2/repository/org/javassist/javassist/3.22.0-CR2/javassist-3.22.0-CR2.jar:/home/user/.m2/repository/org/glassfish/hk2/hk2-api/2.5.0/hk2-api-2.5.0.jar:/home/user/.m2/repository/org/glassfish/hk2/external/jakarta.inject/2.5.0/jakarta.inject-2.5.0.jar:/home/user/.m2/repository/org/glassfish/hk2/hk2-utils/2.5.0/hk2-utils-2.5.0.jar:/home/user/.m2/repository/jakarta/annotation/jakarta.annotation-api/1.3.4/jakarta.annotation-api-1.3.4.jar:/home/user/.m2/repository/org/glassfish/hk2/external/aopalliance-repackaged/2.5.0/aopalliance-repackaged-2.5.0.jar:/home/user/.m2/repository/com/fasterxml/jackson/dataformat/jackson-dataformat-xml/2.9.0/jackson-dataformat-xml-2.9.0.jar:/home/user/.m2/repository/com/fasterxml/jackson/module/jackson-module-jaxb-annotations/2.9.9/jackson-module-jaxb-annotations-2.9.9.jar:/home/user/.m2/repository/javax/enterprise/cdi-api/1.2/cdi-api-1.2.jar:/home/user/.m2/repository/javax/el/javax.el-api/3.0.0/javax.el-api-3.0.0.jar:/home/user/.m2/repository/javax/interceptor/javax.interceptor-api/1.2/javax.interceptor-api-1.2.jar:/home/user/.m2/repository/javax/inject/javax.inject/1/javax.inject-1.jar:/home/user/.m2/repository/org/apache/hadoop/hadoop-ozone-csi/0.5.0-SNAPSHOT/hadoop-ozone-csi-0.5.0-SNAPSHOT.jar:/home/user/.m2/repository/com/google/protobuf/protobuf-java-util/3.5.1/protobuf-java-util-3.5.1.jar:/home/user/.m2/repository/io/grpc/grpc-netty/1.17.1/grpc-netty-1.17.1.jar:/home/user/.m2/repository/io/grpc/grpc-core/1.17.1/grpc-core-1.17.1.jar:/home/user/.m2/repository/io/grpc/grpc-context/1.17.1/grpc-context-1.17.1.jar:/home/user/.m2/repository/com/google/errorprone/error_prone_annotations/2.2.0/error_prone_annotations-2.2.0.jar:/home/user/.m2/repository/org/codehaus/mojo/animal-sniffer-annotations/1.17/animal-sniffer-annotations-1.17.jar:/home/user/.m2/repository/io/opencensus/opencensus-api/0.17.0/opencensus-api-0.17.0.jar:/home/user/.m2/repository/io/opencensus/opencensus-contrib-grpc-metrics/0.17.0/opencensus-contrib-grpc-metrics-0.17.0.jar:/home/user/.m2/repository/io/netty/netty-codec-http2/4.1.30.Final/netty-codec-http2-4.1.30.Final.jar:/home/user/.m2/repository/io/netty/netty-codec-http/4.1.30.Final/netty-codec-http-4.1.30.Final.jar:/home/user/.m2/repository/io/netty/netty-codec/4.1.30.Final/netty-codec-4.1.30.Final.jar:/home/user/.m2/repository/io/netty/netty-handler/4.1.30.Final/netty-handler-4.1.30.Final.jar:/home/user/.m2/repository/io/netty/netty-handler-proxy/4.1.30.Final/netty-handler-proxy-4.1.30.Final.jar:/home/user/.m2/repository/io/netty/netty-codec-socks/4.1.30.Final/netty-codec-socks-4.1.30.Final.jar:/home/user/.m2/repository/io/netty/netty-transport-native-epoll/4.1.30.Final/netty-transport-native-epoll-4.1.30.Final.jar:/home/user/.m2/repository/io/netty/netty-common/4.1.30.Final/netty-common-4.1.30.Final.jar:/home/user/.m2/repository/io/netty/netty-buffer/4.1.30.Final/netty-buffer-4.1.30.Final.jar:/home/user/.m2/repository/io/netty/netty-transport/4.1.30.Final/netty-transport-4.1.30.Final.jar:/home/user/.m2/repository/io/netty/netty-resolver/4.1.30.Final/netty-resolver-4.1.30.Final.jar:/home/user/.m2/repository/io/netty/netty-transport-native-unix-common/4.1.30.Final/netty-transport-native-unix-common-4.1.30.Final.jar:/home/user/.m2/repository/io/grpc/grpc-protobuf/1.17.1/grpc-protobuf-1.17.1.jar:/home/user/.m2/repository/com/google/api/grpc/proto-google-common-protos/1.0.0/proto-google-common-protos-1.0.0.jar:/home/user/.m2/repository/io/grpc/grpc-protobuf-lite/1.17.1/grpc-protobuf-lite-1.17.1.jar:/home/user/.m2/repository/io/grpc/grpc-stub/1.17.1/grpc-stub-1.17.1.jar:/home/user/.m2/repository/org/apache/hadoop/hadoop-ozone-recon/0.5.0-SNAPSHOT/hadoop-ozone-recon-0.5.0-SNAPSHOT.jar:/home/user/.m2/repository/org/apache/hadoop/hadoop-ozone-reconcodegen/0.5.0-SNAPSHOT/hadoop-ozone-reconcodegen-0.5.0-SNAPSHOT.jar:/home/user/.m2/repository/com/google/inject/extensions/guice-multibindings/4.0/guice-multibindings-4.0.jar:/home/user/.m2/repository/com/google/inject/guice/4.0/guice-4.0.jar:/home/user/.m2/repository/aopalliance/aopalliance/1.0/aopalliance-1.0.jar:/home/user/.m2/repository/com/google/inject/extensions/guice-servlet/4.0/guice-servlet-4.0.jar:/home/user/.m2/repository/org/glassfish/jersey/containers/jersey-container-servlet/2.27/jersey-container-servlet-2.27.jar:/home/user/.m2/repository/org/glassfish/hk2/guice-bridge/2.5.0/guice-bridge-2.5.0.jar:/home/user/.m2/repository/org/glassfish/jersey/core/jersey-server/2.27/jersey-server-2.27.jar:/home/user/.m2/repository/org/glassfish/jersey/core/jersey-client/2.27/jersey-client-2.27.jar:/home/user/.m2/repository/org/glassfish/jersey/media/jersey-media-jaxb/2.27/jersey-media-jaxb-2.27.jar:/home/user/.m2/repository/javax/validation/validation-api/1.1.0.Final/validation-api-1.1.0.Final.jar:/home/user/.m2/repository/org/glassfish/jersey/media/jersey-media-json-jackson/2.27/jersey-media-json-jackson-2.27.jar:/home/user/.m2/repository/org/glassfish/jersey/ext/jersey-entity-filtering/2.27/jersey-entity-filtering-2.27.jar:/home/user/.m2/repository/com/google/inject/extensions/guice-assistedinject/4.0/guice-assistedinject-4.0.jar:/home/user/.m2/repository/org/jooq/jooq/3.11.10/jooq-3.11.10.jar:/home/user/.m2/repository/org/jooq/jooq-meta/3.11.10/jooq-meta-3.11.10.jar:/home/user/.m2/repository/org/jooq/jooq-codegen/3.11.10/jooq-codegen-3.11.10.jar:/home/user/.m2/repository/com/jolbox/bonecp/0.8.0.RELEASE/bonecp-0.8.0.RELEASE.jar:/home/user/.m2/repository/org/springframework/spring-jdbc/5.1.3.RELEASE/spring-jdbc-5.1.3.RELEASE.jar:/home/user/.m2/repository/org/springframework/spring-beans/5.1.3.RELEASE/spring-beans-5.1.3.RELEASE.jar:/home/user/.m2/repository/org/springframework/spring-core/5.1.3.RELEASE/spring-core-5.1.3.RELEASE.jar:/home/user/.m2/repository/org/springframework/spring-jcl/5.1.3.RELEASE/spring-jcl-5.1.3.RELEASE.jar:/home/user/.m2/repository/org/springframework/spring-tx/5.1.3.RELEASE/spring-tx-5.1.3.RELEASE.jar:/home/user/.m2/repository/org/mockito/mockito-core/2.15.0/mockito-core-2.15.0.jar:/home/user/.m2/repository/net/bytebuddy/byte-buddy/1.7.9/byte-buddy-1.7.9.jar:/home/user/.m2/repository/net/bytebuddy/byte-buddy-agent/1.7.9/byte-buddy-agent-1.7.9.jar:/home/user/.m2/repository/org/objenesis/objenesis/1.0/objenesis-1.0.jar:"/>
    <property name="sun.cpu.endian" value="little"/>
    <property name="user.home" value="/home/user"/>
    <property name="user.language" value="en"/>
    <property name="java.specification.vendor" value="Oracle Corporation"/>
    <property name="java.home" value="/usr/lib/jvm/java-1.8.0-openjdk-1.8.0.222.b10-1.el7_7.x86_64/jre"/>
    <property name="surefire.excludesFile" value="/tools/ozone-bad-unit-tests"/>
    <property name="java.security.krb5.conf" value="/workdir/hadoop-ozone/tools/target/test-classes/krb5.conf"/>
    <property name="basedir" value="/workdir/hadoop-ozone/tools"/>
    <property name="file.separator" value="/"/>
    <property name="line.separator" value="&#10;"/>
    <property name="java.vm.specification.vendor" value="Oracle Corporation"/>
    <property name="java.specification.name" value="Java Platform API Specification"/>
    <property name="java.awt.graphicsenv" value="sun.awt.X11GraphicsEnvironment"/>
    <property name="surefire.real.class.path" value="/workdir/hadoop-ozone/tools/target/surefire/surefirebooter359259594290876094.jar"/>
    <property name="hadoop.log.dir" value="/workdir/hadoop-ozone/tools/target/log"/>
    <property name="sun.boot.class.path" value="/usr/lib/jvm/java-1.8.0-openjdk-1.8.0.222.b10-1.el7_7.x86_64/jre/lib/resources.jar:/usr/lib/jvm/java-1.8.0-openjdk-1.8.0.222.b10-1.el7_7.x86_64/jre/lib/rt.jar:/usr/lib/jvm/java-1.8.0-openjdk-1.8.0.222.b10-1.el7_7.x86_64/jre/lib/sunrsasign.jar:/usr/lib/jvm/java-1.8.0-openjdk-1.8.0.222.b10-1.el7_7.x86_64/jre/lib/jsse.jar:/usr/lib/jvm/java-1.8.0-openjdk-1.8.0.222.b10-1.el7_7.x86_64/jre/lib/jce.jar:/usr/lib/jvm/java-1.8.0-openjdk-1.8.0.222.b10-1.el7_7.x86_64/jre/lib/charsets.jar:/usr/lib/jvm/java-1.8.0-openjdk-1.8.0.222.b10-1.el7_7.x86_64/jre/lib/jfr.jar:/usr/lib/jvm/java-1.8.0-openjdk-1.8.0.222.b10-1.el7_7.x86_64/jre/classes"/>
    <property name="sun.management.compiler" value="HotSpot 64-Bit Tiered Compilers"/>
    <property name="java.runtime.version" value="1.8.0_222-b10"/>
    <property name="java.net.preferIPv4Stack" value="true"/>
    <property name="user.name" value="jenkins1000"/>
    <property name="path.separator" value=":"/>
    <property name="java.security.egd" value="file:///dev/urandom"/>
    <property name="os.version" value="3.10.0-957.12.2.el7.x86_64"/>
    <property name="java.endorsed.dirs" value="/usr/lib/jvm/java-1.8.0-openjdk-1.8.0.222.b10-1.el7_7.x86_64/jre/lib/endorsed"/>
    <property name="java.runtime.name" value="OpenJDK Runtime Environment"/>
    <property name="file.encoding" value="ANSI_X3.4-1968"/>
    <property name="java.vm.name" value="OpenJDK 64-Bit Server VM"/>
    <property name="test.build.webapps" value=""/>
    <property name="localRepository" value="/home/user/.m2/repository"/>
    <property name="java.vendor.url.bug" value="http://bugreport.sun.com/bugreport/"/>
    <property name="java.io.tmpdir" value="/tmp"/>
    <property name="require.test.libhadoop" value=""/>
    <property name="java.version" value="1.8.0_222"/>
    <property name="user.dir" value="/workdir/hadoop-ozone/tools"/>
    <property name="os.arch" value="amd64"/>
    <property name="java.vm.specification.name" value="Java Virtual Machine Specification"/>
    <property name="test.build.classes" value="/workdir/hadoop-ozone/tools/target/test-classes"/>
    <property name="java.awt.printerjob" value="sun.print.PSPrinterJob"/>
    <property name="sun.os.patch.level" value="unknown"/>
    <property name="hadoop.tmp.dir" value="/workdir/hadoop-ozone/tools/target/tmp"/>
    <property name="java.library.path" value="/usr/lib:/workdir/hadoop-ozone/tools/target/native/target/usr/local/lib:/workdir/hadoop-ozone/tools/../../hadoop-common-project/hadoop-common/target/native/target/usr/local/lib:/usr/java/packages/lib/amd64:/usr/lib64:/lib64:/lib:/usr/lib"/>
    <property name="java.vm.info" value="mixed mode"/>
    <property name="java.vendor" value="Oracle Corporation"/>
    <property name="java.vm.version" value="25.222-b10"/>
    <property name="java.ext.dirs" value="/usr/lib/jvm/java-1.8.0-openjdk-1.8.0.222.b10-1.el7_7.x86_64/jre/lib/ext:/usr/java/packages/lib/ext"/>
    <property name="sun.io.unicode.encoding" value="UnicodeLittle"/>
    <property name="java.class.version" value="52.0"/>
  </properties>
  <testcase name="testRestart" classname="org.apache.hadoop.ozone.freon.TestFreonWithPipelineDestroy" time="18.309">
    <error message="INTERNAL_ERROR org.apache.hadoop.ozone.om.exceptions.OMException: Allocated 0 blocks. Requested 5 blocks" type="java.lang.RuntimeException">java.lang.RuntimeException: INTERNAL_ERROR org.apache.hadoop.ozone.om.exceptions.OMException: Allocated 0 blocks. Requested 5 blocks
	at org.apache.hadoop.ozone.freon.RandomKeyGenerator.call(RandomKeyGenerator.java:341)
	at org.apache.hadoop.ozone.freon.TestFreonWithPipelineDestroy.startFreon(TestFreonWithPipelineDestroy.java:87)
	at org.apache.hadoop.ozone.freon.TestFreonWithPipelineDestroy.testRestart(TestFreonWithPipelineDestroy.java:74)
	at sun.reflect.NativeMethodAccessorImpl.invoke0(Native Method)
	at sun.reflect.NativeMethodAccessorImpl.invoke(NativeMethodAccessorImpl.java:62)
	at sun.reflect.DelegatingMethodAccessorImpl.invoke(DelegatingMethodAccessorImpl.java:43)
	at java.lang.reflect.Method.invoke(Method.java:498)
	at org.junit.runners.model.FrameworkMethod$1.runReflectiveCall(FrameworkMethod.java:47)
	at org.junit.internal.runners.model.ReflectiveCallable.run(ReflectiveCallable.java:12)
	at org.junit.runners.model.FrameworkMethod.invokeExplosively(FrameworkMethod.java:44)
	at org.junit.internal.runners.statements.InvokeMethod.evaluate(InvokeMethod.java:17)
	at org.junit.runners.ParentRunner.runLeaf(ParentRunner.java:271)
	at org.junit.runners.BlockJUnit4ClassRunner.runChild(BlockJUnit4ClassRunner.java:70)
	at org.junit.runners.BlockJUnit4ClassRunner.runChild(BlockJUnit4ClassRunner.java:50)
	at org.junit.runners.ParentRunner$3.run(ParentRunner.java:238)
	at org.junit.runners.ParentRunner$1.schedule(ParentRunner.java:63)
	at org.junit.runners.ParentRunner.runChildren(ParentRunner.java:236)
	at org.junit.runners.ParentRunner.access$000(ParentRunner.java:53)
	at org.junit.runners.ParentRunner$2.evaluate(ParentRunner.java:229)
	at org.junit.internal.runners.statements.RunBefores.evaluate(RunBefores.java:26)
	at org.junit.internal.runners.statements.RunAfters.evaluate(RunAfters.java:27)
	at org.junit.runners.ParentRunner.run(ParentRunner.java:309)
	at org.apache.maven.surefire.junit4.JUnit4Provider.execute(JUnit4Provider.java:365)
	at org.apache.maven.surefire.junit4.JUnit4Provider.executeWithRerun(JUnit4Provider.java:273)
	at org.apache.maven.surefire.junit4.JUnit4Provider.executeTestSet(JUnit4Provider.java:238)
	at org.apache.maven.surefire.junit4.JUnit4Provider.invoke(JUnit4Provider.java:159)
	at org.apache.maven.surefire.booter.ForkedBooter.invokeProviderInSameClassLoader(ForkedBooter.java:384)
	at org.apache.maven.surefire.booter.ForkedBooter.runSuitesInProcess(ForkedBooter.java:345)
	at org.apache.maven.surefire.booter.ForkedBooter.execute(ForkedBooter.java:126)
	at org.apache.maven.surefire.booter.ForkedBooter.main(ForkedBooter.java:418)
Caused by: INTERNAL_ERROR org.apache.hadoop.ozone.om.exceptions.OMException: Allocated 0 blocks. Requested 5 blocks
	at org.apache.hadoop.ozone.om.protocolPB.OzoneManagerProtocolClientSideTranslatorPB.handleError(OzoneManagerProtocolClientSideTranslatorPB.java:761)
	at org.apache.hadoop.ozone.om.protocolPB.OzoneManagerProtocolClientSideTranslatorPB.openKey(OzoneManagerProtocolClientSideTranslatorPB.java:752)
	at sun.reflect.NativeMethodAccessorImpl.invoke0(Native Method)
	at sun.reflect.NativeMethodAccessorImpl.invoke(NativeMethodAccessorImpl.java:62)
	at sun.reflect.DelegatingMethodAccessorImpl.invoke(DelegatingMethodAccessorImpl.java:43)
	at java.lang.reflect.Method.invoke(Method.java:498)
	at org.apache.hadoop.hdds.tracing.TraceAllMethod.invoke(TraceAllMethod.java:66)
	at com.sun.proxy.$Proxy37.openKey(Unknown Source)
	at org.apache.hadoop.ozone.client.rpc.RpcClient.createKey(RpcClient.java:633)
	at org.apache.hadoop.ozone.client.OzoneBucket.createKey(OzoneBucket.java:325)
	at org.apache.hadoop.ozone.freon.RandomKeyGenerator.createKey(RandomKeyGenerator.java:697)
	at org.apache.hadoop.ozone.freon.RandomKeyGenerator.access$1100(RandomKeyGenerator.java:88)
	at org.apache.hadoop.ozone.freon.RandomKeyGenerator$ObjectCreator.run(RandomKeyGenerator.java:615)
	at java.util.concurrent.Executors$RunnableAdapter.call(Executors.java:511)
	at java.util.concurrent.FutureTask.run(FutureTask.java:266)
	at java.util.concurrent.ThreadPoolExecutor.runWorker(ThreadPoolExecutor.java:1149)
	at java.util.concurrent.ThreadPoolExecutor$Worker.run(ThreadPoolExecutor.java:624)
	at java.lang.Thread.run(Thread.java:748)
</error>
    <system-out><![CDATA[2019-11-18 04:17:47,732 [main] WARN  server.ServerUtils (ServerUtils.java:getScmDbDir(145)) - ozone.scm.db.dirs is not configured. We recommend adding this setting. Falling back to ozone.metadata.dirs instead.
2019-11-18 04:17:47,904 [main] WARN  server.ServerUtils (ServerUtils.java:getScmDbDir(145)) - ozone.scm.db.dirs is not configured. We recommend adding this setting. Falling back to ozone.metadata.dirs instead.
2019-11-18 04:17:47,908 [main] WARN  server.ServerUtils (ServerUtils.java:getScmDbDir(145)) - ozone.scm.db.dirs is not configured. We recommend adding this setting. Falling back to ozone.metadata.dirs instead.
2019-11-18 04:17:47,934 [main] INFO  util.log (Log.java:initialized(192)) - Logging initialized @950ms
2019-11-18 04:17:48,029 [main] INFO  db.DBStoreBuilder (DBStoreBuilder.java:addTable(127)) - using custom profile for table: deletedBlocks
2019-11-18 04:17:48,030 [main] INFO  db.DBStoreBuilder (DBStoreBuilder.java:processTables(183)) - Using default column profile:DBProfile.DISK for Table:deletedBlocks
2019-11-18 04:17:48,030 [main] INFO  db.DBStoreBuilder (DBStoreBuilder.java:addTable(127)) - using custom profile for table: validCerts
2019-11-18 04:17:48,030 [main] INFO  db.DBStoreBuilder (DBStoreBuilder.java:processTables(183)) - Using default column profile:DBProfile.DISK for Table:validCerts
2019-11-18 04:17:48,031 [main] INFO  db.DBStoreBuilder (DBStoreBuilder.java:addTable(127)) - using custom profile for table: revokedCerts
2019-11-18 04:17:48,031 [main] INFO  db.DBStoreBuilder (DBStoreBuilder.java:processTables(183)) - Using default column profile:DBProfile.DISK for Table:revokedCerts
2019-11-18 04:17:48,052 [main] INFO  db.DBStoreBuilder (DBStoreBuilder.java:addTable(127)) - using custom profile for table: default
2019-11-18 04:17:48,052 [main] INFO  db.DBStoreBuilder (DBStoreBuilder.java:processTables(189)) - Using default column profile:DBProfile.DISK for Table:default
2019-11-18 04:17:48,055 [main] INFO  db.DBStoreBuilder (DBStoreBuilder.java:getDbProfile(220)) - Using default options. DBProfile.DISK
2019-11-18 04:17:48,235 [main] INFO  net.NodeSchemaLoader (NodeSchemaLoader.java:loadSchemaFromFile(125)) - Loading file from sun.misc.CompoundEnumeration@5e0e82ae
2019-11-18 04:17:48,237 [main] INFO  net.NodeSchemaLoader (NodeSchemaLoader.java:loadSchema(171)) - Loading network topology layer schema file
2019-11-18 04:17:48,297 [main] INFO  node.SCMNodeManager (SCMNodeManager.java:<init>(116)) - Entering startup safe mode.
2019-11-18 04:17:48,361 [main] INFO  algorithms.ContainerPlacementPolicyFactory (ContainerPlacementPolicyFactory.java:getPolicy(57)) - Create container placement policy of type org.apache.hadoop.hdds.scm.container.placement.algorithms.SCMContainerPlacementRandom
2019-11-18 04:17:48,381 [main] WARN  server.ServerUtils (ServerUtils.java:getScmDbDir(145)) - ozone.scm.db.dirs is not configured. We recommend adding this setting. Falling back to ozone.metadata.dirs instead.
2019-11-18 04:17:48,438 [main] INFO  pipeline.SCMPipelineManager (SCMPipelineManager.java:initializePipelineState(136)) - No pipeline exists in current db
2019-11-18 04:17:48,440 [main] WARN  server.ServerUtils (ServerUtils.java:getScmDbDir(145)) - ozone.scm.db.dirs is not configured. We recommend adding this setting. Falling back to ozone.metadata.dirs instead.
2019-11-18 04:17:48,571 [main] INFO  safemode.HealthyPipelineSafeModeRule (HealthyPipelineSafeModeRule.java:<init>(92)) -  Total pipeline count is 0, healthy pipeline threshold count is 1
2019-11-18 04:17:48,578 [main] INFO  safemode.OneReplicaPipelineSafeModeRule (OneReplicaPipelineSafeModeRule.java:<init>(79)) - Total pipeline count is 0, pipeline's with at least one datanode reported threshold count is 0
2019-11-18 04:17:48,579 [main] WARN  events.EventQueue (EventQueue.java:fireEvent(183)) - No event handler registered for event TypedEvent{payloadType=SafeModeStatus, name='SafeModeStatus'}
2019-11-18 04:17:48,980 [main] INFO  ipc.CallQueueManager (CallQueueManager.java:<init>(84)) - Using callQueue: class java.util.concurrent.LinkedBlockingQueue, queueCapacity: 2000, scheduler: class org.apache.hadoop.ipc.DefaultRpcScheduler, ipcBackoff: false.
2019-11-18 04:17:49,134 [Socket Reader #1 for port 40833] INFO  ipc.Server (Server.java:run(1074)) - Starting Socket Reader #1 for port 40833
2019-11-18 04:17:49,177 [main] INFO  ipc.CallQueueManager (CallQueueManager.java:<init>(84)) - Using callQueue: class java.util.concurrent.LinkedBlockingQueue, queueCapacity: 2000, scheduler: class org.apache.hadoop.ipc.DefaultRpcScheduler, ipcBackoff: false.
2019-11-18 04:17:49,179 [Socket Reader #1 for port 44423] INFO  ipc.Server (Server.java:run(1074)) - Starting Socket Reader #1 for port 44423
2019-11-18 04:17:49,188 [main] INFO  ipc.CallQueueManager (CallQueueManager.java:<init>(84)) - Using callQueue: class java.util.concurrent.LinkedBlockingQueue, queueCapacity: 2000, scheduler: class org.apache.hadoop.ipc.DefaultRpcScheduler, ipcBackoff: false.
2019-11-18 04:17:49,189 [Socket Reader #1 for port 45441] INFO  ipc.Server (Server.java:run(1074)) - Starting Socket Reader #1 for port 45441
2019-11-18 04:17:49,216 [main] INFO  hdfs.DFSUtil (DFSUtil.java:httpServerTemplateForNNAndJN(1641)) - Starting Web-server for scm at: http://0.0.0.0:0
2019-11-18 04:17:49,372 [main] INFO  server.AuthenticationFilter (AuthenticationFilter.java:constructSecretProvider(240)) - Unable to initialize FileSignerSecretProvider, falling back to use random secrets.
2019-11-18 04:17:49,389 [main] WARN  http.HttpRequestLog (HttpRequestLog.java:getRequestLog(97)) - Jetty request log can only be enabled using Log4j
2019-11-18 04:17:49,404 [main] INFO  http.HttpServer2 (HttpServer2.java:addGlobalFilter(975)) - Added global filter 'safety' (class=org.apache.hadoop.http.HttpServer2$QuotingInputFilter)
2019-11-18 04:17:49,409 [main] INFO  http.HttpServer2 (HttpServer2.java:addFilter(948)) - Added filter static_user_filter (class=org.apache.hadoop.http.lib.StaticUserWebFilter$StaticUserFilter) to context scm
2019-11-18 04:17:49,409 [main] INFO  http.HttpServer2 (HttpServer2.java:addFilter(958)) - Added filter static_user_filter (class=org.apache.hadoop.http.lib.StaticUserWebFilter$StaticUserFilter) to context static
2019-11-18 04:17:49,409 [main] INFO  http.HttpServer2 (HttpServer2.java:addFilter(958)) - Added filter static_user_filter (class=org.apache.hadoop.http.lib.StaticUserWebFilter$StaticUserFilter) to context logs
2019-11-18 04:17:49,436 [main] INFO  server.StorageContainerManager (StorageContainerManager.java:start(765)) - StorageContainerLocationProtocol RPC server is listening at /0.0.0.0:45441
2019-11-18 04:17:49,490 [main] WARN  impl.MetricsConfig (MetricsConfig.java:loadFirst(134)) - Cannot locate configuration: tried hadoop-metrics2-storagecontainermanager.properties,hadoop-metrics2.properties
2019-11-18 04:17:49,504 [main] INFO  impl.MetricsSystemImpl (MetricsSystemImpl.java:startTimer(374)) - Scheduled Metric snapshot period at 10 second(s).
2019-11-18 04:17:49,504 [main] INFO  impl.MetricsSystemImpl (MetricsSystemImpl.java:start(191)) - StorageContainerManager metrics system started
2019-11-18 04:17:49,711 [main] INFO  server.SCMClientProtocolServer (SCMClientProtocolServer.java:start(160)) - RPC server for Client  is listening at /0.0.0.0:45441
2019-11-18 04:17:49,712 [IPC Server Responder] INFO  ipc.Server (Server.java:run(1314)) - IPC Server Responder: starting
2019-11-18 04:17:49,712 [IPC Server listener on 45441] INFO  ipc.Server (Server.java:run(1153)) - IPC Server listener on 45441: starting
2019-11-18 04:17:49,715 [main] INFO  server.StorageContainerManager (StorageContainerManager.java:start(775)) - ScmBlockLocationProtocol RPC server is listening at /0.0.0.0:44423
2019-11-18 04:17:49,715 [main] INFO  server.SCMBlockProtocolServer (SCMBlockProtocolServer.java:start(146)) - RPC server for Block Protocol is listening at /0.0.0.0:44423
2019-11-18 04:17:49,716 [IPC Server listener on 44423] INFO  ipc.Server (Server.java:run(1153)) - IPC Server listener on 44423: starting
2019-11-18 04:17:49,716 [IPC Server Responder] INFO  ipc.Server (Server.java:run(1314)) - IPC Server Responder: starting
2019-11-18 04:17:49,718 [main] INFO  server.StorageContainerManager (StorageContainerManager.java:start(779)) - ScmDatanodeProtocl RPC server is listening at /0.0.0.0:40833
2019-11-18 04:17:49,719 [main] INFO  server.SCMDatanodeProtocolServer (SCMDatanodeProtocolServer.java:start(177)) - RPC server for DataNodes is listening at /0.0.0.0:40833
2019-11-18 04:17:49,719 [IPC Server listener on 40833] INFO  ipc.Server (Server.java:run(1153)) - IPC Server listener on 40833: starting
2019-11-18 04:17:49,719 [IPC Server Responder] INFO  ipc.Server (Server.java:run(1314)) - IPC Server Responder: starting
2019-11-18 04:17:49,723 [main] INFO  http.HttpServer2 (HttpServer2.java:bindListener(1191)) - Jetty bound to port 41714
2019-11-18 04:17:49,724 [main] INFO  server.Server (Server.java:doStart(351)) - jetty-9.3.25.v20180904, build timestamp: 2018-09-04T21:11:46Z, git hash: 3ce520221d0240229c862b122d2b06c12a625732
2019-11-18 04:17:49,773 [main] INFO  handler.ContextHandler (ContextHandler.java:doStart(781)) - Started o.e.j.s.ServletContextHandler@4218500f{/logs,file:///workdir/hadoop-ozone/tools/target/log,AVAILABLE}
2019-11-18 04:17:49,774 [main] INFO  handler.ContextHandler (ContextHandler.java:doStart(781)) - Started o.e.j.s.ServletContextHandler@c2db68f{/static,jar:file:/home/user/.m2/repository/org/apache/hadoop/hadoop-hdds-server-scm/0.5.0-SNAPSHOT/hadoop-hdds-server-scm-0.5.0-SNAPSHOT.jar!/webapps/static,AVAILABLE}
2019-11-18 04:17:49,859 [main] INFO  handler.ContextHandler (ContextHandler.java:doStart(781)) - Started o.e.j.w.WebAppContext@37cd92d6{/,file:///tmp/jetty-0.0.0.0-41714-scm-_-any-6878572905092240841.dir/webapp/,AVAILABLE}{/scm}
2019-11-18 04:17:49,864 [main] INFO  server.AbstractConnector (AbstractConnector.java:doStart(278)) - Started ServerConnector@7e0aadd0{HTTP/1.1,[http/1.1]}{0.0.0.0:41714}
2019-11-18 04:17:49,865 [main] INFO  server.Server (Server.java:doStart(419)) - Started @2880ms
2019-11-18 04:17:49,867 [main] INFO  impl.MetricsSinkAdapter (MetricsSinkAdapter.java:start(204)) - Sink prometheus started
2019-11-18 04:17:49,867 [main] INFO  impl.MetricsSystemImpl (MetricsSystemImpl.java:registerSink(301)) - Registered sink prometheus
2019-11-18 04:17:49,869 [main] INFO  server.BaseHttpServer (BaseHttpServer.java:updateConnectorAddress(215)) - HTTP server of SCM is listening at http://0.0.0.0:41714
2019-11-18 04:17:49,876 [org.apache.hadoop.util.JvmPauseMonitor$Monitor@2f66e802] INFO  util.JvmPauseMonitor (JvmPauseMonitor.java:run(188)) - Starting JVM pause monitor
2019-11-18 04:17:49,881 [main] WARN  server.ServerUtils (ServerUtils.java:getDBPath(222)) - ozone.om.db.dirs is not configured. We recommend adding this setting. Falling back to ozone.metadata.dirs instead.
2019-11-18 04:17:49,988 [main] INFO  ha.OMHANodeDetails (OMHANodeDetails.java:loadOMHAConfig(190)) - Configuration either no ozone.om.address set. Falling back to the default OM address /127.0.0.1:0
2019-11-18 04:17:49,988 [main] INFO  ha.OMHANodeDetails (OMHANodeDetails.java:getOMNodeDetails(220)) - OM Service ID is not set. Setting it to the default ID: omServiceIdDefault
2019-11-18 04:17:49,990 [main] WARN  server.ServerUtils (ServerUtils.java:getDBPath(222)) - ozone.om.db.dirs is not configured. We recommend adding this setting. Falling back to ozone.metadata.dirs instead.
2019-11-18 04:17:49,990 [main] WARN  server.ServerUtils (ServerUtils.java:getDBPath(222)) - ozone.om.db.dirs is not configured. We recommend adding this setting. Falling back to ozone.metadata.dirs instead.
2019-11-18 04:17:50,598 [main] WARN  server.ServerUtils (ServerUtils.java:getDBPath(222)) - ozone.om.db.dirs is not configured. We recommend adding this setting. Falling back to ozone.metadata.dirs instead.
2019-11-18 04:17:50,607 [main] INFO  db.DBStoreBuilder (DBStoreBuilder.java:addTable(127)) - using custom profile for table: userTable
2019-11-18 04:17:50,607 [main] INFO  db.DBStoreBuilder (DBStoreBuilder.java:processTables(183)) - Using default column profile:DBProfile.DISK for Table:userTable
2019-11-18 04:17:50,607 [main] INFO  db.DBStoreBuilder (DBStoreBuilder.java:addTable(127)) - using custom profile for table: volumeTable
2019-11-18 04:17:50,607 [main] INFO  db.DBStoreBuilder (DBStoreBuilder.java:processTables(183)) - Using default column profile:DBProfile.DISK for Table:volumeTable
2019-11-18 04:17:50,608 [main] INFO  db.DBStoreBuilder (DBStoreBuilder.java:addTable(127)) - using custom profile for table: bucketTable
2019-11-18 04:17:50,608 [main] INFO  db.DBStoreBuilder (DBStoreBuilder.java:processTables(183)) - Using default column profile:DBProfile.DISK for Table:bucketTable
2019-11-18 04:17:50,608 [main] INFO  db.DBStoreBuilder (DBStoreBuilder.java:addTable(127)) - using custom profile for table: keyTable
2019-11-18 04:17:50,608 [main] INFO  db.DBStoreBuilder (DBStoreBuilder.java:processTables(183)) - Using default column profile:DBProfile.DISK for Table:keyTable
2019-11-18 04:17:50,609 [main] INFO  db.DBStoreBuilder (DBStoreBuilder.java:addTable(127)) - using custom profile for table: deletedTable
2019-11-18 04:17:50,609 [main] INFO  db.DBStoreBuilder (DBStoreBuilder.java:processTables(183)) - Using default column profile:DBProfile.DISK for Table:deletedTable
2019-11-18 04:17:50,609 [main] INFO  db.DBStoreBuilder (DBStoreBuilder.java:addTable(127)) - using custom profile for table: openKeyTable
2019-11-18 04:17:50,609 [main] INFO  db.DBStoreBuilder (DBStoreBuilder.java:processTables(183)) - Using default column profile:DBProfile.DISK for Table:openKeyTable
2019-11-18 04:17:50,610 [main] INFO  db.DBStoreBuilder (DBStoreBuilder.java:addTable(127)) - using custom profile for table: s3Table
2019-11-18 04:17:50,610 [main] INFO  db.DBStoreBuilder (DBStoreBuilder.java:processTables(183)) - Using default column profile:DBProfile.DISK for Table:s3Table
2019-11-18 04:17:50,610 [main] INFO  db.DBStoreBuilder (DBStoreBuilder.java:addTable(127)) - using custom profile for table: multipartInfoTable
2019-11-18 04:17:50,610 [main] INFO  db.DBStoreBuilder (DBStoreBuilder.java:processTables(183)) - Using default column profile:DBProfile.DISK for Table:multipartInfoTable
2019-11-18 04:17:50,611 [main] INFO  db.DBStoreBuilder (DBStoreBuilder.java:addTable(127)) - using custom profile for table: dTokenTable
2019-11-18 04:17:50,611 [main] INFO  db.DBStoreBuilder (DBStoreBuilder.java:processTables(183)) - Using default column profile:DBProfile.DISK for Table:dTokenTable
2019-11-18 04:17:50,611 [main] INFO  db.DBStoreBuilder (DBStoreBuilder.java:addTable(127)) - using custom profile for table: s3SecretTable
2019-11-18 04:17:50,611 [main] INFO  db.DBStoreBuilder (DBStoreBuilder.java:processTables(183)) - Using default column profile:DBProfile.DISK for Table:s3SecretTable
2019-11-18 04:17:50,611 [main] INFO  db.DBStoreBuilder (DBStoreBuilder.java:addTable(127)) - using custom profile for table: prefixTable
2019-11-18 04:17:50,612 [main] INFO  db.DBStoreBuilder (DBStoreBuilder.java:processTables(183)) - Using default column profile:DBProfile.DISK for Table:prefixTable
2019-11-18 04:17:50,612 [main] INFO  db.DBStoreBuilder (DBStoreBuilder.java:addTable(127)) - using custom profile for table: default
2019-11-18 04:17:50,612 [main] INFO  db.DBStoreBuilder (DBStoreBuilder.java:processTables(189)) - Using default column profile:DBProfile.DISK for Table:default
2019-11-18 04:17:50,612 [main] INFO  db.DBStoreBuilder (DBStoreBuilder.java:getDbProfile(220)) - Using default options. DBProfile.DISK
2019-11-18 04:17:51,060 [main] INFO  ipc.CallQueueManager (CallQueueManager.java:<init>(84)) - Using callQueue: class java.util.concurrent.LinkedBlockingQueue, queueCapacity: 2000, scheduler: class org.apache.hadoop.ipc.DefaultRpcScheduler, ipcBackoff: false.
2019-11-18 04:17:51,061 [Socket Reader #1 for port 39887] INFO  ipc.Server (Server.java:run(1074)) - Starting Socket Reader #1 for port 39887
2019-11-18 04:17:51,085 [main] INFO  om.OzoneManager (OzoneManager.java:start(1077)) - OzoneManager RPC server is listening at localhost/127.0.0.1:39887
2019-11-18 04:17:51,086 [main] INFO  impl.MetricsSystemImpl (MetricsSystemImpl.java:init(158)) - OzoneManager metrics system started (again)
2019-11-18 04:17:51,093 [IPC Server Responder] INFO  ipc.Server (Server.java:run(1314)) - IPC Server Responder: starting
2019-11-18 04:17:51,094 [IPC Server listener on 39887] INFO  ipc.Server (Server.java:run(1153)) - IPC Server listener on 39887: starting
2019-11-18 04:17:51,100 [main] INFO  hdfs.DFSUtil (DFSUtil.java:httpServerTemplateForNNAndJN(1641)) - Starting Web-server for ozoneManager at: http://0.0.0.0:0
2019-11-18 04:17:51,109 [main] INFO  server.AuthenticationFilter (AuthenticationFilter.java:constructSecretProvider(240)) - Unable to initialize FileSignerSecretProvider, falling back to use random secrets.
2019-11-18 04:17:51,110 [main] WARN  http.HttpRequestLog (HttpRequestLog.java:getRequestLog(97)) - Jetty request log can only be enabled using Log4j
2019-11-18 04:17:51,115 [main] INFO  http.HttpServer2 (HttpServer2.java:addGlobalFilter(975)) - Added global filter 'safety' (class=org.apache.hadoop.http.HttpServer2$QuotingInputFilter)
2019-11-18 04:17:51,118 [main] INFO  http.HttpServer2 (HttpServer2.java:addFilter(948)) - Added filter static_user_filter (class=org.apache.hadoop.http.lib.StaticUserWebFilter$StaticUserFilter) to context ozoneManager
2019-11-18 04:17:51,118 [main] INFO  http.HttpServer2 (HttpServer2.java:addFilter(958)) - Added filter static_user_filter (class=org.apache.hadoop.http.lib.StaticUserWebFilter$StaticUserFilter) to context static
2019-11-18 04:17:51,118 [main] INFO  http.HttpServer2 (HttpServer2.java:addFilter(958)) - Added filter static_user_filter (class=org.apache.hadoop.http.lib.StaticUserWebFilter$StaticUserFilter) to context logs
2019-11-18 04:17:51,121 [main] INFO  http.HttpServer2 (HttpServer2.java:bindListener(1191)) - Jetty bound to port 36123
2019-11-18 04:17:51,121 [main] INFO  server.Server (Server.java:doStart(351)) - jetty-9.3.25.v20180904, build timestamp: 2018-09-04T21:11:46Z, git hash: 3ce520221d0240229c862b122d2b06c12a625732
2019-11-18 04:17:51,124 [main] INFO  handler.ContextHandler (ContextHandler.java:doStart(781)) - Started o.e.j.s.ServletContextHandler@7e46d648{/logs,file:///workdir/hadoop-ozone/tools/target/log,AVAILABLE}
2019-11-18 04:17:51,125 [main] INFO  handler.ContextHandler (ContextHandler.java:doStart(781)) - Started o.e.j.s.ServletContextHandler@2b0b4d53{/static,jar:file:/home/user/.m2/repository/org/apache/hadoop/hadoop-ozone-ozone-manager/0.5.0-SNAPSHOT/hadoop-ozone-ozone-manager-0.5.0-SNAPSHOT.jar!/webapps/static,AVAILABLE}
2019-11-18 04:17:51,216 [main] INFO  handler.ContextHandler (ContextHandler.java:doStart(781)) - Started o.e.j.w.WebAppContext@4bee18dc{/,file:///tmp/jetty-0.0.0.0-36123-ozoneManager-_-any-2360573827514686785.dir/webapp/,AVAILABLE}{/ozoneManager}
2019-11-18 04:17:51,217 [main] INFO  server.AbstractConnector (AbstractConnector.java:doStart(278)) - Started ServerConnector@44f3fe83{HTTP/1.1,[http/1.1]}{0.0.0.0:36123}
2019-11-18 04:17:51,218 [main] INFO  server.Server (Server.java:doStart(419)) - Started @4233ms
2019-11-18 04:17:51,218 [main] WARN  impl.MetricsSystemImpl (MetricsSystemImpl.java:register(276)) - Sink prometheus already exists!
2019-11-18 04:17:51,220 [main] INFO  server.BaseHttpServer (BaseHttpServer.java:updateConnectorAddress(215)) - HTTP server of OZONEMANAGER is listening at http://0.0.0.0:36123
2019-11-18 04:17:51,499 [main] INFO  impl.MetricsSystemImpl (MetricsSystemImpl.java:init(158)) - HddsDatanode metrics system started (again)
2019-11-18 04:17:51,546 [main] INFO  ozone.HddsDatanodeService (HddsDatanodeService.java:start(186)) - HddsDatanodeService host:pr-hdds-2386-7c5wx-3982037300 ip:192.168.34.17
2019-11-18 04:17:51,581 [main] INFO  volume.HddsVolume (HddsVolume.java:<init>(176)) - Creating Volume: /workdir/hadoop-ozone/tools/target/test-dir/MiniOzoneClusterImpl-10ba103f-7f8f-46e5-af3f-5a00a91438a1/datanode-0/data/containers/hdds of  storage type : DISK and capacity : 1482555576320
2019-11-18 04:17:51,582 [main] INFO  volume.VolumeSet (VolumeSet.java:initializeVolumeSet(170)) - Added Volume : /workdir/hadoop-ozone/tools/target/test-dir/MiniOzoneClusterImpl-10ba103f-7f8f-46e5-af3f-5a00a91438a1/datanode-0/data/containers/hdds to VolumeSet
2019-11-18 04:17:51,585 [main] INFO  volume.ThrottledAsyncChecker (ThrottledAsyncChecker.java:schedule(141)) - Scheduling a check for /workdir/hadoop-ozone/tools/target/test-dir/MiniOzoneClusterImpl-10ba103f-7f8f-46e5-af3f-5a00a91438a1/datanode-0/data/containers/hdds
2019-11-18 04:17:51,602 [main] INFO  volume.HddsVolumeChecker (HddsVolumeChecker.java:checkAllVolumes(204)) - Scheduled health check for volume /workdir/hadoop-ozone/tools/target/test-dir/MiniOzoneClusterImpl-10ba103f-7f8f-46e5-af3f-5a00a91438a1/datanode-0/data/containers/hdds
2019-11-18 04:17:51,711 [main] INFO  impl.RaftServerProxy (ConfUtils.java:logGet(43)) - raft.rpc.type = GRPC (default)
2019-11-18 04:17:51,772 [main] INFO  grpc.GrpcFactory (GrpcFactory.java:checkPooledByteBufAllocatorUseCacheForAllThreads(45)) - PERFORMANCE WARNING: useCacheForAllThreads is true that may cause Netty to create a lot garbage objects and, as a result, trigger GC.
	It is recommended to disable useCacheForAllThreads by setting -Dorg.apache.ratis.thirdparty.io.netty.allocator.useCacheForAllThreads=false in command line.
2019-11-18 04:17:51,777 [main] INFO  grpc.GrpcConfigKeys$Server (ConfUtils.java:logGet(43)) - raft.grpc.server.port = 0 (default)
2019-11-18 04:17:51,778 [main] INFO  server.GrpcService (ConfUtils.java:logGet(43)) - raft.grpc.message.size.max = 33570816 (custom)
2019-11-18 04:17:51,780 [main] INFO  server.RaftServerConfigKeys (ConfUtils.java:logGet(43)) - raft.server.log.appender.buffer.byte-limit = 33554432 (custom)
2019-11-18 04:17:51,780 [main] INFO  server.GrpcService (ConfUtils.java:logGet(43)) - raft.grpc.flow.control.window = 1MB (=1048576) (default)
2019-11-18 04:17:51,781 [main] INFO  server.RaftServerConfigKeys (ConfUtils.java:logGet(43)) - raft.server.rpc.request.timeout = 3000ms (default)
2019-11-18 04:17:51,934 [main] INFO  server.RaftServerConfigKeys (ConfUtils.java:logGet(43)) - raft.server.storage.dir = [/workdir/hadoop-ozone/tools/target/test-dir/MiniOzoneClusterImpl-10ba103f-7f8f-46e5-af3f-5a00a91438a1/datanode-0/data/ratis] (custom)
2019-11-18 04:17:52,005 [main] INFO  hdfs.DFSUtil (DFSUtil.java:httpServerTemplateForNNAndJN(1641)) - Starting Web-server for hddsDatanode at: http://0.0.0.0:0
2019-11-18 04:17:52,007 [main] INFO  server.AuthenticationFilter (AuthenticationFilter.java:constructSecretProvider(240)) - Unable to initialize FileSignerSecretProvider, falling back to use random secrets.
2019-11-18 04:17:52,008 [main] WARN  http.HttpRequestLog (HttpRequestLog.java:getRequestLog(97)) - Jetty request log can only be enabled using Log4j
2019-11-18 04:17:52,010 [main] INFO  http.HttpServer2 (HttpServer2.java:addGlobalFilter(975)) - Added global filter 'safety' (class=org.apache.hadoop.http.HttpServer2$QuotingInputFilter)
2019-11-18 04:17:52,011 [main] INFO  http.HttpServer2 (HttpServer2.java:addFilter(948)) - Added filter static_user_filter (class=org.apache.hadoop.http.lib.StaticUserWebFilter$StaticUserFilter) to context hddsDatanode
2019-11-18 04:17:52,011 [main] INFO  http.HttpServer2 (HttpServer2.java:addFilter(958)) - Added filter static_user_filter (class=org.apache.hadoop.http.lib.StaticUserWebFilter$StaticUserFilter) to context logs
2019-11-18 04:17:52,011 [main] INFO  http.HttpServer2 (HttpServer2.java:addFilter(958)) - Added filter static_user_filter (class=org.apache.hadoop.http.lib.StaticUserWebFilter$StaticUserFilter) to context static
2019-11-18 04:17:52,013 [main] INFO  http.HttpServer2 (HttpServer2.java:bindListener(1191)) - Jetty bound to port 46508
2019-11-18 04:17:52,013 [main] INFO  server.Server (Server.java:doStart(351)) - jetty-9.3.25.v20180904, build timestamp: 2018-09-04T21:11:46Z, git hash: 3ce520221d0240229c862b122d2b06c12a625732
2019-11-18 04:17:52,017 [main] INFO  handler.ContextHandler (ContextHandler.java:doStart(781)) - Started o.e.j.s.ServletContextHandler@f951a7f{/logs,file:///workdir/hadoop-ozone/tools/target/log,AVAILABLE}
2019-11-18 04:17:52,018 [main] INFO  handler.ContextHandler (ContextHandler.java:doStart(781)) - Started o.e.j.s.ServletContextHandler@4c777e7b{/static,jar:file:/home/user/.m2/repository/org/apache/hadoop/hadoop-hdds-container-service/0.5.0-SNAPSHOT/hadoop-hdds-container-service-0.5.0-SNAPSHOT.jar!/webapps/static,AVAILABLE}
2019-11-18 04:17:52,052 [main] INFO  handler.ContextHandler (ContextHandler.java:doStart(781)) - Started o.e.j.w.WebAppContext@b606cb6{/,file:///tmp/jetty-0.0.0.0-46508-hddsDatanode-_-any-774365300029434824.dir/webapp/,AVAILABLE}{/hddsDatanode}
2019-11-18 04:17:52,052 [main] INFO  server.AbstractConnector (AbstractConnector.java:doStart(278)) - Started ServerConnector@2a3194c6{HTTP/1.1,[http/1.1]}{0.0.0.0:46508}
2019-11-18 04:17:52,053 [main] INFO  server.Server (Server.java:doStart(419)) - Started @5069ms
2019-11-18 04:17:52,053 [main] WARN  impl.MetricsSystemImpl (MetricsSystemImpl.java:register(276)) - Sink prometheus already exists!
2019-11-18 04:17:52,054 [main] INFO  server.BaseHttpServer (BaseHttpServer.java:updateConnectorAddress(215)) - HTTP server of HDDSDATANODE is listening at http://0.0.0.0:46508
2019-11-18 04:17:52,055 [main] INFO  impl.MetricsSystemImpl (MetricsSystemImpl.java:init(158)) - HddsDatanode metrics system started (again)
2019-11-18 04:17:52,059 [main] INFO  ozone.HddsDatanodeService (HddsDatanodeService.java:start(186)) - HddsDatanodeService host:pr-hdds-2386-7c5wx-3982037300 ip:192.168.34.17
2019-11-18 04:17:52,062 [org.apache.hadoop.util.JvmPauseMonitor$Monitor@1f1a75a2] INFO  util.JvmPauseMonitor (JvmPauseMonitor.java:run(188)) - Starting JVM pause monitor
2019-11-18 04:17:52,070 [main] INFO  volume.HddsVolume (HddsVolume.java:<init>(176)) - Creating Volume: /workdir/hadoop-ozone/tools/target/test-dir/MiniOzoneClusterImpl-10ba103f-7f8f-46e5-af3f-5a00a91438a1/datanode-1/data/containers/hdds of  storage type : DISK and capacity : 1482555576320
2019-11-18 04:17:52,071 [main] INFO  volume.VolumeSet (VolumeSet.java:initializeVolumeSet(170)) - Added Volume : /workdir/hadoop-ozone/tools/target/test-dir/MiniOzoneClusterImpl-10ba103f-7f8f-46e5-af3f-5a00a91438a1/datanode-1/data/containers/hdds to VolumeSet
2019-11-18 04:17:52,071 [main] INFO  volume.ThrottledAsyncChecker (ThrottledAsyncChecker.java:schedule(141)) - Scheduling a check for /workdir/hadoop-ozone/tools/target/test-dir/MiniOzoneClusterImpl-10ba103f-7f8f-46e5-af3f-5a00a91438a1/datanode-1/data/containers/hdds
2019-11-18 04:17:52,072 [main] INFO  volume.HddsVolumeChecker (HddsVolumeChecker.java:checkAllVolumes(204)) - Scheduled health check for volume /workdir/hadoop-ozone/tools/target/test-dir/MiniOzoneClusterImpl-10ba103f-7f8f-46e5-af3f-5a00a91438a1/datanode-1/data/containers/hdds
2019-11-18 04:17:52,091 [main] INFO  impl.RaftServerProxy (ConfUtils.java:logGet(43)) - raft.rpc.type = GRPC (default)
2019-11-18 04:17:52,092 [main] INFO  grpc.GrpcFactory (GrpcFactory.java:checkPooledByteBufAllocatorUseCacheForAllThreads(45)) - PERFORMANCE WARNING: useCacheForAllThreads is true that may cause Netty to create a lot garbage objects and, as a result, trigger GC.
	It is recommended to disable useCacheForAllThreads by setting -Dorg.apache.ratis.thirdparty.io.netty.allocator.useCacheForAllThreads=false in command line.
2019-11-18 04:17:52,092 [main] INFO  grpc.GrpcConfigKeys$Server (ConfUtils.java:logGet(43)) - raft.grpc.server.port = 0 (default)
2019-11-18 04:17:52,092 [main] INFO  server.GrpcService (ConfUtils.java:logGet(43)) - raft.grpc.message.size.max = 33570816 (custom)
2019-11-18 04:17:52,093 [main] INFO  server.RaftServerConfigKeys (ConfUtils.java:logGet(43)) - raft.server.log.appender.buffer.byte-limit = 33554432 (custom)
2019-11-18 04:17:52,093 [main] INFO  server.GrpcService (ConfUtils.java:logGet(43)) - raft.grpc.flow.control.window = 1MB (=1048576) (default)
2019-11-18 04:17:52,094 [main] INFO  server.RaftServerConfigKeys (ConfUtils.java:logGet(43)) - raft.server.rpc.request.timeout = 3000ms (default)
2019-11-18 04:17:52,095 [main] INFO  server.RaftServerConfigKeys (ConfUtils.java:logGet(43)) - raft.server.storage.dir = [/workdir/hadoop-ozone/tools/target/test-dir/MiniOzoneClusterImpl-10ba103f-7f8f-46e5-af3f-5a00a91438a1/datanode-1/data/ratis] (custom)
2019-11-18 04:17:52,097 [main] INFO  hdfs.DFSUtil (DFSUtil.java:httpServerTemplateForNNAndJN(1641)) - Starting Web-server for hddsDatanode at: http://0.0.0.0:0
2019-11-18 04:17:52,099 [main] INFO  server.AuthenticationFilter (AuthenticationFilter.java:constructSecretProvider(240)) - Unable to initialize FileSignerSecretProvider, falling back to use random secrets.
2019-11-18 04:17:52,101 [main] WARN  http.HttpRequestLog (HttpRequestLog.java:getRequestLog(97)) - Jetty request log can only be enabled using Log4j
2019-11-18 04:17:52,104 [main] INFO  http.HttpServer2 (HttpServer2.java:addGlobalFilter(975)) - Added global filter 'safety' (class=org.apache.hadoop.http.HttpServer2$QuotingInputFilter)
2019-11-18 04:17:52,105 [main] INFO  http.HttpServer2 (HttpServer2.java:addFilter(948)) - Added filter static_user_filter (class=org.apache.hadoop.http.lib.StaticUserWebFilter$StaticUserFilter) to context hddsDatanode
2019-11-18 04:17:52,106 [main] INFO  http.HttpServer2 (HttpServer2.java:addFilter(958)) - Added filter static_user_filter (class=org.apache.hadoop.http.lib.StaticUserWebFilter$StaticUserFilter) to context logs
2019-11-18 04:17:52,106 [main] INFO  http.HttpServer2 (HttpServer2.java:addFilter(958)) - Added filter static_user_filter (class=org.apache.hadoop.http.lib.StaticUserWebFilter$StaticUserFilter) to context static
2019-11-18 04:17:52,107 [main] INFO  http.HttpServer2 (HttpServer2.java:bindListener(1191)) - Jetty bound to port 37199
2019-11-18 04:17:52,108 [main] INFO  server.Server (Server.java:doStart(351)) - jetty-9.3.25.v20180904, build timestamp: 2018-09-04T21:11:46Z, git hash: 3ce520221d0240229c862b122d2b06c12a625732
2019-11-18 04:17:52,113 [main] INFO  handler.ContextHandler (ContextHandler.java:doStart(781)) - Started o.e.j.s.ServletContextHandler@48528634{/logs,file:///workdir/hadoop-ozone/tools/target/log,AVAILABLE}
2019-11-18 04:17:52,114 [main] INFO  handler.ContextHandler (ContextHandler.java:doStart(781)) - Started o.e.j.s.ServletContextHandler@4047d2d9{/static,jar:file:/home/user/.m2/repository/org/apache/hadoop/hadoop-hdds-container-service/0.5.0-SNAPSHOT/hadoop-hdds-container-service-0.5.0-SNAPSHOT.jar!/webapps/static,AVAILABLE}
2019-11-18 04:17:52,148 [main] INFO  handler.ContextHandler (ContextHandler.java:doStart(781)) - Started o.e.j.w.WebAppContext@2127e66e{/,file:///tmp/jetty-0.0.0.0-37199-hddsDatanode-_-any-3703555406727560810.dir/webapp/,AVAILABLE}{/hddsDatanode}
2019-11-18 04:17:52,151 [main] INFO  server.AbstractConnector (AbstractConnector.java:doStart(278)) - Started ServerConnector@1229a2b7{HTTP/1.1,[http/1.1]}{0.0.0.0:37199}
2019-11-18 04:17:52,151 [main] INFO  server.Server (Server.java:doStart(419)) - Started @5166ms
2019-11-18 04:17:52,152 [main] WARN  impl.MetricsSystemImpl (MetricsSystemImpl.java:register(276)) - Sink prometheus already exists!
2019-11-18 04:17:52,153 [main] INFO  server.BaseHttpServer (BaseHttpServer.java:updateConnectorAddress(215)) - HTTP server of HDDSDATANODE is listening at http://0.0.0.0:37199
2019-11-18 04:17:52,153 [main] INFO  impl.MetricsSystemImpl (MetricsSystemImpl.java:init(158)) - HddsDatanode metrics system started (again)
2019-11-18 04:17:52,157 [org.apache.hadoop.util.JvmPauseMonitor$Monitor@3e7d12e5] INFO  util.JvmPauseMonitor (JvmPauseMonitor.java:run(188)) - Starting JVM pause monitor
2019-11-18 04:17:52,158 [main] INFO  ozone.HddsDatanodeService (HddsDatanodeService.java:start(186)) - HddsDatanodeService host:pr-hdds-2386-7c5wx-3982037300 ip:192.168.34.17
2019-11-18 04:17:52,167 [main] INFO  volume.HddsVolume (HddsVolume.java:<init>(176)) - Creating Volume: /workdir/hadoop-ozone/tools/target/test-dir/MiniOzoneClusterImpl-10ba103f-7f8f-46e5-af3f-5a00a91438a1/datanode-2/data/containers/hdds of  storage type : DISK and capacity : 1482555576320
2019-11-18 04:17:52,167 [main] INFO  volume.VolumeSet (VolumeSet.java:initializeVolumeSet(170)) - Added Volume : /workdir/hadoop-ozone/tools/target/test-dir/MiniOzoneClusterImpl-10ba103f-7f8f-46e5-af3f-5a00a91438a1/datanode-2/data/containers/hdds to VolumeSet
2019-11-18 04:17:52,168 [main] INFO  volume.ThrottledAsyncChecker (ThrottledAsyncChecker.java:schedule(141)) - Scheduling a check for /workdir/hadoop-ozone/tools/target/test-dir/MiniOzoneClusterImpl-10ba103f-7f8f-46e5-af3f-5a00a91438a1/datanode-2/data/containers/hdds
2019-11-18 04:17:52,168 [main] INFO  volume.HddsVolumeChecker (HddsVolumeChecker.java:checkAllVolumes(204)) - Scheduled health check for volume /workdir/hadoop-ozone/tools/target/test-dir/MiniOzoneClusterImpl-10ba103f-7f8f-46e5-af3f-5a00a91438a1/datanode-2/data/containers/hdds
2019-11-18 04:17:52,182 [Datanode State Machine Thread - 0] INFO  datanode.InitDatanodeState (InitDatanodeState.java:persistContainerDatanodeDetails(140)) - DatanodeDetails is persisted to /workdir/hadoop-ozone/tools/target/test-dir/MiniOzoneClusterImpl-10ba103f-7f8f-46e5-af3f-5a00a91438a1/datanode-0/meta/datanode.id
2019-11-18 04:17:52,186 [Datanode State Machine Thread - 0] INFO  datanode.InitDatanodeState (InitDatanodeState.java:persistContainerDatanodeDetails(140)) - DatanodeDetails is persisted to /workdir/hadoop-ozone/tools/target/test-dir/MiniOzoneClusterImpl-10ba103f-7f8f-46e5-af3f-5a00a91438a1/datanode-1/meta/datanode.id
2019-11-18 04:17:52,187 [main] INFO  impl.RaftServerProxy (ConfUtils.java:logGet(43)) - raft.rpc.type = GRPC (default)
2019-11-18 04:17:52,187 [main] INFO  grpc.GrpcFactory (GrpcFactory.java:checkPooledByteBufAllocatorUseCacheForAllThreads(45)) - PERFORMANCE WARNING: useCacheForAllThreads is true that may cause Netty to create a lot garbage objects and, as a result, trigger GC.
	It is recommended to disable useCacheForAllThreads by setting -Dorg.apache.ratis.thirdparty.io.netty.allocator.useCacheForAllThreads=false in command line.
2019-11-18 04:17:52,187 [main] INFO  grpc.GrpcConfigKeys$Server (ConfUtils.java:logGet(43)) - raft.grpc.server.port = 0 (default)
2019-11-18 04:17:52,187 [main] INFO  server.GrpcService (ConfUtils.java:logGet(43)) - raft.grpc.message.size.max = 33570816 (custom)
2019-11-18 04:17:52,188 [main] INFO  server.RaftServerConfigKeys (ConfUtils.java:logGet(43)) - raft.server.log.appender.buffer.byte-limit = 33554432 (custom)
2019-11-18 04:17:52,188 [main] INFO  server.GrpcService (ConfUtils.java:logGet(43)) - raft.grpc.flow.control.window = 1MB (=1048576) (default)
2019-11-18 04:17:52,188 [main] INFO  server.RaftServerConfigKeys (ConfUtils.java:logGet(43)) - raft.server.rpc.request.timeout = 3000ms (default)
2019-11-18 04:17:52,189 [main] INFO  server.RaftServerConfigKeys (ConfUtils.java:logGet(43)) - raft.server.storage.dir = [/workdir/hadoop-ozone/tools/target/test-dir/MiniOzoneClusterImpl-10ba103f-7f8f-46e5-af3f-5a00a91438a1/datanode-2/data/ratis] (custom)
2019-11-18 04:17:52,191 [main] INFO  hdfs.DFSUtil (DFSUtil.java:httpServerTemplateForNNAndJN(1641)) - Starting Web-server for hddsDatanode at: http://0.0.0.0:0
2019-11-18 04:17:52,193 [main] INFO  server.AuthenticationFilter (AuthenticationFilter.java:constructSecretProvider(240)) - Unable to initialize FileSignerSecretProvider, falling back to use random secrets.
2019-11-18 04:17:52,193 [main] WARN  http.HttpRequestLog (HttpRequestLog.java:getRequestLog(97)) - Jetty request log can only be enabled using Log4j
2019-11-18 04:17:52,195 [main] INFO  http.HttpServer2 (HttpServer2.java:addGlobalFilter(975)) - Added global filter 'safety' (class=org.apache.hadoop.http.HttpServer2$QuotingInputFilter)
2019-11-18 04:17:52,196 [main] INFO  http.HttpServer2 (HttpServer2.java:addFilter(948)) - Added filter static_user_filter (class=org.apache.hadoop.http.lib.StaticUserWebFilter$StaticUserFilter) to context hddsDatanode
2019-11-18 04:17:52,196 [main] INFO  http.HttpServer2 (HttpServer2.java:addFilter(958)) - Added filter static_user_filter (class=org.apache.hadoop.http.lib.StaticUserWebFilter$StaticUserFilter) to context logs
2019-11-18 04:17:52,196 [main] INFO  http.HttpServer2 (HttpServer2.java:addFilter(958)) - Added filter static_user_filter (class=org.apache.hadoop.http.lib.StaticUserWebFilter$StaticUserFilter) to context static
2019-11-18 04:17:52,197 [main] INFO  http.HttpServer2 (HttpServer2.java:bindListener(1191)) - Jetty bound to port 45844
2019-11-18 04:17:52,197 [main] INFO  server.Server (Server.java:doStart(351)) - jetty-9.3.25.v20180904, build timestamp: 2018-09-04T21:11:46Z, git hash: 3ce520221d0240229c862b122d2b06c12a625732
2019-11-18 04:17:52,199 [main] INFO  handler.ContextHandler (ContextHandler.java:doStart(781)) - Started o.e.j.s.ServletContextHandler@2849434b{/logs,file:///workdir/hadoop-ozone/tools/target/log,AVAILABLE}
2019-11-18 04:17:52,200 [main] INFO  handler.ContextHandler (ContextHandler.java:doStart(781)) - Started o.e.j.s.ServletContextHandler@65b97f47{/static,jar:file:/home/user/.m2/repository/org/apache/hadoop/hadoop-hdds-container-service/0.5.0-SNAPSHOT/hadoop-hdds-container-service-0.5.0-SNAPSHOT.jar!/webapps/static,AVAILABLE}
2019-11-18 04:17:52,238 [main] INFO  handler.ContextHandler (ContextHandler.java:doStart(781)) - Started o.e.j.w.WebAppContext@5bc28f40{/,file:///tmp/jetty-0.0.0.0-45844-hddsDatanode-_-any-3438590490912014646.dir/webapp/,AVAILABLE}{/hddsDatanode}
2019-11-18 04:17:52,241 [main] INFO  server.AbstractConnector (AbstractConnector.java:doStart(278)) - Started ServerConnector@46963479{HTTP/1.1,[http/1.1]}{0.0.0.0:45844}
2019-11-18 04:17:52,243 [main] INFO  server.Server (Server.java:doStart(419)) - Started @5258ms
2019-11-18 04:17:52,243 [main] WARN  impl.MetricsSystemImpl (MetricsSystemImpl.java:register(276)) - Sink prometheus already exists!
2019-11-18 04:17:52,244 [main] INFO  server.BaseHttpServer (BaseHttpServer.java:updateConnectorAddress(215)) - HTTP server of HDDSDATANODE is listening at http://0.0.0.0:45844
2019-11-18 04:17:52,248 [main] INFO  ozone.MiniOzoneClusterImpl (MiniOzoneClusterImpl.java:lambda$waitForClusterToBeReady$0(150)) - Waiting for nodes to be ready. Got 0 of 3 DN Heartbeats.
2019-11-18 04:17:52,248 [main] INFO  ozone.MiniOzoneClusterImpl (MiniOzoneClusterImpl.java:lambda$waitForClusterToBeReady$0(153)) - Waiting for cluster to exit safe mode
2019-11-18 04:17:52,249 [org.apache.hadoop.util.JvmPauseMonitor$Monitor@4e92823f] INFO  util.JvmPauseMonitor (JvmPauseMonitor.java:run(188)) - Starting JVM pause monitor
2019-11-18 04:17:52,255 [Datanode State Machine Thread - 0] INFO  datanode.InitDatanodeState (InitDatanodeState.java:persistContainerDatanodeDetails(140)) - DatanodeDetails is persisted to /workdir/hadoop-ozone/tools/target/test-dir/MiniOzoneClusterImpl-10ba103f-7f8f-46e5-af3f-5a00a91438a1/datanode-2/meta/datanode.id
2019-11-18 04:17:53,248 [main] INFO  ozone.MiniOzoneClusterImpl (MiniOzoneClusterImpl.java:lambda$waitForClusterToBeReady$0(150)) - Waiting for nodes to be ready. Got 0 of 3 DN Heartbeats.
2019-11-18 04:17:53,249 [main] INFO  ozone.MiniOzoneClusterImpl (MiniOzoneClusterImpl.java:lambda$waitForClusterToBeReady$0(153)) - Waiting for cluster to exit safe mode
2019-11-18 04:17:54,140 [Datanode State Machine Thread - 0] INFO  ozoneimpl.OzoneContainer (OzoneContainer.java:start(230)) - Attempting to start container services.
2019-11-18 04:17:54,142 [Datanode State Machine Thread - 0] INFO  ozoneimpl.OzoneContainer (OzoneContainer.java:startContainerScrub(194)) - Background container scanner has been disabled.
2019-11-18 04:17:54,142 [Datanode State Machine Thread - 0] INFO  ratis.XceiverServerRatis (XceiverServerRatis.java:start(422)) - Starting XceiverServerRatis 1e101064-e299-4e7e-9f72-2796fed812c3 at port 0
2019-11-18 04:17:54,164 [Datanode State Machine Thread - 0] INFO  impl.RaftServerProxy (RaftServerProxy.java:lambda$start$3(299)) - 1e101064-e299-4e7e-9f72-2796fed812c3: start RPC server
2019-11-18 04:17:54,176 [Datanode State Machine Thread - 0] INFO  ozoneimpl.OzoneContainer (OzoneContainer.java:start(230)) - Attempting to start container services.
2019-11-18 04:17:54,180 [Datanode State Machine Thread - 0] INFO  ozoneimpl.OzoneContainer (OzoneContainer.java:startContainerScrub(194)) - Background container scanner has been disabled.
2019-11-18 04:17:54,181 [Datanode State Machine Thread - 0] INFO  ratis.XceiverServerRatis (XceiverServerRatis.java:start(422)) - Starting XceiverServerRatis 72d53896-253c-4514-8a06-df6220db9551 at port 0
2019-11-18 04:17:54,193 [Datanode State Machine Thread - 0] INFO  impl.RaftServerProxy (RaftServerProxy.java:lambda$start$3(299)) - 72d53896-253c-4514-8a06-df6220db9551: start RPC server
2019-11-18 04:17:54,249 [main] INFO  ozone.MiniOzoneClusterImpl (MiniOzoneClusterImpl.java:lambda$waitForClusterToBeReady$0(150)) - Waiting for nodes to be ready. Got 0 of 3 DN Heartbeats.
2019-11-18 04:17:54,250 [main] INFO  ozone.MiniOzoneClusterImpl (MiniOzoneClusterImpl.java:lambda$waitForClusterToBeReady$0(153)) - Waiting for cluster to exit safe mode
2019-11-18 04:17:54,265 [Datanode State Machine Thread - 0] INFO  ozoneimpl.OzoneContainer (OzoneContainer.java:start(230)) - Attempting to start container services.
2019-11-18 04:17:54,266 [Datanode State Machine Thread - 0] INFO  ozoneimpl.OzoneContainer (OzoneContainer.java:startContainerScrub(194)) - Background container scanner has been disabled.
2019-11-18 04:17:54,267 [Datanode State Machine Thread - 0] INFO  ratis.XceiverServerRatis (XceiverServerRatis.java:start(422)) - Starting XceiverServerRatis 018e5809-2a36-45c6-9c3c-b7cafa943f1d at port 0
2019-11-18 04:17:54,275 [Datanode State Machine Thread - 0] INFO  impl.RaftServerProxy (RaftServerProxy.java:lambda$start$3(299)) - 018e5809-2a36-45c6-9c3c-b7cafa943f1d: start RPC server
2019-11-18 04:17:54,303 [Datanode State Machine Thread - 0] INFO  server.GrpcService (GrpcService.java:startImpl(158)) - 1e101064-e299-4e7e-9f72-2796fed812c3: GrpcService started, listening on 0.0.0.0/0.0.0.0:45105
2019-11-18 04:17:54,303 [Datanode State Machine Thread - 0] INFO  server.GrpcService (GrpcService.java:startImpl(158)) - 018e5809-2a36-45c6-9c3c-b7cafa943f1d: GrpcService started, listening on 0.0.0.0/0.0.0.0:39017
2019-11-18 04:17:54,303 [Datanode State Machine Thread - 0] INFO  server.GrpcService (GrpcService.java:startImpl(158)) - 72d53896-253c-4514-8a06-df6220db9551: GrpcService started, listening on 0.0.0.0/0.0.0.0:35842
2019-11-18 04:17:54,303 [Datanode State Machine Thread - 0] INFO  ratis.XceiverServerRatis (XceiverServerRatis.java:start(432)) - XceiverServerRatis 018e5809-2a36-45c6-9c3c-b7cafa943f1d is started using port 39017
2019-11-18 04:17:54,303 [Datanode State Machine Thread - 0] INFO  ratis.XceiverServerRatis (XceiverServerRatis.java:start(432)) - XceiverServerRatis 1e101064-e299-4e7e-9f72-2796fed812c3 is started using port 45105
2019-11-18 04:17:54,304 [Datanode State Machine Thread - 0] INFO  ratis.XceiverServerRatis (XceiverServerRatis.java:start(432)) - XceiverServerRatis 72d53896-253c-4514-8a06-df6220db9551 is started using port 35842
2019-11-18 04:17:54,308 [Datanode State Machine Thread - 0] INFO  server.XceiverServerGrpc (XceiverServerGrpc.java:start(145)) - XceiverServerGrpc 018e5809-2a36-45c6-9c3c-b7cafa943f1d is started using port 44228
2019-11-18 04:17:54,308 [Datanode State Machine Thread - 0] INFO  server.XceiverServerGrpc (XceiverServerGrpc.java:start(145)) - XceiverServerGrpc 72d53896-253c-4514-8a06-df6220db9551 is started using port 39826
2019-11-18 04:17:54,308 [Datanode State Machine Thread - 0] INFO  server.XceiverServerGrpc (XceiverServerGrpc.java:start(145)) - XceiverServerGrpc 1e101064-e299-4e7e-9f72-2796fed812c3 is started using port 37839
2019-11-18 04:17:55,251 [main] INFO  ozone.MiniOzoneClusterImpl (MiniOzoneClusterImpl.java:lambda$waitForClusterToBeReady$0(150)) - Waiting for nodes to be ready. Got 0 of 3 DN Heartbeats.
2019-11-18 04:17:55,251 [main] INFO  ozone.MiniOzoneClusterImpl (MiniOzoneClusterImpl.java:lambda$waitForClusterToBeReady$0(153)) - Waiting for cluster to exit safe mode
2019-11-18 04:17:56,104 [IPC Server handler 0 on 40833] INFO  net.NetworkTopology (NetworkTopologyImpl.java:add(111)) - Added a new node: /default-rack/1e101064-e299-4e7e-9f72-2796fed812c3
2019-11-18 04:17:56,105 [IPC Server handler 0 on 40833] INFO  node.SCMNodeManager (SCMNodeManager.java:register(267)) - Registered Data node : 1e101064-e299-4e7e-9f72-2796fed812c3{ip: 192.168.34.17, host: pr-hdds-2386-7c5wx-3982037300, networkLocation: /default-rack, certSerialId: null}
2019-11-18 04:17:56,108 [EventQueue-NodeRegistrationContainerReportForContainerSafeModeRule] INFO  safemode.SCMSafeModeManager (SCMSafeModeManager.java:validateSafeModeExitRules(176)) - ContainerSafeModeRule rule is successfully validated
2019-11-18 04:17:56,108 [EventQueue-NodeRegistrationContainerReportForDataNodeSafeModeRule] INFO  safemode.SCMSafeModeManager (DataNodeSafeModeRule.java:process(71)) - SCM in safe mode. 1 DataNodes registered, 1 required.
2019-11-18 04:17:56,108 [EventQueue-NodeRegistrationContainerReportForDataNodeSafeModeRule] INFO  safemode.SCMSafeModeManager (SCMSafeModeManager.java:validateSafeModeExitRules(176)) - DataNodeSafeModeRule rule is successfully validated
2019-11-18 04:17:56,114 [RatisPipelineUtilsThread] INFO  pipeline.RatisPipelineProvider (RatisPipelineProvider.java:lambda$create$4(163)) - Send pipeline:PipelineID=3876ee47-7cb5-4bb2-9d7d-a9fb5258eaee create command to datanode 1e101064-e299-4e7e-9f72-2796fed812c3
2019-11-18 04:17:56,141 [RatisPipelineUtilsThread] INFO  pipeline.PipelineStateManager (PipelineStateManager.java:addPipeline(55)) - Created pipeline Pipeline[ Id: 3876ee47-7cb5-4bb2-9d7d-a9fb5258eaee, Nodes: 1e101064-e299-4e7e-9f72-2796fed812c3{ip: 192.168.34.17, host: pr-hdds-2386-7c5wx-3982037300, networkLocation: /default-rack, certSerialId: null}, Type:RATIS, Factor:ONE, State:ALLOCATED]
2019-11-18 04:17:56,160 [IPC Server handler 2 on 40833] INFO  net.NetworkTopology (NetworkTopologyImpl.java:add(111)) - Added a new node: /default-rack/72d53896-253c-4514-8a06-df6220db9551
2019-11-18 04:17:56,161 [IPC Server handler 2 on 40833] INFO  node.SCMNodeManager (SCMNodeManager.java:register(267)) - Registered Data node : 72d53896-253c-4514-8a06-df6220db9551{ip: 192.168.34.17, host: pr-hdds-2386-7c5wx-3982037300, networkLocation: /default-rack, certSerialId: null}
2019-11-18 04:17:56,161 [EventQueue-NodeRegistrationContainerReportForContainerSafeModeRule] INFO  safemode.SCMSafeModeManager (SCMSafeModeManager.java:validateSafeModeExitRules(176)) - ContainerSafeModeRule rule is successfully validated
2019-11-18 04:17:56,161 [EventQueue-NodeRegistrationContainerReportForDataNodeSafeModeRule] INFO  safemode.SCMSafeModeManager (SCMSafeModeManager.java:validateSafeModeExitRules(176)) - DataNodeSafeModeRule rule is successfully validated
2019-11-18 04:17:56,163 [RatisPipelineUtilsThread] INFO  pipeline.RatisPipelineProvider (RatisPipelineProvider.java:lambda$create$4(163)) - Send pipeline:PipelineID=4febb085-f89c-4dbb-b5be-2332c8de1cab create command to datanode 72d53896-253c-4514-8a06-df6220db9551
2019-11-18 04:17:56,163 [RatisPipelineUtilsThread] INFO  pipeline.PipelineStateManager (PipelineStateManager.java:addPipeline(55)) - Created pipeline Pipeline[ Id: 4febb085-f89c-4dbb-b5be-2332c8de1cab, Nodes: 72d53896-253c-4514-8a06-df6220db9551{ip: 192.168.34.17, host: pr-hdds-2386-7c5wx-3982037300, networkLocation: /default-rack, certSerialId: null}, Type:RATIS, Factor:ONE, State:ALLOCATED]
2019-11-18 04:17:56,251 [IPC Server handler 1 on 40833] INFO  net.NetworkTopology (NetworkTopologyImpl.java:add(111)) - Added a new node: /default-rack/018e5809-2a36-45c6-9c3c-b7cafa943f1d
2019-11-18 04:17:56,252 [IPC Server handler 1 on 40833] INFO  node.SCMNodeManager (SCMNodeManager.java:register(267)) - Registered Data node : 018e5809-2a36-45c6-9c3c-b7cafa943f1d{ip: 192.168.34.17, host: pr-hdds-2386-7c5wx-3982037300, networkLocation: /default-rack, certSerialId: null}
2019-11-18 04:17:56,252 [main] INFO  ozone.MiniOzoneClusterImpl (MiniOzoneClusterImpl.java:lambda$waitForClusterToBeReady$0(150)) - Nodes are ready. Got 3 of 3 DN Heartbeats.
2019-11-18 04:17:56,253 [EventQueue-NodeRegistrationContainerReportForContainerSafeModeRule] INFO  safemode.SCMSafeModeManager (SCMSafeModeManager.java:validateSafeModeExitRules(176)) - ContainerSafeModeRule rule is successfully validated
2019-11-18 04:17:56,253 [RatisPipelineUtilsThread] INFO  pipeline.RatisPipelineProvider (RatisPipelineProvider.java:lambda$create$4(163)) - Send pipeline:PipelineID=d048a621-295a-4aaf-bd8a-49568cb9cd9e create command to datanode 018e5809-2a36-45c6-9c3c-b7cafa943f1d
2019-11-18 04:17:56,253 [EventQueue-NodeRegistrationContainerReportForDataNodeSafeModeRule] INFO  safemode.SCMSafeModeManager (SCMSafeModeManager.java:validateSafeModeExitRules(176)) - DataNodeSafeModeRule rule is successfully validated
2019-11-18 04:17:56,253 [main] INFO  ozone.MiniOzoneClusterImpl (MiniOzoneClusterImpl.java:lambda$waitForClusterToBeReady$0(153)) - Waiting for cluster to exit safe mode
2019-11-18 04:17:56,254 [RatisPipelineUtilsThread] INFO  pipeline.PipelineStateManager (PipelineStateManager.java:addPipeline(55)) - Created pipeline Pipeline[ Id: d048a621-295a-4aaf-bd8a-49568cb9cd9e, Nodes: 018e5809-2a36-45c6-9c3c-b7cafa943f1d{ip: 192.168.34.17, host: pr-hdds-2386-7c5wx-3982037300, networkLocation: /default-rack, certSerialId: null}, Type:RATIS, Factor:ONE, State:ALLOCATED]
2019-11-18 04:17:56,256 [RatisPipelineUtilsThread] INFO  pipeline.RatisPipelineProvider (RatisPipelineProvider.java:lambda$create$4(163)) - Send pipeline:PipelineID=c32c7b96-e510-4f70-8910-53ecc1773f72 create command to datanode 72d53896-253c-4514-8a06-df6220db9551
2019-11-18 04:17:56,256 [RatisPipelineUtilsThread] INFO  pipeline.RatisPipelineProvider (RatisPipelineProvider.java:lambda$create$4(163)) - Send pipeline:PipelineID=c32c7b96-e510-4f70-8910-53ecc1773f72 create command to datanode 018e5809-2a36-45c6-9c3c-b7cafa943f1d
2019-11-18 04:17:56,256 [RatisPipelineUtilsThread] INFO  pipeline.RatisPipelineProvider (RatisPipelineProvider.java:lambda$create$4(163)) - Send pipeline:PipelineID=c32c7b96-e510-4f70-8910-53ecc1773f72 create command to datanode 1e101064-e299-4e7e-9f72-2796fed812c3
2019-11-18 04:17:56,257 [RatisPipelineUtilsThread] INFO  pipeline.PipelineStateManager (PipelineStateManager.java:addPipeline(55)) - Created pipeline Pipeline[ Id: c32c7b96-e510-4f70-8910-53ecc1773f72, Nodes: 72d53896-253c-4514-8a06-df6220db9551{ip: 192.168.34.17, host: pr-hdds-2386-7c5wx-3982037300, networkLocation: /default-rack, certSerialId: null}018e5809-2a36-45c6-9c3c-b7cafa943f1d{ip: 192.168.34.17, host: pr-hdds-2386-7c5wx-3982037300, networkLocation: /default-rack, certSerialId: null}1e101064-e299-4e7e-9f72-2796fed812c3{ip: 192.168.34.17, host: pr-hdds-2386-7c5wx-3982037300, networkLocation: /default-rack, certSerialId: null}, Type:RATIS, Factor:THREE, State:ALLOCATED]
2019-11-18 04:17:57,254 [main] INFO  ozone.MiniOzoneClusterImpl (MiniOzoneClusterImpl.java:lambda$waitForClusterToBeReady$0(150)) - Nodes are ready. Got 3 of 3 DN Heartbeats.
2019-11-18 04:17:57,255 [main] INFO  ozone.MiniOzoneClusterImpl (MiniOzoneClusterImpl.java:lambda$waitForClusterToBeReady$0(153)) - Waiting for cluster to exit safe mode
2019-11-18 04:17:58,255 [main] INFO  ozone.MiniOzoneClusterImpl (MiniOzoneClusterImpl.java:lambda$waitForClusterToBeReady$0(150)) - Nodes are ready. Got 3 of 3 DN Heartbeats.
2019-11-18 04:17:58,256 [main] INFO  ozone.MiniOzoneClusterImpl (MiniOzoneClusterImpl.java:lambda$waitForClusterToBeReady$0(153)) - Waiting for cluster to exit safe mode
2019-11-18 04:17:59,090 [Command processor thread] INFO  impl.RaftServerProxy (RaftServerProxy.java:addNew(89)) - 1e101064-e299-4e7e-9f72-2796fed812c3: addNew group-A9FB5258EAEE:[1e101064-e299-4e7e-9f72-2796fed812c3:192.168.34.17:45105] returns group-A9FB5258EAEE:java.util.concurrent.CompletableFuture@1e052bcc[Not completed]
2019-11-18 04:17:59,110 [pool-27-thread-1] INFO  impl.RaftServerImpl (RaftServerImpl.java:<init>(98)) - 1e101064-e299-4e7e-9f72-2796fed812c3: new RaftServerImpl for group-A9FB5258EAEE:[1e101064-e299-4e7e-9f72-2796fed812c3:192.168.34.17:45105] with ContainerStateMachine:uninitialized
2019-11-18 04:17:59,113 [pool-27-thread-1] INFO  server.RaftServerConfigKeys (ConfUtils.java:logGet(43)) - raft.server.rpc.timeout.min = 5s (custom)
2019-11-18 04:17:59,114 [pool-27-thread-1] INFO  server.RaftServerConfigKeys (ConfUtils.java:logGet(43)) - raft.server.rpc.timeout.max = 5200ms (custom)
2019-11-18 04:17:59,114 [pool-27-thread-1] INFO  server.RaftServerConfigKeys (ConfUtils.java:logGet(43)) - raft.server.rpcslowness.timeout = 120s (custom)
2019-11-18 04:17:59,115 [pool-27-thread-1] INFO  server.RaftServerConfigKeys (ConfUtils.java:logGet(43)) - raft.server.sleep.deviation.threshold = 300 (default)
2019-11-18 04:17:59,117 [pool-27-thread-1] INFO  server.RaftServerConfigKeys (ConfUtils.java:logGet(43)) - raft.server.log.appender.install.snapshot.enabled = false (custom)
2019-11-18 04:17:59,126 [pool-27-thread-1] INFO  impl.RaftServerImpl (ServerState.java:<init>(103)) - 1e101064-e299-4e7e-9f72-2796fed812c3@group-A9FB5258EAEE: ConfigurationManager, init=-1: [1e101064-e299-4e7e-9f72-2796fed812c3:192.168.34.17:45105], old=null, confs=<EMPTY_MAP>
2019-11-18 04:17:59,127 [pool-27-thread-1] INFO  server.RaftServerConfigKeys (ConfUtils.java:logGet(43)) - raft.server.storage.dir = [/workdir/hadoop-ozone/tools/target/test-dir/MiniOzoneClusterImpl-10ba103f-7f8f-46e5-af3f-5a00a91438a1/datanode-0/data/ratis] (custom)
2019-11-18 04:17:59,134 [pool-27-thread-1] INFO  server.RaftServerConfigKeys (ConfUtils.java:logGet(43)) - raft.server.log.corruption.policy = EXCEPTION (default)
2019-11-18 04:17:59,136 [pool-27-thread-1] INFO  storage.RaftStorageDirectory (RaftStorageDirectory.java:analyzeStorage(246)) - The storage directory /workdir/hadoop-ozone/tools/target/test-dir/MiniOzoneClusterImpl-10ba103f-7f8f-46e5-af3f-5a00a91438a1/datanode-0/data/ratis/3876ee47-7cb5-4bb2-9d7d-a9fb5258eaee does not exist. Creating ...
2019-11-18 04:17:59,154 [pool-27-thread-1] INFO  storage.RaftStorageDirectory (RaftStorageDirectory.java:tryLock(328)) - Lock on /workdir/hadoop-ozone/tools/target/test-dir/MiniOzoneClusterImpl-10ba103f-7f8f-46e5-af3f-5a00a91438a1/datanode-0/data/ratis/3876ee47-7cb5-4bb2-9d7d-a9fb5258eaee/in_use.lock acquired by nodename 24466@pr-hdds-2386-7c5wx-3982037300
2019-11-18 04:17:59,161 [Command processor thread] INFO  impl.RaftServerProxy (RaftServerProxy.java:addNew(89)) - 72d53896-253c-4514-8a06-df6220db9551: addNew group-2332C8DE1CAB:[72d53896-253c-4514-8a06-df6220db9551:192.168.34.17:35842] returns group-2332C8DE1CAB:java.util.concurrent.CompletableFuture@439e2396[Not completed]
2019-11-18 04:17:59,170 [pool-27-thread-1] INFO  storage.RaftStorage (RaftStorage.java:format(84)) - Storage directory /workdir/hadoop-ozone/tools/target/test-dir/MiniOzoneClusterImpl-10ba103f-7f8f-46e5-af3f-5a00a91438a1/datanode-0/data/ratis/3876ee47-7cb5-4bb2-9d7d-a9fb5258eaee has been successfully formatted.
2019-11-18 04:17:59,187 [pool-27-thread-1] INFO  ratis.ContainerStateMachine (ContainerStateMachine.java:loadSnapshot(223)) - group-A9FB5258EAEE: The snapshot info is null. Setting the last applied indexto:(t:0, i:~)
2019-11-18 04:17:59,188 [pool-27-thread-1] INFO  server.RaftServerConfigKeys (ConfUtils.java:logGet(43)) - raft.server.notification.no-leader.timeout = 120s (custom)
2019-11-18 04:17:59,188 [pool-37-thread-1] INFO  impl.RaftServerImpl (RaftServerImpl.java:<init>(98)) - 72d53896-253c-4514-8a06-df6220db9551: new RaftServerImpl for group-2332C8DE1CAB:[72d53896-253c-4514-8a06-df6220db9551:192.168.34.17:35842] with ContainerStateMachine:uninitialized
2019-11-18 04:17:59,190 [pool-37-thread-1] INFO  server.RaftServerConfigKeys (ConfUtils.java:logGet(43)) - raft.server.rpc.timeout.min = 5s (custom)
2019-11-18 04:17:59,190 [pool-37-thread-1] INFO  server.RaftServerConfigKeys (ConfUtils.java:logGet(43)) - raft.server.rpc.timeout.max = 5200ms (custom)
2019-11-18 04:17:59,190 [pool-37-thread-1] INFO  server.RaftServerConfigKeys (ConfUtils.java:logGet(43)) - raft.server.rpcslowness.timeout = 120s (custom)
2019-11-18 04:17:59,190 [pool-37-thread-1] INFO  server.RaftServerConfigKeys (ConfUtils.java:logGet(43)) - raft.server.sleep.deviation.threshold = 300 (default)
2019-11-18 04:17:59,191 [pool-37-thread-1] INFO  server.RaftServerConfigKeys (ConfUtils.java:logGet(43)) - raft.server.log.appender.install.snapshot.enabled = false (custom)
2019-11-18 04:17:59,191 [pool-37-thread-1] INFO  impl.RaftServerImpl (ServerState.java:<init>(103)) - 72d53896-253c-4514-8a06-df6220db9551@group-2332C8DE1CAB: ConfigurationManager, init=-1: [72d53896-253c-4514-8a06-df6220db9551:192.168.34.17:35842], old=null, confs=<EMPTY_MAP>
2019-11-18 04:17:59,191 [pool-27-thread-1] INFO  server.RaftServerConfigKeys (ConfUtils.java:logGet(43)) - raft.server.log.use.memory = false (default)
2019-11-18 04:17:59,191 [pool-37-thread-1] INFO  server.RaftServerConfigKeys (ConfUtils.java:logGet(43)) - raft.server.storage.dir = [/workdir/hadoop-ozone/tools/target/test-dir/MiniOzoneClusterImpl-10ba103f-7f8f-46e5-af3f-5a00a91438a1/datanode-1/data/ratis] (custom)
2019-11-18 04:17:59,192 [pool-37-thread-1] INFO  server.RaftServerConfigKeys (ConfUtils.java:logGet(43)) - raft.server.log.corruption.policy = EXCEPTION (default)
2019-11-18 04:17:59,192 [pool-37-thread-1] INFO  storage.RaftStorageDirectory (RaftStorageDirectory.java:analyzeStorage(246)) - The storage directory /workdir/hadoop-ozone/tools/target/test-dir/MiniOzoneClusterImpl-10ba103f-7f8f-46e5-af3f-5a00a91438a1/datanode-1/data/ratis/4febb085-f89c-4dbb-b5be-2332c8de1cab does not exist. Creating ...
2019-11-18 04:17:59,196 [pool-27-thread-1] INFO  server.RaftServerConfigKeys (ConfUtils.java:logGet(43)) - raft.server.log.purge.gap = 1000000 (custom)
2019-11-18 04:17:59,197 [pool-27-thread-1] INFO  server.RaftServerConfigKeys (ConfUtils.java:logGet(43)) - raft.server.log.appender.buffer.byte-limit = 33554432 (custom)
2019-11-18 04:17:59,199 [pool-27-thread-1] INFO  server.RaftServerConfigKeys (ConfUtils.java:logGet(43)) - raft.server.log.segment.size.max = 1048576 (custom)
2019-11-18 04:17:59,204 [pool-27-thread-1] INFO  metrics.MetricRegistries (MetricRegistriesLoader.java:load(64)) - Loaded MetricRegistries class org.apache.ratis.metrics.impl.MetricRegistriesImpl
2019-11-18 04:17:59,206 [pool-37-thread-1] INFO  storage.RaftStorageDirectory (RaftStorageDirectory.java:tryLock(328)) - Lock on /workdir/hadoop-ozone/tools/target/test-dir/MiniOzoneClusterImpl-10ba103f-7f8f-46e5-af3f-5a00a91438a1/datanode-1/data/ratis/4febb085-f89c-4dbb-b5be-2332c8de1cab/in_use.lock acquired by nodename 24466@pr-hdds-2386-7c5wx-3982037300
2019-11-18 04:17:59,208 [pool-27-thread-1] WARN  impl.MetricRegistriesImpl (MetricRegistriesImpl.java:lambda$create$1(61)) - First MetricRegistry has been created without registering reporters. You may need to call MetricRegistries.global().addReportRegistration(...) before.
2019-11-18 04:17:59,213 [pool-27-thread-1] INFO  server.RaftServerConfigKeys (ConfUtils.java:logGet(43)) - raft.server.log.segment.cache.num.max = 2 (custom)
2019-11-18 04:17:59,218 [pool-27-thread-1] INFO  segmented.SegmentedRaftLogWorker (SegmentedRaftLogWorker.java:<init>(173)) - new 1e101064-e299-4e7e-9f72-2796fed812c3@group-A9FB5258EAEE-SegmentedRaftLogWorker for RaftStorage:Storage Directory /workdir/hadoop-ozone/tools/target/test-dir/MiniOzoneClusterImpl-10ba103f-7f8f-46e5-af3f-5a00a91438a1/datanode-0/data/ratis/3876ee47-7cb5-4bb2-9d7d-a9fb5258eaee
2019-11-18 04:17:59,219 [pool-27-thread-1] INFO  server.RaftServerConfigKeys (ConfUtils.java:logGet(43)) - raft.server.log.queue.byte-limit = 2147483647 (custom)
2019-11-18 04:17:59,219 [pool-37-thread-1] INFO  storage.RaftStorage (RaftStorage.java:format(84)) - Storage directory /workdir/hadoop-ozone/tools/target/test-dir/MiniOzoneClusterImpl-10ba103f-7f8f-46e5-af3f-5a00a91438a1/datanode-1/data/ratis/4febb085-f89c-4dbb-b5be-2332c8de1cab has been successfully formatted.
2019-11-18 04:17:59,220 [pool-27-thread-1] INFO  server.RaftServerConfigKeys (ConfUtils.java:logGet(43)) - raft.server.log.queue.element-limit = 1024 (custom)
2019-11-18 04:17:59,221 [pool-37-thread-1] INFO  ratis.ContainerStateMachine (ContainerStateMachine.java:loadSnapshot(223)) - group-2332C8DE1CAB: The snapshot info is null. Setting the last applied indexto:(t:0, i:~)
2019-11-18 04:17:59,222 [pool-37-thread-1] INFO  server.RaftServerConfigKeys (ConfUtils.java:logGet(43)) - raft.server.notification.no-leader.timeout = 120s (custom)
2019-11-18 04:17:59,222 [pool-37-thread-1] INFO  server.RaftServerConfigKeys (ConfUtils.java:logGet(43)) - raft.server.log.use.memory = false (default)
2019-11-18 04:17:59,222 [pool-27-thread-1] INFO  server.RaftServerConfigKeys (ConfUtils.java:logGet(43)) - raft.server.log.segment.size.max = 1048576 (custom)
2019-11-18 04:17:59,222 [pool-37-thread-1] INFO  server.RaftServerConfigKeys (ConfUtils.java:logGet(43)) - raft.server.log.purge.gap = 1000000 (custom)
2019-11-18 04:17:59,223 [pool-27-thread-1] INFO  server.RaftServerConfigKeys (ConfUtils.java:logGet(43)) - raft.server.log.preallocated.size = 16384 (custom)
2019-11-18 04:17:59,223 [pool-37-thread-1] INFO  server.RaftServerConfigKeys (ConfUtils.java:logGet(43)) - raft.server.log.appender.buffer.byte-limit = 33554432 (custom)
2019-11-18 04:17:59,223 [pool-27-thread-1] INFO  server.RaftServerConfigKeys (ConfUtils.java:logGet(43)) - raft.server.log.write.buffer.size = 33554432 (custom)
2019-11-18 04:17:59,223 [pool-37-thread-1] INFO  server.RaftServerConfigKeys (ConfUtils.java:logGet(43)) - raft.server.log.segment.size.max = 1048576 (custom)
2019-11-18 04:17:59,224 [pool-37-thread-1] WARN  impl.MetricRegistriesImpl (MetricRegistriesImpl.java:lambda$create$1(61)) - First MetricRegistry has been created without registering reporters. You may need to call MetricRegistries.global().addReportRegistration(...) before.
2019-11-18 04:17:59,224 [pool-27-thread-1] INFO  server.RaftServerConfigKeys (ConfUtils.java:logGet(43)) - raft.server.log.force.sync.num = 128 (default)
2019-11-18 04:17:59,225 [pool-37-thread-1] INFO  server.RaftServerConfigKeys (ConfUtils.java:logGet(43)) - raft.server.log.segment.cache.num.max = 2 (custom)
2019-11-18 04:17:59,225 [pool-37-thread-1] INFO  segmented.SegmentedRaftLogWorker (SegmentedRaftLogWorker.java:<init>(173)) - new 72d53896-253c-4514-8a06-df6220db9551@group-2332C8DE1CAB-SegmentedRaftLogWorker for RaftStorage:Storage Directory /workdir/hadoop-ozone/tools/target/test-dir/MiniOzoneClusterImpl-10ba103f-7f8f-46e5-af3f-5a00a91438a1/datanode-1/data/ratis/4febb085-f89c-4dbb-b5be-2332c8de1cab
2019-11-18 04:17:59,226 [pool-37-thread-1] INFO  server.RaftServerConfigKeys (ConfUtils.java:logGet(43)) - raft.server.log.queue.byte-limit = 2147483647 (custom)
2019-11-18 04:17:59,226 [pool-37-thread-1] INFO  server.RaftServerConfigKeys (ConfUtils.java:logGet(43)) - raft.server.log.queue.element-limit = 1024 (custom)
2019-11-18 04:17:59,226 [pool-27-thread-1] INFO  server.RaftServerConfigKeys (ConfUtils.java:logGet(43)) - raft.server.log.statemachine.data.sync = true (default)
2019-11-18 04:17:59,226 [pool-37-thread-1] INFO  server.RaftServerConfigKeys (ConfUtils.java:logGet(43)) - raft.server.log.segment.size.max = 1048576 (custom)
2019-11-18 04:17:59,226 [pool-27-thread-1] INFO  server.RaftServerConfigKeys (ConfUtils.java:logGet(43)) - raft.server.log.statemachine.data.sync.timeout = 10s (default)
2019-11-18 04:17:59,227 [pool-37-thread-1] INFO  server.RaftServerConfigKeys (ConfUtils.java:logGet(43)) - raft.server.log.preallocated.size = 16384 (custom)
2019-11-18 04:17:59,227 [pool-37-thread-1] INFO  server.RaftServerConfigKeys (ConfUtils.java:logGet(43)) - raft.server.log.write.buffer.size = 33554432 (custom)
2019-11-18 04:17:59,227 [pool-27-thread-1] INFO  server.RaftServerConfigKeys (ConfUtils.java:logGet(43)) - raft.server.log.statemachine.data.sync.timeout.retry = -1 (default)
2019-11-18 04:17:59,227 [pool-37-thread-1] INFO  server.RaftServerConfigKeys (ConfUtils.java:logGet(43)) - raft.server.log.force.sync.num = 128 (default)
2019-11-18 04:17:59,228 [pool-37-thread-1] INFO  server.RaftServerConfigKeys (ConfUtils.java:logGet(43)) - raft.server.log.statemachine.data.sync = true (default)
2019-11-18 04:17:59,228 [pool-37-thread-1] INFO  server.RaftServerConfigKeys (ConfUtils.java:logGet(43)) - raft.server.log.statemachine.data.sync.timeout = 10s (default)
2019-11-18 04:17:59,228 [pool-37-thread-1] INFO  server.RaftServerConfigKeys (ConfUtils.java:logGet(43)) - raft.server.log.statemachine.data.sync.timeout.retry = -1 (default)
2019-11-18 04:17:59,240 [pool-27-thread-1] INFO  server.RaftServerConfigKeys (ConfUtils.java:logGet(43)) - raft.server.log.statemachine.data.caching.enabled = true (custom)
2019-11-18 04:17:59,240 [pool-37-thread-1] INFO  server.RaftServerConfigKeys (ConfUtils.java:logGet(43)) - raft.server.log.statemachine.data.caching.enabled = true (custom)
2019-11-18 04:17:59,245 [pool-27-thread-1] INFO  segmented.SegmentedRaftLogWorker (SegmentedRaftLogWorker.java:lambda$new$0(128)) - 1e101064-e299-4e7e-9f72-2796fed812c3@group-A9FB5258EAEE-SegmentedRaftLogWorker: flushIndex: setUnconditionally 0 -> -1
2019-11-18 04:17:59,245 [pool-37-thread-1] INFO  segmented.SegmentedRaftLogWorker (SegmentedRaftLogWorker.java:lambda$new$0(128)) - 72d53896-253c-4514-8a06-df6220db9551@group-2332C8DE1CAB-SegmentedRaftLogWorker: flushIndex: setUnconditionally 0 -> -1
2019-11-18 04:17:59,249 [pool-27-thread-1] INFO  server.RaftServerConfigKeys (ConfUtils.java:logGet(43)) - raft.server.snapshot.auto.trigger.enabled = true (custom)
2019-11-18 04:17:59,249 [pool-37-thread-1] INFO  server.RaftServerConfigKeys (ConfUtils.java:logGet(43)) - raft.server.snapshot.auto.trigger.enabled = true (custom)
2019-11-18 04:17:59,251 [pool-27-thread-1] INFO  server.RaftServerConfigKeys (ConfUtils.java:logGet(43)) - raft.server.snapshot.auto.trigger.threshold = 10000 (custom)
2019-11-18 04:17:59,251 [pool-37-thread-1] INFO  server.RaftServerConfigKeys (ConfUtils.java:logGet(43)) - raft.server.snapshot.auto.trigger.threshold = 10000 (custom)
2019-11-18 04:17:59,252 [Command processor thread] INFO  impl.RaftServerProxy (RaftServerProxy.java:addNew(89)) - 018e5809-2a36-45c6-9c3c-b7cafa943f1d: addNew group-49568CB9CD9E:[018e5809-2a36-45c6-9c3c-b7cafa943f1d:192.168.34.17:39017] returns group-49568CB9CD9E:java.util.concurrent.CompletableFuture@3de9db9a[Not completed]
2019-11-18 04:17:59,252 [pool-27-thread-1] INFO  server.RaftServerConfigKeys (ConfUtils.java:logGet(43)) - raft.server.snapshot.retention.file.num = 5 (custom)
2019-11-18 04:17:59,252 [pool-37-thread-1] INFO  server.RaftServerConfigKeys (ConfUtils.java:logGet(43)) - raft.server.snapshot.retention.file.num = 5 (custom)
2019-11-18 04:17:59,253 [pool-27-thread-1] INFO  server.RaftServerConfigKeys (ConfUtils.java:logGet(43)) - raft.server.retrycache.expirytime = 600000ms (custom)
2019-11-18 04:17:59,253 [pool-37-thread-1] INFO  server.RaftServerConfigKeys (ConfUtils.java:logGet(43)) - raft.server.retrycache.expirytime = 600000ms (custom)
2019-11-18 04:17:59,264 [main] INFO  ozone.MiniOzoneClusterImpl (MiniOzoneClusterImpl.java:lambda$waitForClusterToBeReady$0(150)) - Nodes are ready. Got 3 of 3 DN Heartbeats.
2019-11-18 04:17:59,267 [main] INFO  ozone.MiniOzoneClusterImpl (MiniOzoneClusterImpl.java:lambda$waitForClusterToBeReady$0(153)) - Waiting for cluster to exit safe mode
2019-11-18 04:17:59,269 [pool-47-thread-1] INFO  impl.RaftServerImpl (RaftServerImpl.java:<init>(98)) - 018e5809-2a36-45c6-9c3c-b7cafa943f1d: new RaftServerImpl for group-49568CB9CD9E:[018e5809-2a36-45c6-9c3c-b7cafa943f1d:192.168.34.17:39017] with ContainerStateMachine:uninitialized
2019-11-18 04:17:59,270 [pool-47-thread-1] INFO  server.RaftServerConfigKeys (ConfUtils.java:logGet(43)) - raft.server.rpc.timeout.min = 5s (custom)
2019-11-18 04:17:59,270 [pool-47-thread-1] INFO  server.RaftServerConfigKeys (ConfUtils.java:logGet(43)) - raft.server.rpc.timeout.max = 5200ms (custom)
2019-11-18 04:17:59,270 [pool-47-thread-1] INFO  server.RaftServerConfigKeys (ConfUtils.java:logGet(43)) - raft.server.rpcslowness.timeout = 120s (custom)
2019-11-18 04:17:59,270 [pool-47-thread-1] INFO  server.RaftServerConfigKeys (ConfUtils.java:logGet(43)) - raft.server.sleep.deviation.threshold = 300 (default)
2019-11-18 04:17:59,271 [pool-47-thread-1] INFO  server.RaftServerConfigKeys (ConfUtils.java:logGet(43)) - raft.server.log.appender.install.snapshot.enabled = false (custom)
2019-11-18 04:17:59,271 [pool-47-thread-1] INFO  impl.RaftServerImpl (ServerState.java:<init>(103)) - 018e5809-2a36-45c6-9c3c-b7cafa943f1d@group-49568CB9CD9E: ConfigurationManager, init=-1: [018e5809-2a36-45c6-9c3c-b7cafa943f1d:192.168.34.17:39017], old=null, confs=<EMPTY_MAP>
2019-11-18 04:17:59,271 [pool-47-thread-1] INFO  server.RaftServerConfigKeys (ConfUtils.java:logGet(43)) - raft.server.storage.dir = [/workdir/hadoop-ozone/tools/target/test-dir/MiniOzoneClusterImpl-10ba103f-7f8f-46e5-af3f-5a00a91438a1/datanode-2/data/ratis] (custom)
2019-11-18 04:17:59,272 [pool-47-thread-1] INFO  server.RaftServerConfigKeys (ConfUtils.java:logGet(43)) - raft.server.log.corruption.policy = EXCEPTION (default)
2019-11-18 04:17:59,272 [pool-47-thread-1] INFO  storage.RaftStorageDirectory (RaftStorageDirectory.java:analyzeStorage(246)) - The storage directory /workdir/hadoop-ozone/tools/target/test-dir/MiniOzoneClusterImpl-10ba103f-7f8f-46e5-af3f-5a00a91438a1/datanode-2/data/ratis/d048a621-295a-4aaf-bd8a-49568cb9cd9e does not exist. Creating ...
2019-11-18 04:17:59,286 [pool-47-thread-1] INFO  storage.RaftStorageDirectory (RaftStorageDirectory.java:tryLock(328)) - Lock on /workdir/hadoop-ozone/tools/target/test-dir/MiniOzoneClusterImpl-10ba103f-7f8f-46e5-af3f-5a00a91438a1/datanode-2/data/ratis/d048a621-295a-4aaf-bd8a-49568cb9cd9e/in_use.lock acquired by nodename 24466@pr-hdds-2386-7c5wx-3982037300
2019-11-18 04:17:59,302 [pool-27-thread-1] WARN  impl.MetricRegistriesImpl (MetricRegistriesImpl.java:lambda$create$1(61)) - First MetricRegistry has been created without registering reporters. You may need to call MetricRegistries.global().addReportRegistration(...) before.
2019-11-18 04:17:59,302 [pool-37-thread-1] WARN  impl.MetricRegistriesImpl (MetricRegistriesImpl.java:lambda$create$1(61)) - First MetricRegistry has been created without registering reporters. You may need to call MetricRegistries.global().addReportRegistration(...) before.
2019-11-18 04:17:59,303 [pool-47-thread-1] INFO  storage.RaftStorage (RaftStorage.java:format(84)) - Storage directory /workdir/hadoop-ozone/tools/target/test-dir/MiniOzoneClusterImpl-10ba103f-7f8f-46e5-af3f-5a00a91438a1/datanode-2/data/ratis/d048a621-295a-4aaf-bd8a-49568cb9cd9e has been successfully formatted.
2019-11-18 04:17:59,304 [pool-47-thread-1] INFO  ratis.ContainerStateMachine (ContainerStateMachine.java:loadSnapshot(223)) - group-49568CB9CD9E: The snapshot info is null. Setting the last applied indexto:(t:0, i:~)
2019-11-18 04:17:59,304 [pool-47-thread-1] INFO  server.RaftServerConfigKeys (ConfUtils.java:logGet(43)) - raft.server.notification.no-leader.timeout = 120s (custom)
2019-11-18 04:17:59,305 [pool-47-thread-1] INFO  server.RaftServerConfigKeys (ConfUtils.java:logGet(43)) - raft.server.log.use.memory = false (default)
2019-11-18 04:17:59,305 [pool-47-thread-1] INFO  server.RaftServerConfigKeys (ConfUtils.java:logGet(43)) - raft.server.log.purge.gap = 1000000 (custom)
2019-11-18 04:17:59,305 [pool-47-thread-1] INFO  server.RaftServerConfigKeys (ConfUtils.java:logGet(43)) - raft.server.log.appender.buffer.byte-limit = 33554432 (custom)
2019-11-18 04:17:59,305 [pool-47-thread-1] INFO  server.RaftServerConfigKeys (ConfUtils.java:logGet(43)) - raft.server.log.segment.size.max = 1048576 (custom)
2019-11-18 04:17:59,305 [pool-47-thread-1] WARN  impl.MetricRegistriesImpl (MetricRegistriesImpl.java:lambda$create$1(61)) - First MetricRegistry has been created without registering reporters. You may need to call MetricRegistries.global().addReportRegistration(...) before.
2019-11-18 04:17:59,306 [pool-47-thread-1] INFO  server.RaftServerConfigKeys (ConfUtils.java:logGet(43)) - raft.server.log.segment.cache.num.max = 2 (custom)
2019-11-18 04:17:59,306 [pool-47-thread-1] INFO  segmented.SegmentedRaftLogWorker (SegmentedRaftLogWorker.java:<init>(173)) - new 018e5809-2a36-45c6-9c3c-b7cafa943f1d@group-49568CB9CD9E-SegmentedRaftLogWorker for RaftStorage:Storage Directory /workdir/hadoop-ozone/tools/target/test-dir/MiniOzoneClusterImpl-10ba103f-7f8f-46e5-af3f-5a00a91438a1/datanode-2/data/ratis/d048a621-295a-4aaf-bd8a-49568cb9cd9e
2019-11-18 04:17:59,306 [pool-47-thread-1] INFO  server.RaftServerConfigKeys (ConfUtils.java:logGet(43)) - raft.server.log.queue.byte-limit = 2147483647 (custom)
2019-11-18 04:17:59,307 [pool-47-thread-1] INFO  server.RaftServerConfigKeys (ConfUtils.java:logGet(43)) - raft.server.log.queue.element-limit = 1024 (custom)
2019-11-18 04:17:59,307 [pool-27-thread-1] WARN  impl.MetricRegistriesImpl (MetricRegistriesImpl.java:lambda$create$1(61)) - First MetricRegistry has been created without registering reporters. You may need to call MetricRegistries.global().addReportRegistration(...) before.
2019-11-18 04:17:59,307 [pool-37-thread-1] WARN  impl.MetricRegistriesImpl (MetricRegistriesImpl.java:lambda$create$1(61)) - First MetricRegistry has been created without registering reporters. You may need to call MetricRegistries.global().addReportRegistration(...) before.
2019-11-18 04:17:59,307 [pool-47-thread-1] INFO  server.RaftServerConfigKeys (ConfUtils.java:logGet(43)) - raft.server.log.segment.size.max = 1048576 (custom)
2019-11-18 04:17:59,308 [pool-47-thread-1] INFO  server.RaftServerConfigKeys (ConfUtils.java:logGet(43)) - raft.server.log.preallocated.size = 16384 (custom)
2019-11-18 04:17:59,308 [pool-47-thread-1] INFO  server.RaftServerConfigKeys (ConfUtils.java:logGet(43)) - raft.server.log.write.buffer.size = 33554432 (custom)
2019-11-18 04:17:59,308 [pool-47-thread-1] INFO  server.RaftServerConfigKeys (ConfUtils.java:logGet(43)) - raft.server.log.force.sync.num = 128 (default)
2019-11-18 04:17:59,308 [pool-47-thread-1] INFO  server.RaftServerConfigKeys (ConfUtils.java:logGet(43)) - raft.server.log.statemachine.data.sync = true (default)
2019-11-18 04:17:59,309 [pool-47-thread-1] INFO  server.RaftServerConfigKeys (ConfUtils.java:logGet(43)) - raft.server.log.statemachine.data.sync.timeout = 10s (default)
2019-11-18 04:17:59,309 [pool-47-thread-1] INFO  server.RaftServerConfigKeys (ConfUtils.java:logGet(43)) - raft.server.log.statemachine.data.sync.timeout.retry = -1 (default)
2019-11-18 04:17:59,309 [pool-47-thread-1] INFO  server.RaftServerConfigKeys (ConfUtils.java:logGet(43)) - raft.server.log.statemachine.data.caching.enabled = true (custom)
2019-11-18 04:17:59,310 [pool-47-thread-1] INFO  segmented.SegmentedRaftLogWorker (SegmentedRaftLogWorker.java:lambda$new$0(128)) - 018e5809-2a36-45c6-9c3c-b7cafa943f1d@group-49568CB9CD9E-SegmentedRaftLogWorker: flushIndex: setUnconditionally 0 -> -1
2019-11-18 04:17:59,310 [pool-27-thread-1] INFO  impl.RaftServerImpl (RaftServerImpl.java:start(184)) - 1e101064-e299-4e7e-9f72-2796fed812c3@group-A9FB5258EAEE: start as a follower, conf=-1: [1e101064-e299-4e7e-9f72-2796fed812c3:192.168.34.17:45105], old=null
2019-11-18 04:17:59,310 [pool-37-thread-1] INFO  impl.RaftServerImpl (RaftServerImpl.java:start(184)) - 72d53896-253c-4514-8a06-df6220db9551@group-2332C8DE1CAB: start as a follower, conf=-1: [72d53896-253c-4514-8a06-df6220db9551:192.168.34.17:35842], old=null
2019-11-18 04:17:59,311 [pool-47-thread-1] INFO  server.RaftServerConfigKeys (ConfUtils.java:logGet(43)) - raft.server.snapshot.auto.trigger.enabled = true (custom)
2019-11-18 04:17:59,311 [pool-47-thread-1] INFO  server.RaftServerConfigKeys (ConfUtils.java:logGet(43)) - raft.server.snapshot.auto.trigger.threshold = 10000 (custom)
2019-11-18 04:17:59,311 [pool-47-thread-1] INFO  server.RaftServerConfigKeys (ConfUtils.java:logGet(43)) - raft.server.snapshot.retention.file.num = 5 (custom)
2019-11-18 04:17:59,311 [pool-47-thread-1] INFO  server.RaftServerConfigKeys (ConfUtils.java:logGet(43)) - raft.server.retrycache.expirytime = 600000ms (custom)
2019-11-18 04:17:59,311 [pool-47-thread-1] WARN  impl.MetricRegistriesImpl (MetricRegistriesImpl.java:lambda$create$1(61)) - First MetricRegistry has been created without registering reporters. You may need to call MetricRegistries.global().addReportRegistration(...) before.
2019-11-18 04:17:59,312 [pool-47-thread-1] WARN  impl.MetricRegistriesImpl (MetricRegistriesImpl.java:lambda$create$1(61)) - First MetricRegistry has been created without registering reporters. You may need to call MetricRegistries.global().addReportRegistration(...) before.
2019-11-18 04:17:59,312 [pool-47-thread-1] INFO  impl.RaftServerImpl (RaftServerImpl.java:start(184)) - 018e5809-2a36-45c6-9c3c-b7cafa943f1d@group-49568CB9CD9E: start as a follower, conf=-1: [018e5809-2a36-45c6-9c3c-b7cafa943f1d:192.168.34.17:39017], old=null
2019-11-18 04:17:59,312 [pool-37-thread-1] INFO  impl.RaftServerImpl (RaftServerImpl.java:setRole(173)) - 72d53896-253c-4514-8a06-df6220db9551@group-2332C8DE1CAB: changes role from      null to FOLLOWER at term 0 for startAsFollower
2019-11-18 04:17:59,312 [pool-27-thread-1] INFO  impl.RaftServerImpl (RaftServerImpl.java:setRole(173)) - 1e101064-e299-4e7e-9f72-2796fed812c3@group-A9FB5258EAEE: changes role from      null to FOLLOWER at term 0 for startAsFollower
2019-11-18 04:17:59,312 [pool-47-thread-1] INFO  impl.RaftServerImpl (RaftServerImpl.java:setRole(173)) - 018e5809-2a36-45c6-9c3c-b7cafa943f1d@group-49568CB9CD9E: changes role from      null to FOLLOWER at term 0 for startAsFollower
2019-11-18 04:17:59,314 [pool-27-thread-1] INFO  impl.RoleInfo (RoleInfo.java:updateAndGet(143)) - 1e101064-e299-4e7e-9f72-2796fed812c3: start FollowerState
2019-11-18 04:17:59,314 [pool-47-thread-1] INFO  impl.RoleInfo (RoleInfo.java:updateAndGet(143)) - 018e5809-2a36-45c6-9c3c-b7cafa943f1d: start FollowerState
2019-11-18 04:17:59,314 [pool-37-thread-1] INFO  impl.RoleInfo (RoleInfo.java:updateAndGet(143)) - 72d53896-253c-4514-8a06-df6220db9551: start FollowerState
2019-11-18 04:17:59,321 [pool-27-thread-1] INFO  util.JmxRegister (JmxRegister.java:tryRegister(44)) - Successfully registered JMX Bean with object name Ratis:service=RaftServer,group=group-A9FB5258EAEE,id=1e101064-e299-4e7e-9f72-2796fed812c3
2019-11-18 04:17:59,321 [pool-47-thread-1] INFO  util.JmxRegister (JmxRegister.java:tryRegister(44)) - Successfully registered JMX Bean with object name Ratis:service=RaftServer,group=group-49568CB9CD9E,id=018e5809-2a36-45c6-9c3c-b7cafa943f1d
2019-11-18 04:17:59,321 [pool-37-thread-1] INFO  util.JmxRegister (JmxRegister.java:tryRegister(44)) - Successfully registered JMX Bean with object name Ratis:service=RaftServer,group=group-2332C8DE1CAB,id=72d53896-253c-4514-8a06-df6220db9551
2019-11-18 04:17:59,323 [pool-27-thread-1] WARN  impl.MetricRegistriesImpl (MetricRegistriesImpl.java:lambda$create$1(61)) - First MetricRegistry has been created without registering reporters. You may need to call MetricRegistries.global().addReportRegistration(...) before.
2019-11-18 04:17:59,323 [pool-47-thread-1] WARN  impl.MetricRegistriesImpl (MetricRegistriesImpl.java:lambda$create$1(61)) - First MetricRegistry has been created without registering reporters. You may need to call MetricRegistries.global().addReportRegistration(...) before.
2019-11-18 04:17:59,323 [pool-37-thread-1] WARN  impl.MetricRegistriesImpl (MetricRegistriesImpl.java:lambda$create$1(61)) - First MetricRegistry has been created without registering reporters. You may need to call MetricRegistries.global().addReportRegistration(...) before.
2019-11-18 04:17:59,338 [Command processor thread] INFO  commandhandler.CreatePipelineCommandHandler (CreatePipelineCommandHandler.java:handle(86)) - Create Pipeline RATIS ONE #id: "4febb085-f89c-4dbb-b5be-2332c8de1cab"
 command succeed on datanode 72d53896-253c-4514-8a06-df6220db9551.
2019-11-18 04:17:59,338 [Command processor thread] INFO  commandhandler.CreatePipelineCommandHandler (CreatePipelineCommandHandler.java:handle(86)) - Create Pipeline RATIS ONE #id: "3876ee47-7cb5-4bb2-9d7d-a9fb5258eaee"
 command succeed on datanode 1e101064-e299-4e7e-9f72-2796fed812c3.
2019-11-18 04:17:59,339 [Command processor thread] INFO  commandhandler.CreatePipelineCommandHandler (CreatePipelineCommandHandler.java:handle(86)) - Create Pipeline RATIS ONE #id: "d048a621-295a-4aaf-bd8a-49568cb9cd9e"
 command succeed on datanode 018e5809-2a36-45c6-9c3c-b7cafa943f1d.
2019-11-18 04:17:59,347 [Command processor thread] INFO  impl.RaftServerProxy (RaftServerProxy.java:addNew(89)) - 1e101064-e299-4e7e-9f72-2796fed812c3: addNew group-53ECC1773F72:[72d53896-253c-4514-8a06-df6220db9551:192.168.34.17:35842, 018e5809-2a36-45c6-9c3c-b7cafa943f1d:192.168.34.17:39017, 1e101064-e299-4e7e-9f72-2796fed812c3:192.168.34.17:45105] returns group-53ECC1773F72:java.util.concurrent.CompletableFuture@44ccb6f1[Not completed]
2019-11-18 04:17:59,347 [Command processor thread] INFO  impl.RaftServerProxy (RaftServerProxy.java:addNew(89)) - 018e5809-2a36-45c6-9c3c-b7cafa943f1d: addNew group-53ECC1773F72:[72d53896-253c-4514-8a06-df6220db9551:192.168.34.17:35842, 018e5809-2a36-45c6-9c3c-b7cafa943f1d:192.168.34.17:39017, 1e101064-e299-4e7e-9f72-2796fed812c3:192.168.34.17:45105] returns group-53ECC1773F72:java.util.concurrent.CompletableFuture@39d658ff[Not completed]
2019-11-18 04:17:59,347 [Command processor thread] INFO  impl.RaftServerProxy (RaftServerProxy.java:addNew(89)) - 72d53896-253c-4514-8a06-df6220db9551: addNew group-53ECC1773F72:[72d53896-253c-4514-8a06-df6220db9551:192.168.34.17:35842, 018e5809-2a36-45c6-9c3c-b7cafa943f1d:192.168.34.17:39017, 1e101064-e299-4e7e-9f72-2796fed812c3:192.168.34.17:45105] returns group-53ECC1773F72:java.util.concurrent.CompletableFuture@79f96631[Not completed]
2019-11-18 04:17:59,351 [pool-27-thread-1] INFO  impl.RaftServerImpl (RaftServerImpl.java:<init>(98)) - 1e101064-e299-4e7e-9f72-2796fed812c3: new RaftServerImpl for group-53ECC1773F72:[72d53896-253c-4514-8a06-df6220db9551:192.168.34.17:35842, 018e5809-2a36-45c6-9c3c-b7cafa943f1d:192.168.34.17:39017, 1e101064-e299-4e7e-9f72-2796fed812c3:192.168.34.17:45105] with ContainerStateMachine:uninitialized
2019-11-18 04:17:59,351 [pool-27-thread-1] INFO  server.RaftServerConfigKeys (ConfUtils.java:logGet(43)) - raft.server.rpc.timeout.min = 5s (custom)
2019-11-18 04:17:59,351 [pool-27-thread-1] INFO  server.RaftServerConfigKeys (ConfUtils.java:logGet(43)) - raft.server.rpc.timeout.max = 5200ms (custom)
2019-11-18 04:17:59,351 [pool-27-thread-1] INFO  server.RaftServerConfigKeys (ConfUtils.java:logGet(43)) - raft.server.rpcslowness.timeout = 120s (custom)
2019-11-18 04:17:59,352 [pool-27-thread-1] INFO  server.RaftServerConfigKeys (ConfUtils.java:logGet(43)) - raft.server.sleep.deviation.threshold = 300 (default)
2019-11-18 04:17:59,352 [pool-27-thread-1] INFO  server.RaftServerConfigKeys (ConfUtils.java:logGet(43)) - raft.server.log.appender.install.snapshot.enabled = false (custom)
2019-11-18 04:17:59,352 [pool-27-thread-1] INFO  impl.RaftServerImpl (ServerState.java:<init>(103)) - 1e101064-e299-4e7e-9f72-2796fed812c3@group-53ECC1773F72: ConfigurationManager, init=-1: [72d53896-253c-4514-8a06-df6220db9551:192.168.34.17:35842, 018e5809-2a36-45c6-9c3c-b7cafa943f1d:192.168.34.17:39017, 1e101064-e299-4e7e-9f72-2796fed812c3:192.168.34.17:45105], old=null, confs=<EMPTY_MAP>
2019-11-18 04:17:59,352 [pool-37-thread-1] INFO  impl.RaftServerImpl (RaftServerImpl.java:<init>(98)) - 72d53896-253c-4514-8a06-df6220db9551: new RaftServerImpl for group-53ECC1773F72:[72d53896-253c-4514-8a06-df6220db9551:192.168.34.17:35842, 018e5809-2a36-45c6-9c3c-b7cafa943f1d:192.168.34.17:39017, 1e101064-e299-4e7e-9f72-2796fed812c3:192.168.34.17:45105] with ContainerStateMachine:uninitialized
2019-11-18 04:17:59,352 [pool-27-thread-1] INFO  server.RaftServerConfigKeys (ConfUtils.java:logGet(43)) - raft.server.storage.dir = [/workdir/hadoop-ozone/tools/target/test-dir/MiniOzoneClusterImpl-10ba103f-7f8f-46e5-af3f-5a00a91438a1/datanode-0/data/ratis] (custom)
2019-11-18 04:17:59,352 [pool-37-thread-1] INFO  server.RaftServerConfigKeys (ConfUtils.java:logGet(43)) - raft.server.rpc.timeout.min = 5s (custom)
2019-11-18 04:17:59,353 [pool-37-thread-1] INFO  server.RaftServerConfigKeys (ConfUtils.java:logGet(43)) - raft.server.rpc.timeout.max = 5200ms (custom)
2019-11-18 04:17:59,353 [pool-27-thread-1] INFO  server.RaftServerConfigKeys (ConfUtils.java:logGet(43)) - raft.server.log.corruption.policy = EXCEPTION (default)
2019-11-18 04:17:59,353 [pool-37-thread-1] INFO  server.RaftServerConfigKeys (ConfUtils.java:logGet(43)) - raft.server.rpcslowness.timeout = 120s (custom)
2019-11-18 04:17:59,353 [pool-27-thread-1] INFO  storage.RaftStorageDirectory (RaftStorageDirectory.java:analyzeStorage(246)) - The storage directory /workdir/hadoop-ozone/tools/target/test-dir/MiniOzoneClusterImpl-10ba103f-7f8f-46e5-af3f-5a00a91438a1/datanode-0/data/ratis/c32c7b96-e510-4f70-8910-53ecc1773f72 does not exist. Creating ...
2019-11-18 04:17:59,353 [pool-47-thread-1] INFO  impl.RaftServerImpl (RaftServerImpl.java:<init>(98)) - 018e5809-2a36-45c6-9c3c-b7cafa943f1d: new RaftServerImpl for group-53ECC1773F72:[72d53896-253c-4514-8a06-df6220db9551:192.168.34.17:35842, 018e5809-2a36-45c6-9c3c-b7cafa943f1d:192.168.34.17:39017, 1e101064-e299-4e7e-9f72-2796fed812c3:192.168.34.17:45105] with ContainerStateMachine:uninitialized
2019-11-18 04:17:59,353 [pool-37-thread-1] INFO  server.RaftServerConfigKeys (ConfUtils.java:logGet(43)) - raft.server.sleep.deviation.threshold = 300 (default)
2019-11-18 04:17:59,353 [pool-47-thread-1] INFO  server.RaftServerConfigKeys (ConfUtils.java:logGet(43)) - raft.server.rpc.timeout.min = 5s (custom)
2019-11-18 04:17:59,353 [pool-37-thread-1] INFO  server.RaftServerConfigKeys (ConfUtils.java:logGet(43)) - raft.server.log.appender.install.snapshot.enabled = false (custom)
2019-11-18 04:17:59,353 [pool-47-thread-1] INFO  server.RaftServerConfigKeys (ConfUtils.java:logGet(43)) - raft.server.rpc.timeout.max = 5200ms (custom)
2019-11-18 04:17:59,354 [pool-37-thread-1] INFO  impl.RaftServerImpl (ServerState.java:<init>(103)) - 72d53896-253c-4514-8a06-df6220db9551@group-53ECC1773F72: ConfigurationManager, init=-1: [72d53896-253c-4514-8a06-df6220db9551:192.168.34.17:35842, 018e5809-2a36-45c6-9c3c-b7cafa943f1d:192.168.34.17:39017, 1e101064-e299-4e7e-9f72-2796fed812c3:192.168.34.17:45105], old=null, confs=<EMPTY_MAP>
2019-11-18 04:17:59,354 [pool-47-thread-1] INFO  server.RaftServerConfigKeys (ConfUtils.java:logGet(43)) - raft.server.rpcslowness.timeout = 120s (custom)
2019-11-18 04:17:59,354 [pool-37-thread-1] INFO  server.RaftServerConfigKeys (ConfUtils.java:logGet(43)) - raft.server.storage.dir = [/workdir/hadoop-ozone/tools/target/test-dir/MiniOzoneClusterImpl-10ba103f-7f8f-46e5-af3f-5a00a91438a1/datanode-1/data/ratis] (custom)
2019-11-18 04:17:59,354 [pool-47-thread-1] INFO  server.RaftServerConfigKeys (ConfUtils.java:logGet(43)) - raft.server.sleep.deviation.threshold = 300 (default)
2019-11-18 04:17:59,354 [pool-47-thread-1] INFO  server.RaftServerConfigKeys (ConfUtils.java:logGet(43)) - raft.server.log.appender.install.snapshot.enabled = false (custom)
2019-11-18 04:17:59,354 [pool-37-thread-1] INFO  server.RaftServerConfigKeys (ConfUtils.java:logGet(43)) - raft.server.log.corruption.policy = EXCEPTION (default)
2019-11-18 04:17:59,354 [pool-47-thread-1] INFO  impl.RaftServerImpl (ServerState.java:<init>(103)) - 018e5809-2a36-45c6-9c3c-b7cafa943f1d@group-53ECC1773F72: ConfigurationManager, init=-1: [72d53896-253c-4514-8a06-df6220db9551:192.168.34.17:35842, 018e5809-2a36-45c6-9c3c-b7cafa943f1d:192.168.34.17:39017, 1e101064-e299-4e7e-9f72-2796fed812c3:192.168.34.17:45105], old=null, confs=<EMPTY_MAP>
2019-11-18 04:17:59,354 [pool-37-thread-1] INFO  storage.RaftStorageDirectory (RaftStorageDirectory.java:analyzeStorage(246)) - The storage directory /workdir/hadoop-ozone/tools/target/test-dir/MiniOzoneClusterImpl-10ba103f-7f8f-46e5-af3f-5a00a91438a1/datanode-1/data/ratis/c32c7b96-e510-4f70-8910-53ecc1773f72 does not exist. Creating ...
2019-11-18 04:17:59,354 [pool-47-thread-1] INFO  server.RaftServerConfigKeys (ConfUtils.java:logGet(43)) - raft.server.storage.dir = [/workdir/hadoop-ozone/tools/target/test-dir/MiniOzoneClusterImpl-10ba103f-7f8f-46e5-af3f-5a00a91438a1/datanode-2/data/ratis] (custom)
2019-11-18 04:17:59,355 [pool-47-thread-1] INFO  server.RaftServerConfigKeys (ConfUtils.java:logGet(43)) - raft.server.log.corruption.policy = EXCEPTION (default)
2019-11-18 04:17:59,355 [pool-47-thread-1] INFO  storage.RaftStorageDirectory (RaftStorageDirectory.java:analyzeStorage(246)) - The storage directory /workdir/hadoop-ozone/tools/target/test-dir/MiniOzoneClusterImpl-10ba103f-7f8f-46e5-af3f-5a00a91438a1/datanode-2/data/ratis/c32c7b96-e510-4f70-8910-53ecc1773f72 does not exist. Creating ...
2019-11-18 04:17:59,361 [EventQueue-PipelineReportForPipelineReportHandler] INFO  pipeline.PipelineReportHandler (PipelineReportHandler.java:processPipelineReport(113)) - Pipeline ONE PipelineID=4febb085-f89c-4dbb-b5be-2332c8de1cab reported by 72d53896-253c-4514-8a06-df6220db9551{ip: 192.168.34.17, host: pr-hdds-2386-7c5wx-3982037300, networkLocation: /default-rack, certSerialId: null}
2019-11-18 04:17:59,361 [EventQueue-PipelineReportForPipelineReportHandler] INFO  pipeline.PipelineStateManager (PipelineStateManager.java:openPipeline(132)) - Pipeline Pipeline[ Id: 4febb085-f89c-4dbb-b5be-2332c8de1cab, Nodes: 72d53896-253c-4514-8a06-df6220db9551{ip: 192.168.34.17, host: pr-hdds-2386-7c5wx-3982037300, networkLocation: /default-rack, certSerialId: null}, Type:RATIS, Factor:ONE, State:ALLOCATED] moved to OPEN state
2019-11-18 04:17:59,363 [EventQueue-OpenPipelineForOneReplicaPipelineSafeModeRule] INFO  safemode.SCMSafeModeManager (SCMSafeModeManager.java:validateSafeModeExitRules(176)) - AtleastOneDatanodeReportedRule rule is successfully validated
2019-11-18 04:17:59,364 [EventQueue-PipelineReportForPipelineReportHandler] INFO  pipeline.PipelineReportHandler (PipelineReportHandler.java:processPipelineReport(113)) - Pipeline ONE PipelineID=3876ee47-7cb5-4bb2-9d7d-a9fb5258eaee reported by 1e101064-e299-4e7e-9f72-2796fed812c3{ip: 192.168.34.17, host: pr-hdds-2386-7c5wx-3982037300, networkLocation: /default-rack, certSerialId: null}
2019-11-18 04:17:59,364 [EventQueue-OpenPipelineForHealthyPipelineSafeModeRule] INFO  safemode.SCMSafeModeManager (HealthyPipelineSafeModeRule.java:process(132)) - SCM in safe mode. Healthy pipelines reported count is 0, required healthy pipeline reported count is 1
2019-11-18 04:17:59,364 [EventQueue-PipelineReportForPipelineReportHandler] INFO  pipeline.PipelineStateManager (PipelineStateManager.java:openPipeline(132)) - Pipeline Pipeline[ Id: 3876ee47-7cb5-4bb2-9d7d-a9fb5258eaee, Nodes: 1e101064-e299-4e7e-9f72-2796fed812c3{ip: 192.168.34.17, host: pr-hdds-2386-7c5wx-3982037300, networkLocation: /default-rack, certSerialId: null}, Type:RATIS, Factor:ONE, State:ALLOCATED] moved to OPEN state
2019-11-18 04:17:59,364 [EventQueue-OpenPipelineForOneReplicaPipelineSafeModeRule] INFO  safemode.SCMSafeModeManager (SCMSafeModeManager.java:validateSafeModeExitRules(176)) - AtleastOneDatanodeReportedRule rule is successfully validated
2019-11-18 04:17:59,364 [EventQueue-PipelineReportForPipelineReportHandler] INFO  pipeline.PipelineReportHandler (PipelineReportHandler.java:processPipelineReport(113)) - Pipeline ONE PipelineID=d048a621-295a-4aaf-bd8a-49568cb9cd9e reported by 018e5809-2a36-45c6-9c3c-b7cafa943f1d{ip: 192.168.34.17, host: pr-hdds-2386-7c5wx-3982037300, networkLocation: /default-rack, certSerialId: null}
2019-11-18 04:17:59,364 [EventQueue-OpenPipelineForHealthyPipelineSafeModeRule] INFO  safemode.SCMSafeModeManager (HealthyPipelineSafeModeRule.java:process(132)) - SCM in safe mode. Healthy pipelines reported count is 0, required healthy pipeline reported count is 1
2019-11-18 04:17:59,365 [EventQueue-PipelineReportForPipelineReportHandler] INFO  pipeline.PipelineStateManager (PipelineStateManager.java:openPipeline(132)) - Pipeline Pipeline[ Id: d048a621-295a-4aaf-bd8a-49568cb9cd9e, Nodes: 018e5809-2a36-45c6-9c3c-b7cafa943f1d{ip: 192.168.34.17, host: pr-hdds-2386-7c5wx-3982037300, networkLocation: /default-rack, certSerialId: null}, Type:RATIS, Factor:ONE, State:ALLOCATED] moved to OPEN state
2019-11-18 04:17:59,365 [EventQueue-OpenPipelineForOneReplicaPipelineSafeModeRule] INFO  safemode.SCMSafeModeManager (SCMSafeModeManager.java:validateSafeModeExitRules(176)) - AtleastOneDatanodeReportedRule rule is successfully validated
2019-11-18 04:17:59,365 [EventQueue-OpenPipelineForHealthyPipelineSafeModeRule] INFO  safemode.SCMSafeModeManager (HealthyPipelineSafeModeRule.java:process(132)) - SCM in safe mode. Healthy pipelines reported count is 0, required healthy pipeline reported count is 1
2019-11-18 04:17:59,366 [pool-37-thread-1] INFO  storage.RaftStorageDirectory (RaftStorageDirectory.java:tryLock(328)) - Lock on /workdir/hadoop-ozone/tools/target/test-dir/MiniOzoneClusterImpl-10ba103f-7f8f-46e5-af3f-5a00a91438a1/datanode-1/data/ratis/c32c7b96-e510-4f70-8910-53ecc1773f72/in_use.lock acquired by nodename 24466@pr-hdds-2386-7c5wx-3982037300
2019-11-18 04:17:59,367 [pool-27-thread-1] INFO  storage.RaftStorageDirectory (RaftStorageDirectory.java:tryLock(328)) - Lock on /workdir/hadoop-ozone/tools/target/test-dir/MiniOzoneClusterImpl-10ba103f-7f8f-46e5-af3f-5a00a91438a1/datanode-0/data/ratis/c32c7b96-e510-4f70-8910-53ecc1773f72/in_use.lock acquired by nodename 24466@pr-hdds-2386-7c5wx-3982037300
2019-11-18 04:17:59,367 [pool-47-thread-1] INFO  storage.RaftStorageDirectory (RaftStorageDirectory.java:tryLock(328)) - Lock on /workdir/hadoop-ozone/tools/target/test-dir/MiniOzoneClusterImpl-10ba103f-7f8f-46e5-af3f-5a00a91438a1/datanode-2/data/ratis/c32c7b96-e510-4f70-8910-53ecc1773f72/in_use.lock acquired by nodename 24466@pr-hdds-2386-7c5wx-3982037300
2019-11-18 04:17:59,380 [pool-47-thread-1] INFO  storage.RaftStorage (RaftStorage.java:format(84)) - Storage directory /workdir/hadoop-ozone/tools/target/test-dir/MiniOzoneClusterImpl-10ba103f-7f8f-46e5-af3f-5a00a91438a1/datanode-2/data/ratis/c32c7b96-e510-4f70-8910-53ecc1773f72 has been successfully formatted.
2019-11-18 04:17:59,380 [pool-27-thread-1] INFO  storage.RaftStorage (RaftStorage.java:format(84)) - Storage directory /workdir/hadoop-ozone/tools/target/test-dir/MiniOzoneClusterImpl-10ba103f-7f8f-46e5-af3f-5a00a91438a1/datanode-0/data/ratis/c32c7b96-e510-4f70-8910-53ecc1773f72 has been successfully formatted.
2019-11-18 04:17:59,380 [pool-37-thread-1] INFO  storage.RaftStorage (RaftStorage.java:format(84)) - Storage directory /workdir/hadoop-ozone/tools/target/test-dir/MiniOzoneClusterImpl-10ba103f-7f8f-46e5-af3f-5a00a91438a1/datanode-1/data/ratis/c32c7b96-e510-4f70-8910-53ecc1773f72 has been successfully formatted.
2019-11-18 04:17:59,380 [pool-47-thread-1] INFO  ratis.ContainerStateMachine (ContainerStateMachine.java:loadSnapshot(223)) - group-53ECC1773F72: The snapshot info is null. Setting the last applied indexto:(t:0, i:~)
2019-11-18 04:17:59,381 [pool-27-thread-1] INFO  ratis.ContainerStateMachine (ContainerStateMachine.java:loadSnapshot(223)) - group-53ECC1773F72: The snapshot info is null. Setting the last applied indexto:(t:0, i:~)
2019-11-18 04:17:59,381 [pool-47-thread-1] INFO  server.RaftServerConfigKeys (ConfUtils.java:logGet(43)) - raft.server.notification.no-leader.timeout = 120s (custom)
2019-11-18 04:17:59,381 [pool-27-thread-1] INFO  server.RaftServerConfigKeys (ConfUtils.java:logGet(43)) - raft.server.notification.no-leader.timeout = 120s (custom)
2019-11-18 04:17:59,381 [pool-37-thread-1] INFO  ratis.ContainerStateMachine (ContainerStateMachine.java:loadSnapshot(223)) - group-53ECC1773F72: The snapshot info is null. Setting the last applied indexto:(t:0, i:~)
2019-11-18 04:17:59,381 [pool-27-thread-1] INFO  server.RaftServerConfigKeys (ConfUtils.java:logGet(43)) - raft.server.log.use.memory = false (default)
2019-11-18 04:17:59,381 [pool-47-thread-1] INFO  server.RaftServerConfigKeys (ConfUtils.java:logGet(43)) - raft.server.log.use.memory = false (default)
2019-11-18 04:17:59,381 [pool-27-thread-1] INFO  server.RaftServerConfigKeys (ConfUtils.java:logGet(43)) - raft.server.log.purge.gap = 1000000 (custom)
2019-11-18 04:17:59,381 [pool-37-thread-1] INFO  server.RaftServerConfigKeys (ConfUtils.java:logGet(43)) - raft.server.notification.no-leader.timeout = 120s (custom)
2019-11-18 04:17:59,381 [pool-27-thread-1] INFO  server.RaftServerConfigKeys (ConfUtils.java:logGet(43)) - raft.server.log.appender.buffer.byte-limit = 33554432 (custom)
2019-11-18 04:17:59,381 [pool-47-thread-1] INFO  server.RaftServerConfigKeys (ConfUtils.java:logGet(43)) - raft.server.log.purge.gap = 1000000 (custom)
2019-11-18 04:17:59,382 [pool-27-thread-1] INFO  server.RaftServerConfigKeys (ConfUtils.java:logGet(43)) - raft.server.log.segment.size.max = 1048576 (custom)
2019-11-18 04:17:59,382 [pool-37-thread-1] INFO  server.RaftServerConfigKeys (ConfUtils.java:logGet(43)) - raft.server.log.use.memory = false (default)
2019-11-18 04:17:59,382 [pool-47-thread-1] INFO  server.RaftServerConfigKeys (ConfUtils.java:logGet(43)) - raft.server.log.appender.buffer.byte-limit = 33554432 (custom)
2019-11-18 04:17:59,382 [pool-37-thread-1] INFO  server.RaftServerConfigKeys (ConfUtils.java:logGet(43)) - raft.server.log.purge.gap = 1000000 (custom)
2019-11-18 04:17:59,382 [pool-27-thread-1] INFO  server.RaftServerConfigKeys (ConfUtils.java:logGet(43)) - raft.server.log.segment.cache.num.max = 2 (custom)
2019-11-18 04:17:59,382 [pool-37-thread-1] INFO  server.RaftServerConfigKeys (ConfUtils.java:logGet(43)) - raft.server.log.appender.buffer.byte-limit = 33554432 (custom)
2019-11-18 04:17:59,382 [pool-47-thread-1] INFO  server.RaftServerConfigKeys (ConfUtils.java:logGet(43)) - raft.server.log.segment.size.max = 1048576 (custom)
2019-11-18 04:17:59,382 [pool-37-thread-1] INFO  server.RaftServerConfigKeys (ConfUtils.java:logGet(43)) - raft.server.log.segment.size.max = 1048576 (custom)
2019-11-18 04:17:59,383 [pool-47-thread-1] INFO  server.RaftServerConfigKeys (ConfUtils.java:logGet(43)) - raft.server.log.segment.cache.num.max = 2 (custom)
2019-11-18 04:17:59,382 [pool-27-thread-1] INFO  segmented.SegmentedRaftLogWorker (SegmentedRaftLogWorker.java:<init>(173)) - new 1e101064-e299-4e7e-9f72-2796fed812c3@group-53ECC1773F72-SegmentedRaftLogWorker for RaftStorage:Storage Directory /workdir/hadoop-ozone/tools/target/test-dir/MiniOzoneClusterImpl-10ba103f-7f8f-46e5-af3f-5a00a91438a1/datanode-0/data/ratis/c32c7b96-e510-4f70-8910-53ecc1773f72
2019-11-18 04:17:59,383 [pool-47-thread-1] INFO  segmented.SegmentedRaftLogWorker (SegmentedRaftLogWorker.java:<init>(173)) - new 018e5809-2a36-45c6-9c3c-b7cafa943f1d@group-53ECC1773F72-SegmentedRaftLogWorker for RaftStorage:Storage Directory /workdir/hadoop-ozone/tools/target/test-dir/MiniOzoneClusterImpl-10ba103f-7f8f-46e5-af3f-5a00a91438a1/datanode-2/data/ratis/c32c7b96-e510-4f70-8910-53ecc1773f72
2019-11-18 04:17:59,383 [pool-37-thread-1] INFO  server.RaftServerConfigKeys (ConfUtils.java:logGet(43)) - raft.server.log.segment.cache.num.max = 2 (custom)
2019-11-18 04:17:59,383 [pool-47-thread-1] INFO  server.RaftServerConfigKeys (ConfUtils.java:logGet(43)) - raft.server.log.queue.byte-limit = 2147483647 (custom)
2019-11-18 04:17:59,383 [pool-27-thread-1] INFO  server.RaftServerConfigKeys (ConfUtils.java:logGet(43)) - raft.server.log.queue.byte-limit = 2147483647 (custom)
2019-11-18 04:17:59,383 [pool-47-thread-1] INFO  server.RaftServerConfigKeys (ConfUtils.java:logGet(43)) - raft.server.log.queue.element-limit = 1024 (custom)
2019-11-18 04:17:59,383 [pool-37-thread-1] INFO  segmented.SegmentedRaftLogWorker (SegmentedRaftLogWorker.java:<init>(173)) - new 72d53896-253c-4514-8a06-df6220db9551@group-53ECC1773F72-SegmentedRaftLogWorker for RaftStorage:Storage Directory /workdir/hadoop-ozone/tools/target/test-dir/MiniOzoneClusterImpl-10ba103f-7f8f-46e5-af3f-5a00a91438a1/datanode-1/data/ratis/c32c7b96-e510-4f70-8910-53ecc1773f72
2019-11-18 04:17:59,383 [pool-47-thread-1] INFO  server.RaftServerConfigKeys (ConfUtils.java:logGet(43)) - raft.server.log.segment.size.max = 1048576 (custom)
2019-11-18 04:17:59,383 [pool-27-thread-1] INFO  server.RaftServerConfigKeys (ConfUtils.java:logGet(43)) - raft.server.log.queue.element-limit = 1024 (custom)
2019-11-18 04:17:59,384 [pool-47-thread-1] INFO  server.RaftServerConfigKeys (ConfUtils.java:logGet(43)) - raft.server.log.preallocated.size = 16384 (custom)
2019-11-18 04:17:59,383 [pool-37-thread-1] INFO  server.RaftServerConfigKeys (ConfUtils.java:logGet(43)) - raft.server.log.queue.byte-limit = 2147483647 (custom)
2019-11-18 04:17:59,384 [pool-47-thread-1] INFO  server.RaftServerConfigKeys (ConfUtils.java:logGet(43)) - raft.server.log.write.buffer.size = 33554432 (custom)
2019-11-18 04:17:59,384 [pool-27-thread-1] INFO  server.RaftServerConfigKeys (ConfUtils.java:logGet(43)) - raft.server.log.segment.size.max = 1048576 (custom)
2019-11-18 04:17:59,384 [pool-47-thread-1] INFO  server.RaftServerConfigKeys (ConfUtils.java:logGet(43)) - raft.server.log.force.sync.num = 128 (default)
2019-11-18 04:17:59,384 [pool-37-thread-1] INFO  server.RaftServerConfigKeys (ConfUtils.java:logGet(43)) - raft.server.log.queue.element-limit = 1024 (custom)
2019-11-18 04:17:59,384 [pool-47-thread-1] INFO  server.RaftServerConfigKeys (ConfUtils.java:logGet(43)) - raft.server.log.statemachine.data.sync = true (default)
2019-11-18 04:17:59,384 [pool-27-thread-1] INFO  server.RaftServerConfigKeys (ConfUtils.java:logGet(43)) - raft.server.log.preallocated.size = 16384 (custom)
2019-11-18 04:17:59,384 [pool-47-thread-1] INFO  server.RaftServerConfigKeys (ConfUtils.java:logGet(43)) - raft.server.log.statemachine.data.sync.timeout = 10s (default)
2019-11-18 04:17:59,384 [pool-37-thread-1] INFO  server.RaftServerConfigKeys (ConfUtils.java:logGet(43)) - raft.server.log.segment.size.max = 1048576 (custom)
2019-11-18 04:17:59,385 [pool-47-thread-1] INFO  server.RaftServerConfigKeys (ConfUtils.java:logGet(43)) - raft.server.log.statemachine.data.sync.timeout.retry = -1 (default)
2019-11-18 04:17:59,385 [pool-27-thread-1] INFO  server.RaftServerConfigKeys (ConfUtils.java:logGet(43)) - raft.server.log.write.buffer.size = 33554432 (custom)
2019-11-18 04:17:59,385 [pool-37-thread-1] INFO  server.RaftServerConfigKeys (ConfUtils.java:logGet(43)) - raft.server.log.preallocated.size = 16384 (custom)
2019-11-18 04:17:59,385 [pool-47-thread-1] INFO  server.RaftServerConfigKeys (ConfUtils.java:logGet(43)) - raft.server.log.statemachine.data.caching.enabled = true (custom)
2019-11-18 04:17:59,385 [pool-27-thread-1] INFO  server.RaftServerConfigKeys (ConfUtils.java:logGet(43)) - raft.server.log.force.sync.num = 128 (default)
2019-11-18 04:17:59,385 [pool-37-thread-1] INFO  server.RaftServerConfigKeys (ConfUtils.java:logGet(43)) - raft.server.log.write.buffer.size = 33554432 (custom)
2019-11-18 04:17:59,385 [pool-27-thread-1] INFO  server.RaftServerConfigKeys (ConfUtils.java:logGet(43)) - raft.server.log.statemachine.data.sync = true (default)
2019-11-18 04:17:59,385 [pool-37-thread-1] INFO  server.RaftServerConfigKeys (ConfUtils.java:logGet(43)) - raft.server.log.force.sync.num = 128 (default)
2019-11-18 04:17:59,385 [pool-47-thread-1] INFO  segmented.SegmentedRaftLogWorker (SegmentedRaftLogWorker.java:lambda$new$0(128)) - 018e5809-2a36-45c6-9c3c-b7cafa943f1d@group-53ECC1773F72-SegmentedRaftLogWorker: flushIndex: setUnconditionally 0 -> -1
2019-11-18 04:17:59,386 [pool-27-thread-1] INFO  server.RaftServerConfigKeys (ConfUtils.java:logGet(43)) - raft.server.log.statemachine.data.sync.timeout = 10s (default)
2019-11-18 04:17:59,386 [pool-37-thread-1] INFO  server.RaftServerConfigKeys (ConfUtils.java:logGet(43)) - raft.server.log.statemachine.data.sync = true (default)
2019-11-18 04:17:59,386 [pool-27-thread-1] INFO  server.RaftServerConfigKeys (ConfUtils.java:logGet(43)) - raft.server.log.statemachine.data.sync.timeout.retry = -1 (default)
2019-11-18 04:17:59,386 [pool-47-thread-1] INFO  server.RaftServerConfigKeys (ConfUtils.java:logGet(43)) - raft.server.snapshot.auto.trigger.enabled = true (custom)
2019-11-18 04:17:59,386 [pool-37-thread-1] INFO  server.RaftServerConfigKeys (ConfUtils.java:logGet(43)) - raft.server.log.statemachine.data.sync.timeout = 10s (default)
2019-11-18 04:17:59,386 [pool-47-thread-1] INFO  server.RaftServerConfigKeys (ConfUtils.java:logGet(43)) - raft.server.snapshot.auto.trigger.threshold = 10000 (custom)
2019-11-18 04:17:59,386 [pool-27-thread-1] INFO  server.RaftServerConfigKeys (ConfUtils.java:logGet(43)) - raft.server.log.statemachine.data.caching.enabled = true (custom)
2019-11-18 04:17:59,387 [pool-47-thread-1] INFO  server.RaftServerConfigKeys (ConfUtils.java:logGet(43)) - raft.server.snapshot.retention.file.num = 5 (custom)
2019-11-18 04:17:59,386 [pool-37-thread-1] INFO  server.RaftServerConfigKeys (ConfUtils.java:logGet(43)) - raft.server.log.statemachine.data.sync.timeout.retry = -1 (default)
2019-11-18 04:17:59,387 [pool-47-thread-1] INFO  server.RaftServerConfigKeys (ConfUtils.java:logGet(43)) - raft.server.retrycache.expirytime = 600000ms (custom)
2019-11-18 04:17:59,387 [pool-37-thread-1] INFO  server.RaftServerConfigKeys (ConfUtils.java:logGet(43)) - raft.server.log.statemachine.data.caching.enabled = true (custom)
2019-11-18 04:17:59,387 [pool-27-thread-1] INFO  segmented.SegmentedRaftLogWorker (SegmentedRaftLogWorker.java:lambda$new$0(128)) - 1e101064-e299-4e7e-9f72-2796fed812c3@group-53ECC1773F72-SegmentedRaftLogWorker: flushIndex: setUnconditionally 0 -> -1
2019-11-18 04:17:59,387 [pool-47-thread-1] WARN  impl.MetricRegistriesImpl (MetricRegistriesImpl.java:lambda$create$1(61)) - First MetricRegistry has been created without registering reporters. You may need to call MetricRegistries.global().addReportRegistration(...) before.
2019-11-18 04:17:59,387 [pool-37-thread-1] INFO  segmented.SegmentedRaftLogWorker (SegmentedRaftLogWorker.java:lambda$new$0(128)) - 72d53896-253c-4514-8a06-df6220db9551@group-53ECC1773F72-SegmentedRaftLogWorker: flushIndex: setUnconditionally 0 -> -1
2019-11-18 04:17:59,388 [pool-27-thread-1] INFO  server.RaftServerConfigKeys (ConfUtils.java:logGet(43)) - raft.server.snapshot.auto.trigger.enabled = true (custom)
2019-11-18 04:17:59,388 [pool-37-thread-1] INFO  server.RaftServerConfigKeys (ConfUtils.java:logGet(43)) - raft.server.snapshot.auto.trigger.enabled = true (custom)
2019-11-18 04:17:59,387 [pool-47-thread-1] WARN  impl.MetricRegistriesImpl (MetricRegistriesImpl.java:lambda$create$1(61)) - First MetricRegistry has been created without registering reporters. You may need to call MetricRegistries.global().addReportRegistration(...) before.
2019-11-18 04:17:59,388 [pool-37-thread-1] INFO  server.RaftServerConfigKeys (ConfUtils.java:logGet(43)) - raft.server.snapshot.auto.trigger.threshold = 10000 (custom)
2019-11-18 04:17:59,388 [pool-27-thread-1] INFO  server.RaftServerConfigKeys (ConfUtils.java:logGet(43)) - raft.server.snapshot.auto.trigger.threshold = 10000 (custom)
2019-11-18 04:17:59,388 [pool-47-thread-1] INFO  impl.RaftServerImpl (RaftServerImpl.java:start(184)) - 018e5809-2a36-45c6-9c3c-b7cafa943f1d@group-53ECC1773F72: start as a follower, conf=-1: [72d53896-253c-4514-8a06-df6220db9551:192.168.34.17:35842, 018e5809-2a36-45c6-9c3c-b7cafa943f1d:192.168.34.17:39017, 1e101064-e299-4e7e-9f72-2796fed812c3:192.168.34.17:45105], old=null
2019-11-18 04:17:59,388 [pool-37-thread-1] INFO  server.RaftServerConfigKeys (ConfUtils.java:logGet(43)) - raft.server.snapshot.retention.file.num = 5 (custom)
2019-11-18 04:17:59,388 [pool-47-thread-1] INFO  impl.RaftServerImpl (RaftServerImpl.java:setRole(173)) - 018e5809-2a36-45c6-9c3c-b7cafa943f1d@group-53ECC1773F72: changes role from      null to FOLLOWER at term 0 for startAsFollower
2019-11-18 04:17:59,388 [pool-27-thread-1] INFO  server.RaftServerConfigKeys (ConfUtils.java:logGet(43)) - raft.server.snapshot.retention.file.num = 5 (custom)
2019-11-18 04:17:59,388 [pool-47-thread-1] INFO  impl.RoleInfo (RoleInfo.java:updateAndGet(143)) - 018e5809-2a36-45c6-9c3c-b7cafa943f1d: start FollowerState
2019-11-18 04:17:59,388 [pool-37-thread-1] INFO  server.RaftServerConfigKeys (ConfUtils.java:logGet(43)) - raft.server.retrycache.expirytime = 600000ms (custom)
2019-11-18 04:17:59,389 [pool-27-thread-1] INFO  server.RaftServerConfigKeys (ConfUtils.java:logGet(43)) - raft.server.retrycache.expirytime = 600000ms (custom)
2019-11-18 04:17:59,389 [pool-37-thread-1] WARN  impl.MetricRegistriesImpl (MetricRegistriesImpl.java:lambda$create$1(61)) - First MetricRegistry has been created without registering reporters. You may need to call MetricRegistries.global().addReportRegistration(...) before.
2019-11-18 04:17:59,389 [pool-47-thread-1] INFO  util.JmxRegister (JmxRegister.java:tryRegister(44)) - Successfully registered JMX Bean with object name Ratis:service=RaftServer,group=group-53ECC1773F72,id=018e5809-2a36-45c6-9c3c-b7cafa943f1d
2019-11-18 04:17:59,389 [pool-27-thread-1] WARN  impl.MetricRegistriesImpl (MetricRegistriesImpl.java:lambda$create$1(61)) - First MetricRegistry has been created without registering reporters. You may need to call MetricRegistries.global().addReportRegistration(...) before.
2019-11-18 04:17:59,389 [pool-47-thread-1] WARN  impl.MetricRegistriesImpl (MetricRegistriesImpl.java:lambda$create$1(61)) - First MetricRegistry has been created without registering reporters. You may need to call MetricRegistries.global().addReportRegistration(...) before.
2019-11-18 04:17:59,389 [pool-37-thread-1] WARN  impl.MetricRegistriesImpl (MetricRegistriesImpl.java:lambda$create$1(61)) - First MetricRegistry has been created without registering reporters. You may need to call MetricRegistries.global().addReportRegistration(...) before.
2019-11-18 04:17:59,389 [pool-27-thread-1] WARN  impl.MetricRegistriesImpl (MetricRegistriesImpl.java:lambda$create$1(61)) - First MetricRegistry has been created without registering reporters. You may need to call MetricRegistries.global().addReportRegistration(...) before.
2019-11-18 04:17:59,390 [pool-37-thread-1] INFO  impl.RaftServerImpl (RaftServerImpl.java:start(184)) - 72d53896-253c-4514-8a06-df6220db9551@group-53ECC1773F72: start as a follower, conf=-1: [72d53896-253c-4514-8a06-df6220db9551:192.168.34.17:35842, 018e5809-2a36-45c6-9c3c-b7cafa943f1d:192.168.34.17:39017, 1e101064-e299-4e7e-9f72-2796fed812c3:192.168.34.17:45105], old=null
2019-11-18 04:17:59,390 [pool-37-thread-1] INFO  impl.RaftServerImpl (RaftServerImpl.java:setRole(173)) - 72d53896-253c-4514-8a06-df6220db9551@group-53ECC1773F72: changes role from      null to FOLLOWER at term 0 for startAsFollower
2019-11-18 04:17:59,390 [pool-27-thread-1] INFO  impl.RaftServerImpl (RaftServerImpl.java:start(184)) - 1e101064-e299-4e7e-9f72-2796fed812c3@group-53ECC1773F72: start as a follower, conf=-1: [72d53896-253c-4514-8a06-df6220db9551:192.168.34.17:35842, 018e5809-2a36-45c6-9c3c-b7cafa943f1d:192.168.34.17:39017, 1e101064-e299-4e7e-9f72-2796fed812c3:192.168.34.17:45105], old=null
2019-11-18 04:17:59,390 [pool-37-thread-1] INFO  impl.RoleInfo (RoleInfo.java:updateAndGet(143)) - 72d53896-253c-4514-8a06-df6220db9551: start FollowerState
2019-11-18 04:17:59,390 [Command processor thread] INFO  commandhandler.CreatePipelineCommandHandler (CreatePipelineCommandHandler.java:handle(86)) - Create Pipeline RATIS THREE #id: "c32c7b96-e510-4f70-8910-53ecc1773f72"
 command succeed on datanode 018e5809-2a36-45c6-9c3c-b7cafa943f1d.
2019-11-18 04:17:59,390 [pool-27-thread-1] INFO  impl.RaftServerImpl (RaftServerImpl.java:setRole(173)) - 1e101064-e299-4e7e-9f72-2796fed812c3@group-53ECC1773F72: changes role from      null to FOLLOWER at term 0 for startAsFollower
2019-11-18 04:17:59,390 [pool-27-thread-1] INFO  impl.RoleInfo (RoleInfo.java:updateAndGet(143)) - 1e101064-e299-4e7e-9f72-2796fed812c3: start FollowerState
2019-11-18 04:17:59,390 [pool-37-thread-1] INFO  util.JmxRegister (JmxRegister.java:tryRegister(44)) - Successfully registered JMX Bean with object name Ratis:service=RaftServer,group=group-53ECC1773F72,id=72d53896-253c-4514-8a06-df6220db9551
2019-11-18 04:17:59,390 [pool-37-thread-1] WARN  impl.MetricRegistriesImpl (MetricRegistriesImpl.java:lambda$create$1(61)) - First MetricRegistry has been created without registering reporters. You may need to call MetricRegistries.global().addReportRegistration(...) before.
2019-11-18 04:17:59,391 [pool-27-thread-1] INFO  util.JmxRegister (JmxRegister.java:tryRegister(44)) - Successfully registered JMX Bean with object name Ratis:service=RaftServer,group=group-53ECC1773F72,id=1e101064-e299-4e7e-9f72-2796fed812c3
2019-11-18 04:17:59,391 [pool-27-thread-1] WARN  impl.MetricRegistriesImpl (MetricRegistriesImpl.java:lambda$create$1(61)) - First MetricRegistry has been created without registering reporters. You may need to call MetricRegistries.global().addReportRegistration(...) before.
2019-11-18 04:17:59,392 [Command processor thread] INFO  commandhandler.CreatePipelineCommandHandler (CreatePipelineCommandHandler.java:handle(86)) - Create Pipeline RATIS THREE #id: "c32c7b96-e510-4f70-8910-53ecc1773f72"
 command succeed on datanode 72d53896-253c-4514-8a06-df6220db9551.
2019-11-18 04:17:59,392 [Command processor thread] INFO  commandhandler.CreatePipelineCommandHandler (CreatePipelineCommandHandler.java:handle(86)) - Create Pipeline RATIS THREE #id: "c32c7b96-e510-4f70-8910-53ecc1773f72"
 command succeed on datanode 1e101064-e299-4e7e-9f72-2796fed812c3.
2019-11-18 04:17:59,393 [EventQueue-PipelineReportForPipelineReportHandler] INFO  pipeline.PipelineReportHandler (PipelineReportHandler.java:processPipelineReport(113)) - Pipeline THREE PipelineID=c32c7b96-e510-4f70-8910-53ecc1773f72 reported by 018e5809-2a36-45c6-9c3c-b7cafa943f1d{ip: 192.168.34.17, host: pr-hdds-2386-7c5wx-3982037300, networkLocation: /default-rack, certSerialId: null}
2019-11-18 04:17:59,395 [EventQueue-PipelineReportForPipelineReportHandler] INFO  pipeline.PipelineReportHandler (PipelineReportHandler.java:processPipelineReport(113)) - Pipeline THREE PipelineID=c32c7b96-e510-4f70-8910-53ecc1773f72 reported by 72d53896-253c-4514-8a06-df6220db9551{ip: 192.168.34.17, host: pr-hdds-2386-7c5wx-3982037300, networkLocation: /default-rack, certSerialId: null}
2019-11-18 04:17:59,395 [EventQueue-PipelineReportForPipelineReportHandler] INFO  pipeline.PipelineReportHandler (PipelineReportHandler.java:processPipelineReport(113)) - Pipeline THREE PipelineID=c32c7b96-e510-4f70-8910-53ecc1773f72 reported by 1e101064-e299-4e7e-9f72-2796fed812c3{ip: 192.168.34.17, host: pr-hdds-2386-7c5wx-3982037300, networkLocation: /default-rack, certSerialId: null}
2019-11-18 04:18:00,268 [main] INFO  ozone.MiniOzoneClusterImpl (MiniOzoneClusterImpl.java:lambda$waitForClusterToBeReady$0(150)) - Nodes are ready. Got 3 of 3 DN Heartbeats.
2019-11-18 04:18:00,269 [main] INFO  ozone.MiniOzoneClusterImpl (MiniOzoneClusterImpl.java:lambda$waitForClusterToBeReady$0(153)) - Waiting for cluster to exit safe mode
2019-11-18 04:18:01,269 [main] INFO  ozone.MiniOzoneClusterImpl (MiniOzoneClusterImpl.java:lambda$waitForClusterToBeReady$0(150)) - Nodes are ready. Got 3 of 3 DN Heartbeats.
2019-11-18 04:18:01,270 [main] INFO  ozone.MiniOzoneClusterImpl (MiniOzoneClusterImpl.java:lambda$waitForClusterToBeReady$0(153)) - Waiting for cluster to exit safe mode
2019-11-18 04:18:02,270 [main] INFO  ozone.MiniOzoneClusterImpl (MiniOzoneClusterImpl.java:lambda$waitForClusterToBeReady$0(150)) - Nodes are ready. Got 3 of 3 DN Heartbeats.
2019-11-18 04:18:02,271 [main] INFO  ozone.MiniOzoneClusterImpl (MiniOzoneClusterImpl.java:lambda$waitForClusterToBeReady$0(153)) - Waiting for cluster to exit safe mode
2019-11-18 04:18:03,271 [main] INFO  ozone.MiniOzoneClusterImpl (MiniOzoneClusterImpl.java:lambda$waitForClusterToBeReady$0(150)) - Nodes are ready. Got 3 of 3 DN Heartbeats.
2019-11-18 04:18:03,271 [main] INFO  ozone.MiniOzoneClusterImpl (MiniOzoneClusterImpl.java:lambda$waitForClusterToBeReady$0(153)) - Waiting for cluster to exit safe mode
2019-11-18 04:18:04,272 [main] INFO  ozone.MiniOzoneClusterImpl (MiniOzoneClusterImpl.java:lambda$waitForClusterToBeReady$0(150)) - Nodes are ready. Got 3 of 3 DN Heartbeats.
2019-11-18 04:18:04,272 [main] INFO  ozone.MiniOzoneClusterImpl (MiniOzoneClusterImpl.java:lambda$waitForClusterToBeReady$0(153)) - Waiting for cluster to exit safe mode
2019-11-18 04:18:04,343 [Thread-181] INFO  impl.FollowerState (FollowerState.java:run(111)) - 72d53896-253c-4514-8a06-df6220db9551@group-2332C8DE1CAB-FollowerState: change to CANDIDATE, lastRpcTime:5029ms, electionTimeout:5025ms
2019-11-18 04:18:04,347 [Thread-181] INFO  impl.RoleInfo (RoleInfo.java:shutdownFollowerState(121)) - 72d53896-253c-4514-8a06-df6220db9551: shutdown FollowerState
2019-11-18 04:18:04,347 [Thread-181] INFO  impl.RaftServerImpl (RaftServerImpl.java:setRole(173)) - 72d53896-253c-4514-8a06-df6220db9551@group-2332C8DE1CAB: changes role from  FOLLOWER to CANDIDATE at term 0 for changeToCandidate
2019-11-18 04:18:04,351 [Thread-181] INFO  impl.RoleInfo (RoleInfo.java:updateAndGet(143)) - 72d53896-253c-4514-8a06-df6220db9551: start LeaderElection
2019-11-18 04:18:04,375 [72d53896-253c-4514-8a06-df6220db9551@group-2332C8DE1CAB-LeaderElection1] INFO  impl.LeaderElection (LeaderElection.java:askForVotes(178)) - 72d53896-253c-4514-8a06-df6220db9551@group-2332C8DE1CAB-LeaderElection1: begin an election at term 1 for -1: [72d53896-253c-4514-8a06-df6220db9551:192.168.34.17:35842], old=null
2019-11-18 04:18:04,376 [72d53896-253c-4514-8a06-df6220db9551@group-2332C8DE1CAB-LeaderElection1] INFO  impl.RoleInfo (RoleInfo.java:shutdownLeaderElection(134)) - 72d53896-253c-4514-8a06-df6220db9551: shutdown LeaderElection
2019-11-18 04:18:04,377 [72d53896-253c-4514-8a06-df6220db9551@group-2332C8DE1CAB-LeaderElection1] INFO  impl.RaftServerImpl (RaftServerImpl.java:setRole(173)) - 72d53896-253c-4514-8a06-df6220db9551@group-2332C8DE1CAB: changes role from CANDIDATE to LEADER at term 1 for changeToLeader
2019-11-18 04:18:04,378 [72d53896-253c-4514-8a06-df6220db9551@group-2332C8DE1CAB-LeaderElection1] INFO  ratis.XceiverServerRatis (XceiverServerRatis.java:handleLeaderChangedNotification(733)) - Leader change notification received for group: group-2332C8DE1CAB with new leaderId: 72d53896-253c-4514-8a06-df6220db9551
2019-11-18 04:18:04,378 [72d53896-253c-4514-8a06-df6220db9551@group-2332C8DE1CAB-LeaderElection1] INFO  impl.RaftServerImpl (ServerState.java:setLeader(255)) - 72d53896-253c-4514-8a06-df6220db9551@group-2332C8DE1CAB: change Leader from null to 72d53896-253c-4514-8a06-df6220db9551 at term 1 for becomeLeader, leader elected after 5155ms
2019-11-18 04:18:04,385 [72d53896-253c-4514-8a06-df6220db9551@group-2332C8DE1CAB-LeaderElection1] INFO  server.RaftServerConfigKeys (ConfUtils.java:logGet(43)) - raft.server.staging.catchup.gap = 1000 (default)
2019-11-18 04:18:04,386 [72d53896-253c-4514-8a06-df6220db9551@group-2332C8DE1CAB-LeaderElection1] INFO  server.RaftServerConfigKeys (ConfUtils.java:logGet(43)) - raft.server.rpc.sleep.time = 25ms (default)
2019-11-18 04:18:04,386 [EventQueue-PipelineReportForPipelineReportHandler] INFO  pipeline.PipelineReportHandler (PipelineReportHandler.java:processPipelineReport(113)) - Pipeline THREE PipelineID=c32c7b96-e510-4f70-8910-53ecc1773f72 reported by 72d53896-253c-4514-8a06-df6220db9551{ip: 192.168.34.17, host: pr-hdds-2386-7c5wx-3982037300, networkLocation: /default-rack, certSerialId: null}
2019-11-18 04:18:04,393 [72d53896-253c-4514-8a06-df6220db9551@group-2332C8DE1CAB-LeaderElection1] INFO  server.RaftServerConfigKeys (ConfUtils.java:logGet(43)) - raft.server.write.element-limit = 4096 (default)
2019-11-18 04:18:04,401 [72d53896-253c-4514-8a06-df6220db9551@group-2332C8DE1CAB-LeaderElection1] INFO  server.RaftServerConfigKeys (ConfUtils.java:logGet(43)) - raft.server.watch.timeout = 10s (default)
2019-11-18 04:18:04,401 [72d53896-253c-4514-8a06-df6220db9551@group-2332C8DE1CAB-LeaderElection1] INFO  server.RaftServerConfigKeys (ConfUtils.java:logGet(43)) - raft.server.watch.timeout.denomination = 1s (default)
2019-11-18 04:18:04,402 [72d53896-253c-4514-8a06-df6220db9551@group-2332C8DE1CAB-LeaderElection1] INFO  server.RaftServerConfigKeys (ConfUtils.java:logGet(43)) - raft.server.watch.element-limit = 65536 (default)
2019-11-18 04:18:04,405 [Thread-191] INFO  impl.FollowerState (FollowerState.java:run(111)) - 1e101064-e299-4e7e-9f72-2796fed812c3@group-53ECC1773F72-FollowerState: change to CANDIDATE, lastRpcTime:5014ms, electionTimeout:5014ms
2019-11-18 04:18:04,407 [Thread-191] INFO  impl.RoleInfo (RoleInfo.java:shutdownFollowerState(121)) - 1e101064-e299-4e7e-9f72-2796fed812c3: shutdown FollowerState
2019-11-18 04:18:04,407 [Thread-191] INFO  impl.RaftServerImpl (RaftServerImpl.java:setRole(173)) - 1e101064-e299-4e7e-9f72-2796fed812c3@group-53ECC1773F72: changes role from  FOLLOWER to CANDIDATE at term 0 for changeToCandidate
2019-11-18 04:18:04,407 [Thread-191] INFO  impl.RoleInfo (RoleInfo.java:updateAndGet(143)) - 1e101064-e299-4e7e-9f72-2796fed812c3: start LeaderElection
2019-11-18 04:18:04,413 [1e101064-e299-4e7e-9f72-2796fed812c3@group-53ECC1773F72-LeaderElection2] INFO  impl.LeaderElection (LeaderElection.java:askForVotes(178)) - 1e101064-e299-4e7e-9f72-2796fed812c3@group-53ECC1773F72-LeaderElection2: begin an election at term 1 for -1: [72d53896-253c-4514-8a06-df6220db9551:192.168.34.17:35842, 018e5809-2a36-45c6-9c3c-b7cafa943f1d:192.168.34.17:39017, 1e101064-e299-4e7e-9f72-2796fed812c3:192.168.34.17:45105], old=null
2019-11-18 04:18:04,416 [Thread-188] INFO  impl.FollowerState (FollowerState.java:run(111)) - 018e5809-2a36-45c6-9c3c-b7cafa943f1d@group-53ECC1773F72-FollowerState: change to CANDIDATE, lastRpcTime:5027ms, electionTimeout:5027ms
2019-11-18 04:18:04,416 [Thread-188] INFO  impl.RoleInfo (RoleInfo.java:shutdownFollowerState(121)) - 018e5809-2a36-45c6-9c3c-b7cafa943f1d: shutdown FollowerState
2019-11-18 04:18:04,416 [Thread-188] INFO  impl.RaftServerImpl (RaftServerImpl.java:setRole(173)) - 018e5809-2a36-45c6-9c3c-b7cafa943f1d@group-53ECC1773F72: changes role from  FOLLOWER to CANDIDATE at term 0 for changeToCandidate
2019-11-18 04:18:04,417 [Thread-188] INFO  impl.RoleInfo (RoleInfo.java:updateAndGet(143)) - 018e5809-2a36-45c6-9c3c-b7cafa943f1d: start LeaderElection
2019-11-18 04:18:04,417 [72d53896-253c-4514-8a06-df6220db9551@group-2332C8DE1CAB-LeaderElection1] INFO  impl.RoleInfo (RoleInfo.java:updateAndGet(143)) - 72d53896-253c-4514-8a06-df6220db9551: start LeaderState
2019-11-18 04:18:04,424 [018e5809-2a36-45c6-9c3c-b7cafa943f1d@group-53ECC1773F72-LeaderElection3] INFO  impl.LeaderElection (LeaderElection.java:askForVotes(178)) - 018e5809-2a36-45c6-9c3c-b7cafa943f1d@group-53ECC1773F72-LeaderElection3: begin an election at term 1 for -1: [72d53896-253c-4514-8a06-df6220db9551:192.168.34.17:35842, 018e5809-2a36-45c6-9c3c-b7cafa943f1d:192.168.34.17:39017, 1e101064-e299-4e7e-9f72-2796fed812c3:192.168.34.17:45105], old=null
2019-11-18 04:18:04,446 [Thread-182] INFO  impl.FollowerState (FollowerState.java:run(111)) - 1e101064-e299-4e7e-9f72-2796fed812c3@group-A9FB5258EAEE-FollowerState: change to CANDIDATE, lastRpcTime:5132ms, electionTimeout:5128ms
2019-11-18 04:18:04,446 [Thread-182] INFO  impl.RoleInfo (RoleInfo.java:shutdownFollowerState(121)) - 1e101064-e299-4e7e-9f72-2796fed812c3: shutdown FollowerState
2019-11-18 04:18:04,447 [Thread-182] INFO  impl.RaftServerImpl (RaftServerImpl.java:setRole(173)) - 1e101064-e299-4e7e-9f72-2796fed812c3@group-A9FB5258EAEE: changes role from  FOLLOWER to CANDIDATE at term 0 for changeToCandidate
2019-11-18 04:18:04,447 [Thread-182] INFO  impl.RoleInfo (RoleInfo.java:updateAndGet(143)) - 1e101064-e299-4e7e-9f72-2796fed812c3: start LeaderElection
2019-11-18 04:18:04,450 [72d53896-253c-4514-8a06-df6220db9551@group-2332C8DE1CAB-LeaderElection1] INFO  segmented.SegmentedRaftLogWorker (SegmentedRaftLogWorker.java:startLogSegment(385)) - 72d53896-253c-4514-8a06-df6220db9551@group-2332C8DE1CAB-SegmentedRaftLogWorker: Starting segment from index:0
2019-11-18 04:18:04,452 [1e101064-e299-4e7e-9f72-2796fed812c3@group-A9FB5258EAEE-LeaderElection4] INFO  impl.LeaderElection (LeaderElection.java:askForVotes(178)) - 1e101064-e299-4e7e-9f72-2796fed812c3@group-A9FB5258EAEE-LeaderElection4: begin an election at term 1 for -1: [1e101064-e299-4e7e-9f72-2796fed812c3:192.168.34.17:45105], old=null
2019-11-18 04:18:04,452 [1e101064-e299-4e7e-9f72-2796fed812c3@group-A9FB5258EAEE-LeaderElection4] INFO  impl.RoleInfo (RoleInfo.java:shutdownLeaderElection(134)) - 1e101064-e299-4e7e-9f72-2796fed812c3: shutdown LeaderElection
2019-11-18 04:18:04,453 [1e101064-e299-4e7e-9f72-2796fed812c3@group-A9FB5258EAEE-LeaderElection4] INFO  impl.RaftServerImpl (RaftServerImpl.java:setRole(173)) - 1e101064-e299-4e7e-9f72-2796fed812c3@group-A9FB5258EAEE: changes role from CANDIDATE to LEADER at term 1 for changeToLeader
2019-11-18 04:18:04,453 [1e101064-e299-4e7e-9f72-2796fed812c3@group-A9FB5258EAEE-LeaderElection4] INFO  ratis.XceiverServerRatis (XceiverServerRatis.java:handleLeaderChangedNotification(733)) - Leader change notification received for group: group-A9FB5258EAEE with new leaderId: 1e101064-e299-4e7e-9f72-2796fed812c3
2019-11-18 04:18:04,453 [1e101064-e299-4e7e-9f72-2796fed812c3@group-A9FB5258EAEE-LeaderElection4] INFO  impl.RaftServerImpl (ServerState.java:setLeader(255)) - 1e101064-e299-4e7e-9f72-2796fed812c3@group-A9FB5258EAEE: change Leader from null to 1e101064-e299-4e7e-9f72-2796fed812c3 at term 1 for becomeLeader, leader elected after 5265ms
2019-11-18 04:18:04,453 [1e101064-e299-4e7e-9f72-2796fed812c3@group-A9FB5258EAEE-LeaderElection4] INFO  server.RaftServerConfigKeys (ConfUtils.java:logGet(43)) - raft.server.staging.catchup.gap = 1000 (default)
2019-11-18 04:18:04,455 [1e101064-e299-4e7e-9f72-2796fed812c3@group-A9FB5258EAEE-LeaderElection4] INFO  server.RaftServerConfigKeys (ConfUtils.java:logGet(43)) - raft.server.rpc.sleep.time = 25ms (default)
2019-11-18 04:18:04,455 [1e101064-e299-4e7e-9f72-2796fed812c3@group-A9FB5258EAEE-LeaderElection4] INFO  server.RaftServerConfigKeys (ConfUtils.java:logGet(43)) - raft.server.write.element-limit = 4096 (default)
2019-11-18 04:18:04,455 [1e101064-e299-4e7e-9f72-2796fed812c3@group-A9FB5258EAEE-LeaderElection4] INFO  server.RaftServerConfigKeys (ConfUtils.java:logGet(43)) - raft.server.watch.timeout = 10s (default)
2019-11-18 04:18:04,457 [1e101064-e299-4e7e-9f72-2796fed812c3@group-A9FB5258EAEE-LeaderElection4] INFO  server.RaftServerConfigKeys (ConfUtils.java:logGet(43)) - raft.server.watch.timeout.denomination = 1s (default)
2019-11-18 04:18:04,457 [1e101064-e299-4e7e-9f72-2796fed812c3@group-A9FB5258EAEE-LeaderElection4] INFO  server.RaftServerConfigKeys (ConfUtils.java:logGet(43)) - raft.server.watch.element-limit = 65536 (default)
2019-11-18 04:18:04,457 [1e101064-e299-4e7e-9f72-2796fed812c3@group-A9FB5258EAEE-LeaderElection4] INFO  impl.RoleInfo (RoleInfo.java:updateAndGet(143)) - 1e101064-e299-4e7e-9f72-2796fed812c3: start LeaderState
2019-11-18 04:18:04,458 [1e101064-e299-4e7e-9f72-2796fed812c3@group-A9FB5258EAEE-LeaderElection4] INFO  segmented.SegmentedRaftLogWorker (SegmentedRaftLogWorker.java:startLogSegment(385)) - 1e101064-e299-4e7e-9f72-2796fed812c3@group-A9FB5258EAEE-SegmentedRaftLogWorker: Starting segment from index:0
2019-11-18 04:18:04,458 [EventQueue-PipelineReportForPipelineReportHandler] INFO  pipeline.PipelineReportHandler (PipelineReportHandler.java:processPipelineReport(113)) - Pipeline THREE PipelineID=c32c7b96-e510-4f70-8910-53ecc1773f72 reported by 1e101064-e299-4e7e-9f72-2796fed812c3{ip: 192.168.34.17, host: pr-hdds-2386-7c5wx-3982037300, networkLocation: /default-rack, certSerialId: null}
2019-11-18 04:18:04,479 [1e101064-e299-4e7e-9f72-2796fed812c3@group-A9FB5258EAEE-LeaderElection4] INFO  impl.RaftServerImpl (ServerState.java:setRaftConf(356)) - 1e101064-e299-4e7e-9f72-2796fed812c3@group-A9FB5258EAEE: set configuration 0: [1e101064-e299-4e7e-9f72-2796fed812c3:192.168.34.17:45105], old=null at 0
2019-11-18 04:18:04,479 [72d53896-253c-4514-8a06-df6220db9551@group-2332C8DE1CAB-LeaderElection1] INFO  impl.RaftServerImpl (ServerState.java:setRaftConf(356)) - 72d53896-253c-4514-8a06-df6220db9551@group-2332C8DE1CAB: set configuration 0: [72d53896-253c-4514-8a06-df6220db9551:192.168.34.17:35842], old=null at 0
2019-11-18 04:18:04,518 [Thread-183] INFO  impl.FollowerState (FollowerState.java:run(111)) - 018e5809-2a36-45c6-9c3c-b7cafa943f1d@group-49568CB9CD9E-FollowerState: change to CANDIDATE, lastRpcTime:5204ms, electionTimeout:5200ms
2019-11-18 04:18:04,519 [Thread-183] INFO  impl.RoleInfo (RoleInfo.java:shutdownFollowerState(121)) - 018e5809-2a36-45c6-9c3c-b7cafa943f1d: shutdown FollowerState
2019-11-18 04:18:04,519 [Thread-183] INFO  impl.RaftServerImpl (RaftServerImpl.java:setRole(173)) - 018e5809-2a36-45c6-9c3c-b7cafa943f1d@group-49568CB9CD9E: changes role from  FOLLOWER to CANDIDATE at term 0 for changeToCandidate
2019-11-18 04:18:04,519 [Thread-183] INFO  impl.RoleInfo (RoleInfo.java:updateAndGet(143)) - 018e5809-2a36-45c6-9c3c-b7cafa943f1d: start LeaderElection
2019-11-18 04:18:04,521 [Thread-190] INFO  impl.FollowerState (FollowerState.java:run(111)) - 72d53896-253c-4514-8a06-df6220db9551@group-53ECC1773F72-FollowerState: change to CANDIDATE, lastRpcTime:5131ms, electionTimeout:5130ms
2019-11-18 04:18:04,521 [Thread-190] INFO  impl.RoleInfo (RoleInfo.java:shutdownFollowerState(121)) - 72d53896-253c-4514-8a06-df6220db9551: shutdown FollowerState
2019-11-18 04:18:04,521 [Thread-190] INFO  impl.RaftServerImpl (RaftServerImpl.java:setRole(173)) - 72d53896-253c-4514-8a06-df6220db9551@group-53ECC1773F72: changes role from  FOLLOWER to CANDIDATE at term 0 for changeToCandidate
2019-11-18 04:18:04,522 [Thread-190] INFO  impl.RoleInfo (RoleInfo.java:updateAndGet(143)) - 72d53896-253c-4514-8a06-df6220db9551: start LeaderElection
2019-11-18 04:18:04,535 [018e5809-2a36-45c6-9c3c-b7cafa943f1d@group-49568CB9CD9E-LeaderElection5] INFO  impl.LeaderElection (LeaderElection.java:askForVotes(178)) - 018e5809-2a36-45c6-9c3c-b7cafa943f1d@group-49568CB9CD9E-LeaderElection5: begin an election at term 1 for -1: [018e5809-2a36-45c6-9c3c-b7cafa943f1d:192.168.34.17:39017], old=null
2019-11-18 04:18:04,535 [72d53896-253c-4514-8a06-df6220db9551@group-53ECC1773F72-LeaderElection6] INFO  impl.LeaderElection (LeaderElection.java:askForVotes(178)) - 72d53896-253c-4514-8a06-df6220db9551@group-53ECC1773F72-LeaderElection6: begin an election at term 1 for -1: [72d53896-253c-4514-8a06-df6220db9551:192.168.34.17:35842, 018e5809-2a36-45c6-9c3c-b7cafa943f1d:192.168.34.17:39017, 1e101064-e299-4e7e-9f72-2796fed812c3:192.168.34.17:45105], old=null
2019-11-18 04:18:04,535 [018e5809-2a36-45c6-9c3c-b7cafa943f1d@group-49568CB9CD9E-LeaderElection5] INFO  impl.RoleInfo (RoleInfo.java:shutdownLeaderElection(134)) - 018e5809-2a36-45c6-9c3c-b7cafa943f1d: shutdown LeaderElection
2019-11-18 04:18:04,535 [018e5809-2a36-45c6-9c3c-b7cafa943f1d@group-49568CB9CD9E-LeaderElection5] INFO  impl.RaftServerImpl (RaftServerImpl.java:setRole(173)) - 018e5809-2a36-45c6-9c3c-b7cafa943f1d@group-49568CB9CD9E: changes role from CANDIDATE to LEADER at term 1 for changeToLeader
2019-11-18 04:18:04,535 [018e5809-2a36-45c6-9c3c-b7cafa943f1d@group-49568CB9CD9E-LeaderElection5] INFO  ratis.XceiverServerRatis (XceiverServerRatis.java:handleLeaderChangedNotification(733)) - Leader change notification received for group: group-49568CB9CD9E with new leaderId: 018e5809-2a36-45c6-9c3c-b7cafa943f1d
2019-11-18 04:18:04,535 [018e5809-2a36-45c6-9c3c-b7cafa943f1d@group-49568CB9CD9E-LeaderElection5] INFO  impl.RaftServerImpl (ServerState.java:setLeader(255)) - 018e5809-2a36-45c6-9c3c-b7cafa943f1d@group-49568CB9CD9E: change Leader from null to 018e5809-2a36-45c6-9c3c-b7cafa943f1d at term 1 for becomeLeader, leader elected after 5230ms
2019-11-18 04:18:04,535 [018e5809-2a36-45c6-9c3c-b7cafa943f1d@group-49568CB9CD9E-LeaderElection5] INFO  server.RaftServerConfigKeys (ConfUtils.java:logGet(43)) - raft.server.staging.catchup.gap = 1000 (default)
2019-11-18 04:18:04,536 [018e5809-2a36-45c6-9c3c-b7cafa943f1d@group-49568CB9CD9E-LeaderElection5] INFO  server.RaftServerConfigKeys (ConfUtils.java:logGet(43)) - raft.server.rpc.sleep.time = 25ms (default)
2019-11-18 04:18:04,536 [018e5809-2a36-45c6-9c3c-b7cafa943f1d@group-49568CB9CD9E-LeaderElection5] INFO  server.RaftServerConfigKeys (ConfUtils.java:logGet(43)) - raft.server.write.element-limit = 4096 (default)
2019-11-18 04:18:04,536 [018e5809-2a36-45c6-9c3c-b7cafa943f1d@group-49568CB9CD9E-LeaderElection5] INFO  server.RaftServerConfigKeys (ConfUtils.java:logGet(43)) - raft.server.watch.timeout = 10s (default)
2019-11-18 04:18:04,536 [018e5809-2a36-45c6-9c3c-b7cafa943f1d@group-49568CB9CD9E-LeaderElection5] INFO  server.RaftServerConfigKeys (ConfUtils.java:logGet(43)) - raft.server.watch.timeout.denomination = 1s (default)
2019-11-18 04:18:04,537 [018e5809-2a36-45c6-9c3c-b7cafa943f1d@group-49568CB9CD9E-LeaderElection5] INFO  server.RaftServerConfigKeys (ConfUtils.java:logGet(43)) - raft.server.watch.element-limit = 65536 (default)
2019-11-18 04:18:04,537 [018e5809-2a36-45c6-9c3c-b7cafa943f1d@group-49568CB9CD9E-LeaderElection5] INFO  impl.RoleInfo (RoleInfo.java:updateAndGet(143)) - 018e5809-2a36-45c6-9c3c-b7cafa943f1d: start LeaderState
2019-11-18 04:18:04,537 [018e5809-2a36-45c6-9c3c-b7cafa943f1d@group-49568CB9CD9E-LeaderElection5] INFO  segmented.SegmentedRaftLogWorker (SegmentedRaftLogWorker.java:startLogSegment(385)) - 018e5809-2a36-45c6-9c3c-b7cafa943f1d@group-49568CB9CD9E-SegmentedRaftLogWorker: Starting segment from index:0
2019-11-18 04:18:04,538 [EventQueue-PipelineReportForPipelineReportHandler] INFO  pipeline.PipelineReportHandler (PipelineReportHandler.java:processPipelineReport(113)) - Pipeline THREE PipelineID=c32c7b96-e510-4f70-8910-53ecc1773f72 reported by 018e5809-2a36-45c6-9c3c-b7cafa943f1d{ip: 192.168.34.17, host: pr-hdds-2386-7c5wx-3982037300, networkLocation: /default-rack, certSerialId: null}
2019-11-18 04:18:04,538 [018e5809-2a36-45c6-9c3c-b7cafa943f1d@group-49568CB9CD9E-LeaderElection5] INFO  impl.RaftServerImpl (ServerState.java:setRaftConf(356)) - 018e5809-2a36-45c6-9c3c-b7cafa943f1d@group-49568CB9CD9E: set configuration 0: [018e5809-2a36-45c6-9c3c-b7cafa943f1d:192.168.34.17:39017], old=null at 0
2019-11-18 04:18:04,666 [72d53896-253c-4514-8a06-df6220db9551@group-2332C8DE1CAB-SegmentedRaftLogWorker] INFO  segmented.SegmentedRaftLogWorker (SegmentedRaftLogWorker.java:execute(576)) - 72d53896-253c-4514-8a06-df6220db9551@group-2332C8DE1CAB-SegmentedRaftLogWorker: created new log segment /workdir/hadoop-ozone/tools/target/test-dir/MiniOzoneClusterImpl-10ba103f-7f8f-46e5-af3f-5a00a91438a1/datanode-1/data/ratis/4febb085-f89c-4dbb-b5be-2332c8de1cab/current/log_inprogress_0
2019-11-18 04:18:04,666 [1e101064-e299-4e7e-9f72-2796fed812c3@group-A9FB5258EAEE-SegmentedRaftLogWorker] INFO  segmented.SegmentedRaftLogWorker (SegmentedRaftLogWorker.java:execute(576)) - 1e101064-e299-4e7e-9f72-2796fed812c3@group-A9FB5258EAEE-SegmentedRaftLogWorker: created new log segment /workdir/hadoop-ozone/tools/target/test-dir/MiniOzoneClusterImpl-10ba103f-7f8f-46e5-af3f-5a00a91438a1/datanode-0/data/ratis/3876ee47-7cb5-4bb2-9d7d-a9fb5258eaee/current/log_inprogress_0
2019-11-18 04:18:04,666 [018e5809-2a36-45c6-9c3c-b7cafa943f1d@group-49568CB9CD9E-SegmentedRaftLogWorker] INFO  segmented.SegmentedRaftLogWorker (SegmentedRaftLogWorker.java:execute(576)) - 018e5809-2a36-45c6-9c3c-b7cafa943f1d@group-49568CB9CD9E-SegmentedRaftLogWorker: created new log segment /workdir/hadoop-ozone/tools/target/test-dir/MiniOzoneClusterImpl-10ba103f-7f8f-46e5-af3f-5a00a91438a1/datanode-2/data/ratis/d048a621-295a-4aaf-bd8a-49568cb9cd9e/current/log_inprogress_0
2019-11-18 04:18:04,883 [1e101064-e299-4e7e-9f72-2796fed812c3@group-53ECC1773F72-LeaderElection2] INFO  impl.LeaderElection (LeaderElection.java:logAndReturn(56)) - 1e101064-e299-4e7e-9f72-2796fed812c3@group-53ECC1773F72-LeaderElection2: Election REJECTED; received 2 response(s) [1e101064-e299-4e7e-9f72-2796fed812c3<-72d53896-253c-4514-8a06-df6220db9551#0:FAIL-t1, 1e101064-e299-4e7e-9f72-2796fed812c3<-018e5809-2a36-45c6-9c3c-b7cafa943f1d#0:FAIL-t1] and 0 exception(s); 1e101064-e299-4e7e-9f72-2796fed812c3@group-53ECC1773F72:t1, leader=null, voted=1e101064-e299-4e7e-9f72-2796fed812c3, raftlog=1e101064-e299-4e7e-9f72-2796fed812c3@group-53ECC1773F72-SegmentedRaftLog:OPENED:c-1,f-1,i0, conf=-1: [72d53896-253c-4514-8a06-df6220db9551:192.168.34.17:35842, 018e5809-2a36-45c6-9c3c-b7cafa943f1d:192.168.34.17:39017, 1e101064-e299-4e7e-9f72-2796fed812c3:192.168.34.17:45105], old=null
2019-11-18 04:18:04,883 [018e5809-2a36-45c6-9c3c-b7cafa943f1d@group-53ECC1773F72-LeaderElection3] INFO  impl.LeaderElection (LeaderElection.java:logAndReturn(56)) - 018e5809-2a36-45c6-9c3c-b7cafa943f1d@group-53ECC1773F72-LeaderElection3: Election REJECTED; received 2 response(s) [018e5809-2a36-45c6-9c3c-b7cafa943f1d<-72d53896-253c-4514-8a06-df6220db9551#0:FAIL-t1, 018e5809-2a36-45c6-9c3c-b7cafa943f1d<-1e101064-e299-4e7e-9f72-2796fed812c3#0:FAIL-t1] and 0 exception(s); 018e5809-2a36-45c6-9c3c-b7cafa943f1d@group-53ECC1773F72:t1, leader=null, voted=018e5809-2a36-45c6-9c3c-b7cafa943f1d, raftlog=018e5809-2a36-45c6-9c3c-b7cafa943f1d@group-53ECC1773F72-SegmentedRaftLog:OPENED:c-1,f-1,i0, conf=-1: [72d53896-253c-4514-8a06-df6220db9551:192.168.34.17:35842, 018e5809-2a36-45c6-9c3c-b7cafa943f1d:192.168.34.17:39017, 1e101064-e299-4e7e-9f72-2796fed812c3:192.168.34.17:45105], old=null
2019-11-18 04:18:04,883 [72d53896-253c-4514-8a06-df6220db9551@group-53ECC1773F72-LeaderElection6] INFO  impl.LeaderElection (LeaderElection.java:logAndReturn(56)) - 72d53896-253c-4514-8a06-df6220db9551@group-53ECC1773F72-LeaderElection6: Election REJECTED; received 2 response(s) [72d53896-253c-4514-8a06-df6220db9551<-018e5809-2a36-45c6-9c3c-b7cafa943f1d#0:FAIL-t1, 72d53896-253c-4514-8a06-df6220db9551<-1e101064-e299-4e7e-9f72-2796fed812c3#0:FAIL-t1] and 0 exception(s); 72d53896-253c-4514-8a06-df6220db9551@group-53ECC1773F72:t1, leader=null, voted=72d53896-253c-4514-8a06-df6220db9551, raftlog=72d53896-253c-4514-8a06-df6220db9551@group-53ECC1773F72-SegmentedRaftLog:OPENED:c-1,f-1,i0, conf=-1: [72d53896-253c-4514-8a06-df6220db9551:192.168.34.17:35842, 018e5809-2a36-45c6-9c3c-b7cafa943f1d:192.168.34.17:39017, 1e101064-e299-4e7e-9f72-2796fed812c3:192.168.34.17:45105], old=null
2019-11-18 04:18:04,887 [018e5809-2a36-45c6-9c3c-b7cafa943f1d@group-53ECC1773F72-LeaderElection3] INFO  impl.RaftServerImpl (RaftServerImpl.java:setRole(173)) - 018e5809-2a36-45c6-9c3c-b7cafa943f1d@group-53ECC1773F72: changes role from CANDIDATE to FOLLOWER at term 1 for DISCOVERED_A_NEW_TERM
2019-11-18 04:18:04,887 [72d53896-253c-4514-8a06-df6220db9551@group-53ECC1773F72-LeaderElection6] INFO  impl.RaftServerImpl (RaftServerImpl.java:setRole(173)) - 72d53896-253c-4514-8a06-df6220db9551@group-53ECC1773F72: changes role from CANDIDATE to FOLLOWER at term 1 for DISCOVERED_A_NEW_TERM
2019-11-18 04:18:04,889 [72d53896-253c-4514-8a06-df6220db9551@group-53ECC1773F72-LeaderElection6] INFO  impl.RoleInfo (RoleInfo.java:shutdownLeaderElection(134)) - 72d53896-253c-4514-8a06-df6220db9551: shutdown LeaderElection
2019-11-18 04:18:04,887 [1e101064-e299-4e7e-9f72-2796fed812c3@group-53ECC1773F72-LeaderElection2] INFO  impl.RaftServerImpl (RaftServerImpl.java:setRole(173)) - 1e101064-e299-4e7e-9f72-2796fed812c3@group-53ECC1773F72: changes role from CANDIDATE to FOLLOWER at term 1 for DISCOVERED_A_NEW_TERM
2019-11-18 04:18:04,889 [018e5809-2a36-45c6-9c3c-b7cafa943f1d@group-53ECC1773F72-LeaderElection3] INFO  impl.RoleInfo (RoleInfo.java:shutdownLeaderElection(134)) - 018e5809-2a36-45c6-9c3c-b7cafa943f1d: shutdown LeaderElection
2019-11-18 04:18:04,889 [1e101064-e299-4e7e-9f72-2796fed812c3@group-53ECC1773F72-LeaderElection2] INFO  impl.RoleInfo (RoleInfo.java:shutdownLeaderElection(134)) - 1e101064-e299-4e7e-9f72-2796fed812c3: shutdown LeaderElection
2019-11-18 04:18:04,889 [72d53896-253c-4514-8a06-df6220db9551@group-53ECC1773F72-LeaderElection6] INFO  impl.RoleInfo (RoleInfo.java:updateAndGet(143)) - 72d53896-253c-4514-8a06-df6220db9551: start FollowerState
2019-11-18 04:18:04,890 [1e101064-e299-4e7e-9f72-2796fed812c3@group-53ECC1773F72-LeaderElection2] INFO  impl.RoleInfo (RoleInfo.java:updateAndGet(143)) - 1e101064-e299-4e7e-9f72-2796fed812c3: start FollowerState
2019-11-18 04:18:04,890 [018e5809-2a36-45c6-9c3c-b7cafa943f1d@group-53ECC1773F72-LeaderElection3] INFO  impl.RoleInfo (RoleInfo.java:updateAndGet(143)) - 018e5809-2a36-45c6-9c3c-b7cafa943f1d: start FollowerState
2019-11-18 04:18:05,272 [main] INFO  ozone.MiniOzoneClusterImpl (MiniOzoneClusterImpl.java:lambda$waitForClusterToBeReady$0(150)) - Nodes are ready. Got 3 of 3 DN Heartbeats.
2019-11-18 04:18:05,273 [main] INFO  ozone.MiniOzoneClusterImpl (MiniOzoneClusterImpl.java:lambda$waitForClusterToBeReady$0(153)) - Waiting for cluster to exit safe mode
2019-11-18 04:18:06,273 [main] INFO  ozone.MiniOzoneClusterImpl (MiniOzoneClusterImpl.java:lambda$waitForClusterToBeReady$0(150)) - Nodes are ready. Got 3 of 3 DN Heartbeats.
2019-11-18 04:18:06,274 [main] INFO  ozone.MiniOzoneClusterImpl (MiniOzoneClusterImpl.java:lambda$waitForClusterToBeReady$0(153)) - Waiting for cluster to exit safe mode
2019-11-18 04:18:07,274 [main] INFO  ozone.MiniOzoneClusterImpl (MiniOzoneClusterImpl.java:lambda$waitForClusterToBeReady$0(150)) - Nodes are ready. Got 3 of 3 DN Heartbeats.
2019-11-18 04:18:07,274 [main] INFO  ozone.MiniOzoneClusterImpl (MiniOzoneClusterImpl.java:lambda$waitForClusterToBeReady$0(153)) - Waiting for cluster to exit safe mode
2019-11-18 04:18:08,275 [main] INFO  ozone.MiniOzoneClusterImpl (MiniOzoneClusterImpl.java:lambda$waitForClusterToBeReady$0(150)) - Nodes are ready. Got 3 of 3 DN Heartbeats.
2019-11-18 04:18:08,275 [main] INFO  ozone.MiniOzoneClusterImpl (MiniOzoneClusterImpl.java:lambda$waitForClusterToBeReady$0(153)) - Waiting for cluster to exit safe mode
2019-11-18 04:18:09,276 [main] INFO  ozone.MiniOzoneClusterImpl (MiniOzoneClusterImpl.java:lambda$waitForClusterToBeReady$0(150)) - Nodes are ready. Got 3 of 3 DN Heartbeats.
2019-11-18 04:18:09,276 [main] INFO  ozone.MiniOzoneClusterImpl (MiniOzoneClusterImpl.java:lambda$waitForClusterToBeReady$0(153)) - Waiting for cluster to exit safe mode
2019-11-18 04:18:09,920 [Thread-209] INFO  impl.FollowerState (FollowerState.java:run(111)) - 1e101064-e299-4e7e-9f72-2796fed812c3@group-53ECC1773F72-FollowerState: change to CANDIDATE, lastRpcTime:5030ms, electionTimeout:5030ms
2019-11-18 04:18:09,920 [Thread-209] INFO  impl.RoleInfo (RoleInfo.java:shutdownFollowerState(121)) - 1e101064-e299-4e7e-9f72-2796fed812c3: shutdown FollowerState
2019-11-18 04:18:09,921 [Thread-209] INFO  impl.RaftServerImpl (RaftServerImpl.java:setRole(173)) - 1e101064-e299-4e7e-9f72-2796fed812c3@group-53ECC1773F72: changes role from  FOLLOWER to CANDIDATE at term 1 for changeToCandidate
2019-11-18 04:18:09,921 [Thread-208] INFO  impl.FollowerState (FollowerState.java:run(111)) - 018e5809-2a36-45c6-9c3c-b7cafa943f1d@group-53ECC1773F72-FollowerState: change to CANDIDATE, lastRpcTime:5031ms, electionTimeout:5029ms
2019-11-18 04:18:09,921 [Thread-209] INFO  impl.RoleInfo (RoleInfo.java:updateAndGet(143)) - 1e101064-e299-4e7e-9f72-2796fed812c3: start LeaderElection
2019-11-18 04:18:09,921 [Thread-208] INFO  impl.RoleInfo (RoleInfo.java:shutdownFollowerState(121)) - 018e5809-2a36-45c6-9c3c-b7cafa943f1d: shutdown FollowerState
2019-11-18 04:18:09,921 [Thread-208] INFO  impl.RaftServerImpl (RaftServerImpl.java:setRole(173)) - 018e5809-2a36-45c6-9c3c-b7cafa943f1d@group-53ECC1773F72: changes role from  FOLLOWER to CANDIDATE at term 1 for changeToCandidate
2019-11-18 04:18:09,922 [Thread-208] INFO  impl.RoleInfo (RoleInfo.java:updateAndGet(143)) - 018e5809-2a36-45c6-9c3c-b7cafa943f1d: start LeaderElection
2019-11-18 04:18:09,936 [018e5809-2a36-45c6-9c3c-b7cafa943f1d@group-53ECC1773F72-LeaderElection8] INFO  impl.LeaderElection (LeaderElection.java:askForVotes(178)) - 018e5809-2a36-45c6-9c3c-b7cafa943f1d@group-53ECC1773F72-LeaderElection8: begin an election at term 2 for -1: [72d53896-253c-4514-8a06-df6220db9551:192.168.34.17:35842, 018e5809-2a36-45c6-9c3c-b7cafa943f1d:192.168.34.17:39017, 1e101064-e299-4e7e-9f72-2796fed812c3:192.168.34.17:45105], old=null
2019-11-18 04:18:09,936 [1e101064-e299-4e7e-9f72-2796fed812c3@group-53ECC1773F72-LeaderElection7] INFO  impl.LeaderElection (LeaderElection.java:askForVotes(178)) - 1e101064-e299-4e7e-9f72-2796fed812c3@group-53ECC1773F72-LeaderElection7: begin an election at term 2 for -1: [72d53896-253c-4514-8a06-df6220db9551:192.168.34.17:35842, 018e5809-2a36-45c6-9c3c-b7cafa943f1d:192.168.34.17:39017, 1e101064-e299-4e7e-9f72-2796fed812c3:192.168.34.17:45105], old=null
2019-11-18 04:18:09,945 [grpc-default-executor-4] INFO  impl.RaftServerImpl (RaftServerImpl.java:setRole(173)) - 72d53896-253c-4514-8a06-df6220db9551@group-53ECC1773F72: changes role from  FOLLOWER to FOLLOWER at term 2 for recognizeCandidate:018e5809-2a36-45c6-9c3c-b7cafa943f1d
2019-11-18 04:18:09,945 [grpc-default-executor-4] INFO  impl.RoleInfo (RoleInfo.java:shutdownFollowerState(121)) - 72d53896-253c-4514-8a06-df6220db9551: shutdown FollowerState
2019-11-18 04:18:09,946 [grpc-default-executor-4] INFO  impl.RoleInfo (RoleInfo.java:updateAndGet(143)) - 72d53896-253c-4514-8a06-df6220db9551: start FollowerState
2019-11-18 04:18:09,946 [Thread-207] INFO  impl.FollowerState (FollowerState.java:run(120)) - 72d53896-253c-4514-8a06-df6220db9551@group-53ECC1773F72-FollowerState was interrupted: java.lang.InterruptedException: sleep interrupted
2019-11-18 04:18:09,977 [1e101064-e299-4e7e-9f72-2796fed812c3@group-53ECC1773F72-LeaderElection7] INFO  impl.LeaderElection (LeaderElection.java:logAndReturn(56)) - 1e101064-e299-4e7e-9f72-2796fed812c3@group-53ECC1773F72-LeaderElection7: Election REJECTED; received 2 response(s) [1e101064-e299-4e7e-9f72-2796fed812c3<-72d53896-253c-4514-8a06-df6220db9551#0:FAIL-t2, 1e101064-e299-4e7e-9f72-2796fed812c3<-018e5809-2a36-45c6-9c3c-b7cafa943f1d#0:FAIL-t2] and 0 exception(s); 1e101064-e299-4e7e-9f72-2796fed812c3@group-53ECC1773F72:t2, leader=null, voted=1e101064-e299-4e7e-9f72-2796fed812c3, raftlog=1e101064-e299-4e7e-9f72-2796fed812c3@group-53ECC1773F72-SegmentedRaftLog:OPENED:c-1,f-1,i0, conf=-1: [72d53896-253c-4514-8a06-df6220db9551:192.168.34.17:35842, 018e5809-2a36-45c6-9c3c-b7cafa943f1d:192.168.34.17:39017, 1e101064-e299-4e7e-9f72-2796fed812c3:192.168.34.17:45105], old=null
2019-11-18 04:18:09,978 [018e5809-2a36-45c6-9c3c-b7cafa943f1d@group-53ECC1773F72-LeaderElection8] INFO  impl.LeaderElection (LeaderElection.java:logAndReturn(56)) - 018e5809-2a36-45c6-9c3c-b7cafa943f1d@group-53ECC1773F72-LeaderElection8: Election PASSED; received 2 response(s) [018e5809-2a36-45c6-9c3c-b7cafa943f1d<-72d53896-253c-4514-8a06-df6220db9551#0:OK-t2, 018e5809-2a36-45c6-9c3c-b7cafa943f1d<-1e101064-e299-4e7e-9f72-2796fed812c3#0:FAIL-t2] and 0 exception(s); 018e5809-2a36-45c6-9c3c-b7cafa943f1d@group-53ECC1773F72:t2, leader=null, voted=018e5809-2a36-45c6-9c3c-b7cafa943f1d, raftlog=018e5809-2a36-45c6-9c3c-b7cafa943f1d@group-53ECC1773F72-SegmentedRaftLog:OPENED:c-1,f-1,i0, conf=-1: [72d53896-253c-4514-8a06-df6220db9551:192.168.34.17:35842, 018e5809-2a36-45c6-9c3c-b7cafa943f1d:192.168.34.17:39017, 1e101064-e299-4e7e-9f72-2796fed812c3:192.168.34.17:45105], old=null
2019-11-18 04:18:09,979 [1e101064-e299-4e7e-9f72-2796fed812c3@group-53ECC1773F72-LeaderElection7] INFO  impl.RaftServerImpl (RaftServerImpl.java:setRole(173)) - 1e101064-e299-4e7e-9f72-2796fed812c3@group-53ECC1773F72: changes role from CANDIDATE to FOLLOWER at term 2 for DISCOVERED_A_NEW_TERM
2019-11-18 04:18:09,979 [018e5809-2a36-45c6-9c3c-b7cafa943f1d@group-53ECC1773F72-LeaderElection8] INFO  impl.RoleInfo (RoleInfo.java:shutdownLeaderElection(134)) - 018e5809-2a36-45c6-9c3c-b7cafa943f1d: shutdown LeaderElection
2019-11-18 04:18:09,981 [1e101064-e299-4e7e-9f72-2796fed812c3@group-53ECC1773F72-LeaderElection7] INFO  impl.RoleInfo (RoleInfo.java:shutdownLeaderElection(134)) - 1e101064-e299-4e7e-9f72-2796fed812c3: shutdown LeaderElection
2019-11-18 04:18:09,981 [018e5809-2a36-45c6-9c3c-b7cafa943f1d@group-53ECC1773F72-LeaderElection8] INFO  impl.RaftServerImpl (RaftServerImpl.java:setRole(173)) - 018e5809-2a36-45c6-9c3c-b7cafa943f1d@group-53ECC1773F72: changes role from CANDIDATE to LEADER at term 2 for changeToLeader
2019-11-18 04:18:09,981 [018e5809-2a36-45c6-9c3c-b7cafa943f1d@group-53ECC1773F72-LeaderElection8] INFO  ratis.XceiverServerRatis (XceiverServerRatis.java:handleLeaderChangedNotification(733)) - Leader change notification received for group: group-53ECC1773F72 with new leaderId: 018e5809-2a36-45c6-9c3c-b7cafa943f1d
2019-11-18 04:18:09,981 [1e101064-e299-4e7e-9f72-2796fed812c3@group-53ECC1773F72-LeaderElection7] INFO  impl.RoleInfo (RoleInfo.java:updateAndGet(143)) - 1e101064-e299-4e7e-9f72-2796fed812c3: start FollowerState
2019-11-18 04:18:09,981 [018e5809-2a36-45c6-9c3c-b7cafa943f1d@group-53ECC1773F72-LeaderElection8] INFO  impl.RaftServerImpl (ServerState.java:setLeader(255)) - 018e5809-2a36-45c6-9c3c-b7cafa943f1d@group-53ECC1773F72: change Leader from null to 018e5809-2a36-45c6-9c3c-b7cafa943f1d at term 2 for becomeLeader, leader elected after 10600ms
2019-11-18 04:18:09,982 [018e5809-2a36-45c6-9c3c-b7cafa943f1d@group-53ECC1773F72-LeaderElection8] INFO  server.RaftServerConfigKeys (ConfUtils.java:logGet(43)) - raft.server.staging.catchup.gap = 1000 (default)
2019-11-18 04:18:09,982 [018e5809-2a36-45c6-9c3c-b7cafa943f1d@group-53ECC1773F72-LeaderElection8] INFO  server.RaftServerConfigKeys (ConfUtils.java:logGet(43)) - raft.server.rpc.sleep.time = 25ms (default)
2019-11-18 04:18:09,982 [018e5809-2a36-45c6-9c3c-b7cafa943f1d@group-53ECC1773F72-LeaderElection8] INFO  server.RaftServerConfigKeys (ConfUtils.java:logGet(43)) - raft.server.write.element-limit = 4096 (default)
2019-11-18 04:18:09,983 [018e5809-2a36-45c6-9c3c-b7cafa943f1d@group-53ECC1773F72-LeaderElection8] INFO  server.RaftServerConfigKeys (ConfUtils.java:logGet(43)) - raft.server.watch.timeout = 10s (default)
2019-11-18 04:18:09,983 [018e5809-2a36-45c6-9c3c-b7cafa943f1d@group-53ECC1773F72-LeaderElection8] INFO  server.RaftServerConfigKeys (ConfUtils.java:logGet(43)) - raft.server.watch.timeout.denomination = 1s (default)
2019-11-18 04:18:09,983 [018e5809-2a36-45c6-9c3c-b7cafa943f1d@group-53ECC1773F72-LeaderElection8] INFO  server.RaftServerConfigKeys (ConfUtils.java:logGet(43)) - raft.server.watch.element-limit = 65536 (default)
2019-11-18 04:18:09,984 [EventQueue-PipelineReportForPipelineReportHandler] INFO  pipeline.PipelineReportHandler (PipelineReportHandler.java:processPipelineReport(113)) - Pipeline THREE PipelineID=c32c7b96-e510-4f70-8910-53ecc1773f72 reported by 018e5809-2a36-45c6-9c3c-b7cafa943f1d{ip: 192.168.34.17, host: pr-hdds-2386-7c5wx-3982037300, networkLocation: /default-rack, certSerialId: null}
2019-11-18 04:18:09,985 [EventQueue-PipelineReportForPipelineReportHandler] INFO  pipeline.PipelineStateManager (PipelineStateManager.java:openPipeline(132)) - Pipeline Pipeline[ Id: c32c7b96-e510-4f70-8910-53ecc1773f72, Nodes: 72d53896-253c-4514-8a06-df6220db9551{ip: 192.168.34.17, host: pr-hdds-2386-7c5wx-3982037300, networkLocation: /default-rack, certSerialId: null}018e5809-2a36-45c6-9c3c-b7cafa943f1d{ip: 192.168.34.17, host: pr-hdds-2386-7c5wx-3982037300, networkLocation: /default-rack, certSerialId: null}1e101064-e299-4e7e-9f72-2796fed812c3{ip: 192.168.34.17, host: pr-hdds-2386-7c5wx-3982037300, networkLocation: /default-rack, certSerialId: null}, Type:RATIS, Factor:THREE, State:ALLOCATED] moved to OPEN state
2019-11-18 04:18:09,985 [EventQueue-OpenPipelineForOneReplicaPipelineSafeModeRule] INFO  safemode.SCMSafeModeManager (SCMSafeModeManager.java:validateSafeModeExitRules(176)) - AtleastOneDatanodeReportedRule rule is successfully validated
2019-11-18 04:18:09,985 [EventQueue-OpenPipelineForHealthyPipelineSafeModeRule] INFO  safemode.SCMSafeModeManager (HealthyPipelineSafeModeRule.java:process(132)) - SCM in safe mode. Healthy pipelines reported count is 1, required healthy pipeline reported count is 1
2019-11-18 04:18:09,987 [EventQueue-OpenPipelineForHealthyPipelineSafeModeRule] INFO  safemode.SCMSafeModeManager (SCMSafeModeManager.java:validateSafeModeExitRules(176)) - HealthyPipelineSafeModeRule rule is successfully validated
2019-11-18 04:18:09,987 [EventQueue-OpenPipelineForHealthyPipelineSafeModeRule] INFO  safemode.SCMSafeModeManager (SCMSafeModeManager.java:validateSafeModeExitRules(185)) - ScmSafeModeManager, all rules are successfully validated
2019-11-18 04:18:09,987 [EventQueue-OpenPipelineForHealthyPipelineSafeModeRule] INFO  safemode.SCMSafeModeManager (SCMSafeModeManager.java:exitSafeMode(201)) - SCM exiting safe mode.
2019-11-18 04:18:09,987 [018e5809-2a36-45c6-9c3c-b7cafa943f1d@group-53ECC1773F72-LeaderElection8] INFO  server.RaftServerConfigKeys (ConfUtils.java:logGet(43)) - raft.server.log.appender.snapshot.chunk.size.max = 16MB (=16777216) (default)
2019-11-18 04:18:09,988 [018e5809-2a36-45c6-9c3c-b7cafa943f1d@group-53ECC1773F72-LeaderElection8] INFO  server.RaftServerConfigKeys (ConfUtils.java:logGet(43)) - raft.server.log.appender.buffer.byte-limit = 33554432 (custom)
2019-11-18 04:18:09,988 [018e5809-2a36-45c6-9c3c-b7cafa943f1d@group-53ECC1773F72-LeaderElection8] INFO  server.RaftServerConfigKeys (ConfUtils.java:logGet(43)) - raft.server.log.appender.buffer.element-limit = 1 (custom)
2019-11-18 04:18:09,993 [018e5809-2a36-45c6-9c3c-b7cafa943f1d@group-53ECC1773F72-LeaderElection8] INFO  grpc.GrpcConfigKeys$Server (ConfUtils.java:logGet(43)) - raft.grpc.server.leader.outstanding.appends.max = 128 (default)
2019-11-18 04:18:09,993 [018e5809-2a36-45c6-9c3c-b7cafa943f1d@group-53ECC1773F72-LeaderElection8] INFO  server.RaftServerConfigKeys (ConfUtils.java:logGet(43)) - raft.server.rpc.request.timeout = 3000ms (default)
2019-11-18 04:18:09,994 [018e5809-2a36-45c6-9c3c-b7cafa943f1d@group-53ECC1773F72-LeaderElection8] INFO  server.RaftServerConfigKeys (ConfUtils.java:logGet(43)) - raft.server.log.appender.install.snapshot.enabled = false (custom)
2019-11-18 04:18:09,995 [018e5809-2a36-45c6-9c3c-b7cafa943f1d@group-53ECC1773F72-LeaderElection8] WARN  impl.MetricRegistriesImpl (MetricRegistriesImpl.java:lambda$create$1(61)) - First MetricRegistry has been created without registering reporters. You may need to call MetricRegistries.global().addReportRegistration(...) before.
2019-11-18 04:18:09,996 [018e5809-2a36-45c6-9c3c-b7cafa943f1d@group-53ECC1773F72-LeaderElection8] INFO  server.RaftServerConfigKeys (ConfUtils.java:logGet(43)) - raft.server.log.appender.snapshot.chunk.size.max = 16MB (=16777216) (default)
2019-11-18 04:18:09,996 [018e5809-2a36-45c6-9c3c-b7cafa943f1d@group-53ECC1773F72-LeaderElection8] INFO  server.RaftServerConfigKeys (ConfUtils.java:logGet(43)) - raft.server.log.appender.buffer.byte-limit = 33554432 (custom)
2019-11-18 04:18:09,996 [018e5809-2a36-45c6-9c3c-b7cafa943f1d@group-53ECC1773F72-LeaderElection8] INFO  server.RaftServerConfigKeys (ConfUtils.java:logGet(43)) - raft.server.log.appender.buffer.element-limit = 1 (custom)
2019-11-18 04:18:09,997 [018e5809-2a36-45c6-9c3c-b7cafa943f1d@group-53ECC1773F72-LeaderElection8] INFO  grpc.GrpcConfigKeys$Server (ConfUtils.java:logGet(43)) - raft.grpc.server.leader.outstanding.appends.max = 128 (default)
2019-11-18 04:18:09,997 [018e5809-2a36-45c6-9c3c-b7cafa943f1d@group-53ECC1773F72-LeaderElection8] INFO  server.RaftServerConfigKeys (ConfUtils.java:logGet(43)) - raft.server.rpc.request.timeout = 3000ms (default)
2019-11-18 04:18:09,997 [018e5809-2a36-45c6-9c3c-b7cafa943f1d@group-53ECC1773F72-LeaderElection8] INFO  server.RaftServerConfigKeys (ConfUtils.java:logGet(43)) - raft.server.log.appender.install.snapshot.enabled = false (custom)
2019-11-18 04:18:10,001 [018e5809-2a36-45c6-9c3c-b7cafa943f1d@group-53ECC1773F72-LeaderElection8] INFO  impl.RoleInfo (RoleInfo.java:updateAndGet(143)) - 018e5809-2a36-45c6-9c3c-b7cafa943f1d: start LeaderState
2019-11-18 04:18:10,001 [018e5809-2a36-45c6-9c3c-b7cafa943f1d@group-53ECC1773F72-LeaderElection8] INFO  segmented.SegmentedRaftLogWorker (SegmentedRaftLogWorker.java:startLogSegment(385)) - 018e5809-2a36-45c6-9c3c-b7cafa943f1d@group-53ECC1773F72-SegmentedRaftLogWorker: Starting segment from index:0
2019-11-18 04:18:10,002 [018e5809-2a36-45c6-9c3c-b7cafa943f1d@group-53ECC1773F72-LeaderElection8] INFO  impl.RaftServerImpl (ServerState.java:setRaftConf(356)) - 018e5809-2a36-45c6-9c3c-b7cafa943f1d@group-53ECC1773F72: set configuration 0: [72d53896-253c-4514-8a06-df6220db9551:192.168.34.17:35842, 018e5809-2a36-45c6-9c3c-b7cafa943f1d:192.168.34.17:39017, 1e101064-e299-4e7e-9f72-2796fed812c3:192.168.34.17:45105], old=null at 0
2019-11-18 04:18:10,038 [018e5809-2a36-45c6-9c3c-b7cafa943f1d@group-53ECC1773F72-SegmentedRaftLogWorker] INFO  segmented.SegmentedRaftLogWorker (SegmentedRaftLogWorker.java:execute(576)) - 018e5809-2a36-45c6-9c3c-b7cafa943f1d@group-53ECC1773F72-SegmentedRaftLogWorker: created new log segment /workdir/hadoop-ozone/tools/target/test-dir/MiniOzoneClusterImpl-10ba103f-7f8f-46e5-af3f-5a00a91438a1/datanode-2/data/ratis/c32c7b96-e510-4f70-8910-53ecc1773f72/current/log_inprogress_0
2019-11-18 04:18:10,048 [grpc-default-executor-4] INFO  ratis.XceiverServerRatis (XceiverServerRatis.java:handleLeaderChangedNotification(733)) - Leader change notification received for group: group-53ECC1773F72 with new leaderId: 018e5809-2a36-45c6-9c3c-b7cafa943f1d
2019-11-18 04:18:10,049 [grpc-default-executor-4] INFO  impl.RaftServerImpl (ServerState.java:setLeader(255)) - 72d53896-253c-4514-8a06-df6220db9551@group-53ECC1773F72: change Leader from null to 018e5809-2a36-45c6-9c3c-b7cafa943f1d at term 2 for appendEntries, leader elected after 10667ms
2019-11-18 04:18:10,049 [grpc-default-executor-1] INFO  ratis.XceiverServerRatis (XceiverServerRatis.java:handleLeaderChangedNotification(733)) - Leader change notification received for group: group-53ECC1773F72 with new leaderId: 018e5809-2a36-45c6-9c3c-b7cafa943f1d
2019-11-18 04:18:10,049 [grpc-default-executor-1] INFO  impl.RaftServerImpl (ServerState.java:setLeader(255)) - 1e101064-e299-4e7e-9f72-2796fed812c3@group-53ECC1773F72: change Leader from null to 018e5809-2a36-45c6-9c3c-b7cafa943f1d at term 2 for appendEntries, leader elected after 10667ms
2019-11-18 04:18:10,072 [grpc-default-executor-4] INFO  impl.RaftServerImpl (ServerState.java:setRaftConf(356)) - 72d53896-253c-4514-8a06-df6220db9551@group-53ECC1773F72: set configuration 0: [72d53896-253c-4514-8a06-df6220db9551:192.168.34.17:35842, 018e5809-2a36-45c6-9c3c-b7cafa943f1d:192.168.34.17:39017, 1e101064-e299-4e7e-9f72-2796fed812c3:192.168.34.17:45105], old=null at 0
2019-11-18 04:18:10,072 [grpc-default-executor-1] INFO  impl.RaftServerImpl (ServerState.java:setRaftConf(356)) - 1e101064-e299-4e7e-9f72-2796fed812c3@group-53ECC1773F72: set configuration 0: [72d53896-253c-4514-8a06-df6220db9551:192.168.34.17:35842, 018e5809-2a36-45c6-9c3c-b7cafa943f1d:192.168.34.17:39017, 1e101064-e299-4e7e-9f72-2796fed812c3:192.168.34.17:45105], old=null at 0
2019-11-18 04:18:10,073 [grpc-default-executor-4] INFO  segmented.SegmentedRaftLogWorker (SegmentedRaftLogWorker.java:startLogSegment(385)) - 72d53896-253c-4514-8a06-df6220db9551@group-53ECC1773F72-SegmentedRaftLogWorker: Starting segment from index:0
2019-11-18 04:18:10,073 [grpc-default-executor-1] INFO  segmented.SegmentedRaftLogWorker (SegmentedRaftLogWorker.java:startLogSegment(385)) - 1e101064-e299-4e7e-9f72-2796fed812c3@group-53ECC1773F72-SegmentedRaftLogWorker: Starting segment from index:0
2019-11-18 04:18:10,110 [72d53896-253c-4514-8a06-df6220db9551@group-53ECC1773F72-SegmentedRaftLogWorker] INFO  segmented.SegmentedRaftLogWorker (SegmentedRaftLogWorker.java:execute(576)) - 72d53896-253c-4514-8a06-df6220db9551@group-53ECC1773F72-SegmentedRaftLogWorker: created new log segment /workdir/hadoop-ozone/tools/target/test-dir/MiniOzoneClusterImpl-10ba103f-7f8f-46e5-af3f-5a00a91438a1/datanode-1/data/ratis/c32c7b96-e510-4f70-8910-53ecc1773f72/current/log_inprogress_0
2019-11-18 04:18:10,111 [1e101064-e299-4e7e-9f72-2796fed812c3@group-53ECC1773F72-SegmentedRaftLogWorker] INFO  segmented.SegmentedRaftLogWorker (SegmentedRaftLogWorker.java:execute(576)) - 1e101064-e299-4e7e-9f72-2796fed812c3@group-53ECC1773F72-SegmentedRaftLogWorker: created new log segment /workdir/hadoop-ozone/tools/target/test-dir/MiniOzoneClusterImpl-10ba103f-7f8f-46e5-af3f-5a00a91438a1/datanode-0/data/ratis/c32c7b96-e510-4f70-8910-53ecc1773f72/current/log_inprogress_0
2019-11-18 04:18:10,276 [main] INFO  ozone.MiniOzoneClusterImpl (MiniOzoneClusterImpl.java:lambda$waitForClusterToBeReady$0(150)) - Nodes are ready. Got 3 of 3 DN Heartbeats.
2019-11-18 04:18:10,277 [main] INFO  ozone.MiniOzoneClusterImpl (MiniOzoneClusterImpl.java:lambda$waitForClusterToBeReady$0(153)) - Cluster exits safe mode
2019-11-18 04:18:11,103 [main] INFO  freon.RandomKeyGenerator (RandomKeyGenerator.java:call(283)) - Number of Threads: 10
2019-11-18 04:18:11,104 [main] INFO  freon.RandomKeyGenerator (RandomKeyGenerator.java:call(288)) - Number of Volumes: 1.
2019-11-18 04:18:11,104 [main] INFO  freon.RandomKeyGenerator (RandomKeyGenerator.java:call(289)) - Number of Buckets per Volume: 1.
2019-11-18 04:18:11,104 [main] INFO  freon.RandomKeyGenerator (RandomKeyGenerator.java:call(290)) - Number of Keys per Bucket: 1.
2019-11-18 04:18:11,104 [main] INFO  freon.RandomKeyGenerator (RandomKeyGenerator.java:call(291)) - Key size: 20971520 bytes
2019-11-18 04:18:11,104 [main] INFO  freon.RandomKeyGenerator (RandomKeyGenerator.java:call(292)) - Buffer size: 4096 bytes
2019-11-18 04:18:11,105 [main] INFO  freon.RandomKeyGenerator (RandomKeyGenerator.java:call(293)) - validateWrites : true
2019-11-18 04:18:11,109 [main] INFO  freon.RandomKeyGenerator (RandomKeyGenerator.java:call(307)) - Data validation is enabled.
2019-11-18 04:18:11,111 [main] INFO  freon.RandomKeyGenerator (RandomKeyGenerator.java:call(313)) - Starting progress bar Thread.

 0.00% |?                                                                                                    |  0/1 Time: 0:00:002019-11-18 04:18:11,133 [pool-53-thread-1] INFO  rpc.RpcClient (RpcClient.java:createVolume(292)) - Creating Volume: vol-0-43927, with jenkins1000 as owner.
2019-11-18 04:18:11,175 [IPC Server handler 0 on 39887] INFO  volume.OMVolumeCreateRequest (OMVolumeCreateRequest.java:validateAndUpdateCache(193)) - created volume:vol-0-43927 for user:jenkins1000
2019-11-18 04:18:11,221 [pool-53-thread-2] INFO  rpc.RpcClient (RpcClient.java:createBucket(431)) - Creating Bucket: vol-0-43927/bucket-0-98588, with Versioning false and Storage Type set to DISK and Encryption set to false 
2019-11-18 04:18:11,415 [pool-53-thread-3] INFO  impl.MetricsSystemImpl (MetricsSystemImpl.java:init(158)) - XceiverClientMetrics metrics system started (again)
 0.00% |?                                                                                                    |  0/1 Time: 0:00:012019-11-18 04:18:12,990 [Thread-220] INFO  container.ReplicationManager (ReplicationManager.java:start(162)) - Starting Replication Monitor Thread.
2019-11-18 04:18:12,993 [ReplicationMonitor] INFO  container.ReplicationManager (ReplicationManager.java:run(225)) - Replication Monitor Thread took 2 milliseconds for processing 3 containers.
 100.00% |?????????????????????????????????????????????????????????????????????????????????????????????????????|  1/1 Time: 0:00:02
2019-11-18 04:18:18,431 [main] INFO  pipeline.SCMPipelineManager (SCMPipelineManager.java:finalizeAndDestroyPipeline(333)) - destroying pipeline:Pipeline[ Id: c32c7b96-e510-4f70-8910-53ecc1773f72, Nodes: 72d53896-253c-4514-8a06-df6220db9551{ip: 192.168.34.17, host: pr-hdds-2386-7c5wx-3982037300, networkLocation: /default-rack, certSerialId: null}018e5809-2a36-45c6-9c3c-b7cafa943f1d{ip: 192.168.34.17, host: pr-hdds-2386-7c5wx-3982037300, networkLocation: /default-rack, certSerialId: null}1e101064-e299-4e7e-9f72-2796fed812c3{ip: 192.168.34.17, host: pr-hdds-2386-7c5wx-3982037300, networkLocation: /default-rack, certSerialId: null}, Type:RATIS, Factor:THREE, State:OPEN]
2019-11-18 04:18:18,432 [main] INFO  pipeline.PipelineStateManager (PipelineStateManager.java:finalizePipeline(121)) - Pipeline Pipeline[ Id: c32c7b96-e510-4f70-8910-53ecc1773f72, Nodes: 72d53896-253c-4514-8a06-df6220db9551{ip: 192.168.34.17, host: pr-hdds-2386-7c5wx-3982037300, networkLocation: /default-rack, certSerialId: null}018e5809-2a36-45c6-9c3c-b7cafa943f1d{ip: 192.168.34.17, host: pr-hdds-2386-7c5wx-3982037300, networkLocation: /default-rack, certSerialId: null}1e101064-e299-4e7e-9f72-2796fed812c3{ip: 192.168.34.17, host: pr-hdds-2386-7c5wx-3982037300, networkLocation: /default-rack, certSerialId: null}, Type:RATIS, Factor:THREE, State:CLOSED] moved to CLOSED state
2019-11-18 04:18:18,433 [EventQueue-CloseContainerForCloseContainerEventHandler] INFO  container.CloseContainerEventHandler (CloseContainerEventHandler.java:onMessage(61)) - Close container Event triggered for container : #1
2019-11-18 04:18:18,434 [main] INFO  pipeline.RatisPipelineProvider (RatisPipelineProvider.java:lambda$close$5(207)) - Send pipeline:PipelineID=c32c7b96-e510-4f70-8910-53ecc1773f72 close command to datanode 72d53896-253c-4514-8a06-df6220db9551
2019-11-18 04:18:18,435 [main] INFO  pipeline.RatisPipelineProvider (RatisPipelineProvider.java:lambda$close$5(207)) - Send pipeline:PipelineID=c32c7b96-e510-4f70-8910-53ecc1773f72 close command to datanode 018e5809-2a36-45c6-9c3c-b7cafa943f1d
2019-11-18 04:18:18,435 [main] INFO  pipeline.RatisPipelineProvider (RatisPipelineProvider.java:lambda$close$5(207)) - Send pipeline:PipelineID=c32c7b96-e510-4f70-8910-53ecc1773f72 close command to datanode 1e101064-e299-4e7e-9f72-2796fed812c3
2019-11-18 04:18:18,444 [main] INFO  pipeline.PipelineStateManager (PipelineStateManager.java:removePipeline(106)) - Pipeline Pipeline[ Id: c32c7b96-e510-4f70-8910-53ecc1773f72, Nodes: 72d53896-253c-4514-8a06-df6220db9551{ip: 192.168.34.17, host: pr-hdds-2386-7c5wx-3982037300, networkLocation: /default-rack, certSerialId: null}018e5809-2a36-45c6-9c3c-b7cafa943f1d{ip: 192.168.34.17, host: pr-hdds-2386-7c5wx-3982037300, networkLocation: /default-rack, certSerialId: null}1e101064-e299-4e7e-9f72-2796fed812c3{ip: 192.168.34.17, host: pr-hdds-2386-7c5wx-3982037300, networkLocation: /default-rack, certSerialId: null}, Type:RATIS, Factor:THREE, State:CLOSED] removed from db
2019-11-18 04:18:18,446 [EventQueue-CloseContainerForCloseContainerEventHandler] INFO  container.CloseContainerEventHandler (CloseContainerEventHandler.java:onMessage(61)) - Close container Event triggered for container : #2
2019-11-18 04:18:18,448 [RatisPipelineUtilsThread] INFO  pipeline.RatisPipelineProvider (RatisPipelineProvider.java:lambda$create$4(163)) - Send pipeline:PipelineID=669cb751-1ee3-491e-b84e-12214b295946 create command to datanode 72d53896-253c-4514-8a06-df6220db9551
2019-11-18 04:18:18,449 [RatisPipelineUtilsThread] INFO  pipeline.RatisPipelineProvider (RatisPipelineProvider.java:lambda$create$4(163)) - Send pipeline:PipelineID=669cb751-1ee3-491e-b84e-12214b295946 create command to datanode 018e5809-2a36-45c6-9c3c-b7cafa943f1d
2019-11-18 04:18:18,449 [RatisPipelineUtilsThread] INFO  pipeline.RatisPipelineProvider (RatisPipelineProvider.java:lambda$create$4(163)) - Send pipeline:PipelineID=669cb751-1ee3-491e-b84e-12214b295946 create command to datanode 1e101064-e299-4e7e-9f72-2796fed812c3
2019-11-18 04:18:18,450 [RatisPipelineUtilsThread] INFO  pipeline.PipelineStateManager (PipelineStateManager.java:addPipeline(55)) - Created pipeline Pipeline[ Id: 669cb751-1ee3-491e-b84e-12214b295946, Nodes: 72d53896-253c-4514-8a06-df6220db9551{ip: 192.168.34.17, host: pr-hdds-2386-7c5wx-3982037300, networkLocation: /default-rack, certSerialId: null}018e5809-2a36-45c6-9c3c-b7cafa943f1d{ip: 192.168.34.17, host: pr-hdds-2386-7c5wx-3982037300, networkLocation: /default-rack, certSerialId: null}1e101064-e299-4e7e-9f72-2796fed812c3{ip: 192.168.34.17, host: pr-hdds-2386-7c5wx-3982037300, networkLocation: /default-rack, certSerialId: null}, Type:RATIS, Factor:THREE, State:ALLOCATED]
2019-11-18 04:18:18,451 [EventQueue-CloseContainerForCloseContainerEventHandler] ERROR container.CloseContainerEventHandler (CloseContainerEventHandler.java:onMessage(89)) - Failed to close the container #2.
org.apache.hadoop.hdds.scm.pipeline.PipelineNotFoundException: PipelineID=c32c7b96-e510-4f70-8910-53ecc1773f72 not found
	at org.apache.hadoop.hdds.scm.pipeline.PipelineStateMap.removeContainerFromPipeline(PipelineStateMap.java:351)
	at org.apache.hadoop.hdds.scm.pipeline.PipelineStateManager.removeContainerFromPipeline(PipelineStateManager.java:112)
	at org.apache.hadoop.hdds.scm.pipeline.SCMPipelineManager.removeContainerFromPipeline(SCMPipelineManager.java:286)
	at org.apache.hadoop.hdds.scm.container.SCMContainerManager.updateContainerState(SCMContainerManager.java:331)
	at org.apache.hadoop.hdds.scm.container.CloseContainerEventHandler.onMessage(CloseContainerEventHandler.java:66)
	at org.apache.hadoop.hdds.scm.container.CloseContainerEventHandler.onMessage(CloseContainerEventHandler.java:45)
	at org.apache.hadoop.hdds.server.events.SingleThreadExecutor.lambda$onMessage$1(SingleThreadExecutor.java:85)
	at java.util.concurrent.ThreadPoolExecutor.runWorker(ThreadPoolExecutor.java:1149)
	at java.util.concurrent.ThreadPoolExecutor$Worker.run(ThreadPoolExecutor.java:624)
	at java.lang.Thread.run(Thread.java:748)
2019-11-18 04:18:18,453 [EventQueue-CloseContainerForCloseContainerEventHandler] INFO  container.CloseContainerEventHandler (CloseContainerEventHandler.java:onMessage(61)) - Close container Event triggered for container : #3
2019-11-18 04:18:18,453 [EventQueue-CloseContainerForCloseContainerEventHandler] ERROR container.CloseContainerEventHandler (CloseContainerEventHandler.java:onMessage(89)) - Failed to close the container #3.
org.apache.hadoop.hdds.scm.pipeline.PipelineNotFoundException: PipelineID=c32c7b96-e510-4f70-8910-53ecc1773f72 not found
	at org.apache.hadoop.hdds.scm.pipeline.PipelineStateMap.removeContainerFromPipeline(PipelineStateMap.java:351)
	at org.apache.hadoop.hdds.scm.pipeline.PipelineStateManager.removeContainerFromPipeline(PipelineStateManager.java:112)
	at org.apache.hadoop.hdds.scm.pipeline.SCMPipelineManager.removeContainerFromPipeline(SCMPipelineManager.java:286)
	at org.apache.hadoop.hdds.scm.container.SCMContainerManager.updateContainerState(SCMContainerManager.java:331)
	at org.apache.hadoop.hdds.scm.container.CloseContainerEventHandler.onMessage(CloseContainerEventHandler.java:66)
	at org.apache.hadoop.hdds.scm.container.CloseContainerEventHandler.onMessage(CloseContainerEventHandler.java:45)
	at org.apache.hadoop.hdds.server.events.SingleThreadExecutor.lambda$onMessage$1(SingleThreadExecutor.java:85)
	at java.util.concurrent.ThreadPoolExecutor.runWorker(ThreadPoolExecutor.java:1149)
	at java.util.concurrent.ThreadPoolExecutor$Worker.run(ThreadPoolExecutor.java:624)
	at java.lang.Thread.run(Thread.java:748)
2019-11-18 04:18:18,566 [main] INFO  freon.RandomKeyGenerator (RandomKeyGenerator.java:call(283)) - Number of Threads: 10
2019-11-18 04:18:18,567 [main] INFO  freon.RandomKeyGenerator (RandomKeyGenerator.java:call(288)) - Number of Volumes: 1.
2019-11-18 04:18:18,567 [main] INFO  freon.RandomKeyGenerator (RandomKeyGenerator.java:call(289)) - Number of Buckets per Volume: 1.
2019-11-18 04:18:18,567 [main] INFO  freon.RandomKeyGenerator (RandomKeyGenerator.java:call(290)) - Number of Keys per Bucket: 1.
2019-11-18 04:18:18,567 [main] INFO  freon.RandomKeyGenerator (RandomKeyGenerator.java:call(291)) - Key size: 20971520 bytes
2019-11-18 04:18:18,568 [main] INFO  freon.RandomKeyGenerator (RandomKeyGenerator.java:call(292)) - Buffer size: 4096 bytes
2019-11-18 04:18:18,568 [main] INFO  freon.RandomKeyGenerator (RandomKeyGenerator.java:call(293)) - validateWrites : true
2019-11-18 04:18:18,569 [main] INFO  freon.RandomKeyGenerator (RandomKeyGenerator.java:call(307)) - Data validation is enabled.
2019-11-18 04:18:18,570 [main] INFO  freon.RandomKeyGenerator (RandomKeyGenerator.java:call(313)) - Starting progress bar Thread.

2019-11-18 04:18:18,570 [pool-59-thread-1] INFO  rpc.RpcClient (RpcClient.java:createVolume(292)) - Creating Volume: vol-0-98364, with jenkins1000 as owner.
 0.00% |?                                                                                                    |  0/1 Time: 0:00:002019-11-18 04:18:18,573 [IPC Server handler 12 on 39887] INFO  volume.OMVolumeCreateRequest (OMVolumeCreateRequest.java:validateAndUpdateCache(193)) - created volume:vol-0-98364 for user:jenkins1000
2019-11-18 04:18:18,599 [pool-59-thread-2] INFO  rpc.RpcClient (RpcClient.java:createBucket(431)) - Creating Bucket: vol-0-98364/bucket-0-12051, with Versioning false and Storage Type set to DISK and Encryption set to false 
2019-11-18 04:18:18,613 [IPC Server handler 16 on 44423] WARN  block.BlockManagerImpl (BlockManagerImpl.java:allocateBlock(203)) - Pipeline creation failed for type:RATIS factor:THREE. Retrying get pipelines call once.
org.apache.hadoop.hdds.scm.pipeline.InsufficientDatanodesException: Cannot create pipeline of factor 3 using 0 nodes.
	at org.apache.hadoop.hdds.scm.pipeline.RatisPipelineProvider.create(RatisPipelineProvider.java:144)
	at org.apache.hadoop.hdds.scm.pipeline.PipelineFactory.create(PipelineFactory.java:60)
	at org.apache.hadoop.hdds.scm.pipeline.SCMPipelineManager.createPipeline(SCMPipelineManager.java:159)
	at org.apache.hadoop.hdds.scm.block.BlockManagerImpl.allocateBlock(BlockManagerImpl.java:199)
	at org.apache.hadoop.hdds.scm.server.SCMBlockProtocolServer.allocateBlock(SCMBlockProtocolServer.java:187)
	at org.apache.hadoop.hdds.scm.protocol.ScmBlockLocationProtocolServerSideTranslatorPB.allocateScmBlock(ScmBlockLocationProtocolServerSideTranslatorPB.java:159)
	at org.apache.hadoop.hdds.scm.protocol.ScmBlockLocationProtocolServerSideTranslatorPB.processMessage(ScmBlockLocationProtocolServerSideTranslatorPB.java:117)
	at org.apache.hadoop.hdds.server.OzoneProtocolMessageDispatcher.processRequest(OzoneProtocolMessageDispatcher.java:72)
	at org.apache.hadoop.hdds.scm.protocol.ScmBlockLocationProtocolServerSideTranslatorPB.send(ScmBlockLocationProtocolServerSideTranslatorPB.java:98)
	at org.apache.hadoop.hdds.protocol.proto.ScmBlockLocationProtocolProtos$ScmBlockLocationProtocolService$2.callBlockingMethod(ScmBlockLocationProtocolProtos.java:13157)
	at org.apache.hadoop.ipc.ProtobufRpcEngine$Server$ProtoBufRpcInvoker.call(ProtobufRpcEngine.java:524)
	at org.apache.hadoop.ipc.RPC$Server.call(RPC.java:1025)
	at org.apache.hadoop.ipc.Server$RpcCall.run(Server.java:876)
	at org.apache.hadoop.ipc.Server$RpcCall.run(Server.java:822)
	at java.security.AccessController.doPrivileged(Native Method)
	at javax.security.auth.Subject.doAs(Subject.java:422)
	at org.apache.hadoop.security.UserGroupInformation.doAs(UserGroupInformation.java:1730)
	at org.apache.hadoop.ipc.Server$Handler.run(Server.java:2682)
2019-11-18 04:18:18,614 [IPC Server handler 16 on 44423] INFO  block.BlockManagerImpl (BlockManagerImpl.java:allocateBlock(215)) - Could not find available pipeline of type:RATIS and factor:THREE even after retrying
2019-11-18 04:18:18,614 [IPC Server handler 16 on 44423] ERROR block.BlockManagerImpl (BlockManagerImpl.java:allocateBlock(239)) - Unable to allocate a block for the size: 4194304, type: RATIS, factor: THREE
2019-11-18 04:18:18,616 [IPC Server handler 16 on 44423] WARN  block.BlockManagerImpl (BlockManagerImpl.java:allocateBlock(203)) - Pipeline creation failed for type:RATIS factor:THREE. Retrying get pipelines call once.
org.apache.hadoop.hdds.scm.pipeline.InsufficientDatanodesException: Cannot create pipeline of factor 3 using 0 nodes.
	at org.apache.hadoop.hdds.scm.pipeline.RatisPipelineProvider.create(RatisPipelineProvider.java:144)
	at org.apache.hadoop.hdds.scm.pipeline.PipelineFactory.create(PipelineFactory.java:60)
	at org.apache.hadoop.hdds.scm.pipeline.SCMPipelineManager.createPipeline(SCMPipelineManager.java:159)
	at org.apache.hadoop.hdds.scm.block.BlockManagerImpl.allocateBlock(BlockManagerImpl.java:199)
	at org.apache.hadoop.hdds.scm.server.SCMBlockProtocolServer.allocateBlock(SCMBlockProtocolServer.java:187)
	at org.apache.hadoop.hdds.scm.protocol.ScmBlockLocationProtocolServerSideTranslatorPB.allocateScmBlock(ScmBlockLocationProtocolServerSideTranslatorPB.java:159)
	at org.apache.hadoop.hdds.scm.protocol.ScmBlockLocationProtocolServerSideTranslatorPB.processMessage(ScmBlockLocationProtocolServerSideTranslatorPB.java:117)
	at org.apache.hadoop.hdds.server.OzoneProtocolMessageDispatcher.processRequest(OzoneProtocolMessageDispatcher.java:72)
	at org.apache.hadoop.hdds.scm.protocol.ScmBlockLocationProtocolServerSideTranslatorPB.send(ScmBlockLocationProtocolServerSideTranslatorPB.java:98)
	at org.apache.hadoop.hdds.protocol.proto.ScmBlockLocationProtocolProtos$ScmBlockLocationProtocolService$2.callBlockingMethod(ScmBlockLocationProtocolProtos.java:13157)
	at org.apache.hadoop.ipc.ProtobufRpcEngine$Server$ProtoBufRpcInvoker.call(ProtobufRpcEngine.java:524)
	at org.apache.hadoop.ipc.RPC$Server.call(RPC.java:1025)
	at org.apache.hadoop.ipc.Server$RpcCall.run(Server.java:876)
	at org.apache.hadoop.ipc.Server$RpcCall.run(Server.java:822)
	at java.security.AccessController.doPrivileged(Native Method)
	at javax.security.auth.Subject.doAs(Subject.java:422)
	at org.apache.hadoop.security.UserGroupInformation.doAs(UserGroupInformation.java:1730)
	at org.apache.hadoop.ipc.Server$Handler.run(Server.java:2682)
2019-11-18 04:18:18,616 [IPC Server handler 16 on 44423] INFO  block.BlockManagerImpl (BlockManagerImpl.java:allocateBlock(215)) - Could not find available pipeline of type:RATIS and factor:THREE even after retrying
2019-11-18 04:18:18,617 [IPC Server handler 16 on 44423] ERROR block.BlockManagerImpl (BlockManagerImpl.java:allocateBlock(239)) - Unable to allocate a block for the size: 4194304, type: RATIS, factor: THREE
2019-11-18 04:18:18,617 [IPC Server handler 16 on 44423] WARN  block.BlockManagerImpl (BlockManagerImpl.java:allocateBlock(203)) - Pipeline creation failed for type:RATIS factor:THREE. Retrying get pipelines call once.
org.apache.hadoop.hdds.scm.pipeline.InsufficientDatanodesException: Cannot create pipeline of factor 3 using 0 nodes.
	at org.apache.hadoop.hdds.scm.pipeline.RatisPipelineProvider.create(RatisPipelineProvider.java:144)
	at org.apache.hadoop.hdds.scm.pipeline.PipelineFactory.create(PipelineFactory.java:60)
	at org.apache.hadoop.hdds.scm.pipeline.SCMPipelineManager.createPipeline(SCMPipelineManager.java:159)
	at org.apache.hadoop.hdds.scm.block.BlockManagerImpl.allocateBlock(BlockManagerImpl.java:199)
	at org.apache.hadoop.hdds.scm.server.SCMBlockProtocolServer.allocateBlock(SCMBlockProtocolServer.java:187)
	at org.apache.hadoop.hdds.scm.protocol.ScmBlockLocationProtocolServerSideTranslatorPB.allocateScmBlock(ScmBlockLocationProtocolServerSideTranslatorPB.java:159)
	at org.apache.hadoop.hdds.scm.protocol.ScmBlockLocationProtocolServerSideTranslatorPB.processMessage(ScmBlockLocationProtocolServerSideTranslatorPB.java:117)
	at org.apache.hadoop.hdds.server.OzoneProtocolMessageDispatcher.processRequest(OzoneProtocolMessageDispatcher.java:72)
	at org.apache.hadoop.hdds.scm.protocol.ScmBlockLocationProtocolServerSideTranslatorPB.send(ScmBlockLocationProtocolServerSideTranslatorPB.java:98)
	at org.apache.hadoop.hdds.protocol.proto.ScmBlockLocationProtocolProtos$ScmBlockLocationProtocolService$2.callBlockingMethod(ScmBlockLocationProtocolProtos.java:13157)
	at org.apache.hadoop.ipc.ProtobufRpcEngine$Server$ProtoBufRpcInvoker.call(ProtobufRpcEngine.java:524)
	at org.apache.hadoop.ipc.RPC$Server.call(RPC.java:1025)
	at org.apache.hadoop.ipc.Server$RpcCall.run(Server.java:876)
	at org.apache.hadoop.ipc.Server$RpcCall.run(Server.java:822)
	at java.security.AccessController.doPrivileged(Native Method)
	at javax.security.auth.Subject.doAs(Subject.java:422)
	at org.apache.hadoop.security.UserGroupInformation.doAs(UserGroupInformation.java:1730)
	at org.apache.hadoop.ipc.Server$Handler.run(Server.java:2682)
2019-11-18 04:18:18,618 [IPC Server handler 16 on 44423] INFO  block.BlockManagerImpl (BlockManagerImpl.java:allocateBlock(215)) - Could not find available pipeline of type:RATIS and factor:THREE even after retrying
2019-11-18 04:18:18,618 [IPC Server handler 16 on 44423] ERROR block.BlockManagerImpl (BlockManagerImpl.java:allocateBlock(239)) - Unable to allocate a block for the size: 4194304, type: RATIS, factor: THREE
2019-11-18 04:18:18,618 [IPC Server handler 16 on 44423] WARN  block.BlockManagerImpl (BlockManagerImpl.java:allocateBlock(203)) - Pipeline creation failed for type:RATIS factor:THREE. Retrying get pipelines call once.
org.apache.hadoop.hdds.scm.pipeline.InsufficientDatanodesException: Cannot create pipeline of factor 3 using 0 nodes.
	at org.apache.hadoop.hdds.scm.pipeline.RatisPipelineProvider.create(RatisPipelineProvider.java:144)
	at org.apache.hadoop.hdds.scm.pipeline.PipelineFactory.create(PipelineFactory.java:60)
	at org.apache.hadoop.hdds.scm.pipeline.SCMPipelineManager.createPipeline(SCMPipelineManager.java:159)
	at org.apache.hadoop.hdds.scm.block.BlockManagerImpl.allocateBlock(BlockManagerImpl.java:199)
	at org.apache.hadoop.hdds.scm.server.SCMBlockProtocolServer.allocateBlock(SCMBlockProtocolServer.java:187)
	at org.apache.hadoop.hdds.scm.protocol.ScmBlockLocationProtocolServerSideTranslatorPB.allocateScmBlock(ScmBlockLocationProtocolServerSideTranslatorPB.java:159)
	at org.apache.hadoop.hdds.scm.protocol.ScmBlockLocationProtocolServerSideTranslatorPB.processMessage(ScmBlockLocationProtocolServerSideTranslatorPB.java:117)
	at org.apache.hadoop.hdds.server.OzoneProtocolMessageDispatcher.processRequest(OzoneProtocolMessageDispatcher.java:72)
	at org.apache.hadoop.hdds.scm.protocol.ScmBlockLocationProtocolServerSideTranslatorPB.send(ScmBlockLocationProtocolServerSideTranslatorPB.java:98)
	at org.apache.hadoop.hdds.protocol.proto.ScmBlockLocationProtocolProtos$ScmBlockLocationProtocolService$2.callBlockingMethod(ScmBlockLocationProtocolProtos.java:13157)
	at org.apache.hadoop.ipc.ProtobufRpcEngine$Server$ProtoBufRpcInvoker.call(ProtobufRpcEngine.java:524)
	at org.apache.hadoop.ipc.RPC$Server.call(RPC.java:1025)
	at org.apache.hadoop.ipc.Server$RpcCall.run(Server.java:876)
	at org.apache.hadoop.ipc.Server$RpcCall.run(Server.java:822)
	at java.security.AccessController.doPrivileged(Native Method)
	at javax.security.auth.Subject.doAs(Subject.java:422)
	at org.apache.hadoop.security.UserGroupInformation.doAs(UserGroupInformation.java:1730)
	at org.apache.hadoop.ipc.Server$Handler.run(Server.java:2682)
2019-11-18 04:18:18,619 [IPC Server handler 16 on 44423] INFO  block.BlockManagerImpl (BlockManagerImpl.java:allocateBlock(215)) - Could not find available pipeline of type:RATIS and factor:THREE even after retrying
2019-11-18 04:18:18,619 [IPC Server handler 16 on 44423] ERROR block.BlockManagerImpl (BlockManagerImpl.java:allocateBlock(239)) - Unable to allocate a block for the size: 4194304, type: RATIS, factor: THREE
2019-11-18 04:18:18,619 [IPC Server handler 16 on 44423] WARN  block.BlockManagerImpl (BlockManagerImpl.java:allocateBlock(203)) - Pipeline creation failed for type:RATIS factor:THREE. Retrying get pipelines call once.
org.apache.hadoop.hdds.scm.pipeline.InsufficientDatanodesException: Cannot create pipeline of factor 3 using 0 nodes.
	at org.apache.hadoop.hdds.scm.pipeline.RatisPipelineProvider.create(RatisPipelineProvider.java:144)
	at org.apache.hadoop.hdds.scm.pipeline.PipelineFactory.create(PipelineFactory.java:60)
	at org.apache.hadoop.hdds.scm.pipeline.SCMPipelineManager.createPipeline(SCMPipelineManager.java:159)
	at org.apache.hadoop.hdds.scm.block.BlockManagerImpl.allocateBlock(BlockManagerImpl.java:199)
	at org.apache.hadoop.hdds.scm.server.SCMBlockProtocolServer.allocateBlock(SCMBlockProtocolServer.java:187)
	at org.apache.hadoop.hdds.scm.protocol.ScmBlockLocationProtocolServerSideTranslatorPB.allocateScmBlock(ScmBlockLocationProtocolServerSideTranslatorPB.java:159)
	at org.apache.hadoop.hdds.scm.protocol.ScmBlockLocationProtocolServerSideTranslatorPB.processMessage(ScmBlockLocationProtocolServerSideTranslatorPB.java:117)
	at org.apache.hadoop.hdds.server.OzoneProtocolMessageDispatcher.processRequest(OzoneProtocolMessageDispatcher.java:72)
	at org.apache.hadoop.hdds.scm.protocol.ScmBlockLocationProtocolServerSideTranslatorPB.send(ScmBlockLocationProtocolServerSideTranslatorPB.java:98)
	at org.apache.hadoop.hdds.protocol.proto.ScmBlockLocationProtocolProtos$ScmBlockLocationProtocolService$2.callBlockingMethod(ScmBlockLocationProtocolProtos.java:13157)
	at org.apache.hadoop.ipc.ProtobufRpcEngine$Server$ProtoBufRpcInvoker.call(ProtobufRpcEngine.java:524)
	at org.apache.hadoop.ipc.RPC$Server.call(RPC.java:1025)
	at org.apache.hadoop.ipc.Server$RpcCall.run(Server.java:876)
	at org.apache.hadoop.ipc.Server$RpcCall.run(Server.java:822)
	at java.security.AccessController.doPrivileged(Native Method)
	at javax.security.auth.Subject.doAs(Subject.java:422)
	at org.apache.hadoop.security.UserGroupInformation.doAs(UserGroupInformation.java:1730)
	at org.apache.hadoop.ipc.Server$Handler.run(Server.java:2682)
2019-11-18 04:18:18,620 [IPC Server handler 16 on 44423] INFO  block.BlockManagerImpl (BlockManagerImpl.java:allocateBlock(215)) - Could not find available pipeline of type:RATIS and factor:THREE even after retrying
2019-11-18 04:18:18,620 [IPC Server handler 16 on 44423] ERROR block.BlockManagerImpl (BlockManagerImpl.java:allocateBlock(239)) - Unable to allocate a block for the size: 4194304, type: RATIS, factor: THREE
2019-11-18 04:18:18,628 [pool-59-thread-3] ERROR freon.RandomKeyGenerator (RandomKeyGenerator.java:createKey(735)) - Exception while adding key: key-0-53510 in bucket: bucket-0-12051 of volume: vol-0-98364.
INTERNAL_ERROR org.apache.hadoop.ozone.om.exceptions.OMException: Allocated 0 blocks. Requested 5 blocks
	at org.apache.hadoop.ozone.om.protocolPB.OzoneManagerProtocolClientSideTranslatorPB.handleError(OzoneManagerProtocolClientSideTranslatorPB.java:761)
	at org.apache.hadoop.ozone.om.protocolPB.OzoneManagerProtocolClientSideTranslatorPB.openKey(OzoneManagerProtocolClientSideTranslatorPB.java:752)
	at sun.reflect.NativeMethodAccessorImpl.invoke0(Native Method)
	at sun.reflect.NativeMethodAccessorImpl.invoke(NativeMethodAccessorImpl.java:62)
	at sun.reflect.DelegatingMethodAccessorImpl.invoke(DelegatingMethodAccessorImpl.java:43)
	at java.lang.reflect.Method.invoke(Method.java:498)
	at org.apache.hadoop.hdds.tracing.TraceAllMethod.invoke(TraceAllMethod.java:66)
	at com.sun.proxy.$Proxy37.openKey(Unknown Source)
	at org.apache.hadoop.ozone.client.rpc.RpcClient.createKey(RpcClient.java:633)
	at org.apache.hadoop.ozone.client.OzoneBucket.createKey(OzoneBucket.java:325)
	at org.apache.hadoop.ozone.freon.RandomKeyGenerator.createKey(RandomKeyGenerator.java:697)
	at org.apache.hadoop.ozone.freon.RandomKeyGenerator.access$1100(RandomKeyGenerator.java:88)
	at org.apache.hadoop.ozone.freon.RandomKeyGenerator$ObjectCreator.run(RandomKeyGenerator.java:615)
	at java.util.concurrent.Executors$RunnableAdapter.call(Executors.java:511)
	at java.util.concurrent.FutureTask.run(FutureTask.java:266)
	at java.util.concurrent.ThreadPoolExecutor.runWorker(ThreadPoolExecutor.java:1149)
	at java.util.concurrent.ThreadPoolExecutor$Worker.run(ThreadPoolExecutor.java:624)
	at java.lang.Thread.run(Thread.java:748)
2019-11-18 04:18:19,491 [Command processor thread] INFO  impl.RaftServerProxy (RaftServerProxy.java:remove(95)) - 72d53896-253c-4514-8a06-df6220db9551: remove  FOLLOWER 72d53896-253c-4514-8a06-df6220db9551@group-53ECC1773F72:t2, leader=018e5809-2a36-45c6-9c3c-b7cafa943f1d, voted=018e5809-2a36-45c6-9c3c-b7cafa943f1d, raftlog=72d53896-253c-4514-8a06-df6220db9551@group-53ECC1773F72-SegmentedRaftLog:OPENED:c78,f78,i78, conf=0: [72d53896-253c-4514-8a06-df6220db9551:192.168.34.17:35842, 018e5809-2a36-45c6-9c3c-b7cafa943f1d:192.168.34.17:39017, 1e101064-e299-4e7e-9f72-2796fed812c3:192.168.34.17:45105], old=null RUNNING
2019-11-18 04:18:19,491 [Command processor thread] INFO  impl.RaftServerProxy (RaftServerProxy.java:remove(95)) - 1e101064-e299-4e7e-9f72-2796fed812c3: remove  FOLLOWER 1e101064-e299-4e7e-9f72-2796fed812c3@group-53ECC1773F72:t2, leader=018e5809-2a36-45c6-9c3c-b7cafa943f1d, voted=1e101064-e299-4e7e-9f72-2796fed812c3, raftlog=1e101064-e299-4e7e-9f72-2796fed812c3@group-53ECC1773F72-SegmentedRaftLog:OPENED:c78,f78,i78, conf=0: [72d53896-253c-4514-8a06-df6220db9551:192.168.34.17:35842, 018e5809-2a36-45c6-9c3c-b7cafa943f1d:192.168.34.17:39017, 1e101064-e299-4e7e-9f72-2796fed812c3:192.168.34.17:45105], old=null RUNNING
2019-11-18 04:18:19,496 [Command processor thread] INFO  impl.RaftServerImpl (RaftServerImpl.java:lambda$shutdown$3(250)) - 72d53896-253c-4514-8a06-df6220db9551@group-53ECC1773F72: shutdown
2019-11-18 04:18:19,496 [Command processor thread] INFO  impl.RaftServerImpl (RaftServerImpl.java:lambda$shutdown$3(250)) - 1e101064-e299-4e7e-9f72-2796fed812c3@group-53ECC1773F72: shutdown
2019-11-18 04:18:19,500 [Command processor thread] INFO  util.JmxRegister (JmxRegister.java:unregister(73)) - Successfully un-registered JMX Bean with object name Ratis:service=RaftServer,group=group-53ECC1773F72,id=1e101064-e299-4e7e-9f72-2796fed812c3
2019-11-18 04:18:19,500 [Command processor thread] INFO  util.JmxRegister (JmxRegister.java:unregister(73)) - Successfully un-registered JMX Bean with object name Ratis:service=RaftServer,group=group-53ECC1773F72,id=72d53896-253c-4514-8a06-df6220db9551
2019-11-18 04:18:19,500 [Command processor thread] INFO  impl.RoleInfo (RoleInfo.java:shutdownFollowerState(121)) - 1e101064-e299-4e7e-9f72-2796fed812c3: shutdown FollowerState
2019-11-18 04:18:19,500 [Command processor thread] INFO  impl.RoleInfo (RoleInfo.java:shutdownFollowerState(121)) - 72d53896-253c-4514-8a06-df6220db9551: shutdown FollowerState
2019-11-18 04:18:19,500 [Command processor thread] INFO  impl.StateMachineUpdater (StateMachineUpdater.java:stopAndJoin(136)) - 1e101064-e299-4e7e-9f72-2796fed812c3@group-53ECC1773F72-StateMachineUpdater: set stopIndex = 78
2019-11-18 04:18:19,500 [Command processor thread] INFO  impl.StateMachineUpdater (StateMachineUpdater.java:stopAndJoin(136)) - 72d53896-253c-4514-8a06-df6220db9551@group-53ECC1773F72-StateMachineUpdater: set stopIndex = 78
2019-11-18 04:18:19,505 [Thread-216] INFO  impl.FollowerState (FollowerState.java:run(120)) - 72d53896-253c-4514-8a06-df6220db9551@group-53ECC1773F72-FollowerState was interrupted: java.lang.InterruptedException: sleep interrupted
2019-11-18 04:18:19,504 [Thread-217] INFO  impl.FollowerState (FollowerState.java:run(120)) - 1e101064-e299-4e7e-9f72-2796fed812c3@group-53ECC1773F72-FollowerState was interrupted: java.lang.InterruptedException: sleep interrupted
2019-11-18 04:18:19,506 [1e101064-e299-4e7e-9f72-2796fed812c3@group-53ECC1773F72-StateMachineUpdater] INFO  ratis.ContainerStateMachine (ContainerStateMachine.java:takeSnapshot(285)) - group-53ECC1773F72: Taking a snapshot at:(t:2, i:76) file /workdir/hadoop-ozone/tools/target/test-dir/MiniOzoneClusterImpl-10ba103f-7f8f-46e5-af3f-5a00a91438a1/datanode-0/data/ratis/c32c7b96-e510-4f70-8910-53ecc1773f72/sm/snapshot.2_76
2019-11-18 04:18:19,506 [72d53896-253c-4514-8a06-df6220db9551@group-53ECC1773F72-StateMachineUpdater] INFO  ratis.ContainerStateMachine (ContainerStateMachine.java:takeSnapshot(285)) - group-53ECC1773F72: Taking a snapshot at:(t:2, i:76) file /workdir/hadoop-ozone/tools/target/test-dir/MiniOzoneClusterImpl-10ba103f-7f8f-46e5-af3f-5a00a91438a1/datanode-1/data/ratis/c32c7b96-e510-4f70-8910-53ecc1773f72/sm/snapshot.2_76
2019-11-18 04:18:19,540 [72d53896-253c-4514-8a06-df6220db9551@group-53ECC1773F72-StateMachineUpdater] INFO  ratis.ContainerStateMachine (ContainerStateMachine.java:takeSnapshot(296)) - group-53ECC1773F72: Finished taking a snapshot at:(t:2, i:76) file:/workdir/hadoop-ozone/tools/target/test-dir/MiniOzoneClusterImpl-10ba103f-7f8f-46e5-af3f-5a00a91438a1/datanode-1/data/ratis/c32c7b96-e510-4f70-8910-53ecc1773f72/sm/snapshot.2_76 time:35
2019-11-18 04:18:19,540 [1e101064-e299-4e7e-9f72-2796fed812c3@group-53ECC1773F72-StateMachineUpdater] INFO  ratis.ContainerStateMachine (ContainerStateMachine.java:takeSnapshot(296)) - group-53ECC1773F72: Finished taking a snapshot at:(t:2, i:76) file:/workdir/hadoop-ozone/tools/target/test-dir/MiniOzoneClusterImpl-10ba103f-7f8f-46e5-af3f-5a00a91438a1/datanode-0/data/ratis/c32c7b96-e510-4f70-8910-53ecc1773f72/sm/snapshot.2_76 time:35
2019-11-18 04:18:19,542 [72d53896-253c-4514-8a06-df6220db9551@group-53ECC1773F72-StateMachineUpdater] INFO  impl.StateMachineUpdater (StateMachineUpdater.java:takeSnapshot(269)) - 72d53896-253c-4514-8a06-df6220db9551@group-53ECC1773F72-StateMachineUpdater: Took a snapshot at index 76
2019-11-18 04:18:19,542 [1e101064-e299-4e7e-9f72-2796fed812c3@group-53ECC1773F72-StateMachineUpdater] INFO  impl.StateMachineUpdater (StateMachineUpdater.java:takeSnapshot(269)) - 1e101064-e299-4e7e-9f72-2796fed812c3@group-53ECC1773F72-StateMachineUpdater: Took a snapshot at index 76
2019-11-18 04:18:19,542 [72d53896-253c-4514-8a06-df6220db9551@group-53ECC1773F72-StateMachineUpdater] INFO  impl.StateMachineUpdater (StateMachineUpdater.java:lambda$new$0(84)) - 72d53896-253c-4514-8a06-df6220db9551@group-53ECC1773F72-StateMachineUpdater: snapshotIndex: updateIncreasingly -1 -> 76
2019-11-18 04:18:19,542 [1e101064-e299-4e7e-9f72-2796fed812c3@group-53ECC1773F72-StateMachineUpdater] INFO  impl.StateMachineUpdater (StateMachineUpdater.java:lambda$new$0(84)) - 1e101064-e299-4e7e-9f72-2796fed812c3@group-53ECC1773F72-StateMachineUpdater: snapshotIndex: updateIncreasingly -1 -> 76
2019-11-18 04:18:19,548 [72d53896-253c-4514-8a06-df6220db9551@group-53ECC1773F72-StateMachineUpdater] INFO  ratis.ContainerStateMachine (ContainerStateMachine.java:takeSnapshot(285)) - group-53ECC1773F72: Taking a snapshot at:(t:2, i:76) file /workdir/hadoop-ozone/tools/target/test-dir/MiniOzoneClusterImpl-10ba103f-7f8f-46e5-af3f-5a00a91438a1/datanode-1/data/ratis/c32c7b96-e510-4f70-8910-53ecc1773f72/sm/snapshot.2_76
2019-11-18 04:18:19,548 [1e101064-e299-4e7e-9f72-2796fed812c3@group-53ECC1773F72-StateMachineUpdater] INFO  ratis.ContainerStateMachine (ContainerStateMachine.java:takeSnapshot(285)) - group-53ECC1773F72: Taking a snapshot at:(t:2, i:76) file /workdir/hadoop-ozone/tools/target/test-dir/MiniOzoneClusterImpl-10ba103f-7f8f-46e5-af3f-5a00a91438a1/datanode-0/data/ratis/c32c7b96-e510-4f70-8910-53ecc1773f72/sm/snapshot.2_76
2019-11-18 04:18:19,561 [72d53896-253c-4514-8a06-df6220db9551@group-53ECC1773F72-StateMachineUpdater] INFO  ratis.ContainerStateMachine (ContainerStateMachine.java:takeSnapshot(296)) - group-53ECC1773F72: Finished taking a snapshot at:(t:2, i:76) file:/workdir/hadoop-ozone/tools/target/test-dir/MiniOzoneClusterImpl-10ba103f-7f8f-46e5-af3f-5a00a91438a1/datanode-1/data/ratis/c32c7b96-e510-4f70-8910-53ecc1773f72/sm/snapshot.2_76 time:13
2019-11-18 04:18:19,561 [1e101064-e299-4e7e-9f72-2796fed812c3@group-53ECC1773F72-StateMachineUpdater] INFO  ratis.ContainerStateMachine (ContainerStateMachine.java:takeSnapshot(296)) - group-53ECC1773F72: Finished taking a snapshot at:(t:2, i:76) file:/workdir/hadoop-ozone/tools/target/test-dir/MiniOzoneClusterImpl-10ba103f-7f8f-46e5-af3f-5a00a91438a1/datanode-0/data/ratis/c32c7b96-e510-4f70-8910-53ecc1773f72/sm/snapshot.2_76 time:13
2019-11-18 04:18:19,562 [72d53896-253c-4514-8a06-df6220db9551@group-53ECC1773F72-StateMachineUpdater] INFO  impl.StateMachineUpdater (StateMachineUpdater.java:takeSnapshot(269)) - 72d53896-253c-4514-8a06-df6220db9551@group-53ECC1773F72-StateMachineUpdater: Took a snapshot at index 76
2019-11-18 04:18:19,562 [1e101064-e299-4e7e-9f72-2796fed812c3@group-53ECC1773F72-StateMachineUpdater] INFO  impl.StateMachineUpdater (StateMachineUpdater.java:takeSnapshot(269)) - 1e101064-e299-4e7e-9f72-2796fed812c3@group-53ECC1773F72-StateMachineUpdater: Took a snapshot at index 76
2019-11-18 04:18:19,562 [72d53896-253c-4514-8a06-df6220db9551@group-53ECC1773F72-StateMachineUpdater] INFO  impl.StateMachineUpdater (StateMachineUpdater.java:lambda$new$0(84)) - 72d53896-253c-4514-8a06-df6220db9551@group-53ECC1773F72-StateMachineUpdater: snapshotIndex: updateIncreasingly 76 -> 76
2019-11-18 04:18:19,562 [1e101064-e299-4e7e-9f72-2796fed812c3@group-53ECC1773F72-StateMachineUpdater] INFO  impl.StateMachineUpdater (StateMachineUpdater.java:lambda$new$0(84)) - 1e101064-e299-4e7e-9f72-2796fed812c3@group-53ECC1773F72-StateMachineUpdater: snapshotIndex: updateIncreasingly 76 -> 76
2019-11-18 04:18:19,563 [Command processor thread] INFO  impl.RaftServerImpl (ServerState.java:close(387)) - 1e101064-e299-4e7e-9f72-2796fed812c3@group-53ECC1773F72: closes. applyIndex: 78
2019-11-18 04:18:19,563 [Command processor thread] INFO  impl.RaftServerImpl (ServerState.java:close(387)) - 72d53896-253c-4514-8a06-df6220db9551@group-53ECC1773F72: closes. applyIndex: 78
2019-11-18 04:18:19,568 [1e101064-e299-4e7e-9f72-2796fed812c3@group-53ECC1773F72-SegmentedRaftLogWorker] INFO  segmented.SegmentedRaftLogWorker (SegmentedRaftLogWorker.java:run(316)) - 1e101064-e299-4e7e-9f72-2796fed812c3@group-53ECC1773F72-SegmentedRaftLogWorker was interrupted, exiting. There are 0 tasks remaining in the queue.
2019-11-18 04:18:19,568 [72d53896-253c-4514-8a06-df6220db9551@group-53ECC1773F72-SegmentedRaftLogWorker] INFO  segmented.SegmentedRaftLogWorker (SegmentedRaftLogWorker.java:run(316)) - 72d53896-253c-4514-8a06-df6220db9551@group-53ECC1773F72-SegmentedRaftLogWorker was interrupted, exiting. There are 0 tasks remaining in the queue.
2019-11-18 04:18:19,573 [Command processor thread] INFO  segmented.SegmentedRaftLogWorker (SegmentedRaftLogWorker.java:close(224)) - 72d53896-253c-4514-8a06-df6220db9551@group-53ECC1773F72-SegmentedRaftLogWorker close()
 0.00% |?                                                                                                    |  0/1 Time: 0:00:012019-11-18 04:18:19,574 [Command processor thread] INFO  segmented.SegmentedRaftLogWorker (SegmentedRaftLogWorker.java:close(224)) - 1e101064-e299-4e7e-9f72-2796fed812c3@group-53ECC1773F72-SegmentedRaftLogWorker close()
2019-11-18 04:18:19,612 [Command processor thread] INFO  interfaces.Container (KeyValueContainer.java:flushAndSyncDB(400)) - Container 1 is synced with bcsId 60.
2019-11-18 04:18:19,612 [Command processor thread] INFO  interfaces.Container (KeyValueContainer.java:flushAndSyncDB(400)) - Container 1 is synced with bcsId 60.
2019-11-18 04:18:19,613 [Command processor thread] INFO  interfaces.Container (KeyValueContainer.java:flushAndSyncDB(400)) - Container 1 is synced with bcsId 60.
2019-11-18 04:18:19,613 [Command processor thread] INFO  interfaces.Container (KeyValueContainer.java:flushAndSyncDB(400)) - Container 1 is synced with bcsId 60.
2019-11-18 04:18:19,631 [EventQueue-IncrementalContainerReportForIncrementalContainerReportHandler] INFO  container.IncrementalContainerReportHandler (AbstractContainerReportHandler.java:updateContainerState(171)) - Moving container #1 to QUASI_CLOSED state, datanode 72d53896-253c-4514-8a06-df6220db9551{ip: 192.168.34.17, host: pr-hdds-2386-7c5wx-3982037300, networkLocation: /default-rack, certSerialId: null} reported QUASI_CLOSED replica.
2019-11-18 04:18:19,646 [Command processor thread] INFO  interfaces.Container (KeyValueContainer.java:flushAndSyncDB(400)) - Container 2 is synced with bcsId 76.
2019-11-18 04:18:19,646 [Command processor thread] INFO  interfaces.Container (KeyValueContainer.java:flushAndSyncDB(400)) - Container 2 is synced with bcsId 76.
2019-11-18 04:18:19,646 [Command processor thread] INFO  interfaces.Container (KeyValueContainer.java:flushAndSyncDB(400)) - Container 2 is synced with bcsId 76.
2019-11-18 04:18:19,647 [Command processor thread] INFO  interfaces.Container (KeyValueContainer.java:flushAndSyncDB(400)) - Container 2 is synced with bcsId 76.
2019-11-18 04:18:19,662 [EventQueue-IncrementalContainerReportForIncrementalContainerReportHandler] INFO  container.IncrementalContainerReportHandler (AbstractContainerReportHandler.java:updateContainerState(171)) - Moving container #2 to QUASI_CLOSED state, datanode 1e101064-e299-4e7e-9f72-2796fed812c3{ip: 192.168.34.17, host: pr-hdds-2386-7c5wx-3982037300, networkLocation: /default-rack, certSerialId: null} reported QUASI_CLOSED replica.
2019-11-18 04:18:19,679 [Command processor thread] INFO  interfaces.Container (KeyValueContainer.java:flushAndSyncDB(400)) - Container 3 is synced with bcsId 42.
2019-11-18 04:18:19,679 [Command processor thread] INFO  interfaces.Container (KeyValueContainer.java:flushAndSyncDB(400)) - Container 3 is synced with bcsId 42.
2019-11-18 04:18:19,680 [Command processor thread] INFO  interfaces.Container (KeyValueContainer.java:flushAndSyncDB(400)) - Container 3 is synced with bcsId 42.
2019-11-18 04:18:19,680 [Command processor thread] INFO  interfaces.Container (KeyValueContainer.java:flushAndSyncDB(400)) - Container 3 is synced with bcsId 42.
2019-11-18 04:18:19,686 [Command processor thread] INFO  commandhandler.ClosePipelineCommandHandler (ClosePipelineCommandHandler.java:handle(78)) - Close Pipeline #id: "c32c7b96-e510-4f70-8910-53ecc1773f72"
 command on datanode #72d53896-253c-4514-8a06-df6220db9551.
2019-11-18 04:18:19,686 [Command processor thread] INFO  commandhandler.ClosePipelineCommandHandler (ClosePipelineCommandHandler.java:handle(78)) - Close Pipeline #id: "c32c7b96-e510-4f70-8910-53ecc1773f72"
 command on datanode #1e101064-e299-4e7e-9f72-2796fed812c3.
2019-11-18 04:18:19,688 [EventQueue-IncrementalContainerReportForIncrementalContainerReportHandler] INFO  container.IncrementalContainerReportHandler (AbstractContainerReportHandler.java:updateContainerState(171)) - Moving container #3 to QUASI_CLOSED state, datanode 72d53896-253c-4514-8a06-df6220db9551{ip: 192.168.34.17, host: pr-hdds-2386-7c5wx-3982037300, networkLocation: /default-rack, certSerialId: null} reported QUASI_CLOSED replica.
2019-11-18 04:18:19,688 [Command processor thread] INFO  impl.RaftServerProxy (RaftServerProxy.java:addNew(89)) - 72d53896-253c-4514-8a06-df6220db9551: addNew group-12214B295946:[72d53896-253c-4514-8a06-df6220db9551:192.168.34.17:35842, 018e5809-2a36-45c6-9c3c-b7cafa943f1d:192.168.34.17:39017, 1e101064-e299-4e7e-9f72-2796fed812c3:192.168.34.17:45105] returns group-12214B295946:java.util.concurrent.CompletableFuture@4ec17f3f[Not completed]
2019-11-18 04:18:19,688 [Command processor thread] INFO  impl.RaftServerProxy (RaftServerProxy.java:addNew(89)) - 1e101064-e299-4e7e-9f72-2796fed812c3: addNew group-12214B295946:[72d53896-253c-4514-8a06-df6220db9551:192.168.34.17:35842, 018e5809-2a36-45c6-9c3c-b7cafa943f1d:192.168.34.17:39017, 1e101064-e299-4e7e-9f72-2796fed812c3:192.168.34.17:45105] returns group-12214B295946:java.util.concurrent.CompletableFuture@6eedfa8c[Not completed]
2019-11-18 04:18:19,691 [pool-37-thread-1] INFO  impl.RaftServerImpl (RaftServerImpl.java:<init>(98)) - 72d53896-253c-4514-8a06-df6220db9551: new RaftServerImpl for group-12214B295946:[72d53896-253c-4514-8a06-df6220db9551:192.168.34.17:35842, 018e5809-2a36-45c6-9c3c-b7cafa943f1d:192.168.34.17:39017, 1e101064-e299-4e7e-9f72-2796fed812c3:192.168.34.17:45105] with ContainerStateMachine:uninitialized
2019-11-18 04:18:19,692 [pool-37-thread-1] INFO  server.RaftServerConfigKeys (ConfUtils.java:logGet(43)) - raft.server.rpc.timeout.min = 5s (custom)
2019-11-18 04:18:19,692 [pool-37-thread-1] INFO  server.RaftServerConfigKeys (ConfUtils.java:logGet(43)) - raft.server.rpc.timeout.max = 5200ms (custom)
2019-11-18 04:18:19,692 [pool-37-thread-1] INFO  server.RaftServerConfigKeys (ConfUtils.java:logGet(43)) - raft.server.rpcslowness.timeout = 120s (custom)
2019-11-18 04:18:19,692 [pool-37-thread-1] INFO  server.RaftServerConfigKeys (ConfUtils.java:logGet(43)) - raft.server.sleep.deviation.threshold = 300 (default)
2019-11-18 04:18:19,692 [pool-37-thread-1] INFO  server.RaftServerConfigKeys (ConfUtils.java:logGet(43)) - raft.server.log.appender.install.snapshot.enabled = false (custom)
2019-11-18 04:18:19,692 [pool-37-thread-1] INFO  impl.RaftServerImpl (ServerState.java:<init>(103)) - 72d53896-253c-4514-8a06-df6220db9551@group-12214B295946: ConfigurationManager, init=-1: [72d53896-253c-4514-8a06-df6220db9551:192.168.34.17:35842, 018e5809-2a36-45c6-9c3c-b7cafa943f1d:192.168.34.17:39017, 1e101064-e299-4e7e-9f72-2796fed812c3:192.168.34.17:45105], old=null, confs=<EMPTY_MAP>
2019-11-18 04:18:19,692 [pool-37-thread-1] INFO  server.RaftServerConfigKeys (ConfUtils.java:logGet(43)) - raft.server.storage.dir = [/workdir/hadoop-ozone/tools/target/test-dir/MiniOzoneClusterImpl-10ba103f-7f8f-46e5-af3f-5a00a91438a1/datanode-1/data/ratis] (custom)
2019-11-18 04:18:19,693 [pool-27-thread-1] INFO  impl.RaftServerImpl (RaftServerImpl.java:<init>(98)) - 1e101064-e299-4e7e-9f72-2796fed812c3: new RaftServerImpl for group-12214B295946:[72d53896-253c-4514-8a06-df6220db9551:192.168.34.17:35842, 018e5809-2a36-45c6-9c3c-b7cafa943f1d:192.168.34.17:39017, 1e101064-e299-4e7e-9f72-2796fed812c3:192.168.34.17:45105] with ContainerStateMachine:uninitialized
2019-11-18 04:18:19,693 [pool-37-thread-1] INFO  server.RaftServerConfigKeys (ConfUtils.java:logGet(43)) - raft.server.log.corruption.policy = EXCEPTION (default)
2019-11-18 04:18:19,693 [pool-27-thread-1] INFO  server.RaftServerConfigKeys (ConfUtils.java:logGet(43)) - raft.server.rpc.timeout.min = 5s (custom)
2019-11-18 04:18:19,693 [pool-37-thread-1] INFO  storage.RaftStorageDirectory (RaftStorageDirectory.java:analyzeStorage(246)) - The storage directory /workdir/hadoop-ozone/tools/target/test-dir/MiniOzoneClusterImpl-10ba103f-7f8f-46e5-af3f-5a00a91438a1/datanode-1/data/ratis/669cb751-1ee3-491e-b84e-12214b295946 does not exist. Creating ...
2019-11-18 04:18:19,693 [pool-27-thread-1] INFO  server.RaftServerConfigKeys (ConfUtils.java:logGet(43)) - raft.server.rpc.timeout.max = 5200ms (custom)
2019-11-18 04:18:19,693 [pool-27-thread-1] INFO  server.RaftServerConfigKeys (ConfUtils.java:logGet(43)) - raft.server.rpcslowness.timeout = 120s (custom)
2019-11-18 04:18:19,693 [pool-27-thread-1] INFO  server.RaftServerConfigKeys (ConfUtils.java:logGet(43)) - raft.server.sleep.deviation.threshold = 300 (default)
2019-11-18 04:18:19,694 [pool-27-thread-1] INFO  server.RaftServerConfigKeys (ConfUtils.java:logGet(43)) - raft.server.log.appender.install.snapshot.enabled = false (custom)
2019-11-18 04:18:19,694 [pool-27-thread-1] INFO  impl.RaftServerImpl (ServerState.java:<init>(103)) - 1e101064-e299-4e7e-9f72-2796fed812c3@group-12214B295946: ConfigurationManager, init=-1: [72d53896-253c-4514-8a06-df6220db9551:192.168.34.17:35842, 018e5809-2a36-45c6-9c3c-b7cafa943f1d:192.168.34.17:39017, 1e101064-e299-4e7e-9f72-2796fed812c3:192.168.34.17:45105], old=null, confs=<EMPTY_MAP>
2019-11-18 04:18:19,694 [pool-27-thread-1] INFO  server.RaftServerConfigKeys (ConfUtils.java:logGet(43)) - raft.server.storage.dir = [/workdir/hadoop-ozone/tools/target/test-dir/MiniOzoneClusterImpl-10ba103f-7f8f-46e5-af3f-5a00a91438a1/datanode-0/data/ratis] (custom)
2019-11-18 04:18:19,694 [pool-27-thread-1] INFO  server.RaftServerConfigKeys (ConfUtils.java:logGet(43)) - raft.server.log.corruption.policy = EXCEPTION (default)
2019-11-18 04:18:19,695 [pool-27-thread-1] INFO  storage.RaftStorageDirectory (RaftStorageDirectory.java:analyzeStorage(246)) - The storage directory /workdir/hadoop-ozone/tools/target/test-dir/MiniOzoneClusterImpl-10ba103f-7f8f-46e5-af3f-5a00a91438a1/datanode-0/data/ratis/669cb751-1ee3-491e-b84e-12214b295946 does not exist. Creating ...
2019-11-18 04:18:19,696 [pool-37-thread-1] INFO  storage.RaftStorageDirectory (RaftStorageDirectory.java:tryLock(328)) - Lock on /workdir/hadoop-ozone/tools/target/test-dir/MiniOzoneClusterImpl-10ba103f-7f8f-46e5-af3f-5a00a91438a1/datanode-1/data/ratis/669cb751-1ee3-491e-b84e-12214b295946/in_use.lock acquired by nodename 24466@pr-hdds-2386-7c5wx-3982037300
2019-11-18 04:18:19,698 [pool-27-thread-1] INFO  storage.RaftStorageDirectory (RaftStorageDirectory.java:tryLock(328)) - Lock on /workdir/hadoop-ozone/tools/target/test-dir/MiniOzoneClusterImpl-10ba103f-7f8f-46e5-af3f-5a00a91438a1/datanode-0/data/ratis/669cb751-1ee3-491e-b84e-12214b295946/in_use.lock acquired by nodename 24466@pr-hdds-2386-7c5wx-3982037300
2019-11-18 04:18:19,702 [pool-27-thread-1] INFO  storage.RaftStorage (RaftStorage.java:format(84)) - Storage directory /workdir/hadoop-ozone/tools/target/test-dir/MiniOzoneClusterImpl-10ba103f-7f8f-46e5-af3f-5a00a91438a1/datanode-0/data/ratis/669cb751-1ee3-491e-b84e-12214b295946 has been successfully formatted.
2019-11-18 04:18:19,702 [pool-37-thread-1] INFO  storage.RaftStorage (RaftStorage.java:format(84)) - Storage directory /workdir/hadoop-ozone/tools/target/test-dir/MiniOzoneClusterImpl-10ba103f-7f8f-46e5-af3f-5a00a91438a1/datanode-1/data/ratis/669cb751-1ee3-491e-b84e-12214b295946 has been successfully formatted.
2019-11-18 04:18:19,702 [pool-27-thread-1] INFO  ratis.ContainerStateMachine (ContainerStateMachine.java:loadSnapshot(223)) - group-12214B295946: The snapshot info is null. Setting the last applied indexto:(t:0, i:~)
2019-11-18 04:18:19,702 [pool-37-thread-1] INFO  ratis.ContainerStateMachine (ContainerStateMachine.java:loadSnapshot(223)) - group-12214B295946: The snapshot info is null. Setting the last applied indexto:(t:0, i:~)
2019-11-18 04:18:19,702 [pool-27-thread-1] INFO  server.RaftServerConfigKeys (ConfUtils.java:logGet(43)) - raft.server.notification.no-leader.timeout = 120s (custom)
2019-11-18 04:18:19,702 [pool-37-thread-1] INFO  server.RaftServerConfigKeys (ConfUtils.java:logGet(43)) - raft.server.notification.no-leader.timeout = 120s (custom)
2019-11-18 04:18:19,702 [pool-27-thread-1] INFO  server.RaftServerConfigKeys (ConfUtils.java:logGet(43)) - raft.server.log.use.memory = false (default)
2019-11-18 04:18:19,702 [pool-37-thread-1] INFO  server.RaftServerConfigKeys (ConfUtils.java:logGet(43)) - raft.server.log.use.memory = false (default)
2019-11-18 04:18:19,703 [pool-27-thread-1] INFO  server.RaftServerConfigKeys (ConfUtils.java:logGet(43)) - raft.server.log.purge.gap = 1000000 (custom)
2019-11-18 04:18:19,703 [pool-37-thread-1] INFO  server.RaftServerConfigKeys (ConfUtils.java:logGet(43)) - raft.server.log.purge.gap = 1000000 (custom)
2019-11-18 04:18:19,703 [pool-27-thread-1] INFO  server.RaftServerConfigKeys (ConfUtils.java:logGet(43)) - raft.server.log.appender.buffer.byte-limit = 33554432 (custom)
2019-11-18 04:18:19,703 [pool-37-thread-1] INFO  server.RaftServerConfigKeys (ConfUtils.java:logGet(43)) - raft.server.log.appender.buffer.byte-limit = 33554432 (custom)
2019-11-18 04:18:19,703 [pool-27-thread-1] INFO  server.RaftServerConfigKeys (ConfUtils.java:logGet(43)) - raft.server.log.segment.size.max = 1048576 (custom)
2019-11-18 04:18:19,703 [pool-37-thread-1] INFO  server.RaftServerConfigKeys (ConfUtils.java:logGet(43)) - raft.server.log.segment.size.max = 1048576 (custom)
2019-11-18 04:18:19,703 [pool-27-thread-1] INFO  server.RaftServerConfigKeys (ConfUtils.java:logGet(43)) - raft.server.log.segment.cache.num.max = 2 (custom)
2019-11-18 04:18:19,703 [pool-37-thread-1] INFO  server.RaftServerConfigKeys (ConfUtils.java:logGet(43)) - raft.server.log.segment.cache.num.max = 2 (custom)
2019-11-18 04:18:19,703 [pool-27-thread-1] INFO  segmented.SegmentedRaftLogWorker (SegmentedRaftLogWorker.java:<init>(173)) - new 1e101064-e299-4e7e-9f72-2796fed812c3@group-12214B295946-SegmentedRaftLogWorker for RaftStorage:Storage Directory /workdir/hadoop-ozone/tools/target/test-dir/MiniOzoneClusterImpl-10ba103f-7f8f-46e5-af3f-5a00a91438a1/datanode-0/data/ratis/669cb751-1ee3-491e-b84e-12214b295946
2019-11-18 04:18:19,703 [pool-37-thread-1] INFO  segmented.SegmentedRaftLogWorker (SegmentedRaftLogWorker.java:<init>(173)) - new 72d53896-253c-4514-8a06-df6220db9551@group-12214B295946-SegmentedRaftLogWorker for RaftStorage:Storage Directory /workdir/hadoop-ozone/tools/target/test-dir/MiniOzoneClusterImpl-10ba103f-7f8f-46e5-af3f-5a00a91438a1/datanode-1/data/ratis/669cb751-1ee3-491e-b84e-12214b295946
2019-11-18 04:18:19,704 [pool-27-thread-1] INFO  server.RaftServerConfigKeys (ConfUtils.java:logGet(43)) - raft.server.log.queue.byte-limit = 2147483647 (custom)
2019-11-18 04:18:19,704 [pool-37-thread-1] INFO  server.RaftServerConfigKeys (ConfUtils.java:logGet(43)) - raft.server.log.queue.byte-limit = 2147483647 (custom)
2019-11-18 04:18:19,704 [pool-27-thread-1] INFO  server.RaftServerConfigKeys (ConfUtils.java:logGet(43)) - raft.server.log.queue.element-limit = 1024 (custom)
2019-11-18 04:18:19,704 [pool-37-thread-1] INFO  server.RaftServerConfigKeys (ConfUtils.java:logGet(43)) - raft.server.log.queue.element-limit = 1024 (custom)
2019-11-18 04:18:19,704 [pool-27-thread-1] INFO  server.RaftServerConfigKeys (ConfUtils.java:logGet(43)) - raft.server.log.segment.size.max = 1048576 (custom)
2019-11-18 04:18:19,704 [pool-37-thread-1] INFO  server.RaftServerConfigKeys (ConfUtils.java:logGet(43)) - raft.server.log.segment.size.max = 1048576 (custom)
2019-11-18 04:18:19,704 [pool-27-thread-1] INFO  server.RaftServerConfigKeys (ConfUtils.java:logGet(43)) - raft.server.log.preallocated.size = 16384 (custom)
2019-11-18 04:18:19,704 [pool-37-thread-1] INFO  server.RaftServerConfigKeys (ConfUtils.java:logGet(43)) - raft.server.log.preallocated.size = 16384 (custom)
2019-11-18 04:18:19,704 [pool-27-thread-1] INFO  server.RaftServerConfigKeys (ConfUtils.java:logGet(43)) - raft.server.log.write.buffer.size = 33554432 (custom)
2019-11-18 04:18:19,704 [pool-37-thread-1] INFO  server.RaftServerConfigKeys (ConfUtils.java:logGet(43)) - raft.server.log.write.buffer.size = 33554432 (custom)
2019-11-18 04:18:19,704 [pool-27-thread-1] INFO  server.RaftServerConfigKeys (ConfUtils.java:logGet(43)) - raft.server.log.force.sync.num = 128 (default)
2019-11-18 04:18:19,705 [pool-37-thread-1] INFO  server.RaftServerConfigKeys (ConfUtils.java:logGet(43)) - raft.server.log.force.sync.num = 128 (default)
2019-11-18 04:18:19,705 [pool-27-thread-1] INFO  server.RaftServerConfigKeys (ConfUtils.java:logGet(43)) - raft.server.log.statemachine.data.sync = true (default)
2019-11-18 04:18:19,705 [pool-37-thread-1] INFO  server.RaftServerConfigKeys (ConfUtils.java:logGet(43)) - raft.server.log.statemachine.data.sync = true (default)
2019-11-18 04:18:19,705 [pool-27-thread-1] INFO  server.RaftServerConfigKeys (ConfUtils.java:logGet(43)) - raft.server.log.statemachine.data.sync.timeout = 10s (default)
2019-11-18 04:18:19,705 [pool-37-thread-1] INFO  server.RaftServerConfigKeys (ConfUtils.java:logGet(43)) - raft.server.log.statemachine.data.sync.timeout = 10s (default)
2019-11-18 04:18:19,705 [pool-27-thread-1] INFO  server.RaftServerConfigKeys (ConfUtils.java:logGet(43)) - raft.server.log.statemachine.data.sync.timeout.retry = -1 (default)
2019-11-18 04:18:19,705 [pool-37-thread-1] INFO  server.RaftServerConfigKeys (ConfUtils.java:logGet(43)) - raft.server.log.statemachine.data.sync.timeout.retry = -1 (default)
2019-11-18 04:18:19,705 [pool-27-thread-1] INFO  server.RaftServerConfigKeys (ConfUtils.java:logGet(43)) - raft.server.log.statemachine.data.caching.enabled = true (custom)
2019-11-18 04:18:19,705 [pool-37-thread-1] INFO  server.RaftServerConfigKeys (ConfUtils.java:logGet(43)) - raft.server.log.statemachine.data.caching.enabled = true (custom)
2019-11-18 04:18:19,706 [pool-27-thread-1] INFO  segmented.SegmentedRaftLogWorker (SegmentedRaftLogWorker.java:lambda$new$0(128)) - 1e101064-e299-4e7e-9f72-2796fed812c3@group-12214B295946-SegmentedRaftLogWorker: flushIndex: setUnconditionally 0 -> -1
2019-11-18 04:18:19,706 [pool-37-thread-1] INFO  segmented.SegmentedRaftLogWorker (SegmentedRaftLogWorker.java:lambda$new$0(128)) - 72d53896-253c-4514-8a06-df6220db9551@group-12214B295946-SegmentedRaftLogWorker: flushIndex: setUnconditionally 0 -> -1
2019-11-18 04:18:19,706 [pool-27-thread-1] INFO  server.RaftServerConfigKeys (ConfUtils.java:logGet(43)) - raft.server.snapshot.auto.trigger.enabled = true (custom)
2019-11-18 04:18:19,706 [pool-37-thread-1] INFO  server.RaftServerConfigKeys (ConfUtils.java:logGet(43)) - raft.server.snapshot.auto.trigger.enabled = true (custom)
2019-11-18 04:18:19,706 [pool-27-thread-1] INFO  server.RaftServerConfigKeys (ConfUtils.java:logGet(43)) - raft.server.snapshot.auto.trigger.threshold = 10000 (custom)
2019-11-18 04:18:19,706 [pool-37-thread-1] INFO  server.RaftServerConfigKeys (ConfUtils.java:logGet(43)) - raft.server.snapshot.auto.trigger.threshold = 10000 (custom)
2019-11-18 04:18:19,706 [pool-27-thread-1] INFO  server.RaftServerConfigKeys (ConfUtils.java:logGet(43)) - raft.server.snapshot.retention.file.num = 5 (custom)
2019-11-18 04:18:19,706 [pool-37-thread-1] INFO  server.RaftServerConfigKeys (ConfUtils.java:logGet(43)) - raft.server.snapshot.retention.file.num = 5 (custom)
2019-11-18 04:18:19,707 [pool-27-thread-1] INFO  server.RaftServerConfigKeys (ConfUtils.java:logGet(43)) - raft.server.retrycache.expirytime = 600000ms (custom)
2019-11-18 04:18:19,707 [pool-37-thread-1] INFO  server.RaftServerConfigKeys (ConfUtils.java:logGet(43)) - raft.server.retrycache.expirytime = 600000ms (custom)
2019-11-18 04:18:19,707 [pool-27-thread-1] WARN  impl.MetricRegistriesImpl (MetricRegistriesImpl.java:lambda$create$1(61)) - First MetricRegistry has been created without registering reporters. You may need to call MetricRegistries.global().addReportRegistration(...) before.
2019-11-18 04:18:19,707 [pool-37-thread-1] WARN  impl.MetricRegistriesImpl (MetricRegistriesImpl.java:lambda$create$1(61)) - First MetricRegistry has been created without registering reporters. You may need to call MetricRegistries.global().addReportRegistration(...) before.
2019-11-18 04:18:19,707 [pool-27-thread-1] WARN  impl.MetricRegistriesImpl (MetricRegistriesImpl.java:lambda$create$1(61)) - First MetricRegistry has been created without registering reporters. You may need to call MetricRegistries.global().addReportRegistration(...) before.
2019-11-18 04:18:19,708 [pool-37-thread-1] WARN  impl.MetricRegistriesImpl (MetricRegistriesImpl.java:lambda$create$1(61)) - First MetricRegistry has been created without registering reporters. You may need to call MetricRegistries.global().addReportRegistration(...) before.
2019-11-18 04:18:19,709 [pool-27-thread-1] INFO  impl.RaftServerImpl (RaftServerImpl.java:start(184)) - 1e101064-e299-4e7e-9f72-2796fed812c3@group-12214B295946: start as a follower, conf=-1: [72d53896-253c-4514-8a06-df6220db9551:192.168.34.17:35842, 018e5809-2a36-45c6-9c3c-b7cafa943f1d:192.168.34.17:39017, 1e101064-e299-4e7e-9f72-2796fed812c3:192.168.34.17:45105], old=null
2019-11-18 04:18:19,709 [pool-37-thread-1] INFO  impl.RaftServerImpl (RaftServerImpl.java:start(184)) - 72d53896-253c-4514-8a06-df6220db9551@group-12214B295946: start as a follower, conf=-1: [72d53896-253c-4514-8a06-df6220db9551:192.168.34.17:35842, 018e5809-2a36-45c6-9c3c-b7cafa943f1d:192.168.34.17:39017, 1e101064-e299-4e7e-9f72-2796fed812c3:192.168.34.17:45105], old=null
2019-11-18 04:18:19,709 [pool-27-thread-1] INFO  impl.RaftServerImpl (RaftServerImpl.java:setRole(173)) - 1e101064-e299-4e7e-9f72-2796fed812c3@group-12214B295946: changes role from      null to FOLLOWER at term 0 for startAsFollower
2019-11-18 04:18:19,709 [pool-37-thread-1] INFO  impl.RaftServerImpl (RaftServerImpl.java:setRole(173)) - 72d53896-253c-4514-8a06-df6220db9551@group-12214B295946: changes role from      null to FOLLOWER at term 0 for startAsFollower
2019-11-18 04:18:19,709 [pool-27-thread-1] INFO  impl.RoleInfo (RoleInfo.java:updateAndGet(143)) - 1e101064-e299-4e7e-9f72-2796fed812c3: start FollowerState
2019-11-18 04:18:19,709 [pool-37-thread-1] INFO  impl.RoleInfo (RoleInfo.java:updateAndGet(143)) - 72d53896-253c-4514-8a06-df6220db9551: start FollowerState
2019-11-18 04:18:19,709 [pool-27-thread-1] INFO  util.JmxRegister (JmxRegister.java:tryRegister(44)) - Successfully registered JMX Bean with object name Ratis:service=RaftServer,group=group-12214B295946,id=1e101064-e299-4e7e-9f72-2796fed812c3
2019-11-18 04:18:19,709 [pool-37-thread-1] INFO  util.JmxRegister (JmxRegister.java:tryRegister(44)) - Successfully registered JMX Bean with object name Ratis:service=RaftServer,group=group-12214B295946,id=72d53896-253c-4514-8a06-df6220db9551
2019-11-18 04:18:19,710 [pool-27-thread-1] WARN  impl.MetricRegistriesImpl (MetricRegistriesImpl.java:lambda$create$1(61)) - First MetricRegistry has been created without registering reporters. You may need to call MetricRegistries.global().addReportRegistration(...) before.
2019-11-18 04:18:19,710 [pool-37-thread-1] WARN  impl.MetricRegistriesImpl (MetricRegistriesImpl.java:lambda$create$1(61)) - First MetricRegistry has been created without registering reporters. You may need to call MetricRegistries.global().addReportRegistration(...) before.
2019-11-18 04:18:19,710 [Command processor thread] INFO  commandhandler.CreatePipelineCommandHandler (CreatePipelineCommandHandler.java:handle(86)) - Create Pipeline RATIS THREE #id: "669cb751-1ee3-491e-b84e-12214b295946"
 command succeed on datanode 72d53896-253c-4514-8a06-df6220db9551.
2019-11-18 04:18:19,710 [Command processor thread] INFO  commandhandler.CreatePipelineCommandHandler (CreatePipelineCommandHandler.java:handle(86)) - Create Pipeline RATIS THREE #id: "669cb751-1ee3-491e-b84e-12214b295946"
 command succeed on datanode 1e101064-e299-4e7e-9f72-2796fed812c3.
2019-11-18 04:18:19,712 [EventQueue-PipelineReportForPipelineReportHandler] INFO  pipeline.PipelineReportHandler (PipelineReportHandler.java:processPipelineReport(113)) - Pipeline THREE PipelineID=669cb751-1ee3-491e-b84e-12214b295946 reported by 72d53896-253c-4514-8a06-df6220db9551{ip: 192.168.34.17, host: pr-hdds-2386-7c5wx-3982037300, networkLocation: /default-rack, certSerialId: null}
2019-11-18 04:18:19,712 [EventQueue-PipelineReportForPipelineReportHandler] INFO  pipeline.PipelineReportHandler (PipelineReportHandler.java:processPipelineReport(113)) - Pipeline THREE PipelineID=669cb751-1ee3-491e-b84e-12214b295946 reported by 1e101064-e299-4e7e-9f72-2796fed812c3{ip: 192.168.34.17, host: pr-hdds-2386-7c5wx-3982037300, networkLocation: /default-rack, certSerialId: null}
2019-11-18 04:18:20,489 [Command processor thread] INFO  impl.RaftServerProxy (RaftServerProxy.java:remove(95)) - 018e5809-2a36-45c6-9c3c-b7cafa943f1d: remove    LEADER 018e5809-2a36-45c6-9c3c-b7cafa943f1d@group-53ECC1773F72:t2, leader=018e5809-2a36-45c6-9c3c-b7cafa943f1d, voted=018e5809-2a36-45c6-9c3c-b7cafa943f1d, raftlog=018e5809-2a36-45c6-9c3c-b7cafa943f1d@group-53ECC1773F72-SegmentedRaftLog:OPENED:c78,f78,i78, conf=0: [72d53896-253c-4514-8a06-df6220db9551:192.168.34.17:35842, 018e5809-2a36-45c6-9c3c-b7cafa943f1d:192.168.34.17:39017, 1e101064-e299-4e7e-9f72-2796fed812c3:192.168.34.17:45105], old=null RUNNING
2019-11-18 04:18:20,490 [Command processor thread] INFO  impl.RaftServerImpl (RaftServerImpl.java:lambda$shutdown$3(250)) - 018e5809-2a36-45c6-9c3c-b7cafa943f1d@group-53ECC1773F72: shutdown
2019-11-18 04:18:20,491 [Command processor thread] INFO  util.JmxRegister (JmxRegister.java:unregister(73)) - Successfully un-registered JMX Bean with object name Ratis:service=RaftServer,group=group-53ECC1773F72,id=018e5809-2a36-45c6-9c3c-b7cafa943f1d
2019-11-18 04:18:20,491 [Command processor thread] INFO  impl.RoleInfo (RoleInfo.java:shutdownLeaderState(104)) - 018e5809-2a36-45c6-9c3c-b7cafa943f1d: shutdown LeaderState
2019-11-18 04:18:20,494 [Command processor thread] INFO  impl.PendingRequests (PendingRequests.java:sendNotLeaderResponses(206)) - 018e5809-2a36-45c6-9c3c-b7cafa943f1d@group-53ECC1773F72-PendingRequests: sendNotLeaderResponses
2019-11-18 04:18:20,494 [org.apache.ratis.server.impl.LogAppender$AppenderDaemon$$Lambda$495/544103558@2a275f6d] WARN  server.GrpcLogAppender (GrpcLogAppender.java:mayWait(151)) - 018e5809-2a36-45c6-9c3c-b7cafa943f1d@group-53ECC1773F72->72d53896-253c-4514-8a06-df6220db9551-GrpcLogAppender: Wait interrupted by java.lang.InterruptedException
2019-11-18 04:18:20,494 [org.apache.ratis.server.impl.LogAppender$AppenderDaemon$$Lambda$495/544103558@6d6c2d05] WARN  server.GrpcLogAppender (GrpcLogAppender.java:mayWait(151)) - 018e5809-2a36-45c6-9c3c-b7cafa943f1d@group-53ECC1773F72->1e101064-e299-4e7e-9f72-2796fed812c3-GrpcLogAppender: Wait interrupted by java.lang.InterruptedException
2019-11-18 04:18:20,499 [grpc-default-executor-2] INFO  server.GrpcServerProtocolService (GrpcServerProtocolService.java:onCompleted(113)) - 1e101064-e299-4e7e-9f72-2796fed812c3: Completed APPEND_ENTRIES, lastRequest: 018e5809-2a36-45c6-9c3c-b7cafa943f1d->1e101064-e299-4e7e-9f72-2796fed812c3#82-t2, previous=(t:2, i:78), leaderCommit=78, initializing? false, entries: <empty>
2019-11-18 04:18:20,499 [grpc-default-executor-1] INFO  server.GrpcServerProtocolService (GrpcServerProtocolService.java:onCompleted(113)) - 72d53896-253c-4514-8a06-df6220db9551: Completed APPEND_ENTRIES, lastRequest: 018e5809-2a36-45c6-9c3c-b7cafa943f1d->72d53896-253c-4514-8a06-df6220db9551#82-t2, previous=(t:2, i:78), leaderCommit=78, initializing? false, entries: <empty>
2019-11-18 04:18:20,500 [Command processor thread] INFO  impl.StateMachineUpdater (StateMachineUpdater.java:stopAndJoin(136)) - 018e5809-2a36-45c6-9c3c-b7cafa943f1d@group-53ECC1773F72-StateMachineUpdater: set stopIndex = 78
2019-11-18 04:18:20,500 [018e5809-2a36-45c6-9c3c-b7cafa943f1d@group-53ECC1773F72-StateMachineUpdater] INFO  ratis.ContainerStateMachine (ContainerStateMachine.java:takeSnapshot(285)) - group-53ECC1773F72: Taking a snapshot at:(t:2, i:76) file /workdir/hadoop-ozone/tools/target/test-dir/MiniOzoneClusterImpl-10ba103f-7f8f-46e5-af3f-5a00a91438a1/datanode-2/data/ratis/c32c7b96-e510-4f70-8910-53ecc1773f72/sm/snapshot.2_76
2019-11-18 04:18:20,506 [grpc-default-executor-1] INFO  server.GrpcLogAppender (GrpcLogAppender.java:onCompleted(308)) - 018e5809-2a36-45c6-9c3c-b7cafa943f1d@group-53ECC1773F72->1e101064-e299-4e7e-9f72-2796fed812c3-AppendLogResponseHandler: follower responses appendEntries COMPLETED
2019-11-18 04:18:20,506 [grpc-default-executor-2] INFO  server.GrpcLogAppender (GrpcLogAppender.java:onCompleted(308)) - 018e5809-2a36-45c6-9c3c-b7cafa943f1d@group-53ECC1773F72->72d53896-253c-4514-8a06-df6220db9551-AppendLogResponseHandler: follower responses appendEntries COMPLETED
2019-11-18 04:18:20,512 [grpc-default-executor-1] INFO  impl.FollowerInfo (FollowerInfo.java:lambda$new$0(51)) - 018e5809-2a36-45c6-9c3c-b7cafa943f1d@group-53ECC1773F72->1e101064-e299-4e7e-9f72-2796fed812c3: nextIndex: updateUnconditionally 79 -> 78
2019-11-18 04:18:20,512 [grpc-default-executor-2] INFO  impl.FollowerInfo (FollowerInfo.java:lambda$new$0(51)) - 018e5809-2a36-45c6-9c3c-b7cafa943f1d@group-53ECC1773F72->72d53896-253c-4514-8a06-df6220db9551: nextIndex: updateUnconditionally 79 -> 78
2019-11-18 04:18:20,519 [018e5809-2a36-45c6-9c3c-b7cafa943f1d@group-53ECC1773F72-StateMachineUpdater] INFO  ratis.ContainerStateMachine (ContainerStateMachine.java:takeSnapshot(296)) - group-53ECC1773F72: Finished taking a snapshot at:(t:2, i:76) file:/workdir/hadoop-ozone/tools/target/test-dir/MiniOzoneClusterImpl-10ba103f-7f8f-46e5-af3f-5a00a91438a1/datanode-2/data/ratis/c32c7b96-e510-4f70-8910-53ecc1773f72/sm/snapshot.2_76 time:19
2019-11-18 04:18:20,519 [018e5809-2a36-45c6-9c3c-b7cafa943f1d@group-53ECC1773F72-StateMachineUpdater] INFO  impl.StateMachineUpdater (StateMachineUpdater.java:takeSnapshot(269)) - 018e5809-2a36-45c6-9c3c-b7cafa943f1d@group-53ECC1773F72-StateMachineUpdater: Took a snapshot at index 76
2019-11-18 04:18:20,519 [018e5809-2a36-45c6-9c3c-b7cafa943f1d@group-53ECC1773F72-StateMachineUpdater] INFO  impl.StateMachineUpdater (StateMachineUpdater.java:lambda$new$0(84)) - 018e5809-2a36-45c6-9c3c-b7cafa943f1d@group-53ECC1773F72-StateMachineUpdater: snapshotIndex: updateIncreasingly -1 -> 76
2019-11-18 04:18:20,520 [018e5809-2a36-45c6-9c3c-b7cafa943f1d@group-53ECC1773F72-StateMachineUpdater] INFO  ratis.ContainerStateMachine (ContainerStateMachine.java:takeSnapshot(285)) - group-53ECC1773F72: Taking a snapshot at:(t:2, i:76) file /workdir/hadoop-ozone/tools/target/test-dir/MiniOzoneClusterImpl-10ba103f-7f8f-46e5-af3f-5a00a91438a1/datanode-2/data/ratis/c32c7b96-e510-4f70-8910-53ecc1773f72/sm/snapshot.2_76
2019-11-18 04:18:20,532 [018e5809-2a36-45c6-9c3c-b7cafa943f1d@group-53ECC1773F72-StateMachineUpdater] INFO  ratis.ContainerStateMachine (ContainerStateMachine.java:takeSnapshot(296)) - group-53ECC1773F72: Finished taking a snapshot at:(t:2, i:76) file:/workdir/hadoop-ozone/tools/target/test-dir/MiniOzoneClusterImpl-10ba103f-7f8f-46e5-af3f-5a00a91438a1/datanode-2/data/ratis/c32c7b96-e510-4f70-8910-53ecc1773f72/sm/snapshot.2_76 time:12
2019-11-18 04:18:20,532 [018e5809-2a36-45c6-9c3c-b7cafa943f1d@group-53ECC1773F72-StateMachineUpdater] INFO  impl.StateMachineUpdater (StateMachineUpdater.java:takeSnapshot(269)) - 018e5809-2a36-45c6-9c3c-b7cafa943f1d@group-53ECC1773F72-StateMachineUpdater: Took a snapshot at index 76
2019-11-18 04:18:20,532 [018e5809-2a36-45c6-9c3c-b7cafa943f1d@group-53ECC1773F72-StateMachineUpdater] INFO  impl.StateMachineUpdater (StateMachineUpdater.java:lambda$new$0(84)) - 018e5809-2a36-45c6-9c3c-b7cafa943f1d@group-53ECC1773F72-StateMachineUpdater: snapshotIndex: updateIncreasingly 76 -> 76
2019-11-18 04:18:20,533 [Command processor thread] INFO  impl.RaftServerImpl (ServerState.java:close(387)) - 018e5809-2a36-45c6-9c3c-b7cafa943f1d@group-53ECC1773F72: closes. applyIndex: 78
2019-11-18 04:18:20,533 [018e5809-2a36-45c6-9c3c-b7cafa943f1d@group-53ECC1773F72-SegmentedRaftLogWorker] INFO  segmented.SegmentedRaftLogWorker (SegmentedRaftLogWorker.java:run(316)) - 018e5809-2a36-45c6-9c3c-b7cafa943f1d@group-53ECC1773F72-SegmentedRaftLogWorker was interrupted, exiting. There are 0 tasks remaining in the queue.
2019-11-18 04:18:20,535 [Command processor thread] INFO  segmented.SegmentedRaftLogWorker (SegmentedRaftLogWorker.java:close(224)) - 018e5809-2a36-45c6-9c3c-b7cafa943f1d@group-53ECC1773F72-SegmentedRaftLogWorker close()
2019-11-18 04:18:20,566 [Command processor thread] INFO  interfaces.Container (KeyValueContainer.java:flushAndSyncDB(400)) - Container 1 is synced with bcsId 60.
2019-11-18 04:18:20,566 [Command processor thread] INFO  interfaces.Container (KeyValueContainer.java:flushAndSyncDB(400)) - Container 1 is synced with bcsId 60.
 0.00% |?                                                                                                    |  0/1 Time: 0:00:022019-11-18 04:18:20,598 [Command processor thread] INFO  interfaces.Container (KeyValueContainer.java:flushAndSyncDB(400)) - Container 2 is synced with bcsId 76.
2019-11-18 04:18:20,598 [Command processor thread] INFO  interfaces.Container (KeyValueContainer.java:flushAndSyncDB(400)) - Container 2 is synced with bcsId 76.
2019-11-18 04:18:20,633 [Command processor thread] INFO  interfaces.Container (KeyValueContainer.java:flushAndSyncDB(400)) - Container 3 is synced with bcsId 42.
2019-11-18 04:18:20,633 [Command processor thread] INFO  interfaces.Container (KeyValueContainer.java:flushAndSyncDB(400)) - Container 3 is synced with bcsId 42.
2019-11-18 04:18:20,647 [Command processor thread] INFO  commandhandler.ClosePipelineCommandHandler (ClosePipelineCommandHandler.java:handle(78)) - Close Pipeline #id: "c32c7b96-e510-4f70-8910-53ecc1773f72"
 command on datanode #018e5809-2a36-45c6-9c3c-b7cafa943f1d.
2019-11-18 04:18:20,648 [Command processor thread] INFO  impl.RaftServerProxy (RaftServerProxy.java:addNew(89)) - 018e5809-2a36-45c6-9c3c-b7cafa943f1d: addNew group-12214B295946:[72d53896-253c-4514-8a06-df6220db9551:192.168.34.17:35842, 018e5809-2a36-45c6-9c3c-b7cafa943f1d:192.168.34.17:39017, 1e101064-e299-4e7e-9f72-2796fed812c3:192.168.34.17:45105] returns group-12214B295946:java.util.concurrent.CompletableFuture@1ee29407[Not completed]
2019-11-18 04:18:20,651 [pool-47-thread-1] INFO  impl.RaftServerImpl (RaftServerImpl.java:<init>(98)) - 018e5809-2a36-45c6-9c3c-b7cafa943f1d: new RaftServerImpl for group-12214B295946:[72d53896-253c-4514-8a06-df6220db9551:192.168.34.17:35842, 018e5809-2a36-45c6-9c3c-b7cafa943f1d:192.168.34.17:39017, 1e101064-e299-4e7e-9f72-2796fed812c3:192.168.34.17:45105] with ContainerStateMachine:uninitialized
2019-11-18 04:18:20,652 [pool-47-thread-1] INFO  server.RaftServerConfigKeys (ConfUtils.java:logGet(43)) - raft.server.rpc.timeout.min = 5s (custom)
2019-11-18 04:18:20,652 [pool-47-thread-1] INFO  server.RaftServerConfigKeys (ConfUtils.java:logGet(43)) - raft.server.rpc.timeout.max = 5200ms (custom)
2019-11-18 04:18:20,652 [pool-47-thread-1] INFO  server.RaftServerConfigKeys (ConfUtils.java:logGet(43)) - raft.server.rpcslowness.timeout = 120s (custom)
2019-11-18 04:18:20,652 [pool-47-thread-1] INFO  server.RaftServerConfigKeys (ConfUtils.java:logGet(43)) - raft.server.sleep.deviation.threshold = 300 (default)
2019-11-18 04:18:20,652 [pool-47-thread-1] INFO  server.RaftServerConfigKeys (ConfUtils.java:logGet(43)) - raft.server.log.appender.install.snapshot.enabled = false (custom)
2019-11-18 04:18:20,653 [pool-47-thread-1] INFO  impl.RaftServerImpl (ServerState.java:<init>(103)) - 018e5809-2a36-45c6-9c3c-b7cafa943f1d@group-12214B295946: ConfigurationManager, init=-1: [72d53896-253c-4514-8a06-df6220db9551:192.168.34.17:35842, 018e5809-2a36-45c6-9c3c-b7cafa943f1d:192.168.34.17:39017, 1e101064-e299-4e7e-9f72-2796fed812c3:192.168.34.17:45105], old=null, confs=<EMPTY_MAP>
2019-11-18 04:18:20,653 [pool-47-thread-1] INFO  server.RaftServerConfigKeys (ConfUtils.java:logGet(43)) - raft.server.storage.dir = [/workdir/hadoop-ozone/tools/target/test-dir/MiniOzoneClusterImpl-10ba103f-7f8f-46e5-af3f-5a00a91438a1/datanode-2/data/ratis] (custom)
2019-11-18 04:18:20,653 [pool-47-thread-1] INFO  server.RaftServerConfigKeys (ConfUtils.java:logGet(43)) - raft.server.log.corruption.policy = EXCEPTION (default)
2019-11-18 04:18:20,653 [pool-47-thread-1] INFO  storage.RaftStorageDirectory (RaftStorageDirectory.java:analyzeStorage(246)) - The storage directory /workdir/hadoop-ozone/tools/target/test-dir/MiniOzoneClusterImpl-10ba103f-7f8f-46e5-af3f-5a00a91438a1/datanode-2/data/ratis/669cb751-1ee3-491e-b84e-12214b295946 does not exist. Creating ...
2019-11-18 04:18:20,667 [pool-47-thread-1] INFO  storage.RaftStorageDirectory (RaftStorageDirectory.java:tryLock(328)) - Lock on /workdir/hadoop-ozone/tools/target/test-dir/MiniOzoneClusterImpl-10ba103f-7f8f-46e5-af3f-5a00a91438a1/datanode-2/data/ratis/669cb751-1ee3-491e-b84e-12214b295946/in_use.lock acquired by nodename 24466@pr-hdds-2386-7c5wx-3982037300
2019-11-18 04:18:20,680 [pool-47-thread-1] INFO  storage.RaftStorage (RaftStorage.java:format(84)) - Storage directory /workdir/hadoop-ozone/tools/target/test-dir/MiniOzoneClusterImpl-10ba103f-7f8f-46e5-af3f-5a00a91438a1/datanode-2/data/ratis/669cb751-1ee3-491e-b84e-12214b295946 has been successfully formatted.
2019-11-18 04:18:20,680 [pool-47-thread-1] INFO  ratis.ContainerStateMachine (ContainerStateMachine.java:loadSnapshot(223)) - group-12214B295946: The snapshot info is null. Setting the last applied indexto:(t:0, i:~)
2019-11-18 04:18:20,680 [pool-47-thread-1] INFO  server.RaftServerConfigKeys (ConfUtils.java:logGet(43)) - raft.server.notification.no-leader.timeout = 120s (custom)
2019-11-18 04:18:20,680 [pool-47-thread-1] INFO  server.RaftServerConfigKeys (ConfUtils.java:logGet(43)) - raft.server.log.use.memory = false (default)
2019-11-18 04:18:20,681 [pool-47-thread-1] INFO  server.RaftServerConfigKeys (ConfUtils.java:logGet(43)) - raft.server.log.purge.gap = 1000000 (custom)
2019-11-18 04:18:20,681 [pool-47-thread-1] INFO  server.RaftServerConfigKeys (ConfUtils.java:logGet(43)) - raft.server.log.appender.buffer.byte-limit = 33554432 (custom)
2019-11-18 04:18:20,681 [pool-47-thread-1] INFO  server.RaftServerConfigKeys (ConfUtils.java:logGet(43)) - raft.server.log.segment.size.max = 1048576 (custom)
2019-11-18 04:18:20,681 [pool-47-thread-1] INFO  server.RaftServerConfigKeys (ConfUtils.java:logGet(43)) - raft.server.log.segment.cache.num.max = 2 (custom)
2019-11-18 04:18:20,681 [pool-47-thread-1] INFO  segmented.SegmentedRaftLogWorker (SegmentedRaftLogWorker.java:<init>(173)) - new 018e5809-2a36-45c6-9c3c-b7cafa943f1d@group-12214B295946-SegmentedRaftLogWorker for RaftStorage:Storage Directory /workdir/hadoop-ozone/tools/target/test-dir/MiniOzoneClusterImpl-10ba103f-7f8f-46e5-af3f-5a00a91438a1/datanode-2/data/ratis/669cb751-1ee3-491e-b84e-12214b295946
2019-11-18 04:18:20,682 [pool-47-thread-1] INFO  server.RaftServerConfigKeys (ConfUtils.java:logGet(43)) - raft.server.log.queue.byte-limit = 2147483647 (custom)
2019-11-18 04:18:20,682 [pool-47-thread-1] INFO  server.RaftServerConfigKeys (ConfUtils.java:logGet(43)) - raft.server.log.queue.element-limit = 1024 (custom)
2019-11-18 04:18:20,682 [pool-47-thread-1] INFO  server.RaftServerConfigKeys (ConfUtils.java:logGet(43)) - raft.server.log.segment.size.max = 1048576 (custom)
2019-11-18 04:18:20,682 [pool-47-thread-1] INFO  server.RaftServerConfigKeys (ConfUtils.java:logGet(43)) - raft.server.log.preallocated.size = 16384 (custom)
2019-11-18 04:18:20,682 [pool-47-thread-1] INFO  server.RaftServerConfigKeys (ConfUtils.java:logGet(43)) - raft.server.log.write.buffer.size = 33554432 (custom)
2019-11-18 04:18:20,682 [pool-47-thread-1] INFO  server.RaftServerConfigKeys (ConfUtils.java:logGet(43)) - raft.server.log.force.sync.num = 128 (default)
2019-11-18 04:18:20,682 [pool-47-thread-1] INFO  server.RaftServerConfigKeys (ConfUtils.java:logGet(43)) - raft.server.log.statemachine.data.sync = true (default)
2019-11-18 04:18:20,683 [pool-47-thread-1] INFO  server.RaftServerConfigKeys (ConfUtils.java:logGet(43)) - raft.server.log.statemachine.data.sync.timeout = 10s (default)
2019-11-18 04:18:20,683 [pool-47-thread-1] INFO  server.RaftServerConfigKeys (ConfUtils.java:logGet(43)) - raft.server.log.statemachine.data.sync.timeout.retry = -1 (default)
2019-11-18 04:18:20,683 [pool-47-thread-1] INFO  server.RaftServerConfigKeys (ConfUtils.java:logGet(43)) - raft.server.log.statemachine.data.caching.enabled = true (custom)
2019-11-18 04:18:20,683 [pool-47-thread-1] INFO  segmented.SegmentedRaftLogWorker (SegmentedRaftLogWorker.java:lambda$new$0(128)) - 018e5809-2a36-45c6-9c3c-b7cafa943f1d@group-12214B295946-SegmentedRaftLogWorker: flushIndex: setUnconditionally 0 -> -1
2019-11-18 04:18:20,684 [pool-47-thread-1] INFO  server.RaftServerConfigKeys (ConfUtils.java:logGet(43)) - raft.server.snapshot.auto.trigger.enabled = true (custom)
2019-11-18 04:18:20,684 [pool-47-thread-1] INFO  server.RaftServerConfigKeys (ConfUtils.java:logGet(43)) - raft.server.snapshot.auto.trigger.threshold = 10000 (custom)
2019-11-18 04:18:20,684 [pool-47-thread-1] INFO  server.RaftServerConfigKeys (ConfUtils.java:logGet(43)) - raft.server.snapshot.retention.file.num = 5 (custom)
2019-11-18 04:18:20,684 [pool-47-thread-1] INFO  server.RaftServerConfigKeys (ConfUtils.java:logGet(43)) - raft.server.retrycache.expirytime = 600000ms (custom)
2019-11-18 04:18:20,684 [pool-47-thread-1] WARN  impl.MetricRegistriesImpl (MetricRegistriesImpl.java:lambda$create$1(61)) - First MetricRegistry has been created without registering reporters. You may need to call MetricRegistries.global().addReportRegistration(...) before.
2019-11-18 04:18:20,685 [pool-47-thread-1] WARN  impl.MetricRegistriesImpl (MetricRegistriesImpl.java:lambda$create$1(61)) - First MetricRegistry has been created without registering reporters. You may need to call MetricRegistries.global().addReportRegistration(...) before.
2019-11-18 04:18:20,685 [pool-47-thread-1] INFO  impl.RaftServerImpl (RaftServerImpl.java:start(184)) - 018e5809-2a36-45c6-9c3c-b7cafa943f1d@group-12214B295946: start as a follower, conf=-1: [72d53896-253c-4514-8a06-df6220db9551:192.168.34.17:35842, 018e5809-2a36-45c6-9c3c-b7cafa943f1d:192.168.34.17:39017, 1e101064-e299-4e7e-9f72-2796fed812c3:192.168.34.17:45105], old=null
2019-11-18 04:18:20,685 [pool-47-thread-1] INFO  impl.RaftServerImpl (RaftServerImpl.java:setRole(173)) - 018e5809-2a36-45c6-9c3c-b7cafa943f1d@group-12214B295946: changes role from      null to FOLLOWER at term 0 for startAsFollower
2019-11-18 04:18:20,685 [pool-47-thread-1] INFO  impl.RoleInfo (RoleInfo.java:updateAndGet(143)) - 018e5809-2a36-45c6-9c3c-b7cafa943f1d: start FollowerState
2019-11-18 04:18:20,686 [pool-47-thread-1] INFO  util.JmxRegister (JmxRegister.java:tryRegister(44)) - Successfully registered JMX Bean with object name Ratis:service=RaftServer,group=group-12214B295946,id=018e5809-2a36-45c6-9c3c-b7cafa943f1d
2019-11-18 04:18:20,686 [pool-47-thread-1] WARN  impl.MetricRegistriesImpl (MetricRegistriesImpl.java:lambda$create$1(61)) - First MetricRegistry has been created without registering reporters. You may need to call MetricRegistries.global().addReportRegistration(...) before.
2019-11-18 04:18:20,687 [Command processor thread] INFO  commandhandler.CreatePipelineCommandHandler (CreatePipelineCommandHandler.java:handle(86)) - Create Pipeline RATIS THREE #id: "669cb751-1ee3-491e-b84e-12214b295946"
 command succeed on datanode 018e5809-2a36-45c6-9c3c-b7cafa943f1d.
2019-11-18 04:18:20,688 [EventQueue-PipelineReportForPipelineReportHandler] INFO  pipeline.PipelineReportHandler (PipelineReportHandler.java:processPipelineReport(113)) - Pipeline THREE PipelineID=669cb751-1ee3-491e-b84e-12214b295946 reported by 018e5809-2a36-45c6-9c3c-b7cafa943f1d{ip: 192.168.34.17, host: pr-hdds-2386-7c5wx-3982037300, networkLocation: /default-rack, certSerialId: null}
 0.00% |?                                                                                                    |  0/1 Time: 0:00:03 0.00% |?                                                                                                    |  0/1 Time: 0:00:04 100.00% |?????????????????????????????????????????????????????????????????????????????????????????????????????|  1/1 Time: 0:00:05
2019-11-18 04:18:24,863 [Thread-472] INFO  impl.FollowerState (FollowerState.java:run(111)) - 72d53896-253c-4514-8a06-df6220db9551@group-12214B295946-FollowerState: change to CANDIDATE, lastRpcTime:5153ms, electionTimeout:5153ms
2019-11-18 04:18:24,863 [Thread-472] INFO  impl.RoleInfo (RoleInfo.java:shutdownFollowerState(121)) - 72d53896-253c-4514-8a06-df6220db9551: shutdown FollowerState
2019-11-18 04:18:24,863 [Thread-472] INFO  impl.RaftServerImpl (RaftServerImpl.java:setRole(173)) - 72d53896-253c-4514-8a06-df6220db9551@group-12214B295946: changes role from  FOLLOWER to CANDIDATE at term 0 for changeToCandidate
2019-11-18 04:18:24,863 [Thread-472] INFO  impl.RoleInfo (RoleInfo.java:updateAndGet(143)) - 72d53896-253c-4514-8a06-df6220db9551: start LeaderElection
2019-11-18 04:18:24,881 [72d53896-253c-4514-8a06-df6220db9551@group-12214B295946-LeaderElection9] INFO  impl.LeaderElection (LeaderElection.java:askForVotes(178)) - 72d53896-253c-4514-8a06-df6220db9551@group-12214B295946-LeaderElection9: begin an election at term 1 for -1: [72d53896-253c-4514-8a06-df6220db9551:192.168.34.17:35842, 018e5809-2a36-45c6-9c3c-b7cafa943f1d:192.168.34.17:39017, 1e101064-e299-4e7e-9f72-2796fed812c3:192.168.34.17:45105], old=null
2019-11-18 04:18:24,888 [grpc-default-executor-1] INFO  impl.RaftServerImpl (RaftServerImpl.java:setRole(173)) - 018e5809-2a36-45c6-9c3c-b7cafa943f1d@group-12214B295946: changes role from  FOLLOWER to FOLLOWER at term 1 for recognizeCandidate:72d53896-253c-4514-8a06-df6220db9551
2019-11-18 04:18:24,889 [grpc-default-executor-1] INFO  impl.RoleInfo (RoleInfo.java:shutdownFollowerState(121)) - 018e5809-2a36-45c6-9c3c-b7cafa943f1d: shutdown FollowerState
2019-11-18 04:18:24,889 [grpc-default-executor-2] INFO  impl.RaftServerImpl (RaftServerImpl.java:setRole(173)) - 1e101064-e299-4e7e-9f72-2796fed812c3@group-12214B295946: changes role from  FOLLOWER to FOLLOWER at term 1 for recognizeCandidate:72d53896-253c-4514-8a06-df6220db9551
2019-11-18 04:18:24,890 [Thread-475] INFO  impl.FollowerState (FollowerState.java:run(120)) - 018e5809-2a36-45c6-9c3c-b7cafa943f1d@group-12214B295946-FollowerState was interrupted: java.lang.InterruptedException: sleep interrupted
2019-11-18 04:18:24,890 [grpc-default-executor-1] INFO  impl.RoleInfo (RoleInfo.java:updateAndGet(143)) - 018e5809-2a36-45c6-9c3c-b7cafa943f1d: start FollowerState
2019-11-18 04:18:24,890 [grpc-default-executor-2] INFO  impl.RoleInfo (RoleInfo.java:shutdownFollowerState(121)) - 1e101064-e299-4e7e-9f72-2796fed812c3: shutdown FollowerState
2019-11-18 04:18:24,891 [Thread-471] INFO  impl.FollowerState (FollowerState.java:run(120)) - 1e101064-e299-4e7e-9f72-2796fed812c3@group-12214B295946-FollowerState was interrupted: java.lang.InterruptedException: sleep interrupted
2019-11-18 04:18:24,891 [grpc-default-executor-2] INFO  impl.RoleInfo (RoleInfo.java:updateAndGet(143)) - 1e101064-e299-4e7e-9f72-2796fed812c3: start FollowerState
2019-11-18 04:18:24,909 [72d53896-253c-4514-8a06-df6220db9551@group-12214B295946-LeaderElection9] INFO  impl.LeaderElection (LeaderElection.java:logAndReturn(56)) - 72d53896-253c-4514-8a06-df6220db9551@group-12214B295946-LeaderElection9: Election PASSED; received 1 response(s) [72d53896-253c-4514-8a06-df6220db9551<-018e5809-2a36-45c6-9c3c-b7cafa943f1d#0:OK-t1] and 0 exception(s); 72d53896-253c-4514-8a06-df6220db9551@group-12214B295946:t1, leader=null, voted=72d53896-253c-4514-8a06-df6220db9551, raftlog=72d53896-253c-4514-8a06-df6220db9551@group-12214B295946-SegmentedRaftLog:OPENED:c-1,f-1,i0, conf=-1: [72d53896-253c-4514-8a06-df6220db9551:192.168.34.17:35842, 018e5809-2a36-45c6-9c3c-b7cafa943f1d:192.168.34.17:39017, 1e101064-e299-4e7e-9f72-2796fed812c3:192.168.34.17:45105], old=null
2019-11-18 04:18:24,911 [72d53896-253c-4514-8a06-df6220db9551@group-12214B295946-LeaderElection9] INFO  impl.RoleInfo (RoleInfo.java:shutdownLeaderElection(134)) - 72d53896-253c-4514-8a06-df6220db9551: shutdown LeaderElection
2019-11-18 04:18:24,912 [72d53896-253c-4514-8a06-df6220db9551@group-12214B295946-LeaderElection9] INFO  impl.RaftServerImpl (RaftServerImpl.java:setRole(173)) - 72d53896-253c-4514-8a06-df6220db9551@group-12214B295946: changes role from CANDIDATE to LEADER at term 1 for changeToLeader
2019-11-18 04:18:24,912 [72d53896-253c-4514-8a06-df6220db9551@group-12214B295946-LeaderElection9] INFO  ratis.XceiverServerRatis (XceiverServerRatis.java:handleLeaderChangedNotification(733)) - Leader change notification received for group: group-12214B295946 with new leaderId: 72d53896-253c-4514-8a06-df6220db9551
2019-11-18 04:18:24,913 [72d53896-253c-4514-8a06-df6220db9551@group-12214B295946-LeaderElection9] INFO  impl.RaftServerImpl (ServerState.java:setLeader(255)) - 72d53896-253c-4514-8a06-df6220db9551@group-12214B295946: change Leader from null to 72d53896-253c-4514-8a06-df6220db9551 at term 1 for becomeLeader, leader elected after 5209ms
2019-11-18 04:18:24,913 [72d53896-253c-4514-8a06-df6220db9551@group-12214B295946-LeaderElection9] INFO  server.RaftServerConfigKeys (ConfUtils.java:logGet(43)) - raft.server.staging.catchup.gap = 1000 (default)
2019-11-18 04:18:24,915 [72d53896-253c-4514-8a06-df6220db9551@group-12214B295946-LeaderElection9] INFO  server.RaftServerConfigKeys (ConfUtils.java:logGet(43)) - raft.server.rpc.sleep.time = 25ms (default)
2019-11-18 04:18:24,916 [72d53896-253c-4514-8a06-df6220db9551@group-12214B295946-LeaderElection9] INFO  server.RaftServerConfigKeys (ConfUtils.java:logGet(43)) - raft.server.write.element-limit = 4096 (default)
2019-11-18 04:18:24,916 [72d53896-253c-4514-8a06-df6220db9551@group-12214B295946-LeaderElection9] INFO  server.RaftServerConfigKeys (ConfUtils.java:logGet(43)) - raft.server.watch.timeout = 10s (default)
2019-11-18 04:18:24,917 [72d53896-253c-4514-8a06-df6220db9551@group-12214B295946-LeaderElection9] INFO  server.RaftServerConfigKeys (ConfUtils.java:logGet(43)) - raft.server.watch.timeout.denomination = 1s (default)
2019-11-18 04:18:24,917 [72d53896-253c-4514-8a06-df6220db9551@group-12214B295946-LeaderElection9] INFO  server.RaftServerConfigKeys (ConfUtils.java:logGet(43)) - raft.server.watch.element-limit = 65536 (default)
2019-11-18 04:18:24,917 [EventQueue-PipelineReportForPipelineReportHandler] INFO  pipeline.PipelineReportHandler (PipelineReportHandler.java:processPipelineReport(113)) - Pipeline THREE PipelineID=669cb751-1ee3-491e-b84e-12214b295946 reported by 72d53896-253c-4514-8a06-df6220db9551{ip: 192.168.34.17, host: pr-hdds-2386-7c5wx-3982037300, networkLocation: /default-rack, certSerialId: null}
2019-11-18 04:18:24,918 [72d53896-253c-4514-8a06-df6220db9551@group-12214B295946-LeaderElection9] INFO  server.RaftServerConfigKeys (ConfUtils.java:logGet(43)) - raft.server.log.appender.snapshot.chunk.size.max = 16MB (=16777216) (default)
2019-11-18 04:18:24,918 [EventQueue-PipelineReportForPipelineReportHandler] INFO  pipeline.PipelineStateManager (PipelineStateManager.java:openPipeline(132)) - Pipeline Pipeline[ Id: 669cb751-1ee3-491e-b84e-12214b295946, Nodes: 72d53896-253c-4514-8a06-df6220db9551{ip: 192.168.34.17, host: pr-hdds-2386-7c5wx-3982037300, networkLocation: /default-rack, certSerialId: null}018e5809-2a36-45c6-9c3c-b7cafa943f1d{ip: 192.168.34.17, host: pr-hdds-2386-7c5wx-3982037300, networkLocation: /default-rack, certSerialId: null}1e101064-e299-4e7e-9f72-2796fed812c3{ip: 192.168.34.17, host: pr-hdds-2386-7c5wx-3982037300, networkLocation: /default-rack, certSerialId: null}, Type:RATIS, Factor:THREE, State:ALLOCATED] moved to OPEN state
2019-11-18 04:18:24,919 [72d53896-253c-4514-8a06-df6220db9551@group-12214B295946-LeaderElection9] INFO  server.RaftServerConfigKeys (ConfUtils.java:logGet(43)) - raft.server.log.appender.buffer.byte-limit = 33554432 (custom)
2019-11-18 04:18:24,919 [72d53896-253c-4514-8a06-df6220db9551@group-12214B295946-LeaderElection9] INFO  server.RaftServerConfigKeys (ConfUtils.java:logGet(43)) - raft.server.log.appender.buffer.element-limit = 1 (custom)
2019-11-18 04:18:24,919 [72d53896-253c-4514-8a06-df6220db9551@group-12214B295946-LeaderElection9] INFO  grpc.GrpcConfigKeys$Server (ConfUtils.java:logGet(43)) - raft.grpc.server.leader.outstanding.appends.max = 128 (default)
2019-11-18 04:18:24,920 [72d53896-253c-4514-8a06-df6220db9551@group-12214B295946-LeaderElection9] INFO  server.RaftServerConfigKeys (ConfUtils.java:logGet(43)) - raft.server.rpc.request.timeout = 3000ms (default)
2019-11-18 04:18:24,921 [72d53896-253c-4514-8a06-df6220db9551@group-12214B295946-LeaderElection9] INFO  server.RaftServerConfigKeys (ConfUtils.java:logGet(43)) - raft.server.log.appender.install.snapshot.enabled = false (custom)
2019-11-18 04:18:24,921 [72d53896-253c-4514-8a06-df6220db9551@group-12214B295946-LeaderElection9] WARN  impl.MetricRegistriesImpl (MetricRegistriesImpl.java:lambda$create$1(61)) - First MetricRegistry has been created without registering reporters. You may need to call MetricRegistries.global().addReportRegistration(...) before.
2019-11-18 04:18:24,921 [72d53896-253c-4514-8a06-df6220db9551@group-12214B295946-LeaderElection9] INFO  server.RaftServerConfigKeys (ConfUtils.java:logGet(43)) - raft.server.log.appender.snapshot.chunk.size.max = 16MB (=16777216) (default)
2019-11-18 04:18:24,922 [72d53896-253c-4514-8a06-df6220db9551@group-12214B295946-LeaderElection9] INFO  server.RaftServerConfigKeys (ConfUtils.java:logGet(43)) - raft.server.log.appender.buffer.byte-limit = 33554432 (custom)
2019-11-18 04:18:24,922 [72d53896-253c-4514-8a06-df6220db9551@group-12214B295946-LeaderElection9] INFO  server.RaftServerConfigKeys (ConfUtils.java:logGet(43)) - raft.server.log.appender.buffer.element-limit = 1 (custom)
2019-11-18 04:18:24,922 [72d53896-253c-4514-8a06-df6220db9551@group-12214B295946-LeaderElection9] INFO  grpc.GrpcConfigKeys$Server (ConfUtils.java:logGet(43)) - raft.grpc.server.leader.outstanding.appends.max = 128 (default)
2019-11-18 04:18:24,922 [72d53896-253c-4514-8a06-df6220db9551@group-12214B295946-LeaderElection9] INFO  server.RaftServerConfigKeys (ConfUtils.java:logGet(43)) - raft.server.rpc.request.timeout = 3000ms (default)
2019-11-18 04:18:24,923 [72d53896-253c-4514-8a06-df6220db9551@group-12214B295946-LeaderElection9] INFO  server.RaftServerConfigKeys (ConfUtils.java:logGet(43)) - raft.server.log.appender.install.snapshot.enabled = false (custom)
2019-11-18 04:18:24,923 [72d53896-253c-4514-8a06-df6220db9551@group-12214B295946-LeaderElection9] INFO  impl.RoleInfo (RoleInfo.java:updateAndGet(143)) - 72d53896-253c-4514-8a06-df6220db9551: start LeaderState
2019-11-18 04:18:24,924 [72d53896-253c-4514-8a06-df6220db9551@group-12214B295946-LeaderElection9] INFO  segmented.SegmentedRaftLogWorker (SegmentedRaftLogWorker.java:startLogSegment(385)) - 72d53896-253c-4514-8a06-df6220db9551@group-12214B295946-SegmentedRaftLogWorker: Starting segment from index:0
2019-11-18 04:18:24,925 [72d53896-253c-4514-8a06-df6220db9551@group-12214B295946-LeaderElection9] INFO  impl.RaftServerImpl (ServerState.java:setRaftConf(356)) - 72d53896-253c-4514-8a06-df6220db9551@group-12214B295946: set configuration 0: [72d53896-253c-4514-8a06-df6220db9551:192.168.34.17:35842, 018e5809-2a36-45c6-9c3c-b7cafa943f1d:192.168.34.17:39017, 1e101064-e299-4e7e-9f72-2796fed812c3:192.168.34.17:45105], old=null at 0
2019-11-18 04:18:24,966 [grpc-default-executor-1] INFO  ratis.XceiverServerRatis (XceiverServerRatis.java:handleLeaderChangedNotification(733)) - Leader change notification received for group: group-12214B295946 with new leaderId: 72d53896-253c-4514-8a06-df6220db9551
2019-11-18 04:18:24,967 [grpc-default-executor-2] INFO  ratis.XceiverServerRatis (XceiverServerRatis.java:handleLeaderChangedNotification(733)) - Leader change notification received for group: group-12214B295946 with new leaderId: 72d53896-253c-4514-8a06-df6220db9551
2019-11-18 04:18:24,967 [grpc-default-executor-1] INFO  impl.RaftServerImpl (ServerState.java:setLeader(255)) - 018e5809-2a36-45c6-9c3c-b7cafa943f1d@group-12214B295946: change Leader from null to 72d53896-253c-4514-8a06-df6220db9551 at term 1 for appendEntries, leader elected after 4285ms
2019-11-18 04:18:24,968 [grpc-default-executor-2] INFO  impl.RaftServerImpl (ServerState.java:setLeader(255)) - 1e101064-e299-4e7e-9f72-2796fed812c3@group-12214B295946: change Leader from null to 72d53896-253c-4514-8a06-df6220db9551 at term 1 for appendEntries, leader elected after 5263ms
2019-11-18 04:18:24,974 [grpc-default-executor-2] INFO  impl.RaftServerImpl (ServerState.java:setRaftConf(356)) - 018e5809-2a36-45c6-9c3c-b7cafa943f1d@group-12214B295946: set configuration 0: [72d53896-253c-4514-8a06-df6220db9551:192.168.34.17:35842, 018e5809-2a36-45c6-9c3c-b7cafa943f1d:192.168.34.17:39017, 1e101064-e299-4e7e-9f72-2796fed812c3:192.168.34.17:45105], old=null at 0
2019-11-18 04:18:24,974 [grpc-default-executor-1] INFO  impl.RaftServerImpl (ServerState.java:setRaftConf(356)) - 1e101064-e299-4e7e-9f72-2796fed812c3@group-12214B295946: set configuration 0: [72d53896-253c-4514-8a06-df6220db9551:192.168.34.17:35842, 018e5809-2a36-45c6-9c3c-b7cafa943f1d:192.168.34.17:39017, 1e101064-e299-4e7e-9f72-2796fed812c3:192.168.34.17:45105], old=null at 0
2019-11-18 04:18:24,974 [grpc-default-executor-2] INFO  segmented.SegmentedRaftLogWorker (SegmentedRaftLogWorker.java:startLogSegment(385)) - 018e5809-2a36-45c6-9c3c-b7cafa943f1d@group-12214B295946-SegmentedRaftLogWorker: Starting segment from index:0
2019-11-18 04:18:24,974 [grpc-default-executor-1] INFO  segmented.SegmentedRaftLogWorker (SegmentedRaftLogWorker.java:startLogSegment(385)) - 1e101064-e299-4e7e-9f72-2796fed812c3@group-12214B295946-SegmentedRaftLogWorker: Starting segment from index:0
2019-11-18 04:18:24,975 [72d53896-253c-4514-8a06-df6220db9551@group-12214B295946-SegmentedRaftLogWorker] INFO  segmented.SegmentedRaftLogWorker (SegmentedRaftLogWorker.java:execute(576)) - 72d53896-253c-4514-8a06-df6220db9551@group-12214B295946-SegmentedRaftLogWorker: created new log segment /workdir/hadoop-ozone/tools/target/test-dir/MiniOzoneClusterImpl-10ba103f-7f8f-46e5-af3f-5a00a91438a1/datanode-1/data/ratis/669cb751-1ee3-491e-b84e-12214b295946/current/log_inprogress_0
2019-11-18 04:18:25,017 [1e101064-e299-4e7e-9f72-2796fed812c3@group-12214B295946-SegmentedRaftLogWorker] INFO  segmented.SegmentedRaftLogWorker (SegmentedRaftLogWorker.java:execute(576)) - 1e101064-e299-4e7e-9f72-2796fed812c3@group-12214B295946-SegmentedRaftLogWorker: created new log segment /workdir/hadoop-ozone/tools/target/test-dir/MiniOzoneClusterImpl-10ba103f-7f8f-46e5-af3f-5a00a91438a1/datanode-0/data/ratis/669cb751-1ee3-491e-b84e-12214b295946/current/log_inprogress_0
2019-11-18 04:18:25,019 [018e5809-2a36-45c6-9c3c-b7cafa943f1d@group-12214B295946-SegmentedRaftLogWorker] INFO  segmented.SegmentedRaftLogWorker (SegmentedRaftLogWorker.java:execute(576)) - 018e5809-2a36-45c6-9c3c-b7cafa943f1d@group-12214B295946-SegmentedRaftLogWorker: created new log segment /workdir/hadoop-ozone/tools/target/test-dir/MiniOzoneClusterImpl-10ba103f-7f8f-46e5-af3f-5a00a91438a1/datanode-2/data/ratis/669cb751-1ee3-491e-b84e-12214b295946/current/log_inprogress_0
]]></system-out>
    <system-err><![CDATA[ERROR StatusLogger No Log4j 2 configuration file found. Using default configuration (logging only errors to the console), or user programmatically provided configurations. Set system property 'log4j2.debug' to show Log4j 2 internal initialization logging. See https://logging.apache.org/log4j/2.x/manual/configuration.html for instructions on how to configure Log4j 2
]]></system-err>
  </testcase>
</testsuite>