<?xml version="1.0" encoding="UTF-8"?>
<testsuite xmlns:xsi="http://www.w3.org/2001/XMLSchema-instance" xsi:noNamespaceSchemaLocation="https://maven.apache.org/surefire/maven-surefire-plugin/xsd/surefire-test-report.xsd" name="org.apache.hadoop.ozone.client.rpc.TestFailureHandlingByClient" time="312.608" tests="5" errors="1" skipped="0" failures="0">
  <properties>
    <property name="awt.toolkit" value="sun.awt.X11.XToolkit"/>
    <property name="file.encoding.pkg" value="sun.io"/>
    <property name="java.specification.version" value="1.8"/>
    <property name="sun.cpu.isalist" value=""/>
    <property name="sun.jnu.encoding" value="ANSI_X3.4-1968"/>
    <property name="java.class.path" value="/workdir/hadoop-ozone/integration-test/target/test-classes:/workdir/hadoop-ozone/integration-test/target/classes:/home/user/.m2/repository/org/apache/hadoop/hadoop-ozone-common/0.5.0-SNAPSHOT/hadoop-ozone-common-0.5.0-SNAPSHOT.jar:/home/user/.m2/repository/org/apache/commons/commons-compress/1.4.1/commons-compress-1.4.1.jar:/home/user/.m2/repository/org/tukaani/xz/1.0/xz-1.0.jar:/home/user/.m2/repository/org/apache/hadoop/hadoop-common/3.2.0/hadoop-common-3.2.0.jar:/home/user/.m2/repository/org/apache/hadoop/hadoop-hdfs/3.2.0/hadoop-hdfs-3.2.0.jar:/home/user/.m2/repository/org/apache/hadoop/hadoop-hdfs-client/3.2.0/hadoop-hdfs-client-3.2.0.jar:/home/user/.m2/repository/com/fasterxml/jackson/core/jackson-annotations/2.9.9/jackson-annotations-2.9.9.jar:/home/user/.m2/repository/org/apache/hadoop/hadoop-hdds-common/0.5.0-SNAPSHOT/hadoop-hdds-common-0.5.0-SNAPSHOT.jar:/home/user/.m2/repository/javax/annotation/javax.annotation-api/1.2/javax.annotation-api-1.2.jar:/home/user/.m2/repository/org/apache/ratis/ratis-server/0.5.0-d6d58d0-SNAPSHOT/ratis-server-0.5.0-d6d58d0-SNAPSHOT.jar:/home/user/.m2/repository/org/apache/ratis/ratis-thirdparty-misc/0.2.0/ratis-thirdparty-misc-0.2.0.jar:/home/user/.m2/repository/org/apache/ratis/ratis-proto/0.5.0-d6d58d0-SNAPSHOT/ratis-proto-0.5.0-d6d58d0-SNAPSHOT.jar:/home/user/.m2/repository/org/apache/ratis/ratis-common/0.5.0-d6d58d0-SNAPSHOT/ratis-common-0.5.0-d6d58d0-SNAPSHOT.jar:/home/user/.m2/repository/org/apache/ratis/ratis-client/0.5.0-d6d58d0-SNAPSHOT/ratis-client-0.5.0-d6d58d0-SNAPSHOT.jar:/home/user/.m2/repository/org/apache/ratis/ratis-metrics/0.5.0-d6d58d0-SNAPSHOT/ratis-metrics-0.5.0-d6d58d0-SNAPSHOT.jar:/home/user/.m2/repository/org/apache/ratis/ratis-netty/0.5.0-d6d58d0-SNAPSHOT/ratis-netty-0.5.0-d6d58d0-SNAPSHOT.jar:/home/user/.m2/repository/org/apache/ratis/ratis-grpc/0.5.0-d6d58d0-SNAPSHOT/ratis-grpc-0.5.0-d6d58d0-SNAPSHOT.jar:/home/user/.m2/repository/org/rocksdb/rocksdbjni/6.0.1/rocksdbjni-6.0.1.jar:/home/user/.m2/repository/org/apache/logging/log4j/log4j-api/2.11.0/log4j-api-2.11.0.jar:/home/user/.m2/repository/org/apache/logging/log4j/log4j-core/2.11.0/log4j-core-2.11.0.jar:/home/user/.m2/repository/com/lmax/disruptor/3.4.2/disruptor-3.4.2.jar:/home/user/.m2/repository/org/apache/commons/commons-pool2/2.6.0/commons-pool2-2.6.0.jar:/home/user/.m2/repository/org/bouncycastle/bcpkix-jdk15on/1.60/bcpkix-jdk15on-1.60.jar:/home/user/.m2/repository/commons-validator/commons-validator/1.6/commons-validator-1.6.jar:/home/user/.m2/repository/commons-digester/commons-digester/1.8.1/commons-digester-1.8.1.jar:/home/user/.m2/repository/io/jaegertracing/jaeger-client/0.34.0/jaeger-client-0.34.0.jar:/home/user/.m2/repository/io/jaegertracing/jaeger-thrift/0.34.0/jaeger-thrift-0.34.0.jar:/home/user/.m2/repository/org/apache/thrift/libthrift/0.12.0/libthrift-0.12.0.jar:/home/user/.m2/repository/com/squareup/okhttp3/okhttp/3.9.0/okhttp-3.9.0.jar:/home/user/.m2/repository/com/squareup/okio/okio/1.13.0/okio-1.13.0.jar:/home/user/.m2/repository/io/jaegertracing/jaeger-core/0.34.0/jaeger-core-0.34.0.jar:/home/user/.m2/repository/io/jaegertracing/jaeger-tracerresolver/0.34.0/jaeger-tracerresolver-0.34.0.jar:/home/user/.m2/repository/io/opentracing/contrib/opentracing-tracerresolver/0.1.5/opentracing-tracerresolver-0.1.5.jar:/home/user/.m2/repository/io/opentracing/opentracing-util/0.31.0/opentracing-util-0.31.0.jar:/home/user/.m2/repository/io/opentracing/opentracing-api/0.31.0/opentracing-api-0.31.0.jar:/home/user/.m2/repository/io/opentracing/opentracing-noop/0.31.0/opentracing-noop-0.31.0.jar:/home/user/.m2/repository/org/apache/hadoop/hadoop-hdds-server-framework/0.5.0-SNAPSHOT/hadoop-hdds-server-framework-0.5.0-SNAPSHOT.jar:/home/user/.m2/repository/org/apache/hadoop/hadoop-hdds-container-service/0.5.0-SNAPSHOT/hadoop-hdds-container-service-0.5.0-SNAPSHOT.jar:/home/user/.m2/repository/org/apache/hadoop/hadoop-hdds-client/0.5.0-SNAPSHOT/hadoop-hdds-client-0.5.0-SNAPSHOT.jar:/home/user/.m2/repository/org/apache/hadoop/hadoop-hdds-tools/0.5.0-SNAPSHOT/hadoop-hdds-tools-0.5.0-SNAPSHOT.jar:/home/user/.m2/repository/org/apache/hadoop/hadoop-hdds-server-scm/0.5.0-SNAPSHOT/hadoop-hdds-server-scm-0.5.0-SNAPSHOT.jar:/home/user/.m2/repository/org/apache/hadoop/hadoop-hdds-docs/0.5.0-SNAPSHOT/hadoop-hdds-docs-0.5.0-SNAPSHOT.jar:/home/user/.m2/repository/io/dropwizard/metrics/metrics-core/3.2.4/metrics-core-3.2.4.jar:/home/user/.m2/repository/org/hamcrest/hamcrest-all/1.3/hamcrest-all-1.3.jar:/home/user/.m2/repository/org/bouncycastle/bcprov-jdk15on/1.60/bcprov-jdk15on-1.60.jar:/home/user/.m2/repository/info/picocli/picocli/3.9.6/picocli-3.9.6.jar:/home/user/.m2/repository/com/google/protobuf/protobuf-java/2.5.0/protobuf-java-2.5.0.jar:/home/user/.m2/repository/com/google/guava/guava/11.0.2/guava-11.0.2.jar:/home/user/.m2/repository/org/apache/hadoop/hadoop-ozone-ozone-manager/0.5.0-SNAPSHOT/hadoop-ozone-ozone-manager-0.5.0-SNAPSHOT.jar:/home/user/.m2/repository/org/apache/hadoop/hadoop-minikdc/3.2.0/hadoop-minikdc-3.2.0.jar:/home/user/.m2/repository/commons-io/commons-io/2.5/commons-io-2.5.jar:/home/user/.m2/repository/org/apache/kerby/kerb-simplekdc/1.0.1/kerb-simplekdc-1.0.1.jar:/home/user/.m2/repository/org/apache/kerby/kerb-client/1.0.1/kerb-client-1.0.1.jar:/home/user/.m2/repository/org/apache/kerby/kerby-config/1.0.1/kerby-config-1.0.1.jar:/home/user/.m2/repository/org/apache/kerby/kerb-core/1.0.1/kerb-core-1.0.1.jar:/home/user/.m2/repository/org/apache/kerby/kerby-pkix/1.0.1/kerby-pkix-1.0.1.jar:/home/user/.m2/repository/org/apache/kerby/kerby-asn1/1.0.1/kerby-asn1-1.0.1.jar:/home/user/.m2/repository/org/apache/kerby/kerby-util/1.0.1/kerby-util-1.0.1.jar:/home/user/.m2/repository/org/apache/kerby/kerb-common/1.0.1/kerb-common-1.0.1.jar:/home/user/.m2/repository/org/apache/kerby/kerb-crypto/1.0.1/kerb-crypto-1.0.1.jar:/home/user/.m2/repository/org/apache/kerby/kerb-util/1.0.1/kerb-util-1.0.1.jar:/home/user/.m2/repository/org/apache/kerby/token-provider/1.0.1/token-provider-1.0.1.jar:/home/user/.m2/repository/org/apache/kerby/kerb-admin/1.0.1/kerb-admin-1.0.1.jar:/home/user/.m2/repository/org/apache/kerby/kerb-server/1.0.1/kerb-server-1.0.1.jar:/home/user/.m2/repository/org/apache/kerby/kerb-identity/1.0.1/kerb-identity-1.0.1.jar:/home/user/.m2/repository/org/apache/kerby/kerby-xdr/1.0.1/kerby-xdr-1.0.1.jar:/home/user/.m2/repository/org/slf4j/slf4j-log4j12/1.7.25/slf4j-log4j12-1.7.25.jar:/home/user/.m2/repository/org/apache/hadoop/hadoop-ozone-s3gateway/0.5.0-SNAPSHOT/hadoop-ozone-s3gateway-0.5.0-SNAPSHOT.jar:/home/user/.m2/repository/org/jboss/weld/servlet/weld-servlet/2.4.7.Final/weld-servlet-2.4.7.Final.jar:/home/user/.m2/repository/org/glassfish/jersey/containers/jersey-container-servlet-core/2.27/jersey-container-servlet-core-2.27.jar:/home/user/.m2/repository/org/glassfish/hk2/external/javax.inject/2.5.0-b42/javax.inject-2.5.0-b42.jar:/home/user/.m2/repository/org/glassfish/jersey/core/jersey-common/2.27/jersey-common-2.27.jar:/home/user/.m2/repository/org/glassfish/hk2/osgi-resource-locator/1.0.1/osgi-resource-locator-1.0.1.jar:/home/user/.m2/repository/javax/ws/rs/javax.ws.rs-api/2.1/javax.ws.rs-api-2.1.jar:/home/user/.m2/repository/org/glassfish/jersey/ext/cdi/jersey-cdi1x/2.27/jersey-cdi1x-2.27.jar:/home/user/.m2/repository/org/glassfish/jersey/inject/jersey-hk2/2.27/jersey-hk2-2.27.jar:/home/user/.m2/repository/org/glassfish/hk2/hk2-locator/2.5.0-b42/hk2-locator-2.5.0-b42.jar:/home/user/.m2/repository/org/javassist/javassist/3.22.0-CR2/javassist-3.22.0-CR2.jar:/home/user/.m2/repository/org/glassfish/hk2/hk2-api/2.5.0/hk2-api-2.5.0.jar:/home/user/.m2/repository/org/glassfish/hk2/external/jakarta.inject/2.5.0/jakarta.inject-2.5.0.jar:/home/user/.m2/repository/org/glassfish/hk2/hk2-utils/2.5.0/hk2-utils-2.5.0.jar:/home/user/.m2/repository/jakarta/annotation/jakarta.annotation-api/1.3.4/jakarta.annotation-api-1.3.4.jar:/home/user/.m2/repository/org/glassfish/hk2/external/aopalliance-repackaged/2.5.0/aopalliance-repackaged-2.5.0.jar:/home/user/.m2/repository/com/fasterxml/jackson/dataformat/jackson-dataformat-xml/2.9.0/jackson-dataformat-xml-2.9.0.jar:/home/user/.m2/repository/com/fasterxml/jackson/core/jackson-core/2.9.9/jackson-core-2.9.9.jar:/home/user/.m2/repository/com/fasterxml/jackson/module/jackson-module-jaxb-annotations/2.9.9/jackson-module-jaxb-annotations-2.9.9.jar:/home/user/.m2/repository/javax/enterprise/cdi-api/1.2/cdi-api-1.2.jar:/home/user/.m2/repository/javax/el/javax.el-api/3.0.0/javax.el-api-3.0.0.jar:/home/user/.m2/repository/javax/interceptor/javax.interceptor-api/1.2/javax.interceptor-api-1.2.jar:/home/user/.m2/repository/javax/inject/javax.inject/1/javax.inject-1.jar:/home/user/.m2/repository/com/sun/xml/bind/jaxb-impl/2.3.0.1/jaxb-impl-2.3.0.1.jar:/home/user/.m2/repository/com/sun/xml/bind/jaxb-core/2.3.0.1/jaxb-core-2.3.0.1.jar:/home/user/.m2/repository/javax/xml/bind/jaxb-api/2.3.0/jaxb-api-2.3.0.jar:/home/user/.m2/repository/javax/activation/activation/1.1.1/activation-1.1.1.jar:/home/user/.m2/repository/org/apache/hadoop/hadoop-ozone-csi/0.5.0-SNAPSHOT/hadoop-ozone-csi-0.5.0-SNAPSHOT.jar:/home/user/.m2/repository/com/google/protobuf/protobuf-java-util/3.5.1/protobuf-java-util-3.5.1.jar:/home/user/.m2/repository/org/apache/hadoop/hadoop-hdds-config/0.5.0-SNAPSHOT/hadoop-hdds-config-0.5.0-SNAPSHOT.jar:/home/user/.m2/repository/io/grpc/grpc-netty/1.17.1/grpc-netty-1.17.1.jar:/home/user/.m2/repository/io/grpc/grpc-core/1.17.1/grpc-core-1.17.1.jar:/home/user/.m2/repository/io/grpc/grpc-context/1.17.1/grpc-context-1.17.1.jar:/home/user/.m2/repository/com/google/errorprone/error_prone_annotations/2.2.0/error_prone_annotations-2.2.0.jar:/home/user/.m2/repository/org/codehaus/mojo/animal-sniffer-annotations/1.17/animal-sniffer-annotations-1.17.jar:/home/user/.m2/repository/io/opencensus/opencensus-api/0.17.0/opencensus-api-0.17.0.jar:/home/user/.m2/repository/io/opencensus/opencensus-contrib-grpc-metrics/0.17.0/opencensus-contrib-grpc-metrics-0.17.0.jar:/home/user/.m2/repository/io/netty/netty-codec-http2/4.1.30.Final/netty-codec-http2-4.1.30.Final.jar:/home/user/.m2/repository/io/netty/netty-codec-http/4.1.30.Final/netty-codec-http-4.1.30.Final.jar:/home/user/.m2/repository/io/netty/netty-codec/4.1.30.Final/netty-codec-4.1.30.Final.jar:/home/user/.m2/repository/io/netty/netty-handler/4.1.30.Final/netty-handler-4.1.30.Final.jar:/home/user/.m2/repository/io/netty/netty-handler-proxy/4.1.30.Final/netty-handler-proxy-4.1.30.Final.jar:/home/user/.m2/repository/io/netty/netty-codec-socks/4.1.30.Final/netty-codec-socks-4.1.30.Final.jar:/home/user/.m2/repository/io/netty/netty-transport-native-epoll/4.1.30.Final/netty-transport-native-epoll-4.1.30.Final.jar:/home/user/.m2/repository/io/netty/netty-common/4.1.30.Final/netty-common-4.1.30.Final.jar:/home/user/.m2/repository/io/netty/netty-buffer/4.1.30.Final/netty-buffer-4.1.30.Final.jar:/home/user/.m2/repository/io/netty/netty-transport/4.1.30.Final/netty-transport-4.1.30.Final.jar:/home/user/.m2/repository/io/netty/netty-resolver/4.1.30.Final/netty-resolver-4.1.30.Final.jar:/home/user/.m2/repository/io/netty/netty-transport-native-unix-common/4.1.30.Final/netty-transport-native-unix-common-4.1.30.Final.jar:/home/user/.m2/repository/io/grpc/grpc-protobuf/1.17.1/grpc-protobuf-1.17.1.jar:/home/user/.m2/repository/com/google/api/grpc/proto-google-common-protos/1.0.0/proto-google-common-protos-1.0.0.jar:/home/user/.m2/repository/io/grpc/grpc-protobuf-lite/1.17.1/grpc-protobuf-lite-1.17.1.jar:/home/user/.m2/repository/io/grpc/grpc-stub/1.17.1/grpc-stub-1.17.1.jar:/home/user/.m2/repository/org/apache/hadoop/hadoop-ozone-recon/0.5.0-SNAPSHOT/hadoop-ozone-recon-0.5.0-SNAPSHOT.jar:/home/user/.m2/repository/org/apache/hadoop/hadoop-ozone-reconcodegen/0.5.0-SNAPSHOT/hadoop-ozone-reconcodegen-0.5.0-SNAPSHOT.jar:/home/user/.m2/repository/com/google/inject/extensions/guice-multibindings/4.0/guice-multibindings-4.0.jar:/home/user/.m2/repository/com/google/inject/guice/4.0/guice-4.0.jar:/home/user/.m2/repository/aopalliance/aopalliance/1.0/aopalliance-1.0.jar:/home/user/.m2/repository/com/google/inject/extensions/guice-servlet/4.0/guice-servlet-4.0.jar:/home/user/.m2/repository/org/glassfish/jersey/containers/jersey-container-servlet/2.27/jersey-container-servlet-2.27.jar:/home/user/.m2/repository/org/glassfish/hk2/guice-bridge/2.5.0/guice-bridge-2.5.0.jar:/home/user/.m2/repository/org/glassfish/jersey/core/jersey-server/2.27/jersey-server-2.27.jar:/home/user/.m2/repository/org/glassfish/jersey/core/jersey-client/2.27/jersey-client-2.27.jar:/home/user/.m2/repository/org/glassfish/jersey/media/jersey-media-jaxb/2.27/jersey-media-jaxb-2.27.jar:/home/user/.m2/repository/javax/validation/validation-api/1.1.0.Final/validation-api-1.1.0.Final.jar:/home/user/.m2/repository/org/glassfish/jersey/media/jersey-media-json-jackson/2.27/jersey-media-json-jackson-2.27.jar:/home/user/.m2/repository/org/glassfish/jersey/ext/jersey-entity-filtering/2.27/jersey-entity-filtering-2.27.jar:/home/user/.m2/repository/com/google/inject/extensions/guice-assistedinject/4.0/guice-assistedinject-4.0.jar:/home/user/.m2/repository/org/jooq/jooq/3.11.10/jooq-3.11.10.jar:/home/user/.m2/repository/org/jooq/jooq-meta/3.11.10/jooq-meta-3.11.10.jar:/home/user/.m2/repository/org/jooq/jooq-codegen/3.11.10/jooq-codegen-3.11.10.jar:/home/user/.m2/repository/com/jolbox/bonecp/0.8.0.RELEASE/bonecp-0.8.0.RELEASE.jar:/home/user/.m2/repository/org/xerial/sqlite-jdbc/3.25.2/sqlite-jdbc-3.25.2.jar:/home/user/.m2/repository/org/springframework/spring-jdbc/5.1.3.RELEASE/spring-jdbc-5.1.3.RELEASE.jar:/home/user/.m2/repository/org/springframework/spring-beans/5.1.3.RELEASE/spring-beans-5.1.3.RELEASE.jar:/home/user/.m2/repository/org/springframework/spring-core/5.1.3.RELEASE/spring-core-5.1.3.RELEASE.jar:/home/user/.m2/repository/org/springframework/spring-jcl/5.1.3.RELEASE/spring-jcl-5.1.3.RELEASE.jar:/home/user/.m2/repository/org/springframework/spring-tx/5.1.3.RELEASE/spring-tx-5.1.3.RELEASE.jar:/home/user/.m2/repository/org/apache/hadoop/hadoop-ozone-client/0.5.0-SNAPSHOT/hadoop-ozone-client-0.5.0-SNAPSHOT.jar:/home/user/.m2/repository/commons-lang/commons-lang/2.6/commons-lang-2.6.jar:/home/user/.m2/repository/org/apache/hadoop/hadoop-ozone-ozone-manager/0.5.0-SNAPSHOT/hadoop-ozone-ozone-manager-0.5.0-SNAPSHOT-tests.jar:/home/user/.m2/repository/junit/junit/4.11/junit-4.11.jar:/home/user/.m2/repository/org/hamcrest/hamcrest-core/1.3/hamcrest-core-1.3.jar:/home/user/.m2/repository/org/openjdk/jmh/jmh-core/1.19/jmh-core-1.19.jar:/home/user/.m2/repository/net/sf/jopt-simple/jopt-simple/4.6/jopt-simple-4.6.jar:/home/user/.m2/repository/org/apache/commons/commons-math3/3.1.1/commons-math3-3.1.1.jar:/home/user/.m2/repository/org/openjdk/jmh/jmh-generator-annprocess/1.19/jmh-generator-annprocess-1.19.jar:/home/user/.m2/repository/org/mockito/mockito-all/1.8.5/mockito-all-1.8.5.jar:/home/user/.m2/repository/org/apache/hadoop/hadoop-kms/3.2.0/hadoop-kms-3.2.0.jar:/home/user/.m2/repository/org/apache/hadoop/hadoop-auth/3.2.0/hadoop-auth-3.2.0.jar:/home/user/.m2/repository/com/nimbusds/nimbus-jose-jwt/4.41.1/nimbus-jose-jwt-4.41.1.jar:/home/user/.m2/repository/com/github/stephenc/jcip/jcip-annotations/1.0-1/jcip-annotations-1.0-1.jar:/home/user/.m2/repository/net/minidev/json-smart/2.3/json-smart-2.3.jar:/home/user/.m2/repository/net/minidev/accessors-smart/1.2/accessors-smart-1.2.jar:/home/user/.m2/repository/org/ow2/asm/asm/5.0.4/asm-5.0.4.jar:/home/user/.m2/repository/org/apache/curator/curator-framework/2.12.0/curator-framework-2.12.0.jar:/home/user/.m2/repository/com/sun/jersey/jersey-core/1.19/jersey-core-1.19.jar:/home/user/.m2/repository/javax/ws/rs/jsr311-api/1.1.1/jsr311-api-1.1.1.jar:/home/user/.m2/repository/com/sun/jersey/jersey-server/1.19/jersey-server-1.19.jar:/home/user/.m2/repository/javax/servlet/javax.servlet-api/3.1.0/javax.servlet-api-3.1.0.jar:/home/user/.m2/repository/org/eclipse/jetty/jetty-server/9.3.25.v20180904/jetty-server-9.3.25.v20180904.jar:/home/user/.m2/repository/org/eclipse/jetty/jetty-http/9.3.25.v20180904/jetty-http-9.3.25.v20180904.jar:/home/user/.m2/repository/org/eclipse/jetty/jetty-io/9.3.25.v20180904/jetty-io-9.3.25.v20180904.jar:/home/user/.m2/repository/org/eclipse/jetty/jetty-webapp/9.3.25.v20180904/jetty-webapp-9.3.25.v20180904.jar:/home/user/.m2/repository/org/eclipse/jetty/jetty-xml/9.3.25.v20180904/jetty-xml-9.3.25.v20180904.jar:/home/user/.m2/repository/log4j/log4j/1.2.17/log4j-1.2.17.jar:/home/user/.m2/repository/org/slf4j/slf4j-api/1.7.25/slf4j-api-1.7.25.jar:/home/user/.m2/repository/org/slf4j/jul-to-slf4j/1.7.25/jul-to-slf4j-1.7.25.jar:/home/user/.m2/repository/org/eclipse/jetty/jetty-util/9.3.25.v20180904/jetty-util-9.3.25.v20180904.jar:/home/user/.m2/repository/com/fasterxml/jackson/core/jackson-databind/2.9.9/jackson-databind-2.9.9.jar:/home/user/.m2/repository/org/apache/hadoop/hadoop-kms/3.2.0/hadoop-kms-3.2.0-tests.jar:/home/user/.m2/repository/org/apache/hadoop/hadoop-hdds-server-scm/0.5.0-SNAPSHOT/hadoop-hdds-server-scm-0.5.0-SNAPSHOT-tests.jar:/home/user/.m2/repository/org/apache/hadoop/hadoop-hdds-container-service/0.5.0-SNAPSHOT/hadoop-hdds-container-service-0.5.0-SNAPSHOT-tests.jar:/home/user/.m2/repository/org/yaml/snakeyaml/1.16/snakeyaml-1.16.jar:/home/user/.m2/repository/org/apache/hadoop/hadoop-common/3.2.0/hadoop-common-3.2.0-tests.jar:/home/user/.m2/repository/org/apache/hadoop/hadoop-annotations/3.2.0/hadoop-annotations-3.2.0.jar:/usr/lib/jvm/java-1.8.0-openjdk-1.8.0.222.b10-1.el7_7.x86_64/jre/../lib/tools.jar:/home/user/.m2/repository/commons-cli/commons-cli/1.2/commons-cli-1.2.jar:/home/user/.m2/repository/org/apache/httpcomponents/httpclient/4.5.2/httpclient-4.5.2.jar:/home/user/.m2/repository/org/apache/httpcomponents/httpcore/4.4.4/httpcore-4.4.4.jar:/home/user/.m2/repository/commons-codec/commons-codec/1.11/commons-codec-1.11.jar:/home/user/.m2/repository/commons-net/commons-net/3.6/commons-net-3.6.jar:/home/user/.m2/repository/commons-collections/commons-collections/3.2.2/commons-collections-3.2.2.jar:/home/user/.m2/repository/org/eclipse/jetty/jetty-servlet/9.3.25.v20180904/jetty-servlet-9.3.25.v20180904.jar:/home/user/.m2/repository/org/eclipse/jetty/jetty-security/9.3.25.v20180904/jetty-security-9.3.25.v20180904.jar:/home/user/.m2/repository/javax/servlet/jsp/jsp-api/2.1/jsp-api-2.1.jar:/home/user/.m2/repository/com/sun/jersey/jersey-servlet/1.19/jersey-servlet-1.19.jar:/home/user/.m2/repository/com/sun/jersey/jersey-json/1.19/jersey-json-1.19.jar:/home/user/.m2/repository/org/codehaus/jettison/jettison/1.1/jettison-1.1.jar:/home/user/.m2/repository/org/codehaus/jackson/jackson-core-asl/1.9.13/jackson-core-asl-1.9.13.jar:/home/user/.m2/repository/org/codehaus/jackson/jackson-mapper-asl/1.9.13/jackson-mapper-asl-1.9.13.jar:/home/user/.m2/repository/org/codehaus/jackson/jackson-jaxrs/1.9.13/jackson-jaxrs-1.9.13.jar:/home/user/.m2/repository/org/codehaus/jackson/jackson-xc/1.9.13/jackson-xc-1.9.13.jar:/home/user/.m2/repository/commons-logging/commons-logging/1.1.3/commons-logging-1.1.3.jar:/home/user/.m2/repository/commons-beanutils/commons-beanutils/1.9.4/commons-beanutils-1.9.4.jar:/home/user/.m2/repository/org/apache/commons/commons-configuration2/2.1.1/commons-configuration2-2.1.1.jar:/home/user/.m2/repository/org/apache/commons/commons-lang3/3.7/commons-lang3-3.7.jar:/home/user/.m2/repository/org/apache/commons/commons-text/1.4/commons-text-1.4.jar:/home/user/.m2/repository/org/apache/avro/avro/1.7.7/avro-1.7.7.jar:/home/user/.m2/repository/com/thoughtworks/paranamer/paranamer/2.3/paranamer-2.3.jar:/home/user/.m2/repository/org/xerial/snappy/snappy-java/1.0.5/snappy-java-1.0.5.jar:/home/user/.m2/repository/com/google/re2j/re2j/1.1/re2j-1.1.jar:/home/user/.m2/repository/com/google/code/gson/gson/2.2.4/gson-2.2.4.jar:/home/user/.m2/repository/com/jcraft/jsch/0.1.54/jsch-0.1.54.jar:/home/user/.m2/repository/org/apache/curator/curator-client/2.12.0/curator-client-2.12.0.jar:/home/user/.m2/repository/org/apache/curator/curator-recipes/2.12.0/curator-recipes-2.12.0.jar:/home/user/.m2/repository/com/google/code/findbugs/jsr305/3.0.0/jsr305-3.0.0.jar:/home/user/.m2/repository/org/apache/htrace/htrace-core4/4.1.0-incubating/htrace-core4-4.1.0-incubating.jar:/home/user/.m2/repository/org/apache/zookeeper/zookeeper/3.4.13/zookeeper-3.4.13.jar:/home/user/.m2/repository/jline/jline/0.9.94/jline-0.9.94.jar:/home/user/.m2/repository/org/apache/yetus/audience-annotations/0.5.0/audience-annotations-0.5.0.jar:/home/user/.m2/repository/org/codehaus/woodstox/stax2-api/3.1.4/stax2-api-3.1.4.jar:/home/user/.m2/repository/com/fasterxml/woodstox/woodstox-core/5.0.3/woodstox-core-5.0.3.jar:/home/user/.m2/repository/dnsjava/dnsjava/2.1.7/dnsjava-2.1.7.jar:/home/user/.m2/repository/org/apache/hadoop/hadoop-hdfs/3.2.0/hadoop-hdfs-3.2.0-tests.jar:/home/user/.m2/repository/org/eclipse/jetty/jetty-util-ajax/9.3.25.v20180904/jetty-util-ajax-9.3.25.v20180904.jar:/home/user/.m2/repository/commons-daemon/commons-daemon/1.0.13/commons-daemon-1.0.13.jar:/home/user/.m2/repository/io/netty/netty/3.10.5.Final/netty-3.10.5.Final.jar:/home/user/.m2/repository/io/netty/netty-all/4.0.52.Final/netty-all-4.0.52.Final.jar:/home/user/.m2/repository/org/fusesource/leveldbjni/leveldbjni-all/1.8/leveldbjni-all-1.8.jar:"/>
    <property name="java.vm.vendor" value="Oracle Corporation"/>
    <property name="sun.arch.data.model" value="64"/>
    <property name="test.build.dir" value="/workdir/hadoop-ozone/integration-test/target/test-dir"/>
    <property name="test.cache.data" value=""/>
    <property name="java.vendor.url" value="http://java.oracle.com/"/>
    <property name="user.timezone" value=""/>
    <property name="java.vm.specification.version" value="1.8"/>
    <property name="os.name" value="Linux"/>
    <property name="test.build.data" value="/workdir/hadoop-ozone/integration-test/target/test-dir"/>
    <property name="user.country" value="US"/>
    <property name="sun.java.launcher" value="SUN_STANDARD"/>
    <property name="sun.boot.library.path" value="/usr/lib/jvm/java-1.8.0-openjdk-1.8.0.222.b10-1.el7_7.x86_64/jre/lib/amd64"/>
    <property name="sun.java.command" value="/workdir/hadoop-ozone/integration-test/target/surefire/surefirebooter7716399321923306490.jar /workdir/hadoop-ozone/integration-test/target/surefire 2019-11-15T03-03-31_092-jvmRun1 surefire4842765792539480097tmp surefire_347553914710396325060tmp"/>
    <property name="surefire.test.class.path" value="/workdir/hadoop-ozone/integration-test/target/test-classes:/workdir/hadoop-ozone/integration-test/target/classes:/home/user/.m2/repository/org/apache/hadoop/hadoop-ozone-common/0.5.0-SNAPSHOT/hadoop-ozone-common-0.5.0-SNAPSHOT.jar:/home/user/.m2/repository/org/apache/commons/commons-compress/1.4.1/commons-compress-1.4.1.jar:/home/user/.m2/repository/org/tukaani/xz/1.0/xz-1.0.jar:/home/user/.m2/repository/org/apache/hadoop/hadoop-common/3.2.0/hadoop-common-3.2.0.jar:/home/user/.m2/repository/org/apache/hadoop/hadoop-hdfs/3.2.0/hadoop-hdfs-3.2.0.jar:/home/user/.m2/repository/org/apache/hadoop/hadoop-hdfs-client/3.2.0/hadoop-hdfs-client-3.2.0.jar:/home/user/.m2/repository/com/fasterxml/jackson/core/jackson-annotations/2.9.9/jackson-annotations-2.9.9.jar:/home/user/.m2/repository/org/apache/hadoop/hadoop-hdds-common/0.5.0-SNAPSHOT/hadoop-hdds-common-0.5.0-SNAPSHOT.jar:/home/user/.m2/repository/javax/annotation/javax.annotation-api/1.2/javax.annotation-api-1.2.jar:/home/user/.m2/repository/org/apache/ratis/ratis-server/0.5.0-d6d58d0-SNAPSHOT/ratis-server-0.5.0-d6d58d0-SNAPSHOT.jar:/home/user/.m2/repository/org/apache/ratis/ratis-thirdparty-misc/0.2.0/ratis-thirdparty-misc-0.2.0.jar:/home/user/.m2/repository/org/apache/ratis/ratis-proto/0.5.0-d6d58d0-SNAPSHOT/ratis-proto-0.5.0-d6d58d0-SNAPSHOT.jar:/home/user/.m2/repository/org/apache/ratis/ratis-common/0.5.0-d6d58d0-SNAPSHOT/ratis-common-0.5.0-d6d58d0-SNAPSHOT.jar:/home/user/.m2/repository/org/apache/ratis/ratis-client/0.5.0-d6d58d0-SNAPSHOT/ratis-client-0.5.0-d6d58d0-SNAPSHOT.jar:/home/user/.m2/repository/org/apache/ratis/ratis-metrics/0.5.0-d6d58d0-SNAPSHOT/ratis-metrics-0.5.0-d6d58d0-SNAPSHOT.jar:/home/user/.m2/repository/org/apache/ratis/ratis-netty/0.5.0-d6d58d0-SNAPSHOT/ratis-netty-0.5.0-d6d58d0-SNAPSHOT.jar:/home/user/.m2/repository/org/apache/ratis/ratis-grpc/0.5.0-d6d58d0-SNAPSHOT/ratis-grpc-0.5.0-d6d58d0-SNAPSHOT.jar:/home/user/.m2/repository/org/rocksdb/rocksdbjni/6.0.1/rocksdbjni-6.0.1.jar:/home/user/.m2/repository/org/apache/logging/log4j/log4j-api/2.11.0/log4j-api-2.11.0.jar:/home/user/.m2/repository/org/apache/logging/log4j/log4j-core/2.11.0/log4j-core-2.11.0.jar:/home/user/.m2/repository/com/lmax/disruptor/3.4.2/disruptor-3.4.2.jar:/home/user/.m2/repository/org/apache/commons/commons-pool2/2.6.0/commons-pool2-2.6.0.jar:/home/user/.m2/repository/org/bouncycastle/bcpkix-jdk15on/1.60/bcpkix-jdk15on-1.60.jar:/home/user/.m2/repository/commons-validator/commons-validator/1.6/commons-validator-1.6.jar:/home/user/.m2/repository/commons-digester/commons-digester/1.8.1/commons-digester-1.8.1.jar:/home/user/.m2/repository/io/jaegertracing/jaeger-client/0.34.0/jaeger-client-0.34.0.jar:/home/user/.m2/repository/io/jaegertracing/jaeger-thrift/0.34.0/jaeger-thrift-0.34.0.jar:/home/user/.m2/repository/org/apache/thrift/libthrift/0.12.0/libthrift-0.12.0.jar:/home/user/.m2/repository/com/squareup/okhttp3/okhttp/3.9.0/okhttp-3.9.0.jar:/home/user/.m2/repository/com/squareup/okio/okio/1.13.0/okio-1.13.0.jar:/home/user/.m2/repository/io/jaegertracing/jaeger-core/0.34.0/jaeger-core-0.34.0.jar:/home/user/.m2/repository/io/jaegertracing/jaeger-tracerresolver/0.34.0/jaeger-tracerresolver-0.34.0.jar:/home/user/.m2/repository/io/opentracing/contrib/opentracing-tracerresolver/0.1.5/opentracing-tracerresolver-0.1.5.jar:/home/user/.m2/repository/io/opentracing/opentracing-util/0.31.0/opentracing-util-0.31.0.jar:/home/user/.m2/repository/io/opentracing/opentracing-api/0.31.0/opentracing-api-0.31.0.jar:/home/user/.m2/repository/io/opentracing/opentracing-noop/0.31.0/opentracing-noop-0.31.0.jar:/home/user/.m2/repository/org/apache/hadoop/hadoop-hdds-server-framework/0.5.0-SNAPSHOT/hadoop-hdds-server-framework-0.5.0-SNAPSHOT.jar:/home/user/.m2/repository/org/apache/hadoop/hadoop-hdds-container-service/0.5.0-SNAPSHOT/hadoop-hdds-container-service-0.5.0-SNAPSHOT.jar:/home/user/.m2/repository/org/apache/hadoop/hadoop-hdds-client/0.5.0-SNAPSHOT/hadoop-hdds-client-0.5.0-SNAPSHOT.jar:/home/user/.m2/repository/org/apache/hadoop/hadoop-hdds-tools/0.5.0-SNAPSHOT/hadoop-hdds-tools-0.5.0-SNAPSHOT.jar:/home/user/.m2/repository/org/apache/hadoop/hadoop-hdds-server-scm/0.5.0-SNAPSHOT/hadoop-hdds-server-scm-0.5.0-SNAPSHOT.jar:/home/user/.m2/repository/org/apache/hadoop/hadoop-hdds-docs/0.5.0-SNAPSHOT/hadoop-hdds-docs-0.5.0-SNAPSHOT.jar:/home/user/.m2/repository/io/dropwizard/metrics/metrics-core/3.2.4/metrics-core-3.2.4.jar:/home/user/.m2/repository/org/hamcrest/hamcrest-all/1.3/hamcrest-all-1.3.jar:/home/user/.m2/repository/org/bouncycastle/bcprov-jdk15on/1.60/bcprov-jdk15on-1.60.jar:/home/user/.m2/repository/info/picocli/picocli/3.9.6/picocli-3.9.6.jar:/home/user/.m2/repository/com/google/protobuf/protobuf-java/2.5.0/protobuf-java-2.5.0.jar:/home/user/.m2/repository/com/google/guava/guava/11.0.2/guava-11.0.2.jar:/home/user/.m2/repository/org/apache/hadoop/hadoop-ozone-ozone-manager/0.5.0-SNAPSHOT/hadoop-ozone-ozone-manager-0.5.0-SNAPSHOT.jar:/home/user/.m2/repository/org/apache/hadoop/hadoop-minikdc/3.2.0/hadoop-minikdc-3.2.0.jar:/home/user/.m2/repository/commons-io/commons-io/2.5/commons-io-2.5.jar:/home/user/.m2/repository/org/apache/kerby/kerb-simplekdc/1.0.1/kerb-simplekdc-1.0.1.jar:/home/user/.m2/repository/org/apache/kerby/kerb-client/1.0.1/kerb-client-1.0.1.jar:/home/user/.m2/repository/org/apache/kerby/kerby-config/1.0.1/kerby-config-1.0.1.jar:/home/user/.m2/repository/org/apache/kerby/kerb-core/1.0.1/kerb-core-1.0.1.jar:/home/user/.m2/repository/org/apache/kerby/kerby-pkix/1.0.1/kerby-pkix-1.0.1.jar:/home/user/.m2/repository/org/apache/kerby/kerby-asn1/1.0.1/kerby-asn1-1.0.1.jar:/home/user/.m2/repository/org/apache/kerby/kerby-util/1.0.1/kerby-util-1.0.1.jar:/home/user/.m2/repository/org/apache/kerby/kerb-common/1.0.1/kerb-common-1.0.1.jar:/home/user/.m2/repository/org/apache/kerby/kerb-crypto/1.0.1/kerb-crypto-1.0.1.jar:/home/user/.m2/repository/org/apache/kerby/kerb-util/1.0.1/kerb-util-1.0.1.jar:/home/user/.m2/repository/org/apache/kerby/token-provider/1.0.1/token-provider-1.0.1.jar:/home/user/.m2/repository/org/apache/kerby/kerb-admin/1.0.1/kerb-admin-1.0.1.jar:/home/user/.m2/repository/org/apache/kerby/kerb-server/1.0.1/kerb-server-1.0.1.jar:/home/user/.m2/repository/org/apache/kerby/kerb-identity/1.0.1/kerb-identity-1.0.1.jar:/home/user/.m2/repository/org/apache/kerby/kerby-xdr/1.0.1/kerby-xdr-1.0.1.jar:/home/user/.m2/repository/org/slf4j/slf4j-log4j12/1.7.25/slf4j-log4j12-1.7.25.jar:/home/user/.m2/repository/org/apache/hadoop/hadoop-ozone-s3gateway/0.5.0-SNAPSHOT/hadoop-ozone-s3gateway-0.5.0-SNAPSHOT.jar:/home/user/.m2/repository/org/jboss/weld/servlet/weld-servlet/2.4.7.Final/weld-servlet-2.4.7.Final.jar:/home/user/.m2/repository/org/glassfish/jersey/containers/jersey-container-servlet-core/2.27/jersey-container-servlet-core-2.27.jar:/home/user/.m2/repository/org/glassfish/hk2/external/javax.inject/2.5.0-b42/javax.inject-2.5.0-b42.jar:/home/user/.m2/repository/org/glassfish/jersey/core/jersey-common/2.27/jersey-common-2.27.jar:/home/user/.m2/repository/org/glassfish/hk2/osgi-resource-locator/1.0.1/osgi-resource-locator-1.0.1.jar:/home/user/.m2/repository/javax/ws/rs/javax.ws.rs-api/2.1/javax.ws.rs-api-2.1.jar:/home/user/.m2/repository/org/glassfish/jersey/ext/cdi/jersey-cdi1x/2.27/jersey-cdi1x-2.27.jar:/home/user/.m2/repository/org/glassfish/jersey/inject/jersey-hk2/2.27/jersey-hk2-2.27.jar:/home/user/.m2/repository/org/glassfish/hk2/hk2-locator/2.5.0-b42/hk2-locator-2.5.0-b42.jar:/home/user/.m2/repository/org/javassist/javassist/3.22.0-CR2/javassist-3.22.0-CR2.jar:/home/user/.m2/repository/org/glassfish/hk2/hk2-api/2.5.0/hk2-api-2.5.0.jar:/home/user/.m2/repository/org/glassfish/hk2/external/jakarta.inject/2.5.0/jakarta.inject-2.5.0.jar:/home/user/.m2/repository/org/glassfish/hk2/hk2-utils/2.5.0/hk2-utils-2.5.0.jar:/home/user/.m2/repository/jakarta/annotation/jakarta.annotation-api/1.3.4/jakarta.annotation-api-1.3.4.jar:/home/user/.m2/repository/org/glassfish/hk2/external/aopalliance-repackaged/2.5.0/aopalliance-repackaged-2.5.0.jar:/home/user/.m2/repository/com/fasterxml/jackson/dataformat/jackson-dataformat-xml/2.9.0/jackson-dataformat-xml-2.9.0.jar:/home/user/.m2/repository/com/fasterxml/jackson/core/jackson-core/2.9.9/jackson-core-2.9.9.jar:/home/user/.m2/repository/com/fasterxml/jackson/module/jackson-module-jaxb-annotations/2.9.9/jackson-module-jaxb-annotations-2.9.9.jar:/home/user/.m2/repository/javax/enterprise/cdi-api/1.2/cdi-api-1.2.jar:/home/user/.m2/repository/javax/el/javax.el-api/3.0.0/javax.el-api-3.0.0.jar:/home/user/.m2/repository/javax/interceptor/javax.interceptor-api/1.2/javax.interceptor-api-1.2.jar:/home/user/.m2/repository/javax/inject/javax.inject/1/javax.inject-1.jar:/home/user/.m2/repository/com/sun/xml/bind/jaxb-impl/2.3.0.1/jaxb-impl-2.3.0.1.jar:/home/user/.m2/repository/com/sun/xml/bind/jaxb-core/2.3.0.1/jaxb-core-2.3.0.1.jar:/home/user/.m2/repository/javax/xml/bind/jaxb-api/2.3.0/jaxb-api-2.3.0.jar:/home/user/.m2/repository/javax/activation/activation/1.1.1/activation-1.1.1.jar:/home/user/.m2/repository/org/apache/hadoop/hadoop-ozone-csi/0.5.0-SNAPSHOT/hadoop-ozone-csi-0.5.0-SNAPSHOT.jar:/home/user/.m2/repository/com/google/protobuf/protobuf-java-util/3.5.1/protobuf-java-util-3.5.1.jar:/home/user/.m2/repository/org/apache/hadoop/hadoop-hdds-config/0.5.0-SNAPSHOT/hadoop-hdds-config-0.5.0-SNAPSHOT.jar:/home/user/.m2/repository/io/grpc/grpc-netty/1.17.1/grpc-netty-1.17.1.jar:/home/user/.m2/repository/io/grpc/grpc-core/1.17.1/grpc-core-1.17.1.jar:/home/user/.m2/repository/io/grpc/grpc-context/1.17.1/grpc-context-1.17.1.jar:/home/user/.m2/repository/com/google/errorprone/error_prone_annotations/2.2.0/error_prone_annotations-2.2.0.jar:/home/user/.m2/repository/org/codehaus/mojo/animal-sniffer-annotations/1.17/animal-sniffer-annotations-1.17.jar:/home/user/.m2/repository/io/opencensus/opencensus-api/0.17.0/opencensus-api-0.17.0.jar:/home/user/.m2/repository/io/opencensus/opencensus-contrib-grpc-metrics/0.17.0/opencensus-contrib-grpc-metrics-0.17.0.jar:/home/user/.m2/repository/io/netty/netty-codec-http2/4.1.30.Final/netty-codec-http2-4.1.30.Final.jar:/home/user/.m2/repository/io/netty/netty-codec-http/4.1.30.Final/netty-codec-http-4.1.30.Final.jar:/home/user/.m2/repository/io/netty/netty-codec/4.1.30.Final/netty-codec-4.1.30.Final.jar:/home/user/.m2/repository/io/netty/netty-handler/4.1.30.Final/netty-handler-4.1.30.Final.jar:/home/user/.m2/repository/io/netty/netty-handler-proxy/4.1.30.Final/netty-handler-proxy-4.1.30.Final.jar:/home/user/.m2/repository/io/netty/netty-codec-socks/4.1.30.Final/netty-codec-socks-4.1.30.Final.jar:/home/user/.m2/repository/io/netty/netty-transport-native-epoll/4.1.30.Final/netty-transport-native-epoll-4.1.30.Final.jar:/home/user/.m2/repository/io/netty/netty-common/4.1.30.Final/netty-common-4.1.30.Final.jar:/home/user/.m2/repository/io/netty/netty-buffer/4.1.30.Final/netty-buffer-4.1.30.Final.jar:/home/user/.m2/repository/io/netty/netty-transport/4.1.30.Final/netty-transport-4.1.30.Final.jar:/home/user/.m2/repository/io/netty/netty-resolver/4.1.30.Final/netty-resolver-4.1.30.Final.jar:/home/user/.m2/repository/io/netty/netty-transport-native-unix-common/4.1.30.Final/netty-transport-native-unix-common-4.1.30.Final.jar:/home/user/.m2/repository/io/grpc/grpc-protobuf/1.17.1/grpc-protobuf-1.17.1.jar:/home/user/.m2/repository/com/google/api/grpc/proto-google-common-protos/1.0.0/proto-google-common-protos-1.0.0.jar:/home/user/.m2/repository/io/grpc/grpc-protobuf-lite/1.17.1/grpc-protobuf-lite-1.17.1.jar:/home/user/.m2/repository/io/grpc/grpc-stub/1.17.1/grpc-stub-1.17.1.jar:/home/user/.m2/repository/org/apache/hadoop/hadoop-ozone-recon/0.5.0-SNAPSHOT/hadoop-ozone-recon-0.5.0-SNAPSHOT.jar:/home/user/.m2/repository/org/apache/hadoop/hadoop-ozone-reconcodegen/0.5.0-SNAPSHOT/hadoop-ozone-reconcodegen-0.5.0-SNAPSHOT.jar:/home/user/.m2/repository/com/google/inject/extensions/guice-multibindings/4.0/guice-multibindings-4.0.jar:/home/user/.m2/repository/com/google/inject/guice/4.0/guice-4.0.jar:/home/user/.m2/repository/aopalliance/aopalliance/1.0/aopalliance-1.0.jar:/home/user/.m2/repository/com/google/inject/extensions/guice-servlet/4.0/guice-servlet-4.0.jar:/home/user/.m2/repository/org/glassfish/jersey/containers/jersey-container-servlet/2.27/jersey-container-servlet-2.27.jar:/home/user/.m2/repository/org/glassfish/hk2/guice-bridge/2.5.0/guice-bridge-2.5.0.jar:/home/user/.m2/repository/org/glassfish/jersey/core/jersey-server/2.27/jersey-server-2.27.jar:/home/user/.m2/repository/org/glassfish/jersey/core/jersey-client/2.27/jersey-client-2.27.jar:/home/user/.m2/repository/org/glassfish/jersey/media/jersey-media-jaxb/2.27/jersey-media-jaxb-2.27.jar:/home/user/.m2/repository/javax/validation/validation-api/1.1.0.Final/validation-api-1.1.0.Final.jar:/home/user/.m2/repository/org/glassfish/jersey/media/jersey-media-json-jackson/2.27/jersey-media-json-jackson-2.27.jar:/home/user/.m2/repository/org/glassfish/jersey/ext/jersey-entity-filtering/2.27/jersey-entity-filtering-2.27.jar:/home/user/.m2/repository/com/google/inject/extensions/guice-assistedinject/4.0/guice-assistedinject-4.0.jar:/home/user/.m2/repository/org/jooq/jooq/3.11.10/jooq-3.11.10.jar:/home/user/.m2/repository/org/jooq/jooq-meta/3.11.10/jooq-meta-3.11.10.jar:/home/user/.m2/repository/org/jooq/jooq-codegen/3.11.10/jooq-codegen-3.11.10.jar:/home/user/.m2/repository/com/jolbox/bonecp/0.8.0.RELEASE/bonecp-0.8.0.RELEASE.jar:/home/user/.m2/repository/org/xerial/sqlite-jdbc/3.25.2/sqlite-jdbc-3.25.2.jar:/home/user/.m2/repository/org/springframework/spring-jdbc/5.1.3.RELEASE/spring-jdbc-5.1.3.RELEASE.jar:/home/user/.m2/repository/org/springframework/spring-beans/5.1.3.RELEASE/spring-beans-5.1.3.RELEASE.jar:/home/user/.m2/repository/org/springframework/spring-core/5.1.3.RELEASE/spring-core-5.1.3.RELEASE.jar:/home/user/.m2/repository/org/springframework/spring-jcl/5.1.3.RELEASE/spring-jcl-5.1.3.RELEASE.jar:/home/user/.m2/repository/org/springframework/spring-tx/5.1.3.RELEASE/spring-tx-5.1.3.RELEASE.jar:/home/user/.m2/repository/org/apache/hadoop/hadoop-ozone-client/0.5.0-SNAPSHOT/hadoop-ozone-client-0.5.0-SNAPSHOT.jar:/home/user/.m2/repository/commons-lang/commons-lang/2.6/commons-lang-2.6.jar:/home/user/.m2/repository/org/apache/hadoop/hadoop-ozone-ozone-manager/0.5.0-SNAPSHOT/hadoop-ozone-ozone-manager-0.5.0-SNAPSHOT-tests.jar:/home/user/.m2/repository/junit/junit/4.11/junit-4.11.jar:/home/user/.m2/repository/org/hamcrest/hamcrest-core/1.3/hamcrest-core-1.3.jar:/home/user/.m2/repository/org/openjdk/jmh/jmh-core/1.19/jmh-core-1.19.jar:/home/user/.m2/repository/net/sf/jopt-simple/jopt-simple/4.6/jopt-simple-4.6.jar:/home/user/.m2/repository/org/apache/commons/commons-math3/3.1.1/commons-math3-3.1.1.jar:/home/user/.m2/repository/org/openjdk/jmh/jmh-generator-annprocess/1.19/jmh-generator-annprocess-1.19.jar:/home/user/.m2/repository/org/mockito/mockito-all/1.8.5/mockito-all-1.8.5.jar:/home/user/.m2/repository/org/apache/hadoop/hadoop-kms/3.2.0/hadoop-kms-3.2.0.jar:/home/user/.m2/repository/org/apache/hadoop/hadoop-auth/3.2.0/hadoop-auth-3.2.0.jar:/home/user/.m2/repository/com/nimbusds/nimbus-jose-jwt/4.41.1/nimbus-jose-jwt-4.41.1.jar:/home/user/.m2/repository/com/github/stephenc/jcip/jcip-annotations/1.0-1/jcip-annotations-1.0-1.jar:/home/user/.m2/repository/net/minidev/json-smart/2.3/json-smart-2.3.jar:/home/user/.m2/repository/net/minidev/accessors-smart/1.2/accessors-smart-1.2.jar:/home/user/.m2/repository/org/ow2/asm/asm/5.0.4/asm-5.0.4.jar:/home/user/.m2/repository/org/apache/curator/curator-framework/2.12.0/curator-framework-2.12.0.jar:/home/user/.m2/repository/com/sun/jersey/jersey-core/1.19/jersey-core-1.19.jar:/home/user/.m2/repository/javax/ws/rs/jsr311-api/1.1.1/jsr311-api-1.1.1.jar:/home/user/.m2/repository/com/sun/jersey/jersey-server/1.19/jersey-server-1.19.jar:/home/user/.m2/repository/javax/servlet/javax.servlet-api/3.1.0/javax.servlet-api-3.1.0.jar:/home/user/.m2/repository/org/eclipse/jetty/jetty-server/9.3.25.v20180904/jetty-server-9.3.25.v20180904.jar:/home/user/.m2/repository/org/eclipse/jetty/jetty-http/9.3.25.v20180904/jetty-http-9.3.25.v20180904.jar:/home/user/.m2/repository/org/eclipse/jetty/jetty-io/9.3.25.v20180904/jetty-io-9.3.25.v20180904.jar:/home/user/.m2/repository/org/eclipse/jetty/jetty-webapp/9.3.25.v20180904/jetty-webapp-9.3.25.v20180904.jar:/home/user/.m2/repository/org/eclipse/jetty/jetty-xml/9.3.25.v20180904/jetty-xml-9.3.25.v20180904.jar:/home/user/.m2/repository/log4j/log4j/1.2.17/log4j-1.2.17.jar:/home/user/.m2/repository/org/slf4j/slf4j-api/1.7.25/slf4j-api-1.7.25.jar:/home/user/.m2/repository/org/slf4j/jul-to-slf4j/1.7.25/jul-to-slf4j-1.7.25.jar:/home/user/.m2/repository/org/eclipse/jetty/jetty-util/9.3.25.v20180904/jetty-util-9.3.25.v20180904.jar:/home/user/.m2/repository/com/fasterxml/jackson/core/jackson-databind/2.9.9/jackson-databind-2.9.9.jar:/home/user/.m2/repository/org/apache/hadoop/hadoop-kms/3.2.0/hadoop-kms-3.2.0-tests.jar:/home/user/.m2/repository/org/apache/hadoop/hadoop-hdds-server-scm/0.5.0-SNAPSHOT/hadoop-hdds-server-scm-0.5.0-SNAPSHOT-tests.jar:/home/user/.m2/repository/org/apache/hadoop/hadoop-hdds-container-service/0.5.0-SNAPSHOT/hadoop-hdds-container-service-0.5.0-SNAPSHOT-tests.jar:/home/user/.m2/repository/org/yaml/snakeyaml/1.16/snakeyaml-1.16.jar:/home/user/.m2/repository/org/apache/hadoop/hadoop-common/3.2.0/hadoop-common-3.2.0-tests.jar:/home/user/.m2/repository/org/apache/hadoop/hadoop-annotations/3.2.0/hadoop-annotations-3.2.0.jar:/usr/lib/jvm/java-1.8.0-openjdk-1.8.0.222.b10-1.el7_7.x86_64/jre/../lib/tools.jar:/home/user/.m2/repository/commons-cli/commons-cli/1.2/commons-cli-1.2.jar:/home/user/.m2/repository/org/apache/httpcomponents/httpclient/4.5.2/httpclient-4.5.2.jar:/home/user/.m2/repository/org/apache/httpcomponents/httpcore/4.4.4/httpcore-4.4.4.jar:/home/user/.m2/repository/commons-codec/commons-codec/1.11/commons-codec-1.11.jar:/home/user/.m2/repository/commons-net/commons-net/3.6/commons-net-3.6.jar:/home/user/.m2/repository/commons-collections/commons-collections/3.2.2/commons-collections-3.2.2.jar:/home/user/.m2/repository/org/eclipse/jetty/jetty-servlet/9.3.25.v20180904/jetty-servlet-9.3.25.v20180904.jar:/home/user/.m2/repository/org/eclipse/jetty/jetty-security/9.3.25.v20180904/jetty-security-9.3.25.v20180904.jar:/home/user/.m2/repository/javax/servlet/jsp/jsp-api/2.1/jsp-api-2.1.jar:/home/user/.m2/repository/com/sun/jersey/jersey-servlet/1.19/jersey-servlet-1.19.jar:/home/user/.m2/repository/com/sun/jersey/jersey-json/1.19/jersey-json-1.19.jar:/home/user/.m2/repository/org/codehaus/jettison/jettison/1.1/jettison-1.1.jar:/home/user/.m2/repository/org/codehaus/jackson/jackson-core-asl/1.9.13/jackson-core-asl-1.9.13.jar:/home/user/.m2/repository/org/codehaus/jackson/jackson-mapper-asl/1.9.13/jackson-mapper-asl-1.9.13.jar:/home/user/.m2/repository/org/codehaus/jackson/jackson-jaxrs/1.9.13/jackson-jaxrs-1.9.13.jar:/home/user/.m2/repository/org/codehaus/jackson/jackson-xc/1.9.13/jackson-xc-1.9.13.jar:/home/user/.m2/repository/commons-logging/commons-logging/1.1.3/commons-logging-1.1.3.jar:/home/user/.m2/repository/commons-beanutils/commons-beanutils/1.9.4/commons-beanutils-1.9.4.jar:/home/user/.m2/repository/org/apache/commons/commons-configuration2/2.1.1/commons-configuration2-2.1.1.jar:/home/user/.m2/repository/org/apache/commons/commons-lang3/3.7/commons-lang3-3.7.jar:/home/user/.m2/repository/org/apache/commons/commons-text/1.4/commons-text-1.4.jar:/home/user/.m2/repository/org/apache/avro/avro/1.7.7/avro-1.7.7.jar:/home/user/.m2/repository/com/thoughtworks/paranamer/paranamer/2.3/paranamer-2.3.jar:/home/user/.m2/repository/org/xerial/snappy/snappy-java/1.0.5/snappy-java-1.0.5.jar:/home/user/.m2/repository/com/google/re2j/re2j/1.1/re2j-1.1.jar:/home/user/.m2/repository/com/google/code/gson/gson/2.2.4/gson-2.2.4.jar:/home/user/.m2/repository/com/jcraft/jsch/0.1.54/jsch-0.1.54.jar:/home/user/.m2/repository/org/apache/curator/curator-client/2.12.0/curator-client-2.12.0.jar:/home/user/.m2/repository/org/apache/curator/curator-recipes/2.12.0/curator-recipes-2.12.0.jar:/home/user/.m2/repository/com/google/code/findbugs/jsr305/3.0.0/jsr305-3.0.0.jar:/home/user/.m2/repository/org/apache/htrace/htrace-core4/4.1.0-incubating/htrace-core4-4.1.0-incubating.jar:/home/user/.m2/repository/org/apache/zookeeper/zookeeper/3.4.13/zookeeper-3.4.13.jar:/home/user/.m2/repository/jline/jline/0.9.94/jline-0.9.94.jar:/home/user/.m2/repository/org/apache/yetus/audience-annotations/0.5.0/audience-annotations-0.5.0.jar:/home/user/.m2/repository/org/codehaus/woodstox/stax2-api/3.1.4/stax2-api-3.1.4.jar:/home/user/.m2/repository/com/fasterxml/woodstox/woodstox-core/5.0.3/woodstox-core-5.0.3.jar:/home/user/.m2/repository/dnsjava/dnsjava/2.1.7/dnsjava-2.1.7.jar:/home/user/.m2/repository/org/apache/hadoop/hadoop-hdfs/3.2.0/hadoop-hdfs-3.2.0-tests.jar:/home/user/.m2/repository/org/eclipse/jetty/jetty-util-ajax/9.3.25.v20180904/jetty-util-ajax-9.3.25.v20180904.jar:/home/user/.m2/repository/commons-daemon/commons-daemon/1.0.13/commons-daemon-1.0.13.jar:/home/user/.m2/repository/io/netty/netty/3.10.5.Final/netty-3.10.5.Final.jar:/home/user/.m2/repository/io/netty/netty-all/4.0.52.Final/netty-all-4.0.52.Final.jar:/home/user/.m2/repository/org/fusesource/leveldbjni/leveldbjni-all/1.8/leveldbjni-all-1.8.jar:"/>
    <property name="sun.cpu.endian" value="little"/>
    <property name="user.home" value="/home/user"/>
    <property name="user.language" value="en"/>
    <property name="java.specification.vendor" value="Oracle Corporation"/>
    <property name="java.home" value="/usr/lib/jvm/java-1.8.0-openjdk-1.8.0.222.b10-1.el7_7.x86_64/jre"/>
    <property name="surefire.excludesFile" value="/tools/ozone-bad-unit-tests"/>
    <property name="java.security.krb5.conf" value="/workdir/hadoop-ozone/integration-test/target/test-classes/krb5.conf"/>
    <property name="basedir" value="/workdir/hadoop-ozone/integration-test"/>
    <property name="file.separator" value="/"/>
    <property name="line.separator" value="&#10;"/>
    <property name="java.vm.specification.vendor" value="Oracle Corporation"/>
    <property name="java.specification.name" value="Java Platform API Specification"/>
    <property name="java.awt.graphicsenv" value="sun.awt.X11GraphicsEnvironment"/>
    <property name="surefire.real.class.path" value="/workdir/hadoop-ozone/integration-test/target/surefire/surefirebooter7716399321923306490.jar"/>
    <property name="hadoop.log.dir" value="/workdir/hadoop-ozone/integration-test/target/log"/>
    <property name="sun.boot.class.path" value="/usr/lib/jvm/java-1.8.0-openjdk-1.8.0.222.b10-1.el7_7.x86_64/jre/lib/resources.jar:/usr/lib/jvm/java-1.8.0-openjdk-1.8.0.222.b10-1.el7_7.x86_64/jre/lib/rt.jar:/usr/lib/jvm/java-1.8.0-openjdk-1.8.0.222.b10-1.el7_7.x86_64/jre/lib/sunrsasign.jar:/usr/lib/jvm/java-1.8.0-openjdk-1.8.0.222.b10-1.el7_7.x86_64/jre/lib/jsse.jar:/usr/lib/jvm/java-1.8.0-openjdk-1.8.0.222.b10-1.el7_7.x86_64/jre/lib/jce.jar:/usr/lib/jvm/java-1.8.0-openjdk-1.8.0.222.b10-1.el7_7.x86_64/jre/lib/charsets.jar:/usr/lib/jvm/java-1.8.0-openjdk-1.8.0.222.b10-1.el7_7.x86_64/jre/lib/jfr.jar:/usr/lib/jvm/java-1.8.0-openjdk-1.8.0.222.b10-1.el7_7.x86_64/jre/classes"/>
    <property name="sun.management.compiler" value="HotSpot 64-Bit Tiered Compilers"/>
    <property name="java.runtime.version" value="1.8.0_222-b10"/>
    <property name="java.net.preferIPv4Stack" value="true"/>
    <property name="user.name" value="jenkins1000"/>
    <property name="path.separator" value=":"/>
    <property name="java.security.egd" value="file:///dev/urandom"/>
    <property name="os.version" value="3.10.0-957.12.2.el7.x86_64"/>
    <property name="java.endorsed.dirs" value="/usr/lib/jvm/java-1.8.0-openjdk-1.8.0.222.b10-1.el7_7.x86_64/jre/lib/endorsed"/>
    <property name="java.runtime.name" value="OpenJDK Runtime Environment"/>
    <property name="file.encoding" value="ANSI_X3.4-1968"/>
    <property name="java.vm.name" value="OpenJDK 64-Bit Server VM"/>
    <property name="test.build.webapps" value=""/>
    <property name="localRepository" value="/home/user/.m2/repository"/>
    <property name="java.vendor.url.bug" value="http://bugreport.sun.com/bugreport/"/>
    <property name="java.io.tmpdir" value="/tmp"/>
    <property name="require.test.libhadoop" value=""/>
    <property name="java.version" value="1.8.0_222"/>
    <property name="user.dir" value="/workdir/hadoop-ozone/integration-test"/>
    <property name="os.arch" value="amd64"/>
    <property name="java.vm.specification.name" value="Java Virtual Machine Specification"/>
    <property name="test.build.classes" value="/workdir/hadoop-ozone/integration-test/target/test-classes"/>
    <property name="java.awt.printerjob" value="sun.print.PSPrinterJob"/>
    <property name="sun.os.patch.level" value="unknown"/>
    <property name="hadoop.tmp.dir" value="/workdir/hadoop-ozone/integration-test/target/tmp"/>
    <property name="java.library.path" value="/usr/lib:/workdir/hadoop-ozone/integration-test/target/native/target/usr/local/lib:/workdir/hadoop-ozone/integration-test/../../hadoop-common-project/hadoop-common/target/native/target/usr/local/lib:/usr/java/packages/lib/amd64:/usr/lib64:/lib64:/lib:/usr/lib"/>
    <property name="java.vm.info" value="mixed mode"/>
    <property name="java.vendor" value="Oracle Corporation"/>
    <property name="java.vm.version" value="25.222-b10"/>
    <property name="java.ext.dirs" value="/usr/lib/jvm/java-1.8.0-openjdk-1.8.0.222.b10-1.el7_7.x86_64/jre/lib/ext:/usr/java/packages/lib/ext"/>
    <property name="sun.io.unicode.encoding" value="UnicodeLittle"/>
    <property name="java.class.version" value="52.0"/>
  </properties>
  <testcase name="testPipelineExclusionWithPipelineFailure" classname="org.apache.hadoop.ozone.client.rpc.TestFailureHandlingByClient" time="91.948"/>
  <testcase name="testContainerExclusionWithClosedContainerException" classname="org.apache.hadoop.ozone.client.rpc.TestFailureHandlingByClient" time="36.424">
    <error message="PipelineID=4325347f-0163-4ab6-afe4-cebb0e7fbced not found" type="org.apache.hadoop.hdds.scm.pipeline.PipelineNotFoundException">org.apache.hadoop.hdds.scm.pipeline.PipelineNotFoundException: PipelineID=4325347f-0163-4ab6-afe4-cebb0e7fbced not found
	at org.apache.hadoop.hdds.scm.pipeline.PipelineStateMap.getPipeline(PipelineStateMap.java:132)
	at org.apache.hadoop.hdds.scm.pipeline.PipelineStateManager.getPipeline(PipelineStateManager.java:64)
	at org.apache.hadoop.hdds.scm.pipeline.SCMPipelineManager.getPipeline(SCMPipelineManager.java:191)
	at org.apache.hadoop.ozone.container.ContainerTestHelper.waitForContainerClose(ContainerTestHelper.java:873)
	at org.apache.hadoop.ozone.client.rpc.TestFailureHandlingByClient.testContainerExclusionWithClosedContainerException(TestFailureHandlingByClient.java:249)
	at sun.reflect.NativeMethodAccessorImpl.invoke0(Native Method)
	at sun.reflect.NativeMethodAccessorImpl.invoke(NativeMethodAccessorImpl.java:62)
	at sun.reflect.DelegatingMethodAccessorImpl.invoke(DelegatingMethodAccessorImpl.java:43)
	at java.lang.reflect.Method.invoke(Method.java:498)
	at org.junit.runners.model.FrameworkMethod$1.runReflectiveCall(FrameworkMethod.java:47)
	at org.junit.internal.runners.model.ReflectiveCallable.run(ReflectiveCallable.java:12)
	at org.junit.runners.model.FrameworkMethod.invokeExplosively(FrameworkMethod.java:44)
	at org.junit.internal.runners.statements.InvokeMethod.evaluate(InvokeMethod.java:17)
	at org.junit.internal.runners.statements.RunAfters.evaluate(RunAfters.java:27)
	at org.junit.runners.ParentRunner.runLeaf(ParentRunner.java:271)
	at org.junit.runners.BlockJUnit4ClassRunner.runChild(BlockJUnit4ClassRunner.java:70)
	at org.junit.runners.BlockJUnit4ClassRunner.runChild(BlockJUnit4ClassRunner.java:50)
	at org.junit.runners.ParentRunner$3.run(ParentRunner.java:238)
	at org.junit.runners.ParentRunner$1.schedule(ParentRunner.java:63)
	at org.junit.runners.ParentRunner.runChildren(ParentRunner.java:236)
	at org.junit.runners.ParentRunner.access$000(ParentRunner.java:53)
	at org.junit.runners.ParentRunner$2.evaluate(ParentRunner.java:229)
	at org.junit.runners.ParentRunner.run(ParentRunner.java:309)
	at org.apache.maven.surefire.junit4.JUnit4Provider.execute(JUnit4Provider.java:365)
	at org.apache.maven.surefire.junit4.JUnit4Provider.executeWithRerun(JUnit4Provider.java:273)
	at org.apache.maven.surefire.junit4.JUnit4Provider.executeTestSet(JUnit4Provider.java:238)
	at org.apache.maven.surefire.junit4.JUnit4Provider.invoke(JUnit4Provider.java:159)
	at org.apache.maven.surefire.booter.ForkedBooter.invokeProviderInSameClassLoader(ForkedBooter.java:384)
	at org.apache.maven.surefire.booter.ForkedBooter.runSuitesInProcess(ForkedBooter.java:345)
	at org.apache.maven.surefire.booter.ForkedBooter.execute(ForkedBooter.java:126)
	at org.apache.maven.surefire.booter.ForkedBooter.main(ForkedBooter.java:418)
</error>
    <system-out><![CDATA[2019-11-15 03:52:13,272 [main] WARN  server.ServerUtils (ServerUtils.java:getScmDbDir(145)) - ozone.scm.db.dirs is not configured. We recommend adding this setting. Falling back to ozone.metadata.dirs instead.
2019-11-15 03:52:13,314 [main] WARN  server.ServerUtils (ServerUtils.java:getScmDbDir(145)) - ozone.scm.db.dirs is not configured. We recommend adding this setting. Falling back to ozone.metadata.dirs instead.
2019-11-15 03:52:13,314 [main] WARN  server.ServerUtils (ServerUtils.java:getScmDbDir(145)) - ozone.scm.db.dirs is not configured. We recommend adding this setting. Falling back to ozone.metadata.dirs instead.
2019-11-15 03:52:13,315 [main] INFO  db.DBStoreBuilder (DBStoreBuilder.java:addTable(127)) - using custom profile for table: deletedBlocks
2019-11-15 03:52:13,315 [main] INFO  db.DBStoreBuilder (DBStoreBuilder.java:processTables(183)) - Using default column profile:DBProfile.DISK for Table:deletedBlocks
2019-11-15 03:52:13,315 [main] INFO  db.DBStoreBuilder (DBStoreBuilder.java:addTable(127)) - using custom profile for table: validCerts
2019-11-15 03:52:13,315 [main] INFO  db.DBStoreBuilder (DBStoreBuilder.java:processTables(183)) - Using default column profile:DBProfile.DISK for Table:validCerts
2019-11-15 03:52:13,316 [main] INFO  db.DBStoreBuilder (DBStoreBuilder.java:addTable(127)) - using custom profile for table: revokedCerts
2019-11-15 03:52:13,316 [main] INFO  db.DBStoreBuilder (DBStoreBuilder.java:processTables(183)) - Using default column profile:DBProfile.DISK for Table:revokedCerts
2019-11-15 03:52:13,316 [main] INFO  db.DBStoreBuilder (DBStoreBuilder.java:addTable(127)) - using custom profile for table: default
2019-11-15 03:52:13,316 [main] INFO  db.DBStoreBuilder (DBStoreBuilder.java:processTables(189)) - Using default column profile:DBProfile.DISK for Table:default
2019-11-15 03:52:13,316 [main] INFO  db.DBStoreBuilder (DBStoreBuilder.java:getDbProfile(220)) - Using default options. DBProfile.DISK
2019-11-15 03:52:13,646 [main] INFO  net.NodeSchemaLoader (NodeSchemaLoader.java:loadSchemaFromFile(125)) - Loading file from sun.misc.CompoundEnumeration@314b9e4b
2019-11-15 03:52:13,646 [main] INFO  net.NodeSchemaLoader (NodeSchemaLoader.java:loadSchema(171)) - Loading network topology layer schema file
2019-11-15 03:52:13,653 [main] INFO  node.SCMNodeManager (SCMNodeManager.java:<init>(116)) - Entering startup safe mode.
2019-11-15 03:52:13,654 [main] INFO  algorithms.ContainerPlacementPolicyFactory (ContainerPlacementPolicyFactory.java:getPolicy(57)) - Create container placement policy of type org.apache.hadoop.hdds.scm.container.placement.algorithms.SCMContainerPlacementRandom
2019-11-15 03:52:13,654 [main] WARN  server.ServerUtils (ServerUtils.java:getScmDbDir(145)) - ozone.scm.db.dirs is not configured. We recommend adding this setting. Falling back to ozone.metadata.dirs instead.
2019-11-15 03:52:13,788 [main] INFO  pipeline.SCMPipelineManager (SCMPipelineManager.java:initializePipelineState(132)) - No pipeline exists in current db
2019-11-15 03:52:13,788 [main] WARN  server.ServerUtils (ServerUtils.java:getScmDbDir(145)) - ozone.scm.db.dirs is not configured. We recommend adding this setting. Falling back to ozone.metadata.dirs instead.
2019-11-15 03:52:13,925 [main] WARN  events.EventQueue (EventQueue.java:fireEvent(183)) - No event handler registered for event TypedEvent{payloadType=SafeModeStatus, name='SafeModeStatus'}
2019-11-15 03:52:13,927 [main] INFO  ipc.CallQueueManager (CallQueueManager.java:<init>(84)) - Using callQueue: class java.util.concurrent.LinkedBlockingQueue, queueCapacity: 2000, scheduler: class org.apache.hadoop.ipc.DefaultRpcScheduler, ipcBackoff: false.
2019-11-15 03:52:13,928 [Socket Reader #1 for port 36809] INFO  ipc.Server (Server.java:run(1074)) - Starting Socket Reader #1 for port 36809
2019-11-15 03:52:13,930 [main] INFO  ipc.CallQueueManager (CallQueueManager.java:<init>(84)) - Using callQueue: class java.util.concurrent.LinkedBlockingQueue, queueCapacity: 2000, scheduler: class org.apache.hadoop.ipc.DefaultRpcScheduler, ipcBackoff: false.
2019-11-15 03:52:13,931 [Socket Reader #1 for port 41383] INFO  ipc.Server (Server.java:run(1074)) - Starting Socket Reader #1 for port 41383
2019-11-15 03:52:13,932 [main] INFO  ipc.CallQueueManager (CallQueueManager.java:<init>(84)) - Using callQueue: class java.util.concurrent.LinkedBlockingQueue, queueCapacity: 2000, scheduler: class org.apache.hadoop.ipc.DefaultRpcScheduler, ipcBackoff: false.
2019-11-15 03:52:13,933 [Socket Reader #1 for port 34104] INFO  ipc.Server (Server.java:run(1074)) - Starting Socket Reader #1 for port 34104
2019-11-15 03:52:13,936 [main] INFO  hdfs.DFSUtil (DFSUtil.java:httpServerTemplateForNNAndJN(1641)) - Starting Web-server for scm at: http://0.0.0.0:0
2019-11-15 03:52:13,939 [main] INFO  server.AuthenticationFilter (AuthenticationFilter.java:constructSecretProvider(240)) - Unable to initialize FileSignerSecretProvider, falling back to use random secrets.
2019-11-15 03:52:13,940 [main] WARN  http.HttpRequestLog (HttpRequestLog.java:getRequestLog(97)) - Jetty request log can only be enabled using Log4j
2019-11-15 03:52:13,943 [main] INFO  http.HttpServer2 (HttpServer2.java:addGlobalFilter(975)) - Added global filter 'safety' (class=org.apache.hadoop.http.HttpServer2$QuotingInputFilter)
2019-11-15 03:52:13,943 [main] INFO  http.HttpServer2 (HttpServer2.java:addFilter(948)) - Added filter static_user_filter (class=org.apache.hadoop.http.lib.StaticUserWebFilter$StaticUserFilter) to context scm
2019-11-15 03:52:13,944 [main] INFO  http.HttpServer2 (HttpServer2.java:addFilter(958)) - Added filter static_user_filter (class=org.apache.hadoop.http.lib.StaticUserWebFilter$StaticUserFilter) to context static
2019-11-15 03:52:13,944 [main] INFO  http.HttpServer2 (HttpServer2.java:addFilter(958)) - Added filter static_user_filter (class=org.apache.hadoop.http.lib.StaticUserWebFilter$StaticUserFilter) to context logs
2019-11-15 03:52:13,947 [main] INFO  server.StorageContainerManager (StorageContainerManager.java:start(766)) - StorageContainerLocationProtocol RPC server is listening at /0.0.0.0:34104
2019-11-15 03:52:13,950 [main] WARN  impl.MetricsConfig (MetricsConfig.java:loadFirst(134)) - Cannot locate configuration: tried hadoop-metrics2-storagecontainermanager.properties,hadoop-metrics2.properties
2019-11-15 03:52:13,951 [main] INFO  impl.MetricsSystemImpl (MetricsSystemImpl.java:startTimer(374)) - Scheduled Metric snapshot period at 10 second(s).
2019-11-15 03:52:13,951 [main] INFO  impl.MetricsSystemImpl (MetricsSystemImpl.java:start(191)) - StorageContainerManager metrics system started
2019-11-15 03:52:13,993 [main] WARN  impl.MetricsSystemImpl (MetricsSystemImpl.java:register(276)) - Sink prometheus already exists!
2019-11-15 03:52:13,999 [main] INFO  server.SCMClientProtocolServer (SCMClientProtocolServer.java:start(160)) - RPC server for Client  is listening at /0.0.0.0:34104
2019-11-15 03:52:14,000 [IPC Server Responder] INFO  ipc.Server (Server.java:run(1314)) - IPC Server Responder: starting
2019-11-15 03:52:14,000 [IPC Server listener on 34104] INFO  ipc.Server (Server.java:run(1153)) - IPC Server listener on 34104: starting
2019-11-15 03:52:14,004 [main] INFO  server.StorageContainerManager (StorageContainerManager.java:start(776)) - ScmBlockLocationProtocol RPC server is listening at /0.0.0.0:41383
2019-11-15 03:52:14,004 [main] INFO  server.SCMBlockProtocolServer (SCMBlockProtocolServer.java:start(146)) - RPC server for Block Protocol is listening at /0.0.0.0:41383
2019-11-15 03:52:14,004 [IPC Server Responder] INFO  ipc.Server (Server.java:run(1314)) - IPC Server Responder: starting
2019-11-15 03:52:14,004 [IPC Server listener on 41383] INFO  ipc.Server (Server.java:run(1153)) - IPC Server listener on 41383: starting
2019-11-15 03:52:14,008 [main] INFO  server.StorageContainerManager (StorageContainerManager.java:start(780)) - ScmDatanodeProtocl RPC server is listening at /0.0.0.0:36809
2019-11-15 03:52:14,008 [main] INFO  server.SCMDatanodeProtocolServer (SCMDatanodeProtocolServer.java:start(169)) - RPC server for DataNodes is listening at /0.0.0.0:36809
2019-11-15 03:52:14,009 [IPC Server Responder] INFO  ipc.Server (Server.java:run(1314)) - IPC Server Responder: starting
2019-11-15 03:52:14,009 [IPC Server listener on 36809] INFO  ipc.Server (Server.java:run(1153)) - IPC Server listener on 36809: starting
2019-11-15 03:52:14,012 [main] INFO  http.HttpServer2 (HttpServer2.java:bindListener(1191)) - Jetty bound to port 42168
2019-11-15 03:52:14,012 [main] INFO  server.Server (Server.java:doStart(351)) - jetty-9.3.25.v20180904, build timestamp: 2018-09-04T21:11:46Z, git hash: 3ce520221d0240229c862b122d2b06c12a625732
2019-11-15 03:52:14,014 [main] INFO  handler.ContextHandler (ContextHandler.java:doStart(781)) - Started o.e.j.s.ServletContextHandler@75babb67{/logs,file:///workdir/hadoop-ozone/integration-test/target/log,AVAILABLE}
2019-11-15 03:52:14,015 [main] INFO  handler.ContextHandler (ContextHandler.java:doStart(781)) - Started o.e.j.s.ServletContextHandler@69cd1085{/static,file:///workdir/hadoop-ozone/integration-test/target/test-classes/webapps/static,AVAILABLE}
2019-11-15 03:52:14,019 [main] INFO  handler.ContextHandler (ContextHandler.java:doStart(781)) - Started o.e.j.w.WebAppContext@48a663e9{/,file:///workdir/hadoop-ozone/integration-test/target/test-classes/webapps/scm/,AVAILABLE}{/scm}
2019-11-15 03:52:14,019 [main] INFO  server.AbstractConnector (AbstractConnector.java:doStart(278)) - Started ServerConnector@777d0bc3{HTTP/1.1,[http/1.1]}{0.0.0.0:42168}
2019-11-15 03:52:14,020 [main] INFO  server.Server (Server.java:doStart(419)) - Started @93145ms
2019-11-15 03:52:14,020 [main] WARN  impl.MetricsSystemImpl (MetricsSystemImpl.java:register(276)) - Sink prometheus already exists!
2019-11-15 03:52:14,021 [main] INFO  server.BaseHttpServer (BaseHttpServer.java:updateConnectorAddress(215)) - HTTP server of SCM is listening at http://0.0.0.0:42168
2019-11-15 03:52:14,022 [main] WARN  server.ServerUtils (ServerUtils.java:getDBPath(222)) - ozone.om.db.dirs is not configured. We recommend adding this setting. Falling back to ozone.metadata.dirs instead.
2019-11-15 03:52:14,022 [org.apache.hadoop.util.JvmPauseMonitor$Monitor@2d85fb64] INFO  util.JvmPauseMonitor (JvmPauseMonitor.java:run(188)) - Starting JVM pause monitor
2019-11-15 03:52:14,055 [main] INFO  ha.OMHANodeDetails (OMHANodeDetails.java:loadOMHAConfig(190)) - Configuration either no ozone.om.address set. Falling back to the default OM address /127.0.0.1:0
2019-11-15 03:52:14,055 [main] INFO  ha.OMHANodeDetails (OMHANodeDetails.java:getOMNodeDetails(220)) - OM Service ID is not set. Setting it to the default ID: omServiceIdDefault
2019-11-15 03:52:14,056 [main] WARN  server.ServerUtils (ServerUtils.java:getDBPath(222)) - ozone.om.db.dirs is not configured. We recommend adding this setting. Falling back to ozone.metadata.dirs instead.
2019-11-15 03:52:14,056 [main] WARN  server.ServerUtils (ServerUtils.java:getDBPath(222)) - ozone.om.db.dirs is not configured. We recommend adding this setting. Falling back to ozone.metadata.dirs instead.
2019-11-15 03:52:14,065 [main] WARN  server.ServerUtils (ServerUtils.java:getDBPath(222)) - ozone.om.db.dirs is not configured. We recommend adding this setting. Falling back to ozone.metadata.dirs instead.
2019-11-15 03:52:14,066 [main] INFO  db.DBStoreBuilder (DBStoreBuilder.java:addTable(127)) - using custom profile for table: userTable
2019-11-15 03:52:14,066 [main] INFO  db.DBStoreBuilder (DBStoreBuilder.java:processTables(183)) - Using default column profile:DBProfile.DISK for Table:userTable
2019-11-15 03:52:14,066 [main] INFO  db.DBStoreBuilder (DBStoreBuilder.java:addTable(127)) - using custom profile for table: volumeTable
2019-11-15 03:52:14,067 [main] INFO  db.DBStoreBuilder (DBStoreBuilder.java:processTables(183)) - Using default column profile:DBProfile.DISK for Table:volumeTable
2019-11-15 03:52:14,067 [main] INFO  db.DBStoreBuilder (DBStoreBuilder.java:addTable(127)) - using custom profile for table: bucketTable
2019-11-15 03:52:14,067 [main] INFO  db.DBStoreBuilder (DBStoreBuilder.java:processTables(183)) - Using default column profile:DBProfile.DISK for Table:bucketTable
2019-11-15 03:52:14,067 [main] INFO  db.DBStoreBuilder (DBStoreBuilder.java:addTable(127)) - using custom profile for table: keyTable
2019-11-15 03:52:14,068 [main] INFO  db.DBStoreBuilder (DBStoreBuilder.java:processTables(183)) - Using default column profile:DBProfile.DISK for Table:keyTable
2019-11-15 03:52:14,068 [main] INFO  db.DBStoreBuilder (DBStoreBuilder.java:addTable(127)) - using custom profile for table: deletedTable
2019-11-15 03:52:14,068 [main] INFO  db.DBStoreBuilder (DBStoreBuilder.java:processTables(183)) - Using default column profile:DBProfile.DISK for Table:deletedTable
2019-11-15 03:52:14,068 [main] INFO  db.DBStoreBuilder (DBStoreBuilder.java:addTable(127)) - using custom profile for table: openKeyTable
2019-11-15 03:52:14,069 [main] INFO  db.DBStoreBuilder (DBStoreBuilder.java:processTables(183)) - Using default column profile:DBProfile.DISK for Table:openKeyTable
2019-11-15 03:52:14,069 [main] INFO  db.DBStoreBuilder (DBStoreBuilder.java:addTable(127)) - using custom profile for table: s3Table
2019-11-15 03:52:14,069 [main] INFO  db.DBStoreBuilder (DBStoreBuilder.java:processTables(183)) - Using default column profile:DBProfile.DISK for Table:s3Table
2019-11-15 03:52:14,069 [main] INFO  db.DBStoreBuilder (DBStoreBuilder.java:addTable(127)) - using custom profile for table: multipartInfoTable
2019-11-15 03:52:14,069 [main] INFO  db.DBStoreBuilder (DBStoreBuilder.java:processTables(183)) - Using default column profile:DBProfile.DISK for Table:multipartInfoTable
2019-11-15 03:52:14,070 [main] INFO  db.DBStoreBuilder (DBStoreBuilder.java:addTable(127)) - using custom profile for table: dTokenTable
2019-11-15 03:52:14,070 [main] INFO  db.DBStoreBuilder (DBStoreBuilder.java:processTables(183)) - Using default column profile:DBProfile.DISK for Table:dTokenTable
2019-11-15 03:52:14,070 [main] INFO  db.DBStoreBuilder (DBStoreBuilder.java:addTable(127)) - using custom profile for table: s3SecretTable
2019-11-15 03:52:14,070 [main] INFO  db.DBStoreBuilder (DBStoreBuilder.java:processTables(183)) - Using default column profile:DBProfile.DISK for Table:s3SecretTable
2019-11-15 03:52:14,071 [main] INFO  db.DBStoreBuilder (DBStoreBuilder.java:addTable(127)) - using custom profile for table: prefixTable
2019-11-15 03:52:14,071 [main] INFO  db.DBStoreBuilder (DBStoreBuilder.java:processTables(183)) - Using default column profile:DBProfile.DISK for Table:prefixTable
2019-11-15 03:52:14,071 [main] INFO  db.DBStoreBuilder (DBStoreBuilder.java:addTable(127)) - using custom profile for table: default
2019-11-15 03:52:14,071 [main] INFO  db.DBStoreBuilder (DBStoreBuilder.java:processTables(189)) - Using default column profile:DBProfile.DISK for Table:default
2019-11-15 03:52:14,072 [main] INFO  db.DBStoreBuilder (DBStoreBuilder.java:getDbProfile(220)) - Using default options. DBProfile.DISK
2019-11-15 03:52:14,899 [main] INFO  ipc.CallQueueManager (CallQueueManager.java:<init>(84)) - Using callQueue: class java.util.concurrent.LinkedBlockingQueue, queueCapacity: 2000, scheduler: class org.apache.hadoop.ipc.DefaultRpcScheduler, ipcBackoff: false.
2019-11-15 03:52:14,900 [Socket Reader #1 for port 44405] INFO  ipc.Server (Server.java:run(1074)) - Starting Socket Reader #1 for port 44405
2019-11-15 03:52:14,919 [main] INFO  om.OzoneManager (OzoneManager.java:start(1077)) - OzoneManager RPC server is listening at localhost/127.0.0.1:44405
2019-11-15 03:52:14,919 [main] INFO  impl.MetricsSystemImpl (MetricsSystemImpl.java:init(158)) - OzoneManager metrics system started (again)
2019-11-15 03:52:14,920 [IPC Server Responder] INFO  ipc.Server (Server.java:run(1314)) - IPC Server Responder: starting
2019-11-15 03:52:14,921 [IPC Server listener on 44405] INFO  ipc.Server (Server.java:run(1153)) - IPC Server listener on 44405: starting
2019-11-15 03:52:14,927 [main] INFO  hdfs.DFSUtil (DFSUtil.java:httpServerTemplateForNNAndJN(1641)) - Starting Web-server for ozoneManager at: http://0.0.0.0:0
2019-11-15 03:52:14,929 [main] INFO  server.AuthenticationFilter (AuthenticationFilter.java:constructSecretProvider(240)) - Unable to initialize FileSignerSecretProvider, falling back to use random secrets.
2019-11-15 03:52:14,929 [main] WARN  http.HttpRequestLog (HttpRequestLog.java:getRequestLog(97)) - Jetty request log can only be enabled using Log4j
2019-11-15 03:52:14,932 [main] INFO  http.HttpServer2 (HttpServer2.java:addGlobalFilter(975)) - Added global filter 'safety' (class=org.apache.hadoop.http.HttpServer2$QuotingInputFilter)
2019-11-15 03:52:14,933 [main] INFO  http.HttpServer2 (HttpServer2.java:addFilter(948)) - Added filter static_user_filter (class=org.apache.hadoop.http.lib.StaticUserWebFilter$StaticUserFilter) to context ozoneManager
2019-11-15 03:52:14,933 [main] INFO  http.HttpServer2 (HttpServer2.java:addFilter(958)) - Added filter static_user_filter (class=org.apache.hadoop.http.lib.StaticUserWebFilter$StaticUserFilter) to context logs
2019-11-15 03:52:14,933 [main] INFO  http.HttpServer2 (HttpServer2.java:addFilter(958)) - Added filter static_user_filter (class=org.apache.hadoop.http.lib.StaticUserWebFilter$StaticUserFilter) to context static
2019-11-15 03:52:14,935 [main] INFO  http.HttpServer2 (HttpServer2.java:bindListener(1191)) - Jetty bound to port 33750
2019-11-15 03:52:14,935 [main] INFO  server.Server (Server.java:doStart(351)) - jetty-9.3.25.v20180904, build timestamp: 2018-09-04T21:11:46Z, git hash: 3ce520221d0240229c862b122d2b06c12a625732
2019-11-15 03:52:14,937 [main] INFO  handler.ContextHandler (ContextHandler.java:doStart(781)) - Started o.e.j.s.ServletContextHandler@44fdce3c{/logs,file:///workdir/hadoop-ozone/integration-test/target/log,AVAILABLE}
2019-11-15 03:52:14,938 [main] INFO  handler.ContextHandler (ContextHandler.java:doStart(781)) - Started o.e.j.s.ServletContextHandler@6d33a66e{/static,file:///workdir/hadoop-ozone/integration-test/target/test-classes/webapps/static,AVAILABLE}
2019-11-15 03:52:14,943 [main] INFO  handler.ContextHandler (ContextHandler.java:doStart(781)) - Started o.e.j.w.WebAppContext@7f4701b1{/,file:///workdir/hadoop-ozone/integration-test/target/test-classes/webapps/ozoneManager/,AVAILABLE}{/ozoneManager}
2019-11-15 03:52:14,945 [main] INFO  server.AbstractConnector (AbstractConnector.java:doStart(278)) - Started ServerConnector@adcfad9{HTTP/1.1,[http/1.1]}{0.0.0.0:33750}
2019-11-15 03:52:14,945 [main] INFO  server.Server (Server.java:doStart(419)) - Started @94070ms
2019-11-15 03:52:14,945 [main] WARN  impl.MetricsSystemImpl (MetricsSystemImpl.java:register(276)) - Sink prometheus already exists!
2019-11-15 03:52:14,946 [main] INFO  server.BaseHttpServer (BaseHttpServer.java:updateConnectorAddress(215)) - HTTP server of OZONEMANAGER is listening at http://0.0.0.0:33750
2019-11-15 03:52:14,976 [main] INFO  impl.MetricsSystemImpl (MetricsSystemImpl.java:init(158)) - HddsDatanode metrics system started (again)
2019-11-15 03:52:14,978 [main] INFO  ozone.HddsDatanodeService (HddsDatanodeService.java:start(186)) - HddsDatanodeService host:pr-hdds-2493-n7h87-1962818265 ip:192.168.157.206
2019-11-15 03:52:14,986 [main] INFO  volume.HddsVolume (HddsVolume.java:<init>(176)) - Creating Volume: /workdir/hadoop-ozone/integration-test/target/test-dir/MiniOzoneClusterImpl-7bc5bb7c-5c55-4645-ae41-72269081a146/datanode-0/data/containers/hdds of  storage type : DISK and capacity : 1482555576320
2019-11-15 03:52:14,986 [main] INFO  volume.VolumeSet (VolumeSet.java:initializeVolumeSet(170)) - Added Volume : /workdir/hadoop-ozone/integration-test/target/test-dir/MiniOzoneClusterImpl-7bc5bb7c-5c55-4645-ae41-72269081a146/datanode-0/data/containers/hdds to VolumeSet
2019-11-15 03:52:14,987 [main] INFO  volume.ThrottledAsyncChecker (ThrottledAsyncChecker.java:schedule(141)) - Scheduling a check for /workdir/hadoop-ozone/integration-test/target/test-dir/MiniOzoneClusterImpl-7bc5bb7c-5c55-4645-ae41-72269081a146/datanode-0/data/containers/hdds
2019-11-15 03:52:14,987 [main] INFO  volume.HddsVolumeChecker (HddsVolumeChecker.java:checkAllVolumes(204)) - Scheduled health check for volume /workdir/hadoop-ozone/integration-test/target/test-dir/MiniOzoneClusterImpl-7bc5bb7c-5c55-4645-ae41-72269081a146/datanode-0/data/containers/hdds
2019-11-15 03:52:15,003 [main] INFO  impl.RaftServerProxy (ConfUtils.java:logGet(43)) - raft.rpc.type = GRPC (default)
2019-11-15 03:52:15,004 [main] INFO  grpc.GrpcFactory (GrpcFactory.java:checkPooledByteBufAllocatorUseCacheForAllThreads(45)) - PERFORMANCE WARNING: useCacheForAllThreads is true that may cause Netty to create a lot garbage objects and, as a result, trigger GC.
	It is recommended to disable useCacheForAllThreads by setting -Dorg.apache.ratis.thirdparty.io.netty.allocator.useCacheForAllThreads=false in command line.
2019-11-15 03:52:15,004 [main] INFO  grpc.GrpcConfigKeys$Server (ConfUtils.java:logGet(43)) - raft.grpc.server.port = 0 (default)
2019-11-15 03:52:15,004 [main] INFO  server.GrpcService (ConfUtils.java:logGet(43)) - raft.grpc.message.size.max = 33570816 (custom)
2019-11-15 03:52:15,004 [main] INFO  server.RaftServerConfigKeys (ConfUtils.java:logGet(43)) - raft.server.log.appender.buffer.byte-limit = 33554432 (custom)
2019-11-15 03:52:15,005 [main] INFO  server.GrpcService (ConfUtils.java:logGet(43)) - raft.grpc.flow.control.window = 1MB (=1048576) (default)
2019-11-15 03:52:15,005 [main] INFO  server.RaftServerConfigKeys (ConfUtils.java:logGet(43)) - raft.server.rpc.request.timeout = 3000ms (default)
2019-11-15 03:52:15,005 [main] INFO  server.RaftServerConfigKeys (ConfUtils.java:logGet(43)) - raft.server.storage.dir = [/workdir/hadoop-ozone/integration-test/target/test-dir/MiniOzoneClusterImpl-7bc5bb7c-5c55-4645-ae41-72269081a146/datanode-0/data/ratis] (custom)
2019-11-15 03:52:15,007 [main] INFO  hdfs.DFSUtil (DFSUtil.java:httpServerTemplateForNNAndJN(1641)) - Starting Web-server for hddsDatanode at: http://0.0.0.0:0
2019-11-15 03:52:15,009 [main] INFO  server.AuthenticationFilter (AuthenticationFilter.java:constructSecretProvider(240)) - Unable to initialize FileSignerSecretProvider, falling back to use random secrets.
2019-11-15 03:52:15,009 [main] WARN  http.HttpRequestLog (HttpRequestLog.java:getRequestLog(97)) - Jetty request log can only be enabled using Log4j
2019-11-15 03:52:15,011 [main] INFO  http.HttpServer2 (HttpServer2.java:addGlobalFilter(975)) - Added global filter 'safety' (class=org.apache.hadoop.http.HttpServer2$QuotingInputFilter)
2019-11-15 03:52:15,011 [main] INFO  http.HttpServer2 (HttpServer2.java:addFilter(948)) - Added filter static_user_filter (class=org.apache.hadoop.http.lib.StaticUserWebFilter$StaticUserFilter) to context hddsDatanode
2019-11-15 03:52:15,012 [main] INFO  http.HttpServer2 (HttpServer2.java:addFilter(958)) - Added filter static_user_filter (class=org.apache.hadoop.http.lib.StaticUserWebFilter$StaticUserFilter) to context logs
2019-11-15 03:52:15,012 [main] INFO  http.HttpServer2 (HttpServer2.java:addFilter(958)) - Added filter static_user_filter (class=org.apache.hadoop.http.lib.StaticUserWebFilter$StaticUserFilter) to context static
2019-11-15 03:52:15,013 [main] INFO  http.HttpServer2 (HttpServer2.java:bindListener(1191)) - Jetty bound to port 40101
2019-11-15 03:52:15,013 [main] INFO  server.Server (Server.java:doStart(351)) - jetty-9.3.25.v20180904, build timestamp: 2018-09-04T21:11:46Z, git hash: 3ce520221d0240229c862b122d2b06c12a625732
2019-11-15 03:52:15,015 [main] INFO  handler.ContextHandler (ContextHandler.java:doStart(781)) - Started o.e.j.s.ServletContextHandler@b67cc70{/logs,file:///workdir/hadoop-ozone/integration-test/target/log,AVAILABLE}
2019-11-15 03:52:15,015 [main] INFO  handler.ContextHandler (ContextHandler.java:doStart(781)) - Started o.e.j.s.ServletContextHandler@38b3f208{/static,jar:file:/home/user/.m2/repository/org/apache/hadoop/hadoop-hdds-container-service/0.5.0-SNAPSHOT/hadoop-hdds-container-service-0.5.0-SNAPSHOT.jar!/webapps/static,AVAILABLE}
2019-11-15 03:52:15,049 [main] INFO  handler.ContextHandler (ContextHandler.java:doStart(781)) - Started o.e.j.w.WebAppContext@2954f6ab{/,file:///tmp/jetty-0.0.0.0-40101-hddsDatanode-_-any-5793423060959138986.dir/webapp/,AVAILABLE}{/hddsDatanode}
2019-11-15 03:52:15,049 [main] INFO  server.AbstractConnector (AbstractConnector.java:doStart(278)) - Started ServerConnector@58fbd02e{HTTP/1.1,[http/1.1]}{0.0.0.0:40101}
2019-11-15 03:52:15,050 [main] INFO  server.Server (Server.java:doStart(419)) - Started @94176ms
2019-11-15 03:52:15,050 [main] WARN  impl.MetricsSystemImpl (MetricsSystemImpl.java:register(276)) - Sink prometheus already exists!
2019-11-15 03:52:15,052 [main] INFO  server.BaseHttpServer (BaseHttpServer.java:updateConnectorAddress(215)) - HTTP server of HDDSDATANODE is listening at http://0.0.0.0:40101
2019-11-15 03:52:15,052 [main] INFO  impl.MetricsSystemImpl (MetricsSystemImpl.java:init(158)) - HddsDatanode metrics system started (again)
2019-11-15 03:52:15,054 [org.apache.hadoop.util.JvmPauseMonitor$Monitor@1d927982] INFO  util.JvmPauseMonitor (JvmPauseMonitor.java:run(188)) - Starting JVM pause monitor
2019-11-15 03:52:15,055 [main] INFO  ozone.HddsDatanodeService (HddsDatanodeService.java:start(186)) - HddsDatanodeService host:pr-hdds-2493-n7h87-1962818265 ip:192.168.157.206
2019-11-15 03:52:15,057 [Datanode State Machine Thread - 0] INFO  datanode.InitDatanodeState (InitDatanodeState.java:persistContainerDatanodeDetails(140)) - DatanodeDetails is persisted to /workdir/hadoop-ozone/integration-test/target/test-dir/MiniOzoneClusterImpl-7bc5bb7c-5c55-4645-ae41-72269081a146/datanode-0/meta/datanode.id
2019-11-15 03:52:15,062 [main] INFO  volume.HddsVolume (HddsVolume.java:<init>(176)) - Creating Volume: /workdir/hadoop-ozone/integration-test/target/test-dir/MiniOzoneClusterImpl-7bc5bb7c-5c55-4645-ae41-72269081a146/datanode-1/data/containers/hdds of  storage type : DISK and capacity : 1482555576320
2019-11-15 03:52:15,062 [main] INFO  volume.VolumeSet (VolumeSet.java:initializeVolumeSet(170)) - Added Volume : /workdir/hadoop-ozone/integration-test/target/test-dir/MiniOzoneClusterImpl-7bc5bb7c-5c55-4645-ae41-72269081a146/datanode-1/data/containers/hdds to VolumeSet
2019-11-15 03:52:15,062 [main] INFO  volume.ThrottledAsyncChecker (ThrottledAsyncChecker.java:schedule(141)) - Scheduling a check for /workdir/hadoop-ozone/integration-test/target/test-dir/MiniOzoneClusterImpl-7bc5bb7c-5c55-4645-ae41-72269081a146/datanode-1/data/containers/hdds
2019-11-15 03:52:15,063 [main] INFO  volume.HddsVolumeChecker (HddsVolumeChecker.java:checkAllVolumes(204)) - Scheduled health check for volume /workdir/hadoop-ozone/integration-test/target/test-dir/MiniOzoneClusterImpl-7bc5bb7c-5c55-4645-ae41-72269081a146/datanode-1/data/containers/hdds
2019-11-15 03:52:15,084 [main] INFO  impl.RaftServerProxy (ConfUtils.java:logGet(43)) - raft.rpc.type = GRPC (default)
2019-11-15 03:52:15,085 [main] INFO  grpc.GrpcFactory (GrpcFactory.java:checkPooledByteBufAllocatorUseCacheForAllThreads(45)) - PERFORMANCE WARNING: useCacheForAllThreads is true that may cause Netty to create a lot garbage objects and, as a result, trigger GC.
	It is recommended to disable useCacheForAllThreads by setting -Dorg.apache.ratis.thirdparty.io.netty.allocator.useCacheForAllThreads=false in command line.
2019-11-15 03:52:15,085 [main] INFO  grpc.GrpcConfigKeys$Server (ConfUtils.java:logGet(43)) - raft.grpc.server.port = 0 (default)
2019-11-15 03:52:15,085 [main] INFO  server.GrpcService (ConfUtils.java:logGet(43)) - raft.grpc.message.size.max = 33570816 (custom)
2019-11-15 03:52:15,085 [main] INFO  server.RaftServerConfigKeys (ConfUtils.java:logGet(43)) - raft.server.log.appender.buffer.byte-limit = 33554432 (custom)
2019-11-15 03:52:15,085 [main] INFO  server.GrpcService (ConfUtils.java:logGet(43)) - raft.grpc.flow.control.window = 1MB (=1048576) (default)
2019-11-15 03:52:15,086 [main] INFO  server.RaftServerConfigKeys (ConfUtils.java:logGet(43)) - raft.server.rpc.request.timeout = 3000ms (default)
2019-11-15 03:52:15,086 [main] INFO  server.RaftServerConfigKeys (ConfUtils.java:logGet(43)) - raft.server.storage.dir = [/workdir/hadoop-ozone/integration-test/target/test-dir/MiniOzoneClusterImpl-7bc5bb7c-5c55-4645-ae41-72269081a146/datanode-1/data/ratis] (custom)
2019-11-15 03:52:15,088 [main] INFO  hdfs.DFSUtil (DFSUtil.java:httpServerTemplateForNNAndJN(1641)) - Starting Web-server for hddsDatanode at: http://0.0.0.0:0
2019-11-15 03:52:15,090 [main] INFO  server.AuthenticationFilter (AuthenticationFilter.java:constructSecretProvider(240)) - Unable to initialize FileSignerSecretProvider, falling back to use random secrets.
2019-11-15 03:52:15,091 [main] WARN  http.HttpRequestLog (HttpRequestLog.java:getRequestLog(97)) - Jetty request log can only be enabled using Log4j
2019-11-15 03:52:15,093 [main] INFO  http.HttpServer2 (HttpServer2.java:addGlobalFilter(975)) - Added global filter 'safety' (class=org.apache.hadoop.http.HttpServer2$QuotingInputFilter)
2019-11-15 03:52:15,093 [main] INFO  http.HttpServer2 (HttpServer2.java:addFilter(948)) - Added filter static_user_filter (class=org.apache.hadoop.http.lib.StaticUserWebFilter$StaticUserFilter) to context hddsDatanode
2019-11-15 03:52:15,094 [main] INFO  http.HttpServer2 (HttpServer2.java:addFilter(958)) - Added filter static_user_filter (class=org.apache.hadoop.http.lib.StaticUserWebFilter$StaticUserFilter) to context static
2019-11-15 03:52:15,094 [main] INFO  http.HttpServer2 (HttpServer2.java:addFilter(958)) - Added filter static_user_filter (class=org.apache.hadoop.http.lib.StaticUserWebFilter$StaticUserFilter) to context logs
2019-11-15 03:52:15,095 [main] INFO  http.HttpServer2 (HttpServer2.java:bindListener(1191)) - Jetty bound to port 44572
2019-11-15 03:52:15,095 [main] INFO  server.Server (Server.java:doStart(351)) - jetty-9.3.25.v20180904, build timestamp: 2018-09-04T21:11:46Z, git hash: 3ce520221d0240229c862b122d2b06c12a625732
2019-11-15 03:52:15,098 [main] INFO  handler.ContextHandler (ContextHandler.java:doStart(781)) - Started o.e.j.s.ServletContextHandler@6ca30b8a{/logs,file:///workdir/hadoop-ozone/integration-test/target/log,AVAILABLE}
2019-11-15 03:52:15,098 [main] INFO  handler.ContextHandler (ContextHandler.java:doStart(781)) - Started o.e.j.s.ServletContextHandler@5c9934da{/static,jar:file:/home/user/.m2/repository/org/apache/hadoop/hadoop-hdds-container-service/0.5.0-SNAPSHOT/hadoop-hdds-container-service-0.5.0-SNAPSHOT.jar!/webapps/static,AVAILABLE}
2019-11-15 03:52:15,136 [main] INFO  handler.ContextHandler (ContextHandler.java:doStart(781)) - Started o.e.j.w.WebAppContext@30ec7d21{/,file:///tmp/jetty-0.0.0.0-44572-hddsDatanode-_-any-3868852684345171839.dir/webapp/,AVAILABLE}{/hddsDatanode}
2019-11-15 03:52:15,136 [main] INFO  server.AbstractConnector (AbstractConnector.java:doStart(278)) - Started ServerConnector@70025b99{HTTP/1.1,[http/1.1]}{0.0.0.0:44572}
2019-11-15 03:52:15,137 [main] INFO  server.Server (Server.java:doStart(419)) - Started @94262ms
2019-11-15 03:52:15,137 [main] WARN  impl.MetricsSystemImpl (MetricsSystemImpl.java:register(276)) - Sink prometheus already exists!
2019-11-15 03:52:15,138 [main] INFO  server.BaseHttpServer (BaseHttpServer.java:updateConnectorAddress(215)) - HTTP server of HDDSDATANODE is listening at http://0.0.0.0:44572
2019-11-15 03:52:15,139 [main] INFO  impl.MetricsSystemImpl (MetricsSystemImpl.java:init(158)) - HddsDatanode metrics system started (again)
2019-11-15 03:52:15,141 [main] INFO  ozone.HddsDatanodeService (HddsDatanodeService.java:start(186)) - HddsDatanodeService host:pr-hdds-2493-n7h87-1962818265 ip:192.168.157.206
2019-11-15 03:52:15,141 [org.apache.hadoop.util.JvmPauseMonitor$Monitor@2b55341] INFO  util.JvmPauseMonitor (JvmPauseMonitor.java:run(188)) - Starting JVM pause monitor
2019-11-15 03:52:15,143 [Datanode State Machine Thread - 0] INFO  datanode.InitDatanodeState (InitDatanodeState.java:persistContainerDatanodeDetails(140)) - DatanodeDetails is persisted to /workdir/hadoop-ozone/integration-test/target/test-dir/MiniOzoneClusterImpl-7bc5bb7c-5c55-4645-ae41-72269081a146/datanode-1/meta/datanode.id
2019-11-15 03:52:15,148 [main] INFO  volume.HddsVolume (HddsVolume.java:<init>(176)) - Creating Volume: /workdir/hadoop-ozone/integration-test/target/test-dir/MiniOzoneClusterImpl-7bc5bb7c-5c55-4645-ae41-72269081a146/datanode-2/data/containers/hdds of  storage type : DISK and capacity : 1482555576320
2019-11-15 03:52:15,148 [main] INFO  volume.VolumeSet (VolumeSet.java:initializeVolumeSet(170)) - Added Volume : /workdir/hadoop-ozone/integration-test/target/test-dir/MiniOzoneClusterImpl-7bc5bb7c-5c55-4645-ae41-72269081a146/datanode-2/data/containers/hdds to VolumeSet
2019-11-15 03:52:15,148 [main] INFO  volume.ThrottledAsyncChecker (ThrottledAsyncChecker.java:schedule(141)) - Scheduling a check for /workdir/hadoop-ozone/integration-test/target/test-dir/MiniOzoneClusterImpl-7bc5bb7c-5c55-4645-ae41-72269081a146/datanode-2/data/containers/hdds
2019-11-15 03:52:15,148 [main] INFO  volume.HddsVolumeChecker (HddsVolumeChecker.java:checkAllVolumes(204)) - Scheduled health check for volume /workdir/hadoop-ozone/integration-test/target/test-dir/MiniOzoneClusterImpl-7bc5bb7c-5c55-4645-ae41-72269081a146/datanode-2/data/containers/hdds
2019-11-15 03:52:15,162 [main] INFO  impl.RaftServerProxy (ConfUtils.java:logGet(43)) - raft.rpc.type = GRPC (default)
2019-11-15 03:52:15,162 [main] INFO  grpc.GrpcFactory (GrpcFactory.java:checkPooledByteBufAllocatorUseCacheForAllThreads(45)) - PERFORMANCE WARNING: useCacheForAllThreads is true that may cause Netty to create a lot garbage objects and, as a result, trigger GC.
	It is recommended to disable useCacheForAllThreads by setting -Dorg.apache.ratis.thirdparty.io.netty.allocator.useCacheForAllThreads=false in command line.
2019-11-15 03:52:15,162 [main] INFO  grpc.GrpcConfigKeys$Server (ConfUtils.java:logGet(43)) - raft.grpc.server.port = 0 (default)
2019-11-15 03:52:15,162 [main] INFO  server.GrpcService (ConfUtils.java:logGet(43)) - raft.grpc.message.size.max = 33570816 (custom)
2019-11-15 03:52:15,163 [main] INFO  server.RaftServerConfigKeys (ConfUtils.java:logGet(43)) - raft.server.log.appender.buffer.byte-limit = 33554432 (custom)
2019-11-15 03:52:15,163 [main] INFO  server.GrpcService (ConfUtils.java:logGet(43)) - raft.grpc.flow.control.window = 1MB (=1048576) (default)
2019-11-15 03:52:15,163 [main] INFO  server.RaftServerConfigKeys (ConfUtils.java:logGet(43)) - raft.server.rpc.request.timeout = 3000ms (default)
2019-11-15 03:52:15,163 [main] INFO  server.RaftServerConfigKeys (ConfUtils.java:logGet(43)) - raft.server.storage.dir = [/workdir/hadoop-ozone/integration-test/target/test-dir/MiniOzoneClusterImpl-7bc5bb7c-5c55-4645-ae41-72269081a146/datanode-2/data/ratis] (custom)
2019-11-15 03:52:15,165 [main] INFO  hdfs.DFSUtil (DFSUtil.java:httpServerTemplateForNNAndJN(1641)) - Starting Web-server for hddsDatanode at: http://0.0.0.0:0
2019-11-15 03:52:15,166 [main] INFO  server.AuthenticationFilter (AuthenticationFilter.java:constructSecretProvider(240)) - Unable to initialize FileSignerSecretProvider, falling back to use random secrets.
2019-11-15 03:52:15,166 [main] WARN  http.HttpRequestLog (HttpRequestLog.java:getRequestLog(97)) - Jetty request log can only be enabled using Log4j
2019-11-15 03:52:15,167 [main] INFO  http.HttpServer2 (HttpServer2.java:addGlobalFilter(975)) - Added global filter 'safety' (class=org.apache.hadoop.http.HttpServer2$QuotingInputFilter)
2019-11-15 03:52:15,168 [main] INFO  http.HttpServer2 (HttpServer2.java:addFilter(948)) - Added filter static_user_filter (class=org.apache.hadoop.http.lib.StaticUserWebFilter$StaticUserFilter) to context hddsDatanode
2019-11-15 03:52:15,168 [main] INFO  http.HttpServer2 (HttpServer2.java:addFilter(958)) - Added filter static_user_filter (class=org.apache.hadoop.http.lib.StaticUserWebFilter$StaticUserFilter) to context logs
2019-11-15 03:52:15,168 [main] INFO  http.HttpServer2 (HttpServer2.java:addFilter(958)) - Added filter static_user_filter (class=org.apache.hadoop.http.lib.StaticUserWebFilter$StaticUserFilter) to context static
2019-11-15 03:52:15,169 [main] INFO  http.HttpServer2 (HttpServer2.java:bindListener(1191)) - Jetty bound to port 41166
2019-11-15 03:52:15,169 [main] INFO  server.Server (Server.java:doStart(351)) - jetty-9.3.25.v20180904, build timestamp: 2018-09-04T21:11:46Z, git hash: 3ce520221d0240229c862b122d2b06c12a625732
2019-11-15 03:52:15,171 [main] INFO  handler.ContextHandler (ContextHandler.java:doStart(781)) - Started o.e.j.s.ServletContextHandler@77f991c{/logs,file:///workdir/hadoop-ozone/integration-test/target/log,AVAILABLE}
2019-11-15 03:52:15,171 [main] INFO  handler.ContextHandler (ContextHandler.java:doStart(781)) - Started o.e.j.s.ServletContextHandler@2ceee4b6{/static,jar:file:/home/user/.m2/repository/org/apache/hadoop/hadoop-hdds-container-service/0.5.0-SNAPSHOT/hadoop-hdds-container-service-0.5.0-SNAPSHOT.jar!/webapps/static,AVAILABLE}
2019-11-15 03:52:15,200 [main] INFO  handler.ContextHandler (ContextHandler.java:doStart(781)) - Started o.e.j.w.WebAppContext@2404b5a{/,file:///tmp/jetty-0.0.0.0-41166-hddsDatanode-_-any-4357582325677086625.dir/webapp/,AVAILABLE}{/hddsDatanode}
2019-11-15 03:52:15,200 [main] INFO  server.AbstractConnector (AbstractConnector.java:doStart(278)) - Started ServerConnector@3af58f76{HTTP/1.1,[http/1.1]}{0.0.0.0:41166}
2019-11-15 03:52:15,201 [main] INFO  server.Server (Server.java:doStart(419)) - Started @94327ms
2019-11-15 03:52:15,201 [main] WARN  impl.MetricsSystemImpl (MetricsSystemImpl.java:register(276)) - Sink prometheus already exists!
2019-11-15 03:52:15,202 [main] INFO  server.BaseHttpServer (BaseHttpServer.java:updateConnectorAddress(215)) - HTTP server of HDDSDATANODE is listening at http://0.0.0.0:41166
2019-11-15 03:52:15,202 [main] INFO  impl.MetricsSystemImpl (MetricsSystemImpl.java:init(158)) - HddsDatanode metrics system started (again)
2019-11-15 03:52:15,204 [main] INFO  ozone.HddsDatanodeService (HddsDatanodeService.java:start(186)) - HddsDatanodeService host:pr-hdds-2493-n7h87-1962818265 ip:192.168.157.206
2019-11-15 03:52:15,205 [org.apache.hadoop.util.JvmPauseMonitor$Monitor@64ff6882] INFO  util.JvmPauseMonitor (JvmPauseMonitor.java:run(188)) - Starting JVM pause monitor
2019-11-15 03:52:15,206 [Datanode State Machine Thread - 0] INFO  datanode.InitDatanodeState (InitDatanodeState.java:persistContainerDatanodeDetails(140)) - DatanodeDetails is persisted to /workdir/hadoop-ozone/integration-test/target/test-dir/MiniOzoneClusterImpl-7bc5bb7c-5c55-4645-ae41-72269081a146/datanode-2/meta/datanode.id
2019-11-15 03:52:15,211 [main] INFO  volume.HddsVolume (HddsVolume.java:<init>(176)) - Creating Volume: /workdir/hadoop-ozone/integration-test/target/test-dir/MiniOzoneClusterImpl-7bc5bb7c-5c55-4645-ae41-72269081a146/datanode-3/data/containers/hdds of  storage type : DISK and capacity : 1482555576320
2019-11-15 03:52:15,211 [main] INFO  volume.VolumeSet (VolumeSet.java:initializeVolumeSet(170)) - Added Volume : /workdir/hadoop-ozone/integration-test/target/test-dir/MiniOzoneClusterImpl-7bc5bb7c-5c55-4645-ae41-72269081a146/datanode-3/data/containers/hdds to VolumeSet
2019-11-15 03:52:15,211 [main] INFO  volume.ThrottledAsyncChecker (ThrottledAsyncChecker.java:schedule(141)) - Scheduling a check for /workdir/hadoop-ozone/integration-test/target/test-dir/MiniOzoneClusterImpl-7bc5bb7c-5c55-4645-ae41-72269081a146/datanode-3/data/containers/hdds
2019-11-15 03:52:15,211 [main] INFO  volume.HddsVolumeChecker (HddsVolumeChecker.java:checkAllVolumes(204)) - Scheduled health check for volume /workdir/hadoop-ozone/integration-test/target/test-dir/MiniOzoneClusterImpl-7bc5bb7c-5c55-4645-ae41-72269081a146/datanode-3/data/containers/hdds
2019-11-15 03:52:15,223 [main] INFO  impl.RaftServerProxy (ConfUtils.java:logGet(43)) - raft.rpc.type = GRPC (default)
2019-11-15 03:52:15,223 [main] INFO  grpc.GrpcFactory (GrpcFactory.java:checkPooledByteBufAllocatorUseCacheForAllThreads(45)) - PERFORMANCE WARNING: useCacheForAllThreads is true that may cause Netty to create a lot garbage objects and, as a result, trigger GC.
	It is recommended to disable useCacheForAllThreads by setting -Dorg.apache.ratis.thirdparty.io.netty.allocator.useCacheForAllThreads=false in command line.
2019-11-15 03:52:15,224 [main] INFO  grpc.GrpcConfigKeys$Server (ConfUtils.java:logGet(43)) - raft.grpc.server.port = 0 (default)
2019-11-15 03:52:15,224 [main] INFO  server.GrpcService (ConfUtils.java:logGet(43)) - raft.grpc.message.size.max = 33570816 (custom)
2019-11-15 03:52:15,224 [main] INFO  server.RaftServerConfigKeys (ConfUtils.java:logGet(43)) - raft.server.log.appender.buffer.byte-limit = 33554432 (custom)
2019-11-15 03:52:15,224 [main] INFO  server.GrpcService (ConfUtils.java:logGet(43)) - raft.grpc.flow.control.window = 1MB (=1048576) (default)
2019-11-15 03:52:15,224 [main] INFO  server.RaftServerConfigKeys (ConfUtils.java:logGet(43)) - raft.server.rpc.request.timeout = 3000ms (default)
2019-11-15 03:52:15,225 [main] INFO  server.RaftServerConfigKeys (ConfUtils.java:logGet(43)) - raft.server.storage.dir = [/workdir/hadoop-ozone/integration-test/target/test-dir/MiniOzoneClusterImpl-7bc5bb7c-5c55-4645-ae41-72269081a146/datanode-3/data/ratis] (custom)
2019-11-15 03:52:15,226 [main] INFO  hdfs.DFSUtil (DFSUtil.java:httpServerTemplateForNNAndJN(1641)) - Starting Web-server for hddsDatanode at: http://0.0.0.0:0
2019-11-15 03:52:15,228 [main] INFO  server.AuthenticationFilter (AuthenticationFilter.java:constructSecretProvider(240)) - Unable to initialize FileSignerSecretProvider, falling back to use random secrets.
2019-11-15 03:52:15,228 [main] WARN  http.HttpRequestLog (HttpRequestLog.java:getRequestLog(97)) - Jetty request log can only be enabled using Log4j
2019-11-15 03:52:15,230 [main] INFO  http.HttpServer2 (HttpServer2.java:addGlobalFilter(975)) - Added global filter 'safety' (class=org.apache.hadoop.http.HttpServer2$QuotingInputFilter)
2019-11-15 03:52:15,231 [main] INFO  http.HttpServer2 (HttpServer2.java:addFilter(948)) - Added filter static_user_filter (class=org.apache.hadoop.http.lib.StaticUserWebFilter$StaticUserFilter) to context hddsDatanode
2019-11-15 03:52:15,231 [main] INFO  http.HttpServer2 (HttpServer2.java:addFilter(958)) - Added filter static_user_filter (class=org.apache.hadoop.http.lib.StaticUserWebFilter$StaticUserFilter) to context static
2019-11-15 03:52:15,232 [main] INFO  http.HttpServer2 (HttpServer2.java:addFilter(958)) - Added filter static_user_filter (class=org.apache.hadoop.http.lib.StaticUserWebFilter$StaticUserFilter) to context logs
2019-11-15 03:52:15,233 [main] INFO  http.HttpServer2 (HttpServer2.java:bindListener(1191)) - Jetty bound to port 35582
2019-11-15 03:52:15,233 [main] INFO  server.Server (Server.java:doStart(351)) - jetty-9.3.25.v20180904, build timestamp: 2018-09-04T21:11:46Z, git hash: 3ce520221d0240229c862b122d2b06c12a625732
2019-11-15 03:52:15,235 [main] INFO  handler.ContextHandler (ContextHandler.java:doStart(781)) - Started o.e.j.s.ServletContextHandler@483b0690{/logs,file:///workdir/hadoop-ozone/integration-test/target/log,AVAILABLE}
2019-11-15 03:52:15,235 [main] INFO  handler.ContextHandler (ContextHandler.java:doStart(781)) - Started o.e.j.s.ServletContextHandler@6870c3c2{/static,jar:file:/home/user/.m2/repository/org/apache/hadoop/hadoop-hdds-container-service/0.5.0-SNAPSHOT/hadoop-hdds-container-service-0.5.0-SNAPSHOT.jar!/webapps/static,AVAILABLE}
2019-11-15 03:52:15,277 [main] INFO  handler.ContextHandler (ContextHandler.java:doStart(781)) - Started o.e.j.w.WebAppContext@16ac5d35{/,file:///tmp/jetty-0.0.0.0-35582-hddsDatanode-_-any-7524698655888665788.dir/webapp/,AVAILABLE}{/hddsDatanode}
2019-11-15 03:52:15,278 [main] INFO  server.AbstractConnector (AbstractConnector.java:doStart(278)) - Started ServerConnector@3965bdf9{HTTP/1.1,[http/1.1]}{0.0.0.0:35582}
2019-11-15 03:52:15,279 [main] INFO  server.Server (Server.java:doStart(419)) - Started @94404ms
2019-11-15 03:52:15,279 [main] WARN  impl.MetricsSystemImpl (MetricsSystemImpl.java:register(276)) - Sink prometheus already exists!
2019-11-15 03:52:15,280 [main] INFO  server.BaseHttpServer (BaseHttpServer.java:updateConnectorAddress(215)) - HTTP server of HDDSDATANODE is listening at http://0.0.0.0:35582
2019-11-15 03:52:15,280 [main] INFO  impl.MetricsSystemImpl (MetricsSystemImpl.java:init(158)) - HddsDatanode metrics system started (again)
2019-11-15 03:52:15,283 [org.apache.hadoop.util.JvmPauseMonitor$Monitor@71aaa4d7] INFO  util.JvmPauseMonitor (JvmPauseMonitor.java:run(188)) - Starting JVM pause monitor
2019-11-15 03:52:15,283 [main] INFO  ozone.HddsDatanodeService (HddsDatanodeService.java:start(186)) - HddsDatanodeService host:pr-hdds-2493-n7h87-1962818265 ip:192.168.157.206
2019-11-15 03:52:15,284 [Datanode State Machine Thread - 0] INFO  datanode.InitDatanodeState (InitDatanodeState.java:persistContainerDatanodeDetails(140)) - DatanodeDetails is persisted to /workdir/hadoop-ozone/integration-test/target/test-dir/MiniOzoneClusterImpl-7bc5bb7c-5c55-4645-ae41-72269081a146/datanode-3/meta/datanode.id
2019-11-15 03:52:15,289 [main] INFO  volume.HddsVolume (HddsVolume.java:<init>(176)) - Creating Volume: /workdir/hadoop-ozone/integration-test/target/test-dir/MiniOzoneClusterImpl-7bc5bb7c-5c55-4645-ae41-72269081a146/datanode-4/data/containers/hdds of  storage type : DISK and capacity : 1482555576320
2019-11-15 03:52:15,289 [main] INFO  volume.VolumeSet (VolumeSet.java:initializeVolumeSet(170)) - Added Volume : /workdir/hadoop-ozone/integration-test/target/test-dir/MiniOzoneClusterImpl-7bc5bb7c-5c55-4645-ae41-72269081a146/datanode-4/data/containers/hdds to VolumeSet
2019-11-15 03:52:15,290 [main] INFO  volume.ThrottledAsyncChecker (ThrottledAsyncChecker.java:schedule(141)) - Scheduling a check for /workdir/hadoop-ozone/integration-test/target/test-dir/MiniOzoneClusterImpl-7bc5bb7c-5c55-4645-ae41-72269081a146/datanode-4/data/containers/hdds
2019-11-15 03:52:15,290 [main] INFO  volume.HddsVolumeChecker (HddsVolumeChecker.java:checkAllVolumes(204)) - Scheduled health check for volume /workdir/hadoop-ozone/integration-test/target/test-dir/MiniOzoneClusterImpl-7bc5bb7c-5c55-4645-ae41-72269081a146/datanode-4/data/containers/hdds
2019-11-15 03:52:15,303 [main] INFO  impl.RaftServerProxy (ConfUtils.java:logGet(43)) - raft.rpc.type = GRPC (default)
2019-11-15 03:52:15,304 [main] INFO  grpc.GrpcFactory (GrpcFactory.java:checkPooledByteBufAllocatorUseCacheForAllThreads(45)) - PERFORMANCE WARNING: useCacheForAllThreads is true that may cause Netty to create a lot garbage objects and, as a result, trigger GC.
	It is recommended to disable useCacheForAllThreads by setting -Dorg.apache.ratis.thirdparty.io.netty.allocator.useCacheForAllThreads=false in command line.
2019-11-15 03:52:15,304 [main] INFO  grpc.GrpcConfigKeys$Server (ConfUtils.java:logGet(43)) - raft.grpc.server.port = 0 (default)
2019-11-15 03:52:15,304 [main] INFO  server.GrpcService (ConfUtils.java:logGet(43)) - raft.grpc.message.size.max = 33570816 (custom)
2019-11-15 03:52:15,304 [main] INFO  server.RaftServerConfigKeys (ConfUtils.java:logGet(43)) - raft.server.log.appender.buffer.byte-limit = 33554432 (custom)
2019-11-15 03:52:15,304 [main] INFO  server.GrpcService (ConfUtils.java:logGet(43)) - raft.grpc.flow.control.window = 1MB (=1048576) (default)
2019-11-15 03:52:15,305 [main] INFO  server.RaftServerConfigKeys (ConfUtils.java:logGet(43)) - raft.server.rpc.request.timeout = 3000ms (default)
2019-11-15 03:52:15,305 [main] INFO  server.RaftServerConfigKeys (ConfUtils.java:logGet(43)) - raft.server.storage.dir = [/workdir/hadoop-ozone/integration-test/target/test-dir/MiniOzoneClusterImpl-7bc5bb7c-5c55-4645-ae41-72269081a146/datanode-4/data/ratis] (custom)
2019-11-15 03:52:15,306 [main] INFO  hdfs.DFSUtil (DFSUtil.java:httpServerTemplateForNNAndJN(1641)) - Starting Web-server for hddsDatanode at: http://0.0.0.0:0
2019-11-15 03:52:15,308 [main] INFO  server.AuthenticationFilter (AuthenticationFilter.java:constructSecretProvider(240)) - Unable to initialize FileSignerSecretProvider, falling back to use random secrets.
2019-11-15 03:52:15,308 [main] WARN  http.HttpRequestLog (HttpRequestLog.java:getRequestLog(97)) - Jetty request log can only be enabled using Log4j
2019-11-15 03:52:15,309 [main] INFO  http.HttpServer2 (HttpServer2.java:addGlobalFilter(975)) - Added global filter 'safety' (class=org.apache.hadoop.http.HttpServer2$QuotingInputFilter)
2019-11-15 03:52:15,310 [main] INFO  http.HttpServer2 (HttpServer2.java:addFilter(948)) - Added filter static_user_filter (class=org.apache.hadoop.http.lib.StaticUserWebFilter$StaticUserFilter) to context hddsDatanode
2019-11-15 03:52:15,310 [main] INFO  http.HttpServer2 (HttpServer2.java:addFilter(958)) - Added filter static_user_filter (class=org.apache.hadoop.http.lib.StaticUserWebFilter$StaticUserFilter) to context static
2019-11-15 03:52:15,310 [main] INFO  http.HttpServer2 (HttpServer2.java:addFilter(958)) - Added filter static_user_filter (class=org.apache.hadoop.http.lib.StaticUserWebFilter$StaticUserFilter) to context logs
2019-11-15 03:52:15,311 [main] INFO  http.HttpServer2 (HttpServer2.java:bindListener(1191)) - Jetty bound to port 45604
2019-11-15 03:52:15,311 [main] INFO  server.Server (Server.java:doStart(351)) - jetty-9.3.25.v20180904, build timestamp: 2018-09-04T21:11:46Z, git hash: 3ce520221d0240229c862b122d2b06c12a625732
2019-11-15 03:52:15,312 [main] INFO  handler.ContextHandler (ContextHandler.java:doStart(781)) - Started o.e.j.s.ServletContextHandler@de7e193{/logs,file:///workdir/hadoop-ozone/integration-test/target/log,AVAILABLE}
2019-11-15 03:52:15,313 [main] INFO  handler.ContextHandler (ContextHandler.java:doStart(781)) - Started o.e.j.s.ServletContextHandler@35ef439e{/static,jar:file:/home/user/.m2/repository/org/apache/hadoop/hadoop-hdds-container-service/0.5.0-SNAPSHOT/hadoop-hdds-container-service-0.5.0-SNAPSHOT.jar!/webapps/static,AVAILABLE}
2019-11-15 03:52:15,343 [main] INFO  handler.ContextHandler (ContextHandler.java:doStart(781)) - Started o.e.j.w.WebAppContext@34d713a2{/,file:///tmp/jetty-0.0.0.0-45604-hddsDatanode-_-any-4714294402939471860.dir/webapp/,AVAILABLE}{/hddsDatanode}
2019-11-15 03:52:15,343 [main] INFO  server.AbstractConnector (AbstractConnector.java:doStart(278)) - Started ServerConnector@36aab105{HTTP/1.1,[http/1.1]}{0.0.0.0:45604}
2019-11-15 03:52:15,344 [main] INFO  server.Server (Server.java:doStart(419)) - Started @94469ms
2019-11-15 03:52:15,344 [main] WARN  impl.MetricsSystemImpl (MetricsSystemImpl.java:register(276)) - Sink prometheus already exists!
2019-11-15 03:52:15,345 [main] INFO  server.BaseHttpServer (BaseHttpServer.java:updateConnectorAddress(215)) - HTTP server of HDDSDATANODE is listening at http://0.0.0.0:45604
2019-11-15 03:52:15,345 [main] INFO  impl.MetricsSystemImpl (MetricsSystemImpl.java:init(158)) - HddsDatanode metrics system started (again)
2019-11-15 03:52:15,347 [main] INFO  ozone.HddsDatanodeService (HddsDatanodeService.java:start(186)) - HddsDatanodeService host:pr-hdds-2493-n7h87-1962818265 ip:192.168.157.206
2019-11-15 03:52:15,347 [org.apache.hadoop.util.JvmPauseMonitor$Monitor@1911d8c5] INFO  util.JvmPauseMonitor (JvmPauseMonitor.java:run(188)) - Starting JVM pause monitor
2019-11-15 03:52:15,349 [Datanode State Machine Thread - 0] INFO  datanode.InitDatanodeState (InitDatanodeState.java:persistContainerDatanodeDetails(140)) - DatanodeDetails is persisted to /workdir/hadoop-ozone/integration-test/target/test-dir/MiniOzoneClusterImpl-7bc5bb7c-5c55-4645-ae41-72269081a146/datanode-4/meta/datanode.id
2019-11-15 03:52:15,353 [main] INFO  volume.HddsVolume (HddsVolume.java:<init>(176)) - Creating Volume: /workdir/hadoop-ozone/integration-test/target/test-dir/MiniOzoneClusterImpl-7bc5bb7c-5c55-4645-ae41-72269081a146/datanode-5/data/containers/hdds of  storage type : DISK and capacity : 1482555576320
2019-11-15 03:52:15,354 [main] INFO  volume.VolumeSet (VolumeSet.java:initializeVolumeSet(170)) - Added Volume : /workdir/hadoop-ozone/integration-test/target/test-dir/MiniOzoneClusterImpl-7bc5bb7c-5c55-4645-ae41-72269081a146/datanode-5/data/containers/hdds to VolumeSet
2019-11-15 03:52:15,354 [main] INFO  volume.ThrottledAsyncChecker (ThrottledAsyncChecker.java:schedule(141)) - Scheduling a check for /workdir/hadoop-ozone/integration-test/target/test-dir/MiniOzoneClusterImpl-7bc5bb7c-5c55-4645-ae41-72269081a146/datanode-5/data/containers/hdds
2019-11-15 03:52:15,354 [main] INFO  volume.HddsVolumeChecker (HddsVolumeChecker.java:checkAllVolumes(204)) - Scheduled health check for volume /workdir/hadoop-ozone/integration-test/target/test-dir/MiniOzoneClusterImpl-7bc5bb7c-5c55-4645-ae41-72269081a146/datanode-5/data/containers/hdds
2019-11-15 03:52:15,366 [main] INFO  impl.RaftServerProxy (ConfUtils.java:logGet(43)) - raft.rpc.type = GRPC (default)
2019-11-15 03:52:15,367 [main] INFO  grpc.GrpcFactory (GrpcFactory.java:checkPooledByteBufAllocatorUseCacheForAllThreads(45)) - PERFORMANCE WARNING: useCacheForAllThreads is true that may cause Netty to create a lot garbage objects and, as a result, trigger GC.
	It is recommended to disable useCacheForAllThreads by setting -Dorg.apache.ratis.thirdparty.io.netty.allocator.useCacheForAllThreads=false in command line.
2019-11-15 03:52:15,367 [main] INFO  grpc.GrpcConfigKeys$Server (ConfUtils.java:logGet(43)) - raft.grpc.server.port = 0 (default)
2019-11-15 03:52:15,367 [main] INFO  server.GrpcService (ConfUtils.java:logGet(43)) - raft.grpc.message.size.max = 33570816 (custom)
2019-11-15 03:52:15,367 [main] INFO  server.RaftServerConfigKeys (ConfUtils.java:logGet(43)) - raft.server.log.appender.buffer.byte-limit = 33554432 (custom)
2019-11-15 03:52:15,367 [main] INFO  server.GrpcService (ConfUtils.java:logGet(43)) - raft.grpc.flow.control.window = 1MB (=1048576) (default)
2019-11-15 03:52:15,367 [main] INFO  server.RaftServerConfigKeys (ConfUtils.java:logGet(43)) - raft.server.rpc.request.timeout = 3000ms (default)
2019-11-15 03:52:15,368 [main] INFO  server.RaftServerConfigKeys (ConfUtils.java:logGet(43)) - raft.server.storage.dir = [/workdir/hadoop-ozone/integration-test/target/test-dir/MiniOzoneClusterImpl-7bc5bb7c-5c55-4645-ae41-72269081a146/datanode-5/data/ratis] (custom)
2019-11-15 03:52:15,370 [main] INFO  hdfs.DFSUtil (DFSUtil.java:httpServerTemplateForNNAndJN(1641)) - Starting Web-server for hddsDatanode at: http://0.0.0.0:0
2019-11-15 03:52:15,371 [main] INFO  server.AuthenticationFilter (AuthenticationFilter.java:constructSecretProvider(240)) - Unable to initialize FileSignerSecretProvider, falling back to use random secrets.
2019-11-15 03:52:15,371 [main] WARN  http.HttpRequestLog (HttpRequestLog.java:getRequestLog(97)) - Jetty request log can only be enabled using Log4j
2019-11-15 03:52:15,373 [main] INFO  http.HttpServer2 (HttpServer2.java:addGlobalFilter(975)) - Added global filter 'safety' (class=org.apache.hadoop.http.HttpServer2$QuotingInputFilter)
2019-11-15 03:52:15,373 [main] INFO  http.HttpServer2 (HttpServer2.java:addFilter(948)) - Added filter static_user_filter (class=org.apache.hadoop.http.lib.StaticUserWebFilter$StaticUserFilter) to context hddsDatanode
2019-11-15 03:52:15,373 [main] INFO  http.HttpServer2 (HttpServer2.java:addFilter(958)) - Added filter static_user_filter (class=org.apache.hadoop.http.lib.StaticUserWebFilter$StaticUserFilter) to context logs
2019-11-15 03:52:15,373 [main] INFO  http.HttpServer2 (HttpServer2.java:addFilter(958)) - Added filter static_user_filter (class=org.apache.hadoop.http.lib.StaticUserWebFilter$StaticUserFilter) to context static
2019-11-15 03:52:15,374 [main] INFO  http.HttpServer2 (HttpServer2.java:bindListener(1191)) - Jetty bound to port 43122
2019-11-15 03:52:15,374 [main] INFO  server.Server (Server.java:doStart(351)) - jetty-9.3.25.v20180904, build timestamp: 2018-09-04T21:11:46Z, git hash: 3ce520221d0240229c862b122d2b06c12a625732
2019-11-15 03:52:15,375 [main] INFO  handler.ContextHandler (ContextHandler.java:doStart(781)) - Started o.e.j.s.ServletContextHandler@75023c53{/logs,file:///workdir/hadoop-ozone/integration-test/target/log,AVAILABLE}
2019-11-15 03:52:15,376 [main] INFO  handler.ContextHandler (ContextHandler.java:doStart(781)) - Started o.e.j.s.ServletContextHandler@dab1f89{/static,jar:file:/home/user/.m2/repository/org/apache/hadoop/hadoop-hdds-container-service/0.5.0-SNAPSHOT/hadoop-hdds-container-service-0.5.0-SNAPSHOT.jar!/webapps/static,AVAILABLE}
2019-11-15 03:52:15,404 [main] INFO  handler.ContextHandler (ContextHandler.java:doStart(781)) - Started o.e.j.w.WebAppContext@4dac121d{/,file:///tmp/jetty-0.0.0.0-43122-hddsDatanode-_-any-3280666237657174657.dir/webapp/,AVAILABLE}{/hddsDatanode}
2019-11-15 03:52:15,405 [main] INFO  server.AbstractConnector (AbstractConnector.java:doStart(278)) - Started ServerConnector@568750b7{HTTP/1.1,[http/1.1]}{0.0.0.0:43122}
2019-11-15 03:52:15,406 [main] INFO  server.Server (Server.java:doStart(419)) - Started @94531ms
2019-11-15 03:52:15,406 [main] WARN  impl.MetricsSystemImpl (MetricsSystemImpl.java:register(276)) - Sink prometheus already exists!
2019-11-15 03:52:15,407 [main] INFO  server.BaseHttpServer (BaseHttpServer.java:updateConnectorAddress(215)) - HTTP server of HDDSDATANODE is listening at http://0.0.0.0:43122
2019-11-15 03:52:15,407 [main] INFO  impl.MetricsSystemImpl (MetricsSystemImpl.java:init(158)) - HddsDatanode metrics system started (again)
2019-11-15 03:52:15,409 [org.apache.hadoop.util.JvmPauseMonitor$Monitor@7a792355] INFO  util.JvmPauseMonitor (JvmPauseMonitor.java:run(188)) - Starting JVM pause monitor
2019-11-15 03:52:15,410 [main] INFO  ozone.HddsDatanodeService (HddsDatanodeService.java:start(186)) - HddsDatanodeService host:pr-hdds-2493-n7h87-1962818265 ip:192.168.157.206
2019-11-15 03:52:15,413 [Datanode State Machine Thread - 0] INFO  datanode.InitDatanodeState (InitDatanodeState.java:persistContainerDatanodeDetails(140)) - DatanodeDetails is persisted to /workdir/hadoop-ozone/integration-test/target/test-dir/MiniOzoneClusterImpl-7bc5bb7c-5c55-4645-ae41-72269081a146/datanode-5/meta/datanode.id
2019-11-15 03:52:15,416 [main] INFO  volume.HddsVolume (HddsVolume.java:<init>(176)) - Creating Volume: /workdir/hadoop-ozone/integration-test/target/test-dir/MiniOzoneClusterImpl-7bc5bb7c-5c55-4645-ae41-72269081a146/datanode-6/data/containers/hdds of  storage type : DISK and capacity : 1482555576320
2019-11-15 03:52:15,417 [main] INFO  volume.VolumeSet (VolumeSet.java:initializeVolumeSet(170)) - Added Volume : /workdir/hadoop-ozone/integration-test/target/test-dir/MiniOzoneClusterImpl-7bc5bb7c-5c55-4645-ae41-72269081a146/datanode-6/data/containers/hdds to VolumeSet
2019-11-15 03:52:15,417 [main] INFO  volume.ThrottledAsyncChecker (ThrottledAsyncChecker.java:schedule(141)) - Scheduling a check for /workdir/hadoop-ozone/integration-test/target/test-dir/MiniOzoneClusterImpl-7bc5bb7c-5c55-4645-ae41-72269081a146/datanode-6/data/containers/hdds
2019-11-15 03:52:15,417 [main] INFO  volume.HddsVolumeChecker (HddsVolumeChecker.java:checkAllVolumes(204)) - Scheduled health check for volume /workdir/hadoop-ozone/integration-test/target/test-dir/MiniOzoneClusterImpl-7bc5bb7c-5c55-4645-ae41-72269081a146/datanode-6/data/containers/hdds
2019-11-15 03:52:15,429 [main] INFO  impl.RaftServerProxy (ConfUtils.java:logGet(43)) - raft.rpc.type = GRPC (default)
2019-11-15 03:52:15,429 [main] INFO  grpc.GrpcFactory (GrpcFactory.java:checkPooledByteBufAllocatorUseCacheForAllThreads(45)) - PERFORMANCE WARNING: useCacheForAllThreads is true that may cause Netty to create a lot garbage objects and, as a result, trigger GC.
	It is recommended to disable useCacheForAllThreads by setting -Dorg.apache.ratis.thirdparty.io.netty.allocator.useCacheForAllThreads=false in command line.
2019-11-15 03:52:15,429 [main] INFO  grpc.GrpcConfigKeys$Server (ConfUtils.java:logGet(43)) - raft.grpc.server.port = 0 (default)
2019-11-15 03:52:15,429 [main] INFO  server.GrpcService (ConfUtils.java:logGet(43)) - raft.grpc.message.size.max = 33570816 (custom)
2019-11-15 03:52:15,429 [main] INFO  server.RaftServerConfigKeys (ConfUtils.java:logGet(43)) - raft.server.log.appender.buffer.byte-limit = 33554432 (custom)
2019-11-15 03:52:15,430 [main] INFO  server.GrpcService (ConfUtils.java:logGet(43)) - raft.grpc.flow.control.window = 1MB (=1048576) (default)
2019-11-15 03:52:15,430 [main] INFO  server.RaftServerConfigKeys (ConfUtils.java:logGet(43)) - raft.server.rpc.request.timeout = 3000ms (default)
2019-11-15 03:52:15,430 [main] INFO  server.RaftServerConfigKeys (ConfUtils.java:logGet(43)) - raft.server.storage.dir = [/workdir/hadoop-ozone/integration-test/target/test-dir/MiniOzoneClusterImpl-7bc5bb7c-5c55-4645-ae41-72269081a146/datanode-6/data/ratis] (custom)
2019-11-15 03:52:15,431 [main] INFO  hdfs.DFSUtil (DFSUtil.java:httpServerTemplateForNNAndJN(1641)) - Starting Web-server for hddsDatanode at: http://0.0.0.0:0
2019-11-15 03:52:15,435 [main] INFO  server.AuthenticationFilter (AuthenticationFilter.java:constructSecretProvider(240)) - Unable to initialize FileSignerSecretProvider, falling back to use random secrets.
2019-11-15 03:52:15,436 [main] WARN  http.HttpRequestLog (HttpRequestLog.java:getRequestLog(97)) - Jetty request log can only be enabled using Log4j
2019-11-15 03:52:15,437 [main] INFO  http.HttpServer2 (HttpServer2.java:addGlobalFilter(975)) - Added global filter 'safety' (class=org.apache.hadoop.http.HttpServer2$QuotingInputFilter)
2019-11-15 03:52:15,437 [main] INFO  http.HttpServer2 (HttpServer2.java:addFilter(948)) - Added filter static_user_filter (class=org.apache.hadoop.http.lib.StaticUserWebFilter$StaticUserFilter) to context hddsDatanode
2019-11-15 03:52:15,437 [main] INFO  http.HttpServer2 (HttpServer2.java:addFilter(958)) - Added filter static_user_filter (class=org.apache.hadoop.http.lib.StaticUserWebFilter$StaticUserFilter) to context static
2019-11-15 03:52:15,437 [main] INFO  http.HttpServer2 (HttpServer2.java:addFilter(958)) - Added filter static_user_filter (class=org.apache.hadoop.http.lib.StaticUserWebFilter$StaticUserFilter) to context logs
2019-11-15 03:52:15,438 [main] INFO  http.HttpServer2 (HttpServer2.java:bindListener(1191)) - Jetty bound to port 34562
2019-11-15 03:52:15,438 [main] INFO  server.Server (Server.java:doStart(351)) - jetty-9.3.25.v20180904, build timestamp: 2018-09-04T21:11:46Z, git hash: 3ce520221d0240229c862b122d2b06c12a625732
2019-11-15 03:52:15,440 [main] INFO  handler.ContextHandler (ContextHandler.java:doStart(781)) - Started o.e.j.s.ServletContextHandler@59c04bee{/logs,file:///workdir/hadoop-ozone/integration-test/target/log,AVAILABLE}
2019-11-15 03:52:15,440 [main] INFO  handler.ContextHandler (ContextHandler.java:doStart(781)) - Started o.e.j.s.ServletContextHandler@f2a1813{/static,jar:file:/home/user/.m2/repository/org/apache/hadoop/hadoop-hdds-container-service/0.5.0-SNAPSHOT/hadoop-hdds-container-service-0.5.0-SNAPSHOT.jar!/webapps/static,AVAILABLE}
2019-11-15 03:52:15,470 [main] INFO  handler.ContextHandler (ContextHandler.java:doStart(781)) - Started o.e.j.w.WebAppContext@4b432e53{/,file:///tmp/jetty-0.0.0.0-34562-hddsDatanode-_-any-1321246988513360018.dir/webapp/,AVAILABLE}{/hddsDatanode}
2019-11-15 03:52:15,471 [main] INFO  server.AbstractConnector (AbstractConnector.java:doStart(278)) - Started ServerConnector@2b916808{HTTP/1.1,[http/1.1]}{0.0.0.0:34562}
2019-11-15 03:52:15,475 [main] INFO  server.Server (Server.java:doStart(419)) - Started @94601ms
2019-11-15 03:52:15,476 [main] WARN  impl.MetricsSystemImpl (MetricsSystemImpl.java:register(276)) - Sink prometheus already exists!
2019-11-15 03:52:15,477 [main] INFO  server.BaseHttpServer (BaseHttpServer.java:updateConnectorAddress(215)) - HTTP server of HDDSDATANODE is listening at http://0.0.0.0:34562
2019-11-15 03:52:15,477 [main] INFO  impl.MetricsSystemImpl (MetricsSystemImpl.java:init(158)) - HddsDatanode metrics system started (again)
2019-11-15 03:52:15,480 [org.apache.hadoop.util.JvmPauseMonitor$Monitor@1a20180d] INFO  util.JvmPauseMonitor (JvmPauseMonitor.java:run(188)) - Starting JVM pause monitor
2019-11-15 03:52:15,480 [main] INFO  ozone.HddsDatanodeService (HddsDatanodeService.java:start(186)) - HddsDatanodeService host:pr-hdds-2493-n7h87-1962818265 ip:192.168.157.206
2019-11-15 03:52:15,482 [Datanode State Machine Thread - 0] INFO  datanode.InitDatanodeState (InitDatanodeState.java:persistContainerDatanodeDetails(140)) - DatanodeDetails is persisted to /workdir/hadoop-ozone/integration-test/target/test-dir/MiniOzoneClusterImpl-7bc5bb7c-5c55-4645-ae41-72269081a146/datanode-6/meta/datanode.id
2019-11-15 03:52:15,487 [main] INFO  volume.HddsVolume (HddsVolume.java:<init>(176)) - Creating Volume: /workdir/hadoop-ozone/integration-test/target/test-dir/MiniOzoneClusterImpl-7bc5bb7c-5c55-4645-ae41-72269081a146/datanode-7/data/containers/hdds of  storage type : DISK and capacity : 1482555576320
2019-11-15 03:52:15,487 [main] INFO  volume.VolumeSet (VolumeSet.java:initializeVolumeSet(170)) - Added Volume : /workdir/hadoop-ozone/integration-test/target/test-dir/MiniOzoneClusterImpl-7bc5bb7c-5c55-4645-ae41-72269081a146/datanode-7/data/containers/hdds to VolumeSet
2019-11-15 03:52:15,487 [main] INFO  volume.ThrottledAsyncChecker (ThrottledAsyncChecker.java:schedule(141)) - Scheduling a check for /workdir/hadoop-ozone/integration-test/target/test-dir/MiniOzoneClusterImpl-7bc5bb7c-5c55-4645-ae41-72269081a146/datanode-7/data/containers/hdds
2019-11-15 03:52:15,487 [main] INFO  volume.HddsVolumeChecker (HddsVolumeChecker.java:checkAllVolumes(204)) - Scheduled health check for volume /workdir/hadoop-ozone/integration-test/target/test-dir/MiniOzoneClusterImpl-7bc5bb7c-5c55-4645-ae41-72269081a146/datanode-7/data/containers/hdds
2019-11-15 03:52:15,499 [main] INFO  impl.RaftServerProxy (ConfUtils.java:logGet(43)) - raft.rpc.type = GRPC (default)
2019-11-15 03:52:15,500 [main] INFO  grpc.GrpcFactory (GrpcFactory.java:checkPooledByteBufAllocatorUseCacheForAllThreads(45)) - PERFORMANCE WARNING: useCacheForAllThreads is true that may cause Netty to create a lot garbage objects and, as a result, trigger GC.
	It is recommended to disable useCacheForAllThreads by setting -Dorg.apache.ratis.thirdparty.io.netty.allocator.useCacheForAllThreads=false in command line.
2019-11-15 03:52:15,500 [main] INFO  grpc.GrpcConfigKeys$Server (ConfUtils.java:logGet(43)) - raft.grpc.server.port = 0 (default)
2019-11-15 03:52:15,500 [main] INFO  server.GrpcService (ConfUtils.java:logGet(43)) - raft.grpc.message.size.max = 33570816 (custom)
2019-11-15 03:52:15,500 [main] INFO  server.RaftServerConfigKeys (ConfUtils.java:logGet(43)) - raft.server.log.appender.buffer.byte-limit = 33554432 (custom)
2019-11-15 03:52:15,500 [main] INFO  server.GrpcService (ConfUtils.java:logGet(43)) - raft.grpc.flow.control.window = 1MB (=1048576) (default)
2019-11-15 03:52:15,501 [main] INFO  server.RaftServerConfigKeys (ConfUtils.java:logGet(43)) - raft.server.rpc.request.timeout = 3000ms (default)
2019-11-15 03:52:15,501 [main] INFO  server.RaftServerConfigKeys (ConfUtils.java:logGet(43)) - raft.server.storage.dir = [/workdir/hadoop-ozone/integration-test/target/test-dir/MiniOzoneClusterImpl-7bc5bb7c-5c55-4645-ae41-72269081a146/datanode-7/data/ratis] (custom)
2019-11-15 03:52:15,503 [main] INFO  hdfs.DFSUtil (DFSUtil.java:httpServerTemplateForNNAndJN(1641)) - Starting Web-server for hddsDatanode at: http://0.0.0.0:0
2019-11-15 03:52:15,504 [main] INFO  server.AuthenticationFilter (AuthenticationFilter.java:constructSecretProvider(240)) - Unable to initialize FileSignerSecretProvider, falling back to use random secrets.
2019-11-15 03:52:15,505 [main] WARN  http.HttpRequestLog (HttpRequestLog.java:getRequestLog(97)) - Jetty request log can only be enabled using Log4j
2019-11-15 03:52:15,506 [main] INFO  http.HttpServer2 (HttpServer2.java:addGlobalFilter(975)) - Added global filter 'safety' (class=org.apache.hadoop.http.HttpServer2$QuotingInputFilter)
2019-11-15 03:52:15,506 [main] INFO  http.HttpServer2 (HttpServer2.java:addFilter(948)) - Added filter static_user_filter (class=org.apache.hadoop.http.lib.StaticUserWebFilter$StaticUserFilter) to context hddsDatanode
2019-11-15 03:52:15,506 [main] INFO  http.HttpServer2 (HttpServer2.java:addFilter(958)) - Added filter static_user_filter (class=org.apache.hadoop.http.lib.StaticUserWebFilter$StaticUserFilter) to context logs
2019-11-15 03:52:15,506 [main] INFO  http.HttpServer2 (HttpServer2.java:addFilter(958)) - Added filter static_user_filter (class=org.apache.hadoop.http.lib.StaticUserWebFilter$StaticUserFilter) to context static
2019-11-15 03:52:15,507 [main] INFO  http.HttpServer2 (HttpServer2.java:bindListener(1191)) - Jetty bound to port 38360
2019-11-15 03:52:15,507 [main] INFO  server.Server (Server.java:doStart(351)) - jetty-9.3.25.v20180904, build timestamp: 2018-09-04T21:11:46Z, git hash: 3ce520221d0240229c862b122d2b06c12a625732
2019-11-15 03:52:15,509 [main] INFO  handler.ContextHandler (ContextHandler.java:doStart(781)) - Started o.e.j.s.ServletContextHandler@1ec22831{/logs,file:///workdir/hadoop-ozone/integration-test/target/log,AVAILABLE}
2019-11-15 03:52:15,509 [main] INFO  handler.ContextHandler (ContextHandler.java:doStart(781)) - Started o.e.j.s.ServletContextHandler@516592b1{/static,jar:file:/home/user/.m2/repository/org/apache/hadoop/hadoop-hdds-container-service/0.5.0-SNAPSHOT/hadoop-hdds-container-service-0.5.0-SNAPSHOT.jar!/webapps/static,AVAILABLE}
2019-11-15 03:52:15,538 [main] INFO  handler.ContextHandler (ContextHandler.java:doStart(781)) - Started o.e.j.w.WebAppContext@5d5a51b1{/,file:///tmp/jetty-0.0.0.0-38360-hddsDatanode-_-any-8903284308240635618.dir/webapp/,AVAILABLE}{/hddsDatanode}
2019-11-15 03:52:15,539 [main] INFO  server.AbstractConnector (AbstractConnector.java:doStart(278)) - Started ServerConnector@4dc7cd1c{HTTP/1.1,[http/1.1]}{0.0.0.0:38360}
2019-11-15 03:52:15,540 [main] INFO  server.Server (Server.java:doStart(419)) - Started @94665ms
2019-11-15 03:52:15,540 [main] WARN  impl.MetricsSystemImpl (MetricsSystemImpl.java:register(276)) - Sink prometheus already exists!
2019-11-15 03:52:15,541 [main] INFO  server.BaseHttpServer (BaseHttpServer.java:updateConnectorAddress(215)) - HTTP server of HDDSDATANODE is listening at http://0.0.0.0:38360
2019-11-15 03:52:15,541 [main] INFO  impl.MetricsSystemImpl (MetricsSystemImpl.java:init(158)) - HddsDatanode metrics system started (again)
2019-11-15 03:52:15,544 [org.apache.hadoop.util.JvmPauseMonitor$Monitor@54d864c7] INFO  util.JvmPauseMonitor (JvmPauseMonitor.java:run(188)) - Starting JVM pause monitor
2019-11-15 03:52:15,545 [main] INFO  ozone.HddsDatanodeService (HddsDatanodeService.java:start(186)) - HddsDatanodeService host:pr-hdds-2493-n7h87-1962818265 ip:192.168.157.206
2019-11-15 03:52:15,546 [Datanode State Machine Thread - 0] INFO  datanode.InitDatanodeState (InitDatanodeState.java:persistContainerDatanodeDetails(140)) - DatanodeDetails is persisted to /workdir/hadoop-ozone/integration-test/target/test-dir/MiniOzoneClusterImpl-7bc5bb7c-5c55-4645-ae41-72269081a146/datanode-7/meta/datanode.id
2019-11-15 03:52:15,555 [main] INFO  volume.HddsVolume (HddsVolume.java:<init>(176)) - Creating Volume: /workdir/hadoop-ozone/integration-test/target/test-dir/MiniOzoneClusterImpl-7bc5bb7c-5c55-4645-ae41-72269081a146/datanode-8/data/containers/hdds of  storage type : DISK and capacity : 1482555576320
2019-11-15 03:52:15,555 [main] INFO  volume.VolumeSet (VolumeSet.java:initializeVolumeSet(170)) - Added Volume : /workdir/hadoop-ozone/integration-test/target/test-dir/MiniOzoneClusterImpl-7bc5bb7c-5c55-4645-ae41-72269081a146/datanode-8/data/containers/hdds to VolumeSet
2019-11-15 03:52:15,555 [main] INFO  volume.ThrottledAsyncChecker (ThrottledAsyncChecker.java:schedule(141)) - Scheduling a check for /workdir/hadoop-ozone/integration-test/target/test-dir/MiniOzoneClusterImpl-7bc5bb7c-5c55-4645-ae41-72269081a146/datanode-8/data/containers/hdds
2019-11-15 03:52:15,556 [main] INFO  volume.HddsVolumeChecker (HddsVolumeChecker.java:checkAllVolumes(204)) - Scheduled health check for volume /workdir/hadoop-ozone/integration-test/target/test-dir/MiniOzoneClusterImpl-7bc5bb7c-5c55-4645-ae41-72269081a146/datanode-8/data/containers/hdds
2019-11-15 03:52:15,568 [main] INFO  impl.RaftServerProxy (ConfUtils.java:logGet(43)) - raft.rpc.type = GRPC (default)
2019-11-15 03:52:15,568 [main] INFO  grpc.GrpcFactory (GrpcFactory.java:checkPooledByteBufAllocatorUseCacheForAllThreads(45)) - PERFORMANCE WARNING: useCacheForAllThreads is true that may cause Netty to create a lot garbage objects and, as a result, trigger GC.
	It is recommended to disable useCacheForAllThreads by setting -Dorg.apache.ratis.thirdparty.io.netty.allocator.useCacheForAllThreads=false in command line.
2019-11-15 03:52:15,568 [main] INFO  grpc.GrpcConfigKeys$Server (ConfUtils.java:logGet(43)) - raft.grpc.server.port = 0 (default)
2019-11-15 03:52:15,569 [main] INFO  server.GrpcService (ConfUtils.java:logGet(43)) - raft.grpc.message.size.max = 33570816 (custom)
2019-11-15 03:52:15,569 [main] INFO  server.RaftServerConfigKeys (ConfUtils.java:logGet(43)) - raft.server.log.appender.buffer.byte-limit = 33554432 (custom)
2019-11-15 03:52:15,569 [main] INFO  server.GrpcService (ConfUtils.java:logGet(43)) - raft.grpc.flow.control.window = 1MB (=1048576) (default)
2019-11-15 03:52:15,569 [main] INFO  server.RaftServerConfigKeys (ConfUtils.java:logGet(43)) - raft.server.rpc.request.timeout = 3000ms (default)
2019-11-15 03:52:15,570 [main] INFO  server.RaftServerConfigKeys (ConfUtils.java:logGet(43)) - raft.server.storage.dir = [/workdir/hadoop-ozone/integration-test/target/test-dir/MiniOzoneClusterImpl-7bc5bb7c-5c55-4645-ae41-72269081a146/datanode-8/data/ratis] (custom)
2019-11-15 03:52:15,571 [main] INFO  hdfs.DFSUtil (DFSUtil.java:httpServerTemplateForNNAndJN(1641)) - Starting Web-server for hddsDatanode at: http://0.0.0.0:0
2019-11-15 03:52:15,572 [main] INFO  server.AuthenticationFilter (AuthenticationFilter.java:constructSecretProvider(240)) - Unable to initialize FileSignerSecretProvider, falling back to use random secrets.
2019-11-15 03:52:15,573 [main] WARN  http.HttpRequestLog (HttpRequestLog.java:getRequestLog(97)) - Jetty request log can only be enabled using Log4j
2019-11-15 03:52:15,574 [main] INFO  http.HttpServer2 (HttpServer2.java:addGlobalFilter(975)) - Added global filter 'safety' (class=org.apache.hadoop.http.HttpServer2$QuotingInputFilter)
2019-11-15 03:52:15,574 [main] INFO  http.HttpServer2 (HttpServer2.java:addFilter(948)) - Added filter static_user_filter (class=org.apache.hadoop.http.lib.StaticUserWebFilter$StaticUserFilter) to context hddsDatanode
2019-11-15 03:52:15,574 [main] INFO  http.HttpServer2 (HttpServer2.java:addFilter(958)) - Added filter static_user_filter (class=org.apache.hadoop.http.lib.StaticUserWebFilter$StaticUserFilter) to context static
2019-11-15 03:52:15,575 [main] INFO  http.HttpServer2 (HttpServer2.java:addFilter(958)) - Added filter static_user_filter (class=org.apache.hadoop.http.lib.StaticUserWebFilter$StaticUserFilter) to context logs
2019-11-15 03:52:15,575 [main] INFO  http.HttpServer2 (HttpServer2.java:bindListener(1191)) - Jetty bound to port 37086
2019-11-15 03:52:15,575 [main] INFO  server.Server (Server.java:doStart(351)) - jetty-9.3.25.v20180904, build timestamp: 2018-09-04T21:11:46Z, git hash: 3ce520221d0240229c862b122d2b06c12a625732
2019-11-15 03:52:15,577 [main] INFO  handler.ContextHandler (ContextHandler.java:doStart(781)) - Started o.e.j.s.ServletContextHandler@661fe025{/logs,file:///workdir/hadoop-ozone/integration-test/target/log,AVAILABLE}
2019-11-15 03:52:15,577 [main] INFO  handler.ContextHandler (ContextHandler.java:doStart(781)) - Started o.e.j.s.ServletContextHandler@38ee7a9d{/static,jar:file:/home/user/.m2/repository/org/apache/hadoop/hadoop-hdds-container-service/0.5.0-SNAPSHOT/hadoop-hdds-container-service-0.5.0-SNAPSHOT.jar!/webapps/static,AVAILABLE}
2019-11-15 03:52:15,606 [main] INFO  handler.ContextHandler (ContextHandler.java:doStart(781)) - Started o.e.j.w.WebAppContext@2b4d4327{/,file:///tmp/jetty-0.0.0.0-37086-hddsDatanode-_-any-6695795220401088708.dir/webapp/,AVAILABLE}{/hddsDatanode}
2019-11-15 03:52:15,606 [main] INFO  server.AbstractConnector (AbstractConnector.java:doStart(278)) - Started ServerConnector@16da1abc{HTTP/1.1,[http/1.1]}{0.0.0.0:37086}
2019-11-15 03:52:15,608 [main] INFO  server.Server (Server.java:doStart(419)) - Started @94733ms
2019-11-15 03:52:15,608 [main] WARN  impl.MetricsSystemImpl (MetricsSystemImpl.java:register(276)) - Sink prometheus already exists!
2019-11-15 03:52:15,609 [main] INFO  server.BaseHttpServer (BaseHttpServer.java:updateConnectorAddress(215)) - HTTP server of HDDSDATANODE is listening at http://0.0.0.0:37086
2019-11-15 03:52:15,609 [main] INFO  impl.MetricsSystemImpl (MetricsSystemImpl.java:init(158)) - HddsDatanode metrics system started (again)
2019-11-15 03:52:15,612 [org.apache.hadoop.util.JvmPauseMonitor$Monitor@23e74731] INFO  util.JvmPauseMonitor (JvmPauseMonitor.java:run(188)) - Starting JVM pause monitor
2019-11-15 03:52:15,613 [main] INFO  ozone.HddsDatanodeService (HddsDatanodeService.java:start(186)) - HddsDatanodeService host:pr-hdds-2493-n7h87-1962818265 ip:192.168.157.206
2019-11-15 03:52:15,614 [Datanode State Machine Thread - 0] INFO  datanode.InitDatanodeState (InitDatanodeState.java:persistContainerDatanodeDetails(140)) - DatanodeDetails is persisted to /workdir/hadoop-ozone/integration-test/target/test-dir/MiniOzoneClusterImpl-7bc5bb7c-5c55-4645-ae41-72269081a146/datanode-8/meta/datanode.id
2019-11-15 03:52:15,619 [main] INFO  volume.HddsVolume (HddsVolume.java:<init>(176)) - Creating Volume: /workdir/hadoop-ozone/integration-test/target/test-dir/MiniOzoneClusterImpl-7bc5bb7c-5c55-4645-ae41-72269081a146/datanode-9/data/containers/hdds of  storage type : DISK and capacity : 1482555576320
2019-11-15 03:52:15,619 [main] INFO  volume.VolumeSet (VolumeSet.java:initializeVolumeSet(170)) - Added Volume : /workdir/hadoop-ozone/integration-test/target/test-dir/MiniOzoneClusterImpl-7bc5bb7c-5c55-4645-ae41-72269081a146/datanode-9/data/containers/hdds to VolumeSet
2019-11-15 03:52:15,620 [main] INFO  volume.ThrottledAsyncChecker (ThrottledAsyncChecker.java:schedule(141)) - Scheduling a check for /workdir/hadoop-ozone/integration-test/target/test-dir/MiniOzoneClusterImpl-7bc5bb7c-5c55-4645-ae41-72269081a146/datanode-9/data/containers/hdds
2019-11-15 03:52:15,620 [main] INFO  volume.HddsVolumeChecker (HddsVolumeChecker.java:checkAllVolumes(204)) - Scheduled health check for volume /workdir/hadoop-ozone/integration-test/target/test-dir/MiniOzoneClusterImpl-7bc5bb7c-5c55-4645-ae41-72269081a146/datanode-9/data/containers/hdds
2019-11-15 03:52:15,632 [main] INFO  impl.RaftServerProxy (ConfUtils.java:logGet(43)) - raft.rpc.type = GRPC (default)
2019-11-15 03:52:15,632 [main] INFO  grpc.GrpcFactory (GrpcFactory.java:checkPooledByteBufAllocatorUseCacheForAllThreads(45)) - PERFORMANCE WARNING: useCacheForAllThreads is true that may cause Netty to create a lot garbage objects and, as a result, trigger GC.
	It is recommended to disable useCacheForAllThreads by setting -Dorg.apache.ratis.thirdparty.io.netty.allocator.useCacheForAllThreads=false in command line.
2019-11-15 03:52:15,633 [main] INFO  grpc.GrpcConfigKeys$Server (ConfUtils.java:logGet(43)) - raft.grpc.server.port = 0 (default)
2019-11-15 03:52:15,633 [main] INFO  server.GrpcService (ConfUtils.java:logGet(43)) - raft.grpc.message.size.max = 33570816 (custom)
2019-11-15 03:52:15,633 [main] INFO  server.RaftServerConfigKeys (ConfUtils.java:logGet(43)) - raft.server.log.appender.buffer.byte-limit = 33554432 (custom)
2019-11-15 03:52:15,633 [main] INFO  server.GrpcService (ConfUtils.java:logGet(43)) - raft.grpc.flow.control.window = 1MB (=1048576) (default)
2019-11-15 03:52:15,633 [main] INFO  server.RaftServerConfigKeys (ConfUtils.java:logGet(43)) - raft.server.rpc.request.timeout = 3000ms (default)
2019-11-15 03:52:15,634 [main] INFO  server.RaftServerConfigKeys (ConfUtils.java:logGet(43)) - raft.server.storage.dir = [/workdir/hadoop-ozone/integration-test/target/test-dir/MiniOzoneClusterImpl-7bc5bb7c-5c55-4645-ae41-72269081a146/datanode-9/data/ratis] (custom)
2019-11-15 03:52:15,635 [main] INFO  hdfs.DFSUtil (DFSUtil.java:httpServerTemplateForNNAndJN(1641)) - Starting Web-server for hddsDatanode at: http://0.0.0.0:0
2019-11-15 03:52:15,636 [main] INFO  server.AuthenticationFilter (AuthenticationFilter.java:constructSecretProvider(240)) - Unable to initialize FileSignerSecretProvider, falling back to use random secrets.
2019-11-15 03:52:15,637 [main] WARN  http.HttpRequestLog (HttpRequestLog.java:getRequestLog(97)) - Jetty request log can only be enabled using Log4j
2019-11-15 03:52:15,638 [main] INFO  http.HttpServer2 (HttpServer2.java:addGlobalFilter(975)) - Added global filter 'safety' (class=org.apache.hadoop.http.HttpServer2$QuotingInputFilter)
2019-11-15 03:52:15,638 [main] INFO  http.HttpServer2 (HttpServer2.java:addFilter(948)) - Added filter static_user_filter (class=org.apache.hadoop.http.lib.StaticUserWebFilter$StaticUserFilter) to context hddsDatanode
2019-11-15 03:52:15,638 [main] INFO  http.HttpServer2 (HttpServer2.java:addFilter(958)) - Added filter static_user_filter (class=org.apache.hadoop.http.lib.StaticUserWebFilter$StaticUserFilter) to context logs
2019-11-15 03:52:15,638 [main] INFO  http.HttpServer2 (HttpServer2.java:addFilter(958)) - Added filter static_user_filter (class=org.apache.hadoop.http.lib.StaticUserWebFilter$StaticUserFilter) to context static
2019-11-15 03:52:15,639 [main] INFO  http.HttpServer2 (HttpServer2.java:bindListener(1191)) - Jetty bound to port 45566
2019-11-15 03:52:15,639 [main] INFO  server.Server (Server.java:doStart(351)) - jetty-9.3.25.v20180904, build timestamp: 2018-09-04T21:11:46Z, git hash: 3ce520221d0240229c862b122d2b06c12a625732
2019-11-15 03:52:15,641 [main] INFO  handler.ContextHandler (ContextHandler.java:doStart(781)) - Started o.e.j.s.ServletContextHandler@17fede14{/logs,file:///workdir/hadoop-ozone/integration-test/target/log,AVAILABLE}
2019-11-15 03:52:15,641 [main] INFO  handler.ContextHandler (ContextHandler.java:doStart(781)) - Started o.e.j.s.ServletContextHandler@86d6bf7{/static,jar:file:/home/user/.m2/repository/org/apache/hadoop/hadoop-hdds-container-service/0.5.0-SNAPSHOT/hadoop-hdds-container-service-0.5.0-SNAPSHOT.jar!/webapps/static,AVAILABLE}
2019-11-15 03:52:15,669 [main] INFO  handler.ContextHandler (ContextHandler.java:doStart(781)) - Started o.e.j.w.WebAppContext@4816ee24{/,file:///tmp/jetty-0.0.0.0-45566-hddsDatanode-_-any-5991101162068199558.dir/webapp/,AVAILABLE}{/hddsDatanode}
2019-11-15 03:52:15,670 [main] INFO  server.AbstractConnector (AbstractConnector.java:doStart(278)) - Started ServerConnector@20d33ea{HTTP/1.1,[http/1.1]}{0.0.0.0:45566}
2019-11-15 03:52:15,670 [main] INFO  server.Server (Server.java:doStart(419)) - Started @94796ms
2019-11-15 03:52:15,671 [main] WARN  impl.MetricsSystemImpl (MetricsSystemImpl.java:register(276)) - Sink prometheus already exists!
2019-11-15 03:52:15,671 [main] INFO  server.BaseHttpServer (BaseHttpServer.java:updateConnectorAddress(215)) - HTTP server of HDDSDATANODE is listening at http://0.0.0.0:45566
2019-11-15 03:52:15,672 [main] INFO  ozone.MiniOzoneClusterImpl (MiniOzoneClusterImpl.java:lambda$waitForClusterToBeReady$2(171)) - Waiting for cluster to be ready. Got 0 of 10 DN Heartbeats.
2019-11-15 03:52:15,673 [org.apache.hadoop.util.JvmPauseMonitor$Monitor@61a82911] INFO  util.JvmPauseMonitor (JvmPauseMonitor.java:run(188)) - Starting JVM pause monitor
2019-11-15 03:52:15,674 [Datanode State Machine Thread - 0] INFO  datanode.InitDatanodeState (InitDatanodeState.java:persistContainerDatanodeDetails(140)) - DatanodeDetails is persisted to /workdir/hadoop-ozone/integration-test/target/test-dir/MiniOzoneClusterImpl-7bc5bb7c-5c55-4645-ae41-72269081a146/datanode-9/meta/datanode.id
2019-11-15 03:52:16,674 [main] INFO  ozone.MiniOzoneClusterImpl (MiniOzoneClusterImpl.java:lambda$waitForClusterToBeReady$2(171)) - Waiting for cluster to be ready. Got 0 of 10 DN Heartbeats.
2019-11-15 03:52:17,093 [Datanode State Machine Thread - 0] INFO  ozoneimpl.OzoneContainer (OzoneContainer.java:start(230)) - Attempting to start container services.
2019-11-15 03:52:17,093 [Datanode State Machine Thread - 0] INFO  ozoneimpl.OzoneContainer (OzoneContainer.java:startContainerScrub(194)) - Background container scanner has been disabled.
2019-11-15 03:52:17,093 [Datanode State Machine Thread - 0] INFO  ratis.XceiverServerRatis (XceiverServerRatis.java:start(421)) - Starting XceiverServerRatis b5c8e6ac-78cf-4415-8687-784dd9b9d9de at port 0
2019-11-15 03:52:17,099 [Datanode State Machine Thread - 0] INFO  impl.RaftServerProxy (RaftServerProxy.java:lambda$start$3(299)) - b5c8e6ac-78cf-4415-8687-784dd9b9d9de: start RPC server
2019-11-15 03:52:17,101 [Datanode State Machine Thread - 0] INFO  server.GrpcService (GrpcService.java:startImpl(158)) - b5c8e6ac-78cf-4415-8687-784dd9b9d9de: GrpcService started, listening on 0.0.0.0/0.0.0.0:35928
2019-11-15 03:52:17,101 [Datanode State Machine Thread - 0] INFO  ratis.XceiverServerRatis (XceiverServerRatis.java:start(431)) - XceiverServerRatis b5c8e6ac-78cf-4415-8687-784dd9b9d9de is started using port 35928
2019-11-15 03:52:17,102 [Datanode State Machine Thread - 0] INFO  server.XceiverServerGrpc (XceiverServerGrpc.java:start(145)) - XceiverServerGrpc b5c8e6ac-78cf-4415-8687-784dd9b9d9de is started using port 35617
2019-11-15 03:52:17,169 [Datanode State Machine Thread - 0] INFO  ozoneimpl.OzoneContainer (OzoneContainer.java:start(230)) - Attempting to start container services.
2019-11-15 03:52:17,169 [Datanode State Machine Thread - 0] INFO  ozoneimpl.OzoneContainer (OzoneContainer.java:startContainerScrub(194)) - Background container scanner has been disabled.
2019-11-15 03:52:17,169 [Datanode State Machine Thread - 0] INFO  ratis.XceiverServerRatis (XceiverServerRatis.java:start(421)) - Starting XceiverServerRatis 09eef956-613c-46b0-8e56-22120e832e77 at port 0
2019-11-15 03:52:17,176 [Datanode State Machine Thread - 0] INFO  impl.RaftServerProxy (RaftServerProxy.java:lambda$start$3(299)) - 09eef956-613c-46b0-8e56-22120e832e77: start RPC server
2019-11-15 03:52:17,177 [Datanode State Machine Thread - 0] INFO  server.GrpcService (GrpcService.java:startImpl(158)) - 09eef956-613c-46b0-8e56-22120e832e77: GrpcService started, listening on 0.0.0.0/0.0.0.0:45763
2019-11-15 03:52:17,177 [Datanode State Machine Thread - 0] INFO  ratis.XceiverServerRatis (XceiverServerRatis.java:start(431)) - XceiverServerRatis 09eef956-613c-46b0-8e56-22120e832e77 is started using port 45763
2019-11-15 03:52:17,177 [Datanode State Machine Thread - 0] INFO  server.XceiverServerGrpc (XceiverServerGrpc.java:start(145)) - XceiverServerGrpc 09eef956-613c-46b0-8e56-22120e832e77 is started using port 35109
2019-11-15 03:52:17,236 [Datanode State Machine Thread - 0] INFO  ozoneimpl.OzoneContainer (OzoneContainer.java:start(230)) - Attempting to start container services.
2019-11-15 03:52:17,236 [Datanode State Machine Thread - 0] INFO  ozoneimpl.OzoneContainer (OzoneContainer.java:startContainerScrub(194)) - Background container scanner has been disabled.
2019-11-15 03:52:17,236 [Datanode State Machine Thread - 0] INFO  ratis.XceiverServerRatis (XceiverServerRatis.java:start(421)) - Starting XceiverServerRatis 2d1b9a28-4ed6-4518-a989-fb5d866f5618 at port 0
2019-11-15 03:52:17,246 [Datanode State Machine Thread - 0] INFO  impl.RaftServerProxy (RaftServerProxy.java:lambda$start$3(299)) - 2d1b9a28-4ed6-4518-a989-fb5d866f5618: start RPC server
2019-11-15 03:52:17,247 [Datanode State Machine Thread - 0] INFO  server.GrpcService (GrpcService.java:startImpl(158)) - 2d1b9a28-4ed6-4518-a989-fb5d866f5618: GrpcService started, listening on 0.0.0.0/0.0.0.0:39845
2019-11-15 03:52:17,247 [Datanode State Machine Thread - 0] INFO  ratis.XceiverServerRatis (XceiverServerRatis.java:start(431)) - XceiverServerRatis 2d1b9a28-4ed6-4518-a989-fb5d866f5618 is started using port 39845
2019-11-15 03:52:17,247 [Datanode State Machine Thread - 0] INFO  server.XceiverServerGrpc (XceiverServerGrpc.java:start(145)) - XceiverServerGrpc 2d1b9a28-4ed6-4518-a989-fb5d866f5618 is started using port 37760
2019-11-15 03:52:17,311 [Datanode State Machine Thread - 0] INFO  ozoneimpl.OzoneContainer (OzoneContainer.java:start(230)) - Attempting to start container services.
2019-11-15 03:52:17,311 [Datanode State Machine Thread - 0] INFO  ozoneimpl.OzoneContainer (OzoneContainer.java:startContainerScrub(194)) - Background container scanner has been disabled.
2019-11-15 03:52:17,312 [Datanode State Machine Thread - 0] INFO  ratis.XceiverServerRatis (XceiverServerRatis.java:start(421)) - Starting XceiverServerRatis 32349214-85e6-49cf-bb69-05e83393fdf3 at port 0
2019-11-15 03:52:17,319 [Datanode State Machine Thread - 0] INFO  impl.RaftServerProxy (RaftServerProxy.java:lambda$start$3(299)) - 32349214-85e6-49cf-bb69-05e83393fdf3: start RPC server
2019-11-15 03:52:17,320 [Datanode State Machine Thread - 0] INFO  server.GrpcService (GrpcService.java:startImpl(158)) - 32349214-85e6-49cf-bb69-05e83393fdf3: GrpcService started, listening on 0.0.0.0/0.0.0.0:34957
2019-11-15 03:52:17,320 [Datanode State Machine Thread - 0] INFO  ratis.XceiverServerRatis (XceiverServerRatis.java:start(431)) - XceiverServerRatis 32349214-85e6-49cf-bb69-05e83393fdf3 is started using port 34957
2019-11-15 03:52:17,320 [Datanode State Machine Thread - 0] INFO  server.XceiverServerGrpc (XceiverServerGrpc.java:start(145)) - XceiverServerGrpc 32349214-85e6-49cf-bb69-05e83393fdf3 is started using port 34240
2019-11-15 03:52:17,378 [Datanode State Machine Thread - 0] INFO  ozoneimpl.OzoneContainer (OzoneContainer.java:start(230)) - Attempting to start container services.
2019-11-15 03:52:17,379 [Datanode State Machine Thread - 0] INFO  ozoneimpl.OzoneContainer (OzoneContainer.java:startContainerScrub(194)) - Background container scanner has been disabled.
2019-11-15 03:52:17,379 [Datanode State Machine Thread - 0] INFO  ratis.XceiverServerRatis (XceiverServerRatis.java:start(421)) - Starting XceiverServerRatis fae849f2-b585-4c8d-a748-375fffce3265 at port 0
2019-11-15 03:52:17,388 [Datanode State Machine Thread - 0] INFO  impl.RaftServerProxy (RaftServerProxy.java:lambda$start$3(299)) - fae849f2-b585-4c8d-a748-375fffce3265: start RPC server
2019-11-15 03:52:17,391 [Datanode State Machine Thread - 0] INFO  server.GrpcService (GrpcService.java:startImpl(158)) - fae849f2-b585-4c8d-a748-375fffce3265: GrpcService started, listening on 0.0.0.0/0.0.0.0:39095
2019-11-15 03:52:17,391 [Datanode State Machine Thread - 0] INFO  ratis.XceiverServerRatis (XceiverServerRatis.java:start(431)) - XceiverServerRatis fae849f2-b585-4c8d-a748-375fffce3265 is started using port 39095
2019-11-15 03:52:17,391 [Datanode State Machine Thread - 0] INFO  server.XceiverServerGrpc (XceiverServerGrpc.java:start(145)) - XceiverServerGrpc fae849f2-b585-4c8d-a748-375fffce3265 is started using port 39602
2019-11-15 03:52:17,437 [Datanode State Machine Thread - 0] INFO  ozoneimpl.OzoneContainer (OzoneContainer.java:start(230)) - Attempting to start container services.
2019-11-15 03:52:17,439 [Datanode State Machine Thread - 0] INFO  ozoneimpl.OzoneContainer (OzoneContainer.java:startContainerScrub(194)) - Background container scanner has been disabled.
2019-11-15 03:52:17,440 [Datanode State Machine Thread - 0] INFO  ratis.XceiverServerRatis (XceiverServerRatis.java:start(421)) - Starting XceiverServerRatis 3b6a93a1-3acb-43ad-9bac-2b83b325636a at port 0
2019-11-15 03:52:17,446 [Datanode State Machine Thread - 0] INFO  impl.RaftServerProxy (RaftServerProxy.java:lambda$start$3(299)) - 3b6a93a1-3acb-43ad-9bac-2b83b325636a: start RPC server
2019-11-15 03:52:17,449 [Datanode State Machine Thread - 0] INFO  server.GrpcService (GrpcService.java:startImpl(158)) - 3b6a93a1-3acb-43ad-9bac-2b83b325636a: GrpcService started, listening on 0.0.0.0/0.0.0.0:37982
2019-11-15 03:52:17,449 [Datanode State Machine Thread - 0] INFO  ratis.XceiverServerRatis (XceiverServerRatis.java:start(431)) - XceiverServerRatis 3b6a93a1-3acb-43ad-9bac-2b83b325636a is started using port 37982
2019-11-15 03:52:17,451 [Datanode State Machine Thread - 0] INFO  server.XceiverServerGrpc (XceiverServerGrpc.java:start(145)) - XceiverServerGrpc 3b6a93a1-3acb-43ad-9bac-2b83b325636a is started using port 36002
2019-11-15 03:52:17,504 [Datanode State Machine Thread - 0] INFO  ozoneimpl.OzoneContainer (OzoneContainer.java:start(230)) - Attempting to start container services.
2019-11-15 03:52:17,504 [Datanode State Machine Thread - 0] INFO  ozoneimpl.OzoneContainer (OzoneContainer.java:startContainerScrub(194)) - Background container scanner has been disabled.
2019-11-15 03:52:17,504 [Datanode State Machine Thread - 0] INFO  ratis.XceiverServerRatis (XceiverServerRatis.java:start(421)) - Starting XceiverServerRatis 43077e3c-832c-4164-9ae4-420ca2301748 at port 0
2019-11-15 03:52:17,513 [Datanode State Machine Thread - 0] INFO  impl.RaftServerProxy (RaftServerProxy.java:lambda$start$3(299)) - 43077e3c-832c-4164-9ae4-420ca2301748: start RPC server
2019-11-15 03:52:17,516 [Datanode State Machine Thread - 0] INFO  server.GrpcService (GrpcService.java:startImpl(158)) - 43077e3c-832c-4164-9ae4-420ca2301748: GrpcService started, listening on 0.0.0.0/0.0.0.0:45724
2019-11-15 03:52:17,516 [Datanode State Machine Thread - 0] INFO  ratis.XceiverServerRatis (XceiverServerRatis.java:start(431)) - XceiverServerRatis 43077e3c-832c-4164-9ae4-420ca2301748 is started using port 45724
2019-11-15 03:52:17,517 [Datanode State Machine Thread - 0] INFO  server.XceiverServerGrpc (XceiverServerGrpc.java:start(145)) - XceiverServerGrpc 43077e3c-832c-4164-9ae4-420ca2301748 is started using port 34873
2019-11-15 03:52:17,571 [Datanode State Machine Thread - 0] INFO  ozoneimpl.OzoneContainer (OzoneContainer.java:start(230)) - Attempting to start container services.
2019-11-15 03:52:17,571 [Datanode State Machine Thread - 0] INFO  ozoneimpl.OzoneContainer (OzoneContainer.java:startContainerScrub(194)) - Background container scanner has been disabled.
2019-11-15 03:52:17,572 [Datanode State Machine Thread - 0] INFO  ratis.XceiverServerRatis (XceiverServerRatis.java:start(421)) - Starting XceiverServerRatis 1f296aea-c4ef-4ad0-bd70-4536dedd0da2 at port 0
2019-11-15 03:52:17,578 [Datanode State Machine Thread - 0] INFO  impl.RaftServerProxy (RaftServerProxy.java:lambda$start$3(299)) - 1f296aea-c4ef-4ad0-bd70-4536dedd0da2: start RPC server
2019-11-15 03:52:17,579 [Datanode State Machine Thread - 0] INFO  server.GrpcService (GrpcService.java:startImpl(158)) - 1f296aea-c4ef-4ad0-bd70-4536dedd0da2: GrpcService started, listening on 0.0.0.0/0.0.0.0:43123
2019-11-15 03:52:17,579 [Datanode State Machine Thread - 0] INFO  ratis.XceiverServerRatis (XceiverServerRatis.java:start(431)) - XceiverServerRatis 1f296aea-c4ef-4ad0-bd70-4536dedd0da2 is started using port 43123
2019-11-15 03:52:17,589 [Datanode State Machine Thread - 0] INFO  server.XceiverServerGrpc (XceiverServerGrpc.java:start(145)) - XceiverServerGrpc 1f296aea-c4ef-4ad0-bd70-4536dedd0da2 is started using port 32980
2019-11-15 03:52:17,638 [Datanode State Machine Thread - 0] INFO  ozoneimpl.OzoneContainer (OzoneContainer.java:start(230)) - Attempting to start container services.
2019-11-15 03:52:17,638 [Datanode State Machine Thread - 0] INFO  ozoneimpl.OzoneContainer (OzoneContainer.java:startContainerScrub(194)) - Background container scanner has been disabled.
2019-11-15 03:52:17,638 [Datanode State Machine Thread - 0] INFO  ratis.XceiverServerRatis (XceiverServerRatis.java:start(421)) - Starting XceiverServerRatis 210c69a5-373c-4b50-aa91-938bcd06c3c6 at port 0
2019-11-15 03:52:17,646 [Datanode State Machine Thread - 0] INFO  impl.RaftServerProxy (RaftServerProxy.java:lambda$start$3(299)) - 210c69a5-373c-4b50-aa91-938bcd06c3c6: start RPC server
2019-11-15 03:52:17,650 [Datanode State Machine Thread - 0] INFO  server.GrpcService (GrpcService.java:startImpl(158)) - 210c69a5-373c-4b50-aa91-938bcd06c3c6: GrpcService started, listening on 0.0.0.0/0.0.0.0:43947
2019-11-15 03:52:17,650 [Datanode State Machine Thread - 0] INFO  ratis.XceiverServerRatis (XceiverServerRatis.java:start(431)) - XceiverServerRatis 210c69a5-373c-4b50-aa91-938bcd06c3c6 is started using port 43947
2019-11-15 03:52:17,650 [Datanode State Machine Thread - 0] INFO  server.XceiverServerGrpc (XceiverServerGrpc.java:start(145)) - XceiverServerGrpc 210c69a5-373c-4b50-aa91-938bcd06c3c6 is started using port 41577
2019-11-15 03:52:17,676 [main] INFO  ozone.MiniOzoneClusterImpl (MiniOzoneClusterImpl.java:lambda$waitForClusterToBeReady$2(171)) - Waiting for cluster to be ready. Got 0 of 10 DN Heartbeats.
2019-11-15 03:52:17,697 [Datanode State Machine Thread - 0] INFO  ozoneimpl.OzoneContainer (OzoneContainer.java:start(230)) - Attempting to start container services.
2019-11-15 03:52:17,697 [Datanode State Machine Thread - 0] INFO  ozoneimpl.OzoneContainer (OzoneContainer.java:startContainerScrub(194)) - Background container scanner has been disabled.
2019-11-15 03:52:17,697 [Datanode State Machine Thread - 0] INFO  ratis.XceiverServerRatis (XceiverServerRatis.java:start(421)) - Starting XceiverServerRatis 8c6299e1-e84a-4bf3-8558-225b6553f707 at port 0
2019-11-15 03:52:17,704 [Datanode State Machine Thread - 0] INFO  impl.RaftServerProxy (RaftServerProxy.java:lambda$start$3(299)) - 8c6299e1-e84a-4bf3-8558-225b6553f707: start RPC server
2019-11-15 03:52:17,704 [Datanode State Machine Thread - 0] INFO  server.GrpcService (GrpcService.java:startImpl(158)) - 8c6299e1-e84a-4bf3-8558-225b6553f707: GrpcService started, listening on 0.0.0.0/0.0.0.0:40623
2019-11-15 03:52:17,704 [Datanode State Machine Thread - 0] INFO  ratis.XceiverServerRatis (XceiverServerRatis.java:start(431)) - XceiverServerRatis 8c6299e1-e84a-4bf3-8558-225b6553f707 is started using port 40623
2019-11-15 03:52:17,716 [Datanode State Machine Thread - 0] INFO  server.XceiverServerGrpc (XceiverServerGrpc.java:start(145)) - XceiverServerGrpc 8c6299e1-e84a-4bf3-8558-225b6553f707 is started using port 41986
2019-11-15 03:52:18,676 [main] INFO  ozone.MiniOzoneClusterImpl (MiniOzoneClusterImpl.java:lambda$waitForClusterToBeReady$2(171)) - Waiting for cluster to be ready. Got 0 of 10 DN Heartbeats.
2019-11-15 03:52:19,060 [IPC Server handler 0 on 36809] INFO  net.NetworkTopology (NetworkTopologyImpl.java:add(111)) - Added a new node: /rack1/b5c8e6ac-78cf-4415-8687-784dd9b9d9de
2019-11-15 03:52:19,062 [IPC Server handler 0 on 36809] INFO  node.SCMNodeManager (SCMNodeManager.java:register(267)) - Registered Data node : b5c8e6ac-78cf-4415-8687-784dd9b9d9de{ip: 192.168.157.206, host: pr-hdds-2493-n7h87-1962818265, networkLocation: /rack1, certSerialId: null}
2019-11-15 03:52:19,063 [EventQueue-NodeRegistrationContainerReportForDataNodeSafeModeRule] INFO  safemode.SCMSafeModeManager (DataNodeSafeModeRule.java:process(71)) - SCM in safe mode. 1 DataNodes registered, 1 required.
2019-11-15 03:52:19,065 [EventQueue-NodeRegistrationContainerReportForDataNodeSafeModeRule] INFO  safemode.SCMSafeModeManager (SCMSafeModeManager.java:validateSafeModeExitRules(177)) - ScmSafeModeManager, all rules are successfully validated
2019-11-15 03:52:19,066 [EventQueue-NodeRegistrationContainerReportForDataNodeSafeModeRule] INFO  safemode.SCMSafeModeManager (SCMSafeModeManager.java:exitSafeMode(193)) - SCM exiting safe mode.
2019-11-15 03:52:19,076 [grpc-default-executor-5] INFO  impl.RaftServerProxy (RaftServerProxy.java:addNew(89)) - b5c8e6ac-78cf-4415-8687-784dd9b9d9de: addNew group-FD6B91C32138:[b5c8e6ac-78cf-4415-8687-784dd9b9d9de:192.168.157.206:35928] returns group-FD6B91C32138:java.util.concurrent.CompletableFuture@3aee446e[Not completed]
2019-11-15 03:52:19,079 [pool-149-thread-1] INFO  impl.RaftServerImpl (RaftServerImpl.java:<init>(98)) - b5c8e6ac-78cf-4415-8687-784dd9b9d9de: new RaftServerImpl for group-FD6B91C32138:[b5c8e6ac-78cf-4415-8687-784dd9b9d9de:192.168.157.206:35928] with ContainerStateMachine:uninitialized
2019-11-15 03:52:19,080 [pool-149-thread-1] INFO  server.RaftServerConfigKeys (ConfUtils.java:logGet(43)) - raft.server.rpc.timeout.min = 1s (custom)
2019-11-15 03:52:19,080 [pool-149-thread-1] INFO  server.RaftServerConfigKeys (ConfUtils.java:logGet(43)) - raft.server.rpc.timeout.max = 1200ms (custom)
2019-11-15 03:52:19,080 [pool-149-thread-1] INFO  server.RaftServerConfigKeys (ConfUtils.java:logGet(43)) - raft.server.rpcslowness.timeout = 120s (custom)
2019-11-15 03:52:19,080 [pool-149-thread-1] INFO  server.RaftServerConfigKeys (ConfUtils.java:logGet(43)) - raft.server.sleep.deviation.threshold = 300 (default)
2019-11-15 03:52:19,080 [pool-149-thread-1] INFO  server.RaftServerConfigKeys (ConfUtils.java:logGet(43)) - raft.server.log.appender.install.snapshot.enabled = false (custom)
2019-11-15 03:52:19,081 [pool-149-thread-1] INFO  impl.RaftServerImpl (ServerState.java:<init>(103)) - b5c8e6ac-78cf-4415-8687-784dd9b9d9de@group-FD6B91C32138: ConfigurationManager, init=-1: [b5c8e6ac-78cf-4415-8687-784dd9b9d9de:192.168.157.206:35928], old=null, confs=<EMPTY_MAP>
2019-11-15 03:52:19,081 [pool-149-thread-1] INFO  server.RaftServerConfigKeys (ConfUtils.java:logGet(43)) - raft.server.storage.dir = [/workdir/hadoop-ozone/integration-test/target/test-dir/MiniOzoneClusterImpl-7bc5bb7c-5c55-4645-ae41-72269081a146/datanode-0/data/ratis] (custom)
2019-11-15 03:52:19,081 [pool-149-thread-1] INFO  server.RaftServerConfigKeys (ConfUtils.java:logGet(43)) - raft.server.log.corruption.policy = EXCEPTION (default)
2019-11-15 03:52:19,082 [pool-149-thread-1] INFO  storage.RaftStorageDirectory (RaftStorageDirectory.java:analyzeStorage(246)) - The storage directory /workdir/hadoop-ozone/integration-test/target/test-dir/MiniOzoneClusterImpl-7bc5bb7c-5c55-4645-ae41-72269081a146/datanode-0/data/ratis/8b088cf4-6b71-4759-bdbf-fd6b91c32138 does not exist. Creating ...
2019-11-15 03:52:19,114 [pool-149-thread-1] INFO  storage.RaftStorageDirectory (RaftStorageDirectory.java:tryLock(328)) - Lock on /workdir/hadoop-ozone/integration-test/target/test-dir/MiniOzoneClusterImpl-7bc5bb7c-5c55-4645-ae41-72269081a146/datanode-0/data/ratis/8b088cf4-6b71-4759-bdbf-fd6b91c32138/in_use.lock acquired by nodename 11002@pr-hdds-2493-n7h87-1962818265
2019-11-15 03:52:19,139 [pool-149-thread-1] INFO  storage.RaftStorage (RaftStorage.java:format(84)) - Storage directory /workdir/hadoop-ozone/integration-test/target/test-dir/MiniOzoneClusterImpl-7bc5bb7c-5c55-4645-ae41-72269081a146/datanode-0/data/ratis/8b088cf4-6b71-4759-bdbf-fd6b91c32138 has been successfully formatted.
2019-11-15 03:52:19,139 [pool-149-thread-1] INFO  ratis.ContainerStateMachine (ContainerStateMachine.java:loadSnapshot(223)) - group-FD6B91C32138: The snapshot info is null. Setting the last applied indexto:(t:0, i:~)
2019-11-15 03:52:19,140 [pool-149-thread-1] INFO  server.RaftServerConfigKeys (ConfUtils.java:logGet(43)) - raft.server.notification.no-leader.timeout = 120s (custom)
2019-11-15 03:52:19,140 [pool-149-thread-1] INFO  server.RaftServerConfigKeys (ConfUtils.java:logGet(43)) - raft.server.log.use.memory = false (default)
2019-11-15 03:52:19,140 [pool-149-thread-1] INFO  server.RaftServerConfigKeys (ConfUtils.java:logGet(43)) - raft.server.log.purge.gap = 1000000 (custom)
2019-11-15 03:52:19,140 [pool-149-thread-1] INFO  server.RaftServerConfigKeys (ConfUtils.java:logGet(43)) - raft.server.log.appender.buffer.byte-limit = 33554432 (custom)
2019-11-15 03:52:19,140 [pool-149-thread-1] INFO  server.RaftServerConfigKeys (ConfUtils.java:logGet(43)) - raft.server.log.segment.size.max = 1048576 (custom)
2019-11-15 03:52:19,140 [pool-149-thread-1] WARN  impl.MetricRegistriesImpl (MetricRegistriesImpl.java:lambda$create$1(61)) - First MetricRegistry has been created without registering reporters. You may need to call MetricRegistries.global().addReportRegistration(...) before.
2019-11-15 03:52:19,141 [pool-149-thread-1] INFO  server.RaftServerConfigKeys (ConfUtils.java:logGet(43)) - raft.server.log.segment.cache.num.max = 2 (custom)
2019-11-15 03:52:19,141 [pool-149-thread-1] INFO  segmented.SegmentedRaftLogWorker (SegmentedRaftLogWorker.java:<init>(173)) - new b5c8e6ac-78cf-4415-8687-784dd9b9d9de@group-FD6B91C32138-SegmentedRaftLogWorker for RaftStorage:Storage Directory /workdir/hadoop-ozone/integration-test/target/test-dir/MiniOzoneClusterImpl-7bc5bb7c-5c55-4645-ae41-72269081a146/datanode-0/data/ratis/8b088cf4-6b71-4759-bdbf-fd6b91c32138
2019-11-15 03:52:19,141 [pool-149-thread-1] INFO  server.RaftServerConfigKeys (ConfUtils.java:logGet(43)) - raft.server.log.queue.byte-limit = 2147483647 (custom)
2019-11-15 03:52:19,141 [pool-149-thread-1] INFO  server.RaftServerConfigKeys (ConfUtils.java:logGet(43)) - raft.server.log.queue.element-limit = 1024 (custom)
2019-11-15 03:52:19,142 [pool-149-thread-1] INFO  server.RaftServerConfigKeys (ConfUtils.java:logGet(43)) - raft.server.log.segment.size.max = 1048576 (custom)
2019-11-15 03:52:19,142 [pool-149-thread-1] INFO  server.RaftServerConfigKeys (ConfUtils.java:logGet(43)) - raft.server.log.preallocated.size = 16384 (custom)
2019-11-15 03:52:19,142 [pool-149-thread-1] INFO  server.RaftServerConfigKeys (ConfUtils.java:logGet(43)) - raft.server.log.write.buffer.size = 33554432 (custom)
2019-11-15 03:52:19,142 [pool-149-thread-1] INFO  server.RaftServerConfigKeys (ConfUtils.java:logGet(43)) - raft.server.log.force.sync.num = 128 (default)
2019-11-15 03:52:19,142 [pool-149-thread-1] INFO  server.RaftServerConfigKeys (ConfUtils.java:logGet(43)) - raft.server.log.statemachine.data.sync = true (default)
2019-11-15 03:52:19,142 [IPC Server handler 1 on 36809] INFO  net.NetworkTopology (NetworkTopologyImpl.java:add(111)) - Added a new node: /rack1/09eef956-613c-46b0-8e56-22120e832e77
2019-11-15 03:52:19,143 [pool-149-thread-1] INFO  server.RaftServerConfigKeys (ConfUtils.java:logGet(43)) - raft.server.log.statemachine.data.sync.timeout = 10s (default)
2019-11-15 03:52:19,143 [IPC Server handler 1 on 36809] INFO  node.SCMNodeManager (SCMNodeManager.java:register(267)) - Registered Data node : 09eef956-613c-46b0-8e56-22120e832e77{ip: 192.168.157.206, host: pr-hdds-2493-n7h87-1962818265, networkLocation: /rack1, certSerialId: null}
2019-11-15 03:52:19,143 [pool-149-thread-1] INFO  server.RaftServerConfigKeys (ConfUtils.java:logGet(43)) - raft.server.log.statemachine.data.sync.timeout.retry = -1 (default)
2019-11-15 03:52:19,143 [pool-149-thread-1] INFO  server.RaftServerConfigKeys (ConfUtils.java:logGet(43)) - raft.server.log.statemachine.data.caching.enabled = true (custom)
2019-11-15 03:52:19,144 [pool-149-thread-1] INFO  segmented.SegmentedRaftLogWorker (SegmentedRaftLogWorker.java:lambda$new$0(128)) - b5c8e6ac-78cf-4415-8687-784dd9b9d9de@group-FD6B91C32138-SegmentedRaftLogWorker: flushIndex: setUnconditionally 0 -> -1
2019-11-15 03:52:19,144 [pool-149-thread-1] INFO  server.RaftServerConfigKeys (ConfUtils.java:logGet(43)) - raft.server.snapshot.auto.trigger.enabled = true (custom)
2019-11-15 03:52:19,144 [pool-149-thread-1] INFO  server.RaftServerConfigKeys (ConfUtils.java:logGet(43)) - raft.server.snapshot.auto.trigger.threshold = 10000 (custom)
2019-11-15 03:52:19,145 [pool-149-thread-1] INFO  server.RaftServerConfigKeys (ConfUtils.java:logGet(43)) - raft.server.snapshot.retention.file.num = 5 (custom)
2019-11-15 03:52:19,145 [pool-149-thread-1] INFO  server.RaftServerConfigKeys (ConfUtils.java:logGet(43)) - raft.server.retrycache.expirytime = 600000ms (custom)
2019-11-15 03:52:19,145 [pool-149-thread-1] WARN  impl.MetricRegistriesImpl (MetricRegistriesImpl.java:lambda$create$1(61)) - First MetricRegistry has been created without registering reporters. You may need to call MetricRegistries.global().addReportRegistration(...) before.
2019-11-15 03:52:19,146 [pool-149-thread-1] WARN  impl.MetricRegistriesImpl (MetricRegistriesImpl.java:lambda$create$1(61)) - First MetricRegistry has been created without registering reporters. You may need to call MetricRegistries.global().addReportRegistration(...) before.
2019-11-15 03:52:19,146 [pool-149-thread-1] INFO  impl.RaftServerImpl (RaftServerImpl.java:start(184)) - b5c8e6ac-78cf-4415-8687-784dd9b9d9de@group-FD6B91C32138: start as a follower, conf=-1: [b5c8e6ac-78cf-4415-8687-784dd9b9d9de:192.168.157.206:35928], old=null
2019-11-15 03:52:19,146 [pool-149-thread-1] INFO  impl.RaftServerImpl (RaftServerImpl.java:setRole(173)) - b5c8e6ac-78cf-4415-8687-784dd9b9d9de@group-FD6B91C32138: changes role from      null to FOLLOWER at term 0 for startAsFollower
2019-11-15 03:52:19,146 [pool-149-thread-1] INFO  impl.RoleInfo (RoleInfo.java:updateAndGet(143)) - b5c8e6ac-78cf-4415-8687-784dd9b9d9de: start FollowerState
2019-11-15 03:52:19,147 [pool-149-thread-1] INFO  util.JmxRegister (JmxRegister.java:tryRegister(44)) - Successfully registered JMX Bean with object name Ratis:service=RaftServer,group=group-FD6B91C32138,id=b5c8e6ac-78cf-4415-8687-784dd9b9d9de
2019-11-15 03:52:19,147 [pool-149-thread-1] WARN  impl.MetricRegistriesImpl (MetricRegistriesImpl.java:lambda$create$1(61)) - First MetricRegistry has been created without registering reporters. You may need to call MetricRegistries.global().addReportRegistration(...) before.
2019-11-15 03:52:19,151 [RatisPipelineUtilsThread] INFO  pipeline.PipelineStateManager (PipelineStateManager.java:addPipeline(55)) - Created pipeline Pipeline[ Id: 8b088cf4-6b71-4759-bdbf-fd6b91c32138, Nodes: b5c8e6ac-78cf-4415-8687-784dd9b9d9de{ip: 192.168.157.206, host: pr-hdds-2493-n7h87-1962818265, networkLocation: /rack1, certSerialId: null}, Type:RATIS, Factor:ONE, State:ALLOCATED]
2019-11-15 03:52:19,159 [grpc-default-executor-5] INFO  impl.RaftServerProxy (RaftServerProxy.java:addNew(89)) - 09eef956-613c-46b0-8e56-22120e832e77: addNew group-750EC2B630BB:[09eef956-613c-46b0-8e56-22120e832e77:192.168.157.206:45763] returns group-750EC2B630BB:java.util.concurrent.CompletableFuture@64b482d8[Not completed]
2019-11-15 03:52:19,161 [pool-159-thread-1] INFO  impl.RaftServerImpl (RaftServerImpl.java:<init>(98)) - 09eef956-613c-46b0-8e56-22120e832e77: new RaftServerImpl for group-750EC2B630BB:[09eef956-613c-46b0-8e56-22120e832e77:192.168.157.206:45763] with ContainerStateMachine:uninitialized
2019-11-15 03:52:19,161 [pool-159-thread-1] INFO  server.RaftServerConfigKeys (ConfUtils.java:logGet(43)) - raft.server.rpc.timeout.min = 1s (custom)
2019-11-15 03:52:19,161 [pool-159-thread-1] INFO  server.RaftServerConfigKeys (ConfUtils.java:logGet(43)) - raft.server.rpc.timeout.max = 1200ms (custom)
2019-11-15 03:52:19,161 [pool-159-thread-1] INFO  server.RaftServerConfigKeys (ConfUtils.java:logGet(43)) - raft.server.rpcslowness.timeout = 120s (custom)
2019-11-15 03:52:19,161 [pool-159-thread-1] INFO  server.RaftServerConfigKeys (ConfUtils.java:logGet(43)) - raft.server.sleep.deviation.threshold = 300 (default)
2019-11-15 03:52:19,161 [pool-159-thread-1] INFO  server.RaftServerConfigKeys (ConfUtils.java:logGet(43)) - raft.server.log.appender.install.snapshot.enabled = false (custom)
2019-11-15 03:52:19,161 [pool-159-thread-1] INFO  impl.RaftServerImpl (ServerState.java:<init>(103)) - 09eef956-613c-46b0-8e56-22120e832e77@group-750EC2B630BB: ConfigurationManager, init=-1: [09eef956-613c-46b0-8e56-22120e832e77:192.168.157.206:45763], old=null, confs=<EMPTY_MAP>
2019-11-15 03:52:19,161 [pool-159-thread-1] INFO  server.RaftServerConfigKeys (ConfUtils.java:logGet(43)) - raft.server.storage.dir = [/workdir/hadoop-ozone/integration-test/target/test-dir/MiniOzoneClusterImpl-7bc5bb7c-5c55-4645-ae41-72269081a146/datanode-1/data/ratis] (custom)
2019-11-15 03:52:19,162 [pool-159-thread-1] INFO  server.RaftServerConfigKeys (ConfUtils.java:logGet(43)) - raft.server.log.corruption.policy = EXCEPTION (default)
2019-11-15 03:52:19,162 [pool-159-thread-1] INFO  storage.RaftStorageDirectory (RaftStorageDirectory.java:analyzeStorage(246)) - The storage directory /workdir/hadoop-ozone/integration-test/target/test-dir/MiniOzoneClusterImpl-7bc5bb7c-5c55-4645-ae41-72269081a146/datanode-1/data/ratis/ef596d84-d699-4c21-9279-750ec2b630bb does not exist. Creating ...
2019-11-15 03:52:19,189 [pool-159-thread-1] INFO  storage.RaftStorageDirectory (RaftStorageDirectory.java:tryLock(328)) - Lock on /workdir/hadoop-ozone/integration-test/target/test-dir/MiniOzoneClusterImpl-7bc5bb7c-5c55-4645-ae41-72269081a146/datanode-1/data/ratis/ef596d84-d699-4c21-9279-750ec2b630bb/in_use.lock acquired by nodename 11002@pr-hdds-2493-n7h87-1962818265
2019-11-15 03:52:19,206 [IPC Server handler 4 on 36809] INFO  net.NetworkTopology (NetworkTopologyImpl.java:add(111)) - Added a new node: /rack1/2d1b9a28-4ed6-4518-a989-fb5d866f5618
2019-11-15 03:52:19,206 [IPC Server handler 4 on 36809] INFO  node.SCMNodeManager (SCMNodeManager.java:register(267)) - Registered Data node : 2d1b9a28-4ed6-4518-a989-fb5d866f5618{ip: 192.168.157.206, host: pr-hdds-2493-n7h87-1962818265, networkLocation: /rack1, certSerialId: null}
2019-11-15 03:52:19,215 [pool-159-thread-1] INFO  storage.RaftStorage (RaftStorage.java:format(84)) - Storage directory /workdir/hadoop-ozone/integration-test/target/test-dir/MiniOzoneClusterImpl-7bc5bb7c-5c55-4645-ae41-72269081a146/datanode-1/data/ratis/ef596d84-d699-4c21-9279-750ec2b630bb has been successfully formatted.
2019-11-15 03:52:19,215 [pool-159-thread-1] INFO  ratis.ContainerStateMachine (ContainerStateMachine.java:loadSnapshot(223)) - group-750EC2B630BB: The snapshot info is null. Setting the last applied indexto:(t:0, i:~)
2019-11-15 03:52:19,215 [pool-159-thread-1] INFO  server.RaftServerConfigKeys (ConfUtils.java:logGet(43)) - raft.server.notification.no-leader.timeout = 120s (custom)
2019-11-15 03:52:19,215 [pool-159-thread-1] INFO  server.RaftServerConfigKeys (ConfUtils.java:logGet(43)) - raft.server.log.use.memory = false (default)
2019-11-15 03:52:19,215 [pool-159-thread-1] INFO  server.RaftServerConfigKeys (ConfUtils.java:logGet(43)) - raft.server.log.purge.gap = 1000000 (custom)
2019-11-15 03:52:19,216 [pool-159-thread-1] INFO  server.RaftServerConfigKeys (ConfUtils.java:logGet(43)) - raft.server.log.appender.buffer.byte-limit = 33554432 (custom)
2019-11-15 03:52:19,216 [pool-159-thread-1] INFO  server.RaftServerConfigKeys (ConfUtils.java:logGet(43)) - raft.server.log.segment.size.max = 1048576 (custom)
2019-11-15 03:52:19,216 [pool-159-thread-1] WARN  impl.MetricRegistriesImpl (MetricRegistriesImpl.java:lambda$create$1(61)) - First MetricRegistry has been created without registering reporters. You may need to call MetricRegistries.global().addReportRegistration(...) before.
2019-11-15 03:52:19,216 [pool-159-thread-1] INFO  server.RaftServerConfigKeys (ConfUtils.java:logGet(43)) - raft.server.log.segment.cache.num.max = 2 (custom)
2019-11-15 03:52:19,216 [pool-159-thread-1] INFO  segmented.SegmentedRaftLogWorker (SegmentedRaftLogWorker.java:<init>(173)) - new 09eef956-613c-46b0-8e56-22120e832e77@group-750EC2B630BB-SegmentedRaftLogWorker for RaftStorage:Storage Directory /workdir/hadoop-ozone/integration-test/target/test-dir/MiniOzoneClusterImpl-7bc5bb7c-5c55-4645-ae41-72269081a146/datanode-1/data/ratis/ef596d84-d699-4c21-9279-750ec2b630bb
2019-11-15 03:52:19,216 [pool-159-thread-1] INFO  server.RaftServerConfigKeys (ConfUtils.java:logGet(43)) - raft.server.log.queue.byte-limit = 2147483647 (custom)
2019-11-15 03:52:19,216 [pool-159-thread-1] INFO  server.RaftServerConfigKeys (ConfUtils.java:logGet(43)) - raft.server.log.queue.element-limit = 1024 (custom)
2019-11-15 03:52:19,216 [pool-159-thread-1] INFO  server.RaftServerConfigKeys (ConfUtils.java:logGet(43)) - raft.server.log.segment.size.max = 1048576 (custom)
2019-11-15 03:52:19,216 [pool-159-thread-1] INFO  server.RaftServerConfigKeys (ConfUtils.java:logGet(43)) - raft.server.log.preallocated.size = 16384 (custom)
2019-11-15 03:52:19,216 [pool-159-thread-1] INFO  server.RaftServerConfigKeys (ConfUtils.java:logGet(43)) - raft.server.log.write.buffer.size = 33554432 (custom)
2019-11-15 03:52:19,216 [pool-159-thread-1] INFO  server.RaftServerConfigKeys (ConfUtils.java:logGet(43)) - raft.server.log.force.sync.num = 128 (default)
2019-11-15 03:52:19,217 [pool-159-thread-1] INFO  server.RaftServerConfigKeys (ConfUtils.java:logGet(43)) - raft.server.log.statemachine.data.sync = true (default)
2019-11-15 03:52:19,217 [pool-159-thread-1] INFO  server.RaftServerConfigKeys (ConfUtils.java:logGet(43)) - raft.server.log.statemachine.data.sync.timeout = 10s (default)
2019-11-15 03:52:19,217 [pool-159-thread-1] INFO  server.RaftServerConfigKeys (ConfUtils.java:logGet(43)) - raft.server.log.statemachine.data.sync.timeout.retry = -1 (default)
2019-11-15 03:52:19,217 [pool-159-thread-1] INFO  server.RaftServerConfigKeys (ConfUtils.java:logGet(43)) - raft.server.log.statemachine.data.caching.enabled = true (custom)
2019-11-15 03:52:19,217 [pool-159-thread-1] INFO  segmented.SegmentedRaftLogWorker (SegmentedRaftLogWorker.java:lambda$new$0(128)) - 09eef956-613c-46b0-8e56-22120e832e77@group-750EC2B630BB-SegmentedRaftLogWorker: flushIndex: setUnconditionally 0 -> -1
2019-11-15 03:52:19,217 [pool-159-thread-1] INFO  server.RaftServerConfigKeys (ConfUtils.java:logGet(43)) - raft.server.snapshot.auto.trigger.enabled = true (custom)
2019-11-15 03:52:19,218 [pool-159-thread-1] INFO  server.RaftServerConfigKeys (ConfUtils.java:logGet(43)) - raft.server.snapshot.auto.trigger.threshold = 10000 (custom)
2019-11-15 03:52:19,218 [pool-159-thread-1] INFO  server.RaftServerConfigKeys (ConfUtils.java:logGet(43)) - raft.server.snapshot.retention.file.num = 5 (custom)
2019-11-15 03:52:19,218 [pool-159-thread-1] INFO  server.RaftServerConfigKeys (ConfUtils.java:logGet(43)) - raft.server.retrycache.expirytime = 600000ms (custom)
2019-11-15 03:52:19,218 [pool-159-thread-1] WARN  impl.MetricRegistriesImpl (MetricRegistriesImpl.java:lambda$create$1(61)) - First MetricRegistry has been created without registering reporters. You may need to call MetricRegistries.global().addReportRegistration(...) before.
2019-11-15 03:52:19,218 [pool-159-thread-1] WARN  impl.MetricRegistriesImpl (MetricRegistriesImpl.java:lambda$create$1(61)) - First MetricRegistry has been created without registering reporters. You may need to call MetricRegistries.global().addReportRegistration(...) before.
2019-11-15 03:52:19,218 [pool-159-thread-1] INFO  impl.RaftServerImpl (RaftServerImpl.java:start(184)) - 09eef956-613c-46b0-8e56-22120e832e77@group-750EC2B630BB: start as a follower, conf=-1: [09eef956-613c-46b0-8e56-22120e832e77:192.168.157.206:45763], old=null
2019-11-15 03:52:19,218 [pool-159-thread-1] INFO  impl.RaftServerImpl (RaftServerImpl.java:setRole(173)) - 09eef956-613c-46b0-8e56-22120e832e77@group-750EC2B630BB: changes role from      null to FOLLOWER at term 0 for startAsFollower
2019-11-15 03:52:19,218 [pool-159-thread-1] INFO  impl.RoleInfo (RoleInfo.java:updateAndGet(143)) - 09eef956-613c-46b0-8e56-22120e832e77: start FollowerState
2019-11-15 03:52:19,219 [pool-159-thread-1] INFO  util.JmxRegister (JmxRegister.java:tryRegister(44)) - Successfully registered JMX Bean with object name Ratis:service=RaftServer,group=group-750EC2B630BB,id=09eef956-613c-46b0-8e56-22120e832e77
2019-11-15 03:52:19,219 [pool-159-thread-1] WARN  impl.MetricRegistriesImpl (MetricRegistriesImpl.java:lambda$create$1(61)) - First MetricRegistry has been created without registering reporters. You may need to call MetricRegistries.global().addReportRegistration(...) before.
2019-11-15 03:52:19,221 [RatisPipelineUtilsThread] INFO  pipeline.PipelineStateManager (PipelineStateManager.java:addPipeline(55)) - Created pipeline Pipeline[ Id: ef596d84-d699-4c21-9279-750ec2b630bb, Nodes: 09eef956-613c-46b0-8e56-22120e832e77{ip: 192.168.157.206, host: pr-hdds-2493-n7h87-1962818265, networkLocation: /rack1, certSerialId: null}, Type:RATIS, Factor:ONE, State:ALLOCATED]
2019-11-15 03:52:19,229 [grpc-default-executor-5] INFO  impl.RaftServerProxy (RaftServerProxy.java:addNew(89)) - 2d1b9a28-4ed6-4518-a989-fb5d866f5618: addNew group-035243FAB9FF:[2d1b9a28-4ed6-4518-a989-fb5d866f5618:192.168.157.206:39845] returns group-035243FAB9FF:java.util.concurrent.CompletableFuture@2eb7b925[Not completed]
2019-11-15 03:52:19,230 [pool-169-thread-1] INFO  impl.RaftServerImpl (RaftServerImpl.java:<init>(98)) - 2d1b9a28-4ed6-4518-a989-fb5d866f5618: new RaftServerImpl for group-035243FAB9FF:[2d1b9a28-4ed6-4518-a989-fb5d866f5618:192.168.157.206:39845] with ContainerStateMachine:uninitialized
2019-11-15 03:52:19,231 [pool-169-thread-1] INFO  server.RaftServerConfigKeys (ConfUtils.java:logGet(43)) - raft.server.rpc.timeout.min = 1s (custom)
2019-11-15 03:52:19,231 [pool-169-thread-1] INFO  server.RaftServerConfigKeys (ConfUtils.java:logGet(43)) - raft.server.rpc.timeout.max = 1200ms (custom)
2019-11-15 03:52:19,231 [pool-169-thread-1] INFO  server.RaftServerConfigKeys (ConfUtils.java:logGet(43)) - raft.server.rpcslowness.timeout = 120s (custom)
2019-11-15 03:52:19,231 [pool-169-thread-1] INFO  server.RaftServerConfigKeys (ConfUtils.java:logGet(43)) - raft.server.sleep.deviation.threshold = 300 (default)
2019-11-15 03:52:19,231 [pool-169-thread-1] INFO  server.RaftServerConfigKeys (ConfUtils.java:logGet(43)) - raft.server.log.appender.install.snapshot.enabled = false (custom)
2019-11-15 03:52:19,231 [pool-169-thread-1] INFO  impl.RaftServerImpl (ServerState.java:<init>(103)) - 2d1b9a28-4ed6-4518-a989-fb5d866f5618@group-035243FAB9FF: ConfigurationManager, init=-1: [2d1b9a28-4ed6-4518-a989-fb5d866f5618:192.168.157.206:39845], old=null, confs=<EMPTY_MAP>
2019-11-15 03:52:19,231 [pool-169-thread-1] INFO  server.RaftServerConfigKeys (ConfUtils.java:logGet(43)) - raft.server.storage.dir = [/workdir/hadoop-ozone/integration-test/target/test-dir/MiniOzoneClusterImpl-7bc5bb7c-5c55-4645-ae41-72269081a146/datanode-2/data/ratis] (custom)
2019-11-15 03:52:19,231 [pool-169-thread-1] INFO  server.RaftServerConfigKeys (ConfUtils.java:logGet(43)) - raft.server.log.corruption.policy = EXCEPTION (default)
2019-11-15 03:52:19,232 [pool-169-thread-1] INFO  storage.RaftStorageDirectory (RaftStorageDirectory.java:analyzeStorage(246)) - The storage directory /workdir/hadoop-ozone/integration-test/target/test-dir/MiniOzoneClusterImpl-7bc5bb7c-5c55-4645-ae41-72269081a146/datanode-2/data/ratis/29203715-eeca-430f-883c-035243fab9ff does not exist. Creating ...
2019-11-15 03:52:19,255 [pool-169-thread-1] INFO  storage.RaftStorageDirectory (RaftStorageDirectory.java:tryLock(328)) - Lock on /workdir/hadoop-ozone/integration-test/target/test-dir/MiniOzoneClusterImpl-7bc5bb7c-5c55-4645-ae41-72269081a146/datanode-2/data/ratis/29203715-eeca-430f-883c-035243fab9ff/in_use.lock acquired by nodename 11002@pr-hdds-2493-n7h87-1962818265
2019-11-15 03:52:19,267 [pool-169-thread-1] INFO  storage.RaftStorage (RaftStorage.java:format(84)) - Storage directory /workdir/hadoop-ozone/integration-test/target/test-dir/MiniOzoneClusterImpl-7bc5bb7c-5c55-4645-ae41-72269081a146/datanode-2/data/ratis/29203715-eeca-430f-883c-035243fab9ff has been successfully formatted.
2019-11-15 03:52:19,268 [pool-169-thread-1] INFO  ratis.ContainerStateMachine (ContainerStateMachine.java:loadSnapshot(223)) - group-035243FAB9FF: The snapshot info is null. Setting the last applied indexto:(t:0, i:~)
2019-11-15 03:52:19,268 [pool-169-thread-1] INFO  server.RaftServerConfigKeys (ConfUtils.java:logGet(43)) - raft.server.notification.no-leader.timeout = 120s (custom)
2019-11-15 03:52:19,268 [pool-169-thread-1] INFO  server.RaftServerConfigKeys (ConfUtils.java:logGet(43)) - raft.server.log.use.memory = false (default)
2019-11-15 03:52:19,268 [pool-169-thread-1] INFO  server.RaftServerConfigKeys (ConfUtils.java:logGet(43)) - raft.server.log.purge.gap = 1000000 (custom)
2019-11-15 03:52:19,268 [pool-169-thread-1] INFO  server.RaftServerConfigKeys (ConfUtils.java:logGet(43)) - raft.server.log.appender.buffer.byte-limit = 33554432 (custom)
2019-11-15 03:52:19,268 [pool-169-thread-1] INFO  server.RaftServerConfigKeys (ConfUtils.java:logGet(43)) - raft.server.log.segment.size.max = 1048576 (custom)
2019-11-15 03:52:19,268 [pool-169-thread-1] WARN  impl.MetricRegistriesImpl (MetricRegistriesImpl.java:lambda$create$1(61)) - First MetricRegistry has been created without registering reporters. You may need to call MetricRegistries.global().addReportRegistration(...) before.
2019-11-15 03:52:19,269 [pool-169-thread-1] INFO  server.RaftServerConfigKeys (ConfUtils.java:logGet(43)) - raft.server.log.segment.cache.num.max = 2 (custom)
2019-11-15 03:52:19,269 [pool-169-thread-1] INFO  segmented.SegmentedRaftLogWorker (SegmentedRaftLogWorker.java:<init>(173)) - new 2d1b9a28-4ed6-4518-a989-fb5d866f5618@group-035243FAB9FF-SegmentedRaftLogWorker for RaftStorage:Storage Directory /workdir/hadoop-ozone/integration-test/target/test-dir/MiniOzoneClusterImpl-7bc5bb7c-5c55-4645-ae41-72269081a146/datanode-2/data/ratis/29203715-eeca-430f-883c-035243fab9ff
2019-11-15 03:52:19,269 [pool-169-thread-1] INFO  server.RaftServerConfigKeys (ConfUtils.java:logGet(43)) - raft.server.log.queue.byte-limit = 2147483647 (custom)
2019-11-15 03:52:19,269 [pool-169-thread-1] INFO  server.RaftServerConfigKeys (ConfUtils.java:logGet(43)) - raft.server.log.queue.element-limit = 1024 (custom)
2019-11-15 03:52:19,269 [pool-169-thread-1] INFO  server.RaftServerConfigKeys (ConfUtils.java:logGet(43)) - raft.server.log.segment.size.max = 1048576 (custom)
2019-11-15 03:52:19,269 [pool-169-thread-1] INFO  server.RaftServerConfigKeys (ConfUtils.java:logGet(43)) - raft.server.log.preallocated.size = 16384 (custom)
2019-11-15 03:52:19,269 [pool-169-thread-1] INFO  server.RaftServerConfigKeys (ConfUtils.java:logGet(43)) - raft.server.log.write.buffer.size = 33554432 (custom)
2019-11-15 03:52:19,269 [pool-169-thread-1] INFO  server.RaftServerConfigKeys (ConfUtils.java:logGet(43)) - raft.server.log.force.sync.num = 128 (default)
2019-11-15 03:52:19,269 [pool-169-thread-1] INFO  server.RaftServerConfigKeys (ConfUtils.java:logGet(43)) - raft.server.log.statemachine.data.sync = true (default)
2019-11-15 03:52:19,269 [pool-169-thread-1] INFO  server.RaftServerConfigKeys (ConfUtils.java:logGet(43)) - raft.server.log.statemachine.data.sync.timeout = 10s (default)
2019-11-15 03:52:19,269 [pool-169-thread-1] INFO  server.RaftServerConfigKeys (ConfUtils.java:logGet(43)) - raft.server.log.statemachine.data.sync.timeout.retry = -1 (default)
2019-11-15 03:52:19,269 [pool-169-thread-1] INFO  server.RaftServerConfigKeys (ConfUtils.java:logGet(43)) - raft.server.log.statemachine.data.caching.enabled = true (custom)
2019-11-15 03:52:19,270 [pool-169-thread-1] INFO  segmented.SegmentedRaftLogWorker (SegmentedRaftLogWorker.java:lambda$new$0(128)) - 2d1b9a28-4ed6-4518-a989-fb5d866f5618@group-035243FAB9FF-SegmentedRaftLogWorker: flushIndex: setUnconditionally 0 -> -1
2019-11-15 03:52:19,270 [pool-169-thread-1] INFO  server.RaftServerConfigKeys (ConfUtils.java:logGet(43)) - raft.server.snapshot.auto.trigger.enabled = true (custom)
2019-11-15 03:52:19,270 [pool-169-thread-1] INFO  server.RaftServerConfigKeys (ConfUtils.java:logGet(43)) - raft.server.snapshot.auto.trigger.threshold = 10000 (custom)
2019-11-15 03:52:19,270 [pool-169-thread-1] INFO  server.RaftServerConfigKeys (ConfUtils.java:logGet(43)) - raft.server.snapshot.retention.file.num = 5 (custom)
2019-11-15 03:52:19,270 [pool-169-thread-1] INFO  server.RaftServerConfigKeys (ConfUtils.java:logGet(43)) - raft.server.retrycache.expirytime = 600000ms (custom)
2019-11-15 03:52:19,270 [pool-169-thread-1] WARN  impl.MetricRegistriesImpl (MetricRegistriesImpl.java:lambda$create$1(61)) - First MetricRegistry has been created without registering reporters. You may need to call MetricRegistries.global().addReportRegistration(...) before.
2019-11-15 03:52:19,270 [pool-169-thread-1] WARN  impl.MetricRegistriesImpl (MetricRegistriesImpl.java:lambda$create$1(61)) - First MetricRegistry has been created without registering reporters. You may need to call MetricRegistries.global().addReportRegistration(...) before.
2019-11-15 03:52:19,271 [pool-169-thread-1] INFO  impl.RaftServerImpl (RaftServerImpl.java:start(184)) - 2d1b9a28-4ed6-4518-a989-fb5d866f5618@group-035243FAB9FF: start as a follower, conf=-1: [2d1b9a28-4ed6-4518-a989-fb5d866f5618:192.168.157.206:39845], old=null
2019-11-15 03:52:19,271 [pool-169-thread-1] INFO  impl.RaftServerImpl (RaftServerImpl.java:setRole(173)) - 2d1b9a28-4ed6-4518-a989-fb5d866f5618@group-035243FAB9FF: changes role from      null to FOLLOWER at term 0 for startAsFollower
2019-11-15 03:52:19,271 [pool-169-thread-1] INFO  impl.RoleInfo (RoleInfo.java:updateAndGet(143)) - 2d1b9a28-4ed6-4518-a989-fb5d866f5618: start FollowerState
2019-11-15 03:52:19,271 [pool-169-thread-1] INFO  util.JmxRegister (JmxRegister.java:tryRegister(44)) - Successfully registered JMX Bean with object name Ratis:service=RaftServer,group=group-035243FAB9FF,id=2d1b9a28-4ed6-4518-a989-fb5d866f5618
2019-11-15 03:52:19,271 [pool-169-thread-1] WARN  impl.MetricRegistriesImpl (MetricRegistriesImpl.java:lambda$create$1(61)) - First MetricRegistry has been created without registering reporters. You may need to call MetricRegistries.global().addReportRegistration(...) before.
2019-11-15 03:52:19,274 [RatisPipelineUtilsThread] INFO  pipeline.PipelineStateManager (PipelineStateManager.java:addPipeline(55)) - Created pipeline Pipeline[ Id: 29203715-eeca-430f-883c-035243fab9ff, Nodes: 2d1b9a28-4ed6-4518-a989-fb5d866f5618{ip: 192.168.157.206, host: pr-hdds-2493-n7h87-1962818265, networkLocation: /rack1, certSerialId: null}, Type:RATIS, Factor:ONE, State:ALLOCATED]
2019-11-15 03:52:19,285 [IPC Server handler 2 on 36809] INFO  net.NetworkTopology (NetworkTopologyImpl.java:add(111)) - Added a new node: /rack1/32349214-85e6-49cf-bb69-05e83393fdf3
2019-11-15 03:52:19,285 [IPC Server handler 2 on 36809] INFO  node.SCMNodeManager (SCMNodeManager.java:register(267)) - Registered Data node : 32349214-85e6-49cf-bb69-05e83393fdf3{ip: 192.168.157.206, host: pr-hdds-2493-n7h87-1962818265, networkLocation: /rack1, certSerialId: null}
2019-11-15 03:52:19,286 [grpc-default-executor-0] INFO  impl.RaftServerProxy (RaftServerProxy.java:addNew(89)) - 2d1b9a28-4ed6-4518-a989-fb5d866f5618: addNew group-6AE7FD78B164:[b5c8e6ac-78cf-4415-8687-784dd9b9d9de:192.168.157.206:35928, 2d1b9a28-4ed6-4518-a989-fb5d866f5618:192.168.157.206:39845, 09eef956-613c-46b0-8e56-22120e832e77:192.168.157.206:45763] returns group-6AE7FD78B164:java.util.concurrent.CompletableFuture@132b301c[Not completed]
2019-11-15 03:52:19,286 [grpc-default-executor-5] INFO  impl.RaftServerProxy (RaftServerProxy.java:addNew(89)) - 09eef956-613c-46b0-8e56-22120e832e77: addNew group-6AE7FD78B164:[b5c8e6ac-78cf-4415-8687-784dd9b9d9de:192.168.157.206:35928, 2d1b9a28-4ed6-4518-a989-fb5d866f5618:192.168.157.206:39845, 09eef956-613c-46b0-8e56-22120e832e77:192.168.157.206:45763] returns group-6AE7FD78B164:java.util.concurrent.CompletableFuture@49fb9f70[Not completed]
2019-11-15 03:52:19,286 [grpc-default-executor-9] INFO  impl.RaftServerProxy (RaftServerProxy.java:addNew(89)) - b5c8e6ac-78cf-4415-8687-784dd9b9d9de: addNew group-6AE7FD78B164:[b5c8e6ac-78cf-4415-8687-784dd9b9d9de:192.168.157.206:35928, 2d1b9a28-4ed6-4518-a989-fb5d866f5618:192.168.157.206:39845, 09eef956-613c-46b0-8e56-22120e832e77:192.168.157.206:45763] returns group-6AE7FD78B164:java.util.concurrent.CompletableFuture@58f89fc3[Not completed]
2019-11-15 03:52:19,287 [pool-169-thread-1] INFO  impl.RaftServerImpl (RaftServerImpl.java:<init>(98)) - 2d1b9a28-4ed6-4518-a989-fb5d866f5618: new RaftServerImpl for group-6AE7FD78B164:[b5c8e6ac-78cf-4415-8687-784dd9b9d9de:192.168.157.206:35928, 2d1b9a28-4ed6-4518-a989-fb5d866f5618:192.168.157.206:39845, 09eef956-613c-46b0-8e56-22120e832e77:192.168.157.206:45763] with ContainerStateMachine:uninitialized
2019-11-15 03:52:19,288 [pool-169-thread-1] INFO  server.RaftServerConfigKeys (ConfUtils.java:logGet(43)) - raft.server.rpc.timeout.min = 1s (custom)
2019-11-15 03:52:19,288 [pool-169-thread-1] INFO  server.RaftServerConfigKeys (ConfUtils.java:logGet(43)) - raft.server.rpc.timeout.max = 1200ms (custom)
2019-11-15 03:52:19,288 [pool-169-thread-1] INFO  server.RaftServerConfigKeys (ConfUtils.java:logGet(43)) - raft.server.rpcslowness.timeout = 120s (custom)
2019-11-15 03:52:19,288 [pool-169-thread-1] INFO  server.RaftServerConfigKeys (ConfUtils.java:logGet(43)) - raft.server.sleep.deviation.threshold = 300 (default)
2019-11-15 03:52:19,288 [pool-169-thread-1] INFO  server.RaftServerConfigKeys (ConfUtils.java:logGet(43)) - raft.server.log.appender.install.snapshot.enabled = false (custom)
2019-11-15 03:52:19,288 [pool-169-thread-1] INFO  impl.RaftServerImpl (ServerState.java:<init>(103)) - 2d1b9a28-4ed6-4518-a989-fb5d866f5618@group-6AE7FD78B164: ConfigurationManager, init=-1: [b5c8e6ac-78cf-4415-8687-784dd9b9d9de:192.168.157.206:35928, 2d1b9a28-4ed6-4518-a989-fb5d866f5618:192.168.157.206:39845, 09eef956-613c-46b0-8e56-22120e832e77:192.168.157.206:45763], old=null, confs=<EMPTY_MAP>
2019-11-15 03:52:19,288 [pool-169-thread-1] INFO  server.RaftServerConfigKeys (ConfUtils.java:logGet(43)) - raft.server.storage.dir = [/workdir/hadoop-ozone/integration-test/target/test-dir/MiniOzoneClusterImpl-7bc5bb7c-5c55-4645-ae41-72269081a146/datanode-2/data/ratis] (custom)
2019-11-15 03:52:19,288 [pool-159-thread-1] INFO  impl.RaftServerImpl (RaftServerImpl.java:<init>(98)) - 09eef956-613c-46b0-8e56-22120e832e77: new RaftServerImpl for group-6AE7FD78B164:[b5c8e6ac-78cf-4415-8687-784dd9b9d9de:192.168.157.206:35928, 2d1b9a28-4ed6-4518-a989-fb5d866f5618:192.168.157.206:39845, 09eef956-613c-46b0-8e56-22120e832e77:192.168.157.206:45763] with ContainerStateMachine:uninitialized
2019-11-15 03:52:19,289 [pool-169-thread-1] INFO  server.RaftServerConfigKeys (ConfUtils.java:logGet(43)) - raft.server.log.corruption.policy = EXCEPTION (default)
2019-11-15 03:52:19,289 [pool-159-thread-1] INFO  server.RaftServerConfigKeys (ConfUtils.java:logGet(43)) - raft.server.rpc.timeout.min = 1s (custom)
2019-11-15 03:52:19,289 [pool-169-thread-1] INFO  storage.RaftStorageDirectory (RaftStorageDirectory.java:analyzeStorage(246)) - The storage directory /workdir/hadoop-ozone/integration-test/target/test-dir/MiniOzoneClusterImpl-7bc5bb7c-5c55-4645-ae41-72269081a146/datanode-2/data/ratis/14df450b-2db2-4a8e-a73a-6ae7fd78b164 does not exist. Creating ...
2019-11-15 03:52:19,289 [pool-149-thread-1] INFO  impl.RaftServerImpl (RaftServerImpl.java:<init>(98)) - b5c8e6ac-78cf-4415-8687-784dd9b9d9de: new RaftServerImpl for group-6AE7FD78B164:[b5c8e6ac-78cf-4415-8687-784dd9b9d9de:192.168.157.206:35928, 2d1b9a28-4ed6-4518-a989-fb5d866f5618:192.168.157.206:39845, 09eef956-613c-46b0-8e56-22120e832e77:192.168.157.206:45763] with ContainerStateMachine:uninitialized
2019-11-15 03:52:19,289 [pool-159-thread-1] INFO  server.RaftServerConfigKeys (ConfUtils.java:logGet(43)) - raft.server.rpc.timeout.max = 1200ms (custom)
2019-11-15 03:52:19,289 [pool-149-thread-1] INFO  server.RaftServerConfigKeys (ConfUtils.java:logGet(43)) - raft.server.rpc.timeout.min = 1s (custom)
2019-11-15 03:52:19,289 [pool-159-thread-1] INFO  server.RaftServerConfigKeys (ConfUtils.java:logGet(43)) - raft.server.rpcslowness.timeout = 120s (custom)
2019-11-15 03:52:19,289 [pool-149-thread-1] INFO  server.RaftServerConfigKeys (ConfUtils.java:logGet(43)) - raft.server.rpc.timeout.max = 1200ms (custom)
2019-11-15 03:52:19,289 [pool-159-thread-1] INFO  server.RaftServerConfigKeys (ConfUtils.java:logGet(43)) - raft.server.sleep.deviation.threshold = 300 (default)
2019-11-15 03:52:19,289 [pool-149-thread-1] INFO  server.RaftServerConfigKeys (ConfUtils.java:logGet(43)) - raft.server.rpcslowness.timeout = 120s (custom)
2019-11-15 03:52:19,289 [pool-159-thread-1] INFO  server.RaftServerConfigKeys (ConfUtils.java:logGet(43)) - raft.server.log.appender.install.snapshot.enabled = false (custom)
2019-11-15 03:52:19,290 [pool-149-thread-1] INFO  server.RaftServerConfigKeys (ConfUtils.java:logGet(43)) - raft.server.sleep.deviation.threshold = 300 (default)
2019-11-15 03:52:19,290 [pool-159-thread-1] INFO  impl.RaftServerImpl (ServerState.java:<init>(103)) - 09eef956-613c-46b0-8e56-22120e832e77@group-6AE7FD78B164: ConfigurationManager, init=-1: [b5c8e6ac-78cf-4415-8687-784dd9b9d9de:192.168.157.206:35928, 2d1b9a28-4ed6-4518-a989-fb5d866f5618:192.168.157.206:39845, 09eef956-613c-46b0-8e56-22120e832e77:192.168.157.206:45763], old=null, confs=<EMPTY_MAP>
2019-11-15 03:52:19,290 [pool-149-thread-1] INFO  server.RaftServerConfigKeys (ConfUtils.java:logGet(43)) - raft.server.log.appender.install.snapshot.enabled = false (custom)
2019-11-15 03:52:19,290 [pool-159-thread-1] INFO  server.RaftServerConfigKeys (ConfUtils.java:logGet(43)) - raft.server.storage.dir = [/workdir/hadoop-ozone/integration-test/target/test-dir/MiniOzoneClusterImpl-7bc5bb7c-5c55-4645-ae41-72269081a146/datanode-1/data/ratis] (custom)
2019-11-15 03:52:19,290 [pool-149-thread-1] INFO  impl.RaftServerImpl (ServerState.java:<init>(103)) - b5c8e6ac-78cf-4415-8687-784dd9b9d9de@group-6AE7FD78B164: ConfigurationManager, init=-1: [b5c8e6ac-78cf-4415-8687-784dd9b9d9de:192.168.157.206:35928, 2d1b9a28-4ed6-4518-a989-fb5d866f5618:192.168.157.206:39845, 09eef956-613c-46b0-8e56-22120e832e77:192.168.157.206:45763], old=null, confs=<EMPTY_MAP>
2019-11-15 03:52:19,290 [pool-149-thread-1] INFO  server.RaftServerConfigKeys (ConfUtils.java:logGet(43)) - raft.server.storage.dir = [/workdir/hadoop-ozone/integration-test/target/test-dir/MiniOzoneClusterImpl-7bc5bb7c-5c55-4645-ae41-72269081a146/datanode-0/data/ratis] (custom)
2019-11-15 03:52:19,290 [pool-159-thread-1] INFO  server.RaftServerConfigKeys (ConfUtils.java:logGet(43)) - raft.server.log.corruption.policy = EXCEPTION (default)
2019-11-15 03:52:19,290 [pool-149-thread-1] INFO  server.RaftServerConfigKeys (ConfUtils.java:logGet(43)) - raft.server.log.corruption.policy = EXCEPTION (default)
2019-11-15 03:52:19,290 [pool-159-thread-1] INFO  storage.RaftStorageDirectory (RaftStorageDirectory.java:analyzeStorage(246)) - The storage directory /workdir/hadoop-ozone/integration-test/target/test-dir/MiniOzoneClusterImpl-7bc5bb7c-5c55-4645-ae41-72269081a146/datanode-1/data/ratis/14df450b-2db2-4a8e-a73a-6ae7fd78b164 does not exist. Creating ...
2019-11-15 03:52:19,290 [pool-149-thread-1] INFO  storage.RaftStorageDirectory (RaftStorageDirectory.java:analyzeStorage(246)) - The storage directory /workdir/hadoop-ozone/integration-test/target/test-dir/MiniOzoneClusterImpl-7bc5bb7c-5c55-4645-ae41-72269081a146/datanode-0/data/ratis/14df450b-2db2-4a8e-a73a-6ae7fd78b164 does not exist. Creating ...
2019-11-15 03:52:19,303 [pool-149-thread-1] INFO  storage.RaftStorageDirectory (RaftStorageDirectory.java:tryLock(328)) - Lock on /workdir/hadoop-ozone/integration-test/target/test-dir/MiniOzoneClusterImpl-7bc5bb7c-5c55-4645-ae41-72269081a146/datanode-0/data/ratis/14df450b-2db2-4a8e-a73a-6ae7fd78b164/in_use.lock acquired by nodename 11002@pr-hdds-2493-n7h87-1962818265
2019-11-15 03:52:19,303 [pool-159-thread-1] INFO  storage.RaftStorageDirectory (RaftStorageDirectory.java:tryLock(328)) - Lock on /workdir/hadoop-ozone/integration-test/target/test-dir/MiniOzoneClusterImpl-7bc5bb7c-5c55-4645-ae41-72269081a146/datanode-1/data/ratis/14df450b-2db2-4a8e-a73a-6ae7fd78b164/in_use.lock acquired by nodename 11002@pr-hdds-2493-n7h87-1962818265
2019-11-15 03:52:19,303 [pool-169-thread-1] INFO  storage.RaftStorageDirectory (RaftStorageDirectory.java:tryLock(328)) - Lock on /workdir/hadoop-ozone/integration-test/target/test-dir/MiniOzoneClusterImpl-7bc5bb7c-5c55-4645-ae41-72269081a146/datanode-2/data/ratis/14df450b-2db2-4a8e-a73a-6ae7fd78b164/in_use.lock acquired by nodename 11002@pr-hdds-2493-n7h87-1962818265
2019-11-15 03:52:19,326 [pool-149-thread-1] INFO  storage.RaftStorage (RaftStorage.java:format(84)) - Storage directory /workdir/hadoop-ozone/integration-test/target/test-dir/MiniOzoneClusterImpl-7bc5bb7c-5c55-4645-ae41-72269081a146/datanode-0/data/ratis/14df450b-2db2-4a8e-a73a-6ae7fd78b164 has been successfully formatted.
2019-11-15 03:52:19,326 [pool-169-thread-1] INFO  storage.RaftStorage (RaftStorage.java:format(84)) - Storage directory /workdir/hadoop-ozone/integration-test/target/test-dir/MiniOzoneClusterImpl-7bc5bb7c-5c55-4645-ae41-72269081a146/datanode-2/data/ratis/14df450b-2db2-4a8e-a73a-6ae7fd78b164 has been successfully formatted.
2019-11-15 03:52:19,327 [pool-159-thread-1] INFO  storage.RaftStorage (RaftStorage.java:format(84)) - Storage directory /workdir/hadoop-ozone/integration-test/target/test-dir/MiniOzoneClusterImpl-7bc5bb7c-5c55-4645-ae41-72269081a146/datanode-1/data/ratis/14df450b-2db2-4a8e-a73a-6ae7fd78b164 has been successfully formatted.
2019-11-15 03:52:19,327 [pool-169-thread-1] INFO  ratis.ContainerStateMachine (ContainerStateMachine.java:loadSnapshot(223)) - group-6AE7FD78B164: The snapshot info is null. Setting the last applied indexto:(t:0, i:~)
2019-11-15 03:52:19,327 [pool-149-thread-1] INFO  ratis.ContainerStateMachine (ContainerStateMachine.java:loadSnapshot(223)) - group-6AE7FD78B164: The snapshot info is null. Setting the last applied indexto:(t:0, i:~)
2019-11-15 03:52:19,327 [pool-159-thread-1] INFO  ratis.ContainerStateMachine (ContainerStateMachine.java:loadSnapshot(223)) - group-6AE7FD78B164: The snapshot info is null. Setting the last applied indexto:(t:0, i:~)
2019-11-15 03:52:19,327 [pool-169-thread-1] INFO  server.RaftServerConfigKeys (ConfUtils.java:logGet(43)) - raft.server.notification.no-leader.timeout = 120s (custom)
2019-11-15 03:52:19,327 [pool-159-thread-1] INFO  server.RaftServerConfigKeys (ConfUtils.java:logGet(43)) - raft.server.notification.no-leader.timeout = 120s (custom)
2019-11-15 03:52:19,327 [pool-159-thread-1] INFO  server.RaftServerConfigKeys (ConfUtils.java:logGet(43)) - raft.server.log.use.memory = false (default)
2019-11-15 03:52:19,327 [pool-149-thread-1] INFO  server.RaftServerConfigKeys (ConfUtils.java:logGet(43)) - raft.server.notification.no-leader.timeout = 120s (custom)
2019-11-15 03:52:19,328 [pool-159-thread-1] INFO  server.RaftServerConfigKeys (ConfUtils.java:logGet(43)) - raft.server.log.purge.gap = 1000000 (custom)
2019-11-15 03:52:19,327 [pool-169-thread-1] INFO  server.RaftServerConfigKeys (ConfUtils.java:logGet(43)) - raft.server.log.use.memory = false (default)
2019-11-15 03:52:19,328 [pool-159-thread-1] INFO  server.RaftServerConfigKeys (ConfUtils.java:logGet(43)) - raft.server.log.appender.buffer.byte-limit = 33554432 (custom)
2019-11-15 03:52:19,328 [pool-149-thread-1] INFO  server.RaftServerConfigKeys (ConfUtils.java:logGet(43)) - raft.server.log.use.memory = false (default)
2019-11-15 03:52:19,328 [pool-159-thread-1] INFO  server.RaftServerConfigKeys (ConfUtils.java:logGet(43)) - raft.server.log.segment.size.max = 1048576 (custom)
2019-11-15 03:52:19,328 [pool-169-thread-1] INFO  server.RaftServerConfigKeys (ConfUtils.java:logGet(43)) - raft.server.log.purge.gap = 1000000 (custom)
2019-11-15 03:52:19,328 [pool-159-thread-1] INFO  server.RaftServerConfigKeys (ConfUtils.java:logGet(43)) - raft.server.log.segment.cache.num.max = 2 (custom)
2019-11-15 03:52:19,328 [pool-149-thread-1] INFO  server.RaftServerConfigKeys (ConfUtils.java:logGet(43)) - raft.server.log.purge.gap = 1000000 (custom)
2019-11-15 03:52:19,329 [pool-159-thread-1] INFO  segmented.SegmentedRaftLogWorker (SegmentedRaftLogWorker.java:<init>(173)) - new 09eef956-613c-46b0-8e56-22120e832e77@group-6AE7FD78B164-SegmentedRaftLogWorker for RaftStorage:Storage Directory /workdir/hadoop-ozone/integration-test/target/test-dir/MiniOzoneClusterImpl-7bc5bb7c-5c55-4645-ae41-72269081a146/datanode-1/data/ratis/14df450b-2db2-4a8e-a73a-6ae7fd78b164
2019-11-15 03:52:19,328 [pool-169-thread-1] INFO  server.RaftServerConfigKeys (ConfUtils.java:logGet(43)) - raft.server.log.appender.buffer.byte-limit = 33554432 (custom)
2019-11-15 03:52:19,329 [pool-159-thread-1] INFO  server.RaftServerConfigKeys (ConfUtils.java:logGet(43)) - raft.server.log.queue.byte-limit = 2147483647 (custom)
2019-11-15 03:52:19,329 [pool-149-thread-1] INFO  server.RaftServerConfigKeys (ConfUtils.java:logGet(43)) - raft.server.log.appender.buffer.byte-limit = 33554432 (custom)
2019-11-15 03:52:19,329 [pool-159-thread-1] INFO  server.RaftServerConfigKeys (ConfUtils.java:logGet(43)) - raft.server.log.queue.element-limit = 1024 (custom)
2019-11-15 03:52:19,329 [pool-169-thread-1] INFO  server.RaftServerConfigKeys (ConfUtils.java:logGet(43)) - raft.server.log.segment.size.max = 1048576 (custom)
2019-11-15 03:52:19,329 [pool-159-thread-1] INFO  server.RaftServerConfigKeys (ConfUtils.java:logGet(43)) - raft.server.log.segment.size.max = 1048576 (custom)
2019-11-15 03:52:19,329 [pool-159-thread-1] INFO  server.RaftServerConfigKeys (ConfUtils.java:logGet(43)) - raft.server.log.preallocated.size = 16384 (custom)
2019-11-15 03:52:19,329 [pool-149-thread-1] INFO  server.RaftServerConfigKeys (ConfUtils.java:logGet(43)) - raft.server.log.segment.size.max = 1048576 (custom)
2019-11-15 03:52:19,330 [pool-159-thread-1] INFO  server.RaftServerConfigKeys (ConfUtils.java:logGet(43)) - raft.server.log.write.buffer.size = 33554432 (custom)
2019-11-15 03:52:19,329 [pool-169-thread-1] INFO  server.RaftServerConfigKeys (ConfUtils.java:logGet(43)) - raft.server.log.segment.cache.num.max = 2 (custom)
2019-11-15 03:52:19,330 [pool-159-thread-1] INFO  server.RaftServerConfigKeys (ConfUtils.java:logGet(43)) - raft.server.log.force.sync.num = 128 (default)
2019-11-15 03:52:19,330 [pool-149-thread-1] INFO  server.RaftServerConfigKeys (ConfUtils.java:logGet(43)) - raft.server.log.segment.cache.num.max = 2 (custom)
2019-11-15 03:52:19,330 [pool-159-thread-1] INFO  server.RaftServerConfigKeys (ConfUtils.java:logGet(43)) - raft.server.log.statemachine.data.sync = true (default)
2019-11-15 03:52:19,330 [pool-169-thread-1] INFO  segmented.SegmentedRaftLogWorker (SegmentedRaftLogWorker.java:<init>(173)) - new 2d1b9a28-4ed6-4518-a989-fb5d866f5618@group-6AE7FD78B164-SegmentedRaftLogWorker for RaftStorage:Storage Directory /workdir/hadoop-ozone/integration-test/target/test-dir/MiniOzoneClusterImpl-7bc5bb7c-5c55-4645-ae41-72269081a146/datanode-2/data/ratis/14df450b-2db2-4a8e-a73a-6ae7fd78b164
2019-11-15 03:52:19,330 [pool-159-thread-1] INFO  server.RaftServerConfigKeys (ConfUtils.java:logGet(43)) - raft.server.log.statemachine.data.sync.timeout = 10s (default)
2019-11-15 03:52:19,330 [pool-149-thread-1] INFO  segmented.SegmentedRaftLogWorker (SegmentedRaftLogWorker.java:<init>(173)) - new b5c8e6ac-78cf-4415-8687-784dd9b9d9de@group-6AE7FD78B164-SegmentedRaftLogWorker for RaftStorage:Storage Directory /workdir/hadoop-ozone/integration-test/target/test-dir/MiniOzoneClusterImpl-7bc5bb7c-5c55-4645-ae41-72269081a146/datanode-0/data/ratis/14df450b-2db2-4a8e-a73a-6ae7fd78b164
2019-11-15 03:52:19,331 [pool-159-thread-1] INFO  server.RaftServerConfigKeys (ConfUtils.java:logGet(43)) - raft.server.log.statemachine.data.sync.timeout.retry = -1 (default)
2019-11-15 03:52:19,330 [pool-169-thread-1] INFO  server.RaftServerConfigKeys (ConfUtils.java:logGet(43)) - raft.server.log.queue.byte-limit = 2147483647 (custom)
2019-11-15 03:52:19,331 [pool-149-thread-1] INFO  server.RaftServerConfigKeys (ConfUtils.java:logGet(43)) - raft.server.log.queue.byte-limit = 2147483647 (custom)
2019-11-15 03:52:19,331 [pool-159-thread-1] INFO  server.RaftServerConfigKeys (ConfUtils.java:logGet(43)) - raft.server.log.statemachine.data.caching.enabled = true (custom)
2019-11-15 03:52:19,331 [pool-169-thread-1] INFO  server.RaftServerConfigKeys (ConfUtils.java:logGet(43)) - raft.server.log.queue.element-limit = 1024 (custom)
2019-11-15 03:52:19,331 [pool-149-thread-1] INFO  server.RaftServerConfigKeys (ConfUtils.java:logGet(43)) - raft.server.log.queue.element-limit = 1024 (custom)
2019-11-15 03:52:19,331 [pool-169-thread-1] INFO  server.RaftServerConfigKeys (ConfUtils.java:logGet(43)) - raft.server.log.segment.size.max = 1048576 (custom)
2019-11-15 03:52:19,331 [pool-159-thread-1] INFO  segmented.SegmentedRaftLogWorker (SegmentedRaftLogWorker.java:lambda$new$0(128)) - 09eef956-613c-46b0-8e56-22120e832e77@group-6AE7FD78B164-SegmentedRaftLogWorker: flushIndex: setUnconditionally 0 -> -1
2019-11-15 03:52:19,331 [pool-149-thread-1] INFO  server.RaftServerConfigKeys (ConfUtils.java:logGet(43)) - raft.server.log.segment.size.max = 1048576 (custom)
2019-11-15 03:52:19,331 [pool-169-thread-1] INFO  server.RaftServerConfigKeys (ConfUtils.java:logGet(43)) - raft.server.log.preallocated.size = 16384 (custom)
2019-11-15 03:52:19,332 [pool-149-thread-1] INFO  server.RaftServerConfigKeys (ConfUtils.java:logGet(43)) - raft.server.log.preallocated.size = 16384 (custom)
2019-11-15 03:52:19,332 [pool-159-thread-1] INFO  server.RaftServerConfigKeys (ConfUtils.java:logGet(43)) - raft.server.snapshot.auto.trigger.enabled = true (custom)
2019-11-15 03:52:19,332 [pool-169-thread-1] INFO  server.RaftServerConfigKeys (ConfUtils.java:logGet(43)) - raft.server.log.write.buffer.size = 33554432 (custom)
2019-11-15 03:52:19,332 [pool-159-thread-1] INFO  server.RaftServerConfigKeys (ConfUtils.java:logGet(43)) - raft.server.snapshot.auto.trigger.threshold = 10000 (custom)
2019-11-15 03:52:19,332 [pool-149-thread-1] INFO  server.RaftServerConfigKeys (ConfUtils.java:logGet(43)) - raft.server.log.write.buffer.size = 33554432 (custom)
2019-11-15 03:52:19,332 [pool-159-thread-1] INFO  server.RaftServerConfigKeys (ConfUtils.java:logGet(43)) - raft.server.snapshot.retention.file.num = 5 (custom)
2019-11-15 03:52:19,332 [pool-169-thread-1] INFO  server.RaftServerConfigKeys (ConfUtils.java:logGet(43)) - raft.server.log.force.sync.num = 128 (default)
2019-11-15 03:52:19,332 [pool-159-thread-1] INFO  server.RaftServerConfigKeys (ConfUtils.java:logGet(43)) - raft.server.retrycache.expirytime = 600000ms (custom)
2019-11-15 03:52:19,332 [pool-149-thread-1] INFO  server.RaftServerConfigKeys (ConfUtils.java:logGet(43)) - raft.server.log.force.sync.num = 128 (default)
2019-11-15 03:52:19,332 [pool-159-thread-1] WARN  impl.MetricRegistriesImpl (MetricRegistriesImpl.java:lambda$create$1(61)) - First MetricRegistry has been created without registering reporters. You may need to call MetricRegistries.global().addReportRegistration(...) before.
2019-11-15 03:52:19,332 [pool-169-thread-1] INFO  server.RaftServerConfigKeys (ConfUtils.java:logGet(43)) - raft.server.log.statemachine.data.sync = true (default)
2019-11-15 03:52:19,333 [pool-159-thread-1] WARN  impl.MetricRegistriesImpl (MetricRegistriesImpl.java:lambda$create$1(61)) - First MetricRegistry has been created without registering reporters. You may need to call MetricRegistries.global().addReportRegistration(...) before.
2019-11-15 03:52:19,333 [pool-149-thread-1] INFO  server.RaftServerConfigKeys (ConfUtils.java:logGet(43)) - raft.server.log.statemachine.data.sync = true (default)
2019-11-15 03:52:19,333 [pool-169-thread-1] INFO  server.RaftServerConfigKeys (ConfUtils.java:logGet(43)) - raft.server.log.statemachine.data.sync.timeout = 10s (default)
2019-11-15 03:52:19,333 [pool-149-thread-1] INFO  server.RaftServerConfigKeys (ConfUtils.java:logGet(43)) - raft.server.log.statemachine.data.sync.timeout = 10s (default)
2019-11-15 03:52:19,333 [pool-159-thread-1] INFO  impl.RaftServerImpl (RaftServerImpl.java:start(184)) - 09eef956-613c-46b0-8e56-22120e832e77@group-6AE7FD78B164: start as a follower, conf=-1: [b5c8e6ac-78cf-4415-8687-784dd9b9d9de:192.168.157.206:35928, 2d1b9a28-4ed6-4518-a989-fb5d866f5618:192.168.157.206:39845, 09eef956-613c-46b0-8e56-22120e832e77:192.168.157.206:45763], old=null
2019-11-15 03:52:19,333 [pool-149-thread-1] INFO  server.RaftServerConfigKeys (ConfUtils.java:logGet(43)) - raft.server.log.statemachine.data.sync.timeout.retry = -1 (default)
2019-11-15 03:52:19,333 [pool-169-thread-1] INFO  server.RaftServerConfigKeys (ConfUtils.java:logGet(43)) - raft.server.log.statemachine.data.sync.timeout.retry = -1 (default)
2019-11-15 03:52:19,333 [pool-149-thread-1] INFO  server.RaftServerConfigKeys (ConfUtils.java:logGet(43)) - raft.server.log.statemachine.data.caching.enabled = true (custom)
2019-11-15 03:52:19,333 [pool-159-thread-1] INFO  impl.RaftServerImpl (RaftServerImpl.java:setRole(173)) - 09eef956-613c-46b0-8e56-22120e832e77@group-6AE7FD78B164: changes role from      null to FOLLOWER at term 0 for startAsFollower
2019-11-15 03:52:19,333 [pool-169-thread-1] INFO  server.RaftServerConfigKeys (ConfUtils.java:logGet(43)) - raft.server.log.statemachine.data.caching.enabled = true (custom)
2019-11-15 03:52:19,334 [pool-159-thread-1] INFO  impl.RoleInfo (RoleInfo.java:updateAndGet(143)) - 09eef956-613c-46b0-8e56-22120e832e77: start FollowerState
2019-11-15 03:52:19,334 [pool-169-thread-1] INFO  segmented.SegmentedRaftLogWorker (SegmentedRaftLogWorker.java:lambda$new$0(128)) - 2d1b9a28-4ed6-4518-a989-fb5d866f5618@group-6AE7FD78B164-SegmentedRaftLogWorker: flushIndex: setUnconditionally 0 -> -1
2019-11-15 03:52:19,334 [pool-149-thread-1] INFO  segmented.SegmentedRaftLogWorker (SegmentedRaftLogWorker.java:lambda$new$0(128)) - b5c8e6ac-78cf-4415-8687-784dd9b9d9de@group-6AE7FD78B164-SegmentedRaftLogWorker: flushIndex: setUnconditionally 0 -> -1
2019-11-15 03:52:19,334 [pool-169-thread-1] INFO  server.RaftServerConfigKeys (ConfUtils.java:logGet(43)) - raft.server.snapshot.auto.trigger.enabled = true (custom)
2019-11-15 03:52:19,334 [pool-159-thread-1] INFO  util.JmxRegister (JmxRegister.java:tryRegister(44)) - Successfully registered JMX Bean with object name Ratis:service=RaftServer,group=group-6AE7FD78B164,id=09eef956-613c-46b0-8e56-22120e832e77
2019-11-15 03:52:19,334 [pool-149-thread-1] INFO  server.RaftServerConfigKeys (ConfUtils.java:logGet(43)) - raft.server.snapshot.auto.trigger.enabled = true (custom)
2019-11-15 03:52:19,334 [pool-169-thread-1] INFO  server.RaftServerConfigKeys (ConfUtils.java:logGet(43)) - raft.server.snapshot.auto.trigger.threshold = 10000 (custom)
2019-11-15 03:52:19,334 [pool-149-thread-1] INFO  server.RaftServerConfigKeys (ConfUtils.java:logGet(43)) - raft.server.snapshot.auto.trigger.threshold = 10000 (custom)
2019-11-15 03:52:19,334 [pool-159-thread-1] WARN  impl.MetricRegistriesImpl (MetricRegistriesImpl.java:lambda$create$1(61)) - First MetricRegistry has been created without registering reporters. You may need to call MetricRegistries.global().addReportRegistration(...) before.
2019-11-15 03:52:19,335 [pool-149-thread-1] INFO  server.RaftServerConfigKeys (ConfUtils.java:logGet(43)) - raft.server.snapshot.retention.file.num = 5 (custom)
2019-11-15 03:52:19,334 [pool-169-thread-1] INFO  server.RaftServerConfigKeys (ConfUtils.java:logGet(43)) - raft.server.snapshot.retention.file.num = 5 (custom)
2019-11-15 03:52:19,335 [pool-149-thread-1] INFO  server.RaftServerConfigKeys (ConfUtils.java:logGet(43)) - raft.server.retrycache.expirytime = 600000ms (custom)
2019-11-15 03:52:19,335 [pool-169-thread-1] INFO  server.RaftServerConfigKeys (ConfUtils.java:logGet(43)) - raft.server.retrycache.expirytime = 600000ms (custom)
2019-11-15 03:52:19,335 [pool-149-thread-1] WARN  impl.MetricRegistriesImpl (MetricRegistriesImpl.java:lambda$create$1(61)) - First MetricRegistry has been created without registering reporters. You may need to call MetricRegistries.global().addReportRegistration(...) before.
2019-11-15 03:52:19,335 [pool-169-thread-1] WARN  impl.MetricRegistriesImpl (MetricRegistriesImpl.java:lambda$create$1(61)) - First MetricRegistry has been created without registering reporters. You may need to call MetricRegistries.global().addReportRegistration(...) before.
2019-11-15 03:52:19,335 [pool-149-thread-1] WARN  impl.MetricRegistriesImpl (MetricRegistriesImpl.java:lambda$create$1(61)) - First MetricRegistry has been created without registering reporters. You may need to call MetricRegistries.global().addReportRegistration(...) before.
2019-11-15 03:52:19,335 [pool-169-thread-1] WARN  impl.MetricRegistriesImpl (MetricRegistriesImpl.java:lambda$create$1(61)) - First MetricRegistry has been created without registering reporters. You may need to call MetricRegistries.global().addReportRegistration(...) before.
2019-11-15 03:52:19,335 [pool-149-thread-1] INFO  impl.RaftServerImpl (RaftServerImpl.java:start(184)) - b5c8e6ac-78cf-4415-8687-784dd9b9d9de@group-6AE7FD78B164: start as a follower, conf=-1: [b5c8e6ac-78cf-4415-8687-784dd9b9d9de:192.168.157.206:35928, 2d1b9a28-4ed6-4518-a989-fb5d866f5618:192.168.157.206:39845, 09eef956-613c-46b0-8e56-22120e832e77:192.168.157.206:45763], old=null
2019-11-15 03:52:19,335 [pool-169-thread-1] INFO  impl.RaftServerImpl (RaftServerImpl.java:start(184)) - 2d1b9a28-4ed6-4518-a989-fb5d866f5618@group-6AE7FD78B164: start as a follower, conf=-1: [b5c8e6ac-78cf-4415-8687-784dd9b9d9de:192.168.157.206:35928, 2d1b9a28-4ed6-4518-a989-fb5d866f5618:192.168.157.206:39845, 09eef956-613c-46b0-8e56-22120e832e77:192.168.157.206:45763], old=null
2019-11-15 03:52:19,335 [pool-149-thread-1] INFO  impl.RaftServerImpl (RaftServerImpl.java:setRole(173)) - b5c8e6ac-78cf-4415-8687-784dd9b9d9de@group-6AE7FD78B164: changes role from      null to FOLLOWER at term 0 for startAsFollower
2019-11-15 03:52:19,336 [pool-169-thread-1] INFO  impl.RaftServerImpl (RaftServerImpl.java:setRole(173)) - 2d1b9a28-4ed6-4518-a989-fb5d866f5618@group-6AE7FD78B164: changes role from      null to FOLLOWER at term 0 for startAsFollower
2019-11-15 03:52:19,336 [pool-149-thread-1] INFO  impl.RoleInfo (RoleInfo.java:updateAndGet(143)) - b5c8e6ac-78cf-4415-8687-784dd9b9d9de: start FollowerState
2019-11-15 03:52:19,336 [pool-169-thread-1] INFO  impl.RoleInfo (RoleInfo.java:updateAndGet(143)) - 2d1b9a28-4ed6-4518-a989-fb5d866f5618: start FollowerState
2019-11-15 03:52:19,336 [pool-149-thread-1] INFO  util.JmxRegister (JmxRegister.java:tryRegister(44)) - Successfully registered JMX Bean with object name Ratis:service=RaftServer,group=group-6AE7FD78B164,id=b5c8e6ac-78cf-4415-8687-784dd9b9d9de
2019-11-15 03:52:19,336 [pool-169-thread-1] INFO  util.JmxRegister (JmxRegister.java:tryRegister(44)) - Successfully registered JMX Bean with object name Ratis:service=RaftServer,group=group-6AE7FD78B164,id=2d1b9a28-4ed6-4518-a989-fb5d866f5618
2019-11-15 03:52:19,336 [pool-149-thread-1] WARN  impl.MetricRegistriesImpl (MetricRegistriesImpl.java:lambda$create$1(61)) - First MetricRegistry has been created without registering reporters. You may need to call MetricRegistries.global().addReportRegistration(...) before.
2019-11-15 03:52:19,336 [pool-169-thread-1] WARN  impl.MetricRegistriesImpl (MetricRegistriesImpl.java:lambda$create$1(61)) - First MetricRegistry has been created without registering reporters. You may need to call MetricRegistries.global().addReportRegistration(...) before.
2019-11-15 03:52:19,340 [RatisPipelineUtilsThread] INFO  pipeline.PipelineStateManager (PipelineStateManager.java:addPipeline(55)) - Created pipeline Pipeline[ Id: 14df450b-2db2-4a8e-a73a-6ae7fd78b164, Nodes: b5c8e6ac-78cf-4415-8687-784dd9b9d9de{ip: 192.168.157.206, host: pr-hdds-2493-n7h87-1962818265, networkLocation: /rack1, certSerialId: null}09eef956-613c-46b0-8e56-22120e832e77{ip: 192.168.157.206, host: pr-hdds-2493-n7h87-1962818265, networkLocation: /rack1, certSerialId: null}2d1b9a28-4ed6-4518-a989-fb5d866f5618{ip: 192.168.157.206, host: pr-hdds-2493-n7h87-1962818265, networkLocation: /rack1, certSerialId: null}, Type:RATIS, Factor:THREE, State:ALLOCATED]
2019-11-15 03:52:19,348 [grpc-default-executor-9] INFO  impl.RaftServerProxy (RaftServerProxy.java:addNew(89)) - 32349214-85e6-49cf-bb69-05e83393fdf3: addNew group-4713D1D2FAEC:[32349214-85e6-49cf-bb69-05e83393fdf3:192.168.157.206:34957] returns group-4713D1D2FAEC:java.util.concurrent.CompletableFuture@7d9ed2b4[Not completed]
2019-11-15 03:52:19,349 [IPC Server handler 5 on 36809] INFO  net.NetworkTopology (NetworkTopologyImpl.java:add(111)) - Added a new node: /rack1/fae849f2-b585-4c8d-a748-375fffce3265
2019-11-15 03:52:19,349 [IPC Server handler 5 on 36809] INFO  node.SCMNodeManager (SCMNodeManager.java:register(267)) - Registered Data node : fae849f2-b585-4c8d-a748-375fffce3265{ip: 192.168.157.206, host: pr-hdds-2493-n7h87-1962818265, networkLocation: /rack1, certSerialId: null}
2019-11-15 03:52:19,350 [pool-179-thread-1] INFO  impl.RaftServerImpl (RaftServerImpl.java:<init>(98)) - 32349214-85e6-49cf-bb69-05e83393fdf3: new RaftServerImpl for group-4713D1D2FAEC:[32349214-85e6-49cf-bb69-05e83393fdf3:192.168.157.206:34957] with ContainerStateMachine:uninitialized
2019-11-15 03:52:19,351 [pool-179-thread-1] INFO  server.RaftServerConfigKeys (ConfUtils.java:logGet(43)) - raft.server.rpc.timeout.min = 1s (custom)
2019-11-15 03:52:19,351 [pool-179-thread-1] INFO  server.RaftServerConfigKeys (ConfUtils.java:logGet(43)) - raft.server.rpc.timeout.max = 1200ms (custom)
2019-11-15 03:52:19,351 [pool-179-thread-1] INFO  server.RaftServerConfigKeys (ConfUtils.java:logGet(43)) - raft.server.rpcslowness.timeout = 120s (custom)
2019-11-15 03:52:19,351 [pool-179-thread-1] INFO  server.RaftServerConfigKeys (ConfUtils.java:logGet(43)) - raft.server.sleep.deviation.threshold = 300 (default)
2019-11-15 03:52:19,351 [pool-179-thread-1] INFO  server.RaftServerConfigKeys (ConfUtils.java:logGet(43)) - raft.server.log.appender.install.snapshot.enabled = false (custom)
2019-11-15 03:52:19,351 [pool-179-thread-1] INFO  impl.RaftServerImpl (ServerState.java:<init>(103)) - 32349214-85e6-49cf-bb69-05e83393fdf3@group-4713D1D2FAEC: ConfigurationManager, init=-1: [32349214-85e6-49cf-bb69-05e83393fdf3:192.168.157.206:34957], old=null, confs=<EMPTY_MAP>
2019-11-15 03:52:19,352 [pool-179-thread-1] INFO  server.RaftServerConfigKeys (ConfUtils.java:logGet(43)) - raft.server.storage.dir = [/workdir/hadoop-ozone/integration-test/target/test-dir/MiniOzoneClusterImpl-7bc5bb7c-5c55-4645-ae41-72269081a146/datanode-3/data/ratis] (custom)
2019-11-15 03:52:19,352 [pool-179-thread-1] INFO  server.RaftServerConfigKeys (ConfUtils.java:logGet(43)) - raft.server.log.corruption.policy = EXCEPTION (default)
2019-11-15 03:52:19,352 [pool-179-thread-1] INFO  storage.RaftStorageDirectory (RaftStorageDirectory.java:analyzeStorage(246)) - The storage directory /workdir/hadoop-ozone/integration-test/target/test-dir/MiniOzoneClusterImpl-7bc5bb7c-5c55-4645-ae41-72269081a146/datanode-3/data/ratis/401cf8d9-8984-4dd8-8e7c-4713d1d2faec does not exist. Creating ...
2019-11-15 03:52:19,392 [pool-179-thread-1] INFO  storage.RaftStorageDirectory (RaftStorageDirectory.java:tryLock(328)) - Lock on /workdir/hadoop-ozone/integration-test/target/test-dir/MiniOzoneClusterImpl-7bc5bb7c-5c55-4645-ae41-72269081a146/datanode-3/data/ratis/401cf8d9-8984-4dd8-8e7c-4713d1d2faec/in_use.lock acquired by nodename 11002@pr-hdds-2493-n7h87-1962818265
2019-11-15 03:52:19,411 [IPC Server handler 6 on 36809] INFO  net.NetworkTopology (NetworkTopologyImpl.java:add(111)) - Added a new node: /rack1/3b6a93a1-3acb-43ad-9bac-2b83b325636a
2019-11-15 03:52:19,411 [IPC Server handler 6 on 36809] INFO  node.SCMNodeManager (SCMNodeManager.java:register(267)) - Registered Data node : 3b6a93a1-3acb-43ad-9bac-2b83b325636a{ip: 192.168.157.206, host: pr-hdds-2493-n7h87-1962818265, networkLocation: /rack1, certSerialId: null}
2019-11-15 03:52:19,417 [pool-179-thread-1] INFO  storage.RaftStorage (RaftStorage.java:format(84)) - Storage directory /workdir/hadoop-ozone/integration-test/target/test-dir/MiniOzoneClusterImpl-7bc5bb7c-5c55-4645-ae41-72269081a146/datanode-3/data/ratis/401cf8d9-8984-4dd8-8e7c-4713d1d2faec has been successfully formatted.
2019-11-15 03:52:19,417 [pool-179-thread-1] INFO  ratis.ContainerStateMachine (ContainerStateMachine.java:loadSnapshot(223)) - group-4713D1D2FAEC: The snapshot info is null. Setting the last applied indexto:(t:0, i:~)
2019-11-15 03:52:19,418 [pool-179-thread-1] INFO  server.RaftServerConfigKeys (ConfUtils.java:logGet(43)) - raft.server.notification.no-leader.timeout = 120s (custom)
2019-11-15 03:52:19,418 [pool-179-thread-1] INFO  server.RaftServerConfigKeys (ConfUtils.java:logGet(43)) - raft.server.log.use.memory = false (default)
2019-11-15 03:52:19,418 [pool-179-thread-1] INFO  server.RaftServerConfigKeys (ConfUtils.java:logGet(43)) - raft.server.log.purge.gap = 1000000 (custom)
2019-11-15 03:52:19,418 [pool-179-thread-1] INFO  server.RaftServerConfigKeys (ConfUtils.java:logGet(43)) - raft.server.log.appender.buffer.byte-limit = 33554432 (custom)
2019-11-15 03:52:19,418 [pool-179-thread-1] INFO  server.RaftServerConfigKeys (ConfUtils.java:logGet(43)) - raft.server.log.segment.size.max = 1048576 (custom)
2019-11-15 03:52:19,418 [pool-179-thread-1] WARN  impl.MetricRegistriesImpl (MetricRegistriesImpl.java:lambda$create$1(61)) - First MetricRegistry has been created without registering reporters. You may need to call MetricRegistries.global().addReportRegistration(...) before.
2019-11-15 03:52:19,418 [pool-179-thread-1] INFO  server.RaftServerConfigKeys (ConfUtils.java:logGet(43)) - raft.server.log.segment.cache.num.max = 2 (custom)
2019-11-15 03:52:19,418 [pool-179-thread-1] INFO  segmented.SegmentedRaftLogWorker (SegmentedRaftLogWorker.java:<init>(173)) - new 32349214-85e6-49cf-bb69-05e83393fdf3@group-4713D1D2FAEC-SegmentedRaftLogWorker for RaftStorage:Storage Directory /workdir/hadoop-ozone/integration-test/target/test-dir/MiniOzoneClusterImpl-7bc5bb7c-5c55-4645-ae41-72269081a146/datanode-3/data/ratis/401cf8d9-8984-4dd8-8e7c-4713d1d2faec
2019-11-15 03:52:19,419 [pool-179-thread-1] INFO  server.RaftServerConfigKeys (ConfUtils.java:logGet(43)) - raft.server.log.queue.byte-limit = 2147483647 (custom)
2019-11-15 03:52:19,419 [pool-179-thread-1] INFO  server.RaftServerConfigKeys (ConfUtils.java:logGet(43)) - raft.server.log.queue.element-limit = 1024 (custom)
2019-11-15 03:52:19,419 [pool-179-thread-1] INFO  server.RaftServerConfigKeys (ConfUtils.java:logGet(43)) - raft.server.log.segment.size.max = 1048576 (custom)
2019-11-15 03:52:19,419 [pool-179-thread-1] INFO  server.RaftServerConfigKeys (ConfUtils.java:logGet(43)) - raft.server.log.preallocated.size = 16384 (custom)
2019-11-15 03:52:19,419 [pool-179-thread-1] INFO  server.RaftServerConfigKeys (ConfUtils.java:logGet(43)) - raft.server.log.write.buffer.size = 33554432 (custom)
2019-11-15 03:52:19,419 [pool-179-thread-1] INFO  server.RaftServerConfigKeys (ConfUtils.java:logGet(43)) - raft.server.log.force.sync.num = 128 (default)
2019-11-15 03:52:19,419 [pool-179-thread-1] INFO  server.RaftServerConfigKeys (ConfUtils.java:logGet(43)) - raft.server.log.statemachine.data.sync = true (default)
2019-11-15 03:52:19,419 [pool-179-thread-1] INFO  server.RaftServerConfigKeys (ConfUtils.java:logGet(43)) - raft.server.log.statemachine.data.sync.timeout = 10s (default)
2019-11-15 03:52:19,419 [pool-179-thread-1] INFO  server.RaftServerConfigKeys (ConfUtils.java:logGet(43)) - raft.server.log.statemachine.data.sync.timeout.retry = -1 (default)
2019-11-15 03:52:19,420 [pool-179-thread-1] INFO  server.RaftServerConfigKeys (ConfUtils.java:logGet(43)) - raft.server.log.statemachine.data.caching.enabled = true (custom)
2019-11-15 03:52:19,420 [pool-179-thread-1] INFO  segmented.SegmentedRaftLogWorker (SegmentedRaftLogWorker.java:lambda$new$0(128)) - 32349214-85e6-49cf-bb69-05e83393fdf3@group-4713D1D2FAEC-SegmentedRaftLogWorker: flushIndex: setUnconditionally 0 -> -1
2019-11-15 03:52:19,420 [pool-179-thread-1] INFO  server.RaftServerConfigKeys (ConfUtils.java:logGet(43)) - raft.server.snapshot.auto.trigger.enabled = true (custom)
2019-11-15 03:52:19,420 [pool-179-thread-1] INFO  server.RaftServerConfigKeys (ConfUtils.java:logGet(43)) - raft.server.snapshot.auto.trigger.threshold = 10000 (custom)
2019-11-15 03:52:19,420 [pool-179-thread-1] INFO  server.RaftServerConfigKeys (ConfUtils.java:logGet(43)) - raft.server.snapshot.retention.file.num = 5 (custom)
2019-11-15 03:52:19,420 [pool-179-thread-1] INFO  server.RaftServerConfigKeys (ConfUtils.java:logGet(43)) - raft.server.retrycache.expirytime = 600000ms (custom)
2019-11-15 03:52:19,421 [pool-179-thread-1] WARN  impl.MetricRegistriesImpl (MetricRegistriesImpl.java:lambda$create$1(61)) - First MetricRegistry has been created without registering reporters. You may need to call MetricRegistries.global().addReportRegistration(...) before.
2019-11-15 03:52:19,421 [pool-179-thread-1] WARN  impl.MetricRegistriesImpl (MetricRegistriesImpl.java:lambda$create$1(61)) - First MetricRegistry has been created without registering reporters. You may need to call MetricRegistries.global().addReportRegistration(...) before.
2019-11-15 03:52:19,421 [pool-179-thread-1] INFO  impl.RaftServerImpl (RaftServerImpl.java:start(184)) - 32349214-85e6-49cf-bb69-05e83393fdf3@group-4713D1D2FAEC: start as a follower, conf=-1: [32349214-85e6-49cf-bb69-05e83393fdf3:192.168.157.206:34957], old=null
2019-11-15 03:52:19,421 [pool-179-thread-1] INFO  impl.RaftServerImpl (RaftServerImpl.java:setRole(173)) - 32349214-85e6-49cf-bb69-05e83393fdf3@group-4713D1D2FAEC: changes role from      null to FOLLOWER at term 0 for startAsFollower
2019-11-15 03:52:19,421 [pool-179-thread-1] INFO  impl.RoleInfo (RoleInfo.java:updateAndGet(143)) - 32349214-85e6-49cf-bb69-05e83393fdf3: start FollowerState
2019-11-15 03:52:19,422 [pool-179-thread-1] INFO  util.JmxRegister (JmxRegister.java:tryRegister(44)) - Successfully registered JMX Bean with object name Ratis:service=RaftServer,group=group-4713D1D2FAEC,id=32349214-85e6-49cf-bb69-05e83393fdf3
2019-11-15 03:52:19,422 [pool-179-thread-1] WARN  impl.MetricRegistriesImpl (MetricRegistriesImpl.java:lambda$create$1(61)) - First MetricRegistry has been created without registering reporters. You may need to call MetricRegistries.global().addReportRegistration(...) before.
2019-11-15 03:52:19,424 [RatisPipelineUtilsThread] INFO  pipeline.PipelineStateManager (PipelineStateManager.java:addPipeline(55)) - Created pipeline Pipeline[ Id: 401cf8d9-8984-4dd8-8e7c-4713d1d2faec, Nodes: 32349214-85e6-49cf-bb69-05e83393fdf3{ip: 192.168.157.206, host: pr-hdds-2493-n7h87-1962818265, networkLocation: /rack1, certSerialId: null}, Type:RATIS, Factor:ONE, State:ALLOCATED]
2019-11-15 03:52:19,432 [grpc-default-executor-9] INFO  impl.RaftServerProxy (RaftServerProxy.java:addNew(89)) - 3b6a93a1-3acb-43ad-9bac-2b83b325636a: addNew group-27B3C6E4C406:[3b6a93a1-3acb-43ad-9bac-2b83b325636a:192.168.157.206:37982] returns group-27B3C6E4C406:java.util.concurrent.CompletableFuture@4261f91b[Not completed]
2019-11-15 03:52:19,434 [pool-199-thread-1] INFO  impl.RaftServerImpl (RaftServerImpl.java:<init>(98)) - 3b6a93a1-3acb-43ad-9bac-2b83b325636a: new RaftServerImpl for group-27B3C6E4C406:[3b6a93a1-3acb-43ad-9bac-2b83b325636a:192.168.157.206:37982] with ContainerStateMachine:uninitialized
2019-11-15 03:52:19,435 [pool-199-thread-1] INFO  server.RaftServerConfigKeys (ConfUtils.java:logGet(43)) - raft.server.rpc.timeout.min = 1s (custom)
2019-11-15 03:52:19,435 [pool-199-thread-1] INFO  server.RaftServerConfigKeys (ConfUtils.java:logGet(43)) - raft.server.rpc.timeout.max = 1200ms (custom)
2019-11-15 03:52:19,435 [pool-199-thread-1] INFO  server.RaftServerConfigKeys (ConfUtils.java:logGet(43)) - raft.server.rpcslowness.timeout = 120s (custom)
2019-11-15 03:52:19,435 [pool-199-thread-1] INFO  server.RaftServerConfigKeys (ConfUtils.java:logGet(43)) - raft.server.sleep.deviation.threshold = 300 (default)
2019-11-15 03:52:19,435 [pool-199-thread-1] INFO  server.RaftServerConfigKeys (ConfUtils.java:logGet(43)) - raft.server.log.appender.install.snapshot.enabled = false (custom)
2019-11-15 03:52:19,435 [pool-199-thread-1] INFO  impl.RaftServerImpl (ServerState.java:<init>(103)) - 3b6a93a1-3acb-43ad-9bac-2b83b325636a@group-27B3C6E4C406: ConfigurationManager, init=-1: [3b6a93a1-3acb-43ad-9bac-2b83b325636a:192.168.157.206:37982], old=null, confs=<EMPTY_MAP>
2019-11-15 03:52:19,435 [pool-199-thread-1] INFO  server.RaftServerConfigKeys (ConfUtils.java:logGet(43)) - raft.server.storage.dir = [/workdir/hadoop-ozone/integration-test/target/test-dir/MiniOzoneClusterImpl-7bc5bb7c-5c55-4645-ae41-72269081a146/datanode-5/data/ratis] (custom)
2019-11-15 03:52:19,436 [pool-199-thread-1] INFO  server.RaftServerConfigKeys (ConfUtils.java:logGet(43)) - raft.server.log.corruption.policy = EXCEPTION (default)
2019-11-15 03:52:19,436 [pool-199-thread-1] INFO  storage.RaftStorageDirectory (RaftStorageDirectory.java:analyzeStorage(246)) - The storage directory /workdir/hadoop-ozone/integration-test/target/test-dir/MiniOzoneClusterImpl-7bc5bb7c-5c55-4645-ae41-72269081a146/datanode-5/data/ratis/e65f5393-2767-4eae-b594-27b3c6e4c406 does not exist. Creating ...
2019-11-15 03:52:19,458 [pool-199-thread-1] INFO  storage.RaftStorageDirectory (RaftStorageDirectory.java:tryLock(328)) - Lock on /workdir/hadoop-ozone/integration-test/target/test-dir/MiniOzoneClusterImpl-7bc5bb7c-5c55-4645-ae41-72269081a146/datanode-5/data/ratis/e65f5393-2767-4eae-b594-27b3c6e4c406/in_use.lock acquired by nodename 11002@pr-hdds-2493-n7h87-1962818265
2019-11-15 03:52:19,480 [IPC Server handler 7 on 36809] INFO  net.NetworkTopology (NetworkTopologyImpl.java:add(111)) - Added a new node: /rack1/43077e3c-832c-4164-9ae4-420ca2301748
2019-11-15 03:52:19,481 [IPC Server handler 7 on 36809] INFO  node.SCMNodeManager (SCMNodeManager.java:register(267)) - Registered Data node : 43077e3c-832c-4164-9ae4-420ca2301748{ip: 192.168.157.206, host: pr-hdds-2493-n7h87-1962818265, networkLocation: /rack1, certSerialId: null}
2019-11-15 03:52:19,481 [pool-199-thread-1] INFO  storage.RaftStorage (RaftStorage.java:format(84)) - Storage directory /workdir/hadoop-ozone/integration-test/target/test-dir/MiniOzoneClusterImpl-7bc5bb7c-5c55-4645-ae41-72269081a146/datanode-5/data/ratis/e65f5393-2767-4eae-b594-27b3c6e4c406 has been successfully formatted.
2019-11-15 03:52:19,481 [pool-199-thread-1] INFO  ratis.ContainerStateMachine (ContainerStateMachine.java:loadSnapshot(223)) - group-27B3C6E4C406: The snapshot info is null. Setting the last applied indexto:(t:0, i:~)
2019-11-15 03:52:19,481 [pool-199-thread-1] INFO  server.RaftServerConfigKeys (ConfUtils.java:logGet(43)) - raft.server.notification.no-leader.timeout = 120s (custom)
2019-11-15 03:52:19,481 [pool-199-thread-1] INFO  server.RaftServerConfigKeys (ConfUtils.java:logGet(43)) - raft.server.log.use.memory = false (default)
2019-11-15 03:52:19,482 [pool-199-thread-1] INFO  server.RaftServerConfigKeys (ConfUtils.java:logGet(43)) - raft.server.log.purge.gap = 1000000 (custom)
2019-11-15 03:52:19,482 [pool-199-thread-1] INFO  server.RaftServerConfigKeys (ConfUtils.java:logGet(43)) - raft.server.log.appender.buffer.byte-limit = 33554432 (custom)
2019-11-15 03:52:19,482 [pool-199-thread-1] INFO  server.RaftServerConfigKeys (ConfUtils.java:logGet(43)) - raft.server.log.segment.size.max = 1048576 (custom)
2019-11-15 03:52:19,482 [pool-199-thread-1] WARN  impl.MetricRegistriesImpl (MetricRegistriesImpl.java:lambda$create$1(61)) - First MetricRegistry has been created without registering reporters. You may need to call MetricRegistries.global().addReportRegistration(...) before.
2019-11-15 03:52:19,482 [pool-199-thread-1] INFO  server.RaftServerConfigKeys (ConfUtils.java:logGet(43)) - raft.server.log.segment.cache.num.max = 2 (custom)
2019-11-15 03:52:19,482 [pool-199-thread-1] INFO  segmented.SegmentedRaftLogWorker (SegmentedRaftLogWorker.java:<init>(173)) - new 3b6a93a1-3acb-43ad-9bac-2b83b325636a@group-27B3C6E4C406-SegmentedRaftLogWorker for RaftStorage:Storage Directory /workdir/hadoop-ozone/integration-test/target/test-dir/MiniOzoneClusterImpl-7bc5bb7c-5c55-4645-ae41-72269081a146/datanode-5/data/ratis/e65f5393-2767-4eae-b594-27b3c6e4c406
2019-11-15 03:52:19,482 [pool-199-thread-1] INFO  server.RaftServerConfigKeys (ConfUtils.java:logGet(43)) - raft.server.log.queue.byte-limit = 2147483647 (custom)
2019-11-15 03:52:19,482 [pool-199-thread-1] INFO  server.RaftServerConfigKeys (ConfUtils.java:logGet(43)) - raft.server.log.queue.element-limit = 1024 (custom)
2019-11-15 03:52:19,483 [pool-199-thread-1] INFO  server.RaftServerConfigKeys (ConfUtils.java:logGet(43)) - raft.server.log.segment.size.max = 1048576 (custom)
2019-11-15 03:52:19,483 [pool-199-thread-1] INFO  server.RaftServerConfigKeys (ConfUtils.java:logGet(43)) - raft.server.log.preallocated.size = 16384 (custom)
2019-11-15 03:52:19,483 [pool-199-thread-1] INFO  server.RaftServerConfigKeys (ConfUtils.java:logGet(43)) - raft.server.log.write.buffer.size = 33554432 (custom)
2019-11-15 03:52:19,483 [pool-199-thread-1] INFO  server.RaftServerConfigKeys (ConfUtils.java:logGet(43)) - raft.server.log.force.sync.num = 128 (default)
2019-11-15 03:52:19,483 [pool-199-thread-1] INFO  server.RaftServerConfigKeys (ConfUtils.java:logGet(43)) - raft.server.log.statemachine.data.sync = true (default)
2019-11-15 03:52:19,483 [pool-199-thread-1] INFO  server.RaftServerConfigKeys (ConfUtils.java:logGet(43)) - raft.server.log.statemachine.data.sync.timeout = 10s (default)
2019-11-15 03:52:19,483 [pool-199-thread-1] INFO  server.RaftServerConfigKeys (ConfUtils.java:logGet(43)) - raft.server.log.statemachine.data.sync.timeout.retry = -1 (default)
2019-11-15 03:52:19,484 [pool-199-thread-1] INFO  server.RaftServerConfigKeys (ConfUtils.java:logGet(43)) - raft.server.log.statemachine.data.caching.enabled = true (custom)
2019-11-15 03:52:19,484 [pool-199-thread-1] INFO  segmented.SegmentedRaftLogWorker (SegmentedRaftLogWorker.java:lambda$new$0(128)) - 3b6a93a1-3acb-43ad-9bac-2b83b325636a@group-27B3C6E4C406-SegmentedRaftLogWorker: flushIndex: setUnconditionally 0 -> -1
2019-11-15 03:52:19,484 [pool-199-thread-1] INFO  server.RaftServerConfigKeys (ConfUtils.java:logGet(43)) - raft.server.snapshot.auto.trigger.enabled = true (custom)
2019-11-15 03:52:19,484 [pool-199-thread-1] INFO  server.RaftServerConfigKeys (ConfUtils.java:logGet(43)) - raft.server.snapshot.auto.trigger.threshold = 10000 (custom)
2019-11-15 03:52:19,484 [pool-199-thread-1] INFO  server.RaftServerConfigKeys (ConfUtils.java:logGet(43)) - raft.server.snapshot.retention.file.num = 5 (custom)
2019-11-15 03:52:19,485 [pool-199-thread-1] INFO  server.RaftServerConfigKeys (ConfUtils.java:logGet(43)) - raft.server.retrycache.expirytime = 600000ms (custom)
2019-11-15 03:52:19,485 [pool-199-thread-1] WARN  impl.MetricRegistriesImpl (MetricRegistriesImpl.java:lambda$create$1(61)) - First MetricRegistry has been created without registering reporters. You may need to call MetricRegistries.global().addReportRegistration(...) before.
2019-11-15 03:52:19,485 [pool-199-thread-1] WARN  impl.MetricRegistriesImpl (MetricRegistriesImpl.java:lambda$create$1(61)) - First MetricRegistry has been created without registering reporters. You may need to call MetricRegistries.global().addReportRegistration(...) before.
2019-11-15 03:52:19,485 [pool-199-thread-1] INFO  impl.RaftServerImpl (RaftServerImpl.java:start(184)) - 3b6a93a1-3acb-43ad-9bac-2b83b325636a@group-27B3C6E4C406: start as a follower, conf=-1: [3b6a93a1-3acb-43ad-9bac-2b83b325636a:192.168.157.206:37982], old=null
2019-11-15 03:52:19,485 [pool-199-thread-1] INFO  impl.RaftServerImpl (RaftServerImpl.java:setRole(173)) - 3b6a93a1-3acb-43ad-9bac-2b83b325636a@group-27B3C6E4C406: changes role from      null to FOLLOWER at term 0 for startAsFollower
2019-11-15 03:52:19,485 [pool-199-thread-1] INFO  impl.RoleInfo (RoleInfo.java:updateAndGet(143)) - 3b6a93a1-3acb-43ad-9bac-2b83b325636a: start FollowerState
2019-11-15 03:52:19,486 [pool-199-thread-1] INFO  util.JmxRegister (JmxRegister.java:tryRegister(44)) - Successfully registered JMX Bean with object name Ratis:service=RaftServer,group=group-27B3C6E4C406,id=3b6a93a1-3acb-43ad-9bac-2b83b325636a
2019-11-15 03:52:19,486 [pool-199-thread-1] WARN  impl.MetricRegistriesImpl (MetricRegistriesImpl.java:lambda$create$1(61)) - First MetricRegistry has been created without registering reporters. You may need to call MetricRegistries.global().addReportRegistration(...) before.
2019-11-15 03:52:19,489 [RatisPipelineUtilsThread] INFO  pipeline.PipelineStateManager (PipelineStateManager.java:addPipeline(55)) - Created pipeline Pipeline[ Id: e65f5393-2767-4eae-b594-27b3c6e4c406, Nodes: 3b6a93a1-3acb-43ad-9bac-2b83b325636a{ip: 192.168.157.206, host: pr-hdds-2493-n7h87-1962818265, networkLocation: /rack1, certSerialId: null}, Type:RATIS, Factor:ONE, State:ALLOCATED]
2019-11-15 03:52:19,497 [grpc-default-executor-9] INFO  impl.RaftServerProxy (RaftServerProxy.java:addNew(89)) - 43077e3c-832c-4164-9ae4-420ca2301748: addNew group-AC3769E9C6ED:[43077e3c-832c-4164-9ae4-420ca2301748:192.168.157.206:45724] returns group-AC3769E9C6ED:java.util.concurrent.CompletableFuture@22309c10[Not completed]
2019-11-15 03:52:19,498 [pool-209-thread-1] INFO  impl.RaftServerImpl (RaftServerImpl.java:<init>(98)) - 43077e3c-832c-4164-9ae4-420ca2301748: new RaftServerImpl for group-AC3769E9C6ED:[43077e3c-832c-4164-9ae4-420ca2301748:192.168.157.206:45724] with ContainerStateMachine:uninitialized
2019-11-15 03:52:19,498 [pool-209-thread-1] INFO  server.RaftServerConfigKeys (ConfUtils.java:logGet(43)) - raft.server.rpc.timeout.min = 1s (custom)
2019-11-15 03:52:19,498 [pool-209-thread-1] INFO  server.RaftServerConfigKeys (ConfUtils.java:logGet(43)) - raft.server.rpc.timeout.max = 1200ms (custom)
2019-11-15 03:52:19,498 [pool-209-thread-1] INFO  server.RaftServerConfigKeys (ConfUtils.java:logGet(43)) - raft.server.rpcslowness.timeout = 120s (custom)
2019-11-15 03:52:19,499 [pool-209-thread-1] INFO  server.RaftServerConfigKeys (ConfUtils.java:logGet(43)) - raft.server.sleep.deviation.threshold = 300 (default)
2019-11-15 03:52:19,499 [pool-209-thread-1] INFO  server.RaftServerConfigKeys (ConfUtils.java:logGet(43)) - raft.server.log.appender.install.snapshot.enabled = false (custom)
2019-11-15 03:52:19,499 [pool-209-thread-1] INFO  impl.RaftServerImpl (ServerState.java:<init>(103)) - 43077e3c-832c-4164-9ae4-420ca2301748@group-AC3769E9C6ED: ConfigurationManager, init=-1: [43077e3c-832c-4164-9ae4-420ca2301748:192.168.157.206:45724], old=null, confs=<EMPTY_MAP>
2019-11-15 03:52:19,499 [pool-209-thread-1] INFO  server.RaftServerConfigKeys (ConfUtils.java:logGet(43)) - raft.server.storage.dir = [/workdir/hadoop-ozone/integration-test/target/test-dir/MiniOzoneClusterImpl-7bc5bb7c-5c55-4645-ae41-72269081a146/datanode-6/data/ratis] (custom)
2019-11-15 03:52:19,499 [pool-209-thread-1] INFO  server.RaftServerConfigKeys (ConfUtils.java:logGet(43)) - raft.server.log.corruption.policy = EXCEPTION (default)
2019-11-15 03:52:19,499 [pool-209-thread-1] INFO  storage.RaftStorageDirectory (RaftStorageDirectory.java:analyzeStorage(246)) - The storage directory /workdir/hadoop-ozone/integration-test/target/test-dir/MiniOzoneClusterImpl-7bc5bb7c-5c55-4645-ae41-72269081a146/datanode-6/data/ratis/f6f5cf6f-265a-47cb-87f5-ac3769e9c6ed does not exist. Creating ...
2019-11-15 03:52:19,522 [pool-209-thread-1] INFO  storage.RaftStorageDirectory (RaftStorageDirectory.java:tryLock(328)) - Lock on /workdir/hadoop-ozone/integration-test/target/test-dir/MiniOzoneClusterImpl-7bc5bb7c-5c55-4645-ae41-72269081a146/datanode-6/data/ratis/f6f5cf6f-265a-47cb-87f5-ac3769e9c6ed/in_use.lock acquired by nodename 11002@pr-hdds-2493-n7h87-1962818265
2019-11-15 03:52:19,535 [pool-209-thread-1] INFO  storage.RaftStorage (RaftStorage.java:format(84)) - Storage directory /workdir/hadoop-ozone/integration-test/target/test-dir/MiniOzoneClusterImpl-7bc5bb7c-5c55-4645-ae41-72269081a146/datanode-6/data/ratis/f6f5cf6f-265a-47cb-87f5-ac3769e9c6ed has been successfully formatted.
2019-11-15 03:52:19,535 [pool-209-thread-1] INFO  ratis.ContainerStateMachine (ContainerStateMachine.java:loadSnapshot(223)) - group-AC3769E9C6ED: The snapshot info is null. Setting the last applied indexto:(t:0, i:~)
2019-11-15 03:52:19,535 [pool-209-thread-1] INFO  server.RaftServerConfigKeys (ConfUtils.java:logGet(43)) - raft.server.notification.no-leader.timeout = 120s (custom)
2019-11-15 03:52:19,535 [pool-209-thread-1] INFO  server.RaftServerConfigKeys (ConfUtils.java:logGet(43)) - raft.server.log.use.memory = false (default)
2019-11-15 03:52:19,535 [pool-209-thread-1] INFO  server.RaftServerConfigKeys (ConfUtils.java:logGet(43)) - raft.server.log.purge.gap = 1000000 (custom)
2019-11-15 03:52:19,536 [pool-209-thread-1] INFO  server.RaftServerConfigKeys (ConfUtils.java:logGet(43)) - raft.server.log.appender.buffer.byte-limit = 33554432 (custom)
2019-11-15 03:52:19,536 [pool-209-thread-1] INFO  server.RaftServerConfigKeys (ConfUtils.java:logGet(43)) - raft.server.log.segment.size.max = 1048576 (custom)
2019-11-15 03:52:19,536 [pool-209-thread-1] WARN  impl.MetricRegistriesImpl (MetricRegistriesImpl.java:lambda$create$1(61)) - First MetricRegistry has been created without registering reporters. You may need to call MetricRegistries.global().addReportRegistration(...) before.
2019-11-15 03:52:19,536 [pool-209-thread-1] INFO  server.RaftServerConfigKeys (ConfUtils.java:logGet(43)) - raft.server.log.segment.cache.num.max = 2 (custom)
2019-11-15 03:52:19,536 [pool-209-thread-1] INFO  segmented.SegmentedRaftLogWorker (SegmentedRaftLogWorker.java:<init>(173)) - new 43077e3c-832c-4164-9ae4-420ca2301748@group-AC3769E9C6ED-SegmentedRaftLogWorker for RaftStorage:Storage Directory /workdir/hadoop-ozone/integration-test/target/test-dir/MiniOzoneClusterImpl-7bc5bb7c-5c55-4645-ae41-72269081a146/datanode-6/data/ratis/f6f5cf6f-265a-47cb-87f5-ac3769e9c6ed
2019-11-15 03:52:19,536 [pool-209-thread-1] INFO  server.RaftServerConfigKeys (ConfUtils.java:logGet(43)) - raft.server.log.queue.byte-limit = 2147483647 (custom)
2019-11-15 03:52:19,536 [pool-209-thread-1] INFO  server.RaftServerConfigKeys (ConfUtils.java:logGet(43)) - raft.server.log.queue.element-limit = 1024 (custom)
2019-11-15 03:52:19,536 [pool-209-thread-1] INFO  server.RaftServerConfigKeys (ConfUtils.java:logGet(43)) - raft.server.log.segment.size.max = 1048576 (custom)
2019-11-15 03:52:19,536 [pool-209-thread-1] INFO  server.RaftServerConfigKeys (ConfUtils.java:logGet(43)) - raft.server.log.preallocated.size = 16384 (custom)
2019-11-15 03:52:19,536 [pool-209-thread-1] INFO  server.RaftServerConfigKeys (ConfUtils.java:logGet(43)) - raft.server.log.write.buffer.size = 33554432 (custom)
2019-11-15 03:52:19,536 [pool-209-thread-1] INFO  server.RaftServerConfigKeys (ConfUtils.java:logGet(43)) - raft.server.log.force.sync.num = 128 (default)
2019-11-15 03:52:19,536 [pool-209-thread-1] INFO  server.RaftServerConfigKeys (ConfUtils.java:logGet(43)) - raft.server.log.statemachine.data.sync = true (default)
2019-11-15 03:52:19,537 [pool-209-thread-1] INFO  server.RaftServerConfigKeys (ConfUtils.java:logGet(43)) - raft.server.log.statemachine.data.sync.timeout = 10s (default)
2019-11-15 03:52:19,537 [pool-209-thread-1] INFO  server.RaftServerConfigKeys (ConfUtils.java:logGet(43)) - raft.server.log.statemachine.data.sync.timeout.retry = -1 (default)
2019-11-15 03:52:19,537 [pool-209-thread-1] INFO  server.RaftServerConfigKeys (ConfUtils.java:logGet(43)) - raft.server.log.statemachine.data.caching.enabled = true (custom)
2019-11-15 03:52:19,537 [pool-209-thread-1] INFO  segmented.SegmentedRaftLogWorker (SegmentedRaftLogWorker.java:lambda$new$0(128)) - 43077e3c-832c-4164-9ae4-420ca2301748@group-AC3769E9C6ED-SegmentedRaftLogWorker: flushIndex: setUnconditionally 0 -> -1
2019-11-15 03:52:19,537 [pool-209-thread-1] INFO  server.RaftServerConfigKeys (ConfUtils.java:logGet(43)) - raft.server.snapshot.auto.trigger.enabled = true (custom)
2019-11-15 03:52:19,537 [pool-209-thread-1] INFO  server.RaftServerConfigKeys (ConfUtils.java:logGet(43)) - raft.server.snapshot.auto.trigger.threshold = 10000 (custom)
2019-11-15 03:52:19,537 [pool-209-thread-1] INFO  server.RaftServerConfigKeys (ConfUtils.java:logGet(43)) - raft.server.snapshot.retention.file.num = 5 (custom)
2019-11-15 03:52:19,538 [pool-209-thread-1] INFO  server.RaftServerConfigKeys (ConfUtils.java:logGet(43)) - raft.server.retrycache.expirytime = 600000ms (custom)
2019-11-15 03:52:19,538 [pool-209-thread-1] WARN  impl.MetricRegistriesImpl (MetricRegistriesImpl.java:lambda$create$1(61)) - First MetricRegistry has been created without registering reporters. You may need to call MetricRegistries.global().addReportRegistration(...) before.
2019-11-15 03:52:19,538 [pool-209-thread-1] WARN  impl.MetricRegistriesImpl (MetricRegistriesImpl.java:lambda$create$1(61)) - First MetricRegistry has been created without registering reporters. You may need to call MetricRegistries.global().addReportRegistration(...) before.
2019-11-15 03:52:19,538 [pool-209-thread-1] INFO  impl.RaftServerImpl (RaftServerImpl.java:start(184)) - 43077e3c-832c-4164-9ae4-420ca2301748@group-AC3769E9C6ED: start as a follower, conf=-1: [43077e3c-832c-4164-9ae4-420ca2301748:192.168.157.206:45724], old=null
2019-11-15 03:52:19,538 [pool-209-thread-1] INFO  impl.RaftServerImpl (RaftServerImpl.java:setRole(173)) - 43077e3c-832c-4164-9ae4-420ca2301748@group-AC3769E9C6ED: changes role from      null to FOLLOWER at term 0 for startAsFollower
2019-11-15 03:52:19,538 [pool-209-thread-1] INFO  impl.RoleInfo (RoleInfo.java:updateAndGet(143)) - 43077e3c-832c-4164-9ae4-420ca2301748: start FollowerState
2019-11-15 03:52:19,538 [pool-209-thread-1] INFO  util.JmxRegister (JmxRegister.java:tryRegister(44)) - Successfully registered JMX Bean with object name Ratis:service=RaftServer,group=group-AC3769E9C6ED,id=43077e3c-832c-4164-9ae4-420ca2301748
2019-11-15 03:52:19,539 [pool-209-thread-1] WARN  impl.MetricRegistriesImpl (MetricRegistriesImpl.java:lambda$create$1(61)) - First MetricRegistry has been created without registering reporters. You may need to call MetricRegistries.global().addReportRegistration(...) before.
2019-11-15 03:52:19,542 [RatisPipelineUtilsThread] INFO  pipeline.PipelineStateManager (PipelineStateManager.java:addPipeline(55)) - Created pipeline Pipeline[ Id: f6f5cf6f-265a-47cb-87f5-ac3769e9c6ed, Nodes: 43077e3c-832c-4164-9ae4-420ca2301748{ip: 192.168.157.206, host: pr-hdds-2493-n7h87-1962818265, networkLocation: /rack1, certSerialId: null}, Type:RATIS, Factor:ONE, State:ALLOCATED]
2019-11-15 03:52:19,546 [IPC Server handler 8 on 36809] INFO  net.NetworkTopology (NetworkTopologyImpl.java:add(111)) - Added a new node: /rack1/1f296aea-c4ef-4ad0-bd70-4536dedd0da2
2019-11-15 03:52:19,549 [IPC Server handler 8 on 36809] INFO  node.SCMNodeManager (SCMNodeManager.java:register(267)) - Registered Data node : 1f296aea-c4ef-4ad0-bd70-4536dedd0da2{ip: 192.168.157.206, host: pr-hdds-2493-n7h87-1962818265, networkLocation: /rack1, certSerialId: null}
2019-11-15 03:52:19,549 [grpc-default-executor-5] INFO  impl.RaftServerProxy (RaftServerProxy.java:addNew(89)) - fae849f2-b585-4c8d-a748-375fffce3265: addNew group-B7D0FDAD4FFB:[fae849f2-b585-4c8d-a748-375fffce3265:192.168.157.206:39095] returns group-B7D0FDAD4FFB:java.util.concurrent.CompletableFuture@244e7774[Not completed]
2019-11-15 03:52:19,550 [pool-189-thread-1] INFO  impl.RaftServerImpl (RaftServerImpl.java:<init>(98)) - fae849f2-b585-4c8d-a748-375fffce3265: new RaftServerImpl for group-B7D0FDAD4FFB:[fae849f2-b585-4c8d-a748-375fffce3265:192.168.157.206:39095] with ContainerStateMachine:uninitialized
2019-11-15 03:52:19,551 [pool-189-thread-1] INFO  server.RaftServerConfigKeys (ConfUtils.java:logGet(43)) - raft.server.rpc.timeout.min = 1s (custom)
2019-11-15 03:52:19,551 [pool-189-thread-1] INFO  server.RaftServerConfigKeys (ConfUtils.java:logGet(43)) - raft.server.rpc.timeout.max = 1200ms (custom)
2019-11-15 03:52:19,551 [pool-189-thread-1] INFO  server.RaftServerConfigKeys (ConfUtils.java:logGet(43)) - raft.server.rpcslowness.timeout = 120s (custom)
2019-11-15 03:52:19,551 [pool-189-thread-1] INFO  server.RaftServerConfigKeys (ConfUtils.java:logGet(43)) - raft.server.sleep.deviation.threshold = 300 (default)
2019-11-15 03:52:19,551 [pool-189-thread-1] INFO  server.RaftServerConfigKeys (ConfUtils.java:logGet(43)) - raft.server.log.appender.install.snapshot.enabled = false (custom)
2019-11-15 03:52:19,551 [pool-189-thread-1] INFO  impl.RaftServerImpl (ServerState.java:<init>(103)) - fae849f2-b585-4c8d-a748-375fffce3265@group-B7D0FDAD4FFB: ConfigurationManager, init=-1: [fae849f2-b585-4c8d-a748-375fffce3265:192.168.157.206:39095], old=null, confs=<EMPTY_MAP>
2019-11-15 03:52:19,552 [pool-189-thread-1] INFO  server.RaftServerConfigKeys (ConfUtils.java:logGet(43)) - raft.server.storage.dir = [/workdir/hadoop-ozone/integration-test/target/test-dir/MiniOzoneClusterImpl-7bc5bb7c-5c55-4645-ae41-72269081a146/datanode-4/data/ratis] (custom)
2019-11-15 03:52:19,552 [pool-189-thread-1] INFO  server.RaftServerConfigKeys (ConfUtils.java:logGet(43)) - raft.server.log.corruption.policy = EXCEPTION (default)
2019-11-15 03:52:19,552 [pool-189-thread-1] INFO  storage.RaftStorageDirectory (RaftStorageDirectory.java:analyzeStorage(246)) - The storage directory /workdir/hadoop-ozone/integration-test/target/test-dir/MiniOzoneClusterImpl-7bc5bb7c-5c55-4645-ae41-72269081a146/datanode-4/data/ratis/6e9ff33e-dca4-44b1-a677-b7d0fdad4ffb does not exist. Creating ...
2019-11-15 03:52:19,576 [pool-189-thread-1] INFO  storage.RaftStorageDirectory (RaftStorageDirectory.java:tryLock(328)) - Lock on /workdir/hadoop-ozone/integration-test/target/test-dir/MiniOzoneClusterImpl-7bc5bb7c-5c55-4645-ae41-72269081a146/datanode-4/data/ratis/6e9ff33e-dca4-44b1-a677-b7d0fdad4ffb/in_use.lock acquired by nodename 11002@pr-hdds-2493-n7h87-1962818265
2019-11-15 03:52:19,599 [pool-189-thread-1] INFO  storage.RaftStorage (RaftStorage.java:format(84)) - Storage directory /workdir/hadoop-ozone/integration-test/target/test-dir/MiniOzoneClusterImpl-7bc5bb7c-5c55-4645-ae41-72269081a146/datanode-4/data/ratis/6e9ff33e-dca4-44b1-a677-b7d0fdad4ffb has been successfully formatted.
2019-11-15 03:52:19,599 [pool-189-thread-1] INFO  ratis.ContainerStateMachine (ContainerStateMachine.java:loadSnapshot(223)) - group-B7D0FDAD4FFB: The snapshot info is null. Setting the last applied indexto:(t:0, i:~)
2019-11-15 03:52:19,599 [pool-189-thread-1] INFO  server.RaftServerConfigKeys (ConfUtils.java:logGet(43)) - raft.server.notification.no-leader.timeout = 120s (custom)
2019-11-15 03:52:19,600 [pool-189-thread-1] INFO  server.RaftServerConfigKeys (ConfUtils.java:logGet(43)) - raft.server.log.use.memory = false (default)
2019-11-15 03:52:19,600 [pool-189-thread-1] INFO  server.RaftServerConfigKeys (ConfUtils.java:logGet(43)) - raft.server.log.purge.gap = 1000000 (custom)
2019-11-15 03:52:19,600 [pool-189-thread-1] INFO  server.RaftServerConfigKeys (ConfUtils.java:logGet(43)) - raft.server.log.appender.buffer.byte-limit = 33554432 (custom)
2019-11-15 03:52:19,600 [pool-189-thread-1] INFO  server.RaftServerConfigKeys (ConfUtils.java:logGet(43)) - raft.server.log.segment.size.max = 1048576 (custom)
2019-11-15 03:52:19,600 [pool-189-thread-1] WARN  impl.MetricRegistriesImpl (MetricRegistriesImpl.java:lambda$create$1(61)) - First MetricRegistry has been created without registering reporters. You may need to call MetricRegistries.global().addReportRegistration(...) before.
2019-11-15 03:52:19,601 [pool-189-thread-1] INFO  server.RaftServerConfigKeys (ConfUtils.java:logGet(43)) - raft.server.log.segment.cache.num.max = 2 (custom)
2019-11-15 03:52:19,601 [pool-189-thread-1] INFO  segmented.SegmentedRaftLogWorker (SegmentedRaftLogWorker.java:<init>(173)) - new fae849f2-b585-4c8d-a748-375fffce3265@group-B7D0FDAD4FFB-SegmentedRaftLogWorker for RaftStorage:Storage Directory /workdir/hadoop-ozone/integration-test/target/test-dir/MiniOzoneClusterImpl-7bc5bb7c-5c55-4645-ae41-72269081a146/datanode-4/data/ratis/6e9ff33e-dca4-44b1-a677-b7d0fdad4ffb
2019-11-15 03:52:19,601 [pool-189-thread-1] INFO  server.RaftServerConfigKeys (ConfUtils.java:logGet(43)) - raft.server.log.queue.byte-limit = 2147483647 (custom)
2019-11-15 03:52:19,601 [pool-189-thread-1] INFO  server.RaftServerConfigKeys (ConfUtils.java:logGet(43)) - raft.server.log.queue.element-limit = 1024 (custom)
2019-11-15 03:52:19,601 [pool-189-thread-1] INFO  server.RaftServerConfigKeys (ConfUtils.java:logGet(43)) - raft.server.log.segment.size.max = 1048576 (custom)
2019-11-15 03:52:19,601 [pool-189-thread-1] INFO  server.RaftServerConfigKeys (ConfUtils.java:logGet(43)) - raft.server.log.preallocated.size = 16384 (custom)
2019-11-15 03:52:19,601 [pool-189-thread-1] INFO  server.RaftServerConfigKeys (ConfUtils.java:logGet(43)) - raft.server.log.write.buffer.size = 33554432 (custom)
2019-11-15 03:52:19,601 [pool-189-thread-1] INFO  server.RaftServerConfigKeys (ConfUtils.java:logGet(43)) - raft.server.log.force.sync.num = 128 (default)
2019-11-15 03:52:19,602 [pool-189-thread-1] INFO  server.RaftServerConfigKeys (ConfUtils.java:logGet(43)) - raft.server.log.statemachine.data.sync = true (default)
2019-11-15 03:52:19,602 [pool-189-thread-1] INFO  server.RaftServerConfigKeys (ConfUtils.java:logGet(43)) - raft.server.log.statemachine.data.sync.timeout = 10s (default)
2019-11-15 03:52:19,602 [pool-189-thread-1] INFO  server.RaftServerConfigKeys (ConfUtils.java:logGet(43)) - raft.server.log.statemachine.data.sync.timeout.retry = -1 (default)
2019-11-15 03:52:19,602 [pool-189-thread-1] INFO  server.RaftServerConfigKeys (ConfUtils.java:logGet(43)) - raft.server.log.statemachine.data.caching.enabled = true (custom)
2019-11-15 03:52:19,602 [pool-189-thread-1] INFO  segmented.SegmentedRaftLogWorker (SegmentedRaftLogWorker.java:lambda$new$0(128)) - fae849f2-b585-4c8d-a748-375fffce3265@group-B7D0FDAD4FFB-SegmentedRaftLogWorker: flushIndex: setUnconditionally 0 -> -1
2019-11-15 03:52:19,603 [pool-189-thread-1] INFO  server.RaftServerConfigKeys (ConfUtils.java:logGet(43)) - raft.server.snapshot.auto.trigger.enabled = true (custom)
2019-11-15 03:52:19,603 [pool-189-thread-1] INFO  server.RaftServerConfigKeys (ConfUtils.java:logGet(43)) - raft.server.snapshot.auto.trigger.threshold = 10000 (custom)
2019-11-15 03:52:19,603 [pool-189-thread-1] INFO  server.RaftServerConfigKeys (ConfUtils.java:logGet(43)) - raft.server.snapshot.retention.file.num = 5 (custom)
2019-11-15 03:52:19,603 [pool-189-thread-1] INFO  server.RaftServerConfigKeys (ConfUtils.java:logGet(43)) - raft.server.retrycache.expirytime = 600000ms (custom)
2019-11-15 03:52:19,603 [pool-189-thread-1] WARN  impl.MetricRegistriesImpl (MetricRegistriesImpl.java:lambda$create$1(61)) - First MetricRegistry has been created without registering reporters. You may need to call MetricRegistries.global().addReportRegistration(...) before.
2019-11-15 03:52:19,603 [pool-189-thread-1] WARN  impl.MetricRegistriesImpl (MetricRegistriesImpl.java:lambda$create$1(61)) - First MetricRegistry has been created without registering reporters. You may need to call MetricRegistries.global().addReportRegistration(...) before.
2019-11-15 03:52:19,604 [pool-189-thread-1] INFO  impl.RaftServerImpl (RaftServerImpl.java:start(184)) - fae849f2-b585-4c8d-a748-375fffce3265@group-B7D0FDAD4FFB: start as a follower, conf=-1: [fae849f2-b585-4c8d-a748-375fffce3265:192.168.157.206:39095], old=null
2019-11-15 03:52:19,604 [pool-189-thread-1] INFO  impl.RaftServerImpl (RaftServerImpl.java:setRole(173)) - fae849f2-b585-4c8d-a748-375fffce3265@group-B7D0FDAD4FFB: changes role from      null to FOLLOWER at term 0 for startAsFollower
2019-11-15 03:52:19,604 [pool-189-thread-1] INFO  impl.RoleInfo (RoleInfo.java:updateAndGet(143)) - fae849f2-b585-4c8d-a748-375fffce3265: start FollowerState
2019-11-15 03:52:19,604 [pool-189-thread-1] INFO  util.JmxRegister (JmxRegister.java:tryRegister(44)) - Successfully registered JMX Bean with object name Ratis:service=RaftServer,group=group-B7D0FDAD4FFB,id=fae849f2-b585-4c8d-a748-375fffce3265
2019-11-15 03:52:19,604 [pool-189-thread-1] WARN  impl.MetricRegistriesImpl (MetricRegistriesImpl.java:lambda$create$1(61)) - First MetricRegistry has been created without registering reporters. You may need to call MetricRegistries.global().addReportRegistration(...) before.
2019-11-15 03:52:19,607 [RatisPipelineUtilsThread] INFO  pipeline.PipelineStateManager (PipelineStateManager.java:addPipeline(55)) - Created pipeline Pipeline[ Id: 6e9ff33e-dca4-44b1-a677-b7d0fdad4ffb, Nodes: fae849f2-b585-4c8d-a748-375fffce3265{ip: 192.168.157.206, host: pr-hdds-2493-n7h87-1962818265, networkLocation: /rack1, certSerialId: null}, Type:RATIS, Factor:ONE, State:ALLOCATED]
2019-11-15 03:52:19,615 [grpc-default-executor-5] INFO  impl.RaftServerProxy (RaftServerProxy.java:addNew(89)) - 1f296aea-c4ef-4ad0-bd70-4536dedd0da2: addNew group-0839D3B4DA55:[1f296aea-c4ef-4ad0-bd70-4536dedd0da2:192.168.157.206:43123] returns group-0839D3B4DA55:java.util.concurrent.CompletableFuture@5e503047[Not completed]
2019-11-15 03:52:19,616 [IPC Server handler 9 on 36809] INFO  net.NetworkTopology (NetworkTopologyImpl.java:add(111)) - Added a new node: /rack1/210c69a5-373c-4b50-aa91-938bcd06c3c6
2019-11-15 03:52:19,616 [IPC Server handler 9 on 36809] INFO  node.SCMNodeManager (SCMNodeManager.java:register(267)) - Registered Data node : 210c69a5-373c-4b50-aa91-938bcd06c3c6{ip: 192.168.157.206, host: pr-hdds-2493-n7h87-1962818265, networkLocation: /rack1, certSerialId: null}
2019-11-15 03:52:19,617 [pool-219-thread-1] INFO  impl.RaftServerImpl (RaftServerImpl.java:<init>(98)) - 1f296aea-c4ef-4ad0-bd70-4536dedd0da2: new RaftServerImpl for group-0839D3B4DA55:[1f296aea-c4ef-4ad0-bd70-4536dedd0da2:192.168.157.206:43123] with ContainerStateMachine:uninitialized
2019-11-15 03:52:19,617 [pool-219-thread-1] INFO  server.RaftServerConfigKeys (ConfUtils.java:logGet(43)) - raft.server.rpc.timeout.min = 1s (custom)
2019-11-15 03:52:19,617 [pool-219-thread-1] INFO  server.RaftServerConfigKeys (ConfUtils.java:logGet(43)) - raft.server.rpc.timeout.max = 1200ms (custom)
2019-11-15 03:52:19,617 [pool-219-thread-1] INFO  server.RaftServerConfigKeys (ConfUtils.java:logGet(43)) - raft.server.rpcslowness.timeout = 120s (custom)
2019-11-15 03:52:19,618 [pool-219-thread-1] INFO  server.RaftServerConfigKeys (ConfUtils.java:logGet(43)) - raft.server.sleep.deviation.threshold = 300 (default)
2019-11-15 03:52:19,618 [pool-219-thread-1] INFO  server.RaftServerConfigKeys (ConfUtils.java:logGet(43)) - raft.server.log.appender.install.snapshot.enabled = false (custom)
2019-11-15 03:52:19,618 [pool-219-thread-1] INFO  impl.RaftServerImpl (ServerState.java:<init>(103)) - 1f296aea-c4ef-4ad0-bd70-4536dedd0da2@group-0839D3B4DA55: ConfigurationManager, init=-1: [1f296aea-c4ef-4ad0-bd70-4536dedd0da2:192.168.157.206:43123], old=null, confs=<EMPTY_MAP>
2019-11-15 03:52:19,618 [pool-219-thread-1] INFO  server.RaftServerConfigKeys (ConfUtils.java:logGet(43)) - raft.server.storage.dir = [/workdir/hadoop-ozone/integration-test/target/test-dir/MiniOzoneClusterImpl-7bc5bb7c-5c55-4645-ae41-72269081a146/datanode-7/data/ratis] (custom)
2019-11-15 03:52:19,618 [pool-219-thread-1] INFO  server.RaftServerConfigKeys (ConfUtils.java:logGet(43)) - raft.server.log.corruption.policy = EXCEPTION (default)
2019-11-15 03:52:19,618 [pool-219-thread-1] INFO  storage.RaftStorageDirectory (RaftStorageDirectory.java:analyzeStorage(246)) - The storage directory /workdir/hadoop-ozone/integration-test/target/test-dir/MiniOzoneClusterImpl-7bc5bb7c-5c55-4645-ae41-72269081a146/datanode-7/data/ratis/95aa4ed6-4f99-4589-802f-0839d3b4da55 does not exist. Creating ...
2019-11-15 03:52:19,643 [pool-219-thread-1] INFO  storage.RaftStorageDirectory (RaftStorageDirectory.java:tryLock(328)) - Lock on /workdir/hadoop-ozone/integration-test/target/test-dir/MiniOzoneClusterImpl-7bc5bb7c-5c55-4645-ae41-72269081a146/datanode-7/data/ratis/95aa4ed6-4f99-4589-802f-0839d3b4da55/in_use.lock acquired by nodename 11002@pr-hdds-2493-n7h87-1962818265
2019-11-15 03:52:19,659 [pool-219-thread-1] INFO  storage.RaftStorage (RaftStorage.java:format(84)) - Storage directory /workdir/hadoop-ozone/integration-test/target/test-dir/MiniOzoneClusterImpl-7bc5bb7c-5c55-4645-ae41-72269081a146/datanode-7/data/ratis/95aa4ed6-4f99-4589-802f-0839d3b4da55 has been successfully formatted.
2019-11-15 03:52:19,660 [pool-219-thread-1] INFO  ratis.ContainerStateMachine (ContainerStateMachine.java:loadSnapshot(223)) - group-0839D3B4DA55: The snapshot info is null. Setting the last applied indexto:(t:0, i:~)
2019-11-15 03:52:19,660 [pool-219-thread-1] INFO  server.RaftServerConfigKeys (ConfUtils.java:logGet(43)) - raft.server.notification.no-leader.timeout = 120s (custom)
2019-11-15 03:52:19,660 [pool-219-thread-1] INFO  server.RaftServerConfigKeys (ConfUtils.java:logGet(43)) - raft.server.log.use.memory = false (default)
2019-11-15 03:52:19,660 [pool-219-thread-1] INFO  server.RaftServerConfigKeys (ConfUtils.java:logGet(43)) - raft.server.log.purge.gap = 1000000 (custom)
2019-11-15 03:52:19,660 [pool-219-thread-1] INFO  server.RaftServerConfigKeys (ConfUtils.java:logGet(43)) - raft.server.log.appender.buffer.byte-limit = 33554432 (custom)
2019-11-15 03:52:19,660 [pool-219-thread-1] INFO  server.RaftServerConfigKeys (ConfUtils.java:logGet(43)) - raft.server.log.segment.size.max = 1048576 (custom)
2019-11-15 03:52:19,660 [pool-219-thread-1] WARN  impl.MetricRegistriesImpl (MetricRegistriesImpl.java:lambda$create$1(61)) - First MetricRegistry has been created without registering reporters. You may need to call MetricRegistries.global().addReportRegistration(...) before.
2019-11-15 03:52:19,661 [pool-219-thread-1] INFO  server.RaftServerConfigKeys (ConfUtils.java:logGet(43)) - raft.server.log.segment.cache.num.max = 2 (custom)
2019-11-15 03:52:19,661 [pool-219-thread-1] INFO  segmented.SegmentedRaftLogWorker (SegmentedRaftLogWorker.java:<init>(173)) - new 1f296aea-c4ef-4ad0-bd70-4536dedd0da2@group-0839D3B4DA55-SegmentedRaftLogWorker for RaftStorage:Storage Directory /workdir/hadoop-ozone/integration-test/target/test-dir/MiniOzoneClusterImpl-7bc5bb7c-5c55-4645-ae41-72269081a146/datanode-7/data/ratis/95aa4ed6-4f99-4589-802f-0839d3b4da55
2019-11-15 03:52:19,661 [pool-219-thread-1] INFO  server.RaftServerConfigKeys (ConfUtils.java:logGet(43)) - raft.server.log.queue.byte-limit = 2147483647 (custom)
2019-11-15 03:52:19,661 [pool-219-thread-1] INFO  server.RaftServerConfigKeys (ConfUtils.java:logGet(43)) - raft.server.log.queue.element-limit = 1024 (custom)
2019-11-15 03:52:19,661 [pool-219-thread-1] INFO  server.RaftServerConfigKeys (ConfUtils.java:logGet(43)) - raft.server.log.segment.size.max = 1048576 (custom)
2019-11-15 03:52:19,661 [pool-219-thread-1] INFO  server.RaftServerConfigKeys (ConfUtils.java:logGet(43)) - raft.server.log.preallocated.size = 16384 (custom)
2019-11-15 03:52:19,661 [pool-219-thread-1] INFO  server.RaftServerConfigKeys (ConfUtils.java:logGet(43)) - raft.server.log.write.buffer.size = 33554432 (custom)
2019-11-15 03:52:19,661 [pool-219-thread-1] INFO  server.RaftServerConfigKeys (ConfUtils.java:logGet(43)) - raft.server.log.force.sync.num = 128 (default)
2019-11-15 03:52:19,662 [pool-219-thread-1] INFO  server.RaftServerConfigKeys (ConfUtils.java:logGet(43)) - raft.server.log.statemachine.data.sync = true (default)
2019-11-15 03:52:19,662 [pool-219-thread-1] INFO  server.RaftServerConfigKeys (ConfUtils.java:logGet(43)) - raft.server.log.statemachine.data.sync.timeout = 10s (default)
2019-11-15 03:52:19,662 [pool-219-thread-1] INFO  server.RaftServerConfigKeys (ConfUtils.java:logGet(43)) - raft.server.log.statemachine.data.sync.timeout.retry = -1 (default)
2019-11-15 03:52:19,662 [pool-219-thread-1] INFO  server.RaftServerConfigKeys (ConfUtils.java:logGet(43)) - raft.server.log.statemachine.data.caching.enabled = true (custom)
2019-11-15 03:52:19,662 [pool-219-thread-1] INFO  segmented.SegmentedRaftLogWorker (SegmentedRaftLogWorker.java:lambda$new$0(128)) - 1f296aea-c4ef-4ad0-bd70-4536dedd0da2@group-0839D3B4DA55-SegmentedRaftLogWorker: flushIndex: setUnconditionally 0 -> -1
2019-11-15 03:52:19,663 [pool-219-thread-1] INFO  server.RaftServerConfigKeys (ConfUtils.java:logGet(43)) - raft.server.snapshot.auto.trigger.enabled = true (custom)
2019-11-15 03:52:19,663 [pool-219-thread-1] INFO  server.RaftServerConfigKeys (ConfUtils.java:logGet(43)) - raft.server.snapshot.auto.trigger.threshold = 10000 (custom)
2019-11-15 03:52:19,663 [pool-219-thread-1] INFO  server.RaftServerConfigKeys (ConfUtils.java:logGet(43)) - raft.server.snapshot.retention.file.num = 5 (custom)
2019-11-15 03:52:19,663 [pool-219-thread-1] INFO  server.RaftServerConfigKeys (ConfUtils.java:logGet(43)) - raft.server.retrycache.expirytime = 600000ms (custom)
2019-11-15 03:52:19,663 [pool-219-thread-1] WARN  impl.MetricRegistriesImpl (MetricRegistriesImpl.java:lambda$create$1(61)) - First MetricRegistry has been created without registering reporters. You may need to call MetricRegistries.global().addReportRegistration(...) before.
2019-11-15 03:52:19,663 [pool-219-thread-1] WARN  impl.MetricRegistriesImpl (MetricRegistriesImpl.java:lambda$create$1(61)) - First MetricRegistry has been created without registering reporters. You may need to call MetricRegistries.global().addReportRegistration(...) before.
2019-11-15 03:52:19,663 [pool-219-thread-1] INFO  impl.RaftServerImpl (RaftServerImpl.java:start(184)) - 1f296aea-c4ef-4ad0-bd70-4536dedd0da2@group-0839D3B4DA55: start as a follower, conf=-1: [1f296aea-c4ef-4ad0-bd70-4536dedd0da2:192.168.157.206:43123], old=null
2019-11-15 03:52:19,664 [pool-219-thread-1] INFO  impl.RaftServerImpl (RaftServerImpl.java:setRole(173)) - 1f296aea-c4ef-4ad0-bd70-4536dedd0da2@group-0839D3B4DA55: changes role from      null to FOLLOWER at term 0 for startAsFollower
2019-11-15 03:52:19,664 [pool-219-thread-1] INFO  impl.RoleInfo (RoleInfo.java:updateAndGet(143)) - 1f296aea-c4ef-4ad0-bd70-4536dedd0da2: start FollowerState
2019-11-15 03:52:19,664 [pool-219-thread-1] INFO  util.JmxRegister (JmxRegister.java:tryRegister(44)) - Successfully registered JMX Bean with object name Ratis:service=RaftServer,group=group-0839D3B4DA55,id=1f296aea-c4ef-4ad0-bd70-4536dedd0da2
2019-11-15 03:52:19,664 [pool-219-thread-1] WARN  impl.MetricRegistriesImpl (MetricRegistriesImpl.java:lambda$create$1(61)) - First MetricRegistry has been created without registering reporters. You may need to call MetricRegistries.global().addReportRegistration(...) before.
2019-11-15 03:52:19,667 [RatisPipelineUtilsThread] INFO  pipeline.PipelineStateManager (PipelineStateManager.java:addPipeline(55)) - Created pipeline Pipeline[ Id: 95aa4ed6-4f99-4589-802f-0839d3b4da55, Nodes: 1f296aea-c4ef-4ad0-bd70-4536dedd0da2{ip: 192.168.157.206, host: pr-hdds-2493-n7h87-1962818265, networkLocation: /rack1, certSerialId: null}, Type:RATIS, Factor:ONE, State:ALLOCATED]
2019-11-15 03:52:19,675 [grpc-default-executor-5] INFO  impl.RaftServerProxy (RaftServerProxy.java:addNew(89)) - 210c69a5-373c-4b50-aa91-938bcd06c3c6: addNew group-932ABE650C5D:[210c69a5-373c-4b50-aa91-938bcd06c3c6:192.168.157.206:43947] returns group-932ABE650C5D:java.util.concurrent.CompletableFuture@34c14443[Not completed]
2019-11-15 03:52:19,675 [IPC Server handler 10 on 36809] INFO  net.NetworkTopology (NetworkTopologyImpl.java:add(111)) - Added a new node: /rack1/8c6299e1-e84a-4bf3-8558-225b6553f707
2019-11-15 03:52:19,676 [IPC Server handler 10 on 36809] INFO  node.SCMNodeManager (SCMNodeManager.java:register(267)) - Registered Data node : 8c6299e1-e84a-4bf3-8558-225b6553f707{ip: 192.168.157.206, host: pr-hdds-2493-n7h87-1962818265, networkLocation: /rack1, certSerialId: null}
2019-11-15 03:52:19,677 [pool-229-thread-1] INFO  impl.RaftServerImpl (RaftServerImpl.java:<init>(98)) - 210c69a5-373c-4b50-aa91-938bcd06c3c6: new RaftServerImpl for group-932ABE650C5D:[210c69a5-373c-4b50-aa91-938bcd06c3c6:192.168.157.206:43947] with ContainerStateMachine:uninitialized
2019-11-15 03:52:19,677 [pool-229-thread-1] INFO  server.RaftServerConfigKeys (ConfUtils.java:logGet(43)) - raft.server.rpc.timeout.min = 1s (custom)
2019-11-15 03:52:19,677 [pool-229-thread-1] INFO  server.RaftServerConfigKeys (ConfUtils.java:logGet(43)) - raft.server.rpc.timeout.max = 1200ms (custom)
2019-11-15 03:52:19,677 [pool-229-thread-1] INFO  server.RaftServerConfigKeys (ConfUtils.java:logGet(43)) - raft.server.rpcslowness.timeout = 120s (custom)
2019-11-15 03:52:19,677 [pool-229-thread-1] INFO  server.RaftServerConfigKeys (ConfUtils.java:logGet(43)) - raft.server.sleep.deviation.threshold = 300 (default)
2019-11-15 03:52:19,677 [pool-229-thread-1] INFO  server.RaftServerConfigKeys (ConfUtils.java:logGet(43)) - raft.server.log.appender.install.snapshot.enabled = false (custom)
2019-11-15 03:52:19,677 [pool-229-thread-1] INFO  impl.RaftServerImpl (ServerState.java:<init>(103)) - 210c69a5-373c-4b50-aa91-938bcd06c3c6@group-932ABE650C5D: ConfigurationManager, init=-1: [210c69a5-373c-4b50-aa91-938bcd06c3c6:192.168.157.206:43947], old=null, confs=<EMPTY_MAP>
2019-11-15 03:52:19,677 [pool-229-thread-1] INFO  server.RaftServerConfigKeys (ConfUtils.java:logGet(43)) - raft.server.storage.dir = [/workdir/hadoop-ozone/integration-test/target/test-dir/MiniOzoneClusterImpl-7bc5bb7c-5c55-4645-ae41-72269081a146/datanode-8/data/ratis] (custom)
2019-11-15 03:52:19,678 [pool-229-thread-1] INFO  server.RaftServerConfigKeys (ConfUtils.java:logGet(43)) - raft.server.log.corruption.policy = EXCEPTION (default)
2019-11-15 03:52:19,678 [pool-229-thread-1] INFO  storage.RaftStorageDirectory (RaftStorageDirectory.java:analyzeStorage(246)) - The storage directory /workdir/hadoop-ozone/integration-test/target/test-dir/MiniOzoneClusterImpl-7bc5bb7c-5c55-4645-ae41-72269081a146/datanode-8/data/ratis/06d4ff4a-9ea6-4e46-b6f7-932abe650c5d does not exist. Creating ...
2019-11-15 03:52:19,692 [pool-229-thread-1] INFO  storage.RaftStorageDirectory (RaftStorageDirectory.java:tryLock(328)) - Lock on /workdir/hadoop-ozone/integration-test/target/test-dir/MiniOzoneClusterImpl-7bc5bb7c-5c55-4645-ae41-72269081a146/datanode-8/data/ratis/06d4ff4a-9ea6-4e46-b6f7-932abe650c5d/in_use.lock acquired by nodename 11002@pr-hdds-2493-n7h87-1962818265
2019-11-15 03:52:19,705 [pool-229-thread-1] INFO  storage.RaftStorage (RaftStorage.java:format(84)) - Storage directory /workdir/hadoop-ozone/integration-test/target/test-dir/MiniOzoneClusterImpl-7bc5bb7c-5c55-4645-ae41-72269081a146/datanode-8/data/ratis/06d4ff4a-9ea6-4e46-b6f7-932abe650c5d has been successfully formatted.
2019-11-15 03:52:19,705 [pool-229-thread-1] INFO  ratis.ContainerStateMachine (ContainerStateMachine.java:loadSnapshot(223)) - group-932ABE650C5D: The snapshot info is null. Setting the last applied indexto:(t:0, i:~)
2019-11-15 03:52:19,705 [pool-229-thread-1] INFO  server.RaftServerConfigKeys (ConfUtils.java:logGet(43)) - raft.server.notification.no-leader.timeout = 120s (custom)
2019-11-15 03:52:19,706 [pool-229-thread-1] INFO  server.RaftServerConfigKeys (ConfUtils.java:logGet(43)) - raft.server.log.use.memory = false (default)
2019-11-15 03:52:19,706 [pool-229-thread-1] INFO  server.RaftServerConfigKeys (ConfUtils.java:logGet(43)) - raft.server.log.purge.gap = 1000000 (custom)
2019-11-15 03:52:19,706 [pool-229-thread-1] INFO  server.RaftServerConfigKeys (ConfUtils.java:logGet(43)) - raft.server.log.appender.buffer.byte-limit = 33554432 (custom)
2019-11-15 03:52:19,706 [pool-229-thread-1] INFO  server.RaftServerConfigKeys (ConfUtils.java:logGet(43)) - raft.server.log.segment.size.max = 1048576 (custom)
2019-11-15 03:52:19,706 [pool-229-thread-1] WARN  impl.MetricRegistriesImpl (MetricRegistriesImpl.java:lambda$create$1(61)) - First MetricRegistry has been created without registering reporters. You may need to call MetricRegistries.global().addReportRegistration(...) before.
2019-11-15 03:52:19,706 [pool-229-thread-1] INFO  server.RaftServerConfigKeys (ConfUtils.java:logGet(43)) - raft.server.log.segment.cache.num.max = 2 (custom)
2019-11-15 03:52:19,706 [pool-229-thread-1] INFO  segmented.SegmentedRaftLogWorker (SegmentedRaftLogWorker.java:<init>(173)) - new 210c69a5-373c-4b50-aa91-938bcd06c3c6@group-932ABE650C5D-SegmentedRaftLogWorker for RaftStorage:Storage Directory /workdir/hadoop-ozone/integration-test/target/test-dir/MiniOzoneClusterImpl-7bc5bb7c-5c55-4645-ae41-72269081a146/datanode-8/data/ratis/06d4ff4a-9ea6-4e46-b6f7-932abe650c5d
2019-11-15 03:52:19,706 [pool-229-thread-1] INFO  server.RaftServerConfigKeys (ConfUtils.java:logGet(43)) - raft.server.log.queue.byte-limit = 2147483647 (custom)
2019-11-15 03:52:19,706 [pool-229-thread-1] INFO  server.RaftServerConfigKeys (ConfUtils.java:logGet(43)) - raft.server.log.queue.element-limit = 1024 (custom)
2019-11-15 03:52:19,706 [pool-229-thread-1] INFO  server.RaftServerConfigKeys (ConfUtils.java:logGet(43)) - raft.server.log.segment.size.max = 1048576 (custom)
2019-11-15 03:52:19,706 [pool-229-thread-1] INFO  server.RaftServerConfigKeys (ConfUtils.java:logGet(43)) - raft.server.log.preallocated.size = 16384 (custom)
2019-11-15 03:52:19,706 [pool-229-thread-1] INFO  server.RaftServerConfigKeys (ConfUtils.java:logGet(43)) - raft.server.log.write.buffer.size = 33554432 (custom)
2019-11-15 03:52:19,707 [pool-229-thread-1] INFO  server.RaftServerConfigKeys (ConfUtils.java:logGet(43)) - raft.server.log.force.sync.num = 128 (default)
2019-11-15 03:52:19,707 [pool-229-thread-1] INFO  server.RaftServerConfigKeys (ConfUtils.java:logGet(43)) - raft.server.log.statemachine.data.sync = true (default)
2019-11-15 03:52:19,707 [pool-229-thread-1] INFO  server.RaftServerConfigKeys (ConfUtils.java:logGet(43)) - raft.server.log.statemachine.data.sync.timeout = 10s (default)
2019-11-15 03:52:19,707 [pool-229-thread-1] INFO  server.RaftServerConfigKeys (ConfUtils.java:logGet(43)) - raft.server.log.statemachine.data.sync.timeout.retry = -1 (default)
2019-11-15 03:52:19,707 [pool-229-thread-1] INFO  server.RaftServerConfigKeys (ConfUtils.java:logGet(43)) - raft.server.log.statemachine.data.caching.enabled = true (custom)
2019-11-15 03:52:19,707 [pool-229-thread-1] INFO  segmented.SegmentedRaftLogWorker (SegmentedRaftLogWorker.java:lambda$new$0(128)) - 210c69a5-373c-4b50-aa91-938bcd06c3c6@group-932ABE650C5D-SegmentedRaftLogWorker: flushIndex: setUnconditionally 0 -> -1
2019-11-15 03:52:19,707 [pool-229-thread-1] INFO  server.RaftServerConfigKeys (ConfUtils.java:logGet(43)) - raft.server.snapshot.auto.trigger.enabled = true (custom)
2019-11-15 03:52:19,708 [pool-229-thread-1] INFO  server.RaftServerConfigKeys (ConfUtils.java:logGet(43)) - raft.server.snapshot.auto.trigger.threshold = 10000 (custom)
2019-11-15 03:52:19,708 [pool-229-thread-1] INFO  server.RaftServerConfigKeys (ConfUtils.java:logGet(43)) - raft.server.snapshot.retention.file.num = 5 (custom)
2019-11-15 03:52:19,708 [pool-229-thread-1] INFO  server.RaftServerConfigKeys (ConfUtils.java:logGet(43)) - raft.server.retrycache.expirytime = 600000ms (custom)
2019-11-15 03:52:19,708 [pool-229-thread-1] WARN  impl.MetricRegistriesImpl (MetricRegistriesImpl.java:lambda$create$1(61)) - First MetricRegistry has been created without registering reporters. You may need to call MetricRegistries.global().addReportRegistration(...) before.
2019-11-15 03:52:19,708 [pool-229-thread-1] WARN  impl.MetricRegistriesImpl (MetricRegistriesImpl.java:lambda$create$1(61)) - First MetricRegistry has been created without registering reporters. You may need to call MetricRegistries.global().addReportRegistration(...) before.
2019-11-15 03:52:19,708 [pool-229-thread-1] INFO  impl.RaftServerImpl (RaftServerImpl.java:start(184)) - 210c69a5-373c-4b50-aa91-938bcd06c3c6@group-932ABE650C5D: start as a follower, conf=-1: [210c69a5-373c-4b50-aa91-938bcd06c3c6:192.168.157.206:43947], old=null
2019-11-15 03:52:19,708 [pool-229-thread-1] INFO  impl.RaftServerImpl (RaftServerImpl.java:setRole(173)) - 210c69a5-373c-4b50-aa91-938bcd06c3c6@group-932ABE650C5D: changes role from      null to FOLLOWER at term 0 for startAsFollower
2019-11-15 03:52:19,708 [pool-229-thread-1] INFO  impl.RoleInfo (RoleInfo.java:updateAndGet(143)) - 210c69a5-373c-4b50-aa91-938bcd06c3c6: start FollowerState
2019-11-15 03:52:19,709 [pool-229-thread-1] INFO  util.JmxRegister (JmxRegister.java:tryRegister(44)) - Successfully registered JMX Bean with object name Ratis:service=RaftServer,group=group-932ABE650C5D,id=210c69a5-373c-4b50-aa91-938bcd06c3c6
2019-11-15 03:52:19,709 [pool-229-thread-1] WARN  impl.MetricRegistriesImpl (MetricRegistriesImpl.java:lambda$create$1(61)) - First MetricRegistry has been created without registering reporters. You may need to call MetricRegistries.global().addReportRegistration(...) before.
2019-11-15 03:52:19,711 [RatisPipelineUtilsThread] INFO  pipeline.PipelineStateManager (PipelineStateManager.java:addPipeline(55)) - Created pipeline Pipeline[ Id: 06d4ff4a-9ea6-4e46-b6f7-932abe650c5d, Nodes: 210c69a5-373c-4b50-aa91-938bcd06c3c6{ip: 192.168.157.206, host: pr-hdds-2493-n7h87-1962818265, networkLocation: /rack1, certSerialId: null}, Type:RATIS, Factor:ONE, State:ALLOCATED]
2019-11-15 03:52:19,726 [grpc-default-executor-9] INFO  impl.RaftServerProxy (RaftServerProxy.java:addNew(89)) - 8c6299e1-e84a-4bf3-8558-225b6553f707: addNew group-65591401F86C:[8c6299e1-e84a-4bf3-8558-225b6553f707:192.168.157.206:40623] returns group-65591401F86C:java.util.concurrent.CompletableFuture@5428708[Not completed]
2019-11-15 03:52:19,727 [pool-239-thread-1] INFO  impl.RaftServerImpl (RaftServerImpl.java:<init>(98)) - 8c6299e1-e84a-4bf3-8558-225b6553f707: new RaftServerImpl for group-65591401F86C:[8c6299e1-e84a-4bf3-8558-225b6553f707:192.168.157.206:40623] with ContainerStateMachine:uninitialized
2019-11-15 03:52:19,727 [pool-239-thread-1] INFO  server.RaftServerConfigKeys (ConfUtils.java:logGet(43)) - raft.server.rpc.timeout.min = 1s (custom)
2019-11-15 03:52:19,727 [pool-239-thread-1] INFO  server.RaftServerConfigKeys (ConfUtils.java:logGet(43)) - raft.server.rpc.timeout.max = 1200ms (custom)
2019-11-15 03:52:19,727 [pool-239-thread-1] INFO  server.RaftServerConfigKeys (ConfUtils.java:logGet(43)) - raft.server.rpcslowness.timeout = 120s (custom)
2019-11-15 03:52:19,727 [pool-239-thread-1] INFO  server.RaftServerConfigKeys (ConfUtils.java:logGet(43)) - raft.server.sleep.deviation.threshold = 300 (default)
2019-11-15 03:52:19,727 [pool-239-thread-1] INFO  server.RaftServerConfigKeys (ConfUtils.java:logGet(43)) - raft.server.log.appender.install.snapshot.enabled = false (custom)
2019-11-15 03:52:19,728 [pool-239-thread-1] INFO  impl.RaftServerImpl (ServerState.java:<init>(103)) - 8c6299e1-e84a-4bf3-8558-225b6553f707@group-65591401F86C: ConfigurationManager, init=-1: [8c6299e1-e84a-4bf3-8558-225b6553f707:192.168.157.206:40623], old=null, confs=<EMPTY_MAP>
2019-11-15 03:52:19,728 [pool-239-thread-1] INFO  server.RaftServerConfigKeys (ConfUtils.java:logGet(43)) - raft.server.storage.dir = [/workdir/hadoop-ozone/integration-test/target/test-dir/MiniOzoneClusterImpl-7bc5bb7c-5c55-4645-ae41-72269081a146/datanode-9/data/ratis] (custom)
2019-11-15 03:52:19,728 [pool-239-thread-1] INFO  server.RaftServerConfigKeys (ConfUtils.java:logGet(43)) - raft.server.log.corruption.policy = EXCEPTION (default)
2019-11-15 03:52:19,728 [pool-239-thread-1] INFO  storage.RaftStorageDirectory (RaftStorageDirectory.java:analyzeStorage(246)) - The storage directory /workdir/hadoop-ozone/integration-test/target/test-dir/MiniOzoneClusterImpl-7bc5bb7c-5c55-4645-ae41-72269081a146/datanode-9/data/ratis/86141a45-ec77-49fa-a75c-65591401f86c does not exist. Creating ...
2019-11-15 03:52:19,742 [pool-239-thread-1] INFO  storage.RaftStorageDirectory (RaftStorageDirectory.java:tryLock(328)) - Lock on /workdir/hadoop-ozone/integration-test/target/test-dir/MiniOzoneClusterImpl-7bc5bb7c-5c55-4645-ae41-72269081a146/datanode-9/data/ratis/86141a45-ec77-49fa-a75c-65591401f86c/in_use.lock acquired by nodename 11002@pr-hdds-2493-n7h87-1962818265
2019-11-15 03:52:19,760 [pool-239-thread-1] INFO  storage.RaftStorage (RaftStorage.java:format(84)) - Storage directory /workdir/hadoop-ozone/integration-test/target/test-dir/MiniOzoneClusterImpl-7bc5bb7c-5c55-4645-ae41-72269081a146/datanode-9/data/ratis/86141a45-ec77-49fa-a75c-65591401f86c has been successfully formatted.
2019-11-15 03:52:19,760 [pool-239-thread-1] INFO  ratis.ContainerStateMachine (ContainerStateMachine.java:loadSnapshot(223)) - group-65591401F86C: The snapshot info is null. Setting the last applied indexto:(t:0, i:~)
2019-11-15 03:52:19,760 [pool-239-thread-1] INFO  server.RaftServerConfigKeys (ConfUtils.java:logGet(43)) - raft.server.notification.no-leader.timeout = 120s (custom)
2019-11-15 03:52:19,761 [pool-239-thread-1] INFO  server.RaftServerConfigKeys (ConfUtils.java:logGet(43)) - raft.server.log.use.memory = false (default)
2019-11-15 03:52:19,761 [pool-239-thread-1] INFO  server.RaftServerConfigKeys (ConfUtils.java:logGet(43)) - raft.server.log.purge.gap = 1000000 (custom)
2019-11-15 03:52:19,761 [pool-239-thread-1] INFO  server.RaftServerConfigKeys (ConfUtils.java:logGet(43)) - raft.server.log.appender.buffer.byte-limit = 33554432 (custom)
2019-11-15 03:52:19,761 [pool-239-thread-1] INFO  server.RaftServerConfigKeys (ConfUtils.java:logGet(43)) - raft.server.log.segment.size.max = 1048576 (custom)
2019-11-15 03:52:19,761 [pool-239-thread-1] WARN  impl.MetricRegistriesImpl (MetricRegistriesImpl.java:lambda$create$1(61)) - First MetricRegistry has been created without registering reporters. You may need to call MetricRegistries.global().addReportRegistration(...) before.
2019-11-15 03:52:19,761 [pool-239-thread-1] INFO  server.RaftServerConfigKeys (ConfUtils.java:logGet(43)) - raft.server.log.segment.cache.num.max = 2 (custom)
2019-11-15 03:52:19,761 [pool-239-thread-1] INFO  segmented.SegmentedRaftLogWorker (SegmentedRaftLogWorker.java:<init>(173)) - new 8c6299e1-e84a-4bf3-8558-225b6553f707@group-65591401F86C-SegmentedRaftLogWorker for RaftStorage:Storage Directory /workdir/hadoop-ozone/integration-test/target/test-dir/MiniOzoneClusterImpl-7bc5bb7c-5c55-4645-ae41-72269081a146/datanode-9/data/ratis/86141a45-ec77-49fa-a75c-65591401f86c
2019-11-15 03:52:19,761 [pool-239-thread-1] INFO  server.RaftServerConfigKeys (ConfUtils.java:logGet(43)) - raft.server.log.queue.byte-limit = 2147483647 (custom)
2019-11-15 03:52:19,761 [pool-239-thread-1] INFO  server.RaftServerConfigKeys (ConfUtils.java:logGet(43)) - raft.server.log.queue.element-limit = 1024 (custom)
2019-11-15 03:52:19,761 [pool-239-thread-1] INFO  server.RaftServerConfigKeys (ConfUtils.java:logGet(43)) - raft.server.log.segment.size.max = 1048576 (custom)
2019-11-15 03:52:19,761 [pool-239-thread-1] INFO  server.RaftServerConfigKeys (ConfUtils.java:logGet(43)) - raft.server.log.preallocated.size = 16384 (custom)
2019-11-15 03:52:19,762 [pool-239-thread-1] INFO  server.RaftServerConfigKeys (ConfUtils.java:logGet(43)) - raft.server.log.write.buffer.size = 33554432 (custom)
2019-11-15 03:52:19,762 [pool-239-thread-1] INFO  server.RaftServerConfigKeys (ConfUtils.java:logGet(43)) - raft.server.log.force.sync.num = 128 (default)
2019-11-15 03:52:19,762 [pool-239-thread-1] INFO  server.RaftServerConfigKeys (ConfUtils.java:logGet(43)) - raft.server.log.statemachine.data.sync = true (default)
2019-11-15 03:52:19,762 [pool-239-thread-1] INFO  server.RaftServerConfigKeys (ConfUtils.java:logGet(43)) - raft.server.log.statemachine.data.sync.timeout = 10s (default)
2019-11-15 03:52:19,762 [pool-239-thread-1] INFO  server.RaftServerConfigKeys (ConfUtils.java:logGet(43)) - raft.server.log.statemachine.data.sync.timeout.retry = -1 (default)
2019-11-15 03:52:19,763 [pool-239-thread-1] INFO  server.RaftServerConfigKeys (ConfUtils.java:logGet(43)) - raft.server.log.statemachine.data.caching.enabled = true (custom)
2019-11-15 03:52:19,763 [pool-239-thread-1] INFO  segmented.SegmentedRaftLogWorker (SegmentedRaftLogWorker.java:lambda$new$0(128)) - 8c6299e1-e84a-4bf3-8558-225b6553f707@group-65591401F86C-SegmentedRaftLogWorker: flushIndex: setUnconditionally 0 -> -1
2019-11-15 03:52:19,763 [pool-239-thread-1] INFO  server.RaftServerConfigKeys (ConfUtils.java:logGet(43)) - raft.server.snapshot.auto.trigger.enabled = true (custom)
2019-11-15 03:52:19,763 [pool-239-thread-1] INFO  server.RaftServerConfigKeys (ConfUtils.java:logGet(43)) - raft.server.snapshot.auto.trigger.threshold = 10000 (custom)
2019-11-15 03:52:19,763 [pool-239-thread-1] INFO  server.RaftServerConfigKeys (ConfUtils.java:logGet(43)) - raft.server.snapshot.retention.file.num = 5 (custom)
2019-11-15 03:52:19,764 [pool-239-thread-1] INFO  server.RaftServerConfigKeys (ConfUtils.java:logGet(43)) - raft.server.retrycache.expirytime = 600000ms (custom)
2019-11-15 03:52:19,764 [pool-239-thread-1] WARN  impl.MetricRegistriesImpl (MetricRegistriesImpl.java:lambda$create$1(61)) - First MetricRegistry has been created without registering reporters. You may need to call MetricRegistries.global().addReportRegistration(...) before.
2019-11-15 03:52:19,764 [pool-239-thread-1] WARN  impl.MetricRegistriesImpl (MetricRegistriesImpl.java:lambda$create$1(61)) - First MetricRegistry has been created without registering reporters. You may need to call MetricRegistries.global().addReportRegistration(...) before.
2019-11-15 03:52:19,764 [pool-239-thread-1] INFO  impl.RaftServerImpl (RaftServerImpl.java:start(184)) - 8c6299e1-e84a-4bf3-8558-225b6553f707@group-65591401F86C: start as a follower, conf=-1: [8c6299e1-e84a-4bf3-8558-225b6553f707:192.168.157.206:40623], old=null
2019-11-15 03:52:19,764 [pool-239-thread-1] INFO  impl.RaftServerImpl (RaftServerImpl.java:setRole(173)) - 8c6299e1-e84a-4bf3-8558-225b6553f707@group-65591401F86C: changes role from      null to FOLLOWER at term 0 for startAsFollower
2019-11-15 03:52:19,764 [pool-239-thread-1] INFO  impl.RoleInfo (RoleInfo.java:updateAndGet(143)) - 8c6299e1-e84a-4bf3-8558-225b6553f707: start FollowerState
2019-11-15 03:52:19,765 [pool-239-thread-1] INFO  util.JmxRegister (JmxRegister.java:tryRegister(44)) - Successfully registered JMX Bean with object name Ratis:service=RaftServer,group=group-65591401F86C,id=8c6299e1-e84a-4bf3-8558-225b6553f707
2019-11-15 03:52:19,765 [pool-239-thread-1] WARN  impl.MetricRegistriesImpl (MetricRegistriesImpl.java:lambda$create$1(61)) - First MetricRegistry has been created without registering reporters. You may need to call MetricRegistries.global().addReportRegistration(...) before.
2019-11-15 03:52:19,768 [RatisPipelineUtilsThread] INFO  pipeline.PipelineStateManager (PipelineStateManager.java:addPipeline(55)) - Created pipeline Pipeline[ Id: 86141a45-ec77-49fa-a75c-65591401f86c, Nodes: 8c6299e1-e84a-4bf3-8558-225b6553f707{ip: 192.168.157.206, host: pr-hdds-2493-n7h87-1962818265, networkLocation: /rack1, certSerialId: null}, Type:RATIS, Factor:ONE, State:ALLOCATED]
2019-11-15 03:52:19,783 [grpc-default-executor-0] INFO  impl.RaftServerProxy (RaftServerProxy.java:addNew(89)) - 43077e3c-832c-4164-9ae4-420ca2301748: addNew group-CEBB0E7FBCED:[43077e3c-832c-4164-9ae4-420ca2301748:192.168.157.206:45724, 32349214-85e6-49cf-bb69-05e83393fdf3:192.168.157.206:34957, 1f296aea-c4ef-4ad0-bd70-4536dedd0da2:192.168.157.206:43123] returns group-CEBB0E7FBCED:java.util.concurrent.CompletableFuture@46dc9765[Not completed]
2019-11-15 03:52:19,783 [grpc-default-executor-5] INFO  impl.RaftServerProxy (RaftServerProxy.java:addNew(89)) - 32349214-85e6-49cf-bb69-05e83393fdf3: addNew group-CEBB0E7FBCED:[43077e3c-832c-4164-9ae4-420ca2301748:192.168.157.206:45724, 32349214-85e6-49cf-bb69-05e83393fdf3:192.168.157.206:34957, 1f296aea-c4ef-4ad0-bd70-4536dedd0da2:192.168.157.206:43123] returns group-CEBB0E7FBCED:java.util.concurrent.CompletableFuture@7a682647[Not completed]
2019-11-15 03:52:19,783 [grpc-default-executor-9] INFO  impl.RaftServerProxy (RaftServerProxy.java:addNew(89)) - 1f296aea-c4ef-4ad0-bd70-4536dedd0da2: addNew group-CEBB0E7FBCED:[43077e3c-832c-4164-9ae4-420ca2301748:192.168.157.206:45724, 32349214-85e6-49cf-bb69-05e83393fdf3:192.168.157.206:34957, 1f296aea-c4ef-4ad0-bd70-4536dedd0da2:192.168.157.206:43123] returns group-CEBB0E7FBCED:java.util.concurrent.CompletableFuture@6c2c78d6[Not completed]
2019-11-15 03:52:19,784 [pool-179-thread-1] INFO  impl.RaftServerImpl (RaftServerImpl.java:<init>(98)) - 32349214-85e6-49cf-bb69-05e83393fdf3: new RaftServerImpl for group-CEBB0E7FBCED:[43077e3c-832c-4164-9ae4-420ca2301748:192.168.157.206:45724, 32349214-85e6-49cf-bb69-05e83393fdf3:192.168.157.206:34957, 1f296aea-c4ef-4ad0-bd70-4536dedd0da2:192.168.157.206:43123] with ContainerStateMachine:uninitialized
2019-11-15 03:52:19,784 [pool-179-thread-1] INFO  server.RaftServerConfigKeys (ConfUtils.java:logGet(43)) - raft.server.rpc.timeout.min = 1s (custom)
2019-11-15 03:52:19,784 [pool-179-thread-1] INFO  server.RaftServerConfigKeys (ConfUtils.java:logGet(43)) - raft.server.rpc.timeout.max = 1200ms (custom)
2019-11-15 03:52:19,784 [pool-179-thread-1] INFO  server.RaftServerConfigKeys (ConfUtils.java:logGet(43)) - raft.server.rpcslowness.timeout = 120s (custom)
2019-11-15 03:52:19,784 [pool-179-thread-1] INFO  server.RaftServerConfigKeys (ConfUtils.java:logGet(43)) - raft.server.sleep.deviation.threshold = 300 (default)
2019-11-15 03:52:19,784 [pool-179-thread-1] INFO  server.RaftServerConfigKeys (ConfUtils.java:logGet(43)) - raft.server.log.appender.install.snapshot.enabled = false (custom)
2019-11-15 03:52:19,785 [pool-219-thread-1] INFO  impl.RaftServerImpl (RaftServerImpl.java:<init>(98)) - 1f296aea-c4ef-4ad0-bd70-4536dedd0da2: new RaftServerImpl for group-CEBB0E7FBCED:[43077e3c-832c-4164-9ae4-420ca2301748:192.168.157.206:45724, 32349214-85e6-49cf-bb69-05e83393fdf3:192.168.157.206:34957, 1f296aea-c4ef-4ad0-bd70-4536dedd0da2:192.168.157.206:43123] with ContainerStateMachine:uninitialized
2019-11-15 03:52:19,785 [pool-179-thread-1] INFO  impl.RaftServerImpl (ServerState.java:<init>(103)) - 32349214-85e6-49cf-bb69-05e83393fdf3@group-CEBB0E7FBCED: ConfigurationManager, init=-1: [43077e3c-832c-4164-9ae4-420ca2301748:192.168.157.206:45724, 32349214-85e6-49cf-bb69-05e83393fdf3:192.168.157.206:34957, 1f296aea-c4ef-4ad0-bd70-4536dedd0da2:192.168.157.206:43123], old=null, confs=<EMPTY_MAP>
2019-11-15 03:52:19,785 [pool-219-thread-1] INFO  server.RaftServerConfigKeys (ConfUtils.java:logGet(43)) - raft.server.rpc.timeout.min = 1s (custom)
2019-11-15 03:52:19,785 [pool-179-thread-1] INFO  server.RaftServerConfigKeys (ConfUtils.java:logGet(43)) - raft.server.storage.dir = [/workdir/hadoop-ozone/integration-test/target/test-dir/MiniOzoneClusterImpl-7bc5bb7c-5c55-4645-ae41-72269081a146/datanode-3/data/ratis] (custom)
2019-11-15 03:52:19,785 [pool-219-thread-1] INFO  server.RaftServerConfigKeys (ConfUtils.java:logGet(43)) - raft.server.rpc.timeout.max = 1200ms (custom)
2019-11-15 03:52:19,785 [pool-219-thread-1] INFO  server.RaftServerConfigKeys (ConfUtils.java:logGet(43)) - raft.server.rpcslowness.timeout = 120s (custom)
2019-11-15 03:52:19,785 [pool-179-thread-1] INFO  server.RaftServerConfigKeys (ConfUtils.java:logGet(43)) - raft.server.log.corruption.policy = EXCEPTION (default)
2019-11-15 03:52:19,785 [pool-219-thread-1] INFO  server.RaftServerConfigKeys (ConfUtils.java:logGet(43)) - raft.server.sleep.deviation.threshold = 300 (default)
2019-11-15 03:52:19,785 [pool-219-thread-1] INFO  server.RaftServerConfigKeys (ConfUtils.java:logGet(43)) - raft.server.log.appender.install.snapshot.enabled = false (custom)
2019-11-15 03:52:19,785 [pool-209-thread-1] INFO  impl.RaftServerImpl (RaftServerImpl.java:<init>(98)) - 43077e3c-832c-4164-9ae4-420ca2301748: new RaftServerImpl for group-CEBB0E7FBCED:[43077e3c-832c-4164-9ae4-420ca2301748:192.168.157.206:45724, 32349214-85e6-49cf-bb69-05e83393fdf3:192.168.157.206:34957, 1f296aea-c4ef-4ad0-bd70-4536dedd0da2:192.168.157.206:43123] with ContainerStateMachine:uninitialized
2019-11-15 03:52:19,785 [pool-179-thread-1] INFO  storage.RaftStorageDirectory (RaftStorageDirectory.java:analyzeStorage(246)) - The storage directory /workdir/hadoop-ozone/integration-test/target/test-dir/MiniOzoneClusterImpl-7bc5bb7c-5c55-4645-ae41-72269081a146/datanode-3/data/ratis/4325347f-0163-4ab6-afe4-cebb0e7fbced does not exist. Creating ...
2019-11-15 03:52:19,785 [pool-209-thread-1] INFO  server.RaftServerConfigKeys (ConfUtils.java:logGet(43)) - raft.server.rpc.timeout.min = 1s (custom)
2019-11-15 03:52:19,785 [pool-219-thread-1] INFO  impl.RaftServerImpl (ServerState.java:<init>(103)) - 1f296aea-c4ef-4ad0-bd70-4536dedd0da2@group-CEBB0E7FBCED: ConfigurationManager, init=-1: [43077e3c-832c-4164-9ae4-420ca2301748:192.168.157.206:45724, 32349214-85e6-49cf-bb69-05e83393fdf3:192.168.157.206:34957, 1f296aea-c4ef-4ad0-bd70-4536dedd0da2:192.168.157.206:43123], old=null, confs=<EMPTY_MAP>
2019-11-15 03:52:19,786 [pool-209-thread-1] INFO  server.RaftServerConfigKeys (ConfUtils.java:logGet(43)) - raft.server.rpc.timeout.max = 1200ms (custom)
2019-11-15 03:52:19,786 [pool-219-thread-1] INFO  server.RaftServerConfigKeys (ConfUtils.java:logGet(43)) - raft.server.storage.dir = [/workdir/hadoop-ozone/integration-test/target/test-dir/MiniOzoneClusterImpl-7bc5bb7c-5c55-4645-ae41-72269081a146/datanode-7/data/ratis] (custom)
2019-11-15 03:52:19,786 [pool-209-thread-1] INFO  server.RaftServerConfigKeys (ConfUtils.java:logGet(43)) - raft.server.rpcslowness.timeout = 120s (custom)
2019-11-15 03:52:19,786 [pool-209-thread-1] INFO  server.RaftServerConfigKeys (ConfUtils.java:logGet(43)) - raft.server.sleep.deviation.threshold = 300 (default)
2019-11-15 03:52:19,786 [pool-219-thread-1] INFO  server.RaftServerConfigKeys (ConfUtils.java:logGet(43)) - raft.server.log.corruption.policy = EXCEPTION (default)
2019-11-15 03:52:19,786 [pool-209-thread-1] INFO  server.RaftServerConfigKeys (ConfUtils.java:logGet(43)) - raft.server.log.appender.install.snapshot.enabled = false (custom)
2019-11-15 03:52:19,786 [pool-219-thread-1] INFO  storage.RaftStorageDirectory (RaftStorageDirectory.java:analyzeStorage(246)) - The storage directory /workdir/hadoop-ozone/integration-test/target/test-dir/MiniOzoneClusterImpl-7bc5bb7c-5c55-4645-ae41-72269081a146/datanode-7/data/ratis/4325347f-0163-4ab6-afe4-cebb0e7fbced does not exist. Creating ...
2019-11-15 03:52:19,786 [pool-209-thread-1] INFO  impl.RaftServerImpl (ServerState.java:<init>(103)) - 43077e3c-832c-4164-9ae4-420ca2301748@group-CEBB0E7FBCED: ConfigurationManager, init=-1: [43077e3c-832c-4164-9ae4-420ca2301748:192.168.157.206:45724, 32349214-85e6-49cf-bb69-05e83393fdf3:192.168.157.206:34957, 1f296aea-c4ef-4ad0-bd70-4536dedd0da2:192.168.157.206:43123], old=null, confs=<EMPTY_MAP>
2019-11-15 03:52:19,786 [pool-209-thread-1] INFO  server.RaftServerConfigKeys (ConfUtils.java:logGet(43)) - raft.server.storage.dir = [/workdir/hadoop-ozone/integration-test/target/test-dir/MiniOzoneClusterImpl-7bc5bb7c-5c55-4645-ae41-72269081a146/datanode-6/data/ratis] (custom)
2019-11-15 03:52:19,787 [pool-209-thread-1] INFO  server.RaftServerConfigKeys (ConfUtils.java:logGet(43)) - raft.server.log.corruption.policy = EXCEPTION (default)
2019-11-15 03:52:19,787 [pool-209-thread-1] INFO  storage.RaftStorageDirectory (RaftStorageDirectory.java:analyzeStorage(246)) - The storage directory /workdir/hadoop-ozone/integration-test/target/test-dir/MiniOzoneClusterImpl-7bc5bb7c-5c55-4645-ae41-72269081a146/datanode-6/data/ratis/4325347f-0163-4ab6-afe4-cebb0e7fbced does not exist. Creating ...
2019-11-15 03:52:19,800 [pool-209-thread-1] INFO  storage.RaftStorageDirectory (RaftStorageDirectory.java:tryLock(328)) - Lock on /workdir/hadoop-ozone/integration-test/target/test-dir/MiniOzoneClusterImpl-7bc5bb7c-5c55-4645-ae41-72269081a146/datanode-6/data/ratis/4325347f-0163-4ab6-afe4-cebb0e7fbced/in_use.lock acquired by nodename 11002@pr-hdds-2493-n7h87-1962818265
2019-11-15 03:52:19,800 [pool-219-thread-1] INFO  storage.RaftStorageDirectory (RaftStorageDirectory.java:tryLock(328)) - Lock on /workdir/hadoop-ozone/integration-test/target/test-dir/MiniOzoneClusterImpl-7bc5bb7c-5c55-4645-ae41-72269081a146/datanode-7/data/ratis/4325347f-0163-4ab6-afe4-cebb0e7fbced/in_use.lock acquired by nodename 11002@pr-hdds-2493-n7h87-1962818265
2019-11-15 03:52:19,800 [pool-179-thread-1] INFO  storage.RaftStorageDirectory (RaftStorageDirectory.java:tryLock(328)) - Lock on /workdir/hadoop-ozone/integration-test/target/test-dir/MiniOzoneClusterImpl-7bc5bb7c-5c55-4645-ae41-72269081a146/datanode-3/data/ratis/4325347f-0163-4ab6-afe4-cebb0e7fbced/in_use.lock acquired by nodename 11002@pr-hdds-2493-n7h87-1962818265
2019-11-15 03:52:19,824 [pool-179-thread-1] INFO  storage.RaftStorage (RaftStorage.java:format(84)) - Storage directory /workdir/hadoop-ozone/integration-test/target/test-dir/MiniOzoneClusterImpl-7bc5bb7c-5c55-4645-ae41-72269081a146/datanode-3/data/ratis/4325347f-0163-4ab6-afe4-cebb0e7fbced has been successfully formatted.
2019-11-15 03:52:19,824 [pool-219-thread-1] INFO  storage.RaftStorage (RaftStorage.java:format(84)) - Storage directory /workdir/hadoop-ozone/integration-test/target/test-dir/MiniOzoneClusterImpl-7bc5bb7c-5c55-4645-ae41-72269081a146/datanode-7/data/ratis/4325347f-0163-4ab6-afe4-cebb0e7fbced has been successfully formatted.
2019-11-15 03:52:19,824 [pool-209-thread-1] INFO  storage.RaftStorage (RaftStorage.java:format(84)) - Storage directory /workdir/hadoop-ozone/integration-test/target/test-dir/MiniOzoneClusterImpl-7bc5bb7c-5c55-4645-ae41-72269081a146/datanode-6/data/ratis/4325347f-0163-4ab6-afe4-cebb0e7fbced has been successfully formatted.
2019-11-15 03:52:19,824 [pool-179-thread-1] INFO  ratis.ContainerStateMachine (ContainerStateMachine.java:loadSnapshot(223)) - group-CEBB0E7FBCED: The snapshot info is null. Setting the last applied indexto:(t:0, i:~)
2019-11-15 03:52:19,824 [pool-219-thread-1] INFO  ratis.ContainerStateMachine (ContainerStateMachine.java:loadSnapshot(223)) - group-CEBB0E7FBCED: The snapshot info is null. Setting the last applied indexto:(t:0, i:~)
2019-11-15 03:52:19,825 [pool-209-thread-1] INFO  ratis.ContainerStateMachine (ContainerStateMachine.java:loadSnapshot(223)) - group-CEBB0E7FBCED: The snapshot info is null. Setting the last applied indexto:(t:0, i:~)
2019-11-15 03:52:19,825 [pool-179-thread-1] INFO  server.RaftServerConfigKeys (ConfUtils.java:logGet(43)) - raft.server.notification.no-leader.timeout = 120s (custom)
2019-11-15 03:52:19,825 [pool-209-thread-1] INFO  server.RaftServerConfigKeys (ConfUtils.java:logGet(43)) - raft.server.notification.no-leader.timeout = 120s (custom)
2019-11-15 03:52:19,825 [pool-219-thread-1] INFO  server.RaftServerConfigKeys (ConfUtils.java:logGet(43)) - raft.server.notification.no-leader.timeout = 120s (custom)
2019-11-15 03:52:19,825 [pool-209-thread-1] INFO  server.RaftServerConfigKeys (ConfUtils.java:logGet(43)) - raft.server.log.use.memory = false (default)
2019-11-15 03:52:19,825 [pool-179-thread-1] INFO  server.RaftServerConfigKeys (ConfUtils.java:logGet(43)) - raft.server.log.use.memory = false (default)
2019-11-15 03:52:19,825 [pool-209-thread-1] INFO  server.RaftServerConfigKeys (ConfUtils.java:logGet(43)) - raft.server.log.purge.gap = 1000000 (custom)
2019-11-15 03:52:19,825 [pool-219-thread-1] INFO  server.RaftServerConfigKeys (ConfUtils.java:logGet(43)) - raft.server.log.use.memory = false (default)
2019-11-15 03:52:19,825 [pool-209-thread-1] INFO  server.RaftServerConfigKeys (ConfUtils.java:logGet(43)) - raft.server.log.appender.buffer.byte-limit = 33554432 (custom)
2019-11-15 03:52:19,825 [pool-179-thread-1] INFO  server.RaftServerConfigKeys (ConfUtils.java:logGet(43)) - raft.server.log.purge.gap = 1000000 (custom)
2019-11-15 03:52:19,826 [pool-209-thread-1] INFO  server.RaftServerConfigKeys (ConfUtils.java:logGet(43)) - raft.server.log.segment.size.max = 1048576 (custom)
2019-11-15 03:52:19,826 [pool-219-thread-1] INFO  server.RaftServerConfigKeys (ConfUtils.java:logGet(43)) - raft.server.log.purge.gap = 1000000 (custom)
2019-11-15 03:52:19,826 [pool-209-thread-1] INFO  server.RaftServerConfigKeys (ConfUtils.java:logGet(43)) - raft.server.log.segment.cache.num.max = 2 (custom)
2019-11-15 03:52:19,826 [pool-179-thread-1] INFO  server.RaftServerConfigKeys (ConfUtils.java:logGet(43)) - raft.server.log.appender.buffer.byte-limit = 33554432 (custom)
2019-11-15 03:52:19,826 [pool-209-thread-1] INFO  segmented.SegmentedRaftLogWorker (SegmentedRaftLogWorker.java:<init>(173)) - new 43077e3c-832c-4164-9ae4-420ca2301748@group-CEBB0E7FBCED-SegmentedRaftLogWorker for RaftStorage:Storage Directory /workdir/hadoop-ozone/integration-test/target/test-dir/MiniOzoneClusterImpl-7bc5bb7c-5c55-4645-ae41-72269081a146/datanode-6/data/ratis/4325347f-0163-4ab6-afe4-cebb0e7fbced
2019-11-15 03:52:19,826 [pool-219-thread-1] INFO  server.RaftServerConfigKeys (ConfUtils.java:logGet(43)) - raft.server.log.appender.buffer.byte-limit = 33554432 (custom)
2019-11-15 03:52:19,826 [pool-209-thread-1] INFO  server.RaftServerConfigKeys (ConfUtils.java:logGet(43)) - raft.server.log.queue.byte-limit = 2147483647 (custom)
2019-11-15 03:52:19,826 [pool-179-thread-1] INFO  server.RaftServerConfigKeys (ConfUtils.java:logGet(43)) - raft.server.log.segment.size.max = 1048576 (custom)
2019-11-15 03:52:19,826 [pool-209-thread-1] INFO  server.RaftServerConfigKeys (ConfUtils.java:logGet(43)) - raft.server.log.queue.element-limit = 1024 (custom)
2019-11-15 03:52:19,826 [pool-219-thread-1] INFO  server.RaftServerConfigKeys (ConfUtils.java:logGet(43)) - raft.server.log.segment.size.max = 1048576 (custom)
2019-11-15 03:52:19,827 [pool-209-thread-1] INFO  server.RaftServerConfigKeys (ConfUtils.java:logGet(43)) - raft.server.log.segment.size.max = 1048576 (custom)
2019-11-15 03:52:19,827 [pool-179-thread-1] INFO  server.RaftServerConfigKeys (ConfUtils.java:logGet(43)) - raft.server.log.segment.cache.num.max = 2 (custom)
2019-11-15 03:52:19,827 [pool-209-thread-1] INFO  server.RaftServerConfigKeys (ConfUtils.java:logGet(43)) - raft.server.log.preallocated.size = 16384 (custom)
2019-11-15 03:52:19,827 [pool-219-thread-1] INFO  server.RaftServerConfigKeys (ConfUtils.java:logGet(43)) - raft.server.log.segment.cache.num.max = 2 (custom)
2019-11-15 03:52:19,827 [pool-209-thread-1] INFO  server.RaftServerConfigKeys (ConfUtils.java:logGet(43)) - raft.server.log.write.buffer.size = 33554432 (custom)
2019-11-15 03:52:19,827 [pool-209-thread-1] INFO  server.RaftServerConfigKeys (ConfUtils.java:logGet(43)) - raft.server.log.force.sync.num = 128 (default)
2019-11-15 03:52:19,827 [pool-179-thread-1] INFO  segmented.SegmentedRaftLogWorker (SegmentedRaftLogWorker.java:<init>(173)) - new 32349214-85e6-49cf-bb69-05e83393fdf3@group-CEBB0E7FBCED-SegmentedRaftLogWorker for RaftStorage:Storage Directory /workdir/hadoop-ozone/integration-test/target/test-dir/MiniOzoneClusterImpl-7bc5bb7c-5c55-4645-ae41-72269081a146/datanode-3/data/ratis/4325347f-0163-4ab6-afe4-cebb0e7fbced
2019-11-15 03:52:19,827 [pool-209-thread-1] INFO  server.RaftServerConfigKeys (ConfUtils.java:logGet(43)) - raft.server.log.statemachine.data.sync = true (default)
2019-11-15 03:52:19,827 [pool-219-thread-1] INFO  segmented.SegmentedRaftLogWorker (SegmentedRaftLogWorker.java:<init>(173)) - new 1f296aea-c4ef-4ad0-bd70-4536dedd0da2@group-CEBB0E7FBCED-SegmentedRaftLogWorker for RaftStorage:Storage Directory /workdir/hadoop-ozone/integration-test/target/test-dir/MiniOzoneClusterImpl-7bc5bb7c-5c55-4645-ae41-72269081a146/datanode-7/data/ratis/4325347f-0163-4ab6-afe4-cebb0e7fbced
2019-11-15 03:52:19,828 [pool-209-thread-1] INFO  server.RaftServerConfigKeys (ConfUtils.java:logGet(43)) - raft.server.log.statemachine.data.sync.timeout = 10s (default)
2019-11-15 03:52:19,827 [pool-179-thread-1] INFO  server.RaftServerConfigKeys (ConfUtils.java:logGet(43)) - raft.server.log.queue.byte-limit = 2147483647 (custom)
2019-11-15 03:52:19,828 [pool-209-thread-1] INFO  server.RaftServerConfigKeys (ConfUtils.java:logGet(43)) - raft.server.log.statemachine.data.sync.timeout.retry = -1 (default)
2019-11-15 03:52:19,828 [pool-219-thread-1] INFO  server.RaftServerConfigKeys (ConfUtils.java:logGet(43)) - raft.server.log.queue.byte-limit = 2147483647 (custom)
2019-11-15 03:52:19,828 [pool-209-thread-1] INFO  server.RaftServerConfigKeys (ConfUtils.java:logGet(43)) - raft.server.log.statemachine.data.caching.enabled = true (custom)
2019-11-15 03:52:19,828 [pool-179-thread-1] INFO  server.RaftServerConfigKeys (ConfUtils.java:logGet(43)) - raft.server.log.queue.element-limit = 1024 (custom)
2019-11-15 03:52:19,828 [pool-219-thread-1] INFO  server.RaftServerConfigKeys (ConfUtils.java:logGet(43)) - raft.server.log.queue.element-limit = 1024 (custom)
2019-11-15 03:52:19,829 [pool-209-thread-1] INFO  segmented.SegmentedRaftLogWorker (SegmentedRaftLogWorker.java:lambda$new$0(128)) - 43077e3c-832c-4164-9ae4-420ca2301748@group-CEBB0E7FBCED-SegmentedRaftLogWorker: flushIndex: setUnconditionally 0 -> -1
2019-11-15 03:52:19,829 [pool-179-thread-1] INFO  server.RaftServerConfigKeys (ConfUtils.java:logGet(43)) - raft.server.log.segment.size.max = 1048576 (custom)
2019-11-15 03:52:19,829 [pool-219-thread-1] INFO  server.RaftServerConfigKeys (ConfUtils.java:logGet(43)) - raft.server.log.segment.size.max = 1048576 (custom)
2019-11-15 03:52:19,829 [pool-209-thread-1] INFO  server.RaftServerConfigKeys (ConfUtils.java:logGet(43)) - raft.server.snapshot.auto.trigger.enabled = true (custom)
2019-11-15 03:52:19,829 [pool-179-thread-1] INFO  server.RaftServerConfigKeys (ConfUtils.java:logGet(43)) - raft.server.log.preallocated.size = 16384 (custom)
2019-11-15 03:52:19,829 [pool-209-thread-1] INFO  server.RaftServerConfigKeys (ConfUtils.java:logGet(43)) - raft.server.snapshot.auto.trigger.threshold = 10000 (custom)
2019-11-15 03:52:19,829 [pool-219-thread-1] INFO  server.RaftServerConfigKeys (ConfUtils.java:logGet(43)) - raft.server.log.preallocated.size = 16384 (custom)
2019-11-15 03:52:19,829 [pool-209-thread-1] INFO  server.RaftServerConfigKeys (ConfUtils.java:logGet(43)) - raft.server.snapshot.retention.file.num = 5 (custom)
2019-11-15 03:52:19,829 [pool-179-thread-1] INFO  server.RaftServerConfigKeys (ConfUtils.java:logGet(43)) - raft.server.log.write.buffer.size = 33554432 (custom)
2019-11-15 03:52:19,830 [pool-209-thread-1] INFO  server.RaftServerConfigKeys (ConfUtils.java:logGet(43)) - raft.server.retrycache.expirytime = 600000ms (custom)
2019-11-15 03:52:19,830 [pool-219-thread-1] INFO  server.RaftServerConfigKeys (ConfUtils.java:logGet(43)) - raft.server.log.write.buffer.size = 33554432 (custom)
2019-11-15 03:52:19,830 [pool-209-thread-1] WARN  impl.MetricRegistriesImpl (MetricRegistriesImpl.java:lambda$create$1(61)) - First MetricRegistry has been created without registering reporters. You may need to call MetricRegistries.global().addReportRegistration(...) before.
2019-11-15 03:52:19,830 [pool-179-thread-1] INFO  server.RaftServerConfigKeys (ConfUtils.java:logGet(43)) - raft.server.log.force.sync.num = 128 (default)
2019-11-15 03:52:19,830 [pool-209-thread-1] WARN  impl.MetricRegistriesImpl (MetricRegistriesImpl.java:lambda$create$1(61)) - First MetricRegistry has been created without registering reporters. You may need to call MetricRegistries.global().addReportRegistration(...) before.
2019-11-15 03:52:19,830 [pool-219-thread-1] INFO  server.RaftServerConfigKeys (ConfUtils.java:logGet(43)) - raft.server.log.force.sync.num = 128 (default)
2019-11-15 03:52:19,831 [pool-209-thread-1] INFO  impl.RaftServerImpl (RaftServerImpl.java:start(184)) - 43077e3c-832c-4164-9ae4-420ca2301748@group-CEBB0E7FBCED: start as a follower, conf=-1: [43077e3c-832c-4164-9ae4-420ca2301748:192.168.157.206:45724, 32349214-85e6-49cf-bb69-05e83393fdf3:192.168.157.206:34957, 1f296aea-c4ef-4ad0-bd70-4536dedd0da2:192.168.157.206:43123], old=null
2019-11-15 03:52:19,830 [pool-179-thread-1] INFO  server.RaftServerConfigKeys (ConfUtils.java:logGet(43)) - raft.server.log.statemachine.data.sync = true (default)
2019-11-15 03:52:19,831 [pool-209-thread-1] INFO  impl.RaftServerImpl (RaftServerImpl.java:setRole(173)) - 43077e3c-832c-4164-9ae4-420ca2301748@group-CEBB0E7FBCED: changes role from      null to FOLLOWER at term 0 for startAsFollower
2019-11-15 03:52:19,831 [pool-219-thread-1] INFO  server.RaftServerConfigKeys (ConfUtils.java:logGet(43)) - raft.server.log.statemachine.data.sync = true (default)
2019-11-15 03:52:19,831 [pool-209-thread-1] INFO  impl.RoleInfo (RoleInfo.java:updateAndGet(143)) - 43077e3c-832c-4164-9ae4-420ca2301748: start FollowerState
2019-11-15 03:52:19,831 [pool-179-thread-1] INFO  server.RaftServerConfigKeys (ConfUtils.java:logGet(43)) - raft.server.log.statemachine.data.sync.timeout = 10s (default)
2019-11-15 03:52:19,831 [pool-219-thread-1] INFO  server.RaftServerConfigKeys (ConfUtils.java:logGet(43)) - raft.server.log.statemachine.data.sync.timeout = 10s (default)
2019-11-15 03:52:19,831 [pool-179-thread-1] INFO  server.RaftServerConfigKeys (ConfUtils.java:logGet(43)) - raft.server.log.statemachine.data.sync.timeout.retry = -1 (default)
2019-11-15 03:52:19,831 [pool-219-thread-1] INFO  server.RaftServerConfigKeys (ConfUtils.java:logGet(43)) - raft.server.log.statemachine.data.sync.timeout.retry = -1 (default)
2019-11-15 03:52:19,832 [pool-209-thread-1] INFO  util.JmxRegister (JmxRegister.java:tryRegister(44)) - Successfully registered JMX Bean with object name Ratis:service=RaftServer,group=group-CEBB0E7FBCED,id=43077e3c-832c-4164-9ae4-420ca2301748
2019-11-15 03:52:19,831 [pool-179-thread-1] INFO  server.RaftServerConfigKeys (ConfUtils.java:logGet(43)) - raft.server.log.statemachine.data.caching.enabled = true (custom)
2019-11-15 03:52:19,832 [pool-209-thread-1] WARN  impl.MetricRegistriesImpl (MetricRegistriesImpl.java:lambda$create$1(61)) - First MetricRegistry has been created without registering reporters. You may need to call MetricRegistries.global().addReportRegistration(...) before.
2019-11-15 03:52:19,832 [pool-219-thread-1] INFO  server.RaftServerConfigKeys (ConfUtils.java:logGet(43)) - raft.server.log.statemachine.data.caching.enabled = true (custom)
2019-11-15 03:52:19,832 [pool-179-thread-1] INFO  segmented.SegmentedRaftLogWorker (SegmentedRaftLogWorker.java:lambda$new$0(128)) - 32349214-85e6-49cf-bb69-05e83393fdf3@group-CEBB0E7FBCED-SegmentedRaftLogWorker: flushIndex: setUnconditionally 0 -> -1
2019-11-15 03:52:19,832 [pool-219-thread-1] INFO  segmented.SegmentedRaftLogWorker (SegmentedRaftLogWorker.java:lambda$new$0(128)) - 1f296aea-c4ef-4ad0-bd70-4536dedd0da2@group-CEBB0E7FBCED-SegmentedRaftLogWorker: flushIndex: setUnconditionally 0 -> -1
2019-11-15 03:52:19,832 [pool-179-thread-1] INFO  server.RaftServerConfigKeys (ConfUtils.java:logGet(43)) - raft.server.snapshot.auto.trigger.enabled = true (custom)
2019-11-15 03:52:19,833 [pool-179-thread-1] INFO  server.RaftServerConfigKeys (ConfUtils.java:logGet(43)) - raft.server.snapshot.auto.trigger.threshold = 10000 (custom)
2019-11-15 03:52:19,833 [pool-219-thread-1] INFO  server.RaftServerConfigKeys (ConfUtils.java:logGet(43)) - raft.server.snapshot.auto.trigger.enabled = true (custom)
2019-11-15 03:52:19,833 [pool-179-thread-1] INFO  server.RaftServerConfigKeys (ConfUtils.java:logGet(43)) - raft.server.snapshot.retention.file.num = 5 (custom)
2019-11-15 03:52:19,833 [pool-219-thread-1] INFO  server.RaftServerConfigKeys (ConfUtils.java:logGet(43)) - raft.server.snapshot.auto.trigger.threshold = 10000 (custom)
2019-11-15 03:52:19,833 [pool-179-thread-1] INFO  server.RaftServerConfigKeys (ConfUtils.java:logGet(43)) - raft.server.retrycache.expirytime = 600000ms (custom)
2019-11-15 03:52:19,833 [pool-219-thread-1] INFO  server.RaftServerConfigKeys (ConfUtils.java:logGet(43)) - raft.server.snapshot.retention.file.num = 5 (custom)
2019-11-15 03:52:19,833 [pool-179-thread-1] WARN  impl.MetricRegistriesImpl (MetricRegistriesImpl.java:lambda$create$1(61)) - First MetricRegistry has been created without registering reporters. You may need to call MetricRegistries.global().addReportRegistration(...) before.
2019-11-15 03:52:19,833 [pool-219-thread-1] INFO  server.RaftServerConfigKeys (ConfUtils.java:logGet(43)) - raft.server.retrycache.expirytime = 600000ms (custom)
2019-11-15 03:52:19,833 [pool-179-thread-1] WARN  impl.MetricRegistriesImpl (MetricRegistriesImpl.java:lambda$create$1(61)) - First MetricRegistry has been created without registering reporters. You may need to call MetricRegistries.global().addReportRegistration(...) before.
2019-11-15 03:52:19,833 [pool-219-thread-1] WARN  impl.MetricRegistriesImpl (MetricRegistriesImpl.java:lambda$create$1(61)) - First MetricRegistry has been created without registering reporters. You may need to call MetricRegistries.global().addReportRegistration(...) before.
2019-11-15 03:52:19,833 [pool-179-thread-1] INFO  impl.RaftServerImpl (RaftServerImpl.java:start(184)) - 32349214-85e6-49cf-bb69-05e83393fdf3@group-CEBB0E7FBCED: start as a follower, conf=-1: [43077e3c-832c-4164-9ae4-420ca2301748:192.168.157.206:45724, 32349214-85e6-49cf-bb69-05e83393fdf3:192.168.157.206:34957, 1f296aea-c4ef-4ad0-bd70-4536dedd0da2:192.168.157.206:43123], old=null
2019-11-15 03:52:19,834 [pool-219-thread-1] WARN  impl.MetricRegistriesImpl (MetricRegistriesImpl.java:lambda$create$1(61)) - First MetricRegistry has been created without registering reporters. You may need to call MetricRegistries.global().addReportRegistration(...) before.
2019-11-15 03:52:19,834 [pool-179-thread-1] INFO  impl.RaftServerImpl (RaftServerImpl.java:setRole(173)) - 32349214-85e6-49cf-bb69-05e83393fdf3@group-CEBB0E7FBCED: changes role from      null to FOLLOWER at term 0 for startAsFollower
2019-11-15 03:52:19,834 [pool-219-thread-1] INFO  impl.RaftServerImpl (RaftServerImpl.java:start(184)) - 1f296aea-c4ef-4ad0-bd70-4536dedd0da2@group-CEBB0E7FBCED: start as a follower, conf=-1: [43077e3c-832c-4164-9ae4-420ca2301748:192.168.157.206:45724, 32349214-85e6-49cf-bb69-05e83393fdf3:192.168.157.206:34957, 1f296aea-c4ef-4ad0-bd70-4536dedd0da2:192.168.157.206:43123], old=null
2019-11-15 03:52:19,834 [pool-179-thread-1] INFO  impl.RoleInfo (RoleInfo.java:updateAndGet(143)) - 32349214-85e6-49cf-bb69-05e83393fdf3: start FollowerState
2019-11-15 03:52:19,835 [pool-219-thread-1] INFO  impl.RaftServerImpl (RaftServerImpl.java:setRole(173)) - 1f296aea-c4ef-4ad0-bd70-4536dedd0da2@group-CEBB0E7FBCED: changes role from      null to FOLLOWER at term 0 for startAsFollower
2019-11-15 03:52:19,835 [pool-219-thread-1] INFO  impl.RoleInfo (RoleInfo.java:updateAndGet(143)) - 1f296aea-c4ef-4ad0-bd70-4536dedd0da2: start FollowerState
2019-11-15 03:52:19,835 [pool-179-thread-1] INFO  util.JmxRegister (JmxRegister.java:tryRegister(44)) - Successfully registered JMX Bean with object name Ratis:service=RaftServer,group=group-CEBB0E7FBCED,id=32349214-85e6-49cf-bb69-05e83393fdf3
2019-11-15 03:52:19,835 [pool-179-thread-1] WARN  impl.MetricRegistriesImpl (MetricRegistriesImpl.java:lambda$create$1(61)) - First MetricRegistry has been created without registering reporters. You may need to call MetricRegistries.global().addReportRegistration(...) before.
2019-11-15 03:52:19,835 [pool-219-thread-1] INFO  util.JmxRegister (JmxRegister.java:tryRegister(44)) - Successfully registered JMX Bean with object name Ratis:service=RaftServer,group=group-CEBB0E7FBCED,id=1f296aea-c4ef-4ad0-bd70-4536dedd0da2
2019-11-15 03:52:19,835 [pool-219-thread-1] WARN  impl.MetricRegistriesImpl (MetricRegistriesImpl.java:lambda$create$1(61)) - First MetricRegistry has been created without registering reporters. You may need to call MetricRegistries.global().addReportRegistration(...) before.
2019-11-15 03:52:19,838 [RatisPipelineUtilsThread] INFO  pipeline.PipelineStateManager (PipelineStateManager.java:addPipeline(55)) - Created pipeline Pipeline[ Id: 4325347f-0163-4ab6-afe4-cebb0e7fbced, Nodes: 43077e3c-832c-4164-9ae4-420ca2301748{ip: 192.168.157.206, host: pr-hdds-2493-n7h87-1962818265, networkLocation: /rack1, certSerialId: null}1f296aea-c4ef-4ad0-bd70-4536dedd0da2{ip: 192.168.157.206, host: pr-hdds-2493-n7h87-1962818265, networkLocation: /rack1, certSerialId: null}32349214-85e6-49cf-bb69-05e83393fdf3{ip: 192.168.157.206, host: pr-hdds-2493-n7h87-1962818265, networkLocation: /rack1, certSerialId: null}, Type:RATIS, Factor:THREE, State:ALLOCATED]
2019-11-15 03:52:19,848 [grpc-default-executor-9] INFO  impl.RaftServerProxy (RaftServerProxy.java:addNew(89)) - 8c6299e1-e84a-4bf3-8558-225b6553f707: addNew group-741A5FE2F3F8:[8c6299e1-e84a-4bf3-8558-225b6553f707:192.168.157.206:40623, 3b6a93a1-3acb-43ad-9bac-2b83b325636a:192.168.157.206:37982, fae849f2-b585-4c8d-a748-375fffce3265:192.168.157.206:39095] returns group-741A5FE2F3F8:java.util.concurrent.CompletableFuture@76382071[Not completed]
2019-11-15 03:52:19,848 [grpc-default-executor-5] INFO  impl.RaftServerProxy (RaftServerProxy.java:addNew(89)) - 3b6a93a1-3acb-43ad-9bac-2b83b325636a: addNew group-741A5FE2F3F8:[8c6299e1-e84a-4bf3-8558-225b6553f707:192.168.157.206:40623, 3b6a93a1-3acb-43ad-9bac-2b83b325636a:192.168.157.206:37982, fae849f2-b585-4c8d-a748-375fffce3265:192.168.157.206:39095] returns group-741A5FE2F3F8:java.util.concurrent.CompletableFuture@4bb2ae2f[Not completed]
2019-11-15 03:52:19,848 [grpc-default-executor-0] INFO  impl.RaftServerProxy (RaftServerProxy.java:addNew(89)) - fae849f2-b585-4c8d-a748-375fffce3265: addNew group-741A5FE2F3F8:[8c6299e1-e84a-4bf3-8558-225b6553f707:192.168.157.206:40623, 3b6a93a1-3acb-43ad-9bac-2b83b325636a:192.168.157.206:37982, fae849f2-b585-4c8d-a748-375fffce3265:192.168.157.206:39095] returns group-741A5FE2F3F8:java.util.concurrent.CompletableFuture@16cb119f[Not completed]
2019-11-15 03:52:19,850 [pool-189-thread-1] INFO  impl.RaftServerImpl (RaftServerImpl.java:<init>(98)) - fae849f2-b585-4c8d-a748-375fffce3265: new RaftServerImpl for group-741A5FE2F3F8:[8c6299e1-e84a-4bf3-8558-225b6553f707:192.168.157.206:40623, 3b6a93a1-3acb-43ad-9bac-2b83b325636a:192.168.157.206:37982, fae849f2-b585-4c8d-a748-375fffce3265:192.168.157.206:39095] with ContainerStateMachine:uninitialized
2019-11-15 03:52:19,850 [pool-189-thread-1] INFO  server.RaftServerConfigKeys (ConfUtils.java:logGet(43)) - raft.server.rpc.timeout.min = 1s (custom)
2019-11-15 03:52:19,850 [pool-189-thread-1] INFO  server.RaftServerConfigKeys (ConfUtils.java:logGet(43)) - raft.server.rpc.timeout.max = 1200ms (custom)
2019-11-15 03:52:19,850 [pool-189-thread-1] INFO  server.RaftServerConfigKeys (ConfUtils.java:logGet(43)) - raft.server.rpcslowness.timeout = 120s (custom)
2019-11-15 03:52:19,850 [pool-189-thread-1] INFO  server.RaftServerConfigKeys (ConfUtils.java:logGet(43)) - raft.server.sleep.deviation.threshold = 300 (default)
2019-11-15 03:52:19,850 [pool-189-thread-1] INFO  server.RaftServerConfigKeys (ConfUtils.java:logGet(43)) - raft.server.log.appender.install.snapshot.enabled = false (custom)
2019-11-15 03:52:19,850 [pool-189-thread-1] INFO  impl.RaftServerImpl (ServerState.java:<init>(103)) - fae849f2-b585-4c8d-a748-375fffce3265@group-741A5FE2F3F8: ConfigurationManager, init=-1: [8c6299e1-e84a-4bf3-8558-225b6553f707:192.168.157.206:40623, 3b6a93a1-3acb-43ad-9bac-2b83b325636a:192.168.157.206:37982, fae849f2-b585-4c8d-a748-375fffce3265:192.168.157.206:39095], old=null, confs=<EMPTY_MAP>
2019-11-15 03:52:19,850 [pool-189-thread-1] INFO  server.RaftServerConfigKeys (ConfUtils.java:logGet(43)) - raft.server.storage.dir = [/workdir/hadoop-ozone/integration-test/target/test-dir/MiniOzoneClusterImpl-7bc5bb7c-5c55-4645-ae41-72269081a146/datanode-4/data/ratis] (custom)
2019-11-15 03:52:19,850 [pool-239-thread-1] INFO  impl.RaftServerImpl (RaftServerImpl.java:<init>(98)) - 8c6299e1-e84a-4bf3-8558-225b6553f707: new RaftServerImpl for group-741A5FE2F3F8:[8c6299e1-e84a-4bf3-8558-225b6553f707:192.168.157.206:40623, 3b6a93a1-3acb-43ad-9bac-2b83b325636a:192.168.157.206:37982, fae849f2-b585-4c8d-a748-375fffce3265:192.168.157.206:39095] with ContainerStateMachine:uninitialized
2019-11-15 03:52:19,850 [pool-189-thread-1] INFO  server.RaftServerConfigKeys (ConfUtils.java:logGet(43)) - raft.server.log.corruption.policy = EXCEPTION (default)
2019-11-15 03:52:19,850 [pool-239-thread-1] INFO  server.RaftServerConfigKeys (ConfUtils.java:logGet(43)) - raft.server.rpc.timeout.min = 1s (custom)
2019-11-15 03:52:19,851 [pool-189-thread-1] INFO  storage.RaftStorageDirectory (RaftStorageDirectory.java:analyzeStorage(246)) - The storage directory /workdir/hadoop-ozone/integration-test/target/test-dir/MiniOzoneClusterImpl-7bc5bb7c-5c55-4645-ae41-72269081a146/datanode-4/data/ratis/96f35321-d953-4612-94c4-741a5fe2f3f8 does not exist. Creating ...
2019-11-15 03:52:19,851 [pool-239-thread-1] INFO  server.RaftServerConfigKeys (ConfUtils.java:logGet(43)) - raft.server.rpc.timeout.max = 1200ms (custom)
2019-11-15 03:52:19,851 [pool-199-thread-1] INFO  impl.RaftServerImpl (RaftServerImpl.java:<init>(98)) - 3b6a93a1-3acb-43ad-9bac-2b83b325636a: new RaftServerImpl for group-741A5FE2F3F8:[8c6299e1-e84a-4bf3-8558-225b6553f707:192.168.157.206:40623, 3b6a93a1-3acb-43ad-9bac-2b83b325636a:192.168.157.206:37982, fae849f2-b585-4c8d-a748-375fffce3265:192.168.157.206:39095] with ContainerStateMachine:uninitialized
2019-11-15 03:52:19,851 [pool-239-thread-1] INFO  server.RaftServerConfigKeys (ConfUtils.java:logGet(43)) - raft.server.rpcslowness.timeout = 120s (custom)
2019-11-15 03:52:19,851 [pool-199-thread-1] INFO  server.RaftServerConfigKeys (ConfUtils.java:logGet(43)) - raft.server.rpc.timeout.min = 1s (custom)
2019-11-15 03:52:19,851 [pool-239-thread-1] INFO  server.RaftServerConfigKeys (ConfUtils.java:logGet(43)) - raft.server.sleep.deviation.threshold = 300 (default)
2019-11-15 03:52:19,851 [pool-199-thread-1] INFO  server.RaftServerConfigKeys (ConfUtils.java:logGet(43)) - raft.server.rpc.timeout.max = 1200ms (custom)
2019-11-15 03:52:19,851 [pool-239-thread-1] INFO  server.RaftServerConfigKeys (ConfUtils.java:logGet(43)) - raft.server.log.appender.install.snapshot.enabled = false (custom)
2019-11-15 03:52:19,851 [pool-199-thread-1] INFO  server.RaftServerConfigKeys (ConfUtils.java:logGet(43)) - raft.server.rpcslowness.timeout = 120s (custom)
2019-11-15 03:52:19,852 [pool-239-thread-1] INFO  impl.RaftServerImpl (ServerState.java:<init>(103)) - 8c6299e1-e84a-4bf3-8558-225b6553f707@group-741A5FE2F3F8: ConfigurationManager, init=-1: [8c6299e1-e84a-4bf3-8558-225b6553f707:192.168.157.206:40623, 3b6a93a1-3acb-43ad-9bac-2b83b325636a:192.168.157.206:37982, fae849f2-b585-4c8d-a748-375fffce3265:192.168.157.206:39095], old=null, confs=<EMPTY_MAP>
2019-11-15 03:52:19,852 [pool-199-thread-1] INFO  server.RaftServerConfigKeys (ConfUtils.java:logGet(43)) - raft.server.sleep.deviation.threshold = 300 (default)
2019-11-15 03:52:19,852 [pool-239-thread-1] INFO  server.RaftServerConfigKeys (ConfUtils.java:logGet(43)) - raft.server.storage.dir = [/workdir/hadoop-ozone/integration-test/target/test-dir/MiniOzoneClusterImpl-7bc5bb7c-5c55-4645-ae41-72269081a146/datanode-9/data/ratis] (custom)
2019-11-15 03:52:19,852 [pool-199-thread-1] INFO  server.RaftServerConfigKeys (ConfUtils.java:logGet(43)) - raft.server.log.appender.install.snapshot.enabled = false (custom)
2019-11-15 03:52:19,852 [pool-199-thread-1] INFO  impl.RaftServerImpl (ServerState.java:<init>(103)) - 3b6a93a1-3acb-43ad-9bac-2b83b325636a@group-741A5FE2F3F8: ConfigurationManager, init=-1: [8c6299e1-e84a-4bf3-8558-225b6553f707:192.168.157.206:40623, 3b6a93a1-3acb-43ad-9bac-2b83b325636a:192.168.157.206:37982, fae849f2-b585-4c8d-a748-375fffce3265:192.168.157.206:39095], old=null, confs=<EMPTY_MAP>
2019-11-15 03:52:19,852 [pool-239-thread-1] INFO  server.RaftServerConfigKeys (ConfUtils.java:logGet(43)) - raft.server.log.corruption.policy = EXCEPTION (default)
2019-11-15 03:52:19,852 [pool-199-thread-1] INFO  server.RaftServerConfigKeys (ConfUtils.java:logGet(43)) - raft.server.storage.dir = [/workdir/hadoop-ozone/integration-test/target/test-dir/MiniOzoneClusterImpl-7bc5bb7c-5c55-4645-ae41-72269081a146/datanode-5/data/ratis] (custom)
2019-11-15 03:52:19,852 [pool-239-thread-1] INFO  storage.RaftStorageDirectory (RaftStorageDirectory.java:analyzeStorage(246)) - The storage directory /workdir/hadoop-ozone/integration-test/target/test-dir/MiniOzoneClusterImpl-7bc5bb7c-5c55-4645-ae41-72269081a146/datanode-9/data/ratis/96f35321-d953-4612-94c4-741a5fe2f3f8 does not exist. Creating ...
2019-11-15 03:52:19,852 [pool-199-thread-1] INFO  server.RaftServerConfigKeys (ConfUtils.java:logGet(43)) - raft.server.log.corruption.policy = EXCEPTION (default)
2019-11-15 03:52:19,853 [pool-199-thread-1] INFO  storage.RaftStorageDirectory (RaftStorageDirectory.java:analyzeStorage(246)) - The storage directory /workdir/hadoop-ozone/integration-test/target/test-dir/MiniOzoneClusterImpl-7bc5bb7c-5c55-4645-ae41-72269081a146/datanode-5/data/ratis/96f35321-d953-4612-94c4-741a5fe2f3f8 does not exist. Creating ...
2019-11-15 03:52:19,874 [pool-189-thread-1] INFO  storage.RaftStorageDirectory (RaftStorageDirectory.java:tryLock(328)) - Lock on /workdir/hadoop-ozone/integration-test/target/test-dir/MiniOzoneClusterImpl-7bc5bb7c-5c55-4645-ae41-72269081a146/datanode-4/data/ratis/96f35321-d953-4612-94c4-741a5fe2f3f8/in_use.lock acquired by nodename 11002@pr-hdds-2493-n7h87-1962818265
2019-11-15 03:52:19,874 [pool-239-thread-1] INFO  storage.RaftStorageDirectory (RaftStorageDirectory.java:tryLock(328)) - Lock on /workdir/hadoop-ozone/integration-test/target/test-dir/MiniOzoneClusterImpl-7bc5bb7c-5c55-4645-ae41-72269081a146/datanode-9/data/ratis/96f35321-d953-4612-94c4-741a5fe2f3f8/in_use.lock acquired by nodename 11002@pr-hdds-2493-n7h87-1962818265
2019-11-15 03:52:19,874 [pool-199-thread-1] INFO  storage.RaftStorageDirectory (RaftStorageDirectory.java:tryLock(328)) - Lock on /workdir/hadoop-ozone/integration-test/target/test-dir/MiniOzoneClusterImpl-7bc5bb7c-5c55-4645-ae41-72269081a146/datanode-5/data/ratis/96f35321-d953-4612-94c4-741a5fe2f3f8/in_use.lock acquired by nodename 11002@pr-hdds-2493-n7h87-1962818265
2019-11-15 03:52:19,898 [pool-239-thread-1] INFO  storage.RaftStorage (RaftStorage.java:format(84)) - Storage directory /workdir/hadoop-ozone/integration-test/target/test-dir/MiniOzoneClusterImpl-7bc5bb7c-5c55-4645-ae41-72269081a146/datanode-9/data/ratis/96f35321-d953-4612-94c4-741a5fe2f3f8 has been successfully formatted.
2019-11-15 03:52:19,898 [pool-199-thread-1] INFO  storage.RaftStorage (RaftStorage.java:format(84)) - Storage directory /workdir/hadoop-ozone/integration-test/target/test-dir/MiniOzoneClusterImpl-7bc5bb7c-5c55-4645-ae41-72269081a146/datanode-5/data/ratis/96f35321-d953-4612-94c4-741a5fe2f3f8 has been successfully formatted.
2019-11-15 03:52:19,898 [pool-189-thread-1] INFO  storage.RaftStorage (RaftStorage.java:format(84)) - Storage directory /workdir/hadoop-ozone/integration-test/target/test-dir/MiniOzoneClusterImpl-7bc5bb7c-5c55-4645-ae41-72269081a146/datanode-4/data/ratis/96f35321-d953-4612-94c4-741a5fe2f3f8 has been successfully formatted.
2019-11-15 03:52:19,898 [pool-239-thread-1] INFO  ratis.ContainerStateMachine (ContainerStateMachine.java:loadSnapshot(223)) - group-741A5FE2F3F8: The snapshot info is null. Setting the last applied indexto:(t:0, i:~)
2019-11-15 03:52:19,898 [pool-199-thread-1] INFO  ratis.ContainerStateMachine (ContainerStateMachine.java:loadSnapshot(223)) - group-741A5FE2F3F8: The snapshot info is null. Setting the last applied indexto:(t:0, i:~)
2019-11-15 03:52:19,898 [pool-239-thread-1] INFO  server.RaftServerConfigKeys (ConfUtils.java:logGet(43)) - raft.server.notification.no-leader.timeout = 120s (custom)
2019-11-15 03:52:19,898 [pool-189-thread-1] INFO  ratis.ContainerStateMachine (ContainerStateMachine.java:loadSnapshot(223)) - group-741A5FE2F3F8: The snapshot info is null. Setting the last applied indexto:(t:0, i:~)
2019-11-15 03:52:19,898 [pool-239-thread-1] INFO  server.RaftServerConfigKeys (ConfUtils.java:logGet(43)) - raft.server.log.use.memory = false (default)
2019-11-15 03:52:19,898 [pool-199-thread-1] INFO  server.RaftServerConfigKeys (ConfUtils.java:logGet(43)) - raft.server.notification.no-leader.timeout = 120s (custom)
2019-11-15 03:52:19,898 [pool-239-thread-1] INFO  server.RaftServerConfigKeys (ConfUtils.java:logGet(43)) - raft.server.log.purge.gap = 1000000 (custom)
2019-11-15 03:52:19,898 [pool-189-thread-1] INFO  server.RaftServerConfigKeys (ConfUtils.java:logGet(43)) - raft.server.notification.no-leader.timeout = 120s (custom)
2019-11-15 03:52:19,898 [pool-239-thread-1] INFO  server.RaftServerConfigKeys (ConfUtils.java:logGet(43)) - raft.server.log.appender.buffer.byte-limit = 33554432 (custom)
2019-11-15 03:52:19,898 [pool-199-thread-1] INFO  server.RaftServerConfigKeys (ConfUtils.java:logGet(43)) - raft.server.log.use.memory = false (default)
2019-11-15 03:52:19,899 [pool-239-thread-1] INFO  server.RaftServerConfigKeys (ConfUtils.java:logGet(43)) - raft.server.log.segment.size.max = 1048576 (custom)
2019-11-15 03:52:19,899 [pool-189-thread-1] INFO  server.RaftServerConfigKeys (ConfUtils.java:logGet(43)) - raft.server.log.use.memory = false (default)
2019-11-15 03:52:19,899 [pool-239-thread-1] INFO  server.RaftServerConfigKeys (ConfUtils.java:logGet(43)) - raft.server.log.segment.cache.num.max = 2 (custom)
2019-11-15 03:52:19,899 [pool-199-thread-1] INFO  server.RaftServerConfigKeys (ConfUtils.java:logGet(43)) - raft.server.log.purge.gap = 1000000 (custom)
2019-11-15 03:52:19,899 [pool-239-thread-1] INFO  segmented.SegmentedRaftLogWorker (SegmentedRaftLogWorker.java:<init>(173)) - new 8c6299e1-e84a-4bf3-8558-225b6553f707@group-741A5FE2F3F8-SegmentedRaftLogWorker for RaftStorage:Storage Directory /workdir/hadoop-ozone/integration-test/target/test-dir/MiniOzoneClusterImpl-7bc5bb7c-5c55-4645-ae41-72269081a146/datanode-9/data/ratis/96f35321-d953-4612-94c4-741a5fe2f3f8
2019-11-15 03:52:19,899 [pool-189-thread-1] INFO  server.RaftServerConfigKeys (ConfUtils.java:logGet(43)) - raft.server.log.purge.gap = 1000000 (custom)
2019-11-15 03:52:19,899 [pool-239-thread-1] INFO  server.RaftServerConfigKeys (ConfUtils.java:logGet(43)) - raft.server.log.queue.byte-limit = 2147483647 (custom)
2019-11-15 03:52:19,899 [pool-199-thread-1] INFO  server.RaftServerConfigKeys (ConfUtils.java:logGet(43)) - raft.server.log.appender.buffer.byte-limit = 33554432 (custom)
2019-11-15 03:52:19,899 [pool-239-thread-1] INFO  server.RaftServerConfigKeys (ConfUtils.java:logGet(43)) - raft.server.log.queue.element-limit = 1024 (custom)
2019-11-15 03:52:19,899 [pool-189-thread-1] INFO  server.RaftServerConfigKeys (ConfUtils.java:logGet(43)) - raft.server.log.appender.buffer.byte-limit = 33554432 (custom)
2019-11-15 03:52:19,899 [pool-239-thread-1] INFO  server.RaftServerConfigKeys (ConfUtils.java:logGet(43)) - raft.server.log.segment.size.max = 1048576 (custom)
2019-11-15 03:52:19,899 [pool-199-thread-1] INFO  server.RaftServerConfigKeys (ConfUtils.java:logGet(43)) - raft.server.log.segment.size.max = 1048576 (custom)
2019-11-15 03:52:19,900 [pool-239-thread-1] INFO  server.RaftServerConfigKeys (ConfUtils.java:logGet(43)) - raft.server.log.preallocated.size = 16384 (custom)
2019-11-15 03:52:19,900 [pool-189-thread-1] INFO  server.RaftServerConfigKeys (ConfUtils.java:logGet(43)) - raft.server.log.segment.size.max = 1048576 (custom)
2019-11-15 03:52:19,900 [pool-239-thread-1] INFO  server.RaftServerConfigKeys (ConfUtils.java:logGet(43)) - raft.server.log.write.buffer.size = 33554432 (custom)
2019-11-15 03:52:19,900 [pool-199-thread-1] INFO  server.RaftServerConfigKeys (ConfUtils.java:logGet(43)) - raft.server.log.segment.cache.num.max = 2 (custom)
2019-11-15 03:52:19,900 [pool-239-thread-1] INFO  server.RaftServerConfigKeys (ConfUtils.java:logGet(43)) - raft.server.log.force.sync.num = 128 (default)
2019-11-15 03:52:19,900 [pool-189-thread-1] INFO  server.RaftServerConfigKeys (ConfUtils.java:logGet(43)) - raft.server.log.segment.cache.num.max = 2 (custom)
2019-11-15 03:52:19,900 [pool-239-thread-1] INFO  server.RaftServerConfigKeys (ConfUtils.java:logGet(43)) - raft.server.log.statemachine.data.sync = true (default)
2019-11-15 03:52:19,900 [pool-199-thread-1] INFO  segmented.SegmentedRaftLogWorker (SegmentedRaftLogWorker.java:<init>(173)) - new 3b6a93a1-3acb-43ad-9bac-2b83b325636a@group-741A5FE2F3F8-SegmentedRaftLogWorker for RaftStorage:Storage Directory /workdir/hadoop-ozone/integration-test/target/test-dir/MiniOzoneClusterImpl-7bc5bb7c-5c55-4645-ae41-72269081a146/datanode-5/data/ratis/96f35321-d953-4612-94c4-741a5fe2f3f8
2019-11-15 03:52:19,900 [pool-239-thread-1] INFO  server.RaftServerConfigKeys (ConfUtils.java:logGet(43)) - raft.server.log.statemachine.data.sync.timeout = 10s (default)
2019-11-15 03:52:19,900 [pool-189-thread-1] INFO  segmented.SegmentedRaftLogWorker (SegmentedRaftLogWorker.java:<init>(173)) - new fae849f2-b585-4c8d-a748-375fffce3265@group-741A5FE2F3F8-SegmentedRaftLogWorker for RaftStorage:Storage Directory /workdir/hadoop-ozone/integration-test/target/test-dir/MiniOzoneClusterImpl-7bc5bb7c-5c55-4645-ae41-72269081a146/datanode-4/data/ratis/96f35321-d953-4612-94c4-741a5fe2f3f8
2019-11-15 03:52:19,900 [pool-239-thread-1] INFO  server.RaftServerConfigKeys (ConfUtils.java:logGet(43)) - raft.server.log.statemachine.data.sync.timeout.retry = -1 (default)
2019-11-15 03:52:19,900 [pool-199-thread-1] INFO  server.RaftServerConfigKeys (ConfUtils.java:logGet(43)) - raft.server.log.queue.byte-limit = 2147483647 (custom)
2019-11-15 03:52:19,901 [pool-239-thread-1] INFO  server.RaftServerConfigKeys (ConfUtils.java:logGet(43)) - raft.server.log.statemachine.data.caching.enabled = true (custom)
2019-11-15 03:52:19,901 [pool-189-thread-1] INFO  server.RaftServerConfigKeys (ConfUtils.java:logGet(43)) - raft.server.log.queue.byte-limit = 2147483647 (custom)
2019-11-15 03:52:19,901 [pool-199-thread-1] INFO  server.RaftServerConfigKeys (ConfUtils.java:logGet(43)) - raft.server.log.queue.element-limit = 1024 (custom)
2019-11-15 03:52:19,901 [pool-239-thread-1] INFO  segmented.SegmentedRaftLogWorker (SegmentedRaftLogWorker.java:lambda$new$0(128)) - 8c6299e1-e84a-4bf3-8558-225b6553f707@group-741A5FE2F3F8-SegmentedRaftLogWorker: flushIndex: setUnconditionally 0 -> -1
2019-11-15 03:52:19,901 [pool-189-thread-1] INFO  server.RaftServerConfigKeys (ConfUtils.java:logGet(43)) - raft.server.log.queue.element-limit = 1024 (custom)
2019-11-15 03:52:19,901 [pool-199-thread-1] INFO  server.RaftServerConfigKeys (ConfUtils.java:logGet(43)) - raft.server.log.segment.size.max = 1048576 (custom)
2019-11-15 03:52:19,901 [pool-239-thread-1] INFO  server.RaftServerConfigKeys (ConfUtils.java:logGet(43)) - raft.server.snapshot.auto.trigger.enabled = true (custom)
2019-11-15 03:52:19,901 [pool-189-thread-1] INFO  server.RaftServerConfigKeys (ConfUtils.java:logGet(43)) - raft.server.log.segment.size.max = 1048576 (custom)
2019-11-15 03:52:19,901 [pool-239-thread-1] INFO  server.RaftServerConfigKeys (ConfUtils.java:logGet(43)) - raft.server.snapshot.auto.trigger.threshold = 10000 (custom)
2019-11-15 03:52:19,901 [pool-199-thread-1] INFO  server.RaftServerConfigKeys (ConfUtils.java:logGet(43)) - raft.server.log.preallocated.size = 16384 (custom)
2019-11-15 03:52:19,902 [pool-239-thread-1] INFO  server.RaftServerConfigKeys (ConfUtils.java:logGet(43)) - raft.server.snapshot.retention.file.num = 5 (custom)
2019-11-15 03:52:19,902 [pool-189-thread-1] INFO  server.RaftServerConfigKeys (ConfUtils.java:logGet(43)) - raft.server.log.preallocated.size = 16384 (custom)
2019-11-15 03:52:19,902 [pool-239-thread-1] INFO  server.RaftServerConfigKeys (ConfUtils.java:logGet(43)) - raft.server.retrycache.expirytime = 600000ms (custom)
2019-11-15 03:52:19,902 [pool-199-thread-1] INFO  server.RaftServerConfigKeys (ConfUtils.java:logGet(43)) - raft.server.log.write.buffer.size = 33554432 (custom)
2019-11-15 03:52:19,902 [pool-239-thread-1] WARN  impl.MetricRegistriesImpl (MetricRegistriesImpl.java:lambda$create$1(61)) - First MetricRegistry has been created without registering reporters. You may need to call MetricRegistries.global().addReportRegistration(...) before.
2019-11-15 03:52:19,902 [pool-189-thread-1] INFO  server.RaftServerConfigKeys (ConfUtils.java:logGet(43)) - raft.server.log.write.buffer.size = 33554432 (custom)
2019-11-15 03:52:19,902 [pool-239-thread-1] WARN  impl.MetricRegistriesImpl (MetricRegistriesImpl.java:lambda$create$1(61)) - First MetricRegistry has been created without registering reporters. You may need to call MetricRegistries.global().addReportRegistration(...) before.
2019-11-15 03:52:19,902 [pool-199-thread-1] INFO  server.RaftServerConfigKeys (ConfUtils.java:logGet(43)) - raft.server.log.force.sync.num = 128 (default)
2019-11-15 03:52:19,903 [pool-239-thread-1] INFO  impl.RaftServerImpl (RaftServerImpl.java:start(184)) - 8c6299e1-e84a-4bf3-8558-225b6553f707@group-741A5FE2F3F8: start as a follower, conf=-1: [8c6299e1-e84a-4bf3-8558-225b6553f707:192.168.157.206:40623, 3b6a93a1-3acb-43ad-9bac-2b83b325636a:192.168.157.206:37982, fae849f2-b585-4c8d-a748-375fffce3265:192.168.157.206:39095], old=null
2019-11-15 03:52:19,902 [pool-189-thread-1] INFO  server.RaftServerConfigKeys (ConfUtils.java:logGet(43)) - raft.server.log.force.sync.num = 128 (default)
2019-11-15 03:52:19,903 [pool-239-thread-1] INFO  impl.RaftServerImpl (RaftServerImpl.java:setRole(173)) - 8c6299e1-e84a-4bf3-8558-225b6553f707@group-741A5FE2F3F8: changes role from      null to FOLLOWER at term 0 for startAsFollower
2019-11-15 03:52:19,903 [pool-199-thread-1] INFO  server.RaftServerConfigKeys (ConfUtils.java:logGet(43)) - raft.server.log.statemachine.data.sync = true (default)
2019-11-15 03:52:19,903 [pool-239-thread-1] INFO  impl.RoleInfo (RoleInfo.java:updateAndGet(143)) - 8c6299e1-e84a-4bf3-8558-225b6553f707: start FollowerState
2019-11-15 03:52:19,903 [pool-189-thread-1] INFO  server.RaftServerConfigKeys (ConfUtils.java:logGet(43)) - raft.server.log.statemachine.data.sync = true (default)
2019-11-15 03:52:19,903 [pool-199-thread-1] INFO  server.RaftServerConfigKeys (ConfUtils.java:logGet(43)) - raft.server.log.statemachine.data.sync.timeout = 10s (default)
2019-11-15 03:52:19,903 [pool-189-thread-1] INFO  server.RaftServerConfigKeys (ConfUtils.java:logGet(43)) - raft.server.log.statemachine.data.sync.timeout = 10s (default)
2019-11-15 03:52:19,903 [pool-199-thread-1] INFO  server.RaftServerConfigKeys (ConfUtils.java:logGet(43)) - raft.server.log.statemachine.data.sync.timeout.retry = -1 (default)
2019-11-15 03:52:19,903 [pool-239-thread-1] INFO  util.JmxRegister (JmxRegister.java:tryRegister(44)) - Successfully registered JMX Bean with object name Ratis:service=RaftServer,group=group-741A5FE2F3F8,id=8c6299e1-e84a-4bf3-8558-225b6553f707
2019-11-15 03:52:19,903 [pool-189-thread-1] INFO  server.RaftServerConfigKeys (ConfUtils.java:logGet(43)) - raft.server.log.statemachine.data.sync.timeout.retry = -1 (default)
2019-11-15 03:52:19,904 [pool-199-thread-1] INFO  server.RaftServerConfigKeys (ConfUtils.java:logGet(43)) - raft.server.log.statemachine.data.caching.enabled = true (custom)
2019-11-15 03:52:19,904 [pool-239-thread-1] WARN  impl.MetricRegistriesImpl (MetricRegistriesImpl.java:lambda$create$1(61)) - First MetricRegistry has been created without registering reporters. You may need to call MetricRegistries.global().addReportRegistration(...) before.
2019-11-15 03:52:19,904 [pool-189-thread-1] INFO  server.RaftServerConfigKeys (ConfUtils.java:logGet(43)) - raft.server.log.statemachine.data.caching.enabled = true (custom)
2019-11-15 03:52:19,904 [pool-199-thread-1] INFO  segmented.SegmentedRaftLogWorker (SegmentedRaftLogWorker.java:lambda$new$0(128)) - 3b6a93a1-3acb-43ad-9bac-2b83b325636a@group-741A5FE2F3F8-SegmentedRaftLogWorker: flushIndex: setUnconditionally 0 -> -1
2019-11-15 03:52:19,904 [pool-189-thread-1] INFO  segmented.SegmentedRaftLogWorker (SegmentedRaftLogWorker.java:lambda$new$0(128)) - fae849f2-b585-4c8d-a748-375fffce3265@group-741A5FE2F3F8-SegmentedRaftLogWorker: flushIndex: setUnconditionally 0 -> -1
2019-11-15 03:52:19,904 [pool-199-thread-1] INFO  server.RaftServerConfigKeys (ConfUtils.java:logGet(43)) - raft.server.snapshot.auto.trigger.enabled = true (custom)
2019-11-15 03:52:19,905 [pool-189-thread-1] INFO  server.RaftServerConfigKeys (ConfUtils.java:logGet(43)) - raft.server.snapshot.auto.trigger.enabled = true (custom)
2019-11-15 03:52:19,905 [pool-199-thread-1] INFO  server.RaftServerConfigKeys (ConfUtils.java:logGet(43)) - raft.server.snapshot.auto.trigger.threshold = 10000 (custom)
2019-11-15 03:52:19,905 [pool-189-thread-1] INFO  server.RaftServerConfigKeys (ConfUtils.java:logGet(43)) - raft.server.snapshot.auto.trigger.threshold = 10000 (custom)
2019-11-15 03:52:19,905 [pool-199-thread-1] INFO  server.RaftServerConfigKeys (ConfUtils.java:logGet(43)) - raft.server.snapshot.retention.file.num = 5 (custom)
2019-11-15 03:52:19,905 [pool-189-thread-1] INFO  server.RaftServerConfigKeys (ConfUtils.java:logGet(43)) - raft.server.snapshot.retention.file.num = 5 (custom)
2019-11-15 03:52:19,905 [pool-189-thread-1] INFO  server.RaftServerConfigKeys (ConfUtils.java:logGet(43)) - raft.server.retrycache.expirytime = 600000ms (custom)
2019-11-15 03:52:19,905 [pool-199-thread-1] INFO  server.RaftServerConfigKeys (ConfUtils.java:logGet(43)) - raft.server.retrycache.expirytime = 600000ms (custom)
2019-11-15 03:52:19,905 [pool-189-thread-1] WARN  impl.MetricRegistriesImpl (MetricRegistriesImpl.java:lambda$create$1(61)) - First MetricRegistry has been created without registering reporters. You may need to call MetricRegistries.global().addReportRegistration(...) before.
2019-11-15 03:52:19,906 [pool-199-thread-1] WARN  impl.MetricRegistriesImpl (MetricRegistriesImpl.java:lambda$create$1(61)) - First MetricRegistry has been created without registering reporters. You may need to call MetricRegistries.global().addReportRegistration(...) before.
2019-11-15 03:52:19,906 [pool-189-thread-1] WARN  impl.MetricRegistriesImpl (MetricRegistriesImpl.java:lambda$create$1(61)) - First MetricRegistry has been created without registering reporters. You may need to call MetricRegistries.global().addReportRegistration(...) before.
2019-11-15 03:52:19,906 [pool-199-thread-1] WARN  impl.MetricRegistriesImpl (MetricRegistriesImpl.java:lambda$create$1(61)) - First MetricRegistry has been created without registering reporters. You may need to call MetricRegistries.global().addReportRegistration(...) before.
2019-11-15 03:52:19,906 [pool-189-thread-1] INFO  impl.RaftServerImpl (RaftServerImpl.java:start(184)) - fae849f2-b585-4c8d-a748-375fffce3265@group-741A5FE2F3F8: start as a follower, conf=-1: [8c6299e1-e84a-4bf3-8558-225b6553f707:192.168.157.206:40623, 3b6a93a1-3acb-43ad-9bac-2b83b325636a:192.168.157.206:37982, fae849f2-b585-4c8d-a748-375fffce3265:192.168.157.206:39095], old=null
2019-11-15 03:52:19,906 [pool-189-thread-1] INFO  impl.RaftServerImpl (RaftServerImpl.java:setRole(173)) - fae849f2-b585-4c8d-a748-375fffce3265@group-741A5FE2F3F8: changes role from      null to FOLLOWER at term 0 for startAsFollower
2019-11-15 03:52:19,906 [pool-199-thread-1] INFO  impl.RaftServerImpl (RaftServerImpl.java:start(184)) - 3b6a93a1-3acb-43ad-9bac-2b83b325636a@group-741A5FE2F3F8: start as a follower, conf=-1: [8c6299e1-e84a-4bf3-8558-225b6553f707:192.168.157.206:40623, 3b6a93a1-3acb-43ad-9bac-2b83b325636a:192.168.157.206:37982, fae849f2-b585-4c8d-a748-375fffce3265:192.168.157.206:39095], old=null
2019-11-15 03:52:19,906 [pool-189-thread-1] INFO  impl.RoleInfo (RoleInfo.java:updateAndGet(143)) - fae849f2-b585-4c8d-a748-375fffce3265: start FollowerState
2019-11-15 03:52:19,906 [pool-199-thread-1] INFO  impl.RaftServerImpl (RaftServerImpl.java:setRole(173)) - 3b6a93a1-3acb-43ad-9bac-2b83b325636a@group-741A5FE2F3F8: changes role from      null to FOLLOWER at term 0 for startAsFollower
2019-11-15 03:52:19,907 [pool-199-thread-1] INFO  impl.RoleInfo (RoleInfo.java:updateAndGet(143)) - 3b6a93a1-3acb-43ad-9bac-2b83b325636a: start FollowerState
2019-11-15 03:52:19,907 [pool-189-thread-1] INFO  util.JmxRegister (JmxRegister.java:tryRegister(44)) - Successfully registered JMX Bean with object name Ratis:service=RaftServer,group=group-741A5FE2F3F8,id=fae849f2-b585-4c8d-a748-375fffce3265
2019-11-15 03:52:19,907 [pool-189-thread-1] WARN  impl.MetricRegistriesImpl (MetricRegistriesImpl.java:lambda$create$1(61)) - First MetricRegistry has been created without registering reporters. You may need to call MetricRegistries.global().addReportRegistration(...) before.
2019-11-15 03:52:19,907 [pool-199-thread-1] INFO  util.JmxRegister (JmxRegister.java:tryRegister(44)) - Successfully registered JMX Bean with object name Ratis:service=RaftServer,group=group-741A5FE2F3F8,id=3b6a93a1-3acb-43ad-9bac-2b83b325636a
2019-11-15 03:52:19,907 [pool-199-thread-1] WARN  impl.MetricRegistriesImpl (MetricRegistriesImpl.java:lambda$create$1(61)) - First MetricRegistry has been created without registering reporters. You may need to call MetricRegistries.global().addReportRegistration(...) before.
2019-11-15 03:52:19,910 [RatisPipelineUtilsThread] INFO  pipeline.PipelineStateManager (PipelineStateManager.java:addPipeline(55)) - Created pipeline Pipeline[ Id: 96f35321-d953-4612-94c4-741a5fe2f3f8, Nodes: 3b6a93a1-3acb-43ad-9bac-2b83b325636a{ip: 192.168.157.206, host: pr-hdds-2493-n7h87-1962818265, networkLocation: /rack1, certSerialId: null}8c6299e1-e84a-4bf3-8558-225b6553f707{ip: 192.168.157.206, host: pr-hdds-2493-n7h87-1962818265, networkLocation: /rack1, certSerialId: null}fae849f2-b585-4c8d-a748-375fffce3265{ip: 192.168.157.206, host: pr-hdds-2493-n7h87-1962818265, networkLocation: /rack1, certSerialId: null}, Type:RATIS, Factor:THREE, State:ALLOCATED]
2019-11-15 03:52:19,911 [main] INFO  ozone.MiniOzoneClusterImpl (MiniOzoneClusterImpl.java:lambda$waitForClusterToBeReady$2(163)) - Waiting for 13 number of pipelines out of 13, to report a leader.
2019-11-15 03:52:20,261 [Thread-1515] INFO  impl.FollowerState (FollowerState.java:run(111)) - 09eef956-613c-46b0-8e56-22120e832e77@group-750EC2B630BB-FollowerState: change to CANDIDATE, lastRpcTime:1042ms, electionTimeout:1042ms
2019-11-15 03:52:20,261 [Thread-1515] INFO  impl.RoleInfo (RoleInfo.java:shutdownFollowerState(121)) - 09eef956-613c-46b0-8e56-22120e832e77: shutdown FollowerState
2019-11-15 03:52:20,261 [Thread-1515] INFO  impl.RaftServerImpl (RaftServerImpl.java:setRole(173)) - 09eef956-613c-46b0-8e56-22120e832e77@group-750EC2B630BB: changes role from  FOLLOWER to CANDIDATE at term 0 for changeToCandidate
2019-11-15 03:52:20,262 [Thread-1515] INFO  impl.RoleInfo (RoleInfo.java:updateAndGet(143)) - 09eef956-613c-46b0-8e56-22120e832e77: start LeaderElection
2019-11-15 03:52:20,291 [09eef956-613c-46b0-8e56-22120e832e77@group-750EC2B630BB-LeaderElection58] INFO  impl.LeaderElection (LeaderElection.java:askForVotes(178)) - 09eef956-613c-46b0-8e56-22120e832e77@group-750EC2B630BB-LeaderElection58: begin an election at term 1 for -1: [09eef956-613c-46b0-8e56-22120e832e77:192.168.157.206:45763], old=null
2019-11-15 03:52:20,292 [09eef956-613c-46b0-8e56-22120e832e77@group-750EC2B630BB-LeaderElection58] INFO  impl.RoleInfo (RoleInfo.java:shutdownLeaderElection(134)) - 09eef956-613c-46b0-8e56-22120e832e77: shutdown LeaderElection
2019-11-15 03:52:20,292 [09eef956-613c-46b0-8e56-22120e832e77@group-750EC2B630BB-LeaderElection58] INFO  impl.RaftServerImpl (RaftServerImpl.java:setRole(173)) - 09eef956-613c-46b0-8e56-22120e832e77@group-750EC2B630BB: changes role from CANDIDATE to LEADER at term 1 for changeToLeader
2019-11-15 03:52:20,292 [09eef956-613c-46b0-8e56-22120e832e77@group-750EC2B630BB-LeaderElection58] INFO  ratis.XceiverServerRatis (XceiverServerRatis.java:handleLeaderChangedNotification(697)) - Leader change notification received for group: group-750EC2B630BB with new leaderId: 09eef956-613c-46b0-8e56-22120e832e77
2019-11-15 03:52:20,292 [09eef956-613c-46b0-8e56-22120e832e77@group-750EC2B630BB-LeaderElection58] INFO  impl.RaftServerImpl (ServerState.java:setLeader(255)) - 09eef956-613c-46b0-8e56-22120e832e77@group-750EC2B630BB: change Leader from null to 09eef956-613c-46b0-8e56-22120e832e77 at term 1 for becomeLeader, leader elected after 1076ms
2019-11-15 03:52:20,292 [09eef956-613c-46b0-8e56-22120e832e77@group-750EC2B630BB-LeaderElection58] INFO  server.RaftServerConfigKeys (ConfUtils.java:logGet(43)) - raft.server.staging.catchup.gap = 1000 (default)
2019-11-15 03:52:20,295 [09eef956-613c-46b0-8e56-22120e832e77@group-750EC2B630BB-LeaderElection58] INFO  server.RaftServerConfigKeys (ConfUtils.java:logGet(43)) - raft.server.rpc.sleep.time = 25ms (default)
2019-11-15 03:52:20,295 [09eef956-613c-46b0-8e56-22120e832e77@group-750EC2B630BB-LeaderElection58] INFO  server.RaftServerConfigKeys (ConfUtils.java:logGet(43)) - raft.server.write.element-limit = 4096 (default)
2019-11-15 03:52:20,295 [09eef956-613c-46b0-8e56-22120e832e77@group-750EC2B630BB-LeaderElection58] INFO  server.RaftServerConfigKeys (ConfUtils.java:logGet(43)) - raft.server.watch.timeout = 10s (default)
2019-11-15 03:52:20,295 [09eef956-613c-46b0-8e56-22120e832e77@group-750EC2B630BB-LeaderElection58] INFO  server.RaftServerConfigKeys (ConfUtils.java:logGet(43)) - raft.server.watch.timeout.denomination = 1s (default)
2019-11-15 03:52:20,295 [09eef956-613c-46b0-8e56-22120e832e77@group-750EC2B630BB-LeaderElection58] INFO  server.RaftServerConfigKeys (ConfUtils.java:logGet(43)) - raft.server.watch.element-limit = 65536 (default)
2019-11-15 03:52:20,296 [09eef956-613c-46b0-8e56-22120e832e77@group-750EC2B630BB-LeaderElection58] INFO  impl.RoleInfo (RoleInfo.java:updateAndGet(143)) - 09eef956-613c-46b0-8e56-22120e832e77: start LeaderState
2019-11-15 03:52:20,296 [EventQueue-PipelineReportForPipelineReportHandler] INFO  pipeline.PipelineStateManager (PipelineStateManager.java:openPipeline(134)) - Pipeline Pipeline[ Id: ef596d84-d699-4c21-9279-750ec2b630bb, Nodes: 09eef956-613c-46b0-8e56-22120e832e77{ip: 192.168.157.206, host: pr-hdds-2493-n7h87-1962818265, networkLocation: /rack1, certSerialId: null}, Type:RATIS, Factor:ONE, State:OPEN] moved to OPEN state
2019-11-15 03:52:20,296 [09eef956-613c-46b0-8e56-22120e832e77@group-750EC2B630BB-LeaderElection58] INFO  segmented.SegmentedRaftLogWorker (SegmentedRaftLogWorker.java:startLogSegment(385)) - 09eef956-613c-46b0-8e56-22120e832e77@group-750EC2B630BB-SegmentedRaftLogWorker: Starting segment from index:0
2019-11-15 03:52:20,297 [09eef956-613c-46b0-8e56-22120e832e77@group-750EC2B630BB-LeaderElection58] INFO  impl.RaftServerImpl (ServerState.java:setRaftConf(356)) - 09eef956-613c-46b0-8e56-22120e832e77@group-750EC2B630BB: set configuration 0: [09eef956-613c-46b0-8e56-22120e832e77:192.168.157.206:45763], old=null at 0
2019-11-15 03:52:20,311 [Thread-1512] INFO  impl.FollowerState (FollowerState.java:run(111)) - b5c8e6ac-78cf-4415-8687-784dd9b9d9de@group-FD6B91C32138-FollowerState: change to CANDIDATE, lastRpcTime:1164ms, electionTimeout:1164ms
2019-11-15 03:52:20,311 [Thread-1512] INFO  impl.RoleInfo (RoleInfo.java:shutdownFollowerState(121)) - b5c8e6ac-78cf-4415-8687-784dd9b9d9de: shutdown FollowerState
2019-11-15 03:52:20,311 [Thread-1512] INFO  impl.RaftServerImpl (RaftServerImpl.java:setRole(173)) - b5c8e6ac-78cf-4415-8687-784dd9b9d9de@group-FD6B91C32138: changes role from  FOLLOWER to CANDIDATE at term 0 for changeToCandidate
2019-11-15 03:52:20,311 [Thread-1512] INFO  impl.RoleInfo (RoleInfo.java:updateAndGet(143)) - b5c8e6ac-78cf-4415-8687-784dd9b9d9de: start LeaderElection
2019-11-15 03:52:20,344 [Thread-1526] INFO  impl.FollowerState (FollowerState.java:run(111)) - 2d1b9a28-4ed6-4518-a989-fb5d866f5618@group-6AE7FD78B164-FollowerState: change to CANDIDATE, lastRpcTime:1008ms, electionTimeout:1008ms
2019-11-15 03:52:20,345 [Thread-1526] INFO  impl.RoleInfo (RoleInfo.java:shutdownFollowerState(121)) - 2d1b9a28-4ed6-4518-a989-fb5d866f5618: shutdown FollowerState
2019-11-15 03:52:20,345 [Thread-1526] INFO  impl.RaftServerImpl (RaftServerImpl.java:setRole(173)) - 2d1b9a28-4ed6-4518-a989-fb5d866f5618@group-6AE7FD78B164: changes role from  FOLLOWER to CANDIDATE at term 0 for changeToCandidate
2019-11-15 03:52:20,345 [Thread-1526] INFO  impl.RoleInfo (RoleInfo.java:updateAndGet(143)) - 2d1b9a28-4ed6-4518-a989-fb5d866f5618: start LeaderElection
2019-11-15 03:52:20,349 [09eef956-613c-46b0-8e56-22120e832e77@group-750EC2B630BB-SegmentedRaftLogWorker] INFO  segmented.SegmentedRaftLogWorker (SegmentedRaftLogWorker.java:execute(576)) - 09eef956-613c-46b0-8e56-22120e832e77@group-750EC2B630BB-SegmentedRaftLogWorker: created new log segment /workdir/hadoop-ozone/integration-test/target/test-dir/MiniOzoneClusterImpl-7bc5bb7c-5c55-4645-ae41-72269081a146/datanode-1/data/ratis/ef596d84-d699-4c21-9279-750ec2b630bb/current/log_inprogress_0
2019-11-15 03:52:20,349 [b5c8e6ac-78cf-4415-8687-784dd9b9d9de@group-FD6B91C32138-LeaderElection59] INFO  impl.LeaderElection (LeaderElection.java:askForVotes(178)) - b5c8e6ac-78cf-4415-8687-784dd9b9d9de@group-FD6B91C32138-LeaderElection59: begin an election at term 1 for -1: [b5c8e6ac-78cf-4415-8687-784dd9b9d9de:192.168.157.206:35928], old=null
2019-11-15 03:52:20,349 [b5c8e6ac-78cf-4415-8687-784dd9b9d9de@group-FD6B91C32138-LeaderElection59] INFO  impl.RoleInfo (RoleInfo.java:shutdownLeaderElection(134)) - b5c8e6ac-78cf-4415-8687-784dd9b9d9de: shutdown LeaderElection
2019-11-15 03:52:20,349 [b5c8e6ac-78cf-4415-8687-784dd9b9d9de@group-FD6B91C32138-LeaderElection59] INFO  impl.RaftServerImpl (RaftServerImpl.java:setRole(173)) - b5c8e6ac-78cf-4415-8687-784dd9b9d9de@group-FD6B91C32138: changes role from CANDIDATE to LEADER at term 1 for changeToLeader
2019-11-15 03:52:20,349 [b5c8e6ac-78cf-4415-8687-784dd9b9d9de@group-FD6B91C32138-LeaderElection59] INFO  ratis.XceiverServerRatis (XceiverServerRatis.java:handleLeaderChangedNotification(697)) - Leader change notification received for group: group-FD6B91C32138 with new leaderId: b5c8e6ac-78cf-4415-8687-784dd9b9d9de
2019-11-15 03:52:20,349 [b5c8e6ac-78cf-4415-8687-784dd9b9d9de@group-FD6B91C32138-LeaderElection59] INFO  impl.RaftServerImpl (ServerState.java:setLeader(255)) - b5c8e6ac-78cf-4415-8687-784dd9b9d9de@group-FD6B91C32138: change Leader from null to b5c8e6ac-78cf-4415-8687-784dd9b9d9de at term 1 for becomeLeader, leader elected after 1209ms
2019-11-15 03:52:20,350 [b5c8e6ac-78cf-4415-8687-784dd9b9d9de@group-FD6B91C32138-LeaderElection59] INFO  server.RaftServerConfigKeys (ConfUtils.java:logGet(43)) - raft.server.staging.catchup.gap = 1000 (default)
2019-11-15 03:52:20,350 [b5c8e6ac-78cf-4415-8687-784dd9b9d9de@group-FD6B91C32138-LeaderElection59] INFO  server.RaftServerConfigKeys (ConfUtils.java:logGet(43)) - raft.server.rpc.sleep.time = 25ms (default)
2019-11-15 03:52:20,350 [b5c8e6ac-78cf-4415-8687-784dd9b9d9de@group-FD6B91C32138-LeaderElection59] INFO  server.RaftServerConfigKeys (ConfUtils.java:logGet(43)) - raft.server.write.element-limit = 4096 (default)
2019-11-15 03:52:20,352 [b5c8e6ac-78cf-4415-8687-784dd9b9d9de@group-FD6B91C32138-LeaderElection59] INFO  server.RaftServerConfigKeys (ConfUtils.java:logGet(43)) - raft.server.watch.timeout = 10s (default)
2019-11-15 03:52:20,352 [b5c8e6ac-78cf-4415-8687-784dd9b9d9de@group-FD6B91C32138-LeaderElection59] INFO  server.RaftServerConfigKeys (ConfUtils.java:logGet(43)) - raft.server.watch.timeout.denomination = 1s (default)
2019-11-15 03:52:20,352 [b5c8e6ac-78cf-4415-8687-784dd9b9d9de@group-FD6B91C32138-LeaderElection59] INFO  server.RaftServerConfigKeys (ConfUtils.java:logGet(43)) - raft.server.watch.element-limit = 65536 (default)
2019-11-15 03:52:20,352 [b5c8e6ac-78cf-4415-8687-784dd9b9d9de@group-FD6B91C32138-LeaderElection59] INFO  impl.RoleInfo (RoleInfo.java:updateAndGet(143)) - b5c8e6ac-78cf-4415-8687-784dd9b9d9de: start LeaderState
2019-11-15 03:52:20,352 [b5c8e6ac-78cf-4415-8687-784dd9b9d9de@group-FD6B91C32138-LeaderElection59] INFO  segmented.SegmentedRaftLogWorker (SegmentedRaftLogWorker.java:startLogSegment(385)) - b5c8e6ac-78cf-4415-8687-784dd9b9d9de@group-FD6B91C32138-SegmentedRaftLogWorker: Starting segment from index:0
2019-11-15 03:52:20,353 [b5c8e6ac-78cf-4415-8687-784dd9b9d9de@group-FD6B91C32138-LeaderElection59] INFO  impl.RaftServerImpl (ServerState.java:setRaftConf(356)) - b5c8e6ac-78cf-4415-8687-784dd9b9d9de@group-FD6B91C32138: set configuration 0: [b5c8e6ac-78cf-4415-8687-784dd9b9d9de:192.168.157.206:35928], old=null at 0
2019-11-15 03:52:20,353 [EventQueue-PipelineReportForPipelineReportHandler] INFO  pipeline.PipelineStateManager (PipelineStateManager.java:openPipeline(134)) - Pipeline Pipeline[ Id: 8b088cf4-6b71-4759-bdbf-fd6b91c32138, Nodes: b5c8e6ac-78cf-4415-8687-784dd9b9d9de{ip: 192.168.157.206, host: pr-hdds-2493-n7h87-1962818265, networkLocation: /rack1, certSerialId: null}, Type:RATIS, Factor:ONE, State:OPEN] moved to OPEN state
2019-11-15 03:52:20,373 [2d1b9a28-4ed6-4518-a989-fb5d866f5618@group-6AE7FD78B164-LeaderElection60] INFO  impl.LeaderElection (LeaderElection.java:askForVotes(178)) - 2d1b9a28-4ed6-4518-a989-fb5d866f5618@group-6AE7FD78B164-LeaderElection60: begin an election at term 1 for -1: [b5c8e6ac-78cf-4415-8687-784dd9b9d9de:192.168.157.206:35928, 2d1b9a28-4ed6-4518-a989-fb5d866f5618:192.168.157.206:39845, 09eef956-613c-46b0-8e56-22120e832e77:192.168.157.206:45763], old=null
2019-11-15 03:52:20,391 [Thread-1518] INFO  impl.FollowerState (FollowerState.java:run(111)) - 2d1b9a28-4ed6-4518-a989-fb5d866f5618@group-035243FAB9FF-FollowerState: change to CANDIDATE, lastRpcTime:1120ms, electionTimeout:1111ms
2019-11-15 03:52:20,391 [Thread-1518] INFO  impl.RoleInfo (RoleInfo.java:shutdownFollowerState(121)) - 2d1b9a28-4ed6-4518-a989-fb5d866f5618: shutdown FollowerState
2019-11-15 03:52:20,391 [Thread-1518] INFO  impl.RaftServerImpl (RaftServerImpl.java:setRole(173)) - 2d1b9a28-4ed6-4518-a989-fb5d866f5618@group-035243FAB9FF: changes role from  FOLLOWER to CANDIDATE at term 0 for changeToCandidate
2019-11-15 03:52:20,391 [Thread-1518] INFO  impl.RoleInfo (RoleInfo.java:updateAndGet(143)) - 2d1b9a28-4ed6-4518-a989-fb5d866f5618: start LeaderElection
2019-11-15 03:52:20,398 [grpc-default-executor-5] INFO  impl.RaftServerImpl (RaftServerImpl.java:setRole(173)) - 09eef956-613c-46b0-8e56-22120e832e77@group-6AE7FD78B164: changes role from  FOLLOWER to FOLLOWER at term 1 for recognizeCandidate:2d1b9a28-4ed6-4518-a989-fb5d866f5618
2019-11-15 03:52:20,398 [grpc-default-executor-0] INFO  impl.RaftServerImpl (RaftServerImpl.java:setRole(173)) - b5c8e6ac-78cf-4415-8687-784dd9b9d9de@group-6AE7FD78B164: changes role from  FOLLOWER to FOLLOWER at term 1 for recognizeCandidate:2d1b9a28-4ed6-4518-a989-fb5d866f5618
2019-11-15 03:52:20,398 [grpc-default-executor-5] INFO  impl.RoleInfo (RoleInfo.java:shutdownFollowerState(121)) - 09eef956-613c-46b0-8e56-22120e832e77: shutdown FollowerState
2019-11-15 03:52:20,398 [grpc-default-executor-0] INFO  impl.RoleInfo (RoleInfo.java:shutdownFollowerState(121)) - b5c8e6ac-78cf-4415-8687-784dd9b9d9de: shutdown FollowerState
2019-11-15 03:52:20,399 [Thread-1521] INFO  impl.FollowerState (FollowerState.java:run(120)) - 09eef956-613c-46b0-8e56-22120e832e77@group-6AE7FD78B164-FollowerState was interrupted: java.lang.InterruptedException: sleep interrupted
2019-11-15 03:52:20,399 [grpc-default-executor-0] INFO  impl.RoleInfo (RoleInfo.java:updateAndGet(143)) - b5c8e6ac-78cf-4415-8687-784dd9b9d9de: start FollowerState
2019-11-15 03:52:20,399 [grpc-default-executor-5] INFO  impl.RoleInfo (RoleInfo.java:updateAndGet(143)) - 09eef956-613c-46b0-8e56-22120e832e77: start FollowerState
2019-11-15 03:52:20,399 [Thread-1525] INFO  impl.FollowerState (FollowerState.java:run(120)) - b5c8e6ac-78cf-4415-8687-784dd9b9d9de@group-6AE7FD78B164-FollowerState was interrupted: java.lang.InterruptedException: sleep interrupted
2019-11-15 03:52:20,414 [b5c8e6ac-78cf-4415-8687-784dd9b9d9de@group-FD6B91C32138-SegmentedRaftLogWorker] INFO  segmented.SegmentedRaftLogWorker (SegmentedRaftLogWorker.java:execute(576)) - b5c8e6ac-78cf-4415-8687-784dd9b9d9de@group-FD6B91C32138-SegmentedRaftLogWorker: created new log segment /workdir/hadoop-ozone/integration-test/target/test-dir/MiniOzoneClusterImpl-7bc5bb7c-5c55-4645-ae41-72269081a146/datanode-0/data/ratis/8b088cf4-6b71-4759-bdbf-fd6b91c32138/current/log_inprogress_0
2019-11-15 03:52:20,414 [2d1b9a28-4ed6-4518-a989-fb5d866f5618@group-035243FAB9FF-LeaderElection61] INFO  impl.LeaderElection (LeaderElection.java:askForVotes(178)) - 2d1b9a28-4ed6-4518-a989-fb5d866f5618@group-035243FAB9FF-LeaderElection61: begin an election at term 1 for -1: [2d1b9a28-4ed6-4518-a989-fb5d866f5618:192.168.157.206:39845], old=null
2019-11-15 03:52:20,414 [2d1b9a28-4ed6-4518-a989-fb5d866f5618@group-035243FAB9FF-LeaderElection61] INFO  impl.RoleInfo (RoleInfo.java:shutdownLeaderElection(134)) - 2d1b9a28-4ed6-4518-a989-fb5d866f5618: shutdown LeaderElection
2019-11-15 03:52:20,414 [2d1b9a28-4ed6-4518-a989-fb5d866f5618@group-035243FAB9FF-LeaderElection61] INFO  impl.RaftServerImpl (RaftServerImpl.java:setRole(173)) - 2d1b9a28-4ed6-4518-a989-fb5d866f5618@group-035243FAB9FF: changes role from CANDIDATE to LEADER at term 1 for changeToLeader
2019-11-15 03:52:20,414 [2d1b9a28-4ed6-4518-a989-fb5d866f5618@group-035243FAB9FF-LeaderElection61] INFO  ratis.XceiverServerRatis (XceiverServerRatis.java:handleLeaderChangedNotification(697)) - Leader change notification received for group: group-035243FAB9FF with new leaderId: 2d1b9a28-4ed6-4518-a989-fb5d866f5618
2019-11-15 03:52:20,415 [2d1b9a28-4ed6-4518-a989-fb5d866f5618@group-035243FAB9FF-LeaderElection61] INFO  impl.RaftServerImpl (ServerState.java:setLeader(255)) - 2d1b9a28-4ed6-4518-a989-fb5d866f5618@group-035243FAB9FF: change Leader from null to 2d1b9a28-4ed6-4518-a989-fb5d866f5618 at term 1 for becomeLeader, leader elected after 1146ms
2019-11-15 03:52:20,415 [2d1b9a28-4ed6-4518-a989-fb5d866f5618@group-035243FAB9FF-LeaderElection61] INFO  server.RaftServerConfigKeys (ConfUtils.java:logGet(43)) - raft.server.staging.catchup.gap = 1000 (default)
2019-11-15 03:52:20,415 [2d1b9a28-4ed6-4518-a989-fb5d866f5618@group-035243FAB9FF-LeaderElection61] INFO  server.RaftServerConfigKeys (ConfUtils.java:logGet(43)) - raft.server.rpc.sleep.time = 25ms (default)
2019-11-15 03:52:20,416 [2d1b9a28-4ed6-4518-a989-fb5d866f5618@group-6AE7FD78B164-LeaderElection60] INFO  impl.LeaderElection (LeaderElection.java:logAndReturn(56)) - 2d1b9a28-4ed6-4518-a989-fb5d866f5618@group-6AE7FD78B164-LeaderElection60: Election PASSED; received 1 response(s) [2d1b9a28-4ed6-4518-a989-fb5d866f5618<-09eef956-613c-46b0-8e56-22120e832e77#0:OK-t1] and 0 exception(s); 2d1b9a28-4ed6-4518-a989-fb5d866f5618@group-6AE7FD78B164:t1, leader=null, voted=2d1b9a28-4ed6-4518-a989-fb5d866f5618, raftlog=2d1b9a28-4ed6-4518-a989-fb5d866f5618@group-6AE7FD78B164-SegmentedRaftLog:OPENED:c-1,f-1,i0, conf=-1: [b5c8e6ac-78cf-4415-8687-784dd9b9d9de:192.168.157.206:35928, 2d1b9a28-4ed6-4518-a989-fb5d866f5618:192.168.157.206:39845, 09eef956-613c-46b0-8e56-22120e832e77:192.168.157.206:45763], old=null
2019-11-15 03:52:20,416 [2d1b9a28-4ed6-4518-a989-fb5d866f5618@group-035243FAB9FF-LeaderElection61] INFO  server.RaftServerConfigKeys (ConfUtils.java:logGet(43)) - raft.server.write.element-limit = 4096 (default)
2019-11-15 03:52:20,417 [2d1b9a28-4ed6-4518-a989-fb5d866f5618@group-6AE7FD78B164-LeaderElection60] INFO  impl.RoleInfo (RoleInfo.java:shutdownLeaderElection(134)) - 2d1b9a28-4ed6-4518-a989-fb5d866f5618: shutdown LeaderElection
2019-11-15 03:52:20,417 [2d1b9a28-4ed6-4518-a989-fb5d866f5618@group-035243FAB9FF-LeaderElection61] INFO  server.RaftServerConfigKeys (ConfUtils.java:logGet(43)) - raft.server.watch.timeout = 10s (default)
2019-11-15 03:52:20,417 [2d1b9a28-4ed6-4518-a989-fb5d866f5618@group-6AE7FD78B164-LeaderElection60] INFO  impl.RaftServerImpl (RaftServerImpl.java:setRole(173)) - 2d1b9a28-4ed6-4518-a989-fb5d866f5618@group-6AE7FD78B164: changes role from CANDIDATE to LEADER at term 1 for changeToLeader
2019-11-15 03:52:20,417 [2d1b9a28-4ed6-4518-a989-fb5d866f5618@group-035243FAB9FF-LeaderElection61] INFO  server.RaftServerConfigKeys (ConfUtils.java:logGet(43)) - raft.server.watch.timeout.denomination = 1s (default)
2019-11-15 03:52:20,417 [2d1b9a28-4ed6-4518-a989-fb5d866f5618@group-6AE7FD78B164-LeaderElection60] INFO  ratis.XceiverServerRatis (XceiverServerRatis.java:handleLeaderChangedNotification(697)) - Leader change notification received for group: group-6AE7FD78B164 with new leaderId: 2d1b9a28-4ed6-4518-a989-fb5d866f5618
2019-11-15 03:52:20,417 [2d1b9a28-4ed6-4518-a989-fb5d866f5618@group-035243FAB9FF-LeaderElection61] INFO  server.RaftServerConfigKeys (ConfUtils.java:logGet(43)) - raft.server.watch.element-limit = 65536 (default)
2019-11-15 03:52:20,417 [EventQueue-PipelineReportForPipelineReportHandler] INFO  pipeline.PipelineStateManager (PipelineStateManager.java:openPipeline(134)) - Pipeline Pipeline[ Id: 29203715-eeca-430f-883c-035243fab9ff, Nodes: 2d1b9a28-4ed6-4518-a989-fb5d866f5618{ip: 192.168.157.206, host: pr-hdds-2493-n7h87-1962818265, networkLocation: /rack1, certSerialId: null}, Type:RATIS, Factor:ONE, State:OPEN] moved to OPEN state
2019-11-15 03:52:20,417 [2d1b9a28-4ed6-4518-a989-fb5d866f5618@group-035243FAB9FF-LeaderElection61] INFO  impl.RoleInfo (RoleInfo.java:updateAndGet(143)) - 2d1b9a28-4ed6-4518-a989-fb5d866f5618: start LeaderState
2019-11-15 03:52:20,417 [2d1b9a28-4ed6-4518-a989-fb5d866f5618@group-6AE7FD78B164-LeaderElection60] INFO  impl.RaftServerImpl (ServerState.java:setLeader(255)) - 2d1b9a28-4ed6-4518-a989-fb5d866f5618@group-6AE7FD78B164: change Leader from null to 2d1b9a28-4ed6-4518-a989-fb5d866f5618 at term 1 for becomeLeader, leader elected after 1090ms
2019-11-15 03:52:20,418 [2d1b9a28-4ed6-4518-a989-fb5d866f5618@group-035243FAB9FF-LeaderElection61] INFO  segmented.SegmentedRaftLogWorker (SegmentedRaftLogWorker.java:startLogSegment(385)) - 2d1b9a28-4ed6-4518-a989-fb5d866f5618@group-035243FAB9FF-SegmentedRaftLogWorker: Starting segment from index:0
2019-11-15 03:52:20,418 [2d1b9a28-4ed6-4518-a989-fb5d866f5618@group-6AE7FD78B164-LeaderElection60] INFO  server.RaftServerConfigKeys (ConfUtils.java:logGet(43)) - raft.server.staging.catchup.gap = 1000 (default)
2019-11-15 03:52:20,421 [2d1b9a28-4ed6-4518-a989-fb5d866f5618@group-6AE7FD78B164-LeaderElection60] INFO  server.RaftServerConfigKeys (ConfUtils.java:logGet(43)) - raft.server.rpc.sleep.time = 25ms (default)
2019-11-15 03:52:20,421 [2d1b9a28-4ed6-4518-a989-fb5d866f5618@group-035243FAB9FF-LeaderElection61] INFO  impl.RaftServerImpl (ServerState.java:setRaftConf(356)) - 2d1b9a28-4ed6-4518-a989-fb5d866f5618@group-035243FAB9FF: set configuration 0: [2d1b9a28-4ed6-4518-a989-fb5d866f5618:192.168.157.206:39845], old=null at 0
2019-11-15 03:52:20,421 [2d1b9a28-4ed6-4518-a989-fb5d866f5618@group-6AE7FD78B164-LeaderElection60] INFO  server.RaftServerConfigKeys (ConfUtils.java:logGet(43)) - raft.server.write.element-limit = 4096 (default)
2019-11-15 03:52:20,421 [EventQueue-PipelineReportForPipelineReportHandler] INFO  pipeline.PipelineStateManager (PipelineStateManager.java:openPipeline(134)) - Pipeline Pipeline[ Id: 14df450b-2db2-4a8e-a73a-6ae7fd78b164, Nodes: b5c8e6ac-78cf-4415-8687-784dd9b9d9de{ip: 192.168.157.206, host: pr-hdds-2493-n7h87-1962818265, networkLocation: /rack1, certSerialId: null}09eef956-613c-46b0-8e56-22120e832e77{ip: 192.168.157.206, host: pr-hdds-2493-n7h87-1962818265, networkLocation: /rack1, certSerialId: null}2d1b9a28-4ed6-4518-a989-fb5d866f5618{ip: 192.168.157.206, host: pr-hdds-2493-n7h87-1962818265, networkLocation: /rack1, certSerialId: null}, Type:RATIS, Factor:THREE, State:OPEN] moved to OPEN state
2019-11-15 03:52:20,421 [2d1b9a28-4ed6-4518-a989-fb5d866f5618@group-6AE7FD78B164-LeaderElection60] INFO  server.RaftServerConfigKeys (ConfUtils.java:logGet(43)) - raft.server.watch.timeout = 10s (default)
2019-11-15 03:52:20,421 [2d1b9a28-4ed6-4518-a989-fb5d866f5618@group-6AE7FD78B164-LeaderElection60] INFO  server.RaftServerConfigKeys (ConfUtils.java:logGet(43)) - raft.server.watch.timeout.denomination = 1s (default)
2019-11-15 03:52:20,422 [2d1b9a28-4ed6-4518-a989-fb5d866f5618@group-6AE7FD78B164-LeaderElection60] INFO  server.RaftServerConfigKeys (ConfUtils.java:logGet(43)) - raft.server.watch.element-limit = 65536 (default)
2019-11-15 03:52:20,422 [2d1b9a28-4ed6-4518-a989-fb5d866f5618@group-6AE7FD78B164-LeaderElection60] INFO  server.RaftServerConfigKeys (ConfUtils.java:logGet(43)) - raft.server.log.appender.snapshot.chunk.size.max = 16MB (=16777216) (default)
2019-11-15 03:52:20,422 [2d1b9a28-4ed6-4518-a989-fb5d866f5618@group-6AE7FD78B164-LeaderElection60] INFO  server.RaftServerConfigKeys (ConfUtils.java:logGet(43)) - raft.server.log.appender.buffer.byte-limit = 33554432 (custom)
2019-11-15 03:52:20,422 [2d1b9a28-4ed6-4518-a989-fb5d866f5618@group-6AE7FD78B164-LeaderElection60] INFO  server.RaftServerConfigKeys (ConfUtils.java:logGet(43)) - raft.server.log.appender.buffer.element-limit = 1 (custom)
2019-11-15 03:52:20,423 [2d1b9a28-4ed6-4518-a989-fb5d866f5618@group-6AE7FD78B164-LeaderElection60] INFO  grpc.GrpcConfigKeys$Server (ConfUtils.java:logGet(43)) - raft.grpc.server.leader.outstanding.appends.max = 128 (default)
2019-11-15 03:52:20,423 [2d1b9a28-4ed6-4518-a989-fb5d866f5618@group-6AE7FD78B164-LeaderElection60] INFO  server.RaftServerConfigKeys (ConfUtils.java:logGet(43)) - raft.server.rpc.request.timeout = 3000ms (default)
2019-11-15 03:52:20,423 [2d1b9a28-4ed6-4518-a989-fb5d866f5618@group-6AE7FD78B164-LeaderElection60] INFO  server.RaftServerConfigKeys (ConfUtils.java:logGet(43)) - raft.server.log.appender.install.snapshot.enabled = false (custom)
2019-11-15 03:52:20,423 [2d1b9a28-4ed6-4518-a989-fb5d866f5618@group-6AE7FD78B164-LeaderElection60] WARN  impl.MetricRegistriesImpl (MetricRegistriesImpl.java:lambda$create$1(61)) - First MetricRegistry has been created without registering reporters. You may need to call MetricRegistries.global().addReportRegistration(...) before.
2019-11-15 03:52:20,423 [2d1b9a28-4ed6-4518-a989-fb5d866f5618@group-6AE7FD78B164-LeaderElection60] INFO  server.RaftServerConfigKeys (ConfUtils.java:logGet(43)) - raft.server.log.appender.snapshot.chunk.size.max = 16MB (=16777216) (default)
2019-11-15 03:52:20,424 [2d1b9a28-4ed6-4518-a989-fb5d866f5618@group-6AE7FD78B164-LeaderElection60] INFO  server.RaftServerConfigKeys (ConfUtils.java:logGet(43)) - raft.server.log.appender.buffer.byte-limit = 33554432 (custom)
2019-11-15 03:52:20,424 [2d1b9a28-4ed6-4518-a989-fb5d866f5618@group-6AE7FD78B164-LeaderElection60] INFO  server.RaftServerConfigKeys (ConfUtils.java:logGet(43)) - raft.server.log.appender.buffer.element-limit = 1 (custom)
2019-11-15 03:52:20,424 [2d1b9a28-4ed6-4518-a989-fb5d866f5618@group-6AE7FD78B164-LeaderElection60] INFO  grpc.GrpcConfigKeys$Server (ConfUtils.java:logGet(43)) - raft.grpc.server.leader.outstanding.appends.max = 128 (default)
2019-11-15 03:52:20,424 [2d1b9a28-4ed6-4518-a989-fb5d866f5618@group-6AE7FD78B164-LeaderElection60] INFO  server.RaftServerConfigKeys (ConfUtils.java:logGet(43)) - raft.server.rpc.request.timeout = 3000ms (default)
2019-11-15 03:52:20,424 [2d1b9a28-4ed6-4518-a989-fb5d866f5618@group-6AE7FD78B164-LeaderElection60] INFO  server.RaftServerConfigKeys (ConfUtils.java:logGet(43)) - raft.server.log.appender.install.snapshot.enabled = false (custom)
2019-11-15 03:52:20,425 [2d1b9a28-4ed6-4518-a989-fb5d866f5618@group-6AE7FD78B164-LeaderElection60] INFO  impl.RoleInfo (RoleInfo.java:updateAndGet(143)) - 2d1b9a28-4ed6-4518-a989-fb5d866f5618: start LeaderState
2019-11-15 03:52:20,425 [2d1b9a28-4ed6-4518-a989-fb5d866f5618@group-6AE7FD78B164-LeaderElection60] INFO  segmented.SegmentedRaftLogWorker (SegmentedRaftLogWorker.java:startLogSegment(385)) - 2d1b9a28-4ed6-4518-a989-fb5d866f5618@group-6AE7FD78B164-SegmentedRaftLogWorker: Starting segment from index:0
2019-11-15 03:52:20,426 [2d1b9a28-4ed6-4518-a989-fb5d866f5618@group-6AE7FD78B164-LeaderElection60] INFO  impl.RaftServerImpl (ServerState.java:setRaftConf(356)) - 2d1b9a28-4ed6-4518-a989-fb5d866f5618@group-6AE7FD78B164: set configuration 0: [b5c8e6ac-78cf-4415-8687-784dd9b9d9de:192.168.157.206:35928, 2d1b9a28-4ed6-4518-a989-fb5d866f5618:192.168.157.206:39845, 09eef956-613c-46b0-8e56-22120e832e77:192.168.157.206:45763], old=null at 0
2019-11-15 03:52:20,462 [grpc-default-executor-0] INFO  ratis.XceiverServerRatis (XceiverServerRatis.java:handleLeaderChangedNotification(697)) - Leader change notification received for group: group-6AE7FD78B164 with new leaderId: 2d1b9a28-4ed6-4518-a989-fb5d866f5618
2019-11-15 03:52:20,463 [grpc-default-executor-5] INFO  ratis.XceiverServerRatis (XceiverServerRatis.java:handleLeaderChangedNotification(697)) - Leader change notification received for group: group-6AE7FD78B164 with new leaderId: 2d1b9a28-4ed6-4518-a989-fb5d866f5618
2019-11-15 03:52:20,463 [grpc-default-executor-0] INFO  impl.RaftServerImpl (ServerState.java:setLeader(255)) - 09eef956-613c-46b0-8e56-22120e832e77@group-6AE7FD78B164: change Leader from null to 2d1b9a28-4ed6-4518-a989-fb5d866f5618 at term 1 for appendEntries, leader elected after 1134ms
2019-11-15 03:52:20,464 [grpc-default-executor-5] INFO  impl.RaftServerImpl (ServerState.java:setLeader(255)) - b5c8e6ac-78cf-4415-8687-784dd9b9d9de@group-6AE7FD78B164: change Leader from null to 2d1b9a28-4ed6-4518-a989-fb5d866f5618 at term 1 for appendEntries, leader elected after 1136ms
2019-11-15 03:52:20,467 [grpc-default-executor-5] INFO  impl.RaftServerImpl (ServerState.java:setRaftConf(356)) - 09eef956-613c-46b0-8e56-22120e832e77@group-6AE7FD78B164: set configuration 0: [b5c8e6ac-78cf-4415-8687-784dd9b9d9de:192.168.157.206:35928, 2d1b9a28-4ed6-4518-a989-fb5d866f5618:192.168.157.206:39845, 09eef956-613c-46b0-8e56-22120e832e77:192.168.157.206:45763], old=null at 0
2019-11-15 03:52:20,467 [grpc-default-executor-0] INFO  impl.RaftServerImpl (ServerState.java:setRaftConf(356)) - b5c8e6ac-78cf-4415-8687-784dd9b9d9de@group-6AE7FD78B164: set configuration 0: [b5c8e6ac-78cf-4415-8687-784dd9b9d9de:192.168.157.206:35928, 2d1b9a28-4ed6-4518-a989-fb5d866f5618:192.168.157.206:39845, 09eef956-613c-46b0-8e56-22120e832e77:192.168.157.206:45763], old=null at 0
2019-11-15 03:52:20,467 [grpc-default-executor-5] INFO  segmented.SegmentedRaftLogWorker (SegmentedRaftLogWorker.java:startLogSegment(385)) - 09eef956-613c-46b0-8e56-22120e832e77@group-6AE7FD78B164-SegmentedRaftLogWorker: Starting segment from index:0
2019-11-15 03:52:20,467 [grpc-default-executor-0] INFO  segmented.SegmentedRaftLogWorker (SegmentedRaftLogWorker.java:startLogSegment(385)) - b5c8e6ac-78cf-4415-8687-784dd9b9d9de@group-6AE7FD78B164-SegmentedRaftLogWorker: Starting segment from index:0
2019-11-15 03:52:20,484 [2d1b9a28-4ed6-4518-a989-fb5d866f5618@group-035243FAB9FF-SegmentedRaftLogWorker] INFO  segmented.SegmentedRaftLogWorker (SegmentedRaftLogWorker.java:execute(576)) - 2d1b9a28-4ed6-4518-a989-fb5d866f5618@group-035243FAB9FF-SegmentedRaftLogWorker: created new log segment /workdir/hadoop-ozone/integration-test/target/test-dir/MiniOzoneClusterImpl-7bc5bb7c-5c55-4645-ae41-72269081a146/datanode-2/data/ratis/29203715-eeca-430f-883c-035243fab9ff/current/log_inprogress_0
2019-11-15 03:52:20,484 [2d1b9a28-4ed6-4518-a989-fb5d866f5618@group-6AE7FD78B164-SegmentedRaftLogWorker] INFO  segmented.SegmentedRaftLogWorker (SegmentedRaftLogWorker.java:execute(576)) - 2d1b9a28-4ed6-4518-a989-fb5d866f5618@group-6AE7FD78B164-SegmentedRaftLogWorker: created new log segment /workdir/hadoop-ozone/integration-test/target/test-dir/MiniOzoneClusterImpl-7bc5bb7c-5c55-4645-ae41-72269081a146/datanode-2/data/ratis/14df450b-2db2-4a8e-a73a-6ae7fd78b164/current/log_inprogress_0
2019-11-15 03:52:20,507 [b5c8e6ac-78cf-4415-8687-784dd9b9d9de@group-6AE7FD78B164-SegmentedRaftLogWorker] INFO  segmented.SegmentedRaftLogWorker (SegmentedRaftLogWorker.java:execute(576)) - b5c8e6ac-78cf-4415-8687-784dd9b9d9de@group-6AE7FD78B164-SegmentedRaftLogWorker: created new log segment /workdir/hadoop-ozone/integration-test/target/test-dir/MiniOzoneClusterImpl-7bc5bb7c-5c55-4645-ae41-72269081a146/datanode-0/data/ratis/14df450b-2db2-4a8e-a73a-6ae7fd78b164/current/log_inprogress_0
2019-11-15 03:52:20,529 [09eef956-613c-46b0-8e56-22120e832e77@group-6AE7FD78B164-SegmentedRaftLogWorker] INFO  segmented.SegmentedRaftLogWorker (SegmentedRaftLogWorker.java:execute(576)) - 09eef956-613c-46b0-8e56-22120e832e77@group-6AE7FD78B164-SegmentedRaftLogWorker: created new log segment /workdir/hadoop-ozone/integration-test/target/test-dir/MiniOzoneClusterImpl-7bc5bb7c-5c55-4645-ae41-72269081a146/datanode-1/data/ratis/14df450b-2db2-4a8e-a73a-6ae7fd78b164/current/log_inprogress_0
2019-11-15 03:52:20,563 [Thread-1530] INFO  impl.FollowerState (FollowerState.java:run(111)) - 32349214-85e6-49cf-bb69-05e83393fdf3@group-4713D1D2FAEC-FollowerState: change to CANDIDATE, lastRpcTime:1141ms, electionTimeout:1141ms
2019-11-15 03:52:20,563 [Thread-1530] INFO  impl.RoleInfo (RoleInfo.java:shutdownFollowerState(121)) - 32349214-85e6-49cf-bb69-05e83393fdf3: shutdown FollowerState
2019-11-15 03:52:20,563 [Thread-1530] INFO  impl.RaftServerImpl (RaftServerImpl.java:setRole(173)) - 32349214-85e6-49cf-bb69-05e83393fdf3@group-4713D1D2FAEC: changes role from  FOLLOWER to CANDIDATE at term 0 for changeToCandidate
2019-11-15 03:52:20,563 [Thread-1530] INFO  impl.RoleInfo (RoleInfo.java:updateAndGet(143)) - 32349214-85e6-49cf-bb69-05e83393fdf3: start LeaderElection
2019-11-15 03:52:20,610 [32349214-85e6-49cf-bb69-05e83393fdf3@group-4713D1D2FAEC-LeaderElection62] INFO  impl.LeaderElection (LeaderElection.java:askForVotes(178)) - 32349214-85e6-49cf-bb69-05e83393fdf3@group-4713D1D2FAEC-LeaderElection62: begin an election at term 1 for -1: [32349214-85e6-49cf-bb69-05e83393fdf3:192.168.157.206:34957], old=null
2019-11-15 03:52:20,610 [32349214-85e6-49cf-bb69-05e83393fdf3@group-4713D1D2FAEC-LeaderElection62] INFO  impl.RoleInfo (RoleInfo.java:shutdownLeaderElection(134)) - 32349214-85e6-49cf-bb69-05e83393fdf3: shutdown LeaderElection
2019-11-15 03:52:20,610 [32349214-85e6-49cf-bb69-05e83393fdf3@group-4713D1D2FAEC-LeaderElection62] INFO  impl.RaftServerImpl (RaftServerImpl.java:setRole(173)) - 32349214-85e6-49cf-bb69-05e83393fdf3@group-4713D1D2FAEC: changes role from CANDIDATE to LEADER at term 1 for changeToLeader
2019-11-15 03:52:20,610 [32349214-85e6-49cf-bb69-05e83393fdf3@group-4713D1D2FAEC-LeaderElection62] INFO  ratis.XceiverServerRatis (XceiverServerRatis.java:handleLeaderChangedNotification(697)) - Leader change notification received for group: group-4713D1D2FAEC with new leaderId: 32349214-85e6-49cf-bb69-05e83393fdf3
2019-11-15 03:52:20,611 [32349214-85e6-49cf-bb69-05e83393fdf3@group-4713D1D2FAEC-LeaderElection62] INFO  impl.RaftServerImpl (ServerState.java:setLeader(255)) - 32349214-85e6-49cf-bb69-05e83393fdf3@group-4713D1D2FAEC: change Leader from null to 32349214-85e6-49cf-bb69-05e83393fdf3 at term 1 for becomeLeader, leader elected after 1192ms
2019-11-15 03:52:20,611 [32349214-85e6-49cf-bb69-05e83393fdf3@group-4713D1D2FAEC-LeaderElection62] INFO  server.RaftServerConfigKeys (ConfUtils.java:logGet(43)) - raft.server.staging.catchup.gap = 1000 (default)
2019-11-15 03:52:20,611 [32349214-85e6-49cf-bb69-05e83393fdf3@group-4713D1D2FAEC-LeaderElection62] INFO  server.RaftServerConfigKeys (ConfUtils.java:logGet(43)) - raft.server.rpc.sleep.time = 25ms (default)
2019-11-15 03:52:20,622 [32349214-85e6-49cf-bb69-05e83393fdf3@group-4713D1D2FAEC-LeaderElection62] INFO  server.RaftServerConfigKeys (ConfUtils.java:logGet(43)) - raft.server.write.element-limit = 4096 (default)
2019-11-15 03:52:20,622 [32349214-85e6-49cf-bb69-05e83393fdf3@group-4713D1D2FAEC-LeaderElection62] INFO  server.RaftServerConfigKeys (ConfUtils.java:logGet(43)) - raft.server.watch.timeout = 10s (default)
2019-11-15 03:52:20,622 [32349214-85e6-49cf-bb69-05e83393fdf3@group-4713D1D2FAEC-LeaderElection62] INFO  server.RaftServerConfigKeys (ConfUtils.java:logGet(43)) - raft.server.watch.timeout.denomination = 1s (default)
2019-11-15 03:52:20,623 [32349214-85e6-49cf-bb69-05e83393fdf3@group-4713D1D2FAEC-LeaderElection62] INFO  server.RaftServerConfigKeys (ConfUtils.java:logGet(43)) - raft.server.watch.element-limit = 65536 (default)
2019-11-15 03:52:20,623 [32349214-85e6-49cf-bb69-05e83393fdf3@group-4713D1D2FAEC-LeaderElection62] INFO  impl.RoleInfo (RoleInfo.java:updateAndGet(143)) - 32349214-85e6-49cf-bb69-05e83393fdf3: start LeaderState
2019-11-15 03:52:20,623 [32349214-85e6-49cf-bb69-05e83393fdf3@group-4713D1D2FAEC-LeaderElection62] INFO  segmented.SegmentedRaftLogWorker (SegmentedRaftLogWorker.java:startLogSegment(385)) - 32349214-85e6-49cf-bb69-05e83393fdf3@group-4713D1D2FAEC-SegmentedRaftLogWorker: Starting segment from index:0
2019-11-15 03:52:20,623 [EventQueue-PipelineReportForPipelineReportHandler] INFO  pipeline.PipelineStateManager (PipelineStateManager.java:openPipeline(134)) - Pipeline Pipeline[ Id: 401cf8d9-8984-4dd8-8e7c-4713d1d2faec, Nodes: 32349214-85e6-49cf-bb69-05e83393fdf3{ip: 192.168.157.206, host: pr-hdds-2493-n7h87-1962818265, networkLocation: /rack1, certSerialId: null}, Type:RATIS, Factor:ONE, State:OPEN] moved to OPEN state
2019-11-15 03:52:20,624 [32349214-85e6-49cf-bb69-05e83393fdf3@group-4713D1D2FAEC-LeaderElection62] INFO  impl.RaftServerImpl (ServerState.java:setRaftConf(356)) - 32349214-85e6-49cf-bb69-05e83393fdf3@group-4713D1D2FAEC: set configuration 0: [32349214-85e6-49cf-bb69-05e83393fdf3:192.168.157.206:34957], old=null at 0
2019-11-15 03:52:20,643 [Thread-1533] INFO  impl.FollowerState (FollowerState.java:run(111)) - 3b6a93a1-3acb-43ad-9bac-2b83b325636a@group-27B3C6E4C406-FollowerState: change to CANDIDATE, lastRpcTime:1157ms, electionTimeout:1157ms
2019-11-15 03:52:20,643 [Thread-1533] INFO  impl.RoleInfo (RoleInfo.java:shutdownFollowerState(121)) - 3b6a93a1-3acb-43ad-9bac-2b83b325636a: shutdown FollowerState
2019-11-15 03:52:20,643 [Thread-1533] INFO  impl.RaftServerImpl (RaftServerImpl.java:setRole(173)) - 3b6a93a1-3acb-43ad-9bac-2b83b325636a@group-27B3C6E4C406: changes role from  FOLLOWER to CANDIDATE at term 0 for changeToCandidate
2019-11-15 03:52:20,643 [Thread-1533] INFO  impl.RoleInfo (RoleInfo.java:updateAndGet(143)) - 3b6a93a1-3acb-43ad-9bac-2b83b325636a: start LeaderElection
2019-11-15 03:52:20,664 [Thread-1536] INFO  impl.FollowerState (FollowerState.java:run(111)) - 43077e3c-832c-4164-9ae4-420ca2301748@group-AC3769E9C6ED-FollowerState: change to CANDIDATE, lastRpcTime:1125ms, electionTimeout:1125ms
2019-11-15 03:52:20,664 [Thread-1536] INFO  impl.RoleInfo (RoleInfo.java:shutdownFollowerState(121)) - 43077e3c-832c-4164-9ae4-420ca2301748: shutdown FollowerState
2019-11-15 03:52:20,664 [Thread-1536] INFO  impl.RaftServerImpl (RaftServerImpl.java:setRole(173)) - 43077e3c-832c-4164-9ae4-420ca2301748@group-AC3769E9C6ED: changes role from  FOLLOWER to CANDIDATE at term 0 for changeToCandidate
2019-11-15 03:52:20,664 [Thread-1536] INFO  impl.RoleInfo (RoleInfo.java:updateAndGet(143)) - 43077e3c-832c-4164-9ae4-420ca2301748: start LeaderElection
2019-11-15 03:52:20,667 [Thread-1539] INFO  impl.FollowerState (FollowerState.java:run(111)) - fae849f2-b585-4c8d-a748-375fffce3265@group-B7D0FDAD4FFB-FollowerState: change to CANDIDATE, lastRpcTime:1063ms, electionTimeout:1061ms
2019-11-15 03:52:20,669 [Thread-1539] INFO  impl.RoleInfo (RoleInfo.java:shutdownFollowerState(121)) - fae849f2-b585-4c8d-a748-375fffce3265: shutdown FollowerState
2019-11-15 03:52:20,669 [Thread-1539] INFO  impl.RaftServerImpl (RaftServerImpl.java:setRole(173)) - fae849f2-b585-4c8d-a748-375fffce3265@group-B7D0FDAD4FFB: changes role from  FOLLOWER to CANDIDATE at term 0 for changeToCandidate
2019-11-15 03:52:20,670 [Thread-1539] INFO  impl.RoleInfo (RoleInfo.java:updateAndGet(143)) - fae849f2-b585-4c8d-a748-375fffce3265: start LeaderElection
2019-11-15 03:52:20,677 [32349214-85e6-49cf-bb69-05e83393fdf3@group-4713D1D2FAEC-SegmentedRaftLogWorker] INFO  segmented.SegmentedRaftLogWorker (SegmentedRaftLogWorker.java:execute(576)) - 32349214-85e6-49cf-bb69-05e83393fdf3@group-4713D1D2FAEC-SegmentedRaftLogWorker: created new log segment /workdir/hadoop-ozone/integration-test/target/test-dir/MiniOzoneClusterImpl-7bc5bb7c-5c55-4645-ae41-72269081a146/datanode-3/data/ratis/401cf8d9-8984-4dd8-8e7c-4713d1d2faec/current/log_inprogress_0
2019-11-15 03:52:20,677 [3b6a93a1-3acb-43ad-9bac-2b83b325636a@group-27B3C6E4C406-LeaderElection63] INFO  impl.LeaderElection (LeaderElection.java:askForVotes(178)) - 3b6a93a1-3acb-43ad-9bac-2b83b325636a@group-27B3C6E4C406-LeaderElection63: begin an election at term 1 for -1: [3b6a93a1-3acb-43ad-9bac-2b83b325636a:192.168.157.206:37982], old=null
2019-11-15 03:52:20,677 [3b6a93a1-3acb-43ad-9bac-2b83b325636a@group-27B3C6E4C406-LeaderElection63] INFO  impl.RoleInfo (RoleInfo.java:shutdownLeaderElection(134)) - 3b6a93a1-3acb-43ad-9bac-2b83b325636a: shutdown LeaderElection
2019-11-15 03:52:20,678 [3b6a93a1-3acb-43ad-9bac-2b83b325636a@group-27B3C6E4C406-LeaderElection63] INFO  impl.RaftServerImpl (RaftServerImpl.java:setRole(173)) - 3b6a93a1-3acb-43ad-9bac-2b83b325636a@group-27B3C6E4C406: changes role from CANDIDATE to LEADER at term 1 for changeToLeader
2019-11-15 03:52:20,678 [3b6a93a1-3acb-43ad-9bac-2b83b325636a@group-27B3C6E4C406-LeaderElection63] INFO  ratis.XceiverServerRatis (XceiverServerRatis.java:handleLeaderChangedNotification(697)) - Leader change notification received for group: group-27B3C6E4C406 with new leaderId: 3b6a93a1-3acb-43ad-9bac-2b83b325636a
2019-11-15 03:52:20,678 [3b6a93a1-3acb-43ad-9bac-2b83b325636a@group-27B3C6E4C406-LeaderElection63] INFO  impl.RaftServerImpl (ServerState.java:setLeader(255)) - 3b6a93a1-3acb-43ad-9bac-2b83b325636a@group-27B3C6E4C406: change Leader from null to 3b6a93a1-3acb-43ad-9bac-2b83b325636a at term 1 for becomeLeader, leader elected after 1196ms
2019-11-15 03:52:20,678 [3b6a93a1-3acb-43ad-9bac-2b83b325636a@group-27B3C6E4C406-LeaderElection63] INFO  server.RaftServerConfigKeys (ConfUtils.java:logGet(43)) - raft.server.staging.catchup.gap = 1000 (default)
2019-11-15 03:52:20,679 [3b6a93a1-3acb-43ad-9bac-2b83b325636a@group-27B3C6E4C406-LeaderElection63] INFO  server.RaftServerConfigKeys (ConfUtils.java:logGet(43)) - raft.server.rpc.sleep.time = 25ms (default)
2019-11-15 03:52:20,681 [3b6a93a1-3acb-43ad-9bac-2b83b325636a@group-27B3C6E4C406-LeaderElection63] INFO  server.RaftServerConfigKeys (ConfUtils.java:logGet(43)) - raft.server.write.element-limit = 4096 (default)
2019-11-15 03:52:20,681 [3b6a93a1-3acb-43ad-9bac-2b83b325636a@group-27B3C6E4C406-LeaderElection63] INFO  server.RaftServerConfigKeys (ConfUtils.java:logGet(43)) - raft.server.watch.timeout = 10s (default)
2019-11-15 03:52:20,681 [3b6a93a1-3acb-43ad-9bac-2b83b325636a@group-27B3C6E4C406-LeaderElection63] INFO  server.RaftServerConfigKeys (ConfUtils.java:logGet(43)) - raft.server.watch.timeout.denomination = 1s (default)
2019-11-15 03:52:20,682 [3b6a93a1-3acb-43ad-9bac-2b83b325636a@group-27B3C6E4C406-LeaderElection63] INFO  server.RaftServerConfigKeys (ConfUtils.java:logGet(43)) - raft.server.watch.element-limit = 65536 (default)
2019-11-15 03:52:20,682 [3b6a93a1-3acb-43ad-9bac-2b83b325636a@group-27B3C6E4C406-LeaderElection63] INFO  impl.RoleInfo (RoleInfo.java:updateAndGet(143)) - 3b6a93a1-3acb-43ad-9bac-2b83b325636a: start LeaderState
2019-11-15 03:52:20,682 [3b6a93a1-3acb-43ad-9bac-2b83b325636a@group-27B3C6E4C406-LeaderElection63] INFO  segmented.SegmentedRaftLogWorker (SegmentedRaftLogWorker.java:startLogSegment(385)) - 3b6a93a1-3acb-43ad-9bac-2b83b325636a@group-27B3C6E4C406-SegmentedRaftLogWorker: Starting segment from index:0
2019-11-15 03:52:20,682 [EventQueue-PipelineReportForPipelineReportHandler] INFO  pipeline.PipelineStateManager (PipelineStateManager.java:openPipeline(134)) - Pipeline Pipeline[ Id: e65f5393-2767-4eae-b594-27b3c6e4c406, Nodes: 3b6a93a1-3acb-43ad-9bac-2b83b325636a{ip: 192.168.157.206, host: pr-hdds-2493-n7h87-1962818265, networkLocation: /rack1, certSerialId: null}, Type:RATIS, Factor:ONE, State:OPEN] moved to OPEN state
2019-11-15 03:52:20,683 [3b6a93a1-3acb-43ad-9bac-2b83b325636a@group-27B3C6E4C406-LeaderElection63] INFO  impl.RaftServerImpl (ServerState.java:setRaftConf(356)) - 3b6a93a1-3acb-43ad-9bac-2b83b325636a@group-27B3C6E4C406: set configuration 0: [3b6a93a1-3acb-43ad-9bac-2b83b325636a:192.168.157.206:37982], old=null at 0
2019-11-15 03:52:20,702 [43077e3c-832c-4164-9ae4-420ca2301748@group-AC3769E9C6ED-LeaderElection64] INFO  impl.LeaderElection (LeaderElection.java:askForVotes(178)) - 43077e3c-832c-4164-9ae4-420ca2301748@group-AC3769E9C6ED-LeaderElection64: begin an election at term 1 for -1: [43077e3c-832c-4164-9ae4-420ca2301748:192.168.157.206:45724], old=null
2019-11-15 03:52:20,702 [fae849f2-b585-4c8d-a748-375fffce3265@group-B7D0FDAD4FFB-LeaderElection65] INFO  impl.LeaderElection (LeaderElection.java:askForVotes(178)) - fae849f2-b585-4c8d-a748-375fffce3265@group-B7D0FDAD4FFB-LeaderElection65: begin an election at term 1 for -1: [fae849f2-b585-4c8d-a748-375fffce3265:192.168.157.206:39095], old=null
2019-11-15 03:52:20,703 [43077e3c-832c-4164-9ae4-420ca2301748@group-AC3769E9C6ED-LeaderElection64] INFO  impl.RoleInfo (RoleInfo.java:shutdownLeaderElection(134)) - 43077e3c-832c-4164-9ae4-420ca2301748: shutdown LeaderElection
2019-11-15 03:52:20,703 [fae849f2-b585-4c8d-a748-375fffce3265@group-B7D0FDAD4FFB-LeaderElection65] INFO  impl.RoleInfo (RoleInfo.java:shutdownLeaderElection(134)) - fae849f2-b585-4c8d-a748-375fffce3265: shutdown LeaderElection
2019-11-15 03:52:20,703 [43077e3c-832c-4164-9ae4-420ca2301748@group-AC3769E9C6ED-LeaderElection64] INFO  impl.RaftServerImpl (RaftServerImpl.java:setRole(173)) - 43077e3c-832c-4164-9ae4-420ca2301748@group-AC3769E9C6ED: changes role from CANDIDATE to LEADER at term 1 for changeToLeader
2019-11-15 03:52:20,703 [fae849f2-b585-4c8d-a748-375fffce3265@group-B7D0FDAD4FFB-LeaderElection65] INFO  impl.RaftServerImpl (RaftServerImpl.java:setRole(173)) - fae849f2-b585-4c8d-a748-375fffce3265@group-B7D0FDAD4FFB: changes role from CANDIDATE to LEADER at term 1 for changeToLeader
2019-11-15 03:52:20,703 [43077e3c-832c-4164-9ae4-420ca2301748@group-AC3769E9C6ED-LeaderElection64] INFO  ratis.XceiverServerRatis (XceiverServerRatis.java:handleLeaderChangedNotification(697)) - Leader change notification received for group: group-AC3769E9C6ED with new leaderId: 43077e3c-832c-4164-9ae4-420ca2301748
2019-11-15 03:52:20,703 [fae849f2-b585-4c8d-a748-375fffce3265@group-B7D0FDAD4FFB-LeaderElection65] INFO  ratis.XceiverServerRatis (XceiverServerRatis.java:handleLeaderChangedNotification(697)) - Leader change notification received for group: group-B7D0FDAD4FFB with new leaderId: fae849f2-b585-4c8d-a748-375fffce3265
2019-11-15 03:52:20,703 [43077e3c-832c-4164-9ae4-420ca2301748@group-AC3769E9C6ED-LeaderElection64] INFO  impl.RaftServerImpl (ServerState.java:setLeader(255)) - 43077e3c-832c-4164-9ae4-420ca2301748@group-AC3769E9C6ED: change Leader from null to 43077e3c-832c-4164-9ae4-420ca2301748 at term 1 for becomeLeader, leader elected after 1167ms
2019-11-15 03:52:20,703 [fae849f2-b585-4c8d-a748-375fffce3265@group-B7D0FDAD4FFB-LeaderElection65] INFO  impl.RaftServerImpl (ServerState.java:setLeader(255)) - fae849f2-b585-4c8d-a748-375fffce3265@group-B7D0FDAD4FFB: change Leader from null to fae849f2-b585-4c8d-a748-375fffce3265 at term 1 for becomeLeader, leader elected after 1103ms
2019-11-15 03:52:20,703 [43077e3c-832c-4164-9ae4-420ca2301748@group-AC3769E9C6ED-LeaderElection64] INFO  server.RaftServerConfigKeys (ConfUtils.java:logGet(43)) - raft.server.staging.catchup.gap = 1000 (default)
2019-11-15 03:52:20,704 [fae849f2-b585-4c8d-a748-375fffce3265@group-B7D0FDAD4FFB-LeaderElection65] INFO  server.RaftServerConfigKeys (ConfUtils.java:logGet(43)) - raft.server.staging.catchup.gap = 1000 (default)
2019-11-15 03:52:20,712 [43077e3c-832c-4164-9ae4-420ca2301748@group-AC3769E9C6ED-LeaderElection64] INFO  server.RaftServerConfigKeys (ConfUtils.java:logGet(43)) - raft.server.rpc.sleep.time = 25ms (default)
2019-11-15 03:52:20,714 [fae849f2-b585-4c8d-a748-375fffce3265@group-B7D0FDAD4FFB-LeaderElection65] INFO  server.RaftServerConfigKeys (ConfUtils.java:logGet(43)) - raft.server.rpc.sleep.time = 25ms (default)
2019-11-15 03:52:20,715 [43077e3c-832c-4164-9ae4-420ca2301748@group-AC3769E9C6ED-LeaderElection64] INFO  server.RaftServerConfigKeys (ConfUtils.java:logGet(43)) - raft.server.write.element-limit = 4096 (default)
2019-11-15 03:52:20,715 [fae849f2-b585-4c8d-a748-375fffce3265@group-B7D0FDAD4FFB-LeaderElection65] INFO  server.RaftServerConfigKeys (ConfUtils.java:logGet(43)) - raft.server.write.element-limit = 4096 (default)
2019-11-15 03:52:20,715 [fae849f2-b585-4c8d-a748-375fffce3265@group-B7D0FDAD4FFB-LeaderElection65] INFO  server.RaftServerConfigKeys (ConfUtils.java:logGet(43)) - raft.server.watch.timeout = 10s (default)
2019-11-15 03:52:20,715 [fae849f2-b585-4c8d-a748-375fffce3265@group-B7D0FDAD4FFB-LeaderElection65] INFO  server.RaftServerConfigKeys (ConfUtils.java:logGet(43)) - raft.server.watch.timeout.denomination = 1s (default)
2019-11-15 03:52:20,715 [43077e3c-832c-4164-9ae4-420ca2301748@group-AC3769E9C6ED-LeaderElection64] INFO  server.RaftServerConfigKeys (ConfUtils.java:logGet(43)) - raft.server.watch.timeout = 10s (default)
2019-11-15 03:52:20,715 [fae849f2-b585-4c8d-a748-375fffce3265@group-B7D0FDAD4FFB-LeaderElection65] INFO  server.RaftServerConfigKeys (ConfUtils.java:logGet(43)) - raft.server.watch.element-limit = 65536 (default)
2019-11-15 03:52:20,715 [EventQueue-PipelineReportForPipelineReportHandler] INFO  pipeline.PipelineStateManager (PipelineStateManager.java:openPipeline(134)) - Pipeline Pipeline[ Id: f6f5cf6f-265a-47cb-87f5-ac3769e9c6ed, Nodes: 43077e3c-832c-4164-9ae4-420ca2301748{ip: 192.168.157.206, host: pr-hdds-2493-n7h87-1962818265, networkLocation: /rack1, certSerialId: null}, Type:RATIS, Factor:ONE, State:OPEN] moved to OPEN state
2019-11-15 03:52:20,715 [fae849f2-b585-4c8d-a748-375fffce3265@group-B7D0FDAD4FFB-LeaderElection65] INFO  impl.RoleInfo (RoleInfo.java:updateAndGet(143)) - fae849f2-b585-4c8d-a748-375fffce3265: start LeaderState
2019-11-15 03:52:20,715 [43077e3c-832c-4164-9ae4-420ca2301748@group-AC3769E9C6ED-LeaderElection64] INFO  server.RaftServerConfigKeys (ConfUtils.java:logGet(43)) - raft.server.watch.timeout.denomination = 1s (default)
2019-11-15 03:52:20,716 [fae849f2-b585-4c8d-a748-375fffce3265@group-B7D0FDAD4FFB-LeaderElection65] INFO  segmented.SegmentedRaftLogWorker (SegmentedRaftLogWorker.java:startLogSegment(385)) - fae849f2-b585-4c8d-a748-375fffce3265@group-B7D0FDAD4FFB-SegmentedRaftLogWorker: Starting segment from index:0
2019-11-15 03:52:20,716 [EventQueue-PipelineReportForPipelineReportHandler] INFO  pipeline.PipelineStateManager (PipelineStateManager.java:openPipeline(134)) - Pipeline Pipeline[ Id: 6e9ff33e-dca4-44b1-a677-b7d0fdad4ffb, Nodes: fae849f2-b585-4c8d-a748-375fffce3265{ip: 192.168.157.206, host: pr-hdds-2493-n7h87-1962818265, networkLocation: /rack1, certSerialId: null}, Type:RATIS, Factor:ONE, State:OPEN] moved to OPEN state
2019-11-15 03:52:20,716 [43077e3c-832c-4164-9ae4-420ca2301748@group-AC3769E9C6ED-LeaderElection64] INFO  server.RaftServerConfigKeys (ConfUtils.java:logGet(43)) - raft.server.watch.element-limit = 65536 (default)
2019-11-15 03:52:20,716 [fae849f2-b585-4c8d-a748-375fffce3265@group-B7D0FDAD4FFB-LeaderElection65] INFO  impl.RaftServerImpl (ServerState.java:setRaftConf(356)) - fae849f2-b585-4c8d-a748-375fffce3265@group-B7D0FDAD4FFB: set configuration 0: [fae849f2-b585-4c8d-a748-375fffce3265:192.168.157.206:39095], old=null at 0
2019-11-15 03:52:20,716 [43077e3c-832c-4164-9ae4-420ca2301748@group-AC3769E9C6ED-LeaderElection64] INFO  impl.RoleInfo (RoleInfo.java:updateAndGet(143)) - 43077e3c-832c-4164-9ae4-420ca2301748: start LeaderState
2019-11-15 03:52:20,717 [43077e3c-832c-4164-9ae4-420ca2301748@group-AC3769E9C6ED-LeaderElection64] INFO  segmented.SegmentedRaftLogWorker (SegmentedRaftLogWorker.java:startLogSegment(385)) - 43077e3c-832c-4164-9ae4-420ca2301748@group-AC3769E9C6ED-SegmentedRaftLogWorker: Starting segment from index:0
2019-11-15 03:52:20,717 [43077e3c-832c-4164-9ae4-420ca2301748@group-AC3769E9C6ED-LeaderElection64] INFO  impl.RaftServerImpl (ServerState.java:setRaftConf(356)) - 43077e3c-832c-4164-9ae4-420ca2301748@group-AC3769E9C6ED: set configuration 0: [43077e3c-832c-4164-9ae4-420ca2301748:192.168.157.206:45724], old=null at 0
2019-11-15 03:52:20,725 [Thread-1542] INFO  impl.FollowerState (FollowerState.java:run(111)) - 1f296aea-c4ef-4ad0-bd70-4536dedd0da2@group-0839D3B4DA55-FollowerState: change to CANDIDATE, lastRpcTime:1061ms, electionTimeout:1061ms
2019-11-15 03:52:20,725 [Thread-1542] INFO  impl.RoleInfo (RoleInfo.java:shutdownFollowerState(121)) - 1f296aea-c4ef-4ad0-bd70-4536dedd0da2: shutdown FollowerState
2019-11-15 03:52:20,726 [Thread-1542] INFO  impl.RaftServerImpl (RaftServerImpl.java:setRole(173)) - 1f296aea-c4ef-4ad0-bd70-4536dedd0da2@group-0839D3B4DA55: changes role from  FOLLOWER to CANDIDATE at term 0 for changeToCandidate
2019-11-15 03:52:20,726 [Thread-1542] INFO  impl.RoleInfo (RoleInfo.java:updateAndGet(143)) - 1f296aea-c4ef-4ad0-bd70-4536dedd0da2: start LeaderElection
2019-11-15 03:52:20,756 [3b6a93a1-3acb-43ad-9bac-2b83b325636a@group-27B3C6E4C406-SegmentedRaftLogWorker] INFO  segmented.SegmentedRaftLogWorker (SegmentedRaftLogWorker.java:execute(576)) - 3b6a93a1-3acb-43ad-9bac-2b83b325636a@group-27B3C6E4C406-SegmentedRaftLogWorker: created new log segment /workdir/hadoop-ozone/integration-test/target/test-dir/MiniOzoneClusterImpl-7bc5bb7c-5c55-4645-ae41-72269081a146/datanode-5/data/ratis/e65f5393-2767-4eae-b594-27b3c6e4c406/current/log_inprogress_0
2019-11-15 03:52:20,778 [Thread-1548] INFO  impl.FollowerState (FollowerState.java:run(111)) - 8c6299e1-e84a-4bf3-8558-225b6553f707@group-65591401F86C-FollowerState: change to CANDIDATE, lastRpcTime:1013ms, electionTimeout:1013ms
2019-11-15 03:52:20,778 [43077e3c-832c-4164-9ae4-420ca2301748@group-AC3769E9C6ED-SegmentedRaftLogWorker] INFO  segmented.SegmentedRaftLogWorker (SegmentedRaftLogWorker.java:execute(576)) - 43077e3c-832c-4164-9ae4-420ca2301748@group-AC3769E9C6ED-SegmentedRaftLogWorker: created new log segment /workdir/hadoop-ozone/integration-test/target/test-dir/MiniOzoneClusterImpl-7bc5bb7c-5c55-4645-ae41-72269081a146/datanode-6/data/ratis/f6f5cf6f-265a-47cb-87f5-ac3769e9c6ed/current/log_inprogress_0
2019-11-15 03:52:20,778 [Thread-1548] INFO  impl.RoleInfo (RoleInfo.java:shutdownFollowerState(121)) - 8c6299e1-e84a-4bf3-8558-225b6553f707: shutdown FollowerState
2019-11-15 03:52:20,778 [fae849f2-b585-4c8d-a748-375fffce3265@group-B7D0FDAD4FFB-SegmentedRaftLogWorker] INFO  segmented.SegmentedRaftLogWorker (SegmentedRaftLogWorker.java:execute(576)) - fae849f2-b585-4c8d-a748-375fffce3265@group-B7D0FDAD4FFB-SegmentedRaftLogWorker: created new log segment /workdir/hadoop-ozone/integration-test/target/test-dir/MiniOzoneClusterImpl-7bc5bb7c-5c55-4645-ae41-72269081a146/datanode-4/data/ratis/6e9ff33e-dca4-44b1-a677-b7d0fdad4ffb/current/log_inprogress_0
2019-11-15 03:52:20,778 [Thread-1548] INFO  impl.RaftServerImpl (RaftServerImpl.java:setRole(173)) - 8c6299e1-e84a-4bf3-8558-225b6553f707@group-65591401F86C: changes role from  FOLLOWER to CANDIDATE at term 0 for changeToCandidate
2019-11-15 03:52:20,778 [1f296aea-c4ef-4ad0-bd70-4536dedd0da2@group-0839D3B4DA55-LeaderElection66] INFO  impl.LeaderElection (LeaderElection.java:askForVotes(178)) - 1f296aea-c4ef-4ad0-bd70-4536dedd0da2@group-0839D3B4DA55-LeaderElection66: begin an election at term 1 for -1: [1f296aea-c4ef-4ad0-bd70-4536dedd0da2:192.168.157.206:43123], old=null
2019-11-15 03:52:20,779 [Thread-1548] INFO  impl.RoleInfo (RoleInfo.java:updateAndGet(143)) - 8c6299e1-e84a-4bf3-8558-225b6553f707: start LeaderElection
2019-11-15 03:52:20,779 [1f296aea-c4ef-4ad0-bd70-4536dedd0da2@group-0839D3B4DA55-LeaderElection66] INFO  impl.RoleInfo (RoleInfo.java:shutdownLeaderElection(134)) - 1f296aea-c4ef-4ad0-bd70-4536dedd0da2: shutdown LeaderElection
2019-11-15 03:52:20,779 [1f296aea-c4ef-4ad0-bd70-4536dedd0da2@group-0839D3B4DA55-LeaderElection66] INFO  impl.RaftServerImpl (RaftServerImpl.java:setRole(173)) - 1f296aea-c4ef-4ad0-bd70-4536dedd0da2@group-0839D3B4DA55: changes role from CANDIDATE to LEADER at term 1 for changeToLeader
2019-11-15 03:52:20,779 [1f296aea-c4ef-4ad0-bd70-4536dedd0da2@group-0839D3B4DA55-LeaderElection66] INFO  ratis.XceiverServerRatis (XceiverServerRatis.java:handleLeaderChangedNotification(697)) - Leader change notification received for group: group-0839D3B4DA55 with new leaderId: 1f296aea-c4ef-4ad0-bd70-4536dedd0da2
2019-11-15 03:52:20,784 [1f296aea-c4ef-4ad0-bd70-4536dedd0da2@group-0839D3B4DA55-LeaderElection66] INFO  impl.RaftServerImpl (ServerState.java:setLeader(255)) - 1f296aea-c4ef-4ad0-bd70-4536dedd0da2@group-0839D3B4DA55: change Leader from null to 1f296aea-c4ef-4ad0-bd70-4536dedd0da2 at term 1 for becomeLeader, leader elected after 1119ms
2019-11-15 03:52:20,784 [1f296aea-c4ef-4ad0-bd70-4536dedd0da2@group-0839D3B4DA55-LeaderElection66] INFO  server.RaftServerConfigKeys (ConfUtils.java:logGet(43)) - raft.server.staging.catchup.gap = 1000 (default)
2019-11-15 03:52:20,786 [1f296aea-c4ef-4ad0-bd70-4536dedd0da2@group-0839D3B4DA55-LeaderElection66] INFO  server.RaftServerConfigKeys (ConfUtils.java:logGet(43)) - raft.server.rpc.sleep.time = 25ms (default)
2019-11-15 03:52:20,786 [1f296aea-c4ef-4ad0-bd70-4536dedd0da2@group-0839D3B4DA55-LeaderElection66] INFO  server.RaftServerConfigKeys (ConfUtils.java:logGet(43)) - raft.server.write.element-limit = 4096 (default)
2019-11-15 03:52:20,786 [1f296aea-c4ef-4ad0-bd70-4536dedd0da2@group-0839D3B4DA55-LeaderElection66] INFO  server.RaftServerConfigKeys (ConfUtils.java:logGet(43)) - raft.server.watch.timeout = 10s (default)
2019-11-15 03:52:20,786 [1f296aea-c4ef-4ad0-bd70-4536dedd0da2@group-0839D3B4DA55-LeaderElection66] INFO  server.RaftServerConfigKeys (ConfUtils.java:logGet(43)) - raft.server.watch.timeout.denomination = 1s (default)
2019-11-15 03:52:20,787 [1f296aea-c4ef-4ad0-bd70-4536dedd0da2@group-0839D3B4DA55-LeaderElection66] INFO  server.RaftServerConfigKeys (ConfUtils.java:logGet(43)) - raft.server.watch.element-limit = 65536 (default)
2019-11-15 03:52:20,787 [1f296aea-c4ef-4ad0-bd70-4536dedd0da2@group-0839D3B4DA55-LeaderElection66] INFO  impl.RoleInfo (RoleInfo.java:updateAndGet(143)) - 1f296aea-c4ef-4ad0-bd70-4536dedd0da2: start LeaderState
2019-11-15 03:52:20,787 [EventQueue-PipelineReportForPipelineReportHandler] INFO  pipeline.PipelineStateManager (PipelineStateManager.java:openPipeline(134)) - Pipeline Pipeline[ Id: 95aa4ed6-4f99-4589-802f-0839d3b4da55, Nodes: 1f296aea-c4ef-4ad0-bd70-4536dedd0da2{ip: 192.168.157.206, host: pr-hdds-2493-n7h87-1962818265, networkLocation: /rack1, certSerialId: null}, Type:RATIS, Factor:ONE, State:OPEN] moved to OPEN state
2019-11-15 03:52:20,787 [1f296aea-c4ef-4ad0-bd70-4536dedd0da2@group-0839D3B4DA55-LeaderElection66] INFO  segmented.SegmentedRaftLogWorker (SegmentedRaftLogWorker.java:startLogSegment(385)) - 1f296aea-c4ef-4ad0-bd70-4536dedd0da2@group-0839D3B4DA55-SegmentedRaftLogWorker: Starting segment from index:0
2019-11-15 03:52:20,788 [1f296aea-c4ef-4ad0-bd70-4536dedd0da2@group-0839D3B4DA55-LeaderElection66] INFO  impl.RaftServerImpl (ServerState.java:setRaftConf(356)) - 1f296aea-c4ef-4ad0-bd70-4536dedd0da2@group-0839D3B4DA55: set configuration 0: [1f296aea-c4ef-4ad0-bd70-4536dedd0da2:192.168.157.206:43123], old=null at 0
2019-11-15 03:52:20,805 [8c6299e1-e84a-4bf3-8558-225b6553f707@group-65591401F86C-LeaderElection67] INFO  impl.LeaderElection (LeaderElection.java:askForVotes(178)) - 8c6299e1-e84a-4bf3-8558-225b6553f707@group-65591401F86C-LeaderElection67: begin an election at term 1 for -1: [8c6299e1-e84a-4bf3-8558-225b6553f707:192.168.157.206:40623], old=null
2019-11-15 03:52:20,805 [8c6299e1-e84a-4bf3-8558-225b6553f707@group-65591401F86C-LeaderElection67] INFO  impl.RoleInfo (RoleInfo.java:shutdownLeaderElection(134)) - 8c6299e1-e84a-4bf3-8558-225b6553f707: shutdown LeaderElection
2019-11-15 03:52:20,805 [8c6299e1-e84a-4bf3-8558-225b6553f707@group-65591401F86C-LeaderElection67] INFO  impl.RaftServerImpl (RaftServerImpl.java:setRole(173)) - 8c6299e1-e84a-4bf3-8558-225b6553f707@group-65591401F86C: changes role from CANDIDATE to LEADER at term 1 for changeToLeader
2019-11-15 03:52:20,805 [8c6299e1-e84a-4bf3-8558-225b6553f707@group-65591401F86C-LeaderElection67] INFO  ratis.XceiverServerRatis (XceiverServerRatis.java:handleLeaderChangedNotification(697)) - Leader change notification received for group: group-65591401F86C with new leaderId: 8c6299e1-e84a-4bf3-8558-225b6553f707
2019-11-15 03:52:20,821 [8c6299e1-e84a-4bf3-8558-225b6553f707@group-65591401F86C-LeaderElection67] INFO  impl.RaftServerImpl (ServerState.java:setLeader(255)) - 8c6299e1-e84a-4bf3-8558-225b6553f707@group-65591401F86C: change Leader from null to 8c6299e1-e84a-4bf3-8558-225b6553f707 at term 1 for becomeLeader, leader elected after 1044ms
2019-11-15 03:52:20,821 [8c6299e1-e84a-4bf3-8558-225b6553f707@group-65591401F86C-LeaderElection67] INFO  server.RaftServerConfigKeys (ConfUtils.java:logGet(43)) - raft.server.staging.catchup.gap = 1000 (default)
2019-11-15 03:52:20,824 [8c6299e1-e84a-4bf3-8558-225b6553f707@group-65591401F86C-LeaderElection67] INFO  server.RaftServerConfigKeys (ConfUtils.java:logGet(43)) - raft.server.rpc.sleep.time = 25ms (default)
2019-11-15 03:52:20,824 [8c6299e1-e84a-4bf3-8558-225b6553f707@group-65591401F86C-LeaderElection67] INFO  server.RaftServerConfigKeys (ConfUtils.java:logGet(43)) - raft.server.write.element-limit = 4096 (default)
2019-11-15 03:52:20,824 [8c6299e1-e84a-4bf3-8558-225b6553f707@group-65591401F86C-LeaderElection67] INFO  server.RaftServerConfigKeys (ConfUtils.java:logGet(43)) - raft.server.watch.timeout = 10s (default)
2019-11-15 03:52:20,824 [8c6299e1-e84a-4bf3-8558-225b6553f707@group-65591401F86C-LeaderElection67] INFO  server.RaftServerConfigKeys (ConfUtils.java:logGet(43)) - raft.server.watch.timeout.denomination = 1s (default)
2019-11-15 03:52:20,824 [8c6299e1-e84a-4bf3-8558-225b6553f707@group-65591401F86C-LeaderElection67] INFO  server.RaftServerConfigKeys (ConfUtils.java:logGet(43)) - raft.server.watch.element-limit = 65536 (default)
2019-11-15 03:52:20,824 [8c6299e1-e84a-4bf3-8558-225b6553f707@group-65591401F86C-LeaderElection67] INFO  impl.RoleInfo (RoleInfo.java:updateAndGet(143)) - 8c6299e1-e84a-4bf3-8558-225b6553f707: start LeaderState
2019-11-15 03:52:20,825 [EventQueue-PipelineReportForPipelineReportHandler] INFO  pipeline.PipelineStateManager (PipelineStateManager.java:openPipeline(134)) - Pipeline Pipeline[ Id: 86141a45-ec77-49fa-a75c-65591401f86c, Nodes: 8c6299e1-e84a-4bf3-8558-225b6553f707{ip: 192.168.157.206, host: pr-hdds-2493-n7h87-1962818265, networkLocation: /rack1, certSerialId: null}, Type:RATIS, Factor:ONE, State:OPEN] moved to OPEN state
2019-11-15 03:52:20,825 [8c6299e1-e84a-4bf3-8558-225b6553f707@group-65591401F86C-LeaderElection67] INFO  segmented.SegmentedRaftLogWorker (SegmentedRaftLogWorker.java:startLogSegment(385)) - 8c6299e1-e84a-4bf3-8558-225b6553f707@group-65591401F86C-SegmentedRaftLogWorker: Starting segment from index:0
2019-11-15 03:52:20,825 [8c6299e1-e84a-4bf3-8558-225b6553f707@group-65591401F86C-LeaderElection67] INFO  impl.RaftServerImpl (ServerState.java:setRaftConf(356)) - 8c6299e1-e84a-4bf3-8558-225b6553f707@group-65591401F86C: set configuration 0: [8c6299e1-e84a-4bf3-8558-225b6553f707:192.168.157.206:40623], old=null at 0
2019-11-15 03:52:20,841 [Thread-1555] INFO  impl.FollowerState (FollowerState.java:run(111)) - 32349214-85e6-49cf-bb69-05e83393fdf3@group-CEBB0E7FBCED-FollowerState: change to CANDIDATE, lastRpcTime:1006ms, electionTimeout:1006ms
2019-11-15 03:52:20,841 [Thread-1555] INFO  impl.RoleInfo (RoleInfo.java:shutdownFollowerState(121)) - 32349214-85e6-49cf-bb69-05e83393fdf3: shutdown FollowerState
2019-11-15 03:52:20,841 [Thread-1555] INFO  impl.RaftServerImpl (RaftServerImpl.java:setRole(173)) - 32349214-85e6-49cf-bb69-05e83393fdf3@group-CEBB0E7FBCED: changes role from  FOLLOWER to CANDIDATE at term 0 for changeToCandidate
2019-11-15 03:52:20,841 [Thread-1555] INFO  impl.RoleInfo (RoleInfo.java:updateAndGet(143)) - 32349214-85e6-49cf-bb69-05e83393fdf3: start LeaderElection
2019-11-15 03:52:20,865 [1f296aea-c4ef-4ad0-bd70-4536dedd0da2@group-0839D3B4DA55-SegmentedRaftLogWorker] INFO  segmented.SegmentedRaftLogWorker (SegmentedRaftLogWorker.java:execute(576)) - 1f296aea-c4ef-4ad0-bd70-4536dedd0da2@group-0839D3B4DA55-SegmentedRaftLogWorker: created new log segment /workdir/hadoop-ozone/integration-test/target/test-dir/MiniOzoneClusterImpl-7bc5bb7c-5c55-4645-ae41-72269081a146/datanode-7/data/ratis/95aa4ed6-4f99-4589-802f-0839d3b4da55/current/log_inprogress_0
2019-11-15 03:52:20,876 [Thread-1545] INFO  impl.FollowerState (FollowerState.java:run(111)) - 210c69a5-373c-4b50-aa91-938bcd06c3c6@group-932ABE650C5D-FollowerState: change to CANDIDATE, lastRpcTime:1167ms, electionTimeout:1167ms
2019-11-15 03:52:20,876 [Thread-1545] INFO  impl.RoleInfo (RoleInfo.java:shutdownFollowerState(121)) - 210c69a5-373c-4b50-aa91-938bcd06c3c6: shutdown FollowerState
2019-11-15 03:52:20,876 [Thread-1545] INFO  impl.RaftServerImpl (RaftServerImpl.java:setRole(173)) - 210c69a5-373c-4b50-aa91-938bcd06c3c6@group-932ABE650C5D: changes role from  FOLLOWER to CANDIDATE at term 0 for changeToCandidate
2019-11-15 03:52:20,876 [Thread-1545] INFO  impl.RoleInfo (RoleInfo.java:updateAndGet(143)) - 210c69a5-373c-4b50-aa91-938bcd06c3c6: start LeaderElection
2019-11-15 03:52:20,889 [8c6299e1-e84a-4bf3-8558-225b6553f707@group-65591401F86C-SegmentedRaftLogWorker] INFO  segmented.SegmentedRaftLogWorker (SegmentedRaftLogWorker.java:execute(576)) - 8c6299e1-e84a-4bf3-8558-225b6553f707@group-65591401F86C-SegmentedRaftLogWorker: created new log segment /workdir/hadoop-ozone/integration-test/target/test-dir/MiniOzoneClusterImpl-7bc5bb7c-5c55-4645-ae41-72269081a146/datanode-9/data/ratis/86141a45-ec77-49fa-a75c-65591401f86c/current/log_inprogress_0
2019-11-15 03:52:20,889 [32349214-85e6-49cf-bb69-05e83393fdf3@group-CEBB0E7FBCED-LeaderElection68] INFO  impl.LeaderElection (LeaderElection.java:askForVotes(178)) - 32349214-85e6-49cf-bb69-05e83393fdf3@group-CEBB0E7FBCED-LeaderElection68: begin an election at term 1 for -1: [43077e3c-832c-4164-9ae4-420ca2301748:192.168.157.206:45724, 32349214-85e6-49cf-bb69-05e83393fdf3:192.168.157.206:34957, 1f296aea-c4ef-4ad0-bd70-4536dedd0da2:192.168.157.206:43123], old=null
2019-11-15 03:52:20,896 [grpc-default-executor-0] INFO  impl.RaftServerImpl (RaftServerImpl.java:setRole(173)) - 1f296aea-c4ef-4ad0-bd70-4536dedd0da2@group-CEBB0E7FBCED: changes role from  FOLLOWER to FOLLOWER at term 1 for recognizeCandidate:32349214-85e6-49cf-bb69-05e83393fdf3
2019-11-15 03:52:20,896 [grpc-default-executor-0] INFO  impl.RoleInfo (RoleInfo.java:shutdownFollowerState(121)) - 1f296aea-c4ef-4ad0-bd70-4536dedd0da2: shutdown FollowerState
2019-11-15 03:52:20,899 [grpc-default-executor-5] INFO  impl.RaftServerImpl (RaftServerImpl.java:setRole(173)) - 43077e3c-832c-4164-9ae4-420ca2301748@group-CEBB0E7FBCED: changes role from  FOLLOWER to FOLLOWER at term 1 for recognizeCandidate:32349214-85e6-49cf-bb69-05e83393fdf3
2019-11-15 03:52:20,900 [Thread-1556] INFO  impl.FollowerState (FollowerState.java:run(120)) - 1f296aea-c4ef-4ad0-bd70-4536dedd0da2@group-CEBB0E7FBCED-FollowerState was interrupted: java.lang.InterruptedException: sleep interrupted
2019-11-15 03:52:20,900 [grpc-default-executor-0] INFO  impl.RoleInfo (RoleInfo.java:updateAndGet(143)) - 1f296aea-c4ef-4ad0-bd70-4536dedd0da2: start FollowerState
2019-11-15 03:52:20,900 [grpc-default-executor-5] INFO  impl.RoleInfo (RoleInfo.java:shutdownFollowerState(121)) - 43077e3c-832c-4164-9ae4-420ca2301748: shutdown FollowerState
2019-11-15 03:52:20,900 [grpc-default-executor-5] INFO  impl.RoleInfo (RoleInfo.java:updateAndGet(143)) - 43077e3c-832c-4164-9ae4-420ca2301748: start FollowerState
2019-11-15 03:52:20,900 [Thread-1551] INFO  impl.FollowerState (FollowerState.java:run(120)) - 43077e3c-832c-4164-9ae4-420ca2301748@group-CEBB0E7FBCED-FollowerState was interrupted: java.lang.InterruptedException: sleep interrupted
2019-11-15 03:52:20,906 [210c69a5-373c-4b50-aa91-938bcd06c3c6@group-932ABE650C5D-LeaderElection69] INFO  impl.LeaderElection (LeaderElection.java:askForVotes(178)) - 210c69a5-373c-4b50-aa91-938bcd06c3c6@group-932ABE650C5D-LeaderElection69: begin an election at term 1 for -1: [210c69a5-373c-4b50-aa91-938bcd06c3c6:192.168.157.206:43947], old=null
2019-11-15 03:52:20,906 [210c69a5-373c-4b50-aa91-938bcd06c3c6@group-932ABE650C5D-LeaderElection69] INFO  impl.RoleInfo (RoleInfo.java:shutdownLeaderElection(134)) - 210c69a5-373c-4b50-aa91-938bcd06c3c6: shutdown LeaderElection
2019-11-15 03:52:20,906 [210c69a5-373c-4b50-aa91-938bcd06c3c6@group-932ABE650C5D-LeaderElection69] INFO  impl.RaftServerImpl (RaftServerImpl.java:setRole(173)) - 210c69a5-373c-4b50-aa91-938bcd06c3c6@group-932ABE650C5D: changes role from CANDIDATE to LEADER at term 1 for changeToLeader
2019-11-15 03:52:20,906 [210c69a5-373c-4b50-aa91-938bcd06c3c6@group-932ABE650C5D-LeaderElection69] INFO  ratis.XceiverServerRatis (XceiverServerRatis.java:handleLeaderChangedNotification(697)) - Leader change notification received for group: group-932ABE650C5D with new leaderId: 210c69a5-373c-4b50-aa91-938bcd06c3c6
2019-11-15 03:52:20,906 [210c69a5-373c-4b50-aa91-938bcd06c3c6@group-932ABE650C5D-LeaderElection69] INFO  impl.RaftServerImpl (ServerState.java:setLeader(255)) - 210c69a5-373c-4b50-aa91-938bcd06c3c6@group-932ABE650C5D: change Leader from null to 210c69a5-373c-4b50-aa91-938bcd06c3c6 at term 1 for becomeLeader, leader elected after 1200ms
2019-11-15 03:52:20,907 [210c69a5-373c-4b50-aa91-938bcd06c3c6@group-932ABE650C5D-LeaderElection69] INFO  server.RaftServerConfigKeys (ConfUtils.java:logGet(43)) - raft.server.staging.catchup.gap = 1000 (default)
2019-11-15 03:52:20,910 [Thread-1565] INFO  impl.FollowerState (FollowerState.java:run(111)) - 3b6a93a1-3acb-43ad-9bac-2b83b325636a@group-741A5FE2F3F8-FollowerState: change to CANDIDATE, lastRpcTime:1003ms, electionTimeout:1002ms
2019-11-15 03:52:20,910 [210c69a5-373c-4b50-aa91-938bcd06c3c6@group-932ABE650C5D-LeaderElection69] INFO  server.RaftServerConfigKeys (ConfUtils.java:logGet(43)) - raft.server.rpc.sleep.time = 25ms (default)
2019-11-15 03:52:20,910 [Thread-1565] INFO  impl.RoleInfo (RoleInfo.java:shutdownFollowerState(121)) - 3b6a93a1-3acb-43ad-9bac-2b83b325636a: shutdown FollowerState
2019-11-15 03:52:20,910 [210c69a5-373c-4b50-aa91-938bcd06c3c6@group-932ABE650C5D-LeaderElection69] INFO  server.RaftServerConfigKeys (ConfUtils.java:logGet(43)) - raft.server.write.element-limit = 4096 (default)
2019-11-15 03:52:20,910 [Thread-1565] INFO  impl.RaftServerImpl (RaftServerImpl.java:setRole(173)) - 3b6a93a1-3acb-43ad-9bac-2b83b325636a@group-741A5FE2F3F8: changes role from  FOLLOWER to CANDIDATE at term 0 for changeToCandidate
2019-11-15 03:52:20,910 [210c69a5-373c-4b50-aa91-938bcd06c3c6@group-932ABE650C5D-LeaderElection69] INFO  server.RaftServerConfigKeys (ConfUtils.java:logGet(43)) - raft.server.watch.timeout = 10s (default)
2019-11-15 03:52:20,910 [Thread-1565] INFO  impl.RoleInfo (RoleInfo.java:updateAndGet(143)) - 3b6a93a1-3acb-43ad-9bac-2b83b325636a: start LeaderElection
2019-11-15 03:52:20,910 [210c69a5-373c-4b50-aa91-938bcd06c3c6@group-932ABE650C5D-LeaderElection69] INFO  server.RaftServerConfigKeys (ConfUtils.java:logGet(43)) - raft.server.watch.timeout.denomination = 1s (default)
2019-11-15 03:52:20,911 [210c69a5-373c-4b50-aa91-938bcd06c3c6@group-932ABE650C5D-LeaderElection69] INFO  server.RaftServerConfigKeys (ConfUtils.java:logGet(43)) - raft.server.watch.element-limit = 65536 (default)
2019-11-15 03:52:20,911 [EventQueue-PipelineReportForPipelineReportHandler] INFO  pipeline.PipelineStateManager (PipelineStateManager.java:openPipeline(134)) - Pipeline Pipeline[ Id: 06d4ff4a-9ea6-4e46-b6f7-932abe650c5d, Nodes: 210c69a5-373c-4b50-aa91-938bcd06c3c6{ip: 192.168.157.206, host: pr-hdds-2493-n7h87-1962818265, networkLocation: /rack1, certSerialId: null}, Type:RATIS, Factor:ONE, State:OPEN] moved to OPEN state
2019-11-15 03:52:20,915 [210c69a5-373c-4b50-aa91-938bcd06c3c6@group-932ABE650C5D-LeaderElection69] INFO  impl.RoleInfo (RoleInfo.java:updateAndGet(143)) - 210c69a5-373c-4b50-aa91-938bcd06c3c6: start LeaderState
2019-11-15 03:52:20,915 [main] INFO  ozone.MiniOzoneClusterImpl (MiniOzoneClusterImpl.java:lambda$waitForClusterToBeReady$2(163)) - Waiting for 2 number of pipelines out of 13, to report a leader.
2019-11-15 03:52:20,915 [210c69a5-373c-4b50-aa91-938bcd06c3c6@group-932ABE650C5D-LeaderElection69] INFO  segmented.SegmentedRaftLogWorker (SegmentedRaftLogWorker.java:startLogSegment(385)) - 210c69a5-373c-4b50-aa91-938bcd06c3c6@group-932ABE650C5D-SegmentedRaftLogWorker: Starting segment from index:0
2019-11-15 03:52:20,916 [210c69a5-373c-4b50-aa91-938bcd06c3c6@group-932ABE650C5D-LeaderElection69] INFO  impl.RaftServerImpl (ServerState.java:setRaftConf(356)) - 210c69a5-373c-4b50-aa91-938bcd06c3c6@group-932ABE650C5D: set configuration 0: [210c69a5-373c-4b50-aa91-938bcd06c3c6:192.168.157.206:43947], old=null at 0
2019-11-15 03:52:20,924 [32349214-85e6-49cf-bb69-05e83393fdf3@group-CEBB0E7FBCED-LeaderElection68] INFO  impl.LeaderElection (LeaderElection.java:logAndReturn(56)) - 32349214-85e6-49cf-bb69-05e83393fdf3@group-CEBB0E7FBCED-LeaderElection68: Election PASSED; received 1 response(s) [32349214-85e6-49cf-bb69-05e83393fdf3<-1f296aea-c4ef-4ad0-bd70-4536dedd0da2#0:OK-t1] and 0 exception(s); 32349214-85e6-49cf-bb69-05e83393fdf3@group-CEBB0E7FBCED:t1, leader=null, voted=32349214-85e6-49cf-bb69-05e83393fdf3, raftlog=32349214-85e6-49cf-bb69-05e83393fdf3@group-CEBB0E7FBCED-SegmentedRaftLog:OPENED:c-1,f-1,i0, conf=-1: [43077e3c-832c-4164-9ae4-420ca2301748:192.168.157.206:45724, 32349214-85e6-49cf-bb69-05e83393fdf3:192.168.157.206:34957, 1f296aea-c4ef-4ad0-bd70-4536dedd0da2:192.168.157.206:43123], old=null
2019-11-15 03:52:20,925 [32349214-85e6-49cf-bb69-05e83393fdf3@group-CEBB0E7FBCED-LeaderElection68] INFO  impl.RoleInfo (RoleInfo.java:shutdownLeaderElection(134)) - 32349214-85e6-49cf-bb69-05e83393fdf3: shutdown LeaderElection
2019-11-15 03:52:20,925 [32349214-85e6-49cf-bb69-05e83393fdf3@group-CEBB0E7FBCED-LeaderElection68] INFO  impl.RaftServerImpl (RaftServerImpl.java:setRole(173)) - 32349214-85e6-49cf-bb69-05e83393fdf3@group-CEBB0E7FBCED: changes role from CANDIDATE to LEADER at term 1 for changeToLeader
2019-11-15 03:52:20,925 [32349214-85e6-49cf-bb69-05e83393fdf3@group-CEBB0E7FBCED-LeaderElection68] INFO  ratis.XceiverServerRatis (XceiverServerRatis.java:handleLeaderChangedNotification(697)) - Leader change notification received for group: group-CEBB0E7FBCED with new leaderId: 32349214-85e6-49cf-bb69-05e83393fdf3
2019-11-15 03:52:20,951 [32349214-85e6-49cf-bb69-05e83393fdf3@group-CEBB0E7FBCED-LeaderElection68] INFO  impl.RaftServerImpl (ServerState.java:setLeader(255)) - 32349214-85e6-49cf-bb69-05e83393fdf3@group-CEBB0E7FBCED: change Leader from null to 32349214-85e6-49cf-bb69-05e83393fdf3 at term 1 for becomeLeader, leader elected after 1100ms
2019-11-15 03:52:20,951 [3b6a93a1-3acb-43ad-9bac-2b83b325636a@group-741A5FE2F3F8-LeaderElection70] INFO  impl.LeaderElection (LeaderElection.java:askForVotes(178)) - 3b6a93a1-3acb-43ad-9bac-2b83b325636a@group-741A5FE2F3F8-LeaderElection70: begin an election at term 1 for -1: [8c6299e1-e84a-4bf3-8558-225b6553f707:192.168.157.206:40623, 3b6a93a1-3acb-43ad-9bac-2b83b325636a:192.168.157.206:37982, fae849f2-b585-4c8d-a748-375fffce3265:192.168.157.206:39095], old=null
2019-11-15 03:52:20,951 [32349214-85e6-49cf-bb69-05e83393fdf3@group-CEBB0E7FBCED-LeaderElection68] INFO  server.RaftServerConfigKeys (ConfUtils.java:logGet(43)) - raft.server.staging.catchup.gap = 1000 (default)
2019-11-15 03:52:20,951 [32349214-85e6-49cf-bb69-05e83393fdf3@group-CEBB0E7FBCED-LeaderElection68] INFO  server.RaftServerConfigKeys (ConfUtils.java:logGet(43)) - raft.server.rpc.sleep.time = 25ms (default)
2019-11-15 03:52:20,952 [32349214-85e6-49cf-bb69-05e83393fdf3@group-CEBB0E7FBCED-LeaderElection68] INFO  server.RaftServerConfigKeys (ConfUtils.java:logGet(43)) - raft.server.write.element-limit = 4096 (default)
2019-11-15 03:52:20,952 [32349214-85e6-49cf-bb69-05e83393fdf3@group-CEBB0E7FBCED-LeaderElection68] INFO  server.RaftServerConfigKeys (ConfUtils.java:logGet(43)) - raft.server.watch.timeout = 10s (default)
2019-11-15 03:52:20,952 [32349214-85e6-49cf-bb69-05e83393fdf3@group-CEBB0E7FBCED-LeaderElection68] INFO  server.RaftServerConfigKeys (ConfUtils.java:logGet(43)) - raft.server.watch.timeout.denomination = 1s (default)
2019-11-15 03:52:20,952 [32349214-85e6-49cf-bb69-05e83393fdf3@group-CEBB0E7FBCED-LeaderElection68] INFO  server.RaftServerConfigKeys (ConfUtils.java:logGet(43)) - raft.server.watch.element-limit = 65536 (default)
2019-11-15 03:52:20,953 [EventQueue-PipelineReportForPipelineReportHandler] INFO  pipeline.PipelineStateManager (PipelineStateManager.java:openPipeline(134)) - Pipeline Pipeline[ Id: 4325347f-0163-4ab6-afe4-cebb0e7fbced, Nodes: 43077e3c-832c-4164-9ae4-420ca2301748{ip: 192.168.157.206, host: pr-hdds-2493-n7h87-1962818265, networkLocation: /rack1, certSerialId: null}1f296aea-c4ef-4ad0-bd70-4536dedd0da2{ip: 192.168.157.206, host: pr-hdds-2493-n7h87-1962818265, networkLocation: /rack1, certSerialId: null}32349214-85e6-49cf-bb69-05e83393fdf3{ip: 192.168.157.206, host: pr-hdds-2493-n7h87-1962818265, networkLocation: /rack1, certSerialId: null}, Type:RATIS, Factor:THREE, State:OPEN] moved to OPEN state
2019-11-15 03:52:20,953 [32349214-85e6-49cf-bb69-05e83393fdf3@group-CEBB0E7FBCED-LeaderElection68] INFO  server.RaftServerConfigKeys (ConfUtils.java:logGet(43)) - raft.server.log.appender.snapshot.chunk.size.max = 16MB (=16777216) (default)
2019-11-15 03:52:20,953 [32349214-85e6-49cf-bb69-05e83393fdf3@group-CEBB0E7FBCED-LeaderElection68] INFO  server.RaftServerConfigKeys (ConfUtils.java:logGet(43)) - raft.server.log.appender.buffer.byte-limit = 33554432 (custom)
2019-11-15 03:52:20,953 [32349214-85e6-49cf-bb69-05e83393fdf3@group-CEBB0E7FBCED-LeaderElection68] INFO  server.RaftServerConfigKeys (ConfUtils.java:logGet(43)) - raft.server.log.appender.buffer.element-limit = 1 (custom)
2019-11-15 03:52:20,953 [32349214-85e6-49cf-bb69-05e83393fdf3@group-CEBB0E7FBCED-LeaderElection68] INFO  grpc.GrpcConfigKeys$Server (ConfUtils.java:logGet(43)) - raft.grpc.server.leader.outstanding.appends.max = 128 (default)
2019-11-15 03:52:20,954 [32349214-85e6-49cf-bb69-05e83393fdf3@group-CEBB0E7FBCED-LeaderElection68] INFO  server.RaftServerConfigKeys (ConfUtils.java:logGet(43)) - raft.server.rpc.request.timeout = 3000ms (default)
2019-11-15 03:52:20,954 [32349214-85e6-49cf-bb69-05e83393fdf3@group-CEBB0E7FBCED-LeaderElection68] INFO  server.RaftServerConfigKeys (ConfUtils.java:logGet(43)) - raft.server.log.appender.install.snapshot.enabled = false (custom)
2019-11-15 03:52:20,954 [32349214-85e6-49cf-bb69-05e83393fdf3@group-CEBB0E7FBCED-LeaderElection68] WARN  impl.MetricRegistriesImpl (MetricRegistriesImpl.java:lambda$create$1(61)) - First MetricRegistry has been created without registering reporters. You may need to call MetricRegistries.global().addReportRegistration(...) before.
2019-11-15 03:52:20,954 [32349214-85e6-49cf-bb69-05e83393fdf3@group-CEBB0E7FBCED-LeaderElection68] INFO  server.RaftServerConfigKeys (ConfUtils.java:logGet(43)) - raft.server.log.appender.snapshot.chunk.size.max = 16MB (=16777216) (default)
2019-11-15 03:52:20,955 [32349214-85e6-49cf-bb69-05e83393fdf3@group-CEBB0E7FBCED-LeaderElection68] INFO  server.RaftServerConfigKeys (ConfUtils.java:logGet(43)) - raft.server.log.appender.buffer.byte-limit = 33554432 (custom)
2019-11-15 03:52:20,955 [32349214-85e6-49cf-bb69-05e83393fdf3@group-CEBB0E7FBCED-LeaderElection68] INFO  server.RaftServerConfigKeys (ConfUtils.java:logGet(43)) - raft.server.log.appender.buffer.element-limit = 1 (custom)
2019-11-15 03:52:20,955 [32349214-85e6-49cf-bb69-05e83393fdf3@group-CEBB0E7FBCED-LeaderElection68] INFO  grpc.GrpcConfigKeys$Server (ConfUtils.java:logGet(43)) - raft.grpc.server.leader.outstanding.appends.max = 128 (default)
2019-11-15 03:52:20,955 [32349214-85e6-49cf-bb69-05e83393fdf3@group-CEBB0E7FBCED-LeaderElection68] INFO  server.RaftServerConfigKeys (ConfUtils.java:logGet(43)) - raft.server.rpc.request.timeout = 3000ms (default)
2019-11-15 03:52:20,955 [32349214-85e6-49cf-bb69-05e83393fdf3@group-CEBB0E7FBCED-LeaderElection68] INFO  server.RaftServerConfigKeys (ConfUtils.java:logGet(43)) - raft.server.log.appender.install.snapshot.enabled = false (custom)
2019-11-15 03:52:20,956 [32349214-85e6-49cf-bb69-05e83393fdf3@group-CEBB0E7FBCED-LeaderElection68] INFO  impl.RoleInfo (RoleInfo.java:updateAndGet(143)) - 32349214-85e6-49cf-bb69-05e83393fdf3: start LeaderState
2019-11-15 03:52:20,956 [32349214-85e6-49cf-bb69-05e83393fdf3@group-CEBB0E7FBCED-LeaderElection68] INFO  segmented.SegmentedRaftLogWorker (SegmentedRaftLogWorker.java:startLogSegment(385)) - 32349214-85e6-49cf-bb69-05e83393fdf3@group-CEBB0E7FBCED-SegmentedRaftLogWorker: Starting segment from index:0
2019-11-15 03:52:20,990 [grpc-default-executor-5] INFO  impl.RaftServerImpl (RaftServerImpl.java:setRole(173)) - 8c6299e1-e84a-4bf3-8558-225b6553f707@group-741A5FE2F3F8: changes role from  FOLLOWER to FOLLOWER at term 1 for recognizeCandidate:3b6a93a1-3acb-43ad-9bac-2b83b325636a
2019-11-15 03:52:20,990 [210c69a5-373c-4b50-aa91-938bcd06c3c6@group-932ABE650C5D-SegmentedRaftLogWorker] INFO  segmented.SegmentedRaftLogWorker (SegmentedRaftLogWorker.java:execute(576)) - 210c69a5-373c-4b50-aa91-938bcd06c3c6@group-932ABE650C5D-SegmentedRaftLogWorker: created new log segment /workdir/hadoop-ozone/integration-test/target/test-dir/MiniOzoneClusterImpl-7bc5bb7c-5c55-4645-ae41-72269081a146/datanode-8/data/ratis/06d4ff4a-9ea6-4e46-b6f7-932abe650c5d/current/log_inprogress_0
2019-11-15 03:52:20,991 [grpc-default-executor-5] INFO  impl.RoleInfo (RoleInfo.java:shutdownFollowerState(121)) - 8c6299e1-e84a-4bf3-8558-225b6553f707: shutdown FollowerState
2019-11-15 03:52:20,991 [Thread-1560] INFO  impl.FollowerState (FollowerState.java:run(120)) - 8c6299e1-e84a-4bf3-8558-225b6553f707@group-741A5FE2F3F8-FollowerState was interrupted: java.lang.InterruptedException: sleep interrupted
2019-11-15 03:52:20,991 [32349214-85e6-49cf-bb69-05e83393fdf3@group-CEBB0E7FBCED-LeaderElection68] INFO  impl.RaftServerImpl (ServerState.java:setRaftConf(356)) - 32349214-85e6-49cf-bb69-05e83393fdf3@group-CEBB0E7FBCED: set configuration 0: [43077e3c-832c-4164-9ae4-420ca2301748:192.168.157.206:45724, 32349214-85e6-49cf-bb69-05e83393fdf3:192.168.157.206:34957, 1f296aea-c4ef-4ad0-bd70-4536dedd0da2:192.168.157.206:43123], old=null at 0
2019-11-15 03:52:21,020 [grpc-default-executor-5] INFO  impl.RoleInfo (RoleInfo.java:updateAndGet(143)) - 8c6299e1-e84a-4bf3-8558-225b6553f707: start FollowerState
2019-11-15 03:52:21,015 [grpc-default-executor-0] INFO  impl.RaftServerImpl (RaftServerImpl.java:setRole(173)) - fae849f2-b585-4c8d-a748-375fffce3265@group-741A5FE2F3F8: changes role from  FOLLOWER to FOLLOWER at term 1 for recognizeCandidate:3b6a93a1-3acb-43ad-9bac-2b83b325636a
2019-11-15 03:52:21,024 [grpc-default-executor-4] INFO  ratis.XceiverServerRatis (XceiverServerRatis.java:handleLeaderChangedNotification(697)) - Leader change notification received for group: group-CEBB0E7FBCED with new leaderId: 32349214-85e6-49cf-bb69-05e83393fdf3
2019-11-15 03:52:21,024 [grpc-default-executor-4] INFO  impl.RaftServerImpl (ServerState.java:setLeader(255)) - 43077e3c-832c-4164-9ae4-420ca2301748@group-CEBB0E7FBCED: change Leader from null to 32349214-85e6-49cf-bb69-05e83393fdf3 at term 1 for appendEntries, leader elected after 1199ms
2019-11-15 03:52:21,021 [32349214-85e6-49cf-bb69-05e83393fdf3@group-CEBB0E7FBCED-SegmentedRaftLogWorker] INFO  segmented.SegmentedRaftLogWorker (SegmentedRaftLogWorker.java:execute(576)) - 32349214-85e6-49cf-bb69-05e83393fdf3@group-CEBB0E7FBCED-SegmentedRaftLogWorker: created new log segment /workdir/hadoop-ozone/integration-test/target/test-dir/MiniOzoneClusterImpl-7bc5bb7c-5c55-4645-ae41-72269081a146/datanode-3/data/ratis/4325347f-0163-4ab6-afe4-cebb0e7fbced/current/log_inprogress_0
2019-11-15 03:52:21,025 [grpc-default-executor-0] INFO  impl.RoleInfo (RoleInfo.java:shutdownFollowerState(121)) - fae849f2-b585-4c8d-a748-375fffce3265: shutdown FollowerState
2019-11-15 03:52:21,028 [grpc-default-executor-9] INFO  ratis.XceiverServerRatis (XceiverServerRatis.java:handleLeaderChangedNotification(697)) - Leader change notification received for group: group-CEBB0E7FBCED with new leaderId: 32349214-85e6-49cf-bb69-05e83393fdf3
2019-11-15 03:52:21,030 [grpc-default-executor-0] INFO  impl.RoleInfo (RoleInfo.java:updateAndGet(143)) - fae849f2-b585-4c8d-a748-375fffce3265: start FollowerState
2019-11-15 03:52:21,030 [grpc-default-executor-9] INFO  impl.RaftServerImpl (ServerState.java:setLeader(255)) - 1f296aea-c4ef-4ad0-bd70-4536dedd0da2@group-CEBB0E7FBCED: change Leader from null to 32349214-85e6-49cf-bb69-05e83393fdf3 at term 1 for appendEntries, leader elected after 1203ms
2019-11-15 03:52:21,031 [grpc-default-executor-9] INFO  impl.RaftServerImpl (ServerState.java:setRaftConf(356)) - 43077e3c-832c-4164-9ae4-420ca2301748@group-CEBB0E7FBCED: set configuration 0: [43077e3c-832c-4164-9ae4-420ca2301748:192.168.157.206:45724, 32349214-85e6-49cf-bb69-05e83393fdf3:192.168.157.206:34957, 1f296aea-c4ef-4ad0-bd70-4536dedd0da2:192.168.157.206:43123], old=null at 0
2019-11-15 03:52:21,031 [grpc-default-executor-9] INFO  segmented.SegmentedRaftLogWorker (SegmentedRaftLogWorker.java:startLogSegment(385)) - 43077e3c-832c-4164-9ae4-420ca2301748@group-CEBB0E7FBCED-SegmentedRaftLogWorker: Starting segment from index:0
2019-11-15 03:52:21,032 [grpc-default-executor-9] INFO  impl.RaftServerImpl (ServerState.java:setRaftConf(356)) - 1f296aea-c4ef-4ad0-bd70-4536dedd0da2@group-CEBB0E7FBCED: set configuration 0: [43077e3c-832c-4164-9ae4-420ca2301748:192.168.157.206:45724, 32349214-85e6-49cf-bb69-05e83393fdf3:192.168.157.206:34957, 1f296aea-c4ef-4ad0-bd70-4536dedd0da2:192.168.157.206:43123], old=null at 0
2019-11-15 03:52:21,032 [grpc-default-executor-9] INFO  segmented.SegmentedRaftLogWorker (SegmentedRaftLogWorker.java:startLogSegment(385)) - 1f296aea-c4ef-4ad0-bd70-4536dedd0da2@group-CEBB0E7FBCED-SegmentedRaftLogWorker: Starting segment from index:0
2019-11-15 03:52:21,051 [3b6a93a1-3acb-43ad-9bac-2b83b325636a@group-741A5FE2F3F8-LeaderElection70] INFO  impl.LeaderElection (LeaderElection.java:logAndReturn(56)) - 3b6a93a1-3acb-43ad-9bac-2b83b325636a@group-741A5FE2F3F8-LeaderElection70: Election PASSED; received 1 response(s) [3b6a93a1-3acb-43ad-9bac-2b83b325636a<-8c6299e1-e84a-4bf3-8558-225b6553f707#0:OK-t1] and 0 exception(s); 3b6a93a1-3acb-43ad-9bac-2b83b325636a@group-741A5FE2F3F8:t1, leader=null, voted=3b6a93a1-3acb-43ad-9bac-2b83b325636a, raftlog=3b6a93a1-3acb-43ad-9bac-2b83b325636a@group-741A5FE2F3F8-SegmentedRaftLog:OPENED:c-1,f-1,i0, conf=-1: [8c6299e1-e84a-4bf3-8558-225b6553f707:192.168.157.206:40623, 3b6a93a1-3acb-43ad-9bac-2b83b325636a:192.168.157.206:37982, fae849f2-b585-4c8d-a748-375fffce3265:192.168.157.206:39095], old=null
2019-11-15 03:52:21,052 [3b6a93a1-3acb-43ad-9bac-2b83b325636a@group-741A5FE2F3F8-LeaderElection70] INFO  impl.RoleInfo (RoleInfo.java:shutdownLeaderElection(134)) - 3b6a93a1-3acb-43ad-9bac-2b83b325636a: shutdown LeaderElection
2019-11-15 03:52:21,052 [3b6a93a1-3acb-43ad-9bac-2b83b325636a@group-741A5FE2F3F8-LeaderElection70] INFO  impl.RaftServerImpl (RaftServerImpl.java:setRole(173)) - 3b6a93a1-3acb-43ad-9bac-2b83b325636a@group-741A5FE2F3F8: changes role from CANDIDATE to LEADER at term 1 for changeToLeader
2019-11-15 03:52:21,052 [3b6a93a1-3acb-43ad-9bac-2b83b325636a@group-741A5FE2F3F8-LeaderElection70] INFO  ratis.XceiverServerRatis (XceiverServerRatis.java:handleLeaderChangedNotification(697)) - Leader change notification received for group: group-741A5FE2F3F8 with new leaderId: 3b6a93a1-3acb-43ad-9bac-2b83b325636a
2019-11-15 03:52:21,052 [3b6a93a1-3acb-43ad-9bac-2b83b325636a@group-741A5FE2F3F8-LeaderElection70] INFO  impl.RaftServerImpl (ServerState.java:setLeader(255)) - 3b6a93a1-3acb-43ad-9bac-2b83b325636a@group-741A5FE2F3F8: change Leader from null to 3b6a93a1-3acb-43ad-9bac-2b83b325636a at term 1 for becomeLeader, leader elected after 1153ms
2019-11-15 03:52:21,052 [3b6a93a1-3acb-43ad-9bac-2b83b325636a@group-741A5FE2F3F8-LeaderElection70] INFO  server.RaftServerConfigKeys (ConfUtils.java:logGet(43)) - raft.server.staging.catchup.gap = 1000 (default)
2019-11-15 03:52:21,052 [3b6a93a1-3acb-43ad-9bac-2b83b325636a@group-741A5FE2F3F8-LeaderElection70] INFO  server.RaftServerConfigKeys (ConfUtils.java:logGet(43)) - raft.server.rpc.sleep.time = 25ms (default)
2019-11-15 03:52:21,052 [3b6a93a1-3acb-43ad-9bac-2b83b325636a@group-741A5FE2F3F8-LeaderElection70] INFO  server.RaftServerConfigKeys (ConfUtils.java:logGet(43)) - raft.server.write.element-limit = 4096 (default)
2019-11-15 03:52:21,052 [3b6a93a1-3acb-43ad-9bac-2b83b325636a@group-741A5FE2F3F8-LeaderElection70] INFO  server.RaftServerConfigKeys (ConfUtils.java:logGet(43)) - raft.server.watch.timeout = 10s (default)
2019-11-15 03:52:21,052 [3b6a93a1-3acb-43ad-9bac-2b83b325636a@group-741A5FE2F3F8-LeaderElection70] INFO  server.RaftServerConfigKeys (ConfUtils.java:logGet(43)) - raft.server.watch.timeout.denomination = 1s (default)
2019-11-15 03:52:21,053 [3b6a93a1-3acb-43ad-9bac-2b83b325636a@group-741A5FE2F3F8-LeaderElection70] INFO  server.RaftServerConfigKeys (ConfUtils.java:logGet(43)) - raft.server.watch.element-limit = 65536 (default)
2019-11-15 03:52:21,053 [3b6a93a1-3acb-43ad-9bac-2b83b325636a@group-741A5FE2F3F8-LeaderElection70] INFO  server.RaftServerConfigKeys (ConfUtils.java:logGet(43)) - raft.server.log.appender.snapshot.chunk.size.max = 16MB (=16777216) (default)
2019-11-15 03:52:21,053 [3b6a93a1-3acb-43ad-9bac-2b83b325636a@group-741A5FE2F3F8-LeaderElection70] INFO  server.RaftServerConfigKeys (ConfUtils.java:logGet(43)) - raft.server.log.appender.buffer.byte-limit = 33554432 (custom)
2019-11-15 03:52:21,053 [3b6a93a1-3acb-43ad-9bac-2b83b325636a@group-741A5FE2F3F8-LeaderElection70] INFO  server.RaftServerConfigKeys (ConfUtils.java:logGet(43)) - raft.server.log.appender.buffer.element-limit = 1 (custom)
2019-11-15 03:52:21,053 [3b6a93a1-3acb-43ad-9bac-2b83b325636a@group-741A5FE2F3F8-LeaderElection70] INFO  grpc.GrpcConfigKeys$Server (ConfUtils.java:logGet(43)) - raft.grpc.server.leader.outstanding.appends.max = 128 (default)
2019-11-15 03:52:21,053 [EventQueue-PipelineReportForPipelineReportHandler] INFO  pipeline.PipelineStateManager (PipelineStateManager.java:openPipeline(134)) - Pipeline Pipeline[ Id: 96f35321-d953-4612-94c4-741a5fe2f3f8, Nodes: 3b6a93a1-3acb-43ad-9bac-2b83b325636a{ip: 192.168.157.206, host: pr-hdds-2493-n7h87-1962818265, networkLocation: /rack1, certSerialId: null}8c6299e1-e84a-4bf3-8558-225b6553f707{ip: 192.168.157.206, host: pr-hdds-2493-n7h87-1962818265, networkLocation: /rack1, certSerialId: null}fae849f2-b585-4c8d-a748-375fffce3265{ip: 192.168.157.206, host: pr-hdds-2493-n7h87-1962818265, networkLocation: /rack1, certSerialId: null}, Type:RATIS, Factor:THREE, State:OPEN] moved to OPEN state
2019-11-15 03:52:21,053 [3b6a93a1-3acb-43ad-9bac-2b83b325636a@group-741A5FE2F3F8-LeaderElection70] INFO  server.RaftServerConfigKeys (ConfUtils.java:logGet(43)) - raft.server.rpc.request.timeout = 3000ms (default)
2019-11-15 03:52:21,054 [3b6a93a1-3acb-43ad-9bac-2b83b325636a@group-741A5FE2F3F8-LeaderElection70] INFO  server.RaftServerConfigKeys (ConfUtils.java:logGet(43)) - raft.server.log.appender.install.snapshot.enabled = false (custom)
2019-11-15 03:52:21,054 [3b6a93a1-3acb-43ad-9bac-2b83b325636a@group-741A5FE2F3F8-LeaderElection70] WARN  impl.MetricRegistriesImpl (MetricRegistriesImpl.java:lambda$create$1(61)) - First MetricRegistry has been created without registering reporters. You may need to call MetricRegistries.global().addReportRegistration(...) before.
2019-11-15 03:52:21,054 [3b6a93a1-3acb-43ad-9bac-2b83b325636a@group-741A5FE2F3F8-LeaderElection70] INFO  server.RaftServerConfigKeys (ConfUtils.java:logGet(43)) - raft.server.log.appender.snapshot.chunk.size.max = 16MB (=16777216) (default)
2019-11-15 03:52:21,054 [3b6a93a1-3acb-43ad-9bac-2b83b325636a@group-741A5FE2F3F8-LeaderElection70] INFO  server.RaftServerConfigKeys (ConfUtils.java:logGet(43)) - raft.server.log.appender.buffer.byte-limit = 33554432 (custom)
2019-11-15 03:52:21,054 [3b6a93a1-3acb-43ad-9bac-2b83b325636a@group-741A5FE2F3F8-LeaderElection70] INFO  server.RaftServerConfigKeys (ConfUtils.java:logGet(43)) - raft.server.log.appender.buffer.element-limit = 1 (custom)
2019-11-15 03:52:21,054 [3b6a93a1-3acb-43ad-9bac-2b83b325636a@group-741A5FE2F3F8-LeaderElection70] INFO  grpc.GrpcConfigKeys$Server (ConfUtils.java:logGet(43)) - raft.grpc.server.leader.outstanding.appends.max = 128 (default)
2019-11-15 03:52:21,054 [3b6a93a1-3acb-43ad-9bac-2b83b325636a@group-741A5FE2F3F8-LeaderElection70] INFO  server.RaftServerConfigKeys (ConfUtils.java:logGet(43)) - raft.server.rpc.request.timeout = 3000ms (default)
2019-11-15 03:52:21,054 [3b6a93a1-3acb-43ad-9bac-2b83b325636a@group-741A5FE2F3F8-LeaderElection70] INFO  server.RaftServerConfigKeys (ConfUtils.java:logGet(43)) - raft.server.log.appender.install.snapshot.enabled = false (custom)
2019-11-15 03:52:21,055 [3b6a93a1-3acb-43ad-9bac-2b83b325636a@group-741A5FE2F3F8-LeaderElection70] INFO  impl.RoleInfo (RoleInfo.java:updateAndGet(143)) - 3b6a93a1-3acb-43ad-9bac-2b83b325636a: start LeaderState
2019-11-15 03:52:21,055 [3b6a93a1-3acb-43ad-9bac-2b83b325636a@group-741A5FE2F3F8-LeaderElection70] INFO  segmented.SegmentedRaftLogWorker (SegmentedRaftLogWorker.java:startLogSegment(385)) - 3b6a93a1-3acb-43ad-9bac-2b83b325636a@group-741A5FE2F3F8-SegmentedRaftLogWorker: Starting segment from index:0
2019-11-15 03:52:21,055 [3b6a93a1-3acb-43ad-9bac-2b83b325636a@group-741A5FE2F3F8-LeaderElection70] INFO  impl.RaftServerImpl (ServerState.java:setRaftConf(356)) - 3b6a93a1-3acb-43ad-9bac-2b83b325636a@group-741A5FE2F3F8: set configuration 0: [8c6299e1-e84a-4bf3-8558-225b6553f707:192.168.157.206:40623, 3b6a93a1-3acb-43ad-9bac-2b83b325636a:192.168.157.206:37982, fae849f2-b585-4c8d-a748-375fffce3265:192.168.157.206:39095], old=null at 0
2019-11-15 03:52:21,084 [grpc-default-executor-5] INFO  ratis.XceiverServerRatis (XceiverServerRatis.java:handleLeaderChangedNotification(697)) - Leader change notification received for group: group-741A5FE2F3F8 with new leaderId: 3b6a93a1-3acb-43ad-9bac-2b83b325636a
2019-11-15 03:52:21,084 [grpc-default-executor-0] INFO  ratis.XceiverServerRatis (XceiverServerRatis.java:handleLeaderChangedNotification(697)) - Leader change notification received for group: group-741A5FE2F3F8 with new leaderId: 3b6a93a1-3acb-43ad-9bac-2b83b325636a
2019-11-15 03:52:21,084 [grpc-default-executor-5] INFO  impl.RaftServerImpl (ServerState.java:setLeader(255)) - 8c6299e1-e84a-4bf3-8558-225b6553f707@group-741A5FE2F3F8: change Leader from null to 3b6a93a1-3acb-43ad-9bac-2b83b325636a at term 1 for appendEntries, leader elected after 1185ms
2019-11-15 03:52:21,084 [grpc-default-executor-0] INFO  impl.RaftServerImpl (ServerState.java:setLeader(255)) - fae849f2-b585-4c8d-a748-375fffce3265@group-741A5FE2F3F8: change Leader from null to 3b6a93a1-3acb-43ad-9bac-2b83b325636a at term 1 for appendEntries, leader elected after 1185ms
2019-11-15 03:52:21,089 [grpc-default-executor-0] INFO  impl.RaftServerImpl (ServerState.java:setRaftConf(356)) - 8c6299e1-e84a-4bf3-8558-225b6553f707@group-741A5FE2F3F8: set configuration 0: [8c6299e1-e84a-4bf3-8558-225b6553f707:192.168.157.206:40623, 3b6a93a1-3acb-43ad-9bac-2b83b325636a:192.168.157.206:37982, fae849f2-b585-4c8d-a748-375fffce3265:192.168.157.206:39095], old=null at 0
2019-11-15 03:52:21,089 [grpc-default-executor-0] INFO  segmented.SegmentedRaftLogWorker (SegmentedRaftLogWorker.java:startLogSegment(385)) - 8c6299e1-e84a-4bf3-8558-225b6553f707@group-741A5FE2F3F8-SegmentedRaftLogWorker: Starting segment from index:0
2019-11-15 03:52:21,091 [grpc-default-executor-5] INFO  impl.RaftServerImpl (ServerState.java:setRaftConf(356)) - fae849f2-b585-4c8d-a748-375fffce3265@group-741A5FE2F3F8: set configuration 0: [8c6299e1-e84a-4bf3-8558-225b6553f707:192.168.157.206:40623, 3b6a93a1-3acb-43ad-9bac-2b83b325636a:192.168.157.206:37982, fae849f2-b585-4c8d-a748-375fffce3265:192.168.157.206:39095], old=null at 0
2019-11-15 03:52:21,091 [grpc-default-executor-5] INFO  segmented.SegmentedRaftLogWorker (SegmentedRaftLogWorker.java:startLogSegment(385)) - fae849f2-b585-4c8d-a748-375fffce3265@group-741A5FE2F3F8-SegmentedRaftLogWorker: Starting segment from index:0
2019-11-15 03:52:21,109 [43077e3c-832c-4164-9ae4-420ca2301748@group-CEBB0E7FBCED-SegmentedRaftLogWorker] INFO  segmented.SegmentedRaftLogWorker (SegmentedRaftLogWorker.java:execute(576)) - 43077e3c-832c-4164-9ae4-420ca2301748@group-CEBB0E7FBCED-SegmentedRaftLogWorker: created new log segment /workdir/hadoop-ozone/integration-test/target/test-dir/MiniOzoneClusterImpl-7bc5bb7c-5c55-4645-ae41-72269081a146/datanode-6/data/ratis/4325347f-0163-4ab6-afe4-cebb0e7fbced/current/log_inprogress_0
2019-11-15 03:52:21,109 [3b6a93a1-3acb-43ad-9bac-2b83b325636a@group-741A5FE2F3F8-SegmentedRaftLogWorker] INFO  segmented.SegmentedRaftLogWorker (SegmentedRaftLogWorker.java:execute(576)) - 3b6a93a1-3acb-43ad-9bac-2b83b325636a@group-741A5FE2F3F8-SegmentedRaftLogWorker: created new log segment /workdir/hadoop-ozone/integration-test/target/test-dir/MiniOzoneClusterImpl-7bc5bb7c-5c55-4645-ae41-72269081a146/datanode-5/data/ratis/96f35321-d953-4612-94c4-741a5fe2f3f8/current/log_inprogress_0
2019-11-15 03:52:21,109 [1f296aea-c4ef-4ad0-bd70-4536dedd0da2@group-CEBB0E7FBCED-SegmentedRaftLogWorker] INFO  segmented.SegmentedRaftLogWorker (SegmentedRaftLogWorker.java:execute(576)) - 1f296aea-c4ef-4ad0-bd70-4536dedd0da2@group-CEBB0E7FBCED-SegmentedRaftLogWorker: created new log segment /workdir/hadoop-ozone/integration-test/target/test-dir/MiniOzoneClusterImpl-7bc5bb7c-5c55-4645-ae41-72269081a146/datanode-7/data/ratis/4325347f-0163-4ab6-afe4-cebb0e7fbced/current/log_inprogress_0
2019-11-15 03:52:21,134 [8c6299e1-e84a-4bf3-8558-225b6553f707@group-741A5FE2F3F8-SegmentedRaftLogWorker] INFO  segmented.SegmentedRaftLogWorker (SegmentedRaftLogWorker.java:execute(576)) - 8c6299e1-e84a-4bf3-8558-225b6553f707@group-741A5FE2F3F8-SegmentedRaftLogWorker: created new log segment /workdir/hadoop-ozone/integration-test/target/test-dir/MiniOzoneClusterImpl-7bc5bb7c-5c55-4645-ae41-72269081a146/datanode-9/data/ratis/96f35321-d953-4612-94c4-741a5fe2f3f8/current/log_inprogress_0
2019-11-15 03:52:21,134 [fae849f2-b585-4c8d-a748-375fffce3265@group-741A5FE2F3F8-SegmentedRaftLogWorker] INFO  segmented.SegmentedRaftLogWorker (SegmentedRaftLogWorker.java:execute(576)) - fae849f2-b585-4c8d-a748-375fffce3265@group-741A5FE2F3F8-SegmentedRaftLogWorker: created new log segment /workdir/hadoop-ozone/integration-test/target/test-dir/MiniOzoneClusterImpl-7bc5bb7c-5c55-4645-ae41-72269081a146/datanode-4/data/ratis/96f35321-d953-4612-94c4-741a5fe2f3f8/current/log_inprogress_0
2019-11-15 03:52:21,916 [main] INFO  ozone.MiniOzoneClusterImpl (MiniOzoneClusterImpl.java:lambda$waitForClusterToBeReady$2(171)) - Cluster is ready. Got 10 of 10 DN Heartbeats.
2019-11-15 03:52:21,950 [main] INFO  rpc.RpcClient (RpcClient.java:createVolume(292)) - Creating Volume: datanodefailurehandlingtest, with jenkins1000 as owner.
2019-11-15 03:52:21,953 [IPC Server handler 6 on 44405] INFO  volume.OMVolumeCreateRequest (OMVolumeCreateRequest.java:validateAndUpdateCache(193)) - created volume:datanodefailurehandlingtest for user:jenkins1000
2019-11-15 03:52:22,007 [main] INFO  rpc.RpcClient (RpcClient.java:createBucket(431)) - Creating Bucket: datanodefailurehandlingtest/datanodefailurehandlingtest, with Versioning false and Storage Type set to DISK and Encryption set to false 
2019-11-15 03:52:22,092 [Thread-1510] INFO  container.ReplicationManager (ReplicationManager.java:start(162)) - Starting Replication Monitor Thread.
2019-11-15 03:52:22,093 [Thread-1510] INFO  pipeline.SCMPipelineManager (SCMPipelineManager.java:finalizeAndDestroyPipeline(315)) - destroying pipeline:Pipeline[ Id: 4325347f-0163-4ab6-afe4-cebb0e7fbced, Nodes: 43077e3c-832c-4164-9ae4-420ca2301748{ip: 192.168.157.206, host: pr-hdds-2493-n7h87-1962818265, networkLocation: /rack1, certSerialId: null}1f296aea-c4ef-4ad0-bd70-4536dedd0da2{ip: 192.168.157.206, host: pr-hdds-2493-n7h87-1962818265, networkLocation: /rack1, certSerialId: null}32349214-85e6-49cf-bb69-05e83393fdf3{ip: 192.168.157.206, host: pr-hdds-2493-n7h87-1962818265, networkLocation: /rack1, certSerialId: null}, Type:RATIS, Factor:THREE, State:OPEN]
2019-11-15 03:52:22,095 [Thread-1510] INFO  pipeline.PipelineStateManager (PipelineStateManager.java:finalizePipeline(121)) - Pipeline Pipeline[ Id: 4325347f-0163-4ab6-afe4-cebb0e7fbced, Nodes: 43077e3c-832c-4164-9ae4-420ca2301748{ip: 192.168.157.206, host: pr-hdds-2493-n7h87-1962818265, networkLocation: /rack1, certSerialId: null}1f296aea-c4ef-4ad0-bd70-4536dedd0da2{ip: 192.168.157.206, host: pr-hdds-2493-n7h87-1962818265, networkLocation: /rack1, certSerialId: null}32349214-85e6-49cf-bb69-05e83393fdf3{ip: 192.168.157.206, host: pr-hdds-2493-n7h87-1962818265, networkLocation: /rack1, certSerialId: null}, Type:RATIS, Factor:THREE, State:CLOSED] moved to CLOSED state
2019-11-15 03:52:22,096 [ReplicationMonitor] INFO  container.ReplicationManager (ReplicationManager.java:run(225)) - Replication Monitor Thread took 0 milliseconds for processing 1 containers.
2019-11-15 03:52:22,096 [EventQueue-CloseContainerForCloseContainerEventHandler] INFO  container.CloseContainerEventHandler (CloseContainerEventHandler.java:onMessage(61)) - Close container Event triggered for container : #1
2019-11-15 03:52:22,104 [grpc-default-executor-0] INFO  impl.RaftServerProxy (RaftServerProxy.java:remove(95)) - 43077e3c-832c-4164-9ae4-420ca2301748: remove  FOLLOWER 43077e3c-832c-4164-9ae4-420ca2301748@group-CEBB0E7FBCED:t1, leader=32349214-85e6-49cf-bb69-05e83393fdf3, voted=32349214-85e6-49cf-bb69-05e83393fdf3, raftlog=43077e3c-832c-4164-9ae4-420ca2301748@group-CEBB0E7FBCED-SegmentedRaftLog:OPENED:c0,f0,i0, conf=0: [43077e3c-832c-4164-9ae4-420ca2301748:192.168.157.206:45724, 32349214-85e6-49cf-bb69-05e83393fdf3:192.168.157.206:34957, 1f296aea-c4ef-4ad0-bd70-4536dedd0da2:192.168.157.206:43123], old=null RUNNING
2019-11-15 03:52:22,104 [grpc-default-executor-0] INFO  impl.RaftServerImpl (RaftServerImpl.java:lambda$shutdown$3(250)) - 43077e3c-832c-4164-9ae4-420ca2301748@group-CEBB0E7FBCED: shutdown
2019-11-15 03:52:22,105 [grpc-default-executor-0] INFO  util.JmxRegister (JmxRegister.java:unregister(73)) - Successfully un-registered JMX Bean with object name Ratis:service=RaftServer,group=group-CEBB0E7FBCED,id=43077e3c-832c-4164-9ae4-420ca2301748
2019-11-15 03:52:22,105 [grpc-default-executor-0] INFO  impl.RoleInfo (RoleInfo.java:shutdownFollowerState(121)) - 43077e3c-832c-4164-9ae4-420ca2301748: shutdown FollowerState
2019-11-15 03:52:22,105 [grpc-default-executor-0] INFO  impl.StateMachineUpdater (StateMachineUpdater.java:stopAndJoin(136)) - 43077e3c-832c-4164-9ae4-420ca2301748@group-CEBB0E7FBCED-StateMachineUpdater: set stopIndex = 0
2019-11-15 03:52:22,105 [Thread-1604] INFO  impl.FollowerState (FollowerState.java:run(120)) - 43077e3c-832c-4164-9ae4-420ca2301748@group-CEBB0E7FBCED-FollowerState was interrupted: java.lang.InterruptedException: sleep interrupted
2019-11-15 03:52:22,106 [grpc-default-executor-0] INFO  impl.RaftServerImpl (ServerState.java:close(387)) - 43077e3c-832c-4164-9ae4-420ca2301748@group-CEBB0E7FBCED: closes. applyIndex: 0
2019-11-15 03:52:22,106 [43077e3c-832c-4164-9ae4-420ca2301748@group-CEBB0E7FBCED-SegmentedRaftLogWorker] INFO  segmented.SegmentedRaftLogWorker (SegmentedRaftLogWorker.java:run(316)) - 43077e3c-832c-4164-9ae4-420ca2301748@group-CEBB0E7FBCED-SegmentedRaftLogWorker was interrupted, exiting. There are 0 tasks remaining in the queue.
2019-11-15 03:52:22,110 [grpc-default-executor-0] INFO  segmented.SegmentedRaftLogWorker (SegmentedRaftLogWorker.java:close(224)) - 43077e3c-832c-4164-9ae4-420ca2301748@group-CEBB0E7FBCED-SegmentedRaftLogWorker close()
2019-11-15 03:52:22,138 [grpc-default-executor-0] INFO  impl.RaftServerProxy (RaftServerProxy.java:remove(95)) - 1f296aea-c4ef-4ad0-bd70-4536dedd0da2: remove  FOLLOWER 1f296aea-c4ef-4ad0-bd70-4536dedd0da2@group-CEBB0E7FBCED:t1, leader=32349214-85e6-49cf-bb69-05e83393fdf3, voted=32349214-85e6-49cf-bb69-05e83393fdf3, raftlog=1f296aea-c4ef-4ad0-bd70-4536dedd0da2@group-CEBB0E7FBCED-SegmentedRaftLog:OPENED:c0,f0,i0, conf=0: [43077e3c-832c-4164-9ae4-420ca2301748:192.168.157.206:45724, 32349214-85e6-49cf-bb69-05e83393fdf3:192.168.157.206:34957, 1f296aea-c4ef-4ad0-bd70-4536dedd0da2:192.168.157.206:43123], old=null RUNNING
2019-11-15 03:52:22,138 [grpc-default-executor-0] INFO  impl.RaftServerImpl (RaftServerImpl.java:lambda$shutdown$3(250)) - 1f296aea-c4ef-4ad0-bd70-4536dedd0da2@group-CEBB0E7FBCED: shutdown
2019-11-15 03:52:22,139 [grpc-default-executor-0] INFO  util.JmxRegister (JmxRegister.java:unregister(73)) - Successfully un-registered JMX Bean with object name Ratis:service=RaftServer,group=group-CEBB0E7FBCED,id=1f296aea-c4ef-4ad0-bd70-4536dedd0da2
2019-11-15 03:52:22,139 [grpc-default-executor-0] INFO  impl.RoleInfo (RoleInfo.java:shutdownFollowerState(121)) - 1f296aea-c4ef-4ad0-bd70-4536dedd0da2: shutdown FollowerState
2019-11-15 03:52:22,139 [grpc-default-executor-0] INFO  impl.StateMachineUpdater (StateMachineUpdater.java:stopAndJoin(136)) - 1f296aea-c4ef-4ad0-bd70-4536dedd0da2@group-CEBB0E7FBCED-StateMachineUpdater: set stopIndex = 0
2019-11-15 03:52:22,139 [Thread-1603] INFO  impl.FollowerState (FollowerState.java:run(120)) - 1f296aea-c4ef-4ad0-bd70-4536dedd0da2@group-CEBB0E7FBCED-FollowerState was interrupted: java.lang.InterruptedException: sleep interrupted
2019-11-15 03:52:22,140 [grpc-default-executor-0] INFO  impl.RaftServerImpl (ServerState.java:close(387)) - 1f296aea-c4ef-4ad0-bd70-4536dedd0da2@group-CEBB0E7FBCED: closes. applyIndex: 0
2019-11-15 03:52:22,140 [1f296aea-c4ef-4ad0-bd70-4536dedd0da2@group-CEBB0E7FBCED-SegmentedRaftLogWorker] INFO  segmented.SegmentedRaftLogWorker (SegmentedRaftLogWorker.java:run(316)) - 1f296aea-c4ef-4ad0-bd70-4536dedd0da2@group-CEBB0E7FBCED-SegmentedRaftLogWorker was interrupted, exiting. There are 0 tasks remaining in the queue.
2019-11-15 03:52:22,140 [grpc-default-executor-0] INFO  segmented.SegmentedRaftLogWorker (SegmentedRaftLogWorker.java:close(224)) - 1f296aea-c4ef-4ad0-bd70-4536dedd0da2@group-CEBB0E7FBCED-SegmentedRaftLogWorker close()
2019-11-15 03:52:22,151 [grpc-default-executor-5] INFO  impl.RaftServerProxy (RaftServerProxy.java:remove(95)) - 32349214-85e6-49cf-bb69-05e83393fdf3: remove    LEADER 32349214-85e6-49cf-bb69-05e83393fdf3@group-CEBB0E7FBCED:t1, leader=32349214-85e6-49cf-bb69-05e83393fdf3, voted=32349214-85e6-49cf-bb69-05e83393fdf3, raftlog=32349214-85e6-49cf-bb69-05e83393fdf3@group-CEBB0E7FBCED-SegmentedRaftLog:OPENED:c0,f0,i0, conf=0: [43077e3c-832c-4164-9ae4-420ca2301748:192.168.157.206:45724, 32349214-85e6-49cf-bb69-05e83393fdf3:192.168.157.206:34957, 1f296aea-c4ef-4ad0-bd70-4536dedd0da2:192.168.157.206:43123], old=null RUNNING
2019-11-15 03:52:22,151 [grpc-default-executor-5] INFO  impl.RaftServerImpl (RaftServerImpl.java:lambda$shutdown$3(250)) - 32349214-85e6-49cf-bb69-05e83393fdf3@group-CEBB0E7FBCED: shutdown
2019-11-15 03:52:22,151 [grpc-default-executor-5] INFO  util.JmxRegister (JmxRegister.java:unregister(73)) - Successfully un-registered JMX Bean with object name Ratis:service=RaftServer,group=group-CEBB0E7FBCED,id=32349214-85e6-49cf-bb69-05e83393fdf3
2019-11-15 03:52:22,152 [grpc-default-executor-5] INFO  impl.RoleInfo (RoleInfo.java:shutdownLeaderState(104)) - 32349214-85e6-49cf-bb69-05e83393fdf3: shutdown LeaderState
2019-11-15 03:52:22,156 [grpc-default-executor-5] INFO  impl.PendingRequests (PendingRequests.java:sendNotLeaderResponses(206)) - 32349214-85e6-49cf-bb69-05e83393fdf3@group-CEBB0E7FBCED-PendingRequests: sendNotLeaderResponses
2019-11-15 03:52:22,156 [org.apache.ratis.server.impl.LogAppender$AppenderDaemon$$Lambda$472/1422379056@64d3c990] WARN  server.GrpcLogAppender (GrpcLogAppender.java:mayWait(151)) - 32349214-85e6-49cf-bb69-05e83393fdf3@group-CEBB0E7FBCED->43077e3c-832c-4164-9ae4-420ca2301748-GrpcLogAppender: Wait interrupted by java.lang.InterruptedException
2019-11-15 03:52:22,156 [org.apache.ratis.server.impl.LogAppender$AppenderDaemon$$Lambda$472/1422379056@21d15b6e] WARN  server.GrpcLogAppender (GrpcLogAppender.java:mayWait(151)) - 32349214-85e6-49cf-bb69-05e83393fdf3@group-CEBB0E7FBCED->1f296aea-c4ef-4ad0-bd70-4536dedd0da2-GrpcLogAppender: Wait interrupted by java.lang.InterruptedException
2019-11-15 03:52:22,157 [grpc-default-executor-5] INFO  impl.StateMachineUpdater (StateMachineUpdater.java:stopAndJoin(136)) - 32349214-85e6-49cf-bb69-05e83393fdf3@group-CEBB0E7FBCED-StateMachineUpdater: set stopIndex = 0
2019-11-15 03:52:22,157 [grpc-default-executor-0] INFO  server.GrpcServerProtocolService (GrpcServerProtocolService.java:onCompleted(113)) - 43077e3c-832c-4164-9ae4-420ca2301748: Completed APPEND_ENTRIES, lastRequest: 32349214-85e6-49cf-bb69-05e83393fdf3->43077e3c-832c-4164-9ae4-420ca2301748#3-t1, previous=(t:1, i:0), leaderCommit=0, initializing? false, entries: <empty>
2019-11-15 03:52:22,157 [grpc-default-executor-9] INFO  server.GrpcServerProtocolService (GrpcServerProtocolService.java:onCompleted(113)) - 1f296aea-c4ef-4ad0-bd70-4536dedd0da2: Completed APPEND_ENTRIES, lastRequest: 32349214-85e6-49cf-bb69-05e83393fdf3->1f296aea-c4ef-4ad0-bd70-4536dedd0da2#3-t1, previous=(t:1, i:0), leaderCommit=0, initializing? false, entries: <empty>
2019-11-15 03:52:22,157 [grpc-default-executor-5] INFO  impl.RaftServerImpl (ServerState.java:close(387)) - 32349214-85e6-49cf-bb69-05e83393fdf3@group-CEBB0E7FBCED: closes. applyIndex: 0
2019-11-15 03:52:22,158 [32349214-85e6-49cf-bb69-05e83393fdf3@group-CEBB0E7FBCED-SegmentedRaftLogWorker] INFO  segmented.SegmentedRaftLogWorker (SegmentedRaftLogWorker.java:run(316)) - 32349214-85e6-49cf-bb69-05e83393fdf3@group-CEBB0E7FBCED-SegmentedRaftLogWorker was interrupted, exiting. There are 0 tasks remaining in the queue.
2019-11-15 03:52:22,158 [grpc-default-executor-0] INFO  server.GrpcLogAppender (GrpcLogAppender.java:onCompleted(308)) - 32349214-85e6-49cf-bb69-05e83393fdf3@group-CEBB0E7FBCED->43077e3c-832c-4164-9ae4-420ca2301748-AppendLogResponseHandler: follower responses appendEntries COMPLETED
2019-11-15 03:52:22,158 [grpc-default-executor-5] INFO  segmented.SegmentedRaftLogWorker (SegmentedRaftLogWorker.java:close(224)) - 32349214-85e6-49cf-bb69-05e83393fdf3@group-CEBB0E7FBCED-SegmentedRaftLogWorker close()
2019-11-15 03:52:22,158 [grpc-default-executor-4] INFO  server.GrpcLogAppender (GrpcLogAppender.java:onCompleted(308)) - 32349214-85e6-49cf-bb69-05e83393fdf3@group-CEBB0E7FBCED->1f296aea-c4ef-4ad0-bd70-4536dedd0da2-AppendLogResponseHandler: follower responses appendEntries COMPLETED
2019-11-15 03:52:22,160 [grpc-default-executor-0] INFO  impl.FollowerInfo (FollowerInfo.java:lambda$new$0(51)) - 32349214-85e6-49cf-bb69-05e83393fdf3@group-CEBB0E7FBCED->43077e3c-832c-4164-9ae4-420ca2301748: nextIndex: updateUnconditionally 1 -> 0
2019-11-15 03:52:22,161 [grpc-default-executor-4] INFO  impl.FollowerInfo (FollowerInfo.java:lambda$new$0(51)) - 32349214-85e6-49cf-bb69-05e83393fdf3@group-CEBB0E7FBCED->1f296aea-c4ef-4ad0-bd70-4536dedd0da2: nextIndex: updateUnconditionally 1 -> 0
2019-11-15 03:52:22,163 [Thread-1510] INFO  pipeline.PipelineStateManager (PipelineStateManager.java:removePipeline(106)) - Pipeline Pipeline[ Id: 4325347f-0163-4ab6-afe4-cebb0e7fbced, Nodes: 43077e3c-832c-4164-9ae4-420ca2301748{ip: 192.168.157.206, host: pr-hdds-2493-n7h87-1962818265, networkLocation: /rack1, certSerialId: null}1f296aea-c4ef-4ad0-bd70-4536dedd0da2{ip: 192.168.157.206, host: pr-hdds-2493-n7h87-1962818265, networkLocation: /rack1, certSerialId: null}32349214-85e6-49cf-bb69-05e83393fdf3{ip: 192.168.157.206, host: pr-hdds-2493-n7h87-1962818265, networkLocation: /rack1, certSerialId: null}, Type:RATIS, Factor:THREE, State:CLOSED] removed from db
2019-11-15 03:52:22,165 [Thread-1510] INFO  pipeline.SCMPipelineManager (SCMPipelineManager.java:finalizeAndDestroyPipeline(315)) - destroying pipeline:Pipeline[ Id: 6e9ff33e-dca4-44b1-a677-b7d0fdad4ffb, Nodes: fae849f2-b585-4c8d-a748-375fffce3265{ip: 192.168.157.206, host: pr-hdds-2493-n7h87-1962818265, networkLocation: /rack1, certSerialId: null}, Type:RATIS, Factor:ONE, State:OPEN]
2019-11-15 03:52:22,182 [grpc-default-executor-9] INFO  impl.RaftServerProxy (RaftServerProxy.java:addNew(89)) - 1f296aea-c4ef-4ad0-bd70-4536dedd0da2: addNew group-4E4984C096D6:[43077e3c-832c-4164-9ae4-420ca2301748:192.168.157.206:45724, 32349214-85e6-49cf-bb69-05e83393fdf3:192.168.157.206:34957, 1f296aea-c4ef-4ad0-bd70-4536dedd0da2:192.168.157.206:43123] returns group-4E4984C096D6:java.util.concurrent.CompletableFuture@31737a6[Not completed]
2019-11-15 03:52:22,183 [grpc-default-executor-5] INFO  impl.RaftServerProxy (RaftServerProxy.java:addNew(89)) - 32349214-85e6-49cf-bb69-05e83393fdf3: addNew group-4E4984C096D6:[43077e3c-832c-4164-9ae4-420ca2301748:192.168.157.206:45724, 32349214-85e6-49cf-bb69-05e83393fdf3:192.168.157.206:34957, 1f296aea-c4ef-4ad0-bd70-4536dedd0da2:192.168.157.206:43123] returns group-4E4984C096D6:java.util.concurrent.CompletableFuture@266e28f7[Not completed]
2019-11-15 03:52:22,183 [grpc-default-executor-0] INFO  impl.RaftServerProxy (RaftServerProxy.java:addNew(89)) - 43077e3c-832c-4164-9ae4-420ca2301748: addNew group-4E4984C096D6:[43077e3c-832c-4164-9ae4-420ca2301748:192.168.157.206:45724, 32349214-85e6-49cf-bb69-05e83393fdf3:192.168.157.206:34957, 1f296aea-c4ef-4ad0-bd70-4536dedd0da2:192.168.157.206:43123] returns group-4E4984C096D6:java.util.concurrent.CompletableFuture@a9e5799[Not completed]
2019-11-15 03:52:22,184 [pool-219-thread-1] INFO  impl.RaftServerImpl (RaftServerImpl.java:<init>(98)) - 1f296aea-c4ef-4ad0-bd70-4536dedd0da2: new RaftServerImpl for group-4E4984C096D6:[43077e3c-832c-4164-9ae4-420ca2301748:192.168.157.206:45724, 32349214-85e6-49cf-bb69-05e83393fdf3:192.168.157.206:34957, 1f296aea-c4ef-4ad0-bd70-4536dedd0da2:192.168.157.206:43123] with ContainerStateMachine:uninitialized
2019-11-15 03:52:22,185 [pool-219-thread-1] INFO  server.RaftServerConfigKeys (ConfUtils.java:logGet(43)) - raft.server.rpc.timeout.min = 1s (custom)
2019-11-15 03:52:22,185 [pool-219-thread-1] INFO  server.RaftServerConfigKeys (ConfUtils.java:logGet(43)) - raft.server.rpc.timeout.max = 1200ms (custom)
2019-11-15 03:52:22,185 [pool-219-thread-1] INFO  server.RaftServerConfigKeys (ConfUtils.java:logGet(43)) - raft.server.rpcslowness.timeout = 120s (custom)
2019-11-15 03:52:22,185 [pool-219-thread-1] INFO  server.RaftServerConfigKeys (ConfUtils.java:logGet(43)) - raft.server.sleep.deviation.threshold = 300 (default)
2019-11-15 03:52:22,185 [pool-219-thread-1] INFO  server.RaftServerConfigKeys (ConfUtils.java:logGet(43)) - raft.server.log.appender.install.snapshot.enabled = false (custom)
2019-11-15 03:52:22,185 [pool-219-thread-1] INFO  impl.RaftServerImpl (ServerState.java:<init>(103)) - 1f296aea-c4ef-4ad0-bd70-4536dedd0da2@group-4E4984C096D6: ConfigurationManager, init=-1: [43077e3c-832c-4164-9ae4-420ca2301748:192.168.157.206:45724, 32349214-85e6-49cf-bb69-05e83393fdf3:192.168.157.206:34957, 1f296aea-c4ef-4ad0-bd70-4536dedd0da2:192.168.157.206:43123], old=null, confs=<EMPTY_MAP>
2019-11-15 03:52:22,185 [pool-179-thread-1] INFO  impl.RaftServerImpl (RaftServerImpl.java:<init>(98)) - 32349214-85e6-49cf-bb69-05e83393fdf3: new RaftServerImpl for group-4E4984C096D6:[43077e3c-832c-4164-9ae4-420ca2301748:192.168.157.206:45724, 32349214-85e6-49cf-bb69-05e83393fdf3:192.168.157.206:34957, 1f296aea-c4ef-4ad0-bd70-4536dedd0da2:192.168.157.206:43123] with ContainerStateMachine:uninitialized
2019-11-15 03:52:22,185 [pool-219-thread-1] INFO  server.RaftServerConfigKeys (ConfUtils.java:logGet(43)) - raft.server.storage.dir = [/workdir/hadoop-ozone/integration-test/target/test-dir/MiniOzoneClusterImpl-7bc5bb7c-5c55-4645-ae41-72269081a146/datanode-7/data/ratis] (custom)
2019-11-15 03:52:22,186 [pool-179-thread-1] INFO  server.RaftServerConfigKeys (ConfUtils.java:logGet(43)) - raft.server.rpc.timeout.min = 1s (custom)
2019-11-15 03:52:22,186 [pool-179-thread-1] INFO  server.RaftServerConfigKeys (ConfUtils.java:logGet(43)) - raft.server.rpc.timeout.max = 1200ms (custom)
2019-11-15 03:52:22,186 [pool-179-thread-1] INFO  server.RaftServerConfigKeys (ConfUtils.java:logGet(43)) - raft.server.rpcslowness.timeout = 120s (custom)
2019-11-15 03:52:22,186 [pool-219-thread-1] INFO  server.RaftServerConfigKeys (ConfUtils.java:logGet(43)) - raft.server.log.corruption.policy = EXCEPTION (default)
2019-11-15 03:52:22,186 [pool-209-thread-1] INFO  impl.RaftServerImpl (RaftServerImpl.java:<init>(98)) - 43077e3c-832c-4164-9ae4-420ca2301748: new RaftServerImpl for group-4E4984C096D6:[43077e3c-832c-4164-9ae4-420ca2301748:192.168.157.206:45724, 32349214-85e6-49cf-bb69-05e83393fdf3:192.168.157.206:34957, 1f296aea-c4ef-4ad0-bd70-4536dedd0da2:192.168.157.206:43123] with ContainerStateMachine:uninitialized
2019-11-15 03:52:22,186 [pool-179-thread-1] INFO  server.RaftServerConfigKeys (ConfUtils.java:logGet(43)) - raft.server.sleep.deviation.threshold = 300 (default)
2019-11-15 03:52:22,186 [pool-209-thread-1] INFO  server.RaftServerConfigKeys (ConfUtils.java:logGet(43)) - raft.server.rpc.timeout.min = 1s (custom)
2019-11-15 03:52:22,186 [pool-219-thread-1] INFO  storage.RaftStorageDirectory (RaftStorageDirectory.java:analyzeStorage(246)) - The storage directory /workdir/hadoop-ozone/integration-test/target/test-dir/MiniOzoneClusterImpl-7bc5bb7c-5c55-4645-ae41-72269081a146/datanode-7/data/ratis/0e5a5b8a-7a32-4dd9-804b-4e4984c096d6 does not exist. Creating ...
2019-11-15 03:52:22,186 [pool-209-thread-1] INFO  server.RaftServerConfigKeys (ConfUtils.java:logGet(43)) - raft.server.rpc.timeout.max = 1200ms (custom)
2019-11-15 03:52:22,186 [pool-179-thread-1] INFO  server.RaftServerConfigKeys (ConfUtils.java:logGet(43)) - raft.server.log.appender.install.snapshot.enabled = false (custom)
2019-11-15 03:52:22,187 [pool-209-thread-1] INFO  server.RaftServerConfigKeys (ConfUtils.java:logGet(43)) - raft.server.rpcslowness.timeout = 120s (custom)
2019-11-15 03:52:22,187 [pool-179-thread-1] INFO  impl.RaftServerImpl (ServerState.java:<init>(103)) - 32349214-85e6-49cf-bb69-05e83393fdf3@group-4E4984C096D6: ConfigurationManager, init=-1: [43077e3c-832c-4164-9ae4-420ca2301748:192.168.157.206:45724, 32349214-85e6-49cf-bb69-05e83393fdf3:192.168.157.206:34957, 1f296aea-c4ef-4ad0-bd70-4536dedd0da2:192.168.157.206:43123], old=null, confs=<EMPTY_MAP>
2019-11-15 03:52:22,187 [pool-209-thread-1] INFO  server.RaftServerConfigKeys (ConfUtils.java:logGet(43)) - raft.server.sleep.deviation.threshold = 300 (default)
2019-11-15 03:52:22,187 [pool-179-thread-1] INFO  server.RaftServerConfigKeys (ConfUtils.java:logGet(43)) - raft.server.storage.dir = [/workdir/hadoop-ozone/integration-test/target/test-dir/MiniOzoneClusterImpl-7bc5bb7c-5c55-4645-ae41-72269081a146/datanode-3/data/ratis] (custom)
2019-11-15 03:52:22,187 [pool-209-thread-1] INFO  server.RaftServerConfigKeys (ConfUtils.java:logGet(43)) - raft.server.log.appender.install.snapshot.enabled = false (custom)
2019-11-15 03:52:22,187 [pool-209-thread-1] INFO  impl.RaftServerImpl (ServerState.java:<init>(103)) - 43077e3c-832c-4164-9ae4-420ca2301748@group-4E4984C096D6: ConfigurationManager, init=-1: [43077e3c-832c-4164-9ae4-420ca2301748:192.168.157.206:45724, 32349214-85e6-49cf-bb69-05e83393fdf3:192.168.157.206:34957, 1f296aea-c4ef-4ad0-bd70-4536dedd0da2:192.168.157.206:43123], old=null, confs=<EMPTY_MAP>
2019-11-15 03:52:22,187 [pool-179-thread-1] INFO  server.RaftServerConfigKeys (ConfUtils.java:logGet(43)) - raft.server.log.corruption.policy = EXCEPTION (default)
2019-11-15 03:52:22,187 [pool-209-thread-1] INFO  server.RaftServerConfigKeys (ConfUtils.java:logGet(43)) - raft.server.storage.dir = [/workdir/hadoop-ozone/integration-test/target/test-dir/MiniOzoneClusterImpl-7bc5bb7c-5c55-4645-ae41-72269081a146/datanode-6/data/ratis] (custom)
2019-11-15 03:52:22,188 [pool-179-thread-1] INFO  storage.RaftStorageDirectory (RaftStorageDirectory.java:analyzeStorage(246)) - The storage directory /workdir/hadoop-ozone/integration-test/target/test-dir/MiniOzoneClusterImpl-7bc5bb7c-5c55-4645-ae41-72269081a146/datanode-3/data/ratis/0e5a5b8a-7a32-4dd9-804b-4e4984c096d6 does not exist. Creating ...
2019-11-15 03:52:22,188 [pool-209-thread-1] INFO  server.RaftServerConfigKeys (ConfUtils.java:logGet(43)) - raft.server.log.corruption.policy = EXCEPTION (default)
2019-11-15 03:52:22,188 [pool-209-thread-1] INFO  storage.RaftStorageDirectory (RaftStorageDirectory.java:analyzeStorage(246)) - The storage directory /workdir/hadoop-ozone/integration-test/target/test-dir/MiniOzoneClusterImpl-7bc5bb7c-5c55-4645-ae41-72269081a146/datanode-6/data/ratis/0e5a5b8a-7a32-4dd9-804b-4e4984c096d6 does not exist. Creating ...
2019-11-15 03:52:22,355 [pool-219-thread-1] INFO  storage.RaftStorageDirectory (RaftStorageDirectory.java:tryLock(328)) - Lock on /workdir/hadoop-ozone/integration-test/target/test-dir/MiniOzoneClusterImpl-7bc5bb7c-5c55-4645-ae41-72269081a146/datanode-7/data/ratis/0e5a5b8a-7a32-4dd9-804b-4e4984c096d6/in_use.lock acquired by nodename 11002@pr-hdds-2493-n7h87-1962818265
2019-11-15 03:52:22,355 [pool-209-thread-1] INFO  storage.RaftStorageDirectory (RaftStorageDirectory.java:tryLock(328)) - Lock on /workdir/hadoop-ozone/integration-test/target/test-dir/MiniOzoneClusterImpl-7bc5bb7c-5c55-4645-ae41-72269081a146/datanode-6/data/ratis/0e5a5b8a-7a32-4dd9-804b-4e4984c096d6/in_use.lock acquired by nodename 11002@pr-hdds-2493-n7h87-1962818265
2019-11-15 03:52:22,355 [pool-179-thread-1] INFO  storage.RaftStorageDirectory (RaftStorageDirectory.java:tryLock(328)) - Lock on /workdir/hadoop-ozone/integration-test/target/test-dir/MiniOzoneClusterImpl-7bc5bb7c-5c55-4645-ae41-72269081a146/datanode-3/data/ratis/0e5a5b8a-7a32-4dd9-804b-4e4984c096d6/in_use.lock acquired by nodename 11002@pr-hdds-2493-n7h87-1962818265
2019-11-15 03:52:22,416 [pool-219-thread-1] INFO  storage.RaftStorage (RaftStorage.java:format(84)) - Storage directory /workdir/hadoop-ozone/integration-test/target/test-dir/MiniOzoneClusterImpl-7bc5bb7c-5c55-4645-ae41-72269081a146/datanode-7/data/ratis/0e5a5b8a-7a32-4dd9-804b-4e4984c096d6 has been successfully formatted.
2019-11-15 03:52:22,416 [pool-219-thread-1] INFO  ratis.ContainerStateMachine (ContainerStateMachine.java:loadSnapshot(223)) - group-4E4984C096D6: The snapshot info is null. Setting the last applied indexto:(t:0, i:~)
2019-11-15 03:52:22,416 [pool-219-thread-1] INFO  server.RaftServerConfigKeys (ConfUtils.java:logGet(43)) - raft.server.notification.no-leader.timeout = 120s (custom)
2019-11-15 03:52:22,416 [pool-219-thread-1] INFO  server.RaftServerConfigKeys (ConfUtils.java:logGet(43)) - raft.server.log.use.memory = false (default)
2019-11-15 03:52:22,416 [pool-219-thread-1] INFO  server.RaftServerConfigKeys (ConfUtils.java:logGet(43)) - raft.server.log.purge.gap = 1000000 (custom)
2019-11-15 03:52:22,417 [pool-219-thread-1] INFO  server.RaftServerConfigKeys (ConfUtils.java:logGet(43)) - raft.server.log.appender.buffer.byte-limit = 33554432 (custom)
2019-11-15 03:52:22,417 [pool-219-thread-1] INFO  server.RaftServerConfigKeys (ConfUtils.java:logGet(43)) - raft.server.log.segment.size.max = 1048576 (custom)
2019-11-15 03:52:22,417 [pool-219-thread-1] INFO  server.RaftServerConfigKeys (ConfUtils.java:logGet(43)) - raft.server.log.segment.cache.num.max = 2 (custom)
2019-11-15 03:52:22,417 [pool-219-thread-1] INFO  segmented.SegmentedRaftLogWorker (SegmentedRaftLogWorker.java:<init>(173)) - new 1f296aea-c4ef-4ad0-bd70-4536dedd0da2@group-4E4984C096D6-SegmentedRaftLogWorker for RaftStorage:Storage Directory /workdir/hadoop-ozone/integration-test/target/test-dir/MiniOzoneClusterImpl-7bc5bb7c-5c55-4645-ae41-72269081a146/datanode-7/data/ratis/0e5a5b8a-7a32-4dd9-804b-4e4984c096d6
2019-11-15 03:52:22,417 [pool-219-thread-1] INFO  server.RaftServerConfigKeys (ConfUtils.java:logGet(43)) - raft.server.log.queue.byte-limit = 2147483647 (custom)
2019-11-15 03:52:22,417 [pool-219-thread-1] INFO  server.RaftServerConfigKeys (ConfUtils.java:logGet(43)) - raft.server.log.queue.element-limit = 1024 (custom)
2019-11-15 03:52:22,418 [pool-219-thread-1] INFO  server.RaftServerConfigKeys (ConfUtils.java:logGet(43)) - raft.server.log.segment.size.max = 1048576 (custom)
2019-11-15 03:52:22,418 [pool-219-thread-1] INFO  server.RaftServerConfigKeys (ConfUtils.java:logGet(43)) - raft.server.log.preallocated.size = 16384 (custom)
2019-11-15 03:52:22,418 [pool-219-thread-1] INFO  server.RaftServerConfigKeys (ConfUtils.java:logGet(43)) - raft.server.log.write.buffer.size = 33554432 (custom)
2019-11-15 03:52:22,418 [pool-219-thread-1] INFO  server.RaftServerConfigKeys (ConfUtils.java:logGet(43)) - raft.server.log.force.sync.num = 128 (default)
2019-11-15 03:52:22,418 [pool-219-thread-1] INFO  server.RaftServerConfigKeys (ConfUtils.java:logGet(43)) - raft.server.log.statemachine.data.sync = true (default)
2019-11-15 03:52:22,418 [pool-219-thread-1] INFO  server.RaftServerConfigKeys (ConfUtils.java:logGet(43)) - raft.server.log.statemachine.data.sync.timeout = 10s (default)
2019-11-15 03:52:22,442 [pool-209-thread-1] INFO  storage.RaftStorage (RaftStorage.java:format(84)) - Storage directory /workdir/hadoop-ozone/integration-test/target/test-dir/MiniOzoneClusterImpl-7bc5bb7c-5c55-4645-ae41-72269081a146/datanode-6/data/ratis/0e5a5b8a-7a32-4dd9-804b-4e4984c096d6 has been successfully formatted.
2019-11-15 03:52:22,442 [pool-179-thread-1] INFO  storage.RaftStorage (RaftStorage.java:format(84)) - Storage directory /workdir/hadoop-ozone/integration-test/target/test-dir/MiniOzoneClusterImpl-7bc5bb7c-5c55-4645-ae41-72269081a146/datanode-3/data/ratis/0e5a5b8a-7a32-4dd9-804b-4e4984c096d6 has been successfully formatted.
2019-11-15 03:52:22,443 [pool-219-thread-1] INFO  server.RaftServerConfigKeys (ConfUtils.java:logGet(43)) - raft.server.log.statemachine.data.sync.timeout.retry = -1 (default)
2019-11-15 03:52:22,443 [pool-209-thread-1] INFO  ratis.ContainerStateMachine (ContainerStateMachine.java:loadSnapshot(223)) - group-4E4984C096D6: The snapshot info is null. Setting the last applied indexto:(t:0, i:~)
2019-11-15 03:52:22,443 [pool-219-thread-1] INFO  server.RaftServerConfigKeys (ConfUtils.java:logGet(43)) - raft.server.log.statemachine.data.caching.enabled = true (custom)
2019-11-15 03:52:22,443 [pool-179-thread-1] INFO  ratis.ContainerStateMachine (ContainerStateMachine.java:loadSnapshot(223)) - group-4E4984C096D6: The snapshot info is null. Setting the last applied indexto:(t:0, i:~)
2019-11-15 03:52:22,443 [pool-209-thread-1] INFO  server.RaftServerConfigKeys (ConfUtils.java:logGet(43)) - raft.server.notification.no-leader.timeout = 120s (custom)
2019-11-15 03:52:22,444 [pool-219-thread-1] INFO  segmented.SegmentedRaftLogWorker (SegmentedRaftLogWorker.java:lambda$new$0(128)) - 1f296aea-c4ef-4ad0-bd70-4536dedd0da2@group-4E4984C096D6-SegmentedRaftLogWorker: flushIndex: setUnconditionally 0 -> -1
2019-11-15 03:52:22,443 [pool-179-thread-1] INFO  server.RaftServerConfigKeys (ConfUtils.java:logGet(43)) - raft.server.notification.no-leader.timeout = 120s (custom)
2019-11-15 03:52:22,444 [pool-209-thread-1] INFO  server.RaftServerConfigKeys (ConfUtils.java:logGet(43)) - raft.server.log.use.memory = false (default)
2019-11-15 03:52:22,444 [pool-219-thread-1] INFO  server.RaftServerConfigKeys (ConfUtils.java:logGet(43)) - raft.server.snapshot.auto.trigger.enabled = true (custom)
2019-11-15 03:52:22,444 [pool-179-thread-1] INFO  server.RaftServerConfigKeys (ConfUtils.java:logGet(43)) - raft.server.log.use.memory = false (default)
2019-11-15 03:52:22,444 [pool-219-thread-1] INFO  server.RaftServerConfigKeys (ConfUtils.java:logGet(43)) - raft.server.snapshot.auto.trigger.threshold = 10000 (custom)
2019-11-15 03:52:22,444 [pool-209-thread-1] INFO  server.RaftServerConfigKeys (ConfUtils.java:logGet(43)) - raft.server.log.purge.gap = 1000000 (custom)
2019-11-15 03:52:22,444 [pool-219-thread-1] INFO  server.RaftServerConfigKeys (ConfUtils.java:logGet(43)) - raft.server.snapshot.retention.file.num = 5 (custom)
2019-11-15 03:52:22,444 [pool-179-thread-1] INFO  server.RaftServerConfigKeys (ConfUtils.java:logGet(43)) - raft.server.log.purge.gap = 1000000 (custom)
2019-11-15 03:52:22,445 [pool-219-thread-1] INFO  server.RaftServerConfigKeys (ConfUtils.java:logGet(43)) - raft.server.retrycache.expirytime = 600000ms (custom)
2019-11-15 03:52:22,445 [pool-209-thread-1] INFO  server.RaftServerConfigKeys (ConfUtils.java:logGet(43)) - raft.server.log.appender.buffer.byte-limit = 33554432 (custom)
2019-11-15 03:52:22,445 [pool-219-thread-1] WARN  impl.MetricRegistriesImpl (MetricRegistriesImpl.java:lambda$create$1(61)) - First MetricRegistry has been created without registering reporters. You may need to call MetricRegistries.global().addReportRegistration(...) before.
2019-11-15 03:52:22,445 [pool-179-thread-1] INFO  server.RaftServerConfigKeys (ConfUtils.java:logGet(43)) - raft.server.log.appender.buffer.byte-limit = 33554432 (custom)
2019-11-15 03:52:22,445 [pool-219-thread-1] WARN  impl.MetricRegistriesImpl (MetricRegistriesImpl.java:lambda$create$1(61)) - First MetricRegistry has been created without registering reporters. You may need to call MetricRegistries.global().addReportRegistration(...) before.
2019-11-15 03:52:22,445 [pool-209-thread-1] INFO  server.RaftServerConfigKeys (ConfUtils.java:logGet(43)) - raft.server.log.segment.size.max = 1048576 (custom)
2019-11-15 03:52:22,445 [pool-219-thread-1] INFO  impl.RaftServerImpl (RaftServerImpl.java:start(184)) - 1f296aea-c4ef-4ad0-bd70-4536dedd0da2@group-4E4984C096D6: start as a follower, conf=-1: [43077e3c-832c-4164-9ae4-420ca2301748:192.168.157.206:45724, 32349214-85e6-49cf-bb69-05e83393fdf3:192.168.157.206:34957, 1f296aea-c4ef-4ad0-bd70-4536dedd0da2:192.168.157.206:43123], old=null
2019-11-15 03:52:22,445 [pool-179-thread-1] INFO  server.RaftServerConfigKeys (ConfUtils.java:logGet(43)) - raft.server.log.segment.size.max = 1048576 (custom)
2019-11-15 03:52:22,446 [pool-219-thread-1] INFO  impl.RaftServerImpl (RaftServerImpl.java:setRole(173)) - 1f296aea-c4ef-4ad0-bd70-4536dedd0da2@group-4E4984C096D6: changes role from      null to FOLLOWER at term 0 for startAsFollower
2019-11-15 03:52:22,446 [pool-209-thread-1] INFO  server.RaftServerConfigKeys (ConfUtils.java:logGet(43)) - raft.server.log.segment.cache.num.max = 2 (custom)
2019-11-15 03:52:22,446 [pool-219-thread-1] INFO  impl.RoleInfo (RoleInfo.java:updateAndGet(143)) - 1f296aea-c4ef-4ad0-bd70-4536dedd0da2: start FollowerState
2019-11-15 03:52:22,446 [pool-179-thread-1] INFO  server.RaftServerConfigKeys (ConfUtils.java:logGet(43)) - raft.server.log.segment.cache.num.max = 2 (custom)
2019-11-15 03:52:22,446 [pool-209-thread-1] INFO  segmented.SegmentedRaftLogWorker (SegmentedRaftLogWorker.java:<init>(173)) - new 43077e3c-832c-4164-9ae4-420ca2301748@group-4E4984C096D6-SegmentedRaftLogWorker for RaftStorage:Storage Directory /workdir/hadoop-ozone/integration-test/target/test-dir/MiniOzoneClusterImpl-7bc5bb7c-5c55-4645-ae41-72269081a146/datanode-6/data/ratis/0e5a5b8a-7a32-4dd9-804b-4e4984c096d6
2019-11-15 03:52:22,446 [pool-179-thread-1] INFO  segmented.SegmentedRaftLogWorker (SegmentedRaftLogWorker.java:<init>(173)) - new 32349214-85e6-49cf-bb69-05e83393fdf3@group-4E4984C096D6-SegmentedRaftLogWorker for RaftStorage:Storage Directory /workdir/hadoop-ozone/integration-test/target/test-dir/MiniOzoneClusterImpl-7bc5bb7c-5c55-4645-ae41-72269081a146/datanode-3/data/ratis/0e5a5b8a-7a32-4dd9-804b-4e4984c096d6
2019-11-15 03:52:22,456 [pool-219-thread-1] INFO  util.JmxRegister (JmxRegister.java:tryRegister(44)) - Successfully registered JMX Bean with object name Ratis:service=RaftServer,group=group-4E4984C096D6,id=1f296aea-c4ef-4ad0-bd70-4536dedd0da2
2019-11-15 03:52:22,446 [pool-209-thread-1] INFO  server.RaftServerConfigKeys (ConfUtils.java:logGet(43)) - raft.server.log.queue.byte-limit = 2147483647 (custom)
2019-11-15 03:52:22,456 [pool-219-thread-1] WARN  impl.MetricRegistriesImpl (MetricRegistriesImpl.java:lambda$create$1(61)) - First MetricRegistry has been created without registering reporters. You may need to call MetricRegistries.global().addReportRegistration(...) before.
2019-11-15 03:52:22,456 [pool-179-thread-1] INFO  server.RaftServerConfigKeys (ConfUtils.java:logGet(43)) - raft.server.log.queue.byte-limit = 2147483647 (custom)
2019-11-15 03:52:22,456 [pool-209-thread-1] INFO  server.RaftServerConfigKeys (ConfUtils.java:logGet(43)) - raft.server.log.queue.element-limit = 1024 (custom)
2019-11-15 03:52:22,456 [pool-179-thread-1] INFO  server.RaftServerConfigKeys (ConfUtils.java:logGet(43)) - raft.server.log.queue.element-limit = 1024 (custom)
2019-11-15 03:52:22,457 [pool-209-thread-1] INFO  server.RaftServerConfigKeys (ConfUtils.java:logGet(43)) - raft.server.log.segment.size.max = 1048576 (custom)
2019-11-15 03:52:22,465 [pool-179-thread-1] INFO  server.RaftServerConfigKeys (ConfUtils.java:logGet(43)) - raft.server.log.segment.size.max = 1048576 (custom)
2019-11-15 03:52:22,465 [pool-209-thread-1] INFO  server.RaftServerConfigKeys (ConfUtils.java:logGet(43)) - raft.server.log.preallocated.size = 16384 (custom)
2019-11-15 03:52:22,465 [pool-179-thread-1] INFO  server.RaftServerConfigKeys (ConfUtils.java:logGet(43)) - raft.server.log.preallocated.size = 16384 (custom)
2019-11-15 03:52:22,465 [pool-209-thread-1] INFO  server.RaftServerConfigKeys (ConfUtils.java:logGet(43)) - raft.server.log.write.buffer.size = 33554432 (custom)
2019-11-15 03:52:22,465 [pool-179-thread-1] INFO  server.RaftServerConfigKeys (ConfUtils.java:logGet(43)) - raft.server.log.write.buffer.size = 33554432 (custom)
2019-11-15 03:52:22,469 [pool-179-thread-1] INFO  server.RaftServerConfigKeys (ConfUtils.java:logGet(43)) - raft.server.log.force.sync.num = 128 (default)
2019-11-15 03:52:22,465 [pool-209-thread-1] INFO  server.RaftServerConfigKeys (ConfUtils.java:logGet(43)) - raft.server.log.force.sync.num = 128 (default)
2019-11-15 03:52:22,469 [pool-179-thread-1] INFO  server.RaftServerConfigKeys (ConfUtils.java:logGet(43)) - raft.server.log.statemachine.data.sync = true (default)
2019-11-15 03:52:22,478 [main] WARN  io.KeyOutputStream (KeyOutputStream.java:handleException(274)) - Encountered exception java.io.IOException: Unexpected Storage Container Exception: java.util.concurrent.CompletionException: java.util.concurrent.CompletionException: org.apache.ratis.protocol.AlreadyClosedException: SlidingWindow$Client:client-19EF02575A11->RAFT is closed. on the pipeline Pipeline[ Id: 4325347f-0163-4ab6-afe4-cebb0e7fbced, Nodes: 43077e3c-832c-4164-9ae4-420ca2301748{ip: 192.168.157.206, host: pr-hdds-2493-n7h87-1962818265, networkLocation: /rack1, certSerialId: null}1f296aea-c4ef-4ad0-bd70-4536dedd0da2{ip: 192.168.157.206, host: pr-hdds-2493-n7h87-1962818265, networkLocation: /rack1, certSerialId: null}32349214-85e6-49cf-bb69-05e83393fdf3{ip: 192.168.157.206, host: pr-hdds-2493-n7h87-1962818265, networkLocation: /rack1, certSerialId: null}, Type:RATIS, Factor:THREE, State:OPEN]. The last committed block length is 0, uncommitted data length is 1048576 retry count 0
2019-11-15 03:52:22,471 [pool-209-thread-1] INFO  server.RaftServerConfigKeys (ConfUtils.java:logGet(43)) - raft.server.log.statemachine.data.sync = true (default)
2019-11-15 03:52:22,478 [pool-179-thread-1] INFO  server.RaftServerConfigKeys (ConfUtils.java:logGet(43)) - raft.server.log.statemachine.data.sync.timeout = 10s (default)
2019-11-15 03:52:22,478 [pool-209-thread-1] INFO  server.RaftServerConfigKeys (ConfUtils.java:logGet(43)) - raft.server.log.statemachine.data.sync.timeout = 10s (default)
2019-11-15 03:52:22,478 [pool-179-thread-1] INFO  server.RaftServerConfigKeys (ConfUtils.java:logGet(43)) - raft.server.log.statemachine.data.sync.timeout.retry = -1 (default)
2019-11-15 03:52:22,479 [pool-209-thread-1] INFO  server.RaftServerConfigKeys (ConfUtils.java:logGet(43)) - raft.server.log.statemachine.data.sync.timeout.retry = -1 (default)
2019-11-15 03:52:22,479 [pool-179-thread-1] INFO  server.RaftServerConfigKeys (ConfUtils.java:logGet(43)) - raft.server.log.statemachine.data.caching.enabled = true (custom)
2019-11-15 03:52:22,479 [pool-209-thread-1] INFO  server.RaftServerConfigKeys (ConfUtils.java:logGet(43)) - raft.server.log.statemachine.data.caching.enabled = true (custom)
2019-11-15 03:52:22,479 [main] INFO  io.BlockOutputStreamEntryPool (BlockOutputStreamEntryPool.java:allocateNewBlock(257)) - Allocating block with ExcludeList {datanodes = [], containerIds = [], pipelineIds = [PipelineID=4325347f-0163-4ab6-afe4-cebb0e7fbced]}
2019-11-15 03:52:22,479 [pool-179-thread-1] INFO  segmented.SegmentedRaftLogWorker (SegmentedRaftLogWorker.java:lambda$new$0(128)) - 32349214-85e6-49cf-bb69-05e83393fdf3@group-4E4984C096D6-SegmentedRaftLogWorker: flushIndex: setUnconditionally 0 -> -1
2019-11-15 03:52:22,479 [pool-209-thread-1] INFO  segmented.SegmentedRaftLogWorker (SegmentedRaftLogWorker.java:lambda$new$0(128)) - 43077e3c-832c-4164-9ae4-420ca2301748@group-4E4984C096D6-SegmentedRaftLogWorker: flushIndex: setUnconditionally 0 -> -1
2019-11-15 03:52:22,480 [pool-179-thread-1] INFO  server.RaftServerConfigKeys (ConfUtils.java:logGet(43)) - raft.server.snapshot.auto.trigger.enabled = true (custom)
2019-11-15 03:52:22,480 [pool-209-thread-1] INFO  server.RaftServerConfigKeys (ConfUtils.java:logGet(43)) - raft.server.snapshot.auto.trigger.enabled = true (custom)
2019-11-15 03:52:22,480 [pool-179-thread-1] INFO  server.RaftServerConfigKeys (ConfUtils.java:logGet(43)) - raft.server.snapshot.auto.trigger.threshold = 10000 (custom)
2019-11-15 03:52:22,480 [pool-209-thread-1] INFO  server.RaftServerConfigKeys (ConfUtils.java:logGet(43)) - raft.server.snapshot.auto.trigger.threshold = 10000 (custom)
2019-11-15 03:52:22,480 [pool-179-thread-1] INFO  server.RaftServerConfigKeys (ConfUtils.java:logGet(43)) - raft.server.snapshot.retention.file.num = 5 (custom)
2019-11-15 03:52:22,480 [pool-209-thread-1] INFO  server.RaftServerConfigKeys (ConfUtils.java:logGet(43)) - raft.server.snapshot.retention.file.num = 5 (custom)
2019-11-15 03:52:22,480 [pool-179-thread-1] INFO  server.RaftServerConfigKeys (ConfUtils.java:logGet(43)) - raft.server.retrycache.expirytime = 600000ms (custom)
2019-11-15 03:52:22,480 [pool-209-thread-1] INFO  server.RaftServerConfigKeys (ConfUtils.java:logGet(43)) - raft.server.retrycache.expirytime = 600000ms (custom)
2019-11-15 03:52:22,481 [pool-179-thread-1] WARN  impl.MetricRegistriesImpl (MetricRegistriesImpl.java:lambda$create$1(61)) - First MetricRegistry has been created without registering reporters. You may need to call MetricRegistries.global().addReportRegistration(...) before.
2019-11-15 03:52:22,481 [pool-209-thread-1] WARN  impl.MetricRegistriesImpl (MetricRegistriesImpl.java:lambda$create$1(61)) - First MetricRegistry has been created without registering reporters. You may need to call MetricRegistries.global().addReportRegistration(...) before.
2019-11-15 03:52:22,481 [pool-179-thread-1] WARN  impl.MetricRegistriesImpl (MetricRegistriesImpl.java:lambda$create$1(61)) - First MetricRegistry has been created without registering reporters. You may need to call MetricRegistries.global().addReportRegistration(...) before.
2019-11-15 03:52:22,481 [pool-209-thread-1] WARN  impl.MetricRegistriesImpl (MetricRegistriesImpl.java:lambda$create$1(61)) - First MetricRegistry has been created without registering reporters. You may need to call MetricRegistries.global().addReportRegistration(...) before.
2019-11-15 03:52:22,481 [pool-179-thread-1] INFO  impl.RaftServerImpl (RaftServerImpl.java:start(184)) - 32349214-85e6-49cf-bb69-05e83393fdf3@group-4E4984C096D6: start as a follower, conf=-1: [43077e3c-832c-4164-9ae4-420ca2301748:192.168.157.206:45724, 32349214-85e6-49cf-bb69-05e83393fdf3:192.168.157.206:34957, 1f296aea-c4ef-4ad0-bd70-4536dedd0da2:192.168.157.206:43123], old=null
2019-11-15 03:52:22,481 [pool-209-thread-1] INFO  impl.RaftServerImpl (RaftServerImpl.java:start(184)) - 43077e3c-832c-4164-9ae4-420ca2301748@group-4E4984C096D6: start as a follower, conf=-1: [43077e3c-832c-4164-9ae4-420ca2301748:192.168.157.206:45724, 32349214-85e6-49cf-bb69-05e83393fdf3:192.168.157.206:34957, 1f296aea-c4ef-4ad0-bd70-4536dedd0da2:192.168.157.206:43123], old=null
2019-11-15 03:52:22,481 [pool-179-thread-1] INFO  impl.RaftServerImpl (RaftServerImpl.java:setRole(173)) - 32349214-85e6-49cf-bb69-05e83393fdf3@group-4E4984C096D6: changes role from      null to FOLLOWER at term 0 for startAsFollower
2019-11-15 03:52:22,481 [pool-209-thread-1] INFO  impl.RaftServerImpl (RaftServerImpl.java:setRole(173)) - 43077e3c-832c-4164-9ae4-420ca2301748@group-4E4984C096D6: changes role from      null to FOLLOWER at term 0 for startAsFollower
2019-11-15 03:52:22,481 [pool-179-thread-1] INFO  impl.RoleInfo (RoleInfo.java:updateAndGet(143)) - 32349214-85e6-49cf-bb69-05e83393fdf3: start FollowerState
2019-11-15 03:52:22,482 [pool-209-thread-1] INFO  impl.RoleInfo (RoleInfo.java:updateAndGet(143)) - 43077e3c-832c-4164-9ae4-420ca2301748: start FollowerState
2019-11-15 03:52:22,482 [pool-179-thread-1] INFO  util.JmxRegister (JmxRegister.java:tryRegister(44)) - Successfully registered JMX Bean with object name Ratis:service=RaftServer,group=group-4E4984C096D6,id=32349214-85e6-49cf-bb69-05e83393fdf3
2019-11-15 03:52:22,482 [pool-209-thread-1] INFO  util.JmxRegister (JmxRegister.java:tryRegister(44)) - Successfully registered JMX Bean with object name Ratis:service=RaftServer,group=group-4E4984C096D6,id=43077e3c-832c-4164-9ae4-420ca2301748
2019-11-15 03:52:22,482 [pool-179-thread-1] WARN  impl.MetricRegistriesImpl (MetricRegistriesImpl.java:lambda$create$1(61)) - First MetricRegistry has been created without registering reporters. You may need to call MetricRegistries.global().addReportRegistration(...) before.
2019-11-15 03:52:22,482 [pool-209-thread-1] WARN  impl.MetricRegistriesImpl (MetricRegistriesImpl.java:lambda$create$1(61)) - First MetricRegistry has been created without registering reporters. You may need to call MetricRegistries.global().addReportRegistration(...) before.
2019-11-15 03:52:22,486 [RatisPipelineUtilsThread] INFO  pipeline.PipelineStateManager (PipelineStateManager.java:addPipeline(55)) - Created pipeline Pipeline[ Id: 0e5a5b8a-7a32-4dd9-804b-4e4984c096d6, Nodes: 43077e3c-832c-4164-9ae4-420ca2301748{ip: 192.168.157.206, host: pr-hdds-2493-n7h87-1962818265, networkLocation: /rack1, certSerialId: null}1f296aea-c4ef-4ad0-bd70-4536dedd0da2{ip: 192.168.157.206, host: pr-hdds-2493-n7h87-1962818265, networkLocation: /rack1, certSerialId: null}32349214-85e6-49cf-bb69-05e83393fdf3{ip: 192.168.157.206, host: pr-hdds-2493-n7h87-1962818265, networkLocation: /rack1, certSerialId: null}, Type:RATIS, Factor:THREE, State:ALLOCATED]
2019-11-15 03:52:22,486 [Thread-1510] INFO  pipeline.PipelineStateManager (PipelineStateManager.java:finalizePipeline(121)) - Pipeline Pipeline[ Id: 6e9ff33e-dca4-44b1-a677-b7d0fdad4ffb, Nodes: fae849f2-b585-4c8d-a748-375fffce3265{ip: 192.168.157.206, host: pr-hdds-2493-n7h87-1962818265, networkLocation: /rack1, certSerialId: null}, Type:RATIS, Factor:ONE, State:CLOSED] moved to CLOSED state
2019-11-15 03:52:22,494 [grpc-default-executor-4] INFO  impl.RaftServerProxy (RaftServerProxy.java:remove(95)) - fae849f2-b585-4c8d-a748-375fffce3265: remove    LEADER fae849f2-b585-4c8d-a748-375fffce3265@group-B7D0FDAD4FFB:t1, leader=fae849f2-b585-4c8d-a748-375fffce3265, voted=fae849f2-b585-4c8d-a748-375fffce3265, raftlog=fae849f2-b585-4c8d-a748-375fffce3265@group-B7D0FDAD4FFB-SegmentedRaftLog:OPENED:c0,f0,i0, conf=0: [fae849f2-b585-4c8d-a748-375fffce3265:192.168.157.206:39095], old=null RUNNING
2019-11-15 03:52:22,494 [grpc-default-executor-4] INFO  impl.RaftServerImpl (RaftServerImpl.java:lambda$shutdown$3(250)) - fae849f2-b585-4c8d-a748-375fffce3265@group-B7D0FDAD4FFB: shutdown
2019-11-15 03:52:22,494 [grpc-default-executor-4] INFO  util.JmxRegister (JmxRegister.java:unregister(73)) - Successfully un-registered JMX Bean with object name Ratis:service=RaftServer,group=group-B7D0FDAD4FFB,id=fae849f2-b585-4c8d-a748-375fffce3265
2019-11-15 03:52:22,494 [grpc-default-executor-4] INFO  impl.RoleInfo (RoleInfo.java:shutdownLeaderState(104)) - fae849f2-b585-4c8d-a748-375fffce3265: shutdown LeaderState
2019-11-15 03:52:22,494 [grpc-default-executor-4] INFO  impl.PendingRequests (PendingRequests.java:sendNotLeaderResponses(206)) - fae849f2-b585-4c8d-a748-375fffce3265@group-B7D0FDAD4FFB-PendingRequests: sendNotLeaderResponses
2019-11-15 03:52:22,495 [grpc-default-executor-4] INFO  impl.StateMachineUpdater (StateMachineUpdater.java:stopAndJoin(136)) - fae849f2-b585-4c8d-a748-375fffce3265@group-B7D0FDAD4FFB-StateMachineUpdater: set stopIndex = 0
2019-11-15 03:52:22,495 [grpc-default-executor-4] INFO  impl.RaftServerImpl (ServerState.java:close(387)) - fae849f2-b585-4c8d-a748-375fffce3265@group-B7D0FDAD4FFB: closes. applyIndex: 0
2019-11-15 03:52:22,495 [fae849f2-b585-4c8d-a748-375fffce3265@group-B7D0FDAD4FFB-SegmentedRaftLogWorker] INFO  segmented.SegmentedRaftLogWorker (SegmentedRaftLogWorker.java:run(316)) - fae849f2-b585-4c8d-a748-375fffce3265@group-B7D0FDAD4FFB-SegmentedRaftLogWorker was interrupted, exiting. There are 0 tasks remaining in the queue.
2019-11-15 03:52:22,495 [grpc-default-executor-4] INFO  segmented.SegmentedRaftLogWorker (SegmentedRaftLogWorker.java:close(224)) - fae849f2-b585-4c8d-a748-375fffce3265@group-B7D0FDAD4FFB-SegmentedRaftLogWorker close()
2019-11-15 03:52:22,500 [Thread-1510] INFO  pipeline.PipelineStateManager (PipelineStateManager.java:removePipeline(106)) - Pipeline Pipeline[ Id: 6e9ff33e-dca4-44b1-a677-b7d0fdad4ffb, Nodes: fae849f2-b585-4c8d-a748-375fffce3265{ip: 192.168.157.206, host: pr-hdds-2493-n7h87-1962818265, networkLocation: /rack1, certSerialId: null}, Type:RATIS, Factor:ONE, State:CLOSED] removed from db
2019-11-15 03:52:22,500 [Thread-1510] INFO  pipeline.SCMPipelineManager (SCMPipelineManager.java:finalizeAndDestroyPipeline(315)) - destroying pipeline:Pipeline[ Id: 14df450b-2db2-4a8e-a73a-6ae7fd78b164, Nodes: b5c8e6ac-78cf-4415-8687-784dd9b9d9de{ip: 192.168.157.206, host: pr-hdds-2493-n7h87-1962818265, networkLocation: /rack1, certSerialId: null}09eef956-613c-46b0-8e56-22120e832e77{ip: 192.168.157.206, host: pr-hdds-2493-n7h87-1962818265, networkLocation: /rack1, certSerialId: null}2d1b9a28-4ed6-4518-a989-fb5d866f5618{ip: 192.168.157.206, host: pr-hdds-2493-n7h87-1962818265, networkLocation: /rack1, certSerialId: null}, Type:RATIS, Factor:THREE, State:OPEN]
2019-11-15 03:52:22,504 [grpc-default-executor-4] INFO  impl.RaftServerProxy (RaftServerProxy.java:addNew(89)) - fae849f2-b585-4c8d-a748-375fffce3265: addNew group-F072CE797929:[fae849f2-b585-4c8d-a748-375fffce3265:192.168.157.206:39095] returns group-F072CE797929:java.util.concurrent.CompletableFuture@3204d769[Not completed]
2019-11-15 03:52:22,505 [pool-189-thread-1] INFO  impl.RaftServerImpl (RaftServerImpl.java:<init>(98)) - fae849f2-b585-4c8d-a748-375fffce3265: new RaftServerImpl for group-F072CE797929:[fae849f2-b585-4c8d-a748-375fffce3265:192.168.157.206:39095] with ContainerStateMachine:uninitialized
2019-11-15 03:52:22,506 [pool-189-thread-1] INFO  server.RaftServerConfigKeys (ConfUtils.java:logGet(43)) - raft.server.rpc.timeout.min = 1s (custom)
2019-11-15 03:52:22,506 [pool-189-thread-1] INFO  server.RaftServerConfigKeys (ConfUtils.java:logGet(43)) - raft.server.rpc.timeout.max = 1200ms (custom)
2019-11-15 03:52:22,506 [pool-189-thread-1] INFO  server.RaftServerConfigKeys (ConfUtils.java:logGet(43)) - raft.server.rpcslowness.timeout = 120s (custom)
2019-11-15 03:52:22,506 [pool-189-thread-1] INFO  server.RaftServerConfigKeys (ConfUtils.java:logGet(43)) - raft.server.sleep.deviation.threshold = 300 (default)
2019-11-15 03:52:22,506 [pool-189-thread-1] INFO  server.RaftServerConfigKeys (ConfUtils.java:logGet(43)) - raft.server.log.appender.install.snapshot.enabled = false (custom)
2019-11-15 03:52:22,506 [pool-189-thread-1] INFO  impl.RaftServerImpl (ServerState.java:<init>(103)) - fae849f2-b585-4c8d-a748-375fffce3265@group-F072CE797929: ConfigurationManager, init=-1: [fae849f2-b585-4c8d-a748-375fffce3265:192.168.157.206:39095], old=null, confs=<EMPTY_MAP>
2019-11-15 03:52:22,507 [pool-189-thread-1] INFO  server.RaftServerConfigKeys (ConfUtils.java:logGet(43)) - raft.server.storage.dir = [/workdir/hadoop-ozone/integration-test/target/test-dir/MiniOzoneClusterImpl-7bc5bb7c-5c55-4645-ae41-72269081a146/datanode-4/data/ratis] (custom)
2019-11-15 03:52:22,514 [pool-189-thread-1] INFO  server.RaftServerConfigKeys (ConfUtils.java:logGet(43)) - raft.server.log.corruption.policy = EXCEPTION (default)
2019-11-15 03:52:22,514 [pool-189-thread-1] INFO  storage.RaftStorageDirectory (RaftStorageDirectory.java:analyzeStorage(246)) - The storage directory /workdir/hadoop-ozone/integration-test/target/test-dir/MiniOzoneClusterImpl-7bc5bb7c-5c55-4645-ae41-72269081a146/datanode-4/data/ratis/f9571f0f-3957-41f7-b473-f072ce797929 does not exist. Creating ...
2019-11-15 03:52:22,539 [pool-189-thread-1] INFO  storage.RaftStorageDirectory (RaftStorageDirectory.java:tryLock(328)) - Lock on /workdir/hadoop-ozone/integration-test/target/test-dir/MiniOzoneClusterImpl-7bc5bb7c-5c55-4645-ae41-72269081a146/datanode-4/data/ratis/f9571f0f-3957-41f7-b473-f072ce797929/in_use.lock acquired by nodename 11002@pr-hdds-2493-n7h87-1962818265
2019-11-15 03:52:22,573 [pool-189-thread-1] INFO  storage.RaftStorage (RaftStorage.java:format(84)) - Storage directory /workdir/hadoop-ozone/integration-test/target/test-dir/MiniOzoneClusterImpl-7bc5bb7c-5c55-4645-ae41-72269081a146/datanode-4/data/ratis/f9571f0f-3957-41f7-b473-f072ce797929 has been successfully formatted.
2019-11-15 03:52:22,573 [pool-189-thread-1] INFO  ratis.ContainerStateMachine (ContainerStateMachine.java:loadSnapshot(223)) - group-F072CE797929: The snapshot info is null. Setting the last applied indexto:(t:0, i:~)
2019-11-15 03:52:22,574 [pool-189-thread-1] INFO  server.RaftServerConfigKeys (ConfUtils.java:logGet(43)) - raft.server.notification.no-leader.timeout = 120s (custom)
2019-11-15 03:52:22,574 [pool-189-thread-1] INFO  server.RaftServerConfigKeys (ConfUtils.java:logGet(43)) - raft.server.log.use.memory = false (default)
2019-11-15 03:52:22,574 [pool-189-thread-1] INFO  server.RaftServerConfigKeys (ConfUtils.java:logGet(43)) - raft.server.log.purge.gap = 1000000 (custom)
2019-11-15 03:52:22,574 [pool-189-thread-1] INFO  server.RaftServerConfigKeys (ConfUtils.java:logGet(43)) - raft.server.log.appender.buffer.byte-limit = 33554432 (custom)
2019-11-15 03:52:22,574 [pool-189-thread-1] INFO  server.RaftServerConfigKeys (ConfUtils.java:logGet(43)) - raft.server.log.segment.size.max = 1048576 (custom)
2019-11-15 03:52:22,574 [pool-189-thread-1] INFO  server.RaftServerConfigKeys (ConfUtils.java:logGet(43)) - raft.server.log.segment.cache.num.max = 2 (custom)
2019-11-15 03:52:22,575 [pool-189-thread-1] INFO  segmented.SegmentedRaftLogWorker (SegmentedRaftLogWorker.java:<init>(173)) - new fae849f2-b585-4c8d-a748-375fffce3265@group-F072CE797929-SegmentedRaftLogWorker for RaftStorage:Storage Directory /workdir/hadoop-ozone/integration-test/target/test-dir/MiniOzoneClusterImpl-7bc5bb7c-5c55-4645-ae41-72269081a146/datanode-4/data/ratis/f9571f0f-3957-41f7-b473-f072ce797929
2019-11-15 03:52:22,575 [pool-189-thread-1] INFO  server.RaftServerConfigKeys (ConfUtils.java:logGet(43)) - raft.server.log.queue.byte-limit = 2147483647 (custom)
2019-11-15 03:52:22,575 [pool-189-thread-1] INFO  server.RaftServerConfigKeys (ConfUtils.java:logGet(43)) - raft.server.log.queue.element-limit = 1024 (custom)
2019-11-15 03:52:22,575 [pool-189-thread-1] INFO  server.RaftServerConfigKeys (ConfUtils.java:logGet(43)) - raft.server.log.segment.size.max = 1048576 (custom)
2019-11-15 03:52:22,575 [pool-189-thread-1] INFO  server.RaftServerConfigKeys (ConfUtils.java:logGet(43)) - raft.server.log.preallocated.size = 16384 (custom)
2019-11-15 03:52:22,575 [pool-189-thread-1] INFO  server.RaftServerConfigKeys (ConfUtils.java:logGet(43)) - raft.server.log.write.buffer.size = 33554432 (custom)
2019-11-15 03:52:22,575 [pool-189-thread-1] INFO  server.RaftServerConfigKeys (ConfUtils.java:logGet(43)) - raft.server.log.force.sync.num = 128 (default)
2019-11-15 03:52:22,575 [pool-189-thread-1] INFO  server.RaftServerConfigKeys (ConfUtils.java:logGet(43)) - raft.server.log.statemachine.data.sync = true (default)
2019-11-15 03:52:22,576 [pool-189-thread-1] INFO  server.RaftServerConfigKeys (ConfUtils.java:logGet(43)) - raft.server.log.statemachine.data.sync.timeout = 10s (default)
2019-11-15 03:52:22,576 [pool-189-thread-1] INFO  server.RaftServerConfigKeys (ConfUtils.java:logGet(43)) - raft.server.log.statemachine.data.sync.timeout.retry = -1 (default)
2019-11-15 03:52:22,576 [pool-189-thread-1] INFO  server.RaftServerConfigKeys (ConfUtils.java:logGet(43)) - raft.server.log.statemachine.data.caching.enabled = true (custom)
2019-11-15 03:52:22,576 [pool-189-thread-1] INFO  segmented.SegmentedRaftLogWorker (SegmentedRaftLogWorker.java:lambda$new$0(128)) - fae849f2-b585-4c8d-a748-375fffce3265@group-F072CE797929-SegmentedRaftLogWorker: flushIndex: setUnconditionally 0 -> -1
2019-11-15 03:52:22,577 [pool-189-thread-1] INFO  server.RaftServerConfigKeys (ConfUtils.java:logGet(43)) - raft.server.snapshot.auto.trigger.enabled = true (custom)
2019-11-15 03:52:22,577 [pool-189-thread-1] INFO  server.RaftServerConfigKeys (ConfUtils.java:logGet(43)) - raft.server.snapshot.auto.trigger.threshold = 10000 (custom)
2019-11-15 03:52:22,577 [pool-189-thread-1] INFO  server.RaftServerConfigKeys (ConfUtils.java:logGet(43)) - raft.server.snapshot.retention.file.num = 5 (custom)
2019-11-15 03:52:22,577 [pool-189-thread-1] INFO  server.RaftServerConfigKeys (ConfUtils.java:logGet(43)) - raft.server.retrycache.expirytime = 600000ms (custom)
2019-11-15 03:52:22,577 [pool-189-thread-1] WARN  impl.MetricRegistriesImpl (MetricRegistriesImpl.java:lambda$create$1(61)) - First MetricRegistry has been created without registering reporters. You may need to call MetricRegistries.global().addReportRegistration(...) before.
2019-11-15 03:52:22,577 [pool-189-thread-1] WARN  impl.MetricRegistriesImpl (MetricRegistriesImpl.java:lambda$create$1(61)) - First MetricRegistry has been created without registering reporters. You may need to call MetricRegistries.global().addReportRegistration(...) before.
2019-11-15 03:52:22,578 [pool-189-thread-1] INFO  impl.RaftServerImpl (RaftServerImpl.java:start(184)) - fae849f2-b585-4c8d-a748-375fffce3265@group-F072CE797929: start as a follower, conf=-1: [fae849f2-b585-4c8d-a748-375fffce3265:192.168.157.206:39095], old=null
2019-11-15 03:52:22,578 [pool-189-thread-1] INFO  impl.RaftServerImpl (RaftServerImpl.java:setRole(173)) - fae849f2-b585-4c8d-a748-375fffce3265@group-F072CE797929: changes role from      null to FOLLOWER at term 0 for startAsFollower
2019-11-15 03:52:22,578 [pool-189-thread-1] INFO  impl.RoleInfo (RoleInfo.java:updateAndGet(143)) - fae849f2-b585-4c8d-a748-375fffce3265: start FollowerState
2019-11-15 03:52:22,579 [pool-189-thread-1] INFO  util.JmxRegister (JmxRegister.java:tryRegister(44)) - Successfully registered JMX Bean with object name Ratis:service=RaftServer,group=group-F072CE797929,id=fae849f2-b585-4c8d-a748-375fffce3265
2019-11-15 03:52:22,579 [pool-189-thread-1] WARN  impl.MetricRegistriesImpl (MetricRegistriesImpl.java:lambda$create$1(61)) - First MetricRegistry has been created without registering reporters. You may need to call MetricRegistries.global().addReportRegistration(...) before.
2019-11-15 03:52:22,581 [RatisPipelineUtilsThread] INFO  pipeline.PipelineStateManager (PipelineStateManager.java:addPipeline(55)) - Created pipeline Pipeline[ Id: f9571f0f-3957-41f7-b473-f072ce797929, Nodes: fae849f2-b585-4c8d-a748-375fffce3265{ip: 192.168.157.206, host: pr-hdds-2493-n7h87-1962818265, networkLocation: /rack1, certSerialId: null}, Type:RATIS, Factor:ONE, State:ALLOCATED]
2019-11-15 03:52:22,582 [Thread-1510] INFO  pipeline.PipelineStateManager (PipelineStateManager.java:finalizePipeline(121)) - Pipeline Pipeline[ Id: 14df450b-2db2-4a8e-a73a-6ae7fd78b164, Nodes: b5c8e6ac-78cf-4415-8687-784dd9b9d9de{ip: 192.168.157.206, host: pr-hdds-2493-n7h87-1962818265, networkLocation: /rack1, certSerialId: null}09eef956-613c-46b0-8e56-22120e832e77{ip: 192.168.157.206, host: pr-hdds-2493-n7h87-1962818265, networkLocation: /rack1, certSerialId: null}2d1b9a28-4ed6-4518-a989-fb5d866f5618{ip: 192.168.157.206, host: pr-hdds-2493-n7h87-1962818265, networkLocation: /rack1, certSerialId: null}, Type:RATIS, Factor:THREE, State:CLOSED] moved to CLOSED state
2019-11-15 03:52:22,582 [EventQueue-CloseContainerForCloseContainerEventHandler] INFO  container.CloseContainerEventHandler (CloseContainerEventHandler.java:onMessage(61)) - Close container Event triggered for container : #2
2019-11-15 03:52:22,586 [grpc-default-executor-5] INFO  impl.RaftServerProxy (RaftServerProxy.java:remove(95)) - b5c8e6ac-78cf-4415-8687-784dd9b9d9de: remove  FOLLOWER b5c8e6ac-78cf-4415-8687-784dd9b9d9de@group-6AE7FD78B164:t1, leader=2d1b9a28-4ed6-4518-a989-fb5d866f5618, voted=2d1b9a28-4ed6-4518-a989-fb5d866f5618, raftlog=b5c8e6ac-78cf-4415-8687-784dd9b9d9de@group-6AE7FD78B164-SegmentedRaftLog:OPENED:c0,f0,i2, conf=0: [b5c8e6ac-78cf-4415-8687-784dd9b9d9de:192.168.157.206:35928, 2d1b9a28-4ed6-4518-a989-fb5d866f5618:192.168.157.206:39845, 09eef956-613c-46b0-8e56-22120e832e77:192.168.157.206:45763], old=null RUNNING
2019-11-15 03:52:22,587 [grpc-default-executor-5] INFO  impl.RaftServerImpl (RaftServerImpl.java:lambda$shutdown$3(250)) - b5c8e6ac-78cf-4415-8687-784dd9b9d9de@group-6AE7FD78B164: shutdown
2019-11-15 03:52:22,587 [grpc-default-executor-5] INFO  util.JmxRegister (JmxRegister.java:unregister(73)) - Successfully un-registered JMX Bean with object name Ratis:service=RaftServer,group=group-6AE7FD78B164,id=b5c8e6ac-78cf-4415-8687-784dd9b9d9de
2019-11-15 03:52:22,587 [grpc-default-executor-5] INFO  impl.RoleInfo (RoleInfo.java:shutdownFollowerState(121)) - b5c8e6ac-78cf-4415-8687-784dd9b9d9de: shutdown FollowerState
2019-11-15 03:52:22,587 [grpc-default-executor-5] INFO  impl.StateMachineUpdater (StateMachineUpdater.java:stopAndJoin(136)) - b5c8e6ac-78cf-4415-8687-784dd9b9d9de@group-6AE7FD78B164-StateMachineUpdater: set stopIndex = 0
2019-11-15 03:52:22,587 [Thread-1577] INFO  impl.FollowerState (FollowerState.java:run(120)) - b5c8e6ac-78cf-4415-8687-784dd9b9d9de@group-6AE7FD78B164-FollowerState was interrupted: java.lang.InterruptedException: sleep interrupted
2019-11-15 03:52:22,587 [grpc-default-executor-5] INFO  impl.RaftServerImpl (ServerState.java:close(387)) - b5c8e6ac-78cf-4415-8687-784dd9b9d9de@group-6AE7FD78B164: closes. applyIndex: 0
2019-11-15 03:52:22,601 [b5c8e6ac-78cf-4415-8687-784dd9b9d9de@group-6AE7FD78B164-SegmentedRaftLogWorker] ERROR ratis.XceiverServerRatis (XceiverServerRatis.java:triggerPipelineClose(584)) - pipeline Action CLOSE  on pipeline PipelineID=14df450b-2db2-4a8e-a73a-6ae7fd78b164.Reason : WriteLog:1: (t:1, i:1), STATEMACHINELOGENTRY, client-90056942A713, cid=98-writeStateMachineData interrupted.
2019-11-15 03:52:22,602 [grpc-default-executor-5] INFO  segmented.SegmentedRaftLogWorker (SegmentedRaftLogWorker.java:close(224)) - b5c8e6ac-78cf-4415-8687-784dd9b9d9de@group-6AE7FD78B164-SegmentedRaftLogWorker close()
2019-11-15 03:52:22,606 [EventQueue-PipelineActionsForPipelineActionHandler] ERROR pipeline.PipelineActionHandler (PipelineActionHandler.java:onMessage(60)) - Received pipeline action CLOSE for Pipeline[ Id: 14df450b-2db2-4a8e-a73a-6ae7fd78b164, Nodes: b5c8e6ac-78cf-4415-8687-784dd9b9d9de{ip: 192.168.157.206, host: pr-hdds-2493-n7h87-1962818265, networkLocation: /rack1, certSerialId: null}09eef956-613c-46b0-8e56-22120e832e77{ip: 192.168.157.206, host: pr-hdds-2493-n7h87-1962818265, networkLocation: /rack1, certSerialId: null}2d1b9a28-4ed6-4518-a989-fb5d866f5618{ip: 192.168.157.206, host: pr-hdds-2493-n7h87-1962818265, networkLocation: /rack1, certSerialId: null}, Type:RATIS, Factor:THREE, State:CLOSED] from datanode b5c8e6ac-78cf-4415-8687-784dd9b9d9de{ip: 192.168.157.206, host: pr-hdds-2493-n7h87-1962818265, networkLocation: /rack1, certSerialId: null}. Reason : WriteLog:1: (t:1, i:1), STATEMACHINELOGENTRY, client-90056942A713, cid=98-writeStateMachineData interrupted.
2019-11-15 03:52:22,606 [EventQueue-PipelineActionsForPipelineActionHandler] INFO  pipeline.SCMPipelineManager (SCMPipelineManager.java:finalizeAndDestroyPipeline(315)) - destroying pipeline:Pipeline[ Id: 14df450b-2db2-4a8e-a73a-6ae7fd78b164, Nodes: b5c8e6ac-78cf-4415-8687-784dd9b9d9de{ip: 192.168.157.206, host: pr-hdds-2493-n7h87-1962818265, networkLocation: /rack1, certSerialId: null}09eef956-613c-46b0-8e56-22120e832e77{ip: 192.168.157.206, host: pr-hdds-2493-n7h87-1962818265, networkLocation: /rack1, certSerialId: null}2d1b9a28-4ed6-4518-a989-fb5d866f5618{ip: 192.168.157.206, host: pr-hdds-2493-n7h87-1962818265, networkLocation: /rack1, certSerialId: null}, Type:RATIS, Factor:THREE, State:CLOSED]
2019-11-15 03:52:22,615 [grpc-default-executor-5] INFO  impl.RaftServerProxy (RaftServerProxy.java:remove(95)) - 09eef956-613c-46b0-8e56-22120e832e77: remove  FOLLOWER 09eef956-613c-46b0-8e56-22120e832e77@group-6AE7FD78B164:t1, leader=2d1b9a28-4ed6-4518-a989-fb5d866f5618, voted=2d1b9a28-4ed6-4518-a989-fb5d866f5618, raftlog=09eef956-613c-46b0-8e56-22120e832e77@group-6AE7FD78B164-SegmentedRaftLog:OPENED:c0,f0,i2, conf=0: [b5c8e6ac-78cf-4415-8687-784dd9b9d9de:192.168.157.206:35928, 2d1b9a28-4ed6-4518-a989-fb5d866f5618:192.168.157.206:39845, 09eef956-613c-46b0-8e56-22120e832e77:192.168.157.206:45763], old=null RUNNING
2019-11-15 03:52:22,615 [grpc-default-executor-5] INFO  impl.RaftServerImpl (RaftServerImpl.java:lambda$shutdown$3(250)) - 09eef956-613c-46b0-8e56-22120e832e77@group-6AE7FD78B164: shutdown
2019-11-15 03:52:22,615 [grpc-default-executor-5] INFO  util.JmxRegister (JmxRegister.java:unregister(73)) - Successfully un-registered JMX Bean with object name Ratis:service=RaftServer,group=group-6AE7FD78B164,id=09eef956-613c-46b0-8e56-22120e832e77
2019-11-15 03:52:22,615 [grpc-default-executor-5] INFO  impl.RoleInfo (RoleInfo.java:shutdownFollowerState(121)) - 09eef956-613c-46b0-8e56-22120e832e77: shutdown FollowerState
2019-11-15 03:52:22,615 [grpc-default-executor-5] INFO  impl.StateMachineUpdater (StateMachineUpdater.java:stopAndJoin(136)) - 09eef956-613c-46b0-8e56-22120e832e77@group-6AE7FD78B164-StateMachineUpdater: set stopIndex = 0
2019-11-15 03:52:22,616 [Thread-1576] INFO  impl.FollowerState (FollowerState.java:run(120)) - 09eef956-613c-46b0-8e56-22120e832e77@group-6AE7FD78B164-FollowerState was interrupted: java.lang.InterruptedException: sleep interrupted
2019-11-15 03:52:22,616 [grpc-default-executor-5] INFO  impl.RaftServerImpl (ServerState.java:close(387)) - 09eef956-613c-46b0-8e56-22120e832e77@group-6AE7FD78B164: closes. applyIndex: 0
2019-11-15 03:52:22,619 [09eef956-613c-46b0-8e56-22120e832e77@group-6AE7FD78B164-SegmentedRaftLogWorker] ERROR ratis.XceiverServerRatis (XceiverServerRatis.java:triggerPipelineClose(584)) - pipeline Action CLOSE  on pipeline PipelineID=14df450b-2db2-4a8e-a73a-6ae7fd78b164.Reason : WriteLog:1: (t:1, i:1), STATEMACHINELOGENTRY, client-90056942A713, cid=98-writeStateMachineData interrupted.
2019-11-15 03:52:22,621 [EventQueue-PipelineActionsForPipelineActionHandler] ERROR pipeline.PipelineActionHandler (PipelineActionHandler.java:onMessage(60)) - Received pipeline action CLOSE for Pipeline[ Id: 14df450b-2db2-4a8e-a73a-6ae7fd78b164, Nodes: b5c8e6ac-78cf-4415-8687-784dd9b9d9de{ip: 192.168.157.206, host: pr-hdds-2493-n7h87-1962818265, networkLocation: /rack1, certSerialId: null}09eef956-613c-46b0-8e56-22120e832e77{ip: 192.168.157.206, host: pr-hdds-2493-n7h87-1962818265, networkLocation: /rack1, certSerialId: null}2d1b9a28-4ed6-4518-a989-fb5d866f5618{ip: 192.168.157.206, host: pr-hdds-2493-n7h87-1962818265, networkLocation: /rack1, certSerialId: null}, Type:RATIS, Factor:THREE, State:CLOSED] from datanode 09eef956-613c-46b0-8e56-22120e832e77{ip: 192.168.157.206, host: pr-hdds-2493-n7h87-1962818265, networkLocation: /rack1, certSerialId: null}. Reason : WriteLog:1: (t:1, i:1), STATEMACHINELOGENTRY, client-90056942A713, cid=98-writeStateMachineData interrupted.
2019-11-15 03:52:22,621 [EventQueue-PipelineActionsForPipelineActionHandler] INFO  pipeline.SCMPipelineManager (SCMPipelineManager.java:finalizeAndDestroyPipeline(315)) - destroying pipeline:Pipeline[ Id: 14df450b-2db2-4a8e-a73a-6ae7fd78b164, Nodes: b5c8e6ac-78cf-4415-8687-784dd9b9d9de{ip: 192.168.157.206, host: pr-hdds-2493-n7h87-1962818265, networkLocation: /rack1, certSerialId: null}09eef956-613c-46b0-8e56-22120e832e77{ip: 192.168.157.206, host: pr-hdds-2493-n7h87-1962818265, networkLocation: /rack1, certSerialId: null}2d1b9a28-4ed6-4518-a989-fb5d866f5618{ip: 192.168.157.206, host: pr-hdds-2493-n7h87-1962818265, networkLocation: /rack1, certSerialId: null}, Type:RATIS, Factor:THREE, State:CLOSED]
2019-11-15 03:52:22,628 [grpc-default-executor-5] INFO  segmented.SegmentedRaftLogWorker (SegmentedRaftLogWorker.java:close(224)) - 09eef956-613c-46b0-8e56-22120e832e77@group-6AE7FD78B164-SegmentedRaftLogWorker close()
2019-11-15 03:52:22,639 [grpc-default-executor-5] INFO  impl.RaftServerProxy (RaftServerProxy.java:remove(95)) - 2d1b9a28-4ed6-4518-a989-fb5d866f5618: remove    LEADER 2d1b9a28-4ed6-4518-a989-fb5d866f5618@group-6AE7FD78B164:t1, leader=2d1b9a28-4ed6-4518-a989-fb5d866f5618, voted=2d1b9a28-4ed6-4518-a989-fb5d866f5618, raftlog=2d1b9a28-4ed6-4518-a989-fb5d866f5618@group-6AE7FD78B164-SegmentedRaftLog:OPENED:c0,f0,i2, conf=0: [b5c8e6ac-78cf-4415-8687-784dd9b9d9de:192.168.157.206:35928, 2d1b9a28-4ed6-4518-a989-fb5d866f5618:192.168.157.206:39845, 09eef956-613c-46b0-8e56-22120e832e77:192.168.157.206:45763], old=null RUNNING
2019-11-15 03:52:22,639 [grpc-default-executor-5] INFO  impl.RaftServerImpl (RaftServerImpl.java:lambda$shutdown$3(250)) - 2d1b9a28-4ed6-4518-a989-fb5d866f5618@group-6AE7FD78B164: shutdown
2019-11-15 03:52:22,639 [grpc-default-executor-5] INFO  util.JmxRegister (JmxRegister.java:unregister(73)) - Successfully un-registered JMX Bean with object name Ratis:service=RaftServer,group=group-6AE7FD78B164,id=2d1b9a28-4ed6-4518-a989-fb5d866f5618
2019-11-15 03:52:22,640 [grpc-default-executor-5] INFO  impl.RoleInfo (RoleInfo.java:shutdownLeaderState(104)) - 2d1b9a28-4ed6-4518-a989-fb5d866f5618: shutdown LeaderState
2019-11-15 03:52:22,642 [grpc-default-executor-5] INFO  impl.PendingRequests (PendingRequests.java:sendNotLeaderResponses(206)) - 2d1b9a28-4ed6-4518-a989-fb5d866f5618@group-6AE7FD78B164-PendingRequests: sendNotLeaderResponses
2019-11-15 03:52:22,642 [org.apache.ratis.server.impl.LogAppender$AppenderDaemon$$Lambda$472/1422379056@4a8c3b2a] WARN  server.GrpcLogAppender (GrpcLogAppender.java:mayWait(151)) - 2d1b9a28-4ed6-4518-a989-fb5d866f5618@group-6AE7FD78B164->09eef956-613c-46b0-8e56-22120e832e77-GrpcLogAppender: Wait interrupted by java.lang.InterruptedException
2019-11-15 03:52:22,644 [org.apache.ratis.server.impl.LogAppender$AppenderDaemon$$Lambda$472/1422379056@f8ea4bf] WARN  server.GrpcLogAppender (GrpcLogAppender.java:mayWait(151)) - 2d1b9a28-4ed6-4518-a989-fb5d866f5618@group-6AE7FD78B164->b5c8e6ac-78cf-4415-8687-784dd9b9d9de-GrpcLogAppender: Wait interrupted by java.lang.InterruptedException
2019-11-15 03:52:22,646 [grpc-default-executor-5] INFO  impl.StateMachineUpdater (StateMachineUpdater.java:stopAndJoin(136)) - 2d1b9a28-4ed6-4518-a989-fb5d866f5618@group-6AE7FD78B164-StateMachineUpdater: set stopIndex = 0
2019-11-15 03:52:22,647 [grpc-default-executor-4] INFO  server.GrpcServerProtocolService (GrpcServerProtocolService.java:onCompleted(113)) - 09eef956-613c-46b0-8e56-22120e832e77: Completed APPEND_ENTRIES, lastRequest: 2d1b9a28-4ed6-4518-a989-fb5d866f5618->09eef956-613c-46b0-8e56-22120e832e77#7-t1, previous=(t:1, i:1), leaderCommit=0, initializing? false, entries: size=1, first=(t:1, i:2), STATEMACHINELOGENTRY, client-90056942A713, cid=99
2019-11-15 03:52:22,647 [grpc-default-executor-0] INFO  server.GrpcServerProtocolService (GrpcServerProtocolService.java:onCompleted(113)) - b5c8e6ac-78cf-4415-8687-784dd9b9d9de: Completed APPEND_ENTRIES, lastRequest: 2d1b9a28-4ed6-4518-a989-fb5d866f5618->b5c8e6ac-78cf-4415-8687-784dd9b9d9de#7-t1, previous=(t:1, i:1), leaderCommit=0, initializing? false, entries: size=1, first=(t:1, i:2), STATEMACHINELOGENTRY, client-90056942A713, cid=99
2019-11-15 03:52:22,647 [grpc-default-executor-5] INFO  impl.RaftServerImpl (ServerState.java:close(387)) - 2d1b9a28-4ed6-4518-a989-fb5d866f5618@group-6AE7FD78B164: closes. applyIndex: 0
2019-11-15 03:52:22,647 [grpc-default-executor-0] INFO  server.GrpcLogAppender (GrpcLogAppender.java:onCompleted(308)) - 2d1b9a28-4ed6-4518-a989-fb5d866f5618@group-6AE7FD78B164->b5c8e6ac-78cf-4415-8687-784dd9b9d9de-AppendLogResponseHandler: follower responses appendEntries COMPLETED
2019-11-15 03:52:22,647 [grpc-default-executor-4] INFO  server.GrpcLogAppender (GrpcLogAppender.java:onCompleted(308)) - 2d1b9a28-4ed6-4518-a989-fb5d866f5618@group-6AE7FD78B164->09eef956-613c-46b0-8e56-22120e832e77-AppendLogResponseHandler: follower responses appendEntries COMPLETED
2019-11-15 03:52:22,647 [2d1b9a28-4ed6-4518-a989-fb5d866f5618@group-6AE7FD78B164-SegmentedRaftLogWorker] ERROR ratis.XceiverServerRatis (XceiverServerRatis.java:triggerPipelineClose(584)) - pipeline Action CLOSE  on pipeline PipelineID=14df450b-2db2-4a8e-a73a-6ae7fd78b164.Reason : WriteLog:1: (t:1, i:1), STATEMACHINELOGENTRY, client-90056942A713, cid=98-writeStateMachineData interrupted.
2019-11-15 03:52:22,648 [grpc-default-executor-0] INFO  impl.FollowerInfo (FollowerInfo.java:lambda$new$0(51)) - 2d1b9a28-4ed6-4518-a989-fb5d866f5618@group-6AE7FD78B164->b5c8e6ac-78cf-4415-8687-784dd9b9d9de: nextIndex: updateUnconditionally 3 -> 1
2019-11-15 03:52:22,648 [grpc-default-executor-4] INFO  impl.FollowerInfo (FollowerInfo.java:lambda$new$0(51)) - 2d1b9a28-4ed6-4518-a989-fb5d866f5618@group-6AE7FD78B164->09eef956-613c-46b0-8e56-22120e832e77: nextIndex: updateUnconditionally 3 -> 1
2019-11-15 03:52:22,648 [EventQueue-PipelineActionsForPipelineActionHandler] ERROR pipeline.PipelineActionHandler (PipelineActionHandler.java:onMessage(60)) - Received pipeline action CLOSE for Pipeline[ Id: 14df450b-2db2-4a8e-a73a-6ae7fd78b164, Nodes: b5c8e6ac-78cf-4415-8687-784dd9b9d9de{ip: 192.168.157.206, host: pr-hdds-2493-n7h87-1962818265, networkLocation: /rack1, certSerialId: null}09eef956-613c-46b0-8e56-22120e832e77{ip: 192.168.157.206, host: pr-hdds-2493-n7h87-1962818265, networkLocation: /rack1, certSerialId: null}2d1b9a28-4ed6-4518-a989-fb5d866f5618{ip: 192.168.157.206, host: pr-hdds-2493-n7h87-1962818265, networkLocation: /rack1, certSerialId: null}, Type:RATIS, Factor:THREE, State:CLOSED] from datanode 2d1b9a28-4ed6-4518-a989-fb5d866f5618{ip: 192.168.157.206, host: pr-hdds-2493-n7h87-1962818265, networkLocation: /rack1, certSerialId: null}. Reason : WriteLog:1: (t:1, i:1), STATEMACHINELOGENTRY, client-90056942A713, cid=98-writeStateMachineData interrupted.
2019-11-15 03:52:22,648 [EventQueue-PipelineActionsForPipelineActionHandler] INFO  pipeline.SCMPipelineManager (SCMPipelineManager.java:finalizeAndDestroyPipeline(315)) - destroying pipeline:Pipeline[ Id: 14df450b-2db2-4a8e-a73a-6ae7fd78b164, Nodes: b5c8e6ac-78cf-4415-8687-784dd9b9d9de{ip: 192.168.157.206, host: pr-hdds-2493-n7h87-1962818265, networkLocation: /rack1, certSerialId: null}09eef956-613c-46b0-8e56-22120e832e77{ip: 192.168.157.206, host: pr-hdds-2493-n7h87-1962818265, networkLocation: /rack1, certSerialId: null}2d1b9a28-4ed6-4518-a989-fb5d866f5618{ip: 192.168.157.206, host: pr-hdds-2493-n7h87-1962818265, networkLocation: /rack1, certSerialId: null}, Type:RATIS, Factor:THREE, State:CLOSED]
2019-11-15 03:52:22,652 [grpc-default-executor-5] INFO  segmented.SegmentedRaftLogWorker (SegmentedRaftLogWorker.java:close(224)) - 2d1b9a28-4ed6-4518-a989-fb5d866f5618@group-6AE7FD78B164-SegmentedRaftLogWorker close()
2019-11-15 03:52:22,656 [Thread-1510] INFO  pipeline.PipelineStateManager (PipelineStateManager.java:removePipeline(106)) - Pipeline Pipeline[ Id: 14df450b-2db2-4a8e-a73a-6ae7fd78b164, Nodes: b5c8e6ac-78cf-4415-8687-784dd9b9d9de{ip: 192.168.157.206, host: pr-hdds-2493-n7h87-1962818265, networkLocation: /rack1, certSerialId: null}09eef956-613c-46b0-8e56-22120e832e77{ip: 192.168.157.206, host: pr-hdds-2493-n7h87-1962818265, networkLocation: /rack1, certSerialId: null}2d1b9a28-4ed6-4518-a989-fb5d866f5618{ip: 192.168.157.206, host: pr-hdds-2493-n7h87-1962818265, networkLocation: /rack1, certSerialId: null}, Type:RATIS, Factor:THREE, State:CLOSED] removed from db
2019-11-15 03:52:22,656 [Thread-1510] INFO  pipeline.SCMPipelineManager (SCMPipelineManager.java:finalizeAndDestroyPipeline(315)) - destroying pipeline:Pipeline[ Id: f6f5cf6f-265a-47cb-87f5-ac3769e9c6ed, Nodes: 43077e3c-832c-4164-9ae4-420ca2301748{ip: 192.168.157.206, host: pr-hdds-2493-n7h87-1962818265, networkLocation: /rack1, certSerialId: null}, Type:RATIS, Factor:ONE, State:OPEN]
2019-11-15 03:52:22,660 [grpc-default-executor-0] INFO  impl.RaftServerProxy (RaftServerProxy.java:addNew(89)) - 2d1b9a28-4ed6-4518-a989-fb5d866f5618: addNew group-4D691BF5A7B5:[b5c8e6ac-78cf-4415-8687-784dd9b9d9de:192.168.157.206:35928, 2d1b9a28-4ed6-4518-a989-fb5d866f5618:192.168.157.206:39845, 09eef956-613c-46b0-8e56-22120e832e77:192.168.157.206:45763] returns group-4D691BF5A7B5:java.util.concurrent.CompletableFuture@796476d7[Not completed]
2019-11-15 03:52:22,661 [grpc-default-executor-5] INFO  impl.RaftServerProxy (RaftServerProxy.java:addNew(89)) - b5c8e6ac-78cf-4415-8687-784dd9b9d9de: addNew group-4D691BF5A7B5:[b5c8e6ac-78cf-4415-8687-784dd9b9d9de:192.168.157.206:35928, 2d1b9a28-4ed6-4518-a989-fb5d866f5618:192.168.157.206:39845, 09eef956-613c-46b0-8e56-22120e832e77:192.168.157.206:45763] returns group-4D691BF5A7B5:java.util.concurrent.CompletableFuture@55b4b727[Not completed]
2019-11-15 03:52:22,661 [grpc-default-executor-4] INFO  impl.RaftServerProxy (RaftServerProxy.java:addNew(89)) - 09eef956-613c-46b0-8e56-22120e832e77: addNew group-4D691BF5A7B5:[b5c8e6ac-78cf-4415-8687-784dd9b9d9de:192.168.157.206:35928, 2d1b9a28-4ed6-4518-a989-fb5d866f5618:192.168.157.206:39845, 09eef956-613c-46b0-8e56-22120e832e77:192.168.157.206:45763] returns group-4D691BF5A7B5:java.util.concurrent.CompletableFuture@3d4121d5[Not completed]
2019-11-15 03:52:22,663 [pool-159-thread-1] INFO  impl.RaftServerImpl (RaftServerImpl.java:<init>(98)) - 09eef956-613c-46b0-8e56-22120e832e77: new RaftServerImpl for group-4D691BF5A7B5:[b5c8e6ac-78cf-4415-8687-784dd9b9d9de:192.168.157.206:35928, 2d1b9a28-4ed6-4518-a989-fb5d866f5618:192.168.157.206:39845, 09eef956-613c-46b0-8e56-22120e832e77:192.168.157.206:45763] with ContainerStateMachine:uninitialized
2019-11-15 03:52:22,663 [pool-159-thread-1] INFO  server.RaftServerConfigKeys (ConfUtils.java:logGet(43)) - raft.server.rpc.timeout.min = 1s (custom)
2019-11-15 03:52:22,663 [pool-159-thread-1] INFO  server.RaftServerConfigKeys (ConfUtils.java:logGet(43)) - raft.server.rpc.timeout.max = 1200ms (custom)
2019-11-15 03:52:22,663 [pool-159-thread-1] INFO  server.RaftServerConfigKeys (ConfUtils.java:logGet(43)) - raft.server.rpcslowness.timeout = 120s (custom)
2019-11-15 03:52:22,664 [pool-159-thread-1] INFO  server.RaftServerConfigKeys (ConfUtils.java:logGet(43)) - raft.server.sleep.deviation.threshold = 300 (default)
2019-11-15 03:52:22,664 [pool-159-thread-1] INFO  server.RaftServerConfigKeys (ConfUtils.java:logGet(43)) - raft.server.log.appender.install.snapshot.enabled = false (custom)
2019-11-15 03:52:22,664 [pool-159-thread-1] INFO  impl.RaftServerImpl (ServerState.java:<init>(103)) - 09eef956-613c-46b0-8e56-22120e832e77@group-4D691BF5A7B5: ConfigurationManager, init=-1: [b5c8e6ac-78cf-4415-8687-784dd9b9d9de:192.168.157.206:35928, 2d1b9a28-4ed6-4518-a989-fb5d866f5618:192.168.157.206:39845, 09eef956-613c-46b0-8e56-22120e832e77:192.168.157.206:45763], old=null, confs=<EMPTY_MAP>
2019-11-15 03:52:22,664 [pool-159-thread-1] INFO  server.RaftServerConfigKeys (ConfUtils.java:logGet(43)) - raft.server.storage.dir = [/workdir/hadoop-ozone/integration-test/target/test-dir/MiniOzoneClusterImpl-7bc5bb7c-5c55-4645-ae41-72269081a146/datanode-1/data/ratis] (custom)
2019-11-15 03:52:22,664 [pool-159-thread-1] INFO  server.RaftServerConfigKeys (ConfUtils.java:logGet(43)) - raft.server.log.corruption.policy = EXCEPTION (default)
2019-11-15 03:52:22,665 [pool-159-thread-1] INFO  storage.RaftStorageDirectory (RaftStorageDirectory.java:analyzeStorage(246)) - The storage directory /workdir/hadoop-ozone/integration-test/target/test-dir/MiniOzoneClusterImpl-7bc5bb7c-5c55-4645-ae41-72269081a146/datanode-1/data/ratis/6065c80e-43cf-4002-940a-4d691bf5a7b5 does not exist. Creating ...
2019-11-15 03:52:22,665 [pool-169-thread-1] INFO  impl.RaftServerImpl (RaftServerImpl.java:<init>(98)) - 2d1b9a28-4ed6-4518-a989-fb5d866f5618: new RaftServerImpl for group-4D691BF5A7B5:[b5c8e6ac-78cf-4415-8687-784dd9b9d9de:192.168.157.206:35928, 2d1b9a28-4ed6-4518-a989-fb5d866f5618:192.168.157.206:39845, 09eef956-613c-46b0-8e56-22120e832e77:192.168.157.206:45763] with ContainerStateMachine:uninitialized
2019-11-15 03:52:22,665 [pool-169-thread-1] INFO  server.RaftServerConfigKeys (ConfUtils.java:logGet(43)) - raft.server.rpc.timeout.min = 1s (custom)
2019-11-15 03:52:22,665 [pool-169-thread-1] INFO  server.RaftServerConfigKeys (ConfUtils.java:logGet(43)) - raft.server.rpc.timeout.max = 1200ms (custom)
2019-11-15 03:52:22,665 [pool-149-thread-1] INFO  impl.RaftServerImpl (RaftServerImpl.java:<init>(98)) - b5c8e6ac-78cf-4415-8687-784dd9b9d9de: new RaftServerImpl for group-4D691BF5A7B5:[b5c8e6ac-78cf-4415-8687-784dd9b9d9de:192.168.157.206:35928, 2d1b9a28-4ed6-4518-a989-fb5d866f5618:192.168.157.206:39845, 09eef956-613c-46b0-8e56-22120e832e77:192.168.157.206:45763] with ContainerStateMachine:uninitialized
2019-11-15 03:52:22,665 [pool-169-thread-1] INFO  server.RaftServerConfigKeys (ConfUtils.java:logGet(43)) - raft.server.rpcslowness.timeout = 120s (custom)
2019-11-15 03:52:22,666 [pool-149-thread-1] INFO  server.RaftServerConfigKeys (ConfUtils.java:logGet(43)) - raft.server.rpc.timeout.min = 1s (custom)
2019-11-15 03:52:22,666 [pool-169-thread-1] INFO  server.RaftServerConfigKeys (ConfUtils.java:logGet(43)) - raft.server.sleep.deviation.threshold = 300 (default)
2019-11-15 03:52:22,666 [pool-149-thread-1] INFO  server.RaftServerConfigKeys (ConfUtils.java:logGet(43)) - raft.server.rpc.timeout.max = 1200ms (custom)
2019-11-15 03:52:22,666 [pool-169-thread-1] INFO  server.RaftServerConfigKeys (ConfUtils.java:logGet(43)) - raft.server.log.appender.install.snapshot.enabled = false (custom)
2019-11-15 03:52:22,666 [pool-149-thread-1] INFO  server.RaftServerConfigKeys (ConfUtils.java:logGet(43)) - raft.server.rpcslowness.timeout = 120s (custom)
2019-11-15 03:52:22,666 [pool-169-thread-1] INFO  impl.RaftServerImpl (ServerState.java:<init>(103)) - 2d1b9a28-4ed6-4518-a989-fb5d866f5618@group-4D691BF5A7B5: ConfigurationManager, init=-1: [b5c8e6ac-78cf-4415-8687-784dd9b9d9de:192.168.157.206:35928, 2d1b9a28-4ed6-4518-a989-fb5d866f5618:192.168.157.206:39845, 09eef956-613c-46b0-8e56-22120e832e77:192.168.157.206:45763], old=null, confs=<EMPTY_MAP>
2019-11-15 03:52:22,666 [pool-149-thread-1] INFO  server.RaftServerConfigKeys (ConfUtils.java:logGet(43)) - raft.server.sleep.deviation.threshold = 300 (default)
2019-11-15 03:52:22,666 [pool-149-thread-1] INFO  server.RaftServerConfigKeys (ConfUtils.java:logGet(43)) - raft.server.log.appender.install.snapshot.enabled = false (custom)
2019-11-15 03:52:22,666 [pool-169-thread-1] INFO  server.RaftServerConfigKeys (ConfUtils.java:logGet(43)) - raft.server.storage.dir = [/workdir/hadoop-ozone/integration-test/target/test-dir/MiniOzoneClusterImpl-7bc5bb7c-5c55-4645-ae41-72269081a146/datanode-2/data/ratis] (custom)
2019-11-15 03:52:22,666 [pool-149-thread-1] INFO  impl.RaftServerImpl (ServerState.java:<init>(103)) - b5c8e6ac-78cf-4415-8687-784dd9b9d9de@group-4D691BF5A7B5: ConfigurationManager, init=-1: [b5c8e6ac-78cf-4415-8687-784dd9b9d9de:192.168.157.206:35928, 2d1b9a28-4ed6-4518-a989-fb5d866f5618:192.168.157.206:39845, 09eef956-613c-46b0-8e56-22120e832e77:192.168.157.206:45763], old=null, confs=<EMPTY_MAP>
2019-11-15 03:52:22,667 [pool-149-thread-1] INFO  server.RaftServerConfigKeys (ConfUtils.java:logGet(43)) - raft.server.storage.dir = [/workdir/hadoop-ozone/integration-test/target/test-dir/MiniOzoneClusterImpl-7bc5bb7c-5c55-4645-ae41-72269081a146/datanode-0/data/ratis] (custom)
2019-11-15 03:52:22,667 [pool-149-thread-1] INFO  server.RaftServerConfigKeys (ConfUtils.java:logGet(43)) - raft.server.log.corruption.policy = EXCEPTION (default)
2019-11-15 03:52:22,667 [pool-149-thread-1] INFO  storage.RaftStorageDirectory (RaftStorageDirectory.java:analyzeStorage(246)) - The storage directory /workdir/hadoop-ozone/integration-test/target/test-dir/MiniOzoneClusterImpl-7bc5bb7c-5c55-4645-ae41-72269081a146/datanode-0/data/ratis/6065c80e-43cf-4002-940a-4d691bf5a7b5 does not exist. Creating ...
2019-11-15 03:52:22,669 [pool-169-thread-1] INFO  server.RaftServerConfigKeys (ConfUtils.java:logGet(43)) - raft.server.log.corruption.policy = EXCEPTION (default)
2019-11-15 03:52:22,670 [pool-169-thread-1] INFO  storage.RaftStorageDirectory (RaftStorageDirectory.java:analyzeStorage(246)) - The storage directory /workdir/hadoop-ozone/integration-test/target/test-dir/MiniOzoneClusterImpl-7bc5bb7c-5c55-4645-ae41-72269081a146/datanode-2/data/ratis/6065c80e-43cf-4002-940a-4d691bf5a7b5 does not exist. Creating ...
2019-11-15 03:52:22,695 [pool-169-thread-1] INFO  storage.RaftStorageDirectory (RaftStorageDirectory.java:tryLock(328)) - Lock on /workdir/hadoop-ozone/integration-test/target/test-dir/MiniOzoneClusterImpl-7bc5bb7c-5c55-4645-ae41-72269081a146/datanode-2/data/ratis/6065c80e-43cf-4002-940a-4d691bf5a7b5/in_use.lock acquired by nodename 11002@pr-hdds-2493-n7h87-1962818265
2019-11-15 03:52:22,695 [pool-149-thread-1] INFO  storage.RaftStorageDirectory (RaftStorageDirectory.java:tryLock(328)) - Lock on /workdir/hadoop-ozone/integration-test/target/test-dir/MiniOzoneClusterImpl-7bc5bb7c-5c55-4645-ae41-72269081a146/datanode-0/data/ratis/6065c80e-43cf-4002-940a-4d691bf5a7b5/in_use.lock acquired by nodename 11002@pr-hdds-2493-n7h87-1962818265
2019-11-15 03:52:22,695 [pool-159-thread-1] INFO  storage.RaftStorageDirectory (RaftStorageDirectory.java:tryLock(328)) - Lock on /workdir/hadoop-ozone/integration-test/target/test-dir/MiniOzoneClusterImpl-7bc5bb7c-5c55-4645-ae41-72269081a146/datanode-1/data/ratis/6065c80e-43cf-4002-940a-4d691bf5a7b5/in_use.lock acquired by nodename 11002@pr-hdds-2493-n7h87-1962818265
2019-11-15 03:52:22,713 [pool-149-thread-1] INFO  storage.RaftStorage (RaftStorage.java:format(84)) - Storage directory /workdir/hadoop-ozone/integration-test/target/test-dir/MiniOzoneClusterImpl-7bc5bb7c-5c55-4645-ae41-72269081a146/datanode-0/data/ratis/6065c80e-43cf-4002-940a-4d691bf5a7b5 has been successfully formatted.
2019-11-15 03:52:22,713 [pool-169-thread-1] INFO  storage.RaftStorage (RaftStorage.java:format(84)) - Storage directory /workdir/hadoop-ozone/integration-test/target/test-dir/MiniOzoneClusterImpl-7bc5bb7c-5c55-4645-ae41-72269081a146/datanode-2/data/ratis/6065c80e-43cf-4002-940a-4d691bf5a7b5 has been successfully formatted.
2019-11-15 03:52:22,713 [pool-159-thread-1] INFO  storage.RaftStorage (RaftStorage.java:format(84)) - Storage directory /workdir/hadoop-ozone/integration-test/target/test-dir/MiniOzoneClusterImpl-7bc5bb7c-5c55-4645-ae41-72269081a146/datanode-1/data/ratis/6065c80e-43cf-4002-940a-4d691bf5a7b5 has been successfully formatted.
2019-11-15 03:52:22,713 [pool-149-thread-1] INFO  ratis.ContainerStateMachine (ContainerStateMachine.java:loadSnapshot(223)) - group-4D691BF5A7B5: The snapshot info is null. Setting the last applied indexto:(t:0, i:~)
2019-11-15 03:52:22,713 [pool-169-thread-1] INFO  ratis.ContainerStateMachine (ContainerStateMachine.java:loadSnapshot(223)) - group-4D691BF5A7B5: The snapshot info is null. Setting the last applied indexto:(t:0, i:~)
2019-11-15 03:52:22,713 [pool-149-thread-1] INFO  server.RaftServerConfigKeys (ConfUtils.java:logGet(43)) - raft.server.notification.no-leader.timeout = 120s (custom)
2019-11-15 03:52:22,713 [pool-159-thread-1] INFO  ratis.ContainerStateMachine (ContainerStateMachine.java:loadSnapshot(223)) - group-4D691BF5A7B5: The snapshot info is null. Setting the last applied indexto:(t:0, i:~)
2019-11-15 03:52:22,713 [pool-149-thread-1] INFO  server.RaftServerConfigKeys (ConfUtils.java:logGet(43)) - raft.server.log.use.memory = false (default)
2019-11-15 03:52:22,713 [pool-169-thread-1] INFO  server.RaftServerConfigKeys (ConfUtils.java:logGet(43)) - raft.server.notification.no-leader.timeout = 120s (custom)
2019-11-15 03:52:22,713 [pool-149-thread-1] INFO  server.RaftServerConfigKeys (ConfUtils.java:logGet(43)) - raft.server.log.purge.gap = 1000000 (custom)
2019-11-15 03:52:22,713 [pool-159-thread-1] INFO  server.RaftServerConfigKeys (ConfUtils.java:logGet(43)) - raft.server.notification.no-leader.timeout = 120s (custom)
2019-11-15 03:52:22,714 [pool-149-thread-1] INFO  server.RaftServerConfigKeys (ConfUtils.java:logGet(43)) - raft.server.log.appender.buffer.byte-limit = 33554432 (custom)
2019-11-15 03:52:22,714 [pool-169-thread-1] INFO  server.RaftServerConfigKeys (ConfUtils.java:logGet(43)) - raft.server.log.use.memory = false (default)
2019-11-15 03:52:22,714 [pool-149-thread-1] INFO  server.RaftServerConfigKeys (ConfUtils.java:logGet(43)) - raft.server.log.segment.size.max = 1048576 (custom)
2019-11-15 03:52:22,714 [pool-159-thread-1] INFO  server.RaftServerConfigKeys (ConfUtils.java:logGet(43)) - raft.server.log.use.memory = false (default)
2019-11-15 03:52:22,714 [pool-149-thread-1] INFO  server.RaftServerConfigKeys (ConfUtils.java:logGet(43)) - raft.server.log.segment.cache.num.max = 2 (custom)
2019-11-15 03:52:22,714 [pool-169-thread-1] INFO  server.RaftServerConfigKeys (ConfUtils.java:logGet(43)) - raft.server.log.purge.gap = 1000000 (custom)
2019-11-15 03:52:22,714 [pool-149-thread-1] INFO  segmented.SegmentedRaftLogWorker (SegmentedRaftLogWorker.java:<init>(173)) - new b5c8e6ac-78cf-4415-8687-784dd9b9d9de@group-4D691BF5A7B5-SegmentedRaftLogWorker for RaftStorage:Storage Directory /workdir/hadoop-ozone/integration-test/target/test-dir/MiniOzoneClusterImpl-7bc5bb7c-5c55-4645-ae41-72269081a146/datanode-0/data/ratis/6065c80e-43cf-4002-940a-4d691bf5a7b5
2019-11-15 03:52:22,714 [pool-159-thread-1] INFO  server.RaftServerConfigKeys (ConfUtils.java:logGet(43)) - raft.server.log.purge.gap = 1000000 (custom)
2019-11-15 03:52:22,714 [pool-149-thread-1] INFO  server.RaftServerConfigKeys (ConfUtils.java:logGet(43)) - raft.server.log.queue.byte-limit = 2147483647 (custom)
2019-11-15 03:52:22,714 [pool-169-thread-1] INFO  server.RaftServerConfigKeys (ConfUtils.java:logGet(43)) - raft.server.log.appender.buffer.byte-limit = 33554432 (custom)
2019-11-15 03:52:22,715 [pool-149-thread-1] INFO  server.RaftServerConfigKeys (ConfUtils.java:logGet(43)) - raft.server.log.queue.element-limit = 1024 (custom)
2019-11-15 03:52:22,715 [pool-159-thread-1] INFO  server.RaftServerConfigKeys (ConfUtils.java:logGet(43)) - raft.server.log.appender.buffer.byte-limit = 33554432 (custom)
2019-11-15 03:52:22,715 [pool-149-thread-1] INFO  server.RaftServerConfigKeys (ConfUtils.java:logGet(43)) - raft.server.log.segment.size.max = 1048576 (custom)
2019-11-15 03:52:22,715 [pool-169-thread-1] INFO  server.RaftServerConfigKeys (ConfUtils.java:logGet(43)) - raft.server.log.segment.size.max = 1048576 (custom)
2019-11-15 03:52:22,715 [pool-149-thread-1] INFO  server.RaftServerConfigKeys (ConfUtils.java:logGet(43)) - raft.server.log.preallocated.size = 16384 (custom)
2019-11-15 03:52:22,715 [pool-159-thread-1] INFO  server.RaftServerConfigKeys (ConfUtils.java:logGet(43)) - raft.server.log.segment.size.max = 1048576 (custom)
2019-11-15 03:52:22,715 [pool-149-thread-1] INFO  server.RaftServerConfigKeys (ConfUtils.java:logGet(43)) - raft.server.log.write.buffer.size = 33554432 (custom)
2019-11-15 03:52:22,715 [pool-169-thread-1] INFO  server.RaftServerConfigKeys (ConfUtils.java:logGet(43)) - raft.server.log.segment.cache.num.max = 2 (custom)
2019-11-15 03:52:22,716 [pool-149-thread-1] INFO  server.RaftServerConfigKeys (ConfUtils.java:logGet(43)) - raft.server.log.force.sync.num = 128 (default)
2019-11-15 03:52:22,716 [pool-159-thread-1] INFO  server.RaftServerConfigKeys (ConfUtils.java:logGet(43)) - raft.server.log.segment.cache.num.max = 2 (custom)
2019-11-15 03:52:22,716 [pool-149-thread-1] INFO  server.RaftServerConfigKeys (ConfUtils.java:logGet(43)) - raft.server.log.statemachine.data.sync = true (default)
2019-11-15 03:52:22,716 [pool-169-thread-1] INFO  segmented.SegmentedRaftLogWorker (SegmentedRaftLogWorker.java:<init>(173)) - new 2d1b9a28-4ed6-4518-a989-fb5d866f5618@group-4D691BF5A7B5-SegmentedRaftLogWorker for RaftStorage:Storage Directory /workdir/hadoop-ozone/integration-test/target/test-dir/MiniOzoneClusterImpl-7bc5bb7c-5c55-4645-ae41-72269081a146/datanode-2/data/ratis/6065c80e-43cf-4002-940a-4d691bf5a7b5
2019-11-15 03:52:22,716 [pool-149-thread-1] INFO  server.RaftServerConfigKeys (ConfUtils.java:logGet(43)) - raft.server.log.statemachine.data.sync.timeout = 10s (default)
2019-11-15 03:52:22,716 [pool-159-thread-1] INFO  segmented.SegmentedRaftLogWorker (SegmentedRaftLogWorker.java:<init>(173)) - new 09eef956-613c-46b0-8e56-22120e832e77@group-4D691BF5A7B5-SegmentedRaftLogWorker for RaftStorage:Storage Directory /workdir/hadoop-ozone/integration-test/target/test-dir/MiniOzoneClusterImpl-7bc5bb7c-5c55-4645-ae41-72269081a146/datanode-1/data/ratis/6065c80e-43cf-4002-940a-4d691bf5a7b5
2019-11-15 03:52:22,716 [pool-149-thread-1] INFO  server.RaftServerConfigKeys (ConfUtils.java:logGet(43)) - raft.server.log.statemachine.data.sync.timeout.retry = -1 (default)
2019-11-15 03:52:22,716 [pool-169-thread-1] INFO  server.RaftServerConfigKeys (ConfUtils.java:logGet(43)) - raft.server.log.queue.byte-limit = 2147483647 (custom)
2019-11-15 03:52:22,717 [pool-149-thread-1] INFO  server.RaftServerConfigKeys (ConfUtils.java:logGet(43)) - raft.server.log.statemachine.data.caching.enabled = true (custom)
2019-11-15 03:52:22,716 [pool-159-thread-1] INFO  server.RaftServerConfigKeys (ConfUtils.java:logGet(43)) - raft.server.log.queue.byte-limit = 2147483647 (custom)
2019-11-15 03:52:22,717 [pool-169-thread-1] INFO  server.RaftServerConfigKeys (ConfUtils.java:logGet(43)) - raft.server.log.queue.element-limit = 1024 (custom)
2019-11-15 03:52:22,717 [pool-159-thread-1] INFO  server.RaftServerConfigKeys (ConfUtils.java:logGet(43)) - raft.server.log.queue.element-limit = 1024 (custom)
2019-11-15 03:52:22,717 [pool-169-thread-1] INFO  server.RaftServerConfigKeys (ConfUtils.java:logGet(43)) - raft.server.log.segment.size.max = 1048576 (custom)
2019-11-15 03:52:22,717 [pool-159-thread-1] INFO  server.RaftServerConfigKeys (ConfUtils.java:logGet(43)) - raft.server.log.segment.size.max = 1048576 (custom)
2019-11-15 03:52:22,717 [pool-169-thread-1] INFO  server.RaftServerConfigKeys (ConfUtils.java:logGet(43)) - raft.server.log.preallocated.size = 16384 (custom)
2019-11-15 03:52:22,717 [pool-159-thread-1] INFO  server.RaftServerConfigKeys (ConfUtils.java:logGet(43)) - raft.server.log.preallocated.size = 16384 (custom)
2019-11-15 03:52:22,717 [pool-169-thread-1] INFO  server.RaftServerConfigKeys (ConfUtils.java:logGet(43)) - raft.server.log.write.buffer.size = 33554432 (custom)
2019-11-15 03:52:22,717 [pool-159-thread-1] INFO  server.RaftServerConfigKeys (ConfUtils.java:logGet(43)) - raft.server.log.write.buffer.size = 33554432 (custom)
2019-11-15 03:52:22,717 [pool-169-thread-1] INFO  server.RaftServerConfigKeys (ConfUtils.java:logGet(43)) - raft.server.log.force.sync.num = 128 (default)
2019-11-15 03:52:22,718 [pool-159-thread-1] INFO  server.RaftServerConfigKeys (ConfUtils.java:logGet(43)) - raft.server.log.force.sync.num = 128 (default)
2019-11-15 03:52:22,718 [pool-169-thread-1] INFO  server.RaftServerConfigKeys (ConfUtils.java:logGet(43)) - raft.server.log.statemachine.data.sync = true (default)
2019-11-15 03:52:22,718 [pool-159-thread-1] INFO  server.RaftServerConfigKeys (ConfUtils.java:logGet(43)) - raft.server.log.statemachine.data.sync = true (default)
2019-11-15 03:52:22,718 [pool-169-thread-1] INFO  server.RaftServerConfigKeys (ConfUtils.java:logGet(43)) - raft.server.log.statemachine.data.sync.timeout = 10s (default)
2019-11-15 03:52:22,718 [pool-159-thread-1] INFO  server.RaftServerConfigKeys (ConfUtils.java:logGet(43)) - raft.server.log.statemachine.data.sync.timeout = 10s (default)
2019-11-15 03:52:22,718 [pool-169-thread-1] INFO  server.RaftServerConfigKeys (ConfUtils.java:logGet(43)) - raft.server.log.statemachine.data.sync.timeout.retry = -1 (default)
2019-11-15 03:52:22,718 [pool-159-thread-1] INFO  server.RaftServerConfigKeys (ConfUtils.java:logGet(43)) - raft.server.log.statemachine.data.sync.timeout.retry = -1 (default)
2019-11-15 03:52:22,718 [pool-169-thread-1] INFO  server.RaftServerConfigKeys (ConfUtils.java:logGet(43)) - raft.server.log.statemachine.data.caching.enabled = true (custom)
2019-11-15 03:52:22,718 [pool-159-thread-1] INFO  server.RaftServerConfigKeys (ConfUtils.java:logGet(43)) - raft.server.log.statemachine.data.caching.enabled = true (custom)
2019-11-15 03:52:22,721 [pool-149-thread-1] INFO  segmented.SegmentedRaftLogWorker (SegmentedRaftLogWorker.java:lambda$new$0(128)) - b5c8e6ac-78cf-4415-8687-784dd9b9d9de@group-4D691BF5A7B5-SegmentedRaftLogWorker: flushIndex: setUnconditionally 0 -> -1
2019-11-15 03:52:22,721 [pool-159-thread-1] INFO  segmented.SegmentedRaftLogWorker (SegmentedRaftLogWorker.java:lambda$new$0(128)) - 09eef956-613c-46b0-8e56-22120e832e77@group-4D691BF5A7B5-SegmentedRaftLogWorker: flushIndex: setUnconditionally 0 -> -1
2019-11-15 03:52:22,721 [pool-169-thread-1] INFO  segmented.SegmentedRaftLogWorker (SegmentedRaftLogWorker.java:lambda$new$0(128)) - 2d1b9a28-4ed6-4518-a989-fb5d866f5618@group-4D691BF5A7B5-SegmentedRaftLogWorker: flushIndex: setUnconditionally 0 -> -1
2019-11-15 03:52:22,722 [pool-149-thread-1] INFO  server.RaftServerConfigKeys (ConfUtils.java:logGet(43)) - raft.server.snapshot.auto.trigger.enabled = true (custom)
2019-11-15 03:52:22,722 [pool-159-thread-1] INFO  server.RaftServerConfigKeys (ConfUtils.java:logGet(43)) - raft.server.snapshot.auto.trigger.enabled = true (custom)
2019-11-15 03:52:22,722 [pool-169-thread-1] INFO  server.RaftServerConfigKeys (ConfUtils.java:logGet(43)) - raft.server.snapshot.auto.trigger.enabled = true (custom)
2019-11-15 03:52:22,722 [pool-149-thread-1] INFO  server.RaftServerConfigKeys (ConfUtils.java:logGet(43)) - raft.server.snapshot.auto.trigger.threshold = 10000 (custom)
2019-11-15 03:52:22,722 [pool-169-thread-1] INFO  server.RaftServerConfigKeys (ConfUtils.java:logGet(43)) - raft.server.snapshot.auto.trigger.threshold = 10000 (custom)
2019-11-15 03:52:22,722 [pool-159-thread-1] INFO  server.RaftServerConfigKeys (ConfUtils.java:logGet(43)) - raft.server.snapshot.auto.trigger.threshold = 10000 (custom)
2019-11-15 03:52:22,722 [pool-169-thread-1] INFO  server.RaftServerConfigKeys (ConfUtils.java:logGet(43)) - raft.server.snapshot.retention.file.num = 5 (custom)
2019-11-15 03:52:22,722 [pool-149-thread-1] INFO  server.RaftServerConfigKeys (ConfUtils.java:logGet(43)) - raft.server.snapshot.retention.file.num = 5 (custom)
2019-11-15 03:52:22,722 [pool-169-thread-1] INFO  server.RaftServerConfigKeys (ConfUtils.java:logGet(43)) - raft.server.retrycache.expirytime = 600000ms (custom)
2019-11-15 03:52:22,722 [pool-159-thread-1] INFO  server.RaftServerConfigKeys (ConfUtils.java:logGet(43)) - raft.server.snapshot.retention.file.num = 5 (custom)
2019-11-15 03:52:22,723 [pool-149-thread-1] INFO  server.RaftServerConfigKeys (ConfUtils.java:logGet(43)) - raft.server.retrycache.expirytime = 600000ms (custom)
2019-11-15 03:52:22,723 [pool-159-thread-1] INFO  server.RaftServerConfigKeys (ConfUtils.java:logGet(43)) - raft.server.retrycache.expirytime = 600000ms (custom)
2019-11-15 03:52:22,723 [pool-149-thread-1] WARN  impl.MetricRegistriesImpl (MetricRegistriesImpl.java:lambda$create$1(61)) - First MetricRegistry has been created without registering reporters. You may need to call MetricRegistries.global().addReportRegistration(...) before.
2019-11-15 03:52:22,723 [pool-169-thread-1] WARN  impl.MetricRegistriesImpl (MetricRegistriesImpl.java:lambda$create$1(61)) - First MetricRegistry has been created without registering reporters. You may need to call MetricRegistries.global().addReportRegistration(...) before.
2019-11-15 03:52:22,723 [pool-149-thread-1] WARN  impl.MetricRegistriesImpl (MetricRegistriesImpl.java:lambda$create$1(61)) - First MetricRegistry has been created without registering reporters. You may need to call MetricRegistries.global().addReportRegistration(...) before.
2019-11-15 03:52:22,723 [pool-159-thread-1] WARN  impl.MetricRegistriesImpl (MetricRegistriesImpl.java:lambda$create$1(61)) - First MetricRegistry has been created without registering reporters. You may need to call MetricRegistries.global().addReportRegistration(...) before.
2019-11-15 03:52:22,723 [pool-169-thread-1] WARN  impl.MetricRegistriesImpl (MetricRegistriesImpl.java:lambda$create$1(61)) - First MetricRegistry has been created without registering reporters. You may need to call MetricRegistries.global().addReportRegistration(...) before.
2019-11-15 03:52:22,723 [pool-159-thread-1] WARN  impl.MetricRegistriesImpl (MetricRegistriesImpl.java:lambda$create$1(61)) - First MetricRegistry has been created without registering reporters. You may need to call MetricRegistries.global().addReportRegistration(...) before.
2019-11-15 03:52:22,723 [pool-149-thread-1] INFO  impl.RaftServerImpl (RaftServerImpl.java:start(184)) - b5c8e6ac-78cf-4415-8687-784dd9b9d9de@group-4D691BF5A7B5: start as a follower, conf=-1: [b5c8e6ac-78cf-4415-8687-784dd9b9d9de:192.168.157.206:35928, 2d1b9a28-4ed6-4518-a989-fb5d866f5618:192.168.157.206:39845, 09eef956-613c-46b0-8e56-22120e832e77:192.168.157.206:45763], old=null
2019-11-15 03:52:22,723 [pool-159-thread-1] INFO  impl.RaftServerImpl (RaftServerImpl.java:start(184)) - 09eef956-613c-46b0-8e56-22120e832e77@group-4D691BF5A7B5: start as a follower, conf=-1: [b5c8e6ac-78cf-4415-8687-784dd9b9d9de:192.168.157.206:35928, 2d1b9a28-4ed6-4518-a989-fb5d866f5618:192.168.157.206:39845, 09eef956-613c-46b0-8e56-22120e832e77:192.168.157.206:45763], old=null
2019-11-15 03:52:22,723 [pool-169-thread-1] INFO  impl.RaftServerImpl (RaftServerImpl.java:start(184)) - 2d1b9a28-4ed6-4518-a989-fb5d866f5618@group-4D691BF5A7B5: start as a follower, conf=-1: [b5c8e6ac-78cf-4415-8687-784dd9b9d9de:192.168.157.206:35928, 2d1b9a28-4ed6-4518-a989-fb5d866f5618:192.168.157.206:39845, 09eef956-613c-46b0-8e56-22120e832e77:192.168.157.206:45763], old=null
2019-11-15 03:52:22,724 [pool-159-thread-1] INFO  impl.RaftServerImpl (RaftServerImpl.java:setRole(173)) - 09eef956-613c-46b0-8e56-22120e832e77@group-4D691BF5A7B5: changes role from      null to FOLLOWER at term 0 for startAsFollower
2019-11-15 03:52:22,724 [pool-149-thread-1] INFO  impl.RaftServerImpl (RaftServerImpl.java:setRole(173)) - b5c8e6ac-78cf-4415-8687-784dd9b9d9de@group-4D691BF5A7B5: changes role from      null to FOLLOWER at term 0 for startAsFollower
2019-11-15 03:52:22,724 [pool-159-thread-1] INFO  impl.RoleInfo (RoleInfo.java:updateAndGet(143)) - 09eef956-613c-46b0-8e56-22120e832e77: start FollowerState
2019-11-15 03:52:22,724 [pool-169-thread-1] INFO  impl.RaftServerImpl (RaftServerImpl.java:setRole(173)) - 2d1b9a28-4ed6-4518-a989-fb5d866f5618@group-4D691BF5A7B5: changes role from      null to FOLLOWER at term 0 for startAsFollower
2019-11-15 03:52:22,724 [pool-149-thread-1] INFO  impl.RoleInfo (RoleInfo.java:updateAndGet(143)) - b5c8e6ac-78cf-4415-8687-784dd9b9d9de: start FollowerState
2019-11-15 03:52:22,724 [pool-169-thread-1] INFO  impl.RoleInfo (RoleInfo.java:updateAndGet(143)) - 2d1b9a28-4ed6-4518-a989-fb5d866f5618: start FollowerState
2019-11-15 03:52:22,724 [pool-159-thread-1] INFO  util.JmxRegister (JmxRegister.java:tryRegister(44)) - Successfully registered JMX Bean with object name Ratis:service=RaftServer,group=group-4D691BF5A7B5,id=09eef956-613c-46b0-8e56-22120e832e77
2019-11-15 03:52:22,724 [pool-159-thread-1] WARN  impl.MetricRegistriesImpl (MetricRegistriesImpl.java:lambda$create$1(61)) - First MetricRegistry has been created without registering reporters. You may need to call MetricRegistries.global().addReportRegistration(...) before.
2019-11-15 03:52:22,724 [pool-149-thread-1] INFO  util.JmxRegister (JmxRegister.java:tryRegister(44)) - Successfully registered JMX Bean with object name Ratis:service=RaftServer,group=group-4D691BF5A7B5,id=b5c8e6ac-78cf-4415-8687-784dd9b9d9de
2019-11-15 03:52:22,725 [pool-149-thread-1] WARN  impl.MetricRegistriesImpl (MetricRegistriesImpl.java:lambda$create$1(61)) - First MetricRegistry has been created without registering reporters. You may need to call MetricRegistries.global().addReportRegistration(...) before.
2019-11-15 03:52:22,725 [pool-169-thread-1] INFO  util.JmxRegister (JmxRegister.java:tryRegister(44)) - Successfully registered JMX Bean with object name Ratis:service=RaftServer,group=group-4D691BF5A7B5,id=2d1b9a28-4ed6-4518-a989-fb5d866f5618
2019-11-15 03:52:22,725 [pool-169-thread-1] WARN  impl.MetricRegistriesImpl (MetricRegistriesImpl.java:lambda$create$1(61)) - First MetricRegistry has been created without registering reporters. You may need to call MetricRegistries.global().addReportRegistration(...) before.
2019-11-15 03:52:22,727 [RatisPipelineUtilsThread] INFO  pipeline.PipelineStateManager (PipelineStateManager.java:addPipeline(55)) - Created pipeline Pipeline[ Id: 6065c80e-43cf-4002-940a-4d691bf5a7b5, Nodes: b5c8e6ac-78cf-4415-8687-784dd9b9d9de{ip: 192.168.157.206, host: pr-hdds-2493-n7h87-1962818265, networkLocation: /rack1, certSerialId: null}09eef956-613c-46b0-8e56-22120e832e77{ip: 192.168.157.206, host: pr-hdds-2493-n7h87-1962818265, networkLocation: /rack1, certSerialId: null}2d1b9a28-4ed6-4518-a989-fb5d866f5618{ip: 192.168.157.206, host: pr-hdds-2493-n7h87-1962818265, networkLocation: /rack1, certSerialId: null}, Type:RATIS, Factor:THREE, State:ALLOCATED]
2019-11-15 03:52:22,728 [Thread-1510] INFO  pipeline.PipelineStateManager (PipelineStateManager.java:finalizePipeline(121)) - Pipeline Pipeline[ Id: f6f5cf6f-265a-47cb-87f5-ac3769e9c6ed, Nodes: 43077e3c-832c-4164-9ae4-420ca2301748{ip: 192.168.157.206, host: pr-hdds-2493-n7h87-1962818265, networkLocation: /rack1, certSerialId: null}, Type:RATIS, Factor:ONE, State:CLOSED] moved to CLOSED state
2019-11-15 03:52:22,731 [grpc-default-executor-4] INFO  impl.RaftServerProxy (RaftServerProxy.java:remove(95)) - 43077e3c-832c-4164-9ae4-420ca2301748: remove    LEADER 43077e3c-832c-4164-9ae4-420ca2301748@group-AC3769E9C6ED:t1, leader=43077e3c-832c-4164-9ae4-420ca2301748, voted=43077e3c-832c-4164-9ae4-420ca2301748, raftlog=43077e3c-832c-4164-9ae4-420ca2301748@group-AC3769E9C6ED-SegmentedRaftLog:OPENED:c0,f0,i0, conf=0: [43077e3c-832c-4164-9ae4-420ca2301748:192.168.157.206:45724], old=null RUNNING
2019-11-15 03:52:22,732 [grpc-default-executor-4] INFO  impl.RaftServerImpl (RaftServerImpl.java:lambda$shutdown$3(250)) - 43077e3c-832c-4164-9ae4-420ca2301748@group-AC3769E9C6ED: shutdown
2019-11-15 03:52:22,732 [grpc-default-executor-4] INFO  util.JmxRegister (JmxRegister.java:unregister(73)) - Successfully un-registered JMX Bean with object name Ratis:service=RaftServer,group=group-AC3769E9C6ED,id=43077e3c-832c-4164-9ae4-420ca2301748
2019-11-15 03:52:22,732 [grpc-default-executor-4] INFO  impl.RoleInfo (RoleInfo.java:shutdownLeaderState(104)) - 43077e3c-832c-4164-9ae4-420ca2301748: shutdown LeaderState
2019-11-15 03:52:22,732 [grpc-default-executor-4] INFO  impl.PendingRequests (PendingRequests.java:sendNotLeaderResponses(206)) - 43077e3c-832c-4164-9ae4-420ca2301748@group-AC3769E9C6ED-PendingRequests: sendNotLeaderResponses
2019-11-15 03:52:22,732 [grpc-default-executor-4] INFO  impl.StateMachineUpdater (StateMachineUpdater.java:stopAndJoin(136)) - 43077e3c-832c-4164-9ae4-420ca2301748@group-AC3769E9C6ED-StateMachineUpdater: set stopIndex = 0
2019-11-15 03:52:22,733 [grpc-default-executor-4] INFO  impl.RaftServerImpl (ServerState.java:close(387)) - 43077e3c-832c-4164-9ae4-420ca2301748@group-AC3769E9C6ED: closes. applyIndex: 0
2019-11-15 03:52:22,733 [43077e3c-832c-4164-9ae4-420ca2301748@group-AC3769E9C6ED-SegmentedRaftLogWorker] INFO  segmented.SegmentedRaftLogWorker (SegmentedRaftLogWorker.java:run(316)) - 43077e3c-832c-4164-9ae4-420ca2301748@group-AC3769E9C6ED-SegmentedRaftLogWorker was interrupted, exiting. There are 0 tasks remaining in the queue.
2019-11-15 03:52:22,733 [grpc-default-executor-4] INFO  segmented.SegmentedRaftLogWorker (SegmentedRaftLogWorker.java:close(224)) - 43077e3c-832c-4164-9ae4-420ca2301748@group-AC3769E9C6ED-SegmentedRaftLogWorker close()
2019-11-15 03:52:22,742 [Thread-1510] INFO  pipeline.PipelineStateManager (PipelineStateManager.java:removePipeline(106)) - Pipeline Pipeline[ Id: f6f5cf6f-265a-47cb-87f5-ac3769e9c6ed, Nodes: 43077e3c-832c-4164-9ae4-420ca2301748{ip: 192.168.157.206, host: pr-hdds-2493-n7h87-1962818265, networkLocation: /rack1, certSerialId: null}, Type:RATIS, Factor:ONE, State:CLOSED] removed from db
2019-11-15 03:52:22,742 [Thread-1510] INFO  pipeline.SCMPipelineManager (SCMPipelineManager.java:finalizeAndDestroyPipeline(315)) - destroying pipeline:Pipeline[ Id: 86141a45-ec77-49fa-a75c-65591401f86c, Nodes: 8c6299e1-e84a-4bf3-8558-225b6553f707{ip: 192.168.157.206, host: pr-hdds-2493-n7h87-1962818265, networkLocation: /rack1, certSerialId: null}, Type:RATIS, Factor:ONE, State:OPEN]
2019-11-15 03:52:22,745 [grpc-default-executor-4] INFO  impl.RaftServerProxy (RaftServerProxy.java:addNew(89)) - 43077e3c-832c-4164-9ae4-420ca2301748: addNew group-224DE20BC576:[43077e3c-832c-4164-9ae4-420ca2301748:192.168.157.206:45724] returns group-224DE20BC576:java.util.concurrent.CompletableFuture@275c65c6[Not completed]
2019-11-15 03:52:22,746 [pool-209-thread-1] INFO  impl.RaftServerImpl (RaftServerImpl.java:<init>(98)) - 43077e3c-832c-4164-9ae4-420ca2301748: new RaftServerImpl for group-224DE20BC576:[43077e3c-832c-4164-9ae4-420ca2301748:192.168.157.206:45724] with ContainerStateMachine:uninitialized
2019-11-15 03:52:22,746 [pool-209-thread-1] INFO  server.RaftServerConfigKeys (ConfUtils.java:logGet(43)) - raft.server.rpc.timeout.min = 1s (custom)
2019-11-15 03:52:22,746 [pool-209-thread-1] INFO  server.RaftServerConfigKeys (ConfUtils.java:logGet(43)) - raft.server.rpc.timeout.max = 1200ms (custom)
2019-11-15 03:52:22,746 [pool-209-thread-1] INFO  server.RaftServerConfigKeys (ConfUtils.java:logGet(43)) - raft.server.rpcslowness.timeout = 120s (custom)
2019-11-15 03:52:22,746 [pool-209-thread-1] INFO  server.RaftServerConfigKeys (ConfUtils.java:logGet(43)) - raft.server.sleep.deviation.threshold = 300 (default)
2019-11-15 03:52:22,746 [pool-209-thread-1] INFO  server.RaftServerConfigKeys (ConfUtils.java:logGet(43)) - raft.server.log.appender.install.snapshot.enabled = false (custom)
2019-11-15 03:52:22,747 [pool-209-thread-1] INFO  impl.RaftServerImpl (ServerState.java:<init>(103)) - 43077e3c-832c-4164-9ae4-420ca2301748@group-224DE20BC576: ConfigurationManager, init=-1: [43077e3c-832c-4164-9ae4-420ca2301748:192.168.157.206:45724], old=null, confs=<EMPTY_MAP>
2019-11-15 03:52:22,747 [pool-209-thread-1] INFO  server.RaftServerConfigKeys (ConfUtils.java:logGet(43)) - raft.server.storage.dir = [/workdir/hadoop-ozone/integration-test/target/test-dir/MiniOzoneClusterImpl-7bc5bb7c-5c55-4645-ae41-72269081a146/datanode-6/data/ratis] (custom)
2019-11-15 03:52:22,747 [pool-209-thread-1] INFO  server.RaftServerConfigKeys (ConfUtils.java:logGet(43)) - raft.server.log.corruption.policy = EXCEPTION (default)
2019-11-15 03:52:22,747 [pool-209-thread-1] INFO  storage.RaftStorageDirectory (RaftStorageDirectory.java:analyzeStorage(246)) - The storage directory /workdir/hadoop-ozone/integration-test/target/test-dir/MiniOzoneClusterImpl-7bc5bb7c-5c55-4645-ae41-72269081a146/datanode-6/data/ratis/51ce7f08-ff1f-4bdd-b07f-224de20bc576 does not exist. Creating ...
2019-11-15 03:52:22,766 [pool-209-thread-1] INFO  storage.RaftStorageDirectory (RaftStorageDirectory.java:tryLock(328)) - Lock on /workdir/hadoop-ozone/integration-test/target/test-dir/MiniOzoneClusterImpl-7bc5bb7c-5c55-4645-ae41-72269081a146/datanode-6/data/ratis/51ce7f08-ff1f-4bdd-b07f-224de20bc576/in_use.lock acquired by nodename 11002@pr-hdds-2493-n7h87-1962818265
2019-11-15 03:52:22,791 [pool-209-thread-1] INFO  storage.RaftStorage (RaftStorage.java:format(84)) - Storage directory /workdir/hadoop-ozone/integration-test/target/test-dir/MiniOzoneClusterImpl-7bc5bb7c-5c55-4645-ae41-72269081a146/datanode-6/data/ratis/51ce7f08-ff1f-4bdd-b07f-224de20bc576 has been successfully formatted.
2019-11-15 03:52:22,791 [pool-209-thread-1] INFO  ratis.ContainerStateMachine (ContainerStateMachine.java:loadSnapshot(223)) - group-224DE20BC576: The snapshot info is null. Setting the last applied indexto:(t:0, i:~)
2019-11-15 03:52:22,792 [pool-209-thread-1] INFO  server.RaftServerConfigKeys (ConfUtils.java:logGet(43)) - raft.server.notification.no-leader.timeout = 120s (custom)
2019-11-15 03:52:22,792 [pool-209-thread-1] INFO  server.RaftServerConfigKeys (ConfUtils.java:logGet(43)) - raft.server.log.use.memory = false (default)
2019-11-15 03:52:22,792 [pool-209-thread-1] INFO  server.RaftServerConfigKeys (ConfUtils.java:logGet(43)) - raft.server.log.purge.gap = 1000000 (custom)
2019-11-15 03:52:22,792 [pool-209-thread-1] INFO  server.RaftServerConfigKeys (ConfUtils.java:logGet(43)) - raft.server.log.appender.buffer.byte-limit = 33554432 (custom)
2019-11-15 03:52:22,792 [pool-209-thread-1] INFO  server.RaftServerConfigKeys (ConfUtils.java:logGet(43)) - raft.server.log.segment.size.max = 1048576 (custom)
2019-11-15 03:52:22,792 [pool-209-thread-1] INFO  server.RaftServerConfigKeys (ConfUtils.java:logGet(43)) - raft.server.log.segment.cache.num.max = 2 (custom)
2019-11-15 03:52:22,792 [pool-209-thread-1] INFO  segmented.SegmentedRaftLogWorker (SegmentedRaftLogWorker.java:<init>(173)) - new 43077e3c-832c-4164-9ae4-420ca2301748@group-224DE20BC576-SegmentedRaftLogWorker for RaftStorage:Storage Directory /workdir/hadoop-ozone/integration-test/target/test-dir/MiniOzoneClusterImpl-7bc5bb7c-5c55-4645-ae41-72269081a146/datanode-6/data/ratis/51ce7f08-ff1f-4bdd-b07f-224de20bc576
2019-11-15 03:52:22,792 [pool-209-thread-1] INFO  server.RaftServerConfigKeys (ConfUtils.java:logGet(43)) - raft.server.log.queue.byte-limit = 2147483647 (custom)
2019-11-15 03:52:22,792 [pool-209-thread-1] INFO  server.RaftServerConfigKeys (ConfUtils.java:logGet(43)) - raft.server.log.queue.element-limit = 1024 (custom)
2019-11-15 03:52:22,792 [pool-209-thread-1] INFO  server.RaftServerConfigKeys (ConfUtils.java:logGet(43)) - raft.server.log.segment.size.max = 1048576 (custom)
2019-11-15 03:52:22,793 [pool-209-thread-1] INFO  server.RaftServerConfigKeys (ConfUtils.java:logGet(43)) - raft.server.log.preallocated.size = 16384 (custom)
2019-11-15 03:52:22,793 [pool-209-thread-1] INFO  server.RaftServerConfigKeys (ConfUtils.java:logGet(43)) - raft.server.log.write.buffer.size = 33554432 (custom)
2019-11-15 03:52:22,793 [pool-209-thread-1] INFO  server.RaftServerConfigKeys (ConfUtils.java:logGet(43)) - raft.server.log.force.sync.num = 128 (default)
2019-11-15 03:52:22,793 [pool-209-thread-1] INFO  server.RaftServerConfigKeys (ConfUtils.java:logGet(43)) - raft.server.log.statemachine.data.sync = true (default)
2019-11-15 03:52:22,793 [pool-209-thread-1] INFO  server.RaftServerConfigKeys (ConfUtils.java:logGet(43)) - raft.server.log.statemachine.data.sync.timeout = 10s (default)
2019-11-15 03:52:22,793 [pool-209-thread-1] INFO  server.RaftServerConfigKeys (ConfUtils.java:logGet(43)) - raft.server.log.statemachine.data.sync.timeout.retry = -1 (default)
2019-11-15 03:52:22,793 [pool-209-thread-1] INFO  server.RaftServerConfigKeys (ConfUtils.java:logGet(43)) - raft.server.log.statemachine.data.caching.enabled = true (custom)
2019-11-15 03:52:22,793 [pool-209-thread-1] INFO  segmented.SegmentedRaftLogWorker (SegmentedRaftLogWorker.java:lambda$new$0(128)) - 43077e3c-832c-4164-9ae4-420ca2301748@group-224DE20BC576-SegmentedRaftLogWorker: flushIndex: setUnconditionally 0 -> -1
2019-11-15 03:52:22,794 [pool-209-thread-1] INFO  server.RaftServerConfigKeys (ConfUtils.java:logGet(43)) - raft.server.snapshot.auto.trigger.enabled = true (custom)
2019-11-15 03:52:22,794 [pool-209-thread-1] INFO  server.RaftServerConfigKeys (ConfUtils.java:logGet(43)) - raft.server.snapshot.auto.trigger.threshold = 10000 (custom)
2019-11-15 03:52:22,794 [pool-209-thread-1] INFO  server.RaftServerConfigKeys (ConfUtils.java:logGet(43)) - raft.server.snapshot.retention.file.num = 5 (custom)
2019-11-15 03:52:22,794 [pool-209-thread-1] INFO  server.RaftServerConfigKeys (ConfUtils.java:logGet(43)) - raft.server.retrycache.expirytime = 600000ms (custom)
2019-11-15 03:52:22,794 [pool-209-thread-1] WARN  impl.MetricRegistriesImpl (MetricRegistriesImpl.java:lambda$create$1(61)) - First MetricRegistry has been created without registering reporters. You may need to call MetricRegistries.global().addReportRegistration(...) before.
2019-11-15 03:52:22,794 [pool-209-thread-1] WARN  impl.MetricRegistriesImpl (MetricRegistriesImpl.java:lambda$create$1(61)) - First MetricRegistry has been created without registering reporters. You may need to call MetricRegistries.global().addReportRegistration(...) before.
2019-11-15 03:52:22,794 [pool-209-thread-1] INFO  impl.RaftServerImpl (RaftServerImpl.java:start(184)) - 43077e3c-832c-4164-9ae4-420ca2301748@group-224DE20BC576: start as a follower, conf=-1: [43077e3c-832c-4164-9ae4-420ca2301748:192.168.157.206:45724], old=null
2019-11-15 03:52:22,794 [pool-209-thread-1] INFO  impl.RaftServerImpl (RaftServerImpl.java:setRole(173)) - 43077e3c-832c-4164-9ae4-420ca2301748@group-224DE20BC576: changes role from      null to FOLLOWER at term 0 for startAsFollower
2019-11-15 03:52:22,795 [pool-209-thread-1] INFO  impl.RoleInfo (RoleInfo.java:updateAndGet(143)) - 43077e3c-832c-4164-9ae4-420ca2301748: start FollowerState
2019-11-15 03:52:22,795 [pool-209-thread-1] INFO  util.JmxRegister (JmxRegister.java:tryRegister(44)) - Successfully registered JMX Bean with object name Ratis:service=RaftServer,group=group-224DE20BC576,id=43077e3c-832c-4164-9ae4-420ca2301748
2019-11-15 03:52:22,795 [pool-209-thread-1] WARN  impl.MetricRegistriesImpl (MetricRegistriesImpl.java:lambda$create$1(61)) - First MetricRegistry has been created without registering reporters. You may need to call MetricRegistries.global().addReportRegistration(...) before.
2019-11-15 03:52:22,797 [RatisPipelineUtilsThread] INFO  pipeline.PipelineStateManager (PipelineStateManager.java:addPipeline(55)) - Created pipeline Pipeline[ Id: 51ce7f08-ff1f-4bdd-b07f-224de20bc576, Nodes: 43077e3c-832c-4164-9ae4-420ca2301748{ip: 192.168.157.206, host: pr-hdds-2493-n7h87-1962818265, networkLocation: /rack1, certSerialId: null}, Type:RATIS, Factor:ONE, State:ALLOCATED]
2019-11-15 03:52:22,798 [Thread-1510] INFO  pipeline.PipelineStateManager (PipelineStateManager.java:finalizePipeline(121)) - Pipeline Pipeline[ Id: 86141a45-ec77-49fa-a75c-65591401f86c, Nodes: 8c6299e1-e84a-4bf3-8558-225b6553f707{ip: 192.168.157.206, host: pr-hdds-2493-n7h87-1962818265, networkLocation: /rack1, certSerialId: null}, Type:RATIS, Factor:ONE, State:CLOSED] moved to CLOSED state
2019-11-15 03:52:22,801 [grpc-default-executor-4] INFO  impl.RaftServerProxy (RaftServerProxy.java:remove(95)) - 8c6299e1-e84a-4bf3-8558-225b6553f707: remove    LEADER 8c6299e1-e84a-4bf3-8558-225b6553f707@group-65591401F86C:t1, leader=8c6299e1-e84a-4bf3-8558-225b6553f707, voted=8c6299e1-e84a-4bf3-8558-225b6553f707, raftlog=8c6299e1-e84a-4bf3-8558-225b6553f707@group-65591401F86C-SegmentedRaftLog:OPENED:c0,f0,i0, conf=0: [8c6299e1-e84a-4bf3-8558-225b6553f707:192.168.157.206:40623], old=null RUNNING
2019-11-15 03:52:22,801 [grpc-default-executor-4] INFO  impl.RaftServerImpl (RaftServerImpl.java:lambda$shutdown$3(250)) - 8c6299e1-e84a-4bf3-8558-225b6553f707@group-65591401F86C: shutdown
2019-11-15 03:52:22,802 [grpc-default-executor-4] INFO  util.JmxRegister (JmxRegister.java:unregister(73)) - Successfully un-registered JMX Bean with object name Ratis:service=RaftServer,group=group-65591401F86C,id=8c6299e1-e84a-4bf3-8558-225b6553f707
2019-11-15 03:52:22,802 [grpc-default-executor-4] INFO  impl.RoleInfo (RoleInfo.java:shutdownLeaderState(104)) - 8c6299e1-e84a-4bf3-8558-225b6553f707: shutdown LeaderState
2019-11-15 03:52:22,802 [grpc-default-executor-4] INFO  impl.PendingRequests (PendingRequests.java:sendNotLeaderResponses(206)) - 8c6299e1-e84a-4bf3-8558-225b6553f707@group-65591401F86C-PendingRequests: sendNotLeaderResponses
2019-11-15 03:52:22,802 [grpc-default-executor-4] INFO  impl.StateMachineUpdater (StateMachineUpdater.java:stopAndJoin(136)) - 8c6299e1-e84a-4bf3-8558-225b6553f707@group-65591401F86C-StateMachineUpdater: set stopIndex = 0
2019-11-15 03:52:22,802 [grpc-default-executor-4] INFO  impl.RaftServerImpl (ServerState.java:close(387)) - 8c6299e1-e84a-4bf3-8558-225b6553f707@group-65591401F86C: closes. applyIndex: 0
2019-11-15 03:52:22,803 [8c6299e1-e84a-4bf3-8558-225b6553f707@group-65591401F86C-SegmentedRaftLogWorker] INFO  segmented.SegmentedRaftLogWorker (SegmentedRaftLogWorker.java:run(316)) - 8c6299e1-e84a-4bf3-8558-225b6553f707@group-65591401F86C-SegmentedRaftLogWorker was interrupted, exiting. There are 0 tasks remaining in the queue.
2019-11-15 03:52:22,803 [grpc-default-executor-4] INFO  segmented.SegmentedRaftLogWorker (SegmentedRaftLogWorker.java:close(224)) - 8c6299e1-e84a-4bf3-8558-225b6553f707@group-65591401F86C-SegmentedRaftLogWorker close()
2019-11-15 03:52:22,809 [Thread-1510] INFO  pipeline.PipelineStateManager (PipelineStateManager.java:removePipeline(106)) - Pipeline Pipeline[ Id: 86141a45-ec77-49fa-a75c-65591401f86c, Nodes: 8c6299e1-e84a-4bf3-8558-225b6553f707{ip: 192.168.157.206, host: pr-hdds-2493-n7h87-1962818265, networkLocation: /rack1, certSerialId: null}, Type:RATIS, Factor:ONE, State:CLOSED] removed from db
2019-11-15 03:52:22,809 [Thread-1510] INFO  pipeline.SCMPipelineManager (SCMPipelineManager.java:finalizeAndDestroyPipeline(315)) - destroying pipeline:Pipeline[ Id: 96f35321-d953-4612-94c4-741a5fe2f3f8, Nodes: 3b6a93a1-3acb-43ad-9bac-2b83b325636a{ip: 192.168.157.206, host: pr-hdds-2493-n7h87-1962818265, networkLocation: /rack1, certSerialId: null}8c6299e1-e84a-4bf3-8558-225b6553f707{ip: 192.168.157.206, host: pr-hdds-2493-n7h87-1962818265, networkLocation: /rack1, certSerialId: null}fae849f2-b585-4c8d-a748-375fffce3265{ip: 192.168.157.206, host: pr-hdds-2493-n7h87-1962818265, networkLocation: /rack1, certSerialId: null}, Type:RATIS, Factor:THREE, State:OPEN]
2019-11-15 03:52:22,812 [grpc-default-executor-4] INFO  impl.RaftServerProxy (RaftServerProxy.java:addNew(89)) - 8c6299e1-e84a-4bf3-8558-225b6553f707: addNew group-38F0CD71F996:[8c6299e1-e84a-4bf3-8558-225b6553f707:192.168.157.206:40623] returns group-38F0CD71F996:java.util.concurrent.CompletableFuture@672de81a[Not completed]
2019-11-15 03:52:22,814 [pool-239-thread-1] INFO  impl.RaftServerImpl (RaftServerImpl.java:<init>(98)) - 8c6299e1-e84a-4bf3-8558-225b6553f707: new RaftServerImpl for group-38F0CD71F996:[8c6299e1-e84a-4bf3-8558-225b6553f707:192.168.157.206:40623] with ContainerStateMachine:uninitialized
2019-11-15 03:52:22,814 [pool-239-thread-1] INFO  server.RaftServerConfigKeys (ConfUtils.java:logGet(43)) - raft.server.rpc.timeout.min = 1s (custom)
2019-11-15 03:52:22,814 [pool-239-thread-1] INFO  server.RaftServerConfigKeys (ConfUtils.java:logGet(43)) - raft.server.rpc.timeout.max = 1200ms (custom)
2019-11-15 03:52:22,814 [pool-239-thread-1] INFO  server.RaftServerConfigKeys (ConfUtils.java:logGet(43)) - raft.server.rpcslowness.timeout = 120s (custom)
2019-11-15 03:52:22,814 [pool-239-thread-1] INFO  server.RaftServerConfigKeys (ConfUtils.java:logGet(43)) - raft.server.sleep.deviation.threshold = 300 (default)
2019-11-15 03:52:22,814 [pool-239-thread-1] INFO  server.RaftServerConfigKeys (ConfUtils.java:logGet(43)) - raft.server.log.appender.install.snapshot.enabled = false (custom)
2019-11-15 03:52:22,814 [pool-239-thread-1] INFO  impl.RaftServerImpl (ServerState.java:<init>(103)) - 8c6299e1-e84a-4bf3-8558-225b6553f707@group-38F0CD71F996: ConfigurationManager, init=-1: [8c6299e1-e84a-4bf3-8558-225b6553f707:192.168.157.206:40623], old=null, confs=<EMPTY_MAP>
2019-11-15 03:52:22,814 [pool-239-thread-1] INFO  server.RaftServerConfigKeys (ConfUtils.java:logGet(43)) - raft.server.storage.dir = [/workdir/hadoop-ozone/integration-test/target/test-dir/MiniOzoneClusterImpl-7bc5bb7c-5c55-4645-ae41-72269081a146/datanode-9/data/ratis] (custom)
2019-11-15 03:52:22,815 [pool-239-thread-1] INFO  server.RaftServerConfigKeys (ConfUtils.java:logGet(43)) - raft.server.log.corruption.policy = EXCEPTION (default)
2019-11-15 03:52:22,815 [pool-239-thread-1] INFO  storage.RaftStorageDirectory (RaftStorageDirectory.java:analyzeStorage(246)) - The storage directory /workdir/hadoop-ozone/integration-test/target/test-dir/MiniOzoneClusterImpl-7bc5bb7c-5c55-4645-ae41-72269081a146/datanode-9/data/ratis/3e196e81-4504-4c0e-adaa-38f0cd71f996 does not exist. Creating ...
2019-11-15 03:52:22,842 [pool-239-thread-1] INFO  storage.RaftStorageDirectory (RaftStorageDirectory.java:tryLock(328)) - Lock on /workdir/hadoop-ozone/integration-test/target/test-dir/MiniOzoneClusterImpl-7bc5bb7c-5c55-4645-ae41-72269081a146/datanode-9/data/ratis/3e196e81-4504-4c0e-adaa-38f0cd71f996/in_use.lock acquired by nodename 11002@pr-hdds-2493-n7h87-1962818265
2019-11-15 03:52:22,867 [pool-239-thread-1] INFO  storage.RaftStorage (RaftStorage.java:format(84)) - Storage directory /workdir/hadoop-ozone/integration-test/target/test-dir/MiniOzoneClusterImpl-7bc5bb7c-5c55-4645-ae41-72269081a146/datanode-9/data/ratis/3e196e81-4504-4c0e-adaa-38f0cd71f996 has been successfully formatted.
2019-11-15 03:52:22,868 [pool-239-thread-1] INFO  ratis.ContainerStateMachine (ContainerStateMachine.java:loadSnapshot(223)) - group-38F0CD71F996: The snapshot info is null. Setting the last applied indexto:(t:0, i:~)
2019-11-15 03:52:22,868 [pool-239-thread-1] INFO  server.RaftServerConfigKeys (ConfUtils.java:logGet(43)) - raft.server.notification.no-leader.timeout = 120s (custom)
2019-11-15 03:52:22,868 [pool-239-thread-1] INFO  server.RaftServerConfigKeys (ConfUtils.java:logGet(43)) - raft.server.log.use.memory = false (default)
2019-11-15 03:52:22,868 [pool-239-thread-1] INFO  server.RaftServerConfigKeys (ConfUtils.java:logGet(43)) - raft.server.log.purge.gap = 1000000 (custom)
2019-11-15 03:52:22,868 [pool-239-thread-1] INFO  server.RaftServerConfigKeys (ConfUtils.java:logGet(43)) - raft.server.log.appender.buffer.byte-limit = 33554432 (custom)
2019-11-15 03:52:22,868 [pool-239-thread-1] INFO  server.RaftServerConfigKeys (ConfUtils.java:logGet(43)) - raft.server.log.segment.size.max = 1048576 (custom)
2019-11-15 03:52:22,868 [pool-239-thread-1] INFO  server.RaftServerConfigKeys (ConfUtils.java:logGet(43)) - raft.server.log.segment.cache.num.max = 2 (custom)
2019-11-15 03:52:22,868 [pool-239-thread-1] INFO  segmented.SegmentedRaftLogWorker (SegmentedRaftLogWorker.java:<init>(173)) - new 8c6299e1-e84a-4bf3-8558-225b6553f707@group-38F0CD71F996-SegmentedRaftLogWorker for RaftStorage:Storage Directory /workdir/hadoop-ozone/integration-test/target/test-dir/MiniOzoneClusterImpl-7bc5bb7c-5c55-4645-ae41-72269081a146/datanode-9/data/ratis/3e196e81-4504-4c0e-adaa-38f0cd71f996
2019-11-15 03:52:22,868 [pool-239-thread-1] INFO  server.RaftServerConfigKeys (ConfUtils.java:logGet(43)) - raft.server.log.queue.byte-limit = 2147483647 (custom)
2019-11-15 03:52:22,868 [pool-239-thread-1] INFO  server.RaftServerConfigKeys (ConfUtils.java:logGet(43)) - raft.server.log.queue.element-limit = 1024 (custom)
2019-11-15 03:52:22,868 [pool-239-thread-1] INFO  server.RaftServerConfigKeys (ConfUtils.java:logGet(43)) - raft.server.log.segment.size.max = 1048576 (custom)
2019-11-15 03:52:22,869 [pool-239-thread-1] INFO  server.RaftServerConfigKeys (ConfUtils.java:logGet(43)) - raft.server.log.preallocated.size = 16384 (custom)
2019-11-15 03:52:22,869 [pool-239-thread-1] INFO  server.RaftServerConfigKeys (ConfUtils.java:logGet(43)) - raft.server.log.write.buffer.size = 33554432 (custom)
2019-11-15 03:52:22,869 [pool-239-thread-1] INFO  server.RaftServerConfigKeys (ConfUtils.java:logGet(43)) - raft.server.log.force.sync.num = 128 (default)
2019-11-15 03:52:22,869 [pool-239-thread-1] INFO  server.RaftServerConfigKeys (ConfUtils.java:logGet(43)) - raft.server.log.statemachine.data.sync = true (default)
2019-11-15 03:52:22,869 [pool-239-thread-1] INFO  server.RaftServerConfigKeys (ConfUtils.java:logGet(43)) - raft.server.log.statemachine.data.sync.timeout = 10s (default)
2019-11-15 03:52:22,869 [pool-239-thread-1] INFO  server.RaftServerConfigKeys (ConfUtils.java:logGet(43)) - raft.server.log.statemachine.data.sync.timeout.retry = -1 (default)
2019-11-15 03:52:22,869 [pool-239-thread-1] INFO  server.RaftServerConfigKeys (ConfUtils.java:logGet(43)) - raft.server.log.statemachine.data.caching.enabled = true (custom)
2019-11-15 03:52:22,869 [pool-239-thread-1] INFO  segmented.SegmentedRaftLogWorker (SegmentedRaftLogWorker.java:lambda$new$0(128)) - 8c6299e1-e84a-4bf3-8558-225b6553f707@group-38F0CD71F996-SegmentedRaftLogWorker: flushIndex: setUnconditionally 0 -> -1
2019-11-15 03:52:22,869 [pool-239-thread-1] INFO  server.RaftServerConfigKeys (ConfUtils.java:logGet(43)) - raft.server.snapshot.auto.trigger.enabled = true (custom)
2019-11-15 03:52:22,870 [pool-239-thread-1] INFO  server.RaftServerConfigKeys (ConfUtils.java:logGet(43)) - raft.server.snapshot.auto.trigger.threshold = 10000 (custom)
2019-11-15 03:52:22,870 [pool-239-thread-1] INFO  server.RaftServerConfigKeys (ConfUtils.java:logGet(43)) - raft.server.snapshot.retention.file.num = 5 (custom)
2019-11-15 03:52:22,870 [pool-239-thread-1] INFO  server.RaftServerConfigKeys (ConfUtils.java:logGet(43)) - raft.server.retrycache.expirytime = 600000ms (custom)
2019-11-15 03:52:22,870 [pool-239-thread-1] WARN  impl.MetricRegistriesImpl (MetricRegistriesImpl.java:lambda$create$1(61)) - First MetricRegistry has been created without registering reporters. You may need to call MetricRegistries.global().addReportRegistration(...) before.
2019-11-15 03:52:22,870 [pool-239-thread-1] WARN  impl.MetricRegistriesImpl (MetricRegistriesImpl.java:lambda$create$1(61)) - First MetricRegistry has been created without registering reporters. You may need to call MetricRegistries.global().addReportRegistration(...) before.
2019-11-15 03:52:22,870 [pool-239-thread-1] INFO  impl.RaftServerImpl (RaftServerImpl.java:start(184)) - 8c6299e1-e84a-4bf3-8558-225b6553f707@group-38F0CD71F996: start as a follower, conf=-1: [8c6299e1-e84a-4bf3-8558-225b6553f707:192.168.157.206:40623], old=null
2019-11-15 03:52:22,870 [pool-239-thread-1] INFO  impl.RaftServerImpl (RaftServerImpl.java:setRole(173)) - 8c6299e1-e84a-4bf3-8558-225b6553f707@group-38F0CD71F996: changes role from      null to FOLLOWER at term 0 for startAsFollower
2019-11-15 03:52:22,870 [pool-239-thread-1] INFO  impl.RoleInfo (RoleInfo.java:updateAndGet(143)) - 8c6299e1-e84a-4bf3-8558-225b6553f707: start FollowerState
2019-11-15 03:52:22,871 [pool-239-thread-1] INFO  util.JmxRegister (JmxRegister.java:tryRegister(44)) - Successfully registered JMX Bean with object name Ratis:service=RaftServer,group=group-38F0CD71F996,id=8c6299e1-e84a-4bf3-8558-225b6553f707
2019-11-15 03:52:22,871 [pool-239-thread-1] WARN  impl.MetricRegistriesImpl (MetricRegistriesImpl.java:lambda$create$1(61)) - First MetricRegistry has been created without registering reporters. You may need to call MetricRegistries.global().addReportRegistration(...) before.
2019-11-15 03:52:22,873 [RatisPipelineUtilsThread] INFO  pipeline.PipelineStateManager (PipelineStateManager.java:addPipeline(55)) - Created pipeline Pipeline[ Id: 3e196e81-4504-4c0e-adaa-38f0cd71f996, Nodes: 8c6299e1-e84a-4bf3-8558-225b6553f707{ip: 192.168.157.206, host: pr-hdds-2493-n7h87-1962818265, networkLocation: /rack1, certSerialId: null}, Type:RATIS, Factor:ONE, State:ALLOCATED]
2019-11-15 03:52:22,874 [Thread-1510] INFO  pipeline.PipelineStateManager (PipelineStateManager.java:finalizePipeline(121)) - Pipeline Pipeline[ Id: 96f35321-d953-4612-94c4-741a5fe2f3f8, Nodes: 3b6a93a1-3acb-43ad-9bac-2b83b325636a{ip: 192.168.157.206, host: pr-hdds-2493-n7h87-1962818265, networkLocation: /rack1, certSerialId: null}8c6299e1-e84a-4bf3-8558-225b6553f707{ip: 192.168.157.206, host: pr-hdds-2493-n7h87-1962818265, networkLocation: /rack1, certSerialId: null}fae849f2-b585-4c8d-a748-375fffce3265{ip: 192.168.157.206, host: pr-hdds-2493-n7h87-1962818265, networkLocation: /rack1, certSerialId: null}, Type:RATIS, Factor:THREE, State:CLOSED] moved to CLOSED state
2019-11-15 03:52:22,878 [grpc-default-executor-4] INFO  impl.RaftServerProxy (RaftServerProxy.java:remove(95)) - 3b6a93a1-3acb-43ad-9bac-2b83b325636a: remove    LEADER 3b6a93a1-3acb-43ad-9bac-2b83b325636a@group-741A5FE2F3F8:t1, leader=3b6a93a1-3acb-43ad-9bac-2b83b325636a, voted=3b6a93a1-3acb-43ad-9bac-2b83b325636a, raftlog=3b6a93a1-3acb-43ad-9bac-2b83b325636a@group-741A5FE2F3F8-SegmentedRaftLog:OPENED:c0,f0,i0, conf=0: [8c6299e1-e84a-4bf3-8558-225b6553f707:192.168.157.206:40623, 3b6a93a1-3acb-43ad-9bac-2b83b325636a:192.168.157.206:37982, fae849f2-b585-4c8d-a748-375fffce3265:192.168.157.206:39095], old=null RUNNING
2019-11-15 03:52:22,878 [grpc-default-executor-4] INFO  impl.RaftServerImpl (RaftServerImpl.java:lambda$shutdown$3(250)) - 3b6a93a1-3acb-43ad-9bac-2b83b325636a@group-741A5FE2F3F8: shutdown
2019-11-15 03:52:22,878 [grpc-default-executor-4] INFO  util.JmxRegister (JmxRegister.java:unregister(73)) - Successfully un-registered JMX Bean with object name Ratis:service=RaftServer,group=group-741A5FE2F3F8,id=3b6a93a1-3acb-43ad-9bac-2b83b325636a
2019-11-15 03:52:22,878 [grpc-default-executor-4] INFO  impl.RoleInfo (RoleInfo.java:shutdownLeaderState(104)) - 3b6a93a1-3acb-43ad-9bac-2b83b325636a: shutdown LeaderState
2019-11-15 03:52:22,882 [grpc-default-executor-4] INFO  impl.PendingRequests (PendingRequests.java:sendNotLeaderResponses(206)) - 3b6a93a1-3acb-43ad-9bac-2b83b325636a@group-741A5FE2F3F8-PendingRequests: sendNotLeaderResponses
2019-11-15 03:52:22,882 [org.apache.ratis.server.impl.LogAppender$AppenderDaemon$$Lambda$472/1422379056@27e737e0] WARN  server.GrpcLogAppender (GrpcLogAppender.java:mayWait(151)) - 3b6a93a1-3acb-43ad-9bac-2b83b325636a@group-741A5FE2F3F8->fae849f2-b585-4c8d-a748-375fffce3265-GrpcLogAppender: Wait interrupted by java.lang.InterruptedException
2019-11-15 03:52:22,882 [org.apache.ratis.server.impl.LogAppender$AppenderDaemon$$Lambda$472/1422379056@62e5b5d8] WARN  server.GrpcLogAppender (GrpcLogAppender.java:mayWait(151)) - 3b6a93a1-3acb-43ad-9bac-2b83b325636a@group-741A5FE2F3F8->8c6299e1-e84a-4bf3-8558-225b6553f707-GrpcLogAppender: Wait interrupted by java.lang.InterruptedException
2019-11-15 03:52:22,882 [grpc-default-executor-4] INFO  impl.StateMachineUpdater (StateMachineUpdater.java:stopAndJoin(136)) - 3b6a93a1-3acb-43ad-9bac-2b83b325636a@group-741A5FE2F3F8-StateMachineUpdater: set stopIndex = 0
2019-11-15 03:52:22,883 [grpc-default-executor-4] INFO  impl.RaftServerImpl (ServerState.java:close(387)) - 3b6a93a1-3acb-43ad-9bac-2b83b325636a@group-741A5FE2F3F8: closes. applyIndex: 0
2019-11-15 03:52:22,883 [grpc-default-executor-0] INFO  server.GrpcServerProtocolService (GrpcServerProtocolService.java:onCompleted(113)) - fae849f2-b585-4c8d-a748-375fffce3265: Completed APPEND_ENTRIES, lastRequest: 3b6a93a1-3acb-43ad-9bac-2b83b325636a->fae849f2-b585-4c8d-a748-375fffce3265#4-t1, previous=(t:1, i:0), leaderCommit=0, initializing? false, entries: <empty>
2019-11-15 03:52:22,883 [3b6a93a1-3acb-43ad-9bac-2b83b325636a@group-741A5FE2F3F8-SegmentedRaftLogWorker] INFO  segmented.SegmentedRaftLogWorker (SegmentedRaftLogWorker.java:run(316)) - 3b6a93a1-3acb-43ad-9bac-2b83b325636a@group-741A5FE2F3F8-SegmentedRaftLogWorker was interrupted, exiting. There are 0 tasks remaining in the queue.
2019-11-15 03:52:22,883 [grpc-default-executor-5] INFO  server.GrpcServerProtocolService (GrpcServerProtocolService.java:onCompleted(113)) - 8c6299e1-e84a-4bf3-8558-225b6553f707: Completed APPEND_ENTRIES, lastRequest: 3b6a93a1-3acb-43ad-9bac-2b83b325636a->8c6299e1-e84a-4bf3-8558-225b6553f707#4-t1, previous=(t:1, i:0), leaderCommit=0, initializing? false, entries: <empty>
2019-11-15 03:52:22,883 [grpc-default-executor-4] INFO  segmented.SegmentedRaftLogWorker (SegmentedRaftLogWorker.java:close(224)) - 3b6a93a1-3acb-43ad-9bac-2b83b325636a@group-741A5FE2F3F8-SegmentedRaftLogWorker close()
2019-11-15 03:52:22,883 [grpc-default-executor-5] INFO  server.GrpcLogAppender (GrpcLogAppender.java:onCompleted(308)) - 3b6a93a1-3acb-43ad-9bac-2b83b325636a@group-741A5FE2F3F8->fae849f2-b585-4c8d-a748-375fffce3265-AppendLogResponseHandler: follower responses appendEntries COMPLETED
2019-11-15 03:52:22,885 [grpc-default-executor-0] INFO  server.GrpcLogAppender (GrpcLogAppender.java:onCompleted(308)) - 3b6a93a1-3acb-43ad-9bac-2b83b325636a@group-741A5FE2F3F8->8c6299e1-e84a-4bf3-8558-225b6553f707-AppendLogResponseHandler: follower responses appendEntries COMPLETED
2019-11-15 03:52:22,885 [grpc-default-executor-5] INFO  impl.FollowerInfo (FollowerInfo.java:lambda$new$0(51)) - 3b6a93a1-3acb-43ad-9bac-2b83b325636a@group-741A5FE2F3F8->fae849f2-b585-4c8d-a748-375fffce3265: nextIndex: updateUnconditionally 1 -> 0
2019-11-15 03:52:22,885 [grpc-default-executor-0] INFO  impl.FollowerInfo (FollowerInfo.java:lambda$new$0(51)) - 3b6a93a1-3acb-43ad-9bac-2b83b325636a@group-741A5FE2F3F8->8c6299e1-e84a-4bf3-8558-225b6553f707: nextIndex: updateUnconditionally 1 -> 0
2019-11-15 03:52:22,889 [grpc-default-executor-0] INFO  impl.RaftServerProxy (RaftServerProxy.java:remove(95)) - 8c6299e1-e84a-4bf3-8558-225b6553f707: remove  FOLLOWER 8c6299e1-e84a-4bf3-8558-225b6553f707@group-741A5FE2F3F8:t1, leader=3b6a93a1-3acb-43ad-9bac-2b83b325636a, voted=3b6a93a1-3acb-43ad-9bac-2b83b325636a, raftlog=8c6299e1-e84a-4bf3-8558-225b6553f707@group-741A5FE2F3F8-SegmentedRaftLog:OPENED:c0,f0,i0, conf=0: [8c6299e1-e84a-4bf3-8558-225b6553f707:192.168.157.206:40623, 3b6a93a1-3acb-43ad-9bac-2b83b325636a:192.168.157.206:37982, fae849f2-b585-4c8d-a748-375fffce3265:192.168.157.206:39095], old=null RUNNING
2019-11-15 03:52:22,889 [grpc-default-executor-0] INFO  impl.RaftServerImpl (RaftServerImpl.java:lambda$shutdown$3(250)) - 8c6299e1-e84a-4bf3-8558-225b6553f707@group-741A5FE2F3F8: shutdown
2019-11-15 03:52:22,889 [grpc-default-executor-0] INFO  util.JmxRegister (JmxRegister.java:unregister(73)) - Successfully un-registered JMX Bean with object name Ratis:service=RaftServer,group=group-741A5FE2F3F8,id=8c6299e1-e84a-4bf3-8558-225b6553f707
2019-11-15 03:52:22,889 [grpc-default-executor-0] INFO  impl.RoleInfo (RoleInfo.java:shutdownFollowerState(121)) - 8c6299e1-e84a-4bf3-8558-225b6553f707: shutdown FollowerState
2019-11-15 03:52:22,889 [grpc-default-executor-0] INFO  impl.StateMachineUpdater (StateMachineUpdater.java:stopAndJoin(136)) - 8c6299e1-e84a-4bf3-8558-225b6553f707@group-741A5FE2F3F8-StateMachineUpdater: set stopIndex = 0
2019-11-15 03:52:22,890 [Thread-1612] INFO  impl.FollowerState (FollowerState.java:run(120)) - 8c6299e1-e84a-4bf3-8558-225b6553f707@group-741A5FE2F3F8-FollowerState was interrupted: java.lang.InterruptedException: sleep interrupted
2019-11-15 03:52:22,890 [grpc-default-executor-0] INFO  impl.RaftServerImpl (ServerState.java:close(387)) - 8c6299e1-e84a-4bf3-8558-225b6553f707@group-741A5FE2F3F8: closes. applyIndex: 0
2019-11-15 03:52:22,890 [8c6299e1-e84a-4bf3-8558-225b6553f707@group-741A5FE2F3F8-SegmentedRaftLogWorker] INFO  segmented.SegmentedRaftLogWorker (SegmentedRaftLogWorker.java:run(316)) - 8c6299e1-e84a-4bf3-8558-225b6553f707@group-741A5FE2F3F8-SegmentedRaftLogWorker was interrupted, exiting. There are 0 tasks remaining in the queue.
2019-11-15 03:52:22,890 [grpc-default-executor-0] INFO  segmented.SegmentedRaftLogWorker (SegmentedRaftLogWorker.java:close(224)) - 8c6299e1-e84a-4bf3-8558-225b6553f707@group-741A5FE2F3F8-SegmentedRaftLogWorker close()
2019-11-15 03:52:22,896 [grpc-default-executor-0] INFO  impl.RaftServerProxy (RaftServerProxy.java:remove(95)) - fae849f2-b585-4c8d-a748-375fffce3265: remove  FOLLOWER fae849f2-b585-4c8d-a748-375fffce3265@group-741A5FE2F3F8:t1, leader=3b6a93a1-3acb-43ad-9bac-2b83b325636a, voted=3b6a93a1-3acb-43ad-9bac-2b83b325636a, raftlog=fae849f2-b585-4c8d-a748-375fffce3265@group-741A5FE2F3F8-SegmentedRaftLog:OPENED:c0,f0,i0, conf=0: [8c6299e1-e84a-4bf3-8558-225b6553f707:192.168.157.206:40623, 3b6a93a1-3acb-43ad-9bac-2b83b325636a:192.168.157.206:37982, fae849f2-b585-4c8d-a748-375fffce3265:192.168.157.206:39095], old=null RUNNING
2019-11-15 03:52:22,897 [grpc-default-executor-0] INFO  impl.RaftServerImpl (RaftServerImpl.java:lambda$shutdown$3(250)) - fae849f2-b585-4c8d-a748-375fffce3265@group-741A5FE2F3F8: shutdown
2019-11-15 03:52:22,897 [grpc-default-executor-0] INFO  util.JmxRegister (JmxRegister.java:unregister(73)) - Successfully un-registered JMX Bean with object name Ratis:service=RaftServer,group=group-741A5FE2F3F8,id=fae849f2-b585-4c8d-a748-375fffce3265
2019-11-15 03:52:22,897 [grpc-default-executor-0] INFO  impl.RoleInfo (RoleInfo.java:shutdownFollowerState(121)) - fae849f2-b585-4c8d-a748-375fffce3265: shutdown FollowerState
2019-11-15 03:52:22,898 [grpc-default-executor-0] INFO  impl.StateMachineUpdater (StateMachineUpdater.java:stopAndJoin(136)) - fae849f2-b585-4c8d-a748-375fffce3265@group-741A5FE2F3F8-StateMachineUpdater: set stopIndex = 0
2019-11-15 03:52:22,898 [Thread-1615] INFO  impl.FollowerState (FollowerState.java:run(120)) - fae849f2-b585-4c8d-a748-375fffce3265@group-741A5FE2F3F8-FollowerState was interrupted: java.lang.InterruptedException: sleep interrupted
2019-11-15 03:52:22,898 [grpc-default-executor-0] INFO  impl.RaftServerImpl (ServerState.java:close(387)) - fae849f2-b585-4c8d-a748-375fffce3265@group-741A5FE2F3F8: closes. applyIndex: 0
2019-11-15 03:52:22,898 [fae849f2-b585-4c8d-a748-375fffce3265@group-741A5FE2F3F8-SegmentedRaftLogWorker] INFO  segmented.SegmentedRaftLogWorker (SegmentedRaftLogWorker.java:run(316)) - fae849f2-b585-4c8d-a748-375fffce3265@group-741A5FE2F3F8-SegmentedRaftLogWorker was interrupted, exiting. There are 0 tasks remaining in the queue.
2019-11-15 03:52:22,898 [grpc-default-executor-0] INFO  segmented.SegmentedRaftLogWorker (SegmentedRaftLogWorker.java:close(224)) - fae849f2-b585-4c8d-a748-375fffce3265@group-741A5FE2F3F8-SegmentedRaftLogWorker close()
2019-11-15 03:52:22,901 [Thread-1510] INFO  pipeline.PipelineStateManager (PipelineStateManager.java:removePipeline(106)) - Pipeline Pipeline[ Id: 96f35321-d953-4612-94c4-741a5fe2f3f8, Nodes: 3b6a93a1-3acb-43ad-9bac-2b83b325636a{ip: 192.168.157.206, host: pr-hdds-2493-n7h87-1962818265, networkLocation: /rack1, certSerialId: null}8c6299e1-e84a-4bf3-8558-225b6553f707{ip: 192.168.157.206, host: pr-hdds-2493-n7h87-1962818265, networkLocation: /rack1, certSerialId: null}fae849f2-b585-4c8d-a748-375fffce3265{ip: 192.168.157.206, host: pr-hdds-2493-n7h87-1962818265, networkLocation: /rack1, certSerialId: null}, Type:RATIS, Factor:THREE, State:CLOSED] removed from db
2019-11-15 03:52:22,901 [Thread-1510] INFO  pipeline.SCMPipelineManager (SCMPipelineManager.java:finalizeAndDestroyPipeline(315)) - destroying pipeline:Pipeline[ Id: 8b088cf4-6b71-4759-bdbf-fd6b91c32138, Nodes: b5c8e6ac-78cf-4415-8687-784dd9b9d9de{ip: 192.168.157.206, host: pr-hdds-2493-n7h87-1962818265, networkLocation: /rack1, certSerialId: null}, Type:RATIS, Factor:ONE, State:OPEN]
2019-11-15 03:52:22,915 [grpc-default-executor-0] INFO  impl.RaftServerProxy (RaftServerProxy.java:addNew(89)) - 3b6a93a1-3acb-43ad-9bac-2b83b325636a: addNew group-7A2BC8E9B85B:[8c6299e1-e84a-4bf3-8558-225b6553f707:192.168.157.206:40623, 3b6a93a1-3acb-43ad-9bac-2b83b325636a:192.168.157.206:37982, fae849f2-b585-4c8d-a748-375fffce3265:192.168.157.206:39095] returns group-7A2BC8E9B85B:java.util.concurrent.CompletableFuture@4732cb32[Not completed]
2019-11-15 03:52:22,915 [grpc-default-executor-4] INFO  impl.RaftServerProxy (RaftServerProxy.java:addNew(89)) - 8c6299e1-e84a-4bf3-8558-225b6553f707: addNew group-7A2BC8E9B85B:[8c6299e1-e84a-4bf3-8558-225b6553f707:192.168.157.206:40623, 3b6a93a1-3acb-43ad-9bac-2b83b325636a:192.168.157.206:37982, fae849f2-b585-4c8d-a748-375fffce3265:192.168.157.206:39095] returns group-7A2BC8E9B85B:java.util.concurrent.CompletableFuture@19fc343e[Not completed]
2019-11-15 03:52:22,915 [grpc-default-executor-0] INFO  impl.RaftServerProxy (RaftServerProxy.java:addNew(89)) - fae849f2-b585-4c8d-a748-375fffce3265: addNew group-7A2BC8E9B85B:[8c6299e1-e84a-4bf3-8558-225b6553f707:192.168.157.206:40623, 3b6a93a1-3acb-43ad-9bac-2b83b325636a:192.168.157.206:37982, fae849f2-b585-4c8d-a748-375fffce3265:192.168.157.206:39095] returns group-7A2BC8E9B85B:java.util.concurrent.CompletableFuture@fde7127[Not completed]
2019-11-15 03:52:22,916 [pool-239-thread-1] INFO  impl.RaftServerImpl (RaftServerImpl.java:<init>(98)) - 8c6299e1-e84a-4bf3-8558-225b6553f707: new RaftServerImpl for group-7A2BC8E9B85B:[8c6299e1-e84a-4bf3-8558-225b6553f707:192.168.157.206:40623, 3b6a93a1-3acb-43ad-9bac-2b83b325636a:192.168.157.206:37982, fae849f2-b585-4c8d-a748-375fffce3265:192.168.157.206:39095] with ContainerStateMachine:uninitialized
2019-11-15 03:52:22,916 [pool-239-thread-1] INFO  server.RaftServerConfigKeys (ConfUtils.java:logGet(43)) - raft.server.rpc.timeout.min = 1s (custom)
2019-11-15 03:52:22,916 [pool-239-thread-1] INFO  server.RaftServerConfigKeys (ConfUtils.java:logGet(43)) - raft.server.rpc.timeout.max = 1200ms (custom)
2019-11-15 03:52:22,917 [pool-239-thread-1] INFO  server.RaftServerConfigKeys (ConfUtils.java:logGet(43)) - raft.server.rpcslowness.timeout = 120s (custom)
2019-11-15 03:52:22,917 [pool-239-thread-1] INFO  server.RaftServerConfigKeys (ConfUtils.java:logGet(43)) - raft.server.sleep.deviation.threshold = 300 (default)
2019-11-15 03:52:22,917 [pool-239-thread-1] INFO  server.RaftServerConfigKeys (ConfUtils.java:logGet(43)) - raft.server.log.appender.install.snapshot.enabled = false (custom)
2019-11-15 03:52:22,917 [pool-239-thread-1] INFO  impl.RaftServerImpl (ServerState.java:<init>(103)) - 8c6299e1-e84a-4bf3-8558-225b6553f707@group-7A2BC8E9B85B: ConfigurationManager, init=-1: [8c6299e1-e84a-4bf3-8558-225b6553f707:192.168.157.206:40623, 3b6a93a1-3acb-43ad-9bac-2b83b325636a:192.168.157.206:37982, fae849f2-b585-4c8d-a748-375fffce3265:192.168.157.206:39095], old=null, confs=<EMPTY_MAP>
2019-11-15 03:52:22,917 [pool-239-thread-1] INFO  server.RaftServerConfigKeys (ConfUtils.java:logGet(43)) - raft.server.storage.dir = [/workdir/hadoop-ozone/integration-test/target/test-dir/MiniOzoneClusterImpl-7bc5bb7c-5c55-4645-ae41-72269081a146/datanode-9/data/ratis] (custom)
2019-11-15 03:52:22,917 [pool-189-thread-1] INFO  impl.RaftServerImpl (RaftServerImpl.java:<init>(98)) - fae849f2-b585-4c8d-a748-375fffce3265: new RaftServerImpl for group-7A2BC8E9B85B:[8c6299e1-e84a-4bf3-8558-225b6553f707:192.168.157.206:40623, 3b6a93a1-3acb-43ad-9bac-2b83b325636a:192.168.157.206:37982, fae849f2-b585-4c8d-a748-375fffce3265:192.168.157.206:39095] with ContainerStateMachine:uninitialized
2019-11-15 03:52:22,917 [pool-189-thread-1] INFO  server.RaftServerConfigKeys (ConfUtils.java:logGet(43)) - raft.server.rpc.timeout.min = 1s (custom)
2019-11-15 03:52:22,917 [pool-239-thread-1] INFO  server.RaftServerConfigKeys (ConfUtils.java:logGet(43)) - raft.server.log.corruption.policy = EXCEPTION (default)
2019-11-15 03:52:22,917 [pool-189-thread-1] INFO  server.RaftServerConfigKeys (ConfUtils.java:logGet(43)) - raft.server.rpc.timeout.max = 1200ms (custom)
2019-11-15 03:52:22,917 [pool-239-thread-1] INFO  storage.RaftStorageDirectory (RaftStorageDirectory.java:analyzeStorage(246)) - The storage directory /workdir/hadoop-ozone/integration-test/target/test-dir/MiniOzoneClusterImpl-7bc5bb7c-5c55-4645-ae41-72269081a146/datanode-9/data/ratis/37b1d0ea-750f-4ce8-bc9e-7a2bc8e9b85b does not exist. Creating ...
2019-11-15 03:52:22,918 [pool-189-thread-1] INFO  server.RaftServerConfigKeys (ConfUtils.java:logGet(43)) - raft.server.rpcslowness.timeout = 120s (custom)
2019-11-15 03:52:22,918 [pool-189-thread-1] INFO  server.RaftServerConfigKeys (ConfUtils.java:logGet(43)) - raft.server.sleep.deviation.threshold = 300 (default)
2019-11-15 03:52:22,918 [pool-189-thread-1] INFO  server.RaftServerConfigKeys (ConfUtils.java:logGet(43)) - raft.server.log.appender.install.snapshot.enabled = false (custom)
2019-11-15 03:52:22,918 [pool-189-thread-1] INFO  impl.RaftServerImpl (ServerState.java:<init>(103)) - fae849f2-b585-4c8d-a748-375fffce3265@group-7A2BC8E9B85B: ConfigurationManager, init=-1: [8c6299e1-e84a-4bf3-8558-225b6553f707:192.168.157.206:40623, 3b6a93a1-3acb-43ad-9bac-2b83b325636a:192.168.157.206:37982, fae849f2-b585-4c8d-a748-375fffce3265:192.168.157.206:39095], old=null, confs=<EMPTY_MAP>
2019-11-15 03:52:22,918 [pool-199-thread-1] INFO  impl.RaftServerImpl (RaftServerImpl.java:<init>(98)) - 3b6a93a1-3acb-43ad-9bac-2b83b325636a: new RaftServerImpl for group-7A2BC8E9B85B:[8c6299e1-e84a-4bf3-8558-225b6553f707:192.168.157.206:40623, 3b6a93a1-3acb-43ad-9bac-2b83b325636a:192.168.157.206:37982, fae849f2-b585-4c8d-a748-375fffce3265:192.168.157.206:39095] with ContainerStateMachine:uninitialized
2019-11-15 03:52:22,918 [pool-189-thread-1] INFO  server.RaftServerConfigKeys (ConfUtils.java:logGet(43)) - raft.server.storage.dir = [/workdir/hadoop-ozone/integration-test/target/test-dir/MiniOzoneClusterImpl-7bc5bb7c-5c55-4645-ae41-72269081a146/datanode-4/data/ratis] (custom)
2019-11-15 03:52:22,918 [pool-199-thread-1] INFO  server.RaftServerConfigKeys (ConfUtils.java:logGet(43)) - raft.server.rpc.timeout.min = 1s (custom)
2019-11-15 03:52:22,919 [pool-199-thread-1] INFO  server.RaftServerConfigKeys (ConfUtils.java:logGet(43)) - raft.server.rpc.timeout.max = 1200ms (custom)
2019-11-15 03:52:22,919 [pool-189-thread-1] INFO  server.RaftServerConfigKeys (ConfUtils.java:logGet(43)) - raft.server.log.corruption.policy = EXCEPTION (default)
2019-11-15 03:52:22,919 [pool-199-thread-1] INFO  server.RaftServerConfigKeys (ConfUtils.java:logGet(43)) - raft.server.rpcslowness.timeout = 120s (custom)
2019-11-15 03:52:22,919 [pool-189-thread-1] INFO  storage.RaftStorageDirectory (RaftStorageDirectory.java:analyzeStorage(246)) - The storage directory /workdir/hadoop-ozone/integration-test/target/test-dir/MiniOzoneClusterImpl-7bc5bb7c-5c55-4645-ae41-72269081a146/datanode-4/data/ratis/37b1d0ea-750f-4ce8-bc9e-7a2bc8e9b85b does not exist. Creating ...
2019-11-15 03:52:22,919 [pool-199-thread-1] INFO  server.RaftServerConfigKeys (ConfUtils.java:logGet(43)) - raft.server.sleep.deviation.threshold = 300 (default)
2019-11-15 03:52:22,919 [pool-199-thread-1] INFO  server.RaftServerConfigKeys (ConfUtils.java:logGet(43)) - raft.server.log.appender.install.snapshot.enabled = false (custom)
2019-11-15 03:52:22,919 [pool-199-thread-1] INFO  impl.RaftServerImpl (ServerState.java:<init>(103)) - 3b6a93a1-3acb-43ad-9bac-2b83b325636a@group-7A2BC8E9B85B: ConfigurationManager, init=-1: [8c6299e1-e84a-4bf3-8558-225b6553f707:192.168.157.206:40623, 3b6a93a1-3acb-43ad-9bac-2b83b325636a:192.168.157.206:37982, fae849f2-b585-4c8d-a748-375fffce3265:192.168.157.206:39095], old=null, confs=<EMPTY_MAP>
2019-11-15 03:52:22,919 [pool-199-thread-1] INFO  server.RaftServerConfigKeys (ConfUtils.java:logGet(43)) - raft.server.storage.dir = [/workdir/hadoop-ozone/integration-test/target/test-dir/MiniOzoneClusterImpl-7bc5bb7c-5c55-4645-ae41-72269081a146/datanode-5/data/ratis] (custom)
2019-11-15 03:52:22,920 [pool-199-thread-1] INFO  server.RaftServerConfigKeys (ConfUtils.java:logGet(43)) - raft.server.log.corruption.policy = EXCEPTION (default)
2019-11-15 03:52:22,920 [pool-199-thread-1] INFO  storage.RaftStorageDirectory (RaftStorageDirectory.java:analyzeStorage(246)) - The storage directory /workdir/hadoop-ozone/integration-test/target/test-dir/MiniOzoneClusterImpl-7bc5bb7c-5c55-4645-ae41-72269081a146/datanode-5/data/ratis/37b1d0ea-750f-4ce8-bc9e-7a2bc8e9b85b does not exist. Creating ...
2019-11-15 03:52:22,986 [pool-239-thread-1] INFO  storage.RaftStorageDirectory (RaftStorageDirectory.java:tryLock(328)) - Lock on /workdir/hadoop-ozone/integration-test/target/test-dir/MiniOzoneClusterImpl-7bc5bb7c-5c55-4645-ae41-72269081a146/datanode-9/data/ratis/37b1d0ea-750f-4ce8-bc9e-7a2bc8e9b85b/in_use.lock acquired by nodename 11002@pr-hdds-2493-n7h87-1962818265
2019-11-15 03:52:22,986 [pool-189-thread-1] INFO  storage.RaftStorageDirectory (RaftStorageDirectory.java:tryLock(328)) - Lock on /workdir/hadoop-ozone/integration-test/target/test-dir/MiniOzoneClusterImpl-7bc5bb7c-5c55-4645-ae41-72269081a146/datanode-4/data/ratis/37b1d0ea-750f-4ce8-bc9e-7a2bc8e9b85b/in_use.lock acquired by nodename 11002@pr-hdds-2493-n7h87-1962818265
2019-11-15 03:52:22,986 [pool-199-thread-1] INFO  storage.RaftStorageDirectory (RaftStorageDirectory.java:tryLock(328)) - Lock on /workdir/hadoop-ozone/integration-test/target/test-dir/MiniOzoneClusterImpl-7bc5bb7c-5c55-4645-ae41-72269081a146/datanode-5/data/ratis/37b1d0ea-750f-4ce8-bc9e-7a2bc8e9b85b/in_use.lock acquired by nodename 11002@pr-hdds-2493-n7h87-1962818265
2019-11-15 03:52:23,075 [pool-239-thread-1] INFO  storage.RaftStorage (RaftStorage.java:format(84)) - Storage directory /workdir/hadoop-ozone/integration-test/target/test-dir/MiniOzoneClusterImpl-7bc5bb7c-5c55-4645-ae41-72269081a146/datanode-9/data/ratis/37b1d0ea-750f-4ce8-bc9e-7a2bc8e9b85b has been successfully formatted.
2019-11-15 03:52:23,075 [pool-189-thread-1] INFO  storage.RaftStorage (RaftStorage.java:format(84)) - Storage directory /workdir/hadoop-ozone/integration-test/target/test-dir/MiniOzoneClusterImpl-7bc5bb7c-5c55-4645-ae41-72269081a146/datanode-4/data/ratis/37b1d0ea-750f-4ce8-bc9e-7a2bc8e9b85b has been successfully formatted.
2019-11-15 03:52:23,075 [pool-199-thread-1] INFO  storage.RaftStorage (RaftStorage.java:format(84)) - Storage directory /workdir/hadoop-ozone/integration-test/target/test-dir/MiniOzoneClusterImpl-7bc5bb7c-5c55-4645-ae41-72269081a146/datanode-5/data/ratis/37b1d0ea-750f-4ce8-bc9e-7a2bc8e9b85b has been successfully formatted.
2019-11-15 03:52:23,076 [pool-239-thread-1] INFO  ratis.ContainerStateMachine (ContainerStateMachine.java:loadSnapshot(223)) - group-7A2BC8E9B85B: The snapshot info is null. Setting the last applied indexto:(t:0, i:~)
2019-11-15 03:52:23,076 [pool-189-thread-1] INFO  ratis.ContainerStateMachine (ContainerStateMachine.java:loadSnapshot(223)) - group-7A2BC8E9B85B: The snapshot info is null. Setting the last applied indexto:(t:0, i:~)
2019-11-15 03:52:23,076 [pool-239-thread-1] INFO  server.RaftServerConfigKeys (ConfUtils.java:logGet(43)) - raft.server.notification.no-leader.timeout = 120s (custom)
2019-11-15 03:52:23,076 [pool-199-thread-1] INFO  ratis.ContainerStateMachine (ContainerStateMachine.java:loadSnapshot(223)) - group-7A2BC8E9B85B: The snapshot info is null. Setting the last applied indexto:(t:0, i:~)
2019-11-15 03:52:23,076 [pool-239-thread-1] INFO  server.RaftServerConfigKeys (ConfUtils.java:logGet(43)) - raft.server.log.use.memory = false (default)
2019-11-15 03:52:23,076 [pool-189-thread-1] INFO  server.RaftServerConfigKeys (ConfUtils.java:logGet(43)) - raft.server.notification.no-leader.timeout = 120s (custom)
2019-11-15 03:52:23,077 [pool-239-thread-1] INFO  server.RaftServerConfigKeys (ConfUtils.java:logGet(43)) - raft.server.log.purge.gap = 1000000 (custom)
2019-11-15 03:52:23,077 [pool-199-thread-1] INFO  server.RaftServerConfigKeys (ConfUtils.java:logGet(43)) - raft.server.notification.no-leader.timeout = 120s (custom)
2019-11-15 03:52:23,077 [pool-239-thread-1] INFO  server.RaftServerConfigKeys (ConfUtils.java:logGet(43)) - raft.server.log.appender.buffer.byte-limit = 33554432 (custom)
2019-11-15 03:52:23,077 [pool-189-thread-1] INFO  server.RaftServerConfigKeys (ConfUtils.java:logGet(43)) - raft.server.log.use.memory = false (default)
2019-11-15 03:52:23,077 [pool-239-thread-1] INFO  server.RaftServerConfigKeys (ConfUtils.java:logGet(43)) - raft.server.log.segment.size.max = 1048576 (custom)
2019-11-15 03:52:23,077 [pool-199-thread-1] INFO  server.RaftServerConfigKeys (ConfUtils.java:logGet(43)) - raft.server.log.use.memory = false (default)
2019-11-15 03:52:23,077 [pool-239-thread-1] INFO  server.RaftServerConfigKeys (ConfUtils.java:logGet(43)) - raft.server.log.segment.cache.num.max = 2 (custom)
2019-11-15 03:52:23,077 [pool-189-thread-1] INFO  server.RaftServerConfigKeys (ConfUtils.java:logGet(43)) - raft.server.log.purge.gap = 1000000 (custom)
2019-11-15 03:52:23,077 [pool-239-thread-1] INFO  segmented.SegmentedRaftLogWorker (SegmentedRaftLogWorker.java:<init>(173)) - new 8c6299e1-e84a-4bf3-8558-225b6553f707@group-7A2BC8E9B85B-SegmentedRaftLogWorker for RaftStorage:Storage Directory /workdir/hadoop-ozone/integration-test/target/test-dir/MiniOzoneClusterImpl-7bc5bb7c-5c55-4645-ae41-72269081a146/datanode-9/data/ratis/37b1d0ea-750f-4ce8-bc9e-7a2bc8e9b85b
2019-11-15 03:52:23,077 [pool-199-thread-1] INFO  server.RaftServerConfigKeys (ConfUtils.java:logGet(43)) - raft.server.log.purge.gap = 1000000 (custom)
2019-11-15 03:52:23,078 [pool-239-thread-1] INFO  server.RaftServerConfigKeys (ConfUtils.java:logGet(43)) - raft.server.log.queue.byte-limit = 2147483647 (custom)
2019-11-15 03:52:23,077 [pool-189-thread-1] INFO  server.RaftServerConfigKeys (ConfUtils.java:logGet(43)) - raft.server.log.appender.buffer.byte-limit = 33554432 (custom)
2019-11-15 03:52:23,078 [pool-239-thread-1] INFO  server.RaftServerConfigKeys (ConfUtils.java:logGet(43)) - raft.server.log.queue.element-limit = 1024 (custom)
2019-11-15 03:52:23,078 [pool-199-thread-1] INFO  server.RaftServerConfigKeys (ConfUtils.java:logGet(43)) - raft.server.log.appender.buffer.byte-limit = 33554432 (custom)
2019-11-15 03:52:23,078 [pool-239-thread-1] INFO  server.RaftServerConfigKeys (ConfUtils.java:logGet(43)) - raft.server.log.segment.size.max = 1048576 (custom)
2019-11-15 03:52:23,078 [pool-189-thread-1] INFO  server.RaftServerConfigKeys (ConfUtils.java:logGet(43)) - raft.server.log.segment.size.max = 1048576 (custom)
2019-11-15 03:52:23,078 [pool-239-thread-1] INFO  server.RaftServerConfigKeys (ConfUtils.java:logGet(43)) - raft.server.log.preallocated.size = 16384 (custom)
2019-11-15 03:52:23,078 [pool-199-thread-1] INFO  server.RaftServerConfigKeys (ConfUtils.java:logGet(43)) - raft.server.log.segment.size.max = 1048576 (custom)
2019-11-15 03:52:23,078 [pool-239-thread-1] INFO  server.RaftServerConfigKeys (ConfUtils.java:logGet(43)) - raft.server.log.write.buffer.size = 33554432 (custom)
2019-11-15 03:52:23,078 [pool-189-thread-1] INFO  server.RaftServerConfigKeys (ConfUtils.java:logGet(43)) - raft.server.log.segment.cache.num.max = 2 (custom)
2019-11-15 03:52:23,079 [pool-239-thread-1] INFO  server.RaftServerConfigKeys (ConfUtils.java:logGet(43)) - raft.server.log.force.sync.num = 128 (default)
2019-11-15 03:52:23,079 [pool-199-thread-1] INFO  server.RaftServerConfigKeys (ConfUtils.java:logGet(43)) - raft.server.log.segment.cache.num.max = 2 (custom)
2019-11-15 03:52:23,079 [pool-239-thread-1] INFO  server.RaftServerConfigKeys (ConfUtils.java:logGet(43)) - raft.server.log.statemachine.data.sync = true (default)
2019-11-15 03:52:23,079 [pool-189-thread-1] INFO  segmented.SegmentedRaftLogWorker (SegmentedRaftLogWorker.java:<init>(173)) - new fae849f2-b585-4c8d-a748-375fffce3265@group-7A2BC8E9B85B-SegmentedRaftLogWorker for RaftStorage:Storage Directory /workdir/hadoop-ozone/integration-test/target/test-dir/MiniOzoneClusterImpl-7bc5bb7c-5c55-4645-ae41-72269081a146/datanode-4/data/ratis/37b1d0ea-750f-4ce8-bc9e-7a2bc8e9b85b
2019-11-15 03:52:23,079 [pool-239-thread-1] INFO  server.RaftServerConfigKeys (ConfUtils.java:logGet(43)) - raft.server.log.statemachine.data.sync.timeout = 10s (default)
2019-11-15 03:52:23,079 [pool-199-thread-1] INFO  segmented.SegmentedRaftLogWorker (SegmentedRaftLogWorker.java:<init>(173)) - new 3b6a93a1-3acb-43ad-9bac-2b83b325636a@group-7A2BC8E9B85B-SegmentedRaftLogWorker for RaftStorage:Storage Directory /workdir/hadoop-ozone/integration-test/target/test-dir/MiniOzoneClusterImpl-7bc5bb7c-5c55-4645-ae41-72269081a146/datanode-5/data/ratis/37b1d0ea-750f-4ce8-bc9e-7a2bc8e9b85b
2019-11-15 03:52:23,079 [pool-239-thread-1] INFO  server.RaftServerConfigKeys (ConfUtils.java:logGet(43)) - raft.server.log.statemachine.data.sync.timeout.retry = -1 (default)
2019-11-15 03:52:23,079 [pool-189-thread-1] INFO  server.RaftServerConfigKeys (ConfUtils.java:logGet(43)) - raft.server.log.queue.byte-limit = 2147483647 (custom)
2019-11-15 03:52:23,079 [pool-199-thread-1] INFO  server.RaftServerConfigKeys (ConfUtils.java:logGet(43)) - raft.server.log.queue.byte-limit = 2147483647 (custom)
2019-11-15 03:52:23,080 [pool-239-thread-1] INFO  server.RaftServerConfigKeys (ConfUtils.java:logGet(43)) - raft.server.log.statemachine.data.caching.enabled = true (custom)
2019-11-15 03:52:23,080 [pool-189-thread-1] INFO  server.RaftServerConfigKeys (ConfUtils.java:logGet(43)) - raft.server.log.queue.element-limit = 1024 (custom)
2019-11-15 03:52:23,080 [pool-199-thread-1] INFO  server.RaftServerConfigKeys (ConfUtils.java:logGet(43)) - raft.server.log.queue.element-limit = 1024 (custom)
2019-11-15 03:52:23,080 [pool-189-thread-1] INFO  server.RaftServerConfigKeys (ConfUtils.java:logGet(43)) - raft.server.log.segment.size.max = 1048576 (custom)
2019-11-15 03:52:23,080 [pool-199-thread-1] INFO  server.RaftServerConfigKeys (ConfUtils.java:logGet(43)) - raft.server.log.segment.size.max = 1048576 (custom)
2019-11-15 03:52:23,080 [pool-239-thread-1] INFO  segmented.SegmentedRaftLogWorker (SegmentedRaftLogWorker.java:lambda$new$0(128)) - 8c6299e1-e84a-4bf3-8558-225b6553f707@group-7A2BC8E9B85B-SegmentedRaftLogWorker: flushIndex: setUnconditionally 0 -> -1
2019-11-15 03:52:23,080 [pool-199-thread-1] INFO  server.RaftServerConfigKeys (ConfUtils.java:logGet(43)) - raft.server.log.preallocated.size = 16384 (custom)
2019-11-15 03:52:23,080 [pool-189-thread-1] INFO  server.RaftServerConfigKeys (ConfUtils.java:logGet(43)) - raft.server.log.preallocated.size = 16384 (custom)
2019-11-15 03:52:23,080 [pool-199-thread-1] INFO  server.RaftServerConfigKeys (ConfUtils.java:logGet(43)) - raft.server.log.write.buffer.size = 33554432 (custom)
2019-11-15 03:52:23,081 [pool-189-thread-1] INFO  server.RaftServerConfigKeys (ConfUtils.java:logGet(43)) - raft.server.log.write.buffer.size = 33554432 (custom)
2019-11-15 03:52:23,081 [pool-239-thread-1] INFO  server.RaftServerConfigKeys (ConfUtils.java:logGet(43)) - raft.server.snapshot.auto.trigger.enabled = true (custom)
2019-11-15 03:52:23,081 [pool-189-thread-1] INFO  server.RaftServerConfigKeys (ConfUtils.java:logGet(43)) - raft.server.log.force.sync.num = 128 (default)
2019-11-15 03:52:23,081 [pool-199-thread-1] INFO  server.RaftServerConfigKeys (ConfUtils.java:logGet(43)) - raft.server.log.force.sync.num = 128 (default)
2019-11-15 03:52:23,081 [pool-189-thread-1] INFO  server.RaftServerConfigKeys (ConfUtils.java:logGet(43)) - raft.server.log.statemachine.data.sync = true (default)
2019-11-15 03:52:23,081 [pool-239-thread-1] INFO  server.RaftServerConfigKeys (ConfUtils.java:logGet(43)) - raft.server.snapshot.auto.trigger.threshold = 10000 (custom)
2019-11-15 03:52:23,081 [pool-189-thread-1] INFO  server.RaftServerConfigKeys (ConfUtils.java:logGet(43)) - raft.server.log.statemachine.data.sync.timeout = 10s (default)
2019-11-15 03:52:23,081 [pool-199-thread-1] INFO  server.RaftServerConfigKeys (ConfUtils.java:logGet(43)) - raft.server.log.statemachine.data.sync = true (default)
2019-11-15 03:52:23,081 [pool-189-thread-1] INFO  server.RaftServerConfigKeys (ConfUtils.java:logGet(43)) - raft.server.log.statemachine.data.sync.timeout.retry = -1 (default)
2019-11-15 03:52:23,081 [pool-239-thread-1] INFO  server.RaftServerConfigKeys (ConfUtils.java:logGet(43)) - raft.server.snapshot.retention.file.num = 5 (custom)
2019-11-15 03:52:23,082 [pool-189-thread-1] INFO  server.RaftServerConfigKeys (ConfUtils.java:logGet(43)) - raft.server.log.statemachine.data.caching.enabled = true (custom)
2019-11-15 03:52:23,082 [pool-199-thread-1] INFO  server.RaftServerConfigKeys (ConfUtils.java:logGet(43)) - raft.server.log.statemachine.data.sync.timeout = 10s (default)
2019-11-15 03:52:23,082 [pool-239-thread-1] INFO  server.RaftServerConfigKeys (ConfUtils.java:logGet(43)) - raft.server.retrycache.expirytime = 600000ms (custom)
2019-11-15 03:52:23,082 [pool-189-thread-1] INFO  segmented.SegmentedRaftLogWorker (SegmentedRaftLogWorker.java:lambda$new$0(128)) - fae849f2-b585-4c8d-a748-375fffce3265@group-7A2BC8E9B85B-SegmentedRaftLogWorker: flushIndex: setUnconditionally 0 -> -1
2019-11-15 03:52:23,082 [pool-199-thread-1] INFO  server.RaftServerConfigKeys (ConfUtils.java:logGet(43)) - raft.server.log.statemachine.data.sync.timeout.retry = -1 (default)
2019-11-15 03:52:23,082 [pool-239-thread-1] WARN  impl.MetricRegistriesImpl (MetricRegistriesImpl.java:lambda$create$1(61)) - First MetricRegistry has been created without registering reporters. You may need to call MetricRegistries.global().addReportRegistration(...) before.
2019-11-15 03:52:23,082 [pool-199-thread-1] INFO  server.RaftServerConfigKeys (ConfUtils.java:logGet(43)) - raft.server.log.statemachine.data.caching.enabled = true (custom)
2019-11-15 03:52:23,082 [pool-189-thread-1] INFO  server.RaftServerConfigKeys (ConfUtils.java:logGet(43)) - raft.server.snapshot.auto.trigger.enabled = true (custom)
2019-11-15 03:52:23,082 [pool-239-thread-1] WARN  impl.MetricRegistriesImpl (MetricRegistriesImpl.java:lambda$create$1(61)) - First MetricRegistry has been created without registering reporters. You may need to call MetricRegistries.global().addReportRegistration(...) before.
2019-11-15 03:52:23,083 [pool-189-thread-1] INFO  server.RaftServerConfigKeys (ConfUtils.java:logGet(43)) - raft.server.snapshot.auto.trigger.threshold = 10000 (custom)
2019-11-15 03:52:23,083 [pool-199-thread-1] INFO  segmented.SegmentedRaftLogWorker (SegmentedRaftLogWorker.java:lambda$new$0(128)) - 3b6a93a1-3acb-43ad-9bac-2b83b325636a@group-7A2BC8E9B85B-SegmentedRaftLogWorker: flushIndex: setUnconditionally 0 -> -1
2019-11-15 03:52:23,083 [pool-239-thread-1] INFO  impl.RaftServerImpl (RaftServerImpl.java:start(184)) - 8c6299e1-e84a-4bf3-8558-225b6553f707@group-7A2BC8E9B85B: start as a follower, conf=-1: [8c6299e1-e84a-4bf3-8558-225b6553f707:192.168.157.206:40623, 3b6a93a1-3acb-43ad-9bac-2b83b325636a:192.168.157.206:37982, fae849f2-b585-4c8d-a748-375fffce3265:192.168.157.206:39095], old=null
2019-11-15 03:52:23,083 [pool-189-thread-1] INFO  server.RaftServerConfigKeys (ConfUtils.java:logGet(43)) - raft.server.snapshot.retention.file.num = 5 (custom)
2019-11-15 03:52:23,083 [pool-239-thread-1] INFO  impl.RaftServerImpl (RaftServerImpl.java:setRole(173)) - 8c6299e1-e84a-4bf3-8558-225b6553f707@group-7A2BC8E9B85B: changes role from      null to FOLLOWER at term 0 for startAsFollower
2019-11-15 03:52:23,083 [pool-199-thread-1] INFO  server.RaftServerConfigKeys (ConfUtils.java:logGet(43)) - raft.server.snapshot.auto.trigger.enabled = true (custom)
2019-11-15 03:52:23,083 [pool-239-thread-1] INFO  impl.RoleInfo (RoleInfo.java:updateAndGet(143)) - 8c6299e1-e84a-4bf3-8558-225b6553f707: start FollowerState
2019-11-15 03:52:23,083 [pool-189-thread-1] INFO  server.RaftServerConfigKeys (ConfUtils.java:logGet(43)) - raft.server.retrycache.expirytime = 600000ms (custom)
2019-11-15 03:52:23,083 [pool-199-thread-1] INFO  server.RaftServerConfigKeys (ConfUtils.java:logGet(43)) - raft.server.snapshot.auto.trigger.threshold = 10000 (custom)
2019-11-15 03:52:23,083 [pool-189-thread-1] WARN  impl.MetricRegistriesImpl (MetricRegistriesImpl.java:lambda$create$1(61)) - First MetricRegistry has been created without registering reporters. You may need to call MetricRegistries.global().addReportRegistration(...) before.
2019-11-15 03:52:23,084 [pool-199-thread-1] INFO  server.RaftServerConfigKeys (ConfUtils.java:logGet(43)) - raft.server.snapshot.retention.file.num = 5 (custom)
2019-11-15 03:52:23,084 [pool-239-thread-1] INFO  util.JmxRegister (JmxRegister.java:tryRegister(44)) - Successfully registered JMX Bean with object name Ratis:service=RaftServer,group=group-7A2BC8E9B85B,id=8c6299e1-e84a-4bf3-8558-225b6553f707
2019-11-15 03:52:23,084 [pool-189-thread-1] WARN  impl.MetricRegistriesImpl (MetricRegistriesImpl.java:lambda$create$1(61)) - First MetricRegistry has been created without registering reporters. You may need to call MetricRegistries.global().addReportRegistration(...) before.
2019-11-15 03:52:23,084 [pool-239-thread-1] WARN  impl.MetricRegistriesImpl (MetricRegistriesImpl.java:lambda$create$1(61)) - First MetricRegistry has been created without registering reporters. You may need to call MetricRegistries.global().addReportRegistration(...) before.
2019-11-15 03:52:23,084 [pool-199-thread-1] INFO  server.RaftServerConfigKeys (ConfUtils.java:logGet(43)) - raft.server.retrycache.expirytime = 600000ms (custom)
2019-11-15 03:52:23,084 [pool-189-thread-1] INFO  impl.RaftServerImpl (RaftServerImpl.java:start(184)) - fae849f2-b585-4c8d-a748-375fffce3265@group-7A2BC8E9B85B: start as a follower, conf=-1: [8c6299e1-e84a-4bf3-8558-225b6553f707:192.168.157.206:40623, 3b6a93a1-3acb-43ad-9bac-2b83b325636a:192.168.157.206:37982, fae849f2-b585-4c8d-a748-375fffce3265:192.168.157.206:39095], old=null
2019-11-15 03:52:23,084 [pool-199-thread-1] WARN  impl.MetricRegistriesImpl (MetricRegistriesImpl.java:lambda$create$1(61)) - First MetricRegistry has been created without registering reporters. You may need to call MetricRegistries.global().addReportRegistration(...) before.
2019-11-15 03:52:23,084 [pool-189-thread-1] INFO  impl.RaftServerImpl (RaftServerImpl.java:setRole(173)) - fae849f2-b585-4c8d-a748-375fffce3265@group-7A2BC8E9B85B: changes role from      null to FOLLOWER at term 0 for startAsFollower
2019-11-15 03:52:23,084 [pool-199-thread-1] WARN  impl.MetricRegistriesImpl (MetricRegistriesImpl.java:lambda$create$1(61)) - First MetricRegistry has been created without registering reporters. You may need to call MetricRegistries.global().addReportRegistration(...) before.
2019-11-15 03:52:23,085 [pool-189-thread-1] INFO  impl.RoleInfo (RoleInfo.java:updateAndGet(143)) - fae849f2-b585-4c8d-a748-375fffce3265: start FollowerState
2019-11-15 03:52:23,085 [pool-199-thread-1] INFO  impl.RaftServerImpl (RaftServerImpl.java:start(184)) - 3b6a93a1-3acb-43ad-9bac-2b83b325636a@group-7A2BC8E9B85B: start as a follower, conf=-1: [8c6299e1-e84a-4bf3-8558-225b6553f707:192.168.157.206:40623, 3b6a93a1-3acb-43ad-9bac-2b83b325636a:192.168.157.206:37982, fae849f2-b585-4c8d-a748-375fffce3265:192.168.157.206:39095], old=null
2019-11-15 03:52:23,085 [pool-199-thread-1] INFO  impl.RaftServerImpl (RaftServerImpl.java:setRole(173)) - 3b6a93a1-3acb-43ad-9bac-2b83b325636a@group-7A2BC8E9B85B: changes role from      null to FOLLOWER at term 0 for startAsFollower
2019-11-15 03:52:23,085 [pool-199-thread-1] INFO  impl.RoleInfo (RoleInfo.java:updateAndGet(143)) - 3b6a93a1-3acb-43ad-9bac-2b83b325636a: start FollowerState
2019-11-15 03:52:23,085 [pool-189-thread-1] INFO  util.JmxRegister (JmxRegister.java:tryRegister(44)) - Successfully registered JMX Bean with object name Ratis:service=RaftServer,group=group-7A2BC8E9B85B,id=fae849f2-b585-4c8d-a748-375fffce3265
2019-11-15 03:52:23,085 [pool-199-thread-1] INFO  util.JmxRegister (JmxRegister.java:tryRegister(44)) - Successfully registered JMX Bean with object name Ratis:service=RaftServer,group=group-7A2BC8E9B85B,id=3b6a93a1-3acb-43ad-9bac-2b83b325636a
2019-11-15 03:52:23,085 [pool-189-thread-1] WARN  impl.MetricRegistriesImpl (MetricRegistriesImpl.java:lambda$create$1(61)) - First MetricRegistry has been created without registering reporters. You may need to call MetricRegistries.global().addReportRegistration(...) before.
2019-11-15 03:52:23,085 [pool-199-thread-1] WARN  impl.MetricRegistriesImpl (MetricRegistriesImpl.java:lambda$create$1(61)) - First MetricRegistry has been created without registering reporters. You may need to call MetricRegistries.global().addReportRegistration(...) before.
2019-11-15 03:52:23,088 [RatisPipelineUtilsThread] INFO  pipeline.PipelineStateManager (PipelineStateManager.java:addPipeline(55)) - Created pipeline Pipeline[ Id: 37b1d0ea-750f-4ce8-bc9e-7a2bc8e9b85b, Nodes: 3b6a93a1-3acb-43ad-9bac-2b83b325636a{ip: 192.168.157.206, host: pr-hdds-2493-n7h87-1962818265, networkLocation: /rack1, certSerialId: null}8c6299e1-e84a-4bf3-8558-225b6553f707{ip: 192.168.157.206, host: pr-hdds-2493-n7h87-1962818265, networkLocation: /rack1, certSerialId: null}fae849f2-b585-4c8d-a748-375fffce3265{ip: 192.168.157.206, host: pr-hdds-2493-n7h87-1962818265, networkLocation: /rack1, certSerialId: null}, Type:RATIS, Factor:THREE, State:ALLOCATED]
2019-11-15 03:52:23,089 [Thread-1510] INFO  pipeline.PipelineStateManager (PipelineStateManager.java:finalizePipeline(121)) - Pipeline Pipeline[ Id: 8b088cf4-6b71-4759-bdbf-fd6b91c32138, Nodes: b5c8e6ac-78cf-4415-8687-784dd9b9d9de{ip: 192.168.157.206, host: pr-hdds-2493-n7h87-1962818265, networkLocation: /rack1, certSerialId: null}, Type:RATIS, Factor:ONE, State:CLOSED] moved to CLOSED state
2019-11-15 03:52:23,092 [grpc-default-executor-0] INFO  impl.RaftServerProxy (RaftServerProxy.java:remove(95)) - b5c8e6ac-78cf-4415-8687-784dd9b9d9de: remove    LEADER b5c8e6ac-78cf-4415-8687-784dd9b9d9de@group-FD6B91C32138:t1, leader=b5c8e6ac-78cf-4415-8687-784dd9b9d9de, voted=b5c8e6ac-78cf-4415-8687-784dd9b9d9de, raftlog=b5c8e6ac-78cf-4415-8687-784dd9b9d9de@group-FD6B91C32138-SegmentedRaftLog:OPENED:c0,f0,i0, conf=0: [b5c8e6ac-78cf-4415-8687-784dd9b9d9de:192.168.157.206:35928], old=null RUNNING
2019-11-15 03:52:23,092 [grpc-default-executor-0] INFO  impl.RaftServerImpl (RaftServerImpl.java:lambda$shutdown$3(250)) - b5c8e6ac-78cf-4415-8687-784dd9b9d9de@group-FD6B91C32138: shutdown
2019-11-15 03:52:23,092 [grpc-default-executor-0] INFO  util.JmxRegister (JmxRegister.java:unregister(73)) - Successfully un-registered JMX Bean with object name Ratis:service=RaftServer,group=group-FD6B91C32138,id=b5c8e6ac-78cf-4415-8687-784dd9b9d9de
2019-11-15 03:52:23,093 [grpc-default-executor-0] INFO  impl.RoleInfo (RoleInfo.java:shutdownLeaderState(104)) - b5c8e6ac-78cf-4415-8687-784dd9b9d9de: shutdown LeaderState
2019-11-15 03:52:23,093 [grpc-default-executor-0] INFO  impl.PendingRequests (PendingRequests.java:sendNotLeaderResponses(206)) - b5c8e6ac-78cf-4415-8687-784dd9b9d9de@group-FD6B91C32138-PendingRequests: sendNotLeaderResponses
2019-11-15 03:52:23,093 [grpc-default-executor-0] INFO  impl.StateMachineUpdater (StateMachineUpdater.java:stopAndJoin(136)) - b5c8e6ac-78cf-4415-8687-784dd9b9d9de@group-FD6B91C32138-StateMachineUpdater: set stopIndex = 0
2019-11-15 03:52:23,093 [grpc-default-executor-0] INFO  impl.RaftServerImpl (ServerState.java:close(387)) - b5c8e6ac-78cf-4415-8687-784dd9b9d9de@group-FD6B91C32138: closes. applyIndex: 0
2019-11-15 03:52:23,093 [b5c8e6ac-78cf-4415-8687-784dd9b9d9de@group-FD6B91C32138-SegmentedRaftLogWorker] INFO  segmented.SegmentedRaftLogWorker (SegmentedRaftLogWorker.java:run(316)) - b5c8e6ac-78cf-4415-8687-784dd9b9d9de@group-FD6B91C32138-SegmentedRaftLogWorker was interrupted, exiting. There are 0 tasks remaining in the queue.
2019-11-15 03:52:23,093 [grpc-default-executor-0] INFO  segmented.SegmentedRaftLogWorker (SegmentedRaftLogWorker.java:close(224)) - b5c8e6ac-78cf-4415-8687-784dd9b9d9de@group-FD6B91C32138-SegmentedRaftLogWorker close()
2019-11-15 03:52:23,100 [Thread-1510] INFO  pipeline.PipelineStateManager (PipelineStateManager.java:removePipeline(106)) - Pipeline Pipeline[ Id: 8b088cf4-6b71-4759-bdbf-fd6b91c32138, Nodes: b5c8e6ac-78cf-4415-8687-784dd9b9d9de{ip: 192.168.157.206, host: pr-hdds-2493-n7h87-1962818265, networkLocation: /rack1, certSerialId: null}, Type:RATIS, Factor:ONE, State:CLOSED] removed from db
2019-11-15 03:52:23,100 [Thread-1510] INFO  pipeline.SCMPipelineManager (SCMPipelineManager.java:finalizeAndDestroyPipeline(315)) - destroying pipeline:Pipeline[ Id: 95aa4ed6-4f99-4589-802f-0839d3b4da55, Nodes: 1f296aea-c4ef-4ad0-bd70-4536dedd0da2{ip: 192.168.157.206, host: pr-hdds-2493-n7h87-1962818265, networkLocation: /rack1, certSerialId: null}, Type:RATIS, Factor:ONE, State:OPEN]
2019-11-15 03:52:23,114 [grpc-default-executor-0] INFO  impl.RaftServerProxy (RaftServerProxy.java:addNew(89)) - b5c8e6ac-78cf-4415-8687-784dd9b9d9de: addNew group-3B732DF8B222:[b5c8e6ac-78cf-4415-8687-784dd9b9d9de:192.168.157.206:35928] returns group-3B732DF8B222:java.util.concurrent.CompletableFuture@44eee72c[Not completed]
2019-11-15 03:52:23,115 [pool-149-thread-1] INFO  impl.RaftServerImpl (RaftServerImpl.java:<init>(98)) - b5c8e6ac-78cf-4415-8687-784dd9b9d9de: new RaftServerImpl for group-3B732DF8B222:[b5c8e6ac-78cf-4415-8687-784dd9b9d9de:192.168.157.206:35928] with ContainerStateMachine:uninitialized
2019-11-15 03:52:23,115 [pool-149-thread-1] INFO  server.RaftServerConfigKeys (ConfUtils.java:logGet(43)) - raft.server.rpc.timeout.min = 1s (custom)
2019-11-15 03:52:23,115 [pool-149-thread-1] INFO  server.RaftServerConfigKeys (ConfUtils.java:logGet(43)) - raft.server.rpc.timeout.max = 1200ms (custom)
2019-11-15 03:52:23,115 [pool-149-thread-1] INFO  server.RaftServerConfigKeys (ConfUtils.java:logGet(43)) - raft.server.rpcslowness.timeout = 120s (custom)
2019-11-15 03:52:23,115 [pool-149-thread-1] INFO  server.RaftServerConfigKeys (ConfUtils.java:logGet(43)) - raft.server.sleep.deviation.threshold = 300 (default)
2019-11-15 03:52:23,116 [pool-149-thread-1] INFO  server.RaftServerConfigKeys (ConfUtils.java:logGet(43)) - raft.server.log.appender.install.snapshot.enabled = false (custom)
2019-11-15 03:52:23,116 [pool-149-thread-1] INFO  impl.RaftServerImpl (ServerState.java:<init>(103)) - b5c8e6ac-78cf-4415-8687-784dd9b9d9de@group-3B732DF8B222: ConfigurationManager, init=-1: [b5c8e6ac-78cf-4415-8687-784dd9b9d9de:192.168.157.206:35928], old=null, confs=<EMPTY_MAP>
2019-11-15 03:52:23,116 [pool-149-thread-1] INFO  server.RaftServerConfigKeys (ConfUtils.java:logGet(43)) - raft.server.storage.dir = [/workdir/hadoop-ozone/integration-test/target/test-dir/MiniOzoneClusterImpl-7bc5bb7c-5c55-4645-ae41-72269081a146/datanode-0/data/ratis] (custom)
2019-11-15 03:52:23,116 [pool-149-thread-1] INFO  server.RaftServerConfigKeys (ConfUtils.java:logGet(43)) - raft.server.log.corruption.policy = EXCEPTION (default)
2019-11-15 03:52:23,116 [pool-149-thread-1] INFO  storage.RaftStorageDirectory (RaftStorageDirectory.java:analyzeStorage(246)) - The storage directory /workdir/hadoop-ozone/integration-test/target/test-dir/MiniOzoneClusterImpl-7bc5bb7c-5c55-4645-ae41-72269081a146/datanode-0/data/ratis/d8932cd0-37ae-4483-9a4f-3b732df8b222 does not exist. Creating ...
2019-11-15 03:52:23,141 [pool-149-thread-1] INFO  storage.RaftStorageDirectory (RaftStorageDirectory.java:tryLock(328)) - Lock on /workdir/hadoop-ozone/integration-test/target/test-dir/MiniOzoneClusterImpl-7bc5bb7c-5c55-4645-ae41-72269081a146/datanode-0/data/ratis/d8932cd0-37ae-4483-9a4f-3b732df8b222/in_use.lock acquired by nodename 11002@pr-hdds-2493-n7h87-1962818265
2019-11-15 03:52:23,157 [pool-149-thread-1] INFO  storage.RaftStorage (RaftStorage.java:format(84)) - Storage directory /workdir/hadoop-ozone/integration-test/target/test-dir/MiniOzoneClusterImpl-7bc5bb7c-5c55-4645-ae41-72269081a146/datanode-0/data/ratis/d8932cd0-37ae-4483-9a4f-3b732df8b222 has been successfully formatted.
2019-11-15 03:52:23,157 [pool-149-thread-1] INFO  ratis.ContainerStateMachine (ContainerStateMachine.java:loadSnapshot(223)) - group-3B732DF8B222: The snapshot info is null. Setting the last applied indexto:(t:0, i:~)
2019-11-15 03:52:23,158 [pool-149-thread-1] INFO  server.RaftServerConfigKeys (ConfUtils.java:logGet(43)) - raft.server.notification.no-leader.timeout = 120s (custom)
2019-11-15 03:52:23,158 [pool-149-thread-1] INFO  server.RaftServerConfigKeys (ConfUtils.java:logGet(43)) - raft.server.log.use.memory = false (default)
2019-11-15 03:52:23,158 [pool-149-thread-1] INFO  server.RaftServerConfigKeys (ConfUtils.java:logGet(43)) - raft.server.log.purge.gap = 1000000 (custom)
2019-11-15 03:52:23,158 [pool-149-thread-1] INFO  server.RaftServerConfigKeys (ConfUtils.java:logGet(43)) - raft.server.log.appender.buffer.byte-limit = 33554432 (custom)
2019-11-15 03:52:23,158 [pool-149-thread-1] INFO  server.RaftServerConfigKeys (ConfUtils.java:logGet(43)) - raft.server.log.segment.size.max = 1048576 (custom)
2019-11-15 03:52:23,158 [pool-149-thread-1] INFO  server.RaftServerConfigKeys (ConfUtils.java:logGet(43)) - raft.server.log.segment.cache.num.max = 2 (custom)
2019-11-15 03:52:23,158 [pool-149-thread-1] INFO  segmented.SegmentedRaftLogWorker (SegmentedRaftLogWorker.java:<init>(173)) - new b5c8e6ac-78cf-4415-8687-784dd9b9d9de@group-3B732DF8B222-SegmentedRaftLogWorker for RaftStorage:Storage Directory /workdir/hadoop-ozone/integration-test/target/test-dir/MiniOzoneClusterImpl-7bc5bb7c-5c55-4645-ae41-72269081a146/datanode-0/data/ratis/d8932cd0-37ae-4483-9a4f-3b732df8b222
2019-11-15 03:52:23,158 [pool-149-thread-1] INFO  server.RaftServerConfigKeys (ConfUtils.java:logGet(43)) - raft.server.log.queue.byte-limit = 2147483647 (custom)
2019-11-15 03:52:23,158 [pool-149-thread-1] INFO  server.RaftServerConfigKeys (ConfUtils.java:logGet(43)) - raft.server.log.queue.element-limit = 1024 (custom)
2019-11-15 03:52:23,158 [pool-149-thread-1] INFO  server.RaftServerConfigKeys (ConfUtils.java:logGet(43)) - raft.server.log.segment.size.max = 1048576 (custom)
2019-11-15 03:52:23,158 [pool-149-thread-1] INFO  server.RaftServerConfigKeys (ConfUtils.java:logGet(43)) - raft.server.log.preallocated.size = 16384 (custom)
2019-11-15 03:52:23,159 [pool-149-thread-1] INFO  server.RaftServerConfigKeys (ConfUtils.java:logGet(43)) - raft.server.log.write.buffer.size = 33554432 (custom)
2019-11-15 03:52:23,159 [pool-149-thread-1] INFO  server.RaftServerConfigKeys (ConfUtils.java:logGet(43)) - raft.server.log.force.sync.num = 128 (default)
2019-11-15 03:52:23,159 [pool-149-thread-1] INFO  server.RaftServerConfigKeys (ConfUtils.java:logGet(43)) - raft.server.log.statemachine.data.sync = true (default)
2019-11-15 03:52:23,159 [pool-149-thread-1] INFO  server.RaftServerConfigKeys (ConfUtils.java:logGet(43)) - raft.server.log.statemachine.data.sync.timeout = 10s (default)
2019-11-15 03:52:23,159 [pool-149-thread-1] INFO  server.RaftServerConfigKeys (ConfUtils.java:logGet(43)) - raft.server.log.statemachine.data.sync.timeout.retry = -1 (default)
2019-11-15 03:52:23,159 [pool-149-thread-1] INFO  server.RaftServerConfigKeys (ConfUtils.java:logGet(43)) - raft.server.log.statemachine.data.caching.enabled = true (custom)
2019-11-15 03:52:23,159 [pool-149-thread-1] INFO  segmented.SegmentedRaftLogWorker (SegmentedRaftLogWorker.java:lambda$new$0(128)) - b5c8e6ac-78cf-4415-8687-784dd9b9d9de@group-3B732DF8B222-SegmentedRaftLogWorker: flushIndex: setUnconditionally 0 -> -1
2019-11-15 03:52:23,159 [pool-149-thread-1] INFO  server.RaftServerConfigKeys (ConfUtils.java:logGet(43)) - raft.server.snapshot.auto.trigger.enabled = true (custom)
2019-11-15 03:52:23,159 [pool-149-thread-1] INFO  server.RaftServerConfigKeys (ConfUtils.java:logGet(43)) - raft.server.snapshot.auto.trigger.threshold = 10000 (custom)
2019-11-15 03:52:23,159 [pool-149-thread-1] INFO  server.RaftServerConfigKeys (ConfUtils.java:logGet(43)) - raft.server.snapshot.retention.file.num = 5 (custom)
2019-11-15 03:52:23,160 [pool-149-thread-1] INFO  server.RaftServerConfigKeys (ConfUtils.java:logGet(43)) - raft.server.retrycache.expirytime = 600000ms (custom)
2019-11-15 03:52:23,160 [pool-149-thread-1] WARN  impl.MetricRegistriesImpl (MetricRegistriesImpl.java:lambda$create$1(61)) - First MetricRegistry has been created without registering reporters. You may need to call MetricRegistries.global().addReportRegistration(...) before.
2019-11-15 03:52:23,160 [pool-149-thread-1] WARN  impl.MetricRegistriesImpl (MetricRegistriesImpl.java:lambda$create$1(61)) - First MetricRegistry has been created without registering reporters. You may need to call MetricRegistries.global().addReportRegistration(...) before.
2019-11-15 03:52:23,160 [pool-149-thread-1] INFO  impl.RaftServerImpl (RaftServerImpl.java:start(184)) - b5c8e6ac-78cf-4415-8687-784dd9b9d9de@group-3B732DF8B222: start as a follower, conf=-1: [b5c8e6ac-78cf-4415-8687-784dd9b9d9de:192.168.157.206:35928], old=null
2019-11-15 03:52:23,160 [pool-149-thread-1] INFO  impl.RaftServerImpl (RaftServerImpl.java:setRole(173)) - b5c8e6ac-78cf-4415-8687-784dd9b9d9de@group-3B732DF8B222: changes role from      null to FOLLOWER at term 0 for startAsFollower
2019-11-15 03:52:23,160 [pool-149-thread-1] INFO  impl.RoleInfo (RoleInfo.java:updateAndGet(143)) - b5c8e6ac-78cf-4415-8687-784dd9b9d9de: start FollowerState
2019-11-15 03:52:23,160 [pool-149-thread-1] INFO  util.JmxRegister (JmxRegister.java:tryRegister(44)) - Successfully registered JMX Bean with object name Ratis:service=RaftServer,group=group-3B732DF8B222,id=b5c8e6ac-78cf-4415-8687-784dd9b9d9de
2019-11-15 03:52:23,160 [pool-149-thread-1] WARN  impl.MetricRegistriesImpl (MetricRegistriesImpl.java:lambda$create$1(61)) - First MetricRegistry has been created without registering reporters. You may need to call MetricRegistries.global().addReportRegistration(...) before.
2019-11-15 03:52:23,162 [RatisPipelineUtilsThread] INFO  pipeline.PipelineStateManager (PipelineStateManager.java:addPipeline(55)) - Created pipeline Pipeline[ Id: d8932cd0-37ae-4483-9a4f-3b732df8b222, Nodes: b5c8e6ac-78cf-4415-8687-784dd9b9d9de{ip: 192.168.157.206, host: pr-hdds-2493-n7h87-1962818265, networkLocation: /rack1, certSerialId: null}, Type:RATIS, Factor:ONE, State:ALLOCATED]
2019-11-15 03:52:23,163 [Thread-1510] INFO  pipeline.PipelineStateManager (PipelineStateManager.java:finalizePipeline(121)) - Pipeline Pipeline[ Id: 95aa4ed6-4f99-4589-802f-0839d3b4da55, Nodes: 1f296aea-c4ef-4ad0-bd70-4536dedd0da2{ip: 192.168.157.206, host: pr-hdds-2493-n7h87-1962818265, networkLocation: /rack1, certSerialId: null}, Type:RATIS, Factor:ONE, State:CLOSED] moved to CLOSED state
2019-11-15 03:52:23,167 [grpc-default-executor-0] INFO  impl.RaftServerProxy (RaftServerProxy.java:remove(95)) - 1f296aea-c4ef-4ad0-bd70-4536dedd0da2: remove    LEADER 1f296aea-c4ef-4ad0-bd70-4536dedd0da2@group-0839D3B4DA55:t1, leader=1f296aea-c4ef-4ad0-bd70-4536dedd0da2, voted=1f296aea-c4ef-4ad0-bd70-4536dedd0da2, raftlog=1f296aea-c4ef-4ad0-bd70-4536dedd0da2@group-0839D3B4DA55-SegmentedRaftLog:OPENED:c0,f0,i0, conf=0: [1f296aea-c4ef-4ad0-bd70-4536dedd0da2:192.168.157.206:43123], old=null RUNNING
2019-11-15 03:52:23,167 [grpc-default-executor-0] INFO  impl.RaftServerImpl (RaftServerImpl.java:lambda$shutdown$3(250)) - 1f296aea-c4ef-4ad0-bd70-4536dedd0da2@group-0839D3B4DA55: shutdown
2019-11-15 03:52:23,167 [grpc-default-executor-0] INFO  util.JmxRegister (JmxRegister.java:unregister(73)) - Successfully un-registered JMX Bean with object name Ratis:service=RaftServer,group=group-0839D3B4DA55,id=1f296aea-c4ef-4ad0-bd70-4536dedd0da2
2019-11-15 03:52:23,167 [grpc-default-executor-0] INFO  impl.RoleInfo (RoleInfo.java:shutdownLeaderState(104)) - 1f296aea-c4ef-4ad0-bd70-4536dedd0da2: shutdown LeaderState
2019-11-15 03:52:23,167 [grpc-default-executor-0] INFO  impl.PendingRequests (PendingRequests.java:sendNotLeaderResponses(206)) - 1f296aea-c4ef-4ad0-bd70-4536dedd0da2@group-0839D3B4DA55-PendingRequests: sendNotLeaderResponses
2019-11-15 03:52:23,168 [grpc-default-executor-0] INFO  impl.StateMachineUpdater (StateMachineUpdater.java:stopAndJoin(136)) - 1f296aea-c4ef-4ad0-bd70-4536dedd0da2@group-0839D3B4DA55-StateMachineUpdater: set stopIndex = 0
2019-11-15 03:52:23,168 [grpc-default-executor-0] INFO  impl.RaftServerImpl (ServerState.java:close(387)) - 1f296aea-c4ef-4ad0-bd70-4536dedd0da2@group-0839D3B4DA55: closes. applyIndex: 0
2019-11-15 03:52:23,168 [1f296aea-c4ef-4ad0-bd70-4536dedd0da2@group-0839D3B4DA55-SegmentedRaftLogWorker] INFO  segmented.SegmentedRaftLogWorker (SegmentedRaftLogWorker.java:run(316)) - 1f296aea-c4ef-4ad0-bd70-4536dedd0da2@group-0839D3B4DA55-SegmentedRaftLogWorker was interrupted, exiting. There are 0 tasks remaining in the queue.
2019-11-15 03:52:23,169 [grpc-default-executor-0] INFO  segmented.SegmentedRaftLogWorker (SegmentedRaftLogWorker.java:close(224)) - 1f296aea-c4ef-4ad0-bd70-4536dedd0da2@group-0839D3B4DA55-SegmentedRaftLogWorker close()
2019-11-15 03:52:23,173 [Thread-1510] INFO  pipeline.PipelineStateManager (PipelineStateManager.java:removePipeline(106)) - Pipeline Pipeline[ Id: 95aa4ed6-4f99-4589-802f-0839d3b4da55, Nodes: 1f296aea-c4ef-4ad0-bd70-4536dedd0da2{ip: 192.168.157.206, host: pr-hdds-2493-n7h87-1962818265, networkLocation: /rack1, certSerialId: null}, Type:RATIS, Factor:ONE, State:CLOSED] removed from db
2019-11-15 03:52:23,174 [Thread-1510] INFO  pipeline.SCMPipelineManager (SCMPipelineManager.java:finalizeAndDestroyPipeline(315)) - destroying pipeline:Pipeline[ Id: 06d4ff4a-9ea6-4e46-b6f7-932abe650c5d, Nodes: 210c69a5-373c-4b50-aa91-938bcd06c3c6{ip: 192.168.157.206, host: pr-hdds-2493-n7h87-1962818265, networkLocation: /rack1, certSerialId: null}, Type:RATIS, Factor:ONE, State:OPEN]
2019-11-15 03:52:23,176 [grpc-default-executor-0] INFO  impl.RaftServerProxy (RaftServerProxy.java:addNew(89)) - 1f296aea-c4ef-4ad0-bd70-4536dedd0da2: addNew group-95B46214243D:[1f296aea-c4ef-4ad0-bd70-4536dedd0da2:192.168.157.206:43123] returns group-95B46214243D:java.util.concurrent.CompletableFuture@3e373ad9[Not completed]
2019-11-15 03:52:23,178 [pool-219-thread-1] INFO  impl.RaftServerImpl (RaftServerImpl.java:<init>(98)) - 1f296aea-c4ef-4ad0-bd70-4536dedd0da2: new RaftServerImpl for group-95B46214243D:[1f296aea-c4ef-4ad0-bd70-4536dedd0da2:192.168.157.206:43123] with ContainerStateMachine:uninitialized
2019-11-15 03:52:23,178 [pool-219-thread-1] INFO  server.RaftServerConfigKeys (ConfUtils.java:logGet(43)) - raft.server.rpc.timeout.min = 1s (custom)
2019-11-15 03:52:23,178 [pool-219-thread-1] INFO  server.RaftServerConfigKeys (ConfUtils.java:logGet(43)) - raft.server.rpc.timeout.max = 1200ms (custom)
2019-11-15 03:52:23,178 [pool-219-thread-1] INFO  server.RaftServerConfigKeys (ConfUtils.java:logGet(43)) - raft.server.rpcslowness.timeout = 120s (custom)
2019-11-15 03:52:23,178 [pool-219-thread-1] INFO  server.RaftServerConfigKeys (ConfUtils.java:logGet(43)) - raft.server.sleep.deviation.threshold = 300 (default)
2019-11-15 03:52:23,178 [pool-219-thread-1] INFO  server.RaftServerConfigKeys (ConfUtils.java:logGet(43)) - raft.server.log.appender.install.snapshot.enabled = false (custom)
2019-11-15 03:52:23,179 [pool-219-thread-1] INFO  impl.RaftServerImpl (ServerState.java:<init>(103)) - 1f296aea-c4ef-4ad0-bd70-4536dedd0da2@group-95B46214243D: ConfigurationManager, init=-1: [1f296aea-c4ef-4ad0-bd70-4536dedd0da2:192.168.157.206:43123], old=null, confs=<EMPTY_MAP>
2019-11-15 03:52:23,179 [pool-219-thread-1] INFO  server.RaftServerConfigKeys (ConfUtils.java:logGet(43)) - raft.server.storage.dir = [/workdir/hadoop-ozone/integration-test/target/test-dir/MiniOzoneClusterImpl-7bc5bb7c-5c55-4645-ae41-72269081a146/datanode-7/data/ratis] (custom)
2019-11-15 03:52:23,179 [pool-219-thread-1] INFO  server.RaftServerConfigKeys (ConfUtils.java:logGet(43)) - raft.server.log.corruption.policy = EXCEPTION (default)
2019-11-15 03:52:23,179 [pool-219-thread-1] INFO  storage.RaftStorageDirectory (RaftStorageDirectory.java:analyzeStorage(246)) - The storage directory /workdir/hadoop-ozone/integration-test/target/test-dir/MiniOzoneClusterImpl-7bc5bb7c-5c55-4645-ae41-72269081a146/datanode-7/data/ratis/3b5ee69a-58c7-40d0-b86c-95b46214243d does not exist. Creating ...
2019-11-15 03:52:23,195 [pool-219-thread-1] INFO  storage.RaftStorageDirectory (RaftStorageDirectory.java:tryLock(328)) - Lock on /workdir/hadoop-ozone/integration-test/target/test-dir/MiniOzoneClusterImpl-7bc5bb7c-5c55-4645-ae41-72269081a146/datanode-7/data/ratis/3b5ee69a-58c7-40d0-b86c-95b46214243d/in_use.lock acquired by nodename 11002@pr-hdds-2493-n7h87-1962818265
2019-11-15 03:52:23,214 [pool-219-thread-1] INFO  storage.RaftStorage (RaftStorage.java:format(84)) - Storage directory /workdir/hadoop-ozone/integration-test/target/test-dir/MiniOzoneClusterImpl-7bc5bb7c-5c55-4645-ae41-72269081a146/datanode-7/data/ratis/3b5ee69a-58c7-40d0-b86c-95b46214243d has been successfully formatted.
2019-11-15 03:52:23,214 [pool-219-thread-1] INFO  ratis.ContainerStateMachine (ContainerStateMachine.java:loadSnapshot(223)) - group-95B46214243D: The snapshot info is null. Setting the last applied indexto:(t:0, i:~)
2019-11-15 03:52:23,214 [pool-219-thread-1] INFO  server.RaftServerConfigKeys (ConfUtils.java:logGet(43)) - raft.server.notification.no-leader.timeout = 120s (custom)
2019-11-15 03:52:23,214 [pool-219-thread-1] INFO  server.RaftServerConfigKeys (ConfUtils.java:logGet(43)) - raft.server.log.use.memory = false (default)
2019-11-15 03:52:23,215 [pool-219-thread-1] INFO  server.RaftServerConfigKeys (ConfUtils.java:logGet(43)) - raft.server.log.purge.gap = 1000000 (custom)
2019-11-15 03:52:23,215 [pool-219-thread-1] INFO  server.RaftServerConfigKeys (ConfUtils.java:logGet(43)) - raft.server.log.appender.buffer.byte-limit = 33554432 (custom)
2019-11-15 03:52:23,215 [pool-219-thread-1] INFO  server.RaftServerConfigKeys (ConfUtils.java:logGet(43)) - raft.server.log.segment.size.max = 1048576 (custom)
2019-11-15 03:52:23,215 [pool-219-thread-1] INFO  server.RaftServerConfigKeys (ConfUtils.java:logGet(43)) - raft.server.log.segment.cache.num.max = 2 (custom)
2019-11-15 03:52:23,215 [pool-219-thread-1] INFO  segmented.SegmentedRaftLogWorker (SegmentedRaftLogWorker.java:<init>(173)) - new 1f296aea-c4ef-4ad0-bd70-4536dedd0da2@group-95B46214243D-SegmentedRaftLogWorker for RaftStorage:Storage Directory /workdir/hadoop-ozone/integration-test/target/test-dir/MiniOzoneClusterImpl-7bc5bb7c-5c55-4645-ae41-72269081a146/datanode-7/data/ratis/3b5ee69a-58c7-40d0-b86c-95b46214243d
2019-11-15 03:52:23,215 [pool-219-thread-1] INFO  server.RaftServerConfigKeys (ConfUtils.java:logGet(43)) - raft.server.log.queue.byte-limit = 2147483647 (custom)
2019-11-15 03:52:23,215 [pool-219-thread-1] INFO  server.RaftServerConfigKeys (ConfUtils.java:logGet(43)) - raft.server.log.queue.element-limit = 1024 (custom)
2019-11-15 03:52:23,215 [pool-219-thread-1] INFO  server.RaftServerConfigKeys (ConfUtils.java:logGet(43)) - raft.server.log.segment.size.max = 1048576 (custom)
2019-11-15 03:52:23,215 [pool-219-thread-1] INFO  server.RaftServerConfigKeys (ConfUtils.java:logGet(43)) - raft.server.log.preallocated.size = 16384 (custom)
2019-11-15 03:52:23,215 [pool-219-thread-1] INFO  server.RaftServerConfigKeys (ConfUtils.java:logGet(43)) - raft.server.log.write.buffer.size = 33554432 (custom)
2019-11-15 03:52:23,215 [pool-219-thread-1] INFO  server.RaftServerConfigKeys (ConfUtils.java:logGet(43)) - raft.server.log.force.sync.num = 128 (default)
2019-11-15 03:52:23,215 [pool-219-thread-1] INFO  server.RaftServerConfigKeys (ConfUtils.java:logGet(43)) - raft.server.log.statemachine.data.sync = true (default)
2019-11-15 03:52:23,215 [pool-219-thread-1] INFO  server.RaftServerConfigKeys (ConfUtils.java:logGet(43)) - raft.server.log.statemachine.data.sync.timeout = 10s (default)
2019-11-15 03:52:23,216 [pool-219-thread-1] INFO  server.RaftServerConfigKeys (ConfUtils.java:logGet(43)) - raft.server.log.statemachine.data.sync.timeout.retry = -1 (default)
2019-11-15 03:52:23,216 [pool-219-thread-1] INFO  server.RaftServerConfigKeys (ConfUtils.java:logGet(43)) - raft.server.log.statemachine.data.caching.enabled = true (custom)
2019-11-15 03:52:23,216 [pool-219-thread-1] INFO  segmented.SegmentedRaftLogWorker (SegmentedRaftLogWorker.java:lambda$new$0(128)) - 1f296aea-c4ef-4ad0-bd70-4536dedd0da2@group-95B46214243D-SegmentedRaftLogWorker: flushIndex: setUnconditionally 0 -> -1
2019-11-15 03:52:23,216 [pool-219-thread-1] INFO  server.RaftServerConfigKeys (ConfUtils.java:logGet(43)) - raft.server.snapshot.auto.trigger.enabled = true (custom)
2019-11-15 03:52:23,216 [pool-219-thread-1] INFO  server.RaftServerConfigKeys (ConfUtils.java:logGet(43)) - raft.server.snapshot.auto.trigger.threshold = 10000 (custom)
2019-11-15 03:52:23,216 [pool-219-thread-1] INFO  server.RaftServerConfigKeys (ConfUtils.java:logGet(43)) - raft.server.snapshot.retention.file.num = 5 (custom)
2019-11-15 03:52:23,216 [pool-219-thread-1] INFO  server.RaftServerConfigKeys (ConfUtils.java:logGet(43)) - raft.server.retrycache.expirytime = 600000ms (custom)
2019-11-15 03:52:23,216 [pool-219-thread-1] WARN  impl.MetricRegistriesImpl (MetricRegistriesImpl.java:lambda$create$1(61)) - First MetricRegistry has been created without registering reporters. You may need to call MetricRegistries.global().addReportRegistration(...) before.
2019-11-15 03:52:23,216 [pool-219-thread-1] WARN  impl.MetricRegistriesImpl (MetricRegistriesImpl.java:lambda$create$1(61)) - First MetricRegistry has been created without registering reporters. You may need to call MetricRegistries.global().addReportRegistration(...) before.
2019-11-15 03:52:23,217 [pool-219-thread-1] INFO  impl.RaftServerImpl (RaftServerImpl.java:start(184)) - 1f296aea-c4ef-4ad0-bd70-4536dedd0da2@group-95B46214243D: start as a follower, conf=-1: [1f296aea-c4ef-4ad0-bd70-4536dedd0da2:192.168.157.206:43123], old=null
2019-11-15 03:52:23,217 [pool-219-thread-1] INFO  impl.RaftServerImpl (RaftServerImpl.java:setRole(173)) - 1f296aea-c4ef-4ad0-bd70-4536dedd0da2@group-95B46214243D: changes role from      null to FOLLOWER at term 0 for startAsFollower
2019-11-15 03:52:23,217 [pool-219-thread-1] INFO  impl.RoleInfo (RoleInfo.java:updateAndGet(143)) - 1f296aea-c4ef-4ad0-bd70-4536dedd0da2: start FollowerState
2019-11-15 03:52:23,217 [pool-219-thread-1] INFO  util.JmxRegister (JmxRegister.java:tryRegister(44)) - Successfully registered JMX Bean with object name Ratis:service=RaftServer,group=group-95B46214243D,id=1f296aea-c4ef-4ad0-bd70-4536dedd0da2
2019-11-15 03:52:23,217 [pool-219-thread-1] WARN  impl.MetricRegistriesImpl (MetricRegistriesImpl.java:lambda$create$1(61)) - First MetricRegistry has been created without registering reporters. You may need to call MetricRegistries.global().addReportRegistration(...) before.
2019-11-15 03:52:23,219 [RatisPipelineUtilsThread] INFO  pipeline.PipelineStateManager (PipelineStateManager.java:addPipeline(55)) - Created pipeline Pipeline[ Id: 3b5ee69a-58c7-40d0-b86c-95b46214243d, Nodes: 1f296aea-c4ef-4ad0-bd70-4536dedd0da2{ip: 192.168.157.206, host: pr-hdds-2493-n7h87-1962818265, networkLocation: /rack1, certSerialId: null}, Type:RATIS, Factor:ONE, State:ALLOCATED]
2019-11-15 03:52:23,220 [Thread-1510] INFO  pipeline.PipelineStateManager (PipelineStateManager.java:finalizePipeline(121)) - Pipeline Pipeline[ Id: 06d4ff4a-9ea6-4e46-b6f7-932abe650c5d, Nodes: 210c69a5-373c-4b50-aa91-938bcd06c3c6{ip: 192.168.157.206, host: pr-hdds-2493-n7h87-1962818265, networkLocation: /rack1, certSerialId: null}, Type:RATIS, Factor:ONE, State:CLOSED] moved to CLOSED state
2019-11-15 03:52:23,223 [grpc-default-executor-0] INFO  impl.RaftServerProxy (RaftServerProxy.java:remove(95)) - 210c69a5-373c-4b50-aa91-938bcd06c3c6: remove    LEADER 210c69a5-373c-4b50-aa91-938bcd06c3c6@group-932ABE650C5D:t1, leader=210c69a5-373c-4b50-aa91-938bcd06c3c6, voted=210c69a5-373c-4b50-aa91-938bcd06c3c6, raftlog=210c69a5-373c-4b50-aa91-938bcd06c3c6@group-932ABE650C5D-SegmentedRaftLog:OPENED:c0,f0,i0, conf=0: [210c69a5-373c-4b50-aa91-938bcd06c3c6:192.168.157.206:43947], old=null RUNNING
2019-11-15 03:52:23,223 [grpc-default-executor-0] INFO  impl.RaftServerImpl (RaftServerImpl.java:lambda$shutdown$3(250)) - 210c69a5-373c-4b50-aa91-938bcd06c3c6@group-932ABE650C5D: shutdown
2019-11-15 03:52:23,223 [grpc-default-executor-0] INFO  util.JmxRegister (JmxRegister.java:unregister(73)) - Successfully un-registered JMX Bean with object name Ratis:service=RaftServer,group=group-932ABE650C5D,id=210c69a5-373c-4b50-aa91-938bcd06c3c6
2019-11-15 03:52:23,223 [grpc-default-executor-0] INFO  impl.RoleInfo (RoleInfo.java:shutdownLeaderState(104)) - 210c69a5-373c-4b50-aa91-938bcd06c3c6: shutdown LeaderState
2019-11-15 03:52:23,223 [grpc-default-executor-0] INFO  impl.PendingRequests (PendingRequests.java:sendNotLeaderResponses(206)) - 210c69a5-373c-4b50-aa91-938bcd06c3c6@group-932ABE650C5D-PendingRequests: sendNotLeaderResponses
2019-11-15 03:52:23,224 [grpc-default-executor-0] INFO  impl.StateMachineUpdater (StateMachineUpdater.java:stopAndJoin(136)) - 210c69a5-373c-4b50-aa91-938bcd06c3c6@group-932ABE650C5D-StateMachineUpdater: set stopIndex = 0
2019-11-15 03:52:23,224 [grpc-default-executor-0] INFO  impl.RaftServerImpl (ServerState.java:close(387)) - 210c69a5-373c-4b50-aa91-938bcd06c3c6@group-932ABE650C5D: closes. applyIndex: 0
2019-11-15 03:52:23,224 [210c69a5-373c-4b50-aa91-938bcd06c3c6@group-932ABE650C5D-SegmentedRaftLogWorker] INFO  segmented.SegmentedRaftLogWorker (SegmentedRaftLogWorker.java:run(316)) - 210c69a5-373c-4b50-aa91-938bcd06c3c6@group-932ABE650C5D-SegmentedRaftLogWorker was interrupted, exiting. There are 0 tasks remaining in the queue.
2019-11-15 03:52:23,224 [grpc-default-executor-0] INFO  segmented.SegmentedRaftLogWorker (SegmentedRaftLogWorker.java:close(224)) - 210c69a5-373c-4b50-aa91-938bcd06c3c6@group-932ABE650C5D-SegmentedRaftLogWorker close()
2019-11-15 03:52:23,229 [Thread-1510] INFO  pipeline.PipelineStateManager (PipelineStateManager.java:removePipeline(106)) - Pipeline Pipeline[ Id: 06d4ff4a-9ea6-4e46-b6f7-932abe650c5d, Nodes: 210c69a5-373c-4b50-aa91-938bcd06c3c6{ip: 192.168.157.206, host: pr-hdds-2493-n7h87-1962818265, networkLocation: /rack1, certSerialId: null}, Type:RATIS, Factor:ONE, State:CLOSED] removed from db
2019-11-15 03:52:23,229 [Thread-1510] INFO  pipeline.SCMPipelineManager (SCMPipelineManager.java:finalizeAndDestroyPipeline(315)) - destroying pipeline:Pipeline[ Id: ef596d84-d699-4c21-9279-750ec2b630bb, Nodes: 09eef956-613c-46b0-8e56-22120e832e77{ip: 192.168.157.206, host: pr-hdds-2493-n7h87-1962818265, networkLocation: /rack1, certSerialId: null}, Type:RATIS, Factor:ONE, State:OPEN]
2019-11-15 03:52:23,232 [grpc-default-executor-0] INFO  impl.RaftServerProxy (RaftServerProxy.java:addNew(89)) - 210c69a5-373c-4b50-aa91-938bcd06c3c6: addNew group-2AD0BAFC8731:[210c69a5-373c-4b50-aa91-938bcd06c3c6:192.168.157.206:43947] returns group-2AD0BAFC8731:java.util.concurrent.CompletableFuture@6cef7670[Not completed]
2019-11-15 03:52:23,233 [pool-229-thread-1] INFO  impl.RaftServerImpl (RaftServerImpl.java:<init>(98)) - 210c69a5-373c-4b50-aa91-938bcd06c3c6: new RaftServerImpl for group-2AD0BAFC8731:[210c69a5-373c-4b50-aa91-938bcd06c3c6:192.168.157.206:43947] with ContainerStateMachine:uninitialized
2019-11-15 03:52:23,233 [pool-229-thread-1] INFO  server.RaftServerConfigKeys (ConfUtils.java:logGet(43)) - raft.server.rpc.timeout.min = 1s (custom)
2019-11-15 03:52:23,233 [pool-229-thread-1] INFO  server.RaftServerConfigKeys (ConfUtils.java:logGet(43)) - raft.server.rpc.timeout.max = 1200ms (custom)
2019-11-15 03:52:23,233 [pool-229-thread-1] INFO  server.RaftServerConfigKeys (ConfUtils.java:logGet(43)) - raft.server.rpcslowness.timeout = 120s (custom)
2019-11-15 03:52:23,233 [pool-229-thread-1] INFO  server.RaftServerConfigKeys (ConfUtils.java:logGet(43)) - raft.server.sleep.deviation.threshold = 300 (default)
2019-11-15 03:52:23,233 [pool-229-thread-1] INFO  server.RaftServerConfigKeys (ConfUtils.java:logGet(43)) - raft.server.log.appender.install.snapshot.enabled = false (custom)
2019-11-15 03:52:23,233 [pool-229-thread-1] INFO  impl.RaftServerImpl (ServerState.java:<init>(103)) - 210c69a5-373c-4b50-aa91-938bcd06c3c6@group-2AD0BAFC8731: ConfigurationManager, init=-1: [210c69a5-373c-4b50-aa91-938bcd06c3c6:192.168.157.206:43947], old=null, confs=<EMPTY_MAP>
2019-11-15 03:52:23,233 [pool-229-thread-1] INFO  server.RaftServerConfigKeys (ConfUtils.java:logGet(43)) - raft.server.storage.dir = [/workdir/hadoop-ozone/integration-test/target/test-dir/MiniOzoneClusterImpl-7bc5bb7c-5c55-4645-ae41-72269081a146/datanode-8/data/ratis] (custom)
2019-11-15 03:52:23,233 [pool-229-thread-1] INFO  server.RaftServerConfigKeys (ConfUtils.java:logGet(43)) - raft.server.log.corruption.policy = EXCEPTION (default)
2019-11-15 03:52:23,233 [pool-229-thread-1] INFO  storage.RaftStorageDirectory (RaftStorageDirectory.java:analyzeStorage(246)) - The storage directory /workdir/hadoop-ozone/integration-test/target/test-dir/MiniOzoneClusterImpl-7bc5bb7c-5c55-4645-ae41-72269081a146/datanode-8/data/ratis/b0b2fc4a-ad4a-46d8-b2fc-2ad0bafc8731 does not exist. Creating ...
2019-11-15 03:52:23,249 [pool-229-thread-1] INFO  storage.RaftStorageDirectory (RaftStorageDirectory.java:tryLock(328)) - Lock on /workdir/hadoop-ozone/integration-test/target/test-dir/MiniOzoneClusterImpl-7bc5bb7c-5c55-4645-ae41-72269081a146/datanode-8/data/ratis/b0b2fc4a-ad4a-46d8-b2fc-2ad0bafc8731/in_use.lock acquired by nodename 11002@pr-hdds-2493-n7h87-1962818265
2019-11-15 03:52:23,274 [pool-229-thread-1] INFO  storage.RaftStorage (RaftStorage.java:format(84)) - Storage directory /workdir/hadoop-ozone/integration-test/target/test-dir/MiniOzoneClusterImpl-7bc5bb7c-5c55-4645-ae41-72269081a146/datanode-8/data/ratis/b0b2fc4a-ad4a-46d8-b2fc-2ad0bafc8731 has been successfully formatted.
2019-11-15 03:52:23,274 [pool-229-thread-1] INFO  ratis.ContainerStateMachine (ContainerStateMachine.java:loadSnapshot(223)) - group-2AD0BAFC8731: The snapshot info is null. Setting the last applied indexto:(t:0, i:~)
2019-11-15 03:52:23,274 [pool-229-thread-1] INFO  server.RaftServerConfigKeys (ConfUtils.java:logGet(43)) - raft.server.notification.no-leader.timeout = 120s (custom)
2019-11-15 03:52:23,274 [pool-229-thread-1] INFO  server.RaftServerConfigKeys (ConfUtils.java:logGet(43)) - raft.server.log.use.memory = false (default)
2019-11-15 03:52:23,274 [pool-229-thread-1] INFO  server.RaftServerConfigKeys (ConfUtils.java:logGet(43)) - raft.server.log.purge.gap = 1000000 (custom)
2019-11-15 03:52:23,274 [pool-229-thread-1] INFO  server.RaftServerConfigKeys (ConfUtils.java:logGet(43)) - raft.server.log.appender.buffer.byte-limit = 33554432 (custom)
2019-11-15 03:52:23,274 [pool-229-thread-1] INFO  server.RaftServerConfigKeys (ConfUtils.java:logGet(43)) - raft.server.log.segment.size.max = 1048576 (custom)
2019-11-15 03:52:23,274 [pool-229-thread-1] INFO  server.RaftServerConfigKeys (ConfUtils.java:logGet(43)) - raft.server.log.segment.cache.num.max = 2 (custom)
2019-11-15 03:52:23,275 [pool-229-thread-1] INFO  segmented.SegmentedRaftLogWorker (SegmentedRaftLogWorker.java:<init>(173)) - new 210c69a5-373c-4b50-aa91-938bcd06c3c6@group-2AD0BAFC8731-SegmentedRaftLogWorker for RaftStorage:Storage Directory /workdir/hadoop-ozone/integration-test/target/test-dir/MiniOzoneClusterImpl-7bc5bb7c-5c55-4645-ae41-72269081a146/datanode-8/data/ratis/b0b2fc4a-ad4a-46d8-b2fc-2ad0bafc8731
2019-11-15 03:52:23,275 [pool-229-thread-1] INFO  server.RaftServerConfigKeys (ConfUtils.java:logGet(43)) - raft.server.log.queue.byte-limit = 2147483647 (custom)
2019-11-15 03:52:23,275 [pool-229-thread-1] INFO  server.RaftServerConfigKeys (ConfUtils.java:logGet(43)) - raft.server.log.queue.element-limit = 1024 (custom)
2019-11-15 03:52:23,275 [pool-229-thread-1] INFO  server.RaftServerConfigKeys (ConfUtils.java:logGet(43)) - raft.server.log.segment.size.max = 1048576 (custom)
2019-11-15 03:52:23,275 [pool-229-thread-1] INFO  server.RaftServerConfigKeys (ConfUtils.java:logGet(43)) - raft.server.log.preallocated.size = 16384 (custom)
2019-11-15 03:52:23,275 [pool-229-thread-1] INFO  server.RaftServerConfigKeys (ConfUtils.java:logGet(43)) - raft.server.log.write.buffer.size = 33554432 (custom)
2019-11-15 03:52:23,275 [pool-229-thread-1] INFO  server.RaftServerConfigKeys (ConfUtils.java:logGet(43)) - raft.server.log.force.sync.num = 128 (default)
2019-11-15 03:52:23,275 [pool-229-thread-1] INFO  server.RaftServerConfigKeys (ConfUtils.java:logGet(43)) - raft.server.log.statemachine.data.sync = true (default)
2019-11-15 03:52:23,275 [pool-229-thread-1] INFO  server.RaftServerConfigKeys (ConfUtils.java:logGet(43)) - raft.server.log.statemachine.data.sync.timeout = 10s (default)
2019-11-15 03:52:23,275 [pool-229-thread-1] INFO  server.RaftServerConfigKeys (ConfUtils.java:logGet(43)) - raft.server.log.statemachine.data.sync.timeout.retry = -1 (default)
2019-11-15 03:52:23,275 [pool-229-thread-1] INFO  server.RaftServerConfigKeys (ConfUtils.java:logGet(43)) - raft.server.log.statemachine.data.caching.enabled = true (custom)
2019-11-15 03:52:23,275 [pool-229-thread-1] INFO  segmented.SegmentedRaftLogWorker (SegmentedRaftLogWorker.java:lambda$new$0(128)) - 210c69a5-373c-4b50-aa91-938bcd06c3c6@group-2AD0BAFC8731-SegmentedRaftLogWorker: flushIndex: setUnconditionally 0 -> -1
2019-11-15 03:52:23,276 [pool-229-thread-1] INFO  server.RaftServerConfigKeys (ConfUtils.java:logGet(43)) - raft.server.snapshot.auto.trigger.enabled = true (custom)
2019-11-15 03:52:23,276 [pool-229-thread-1] INFO  server.RaftServerConfigKeys (ConfUtils.java:logGet(43)) - raft.server.snapshot.auto.trigger.threshold = 10000 (custom)
2019-11-15 03:52:23,276 [pool-229-thread-1] INFO  server.RaftServerConfigKeys (ConfUtils.java:logGet(43)) - raft.server.snapshot.retention.file.num = 5 (custom)
2019-11-15 03:52:23,276 [pool-229-thread-1] INFO  server.RaftServerConfigKeys (ConfUtils.java:logGet(43)) - raft.server.retrycache.expirytime = 600000ms (custom)
2019-11-15 03:52:23,276 [pool-229-thread-1] WARN  impl.MetricRegistriesImpl (MetricRegistriesImpl.java:lambda$create$1(61)) - First MetricRegistry has been created without registering reporters. You may need to call MetricRegistries.global().addReportRegistration(...) before.
2019-11-15 03:52:23,276 [pool-229-thread-1] WARN  impl.MetricRegistriesImpl (MetricRegistriesImpl.java:lambda$create$1(61)) - First MetricRegistry has been created without registering reporters. You may need to call MetricRegistries.global().addReportRegistration(...) before.
2019-11-15 03:52:23,276 [pool-229-thread-1] INFO  impl.RaftServerImpl (RaftServerImpl.java:start(184)) - 210c69a5-373c-4b50-aa91-938bcd06c3c6@group-2AD0BAFC8731: start as a follower, conf=-1: [210c69a5-373c-4b50-aa91-938bcd06c3c6:192.168.157.206:43947], old=null
2019-11-15 03:52:23,276 [pool-229-thread-1] INFO  impl.RaftServerImpl (RaftServerImpl.java:setRole(173)) - 210c69a5-373c-4b50-aa91-938bcd06c3c6@group-2AD0BAFC8731: changes role from      null to FOLLOWER at term 0 for startAsFollower
2019-11-15 03:52:23,276 [pool-229-thread-1] INFO  impl.RoleInfo (RoleInfo.java:updateAndGet(143)) - 210c69a5-373c-4b50-aa91-938bcd06c3c6: start FollowerState
2019-11-15 03:52:23,277 [pool-229-thread-1] INFO  util.JmxRegister (JmxRegister.java:tryRegister(44)) - Successfully registered JMX Bean with object name Ratis:service=RaftServer,group=group-2AD0BAFC8731,id=210c69a5-373c-4b50-aa91-938bcd06c3c6
2019-11-15 03:52:23,277 [pool-229-thread-1] WARN  impl.MetricRegistriesImpl (MetricRegistriesImpl.java:lambda$create$1(61)) - First MetricRegistry has been created without registering reporters. You may need to call MetricRegistries.global().addReportRegistration(...) before.
2019-11-15 03:52:23,279 [RatisPipelineUtilsThread] INFO  pipeline.PipelineStateManager (PipelineStateManager.java:addPipeline(55)) - Created pipeline Pipeline[ Id: b0b2fc4a-ad4a-46d8-b2fc-2ad0bafc8731, Nodes: 210c69a5-373c-4b50-aa91-938bcd06c3c6{ip: 192.168.157.206, host: pr-hdds-2493-n7h87-1962818265, networkLocation: /rack1, certSerialId: null}, Type:RATIS, Factor:ONE, State:ALLOCATED]
2019-11-15 03:52:23,279 [Thread-1510] INFO  pipeline.PipelineStateManager (PipelineStateManager.java:finalizePipeline(121)) - Pipeline Pipeline[ Id: ef596d84-d699-4c21-9279-750ec2b630bb, Nodes: 09eef956-613c-46b0-8e56-22120e832e77{ip: 192.168.157.206, host: pr-hdds-2493-n7h87-1962818265, networkLocation: /rack1, certSerialId: null}, Type:RATIS, Factor:ONE, State:CLOSED] moved to CLOSED state
2019-11-15 03:52:23,282 [grpc-default-executor-0] INFO  impl.RaftServerProxy (RaftServerProxy.java:remove(95)) - 09eef956-613c-46b0-8e56-22120e832e77: remove    LEADER 09eef956-613c-46b0-8e56-22120e832e77@group-750EC2B630BB:t1, leader=09eef956-613c-46b0-8e56-22120e832e77, voted=09eef956-613c-46b0-8e56-22120e832e77, raftlog=09eef956-613c-46b0-8e56-22120e832e77@group-750EC2B630BB-SegmentedRaftLog:OPENED:c0,f0,i0, conf=0: [09eef956-613c-46b0-8e56-22120e832e77:192.168.157.206:45763], old=null RUNNING
2019-11-15 03:52:23,282 [grpc-default-executor-0] INFO  impl.RaftServerImpl (RaftServerImpl.java:lambda$shutdown$3(250)) - 09eef956-613c-46b0-8e56-22120e832e77@group-750EC2B630BB: shutdown
2019-11-15 03:52:23,282 [grpc-default-executor-0] INFO  util.JmxRegister (JmxRegister.java:unregister(73)) - Successfully un-registered JMX Bean with object name Ratis:service=RaftServer,group=group-750EC2B630BB,id=09eef956-613c-46b0-8e56-22120e832e77
2019-11-15 03:52:23,282 [grpc-default-executor-0] INFO  impl.RoleInfo (RoleInfo.java:shutdownLeaderState(104)) - 09eef956-613c-46b0-8e56-22120e832e77: shutdown LeaderState
2019-11-15 03:52:23,283 [grpc-default-executor-0] INFO  impl.PendingRequests (PendingRequests.java:sendNotLeaderResponses(206)) - 09eef956-613c-46b0-8e56-22120e832e77@group-750EC2B630BB-PendingRequests: sendNotLeaderResponses
2019-11-15 03:52:23,283 [grpc-default-executor-0] INFO  impl.StateMachineUpdater (StateMachineUpdater.java:stopAndJoin(136)) - 09eef956-613c-46b0-8e56-22120e832e77@group-750EC2B630BB-StateMachineUpdater: set stopIndex = 0
2019-11-15 03:52:23,283 [grpc-default-executor-0] INFO  impl.RaftServerImpl (ServerState.java:close(387)) - 09eef956-613c-46b0-8e56-22120e832e77@group-750EC2B630BB: closes. applyIndex: 0
2019-11-15 03:52:23,283 [09eef956-613c-46b0-8e56-22120e832e77@group-750EC2B630BB-SegmentedRaftLogWorker] INFO  segmented.SegmentedRaftLogWorker (SegmentedRaftLogWorker.java:run(316)) - 09eef956-613c-46b0-8e56-22120e832e77@group-750EC2B630BB-SegmentedRaftLogWorker was interrupted, exiting. There are 0 tasks remaining in the queue.
2019-11-15 03:52:23,283 [grpc-default-executor-0] INFO  segmented.SegmentedRaftLogWorker (SegmentedRaftLogWorker.java:close(224)) - 09eef956-613c-46b0-8e56-22120e832e77@group-750EC2B630BB-SegmentedRaftLogWorker close()
2019-11-15 03:52:23,288 [Thread-1510] INFO  pipeline.PipelineStateManager (PipelineStateManager.java:removePipeline(106)) - Pipeline Pipeline[ Id: ef596d84-d699-4c21-9279-750ec2b630bb, Nodes: 09eef956-613c-46b0-8e56-22120e832e77{ip: 192.168.157.206, host: pr-hdds-2493-n7h87-1962818265, networkLocation: /rack1, certSerialId: null}, Type:RATIS, Factor:ONE, State:CLOSED] removed from db
2019-11-15 03:52:23,290 [grpc-default-executor-0] INFO  impl.RaftServerProxy (RaftServerProxy.java:addNew(89)) - 09eef956-613c-46b0-8e56-22120e832e77: addNew group-260154C42E13:[09eef956-613c-46b0-8e56-22120e832e77:192.168.157.206:45763] returns group-260154C42E13:java.util.concurrent.CompletableFuture@1e3b1e4c[Not completed]
2019-11-15 03:52:23,291 [pool-159-thread-1] INFO  impl.RaftServerImpl (RaftServerImpl.java:<init>(98)) - 09eef956-613c-46b0-8e56-22120e832e77: new RaftServerImpl for group-260154C42E13:[09eef956-613c-46b0-8e56-22120e832e77:192.168.157.206:45763] with ContainerStateMachine:uninitialized
2019-11-15 03:52:23,291 [pool-159-thread-1] INFO  server.RaftServerConfigKeys (ConfUtils.java:logGet(43)) - raft.server.rpc.timeout.min = 1s (custom)
2019-11-15 03:52:23,291 [pool-159-thread-1] INFO  server.RaftServerConfigKeys (ConfUtils.java:logGet(43)) - raft.server.rpc.timeout.max = 1200ms (custom)
2019-11-15 03:52:23,291 [pool-159-thread-1] INFO  server.RaftServerConfigKeys (ConfUtils.java:logGet(43)) - raft.server.rpcslowness.timeout = 120s (custom)
2019-11-15 03:52:23,291 [pool-159-thread-1] INFO  server.RaftServerConfigKeys (ConfUtils.java:logGet(43)) - raft.server.sleep.deviation.threshold = 300 (default)
2019-11-15 03:52:23,293 [pool-159-thread-1] INFO  server.RaftServerConfigKeys (ConfUtils.java:logGet(43)) - raft.server.log.appender.install.snapshot.enabled = false (custom)
2019-11-15 03:52:23,294 [pool-159-thread-1] INFO  impl.RaftServerImpl (ServerState.java:<init>(103)) - 09eef956-613c-46b0-8e56-22120e832e77@group-260154C42E13: ConfigurationManager, init=-1: [09eef956-613c-46b0-8e56-22120e832e77:192.168.157.206:45763], old=null, confs=<EMPTY_MAP>
2019-11-15 03:52:23,294 [pool-159-thread-1] INFO  server.RaftServerConfigKeys (ConfUtils.java:logGet(43)) - raft.server.storage.dir = [/workdir/hadoop-ozone/integration-test/target/test-dir/MiniOzoneClusterImpl-7bc5bb7c-5c55-4645-ae41-72269081a146/datanode-1/data/ratis] (custom)
2019-11-15 03:52:23,294 [pool-159-thread-1] INFO  server.RaftServerConfigKeys (ConfUtils.java:logGet(43)) - raft.server.log.corruption.policy = EXCEPTION (default)
2019-11-15 03:52:23,294 [pool-159-thread-1] INFO  storage.RaftStorageDirectory (RaftStorageDirectory.java:analyzeStorage(246)) - The storage directory /workdir/hadoop-ozone/integration-test/target/test-dir/MiniOzoneClusterImpl-7bc5bb7c-5c55-4645-ae41-72269081a146/datanode-1/data/ratis/3b640dbc-4a47-4e6e-8d32-260154c42e13 does not exist. Creating ...
2019-11-15 03:52:23,316 [pool-159-thread-1] INFO  storage.RaftStorageDirectory (RaftStorageDirectory.java:tryLock(328)) - Lock on /workdir/hadoop-ozone/integration-test/target/test-dir/MiniOzoneClusterImpl-7bc5bb7c-5c55-4645-ae41-72269081a146/datanode-1/data/ratis/3b640dbc-4a47-4e6e-8d32-260154c42e13/in_use.lock acquired by nodename 11002@pr-hdds-2493-n7h87-1962818265
2019-11-15 03:52:23,342 [pool-159-thread-1] INFO  storage.RaftStorage (RaftStorage.java:format(84)) - Storage directory /workdir/hadoop-ozone/integration-test/target/test-dir/MiniOzoneClusterImpl-7bc5bb7c-5c55-4645-ae41-72269081a146/datanode-1/data/ratis/3b640dbc-4a47-4e6e-8d32-260154c42e13 has been successfully formatted.
2019-11-15 03:52:23,342 [pool-159-thread-1] INFO  ratis.ContainerStateMachine (ContainerStateMachine.java:loadSnapshot(223)) - group-260154C42E13: The snapshot info is null. Setting the last applied indexto:(t:0, i:~)
2019-11-15 03:52:23,342 [pool-159-thread-1] INFO  server.RaftServerConfigKeys (ConfUtils.java:logGet(43)) - raft.server.notification.no-leader.timeout = 120s (custom)
2019-11-15 03:52:23,343 [pool-159-thread-1] INFO  server.RaftServerConfigKeys (ConfUtils.java:logGet(43)) - raft.server.log.use.memory = false (default)
2019-11-15 03:52:23,343 [pool-159-thread-1] INFO  server.RaftServerConfigKeys (ConfUtils.java:logGet(43)) - raft.server.log.purge.gap = 1000000 (custom)
2019-11-15 03:52:23,343 [pool-159-thread-1] INFO  server.RaftServerConfigKeys (ConfUtils.java:logGet(43)) - raft.server.log.appender.buffer.byte-limit = 33554432 (custom)
2019-11-15 03:52:23,343 [pool-159-thread-1] INFO  server.RaftServerConfigKeys (ConfUtils.java:logGet(43)) - raft.server.log.segment.size.max = 1048576 (custom)
2019-11-15 03:52:23,343 [pool-159-thread-1] INFO  server.RaftServerConfigKeys (ConfUtils.java:logGet(43)) - raft.server.log.segment.cache.num.max = 2 (custom)
2019-11-15 03:52:23,343 [pool-159-thread-1] INFO  segmented.SegmentedRaftLogWorker (SegmentedRaftLogWorker.java:<init>(173)) - new 09eef956-613c-46b0-8e56-22120e832e77@group-260154C42E13-SegmentedRaftLogWorker for RaftStorage:Storage Directory /workdir/hadoop-ozone/integration-test/target/test-dir/MiniOzoneClusterImpl-7bc5bb7c-5c55-4645-ae41-72269081a146/datanode-1/data/ratis/3b640dbc-4a47-4e6e-8d32-260154c42e13
2019-11-15 03:52:23,343 [pool-159-thread-1] INFO  server.RaftServerConfigKeys (ConfUtils.java:logGet(43)) - raft.server.log.queue.byte-limit = 2147483647 (custom)
2019-11-15 03:52:23,343 [pool-159-thread-1] INFO  server.RaftServerConfigKeys (ConfUtils.java:logGet(43)) - raft.server.log.queue.element-limit = 1024 (custom)
2019-11-15 03:52:23,344 [pool-159-thread-1] INFO  server.RaftServerConfigKeys (ConfUtils.java:logGet(43)) - raft.server.log.segment.size.max = 1048576 (custom)
2019-11-15 03:52:23,344 [pool-159-thread-1] INFO  server.RaftServerConfigKeys (ConfUtils.java:logGet(43)) - raft.server.log.preallocated.size = 16384 (custom)
2019-11-15 03:52:23,344 [pool-159-thread-1] INFO  server.RaftServerConfigKeys (ConfUtils.java:logGet(43)) - raft.server.log.write.buffer.size = 33554432 (custom)
2019-11-15 03:52:23,344 [pool-159-thread-1] INFO  server.RaftServerConfigKeys (ConfUtils.java:logGet(43)) - raft.server.log.force.sync.num = 128 (default)
2019-11-15 03:52:23,344 [pool-159-thread-1] INFO  server.RaftServerConfigKeys (ConfUtils.java:logGet(43)) - raft.server.log.statemachine.data.sync = true (default)
2019-11-15 03:52:23,344 [pool-159-thread-1] INFO  server.RaftServerConfigKeys (ConfUtils.java:logGet(43)) - raft.server.log.statemachine.data.sync.timeout = 10s (default)
2019-11-15 03:52:23,344 [pool-159-thread-1] INFO  server.RaftServerConfigKeys (ConfUtils.java:logGet(43)) - raft.server.log.statemachine.data.sync.timeout.retry = -1 (default)
2019-11-15 03:52:23,344 [pool-159-thread-1] INFO  server.RaftServerConfigKeys (ConfUtils.java:logGet(43)) - raft.server.log.statemachine.data.caching.enabled = true (custom)
2019-11-15 03:52:23,345 [pool-159-thread-1] INFO  segmented.SegmentedRaftLogWorker (SegmentedRaftLogWorker.java:lambda$new$0(128)) - 09eef956-613c-46b0-8e56-22120e832e77@group-260154C42E13-SegmentedRaftLogWorker: flushIndex: setUnconditionally 0 -> -1
2019-11-15 03:52:23,345 [pool-159-thread-1] INFO  server.RaftServerConfigKeys (ConfUtils.java:logGet(43)) - raft.server.snapshot.auto.trigger.enabled = true (custom)
2019-11-15 03:52:23,345 [pool-159-thread-1] INFO  server.RaftServerConfigKeys (ConfUtils.java:logGet(43)) - raft.server.snapshot.auto.trigger.threshold = 10000 (custom)
2019-11-15 03:52:23,345 [pool-159-thread-1] INFO  server.RaftServerConfigKeys (ConfUtils.java:logGet(43)) - raft.server.snapshot.retention.file.num = 5 (custom)
2019-11-15 03:52:23,345 [pool-159-thread-1] INFO  server.RaftServerConfigKeys (ConfUtils.java:logGet(43)) - raft.server.retrycache.expirytime = 600000ms (custom)
2019-11-15 03:52:23,346 [pool-159-thread-1] WARN  impl.MetricRegistriesImpl (MetricRegistriesImpl.java:lambda$create$1(61)) - First MetricRegistry has been created without registering reporters. You may need to call MetricRegistries.global().addReportRegistration(...) before.
2019-11-15 03:52:23,346 [pool-159-thread-1] WARN  impl.MetricRegistriesImpl (MetricRegistriesImpl.java:lambda$create$1(61)) - First MetricRegistry has been created without registering reporters. You may need to call MetricRegistries.global().addReportRegistration(...) before.
2019-11-15 03:52:23,346 [pool-159-thread-1] INFO  impl.RaftServerImpl (RaftServerImpl.java:start(184)) - 09eef956-613c-46b0-8e56-22120e832e77@group-260154C42E13: start as a follower, conf=-1: [09eef956-613c-46b0-8e56-22120e832e77:192.168.157.206:45763], old=null
2019-11-15 03:52:23,346 [pool-159-thread-1] INFO  impl.RaftServerImpl (RaftServerImpl.java:setRole(173)) - 09eef956-613c-46b0-8e56-22120e832e77@group-260154C42E13: changes role from      null to FOLLOWER at term 0 for startAsFollower
2019-11-15 03:52:23,346 [pool-159-thread-1] INFO  impl.RoleInfo (RoleInfo.java:updateAndGet(143)) - 09eef956-613c-46b0-8e56-22120e832e77: start FollowerState
2019-11-15 03:52:23,347 [pool-159-thread-1] INFO  util.JmxRegister (JmxRegister.java:tryRegister(44)) - Successfully registered JMX Bean with object name Ratis:service=RaftServer,group=group-260154C42E13,id=09eef956-613c-46b0-8e56-22120e832e77
2019-11-15 03:52:23,347 [pool-159-thread-1] WARN  impl.MetricRegistriesImpl (MetricRegistriesImpl.java:lambda$create$1(61)) - First MetricRegistry has been created without registering reporters. You may need to call MetricRegistries.global().addReportRegistration(...) before.
2019-11-15 03:52:23,349 [RatisPipelineUtilsThread] INFO  pipeline.PipelineStateManager (PipelineStateManager.java:addPipeline(55)) - Created pipeline Pipeline[ Id: 3b640dbc-4a47-4e6e-8d32-260154c42e13, Nodes: 09eef956-613c-46b0-8e56-22120e832e77{ip: 192.168.157.206, host: pr-hdds-2493-n7h87-1962818265, networkLocation: /rack1, certSerialId: null}, Type:RATIS, Factor:ONE, State:ALLOCATED]
2019-11-15 03:52:23,516 [Thread-1652] INFO  impl.FollowerState (FollowerState.java:run(111)) - 32349214-85e6-49cf-bb69-05e83393fdf3@group-4E4984C096D6-FollowerState: change to CANDIDATE, lastRpcTime:1034ms, electionTimeout:1034ms
2019-11-15 03:52:23,516 [Thread-1652] INFO  impl.RoleInfo (RoleInfo.java:shutdownFollowerState(121)) - 32349214-85e6-49cf-bb69-05e83393fdf3: shutdown FollowerState
2019-11-15 03:52:23,516 [Thread-1652] INFO  impl.RaftServerImpl (RaftServerImpl.java:setRole(173)) - 32349214-85e6-49cf-bb69-05e83393fdf3@group-4E4984C096D6: changes role from  FOLLOWER to CANDIDATE at term 0 for changeToCandidate
2019-11-15 03:52:23,516 [Thread-1652] INFO  impl.RoleInfo (RoleInfo.java:updateAndGet(143)) - 32349214-85e6-49cf-bb69-05e83393fdf3: start LeaderElection
2019-11-15 03:52:23,527 [Thread-1648] INFO  impl.FollowerState (FollowerState.java:run(111)) - 1f296aea-c4ef-4ad0-bd70-4536dedd0da2@group-4E4984C096D6-FollowerState: change to CANDIDATE, lastRpcTime:1080ms, electionTimeout:1078ms
2019-11-15 03:52:23,529 [Thread-1648] INFO  impl.RoleInfo (RoleInfo.java:shutdownFollowerState(121)) - 1f296aea-c4ef-4ad0-bd70-4536dedd0da2: shutdown FollowerState
2019-11-15 03:52:23,529 [Thread-1648] INFO  impl.RaftServerImpl (RaftServerImpl.java:setRole(173)) - 1f296aea-c4ef-4ad0-bd70-4536dedd0da2@group-4E4984C096D6: changes role from  FOLLOWER to CANDIDATE at term 0 for changeToCandidate
2019-11-15 03:52:23,530 [Thread-1648] INFO  impl.RoleInfo (RoleInfo.java:updateAndGet(143)) - 1f296aea-c4ef-4ad0-bd70-4536dedd0da2: start LeaderElection
2019-11-15 03:52:23,553 [1f296aea-c4ef-4ad0-bd70-4536dedd0da2@group-4E4984C096D6-LeaderElection72] INFO  impl.LeaderElection (LeaderElection.java:askForVotes(178)) - 1f296aea-c4ef-4ad0-bd70-4536dedd0da2@group-4E4984C096D6-LeaderElection72: begin an election at term 1 for -1: [43077e3c-832c-4164-9ae4-420ca2301748:192.168.157.206:45724, 32349214-85e6-49cf-bb69-05e83393fdf3:192.168.157.206:34957, 1f296aea-c4ef-4ad0-bd70-4536dedd0da2:192.168.157.206:43123], old=null
2019-11-15 03:52:23,553 [32349214-85e6-49cf-bb69-05e83393fdf3@group-4E4984C096D6-LeaderElection71] INFO  impl.LeaderElection (LeaderElection.java:askForVotes(178)) - 32349214-85e6-49cf-bb69-05e83393fdf3@group-4E4984C096D6-LeaderElection71: begin an election at term 1 for -1: [43077e3c-832c-4164-9ae4-420ca2301748:192.168.157.206:45724, 32349214-85e6-49cf-bb69-05e83393fdf3:192.168.157.206:34957, 1f296aea-c4ef-4ad0-bd70-4536dedd0da2:192.168.157.206:43123], old=null
2019-11-15 03:52:23,561 [grpc-default-executor-0] INFO  impl.RaftServerImpl (RaftServerImpl.java:setRole(173)) - 43077e3c-832c-4164-9ae4-420ca2301748@group-4E4984C096D6: changes role from  FOLLOWER to FOLLOWER at term 1 for recognizeCandidate:1f296aea-c4ef-4ad0-bd70-4536dedd0da2
2019-11-15 03:52:23,562 [grpc-default-executor-0] INFO  impl.RoleInfo (RoleInfo.java:shutdownFollowerState(121)) - 43077e3c-832c-4164-9ae4-420ca2301748: shutdown FollowerState
2019-11-15 03:52:23,562 [grpc-default-executor-0] INFO  impl.RoleInfo (RoleInfo.java:updateAndGet(143)) - 43077e3c-832c-4164-9ae4-420ca2301748: start FollowerState
2019-11-15 03:52:23,562 [Thread-1653] INFO  impl.FollowerState (FollowerState.java:run(120)) - 43077e3c-832c-4164-9ae4-420ca2301748@group-4E4984C096D6-FollowerState was interrupted: java.lang.InterruptedException: sleep interrupted
2019-11-15 03:52:23,588 [32349214-85e6-49cf-bb69-05e83393fdf3@group-4E4984C096D6-LeaderElection71] INFO  impl.LeaderElection (LeaderElection.java:logAndReturn(56)) - 32349214-85e6-49cf-bb69-05e83393fdf3@group-4E4984C096D6-LeaderElection71: Election REJECTED; received 2 response(s) [32349214-85e6-49cf-bb69-05e83393fdf3<-43077e3c-832c-4164-9ae4-420ca2301748#0:FAIL-t1, 32349214-85e6-49cf-bb69-05e83393fdf3<-1f296aea-c4ef-4ad0-bd70-4536dedd0da2#0:FAIL-t1] and 0 exception(s); 32349214-85e6-49cf-bb69-05e83393fdf3@group-4E4984C096D6:t1, leader=null, voted=32349214-85e6-49cf-bb69-05e83393fdf3, raftlog=32349214-85e6-49cf-bb69-05e83393fdf3@group-4E4984C096D6-SegmentedRaftLog:OPENED:c-1,f-1,i0, conf=-1: [43077e3c-832c-4164-9ae4-420ca2301748:192.168.157.206:45724, 32349214-85e6-49cf-bb69-05e83393fdf3:192.168.157.206:34957, 1f296aea-c4ef-4ad0-bd70-4536dedd0da2:192.168.157.206:43123], old=null
2019-11-15 03:52:23,588 [1f296aea-c4ef-4ad0-bd70-4536dedd0da2@group-4E4984C096D6-LeaderElection72] INFO  impl.LeaderElection (LeaderElection.java:logAndReturn(56)) - 1f296aea-c4ef-4ad0-bd70-4536dedd0da2@group-4E4984C096D6-LeaderElection72: Election PASSED; received 2 response(s) [1f296aea-c4ef-4ad0-bd70-4536dedd0da2<-32349214-85e6-49cf-bb69-05e83393fdf3#0:FAIL-t1, 1f296aea-c4ef-4ad0-bd70-4536dedd0da2<-43077e3c-832c-4164-9ae4-420ca2301748#0:OK-t1] and 0 exception(s); 1f296aea-c4ef-4ad0-bd70-4536dedd0da2@group-4E4984C096D6:t1, leader=null, voted=1f296aea-c4ef-4ad0-bd70-4536dedd0da2, raftlog=1f296aea-c4ef-4ad0-bd70-4536dedd0da2@group-4E4984C096D6-SegmentedRaftLog:OPENED:c-1,f-1,i0, conf=-1: [43077e3c-832c-4164-9ae4-420ca2301748:192.168.157.206:45724, 32349214-85e6-49cf-bb69-05e83393fdf3:192.168.157.206:34957, 1f296aea-c4ef-4ad0-bd70-4536dedd0da2:192.168.157.206:43123], old=null
2019-11-15 03:52:23,588 [32349214-85e6-49cf-bb69-05e83393fdf3@group-4E4984C096D6-LeaderElection71] INFO  impl.RaftServerImpl (RaftServerImpl.java:setRole(173)) - 32349214-85e6-49cf-bb69-05e83393fdf3@group-4E4984C096D6: changes role from CANDIDATE to FOLLOWER at term 1 for DISCOVERED_A_NEW_TERM
2019-11-15 03:52:23,588 [1f296aea-c4ef-4ad0-bd70-4536dedd0da2@group-4E4984C096D6-LeaderElection72] INFO  impl.RoleInfo (RoleInfo.java:shutdownLeaderElection(134)) - 1f296aea-c4ef-4ad0-bd70-4536dedd0da2: shutdown LeaderElection
2019-11-15 03:52:23,588 [32349214-85e6-49cf-bb69-05e83393fdf3@group-4E4984C096D6-LeaderElection71] INFO  impl.RoleInfo (RoleInfo.java:shutdownLeaderElection(134)) - 32349214-85e6-49cf-bb69-05e83393fdf3: shutdown LeaderElection
2019-11-15 03:52:23,588 [1f296aea-c4ef-4ad0-bd70-4536dedd0da2@group-4E4984C096D6-LeaderElection72] INFO  impl.RaftServerImpl (RaftServerImpl.java:setRole(173)) - 1f296aea-c4ef-4ad0-bd70-4536dedd0da2@group-4E4984C096D6: changes role from CANDIDATE to LEADER at term 1 for changeToLeader
2019-11-15 03:52:23,588 [32349214-85e6-49cf-bb69-05e83393fdf3@group-4E4984C096D6-LeaderElection71] INFO  impl.RoleInfo (RoleInfo.java:updateAndGet(143)) - 32349214-85e6-49cf-bb69-05e83393fdf3: start FollowerState
2019-11-15 03:52:23,588 [1f296aea-c4ef-4ad0-bd70-4536dedd0da2@group-4E4984C096D6-LeaderElection72] INFO  ratis.XceiverServerRatis (XceiverServerRatis.java:handleLeaderChangedNotification(697)) - Leader change notification received for group: group-4E4984C096D6 with new leaderId: 1f296aea-c4ef-4ad0-bd70-4536dedd0da2
2019-11-15 03:52:23,589 [1f296aea-c4ef-4ad0-bd70-4536dedd0da2@group-4E4984C096D6-LeaderElection72] INFO  impl.RaftServerImpl (ServerState.java:setLeader(255)) - 1f296aea-c4ef-4ad0-bd70-4536dedd0da2@group-4E4984C096D6: change Leader from null to 1f296aea-c4ef-4ad0-bd70-4536dedd0da2 at term 1 for becomeLeader, leader elected after 1172ms
2019-11-15 03:52:23,589 [1f296aea-c4ef-4ad0-bd70-4536dedd0da2@group-4E4984C096D6-LeaderElection72] INFO  server.RaftServerConfigKeys (ConfUtils.java:logGet(43)) - raft.server.staging.catchup.gap = 1000 (default)
2019-11-15 03:52:23,589 [1f296aea-c4ef-4ad0-bd70-4536dedd0da2@group-4E4984C096D6-LeaderElection72] INFO  server.RaftServerConfigKeys (ConfUtils.java:logGet(43)) - raft.server.rpc.sleep.time = 25ms (default)
2019-11-15 03:52:23,589 [1f296aea-c4ef-4ad0-bd70-4536dedd0da2@group-4E4984C096D6-LeaderElection72] INFO  server.RaftServerConfigKeys (ConfUtils.java:logGet(43)) - raft.server.write.element-limit = 4096 (default)
2019-11-15 03:52:23,589 [1f296aea-c4ef-4ad0-bd70-4536dedd0da2@group-4E4984C096D6-LeaderElection72] INFO  server.RaftServerConfigKeys (ConfUtils.java:logGet(43)) - raft.server.watch.timeout = 10s (default)
2019-11-15 03:52:23,589 [1f296aea-c4ef-4ad0-bd70-4536dedd0da2@group-4E4984C096D6-LeaderElection72] INFO  server.RaftServerConfigKeys (ConfUtils.java:logGet(43)) - raft.server.watch.timeout.denomination = 1s (default)
2019-11-15 03:52:23,589 [1f296aea-c4ef-4ad0-bd70-4536dedd0da2@group-4E4984C096D6-LeaderElection72] INFO  server.RaftServerConfigKeys (ConfUtils.java:logGet(43)) - raft.server.watch.element-limit = 65536 (default)
2019-11-15 03:52:23,589 [1f296aea-c4ef-4ad0-bd70-4536dedd0da2@group-4E4984C096D6-LeaderElection72] INFO  server.RaftServerConfigKeys (ConfUtils.java:logGet(43)) - raft.server.log.appender.snapshot.chunk.size.max = 16MB (=16777216) (default)
2019-11-15 03:52:23,590 [EventQueue-PipelineReportForPipelineReportHandler] INFO  pipeline.PipelineStateManager (PipelineStateManager.java:openPipeline(134)) - Pipeline Pipeline[ Id: 0e5a5b8a-7a32-4dd9-804b-4e4984c096d6, Nodes: 43077e3c-832c-4164-9ae4-420ca2301748{ip: 192.168.157.206, host: pr-hdds-2493-n7h87-1962818265, networkLocation: /rack1, certSerialId: null}1f296aea-c4ef-4ad0-bd70-4536dedd0da2{ip: 192.168.157.206, host: pr-hdds-2493-n7h87-1962818265, networkLocation: /rack1, certSerialId: null}32349214-85e6-49cf-bb69-05e83393fdf3{ip: 192.168.157.206, host: pr-hdds-2493-n7h87-1962818265, networkLocation: /rack1, certSerialId: null}, Type:RATIS, Factor:THREE, State:OPEN] moved to OPEN state
2019-11-15 03:52:23,590 [1f296aea-c4ef-4ad0-bd70-4536dedd0da2@group-4E4984C096D6-LeaderElection72] INFO  server.RaftServerConfigKeys (ConfUtils.java:logGet(43)) - raft.server.log.appender.buffer.byte-limit = 33554432 (custom)
2019-11-15 03:52:23,590 [1f296aea-c4ef-4ad0-bd70-4536dedd0da2@group-4E4984C096D6-LeaderElection72] INFO  server.RaftServerConfigKeys (ConfUtils.java:logGet(43)) - raft.server.log.appender.buffer.element-limit = 1 (custom)
2019-11-15 03:52:23,590 [1f296aea-c4ef-4ad0-bd70-4536dedd0da2@group-4E4984C096D6-LeaderElection72] INFO  grpc.GrpcConfigKeys$Server (ConfUtils.java:logGet(43)) - raft.grpc.server.leader.outstanding.appends.max = 128 (default)
2019-11-15 03:52:23,590 [1f296aea-c4ef-4ad0-bd70-4536dedd0da2@group-4E4984C096D6-LeaderElection72] INFO  server.RaftServerConfigKeys (ConfUtils.java:logGet(43)) - raft.server.rpc.request.timeout = 3000ms (default)
2019-11-15 03:52:23,590 [1f296aea-c4ef-4ad0-bd70-4536dedd0da2@group-4E4984C096D6-LeaderElection72] INFO  server.RaftServerConfigKeys (ConfUtils.java:logGet(43)) - raft.server.log.appender.install.snapshot.enabled = false (custom)
2019-11-15 03:52:23,590 [1f296aea-c4ef-4ad0-bd70-4536dedd0da2@group-4E4984C096D6-LeaderElection72] WARN  impl.MetricRegistriesImpl (MetricRegistriesImpl.java:lambda$create$1(61)) - First MetricRegistry has been created without registering reporters. You may need to call MetricRegistries.global().addReportRegistration(...) before.
2019-11-15 03:52:23,591 [1f296aea-c4ef-4ad0-bd70-4536dedd0da2@group-4E4984C096D6-LeaderElection72] INFO  server.RaftServerConfigKeys (ConfUtils.java:logGet(43)) - raft.server.log.appender.snapshot.chunk.size.max = 16MB (=16777216) (default)
2019-11-15 03:52:23,591 [1f296aea-c4ef-4ad0-bd70-4536dedd0da2@group-4E4984C096D6-LeaderElection72] INFO  server.RaftServerConfigKeys (ConfUtils.java:logGet(43)) - raft.server.log.appender.buffer.byte-limit = 33554432 (custom)
2019-11-15 03:52:23,591 [1f296aea-c4ef-4ad0-bd70-4536dedd0da2@group-4E4984C096D6-LeaderElection72] INFO  server.RaftServerConfigKeys (ConfUtils.java:logGet(43)) - raft.server.log.appender.buffer.element-limit = 1 (custom)
2019-11-15 03:52:23,591 [1f296aea-c4ef-4ad0-bd70-4536dedd0da2@group-4E4984C096D6-LeaderElection72] INFO  grpc.GrpcConfigKeys$Server (ConfUtils.java:logGet(43)) - raft.grpc.server.leader.outstanding.appends.max = 128 (default)
2019-11-15 03:52:23,591 [1f296aea-c4ef-4ad0-bd70-4536dedd0da2@group-4E4984C096D6-LeaderElection72] INFO  server.RaftServerConfigKeys (ConfUtils.java:logGet(43)) - raft.server.rpc.request.timeout = 3000ms (default)
2019-11-15 03:52:23,591 [1f296aea-c4ef-4ad0-bd70-4536dedd0da2@group-4E4984C096D6-LeaderElection72] INFO  server.RaftServerConfigKeys (ConfUtils.java:logGet(43)) - raft.server.log.appender.install.snapshot.enabled = false (custom)
2019-11-15 03:52:23,591 [1f296aea-c4ef-4ad0-bd70-4536dedd0da2@group-4E4984C096D6-LeaderElection72] INFO  impl.RoleInfo (RoleInfo.java:updateAndGet(143)) - 1f296aea-c4ef-4ad0-bd70-4536dedd0da2: start LeaderState
2019-11-15 03:52:23,591 [1f296aea-c4ef-4ad0-bd70-4536dedd0da2@group-4E4984C096D6-LeaderElection72] INFO  segmented.SegmentedRaftLogWorker (SegmentedRaftLogWorker.java:startLogSegment(385)) - 1f296aea-c4ef-4ad0-bd70-4536dedd0da2@group-4E4984C096D6-SegmentedRaftLogWorker: Starting segment from index:0
2019-11-15 03:52:23,592 [1f296aea-c4ef-4ad0-bd70-4536dedd0da2@group-4E4984C096D6-LeaderElection72] INFO  impl.RaftServerImpl (ServerState.java:setRaftConf(356)) - 1f296aea-c4ef-4ad0-bd70-4536dedd0da2@group-4E4984C096D6: set configuration 0: [43077e3c-832c-4164-9ae4-420ca2301748:192.168.157.206:45724, 32349214-85e6-49cf-bb69-05e83393fdf3:192.168.157.206:34957, 1f296aea-c4ef-4ad0-bd70-4536dedd0da2:192.168.157.206:43123], old=null at 0
2019-11-15 03:52:23,622 [grpc-default-executor-0] INFO  ratis.XceiverServerRatis (XceiverServerRatis.java:handleLeaderChangedNotification(697)) - Leader change notification received for group: group-4E4984C096D6 with new leaderId: 1f296aea-c4ef-4ad0-bd70-4536dedd0da2
2019-11-15 03:52:23,623 [grpc-default-executor-9] INFO  ratis.XceiverServerRatis (XceiverServerRatis.java:handleLeaderChangedNotification(697)) - Leader change notification received for group: group-4E4984C096D6 with new leaderId: 1f296aea-c4ef-4ad0-bd70-4536dedd0da2
2019-11-15 03:52:23,623 [grpc-default-executor-0] INFO  impl.RaftServerImpl (ServerState.java:setLeader(255)) - 32349214-85e6-49cf-bb69-05e83393fdf3@group-4E4984C096D6: change Leader from null to 1f296aea-c4ef-4ad0-bd70-4536dedd0da2 at term 1 for appendEntries, leader elected after 1178ms
2019-11-15 03:52:23,623 [grpc-default-executor-9] INFO  impl.RaftServerImpl (ServerState.java:setLeader(255)) - 43077e3c-832c-4164-9ae4-420ca2301748@group-4E4984C096D6: change Leader from null to 1f296aea-c4ef-4ad0-bd70-4536dedd0da2 at term 1 for appendEntries, leader elected after 1179ms
2019-11-15 03:52:23,625 [grpc-default-executor-9] INFO  impl.RaftServerImpl (ServerState.java:setRaftConf(356)) - 32349214-85e6-49cf-bb69-05e83393fdf3@group-4E4984C096D6: set configuration 0: [43077e3c-832c-4164-9ae4-420ca2301748:192.168.157.206:45724, 32349214-85e6-49cf-bb69-05e83393fdf3:192.168.157.206:34957, 1f296aea-c4ef-4ad0-bd70-4536dedd0da2:192.168.157.206:43123], old=null at 0
2019-11-15 03:52:23,626 [grpc-default-executor-0] INFO  impl.RaftServerImpl (ServerState.java:setRaftConf(356)) - 43077e3c-832c-4164-9ae4-420ca2301748@group-4E4984C096D6: set configuration 0: [43077e3c-832c-4164-9ae4-420ca2301748:192.168.157.206:45724, 32349214-85e6-49cf-bb69-05e83393fdf3:192.168.157.206:34957, 1f296aea-c4ef-4ad0-bd70-4536dedd0da2:192.168.157.206:43123], old=null at 0
2019-11-15 03:52:23,626 [grpc-default-executor-9] INFO  segmented.SegmentedRaftLogWorker (SegmentedRaftLogWorker.java:startLogSegment(385)) - 32349214-85e6-49cf-bb69-05e83393fdf3@group-4E4984C096D6-SegmentedRaftLogWorker: Starting segment from index:0
2019-11-15 03:52:23,626 [grpc-default-executor-0] INFO  segmented.SegmentedRaftLogWorker (SegmentedRaftLogWorker.java:startLogSegment(385)) - 43077e3c-832c-4164-9ae4-420ca2301748@group-4E4984C096D6-SegmentedRaftLogWorker: Starting segment from index:0
2019-11-15 03:52:23,627 [Thread-1664] INFO  impl.FollowerState (FollowerState.java:run(111)) - fae849f2-b585-4c8d-a748-375fffce3265@group-F072CE797929-FollowerState: change to CANDIDATE, lastRpcTime:1049ms, electionTimeout:1049ms
2019-11-15 03:52:23,628 [Thread-1664] INFO  impl.RoleInfo (RoleInfo.java:shutdownFollowerState(121)) - fae849f2-b585-4c8d-a748-375fffce3265: shutdown FollowerState
2019-11-15 03:52:23,628 [Thread-1664] INFO  impl.RaftServerImpl (RaftServerImpl.java:setRole(173)) - fae849f2-b585-4c8d-a748-375fffce3265@group-F072CE797929: changes role from  FOLLOWER to CANDIDATE at term 0 for changeToCandidate
2019-11-15 03:52:23,628 [Thread-1664] INFO  impl.RoleInfo (RoleInfo.java:updateAndGet(143)) - fae849f2-b585-4c8d-a748-375fffce3265: start LeaderElection
2019-11-15 03:52:23,669 [1f296aea-c4ef-4ad0-bd70-4536dedd0da2@group-4E4984C096D6-SegmentedRaftLogWorker] INFO  segmented.SegmentedRaftLogWorker (SegmentedRaftLogWorker.java:execute(576)) - 1f296aea-c4ef-4ad0-bd70-4536dedd0da2@group-4E4984C096D6-SegmentedRaftLogWorker: created new log segment /workdir/hadoop-ozone/integration-test/target/test-dir/MiniOzoneClusterImpl-7bc5bb7c-5c55-4645-ae41-72269081a146/datanode-7/data/ratis/0e5a5b8a-7a32-4dd9-804b-4e4984c096d6/current/log_inprogress_0
2019-11-15 03:52:23,693 [main] WARN  io.KeyOutputStream (KeyOutputStream.java:handleException(274)) - Encountered exception java.io.IOException: Unexpected Storage Container Exception: java.util.concurrent.CompletionException: java.util.concurrent.CompletionException: org.apache.ratis.protocol.GroupMismatchException: b5c8e6ac-78cf-4415-8687-784dd9b9d9de: group-6AE7FD78B164 not found. on the pipeline Pipeline[ Id: 14df450b-2db2-4a8e-a73a-6ae7fd78b164, Nodes: b5c8e6ac-78cf-4415-8687-784dd9b9d9de{ip: 192.168.157.206, host: pr-hdds-2493-n7h87-1962818265, networkLocation: /rack1, certSerialId: null}09eef956-613c-46b0-8e56-22120e832e77{ip: 192.168.157.206, host: pr-hdds-2493-n7h87-1962818265, networkLocation: /rack1, certSerialId: null}2d1b9a28-4ed6-4518-a989-fb5d866f5618{ip: 192.168.157.206, host: pr-hdds-2493-n7h87-1962818265, networkLocation: /rack1, certSerialId: null}, Type:RATIS, Factor:THREE, State:OPEN]. The last committed block length is 0, uncommitted data length is 1048576 retry count 0
2019-11-15 03:52:23,694 [main] INFO  io.BlockOutputStreamEntryPool (BlockOutputStreamEntryPool.java:allocateNewBlock(257)) - Allocating block with ExcludeList {datanodes = [], containerIds = [], pipelineIds = [PipelineID=4325347f-0163-4ab6-afe4-cebb0e7fbced, PipelineID=14df450b-2db2-4a8e-a73a-6ae7fd78b164]}
2019-11-15 03:52:23,696 [43077e3c-832c-4164-9ae4-420ca2301748@group-4E4984C096D6-SegmentedRaftLogWorker] INFO  segmented.SegmentedRaftLogWorker (SegmentedRaftLogWorker.java:execute(576)) - 43077e3c-832c-4164-9ae4-420ca2301748@group-4E4984C096D6-SegmentedRaftLogWorker: created new log segment /workdir/hadoop-ozone/integration-test/target/test-dir/MiniOzoneClusterImpl-7bc5bb7c-5c55-4645-ae41-72269081a146/datanode-6/data/ratis/0e5a5b8a-7a32-4dd9-804b-4e4984c096d6/current/log_inprogress_0
2019-11-15 03:52:23,696 [32349214-85e6-49cf-bb69-05e83393fdf3@group-4E4984C096D6-SegmentedRaftLogWorker] INFO  segmented.SegmentedRaftLogWorker (SegmentedRaftLogWorker.java:execute(576)) - 32349214-85e6-49cf-bb69-05e83393fdf3@group-4E4984C096D6-SegmentedRaftLogWorker: created new log segment /workdir/hadoop-ozone/integration-test/target/test-dir/MiniOzoneClusterImpl-7bc5bb7c-5c55-4645-ae41-72269081a146/datanode-3/data/ratis/0e5a5b8a-7a32-4dd9-804b-4e4984c096d6/current/log_inprogress_0
2019-11-15 03:52:23,696 [fae849f2-b585-4c8d-a748-375fffce3265@group-F072CE797929-LeaderElection73] INFO  impl.LeaderElection (LeaderElection.java:askForVotes(178)) - fae849f2-b585-4c8d-a748-375fffce3265@group-F072CE797929-LeaderElection73: begin an election at term 1 for -1: [fae849f2-b585-4c8d-a748-375fffce3265:192.168.157.206:39095], old=null
2019-11-15 03:52:23,698 [fae849f2-b585-4c8d-a748-375fffce3265@group-F072CE797929-LeaderElection73] INFO  impl.RoleInfo (RoleInfo.java:shutdownLeaderElection(134)) - fae849f2-b585-4c8d-a748-375fffce3265: shutdown LeaderElection
2019-11-15 03:52:23,699 [fae849f2-b585-4c8d-a748-375fffce3265@group-F072CE797929-LeaderElection73] INFO  impl.RaftServerImpl (RaftServerImpl.java:setRole(173)) - fae849f2-b585-4c8d-a748-375fffce3265@group-F072CE797929: changes role from CANDIDATE to LEADER at term 1 for changeToLeader
2019-11-15 03:52:23,699 [fae849f2-b585-4c8d-a748-375fffce3265@group-F072CE797929-LeaderElection73] INFO  ratis.XceiverServerRatis (XceiverServerRatis.java:handleLeaderChangedNotification(697)) - Leader change notification received for group: group-F072CE797929 with new leaderId: fae849f2-b585-4c8d-a748-375fffce3265
2019-11-15 03:52:23,699 [fae849f2-b585-4c8d-a748-375fffce3265@group-F072CE797929-LeaderElection73] INFO  impl.RaftServerImpl (ServerState.java:setLeader(255)) - fae849f2-b585-4c8d-a748-375fffce3265@group-F072CE797929: change Leader from null to fae849f2-b585-4c8d-a748-375fffce3265 at term 1 for becomeLeader, leader elected after 1125ms
2019-11-15 03:52:23,699 [fae849f2-b585-4c8d-a748-375fffce3265@group-F072CE797929-LeaderElection73] INFO  server.RaftServerConfigKeys (ConfUtils.java:logGet(43)) - raft.server.staging.catchup.gap = 1000 (default)
2019-11-15 03:52:23,699 [fae849f2-b585-4c8d-a748-375fffce3265@group-F072CE797929-LeaderElection73] INFO  server.RaftServerConfigKeys (ConfUtils.java:logGet(43)) - raft.server.rpc.sleep.time = 25ms (default)
2019-11-15 03:52:23,699 [fae849f2-b585-4c8d-a748-375fffce3265@group-F072CE797929-LeaderElection73] INFO  server.RaftServerConfigKeys (ConfUtils.java:logGet(43)) - raft.server.write.element-limit = 4096 (default)
2019-11-15 03:52:23,700 [fae849f2-b585-4c8d-a748-375fffce3265@group-F072CE797929-LeaderElection73] INFO  server.RaftServerConfigKeys (ConfUtils.java:logGet(43)) - raft.server.watch.timeout = 10s (default)
2019-11-15 03:52:23,700 [fae849f2-b585-4c8d-a748-375fffce3265@group-F072CE797929-LeaderElection73] INFO  server.RaftServerConfigKeys (ConfUtils.java:logGet(43)) - raft.server.watch.timeout.denomination = 1s (default)
2019-11-15 03:52:23,700 [fae849f2-b585-4c8d-a748-375fffce3265@group-F072CE797929-LeaderElection73] INFO  server.RaftServerConfigKeys (ConfUtils.java:logGet(43)) - raft.server.watch.element-limit = 65536 (default)
2019-11-15 03:52:23,700 [EventQueue-PipelineReportForPipelineReportHandler] INFO  pipeline.PipelineStateManager (PipelineStateManager.java:openPipeline(134)) - Pipeline Pipeline[ Id: f9571f0f-3957-41f7-b473-f072ce797929, Nodes: fae849f2-b585-4c8d-a748-375fffce3265{ip: 192.168.157.206, host: pr-hdds-2493-n7h87-1962818265, networkLocation: /rack1, certSerialId: null}, Type:RATIS, Factor:ONE, State:OPEN] moved to OPEN state
2019-11-15 03:52:23,700 [fae849f2-b585-4c8d-a748-375fffce3265@group-F072CE797929-LeaderElection73] INFO  impl.RoleInfo (RoleInfo.java:updateAndGet(143)) - fae849f2-b585-4c8d-a748-375fffce3265: start LeaderState
2019-11-15 03:52:23,700 [fae849f2-b585-4c8d-a748-375fffce3265@group-F072CE797929-LeaderElection73] INFO  segmented.SegmentedRaftLogWorker (SegmentedRaftLogWorker.java:startLogSegment(385)) - fae849f2-b585-4c8d-a748-375fffce3265@group-F072CE797929-SegmentedRaftLogWorker: Starting segment from index:0
2019-11-15 03:52:23,701 [fae849f2-b585-4c8d-a748-375fffce3265@group-F072CE797929-LeaderElection73] INFO  impl.RaftServerImpl (ServerState.java:setRaftConf(356)) - fae849f2-b585-4c8d-a748-375fffce3265@group-F072CE797929: set configuration 0: [fae849f2-b585-4c8d-a748-375fffce3265:192.168.157.206:39095], old=null at 0
2019-11-15 03:52:23,703 [Command processor thread] ERROR commandhandler.CloseContainerCommandHandler (CloseContainerCommandHandler.java:handle(84)) - Container #1 does not exist in datanode. Container close failed.
2019-11-15 03:52:23,741 [Thread-1683] INFO  impl.FollowerState (FollowerState.java:run(111)) - 2d1b9a28-4ed6-4518-a989-fb5d866f5618@group-4D691BF5A7B5-FollowerState: change to CANDIDATE, lastRpcTime:1016ms, electionTimeout:1016ms
2019-11-15 03:52:23,741 [Thread-1683] INFO  impl.RoleInfo (RoleInfo.java:shutdownFollowerState(121)) - 2d1b9a28-4ed6-4518-a989-fb5d866f5618: shutdown FollowerState
2019-11-15 03:52:23,743 [Thread-1683] INFO  impl.RaftServerImpl (RaftServerImpl.java:setRole(173)) - 2d1b9a28-4ed6-4518-a989-fb5d866f5618@group-4D691BF5A7B5: changes role from  FOLLOWER to CANDIDATE at term 0 for changeToCandidate
2019-11-15 03:52:23,743 [Thread-1683] INFO  impl.RoleInfo (RoleInfo.java:updateAndGet(143)) - 2d1b9a28-4ed6-4518-a989-fb5d866f5618: start LeaderElection
2019-11-15 03:52:23,747 [fae849f2-b585-4c8d-a748-375fffce3265@group-F072CE797929-SegmentedRaftLogWorker] INFO  segmented.SegmentedRaftLogWorker (SegmentedRaftLogWorker.java:execute(576)) - fae849f2-b585-4c8d-a748-375fffce3265@group-F072CE797929-SegmentedRaftLogWorker: created new log segment /workdir/hadoop-ozone/integration-test/target/test-dir/MiniOzoneClusterImpl-7bc5bb7c-5c55-4645-ae41-72269081a146/datanode-4/data/ratis/f9571f0f-3957-41f7-b473-f072ce797929/current/log_inprogress_0
2019-11-15 03:52:23,772 [2d1b9a28-4ed6-4518-a989-fb5d866f5618@group-4D691BF5A7B5-LeaderElection74] INFO  impl.LeaderElection (LeaderElection.java:askForVotes(178)) - 2d1b9a28-4ed6-4518-a989-fb5d866f5618@group-4D691BF5A7B5-LeaderElection74: begin an election at term 1 for -1: [b5c8e6ac-78cf-4415-8687-784dd9b9d9de:192.168.157.206:35928, 2d1b9a28-4ed6-4518-a989-fb5d866f5618:192.168.157.206:39845, 09eef956-613c-46b0-8e56-22120e832e77:192.168.157.206:45763], old=null
2019-11-15 03:52:23,778 [Thread-1681] INFO  impl.FollowerState (FollowerState.java:run(111)) - 09eef956-613c-46b0-8e56-22120e832e77@group-4D691BF5A7B5-FollowerState: change to CANDIDATE, lastRpcTime:1053ms, electionTimeout:1053ms
2019-11-15 03:52:23,778 [grpc-default-executor-5] INFO  impl.RaftServerImpl (RaftServerImpl.java:setRole(173)) - b5c8e6ac-78cf-4415-8687-784dd9b9d9de@group-4D691BF5A7B5: changes role from  FOLLOWER to FOLLOWER at term 1 for recognizeCandidate:2d1b9a28-4ed6-4518-a989-fb5d866f5618
2019-11-15 03:52:23,778 [Thread-1681] INFO  impl.RoleInfo (RoleInfo.java:shutdownFollowerState(121)) - 09eef956-613c-46b0-8e56-22120e832e77: shutdown FollowerState
2019-11-15 03:52:23,778 [grpc-default-executor-5] INFO  impl.RoleInfo (RoleInfo.java:shutdownFollowerState(121)) - b5c8e6ac-78cf-4415-8687-784dd9b9d9de: shutdown FollowerState
2019-11-15 03:52:23,780 [Thread-1681] INFO  impl.RaftServerImpl (RaftServerImpl.java:setRole(173)) - 09eef956-613c-46b0-8e56-22120e832e77@group-4D691BF5A7B5: changes role from  FOLLOWER to CANDIDATE at term 0 for changeToCandidate
2019-11-15 03:52:23,780 [grpc-default-executor-5] INFO  impl.RoleInfo (RoleInfo.java:updateAndGet(143)) - b5c8e6ac-78cf-4415-8687-784dd9b9d9de: start FollowerState
2019-11-15 03:52:23,780 [Thread-1681] INFO  impl.RoleInfo (RoleInfo.java:updateAndGet(143)) - 09eef956-613c-46b0-8e56-22120e832e77: start LeaderElection
2019-11-15 03:52:23,780 [Thread-1682] INFO  impl.FollowerState (FollowerState.java:run(120)) - b5c8e6ac-78cf-4415-8687-784dd9b9d9de@group-4D691BF5A7B5-FollowerState was interrupted: java.lang.InterruptedException: sleep interrupted
2019-11-15 03:52:23,782 [grpc-default-executor-9] INFO  impl.RaftServerImpl (RaftServerImpl.java:setRole(173)) - 09eef956-613c-46b0-8e56-22120e832e77@group-4D691BF5A7B5: changes role from CANDIDATE to FOLLOWER at term 1 for recognizeCandidate:2d1b9a28-4ed6-4518-a989-fb5d866f5618
2019-11-15 03:52:23,782 [grpc-default-executor-9] INFO  impl.RoleInfo (RoleInfo.java:shutdownLeaderElection(134)) - 09eef956-613c-46b0-8e56-22120e832e77: shutdown LeaderElection
2019-11-15 03:52:23,782 [grpc-default-executor-9] INFO  impl.RoleInfo (RoleInfo.java:updateAndGet(143)) - 09eef956-613c-46b0-8e56-22120e832e77: start FollowerState
2019-11-15 03:52:23,783 [Command processor thread] ERROR commandhandler.CloseContainerCommandHandler (CloseContainerCommandHandler.java:handle(84)) - Container #1 does not exist in datanode. Container close failed.
2019-11-15 03:52:23,818 [2d1b9a28-4ed6-4518-a989-fb5d866f5618@group-4D691BF5A7B5-LeaderElection74] INFO  impl.LeaderElection (LeaderElection.java:logAndReturn(56)) - 2d1b9a28-4ed6-4518-a989-fb5d866f5618@group-4D691BF5A7B5-LeaderElection74: Election PASSED; received 2 response(s) [2d1b9a28-4ed6-4518-a989-fb5d866f5618<-b5c8e6ac-78cf-4415-8687-784dd9b9d9de#0:OK-t1, 2d1b9a28-4ed6-4518-a989-fb5d866f5618<-09eef956-613c-46b0-8e56-22120e832e77#0:FAIL-t1] and 0 exception(s); 2d1b9a28-4ed6-4518-a989-fb5d866f5618@group-4D691BF5A7B5:t1, leader=null, voted=2d1b9a28-4ed6-4518-a989-fb5d866f5618, raftlog=2d1b9a28-4ed6-4518-a989-fb5d866f5618@group-4D691BF5A7B5-SegmentedRaftLog:OPENED:c-1,f-1,i0, conf=-1: [b5c8e6ac-78cf-4415-8687-784dd9b9d9de:192.168.157.206:35928, 2d1b9a28-4ed6-4518-a989-fb5d866f5618:192.168.157.206:39845, 09eef956-613c-46b0-8e56-22120e832e77:192.168.157.206:45763], old=null
2019-11-15 03:52:23,818 [2d1b9a28-4ed6-4518-a989-fb5d866f5618@group-4D691BF5A7B5-LeaderElection74] INFO  impl.RoleInfo (RoleInfo.java:shutdownLeaderElection(134)) - 2d1b9a28-4ed6-4518-a989-fb5d866f5618: shutdown LeaderElection
2019-11-15 03:52:23,818 [2d1b9a28-4ed6-4518-a989-fb5d866f5618@group-4D691BF5A7B5-LeaderElection74] INFO  impl.RaftServerImpl (RaftServerImpl.java:setRole(173)) - 2d1b9a28-4ed6-4518-a989-fb5d866f5618@group-4D691BF5A7B5: changes role from CANDIDATE to LEADER at term 1 for changeToLeader
2019-11-15 03:52:23,818 [2d1b9a28-4ed6-4518-a989-fb5d866f5618@group-4D691BF5A7B5-LeaderElection74] INFO  ratis.XceiverServerRatis (XceiverServerRatis.java:handleLeaderChangedNotification(697)) - Leader change notification received for group: group-4D691BF5A7B5 with new leaderId: 2d1b9a28-4ed6-4518-a989-fb5d866f5618
2019-11-15 03:52:23,818 [2d1b9a28-4ed6-4518-a989-fb5d866f5618@group-4D691BF5A7B5-LeaderElection74] INFO  impl.RaftServerImpl (ServerState.java:setLeader(255)) - 2d1b9a28-4ed6-4518-a989-fb5d866f5618@group-4D691BF5A7B5: change Leader from null to 2d1b9a28-4ed6-4518-a989-fb5d866f5618 at term 1 for becomeLeader, leader elected after 1104ms
2019-11-15 03:52:23,818 [2d1b9a28-4ed6-4518-a989-fb5d866f5618@group-4D691BF5A7B5-LeaderElection74] INFO  server.RaftServerConfigKeys (ConfUtils.java:logGet(43)) - raft.server.staging.catchup.gap = 1000 (default)
2019-11-15 03:52:23,818 [2d1b9a28-4ed6-4518-a989-fb5d866f5618@group-4D691BF5A7B5-LeaderElection74] INFO  server.RaftServerConfigKeys (ConfUtils.java:logGet(43)) - raft.server.rpc.sleep.time = 25ms (default)
2019-11-15 03:52:23,818 [2d1b9a28-4ed6-4518-a989-fb5d866f5618@group-4D691BF5A7B5-LeaderElection74] INFO  server.RaftServerConfigKeys (ConfUtils.java:logGet(43)) - raft.server.write.element-limit = 4096 (default)
2019-11-15 03:52:23,819 [2d1b9a28-4ed6-4518-a989-fb5d866f5618@group-4D691BF5A7B5-LeaderElection74] INFO  server.RaftServerConfigKeys (ConfUtils.java:logGet(43)) - raft.server.watch.timeout = 10s (default)
2019-11-15 03:52:23,819 [2d1b9a28-4ed6-4518-a989-fb5d866f5618@group-4D691BF5A7B5-LeaderElection74] INFO  server.RaftServerConfigKeys (ConfUtils.java:logGet(43)) - raft.server.watch.timeout.denomination = 1s (default)
2019-11-15 03:52:23,819 [2d1b9a28-4ed6-4518-a989-fb5d866f5618@group-4D691BF5A7B5-LeaderElection74] INFO  server.RaftServerConfigKeys (ConfUtils.java:logGet(43)) - raft.server.watch.element-limit = 65536 (default)
2019-11-15 03:52:23,819 [2d1b9a28-4ed6-4518-a989-fb5d866f5618@group-4D691BF5A7B5-LeaderElection74] INFO  server.RaftServerConfigKeys (ConfUtils.java:logGet(43)) - raft.server.log.appender.snapshot.chunk.size.max = 16MB (=16777216) (default)
2019-11-15 03:52:23,819 [EventQueue-PipelineReportForPipelineReportHandler] INFO  pipeline.PipelineStateManager (PipelineStateManager.java:openPipeline(134)) - Pipeline Pipeline[ Id: 6065c80e-43cf-4002-940a-4d691bf5a7b5, Nodes: b5c8e6ac-78cf-4415-8687-784dd9b9d9de{ip: 192.168.157.206, host: pr-hdds-2493-n7h87-1962818265, networkLocation: /rack1, certSerialId: null}09eef956-613c-46b0-8e56-22120e832e77{ip: 192.168.157.206, host: pr-hdds-2493-n7h87-1962818265, networkLocation: /rack1, certSerialId: null}2d1b9a28-4ed6-4518-a989-fb5d866f5618{ip: 192.168.157.206, host: pr-hdds-2493-n7h87-1962818265, networkLocation: /rack1, certSerialId: null}, Type:RATIS, Factor:THREE, State:OPEN] moved to OPEN state
2019-11-15 03:52:23,819 [2d1b9a28-4ed6-4518-a989-fb5d866f5618@group-4D691BF5A7B5-LeaderElection74] INFO  server.RaftServerConfigKeys (ConfUtils.java:logGet(43)) - raft.server.log.appender.buffer.byte-limit = 33554432 (custom)
2019-11-15 03:52:23,819 [2d1b9a28-4ed6-4518-a989-fb5d866f5618@group-4D691BF5A7B5-LeaderElection74] INFO  server.RaftServerConfigKeys (ConfUtils.java:logGet(43)) - raft.server.log.appender.buffer.element-limit = 1 (custom)
2019-11-15 03:52:23,819 [2d1b9a28-4ed6-4518-a989-fb5d866f5618@group-4D691BF5A7B5-LeaderElection74] INFO  grpc.GrpcConfigKeys$Server (ConfUtils.java:logGet(43)) - raft.grpc.server.leader.outstanding.appends.max = 128 (default)
2019-11-15 03:52:23,820 [2d1b9a28-4ed6-4518-a989-fb5d866f5618@group-4D691BF5A7B5-LeaderElection74] INFO  server.RaftServerConfigKeys (ConfUtils.java:logGet(43)) - raft.server.rpc.request.timeout = 3000ms (default)
2019-11-15 03:52:23,820 [2d1b9a28-4ed6-4518-a989-fb5d866f5618@group-4D691BF5A7B5-LeaderElection74] INFO  server.RaftServerConfigKeys (ConfUtils.java:logGet(43)) - raft.server.log.appender.install.snapshot.enabled = false (custom)
2019-11-15 03:52:23,820 [2d1b9a28-4ed6-4518-a989-fb5d866f5618@group-4D691BF5A7B5-LeaderElection74] WARN  impl.MetricRegistriesImpl (MetricRegistriesImpl.java:lambda$create$1(61)) - First MetricRegistry has been created without registering reporters. You may need to call MetricRegistries.global().addReportRegistration(...) before.
2019-11-15 03:52:23,820 [2d1b9a28-4ed6-4518-a989-fb5d866f5618@group-4D691BF5A7B5-LeaderElection74] INFO  server.RaftServerConfigKeys (ConfUtils.java:logGet(43)) - raft.server.log.appender.snapshot.chunk.size.max = 16MB (=16777216) (default)
2019-11-15 03:52:23,820 [2d1b9a28-4ed6-4518-a989-fb5d866f5618@group-4D691BF5A7B5-LeaderElection74] INFO  server.RaftServerConfigKeys (ConfUtils.java:logGet(43)) - raft.server.log.appender.buffer.byte-limit = 33554432 (custom)
2019-11-15 03:52:23,820 [2d1b9a28-4ed6-4518-a989-fb5d866f5618@group-4D691BF5A7B5-LeaderElection74] INFO  server.RaftServerConfigKeys (ConfUtils.java:logGet(43)) - raft.server.log.appender.buffer.element-limit = 1 (custom)
2019-11-15 03:52:23,820 [2d1b9a28-4ed6-4518-a989-fb5d866f5618@group-4D691BF5A7B5-LeaderElection74] INFO  grpc.GrpcConfigKeys$Server (ConfUtils.java:logGet(43)) - raft.grpc.server.leader.outstanding.appends.max = 128 (default)
2019-11-15 03:52:23,820 [2d1b9a28-4ed6-4518-a989-fb5d866f5618@group-4D691BF5A7B5-LeaderElection74] INFO  server.RaftServerConfigKeys (ConfUtils.java:logGet(43)) - raft.server.rpc.request.timeout = 3000ms (default)
2019-11-15 03:52:23,820 [2d1b9a28-4ed6-4518-a989-fb5d866f5618@group-4D691BF5A7B5-LeaderElection74] INFO  server.RaftServerConfigKeys (ConfUtils.java:logGet(43)) - raft.server.log.appender.install.snapshot.enabled = false (custom)
2019-11-15 03:52:23,821 [2d1b9a28-4ed6-4518-a989-fb5d866f5618@group-4D691BF5A7B5-LeaderElection74] INFO  impl.RoleInfo (RoleInfo.java:updateAndGet(143)) - 2d1b9a28-4ed6-4518-a989-fb5d866f5618: start LeaderState
2019-11-15 03:52:23,821 [2d1b9a28-4ed6-4518-a989-fb5d866f5618@group-4D691BF5A7B5-LeaderElection74] INFO  segmented.SegmentedRaftLogWorker (SegmentedRaftLogWorker.java:startLogSegment(385)) - 2d1b9a28-4ed6-4518-a989-fb5d866f5618@group-4D691BF5A7B5-SegmentedRaftLogWorker: Starting segment from index:0
2019-11-15 03:52:23,821 [2d1b9a28-4ed6-4518-a989-fb5d866f5618@group-4D691BF5A7B5-LeaderElection74] INFO  impl.RaftServerImpl (ServerState.java:setRaftConf(356)) - 2d1b9a28-4ed6-4518-a989-fb5d866f5618@group-4D691BF5A7B5: set configuration 0: [b5c8e6ac-78cf-4415-8687-784dd9b9d9de:192.168.157.206:35928, 2d1b9a28-4ed6-4518-a989-fb5d866f5618:192.168.157.206:39845, 09eef956-613c-46b0-8e56-22120e832e77:192.168.157.206:45763], old=null at 0
2019-11-15 03:52:23,822 [grpc-default-executor-5] INFO  ratis.XceiverServerRatis (XceiverServerRatis.java:handleLeaderChangedNotification(697)) - Leader change notification received for group: group-4D691BF5A7B5 with new leaderId: 2d1b9a28-4ed6-4518-a989-fb5d866f5618
2019-11-15 03:52:23,822 [grpc-default-executor-5] INFO  impl.RaftServerImpl (ServerState.java:setLeader(255)) - b5c8e6ac-78cf-4415-8687-784dd9b9d9de@group-4D691BF5A7B5: change Leader from null to 2d1b9a28-4ed6-4518-a989-fb5d866f5618 at term 1 for appendEntries, leader elected after 1109ms
2019-11-15 03:52:23,822 [grpc-default-executor-9] INFO  ratis.XceiverServerRatis (XceiverServerRatis.java:handleLeaderChangedNotification(697)) - Leader change notification received for group: group-4D691BF5A7B5 with new leaderId: 2d1b9a28-4ed6-4518-a989-fb5d866f5618
2019-11-15 03:52:23,823 [grpc-default-executor-9] INFO  impl.RaftServerImpl (ServerState.java:setLeader(255)) - 09eef956-613c-46b0-8e56-22120e832e77@group-4D691BF5A7B5: change Leader from null to 2d1b9a28-4ed6-4518-a989-fb5d866f5618 at term 1 for appendEntries, leader elected after 1108ms
2019-11-15 03:52:23,853 [grpc-default-executor-9] INFO  impl.RaftServerImpl (ServerState.java:setRaftConf(356)) - b5c8e6ac-78cf-4415-8687-784dd9b9d9de@group-4D691BF5A7B5: set configuration 0: [b5c8e6ac-78cf-4415-8687-784dd9b9d9de:192.168.157.206:35928, 2d1b9a28-4ed6-4518-a989-fb5d866f5618:192.168.157.206:39845, 09eef956-613c-46b0-8e56-22120e832e77:192.168.157.206:45763], old=null at 0
2019-11-15 03:52:23,853 [grpc-default-executor-9] INFO  segmented.SegmentedRaftLogWorker (SegmentedRaftLogWorker.java:startLogSegment(385)) - b5c8e6ac-78cf-4415-8687-784dd9b9d9de@group-4D691BF5A7B5-SegmentedRaftLogWorker: Starting segment from index:0
2019-11-15 03:52:23,853 [grpc-default-executor-5] INFO  impl.RaftServerImpl (ServerState.java:setRaftConf(356)) - 09eef956-613c-46b0-8e56-22120e832e77@group-4D691BF5A7B5: set configuration 0: [b5c8e6ac-78cf-4415-8687-784dd9b9d9de:192.168.157.206:35928, 2d1b9a28-4ed6-4518-a989-fb5d866f5618:192.168.157.206:39845, 09eef956-613c-46b0-8e56-22120e832e77:192.168.157.206:45763], old=null at 0
2019-11-15 03:52:23,854 [grpc-default-executor-5] INFO  segmented.SegmentedRaftLogWorker (SegmentedRaftLogWorker.java:startLogSegment(385)) - 09eef956-613c-46b0-8e56-22120e832e77@group-4D691BF5A7B5-SegmentedRaftLogWorker: Starting segment from index:0
2019-11-15 03:52:23,877 [2d1b9a28-4ed6-4518-a989-fb5d866f5618@group-4D691BF5A7B5-SegmentedRaftLogWorker] INFO  segmented.SegmentedRaftLogWorker (SegmentedRaftLogWorker.java:execute(576)) - 2d1b9a28-4ed6-4518-a989-fb5d866f5618@group-4D691BF5A7B5-SegmentedRaftLogWorker: created new log segment /workdir/hadoop-ozone/integration-test/target/test-dir/MiniOzoneClusterImpl-7bc5bb7c-5c55-4645-ae41-72269081a146/datanode-2/data/ratis/6065c80e-43cf-4002-940a-4d691bf5a7b5/current/log_inprogress_0
2019-11-15 03:52:23,880 [Thread-1690] INFO  impl.FollowerState (FollowerState.java:run(111)) - 43077e3c-832c-4164-9ae4-420ca2301748@group-224DE20BC576-FollowerState: change to CANDIDATE, lastRpcTime:1085ms, electionTimeout:1085ms
2019-11-15 03:52:23,880 [Thread-1690] INFO  impl.RoleInfo (RoleInfo.java:shutdownFollowerState(121)) - 43077e3c-832c-4164-9ae4-420ca2301748: shutdown FollowerState
2019-11-15 03:52:23,880 [Thread-1690] INFO  impl.RaftServerImpl (RaftServerImpl.java:setRole(173)) - 43077e3c-832c-4164-9ae4-420ca2301748@group-224DE20BC576: changes role from  FOLLOWER to CANDIDATE at term 0 for changeToCandidate
2019-11-15 03:52:23,880 [Thread-1690] INFO  impl.RoleInfo (RoleInfo.java:updateAndGet(143)) - 43077e3c-832c-4164-9ae4-420ca2301748: start LeaderElection
2019-11-15 03:52:23,911 [09eef956-613c-46b0-8e56-22120e832e77@group-4D691BF5A7B5-SegmentedRaftLogWorker] INFO  segmented.SegmentedRaftLogWorker (SegmentedRaftLogWorker.java:execute(576)) - 09eef956-613c-46b0-8e56-22120e832e77@group-4D691BF5A7B5-SegmentedRaftLogWorker: created new log segment /workdir/hadoop-ozone/integration-test/target/test-dir/MiniOzoneClusterImpl-7bc5bb7c-5c55-4645-ae41-72269081a146/datanode-1/data/ratis/6065c80e-43cf-4002-940a-4d691bf5a7b5/current/log_inprogress_0
2019-11-15 03:52:23,911 [b5c8e6ac-78cf-4415-8687-784dd9b9d9de@group-4D691BF5A7B5-SegmentedRaftLogWorker] INFO  segmented.SegmentedRaftLogWorker (SegmentedRaftLogWorker.java:execute(576)) - b5c8e6ac-78cf-4415-8687-784dd9b9d9de@group-4D691BF5A7B5-SegmentedRaftLogWorker: created new log segment /workdir/hadoop-ozone/integration-test/target/test-dir/MiniOzoneClusterImpl-7bc5bb7c-5c55-4645-ae41-72269081a146/datanode-0/data/ratis/6065c80e-43cf-4002-940a-4d691bf5a7b5/current/log_inprogress_0
2019-11-15 03:52:23,911 [43077e3c-832c-4164-9ae4-420ca2301748@group-224DE20BC576-LeaderElection76] INFO  impl.LeaderElection (LeaderElection.java:askForVotes(178)) - 43077e3c-832c-4164-9ae4-420ca2301748@group-224DE20BC576-LeaderElection76: begin an election at term 1 for -1: [43077e3c-832c-4164-9ae4-420ca2301748:192.168.157.206:45724], old=null
2019-11-15 03:52:23,911 [43077e3c-832c-4164-9ae4-420ca2301748@group-224DE20BC576-LeaderElection76] INFO  impl.RoleInfo (RoleInfo.java:shutdownLeaderElection(134)) - 43077e3c-832c-4164-9ae4-420ca2301748: shutdown LeaderElection
2019-11-15 03:52:23,912 [43077e3c-832c-4164-9ae4-420ca2301748@group-224DE20BC576-LeaderElection76] INFO  impl.RaftServerImpl (RaftServerImpl.java:setRole(173)) - 43077e3c-832c-4164-9ae4-420ca2301748@group-224DE20BC576: changes role from CANDIDATE to LEADER at term 1 for changeToLeader
2019-11-15 03:52:23,912 [43077e3c-832c-4164-9ae4-420ca2301748@group-224DE20BC576-LeaderElection76] INFO  ratis.XceiverServerRatis (XceiverServerRatis.java:handleLeaderChangedNotification(697)) - Leader change notification received for group: group-224DE20BC576 with new leaderId: 43077e3c-832c-4164-9ae4-420ca2301748
2019-11-15 03:52:23,912 [43077e3c-832c-4164-9ae4-420ca2301748@group-224DE20BC576-LeaderElection76] INFO  impl.RaftServerImpl (ServerState.java:setLeader(255)) - 43077e3c-832c-4164-9ae4-420ca2301748@group-224DE20BC576: change Leader from null to 43077e3c-832c-4164-9ae4-420ca2301748 at term 1 for becomeLeader, leader elected after 1120ms
2019-11-15 03:52:23,912 [43077e3c-832c-4164-9ae4-420ca2301748@group-224DE20BC576-LeaderElection76] INFO  server.RaftServerConfigKeys (ConfUtils.java:logGet(43)) - raft.server.staging.catchup.gap = 1000 (default)
2019-11-15 03:52:23,912 [43077e3c-832c-4164-9ae4-420ca2301748@group-224DE20BC576-LeaderElection76] INFO  server.RaftServerConfigKeys (ConfUtils.java:logGet(43)) - raft.server.rpc.sleep.time = 25ms (default)
2019-11-15 03:52:23,912 [43077e3c-832c-4164-9ae4-420ca2301748@group-224DE20BC576-LeaderElection76] INFO  server.RaftServerConfigKeys (ConfUtils.java:logGet(43)) - raft.server.write.element-limit = 4096 (default)
2019-11-15 03:52:23,913 [43077e3c-832c-4164-9ae4-420ca2301748@group-224DE20BC576-LeaderElection76] INFO  server.RaftServerConfigKeys (ConfUtils.java:logGet(43)) - raft.server.watch.timeout = 10s (default)
2019-11-15 03:52:23,913 [43077e3c-832c-4164-9ae4-420ca2301748@group-224DE20BC576-LeaderElection76] INFO  server.RaftServerConfigKeys (ConfUtils.java:logGet(43)) - raft.server.watch.timeout.denomination = 1s (default)
2019-11-15 03:52:23,913 [43077e3c-832c-4164-9ae4-420ca2301748@group-224DE20BC576-LeaderElection76] INFO  server.RaftServerConfigKeys (ConfUtils.java:logGet(43)) - raft.server.watch.element-limit = 65536 (default)
2019-11-15 03:52:23,913 [EventQueue-PipelineReportForPipelineReportHandler] INFO  pipeline.PipelineStateManager (PipelineStateManager.java:openPipeline(134)) - Pipeline Pipeline[ Id: 51ce7f08-ff1f-4bdd-b07f-224de20bc576, Nodes: 43077e3c-832c-4164-9ae4-420ca2301748{ip: 192.168.157.206, host: pr-hdds-2493-n7h87-1962818265, networkLocation: /rack1, certSerialId: null}, Type:RATIS, Factor:ONE, State:OPEN] moved to OPEN state
2019-11-15 03:52:23,913 [43077e3c-832c-4164-9ae4-420ca2301748@group-224DE20BC576-LeaderElection76] INFO  impl.RoleInfo (RoleInfo.java:updateAndGet(143)) - 43077e3c-832c-4164-9ae4-420ca2301748: start LeaderState
2019-11-15 03:52:23,913 [43077e3c-832c-4164-9ae4-420ca2301748@group-224DE20BC576-LeaderElection76] INFO  segmented.SegmentedRaftLogWorker (SegmentedRaftLogWorker.java:startLogSegment(385)) - 43077e3c-832c-4164-9ae4-420ca2301748@group-224DE20BC576-SegmentedRaftLogWorker: Starting segment from index:0
2019-11-15 03:52:23,914 [43077e3c-832c-4164-9ae4-420ca2301748@group-224DE20BC576-LeaderElection76] INFO  impl.RaftServerImpl (ServerState.java:setRaftConf(356)) - 43077e3c-832c-4164-9ae4-420ca2301748@group-224DE20BC576: set configuration 0: [43077e3c-832c-4164-9ae4-420ca2301748:192.168.157.206:45724], old=null at 0
2019-11-15 03:52:23,952 [Command processor thread] ERROR commandhandler.CloseContainerCommandHandler (CloseContainerCommandHandler.java:handle(84)) - Container #1 does not exist in datanode. Container close failed.
2019-11-15 03:52:23,954 [43077e3c-832c-4164-9ae4-420ca2301748@group-224DE20BC576-SegmentedRaftLogWorker] INFO  segmented.SegmentedRaftLogWorker (SegmentedRaftLogWorker.java:execute(576)) - 43077e3c-832c-4164-9ae4-420ca2301748@group-224DE20BC576-SegmentedRaftLogWorker: created new log segment /workdir/hadoop-ozone/integration-test/target/test-dir/MiniOzoneClusterImpl-7bc5bb7c-5c55-4645-ae41-72269081a146/datanode-6/data/ratis/51ce7f08-ff1f-4bdd-b07f-224de20bc576/current/log_inprogress_0
2019-11-15 03:52:24,033 [Thread-1694] INFO  impl.FollowerState (FollowerState.java:run(111)) - 8c6299e1-e84a-4bf3-8558-225b6553f707@group-38F0CD71F996-FollowerState: change to CANDIDATE, lastRpcTime:1162ms, electionTimeout:1162ms
2019-11-15 03:52:24,033 [Thread-1694] INFO  impl.RoleInfo (RoleInfo.java:shutdownFollowerState(121)) - 8c6299e1-e84a-4bf3-8558-225b6553f707: shutdown FollowerState
2019-11-15 03:52:24,033 [Thread-1694] INFO  impl.RaftServerImpl (RaftServerImpl.java:setRole(173)) - 8c6299e1-e84a-4bf3-8558-225b6553f707@group-38F0CD71F996: changes role from  FOLLOWER to CANDIDATE at term 0 for changeToCandidate
2019-11-15 03:52:24,033 [Thread-1694] INFO  impl.RoleInfo (RoleInfo.java:updateAndGet(143)) - 8c6299e1-e84a-4bf3-8558-225b6553f707: start LeaderElection
2019-11-15 03:52:24,065 [8c6299e1-e84a-4bf3-8558-225b6553f707@group-38F0CD71F996-LeaderElection77] INFO  impl.LeaderElection (LeaderElection.java:askForVotes(178)) - 8c6299e1-e84a-4bf3-8558-225b6553f707@group-38F0CD71F996-LeaderElection77: begin an election at term 1 for -1: [8c6299e1-e84a-4bf3-8558-225b6553f707:192.168.157.206:40623], old=null
2019-11-15 03:52:24,065 [8c6299e1-e84a-4bf3-8558-225b6553f707@group-38F0CD71F996-LeaderElection77] INFO  impl.RoleInfo (RoleInfo.java:shutdownLeaderElection(134)) - 8c6299e1-e84a-4bf3-8558-225b6553f707: shutdown LeaderElection
2019-11-15 03:52:24,065 [8c6299e1-e84a-4bf3-8558-225b6553f707@group-38F0CD71F996-LeaderElection77] INFO  impl.RaftServerImpl (RaftServerImpl.java:setRole(173)) - 8c6299e1-e84a-4bf3-8558-225b6553f707@group-38F0CD71F996: changes role from CANDIDATE to LEADER at term 1 for changeToLeader
2019-11-15 03:52:24,065 [8c6299e1-e84a-4bf3-8558-225b6553f707@group-38F0CD71F996-LeaderElection77] INFO  ratis.XceiverServerRatis (XceiverServerRatis.java:handleLeaderChangedNotification(697)) - Leader change notification received for group: group-38F0CD71F996 with new leaderId: 8c6299e1-e84a-4bf3-8558-225b6553f707
2019-11-15 03:52:24,066 [8c6299e1-e84a-4bf3-8558-225b6553f707@group-38F0CD71F996-LeaderElection77] INFO  impl.RaftServerImpl (ServerState.java:setLeader(255)) - 8c6299e1-e84a-4bf3-8558-225b6553f707@group-38F0CD71F996: change Leader from null to 8c6299e1-e84a-4bf3-8558-225b6553f707 at term 1 for becomeLeader, leader elected after 1197ms
2019-11-15 03:52:24,066 [8c6299e1-e84a-4bf3-8558-225b6553f707@group-38F0CD71F996-LeaderElection77] INFO  server.RaftServerConfigKeys (ConfUtils.java:logGet(43)) - raft.server.staging.catchup.gap = 1000 (default)
2019-11-15 03:52:24,066 [8c6299e1-e84a-4bf3-8558-225b6553f707@group-38F0CD71F996-LeaderElection77] INFO  server.RaftServerConfigKeys (ConfUtils.java:logGet(43)) - raft.server.rpc.sleep.time = 25ms (default)
2019-11-15 03:52:24,066 [8c6299e1-e84a-4bf3-8558-225b6553f707@group-38F0CD71F996-LeaderElection77] INFO  server.RaftServerConfigKeys (ConfUtils.java:logGet(43)) - raft.server.write.element-limit = 4096 (default)
2019-11-15 03:52:24,066 [EventQueue-PipelineReportForPipelineReportHandler] INFO  pipeline.PipelineStateManager (PipelineStateManager.java:openPipeline(134)) - Pipeline Pipeline[ Id: 3e196e81-4504-4c0e-adaa-38f0cd71f996, Nodes: 8c6299e1-e84a-4bf3-8558-225b6553f707{ip: 192.168.157.206, host: pr-hdds-2493-n7h87-1962818265, networkLocation: /rack1, certSerialId: null}, Type:RATIS, Factor:ONE, State:OPEN] moved to OPEN state
2019-11-15 03:52:24,066 [8c6299e1-e84a-4bf3-8558-225b6553f707@group-38F0CD71F996-LeaderElection77] INFO  server.RaftServerConfigKeys (ConfUtils.java:logGet(43)) - raft.server.watch.timeout = 10s (default)
2019-11-15 03:52:24,067 [8c6299e1-e84a-4bf3-8558-225b6553f707@group-38F0CD71F996-LeaderElection77] INFO  server.RaftServerConfigKeys (ConfUtils.java:logGet(43)) - raft.server.watch.timeout.denomination = 1s (default)
2019-11-15 03:52:24,067 [8c6299e1-e84a-4bf3-8558-225b6553f707@group-38F0CD71F996-LeaderElection77] INFO  server.RaftServerConfigKeys (ConfUtils.java:logGet(43)) - raft.server.watch.element-limit = 65536 (default)
2019-11-15 03:52:24,067 [8c6299e1-e84a-4bf3-8558-225b6553f707@group-38F0CD71F996-LeaderElection77] INFO  impl.RoleInfo (RoleInfo.java:updateAndGet(143)) - 8c6299e1-e84a-4bf3-8558-225b6553f707: start LeaderState
2019-11-15 03:52:24,070 [8c6299e1-e84a-4bf3-8558-225b6553f707@group-38F0CD71F996-LeaderElection77] INFO  segmented.SegmentedRaftLogWorker (SegmentedRaftLogWorker.java:startLogSegment(385)) - 8c6299e1-e84a-4bf3-8558-225b6553f707@group-38F0CD71F996-SegmentedRaftLogWorker: Starting segment from index:0
2019-11-15 03:52:24,070 [main] INFO  ozone.MiniOzoneClusterImpl (MiniOzoneClusterImpl.java:shutdown(352)) - Shutting down the Mini Ozone Cluster
2019-11-15 03:52:24,071 [main] INFO  ozone.MiniOzoneClusterImpl (MiniOzoneClusterImpl.java:stop(368)) - Stopping the Mini Ozone Cluster
2019-11-15 03:52:24,071 [8c6299e1-e84a-4bf3-8558-225b6553f707@group-38F0CD71F996-LeaderElection77] INFO  impl.RaftServerImpl (ServerState.java:setRaftConf(356)) - 8c6299e1-e84a-4bf3-8558-225b6553f707@group-38F0CD71F996: set configuration 0: [8c6299e1-e84a-4bf3-8558-225b6553f707:192.168.157.206:40623], old=null at 0
2019-11-15 03:52:24,071 [main] INFO  ozone.MiniOzoneClusterImpl (MiniOzoneClusterImpl.java:stopOM(438)) - Stopping the OzoneManager
2019-11-15 03:52:24,071 [main] INFO  ipc.Server (Server.java:stop(3082)) - Stopping server on 44405
2019-11-15 03:52:24,109 [Thread-1701] INFO  impl.FollowerState (FollowerState.java:run(111)) - 8c6299e1-e84a-4bf3-8558-225b6553f707@group-7A2BC8E9B85B-FollowerState: change to CANDIDATE, lastRpcTime:1025ms, electionTimeout:1001ms
2019-11-15 03:52:24,114 [Thread-1701] INFO  impl.RoleInfo (RoleInfo.java:shutdownFollowerState(121)) - 8c6299e1-e84a-4bf3-8558-225b6553f707: shutdown FollowerState
2019-11-15 03:52:24,114 [Thread-1705] INFO  impl.FollowerState (FollowerState.java:run(111)) - 3b6a93a1-3acb-43ad-9bac-2b83b325636a@group-7A2BC8E9B85B-FollowerState: change to CANDIDATE, lastRpcTime:1028ms, electionTimeout:1027ms
2019-11-15 03:52:24,114 [Thread-1701] INFO  impl.RaftServerImpl (RaftServerImpl.java:setRole(173)) - 8c6299e1-e84a-4bf3-8558-225b6553f707@group-7A2BC8E9B85B: changes role from  FOLLOWER to CANDIDATE at term 0 for changeToCandidate
2019-11-15 03:52:24,114 [Thread-1705] INFO  impl.RoleInfo (RoleInfo.java:shutdownFollowerState(121)) - 3b6a93a1-3acb-43ad-9bac-2b83b325636a: shutdown FollowerState
2019-11-15 03:52:24,117 [Thread-1705] INFO  impl.RaftServerImpl (RaftServerImpl.java:setRole(173)) - 3b6a93a1-3acb-43ad-9bac-2b83b325636a@group-7A2BC8E9B85B: changes role from  FOLLOWER to CANDIDATE at term 0 for changeToCandidate
2019-11-15 03:52:24,117 [Thread-1705] INFO  impl.RoleInfo (RoleInfo.java:updateAndGet(143)) - 3b6a93a1-3acb-43ad-9bac-2b83b325636a: start LeaderElection
2019-11-15 03:52:24,117 [Thread-1701] INFO  impl.RoleInfo (RoleInfo.java:updateAndGet(143)) - 8c6299e1-e84a-4bf3-8558-225b6553f707: start LeaderElection
2019-11-15 03:52:24,130 [IPC Server listener on 44405] INFO  ipc.Server (Server.java:run(1185)) - Stopping IPC Server listener on 44405
2019-11-15 03:52:24,135 [8c6299e1-e84a-4bf3-8558-225b6553f707@group-38F0CD71F996-SegmentedRaftLogWorker] INFO  segmented.SegmentedRaftLogWorker (SegmentedRaftLogWorker.java:execute(576)) - 8c6299e1-e84a-4bf3-8558-225b6553f707@group-38F0CD71F996-SegmentedRaftLogWorker: created new log segment /workdir/hadoop-ozone/integration-test/target/test-dir/MiniOzoneClusterImpl-7bc5bb7c-5c55-4645-ae41-72269081a146/datanode-9/data/ratis/3e196e81-4504-4c0e-adaa-38f0cd71f996/current/log_inprogress_0
2019-11-15 03:52:24,135 [main] INFO  ratis.OzoneManagerDoubleBuffer (OzoneManagerDoubleBuffer.java:stop(261)) - Stopping OMDoubleBuffer flush thread
2019-11-15 03:52:24,135 [IPC Server Responder] INFO  ipc.Server (Server.java:run(1319)) - Stopping IPC Server Responder
2019-11-15 03:52:24,137 [OMDoubleBufferFlushThread] INFO  ratis.OzoneManagerDoubleBuffer (OzoneManagerDoubleBuffer.java:flushTransactions(199)) - OMDoubleBuffer flush thread OMDoubleBufferFlushThread is interrupted and will exit. OMDoubleBufferFlushThread
2019-11-15 03:52:24,137 [main] INFO  utils.BackgroundService (BackgroundService.java:shutdown(151)) - Shutting down service KeyDeletingService
2019-11-15 03:52:24,138 [main] INFO  handler.ContextHandler (ContextHandler.java:doStop(910)) - Stopped o.e.j.w.WebAppContext@7f4701b1{/,null,UNAVAILABLE}{/ozoneManager}
2019-11-15 03:52:24,139 [main] INFO  server.AbstractConnector (AbstractConnector.java:doStop(318)) - Stopped ServerConnector@adcfad9{HTTP/1.1,[http/1.1]}{0.0.0.0:0}
2019-11-15 03:52:24,139 [main] INFO  handler.ContextHandler (ContextHandler.java:doStop(910)) - Stopped o.e.j.s.ServletContextHandler@6d33a66e{/static,file:///workdir/hadoop-ozone/integration-test/target/test-classes/webapps/static,UNAVAILABLE}
2019-11-15 03:52:24,139 [main] INFO  handler.ContextHandler (ContextHandler.java:doStop(910)) - Stopped o.e.j.s.ServletContextHandler@44fdce3c{/logs,file:///workdir/hadoop-ozone/integration-test/target/log,UNAVAILABLE}
2019-11-15 03:52:24,143 [main] INFO  ozone.MiniOzoneClusterImpl (MiniOzoneClusterImpl.java:stopDatanodes(415)) - Stopping the HddsDatanodes
2019-11-15 03:52:24,175 [Thread-1710] INFO  impl.FollowerState (FollowerState.java:run(111)) - b5c8e6ac-78cf-4415-8687-784dd9b9d9de@group-3B732DF8B222-FollowerState: change to CANDIDATE, lastRpcTime:1015ms, electionTimeout:1015ms
2019-11-15 03:52:24,176 [Thread-1710] INFO  impl.RoleInfo (RoleInfo.java:shutdownFollowerState(121)) - b5c8e6ac-78cf-4415-8687-784dd9b9d9de: shutdown FollowerState
2019-11-15 03:52:24,176 [Thread-1710] INFO  impl.RaftServerImpl (RaftServerImpl.java:setRole(173)) - b5c8e6ac-78cf-4415-8687-784dd9b9d9de@group-3B732DF8B222: changes role from  FOLLOWER to CANDIDATE at term 0 for changeToCandidate
2019-11-15 03:52:24,176 [Thread-1710] INFO  impl.RoleInfo (RoleInfo.java:updateAndGet(143)) - b5c8e6ac-78cf-4415-8687-784dd9b9d9de: start LeaderElection
2019-11-15 03:52:24,180 [8c6299e1-e84a-4bf3-8558-225b6553f707@group-7A2BC8E9B85B-LeaderElection78] INFO  impl.LeaderElection (LeaderElection.java:askForVotes(178)) - 8c6299e1-e84a-4bf3-8558-225b6553f707@group-7A2BC8E9B85B-LeaderElection78: begin an election at term 1 for -1: [8c6299e1-e84a-4bf3-8558-225b6553f707:192.168.157.206:40623, 3b6a93a1-3acb-43ad-9bac-2b83b325636a:192.168.157.206:37982, fae849f2-b585-4c8d-a748-375fffce3265:192.168.157.206:39095], old=null
2019-11-15 03:52:24,180 [3b6a93a1-3acb-43ad-9bac-2b83b325636a@group-7A2BC8E9B85B-LeaderElection79] INFO  impl.LeaderElection (LeaderElection.java:askForVotes(178)) - 3b6a93a1-3acb-43ad-9bac-2b83b325636a@group-7A2BC8E9B85B-LeaderElection79: begin an election at term 1 for -1: [8c6299e1-e84a-4bf3-8558-225b6553f707:192.168.157.206:40623, 3b6a93a1-3acb-43ad-9bac-2b83b325636a:192.168.157.206:37982, fae849f2-b585-4c8d-a748-375fffce3265:192.168.157.206:39095], old=null
2019-11-15 03:52:24,186 [grpc-default-executor-0] INFO  impl.RaftServerImpl (RaftServerImpl.java:setRole(173)) - fae849f2-b585-4c8d-a748-375fffce3265@group-7A2BC8E9B85B: changes role from  FOLLOWER to FOLLOWER at term 1 for recognizeCandidate:3b6a93a1-3acb-43ad-9bac-2b83b325636a
2019-11-15 03:52:24,186 [grpc-default-executor-0] INFO  impl.RoleInfo (RoleInfo.java:shutdownFollowerState(121)) - fae849f2-b585-4c8d-a748-375fffce3265: shutdown FollowerState
2019-11-15 03:52:24,187 [grpc-default-executor-0] INFO  impl.RoleInfo (RoleInfo.java:updateAndGet(143)) - fae849f2-b585-4c8d-a748-375fffce3265: start FollowerState
2019-11-15 03:52:24,187 [Thread-1704] INFO  impl.FollowerState (FollowerState.java:run(120)) - fae849f2-b585-4c8d-a748-375fffce3265@group-7A2BC8E9B85B-FollowerState was interrupted: java.lang.InterruptedException: sleep interrupted
2019-11-15 03:52:24,203 [b5c8e6ac-78cf-4415-8687-784dd9b9d9de@group-3B732DF8B222-LeaderElection80] INFO  impl.LeaderElection (LeaderElection.java:askForVotes(178)) - b5c8e6ac-78cf-4415-8687-784dd9b9d9de@group-3B732DF8B222-LeaderElection80: begin an election at term 1 for -1: [b5c8e6ac-78cf-4415-8687-784dd9b9d9de:192.168.157.206:35928], old=null
2019-11-15 03:52:24,203 [b5c8e6ac-78cf-4415-8687-784dd9b9d9de@group-3B732DF8B222-LeaderElection80] INFO  impl.RoleInfo (RoleInfo.java:shutdownLeaderElection(134)) - b5c8e6ac-78cf-4415-8687-784dd9b9d9de: shutdown LeaderElection
2019-11-15 03:52:24,203 [b5c8e6ac-78cf-4415-8687-784dd9b9d9de@group-3B732DF8B222-LeaderElection80] INFO  impl.RaftServerImpl (RaftServerImpl.java:setRole(173)) - b5c8e6ac-78cf-4415-8687-784dd9b9d9de@group-3B732DF8B222: changes role from CANDIDATE to LEADER at term 1 for changeToLeader
2019-11-15 03:52:24,203 [b5c8e6ac-78cf-4415-8687-784dd9b9d9de@group-3B732DF8B222-LeaderElection80] INFO  ratis.XceiverServerRatis (XceiverServerRatis.java:handleLeaderChangedNotification(697)) - Leader change notification received for group: group-3B732DF8B222 with new leaderId: b5c8e6ac-78cf-4415-8687-784dd9b9d9de
2019-11-15 03:52:24,203 [b5c8e6ac-78cf-4415-8687-784dd9b9d9de@group-3B732DF8B222-LeaderElection80] INFO  impl.RaftServerImpl (ServerState.java:setLeader(255)) - b5c8e6ac-78cf-4415-8687-784dd9b9d9de@group-3B732DF8B222: change Leader from null to b5c8e6ac-78cf-4415-8687-784dd9b9d9de at term 1 for becomeLeader, leader elected after 1045ms
2019-11-15 03:52:24,203 [3b6a93a1-3acb-43ad-9bac-2b83b325636a@group-7A2BC8E9B85B-LeaderElection79] INFO  impl.LeaderElection (LeaderElection.java:logAndReturn(56)) - 3b6a93a1-3acb-43ad-9bac-2b83b325636a@group-7A2BC8E9B85B-LeaderElection79: Election PASSED; received 2 response(s) [3b6a93a1-3acb-43ad-9bac-2b83b325636a<-8c6299e1-e84a-4bf3-8558-225b6553f707#0:FAIL-t1, 3b6a93a1-3acb-43ad-9bac-2b83b325636a<-fae849f2-b585-4c8d-a748-375fffce3265#0:OK-t1] and 0 exception(s); 3b6a93a1-3acb-43ad-9bac-2b83b325636a@group-7A2BC8E9B85B:t1, leader=null, voted=3b6a93a1-3acb-43ad-9bac-2b83b325636a, raftlog=3b6a93a1-3acb-43ad-9bac-2b83b325636a@group-7A2BC8E9B85B-SegmentedRaftLog:OPENED:c-1,f-1,i0, conf=-1: [8c6299e1-e84a-4bf3-8558-225b6553f707:192.168.157.206:40623, 3b6a93a1-3acb-43ad-9bac-2b83b325636a:192.168.157.206:37982, fae849f2-b585-4c8d-a748-375fffce3265:192.168.157.206:39095], old=null
2019-11-15 03:52:24,203 [b5c8e6ac-78cf-4415-8687-784dd9b9d9de@group-3B732DF8B222-LeaderElection80] INFO  server.RaftServerConfigKeys (ConfUtils.java:logGet(43)) - raft.server.staging.catchup.gap = 1000 (default)
2019-11-15 03:52:24,203 [8c6299e1-e84a-4bf3-8558-225b6553f707@group-7A2BC8E9B85B-LeaderElection78] INFO  impl.LeaderElection (LeaderElection.java:logAndReturn(56)) - 8c6299e1-e84a-4bf3-8558-225b6553f707@group-7A2BC8E9B85B-LeaderElection78: Election REJECTED; received 2 response(s) [8c6299e1-e84a-4bf3-8558-225b6553f707<-3b6a93a1-3acb-43ad-9bac-2b83b325636a#0:FAIL-t1, 8c6299e1-e84a-4bf3-8558-225b6553f707<-fae849f2-b585-4c8d-a748-375fffce3265#0:FAIL-t1] and 0 exception(s); 8c6299e1-e84a-4bf3-8558-225b6553f707@group-7A2BC8E9B85B:t1, leader=null, voted=8c6299e1-e84a-4bf3-8558-225b6553f707, raftlog=8c6299e1-e84a-4bf3-8558-225b6553f707@group-7A2BC8E9B85B-SegmentedRaftLog:OPENED:c-1,f-1,i0, conf=-1: [8c6299e1-e84a-4bf3-8558-225b6553f707:192.168.157.206:40623, 3b6a93a1-3acb-43ad-9bac-2b83b325636a:192.168.157.206:37982, fae849f2-b585-4c8d-a748-375fffce3265:192.168.157.206:39095], old=null
2019-11-15 03:52:24,203 [3b6a93a1-3acb-43ad-9bac-2b83b325636a@group-7A2BC8E9B85B-LeaderElection79] INFO  impl.RoleInfo (RoleInfo.java:shutdownLeaderElection(134)) - 3b6a93a1-3acb-43ad-9bac-2b83b325636a: shutdown LeaderElection
2019-11-15 03:52:24,204 [8c6299e1-e84a-4bf3-8558-225b6553f707@group-7A2BC8E9B85B-LeaderElection78] INFO  impl.RaftServerImpl (RaftServerImpl.java:setRole(173)) - 8c6299e1-e84a-4bf3-8558-225b6553f707@group-7A2BC8E9B85B: changes role from CANDIDATE to FOLLOWER at term 1 for DISCOVERED_A_NEW_TERM
2019-11-15 03:52:24,204 [b5c8e6ac-78cf-4415-8687-784dd9b9d9de@group-3B732DF8B222-LeaderElection80] INFO  server.RaftServerConfigKeys (ConfUtils.java:logGet(43)) - raft.server.rpc.sleep.time = 25ms (default)
2019-11-15 03:52:24,204 [8c6299e1-e84a-4bf3-8558-225b6553f707@group-7A2BC8E9B85B-LeaderElection78] INFO  impl.RoleInfo (RoleInfo.java:shutdownLeaderElection(134)) - 8c6299e1-e84a-4bf3-8558-225b6553f707: shutdown LeaderElection
2019-11-15 03:52:24,204 [3b6a93a1-3acb-43ad-9bac-2b83b325636a@group-7A2BC8E9B85B-LeaderElection79] INFO  impl.RaftServerImpl (RaftServerImpl.java:setRole(173)) - 3b6a93a1-3acb-43ad-9bac-2b83b325636a@group-7A2BC8E9B85B: changes role from CANDIDATE to LEADER at term 1 for changeToLeader
2019-11-15 03:52:24,204 [8c6299e1-e84a-4bf3-8558-225b6553f707@group-7A2BC8E9B85B-LeaderElection78] INFO  impl.RoleInfo (RoleInfo.java:updateAndGet(143)) - 8c6299e1-e84a-4bf3-8558-225b6553f707: start FollowerState
2019-11-15 03:52:24,204 [b5c8e6ac-78cf-4415-8687-784dd9b9d9de@group-3B732DF8B222-LeaderElection80] INFO  server.RaftServerConfigKeys (ConfUtils.java:logGet(43)) - raft.server.write.element-limit = 4096 (default)
2019-11-15 03:52:24,204 [EventQueue-PipelineReportForPipelineReportHandler] INFO  pipeline.PipelineStateManager (PipelineStateManager.java:openPipeline(134)) - Pipeline Pipeline[ Id: d8932cd0-37ae-4483-9a4f-3b732df8b222, Nodes: b5c8e6ac-78cf-4415-8687-784dd9b9d9de{ip: 192.168.157.206, host: pr-hdds-2493-n7h87-1962818265, networkLocation: /rack1, certSerialId: null}, Type:RATIS, Factor:ONE, State:OPEN] moved to OPEN state
2019-11-15 03:52:24,204 [3b6a93a1-3acb-43ad-9bac-2b83b325636a@group-7A2BC8E9B85B-LeaderElection79] INFO  ratis.XceiverServerRatis (XceiverServerRatis.java:handleLeaderChangedNotification(697)) - Leader change notification received for group: group-7A2BC8E9B85B with new leaderId: 3b6a93a1-3acb-43ad-9bac-2b83b325636a
2019-11-15 03:52:24,204 [b5c8e6ac-78cf-4415-8687-784dd9b9d9de@group-3B732DF8B222-LeaderElection80] INFO  server.RaftServerConfigKeys (ConfUtils.java:logGet(43)) - raft.server.watch.timeout = 10s (default)
2019-11-15 03:52:24,205 [Datanode State Machine Thread - 0] INFO  statemachine.DatanodeStateMachine (DatanodeStateMachine.java:lambda$startDaemon$0(355)) - Ozone container server started.
2019-11-15 03:52:24,205 [b5c8e6ac-78cf-4415-8687-784dd9b9d9de@group-3B732DF8B222-LeaderElection80] INFO  server.RaftServerConfigKeys (ConfUtils.java:logGet(43)) - raft.server.watch.timeout.denomination = 1s (default)
2019-11-15 03:52:24,205 [3b6a93a1-3acb-43ad-9bac-2b83b325636a@group-7A2BC8E9B85B-LeaderElection79] INFO  impl.RaftServerImpl (ServerState.java:setLeader(255)) - 3b6a93a1-3acb-43ad-9bac-2b83b325636a@group-7A2BC8E9B85B: change Leader from null to 3b6a93a1-3acb-43ad-9bac-2b83b325636a at term 1 for becomeLeader, leader elected after 1127ms
2019-11-15 03:52:24,205 [b5c8e6ac-78cf-4415-8687-784dd9b9d9de@group-3B732DF8B222-LeaderElection80] INFO  server.RaftServerConfigKeys (ConfUtils.java:logGet(43)) - raft.server.watch.element-limit = 65536 (default)
2019-11-15 03:52:24,205 [3b6a93a1-3acb-43ad-9bac-2b83b325636a@group-7A2BC8E9B85B-LeaderElection79] INFO  server.RaftServerConfigKeys (ConfUtils.java:logGet(43)) - raft.server.staging.catchup.gap = 1000 (default)
2019-11-15 03:52:24,205 [3b6a93a1-3acb-43ad-9bac-2b83b325636a@group-7A2BC8E9B85B-LeaderElection79] INFO  server.RaftServerConfigKeys (ConfUtils.java:logGet(43)) - raft.server.rpc.sleep.time = 25ms (default)
2019-11-15 03:52:24,205 [b5c8e6ac-78cf-4415-8687-784dd9b9d9de@group-3B732DF8B222-LeaderElection80] INFO  impl.RoleInfo (RoleInfo.java:updateAndGet(143)) - b5c8e6ac-78cf-4415-8687-784dd9b9d9de: start LeaderState
2019-11-15 03:52:24,205 [3b6a93a1-3acb-43ad-9bac-2b83b325636a@group-7A2BC8E9B85B-LeaderElection79] INFO  server.RaftServerConfigKeys (ConfUtils.java:logGet(43)) - raft.server.write.element-limit = 4096 (default)
2019-11-15 03:52:24,205 [3b6a93a1-3acb-43ad-9bac-2b83b325636a@group-7A2BC8E9B85B-LeaderElection79] INFO  server.RaftServerConfigKeys (ConfUtils.java:logGet(43)) - raft.server.watch.timeout = 10s (default)
2019-11-15 03:52:24,205 [3b6a93a1-3acb-43ad-9bac-2b83b325636a@group-7A2BC8E9B85B-LeaderElection79] INFO  server.RaftServerConfigKeys (ConfUtils.java:logGet(43)) - raft.server.watch.timeout.denomination = 1s (default)
2019-11-15 03:52:24,206 [b5c8e6ac-78cf-4415-8687-784dd9b9d9de@group-3B732DF8B222-LeaderElection80] INFO  segmented.SegmentedRaftLogWorker (SegmentedRaftLogWorker.java:startLogSegment(385)) - b5c8e6ac-78cf-4415-8687-784dd9b9d9de@group-3B732DF8B222-SegmentedRaftLogWorker: Starting segment from index:0
2019-11-15 03:52:24,206 [3b6a93a1-3acb-43ad-9bac-2b83b325636a@group-7A2BC8E9B85B-LeaderElection79] INFO  server.RaftServerConfigKeys (ConfUtils.java:logGet(43)) - raft.server.watch.element-limit = 65536 (default)
2019-11-15 03:52:24,206 [3b6a93a1-3acb-43ad-9bac-2b83b325636a@group-7A2BC8E9B85B-LeaderElection79] INFO  server.RaftServerConfigKeys (ConfUtils.java:logGet(43)) - raft.server.log.appender.snapshot.chunk.size.max = 16MB (=16777216) (default)
2019-11-15 03:52:24,206 [3b6a93a1-3acb-43ad-9bac-2b83b325636a@group-7A2BC8E9B85B-LeaderElection79] INFO  server.RaftServerConfigKeys (ConfUtils.java:logGet(43)) - raft.server.log.appender.buffer.byte-limit = 33554432 (custom)
2019-11-15 03:52:24,206 [b5c8e6ac-78cf-4415-8687-784dd9b9d9de@group-3B732DF8B222-LeaderElection80] INFO  impl.RaftServerImpl (ServerState.java:setRaftConf(356)) - b5c8e6ac-78cf-4415-8687-784dd9b9d9de@group-3B732DF8B222: set configuration 0: [b5c8e6ac-78cf-4415-8687-784dd9b9d9de:192.168.157.206:35928], old=null at 0
2019-11-15 03:52:24,206 [3b6a93a1-3acb-43ad-9bac-2b83b325636a@group-7A2BC8E9B85B-LeaderElection79] INFO  server.RaftServerConfigKeys (ConfUtils.java:logGet(43)) - raft.server.log.appender.buffer.element-limit = 1 (custom)
2019-11-15 03:52:24,206 [3b6a93a1-3acb-43ad-9bac-2b83b325636a@group-7A2BC8E9B85B-LeaderElection79] INFO  grpc.GrpcConfigKeys$Server (ConfUtils.java:logGet(43)) - raft.grpc.server.leader.outstanding.appends.max = 128 (default)
2019-11-15 03:52:24,206 [3b6a93a1-3acb-43ad-9bac-2b83b325636a@group-7A2BC8E9B85B-LeaderElection79] INFO  server.RaftServerConfigKeys (ConfUtils.java:logGet(43)) - raft.server.rpc.request.timeout = 3000ms (default)
2019-11-15 03:52:24,207 [3b6a93a1-3acb-43ad-9bac-2b83b325636a@group-7A2BC8E9B85B-LeaderElection79] INFO  server.RaftServerConfigKeys (ConfUtils.java:logGet(43)) - raft.server.log.appender.install.snapshot.enabled = false (custom)
2019-11-15 03:52:24,207 [3b6a93a1-3acb-43ad-9bac-2b83b325636a@group-7A2BC8E9B85B-LeaderElection79] WARN  impl.MetricRegistriesImpl (MetricRegistriesImpl.java:lambda$create$1(61)) - First MetricRegistry has been created without registering reporters. You may need to call MetricRegistries.global().addReportRegistration(...) before.
2019-11-15 03:52:24,207 [3b6a93a1-3acb-43ad-9bac-2b83b325636a@group-7A2BC8E9B85B-LeaderElection79] INFO  server.RaftServerConfigKeys (ConfUtils.java:logGet(43)) - raft.server.log.appender.snapshot.chunk.size.max = 16MB (=16777216) (default)
2019-11-15 03:52:24,207 [3b6a93a1-3acb-43ad-9bac-2b83b325636a@group-7A2BC8E9B85B-LeaderElection79] INFO  server.RaftServerConfigKeys (ConfUtils.java:logGet(43)) - raft.server.log.appender.buffer.byte-limit = 33554432 (custom)
2019-11-15 03:52:24,207 [3b6a93a1-3acb-43ad-9bac-2b83b325636a@group-7A2BC8E9B85B-LeaderElection79] INFO  server.RaftServerConfigKeys (ConfUtils.java:logGet(43)) - raft.server.log.appender.buffer.element-limit = 1 (custom)
2019-11-15 03:52:24,207 [3b6a93a1-3acb-43ad-9bac-2b83b325636a@group-7A2BC8E9B85B-LeaderElection79] INFO  grpc.GrpcConfigKeys$Server (ConfUtils.java:logGet(43)) - raft.grpc.server.leader.outstanding.appends.max = 128 (default)
2019-11-15 03:52:24,207 [3b6a93a1-3acb-43ad-9bac-2b83b325636a@group-7A2BC8E9B85B-LeaderElection79] INFO  server.RaftServerConfigKeys (ConfUtils.java:logGet(43)) - raft.server.rpc.request.timeout = 3000ms (default)
2019-11-15 03:52:24,207 [3b6a93a1-3acb-43ad-9bac-2b83b325636a@group-7A2BC8E9B85B-LeaderElection79] INFO  server.RaftServerConfigKeys (ConfUtils.java:logGet(43)) - raft.server.log.appender.install.snapshot.enabled = false (custom)
2019-11-15 03:52:24,207 [3b6a93a1-3acb-43ad-9bac-2b83b325636a@group-7A2BC8E9B85B-LeaderElection79] INFO  impl.RoleInfo (RoleInfo.java:updateAndGet(143)) - 3b6a93a1-3acb-43ad-9bac-2b83b325636a: start LeaderState
2019-11-15 03:52:24,208 [3b6a93a1-3acb-43ad-9bac-2b83b325636a@group-7A2BC8E9B85B-LeaderElection79] INFO  segmented.SegmentedRaftLogWorker (SegmentedRaftLogWorker.java:startLogSegment(385)) - 3b6a93a1-3acb-43ad-9bac-2b83b325636a@group-7A2BC8E9B85B-SegmentedRaftLogWorker: Starting segment from index:0
2019-11-15 03:52:24,208 [3b6a93a1-3acb-43ad-9bac-2b83b325636a@group-7A2BC8E9B85B-LeaderElection79] INFO  impl.RaftServerImpl (ServerState.java:setRaftConf(356)) - 3b6a93a1-3acb-43ad-9bac-2b83b325636a@group-7A2BC8E9B85B: set configuration 0: [8c6299e1-e84a-4bf3-8558-225b6553f707:192.168.157.206:40623, 3b6a93a1-3acb-43ad-9bac-2b83b325636a:192.168.157.206:37982, fae849f2-b585-4c8d-a748-375fffce3265:192.168.157.206:39095], old=null at 0
2019-11-15 03:52:24,209 [grpc-default-executor-0] INFO  ratis.XceiverServerRatis (XceiverServerRatis.java:handleLeaderChangedNotification(697)) - Leader change notification received for group: group-7A2BC8E9B85B with new leaderId: 3b6a93a1-3acb-43ad-9bac-2b83b325636a
2019-11-15 03:52:24,209 [grpc-default-executor-4] INFO  ratis.XceiverServerRatis (XceiverServerRatis.java:handleLeaderChangedNotification(697)) - Leader change notification received for group: group-7A2BC8E9B85B with new leaderId: 3b6a93a1-3acb-43ad-9bac-2b83b325636a
2019-11-15 03:52:24,209 [grpc-default-executor-0] INFO  impl.RaftServerImpl (ServerState.java:setLeader(255)) - 8c6299e1-e84a-4bf3-8558-225b6553f707@group-7A2BC8E9B85B: change Leader from null to 3b6a93a1-3acb-43ad-9bac-2b83b325636a at term 1 for appendEntries, leader elected after 1133ms
2019-11-15 03:52:24,210 [grpc-default-executor-4] INFO  impl.RaftServerImpl (ServerState.java:setLeader(255)) - fae849f2-b585-4c8d-a748-375fffce3265@group-7A2BC8E9B85B: change Leader from null to 3b6a93a1-3acb-43ad-9bac-2b83b325636a at term 1 for appendEntries, leader elected after 1133ms
2019-11-15 03:52:24,211 [grpc-default-executor-4] INFO  impl.RaftServerImpl (ServerState.java:setRaftConf(356)) - 8c6299e1-e84a-4bf3-8558-225b6553f707@group-7A2BC8E9B85B: set configuration 0: [8c6299e1-e84a-4bf3-8558-225b6553f707:192.168.157.206:40623, 3b6a93a1-3acb-43ad-9bac-2b83b325636a:192.168.157.206:37982, fae849f2-b585-4c8d-a748-375fffce3265:192.168.157.206:39095], old=null at 0
2019-11-15 03:52:24,212 [grpc-default-executor-0] INFO  impl.RaftServerImpl (ServerState.java:setRaftConf(356)) - fae849f2-b585-4c8d-a748-375fffce3265@group-7A2BC8E9B85B: set configuration 0: [8c6299e1-e84a-4bf3-8558-225b6553f707:192.168.157.206:40623, 3b6a93a1-3acb-43ad-9bac-2b83b325636a:192.168.157.206:37982, fae849f2-b585-4c8d-a748-375fffce3265:192.168.157.206:39095], old=null at 0
2019-11-15 03:52:24,212 [grpc-default-executor-4] INFO  segmented.SegmentedRaftLogWorker (SegmentedRaftLogWorker.java:startLogSegment(385)) - 8c6299e1-e84a-4bf3-8558-225b6553f707@group-7A2BC8E9B85B-SegmentedRaftLogWorker: Starting segment from index:0
2019-11-15 03:52:24,212 [grpc-default-executor-0] INFO  segmented.SegmentedRaftLogWorker (SegmentedRaftLogWorker.java:startLogSegment(385)) - fae849f2-b585-4c8d-a748-375fffce3265@group-7A2BC8E9B85B-SegmentedRaftLogWorker: Starting segment from index:0
2019-11-15 03:52:24,262 [b5c8e6ac-78cf-4415-8687-784dd9b9d9de@group-3B732DF8B222-SegmentedRaftLogWorker] INFO  segmented.SegmentedRaftLogWorker (SegmentedRaftLogWorker.java:execute(576)) - b5c8e6ac-78cf-4415-8687-784dd9b9d9de@group-3B732DF8B222-SegmentedRaftLogWorker: created new log segment /workdir/hadoop-ozone/integration-test/target/test-dir/MiniOzoneClusterImpl-7bc5bb7c-5c55-4645-ae41-72269081a146/datanode-0/data/ratis/d8932cd0-37ae-4483-9a4f-3b732df8b222/current/log_inprogress_0
2019-11-15 03:52:24,262 [fae849f2-b585-4c8d-a748-375fffce3265@group-7A2BC8E9B85B-SegmentedRaftLogWorker] INFO  segmented.SegmentedRaftLogWorker (SegmentedRaftLogWorker.java:execute(576)) - fae849f2-b585-4c8d-a748-375fffce3265@group-7A2BC8E9B85B-SegmentedRaftLogWorker: created new log segment /workdir/hadoop-ozone/integration-test/target/test-dir/MiniOzoneClusterImpl-7bc5bb7c-5c55-4645-ae41-72269081a146/datanode-4/data/ratis/37b1d0ea-750f-4ce8-bc9e-7a2bc8e9b85b/current/log_inprogress_0
2019-11-15 03:52:24,262 [8c6299e1-e84a-4bf3-8558-225b6553f707@group-7A2BC8E9B85B-SegmentedRaftLogWorker] INFO  segmented.SegmentedRaftLogWorker (SegmentedRaftLogWorker.java:execute(576)) - 8c6299e1-e84a-4bf3-8558-225b6553f707@group-7A2BC8E9B85B-SegmentedRaftLogWorker: created new log segment /workdir/hadoop-ozone/integration-test/target/test-dir/MiniOzoneClusterImpl-7bc5bb7c-5c55-4645-ae41-72269081a146/datanode-9/data/ratis/37b1d0ea-750f-4ce8-bc9e-7a2bc8e9b85b/current/log_inprogress_0
2019-11-15 03:52:24,262 [3b6a93a1-3acb-43ad-9bac-2b83b325636a@group-7A2BC8E9B85B-SegmentedRaftLogWorker] INFO  segmented.SegmentedRaftLogWorker (SegmentedRaftLogWorker.java:execute(576)) - 3b6a93a1-3acb-43ad-9bac-2b83b325636a@group-7A2BC8E9B85B-SegmentedRaftLogWorker: created new log segment /workdir/hadoop-ozone/integration-test/target/test-dir/MiniOzoneClusterImpl-7bc5bb7c-5c55-4645-ae41-72269081a146/datanode-5/data/ratis/37b1d0ea-750f-4ce8-bc9e-7a2bc8e9b85b/current/log_inprogress_0
2019-11-15 03:52:24,304 [Thread-1714] INFO  impl.FollowerState (FollowerState.java:run(111)) - 1f296aea-c4ef-4ad0-bd70-4536dedd0da2@group-95B46214243D-FollowerState: change to CANDIDATE, lastRpcTime:1087ms, electionTimeout:1087ms
2019-11-15 03:52:24,304 [Thread-1714] INFO  impl.RoleInfo (RoleInfo.java:shutdownFollowerState(121)) - 1f296aea-c4ef-4ad0-bd70-4536dedd0da2: shutdown FollowerState
2019-11-15 03:52:24,304 [Thread-1714] INFO  impl.RaftServerImpl (RaftServerImpl.java:setRole(173)) - 1f296aea-c4ef-4ad0-bd70-4536dedd0da2@group-95B46214243D: changes role from  FOLLOWER to CANDIDATE at term 0 for changeToCandidate
2019-11-15 03:52:24,305 [Thread-1714] INFO  impl.RoleInfo (RoleInfo.java:updateAndGet(143)) - 1f296aea-c4ef-4ad0-bd70-4536dedd0da2: start LeaderElection
2019-11-15 03:52:24,330 [Thread-1718] INFO  impl.FollowerState (FollowerState.java:run(111)) - 210c69a5-373c-4b50-aa91-938bcd06c3c6@group-2AD0BAFC8731-FollowerState: change to CANDIDATE, lastRpcTime:1053ms, electionTimeout:1053ms
2019-11-15 03:52:24,330 [Thread-1718] INFO  impl.RoleInfo (RoleInfo.java:shutdownFollowerState(121)) - 210c69a5-373c-4b50-aa91-938bcd06c3c6: shutdown FollowerState
2019-11-15 03:52:24,330 [Thread-1718] INFO  impl.RaftServerImpl (RaftServerImpl.java:setRole(173)) - 210c69a5-373c-4b50-aa91-938bcd06c3c6@group-2AD0BAFC8731: changes role from  FOLLOWER to CANDIDATE at term 0 for changeToCandidate
2019-11-15 03:52:24,330 [Thread-1718] INFO  impl.RoleInfo (RoleInfo.java:updateAndGet(143)) - 210c69a5-373c-4b50-aa91-938bcd06c3c6: start LeaderElection
2019-11-15 03:52:24,338 [1f296aea-c4ef-4ad0-bd70-4536dedd0da2@group-95B46214243D-LeaderElection81] INFO  impl.LeaderElection (LeaderElection.java:askForVotes(178)) - 1f296aea-c4ef-4ad0-bd70-4536dedd0da2@group-95B46214243D-LeaderElection81: begin an election at term 1 for -1: [1f296aea-c4ef-4ad0-bd70-4536dedd0da2:192.168.157.206:43123], old=null
2019-11-15 03:52:24,338 [1f296aea-c4ef-4ad0-bd70-4536dedd0da2@group-95B46214243D-LeaderElection81] INFO  impl.RoleInfo (RoleInfo.java:shutdownLeaderElection(134)) - 1f296aea-c4ef-4ad0-bd70-4536dedd0da2: shutdown LeaderElection
2019-11-15 03:52:24,338 [1f296aea-c4ef-4ad0-bd70-4536dedd0da2@group-95B46214243D-LeaderElection81] INFO  impl.RaftServerImpl (RaftServerImpl.java:setRole(173)) - 1f296aea-c4ef-4ad0-bd70-4536dedd0da2@group-95B46214243D: changes role from CANDIDATE to LEADER at term 1 for changeToLeader
2019-11-15 03:52:24,338 [1f296aea-c4ef-4ad0-bd70-4536dedd0da2@group-95B46214243D-LeaderElection81] INFO  ratis.XceiverServerRatis (XceiverServerRatis.java:handleLeaderChangedNotification(697)) - Leader change notification received for group: group-95B46214243D with new leaderId: 1f296aea-c4ef-4ad0-bd70-4536dedd0da2
2019-11-15 03:52:24,339 [1f296aea-c4ef-4ad0-bd70-4536dedd0da2@group-95B46214243D-LeaderElection81] INFO  impl.RaftServerImpl (ServerState.java:setLeader(255)) - 1f296aea-c4ef-4ad0-bd70-4536dedd0da2@group-95B46214243D: change Leader from null to 1f296aea-c4ef-4ad0-bd70-4536dedd0da2 at term 1 for becomeLeader, leader elected after 1124ms
2019-11-15 03:52:24,339 [1f296aea-c4ef-4ad0-bd70-4536dedd0da2@group-95B46214243D-LeaderElection81] INFO  server.RaftServerConfigKeys (ConfUtils.java:logGet(43)) - raft.server.staging.catchup.gap = 1000 (default)
2019-11-15 03:52:24,339 [1f296aea-c4ef-4ad0-bd70-4536dedd0da2@group-95B46214243D-LeaderElection81] INFO  server.RaftServerConfigKeys (ConfUtils.java:logGet(43)) - raft.server.rpc.sleep.time = 25ms (default)
2019-11-15 03:52:24,339 [1f296aea-c4ef-4ad0-bd70-4536dedd0da2@group-95B46214243D-LeaderElection81] INFO  server.RaftServerConfigKeys (ConfUtils.java:logGet(43)) - raft.server.write.element-limit = 4096 (default)
2019-11-15 03:52:24,339 [1f296aea-c4ef-4ad0-bd70-4536dedd0da2@group-95B46214243D-LeaderElection81] INFO  server.RaftServerConfigKeys (ConfUtils.java:logGet(43)) - raft.server.watch.timeout = 10s (default)
2019-11-15 03:52:24,339 [1f296aea-c4ef-4ad0-bd70-4536dedd0da2@group-95B46214243D-LeaderElection81] INFO  server.RaftServerConfigKeys (ConfUtils.java:logGet(43)) - raft.server.watch.timeout.denomination = 1s (default)
2019-11-15 03:52:24,339 [1f296aea-c4ef-4ad0-bd70-4536dedd0da2@group-95B46214243D-LeaderElection81] INFO  server.RaftServerConfigKeys (ConfUtils.java:logGet(43)) - raft.server.watch.element-limit = 65536 (default)
2019-11-15 03:52:24,340 [1f296aea-c4ef-4ad0-bd70-4536dedd0da2@group-95B46214243D-LeaderElection81] INFO  impl.RoleInfo (RoleInfo.java:updateAndGet(143)) - 1f296aea-c4ef-4ad0-bd70-4536dedd0da2: start LeaderState
2019-11-15 03:52:24,340 [EventQueue-PipelineReportForPipelineReportHandler] INFO  pipeline.PipelineStateManager (PipelineStateManager.java:openPipeline(134)) - Pipeline Pipeline[ Id: 3b5ee69a-58c7-40d0-b86c-95b46214243d, Nodes: 1f296aea-c4ef-4ad0-bd70-4536dedd0da2{ip: 192.168.157.206, host: pr-hdds-2493-n7h87-1962818265, networkLocation: /rack1, certSerialId: null}, Type:RATIS, Factor:ONE, State:OPEN] moved to OPEN state
2019-11-15 03:52:24,340 [1f296aea-c4ef-4ad0-bd70-4536dedd0da2@group-95B46214243D-LeaderElection81] INFO  segmented.SegmentedRaftLogWorker (SegmentedRaftLogWorker.java:startLogSegment(385)) - 1f296aea-c4ef-4ad0-bd70-4536dedd0da2@group-95B46214243D-SegmentedRaftLogWorker: Starting segment from index:0
2019-11-15 03:52:24,340 [1f296aea-c4ef-4ad0-bd70-4536dedd0da2@group-95B46214243D-LeaderElection81] INFO  impl.RaftServerImpl (ServerState.java:setRaftConf(356)) - 1f296aea-c4ef-4ad0-bd70-4536dedd0da2@group-95B46214243D: set configuration 0: [1f296aea-c4ef-4ad0-bd70-4536dedd0da2:192.168.157.206:43123], old=null at 0
2019-11-15 03:52:24,361 [Thread-1722] INFO  impl.FollowerState (FollowerState.java:run(111)) - 09eef956-613c-46b0-8e56-22120e832e77@group-260154C42E13-FollowerState: change to CANDIDATE, lastRpcTime:1014ms, electionTimeout:1014ms
2019-11-15 03:52:24,361 [Thread-1722] INFO  impl.RoleInfo (RoleInfo.java:shutdownFollowerState(121)) - 09eef956-613c-46b0-8e56-22120e832e77: shutdown FollowerState
2019-11-15 03:52:24,361 [Thread-1722] INFO  impl.RaftServerImpl (RaftServerImpl.java:setRole(173)) - 09eef956-613c-46b0-8e56-22120e832e77@group-260154C42E13: changes role from  FOLLOWER to CANDIDATE at term 0 for changeToCandidate
2019-11-15 03:52:24,361 [Thread-1722] INFO  impl.RoleInfo (RoleInfo.java:updateAndGet(143)) - 09eef956-613c-46b0-8e56-22120e832e77: start LeaderElection
2019-11-15 03:52:24,382 [210c69a5-373c-4b50-aa91-938bcd06c3c6@group-2AD0BAFC8731-LeaderElection82] INFO  impl.LeaderElection (LeaderElection.java:askForVotes(178)) - 210c69a5-373c-4b50-aa91-938bcd06c3c6@group-2AD0BAFC8731-LeaderElection82: begin an election at term 1 for -1: [210c69a5-373c-4b50-aa91-938bcd06c3c6:192.168.157.206:43947], old=null
2019-11-15 03:52:24,382 [210c69a5-373c-4b50-aa91-938bcd06c3c6@group-2AD0BAFC8731-LeaderElection82] INFO  impl.RoleInfo (RoleInfo.java:shutdownLeaderElection(134)) - 210c69a5-373c-4b50-aa91-938bcd06c3c6: shutdown LeaderElection
2019-11-15 03:52:24,382 [210c69a5-373c-4b50-aa91-938bcd06c3c6@group-2AD0BAFC8731-LeaderElection82] INFO  impl.RaftServerImpl (RaftServerImpl.java:setRole(173)) - 210c69a5-373c-4b50-aa91-938bcd06c3c6@group-2AD0BAFC8731: changes role from CANDIDATE to LEADER at term 1 for changeToLeader
2019-11-15 03:52:24,382 [210c69a5-373c-4b50-aa91-938bcd06c3c6@group-2AD0BAFC8731-LeaderElection82] INFO  ratis.XceiverServerRatis (XceiverServerRatis.java:handleLeaderChangedNotification(697)) - Leader change notification received for group: group-2AD0BAFC8731 with new leaderId: 210c69a5-373c-4b50-aa91-938bcd06c3c6
2019-11-15 03:52:24,382 [210c69a5-373c-4b50-aa91-938bcd06c3c6@group-2AD0BAFC8731-LeaderElection82] INFO  impl.RaftServerImpl (ServerState.java:setLeader(255)) - 210c69a5-373c-4b50-aa91-938bcd06c3c6@group-2AD0BAFC8731: change Leader from null to 210c69a5-373c-4b50-aa91-938bcd06c3c6 at term 1 for becomeLeader, leader elected after 1108ms
2019-11-15 03:52:24,383 [210c69a5-373c-4b50-aa91-938bcd06c3c6@group-2AD0BAFC8731-LeaderElection82] INFO  server.RaftServerConfigKeys (ConfUtils.java:logGet(43)) - raft.server.staging.catchup.gap = 1000 (default)
2019-11-15 03:52:24,383 [210c69a5-373c-4b50-aa91-938bcd06c3c6@group-2AD0BAFC8731-LeaderElection82] INFO  server.RaftServerConfigKeys (ConfUtils.java:logGet(43)) - raft.server.rpc.sleep.time = 25ms (default)
2019-11-15 03:52:24,383 [210c69a5-373c-4b50-aa91-938bcd06c3c6@group-2AD0BAFC8731-LeaderElection82] INFO  server.RaftServerConfigKeys (ConfUtils.java:logGet(43)) - raft.server.write.element-limit = 4096 (default)
2019-11-15 03:52:24,383 [210c69a5-373c-4b50-aa91-938bcd06c3c6@group-2AD0BAFC8731-LeaderElection82] INFO  server.RaftServerConfigKeys (ConfUtils.java:logGet(43)) - raft.server.watch.timeout = 10s (default)
2019-11-15 03:52:24,383 [210c69a5-373c-4b50-aa91-938bcd06c3c6@group-2AD0BAFC8731-LeaderElection82] INFO  server.RaftServerConfigKeys (ConfUtils.java:logGet(43)) - raft.server.watch.timeout.denomination = 1s (default)
2019-11-15 03:52:24,383 [210c69a5-373c-4b50-aa91-938bcd06c3c6@group-2AD0BAFC8731-LeaderElection82] INFO  server.RaftServerConfigKeys (ConfUtils.java:logGet(43)) - raft.server.watch.element-limit = 65536 (default)
2019-11-15 03:52:24,383 [EventQueue-PipelineReportForPipelineReportHandler] INFO  pipeline.PipelineStateManager (PipelineStateManager.java:openPipeline(134)) - Pipeline Pipeline[ Id: b0b2fc4a-ad4a-46d8-b2fc-2ad0bafc8731, Nodes: 210c69a5-373c-4b50-aa91-938bcd06c3c6{ip: 192.168.157.206, host: pr-hdds-2493-n7h87-1962818265, networkLocation: /rack1, certSerialId: null}, Type:RATIS, Factor:ONE, State:OPEN] moved to OPEN state
2019-11-15 03:52:24,384 [210c69a5-373c-4b50-aa91-938bcd06c3c6@group-2AD0BAFC8731-LeaderElection82] INFO  impl.RoleInfo (RoleInfo.java:updateAndGet(143)) - 210c69a5-373c-4b50-aa91-938bcd06c3c6: start LeaderState
2019-11-15 03:52:24,384 [210c69a5-373c-4b50-aa91-938bcd06c3c6@group-2AD0BAFC8731-LeaderElection82] INFO  segmented.SegmentedRaftLogWorker (SegmentedRaftLogWorker.java:startLogSegment(385)) - 210c69a5-373c-4b50-aa91-938bcd06c3c6@group-2AD0BAFC8731-SegmentedRaftLogWorker: Starting segment from index:0
2019-11-15 03:52:24,384 [210c69a5-373c-4b50-aa91-938bcd06c3c6@group-2AD0BAFC8731-LeaderElection82] INFO  impl.RaftServerImpl (ServerState.java:setRaftConf(356)) - 210c69a5-373c-4b50-aa91-938bcd06c3c6@group-2AD0BAFC8731: set configuration 0: [210c69a5-373c-4b50-aa91-938bcd06c3c6:192.168.157.206:43947], old=null at 0
2019-11-15 03:52:24,406 [1f296aea-c4ef-4ad0-bd70-4536dedd0da2@group-95B46214243D-SegmentedRaftLogWorker] INFO  segmented.SegmentedRaftLogWorker (SegmentedRaftLogWorker.java:execute(576)) - 1f296aea-c4ef-4ad0-bd70-4536dedd0da2@group-95B46214243D-SegmentedRaftLogWorker: created new log segment /workdir/hadoop-ozone/integration-test/target/test-dir/MiniOzoneClusterImpl-7bc5bb7c-5c55-4645-ae41-72269081a146/datanode-7/data/ratis/3b5ee69a-58c7-40d0-b86c-95b46214243d/current/log_inprogress_0
2019-11-15 03:52:24,406 [09eef956-613c-46b0-8e56-22120e832e77@group-260154C42E13-LeaderElection83] INFO  impl.LeaderElection (LeaderElection.java:askForVotes(178)) - 09eef956-613c-46b0-8e56-22120e832e77@group-260154C42E13-LeaderElection83: begin an election at term 1 for -1: [09eef956-613c-46b0-8e56-22120e832e77:192.168.157.206:45763], old=null
2019-11-15 03:52:24,406 [09eef956-613c-46b0-8e56-22120e832e77@group-260154C42E13-LeaderElection83] INFO  impl.RoleInfo (RoleInfo.java:shutdownLeaderElection(134)) - 09eef956-613c-46b0-8e56-22120e832e77: shutdown LeaderElection
2019-11-15 03:52:24,406 [09eef956-613c-46b0-8e56-22120e832e77@group-260154C42E13-LeaderElection83] INFO  impl.RaftServerImpl (RaftServerImpl.java:setRole(173)) - 09eef956-613c-46b0-8e56-22120e832e77@group-260154C42E13: changes role from CANDIDATE to LEADER at term 1 for changeToLeader
2019-11-15 03:52:24,406 [09eef956-613c-46b0-8e56-22120e832e77@group-260154C42E13-LeaderElection83] INFO  ratis.XceiverServerRatis (XceiverServerRatis.java:handleLeaderChangedNotification(697)) - Leader change notification received for group: group-260154C42E13 with new leaderId: 09eef956-613c-46b0-8e56-22120e832e77
2019-11-15 03:52:24,406 [09eef956-613c-46b0-8e56-22120e832e77@group-260154C42E13-LeaderElection83] INFO  impl.RaftServerImpl (ServerState.java:setLeader(255)) - 09eef956-613c-46b0-8e56-22120e832e77@group-260154C42E13: change Leader from null to 09eef956-613c-46b0-8e56-22120e832e77 at term 1 for becomeLeader, leader elected after 1063ms
2019-11-15 03:52:24,406 [09eef956-613c-46b0-8e56-22120e832e77@group-260154C42E13-LeaderElection83] INFO  server.RaftServerConfigKeys (ConfUtils.java:logGet(43)) - raft.server.staging.catchup.gap = 1000 (default)
2019-11-15 03:52:24,406 [09eef956-613c-46b0-8e56-22120e832e77@group-260154C42E13-LeaderElection83] INFO  server.RaftServerConfigKeys (ConfUtils.java:logGet(43)) - raft.server.rpc.sleep.time = 25ms (default)
2019-11-15 03:52:24,407 [09eef956-613c-46b0-8e56-22120e832e77@group-260154C42E13-LeaderElection83] INFO  server.RaftServerConfigKeys (ConfUtils.java:logGet(43)) - raft.server.write.element-limit = 4096 (default)
2019-11-15 03:52:24,407 [09eef956-613c-46b0-8e56-22120e832e77@group-260154C42E13-LeaderElection83] INFO  server.RaftServerConfigKeys (ConfUtils.java:logGet(43)) - raft.server.watch.timeout = 10s (default)
2019-11-15 03:52:24,407 [09eef956-613c-46b0-8e56-22120e832e77@group-260154C42E13-LeaderElection83] INFO  server.RaftServerConfigKeys (ConfUtils.java:logGet(43)) - raft.server.watch.timeout.denomination = 1s (default)
2019-11-15 03:52:24,407 [09eef956-613c-46b0-8e56-22120e832e77@group-260154C42E13-LeaderElection83] INFO  server.RaftServerConfigKeys (ConfUtils.java:logGet(43)) - raft.server.watch.element-limit = 65536 (default)
2019-11-15 03:52:24,407 [09eef956-613c-46b0-8e56-22120e832e77@group-260154C42E13-LeaderElection83] INFO  impl.RoleInfo (RoleInfo.java:updateAndGet(143)) - 09eef956-613c-46b0-8e56-22120e832e77: start LeaderState
2019-11-15 03:52:24,407 [09eef956-613c-46b0-8e56-22120e832e77@group-260154C42E13-LeaderElection83] INFO  segmented.SegmentedRaftLogWorker (SegmentedRaftLogWorker.java:startLogSegment(385)) - 09eef956-613c-46b0-8e56-22120e832e77@group-260154C42E13-SegmentedRaftLogWorker: Starting segment from index:0
2019-11-15 03:52:24,407 [EventQueue-PipelineReportForPipelineReportHandler] INFO  pipeline.PipelineStateManager (PipelineStateManager.java:openPipeline(134)) - Pipeline Pipeline[ Id: 3b640dbc-4a47-4e6e-8d32-260154c42e13, Nodes: 09eef956-613c-46b0-8e56-22120e832e77{ip: 192.168.157.206, host: pr-hdds-2493-n7h87-1962818265, networkLocation: /rack1, certSerialId: null}, Type:RATIS, Factor:ONE, State:OPEN] moved to OPEN state
2019-11-15 03:52:24,407 [09eef956-613c-46b0-8e56-22120e832e77@group-260154C42E13-LeaderElection83] INFO  impl.RaftServerImpl (ServerState.java:setRaftConf(356)) - 09eef956-613c-46b0-8e56-22120e832e77@group-260154C42E13: set configuration 0: [09eef956-613c-46b0-8e56-22120e832e77:192.168.157.206:45763], old=null at 0
2019-11-15 03:52:24,448 [210c69a5-373c-4b50-aa91-938bcd06c3c6@group-2AD0BAFC8731-SegmentedRaftLogWorker] INFO  segmented.SegmentedRaftLogWorker (SegmentedRaftLogWorker.java:execute(576)) - 210c69a5-373c-4b50-aa91-938bcd06c3c6@group-2AD0BAFC8731-SegmentedRaftLogWorker: created new log segment /workdir/hadoop-ozone/integration-test/target/test-dir/MiniOzoneClusterImpl-7bc5bb7c-5c55-4645-ae41-72269081a146/datanode-8/data/ratis/b0b2fc4a-ad4a-46d8-b2fc-2ad0bafc8731/current/log_inprogress_0
2019-11-15 03:52:24,465 [09eef956-613c-46b0-8e56-22120e832e77@group-260154C42E13-SegmentedRaftLogWorker] INFO  segmented.SegmentedRaftLogWorker (SegmentedRaftLogWorker.java:execute(576)) - 09eef956-613c-46b0-8e56-22120e832e77@group-260154C42E13-SegmentedRaftLogWorker: created new log segment /workdir/hadoop-ozone/integration-test/target/test-dir/MiniOzoneClusterImpl-7bc5bb7c-5c55-4645-ae41-72269081a146/datanode-1/data/ratis/3b640dbc-4a47-4e6e-8d32-260154c42e13/current/log_inprogress_0
2019-11-15 03:52:24,818 [Datanode State Machine Thread - 0] INFO  statemachine.DatanodeStateMachine (DatanodeStateMachine.java:lambda$startDaemon$0(355)) - Ozone container server started.
2019-11-15 03:52:29,144 [ForkJoinPool.commonPool-worker-1] INFO  ozoneimpl.OzoneContainer (OzoneContainer.java:stop(244)) - Attempting to stop container services.
2019-11-15 03:52:29,144 [main] INFO  ozoneimpl.OzoneContainer (OzoneContainer.java:stop(244)) - Attempting to stop container services.
2019-11-15 03:52:29,146 [ForkJoinPool.commonPool-worker-1] INFO  impl.RaftServerProxy (RaftServerProxy.java:lambda$close$4(314)) - 2d1b9a28-4ed6-4518-a989-fb5d866f5618: close
2019-11-15 03:52:29,146 [main] INFO  impl.RaftServerProxy (RaftServerProxy.java:lambda$close$4(314)) - 3b6a93a1-3acb-43ad-9bac-2b83b325636a: close
2019-11-15 03:52:29,146 [ForkJoinPool.commonPool-worker-1] INFO  impl.RaftServerImpl (RaftServerImpl.java:lambda$shutdown$3(250)) - 2d1b9a28-4ed6-4518-a989-fb5d866f5618@group-4D691BF5A7B5: shutdown
2019-11-15 03:52:29,146 [main] INFO  impl.RaftServerImpl (RaftServerImpl.java:lambda$shutdown$3(250)) - 3b6a93a1-3acb-43ad-9bac-2b83b325636a@group-27B3C6E4C406: shutdown
2019-11-15 03:52:29,146 [ForkJoinPool.commonPool-worker-1] INFO  util.JmxRegister (JmxRegister.java:unregister(73)) - Successfully un-registered JMX Bean with object name Ratis:service=RaftServer,group=group-4D691BF5A7B5,id=2d1b9a28-4ed6-4518-a989-fb5d866f5618
2019-11-15 03:52:29,147 [main] INFO  util.JmxRegister (JmxRegister.java:unregister(73)) - Successfully un-registered JMX Bean with object name Ratis:service=RaftServer,group=group-27B3C6E4C406,id=3b6a93a1-3acb-43ad-9bac-2b83b325636a
2019-11-15 03:52:29,147 [ForkJoinPool.commonPool-worker-1] INFO  impl.RoleInfo (RoleInfo.java:shutdownLeaderState(104)) - 2d1b9a28-4ed6-4518-a989-fb5d866f5618: shutdown LeaderState
2019-11-15 03:52:29,147 [main] INFO  impl.RoleInfo (RoleInfo.java:shutdownLeaderState(104)) - 3b6a93a1-3acb-43ad-9bac-2b83b325636a: shutdown LeaderState
2019-11-15 03:52:29,153 [org.apache.ratis.server.impl.LogAppender$AppenderDaemon$$Lambda$472/1422379056@2fdd16d2] WARN  server.GrpcLogAppender (GrpcLogAppender.java:mayWait(151)) - 2d1b9a28-4ed6-4518-a989-fb5d866f5618@group-4D691BF5A7B5->09eef956-613c-46b0-8e56-22120e832e77-GrpcLogAppender: Wait interrupted by java.lang.InterruptedException
2019-11-15 03:52:29,153 [ForkJoinPool.commonPool-worker-1] INFO  impl.PendingRequests (PendingRequests.java:sendNotLeaderResponses(206)) - 2d1b9a28-4ed6-4518-a989-fb5d866f5618@group-4D691BF5A7B5-PendingRequests: sendNotLeaderResponses
2019-11-15 03:52:29,153 [main] INFO  impl.PendingRequests (PendingRequests.java:sendNotLeaderResponses(206)) - 3b6a93a1-3acb-43ad-9bac-2b83b325636a@group-27B3C6E4C406-PendingRequests: sendNotLeaderResponses
2019-11-15 03:52:29,153 [org.apache.ratis.server.impl.LogAppender$AppenderDaemon$$Lambda$472/1422379056@6adf95ed] WARN  server.GrpcLogAppender (GrpcLogAppender.java:mayWait(151)) - 2d1b9a28-4ed6-4518-a989-fb5d866f5618@group-4D691BF5A7B5->b5c8e6ac-78cf-4415-8687-784dd9b9d9de-GrpcLogAppender: Wait interrupted by java.lang.InterruptedException
2019-11-15 03:52:29,153 [ForkJoinPool.commonPool-worker-1] INFO  impl.StateMachineUpdater (StateMachineUpdater.java:stopAndJoin(136)) - 2d1b9a28-4ed6-4518-a989-fb5d866f5618@group-4D691BF5A7B5-StateMachineUpdater: set stopIndex = 0
2019-11-15 03:52:29,153 [main] INFO  impl.StateMachineUpdater (StateMachineUpdater.java:stopAndJoin(136)) - 3b6a93a1-3acb-43ad-9bac-2b83b325636a@group-27B3C6E4C406-StateMachineUpdater: set stopIndex = 0
2019-11-15 03:52:29,154 [grpc-default-executor-4] INFO  server.GrpcServerProtocolService (GrpcServerProtocolService.java:onCompleted(113)) - b5c8e6ac-78cf-4415-8687-784dd9b9d9de: Completed APPEND_ENTRIES, lastRequest: 2d1b9a28-4ed6-4518-a989-fb5d866f5618->b5c8e6ac-78cf-4415-8687-784dd9b9d9de#11-t1, previous=(t:1, i:0), leaderCommit=0, initializing? false, entries: <empty>
2019-11-15 03:52:29,154 [ForkJoinPool.commonPool-worker-1] INFO  impl.RaftServerImpl (ServerState.java:close(387)) - 2d1b9a28-4ed6-4518-a989-fb5d866f5618@group-4D691BF5A7B5: closes. applyIndex: 0
2019-11-15 03:52:29,154 [grpc-default-executor-0] INFO  server.GrpcServerProtocolService (GrpcServerProtocolService.java:onCompleted(113)) - 09eef956-613c-46b0-8e56-22120e832e77: Completed APPEND_ENTRIES, lastRequest: 2d1b9a28-4ed6-4518-a989-fb5d866f5618->09eef956-613c-46b0-8e56-22120e832e77#11-t1, previous=(t:1, i:0), leaderCommit=0, initializing? false, entries: <empty>
2019-11-15 03:52:29,154 [main] INFO  impl.RaftServerImpl (ServerState.java:close(387)) - 3b6a93a1-3acb-43ad-9bac-2b83b325636a@group-27B3C6E4C406: closes. applyIndex: 0
2019-11-15 03:52:29,155 [2d1b9a28-4ed6-4518-a989-fb5d866f5618@group-4D691BF5A7B5-SegmentedRaftLogWorker] INFO  segmented.SegmentedRaftLogWorker (SegmentedRaftLogWorker.java:run(316)) - 2d1b9a28-4ed6-4518-a989-fb5d866f5618@group-4D691BF5A7B5-SegmentedRaftLogWorker was interrupted, exiting. There are 0 tasks remaining in the queue.
2019-11-15 03:52:29,155 [3b6a93a1-3acb-43ad-9bac-2b83b325636a@group-27B3C6E4C406-SegmentedRaftLogWorker] INFO  segmented.SegmentedRaftLogWorker (SegmentedRaftLogWorker.java:run(316)) - 3b6a93a1-3acb-43ad-9bac-2b83b325636a@group-27B3C6E4C406-SegmentedRaftLogWorker was interrupted, exiting. There are 0 tasks remaining in the queue.
2019-11-15 03:52:29,157 [ForkJoinPool.commonPool-worker-1] INFO  segmented.SegmentedRaftLogWorker (SegmentedRaftLogWorker.java:close(224)) - 2d1b9a28-4ed6-4518-a989-fb5d866f5618@group-4D691BF5A7B5-SegmentedRaftLogWorker close()
2019-11-15 03:52:29,157 [main] INFO  segmented.SegmentedRaftLogWorker (SegmentedRaftLogWorker.java:close(224)) - 3b6a93a1-3acb-43ad-9bac-2b83b325636a@group-27B3C6E4C406-SegmentedRaftLogWorker close()
2019-11-15 03:52:29,160 [grpc-default-executor-4] INFO  server.GrpcLogAppender (GrpcLogAppender.java:onCompleted(308)) - 2d1b9a28-4ed6-4518-a989-fb5d866f5618@group-4D691BF5A7B5->09eef956-613c-46b0-8e56-22120e832e77-AppendLogResponseHandler: follower responses appendEntries COMPLETED
2019-11-15 03:52:29,160 [ForkJoinPool.commonPool-worker-1] INFO  impl.RaftServerImpl (RaftServerImpl.java:lambda$shutdown$3(250)) - 2d1b9a28-4ed6-4518-a989-fb5d866f5618@group-035243FAB9FF: shutdown
2019-11-15 03:52:29,160 [grpc-default-executor-0] INFO  server.GrpcLogAppender (GrpcLogAppender.java:onCompleted(308)) - 2d1b9a28-4ed6-4518-a989-fb5d866f5618@group-4D691BF5A7B5->b5c8e6ac-78cf-4415-8687-784dd9b9d9de-AppendLogResponseHandler: follower responses appendEntries COMPLETED
2019-11-15 03:52:29,163 [ForkJoinPool.commonPool-worker-1] INFO  util.JmxRegister (JmxRegister.java:unregister(73)) - Successfully un-registered JMX Bean with object name Ratis:service=RaftServer,group=group-035243FAB9FF,id=2d1b9a28-4ed6-4518-a989-fb5d866f5618
2019-11-15 03:52:29,162 [main] INFO  impl.RaftServerImpl (RaftServerImpl.java:lambda$shutdown$3(250)) - 3b6a93a1-3acb-43ad-9bac-2b83b325636a@group-7A2BC8E9B85B: shutdown
2019-11-15 03:52:29,163 [ForkJoinPool.commonPool-worker-1] INFO  impl.RoleInfo (RoleInfo.java:shutdownLeaderState(104)) - 2d1b9a28-4ed6-4518-a989-fb5d866f5618: shutdown LeaderState
2019-11-15 03:52:29,164 [main] INFO  util.JmxRegister (JmxRegister.java:unregister(73)) - Successfully un-registered JMX Bean with object name Ratis:service=RaftServer,group=group-7A2BC8E9B85B,id=3b6a93a1-3acb-43ad-9bac-2b83b325636a
2019-11-15 03:52:29,164 [grpc-default-executor-4] INFO  impl.FollowerInfo (FollowerInfo.java:lambda$new$0(51)) - 2d1b9a28-4ed6-4518-a989-fb5d866f5618@group-4D691BF5A7B5->09eef956-613c-46b0-8e56-22120e832e77: nextIndex: updateUnconditionally 1 -> 0
2019-11-15 03:52:29,164 [grpc-default-executor-0] INFO  impl.FollowerInfo (FollowerInfo.java:lambda$new$0(51)) - 2d1b9a28-4ed6-4518-a989-fb5d866f5618@group-4D691BF5A7B5->b5c8e6ac-78cf-4415-8687-784dd9b9d9de: nextIndex: updateUnconditionally 1 -> 0
2019-11-15 03:52:29,164 [ForkJoinPool.commonPool-worker-1] INFO  impl.PendingRequests (PendingRequests.java:sendNotLeaderResponses(206)) - 2d1b9a28-4ed6-4518-a989-fb5d866f5618@group-035243FAB9FF-PendingRequests: sendNotLeaderResponses
2019-11-15 03:52:29,164 [main] INFO  impl.RoleInfo (RoleInfo.java:shutdownLeaderState(104)) - 3b6a93a1-3acb-43ad-9bac-2b83b325636a: shutdown LeaderState
2019-11-15 03:52:29,165 [ForkJoinPool.commonPool-worker-1] INFO  impl.StateMachineUpdater (StateMachineUpdater.java:stopAndJoin(136)) - 2d1b9a28-4ed6-4518-a989-fb5d866f5618@group-035243FAB9FF-StateMachineUpdater: set stopIndex = 0
2019-11-15 03:52:29,169 [org.apache.ratis.server.impl.LogAppender$AppenderDaemon$$Lambda$472/1422379056@12669a17] WARN  server.GrpcLogAppender (GrpcLogAppender.java:mayWait(151)) - 3b6a93a1-3acb-43ad-9bac-2b83b325636a@group-7A2BC8E9B85B->8c6299e1-e84a-4bf3-8558-225b6553f707-GrpcLogAppender: Wait interrupted by java.lang.InterruptedException
2019-11-15 03:52:29,169 [org.apache.ratis.server.impl.LogAppender$AppenderDaemon$$Lambda$472/1422379056@5764063f] WARN  server.GrpcLogAppender (GrpcLogAppender.java:mayWait(151)) - 3b6a93a1-3acb-43ad-9bac-2b83b325636a@group-7A2BC8E9B85B->fae849f2-b585-4c8d-a748-375fffce3265-GrpcLogAppender: Wait interrupted by java.lang.InterruptedException
2019-11-15 03:52:29,169 [main] INFO  impl.PendingRequests (PendingRequests.java:sendNotLeaderResponses(206)) - 3b6a93a1-3acb-43ad-9bac-2b83b325636a@group-7A2BC8E9B85B-PendingRequests: sendNotLeaderResponses
2019-11-15 03:52:29,169 [grpc-default-executor-0] INFO  server.GrpcServerProtocolService (GrpcServerProtocolService.java:onCompleted(113)) - 8c6299e1-e84a-4bf3-8558-225b6553f707: Completed APPEND_ENTRIES, lastRequest: 3b6a93a1-3acb-43ad-9bac-2b83b325636a->8c6299e1-e84a-4bf3-8558-225b6553f707#10-t1, previous=(t:1, i:0), leaderCommit=0, initializing? false, entries: <empty>
2019-11-15 03:52:29,169 [ForkJoinPool.commonPool-worker-1] INFO  impl.RaftServerImpl (ServerState.java:close(387)) - 2d1b9a28-4ed6-4518-a989-fb5d866f5618@group-035243FAB9FF: closes. applyIndex: 0
2019-11-15 03:52:29,169 [grpc-default-executor-4] INFO  server.GrpcServerProtocolService (GrpcServerProtocolService.java:onCompleted(113)) - fae849f2-b585-4c8d-a748-375fffce3265: Completed APPEND_ENTRIES, lastRequest: 3b6a93a1-3acb-43ad-9bac-2b83b325636a->fae849f2-b585-4c8d-a748-375fffce3265#10-t1, previous=(t:1, i:0), leaderCommit=0, initializing? false, entries: <empty>
2019-11-15 03:52:29,169 [main] INFO  impl.StateMachineUpdater (StateMachineUpdater.java:stopAndJoin(136)) - 3b6a93a1-3acb-43ad-9bac-2b83b325636a@group-7A2BC8E9B85B-StateMachineUpdater: set stopIndex = 0
2019-11-15 03:52:29,170 [2d1b9a28-4ed6-4518-a989-fb5d866f5618@group-035243FAB9FF-SegmentedRaftLogWorker] INFO  segmented.SegmentedRaftLogWorker (SegmentedRaftLogWorker.java:run(316)) - 2d1b9a28-4ed6-4518-a989-fb5d866f5618@group-035243FAB9FF-SegmentedRaftLogWorker was interrupted, exiting. There are 0 tasks remaining in the queue.
2019-11-15 03:52:29,170 [grpc-default-executor-0] INFO  server.GrpcLogAppender (GrpcLogAppender.java:onCompleted(308)) - 3b6a93a1-3acb-43ad-9bac-2b83b325636a@group-7A2BC8E9B85B->8c6299e1-e84a-4bf3-8558-225b6553f707-AppendLogResponseHandler: follower responses appendEntries COMPLETED
2019-11-15 03:52:29,170 [ForkJoinPool.commonPool-worker-1] INFO  segmented.SegmentedRaftLogWorker (SegmentedRaftLogWorker.java:close(224)) - 2d1b9a28-4ed6-4518-a989-fb5d866f5618@group-035243FAB9FF-SegmentedRaftLogWorker close()
2019-11-15 03:52:29,170 [grpc-default-executor-4] INFO  server.GrpcLogAppender (GrpcLogAppender.java:onCompleted(308)) - 3b6a93a1-3acb-43ad-9bac-2b83b325636a@group-7A2BC8E9B85B->fae849f2-b585-4c8d-a748-375fffce3265-AppendLogResponseHandler: follower responses appendEntries COMPLETED
2019-11-15 03:52:29,170 [main] INFO  impl.RaftServerImpl (ServerState.java:close(387)) - 3b6a93a1-3acb-43ad-9bac-2b83b325636a@group-7A2BC8E9B85B: closes. applyIndex: 0
2019-11-15 03:52:29,173 [grpc-default-executor-4] INFO  impl.FollowerInfo (FollowerInfo.java:lambda$new$0(51)) - 3b6a93a1-3acb-43ad-9bac-2b83b325636a@group-7A2BC8E9B85B->fae849f2-b585-4c8d-a748-375fffce3265: nextIndex: updateUnconditionally 1 -> 0
2019-11-15 03:52:29,173 [grpc-default-executor-0] INFO  impl.FollowerInfo (FollowerInfo.java:lambda$new$0(51)) - 3b6a93a1-3acb-43ad-9bac-2b83b325636a@group-7A2BC8E9B85B->8c6299e1-e84a-4bf3-8558-225b6553f707: nextIndex: updateUnconditionally 1 -> 0
2019-11-15 03:52:29,173 [ForkJoinPool.commonPool-worker-1] INFO  server.GrpcService (GrpcService.java:closeImpl(164)) - 2d1b9a28-4ed6-4518-a989-fb5d866f5618: shutdown server with port 39845 now
2019-11-15 03:52:29,173 [3b6a93a1-3acb-43ad-9bac-2b83b325636a@group-7A2BC8E9B85B-SegmentedRaftLogWorker] INFO  segmented.SegmentedRaftLogWorker (SegmentedRaftLogWorker.java:run(316)) - 3b6a93a1-3acb-43ad-9bac-2b83b325636a@group-7A2BC8E9B85B-SegmentedRaftLogWorker was interrupted, exiting. There are 0 tasks remaining in the queue.
2019-11-15 03:52:29,176 [ForkJoinPool.commonPool-worker-1] INFO  server.GrpcService (GrpcService.java:closeImpl(172)) - 2d1b9a28-4ed6-4518-a989-fb5d866f5618: shutdown server with port 39845 successfully
2019-11-15 03:52:29,176 [main] INFO  segmented.SegmentedRaftLogWorker (SegmentedRaftLogWorker.java:close(224)) - 3b6a93a1-3acb-43ad-9bac-2b83b325636a@group-7A2BC8E9B85B-SegmentedRaftLogWorker close()
2019-11-15 03:52:29,194 [main] INFO  server.GrpcService (GrpcService.java:closeImpl(164)) - 3b6a93a1-3acb-43ad-9bac-2b83b325636a: shutdown server with port 37982 now
2019-11-15 03:52:29,196 [refreshUsed-/workdir/hadoop-ozone/integration-test/target/test-dir/MiniOzoneClusterImpl-7bc5bb7c-5c55-4645-ae41-72269081a146/datanode-2/data/containers] WARN  fs.CachingGetSpaceUsed (CachingGetSpaceUsed.java:run(183)) - Thread Interrupted waiting to refresh disk information: sleep interrupted
2019-11-15 03:52:29,197 [main] INFO  server.GrpcService (GrpcService.java:closeImpl(172)) - 3b6a93a1-3acb-43ad-9bac-2b83b325636a: shutdown server with port 37982 successfully
2019-11-15 03:52:29,199 [refreshUsed-/workdir/hadoop-ozone/integration-test/target/test-dir/MiniOzoneClusterImpl-7bc5bb7c-5c55-4645-ae41-72269081a146/datanode-5/data/containers] WARN  fs.CachingGetSpaceUsed (CachingGetSpaceUsed.java:run(183)) - Thread Interrupted waiting to refresh disk information: sleep interrupted
2019-11-15 03:52:29,218 [main] INFO  utils.BackgroundService (BackgroundService.java:shutdown(151)) - Shutting down service BlockDeletingService
2019-11-15 03:52:29,218 [ForkJoinPool.commonPool-worker-1] INFO  utils.BackgroundService (BackgroundService.java:shutdown(151)) - Shutting down service BlockDeletingService
2019-11-15 03:52:29,225 [main] INFO  statemachine.DatanodeStateMachine (DatanodeStateMachine.java:stopDaemon(400)) - Ozone container server stopped.
2019-11-15 03:52:29,226 [ForkJoinPool.commonPool-worker-1] INFO  statemachine.DatanodeStateMachine (DatanodeStateMachine.java:stopDaemon(400)) - Ozone container server stopped.
2019-11-15 03:52:29,231 [ForkJoinPool.commonPool-worker-1] INFO  handler.ContextHandler (ContextHandler.java:doStop(910)) - Stopped o.e.j.w.WebAppContext@2404b5a{/,null,UNAVAILABLE}{/hddsDatanode}
2019-11-15 03:52:29,231 [main] INFO  handler.ContextHandler (ContextHandler.java:doStop(910)) - Stopped o.e.j.w.WebAppContext@4dac121d{/,null,UNAVAILABLE}{/hddsDatanode}
2019-11-15 03:52:29,231 [ForkJoinPool.commonPool-worker-1] INFO  server.AbstractConnector (AbstractConnector.java:doStop(318)) - Stopped ServerConnector@3af58f76{HTTP/1.1,[http/1.1]}{0.0.0.0:0}
2019-11-15 03:52:29,231 [main] INFO  server.AbstractConnector (AbstractConnector.java:doStop(318)) - Stopped ServerConnector@568750b7{HTTP/1.1,[http/1.1]}{0.0.0.0:0}
2019-11-15 03:52:29,233 [ForkJoinPool.commonPool-worker-1] INFO  handler.ContextHandler (ContextHandler.java:doStop(910)) - Stopped o.e.j.s.ServletContextHandler@2ceee4b6{/static,jar:file:/home/user/.m2/repository/org/apache/hadoop/hadoop-hdds-container-service/0.5.0-SNAPSHOT/hadoop-hdds-container-service-0.5.0-SNAPSHOT.jar!/webapps/static,UNAVAILABLE}
2019-11-15 03:52:29,233 [main] INFO  handler.ContextHandler (ContextHandler.java:doStop(910)) - Stopped o.e.j.s.ServletContextHandler@dab1f89{/static,jar:file:/home/user/.m2/repository/org/apache/hadoop/hadoop-hdds-container-service/0.5.0-SNAPSHOT/hadoop-hdds-container-service-0.5.0-SNAPSHOT.jar!/webapps/static,UNAVAILABLE}
2019-11-15 03:52:29,234 [ForkJoinPool.commonPool-worker-1] INFO  handler.ContextHandler (ContextHandler.java:doStop(910)) - Stopped o.e.j.s.ServletContextHandler@77f991c{/logs,file:///workdir/hadoop-ozone/integration-test/target/log,UNAVAILABLE}
2019-11-15 03:52:29,235 [main] INFO  handler.ContextHandler (ContextHandler.java:doStop(910)) - Stopped o.e.j.s.ServletContextHandler@75023c53{/logs,file:///workdir/hadoop-ozone/integration-test/target/log,UNAVAILABLE}
2019-11-15 03:52:29,955 [Datanode State Machine Thread - 0] INFO  statemachine.DatanodeStateMachine (DatanodeStateMachine.java:lambda$startDaemon$0(355)) - Ozone container server started.
2019-11-15 03:52:29,955 [Datanode State Machine Thread - 0] INFO  statemachine.DatanodeStateMachine (DatanodeStateMachine.java:lambda$startDaemon$0(355)) - Ozone container server started.
2019-11-15 03:52:29,974 [Thread-1782] INFO  impl.FollowerState (FollowerState.java:run(111)) - fae849f2-b585-4c8d-a748-375fffce3265@group-7A2BC8E9B85B-FollowerState: change to CANDIDATE, lastRpcTime:1186ms, electionTimeout:1135ms
2019-11-15 03:52:29,974 [Thread-1782] INFO  impl.RoleInfo (RoleInfo.java:shutdownFollowerState(121)) - fae849f2-b585-4c8d-a748-375fffce3265: shutdown FollowerState
2019-11-15 03:52:29,975 [Thread-1782] INFO  impl.RaftServerImpl (RaftServerImpl.java:setRole(173)) - fae849f2-b585-4c8d-a748-375fffce3265@group-7A2BC8E9B85B: changes role from  FOLLOWER to CANDIDATE at term 1 for changeToCandidate
2019-11-15 03:52:29,975 [Thread-1782] INFO  impl.RoleInfo (RoleInfo.java:updateAndGet(143)) - fae849f2-b585-4c8d-a748-375fffce3265: start LeaderElection
2019-11-15 03:52:29,975 [fae849f2-b585-4c8d-a748-375fffce3265@group-7A2BC8E9B85B-LeaderElection84] INFO  impl.RaftServerImpl (ServerState.java:setLeader(255)) - fae849f2-b585-4c8d-a748-375fffce3265@group-7A2BC8E9B85B: change Leader from 3b6a93a1-3acb-43ad-9bac-2b83b325636a to null at term 1 for initElection
2019-11-15 03:52:29,999 [fae849f2-b585-4c8d-a748-375fffce3265@group-7A2BC8E9B85B-LeaderElection84] INFO  impl.LeaderElection (LeaderElection.java:askForVotes(178)) - fae849f2-b585-4c8d-a748-375fffce3265@group-7A2BC8E9B85B-LeaderElection84: begin an election at term 2 for 0: [8c6299e1-e84a-4bf3-8558-225b6553f707:192.168.157.206:40623, 3b6a93a1-3acb-43ad-9bac-2b83b325636a:192.168.157.206:37982, fae849f2-b585-4c8d-a748-375fffce3265:192.168.157.206:39095], old=null
2019-11-15 03:52:30,003 [fae849f2-b585-4c8d-a748-375fffce3265@group-7A2BC8E9B85B-LeaderElection84] INFO  impl.LeaderElection (LogUtils.java:infoOrTrace(149)) - fae849f2-b585-4c8d-a748-375fffce3265@group-7A2BC8E9B85B-LeaderElection84 got exception when requesting votes: {}
java.util.concurrent.ExecutionException: org.apache.ratis.thirdparty.io.grpc.StatusRuntimeException: UNAVAILABLE: io exception
	at java.util.concurrent.FutureTask.report(FutureTask.java:122)
	at java.util.concurrent.FutureTask.get(FutureTask.java:192)
	at org.apache.ratis.server.impl.LeaderElection.waitForResults(LeaderElection.java:259)
	at org.apache.ratis.server.impl.LeaderElection.askForVotes(LeaderElection.java:197)
	at org.apache.ratis.server.impl.LeaderElection.run(LeaderElection.java:133)
	at java.lang.Thread.run(Thread.java:748)
Caused by: org.apache.ratis.thirdparty.io.grpc.StatusRuntimeException: UNAVAILABLE: io exception
	at org.apache.ratis.thirdparty.io.grpc.stub.ClientCalls.toStatusRuntimeException(ClientCalls.java:233)
	at org.apache.ratis.thirdparty.io.grpc.stub.ClientCalls.getUnchecked(ClientCalls.java:214)
	at org.apache.ratis.thirdparty.io.grpc.stub.ClientCalls.blockingUnaryCall(ClientCalls.java:139)
	at org.apache.ratis.proto.grpc.RaftServerProtocolServiceGrpc$RaftServerProtocolServiceBlockingStub.requestVote(RaftServerProtocolServiceGrpc.java:265)
	at org.apache.ratis.grpc.server.GrpcServerProtocolClient.requestVote(GrpcServerProtocolClient.java:99)
	at org.apache.ratis.grpc.server.GrpcService.requestVote(GrpcService.java:204)
	at org.apache.ratis.server.impl.LeaderElection.lambda$submitRequests$1(LeaderElection.java:234)
	at java.util.concurrent.FutureTask.run(FutureTask.java:266)
	at java.util.concurrent.Executors$RunnableAdapter.call(Executors.java:511)
	at java.util.concurrent.FutureTask.run(FutureTask.java:266)
	at java.util.concurrent.ThreadPoolExecutor.runWorker(ThreadPoolExecutor.java:1149)
	at java.util.concurrent.ThreadPoolExecutor$Worker.run(ThreadPoolExecutor.java:624)
	... 1 more
Caused by: org.apache.ratis.thirdparty.io.netty.channel.AbstractChannel$AnnotatedConnectException: Connection refused: /192.168.157.206:37982
	at sun.nio.ch.SocketChannelImpl.checkConnect(Native Method)
	at sun.nio.ch.SocketChannelImpl.finishConnect(SocketChannelImpl.java:717)
	at org.apache.ratis.thirdparty.io.netty.channel.socket.nio.NioSocketChannel.doFinishConnect(NioSocketChannel.java:327)
	at org.apache.ratis.thirdparty.io.netty.channel.nio.AbstractNioChannel$AbstractNioUnsafe.finishConnect(AbstractNioChannel.java:340)
	at org.apache.ratis.thirdparty.io.netty.channel.nio.NioEventLoop.processSelectedKey(NioEventLoop.java:632)
	at org.apache.ratis.thirdparty.io.netty.channel.nio.NioEventLoop.processSelectedKeysOptimized(NioEventLoop.java:579)
	at org.apache.ratis.thirdparty.io.netty.channel.nio.NioEventLoop.processSelectedKeys(NioEventLoop.java:496)
	at org.apache.ratis.thirdparty.io.netty.channel.nio.NioEventLoop.run(NioEventLoop.java:458)
	at org.apache.ratis.thirdparty.io.netty.util.concurrent.SingleThreadEventExecutor$5.run(SingleThreadEventExecutor.java:897)
	at org.apache.ratis.thirdparty.io.netty.util.concurrent.FastThreadLocalRunnable.run(FastThreadLocalRunnable.java:30)
	... 1 more
Caused by: java.net.ConnectException: Connection refused
	... 11 more
2019-11-15 03:52:30,007 [grpc-default-executor-0] INFO  impl.RaftServerImpl (ServerState.java:setLeader(255)) - 8c6299e1-e84a-4bf3-8558-225b6553f707@group-7A2BC8E9B85B: change Leader from 3b6a93a1-3acb-43ad-9bac-2b83b325636a to null at term 2 for updateCurrentTerm
2019-11-15 03:52:30,007 [grpc-default-executor-0] INFO  impl.RaftServerImpl (RaftServerImpl.java:setRole(173)) - 8c6299e1-e84a-4bf3-8558-225b6553f707@group-7A2BC8E9B85B: changes role from  FOLLOWER to FOLLOWER at term 2 for recognizeCandidate:fae849f2-b585-4c8d-a748-375fffce3265
2019-11-15 03:52:30,007 [grpc-default-executor-0] INFO  impl.RoleInfo (RoleInfo.java:shutdownFollowerState(121)) - 8c6299e1-e84a-4bf3-8558-225b6553f707: shutdown FollowerState
2019-11-15 03:52:30,007 [grpc-default-executor-0] INFO  impl.RoleInfo (RoleInfo.java:updateAndGet(143)) - 8c6299e1-e84a-4bf3-8558-225b6553f707: start FollowerState
2019-11-15 03:52:30,008 [Thread-1784] INFO  impl.FollowerState (FollowerState.java:run(120)) - 8c6299e1-e84a-4bf3-8558-225b6553f707@group-7A2BC8E9B85B-FollowerState was interrupted: java.lang.InterruptedException: sleep interrupted
2019-11-15 03:52:30,033 [fae849f2-b585-4c8d-a748-375fffce3265@group-7A2BC8E9B85B-LeaderElection84] INFO  impl.LeaderElection (LeaderElection.java:logAndReturn(56)) - fae849f2-b585-4c8d-a748-375fffce3265@group-7A2BC8E9B85B-LeaderElection84: Election PASSED; received 1 response(s) [fae849f2-b585-4c8d-a748-375fffce3265<-8c6299e1-e84a-4bf3-8558-225b6553f707#0:OK-t2] and 1 exception(s); fae849f2-b585-4c8d-a748-375fffce3265@group-7A2BC8E9B85B:t2, leader=null, voted=fae849f2-b585-4c8d-a748-375fffce3265, raftlog=fae849f2-b585-4c8d-a748-375fffce3265@group-7A2BC8E9B85B-SegmentedRaftLog:OPENED:c0,f0,i0, conf=0: [8c6299e1-e84a-4bf3-8558-225b6553f707:192.168.157.206:40623, 3b6a93a1-3acb-43ad-9bac-2b83b325636a:192.168.157.206:37982, fae849f2-b585-4c8d-a748-375fffce3265:192.168.157.206:39095], old=null
2019-11-15 03:52:30,033 [fae849f2-b585-4c8d-a748-375fffce3265@group-7A2BC8E9B85B-LeaderElection84] INFO  impl.LeaderElection (LogUtils.java:infoOrTrace(149)) -   Exception 0: {}
java.util.concurrent.ExecutionException: org.apache.ratis.thirdparty.io.grpc.StatusRuntimeException: UNAVAILABLE: io exception
	at java.util.concurrent.FutureTask.report(FutureTask.java:122)
	at java.util.concurrent.FutureTask.get(FutureTask.java:192)
	at org.apache.ratis.server.impl.LeaderElection.waitForResults(LeaderElection.java:259)
	at org.apache.ratis.server.impl.LeaderElection.askForVotes(LeaderElection.java:197)
	at org.apache.ratis.server.impl.LeaderElection.run(LeaderElection.java:133)
	at java.lang.Thread.run(Thread.java:748)
Caused by: org.apache.ratis.thirdparty.io.grpc.StatusRuntimeException: UNAVAILABLE: io exception
	at org.apache.ratis.thirdparty.io.grpc.stub.ClientCalls.toStatusRuntimeException(ClientCalls.java:233)
	at org.apache.ratis.thirdparty.io.grpc.stub.ClientCalls.getUnchecked(ClientCalls.java:214)
	at org.apache.ratis.thirdparty.io.grpc.stub.ClientCalls.blockingUnaryCall(ClientCalls.java:139)
	at org.apache.ratis.proto.grpc.RaftServerProtocolServiceGrpc$RaftServerProtocolServiceBlockingStub.requestVote(RaftServerProtocolServiceGrpc.java:265)
	at org.apache.ratis.grpc.server.GrpcServerProtocolClient.requestVote(GrpcServerProtocolClient.java:99)
	at org.apache.ratis.grpc.server.GrpcService.requestVote(GrpcService.java:204)
	at org.apache.ratis.server.impl.LeaderElection.lambda$submitRequests$1(LeaderElection.java:234)
	at java.util.concurrent.FutureTask.run(FutureTask.java:266)
	at java.util.concurrent.Executors$RunnableAdapter.call(Executors.java:511)
	at java.util.concurrent.FutureTask.run(FutureTask.java:266)
	at java.util.concurrent.ThreadPoolExecutor.runWorker(ThreadPoolExecutor.java:1149)
	at java.util.concurrent.ThreadPoolExecutor$Worker.run(ThreadPoolExecutor.java:624)
	... 1 more
Caused by: org.apache.ratis.thirdparty.io.netty.channel.AbstractChannel$AnnotatedConnectException: Connection refused: /192.168.157.206:37982
	at sun.nio.ch.SocketChannelImpl.checkConnect(Native Method)
	at sun.nio.ch.SocketChannelImpl.finishConnect(SocketChannelImpl.java:717)
	at org.apache.ratis.thirdparty.io.netty.channel.socket.nio.NioSocketChannel.doFinishConnect(NioSocketChannel.java:327)
	at org.apache.ratis.thirdparty.io.netty.channel.nio.AbstractNioChannel$AbstractNioUnsafe.finishConnect(AbstractNioChannel.java:340)
	at org.apache.ratis.thirdparty.io.netty.channel.nio.NioEventLoop.processSelectedKey(NioEventLoop.java:632)
	at org.apache.ratis.thirdparty.io.netty.channel.nio.NioEventLoop.processSelectedKeysOptimized(NioEventLoop.java:579)
	at org.apache.ratis.thirdparty.io.netty.channel.nio.NioEventLoop.processSelectedKeys(NioEventLoop.java:496)
	at org.apache.ratis.thirdparty.io.netty.channel.nio.NioEventLoop.run(NioEventLoop.java:458)
	at org.apache.ratis.thirdparty.io.netty.util.concurrent.SingleThreadEventExecutor$5.run(SingleThreadEventExecutor.java:897)
	at org.apache.ratis.thirdparty.io.netty.util.concurrent.FastThreadLocalRunnable.run(FastThreadLocalRunnable.java:30)
	... 1 more
Caused by: java.net.ConnectException: Connection refused
	... 11 more
2019-11-15 03:52:30,034 [fae849f2-b585-4c8d-a748-375fffce3265@group-7A2BC8E9B85B-LeaderElection84] INFO  impl.RoleInfo (RoleInfo.java:shutdownLeaderElection(134)) - fae849f2-b585-4c8d-a748-375fffce3265: shutdown LeaderElection
2019-11-15 03:52:30,034 [fae849f2-b585-4c8d-a748-375fffce3265@group-7A2BC8E9B85B-LeaderElection84] INFO  impl.RaftServerImpl (RaftServerImpl.java:setRole(173)) - fae849f2-b585-4c8d-a748-375fffce3265@group-7A2BC8E9B85B: changes role from CANDIDATE to LEADER at term 2 for changeToLeader
2019-11-15 03:52:30,034 [fae849f2-b585-4c8d-a748-375fffce3265@group-7A2BC8E9B85B-LeaderElection84] INFO  ratis.XceiverServerRatis (XceiverServerRatis.java:handleLeaderChangedNotification(697)) - Leader change notification received for group: group-7A2BC8E9B85B with new leaderId: fae849f2-b585-4c8d-a748-375fffce3265
2019-11-15 03:52:30,034 [fae849f2-b585-4c8d-a748-375fffce3265@group-7A2BC8E9B85B-LeaderElection84] INFO  impl.RaftServerImpl (ServerState.java:setLeader(255)) - fae849f2-b585-4c8d-a748-375fffce3265@group-7A2BC8E9B85B: change Leader from null to fae849f2-b585-4c8d-a748-375fffce3265 at term 2 for becomeLeader, leader elected after 58ms
2019-11-15 03:52:30,034 [fae849f2-b585-4c8d-a748-375fffce3265@group-7A2BC8E9B85B-LeaderElection84] INFO  server.RaftServerConfigKeys (ConfUtils.java:logGet(43)) - raft.server.staging.catchup.gap = 1000 (default)
2019-11-15 03:52:30,034 [fae849f2-b585-4c8d-a748-375fffce3265@group-7A2BC8E9B85B-LeaderElection84] INFO  server.RaftServerConfigKeys (ConfUtils.java:logGet(43)) - raft.server.rpc.sleep.time = 25ms (default)
2019-11-15 03:52:30,035 [fae849f2-b585-4c8d-a748-375fffce3265@group-7A2BC8E9B85B-LeaderElection84] INFO  server.RaftServerConfigKeys (ConfUtils.java:logGet(43)) - raft.server.write.element-limit = 4096 (default)
2019-11-15 03:52:30,035 [fae849f2-b585-4c8d-a748-375fffce3265@group-7A2BC8E9B85B-LeaderElection84] INFO  server.RaftServerConfigKeys (ConfUtils.java:logGet(43)) - raft.server.watch.timeout = 10s (default)
2019-11-15 03:52:30,035 [fae849f2-b585-4c8d-a748-375fffce3265@group-7A2BC8E9B85B-LeaderElection84] INFO  server.RaftServerConfigKeys (ConfUtils.java:logGet(43)) - raft.server.watch.timeout.denomination = 1s (default)
2019-11-15 03:52:30,035 [fae849f2-b585-4c8d-a748-375fffce3265@group-7A2BC8E9B85B-LeaderElection84] INFO  server.RaftServerConfigKeys (ConfUtils.java:logGet(43)) - raft.server.watch.element-limit = 65536 (default)
2019-11-15 03:52:30,035 [fae849f2-b585-4c8d-a748-375fffce3265@group-7A2BC8E9B85B-LeaderElection84] INFO  server.RaftServerConfigKeys (ConfUtils.java:logGet(43)) - raft.server.log.appender.snapshot.chunk.size.max = 16MB (=16777216) (default)
2019-11-15 03:52:30,036 [EventQueue-PipelineReportForPipelineReportHandler] INFO  pipeline.PipelineStateManager (PipelineStateManager.java:openPipeline(134)) - Pipeline Pipeline[ Id: 37b1d0ea-750f-4ce8-bc9e-7a2bc8e9b85b, Nodes: 3b6a93a1-3acb-43ad-9bac-2b83b325636a{ip: 192.168.157.206, host: pr-hdds-2493-n7h87-1962818265, networkLocation: /rack1, certSerialId: null}8c6299e1-e84a-4bf3-8558-225b6553f707{ip: 192.168.157.206, host: pr-hdds-2493-n7h87-1962818265, networkLocation: /rack1, certSerialId: null}fae849f2-b585-4c8d-a748-375fffce3265{ip: 192.168.157.206, host: pr-hdds-2493-n7h87-1962818265, networkLocation: /rack1, certSerialId: null}, Type:RATIS, Factor:THREE, State:OPEN] moved to OPEN state
2019-11-15 03:52:30,036 [fae849f2-b585-4c8d-a748-375fffce3265@group-7A2BC8E9B85B-LeaderElection84] INFO  server.RaftServerConfigKeys (ConfUtils.java:logGet(43)) - raft.server.log.appender.buffer.byte-limit = 33554432 (custom)
2019-11-15 03:52:30,036 [fae849f2-b585-4c8d-a748-375fffce3265@group-7A2BC8E9B85B-LeaderElection84] INFO  server.RaftServerConfigKeys (ConfUtils.java:logGet(43)) - raft.server.log.appender.buffer.element-limit = 1 (custom)
2019-11-15 03:52:30,036 [fae849f2-b585-4c8d-a748-375fffce3265@group-7A2BC8E9B85B-LeaderElection84] INFO  grpc.GrpcConfigKeys$Server (ConfUtils.java:logGet(43)) - raft.grpc.server.leader.outstanding.appends.max = 128 (default)
2019-11-15 03:52:30,036 [fae849f2-b585-4c8d-a748-375fffce3265@group-7A2BC8E9B85B-LeaderElection84] INFO  server.RaftServerConfigKeys (ConfUtils.java:logGet(43)) - raft.server.rpc.request.timeout = 3000ms (default)
2019-11-15 03:52:30,036 [fae849f2-b585-4c8d-a748-375fffce3265@group-7A2BC8E9B85B-LeaderElection84] INFO  server.RaftServerConfigKeys (ConfUtils.java:logGet(43)) - raft.server.log.appender.install.snapshot.enabled = false (custom)
2019-11-15 03:52:30,036 [fae849f2-b585-4c8d-a748-375fffce3265@group-7A2BC8E9B85B-LeaderElection84] WARN  impl.MetricRegistriesImpl (MetricRegistriesImpl.java:lambda$create$1(61)) - First MetricRegistry has been created without registering reporters. You may need to call MetricRegistries.global().addReportRegistration(...) before.
2019-11-15 03:52:30,037 [fae849f2-b585-4c8d-a748-375fffce3265@group-7A2BC8E9B85B-LeaderElection84] INFO  server.RaftServerConfigKeys (ConfUtils.java:logGet(43)) - raft.server.log.appender.snapshot.chunk.size.max = 16MB (=16777216) (default)
2019-11-15 03:52:30,037 [fae849f2-b585-4c8d-a748-375fffce3265@group-7A2BC8E9B85B-LeaderElection84] INFO  server.RaftServerConfigKeys (ConfUtils.java:logGet(43)) - raft.server.log.appender.buffer.byte-limit = 33554432 (custom)
2019-11-15 03:52:30,037 [fae849f2-b585-4c8d-a748-375fffce3265@group-7A2BC8E9B85B-LeaderElection84] INFO  server.RaftServerConfigKeys (ConfUtils.java:logGet(43)) - raft.server.log.appender.buffer.element-limit = 1 (custom)
2019-11-15 03:52:30,037 [fae849f2-b585-4c8d-a748-375fffce3265@group-7A2BC8E9B85B-LeaderElection84] INFO  grpc.GrpcConfigKeys$Server (ConfUtils.java:logGet(43)) - raft.grpc.server.leader.outstanding.appends.max = 128 (default)
2019-11-15 03:52:30,037 [fae849f2-b585-4c8d-a748-375fffce3265@group-7A2BC8E9B85B-LeaderElection84] INFO  server.RaftServerConfigKeys (ConfUtils.java:logGet(43)) - raft.server.rpc.request.timeout = 3000ms (default)
2019-11-15 03:52:30,037 [fae849f2-b585-4c8d-a748-375fffce3265@group-7A2BC8E9B85B-LeaderElection84] INFO  server.RaftServerConfigKeys (ConfUtils.java:logGet(43)) - raft.server.log.appender.install.snapshot.enabled = false (custom)
2019-11-15 03:52:30,038 [fae849f2-b585-4c8d-a748-375fffce3265@group-7A2BC8E9B85B-LeaderElection84] INFO  impl.RoleInfo (RoleInfo.java:updateAndGet(143)) - fae849f2-b585-4c8d-a748-375fffce3265: start LeaderState
2019-11-15 03:52:30,038 [fae849f2-b585-4c8d-a748-375fffce3265@group-7A2BC8E9B85B-LeaderElection84] INFO  segmented.SegmentedRaftLogWorker (SegmentedRaftLogWorker.java:rollLogSegment(390)) - fae849f2-b585-4c8d-a748-375fffce3265@group-7A2BC8E9B85B-SegmentedRaftLogWorker: Rolling segment log-0_0 to index:0
2019-11-15 03:52:30,041 [fae849f2-b585-4c8d-a748-375fffce3265@group-7A2BC8E9B85B-LeaderElection84] INFO  impl.RaftServerImpl (ServerState.java:setRaftConf(356)) - fae849f2-b585-4c8d-a748-375fffce3265@group-7A2BC8E9B85B: set configuration 1: [8c6299e1-e84a-4bf3-8558-225b6553f707:192.168.157.206:40623, 3b6a93a1-3acb-43ad-9bac-2b83b325636a:192.168.157.206:37982, fae849f2-b585-4c8d-a748-375fffce3265:192.168.157.206:39095], old=null at 1
2019-11-15 03:52:30,041 [grpc-default-executor-0] WARN  server.GrpcLogAppender (LogUtils.java:warn(134)) - fae849f2-b585-4c8d-a748-375fffce3265@group-7A2BC8E9B85B->3b6a93a1-3acb-43ad-9bac-2b83b325636a-AppendLogResponseHandler: Failed appendEntries: org.apache.ratis.thirdparty.io.grpc.StatusRuntimeException: UNAVAILABLE: io exception
2019-11-15 03:52:30,041 [grpc-default-executor-0] INFO  impl.FollowerInfo (FollowerInfo.java:lambda$new$0(51)) - fae849f2-b585-4c8d-a748-375fffce3265@group-7A2BC8E9B85B->3b6a93a1-3acb-43ad-9bac-2b83b325636a: nextIndex: updateUnconditionally 1 -> 0
2019-11-15 03:52:30,050 [grpc-default-executor-0] INFO  ratis.XceiverServerRatis (XceiverServerRatis.java:handleLeaderChangedNotification(697)) - Leader change notification received for group: group-7A2BC8E9B85B with new leaderId: fae849f2-b585-4c8d-a748-375fffce3265
2019-11-15 03:52:30,050 [grpc-default-executor-0] INFO  impl.RaftServerImpl (ServerState.java:setLeader(255)) - 8c6299e1-e84a-4bf3-8558-225b6553f707@group-7A2BC8E9B85B: change Leader from null to fae849f2-b585-4c8d-a748-375fffce3265 at term 2 for appendEntries, leader elected after 42ms
2019-11-15 03:52:30,050 [fae849f2-b585-4c8d-a748-375fffce3265@group-7A2BC8E9B85B-SegmentedRaftLogWorker] INFO  segmented.SegmentedRaftLogWorker (SegmentedRaftLogWorker.java:execute(533)) - fae849f2-b585-4c8d-a748-375fffce3265@group-7A2BC8E9B85B-SegmentedRaftLogWorker: Rolled log segment from /workdir/hadoop-ozone/integration-test/target/test-dir/MiniOzoneClusterImpl-7bc5bb7c-5c55-4645-ae41-72269081a146/datanode-4/data/ratis/37b1d0ea-750f-4ce8-bc9e-7a2bc8e9b85b/current/log_inprogress_0 to /workdir/hadoop-ozone/integration-test/target/test-dir/MiniOzoneClusterImpl-7bc5bb7c-5c55-4645-ae41-72269081a146/datanode-4/data/ratis/37b1d0ea-750f-4ce8-bc9e-7a2bc8e9b85b/current/log_0-0
2019-11-15 03:52:30,052 [grpc-default-executor-0] INFO  impl.RaftServerImpl (ServerState.java:setRaftConf(356)) - 8c6299e1-e84a-4bf3-8558-225b6553f707@group-7A2BC8E9B85B: set configuration 1: [8c6299e1-e84a-4bf3-8558-225b6553f707:192.168.157.206:40623, 3b6a93a1-3acb-43ad-9bac-2b83b325636a:192.168.157.206:37982, fae849f2-b585-4c8d-a748-375fffce3265:192.168.157.206:39095], old=null at 1
2019-11-15 03:52:30,052 [grpc-default-executor-0] INFO  segmented.SegmentedRaftLogWorker (SegmentedRaftLogWorker.java:rollLogSegment(390)) - 8c6299e1-e84a-4bf3-8558-225b6553f707@group-7A2BC8E9B85B-SegmentedRaftLogWorker: Rolling segment log-0_0 to index:0
2019-11-15 03:52:30,053 [8c6299e1-e84a-4bf3-8558-225b6553f707@group-7A2BC8E9B85B-SegmentedRaftLogWorker] INFO  segmented.SegmentedRaftLogWorker (SegmentedRaftLogWorker.java:execute(533)) - 8c6299e1-e84a-4bf3-8558-225b6553f707@group-7A2BC8E9B85B-SegmentedRaftLogWorker: Rolled log segment from /workdir/hadoop-ozone/integration-test/target/test-dir/MiniOzoneClusterImpl-7bc5bb7c-5c55-4645-ae41-72269081a146/datanode-9/data/ratis/37b1d0ea-750f-4ce8-bc9e-7a2bc8e9b85b/current/log_inprogress_0 to /workdir/hadoop-ozone/integration-test/target/test-dir/MiniOzoneClusterImpl-7bc5bb7c-5c55-4645-ae41-72269081a146/datanode-9/data/ratis/37b1d0ea-750f-4ce8-bc9e-7a2bc8e9b85b/current/log_0-0
2019-11-15 03:52:30,108 [fae849f2-b585-4c8d-a748-375fffce3265@group-7A2BC8E9B85B-SegmentedRaftLogWorker] INFO  segmented.SegmentedRaftLogWorker (SegmentedRaftLogWorker.java:execute(576)) - fae849f2-b585-4c8d-a748-375fffce3265@group-7A2BC8E9B85B-SegmentedRaftLogWorker: created new log segment /workdir/hadoop-ozone/integration-test/target/test-dir/MiniOzoneClusterImpl-7bc5bb7c-5c55-4645-ae41-72269081a146/datanode-4/data/ratis/37b1d0ea-750f-4ce8-bc9e-7a2bc8e9b85b/current/log_inprogress_1
2019-11-15 03:52:30,108 [8c6299e1-e84a-4bf3-8558-225b6553f707@group-7A2BC8E9B85B-SegmentedRaftLogWorker] INFO  segmented.SegmentedRaftLogWorker (SegmentedRaftLogWorker.java:execute(576)) - 8c6299e1-e84a-4bf3-8558-225b6553f707@group-7A2BC8E9B85B-SegmentedRaftLogWorker: created new log segment /workdir/hadoop-ozone/integration-test/target/test-dir/MiniOzoneClusterImpl-7bc5bb7c-5c55-4645-ae41-72269081a146/datanode-9/data/ratis/37b1d0ea-750f-4ce8-bc9e-7a2bc8e9b85b/current/log_inprogress_1
2019-11-15 03:52:30,123 [grpc-default-executor-9] WARN  server.GrpcLogAppender (LogUtils.java:warn(134)) - fae849f2-b585-4c8d-a748-375fffce3265@group-7A2BC8E9B85B->3b6a93a1-3acb-43ad-9bac-2b83b325636a-AppendLogResponseHandler: Failed appendEntries: org.apache.ratis.thirdparty.io.grpc.StatusRuntimeException: UNAVAILABLE: io exception
2019-11-15 03:52:30,123 [grpc-default-executor-9] INFO  impl.FollowerInfo (FollowerInfo.java:lambda$new$0(51)) - fae849f2-b585-4c8d-a748-375fffce3265@group-7A2BC8E9B85B->3b6a93a1-3acb-43ad-9bac-2b83b325636a: nextIndex: updateUnconditionally 1 -> 0
2019-11-15 03:52:30,136 [grpc-default-executor-9] WARN  server.GrpcLogAppender (LogUtils.java:warn(134)) - fae849f2-b585-4c8d-a748-375fffce3265@group-7A2BC8E9B85B->3b6a93a1-3acb-43ad-9bac-2b83b325636a-AppendLogResponseHandler: Failed appendEntries: org.apache.ratis.thirdparty.io.grpc.StatusRuntimeException: UNAVAILABLE: io exception
2019-11-15 03:52:30,136 [grpc-default-executor-9] INFO  impl.FollowerInfo (FollowerInfo.java:lambda$new$0(51)) - fae849f2-b585-4c8d-a748-375fffce3265@group-7A2BC8E9B85B->3b6a93a1-3acb-43ad-9bac-2b83b325636a: nextIndex: updateUnconditionally 1 -> 0
2019-11-15 03:52:30,300 [Thread-1748] INFO  impl.FollowerState (FollowerState.java:run(111)) - b5c8e6ac-78cf-4415-8687-784dd9b9d9de@group-4D691BF5A7B5-FollowerState: change to CANDIDATE, lastRpcTime:1361ms, electionTimeout:1048ms
2019-11-15 03:52:30,300 [Thread-1748] INFO  impl.RoleInfo (RoleInfo.java:shutdownFollowerState(121)) - b5c8e6ac-78cf-4415-8687-784dd9b9d9de: shutdown FollowerState
2019-11-15 03:52:30,300 [Thread-1748] INFO  impl.RaftServerImpl (RaftServerImpl.java:setRole(173)) - b5c8e6ac-78cf-4415-8687-784dd9b9d9de@group-4D691BF5A7B5: changes role from  FOLLOWER to CANDIDATE at term 1 for changeToCandidate
2019-11-15 03:52:30,300 [Thread-1748] INFO  impl.RoleInfo (RoleInfo.java:updateAndGet(143)) - b5c8e6ac-78cf-4415-8687-784dd9b9d9de: start LeaderElection
2019-11-15 03:52:30,301 [b5c8e6ac-78cf-4415-8687-784dd9b9d9de@group-4D691BF5A7B5-LeaderElection85] INFO  impl.RaftServerImpl (ServerState.java:setLeader(255)) - b5c8e6ac-78cf-4415-8687-784dd9b9d9de@group-4D691BF5A7B5: change Leader from 2d1b9a28-4ed6-4518-a989-fb5d866f5618 to null at term 1 for initElection
2019-11-15 03:52:30,325 [b5c8e6ac-78cf-4415-8687-784dd9b9d9de@group-4D691BF5A7B5-LeaderElection85] INFO  impl.LeaderElection (LeaderElection.java:askForVotes(178)) - b5c8e6ac-78cf-4415-8687-784dd9b9d9de@group-4D691BF5A7B5-LeaderElection85: begin an election at term 2 for 0: [b5c8e6ac-78cf-4415-8687-784dd9b9d9de:192.168.157.206:35928, 2d1b9a28-4ed6-4518-a989-fb5d866f5618:192.168.157.206:39845, 09eef956-613c-46b0-8e56-22120e832e77:192.168.157.206:45763], old=null
2019-11-15 03:52:30,327 [b5c8e6ac-78cf-4415-8687-784dd9b9d9de@group-4D691BF5A7B5-LeaderElection85] INFO  impl.LeaderElection (LogUtils.java:infoOrTrace(149)) - b5c8e6ac-78cf-4415-8687-784dd9b9d9de@group-4D691BF5A7B5-LeaderElection85 got exception when requesting votes: {}
java.util.concurrent.ExecutionException: org.apache.ratis.thirdparty.io.grpc.StatusRuntimeException: UNAVAILABLE: io exception
	at java.util.concurrent.FutureTask.report(FutureTask.java:122)
	at java.util.concurrent.FutureTask.get(FutureTask.java:192)
	at org.apache.ratis.server.impl.LeaderElection.waitForResults(LeaderElection.java:259)
	at org.apache.ratis.server.impl.LeaderElection.askForVotes(LeaderElection.java:197)
	at org.apache.ratis.server.impl.LeaderElection.run(LeaderElection.java:133)
	at java.lang.Thread.run(Thread.java:748)
Caused by: org.apache.ratis.thirdparty.io.grpc.StatusRuntimeException: UNAVAILABLE: io exception
	at org.apache.ratis.thirdparty.io.grpc.stub.ClientCalls.toStatusRuntimeException(ClientCalls.java:233)
	at org.apache.ratis.thirdparty.io.grpc.stub.ClientCalls.getUnchecked(ClientCalls.java:214)
	at org.apache.ratis.thirdparty.io.grpc.stub.ClientCalls.blockingUnaryCall(ClientCalls.java:139)
	at org.apache.ratis.proto.grpc.RaftServerProtocolServiceGrpc$RaftServerProtocolServiceBlockingStub.requestVote(RaftServerProtocolServiceGrpc.java:265)
	at org.apache.ratis.grpc.server.GrpcServerProtocolClient.requestVote(GrpcServerProtocolClient.java:99)
	at org.apache.ratis.grpc.server.GrpcService.requestVote(GrpcService.java:204)
	at org.apache.ratis.server.impl.LeaderElection.lambda$submitRequests$1(LeaderElection.java:234)
	at java.util.concurrent.FutureTask.run(FutureTask.java:266)
	at java.util.concurrent.Executors$RunnableAdapter.call(Executors.java:511)
	at java.util.concurrent.FutureTask.run(FutureTask.java:266)
	at java.util.concurrent.ThreadPoolExecutor.runWorker(ThreadPoolExecutor.java:1149)
	at java.util.concurrent.ThreadPoolExecutor$Worker.run(ThreadPoolExecutor.java:624)
	... 1 more
Caused by: org.apache.ratis.thirdparty.io.netty.channel.AbstractChannel$AnnotatedConnectException: Connection refused: /192.168.157.206:39845
	at sun.nio.ch.SocketChannelImpl.checkConnect(Native Method)
	at sun.nio.ch.SocketChannelImpl.finishConnect(SocketChannelImpl.java:717)
	at org.apache.ratis.thirdparty.io.netty.channel.socket.nio.NioSocketChannel.doFinishConnect(NioSocketChannel.java:327)
	at org.apache.ratis.thirdparty.io.netty.channel.nio.AbstractNioChannel$AbstractNioUnsafe.finishConnect(AbstractNioChannel.java:340)
	at org.apache.ratis.thirdparty.io.netty.channel.nio.NioEventLoop.processSelectedKey(NioEventLoop.java:632)
	at org.apache.ratis.thirdparty.io.netty.channel.nio.NioEventLoop.processSelectedKeysOptimized(NioEventLoop.java:579)
	at org.apache.ratis.thirdparty.io.netty.channel.nio.NioEventLoop.processSelectedKeys(NioEventLoop.java:496)
	at org.apache.ratis.thirdparty.io.netty.channel.nio.NioEventLoop.run(NioEventLoop.java:458)
	at org.apache.ratis.thirdparty.io.netty.util.concurrent.SingleThreadEventExecutor$5.run(SingleThreadEventExecutor.java:897)
	at org.apache.ratis.thirdparty.io.netty.util.concurrent.FastThreadLocalRunnable.run(FastThreadLocalRunnable.java:30)
	... 1 more
Caused by: java.net.ConnectException: Connection refused
	... 11 more
2019-11-15 03:52:30,331 [grpc-default-executor-0] INFO  impl.RaftServerImpl (ServerState.java:setLeader(255)) - 09eef956-613c-46b0-8e56-22120e832e77@group-4D691BF5A7B5: change Leader from 2d1b9a28-4ed6-4518-a989-fb5d866f5618 to null at term 2 for updateCurrentTerm
2019-11-15 03:52:30,332 [grpc-default-executor-0] INFO  impl.RaftServerImpl (RaftServerImpl.java:setRole(173)) - 09eef956-613c-46b0-8e56-22120e832e77@group-4D691BF5A7B5: changes role from  FOLLOWER to FOLLOWER at term 2 for recognizeCandidate:b5c8e6ac-78cf-4415-8687-784dd9b9d9de
2019-11-15 03:52:30,332 [grpc-default-executor-0] INFO  impl.RoleInfo (RoleInfo.java:shutdownFollowerState(121)) - 09eef956-613c-46b0-8e56-22120e832e77: shutdown FollowerState
2019-11-15 03:52:30,332 [grpc-default-executor-0] INFO  impl.RoleInfo (RoleInfo.java:updateAndGet(143)) - 09eef956-613c-46b0-8e56-22120e832e77: start FollowerState
2019-11-15 03:52:30,332 [Thread-1750] INFO  impl.FollowerState (FollowerState.java:run(120)) - 09eef956-613c-46b0-8e56-22120e832e77@group-4D691BF5A7B5-FollowerState was interrupted: java.lang.InterruptedException: sleep interrupted
2019-11-15 03:52:30,364 [b5c8e6ac-78cf-4415-8687-784dd9b9d9de@group-4D691BF5A7B5-LeaderElection85] INFO  impl.LeaderElection (LeaderElection.java:logAndReturn(56)) - b5c8e6ac-78cf-4415-8687-784dd9b9d9de@group-4D691BF5A7B5-LeaderElection85: Election PASSED; received 1 response(s) [b5c8e6ac-78cf-4415-8687-784dd9b9d9de<-09eef956-613c-46b0-8e56-22120e832e77#0:OK-t2] and 1 exception(s); b5c8e6ac-78cf-4415-8687-784dd9b9d9de@group-4D691BF5A7B5:t2, leader=null, voted=b5c8e6ac-78cf-4415-8687-784dd9b9d9de, raftlog=b5c8e6ac-78cf-4415-8687-784dd9b9d9de@group-4D691BF5A7B5-SegmentedRaftLog:OPENED:c0,f0,i0, conf=0: [b5c8e6ac-78cf-4415-8687-784dd9b9d9de:192.168.157.206:35928, 2d1b9a28-4ed6-4518-a989-fb5d866f5618:192.168.157.206:39845, 09eef956-613c-46b0-8e56-22120e832e77:192.168.157.206:45763], old=null
2019-11-15 03:52:30,364 [b5c8e6ac-78cf-4415-8687-784dd9b9d9de@group-4D691BF5A7B5-LeaderElection85] INFO  impl.LeaderElection (LogUtils.java:infoOrTrace(149)) -   Exception 0: {}
java.util.concurrent.ExecutionException: org.apache.ratis.thirdparty.io.grpc.StatusRuntimeException: UNAVAILABLE: io exception
	at java.util.concurrent.FutureTask.report(FutureTask.java:122)
	at java.util.concurrent.FutureTask.get(FutureTask.java:192)
	at org.apache.ratis.server.impl.LeaderElection.waitForResults(LeaderElection.java:259)
	at org.apache.ratis.server.impl.LeaderElection.askForVotes(LeaderElection.java:197)
	at org.apache.ratis.server.impl.LeaderElection.run(LeaderElection.java:133)
	at java.lang.Thread.run(Thread.java:748)
Caused by: org.apache.ratis.thirdparty.io.grpc.StatusRuntimeException: UNAVAILABLE: io exception
	at org.apache.ratis.thirdparty.io.grpc.stub.ClientCalls.toStatusRuntimeException(ClientCalls.java:233)
	at org.apache.ratis.thirdparty.io.grpc.stub.ClientCalls.getUnchecked(ClientCalls.java:214)
	at org.apache.ratis.thirdparty.io.grpc.stub.ClientCalls.blockingUnaryCall(ClientCalls.java:139)
	at org.apache.ratis.proto.grpc.RaftServerProtocolServiceGrpc$RaftServerProtocolServiceBlockingStub.requestVote(RaftServerProtocolServiceGrpc.java:265)
	at org.apache.ratis.grpc.server.GrpcServerProtocolClient.requestVote(GrpcServerProtocolClient.java:99)
	at org.apache.ratis.grpc.server.GrpcService.requestVote(GrpcService.java:204)
	at org.apache.ratis.server.impl.LeaderElection.lambda$submitRequests$1(LeaderElection.java:234)
	at java.util.concurrent.FutureTask.run(FutureTask.java:266)
	at java.util.concurrent.Executors$RunnableAdapter.call(Executors.java:511)
	at java.util.concurrent.FutureTask.run(FutureTask.java:266)
	at java.util.concurrent.ThreadPoolExecutor.runWorker(ThreadPoolExecutor.java:1149)
	at java.util.concurrent.ThreadPoolExecutor$Worker.run(ThreadPoolExecutor.java:624)
	... 1 more
Caused by: org.apache.ratis.thirdparty.io.netty.channel.AbstractChannel$AnnotatedConnectException: Connection refused: /192.168.157.206:39845
	at sun.nio.ch.SocketChannelImpl.checkConnect(Native Method)
	at sun.nio.ch.SocketChannelImpl.finishConnect(SocketChannelImpl.java:717)
	at org.apache.ratis.thirdparty.io.netty.channel.socket.nio.NioSocketChannel.doFinishConnect(NioSocketChannel.java:327)
	at org.apache.ratis.thirdparty.io.netty.channel.nio.AbstractNioChannel$AbstractNioUnsafe.finishConnect(AbstractNioChannel.java:340)
	at org.apache.ratis.thirdparty.io.netty.channel.nio.NioEventLoop.processSelectedKey(NioEventLoop.java:632)
	at org.apache.ratis.thirdparty.io.netty.channel.nio.NioEventLoop.processSelectedKeysOptimized(NioEventLoop.java:579)
	at org.apache.ratis.thirdparty.io.netty.channel.nio.NioEventLoop.processSelectedKeys(NioEventLoop.java:496)
	at org.apache.ratis.thirdparty.io.netty.channel.nio.NioEventLoop.run(NioEventLoop.java:458)
	at org.apache.ratis.thirdparty.io.netty.util.concurrent.SingleThreadEventExecutor$5.run(SingleThreadEventExecutor.java:897)
	at org.apache.ratis.thirdparty.io.netty.util.concurrent.FastThreadLocalRunnable.run(FastThreadLocalRunnable.java:30)
	... 1 more
Caused by: java.net.ConnectException: Connection refused
	... 11 more
2019-11-15 03:52:30,365 [b5c8e6ac-78cf-4415-8687-784dd9b9d9de@group-4D691BF5A7B5-LeaderElection85] INFO  impl.RoleInfo (RoleInfo.java:shutdownLeaderElection(134)) - b5c8e6ac-78cf-4415-8687-784dd9b9d9de: shutdown LeaderElection
2019-11-15 03:52:30,365 [b5c8e6ac-78cf-4415-8687-784dd9b9d9de@group-4D691BF5A7B5-LeaderElection85] INFO  impl.RaftServerImpl (RaftServerImpl.java:setRole(173)) - b5c8e6ac-78cf-4415-8687-784dd9b9d9de@group-4D691BF5A7B5: changes role from CANDIDATE to LEADER at term 2 for changeToLeader
2019-11-15 03:52:30,365 [b5c8e6ac-78cf-4415-8687-784dd9b9d9de@group-4D691BF5A7B5-LeaderElection85] INFO  ratis.XceiverServerRatis (XceiverServerRatis.java:handleLeaderChangedNotification(697)) - Leader change notification received for group: group-4D691BF5A7B5 with new leaderId: b5c8e6ac-78cf-4415-8687-784dd9b9d9de
2019-11-15 03:52:30,365 [b5c8e6ac-78cf-4415-8687-784dd9b9d9de@group-4D691BF5A7B5-LeaderElection85] INFO  impl.RaftServerImpl (ServerState.java:setLeader(255)) - b5c8e6ac-78cf-4415-8687-784dd9b9d9de@group-4D691BF5A7B5: change Leader from null to b5c8e6ac-78cf-4415-8687-784dd9b9d9de at term 2 for becomeLeader, leader elected after 64ms
2019-11-15 03:52:30,365 [b5c8e6ac-78cf-4415-8687-784dd9b9d9de@group-4D691BF5A7B5-LeaderElection85] INFO  server.RaftServerConfigKeys (ConfUtils.java:logGet(43)) - raft.server.staging.catchup.gap = 1000 (default)
2019-11-15 03:52:30,366 [b5c8e6ac-78cf-4415-8687-784dd9b9d9de@group-4D691BF5A7B5-LeaderElection85] INFO  server.RaftServerConfigKeys (ConfUtils.java:logGet(43)) - raft.server.rpc.sleep.time = 25ms (default)
2019-11-15 03:52:30,366 [b5c8e6ac-78cf-4415-8687-784dd9b9d9de@group-4D691BF5A7B5-LeaderElection85] INFO  server.RaftServerConfigKeys (ConfUtils.java:logGet(43)) - raft.server.write.element-limit = 4096 (default)
2019-11-15 03:52:30,366 [b5c8e6ac-78cf-4415-8687-784dd9b9d9de@group-4D691BF5A7B5-LeaderElection85] INFO  server.RaftServerConfigKeys (ConfUtils.java:logGet(43)) - raft.server.watch.timeout = 10s (default)
2019-11-15 03:52:30,366 [b5c8e6ac-78cf-4415-8687-784dd9b9d9de@group-4D691BF5A7B5-LeaderElection85] INFO  server.RaftServerConfigKeys (ConfUtils.java:logGet(43)) - raft.server.watch.timeout.denomination = 1s (default)
2019-11-15 03:52:30,366 [b5c8e6ac-78cf-4415-8687-784dd9b9d9de@group-4D691BF5A7B5-LeaderElection85] INFO  server.RaftServerConfigKeys (ConfUtils.java:logGet(43)) - raft.server.watch.element-limit = 65536 (default)
2019-11-15 03:52:30,367 [b5c8e6ac-78cf-4415-8687-784dd9b9d9de@group-4D691BF5A7B5-LeaderElection85] INFO  server.RaftServerConfigKeys (ConfUtils.java:logGet(43)) - raft.server.log.appender.snapshot.chunk.size.max = 16MB (=16777216) (default)
2019-11-15 03:52:30,367 [b5c8e6ac-78cf-4415-8687-784dd9b9d9de@group-4D691BF5A7B5-LeaderElection85] INFO  server.RaftServerConfigKeys (ConfUtils.java:logGet(43)) - raft.server.log.appender.buffer.byte-limit = 33554432 (custom)
2019-11-15 03:52:30,367 [b5c8e6ac-78cf-4415-8687-784dd9b9d9de@group-4D691BF5A7B5-LeaderElection85] INFO  server.RaftServerConfigKeys (ConfUtils.java:logGet(43)) - raft.server.log.appender.buffer.element-limit = 1 (custom)
2019-11-15 03:52:30,367 [b5c8e6ac-78cf-4415-8687-784dd9b9d9de@group-4D691BF5A7B5-LeaderElection85] INFO  grpc.GrpcConfigKeys$Server (ConfUtils.java:logGet(43)) - raft.grpc.server.leader.outstanding.appends.max = 128 (default)
2019-11-15 03:52:30,367 [b5c8e6ac-78cf-4415-8687-784dd9b9d9de@group-4D691BF5A7B5-LeaderElection85] INFO  server.RaftServerConfigKeys (ConfUtils.java:logGet(43)) - raft.server.rpc.request.timeout = 3000ms (default)
2019-11-15 03:52:30,368 [b5c8e6ac-78cf-4415-8687-784dd9b9d9de@group-4D691BF5A7B5-LeaderElection85] INFO  server.RaftServerConfigKeys (ConfUtils.java:logGet(43)) - raft.server.log.appender.install.snapshot.enabled = false (custom)
2019-11-15 03:52:30,368 [b5c8e6ac-78cf-4415-8687-784dd9b9d9de@group-4D691BF5A7B5-LeaderElection85] WARN  impl.MetricRegistriesImpl (MetricRegistriesImpl.java:lambda$create$1(61)) - First MetricRegistry has been created without registering reporters. You may need to call MetricRegistries.global().addReportRegistration(...) before.
2019-11-15 03:52:30,368 [b5c8e6ac-78cf-4415-8687-784dd9b9d9de@group-4D691BF5A7B5-LeaderElection85] INFO  server.RaftServerConfigKeys (ConfUtils.java:logGet(43)) - raft.server.log.appender.snapshot.chunk.size.max = 16MB (=16777216) (default)
2019-11-15 03:52:30,368 [b5c8e6ac-78cf-4415-8687-784dd9b9d9de@group-4D691BF5A7B5-LeaderElection85] INFO  server.RaftServerConfigKeys (ConfUtils.java:logGet(43)) - raft.server.log.appender.buffer.byte-limit = 33554432 (custom)
2019-11-15 03:52:30,368 [b5c8e6ac-78cf-4415-8687-784dd9b9d9de@group-4D691BF5A7B5-LeaderElection85] INFO  server.RaftServerConfigKeys (ConfUtils.java:logGet(43)) - raft.server.log.appender.buffer.element-limit = 1 (custom)
2019-11-15 03:52:30,369 [b5c8e6ac-78cf-4415-8687-784dd9b9d9de@group-4D691BF5A7B5-LeaderElection85] INFO  grpc.GrpcConfigKeys$Server (ConfUtils.java:logGet(43)) - raft.grpc.server.leader.outstanding.appends.max = 128 (default)
2019-11-15 03:52:30,369 [b5c8e6ac-78cf-4415-8687-784dd9b9d9de@group-4D691BF5A7B5-LeaderElection85] INFO  server.RaftServerConfigKeys (ConfUtils.java:logGet(43)) - raft.server.rpc.request.timeout = 3000ms (default)
2019-11-15 03:52:30,369 [b5c8e6ac-78cf-4415-8687-784dd9b9d9de@group-4D691BF5A7B5-LeaderElection85] INFO  server.RaftServerConfigKeys (ConfUtils.java:logGet(43)) - raft.server.log.appender.install.snapshot.enabled = false (custom)
2019-11-15 03:52:30,369 [b5c8e6ac-78cf-4415-8687-784dd9b9d9de@group-4D691BF5A7B5-LeaderElection85] INFO  impl.RoleInfo (RoleInfo.java:updateAndGet(143)) - b5c8e6ac-78cf-4415-8687-784dd9b9d9de: start LeaderState
2019-11-15 03:52:30,370 [b5c8e6ac-78cf-4415-8687-784dd9b9d9de@group-4D691BF5A7B5-LeaderElection85] INFO  segmented.SegmentedRaftLogWorker (SegmentedRaftLogWorker.java:rollLogSegment(390)) - b5c8e6ac-78cf-4415-8687-784dd9b9d9de@group-4D691BF5A7B5-SegmentedRaftLogWorker: Rolling segment log-0_0 to index:0
2019-11-15 03:52:30,370 [b5c8e6ac-78cf-4415-8687-784dd9b9d9de@group-4D691BF5A7B5-SegmentedRaftLogWorker] INFO  segmented.SegmentedRaftLogWorker (SegmentedRaftLogWorker.java:execute(533)) - b5c8e6ac-78cf-4415-8687-784dd9b9d9de@group-4D691BF5A7B5-SegmentedRaftLogWorker: Rolled log segment from /workdir/hadoop-ozone/integration-test/target/test-dir/MiniOzoneClusterImpl-7bc5bb7c-5c55-4645-ae41-72269081a146/datanode-0/data/ratis/6065c80e-43cf-4002-940a-4d691bf5a7b5/current/log_inprogress_0 to /workdir/hadoop-ozone/integration-test/target/test-dir/MiniOzoneClusterImpl-7bc5bb7c-5c55-4645-ae41-72269081a146/datanode-0/data/ratis/6065c80e-43cf-4002-940a-4d691bf5a7b5/current/log_0-0
2019-11-15 03:52:30,371 [b5c8e6ac-78cf-4415-8687-784dd9b9d9de@group-4D691BF5A7B5-LeaderElection85] INFO  impl.RaftServerImpl (ServerState.java:setRaftConf(356)) - b5c8e6ac-78cf-4415-8687-784dd9b9d9de@group-4D691BF5A7B5: set configuration 1: [b5c8e6ac-78cf-4415-8687-784dd9b9d9de:192.168.157.206:35928, 2d1b9a28-4ed6-4518-a989-fb5d866f5618:192.168.157.206:39845, 09eef956-613c-46b0-8e56-22120e832e77:192.168.157.206:45763], old=null at 1
2019-11-15 03:52:30,371 [grpc-default-executor-0] WARN  server.GrpcLogAppender (LogUtils.java:warn(134)) - b5c8e6ac-78cf-4415-8687-784dd9b9d9de@group-4D691BF5A7B5->2d1b9a28-4ed6-4518-a989-fb5d866f5618-AppendLogResponseHandler: Failed appendEntries: org.apache.ratis.thirdparty.io.grpc.StatusRuntimeException: UNAVAILABLE: io exception
2019-11-15 03:52:30,372 [grpc-default-executor-0] INFO  impl.FollowerInfo (FollowerInfo.java:lambda$new$0(51)) - b5c8e6ac-78cf-4415-8687-784dd9b9d9de@group-4D691BF5A7B5->2d1b9a28-4ed6-4518-a989-fb5d866f5618: nextIndex: updateUnconditionally 1 -> 0
2019-11-15 03:52:30,372 [grpc-default-executor-9] INFO  ratis.XceiverServerRatis (XceiverServerRatis.java:handleLeaderChangedNotification(697)) - Leader change notification received for group: group-4D691BF5A7B5 with new leaderId: b5c8e6ac-78cf-4415-8687-784dd9b9d9de
2019-11-15 03:52:30,372 [grpc-default-executor-9] INFO  impl.RaftServerImpl (ServerState.java:setLeader(255)) - 09eef956-613c-46b0-8e56-22120e832e77@group-4D691BF5A7B5: change Leader from null to b5c8e6ac-78cf-4415-8687-784dd9b9d9de at term 2 for appendEntries, leader elected after 40ms
2019-11-15 03:52:30,375 [grpc-default-executor-9] INFO  impl.RaftServerImpl (ServerState.java:setRaftConf(356)) - 09eef956-613c-46b0-8e56-22120e832e77@group-4D691BF5A7B5: set configuration 1: [b5c8e6ac-78cf-4415-8687-784dd9b9d9de:192.168.157.206:35928, 2d1b9a28-4ed6-4518-a989-fb5d866f5618:192.168.157.206:39845, 09eef956-613c-46b0-8e56-22120e832e77:192.168.157.206:45763], old=null at 1
2019-11-15 03:52:30,375 [grpc-default-executor-9] INFO  segmented.SegmentedRaftLogWorker (SegmentedRaftLogWorker.java:rollLogSegment(390)) - 09eef956-613c-46b0-8e56-22120e832e77@group-4D691BF5A7B5-SegmentedRaftLogWorker: Rolling segment log-0_0 to index:0
2019-11-15 03:52:30,376 [09eef956-613c-46b0-8e56-22120e832e77@group-4D691BF5A7B5-SegmentedRaftLogWorker] INFO  segmented.SegmentedRaftLogWorker (SegmentedRaftLogWorker.java:execute(533)) - 09eef956-613c-46b0-8e56-22120e832e77@group-4D691BF5A7B5-SegmentedRaftLogWorker: Rolled log segment from /workdir/hadoop-ozone/integration-test/target/test-dir/MiniOzoneClusterImpl-7bc5bb7c-5c55-4645-ae41-72269081a146/datanode-1/data/ratis/6065c80e-43cf-4002-940a-4d691bf5a7b5/current/log_inprogress_0 to /workdir/hadoop-ozone/integration-test/target/test-dir/MiniOzoneClusterImpl-7bc5bb7c-5c55-4645-ae41-72269081a146/datanode-1/data/ratis/6065c80e-43cf-4002-940a-4d691bf5a7b5/current/log_0-0
2019-11-15 03:52:30,423 [b5c8e6ac-78cf-4415-8687-784dd9b9d9de@group-4D691BF5A7B5-SegmentedRaftLogWorker] INFO  segmented.SegmentedRaftLogWorker (SegmentedRaftLogWorker.java:execute(576)) - b5c8e6ac-78cf-4415-8687-784dd9b9d9de@group-4D691BF5A7B5-SegmentedRaftLogWorker: created new log segment /workdir/hadoop-ozone/integration-test/target/test-dir/MiniOzoneClusterImpl-7bc5bb7c-5c55-4645-ae41-72269081a146/datanode-0/data/ratis/6065c80e-43cf-4002-940a-4d691bf5a7b5/current/log_inprogress_1
2019-11-15 03:52:30,444 [09eef956-613c-46b0-8e56-22120e832e77@group-4D691BF5A7B5-SegmentedRaftLogWorker] INFO  segmented.SegmentedRaftLogWorker (SegmentedRaftLogWorker.java:execute(576)) - 09eef956-613c-46b0-8e56-22120e832e77@group-4D691BF5A7B5-SegmentedRaftLogWorker: created new log segment /workdir/hadoop-ozone/integration-test/target/test-dir/MiniOzoneClusterImpl-7bc5bb7c-5c55-4645-ae41-72269081a146/datanode-1/data/ratis/6065c80e-43cf-4002-940a-4d691bf5a7b5/current/log_inprogress_1
2019-11-15 03:52:30,459 [grpc-default-executor-0] WARN  server.GrpcLogAppender (LogUtils.java:warn(134)) - b5c8e6ac-78cf-4415-8687-784dd9b9d9de@group-4D691BF5A7B5->2d1b9a28-4ed6-4518-a989-fb5d866f5618-AppendLogResponseHandler: Failed appendEntries: org.apache.ratis.thirdparty.io.grpc.StatusRuntimeException: UNAVAILABLE: io exception
2019-11-15 03:52:30,459 [grpc-default-executor-0] INFO  impl.FollowerInfo (FollowerInfo.java:lambda$new$0(51)) - b5c8e6ac-78cf-4415-8687-784dd9b9d9de@group-4D691BF5A7B5->2d1b9a28-4ed6-4518-a989-fb5d866f5618: nextIndex: updateUnconditionally 1 -> 0
2019-11-15 03:52:30,471 [grpc-default-executor-0] WARN  server.GrpcLogAppender (LogUtils.java:warn(134)) - b5c8e6ac-78cf-4415-8687-784dd9b9d9de@group-4D691BF5A7B5->2d1b9a28-4ed6-4518-a989-fb5d866f5618-AppendLogResponseHandler: Failed appendEntries: org.apache.ratis.thirdparty.io.grpc.StatusRuntimeException: UNAVAILABLE: io exception
2019-11-15 03:52:30,472 [grpc-default-executor-0] INFO  impl.FollowerInfo (FollowerInfo.java:lambda$new$0(51)) - b5c8e6ac-78cf-4415-8687-784dd9b9d9de@group-4D691BF5A7B5->2d1b9a28-4ed6-4518-a989-fb5d866f5618: nextIndex: updateUnconditionally 1 -> 0
2019-11-15 03:52:30,637 [grpc-default-executor-0] WARN  server.GrpcLogAppender (LogUtils.java:warn(134)) - fae849f2-b585-4c8d-a748-375fffce3265@group-7A2BC8E9B85B->3b6a93a1-3acb-43ad-9bac-2b83b325636a-AppendLogResponseHandler: Failed appendEntries: org.apache.ratis.thirdparty.io.grpc.StatusRuntimeException: UNAVAILABLE: io exception
2019-11-15 03:52:30,637 [grpc-default-executor-0] INFO  impl.FollowerInfo (FollowerInfo.java:lambda$new$0(51)) - fae849f2-b585-4c8d-a748-375fffce3265@group-7A2BC8E9B85B->3b6a93a1-3acb-43ad-9bac-2b83b325636a: nextIndex: updateUnconditionally 0 -> 0
2019-11-15 03:52:30,973 [grpc-default-executor-0] WARN  server.GrpcLogAppender (LogUtils.java:warn(134)) - b5c8e6ac-78cf-4415-8687-784dd9b9d9de@group-4D691BF5A7B5->2d1b9a28-4ed6-4518-a989-fb5d866f5618-AppendLogResponseHandler: Failed appendEntries: org.apache.ratis.thirdparty.io.grpc.StatusRuntimeException: UNAVAILABLE: io exception
2019-11-15 03:52:30,979 [grpc-default-executor-0] INFO  impl.FollowerInfo (FollowerInfo.java:lambda$new$0(51)) - b5c8e6ac-78cf-4415-8687-784dd9b9d9de@group-4D691BF5A7B5->2d1b9a28-4ed6-4518-a989-fb5d866f5618: nextIndex: updateUnconditionally 0 -> 0
2019-11-15 03:52:31,138 [grpc-default-executor-5] WARN  server.GrpcLogAppender (LogUtils.java:warn(134)) - fae849f2-b585-4c8d-a748-375fffce3265@group-7A2BC8E9B85B->3b6a93a1-3acb-43ad-9bac-2b83b325636a-AppendLogResponseHandler: Failed appendEntries: org.apache.ratis.thirdparty.io.grpc.StatusRuntimeException: UNAVAILABLE: io exception
2019-11-15 03:52:31,139 [grpc-default-executor-5] INFO  impl.FollowerInfo (FollowerInfo.java:lambda$new$0(51)) - fae849f2-b585-4c8d-a748-375fffce3265@group-7A2BC8E9B85B->3b6a93a1-3acb-43ad-9bac-2b83b325636a: nextIndex: updateUnconditionally 0 -> 0
2019-11-15 03:52:31,474 [grpc-default-executor-5] WARN  server.GrpcLogAppender (LogUtils.java:warn(134)) - b5c8e6ac-78cf-4415-8687-784dd9b9d9de@group-4D691BF5A7B5->2d1b9a28-4ed6-4518-a989-fb5d866f5618-AppendLogResponseHandler: Failed appendEntries: org.apache.ratis.thirdparty.io.grpc.StatusRuntimeException: UNAVAILABLE: io exception
2019-11-15 03:52:31,475 [grpc-default-executor-5] INFO  impl.FollowerInfo (FollowerInfo.java:lambda$new$0(51)) - b5c8e6ac-78cf-4415-8687-784dd9b9d9de@group-4D691BF5A7B5->2d1b9a28-4ed6-4518-a989-fb5d866f5618: nextIndex: updateUnconditionally 0 -> 0
2019-11-15 03:52:31,639 [grpc-default-executor-4] WARN  server.GrpcLogAppender (LogUtils.java:warn(134)) - fae849f2-b585-4c8d-a748-375fffce3265@group-7A2BC8E9B85B->3b6a93a1-3acb-43ad-9bac-2b83b325636a-AppendLogResponseHandler: Failed appendEntries: org.apache.ratis.thirdparty.io.grpc.StatusRuntimeException: UNAVAILABLE: io exception
2019-11-15 03:52:31,639 [grpc-default-executor-4] INFO  impl.FollowerInfo (FollowerInfo.java:lambda$new$0(51)) - fae849f2-b585-4c8d-a748-375fffce3265@group-7A2BC8E9B85B->3b6a93a1-3acb-43ad-9bac-2b83b325636a: nextIndex: updateUnconditionally 0 -> 0
2019-11-15 03:52:31,975 [grpc-default-executor-4] WARN  server.GrpcLogAppender (LogUtils.java:warn(134)) - b5c8e6ac-78cf-4415-8687-784dd9b9d9de@group-4D691BF5A7B5->2d1b9a28-4ed6-4518-a989-fb5d866f5618-AppendLogResponseHandler: Failed appendEntries: org.apache.ratis.thirdparty.io.grpc.StatusRuntimeException: UNAVAILABLE: io exception
2019-11-15 03:52:31,975 [grpc-default-executor-4] INFO  impl.FollowerInfo (FollowerInfo.java:lambda$new$0(51)) - b5c8e6ac-78cf-4415-8687-784dd9b9d9de@group-4D691BF5A7B5->2d1b9a28-4ed6-4518-a989-fb5d866f5618: nextIndex: updateUnconditionally 0 -> 0
2019-11-15 03:52:32,140 [grpc-default-executor-9] WARN  server.GrpcLogAppender (LogUtils.java:warn(134)) - fae849f2-b585-4c8d-a748-375fffce3265@group-7A2BC8E9B85B->3b6a93a1-3acb-43ad-9bac-2b83b325636a-AppendLogResponseHandler: Failed appendEntries: org.apache.ratis.thirdparty.io.grpc.StatusRuntimeException: UNAVAILABLE: io exception
2019-11-15 03:52:32,140 [grpc-default-executor-9] INFO  impl.FollowerInfo (FollowerInfo.java:lambda$new$0(51)) - fae849f2-b585-4c8d-a748-375fffce3265@group-7A2BC8E9B85B->3b6a93a1-3acb-43ad-9bac-2b83b325636a: nextIndex: updateUnconditionally 0 -> 0
2019-11-15 03:52:32,475 [grpc-default-executor-9] WARN  server.GrpcLogAppender (LogUtils.java:warn(134)) - b5c8e6ac-78cf-4415-8687-784dd9b9d9de@group-4D691BF5A7B5->2d1b9a28-4ed6-4518-a989-fb5d866f5618-AppendLogResponseHandler: Failed appendEntries: org.apache.ratis.thirdparty.io.grpc.StatusRuntimeException: UNAVAILABLE: io exception
2019-11-15 03:52:32,476 [grpc-default-executor-9] INFO  impl.FollowerInfo (FollowerInfo.java:lambda$new$0(51)) - b5c8e6ac-78cf-4415-8687-784dd9b9d9de@group-4D691BF5A7B5->2d1b9a28-4ed6-4518-a989-fb5d866f5618: nextIndex: updateUnconditionally 0 -> 0
2019-11-15 03:52:32,641 [grpc-default-executor-4] WARN  server.GrpcLogAppender (LogUtils.java:warn(134)) - fae849f2-b585-4c8d-a748-375fffce3265@group-7A2BC8E9B85B->3b6a93a1-3acb-43ad-9bac-2b83b325636a-AppendLogResponseHandler: Failed appendEntries: org.apache.ratis.thirdparty.io.grpc.StatusRuntimeException: UNAVAILABLE: io exception
2019-11-15 03:52:32,642 [grpc-default-executor-4] INFO  impl.FollowerInfo (FollowerInfo.java:lambda$new$0(51)) - fae849f2-b585-4c8d-a748-375fffce3265@group-7A2BC8E9B85B->3b6a93a1-3acb-43ad-9bac-2b83b325636a: nextIndex: updateUnconditionally 0 -> 0
2019-11-15 03:52:32,980 [grpc-default-executor-4] WARN  server.GrpcLogAppender (LogUtils.java:warn(134)) - b5c8e6ac-78cf-4415-8687-784dd9b9d9de@group-4D691BF5A7B5->2d1b9a28-4ed6-4518-a989-fb5d866f5618-AppendLogResponseHandler: Failed appendEntries: org.apache.ratis.thirdparty.io.grpc.StatusRuntimeException: UNAVAILABLE: io exception
2019-11-15 03:52:32,996 [grpc-default-executor-4] INFO  impl.FollowerInfo (FollowerInfo.java:lambda$new$0(51)) - b5c8e6ac-78cf-4415-8687-784dd9b9d9de@group-4D691BF5A7B5->2d1b9a28-4ed6-4518-a989-fb5d866f5618: nextIndex: updateUnconditionally 0 -> 0
2019-11-15 03:52:33,141 [grpc-default-executor-4] WARN  server.GrpcLogAppender (LogUtils.java:warn(134)) - fae849f2-b585-4c8d-a748-375fffce3265@group-7A2BC8E9B85B->3b6a93a1-3acb-43ad-9bac-2b83b325636a-AppendLogResponseHandler: Failed appendEntries: org.apache.ratis.thirdparty.io.grpc.StatusRuntimeException: UNAVAILABLE: io exception
2019-11-15 03:52:33,142 [grpc-default-executor-4] INFO  impl.FollowerInfo (FollowerInfo.java:lambda$new$0(51)) - fae849f2-b585-4c8d-a748-375fffce3265@group-7A2BC8E9B85B->3b6a93a1-3acb-43ad-9bac-2b83b325636a: nextIndex: updateUnconditionally 0 -> 0
2019-11-15 03:52:33,479 [grpc-default-executor-4] WARN  server.GrpcLogAppender (LogUtils.java:warn(134)) - b5c8e6ac-78cf-4415-8687-784dd9b9d9de@group-4D691BF5A7B5->2d1b9a28-4ed6-4518-a989-fb5d866f5618-AppendLogResponseHandler: Failed appendEntries: org.apache.ratis.thirdparty.io.grpc.StatusRuntimeException: UNAVAILABLE: io exception
2019-11-15 03:52:33,480 [grpc-default-executor-4] INFO  impl.FollowerInfo (FollowerInfo.java:lambda$new$0(51)) - b5c8e6ac-78cf-4415-8687-784dd9b9d9de@group-4D691BF5A7B5->2d1b9a28-4ed6-4518-a989-fb5d866f5618: nextIndex: updateUnconditionally 0 -> 0
2019-11-15 03:52:33,642 [grpc-default-executor-9] WARN  server.GrpcLogAppender (LogUtils.java:warn(134)) - fae849f2-b585-4c8d-a748-375fffce3265@group-7A2BC8E9B85B->3b6a93a1-3acb-43ad-9bac-2b83b325636a-AppendLogResponseHandler: Failed appendEntries: org.apache.ratis.thirdparty.io.grpc.StatusRuntimeException: UNAVAILABLE: io exception
2019-11-15 03:52:33,642 [grpc-default-executor-9] INFO  impl.FollowerInfo (FollowerInfo.java:lambda$new$0(51)) - fae849f2-b585-4c8d-a748-375fffce3265@group-7A2BC8E9B85B->3b6a93a1-3acb-43ad-9bac-2b83b325636a: nextIndex: updateUnconditionally 0 -> 0
2019-11-15 03:52:33,980 [grpc-default-executor-9] WARN  server.GrpcLogAppender (LogUtils.java:warn(134)) - b5c8e6ac-78cf-4415-8687-784dd9b9d9de@group-4D691BF5A7B5->2d1b9a28-4ed6-4518-a989-fb5d866f5618-AppendLogResponseHandler: Failed appendEntries: org.apache.ratis.thirdparty.io.grpc.StatusRuntimeException: UNAVAILABLE: io exception
2019-11-15 03:52:33,981 [grpc-default-executor-9] INFO  impl.FollowerInfo (FollowerInfo.java:lambda$new$0(51)) - b5c8e6ac-78cf-4415-8687-784dd9b9d9de@group-4D691BF5A7B5->2d1b9a28-4ed6-4518-a989-fb5d866f5618: nextIndex: updateUnconditionally 0 -> 0
2019-11-15 03:52:34,143 [grpc-default-executor-9] WARN  server.GrpcLogAppender (LogUtils.java:warn(134)) - fae849f2-b585-4c8d-a748-375fffce3265@group-7A2BC8E9B85B->3b6a93a1-3acb-43ad-9bac-2b83b325636a-AppendLogResponseHandler: Failed appendEntries: org.apache.ratis.thirdparty.io.grpc.StatusRuntimeException: UNAVAILABLE: io exception
2019-11-15 03:52:34,144 [grpc-default-executor-9] INFO  impl.FollowerInfo (FollowerInfo.java:lambda$new$0(51)) - fae849f2-b585-4c8d-a748-375fffce3265@group-7A2BC8E9B85B->3b6a93a1-3acb-43ad-9bac-2b83b325636a: nextIndex: updateUnconditionally 0 -> 0
2019-11-15 03:52:34,238 [ForkJoinPool.commonPool-worker-1] INFO  ozoneimpl.OzoneContainer (OzoneContainer.java:stop(244)) - Attempting to stop container services.
2019-11-15 03:52:34,238 [main] INFO  ozoneimpl.OzoneContainer (OzoneContainer.java:stop(244)) - Attempting to stop container services.
2019-11-15 03:52:34,239 [ForkJoinPool.commonPool-worker-1] INFO  impl.RaftServerProxy (RaftServerProxy.java:lambda$close$4(314)) - 32349214-85e6-49cf-bb69-05e83393fdf3: close
2019-11-15 03:52:34,239 [main] INFO  impl.RaftServerProxy (RaftServerProxy.java:lambda$close$4(314)) - 43077e3c-832c-4164-9ae4-420ca2301748: close
2019-11-15 03:52:34,240 [main] INFO  impl.RaftServerImpl (RaftServerImpl.java:lambda$shutdown$3(250)) - 43077e3c-832c-4164-9ae4-420ca2301748@group-224DE20BC576: shutdown
2019-11-15 03:52:34,240 [ForkJoinPool.commonPool-worker-1] INFO  impl.RaftServerImpl (RaftServerImpl.java:lambda$shutdown$3(250)) - 32349214-85e6-49cf-bb69-05e83393fdf3@group-4713D1D2FAEC: shutdown
2019-11-15 03:52:34,240 [main] INFO  util.JmxRegister (JmxRegister.java:unregister(73)) - Successfully un-registered JMX Bean with object name Ratis:service=RaftServer,group=group-224DE20BC576,id=43077e3c-832c-4164-9ae4-420ca2301748
2019-11-15 03:52:34,240 [ForkJoinPool.commonPool-worker-1] INFO  util.JmxRegister (JmxRegister.java:unregister(73)) - Successfully un-registered JMX Bean with object name Ratis:service=RaftServer,group=group-4713D1D2FAEC,id=32349214-85e6-49cf-bb69-05e83393fdf3
2019-11-15 03:52:34,241 [main] INFO  impl.RoleInfo (RoleInfo.java:shutdownLeaderState(104)) - 43077e3c-832c-4164-9ae4-420ca2301748: shutdown LeaderState
2019-11-15 03:52:34,241 [ForkJoinPool.commonPool-worker-1] INFO  impl.RoleInfo (RoleInfo.java:shutdownLeaderState(104)) - 32349214-85e6-49cf-bb69-05e83393fdf3: shutdown LeaderState
2019-11-15 03:52:34,242 [main] INFO  impl.PendingRequests (PendingRequests.java:sendNotLeaderResponses(206)) - 43077e3c-832c-4164-9ae4-420ca2301748@group-224DE20BC576-PendingRequests: sendNotLeaderResponses
2019-11-15 03:52:34,242 [ForkJoinPool.commonPool-worker-1] INFO  impl.PendingRequests (PendingRequests.java:sendNotLeaderResponses(206)) - 32349214-85e6-49cf-bb69-05e83393fdf3@group-4713D1D2FAEC-PendingRequests: sendNotLeaderResponses
2019-11-15 03:52:34,242 [main] INFO  impl.StateMachineUpdater (StateMachineUpdater.java:stopAndJoin(136)) - 43077e3c-832c-4164-9ae4-420ca2301748@group-224DE20BC576-StateMachineUpdater: set stopIndex = 0
2019-11-15 03:52:34,242 [ForkJoinPool.commonPool-worker-1] INFO  impl.StateMachineUpdater (StateMachineUpdater.java:stopAndJoin(136)) - 32349214-85e6-49cf-bb69-05e83393fdf3@group-4713D1D2FAEC-StateMachineUpdater: set stopIndex = 0
2019-11-15 03:52:34,244 [ForkJoinPool.commonPool-worker-1] INFO  impl.RaftServerImpl (ServerState.java:close(387)) - 32349214-85e6-49cf-bb69-05e83393fdf3@group-4713D1D2FAEC: closes. applyIndex: 0
2019-11-15 03:52:34,244 [main] INFO  impl.RaftServerImpl (ServerState.java:close(387)) - 43077e3c-832c-4164-9ae4-420ca2301748@group-224DE20BC576: closes. applyIndex: 0
2019-11-15 03:52:34,245 [32349214-85e6-49cf-bb69-05e83393fdf3@group-4713D1D2FAEC-SegmentedRaftLogWorker] INFO  segmented.SegmentedRaftLogWorker (SegmentedRaftLogWorker.java:run(316)) - 32349214-85e6-49cf-bb69-05e83393fdf3@group-4713D1D2FAEC-SegmentedRaftLogWorker was interrupted, exiting. There are 0 tasks remaining in the queue.
2019-11-15 03:52:34,245 [43077e3c-832c-4164-9ae4-420ca2301748@group-224DE20BC576-SegmentedRaftLogWorker] INFO  segmented.SegmentedRaftLogWorker (SegmentedRaftLogWorker.java:run(316)) - 43077e3c-832c-4164-9ae4-420ca2301748@group-224DE20BC576-SegmentedRaftLogWorker was interrupted, exiting. There are 0 tasks remaining in the queue.
2019-11-15 03:52:34,248 [main] INFO  segmented.SegmentedRaftLogWorker (SegmentedRaftLogWorker.java:close(224)) - 43077e3c-832c-4164-9ae4-420ca2301748@group-224DE20BC576-SegmentedRaftLogWorker close()
2019-11-15 03:52:34,248 [ForkJoinPool.commonPool-worker-1] INFO  segmented.SegmentedRaftLogWorker (SegmentedRaftLogWorker.java:close(224)) - 32349214-85e6-49cf-bb69-05e83393fdf3@group-4713D1D2FAEC-SegmentedRaftLogWorker close()
2019-11-15 03:52:34,250 [main] INFO  impl.RaftServerImpl (RaftServerImpl.java:lambda$shutdown$3(250)) - 43077e3c-832c-4164-9ae4-420ca2301748@group-4E4984C096D6: shutdown
2019-11-15 03:52:34,250 [ForkJoinPool.commonPool-worker-1] INFO  impl.RaftServerImpl (RaftServerImpl.java:lambda$shutdown$3(250)) - 32349214-85e6-49cf-bb69-05e83393fdf3@group-4E4984C096D6: shutdown
2019-11-15 03:52:34,251 [main] INFO  util.JmxRegister (JmxRegister.java:unregister(73)) - Successfully un-registered JMX Bean with object name Ratis:service=RaftServer,group=group-4E4984C096D6,id=43077e3c-832c-4164-9ae4-420ca2301748
2019-11-15 03:52:34,251 [ForkJoinPool.commonPool-worker-1] INFO  util.JmxRegister (JmxRegister.java:unregister(73)) - Successfully un-registered JMX Bean with object name Ratis:service=RaftServer,group=group-4E4984C096D6,id=32349214-85e6-49cf-bb69-05e83393fdf3
2019-11-15 03:52:34,251 [main] INFO  impl.RoleInfo (RoleInfo.java:shutdownFollowerState(121)) - 43077e3c-832c-4164-9ae4-420ca2301748: shutdown FollowerState
2019-11-15 03:52:34,251 [ForkJoinPool.commonPool-worker-1] INFO  impl.RoleInfo (RoleInfo.java:shutdownFollowerState(121)) - 32349214-85e6-49cf-bb69-05e83393fdf3: shutdown FollowerState
2019-11-15 03:52:34,252 [Thread-1730] INFO  impl.FollowerState (FollowerState.java:run(120)) - 43077e3c-832c-4164-9ae4-420ca2301748@group-4E4984C096D6-FollowerState was interrupted: java.lang.InterruptedException: sleep interrupted
2019-11-15 03:52:34,252 [Thread-1731] INFO  impl.FollowerState (FollowerState.java:run(120)) - 32349214-85e6-49cf-bb69-05e83393fdf3@group-4E4984C096D6-FollowerState was interrupted: java.lang.InterruptedException: sleep interrupted
2019-11-15 03:52:34,251 [main] INFO  impl.StateMachineUpdater (StateMachineUpdater.java:stopAndJoin(136)) - 43077e3c-832c-4164-9ae4-420ca2301748@group-4E4984C096D6-StateMachineUpdater: set stopIndex = 4
2019-11-15 03:52:34,252 [32349214-85e6-49cf-bb69-05e83393fdf3@group-4E4984C096D6-StateMachineUpdater] INFO  ratis.ContainerStateMachine (ContainerStateMachine.java:takeSnapshot(285)) - group-4E4984C096D6: Taking a snapshot at:(t:1, i:2) file /workdir/hadoop-ozone/integration-test/target/test-dir/MiniOzoneClusterImpl-7bc5bb7c-5c55-4645-ae41-72269081a146/datanode-3/data/ratis/0e5a5b8a-7a32-4dd9-804b-4e4984c096d6/sm/snapshot.1_2
2019-11-15 03:52:34,252 [ForkJoinPool.commonPool-worker-1] INFO  impl.StateMachineUpdater (StateMachineUpdater.java:stopAndJoin(136)) - 32349214-85e6-49cf-bb69-05e83393fdf3@group-4E4984C096D6-StateMachineUpdater: set stopIndex = 4
2019-11-15 03:52:34,252 [43077e3c-832c-4164-9ae4-420ca2301748@group-4E4984C096D6-StateMachineUpdater] INFO  ratis.ContainerStateMachine (ContainerStateMachine.java:takeSnapshot(285)) - group-4E4984C096D6: Taking a snapshot at:(t:1, i:2) file /workdir/hadoop-ozone/integration-test/target/test-dir/MiniOzoneClusterImpl-7bc5bb7c-5c55-4645-ae41-72269081a146/datanode-6/data/ratis/0e5a5b8a-7a32-4dd9-804b-4e4984c096d6/sm/snapshot.1_2
2019-11-15 03:52:34,282 [32349214-85e6-49cf-bb69-05e83393fdf3@group-4E4984C096D6-StateMachineUpdater] INFO  ratis.ContainerStateMachine (ContainerStateMachine.java:takeSnapshot(296)) - group-4E4984C096D6: Finished taking a snapshot at:(t:1, i:2) file:/workdir/hadoop-ozone/integration-test/target/test-dir/MiniOzoneClusterImpl-7bc5bb7c-5c55-4645-ae41-72269081a146/datanode-3/data/ratis/0e5a5b8a-7a32-4dd9-804b-4e4984c096d6/sm/snapshot.1_2 time:30
2019-11-15 03:52:34,282 [43077e3c-832c-4164-9ae4-420ca2301748@group-4E4984C096D6-StateMachineUpdater] INFO  ratis.ContainerStateMachine (ContainerStateMachine.java:takeSnapshot(296)) - group-4E4984C096D6: Finished taking a snapshot at:(t:1, i:2) file:/workdir/hadoop-ozone/integration-test/target/test-dir/MiniOzoneClusterImpl-7bc5bb7c-5c55-4645-ae41-72269081a146/datanode-6/data/ratis/0e5a5b8a-7a32-4dd9-804b-4e4984c096d6/sm/snapshot.1_2 time:30
2019-11-15 03:52:34,282 [43077e3c-832c-4164-9ae4-420ca2301748@group-4E4984C096D6-StateMachineUpdater] INFO  impl.StateMachineUpdater (StateMachineUpdater.java:takeSnapshot(269)) - 43077e3c-832c-4164-9ae4-420ca2301748@group-4E4984C096D6-StateMachineUpdater: Took a snapshot at index 2
2019-11-15 03:52:34,282 [32349214-85e6-49cf-bb69-05e83393fdf3@group-4E4984C096D6-StateMachineUpdater] INFO  impl.StateMachineUpdater (StateMachineUpdater.java:takeSnapshot(269)) - 32349214-85e6-49cf-bb69-05e83393fdf3@group-4E4984C096D6-StateMachineUpdater: Took a snapshot at index 2
2019-11-15 03:52:34,282 [43077e3c-832c-4164-9ae4-420ca2301748@group-4E4984C096D6-StateMachineUpdater] INFO  impl.StateMachineUpdater (StateMachineUpdater.java:lambda$new$0(84)) - 43077e3c-832c-4164-9ae4-420ca2301748@group-4E4984C096D6-StateMachineUpdater: snapshotIndex: updateIncreasingly -1 -> 2
2019-11-15 03:52:34,282 [32349214-85e6-49cf-bb69-05e83393fdf3@group-4E4984C096D6-StateMachineUpdater] INFO  impl.StateMachineUpdater (StateMachineUpdater.java:lambda$new$0(84)) - 32349214-85e6-49cf-bb69-05e83393fdf3@group-4E4984C096D6-StateMachineUpdater: snapshotIndex: updateIncreasingly -1 -> 2
2019-11-15 03:52:34,283 [43077e3c-832c-4164-9ae4-420ca2301748@group-4E4984C096D6-StateMachineUpdater] INFO  ratis.ContainerStateMachine (ContainerStateMachine.java:takeSnapshot(285)) - group-4E4984C096D6: Taking a snapshot at:(t:1, i:2) file /workdir/hadoop-ozone/integration-test/target/test-dir/MiniOzoneClusterImpl-7bc5bb7c-5c55-4645-ae41-72269081a146/datanode-6/data/ratis/0e5a5b8a-7a32-4dd9-804b-4e4984c096d6/sm/snapshot.1_2
2019-11-15 03:52:34,283 [32349214-85e6-49cf-bb69-05e83393fdf3@group-4E4984C096D6-StateMachineUpdater] INFO  ratis.ContainerStateMachine (ContainerStateMachine.java:takeSnapshot(285)) - group-4E4984C096D6: Taking a snapshot at:(t:1, i:2) file /workdir/hadoop-ozone/integration-test/target/test-dir/MiniOzoneClusterImpl-7bc5bb7c-5c55-4645-ae41-72269081a146/datanode-3/data/ratis/0e5a5b8a-7a32-4dd9-804b-4e4984c096d6/sm/snapshot.1_2
2019-11-15 03:52:34,305 [43077e3c-832c-4164-9ae4-420ca2301748@group-4E4984C096D6-StateMachineUpdater] INFO  ratis.ContainerStateMachine (ContainerStateMachine.java:takeSnapshot(296)) - group-4E4984C096D6: Finished taking a snapshot at:(t:1, i:2) file:/workdir/hadoop-ozone/integration-test/target/test-dir/MiniOzoneClusterImpl-7bc5bb7c-5c55-4645-ae41-72269081a146/datanode-6/data/ratis/0e5a5b8a-7a32-4dd9-804b-4e4984c096d6/sm/snapshot.1_2 time:22
2019-11-15 03:52:34,305 [32349214-85e6-49cf-bb69-05e83393fdf3@group-4E4984C096D6-StateMachineUpdater] INFO  ratis.ContainerStateMachine (ContainerStateMachine.java:takeSnapshot(296)) - group-4E4984C096D6: Finished taking a snapshot at:(t:1, i:2) file:/workdir/hadoop-ozone/integration-test/target/test-dir/MiniOzoneClusterImpl-7bc5bb7c-5c55-4645-ae41-72269081a146/datanode-3/data/ratis/0e5a5b8a-7a32-4dd9-804b-4e4984c096d6/sm/snapshot.1_2 time:22
2019-11-15 03:52:34,305 [43077e3c-832c-4164-9ae4-420ca2301748@group-4E4984C096D6-StateMachineUpdater] INFO  impl.StateMachineUpdater (StateMachineUpdater.java:takeSnapshot(269)) - 43077e3c-832c-4164-9ae4-420ca2301748@group-4E4984C096D6-StateMachineUpdater: Took a snapshot at index 2
2019-11-15 03:52:34,305 [43077e3c-832c-4164-9ae4-420ca2301748@group-4E4984C096D6-StateMachineUpdater] INFO  impl.StateMachineUpdater (StateMachineUpdater.java:lambda$new$0(84)) - 43077e3c-832c-4164-9ae4-420ca2301748@group-4E4984C096D6-StateMachineUpdater: snapshotIndex: updateIncreasingly 2 -> 2
2019-11-15 03:52:34,305 [32349214-85e6-49cf-bb69-05e83393fdf3@group-4E4984C096D6-StateMachineUpdater] INFO  impl.StateMachineUpdater (StateMachineUpdater.java:takeSnapshot(269)) - 32349214-85e6-49cf-bb69-05e83393fdf3@group-4E4984C096D6-StateMachineUpdater: Took a snapshot at index 2
2019-11-15 03:52:34,305 [32349214-85e6-49cf-bb69-05e83393fdf3@group-4E4984C096D6-StateMachineUpdater] INFO  impl.StateMachineUpdater (StateMachineUpdater.java:lambda$new$0(84)) - 32349214-85e6-49cf-bb69-05e83393fdf3@group-4E4984C096D6-StateMachineUpdater: snapshotIndex: updateIncreasingly 2 -> 2
2019-11-15 03:52:34,306 [main] INFO  impl.RaftServerImpl (ServerState.java:close(387)) - 43077e3c-832c-4164-9ae4-420ca2301748@group-4E4984C096D6: closes. applyIndex: 4
2019-11-15 03:52:34,306 [ForkJoinPool.commonPool-worker-1] INFO  impl.RaftServerImpl (ServerState.java:close(387)) - 32349214-85e6-49cf-bb69-05e83393fdf3@group-4E4984C096D6: closes. applyIndex: 4
2019-11-15 03:52:34,306 [43077e3c-832c-4164-9ae4-420ca2301748@group-4E4984C096D6-SegmentedRaftLogWorker] INFO  segmented.SegmentedRaftLogWorker (SegmentedRaftLogWorker.java:run(316)) - 43077e3c-832c-4164-9ae4-420ca2301748@group-4E4984C096D6-SegmentedRaftLogWorker was interrupted, exiting. There are 0 tasks remaining in the queue.
2019-11-15 03:52:34,310 [32349214-85e6-49cf-bb69-05e83393fdf3@group-4E4984C096D6-SegmentedRaftLogWorker] INFO  segmented.SegmentedRaftLogWorker (SegmentedRaftLogWorker.java:run(316)) - 32349214-85e6-49cf-bb69-05e83393fdf3@group-4E4984C096D6-SegmentedRaftLogWorker was interrupted, exiting. There are 0 tasks remaining in the queue.
2019-11-15 03:52:34,310 [main] INFO  segmented.SegmentedRaftLogWorker (SegmentedRaftLogWorker.java:close(224)) - 43077e3c-832c-4164-9ae4-420ca2301748@group-4E4984C096D6-SegmentedRaftLogWorker close()
2019-11-15 03:52:34,312 [ForkJoinPool.commonPool-worker-1] INFO  segmented.SegmentedRaftLogWorker (SegmentedRaftLogWorker.java:close(224)) - 32349214-85e6-49cf-bb69-05e83393fdf3@group-4E4984C096D6-SegmentedRaftLogWorker close()
2019-11-15 03:52:34,314 [main] INFO  server.GrpcService (GrpcService.java:closeImpl(164)) - 43077e3c-832c-4164-9ae4-420ca2301748: shutdown server with port 45724 now
2019-11-15 03:52:34,315 [ForkJoinPool.commonPool-worker-1] INFO  server.GrpcService (GrpcService.java:closeImpl(164)) - 32349214-85e6-49cf-bb69-05e83393fdf3: shutdown server with port 34957 now
2019-11-15 03:52:34,317 [grpc-default-executor-5] WARN  server.GrpcServerProtocolService (LogUtils.java:warn(134)) - 32349214-85e6-49cf-bb69-05e83393fdf3: installSnapshot onError, lastRequest: 1f296aea-c4ef-4ad0-bd70-4536dedd0da2->32349214-85e6-49cf-bb69-05e83393fdf3#25-t1, previous=(t:1, i:4), leaderCommit=4, initializing? false, entries: <empty>: org.apache.ratis.thirdparty.io.grpc.StatusRuntimeException: CANCELLED: cancelled before receiving half close
2019-11-15 03:52:34,317 [main] INFO  server.GrpcService (GrpcService.java:closeImpl(172)) - 43077e3c-832c-4164-9ae4-420ca2301748: shutdown server with port 45724 successfully
2019-11-15 03:52:34,317 [ForkJoinPool.commonPool-worker-1] INFO  server.GrpcService (GrpcService.java:closeImpl(172)) - 32349214-85e6-49cf-bb69-05e83393fdf3: shutdown server with port 34957 successfully
2019-11-15 03:52:34,317 [grpc-default-executor-0] WARN  server.GrpcServerProtocolService (LogUtils.java:warn(134)) - 43077e3c-832c-4164-9ae4-420ca2301748: installSnapshot onError, lastRequest: 1f296aea-c4ef-4ad0-bd70-4536dedd0da2->43077e3c-832c-4164-9ae4-420ca2301748#25-t1, previous=(t:1, i:4), leaderCommit=4, initializing? false, entries: <empty>: org.apache.ratis.thirdparty.io.grpc.StatusRuntimeException: CANCELLED: cancelled before receiving half close
2019-11-15 03:52:34,317 [grpc-default-executor-6] WARN  server.GrpcLogAppender (LogUtils.java:warn(134)) - 1f296aea-c4ef-4ad0-bd70-4536dedd0da2@group-4E4984C096D6->32349214-85e6-49cf-bb69-05e83393fdf3-AppendLogResponseHandler: Failed appendEntries: org.apache.ratis.thirdparty.io.grpc.StatusRuntimeException: CANCELLED: HTTP/2 error code: CANCEL
Received Rst Stream
2019-11-15 03:52:34,317 [grpc-default-executor-8] WARN  server.GrpcLogAppender (LogUtils.java:warn(134)) - 1f296aea-c4ef-4ad0-bd70-4536dedd0da2@group-4E4984C096D6->43077e3c-832c-4164-9ae4-420ca2301748-AppendLogResponseHandler: Failed appendEntries: org.apache.ratis.thirdparty.io.grpc.StatusRuntimeException: CANCELLED: HTTP/2 error code: CANCEL
Received Rst Stream
2019-11-15 03:52:34,318 [grpc-default-executor-6] INFO  impl.FollowerInfo (FollowerInfo.java:lambda$new$0(51)) - 1f296aea-c4ef-4ad0-bd70-4536dedd0da2@group-4E4984C096D6->32349214-85e6-49cf-bb69-05e83393fdf3: nextIndex: updateUnconditionally 5 -> 4
2019-11-15 03:52:34,318 [grpc-default-executor-8] INFO  impl.FollowerInfo (FollowerInfo.java:lambda$new$0(51)) - 1f296aea-c4ef-4ad0-bd70-4536dedd0da2@group-4E4984C096D6->43077e3c-832c-4164-9ae4-420ca2301748: nextIndex: updateUnconditionally 5 -> 4
2019-11-15 03:52:34,321 [refreshUsed-/workdir/hadoop-ozone/integration-test/target/test-dir/MiniOzoneClusterImpl-7bc5bb7c-5c55-4645-ae41-72269081a146/datanode-3/data/containers] WARN  fs.CachingGetSpaceUsed (CachingGetSpaceUsed.java:run(183)) - Thread Interrupted waiting to refresh disk information: sleep interrupted
2019-11-15 03:52:34,327 [refreshUsed-/workdir/hadoop-ozone/integration-test/target/test-dir/MiniOzoneClusterImpl-7bc5bb7c-5c55-4645-ae41-72269081a146/datanode-6/data/containers] WARN  fs.CachingGetSpaceUsed (CachingGetSpaceUsed.java:run(183)) - Thread Interrupted waiting to refresh disk information: sleep interrupted
2019-11-15 03:52:34,348 [ForkJoinPool.commonPool-worker-1] INFO  utils.BackgroundService (BackgroundService.java:shutdown(151)) - Shutting down service BlockDeletingService
2019-11-15 03:52:34,348 [main] INFO  utils.BackgroundService (BackgroundService.java:shutdown(151)) - Shutting down service BlockDeletingService
2019-11-15 03:52:34,354 [ForkJoinPool.commonPool-worker-1] INFO  statemachine.DatanodeStateMachine (DatanodeStateMachine.java:stopDaemon(400)) - Ozone container server stopped.
2019-11-15 03:52:34,356 [main] INFO  statemachine.DatanodeStateMachine (DatanodeStateMachine.java:stopDaemon(400)) - Ozone container server stopped.
2019-11-15 03:52:34,362 [ForkJoinPool.commonPool-worker-1] INFO  handler.ContextHandler (ContextHandler.java:doStop(910)) - Stopped o.e.j.w.WebAppContext@16ac5d35{/,null,UNAVAILABLE}{/hddsDatanode}
2019-11-15 03:52:34,362 [main] INFO  handler.ContextHandler (ContextHandler.java:doStop(910)) - Stopped o.e.j.w.WebAppContext@4b432e53{/,null,UNAVAILABLE}{/hddsDatanode}
2019-11-15 03:52:34,365 [main] INFO  server.AbstractConnector (AbstractConnector.java:doStop(318)) - Stopped ServerConnector@2b916808{HTTP/1.1,[http/1.1]}{0.0.0.0:0}
2019-11-15 03:52:34,365 [ForkJoinPool.commonPool-worker-1] INFO  server.AbstractConnector (AbstractConnector.java:doStop(318)) - Stopped ServerConnector@3965bdf9{HTTP/1.1,[http/1.1]}{0.0.0.0:0}
2019-11-15 03:52:34,365 [main] INFO  handler.ContextHandler (ContextHandler.java:doStop(910)) - Stopped o.e.j.s.ServletContextHandler@f2a1813{/static,jar:file:/home/user/.m2/repository/org/apache/hadoop/hadoop-hdds-container-service/0.5.0-SNAPSHOT/hadoop-hdds-container-service-0.5.0-SNAPSHOT.jar!/webapps/static,UNAVAILABLE}
2019-11-15 03:52:34,366 [ForkJoinPool.commonPool-worker-1] INFO  handler.ContextHandler (ContextHandler.java:doStop(910)) - Stopped o.e.j.s.ServletContextHandler@6870c3c2{/static,jar:file:/home/user/.m2/repository/org/apache/hadoop/hadoop-hdds-container-service/0.5.0-SNAPSHOT/hadoop-hdds-container-service-0.5.0-SNAPSHOT.jar!/webapps/static,UNAVAILABLE}
2019-11-15 03:52:34,367 [main] INFO  handler.ContextHandler (ContextHandler.java:doStop(910)) - Stopped o.e.j.s.ServletContextHandler@59c04bee{/logs,file:///workdir/hadoop-ozone/integration-test/target/log,UNAVAILABLE}
2019-11-15 03:52:34,368 [ForkJoinPool.commonPool-worker-1] INFO  handler.ContextHandler (ContextHandler.java:doStop(910)) - Stopped o.e.j.s.ServletContextHandler@483b0690{/logs,file:///workdir/hadoop-ozone/integration-test/target/log,UNAVAILABLE}
2019-11-15 03:52:34,383 [Datanode State Machine Thread - 0] INFO  statemachine.DatanodeStateMachine (DatanodeStateMachine.java:lambda$startDaemon$0(355)) - Ozone container server started.
2019-11-15 03:52:34,481 [grpc-default-executor-0] WARN  server.GrpcLogAppender (LogUtils.java:warn(134)) - b5c8e6ac-78cf-4415-8687-784dd9b9d9de@group-4D691BF5A7B5->2d1b9a28-4ed6-4518-a989-fb5d866f5618-AppendLogResponseHandler: Failed appendEntries: org.apache.ratis.thirdparty.io.grpc.StatusRuntimeException: UNAVAILABLE: io exception
2019-11-15 03:52:34,481 [grpc-default-executor-0] INFO  impl.FollowerInfo (FollowerInfo.java:lambda$new$0(51)) - b5c8e6ac-78cf-4415-8687-784dd9b9d9de@group-4D691BF5A7B5->2d1b9a28-4ed6-4518-a989-fb5d866f5618: nextIndex: updateUnconditionally 0 -> 0
2019-11-15 03:52:34,549 [grpc-default-executor-8] WARN  server.GrpcLogAppender (LogUtils.java:warn(134)) - 1f296aea-c4ef-4ad0-bd70-4536dedd0da2@group-4E4984C096D6->32349214-85e6-49cf-bb69-05e83393fdf3-AppendLogResponseHandler: Failed appendEntries: org.apache.ratis.thirdparty.io.grpc.StatusRuntimeException: UNAVAILABLE: io exception
2019-11-15 03:52:34,550 [grpc-default-executor-0] WARN  server.GrpcLogAppender (LogUtils.java:warn(134)) - 1f296aea-c4ef-4ad0-bd70-4536dedd0da2@group-4E4984C096D6->43077e3c-832c-4164-9ae4-420ca2301748-AppendLogResponseHandler: Failed appendEntries: org.apache.ratis.thirdparty.io.grpc.StatusRuntimeException: UNAVAILABLE: io exception
2019-11-15 03:52:34,550 [grpc-default-executor-8] INFO  impl.FollowerInfo (FollowerInfo.java:lambda$new$0(51)) - 1f296aea-c4ef-4ad0-bd70-4536dedd0da2@group-4E4984C096D6->32349214-85e6-49cf-bb69-05e83393fdf3: nextIndex: updateUnconditionally 4 -> 3
2019-11-15 03:52:34,550 [grpc-default-executor-0] INFO  impl.FollowerInfo (FollowerInfo.java:lambda$new$0(51)) - 1f296aea-c4ef-4ad0-bd70-4536dedd0da2@group-4E4984C096D6->43077e3c-832c-4164-9ae4-420ca2301748: nextIndex: updateUnconditionally 4 -> 3
2019-11-15 03:52:34,643 [grpc-default-executor-6] WARN  server.GrpcLogAppender (LogUtils.java:warn(134)) - fae849f2-b585-4c8d-a748-375fffce3265@group-7A2BC8E9B85B->3b6a93a1-3acb-43ad-9bac-2b83b325636a-AppendLogResponseHandler: Failed appendEntries: org.apache.ratis.thirdparty.io.grpc.StatusRuntimeException: UNAVAILABLE: io exception
2019-11-15 03:52:34,643 [grpc-default-executor-6] INFO  impl.FollowerInfo (FollowerInfo.java:lambda$new$0(51)) - fae849f2-b585-4c8d-a748-375fffce3265@group-7A2BC8E9B85B->3b6a93a1-3acb-43ad-9bac-2b83b325636a: nextIndex: updateUnconditionally 0 -> 0
2019-11-15 03:52:34,981 [grpc-default-executor-8] WARN  server.GrpcLogAppender (LogUtils.java:warn(134)) - b5c8e6ac-78cf-4415-8687-784dd9b9d9de@group-4D691BF5A7B5->2d1b9a28-4ed6-4518-a989-fb5d866f5618-AppendLogResponseHandler: Failed appendEntries: org.apache.ratis.thirdparty.io.grpc.StatusRuntimeException: UNAVAILABLE: io exception
2019-11-15 03:52:34,982 [grpc-default-executor-8] INFO  impl.FollowerInfo (FollowerInfo.java:lambda$new$0(51)) - b5c8e6ac-78cf-4415-8687-784dd9b9d9de@group-4D691BF5A7B5->2d1b9a28-4ed6-4518-a989-fb5d866f5618: nextIndex: updateUnconditionally 0 -> 0
2019-11-15 03:52:35,034 [Datanode State Machine Thread - 0] INFO  statemachine.DatanodeStateMachine (DatanodeStateMachine.java:lambda$startDaemon$0(355)) - Ozone container server started.
2019-11-15 03:52:35,050 [grpc-default-executor-9] WARN  server.GrpcLogAppender (LogUtils.java:warn(134)) - 1f296aea-c4ef-4ad0-bd70-4536dedd0da2@group-4E4984C096D6->32349214-85e6-49cf-bb69-05e83393fdf3-AppendLogResponseHandler: Failed appendEntries: org.apache.ratis.thirdparty.io.grpc.StatusRuntimeException: UNAVAILABLE: io exception
2019-11-15 03:52:35,050 [grpc-default-executor-8] WARN  server.GrpcLogAppender (LogUtils.java:warn(134)) - 1f296aea-c4ef-4ad0-bd70-4536dedd0da2@group-4E4984C096D6->43077e3c-832c-4164-9ae4-420ca2301748-AppendLogResponseHandler: Failed appendEntries: org.apache.ratis.thirdparty.io.grpc.StatusRuntimeException: UNAVAILABLE: io exception
2019-11-15 03:52:35,051 [grpc-default-executor-9] INFO  impl.FollowerInfo (FollowerInfo.java:lambda$new$0(51)) - 1f296aea-c4ef-4ad0-bd70-4536dedd0da2@group-4E4984C096D6->32349214-85e6-49cf-bb69-05e83393fdf3: nextIndex: updateUnconditionally 3 -> 2
2019-11-15 03:52:35,051 [grpc-default-executor-8] INFO  impl.FollowerInfo (FollowerInfo.java:lambda$new$0(51)) - 1f296aea-c4ef-4ad0-bd70-4536dedd0da2@group-4E4984C096D6->43077e3c-832c-4164-9ae4-420ca2301748: nextIndex: updateUnconditionally 3 -> 2
2019-11-15 03:52:35,144 [grpc-default-executor-8] WARN  server.GrpcLogAppender (LogUtils.java:warn(134)) - fae849f2-b585-4c8d-a748-375fffce3265@group-7A2BC8E9B85B->3b6a93a1-3acb-43ad-9bac-2b83b325636a-AppendLogResponseHandler: Failed appendEntries: org.apache.ratis.thirdparty.io.grpc.StatusRuntimeException: UNAVAILABLE: io exception
2019-11-15 03:52:35,144 [grpc-default-executor-8] INFO  impl.FollowerInfo (FollowerInfo.java:lambda$new$0(51)) - fae849f2-b585-4c8d-a748-375fffce3265@group-7A2BC8E9B85B->3b6a93a1-3acb-43ad-9bac-2b83b325636a: nextIndex: updateUnconditionally 0 -> 0
2019-11-15 03:52:35,482 [grpc-default-executor-8] WARN  server.GrpcLogAppender (LogUtils.java:warn(134)) - b5c8e6ac-78cf-4415-8687-784dd9b9d9de@group-4D691BF5A7B5->2d1b9a28-4ed6-4518-a989-fb5d866f5618-AppendLogResponseHandler: Failed appendEntries: org.apache.ratis.thirdparty.io.grpc.StatusRuntimeException: UNAVAILABLE: io exception
2019-11-15 03:52:35,482 [grpc-default-executor-8] INFO  impl.FollowerInfo (FollowerInfo.java:lambda$new$0(51)) - b5c8e6ac-78cf-4415-8687-784dd9b9d9de@group-4D691BF5A7B5->2d1b9a28-4ed6-4518-a989-fb5d866f5618: nextIndex: updateUnconditionally 0 -> 0
2019-11-15 03:52:35,551 [grpc-default-executor-6] WARN  server.GrpcLogAppender (LogUtils.java:warn(134)) - 1f296aea-c4ef-4ad0-bd70-4536dedd0da2@group-4E4984C096D6->32349214-85e6-49cf-bb69-05e83393fdf3-AppendLogResponseHandler: Failed appendEntries: org.apache.ratis.thirdparty.io.grpc.StatusRuntimeException: UNAVAILABLE: io exception
2019-11-15 03:52:35,551 [grpc-default-executor-9] WARN  server.GrpcLogAppender (LogUtils.java:warn(134)) - 1f296aea-c4ef-4ad0-bd70-4536dedd0da2@group-4E4984C096D6->43077e3c-832c-4164-9ae4-420ca2301748-AppendLogResponseHandler: Failed appendEntries: org.apache.ratis.thirdparty.io.grpc.StatusRuntimeException: UNAVAILABLE: io exception
2019-11-15 03:52:35,551 [grpc-default-executor-6] INFO  impl.FollowerInfo (FollowerInfo.java:lambda$new$0(51)) - 1f296aea-c4ef-4ad0-bd70-4536dedd0da2@group-4E4984C096D6->32349214-85e6-49cf-bb69-05e83393fdf3: nextIndex: updateUnconditionally 2 -> 1
2019-11-15 03:52:35,551 [grpc-default-executor-9] INFO  impl.FollowerInfo (FollowerInfo.java:lambda$new$0(51)) - 1f296aea-c4ef-4ad0-bd70-4536dedd0da2@group-4E4984C096D6->43077e3c-832c-4164-9ae4-420ca2301748: nextIndex: updateUnconditionally 2 -> 1
2019-11-15 03:52:35,644 [grpc-default-executor-9] WARN  server.GrpcLogAppender (LogUtils.java:warn(134)) - fae849f2-b585-4c8d-a748-375fffce3265@group-7A2BC8E9B85B->3b6a93a1-3acb-43ad-9bac-2b83b325636a-AppendLogResponseHandler: Failed appendEntries: org.apache.ratis.thirdparty.io.grpc.StatusRuntimeException: UNAVAILABLE: io exception
2019-11-15 03:52:35,645 [grpc-default-executor-9] INFO  impl.FollowerInfo (FollowerInfo.java:lambda$new$0(51)) - fae849f2-b585-4c8d-a748-375fffce3265@group-7A2BC8E9B85B->3b6a93a1-3acb-43ad-9bac-2b83b325636a: nextIndex: updateUnconditionally 0 -> 0
2019-11-15 03:52:35,983 [grpc-default-executor-5] WARN  server.GrpcLogAppender (LogUtils.java:warn(134)) - b5c8e6ac-78cf-4415-8687-784dd9b9d9de@group-4D691BF5A7B5->2d1b9a28-4ed6-4518-a989-fb5d866f5618-AppendLogResponseHandler: Failed appendEntries: org.apache.ratis.thirdparty.io.grpc.StatusRuntimeException: UNAVAILABLE: io exception
2019-11-15 03:52:35,983 [grpc-default-executor-5] INFO  impl.FollowerInfo (FollowerInfo.java:lambda$new$0(51)) - b5c8e6ac-78cf-4415-8687-784dd9b9d9de@group-4D691BF5A7B5->2d1b9a28-4ed6-4518-a989-fb5d866f5618: nextIndex: updateUnconditionally 0 -> 0
2019-11-15 03:52:36,052 [grpc-default-executor-0] WARN  server.GrpcLogAppender (LogUtils.java:warn(134)) - 1f296aea-c4ef-4ad0-bd70-4536dedd0da2@group-4E4984C096D6->32349214-85e6-49cf-bb69-05e83393fdf3-AppendLogResponseHandler: Failed appendEntries: org.apache.ratis.thirdparty.io.grpc.StatusRuntimeException: UNAVAILABLE: io exception
2019-11-15 03:52:36,052 [grpc-default-executor-4] WARN  server.GrpcLogAppender (LogUtils.java:warn(134)) - 1f296aea-c4ef-4ad0-bd70-4536dedd0da2@group-4E4984C096D6->43077e3c-832c-4164-9ae4-420ca2301748-AppendLogResponseHandler: Failed appendEntries: org.apache.ratis.thirdparty.io.grpc.StatusRuntimeException: UNAVAILABLE: io exception
2019-11-15 03:52:36,052 [grpc-default-executor-0] INFO  impl.FollowerInfo (FollowerInfo.java:lambda$new$0(51)) - 1f296aea-c4ef-4ad0-bd70-4536dedd0da2@group-4E4984C096D6->32349214-85e6-49cf-bb69-05e83393fdf3: nextIndex: updateUnconditionally 1 -> 0
2019-11-15 03:52:36,052 [grpc-default-executor-4] INFO  impl.FollowerInfo (FollowerInfo.java:lambda$new$0(51)) - 1f296aea-c4ef-4ad0-bd70-4536dedd0da2@group-4E4984C096D6->43077e3c-832c-4164-9ae4-420ca2301748: nextIndex: updateUnconditionally 1 -> 0
2019-11-15 03:52:36,145 [grpc-default-executor-4] WARN  server.GrpcLogAppender (LogUtils.java:warn(134)) - fae849f2-b585-4c8d-a748-375fffce3265@group-7A2BC8E9B85B->3b6a93a1-3acb-43ad-9bac-2b83b325636a-AppendLogResponseHandler: Failed appendEntries: org.apache.ratis.thirdparty.io.grpc.StatusRuntimeException: UNAVAILABLE: io exception
2019-11-15 03:52:36,146 [grpc-default-executor-4] INFO  impl.FollowerInfo (FollowerInfo.java:lambda$new$0(51)) - fae849f2-b585-4c8d-a748-375fffce3265@group-7A2BC8E9B85B->3b6a93a1-3acb-43ad-9bac-2b83b325636a: nextIndex: updateUnconditionally 0 -> 0
2019-11-15 03:52:36,484 [grpc-default-executor-4] WARN  server.GrpcLogAppender (LogUtils.java:warn(134)) - b5c8e6ac-78cf-4415-8687-784dd9b9d9de@group-4D691BF5A7B5->2d1b9a28-4ed6-4518-a989-fb5d866f5618-AppendLogResponseHandler: Failed appendEntries: org.apache.ratis.thirdparty.io.grpc.StatusRuntimeException: UNAVAILABLE: io exception
2019-11-15 03:52:36,484 [grpc-default-executor-4] INFO  impl.FollowerInfo (FollowerInfo.java:lambda$new$0(51)) - b5c8e6ac-78cf-4415-8687-784dd9b9d9de@group-4D691BF5A7B5->2d1b9a28-4ed6-4518-a989-fb5d866f5618: nextIndex: updateUnconditionally 0 -> 0
2019-11-15 03:52:36,552 [grpc-default-executor-0] WARN  server.GrpcLogAppender (LogUtils.java:warn(134)) - 1f296aea-c4ef-4ad0-bd70-4536dedd0da2@group-4E4984C096D6->32349214-85e6-49cf-bb69-05e83393fdf3-AppendLogResponseHandler: Failed appendEntries: org.apache.ratis.thirdparty.io.grpc.StatusRuntimeException: UNAVAILABLE: io exception
2019-11-15 03:52:36,552 [grpc-default-executor-4] WARN  server.GrpcLogAppender (LogUtils.java:warn(134)) - 1f296aea-c4ef-4ad0-bd70-4536dedd0da2@group-4E4984C096D6->43077e3c-832c-4164-9ae4-420ca2301748-AppendLogResponseHandler: Failed appendEntries: org.apache.ratis.thirdparty.io.grpc.StatusRuntimeException: UNAVAILABLE: io exception
2019-11-15 03:52:36,553 [grpc-default-executor-0] INFO  impl.FollowerInfo (FollowerInfo.java:lambda$new$0(51)) - 1f296aea-c4ef-4ad0-bd70-4536dedd0da2@group-4E4984C096D6->32349214-85e6-49cf-bb69-05e83393fdf3: nextIndex: updateUnconditionally 0 -> 0
2019-11-15 03:52:36,553 [grpc-default-executor-4] INFO  impl.FollowerInfo (FollowerInfo.java:lambda$new$0(51)) - 1f296aea-c4ef-4ad0-bd70-4536dedd0da2@group-4E4984C096D6->43077e3c-832c-4164-9ae4-420ca2301748: nextIndex: updateUnconditionally 0 -> 0
2019-11-15 03:52:36,646 [grpc-default-executor-4] WARN  server.GrpcLogAppender (LogUtils.java:warn(134)) - fae849f2-b585-4c8d-a748-375fffce3265@group-7A2BC8E9B85B->3b6a93a1-3acb-43ad-9bac-2b83b325636a-AppendLogResponseHandler: Failed appendEntries: org.apache.ratis.thirdparty.io.grpc.StatusRuntimeException: UNAVAILABLE: io exception
2019-11-15 03:52:36,646 [grpc-default-executor-4] INFO  impl.FollowerInfo (FollowerInfo.java:lambda$new$0(51)) - fae849f2-b585-4c8d-a748-375fffce3265@group-7A2BC8E9B85B->3b6a93a1-3acb-43ad-9bac-2b83b325636a: nextIndex: updateUnconditionally 0 -> 0
2019-11-15 03:52:36,986 [grpc-default-executor-4] WARN  server.GrpcLogAppender (LogUtils.java:warn(134)) - b5c8e6ac-78cf-4415-8687-784dd9b9d9de@group-4D691BF5A7B5->2d1b9a28-4ed6-4518-a989-fb5d866f5618-AppendLogResponseHandler: Failed appendEntries: org.apache.ratis.thirdparty.io.grpc.StatusRuntimeException: UNAVAILABLE: io exception
2019-11-15 03:52:36,987 [grpc-default-executor-4] INFO  impl.FollowerInfo (FollowerInfo.java:lambda$new$0(51)) - b5c8e6ac-78cf-4415-8687-784dd9b9d9de@group-4D691BF5A7B5->2d1b9a28-4ed6-4518-a989-fb5d866f5618: nextIndex: updateUnconditionally 0 -> 0
2019-11-15 03:52:37,053 [grpc-default-executor-9] WARN  server.GrpcLogAppender (LogUtils.java:warn(134)) - 1f296aea-c4ef-4ad0-bd70-4536dedd0da2@group-4E4984C096D6->32349214-85e6-49cf-bb69-05e83393fdf3-AppendLogResponseHandler: Failed appendEntries: org.apache.ratis.thirdparty.io.grpc.StatusRuntimeException: UNAVAILABLE: io exception
2019-11-15 03:52:37,053 [grpc-default-executor-6] WARN  server.GrpcLogAppender (LogUtils.java:warn(134)) - 1f296aea-c4ef-4ad0-bd70-4536dedd0da2@group-4E4984C096D6->43077e3c-832c-4164-9ae4-420ca2301748-AppendLogResponseHandler: Failed appendEntries: org.apache.ratis.thirdparty.io.grpc.StatusRuntimeException: UNAVAILABLE: io exception
2019-11-15 03:52:37,053 [grpc-default-executor-9] INFO  impl.FollowerInfo (FollowerInfo.java:lambda$new$0(51)) - 1f296aea-c4ef-4ad0-bd70-4536dedd0da2@group-4E4984C096D6->32349214-85e6-49cf-bb69-05e83393fdf3: nextIndex: updateUnconditionally 0 -> 0
2019-11-15 03:52:37,053 [grpc-default-executor-6] INFO  impl.FollowerInfo (FollowerInfo.java:lambda$new$0(51)) - 1f296aea-c4ef-4ad0-bd70-4536dedd0da2@group-4E4984C096D6->43077e3c-832c-4164-9ae4-420ca2301748: nextIndex: updateUnconditionally 0 -> 0
2019-11-15 03:52:37,147 [grpc-default-executor-4] WARN  server.GrpcLogAppender (LogUtils.java:warn(134)) - fae849f2-b585-4c8d-a748-375fffce3265@group-7A2BC8E9B85B->3b6a93a1-3acb-43ad-9bac-2b83b325636a-AppendLogResponseHandler: Failed appendEntries: org.apache.ratis.thirdparty.io.grpc.StatusRuntimeException: UNAVAILABLE: io exception
2019-11-15 03:52:37,147 [grpc-default-executor-4] INFO  impl.FollowerInfo (FollowerInfo.java:lambda$new$0(51)) - fae849f2-b585-4c8d-a748-375fffce3265@group-7A2BC8E9B85B->3b6a93a1-3acb-43ad-9bac-2b83b325636a: nextIndex: updateUnconditionally 0 -> 0
2019-11-15 03:52:37,486 [grpc-default-executor-6] WARN  server.GrpcLogAppender (LogUtils.java:warn(134)) - b5c8e6ac-78cf-4415-8687-784dd9b9d9de@group-4D691BF5A7B5->2d1b9a28-4ed6-4518-a989-fb5d866f5618-AppendLogResponseHandler: Failed appendEntries: org.apache.ratis.thirdparty.io.grpc.StatusRuntimeException: UNAVAILABLE: io exception
2019-11-15 03:52:37,486 [grpc-default-executor-6] INFO  impl.FollowerInfo (FollowerInfo.java:lambda$new$0(51)) - b5c8e6ac-78cf-4415-8687-784dd9b9d9de@group-4D691BF5A7B5->2d1b9a28-4ed6-4518-a989-fb5d866f5618: nextIndex: updateUnconditionally 0 -> 0
2019-11-15 03:52:37,554 [grpc-default-executor-5] WARN  server.GrpcLogAppender (LogUtils.java:warn(134)) - 1f296aea-c4ef-4ad0-bd70-4536dedd0da2@group-4E4984C096D6->32349214-85e6-49cf-bb69-05e83393fdf3-AppendLogResponseHandler: Failed appendEntries: org.apache.ratis.thirdparty.io.grpc.StatusRuntimeException: UNAVAILABLE: io exception
2019-11-15 03:52:37,554 [grpc-default-executor-8] WARN  server.GrpcLogAppender (LogUtils.java:warn(134)) - 1f296aea-c4ef-4ad0-bd70-4536dedd0da2@group-4E4984C096D6->43077e3c-832c-4164-9ae4-420ca2301748-AppendLogResponseHandler: Failed appendEntries: org.apache.ratis.thirdparty.io.grpc.StatusRuntimeException: UNAVAILABLE: io exception
2019-11-15 03:52:37,554 [grpc-default-executor-5] INFO  impl.FollowerInfo (FollowerInfo.java:lambda$new$0(51)) - 1f296aea-c4ef-4ad0-bd70-4536dedd0da2@group-4E4984C096D6->32349214-85e6-49cf-bb69-05e83393fdf3: nextIndex: updateUnconditionally 0 -> 0
2019-11-15 03:52:37,554 [grpc-default-executor-8] INFO  impl.FollowerInfo (FollowerInfo.java:lambda$new$0(51)) - 1f296aea-c4ef-4ad0-bd70-4536dedd0da2@group-4E4984C096D6->43077e3c-832c-4164-9ae4-420ca2301748: nextIndex: updateUnconditionally 0 -> 0
2019-11-15 03:52:37,647 [grpc-default-executor-6] WARN  server.GrpcLogAppender (LogUtils.java:warn(134)) - fae849f2-b585-4c8d-a748-375fffce3265@group-7A2BC8E9B85B->3b6a93a1-3acb-43ad-9bac-2b83b325636a-AppendLogResponseHandler: Failed appendEntries: org.apache.ratis.thirdparty.io.grpc.StatusRuntimeException: UNAVAILABLE: io exception
2019-11-15 03:52:37,647 [grpc-default-executor-6] INFO  impl.FollowerInfo (FollowerInfo.java:lambda$new$0(51)) - fae849f2-b585-4c8d-a748-375fffce3265@group-7A2BC8E9B85B->3b6a93a1-3acb-43ad-9bac-2b83b325636a: nextIndex: updateUnconditionally 0 -> 0
2019-11-15 03:52:37,993 [grpc-default-executor-6] WARN  server.GrpcLogAppender (LogUtils.java:warn(134)) - b5c8e6ac-78cf-4415-8687-784dd9b9d9de@group-4D691BF5A7B5->2d1b9a28-4ed6-4518-a989-fb5d866f5618-AppendLogResponseHandler: Failed appendEntries: org.apache.ratis.thirdparty.io.grpc.StatusRuntimeException: UNAVAILABLE: io exception
2019-11-15 03:52:37,995 [grpc-default-executor-6] INFO  impl.FollowerInfo (FollowerInfo.java:lambda$new$0(51)) - b5c8e6ac-78cf-4415-8687-784dd9b9d9de@group-4D691BF5A7B5->2d1b9a28-4ed6-4518-a989-fb5d866f5618: nextIndex: updateUnconditionally 0 -> 0
2019-11-15 03:52:38,054 [grpc-default-executor-6] WARN  server.GrpcLogAppender (LogUtils.java:warn(134)) - 1f296aea-c4ef-4ad0-bd70-4536dedd0da2@group-4E4984C096D6->32349214-85e6-49cf-bb69-05e83393fdf3-AppendLogResponseHandler: Failed appendEntries: org.apache.ratis.thirdparty.io.grpc.StatusRuntimeException: UNAVAILABLE: io exception
2019-11-15 03:52:38,054 [grpc-default-executor-9] WARN  server.GrpcLogAppender (LogUtils.java:warn(134)) - 1f296aea-c4ef-4ad0-bd70-4536dedd0da2@group-4E4984C096D6->43077e3c-832c-4164-9ae4-420ca2301748-AppendLogResponseHandler: Failed appendEntries: org.apache.ratis.thirdparty.io.grpc.StatusRuntimeException: UNAVAILABLE: io exception
2019-11-15 03:52:38,055 [grpc-default-executor-6] INFO  impl.FollowerInfo (FollowerInfo.java:lambda$new$0(51)) - 1f296aea-c4ef-4ad0-bd70-4536dedd0da2@group-4E4984C096D6->32349214-85e6-49cf-bb69-05e83393fdf3: nextIndex: updateUnconditionally 0 -> 0
2019-11-15 03:52:38,055 [grpc-default-executor-9] INFO  impl.FollowerInfo (FollowerInfo.java:lambda$new$0(51)) - 1f296aea-c4ef-4ad0-bd70-4536dedd0da2@group-4E4984C096D6->43077e3c-832c-4164-9ae4-420ca2301748: nextIndex: updateUnconditionally 0 -> 0
2019-11-15 03:52:38,147 [grpc-default-executor-4] WARN  server.GrpcLogAppender (LogUtils.java:warn(134)) - fae849f2-b585-4c8d-a748-375fffce3265@group-7A2BC8E9B85B->3b6a93a1-3acb-43ad-9bac-2b83b325636a-AppendLogResponseHandler: Failed appendEntries: org.apache.ratis.thirdparty.io.grpc.StatusRuntimeException: UNAVAILABLE: io exception
2019-11-15 03:52:38,148 [grpc-default-executor-4] INFO  impl.FollowerInfo (FollowerInfo.java:lambda$new$0(51)) - fae849f2-b585-4c8d-a748-375fffce3265@group-7A2BC8E9B85B->3b6a93a1-3acb-43ad-9bac-2b83b325636a: nextIndex: updateUnconditionally 0 -> 0
2019-11-15 03:52:38,492 [grpc-default-executor-9] WARN  server.GrpcLogAppender (LogUtils.java:warn(134)) - b5c8e6ac-78cf-4415-8687-784dd9b9d9de@group-4D691BF5A7B5->2d1b9a28-4ed6-4518-a989-fb5d866f5618-AppendLogResponseHandler: Failed appendEntries: org.apache.ratis.thirdparty.io.grpc.StatusRuntimeException: UNAVAILABLE: io exception
2019-11-15 03:52:38,493 [grpc-default-executor-9] INFO  impl.FollowerInfo (FollowerInfo.java:lambda$new$0(51)) - b5c8e6ac-78cf-4415-8687-784dd9b9d9de@group-4D691BF5A7B5->2d1b9a28-4ed6-4518-a989-fb5d866f5618: nextIndex: updateUnconditionally 0 -> 0
2019-11-15 03:52:38,554 [grpc-default-executor-5] WARN  server.GrpcLogAppender (LogUtils.java:warn(134)) - 1f296aea-c4ef-4ad0-bd70-4536dedd0da2@group-4E4984C096D6->43077e3c-832c-4164-9ae4-420ca2301748-AppendLogResponseHandler: Failed appendEntries: org.apache.ratis.thirdparty.io.grpc.StatusRuntimeException: UNAVAILABLE: io exception
2019-11-15 03:52:38,555 [grpc-default-executor-9] WARN  server.GrpcLogAppender (LogUtils.java:warn(134)) - 1f296aea-c4ef-4ad0-bd70-4536dedd0da2@group-4E4984C096D6->32349214-85e6-49cf-bb69-05e83393fdf3-AppendLogResponseHandler: Failed appendEntries: org.apache.ratis.thirdparty.io.grpc.StatusRuntimeException: UNAVAILABLE: io exception
2019-11-15 03:52:38,555 [grpc-default-executor-5] INFO  impl.FollowerInfo (FollowerInfo.java:lambda$new$0(51)) - 1f296aea-c4ef-4ad0-bd70-4536dedd0da2@group-4E4984C096D6->43077e3c-832c-4164-9ae4-420ca2301748: nextIndex: updateUnconditionally 0 -> 0
2019-11-15 03:52:38,555 [grpc-default-executor-9] INFO  impl.FollowerInfo (FollowerInfo.java:lambda$new$0(51)) - 1f296aea-c4ef-4ad0-bd70-4536dedd0da2@group-4E4984C096D6->32349214-85e6-49cf-bb69-05e83393fdf3: nextIndex: updateUnconditionally 0 -> 0
2019-11-15 03:52:38,649 [grpc-default-executor-6] WARN  server.GrpcLogAppender (LogUtils.java:warn(134)) - fae849f2-b585-4c8d-a748-375fffce3265@group-7A2BC8E9B85B->3b6a93a1-3acb-43ad-9bac-2b83b325636a-AppendLogResponseHandler: Failed appendEntries: org.apache.ratis.thirdparty.io.grpc.StatusRuntimeException: UNAVAILABLE: io exception
2019-11-15 03:52:38,649 [grpc-default-executor-6] INFO  impl.FollowerInfo (FollowerInfo.java:lambda$new$0(51)) - fae849f2-b585-4c8d-a748-375fffce3265@group-7A2BC8E9B85B->3b6a93a1-3acb-43ad-9bac-2b83b325636a: nextIndex: updateUnconditionally 0 -> 0
2019-11-15 03:52:38,993 [grpc-default-executor-6] WARN  server.GrpcLogAppender (LogUtils.java:warn(134)) - b5c8e6ac-78cf-4415-8687-784dd9b9d9de@group-4D691BF5A7B5->2d1b9a28-4ed6-4518-a989-fb5d866f5618-AppendLogResponseHandler: Failed appendEntries: org.apache.ratis.thirdparty.io.grpc.StatusRuntimeException: UNAVAILABLE: io exception
2019-11-15 03:52:38,993 [grpc-default-executor-6] INFO  impl.FollowerInfo (FollowerInfo.java:lambda$new$0(51)) - b5c8e6ac-78cf-4415-8687-784dd9b9d9de@group-4D691BF5A7B5->2d1b9a28-4ed6-4518-a989-fb5d866f5618: nextIndex: updateUnconditionally 0 -> 0
2019-11-15 03:52:39,055 [grpc-default-executor-6] WARN  server.GrpcLogAppender (LogUtils.java:warn(134)) - 1f296aea-c4ef-4ad0-bd70-4536dedd0da2@group-4E4984C096D6->43077e3c-832c-4164-9ae4-420ca2301748-AppendLogResponseHandler: Failed appendEntries: org.apache.ratis.thirdparty.io.grpc.StatusRuntimeException: UNAVAILABLE: io exception
2019-11-15 03:52:39,056 [grpc-default-executor-5] WARN  server.GrpcLogAppender (LogUtils.java:warn(134)) - 1f296aea-c4ef-4ad0-bd70-4536dedd0da2@group-4E4984C096D6->32349214-85e6-49cf-bb69-05e83393fdf3-AppendLogResponseHandler: Failed appendEntries: org.apache.ratis.thirdparty.io.grpc.StatusRuntimeException: UNAVAILABLE: io exception
2019-11-15 03:52:39,056 [grpc-default-executor-6] INFO  impl.FollowerInfo (FollowerInfo.java:lambda$new$0(51)) - 1f296aea-c4ef-4ad0-bd70-4536dedd0da2@group-4E4984C096D6->43077e3c-832c-4164-9ae4-420ca2301748: nextIndex: updateUnconditionally 0 -> 0
2019-11-15 03:52:39,056 [grpc-default-executor-5] INFO  impl.FollowerInfo (FollowerInfo.java:lambda$new$0(51)) - 1f296aea-c4ef-4ad0-bd70-4536dedd0da2@group-4E4984C096D6->32349214-85e6-49cf-bb69-05e83393fdf3: nextIndex: updateUnconditionally 0 -> 0
2019-11-15 03:52:39,149 [grpc-default-executor-4] WARN  server.GrpcLogAppender (LogUtils.java:warn(134)) - fae849f2-b585-4c8d-a748-375fffce3265@group-7A2BC8E9B85B->3b6a93a1-3acb-43ad-9bac-2b83b325636a-AppendLogResponseHandler: Failed appendEntries: org.apache.ratis.thirdparty.io.grpc.StatusRuntimeException: UNAVAILABLE: io exception
2019-11-15 03:52:39,150 [grpc-default-executor-4] INFO  impl.FollowerInfo (FollowerInfo.java:lambda$new$0(51)) - fae849f2-b585-4c8d-a748-375fffce3265@group-7A2BC8E9B85B->3b6a93a1-3acb-43ad-9bac-2b83b325636a: nextIndex: updateUnconditionally 0 -> 0
2019-11-15 03:52:39,371 [main] INFO  ozoneimpl.OzoneContainer (OzoneContainer.java:stop(244)) - Attempting to stop container services.
2019-11-15 03:52:39,371 [ForkJoinPool.commonPool-worker-1] INFO  ozoneimpl.OzoneContainer (OzoneContainer.java:stop(244)) - Attempting to stop container services.
2019-11-15 03:52:39,371 [main] INFO  impl.RaftServerProxy (RaftServerProxy.java:lambda$close$4(314)) - 210c69a5-373c-4b50-aa91-938bcd06c3c6: close
2019-11-15 03:52:39,372 [ForkJoinPool.commonPool-worker-1] INFO  impl.RaftServerProxy (RaftServerProxy.java:lambda$close$4(314)) - fae849f2-b585-4c8d-a748-375fffce3265: close
2019-11-15 03:52:39,372 [main] INFO  impl.RaftServerImpl (RaftServerImpl.java:lambda$shutdown$3(250)) - 210c69a5-373c-4b50-aa91-938bcd06c3c6@group-2AD0BAFC8731: shutdown
2019-11-15 03:52:39,372 [ForkJoinPool.commonPool-worker-1] INFO  impl.RaftServerImpl (RaftServerImpl.java:lambda$shutdown$3(250)) - fae849f2-b585-4c8d-a748-375fffce3265@group-F072CE797929: shutdown
2019-11-15 03:52:39,372 [main] INFO  util.JmxRegister (JmxRegister.java:unregister(73)) - Successfully un-registered JMX Bean with object name Ratis:service=RaftServer,group=group-2AD0BAFC8731,id=210c69a5-373c-4b50-aa91-938bcd06c3c6
2019-11-15 03:52:39,372 [ForkJoinPool.commonPool-worker-1] INFO  util.JmxRegister (JmxRegister.java:unregister(73)) - Successfully un-registered JMX Bean with object name Ratis:service=RaftServer,group=group-F072CE797929,id=fae849f2-b585-4c8d-a748-375fffce3265
2019-11-15 03:52:39,373 [main] INFO  impl.RoleInfo (RoleInfo.java:shutdownLeaderState(104)) - 210c69a5-373c-4b50-aa91-938bcd06c3c6: shutdown LeaderState
2019-11-15 03:52:39,373 [ForkJoinPool.commonPool-worker-1] INFO  impl.RoleInfo (RoleInfo.java:shutdownLeaderState(104)) - fae849f2-b585-4c8d-a748-375fffce3265: shutdown LeaderState
2019-11-15 03:52:39,373 [main] INFO  impl.PendingRequests (PendingRequests.java:sendNotLeaderResponses(206)) - 210c69a5-373c-4b50-aa91-938bcd06c3c6@group-2AD0BAFC8731-PendingRequests: sendNotLeaderResponses
2019-11-15 03:52:39,373 [ForkJoinPool.commonPool-worker-1] INFO  impl.PendingRequests (PendingRequests.java:sendNotLeaderResponses(206)) - fae849f2-b585-4c8d-a748-375fffce3265@group-F072CE797929-PendingRequests: sendNotLeaderResponses
2019-11-15 03:52:39,374 [main] INFO  impl.StateMachineUpdater (StateMachineUpdater.java:stopAndJoin(136)) - 210c69a5-373c-4b50-aa91-938bcd06c3c6@group-2AD0BAFC8731-StateMachineUpdater: set stopIndex = 0
2019-11-15 03:52:39,374 [ForkJoinPool.commonPool-worker-1] INFO  impl.StateMachineUpdater (StateMachineUpdater.java:stopAndJoin(136)) - fae849f2-b585-4c8d-a748-375fffce3265@group-F072CE797929-StateMachineUpdater: set stopIndex = 0
2019-11-15 03:52:39,375 [ForkJoinPool.commonPool-worker-1] INFO  impl.RaftServerImpl (ServerState.java:close(387)) - fae849f2-b585-4c8d-a748-375fffce3265@group-F072CE797929: closes. applyIndex: 0
2019-11-15 03:52:39,375 [main] INFO  impl.RaftServerImpl (ServerState.java:close(387)) - 210c69a5-373c-4b50-aa91-938bcd06c3c6@group-2AD0BAFC8731: closes. applyIndex: 0
2019-11-15 03:52:39,375 [fae849f2-b585-4c8d-a748-375fffce3265@group-F072CE797929-SegmentedRaftLogWorker] INFO  segmented.SegmentedRaftLogWorker (SegmentedRaftLogWorker.java:run(316)) - fae849f2-b585-4c8d-a748-375fffce3265@group-F072CE797929-SegmentedRaftLogWorker was interrupted, exiting. There are 0 tasks remaining in the queue.
2019-11-15 03:52:39,375 [210c69a5-373c-4b50-aa91-938bcd06c3c6@group-2AD0BAFC8731-SegmentedRaftLogWorker] INFO  segmented.SegmentedRaftLogWorker (SegmentedRaftLogWorker.java:run(316)) - 210c69a5-373c-4b50-aa91-938bcd06c3c6@group-2AD0BAFC8731-SegmentedRaftLogWorker was interrupted, exiting. There are 0 tasks remaining in the queue.
2019-11-15 03:52:39,378 [ForkJoinPool.commonPool-worker-1] INFO  segmented.SegmentedRaftLogWorker (SegmentedRaftLogWorker.java:close(224)) - fae849f2-b585-4c8d-a748-375fffce3265@group-F072CE797929-SegmentedRaftLogWorker close()
2019-11-15 03:52:39,379 [ForkJoinPool.commonPool-worker-1] INFO  impl.RaftServerImpl (RaftServerImpl.java:lambda$shutdown$3(250)) - fae849f2-b585-4c8d-a748-375fffce3265@group-7A2BC8E9B85B: shutdown
2019-11-15 03:52:39,379 [ForkJoinPool.commonPool-worker-1] INFO  util.JmxRegister (JmxRegister.java:unregister(73)) - Successfully un-registered JMX Bean with object name Ratis:service=RaftServer,group=group-7A2BC8E9B85B,id=fae849f2-b585-4c8d-a748-375fffce3265
2019-11-15 03:52:39,379 [ForkJoinPool.commonPool-worker-1] INFO  impl.RoleInfo (RoleInfo.java:shutdownLeaderState(104)) - fae849f2-b585-4c8d-a748-375fffce3265: shutdown LeaderState
2019-11-15 03:52:39,381 [ForkJoinPool.commonPool-worker-1] INFO  impl.PendingRequests (PendingRequests.java:sendNotLeaderResponses(206)) - fae849f2-b585-4c8d-a748-375fffce3265@group-7A2BC8E9B85B-PendingRequests: sendNotLeaderResponses
2019-11-15 03:52:39,381 [org.apache.ratis.server.impl.LogAppender$AppenderDaemon$$Lambda$472/1422379056@60a7a4f3] WARN  server.GrpcLogAppender (GrpcLogAppender.java:mayWait(151)) - fae849f2-b585-4c8d-a748-375fffce3265@group-7A2BC8E9B85B->3b6a93a1-3acb-43ad-9bac-2b83b325636a-GrpcLogAppender: Wait interrupted by java.lang.InterruptedException
2019-11-15 03:52:39,383 [ForkJoinPool.commonPool-worker-1] INFO  impl.StateMachineUpdater (StateMachineUpdater.java:stopAndJoin(136)) - fae849f2-b585-4c8d-a748-375fffce3265@group-7A2BC8E9B85B-StateMachineUpdater: set stopIndex = 2
2019-11-15 03:52:39,381 [org.apache.ratis.server.impl.LogAppender$AppenderDaemon$$Lambda$472/1422379056@79d9683d] WARN  server.GrpcLogAppender (GrpcLogAppender.java:mayWait(151)) - fae849f2-b585-4c8d-a748-375fffce3265@group-7A2BC8E9B85B->8c6299e1-e84a-4bf3-8558-225b6553f707-GrpcLogAppender: Wait interrupted by java.lang.InterruptedException
2019-11-15 03:52:39,384 [ForkJoinPool.commonPool-worker-1] INFO  impl.RaftServerImpl (ServerState.java:close(387)) - fae849f2-b585-4c8d-a748-375fffce3265@group-7A2BC8E9B85B: closes. applyIndex: 2
2019-11-15 03:52:39,384 [fae849f2-b585-4c8d-a748-375fffce3265@group-7A2BC8E9B85B-SegmentedRaftLogWorker] INFO  segmented.SegmentedRaftLogWorker (SegmentedRaftLogWorker.java:run(316)) - fae849f2-b585-4c8d-a748-375fffce3265@group-7A2BC8E9B85B-SegmentedRaftLogWorker was interrupted, exiting. There are 0 tasks remaining in the queue.
2019-11-15 03:52:39,386 [grpc-default-executor-4] INFO  server.GrpcServerProtocolService (GrpcServerProtocolService.java:onCompleted(113)) - 8c6299e1-e84a-4bf3-8558-225b6553f707: Completed APPEND_ENTRIES, lastRequest: fae849f2-b585-4c8d-a748-375fffce3265->8c6299e1-e84a-4bf3-8558-225b6553f707#20-t2, previous=(t:2, i:2), leaderCommit=2, initializing? false, entries: <empty>
2019-11-15 03:52:39,387 [grpc-default-executor-4] INFO  server.GrpcLogAppender (GrpcLogAppender.java:onCompleted(308)) - fae849f2-b585-4c8d-a748-375fffce3265@group-7A2BC8E9B85B->8c6299e1-e84a-4bf3-8558-225b6553f707-AppendLogResponseHandler: follower responses appendEntries COMPLETED
2019-11-15 03:52:39,387 [grpc-default-executor-4] INFO  impl.FollowerInfo (FollowerInfo.java:lambda$new$0(51)) - fae849f2-b585-4c8d-a748-375fffce3265@group-7A2BC8E9B85B->8c6299e1-e84a-4bf3-8558-225b6553f707: nextIndex: updateUnconditionally 3 -> 2
2019-11-15 03:52:39,388 [main] INFO  segmented.SegmentedRaftLogWorker (SegmentedRaftLogWorker.java:close(224)) - 210c69a5-373c-4b50-aa91-938bcd06c3c6@group-2AD0BAFC8731-SegmentedRaftLogWorker close()
2019-11-15 03:52:39,388 [ForkJoinPool.commonPool-worker-1] INFO  segmented.SegmentedRaftLogWorker (SegmentedRaftLogWorker.java:close(224)) - fae849f2-b585-4c8d-a748-375fffce3265@group-7A2BC8E9B85B-SegmentedRaftLogWorker close()
2019-11-15 03:52:39,390 [main] INFO  server.GrpcService (GrpcService.java:closeImpl(164)) - 210c69a5-373c-4b50-aa91-938bcd06c3c6: shutdown server with port 43947 now
2019-11-15 03:52:39,392 [ForkJoinPool.commonPool-worker-1] INFO  server.GrpcService (GrpcService.java:closeImpl(164)) - fae849f2-b585-4c8d-a748-375fffce3265: shutdown server with port 39095 now
2019-11-15 03:52:39,394 [main] INFO  server.GrpcService (GrpcService.java:closeImpl(172)) - 210c69a5-373c-4b50-aa91-938bcd06c3c6: shutdown server with port 43947 successfully
2019-11-15 03:52:39,394 [ForkJoinPool.commonPool-worker-1] INFO  server.GrpcService (GrpcService.java:closeImpl(172)) - fae849f2-b585-4c8d-a748-375fffce3265: shutdown server with port 39095 successfully
2019-11-15 03:52:39,397 [refreshUsed-/workdir/hadoop-ozone/integration-test/target/test-dir/MiniOzoneClusterImpl-7bc5bb7c-5c55-4645-ae41-72269081a146/datanode-4/data/containers] WARN  fs.CachingGetSpaceUsed (CachingGetSpaceUsed.java:run(183)) - Thread Interrupted waiting to refresh disk information: sleep interrupted
2019-11-15 03:52:39,397 [refreshUsed-/workdir/hadoop-ozone/integration-test/target/test-dir/MiniOzoneClusterImpl-7bc5bb7c-5c55-4645-ae41-72269081a146/datanode-8/data/containers] WARN  fs.CachingGetSpaceUsed (CachingGetSpaceUsed.java:run(183)) - Thread Interrupted waiting to refresh disk information: sleep interrupted
2019-11-15 03:52:39,423 [main] INFO  utils.BackgroundService (BackgroundService.java:shutdown(151)) - Shutting down service BlockDeletingService
2019-11-15 03:52:39,423 [ForkJoinPool.commonPool-worker-1] INFO  utils.BackgroundService (BackgroundService.java:shutdown(151)) - Shutting down service BlockDeletingService
2019-11-15 03:52:39,428 [ForkJoinPool.commonPool-worker-1] INFO  statemachine.DatanodeStateMachine (DatanodeStateMachine.java:stopDaemon(400)) - Ozone container server stopped.
2019-11-15 03:52:39,428 [main] INFO  statemachine.DatanodeStateMachine (DatanodeStateMachine.java:stopDaemon(400)) - Ozone container server stopped.
2019-11-15 03:52:39,433 [ForkJoinPool.commonPool-worker-1] INFO  handler.ContextHandler (ContextHandler.java:doStop(910)) - Stopped o.e.j.w.WebAppContext@34d713a2{/,null,UNAVAILABLE}{/hddsDatanode}
2019-11-15 03:52:39,433 [main] INFO  handler.ContextHandler (ContextHandler.java:doStop(910)) - Stopped o.e.j.w.WebAppContext@2b4d4327{/,null,UNAVAILABLE}{/hddsDatanode}
2019-11-15 03:52:39,434 [ForkJoinPool.commonPool-worker-1] INFO  server.AbstractConnector (AbstractConnector.java:doStop(318)) - Stopped ServerConnector@36aab105{HTTP/1.1,[http/1.1]}{0.0.0.0:0}
2019-11-15 03:52:39,434 [main] INFO  server.AbstractConnector (AbstractConnector.java:doStop(318)) - Stopped ServerConnector@16da1abc{HTTP/1.1,[http/1.1]}{0.0.0.0:0}
2019-11-15 03:52:39,445 [main] INFO  handler.ContextHandler (ContextHandler.java:doStop(910)) - Stopped o.e.j.s.ServletContextHandler@38ee7a9d{/static,jar:file:/home/user/.m2/repository/org/apache/hadoop/hadoop-hdds-container-service/0.5.0-SNAPSHOT/hadoop-hdds-container-service-0.5.0-SNAPSHOT.jar!/webapps/static,UNAVAILABLE}
2019-11-15 03:52:39,445 [ForkJoinPool.commonPool-worker-1] INFO  handler.ContextHandler (ContextHandler.java:doStop(910)) - Stopped o.e.j.s.ServletContextHandler@35ef439e{/static,jar:file:/home/user/.m2/repository/org/apache/hadoop/hadoop-hdds-container-service/0.5.0-SNAPSHOT/hadoop-hdds-container-service-0.5.0-SNAPSHOT.jar!/webapps/static,UNAVAILABLE}
2019-11-15 03:52:39,446 [main] INFO  handler.ContextHandler (ContextHandler.java:doStop(910)) - Stopped o.e.j.s.ServletContextHandler@661fe025{/logs,file:///workdir/hadoop-ozone/integration-test/target/log,UNAVAILABLE}
2019-11-15 03:52:39,446 [ForkJoinPool.commonPool-worker-1] INFO  handler.ContextHandler (ContextHandler.java:doStop(910)) - Stopped o.e.j.s.ServletContextHandler@de7e193{/logs,file:///workdir/hadoop-ozone/integration-test/target/log,UNAVAILABLE}
2019-11-15 03:52:39,493 [grpc-default-executor-4] WARN  server.GrpcLogAppender (LogUtils.java:warn(134)) - b5c8e6ac-78cf-4415-8687-784dd9b9d9de@group-4D691BF5A7B5->2d1b9a28-4ed6-4518-a989-fb5d866f5618-AppendLogResponseHandler: Failed appendEntries: org.apache.ratis.thirdparty.io.grpc.StatusRuntimeException: UNAVAILABLE: io exception
2019-11-15 03:52:39,494 [grpc-default-executor-4] INFO  impl.FollowerInfo (FollowerInfo.java:lambda$new$0(51)) - b5c8e6ac-78cf-4415-8687-784dd9b9d9de@group-4D691BF5A7B5->2d1b9a28-4ed6-4518-a989-fb5d866f5618: nextIndex: updateUnconditionally 0 -> 0
2019-11-15 03:52:39,556 [grpc-default-executor-4] WARN  server.GrpcLogAppender (LogUtils.java:warn(134)) - 1f296aea-c4ef-4ad0-bd70-4536dedd0da2@group-4E4984C096D6->32349214-85e6-49cf-bb69-05e83393fdf3-AppendLogResponseHandler: Failed appendEntries: org.apache.ratis.thirdparty.io.grpc.StatusRuntimeException: UNAVAILABLE: io exception
2019-11-15 03:52:39,556 [grpc-default-executor-8] WARN  server.GrpcLogAppender (LogUtils.java:warn(134)) - 1f296aea-c4ef-4ad0-bd70-4536dedd0da2@group-4E4984C096D6->43077e3c-832c-4164-9ae4-420ca2301748-AppendLogResponseHandler: Failed appendEntries: org.apache.ratis.thirdparty.io.grpc.StatusRuntimeException: UNAVAILABLE: io exception
2019-11-15 03:52:39,556 [grpc-default-executor-4] INFO  impl.FollowerInfo (FollowerInfo.java:lambda$new$0(51)) - 1f296aea-c4ef-4ad0-bd70-4536dedd0da2@group-4E4984C096D6->32349214-85e6-49cf-bb69-05e83393fdf3: nextIndex: updateUnconditionally 0 -> 0
2019-11-15 03:52:39,556 [grpc-default-executor-8] INFO  impl.FollowerInfo (FollowerInfo.java:lambda$new$0(51)) - 1f296aea-c4ef-4ad0-bd70-4536dedd0da2@group-4E4984C096D6->43077e3c-832c-4164-9ae4-420ca2301748: nextIndex: updateUnconditionally 0 -> 0
2019-11-15 03:52:39,994 [grpc-default-executor-8] WARN  server.GrpcLogAppender (LogUtils.java:warn(134)) - b5c8e6ac-78cf-4415-8687-784dd9b9d9de@group-4D691BF5A7B5->2d1b9a28-4ed6-4518-a989-fb5d866f5618-AppendLogResponseHandler: Failed appendEntries: org.apache.ratis.thirdparty.io.grpc.StatusRuntimeException: UNAVAILABLE: io exception
2019-11-15 03:52:39,994 [grpc-default-executor-8] INFO  impl.FollowerInfo (FollowerInfo.java:lambda$new$0(51)) - b5c8e6ac-78cf-4415-8687-784dd9b9d9de@group-4D691BF5A7B5->2d1b9a28-4ed6-4518-a989-fb5d866f5618: nextIndex: updateUnconditionally 0 -> 0
2019-11-15 03:52:40,057 [grpc-default-executor-4] WARN  server.GrpcLogAppender (LogUtils.java:warn(134)) - 1f296aea-c4ef-4ad0-bd70-4536dedd0da2@group-4E4984C096D6->43077e3c-832c-4164-9ae4-420ca2301748-AppendLogResponseHandler: Failed appendEntries: org.apache.ratis.thirdparty.io.grpc.StatusRuntimeException: UNAVAILABLE: io exception
2019-11-15 03:52:40,057 [grpc-default-executor-8] WARN  server.GrpcLogAppender (LogUtils.java:warn(134)) - 1f296aea-c4ef-4ad0-bd70-4536dedd0da2@group-4E4984C096D6->32349214-85e6-49cf-bb69-05e83393fdf3-AppendLogResponseHandler: Failed appendEntries: org.apache.ratis.thirdparty.io.grpc.StatusRuntimeException: UNAVAILABLE: io exception
2019-11-15 03:52:40,058 [grpc-default-executor-8] INFO  impl.FollowerInfo (FollowerInfo.java:lambda$new$0(51)) - 1f296aea-c4ef-4ad0-bd70-4536dedd0da2@group-4E4984C096D6->32349214-85e6-49cf-bb69-05e83393fdf3: nextIndex: updateUnconditionally 0 -> 0
2019-11-15 03:52:40,058 [grpc-default-executor-4] INFO  impl.FollowerInfo (FollowerInfo.java:lambda$new$0(51)) - 1f296aea-c4ef-4ad0-bd70-4536dedd0da2@group-4E4984C096D6->43077e3c-832c-4164-9ae4-420ca2301748: nextIndex: updateUnconditionally 0 -> 0
2019-11-15 03:52:40,065 [Datanode State Machine Thread - 0] INFO  statemachine.DatanodeStateMachine (DatanodeStateMachine.java:lambda$startDaemon$0(355)) - Ozone container server started.
2019-11-15 03:52:40,368 [Datanode State Machine Thread - 0] INFO  statemachine.DatanodeStateMachine (DatanodeStateMachine.java:lambda$startDaemon$0(355)) - Ozone container server started.
2019-11-15 03:52:40,495 [grpc-default-executor-9] WARN  server.GrpcLogAppender (LogUtils.java:warn(134)) - b5c8e6ac-78cf-4415-8687-784dd9b9d9de@group-4D691BF5A7B5->2d1b9a28-4ed6-4518-a989-fb5d866f5618-AppendLogResponseHandler: Failed appendEntries: org.apache.ratis.thirdparty.io.grpc.StatusRuntimeException: UNAVAILABLE: io exception
2019-11-15 03:52:40,495 [grpc-default-executor-9] INFO  impl.FollowerInfo (FollowerInfo.java:lambda$new$0(51)) - b5c8e6ac-78cf-4415-8687-784dd9b9d9de@group-4D691BF5A7B5->2d1b9a28-4ed6-4518-a989-fb5d866f5618: nextIndex: updateUnconditionally 0 -> 0
2019-11-15 03:52:40,558 [grpc-default-executor-4] WARN  server.GrpcLogAppender (LogUtils.java:warn(134)) - 1f296aea-c4ef-4ad0-bd70-4536dedd0da2@group-4E4984C096D6->43077e3c-832c-4164-9ae4-420ca2301748-AppendLogResponseHandler: Failed appendEntries: org.apache.ratis.thirdparty.io.grpc.StatusRuntimeException: UNAVAILABLE: io exception
2019-11-15 03:52:40,558 [grpc-default-executor-8] WARN  server.GrpcLogAppender (LogUtils.java:warn(134)) - 1f296aea-c4ef-4ad0-bd70-4536dedd0da2@group-4E4984C096D6->32349214-85e6-49cf-bb69-05e83393fdf3-AppendLogResponseHandler: Failed appendEntries: org.apache.ratis.thirdparty.io.grpc.StatusRuntimeException: UNAVAILABLE: io exception
2019-11-15 03:52:40,558 [grpc-default-executor-4] INFO  impl.FollowerInfo (FollowerInfo.java:lambda$new$0(51)) - 1f296aea-c4ef-4ad0-bd70-4536dedd0da2@group-4E4984C096D6->43077e3c-832c-4164-9ae4-420ca2301748: nextIndex: updateUnconditionally 0 -> 0
2019-11-15 03:52:40,558 [grpc-default-executor-8] INFO  impl.FollowerInfo (FollowerInfo.java:lambda$new$0(51)) - 1f296aea-c4ef-4ad0-bd70-4536dedd0da2@group-4E4984C096D6->32349214-85e6-49cf-bb69-05e83393fdf3: nextIndex: updateUnconditionally 0 -> 0
2019-11-15 03:52:40,928 [Thread-1861] INFO  impl.FollowerState (FollowerState.java:run(111)) - 8c6299e1-e84a-4bf3-8558-225b6553f707@group-7A2BC8E9B85B-FollowerState: change to CANDIDATE, lastRpcTime:1758ms, electionTimeout:1109ms
2019-11-15 03:52:40,929 [Thread-1861] INFO  impl.RoleInfo (RoleInfo.java:shutdownFollowerState(121)) - 8c6299e1-e84a-4bf3-8558-225b6553f707: shutdown FollowerState
2019-11-15 03:52:40,929 [Thread-1861] INFO  impl.RaftServerImpl (RaftServerImpl.java:setRole(173)) - 8c6299e1-e84a-4bf3-8558-225b6553f707@group-7A2BC8E9B85B: changes role from  FOLLOWER to CANDIDATE at term 2 for changeToCandidate
2019-11-15 03:52:40,929 [Thread-1861] INFO  impl.RoleInfo (RoleInfo.java:updateAndGet(143)) - 8c6299e1-e84a-4bf3-8558-225b6553f707: start LeaderElection
2019-11-15 03:52:40,930 [8c6299e1-e84a-4bf3-8558-225b6553f707@group-7A2BC8E9B85B-LeaderElection86] INFO  impl.RaftServerImpl (ServerState.java:setLeader(255)) - 8c6299e1-e84a-4bf3-8558-225b6553f707@group-7A2BC8E9B85B: change Leader from fae849f2-b585-4c8d-a748-375fffce3265 to null at term 2 for initElection
2019-11-15 03:52:40,954 [8c6299e1-e84a-4bf3-8558-225b6553f707@group-7A2BC8E9B85B-LeaderElection86] INFO  impl.LeaderElection (LeaderElection.java:askForVotes(178)) - 8c6299e1-e84a-4bf3-8558-225b6553f707@group-7A2BC8E9B85B-LeaderElection86: begin an election at term 3 for 1: [8c6299e1-e84a-4bf3-8558-225b6553f707:192.168.157.206:40623, 3b6a93a1-3acb-43ad-9bac-2b83b325636a:192.168.157.206:37982, fae849f2-b585-4c8d-a748-375fffce3265:192.168.157.206:39095], old=null
2019-11-15 03:52:40,957 [8c6299e1-e84a-4bf3-8558-225b6553f707@group-7A2BC8E9B85B-LeaderElection86] INFO  impl.LeaderElection (LogUtils.java:infoOrTrace(149)) - 8c6299e1-e84a-4bf3-8558-225b6553f707@group-7A2BC8E9B85B-LeaderElection86 got exception when requesting votes: {}
java.util.concurrent.ExecutionException: org.apache.ratis.thirdparty.io.grpc.StatusRuntimeException: UNAVAILABLE: io exception
	at java.util.concurrent.FutureTask.report(FutureTask.java:122)
	at java.util.concurrent.FutureTask.get(FutureTask.java:192)
	at org.apache.ratis.server.impl.LeaderElection.waitForResults(LeaderElection.java:259)
	at org.apache.ratis.server.impl.LeaderElection.askForVotes(LeaderElection.java:197)
	at org.apache.ratis.server.impl.LeaderElection.run(LeaderElection.java:133)
	at java.lang.Thread.run(Thread.java:748)
Caused by: org.apache.ratis.thirdparty.io.grpc.StatusRuntimeException: UNAVAILABLE: io exception
	at org.apache.ratis.thirdparty.io.grpc.stub.ClientCalls.toStatusRuntimeException(ClientCalls.java:233)
	at org.apache.ratis.thirdparty.io.grpc.stub.ClientCalls.getUnchecked(ClientCalls.java:214)
	at org.apache.ratis.thirdparty.io.grpc.stub.ClientCalls.blockingUnaryCall(ClientCalls.java:139)
	at org.apache.ratis.proto.grpc.RaftServerProtocolServiceGrpc$RaftServerProtocolServiceBlockingStub.requestVote(RaftServerProtocolServiceGrpc.java:265)
	at org.apache.ratis.grpc.server.GrpcServerProtocolClient.requestVote(GrpcServerProtocolClient.java:99)
	at org.apache.ratis.grpc.server.GrpcService.requestVote(GrpcService.java:204)
	at org.apache.ratis.server.impl.LeaderElection.lambda$submitRequests$1(LeaderElection.java:234)
	at java.util.concurrent.FutureTask.run(FutureTask.java:266)
	at java.util.concurrent.Executors$RunnableAdapter.call(Executors.java:511)
	at java.util.concurrent.FutureTask.run(FutureTask.java:266)
	at java.util.concurrent.ThreadPoolExecutor.runWorker(ThreadPoolExecutor.java:1149)
	at java.util.concurrent.ThreadPoolExecutor$Worker.run(ThreadPoolExecutor.java:624)
	... 1 more
Caused by: org.apache.ratis.thirdparty.io.netty.channel.AbstractChannel$AnnotatedConnectException: Connection refused: /192.168.157.206:39095
	at sun.nio.ch.SocketChannelImpl.checkConnect(Native Method)
	at sun.nio.ch.SocketChannelImpl.finishConnect(SocketChannelImpl.java:717)
	at org.apache.ratis.thirdparty.io.netty.channel.socket.nio.NioSocketChannel.doFinishConnect(NioSocketChannel.java:327)
	at org.apache.ratis.thirdparty.io.netty.channel.nio.AbstractNioChannel$AbstractNioUnsafe.finishConnect(AbstractNioChannel.java:340)
	at org.apache.ratis.thirdparty.io.netty.channel.nio.NioEventLoop.processSelectedKey(NioEventLoop.java:632)
	at org.apache.ratis.thirdparty.io.netty.channel.nio.NioEventLoop.processSelectedKeysOptimized(NioEventLoop.java:579)
	at org.apache.ratis.thirdparty.io.netty.channel.nio.NioEventLoop.processSelectedKeys(NioEventLoop.java:496)
	at org.apache.ratis.thirdparty.io.netty.channel.nio.NioEventLoop.run(NioEventLoop.java:458)
	at org.apache.ratis.thirdparty.io.netty.util.concurrent.SingleThreadEventExecutor$5.run(SingleThreadEventExecutor.java:897)
	at org.apache.ratis.thirdparty.io.netty.util.concurrent.FastThreadLocalRunnable.run(FastThreadLocalRunnable.java:30)
	... 1 more
Caused by: java.net.ConnectException: Connection refused
	... 11 more
2019-11-15 03:52:40,960 [8c6299e1-e84a-4bf3-8558-225b6553f707@group-7A2BC8E9B85B-LeaderElection86] INFO  impl.LeaderElection (LogUtils.java:infoOrTrace(149)) - 8c6299e1-e84a-4bf3-8558-225b6553f707@group-7A2BC8E9B85B-LeaderElection86 got exception when requesting votes: {}
java.util.concurrent.ExecutionException: org.apache.ratis.thirdparty.io.grpc.StatusRuntimeException: UNAVAILABLE: io exception
	at java.util.concurrent.FutureTask.report(FutureTask.java:122)
	at java.util.concurrent.FutureTask.get(FutureTask.java:192)
	at org.apache.ratis.server.impl.LeaderElection.waitForResults(LeaderElection.java:259)
	at org.apache.ratis.server.impl.LeaderElection.askForVotes(LeaderElection.java:197)
	at org.apache.ratis.server.impl.LeaderElection.run(LeaderElection.java:133)
	at java.lang.Thread.run(Thread.java:748)
Caused by: org.apache.ratis.thirdparty.io.grpc.StatusRuntimeException: UNAVAILABLE: io exception
	at org.apache.ratis.thirdparty.io.grpc.stub.ClientCalls.toStatusRuntimeException(ClientCalls.java:233)
	at org.apache.ratis.thirdparty.io.grpc.stub.ClientCalls.getUnchecked(ClientCalls.java:214)
	at org.apache.ratis.thirdparty.io.grpc.stub.ClientCalls.blockingUnaryCall(ClientCalls.java:139)
	at org.apache.ratis.proto.grpc.RaftServerProtocolServiceGrpc$RaftServerProtocolServiceBlockingStub.requestVote(RaftServerProtocolServiceGrpc.java:265)
	at org.apache.ratis.grpc.server.GrpcServerProtocolClient.requestVote(GrpcServerProtocolClient.java:99)
	at org.apache.ratis.grpc.server.GrpcService.requestVote(GrpcService.java:204)
	at org.apache.ratis.server.impl.LeaderElection.lambda$submitRequests$1(LeaderElection.java:234)
	at java.util.concurrent.FutureTask.run(FutureTask.java:266)
	at java.util.concurrent.Executors$RunnableAdapter.call(Executors.java:511)
	at java.util.concurrent.FutureTask.run(FutureTask.java:266)
	at java.util.concurrent.ThreadPoolExecutor.runWorker(ThreadPoolExecutor.java:1149)
	at java.util.concurrent.ThreadPoolExecutor$Worker.run(ThreadPoolExecutor.java:624)
	... 1 more
Caused by: org.apache.ratis.thirdparty.io.netty.channel.AbstractChannel$AnnotatedConnectException: Connection refused: /192.168.157.206:37982
	at sun.nio.ch.SocketChannelImpl.checkConnect(Native Method)
	at sun.nio.ch.SocketChannelImpl.finishConnect(SocketChannelImpl.java:717)
	at org.apache.ratis.thirdparty.io.netty.channel.socket.nio.NioSocketChannel.doFinishConnect(NioSocketChannel.java:327)
	at org.apache.ratis.thirdparty.io.netty.channel.nio.AbstractNioChannel$AbstractNioUnsafe.finishConnect(AbstractNioChannel.java:340)
	at org.apache.ratis.thirdparty.io.netty.channel.nio.NioEventLoop.processSelectedKey(NioEventLoop.java:632)
	at org.apache.ratis.thirdparty.io.netty.channel.nio.NioEventLoop.processSelectedKeysOptimized(NioEventLoop.java:579)
	at org.apache.ratis.thirdparty.io.netty.channel.nio.NioEventLoop.processSelectedKeys(NioEventLoop.java:496)
	at org.apache.ratis.thirdparty.io.netty.channel.nio.NioEventLoop.run(NioEventLoop.java:458)
	at org.apache.ratis.thirdparty.io.netty.util.concurrent.SingleThreadEventExecutor$5.run(SingleThreadEventExecutor.java:897)
	at org.apache.ratis.thirdparty.io.netty.util.concurrent.FastThreadLocalRunnable.run(FastThreadLocalRunnable.java:30)
	... 1 more
Caused by: java.net.ConnectException: Connection refused
	... 11 more
2019-11-15 03:52:40,962 [8c6299e1-e84a-4bf3-8558-225b6553f707@group-7A2BC8E9B85B-LeaderElection86] INFO  impl.LeaderElection (LeaderElection.java:logAndReturn(56)) - 8c6299e1-e84a-4bf3-8558-225b6553f707@group-7A2BC8E9B85B-LeaderElection86: Election REJECTED; received 0 response(s) [] and 2 exception(s); 8c6299e1-e84a-4bf3-8558-225b6553f707@group-7A2BC8E9B85B:t3, leader=null, voted=8c6299e1-e84a-4bf3-8558-225b6553f707, raftlog=8c6299e1-e84a-4bf3-8558-225b6553f707@group-7A2BC8E9B85B-SegmentedRaftLog:OPENED:c2,f2,i2, conf=1: [8c6299e1-e84a-4bf3-8558-225b6553f707:192.168.157.206:40623, 3b6a93a1-3acb-43ad-9bac-2b83b325636a:192.168.157.206:37982, fae849f2-b585-4c8d-a748-375fffce3265:192.168.157.206:39095], old=null
2019-11-15 03:52:40,962 [8c6299e1-e84a-4bf3-8558-225b6553f707@group-7A2BC8E9B85B-LeaderElection86] INFO  impl.LeaderElection (LogUtils.java:infoOrTrace(149)) -   Exception 0: {}
java.util.concurrent.ExecutionException: org.apache.ratis.thirdparty.io.grpc.StatusRuntimeException: UNAVAILABLE: io exception
	at java.util.concurrent.FutureTask.report(FutureTask.java:122)
	at java.util.concurrent.FutureTask.get(FutureTask.java:192)
	at org.apache.ratis.server.impl.LeaderElection.waitForResults(LeaderElection.java:259)
	at org.apache.ratis.server.impl.LeaderElection.askForVotes(LeaderElection.java:197)
	at org.apache.ratis.server.impl.LeaderElection.run(LeaderElection.java:133)
	at java.lang.Thread.run(Thread.java:748)
Caused by: org.apache.ratis.thirdparty.io.grpc.StatusRuntimeException: UNAVAILABLE: io exception
	at org.apache.ratis.thirdparty.io.grpc.stub.ClientCalls.toStatusRuntimeException(ClientCalls.java:233)
	at org.apache.ratis.thirdparty.io.grpc.stub.ClientCalls.getUnchecked(ClientCalls.java:214)
	at org.apache.ratis.thirdparty.io.grpc.stub.ClientCalls.blockingUnaryCall(ClientCalls.java:139)
	at org.apache.ratis.proto.grpc.RaftServerProtocolServiceGrpc$RaftServerProtocolServiceBlockingStub.requestVote(RaftServerProtocolServiceGrpc.java:265)
	at org.apache.ratis.grpc.server.GrpcServerProtocolClient.requestVote(GrpcServerProtocolClient.java:99)
	at org.apache.ratis.grpc.server.GrpcService.requestVote(GrpcService.java:204)
	at org.apache.ratis.server.impl.LeaderElection.lambda$submitRequests$1(LeaderElection.java:234)
	at java.util.concurrent.FutureTask.run(FutureTask.java:266)
	at java.util.concurrent.Executors$RunnableAdapter.call(Executors.java:511)
	at java.util.concurrent.FutureTask.run(FutureTask.java:266)
	at java.util.concurrent.ThreadPoolExecutor.runWorker(ThreadPoolExecutor.java:1149)
	at java.util.concurrent.ThreadPoolExecutor$Worker.run(ThreadPoolExecutor.java:624)
	... 1 more
Caused by: org.apache.ratis.thirdparty.io.netty.channel.AbstractChannel$AnnotatedConnectException: Connection refused: /192.168.157.206:39095
	at sun.nio.ch.SocketChannelImpl.checkConnect(Native Method)
	at sun.nio.ch.SocketChannelImpl.finishConnect(SocketChannelImpl.java:717)
	at org.apache.ratis.thirdparty.io.netty.channel.socket.nio.NioSocketChannel.doFinishConnect(NioSocketChannel.java:327)
	at org.apache.ratis.thirdparty.io.netty.channel.nio.AbstractNioChannel$AbstractNioUnsafe.finishConnect(AbstractNioChannel.java:340)
	at org.apache.ratis.thirdparty.io.netty.channel.nio.NioEventLoop.processSelectedKey(NioEventLoop.java:632)
	at org.apache.ratis.thirdparty.io.netty.channel.nio.NioEventLoop.processSelectedKeysOptimized(NioEventLoop.java:579)
	at org.apache.ratis.thirdparty.io.netty.channel.nio.NioEventLoop.processSelectedKeys(NioEventLoop.java:496)
	at org.apache.ratis.thirdparty.io.netty.channel.nio.NioEventLoop.run(NioEventLoop.java:458)
	at org.apache.ratis.thirdparty.io.netty.util.concurrent.SingleThreadEventExecutor$5.run(SingleThreadEventExecutor.java:897)
	at org.apache.ratis.thirdparty.io.netty.util.concurrent.FastThreadLocalRunnable.run(FastThreadLocalRunnable.java:30)
	... 1 more
Caused by: java.net.ConnectException: Connection refused
	... 11 more
2019-11-15 03:52:40,963 [8c6299e1-e84a-4bf3-8558-225b6553f707@group-7A2BC8E9B85B-LeaderElection86] INFO  impl.LeaderElection (LogUtils.java:infoOrTrace(149)) -   Exception 1: {}
java.util.concurrent.ExecutionException: org.apache.ratis.thirdparty.io.grpc.StatusRuntimeException: UNAVAILABLE: io exception
	at java.util.concurrent.FutureTask.report(FutureTask.java:122)
	at java.util.concurrent.FutureTask.get(FutureTask.java:192)
	at org.apache.ratis.server.impl.LeaderElection.waitForResults(LeaderElection.java:259)
	at org.apache.ratis.server.impl.LeaderElection.askForVotes(LeaderElection.java:197)
	at org.apache.ratis.server.impl.LeaderElection.run(LeaderElection.java:133)
	at java.lang.Thread.run(Thread.java:748)
Caused by: org.apache.ratis.thirdparty.io.grpc.StatusRuntimeException: UNAVAILABLE: io exception
	at org.apache.ratis.thirdparty.io.grpc.stub.ClientCalls.toStatusRuntimeException(ClientCalls.java:233)
	at org.apache.ratis.thirdparty.io.grpc.stub.ClientCalls.getUnchecked(ClientCalls.java:214)
	at org.apache.ratis.thirdparty.io.grpc.stub.ClientCalls.blockingUnaryCall(ClientCalls.java:139)
	at org.apache.ratis.proto.grpc.RaftServerProtocolServiceGrpc$RaftServerProtocolServiceBlockingStub.requestVote(RaftServerProtocolServiceGrpc.java:265)
	at org.apache.ratis.grpc.server.GrpcServerProtocolClient.requestVote(GrpcServerProtocolClient.java:99)
	at org.apache.ratis.grpc.server.GrpcService.requestVote(GrpcService.java:204)
	at org.apache.ratis.server.impl.LeaderElection.lambda$submitRequests$1(LeaderElection.java:234)
	at java.util.concurrent.FutureTask.run(FutureTask.java:266)
	at java.util.concurrent.Executors$RunnableAdapter.call(Executors.java:511)
	at java.util.concurrent.FutureTask.run(FutureTask.java:266)
	at java.util.concurrent.ThreadPoolExecutor.runWorker(ThreadPoolExecutor.java:1149)
	at java.util.concurrent.ThreadPoolExecutor$Worker.run(ThreadPoolExecutor.java:624)
	... 1 more
Caused by: org.apache.ratis.thirdparty.io.netty.channel.AbstractChannel$AnnotatedConnectException: Connection refused: /192.168.157.206:37982
	at sun.nio.ch.SocketChannelImpl.checkConnect(Native Method)
	at sun.nio.ch.SocketChannelImpl.finishConnect(SocketChannelImpl.java:717)
	at org.apache.ratis.thirdparty.io.netty.channel.socket.nio.NioSocketChannel.doFinishConnect(NioSocketChannel.java:327)
	at org.apache.ratis.thirdparty.io.netty.channel.nio.AbstractNioChannel$AbstractNioUnsafe.finishConnect(AbstractNioChannel.java:340)
	at org.apache.ratis.thirdparty.io.netty.channel.nio.NioEventLoop.processSelectedKey(NioEventLoop.java:632)
	at org.apache.ratis.thirdparty.io.netty.channel.nio.NioEventLoop.processSelectedKeysOptimized(NioEventLoop.java:579)
	at org.apache.ratis.thirdparty.io.netty.channel.nio.NioEventLoop.processSelectedKeys(NioEventLoop.java:496)
	at org.apache.ratis.thirdparty.io.netty.channel.nio.NioEventLoop.run(NioEventLoop.java:458)
	at org.apache.ratis.thirdparty.io.netty.util.concurrent.SingleThreadEventExecutor$5.run(SingleThreadEventExecutor.java:897)
	at org.apache.ratis.thirdparty.io.netty.util.concurrent.FastThreadLocalRunnable.run(FastThreadLocalRunnable.java:30)
	... 1 more
Caused by: java.net.ConnectException: Connection refused
	... 11 more
2019-11-15 03:52:40,963 [8c6299e1-e84a-4bf3-8558-225b6553f707@group-7A2BC8E9B85B-LeaderElection86] INFO  impl.RaftServerImpl (RaftServerImpl.java:setRole(173)) - 8c6299e1-e84a-4bf3-8558-225b6553f707@group-7A2BC8E9B85B: changes role from CANDIDATE to FOLLOWER at term 3 for DISCOVERED_A_NEW_TERM
2019-11-15 03:52:40,964 [8c6299e1-e84a-4bf3-8558-225b6553f707@group-7A2BC8E9B85B-LeaderElection86] INFO  impl.RoleInfo (RoleInfo.java:shutdownLeaderElection(134)) - 8c6299e1-e84a-4bf3-8558-225b6553f707: shutdown LeaderElection
2019-11-15 03:52:40,964 [8c6299e1-e84a-4bf3-8558-225b6553f707@group-7A2BC8E9B85B-LeaderElection86] INFO  impl.RoleInfo (RoleInfo.java:updateAndGet(143)) - 8c6299e1-e84a-4bf3-8558-225b6553f707: start FollowerState
2019-11-15 03:52:40,996 [grpc-default-executor-8] WARN  server.GrpcLogAppender (LogUtils.java:warn(134)) - b5c8e6ac-78cf-4415-8687-784dd9b9d9de@group-4D691BF5A7B5->2d1b9a28-4ed6-4518-a989-fb5d866f5618-AppendLogResponseHandler: Failed appendEntries: org.apache.ratis.thirdparty.io.grpc.StatusRuntimeException: UNAVAILABLE: io exception
2019-11-15 03:52:40,996 [grpc-default-executor-8] INFO  impl.FollowerInfo (FollowerInfo.java:lambda$new$0(51)) - b5c8e6ac-78cf-4415-8687-784dd9b9d9de@group-4D691BF5A7B5->2d1b9a28-4ed6-4518-a989-fb5d866f5618: nextIndex: updateUnconditionally 0 -> 0
2019-11-15 03:52:41,059 [grpc-default-executor-4] WARN  server.GrpcLogAppender (LogUtils.java:warn(134)) - 1f296aea-c4ef-4ad0-bd70-4536dedd0da2@group-4E4984C096D6->32349214-85e6-49cf-bb69-05e83393fdf3-AppendLogResponseHandler: Failed appendEntries: org.apache.ratis.thirdparty.io.grpc.StatusRuntimeException: UNAVAILABLE: io exception
2019-11-15 03:52:41,059 [grpc-default-executor-8] WARN  server.GrpcLogAppender (LogUtils.java:warn(134)) - 1f296aea-c4ef-4ad0-bd70-4536dedd0da2@group-4E4984C096D6->43077e3c-832c-4164-9ae4-420ca2301748-AppendLogResponseHandler: Failed appendEntries: org.apache.ratis.thirdparty.io.grpc.StatusRuntimeException: UNAVAILABLE: io exception
2019-11-15 03:52:41,059 [grpc-default-executor-4] INFO  impl.FollowerInfo (FollowerInfo.java:lambda$new$0(51)) - 1f296aea-c4ef-4ad0-bd70-4536dedd0da2@group-4E4984C096D6->32349214-85e6-49cf-bb69-05e83393fdf3: nextIndex: updateUnconditionally 0 -> 0
2019-11-15 03:52:41,059 [grpc-default-executor-8] INFO  impl.FollowerInfo (FollowerInfo.java:lambda$new$0(51)) - 1f296aea-c4ef-4ad0-bd70-4536dedd0da2@group-4E4984C096D6->43077e3c-832c-4164-9ae4-420ca2301748: nextIndex: updateUnconditionally 0 -> 0
2019-11-15 03:52:41,496 [grpc-default-executor-8] WARN  server.GrpcLogAppender (LogUtils.java:warn(134)) - b5c8e6ac-78cf-4415-8687-784dd9b9d9de@group-4D691BF5A7B5->2d1b9a28-4ed6-4518-a989-fb5d866f5618-AppendLogResponseHandler: Failed appendEntries: org.apache.ratis.thirdparty.io.grpc.StatusRuntimeException: UNAVAILABLE: io exception
2019-11-15 03:52:41,497 [grpc-default-executor-8] INFO  impl.FollowerInfo (FollowerInfo.java:lambda$new$0(51)) - b5c8e6ac-78cf-4415-8687-784dd9b9d9de@group-4D691BF5A7B5->2d1b9a28-4ed6-4518-a989-fb5d866f5618: nextIndex: updateUnconditionally 0 -> 0
2019-11-15 03:52:41,560 [grpc-default-executor-0] WARN  server.GrpcLogAppender (LogUtils.java:warn(134)) - 1f296aea-c4ef-4ad0-bd70-4536dedd0da2@group-4E4984C096D6->32349214-85e6-49cf-bb69-05e83393fdf3-AppendLogResponseHandler: Failed appendEntries: org.apache.ratis.thirdparty.io.grpc.StatusRuntimeException: UNAVAILABLE: io exception
2019-11-15 03:52:41,560 [grpc-default-executor-5] WARN  server.GrpcLogAppender (LogUtils.java:warn(134)) - 1f296aea-c4ef-4ad0-bd70-4536dedd0da2@group-4E4984C096D6->43077e3c-832c-4164-9ae4-420ca2301748-AppendLogResponseHandler: Failed appendEntries: org.apache.ratis.thirdparty.io.grpc.StatusRuntimeException: UNAVAILABLE: io exception
2019-11-15 03:52:41,560 [grpc-default-executor-0] INFO  impl.FollowerInfo (FollowerInfo.java:lambda$new$0(51)) - 1f296aea-c4ef-4ad0-bd70-4536dedd0da2@group-4E4984C096D6->32349214-85e6-49cf-bb69-05e83393fdf3: nextIndex: updateUnconditionally 0 -> 0
2019-11-15 03:52:41,560 [grpc-default-executor-5] INFO  impl.FollowerInfo (FollowerInfo.java:lambda$new$0(51)) - 1f296aea-c4ef-4ad0-bd70-4536dedd0da2@group-4E4984C096D6->43077e3c-832c-4164-9ae4-420ca2301748: nextIndex: updateUnconditionally 0 -> 0
2019-11-15 03:52:41,998 [grpc-default-executor-5] WARN  server.GrpcLogAppender (LogUtils.java:warn(134)) - b5c8e6ac-78cf-4415-8687-784dd9b9d9de@group-4D691BF5A7B5->2d1b9a28-4ed6-4518-a989-fb5d866f5618-AppendLogResponseHandler: Failed appendEntries: org.apache.ratis.thirdparty.io.grpc.StatusRuntimeException: UNAVAILABLE: io exception
2019-11-15 03:52:41,998 [grpc-default-executor-5] INFO  impl.FollowerInfo (FollowerInfo.java:lambda$new$0(51)) - b5c8e6ac-78cf-4415-8687-784dd9b9d9de@group-4D691BF5A7B5->2d1b9a28-4ed6-4518-a989-fb5d866f5618: nextIndex: updateUnconditionally 0 -> 0
2019-11-15 03:52:42,054 [Thread-1937] INFO  impl.FollowerState (FollowerState.java:run(111)) - 8c6299e1-e84a-4bf3-8558-225b6553f707@group-7A2BC8E9B85B-FollowerState: change to CANDIDATE, lastRpcTime:1090ms, electionTimeout:1090ms
2019-11-15 03:52:42,054 [Thread-1937] INFO  impl.RoleInfo (RoleInfo.java:shutdownFollowerState(121)) - 8c6299e1-e84a-4bf3-8558-225b6553f707: shutdown FollowerState
2019-11-15 03:52:42,055 [Thread-1937] INFO  impl.RaftServerImpl (RaftServerImpl.java:setRole(173)) - 8c6299e1-e84a-4bf3-8558-225b6553f707@group-7A2BC8E9B85B: changes role from  FOLLOWER to CANDIDATE at term 3 for changeToCandidate
2019-11-15 03:52:42,055 [Thread-1937] INFO  impl.RoleInfo (RoleInfo.java:updateAndGet(143)) - 8c6299e1-e84a-4bf3-8558-225b6553f707: start LeaderElection
2019-11-15 03:52:42,060 [grpc-default-executor-5] WARN  server.GrpcLogAppender (LogUtils.java:warn(134)) - 1f296aea-c4ef-4ad0-bd70-4536dedd0da2@group-4E4984C096D6->32349214-85e6-49cf-bb69-05e83393fdf3-AppendLogResponseHandler: Failed appendEntries: org.apache.ratis.thirdparty.io.grpc.StatusRuntimeException: UNAVAILABLE: io exception
2019-11-15 03:52:42,060 [grpc-default-executor-9] WARN  server.GrpcLogAppender (LogUtils.java:warn(134)) - 1f296aea-c4ef-4ad0-bd70-4536dedd0da2@group-4E4984C096D6->43077e3c-832c-4164-9ae4-420ca2301748-AppendLogResponseHandler: Failed appendEntries: org.apache.ratis.thirdparty.io.grpc.StatusRuntimeException: UNAVAILABLE: io exception
2019-11-15 03:52:42,060 [grpc-default-executor-5] INFO  impl.FollowerInfo (FollowerInfo.java:lambda$new$0(51)) - 1f296aea-c4ef-4ad0-bd70-4536dedd0da2@group-4E4984C096D6->32349214-85e6-49cf-bb69-05e83393fdf3: nextIndex: updateUnconditionally 0 -> 0
2019-11-15 03:52:42,060 [grpc-default-executor-9] INFO  impl.FollowerInfo (FollowerInfo.java:lambda$new$0(51)) - 1f296aea-c4ef-4ad0-bd70-4536dedd0da2@group-4E4984C096D6->43077e3c-832c-4164-9ae4-420ca2301748: nextIndex: updateUnconditionally 0 -> 0
2019-11-15 03:52:42,088 [8c6299e1-e84a-4bf3-8558-225b6553f707@group-7A2BC8E9B85B-LeaderElection87] INFO  impl.LeaderElection (LeaderElection.java:askForVotes(178)) - 8c6299e1-e84a-4bf3-8558-225b6553f707@group-7A2BC8E9B85B-LeaderElection87: begin an election at term 4 for 1: [8c6299e1-e84a-4bf3-8558-225b6553f707:192.168.157.206:40623, 3b6a93a1-3acb-43ad-9bac-2b83b325636a:192.168.157.206:37982, fae849f2-b585-4c8d-a748-375fffce3265:192.168.157.206:39095], old=null
2019-11-15 03:52:42,090 [8c6299e1-e84a-4bf3-8558-225b6553f707@group-7A2BC8E9B85B-LeaderElection87] INFO  impl.LeaderElection (LogUtils.java:infoOrTrace(149)) - 8c6299e1-e84a-4bf3-8558-225b6553f707@group-7A2BC8E9B85B-LeaderElection87 got exception when requesting votes: {}
java.util.concurrent.ExecutionException: org.apache.ratis.thirdparty.io.grpc.StatusRuntimeException: UNAVAILABLE: io exception
	at java.util.concurrent.FutureTask.report(FutureTask.java:122)
	at java.util.concurrent.FutureTask.get(FutureTask.java:192)
	at org.apache.ratis.server.impl.LeaderElection.waitForResults(LeaderElection.java:259)
	at org.apache.ratis.server.impl.LeaderElection.askForVotes(LeaderElection.java:197)
	at org.apache.ratis.server.impl.LeaderElection.run(LeaderElection.java:133)
	at java.lang.Thread.run(Thread.java:748)
Caused by: org.apache.ratis.thirdparty.io.grpc.StatusRuntimeException: UNAVAILABLE: io exception
	at org.apache.ratis.thirdparty.io.grpc.stub.ClientCalls.toStatusRuntimeException(ClientCalls.java:233)
	at org.apache.ratis.thirdparty.io.grpc.stub.ClientCalls.getUnchecked(ClientCalls.java:214)
	at org.apache.ratis.thirdparty.io.grpc.stub.ClientCalls.blockingUnaryCall(ClientCalls.java:139)
	at org.apache.ratis.proto.grpc.RaftServerProtocolServiceGrpc$RaftServerProtocolServiceBlockingStub.requestVote(RaftServerProtocolServiceGrpc.java:265)
	at org.apache.ratis.grpc.server.GrpcServerProtocolClient.requestVote(GrpcServerProtocolClient.java:99)
	at org.apache.ratis.grpc.server.GrpcService.requestVote(GrpcService.java:204)
	at org.apache.ratis.server.impl.LeaderElection.lambda$submitRequests$1(LeaderElection.java:234)
	at java.util.concurrent.FutureTask.run(FutureTask.java:266)
	at java.util.concurrent.Executors$RunnableAdapter.call(Executors.java:511)
	at java.util.concurrent.FutureTask.run(FutureTask.java:266)
	at java.util.concurrent.ThreadPoolExecutor.runWorker(ThreadPoolExecutor.java:1149)
	at java.util.concurrent.ThreadPoolExecutor$Worker.run(ThreadPoolExecutor.java:624)
	... 1 more
Caused by: org.apache.ratis.thirdparty.io.netty.channel.AbstractChannel$AnnotatedConnectException: Connection refused: /192.168.157.206:39095
	at sun.nio.ch.SocketChannelImpl.checkConnect(Native Method)
	at sun.nio.ch.SocketChannelImpl.finishConnect(SocketChannelImpl.java:717)
	at org.apache.ratis.thirdparty.io.netty.channel.socket.nio.NioSocketChannel.doFinishConnect(NioSocketChannel.java:327)
	at org.apache.ratis.thirdparty.io.netty.channel.nio.AbstractNioChannel$AbstractNioUnsafe.finishConnect(AbstractNioChannel.java:340)
	at org.apache.ratis.thirdparty.io.netty.channel.nio.NioEventLoop.processSelectedKey(NioEventLoop.java:632)
	at org.apache.ratis.thirdparty.io.netty.channel.nio.NioEventLoop.processSelectedKeysOptimized(NioEventLoop.java:579)
	at org.apache.ratis.thirdparty.io.netty.channel.nio.NioEventLoop.processSelectedKeys(NioEventLoop.java:496)
	at org.apache.ratis.thirdparty.io.netty.channel.nio.NioEventLoop.run(NioEventLoop.java:458)
	at org.apache.ratis.thirdparty.io.netty.util.concurrent.SingleThreadEventExecutor$5.run(SingleThreadEventExecutor.java:897)
	at org.apache.ratis.thirdparty.io.netty.util.concurrent.FastThreadLocalRunnable.run(FastThreadLocalRunnable.java:30)
	... 1 more
Caused by: java.net.ConnectException: Connection refused
	... 11 more
2019-11-15 03:52:42,092 [8c6299e1-e84a-4bf3-8558-225b6553f707@group-7A2BC8E9B85B-LeaderElection87] INFO  impl.LeaderElection (LogUtils.java:infoOrTrace(149)) - 8c6299e1-e84a-4bf3-8558-225b6553f707@group-7A2BC8E9B85B-LeaderElection87 got exception when requesting votes: {}
java.util.concurrent.ExecutionException: org.apache.ratis.thirdparty.io.grpc.StatusRuntimeException: UNAVAILABLE: io exception
	at java.util.concurrent.FutureTask.report(FutureTask.java:122)
	at java.util.concurrent.FutureTask.get(FutureTask.java:192)
	at org.apache.ratis.server.impl.LeaderElection.waitForResults(LeaderElection.java:259)
	at org.apache.ratis.server.impl.LeaderElection.askForVotes(LeaderElection.java:197)
	at org.apache.ratis.server.impl.LeaderElection.run(LeaderElection.java:133)
	at java.lang.Thread.run(Thread.java:748)
Caused by: org.apache.ratis.thirdparty.io.grpc.StatusRuntimeException: UNAVAILABLE: io exception
	at org.apache.ratis.thirdparty.io.grpc.stub.ClientCalls.toStatusRuntimeException(ClientCalls.java:233)
	at org.apache.ratis.thirdparty.io.grpc.stub.ClientCalls.getUnchecked(ClientCalls.java:214)
	at org.apache.ratis.thirdparty.io.grpc.stub.ClientCalls.blockingUnaryCall(ClientCalls.java:139)
	at org.apache.ratis.proto.grpc.RaftServerProtocolServiceGrpc$RaftServerProtocolServiceBlockingStub.requestVote(RaftServerProtocolServiceGrpc.java:265)
	at org.apache.ratis.grpc.server.GrpcServerProtocolClient.requestVote(GrpcServerProtocolClient.java:99)
	at org.apache.ratis.grpc.server.GrpcService.requestVote(GrpcService.java:204)
	at org.apache.ratis.server.impl.LeaderElection.lambda$submitRequests$1(LeaderElection.java:234)
	at java.util.concurrent.FutureTask.run(FutureTask.java:266)
	at java.util.concurrent.Executors$RunnableAdapter.call(Executors.java:511)
	at java.util.concurrent.FutureTask.run(FutureTask.java:266)
	at java.util.concurrent.ThreadPoolExecutor.runWorker(ThreadPoolExecutor.java:1149)
	at java.util.concurrent.ThreadPoolExecutor$Worker.run(ThreadPoolExecutor.java:624)
	... 1 more
Caused by: org.apache.ratis.thirdparty.io.netty.channel.AbstractChannel$AnnotatedConnectException: Connection refused: /192.168.157.206:37982
	at sun.nio.ch.SocketChannelImpl.checkConnect(Native Method)
	at sun.nio.ch.SocketChannelImpl.finishConnect(SocketChannelImpl.java:717)
	at org.apache.ratis.thirdparty.io.netty.channel.socket.nio.NioSocketChannel.doFinishConnect(NioSocketChannel.java:327)
	at org.apache.ratis.thirdparty.io.netty.channel.nio.AbstractNioChannel$AbstractNioUnsafe.finishConnect(AbstractNioChannel.java:340)
	at org.apache.ratis.thirdparty.io.netty.channel.nio.NioEventLoop.processSelectedKey(NioEventLoop.java:632)
	at org.apache.ratis.thirdparty.io.netty.channel.nio.NioEventLoop.processSelectedKeysOptimized(NioEventLoop.java:579)
	at org.apache.ratis.thirdparty.io.netty.channel.nio.NioEventLoop.processSelectedKeys(NioEventLoop.java:496)
	at org.apache.ratis.thirdparty.io.netty.channel.nio.NioEventLoop.run(NioEventLoop.java:458)
	at org.apache.ratis.thirdparty.io.netty.util.concurrent.SingleThreadEventExecutor$5.run(SingleThreadEventExecutor.java:897)
	at org.apache.ratis.thirdparty.io.netty.util.concurrent.FastThreadLocalRunnable.run(FastThreadLocalRunnable.java:30)
	... 1 more
Caused by: java.net.ConnectException: Connection refused
	... 11 more
2019-11-15 03:52:42,094 [8c6299e1-e84a-4bf3-8558-225b6553f707@group-7A2BC8E9B85B-LeaderElection87] INFO  impl.LeaderElection (LeaderElection.java:logAndReturn(56)) - 8c6299e1-e84a-4bf3-8558-225b6553f707@group-7A2BC8E9B85B-LeaderElection87: Election REJECTED; received 0 response(s) [] and 2 exception(s); 8c6299e1-e84a-4bf3-8558-225b6553f707@group-7A2BC8E9B85B:t4, leader=null, voted=8c6299e1-e84a-4bf3-8558-225b6553f707, raftlog=8c6299e1-e84a-4bf3-8558-225b6553f707@group-7A2BC8E9B85B-SegmentedRaftLog:OPENED:c2,f2,i2, conf=1: [8c6299e1-e84a-4bf3-8558-225b6553f707:192.168.157.206:40623, 3b6a93a1-3acb-43ad-9bac-2b83b325636a:192.168.157.206:37982, fae849f2-b585-4c8d-a748-375fffce3265:192.168.157.206:39095], old=null
2019-11-15 03:52:42,094 [8c6299e1-e84a-4bf3-8558-225b6553f707@group-7A2BC8E9B85B-LeaderElection87] INFO  impl.LeaderElection (LogUtils.java:infoOrTrace(149)) -   Exception 0: {}
java.util.concurrent.ExecutionException: org.apache.ratis.thirdparty.io.grpc.StatusRuntimeException: UNAVAILABLE: io exception
	at java.util.concurrent.FutureTask.report(FutureTask.java:122)
	at java.util.concurrent.FutureTask.get(FutureTask.java:192)
	at org.apache.ratis.server.impl.LeaderElection.waitForResults(LeaderElection.java:259)
	at org.apache.ratis.server.impl.LeaderElection.askForVotes(LeaderElection.java:197)
	at org.apache.ratis.server.impl.LeaderElection.run(LeaderElection.java:133)
	at java.lang.Thread.run(Thread.java:748)
Caused by: org.apache.ratis.thirdparty.io.grpc.StatusRuntimeException: UNAVAILABLE: io exception
	at org.apache.ratis.thirdparty.io.grpc.stub.ClientCalls.toStatusRuntimeException(ClientCalls.java:233)
	at org.apache.ratis.thirdparty.io.grpc.stub.ClientCalls.getUnchecked(ClientCalls.java:214)
	at org.apache.ratis.thirdparty.io.grpc.stub.ClientCalls.blockingUnaryCall(ClientCalls.java:139)
	at org.apache.ratis.proto.grpc.RaftServerProtocolServiceGrpc$RaftServerProtocolServiceBlockingStub.requestVote(RaftServerProtocolServiceGrpc.java:265)
	at org.apache.ratis.grpc.server.GrpcServerProtocolClient.requestVote(GrpcServerProtocolClient.java:99)
	at org.apache.ratis.grpc.server.GrpcService.requestVote(GrpcService.java:204)
	at org.apache.ratis.server.impl.LeaderElection.lambda$submitRequests$1(LeaderElection.java:234)
	at java.util.concurrent.FutureTask.run(FutureTask.java:266)
	at java.util.concurrent.Executors$RunnableAdapter.call(Executors.java:511)
	at java.util.concurrent.FutureTask.run(FutureTask.java:266)
	at java.util.concurrent.ThreadPoolExecutor.runWorker(ThreadPoolExecutor.java:1149)
	at java.util.concurrent.ThreadPoolExecutor$Worker.run(ThreadPoolExecutor.java:624)
	... 1 more
Caused by: org.apache.ratis.thirdparty.io.netty.channel.AbstractChannel$AnnotatedConnectException: Connection refused: /192.168.157.206:39095
	at sun.nio.ch.SocketChannelImpl.checkConnect(Native Method)
	at sun.nio.ch.SocketChannelImpl.finishConnect(SocketChannelImpl.java:717)
	at org.apache.ratis.thirdparty.io.netty.channel.socket.nio.NioSocketChannel.doFinishConnect(NioSocketChannel.java:327)
	at org.apache.ratis.thirdparty.io.netty.channel.nio.AbstractNioChannel$AbstractNioUnsafe.finishConnect(AbstractNioChannel.java:340)
	at org.apache.ratis.thirdparty.io.netty.channel.nio.NioEventLoop.processSelectedKey(NioEventLoop.java:632)
	at org.apache.ratis.thirdparty.io.netty.channel.nio.NioEventLoop.processSelectedKeysOptimized(NioEventLoop.java:579)
	at org.apache.ratis.thirdparty.io.netty.channel.nio.NioEventLoop.processSelectedKeys(NioEventLoop.java:496)
	at org.apache.ratis.thirdparty.io.netty.channel.nio.NioEventLoop.run(NioEventLoop.java:458)
	at org.apache.ratis.thirdparty.io.netty.util.concurrent.SingleThreadEventExecutor$5.run(SingleThreadEventExecutor.java:897)
	at org.apache.ratis.thirdparty.io.netty.util.concurrent.FastThreadLocalRunnable.run(FastThreadLocalRunnable.java:30)
	... 1 more
Caused by: java.net.ConnectException: Connection refused
	... 11 more
2019-11-15 03:52:42,094 [8c6299e1-e84a-4bf3-8558-225b6553f707@group-7A2BC8E9B85B-LeaderElection87] INFO  impl.LeaderElection (LogUtils.java:infoOrTrace(149)) -   Exception 1: {}
java.util.concurrent.ExecutionException: org.apache.ratis.thirdparty.io.grpc.StatusRuntimeException: UNAVAILABLE: io exception
	at java.util.concurrent.FutureTask.report(FutureTask.java:122)
	at java.util.concurrent.FutureTask.get(FutureTask.java:192)
	at org.apache.ratis.server.impl.LeaderElection.waitForResults(LeaderElection.java:259)
	at org.apache.ratis.server.impl.LeaderElection.askForVotes(LeaderElection.java:197)
	at org.apache.ratis.server.impl.LeaderElection.run(LeaderElection.java:133)
	at java.lang.Thread.run(Thread.java:748)
Caused by: org.apache.ratis.thirdparty.io.grpc.StatusRuntimeException: UNAVAILABLE: io exception
	at org.apache.ratis.thirdparty.io.grpc.stub.ClientCalls.toStatusRuntimeException(ClientCalls.java:233)
	at org.apache.ratis.thirdparty.io.grpc.stub.ClientCalls.getUnchecked(ClientCalls.java:214)
	at org.apache.ratis.thirdparty.io.grpc.stub.ClientCalls.blockingUnaryCall(ClientCalls.java:139)
	at org.apache.ratis.proto.grpc.RaftServerProtocolServiceGrpc$RaftServerProtocolServiceBlockingStub.requestVote(RaftServerProtocolServiceGrpc.java:265)
	at org.apache.ratis.grpc.server.GrpcServerProtocolClient.requestVote(GrpcServerProtocolClient.java:99)
	at org.apache.ratis.grpc.server.GrpcService.requestVote(GrpcService.java:204)
	at org.apache.ratis.server.impl.LeaderElection.lambda$submitRequests$1(LeaderElection.java:234)
	at java.util.concurrent.FutureTask.run(FutureTask.java:266)
	at java.util.concurrent.Executors$RunnableAdapter.call(Executors.java:511)
	at java.util.concurrent.FutureTask.run(FutureTask.java:266)
	at java.util.concurrent.ThreadPoolExecutor.runWorker(ThreadPoolExecutor.java:1149)
	at java.util.concurrent.ThreadPoolExecutor$Worker.run(ThreadPoolExecutor.java:624)
	... 1 more
Caused by: org.apache.ratis.thirdparty.io.netty.channel.AbstractChannel$AnnotatedConnectException: Connection refused: /192.168.157.206:37982
	at sun.nio.ch.SocketChannelImpl.checkConnect(Native Method)
	at sun.nio.ch.SocketChannelImpl.finishConnect(SocketChannelImpl.java:717)
	at org.apache.ratis.thirdparty.io.netty.channel.socket.nio.NioSocketChannel.doFinishConnect(NioSocketChannel.java:327)
	at org.apache.ratis.thirdparty.io.netty.channel.nio.AbstractNioChannel$AbstractNioUnsafe.finishConnect(AbstractNioChannel.java:340)
	at org.apache.ratis.thirdparty.io.netty.channel.nio.NioEventLoop.processSelectedKey(NioEventLoop.java:632)
	at org.apache.ratis.thirdparty.io.netty.channel.nio.NioEventLoop.processSelectedKeysOptimized(NioEventLoop.java:579)
	at org.apache.ratis.thirdparty.io.netty.channel.nio.NioEventLoop.processSelectedKeys(NioEventLoop.java:496)
	at org.apache.ratis.thirdparty.io.netty.channel.nio.NioEventLoop.run(NioEventLoop.java:458)
	at org.apache.ratis.thirdparty.io.netty.util.concurrent.SingleThreadEventExecutor$5.run(SingleThreadEventExecutor.java:897)
	at org.apache.ratis.thirdparty.io.netty.util.concurrent.FastThreadLocalRunnable.run(FastThreadLocalRunnable.java:30)
	... 1 more
Caused by: java.net.ConnectException: Connection refused
	... 11 more
2019-11-15 03:52:42,095 [8c6299e1-e84a-4bf3-8558-225b6553f707@group-7A2BC8E9B85B-LeaderElection87] INFO  impl.RaftServerImpl (RaftServerImpl.java:setRole(173)) - 8c6299e1-e84a-4bf3-8558-225b6553f707@group-7A2BC8E9B85B: changes role from CANDIDATE to FOLLOWER at term 4 for DISCOVERED_A_NEW_TERM
2019-11-15 03:52:42,095 [8c6299e1-e84a-4bf3-8558-225b6553f707@group-7A2BC8E9B85B-LeaderElection87] INFO  impl.RoleInfo (RoleInfo.java:shutdownLeaderElection(134)) - 8c6299e1-e84a-4bf3-8558-225b6553f707: shutdown LeaderElection
2019-11-15 03:52:42,095 [8c6299e1-e84a-4bf3-8558-225b6553f707@group-7A2BC8E9B85B-LeaderElection87] INFO  impl.RoleInfo (RoleInfo.java:updateAndGet(143)) - 8c6299e1-e84a-4bf3-8558-225b6553f707: start FollowerState
2019-11-15 03:52:42,498 [grpc-default-executor-9] WARN  server.GrpcLogAppender (LogUtils.java:warn(134)) - b5c8e6ac-78cf-4415-8687-784dd9b9d9de@group-4D691BF5A7B5->2d1b9a28-4ed6-4518-a989-fb5d866f5618-AppendLogResponseHandler: Failed appendEntries: org.apache.ratis.thirdparty.io.grpc.StatusRuntimeException: UNAVAILABLE: io exception
2019-11-15 03:52:42,498 [grpc-default-executor-9] INFO  impl.FollowerInfo (FollowerInfo.java:lambda$new$0(51)) - b5c8e6ac-78cf-4415-8687-784dd9b9d9de@group-4D691BF5A7B5->2d1b9a28-4ed6-4518-a989-fb5d866f5618: nextIndex: updateUnconditionally 0 -> 0
2019-11-15 03:52:42,563 [grpc-default-executor-4] WARN  server.GrpcLogAppender (LogUtils.java:warn(134)) - 1f296aea-c4ef-4ad0-bd70-4536dedd0da2@group-4E4984C096D6->32349214-85e6-49cf-bb69-05e83393fdf3-AppendLogResponseHandler: Failed appendEntries: org.apache.ratis.thirdparty.io.grpc.StatusRuntimeException: UNAVAILABLE: io exception
2019-11-15 03:52:42,563 [grpc-default-executor-9] WARN  server.GrpcLogAppender (LogUtils.java:warn(134)) - 1f296aea-c4ef-4ad0-bd70-4536dedd0da2@group-4E4984C096D6->43077e3c-832c-4164-9ae4-420ca2301748-AppendLogResponseHandler: Failed appendEntries: org.apache.ratis.thirdparty.io.grpc.StatusRuntimeException: UNAVAILABLE: io exception
2019-11-15 03:52:42,563 [grpc-default-executor-4] INFO  impl.FollowerInfo (FollowerInfo.java:lambda$new$0(51)) - 1f296aea-c4ef-4ad0-bd70-4536dedd0da2@group-4E4984C096D6->32349214-85e6-49cf-bb69-05e83393fdf3: nextIndex: updateUnconditionally 0 -> 0
2019-11-15 03:52:42,564 [grpc-default-executor-9] INFO  impl.FollowerInfo (FollowerInfo.java:lambda$new$0(51)) - 1f296aea-c4ef-4ad0-bd70-4536dedd0da2@group-4E4984C096D6->43077e3c-832c-4164-9ae4-420ca2301748: nextIndex: updateUnconditionally 0 -> 0
2019-11-15 03:52:43,005 [grpc-default-executor-9] WARN  server.GrpcLogAppender (LogUtils.java:warn(134)) - b5c8e6ac-78cf-4415-8687-784dd9b9d9de@group-4D691BF5A7B5->2d1b9a28-4ed6-4518-a989-fb5d866f5618-AppendLogResponseHandler: Failed appendEntries: org.apache.ratis.thirdparty.io.grpc.StatusRuntimeException: UNAVAILABLE: io exception
2019-11-15 03:52:43,006 [grpc-default-executor-9] INFO  impl.FollowerInfo (FollowerInfo.java:lambda$new$0(51)) - b5c8e6ac-78cf-4415-8687-784dd9b9d9de@group-4D691BF5A7B5->2d1b9a28-4ed6-4518-a989-fb5d866f5618: nextIndex: updateUnconditionally 0 -> 0
2019-11-15 03:52:43,062 [grpc-default-executor-8] WARN  server.GrpcLogAppender (LogUtils.java:warn(134)) - 1f296aea-c4ef-4ad0-bd70-4536dedd0da2@group-4E4984C096D6->43077e3c-832c-4164-9ae4-420ca2301748-AppendLogResponseHandler: Failed appendEntries: org.apache.ratis.thirdparty.io.grpc.StatusRuntimeException: UNAVAILABLE: io exception
2019-11-15 03:52:43,062 [grpc-default-executor-4] WARN  server.GrpcLogAppender (LogUtils.java:warn(134)) - 1f296aea-c4ef-4ad0-bd70-4536dedd0da2@group-4E4984C096D6->32349214-85e6-49cf-bb69-05e83393fdf3-AppendLogResponseHandler: Failed appendEntries: org.apache.ratis.thirdparty.io.grpc.StatusRuntimeException: UNAVAILABLE: io exception
2019-11-15 03:52:43,062 [grpc-default-executor-8] INFO  impl.FollowerInfo (FollowerInfo.java:lambda$new$0(51)) - 1f296aea-c4ef-4ad0-bd70-4536dedd0da2@group-4E4984C096D6->43077e3c-832c-4164-9ae4-420ca2301748: nextIndex: updateUnconditionally 0 -> 0
2019-11-15 03:52:43,062 [grpc-default-executor-4] INFO  impl.FollowerInfo (FollowerInfo.java:lambda$new$0(51)) - 1f296aea-c4ef-4ad0-bd70-4536dedd0da2@group-4E4984C096D6->32349214-85e6-49cf-bb69-05e83393fdf3: nextIndex: updateUnconditionally 0 -> 0
2019-11-15 03:52:43,134 [Thread-1944] INFO  impl.FollowerState (FollowerState.java:run(111)) - 8c6299e1-e84a-4bf3-8558-225b6553f707@group-7A2BC8E9B85B-FollowerState: change to CANDIDATE, lastRpcTime:1038ms, electionTimeout:1038ms
2019-11-15 03:52:43,134 [Thread-1944] INFO  impl.RoleInfo (RoleInfo.java:shutdownFollowerState(121)) - 8c6299e1-e84a-4bf3-8558-225b6553f707: shutdown FollowerState
2019-11-15 03:52:43,135 [Thread-1944] INFO  impl.RaftServerImpl (RaftServerImpl.java:setRole(173)) - 8c6299e1-e84a-4bf3-8558-225b6553f707@group-7A2BC8E9B85B: changes role from  FOLLOWER to CANDIDATE at term 4 for changeToCandidate
2019-11-15 03:52:43,135 [Thread-1944] INFO  impl.RoleInfo (RoleInfo.java:updateAndGet(143)) - 8c6299e1-e84a-4bf3-8558-225b6553f707: start LeaderElection
2019-11-15 03:52:43,160 [8c6299e1-e84a-4bf3-8558-225b6553f707@group-7A2BC8E9B85B-LeaderElection88] INFO  impl.LeaderElection (LeaderElection.java:askForVotes(178)) - 8c6299e1-e84a-4bf3-8558-225b6553f707@group-7A2BC8E9B85B-LeaderElection88: begin an election at term 5 for 1: [8c6299e1-e84a-4bf3-8558-225b6553f707:192.168.157.206:40623, 3b6a93a1-3acb-43ad-9bac-2b83b325636a:192.168.157.206:37982, fae849f2-b585-4c8d-a748-375fffce3265:192.168.157.206:39095], old=null
2019-11-15 03:52:43,162 [8c6299e1-e84a-4bf3-8558-225b6553f707@group-7A2BC8E9B85B-LeaderElection88] INFO  impl.LeaderElection (LogUtils.java:infoOrTrace(149)) - 8c6299e1-e84a-4bf3-8558-225b6553f707@group-7A2BC8E9B85B-LeaderElection88 got exception when requesting votes: {}
java.util.concurrent.ExecutionException: org.apache.ratis.thirdparty.io.grpc.StatusRuntimeException: UNAVAILABLE: io exception
	at java.util.concurrent.FutureTask.report(FutureTask.java:122)
	at java.util.concurrent.FutureTask.get(FutureTask.java:192)
	at org.apache.ratis.server.impl.LeaderElection.waitForResults(LeaderElection.java:259)
	at org.apache.ratis.server.impl.LeaderElection.askForVotes(LeaderElection.java:197)
	at org.apache.ratis.server.impl.LeaderElection.run(LeaderElection.java:133)
	at java.lang.Thread.run(Thread.java:748)
Caused by: org.apache.ratis.thirdparty.io.grpc.StatusRuntimeException: UNAVAILABLE: io exception
	at org.apache.ratis.thirdparty.io.grpc.stub.ClientCalls.toStatusRuntimeException(ClientCalls.java:233)
	at org.apache.ratis.thirdparty.io.grpc.stub.ClientCalls.getUnchecked(ClientCalls.java:214)
	at org.apache.ratis.thirdparty.io.grpc.stub.ClientCalls.blockingUnaryCall(ClientCalls.java:139)
	at org.apache.ratis.proto.grpc.RaftServerProtocolServiceGrpc$RaftServerProtocolServiceBlockingStub.requestVote(RaftServerProtocolServiceGrpc.java:265)
	at org.apache.ratis.grpc.server.GrpcServerProtocolClient.requestVote(GrpcServerProtocolClient.java:99)
	at org.apache.ratis.grpc.server.GrpcService.requestVote(GrpcService.java:204)
	at org.apache.ratis.server.impl.LeaderElection.lambda$submitRequests$1(LeaderElection.java:234)
	at java.util.concurrent.FutureTask.run(FutureTask.java:266)
	at java.util.concurrent.Executors$RunnableAdapter.call(Executors.java:511)
	at java.util.concurrent.FutureTask.run(FutureTask.java:266)
	at java.util.concurrent.ThreadPoolExecutor.runWorker(ThreadPoolExecutor.java:1149)
	at java.util.concurrent.ThreadPoolExecutor$Worker.run(ThreadPoolExecutor.java:624)
	... 1 more
Caused by: org.apache.ratis.thirdparty.io.netty.channel.AbstractChannel$AnnotatedConnectException: Connection refused: /192.168.157.206:39095
	at sun.nio.ch.SocketChannelImpl.checkConnect(Native Method)
	at sun.nio.ch.SocketChannelImpl.finishConnect(SocketChannelImpl.java:717)
	at org.apache.ratis.thirdparty.io.netty.channel.socket.nio.NioSocketChannel.doFinishConnect(NioSocketChannel.java:327)
	at org.apache.ratis.thirdparty.io.netty.channel.nio.AbstractNioChannel$AbstractNioUnsafe.finishConnect(AbstractNioChannel.java:340)
	at org.apache.ratis.thirdparty.io.netty.channel.nio.NioEventLoop.processSelectedKey(NioEventLoop.java:632)
	at org.apache.ratis.thirdparty.io.netty.channel.nio.NioEventLoop.processSelectedKeysOptimized(NioEventLoop.java:579)
	at org.apache.ratis.thirdparty.io.netty.channel.nio.NioEventLoop.processSelectedKeys(NioEventLoop.java:496)
	at org.apache.ratis.thirdparty.io.netty.channel.nio.NioEventLoop.run(NioEventLoop.java:458)
	at org.apache.ratis.thirdparty.io.netty.util.concurrent.SingleThreadEventExecutor$5.run(SingleThreadEventExecutor.java:897)
	at org.apache.ratis.thirdparty.io.netty.util.concurrent.FastThreadLocalRunnable.run(FastThreadLocalRunnable.java:30)
	... 1 more
Caused by: java.net.ConnectException: Connection refused
	... 11 more
2019-11-15 03:52:43,170 [8c6299e1-e84a-4bf3-8558-225b6553f707@group-7A2BC8E9B85B-LeaderElection88] INFO  impl.LeaderElection (LogUtils.java:infoOrTrace(149)) - 8c6299e1-e84a-4bf3-8558-225b6553f707@group-7A2BC8E9B85B-LeaderElection88 got exception when requesting votes: {}
java.util.concurrent.ExecutionException: org.apache.ratis.thirdparty.io.grpc.StatusRuntimeException: UNAVAILABLE: io exception
	at java.util.concurrent.FutureTask.report(FutureTask.java:122)
	at java.util.concurrent.FutureTask.get(FutureTask.java:192)
	at org.apache.ratis.server.impl.LeaderElection.waitForResults(LeaderElection.java:259)
	at org.apache.ratis.server.impl.LeaderElection.askForVotes(LeaderElection.java:197)
	at org.apache.ratis.server.impl.LeaderElection.run(LeaderElection.java:133)
	at java.lang.Thread.run(Thread.java:748)
Caused by: org.apache.ratis.thirdparty.io.grpc.StatusRuntimeException: UNAVAILABLE: io exception
	at org.apache.ratis.thirdparty.io.grpc.stub.ClientCalls.toStatusRuntimeException(ClientCalls.java:233)
	at org.apache.ratis.thirdparty.io.grpc.stub.ClientCalls.getUnchecked(ClientCalls.java:214)
	at org.apache.ratis.thirdparty.io.grpc.stub.ClientCalls.blockingUnaryCall(ClientCalls.java:139)
	at org.apache.ratis.proto.grpc.RaftServerProtocolServiceGrpc$RaftServerProtocolServiceBlockingStub.requestVote(RaftServerProtocolServiceGrpc.java:265)
	at org.apache.ratis.grpc.server.GrpcServerProtocolClient.requestVote(GrpcServerProtocolClient.java:99)
	at org.apache.ratis.grpc.server.GrpcService.requestVote(GrpcService.java:204)
	at org.apache.ratis.server.impl.LeaderElection.lambda$submitRequests$1(LeaderElection.java:234)
	at java.util.concurrent.FutureTask.run(FutureTask.java:266)
	at java.util.concurrent.Executors$RunnableAdapter.call(Executors.java:511)
	at java.util.concurrent.FutureTask.run(FutureTask.java:266)
	at java.util.concurrent.ThreadPoolExecutor.runWorker(ThreadPoolExecutor.java:1149)
	at java.util.concurrent.ThreadPoolExecutor$Worker.run(ThreadPoolExecutor.java:624)
	... 1 more
Caused by: org.apache.ratis.thirdparty.io.netty.channel.AbstractChannel$AnnotatedConnectException: Connection refused: /192.168.157.206:37982
	at sun.nio.ch.SocketChannelImpl.checkConnect(Native Method)
	at sun.nio.ch.SocketChannelImpl.finishConnect(SocketChannelImpl.java:717)
	at org.apache.ratis.thirdparty.io.netty.channel.socket.nio.NioSocketChannel.doFinishConnect(NioSocketChannel.java:327)
	at org.apache.ratis.thirdparty.io.netty.channel.nio.AbstractNioChannel$AbstractNioUnsafe.finishConnect(AbstractNioChannel.java:340)
	at org.apache.ratis.thirdparty.io.netty.channel.nio.NioEventLoop.processSelectedKey(NioEventLoop.java:632)
	at org.apache.ratis.thirdparty.io.netty.channel.nio.NioEventLoop.processSelectedKeysOptimized(NioEventLoop.java:579)
	at org.apache.ratis.thirdparty.io.netty.channel.nio.NioEventLoop.processSelectedKeys(NioEventLoop.java:496)
	at org.apache.ratis.thirdparty.io.netty.channel.nio.NioEventLoop.run(NioEventLoop.java:458)
	at org.apache.ratis.thirdparty.io.netty.util.concurrent.SingleThreadEventExecutor$5.run(SingleThreadEventExecutor.java:897)
	at org.apache.ratis.thirdparty.io.netty.util.concurrent.FastThreadLocalRunnable.run(FastThreadLocalRunnable.java:30)
	... 1 more
Caused by: java.net.ConnectException: Connection refused
	... 11 more
2019-11-15 03:52:43,173 [8c6299e1-e84a-4bf3-8558-225b6553f707@group-7A2BC8E9B85B-LeaderElection88] INFO  impl.LeaderElection (LeaderElection.java:logAndReturn(56)) - 8c6299e1-e84a-4bf3-8558-225b6553f707@group-7A2BC8E9B85B-LeaderElection88: Election REJECTED; received 0 response(s) [] and 2 exception(s); 8c6299e1-e84a-4bf3-8558-225b6553f707@group-7A2BC8E9B85B:t5, leader=null, voted=8c6299e1-e84a-4bf3-8558-225b6553f707, raftlog=8c6299e1-e84a-4bf3-8558-225b6553f707@group-7A2BC8E9B85B-SegmentedRaftLog:OPENED:c2,f2,i2, conf=1: [8c6299e1-e84a-4bf3-8558-225b6553f707:192.168.157.206:40623, 3b6a93a1-3acb-43ad-9bac-2b83b325636a:192.168.157.206:37982, fae849f2-b585-4c8d-a748-375fffce3265:192.168.157.206:39095], old=null
2019-11-15 03:52:43,173 [8c6299e1-e84a-4bf3-8558-225b6553f707@group-7A2BC8E9B85B-LeaderElection88] INFO  impl.LeaderElection (LogUtils.java:infoOrTrace(149)) -   Exception 0: {}
java.util.concurrent.ExecutionException: org.apache.ratis.thirdparty.io.grpc.StatusRuntimeException: UNAVAILABLE: io exception
	at java.util.concurrent.FutureTask.report(FutureTask.java:122)
	at java.util.concurrent.FutureTask.get(FutureTask.java:192)
	at org.apache.ratis.server.impl.LeaderElection.waitForResults(LeaderElection.java:259)
	at org.apache.ratis.server.impl.LeaderElection.askForVotes(LeaderElection.java:197)
	at org.apache.ratis.server.impl.LeaderElection.run(LeaderElection.java:133)
	at java.lang.Thread.run(Thread.java:748)
Caused by: org.apache.ratis.thirdparty.io.grpc.StatusRuntimeException: UNAVAILABLE: io exception
	at org.apache.ratis.thirdparty.io.grpc.stub.ClientCalls.toStatusRuntimeException(ClientCalls.java:233)
	at org.apache.ratis.thirdparty.io.grpc.stub.ClientCalls.getUnchecked(ClientCalls.java:214)
	at org.apache.ratis.thirdparty.io.grpc.stub.ClientCalls.blockingUnaryCall(ClientCalls.java:139)
	at org.apache.ratis.proto.grpc.RaftServerProtocolServiceGrpc$RaftServerProtocolServiceBlockingStub.requestVote(RaftServerProtocolServiceGrpc.java:265)
	at org.apache.ratis.grpc.server.GrpcServerProtocolClient.requestVote(GrpcServerProtocolClient.java:99)
	at org.apache.ratis.grpc.server.GrpcService.requestVote(GrpcService.java:204)
	at org.apache.ratis.server.impl.LeaderElection.lambda$submitRequests$1(LeaderElection.java:234)
	at java.util.concurrent.FutureTask.run(FutureTask.java:266)
	at java.util.concurrent.Executors$RunnableAdapter.call(Executors.java:511)
	at java.util.concurrent.FutureTask.run(FutureTask.java:266)
	at java.util.concurrent.ThreadPoolExecutor.runWorker(ThreadPoolExecutor.java:1149)
	at java.util.concurrent.ThreadPoolExecutor$Worker.run(ThreadPoolExecutor.java:624)
	... 1 more
Caused by: org.apache.ratis.thirdparty.io.netty.channel.AbstractChannel$AnnotatedConnectException: Connection refused: /192.168.157.206:39095
	at sun.nio.ch.SocketChannelImpl.checkConnect(Native Method)
	at sun.nio.ch.SocketChannelImpl.finishConnect(SocketChannelImpl.java:717)
	at org.apache.ratis.thirdparty.io.netty.channel.socket.nio.NioSocketChannel.doFinishConnect(NioSocketChannel.java:327)
	at org.apache.ratis.thirdparty.io.netty.channel.nio.AbstractNioChannel$AbstractNioUnsafe.finishConnect(AbstractNioChannel.java:340)
	at org.apache.ratis.thirdparty.io.netty.channel.nio.NioEventLoop.processSelectedKey(NioEventLoop.java:632)
	at org.apache.ratis.thirdparty.io.netty.channel.nio.NioEventLoop.processSelectedKeysOptimized(NioEventLoop.java:579)
	at org.apache.ratis.thirdparty.io.netty.channel.nio.NioEventLoop.processSelectedKeys(NioEventLoop.java:496)
	at org.apache.ratis.thirdparty.io.netty.channel.nio.NioEventLoop.run(NioEventLoop.java:458)
	at org.apache.ratis.thirdparty.io.netty.util.concurrent.SingleThreadEventExecutor$5.run(SingleThreadEventExecutor.java:897)
	at org.apache.ratis.thirdparty.io.netty.util.concurrent.FastThreadLocalRunnable.run(FastThreadLocalRunnable.java:30)
	... 1 more
Caused by: java.net.ConnectException: Connection refused
	... 11 more
2019-11-15 03:52:43,173 [8c6299e1-e84a-4bf3-8558-225b6553f707@group-7A2BC8E9B85B-LeaderElection88] INFO  impl.LeaderElection (LogUtils.java:infoOrTrace(149)) -   Exception 1: {}
java.util.concurrent.ExecutionException: org.apache.ratis.thirdparty.io.grpc.StatusRuntimeException: UNAVAILABLE: io exception
	at java.util.concurrent.FutureTask.report(FutureTask.java:122)
	at java.util.concurrent.FutureTask.get(FutureTask.java:192)
	at org.apache.ratis.server.impl.LeaderElection.waitForResults(LeaderElection.java:259)
	at org.apache.ratis.server.impl.LeaderElection.askForVotes(LeaderElection.java:197)
	at org.apache.ratis.server.impl.LeaderElection.run(LeaderElection.java:133)
	at java.lang.Thread.run(Thread.java:748)
Caused by: org.apache.ratis.thirdparty.io.grpc.StatusRuntimeException: UNAVAILABLE: io exception
	at org.apache.ratis.thirdparty.io.grpc.stub.ClientCalls.toStatusRuntimeException(ClientCalls.java:233)
	at org.apache.ratis.thirdparty.io.grpc.stub.ClientCalls.getUnchecked(ClientCalls.java:214)
	at org.apache.ratis.thirdparty.io.grpc.stub.ClientCalls.blockingUnaryCall(ClientCalls.java:139)
	at org.apache.ratis.proto.grpc.RaftServerProtocolServiceGrpc$RaftServerProtocolServiceBlockingStub.requestVote(RaftServerProtocolServiceGrpc.java:265)
	at org.apache.ratis.grpc.server.GrpcServerProtocolClient.requestVote(GrpcServerProtocolClient.java:99)
	at org.apache.ratis.grpc.server.GrpcService.requestVote(GrpcService.java:204)
	at org.apache.ratis.server.impl.LeaderElection.lambda$submitRequests$1(LeaderElection.java:234)
	at java.util.concurrent.FutureTask.run(FutureTask.java:266)
	at java.util.concurrent.Executors$RunnableAdapter.call(Executors.java:511)
	at java.util.concurrent.FutureTask.run(FutureTask.java:266)
	at java.util.concurrent.ThreadPoolExecutor.runWorker(ThreadPoolExecutor.java:1149)
	at java.util.concurrent.ThreadPoolExecutor$Worker.run(ThreadPoolExecutor.java:624)
	... 1 more
Caused by: org.apache.ratis.thirdparty.io.netty.channel.AbstractChannel$AnnotatedConnectException: Connection refused: /192.168.157.206:37982
	at sun.nio.ch.SocketChannelImpl.checkConnect(Native Method)
	at sun.nio.ch.SocketChannelImpl.finishConnect(SocketChannelImpl.java:717)
	at org.apache.ratis.thirdparty.io.netty.channel.socket.nio.NioSocketChannel.doFinishConnect(NioSocketChannel.java:327)
	at org.apache.ratis.thirdparty.io.netty.channel.nio.AbstractNioChannel$AbstractNioUnsafe.finishConnect(AbstractNioChannel.java:340)
	at org.apache.ratis.thirdparty.io.netty.channel.nio.NioEventLoop.processSelectedKey(NioEventLoop.java:632)
	at org.apache.ratis.thirdparty.io.netty.channel.nio.NioEventLoop.processSelectedKeysOptimized(NioEventLoop.java:579)
	at org.apache.ratis.thirdparty.io.netty.channel.nio.NioEventLoop.processSelectedKeys(NioEventLoop.java:496)
	at org.apache.ratis.thirdparty.io.netty.channel.nio.NioEventLoop.run(NioEventLoop.java:458)
	at org.apache.ratis.thirdparty.io.netty.util.concurrent.SingleThreadEventExecutor$5.run(SingleThreadEventExecutor.java:897)
	at org.apache.ratis.thirdparty.io.netty.util.concurrent.FastThreadLocalRunnable.run(FastThreadLocalRunnable.java:30)
	... 1 more
Caused by: java.net.ConnectException: Connection refused
	... 11 more
2019-11-15 03:52:43,174 [8c6299e1-e84a-4bf3-8558-225b6553f707@group-7A2BC8E9B85B-LeaderElection88] INFO  impl.RaftServerImpl (RaftServerImpl.java:setRole(173)) - 8c6299e1-e84a-4bf3-8558-225b6553f707@group-7A2BC8E9B85B: changes role from CANDIDATE to FOLLOWER at term 5 for DISCOVERED_A_NEW_TERM
2019-11-15 03:52:43,174 [8c6299e1-e84a-4bf3-8558-225b6553f707@group-7A2BC8E9B85B-LeaderElection88] INFO  impl.RoleInfo (RoleInfo.java:shutdownLeaderElection(134)) - 8c6299e1-e84a-4bf3-8558-225b6553f707: shutdown LeaderElection
2019-11-15 03:52:43,174 [8c6299e1-e84a-4bf3-8558-225b6553f707@group-7A2BC8E9B85B-LeaderElection88] INFO  impl.RoleInfo (RoleInfo.java:updateAndGet(143)) - 8c6299e1-e84a-4bf3-8558-225b6553f707: start FollowerState
2019-11-15 03:52:43,503 [grpc-default-executor-5] WARN  server.GrpcLogAppender (LogUtils.java:warn(134)) - b5c8e6ac-78cf-4415-8687-784dd9b9d9de@group-4D691BF5A7B5->2d1b9a28-4ed6-4518-a989-fb5d866f5618-AppendLogResponseHandler: Failed appendEntries: org.apache.ratis.thirdparty.io.grpc.StatusRuntimeException: UNAVAILABLE: io exception
2019-11-15 03:52:43,503 [grpc-default-executor-5] INFO  impl.FollowerInfo (FollowerInfo.java:lambda$new$0(51)) - b5c8e6ac-78cf-4415-8687-784dd9b9d9de@group-4D691BF5A7B5->2d1b9a28-4ed6-4518-a989-fb5d866f5618: nextIndex: updateUnconditionally 0 -> 0
2019-11-15 03:52:43,562 [grpc-default-executor-8] WARN  server.GrpcLogAppender (LogUtils.java:warn(134)) - 1f296aea-c4ef-4ad0-bd70-4536dedd0da2@group-4E4984C096D6->43077e3c-832c-4164-9ae4-420ca2301748-AppendLogResponseHandler: Failed appendEntries: org.apache.ratis.thirdparty.io.grpc.StatusRuntimeException: UNAVAILABLE: io exception
2019-11-15 03:52:43,562 [grpc-default-executor-4] WARN  server.GrpcLogAppender (LogUtils.java:warn(134)) - 1f296aea-c4ef-4ad0-bd70-4536dedd0da2@group-4E4984C096D6->32349214-85e6-49cf-bb69-05e83393fdf3-AppendLogResponseHandler: Failed appendEntries: org.apache.ratis.thirdparty.io.grpc.StatusRuntimeException: UNAVAILABLE: io exception
2019-11-15 03:52:43,562 [grpc-default-executor-8] INFO  impl.FollowerInfo (FollowerInfo.java:lambda$new$0(51)) - 1f296aea-c4ef-4ad0-bd70-4536dedd0da2@group-4E4984C096D6->43077e3c-832c-4164-9ae4-420ca2301748: nextIndex: updateUnconditionally 0 -> 0
2019-11-15 03:52:43,563 [grpc-default-executor-4] INFO  impl.FollowerInfo (FollowerInfo.java:lambda$new$0(51)) - 1f296aea-c4ef-4ad0-bd70-4536dedd0da2@group-4E4984C096D6->32349214-85e6-49cf-bb69-05e83393fdf3: nextIndex: updateUnconditionally 0 -> 0
2019-11-15 03:52:44,003 [grpc-default-executor-9] WARN  server.GrpcLogAppender (LogUtils.java:warn(134)) - b5c8e6ac-78cf-4415-8687-784dd9b9d9de@group-4D691BF5A7B5->2d1b9a28-4ed6-4518-a989-fb5d866f5618-AppendLogResponseHandler: Failed appendEntries: org.apache.ratis.thirdparty.io.grpc.StatusRuntimeException: UNAVAILABLE: io exception
2019-11-15 03:52:44,004 [grpc-default-executor-9] INFO  impl.FollowerInfo (FollowerInfo.java:lambda$new$0(51)) - b5c8e6ac-78cf-4415-8687-784dd9b9d9de@group-4D691BF5A7B5->2d1b9a28-4ed6-4518-a989-fb5d866f5618: nextIndex: updateUnconditionally 0 -> 0
2019-11-15 03:52:44,062 [grpc-default-executor-8] WARN  server.GrpcLogAppender (LogUtils.java:warn(134)) - 1f296aea-c4ef-4ad0-bd70-4536dedd0da2@group-4E4984C096D6->43077e3c-832c-4164-9ae4-420ca2301748-AppendLogResponseHandler: Failed appendEntries: org.apache.ratis.thirdparty.io.grpc.StatusRuntimeException: UNAVAILABLE: io exception
2019-11-15 03:52:44,063 [grpc-default-executor-5] WARN  server.GrpcLogAppender (LogUtils.java:warn(134)) - 1f296aea-c4ef-4ad0-bd70-4536dedd0da2@group-4E4984C096D6->32349214-85e6-49cf-bb69-05e83393fdf3-AppendLogResponseHandler: Failed appendEntries: org.apache.ratis.thirdparty.io.grpc.StatusRuntimeException: UNAVAILABLE: io exception
2019-11-15 03:52:44,063 [grpc-default-executor-8] INFO  impl.FollowerInfo (FollowerInfo.java:lambda$new$0(51)) - 1f296aea-c4ef-4ad0-bd70-4536dedd0da2@group-4E4984C096D6->43077e3c-832c-4164-9ae4-420ca2301748: nextIndex: updateUnconditionally 0 -> 0
2019-11-15 03:52:44,063 [grpc-default-executor-5] INFO  impl.FollowerInfo (FollowerInfo.java:lambda$new$0(51)) - 1f296aea-c4ef-4ad0-bd70-4536dedd0da2@group-4E4984C096D6->32349214-85e6-49cf-bb69-05e83393fdf3: nextIndex: updateUnconditionally 0 -> 0
2019-11-15 03:52:44,250 [Thread-1950] INFO  impl.FollowerState (FollowerState.java:run(111)) - 8c6299e1-e84a-4bf3-8558-225b6553f707@group-7A2BC8E9B85B-FollowerState: change to CANDIDATE, lastRpcTime:1075ms, electionTimeout:1075ms
2019-11-15 03:52:44,250 [Thread-1950] INFO  impl.RoleInfo (RoleInfo.java:shutdownFollowerState(121)) - 8c6299e1-e84a-4bf3-8558-225b6553f707: shutdown FollowerState
2019-11-15 03:52:44,250 [Thread-1950] INFO  impl.RaftServerImpl (RaftServerImpl.java:setRole(173)) - 8c6299e1-e84a-4bf3-8558-225b6553f707@group-7A2BC8E9B85B: changes role from  FOLLOWER to CANDIDATE at term 5 for changeToCandidate
2019-11-15 03:52:44,250 [Thread-1950] INFO  impl.RoleInfo (RoleInfo.java:updateAndGet(143)) - 8c6299e1-e84a-4bf3-8558-225b6553f707: start LeaderElection
2019-11-15 03:52:44,276 [8c6299e1-e84a-4bf3-8558-225b6553f707@group-7A2BC8E9B85B-LeaderElection89] INFO  impl.LeaderElection (LeaderElection.java:askForVotes(178)) - 8c6299e1-e84a-4bf3-8558-225b6553f707@group-7A2BC8E9B85B-LeaderElection89: begin an election at term 6 for 1: [8c6299e1-e84a-4bf3-8558-225b6553f707:192.168.157.206:40623, 3b6a93a1-3acb-43ad-9bac-2b83b325636a:192.168.157.206:37982, fae849f2-b585-4c8d-a748-375fffce3265:192.168.157.206:39095], old=null
2019-11-15 03:52:44,277 [8c6299e1-e84a-4bf3-8558-225b6553f707@group-7A2BC8E9B85B-LeaderElection89] INFO  impl.LeaderElection (LogUtils.java:infoOrTrace(149)) - 8c6299e1-e84a-4bf3-8558-225b6553f707@group-7A2BC8E9B85B-LeaderElection89 got exception when requesting votes: {}
java.util.concurrent.ExecutionException: org.apache.ratis.thirdparty.io.grpc.StatusRuntimeException: UNAVAILABLE: io exception
	at java.util.concurrent.FutureTask.report(FutureTask.java:122)
	at java.util.concurrent.FutureTask.get(FutureTask.java:192)
	at org.apache.ratis.server.impl.LeaderElection.waitForResults(LeaderElection.java:259)
	at org.apache.ratis.server.impl.LeaderElection.askForVotes(LeaderElection.java:197)
	at org.apache.ratis.server.impl.LeaderElection.run(LeaderElection.java:133)
	at java.lang.Thread.run(Thread.java:748)
Caused by: org.apache.ratis.thirdparty.io.grpc.StatusRuntimeException: UNAVAILABLE: io exception
	at org.apache.ratis.thirdparty.io.grpc.stub.ClientCalls.toStatusRuntimeException(ClientCalls.java:233)
	at org.apache.ratis.thirdparty.io.grpc.stub.ClientCalls.getUnchecked(ClientCalls.java:214)
	at org.apache.ratis.thirdparty.io.grpc.stub.ClientCalls.blockingUnaryCall(ClientCalls.java:139)
	at org.apache.ratis.proto.grpc.RaftServerProtocolServiceGrpc$RaftServerProtocolServiceBlockingStub.requestVote(RaftServerProtocolServiceGrpc.java:265)
	at org.apache.ratis.grpc.server.GrpcServerProtocolClient.requestVote(GrpcServerProtocolClient.java:99)
	at org.apache.ratis.grpc.server.GrpcService.requestVote(GrpcService.java:204)
	at org.apache.ratis.server.impl.LeaderElection.lambda$submitRequests$1(LeaderElection.java:234)
	at java.util.concurrent.FutureTask.run(FutureTask.java:266)
	at java.util.concurrent.Executors$RunnableAdapter.call(Executors.java:511)
	at java.util.concurrent.FutureTask.run(FutureTask.java:266)
	at java.util.concurrent.ThreadPoolExecutor.runWorker(ThreadPoolExecutor.java:1149)
	at java.util.concurrent.ThreadPoolExecutor$Worker.run(ThreadPoolExecutor.java:624)
	... 1 more
Caused by: org.apache.ratis.thirdparty.io.netty.channel.AbstractChannel$AnnotatedConnectException: Connection refused: /192.168.157.206:39095
	at sun.nio.ch.SocketChannelImpl.checkConnect(Native Method)
	at sun.nio.ch.SocketChannelImpl.finishConnect(SocketChannelImpl.java:717)
	at org.apache.ratis.thirdparty.io.netty.channel.socket.nio.NioSocketChannel.doFinishConnect(NioSocketChannel.java:327)
	at org.apache.ratis.thirdparty.io.netty.channel.nio.AbstractNioChannel$AbstractNioUnsafe.finishConnect(AbstractNioChannel.java:340)
	at org.apache.ratis.thirdparty.io.netty.channel.nio.NioEventLoop.processSelectedKey(NioEventLoop.java:632)
	at org.apache.ratis.thirdparty.io.netty.channel.nio.NioEventLoop.processSelectedKeysOptimized(NioEventLoop.java:579)
	at org.apache.ratis.thirdparty.io.netty.channel.nio.NioEventLoop.processSelectedKeys(NioEventLoop.java:496)
	at org.apache.ratis.thirdparty.io.netty.channel.nio.NioEventLoop.run(NioEventLoop.java:458)
	at org.apache.ratis.thirdparty.io.netty.util.concurrent.SingleThreadEventExecutor$5.run(SingleThreadEventExecutor.java:897)
	at org.apache.ratis.thirdparty.io.netty.util.concurrent.FastThreadLocalRunnable.run(FastThreadLocalRunnable.java:30)
	... 1 more
Caused by: java.net.ConnectException: Connection refused
	... 11 more
2019-11-15 03:52:44,279 [8c6299e1-e84a-4bf3-8558-225b6553f707@group-7A2BC8E9B85B-LeaderElection89] INFO  impl.LeaderElection (LogUtils.java:infoOrTrace(149)) - 8c6299e1-e84a-4bf3-8558-225b6553f707@group-7A2BC8E9B85B-LeaderElection89 got exception when requesting votes: {}
java.util.concurrent.ExecutionException: org.apache.ratis.thirdparty.io.grpc.StatusRuntimeException: UNAVAILABLE: io exception
	at java.util.concurrent.FutureTask.report(FutureTask.java:122)
	at java.util.concurrent.FutureTask.get(FutureTask.java:192)
	at org.apache.ratis.server.impl.LeaderElection.waitForResults(LeaderElection.java:259)
	at org.apache.ratis.server.impl.LeaderElection.askForVotes(LeaderElection.java:197)
	at org.apache.ratis.server.impl.LeaderElection.run(LeaderElection.java:133)
	at java.lang.Thread.run(Thread.java:748)
Caused by: org.apache.ratis.thirdparty.io.grpc.StatusRuntimeException: UNAVAILABLE: io exception
	at org.apache.ratis.thirdparty.io.grpc.stub.ClientCalls.toStatusRuntimeException(ClientCalls.java:233)
	at org.apache.ratis.thirdparty.io.grpc.stub.ClientCalls.getUnchecked(ClientCalls.java:214)
	at org.apache.ratis.thirdparty.io.grpc.stub.ClientCalls.blockingUnaryCall(ClientCalls.java:139)
	at org.apache.ratis.proto.grpc.RaftServerProtocolServiceGrpc$RaftServerProtocolServiceBlockingStub.requestVote(RaftServerProtocolServiceGrpc.java:265)
	at org.apache.ratis.grpc.server.GrpcServerProtocolClient.requestVote(GrpcServerProtocolClient.java:99)
	at org.apache.ratis.grpc.server.GrpcService.requestVote(GrpcService.java:204)
	at org.apache.ratis.server.impl.LeaderElection.lambda$submitRequests$1(LeaderElection.java:234)
	at java.util.concurrent.FutureTask.run(FutureTask.java:266)
	at java.util.concurrent.Executors$RunnableAdapter.call(Executors.java:511)
	at java.util.concurrent.FutureTask.run(FutureTask.java:266)
	at java.util.concurrent.ThreadPoolExecutor.runWorker(ThreadPoolExecutor.java:1149)
	at java.util.concurrent.ThreadPoolExecutor$Worker.run(ThreadPoolExecutor.java:624)
	... 1 more
Caused by: org.apache.ratis.thirdparty.io.netty.channel.AbstractChannel$AnnotatedConnectException: Connection refused: /192.168.157.206:37982
	at sun.nio.ch.SocketChannelImpl.checkConnect(Native Method)
	at sun.nio.ch.SocketChannelImpl.finishConnect(SocketChannelImpl.java:717)
	at org.apache.ratis.thirdparty.io.netty.channel.socket.nio.NioSocketChannel.doFinishConnect(NioSocketChannel.java:327)
	at org.apache.ratis.thirdparty.io.netty.channel.nio.AbstractNioChannel$AbstractNioUnsafe.finishConnect(AbstractNioChannel.java:340)
	at org.apache.ratis.thirdparty.io.netty.channel.nio.NioEventLoop.processSelectedKey(NioEventLoop.java:632)
	at org.apache.ratis.thirdparty.io.netty.channel.nio.NioEventLoop.processSelectedKeysOptimized(NioEventLoop.java:579)
	at org.apache.ratis.thirdparty.io.netty.channel.nio.NioEventLoop.processSelectedKeys(NioEventLoop.java:496)
	at org.apache.ratis.thirdparty.io.netty.channel.nio.NioEventLoop.run(NioEventLoop.java:458)
	at org.apache.ratis.thirdparty.io.netty.util.concurrent.SingleThreadEventExecutor$5.run(SingleThreadEventExecutor.java:897)
	at org.apache.ratis.thirdparty.io.netty.util.concurrent.FastThreadLocalRunnable.run(FastThreadLocalRunnable.java:30)
	... 1 more
Caused by: java.net.ConnectException: Connection refused
	... 11 more
2019-11-15 03:52:44,280 [8c6299e1-e84a-4bf3-8558-225b6553f707@group-7A2BC8E9B85B-LeaderElection89] INFO  impl.LeaderElection (LeaderElection.java:logAndReturn(56)) - 8c6299e1-e84a-4bf3-8558-225b6553f707@group-7A2BC8E9B85B-LeaderElection89: Election REJECTED; received 0 response(s) [] and 2 exception(s); 8c6299e1-e84a-4bf3-8558-225b6553f707@group-7A2BC8E9B85B:t6, leader=null, voted=8c6299e1-e84a-4bf3-8558-225b6553f707, raftlog=8c6299e1-e84a-4bf3-8558-225b6553f707@group-7A2BC8E9B85B-SegmentedRaftLog:OPENED:c2,f2,i2, conf=1: [8c6299e1-e84a-4bf3-8558-225b6553f707:192.168.157.206:40623, 3b6a93a1-3acb-43ad-9bac-2b83b325636a:192.168.157.206:37982, fae849f2-b585-4c8d-a748-375fffce3265:192.168.157.206:39095], old=null
2019-11-15 03:52:44,280 [8c6299e1-e84a-4bf3-8558-225b6553f707@group-7A2BC8E9B85B-LeaderElection89] INFO  impl.LeaderElection (LogUtils.java:infoOrTrace(149)) -   Exception 0: {}
java.util.concurrent.ExecutionException: org.apache.ratis.thirdparty.io.grpc.StatusRuntimeException: UNAVAILABLE: io exception
	at java.util.concurrent.FutureTask.report(FutureTask.java:122)
	at java.util.concurrent.FutureTask.get(FutureTask.java:192)
	at org.apache.ratis.server.impl.LeaderElection.waitForResults(LeaderElection.java:259)
	at org.apache.ratis.server.impl.LeaderElection.askForVotes(LeaderElection.java:197)
	at org.apache.ratis.server.impl.LeaderElection.run(LeaderElection.java:133)
	at java.lang.Thread.run(Thread.java:748)
Caused by: org.apache.ratis.thirdparty.io.grpc.StatusRuntimeException: UNAVAILABLE: io exception
	at org.apache.ratis.thirdparty.io.grpc.stub.ClientCalls.toStatusRuntimeException(ClientCalls.java:233)
	at org.apache.ratis.thirdparty.io.grpc.stub.ClientCalls.getUnchecked(ClientCalls.java:214)
	at org.apache.ratis.thirdparty.io.grpc.stub.ClientCalls.blockingUnaryCall(ClientCalls.java:139)
	at org.apache.ratis.proto.grpc.RaftServerProtocolServiceGrpc$RaftServerProtocolServiceBlockingStub.requestVote(RaftServerProtocolServiceGrpc.java:265)
	at org.apache.ratis.grpc.server.GrpcServerProtocolClient.requestVote(GrpcServerProtocolClient.java:99)
	at org.apache.ratis.grpc.server.GrpcService.requestVote(GrpcService.java:204)
	at org.apache.ratis.server.impl.LeaderElection.lambda$submitRequests$1(LeaderElection.java:234)
	at java.util.concurrent.FutureTask.run(FutureTask.java:266)
	at java.util.concurrent.Executors$RunnableAdapter.call(Executors.java:511)
	at java.util.concurrent.FutureTask.run(FutureTask.java:266)
	at java.util.concurrent.ThreadPoolExecutor.runWorker(ThreadPoolExecutor.java:1149)
	at java.util.concurrent.ThreadPoolExecutor$Worker.run(ThreadPoolExecutor.java:624)
	... 1 more
Caused by: org.apache.ratis.thirdparty.io.netty.channel.AbstractChannel$AnnotatedConnectException: Connection refused: /192.168.157.206:39095
	at sun.nio.ch.SocketChannelImpl.checkConnect(Native Method)
	at sun.nio.ch.SocketChannelImpl.finishConnect(SocketChannelImpl.java:717)
	at org.apache.ratis.thirdparty.io.netty.channel.socket.nio.NioSocketChannel.doFinishConnect(NioSocketChannel.java:327)
	at org.apache.ratis.thirdparty.io.netty.channel.nio.AbstractNioChannel$AbstractNioUnsafe.finishConnect(AbstractNioChannel.java:340)
	at org.apache.ratis.thirdparty.io.netty.channel.nio.NioEventLoop.processSelectedKey(NioEventLoop.java:632)
	at org.apache.ratis.thirdparty.io.netty.channel.nio.NioEventLoop.processSelectedKeysOptimized(NioEventLoop.java:579)
	at org.apache.ratis.thirdparty.io.netty.channel.nio.NioEventLoop.processSelectedKeys(NioEventLoop.java:496)
	at org.apache.ratis.thirdparty.io.netty.channel.nio.NioEventLoop.run(NioEventLoop.java:458)
	at org.apache.ratis.thirdparty.io.netty.util.concurrent.SingleThreadEventExecutor$5.run(SingleThreadEventExecutor.java:897)
	at org.apache.ratis.thirdparty.io.netty.util.concurrent.FastThreadLocalRunnable.run(FastThreadLocalRunnable.java:30)
	... 1 more
Caused by: java.net.ConnectException: Connection refused
	... 11 more
2019-11-15 03:52:44,281 [8c6299e1-e84a-4bf3-8558-225b6553f707@group-7A2BC8E9B85B-LeaderElection89] INFO  impl.LeaderElection (LogUtils.java:infoOrTrace(149)) -   Exception 1: {}
java.util.concurrent.ExecutionException: org.apache.ratis.thirdparty.io.grpc.StatusRuntimeException: UNAVAILABLE: io exception
	at java.util.concurrent.FutureTask.report(FutureTask.java:122)
	at java.util.concurrent.FutureTask.get(FutureTask.java:192)
	at org.apache.ratis.server.impl.LeaderElection.waitForResults(LeaderElection.java:259)
	at org.apache.ratis.server.impl.LeaderElection.askForVotes(LeaderElection.java:197)
	at org.apache.ratis.server.impl.LeaderElection.run(LeaderElection.java:133)
	at java.lang.Thread.run(Thread.java:748)
Caused by: org.apache.ratis.thirdparty.io.grpc.StatusRuntimeException: UNAVAILABLE: io exception
	at org.apache.ratis.thirdparty.io.grpc.stub.ClientCalls.toStatusRuntimeException(ClientCalls.java:233)
	at org.apache.ratis.thirdparty.io.grpc.stub.ClientCalls.getUnchecked(ClientCalls.java:214)
	at org.apache.ratis.thirdparty.io.grpc.stub.ClientCalls.blockingUnaryCall(ClientCalls.java:139)
	at org.apache.ratis.proto.grpc.RaftServerProtocolServiceGrpc$RaftServerProtocolServiceBlockingStub.requestVote(RaftServerProtocolServiceGrpc.java:265)
	at org.apache.ratis.grpc.server.GrpcServerProtocolClient.requestVote(GrpcServerProtocolClient.java:99)
	at org.apache.ratis.grpc.server.GrpcService.requestVote(GrpcService.java:204)
	at org.apache.ratis.server.impl.LeaderElection.lambda$submitRequests$1(LeaderElection.java:234)
	at java.util.concurrent.FutureTask.run(FutureTask.java:266)
	at java.util.concurrent.Executors$RunnableAdapter.call(Executors.java:511)
	at java.util.concurrent.FutureTask.run(FutureTask.java:266)
	at java.util.concurrent.ThreadPoolExecutor.runWorker(ThreadPoolExecutor.java:1149)
	at java.util.concurrent.ThreadPoolExecutor$Worker.run(ThreadPoolExecutor.java:624)
	... 1 more
Caused by: org.apache.ratis.thirdparty.io.netty.channel.AbstractChannel$AnnotatedConnectException: Connection refused: /192.168.157.206:37982
	at sun.nio.ch.SocketChannelImpl.checkConnect(Native Method)
	at sun.nio.ch.SocketChannelImpl.finishConnect(SocketChannelImpl.java:717)
	at org.apache.ratis.thirdparty.io.netty.channel.socket.nio.NioSocketChannel.doFinishConnect(NioSocketChannel.java:327)
	at org.apache.ratis.thirdparty.io.netty.channel.nio.AbstractNioChannel$AbstractNioUnsafe.finishConnect(AbstractNioChannel.java:340)
	at org.apache.ratis.thirdparty.io.netty.channel.nio.NioEventLoop.processSelectedKey(NioEventLoop.java:632)
	at org.apache.ratis.thirdparty.io.netty.channel.nio.NioEventLoop.processSelectedKeysOptimized(NioEventLoop.java:579)
	at org.apache.ratis.thirdparty.io.netty.channel.nio.NioEventLoop.processSelectedKeys(NioEventLoop.java:496)
	at org.apache.ratis.thirdparty.io.netty.channel.nio.NioEventLoop.run(NioEventLoop.java:458)
	at org.apache.ratis.thirdparty.io.netty.util.concurrent.SingleThreadEventExecutor$5.run(SingleThreadEventExecutor.java:897)
	at org.apache.ratis.thirdparty.io.netty.util.concurrent.FastThreadLocalRunnable.run(FastThreadLocalRunnable.java:30)
	... 1 more
Caused by: java.net.ConnectException: Connection refused
	... 11 more
2019-11-15 03:52:44,281 [8c6299e1-e84a-4bf3-8558-225b6553f707@group-7A2BC8E9B85B-LeaderElection89] INFO  impl.RaftServerImpl (RaftServerImpl.java:setRole(173)) - 8c6299e1-e84a-4bf3-8558-225b6553f707@group-7A2BC8E9B85B: changes role from CANDIDATE to FOLLOWER at term 6 for DISCOVERED_A_NEW_TERM
2019-11-15 03:52:44,281 [8c6299e1-e84a-4bf3-8558-225b6553f707@group-7A2BC8E9B85B-LeaderElection89] INFO  impl.RoleInfo (RoleInfo.java:shutdownLeaderElection(134)) - 8c6299e1-e84a-4bf3-8558-225b6553f707: shutdown LeaderElection
2019-11-15 03:52:44,281 [8c6299e1-e84a-4bf3-8558-225b6553f707@group-7A2BC8E9B85B-LeaderElection89] INFO  impl.RoleInfo (RoleInfo.java:updateAndGet(143)) - 8c6299e1-e84a-4bf3-8558-225b6553f707: start FollowerState
2019-11-15 03:52:44,449 [main] INFO  ozoneimpl.OzoneContainer (OzoneContainer.java:stop(244)) - Attempting to stop container services.
2019-11-15 03:52:44,449 [ForkJoinPool.commonPool-worker-1] INFO  ozoneimpl.OzoneContainer (OzoneContainer.java:stop(244)) - Attempting to stop container services.
2019-11-15 03:52:44,450 [main] INFO  impl.RaftServerProxy (RaftServerProxy.java:lambda$close$4(314)) - 8c6299e1-e84a-4bf3-8558-225b6553f707: close
2019-11-15 03:52:44,450 [ForkJoinPool.commonPool-worker-1] INFO  impl.RaftServerProxy (RaftServerProxy.java:lambda$close$4(314)) - b5c8e6ac-78cf-4415-8687-784dd9b9d9de: close
2019-11-15 03:52:44,450 [ForkJoinPool.commonPool-worker-1] INFO  impl.RaftServerImpl (RaftServerImpl.java:lambda$shutdown$3(250)) - b5c8e6ac-78cf-4415-8687-784dd9b9d9de@group-4D691BF5A7B5: shutdown
2019-11-15 03:52:44,450 [main] INFO  impl.RaftServerImpl (RaftServerImpl.java:lambda$shutdown$3(250)) - 8c6299e1-e84a-4bf3-8558-225b6553f707@group-7A2BC8E9B85B: shutdown
2019-11-15 03:52:44,450 [ForkJoinPool.commonPool-worker-1] INFO  util.JmxRegister (JmxRegister.java:unregister(73)) - Successfully un-registered JMX Bean with object name Ratis:service=RaftServer,group=group-4D691BF5A7B5,id=b5c8e6ac-78cf-4415-8687-784dd9b9d9de
2019-11-15 03:52:44,451 [main] INFO  util.JmxRegister (JmxRegister.java:unregister(73)) - Successfully un-registered JMX Bean with object name Ratis:service=RaftServer,group=group-7A2BC8E9B85B,id=8c6299e1-e84a-4bf3-8558-225b6553f707
2019-11-15 03:52:44,451 [ForkJoinPool.commonPool-worker-1] INFO  impl.RoleInfo (RoleInfo.java:shutdownLeaderState(104)) - b5c8e6ac-78cf-4415-8687-784dd9b9d9de: shutdown LeaderState
2019-11-15 03:52:44,451 [main] INFO  impl.RoleInfo (RoleInfo.java:shutdownFollowerState(121)) - 8c6299e1-e84a-4bf3-8558-225b6553f707: shutdown FollowerState
2019-11-15 03:52:44,457 [org.apache.ratis.server.impl.LogAppender$AppenderDaemon$$Lambda$472/1422379056@de9d055] WARN  server.GrpcLogAppender (GrpcLogAppender.java:mayWait(151)) - b5c8e6ac-78cf-4415-8687-784dd9b9d9de@group-4D691BF5A7B5->09eef956-613c-46b0-8e56-22120e832e77-GrpcLogAppender: Wait interrupted by java.lang.InterruptedException
2019-11-15 03:52:44,457 [org.apache.ratis.server.impl.LogAppender$AppenderDaemon$$Lambda$472/1422379056@601543ba] WARN  server.GrpcLogAppender (GrpcLogAppender.java:mayWait(151)) - b5c8e6ac-78cf-4415-8687-784dd9b9d9de@group-4D691BF5A7B5->2d1b9a28-4ed6-4518-a989-fb5d866f5618-GrpcLogAppender: Wait interrupted by java.lang.InterruptedException
2019-11-15 03:52:44,457 [ForkJoinPool.commonPool-worker-1] INFO  impl.PendingRequests (PendingRequests.java:sendNotLeaderResponses(206)) - b5c8e6ac-78cf-4415-8687-784dd9b9d9de@group-4D691BF5A7B5-PendingRequests: sendNotLeaderResponses
2019-11-15 03:52:44,458 [Thread-1956] INFO  impl.FollowerState (FollowerState.java:run(120)) - 8c6299e1-e84a-4bf3-8558-225b6553f707@group-7A2BC8E9B85B-FollowerState was interrupted: java.lang.InterruptedException: sleep interrupted
2019-11-15 03:52:44,458 [main] INFO  impl.StateMachineUpdater (StateMachineUpdater.java:stopAndJoin(136)) - 8c6299e1-e84a-4bf3-8558-225b6553f707@group-7A2BC8E9B85B-StateMachineUpdater: set stopIndex = 2
2019-11-15 03:52:44,459 [ForkJoinPool.commonPool-worker-1] INFO  impl.StateMachineUpdater (StateMachineUpdater.java:stopAndJoin(136)) - b5c8e6ac-78cf-4415-8687-784dd9b9d9de@group-4D691BF5A7B5-StateMachineUpdater: set stopIndex = 2
2019-11-15 03:52:44,460 [ForkJoinPool.commonPool-worker-1] INFO  impl.RaftServerImpl (ServerState.java:close(387)) - b5c8e6ac-78cf-4415-8687-784dd9b9d9de@group-4D691BF5A7B5: closes. applyIndex: 2
2019-11-15 03:52:44,460 [main] INFO  impl.RaftServerImpl (ServerState.java:close(387)) - 8c6299e1-e84a-4bf3-8558-225b6553f707@group-7A2BC8E9B85B: closes. applyIndex: 2
2019-11-15 03:52:44,460 [b5c8e6ac-78cf-4415-8687-784dd9b9d9de@group-4D691BF5A7B5-SegmentedRaftLogWorker] INFO  segmented.SegmentedRaftLogWorker (SegmentedRaftLogWorker.java:run(316)) - b5c8e6ac-78cf-4415-8687-784dd9b9d9de@group-4D691BF5A7B5-SegmentedRaftLogWorker was interrupted, exiting. There are 0 tasks remaining in the queue.
2019-11-15 03:52:44,460 [grpc-default-executor-5] INFO  server.GrpcServerProtocolService (GrpcServerProtocolService.java:onCompleted(113)) - 09eef956-613c-46b0-8e56-22120e832e77: Completed APPEND_ENTRIES, lastRequest: b5c8e6ac-78cf-4415-8687-784dd9b9d9de->09eef956-613c-46b0-8e56-22120e832e77#29-t2, previous=(t:2, i:2), leaderCommit=2, initializing? false, entries: <empty>
2019-11-15 03:52:44,461 [8c6299e1-e84a-4bf3-8558-225b6553f707@group-7A2BC8E9B85B-SegmentedRaftLogWorker] INFO  segmented.SegmentedRaftLogWorker (SegmentedRaftLogWorker.java:run(316)) - 8c6299e1-e84a-4bf3-8558-225b6553f707@group-7A2BC8E9B85B-SegmentedRaftLogWorker was interrupted, exiting. There are 0 tasks remaining in the queue.
2019-11-15 03:52:44,461 [ForkJoinPool.commonPool-worker-1] INFO  segmented.SegmentedRaftLogWorker (SegmentedRaftLogWorker.java:close(224)) - b5c8e6ac-78cf-4415-8687-784dd9b9d9de@group-4D691BF5A7B5-SegmentedRaftLogWorker close()
2019-11-15 03:52:44,462 [main] INFO  segmented.SegmentedRaftLogWorker (SegmentedRaftLogWorker.java:close(224)) - 8c6299e1-e84a-4bf3-8558-225b6553f707@group-7A2BC8E9B85B-SegmentedRaftLogWorker close()
2019-11-15 03:52:44,464 [ForkJoinPool.commonPool-worker-1] INFO  impl.RaftServerImpl (RaftServerImpl.java:lambda$shutdown$3(250)) - b5c8e6ac-78cf-4415-8687-784dd9b9d9de@group-3B732DF8B222: shutdown
2019-11-15 03:52:44,467 [main] INFO  impl.RaftServerImpl (RaftServerImpl.java:lambda$shutdown$3(250)) - 8c6299e1-e84a-4bf3-8558-225b6553f707@group-38F0CD71F996: shutdown
2019-11-15 03:52:44,467 [ForkJoinPool.commonPool-worker-1] INFO  util.JmxRegister (JmxRegister.java:unregister(73)) - Successfully un-registered JMX Bean with object name Ratis:service=RaftServer,group=group-3B732DF8B222,id=b5c8e6ac-78cf-4415-8687-784dd9b9d9de
2019-11-15 03:52:44,468 [grpc-default-executor-5] INFO  server.GrpcLogAppender (GrpcLogAppender.java:onCompleted(308)) - b5c8e6ac-78cf-4415-8687-784dd9b9d9de@group-4D691BF5A7B5->09eef956-613c-46b0-8e56-22120e832e77-AppendLogResponseHandler: follower responses appendEntries COMPLETED
2019-11-15 03:52:44,468 [main] INFO  util.JmxRegister (JmxRegister.java:unregister(73)) - Successfully un-registered JMX Bean with object name Ratis:service=RaftServer,group=group-38F0CD71F996,id=8c6299e1-e84a-4bf3-8558-225b6553f707
2019-11-15 03:52:44,468 [ForkJoinPool.commonPool-worker-1] INFO  impl.RoleInfo (RoleInfo.java:shutdownLeaderState(104)) - b5c8e6ac-78cf-4415-8687-784dd9b9d9de: shutdown LeaderState
2019-11-15 03:52:44,469 [main] INFO  impl.RoleInfo (RoleInfo.java:shutdownLeaderState(104)) - 8c6299e1-e84a-4bf3-8558-225b6553f707: shutdown LeaderState
2019-11-15 03:52:44,469 [ForkJoinPool.commonPool-worker-1] INFO  impl.PendingRequests (PendingRequests.java:sendNotLeaderResponses(206)) - b5c8e6ac-78cf-4415-8687-784dd9b9d9de@group-3B732DF8B222-PendingRequests: sendNotLeaderResponses
2019-11-15 03:52:44,469 [grpc-default-executor-5] INFO  impl.FollowerInfo (FollowerInfo.java:lambda$new$0(51)) - b5c8e6ac-78cf-4415-8687-784dd9b9d9de@group-4D691BF5A7B5->09eef956-613c-46b0-8e56-22120e832e77: nextIndex: updateUnconditionally 3 -> 2
2019-11-15 03:52:44,469 [ForkJoinPool.commonPool-worker-1] INFO  impl.StateMachineUpdater (StateMachineUpdater.java:stopAndJoin(136)) - b5c8e6ac-78cf-4415-8687-784dd9b9d9de@group-3B732DF8B222-StateMachineUpdater: set stopIndex = 0
2019-11-15 03:52:44,469 [main] INFO  impl.PendingRequests (PendingRequests.java:sendNotLeaderResponses(206)) - 8c6299e1-e84a-4bf3-8558-225b6553f707@group-38F0CD71F996-PendingRequests: sendNotLeaderResponses
2019-11-15 03:52:44,470 [ForkJoinPool.commonPool-worker-1] INFO  impl.RaftServerImpl (ServerState.java:close(387)) - b5c8e6ac-78cf-4415-8687-784dd9b9d9de@group-3B732DF8B222: closes. applyIndex: 0
2019-11-15 03:52:44,470 [main] INFO  impl.StateMachineUpdater (StateMachineUpdater.java:stopAndJoin(136)) - 8c6299e1-e84a-4bf3-8558-225b6553f707@group-38F0CD71F996-StateMachineUpdater: set stopIndex = 0
2019-11-15 03:52:44,471 [b5c8e6ac-78cf-4415-8687-784dd9b9d9de@group-3B732DF8B222-SegmentedRaftLogWorker] INFO  segmented.SegmentedRaftLogWorker (SegmentedRaftLogWorker.java:run(316)) - b5c8e6ac-78cf-4415-8687-784dd9b9d9de@group-3B732DF8B222-SegmentedRaftLogWorker was interrupted, exiting. There are 0 tasks remaining in the queue.
2019-11-15 03:52:44,471 [main] INFO  impl.RaftServerImpl (ServerState.java:close(387)) - 8c6299e1-e84a-4bf3-8558-225b6553f707@group-38F0CD71F996: closes. applyIndex: 0
2019-11-15 03:52:44,471 [ForkJoinPool.commonPool-worker-1] INFO  segmented.SegmentedRaftLogWorker (SegmentedRaftLogWorker.java:close(224)) - b5c8e6ac-78cf-4415-8687-784dd9b9d9de@group-3B732DF8B222-SegmentedRaftLogWorker close()
2019-11-15 03:52:44,471 [8c6299e1-e84a-4bf3-8558-225b6553f707@group-38F0CD71F996-SegmentedRaftLogWorker] INFO  segmented.SegmentedRaftLogWorker (SegmentedRaftLogWorker.java:run(316)) - 8c6299e1-e84a-4bf3-8558-225b6553f707@group-38F0CD71F996-SegmentedRaftLogWorker was interrupted, exiting. There are 0 tasks remaining in the queue.
2019-11-15 03:52:44,471 [ForkJoinPool.commonPool-worker-1] INFO  server.GrpcService (GrpcService.java:closeImpl(164)) - b5c8e6ac-78cf-4415-8687-784dd9b9d9de: shutdown server with port 35928 now
2019-11-15 03:52:44,474 [main] INFO  segmented.SegmentedRaftLogWorker (SegmentedRaftLogWorker.java:close(224)) - 8c6299e1-e84a-4bf3-8558-225b6553f707@group-38F0CD71F996-SegmentedRaftLogWorker close()
2019-11-15 03:52:44,475 [main] INFO  server.GrpcService (GrpcService.java:closeImpl(164)) - 8c6299e1-e84a-4bf3-8558-225b6553f707: shutdown server with port 40623 now
2019-11-15 03:52:44,475 [ForkJoinPool.commonPool-worker-1] INFO  server.GrpcService (GrpcService.java:closeImpl(172)) - b5c8e6ac-78cf-4415-8687-784dd9b9d9de: shutdown server with port 35928 successfully
2019-11-15 03:52:44,475 [main] INFO  server.GrpcService (GrpcService.java:closeImpl(172)) - 8c6299e1-e84a-4bf3-8558-225b6553f707: shutdown server with port 40623 successfully
2019-11-15 03:52:44,479 [refreshUsed-/workdir/hadoop-ozone/integration-test/target/test-dir/MiniOzoneClusterImpl-7bc5bb7c-5c55-4645-ae41-72269081a146/datanode-9/data/containers] WARN  fs.CachingGetSpaceUsed (CachingGetSpaceUsed.java:run(183)) - Thread Interrupted waiting to refresh disk information: sleep interrupted
2019-11-15 03:52:44,487 [refreshUsed-/workdir/hadoop-ozone/integration-test/target/test-dir/MiniOzoneClusterImpl-7bc5bb7c-5c55-4645-ae41-72269081a146/datanode-0/data/containers] WARN  fs.CachingGetSpaceUsed (CachingGetSpaceUsed.java:run(183)) - Thread Interrupted waiting to refresh disk information: sleep interrupted
2019-11-15 03:52:44,501 [main] INFO  utils.BackgroundService (BackgroundService.java:shutdown(151)) - Shutting down service BlockDeletingService
2019-11-15 03:52:44,504 [main] INFO  statemachine.DatanodeStateMachine (DatanodeStateMachine.java:stopDaemon(400)) - Ozone container server stopped.
2019-11-15 03:52:44,506 [ForkJoinPool.commonPool-worker-1] INFO  utils.BackgroundService (BackgroundService.java:shutdown(151)) - Shutting down service BlockDeletingService
2019-11-15 03:52:44,506 [main] INFO  handler.ContextHandler (ContextHandler.java:doStop(910)) - Stopped o.e.j.w.WebAppContext@4816ee24{/,null,UNAVAILABLE}{/hddsDatanode}
2019-11-15 03:52:44,510 [ForkJoinPool.commonPool-worker-1] INFO  statemachine.DatanodeStateMachine (DatanodeStateMachine.java:stopDaemon(400)) - Ozone container server stopped.
2019-11-15 03:52:44,512 [main] INFO  server.AbstractConnector (AbstractConnector.java:doStop(318)) - Stopped ServerConnector@20d33ea{HTTP/1.1,[http/1.1]}{0.0.0.0:0}
2019-11-15 03:52:44,513 [ForkJoinPool.commonPool-worker-1] INFO  handler.ContextHandler (ContextHandler.java:doStop(910)) - Stopped o.e.j.w.WebAppContext@2954f6ab{/,null,UNAVAILABLE}{/hddsDatanode}
2019-11-15 03:52:44,513 [main] INFO  handler.ContextHandler (ContextHandler.java:doStop(910)) - Stopped o.e.j.s.ServletContextHandler@86d6bf7{/static,jar:file:/home/user/.m2/repository/org/apache/hadoop/hadoop-hdds-container-service/0.5.0-SNAPSHOT/hadoop-hdds-container-service-0.5.0-SNAPSHOT.jar!/webapps/static,UNAVAILABLE}
2019-11-15 03:52:44,513 [main] INFO  handler.ContextHandler (ContextHandler.java:doStop(910)) - Stopped o.e.j.s.ServletContextHandler@17fede14{/logs,file:///workdir/hadoop-ozone/integration-test/target/log,UNAVAILABLE}
2019-11-15 03:52:44,513 [ForkJoinPool.commonPool-worker-1] INFO  server.AbstractConnector (AbstractConnector.java:doStop(318)) - Stopped ServerConnector@58fbd02e{HTTP/1.1,[http/1.1]}{0.0.0.0:0}
2019-11-15 03:52:44,513 [ForkJoinPool.commonPool-worker-1] INFO  handler.ContextHandler (ContextHandler.java:doStop(910)) - Stopped o.e.j.s.ServletContextHandler@38b3f208{/static,jar:file:/home/user/.m2/repository/org/apache/hadoop/hadoop-hdds-container-service/0.5.0-SNAPSHOT/hadoop-hdds-container-service-0.5.0-SNAPSHOT.jar!/webapps/static,UNAVAILABLE}
2019-11-15 03:52:44,514 [ForkJoinPool.commonPool-worker-1] INFO  handler.ContextHandler (ContextHandler.java:doStop(910)) - Stopped o.e.j.s.ServletContextHandler@b67cc70{/logs,file:///workdir/hadoop-ozone/integration-test/target/log,UNAVAILABLE}
2019-11-15 03:52:44,563 [grpc-default-executor-9] WARN  server.GrpcLogAppender (LogUtils.java:warn(134)) - 1f296aea-c4ef-4ad0-bd70-4536dedd0da2@group-4E4984C096D6->32349214-85e6-49cf-bb69-05e83393fdf3-AppendLogResponseHandler: Failed appendEntries: org.apache.ratis.thirdparty.io.grpc.StatusRuntimeException: UNAVAILABLE: io exception
2019-11-15 03:52:44,564 [grpc-default-executor-4] WARN  server.GrpcLogAppender (LogUtils.java:warn(134)) - 1f296aea-c4ef-4ad0-bd70-4536dedd0da2@group-4E4984C096D6->43077e3c-832c-4164-9ae4-420ca2301748-AppendLogResponseHandler: Failed appendEntries: org.apache.ratis.thirdparty.io.grpc.StatusRuntimeException: UNAVAILABLE: io exception
2019-11-15 03:52:44,564 [grpc-default-executor-9] INFO  impl.FollowerInfo (FollowerInfo.java:lambda$new$0(51)) - 1f296aea-c4ef-4ad0-bd70-4536dedd0da2@group-4E4984C096D6->32349214-85e6-49cf-bb69-05e83393fdf3: nextIndex: updateUnconditionally 0 -> 0
2019-11-15 03:52:44,564 [grpc-default-executor-4] INFO  impl.FollowerInfo (FollowerInfo.java:lambda$new$0(51)) - 1f296aea-c4ef-4ad0-bd70-4536dedd0da2@group-4E4984C096D6->43077e3c-832c-4164-9ae4-420ca2301748: nextIndex: updateUnconditionally 0 -> 0
2019-11-15 03:52:45,064 [grpc-default-executor-5] WARN  server.GrpcLogAppender (LogUtils.java:warn(134)) - 1f296aea-c4ef-4ad0-bd70-4536dedd0da2@group-4E4984C096D6->43077e3c-832c-4164-9ae4-420ca2301748-AppendLogResponseHandler: Failed appendEntries: org.apache.ratis.thirdparty.io.grpc.StatusRuntimeException: UNAVAILABLE: io exception
2019-11-15 03:52:45,064 [grpc-default-executor-4] WARN  server.GrpcLogAppender (LogUtils.java:warn(134)) - 1f296aea-c4ef-4ad0-bd70-4536dedd0da2@group-4E4984C096D6->32349214-85e6-49cf-bb69-05e83393fdf3-AppendLogResponseHandler: Failed appendEntries: org.apache.ratis.thirdparty.io.grpc.StatusRuntimeException: UNAVAILABLE: io exception
2019-11-15 03:52:45,065 [grpc-default-executor-5] INFO  impl.FollowerInfo (FollowerInfo.java:lambda$new$0(51)) - 1f296aea-c4ef-4ad0-bd70-4536dedd0da2@group-4E4984C096D6->43077e3c-832c-4164-9ae4-420ca2301748: nextIndex: updateUnconditionally 0 -> 0
2019-11-15 03:52:45,065 [grpc-default-executor-4] INFO  impl.FollowerInfo (FollowerInfo.java:lambda$new$0(51)) - 1f296aea-c4ef-4ad0-bd70-4536dedd0da2@group-4E4984C096D6->32349214-85e6-49cf-bb69-05e83393fdf3: nextIndex: updateUnconditionally 0 -> 0
2019-11-15 03:52:45,341 [Datanode State Machine Thread - 0] INFO  statemachine.DatanodeStateMachine (DatanodeStateMachine.java:lambda$startDaemon$0(355)) - Ozone container server started.
2019-11-15 03:52:45,409 [Datanode State Machine Thread - 0] INFO  statemachine.DatanodeStateMachine (DatanodeStateMachine.java:lambda$startDaemon$0(355)) - Ozone container server started.
2019-11-15 03:52:45,565 [grpc-default-executor-9] WARN  server.GrpcLogAppender (LogUtils.java:warn(134)) - 1f296aea-c4ef-4ad0-bd70-4536dedd0da2@group-4E4984C096D6->43077e3c-832c-4164-9ae4-420ca2301748-AppendLogResponseHandler: Failed appendEntries: org.apache.ratis.thirdparty.io.grpc.StatusRuntimeException: UNAVAILABLE: io exception
2019-11-15 03:52:45,565 [grpc-default-executor-0] WARN  server.GrpcLogAppender (LogUtils.java:warn(134)) - 1f296aea-c4ef-4ad0-bd70-4536dedd0da2@group-4E4984C096D6->32349214-85e6-49cf-bb69-05e83393fdf3-AppendLogResponseHandler: Failed appendEntries: org.apache.ratis.thirdparty.io.grpc.StatusRuntimeException: UNAVAILABLE: io exception
2019-11-15 03:52:45,566 [grpc-default-executor-9] INFO  impl.FollowerInfo (FollowerInfo.java:lambda$new$0(51)) - 1f296aea-c4ef-4ad0-bd70-4536dedd0da2@group-4E4984C096D6->43077e3c-832c-4164-9ae4-420ca2301748: nextIndex: updateUnconditionally 0 -> 0
2019-11-15 03:52:45,566 [grpc-default-executor-0] INFO  impl.FollowerInfo (FollowerInfo.java:lambda$new$0(51)) - 1f296aea-c4ef-4ad0-bd70-4536dedd0da2@group-4E4984C096D6->32349214-85e6-49cf-bb69-05e83393fdf3: nextIndex: updateUnconditionally 0 -> 0
2019-11-15 03:52:46,066 [grpc-default-executor-9] WARN  server.GrpcLogAppender (LogUtils.java:warn(134)) - 1f296aea-c4ef-4ad0-bd70-4536dedd0da2@group-4E4984C096D6->32349214-85e6-49cf-bb69-05e83393fdf3-AppendLogResponseHandler: Failed appendEntries: org.apache.ratis.thirdparty.io.grpc.StatusRuntimeException: UNAVAILABLE: io exception
2019-11-15 03:52:46,066 [grpc-default-executor-0] WARN  server.GrpcLogAppender (LogUtils.java:warn(134)) - 1f296aea-c4ef-4ad0-bd70-4536dedd0da2@group-4E4984C096D6->43077e3c-832c-4164-9ae4-420ca2301748-AppendLogResponseHandler: Failed appendEntries: org.apache.ratis.thirdparty.io.grpc.StatusRuntimeException: UNAVAILABLE: io exception
2019-11-15 03:52:46,066 [grpc-default-executor-9] INFO  impl.FollowerInfo (FollowerInfo.java:lambda$new$0(51)) - 1f296aea-c4ef-4ad0-bd70-4536dedd0da2@group-4E4984C096D6->32349214-85e6-49cf-bb69-05e83393fdf3: nextIndex: updateUnconditionally 0 -> 0
2019-11-15 03:52:46,066 [grpc-default-executor-0] INFO  impl.FollowerInfo (FollowerInfo.java:lambda$new$0(51)) - 1f296aea-c4ef-4ad0-bd70-4536dedd0da2@group-4E4984C096D6->43077e3c-832c-4164-9ae4-420ca2301748: nextIndex: updateUnconditionally 0 -> 0
2019-11-15 03:52:46,109 [Thread-1873] INFO  impl.FollowerState (FollowerState.java:run(111)) - 09eef956-613c-46b0-8e56-22120e832e77@group-4D691BF5A7B5-FollowerState: change to CANDIDATE, lastRpcTime:2054ms, electionTimeout:1126ms
2019-11-15 03:52:46,109 [Thread-1873] INFO  impl.RoleInfo (RoleInfo.java:shutdownFollowerState(121)) - 09eef956-613c-46b0-8e56-22120e832e77: shutdown FollowerState
2019-11-15 03:52:46,109 [Thread-1873] INFO  impl.RaftServerImpl (RaftServerImpl.java:setRole(173)) - 09eef956-613c-46b0-8e56-22120e832e77@group-4D691BF5A7B5: changes role from  FOLLOWER to CANDIDATE at term 2 for changeToCandidate
2019-11-15 03:52:46,109 [Thread-1873] INFO  impl.RoleInfo (RoleInfo.java:updateAndGet(143)) - 09eef956-613c-46b0-8e56-22120e832e77: start LeaderElection
2019-11-15 03:52:46,110 [09eef956-613c-46b0-8e56-22120e832e77@group-4D691BF5A7B5-LeaderElection90] INFO  impl.RaftServerImpl (ServerState.java:setLeader(255)) - 09eef956-613c-46b0-8e56-22120e832e77@group-4D691BF5A7B5: change Leader from b5c8e6ac-78cf-4415-8687-784dd9b9d9de to null at term 2 for initElection
2019-11-15 03:52:46,134 [09eef956-613c-46b0-8e56-22120e832e77@group-4D691BF5A7B5-LeaderElection90] INFO  impl.LeaderElection (LeaderElection.java:askForVotes(178)) - 09eef956-613c-46b0-8e56-22120e832e77@group-4D691BF5A7B5-LeaderElection90: begin an election at term 3 for 1: [b5c8e6ac-78cf-4415-8687-784dd9b9d9de:192.168.157.206:35928, 2d1b9a28-4ed6-4518-a989-fb5d866f5618:192.168.157.206:39845, 09eef956-613c-46b0-8e56-22120e832e77:192.168.157.206:45763], old=null
2019-11-15 03:52:46,136 [09eef956-613c-46b0-8e56-22120e832e77@group-4D691BF5A7B5-LeaderElection90] INFO  impl.LeaderElection (LogUtils.java:infoOrTrace(149)) - 09eef956-613c-46b0-8e56-22120e832e77@group-4D691BF5A7B5-LeaderElection90 got exception when requesting votes: {}
java.util.concurrent.ExecutionException: org.apache.ratis.thirdparty.io.grpc.StatusRuntimeException: UNAVAILABLE: io exception
	at java.util.concurrent.FutureTask.report(FutureTask.java:122)
	at java.util.concurrent.FutureTask.get(FutureTask.java:192)
	at org.apache.ratis.server.impl.LeaderElection.waitForResults(LeaderElection.java:259)
	at org.apache.ratis.server.impl.LeaderElection.askForVotes(LeaderElection.java:197)
	at org.apache.ratis.server.impl.LeaderElection.run(LeaderElection.java:133)
	at java.lang.Thread.run(Thread.java:748)
Caused by: org.apache.ratis.thirdparty.io.grpc.StatusRuntimeException: UNAVAILABLE: io exception
	at org.apache.ratis.thirdparty.io.grpc.stub.ClientCalls.toStatusRuntimeException(ClientCalls.java:233)
	at org.apache.ratis.thirdparty.io.grpc.stub.ClientCalls.getUnchecked(ClientCalls.java:214)
	at org.apache.ratis.thirdparty.io.grpc.stub.ClientCalls.blockingUnaryCall(ClientCalls.java:139)
	at org.apache.ratis.proto.grpc.RaftServerProtocolServiceGrpc$RaftServerProtocolServiceBlockingStub.requestVote(RaftServerProtocolServiceGrpc.java:265)
	at org.apache.ratis.grpc.server.GrpcServerProtocolClient.requestVote(GrpcServerProtocolClient.java:99)
	at org.apache.ratis.grpc.server.GrpcService.requestVote(GrpcService.java:204)
	at org.apache.ratis.server.impl.LeaderElection.lambda$submitRequests$1(LeaderElection.java:234)
	at java.util.concurrent.FutureTask.run(FutureTask.java:266)
	at java.util.concurrent.Executors$RunnableAdapter.call(Executors.java:511)
	at java.util.concurrent.FutureTask.run(FutureTask.java:266)
	at java.util.concurrent.ThreadPoolExecutor.runWorker(ThreadPoolExecutor.java:1149)
	at java.util.concurrent.ThreadPoolExecutor$Worker.run(ThreadPoolExecutor.java:624)
	... 1 more
Caused by: org.apache.ratis.thirdparty.io.netty.channel.AbstractChannel$AnnotatedConnectException: Connection refused: /192.168.157.206:35928
	at sun.nio.ch.SocketChannelImpl.checkConnect(Native Method)
	at sun.nio.ch.SocketChannelImpl.finishConnect(SocketChannelImpl.java:717)
	at org.apache.ratis.thirdparty.io.netty.channel.socket.nio.NioSocketChannel.doFinishConnect(NioSocketChannel.java:327)
	at org.apache.ratis.thirdparty.io.netty.channel.nio.AbstractNioChannel$AbstractNioUnsafe.finishConnect(AbstractNioChannel.java:340)
	at org.apache.ratis.thirdparty.io.netty.channel.nio.NioEventLoop.processSelectedKey(NioEventLoop.java:632)
	at org.apache.ratis.thirdparty.io.netty.channel.nio.NioEventLoop.processSelectedKeysOptimized(NioEventLoop.java:579)
	at org.apache.ratis.thirdparty.io.netty.channel.nio.NioEventLoop.processSelectedKeys(NioEventLoop.java:496)
	at org.apache.ratis.thirdparty.io.netty.channel.nio.NioEventLoop.run(NioEventLoop.java:458)
	at org.apache.ratis.thirdparty.io.netty.util.concurrent.SingleThreadEventExecutor$5.run(SingleThreadEventExecutor.java:897)
	at org.apache.ratis.thirdparty.io.netty.util.concurrent.FastThreadLocalRunnable.run(FastThreadLocalRunnable.java:30)
	... 1 more
Caused by: java.net.ConnectException: Connection refused
	... 11 more
2019-11-15 03:52:46,138 [09eef956-613c-46b0-8e56-22120e832e77@group-4D691BF5A7B5-LeaderElection90] INFO  impl.LeaderElection (LogUtils.java:infoOrTrace(149)) - 09eef956-613c-46b0-8e56-22120e832e77@group-4D691BF5A7B5-LeaderElection90 got exception when requesting votes: {}
java.util.concurrent.ExecutionException: org.apache.ratis.thirdparty.io.grpc.StatusRuntimeException: UNAVAILABLE: io exception
	at java.util.concurrent.FutureTask.report(FutureTask.java:122)
	at java.util.concurrent.FutureTask.get(FutureTask.java:192)
	at org.apache.ratis.server.impl.LeaderElection.waitForResults(LeaderElection.java:259)
	at org.apache.ratis.server.impl.LeaderElection.askForVotes(LeaderElection.java:197)
	at org.apache.ratis.server.impl.LeaderElection.run(LeaderElection.java:133)
	at java.lang.Thread.run(Thread.java:748)
Caused by: org.apache.ratis.thirdparty.io.grpc.StatusRuntimeException: UNAVAILABLE: io exception
	at org.apache.ratis.thirdparty.io.grpc.stub.ClientCalls.toStatusRuntimeException(ClientCalls.java:233)
	at org.apache.ratis.thirdparty.io.grpc.stub.ClientCalls.getUnchecked(ClientCalls.java:214)
	at org.apache.ratis.thirdparty.io.grpc.stub.ClientCalls.blockingUnaryCall(ClientCalls.java:139)
	at org.apache.ratis.proto.grpc.RaftServerProtocolServiceGrpc$RaftServerProtocolServiceBlockingStub.requestVote(RaftServerProtocolServiceGrpc.java:265)
	at org.apache.ratis.grpc.server.GrpcServerProtocolClient.requestVote(GrpcServerProtocolClient.java:99)
	at org.apache.ratis.grpc.server.GrpcService.requestVote(GrpcService.java:204)
	at org.apache.ratis.server.impl.LeaderElection.lambda$submitRequests$1(LeaderElection.java:234)
	at java.util.concurrent.FutureTask.run(FutureTask.java:266)
	at java.util.concurrent.Executors$RunnableAdapter.call(Executors.java:511)
	at java.util.concurrent.FutureTask.run(FutureTask.java:266)
	at java.util.concurrent.ThreadPoolExecutor.runWorker(ThreadPoolExecutor.java:1149)
	at java.util.concurrent.ThreadPoolExecutor$Worker.run(ThreadPoolExecutor.java:624)
	... 1 more
Caused by: org.apache.ratis.thirdparty.io.netty.channel.AbstractChannel$AnnotatedConnectException: Connection refused: /192.168.157.206:39845
	at sun.nio.ch.SocketChannelImpl.checkConnect(Native Method)
	at sun.nio.ch.SocketChannelImpl.finishConnect(SocketChannelImpl.java:717)
	at org.apache.ratis.thirdparty.io.netty.channel.socket.nio.NioSocketChannel.doFinishConnect(NioSocketChannel.java:327)
	at org.apache.ratis.thirdparty.io.netty.channel.nio.AbstractNioChannel$AbstractNioUnsafe.finishConnect(AbstractNioChannel.java:340)
	at org.apache.ratis.thirdparty.io.netty.channel.nio.NioEventLoop.processSelectedKey(NioEventLoop.java:632)
	at org.apache.ratis.thirdparty.io.netty.channel.nio.NioEventLoop.processSelectedKeysOptimized(NioEventLoop.java:579)
	at org.apache.ratis.thirdparty.io.netty.channel.nio.NioEventLoop.processSelectedKeys(NioEventLoop.java:496)
	at org.apache.ratis.thirdparty.io.netty.channel.nio.NioEventLoop.run(NioEventLoop.java:458)
	at org.apache.ratis.thirdparty.io.netty.util.concurrent.SingleThreadEventExecutor$5.run(SingleThreadEventExecutor.java:897)
	at org.apache.ratis.thirdparty.io.netty.util.concurrent.FastThreadLocalRunnable.run(FastThreadLocalRunnable.java:30)
	... 1 more
Caused by: java.net.ConnectException: Connection refused
	... 11 more
2019-11-15 03:52:46,139 [09eef956-613c-46b0-8e56-22120e832e77@group-4D691BF5A7B5-LeaderElection90] INFO  impl.LeaderElection (LeaderElection.java:logAndReturn(56)) - 09eef956-613c-46b0-8e56-22120e832e77@group-4D691BF5A7B5-LeaderElection90: Election REJECTED; received 0 response(s) [] and 2 exception(s); 09eef956-613c-46b0-8e56-22120e832e77@group-4D691BF5A7B5:t3, leader=null, voted=09eef956-613c-46b0-8e56-22120e832e77, raftlog=09eef956-613c-46b0-8e56-22120e832e77@group-4D691BF5A7B5-SegmentedRaftLog:OPENED:c2,f2,i2, conf=1: [b5c8e6ac-78cf-4415-8687-784dd9b9d9de:192.168.157.206:35928, 2d1b9a28-4ed6-4518-a989-fb5d866f5618:192.168.157.206:39845, 09eef956-613c-46b0-8e56-22120e832e77:192.168.157.206:45763], old=null
2019-11-15 03:52:46,139 [09eef956-613c-46b0-8e56-22120e832e77@group-4D691BF5A7B5-LeaderElection90] INFO  impl.LeaderElection (LogUtils.java:infoOrTrace(149)) -   Exception 0: {}
java.util.concurrent.ExecutionException: org.apache.ratis.thirdparty.io.grpc.StatusRuntimeException: UNAVAILABLE: io exception
	at java.util.concurrent.FutureTask.report(FutureTask.java:122)
	at java.util.concurrent.FutureTask.get(FutureTask.java:192)
	at org.apache.ratis.server.impl.LeaderElection.waitForResults(LeaderElection.java:259)
	at org.apache.ratis.server.impl.LeaderElection.askForVotes(LeaderElection.java:197)
	at org.apache.ratis.server.impl.LeaderElection.run(LeaderElection.java:133)
	at java.lang.Thread.run(Thread.java:748)
Caused by: org.apache.ratis.thirdparty.io.grpc.StatusRuntimeException: UNAVAILABLE: io exception
	at org.apache.ratis.thirdparty.io.grpc.stub.ClientCalls.toStatusRuntimeException(ClientCalls.java:233)
	at org.apache.ratis.thirdparty.io.grpc.stub.ClientCalls.getUnchecked(ClientCalls.java:214)
	at org.apache.ratis.thirdparty.io.grpc.stub.ClientCalls.blockingUnaryCall(ClientCalls.java:139)
	at org.apache.ratis.proto.grpc.RaftServerProtocolServiceGrpc$RaftServerProtocolServiceBlockingStub.requestVote(RaftServerProtocolServiceGrpc.java:265)
	at org.apache.ratis.grpc.server.GrpcServerProtocolClient.requestVote(GrpcServerProtocolClient.java:99)
	at org.apache.ratis.grpc.server.GrpcService.requestVote(GrpcService.java:204)
	at org.apache.ratis.server.impl.LeaderElection.lambda$submitRequests$1(LeaderElection.java:234)
	at java.util.concurrent.FutureTask.run(FutureTask.java:266)
	at java.util.concurrent.Executors$RunnableAdapter.call(Executors.java:511)
	at java.util.concurrent.FutureTask.run(FutureTask.java:266)
	at java.util.concurrent.ThreadPoolExecutor.runWorker(ThreadPoolExecutor.java:1149)
	at java.util.concurrent.ThreadPoolExecutor$Worker.run(ThreadPoolExecutor.java:624)
	... 1 more
Caused by: org.apache.ratis.thirdparty.io.netty.channel.AbstractChannel$AnnotatedConnectException: Connection refused: /192.168.157.206:35928
	at sun.nio.ch.SocketChannelImpl.checkConnect(Native Method)
	at sun.nio.ch.SocketChannelImpl.finishConnect(SocketChannelImpl.java:717)
	at org.apache.ratis.thirdparty.io.netty.channel.socket.nio.NioSocketChannel.doFinishConnect(NioSocketChannel.java:327)
	at org.apache.ratis.thirdparty.io.netty.channel.nio.AbstractNioChannel$AbstractNioUnsafe.finishConnect(AbstractNioChannel.java:340)
	at org.apache.ratis.thirdparty.io.netty.channel.nio.NioEventLoop.processSelectedKey(NioEventLoop.java:632)
	at org.apache.ratis.thirdparty.io.netty.channel.nio.NioEventLoop.processSelectedKeysOptimized(NioEventLoop.java:579)
	at org.apache.ratis.thirdparty.io.netty.channel.nio.NioEventLoop.processSelectedKeys(NioEventLoop.java:496)
	at org.apache.ratis.thirdparty.io.netty.channel.nio.NioEventLoop.run(NioEventLoop.java:458)
	at org.apache.ratis.thirdparty.io.netty.util.concurrent.SingleThreadEventExecutor$5.run(SingleThreadEventExecutor.java:897)
	at org.apache.ratis.thirdparty.io.netty.util.concurrent.FastThreadLocalRunnable.run(FastThreadLocalRunnable.java:30)
	... 1 more
Caused by: java.net.ConnectException: Connection refused
	... 11 more
2019-11-15 03:52:46,139 [09eef956-613c-46b0-8e56-22120e832e77@group-4D691BF5A7B5-LeaderElection90] INFO  impl.LeaderElection (LogUtils.java:infoOrTrace(149)) -   Exception 1: {}
java.util.concurrent.ExecutionException: org.apache.ratis.thirdparty.io.grpc.StatusRuntimeException: UNAVAILABLE: io exception
	at java.util.concurrent.FutureTask.report(FutureTask.java:122)
	at java.util.concurrent.FutureTask.get(FutureTask.java:192)
	at org.apache.ratis.server.impl.LeaderElection.waitForResults(LeaderElection.java:259)
	at org.apache.ratis.server.impl.LeaderElection.askForVotes(LeaderElection.java:197)
	at org.apache.ratis.server.impl.LeaderElection.run(LeaderElection.java:133)
	at java.lang.Thread.run(Thread.java:748)
Caused by: org.apache.ratis.thirdparty.io.grpc.StatusRuntimeException: UNAVAILABLE: io exception
	at org.apache.ratis.thirdparty.io.grpc.stub.ClientCalls.toStatusRuntimeException(ClientCalls.java:233)
	at org.apache.ratis.thirdparty.io.grpc.stub.ClientCalls.getUnchecked(ClientCalls.java:214)
	at org.apache.ratis.thirdparty.io.grpc.stub.ClientCalls.blockingUnaryCall(ClientCalls.java:139)
	at org.apache.ratis.proto.grpc.RaftServerProtocolServiceGrpc$RaftServerProtocolServiceBlockingStub.requestVote(RaftServerProtocolServiceGrpc.java:265)
	at org.apache.ratis.grpc.server.GrpcServerProtocolClient.requestVote(GrpcServerProtocolClient.java:99)
	at org.apache.ratis.grpc.server.GrpcService.requestVote(GrpcService.java:204)
	at org.apache.ratis.server.impl.LeaderElection.lambda$submitRequests$1(LeaderElection.java:234)
	at java.util.concurrent.FutureTask.run(FutureTask.java:266)
	at java.util.concurrent.Executors$RunnableAdapter.call(Executors.java:511)
	at java.util.concurrent.FutureTask.run(FutureTask.java:266)
	at java.util.concurrent.ThreadPoolExecutor.runWorker(ThreadPoolExecutor.java:1149)
	at java.util.concurrent.ThreadPoolExecutor$Worker.run(ThreadPoolExecutor.java:624)
	... 1 more
Caused by: org.apache.ratis.thirdparty.io.netty.channel.AbstractChannel$AnnotatedConnectException: Connection refused: /192.168.157.206:39845
	at sun.nio.ch.SocketChannelImpl.checkConnect(Native Method)
	at sun.nio.ch.SocketChannelImpl.finishConnect(SocketChannelImpl.java:717)
	at org.apache.ratis.thirdparty.io.netty.channel.socket.nio.NioSocketChannel.doFinishConnect(NioSocketChannel.java:327)
	at org.apache.ratis.thirdparty.io.netty.channel.nio.AbstractNioChannel$AbstractNioUnsafe.finishConnect(AbstractNioChannel.java:340)
	at org.apache.ratis.thirdparty.io.netty.channel.nio.NioEventLoop.processSelectedKey(NioEventLoop.java:632)
	at org.apache.ratis.thirdparty.io.netty.channel.nio.NioEventLoop.processSelectedKeysOptimized(NioEventLoop.java:579)
	at org.apache.ratis.thirdparty.io.netty.channel.nio.NioEventLoop.processSelectedKeys(NioEventLoop.java:496)
	at org.apache.ratis.thirdparty.io.netty.channel.nio.NioEventLoop.run(NioEventLoop.java:458)
	at org.apache.ratis.thirdparty.io.netty.util.concurrent.SingleThreadEventExecutor$5.run(SingleThreadEventExecutor.java:897)
	at org.apache.ratis.thirdparty.io.netty.util.concurrent.FastThreadLocalRunnable.run(FastThreadLocalRunnable.java:30)
	... 1 more
Caused by: java.net.ConnectException: Connection refused
	... 11 more
2019-11-15 03:52:46,139 [09eef956-613c-46b0-8e56-22120e832e77@group-4D691BF5A7B5-LeaderElection90] INFO  impl.RaftServerImpl (RaftServerImpl.java:setRole(173)) - 09eef956-613c-46b0-8e56-22120e832e77@group-4D691BF5A7B5: changes role from CANDIDATE to FOLLOWER at term 3 for DISCOVERED_A_NEW_TERM
2019-11-15 03:52:46,139 [09eef956-613c-46b0-8e56-22120e832e77@group-4D691BF5A7B5-LeaderElection90] INFO  impl.RoleInfo (RoleInfo.java:shutdownLeaderElection(134)) - 09eef956-613c-46b0-8e56-22120e832e77: shutdown LeaderElection
2019-11-15 03:52:46,139 [09eef956-613c-46b0-8e56-22120e832e77@group-4D691BF5A7B5-LeaderElection90] INFO  impl.RoleInfo (RoleInfo.java:updateAndGet(143)) - 09eef956-613c-46b0-8e56-22120e832e77: start FollowerState
2019-11-15 03:52:46,567 [grpc-default-executor-5] WARN  server.GrpcLogAppender (LogUtils.java:warn(134)) - 1f296aea-c4ef-4ad0-bd70-4536dedd0da2@group-4E4984C096D6->43077e3c-832c-4164-9ae4-420ca2301748-AppendLogResponseHandler: Failed appendEntries: org.apache.ratis.thirdparty.io.grpc.StatusRuntimeException: UNAVAILABLE: io exception
2019-11-15 03:52:46,567 [grpc-default-executor-4] WARN  server.GrpcLogAppender (LogUtils.java:warn(134)) - 1f296aea-c4ef-4ad0-bd70-4536dedd0da2@group-4E4984C096D6->32349214-85e6-49cf-bb69-05e83393fdf3-AppendLogResponseHandler: Failed appendEntries: org.apache.ratis.thirdparty.io.grpc.StatusRuntimeException: UNAVAILABLE: io exception
2019-11-15 03:52:46,567 [grpc-default-executor-5] INFO  impl.FollowerInfo (FollowerInfo.java:lambda$new$0(51)) - 1f296aea-c4ef-4ad0-bd70-4536dedd0da2@group-4E4984C096D6->43077e3c-832c-4164-9ae4-420ca2301748: nextIndex: updateUnconditionally 0 -> 0
2019-11-15 03:52:46,567 [grpc-default-executor-4] INFO  impl.FollowerInfo (FollowerInfo.java:lambda$new$0(51)) - 1f296aea-c4ef-4ad0-bd70-4536dedd0da2@group-4E4984C096D6->32349214-85e6-49cf-bb69-05e83393fdf3: nextIndex: updateUnconditionally 0 -> 0
2019-11-15 03:52:47,067 [grpc-default-executor-5] WARN  server.GrpcLogAppender (LogUtils.java:warn(134)) - 1f296aea-c4ef-4ad0-bd70-4536dedd0da2@group-4E4984C096D6->32349214-85e6-49cf-bb69-05e83393fdf3-AppendLogResponseHandler: Failed appendEntries: org.apache.ratis.thirdparty.io.grpc.StatusRuntimeException: UNAVAILABLE: io exception
2019-11-15 03:52:47,067 [grpc-default-executor-4] WARN  server.GrpcLogAppender (LogUtils.java:warn(134)) - 1f296aea-c4ef-4ad0-bd70-4536dedd0da2@group-4E4984C096D6->43077e3c-832c-4164-9ae4-420ca2301748-AppendLogResponseHandler: Failed appendEntries: org.apache.ratis.thirdparty.io.grpc.StatusRuntimeException: UNAVAILABLE: io exception
2019-11-15 03:52:47,068 [grpc-default-executor-5] INFO  impl.FollowerInfo (FollowerInfo.java:lambda$new$0(51)) - 1f296aea-c4ef-4ad0-bd70-4536dedd0da2@group-4E4984C096D6->32349214-85e6-49cf-bb69-05e83393fdf3: nextIndex: updateUnconditionally 0 -> 0
2019-11-15 03:52:47,068 [grpc-default-executor-4] INFO  impl.FollowerInfo (FollowerInfo.java:lambda$new$0(51)) - 1f296aea-c4ef-4ad0-bd70-4536dedd0da2@group-4E4984C096D6->43077e3c-832c-4164-9ae4-420ca2301748: nextIndex: updateUnconditionally 0 -> 0
2019-11-15 03:52:47,269 [Thread-1960] INFO  impl.FollowerState (FollowerState.java:run(111)) - 09eef956-613c-46b0-8e56-22120e832e77@group-4D691BF5A7B5-FollowerState: change to CANDIDATE, lastRpcTime:1129ms, electionTimeout:1129ms
2019-11-15 03:52:47,269 [Thread-1960] INFO  impl.RoleInfo (RoleInfo.java:shutdownFollowerState(121)) - 09eef956-613c-46b0-8e56-22120e832e77: shutdown FollowerState
2019-11-15 03:52:47,269 [Thread-1960] INFO  impl.RaftServerImpl (RaftServerImpl.java:setRole(173)) - 09eef956-613c-46b0-8e56-22120e832e77@group-4D691BF5A7B5: changes role from  FOLLOWER to CANDIDATE at term 3 for changeToCandidate
2019-11-15 03:52:47,269 [Thread-1960] INFO  impl.RoleInfo (RoleInfo.java:updateAndGet(143)) - 09eef956-613c-46b0-8e56-22120e832e77: start LeaderElection
2019-11-15 03:52:47,295 [09eef956-613c-46b0-8e56-22120e832e77@group-4D691BF5A7B5-LeaderElection91] INFO  impl.LeaderElection (LeaderElection.java:askForVotes(178)) - 09eef956-613c-46b0-8e56-22120e832e77@group-4D691BF5A7B5-LeaderElection91: begin an election at term 4 for 1: [b5c8e6ac-78cf-4415-8687-784dd9b9d9de:192.168.157.206:35928, 2d1b9a28-4ed6-4518-a989-fb5d866f5618:192.168.157.206:39845, 09eef956-613c-46b0-8e56-22120e832e77:192.168.157.206:45763], old=null
2019-11-15 03:52:47,296 [09eef956-613c-46b0-8e56-22120e832e77@group-4D691BF5A7B5-LeaderElection91] INFO  impl.LeaderElection (LogUtils.java:infoOrTrace(149)) - 09eef956-613c-46b0-8e56-22120e832e77@group-4D691BF5A7B5-LeaderElection91 got exception when requesting votes: {}
java.util.concurrent.ExecutionException: org.apache.ratis.thirdparty.io.grpc.StatusRuntimeException: UNAVAILABLE: io exception
	at java.util.concurrent.FutureTask.report(FutureTask.java:122)
	at java.util.concurrent.FutureTask.get(FutureTask.java:192)
	at org.apache.ratis.server.impl.LeaderElection.waitForResults(LeaderElection.java:259)
	at org.apache.ratis.server.impl.LeaderElection.askForVotes(LeaderElection.java:197)
	at org.apache.ratis.server.impl.LeaderElection.run(LeaderElection.java:133)
	at java.lang.Thread.run(Thread.java:748)
Caused by: org.apache.ratis.thirdparty.io.grpc.StatusRuntimeException: UNAVAILABLE: io exception
	at org.apache.ratis.thirdparty.io.grpc.stub.ClientCalls.toStatusRuntimeException(ClientCalls.java:233)
	at org.apache.ratis.thirdparty.io.grpc.stub.ClientCalls.getUnchecked(ClientCalls.java:214)
	at org.apache.ratis.thirdparty.io.grpc.stub.ClientCalls.blockingUnaryCall(ClientCalls.java:139)
	at org.apache.ratis.proto.grpc.RaftServerProtocolServiceGrpc$RaftServerProtocolServiceBlockingStub.requestVote(RaftServerProtocolServiceGrpc.java:265)
	at org.apache.ratis.grpc.server.GrpcServerProtocolClient.requestVote(GrpcServerProtocolClient.java:99)
	at org.apache.ratis.grpc.server.GrpcService.requestVote(GrpcService.java:204)
	at org.apache.ratis.server.impl.LeaderElection.lambda$submitRequests$1(LeaderElection.java:234)
	at java.util.concurrent.FutureTask.run(FutureTask.java:266)
	at java.util.concurrent.Executors$RunnableAdapter.call(Executors.java:511)
	at java.util.concurrent.FutureTask.run(FutureTask.java:266)
	at java.util.concurrent.ThreadPoolExecutor.runWorker(ThreadPoolExecutor.java:1149)
	at java.util.concurrent.ThreadPoolExecutor$Worker.run(ThreadPoolExecutor.java:624)
	... 1 more
Caused by: org.apache.ratis.thirdparty.io.netty.channel.AbstractChannel$AnnotatedConnectException: Connection refused: /192.168.157.206:35928
	at sun.nio.ch.SocketChannelImpl.checkConnect(Native Method)
	at sun.nio.ch.SocketChannelImpl.finishConnect(SocketChannelImpl.java:717)
	at org.apache.ratis.thirdparty.io.netty.channel.socket.nio.NioSocketChannel.doFinishConnect(NioSocketChannel.java:327)
	at org.apache.ratis.thirdparty.io.netty.channel.nio.AbstractNioChannel$AbstractNioUnsafe.finishConnect(AbstractNioChannel.java:340)
	at org.apache.ratis.thirdparty.io.netty.channel.nio.NioEventLoop.processSelectedKey(NioEventLoop.java:632)
	at org.apache.ratis.thirdparty.io.netty.channel.nio.NioEventLoop.processSelectedKeysOptimized(NioEventLoop.java:579)
	at org.apache.ratis.thirdparty.io.netty.channel.nio.NioEventLoop.processSelectedKeys(NioEventLoop.java:496)
	at org.apache.ratis.thirdparty.io.netty.channel.nio.NioEventLoop.run(NioEventLoop.java:458)
	at org.apache.ratis.thirdparty.io.netty.util.concurrent.SingleThreadEventExecutor$5.run(SingleThreadEventExecutor.java:897)
	at org.apache.ratis.thirdparty.io.netty.util.concurrent.FastThreadLocalRunnable.run(FastThreadLocalRunnable.java:30)
	... 1 more
Caused by: java.net.ConnectException: Connection refused
	... 11 more
2019-11-15 03:52:47,298 [09eef956-613c-46b0-8e56-22120e832e77@group-4D691BF5A7B5-LeaderElection91] INFO  impl.LeaderElection (LogUtils.java:infoOrTrace(149)) - 09eef956-613c-46b0-8e56-22120e832e77@group-4D691BF5A7B5-LeaderElection91 got exception when requesting votes: {}
java.util.concurrent.ExecutionException: org.apache.ratis.thirdparty.io.grpc.StatusRuntimeException: UNAVAILABLE: io exception
	at java.util.concurrent.FutureTask.report(FutureTask.java:122)
	at java.util.concurrent.FutureTask.get(FutureTask.java:192)
	at org.apache.ratis.server.impl.LeaderElection.waitForResults(LeaderElection.java:259)
	at org.apache.ratis.server.impl.LeaderElection.askForVotes(LeaderElection.java:197)
	at org.apache.ratis.server.impl.LeaderElection.run(LeaderElection.java:133)
	at java.lang.Thread.run(Thread.java:748)
Caused by: org.apache.ratis.thirdparty.io.grpc.StatusRuntimeException: UNAVAILABLE: io exception
	at org.apache.ratis.thirdparty.io.grpc.stub.ClientCalls.toStatusRuntimeException(ClientCalls.java:233)
	at org.apache.ratis.thirdparty.io.grpc.stub.ClientCalls.getUnchecked(ClientCalls.java:214)
	at org.apache.ratis.thirdparty.io.grpc.stub.ClientCalls.blockingUnaryCall(ClientCalls.java:139)
	at org.apache.ratis.proto.grpc.RaftServerProtocolServiceGrpc$RaftServerProtocolServiceBlockingStub.requestVote(RaftServerProtocolServiceGrpc.java:265)
	at org.apache.ratis.grpc.server.GrpcServerProtocolClient.requestVote(GrpcServerProtocolClient.java:99)
	at org.apache.ratis.grpc.server.GrpcService.requestVote(GrpcService.java:204)
	at org.apache.ratis.server.impl.LeaderElection.lambda$submitRequests$1(LeaderElection.java:234)
	at java.util.concurrent.FutureTask.run(FutureTask.java:266)
	at java.util.concurrent.Executors$RunnableAdapter.call(Executors.java:511)
	at java.util.concurrent.FutureTask.run(FutureTask.java:266)
	at java.util.concurrent.ThreadPoolExecutor.runWorker(ThreadPoolExecutor.java:1149)
	at java.util.concurrent.ThreadPoolExecutor$Worker.run(ThreadPoolExecutor.java:624)
	... 1 more
Caused by: org.apache.ratis.thirdparty.io.netty.channel.AbstractChannel$AnnotatedConnectException: Connection refused: /192.168.157.206:39845
	at sun.nio.ch.SocketChannelImpl.checkConnect(Native Method)
	at sun.nio.ch.SocketChannelImpl.finishConnect(SocketChannelImpl.java:717)
	at org.apache.ratis.thirdparty.io.netty.channel.socket.nio.NioSocketChannel.doFinishConnect(NioSocketChannel.java:327)
	at org.apache.ratis.thirdparty.io.netty.channel.nio.AbstractNioChannel$AbstractNioUnsafe.finishConnect(AbstractNioChannel.java:340)
	at org.apache.ratis.thirdparty.io.netty.channel.nio.NioEventLoop.processSelectedKey(NioEventLoop.java:632)
	at org.apache.ratis.thirdparty.io.netty.channel.nio.NioEventLoop.processSelectedKeysOptimized(NioEventLoop.java:579)
	at org.apache.ratis.thirdparty.io.netty.channel.nio.NioEventLoop.processSelectedKeys(NioEventLoop.java:496)
	at org.apache.ratis.thirdparty.io.netty.channel.nio.NioEventLoop.run(NioEventLoop.java:458)
	at org.apache.ratis.thirdparty.io.netty.util.concurrent.SingleThreadEventExecutor$5.run(SingleThreadEventExecutor.java:897)
	at org.apache.ratis.thirdparty.io.netty.util.concurrent.FastThreadLocalRunnable.run(FastThreadLocalRunnable.java:30)
	... 1 more
Caused by: java.net.ConnectException: Connection refused
	... 11 more
2019-11-15 03:52:47,299 [09eef956-613c-46b0-8e56-22120e832e77@group-4D691BF5A7B5-LeaderElection91] INFO  impl.LeaderElection (LeaderElection.java:logAndReturn(56)) - 09eef956-613c-46b0-8e56-22120e832e77@group-4D691BF5A7B5-LeaderElection91: Election REJECTED; received 0 response(s) [] and 2 exception(s); 09eef956-613c-46b0-8e56-22120e832e77@group-4D691BF5A7B5:t4, leader=null, voted=09eef956-613c-46b0-8e56-22120e832e77, raftlog=09eef956-613c-46b0-8e56-22120e832e77@group-4D691BF5A7B5-SegmentedRaftLog:OPENED:c2,f2,i2, conf=1: [b5c8e6ac-78cf-4415-8687-784dd9b9d9de:192.168.157.206:35928, 2d1b9a28-4ed6-4518-a989-fb5d866f5618:192.168.157.206:39845, 09eef956-613c-46b0-8e56-22120e832e77:192.168.157.206:45763], old=null
2019-11-15 03:52:47,299 [09eef956-613c-46b0-8e56-22120e832e77@group-4D691BF5A7B5-LeaderElection91] INFO  impl.LeaderElection (LogUtils.java:infoOrTrace(149)) -   Exception 0: {}
java.util.concurrent.ExecutionException: org.apache.ratis.thirdparty.io.grpc.StatusRuntimeException: UNAVAILABLE: io exception
	at java.util.concurrent.FutureTask.report(FutureTask.java:122)
	at java.util.concurrent.FutureTask.get(FutureTask.java:192)
	at org.apache.ratis.server.impl.LeaderElection.waitForResults(LeaderElection.java:259)
	at org.apache.ratis.server.impl.LeaderElection.askForVotes(LeaderElection.java:197)
	at org.apache.ratis.server.impl.LeaderElection.run(LeaderElection.java:133)
	at java.lang.Thread.run(Thread.java:748)
Caused by: org.apache.ratis.thirdparty.io.grpc.StatusRuntimeException: UNAVAILABLE: io exception
	at org.apache.ratis.thirdparty.io.grpc.stub.ClientCalls.toStatusRuntimeException(ClientCalls.java:233)
	at org.apache.ratis.thirdparty.io.grpc.stub.ClientCalls.getUnchecked(ClientCalls.java:214)
	at org.apache.ratis.thirdparty.io.grpc.stub.ClientCalls.blockingUnaryCall(ClientCalls.java:139)
	at org.apache.ratis.proto.grpc.RaftServerProtocolServiceGrpc$RaftServerProtocolServiceBlockingStub.requestVote(RaftServerProtocolServiceGrpc.java:265)
	at org.apache.ratis.grpc.server.GrpcServerProtocolClient.requestVote(GrpcServerProtocolClient.java:99)
	at org.apache.ratis.grpc.server.GrpcService.requestVote(GrpcService.java:204)
	at org.apache.ratis.server.impl.LeaderElection.lambda$submitRequests$1(LeaderElection.java:234)
	at java.util.concurrent.FutureTask.run(FutureTask.java:266)
	at java.util.concurrent.Executors$RunnableAdapter.call(Executors.java:511)
	at java.util.concurrent.FutureTask.run(FutureTask.java:266)
	at java.util.concurrent.ThreadPoolExecutor.runWorker(ThreadPoolExecutor.java:1149)
	at java.util.concurrent.ThreadPoolExecutor$Worker.run(ThreadPoolExecutor.java:624)
	... 1 more
Caused by: org.apache.ratis.thirdparty.io.netty.channel.AbstractChannel$AnnotatedConnectException: Connection refused: /192.168.157.206:35928
	at sun.nio.ch.SocketChannelImpl.checkConnect(Native Method)
	at sun.nio.ch.SocketChannelImpl.finishConnect(SocketChannelImpl.java:717)
	at org.apache.ratis.thirdparty.io.netty.channel.socket.nio.NioSocketChannel.doFinishConnect(NioSocketChannel.java:327)
	at org.apache.ratis.thirdparty.io.netty.channel.nio.AbstractNioChannel$AbstractNioUnsafe.finishConnect(AbstractNioChannel.java:340)
	at org.apache.ratis.thirdparty.io.netty.channel.nio.NioEventLoop.processSelectedKey(NioEventLoop.java:632)
	at org.apache.ratis.thirdparty.io.netty.channel.nio.NioEventLoop.processSelectedKeysOptimized(NioEventLoop.java:579)
	at org.apache.ratis.thirdparty.io.netty.channel.nio.NioEventLoop.processSelectedKeys(NioEventLoop.java:496)
	at org.apache.ratis.thirdparty.io.netty.channel.nio.NioEventLoop.run(NioEventLoop.java:458)
	at org.apache.ratis.thirdparty.io.netty.util.concurrent.SingleThreadEventExecutor$5.run(SingleThreadEventExecutor.java:897)
	at org.apache.ratis.thirdparty.io.netty.util.concurrent.FastThreadLocalRunnable.run(FastThreadLocalRunnable.java:30)
	... 1 more
Caused by: java.net.ConnectException: Connection refused
	... 11 more
2019-11-15 03:52:47,300 [09eef956-613c-46b0-8e56-22120e832e77@group-4D691BF5A7B5-LeaderElection91] INFO  impl.LeaderElection (LogUtils.java:infoOrTrace(149)) -   Exception 1: {}
java.util.concurrent.ExecutionException: org.apache.ratis.thirdparty.io.grpc.StatusRuntimeException: UNAVAILABLE: io exception
	at java.util.concurrent.FutureTask.report(FutureTask.java:122)
	at java.util.concurrent.FutureTask.get(FutureTask.java:192)
	at org.apache.ratis.server.impl.LeaderElection.waitForResults(LeaderElection.java:259)
	at org.apache.ratis.server.impl.LeaderElection.askForVotes(LeaderElection.java:197)
	at org.apache.ratis.server.impl.LeaderElection.run(LeaderElection.java:133)
	at java.lang.Thread.run(Thread.java:748)
Caused by: org.apache.ratis.thirdparty.io.grpc.StatusRuntimeException: UNAVAILABLE: io exception
	at org.apache.ratis.thirdparty.io.grpc.stub.ClientCalls.toStatusRuntimeException(ClientCalls.java:233)
	at org.apache.ratis.thirdparty.io.grpc.stub.ClientCalls.getUnchecked(ClientCalls.java:214)
	at org.apache.ratis.thirdparty.io.grpc.stub.ClientCalls.blockingUnaryCall(ClientCalls.java:139)
	at org.apache.ratis.proto.grpc.RaftServerProtocolServiceGrpc$RaftServerProtocolServiceBlockingStub.requestVote(RaftServerProtocolServiceGrpc.java:265)
	at org.apache.ratis.grpc.server.GrpcServerProtocolClient.requestVote(GrpcServerProtocolClient.java:99)
	at org.apache.ratis.grpc.server.GrpcService.requestVote(GrpcService.java:204)
	at org.apache.ratis.server.impl.LeaderElection.lambda$submitRequests$1(LeaderElection.java:234)
	at java.util.concurrent.FutureTask.run(FutureTask.java:266)
	at java.util.concurrent.Executors$RunnableAdapter.call(Executors.java:511)
	at java.util.concurrent.FutureTask.run(FutureTask.java:266)
	at java.util.concurrent.ThreadPoolExecutor.runWorker(ThreadPoolExecutor.java:1149)
	at java.util.concurrent.ThreadPoolExecutor$Worker.run(ThreadPoolExecutor.java:624)
	... 1 more
Caused by: org.apache.ratis.thirdparty.io.netty.channel.AbstractChannel$AnnotatedConnectException: Connection refused: /192.168.157.206:39845
	at sun.nio.ch.SocketChannelImpl.checkConnect(Native Method)
	at sun.nio.ch.SocketChannelImpl.finishConnect(SocketChannelImpl.java:717)
	at org.apache.ratis.thirdparty.io.netty.channel.socket.nio.NioSocketChannel.doFinishConnect(NioSocketChannel.java:327)
	at org.apache.ratis.thirdparty.io.netty.channel.nio.AbstractNioChannel$AbstractNioUnsafe.finishConnect(AbstractNioChannel.java:340)
	at org.apache.ratis.thirdparty.io.netty.channel.nio.NioEventLoop.processSelectedKey(NioEventLoop.java:632)
	at org.apache.ratis.thirdparty.io.netty.channel.nio.NioEventLoop.processSelectedKeysOptimized(NioEventLoop.java:579)
	at org.apache.ratis.thirdparty.io.netty.channel.nio.NioEventLoop.processSelectedKeys(NioEventLoop.java:496)
	at org.apache.ratis.thirdparty.io.netty.channel.nio.NioEventLoop.run(NioEventLoop.java:458)
	at org.apache.ratis.thirdparty.io.netty.util.concurrent.SingleThreadEventExecutor$5.run(SingleThreadEventExecutor.java:897)
	at org.apache.ratis.thirdparty.io.netty.util.concurrent.FastThreadLocalRunnable.run(FastThreadLocalRunnable.java:30)
	... 1 more
Caused by: java.net.ConnectException: Connection refused
	... 11 more
2019-11-15 03:52:47,300 [09eef956-613c-46b0-8e56-22120e832e77@group-4D691BF5A7B5-LeaderElection91] INFO  impl.RaftServerImpl (RaftServerImpl.java:setRole(173)) - 09eef956-613c-46b0-8e56-22120e832e77@group-4D691BF5A7B5: changes role from CANDIDATE to FOLLOWER at term 4 for DISCOVERED_A_NEW_TERM
2019-11-15 03:52:47,300 [09eef956-613c-46b0-8e56-22120e832e77@group-4D691BF5A7B5-LeaderElection91] INFO  impl.RoleInfo (RoleInfo.java:shutdownLeaderElection(134)) - 09eef956-613c-46b0-8e56-22120e832e77: shutdown LeaderElection
2019-11-15 03:52:47,300 [09eef956-613c-46b0-8e56-22120e832e77@group-4D691BF5A7B5-LeaderElection91] INFO  impl.RoleInfo (RoleInfo.java:updateAndGet(143)) - 09eef956-613c-46b0-8e56-22120e832e77: start FollowerState
2019-11-15 03:52:47,568 [grpc-default-executor-4] WARN  server.GrpcLogAppender (LogUtils.java:warn(134)) - 1f296aea-c4ef-4ad0-bd70-4536dedd0da2@group-4E4984C096D6->43077e3c-832c-4164-9ae4-420ca2301748-AppendLogResponseHandler: Failed appendEntries: org.apache.ratis.thirdparty.io.grpc.StatusRuntimeException: UNAVAILABLE: io exception
2019-11-15 03:52:47,568 [grpc-default-executor-5] WARN  server.GrpcLogAppender (LogUtils.java:warn(134)) - 1f296aea-c4ef-4ad0-bd70-4536dedd0da2@group-4E4984C096D6->32349214-85e6-49cf-bb69-05e83393fdf3-AppendLogResponseHandler: Failed appendEntries: org.apache.ratis.thirdparty.io.grpc.StatusRuntimeException: UNAVAILABLE: io exception
2019-11-15 03:52:47,569 [grpc-default-executor-4] INFO  impl.FollowerInfo (FollowerInfo.java:lambda$new$0(51)) - 1f296aea-c4ef-4ad0-bd70-4536dedd0da2@group-4E4984C096D6->43077e3c-832c-4164-9ae4-420ca2301748: nextIndex: updateUnconditionally 0 -> 0
2019-11-15 03:52:47,569 [grpc-default-executor-5] INFO  impl.FollowerInfo (FollowerInfo.java:lambda$new$0(51)) - 1f296aea-c4ef-4ad0-bd70-4536dedd0da2@group-4E4984C096D6->32349214-85e6-49cf-bb69-05e83393fdf3: nextIndex: updateUnconditionally 0 -> 0
2019-11-15 03:52:48,070 [grpc-default-executor-5] WARN  server.GrpcLogAppender (LogUtils.java:warn(134)) - 1f296aea-c4ef-4ad0-bd70-4536dedd0da2@group-4E4984C096D6->43077e3c-832c-4164-9ae4-420ca2301748-AppendLogResponseHandler: Failed appendEntries: org.apache.ratis.thirdparty.io.grpc.StatusRuntimeException: UNAVAILABLE: io exception
2019-11-15 03:52:48,070 [grpc-default-executor-4] WARN  server.GrpcLogAppender (LogUtils.java:warn(134)) - 1f296aea-c4ef-4ad0-bd70-4536dedd0da2@group-4E4984C096D6->32349214-85e6-49cf-bb69-05e83393fdf3-AppendLogResponseHandler: Failed appendEntries: org.apache.ratis.thirdparty.io.grpc.StatusRuntimeException: UNAVAILABLE: io exception
2019-11-15 03:52:48,071 [grpc-default-executor-4] INFO  impl.FollowerInfo (FollowerInfo.java:lambda$new$0(51)) - 1f296aea-c4ef-4ad0-bd70-4536dedd0da2@group-4E4984C096D6->32349214-85e6-49cf-bb69-05e83393fdf3: nextIndex: updateUnconditionally 0 -> 0
2019-11-15 03:52:48,071 [grpc-default-executor-5] INFO  impl.FollowerInfo (FollowerInfo.java:lambda$new$0(51)) - 1f296aea-c4ef-4ad0-bd70-4536dedd0da2@group-4E4984C096D6->43077e3c-832c-4164-9ae4-420ca2301748: nextIndex: updateUnconditionally 0 -> 0
2019-11-15 03:52:48,344 [Thread-1964] INFO  impl.FollowerState (FollowerState.java:run(111)) - 09eef956-613c-46b0-8e56-22120e832e77@group-4D691BF5A7B5-FollowerState: change to CANDIDATE, lastRpcTime:1043ms, electionTimeout:1043ms
2019-11-15 03:52:48,344 [Thread-1964] INFO  impl.RoleInfo (RoleInfo.java:shutdownFollowerState(121)) - 09eef956-613c-46b0-8e56-22120e832e77: shutdown FollowerState
2019-11-15 03:52:48,344 [Thread-1964] INFO  impl.RaftServerImpl (RaftServerImpl.java:setRole(173)) - 09eef956-613c-46b0-8e56-22120e832e77@group-4D691BF5A7B5: changes role from  FOLLOWER to CANDIDATE at term 4 for changeToCandidate
2019-11-15 03:52:48,344 [Thread-1964] INFO  impl.RoleInfo (RoleInfo.java:updateAndGet(143)) - 09eef956-613c-46b0-8e56-22120e832e77: start LeaderElection
2019-11-15 03:52:48,369 [09eef956-613c-46b0-8e56-22120e832e77@group-4D691BF5A7B5-LeaderElection92] INFO  impl.LeaderElection (LeaderElection.java:askForVotes(178)) - 09eef956-613c-46b0-8e56-22120e832e77@group-4D691BF5A7B5-LeaderElection92: begin an election at term 5 for 1: [b5c8e6ac-78cf-4415-8687-784dd9b9d9de:192.168.157.206:35928, 2d1b9a28-4ed6-4518-a989-fb5d866f5618:192.168.157.206:39845, 09eef956-613c-46b0-8e56-22120e832e77:192.168.157.206:45763], old=null
2019-11-15 03:52:48,371 [09eef956-613c-46b0-8e56-22120e832e77@group-4D691BF5A7B5-LeaderElection92] INFO  impl.LeaderElection (LogUtils.java:infoOrTrace(149)) - 09eef956-613c-46b0-8e56-22120e832e77@group-4D691BF5A7B5-LeaderElection92 got exception when requesting votes: {}
java.util.concurrent.ExecutionException: org.apache.ratis.thirdparty.io.grpc.StatusRuntimeException: UNAVAILABLE: io exception
	at java.util.concurrent.FutureTask.report(FutureTask.java:122)
	at java.util.concurrent.FutureTask.get(FutureTask.java:192)
	at org.apache.ratis.server.impl.LeaderElection.waitForResults(LeaderElection.java:259)
	at org.apache.ratis.server.impl.LeaderElection.askForVotes(LeaderElection.java:197)
	at org.apache.ratis.server.impl.LeaderElection.run(LeaderElection.java:133)
	at java.lang.Thread.run(Thread.java:748)
Caused by: org.apache.ratis.thirdparty.io.grpc.StatusRuntimeException: UNAVAILABLE: io exception
	at org.apache.ratis.thirdparty.io.grpc.stub.ClientCalls.toStatusRuntimeException(ClientCalls.java:233)
	at org.apache.ratis.thirdparty.io.grpc.stub.ClientCalls.getUnchecked(ClientCalls.java:214)
	at org.apache.ratis.thirdparty.io.grpc.stub.ClientCalls.blockingUnaryCall(ClientCalls.java:139)
	at org.apache.ratis.proto.grpc.RaftServerProtocolServiceGrpc$RaftServerProtocolServiceBlockingStub.requestVote(RaftServerProtocolServiceGrpc.java:265)
	at org.apache.ratis.grpc.server.GrpcServerProtocolClient.requestVote(GrpcServerProtocolClient.java:99)
	at org.apache.ratis.grpc.server.GrpcService.requestVote(GrpcService.java:204)
	at org.apache.ratis.server.impl.LeaderElection.lambda$submitRequests$1(LeaderElection.java:234)
	at java.util.concurrent.FutureTask.run(FutureTask.java:266)
	at java.util.concurrent.Executors$RunnableAdapter.call(Executors.java:511)
	at java.util.concurrent.FutureTask.run(FutureTask.java:266)
	at java.util.concurrent.ThreadPoolExecutor.runWorker(ThreadPoolExecutor.java:1149)
	at java.util.concurrent.ThreadPoolExecutor$Worker.run(ThreadPoolExecutor.java:624)
	... 1 more
Caused by: org.apache.ratis.thirdparty.io.netty.channel.AbstractChannel$AnnotatedConnectException: Connection refused: /192.168.157.206:35928
	at sun.nio.ch.SocketChannelImpl.checkConnect(Native Method)
	at sun.nio.ch.SocketChannelImpl.finishConnect(SocketChannelImpl.java:717)
	at org.apache.ratis.thirdparty.io.netty.channel.socket.nio.NioSocketChannel.doFinishConnect(NioSocketChannel.java:327)
	at org.apache.ratis.thirdparty.io.netty.channel.nio.AbstractNioChannel$AbstractNioUnsafe.finishConnect(AbstractNioChannel.java:340)
	at org.apache.ratis.thirdparty.io.netty.channel.nio.NioEventLoop.processSelectedKey(NioEventLoop.java:632)
	at org.apache.ratis.thirdparty.io.netty.channel.nio.NioEventLoop.processSelectedKeysOptimized(NioEventLoop.java:579)
	at org.apache.ratis.thirdparty.io.netty.channel.nio.NioEventLoop.processSelectedKeys(NioEventLoop.java:496)
	at org.apache.ratis.thirdparty.io.netty.channel.nio.NioEventLoop.run(NioEventLoop.java:458)
	at org.apache.ratis.thirdparty.io.netty.util.concurrent.SingleThreadEventExecutor$5.run(SingleThreadEventExecutor.java:897)
	at org.apache.ratis.thirdparty.io.netty.util.concurrent.FastThreadLocalRunnable.run(FastThreadLocalRunnable.java:30)
	... 1 more
Caused by: java.net.ConnectException: Connection refused
	... 11 more
2019-11-15 03:52:48,374 [09eef956-613c-46b0-8e56-22120e832e77@group-4D691BF5A7B5-LeaderElection92] INFO  impl.LeaderElection (LogUtils.java:infoOrTrace(149)) - 09eef956-613c-46b0-8e56-22120e832e77@group-4D691BF5A7B5-LeaderElection92 got exception when requesting votes: {}
java.util.concurrent.ExecutionException: org.apache.ratis.thirdparty.io.grpc.StatusRuntimeException: UNAVAILABLE: io exception
	at java.util.concurrent.FutureTask.report(FutureTask.java:122)
	at java.util.concurrent.FutureTask.get(FutureTask.java:192)
	at org.apache.ratis.server.impl.LeaderElection.waitForResults(LeaderElection.java:259)
	at org.apache.ratis.server.impl.LeaderElection.askForVotes(LeaderElection.java:197)
	at org.apache.ratis.server.impl.LeaderElection.run(LeaderElection.java:133)
	at java.lang.Thread.run(Thread.java:748)
Caused by: org.apache.ratis.thirdparty.io.grpc.StatusRuntimeException: UNAVAILABLE: io exception
	at org.apache.ratis.thirdparty.io.grpc.stub.ClientCalls.toStatusRuntimeException(ClientCalls.java:233)
	at org.apache.ratis.thirdparty.io.grpc.stub.ClientCalls.getUnchecked(ClientCalls.java:214)
	at org.apache.ratis.thirdparty.io.grpc.stub.ClientCalls.blockingUnaryCall(ClientCalls.java:139)
	at org.apache.ratis.proto.grpc.RaftServerProtocolServiceGrpc$RaftServerProtocolServiceBlockingStub.requestVote(RaftServerProtocolServiceGrpc.java:265)
	at org.apache.ratis.grpc.server.GrpcServerProtocolClient.requestVote(GrpcServerProtocolClient.java:99)
	at org.apache.ratis.grpc.server.GrpcService.requestVote(GrpcService.java:204)
	at org.apache.ratis.server.impl.LeaderElection.lambda$submitRequests$1(LeaderElection.java:234)
	at java.util.concurrent.FutureTask.run(FutureTask.java:266)
	at java.util.concurrent.Executors$RunnableAdapter.call(Executors.java:511)
	at java.util.concurrent.FutureTask.run(FutureTask.java:266)
	at java.util.concurrent.ThreadPoolExecutor.runWorker(ThreadPoolExecutor.java:1149)
	at java.util.concurrent.ThreadPoolExecutor$Worker.run(ThreadPoolExecutor.java:624)
	... 1 more
Caused by: org.apache.ratis.thirdparty.io.netty.channel.AbstractChannel$AnnotatedConnectException: Connection refused: /192.168.157.206:39845
	at sun.nio.ch.SocketChannelImpl.checkConnect(Native Method)
	at sun.nio.ch.SocketChannelImpl.finishConnect(SocketChannelImpl.java:717)
	at org.apache.ratis.thirdparty.io.netty.channel.socket.nio.NioSocketChannel.doFinishConnect(NioSocketChannel.java:327)
	at org.apache.ratis.thirdparty.io.netty.channel.nio.AbstractNioChannel$AbstractNioUnsafe.finishConnect(AbstractNioChannel.java:340)
	at org.apache.ratis.thirdparty.io.netty.channel.nio.NioEventLoop.processSelectedKey(NioEventLoop.java:632)
	at org.apache.ratis.thirdparty.io.netty.channel.nio.NioEventLoop.processSelectedKeysOptimized(NioEventLoop.java:579)
	at org.apache.ratis.thirdparty.io.netty.channel.nio.NioEventLoop.processSelectedKeys(NioEventLoop.java:496)
	at org.apache.ratis.thirdparty.io.netty.channel.nio.NioEventLoop.run(NioEventLoop.java:458)
	at org.apache.ratis.thirdparty.io.netty.util.concurrent.SingleThreadEventExecutor$5.run(SingleThreadEventExecutor.java:897)
	at org.apache.ratis.thirdparty.io.netty.util.concurrent.FastThreadLocalRunnable.run(FastThreadLocalRunnable.java:30)
	... 1 more
Caused by: java.net.ConnectException: Connection refused
	... 11 more
2019-11-15 03:52:48,376 [09eef956-613c-46b0-8e56-22120e832e77@group-4D691BF5A7B5-LeaderElection92] INFO  impl.LeaderElection (LeaderElection.java:logAndReturn(56)) - 09eef956-613c-46b0-8e56-22120e832e77@group-4D691BF5A7B5-LeaderElection92: Election REJECTED; received 0 response(s) [] and 2 exception(s); 09eef956-613c-46b0-8e56-22120e832e77@group-4D691BF5A7B5:t5, leader=null, voted=09eef956-613c-46b0-8e56-22120e832e77, raftlog=09eef956-613c-46b0-8e56-22120e832e77@group-4D691BF5A7B5-SegmentedRaftLog:OPENED:c2,f2,i2, conf=1: [b5c8e6ac-78cf-4415-8687-784dd9b9d9de:192.168.157.206:35928, 2d1b9a28-4ed6-4518-a989-fb5d866f5618:192.168.157.206:39845, 09eef956-613c-46b0-8e56-22120e832e77:192.168.157.206:45763], old=null
2019-11-15 03:52:48,376 [09eef956-613c-46b0-8e56-22120e832e77@group-4D691BF5A7B5-LeaderElection92] INFO  impl.LeaderElection (LogUtils.java:infoOrTrace(149)) -   Exception 0: {}
java.util.concurrent.ExecutionException: org.apache.ratis.thirdparty.io.grpc.StatusRuntimeException: UNAVAILABLE: io exception
	at java.util.concurrent.FutureTask.report(FutureTask.java:122)
	at java.util.concurrent.FutureTask.get(FutureTask.java:192)
	at org.apache.ratis.server.impl.LeaderElection.waitForResults(LeaderElection.java:259)
	at org.apache.ratis.server.impl.LeaderElection.askForVotes(LeaderElection.java:197)
	at org.apache.ratis.server.impl.LeaderElection.run(LeaderElection.java:133)
	at java.lang.Thread.run(Thread.java:748)
Caused by: org.apache.ratis.thirdparty.io.grpc.StatusRuntimeException: UNAVAILABLE: io exception
	at org.apache.ratis.thirdparty.io.grpc.stub.ClientCalls.toStatusRuntimeException(ClientCalls.java:233)
	at org.apache.ratis.thirdparty.io.grpc.stub.ClientCalls.getUnchecked(ClientCalls.java:214)
	at org.apache.ratis.thirdparty.io.grpc.stub.ClientCalls.blockingUnaryCall(ClientCalls.java:139)
	at org.apache.ratis.proto.grpc.RaftServerProtocolServiceGrpc$RaftServerProtocolServiceBlockingStub.requestVote(RaftServerProtocolServiceGrpc.java:265)
	at org.apache.ratis.grpc.server.GrpcServerProtocolClient.requestVote(GrpcServerProtocolClient.java:99)
	at org.apache.ratis.grpc.server.GrpcService.requestVote(GrpcService.java:204)
	at org.apache.ratis.server.impl.LeaderElection.lambda$submitRequests$1(LeaderElection.java:234)
	at java.util.concurrent.FutureTask.run(FutureTask.java:266)
	at java.util.concurrent.Executors$RunnableAdapter.call(Executors.java:511)
	at java.util.concurrent.FutureTask.run(FutureTask.java:266)
	at java.util.concurrent.ThreadPoolExecutor.runWorker(ThreadPoolExecutor.java:1149)
	at java.util.concurrent.ThreadPoolExecutor$Worker.run(ThreadPoolExecutor.java:624)
	... 1 more
Caused by: org.apache.ratis.thirdparty.io.netty.channel.AbstractChannel$AnnotatedConnectException: Connection refused: /192.168.157.206:35928
	at sun.nio.ch.SocketChannelImpl.checkConnect(Native Method)
	at sun.nio.ch.SocketChannelImpl.finishConnect(SocketChannelImpl.java:717)
	at org.apache.ratis.thirdparty.io.netty.channel.socket.nio.NioSocketChannel.doFinishConnect(NioSocketChannel.java:327)
	at org.apache.ratis.thirdparty.io.netty.channel.nio.AbstractNioChannel$AbstractNioUnsafe.finishConnect(AbstractNioChannel.java:340)
	at org.apache.ratis.thirdparty.io.netty.channel.nio.NioEventLoop.processSelectedKey(NioEventLoop.java:632)
	at org.apache.ratis.thirdparty.io.netty.channel.nio.NioEventLoop.processSelectedKeysOptimized(NioEventLoop.java:579)
	at org.apache.ratis.thirdparty.io.netty.channel.nio.NioEventLoop.processSelectedKeys(NioEventLoop.java:496)
	at org.apache.ratis.thirdparty.io.netty.channel.nio.NioEventLoop.run(NioEventLoop.java:458)
	at org.apache.ratis.thirdparty.io.netty.util.concurrent.SingleThreadEventExecutor$5.run(SingleThreadEventExecutor.java:897)
	at org.apache.ratis.thirdparty.io.netty.util.concurrent.FastThreadLocalRunnable.run(FastThreadLocalRunnable.java:30)
	... 1 more
Caused by: java.net.ConnectException: Connection refused
	... 11 more
2019-11-15 03:52:48,376 [09eef956-613c-46b0-8e56-22120e832e77@group-4D691BF5A7B5-LeaderElection92] INFO  impl.LeaderElection (LogUtils.java:infoOrTrace(149)) -   Exception 1: {}
java.util.concurrent.ExecutionException: org.apache.ratis.thirdparty.io.grpc.StatusRuntimeException: UNAVAILABLE: io exception
	at java.util.concurrent.FutureTask.report(FutureTask.java:122)
	at java.util.concurrent.FutureTask.get(FutureTask.java:192)
	at org.apache.ratis.server.impl.LeaderElection.waitForResults(LeaderElection.java:259)
	at org.apache.ratis.server.impl.LeaderElection.askForVotes(LeaderElection.java:197)
	at org.apache.ratis.server.impl.LeaderElection.run(LeaderElection.java:133)
	at java.lang.Thread.run(Thread.java:748)
Caused by: org.apache.ratis.thirdparty.io.grpc.StatusRuntimeException: UNAVAILABLE: io exception
	at org.apache.ratis.thirdparty.io.grpc.stub.ClientCalls.toStatusRuntimeException(ClientCalls.java:233)
	at org.apache.ratis.thirdparty.io.grpc.stub.ClientCalls.getUnchecked(ClientCalls.java:214)
	at org.apache.ratis.thirdparty.io.grpc.stub.ClientCalls.blockingUnaryCall(ClientCalls.java:139)
	at org.apache.ratis.proto.grpc.RaftServerProtocolServiceGrpc$RaftServerProtocolServiceBlockingStub.requestVote(RaftServerProtocolServiceGrpc.java:265)
	at org.apache.ratis.grpc.server.GrpcServerProtocolClient.requestVote(GrpcServerProtocolClient.java:99)
	at org.apache.ratis.grpc.server.GrpcService.requestVote(GrpcService.java:204)
	at org.apache.ratis.server.impl.LeaderElection.lambda$submitRequests$1(LeaderElection.java:234)
	at java.util.concurrent.FutureTask.run(FutureTask.java:266)
	at java.util.concurrent.Executors$RunnableAdapter.call(Executors.java:511)
	at java.util.concurrent.FutureTask.run(FutureTask.java:266)
	at java.util.concurrent.ThreadPoolExecutor.runWorker(ThreadPoolExecutor.java:1149)
	at java.util.concurrent.ThreadPoolExecutor$Worker.run(ThreadPoolExecutor.java:624)
	... 1 more
Caused by: org.apache.ratis.thirdparty.io.netty.channel.AbstractChannel$AnnotatedConnectException: Connection refused: /192.168.157.206:39845
	at sun.nio.ch.SocketChannelImpl.checkConnect(Native Method)
	at sun.nio.ch.SocketChannelImpl.finishConnect(SocketChannelImpl.java:717)
	at org.apache.ratis.thirdparty.io.netty.channel.socket.nio.NioSocketChannel.doFinishConnect(NioSocketChannel.java:327)
	at org.apache.ratis.thirdparty.io.netty.channel.nio.AbstractNioChannel$AbstractNioUnsafe.finishConnect(AbstractNioChannel.java:340)
	at org.apache.ratis.thirdparty.io.netty.channel.nio.NioEventLoop.processSelectedKey(NioEventLoop.java:632)
	at org.apache.ratis.thirdparty.io.netty.channel.nio.NioEventLoop.processSelectedKeysOptimized(NioEventLoop.java:579)
	at org.apache.ratis.thirdparty.io.netty.channel.nio.NioEventLoop.processSelectedKeys(NioEventLoop.java:496)
	at org.apache.ratis.thirdparty.io.netty.channel.nio.NioEventLoop.run(NioEventLoop.java:458)
	at org.apache.ratis.thirdparty.io.netty.util.concurrent.SingleThreadEventExecutor$5.run(SingleThreadEventExecutor.java:897)
	at org.apache.ratis.thirdparty.io.netty.util.concurrent.FastThreadLocalRunnable.run(FastThreadLocalRunnable.java:30)
	... 1 more
Caused by: java.net.ConnectException: Connection refused
	... 11 more
2019-11-15 03:52:48,377 [09eef956-613c-46b0-8e56-22120e832e77@group-4D691BF5A7B5-LeaderElection92] INFO  impl.RaftServerImpl (RaftServerImpl.java:setRole(173)) - 09eef956-613c-46b0-8e56-22120e832e77@group-4D691BF5A7B5: changes role from CANDIDATE to FOLLOWER at term 5 for DISCOVERED_A_NEW_TERM
2019-11-15 03:52:48,377 [09eef956-613c-46b0-8e56-22120e832e77@group-4D691BF5A7B5-LeaderElection92] INFO  impl.RoleInfo (RoleInfo.java:shutdownLeaderElection(134)) - 09eef956-613c-46b0-8e56-22120e832e77: shutdown LeaderElection
2019-11-15 03:52:48,377 [09eef956-613c-46b0-8e56-22120e832e77@group-4D691BF5A7B5-LeaderElection92] INFO  impl.RoleInfo (RoleInfo.java:updateAndGet(143)) - 09eef956-613c-46b0-8e56-22120e832e77: start FollowerState
2019-11-15 03:52:48,575 [grpc-default-executor-0] WARN  server.GrpcLogAppender (LogUtils.java:warn(134)) - 1f296aea-c4ef-4ad0-bd70-4536dedd0da2@group-4E4984C096D6->32349214-85e6-49cf-bb69-05e83393fdf3-AppendLogResponseHandler: Failed appendEntries: org.apache.ratis.thirdparty.io.grpc.StatusRuntimeException: UNAVAILABLE: io exception
2019-11-15 03:52:48,575 [grpc-default-executor-6] WARN  server.GrpcLogAppender (LogUtils.java:warn(134)) - 1f296aea-c4ef-4ad0-bd70-4536dedd0da2@group-4E4984C096D6->43077e3c-832c-4164-9ae4-420ca2301748-AppendLogResponseHandler: Failed appendEntries: org.apache.ratis.thirdparty.io.grpc.StatusRuntimeException: UNAVAILABLE: io exception
2019-11-15 03:52:48,575 [grpc-default-executor-0] INFO  impl.FollowerInfo (FollowerInfo.java:lambda$new$0(51)) - 1f296aea-c4ef-4ad0-bd70-4536dedd0da2@group-4E4984C096D6->32349214-85e6-49cf-bb69-05e83393fdf3: nextIndex: updateUnconditionally 0 -> 0
2019-11-15 03:52:48,575 [grpc-default-executor-6] INFO  impl.FollowerInfo (FollowerInfo.java:lambda$new$0(51)) - 1f296aea-c4ef-4ad0-bd70-4536dedd0da2@group-4E4984C096D6->43077e3c-832c-4164-9ae4-420ca2301748: nextIndex: updateUnconditionally 0 -> 0
2019-11-15 03:52:49,074 [grpc-default-executor-6] WARN  server.GrpcLogAppender (LogUtils.java:warn(134)) - 1f296aea-c4ef-4ad0-bd70-4536dedd0da2@group-4E4984C096D6->43077e3c-832c-4164-9ae4-420ca2301748-AppendLogResponseHandler: Failed appendEntries: org.apache.ratis.thirdparty.io.grpc.StatusRuntimeException: UNAVAILABLE: io exception
2019-11-15 03:52:49,074 [grpc-default-executor-9] WARN  server.GrpcLogAppender (LogUtils.java:warn(134)) - 1f296aea-c4ef-4ad0-bd70-4536dedd0da2@group-4E4984C096D6->32349214-85e6-49cf-bb69-05e83393fdf3-AppendLogResponseHandler: Failed appendEntries: org.apache.ratis.thirdparty.io.grpc.StatusRuntimeException: UNAVAILABLE: io exception
2019-11-15 03:52:49,074 [grpc-default-executor-6] INFO  impl.FollowerInfo (FollowerInfo.java:lambda$new$0(51)) - 1f296aea-c4ef-4ad0-bd70-4536dedd0da2@group-4E4984C096D6->43077e3c-832c-4164-9ae4-420ca2301748: nextIndex: updateUnconditionally 0 -> 0
2019-11-15 03:52:49,074 [grpc-default-executor-9] INFO  impl.FollowerInfo (FollowerInfo.java:lambda$new$0(51)) - 1f296aea-c4ef-4ad0-bd70-4536dedd0da2@group-4E4984C096D6->32349214-85e6-49cf-bb69-05e83393fdf3: nextIndex: updateUnconditionally 0 -> 0
2019-11-15 03:52:49,515 [main] INFO  ozoneimpl.OzoneContainer (OzoneContainer.java:stop(244)) - Attempting to stop container services.
2019-11-15 03:52:49,516 [ForkJoinPool.commonPool-worker-1] INFO  ozoneimpl.OzoneContainer (OzoneContainer.java:stop(244)) - Attempting to stop container services.
2019-11-15 03:52:49,516 [main] INFO  impl.RaftServerProxy (RaftServerProxy.java:lambda$close$4(314)) - 1f296aea-c4ef-4ad0-bd70-4536dedd0da2: close
2019-11-15 03:52:49,516 [ForkJoinPool.commonPool-worker-1] INFO  impl.RaftServerProxy (RaftServerProxy.java:lambda$close$4(314)) - 09eef956-613c-46b0-8e56-22120e832e77: close
2019-11-15 03:52:49,516 [main] INFO  impl.RaftServerImpl (RaftServerImpl.java:lambda$shutdown$3(250)) - 1f296aea-c4ef-4ad0-bd70-4536dedd0da2@group-95B46214243D: shutdown
2019-11-15 03:52:49,516 [ForkJoinPool.commonPool-worker-1] INFO  impl.RaftServerImpl (RaftServerImpl.java:lambda$shutdown$3(250)) - 09eef956-613c-46b0-8e56-22120e832e77@group-4D691BF5A7B5: shutdown
2019-11-15 03:52:49,517 [main] INFO  util.JmxRegister (JmxRegister.java:unregister(73)) - Successfully un-registered JMX Bean with object name Ratis:service=RaftServer,group=group-95B46214243D,id=1f296aea-c4ef-4ad0-bd70-4536dedd0da2
2019-11-15 03:52:49,517 [ForkJoinPool.commonPool-worker-1] INFO  util.JmxRegister (JmxRegister.java:unregister(73)) - Successfully un-registered JMX Bean with object name Ratis:service=RaftServer,group=group-4D691BF5A7B5,id=09eef956-613c-46b0-8e56-22120e832e77
2019-11-15 03:52:49,517 [main] INFO  impl.RoleInfo (RoleInfo.java:shutdownLeaderState(104)) - 1f296aea-c4ef-4ad0-bd70-4536dedd0da2: shutdown LeaderState
2019-11-15 03:52:49,517 [ForkJoinPool.commonPool-worker-1] INFO  impl.RoleInfo (RoleInfo.java:shutdownFollowerState(121)) - 09eef956-613c-46b0-8e56-22120e832e77: shutdown FollowerState
2019-11-15 03:52:49,518 [main] INFO  impl.PendingRequests (PendingRequests.java:sendNotLeaderResponses(206)) - 1f296aea-c4ef-4ad0-bd70-4536dedd0da2@group-95B46214243D-PendingRequests: sendNotLeaderResponses
2019-11-15 03:52:49,518 [Thread-1968] INFO  impl.FollowerState (FollowerState.java:run(120)) - 09eef956-613c-46b0-8e56-22120e832e77@group-4D691BF5A7B5-FollowerState was interrupted: java.lang.InterruptedException: sleep interrupted
2019-11-15 03:52:49,518 [ForkJoinPool.commonPool-worker-1] INFO  impl.StateMachineUpdater (StateMachineUpdater.java:stopAndJoin(136)) - 09eef956-613c-46b0-8e56-22120e832e77@group-4D691BF5A7B5-StateMachineUpdater: set stopIndex = 2
2019-11-15 03:52:49,518 [main] INFO  impl.StateMachineUpdater (StateMachineUpdater.java:stopAndJoin(136)) - 1f296aea-c4ef-4ad0-bd70-4536dedd0da2@group-95B46214243D-StateMachineUpdater: set stopIndex = 0
2019-11-15 03:52:49,519 [ForkJoinPool.commonPool-worker-1] INFO  impl.RaftServerImpl (ServerState.java:close(387)) - 09eef956-613c-46b0-8e56-22120e832e77@group-4D691BF5A7B5: closes. applyIndex: 2
2019-11-15 03:52:49,519 [09eef956-613c-46b0-8e56-22120e832e77@group-4D691BF5A7B5-SegmentedRaftLogWorker] INFO  segmented.SegmentedRaftLogWorker (SegmentedRaftLogWorker.java:run(316)) - 09eef956-613c-46b0-8e56-22120e832e77@group-4D691BF5A7B5-SegmentedRaftLogWorker was interrupted, exiting. There are 0 tasks remaining in the queue.
2019-11-15 03:52:49,519 [main] INFO  impl.RaftServerImpl (ServerState.java:close(387)) - 1f296aea-c4ef-4ad0-bd70-4536dedd0da2@group-95B46214243D: closes. applyIndex: 0
2019-11-15 03:52:49,520 [ForkJoinPool.commonPool-worker-1] INFO  segmented.SegmentedRaftLogWorker (SegmentedRaftLogWorker.java:close(224)) - 09eef956-613c-46b0-8e56-22120e832e77@group-4D691BF5A7B5-SegmentedRaftLogWorker close()
2019-11-15 03:52:49,520 [1f296aea-c4ef-4ad0-bd70-4536dedd0da2@group-95B46214243D-SegmentedRaftLogWorker] INFO  segmented.SegmentedRaftLogWorker (SegmentedRaftLogWorker.java:run(316)) - 1f296aea-c4ef-4ad0-bd70-4536dedd0da2@group-95B46214243D-SegmentedRaftLogWorker was interrupted, exiting. There are 0 tasks remaining in the queue.
2019-11-15 03:52:49,520 [ForkJoinPool.commonPool-worker-1] INFO  impl.RaftServerImpl (RaftServerImpl.java:lambda$shutdown$3(250)) - 09eef956-613c-46b0-8e56-22120e832e77@group-260154C42E13: shutdown
2019-11-15 03:52:49,520 [main] INFO  segmented.SegmentedRaftLogWorker (SegmentedRaftLogWorker.java:close(224)) - 1f296aea-c4ef-4ad0-bd70-4536dedd0da2@group-95B46214243D-SegmentedRaftLogWorker close()
2019-11-15 03:52:49,520 [ForkJoinPool.commonPool-worker-1] INFO  util.JmxRegister (JmxRegister.java:unregister(73)) - Successfully un-registered JMX Bean with object name Ratis:service=RaftServer,group=group-260154C42E13,id=09eef956-613c-46b0-8e56-22120e832e77
2019-11-15 03:52:49,521 [main] INFO  impl.RaftServerImpl (RaftServerImpl.java:lambda$shutdown$3(250)) - 1f296aea-c4ef-4ad0-bd70-4536dedd0da2@group-4E4984C096D6: shutdown
2019-11-15 03:52:49,521 [ForkJoinPool.commonPool-worker-1] INFO  impl.RoleInfo (RoleInfo.java:shutdownLeaderState(104)) - 09eef956-613c-46b0-8e56-22120e832e77: shutdown LeaderState
2019-11-15 03:52:49,521 [main] INFO  util.JmxRegister (JmxRegister.java:unregister(73)) - Successfully un-registered JMX Bean with object name Ratis:service=RaftServer,group=group-4E4984C096D6,id=1f296aea-c4ef-4ad0-bd70-4536dedd0da2
2019-11-15 03:52:49,521 [ForkJoinPool.commonPool-worker-1] INFO  impl.PendingRequests (PendingRequests.java:sendNotLeaderResponses(206)) - 09eef956-613c-46b0-8e56-22120e832e77@group-260154C42E13-PendingRequests: sendNotLeaderResponses
2019-11-15 03:52:49,521 [main] INFO  impl.RoleInfo (RoleInfo.java:shutdownLeaderState(104)) - 1f296aea-c4ef-4ad0-bd70-4536dedd0da2: shutdown LeaderState
2019-11-15 03:52:49,521 [ForkJoinPool.commonPool-worker-1] INFO  impl.StateMachineUpdater (StateMachineUpdater.java:stopAndJoin(136)) - 09eef956-613c-46b0-8e56-22120e832e77@group-260154C42E13-StateMachineUpdater: set stopIndex = 0
2019-11-15 03:52:49,522 [main] INFO  impl.PendingRequests (PendingRequests.java:sendNotLeaderResponses(206)) - 1f296aea-c4ef-4ad0-bd70-4536dedd0da2@group-4E4984C096D6-PendingRequests: sendNotLeaderResponses
2019-11-15 03:52:49,522 [org.apache.ratis.server.impl.LogAppender$AppenderDaemon$$Lambda$472/1422379056@271a7ec7] WARN  server.GrpcLogAppender (GrpcLogAppender.java:mayWait(151)) - 1f296aea-c4ef-4ad0-bd70-4536dedd0da2@group-4E4984C096D6->32349214-85e6-49cf-bb69-05e83393fdf3-GrpcLogAppender: Wait interrupted by java.lang.InterruptedException
2019-11-15 03:52:49,522 [org.apache.ratis.server.impl.LogAppender$AppenderDaemon$$Lambda$472/1422379056@6218ece0] WARN  server.GrpcLogAppender (GrpcLogAppender.java:mayWait(151)) - 1f296aea-c4ef-4ad0-bd70-4536dedd0da2@group-4E4984C096D6->43077e3c-832c-4164-9ae4-420ca2301748-GrpcLogAppender: Wait interrupted by java.lang.InterruptedException
2019-11-15 03:52:49,522 [ForkJoinPool.commonPool-worker-1] INFO  impl.RaftServerImpl (ServerState.java:close(387)) - 09eef956-613c-46b0-8e56-22120e832e77@group-260154C42E13: closes. applyIndex: 0
2019-11-15 03:52:49,525 [main] INFO  impl.StateMachineUpdater (StateMachineUpdater.java:stopAndJoin(136)) - 1f296aea-c4ef-4ad0-bd70-4536dedd0da2@group-4E4984C096D6-StateMachineUpdater: set stopIndex = 4
2019-11-15 03:52:49,525 [1f296aea-c4ef-4ad0-bd70-4536dedd0da2@group-4E4984C096D6-StateMachineUpdater] INFO  ratis.ContainerStateMachine (ContainerStateMachine.java:takeSnapshot(285)) - group-4E4984C096D6: Taking a snapshot at:(t:1, i:4) file /workdir/hadoop-ozone/integration-test/target/test-dir/MiniOzoneClusterImpl-7bc5bb7c-5c55-4645-ae41-72269081a146/datanode-7/data/ratis/0e5a5b8a-7a32-4dd9-804b-4e4984c096d6/sm/snapshot.1_4
2019-11-15 03:52:49,525 [09eef956-613c-46b0-8e56-22120e832e77@group-260154C42E13-SegmentedRaftLogWorker] INFO  segmented.SegmentedRaftLogWorker (SegmentedRaftLogWorker.java:run(316)) - 09eef956-613c-46b0-8e56-22120e832e77@group-260154C42E13-SegmentedRaftLogWorker was interrupted, exiting. There are 0 tasks remaining in the queue.
2019-11-15 03:52:49,526 [ForkJoinPool.commonPool-worker-1] INFO  segmented.SegmentedRaftLogWorker (SegmentedRaftLogWorker.java:close(224)) - 09eef956-613c-46b0-8e56-22120e832e77@group-260154C42E13-SegmentedRaftLogWorker close()
2019-11-15 03:52:49,526 [ForkJoinPool.commonPool-worker-1] INFO  server.GrpcService (GrpcService.java:closeImpl(164)) - 09eef956-613c-46b0-8e56-22120e832e77: shutdown server with port 45763 now
2019-11-15 03:52:49,527 [ForkJoinPool.commonPool-worker-1] INFO  server.GrpcService (GrpcService.java:closeImpl(172)) - 09eef956-613c-46b0-8e56-22120e832e77: shutdown server with port 45763 successfully
2019-11-15 03:52:49,528 [refreshUsed-/workdir/hadoop-ozone/integration-test/target/test-dir/MiniOzoneClusterImpl-7bc5bb7c-5c55-4645-ae41-72269081a146/datanode-1/data/containers] WARN  fs.CachingGetSpaceUsed (CachingGetSpaceUsed.java:run(183)) - Thread Interrupted waiting to refresh disk information: sleep interrupted
2019-11-15 03:52:49,549 [1f296aea-c4ef-4ad0-bd70-4536dedd0da2@group-4E4984C096D6-StateMachineUpdater] INFO  ratis.ContainerStateMachine (ContainerStateMachine.java:takeSnapshot(296)) - group-4E4984C096D6: Finished taking a snapshot at:(t:1, i:4) file:/workdir/hadoop-ozone/integration-test/target/test-dir/MiniOzoneClusterImpl-7bc5bb7c-5c55-4645-ae41-72269081a146/datanode-7/data/ratis/0e5a5b8a-7a32-4dd9-804b-4e4984c096d6/sm/snapshot.1_4 time:23
2019-11-15 03:52:49,549 [1f296aea-c4ef-4ad0-bd70-4536dedd0da2@group-4E4984C096D6-StateMachineUpdater] INFO  impl.StateMachineUpdater (StateMachineUpdater.java:takeSnapshot(269)) - 1f296aea-c4ef-4ad0-bd70-4536dedd0da2@group-4E4984C096D6-StateMachineUpdater: Took a snapshot at index 4
2019-11-15 03:52:49,549 [1f296aea-c4ef-4ad0-bd70-4536dedd0da2@group-4E4984C096D6-StateMachineUpdater] INFO  impl.StateMachineUpdater (StateMachineUpdater.java:lambda$new$0(84)) - 1f296aea-c4ef-4ad0-bd70-4536dedd0da2@group-4E4984C096D6-StateMachineUpdater: snapshotIndex: updateIncreasingly -1 -> 4
2019-11-15 03:52:49,550 [main] INFO  impl.RaftServerImpl (ServerState.java:close(387)) - 1f296aea-c4ef-4ad0-bd70-4536dedd0da2@group-4E4984C096D6: closes. applyIndex: 4
2019-11-15 03:52:49,550 [1f296aea-c4ef-4ad0-bd70-4536dedd0da2@group-4E4984C096D6-SegmentedRaftLogWorker] INFO  segmented.SegmentedRaftLogWorker (SegmentedRaftLogWorker.java:run(316)) - 1f296aea-c4ef-4ad0-bd70-4536dedd0da2@group-4E4984C096D6-SegmentedRaftLogWorker was interrupted, exiting. There are 0 tasks remaining in the queue.
2019-11-15 03:52:49,551 [ForkJoinPool.commonPool-worker-1] INFO  utils.BackgroundService (BackgroundService.java:shutdown(151)) - Shutting down service BlockDeletingService
2019-11-15 03:52:49,551 [main] INFO  segmented.SegmentedRaftLogWorker (SegmentedRaftLogWorker.java:close(224)) - 1f296aea-c4ef-4ad0-bd70-4536dedd0da2@group-4E4984C096D6-SegmentedRaftLogWorker close()
2019-11-15 03:52:49,551 [main] INFO  server.GrpcService (GrpcService.java:closeImpl(164)) - 1f296aea-c4ef-4ad0-bd70-4536dedd0da2: shutdown server with port 43123 now
2019-11-15 03:52:49,553 [ForkJoinPool.commonPool-worker-1] INFO  statemachine.DatanodeStateMachine (DatanodeStateMachine.java:stopDaemon(400)) - Ozone container server stopped.
2019-11-15 03:52:49,554 [main] INFO  server.GrpcService (GrpcService.java:closeImpl(172)) - 1f296aea-c4ef-4ad0-bd70-4536dedd0da2: shutdown server with port 43123 successfully
2019-11-15 03:52:49,556 [refreshUsed-/workdir/hadoop-ozone/integration-test/target/test-dir/MiniOzoneClusterImpl-7bc5bb7c-5c55-4645-ae41-72269081a146/datanode-7/data/containers] WARN  fs.CachingGetSpaceUsed (CachingGetSpaceUsed.java:run(183)) - Thread Interrupted waiting to refresh disk information: sleep interrupted
2019-11-15 03:52:49,557 [ForkJoinPool.commonPool-worker-1] INFO  handler.ContextHandler (ContextHandler.java:doStop(910)) - Stopped o.e.j.w.WebAppContext@30ec7d21{/,null,UNAVAILABLE}{/hddsDatanode}
2019-11-15 03:52:49,558 [ForkJoinPool.commonPool-worker-1] INFO  server.AbstractConnector (AbstractConnector.java:doStop(318)) - Stopped ServerConnector@70025b99{HTTP/1.1,[http/1.1]}{0.0.0.0:0}
2019-11-15 03:52:49,559 [ForkJoinPool.commonPool-worker-1] INFO  handler.ContextHandler (ContextHandler.java:doStop(910)) - Stopped o.e.j.s.ServletContextHandler@5c9934da{/static,jar:file:/home/user/.m2/repository/org/apache/hadoop/hadoop-hdds-container-service/0.5.0-SNAPSHOT/hadoop-hdds-container-service-0.5.0-SNAPSHOT.jar!/webapps/static,UNAVAILABLE}
2019-11-15 03:52:49,559 [ForkJoinPool.commonPool-worker-1] INFO  handler.ContextHandler (ContextHandler.java:doStop(910)) - Stopped o.e.j.s.ServletContextHandler@6ca30b8a{/logs,file:///workdir/hadoop-ozone/integration-test/target/log,UNAVAILABLE}
2019-11-15 03:52:49,573 [main] INFO  utils.BackgroundService (BackgroundService.java:shutdown(151)) - Shutting down service BlockDeletingService
2019-11-15 03:52:49,579 [main] INFO  statemachine.DatanodeStateMachine (DatanodeStateMachine.java:stopDaemon(400)) - Ozone container server stopped.
2019-11-15 03:52:49,580 [main] INFO  handler.ContextHandler (ContextHandler.java:doStop(910)) - Stopped o.e.j.w.WebAppContext@5d5a51b1{/,null,UNAVAILABLE}{/hddsDatanode}
2019-11-15 03:52:49,581 [main] INFO  server.AbstractConnector (AbstractConnector.java:doStop(318)) - Stopped ServerConnector@4dc7cd1c{HTTP/1.1,[http/1.1]}{0.0.0.0:0}
2019-11-15 03:52:49,581 [main] INFO  handler.ContextHandler (ContextHandler.java:doStop(910)) - Stopped o.e.j.s.ServletContextHandler@516592b1{/static,jar:file:/home/user/.m2/repository/org/apache/hadoop/hadoop-hdds-container-service/0.5.0-SNAPSHOT/hadoop-hdds-container-service-0.5.0-SNAPSHOT.jar!/webapps/static,UNAVAILABLE}
2019-11-15 03:52:49,581 [main] INFO  handler.ContextHandler (ContextHandler.java:doStop(910)) - Stopped o.e.j.s.ServletContextHandler@1ec22831{/logs,file:///workdir/hadoop-ozone/integration-test/target/log,UNAVAILABLE}
2019-11-15 03:52:49,582 [main] INFO  ozone.MiniOzoneClusterImpl (MiniOzoneClusterImpl.java:stopSCM(430)) - Stopping the StorageContainerManager
2019-11-15 03:52:49,582 [main] INFO  server.StorageContainerManager (StorageContainerManager.java:stop(804)) - Stopping Replication Manager Service.
2019-11-15 03:52:49,582 [main] INFO  container.ReplicationManager (ReplicationManager.java:stop(203)) - Stopping Replication Monitor Thread.
2019-11-15 03:52:49,583 [main] INFO  server.StorageContainerManager (StorageContainerManager.java:stop(811)) - Stopping Lease Manager of the command watchers
2019-11-15 03:52:49,583 [main] INFO  server.StorageContainerManager (StorageContainerManager.java:stop(818)) - Stopping datanode service RPC server
2019-11-15 03:52:49,583 [main] INFO  server.SCMDatanodeProtocolServer (SCMDatanodeProtocolServer.java:stop(346)) - Stopping the RPC server for DataNodes
2019-11-15 03:52:49,583 [main] INFO  ipc.Server (Server.java:stop(3082)) - Stopping server on 36809
2019-11-15 03:52:49,585 [IPC Server listener on 36809] INFO  ipc.Server (Server.java:run(1185)) - Stopping IPC Server listener on 36809
2019-11-15 03:52:49,585 [IPC Server Responder] INFO  ipc.Server (Server.java:run(1319)) - Stopping IPC Server Responder
2019-11-15 03:52:49,623 [SCM Heartbeat Processing Thread - 0] WARN  node.NodeStateManager (NodeStateManager.java:scheduleNextHealthCheck(646)) - Current Thread is interrupted, shutting down HB processing thread for Node Manager.
2019-11-15 03:52:49,623 [main] INFO  server.StorageContainerManager (StorageContainerManager.java:stop(826)) - Stopping block service RPC server
2019-11-15 03:52:49,624 [main] INFO  server.SCMBlockProtocolServer (SCMBlockProtocolServer.java:stop(155)) - Stopping the RPC server for Block Protocol
2019-11-15 03:52:49,624 [main] INFO  ipc.Server (Server.java:stop(3082)) - Stopping server on 41383
2019-11-15 03:52:49,625 [IPC Server listener on 41383] INFO  ipc.Server (Server.java:run(1185)) - Stopping IPC Server listener on 41383
2019-11-15 03:52:49,625 [main] INFO  server.StorageContainerManager (StorageContainerManager.java:stop(833)) - Stopping the StorageContainerLocationProtocol RPC server
2019-11-15 03:52:49,626 [IPC Server Responder] INFO  ipc.Server (Server.java:run(1319)) - Stopping IPC Server Responder
2019-11-15 03:52:49,626 [main] INFO  server.SCMClientProtocolServer (SCMClientProtocolServer.java:stop(169)) - Stopping the RPC server for Client Protocol
2019-11-15 03:52:49,627 [main] INFO  ipc.Server (Server.java:stop(3082)) - Stopping server on 34104
2019-11-15 03:52:49,628 [IPC Server listener on 34104] INFO  ipc.Server (Server.java:run(1185)) - Stopping IPC Server listener on 34104
2019-11-15 03:52:49,628 [main] INFO  server.StorageContainerManager (StorageContainerManager.java:stop(840)) - Stopping Storage Container Manager HTTP server.
2019-11-15 03:52:49,628 [IPC Server Responder] INFO  ipc.Server (Server.java:run(1319)) - Stopping IPC Server Responder
2019-11-15 03:52:49,629 [main] INFO  handler.ContextHandler (ContextHandler.java:doStop(910)) - Stopped o.e.j.w.WebAppContext@48a663e9{/,null,UNAVAILABLE}{/scm}
2019-11-15 03:52:49,630 [main] INFO  server.AbstractConnector (AbstractConnector.java:doStop(318)) - Stopped ServerConnector@777d0bc3{HTTP/1.1,[http/1.1]}{0.0.0.0:0}
2019-11-15 03:52:49,630 [main] INFO  handler.ContextHandler (ContextHandler.java:doStop(910)) - Stopped o.e.j.s.ServletContextHandler@69cd1085{/static,file:///workdir/hadoop-ozone/integration-test/target/test-classes/webapps/static,UNAVAILABLE}
2019-11-15 03:52:49,631 [main] INFO  handler.ContextHandler (ContextHandler.java:doStop(910)) - Stopped o.e.j.s.ServletContextHandler@75babb67{/logs,file:///workdir/hadoop-ozone/integration-test/target/log,UNAVAILABLE}
2019-11-15 03:52:49,631 [main] INFO  server.StorageContainerManager (StorageContainerManager.java:stop(851)) - Stopping Block Manager Service.
2019-11-15 03:52:49,631 [main] INFO  utils.BackgroundService (BackgroundService.java:shutdown(151)) - Shutting down service SCMBlockDeletingService
2019-11-15 03:52:49,632 [main] INFO  utils.BackgroundService (BackgroundService.java:shutdown(151)) - Shutting down service SCMBlockDeletingService
2019-11-15 03:52:49,632 [main] INFO  server.StorageContainerManager (StorageContainerManager.java:stop(873)) - Stopping SCM Event Queue.
2019-11-15 03:52:49,636 [main] INFO  impl.MetricsSystemImpl (MetricsSystemImpl.java:stop(210)) - Stopping HddsDatanode metrics system...
2019-11-15 03:52:49,645 [main] INFO  impl.MetricsSystemImpl (MetricsSystemImpl.java:stop(216)) - HddsDatanode metrics system stopped.
]]></system-out>
    <system-err><![CDATA[Nov 15, 2019 3:52:34 AM org.apache.ratis.thirdparty.io.grpc.internal.SerializingExecutor run
SEVERE: Exception while executing runnable org.apache.ratis.thirdparty.io.grpc.internal.ServerImpl$JumpToApplicationThreadServerStreamListener$1Closed@7b82a52b
org.apache.ratis.thirdparty.io.grpc.StatusRuntimeException: CANCELLED: call already cancelled
	at org.apache.ratis.thirdparty.io.grpc.Status.asRuntimeException(Status.java:517)
	at org.apache.ratis.thirdparty.io.grpc.stub.ServerCalls$ServerCallStreamObserverImpl.onCompleted(ServerCalls.java:356)
	at org.apache.ratis.grpc.server.GrpcServerProtocolService$ServerRequestStreamObserver.onError(GrpcServerProtocolService.java:121)
	at org.apache.ratis.thirdparty.io.grpc.stub.ServerCalls$StreamingServerCallHandler$StreamingServerCallListener.onCancel(ServerCalls.java:269)
	at org.apache.ratis.thirdparty.io.grpc.internal.ServerCallImpl$ServerStreamListenerImpl.closed(ServerCallImpl.java:293)
	at org.apache.ratis.thirdparty.io.grpc.internal.ServerImpl$JumpToApplicationThreadServerStreamListener$1Closed.runInContext(ServerImpl.java:741)
	at org.apache.ratis.thirdparty.io.grpc.internal.ContextRunnable.run(ContextRunnable.java:37)
	at org.apache.ratis.thirdparty.io.grpc.internal.SerializingExecutor.run(SerializingExecutor.java:123)
	at java.util.concurrent.ThreadPoolExecutor.runWorker(ThreadPoolExecutor.java:1149)
	at java.util.concurrent.ThreadPoolExecutor$Worker.run(ThreadPoolExecutor.java:624)
	at java.lang.Thread.run(Thread.java:748)

Nov 15, 2019 3:52:34 AM org.apache.ratis.thirdparty.io.grpc.internal.SerializingExecutor run
SEVERE: Exception while executing runnable org.apache.ratis.thirdparty.io.grpc.internal.ServerImpl$JumpToApplicationThreadServerStreamListener$1Closed@1f484ed4
org.apache.ratis.thirdparty.io.grpc.StatusRuntimeException: CANCELLED: call already cancelled
	at org.apache.ratis.thirdparty.io.grpc.Status.asRuntimeException(Status.java:517)
	at org.apache.ratis.thirdparty.io.grpc.stub.ServerCalls$ServerCallStreamObserverImpl.onCompleted(ServerCalls.java:356)
	at org.apache.ratis.grpc.server.GrpcServerProtocolService$ServerRequestStreamObserver.onError(GrpcServerProtocolService.java:121)
	at org.apache.ratis.thirdparty.io.grpc.stub.ServerCalls$StreamingServerCallHandler$StreamingServerCallListener.onCancel(ServerCalls.java:269)
	at org.apache.ratis.thirdparty.io.grpc.internal.ServerCallImpl$ServerStreamListenerImpl.closed(ServerCallImpl.java:293)
	at org.apache.ratis.thirdparty.io.grpc.internal.ServerImpl$JumpToApplicationThreadServerStreamListener$1Closed.runInContext(ServerImpl.java:741)
	at org.apache.ratis.thirdparty.io.grpc.internal.ContextRunnable.run(ContextRunnable.java:37)
	at org.apache.ratis.thirdparty.io.grpc.internal.SerializingExecutor.run(SerializingExecutor.java:123)
	at java.util.concurrent.ThreadPoolExecutor.runWorker(ThreadPoolExecutor.java:1149)
	at java.util.concurrent.ThreadPoolExecutor$Worker.run(ThreadPoolExecutor.java:624)
	at java.lang.Thread.run(Thread.java:748)

]]></system-err>
  </testcase>
  <testcase name="testWriteSmallFile" classname="org.apache.hadoop.ozone.client.rpc.TestFailureHandlingByClient" time="76.559"/>
  <testcase name="testBlockWritesWithDnFailures" classname="org.apache.hadoop.ozone.client.rpc.TestFailureHandlingByClient" time="54.659"/>
  <testcase name="testDatanodeExclusionWithMajorityCommit" classname="org.apache.hadoop.ozone.client.rpc.TestFailureHandlingByClient" time="52.956"/>
</testsuite>