<?xml version="1.0" encoding="UTF-8"?>
<testsuite xmlns:xsi="http://www.w3.org/2001/XMLSchema-instance" xsi:noNamespaceSchemaLocation="https://maven.apache.org/surefire/maven-surefire-plugin/xsd/surefire-test-report.xsd" name="org.apache.hadoop.ozone.freon.TestDataValidateWithSafeByteOperations" time="109.213" tests="3" errors="1" skipped="0" failures="0">
  <properties>
    <property name="awt.toolkit" value="sun.awt.X11.XToolkit"/>
    <property name="file.encoding.pkg" value="sun.io"/>
    <property name="java.specification.version" value="1.8"/>
    <property name="sun.cpu.isalist" value=""/>
    <property name="sun.jnu.encoding" value="ANSI_X3.4-1968"/>
    <property name="java.class.path" value="/workdir/hadoop-ozone/tools/target/test-classes:/workdir/hadoop-ozone/tools/target/classes:/home/user/.m2/repository/org/apache/hadoop/hadoop-ozone-ozone-manager/0.5.0-SNAPSHOT/hadoop-ozone-ozone-manager-0.5.0-SNAPSHOT.jar:/home/user/.m2/repository/org/apache/hadoop/hadoop-hdds-docs/0.5.0-SNAPSHOT/hadoop-hdds-docs-0.5.0-SNAPSHOT.jar:/home/user/.m2/repository/org/bouncycastle/bcprov-jdk15on/1.60/bcprov-jdk15on-1.60.jar:/home/user/.m2/repository/org/apache/hadoop/hadoop-ozone-common/0.5.0-SNAPSHOT/hadoop-ozone-common-0.5.0-SNAPSHOT.jar:/home/user/.m2/repository/org/apache/commons/commons-compress/1.4.1/commons-compress-1.4.1.jar:/home/user/.m2/repository/org/tukaani/xz/1.0/xz-1.0.jar:/home/user/.m2/repository/org/apache/hadoop/hadoop-hdfs-client/3.2.0/hadoop-hdfs-client-3.2.0.jar:/home/user/.m2/repository/com/fasterxml/jackson/core/jackson-annotations/2.9.9/jackson-annotations-2.9.9.jar:/home/user/.m2/repository/org/apache/hadoop/hadoop-hdds-common/0.5.0-SNAPSHOT/hadoop-hdds-common-0.5.0-SNAPSHOT.jar:/home/user/.m2/repository/org/apache/hadoop/hadoop-hdds-config/0.5.0-SNAPSHOT/hadoop-hdds-config-0.5.0-SNAPSHOT.jar:/home/user/.m2/repository/javax/annotation/javax.annotation-api/1.2/javax.annotation-api-1.2.jar:/home/user/.m2/repository/org/apache/ratis/ratis-server/0.5.0-d6d58d0-SNAPSHOT/ratis-server-0.5.0-d6d58d0-SNAPSHOT.jar:/home/user/.m2/repository/org/apache/ratis/ratis-thirdparty-misc/0.2.0/ratis-thirdparty-misc-0.2.0.jar:/home/user/.m2/repository/org/apache/ratis/ratis-proto/0.5.0-d6d58d0-SNAPSHOT/ratis-proto-0.5.0-d6d58d0-SNAPSHOT.jar:/home/user/.m2/repository/org/apache/ratis/ratis-common/0.5.0-d6d58d0-SNAPSHOT/ratis-common-0.5.0-d6d58d0-SNAPSHOT.jar:/home/user/.m2/repository/org/apache/ratis/ratis-client/0.5.0-d6d58d0-SNAPSHOT/ratis-client-0.5.0-d6d58d0-SNAPSHOT.jar:/home/user/.m2/repository/org/apache/ratis/ratis-metrics/0.5.0-d6d58d0-SNAPSHOT/ratis-metrics-0.5.0-d6d58d0-SNAPSHOT.jar:/home/user/.m2/repository/org/apache/ratis/ratis-netty/0.5.0-d6d58d0-SNAPSHOT/ratis-netty-0.5.0-d6d58d0-SNAPSHOT.jar:/home/user/.m2/repository/org/apache/ratis/ratis-grpc/0.5.0-d6d58d0-SNAPSHOT/ratis-grpc-0.5.0-d6d58d0-SNAPSHOT.jar:/home/user/.m2/repository/org/rocksdb/rocksdbjni/6.0.1/rocksdbjni-6.0.1.jar:/home/user/.m2/repository/org/apache/logging/log4j/log4j-api/2.11.0/log4j-api-2.11.0.jar:/home/user/.m2/repository/org/apache/logging/log4j/log4j-core/2.11.0/log4j-core-2.11.0.jar:/home/user/.m2/repository/com/lmax/disruptor/3.4.2/disruptor-3.4.2.jar:/home/user/.m2/repository/org/apache/commons/commons-pool2/2.6.0/commons-pool2-2.6.0.jar:/home/user/.m2/repository/org/bouncycastle/bcpkix-jdk15on/1.60/bcpkix-jdk15on-1.60.jar:/home/user/.m2/repository/commons-validator/commons-validator/1.6/commons-validator-1.6.jar:/home/user/.m2/repository/commons-digester/commons-digester/1.8.1/commons-digester-1.8.1.jar:/home/user/.m2/repository/io/jaegertracing/jaeger-client/0.34.0/jaeger-client-0.34.0.jar:/home/user/.m2/repository/io/jaegertracing/jaeger-thrift/0.34.0/jaeger-thrift-0.34.0.jar:/home/user/.m2/repository/org/apache/thrift/libthrift/0.12.0/libthrift-0.12.0.jar:/home/user/.m2/repository/com/squareup/okhttp3/okhttp/3.9.0/okhttp-3.9.0.jar:/home/user/.m2/repository/com/squareup/okio/okio/1.13.0/okio-1.13.0.jar:/home/user/.m2/repository/io/jaegertracing/jaeger-core/0.34.0/jaeger-core-0.34.0.jar:/home/user/.m2/repository/io/jaegertracing/jaeger-tracerresolver/0.34.0/jaeger-tracerresolver-0.34.0.jar:/home/user/.m2/repository/io/opentracing/contrib/opentracing-tracerresolver/0.1.5/opentracing-tracerresolver-0.1.5.jar:/home/user/.m2/repository/io/opentracing/opentracing-util/0.31.0/opentracing-util-0.31.0.jar:/home/user/.m2/repository/io/opentracing/opentracing-api/0.31.0/opentracing-api-0.31.0.jar:/home/user/.m2/repository/io/opentracing/opentracing-noop/0.31.0/opentracing-noop-0.31.0.jar:/home/user/.m2/repository/org/yaml/snakeyaml/1.16/snakeyaml-1.16.jar:/home/user/.m2/repository/org/apache/hadoop/hadoop-hdds-container-service/0.5.0-SNAPSHOT/hadoop-hdds-container-service-0.5.0-SNAPSHOT.jar:/home/user/.m2/repository/org/apache/hadoop/hadoop-hdds-client/0.5.0-SNAPSHOT/hadoop-hdds-client-0.5.0-SNAPSHOT.jar:/home/user/.m2/repository/org/apache/hadoop/hadoop-hdds-tools/0.5.0-SNAPSHOT/hadoop-hdds-tools-0.5.0-SNAPSHOT.jar:/home/user/.m2/repository/org/xerial/sqlite-jdbc/3.25.2/sqlite-jdbc-3.25.2.jar:/home/user/.m2/repository/org/apache/hadoop/hadoop-hdds-server-scm/0.5.0-SNAPSHOT/hadoop-hdds-server-scm-0.5.0-SNAPSHOT.jar:/home/user/.m2/repository/org/hamcrest/hamcrest-all/1.3/hamcrest-all-1.3.jar:/home/user/.m2/repository/info/picocli/picocli/3.9.6/picocli-3.9.6.jar:/home/user/.m2/repository/com/google/protobuf/protobuf-java/2.5.0/protobuf-java-2.5.0.jar:/home/user/.m2/repository/com/google/guava/guava/11.0.2/guava-11.0.2.jar:/home/user/.m2/repository/org/apache/hadoop/hadoop-ozone-client/0.5.0-SNAPSHOT/hadoop-ozone-client-0.5.0-SNAPSHOT.jar:/workdir/hadoop-ozone/ozonefs/target/classes:/home/user/.m2/repository/org/apache/httpcomponents/httpclient/4.5.2/httpclient-4.5.2.jar:/home/user/.m2/repository/org/apache/httpcomponents/httpcore/4.4.4/httpcore-4.4.4.jar:/home/user/.m2/repository/org/apache/hadoop/hadoop-hdds-server-framework/0.5.0-SNAPSHOT/hadoop-hdds-server-framework-0.5.0-SNAPSHOT.jar:/home/user/.m2/repository/org/apache/hadoop/hadoop-common/3.2.0/hadoop-common-3.2.0.jar:/home/user/.m2/repository/org/apache/hadoop/hadoop-annotations/3.2.0/hadoop-annotations-3.2.0.jar:/usr/lib/jvm/java-1.8.0-openjdk-1.8.0.222.b10-1.el7_7.x86_64/jre/../lib/tools.jar:/home/user/.m2/repository/commons-cli/commons-cli/1.2/commons-cli-1.2.jar:/home/user/.m2/repository/org/apache/commons/commons-math3/3.1.1/commons-math3-3.1.1.jar:/home/user/.m2/repository/commons-codec/commons-codec/1.11/commons-codec-1.11.jar:/home/user/.m2/repository/commons-io/commons-io/2.5/commons-io-2.5.jar:/home/user/.m2/repository/commons-net/commons-net/3.6/commons-net-3.6.jar:/home/user/.m2/repository/commons-collections/commons-collections/3.2.2/commons-collections-3.2.2.jar:/home/user/.m2/repository/javax/servlet/javax.servlet-api/3.1.0/javax.servlet-api-3.1.0.jar:/home/user/.m2/repository/org/eclipse/jetty/jetty-server/9.3.25.v20180904/jetty-server-9.3.25.v20180904.jar:/home/user/.m2/repository/org/eclipse/jetty/jetty-http/9.3.25.v20180904/jetty-http-9.3.25.v20180904.jar:/home/user/.m2/repository/org/eclipse/jetty/jetty-io/9.3.25.v20180904/jetty-io-9.3.25.v20180904.jar:/home/user/.m2/repository/org/eclipse/jetty/jetty-util/9.3.25.v20180904/jetty-util-9.3.25.v20180904.jar:/home/user/.m2/repository/org/eclipse/jetty/jetty-servlet/9.3.25.v20180904/jetty-servlet-9.3.25.v20180904.jar:/home/user/.m2/repository/org/eclipse/jetty/jetty-security/9.3.25.v20180904/jetty-security-9.3.25.v20180904.jar:/home/user/.m2/repository/org/eclipse/jetty/jetty-webapp/9.3.25.v20180904/jetty-webapp-9.3.25.v20180904.jar:/home/user/.m2/repository/org/eclipse/jetty/jetty-xml/9.3.25.v20180904/jetty-xml-9.3.25.v20180904.jar:/home/user/.m2/repository/javax/servlet/jsp/jsp-api/2.1/jsp-api-2.1.jar:/home/user/.m2/repository/com/sun/jersey/jersey-core/1.19/jersey-core-1.19.jar:/home/user/.m2/repository/javax/ws/rs/jsr311-api/1.1.1/jsr311-api-1.1.1.jar:/home/user/.m2/repository/com/sun/jersey/jersey-servlet/1.19/jersey-servlet-1.19.jar:/home/user/.m2/repository/com/sun/jersey/jersey-json/1.19/jersey-json-1.19.jar:/home/user/.m2/repository/org/codehaus/jettison/jettison/1.1/jettison-1.1.jar:/home/user/.m2/repository/com/sun/xml/bind/jaxb-impl/2.3.0.1/jaxb-impl-2.3.0.1.jar:/home/user/.m2/repository/org/codehaus/jackson/jackson-core-asl/1.9.13/jackson-core-asl-1.9.13.jar:/home/user/.m2/repository/org/codehaus/jackson/jackson-mapper-asl/1.9.13/jackson-mapper-asl-1.9.13.jar:/home/user/.m2/repository/org/codehaus/jackson/jackson-jaxrs/1.9.13/jackson-jaxrs-1.9.13.jar:/home/user/.m2/repository/org/codehaus/jackson/jackson-xc/1.9.13/jackson-xc-1.9.13.jar:/home/user/.m2/repository/com/sun/jersey/jersey-server/1.19/jersey-server-1.19.jar:/home/user/.m2/repository/commons-logging/commons-logging/1.1.3/commons-logging-1.1.3.jar:/home/user/.m2/repository/log4j/log4j/1.2.17/log4j-1.2.17.jar:/home/user/.m2/repository/commons-beanutils/commons-beanutils/1.9.4/commons-beanutils-1.9.4.jar:/home/user/.m2/repository/org/apache/commons/commons-configuration2/2.1.1/commons-configuration2-2.1.1.jar:/home/user/.m2/repository/org/apache/commons/commons-lang3/3.7/commons-lang3-3.7.jar:/home/user/.m2/repository/org/apache/commons/commons-text/1.4/commons-text-1.4.jar:/home/user/.m2/repository/org/slf4j/slf4j-api/1.7.25/slf4j-api-1.7.25.jar:/home/user/.m2/repository/org/slf4j/slf4j-log4j12/1.7.25/slf4j-log4j12-1.7.25.jar:/home/user/.m2/repository/org/apache/avro/avro/1.7.7/avro-1.7.7.jar:/home/user/.m2/repository/com/thoughtworks/paranamer/paranamer/2.3/paranamer-2.3.jar:/home/user/.m2/repository/org/xerial/snappy/snappy-java/1.0.5/snappy-java-1.0.5.jar:/home/user/.m2/repository/com/google/re2j/re2j/1.1/re2j-1.1.jar:/home/user/.m2/repository/com/google/code/gson/gson/2.2.4/gson-2.2.4.jar:/home/user/.m2/repository/org/apache/hadoop/hadoop-auth/3.2.0/hadoop-auth-3.2.0.jar:/home/user/.m2/repository/com/nimbusds/nimbus-jose-jwt/4.41.1/nimbus-jose-jwt-4.41.1.jar:/home/user/.m2/repository/com/github/stephenc/jcip/jcip-annotations/1.0-1/jcip-annotations-1.0-1.jar:/home/user/.m2/repository/net/minidev/json-smart/2.3/json-smart-2.3.jar:/home/user/.m2/repository/net/minidev/accessors-smart/1.2/accessors-smart-1.2.jar:/home/user/.m2/repository/org/apache/curator/curator-framework/2.12.0/curator-framework-2.12.0.jar:/home/user/.m2/repository/com/jcraft/jsch/0.1.54/jsch-0.1.54.jar:/home/user/.m2/repository/org/apache/curator/curator-client/2.12.0/curator-client-2.12.0.jar:/home/user/.m2/repository/org/apache/curator/curator-recipes/2.12.0/curator-recipes-2.12.0.jar:/home/user/.m2/repository/com/google/code/findbugs/jsr305/3.0.0/jsr305-3.0.0.jar:/home/user/.m2/repository/org/apache/htrace/htrace-core4/4.1.0-incubating/htrace-core4-4.1.0-incubating.jar:/home/user/.m2/repository/org/apache/zookeeper/zookeeper/3.4.13/zookeeper-3.4.13.jar:/home/user/.m2/repository/jline/jline/0.9.94/jline-0.9.94.jar:/home/user/.m2/repository/org/apache/yetus/audience-annotations/0.5.0/audience-annotations-0.5.0.jar:/home/user/.m2/repository/org/apache/kerby/kerb-simplekdc/1.0.1/kerb-simplekdc-1.0.1.jar:/home/user/.m2/repository/org/apache/kerby/kerb-client/1.0.1/kerb-client-1.0.1.jar:/home/user/.m2/repository/org/apache/kerby/kerby-config/1.0.1/kerby-config-1.0.1.jar:/home/user/.m2/repository/org/apache/kerby/kerb-core/1.0.1/kerb-core-1.0.1.jar:/home/user/.m2/repository/org/apache/kerby/kerby-pkix/1.0.1/kerby-pkix-1.0.1.jar:/home/user/.m2/repository/org/apache/kerby/kerby-asn1/1.0.1/kerby-asn1-1.0.1.jar:/home/user/.m2/repository/org/apache/kerby/kerby-util/1.0.1/kerby-util-1.0.1.jar:/home/user/.m2/repository/org/apache/kerby/kerb-common/1.0.1/kerb-common-1.0.1.jar:/home/user/.m2/repository/org/apache/kerby/kerb-crypto/1.0.1/kerb-crypto-1.0.1.jar:/home/user/.m2/repository/org/apache/kerby/kerb-util/1.0.1/kerb-util-1.0.1.jar:/home/user/.m2/repository/org/apache/kerby/token-provider/1.0.1/token-provider-1.0.1.jar:/home/user/.m2/repository/org/apache/kerby/kerb-admin/1.0.1/kerb-admin-1.0.1.jar:/home/user/.m2/repository/org/apache/kerby/kerb-server/1.0.1/kerb-server-1.0.1.jar:/home/user/.m2/repository/org/apache/kerby/kerb-identity/1.0.1/kerb-identity-1.0.1.jar:/home/user/.m2/repository/org/apache/kerby/kerby-xdr/1.0.1/kerby-xdr-1.0.1.jar:/home/user/.m2/repository/com/fasterxml/jackson/core/jackson-databind/2.9.9/jackson-databind-2.9.9.jar:/home/user/.m2/repository/com/fasterxml/jackson/core/jackson-core/2.9.9/jackson-core-2.9.9.jar:/home/user/.m2/repository/org/codehaus/woodstox/stax2-api/3.1.4/stax2-api-3.1.4.jar:/home/user/.m2/repository/com/fasterxml/woodstox/woodstox-core/5.0.3/woodstox-core-5.0.3.jar:/home/user/.m2/repository/dnsjava/dnsjava/2.1.7/dnsjava-2.1.7.jar:/home/user/.m2/repository/org/apache/hadoop/hadoop-hdfs/3.2.0/hadoop-hdfs-3.2.0.jar:/home/user/.m2/repository/org/eclipse/jetty/jetty-util-ajax/9.3.25.v20180904/jetty-util-ajax-9.3.25.v20180904.jar:/home/user/.m2/repository/commons-daemon/commons-daemon/1.0.13/commons-daemon-1.0.13.jar:/home/user/.m2/repository/io/netty/netty/3.10.5.Final/netty-3.10.5.Final.jar:/home/user/.m2/repository/io/netty/netty-all/4.0.52.Final/netty-all-4.0.52.Final.jar:/home/user/.m2/repository/org/fusesource/leveldbjni/leveldbjni-all/1.8/leveldbjni-all-1.8.jar:/home/user/.m2/repository/com/sun/xml/bind/jaxb-core/2.3.0.1/jaxb-core-2.3.0.1.jar:/home/user/.m2/repository/javax/xml/bind/jaxb-api/2.3.0/jaxb-api-2.3.0.jar:/home/user/.m2/repository/javax/activation/activation/1.1.1/activation-1.1.1.jar:/home/user/.m2/repository/org/openjdk/jmh/jmh-core/1.19/jmh-core-1.19.jar:/home/user/.m2/repository/net/sf/jopt-simple/jopt-simple/4.6/jopt-simple-4.6.jar:/home/user/.m2/repository/org/openjdk/jmh/jmh-generator-annprocess/1.19/jmh-generator-annprocess-1.19.jar:/home/user/.m2/repository/io/dropwizard/metrics/metrics-core/3.2.4/metrics-core-3.2.4.jar:/home/user/.m2/repository/com/amazonaws/aws-java-sdk-s3/1.11.615/aws-java-sdk-s3-1.11.615.jar:/home/user/.m2/repository/com/amazonaws/aws-java-sdk-kms/1.11.615/aws-java-sdk-kms-1.11.615.jar:/home/user/.m2/repository/com/amazonaws/aws-java-sdk-core/1.11.615/aws-java-sdk-core-1.11.615.jar:/home/user/.m2/repository/software/amazon/ion/ion-java/1.0.2/ion-java-1.0.2.jar:/home/user/.m2/repository/com/fasterxml/jackson/dataformat/jackson-dataformat-cbor/2.9.9/jackson-dataformat-cbor-2.9.9.jar:/home/user/.m2/repository/joda-time/joda-time/2.9.9/joda-time-2.9.9.jar:/home/user/.m2/repository/com/amazonaws/jmespath-java/1.11.615/jmespath-java-1.11.615.jar:/home/user/.m2/repository/com/github/spotbugs/spotbugs/3.1.12/spotbugs-3.1.12.jar:/home/user/.m2/repository/org/ow2/asm/asm/5.0.4/asm-5.0.4.jar:/home/user/.m2/repository/org/ow2/asm/asm-analysis/7.0/asm-analysis-7.0.jar:/home/user/.m2/repository/org/ow2/asm/asm-commons/7.0/asm-commons-7.0.jar:/home/user/.m2/repository/org/ow2/asm/asm-tree/7.0/asm-tree-7.0.jar:/home/user/.m2/repository/org/ow2/asm/asm-util/7.0/asm-util-7.0.jar:/home/user/.m2/repository/org/apache/bcel/bcel/6.3/bcel-6.3.jar:/home/user/.m2/repository/net/jcip/jcip-annotations/1.0/jcip-annotations-1.0.jar:/home/user/.m2/repository/org/dom4j/dom4j/2.1.1/dom4j-2.1.1.jar:/home/user/.m2/repository/jaxen/jaxen/1.1.6/jaxen-1.1.6.jar:/home/user/.m2/repository/commons-lang/commons-lang/2.6/commons-lang-2.6.jar:/home/user/.m2/repository/com/github/spotbugs/spotbugs-annotations/3.1.12/spotbugs-annotations-3.1.12.jar:/home/user/.m2/repository/junit/junit/4.11/junit-4.11.jar:/home/user/.m2/repository/org/hamcrest/hamcrest-core/1.3/hamcrest-core-1.3.jar:/home/user/.m2/repository/org/apache/hadoop/hadoop-common/3.2.0/hadoop-common-3.2.0-tests.jar:/workdir/hadoop-ozone/integration-test/target/test-classes:/home/user/.m2/repository/org/apache/hadoop/hadoop-ozone-s3gateway/0.5.0-SNAPSHOT/hadoop-ozone-s3gateway-0.5.0-SNAPSHOT.jar:/home/user/.m2/repository/org/jboss/weld/servlet/weld-servlet/2.4.7.Final/weld-servlet-2.4.7.Final.jar:/home/user/.m2/repository/org/glassfish/jersey/containers/jersey-container-servlet-core/2.27/jersey-container-servlet-core-2.27.jar:/home/user/.m2/repository/org/glassfish/hk2/external/javax.inject/2.5.0-b42/javax.inject-2.5.0-b42.jar:/home/user/.m2/repository/org/glassfish/jersey/core/jersey-common/2.27/jersey-common-2.27.jar:/home/user/.m2/repository/org/glassfish/hk2/osgi-resource-locator/1.0.1/osgi-resource-locator-1.0.1.jar:/home/user/.m2/repository/javax/ws/rs/javax.ws.rs-api/2.1/javax.ws.rs-api-2.1.jar:/home/user/.m2/repository/org/glassfish/jersey/ext/cdi/jersey-cdi1x/2.27/jersey-cdi1x-2.27.jar:/home/user/.m2/repository/org/glassfish/jersey/inject/jersey-hk2/2.27/jersey-hk2-2.27.jar:/home/user/.m2/repository/org/glassfish/hk2/hk2-locator/2.5.0-b42/hk2-locator-2.5.0-b42.jar:/home/user/.m2/repository/org/javassist/javassist/3.22.0-CR2/javassist-3.22.0-CR2.jar:/home/user/.m2/repository/org/glassfish/hk2/hk2-api/2.5.0/hk2-api-2.5.0.jar:/home/user/.m2/repository/org/glassfish/hk2/external/jakarta.inject/2.5.0/jakarta.inject-2.5.0.jar:/home/user/.m2/repository/org/glassfish/hk2/hk2-utils/2.5.0/hk2-utils-2.5.0.jar:/home/user/.m2/repository/jakarta/annotation/jakarta.annotation-api/1.3.4/jakarta.annotation-api-1.3.4.jar:/home/user/.m2/repository/org/glassfish/hk2/external/aopalliance-repackaged/2.5.0/aopalliance-repackaged-2.5.0.jar:/home/user/.m2/repository/com/fasterxml/jackson/dataformat/jackson-dataformat-xml/2.9.0/jackson-dataformat-xml-2.9.0.jar:/home/user/.m2/repository/com/fasterxml/jackson/module/jackson-module-jaxb-annotations/2.9.9/jackson-module-jaxb-annotations-2.9.9.jar:/home/user/.m2/repository/javax/enterprise/cdi-api/1.2/cdi-api-1.2.jar:/home/user/.m2/repository/javax/el/javax.el-api/3.0.0/javax.el-api-3.0.0.jar:/home/user/.m2/repository/javax/interceptor/javax.interceptor-api/1.2/javax.interceptor-api-1.2.jar:/home/user/.m2/repository/javax/inject/javax.inject/1/javax.inject-1.jar:/home/user/.m2/repository/org/apache/hadoop/hadoop-ozone-csi/0.5.0-SNAPSHOT/hadoop-ozone-csi-0.5.0-SNAPSHOT.jar:/home/user/.m2/repository/com/google/protobuf/protobuf-java-util/3.5.1/protobuf-java-util-3.5.1.jar:/home/user/.m2/repository/io/grpc/grpc-netty/1.17.1/grpc-netty-1.17.1.jar:/home/user/.m2/repository/io/grpc/grpc-core/1.17.1/grpc-core-1.17.1.jar:/home/user/.m2/repository/io/grpc/grpc-context/1.17.1/grpc-context-1.17.1.jar:/home/user/.m2/repository/com/google/errorprone/error_prone_annotations/2.2.0/error_prone_annotations-2.2.0.jar:/home/user/.m2/repository/org/codehaus/mojo/animal-sniffer-annotations/1.17/animal-sniffer-annotations-1.17.jar:/home/user/.m2/repository/io/opencensus/opencensus-api/0.17.0/opencensus-api-0.17.0.jar:/home/user/.m2/repository/io/opencensus/opencensus-contrib-grpc-metrics/0.17.0/opencensus-contrib-grpc-metrics-0.17.0.jar:/home/user/.m2/repository/io/netty/netty-codec-http2/4.1.30.Final/netty-codec-http2-4.1.30.Final.jar:/home/user/.m2/repository/io/netty/netty-codec-http/4.1.30.Final/netty-codec-http-4.1.30.Final.jar:/home/user/.m2/repository/io/netty/netty-codec/4.1.30.Final/netty-codec-4.1.30.Final.jar:/home/user/.m2/repository/io/netty/netty-handler/4.1.30.Final/netty-handler-4.1.30.Final.jar:/home/user/.m2/repository/io/netty/netty-handler-proxy/4.1.30.Final/netty-handler-proxy-4.1.30.Final.jar:/home/user/.m2/repository/io/netty/netty-codec-socks/4.1.30.Final/netty-codec-socks-4.1.30.Final.jar:/home/user/.m2/repository/io/netty/netty-transport-native-epoll/4.1.30.Final/netty-transport-native-epoll-4.1.30.Final.jar:/home/user/.m2/repository/io/netty/netty-common/4.1.30.Final/netty-common-4.1.30.Final.jar:/home/user/.m2/repository/io/netty/netty-buffer/4.1.30.Final/netty-buffer-4.1.30.Final.jar:/home/user/.m2/repository/io/netty/netty-transport/4.1.30.Final/netty-transport-4.1.30.Final.jar:/home/user/.m2/repository/io/netty/netty-resolver/4.1.30.Final/netty-resolver-4.1.30.Final.jar:/home/user/.m2/repository/io/netty/netty-transport-native-unix-common/4.1.30.Final/netty-transport-native-unix-common-4.1.30.Final.jar:/home/user/.m2/repository/io/grpc/grpc-protobuf/1.17.1/grpc-protobuf-1.17.1.jar:/home/user/.m2/repository/com/google/api/grpc/proto-google-common-protos/1.0.0/proto-google-common-protos-1.0.0.jar:/home/user/.m2/repository/io/grpc/grpc-protobuf-lite/1.17.1/grpc-protobuf-lite-1.17.1.jar:/home/user/.m2/repository/io/grpc/grpc-stub/1.17.1/grpc-stub-1.17.1.jar:/home/user/.m2/repository/org/apache/hadoop/hadoop-ozone-recon/0.5.0-SNAPSHOT/hadoop-ozone-recon-0.5.0-SNAPSHOT.jar:/home/user/.m2/repository/org/apache/hadoop/hadoop-ozone-reconcodegen/0.5.0-SNAPSHOT/hadoop-ozone-reconcodegen-0.5.0-SNAPSHOT.jar:/home/user/.m2/repository/com/google/inject/extensions/guice-multibindings/4.0/guice-multibindings-4.0.jar:/home/user/.m2/repository/com/google/inject/guice/4.0/guice-4.0.jar:/home/user/.m2/repository/aopalliance/aopalliance/1.0/aopalliance-1.0.jar:/home/user/.m2/repository/com/google/inject/extensions/guice-servlet/4.0/guice-servlet-4.0.jar:/home/user/.m2/repository/org/glassfish/jersey/containers/jersey-container-servlet/2.27/jersey-container-servlet-2.27.jar:/home/user/.m2/repository/org/glassfish/hk2/guice-bridge/2.5.0/guice-bridge-2.5.0.jar:/home/user/.m2/repository/org/glassfish/jersey/core/jersey-server/2.27/jersey-server-2.27.jar:/home/user/.m2/repository/org/glassfish/jersey/core/jersey-client/2.27/jersey-client-2.27.jar:/home/user/.m2/repository/org/glassfish/jersey/media/jersey-media-jaxb/2.27/jersey-media-jaxb-2.27.jar:/home/user/.m2/repository/javax/validation/validation-api/1.1.0.Final/validation-api-1.1.0.Final.jar:/home/user/.m2/repository/org/glassfish/jersey/media/jersey-media-json-jackson/2.27/jersey-media-json-jackson-2.27.jar:/home/user/.m2/repository/org/glassfish/jersey/ext/jersey-entity-filtering/2.27/jersey-entity-filtering-2.27.jar:/home/user/.m2/repository/com/google/inject/extensions/guice-assistedinject/4.0/guice-assistedinject-4.0.jar:/home/user/.m2/repository/org/jooq/jooq/3.11.10/jooq-3.11.10.jar:/home/user/.m2/repository/org/jooq/jooq-meta/3.11.10/jooq-meta-3.11.10.jar:/home/user/.m2/repository/org/jooq/jooq-codegen/3.11.10/jooq-codegen-3.11.10.jar:/home/user/.m2/repository/com/jolbox/bonecp/0.8.0.RELEASE/bonecp-0.8.0.RELEASE.jar:/home/user/.m2/repository/org/springframework/spring-jdbc/5.1.3.RELEASE/spring-jdbc-5.1.3.RELEASE.jar:/home/user/.m2/repository/org/springframework/spring-beans/5.1.3.RELEASE/spring-beans-5.1.3.RELEASE.jar:/home/user/.m2/repository/org/springframework/spring-core/5.1.3.RELEASE/spring-core-5.1.3.RELEASE.jar:/home/user/.m2/repository/org/springframework/spring-jcl/5.1.3.RELEASE/spring-jcl-5.1.3.RELEASE.jar:/home/user/.m2/repository/org/springframework/spring-tx/5.1.3.RELEASE/spring-tx-5.1.3.RELEASE.jar:/home/user/.m2/repository/org/mockito/mockito-core/2.15.0/mockito-core-2.15.0.jar:/home/user/.m2/repository/net/bytebuddy/byte-buddy/1.7.9/byte-buddy-1.7.9.jar:/home/user/.m2/repository/net/bytebuddy/byte-buddy-agent/1.7.9/byte-buddy-agent-1.7.9.jar:/home/user/.m2/repository/org/objenesis/objenesis/1.0/objenesis-1.0.jar:"/>
    <property name="java.vm.vendor" value="Oracle Corporation"/>
    <property name="sun.arch.data.model" value="64"/>
    <property name="test.build.dir" value="/workdir/hadoop-ozone/tools/target/test-dir"/>
    <property name="test.cache.data" value=""/>
    <property name="java.vendor.url" value="http://java.oracle.com/"/>
    <property name="user.timezone" value=""/>
    <property name="java.vm.specification.version" value="1.8"/>
    <property name="os.name" value="Linux"/>
    <property name="test.build.data" value="/workdir/hadoop-ozone/tools/target/test-dir"/>
    <property name="user.country" value="US"/>
    <property name="sun.java.launcher" value="SUN_STANDARD"/>
    <property name="sun.boot.library.path" value="/usr/lib/jvm/java-1.8.0-openjdk-1.8.0.222.b10-1.el7_7.x86_64/jre/lib/amd64"/>
    <property name="sun.java.command" value="/workdir/hadoop-ozone/tools/target/surefire/surefirebooter7326008608902840834.jar /workdir/hadoop-ozone/tools/target/surefire 2019-10-31T23-07-21_224-jvmRun1 surefire7151457150822607265tmp surefire_986815710665745305122tmp"/>
    <property name="surefire.test.class.path" value="/workdir/hadoop-ozone/tools/target/test-classes:/workdir/hadoop-ozone/tools/target/classes:/home/user/.m2/repository/org/apache/hadoop/hadoop-ozone-ozone-manager/0.5.0-SNAPSHOT/hadoop-ozone-ozone-manager-0.5.0-SNAPSHOT.jar:/home/user/.m2/repository/org/apache/hadoop/hadoop-hdds-docs/0.5.0-SNAPSHOT/hadoop-hdds-docs-0.5.0-SNAPSHOT.jar:/home/user/.m2/repository/org/bouncycastle/bcprov-jdk15on/1.60/bcprov-jdk15on-1.60.jar:/home/user/.m2/repository/org/apache/hadoop/hadoop-ozone-common/0.5.0-SNAPSHOT/hadoop-ozone-common-0.5.0-SNAPSHOT.jar:/home/user/.m2/repository/org/apache/commons/commons-compress/1.4.1/commons-compress-1.4.1.jar:/home/user/.m2/repository/org/tukaani/xz/1.0/xz-1.0.jar:/home/user/.m2/repository/org/apache/hadoop/hadoop-hdfs-client/3.2.0/hadoop-hdfs-client-3.2.0.jar:/home/user/.m2/repository/com/fasterxml/jackson/core/jackson-annotations/2.9.9/jackson-annotations-2.9.9.jar:/home/user/.m2/repository/org/apache/hadoop/hadoop-hdds-common/0.5.0-SNAPSHOT/hadoop-hdds-common-0.5.0-SNAPSHOT.jar:/home/user/.m2/repository/org/apache/hadoop/hadoop-hdds-config/0.5.0-SNAPSHOT/hadoop-hdds-config-0.5.0-SNAPSHOT.jar:/home/user/.m2/repository/javax/annotation/javax.annotation-api/1.2/javax.annotation-api-1.2.jar:/home/user/.m2/repository/org/apache/ratis/ratis-server/0.5.0-d6d58d0-SNAPSHOT/ratis-server-0.5.0-d6d58d0-SNAPSHOT.jar:/home/user/.m2/repository/org/apache/ratis/ratis-thirdparty-misc/0.2.0/ratis-thirdparty-misc-0.2.0.jar:/home/user/.m2/repository/org/apache/ratis/ratis-proto/0.5.0-d6d58d0-SNAPSHOT/ratis-proto-0.5.0-d6d58d0-SNAPSHOT.jar:/home/user/.m2/repository/org/apache/ratis/ratis-common/0.5.0-d6d58d0-SNAPSHOT/ratis-common-0.5.0-d6d58d0-SNAPSHOT.jar:/home/user/.m2/repository/org/apache/ratis/ratis-client/0.5.0-d6d58d0-SNAPSHOT/ratis-client-0.5.0-d6d58d0-SNAPSHOT.jar:/home/user/.m2/repository/org/apache/ratis/ratis-metrics/0.5.0-d6d58d0-SNAPSHOT/ratis-metrics-0.5.0-d6d58d0-SNAPSHOT.jar:/home/user/.m2/repository/org/apache/ratis/ratis-netty/0.5.0-d6d58d0-SNAPSHOT/ratis-netty-0.5.0-d6d58d0-SNAPSHOT.jar:/home/user/.m2/repository/org/apache/ratis/ratis-grpc/0.5.0-d6d58d0-SNAPSHOT/ratis-grpc-0.5.0-d6d58d0-SNAPSHOT.jar:/home/user/.m2/repository/org/rocksdb/rocksdbjni/6.0.1/rocksdbjni-6.0.1.jar:/home/user/.m2/repository/org/apache/logging/log4j/log4j-api/2.11.0/log4j-api-2.11.0.jar:/home/user/.m2/repository/org/apache/logging/log4j/log4j-core/2.11.0/log4j-core-2.11.0.jar:/home/user/.m2/repository/com/lmax/disruptor/3.4.2/disruptor-3.4.2.jar:/home/user/.m2/repository/org/apache/commons/commons-pool2/2.6.0/commons-pool2-2.6.0.jar:/home/user/.m2/repository/org/bouncycastle/bcpkix-jdk15on/1.60/bcpkix-jdk15on-1.60.jar:/home/user/.m2/repository/commons-validator/commons-validator/1.6/commons-validator-1.6.jar:/home/user/.m2/repository/commons-digester/commons-digester/1.8.1/commons-digester-1.8.1.jar:/home/user/.m2/repository/io/jaegertracing/jaeger-client/0.34.0/jaeger-client-0.34.0.jar:/home/user/.m2/repository/io/jaegertracing/jaeger-thrift/0.34.0/jaeger-thrift-0.34.0.jar:/home/user/.m2/repository/org/apache/thrift/libthrift/0.12.0/libthrift-0.12.0.jar:/home/user/.m2/repository/com/squareup/okhttp3/okhttp/3.9.0/okhttp-3.9.0.jar:/home/user/.m2/repository/com/squareup/okio/okio/1.13.0/okio-1.13.0.jar:/home/user/.m2/repository/io/jaegertracing/jaeger-core/0.34.0/jaeger-core-0.34.0.jar:/home/user/.m2/repository/io/jaegertracing/jaeger-tracerresolver/0.34.0/jaeger-tracerresolver-0.34.0.jar:/home/user/.m2/repository/io/opentracing/contrib/opentracing-tracerresolver/0.1.5/opentracing-tracerresolver-0.1.5.jar:/home/user/.m2/repository/io/opentracing/opentracing-util/0.31.0/opentracing-util-0.31.0.jar:/home/user/.m2/repository/io/opentracing/opentracing-api/0.31.0/opentracing-api-0.31.0.jar:/home/user/.m2/repository/io/opentracing/opentracing-noop/0.31.0/opentracing-noop-0.31.0.jar:/home/user/.m2/repository/org/yaml/snakeyaml/1.16/snakeyaml-1.16.jar:/home/user/.m2/repository/org/apache/hadoop/hadoop-hdds-container-service/0.5.0-SNAPSHOT/hadoop-hdds-container-service-0.5.0-SNAPSHOT.jar:/home/user/.m2/repository/org/apache/hadoop/hadoop-hdds-client/0.5.0-SNAPSHOT/hadoop-hdds-client-0.5.0-SNAPSHOT.jar:/home/user/.m2/repository/org/apache/hadoop/hadoop-hdds-tools/0.5.0-SNAPSHOT/hadoop-hdds-tools-0.5.0-SNAPSHOT.jar:/home/user/.m2/repository/org/xerial/sqlite-jdbc/3.25.2/sqlite-jdbc-3.25.2.jar:/home/user/.m2/repository/org/apache/hadoop/hadoop-hdds-server-scm/0.5.0-SNAPSHOT/hadoop-hdds-server-scm-0.5.0-SNAPSHOT.jar:/home/user/.m2/repository/org/hamcrest/hamcrest-all/1.3/hamcrest-all-1.3.jar:/home/user/.m2/repository/info/picocli/picocli/3.9.6/picocli-3.9.6.jar:/home/user/.m2/repository/com/google/protobuf/protobuf-java/2.5.0/protobuf-java-2.5.0.jar:/home/user/.m2/repository/com/google/guava/guava/11.0.2/guava-11.0.2.jar:/home/user/.m2/repository/org/apache/hadoop/hadoop-ozone-client/0.5.0-SNAPSHOT/hadoop-ozone-client-0.5.0-SNAPSHOT.jar:/workdir/hadoop-ozone/ozonefs/target/classes:/home/user/.m2/repository/org/apache/httpcomponents/httpclient/4.5.2/httpclient-4.5.2.jar:/home/user/.m2/repository/org/apache/httpcomponents/httpcore/4.4.4/httpcore-4.4.4.jar:/home/user/.m2/repository/org/apache/hadoop/hadoop-hdds-server-framework/0.5.0-SNAPSHOT/hadoop-hdds-server-framework-0.5.0-SNAPSHOT.jar:/home/user/.m2/repository/org/apache/hadoop/hadoop-common/3.2.0/hadoop-common-3.2.0.jar:/home/user/.m2/repository/org/apache/hadoop/hadoop-annotations/3.2.0/hadoop-annotations-3.2.0.jar:/usr/lib/jvm/java-1.8.0-openjdk-1.8.0.222.b10-1.el7_7.x86_64/jre/../lib/tools.jar:/home/user/.m2/repository/commons-cli/commons-cli/1.2/commons-cli-1.2.jar:/home/user/.m2/repository/org/apache/commons/commons-math3/3.1.1/commons-math3-3.1.1.jar:/home/user/.m2/repository/commons-codec/commons-codec/1.11/commons-codec-1.11.jar:/home/user/.m2/repository/commons-io/commons-io/2.5/commons-io-2.5.jar:/home/user/.m2/repository/commons-net/commons-net/3.6/commons-net-3.6.jar:/home/user/.m2/repository/commons-collections/commons-collections/3.2.2/commons-collections-3.2.2.jar:/home/user/.m2/repository/javax/servlet/javax.servlet-api/3.1.0/javax.servlet-api-3.1.0.jar:/home/user/.m2/repository/org/eclipse/jetty/jetty-server/9.3.25.v20180904/jetty-server-9.3.25.v20180904.jar:/home/user/.m2/repository/org/eclipse/jetty/jetty-http/9.3.25.v20180904/jetty-http-9.3.25.v20180904.jar:/home/user/.m2/repository/org/eclipse/jetty/jetty-io/9.3.25.v20180904/jetty-io-9.3.25.v20180904.jar:/home/user/.m2/repository/org/eclipse/jetty/jetty-util/9.3.25.v20180904/jetty-util-9.3.25.v20180904.jar:/home/user/.m2/repository/org/eclipse/jetty/jetty-servlet/9.3.25.v20180904/jetty-servlet-9.3.25.v20180904.jar:/home/user/.m2/repository/org/eclipse/jetty/jetty-security/9.3.25.v20180904/jetty-security-9.3.25.v20180904.jar:/home/user/.m2/repository/org/eclipse/jetty/jetty-webapp/9.3.25.v20180904/jetty-webapp-9.3.25.v20180904.jar:/home/user/.m2/repository/org/eclipse/jetty/jetty-xml/9.3.25.v20180904/jetty-xml-9.3.25.v20180904.jar:/home/user/.m2/repository/javax/servlet/jsp/jsp-api/2.1/jsp-api-2.1.jar:/home/user/.m2/repository/com/sun/jersey/jersey-core/1.19/jersey-core-1.19.jar:/home/user/.m2/repository/javax/ws/rs/jsr311-api/1.1.1/jsr311-api-1.1.1.jar:/home/user/.m2/repository/com/sun/jersey/jersey-servlet/1.19/jersey-servlet-1.19.jar:/home/user/.m2/repository/com/sun/jersey/jersey-json/1.19/jersey-json-1.19.jar:/home/user/.m2/repository/org/codehaus/jettison/jettison/1.1/jettison-1.1.jar:/home/user/.m2/repository/com/sun/xml/bind/jaxb-impl/2.3.0.1/jaxb-impl-2.3.0.1.jar:/home/user/.m2/repository/org/codehaus/jackson/jackson-core-asl/1.9.13/jackson-core-asl-1.9.13.jar:/home/user/.m2/repository/org/codehaus/jackson/jackson-mapper-asl/1.9.13/jackson-mapper-asl-1.9.13.jar:/home/user/.m2/repository/org/codehaus/jackson/jackson-jaxrs/1.9.13/jackson-jaxrs-1.9.13.jar:/home/user/.m2/repository/org/codehaus/jackson/jackson-xc/1.9.13/jackson-xc-1.9.13.jar:/home/user/.m2/repository/com/sun/jersey/jersey-server/1.19/jersey-server-1.19.jar:/home/user/.m2/repository/commons-logging/commons-logging/1.1.3/commons-logging-1.1.3.jar:/home/user/.m2/repository/log4j/log4j/1.2.17/log4j-1.2.17.jar:/home/user/.m2/repository/commons-beanutils/commons-beanutils/1.9.4/commons-beanutils-1.9.4.jar:/home/user/.m2/repository/org/apache/commons/commons-configuration2/2.1.1/commons-configuration2-2.1.1.jar:/home/user/.m2/repository/org/apache/commons/commons-lang3/3.7/commons-lang3-3.7.jar:/home/user/.m2/repository/org/apache/commons/commons-text/1.4/commons-text-1.4.jar:/home/user/.m2/repository/org/slf4j/slf4j-api/1.7.25/slf4j-api-1.7.25.jar:/home/user/.m2/repository/org/slf4j/slf4j-log4j12/1.7.25/slf4j-log4j12-1.7.25.jar:/home/user/.m2/repository/org/apache/avro/avro/1.7.7/avro-1.7.7.jar:/home/user/.m2/repository/com/thoughtworks/paranamer/paranamer/2.3/paranamer-2.3.jar:/home/user/.m2/repository/org/xerial/snappy/snappy-java/1.0.5/snappy-java-1.0.5.jar:/home/user/.m2/repository/com/google/re2j/re2j/1.1/re2j-1.1.jar:/home/user/.m2/repository/com/google/code/gson/gson/2.2.4/gson-2.2.4.jar:/home/user/.m2/repository/org/apache/hadoop/hadoop-auth/3.2.0/hadoop-auth-3.2.0.jar:/home/user/.m2/repository/com/nimbusds/nimbus-jose-jwt/4.41.1/nimbus-jose-jwt-4.41.1.jar:/home/user/.m2/repository/com/github/stephenc/jcip/jcip-annotations/1.0-1/jcip-annotations-1.0-1.jar:/home/user/.m2/repository/net/minidev/json-smart/2.3/json-smart-2.3.jar:/home/user/.m2/repository/net/minidev/accessors-smart/1.2/accessors-smart-1.2.jar:/home/user/.m2/repository/org/apache/curator/curator-framework/2.12.0/curator-framework-2.12.0.jar:/home/user/.m2/repository/com/jcraft/jsch/0.1.54/jsch-0.1.54.jar:/home/user/.m2/repository/org/apache/curator/curator-client/2.12.0/curator-client-2.12.0.jar:/home/user/.m2/repository/org/apache/curator/curator-recipes/2.12.0/curator-recipes-2.12.0.jar:/home/user/.m2/repository/com/google/code/findbugs/jsr305/3.0.0/jsr305-3.0.0.jar:/home/user/.m2/repository/org/apache/htrace/htrace-core4/4.1.0-incubating/htrace-core4-4.1.0-incubating.jar:/home/user/.m2/repository/org/apache/zookeeper/zookeeper/3.4.13/zookeeper-3.4.13.jar:/home/user/.m2/repository/jline/jline/0.9.94/jline-0.9.94.jar:/home/user/.m2/repository/org/apache/yetus/audience-annotations/0.5.0/audience-annotations-0.5.0.jar:/home/user/.m2/repository/org/apache/kerby/kerb-simplekdc/1.0.1/kerb-simplekdc-1.0.1.jar:/home/user/.m2/repository/org/apache/kerby/kerb-client/1.0.1/kerb-client-1.0.1.jar:/home/user/.m2/repository/org/apache/kerby/kerby-config/1.0.1/kerby-config-1.0.1.jar:/home/user/.m2/repository/org/apache/kerby/kerb-core/1.0.1/kerb-core-1.0.1.jar:/home/user/.m2/repository/org/apache/kerby/kerby-pkix/1.0.1/kerby-pkix-1.0.1.jar:/home/user/.m2/repository/org/apache/kerby/kerby-asn1/1.0.1/kerby-asn1-1.0.1.jar:/home/user/.m2/repository/org/apache/kerby/kerby-util/1.0.1/kerby-util-1.0.1.jar:/home/user/.m2/repository/org/apache/kerby/kerb-common/1.0.1/kerb-common-1.0.1.jar:/home/user/.m2/repository/org/apache/kerby/kerb-crypto/1.0.1/kerb-crypto-1.0.1.jar:/home/user/.m2/repository/org/apache/kerby/kerb-util/1.0.1/kerb-util-1.0.1.jar:/home/user/.m2/repository/org/apache/kerby/token-provider/1.0.1/token-provider-1.0.1.jar:/home/user/.m2/repository/org/apache/kerby/kerb-admin/1.0.1/kerb-admin-1.0.1.jar:/home/user/.m2/repository/org/apache/kerby/kerb-server/1.0.1/kerb-server-1.0.1.jar:/home/user/.m2/repository/org/apache/kerby/kerb-identity/1.0.1/kerb-identity-1.0.1.jar:/home/user/.m2/repository/org/apache/kerby/kerby-xdr/1.0.1/kerby-xdr-1.0.1.jar:/home/user/.m2/repository/com/fasterxml/jackson/core/jackson-databind/2.9.9/jackson-databind-2.9.9.jar:/home/user/.m2/repository/com/fasterxml/jackson/core/jackson-core/2.9.9/jackson-core-2.9.9.jar:/home/user/.m2/repository/org/codehaus/woodstox/stax2-api/3.1.4/stax2-api-3.1.4.jar:/home/user/.m2/repository/com/fasterxml/woodstox/woodstox-core/5.0.3/woodstox-core-5.0.3.jar:/home/user/.m2/repository/dnsjava/dnsjava/2.1.7/dnsjava-2.1.7.jar:/home/user/.m2/repository/org/apache/hadoop/hadoop-hdfs/3.2.0/hadoop-hdfs-3.2.0.jar:/home/user/.m2/repository/org/eclipse/jetty/jetty-util-ajax/9.3.25.v20180904/jetty-util-ajax-9.3.25.v20180904.jar:/home/user/.m2/repository/commons-daemon/commons-daemon/1.0.13/commons-daemon-1.0.13.jar:/home/user/.m2/repository/io/netty/netty/3.10.5.Final/netty-3.10.5.Final.jar:/home/user/.m2/repository/io/netty/netty-all/4.0.52.Final/netty-all-4.0.52.Final.jar:/home/user/.m2/repository/org/fusesource/leveldbjni/leveldbjni-all/1.8/leveldbjni-all-1.8.jar:/home/user/.m2/repository/com/sun/xml/bind/jaxb-core/2.3.0.1/jaxb-core-2.3.0.1.jar:/home/user/.m2/repository/javax/xml/bind/jaxb-api/2.3.0/jaxb-api-2.3.0.jar:/home/user/.m2/repository/javax/activation/activation/1.1.1/activation-1.1.1.jar:/home/user/.m2/repository/org/openjdk/jmh/jmh-core/1.19/jmh-core-1.19.jar:/home/user/.m2/repository/net/sf/jopt-simple/jopt-simple/4.6/jopt-simple-4.6.jar:/home/user/.m2/repository/org/openjdk/jmh/jmh-generator-annprocess/1.19/jmh-generator-annprocess-1.19.jar:/home/user/.m2/repository/io/dropwizard/metrics/metrics-core/3.2.4/metrics-core-3.2.4.jar:/home/user/.m2/repository/com/amazonaws/aws-java-sdk-s3/1.11.615/aws-java-sdk-s3-1.11.615.jar:/home/user/.m2/repository/com/amazonaws/aws-java-sdk-kms/1.11.615/aws-java-sdk-kms-1.11.615.jar:/home/user/.m2/repository/com/amazonaws/aws-java-sdk-core/1.11.615/aws-java-sdk-core-1.11.615.jar:/home/user/.m2/repository/software/amazon/ion/ion-java/1.0.2/ion-java-1.0.2.jar:/home/user/.m2/repository/com/fasterxml/jackson/dataformat/jackson-dataformat-cbor/2.9.9/jackson-dataformat-cbor-2.9.9.jar:/home/user/.m2/repository/joda-time/joda-time/2.9.9/joda-time-2.9.9.jar:/home/user/.m2/repository/com/amazonaws/jmespath-java/1.11.615/jmespath-java-1.11.615.jar:/home/user/.m2/repository/com/github/spotbugs/spotbugs/3.1.12/spotbugs-3.1.12.jar:/home/user/.m2/repository/org/ow2/asm/asm/5.0.4/asm-5.0.4.jar:/home/user/.m2/repository/org/ow2/asm/asm-analysis/7.0/asm-analysis-7.0.jar:/home/user/.m2/repository/org/ow2/asm/asm-commons/7.0/asm-commons-7.0.jar:/home/user/.m2/repository/org/ow2/asm/asm-tree/7.0/asm-tree-7.0.jar:/home/user/.m2/repository/org/ow2/asm/asm-util/7.0/asm-util-7.0.jar:/home/user/.m2/repository/org/apache/bcel/bcel/6.3/bcel-6.3.jar:/home/user/.m2/repository/net/jcip/jcip-annotations/1.0/jcip-annotations-1.0.jar:/home/user/.m2/repository/org/dom4j/dom4j/2.1.1/dom4j-2.1.1.jar:/home/user/.m2/repository/jaxen/jaxen/1.1.6/jaxen-1.1.6.jar:/home/user/.m2/repository/commons-lang/commons-lang/2.6/commons-lang-2.6.jar:/home/user/.m2/repository/com/github/spotbugs/spotbugs-annotations/3.1.12/spotbugs-annotations-3.1.12.jar:/home/user/.m2/repository/junit/junit/4.11/junit-4.11.jar:/home/user/.m2/repository/org/hamcrest/hamcrest-core/1.3/hamcrest-core-1.3.jar:/home/user/.m2/repository/org/apache/hadoop/hadoop-common/3.2.0/hadoop-common-3.2.0-tests.jar:/workdir/hadoop-ozone/integration-test/target/test-classes:/home/user/.m2/repository/org/apache/hadoop/hadoop-ozone-s3gateway/0.5.0-SNAPSHOT/hadoop-ozone-s3gateway-0.5.0-SNAPSHOT.jar:/home/user/.m2/repository/org/jboss/weld/servlet/weld-servlet/2.4.7.Final/weld-servlet-2.4.7.Final.jar:/home/user/.m2/repository/org/glassfish/jersey/containers/jersey-container-servlet-core/2.27/jersey-container-servlet-core-2.27.jar:/home/user/.m2/repository/org/glassfish/hk2/external/javax.inject/2.5.0-b42/javax.inject-2.5.0-b42.jar:/home/user/.m2/repository/org/glassfish/jersey/core/jersey-common/2.27/jersey-common-2.27.jar:/home/user/.m2/repository/org/glassfish/hk2/osgi-resource-locator/1.0.1/osgi-resource-locator-1.0.1.jar:/home/user/.m2/repository/javax/ws/rs/javax.ws.rs-api/2.1/javax.ws.rs-api-2.1.jar:/home/user/.m2/repository/org/glassfish/jersey/ext/cdi/jersey-cdi1x/2.27/jersey-cdi1x-2.27.jar:/home/user/.m2/repository/org/glassfish/jersey/inject/jersey-hk2/2.27/jersey-hk2-2.27.jar:/home/user/.m2/repository/org/glassfish/hk2/hk2-locator/2.5.0-b42/hk2-locator-2.5.0-b42.jar:/home/user/.m2/repository/org/javassist/javassist/3.22.0-CR2/javassist-3.22.0-CR2.jar:/home/user/.m2/repository/org/glassfish/hk2/hk2-api/2.5.0/hk2-api-2.5.0.jar:/home/user/.m2/repository/org/glassfish/hk2/external/jakarta.inject/2.5.0/jakarta.inject-2.5.0.jar:/home/user/.m2/repository/org/glassfish/hk2/hk2-utils/2.5.0/hk2-utils-2.5.0.jar:/home/user/.m2/repository/jakarta/annotation/jakarta.annotation-api/1.3.4/jakarta.annotation-api-1.3.4.jar:/home/user/.m2/repository/org/glassfish/hk2/external/aopalliance-repackaged/2.5.0/aopalliance-repackaged-2.5.0.jar:/home/user/.m2/repository/com/fasterxml/jackson/dataformat/jackson-dataformat-xml/2.9.0/jackson-dataformat-xml-2.9.0.jar:/home/user/.m2/repository/com/fasterxml/jackson/module/jackson-module-jaxb-annotations/2.9.9/jackson-module-jaxb-annotations-2.9.9.jar:/home/user/.m2/repository/javax/enterprise/cdi-api/1.2/cdi-api-1.2.jar:/home/user/.m2/repository/javax/el/javax.el-api/3.0.0/javax.el-api-3.0.0.jar:/home/user/.m2/repository/javax/interceptor/javax.interceptor-api/1.2/javax.interceptor-api-1.2.jar:/home/user/.m2/repository/javax/inject/javax.inject/1/javax.inject-1.jar:/home/user/.m2/repository/org/apache/hadoop/hadoop-ozone-csi/0.5.0-SNAPSHOT/hadoop-ozone-csi-0.5.0-SNAPSHOT.jar:/home/user/.m2/repository/com/google/protobuf/protobuf-java-util/3.5.1/protobuf-java-util-3.5.1.jar:/home/user/.m2/repository/io/grpc/grpc-netty/1.17.1/grpc-netty-1.17.1.jar:/home/user/.m2/repository/io/grpc/grpc-core/1.17.1/grpc-core-1.17.1.jar:/home/user/.m2/repository/io/grpc/grpc-context/1.17.1/grpc-context-1.17.1.jar:/home/user/.m2/repository/com/google/errorprone/error_prone_annotations/2.2.0/error_prone_annotations-2.2.0.jar:/home/user/.m2/repository/org/codehaus/mojo/animal-sniffer-annotations/1.17/animal-sniffer-annotations-1.17.jar:/home/user/.m2/repository/io/opencensus/opencensus-api/0.17.0/opencensus-api-0.17.0.jar:/home/user/.m2/repository/io/opencensus/opencensus-contrib-grpc-metrics/0.17.0/opencensus-contrib-grpc-metrics-0.17.0.jar:/home/user/.m2/repository/io/netty/netty-codec-http2/4.1.30.Final/netty-codec-http2-4.1.30.Final.jar:/home/user/.m2/repository/io/netty/netty-codec-http/4.1.30.Final/netty-codec-http-4.1.30.Final.jar:/home/user/.m2/repository/io/netty/netty-codec/4.1.30.Final/netty-codec-4.1.30.Final.jar:/home/user/.m2/repository/io/netty/netty-handler/4.1.30.Final/netty-handler-4.1.30.Final.jar:/home/user/.m2/repository/io/netty/netty-handler-proxy/4.1.30.Final/netty-handler-proxy-4.1.30.Final.jar:/home/user/.m2/repository/io/netty/netty-codec-socks/4.1.30.Final/netty-codec-socks-4.1.30.Final.jar:/home/user/.m2/repository/io/netty/netty-transport-native-epoll/4.1.30.Final/netty-transport-native-epoll-4.1.30.Final.jar:/home/user/.m2/repository/io/netty/netty-common/4.1.30.Final/netty-common-4.1.30.Final.jar:/home/user/.m2/repository/io/netty/netty-buffer/4.1.30.Final/netty-buffer-4.1.30.Final.jar:/home/user/.m2/repository/io/netty/netty-transport/4.1.30.Final/netty-transport-4.1.30.Final.jar:/home/user/.m2/repository/io/netty/netty-resolver/4.1.30.Final/netty-resolver-4.1.30.Final.jar:/home/user/.m2/repository/io/netty/netty-transport-native-unix-common/4.1.30.Final/netty-transport-native-unix-common-4.1.30.Final.jar:/home/user/.m2/repository/io/grpc/grpc-protobuf/1.17.1/grpc-protobuf-1.17.1.jar:/home/user/.m2/repository/com/google/api/grpc/proto-google-common-protos/1.0.0/proto-google-common-protos-1.0.0.jar:/home/user/.m2/repository/io/grpc/grpc-protobuf-lite/1.17.1/grpc-protobuf-lite-1.17.1.jar:/home/user/.m2/repository/io/grpc/grpc-stub/1.17.1/grpc-stub-1.17.1.jar:/home/user/.m2/repository/org/apache/hadoop/hadoop-ozone-recon/0.5.0-SNAPSHOT/hadoop-ozone-recon-0.5.0-SNAPSHOT.jar:/home/user/.m2/repository/org/apache/hadoop/hadoop-ozone-reconcodegen/0.5.0-SNAPSHOT/hadoop-ozone-reconcodegen-0.5.0-SNAPSHOT.jar:/home/user/.m2/repository/com/google/inject/extensions/guice-multibindings/4.0/guice-multibindings-4.0.jar:/home/user/.m2/repository/com/google/inject/guice/4.0/guice-4.0.jar:/home/user/.m2/repository/aopalliance/aopalliance/1.0/aopalliance-1.0.jar:/home/user/.m2/repository/com/google/inject/extensions/guice-servlet/4.0/guice-servlet-4.0.jar:/home/user/.m2/repository/org/glassfish/jersey/containers/jersey-container-servlet/2.27/jersey-container-servlet-2.27.jar:/home/user/.m2/repository/org/glassfish/hk2/guice-bridge/2.5.0/guice-bridge-2.5.0.jar:/home/user/.m2/repository/org/glassfish/jersey/core/jersey-server/2.27/jersey-server-2.27.jar:/home/user/.m2/repository/org/glassfish/jersey/core/jersey-client/2.27/jersey-client-2.27.jar:/home/user/.m2/repository/org/glassfish/jersey/media/jersey-media-jaxb/2.27/jersey-media-jaxb-2.27.jar:/home/user/.m2/repository/javax/validation/validation-api/1.1.0.Final/validation-api-1.1.0.Final.jar:/home/user/.m2/repository/org/glassfish/jersey/media/jersey-media-json-jackson/2.27/jersey-media-json-jackson-2.27.jar:/home/user/.m2/repository/org/glassfish/jersey/ext/jersey-entity-filtering/2.27/jersey-entity-filtering-2.27.jar:/home/user/.m2/repository/com/google/inject/extensions/guice-assistedinject/4.0/guice-assistedinject-4.0.jar:/home/user/.m2/repository/org/jooq/jooq/3.11.10/jooq-3.11.10.jar:/home/user/.m2/repository/org/jooq/jooq-meta/3.11.10/jooq-meta-3.11.10.jar:/home/user/.m2/repository/org/jooq/jooq-codegen/3.11.10/jooq-codegen-3.11.10.jar:/home/user/.m2/repository/com/jolbox/bonecp/0.8.0.RELEASE/bonecp-0.8.0.RELEASE.jar:/home/user/.m2/repository/org/springframework/spring-jdbc/5.1.3.RELEASE/spring-jdbc-5.1.3.RELEASE.jar:/home/user/.m2/repository/org/springframework/spring-beans/5.1.3.RELEASE/spring-beans-5.1.3.RELEASE.jar:/home/user/.m2/repository/org/springframework/spring-core/5.1.3.RELEASE/spring-core-5.1.3.RELEASE.jar:/home/user/.m2/repository/org/springframework/spring-jcl/5.1.3.RELEASE/spring-jcl-5.1.3.RELEASE.jar:/home/user/.m2/repository/org/springframework/spring-tx/5.1.3.RELEASE/spring-tx-5.1.3.RELEASE.jar:/home/user/.m2/repository/org/mockito/mockito-core/2.15.0/mockito-core-2.15.0.jar:/home/user/.m2/repository/net/bytebuddy/byte-buddy/1.7.9/byte-buddy-1.7.9.jar:/home/user/.m2/repository/net/bytebuddy/byte-buddy-agent/1.7.9/byte-buddy-agent-1.7.9.jar:/home/user/.m2/repository/org/objenesis/objenesis/1.0/objenesis-1.0.jar:"/>
    <property name="sun.cpu.endian" value="little"/>
    <property name="user.home" value="/home/user"/>
    <property name="user.language" value="en"/>
    <property name="java.specification.vendor" value="Oracle Corporation"/>
    <property name="java.home" value="/usr/lib/jvm/java-1.8.0-openjdk-1.8.0.222.b10-1.el7_7.x86_64/jre"/>
    <property name="surefire.excludesFile" value="/tools/ozone-bad-unit-tests"/>
    <property name="java.security.krb5.conf" value="/workdir/hadoop-ozone/tools/target/test-classes/krb5.conf"/>
    <property name="basedir" value="/workdir/hadoop-ozone/tools"/>
    <property name="file.separator" value="/"/>
    <property name="line.separator" value="&#10;"/>
    <property name="java.vm.specification.vendor" value="Oracle Corporation"/>
    <property name="java.specification.name" value="Java Platform API Specification"/>
    <property name="java.awt.graphicsenv" value="sun.awt.X11GraphicsEnvironment"/>
    <property name="surefire.real.class.path" value="/workdir/hadoop-ozone/tools/target/surefire/surefirebooter7326008608902840834.jar"/>
    <property name="hadoop.log.dir" value="/workdir/hadoop-ozone/tools/target/log"/>
    <property name="sun.boot.class.path" value="/usr/lib/jvm/java-1.8.0-openjdk-1.8.0.222.b10-1.el7_7.x86_64/jre/lib/resources.jar:/usr/lib/jvm/java-1.8.0-openjdk-1.8.0.222.b10-1.el7_7.x86_64/jre/lib/rt.jar:/usr/lib/jvm/java-1.8.0-openjdk-1.8.0.222.b10-1.el7_7.x86_64/jre/lib/sunrsasign.jar:/usr/lib/jvm/java-1.8.0-openjdk-1.8.0.222.b10-1.el7_7.x86_64/jre/lib/jsse.jar:/usr/lib/jvm/java-1.8.0-openjdk-1.8.0.222.b10-1.el7_7.x86_64/jre/lib/jce.jar:/usr/lib/jvm/java-1.8.0-openjdk-1.8.0.222.b10-1.el7_7.x86_64/jre/lib/charsets.jar:/usr/lib/jvm/java-1.8.0-openjdk-1.8.0.222.b10-1.el7_7.x86_64/jre/lib/jfr.jar:/usr/lib/jvm/java-1.8.0-openjdk-1.8.0.222.b10-1.el7_7.x86_64/jre/classes"/>
    <property name="sun.management.compiler" value="HotSpot 64-Bit Tiered Compilers"/>
    <property name="java.runtime.version" value="1.8.0_222-b10"/>
    <property name="java.net.preferIPv4Stack" value="true"/>
    <property name="user.name" value="jenkins1000"/>
    <property name="path.separator" value=":"/>
    <property name="java.security.egd" value="file:///dev/urandom"/>
    <property name="os.version" value="3.10.0-957.12.2.el7.x86_64"/>
    <property name="java.endorsed.dirs" value="/usr/lib/jvm/java-1.8.0-openjdk-1.8.0.222.b10-1.el7_7.x86_64/jre/lib/endorsed"/>
    <property name="java.runtime.name" value="OpenJDK Runtime Environment"/>
    <property name="file.encoding" value="ANSI_X3.4-1968"/>
    <property name="java.vm.name" value="OpenJDK 64-Bit Server VM"/>
    <property name="test.build.webapps" value=""/>
    <property name="localRepository" value="/home/user/.m2/repository"/>
    <property name="java.vendor.url.bug" value="http://bugreport.sun.com/bugreport/"/>
    <property name="java.io.tmpdir" value="/tmp"/>
    <property name="require.test.libhadoop" value=""/>
    <property name="java.version" value="1.8.0_222"/>
    <property name="user.dir" value="/workdir/hadoop-ozone/tools"/>
    <property name="os.arch" value="amd64"/>
    <property name="java.vm.specification.name" value="Java Virtual Machine Specification"/>
    <property name="test.build.classes" value="/workdir/hadoop-ozone/tools/target/test-classes"/>
    <property name="java.awt.printerjob" value="sun.print.PSPrinterJob"/>
    <property name="sun.os.patch.level" value="unknown"/>
    <property name="hadoop.tmp.dir" value="/workdir/hadoop-ozone/tools/target/tmp"/>
    <property name="java.library.path" value="/usr/lib:/workdir/hadoop-ozone/tools/target/native/target/usr/local/lib:/workdir/hadoop-ozone/tools/../../hadoop-common-project/hadoop-common/target/native/target/usr/local/lib:/usr/java/packages/lib/amd64:/usr/lib64:/lib64:/lib:/usr/lib"/>
    <property name="java.vm.info" value="mixed mode"/>
    <property name="java.vendor" value="Oracle Corporation"/>
    <property name="java.vm.version" value="25.222-b10"/>
    <property name="java.ext.dirs" value="/usr/lib/jvm/java-1.8.0-openjdk-1.8.0.222.b10-1.el7_7.x86_64/jre/lib/ext:/usr/java/packages/lib/ext"/>
    <property name="sun.io.unicode.encoding" value="UnicodeLittle"/>
    <property name="java.class.version" value="52.0"/>
  </properties>
  <testcase name="ratisTestLargeKey" classname="org.apache.hadoop.ozone.freon.TestDataValidateWithSafeByteOperations" time="30.792">
    <error message="INTERNAL_ERROR org.apache.hadoop.ozone.om.exceptions.OMException: Allocated 1 blocks. Requested 5 blocks" type="java.lang.RuntimeException">java.lang.RuntimeException: INTERNAL_ERROR org.apache.hadoop.ozone.om.exceptions.OMException: Allocated 1 blocks. Requested 5 blocks
	at org.apache.hadoop.ozone.freon.RandomKeyGenerator.call(RandomKeyGenerator.java:341)
	at org.apache.hadoop.ozone.freon.TestDataValidate.ratisTestLargeKey(TestDataValidate.java:69)
	at sun.reflect.NativeMethodAccessorImpl.invoke0(Native Method)
	at sun.reflect.NativeMethodAccessorImpl.invoke(NativeMethodAccessorImpl.java:62)
	at sun.reflect.DelegatingMethodAccessorImpl.invoke(DelegatingMethodAccessorImpl.java:43)
	at java.lang.reflect.Method.invoke(Method.java:498)
	at org.junit.runners.model.FrameworkMethod$1.runReflectiveCall(FrameworkMethod.java:47)
	at org.junit.internal.runners.model.ReflectiveCallable.run(ReflectiveCallable.java:12)
	at org.junit.runners.model.FrameworkMethod.invokeExplosively(FrameworkMethod.java:44)
	at org.junit.internal.runners.statements.InvokeMethod.evaluate(InvokeMethod.java:17)
	at org.junit.runners.ParentRunner.runLeaf(ParentRunner.java:271)
	at org.junit.runners.BlockJUnit4ClassRunner.runChild(BlockJUnit4ClassRunner.java:70)
	at org.junit.runners.BlockJUnit4ClassRunner.runChild(BlockJUnit4ClassRunner.java:50)
	at org.junit.runners.ParentRunner$3.run(ParentRunner.java:238)
	at org.junit.runners.ParentRunner$1.schedule(ParentRunner.java:63)
	at org.junit.runners.ParentRunner.runChildren(ParentRunner.java:236)
	at org.junit.runners.ParentRunner.access$000(ParentRunner.java:53)
	at org.junit.runners.ParentRunner$2.evaluate(ParentRunner.java:229)
	at org.junit.internal.runners.statements.RunBefores.evaluate(RunBefores.java:26)
	at org.junit.internal.runners.statements.RunAfters.evaluate(RunAfters.java:27)
	at org.junit.runners.ParentRunner.run(ParentRunner.java:309)
	at org.apache.maven.surefire.junit4.JUnit4Provider.execute(JUnit4Provider.java:365)
	at org.apache.maven.surefire.junit4.JUnit4Provider.executeWithRerun(JUnit4Provider.java:273)
	at org.apache.maven.surefire.junit4.JUnit4Provider.executeTestSet(JUnit4Provider.java:238)
	at org.apache.maven.surefire.junit4.JUnit4Provider.invoke(JUnit4Provider.java:159)
	at org.apache.maven.surefire.booter.ForkedBooter.invokeProviderInSameClassLoader(ForkedBooter.java:384)
	at org.apache.maven.surefire.booter.ForkedBooter.runSuitesInProcess(ForkedBooter.java:345)
	at org.apache.maven.surefire.booter.ForkedBooter.execute(ForkedBooter.java:126)
	at org.apache.maven.surefire.booter.ForkedBooter.main(ForkedBooter.java:418)
Caused by: INTERNAL_ERROR org.apache.hadoop.ozone.om.exceptions.OMException: Allocated 1 blocks. Requested 5 blocks
	at org.apache.hadoop.ozone.om.protocolPB.OzoneManagerProtocolClientSideTranslatorPB.handleError(OzoneManagerProtocolClientSideTranslatorPB.java:732)
	at org.apache.hadoop.ozone.om.protocolPB.OzoneManagerProtocolClientSideTranslatorPB.openKey(OzoneManagerProtocolClientSideTranslatorPB.java:723)
	at sun.reflect.NativeMethodAccessorImpl.invoke0(Native Method)
	at sun.reflect.NativeMethodAccessorImpl.invoke(NativeMethodAccessorImpl.java:62)
	at sun.reflect.DelegatingMethodAccessorImpl.invoke(DelegatingMethodAccessorImpl.java:43)
	at java.lang.reflect.Method.invoke(Method.java:498)
	at org.apache.hadoop.hdds.tracing.TraceAllMethod.invoke(TraceAllMethod.java:66)
	at com.sun.proxy.$Proxy37.openKey(Unknown Source)
	at org.apache.hadoop.ozone.client.rpc.RpcClient.createKey(RpcClient.java:633)
	at org.apache.hadoop.ozone.client.OzoneBucket.createKey(OzoneBucket.java:325)
	at org.apache.hadoop.ozone.freon.RandomKeyGenerator.createKey(RandomKeyGenerator.java:697)
	at org.apache.hadoop.ozone.freon.RandomKeyGenerator.access$1100(RandomKeyGenerator.java:88)
	at org.apache.hadoop.ozone.freon.RandomKeyGenerator$ObjectCreator.run(RandomKeyGenerator.java:615)
	at java.util.concurrent.Executors$RunnableAdapter.call(Executors.java:511)
	at java.util.concurrent.FutureTask.run(FutureTask.java:266)
	at java.util.concurrent.ThreadPoolExecutor.runWorker(ThreadPoolExecutor.java:1149)
	at java.util.concurrent.ThreadPoolExecutor$Worker.run(ThreadPoolExecutor.java:624)
	at java.lang.Thread.run(Thread.java:748)
</error>
    <system-out><![CDATA[2019-11-01 01:12:14,334 [main] WARN  server.ServerUtils (ServerUtils.java:getScmDbDir(145)) - ozone.scm.db.dirs is not configured. We recommend adding this setting. Falling back to ozone.metadata.dirs instead.
2019-11-01 01:12:14,453 [main] WARN  server.ServerUtils (ServerUtils.java:getScmDbDir(145)) - ozone.scm.db.dirs is not configured. We recommend adding this setting. Falling back to ozone.metadata.dirs instead.
2019-11-01 01:12:14,456 [main] WARN  server.ServerUtils (ServerUtils.java:getScmDbDir(145)) - ozone.scm.db.dirs is not configured. We recommend adding this setting. Falling back to ozone.metadata.dirs instead.
2019-11-01 01:12:14,482 [main] INFO  util.log (Log.java:initialized(192)) - Logging initialized @836ms
2019-11-01 01:12:14,578 [main] INFO  db.DBStoreBuilder (DBStoreBuilder.java:addTable(127)) - using custom profile for table: deletedBlocks
2019-11-01 01:12:14,578 [main] INFO  db.DBStoreBuilder (DBStoreBuilder.java:processTables(183)) - Using default column profile:DBProfile.DISK for Table:deletedBlocks
2019-11-01 01:12:14,579 [main] INFO  db.DBStoreBuilder (DBStoreBuilder.java:addTable(127)) - using custom profile for table: validCerts
2019-11-01 01:12:14,579 [main] INFO  db.DBStoreBuilder (DBStoreBuilder.java:processTables(183)) - Using default column profile:DBProfile.DISK for Table:validCerts
2019-11-01 01:12:14,579 [main] INFO  db.DBStoreBuilder (DBStoreBuilder.java:addTable(127)) - using custom profile for table: revokedCerts
2019-11-01 01:12:14,579 [main] INFO  db.DBStoreBuilder (DBStoreBuilder.java:processTables(183)) - Using default column profile:DBProfile.DISK for Table:revokedCerts
2019-11-01 01:12:14,592 [main] INFO  db.DBStoreBuilder (DBStoreBuilder.java:addTable(127)) - using custom profile for table: default
2019-11-01 01:12:14,593 [main] INFO  db.DBStoreBuilder (DBStoreBuilder.java:processTables(189)) - Using default column profile:DBProfile.DISK for Table:default
2019-11-01 01:12:14,594 [main] INFO  db.DBStoreBuilder (DBStoreBuilder.java:getDbProfile(220)) - Using default options. DBProfile.DISK
2019-11-01 01:12:14,755 [main] INFO  net.NodeSchemaLoader (NodeSchemaLoader.java:loadSchemaFromFile(125)) - Loading file from sun.misc.CompoundEnumeration@6771beb3
2019-11-01 01:12:14,757 [main] INFO  net.NodeSchemaLoader (NodeSchemaLoader.java:loadSchema(171)) - Loading network topology layer schema file
2019-11-01 01:12:14,810 [main] WARN  server.ServerUtils (ServerUtils.java:sanitizeUserArgs(70)) - ozone.scm.stale.node.interval value = 300000 is larger than max = 100000 based on the key value of ozone.scm.heartbeat.thread.interval, reset to the max value 100000.
2019-11-01 01:12:14,812 [main] WARN  server.ServerUtils (ServerUtils.java:sanitizeUserArgs(70)) - ozone.scm.stale.node.interval value = 300000 is larger than max = 100000 based on the key value of ozone.scm.heartbeat.thread.interval, reset to the max value 100000.
2019-11-01 01:12:14,815 [main] INFO  node.SCMNodeManager (SCMNodeManager.java:<init>(116)) - Entering startup safe mode.
2019-11-01 01:12:14,872 [main] INFO  algorithms.ContainerPlacementPolicyFactory (ContainerPlacementPolicyFactory.java:getPolicy(57)) - Create container placement policy of type org.apache.hadoop.hdds.scm.container.placement.algorithms.SCMContainerPlacementRandom
2019-11-01 01:12:14,886 [main] WARN  server.ServerUtils (ServerUtils.java:getScmDbDir(145)) - ozone.scm.db.dirs is not configured. We recommend adding this setting. Falling back to ozone.metadata.dirs instead.
2019-11-01 01:12:14,969 [main] INFO  pipeline.SCMPipelineManager (SCMPipelineManager.java:initializePipelineState(132)) - No pipeline exists in current db
2019-11-01 01:12:14,972 [main] WARN  server.ServerUtils (ServerUtils.java:getScmDbDir(145)) - ozone.scm.db.dirs is not configured. We recommend adding this setting. Falling back to ozone.metadata.dirs instead.
2019-11-01 01:12:15,097 [main] WARN  events.EventQueue (EventQueue.java:fireEvent(183)) - No event handler registered for event TypedEvent{payloadType=SafeModeStatus, name='SafeModeStatus'}
2019-11-01 01:12:15,425 [main] INFO  ipc.CallQueueManager (CallQueueManager.java:<init>(84)) - Using callQueue: class java.util.concurrent.LinkedBlockingQueue, queueCapacity: 2000, scheduler: class org.apache.hadoop.ipc.DefaultRpcScheduler, ipcBackoff: false.
2019-11-01 01:12:15,449 [Socket Reader #1 for port 37271] INFO  ipc.Server (Server.java:run(1074)) - Starting Socket Reader #1 for port 37271
2019-11-01 01:12:15,557 [main] INFO  ipc.CallQueueManager (CallQueueManager.java:<init>(84)) - Using callQueue: class java.util.concurrent.LinkedBlockingQueue, queueCapacity: 2000, scheduler: class org.apache.hadoop.ipc.DefaultRpcScheduler, ipcBackoff: false.
2019-11-01 01:12:15,558 [Socket Reader #1 for port 34347] INFO  ipc.Server (Server.java:run(1074)) - Starting Socket Reader #1 for port 34347
2019-11-01 01:12:15,572 [main] INFO  ipc.CallQueueManager (CallQueueManager.java:<init>(84)) - Using callQueue: class java.util.concurrent.LinkedBlockingQueue, queueCapacity: 2000, scheduler: class org.apache.hadoop.ipc.DefaultRpcScheduler, ipcBackoff: false.
2019-11-01 01:12:15,573 [Socket Reader #1 for port 40812] INFO  ipc.Server (Server.java:run(1074)) - Starting Socket Reader #1 for port 40812
2019-11-01 01:12:15,607 [main] INFO  hdfs.DFSUtil (DFSUtil.java:httpServerTemplateForNNAndJN(1641)) - Starting Web-server for scm at: http://0.0.0.0:0
2019-11-01 01:12:15,730 [main] INFO  server.AuthenticationFilter (AuthenticationFilter.java:constructSecretProvider(240)) - Unable to initialize FileSignerSecretProvider, falling back to use random secrets.
2019-11-01 01:12:15,746 [main] WARN  http.HttpRequestLog (HttpRequestLog.java:getRequestLog(97)) - Jetty request log can only be enabled using Log4j
2019-11-01 01:12:15,756 [main] INFO  http.HttpServer2 (HttpServer2.java:addGlobalFilter(975)) - Added global filter 'safety' (class=org.apache.hadoop.http.HttpServer2$QuotingInputFilter)
2019-11-01 01:12:15,759 [main] INFO  http.HttpServer2 (HttpServer2.java:addFilter(948)) - Added filter static_user_filter (class=org.apache.hadoop.http.lib.StaticUserWebFilter$StaticUserFilter) to context scm
2019-11-01 01:12:15,760 [main] INFO  http.HttpServer2 (HttpServer2.java:addFilter(958)) - Added filter static_user_filter (class=org.apache.hadoop.http.lib.StaticUserWebFilter$StaticUserFilter) to context static
2019-11-01 01:12:15,760 [main] INFO  http.HttpServer2 (HttpServer2.java:addFilter(958)) - Added filter static_user_filter (class=org.apache.hadoop.http.lib.StaticUserWebFilter$StaticUserFilter) to context logs
2019-11-01 01:12:15,787 [main] INFO  server.StorageContainerManager (StorageContainerManager.java:start(764)) - StorageContainerLocationProtocol RPC server is listening at /0.0.0.0:40812
2019-11-01 01:12:15,840 [main] WARN  impl.MetricsConfig (MetricsConfig.java:loadFirst(134)) - Cannot locate configuration: tried hadoop-metrics2-storagecontainermanager.properties,hadoop-metrics2.properties
2019-11-01 01:12:15,854 [main] INFO  impl.MetricsSystemImpl (MetricsSystemImpl.java:startTimer(374)) - Scheduled Metric snapshot period at 10 second(s).
2019-11-01 01:12:15,854 [main] INFO  impl.MetricsSystemImpl (MetricsSystemImpl.java:start(191)) - StorageContainerManager metrics system started
2019-11-01 01:12:16,103 [main] INFO  server.SCMClientProtocolServer (SCMClientProtocolServer.java:start(159)) - RPC server for Client  is listening at /0.0.0.0:40812
2019-11-01 01:12:16,104 [IPC Server listener on 40812] INFO  ipc.Server (Server.java:run(1153)) - IPC Server listener on 40812: starting
2019-11-01 01:12:16,104 [IPC Server Responder] INFO  ipc.Server (Server.java:run(1314)) - IPC Server Responder: starting
2019-11-01 01:12:16,106 [main] INFO  server.StorageContainerManager (StorageContainerManager.java:start(774)) - ScmBlockLocationProtocol RPC server is listening at /0.0.0.0:34347
2019-11-01 01:12:16,107 [main] INFO  server.SCMBlockProtocolServer (SCMBlockProtocolServer.java:start(146)) - RPC server for Block Protocol is listening at /0.0.0.0:34347
2019-11-01 01:12:16,108 [IPC Server Responder] INFO  ipc.Server (Server.java:run(1314)) - IPC Server Responder: starting
2019-11-01 01:12:16,108 [IPC Server listener on 34347] INFO  ipc.Server (Server.java:run(1153)) - IPC Server listener on 34347: starting
2019-11-01 01:12:16,110 [main] INFO  server.StorageContainerManager (StorageContainerManager.java:start(778)) - ScmDatanodeProtocl RPC server is listening at /0.0.0.0:37271
2019-11-01 01:12:16,110 [main] INFO  server.SCMDatanodeProtocolServer (SCMDatanodeProtocolServer.java:start(169)) - RPC server for DataNodes is listening at /0.0.0.0:37271
2019-11-01 01:12:16,111 [IPC Server Responder] INFO  ipc.Server (Server.java:run(1314)) - IPC Server Responder: starting
2019-11-01 01:12:16,111 [IPC Server listener on 37271] INFO  ipc.Server (Server.java:run(1153)) - IPC Server listener on 37271: starting
2019-11-01 01:12:16,114 [main] INFO  http.HttpServer2 (HttpServer2.java:bindListener(1191)) - Jetty bound to port 34594
2019-11-01 01:12:16,116 [main] INFO  server.Server (Server.java:doStart(351)) - jetty-9.3.25.v20180904, build timestamp: 2018-09-04T21:11:46Z, git hash: 3ce520221d0240229c862b122d2b06c12a625732
2019-11-01 01:12:16,146 [main] INFO  handler.ContextHandler (ContextHandler.java:doStart(781)) - Started o.e.j.s.ServletContextHandler@56e8b606{/logs,file:///workdir/hadoop-ozone/tools/target/log,AVAILABLE}
2019-11-01 01:12:16,146 [main] INFO  handler.ContextHandler (ContextHandler.java:doStart(781)) - Started o.e.j.s.ServletContextHandler@40dff0b7{/static,jar:file:/home/user/.m2/repository/org/apache/hadoop/hadoop-hdds-server-scm/0.5.0-SNAPSHOT/hadoop-hdds-server-scm-0.5.0-SNAPSHOT.jar!/webapps/static,AVAILABLE}
2019-11-01 01:12:16,219 [main] INFO  handler.ContextHandler (ContextHandler.java:doStart(781)) - Started o.e.j.w.WebAppContext@5aceec94{/,file:///tmp/jetty-0.0.0.0-34594-scm-_-any-2232031198840599254.dir/webapp/,AVAILABLE}{/scm}
2019-11-01 01:12:16,224 [main] INFO  server.AbstractConnector (AbstractConnector.java:doStart(278)) - Started ServerConnector@733c423e{HTTP/1.1,[http/1.1]}{0.0.0.0:34594}
2019-11-01 01:12:16,224 [main] INFO  server.Server (Server.java:doStart(419)) - Started @2578ms
2019-11-01 01:12:16,227 [main] INFO  impl.MetricsSinkAdapter (MetricsSinkAdapter.java:start(204)) - Sink prometheus started
2019-11-01 01:12:16,227 [main] INFO  impl.MetricsSystemImpl (MetricsSystemImpl.java:registerSink(301)) - Registered sink prometheus
2019-11-01 01:12:16,229 [main] INFO  server.BaseHttpServer (BaseHttpServer.java:updateConnectorAddress(215)) - HTTP server of SCM is listening at http://0.0.0.0:34594
2019-11-01 01:12:16,238 [org.apache.hadoop.util.JvmPauseMonitor$Monitor@1b5bc39d] INFO  util.JvmPauseMonitor (JvmPauseMonitor.java:run(188)) - Starting JVM pause monitor
2019-11-01 01:12:16,242 [main] WARN  server.ServerUtils (ServerUtils.java:getDBPath(222)) - ozone.om.db.dirs is not configured. We recommend adding this setting. Falling back to ozone.metadata.dirs instead.
2019-11-01 01:12:16,904 [main] INFO  ha.OMHANodeDetails (OMHANodeDetails.java:loadOMHAConfig(190)) - Configuration either no ozone.om.address set. Falling back to the default OM address /127.0.0.1:0
2019-11-01 01:12:16,904 [main] INFO  ha.OMHANodeDetails (OMHANodeDetails.java:getOMNodeDetails(220)) - OM Service ID is not set. Setting it to the default ID: omServiceIdDefault
2019-11-01 01:12:16,906 [main] WARN  server.ServerUtils (ServerUtils.java:getDBPath(222)) - ozone.om.db.dirs is not configured. We recommend adding this setting. Falling back to ozone.metadata.dirs instead.
2019-11-01 01:12:16,907 [main] WARN  server.ServerUtils (ServerUtils.java:getDBPath(222)) - ozone.om.db.dirs is not configured. We recommend adding this setting. Falling back to ozone.metadata.dirs instead.
2019-11-01 01:12:17,600 [main] WARN  server.ServerUtils (ServerUtils.java:getDBPath(222)) - ozone.om.db.dirs is not configured. We recommend adding this setting. Falling back to ozone.metadata.dirs instead.
2019-11-01 01:12:17,609 [main] INFO  db.DBStoreBuilder (DBStoreBuilder.java:addTable(127)) - using custom profile for table: userTable
2019-11-01 01:12:17,609 [main] INFO  db.DBStoreBuilder (DBStoreBuilder.java:processTables(183)) - Using default column profile:DBProfile.DISK for Table:userTable
2019-11-01 01:12:17,610 [main] INFO  db.DBStoreBuilder (DBStoreBuilder.java:addTable(127)) - using custom profile for table: volumeTable
2019-11-01 01:12:17,610 [main] INFO  db.DBStoreBuilder (DBStoreBuilder.java:processTables(183)) - Using default column profile:DBProfile.DISK for Table:volumeTable
2019-11-01 01:12:17,610 [main] INFO  db.DBStoreBuilder (DBStoreBuilder.java:addTable(127)) - using custom profile for table: bucketTable
2019-11-01 01:12:17,610 [main] INFO  db.DBStoreBuilder (DBStoreBuilder.java:processTables(183)) - Using default column profile:DBProfile.DISK for Table:bucketTable
2019-11-01 01:12:17,611 [main] INFO  db.DBStoreBuilder (DBStoreBuilder.java:addTable(127)) - using custom profile for table: keyTable
2019-11-01 01:12:17,611 [main] INFO  db.DBStoreBuilder (DBStoreBuilder.java:processTables(183)) - Using default column profile:DBProfile.DISK for Table:keyTable
2019-11-01 01:12:17,611 [main] INFO  db.DBStoreBuilder (DBStoreBuilder.java:addTable(127)) - using custom profile for table: deletedTable
2019-11-01 01:12:17,611 [main] INFO  db.DBStoreBuilder (DBStoreBuilder.java:processTables(183)) - Using default column profile:DBProfile.DISK for Table:deletedTable
2019-11-01 01:12:17,612 [main] INFO  db.DBStoreBuilder (DBStoreBuilder.java:addTable(127)) - using custom profile for table: openKeyTable
2019-11-01 01:12:17,612 [main] INFO  db.DBStoreBuilder (DBStoreBuilder.java:processTables(183)) - Using default column profile:DBProfile.DISK for Table:openKeyTable
2019-11-01 01:12:17,612 [main] INFO  db.DBStoreBuilder (DBStoreBuilder.java:addTable(127)) - using custom profile for table: s3Table
2019-11-01 01:12:17,612 [main] INFO  db.DBStoreBuilder (DBStoreBuilder.java:processTables(183)) - Using default column profile:DBProfile.DISK for Table:s3Table
2019-11-01 01:12:17,612 [main] INFO  db.DBStoreBuilder (DBStoreBuilder.java:addTable(127)) - using custom profile for table: multipartInfoTable
2019-11-01 01:12:17,613 [main] INFO  db.DBStoreBuilder (DBStoreBuilder.java:processTables(183)) - Using default column profile:DBProfile.DISK for Table:multipartInfoTable
2019-11-01 01:12:17,613 [main] INFO  db.DBStoreBuilder (DBStoreBuilder.java:addTable(127)) - using custom profile for table: dTokenTable
2019-11-01 01:12:17,613 [main] INFO  db.DBStoreBuilder (DBStoreBuilder.java:processTables(183)) - Using default column profile:DBProfile.DISK for Table:dTokenTable
2019-11-01 01:12:17,613 [main] INFO  db.DBStoreBuilder (DBStoreBuilder.java:addTable(127)) - using custom profile for table: s3SecretTable
2019-11-01 01:12:17,614 [main] INFO  db.DBStoreBuilder (DBStoreBuilder.java:processTables(183)) - Using default column profile:DBProfile.DISK for Table:s3SecretTable
2019-11-01 01:12:17,614 [main] INFO  db.DBStoreBuilder (DBStoreBuilder.java:addTable(127)) - using custom profile for table: prefixTable
2019-11-01 01:12:17,614 [main] INFO  db.DBStoreBuilder (DBStoreBuilder.java:processTables(183)) - Using default column profile:DBProfile.DISK for Table:prefixTable
2019-11-01 01:12:17,614 [main] INFO  db.DBStoreBuilder (DBStoreBuilder.java:addTable(127)) - using custom profile for table: default
2019-11-01 01:12:17,615 [main] INFO  db.DBStoreBuilder (DBStoreBuilder.java:processTables(189)) - Using default column profile:DBProfile.DISK for Table:default
2019-11-01 01:12:17,615 [main] INFO  db.DBStoreBuilder (DBStoreBuilder.java:getDbProfile(220)) - Using default options. DBProfile.DISK
2019-11-01 01:12:25,812 [main] INFO  ipc.CallQueueManager (CallQueueManager.java:<init>(84)) - Using callQueue: class java.util.concurrent.LinkedBlockingQueue, queueCapacity: 2000, scheduler: class org.apache.hadoop.ipc.DefaultRpcScheduler, ipcBackoff: false.
2019-11-01 01:12:25,814 [Socket Reader #1 for port 46386] INFO  ipc.Server (Server.java:run(1074)) - Starting Socket Reader #1 for port 46386
2019-11-01 01:12:25,838 [main] INFO  om.OzoneManager (OzoneManager.java:start(1076)) - OzoneManager RPC server is listening at localhost/127.0.0.1:46386
2019-11-01 01:12:25,838 [main] INFO  impl.MetricsSystemImpl (MetricsSystemImpl.java:init(158)) - OzoneManager metrics system started (again)
2019-11-01 01:12:25,847 [IPC Server Responder] INFO  ipc.Server (Server.java:run(1314)) - IPC Server Responder: starting
2019-11-01 01:12:25,847 [IPC Server listener on 46386] INFO  ipc.Server (Server.java:run(1153)) - IPC Server listener on 46386: starting
2019-11-01 01:12:25,854 [main] INFO  hdfs.DFSUtil (DFSUtil.java:httpServerTemplateForNNAndJN(1641)) - Starting Web-server for ozoneManager at: http://0.0.0.0:0
2019-11-01 01:12:25,860 [main] INFO  server.AuthenticationFilter (AuthenticationFilter.java:constructSecretProvider(240)) - Unable to initialize FileSignerSecretProvider, falling back to use random secrets.
2019-11-01 01:12:25,861 [main] WARN  http.HttpRequestLog (HttpRequestLog.java:getRequestLog(97)) - Jetty request log can only be enabled using Log4j
2019-11-01 01:12:25,865 [main] INFO  http.HttpServer2 (HttpServer2.java:addGlobalFilter(975)) - Added global filter 'safety' (class=org.apache.hadoop.http.HttpServer2$QuotingInputFilter)
2019-11-01 01:12:25,867 [main] INFO  http.HttpServer2 (HttpServer2.java:addFilter(948)) - Added filter static_user_filter (class=org.apache.hadoop.http.lib.StaticUserWebFilter$StaticUserFilter) to context ozoneManager
2019-11-01 01:12:25,867 [main] INFO  http.HttpServer2 (HttpServer2.java:addFilter(958)) - Added filter static_user_filter (class=org.apache.hadoop.http.lib.StaticUserWebFilter$StaticUserFilter) to context logs
2019-11-01 01:12:25,869 [main] INFO  http.HttpServer2 (HttpServer2.java:addFilter(958)) - Added filter static_user_filter (class=org.apache.hadoop.http.lib.StaticUserWebFilter$StaticUserFilter) to context static
2019-11-01 01:12:25,874 [main] INFO  http.HttpServer2 (HttpServer2.java:bindListener(1191)) - Jetty bound to port 41570
2019-11-01 01:12:25,874 [main] INFO  server.Server (Server.java:doStart(351)) - jetty-9.3.25.v20180904, build timestamp: 2018-09-04T21:11:46Z, git hash: 3ce520221d0240229c862b122d2b06c12a625732
2019-11-01 01:12:25,876 [main] INFO  handler.ContextHandler (ContextHandler.java:doStart(781)) - Started o.e.j.s.ServletContextHandler@3e83c18{/logs,file:///workdir/hadoop-ozone/tools/target/log,AVAILABLE}
2019-11-01 01:12:25,877 [main] INFO  handler.ContextHandler (ContextHandler.java:doStart(781)) - Started o.e.j.s.ServletContextHandler@5d235104{/static,jar:file:/home/user/.m2/repository/org/apache/hadoop/hadoop-ozone-ozone-manager/0.5.0-SNAPSHOT/hadoop-ozone-ozone-manager-0.5.0-SNAPSHOT.jar!/webapps/static,AVAILABLE}
2019-11-01 01:12:25,936 [main] INFO  handler.ContextHandler (ContextHandler.java:doStart(781)) - Started o.e.j.w.WebAppContext@24a298a6{/,file:///tmp/jetty-0.0.0.0-41570-ozoneManager-_-any-3042076505513379825.dir/webapp/,AVAILABLE}{/ozoneManager}
2019-11-01 01:12:25,937 [main] INFO  server.AbstractConnector (AbstractConnector.java:doStart(278)) - Started ServerConnector@982bb90{HTTP/1.1,[http/1.1]}{0.0.0.0:41570}
2019-11-01 01:12:25,938 [main] INFO  server.Server (Server.java:doStart(419)) - Started @12292ms
2019-11-01 01:12:25,938 [main] WARN  impl.MetricsSystemImpl (MetricsSystemImpl.java:register(276)) - Sink prometheus already exists!
2019-11-01 01:12:25,939 [main] INFO  server.BaseHttpServer (BaseHttpServer.java:updateConnectorAddress(215)) - HTTP server of OZONEMANAGER is listening at http://0.0.0.0:41570
2019-11-01 01:12:26,232 [main] INFO  impl.MetricsSystemImpl (MetricsSystemImpl.java:init(158)) - HddsDatanode metrics system started (again)
2019-11-01 01:12:26,279 [main] INFO  ozone.HddsDatanodeService (HddsDatanodeService.java:start(183)) - HddsDatanodeService host:pr-hdds-2364-master-k27gz-2975546514 ip:192.168.157.211
2019-11-01 01:12:26,312 [main] INFO  volume.HddsVolume (HddsVolume.java:<init>(176)) - Creating Volume: /workdir/hadoop-ozone/tools/target/test-dir/MiniOzoneClusterImpl-7858d707-e611-49d6-9f20-09fa29eef7b7/datanode-0/data/containers/hdds of  storage type : DISK and capacity : 1482555576320
2019-11-01 01:12:26,314 [main] INFO  volume.VolumeSet (VolumeSet.java:initializeVolumeSet(170)) - Added Volume : /workdir/hadoop-ozone/tools/target/test-dir/MiniOzoneClusterImpl-7858d707-e611-49d6-9f20-09fa29eef7b7/datanode-0/data/containers/hdds to VolumeSet
2019-11-01 01:12:26,316 [main] INFO  volume.ThrottledAsyncChecker (ThrottledAsyncChecker.java:schedule(141)) - Scheduling a check for /workdir/hadoop-ozone/tools/target/test-dir/MiniOzoneClusterImpl-7858d707-e611-49d6-9f20-09fa29eef7b7/datanode-0/data/containers/hdds
2019-11-01 01:12:26,332 [main] INFO  volume.HddsVolumeChecker (HddsVolumeChecker.java:checkAllVolumes(204)) - Scheduled health check for volume /workdir/hadoop-ozone/tools/target/test-dir/MiniOzoneClusterImpl-7858d707-e611-49d6-9f20-09fa29eef7b7/datanode-0/data/containers/hdds
2019-11-01 01:12:26,443 [main] INFO  impl.RaftServerProxy (ConfUtils.java:logGet(43)) - raft.rpc.type = GRPC (default)
2019-11-01 01:12:26,514 [main] INFO  grpc.GrpcFactory (GrpcFactory.java:checkPooledByteBufAllocatorUseCacheForAllThreads(45)) - PERFORMANCE WARNING: useCacheForAllThreads is true that may cause Netty to create a lot garbage objects and, as a result, trigger GC.
	It is recommended to disable useCacheForAllThreads by setting -Dorg.apache.ratis.thirdparty.io.netty.allocator.useCacheForAllThreads=false in command line.
2019-11-01 01:12:26,519 [main] INFO  grpc.GrpcConfigKeys$Server (ConfUtils.java:logGet(43)) - raft.grpc.server.port = 0 (default)
2019-11-01 01:12:26,520 [main] INFO  server.GrpcService (ConfUtils.java:logGet(43)) - raft.grpc.message.size.max = 33570816 (custom)
2019-11-01 01:12:26,521 [main] INFO  server.RaftServerConfigKeys (ConfUtils.java:logGet(43)) - raft.server.log.appender.buffer.byte-limit = 33554432 (custom)
2019-11-01 01:12:26,522 [main] INFO  server.GrpcService (ConfUtils.java:logGet(43)) - raft.grpc.flow.control.window = 1MB (=1048576) (default)
2019-11-01 01:12:26,523 [main] INFO  server.RaftServerConfigKeys (ConfUtils.java:logGet(43)) - raft.server.rpc.request.timeout = 3000ms (default)
2019-11-01 01:12:26,696 [main] INFO  server.RaftServerConfigKeys (ConfUtils.java:logGet(43)) - raft.server.storage.dir = [/workdir/hadoop-ozone/tools/target/test-dir/MiniOzoneClusterImpl-7858d707-e611-49d6-9f20-09fa29eef7b7/datanode-0/data/ratis] (custom)
2019-11-01 01:12:26,747 [main] INFO  hdfs.DFSUtil (DFSUtil.java:httpServerTemplateForNNAndJN(1641)) - Starting Web-server for hddsDatanode at: http://0.0.0.0:0
2019-11-01 01:12:26,749 [main] INFO  server.AuthenticationFilter (AuthenticationFilter.java:constructSecretProvider(240)) - Unable to initialize FileSignerSecretProvider, falling back to use random secrets.
2019-11-01 01:12:26,749 [main] WARN  http.HttpRequestLog (HttpRequestLog.java:getRequestLog(97)) - Jetty request log can only be enabled using Log4j
2019-11-01 01:12:26,751 [main] INFO  http.HttpServer2 (HttpServer2.java:addGlobalFilter(975)) - Added global filter 'safety' (class=org.apache.hadoop.http.HttpServer2$QuotingInputFilter)
2019-11-01 01:12:26,751 [main] INFO  http.HttpServer2 (HttpServer2.java:addFilter(948)) - Added filter static_user_filter (class=org.apache.hadoop.http.lib.StaticUserWebFilter$StaticUserFilter) to context hddsDatanode
2019-11-01 01:12:26,752 [main] INFO  http.HttpServer2 (HttpServer2.java:addFilter(958)) - Added filter static_user_filter (class=org.apache.hadoop.http.lib.StaticUserWebFilter$StaticUserFilter) to context logs
2019-11-01 01:12:26,752 [main] INFO  http.HttpServer2 (HttpServer2.java:addFilter(958)) - Added filter static_user_filter (class=org.apache.hadoop.http.lib.StaticUserWebFilter$StaticUserFilter) to context static
2019-11-01 01:12:26,753 [main] INFO  http.HttpServer2 (HttpServer2.java:bindListener(1191)) - Jetty bound to port 35553
2019-11-01 01:12:26,753 [main] INFO  server.Server (Server.java:doStart(351)) - jetty-9.3.25.v20180904, build timestamp: 2018-09-04T21:11:46Z, git hash: 3ce520221d0240229c862b122d2b06c12a625732
2019-11-01 01:12:26,755 [main] INFO  handler.ContextHandler (ContextHandler.java:doStart(781)) - Started o.e.j.s.ServletContextHandler@7899de11{/logs,file:///workdir/hadoop-ozone/tools/target/log,AVAILABLE}
2019-11-01 01:12:26,756 [main] INFO  handler.ContextHandler (ContextHandler.java:doStart(781)) - Started o.e.j.s.ServletContextHandler@1bc0d349{/static,jar:file:/home/user/.m2/repository/org/apache/hadoop/hadoop-hdds-container-service/0.5.0-SNAPSHOT/hadoop-hdds-container-service-0.5.0-SNAPSHOT.jar!/webapps/static,AVAILABLE}
2019-11-01 01:12:26,786 [main] INFO  handler.ContextHandler (ContextHandler.java:doStart(781)) - Started o.e.j.w.WebAppContext@7e7f0216{/,file:///tmp/jetty-0.0.0.0-35553-hddsDatanode-_-any-5987184816904289973.dir/webapp/,AVAILABLE}{/hddsDatanode}
2019-11-01 01:12:26,788 [main] INFO  server.AbstractConnector (AbstractConnector.java:doStart(278)) - Started ServerConnector@4339baec{HTTP/1.1,[http/1.1]}{0.0.0.0:35553}
2019-11-01 01:12:26,788 [main] INFO  server.Server (Server.java:doStart(419)) - Started @13142ms
2019-11-01 01:12:26,788 [main] WARN  impl.MetricsSystemImpl (MetricsSystemImpl.java:register(276)) - Sink prometheus already exists!
2019-11-01 01:12:26,789 [main] INFO  server.BaseHttpServer (BaseHttpServer.java:updateConnectorAddress(215)) - HTTP server of HDDSDATANODE is listening at http://0.0.0.0:35553
2019-11-01 01:12:26,790 [main] INFO  impl.MetricsSystemImpl (MetricsSystemImpl.java:init(158)) - HddsDatanode metrics system started (again)
2019-11-01 01:12:26,792 [main] INFO  ozone.HddsDatanodeService (HddsDatanodeService.java:start(183)) - HddsDatanodeService host:pr-hdds-2364-master-k27gz-2975546514 ip:192.168.157.211
2019-11-01 01:12:26,794 [org.apache.hadoop.util.JvmPauseMonitor$Monitor@626945c5] INFO  util.JvmPauseMonitor (JvmPauseMonitor.java:run(188)) - Starting JVM pause monitor
2019-11-01 01:12:26,800 [main] INFO  volume.HddsVolume (HddsVolume.java:<init>(176)) - Creating Volume: /workdir/hadoop-ozone/tools/target/test-dir/MiniOzoneClusterImpl-7858d707-e611-49d6-9f20-09fa29eef7b7/datanode-1/data/containers/hdds of  storage type : DISK and capacity : 1482555576320
2019-11-01 01:12:26,800 [main] INFO  volume.VolumeSet (VolumeSet.java:initializeVolumeSet(170)) - Added Volume : /workdir/hadoop-ozone/tools/target/test-dir/MiniOzoneClusterImpl-7858d707-e611-49d6-9f20-09fa29eef7b7/datanode-1/data/containers/hdds to VolumeSet
2019-11-01 01:12:26,801 [main] INFO  volume.ThrottledAsyncChecker (ThrottledAsyncChecker.java:schedule(141)) - Scheduling a check for /workdir/hadoop-ozone/tools/target/test-dir/MiniOzoneClusterImpl-7858d707-e611-49d6-9f20-09fa29eef7b7/datanode-1/data/containers/hdds
2019-11-01 01:12:26,802 [main] INFO  volume.HddsVolumeChecker (HddsVolumeChecker.java:checkAllVolumes(204)) - Scheduled health check for volume /workdir/hadoop-ozone/tools/target/test-dir/MiniOzoneClusterImpl-7858d707-e611-49d6-9f20-09fa29eef7b7/datanode-1/data/containers/hdds
2019-11-01 01:12:26,825 [main] INFO  impl.RaftServerProxy (ConfUtils.java:logGet(43)) - raft.rpc.type = GRPC (default)
2019-11-01 01:12:26,825 [main] INFO  grpc.GrpcFactory (GrpcFactory.java:checkPooledByteBufAllocatorUseCacheForAllThreads(45)) - PERFORMANCE WARNING: useCacheForAllThreads is true that may cause Netty to create a lot garbage objects and, as a result, trigger GC.
	It is recommended to disable useCacheForAllThreads by setting -Dorg.apache.ratis.thirdparty.io.netty.allocator.useCacheForAllThreads=false in command line.
2019-11-01 01:12:26,825 [main] INFO  grpc.GrpcConfigKeys$Server (ConfUtils.java:logGet(43)) - raft.grpc.server.port = 0 (default)
2019-11-01 01:12:26,826 [main] INFO  server.GrpcService (ConfUtils.java:logGet(43)) - raft.grpc.message.size.max = 33570816 (custom)
2019-11-01 01:12:26,826 [main] INFO  server.RaftServerConfigKeys (ConfUtils.java:logGet(43)) - raft.server.log.appender.buffer.byte-limit = 33554432 (custom)
2019-11-01 01:12:26,826 [main] INFO  server.GrpcService (ConfUtils.java:logGet(43)) - raft.grpc.flow.control.window = 1MB (=1048576) (default)
2019-11-01 01:12:26,827 [main] INFO  server.RaftServerConfigKeys (ConfUtils.java:logGet(43)) - raft.server.rpc.request.timeout = 3000ms (default)
2019-11-01 01:12:26,827 [main] INFO  server.RaftServerConfigKeys (ConfUtils.java:logGet(43)) - raft.server.storage.dir = [/workdir/hadoop-ozone/tools/target/test-dir/MiniOzoneClusterImpl-7858d707-e611-49d6-9f20-09fa29eef7b7/datanode-1/data/ratis] (custom)
2019-11-01 01:12:26,830 [main] INFO  hdfs.DFSUtil (DFSUtil.java:httpServerTemplateForNNAndJN(1641)) - Starting Web-server for hddsDatanode at: http://0.0.0.0:0
2019-11-01 01:12:26,832 [main] INFO  server.AuthenticationFilter (AuthenticationFilter.java:constructSecretProvider(240)) - Unable to initialize FileSignerSecretProvider, falling back to use random secrets.
2019-11-01 01:12:26,832 [main] WARN  http.HttpRequestLog (HttpRequestLog.java:getRequestLog(97)) - Jetty request log can only be enabled using Log4j
2019-11-01 01:12:26,835 [main] INFO  http.HttpServer2 (HttpServer2.java:addGlobalFilter(975)) - Added global filter 'safety' (class=org.apache.hadoop.http.HttpServer2$QuotingInputFilter)
2019-11-01 01:12:26,836 [main] INFO  http.HttpServer2 (HttpServer2.java:addFilter(948)) - Added filter static_user_filter (class=org.apache.hadoop.http.lib.StaticUserWebFilter$StaticUserFilter) to context hddsDatanode
2019-11-01 01:12:26,837 [main] INFO  http.HttpServer2 (HttpServer2.java:addFilter(958)) - Added filter static_user_filter (class=org.apache.hadoop.http.lib.StaticUserWebFilter$StaticUserFilter) to context logs
2019-11-01 01:12:26,837 [main] INFO  http.HttpServer2 (HttpServer2.java:addFilter(958)) - Added filter static_user_filter (class=org.apache.hadoop.http.lib.StaticUserWebFilter$StaticUserFilter) to context static
2019-11-01 01:12:26,838 [main] INFO  http.HttpServer2 (HttpServer2.java:bindListener(1191)) - Jetty bound to port 45236
2019-11-01 01:12:26,838 [main] INFO  server.Server (Server.java:doStart(351)) - jetty-9.3.25.v20180904, build timestamp: 2018-09-04T21:11:46Z, git hash: 3ce520221d0240229c862b122d2b06c12a625732
2019-11-01 01:12:26,842 [main] INFO  handler.ContextHandler (ContextHandler.java:doStart(781)) - Started o.e.j.s.ServletContextHandler@730f9695{/logs,file:///workdir/hadoop-ozone/tools/target/log,AVAILABLE}
2019-11-01 01:12:26,843 [main] INFO  handler.ContextHandler (ContextHandler.java:doStart(781)) - Started o.e.j.s.ServletContextHandler@fab35b1{/static,jar:file:/home/user/.m2/repository/org/apache/hadoop/hadoop-hdds-container-service/0.5.0-SNAPSHOT/hadoop-hdds-container-service-0.5.0-SNAPSHOT.jar!/webapps/static,AVAILABLE}
2019-11-01 01:12:26,874 [main] INFO  handler.ContextHandler (ContextHandler.java:doStart(781)) - Started o.e.j.w.WebAppContext@3d904e9c{/,file:///tmp/jetty-0.0.0.0-45236-hddsDatanode-_-any-6522285989539538427.dir/webapp/,AVAILABLE}{/hddsDatanode}
2019-11-01 01:12:26,875 [main] INFO  server.AbstractConnector (AbstractConnector.java:doStart(278)) - Started ServerConnector@508a65bf{HTTP/1.1,[http/1.1]}{0.0.0.0:45236}
2019-11-01 01:12:26,875 [main] INFO  server.Server (Server.java:doStart(419)) - Started @13229ms
2019-11-01 01:12:26,875 [main] WARN  impl.MetricsSystemImpl (MetricsSystemImpl.java:register(276)) - Sink prometheus already exists!
2019-11-01 01:12:26,877 [main] INFO  server.BaseHttpServer (BaseHttpServer.java:updateConnectorAddress(215)) - HTTP server of HDDSDATANODE is listening at http://0.0.0.0:45236
2019-11-01 01:12:26,877 [main] INFO  impl.MetricsSystemImpl (MetricsSystemImpl.java:init(158)) - HddsDatanode metrics system started (again)
2019-11-01 01:12:26,881 [org.apache.hadoop.util.JvmPauseMonitor$Monitor@7c26c594] INFO  util.JvmPauseMonitor (JvmPauseMonitor.java:run(188)) - Starting JVM pause monitor
2019-11-01 01:12:26,881 [main] INFO  ozone.HddsDatanodeService (HddsDatanodeService.java:start(183)) - HddsDatanodeService host:pr-hdds-2364-master-k27gz-2975546514 ip:192.168.157.211
2019-11-01 01:12:26,890 [main] INFO  volume.HddsVolume (HddsVolume.java:<init>(176)) - Creating Volume: /workdir/hadoop-ozone/tools/target/test-dir/MiniOzoneClusterImpl-7858d707-e611-49d6-9f20-09fa29eef7b7/datanode-2/data/containers/hdds of  storage type : DISK and capacity : 1482555576320
2019-11-01 01:12:26,891 [main] INFO  volume.VolumeSet (VolumeSet.java:initializeVolumeSet(170)) - Added Volume : /workdir/hadoop-ozone/tools/target/test-dir/MiniOzoneClusterImpl-7858d707-e611-49d6-9f20-09fa29eef7b7/datanode-2/data/containers/hdds to VolumeSet
2019-11-01 01:12:26,892 [main] INFO  volume.ThrottledAsyncChecker (ThrottledAsyncChecker.java:schedule(141)) - Scheduling a check for /workdir/hadoop-ozone/tools/target/test-dir/MiniOzoneClusterImpl-7858d707-e611-49d6-9f20-09fa29eef7b7/datanode-2/data/containers/hdds
2019-11-01 01:12:26,893 [main] INFO  volume.HddsVolumeChecker (HddsVolumeChecker.java:checkAllVolumes(204)) - Scheduled health check for volume /workdir/hadoop-ozone/tools/target/test-dir/MiniOzoneClusterImpl-7858d707-e611-49d6-9f20-09fa29eef7b7/datanode-2/data/containers/hdds
2019-11-01 01:12:26,896 [Datanode State Machine Thread - 0] INFO  datanode.InitDatanodeState (InitDatanodeState.java:persistContainerDatanodeDetails(140)) - DatanodeDetails is persisted to /workdir/hadoop-ozone/tools/target/test-dir/MiniOzoneClusterImpl-7858d707-e611-49d6-9f20-09fa29eef7b7/datanode-0/meta/datanode.id
2019-11-01 01:12:26,901 [Datanode State Machine Thread - 0] INFO  datanode.InitDatanodeState (InitDatanodeState.java:persistContainerDatanodeDetails(140)) - DatanodeDetails is persisted to /workdir/hadoop-ozone/tools/target/test-dir/MiniOzoneClusterImpl-7858d707-e611-49d6-9f20-09fa29eef7b7/datanode-1/meta/datanode.id
2019-11-01 01:12:26,911 [main] INFO  impl.RaftServerProxy (ConfUtils.java:logGet(43)) - raft.rpc.type = GRPC (default)
2019-11-01 01:12:26,912 [main] INFO  grpc.GrpcFactory (GrpcFactory.java:checkPooledByteBufAllocatorUseCacheForAllThreads(45)) - PERFORMANCE WARNING: useCacheForAllThreads is true that may cause Netty to create a lot garbage objects and, as a result, trigger GC.
	It is recommended to disable useCacheForAllThreads by setting -Dorg.apache.ratis.thirdparty.io.netty.allocator.useCacheForAllThreads=false in command line.
2019-11-01 01:12:26,912 [main] INFO  grpc.GrpcConfigKeys$Server (ConfUtils.java:logGet(43)) - raft.grpc.server.port = 0 (default)
2019-11-01 01:12:26,912 [main] INFO  server.GrpcService (ConfUtils.java:logGet(43)) - raft.grpc.message.size.max = 33570816 (custom)
2019-11-01 01:12:26,912 [main] INFO  server.RaftServerConfigKeys (ConfUtils.java:logGet(43)) - raft.server.log.appender.buffer.byte-limit = 33554432 (custom)
2019-11-01 01:12:26,912 [main] INFO  server.GrpcService (ConfUtils.java:logGet(43)) - raft.grpc.flow.control.window = 1MB (=1048576) (default)
2019-11-01 01:12:26,913 [main] INFO  server.RaftServerConfigKeys (ConfUtils.java:logGet(43)) - raft.server.rpc.request.timeout = 3000ms (default)
2019-11-01 01:12:26,913 [main] INFO  server.RaftServerConfigKeys (ConfUtils.java:logGet(43)) - raft.server.storage.dir = [/workdir/hadoop-ozone/tools/target/test-dir/MiniOzoneClusterImpl-7858d707-e611-49d6-9f20-09fa29eef7b7/datanode-2/data/ratis] (custom)
2019-11-01 01:12:26,916 [main] INFO  hdfs.DFSUtil (DFSUtil.java:httpServerTemplateForNNAndJN(1641)) - Starting Web-server for hddsDatanode at: http://0.0.0.0:0
2019-11-01 01:12:26,917 [main] INFO  server.AuthenticationFilter (AuthenticationFilter.java:constructSecretProvider(240)) - Unable to initialize FileSignerSecretProvider, falling back to use random secrets.
2019-11-01 01:12:26,918 [main] WARN  http.HttpRequestLog (HttpRequestLog.java:getRequestLog(97)) - Jetty request log can only be enabled using Log4j
2019-11-01 01:12:26,919 [main] INFO  http.HttpServer2 (HttpServer2.java:addGlobalFilter(975)) - Added global filter 'safety' (class=org.apache.hadoop.http.HttpServer2$QuotingInputFilter)
2019-11-01 01:12:26,920 [main] INFO  http.HttpServer2 (HttpServer2.java:addFilter(948)) - Added filter static_user_filter (class=org.apache.hadoop.http.lib.StaticUserWebFilter$StaticUserFilter) to context hddsDatanode
2019-11-01 01:12:26,920 [main] INFO  http.HttpServer2 (HttpServer2.java:addFilter(958)) - Added filter static_user_filter (class=org.apache.hadoop.http.lib.StaticUserWebFilter$StaticUserFilter) to context logs
2019-11-01 01:12:26,920 [main] INFO  http.HttpServer2 (HttpServer2.java:addFilter(958)) - Added filter static_user_filter (class=org.apache.hadoop.http.lib.StaticUserWebFilter$StaticUserFilter) to context static
2019-11-01 01:12:26,921 [main] INFO  http.HttpServer2 (HttpServer2.java:bindListener(1191)) - Jetty bound to port 42543
2019-11-01 01:12:26,921 [main] INFO  server.Server (Server.java:doStart(351)) - jetty-9.3.25.v20180904, build timestamp: 2018-09-04T21:11:46Z, git hash: 3ce520221d0240229c862b122d2b06c12a625732
2019-11-01 01:12:26,924 [main] INFO  handler.ContextHandler (ContextHandler.java:doStart(781)) - Started o.e.j.s.ServletContextHandler@2f236de0{/logs,file:///workdir/hadoop-ozone/tools/target/log,AVAILABLE}
2019-11-01 01:12:26,924 [main] INFO  handler.ContextHandler (ContextHandler.java:doStart(781)) - Started o.e.j.s.ServletContextHandler@767a014e{/static,jar:file:/home/user/.m2/repository/org/apache/hadoop/hadoop-hdds-container-service/0.5.0-SNAPSHOT/hadoop-hdds-container-service-0.5.0-SNAPSHOT.jar!/webapps/static,AVAILABLE}
2019-11-01 01:12:26,964 [main] INFO  handler.ContextHandler (ContextHandler.java:doStart(781)) - Started o.e.j.w.WebAppContext@71a06021{/,file:///tmp/jetty-0.0.0.0-42543-hddsDatanode-_-any-3695922548694660585.dir/webapp/,AVAILABLE}{/hddsDatanode}
2019-11-01 01:12:26,969 [main] INFO  server.AbstractConnector (AbstractConnector.java:doStart(278)) - Started ServerConnector@80bfdc6{HTTP/1.1,[http/1.1]}{0.0.0.0:42543}
2019-11-01 01:12:26,970 [main] INFO  server.Server (Server.java:doStart(419)) - Started @13324ms
2019-11-01 01:12:26,970 [main] WARN  impl.MetricsSystemImpl (MetricsSystemImpl.java:register(276)) - Sink prometheus already exists!
2019-11-01 01:12:26,971 [main] INFO  server.BaseHttpServer (BaseHttpServer.java:updateConnectorAddress(215)) - HTTP server of HDDSDATANODE is listening at http://0.0.0.0:42543
2019-11-01 01:12:26,972 [main] INFO  impl.MetricsSystemImpl (MetricsSystemImpl.java:init(158)) - HddsDatanode metrics system started (again)
2019-11-01 01:12:26,975 [org.apache.hadoop.util.JvmPauseMonitor$Monitor@17d9f8fe] INFO  util.JvmPauseMonitor (JvmPauseMonitor.java:run(188)) - Starting JVM pause monitor
2019-11-01 01:12:26,978 [main] INFO  ozone.HddsDatanodeService (HddsDatanodeService.java:start(183)) - HddsDatanodeService host:pr-hdds-2364-master-k27gz-2975546514 ip:192.168.157.211
2019-11-01 01:12:26,981 [Datanode State Machine Thread - 0] INFO  datanode.InitDatanodeState (InitDatanodeState.java:persistContainerDatanodeDetails(140)) - DatanodeDetails is persisted to /workdir/hadoop-ozone/tools/target/test-dir/MiniOzoneClusterImpl-7858d707-e611-49d6-9f20-09fa29eef7b7/datanode-2/meta/datanode.id
2019-11-01 01:12:26,985 [main] INFO  volume.HddsVolume (HddsVolume.java:<init>(176)) - Creating Volume: /workdir/hadoop-ozone/tools/target/test-dir/MiniOzoneClusterImpl-7858d707-e611-49d6-9f20-09fa29eef7b7/datanode-3/data/containers/hdds of  storage type : DISK and capacity : 1482555576320
2019-11-01 01:12:26,986 [main] INFO  volume.VolumeSet (VolumeSet.java:initializeVolumeSet(170)) - Added Volume : /workdir/hadoop-ozone/tools/target/test-dir/MiniOzoneClusterImpl-7858d707-e611-49d6-9f20-09fa29eef7b7/datanode-3/data/containers/hdds to VolumeSet
2019-11-01 01:12:26,986 [main] INFO  volume.ThrottledAsyncChecker (ThrottledAsyncChecker.java:schedule(141)) - Scheduling a check for /workdir/hadoop-ozone/tools/target/test-dir/MiniOzoneClusterImpl-7858d707-e611-49d6-9f20-09fa29eef7b7/datanode-3/data/containers/hdds
2019-11-01 01:12:26,987 [main] INFO  volume.HddsVolumeChecker (HddsVolumeChecker.java:checkAllVolumes(204)) - Scheduled health check for volume /workdir/hadoop-ozone/tools/target/test-dir/MiniOzoneClusterImpl-7858d707-e611-49d6-9f20-09fa29eef7b7/datanode-3/data/containers/hdds
2019-11-01 01:12:27,009 [main] INFO  impl.RaftServerProxy (ConfUtils.java:logGet(43)) - raft.rpc.type = GRPC (default)
2019-11-01 01:12:27,010 [main] INFO  grpc.GrpcFactory (GrpcFactory.java:checkPooledByteBufAllocatorUseCacheForAllThreads(45)) - PERFORMANCE WARNING: useCacheForAllThreads is true that may cause Netty to create a lot garbage objects and, as a result, trigger GC.
	It is recommended to disable useCacheForAllThreads by setting -Dorg.apache.ratis.thirdparty.io.netty.allocator.useCacheForAllThreads=false in command line.
2019-11-01 01:12:27,010 [main] INFO  grpc.GrpcConfigKeys$Server (ConfUtils.java:logGet(43)) - raft.grpc.server.port = 0 (default)
2019-11-01 01:12:27,011 [main] INFO  server.GrpcService (ConfUtils.java:logGet(43)) - raft.grpc.message.size.max = 33570816 (custom)
2019-11-01 01:12:27,011 [main] INFO  server.RaftServerConfigKeys (ConfUtils.java:logGet(43)) - raft.server.log.appender.buffer.byte-limit = 33554432 (custom)
2019-11-01 01:12:27,011 [main] INFO  server.GrpcService (ConfUtils.java:logGet(43)) - raft.grpc.flow.control.window = 1MB (=1048576) (default)
2019-11-01 01:12:27,011 [main] INFO  server.RaftServerConfigKeys (ConfUtils.java:logGet(43)) - raft.server.rpc.request.timeout = 3000ms (default)
2019-11-01 01:12:27,012 [main] INFO  server.RaftServerConfigKeys (ConfUtils.java:logGet(43)) - raft.server.storage.dir = [/workdir/hadoop-ozone/tools/target/test-dir/MiniOzoneClusterImpl-7858d707-e611-49d6-9f20-09fa29eef7b7/datanode-3/data/ratis] (custom)
2019-11-01 01:12:27,014 [main] INFO  hdfs.DFSUtil (DFSUtil.java:httpServerTemplateForNNAndJN(1641)) - Starting Web-server for hddsDatanode at: http://0.0.0.0:0
2019-11-01 01:12:27,016 [main] INFO  server.AuthenticationFilter (AuthenticationFilter.java:constructSecretProvider(240)) - Unable to initialize FileSignerSecretProvider, falling back to use random secrets.
2019-11-01 01:12:27,017 [main] WARN  http.HttpRequestLog (HttpRequestLog.java:getRequestLog(97)) - Jetty request log can only be enabled using Log4j
2019-11-01 01:12:27,018 [main] INFO  http.HttpServer2 (HttpServer2.java:addGlobalFilter(975)) - Added global filter 'safety' (class=org.apache.hadoop.http.HttpServer2$QuotingInputFilter)
2019-11-01 01:12:27,019 [main] INFO  http.HttpServer2 (HttpServer2.java:addFilter(948)) - Added filter static_user_filter (class=org.apache.hadoop.http.lib.StaticUserWebFilter$StaticUserFilter) to context hddsDatanode
2019-11-01 01:12:27,019 [main] INFO  http.HttpServer2 (HttpServer2.java:addFilter(958)) - Added filter static_user_filter (class=org.apache.hadoop.http.lib.StaticUserWebFilter$StaticUserFilter) to context logs
2019-11-01 01:12:27,019 [main] INFO  http.HttpServer2 (HttpServer2.java:addFilter(958)) - Added filter static_user_filter (class=org.apache.hadoop.http.lib.StaticUserWebFilter$StaticUserFilter) to context static
2019-11-01 01:12:27,020 [main] INFO  http.HttpServer2 (HttpServer2.java:bindListener(1191)) - Jetty bound to port 43599
2019-11-01 01:12:27,020 [main] INFO  server.Server (Server.java:doStart(351)) - jetty-9.3.25.v20180904, build timestamp: 2018-09-04T21:11:46Z, git hash: 3ce520221d0240229c862b122d2b06c12a625732
2019-11-01 01:12:27,024 [main] INFO  handler.ContextHandler (ContextHandler.java:doStart(781)) - Started o.e.j.s.ServletContextHandler@a9f023e{/logs,file:///workdir/hadoop-ozone/tools/target/log,AVAILABLE}
2019-11-01 01:12:27,025 [main] INFO  handler.ContextHandler (ContextHandler.java:doStart(781)) - Started o.e.j.s.ServletContextHandler@4b200971{/static,jar:file:/home/user/.m2/repository/org/apache/hadoop/hadoop-hdds-container-service/0.5.0-SNAPSHOT/hadoop-hdds-container-service-0.5.0-SNAPSHOT.jar!/webapps/static,AVAILABLE}
2019-11-01 01:12:27,057 [main] INFO  handler.ContextHandler (ContextHandler.java:doStart(781)) - Started o.e.j.w.WebAppContext@337bbfdf{/,file:///tmp/jetty-0.0.0.0-43599-hddsDatanode-_-any-3000827157513326428.dir/webapp/,AVAILABLE}{/hddsDatanode}
2019-11-01 01:12:27,057 [main] INFO  server.AbstractConnector (AbstractConnector.java:doStart(278)) - Started ServerConnector@52d97ab6{HTTP/1.1,[http/1.1]}{0.0.0.0:43599}
2019-11-01 01:12:27,058 [main] INFO  server.Server (Server.java:doStart(419)) - Started @13412ms
2019-11-01 01:12:27,058 [main] WARN  impl.MetricsSystemImpl (MetricsSystemImpl.java:register(276)) - Sink prometheus already exists!
2019-11-01 01:12:27,060 [main] INFO  server.BaseHttpServer (BaseHttpServer.java:updateConnectorAddress(215)) - HTTP server of HDDSDATANODE is listening at http://0.0.0.0:43599
2019-11-01 01:12:27,060 [main] INFO  impl.MetricsSystemImpl (MetricsSystemImpl.java:init(158)) - HddsDatanode metrics system started (again)
2019-11-01 01:12:27,063 [main] INFO  ozone.HddsDatanodeService (HddsDatanodeService.java:start(183)) - HddsDatanodeService host:pr-hdds-2364-master-k27gz-2975546514 ip:192.168.157.211
2019-11-01 01:12:27,063 [org.apache.hadoop.util.JvmPauseMonitor$Monitor@49f93f14] INFO  util.JvmPauseMonitor (JvmPauseMonitor.java:run(188)) - Starting JVM pause monitor
2019-11-01 01:12:27,067 [Datanode State Machine Thread - 0] INFO  datanode.InitDatanodeState (InitDatanodeState.java:persistContainerDatanodeDetails(140)) - DatanodeDetails is persisted to /workdir/hadoop-ozone/tools/target/test-dir/MiniOzoneClusterImpl-7858d707-e611-49d6-9f20-09fa29eef7b7/datanode-3/meta/datanode.id
2019-11-01 01:12:27,071 [main] INFO  volume.HddsVolume (HddsVolume.java:<init>(176)) - Creating Volume: /workdir/hadoop-ozone/tools/target/test-dir/MiniOzoneClusterImpl-7858d707-e611-49d6-9f20-09fa29eef7b7/datanode-4/data/containers/hdds of  storage type : DISK and capacity : 1482555576320
2019-11-01 01:12:27,072 [main] INFO  volume.VolumeSet (VolumeSet.java:initializeVolumeSet(170)) - Added Volume : /workdir/hadoop-ozone/tools/target/test-dir/MiniOzoneClusterImpl-7858d707-e611-49d6-9f20-09fa29eef7b7/datanode-4/data/containers/hdds to VolumeSet
2019-11-01 01:12:27,072 [main] INFO  volume.ThrottledAsyncChecker (ThrottledAsyncChecker.java:schedule(141)) - Scheduling a check for /workdir/hadoop-ozone/tools/target/test-dir/MiniOzoneClusterImpl-7858d707-e611-49d6-9f20-09fa29eef7b7/datanode-4/data/containers/hdds
2019-11-01 01:12:27,072 [main] INFO  volume.HddsVolumeChecker (HddsVolumeChecker.java:checkAllVolumes(204)) - Scheduled health check for volume /workdir/hadoop-ozone/tools/target/test-dir/MiniOzoneClusterImpl-7858d707-e611-49d6-9f20-09fa29eef7b7/datanode-4/data/containers/hdds
2019-11-01 01:12:27,089 [main] INFO  impl.RaftServerProxy (ConfUtils.java:logGet(43)) - raft.rpc.type = GRPC (default)
2019-11-01 01:12:27,089 [main] INFO  grpc.GrpcFactory (GrpcFactory.java:checkPooledByteBufAllocatorUseCacheForAllThreads(45)) - PERFORMANCE WARNING: useCacheForAllThreads is true that may cause Netty to create a lot garbage objects and, as a result, trigger GC.
	It is recommended to disable useCacheForAllThreads by setting -Dorg.apache.ratis.thirdparty.io.netty.allocator.useCacheForAllThreads=false in command line.
2019-11-01 01:12:27,089 [main] INFO  grpc.GrpcConfigKeys$Server (ConfUtils.java:logGet(43)) - raft.grpc.server.port = 0 (default)
2019-11-01 01:12:27,090 [main] INFO  server.GrpcService (ConfUtils.java:logGet(43)) - raft.grpc.message.size.max = 33570816 (custom)
2019-11-01 01:12:27,090 [main] INFO  server.RaftServerConfigKeys (ConfUtils.java:logGet(43)) - raft.server.log.appender.buffer.byte-limit = 33554432 (custom)
2019-11-01 01:12:27,090 [main] INFO  server.GrpcService (ConfUtils.java:logGet(43)) - raft.grpc.flow.control.window = 1MB (=1048576) (default)
2019-11-01 01:12:27,090 [main] INFO  server.RaftServerConfigKeys (ConfUtils.java:logGet(43)) - raft.server.rpc.request.timeout = 3000ms (default)
2019-11-01 01:12:27,091 [main] INFO  server.RaftServerConfigKeys (ConfUtils.java:logGet(43)) - raft.server.storage.dir = [/workdir/hadoop-ozone/tools/target/test-dir/MiniOzoneClusterImpl-7858d707-e611-49d6-9f20-09fa29eef7b7/datanode-4/data/ratis] (custom)
2019-11-01 01:12:27,093 [main] INFO  hdfs.DFSUtil (DFSUtil.java:httpServerTemplateForNNAndJN(1641)) - Starting Web-server for hddsDatanode at: http://0.0.0.0:0
2019-11-01 01:12:27,094 [main] INFO  server.AuthenticationFilter (AuthenticationFilter.java:constructSecretProvider(240)) - Unable to initialize FileSignerSecretProvider, falling back to use random secrets.
2019-11-01 01:12:27,096 [main] WARN  http.HttpRequestLog (HttpRequestLog.java:getRequestLog(97)) - Jetty request log can only be enabled using Log4j
2019-11-01 01:12:27,098 [main] INFO  http.HttpServer2 (HttpServer2.java:addGlobalFilter(975)) - Added global filter 'safety' (class=org.apache.hadoop.http.HttpServer2$QuotingInputFilter)
2019-11-01 01:12:27,099 [main] INFO  http.HttpServer2 (HttpServer2.java:addFilter(948)) - Added filter static_user_filter (class=org.apache.hadoop.http.lib.StaticUserWebFilter$StaticUserFilter) to context hddsDatanode
2019-11-01 01:12:27,099 [main] INFO  http.HttpServer2 (HttpServer2.java:addFilter(958)) - Added filter static_user_filter (class=org.apache.hadoop.http.lib.StaticUserWebFilter$StaticUserFilter) to context logs
2019-11-01 01:12:27,099 [main] INFO  http.HttpServer2 (HttpServer2.java:addFilter(958)) - Added filter static_user_filter (class=org.apache.hadoop.http.lib.StaticUserWebFilter$StaticUserFilter) to context static
2019-11-01 01:12:27,100 [main] INFO  http.HttpServer2 (HttpServer2.java:bindListener(1191)) - Jetty bound to port 37475
2019-11-01 01:12:27,100 [main] INFO  server.Server (Server.java:doStart(351)) - jetty-9.3.25.v20180904, build timestamp: 2018-09-04T21:11:46Z, git hash: 3ce520221d0240229c862b122d2b06c12a625732
2019-11-01 01:12:27,102 [main] INFO  handler.ContextHandler (ContextHandler.java:doStart(781)) - Started o.e.j.s.ServletContextHandler@726aa968{/logs,file:///workdir/hadoop-ozone/tools/target/log,AVAILABLE}
2019-11-01 01:12:27,103 [main] INFO  handler.ContextHandler (ContextHandler.java:doStart(781)) - Started o.e.j.s.ServletContextHandler@712cfb63{/static,jar:file:/home/user/.m2/repository/org/apache/hadoop/hadoop-hdds-container-service/0.5.0-SNAPSHOT/hadoop-hdds-container-service-0.5.0-SNAPSHOT.jar!/webapps/static,AVAILABLE}
2019-11-01 01:12:27,133 [main] INFO  handler.ContextHandler (ContextHandler.java:doStart(781)) - Started o.e.j.w.WebAppContext@7ecec90d{/,file:///tmp/jetty-0.0.0.0-37475-hddsDatanode-_-any-703454176513898747.dir/webapp/,AVAILABLE}{/hddsDatanode}
2019-11-01 01:12:27,135 [main] INFO  server.AbstractConnector (AbstractConnector.java:doStart(278)) - Started ServerConnector@588f63c{HTTP/1.1,[http/1.1]}{0.0.0.0:37475}
2019-11-01 01:12:27,135 [main] INFO  server.Server (Server.java:doStart(419)) - Started @13489ms
2019-11-01 01:12:27,135 [main] WARN  impl.MetricsSystemImpl (MetricsSystemImpl.java:register(276)) - Sink prometheus already exists!
2019-11-01 01:12:27,136 [main] INFO  server.BaseHttpServer (BaseHttpServer.java:updateConnectorAddress(215)) - HTTP server of HDDSDATANODE is listening at http://0.0.0.0:37475
2019-11-01 01:12:27,139 [org.apache.hadoop.util.JvmPauseMonitor$Monitor@4dd97010] INFO  util.JvmPauseMonitor (JvmPauseMonitor.java:run(188)) - Starting JVM pause monitor
2019-11-01 01:12:27,140 [main] INFO  ozone.MiniOzoneClusterImpl (MiniOzoneClusterImpl.java:lambda$waitForClusterToBeReady$0(147)) - Waiting for cluster to be ready. Got 0 of 5 DN Heartbeats.
2019-11-01 01:12:27,142 [Datanode State Machine Thread - 0] INFO  datanode.InitDatanodeState (InitDatanodeState.java:persistContainerDatanodeDetails(140)) - DatanodeDetails is persisted to /workdir/hadoop-ozone/tools/target/test-dir/MiniOzoneClusterImpl-7858d707-e611-49d6-9f20-09fa29eef7b7/datanode-4/meta/datanode.id
2019-11-01 01:12:28,140 [main] INFO  ozone.MiniOzoneClusterImpl (MiniOzoneClusterImpl.java:lambda$waitForClusterToBeReady$0(147)) - Waiting for cluster to be ready. Got 0 of 5 DN Heartbeats.
2019-11-01 01:12:28,899 [Datanode State Machine Thread - 0] INFO  ozoneimpl.OzoneContainer (OzoneContainer.java:start(213)) - Attempting to start container services.
2019-11-01 01:12:28,899 [Datanode State Machine Thread - 0] INFO  ozoneimpl.OzoneContainer (OzoneContainer.java:start(213)) - Attempting to start container services.
2019-11-01 01:12:28,902 [Datanode State Machine Thread - 0] INFO  ozoneimpl.OzoneContainer (OzoneContainer.java:startContainerScrub(177)) - Background container scanner has been disabled.
2019-11-01 01:12:28,902 [Datanode State Machine Thread - 0] INFO  ozoneimpl.OzoneContainer (OzoneContainer.java:startContainerScrub(177)) - Background container scanner has been disabled.
2019-11-01 01:12:28,902 [Datanode State Machine Thread - 0] INFO  ratis.XceiverServerRatis (XceiverServerRatis.java:start(418)) - Starting XceiverServerRatis f0e69bc2-b789-4d66-87b3-68450bbfadd1 at port 0
2019-11-01 01:12:28,902 [Datanode State Machine Thread - 0] INFO  ratis.XceiverServerRatis (XceiverServerRatis.java:start(418)) - Starting XceiverServerRatis cbede9b6-9cce-41d2-8d61-b9d17c924c6b at port 0
2019-11-01 01:12:28,933 [Datanode State Machine Thread - 0] INFO  impl.RaftServerProxy (RaftServerProxy.java:lambda$start$3(299)) - cbede9b6-9cce-41d2-8d61-b9d17c924c6b: start RPC server
2019-11-01 01:12:28,933 [Datanode State Machine Thread - 0] INFO  impl.RaftServerProxy (RaftServerProxy.java:lambda$start$3(299)) - f0e69bc2-b789-4d66-87b3-68450bbfadd1: start RPC server
2019-11-01 01:12:28,983 [Datanode State Machine Thread - 0] INFO  ozoneimpl.OzoneContainer (OzoneContainer.java:start(213)) - Attempting to start container services.
2019-11-01 01:12:28,989 [Datanode State Machine Thread - 0] INFO  ozoneimpl.OzoneContainer (OzoneContainer.java:startContainerScrub(177)) - Background container scanner has been disabled.
2019-11-01 01:12:28,989 [Datanode State Machine Thread - 0] INFO  ratis.XceiverServerRatis (XceiverServerRatis.java:start(418)) - Starting XceiverServerRatis b0d7b968-1d99-44d0-9f45-0cc9cf357355 at port 0
2019-11-01 01:12:28,997 [Datanode State Machine Thread - 0] INFO  impl.RaftServerProxy (RaftServerProxy.java:lambda$start$3(299)) - b0d7b968-1d99-44d0-9f45-0cc9cf357355: start RPC server
2019-11-01 01:12:29,083 [Datanode State Machine Thread - 0] INFO  ozoneimpl.OzoneContainer (OzoneContainer.java:start(213)) - Attempting to start container services.
2019-11-01 01:12:29,085 [Datanode State Machine Thread - 0] INFO  ozoneimpl.OzoneContainer (OzoneContainer.java:startContainerScrub(177)) - Background container scanner has been disabled.
2019-11-01 01:12:29,085 [Datanode State Machine Thread - 0] INFO  ratis.XceiverServerRatis (XceiverServerRatis.java:start(418)) - Starting XceiverServerRatis 51058dee-2090-47d5-a97d-c0799d97638e at port 0
2019-11-01 01:12:29,091 [Datanode State Machine Thread - 0] INFO  server.GrpcService (GrpcService.java:startImpl(158)) - f0e69bc2-b789-4d66-87b3-68450bbfadd1: GrpcService started, listening on 0.0.0.0/0.0.0.0:45838
2019-11-01 01:12:29,091 [Datanode State Machine Thread - 0] INFO  server.GrpcService (GrpcService.java:startImpl(158)) - b0d7b968-1d99-44d0-9f45-0cc9cf357355: GrpcService started, listening on 0.0.0.0/0.0.0.0:34108
2019-11-01 01:12:29,091 [Datanode State Machine Thread - 0] INFO  server.GrpcService (GrpcService.java:startImpl(158)) - cbede9b6-9cce-41d2-8d61-b9d17c924c6b: GrpcService started, listening on 0.0.0.0/0.0.0.0:35778
2019-11-01 01:12:29,093 [Datanode State Machine Thread - 0] INFO  ratis.XceiverServerRatis (XceiverServerRatis.java:start(428)) - XceiverServerRatis b0d7b968-1d99-44d0-9f45-0cc9cf357355 is started using port 34108
2019-11-01 01:12:29,092 [Datanode State Machine Thread - 0] INFO  ratis.XceiverServerRatis (XceiverServerRatis.java:start(428)) - XceiverServerRatis f0e69bc2-b789-4d66-87b3-68450bbfadd1 is started using port 45838
2019-11-01 01:12:29,093 [Datanode State Machine Thread - 0] INFO  ratis.XceiverServerRatis (XceiverServerRatis.java:start(428)) - XceiverServerRatis cbede9b6-9cce-41d2-8d61-b9d17c924c6b is started using port 35778
2019-11-01 01:12:29,099 [Datanode State Machine Thread - 0] INFO  impl.RaftServerProxy (RaftServerProxy.java:lambda$start$3(299)) - 51058dee-2090-47d5-a97d-c0799d97638e: start RPC server
2019-11-01 01:12:29,099 [Datanode State Machine Thread - 0] INFO  server.XceiverServerGrpc (XceiverServerGrpc.java:start(149)) - XceiverServerGrpc f0e69bc2-b789-4d66-87b3-68450bbfadd1 is started using port 42233
2019-11-01 01:12:29,099 [Datanode State Machine Thread - 0] INFO  server.XceiverServerGrpc (XceiverServerGrpc.java:start(149)) - XceiverServerGrpc cbede9b6-9cce-41d2-8d61-b9d17c924c6b is started using port 46686
2019-11-01 01:12:29,099 [Datanode State Machine Thread - 0] INFO  server.XceiverServerGrpc (XceiverServerGrpc.java:start(149)) - XceiverServerGrpc b0d7b968-1d99-44d0-9f45-0cc9cf357355 is started using port 33147
2019-11-01 01:12:29,101 [Datanode State Machine Thread - 0] INFO  server.GrpcService (GrpcService.java:startImpl(158)) - 51058dee-2090-47d5-a97d-c0799d97638e: GrpcService started, listening on 0.0.0.0/0.0.0.0:34007
2019-11-01 01:12:29,101 [Datanode State Machine Thread - 0] INFO  ratis.XceiverServerRatis (XceiverServerRatis.java:start(428)) - XceiverServerRatis 51058dee-2090-47d5-a97d-c0799d97638e is started using port 34007
2019-11-01 01:12:29,103 [Datanode State Machine Thread - 0] INFO  server.XceiverServerGrpc (XceiverServerGrpc.java:start(149)) - XceiverServerGrpc 51058dee-2090-47d5-a97d-c0799d97638e is started using port 32835
2019-11-01 01:12:29,141 [main] INFO  ozone.MiniOzoneClusterImpl (MiniOzoneClusterImpl.java:lambda$waitForClusterToBeReady$0(147)) - Waiting for cluster to be ready. Got 0 of 5 DN Heartbeats.
2019-11-01 01:12:29,147 [Datanode State Machine Thread - 0] INFO  ozoneimpl.OzoneContainer (OzoneContainer.java:start(213)) - Attempting to start container services.
2019-11-01 01:12:29,152 [Datanode State Machine Thread - 0] INFO  ozoneimpl.OzoneContainer (OzoneContainer.java:startContainerScrub(177)) - Background container scanner has been disabled.
2019-11-01 01:12:29,152 [Datanode State Machine Thread - 0] INFO  ratis.XceiverServerRatis (XceiverServerRatis.java:start(418)) - Starting XceiverServerRatis 2c2be4dc-d800-49f6-9216-9ee21ef7918e at port 0
2019-11-01 01:12:29,160 [Datanode State Machine Thread - 0] INFO  impl.RaftServerProxy (RaftServerProxy.java:lambda$start$3(299)) - 2c2be4dc-d800-49f6-9216-9ee21ef7918e: start RPC server
2019-11-01 01:12:29,163 [Datanode State Machine Thread - 0] INFO  server.GrpcService (GrpcService.java:startImpl(158)) - 2c2be4dc-d800-49f6-9216-9ee21ef7918e: GrpcService started, listening on 0.0.0.0/0.0.0.0:44374
2019-11-01 01:12:29,163 [Datanode State Machine Thread - 0] INFO  ratis.XceiverServerRatis (XceiverServerRatis.java:start(428)) - XceiverServerRatis 2c2be4dc-d800-49f6-9216-9ee21ef7918e is started using port 44374
2019-11-01 01:12:29,166 [Datanode State Machine Thread - 0] INFO  server.XceiverServerGrpc (XceiverServerGrpc.java:start(149)) - XceiverServerGrpc 2c2be4dc-d800-49f6-9216-9ee21ef7918e is started using port 37636
2019-11-01 01:12:30,141 [main] INFO  ozone.MiniOzoneClusterImpl (MiniOzoneClusterImpl.java:lambda$waitForClusterToBeReady$0(147)) - Waiting for cluster to be ready. Got 0 of 5 DN Heartbeats.
2019-11-01 01:12:30,835 [IPC Server handler 16 on 37271] INFO  net.NetworkTopology (NetworkTopologyImpl.java:add(111)) - Added a new node: /default-rack/f0e69bc2-b789-4d66-87b3-68450bbfadd1
2019-11-01 01:12:30,836 [IPC Server handler 16 on 37271] INFO  node.SCMNodeManager (SCMNodeManager.java:register(267)) - Registered Data node : f0e69bc2-b789-4d66-87b3-68450bbfadd1{ip: 192.168.157.211, host: pr-hdds-2364-master-k27gz-2975546514, networkLocation: /default-rack, certSerialId: null}
2019-11-01 01:12:30,840 [EventQueue-NodeRegistrationContainerReportForDataNodeSafeModeRule] INFO  safemode.SCMSafeModeManager (DataNodeSafeModeRule.java:process(71)) - SCM in safe mode. 1 DataNodes registered, 1 required.
2019-11-01 01:12:30,840 [EventQueue-NodeRegistrationContainerReportForDataNodeSafeModeRule] INFO  safemode.SCMSafeModeManager (SCMSafeModeManager.java:validateSafeModeExitRules(177)) - ScmSafeModeManager, all rules are successfully validated
2019-11-01 01:12:30,841 [EventQueue-NodeRegistrationContainerReportForDataNodeSafeModeRule] INFO  safemode.SCMSafeModeManager (SCMSafeModeManager.java:exitSafeMode(193)) - SCM exiting safe mode.
2019-11-01 01:12:30,884 [IPC Server handler 17 on 37271] INFO  net.NetworkTopology (NetworkTopologyImpl.java:add(111)) - Added a new node: /default-rack/cbede9b6-9cce-41d2-8d61-b9d17c924c6b
2019-11-01 01:12:30,886 [IPC Server handler 17 on 37271] INFO  node.SCMNodeManager (SCMNodeManager.java:register(267)) - Registered Data node : cbede9b6-9cce-41d2-8d61-b9d17c924c6b{ip: 192.168.157.211, host: pr-hdds-2364-master-k27gz-2975546514, networkLocation: /default-rack, certSerialId: null}
2019-11-01 01:12:30,979 [IPC Server handler 15 on 37271] INFO  net.NetworkTopology (NetworkTopologyImpl.java:add(111)) - Added a new node: /default-rack/b0d7b968-1d99-44d0-9f45-0cc9cf357355
2019-11-01 01:12:30,979 [IPC Server handler 15 on 37271] INFO  node.SCMNodeManager (SCMNodeManager.java:register(267)) - Registered Data node : b0d7b968-1d99-44d0-9f45-0cc9cf357355{ip: 192.168.157.211, host: pr-hdds-2364-master-k27gz-2975546514, networkLocation: /default-rack, certSerialId: null}
2019-11-01 01:12:31,068 [IPC Server handler 14 on 37271] INFO  net.NetworkTopology (NetworkTopologyImpl.java:add(111)) - Added a new node: /default-rack/51058dee-2090-47d5-a97d-c0799d97638e
2019-11-01 01:12:31,068 [IPC Server handler 14 on 37271] INFO  node.SCMNodeManager (SCMNodeManager.java:register(267)) - Registered Data node : 51058dee-2090-47d5-a97d-c0799d97638e{ip: 192.168.157.211, host: pr-hdds-2364-master-k27gz-2975546514, networkLocation: /default-rack, certSerialId: null}
2019-11-01 01:12:31,142 [main] INFO  ozone.MiniOzoneClusterImpl (MiniOzoneClusterImpl.java:lambda$waitForClusterToBeReady$0(147)) - Waiting for cluster to be ready. Got 4 of 5 DN Heartbeats.
2019-11-01 01:12:31,143 [IPC Server handler 16 on 37271] INFO  net.NetworkTopology (NetworkTopologyImpl.java:add(111)) - Added a new node: /default-rack/2c2be4dc-d800-49f6-9216-9ee21ef7918e
2019-11-01 01:12:31,143 [IPC Server handler 16 on 37271] INFO  node.SCMNodeManager (SCMNodeManager.java:register(267)) - Registered Data node : 2c2be4dc-d800-49f6-9216-9ee21ef7918e{ip: 192.168.157.211, host: pr-hdds-2364-master-k27gz-2975546514, networkLocation: /default-rack, certSerialId: null}
2019-11-01 01:12:31,336 [grpc-default-executor-0] INFO  impl.RaftServerProxy (RaftServerProxy.java:addNew(89)) - f0e69bc2-b789-4d66-87b3-68450bbfadd1: addNew group-CD47EA837FE9:[f0e69bc2-b789-4d66-87b3-68450bbfadd1:192.168.157.211:45838] returns group-CD47EA837FE9:java.util.concurrent.CompletableFuture@1df826da[Not completed]
2019-11-01 01:12:31,348 [pool-27-thread-1] INFO  impl.RaftServerImpl (RaftServerImpl.java:<init>(98)) - f0e69bc2-b789-4d66-87b3-68450bbfadd1: new RaftServerImpl for group-CD47EA837FE9:[f0e69bc2-b789-4d66-87b3-68450bbfadd1:192.168.157.211:45838] with ContainerStateMachine:uninitialized
2019-11-01 01:12:31,349 [pool-27-thread-1] INFO  server.RaftServerConfigKeys (ConfUtils.java:logGet(43)) - raft.server.rpc.timeout.min = 5s (custom)
2019-11-01 01:12:31,351 [pool-27-thread-1] INFO  server.RaftServerConfigKeys (ConfUtils.java:logGet(43)) - raft.server.rpc.timeout.max = 5200ms (custom)
2019-11-01 01:12:31,351 [pool-27-thread-1] INFO  server.RaftServerConfigKeys (ConfUtils.java:logGet(43)) - raft.server.rpcslowness.timeout = 120s (custom)
2019-11-01 01:12:31,352 [pool-27-thread-1] INFO  server.RaftServerConfigKeys (ConfUtils.java:logGet(43)) - raft.server.sleep.deviation.threshold = 300 (default)
2019-11-01 01:12:31,353 [pool-27-thread-1] INFO  server.RaftServerConfigKeys (ConfUtils.java:logGet(43)) - raft.server.log.appender.install.snapshot.enabled = false (custom)
2019-11-01 01:12:31,360 [pool-27-thread-1] INFO  impl.RaftServerImpl (ServerState.java:<init>(103)) - f0e69bc2-b789-4d66-87b3-68450bbfadd1@group-CD47EA837FE9: ConfigurationManager, init=-1: [f0e69bc2-b789-4d66-87b3-68450bbfadd1:192.168.157.211:45838], old=null, confs=<EMPTY_MAP>
2019-11-01 01:12:31,361 [pool-27-thread-1] INFO  server.RaftServerConfigKeys (ConfUtils.java:logGet(43)) - raft.server.storage.dir = [/workdir/hadoop-ozone/tools/target/test-dir/MiniOzoneClusterImpl-7858d707-e611-49d6-9f20-09fa29eef7b7/datanode-0/data/ratis] (custom)
2019-11-01 01:12:31,366 [pool-27-thread-1] INFO  server.RaftServerConfigKeys (ConfUtils.java:logGet(43)) - raft.server.log.corruption.policy = EXCEPTION (default)
2019-11-01 01:12:31,368 [pool-27-thread-1] INFO  storage.RaftStorageDirectory (RaftStorageDirectory.java:analyzeStorage(246)) - The storage directory /workdir/hadoop-ozone/tools/target/test-dir/MiniOzoneClusterImpl-7858d707-e611-49d6-9f20-09fa29eef7b7/datanode-0/data/ratis/13a7ec60-cbe2-45a8-817d-cd47ea837fe9 does not exist. Creating ...
2019-11-01 01:12:32,142 [main] INFO  ozone.MiniOzoneClusterImpl (MiniOzoneClusterImpl.java:lambda$waitForClusterToBeReady$0(147)) - Cluster is ready. Got 5 of 5 DN Heartbeats.
2019-11-01 01:12:32,774 [main] INFO  freon.RandomKeyGenerator (RandomKeyGenerator.java:call(283)) - Number of Threads: 10
2019-11-01 01:12:32,775 [main] INFO  freon.RandomKeyGenerator (RandomKeyGenerator.java:call(288)) - Number of Volumes: 1.
2019-11-01 01:12:32,775 [main] INFO  freon.RandomKeyGenerator (RandomKeyGenerator.java:call(289)) - Number of Buckets per Volume: 1.
2019-11-01 01:12:32,775 [main] INFO  freon.RandomKeyGenerator (RandomKeyGenerator.java:call(290)) - Number of Keys per Bucket: 1.
2019-11-01 01:12:32,775 [main] INFO  freon.RandomKeyGenerator (RandomKeyGenerator.java:call(291)) - Key size: 20971520 bytes
2019-11-01 01:12:32,775 [main] INFO  freon.RandomKeyGenerator (RandomKeyGenerator.java:call(292)) - Buffer size: 4096 bytes
2019-11-01 01:12:32,776 [main] INFO  freon.RandomKeyGenerator (RandomKeyGenerator.java:call(293)) - validateWrites : true
2019-11-01 01:12:32,780 [main] INFO  freon.RandomKeyGenerator (RandomKeyGenerator.java:call(307)) - Data validation is enabled.
2019-11-01 01:12:32,782 [main] INFO  freon.RandomKeyGenerator (RandomKeyGenerator.java:call(313)) - Starting progress bar Thread.

 0.00% |?                                                                                                    |  0/1 Time: 0:00:002019-11-01 01:12:32,815 [pool-73-thread-1] INFO  rpc.RpcClient (RpcClient.java:createVolume(291)) - Creating Volume: vol-0-57156, with jenkins1000 as owner.
2019-11-01 01:12:32,901 [IPC Server handler 1 on 46386] INFO  volume.OMVolumeCreateRequest (OMVolumeCreateRequest.java:validateAndUpdateCache(193)) - created volume:vol-0-57156 for user:jenkins1000
 0.00% |?                                                                                                    |  0/1 Time: 0:00:012019-11-01 01:12:33,847 [Thread-208] INFO  container.ReplicationManager (ReplicationManager.java:start(162)) - Starting Replication Monitor Thread.
2019-11-01 01:12:33,850 [ReplicationMonitor] INFO  container.ReplicationManager (ReplicationManager.java:run(225)) - Replication Monitor Thread took 1 milliseconds for processing 0 containers.
2019-11-01 01:12:34,023 [RATISCREATEPIPELINE1] ERROR pipeline.RatisPipelineProvider (RatisPipelineProvider.java:lambda$null$5(237)) - Failed invoke Ratis rpc org.apache.hadoop.hdds.scm.pipeline.RatisPipelineProvider$$Lambda$196/1409674311@21a060a1 for f0e69bc2-b789-4d66-87b3-68450bbfadd1
org.apache.ratis.protocol.TimeoutIOException: deadline exceeded after 2960916955ns
	at org.apache.ratis.grpc.GrpcUtil.tryUnwrapException(GrpcUtil.java:82)
	at org.apache.ratis.grpc.GrpcUtil.unwrapException(GrpcUtil.java:75)
	at org.apache.ratis.grpc.client.GrpcClientProtocolClient.blockingCall(GrpcClientProtocolClient.java:184)
	at org.apache.ratis.grpc.client.GrpcClientProtocolClient.groupAdd(GrpcClientProtocolClient.java:153)
	at org.apache.ratis.grpc.client.GrpcClientRpc.sendRequest(GrpcClientRpc.java:94)
	at org.apache.ratis.client.impl.RaftClientImpl.sendRequest(RaftClientImpl.java:278)
	at org.apache.ratis.client.impl.RaftClientImpl.groupAdd(RaftClientImpl.java:205)
	at org.apache.hadoop.hdds.scm.pipeline.RatisPipelineProvider.lambda$initializePipeline$4(RatisPipelineProvider.java:198)
	at org.apache.hadoop.hdds.scm.pipeline.RatisPipelineProvider.lambda$null$5(RatisPipelineProvider.java:233)
	at java.util.stream.ForEachOps$ForEachOp$OfRef.accept(ForEachOps.java:183)
	at java.util.ArrayList$ArrayListSpliterator.forEachRemaining(ArrayList.java:1382)
	at java.util.stream.AbstractPipeline.copyInto(AbstractPipeline.java:482)
	at java.util.stream.ForEachOps$ForEachTask.compute(ForEachOps.java:290)
	at java.util.concurrent.CountedCompleter.exec(CountedCompleter.java:731)
	at java.util.concurrent.ForkJoinTask.doExec(ForkJoinTask.java:289)
	at java.util.concurrent.ForkJoinTask.doInvoke(ForkJoinTask.java:401)
	at java.util.concurrent.ForkJoinTask.invoke(ForkJoinTask.java:734)
	at java.util.stream.ForEachOps$ForEachOp.evaluateParallel(ForEachOps.java:159)
	at java.util.stream.ForEachOps$ForEachOp$OfRef.evaluateParallel(ForEachOps.java:173)
	at java.util.stream.AbstractPipeline.evaluate(AbstractPipeline.java:233)
	at java.util.stream.ReferencePipeline.forEach(ReferencePipeline.java:485)
	at java.util.stream.ReferencePipeline$Head.forEach(ReferencePipeline.java:650)
	at org.apache.hadoop.hdds.scm.pipeline.RatisPipelineProvider.lambda$callRatisRpc$6(RatisPipelineProvider.java:227)
	at java.util.concurrent.ForkJoinTask$AdaptedRunnableAction.exec(ForkJoinTask.java:1386)
	at java.util.concurrent.ForkJoinTask.doExec(ForkJoinTask.java:289)
	at java.util.concurrent.ForkJoinPool$WorkQueue.runTask(ForkJoinPool.java:1056)
	at java.util.concurrent.ForkJoinPool.runWorker(ForkJoinPool.java:1692)
	at java.util.concurrent.ForkJoinWorkerThread.run(ForkJoinWorkerThread.java:157)
Caused by: org.apache.ratis.thirdparty.io.grpc.StatusRuntimeException: DEADLINE_EXCEEDED: deadline exceeded after 2960916955ns
	at org.apache.ratis.thirdparty.io.grpc.stub.ClientCalls.toStatusRuntimeException(ClientCalls.java:233)
	at org.apache.ratis.thirdparty.io.grpc.stub.ClientCalls.getUnchecked(ClientCalls.java:214)
	at org.apache.ratis.thirdparty.io.grpc.stub.ClientCalls.blockingUnaryCall(ClientCalls.java:139)
	at org.apache.ratis.proto.grpc.AdminProtocolServiceGrpc$AdminProtocolServiceBlockingStub.groupManagement(AdminProtocolServiceGrpc.java:274)
	at org.apache.ratis.grpc.client.GrpcClientProtocolClient.lambda$groupAdd$3(GrpcClientProtocolClient.java:155)
	at org.apache.ratis.grpc.client.GrpcClientProtocolClient.blockingCall(GrpcClientProtocolClient.java:182)
	... 25 more
2019-11-01 01:12:34,064 [grpc-default-executor-2] INFO  impl.RaftServerProxy (RaftServerProxy.java:addNew(89)) - b0d7b968-1d99-44d0-9f45-0cc9cf357355: addNew group-0A73748CE663:[51058dee-2090-47d5-a97d-c0799d97638e:192.168.157.211:34007, f0e69bc2-b789-4d66-87b3-68450bbfadd1:192.168.157.211:45838, b0d7b968-1d99-44d0-9f45-0cc9cf357355:192.168.157.211:34108] returns group-0A73748CE663:java.util.concurrent.CompletableFuture@2f539dd5[Not completed]
2019-11-01 01:12:34,064 [grpc-default-executor-1] INFO  impl.RaftServerProxy (RaftServerProxy.java:addNew(89)) - f0e69bc2-b789-4d66-87b3-68450bbfadd1: addNew group-0A73748CE663:[51058dee-2090-47d5-a97d-c0799d97638e:192.168.157.211:34007, f0e69bc2-b789-4d66-87b3-68450bbfadd1:192.168.157.211:45838, b0d7b968-1d99-44d0-9f45-0cc9cf357355:192.168.157.211:34108] returns group-0A73748CE663:java.util.concurrent.CompletableFuture@7580a56c[Not completed]
2019-11-01 01:12:34,064 [grpc-default-executor-0] INFO  impl.RaftServerProxy (RaftServerProxy.java:addNew(89)) - 51058dee-2090-47d5-a97d-c0799d97638e: addNew group-0A73748CE663:[51058dee-2090-47d5-a97d-c0799d97638e:192.168.157.211:34007, f0e69bc2-b789-4d66-87b3-68450bbfadd1:192.168.157.211:45838, b0d7b968-1d99-44d0-9f45-0cc9cf357355:192.168.157.211:34108] returns group-0A73748CE663:java.util.concurrent.CompletableFuture@126c8e4c[Not completed]
2019-11-01 01:12:34,094 [pool-47-thread-1] INFO  impl.RaftServerImpl (RaftServerImpl.java:<init>(98)) - b0d7b968-1d99-44d0-9f45-0cc9cf357355: new RaftServerImpl for group-0A73748CE663:[51058dee-2090-47d5-a97d-c0799d97638e:192.168.157.211:34007, f0e69bc2-b789-4d66-87b3-68450bbfadd1:192.168.157.211:45838, b0d7b968-1d99-44d0-9f45-0cc9cf357355:192.168.157.211:34108] with ContainerStateMachine:uninitialized
2019-11-01 01:12:34,111 [pool-47-thread-1] INFO  server.RaftServerConfigKeys (ConfUtils.java:logGet(43)) - raft.server.rpc.timeout.min = 5s (custom)
2019-11-01 01:12:34,111 [pool-47-thread-1] INFO  server.RaftServerConfigKeys (ConfUtils.java:logGet(43)) - raft.server.rpc.timeout.max = 5200ms (custom)
2019-11-01 01:12:34,111 [pool-47-thread-1] INFO  server.RaftServerConfigKeys (ConfUtils.java:logGet(43)) - raft.server.rpcslowness.timeout = 120s (custom)
2019-11-01 01:12:34,111 [pool-47-thread-1] INFO  server.RaftServerConfigKeys (ConfUtils.java:logGet(43)) - raft.server.sleep.deviation.threshold = 300 (default)
2019-11-01 01:12:34,111 [pool-47-thread-1] INFO  server.RaftServerConfigKeys (ConfUtils.java:logGet(43)) - raft.server.log.appender.install.snapshot.enabled = false (custom)
2019-11-01 01:12:34,111 [pool-57-thread-1] INFO  impl.RaftServerImpl (RaftServerImpl.java:<init>(98)) - 51058dee-2090-47d5-a97d-c0799d97638e: new RaftServerImpl for group-0A73748CE663:[51058dee-2090-47d5-a97d-c0799d97638e:192.168.157.211:34007, f0e69bc2-b789-4d66-87b3-68450bbfadd1:192.168.157.211:45838, b0d7b968-1d99-44d0-9f45-0cc9cf357355:192.168.157.211:34108] with ContainerStateMachine:uninitialized
2019-11-01 01:12:34,112 [pool-47-thread-1] INFO  impl.RaftServerImpl (ServerState.java:<init>(103)) - b0d7b968-1d99-44d0-9f45-0cc9cf357355@group-0A73748CE663: ConfigurationManager, init=-1: [51058dee-2090-47d5-a97d-c0799d97638e:192.168.157.211:34007, f0e69bc2-b789-4d66-87b3-68450bbfadd1:192.168.157.211:45838, b0d7b968-1d99-44d0-9f45-0cc9cf357355:192.168.157.211:34108], old=null, confs=<EMPTY_MAP>
2019-11-01 01:12:34,112 [pool-57-thread-1] INFO  server.RaftServerConfigKeys (ConfUtils.java:logGet(43)) - raft.server.rpc.timeout.min = 5s (custom)
2019-11-01 01:12:34,112 [pool-47-thread-1] INFO  server.RaftServerConfigKeys (ConfUtils.java:logGet(43)) - raft.server.storage.dir = [/workdir/hadoop-ozone/tools/target/test-dir/MiniOzoneClusterImpl-7858d707-e611-49d6-9f20-09fa29eef7b7/datanode-2/data/ratis] (custom)
2019-11-01 01:12:34,112 [pool-57-thread-1] INFO  server.RaftServerConfigKeys (ConfUtils.java:logGet(43)) - raft.server.rpc.timeout.max = 5200ms (custom)
2019-11-01 01:12:34,112 [pool-57-thread-1] INFO  server.RaftServerConfigKeys (ConfUtils.java:logGet(43)) - raft.server.rpcslowness.timeout = 120s (custom)
2019-11-01 01:12:34,112 [pool-47-thread-1] INFO  server.RaftServerConfigKeys (ConfUtils.java:logGet(43)) - raft.server.log.corruption.policy = EXCEPTION (default)
2019-11-01 01:12:34,112 [pool-57-thread-1] INFO  server.RaftServerConfigKeys (ConfUtils.java:logGet(43)) - raft.server.sleep.deviation.threshold = 300 (default)
2019-11-01 01:12:34,112 [pool-57-thread-1] INFO  server.RaftServerConfigKeys (ConfUtils.java:logGet(43)) - raft.server.log.appender.install.snapshot.enabled = false (custom)
2019-11-01 01:12:34,112 [pool-47-thread-1] INFO  storage.RaftStorageDirectory (RaftStorageDirectory.java:analyzeStorage(246)) - The storage directory /workdir/hadoop-ozone/tools/target/test-dir/MiniOzoneClusterImpl-7858d707-e611-49d6-9f20-09fa29eef7b7/datanode-2/data/ratis/85aa0912-c45d-4a43-b937-0a73748ce663 does not exist. Creating ...
2019-11-01 01:12:34,114 [pool-57-thread-1] INFO  impl.RaftServerImpl (ServerState.java:<init>(103)) - 51058dee-2090-47d5-a97d-c0799d97638e@group-0A73748CE663: ConfigurationManager, init=-1: [51058dee-2090-47d5-a97d-c0799d97638e:192.168.157.211:34007, f0e69bc2-b789-4d66-87b3-68450bbfadd1:192.168.157.211:45838, b0d7b968-1d99-44d0-9f45-0cc9cf357355:192.168.157.211:34108], old=null, confs=<EMPTY_MAP>
2019-11-01 01:12:34,114 [pool-57-thread-1] INFO  server.RaftServerConfigKeys (ConfUtils.java:logGet(43)) - raft.server.storage.dir = [/workdir/hadoop-ozone/tools/target/test-dir/MiniOzoneClusterImpl-7858d707-e611-49d6-9f20-09fa29eef7b7/datanode-3/data/ratis] (custom)
2019-11-01 01:12:34,114 [pool-57-thread-1] INFO  server.RaftServerConfigKeys (ConfUtils.java:logGet(43)) - raft.server.log.corruption.policy = EXCEPTION (default)
2019-11-01 01:12:34,114 [pool-57-thread-1] INFO  storage.RaftStorageDirectory (RaftStorageDirectory.java:analyzeStorage(246)) - The storage directory /workdir/hadoop-ozone/tools/target/test-dir/MiniOzoneClusterImpl-7858d707-e611-49d6-9f20-09fa29eef7b7/datanode-3/data/ratis/85aa0912-c45d-4a43-b937-0a73748ce663 does not exist. Creating ...
2019-11-01 01:12:34,415 [pool-27-thread-1] INFO  storage.RaftStorageDirectory (RaftStorageDirectory.java:tryLock(328)) - Lock on /workdir/hadoop-ozone/tools/target/test-dir/MiniOzoneClusterImpl-7858d707-e611-49d6-9f20-09fa29eef7b7/datanode-0/data/ratis/13a7ec60-cbe2-45a8-817d-cd47ea837fe9/in_use.lock acquired by nodename 22876@pr-hdds-2364-master-k27gz-2975546514
 0.00% |?                                                                                                    |  0/1 Time: 0:00:022019-11-01 01:12:34,927 [pool-57-thread-1] INFO  storage.RaftStorageDirectory (RaftStorageDirectory.java:tryLock(328)) - Lock on /workdir/hadoop-ozone/tools/target/test-dir/MiniOzoneClusterImpl-7858d707-e611-49d6-9f20-09fa29eef7b7/datanode-3/data/ratis/85aa0912-c45d-4a43-b937-0a73748ce663/in_use.lock acquired by nodename 22876@pr-hdds-2364-master-k27gz-2975546514
2019-11-01 01:12:34,927 [pool-47-thread-1] INFO  storage.RaftStorageDirectory (RaftStorageDirectory.java:tryLock(328)) - Lock on /workdir/hadoop-ozone/tools/target/test-dir/MiniOzoneClusterImpl-7858d707-e611-49d6-9f20-09fa29eef7b7/datanode-2/data/ratis/85aa0912-c45d-4a43-b937-0a73748ce663/in_use.lock acquired by nodename 22876@pr-hdds-2364-master-k27gz-2975546514
 0.00% |?                                                                                                    |  0/1 Time: 0:00:03 0.00% |?                                                                                                    |  0/1 Time: 0:00:042019-11-01 01:12:37,044 [RATISCREATEPIPELINE3] ERROR pipeline.RatisPipelineProvider (RatisPipelineProvider.java:lambda$null$5(237)) - Failed invoke Ratis rpc org.apache.hadoop.hdds.scm.pipeline.RatisPipelineProvider$$Lambda$196/1409674311@63562432 for b0d7b968-1d99-44d0-9f45-0cc9cf357355
org.apache.ratis.protocol.TimeoutIOException: deadline exceeded after 2999718867ns
	at org.apache.ratis.grpc.GrpcUtil.tryUnwrapException(GrpcUtil.java:82)
	at org.apache.ratis.grpc.GrpcUtil.unwrapException(GrpcUtil.java:75)
	at org.apache.ratis.grpc.client.GrpcClientProtocolClient.blockingCall(GrpcClientProtocolClient.java:184)
	at org.apache.ratis.grpc.client.GrpcClientProtocolClient.groupAdd(GrpcClientProtocolClient.java:153)
	at org.apache.ratis.grpc.client.GrpcClientRpc.sendRequest(GrpcClientRpc.java:94)
	at org.apache.ratis.client.impl.RaftClientImpl.sendRequest(RaftClientImpl.java:278)
	at org.apache.ratis.client.impl.RaftClientImpl.groupAdd(RaftClientImpl.java:205)
	at org.apache.hadoop.hdds.scm.pipeline.RatisPipelineProvider.lambda$initializePipeline$4(RatisPipelineProvider.java:198)
	at org.apache.hadoop.hdds.scm.pipeline.RatisPipelineProvider.lambda$null$5(RatisPipelineProvider.java:233)
	at java.util.stream.ForEachOps$ForEachOp$OfRef.accept(ForEachOps.java:183)
	at java.util.ArrayList$ArrayListSpliterator.forEachRemaining(ArrayList.java:1382)
	at java.util.stream.AbstractPipeline.copyInto(AbstractPipeline.java:482)
	at java.util.stream.ForEachOps$ForEachTask.compute(ForEachOps.java:290)
	at java.util.concurrent.CountedCompleter.exec(CountedCompleter.java:731)
	at java.util.concurrent.ForkJoinTask.doExec(ForkJoinTask.java:289)
	at java.util.concurrent.ForkJoinPool$WorkQueue.runTask(ForkJoinPool.java:1056)
	at java.util.concurrent.ForkJoinPool.runWorker(ForkJoinPool.java:1692)
	at java.util.concurrent.ForkJoinWorkerThread.run(ForkJoinWorkerThread.java:157)
Caused by: org.apache.ratis.thirdparty.io.grpc.StatusRuntimeException: DEADLINE_EXCEEDED: deadline exceeded after 2999718867ns
	at org.apache.ratis.thirdparty.io.grpc.stub.ClientCalls.toStatusRuntimeException(ClientCalls.java:233)
	at org.apache.ratis.thirdparty.io.grpc.stub.ClientCalls.getUnchecked(ClientCalls.java:214)
	at org.apache.ratis.thirdparty.io.grpc.stub.ClientCalls.blockingUnaryCall(ClientCalls.java:139)
	at org.apache.ratis.proto.grpc.AdminProtocolServiceGrpc$AdminProtocolServiceBlockingStub.groupManagement(AdminProtocolServiceGrpc.java:274)
	at org.apache.ratis.grpc.client.GrpcClientProtocolClient.lambda$groupAdd$3(GrpcClientProtocolClient.java:155)
	at org.apache.ratis.grpc.client.GrpcClientProtocolClient.blockingCall(GrpcClientProtocolClient.java:182)
	... 15 more
2019-11-01 01:12:37,044 [RATISCREATEPIPELINE2] ERROR pipeline.RatisPipelineProvider (RatisPipelineProvider.java:lambda$null$5(237)) - Failed invoke Ratis rpc org.apache.hadoop.hdds.scm.pipeline.RatisPipelineProvider$$Lambda$196/1409674311@63562432 for f0e69bc2-b789-4d66-87b3-68450bbfadd1
org.apache.ratis.protocol.TimeoutIOException: deadline exceeded after 2997289796ns
	at org.apache.ratis.grpc.GrpcUtil.tryUnwrapException(GrpcUtil.java:82)
	at org.apache.ratis.grpc.GrpcUtil.unwrapException(GrpcUtil.java:75)
	at org.apache.ratis.grpc.client.GrpcClientProtocolClient.blockingCall(GrpcClientProtocolClient.java:184)
	at org.apache.ratis.grpc.client.GrpcClientProtocolClient.groupAdd(GrpcClientProtocolClient.java:153)
	at org.apache.ratis.grpc.client.GrpcClientRpc.sendRequest(GrpcClientRpc.java:94)
	at org.apache.ratis.client.impl.RaftClientImpl.sendRequest(RaftClientImpl.java:278)
	at org.apache.ratis.client.impl.RaftClientImpl.groupAdd(RaftClientImpl.java:205)
	at org.apache.hadoop.hdds.scm.pipeline.RatisPipelineProvider.lambda$initializePipeline$4(RatisPipelineProvider.java:198)
	at org.apache.hadoop.hdds.scm.pipeline.RatisPipelineProvider.lambda$null$5(RatisPipelineProvider.java:233)
	at java.util.stream.ForEachOps$ForEachOp$OfRef.accept(ForEachOps.java:183)
	at java.util.ArrayList$ArrayListSpliterator.forEachRemaining(ArrayList.java:1382)
	at java.util.stream.AbstractPipeline.copyInto(AbstractPipeline.java:482)
	at java.util.stream.ForEachOps$ForEachTask.compute(ForEachOps.java:290)
	at java.util.concurrent.CountedCompleter.exec(CountedCompleter.java:731)
	at java.util.concurrent.ForkJoinTask.doExec(ForkJoinTask.java:289)
	at java.util.concurrent.ForkJoinPool$WorkQueue.runTask(ForkJoinPool.java:1056)
	at java.util.concurrent.ForkJoinPool.runWorker(ForkJoinPool.java:1692)
	at java.util.concurrent.ForkJoinWorkerThread.run(ForkJoinWorkerThread.java:157)
Caused by: org.apache.ratis.thirdparty.io.grpc.StatusRuntimeException: DEADLINE_EXCEEDED: deadline exceeded after 2997289796ns
	at org.apache.ratis.thirdparty.io.grpc.stub.ClientCalls.toStatusRuntimeException(ClientCalls.java:233)
	at org.apache.ratis.thirdparty.io.grpc.stub.ClientCalls.getUnchecked(ClientCalls.java:214)
	at org.apache.ratis.thirdparty.io.grpc.stub.ClientCalls.blockingUnaryCall(ClientCalls.java:139)
	at org.apache.ratis.proto.grpc.AdminProtocolServiceGrpc$AdminProtocolServiceBlockingStub.groupManagement(AdminProtocolServiceGrpc.java:274)
	at org.apache.ratis.grpc.client.GrpcClientProtocolClient.lambda$groupAdd$3(GrpcClientProtocolClient.java:155)
	at org.apache.ratis.grpc.client.GrpcClientProtocolClient.blockingCall(GrpcClientProtocolClient.java:182)
	... 15 more
2019-11-01 01:12:37,048 [RATISCREATEPIPELINE1] ERROR pipeline.RatisPipelineProvider (RatisPipelineProvider.java:lambda$null$5(237)) - Failed invoke Ratis rpc org.apache.hadoop.hdds.scm.pipeline.RatisPipelineProvider$$Lambda$196/1409674311@63562432 for 51058dee-2090-47d5-a97d-c0799d97638e
org.apache.ratis.protocol.TimeoutIOException: deadline exceeded after 2999742563ns
	at org.apache.ratis.grpc.GrpcUtil.tryUnwrapException(GrpcUtil.java:82)
	at org.apache.ratis.grpc.GrpcUtil.unwrapException(GrpcUtil.java:75)
	at org.apache.ratis.grpc.client.GrpcClientProtocolClient.blockingCall(GrpcClientProtocolClient.java:184)
	at org.apache.ratis.grpc.client.GrpcClientProtocolClient.groupAdd(GrpcClientProtocolClient.java:153)
	at org.apache.ratis.grpc.client.GrpcClientRpc.sendRequest(GrpcClientRpc.java:94)
	at org.apache.ratis.client.impl.RaftClientImpl.sendRequest(RaftClientImpl.java:278)
	at org.apache.ratis.client.impl.RaftClientImpl.groupAdd(RaftClientImpl.java:205)
	at org.apache.hadoop.hdds.scm.pipeline.RatisPipelineProvider.lambda$initializePipeline$4(RatisPipelineProvider.java:198)
	at org.apache.hadoop.hdds.scm.pipeline.RatisPipelineProvider.lambda$null$5(RatisPipelineProvider.java:233)
	at java.util.stream.ForEachOps$ForEachOp$OfRef.accept(ForEachOps.java:183)
	at java.util.ArrayList$ArrayListSpliterator.forEachRemaining(ArrayList.java:1382)
	at java.util.stream.AbstractPipeline.copyInto(AbstractPipeline.java:482)
	at java.util.stream.ForEachOps$ForEachTask.compute(ForEachOps.java:290)
	at java.util.concurrent.CountedCompleter.exec(CountedCompleter.java:731)
	at java.util.concurrent.ForkJoinTask.doExec(ForkJoinTask.java:289)
	at java.util.concurrent.ForkJoinTask.doInvoke(ForkJoinTask.java:401)
	at java.util.concurrent.ForkJoinTask.invoke(ForkJoinTask.java:734)
	at java.util.stream.ForEachOps$ForEachOp.evaluateParallel(ForEachOps.java:159)
	at java.util.stream.ForEachOps$ForEachOp$OfRef.evaluateParallel(ForEachOps.java:173)
	at java.util.stream.AbstractPipeline.evaluate(AbstractPipeline.java:233)
	at java.util.stream.ReferencePipeline.forEach(ReferencePipeline.java:485)
	at java.util.stream.ReferencePipeline$Head.forEach(ReferencePipeline.java:650)
	at org.apache.hadoop.hdds.scm.pipeline.RatisPipelineProvider.lambda$callRatisRpc$6(RatisPipelineProvider.java:227)
	at java.util.concurrent.ForkJoinTask$AdaptedRunnableAction.exec(ForkJoinTask.java:1386)
	at java.util.concurrent.ForkJoinTask.doExec(ForkJoinTask.java:289)
	at java.util.concurrent.ForkJoinPool$WorkQueue.runTask(ForkJoinPool.java:1056)
	at java.util.concurrent.ForkJoinPool.runWorker(ForkJoinPool.java:1692)
	at java.util.concurrent.ForkJoinWorkerThread.run(ForkJoinWorkerThread.java:157)
Caused by: org.apache.ratis.thirdparty.io.grpc.StatusRuntimeException: DEADLINE_EXCEEDED: deadline exceeded after 2999742563ns
	at org.apache.ratis.thirdparty.io.grpc.stub.ClientCalls.toStatusRuntimeException(ClientCalls.java:233)
	at org.apache.ratis.thirdparty.io.grpc.stub.ClientCalls.getUnchecked(ClientCalls.java:214)
	at org.apache.ratis.thirdparty.io.grpc.stub.ClientCalls.blockingUnaryCall(ClientCalls.java:139)
	at org.apache.ratis.proto.grpc.AdminProtocolServiceGrpc$AdminProtocolServiceBlockingStub.groupManagement(AdminProtocolServiceGrpc.java:274)
	at org.apache.ratis.grpc.client.GrpcClientProtocolClient.lambda$groupAdd$3(GrpcClientProtocolClient.java:155)
	at org.apache.ratis.grpc.client.GrpcClientProtocolClient.blockingCall(GrpcClientProtocolClient.java:182)
	... 25 more
2019-11-01 01:12:37,074 [grpc-default-executor-2] INFO  impl.RaftServerProxy (RaftServerProxy.java:addNew(89)) - f0e69bc2-b789-4d66-87b3-68450bbfadd1: addNew group-45DC7F372F17:[f0e69bc2-b789-4d66-87b3-68450bbfadd1:192.168.157.211:45838] returns group-45DC7F372F17:java.util.concurrent.CompletableFuture@1e36960f[Not completed]
2019-11-01 01:12:37,590 [pool-73-thread-2] INFO  rpc.RpcClient (RpcClient.java:createBucket(430)) - Creating Bucket: vol-0-57156/bucket-0-21131, with Versioning false and Storage Type set to DISK and Encryption set to false 
2019-11-01 01:12:37,592 [pool-27-thread-1] INFO  storage.RaftStorage (RaftStorage.java:format(84)) - Storage directory /workdir/hadoop-ozone/tools/target/test-dir/MiniOzoneClusterImpl-7858d707-e611-49d6-9f20-09fa29eef7b7/datanode-0/data/ratis/13a7ec60-cbe2-45a8-817d-cd47ea837fe9 has been successfully formatted.
2019-11-01 01:12:37,596 [pool-27-thread-1] INFO  ratis.ContainerStateMachine (ContainerStateMachine.java:loadSnapshot(231)) - group-CD47EA837FE9: The snapshot info is null. Setting the last applied indexto:(t:0, i:~)
2019-11-01 01:12:37,596 [pool-27-thread-1] INFO  server.RaftServerConfigKeys (ConfUtils.java:logGet(43)) - raft.server.notification.no-leader.timeout = 120s (custom)
2019-11-01 01:12:37,599 [pool-27-thread-1] INFO  server.RaftServerConfigKeys (ConfUtils.java:logGet(43)) - raft.server.log.use.memory = false (default)
2019-11-01 01:12:37,607 [pool-27-thread-1] INFO  server.RaftServerConfigKeys (ConfUtils.java:logGet(43)) - raft.server.log.purge.gap = 1000000 (custom)
2019-11-01 01:12:37,607 [pool-27-thread-1] INFO  server.RaftServerConfigKeys (ConfUtils.java:logGet(43)) - raft.server.log.appender.buffer.byte-limit = 33554432 (custom)
2019-11-01 01:12:37,611 [pool-27-thread-1] INFO  server.RaftServerConfigKeys (ConfUtils.java:logGet(43)) - raft.server.log.segment.size.max = 1048576 (custom)
2019-11-01 01:12:37,617 [pool-27-thread-1] INFO  metrics.MetricRegistries (MetricRegistriesLoader.java:load(64)) - Loaded MetricRegistries class org.apache.ratis.metrics.impl.MetricRegistriesImpl
2019-11-01 01:12:37,623 [pool-27-thread-1] WARN  impl.MetricRegistriesImpl (MetricRegistriesImpl.java:lambda$create$1(61)) - First MetricRegistry has been created without registering reporters. You may need to call MetricRegistries.global().addReportRegistration(...) before.
2019-11-01 01:12:37,629 [pool-27-thread-1] INFO  server.RaftServerConfigKeys (ConfUtils.java:logGet(43)) - raft.server.log.segment.cache.num.max = 2 (custom)
2019-11-01 01:12:37,636 [pool-27-thread-1] INFO  segmented.SegmentedRaftLogWorker (SegmentedRaftLogWorker.java:<init>(173)) - new f0e69bc2-b789-4d66-87b3-68450bbfadd1@group-CD47EA837FE9-SegmentedRaftLogWorker for RaftStorage:Storage Directory /workdir/hadoop-ozone/tools/target/test-dir/MiniOzoneClusterImpl-7858d707-e611-49d6-9f20-09fa29eef7b7/datanode-0/data/ratis/13a7ec60-cbe2-45a8-817d-cd47ea837fe9
2019-11-01 01:12:37,636 [pool-27-thread-1] INFO  server.RaftServerConfigKeys (ConfUtils.java:logGet(43)) - raft.server.log.queue.byte-limit = 2147483647 (custom)
2019-11-01 01:12:37,637 [pool-27-thread-1] INFO  server.RaftServerConfigKeys (ConfUtils.java:logGet(43)) - raft.server.log.queue.element-limit = 1024 (custom)
2019-11-01 01:12:37,638 [pool-27-thread-1] INFO  server.RaftServerConfigKeys (ConfUtils.java:logGet(43)) - raft.server.log.segment.size.max = 1048576 (custom)
2019-11-01 01:12:37,638 [pool-27-thread-1] INFO  server.RaftServerConfigKeys (ConfUtils.java:logGet(43)) - raft.server.log.preallocated.size = 16384 (custom)
2019-11-01 01:12:37,639 [pool-27-thread-1] INFO  server.RaftServerConfigKeys (ConfUtils.java:logGet(43)) - raft.server.log.write.buffer.size = 33554432 (custom)
2019-11-01 01:12:37,640 [pool-27-thread-1] INFO  server.RaftServerConfigKeys (ConfUtils.java:logGet(43)) - raft.server.log.force.sync.num = 128 (default)
2019-11-01 01:12:37,641 [pool-27-thread-1] INFO  server.RaftServerConfigKeys (ConfUtils.java:logGet(43)) - raft.server.log.statemachine.data.sync = true (default)
2019-11-01 01:12:37,641 [pool-27-thread-1] INFO  server.RaftServerConfigKeys (ConfUtils.java:logGet(43)) - raft.server.log.statemachine.data.sync.timeout = 10s (default)
2019-11-01 01:12:37,641 [pool-27-thread-1] INFO  server.RaftServerConfigKeys (ConfUtils.java:logGet(43)) - raft.server.log.statemachine.data.sync.timeout.retry = -1 (default)
2019-11-01 01:12:37,651 [pool-27-thread-1] INFO  server.RaftServerConfigKeys (ConfUtils.java:logGet(43)) - raft.server.log.statemachine.data.caching.enabled = true (custom)
2019-11-01 01:12:37,656 [pool-27-thread-1] INFO  segmented.SegmentedRaftLogWorker (SegmentedRaftLogWorker.java:lambda$new$0(128)) - f0e69bc2-b789-4d66-87b3-68450bbfadd1@group-CD47EA837FE9-SegmentedRaftLogWorker: flushIndex: setUnconditionally 0 -> -1
2019-11-01 01:12:37,660 [pool-27-thread-1] INFO  server.RaftServerConfigKeys (ConfUtils.java:logGet(43)) - raft.server.snapshot.auto.trigger.enabled = true (custom)
2019-11-01 01:12:37,661 [pool-27-thread-1] INFO  server.RaftServerConfigKeys (ConfUtils.java:logGet(43)) - raft.server.snapshot.auto.trigger.threshold = 10000 (custom)
2019-11-01 01:12:37,661 [pool-27-thread-1] INFO  server.RaftServerConfigKeys (ConfUtils.java:logGet(43)) - raft.server.snapshot.retention.file.num = 5 (custom)
2019-11-01 01:12:37,662 [pool-27-thread-1] INFO  server.RaftServerConfigKeys (ConfUtils.java:logGet(43)) - raft.server.retrycache.expirytime = 600000ms (custom)
 0.00% |?                                                                                                    |  0/1 Time: 0:00:052019-11-01 01:12:37,922 [pool-27-thread-1] WARN  impl.MetricRegistriesImpl (MetricRegistriesImpl.java:lambda$create$1(61)) - First MetricRegistry has been created without registering reporters. You may need to call MetricRegistries.global().addReportRegistration(...) before.
2019-11-01 01:12:37,925 [pool-27-thread-1] WARN  impl.MetricRegistriesImpl (MetricRegistriesImpl.java:lambda$create$1(61)) - First MetricRegistry has been created without registering reporters. You may need to call MetricRegistries.global().addReportRegistration(...) before.
2019-11-01 01:12:37,934 [pool-27-thread-1] INFO  impl.RaftServerImpl (RaftServerImpl.java:<init>(98)) - f0e69bc2-b789-4d66-87b3-68450bbfadd1: new RaftServerImpl for group-0A73748CE663:[51058dee-2090-47d5-a97d-c0799d97638e:192.168.157.211:34007, f0e69bc2-b789-4d66-87b3-68450bbfadd1:192.168.157.211:45838, b0d7b968-1d99-44d0-9f45-0cc9cf357355:192.168.157.211:34108] with ContainerStateMachine:uninitialized
2019-11-01 01:12:37,934 [pool-27-thread-1] INFO  server.RaftServerConfigKeys (ConfUtils.java:logGet(43)) - raft.server.rpc.timeout.min = 5s (custom)
2019-11-01 01:12:37,935 [pool-27-thread-1] INFO  server.RaftServerConfigKeys (ConfUtils.java:logGet(43)) - raft.server.rpc.timeout.max = 5200ms (custom)
2019-11-01 01:12:37,935 [pool-27-thread-1] INFO  server.RaftServerConfigKeys (ConfUtils.java:logGet(43)) - raft.server.rpcslowness.timeout = 120s (custom)
2019-11-01 01:12:37,937 [pool-27-thread-1] INFO  server.RaftServerConfigKeys (ConfUtils.java:logGet(43)) - raft.server.sleep.deviation.threshold = 300 (default)
2019-11-01 01:12:37,938 [pool-27-thread-1] INFO  server.RaftServerConfigKeys (ConfUtils.java:logGet(43)) - raft.server.log.appender.install.snapshot.enabled = false (custom)
2019-11-01 01:12:37,938 [pool-27-thread-1] INFO  impl.RaftServerImpl (ServerState.java:<init>(103)) - f0e69bc2-b789-4d66-87b3-68450bbfadd1@group-0A73748CE663: ConfigurationManager, init=-1: [51058dee-2090-47d5-a97d-c0799d97638e:192.168.157.211:34007, f0e69bc2-b789-4d66-87b3-68450bbfadd1:192.168.157.211:45838, b0d7b968-1d99-44d0-9f45-0cc9cf357355:192.168.157.211:34108], old=null, confs=<EMPTY_MAP>
2019-11-01 01:12:37,938 [pool-27-thread-1] INFO  server.RaftServerConfigKeys (ConfUtils.java:logGet(43)) - raft.server.storage.dir = [/workdir/hadoop-ozone/tools/target/test-dir/MiniOzoneClusterImpl-7858d707-e611-49d6-9f20-09fa29eef7b7/datanode-0/data/ratis] (custom)
2019-11-01 01:12:37,939 [pool-27-thread-1] INFO  server.RaftServerConfigKeys (ConfUtils.java:logGet(43)) - raft.server.log.corruption.policy = EXCEPTION (default)
2019-11-01 01:12:37,939 [pool-27-thread-1] INFO  storage.RaftStorageDirectory (RaftStorageDirectory.java:analyzeStorage(246)) - The storage directory /workdir/hadoop-ozone/tools/target/test-dir/MiniOzoneClusterImpl-7858d707-e611-49d6-9f20-09fa29eef7b7/datanode-0/data/ratis/85aa0912-c45d-4a43-b937-0a73748ce663 does not exist. Creating ...
2019-11-01 01:12:38,463 [pool-47-thread-1] INFO  storage.RaftStorage (RaftStorage.java:format(84)) - Storage directory /workdir/hadoop-ozone/tools/target/test-dir/MiniOzoneClusterImpl-7858d707-e611-49d6-9f20-09fa29eef7b7/datanode-2/data/ratis/85aa0912-c45d-4a43-b937-0a73748ce663 has been successfully formatted.
2019-11-01 01:12:38,465 [pool-27-thread-1] INFO  storage.RaftStorageDirectory (RaftStorageDirectory.java:tryLock(328)) - Lock on /workdir/hadoop-ozone/tools/target/test-dir/MiniOzoneClusterImpl-7858d707-e611-49d6-9f20-09fa29eef7b7/datanode-0/data/ratis/85aa0912-c45d-4a43-b937-0a73748ce663/in_use.lock acquired by nodename 22876@pr-hdds-2364-master-k27gz-2975546514
2019-11-01 01:12:38,463 [pool-57-thread-1] INFO  storage.RaftStorage (RaftStorage.java:format(84)) - Storage directory /workdir/hadoop-ozone/tools/target/test-dir/MiniOzoneClusterImpl-7858d707-e611-49d6-9f20-09fa29eef7b7/datanode-3/data/ratis/85aa0912-c45d-4a43-b937-0a73748ce663 has been successfully formatted.
2019-11-01 01:12:38,466 [pool-57-thread-1] INFO  ratis.ContainerStateMachine (ContainerStateMachine.java:loadSnapshot(231)) - group-0A73748CE663: The snapshot info is null. Setting the last applied indexto:(t:0, i:~)
2019-11-01 01:12:38,466 [pool-47-thread-1] INFO  ratis.ContainerStateMachine (ContainerStateMachine.java:loadSnapshot(231)) - group-0A73748CE663: The snapshot info is null. Setting the last applied indexto:(t:0, i:~)
2019-11-01 01:12:38,469 [pool-57-thread-1] INFO  server.RaftServerConfigKeys (ConfUtils.java:logGet(43)) - raft.server.notification.no-leader.timeout = 120s (custom)
2019-11-01 01:12:38,469 [pool-47-thread-1] INFO  server.RaftServerConfigKeys (ConfUtils.java:logGet(43)) - raft.server.notification.no-leader.timeout = 120s (custom)
2019-11-01 01:12:38,469 [pool-57-thread-1] INFO  server.RaftServerConfigKeys (ConfUtils.java:logGet(43)) - raft.server.log.use.memory = false (default)
2019-11-01 01:12:38,469 [pool-47-thread-1] INFO  server.RaftServerConfigKeys (ConfUtils.java:logGet(43)) - raft.server.log.use.memory = false (default)
2019-11-01 01:12:38,470 [pool-57-thread-1] INFO  server.RaftServerConfigKeys (ConfUtils.java:logGet(43)) - raft.server.log.purge.gap = 1000000 (custom)
2019-11-01 01:12:38,470 [pool-47-thread-1] INFO  server.RaftServerConfigKeys (ConfUtils.java:logGet(43)) - raft.server.log.purge.gap = 1000000 (custom)
2019-11-01 01:12:38,470 [pool-57-thread-1] INFO  server.RaftServerConfigKeys (ConfUtils.java:logGet(43)) - raft.server.log.appender.buffer.byte-limit = 33554432 (custom)
2019-11-01 01:12:38,470 [pool-47-thread-1] INFO  server.RaftServerConfigKeys (ConfUtils.java:logGet(43)) - raft.server.log.appender.buffer.byte-limit = 33554432 (custom)
2019-11-01 01:12:38,470 [pool-57-thread-1] INFO  server.RaftServerConfigKeys (ConfUtils.java:logGet(43)) - raft.server.log.segment.size.max = 1048576 (custom)
2019-11-01 01:12:38,470 [pool-47-thread-1] INFO  server.RaftServerConfigKeys (ConfUtils.java:logGet(43)) - raft.server.log.segment.size.max = 1048576 (custom)
2019-11-01 01:12:38,471 [pool-57-thread-1] WARN  impl.MetricRegistriesImpl (MetricRegistriesImpl.java:lambda$create$1(61)) - First MetricRegistry has been created without registering reporters. You may need to call MetricRegistries.global().addReportRegistration(...) before.
2019-11-01 01:12:38,472 [pool-47-thread-1] WARN  impl.MetricRegistriesImpl (MetricRegistriesImpl.java:lambda$create$1(61)) - First MetricRegistry has been created without registering reporters. You may need to call MetricRegistries.global().addReportRegistration(...) before.
2019-11-01 01:12:38,473 [pool-57-thread-1] INFO  server.RaftServerConfigKeys (ConfUtils.java:logGet(43)) - raft.server.log.segment.cache.num.max = 2 (custom)
2019-11-01 01:12:38,473 [pool-47-thread-1] INFO  server.RaftServerConfigKeys (ConfUtils.java:logGet(43)) - raft.server.log.segment.cache.num.max = 2 (custom)
2019-11-01 01:12:38,473 [pool-57-thread-1] INFO  segmented.SegmentedRaftLogWorker (SegmentedRaftLogWorker.java:<init>(173)) - new 51058dee-2090-47d5-a97d-c0799d97638e@group-0A73748CE663-SegmentedRaftLogWorker for RaftStorage:Storage Directory /workdir/hadoop-ozone/tools/target/test-dir/MiniOzoneClusterImpl-7858d707-e611-49d6-9f20-09fa29eef7b7/datanode-3/data/ratis/85aa0912-c45d-4a43-b937-0a73748ce663
2019-11-01 01:12:38,479 [pool-47-thread-1] INFO  segmented.SegmentedRaftLogWorker (SegmentedRaftLogWorker.java:<init>(173)) - new b0d7b968-1d99-44d0-9f45-0cc9cf357355@group-0A73748CE663-SegmentedRaftLogWorker for RaftStorage:Storage Directory /workdir/hadoop-ozone/tools/target/test-dir/MiniOzoneClusterImpl-7858d707-e611-49d6-9f20-09fa29eef7b7/datanode-2/data/ratis/85aa0912-c45d-4a43-b937-0a73748ce663
2019-11-01 01:12:38,480 [pool-57-thread-1] INFO  server.RaftServerConfigKeys (ConfUtils.java:logGet(43)) - raft.server.log.queue.byte-limit = 2147483647 (custom)
2019-11-01 01:12:38,480 [pool-47-thread-1] INFO  server.RaftServerConfigKeys (ConfUtils.java:logGet(43)) - raft.server.log.queue.byte-limit = 2147483647 (custom)
2019-11-01 01:12:38,481 [pool-57-thread-1] INFO  server.RaftServerConfigKeys (ConfUtils.java:logGet(43)) - raft.server.log.queue.element-limit = 1024 (custom)
2019-11-01 01:12:38,481 [pool-47-thread-1] INFO  server.RaftServerConfigKeys (ConfUtils.java:logGet(43)) - raft.server.log.queue.element-limit = 1024 (custom)
2019-11-01 01:12:38,481 [pool-57-thread-1] INFO  server.RaftServerConfigKeys (ConfUtils.java:logGet(43)) - raft.server.log.segment.size.max = 1048576 (custom)
2019-11-01 01:12:38,481 [pool-47-thread-1] INFO  server.RaftServerConfigKeys (ConfUtils.java:logGet(43)) - raft.server.log.segment.size.max = 1048576 (custom)
2019-11-01 01:12:38,481 [pool-57-thread-1] INFO  server.RaftServerConfigKeys (ConfUtils.java:logGet(43)) - raft.server.log.preallocated.size = 16384 (custom)
2019-11-01 01:12:38,481 [pool-47-thread-1] INFO  server.RaftServerConfigKeys (ConfUtils.java:logGet(43)) - raft.server.log.preallocated.size = 16384 (custom)
2019-11-01 01:12:38,482 [pool-57-thread-1] INFO  server.RaftServerConfigKeys (ConfUtils.java:logGet(43)) - raft.server.log.write.buffer.size = 33554432 (custom)
2019-11-01 01:12:38,482 [pool-47-thread-1] INFO  server.RaftServerConfigKeys (ConfUtils.java:logGet(43)) - raft.server.log.write.buffer.size = 33554432 (custom)
2019-11-01 01:12:38,482 [pool-57-thread-1] INFO  server.RaftServerConfigKeys (ConfUtils.java:logGet(43)) - raft.server.log.force.sync.num = 128 (default)
2019-11-01 01:12:38,482 [pool-47-thread-1] INFO  server.RaftServerConfigKeys (ConfUtils.java:logGet(43)) - raft.server.log.force.sync.num = 128 (default)
2019-11-01 01:12:38,482 [pool-57-thread-1] INFO  server.RaftServerConfigKeys (ConfUtils.java:logGet(43)) - raft.server.log.statemachine.data.sync = true (default)
2019-11-01 01:12:38,482 [pool-47-thread-1] INFO  server.RaftServerConfigKeys (ConfUtils.java:logGet(43)) - raft.server.log.statemachine.data.sync = true (default)
2019-11-01 01:12:38,483 [pool-57-thread-1] INFO  server.RaftServerConfigKeys (ConfUtils.java:logGet(43)) - raft.server.log.statemachine.data.sync.timeout = 10s (default)
2019-11-01 01:12:38,483 [pool-47-thread-1] INFO  server.RaftServerConfigKeys (ConfUtils.java:logGet(43)) - raft.server.log.statemachine.data.sync.timeout = 10s (default)
2019-11-01 01:12:38,483 [pool-57-thread-1] INFO  server.RaftServerConfigKeys (ConfUtils.java:logGet(43)) - raft.server.log.statemachine.data.sync.timeout.retry = -1 (default)
2019-11-01 01:12:38,483 [pool-47-thread-1] INFO  server.RaftServerConfigKeys (ConfUtils.java:logGet(43)) - raft.server.log.statemachine.data.sync.timeout.retry = -1 (default)
2019-11-01 01:12:38,483 [pool-57-thread-1] INFO  server.RaftServerConfigKeys (ConfUtils.java:logGet(43)) - raft.server.log.statemachine.data.caching.enabled = true (custom)
2019-11-01 01:12:38,484 [pool-47-thread-1] INFO  server.RaftServerConfigKeys (ConfUtils.java:logGet(43)) - raft.server.log.statemachine.data.caching.enabled = true (custom)
2019-11-01 01:12:38,484 [pool-47-thread-1] INFO  segmented.SegmentedRaftLogWorker (SegmentedRaftLogWorker.java:lambda$new$0(128)) - b0d7b968-1d99-44d0-9f45-0cc9cf357355@group-0A73748CE663-SegmentedRaftLogWorker: flushIndex: setUnconditionally 0 -> -1
2019-11-01 01:12:38,484 [pool-57-thread-1] INFO  segmented.SegmentedRaftLogWorker (SegmentedRaftLogWorker.java:lambda$new$0(128)) - 51058dee-2090-47d5-a97d-c0799d97638e@group-0A73748CE663-SegmentedRaftLogWorker: flushIndex: setUnconditionally 0 -> -1
2019-11-01 01:12:38,485 [pool-47-thread-1] INFO  server.RaftServerConfigKeys (ConfUtils.java:logGet(43)) - raft.server.snapshot.auto.trigger.enabled = true (custom)
2019-11-01 01:12:38,485 [pool-47-thread-1] INFO  server.RaftServerConfigKeys (ConfUtils.java:logGet(43)) - raft.server.snapshot.auto.trigger.threshold = 10000 (custom)
2019-11-01 01:12:38,485 [pool-57-thread-1] INFO  server.RaftServerConfigKeys (ConfUtils.java:logGet(43)) - raft.server.snapshot.auto.trigger.enabled = true (custom)
2019-11-01 01:12:38,485 [pool-47-thread-1] INFO  server.RaftServerConfigKeys (ConfUtils.java:logGet(43)) - raft.server.snapshot.retention.file.num = 5 (custom)
2019-11-01 01:12:38,485 [pool-57-thread-1] INFO  server.RaftServerConfigKeys (ConfUtils.java:logGet(43)) - raft.server.snapshot.auto.trigger.threshold = 10000 (custom)
2019-11-01 01:12:38,485 [pool-47-thread-1] INFO  server.RaftServerConfigKeys (ConfUtils.java:logGet(43)) - raft.server.retrycache.expirytime = 600000ms (custom)
2019-11-01 01:12:38,486 [pool-57-thread-1] INFO  server.RaftServerConfigKeys (ConfUtils.java:logGet(43)) - raft.server.snapshot.retention.file.num = 5 (custom)
2019-11-01 01:12:38,486 [pool-47-thread-1] WARN  impl.MetricRegistriesImpl (MetricRegistriesImpl.java:lambda$create$1(61)) - First MetricRegistry has been created without registering reporters. You may need to call MetricRegistries.global().addReportRegistration(...) before.
2019-11-01 01:12:38,486 [pool-57-thread-1] INFO  server.RaftServerConfigKeys (ConfUtils.java:logGet(43)) - raft.server.retrycache.expirytime = 600000ms (custom)
2019-11-01 01:12:38,486 [pool-47-thread-1] WARN  impl.MetricRegistriesImpl (MetricRegistriesImpl.java:lambda$create$1(61)) - First MetricRegistry has been created without registering reporters. You may need to call MetricRegistries.global().addReportRegistration(...) before.
2019-11-01 01:12:38,486 [pool-57-thread-1] WARN  impl.MetricRegistriesImpl (MetricRegistriesImpl.java:lambda$create$1(61)) - First MetricRegistry has been created without registering reporters. You may need to call MetricRegistries.global().addReportRegistration(...) before.
2019-11-01 01:12:38,487 [pool-57-thread-1] WARN  impl.MetricRegistriesImpl (MetricRegistriesImpl.java:lambda$create$1(61)) - First MetricRegistry has been created without registering reporters. You may need to call MetricRegistries.global().addReportRegistration(...) before.
2019-11-01 01:12:38,487 [pool-47-thread-1] INFO  impl.RaftServerImpl (RaftServerImpl.java:start(184)) - b0d7b968-1d99-44d0-9f45-0cc9cf357355@group-0A73748CE663: start as a follower, conf=-1: [51058dee-2090-47d5-a97d-c0799d97638e:192.168.157.211:34007, f0e69bc2-b789-4d66-87b3-68450bbfadd1:192.168.157.211:45838, b0d7b968-1d99-44d0-9f45-0cc9cf357355:192.168.157.211:34108], old=null
2019-11-01 01:12:38,487 [pool-57-thread-1] INFO  impl.RaftServerImpl (RaftServerImpl.java:start(184)) - 51058dee-2090-47d5-a97d-c0799d97638e@group-0A73748CE663: start as a follower, conf=-1: [51058dee-2090-47d5-a97d-c0799d97638e:192.168.157.211:34007, f0e69bc2-b789-4d66-87b3-68450bbfadd1:192.168.157.211:45838, b0d7b968-1d99-44d0-9f45-0cc9cf357355:192.168.157.211:34108], old=null
2019-11-01 01:12:38,487 [pool-47-thread-1] INFO  impl.RaftServerImpl (RaftServerImpl.java:setRole(173)) - b0d7b968-1d99-44d0-9f45-0cc9cf357355@group-0A73748CE663: changes role from      null to FOLLOWER at term 0 for startAsFollower
2019-11-01 01:12:38,488 [pool-57-thread-1] INFO  impl.RaftServerImpl (RaftServerImpl.java:setRole(173)) - 51058dee-2090-47d5-a97d-c0799d97638e@group-0A73748CE663: changes role from      null to FOLLOWER at term 0 for startAsFollower
2019-11-01 01:12:38,493 [pool-57-thread-1] INFO  impl.RoleInfo (RoleInfo.java:updateAndGet(143)) - 51058dee-2090-47d5-a97d-c0799d97638e: start FollowerState
2019-11-01 01:12:38,493 [pool-47-thread-1] INFO  impl.RoleInfo (RoleInfo.java:updateAndGet(143)) - b0d7b968-1d99-44d0-9f45-0cc9cf357355: start FollowerState
2019-11-01 01:12:38,498 [pool-47-thread-1] INFO  util.JmxRegister (JmxRegister.java:tryRegister(44)) - Successfully registered JMX Bean with object name Ratis:service=RaftServer,group=group-0A73748CE663,id=b0d7b968-1d99-44d0-9f45-0cc9cf357355
2019-11-01 01:12:38,498 [pool-57-thread-1] INFO  util.JmxRegister (JmxRegister.java:tryRegister(44)) - Successfully registered JMX Bean with object name Ratis:service=RaftServer,group=group-0A73748CE663,id=51058dee-2090-47d5-a97d-c0799d97638e
2019-11-01 01:12:38,503 [pool-47-thread-1] WARN  impl.MetricRegistriesImpl (MetricRegistriesImpl.java:lambda$create$1(61)) - First MetricRegistry has been created without registering reporters. You may need to call MetricRegistries.global().addReportRegistration(...) before.
2019-11-01 01:12:38,505 [pool-57-thread-1] WARN  impl.MetricRegistriesImpl (MetricRegistriesImpl.java:lambda$create$1(61)) - First MetricRegistry has been created without registering reporters. You may need to call MetricRegistries.global().addReportRegistration(...) before.
 0.00% |?                                                                                                    |  0/1 Time: 0:00:06 0.00% |?                                                                                                    |  0/1 Time: 0:00:072019-11-01 01:12:40,062 [RATISCREATEPIPELINE1] ERROR pipeline.RatisPipelineProvider (RatisPipelineProvider.java:lambda$null$5(237)) - Failed invoke Ratis rpc org.apache.hadoop.hdds.scm.pipeline.RatisPipelineProvider$$Lambda$196/1409674311@1f61fa07 for f0e69bc2-b789-4d66-87b3-68450bbfadd1
org.apache.ratis.protocol.TimeoutIOException: deadline exceeded after 2998109506ns
	at org.apache.ratis.grpc.GrpcUtil.tryUnwrapException(GrpcUtil.java:82)
	at org.apache.ratis.grpc.GrpcUtil.unwrapException(GrpcUtil.java:75)
	at org.apache.ratis.grpc.client.GrpcClientProtocolClient.blockingCall(GrpcClientProtocolClient.java:184)
	at org.apache.ratis.grpc.client.GrpcClientProtocolClient.groupAdd(GrpcClientProtocolClient.java:153)
	at org.apache.ratis.grpc.client.GrpcClientRpc.sendRequest(GrpcClientRpc.java:94)
	at org.apache.ratis.client.impl.RaftClientImpl.sendRequest(RaftClientImpl.java:278)
	at org.apache.ratis.client.impl.RaftClientImpl.groupAdd(RaftClientImpl.java:205)
	at org.apache.hadoop.hdds.scm.pipeline.RatisPipelineProvider.lambda$initializePipeline$4(RatisPipelineProvider.java:198)
	at org.apache.hadoop.hdds.scm.pipeline.RatisPipelineProvider.lambda$null$5(RatisPipelineProvider.java:233)
	at java.util.stream.ForEachOps$ForEachOp$OfRef.accept(ForEachOps.java:183)
	at java.util.ArrayList$ArrayListSpliterator.forEachRemaining(ArrayList.java:1382)
	at java.util.stream.AbstractPipeline.copyInto(AbstractPipeline.java:482)
	at java.util.stream.ForEachOps$ForEachTask.compute(ForEachOps.java:290)
	at java.util.concurrent.CountedCompleter.exec(CountedCompleter.java:731)
	at java.util.concurrent.ForkJoinTask.doExec(ForkJoinTask.java:289)
	at java.util.concurrent.ForkJoinTask.doInvoke(ForkJoinTask.java:401)
	at java.util.concurrent.ForkJoinTask.invoke(ForkJoinTask.java:734)
	at java.util.stream.ForEachOps$ForEachOp.evaluateParallel(ForEachOps.java:159)
	at java.util.stream.ForEachOps$ForEachOp$OfRef.evaluateParallel(ForEachOps.java:173)
	at java.util.stream.AbstractPipeline.evaluate(AbstractPipeline.java:233)
	at java.util.stream.ReferencePipeline.forEach(ReferencePipeline.java:485)
	at java.util.stream.ReferencePipeline$Head.forEach(ReferencePipeline.java:650)
	at org.apache.hadoop.hdds.scm.pipeline.RatisPipelineProvider.lambda$callRatisRpc$6(RatisPipelineProvider.java:227)
	at java.util.concurrent.ForkJoinTask$AdaptedRunnableAction.exec(ForkJoinTask.java:1386)
	at java.util.concurrent.ForkJoinTask.doExec(ForkJoinTask.java:289)
	at java.util.concurrent.ForkJoinPool$WorkQueue.runTask(ForkJoinPool.java:1056)
	at java.util.concurrent.ForkJoinPool.runWorker(ForkJoinPool.java:1692)
	at java.util.concurrent.ForkJoinWorkerThread.run(ForkJoinWorkerThread.java:157)
Caused by: org.apache.ratis.thirdparty.io.grpc.StatusRuntimeException: DEADLINE_EXCEEDED: deadline exceeded after 2998109506ns
	at org.apache.ratis.thirdparty.io.grpc.stub.ClientCalls.toStatusRuntimeException(ClientCalls.java:233)
	at org.apache.ratis.thirdparty.io.grpc.stub.ClientCalls.getUnchecked(ClientCalls.java:214)
	at org.apache.ratis.thirdparty.io.grpc.stub.ClientCalls.blockingUnaryCall(ClientCalls.java:139)
	at org.apache.ratis.proto.grpc.AdminProtocolServiceGrpc$AdminProtocolServiceBlockingStub.groupManagement(AdminProtocolServiceGrpc.java:274)
	at org.apache.ratis.grpc.client.GrpcClientProtocolClient.lambda$groupAdd$3(GrpcClientProtocolClient.java:155)
	at org.apache.ratis.grpc.client.GrpcClientProtocolClient.blockingCall(GrpcClientProtocolClient.java:182)
	... 25 more
2019-11-01 01:12:40,101 [grpc-default-executor-3] INFO  impl.RaftServerProxy (RaftServerProxy.java:addNew(89)) - b0d7b968-1d99-44d0-9f45-0cc9cf357355: addNew group-C1642148D20B:[51058dee-2090-47d5-a97d-c0799d97638e:192.168.157.211:34007, f0e69bc2-b789-4d66-87b3-68450bbfadd1:192.168.157.211:45838, b0d7b968-1d99-44d0-9f45-0cc9cf357355:192.168.157.211:34108] returns group-C1642148D20B:java.util.concurrent.CompletableFuture@354c681d[Not completed]
2019-11-01 01:12:40,102 [grpc-default-executor-2] INFO  impl.RaftServerProxy (RaftServerProxy.java:addNew(89)) - f0e69bc2-b789-4d66-87b3-68450bbfadd1: addNew group-C1642148D20B:[51058dee-2090-47d5-a97d-c0799d97638e:192.168.157.211:34007, f0e69bc2-b789-4d66-87b3-68450bbfadd1:192.168.157.211:45838, b0d7b968-1d99-44d0-9f45-0cc9cf357355:192.168.157.211:34108] returns group-C1642148D20B:java.util.concurrent.CompletableFuture@4f7c629a[Not completed]
2019-11-01 01:12:40,102 [grpc-default-executor-0] INFO  impl.RaftServerProxy (RaftServerProxy.java:addNew(89)) - 51058dee-2090-47d5-a97d-c0799d97638e: addNew group-C1642148D20B:[51058dee-2090-47d5-a97d-c0799d97638e:192.168.157.211:34007, f0e69bc2-b789-4d66-87b3-68450bbfadd1:192.168.157.211:45838, b0d7b968-1d99-44d0-9f45-0cc9cf357355:192.168.157.211:34108] returns group-C1642148D20B:java.util.concurrent.CompletableFuture@787668ba[Not completed]
2019-11-01 01:12:40,103 [pool-47-thread-1] INFO  impl.RaftServerImpl (RaftServerImpl.java:<init>(98)) - b0d7b968-1d99-44d0-9f45-0cc9cf357355: new RaftServerImpl for group-C1642148D20B:[51058dee-2090-47d5-a97d-c0799d97638e:192.168.157.211:34007, f0e69bc2-b789-4d66-87b3-68450bbfadd1:192.168.157.211:45838, b0d7b968-1d99-44d0-9f45-0cc9cf357355:192.168.157.211:34108] with ContainerStateMachine:uninitialized
2019-11-01 01:12:40,103 [pool-47-thread-1] INFO  server.RaftServerConfigKeys (ConfUtils.java:logGet(43)) - raft.server.rpc.timeout.min = 5s (custom)
2019-11-01 01:12:40,104 [pool-47-thread-1] INFO  server.RaftServerConfigKeys (ConfUtils.java:logGet(43)) - raft.server.rpc.timeout.max = 5200ms (custom)
2019-11-01 01:12:40,104 [pool-47-thread-1] INFO  server.RaftServerConfigKeys (ConfUtils.java:logGet(43)) - raft.server.rpcslowness.timeout = 120s (custom)
2019-11-01 01:12:40,104 [pool-47-thread-1] INFO  server.RaftServerConfigKeys (ConfUtils.java:logGet(43)) - raft.server.sleep.deviation.threshold = 300 (default)
2019-11-01 01:12:40,104 [pool-47-thread-1] INFO  server.RaftServerConfigKeys (ConfUtils.java:logGet(43)) - raft.server.log.appender.install.snapshot.enabled = false (custom)
2019-11-01 01:12:40,104 [pool-47-thread-1] INFO  impl.RaftServerImpl (ServerState.java:<init>(103)) - b0d7b968-1d99-44d0-9f45-0cc9cf357355@group-C1642148D20B: ConfigurationManager, init=-1: [51058dee-2090-47d5-a97d-c0799d97638e:192.168.157.211:34007, f0e69bc2-b789-4d66-87b3-68450bbfadd1:192.168.157.211:45838, b0d7b968-1d99-44d0-9f45-0cc9cf357355:192.168.157.211:34108], old=null, confs=<EMPTY_MAP>
2019-11-01 01:12:40,104 [pool-57-thread-1] INFO  impl.RaftServerImpl (RaftServerImpl.java:<init>(98)) - 51058dee-2090-47d5-a97d-c0799d97638e: new RaftServerImpl for group-C1642148D20B:[51058dee-2090-47d5-a97d-c0799d97638e:192.168.157.211:34007, f0e69bc2-b789-4d66-87b3-68450bbfadd1:192.168.157.211:45838, b0d7b968-1d99-44d0-9f45-0cc9cf357355:192.168.157.211:34108] with ContainerStateMachine:uninitialized
2019-11-01 01:12:40,104 [pool-47-thread-1] INFO  server.RaftServerConfigKeys (ConfUtils.java:logGet(43)) - raft.server.storage.dir = [/workdir/hadoop-ozone/tools/target/test-dir/MiniOzoneClusterImpl-7858d707-e611-49d6-9f20-09fa29eef7b7/datanode-2/data/ratis] (custom)
2019-11-01 01:12:40,105 [pool-57-thread-1] INFO  server.RaftServerConfigKeys (ConfUtils.java:logGet(43)) - raft.server.rpc.timeout.min = 5s (custom)
2019-11-01 01:12:40,105 [pool-57-thread-1] INFO  server.RaftServerConfigKeys (ConfUtils.java:logGet(43)) - raft.server.rpc.timeout.max = 5200ms (custom)
2019-11-01 01:12:40,105 [pool-47-thread-1] INFO  server.RaftServerConfigKeys (ConfUtils.java:logGet(43)) - raft.server.log.corruption.policy = EXCEPTION (default)
2019-11-01 01:12:40,105 [pool-57-thread-1] INFO  server.RaftServerConfigKeys (ConfUtils.java:logGet(43)) - raft.server.rpcslowness.timeout = 120s (custom)
2019-11-01 01:12:40,105 [pool-47-thread-1] INFO  storage.RaftStorageDirectory (RaftStorageDirectory.java:analyzeStorage(246)) - The storage directory /workdir/hadoop-ozone/tools/target/test-dir/MiniOzoneClusterImpl-7858d707-e611-49d6-9f20-09fa29eef7b7/datanode-2/data/ratis/a1585c84-a6de-4ace-99b7-c1642148d20b does not exist. Creating ...
2019-11-01 01:12:40,105 [pool-57-thread-1] INFO  server.RaftServerConfigKeys (ConfUtils.java:logGet(43)) - raft.server.sleep.deviation.threshold = 300 (default)
2019-11-01 01:12:40,105 [pool-57-thread-1] INFO  server.RaftServerConfigKeys (ConfUtils.java:logGet(43)) - raft.server.log.appender.install.snapshot.enabled = false (custom)
2019-11-01 01:12:40,106 [pool-57-thread-1] INFO  impl.RaftServerImpl (ServerState.java:<init>(103)) - 51058dee-2090-47d5-a97d-c0799d97638e@group-C1642148D20B: ConfigurationManager, init=-1: [51058dee-2090-47d5-a97d-c0799d97638e:192.168.157.211:34007, f0e69bc2-b789-4d66-87b3-68450bbfadd1:192.168.157.211:45838, b0d7b968-1d99-44d0-9f45-0cc9cf357355:192.168.157.211:34108], old=null, confs=<EMPTY_MAP>
2019-11-01 01:12:40,106 [pool-57-thread-1] INFO  server.RaftServerConfigKeys (ConfUtils.java:logGet(43)) - raft.server.storage.dir = [/workdir/hadoop-ozone/tools/target/test-dir/MiniOzoneClusterImpl-7858d707-e611-49d6-9f20-09fa29eef7b7/datanode-3/data/ratis] (custom)
2019-11-01 01:12:40,106 [pool-57-thread-1] INFO  server.RaftServerConfigKeys (ConfUtils.java:logGet(43)) - raft.server.log.corruption.policy = EXCEPTION (default)
2019-11-01 01:12:40,106 [pool-57-thread-1] INFO  storage.RaftStorageDirectory (RaftStorageDirectory.java:analyzeStorage(246)) - The storage directory /workdir/hadoop-ozone/tools/target/test-dir/MiniOzoneClusterImpl-7858d707-e611-49d6-9f20-09fa29eef7b7/datanode-3/data/ratis/a1585c84-a6de-4ace-99b7-c1642148d20b does not exist. Creating ...
2019-11-01 01:12:40,437 [pool-27-thread-1] INFO  storage.RaftStorage (RaftStorage.java:format(84)) - Storage directory /workdir/hadoop-ozone/tools/target/test-dir/MiniOzoneClusterImpl-7858d707-e611-49d6-9f20-09fa29eef7b7/datanode-0/data/ratis/85aa0912-c45d-4a43-b937-0a73748ce663 has been successfully formatted.
2019-11-01 01:12:40,437 [pool-27-thread-1] INFO  ratis.ContainerStateMachine (ContainerStateMachine.java:loadSnapshot(231)) - group-0A73748CE663: The snapshot info is null. Setting the last applied indexto:(t:0, i:~)
2019-11-01 01:12:40,438 [pool-27-thread-1] INFO  server.RaftServerConfigKeys (ConfUtils.java:logGet(43)) - raft.server.notification.no-leader.timeout = 120s (custom)
2019-11-01 01:12:40,438 [pool-27-thread-1] INFO  server.RaftServerConfigKeys (ConfUtils.java:logGet(43)) - raft.server.log.use.memory = false (default)
2019-11-01 01:12:40,438 [pool-27-thread-1] INFO  server.RaftServerConfigKeys (ConfUtils.java:logGet(43)) - raft.server.log.purge.gap = 1000000 (custom)
2019-11-01 01:12:40,438 [pool-27-thread-1] INFO  server.RaftServerConfigKeys (ConfUtils.java:logGet(43)) - raft.server.log.appender.buffer.byte-limit = 33554432 (custom)
2019-11-01 01:12:40,438 [pool-27-thread-1] INFO  server.RaftServerConfigKeys (ConfUtils.java:logGet(43)) - raft.server.log.segment.size.max = 1048576 (custom)
2019-11-01 01:12:40,439 [pool-27-thread-1] INFO  server.RaftServerConfigKeys (ConfUtils.java:logGet(43)) - raft.server.log.segment.cache.num.max = 2 (custom)
2019-11-01 01:12:40,439 [pool-27-thread-1] INFO  segmented.SegmentedRaftLogWorker (SegmentedRaftLogWorker.java:<init>(173)) - new f0e69bc2-b789-4d66-87b3-68450bbfadd1@group-0A73748CE663-SegmentedRaftLogWorker for RaftStorage:Storage Directory /workdir/hadoop-ozone/tools/target/test-dir/MiniOzoneClusterImpl-7858d707-e611-49d6-9f20-09fa29eef7b7/datanode-0/data/ratis/85aa0912-c45d-4a43-b937-0a73748ce663
2019-11-01 01:12:40,439 [pool-27-thread-1] INFO  server.RaftServerConfigKeys (ConfUtils.java:logGet(43)) - raft.server.log.queue.byte-limit = 2147483647 (custom)
2019-11-01 01:12:40,439 [pool-27-thread-1] INFO  server.RaftServerConfigKeys (ConfUtils.java:logGet(43)) - raft.server.log.queue.element-limit = 1024 (custom)
2019-11-01 01:12:40,440 [pool-27-thread-1] INFO  server.RaftServerConfigKeys (ConfUtils.java:logGet(43)) - raft.server.log.segment.size.max = 1048576 (custom)
2019-11-01 01:12:40,440 [pool-27-thread-1] INFO  server.RaftServerConfigKeys (ConfUtils.java:logGet(43)) - raft.server.log.preallocated.size = 16384 (custom)
2019-11-01 01:12:40,440 [pool-27-thread-1] INFO  server.RaftServerConfigKeys (ConfUtils.java:logGet(43)) - raft.server.log.write.buffer.size = 33554432 (custom)
2019-11-01 01:12:40,440 [pool-27-thread-1] INFO  server.RaftServerConfigKeys (ConfUtils.java:logGet(43)) - raft.server.log.force.sync.num = 128 (default)
2019-11-01 01:12:40,440 [pool-27-thread-1] INFO  server.RaftServerConfigKeys (ConfUtils.java:logGet(43)) - raft.server.log.statemachine.data.sync = true (default)
2019-11-01 01:12:40,441 [pool-27-thread-1] INFO  server.RaftServerConfigKeys (ConfUtils.java:logGet(43)) - raft.server.log.statemachine.data.sync.timeout = 10s (default)
2019-11-01 01:12:40,441 [pool-27-thread-1] INFO  server.RaftServerConfigKeys (ConfUtils.java:logGet(43)) - raft.server.log.statemachine.data.sync.timeout.retry = -1 (default)
2019-11-01 01:12:40,441 [pool-27-thread-1] INFO  server.RaftServerConfigKeys (ConfUtils.java:logGet(43)) - raft.server.log.statemachine.data.caching.enabled = true (custom)
2019-11-01 01:12:40,442 [pool-27-thread-1] INFO  segmented.SegmentedRaftLogWorker (SegmentedRaftLogWorker.java:lambda$new$0(128)) - f0e69bc2-b789-4d66-87b3-68450bbfadd1@group-0A73748CE663-SegmentedRaftLogWorker: flushIndex: setUnconditionally 0 -> -1
2019-11-01 01:12:40,442 [pool-27-thread-1] INFO  server.RaftServerConfigKeys (ConfUtils.java:logGet(43)) - raft.server.snapshot.auto.trigger.enabled = true (custom)
2019-11-01 01:12:40,442 [pool-27-thread-1] INFO  server.RaftServerConfigKeys (ConfUtils.java:logGet(43)) - raft.server.snapshot.auto.trigger.threshold = 10000 (custom)
2019-11-01 01:12:40,443 [pool-27-thread-1] INFO  server.RaftServerConfigKeys (ConfUtils.java:logGet(43)) - raft.server.snapshot.retention.file.num = 5 (custom)
2019-11-01 01:12:40,443 [pool-27-thread-1] INFO  server.RaftServerConfigKeys (ConfUtils.java:logGet(43)) - raft.server.retrycache.expirytime = 600000ms (custom)
2019-11-01 01:12:40,443 [pool-27-thread-1] WARN  impl.MetricRegistriesImpl (MetricRegistriesImpl.java:lambda$create$1(61)) - First MetricRegistry has been created without registering reporters. You may need to call MetricRegistries.global().addReportRegistration(...) before.
2019-11-01 01:12:40,443 [pool-27-thread-1] WARN  impl.MetricRegistriesImpl (MetricRegistriesImpl.java:lambda$create$1(61)) - First MetricRegistry has been created without registering reporters. You may need to call MetricRegistries.global().addReportRegistration(...) before.
2019-11-01 01:12:40,445 [pool-27-thread-1] INFO  impl.RaftServerImpl (RaftServerImpl.java:<init>(98)) - f0e69bc2-b789-4d66-87b3-68450bbfadd1: new RaftServerImpl for group-45DC7F372F17:[f0e69bc2-b789-4d66-87b3-68450bbfadd1:192.168.157.211:45838] with ContainerStateMachine:uninitialized
2019-11-01 01:12:40,446 [pool-27-thread-1] INFO  server.RaftServerConfigKeys (ConfUtils.java:logGet(43)) - raft.server.rpc.timeout.min = 5s (custom)
2019-11-01 01:12:40,446 [pool-27-thread-1] INFO  server.RaftServerConfigKeys (ConfUtils.java:logGet(43)) - raft.server.rpc.timeout.max = 5200ms (custom)
2019-11-01 01:12:40,446 [pool-27-thread-1] INFO  server.RaftServerConfigKeys (ConfUtils.java:logGet(43)) - raft.server.rpcslowness.timeout = 120s (custom)
2019-11-01 01:12:40,446 [pool-27-thread-1] INFO  server.RaftServerConfigKeys (ConfUtils.java:logGet(43)) - raft.server.sleep.deviation.threshold = 300 (default)
2019-11-01 01:12:40,446 [pool-27-thread-1] INFO  server.RaftServerConfigKeys (ConfUtils.java:logGet(43)) - raft.server.log.appender.install.snapshot.enabled = false (custom)
2019-11-01 01:12:40,447 [pool-27-thread-1] INFO  impl.RaftServerImpl (ServerState.java:<init>(103)) - f0e69bc2-b789-4d66-87b3-68450bbfadd1@group-45DC7F372F17: ConfigurationManager, init=-1: [f0e69bc2-b789-4d66-87b3-68450bbfadd1:192.168.157.211:45838], old=null, confs=<EMPTY_MAP>
2019-11-01 01:12:40,447 [pool-27-thread-1] INFO  server.RaftServerConfigKeys (ConfUtils.java:logGet(43)) - raft.server.storage.dir = [/workdir/hadoop-ozone/tools/target/test-dir/MiniOzoneClusterImpl-7858d707-e611-49d6-9f20-09fa29eef7b7/datanode-0/data/ratis] (custom)
2019-11-01 01:12:40,447 [pool-27-thread-1] INFO  server.RaftServerConfigKeys (ConfUtils.java:logGet(43)) - raft.server.log.corruption.policy = EXCEPTION (default)
2019-11-01 01:12:40,447 [pool-27-thread-1] INFO  storage.RaftStorageDirectory (RaftStorageDirectory.java:analyzeStorage(246)) - The storage directory /workdir/hadoop-ozone/tools/target/test-dir/MiniOzoneClusterImpl-7858d707-e611-49d6-9f20-09fa29eef7b7/datanode-0/data/ratis/3c2ed16f-3123-4891-af55-45dc7f372f17 does not exist. Creating ...
2019-11-01 01:12:40,591 [pool-57-thread-1] INFO  storage.RaftStorageDirectory (RaftStorageDirectory.java:tryLock(328)) - Lock on /workdir/hadoop-ozone/tools/target/test-dir/MiniOzoneClusterImpl-7858d707-e611-49d6-9f20-09fa29eef7b7/datanode-3/data/ratis/a1585c84-a6de-4ace-99b7-c1642148d20b/in_use.lock acquired by nodename 22876@pr-hdds-2364-master-k27gz-2975546514
2019-11-01 01:12:40,591 [pool-47-thread-1] INFO  storage.RaftStorageDirectory (RaftStorageDirectory.java:tryLock(328)) - Lock on /workdir/hadoop-ozone/tools/target/test-dir/MiniOzoneClusterImpl-7858d707-e611-49d6-9f20-09fa29eef7b7/datanode-2/data/ratis/a1585c84-a6de-4ace-99b7-c1642148d20b/in_use.lock acquired by nodename 22876@pr-hdds-2364-master-k27gz-2975546514
 0.00% |?                                                                                                    |  0/1 Time: 0:00:08 0.00% |?                                                                                                    |  0/1 Time: 0:00:092019-11-01 01:12:42,528 [pool-27-thread-1] INFO  storage.RaftStorageDirectory (RaftStorageDirectory.java:tryLock(328)) - Lock on /workdir/hadoop-ozone/tools/target/test-dir/MiniOzoneClusterImpl-7858d707-e611-49d6-9f20-09fa29eef7b7/datanode-0/data/ratis/3c2ed16f-3123-4891-af55-45dc7f372f17/in_use.lock acquired by nodename 22876@pr-hdds-2364-master-k27gz-2975546514
 0.00% |?                                                                                                    |  0/1 Time: 0:00:102019-11-01 01:12:43,079 [RATISCREATEPIPELINE1] ERROR pipeline.RatisPipelineProvider (RatisPipelineProvider.java:lambda$null$5(237)) - Failed invoke Ratis rpc org.apache.hadoop.hdds.scm.pipeline.RatisPipelineProvider$$Lambda$196/1409674311@656fc486 for 51058dee-2090-47d5-a97d-c0799d97638e
org.apache.ratis.protocol.TimeoutIOException: deadline exceeded after 2995468074ns
	at org.apache.ratis.grpc.GrpcUtil.tryUnwrapException(GrpcUtil.java:82)
	at org.apache.ratis.grpc.GrpcUtil.unwrapException(GrpcUtil.java:75)
	at org.apache.ratis.grpc.client.GrpcClientProtocolClient.blockingCall(GrpcClientProtocolClient.java:184)
	at org.apache.ratis.grpc.client.GrpcClientProtocolClient.groupAdd(GrpcClientProtocolClient.java:153)
	at org.apache.ratis.grpc.client.GrpcClientRpc.sendRequest(GrpcClientRpc.java:94)
	at org.apache.ratis.client.impl.RaftClientImpl.sendRequest(RaftClientImpl.java:278)
	at org.apache.ratis.client.impl.RaftClientImpl.groupAdd(RaftClientImpl.java:205)
	at org.apache.hadoop.hdds.scm.pipeline.RatisPipelineProvider.lambda$initializePipeline$4(RatisPipelineProvider.java:198)
	at org.apache.hadoop.hdds.scm.pipeline.RatisPipelineProvider.lambda$null$5(RatisPipelineProvider.java:233)
	at java.util.stream.ForEachOps$ForEachOp$OfRef.accept(ForEachOps.java:183)
	at java.util.ArrayList$ArrayListSpliterator.forEachRemaining(ArrayList.java:1382)
	at java.util.stream.AbstractPipeline.copyInto(AbstractPipeline.java:482)
	at java.util.stream.ForEachOps$ForEachTask.compute(ForEachOps.java:290)
	at java.util.concurrent.CountedCompleter.exec(CountedCompleter.java:731)
	at java.util.concurrent.ForkJoinTask.doExec(ForkJoinTask.java:289)
	at java.util.concurrent.ForkJoinTask.doInvoke(ForkJoinTask.java:401)
	at java.util.concurrent.ForkJoinTask.invoke(ForkJoinTask.java:734)
	at java.util.stream.ForEachOps$ForEachOp.evaluateParallel(ForEachOps.java:159)
	at java.util.stream.ForEachOps$ForEachOp$OfRef.evaluateParallel(ForEachOps.java:173)
	at java.util.stream.AbstractPipeline.evaluate(AbstractPipeline.java:233)
	at java.util.stream.ReferencePipeline.forEach(ReferencePipeline.java:485)
	at java.util.stream.ReferencePipeline$Head.forEach(ReferencePipeline.java:650)
	at org.apache.hadoop.hdds.scm.pipeline.RatisPipelineProvider.lambda$callRatisRpc$6(RatisPipelineProvider.java:227)
	at java.util.concurrent.ForkJoinTask$AdaptedRunnableAction.exec(ForkJoinTask.java:1386)
	at java.util.concurrent.ForkJoinTask.doExec(ForkJoinTask.java:289)
	at java.util.concurrent.ForkJoinPool$WorkQueue.runTask(ForkJoinPool.java:1056)
	at java.util.concurrent.ForkJoinPool.runWorker(ForkJoinPool.java:1692)
	at java.util.concurrent.ForkJoinWorkerThread.run(ForkJoinWorkerThread.java:157)
Caused by: org.apache.ratis.thirdparty.io.grpc.StatusRuntimeException: DEADLINE_EXCEEDED: deadline exceeded after 2995468074ns
	at org.apache.ratis.thirdparty.io.grpc.stub.ClientCalls.toStatusRuntimeException(ClientCalls.java:233)
	at org.apache.ratis.thirdparty.io.grpc.stub.ClientCalls.getUnchecked(ClientCalls.java:214)
	at org.apache.ratis.thirdparty.io.grpc.stub.ClientCalls.blockingUnaryCall(ClientCalls.java:139)
	at org.apache.ratis.proto.grpc.AdminProtocolServiceGrpc$AdminProtocolServiceBlockingStub.groupManagement(AdminProtocolServiceGrpc.java:274)
	at org.apache.ratis.grpc.client.GrpcClientProtocolClient.lambda$groupAdd$3(GrpcClientProtocolClient.java:155)
	at org.apache.ratis.grpc.client.GrpcClientProtocolClient.blockingCall(GrpcClientProtocolClient.java:182)
	... 25 more
2019-11-01 01:12:43,080 [RATISCREATEPIPELINE2] ERROR pipeline.RatisPipelineProvider (RatisPipelineProvider.java:lambda$null$5(237)) - Failed invoke Ratis rpc org.apache.hadoop.hdds.scm.pipeline.RatisPipelineProvider$$Lambda$196/1409674311@656fc486 for b0d7b968-1d99-44d0-9f45-0cc9cf357355
org.apache.ratis.protocol.TimeoutIOException: deadline exceeded after 2999551911ns
	at org.apache.ratis.grpc.GrpcUtil.tryUnwrapException(GrpcUtil.java:82)
	at org.apache.ratis.grpc.GrpcUtil.unwrapException(GrpcUtil.java:75)
	at org.apache.ratis.grpc.client.GrpcClientProtocolClient.blockingCall(GrpcClientProtocolClient.java:184)
	at org.apache.ratis.grpc.client.GrpcClientProtocolClient.groupAdd(GrpcClientProtocolClient.java:153)
	at org.apache.ratis.grpc.client.GrpcClientRpc.sendRequest(GrpcClientRpc.java:94)
	at org.apache.ratis.client.impl.RaftClientImpl.sendRequest(RaftClientImpl.java:278)
	at org.apache.ratis.client.impl.RaftClientImpl.groupAdd(RaftClientImpl.java:205)
	at org.apache.hadoop.hdds.scm.pipeline.RatisPipelineProvider.lambda$initializePipeline$4(RatisPipelineProvider.java:198)
	at org.apache.hadoop.hdds.scm.pipeline.RatisPipelineProvider.lambda$null$5(RatisPipelineProvider.java:233)
	at java.util.stream.ForEachOps$ForEachOp$OfRef.accept(ForEachOps.java:183)
	at java.util.ArrayList$ArrayListSpliterator.forEachRemaining(ArrayList.java:1382)
	at java.util.stream.AbstractPipeline.copyInto(AbstractPipeline.java:482)
	at java.util.stream.ForEachOps$ForEachTask.compute(ForEachOps.java:290)
	at java.util.concurrent.CountedCompleter.exec(CountedCompleter.java:731)
	at java.util.concurrent.ForkJoinTask.doExec(ForkJoinTask.java:289)
	at java.util.concurrent.ForkJoinPool$WorkQueue.runTask(ForkJoinPool.java:1056)
	at java.util.concurrent.ForkJoinPool.runWorker(ForkJoinPool.java:1692)
	at java.util.concurrent.ForkJoinWorkerThread.run(ForkJoinWorkerThread.java:157)
Caused by: org.apache.ratis.thirdparty.io.grpc.StatusRuntimeException: DEADLINE_EXCEEDED: deadline exceeded after 2999551911ns
	at org.apache.ratis.thirdparty.io.grpc.stub.ClientCalls.toStatusRuntimeException(ClientCalls.java:233)
	at org.apache.ratis.thirdparty.io.grpc.stub.ClientCalls.getUnchecked(ClientCalls.java:214)
	at org.apache.ratis.thirdparty.io.grpc.stub.ClientCalls.blockingUnaryCall(ClientCalls.java:139)
	at org.apache.ratis.proto.grpc.AdminProtocolServiceGrpc$AdminProtocolServiceBlockingStub.groupManagement(AdminProtocolServiceGrpc.java:274)
	at org.apache.ratis.grpc.client.GrpcClientProtocolClient.lambda$groupAdd$3(GrpcClientProtocolClient.java:155)
	at org.apache.ratis.grpc.client.GrpcClientProtocolClient.blockingCall(GrpcClientProtocolClient.java:182)
	... 15 more
2019-11-01 01:12:43,079 [RATISCREATEPIPELINE3] ERROR pipeline.RatisPipelineProvider (RatisPipelineProvider.java:lambda$null$5(237)) - Failed invoke Ratis rpc org.apache.hadoop.hdds.scm.pipeline.RatisPipelineProvider$$Lambda$196/1409674311@656fc486 for f0e69bc2-b789-4d66-87b3-68450bbfadd1
org.apache.ratis.protocol.TimeoutIOException: deadline exceeded after 2995436162ns
	at org.apache.ratis.grpc.GrpcUtil.tryUnwrapException(GrpcUtil.java:82)
	at org.apache.ratis.grpc.GrpcUtil.unwrapException(GrpcUtil.java:75)
	at org.apache.ratis.grpc.client.GrpcClientProtocolClient.blockingCall(GrpcClientProtocolClient.java:184)
	at org.apache.ratis.grpc.client.GrpcClientProtocolClient.groupAdd(GrpcClientProtocolClient.java:153)
	at org.apache.ratis.grpc.client.GrpcClientRpc.sendRequest(GrpcClientRpc.java:94)
	at org.apache.ratis.client.impl.RaftClientImpl.sendRequest(RaftClientImpl.java:278)
	at org.apache.ratis.client.impl.RaftClientImpl.groupAdd(RaftClientImpl.java:205)
	at org.apache.hadoop.hdds.scm.pipeline.RatisPipelineProvider.lambda$initializePipeline$4(RatisPipelineProvider.java:198)
	at org.apache.hadoop.hdds.scm.pipeline.RatisPipelineProvider.lambda$null$5(RatisPipelineProvider.java:233)
	at java.util.stream.ForEachOps$ForEachOp$OfRef.accept(ForEachOps.java:183)
	at java.util.ArrayList$ArrayListSpliterator.forEachRemaining(ArrayList.java:1382)
	at java.util.stream.AbstractPipeline.copyInto(AbstractPipeline.java:482)
	at java.util.stream.ForEachOps$ForEachTask.compute(ForEachOps.java:290)
	at java.util.concurrent.CountedCompleter.exec(CountedCompleter.java:731)
	at java.util.concurrent.ForkJoinTask.doExec(ForkJoinTask.java:289)
	at java.util.concurrent.ForkJoinPool$WorkQueue.runTask(ForkJoinPool.java:1056)
	at java.util.concurrent.ForkJoinPool.runWorker(ForkJoinPool.java:1692)
	at java.util.concurrent.ForkJoinWorkerThread.run(ForkJoinWorkerThread.java:157)
Caused by: org.apache.ratis.thirdparty.io.grpc.StatusRuntimeException: DEADLINE_EXCEEDED: deadline exceeded after 2995436162ns
	at org.apache.ratis.thirdparty.io.grpc.stub.ClientCalls.toStatusRuntimeException(ClientCalls.java:233)
	at org.apache.ratis.thirdparty.io.grpc.stub.ClientCalls.getUnchecked(ClientCalls.java:214)
	at org.apache.ratis.thirdparty.io.grpc.stub.ClientCalls.blockingUnaryCall(ClientCalls.java:139)
	at org.apache.ratis.proto.grpc.AdminProtocolServiceGrpc$AdminProtocolServiceBlockingStub.groupManagement(AdminProtocolServiceGrpc.java:274)
	at org.apache.ratis.grpc.client.GrpcClientProtocolClient.lambda$groupAdd$3(GrpcClientProtocolClient.java:155)
	at org.apache.ratis.grpc.client.GrpcClientProtocolClient.blockingCall(GrpcClientProtocolClient.java:182)
	... 15 more
2019-11-01 01:12:43,106 [grpc-default-executor-0] INFO  impl.RaftServerProxy (RaftServerProxy.java:addNew(89)) - b0d7b968-1d99-44d0-9f45-0cc9cf357355: addNew group-ADD962C510C7:[51058dee-2090-47d5-a97d-c0799d97638e:192.168.157.211:34007, f0e69bc2-b789-4d66-87b3-68450bbfadd1:192.168.157.211:45838, b0d7b968-1d99-44d0-9f45-0cc9cf357355:192.168.157.211:34108] returns group-ADD962C510C7:java.util.concurrent.CompletableFuture@6f38982[Not completed]
2019-11-01 01:12:43,106 [grpc-default-executor-2] INFO  impl.RaftServerProxy (RaftServerProxy.java:addNew(89)) - 51058dee-2090-47d5-a97d-c0799d97638e: addNew group-ADD962C510C7:[51058dee-2090-47d5-a97d-c0799d97638e:192.168.157.211:34007, f0e69bc2-b789-4d66-87b3-68450bbfadd1:192.168.157.211:45838, b0d7b968-1d99-44d0-9f45-0cc9cf357355:192.168.157.211:34108] returns group-ADD962C510C7:java.util.concurrent.CompletableFuture@cc006b8[Not completed]
2019-11-01 01:12:43,107 [grpc-default-executor-3] INFO  impl.RaftServerProxy (RaftServerProxy.java:addNew(89)) - f0e69bc2-b789-4d66-87b3-68450bbfadd1: addNew group-ADD962C510C7:[51058dee-2090-47d5-a97d-c0799d97638e:192.168.157.211:34007, f0e69bc2-b789-4d66-87b3-68450bbfadd1:192.168.157.211:45838, b0d7b968-1d99-44d0-9f45-0cc9cf357355:192.168.157.211:34108] returns group-ADD962C510C7:java.util.concurrent.CompletableFuture@74716226[Not completed]
2019-11-01 01:12:43,379 [pool-57-thread-1] INFO  storage.RaftStorage (RaftStorage.java:format(84)) - Storage directory /workdir/hadoop-ozone/tools/target/test-dir/MiniOzoneClusterImpl-7858d707-e611-49d6-9f20-09fa29eef7b7/datanode-3/data/ratis/a1585c84-a6de-4ace-99b7-c1642148d20b has been successfully formatted.
2019-11-01 01:12:43,379 [pool-47-thread-1] INFO  storage.RaftStorage (RaftStorage.java:format(84)) - Storage directory /workdir/hadoop-ozone/tools/target/test-dir/MiniOzoneClusterImpl-7858d707-e611-49d6-9f20-09fa29eef7b7/datanode-2/data/ratis/a1585c84-a6de-4ace-99b7-c1642148d20b has been successfully formatted.
2019-11-01 01:12:43,379 [pool-57-thread-1] INFO  ratis.ContainerStateMachine (ContainerStateMachine.java:loadSnapshot(231)) - group-C1642148D20B: The snapshot info is null. Setting the last applied indexto:(t:0, i:~)
2019-11-01 01:12:43,379 [pool-47-thread-1] INFO  ratis.ContainerStateMachine (ContainerStateMachine.java:loadSnapshot(231)) - group-C1642148D20B: The snapshot info is null. Setting the last applied indexto:(t:0, i:~)
2019-11-01 01:12:43,380 [pool-57-thread-1] INFO  server.RaftServerConfigKeys (ConfUtils.java:logGet(43)) - raft.server.notification.no-leader.timeout = 120s (custom)
2019-11-01 01:12:43,380 [pool-47-thread-1] INFO  server.RaftServerConfigKeys (ConfUtils.java:logGet(43)) - raft.server.notification.no-leader.timeout = 120s (custom)
2019-11-01 01:12:43,380 [pool-57-thread-1] INFO  server.RaftServerConfigKeys (ConfUtils.java:logGet(43)) - raft.server.log.use.memory = false (default)
2019-11-01 01:12:43,380 [pool-47-thread-1] INFO  server.RaftServerConfigKeys (ConfUtils.java:logGet(43)) - raft.server.log.use.memory = false (default)
2019-11-01 01:12:43,380 [pool-57-thread-1] INFO  server.RaftServerConfigKeys (ConfUtils.java:logGet(43)) - raft.server.log.purge.gap = 1000000 (custom)
2019-11-01 01:12:43,380 [pool-47-thread-1] INFO  server.RaftServerConfigKeys (ConfUtils.java:logGet(43)) - raft.server.log.purge.gap = 1000000 (custom)
2019-11-01 01:12:43,380 [pool-57-thread-1] INFO  server.RaftServerConfigKeys (ConfUtils.java:logGet(43)) - raft.server.log.appender.buffer.byte-limit = 33554432 (custom)
2019-11-01 01:12:43,381 [pool-47-thread-1] INFO  server.RaftServerConfigKeys (ConfUtils.java:logGet(43)) - raft.server.log.appender.buffer.byte-limit = 33554432 (custom)
2019-11-01 01:12:43,381 [pool-57-thread-1] INFO  server.RaftServerConfigKeys (ConfUtils.java:logGet(43)) - raft.server.log.segment.size.max = 1048576 (custom)
2019-11-01 01:12:43,381 [pool-47-thread-1] INFO  server.RaftServerConfigKeys (ConfUtils.java:logGet(43)) - raft.server.log.segment.size.max = 1048576 (custom)
2019-11-01 01:12:43,381 [pool-57-thread-1] INFO  server.RaftServerConfigKeys (ConfUtils.java:logGet(43)) - raft.server.log.segment.cache.num.max = 2 (custom)
2019-11-01 01:12:43,381 [pool-47-thread-1] INFO  server.RaftServerConfigKeys (ConfUtils.java:logGet(43)) - raft.server.log.segment.cache.num.max = 2 (custom)
2019-11-01 01:12:43,381 [pool-57-thread-1] INFO  segmented.SegmentedRaftLogWorker (SegmentedRaftLogWorker.java:<init>(173)) - new 51058dee-2090-47d5-a97d-c0799d97638e@group-C1642148D20B-SegmentedRaftLogWorker for RaftStorage:Storage Directory /workdir/hadoop-ozone/tools/target/test-dir/MiniOzoneClusterImpl-7858d707-e611-49d6-9f20-09fa29eef7b7/datanode-3/data/ratis/a1585c84-a6de-4ace-99b7-c1642148d20b
2019-11-01 01:12:43,382 [pool-47-thread-1] INFO  segmented.SegmentedRaftLogWorker (SegmentedRaftLogWorker.java:<init>(173)) - new b0d7b968-1d99-44d0-9f45-0cc9cf357355@group-C1642148D20B-SegmentedRaftLogWorker for RaftStorage:Storage Directory /workdir/hadoop-ozone/tools/target/test-dir/MiniOzoneClusterImpl-7858d707-e611-49d6-9f20-09fa29eef7b7/datanode-2/data/ratis/a1585c84-a6de-4ace-99b7-c1642148d20b
2019-11-01 01:12:43,382 [pool-57-thread-1] INFO  server.RaftServerConfigKeys (ConfUtils.java:logGet(43)) - raft.server.log.queue.byte-limit = 2147483647 (custom)
2019-11-01 01:12:43,382 [pool-47-thread-1] INFO  server.RaftServerConfigKeys (ConfUtils.java:logGet(43)) - raft.server.log.queue.byte-limit = 2147483647 (custom)
2019-11-01 01:12:43,382 [pool-57-thread-1] INFO  server.RaftServerConfigKeys (ConfUtils.java:logGet(43)) - raft.server.log.queue.element-limit = 1024 (custom)
2019-11-01 01:12:43,382 [pool-47-thread-1] INFO  server.RaftServerConfigKeys (ConfUtils.java:logGet(43)) - raft.server.log.queue.element-limit = 1024 (custom)
2019-11-01 01:12:43,382 [pool-57-thread-1] INFO  server.RaftServerConfigKeys (ConfUtils.java:logGet(43)) - raft.server.log.segment.size.max = 1048576 (custom)
2019-11-01 01:12:43,383 [pool-47-thread-1] INFO  server.RaftServerConfigKeys (ConfUtils.java:logGet(43)) - raft.server.log.segment.size.max = 1048576 (custom)
2019-11-01 01:12:43,383 [pool-57-thread-1] INFO  server.RaftServerConfigKeys (ConfUtils.java:logGet(43)) - raft.server.log.preallocated.size = 16384 (custom)
2019-11-01 01:12:43,383 [pool-47-thread-1] INFO  server.RaftServerConfigKeys (ConfUtils.java:logGet(43)) - raft.server.log.preallocated.size = 16384 (custom)
2019-11-01 01:12:43,383 [pool-57-thread-1] INFO  server.RaftServerConfigKeys (ConfUtils.java:logGet(43)) - raft.server.log.write.buffer.size = 33554432 (custom)
2019-11-01 01:12:43,383 [pool-47-thread-1] INFO  server.RaftServerConfigKeys (ConfUtils.java:logGet(43)) - raft.server.log.write.buffer.size = 33554432 (custom)
2019-11-01 01:12:43,383 [pool-57-thread-1] INFO  server.RaftServerConfigKeys (ConfUtils.java:logGet(43)) - raft.server.log.force.sync.num = 128 (default)
2019-11-01 01:12:43,383 [pool-47-thread-1] INFO  server.RaftServerConfigKeys (ConfUtils.java:logGet(43)) - raft.server.log.force.sync.num = 128 (default)
2019-11-01 01:12:43,384 [pool-57-thread-1] INFO  server.RaftServerConfigKeys (ConfUtils.java:logGet(43)) - raft.server.log.statemachine.data.sync = true (default)
2019-11-01 01:12:43,384 [pool-47-thread-1] INFO  server.RaftServerConfigKeys (ConfUtils.java:logGet(43)) - raft.server.log.statemachine.data.sync = true (default)
2019-11-01 01:12:43,384 [pool-57-thread-1] INFO  server.RaftServerConfigKeys (ConfUtils.java:logGet(43)) - raft.server.log.statemachine.data.sync.timeout = 10s (default)
2019-11-01 01:12:43,384 [pool-47-thread-1] INFO  server.RaftServerConfigKeys (ConfUtils.java:logGet(43)) - raft.server.log.statemachine.data.sync.timeout = 10s (default)
2019-11-01 01:12:43,384 [pool-57-thread-1] INFO  server.RaftServerConfigKeys (ConfUtils.java:logGet(43)) - raft.server.log.statemachine.data.sync.timeout.retry = -1 (default)
2019-11-01 01:12:43,384 [pool-47-thread-1] INFO  server.RaftServerConfigKeys (ConfUtils.java:logGet(43)) - raft.server.log.statemachine.data.sync.timeout.retry = -1 (default)
2019-11-01 01:12:43,385 [pool-57-thread-1] INFO  server.RaftServerConfigKeys (ConfUtils.java:logGet(43)) - raft.server.log.statemachine.data.caching.enabled = true (custom)
2019-11-01 01:12:43,385 [pool-47-thread-1] INFO  server.RaftServerConfigKeys (ConfUtils.java:logGet(43)) - raft.server.log.statemachine.data.caching.enabled = true (custom)
2019-11-01 01:12:43,385 [pool-57-thread-1] INFO  segmented.SegmentedRaftLogWorker (SegmentedRaftLogWorker.java:lambda$new$0(128)) - 51058dee-2090-47d5-a97d-c0799d97638e@group-C1642148D20B-SegmentedRaftLogWorker: flushIndex: setUnconditionally 0 -> -1
2019-11-01 01:12:43,385 [pool-47-thread-1] INFO  segmented.SegmentedRaftLogWorker (SegmentedRaftLogWorker.java:lambda$new$0(128)) - b0d7b968-1d99-44d0-9f45-0cc9cf357355@group-C1642148D20B-SegmentedRaftLogWorker: flushIndex: setUnconditionally 0 -> -1
2019-11-01 01:12:43,386 [pool-57-thread-1] INFO  server.RaftServerConfigKeys (ConfUtils.java:logGet(43)) - raft.server.snapshot.auto.trigger.enabled = true (custom)
2019-11-01 01:12:43,386 [pool-47-thread-1] INFO  server.RaftServerConfigKeys (ConfUtils.java:logGet(43)) - raft.server.snapshot.auto.trigger.enabled = true (custom)
2019-11-01 01:12:43,386 [pool-57-thread-1] INFO  server.RaftServerConfigKeys (ConfUtils.java:logGet(43)) - raft.server.snapshot.auto.trigger.threshold = 10000 (custom)
2019-11-01 01:12:43,386 [pool-47-thread-1] INFO  server.RaftServerConfigKeys (ConfUtils.java:logGet(43)) - raft.server.snapshot.auto.trigger.threshold = 10000 (custom)
2019-11-01 01:12:43,386 [pool-57-thread-1] INFO  server.RaftServerConfigKeys (ConfUtils.java:logGet(43)) - raft.server.snapshot.retention.file.num = 5 (custom)
2019-11-01 01:12:43,386 [pool-47-thread-1] INFO  server.RaftServerConfigKeys (ConfUtils.java:logGet(43)) - raft.server.snapshot.retention.file.num = 5 (custom)
2019-11-01 01:12:43,387 [pool-57-thread-1] INFO  server.RaftServerConfigKeys (ConfUtils.java:logGet(43)) - raft.server.retrycache.expirytime = 600000ms (custom)
2019-11-01 01:12:43,387 [pool-47-thread-1] INFO  server.RaftServerConfigKeys (ConfUtils.java:logGet(43)) - raft.server.retrycache.expirytime = 600000ms (custom)
2019-11-01 01:12:43,387 [pool-57-thread-1] WARN  impl.MetricRegistriesImpl (MetricRegistriesImpl.java:lambda$create$1(61)) - First MetricRegistry has been created without registering reporters. You may need to call MetricRegistries.global().addReportRegistration(...) before.
2019-11-01 01:12:43,387 [pool-47-thread-1] WARN  impl.MetricRegistriesImpl (MetricRegistriesImpl.java:lambda$create$1(61)) - First MetricRegistry has been created without registering reporters. You may need to call MetricRegistries.global().addReportRegistration(...) before.
2019-11-01 01:12:43,387 [pool-57-thread-1] WARN  impl.MetricRegistriesImpl (MetricRegistriesImpl.java:lambda$create$1(61)) - First MetricRegistry has been created without registering reporters. You may need to call MetricRegistries.global().addReportRegistration(...) before.
2019-11-01 01:12:43,387 [pool-47-thread-1] WARN  impl.MetricRegistriesImpl (MetricRegistriesImpl.java:lambda$create$1(61)) - First MetricRegistry has been created without registering reporters. You may need to call MetricRegistries.global().addReportRegistration(...) before.
2019-11-01 01:12:43,391 [pool-47-thread-1] INFO  impl.RaftServerImpl (RaftServerImpl.java:<init>(98)) - b0d7b968-1d99-44d0-9f45-0cc9cf357355: new RaftServerImpl for group-ADD962C510C7:[51058dee-2090-47d5-a97d-c0799d97638e:192.168.157.211:34007, f0e69bc2-b789-4d66-87b3-68450bbfadd1:192.168.157.211:45838, b0d7b968-1d99-44d0-9f45-0cc9cf357355:192.168.157.211:34108] with ContainerStateMachine:uninitialized
2019-11-01 01:12:43,391 [pool-47-thread-1] INFO  server.RaftServerConfigKeys (ConfUtils.java:logGet(43)) - raft.server.rpc.timeout.min = 5s (custom)
2019-11-01 01:12:43,391 [pool-47-thread-1] INFO  server.RaftServerConfigKeys (ConfUtils.java:logGet(43)) - raft.server.rpc.timeout.max = 5200ms (custom)
2019-11-01 01:12:43,391 [pool-47-thread-1] INFO  server.RaftServerConfigKeys (ConfUtils.java:logGet(43)) - raft.server.rpcslowness.timeout = 120s (custom)
2019-11-01 01:12:43,391 [pool-47-thread-1] INFO  server.RaftServerConfigKeys (ConfUtils.java:logGet(43)) - raft.server.sleep.deviation.threshold = 300 (default)
2019-11-01 01:12:43,392 [pool-47-thread-1] INFO  server.RaftServerConfigKeys (ConfUtils.java:logGet(43)) - raft.server.log.appender.install.snapshot.enabled = false (custom)
2019-11-01 01:12:43,392 [pool-47-thread-1] INFO  impl.RaftServerImpl (ServerState.java:<init>(103)) - b0d7b968-1d99-44d0-9f45-0cc9cf357355@group-ADD962C510C7: ConfigurationManager, init=-1: [51058dee-2090-47d5-a97d-c0799d97638e:192.168.157.211:34007, f0e69bc2-b789-4d66-87b3-68450bbfadd1:192.168.157.211:45838, b0d7b968-1d99-44d0-9f45-0cc9cf357355:192.168.157.211:34108], old=null, confs=<EMPTY_MAP>
2019-11-01 01:12:43,392 [pool-57-thread-1] INFO  impl.RaftServerImpl (RaftServerImpl.java:<init>(98)) - 51058dee-2090-47d5-a97d-c0799d97638e: new RaftServerImpl for group-ADD962C510C7:[51058dee-2090-47d5-a97d-c0799d97638e:192.168.157.211:34007, f0e69bc2-b789-4d66-87b3-68450bbfadd1:192.168.157.211:45838, b0d7b968-1d99-44d0-9f45-0cc9cf357355:192.168.157.211:34108] with ContainerStateMachine:uninitialized
2019-11-01 01:12:43,392 [pool-47-thread-1] INFO  server.RaftServerConfigKeys (ConfUtils.java:logGet(43)) - raft.server.storage.dir = [/workdir/hadoop-ozone/tools/target/test-dir/MiniOzoneClusterImpl-7858d707-e611-49d6-9f20-09fa29eef7b7/datanode-2/data/ratis] (custom)
2019-11-01 01:12:43,392 [pool-57-thread-1] INFO  server.RaftServerConfigKeys (ConfUtils.java:logGet(43)) - raft.server.rpc.timeout.min = 5s (custom)
2019-11-01 01:12:43,392 [pool-57-thread-1] INFO  server.RaftServerConfigKeys (ConfUtils.java:logGet(43)) - raft.server.rpc.timeout.max = 5200ms (custom)
2019-11-01 01:12:43,392 [pool-47-thread-1] INFO  server.RaftServerConfigKeys (ConfUtils.java:logGet(43)) - raft.server.log.corruption.policy = EXCEPTION (default)
2019-11-01 01:12:43,393 [pool-57-thread-1] INFO  server.RaftServerConfigKeys (ConfUtils.java:logGet(43)) - raft.server.rpcslowness.timeout = 120s (custom)
2019-11-01 01:12:43,393 [pool-57-thread-1] INFO  server.RaftServerConfigKeys (ConfUtils.java:logGet(43)) - raft.server.sleep.deviation.threshold = 300 (default)
2019-11-01 01:12:43,393 [pool-47-thread-1] INFO  storage.RaftStorageDirectory (RaftStorageDirectory.java:analyzeStorage(246)) - The storage directory /workdir/hadoop-ozone/tools/target/test-dir/MiniOzoneClusterImpl-7858d707-e611-49d6-9f20-09fa29eef7b7/datanode-2/data/ratis/e6bc29a8-66b1-427e-b61a-add962c510c7 does not exist. Creating ...
2019-11-01 01:12:43,393 [pool-57-thread-1] INFO  server.RaftServerConfigKeys (ConfUtils.java:logGet(43)) - raft.server.log.appender.install.snapshot.enabled = false (custom)
2019-11-01 01:12:43,393 [pool-57-thread-1] INFO  impl.RaftServerImpl (ServerState.java:<init>(103)) - 51058dee-2090-47d5-a97d-c0799d97638e@group-ADD962C510C7: ConfigurationManager, init=-1: [51058dee-2090-47d5-a97d-c0799d97638e:192.168.157.211:34007, f0e69bc2-b789-4d66-87b3-68450bbfadd1:192.168.157.211:45838, b0d7b968-1d99-44d0-9f45-0cc9cf357355:192.168.157.211:34108], old=null, confs=<EMPTY_MAP>
2019-11-01 01:12:43,393 [pool-57-thread-1] INFO  server.RaftServerConfigKeys (ConfUtils.java:logGet(43)) - raft.server.storage.dir = [/workdir/hadoop-ozone/tools/target/test-dir/MiniOzoneClusterImpl-7858d707-e611-49d6-9f20-09fa29eef7b7/datanode-3/data/ratis] (custom)
2019-11-01 01:12:43,394 [pool-57-thread-1] INFO  server.RaftServerConfigKeys (ConfUtils.java:logGet(43)) - raft.server.log.corruption.policy = EXCEPTION (default)
2019-11-01 01:12:43,394 [pool-57-thread-1] INFO  storage.RaftStorageDirectory (RaftStorageDirectory.java:analyzeStorage(246)) - The storage directory /workdir/hadoop-ozone/tools/target/test-dir/MiniOzoneClusterImpl-7858d707-e611-49d6-9f20-09fa29eef7b7/datanode-3/data/ratis/e6bc29a8-66b1-427e-b61a-add962c510c7 does not exist. Creating ...
2019-11-01 01:12:43,507 [pool-27-thread-1] INFO  storage.RaftStorage (RaftStorage.java:format(84)) - Storage directory /workdir/hadoop-ozone/tools/target/test-dir/MiniOzoneClusterImpl-7858d707-e611-49d6-9f20-09fa29eef7b7/datanode-0/data/ratis/3c2ed16f-3123-4891-af55-45dc7f372f17 has been successfully formatted.
2019-11-01 01:12:43,508 [pool-27-thread-1] INFO  ratis.ContainerStateMachine (ContainerStateMachine.java:loadSnapshot(231)) - group-45DC7F372F17: The snapshot info is null. Setting the last applied indexto:(t:0, i:~)
2019-11-01 01:12:43,508 [pool-27-thread-1] INFO  server.RaftServerConfigKeys (ConfUtils.java:logGet(43)) - raft.server.notification.no-leader.timeout = 120s (custom)
2019-11-01 01:12:43,508 [pool-27-thread-1] INFO  server.RaftServerConfigKeys (ConfUtils.java:logGet(43)) - raft.server.log.use.memory = false (default)
2019-11-01 01:12:43,508 [pool-27-thread-1] INFO  server.RaftServerConfigKeys (ConfUtils.java:logGet(43)) - raft.server.log.purge.gap = 1000000 (custom)
2019-11-01 01:12:43,508 [pool-27-thread-1] INFO  server.RaftServerConfigKeys (ConfUtils.java:logGet(43)) - raft.server.log.appender.buffer.byte-limit = 33554432 (custom)
2019-11-01 01:12:43,508 [pool-27-thread-1] INFO  server.RaftServerConfigKeys (ConfUtils.java:logGet(43)) - raft.server.log.segment.size.max = 1048576 (custom)
2019-11-01 01:12:43,508 [pool-27-thread-1] INFO  server.RaftServerConfigKeys (ConfUtils.java:logGet(43)) - raft.server.log.segment.cache.num.max = 2 (custom)
2019-11-01 01:12:43,508 [pool-27-thread-1] INFO  segmented.SegmentedRaftLogWorker (SegmentedRaftLogWorker.java:<init>(173)) - new f0e69bc2-b789-4d66-87b3-68450bbfadd1@group-45DC7F372F17-SegmentedRaftLogWorker for RaftStorage:Storage Directory /workdir/hadoop-ozone/tools/target/test-dir/MiniOzoneClusterImpl-7858d707-e611-49d6-9f20-09fa29eef7b7/datanode-0/data/ratis/3c2ed16f-3123-4891-af55-45dc7f372f17
2019-11-01 01:12:43,509 [pool-27-thread-1] INFO  server.RaftServerConfigKeys (ConfUtils.java:logGet(43)) - raft.server.log.queue.byte-limit = 2147483647 (custom)
2019-11-01 01:12:43,509 [pool-27-thread-1] INFO  server.RaftServerConfigKeys (ConfUtils.java:logGet(43)) - raft.server.log.queue.element-limit = 1024 (custom)
2019-11-01 01:12:43,509 [pool-27-thread-1] INFO  server.RaftServerConfigKeys (ConfUtils.java:logGet(43)) - raft.server.log.segment.size.max = 1048576 (custom)
2019-11-01 01:12:43,509 [pool-27-thread-1] INFO  server.RaftServerConfigKeys (ConfUtils.java:logGet(43)) - raft.server.log.preallocated.size = 16384 (custom)
2019-11-01 01:12:43,509 [pool-27-thread-1] INFO  server.RaftServerConfigKeys (ConfUtils.java:logGet(43)) - raft.server.log.write.buffer.size = 33554432 (custom)
2019-11-01 01:12:43,509 [pool-27-thread-1] INFO  server.RaftServerConfigKeys (ConfUtils.java:logGet(43)) - raft.server.log.force.sync.num = 128 (default)
2019-11-01 01:12:43,509 [pool-27-thread-1] INFO  server.RaftServerConfigKeys (ConfUtils.java:logGet(43)) - raft.server.log.statemachine.data.sync = true (default)
2019-11-01 01:12:43,509 [pool-27-thread-1] INFO  server.RaftServerConfigKeys (ConfUtils.java:logGet(43)) - raft.server.log.statemachine.data.sync.timeout = 10s (default)
2019-11-01 01:12:43,509 [pool-27-thread-1] INFO  server.RaftServerConfigKeys (ConfUtils.java:logGet(43)) - raft.server.log.statemachine.data.sync.timeout.retry = -1 (default)
2019-11-01 01:12:43,510 [pool-27-thread-1] INFO  server.RaftServerConfigKeys (ConfUtils.java:logGet(43)) - raft.server.log.statemachine.data.caching.enabled = true (custom)
2019-11-01 01:12:43,510 [pool-27-thread-1] INFO  segmented.SegmentedRaftLogWorker (SegmentedRaftLogWorker.java:lambda$new$0(128)) - f0e69bc2-b789-4d66-87b3-68450bbfadd1@group-45DC7F372F17-SegmentedRaftLogWorker: flushIndex: setUnconditionally 0 -> -1
2019-11-01 01:12:43,510 [pool-27-thread-1] INFO  server.RaftServerConfigKeys (ConfUtils.java:logGet(43)) - raft.server.snapshot.auto.trigger.enabled = true (custom)
2019-11-01 01:12:43,510 [pool-27-thread-1] INFO  server.RaftServerConfigKeys (ConfUtils.java:logGet(43)) - raft.server.snapshot.auto.trigger.threshold = 10000 (custom)
2019-11-01 01:12:43,510 [pool-27-thread-1] INFO  server.RaftServerConfigKeys (ConfUtils.java:logGet(43)) - raft.server.snapshot.retention.file.num = 5 (custom)
2019-11-01 01:12:43,511 [pool-27-thread-1] INFO  server.RaftServerConfigKeys (ConfUtils.java:logGet(43)) - raft.server.retrycache.expirytime = 600000ms (custom)
2019-11-01 01:12:43,511 [pool-27-thread-1] WARN  impl.MetricRegistriesImpl (MetricRegistriesImpl.java:lambda$create$1(61)) - First MetricRegistry has been created without registering reporters. You may need to call MetricRegistries.global().addReportRegistration(...) before.
2019-11-01 01:12:43,511 [pool-27-thread-1] WARN  impl.MetricRegistriesImpl (MetricRegistriesImpl.java:lambda$create$1(61)) - First MetricRegistry has been created without registering reporters. You may need to call MetricRegistries.global().addReportRegistration(...) before.
2019-11-01 01:12:43,511 [pool-27-thread-1] INFO  impl.RaftServerImpl (RaftServerImpl.java:start(184)) - f0e69bc2-b789-4d66-87b3-68450bbfadd1@group-CD47EA837FE9: start as a follower, conf=-1: [f0e69bc2-b789-4d66-87b3-68450bbfadd1:192.168.157.211:45838], old=null
2019-11-01 01:12:43,511 [pool-27-thread-1] INFO  impl.RaftServerImpl (RaftServerImpl.java:setRole(173)) - f0e69bc2-b789-4d66-87b3-68450bbfadd1@group-CD47EA837FE9: changes role from      null to FOLLOWER at term 0 for startAsFollower
2019-11-01 01:12:43,511 [pool-27-thread-1] INFO  impl.RoleInfo (RoleInfo.java:updateAndGet(143)) - f0e69bc2-b789-4d66-87b3-68450bbfadd1: start FollowerState
2019-11-01 01:12:43,512 [pool-27-thread-1] INFO  util.JmxRegister (JmxRegister.java:tryRegister(44)) - Successfully registered JMX Bean with object name Ratis:service=RaftServer,group=group-CD47EA837FE9,id=f0e69bc2-b789-4d66-87b3-68450bbfadd1
2019-11-01 01:12:43,512 [pool-27-thread-1] WARN  impl.MetricRegistriesImpl (MetricRegistriesImpl.java:lambda$create$1(61)) - First MetricRegistry has been created without registering reporters. You may need to call MetricRegistries.global().addReportRegistration(...) before.
2019-11-01 01:12:43,513 [pool-27-thread-1] INFO  impl.RaftServerImpl (RaftServerImpl.java:<init>(98)) - f0e69bc2-b789-4d66-87b3-68450bbfadd1: new RaftServerImpl for group-C1642148D20B:[51058dee-2090-47d5-a97d-c0799d97638e:192.168.157.211:34007, f0e69bc2-b789-4d66-87b3-68450bbfadd1:192.168.157.211:45838, b0d7b968-1d99-44d0-9f45-0cc9cf357355:192.168.157.211:34108] with ContainerStateMachine:uninitialized
2019-11-01 01:12:43,514 [pool-27-thread-1] INFO  server.RaftServerConfigKeys (ConfUtils.java:logGet(43)) - raft.server.rpc.timeout.min = 5s (custom)
2019-11-01 01:12:43,514 [pool-27-thread-1] INFO  server.RaftServerConfigKeys (ConfUtils.java:logGet(43)) - raft.server.rpc.timeout.max = 5200ms (custom)
2019-11-01 01:12:43,514 [pool-27-thread-1] INFO  server.RaftServerConfigKeys (ConfUtils.java:logGet(43)) - raft.server.rpcslowness.timeout = 120s (custom)
2019-11-01 01:12:43,514 [pool-27-thread-1] INFO  server.RaftServerConfigKeys (ConfUtils.java:logGet(43)) - raft.server.sleep.deviation.threshold = 300 (default)
2019-11-01 01:12:43,514 [pool-27-thread-1] INFO  server.RaftServerConfigKeys (ConfUtils.java:logGet(43)) - raft.server.log.appender.install.snapshot.enabled = false (custom)
2019-11-01 01:12:43,514 [pool-27-thread-1] INFO  impl.RaftServerImpl (ServerState.java:<init>(103)) - f0e69bc2-b789-4d66-87b3-68450bbfadd1@group-C1642148D20B: ConfigurationManager, init=-1: [51058dee-2090-47d5-a97d-c0799d97638e:192.168.157.211:34007, f0e69bc2-b789-4d66-87b3-68450bbfadd1:192.168.157.211:45838, b0d7b968-1d99-44d0-9f45-0cc9cf357355:192.168.157.211:34108], old=null, confs=<EMPTY_MAP>
2019-11-01 01:12:43,514 [pool-27-thread-1] INFO  server.RaftServerConfigKeys (ConfUtils.java:logGet(43)) - raft.server.storage.dir = [/workdir/hadoop-ozone/tools/target/test-dir/MiniOzoneClusterImpl-7858d707-e611-49d6-9f20-09fa29eef7b7/datanode-0/data/ratis] (custom)
2019-11-01 01:12:43,514 [pool-27-thread-1] INFO  server.RaftServerConfigKeys (ConfUtils.java:logGet(43)) - raft.server.log.corruption.policy = EXCEPTION (default)
2019-11-01 01:12:43,514 [pool-27-thread-1] INFO  storage.RaftStorageDirectory (RaftStorageDirectory.java:analyzeStorage(246)) - The storage directory /workdir/hadoop-ozone/tools/target/test-dir/MiniOzoneClusterImpl-7858d707-e611-49d6-9f20-09fa29eef7b7/datanode-0/data/ratis/a1585c84-a6de-4ace-99b7-c1642148d20b does not exist. Creating ...
2019-11-01 01:12:43,544 [Thread-219] INFO  impl.FollowerState (FollowerState.java:run(111)) - 51058dee-2090-47d5-a97d-c0799d97638e@group-0A73748CE663-FollowerState: change to CANDIDATE, lastRpcTime:5051ms, electionTimeout:5048ms
2019-11-01 01:12:43,545 [Thread-219] INFO  impl.RoleInfo (RoleInfo.java:shutdownFollowerState(121)) - 51058dee-2090-47d5-a97d-c0799d97638e: shutdown FollowerState
2019-11-01 01:12:43,545 [Thread-219] INFO  impl.RaftServerImpl (RaftServerImpl.java:setRole(173)) - 51058dee-2090-47d5-a97d-c0799d97638e@group-0A73748CE663: changes role from  FOLLOWER to CANDIDATE at term 0 for changeToCandidate
2019-11-01 01:12:43,551 [Thread-219] INFO  impl.RoleInfo (RoleInfo.java:updateAndGet(143)) - 51058dee-2090-47d5-a97d-c0799d97638e: start LeaderElection
2019-11-01 01:12:43,693 [Thread-220] INFO  impl.FollowerState (FollowerState.java:run(111)) - b0d7b968-1d99-44d0-9f45-0cc9cf357355@group-0A73748CE663-FollowerState: change to CANDIDATE, lastRpcTime:5200ms, electionTimeout:5197ms
2019-11-01 01:12:43,695 [Thread-220] INFO  impl.RoleInfo (RoleInfo.java:shutdownFollowerState(121)) - b0d7b968-1d99-44d0-9f45-0cc9cf357355: shutdown FollowerState
2019-11-01 01:12:43,695 [Thread-220] INFO  impl.RaftServerImpl (RaftServerImpl.java:setRole(173)) - b0d7b968-1d99-44d0-9f45-0cc9cf357355@group-0A73748CE663: changes role from  FOLLOWER to CANDIDATE at term 0 for changeToCandidate
2019-11-01 01:12:43,695 [Thread-220] INFO  impl.RoleInfo (RoleInfo.java:updateAndGet(143)) - b0d7b968-1d99-44d0-9f45-0cc9cf357355: start LeaderElection
 0.00% |?                                                                                                    |  0/1 Time: 0:00:112019-11-01 01:12:44,010 [pool-47-thread-1] INFO  storage.RaftStorageDirectory (RaftStorageDirectory.java:tryLock(328)) - Lock on /workdir/hadoop-ozone/tools/target/test-dir/MiniOzoneClusterImpl-7858d707-e611-49d6-9f20-09fa29eef7b7/datanode-2/data/ratis/e6bc29a8-66b1-427e-b61a-add962c510c7/in_use.lock acquired by nodename 22876@pr-hdds-2364-master-k27gz-2975546514
2019-11-01 01:12:44,010 [51058dee-2090-47d5-a97d-c0799d97638e@group-0A73748CE663-LeaderElection1] INFO  impl.LeaderElection (LeaderElection.java:askForVotes(178)) - 51058dee-2090-47d5-a97d-c0799d97638e@group-0A73748CE663-LeaderElection1: begin an election at term 1 for -1: [51058dee-2090-47d5-a97d-c0799d97638e:192.168.157.211:34007, f0e69bc2-b789-4d66-87b3-68450bbfadd1:192.168.157.211:45838, b0d7b968-1d99-44d0-9f45-0cc9cf357355:192.168.157.211:34108], old=null
2019-11-01 01:12:44,010 [pool-27-thread-1] INFO  storage.RaftStorageDirectory (RaftStorageDirectory.java:tryLock(328)) - Lock on /workdir/hadoop-ozone/tools/target/test-dir/MiniOzoneClusterImpl-7858d707-e611-49d6-9f20-09fa29eef7b7/datanode-0/data/ratis/a1585c84-a6de-4ace-99b7-c1642148d20b/in_use.lock acquired by nodename 22876@pr-hdds-2364-master-k27gz-2975546514
2019-11-01 01:12:44,010 [pool-57-thread-1] INFO  storage.RaftStorageDirectory (RaftStorageDirectory.java:tryLock(328)) - Lock on /workdir/hadoop-ozone/tools/target/test-dir/MiniOzoneClusterImpl-7858d707-e611-49d6-9f20-09fa29eef7b7/datanode-3/data/ratis/e6bc29a8-66b1-427e-b61a-add962c510c7/in_use.lock acquired by nodename 22876@pr-hdds-2364-master-k27gz-2975546514
2019-11-01 01:12:44,041 [grpc-default-executor-2] WARN  server.GrpcServerProtocolService (LogUtils.java:warn(134)) - f0e69bc2-b789-4d66-87b3-68450bbfadd1: Failed requestVote 51058dee-2090-47d5-a97d-c0799d97638e->f0e69bc2-b789-4d66-87b3-68450bbfadd1#0: org.apache.ratis.protocol.ServerNotReadyException: f0e69bc2-b789-4d66-87b3-68450bbfadd1@group-0A73748CE663 is not in [RUNNING]: current state is NEW
2019-11-01 01:12:44,081 [51058dee-2090-47d5-a97d-c0799d97638e@group-0A73748CE663-LeaderElection1] INFO  impl.LeaderElection (LogUtils.java:infoOrTrace(149)) - 51058dee-2090-47d5-a97d-c0799d97638e@group-0A73748CE663-LeaderElection1 got exception when requesting votes: {}
java.util.concurrent.ExecutionException: org.apache.ratis.thirdparty.io.grpc.StatusRuntimeException: INTERNAL: f0e69bc2-b789-4d66-87b3-68450bbfadd1@group-0A73748CE663 is not in [RUNNING]: current state is NEW
	at java.util.concurrent.FutureTask.report(FutureTask.java:122)
	at java.util.concurrent.FutureTask.get(FutureTask.java:192)
	at org.apache.ratis.server.impl.LeaderElection.waitForResults(LeaderElection.java:259)
	at org.apache.ratis.server.impl.LeaderElection.askForVotes(LeaderElection.java:197)
	at org.apache.ratis.server.impl.LeaderElection.run(LeaderElection.java:133)
	at java.lang.Thread.run(Thread.java:748)
Caused by: org.apache.ratis.thirdparty.io.grpc.StatusRuntimeException: INTERNAL: f0e69bc2-b789-4d66-87b3-68450bbfadd1@group-0A73748CE663 is not in [RUNNING]: current state is NEW
	at org.apache.ratis.thirdparty.io.grpc.stub.ClientCalls.toStatusRuntimeException(ClientCalls.java:233)
	at org.apache.ratis.thirdparty.io.grpc.stub.ClientCalls.getUnchecked(ClientCalls.java:214)
	at org.apache.ratis.thirdparty.io.grpc.stub.ClientCalls.blockingUnaryCall(ClientCalls.java:139)
	at org.apache.ratis.proto.grpc.RaftServerProtocolServiceGrpc$RaftServerProtocolServiceBlockingStub.requestVote(RaftServerProtocolServiceGrpc.java:265)
	at org.apache.ratis.grpc.server.GrpcServerProtocolClient.requestVote(GrpcServerProtocolClient.java:99)
	at org.apache.ratis.grpc.server.GrpcService.requestVote(GrpcService.java:204)
	at org.apache.ratis.server.impl.LeaderElection.lambda$submitRequests$1(LeaderElection.java:234)
	at java.util.concurrent.FutureTask.run(FutureTask.java:266)
	at java.util.concurrent.Executors$RunnableAdapter.call(Executors.java:511)
	at java.util.concurrent.FutureTask.run(FutureTask.java:266)
	at java.util.concurrent.ThreadPoolExecutor.runWorker(ThreadPoolExecutor.java:1149)
	at java.util.concurrent.ThreadPoolExecutor$Worker.run(ThreadPoolExecutor.java:624)
	... 1 more
2019-11-01 01:12:44,478 [pool-57-thread-1] INFO  storage.RaftStorage (RaftStorage.java:format(84)) - Storage directory /workdir/hadoop-ozone/tools/target/test-dir/MiniOzoneClusterImpl-7858d707-e611-49d6-9f20-09fa29eef7b7/datanode-3/data/ratis/e6bc29a8-66b1-427e-b61a-add962c510c7 has been successfully formatted.
2019-11-01 01:12:44,478 [b0d7b968-1d99-44d0-9f45-0cc9cf357355@group-0A73748CE663-LeaderElection2] INFO  impl.LeaderElection (LeaderElection.java:askForVotes(178)) - b0d7b968-1d99-44d0-9f45-0cc9cf357355@group-0A73748CE663-LeaderElection2: begin an election at term 1 for -1: [51058dee-2090-47d5-a97d-c0799d97638e:192.168.157.211:34007, f0e69bc2-b789-4d66-87b3-68450bbfadd1:192.168.157.211:45838, b0d7b968-1d99-44d0-9f45-0cc9cf357355:192.168.157.211:34108], old=null
2019-11-01 01:12:44,478 [pool-47-thread-1] INFO  storage.RaftStorage (RaftStorage.java:format(84)) - Storage directory /workdir/hadoop-ozone/tools/target/test-dir/MiniOzoneClusterImpl-7858d707-e611-49d6-9f20-09fa29eef7b7/datanode-2/data/ratis/e6bc29a8-66b1-427e-b61a-add962c510c7 has been successfully formatted.
2019-11-01 01:12:44,478 [pool-27-thread-1] INFO  storage.RaftStorage (RaftStorage.java:format(84)) - Storage directory /workdir/hadoop-ozone/tools/target/test-dir/MiniOzoneClusterImpl-7858d707-e611-49d6-9f20-09fa29eef7b7/datanode-0/data/ratis/a1585c84-a6de-4ace-99b7-c1642148d20b has been successfully formatted.
2019-11-01 01:12:44,480 [pool-57-thread-1] INFO  ratis.ContainerStateMachine (ContainerStateMachine.java:loadSnapshot(231)) - group-ADD962C510C7: The snapshot info is null. Setting the last applied indexto:(t:0, i:~)
2019-11-01 01:12:44,481 [pool-27-thread-1] INFO  ratis.ContainerStateMachine (ContainerStateMachine.java:loadSnapshot(231)) - group-C1642148D20B: The snapshot info is null. Setting the last applied indexto:(t:0, i:~)
2019-11-01 01:12:44,481 [pool-47-thread-1] INFO  ratis.ContainerStateMachine (ContainerStateMachine.java:loadSnapshot(231)) - group-ADD962C510C7: The snapshot info is null. Setting the last applied indexto:(t:0, i:~)
2019-11-01 01:12:44,481 [pool-27-thread-1] INFO  server.RaftServerConfigKeys (ConfUtils.java:logGet(43)) - raft.server.notification.no-leader.timeout = 120s (custom)
2019-11-01 01:12:44,481 [pool-57-thread-1] INFO  server.RaftServerConfigKeys (ConfUtils.java:logGet(43)) - raft.server.notification.no-leader.timeout = 120s (custom)
2019-11-01 01:12:44,481 [pool-27-thread-1] INFO  server.RaftServerConfigKeys (ConfUtils.java:logGet(43)) - raft.server.log.use.memory = false (default)
2019-11-01 01:12:44,481 [pool-47-thread-1] INFO  server.RaftServerConfigKeys (ConfUtils.java:logGet(43)) - raft.server.notification.no-leader.timeout = 120s (custom)
2019-11-01 01:12:44,481 [pool-27-thread-1] INFO  server.RaftServerConfigKeys (ConfUtils.java:logGet(43)) - raft.server.log.purge.gap = 1000000 (custom)
2019-11-01 01:12:44,481 [pool-57-thread-1] INFO  server.RaftServerConfigKeys (ConfUtils.java:logGet(43)) - raft.server.log.use.memory = false (default)
2019-11-01 01:12:44,481 [pool-27-thread-1] INFO  server.RaftServerConfigKeys (ConfUtils.java:logGet(43)) - raft.server.log.appender.buffer.byte-limit = 33554432 (custom)
2019-11-01 01:12:44,481 [pool-47-thread-1] INFO  server.RaftServerConfigKeys (ConfUtils.java:logGet(43)) - raft.server.log.use.memory = false (default)
2019-11-01 01:12:44,482 [pool-27-thread-1] INFO  server.RaftServerConfigKeys (ConfUtils.java:logGet(43)) - raft.server.log.segment.size.max = 1048576 (custom)
2019-11-01 01:12:44,482 [pool-57-thread-1] INFO  server.RaftServerConfigKeys (ConfUtils.java:logGet(43)) - raft.server.log.purge.gap = 1000000 (custom)
2019-11-01 01:12:44,482 [pool-27-thread-1] INFO  server.RaftServerConfigKeys (ConfUtils.java:logGet(43)) - raft.server.log.segment.cache.num.max = 2 (custom)
2019-11-01 01:12:44,482 [pool-47-thread-1] INFO  server.RaftServerConfigKeys (ConfUtils.java:logGet(43)) - raft.server.log.purge.gap = 1000000 (custom)
2019-11-01 01:12:44,482 [pool-27-thread-1] INFO  segmented.SegmentedRaftLogWorker (SegmentedRaftLogWorker.java:<init>(173)) - new f0e69bc2-b789-4d66-87b3-68450bbfadd1@group-C1642148D20B-SegmentedRaftLogWorker for RaftStorage:Storage Directory /workdir/hadoop-ozone/tools/target/test-dir/MiniOzoneClusterImpl-7858d707-e611-49d6-9f20-09fa29eef7b7/datanode-0/data/ratis/a1585c84-a6de-4ace-99b7-c1642148d20b
2019-11-01 01:12:44,482 [pool-57-thread-1] INFO  server.RaftServerConfigKeys (ConfUtils.java:logGet(43)) - raft.server.log.appender.buffer.byte-limit = 33554432 (custom)
2019-11-01 01:12:44,482 [pool-27-thread-1] INFO  server.RaftServerConfigKeys (ConfUtils.java:logGet(43)) - raft.server.log.queue.byte-limit = 2147483647 (custom)
2019-11-01 01:12:44,482 [pool-47-thread-1] INFO  server.RaftServerConfigKeys (ConfUtils.java:logGet(43)) - raft.server.log.appender.buffer.byte-limit = 33554432 (custom)
2019-11-01 01:12:44,482 [pool-27-thread-1] INFO  server.RaftServerConfigKeys (ConfUtils.java:logGet(43)) - raft.server.log.queue.element-limit = 1024 (custom)
2019-11-01 01:12:44,482 [pool-57-thread-1] INFO  server.RaftServerConfigKeys (ConfUtils.java:logGet(43)) - raft.server.log.segment.size.max = 1048576 (custom)
2019-11-01 01:12:44,483 [pool-27-thread-1] INFO  server.RaftServerConfigKeys (ConfUtils.java:logGet(43)) - raft.server.log.segment.size.max = 1048576 (custom)
2019-11-01 01:12:44,482 [pool-47-thread-1] INFO  server.RaftServerConfigKeys (ConfUtils.java:logGet(43)) - raft.server.log.segment.size.max = 1048576 (custom)
2019-11-01 01:12:44,483 [pool-27-thread-1] INFO  server.RaftServerConfigKeys (ConfUtils.java:logGet(43)) - raft.server.log.preallocated.size = 16384 (custom)
2019-11-01 01:12:44,483 [pool-57-thread-1] INFO  server.RaftServerConfigKeys (ConfUtils.java:logGet(43)) - raft.server.log.segment.cache.num.max = 2 (custom)
2019-11-01 01:12:44,483 [pool-27-thread-1] INFO  server.RaftServerConfigKeys (ConfUtils.java:logGet(43)) - raft.server.log.write.buffer.size = 33554432 (custom)
2019-11-01 01:12:44,483 [pool-47-thread-1] INFO  server.RaftServerConfigKeys (ConfUtils.java:logGet(43)) - raft.server.log.segment.cache.num.max = 2 (custom)
2019-11-01 01:12:44,483 [pool-27-thread-1] INFO  server.RaftServerConfigKeys (ConfUtils.java:logGet(43)) - raft.server.log.force.sync.num = 128 (default)
2019-11-01 01:12:44,483 [pool-57-thread-1] INFO  segmented.SegmentedRaftLogWorker (SegmentedRaftLogWorker.java:<init>(173)) - new 51058dee-2090-47d5-a97d-c0799d97638e@group-ADD962C510C7-SegmentedRaftLogWorker for RaftStorage:Storage Directory /workdir/hadoop-ozone/tools/target/test-dir/MiniOzoneClusterImpl-7858d707-e611-49d6-9f20-09fa29eef7b7/datanode-3/data/ratis/e6bc29a8-66b1-427e-b61a-add962c510c7
2019-11-01 01:12:44,483 [pool-27-thread-1] INFO  server.RaftServerConfigKeys (ConfUtils.java:logGet(43)) - raft.server.log.statemachine.data.sync = true (default)
2019-11-01 01:12:44,483 [pool-47-thread-1] INFO  segmented.SegmentedRaftLogWorker (SegmentedRaftLogWorker.java:<init>(173)) - new b0d7b968-1d99-44d0-9f45-0cc9cf357355@group-ADD962C510C7-SegmentedRaftLogWorker for RaftStorage:Storage Directory /workdir/hadoop-ozone/tools/target/test-dir/MiniOzoneClusterImpl-7858d707-e611-49d6-9f20-09fa29eef7b7/datanode-2/data/ratis/e6bc29a8-66b1-427e-b61a-add962c510c7
2019-11-01 01:12:44,487 [pool-27-thread-1] INFO  server.RaftServerConfigKeys (ConfUtils.java:logGet(43)) - raft.server.log.statemachine.data.sync.timeout = 10s (default)
2019-11-01 01:12:44,486 [pool-57-thread-1] INFO  server.RaftServerConfigKeys (ConfUtils.java:logGet(43)) - raft.server.log.queue.byte-limit = 2147483647 (custom)
2019-11-01 01:12:44,489 [pool-27-thread-1] INFO  server.RaftServerConfigKeys (ConfUtils.java:logGet(43)) - raft.server.log.statemachine.data.sync.timeout.retry = -1 (default)
2019-11-01 01:12:44,488 [pool-47-thread-1] INFO  server.RaftServerConfigKeys (ConfUtils.java:logGet(43)) - raft.server.log.queue.byte-limit = 2147483647 (custom)
2019-11-01 01:12:44,490 [pool-27-thread-1] INFO  server.RaftServerConfigKeys (ConfUtils.java:logGet(43)) - raft.server.log.statemachine.data.caching.enabled = true (custom)
2019-11-01 01:12:44,490 [pool-57-thread-1] INFO  server.RaftServerConfigKeys (ConfUtils.java:logGet(43)) - raft.server.log.queue.element-limit = 1024 (custom)
2019-11-01 01:12:44,490 [pool-47-thread-1] INFO  server.RaftServerConfigKeys (ConfUtils.java:logGet(43)) - raft.server.log.queue.element-limit = 1024 (custom)
2019-11-01 01:12:44,493 [pool-27-thread-1] INFO  segmented.SegmentedRaftLogWorker (SegmentedRaftLogWorker.java:lambda$new$0(128)) - f0e69bc2-b789-4d66-87b3-68450bbfadd1@group-C1642148D20B-SegmentedRaftLogWorker: flushIndex: setUnconditionally 0 -> -1
2019-11-01 01:12:44,493 [pool-57-thread-1] INFO  server.RaftServerConfigKeys (ConfUtils.java:logGet(43)) - raft.server.log.segment.size.max = 1048576 (custom)
2019-11-01 01:12:44,493 [pool-47-thread-1] INFO  server.RaftServerConfigKeys (ConfUtils.java:logGet(43)) - raft.server.log.segment.size.max = 1048576 (custom)
2019-11-01 01:12:44,495 [pool-27-thread-1] INFO  server.RaftServerConfigKeys (ConfUtils.java:logGet(43)) - raft.server.snapshot.auto.trigger.enabled = true (custom)
2019-11-01 01:12:44,495 [pool-57-thread-1] INFO  server.RaftServerConfigKeys (ConfUtils.java:logGet(43)) - raft.server.log.preallocated.size = 16384 (custom)
2019-11-01 01:12:44,495 [pool-27-thread-1] INFO  server.RaftServerConfigKeys (ConfUtils.java:logGet(43)) - raft.server.snapshot.auto.trigger.threshold = 10000 (custom)
2019-11-01 01:12:44,495 [pool-47-thread-1] INFO  server.RaftServerConfigKeys (ConfUtils.java:logGet(43)) - raft.server.log.preallocated.size = 16384 (custom)
2019-11-01 01:12:44,500 [pool-27-thread-1] INFO  server.RaftServerConfigKeys (ConfUtils.java:logGet(43)) - raft.server.snapshot.retention.file.num = 5 (custom)
2019-11-01 01:12:44,500 [pool-57-thread-1] INFO  server.RaftServerConfigKeys (ConfUtils.java:logGet(43)) - raft.server.log.write.buffer.size = 33554432 (custom)
2019-11-01 01:12:44,500 [pool-47-thread-1] INFO  server.RaftServerConfigKeys (ConfUtils.java:logGet(43)) - raft.server.log.write.buffer.size = 33554432 (custom)
2019-11-01 01:12:44,500 [pool-57-thread-1] INFO  server.RaftServerConfigKeys (ConfUtils.java:logGet(43)) - raft.server.log.force.sync.num = 128 (default)
2019-11-01 01:12:44,500 [pool-27-thread-1] INFO  server.RaftServerConfigKeys (ConfUtils.java:logGet(43)) - raft.server.retrycache.expirytime = 600000ms (custom)
2019-11-01 01:12:44,500 [pool-57-thread-1] INFO  server.RaftServerConfigKeys (ConfUtils.java:logGet(43)) - raft.server.log.statemachine.data.sync = true (default)
2019-11-01 01:12:44,500 [pool-47-thread-1] INFO  server.RaftServerConfigKeys (ConfUtils.java:logGet(43)) - raft.server.log.force.sync.num = 128 (default)
2019-11-01 01:12:44,502 [pool-57-thread-1] INFO  server.RaftServerConfigKeys (ConfUtils.java:logGet(43)) - raft.server.log.statemachine.data.sync.timeout = 10s (default)
2019-11-01 01:12:44,501 [pool-27-thread-1] WARN  impl.MetricRegistriesImpl (MetricRegistriesImpl.java:lambda$create$1(61)) - First MetricRegistry has been created without registering reporters. You may need to call MetricRegistries.global().addReportRegistration(...) before.
2019-11-01 01:12:44,503 [pool-57-thread-1] INFO  server.RaftServerConfigKeys (ConfUtils.java:logGet(43)) - raft.server.log.statemachine.data.sync.timeout.retry = -1 (default)
2019-11-01 01:12:44,503 [pool-47-thread-1] INFO  server.RaftServerConfigKeys (ConfUtils.java:logGet(43)) - raft.server.log.statemachine.data.sync = true (default)
2019-11-01 01:12:44,503 [pool-27-thread-1] WARN  impl.MetricRegistriesImpl (MetricRegistriesImpl.java:lambda$create$1(61)) - First MetricRegistry has been created without registering reporters. You may need to call MetricRegistries.global().addReportRegistration(...) before.
2019-11-01 01:12:44,504 [pool-47-thread-1] INFO  server.RaftServerConfigKeys (ConfUtils.java:logGet(43)) - raft.server.log.statemachine.data.sync.timeout = 10s (default)
2019-11-01 01:12:44,504 [pool-57-thread-1] INFO  server.RaftServerConfigKeys (ConfUtils.java:logGet(43)) - raft.server.log.statemachine.data.caching.enabled = true (custom)
2019-11-01 01:12:44,504 [pool-27-thread-1] INFO  impl.RaftServerImpl (RaftServerImpl.java:start(184)) - f0e69bc2-b789-4d66-87b3-68450bbfadd1@group-0A73748CE663: start as a follower, conf=-1: [51058dee-2090-47d5-a97d-c0799d97638e:192.168.157.211:34007, f0e69bc2-b789-4d66-87b3-68450bbfadd1:192.168.157.211:45838, b0d7b968-1d99-44d0-9f45-0cc9cf357355:192.168.157.211:34108], old=null
2019-11-01 01:12:44,504 [pool-47-thread-1] INFO  server.RaftServerConfigKeys (ConfUtils.java:logGet(43)) - raft.server.log.statemachine.data.sync.timeout.retry = -1 (default)
2019-11-01 01:12:44,504 [pool-27-thread-1] INFO  impl.RaftServerImpl (RaftServerImpl.java:setRole(173)) - f0e69bc2-b789-4d66-87b3-68450bbfadd1@group-0A73748CE663: changes role from      null to FOLLOWER at term 0 for startAsFollower
2019-11-01 01:12:44,504 [pool-47-thread-1] INFO  server.RaftServerConfigKeys (ConfUtils.java:logGet(43)) - raft.server.log.statemachine.data.caching.enabled = true (custom)
2019-11-01 01:12:44,504 [pool-27-thread-1] INFO  impl.RoleInfo (RoleInfo.java:updateAndGet(143)) - f0e69bc2-b789-4d66-87b3-68450bbfadd1: start FollowerState
2019-11-01 01:12:44,504 [pool-57-thread-1] INFO  segmented.SegmentedRaftLogWorker (SegmentedRaftLogWorker.java:lambda$new$0(128)) - 51058dee-2090-47d5-a97d-c0799d97638e@group-ADD962C510C7-SegmentedRaftLogWorker: flushIndex: setUnconditionally 0 -> -1
2019-11-01 01:12:44,504 [pool-47-thread-1] INFO  segmented.SegmentedRaftLogWorker (SegmentedRaftLogWorker.java:lambda$new$0(128)) - b0d7b968-1d99-44d0-9f45-0cc9cf357355@group-ADD962C510C7-SegmentedRaftLogWorker: flushIndex: setUnconditionally 0 -> -1
2019-11-01 01:12:44,505 [pool-27-thread-1] INFO  util.JmxRegister (JmxRegister.java:tryRegister(44)) - Successfully registered JMX Bean with object name Ratis:service=RaftServer,group=group-0A73748CE663,id=f0e69bc2-b789-4d66-87b3-68450bbfadd1
2019-11-01 01:12:44,505 [pool-47-thread-1] INFO  server.RaftServerConfigKeys (ConfUtils.java:logGet(43)) - raft.server.snapshot.auto.trigger.enabled = true (custom)
2019-11-01 01:12:44,505 [pool-57-thread-1] INFO  server.RaftServerConfigKeys (ConfUtils.java:logGet(43)) - raft.server.snapshot.auto.trigger.enabled = true (custom)
2019-11-01 01:12:44,505 [pool-47-thread-1] INFO  server.RaftServerConfigKeys (ConfUtils.java:logGet(43)) - raft.server.snapshot.auto.trigger.threshold = 10000 (custom)
2019-11-01 01:12:44,505 [pool-27-thread-1] WARN  impl.MetricRegistriesImpl (MetricRegistriesImpl.java:lambda$create$1(61)) - First MetricRegistry has been created without registering reporters. You may need to call MetricRegistries.global().addReportRegistration(...) before.
2019-11-01 01:12:44,505 [51058dee-2090-47d5-a97d-c0799d97638e@group-0A73748CE663-LeaderElection1] INFO  impl.LeaderElection (LeaderElection.java:logAndReturn(56)) - 51058dee-2090-47d5-a97d-c0799d97638e@group-0A73748CE663-LeaderElection1: Election REJECTED; received 1 response(s) [51058dee-2090-47d5-a97d-c0799d97638e<-b0d7b968-1d99-44d0-9f45-0cc9cf357355#0:FAIL-t1] and 1 exception(s); 51058dee-2090-47d5-a97d-c0799d97638e@group-0A73748CE663:t1, leader=null, voted=51058dee-2090-47d5-a97d-c0799d97638e, raftlog=51058dee-2090-47d5-a97d-c0799d97638e@group-0A73748CE663-SegmentedRaftLog:OPENED:c-1,f-1,i0, conf=-1: [51058dee-2090-47d5-a97d-c0799d97638e:192.168.157.211:34007, f0e69bc2-b789-4d66-87b3-68450bbfadd1:192.168.157.211:45838, b0d7b968-1d99-44d0-9f45-0cc9cf357355:192.168.157.211:34108], old=null
2019-11-01 01:12:44,505 [pool-47-thread-1] INFO  server.RaftServerConfigKeys (ConfUtils.java:logGet(43)) - raft.server.snapshot.retention.file.num = 5 (custom)
2019-11-01 01:12:44,505 [pool-57-thread-1] INFO  server.RaftServerConfigKeys (ConfUtils.java:logGet(43)) - raft.server.snapshot.auto.trigger.threshold = 10000 (custom)
2019-11-01 01:12:44,508 [pool-47-thread-1] INFO  server.RaftServerConfigKeys (ConfUtils.java:logGet(43)) - raft.server.retrycache.expirytime = 600000ms (custom)
2019-11-01 01:12:44,508 [pool-57-thread-1] INFO  server.RaftServerConfigKeys (ConfUtils.java:logGet(43)) - raft.server.snapshot.retention.file.num = 5 (custom)
2019-11-01 01:12:44,508 [pool-47-thread-1] WARN  impl.MetricRegistriesImpl (MetricRegistriesImpl.java:lambda$create$1(61)) - First MetricRegistry has been created without registering reporters. You may need to call MetricRegistries.global().addReportRegistration(...) before.
2019-11-01 01:12:44,508 [pool-57-thread-1] INFO  server.RaftServerConfigKeys (ConfUtils.java:logGet(43)) - raft.server.retrycache.expirytime = 600000ms (custom)
2019-11-01 01:12:44,508 [51058dee-2090-47d5-a97d-c0799d97638e@group-0A73748CE663-LeaderElection1] INFO  impl.LeaderElection (LogUtils.java:infoOrTrace(149)) -   Exception 0: {}
java.util.concurrent.ExecutionException: org.apache.ratis.thirdparty.io.grpc.StatusRuntimeException: INTERNAL: f0e69bc2-b789-4d66-87b3-68450bbfadd1@group-0A73748CE663 is not in [RUNNING]: current state is NEW
	at java.util.concurrent.FutureTask.report(FutureTask.java:122)
	at java.util.concurrent.FutureTask.get(FutureTask.java:192)
	at org.apache.ratis.server.impl.LeaderElection.waitForResults(LeaderElection.java:259)
	at org.apache.ratis.server.impl.LeaderElection.askForVotes(LeaderElection.java:197)
	at org.apache.ratis.server.impl.LeaderElection.run(LeaderElection.java:133)
	at java.lang.Thread.run(Thread.java:748)
Caused by: org.apache.ratis.thirdparty.io.grpc.StatusRuntimeException: INTERNAL: f0e69bc2-b789-4d66-87b3-68450bbfadd1@group-0A73748CE663 is not in [RUNNING]: current state is NEW
	at org.apache.ratis.thirdparty.io.grpc.stub.ClientCalls.toStatusRuntimeException(ClientCalls.java:233)
	at org.apache.ratis.thirdparty.io.grpc.stub.ClientCalls.getUnchecked(ClientCalls.java:214)
	at org.apache.ratis.thirdparty.io.grpc.stub.ClientCalls.blockingUnaryCall(ClientCalls.java:139)
	at org.apache.ratis.proto.grpc.RaftServerProtocolServiceGrpc$RaftServerProtocolServiceBlockingStub.requestVote(RaftServerProtocolServiceGrpc.java:265)
	at org.apache.ratis.grpc.server.GrpcServerProtocolClient.requestVote(GrpcServerProtocolClient.java:99)
	at org.apache.ratis.grpc.server.GrpcService.requestVote(GrpcService.java:204)
	at org.apache.ratis.server.impl.LeaderElection.lambda$submitRequests$1(LeaderElection.java:234)
	at java.util.concurrent.FutureTask.run(FutureTask.java:266)
	at java.util.concurrent.Executors$RunnableAdapter.call(Executors.java:511)
	at java.util.concurrent.FutureTask.run(FutureTask.java:266)
	at java.util.concurrent.ThreadPoolExecutor.runWorker(ThreadPoolExecutor.java:1149)
	at java.util.concurrent.ThreadPoolExecutor$Worker.run(ThreadPoolExecutor.java:624)
	... 1 more
2019-11-01 01:12:44,508 [pool-57-thread-1] WARN  impl.MetricRegistriesImpl (MetricRegistriesImpl.java:lambda$create$1(61)) - First MetricRegistry has been created without registering reporters. You may need to call MetricRegistries.global().addReportRegistration(...) before.
2019-11-01 01:12:44,508 [pool-47-thread-1] WARN  impl.MetricRegistriesImpl (MetricRegistriesImpl.java:lambda$create$1(61)) - First MetricRegistry has been created without registering reporters. You may need to call MetricRegistries.global().addReportRegistration(...) before.
2019-11-01 01:12:44,510 [pool-57-thread-1] WARN  impl.MetricRegistriesImpl (MetricRegistriesImpl.java:lambda$create$1(61)) - First MetricRegistry has been created without registering reporters. You may need to call MetricRegistries.global().addReportRegistration(...) before.
2019-11-01 01:12:44,510 [pool-47-thread-1] INFO  impl.RaftServerImpl (RaftServerImpl.java:start(184)) - b0d7b968-1d99-44d0-9f45-0cc9cf357355@group-C1642148D20B: start as a follower, conf=-1: [51058dee-2090-47d5-a97d-c0799d97638e:192.168.157.211:34007, f0e69bc2-b789-4d66-87b3-68450bbfadd1:192.168.157.211:45838, b0d7b968-1d99-44d0-9f45-0cc9cf357355:192.168.157.211:34108], old=null
2019-11-01 01:12:44,510 [pool-57-thread-1] INFO  impl.RaftServerImpl (RaftServerImpl.java:start(184)) - 51058dee-2090-47d5-a97d-c0799d97638e@group-C1642148D20B: start as a follower, conf=-1: [51058dee-2090-47d5-a97d-c0799d97638e:192.168.157.211:34007, f0e69bc2-b789-4d66-87b3-68450bbfadd1:192.168.157.211:45838, b0d7b968-1d99-44d0-9f45-0cc9cf357355:192.168.157.211:34108], old=null
2019-11-01 01:12:44,510 [pool-47-thread-1] INFO  impl.RaftServerImpl (RaftServerImpl.java:setRole(173)) - b0d7b968-1d99-44d0-9f45-0cc9cf357355@group-C1642148D20B: changes role from      null to FOLLOWER at term 0 for startAsFollower
2019-11-01 01:12:44,511 [pool-57-thread-1] INFO  impl.RaftServerImpl (RaftServerImpl.java:setRole(173)) - 51058dee-2090-47d5-a97d-c0799d97638e@group-C1642148D20B: changes role from      null to FOLLOWER at term 0 for startAsFollower
2019-11-01 01:12:44,511 [pool-47-thread-1] INFO  impl.RoleInfo (RoleInfo.java:updateAndGet(143)) - b0d7b968-1d99-44d0-9f45-0cc9cf357355: start FollowerState
2019-11-01 01:12:44,513 [pool-57-thread-1] INFO  impl.RoleInfo (RoleInfo.java:updateAndGet(143)) - 51058dee-2090-47d5-a97d-c0799d97638e: start FollowerState
2019-11-01 01:12:44,513 [grpc-default-executor-3] INFO  impl.RaftServerImpl (RaftServerImpl.java:setRole(173)) - f0e69bc2-b789-4d66-87b3-68450bbfadd1@group-0A73748CE663: changes role from  FOLLOWER to FOLLOWER at term 1 for recognizeCandidate:b0d7b968-1d99-44d0-9f45-0cc9cf357355
2019-11-01 01:12:44,515 [grpc-default-executor-3] INFO  impl.RoleInfo (RoleInfo.java:shutdownFollowerState(121)) - f0e69bc2-b789-4d66-87b3-68450bbfadd1: shutdown FollowerState
2019-11-01 01:12:44,515 [pool-47-thread-1] INFO  util.JmxRegister (JmxRegister.java:tryRegister(44)) - Successfully registered JMX Bean with object name Ratis:service=RaftServer,group=group-C1642148D20B,id=b0d7b968-1d99-44d0-9f45-0cc9cf357355
2019-11-01 01:12:44,515 [Thread-237] INFO  impl.FollowerState (FollowerState.java:run(120)) - f0e69bc2-b789-4d66-87b3-68450bbfadd1@group-0A73748CE663-FollowerState was interrupted: java.lang.InterruptedException: sleep interrupted
2019-11-01 01:12:44,515 [51058dee-2090-47d5-a97d-c0799d97638e@group-0A73748CE663-LeaderElection1] INFO  impl.RaftServerImpl (RaftServerImpl.java:setRole(173)) - 51058dee-2090-47d5-a97d-c0799d97638e@group-0A73748CE663: changes role from CANDIDATE to FOLLOWER at term 1 for DISCOVERED_A_NEW_TERM
2019-11-01 01:12:44,515 [pool-57-thread-1] INFO  util.JmxRegister (JmxRegister.java:tryRegister(44)) - Successfully registered JMX Bean with object name Ratis:service=RaftServer,group=group-C1642148D20B,id=51058dee-2090-47d5-a97d-c0799d97638e
2019-11-01 01:12:44,517 [51058dee-2090-47d5-a97d-c0799d97638e@group-0A73748CE663-LeaderElection1] INFO  impl.RoleInfo (RoleInfo.java:shutdownLeaderElection(134)) - 51058dee-2090-47d5-a97d-c0799d97638e: shutdown LeaderElection
2019-11-01 01:12:44,516 [pool-27-thread-1] INFO  impl.RaftServerImpl (RaftServerImpl.java:<init>(98)) - f0e69bc2-b789-4d66-87b3-68450bbfadd1: new RaftServerImpl for group-ADD962C510C7:[51058dee-2090-47d5-a97d-c0799d97638e:192.168.157.211:34007, f0e69bc2-b789-4d66-87b3-68450bbfadd1:192.168.157.211:45838, b0d7b968-1d99-44d0-9f45-0cc9cf357355:192.168.157.211:34108] with ContainerStateMachine:uninitialized
2019-11-01 01:12:44,515 [grpc-default-executor-3] INFO  impl.RoleInfo (RoleInfo.java:updateAndGet(143)) - f0e69bc2-b789-4d66-87b3-68450bbfadd1: start FollowerState
2019-11-01 01:12:44,515 [pool-47-thread-1] WARN  impl.MetricRegistriesImpl (MetricRegistriesImpl.java:lambda$create$1(61)) - First MetricRegistry has been created without registering reporters. You may need to call MetricRegistries.global().addReportRegistration(...) before.
2019-11-01 01:12:44,517 [pool-27-thread-1] INFO  server.RaftServerConfigKeys (ConfUtils.java:logGet(43)) - raft.server.rpc.timeout.min = 5s (custom)
2019-11-01 01:12:44,518 [pool-27-thread-1] INFO  server.RaftServerConfigKeys (ConfUtils.java:logGet(43)) - raft.server.rpc.timeout.max = 5200ms (custom)
2019-11-01 01:12:44,517 [pool-57-thread-1] WARN  impl.MetricRegistriesImpl (MetricRegistriesImpl.java:lambda$create$1(61)) - First MetricRegistry has been created without registering reporters. You may need to call MetricRegistries.global().addReportRegistration(...) before.
2019-11-01 01:12:44,518 [pool-27-thread-1] INFO  server.RaftServerConfigKeys (ConfUtils.java:logGet(43)) - raft.server.rpcslowness.timeout = 120s (custom)
2019-11-01 01:12:44,518 [pool-47-thread-1] INFO  impl.RaftServerImpl (RaftServerImpl.java:start(184)) - b0d7b968-1d99-44d0-9f45-0cc9cf357355@group-ADD962C510C7: start as a follower, conf=-1: [51058dee-2090-47d5-a97d-c0799d97638e:192.168.157.211:34007, f0e69bc2-b789-4d66-87b3-68450bbfadd1:192.168.157.211:45838, b0d7b968-1d99-44d0-9f45-0cc9cf357355:192.168.157.211:34108], old=null
2019-11-01 01:12:44,518 [51058dee-2090-47d5-a97d-c0799d97638e@group-0A73748CE663-LeaderElection1] INFO  impl.RoleInfo (RoleInfo.java:updateAndGet(143)) - 51058dee-2090-47d5-a97d-c0799d97638e: start FollowerState
2019-11-01 01:12:44,520 [pool-47-thread-1] INFO  impl.RaftServerImpl (RaftServerImpl.java:setRole(173)) - b0d7b968-1d99-44d0-9f45-0cc9cf357355@group-ADD962C510C7: changes role from      null to FOLLOWER at term 0 for startAsFollower
2019-11-01 01:12:44,518 [pool-27-thread-1] INFO  server.RaftServerConfigKeys (ConfUtils.java:logGet(43)) - raft.server.sleep.deviation.threshold = 300 (default)
2019-11-01 01:12:44,520 [pool-47-thread-1] INFO  impl.RoleInfo (RoleInfo.java:updateAndGet(143)) - b0d7b968-1d99-44d0-9f45-0cc9cf357355: start FollowerState
2019-11-01 01:12:44,520 [pool-57-thread-1] INFO  impl.RaftServerImpl (RaftServerImpl.java:start(184)) - 51058dee-2090-47d5-a97d-c0799d97638e@group-ADD962C510C7: start as a follower, conf=-1: [51058dee-2090-47d5-a97d-c0799d97638e:192.168.157.211:34007, f0e69bc2-b789-4d66-87b3-68450bbfadd1:192.168.157.211:45838, b0d7b968-1d99-44d0-9f45-0cc9cf357355:192.168.157.211:34108], old=null
2019-11-01 01:12:44,525 [pool-27-thread-1] INFO  server.RaftServerConfigKeys (ConfUtils.java:logGet(43)) - raft.server.log.appender.install.snapshot.enabled = false (custom)
2019-11-01 01:12:44,526 [pool-57-thread-1] INFO  impl.RaftServerImpl (RaftServerImpl.java:setRole(173)) - 51058dee-2090-47d5-a97d-c0799d97638e@group-ADD962C510C7: changes role from      null to FOLLOWER at term 0 for startAsFollower
2019-11-01 01:12:44,526 [pool-27-thread-1] INFO  impl.RaftServerImpl (ServerState.java:<init>(103)) - f0e69bc2-b789-4d66-87b3-68450bbfadd1@group-ADD962C510C7: ConfigurationManager, init=-1: [51058dee-2090-47d5-a97d-c0799d97638e:192.168.157.211:34007, f0e69bc2-b789-4d66-87b3-68450bbfadd1:192.168.157.211:45838, b0d7b968-1d99-44d0-9f45-0cc9cf357355:192.168.157.211:34108], old=null, confs=<EMPTY_MAP>
2019-11-01 01:12:44,526 [pool-57-thread-1] INFO  impl.RoleInfo (RoleInfo.java:updateAndGet(143)) - 51058dee-2090-47d5-a97d-c0799d97638e: start FollowerState
2019-11-01 01:12:44,526 [pool-47-thread-1] INFO  util.JmxRegister (JmxRegister.java:tryRegister(44)) - Successfully registered JMX Bean with object name Ratis:service=RaftServer,group=group-ADD962C510C7,id=b0d7b968-1d99-44d0-9f45-0cc9cf357355
2019-11-01 01:12:44,526 [pool-27-thread-1] INFO  server.RaftServerConfigKeys (ConfUtils.java:logGet(43)) - raft.server.storage.dir = [/workdir/hadoop-ozone/tools/target/test-dir/MiniOzoneClusterImpl-7858d707-e611-49d6-9f20-09fa29eef7b7/datanode-0/data/ratis] (custom)
2019-11-01 01:12:44,526 [pool-47-thread-1] WARN  impl.MetricRegistriesImpl (MetricRegistriesImpl.java:lambda$create$1(61)) - First MetricRegistry has been created without registering reporters. You may need to call MetricRegistries.global().addReportRegistration(...) before.
2019-11-01 01:12:44,526 [pool-57-thread-1] INFO  util.JmxRegister (JmxRegister.java:tryRegister(44)) - Successfully registered JMX Bean with object name Ratis:service=RaftServer,group=group-ADD962C510C7,id=51058dee-2090-47d5-a97d-c0799d97638e
2019-11-01 01:12:44,527 [pool-57-thread-1] WARN  impl.MetricRegistriesImpl (MetricRegistriesImpl.java:lambda$create$1(61)) - First MetricRegistry has been created without registering reporters. You may need to call MetricRegistries.global().addReportRegistration(...) before.
2019-11-01 01:12:44,527 [pool-27-thread-1] INFO  server.RaftServerConfigKeys (ConfUtils.java:logGet(43)) - raft.server.log.corruption.policy = EXCEPTION (default)
2019-11-01 01:12:44,527 [pool-27-thread-1] INFO  storage.RaftStorageDirectory (RaftStorageDirectory.java:analyzeStorage(246)) - The storage directory /workdir/hadoop-ozone/tools/target/test-dir/MiniOzoneClusterImpl-7858d707-e611-49d6-9f20-09fa29eef7b7/datanode-0/data/ratis/e6bc29a8-66b1-427e-b61a-add962c510c7 does not exist. Creating ...
 0.00% |?                                                                                                    |  0/1 Time: 0:00:12 0.00% |?                                                                                                    |  0/1 Time: 0:00:132019-11-01 01:12:46,100 [RATISCREATEPIPELINE3] ERROR pipeline.RatisPipelineProvider (RatisPipelineProvider.java:lambda$null$5(237)) - Failed invoke Ratis rpc org.apache.hadoop.hdds.scm.pipeline.RatisPipelineProvider$$Lambda$196/1409674311@51050df0 for f0e69bc2-b789-4d66-87b3-68450bbfadd1
org.apache.ratis.protocol.TimeoutIOException: deadline exceeded after 2999749588ns
	at org.apache.ratis.grpc.GrpcUtil.tryUnwrapException(GrpcUtil.java:82)
	at org.apache.ratis.grpc.GrpcUtil.unwrapException(GrpcUtil.java:75)
	at org.apache.ratis.grpc.client.GrpcClientProtocolClient.blockingCall(GrpcClientProtocolClient.java:184)
	at org.apache.ratis.grpc.client.GrpcClientProtocolClient.groupAdd(GrpcClientProtocolClient.java:153)
	at org.apache.ratis.grpc.client.GrpcClientRpc.sendRequest(GrpcClientRpc.java:94)
	at org.apache.ratis.client.impl.RaftClientImpl.sendRequest(RaftClientImpl.java:278)
	at org.apache.ratis.client.impl.RaftClientImpl.groupAdd(RaftClientImpl.java:205)
	at org.apache.hadoop.hdds.scm.pipeline.RatisPipelineProvider.lambda$initializePipeline$4(RatisPipelineProvider.java:198)
	at org.apache.hadoop.hdds.scm.pipeline.RatisPipelineProvider.lambda$null$5(RatisPipelineProvider.java:233)
	at java.util.stream.ForEachOps$ForEachOp$OfRef.accept(ForEachOps.java:183)
	at java.util.ArrayList$ArrayListSpliterator.forEachRemaining(ArrayList.java:1382)
	at java.util.stream.AbstractPipeline.copyInto(AbstractPipeline.java:482)
	at java.util.stream.ForEachOps$ForEachTask.compute(ForEachOps.java:290)
	at java.util.concurrent.CountedCompleter.exec(CountedCompleter.java:731)
	at java.util.concurrent.ForkJoinTask.doExec(ForkJoinTask.java:289)
	at java.util.concurrent.ForkJoinPool$WorkQueue.runTask(ForkJoinPool.java:1056)
	at java.util.concurrent.ForkJoinPool.runWorker(ForkJoinPool.java:1692)
	at java.util.concurrent.ForkJoinWorkerThread.run(ForkJoinWorkerThread.java:157)
Caused by: org.apache.ratis.thirdparty.io.grpc.StatusRuntimeException: DEADLINE_EXCEEDED: deadline exceeded after 2999749588ns
	at org.apache.ratis.thirdparty.io.grpc.stub.ClientCalls.toStatusRuntimeException(ClientCalls.java:233)
	at org.apache.ratis.thirdparty.io.grpc.stub.ClientCalls.getUnchecked(ClientCalls.java:214)
	at org.apache.ratis.thirdparty.io.grpc.stub.ClientCalls.blockingUnaryCall(ClientCalls.java:139)
	at org.apache.ratis.proto.grpc.AdminProtocolServiceGrpc$AdminProtocolServiceBlockingStub.groupManagement(AdminProtocolServiceGrpc.java:274)
	at org.apache.ratis.grpc.client.GrpcClientProtocolClient.lambda$groupAdd$3(GrpcClientProtocolClient.java:155)
	at org.apache.ratis.grpc.client.GrpcClientProtocolClient.blockingCall(GrpcClientProtocolClient.java:182)
	... 15 more
2019-11-01 01:12:46,102 [IPC Server handler 18 on 34347] WARN  block.BlockManagerImpl (BlockManagerImpl.java:allocateBlock(200)) - Pipeline creation failed for type:RATIS factor:THREE. Retrying get pipelines call once.
java.io.IOException: Failed invoke Ratis rpc org.apache.hadoop.hdds.scm.pipeline.RatisPipelineProvider$$Lambda$196/1409674311@51050df0 for f0e69bc2-b789-4d66-87b3-68450bbfadd1
	at org.apache.hadoop.hdds.scm.pipeline.RatisPipelineProvider.lambda$null$5(RatisPipelineProvider.java:238)
	at java.util.stream.ForEachOps$ForEachOp$OfRef.accept(ForEachOps.java:183)
	at java.util.ArrayList$ArrayListSpliterator.forEachRemaining(ArrayList.java:1382)
	at java.util.stream.AbstractPipeline.copyInto(AbstractPipeline.java:482)
	at java.util.stream.ForEachOps$ForEachTask.compute(ForEachOps.java:290)
	at java.util.concurrent.CountedCompleter.exec(CountedCompleter.java:731)
	at java.util.concurrent.ForkJoinTask.doExec(ForkJoinTask.java:289)
	at java.util.concurrent.ForkJoinPool$WorkQueue.runTask(ForkJoinPool.java:1056)
	at java.util.concurrent.ForkJoinPool.runWorker(ForkJoinPool.java:1692)
	at java.util.concurrent.ForkJoinWorkerThread.run(ForkJoinWorkerThread.java:157)
Caused by: org.apache.ratis.protocol.TimeoutIOException: deadline exceeded after 2999749588ns
	at org.apache.ratis.grpc.GrpcUtil.tryUnwrapException(GrpcUtil.java:82)
	at org.apache.ratis.grpc.GrpcUtil.unwrapException(GrpcUtil.java:75)
	at org.apache.ratis.grpc.client.GrpcClientProtocolClient.blockingCall(GrpcClientProtocolClient.java:184)
	at org.apache.ratis.grpc.client.GrpcClientProtocolClient.groupAdd(GrpcClientProtocolClient.java:153)
	at org.apache.ratis.grpc.client.GrpcClientRpc.sendRequest(GrpcClientRpc.java:94)
	at org.apache.ratis.client.impl.RaftClientImpl.sendRequest(RaftClientImpl.java:278)
	at org.apache.ratis.client.impl.RaftClientImpl.groupAdd(RaftClientImpl.java:205)
	at org.apache.hadoop.hdds.scm.pipeline.RatisPipelineProvider.lambda$initializePipeline$4(RatisPipelineProvider.java:198)
	at org.apache.hadoop.hdds.scm.pipeline.RatisPipelineProvider.lambda$null$5(RatisPipelineProvider.java:233)
	... 9 more
Caused by: org.apache.ratis.thirdparty.io.grpc.StatusRuntimeException: DEADLINE_EXCEEDED: deadline exceeded after 2999749588ns
	at org.apache.ratis.thirdparty.io.grpc.stub.ClientCalls.toStatusRuntimeException(ClientCalls.java:233)
	at org.apache.ratis.thirdparty.io.grpc.stub.ClientCalls.getUnchecked(ClientCalls.java:214)
	at org.apache.ratis.thirdparty.io.grpc.stub.ClientCalls.blockingUnaryCall(ClientCalls.java:139)
	at org.apache.ratis.proto.grpc.AdminProtocolServiceGrpc$AdminProtocolServiceBlockingStub.groupManagement(AdminProtocolServiceGrpc.java:274)
	at org.apache.ratis.grpc.client.GrpcClientProtocolClient.lambda$groupAdd$3(GrpcClientProtocolClient.java:155)
	at org.apache.ratis.grpc.client.GrpcClientProtocolClient.blockingCall(GrpcClientProtocolClient.java:182)
	... 15 more
2019-11-01 01:12:46,105 [IPC Server handler 18 on 34347] INFO  block.BlockManagerImpl (BlockManagerImpl.java:allocateBlock(212)) - Could not find available pipeline of type:RATIS and factor:THREE even after retrying
2019-11-01 01:12:46,105 [IPC Server handler 18 on 34347] ERROR block.BlockManagerImpl (BlockManagerImpl.java:allocateBlock(236)) - Unable to allocate a block for the size: 4194304, type: RATIS, factor: THREE
2019-11-01 01:12:46,121 [grpc-default-executor-1] INFO  impl.RaftServerProxy (RaftServerProxy.java:addNew(89)) - 51058dee-2090-47d5-a97d-c0799d97638e: addNew group-A0882977570B:[51058dee-2090-47d5-a97d-c0799d97638e:192.168.157.211:34007, f0e69bc2-b789-4d66-87b3-68450bbfadd1:192.168.157.211:45838, b0d7b968-1d99-44d0-9f45-0cc9cf357355:192.168.157.211:34108] returns group-A0882977570B:java.util.concurrent.CompletableFuture@543d94a[Not completed]
2019-11-01 01:12:46,121 [grpc-default-executor-2] INFO  impl.RaftServerProxy (RaftServerProxy.java:addNew(89)) - f0e69bc2-b789-4d66-87b3-68450bbfadd1: addNew group-A0882977570B:[51058dee-2090-47d5-a97d-c0799d97638e:192.168.157.211:34007, f0e69bc2-b789-4d66-87b3-68450bbfadd1:192.168.157.211:45838, b0d7b968-1d99-44d0-9f45-0cc9cf357355:192.168.157.211:34108] returns group-A0882977570B:java.util.concurrent.CompletableFuture@b61facd[Not completed]
2019-11-01 01:12:46,121 [grpc-default-executor-0] INFO  impl.RaftServerProxy (RaftServerProxy.java:addNew(89)) - b0d7b968-1d99-44d0-9f45-0cc9cf357355: addNew group-A0882977570B:[51058dee-2090-47d5-a97d-c0799d97638e:192.168.157.211:34007, f0e69bc2-b789-4d66-87b3-68450bbfadd1:192.168.157.211:45838, b0d7b968-1d99-44d0-9f45-0cc9cf357355:192.168.157.211:34108] returns group-A0882977570B:java.util.concurrent.CompletableFuture@3a73ba69[Not completed]
2019-11-01 01:12:46,124 [pool-57-thread-1] INFO  impl.RaftServerImpl (RaftServerImpl.java:<init>(98)) - 51058dee-2090-47d5-a97d-c0799d97638e: new RaftServerImpl for group-A0882977570B:[51058dee-2090-47d5-a97d-c0799d97638e:192.168.157.211:34007, f0e69bc2-b789-4d66-87b3-68450bbfadd1:192.168.157.211:45838, b0d7b968-1d99-44d0-9f45-0cc9cf357355:192.168.157.211:34108] with ContainerStateMachine:uninitialized
2019-11-01 01:12:46,124 [pool-57-thread-1] INFO  server.RaftServerConfigKeys (ConfUtils.java:logGet(43)) - raft.server.rpc.timeout.min = 5s (custom)
2019-11-01 01:12:46,124 [pool-57-thread-1] INFO  server.RaftServerConfigKeys (ConfUtils.java:logGet(43)) - raft.server.rpc.timeout.max = 5200ms (custom)
2019-11-01 01:12:46,124 [pool-57-thread-1] INFO  server.RaftServerConfigKeys (ConfUtils.java:logGet(43)) - raft.server.rpcslowness.timeout = 120s (custom)
2019-11-01 01:12:46,124 [pool-57-thread-1] INFO  server.RaftServerConfigKeys (ConfUtils.java:logGet(43)) - raft.server.sleep.deviation.threshold = 300 (default)
2019-11-01 01:12:46,124 [pool-57-thread-1] INFO  server.RaftServerConfigKeys (ConfUtils.java:logGet(43)) - raft.server.log.appender.install.snapshot.enabled = false (custom)
2019-11-01 01:12:46,125 [pool-57-thread-1] INFO  impl.RaftServerImpl (ServerState.java:<init>(103)) - 51058dee-2090-47d5-a97d-c0799d97638e@group-A0882977570B: ConfigurationManager, init=-1: [51058dee-2090-47d5-a97d-c0799d97638e:192.168.157.211:34007, f0e69bc2-b789-4d66-87b3-68450bbfadd1:192.168.157.211:45838, b0d7b968-1d99-44d0-9f45-0cc9cf357355:192.168.157.211:34108], old=null, confs=<EMPTY_MAP>
2019-11-01 01:12:46,125 [pool-57-thread-1] INFO  server.RaftServerConfigKeys (ConfUtils.java:logGet(43)) - raft.server.storage.dir = [/workdir/hadoop-ozone/tools/target/test-dir/MiniOzoneClusterImpl-7858d707-e611-49d6-9f20-09fa29eef7b7/datanode-3/data/ratis] (custom)
2019-11-01 01:12:46,125 [pool-47-thread-1] INFO  impl.RaftServerImpl (RaftServerImpl.java:<init>(98)) - b0d7b968-1d99-44d0-9f45-0cc9cf357355: new RaftServerImpl for group-A0882977570B:[51058dee-2090-47d5-a97d-c0799d97638e:192.168.157.211:34007, f0e69bc2-b789-4d66-87b3-68450bbfadd1:192.168.157.211:45838, b0d7b968-1d99-44d0-9f45-0cc9cf357355:192.168.157.211:34108] with ContainerStateMachine:uninitialized
2019-11-01 01:12:46,125 [pool-57-thread-1] INFO  server.RaftServerConfigKeys (ConfUtils.java:logGet(43)) - raft.server.log.corruption.policy = EXCEPTION (default)
2019-11-01 01:12:46,125 [pool-47-thread-1] INFO  server.RaftServerConfigKeys (ConfUtils.java:logGet(43)) - raft.server.rpc.timeout.min = 5s (custom)
2019-11-01 01:12:46,126 [pool-57-thread-1] INFO  storage.RaftStorageDirectory (RaftStorageDirectory.java:analyzeStorage(246)) - The storage directory /workdir/hadoop-ozone/tools/target/test-dir/MiniOzoneClusterImpl-7858d707-e611-49d6-9f20-09fa29eef7b7/datanode-3/data/ratis/a9dc3cce-7784-49c4-b6ce-a0882977570b does not exist. Creating ...
2019-11-01 01:12:46,126 [pool-47-thread-1] INFO  server.RaftServerConfigKeys (ConfUtils.java:logGet(43)) - raft.server.rpc.timeout.max = 5200ms (custom)
2019-11-01 01:12:46,126 [pool-47-thread-1] INFO  server.RaftServerConfigKeys (ConfUtils.java:logGet(43)) - raft.server.rpcslowness.timeout = 120s (custom)
2019-11-01 01:12:46,126 [pool-47-thread-1] INFO  server.RaftServerConfigKeys (ConfUtils.java:logGet(43)) - raft.server.sleep.deviation.threshold = 300 (default)
2019-11-01 01:12:46,126 [pool-47-thread-1] INFO  server.RaftServerConfigKeys (ConfUtils.java:logGet(43)) - raft.server.log.appender.install.snapshot.enabled = false (custom)
2019-11-01 01:12:46,127 [pool-47-thread-1] INFO  impl.RaftServerImpl (ServerState.java:<init>(103)) - b0d7b968-1d99-44d0-9f45-0cc9cf357355@group-A0882977570B: ConfigurationManager, init=-1: [51058dee-2090-47d5-a97d-c0799d97638e:192.168.157.211:34007, f0e69bc2-b789-4d66-87b3-68450bbfadd1:192.168.157.211:45838, b0d7b968-1d99-44d0-9f45-0cc9cf357355:192.168.157.211:34108], old=null, confs=<EMPTY_MAP>
2019-11-01 01:12:46,127 [pool-47-thread-1] INFO  server.RaftServerConfigKeys (ConfUtils.java:logGet(43)) - raft.server.storage.dir = [/workdir/hadoop-ozone/tools/target/test-dir/MiniOzoneClusterImpl-7858d707-e611-49d6-9f20-09fa29eef7b7/datanode-2/data/ratis] (custom)
2019-11-01 01:12:46,127 [pool-47-thread-1] INFO  server.RaftServerConfigKeys (ConfUtils.java:logGet(43)) - raft.server.log.corruption.policy = EXCEPTION (default)
2019-11-01 01:12:46,128 [pool-47-thread-1] INFO  storage.RaftStorageDirectory (RaftStorageDirectory.java:analyzeStorage(246)) - The storage directory /workdir/hadoop-ozone/tools/target/test-dir/MiniOzoneClusterImpl-7858d707-e611-49d6-9f20-09fa29eef7b7/datanode-2/data/ratis/a9dc3cce-7784-49c4-b6ce-a0882977570b does not exist. Creating ...
 0.00% |?                                                                                                    |  0/1 Time: 0:00:142019-11-01 01:12:47,438 [pool-27-thread-1] INFO  storage.RaftStorageDirectory (RaftStorageDirectory.java:tryLock(328)) - Lock on /workdir/hadoop-ozone/tools/target/test-dir/MiniOzoneClusterImpl-7858d707-e611-49d6-9f20-09fa29eef7b7/datanode-0/data/ratis/e6bc29a8-66b1-427e-b61a-add962c510c7/in_use.lock acquired by nodename 22876@pr-hdds-2364-master-k27gz-2975546514
2019-11-01 01:12:47,444 [b0d7b968-1d99-44d0-9f45-0cc9cf357355@group-0A73748CE663-LeaderElection2] INFO  impl.LeaderElection (LeaderElection.java:logAndReturn(56)) - b0d7b968-1d99-44d0-9f45-0cc9cf357355@group-0A73748CE663-LeaderElection2: Election PASSED; received 2 response(s) [b0d7b968-1d99-44d0-9f45-0cc9cf357355<-51058dee-2090-47d5-a97d-c0799d97638e#0:FAIL-t1, b0d7b968-1d99-44d0-9f45-0cc9cf357355<-f0e69bc2-b789-4d66-87b3-68450bbfadd1#0:OK-t1] and 0 exception(s); b0d7b968-1d99-44d0-9f45-0cc9cf357355@group-0A73748CE663:t1, leader=null, voted=b0d7b968-1d99-44d0-9f45-0cc9cf357355, raftlog=b0d7b968-1d99-44d0-9f45-0cc9cf357355@group-0A73748CE663-SegmentedRaftLog:OPENED:c-1,f-1,i0, conf=-1: [51058dee-2090-47d5-a97d-c0799d97638e:192.168.157.211:34007, f0e69bc2-b789-4d66-87b3-68450bbfadd1:192.168.157.211:45838, b0d7b968-1d99-44d0-9f45-0cc9cf357355:192.168.157.211:34108], old=null
2019-11-01 01:12:47,444 [b0d7b968-1d99-44d0-9f45-0cc9cf357355@group-0A73748CE663-LeaderElection2] INFO  impl.RoleInfo (RoleInfo.java:shutdownLeaderElection(134)) - b0d7b968-1d99-44d0-9f45-0cc9cf357355: shutdown LeaderElection
2019-11-01 01:12:47,446 [b0d7b968-1d99-44d0-9f45-0cc9cf357355@group-0A73748CE663-LeaderElection2] INFO  impl.RaftServerImpl (RaftServerImpl.java:setRole(173)) - b0d7b968-1d99-44d0-9f45-0cc9cf357355@group-0A73748CE663: changes role from CANDIDATE to LEADER at term 1 for changeToLeader
2019-11-01 01:12:47,446 [b0d7b968-1d99-44d0-9f45-0cc9cf357355@group-0A73748CE663-LeaderElection2] INFO  impl.RaftServerImpl (ServerState.java:setLeader(255)) - b0d7b968-1d99-44d0-9f45-0cc9cf357355@group-0A73748CE663: change Leader from null to b0d7b968-1d99-44d0-9f45-0cc9cf357355 at term 1 for becomeLeader, leader elected after 8977ms
2019-11-01 01:12:47,453 [b0d7b968-1d99-44d0-9f45-0cc9cf357355@group-0A73748CE663-LeaderElection2] INFO  server.RaftServerConfigKeys (ConfUtils.java:logGet(43)) - raft.server.staging.catchup.gap = 1000 (default)
2019-11-01 01:12:47,454 [b0d7b968-1d99-44d0-9f45-0cc9cf357355@group-0A73748CE663-LeaderElection2] INFO  server.RaftServerConfigKeys (ConfUtils.java:logGet(43)) - raft.server.rpc.sleep.time = 25ms (default)
2019-11-01 01:12:47,457 [b0d7b968-1d99-44d0-9f45-0cc9cf357355@group-0A73748CE663-LeaderElection2] INFO  server.RaftServerConfigKeys (ConfUtils.java:logGet(43)) - raft.server.write.element-limit = 4096 (default)
2019-11-01 01:12:47,462 [b0d7b968-1d99-44d0-9f45-0cc9cf357355@group-0A73748CE663-LeaderElection2] INFO  server.RaftServerConfigKeys (ConfUtils.java:logGet(43)) - raft.server.watch.timeout = 10s (default)
2019-11-01 01:12:47,462 [b0d7b968-1d99-44d0-9f45-0cc9cf357355@group-0A73748CE663-LeaderElection2] INFO  server.RaftServerConfigKeys (ConfUtils.java:logGet(43)) - raft.server.watch.timeout.denomination = 1s (default)
2019-11-01 01:12:47,463 [b0d7b968-1d99-44d0-9f45-0cc9cf357355@group-0A73748CE663-LeaderElection2] INFO  server.RaftServerConfigKeys (ConfUtils.java:logGet(43)) - raft.server.watch.element-limit = 65536 (default)
2019-11-01 01:12:47,473 [b0d7b968-1d99-44d0-9f45-0cc9cf357355@group-0A73748CE663-LeaderElection2] INFO  server.RaftServerConfigKeys (ConfUtils.java:logGet(43)) - raft.server.log.appender.snapshot.chunk.size.max = 16MB (=16777216) (default)
2019-11-01 01:12:47,474 [b0d7b968-1d99-44d0-9f45-0cc9cf357355@group-0A73748CE663-LeaderElection2] INFO  server.RaftServerConfigKeys (ConfUtils.java:logGet(43)) - raft.server.log.appender.buffer.byte-limit = 33554432 (custom)
2019-11-01 01:12:47,474 [b0d7b968-1d99-44d0-9f45-0cc9cf357355@group-0A73748CE663-LeaderElection2] INFO  server.RaftServerConfigKeys (ConfUtils.java:logGet(43)) - raft.server.log.appender.buffer.element-limit = 1 (custom)
2019-11-01 01:12:47,479 [b0d7b968-1d99-44d0-9f45-0cc9cf357355@group-0A73748CE663-LeaderElection2] INFO  grpc.GrpcConfigKeys$Server (ConfUtils.java:logGet(43)) - raft.grpc.server.leader.outstanding.appends.max = 128 (default)
2019-11-01 01:12:47,479 [b0d7b968-1d99-44d0-9f45-0cc9cf357355@group-0A73748CE663-LeaderElection2] INFO  server.RaftServerConfigKeys (ConfUtils.java:logGet(43)) - raft.server.rpc.request.timeout = 3000ms (default)
2019-11-01 01:12:47,479 [b0d7b968-1d99-44d0-9f45-0cc9cf357355@group-0A73748CE663-LeaderElection2] INFO  server.RaftServerConfigKeys (ConfUtils.java:logGet(43)) - raft.server.log.appender.install.snapshot.enabled = false (custom)
2019-11-01 01:12:47,481 [b0d7b968-1d99-44d0-9f45-0cc9cf357355@group-0A73748CE663-LeaderElection2] WARN  impl.MetricRegistriesImpl (MetricRegistriesImpl.java:lambda$create$1(61)) - First MetricRegistry has been created without registering reporters. You may need to call MetricRegistries.global().addReportRegistration(...) before.
2019-11-01 01:12:47,482 [b0d7b968-1d99-44d0-9f45-0cc9cf357355@group-0A73748CE663-LeaderElection2] INFO  server.RaftServerConfigKeys (ConfUtils.java:logGet(43)) - raft.server.log.appender.snapshot.chunk.size.max = 16MB (=16777216) (default)
2019-11-01 01:12:47,482 [b0d7b968-1d99-44d0-9f45-0cc9cf357355@group-0A73748CE663-LeaderElection2] INFO  server.RaftServerConfigKeys (ConfUtils.java:logGet(43)) - raft.server.log.appender.buffer.byte-limit = 33554432 (custom)
2019-11-01 01:12:47,482 [b0d7b968-1d99-44d0-9f45-0cc9cf357355@group-0A73748CE663-LeaderElection2] INFO  server.RaftServerConfigKeys (ConfUtils.java:logGet(43)) - raft.server.log.appender.buffer.element-limit = 1 (custom)
2019-11-01 01:12:47,482 [b0d7b968-1d99-44d0-9f45-0cc9cf357355@group-0A73748CE663-LeaderElection2] INFO  grpc.GrpcConfigKeys$Server (ConfUtils.java:logGet(43)) - raft.grpc.server.leader.outstanding.appends.max = 128 (default)
2019-11-01 01:12:47,483 [b0d7b968-1d99-44d0-9f45-0cc9cf357355@group-0A73748CE663-LeaderElection2] INFO  server.RaftServerConfigKeys (ConfUtils.java:logGet(43)) - raft.server.rpc.request.timeout = 3000ms (default)
2019-11-01 01:12:47,483 [b0d7b968-1d99-44d0-9f45-0cc9cf357355@group-0A73748CE663-LeaderElection2] INFO  server.RaftServerConfigKeys (ConfUtils.java:logGet(43)) - raft.server.log.appender.install.snapshot.enabled = false (custom)
2019-11-01 01:12:47,485 [b0d7b968-1d99-44d0-9f45-0cc9cf357355@group-0A73748CE663-LeaderElection2] INFO  impl.RoleInfo (RoleInfo.java:updateAndGet(143)) - b0d7b968-1d99-44d0-9f45-0cc9cf357355: start LeaderState
2019-11-01 01:12:47,502 [b0d7b968-1d99-44d0-9f45-0cc9cf357355@group-0A73748CE663-LeaderElection2] INFO  segmented.SegmentedRaftLogWorker (SegmentedRaftLogWorker.java:startLogSegment(385)) - b0d7b968-1d99-44d0-9f45-0cc9cf357355@group-0A73748CE663-SegmentedRaftLogWorker: Starting segment from index:0
2019-11-01 01:12:47,516 [b0d7b968-1d99-44d0-9f45-0cc9cf357355@group-0A73748CE663-LeaderElection2] INFO  impl.RaftServerImpl (ServerState.java:setRaftConf(356)) - b0d7b968-1d99-44d0-9f45-0cc9cf357355@group-0A73748CE663: set configuration 0: [51058dee-2090-47d5-a97d-c0799d97638e:192.168.157.211:34007, f0e69bc2-b789-4d66-87b3-68450bbfadd1:192.168.157.211:45838, b0d7b968-1d99-44d0-9f45-0cc9cf357355:192.168.157.211:34108], old=null at 0
2019-11-01 01:12:47,539 [grpc-default-executor-3] INFO  impl.RaftServerImpl (ServerState.java:setLeader(255)) - f0e69bc2-b789-4d66-87b3-68450bbfadd1@group-0A73748CE663: change Leader from null to b0d7b968-1d99-44d0-9f45-0cc9cf357355 at term 1 for appendEntries, leader elected after 7101ms
2019-11-01 01:12:47,539 [grpc-default-executor-0] INFO  impl.RaftServerImpl (ServerState.java:setLeader(255)) - 51058dee-2090-47d5-a97d-c0799d97638e@group-0A73748CE663: change Leader from null to b0d7b968-1d99-44d0-9f45-0cc9cf357355 at term 1 for appendEntries, leader elected after 9069ms
2019-11-01 01:12:47,565 [grpc-default-executor-3] INFO  impl.RaftServerImpl (ServerState.java:setRaftConf(356)) - f0e69bc2-b789-4d66-87b3-68450bbfadd1@group-0A73748CE663: set configuration 0: [51058dee-2090-47d5-a97d-c0799d97638e:192.168.157.211:34007, f0e69bc2-b789-4d66-87b3-68450bbfadd1:192.168.157.211:45838, b0d7b968-1d99-44d0-9f45-0cc9cf357355:192.168.157.211:34108], old=null at 0
2019-11-01 01:12:47,565 [grpc-default-executor-3] INFO  segmented.SegmentedRaftLogWorker (SegmentedRaftLogWorker.java:startLogSegment(385)) - f0e69bc2-b789-4d66-87b3-68450bbfadd1@group-0A73748CE663-SegmentedRaftLogWorker: Starting segment from index:0
2019-11-01 01:12:47,565 [grpc-default-executor-0] INFO  impl.RaftServerImpl (ServerState.java:setRaftConf(356)) - 51058dee-2090-47d5-a97d-c0799d97638e@group-0A73748CE663: set configuration 0: [51058dee-2090-47d5-a97d-c0799d97638e:192.168.157.211:34007, f0e69bc2-b789-4d66-87b3-68450bbfadd1:192.168.157.211:45838, b0d7b968-1d99-44d0-9f45-0cc9cf357355:192.168.157.211:34108], old=null at 0
2019-11-01 01:12:47,566 [grpc-default-executor-0] INFO  segmented.SegmentedRaftLogWorker (SegmentedRaftLogWorker.java:startLogSegment(385)) - 51058dee-2090-47d5-a97d-c0799d97638e@group-0A73748CE663-SegmentedRaftLogWorker: Starting segment from index:0
 0.00% |?                                                                                                    |  0/1 Time: 0:00:152019-11-01 01:12:48,571 [Thread-228] INFO  impl.FollowerState (FollowerState.java:run(111)) - f0e69bc2-b789-4d66-87b3-68450bbfadd1@group-CD47EA837FE9-FollowerState: change to CANDIDATE, lastRpcTime:5059ms, electionTimeout:5059ms
2019-11-01 01:12:48,571 [Thread-228] INFO  impl.RoleInfo (RoleInfo.java:shutdownFollowerState(121)) - f0e69bc2-b789-4d66-87b3-68450bbfadd1: shutdown FollowerState
2019-11-01 01:12:48,571 [Thread-228] INFO  impl.RaftServerImpl (RaftServerImpl.java:setRole(173)) - f0e69bc2-b789-4d66-87b3-68450bbfadd1@group-CD47EA837FE9: changes role from  FOLLOWER to CANDIDATE at term 0 for changeToCandidate
2019-11-01 01:12:48,571 [Thread-228] INFO  impl.RoleInfo (RoleInfo.java:updateAndGet(143)) - f0e69bc2-b789-4d66-87b3-68450bbfadd1: start LeaderElection
2019-11-01 01:12:48,644 [pool-47-thread-1] INFO  storage.RaftStorageDirectory (RaftStorageDirectory.java:tryLock(328)) - Lock on /workdir/hadoop-ozone/tools/target/test-dir/MiniOzoneClusterImpl-7858d707-e611-49d6-9f20-09fa29eef7b7/datanode-2/data/ratis/a9dc3cce-7784-49c4-b6ce-a0882977570b/in_use.lock acquired by nodename 22876@pr-hdds-2364-master-k27gz-2975546514
2019-11-01 01:12:48,644 [pool-57-thread-1] INFO  storage.RaftStorageDirectory (RaftStorageDirectory.java:tryLock(328)) - Lock on /workdir/hadoop-ozone/tools/target/test-dir/MiniOzoneClusterImpl-7858d707-e611-49d6-9f20-09fa29eef7b7/datanode-3/data/ratis/a9dc3cce-7784-49c4-b6ce-a0882977570b/in_use.lock acquired by nodename 22876@pr-hdds-2364-master-k27gz-2975546514
2019-11-01 01:12:48,748 [f0e69bc2-b789-4d66-87b3-68450bbfadd1@group-0A73748CE663-SegmentedRaftLogWorker] INFO  segmented.SegmentedRaftLogWorker (SegmentedRaftLogWorker.java:execute(576)) - f0e69bc2-b789-4d66-87b3-68450bbfadd1@group-0A73748CE663-SegmentedRaftLogWorker: created new log segment /workdir/hadoop-ozone/tools/target/test-dir/MiniOzoneClusterImpl-7858d707-e611-49d6-9f20-09fa29eef7b7/datanode-0/data/ratis/85aa0912-c45d-4a43-b937-0a73748ce663/current/log_inprogress_0
2019-11-01 01:12:48,748 [b0d7b968-1d99-44d0-9f45-0cc9cf357355@group-0A73748CE663-SegmentedRaftLogWorker] INFO  segmented.SegmentedRaftLogWorker (SegmentedRaftLogWorker.java:execute(576)) - b0d7b968-1d99-44d0-9f45-0cc9cf357355@group-0A73748CE663-SegmentedRaftLogWorker: created new log segment /workdir/hadoop-ozone/tools/target/test-dir/MiniOzoneClusterImpl-7858d707-e611-49d6-9f20-09fa29eef7b7/datanode-2/data/ratis/85aa0912-c45d-4a43-b937-0a73748ce663/current/log_inprogress_0
2019-11-01 01:12:48,748 [51058dee-2090-47d5-a97d-c0799d97638e@group-0A73748CE663-SegmentedRaftLogWorker] INFO  segmented.SegmentedRaftLogWorker (SegmentedRaftLogWorker.java:execute(576)) - 51058dee-2090-47d5-a97d-c0799d97638e@group-0A73748CE663-SegmentedRaftLogWorker: created new log segment /workdir/hadoop-ozone/tools/target/test-dir/MiniOzoneClusterImpl-7858d707-e611-49d6-9f20-09fa29eef7b7/datanode-3/data/ratis/85aa0912-c45d-4a43-b937-0a73748ce663/current/log_inprogress_0
 0.00% |?                                                                                                    |  0/1 Time: 0:00:162019-11-01 01:12:49,120 [RATISCREATEPIPELINE2] ERROR pipeline.RatisPipelineProvider (RatisPipelineProvider.java:lambda$null$5(237)) - Failed invoke Ratis rpc org.apache.hadoop.hdds.scm.pipeline.RatisPipelineProvider$$Lambda$196/1409674311@3f4721af for b0d7b968-1d99-44d0-9f45-0cc9cf357355
org.apache.ratis.protocol.TimeoutIOException: deadline exceeded after 2998444913ns
	at org.apache.ratis.grpc.GrpcUtil.tryUnwrapException(GrpcUtil.java:82)
	at org.apache.ratis.grpc.GrpcUtil.unwrapException(GrpcUtil.java:75)
	at org.apache.ratis.grpc.client.GrpcClientProtocolClient.blockingCall(GrpcClientProtocolClient.java:184)
	at org.apache.ratis.grpc.client.GrpcClientProtocolClient.groupAdd(GrpcClientProtocolClient.java:153)
	at org.apache.ratis.grpc.client.GrpcClientRpc.sendRequest(GrpcClientRpc.java:94)
	at org.apache.ratis.client.impl.RaftClientImpl.sendRequest(RaftClientImpl.java:278)
	at org.apache.ratis.client.impl.RaftClientImpl.groupAdd(RaftClientImpl.java:205)
	at org.apache.hadoop.hdds.scm.pipeline.RatisPipelineProvider.lambda$initializePipeline$4(RatisPipelineProvider.java:198)
	at org.apache.hadoop.hdds.scm.pipeline.RatisPipelineProvider.lambda$null$5(RatisPipelineProvider.java:233)
	at java.util.stream.ForEachOps$ForEachOp$OfRef.accept(ForEachOps.java:183)
	at java.util.ArrayList$ArrayListSpliterator.forEachRemaining(ArrayList.java:1382)
	at java.util.stream.AbstractPipeline.copyInto(AbstractPipeline.java:482)
	at java.util.stream.ForEachOps$ForEachTask.compute(ForEachOps.java:290)
	at java.util.concurrent.CountedCompleter.exec(CountedCompleter.java:731)
	at java.util.concurrent.ForkJoinTask.doExec(ForkJoinTask.java:289)
	at java.util.concurrent.ForkJoinPool$WorkQueue.runTask(ForkJoinPool.java:1056)
	at java.util.concurrent.ForkJoinPool.runWorker(ForkJoinPool.java:1692)
	at java.util.concurrent.ForkJoinWorkerThread.run(ForkJoinWorkerThread.java:157)
Caused by: org.apache.ratis.thirdparty.io.grpc.StatusRuntimeException: DEADLINE_EXCEEDED: deadline exceeded after 2998444913ns
	at org.apache.ratis.thirdparty.io.grpc.stub.ClientCalls.toStatusRuntimeException(ClientCalls.java:233)
	at org.apache.ratis.thirdparty.io.grpc.stub.ClientCalls.getUnchecked(ClientCalls.java:214)
	at org.apache.ratis.thirdparty.io.grpc.stub.ClientCalls.blockingUnaryCall(ClientCalls.java:139)
	at org.apache.ratis.proto.grpc.AdminProtocolServiceGrpc$AdminProtocolServiceBlockingStub.groupManagement(AdminProtocolServiceGrpc.java:274)
	at org.apache.ratis.grpc.client.GrpcClientProtocolClient.lambda$groupAdd$3(GrpcClientProtocolClient.java:155)
	at org.apache.ratis.grpc.client.GrpcClientProtocolClient.blockingCall(GrpcClientProtocolClient.java:182)
	... 15 more
2019-11-01 01:12:49,124 [RATISCREATEPIPELINE3] ERROR pipeline.RatisPipelineProvider (RatisPipelineProvider.java:lambda$null$5(237)) - Failed invoke Ratis rpc org.apache.hadoop.hdds.scm.pipeline.RatisPipelineProvider$$Lambda$196/1409674311@3f4721af for f0e69bc2-b789-4d66-87b3-68450bbfadd1
org.apache.ratis.protocol.TimeoutIOException: deadline exceeded after 2998612299ns
	at org.apache.ratis.grpc.GrpcUtil.tryUnwrapException(GrpcUtil.java:82)
	at org.apache.ratis.grpc.GrpcUtil.unwrapException(GrpcUtil.java:75)
	at org.apache.ratis.grpc.client.GrpcClientProtocolClient.blockingCall(GrpcClientProtocolClient.java:184)
	at org.apache.ratis.grpc.client.GrpcClientProtocolClient.groupAdd(GrpcClientProtocolClient.java:153)
	at org.apache.ratis.grpc.client.GrpcClientRpc.sendRequest(GrpcClientRpc.java:94)
	at org.apache.ratis.client.impl.RaftClientImpl.sendRequest(RaftClientImpl.java:278)
	at org.apache.ratis.client.impl.RaftClientImpl.groupAdd(RaftClientImpl.java:205)
	at org.apache.hadoop.hdds.scm.pipeline.RatisPipelineProvider.lambda$initializePipeline$4(RatisPipelineProvider.java:198)
	at org.apache.hadoop.hdds.scm.pipeline.RatisPipelineProvider.lambda$null$5(RatisPipelineProvider.java:233)
	at java.util.stream.ForEachOps$ForEachOp$OfRef.accept(ForEachOps.java:183)
	at java.util.ArrayList$ArrayListSpliterator.forEachRemaining(ArrayList.java:1382)
	at java.util.stream.AbstractPipeline.copyInto(AbstractPipeline.java:482)
	at java.util.stream.ForEachOps$ForEachTask.compute(ForEachOps.java:290)
	at java.util.concurrent.CountedCompleter.exec(CountedCompleter.java:731)
	at java.util.concurrent.ForkJoinTask.doExec(ForkJoinTask.java:289)
	at java.util.concurrent.ForkJoinPool$WorkQueue.runTask(ForkJoinPool.java:1056)
	at java.util.concurrent.ForkJoinPool.runWorker(ForkJoinPool.java:1692)
	at java.util.concurrent.ForkJoinWorkerThread.run(ForkJoinWorkerThread.java:157)
Caused by: org.apache.ratis.thirdparty.io.grpc.StatusRuntimeException: DEADLINE_EXCEEDED: deadline exceeded after 2998612299ns
	at org.apache.ratis.thirdparty.io.grpc.stub.ClientCalls.toStatusRuntimeException(ClientCalls.java:233)
	at org.apache.ratis.thirdparty.io.grpc.stub.ClientCalls.getUnchecked(ClientCalls.java:214)
	at org.apache.ratis.thirdparty.io.grpc.stub.ClientCalls.blockingUnaryCall(ClientCalls.java:139)
	at org.apache.ratis.proto.grpc.AdminProtocolServiceGrpc$AdminProtocolServiceBlockingStub.groupManagement(AdminProtocolServiceGrpc.java:274)
	at org.apache.ratis.grpc.client.GrpcClientProtocolClient.lambda$groupAdd$3(GrpcClientProtocolClient.java:155)
	at org.apache.ratis.grpc.client.GrpcClientProtocolClient.blockingCall(GrpcClientProtocolClient.java:182)
	... 15 more
2019-11-01 01:12:49,124 [RATISCREATEPIPELINE1] ERROR pipeline.RatisPipelineProvider (RatisPipelineProvider.java:lambda$null$5(237)) - Failed invoke Ratis rpc org.apache.hadoop.hdds.scm.pipeline.RatisPipelineProvider$$Lambda$196/1409674311@3f4721af for 51058dee-2090-47d5-a97d-c0799d97638e
org.apache.ratis.protocol.TimeoutIOException: deadline exceeded after 2998393772ns
	at org.apache.ratis.grpc.GrpcUtil.tryUnwrapException(GrpcUtil.java:82)
	at org.apache.ratis.grpc.GrpcUtil.unwrapException(GrpcUtil.java:75)
	at org.apache.ratis.grpc.client.GrpcClientProtocolClient.blockingCall(GrpcClientProtocolClient.java:184)
	at org.apache.ratis.grpc.client.GrpcClientProtocolClient.groupAdd(GrpcClientProtocolClient.java:153)
	at org.apache.ratis.grpc.client.GrpcClientRpc.sendRequest(GrpcClientRpc.java:94)
	at org.apache.ratis.client.impl.RaftClientImpl.sendRequest(RaftClientImpl.java:278)
	at org.apache.ratis.client.impl.RaftClientImpl.groupAdd(RaftClientImpl.java:205)
	at org.apache.hadoop.hdds.scm.pipeline.RatisPipelineProvider.lambda$initializePipeline$4(RatisPipelineProvider.java:198)
	at org.apache.hadoop.hdds.scm.pipeline.RatisPipelineProvider.lambda$null$5(RatisPipelineProvider.java:233)
	at java.util.stream.ForEachOps$ForEachOp$OfRef.accept(ForEachOps.java:183)
	at java.util.ArrayList$ArrayListSpliterator.forEachRemaining(ArrayList.java:1382)
	at java.util.stream.AbstractPipeline.copyInto(AbstractPipeline.java:482)
	at java.util.stream.ForEachOps$ForEachTask.compute(ForEachOps.java:290)
	at java.util.concurrent.CountedCompleter.exec(CountedCompleter.java:731)
	at java.util.concurrent.ForkJoinTask.doExec(ForkJoinTask.java:289)
	at java.util.concurrent.ForkJoinTask.doInvoke(ForkJoinTask.java:401)
	at java.util.concurrent.ForkJoinTask.invoke(ForkJoinTask.java:734)
	at java.util.stream.ForEachOps$ForEachOp.evaluateParallel(ForEachOps.java:159)
	at java.util.stream.ForEachOps$ForEachOp$OfRef.evaluateParallel(ForEachOps.java:173)
	at java.util.stream.AbstractPipeline.evaluate(AbstractPipeline.java:233)
	at java.util.stream.ReferencePipeline.forEach(ReferencePipeline.java:485)
	at java.util.stream.ReferencePipeline$Head.forEach(ReferencePipeline.java:650)
	at org.apache.hadoop.hdds.scm.pipeline.RatisPipelineProvider.lambda$callRatisRpc$6(RatisPipelineProvider.java:227)
	at java.util.concurrent.ForkJoinTask$AdaptedRunnableAction.exec(ForkJoinTask.java:1386)
	at java.util.concurrent.ForkJoinTask.doExec(ForkJoinTask.java:289)
	at java.util.concurrent.ForkJoinPool$WorkQueue.runTask(ForkJoinPool.java:1056)
	at java.util.concurrent.ForkJoinPool.runWorker(ForkJoinPool.java:1692)
	at java.util.concurrent.ForkJoinWorkerThread.run(ForkJoinWorkerThread.java:157)
Caused by: org.apache.ratis.thirdparty.io.grpc.StatusRuntimeException: DEADLINE_EXCEEDED: deadline exceeded after 2998393772ns
	at org.apache.ratis.thirdparty.io.grpc.stub.ClientCalls.toStatusRuntimeException(ClientCalls.java:233)
	at org.apache.ratis.thirdparty.io.grpc.stub.ClientCalls.getUnchecked(ClientCalls.java:214)
	at org.apache.ratis.thirdparty.io.grpc.stub.ClientCalls.blockingUnaryCall(ClientCalls.java:139)
	at org.apache.ratis.proto.grpc.AdminProtocolServiceGrpc$AdminProtocolServiceBlockingStub.groupManagement(AdminProtocolServiceGrpc.java:274)
	at org.apache.ratis.grpc.client.GrpcClientProtocolClient.lambda$groupAdd$3(GrpcClientProtocolClient.java:155)
	at org.apache.ratis.grpc.client.GrpcClientProtocolClient.blockingCall(GrpcClientProtocolClient.java:182)
	... 25 more
2019-11-01 01:12:49,128 [IPC Server handler 18 on 34347] WARN  block.BlockManagerImpl (BlockManagerImpl.java:allocateBlock(200)) - Pipeline creation failed for type:RATIS factor:THREE. Retrying get pipelines call once.
org.apache.hadoop.io.MultipleIOException: 3 exceptions [java.io.IOException: Failed invoke Ratis rpc org.apache.hadoop.hdds.scm.pipeline.RatisPipelineProvider$$Lambda$196/1409674311@3f4721af for b0d7b968-1d99-44d0-9f45-0cc9cf357355, java.io.IOException: Failed invoke Ratis rpc org.apache.hadoop.hdds.scm.pipeline.RatisPipelineProvider$$Lambda$196/1409674311@3f4721af for f0e69bc2-b789-4d66-87b3-68450bbfadd1, java.io.IOException: Failed invoke Ratis rpc org.apache.hadoop.hdds.scm.pipeline.RatisPipelineProvider$$Lambda$196/1409674311@3f4721af for 51058dee-2090-47d5-a97d-c0799d97638e]
	at org.apache.hadoop.io.MultipleIOException.createIOException(MultipleIOException.java:53)
	at org.apache.hadoop.hdds.scm.pipeline.RatisPipelineProvider.callRatisRpc(RatisPipelineProvider.java:253)
	at org.apache.hadoop.hdds.scm.pipeline.RatisPipelineProvider.initializePipeline(RatisPipelineProvider.java:196)
	at org.apache.hadoop.hdds.scm.pipeline.RatisPipelineProvider.create(RatisPipelineProvider.java:163)
	at org.apache.hadoop.hdds.scm.pipeline.PipelineFactory.create(PipelineFactory.java:58)
	at org.apache.hadoop.hdds.scm.pipeline.SCMPipelineManager.createPipeline(SCMPipelineManager.java:155)
	at org.apache.hadoop.hdds.scm.block.BlockManagerImpl.allocateBlock(BlockManagerImpl.java:198)
	at org.apache.hadoop.hdds.scm.server.SCMBlockProtocolServer.allocateBlock(SCMBlockProtocolServer.java:187)
	at org.apache.hadoop.hdds.scm.protocol.ScmBlockLocationProtocolServerSideTranslatorPB.allocateScmBlock(ScmBlockLocationProtocolServerSideTranslatorPB.java:159)
	at org.apache.hadoop.hdds.scm.protocol.ScmBlockLocationProtocolServerSideTranslatorPB.processMessage(ScmBlockLocationProtocolServerSideTranslatorPB.java:117)
	at org.apache.hadoop.hdds.server.OzoneProtocolMessageDispatcher.processRequest(OzoneProtocolMessageDispatcher.java:72)
	at org.apache.hadoop.hdds.scm.protocol.ScmBlockLocationProtocolServerSideTranslatorPB.send(ScmBlockLocationProtocolServerSideTranslatorPB.java:98)
	at org.apache.hadoop.hdds.protocol.proto.ScmBlockLocationProtocolProtos$ScmBlockLocationProtocolService$2.callBlockingMethod(ScmBlockLocationProtocolProtos.java:13157)
	at org.apache.hadoop.ipc.ProtobufRpcEngine$Server$ProtoBufRpcInvoker.call(ProtobufRpcEngine.java:524)
	at org.apache.hadoop.ipc.RPC$Server.call(RPC.java:1025)
	at org.apache.hadoop.ipc.Server$RpcCall.run(Server.java:876)
	at org.apache.hadoop.ipc.Server$RpcCall.run(Server.java:822)
	at java.security.AccessController.doPrivileged(Native Method)
	at javax.security.auth.Subject.doAs(Subject.java:422)
	at org.apache.hadoop.security.UserGroupInformation.doAs(UserGroupInformation.java:1730)
	at org.apache.hadoop.ipc.Server$Handler.run(Server.java:2682)
2019-11-01 01:12:49,129 [IPC Server handler 18 on 34347] INFO  block.BlockManagerImpl (BlockManagerImpl.java:allocateBlock(212)) - Could not find available pipeline of type:RATIS and factor:THREE even after retrying
2019-11-01 01:12:49,129 [IPC Server handler 18 on 34347] ERROR block.BlockManagerImpl (BlockManagerImpl.java:allocateBlock(236)) - Unable to allocate a block for the size: 4194304, type: RATIS, factor: THREE
2019-11-01 01:12:49,167 [grpc-default-executor-1] INFO  impl.RaftServerProxy (RaftServerProxy.java:addNew(89)) - f0e69bc2-b789-4d66-87b3-68450bbfadd1: addNew group-7441A65FF976:[51058dee-2090-47d5-a97d-c0799d97638e:192.168.157.211:34007, f0e69bc2-b789-4d66-87b3-68450bbfadd1:192.168.157.211:45838, b0d7b968-1d99-44d0-9f45-0cc9cf357355:192.168.157.211:34108] returns group-7441A65FF976:java.util.concurrent.CompletableFuture@54925018[Not completed]
2019-11-01 01:12:49,167 [grpc-default-executor-3] INFO  impl.RaftServerProxy (RaftServerProxy.java:addNew(89)) - b0d7b968-1d99-44d0-9f45-0cc9cf357355: addNew group-7441A65FF976:[51058dee-2090-47d5-a97d-c0799d97638e:192.168.157.211:34007, f0e69bc2-b789-4d66-87b3-68450bbfadd1:192.168.157.211:45838, b0d7b968-1d99-44d0-9f45-0cc9cf357355:192.168.157.211:34108] returns group-7441A65FF976:java.util.concurrent.CompletableFuture@5f92c49a[Not completed]
2019-11-01 01:12:49,167 [grpc-default-executor-2] INFO  impl.RaftServerProxy (RaftServerProxy.java:addNew(89)) - 51058dee-2090-47d5-a97d-c0799d97638e: addNew group-7441A65FF976:[51058dee-2090-47d5-a97d-c0799d97638e:192.168.157.211:34007, f0e69bc2-b789-4d66-87b3-68450bbfadd1:192.168.157.211:45838, b0d7b968-1d99-44d0-9f45-0cc9cf357355:192.168.157.211:34108] returns group-7441A65FF976:java.util.concurrent.CompletableFuture@6c5dbb28[Not completed]
2019-11-01 01:12:49,498 [pool-27-thread-1] INFO  storage.RaftStorage (RaftStorage.java:format(84)) - Storage directory /workdir/hadoop-ozone/tools/target/test-dir/MiniOzoneClusterImpl-7858d707-e611-49d6-9f20-09fa29eef7b7/datanode-0/data/ratis/e6bc29a8-66b1-427e-b61a-add962c510c7 has been successfully formatted.
2019-11-01 01:12:49,499 [pool-27-thread-1] INFO  ratis.ContainerStateMachine (ContainerStateMachine.java:loadSnapshot(231)) - group-ADD962C510C7: The snapshot info is null. Setting the last applied indexto:(t:0, i:~)
2019-11-01 01:12:49,499 [pool-27-thread-1] INFO  server.RaftServerConfigKeys (ConfUtils.java:logGet(43)) - raft.server.notification.no-leader.timeout = 120s (custom)
2019-11-01 01:12:49,499 [pool-27-thread-1] INFO  server.RaftServerConfigKeys (ConfUtils.java:logGet(43)) - raft.server.log.use.memory = false (default)
2019-11-01 01:12:49,500 [pool-27-thread-1] INFO  server.RaftServerConfigKeys (ConfUtils.java:logGet(43)) - raft.server.log.purge.gap = 1000000 (custom)
2019-11-01 01:12:49,500 [pool-27-thread-1] INFO  server.RaftServerConfigKeys (ConfUtils.java:logGet(43)) - raft.server.log.appender.buffer.byte-limit = 33554432 (custom)
2019-11-01 01:12:49,500 [pool-27-thread-1] INFO  server.RaftServerConfigKeys (ConfUtils.java:logGet(43)) - raft.server.log.segment.size.max = 1048576 (custom)
2019-11-01 01:12:49,500 [pool-27-thread-1] INFO  server.RaftServerConfigKeys (ConfUtils.java:logGet(43)) - raft.server.log.segment.cache.num.max = 2 (custom)
2019-11-01 01:12:49,500 [pool-27-thread-1] INFO  segmented.SegmentedRaftLogWorker (SegmentedRaftLogWorker.java:<init>(173)) - new f0e69bc2-b789-4d66-87b3-68450bbfadd1@group-ADD962C510C7-SegmentedRaftLogWorker for RaftStorage:Storage Directory /workdir/hadoop-ozone/tools/target/test-dir/MiniOzoneClusterImpl-7858d707-e611-49d6-9f20-09fa29eef7b7/datanode-0/data/ratis/e6bc29a8-66b1-427e-b61a-add962c510c7
2019-11-01 01:12:49,501 [pool-27-thread-1] INFO  server.RaftServerConfigKeys (ConfUtils.java:logGet(43)) - raft.server.log.queue.byte-limit = 2147483647 (custom)
2019-11-01 01:12:49,501 [pool-27-thread-1] INFO  server.RaftServerConfigKeys (ConfUtils.java:logGet(43)) - raft.server.log.queue.element-limit = 1024 (custom)
2019-11-01 01:12:49,501 [pool-27-thread-1] INFO  server.RaftServerConfigKeys (ConfUtils.java:logGet(43)) - raft.server.log.segment.size.max = 1048576 (custom)
2019-11-01 01:12:49,501 [pool-27-thread-1] INFO  server.RaftServerConfigKeys (ConfUtils.java:logGet(43)) - raft.server.log.preallocated.size = 16384 (custom)
2019-11-01 01:12:49,501 [pool-27-thread-1] INFO  server.RaftServerConfigKeys (ConfUtils.java:logGet(43)) - raft.server.log.write.buffer.size = 33554432 (custom)
2019-11-01 01:12:49,501 [pool-27-thread-1] INFO  server.RaftServerConfigKeys (ConfUtils.java:logGet(43)) - raft.server.log.force.sync.num = 128 (default)
2019-11-01 01:12:49,502 [pool-27-thread-1] INFO  server.RaftServerConfigKeys (ConfUtils.java:logGet(43)) - raft.server.log.statemachine.data.sync = true (default)
2019-11-01 01:12:49,502 [pool-27-thread-1] INFO  server.RaftServerConfigKeys (ConfUtils.java:logGet(43)) - raft.server.log.statemachine.data.sync.timeout = 10s (default)
2019-11-01 01:12:49,502 [pool-27-thread-1] INFO  server.RaftServerConfigKeys (ConfUtils.java:logGet(43)) - raft.server.log.statemachine.data.sync.timeout.retry = -1 (default)
2019-11-01 01:12:49,502 [pool-27-thread-1] INFO  server.RaftServerConfigKeys (ConfUtils.java:logGet(43)) - raft.server.log.statemachine.data.caching.enabled = true (custom)
2019-11-01 01:12:49,503 [pool-27-thread-1] INFO  segmented.SegmentedRaftLogWorker (SegmentedRaftLogWorker.java:lambda$new$0(128)) - f0e69bc2-b789-4d66-87b3-68450bbfadd1@group-ADD962C510C7-SegmentedRaftLogWorker: flushIndex: setUnconditionally 0 -> -1
2019-11-01 01:12:49,503 [pool-27-thread-1] INFO  server.RaftServerConfigKeys (ConfUtils.java:logGet(43)) - raft.server.snapshot.auto.trigger.enabled = true (custom)
2019-11-01 01:12:49,504 [pool-27-thread-1] INFO  server.RaftServerConfigKeys (ConfUtils.java:logGet(43)) - raft.server.snapshot.auto.trigger.threshold = 10000 (custom)
2019-11-01 01:12:49,504 [pool-27-thread-1] INFO  server.RaftServerConfigKeys (ConfUtils.java:logGet(43)) - raft.server.snapshot.retention.file.num = 5 (custom)
2019-11-01 01:12:49,504 [pool-27-thread-1] INFO  server.RaftServerConfigKeys (ConfUtils.java:logGet(43)) - raft.server.retrycache.expirytime = 600000ms (custom)
2019-11-01 01:12:49,504 [pool-27-thread-1] WARN  impl.MetricRegistriesImpl (MetricRegistriesImpl.java:lambda$create$1(61)) - First MetricRegistry has been created without registering reporters. You may need to call MetricRegistries.global().addReportRegistration(...) before.
2019-11-01 01:12:49,505 [pool-27-thread-1] WARN  impl.MetricRegistriesImpl (MetricRegistriesImpl.java:lambda$create$1(61)) - First MetricRegistry has been created without registering reporters. You may need to call MetricRegistries.global().addReportRegistration(...) before.
2019-11-01 01:12:49,505 [pool-27-thread-1] INFO  impl.RaftServerImpl (RaftServerImpl.java:start(184)) - f0e69bc2-b789-4d66-87b3-68450bbfadd1@group-45DC7F372F17: start as a follower, conf=-1: [f0e69bc2-b789-4d66-87b3-68450bbfadd1:192.168.157.211:45838], old=null
2019-11-01 01:12:49,505 [pool-27-thread-1] INFO  impl.RaftServerImpl (RaftServerImpl.java:setRole(173)) - f0e69bc2-b789-4d66-87b3-68450bbfadd1@group-45DC7F372F17: changes role from      null to FOLLOWER at term 0 for startAsFollower
2019-11-01 01:12:49,506 [pool-27-thread-1] INFO  impl.RoleInfo (RoleInfo.java:updateAndGet(143)) - f0e69bc2-b789-4d66-87b3-68450bbfadd1: start FollowerState
2019-11-01 01:12:49,506 [pool-27-thread-1] INFO  util.JmxRegister (JmxRegister.java:tryRegister(44)) - Successfully registered JMX Bean with object name Ratis:service=RaftServer,group=group-45DC7F372F17,id=f0e69bc2-b789-4d66-87b3-68450bbfadd1
2019-11-01 01:12:49,506 [pool-27-thread-1] WARN  impl.MetricRegistriesImpl (MetricRegistriesImpl.java:lambda$create$1(61)) - First MetricRegistry has been created without registering reporters. You may need to call MetricRegistries.global().addReportRegistration(...) before.
2019-11-01 01:12:49,507 [pool-27-thread-1] INFO  impl.RaftServerImpl (RaftServerImpl.java:start(184)) - f0e69bc2-b789-4d66-87b3-68450bbfadd1@group-C1642148D20B: start as a follower, conf=-1: [51058dee-2090-47d5-a97d-c0799d97638e:192.168.157.211:34007, f0e69bc2-b789-4d66-87b3-68450bbfadd1:192.168.157.211:45838, b0d7b968-1d99-44d0-9f45-0cc9cf357355:192.168.157.211:34108], old=null
2019-11-01 01:12:49,507 [pool-27-thread-1] INFO  impl.RaftServerImpl (RaftServerImpl.java:setRole(173)) - f0e69bc2-b789-4d66-87b3-68450bbfadd1@group-C1642148D20B: changes role from      null to FOLLOWER at term 0 for startAsFollower
2019-11-01 01:12:49,507 [pool-27-thread-1] INFO  impl.RoleInfo (RoleInfo.java:updateAndGet(143)) - f0e69bc2-b789-4d66-87b3-68450bbfadd1: start FollowerState
2019-11-01 01:12:49,508 [pool-27-thread-1] INFO  util.JmxRegister (JmxRegister.java:tryRegister(44)) - Successfully registered JMX Bean with object name Ratis:service=RaftServer,group=group-C1642148D20B,id=f0e69bc2-b789-4d66-87b3-68450bbfadd1
2019-11-01 01:12:49,508 [pool-27-thread-1] WARN  impl.MetricRegistriesImpl (MetricRegistriesImpl.java:lambda$create$1(61)) - First MetricRegistry has been created without registering reporters. You may need to call MetricRegistries.global().addReportRegistration(...) before.
2019-11-01 01:12:49,508 [f0e69bc2-b789-4d66-87b3-68450bbfadd1@group-CD47EA837FE9-LeaderElection3] INFO  impl.LeaderElection (LeaderElection.java:askForVotes(178)) - f0e69bc2-b789-4d66-87b3-68450bbfadd1@group-CD47EA837FE9-LeaderElection3: begin an election at term 1 for -1: [f0e69bc2-b789-4d66-87b3-68450bbfadd1:192.168.157.211:45838], old=null
2019-11-01 01:12:49,508 [f0e69bc2-b789-4d66-87b3-68450bbfadd1@group-CD47EA837FE9-LeaderElection3] INFO  impl.RoleInfo (RoleInfo.java:shutdownLeaderElection(134)) - f0e69bc2-b789-4d66-87b3-68450bbfadd1: shutdown LeaderElection
2019-11-01 01:12:49,509 [f0e69bc2-b789-4d66-87b3-68450bbfadd1@group-CD47EA837FE9-LeaderElection3] INFO  impl.RaftServerImpl (RaftServerImpl.java:setRole(173)) - f0e69bc2-b789-4d66-87b3-68450bbfadd1@group-CD47EA837FE9: changes role from CANDIDATE to LEADER at term 1 for changeToLeader
2019-11-01 01:12:49,509 [f0e69bc2-b789-4d66-87b3-68450bbfadd1@group-CD47EA837FE9-LeaderElection3] INFO  impl.RaftServerImpl (ServerState.java:setLeader(255)) - f0e69bc2-b789-4d66-87b3-68450bbfadd1@group-CD47EA837FE9: change Leader from null to f0e69bc2-b789-4d66-87b3-68450bbfadd1 at term 1 for becomeLeader, leader elected after 11912ms
2019-11-01 01:12:49,511 [f0e69bc2-b789-4d66-87b3-68450bbfadd1@group-CD47EA837FE9-LeaderElection3] INFO  server.RaftServerConfigKeys (ConfUtils.java:logGet(43)) - raft.server.staging.catchup.gap = 1000 (default)
2019-11-01 01:12:49,511 [f0e69bc2-b789-4d66-87b3-68450bbfadd1@group-CD47EA837FE9-LeaderElection3] INFO  server.RaftServerConfigKeys (ConfUtils.java:logGet(43)) - raft.server.rpc.sleep.time = 25ms (default)
2019-11-01 01:12:49,511 [f0e69bc2-b789-4d66-87b3-68450bbfadd1@group-CD47EA837FE9-LeaderElection3] INFO  server.RaftServerConfigKeys (ConfUtils.java:logGet(43)) - raft.server.write.element-limit = 4096 (default)
2019-11-01 01:12:49,511 [f0e69bc2-b789-4d66-87b3-68450bbfadd1@group-CD47EA837FE9-LeaderElection3] INFO  server.RaftServerConfigKeys (ConfUtils.java:logGet(43)) - raft.server.watch.timeout = 10s (default)
2019-11-01 01:12:49,511 [f0e69bc2-b789-4d66-87b3-68450bbfadd1@group-CD47EA837FE9-LeaderElection3] INFO  server.RaftServerConfigKeys (ConfUtils.java:logGet(43)) - raft.server.watch.timeout.denomination = 1s (default)
2019-11-01 01:12:49,511 [f0e69bc2-b789-4d66-87b3-68450bbfadd1@group-CD47EA837FE9-LeaderElection3] INFO  server.RaftServerConfigKeys (ConfUtils.java:logGet(43)) - raft.server.watch.element-limit = 65536 (default)
2019-11-01 01:12:49,512 [f0e69bc2-b789-4d66-87b3-68450bbfadd1@group-CD47EA837FE9-LeaderElection3] INFO  impl.RoleInfo (RoleInfo.java:updateAndGet(143)) - f0e69bc2-b789-4d66-87b3-68450bbfadd1: start LeaderState
2019-11-01 01:12:49,512 [f0e69bc2-b789-4d66-87b3-68450bbfadd1@group-CD47EA837FE9-LeaderElection3] INFO  segmented.SegmentedRaftLogWorker (SegmentedRaftLogWorker.java:startLogSegment(385)) - f0e69bc2-b789-4d66-87b3-68450bbfadd1@group-CD47EA837FE9-SegmentedRaftLogWorker: Starting segment from index:0
2019-11-01 01:12:49,513 [pool-27-thread-1] INFO  impl.RaftServerImpl (RaftServerImpl.java:<init>(98)) - f0e69bc2-b789-4d66-87b3-68450bbfadd1: new RaftServerImpl for group-A0882977570B:[51058dee-2090-47d5-a97d-c0799d97638e:192.168.157.211:34007, f0e69bc2-b789-4d66-87b3-68450bbfadd1:192.168.157.211:45838, b0d7b968-1d99-44d0-9f45-0cc9cf357355:192.168.157.211:34108] with ContainerStateMachine:uninitialized
2019-11-01 01:12:49,513 [f0e69bc2-b789-4d66-87b3-68450bbfadd1@group-CD47EA837FE9-LeaderElection3] INFO  impl.RaftServerImpl (ServerState.java:setRaftConf(356)) - f0e69bc2-b789-4d66-87b3-68450bbfadd1@group-CD47EA837FE9: set configuration 0: [f0e69bc2-b789-4d66-87b3-68450bbfadd1:192.168.157.211:45838], old=null at 0
2019-11-01 01:12:49,513 [pool-27-thread-1] INFO  server.RaftServerConfigKeys (ConfUtils.java:logGet(43)) - raft.server.rpc.timeout.min = 5s (custom)
2019-11-01 01:12:49,546 [pool-27-thread-1] INFO  server.RaftServerConfigKeys (ConfUtils.java:logGet(43)) - raft.server.rpc.timeout.max = 5200ms (custom)
2019-11-01 01:12:49,546 [pool-27-thread-1] INFO  server.RaftServerConfigKeys (ConfUtils.java:logGet(43)) - raft.server.rpcslowness.timeout = 120s (custom)
2019-11-01 01:12:49,546 [pool-27-thread-1] INFO  server.RaftServerConfigKeys (ConfUtils.java:logGet(43)) - raft.server.sleep.deviation.threshold = 300 (default)
2019-11-01 01:12:49,547 [pool-27-thread-1] INFO  server.RaftServerConfigKeys (ConfUtils.java:logGet(43)) - raft.server.log.appender.install.snapshot.enabled = false (custom)
2019-11-01 01:12:49,547 [pool-27-thread-1] INFO  impl.RaftServerImpl (ServerState.java:<init>(103)) - f0e69bc2-b789-4d66-87b3-68450bbfadd1@group-A0882977570B: ConfigurationManager, init=-1: [51058dee-2090-47d5-a97d-c0799d97638e:192.168.157.211:34007, f0e69bc2-b789-4d66-87b3-68450bbfadd1:192.168.157.211:45838, b0d7b968-1d99-44d0-9f45-0cc9cf357355:192.168.157.211:34108], old=null, confs=<EMPTY_MAP>
2019-11-01 01:12:49,547 [pool-27-thread-1] INFO  server.RaftServerConfigKeys (ConfUtils.java:logGet(43)) - raft.server.storage.dir = [/workdir/hadoop-ozone/tools/target/test-dir/MiniOzoneClusterImpl-7858d707-e611-49d6-9f20-09fa29eef7b7/datanode-0/data/ratis] (custom)
2019-11-01 01:12:49,547 [pool-27-thread-1] INFO  server.RaftServerConfigKeys (ConfUtils.java:logGet(43)) - raft.server.log.corruption.policy = EXCEPTION (default)
2019-11-01 01:12:49,548 [pool-27-thread-1] INFO  storage.RaftStorageDirectory (RaftStorageDirectory.java:analyzeStorage(246)) - The storage directory /workdir/hadoop-ozone/tools/target/test-dir/MiniOzoneClusterImpl-7858d707-e611-49d6-9f20-09fa29eef7b7/datanode-0/data/ratis/a9dc3cce-7784-49c4-b6ce-a0882977570b does not exist. Creating ...
2019-11-01 01:12:49,583 [Thread-247] INFO  impl.FollowerState (FollowerState.java:run(111)) - b0d7b968-1d99-44d0-9f45-0cc9cf357355@group-ADD962C510C7-FollowerState: change to CANDIDATE, lastRpcTime:5063ms, electionTimeout:5057ms
2019-11-01 01:12:49,583 [Thread-247] INFO  impl.RoleInfo (RoleInfo.java:shutdownFollowerState(121)) - b0d7b968-1d99-44d0-9f45-0cc9cf357355: shutdown FollowerState
2019-11-01 01:12:49,583 [Thread-247] INFO  impl.RaftServerImpl (RaftServerImpl.java:setRole(173)) - b0d7b968-1d99-44d0-9f45-0cc9cf357355@group-ADD962C510C7: changes role from  FOLLOWER to CANDIDATE at term 0 for changeToCandidate
2019-11-01 01:12:49,584 [Thread-247] INFO  impl.RoleInfo (RoleInfo.java:updateAndGet(143)) - b0d7b968-1d99-44d0-9f45-0cc9cf357355: start LeaderElection
2019-11-01 01:12:49,602 [Thread-248] INFO  impl.FollowerState (FollowerState.java:run(111)) - 51058dee-2090-47d5-a97d-c0799d97638e@group-ADD962C510C7-FollowerState: change to CANDIDATE, lastRpcTime:5076ms, electionTimeout:5076ms
2019-11-01 01:12:49,603 [Thread-248] INFO  impl.RoleInfo (RoleInfo.java:shutdownFollowerState(121)) - 51058dee-2090-47d5-a97d-c0799d97638e: shutdown FollowerState
2019-11-01 01:12:49,603 [Thread-248] INFO  impl.RaftServerImpl (RaftServerImpl.java:setRole(173)) - 51058dee-2090-47d5-a97d-c0799d97638e@group-ADD962C510C7: changes role from  FOLLOWER to CANDIDATE at term 0 for changeToCandidate
2019-11-01 01:12:49,603 [Thread-248] INFO  impl.RoleInfo (RoleInfo.java:updateAndGet(143)) - 51058dee-2090-47d5-a97d-c0799d97638e: start LeaderElection
2019-11-01 01:12:49,633 [pool-47-thread-1] INFO  storage.RaftStorage (RaftStorage.java:format(84)) - Storage directory /workdir/hadoop-ozone/tools/target/test-dir/MiniOzoneClusterImpl-7858d707-e611-49d6-9f20-09fa29eef7b7/datanode-2/data/ratis/a9dc3cce-7784-49c4-b6ce-a0882977570b has been successfully formatted.
2019-11-01 01:12:49,633 [pool-57-thread-1] INFO  storage.RaftStorage (RaftStorage.java:format(84)) - Storage directory /workdir/hadoop-ozone/tools/target/test-dir/MiniOzoneClusterImpl-7858d707-e611-49d6-9f20-09fa29eef7b7/datanode-3/data/ratis/a9dc3cce-7784-49c4-b6ce-a0882977570b has been successfully formatted.
2019-11-01 01:12:49,633 [pool-47-thread-1] INFO  ratis.ContainerStateMachine (ContainerStateMachine.java:loadSnapshot(231)) - group-A0882977570B: The snapshot info is null. Setting the last applied indexto:(t:0, i:~)
2019-11-01 01:12:49,633 [pool-57-thread-1] INFO  ratis.ContainerStateMachine (ContainerStateMachine.java:loadSnapshot(231)) - group-A0882977570B: The snapshot info is null. Setting the last applied indexto:(t:0, i:~)
2019-11-01 01:12:49,633 [pool-47-thread-1] INFO  server.RaftServerConfigKeys (ConfUtils.java:logGet(43)) - raft.server.notification.no-leader.timeout = 120s (custom)
2019-11-01 01:12:49,634 [pool-57-thread-1] INFO  server.RaftServerConfigKeys (ConfUtils.java:logGet(43)) - raft.server.notification.no-leader.timeout = 120s (custom)
2019-11-01 01:12:49,634 [pool-47-thread-1] INFO  server.RaftServerConfigKeys (ConfUtils.java:logGet(43)) - raft.server.log.use.memory = false (default)
2019-11-01 01:12:49,634 [pool-57-thread-1] INFO  server.RaftServerConfigKeys (ConfUtils.java:logGet(43)) - raft.server.log.use.memory = false (default)
2019-11-01 01:12:49,634 [pool-47-thread-1] INFO  server.RaftServerConfigKeys (ConfUtils.java:logGet(43)) - raft.server.log.purge.gap = 1000000 (custom)
2019-11-01 01:12:49,634 [pool-57-thread-1] INFO  server.RaftServerConfigKeys (ConfUtils.java:logGet(43)) - raft.server.log.purge.gap = 1000000 (custom)
2019-11-01 01:12:49,634 [pool-47-thread-1] INFO  server.RaftServerConfigKeys (ConfUtils.java:logGet(43)) - raft.server.log.appender.buffer.byte-limit = 33554432 (custom)
2019-11-01 01:12:49,634 [pool-57-thread-1] INFO  server.RaftServerConfigKeys (ConfUtils.java:logGet(43)) - raft.server.log.appender.buffer.byte-limit = 33554432 (custom)
2019-11-01 01:12:49,634 [pool-47-thread-1] INFO  server.RaftServerConfigKeys (ConfUtils.java:logGet(43)) - raft.server.log.segment.size.max = 1048576 (custom)
2019-11-01 01:12:49,635 [pool-57-thread-1] INFO  server.RaftServerConfigKeys (ConfUtils.java:logGet(43)) - raft.server.log.segment.size.max = 1048576 (custom)
2019-11-01 01:12:49,635 [pool-47-thread-1] INFO  server.RaftServerConfigKeys (ConfUtils.java:logGet(43)) - raft.server.log.segment.cache.num.max = 2 (custom)
2019-11-01 01:12:49,635 [pool-57-thread-1] INFO  server.RaftServerConfigKeys (ConfUtils.java:logGet(43)) - raft.server.log.segment.cache.num.max = 2 (custom)
2019-11-01 01:12:49,635 [pool-47-thread-1] INFO  segmented.SegmentedRaftLogWorker (SegmentedRaftLogWorker.java:<init>(173)) - new b0d7b968-1d99-44d0-9f45-0cc9cf357355@group-A0882977570B-SegmentedRaftLogWorker for RaftStorage:Storage Directory /workdir/hadoop-ozone/tools/target/test-dir/MiniOzoneClusterImpl-7858d707-e611-49d6-9f20-09fa29eef7b7/datanode-2/data/ratis/a9dc3cce-7784-49c4-b6ce-a0882977570b
2019-11-01 01:12:49,635 [pool-57-thread-1] INFO  segmented.SegmentedRaftLogWorker (SegmentedRaftLogWorker.java:<init>(173)) - new 51058dee-2090-47d5-a97d-c0799d97638e@group-A0882977570B-SegmentedRaftLogWorker for RaftStorage:Storage Directory /workdir/hadoop-ozone/tools/target/test-dir/MiniOzoneClusterImpl-7858d707-e611-49d6-9f20-09fa29eef7b7/datanode-3/data/ratis/a9dc3cce-7784-49c4-b6ce-a0882977570b
2019-11-01 01:12:49,635 [pool-47-thread-1] INFO  server.RaftServerConfigKeys (ConfUtils.java:logGet(43)) - raft.server.log.queue.byte-limit = 2147483647 (custom)
2019-11-01 01:12:49,635 [pool-57-thread-1] INFO  server.RaftServerConfigKeys (ConfUtils.java:logGet(43)) - raft.server.log.queue.byte-limit = 2147483647 (custom)
2019-11-01 01:12:49,635 [pool-47-thread-1] INFO  server.RaftServerConfigKeys (ConfUtils.java:logGet(43)) - raft.server.log.queue.element-limit = 1024 (custom)
2019-11-01 01:12:49,636 [pool-57-thread-1] INFO  server.RaftServerConfigKeys (ConfUtils.java:logGet(43)) - raft.server.log.queue.element-limit = 1024 (custom)
2019-11-01 01:12:49,636 [pool-47-thread-1] INFO  server.RaftServerConfigKeys (ConfUtils.java:logGet(43)) - raft.server.log.segment.size.max = 1048576 (custom)
2019-11-01 01:12:49,636 [pool-57-thread-1] INFO  server.RaftServerConfigKeys (ConfUtils.java:logGet(43)) - raft.server.log.segment.size.max = 1048576 (custom)
2019-11-01 01:12:49,636 [pool-47-thread-1] INFO  server.RaftServerConfigKeys (ConfUtils.java:logGet(43)) - raft.server.log.preallocated.size = 16384 (custom)
2019-11-01 01:12:49,636 [pool-57-thread-1] INFO  server.RaftServerConfigKeys (ConfUtils.java:logGet(43)) - raft.server.log.preallocated.size = 16384 (custom)
2019-11-01 01:12:49,636 [pool-47-thread-1] INFO  server.RaftServerConfigKeys (ConfUtils.java:logGet(43)) - raft.server.log.write.buffer.size = 33554432 (custom)
2019-11-01 01:12:49,636 [pool-57-thread-1] INFO  server.RaftServerConfigKeys (ConfUtils.java:logGet(43)) - raft.server.log.write.buffer.size = 33554432 (custom)
2019-11-01 01:12:49,636 [pool-47-thread-1] INFO  server.RaftServerConfigKeys (ConfUtils.java:logGet(43)) - raft.server.log.force.sync.num = 128 (default)
2019-11-01 01:12:49,636 [pool-57-thread-1] INFO  server.RaftServerConfigKeys (ConfUtils.java:logGet(43)) - raft.server.log.force.sync.num = 128 (default)
2019-11-01 01:12:49,637 [pool-47-thread-1] INFO  server.RaftServerConfigKeys (ConfUtils.java:logGet(43)) - raft.server.log.statemachine.data.sync = true (default)
2019-11-01 01:12:49,637 [pool-57-thread-1] INFO  server.RaftServerConfigKeys (ConfUtils.java:logGet(43)) - raft.server.log.statemachine.data.sync = true (default)
2019-11-01 01:12:49,637 [pool-47-thread-1] INFO  server.RaftServerConfigKeys (ConfUtils.java:logGet(43)) - raft.server.log.statemachine.data.sync.timeout = 10s (default)
2019-11-01 01:12:49,637 [pool-57-thread-1] INFO  server.RaftServerConfigKeys (ConfUtils.java:logGet(43)) - raft.server.log.statemachine.data.sync.timeout = 10s (default)
2019-11-01 01:12:49,637 [pool-47-thread-1] INFO  server.RaftServerConfigKeys (ConfUtils.java:logGet(43)) - raft.server.log.statemachine.data.sync.timeout.retry = -1 (default)
2019-11-01 01:12:49,637 [pool-57-thread-1] INFO  server.RaftServerConfigKeys (ConfUtils.java:logGet(43)) - raft.server.log.statemachine.data.sync.timeout.retry = -1 (default)
2019-11-01 01:12:49,637 [pool-47-thread-1] INFO  server.RaftServerConfigKeys (ConfUtils.java:logGet(43)) - raft.server.log.statemachine.data.caching.enabled = true (custom)
2019-11-01 01:12:49,638 [pool-57-thread-1] INFO  server.RaftServerConfigKeys (ConfUtils.java:logGet(43)) - raft.server.log.statemachine.data.caching.enabled = true (custom)
2019-11-01 01:12:49,638 [pool-47-thread-1] INFO  segmented.SegmentedRaftLogWorker (SegmentedRaftLogWorker.java:lambda$new$0(128)) - b0d7b968-1d99-44d0-9f45-0cc9cf357355@group-A0882977570B-SegmentedRaftLogWorker: flushIndex: setUnconditionally 0 -> -1
2019-11-01 01:12:49,638 [pool-57-thread-1] INFO  segmented.SegmentedRaftLogWorker (SegmentedRaftLogWorker.java:lambda$new$0(128)) - 51058dee-2090-47d5-a97d-c0799d97638e@group-A0882977570B-SegmentedRaftLogWorker: flushIndex: setUnconditionally 0 -> -1
2019-11-01 01:12:49,638 [pool-47-thread-1] INFO  server.RaftServerConfigKeys (ConfUtils.java:logGet(43)) - raft.server.snapshot.auto.trigger.enabled = true (custom)
2019-11-01 01:12:49,638 [pool-47-thread-1] INFO  server.RaftServerConfigKeys (ConfUtils.java:logGet(43)) - raft.server.snapshot.auto.trigger.threshold = 10000 (custom)
2019-11-01 01:12:49,638 [pool-57-thread-1] INFO  server.RaftServerConfigKeys (ConfUtils.java:logGet(43)) - raft.server.snapshot.auto.trigger.enabled = true (custom)
2019-11-01 01:12:49,638 [pool-47-thread-1] INFO  server.RaftServerConfigKeys (ConfUtils.java:logGet(43)) - raft.server.snapshot.retention.file.num = 5 (custom)
2019-11-01 01:12:49,638 [pool-57-thread-1] INFO  server.RaftServerConfigKeys (ConfUtils.java:logGet(43)) - raft.server.snapshot.auto.trigger.threshold = 10000 (custom)
2019-11-01 01:12:49,639 [pool-47-thread-1] INFO  server.RaftServerConfigKeys (ConfUtils.java:logGet(43)) - raft.server.retrycache.expirytime = 600000ms (custom)
2019-11-01 01:12:49,639 [pool-57-thread-1] INFO  server.RaftServerConfigKeys (ConfUtils.java:logGet(43)) - raft.server.snapshot.retention.file.num = 5 (custom)
2019-11-01 01:12:49,639 [pool-47-thread-1] WARN  impl.MetricRegistriesImpl (MetricRegistriesImpl.java:lambda$create$1(61)) - First MetricRegistry has been created without registering reporters. You may need to call MetricRegistries.global().addReportRegistration(...) before.
2019-11-01 01:12:49,639 [pool-57-thread-1] INFO  server.RaftServerConfigKeys (ConfUtils.java:logGet(43)) - raft.server.retrycache.expirytime = 600000ms (custom)
2019-11-01 01:12:49,639 [pool-47-thread-1] WARN  impl.MetricRegistriesImpl (MetricRegistriesImpl.java:lambda$create$1(61)) - First MetricRegistry has been created without registering reporters. You may need to call MetricRegistries.global().addReportRegistration(...) before.
2019-11-01 01:12:49,639 [pool-57-thread-1] WARN  impl.MetricRegistriesImpl (MetricRegistriesImpl.java:lambda$create$1(61)) - First MetricRegistry has been created without registering reporters. You may need to call MetricRegistries.global().addReportRegistration(...) before.
2019-11-01 01:12:49,639 [pool-57-thread-1] WARN  impl.MetricRegistriesImpl (MetricRegistriesImpl.java:lambda$create$1(61)) - First MetricRegistry has been created without registering reporters. You may need to call MetricRegistries.global().addReportRegistration(...) before.
2019-11-01 01:12:49,641 [pool-47-thread-1] INFO  impl.RaftServerImpl (RaftServerImpl.java:<init>(98)) - b0d7b968-1d99-44d0-9f45-0cc9cf357355: new RaftServerImpl for group-7441A65FF976:[51058dee-2090-47d5-a97d-c0799d97638e:192.168.157.211:34007, f0e69bc2-b789-4d66-87b3-68450bbfadd1:192.168.157.211:45838, b0d7b968-1d99-44d0-9f45-0cc9cf357355:192.168.157.211:34108] with ContainerStateMachine:uninitialized
2019-11-01 01:12:49,641 [pool-47-thread-1] INFO  server.RaftServerConfigKeys (ConfUtils.java:logGet(43)) - raft.server.rpc.timeout.min = 5s (custom)
2019-11-01 01:12:49,641 [pool-47-thread-1] INFO  server.RaftServerConfigKeys (ConfUtils.java:logGet(43)) - raft.server.rpc.timeout.max = 5200ms (custom)
2019-11-01 01:12:49,641 [pool-47-thread-1] INFO  server.RaftServerConfigKeys (ConfUtils.java:logGet(43)) - raft.server.rpcslowness.timeout = 120s (custom)
2019-11-01 01:12:49,641 [pool-47-thread-1] INFO  server.RaftServerConfigKeys (ConfUtils.java:logGet(43)) - raft.server.sleep.deviation.threshold = 300 (default)
2019-11-01 01:12:49,642 [pool-47-thread-1] INFO  server.RaftServerConfigKeys (ConfUtils.java:logGet(43)) - raft.server.log.appender.install.snapshot.enabled = false (custom)
2019-11-01 01:12:49,642 [pool-47-thread-1] INFO  impl.RaftServerImpl (ServerState.java:<init>(103)) - b0d7b968-1d99-44d0-9f45-0cc9cf357355@group-7441A65FF976: ConfigurationManager, init=-1: [51058dee-2090-47d5-a97d-c0799d97638e:192.168.157.211:34007, f0e69bc2-b789-4d66-87b3-68450bbfadd1:192.168.157.211:45838, b0d7b968-1d99-44d0-9f45-0cc9cf357355:192.168.157.211:34108], old=null, confs=<EMPTY_MAP>
2019-11-01 01:12:49,642 [pool-47-thread-1] INFO  server.RaftServerConfigKeys (ConfUtils.java:logGet(43)) - raft.server.storage.dir = [/workdir/hadoop-ozone/tools/target/test-dir/MiniOzoneClusterImpl-7858d707-e611-49d6-9f20-09fa29eef7b7/datanode-2/data/ratis] (custom)
2019-11-01 01:12:49,642 [pool-57-thread-1] INFO  impl.RaftServerImpl (RaftServerImpl.java:<init>(98)) - 51058dee-2090-47d5-a97d-c0799d97638e: new RaftServerImpl for group-7441A65FF976:[51058dee-2090-47d5-a97d-c0799d97638e:192.168.157.211:34007, f0e69bc2-b789-4d66-87b3-68450bbfadd1:192.168.157.211:45838, b0d7b968-1d99-44d0-9f45-0cc9cf357355:192.168.157.211:34108] with ContainerStateMachine:uninitialized
2019-11-01 01:12:49,642 [pool-57-thread-1] INFO  server.RaftServerConfigKeys (ConfUtils.java:logGet(43)) - raft.server.rpc.timeout.min = 5s (custom)
2019-11-01 01:12:49,642 [pool-57-thread-1] INFO  server.RaftServerConfigKeys (ConfUtils.java:logGet(43)) - raft.server.rpc.timeout.max = 5200ms (custom)
2019-11-01 01:12:49,643 [pool-57-thread-1] INFO  server.RaftServerConfigKeys (ConfUtils.java:logGet(43)) - raft.server.rpcslowness.timeout = 120s (custom)
2019-11-01 01:12:49,643 [pool-57-thread-1] INFO  server.RaftServerConfigKeys (ConfUtils.java:logGet(43)) - raft.server.sleep.deviation.threshold = 300 (default)
2019-11-01 01:12:49,643 [pool-57-thread-1] INFO  server.RaftServerConfigKeys (ConfUtils.java:logGet(43)) - raft.server.log.appender.install.snapshot.enabled = false (custom)
2019-11-01 01:12:49,643 [pool-57-thread-1] INFO  impl.RaftServerImpl (ServerState.java:<init>(103)) - 51058dee-2090-47d5-a97d-c0799d97638e@group-7441A65FF976: ConfigurationManager, init=-1: [51058dee-2090-47d5-a97d-c0799d97638e:192.168.157.211:34007, f0e69bc2-b789-4d66-87b3-68450bbfadd1:192.168.157.211:45838, b0d7b968-1d99-44d0-9f45-0cc9cf357355:192.168.157.211:34108], old=null, confs=<EMPTY_MAP>
2019-11-01 01:12:49,643 [pool-57-thread-1] INFO  server.RaftServerConfigKeys (ConfUtils.java:logGet(43)) - raft.server.storage.dir = [/workdir/hadoop-ozone/tools/target/test-dir/MiniOzoneClusterImpl-7858d707-e611-49d6-9f20-09fa29eef7b7/datanode-3/data/ratis] (custom)
2019-11-01 01:12:49,682 [Thread-242] INFO  impl.FollowerState (FollowerState.java:run(111)) - 51058dee-2090-47d5-a97d-c0799d97638e@group-C1642148D20B-FollowerState: change to CANDIDATE, lastRpcTime:5169ms, electionTimeout:5167ms
2019-11-01 01:12:49,682 [Thread-242] INFO  impl.RoleInfo (RoleInfo.java:shutdownFollowerState(121)) - 51058dee-2090-47d5-a97d-c0799d97638e: shutdown FollowerState
2019-11-01 01:12:49,683 [Thread-242] INFO  impl.RaftServerImpl (RaftServerImpl.java:setRole(173)) - 51058dee-2090-47d5-a97d-c0799d97638e@group-C1642148D20B: changes role from  FOLLOWER to CANDIDATE at term 0 for changeToCandidate
2019-11-01 01:12:49,683 [Thread-242] INFO  impl.RoleInfo (RoleInfo.java:updateAndGet(143)) - 51058dee-2090-47d5-a97d-c0799d97638e: start LeaderElection
2019-11-01 01:12:49,714 [Thread-241] INFO  impl.FollowerState (FollowerState.java:run(111)) - b0d7b968-1d99-44d0-9f45-0cc9cf357355@group-C1642148D20B-FollowerState: change to CANDIDATE, lastRpcTime:5202ms, electionTimeout:5199ms
2019-11-01 01:12:49,714 [Thread-241] INFO  impl.RoleInfo (RoleInfo.java:shutdownFollowerState(121)) - b0d7b968-1d99-44d0-9f45-0cc9cf357355: shutdown FollowerState
2019-11-01 01:12:49,715 [Thread-241] INFO  impl.RaftServerImpl (RaftServerImpl.java:setRole(173)) - b0d7b968-1d99-44d0-9f45-0cc9cf357355@group-C1642148D20B: changes role from  FOLLOWER to CANDIDATE at term 0 for changeToCandidate
2019-11-01 01:12:49,715 [Thread-241] INFO  impl.RoleInfo (RoleInfo.java:updateAndGet(143)) - b0d7b968-1d99-44d0-9f45-0cc9cf357355: start LeaderElection
2019-11-01 01:12:49,751 [pool-47-thread-1] INFO  server.RaftServerConfigKeys (ConfUtils.java:logGet(43)) - raft.server.log.corruption.policy = EXCEPTION (default)
2019-11-01 01:12:49,751 [pool-57-thread-1] INFO  server.RaftServerConfigKeys (ConfUtils.java:logGet(43)) - raft.server.log.corruption.policy = EXCEPTION (default)
2019-11-01 01:12:49,751 [pool-47-thread-1] INFO  storage.RaftStorageDirectory (RaftStorageDirectory.java:analyzeStorage(246)) - The storage directory /workdir/hadoop-ozone/tools/target/test-dir/MiniOzoneClusterImpl-7858d707-e611-49d6-9f20-09fa29eef7b7/datanode-2/data/ratis/065a448e-3d65-4648-a951-7441a65ff976 does not exist. Creating ...
2019-11-01 01:12:49,751 [pool-57-thread-1] INFO  storage.RaftStorageDirectory (RaftStorageDirectory.java:analyzeStorage(246)) - The storage directory /workdir/hadoop-ozone/tools/target/test-dir/MiniOzoneClusterImpl-7858d707-e611-49d6-9f20-09fa29eef7b7/datanode-3/data/ratis/065a448e-3d65-4648-a951-7441a65ff976 does not exist. Creating ...
 0.00% |?                                                                                                    |  0/1 Time: 0:00:17 0.00% |?                                                                                                    |  0/1 Time: 0:00:18 0.00% |?                                                                                                    |  0/1 Time: 0:00:192019-11-01 01:12:52,156 [RATISCREATEPIPELINE1] ERROR pipeline.RatisPipelineProvider (RatisPipelineProvider.java:lambda$null$5(237)) - Failed invoke Ratis rpc org.apache.hadoop.hdds.scm.pipeline.RatisPipelineProvider$$Lambda$196/1409674311@7225a38a for 51058dee-2090-47d5-a97d-c0799d97638e
org.apache.ratis.protocol.TimeoutIOException: deadline exceeded after 2999557999ns
	at org.apache.ratis.grpc.GrpcUtil.tryUnwrapException(GrpcUtil.java:82)
	at org.apache.ratis.grpc.GrpcUtil.unwrapException(GrpcUtil.java:75)
	at org.apache.ratis.grpc.client.GrpcClientProtocolClient.blockingCall(GrpcClientProtocolClient.java:184)
	at org.apache.ratis.grpc.client.GrpcClientProtocolClient.groupAdd(GrpcClientProtocolClient.java:153)
	at org.apache.ratis.grpc.client.GrpcClientRpc.sendRequest(GrpcClientRpc.java:94)
	at org.apache.ratis.client.impl.RaftClientImpl.sendRequest(RaftClientImpl.java:278)
	at org.apache.ratis.client.impl.RaftClientImpl.groupAdd(RaftClientImpl.java:205)
	at org.apache.hadoop.hdds.scm.pipeline.RatisPipelineProvider.lambda$initializePipeline$4(RatisPipelineProvider.java:198)
	at org.apache.hadoop.hdds.scm.pipeline.RatisPipelineProvider.lambda$null$5(RatisPipelineProvider.java:233)
	at java.util.stream.ForEachOps$ForEachOp$OfRef.accept(ForEachOps.java:183)
	at java.util.ArrayList$ArrayListSpliterator.forEachRemaining(ArrayList.java:1382)
	at java.util.stream.AbstractPipeline.copyInto(AbstractPipeline.java:482)
	at java.util.stream.ForEachOps$ForEachTask.compute(ForEachOps.java:290)
	at java.util.concurrent.CountedCompleter.exec(CountedCompleter.java:731)
	at java.util.concurrent.ForkJoinTask.doExec(ForkJoinTask.java:289)
	at java.util.concurrent.ForkJoinTask.doInvoke(ForkJoinTask.java:401)
	at java.util.concurrent.ForkJoinTask.invoke(ForkJoinTask.java:734)
	at java.util.stream.ForEachOps$ForEachOp.evaluateParallel(ForEachOps.java:159)
	at java.util.stream.ForEachOps$ForEachOp$OfRef.evaluateParallel(ForEachOps.java:173)
	at java.util.stream.AbstractPipeline.evaluate(AbstractPipeline.java:233)
	at java.util.stream.ReferencePipeline.forEach(ReferencePipeline.java:485)
	at java.util.stream.ReferencePipeline$Head.forEach(ReferencePipeline.java:650)
	at org.apache.hadoop.hdds.scm.pipeline.RatisPipelineProvider.lambda$callRatisRpc$6(RatisPipelineProvider.java:227)
	at java.util.concurrent.ForkJoinTask$AdaptedRunnableAction.exec(ForkJoinTask.java:1386)
	at java.util.concurrent.ForkJoinTask.doExec(ForkJoinTask.java:289)
	at java.util.concurrent.ForkJoinPool$WorkQueue.runTask(ForkJoinPool.java:1056)
	at java.util.concurrent.ForkJoinPool.runWorker(ForkJoinPool.java:1692)
	at java.util.concurrent.ForkJoinWorkerThread.run(ForkJoinWorkerThread.java:157)
Caused by: org.apache.ratis.thirdparty.io.grpc.StatusRuntimeException: DEADLINE_EXCEEDED: deadline exceeded after 2999557999ns
	at org.apache.ratis.thirdparty.io.grpc.stub.ClientCalls.toStatusRuntimeException(ClientCalls.java:233)
	at org.apache.ratis.thirdparty.io.grpc.stub.ClientCalls.getUnchecked(ClientCalls.java:214)
	at org.apache.ratis.thirdparty.io.grpc.stub.ClientCalls.blockingUnaryCall(ClientCalls.java:139)
	at org.apache.ratis.proto.grpc.AdminProtocolServiceGrpc$AdminProtocolServiceBlockingStub.groupManagement(AdminProtocolServiceGrpc.java:274)
	at org.apache.ratis.grpc.client.GrpcClientProtocolClient.lambda$groupAdd$3(GrpcClientProtocolClient.java:155)
	at org.apache.ratis.grpc.client.GrpcClientProtocolClient.blockingCall(GrpcClientProtocolClient.java:182)
	... 25 more
2019-11-01 01:12:52,157 [RATISCREATEPIPELINE2] ERROR pipeline.RatisPipelineProvider (RatisPipelineProvider.java:lambda$null$5(237)) - Failed invoke Ratis rpc org.apache.hadoop.hdds.scm.pipeline.RatisPipelineProvider$$Lambda$196/1409674311@7225a38a for b0d7b968-1d99-44d0-9f45-0cc9cf357355
org.apache.ratis.protocol.TimeoutIOException: deadline exceeded after 2999604333ns
	at org.apache.ratis.grpc.GrpcUtil.tryUnwrapException(GrpcUtil.java:82)
	at org.apache.ratis.grpc.GrpcUtil.unwrapException(GrpcUtil.java:75)
	at org.apache.ratis.grpc.client.GrpcClientProtocolClient.blockingCall(GrpcClientProtocolClient.java:184)
	at org.apache.ratis.grpc.client.GrpcClientProtocolClient.groupAdd(GrpcClientProtocolClient.java:153)
	at org.apache.ratis.grpc.client.GrpcClientRpc.sendRequest(GrpcClientRpc.java:94)
	at org.apache.ratis.client.impl.RaftClientImpl.sendRequest(RaftClientImpl.java:278)
	at org.apache.ratis.client.impl.RaftClientImpl.groupAdd(RaftClientImpl.java:205)
	at org.apache.hadoop.hdds.scm.pipeline.RatisPipelineProvider.lambda$initializePipeline$4(RatisPipelineProvider.java:198)
	at org.apache.hadoop.hdds.scm.pipeline.RatisPipelineProvider.lambda$null$5(RatisPipelineProvider.java:233)
	at java.util.stream.ForEachOps$ForEachOp$OfRef.accept(ForEachOps.java:183)
	at java.util.ArrayList$ArrayListSpliterator.forEachRemaining(ArrayList.java:1382)
	at java.util.stream.AbstractPipeline.copyInto(AbstractPipeline.java:482)
	at java.util.stream.ForEachOps$ForEachTask.compute(ForEachOps.java:290)
	at java.util.concurrent.CountedCompleter.exec(CountedCompleter.java:731)
	at java.util.concurrent.ForkJoinTask.doExec(ForkJoinTask.java:289)
	at java.util.concurrent.ForkJoinPool$WorkQueue.runTask(ForkJoinPool.java:1056)
	at java.util.concurrent.ForkJoinPool.runWorker(ForkJoinPool.java:1692)
	at java.util.concurrent.ForkJoinWorkerThread.run(ForkJoinWorkerThread.java:157)
Caused by: org.apache.ratis.thirdparty.io.grpc.StatusRuntimeException: DEADLINE_EXCEEDED: deadline exceeded after 2999604333ns
	at org.apache.ratis.thirdparty.io.grpc.stub.ClientCalls.toStatusRuntimeException(ClientCalls.java:233)
	at org.apache.ratis.thirdparty.io.grpc.stub.ClientCalls.getUnchecked(ClientCalls.java:214)
	at org.apache.ratis.thirdparty.io.grpc.stub.ClientCalls.blockingUnaryCall(ClientCalls.java:139)
	at org.apache.ratis.proto.grpc.AdminProtocolServiceGrpc$AdminProtocolServiceBlockingStub.groupManagement(AdminProtocolServiceGrpc.java:274)
	at org.apache.ratis.grpc.client.GrpcClientProtocolClient.lambda$groupAdd$3(GrpcClientProtocolClient.java:155)
	at org.apache.ratis.grpc.client.GrpcClientProtocolClient.blockingCall(GrpcClientProtocolClient.java:182)
	... 15 more
2019-11-01 01:12:52,159 [RATISCREATEPIPELINE3] ERROR pipeline.RatisPipelineProvider (RatisPipelineProvider.java:lambda$null$5(237)) - Failed invoke Ratis rpc org.apache.hadoop.hdds.scm.pipeline.RatisPipelineProvider$$Lambda$196/1409674311@7225a38a for f0e69bc2-b789-4d66-87b3-68450bbfadd1
org.apache.ratis.protocol.TimeoutIOException
	at org.apache.ratis.grpc.GrpcUtil.tryUnwrapException(GrpcUtil.java:82)
	at org.apache.ratis.grpc.GrpcUtil.unwrapException(GrpcUtil.java:75)
	at org.apache.ratis.grpc.client.GrpcClientProtocolClient.blockingCall(GrpcClientProtocolClient.java:184)
	at org.apache.ratis.grpc.client.GrpcClientProtocolClient.groupAdd(GrpcClientProtocolClient.java:153)
	at org.apache.ratis.grpc.client.GrpcClientRpc.sendRequest(GrpcClientRpc.java:94)
	at org.apache.ratis.client.impl.RaftClientImpl.sendRequest(RaftClientImpl.java:278)
	at org.apache.ratis.client.impl.RaftClientImpl.groupAdd(RaftClientImpl.java:205)
	at org.apache.hadoop.hdds.scm.pipeline.RatisPipelineProvider.lambda$initializePipeline$4(RatisPipelineProvider.java:198)
	at org.apache.hadoop.hdds.scm.pipeline.RatisPipelineProvider.lambda$null$5(RatisPipelineProvider.java:233)
	at java.util.stream.ForEachOps$ForEachOp$OfRef.accept(ForEachOps.java:183)
	at java.util.ArrayList$ArrayListSpliterator.forEachRemaining(ArrayList.java:1382)
	at java.util.stream.AbstractPipeline.copyInto(AbstractPipeline.java:482)
	at java.util.stream.ForEachOps$ForEachTask.compute(ForEachOps.java:290)
	at java.util.concurrent.CountedCompleter.exec(CountedCompleter.java:731)
	at java.util.concurrent.ForkJoinTask.doExec(ForkJoinTask.java:289)
	at java.util.concurrent.ForkJoinPool$WorkQueue.runTask(ForkJoinPool.java:1056)
	at java.util.concurrent.ForkJoinPool.runWorker(ForkJoinPool.java:1692)
	at java.util.concurrent.ForkJoinWorkerThread.run(ForkJoinWorkerThread.java:157)
Caused by: org.apache.ratis.thirdparty.io.grpc.StatusRuntimeException: DEADLINE_EXCEEDED
	at org.apache.ratis.thirdparty.io.grpc.stub.ClientCalls.toStatusRuntimeException(ClientCalls.java:233)
	at org.apache.ratis.thirdparty.io.grpc.stub.ClientCalls.getUnchecked(ClientCalls.java:214)
	at org.apache.ratis.thirdparty.io.grpc.stub.ClientCalls.blockingUnaryCall(ClientCalls.java:139)
	at org.apache.ratis.proto.grpc.AdminProtocolServiceGrpc$AdminProtocolServiceBlockingStub.groupManagement(AdminProtocolServiceGrpc.java:274)
	at org.apache.ratis.grpc.client.GrpcClientProtocolClient.lambda$groupAdd$3(GrpcClientProtocolClient.java:155)
	at org.apache.ratis.grpc.client.GrpcClientProtocolClient.blockingCall(GrpcClientProtocolClient.java:182)
	... 15 more
2019-11-01 01:12:52,162 [IPC Server handler 18 on 34347] WARN  block.BlockManagerImpl (BlockManagerImpl.java:allocateBlock(200)) - Pipeline creation failed for type:RATIS factor:THREE. Retrying get pipelines call once.
org.apache.hadoop.io.MultipleIOException: 3 exceptions [java.io.IOException: Failed invoke Ratis rpc org.apache.hadoop.hdds.scm.pipeline.RatisPipelineProvider$$Lambda$196/1409674311@7225a38a for 51058dee-2090-47d5-a97d-c0799d97638e, java.io.IOException: Failed invoke Ratis rpc org.apache.hadoop.hdds.scm.pipeline.RatisPipelineProvider$$Lambda$196/1409674311@7225a38a for b0d7b968-1d99-44d0-9f45-0cc9cf357355, java.io.IOException: Failed invoke Ratis rpc org.apache.hadoop.hdds.scm.pipeline.RatisPipelineProvider$$Lambda$196/1409674311@7225a38a for f0e69bc2-b789-4d66-87b3-68450bbfadd1]
	at org.apache.hadoop.io.MultipleIOException.createIOException(MultipleIOException.java:53)
	at org.apache.hadoop.hdds.scm.pipeline.RatisPipelineProvider.callRatisRpc(RatisPipelineProvider.java:253)
	at org.apache.hadoop.hdds.scm.pipeline.RatisPipelineProvider.initializePipeline(RatisPipelineProvider.java:196)
	at org.apache.hadoop.hdds.scm.pipeline.RatisPipelineProvider.create(RatisPipelineProvider.java:163)
	at org.apache.hadoop.hdds.scm.pipeline.PipelineFactory.create(PipelineFactory.java:58)
	at org.apache.hadoop.hdds.scm.pipeline.SCMPipelineManager.createPipeline(SCMPipelineManager.java:155)
	at org.apache.hadoop.hdds.scm.block.BlockManagerImpl.allocateBlock(BlockManagerImpl.java:198)
	at org.apache.hadoop.hdds.scm.server.SCMBlockProtocolServer.allocateBlock(SCMBlockProtocolServer.java:187)
	at org.apache.hadoop.hdds.scm.protocol.ScmBlockLocationProtocolServerSideTranslatorPB.allocateScmBlock(ScmBlockLocationProtocolServerSideTranslatorPB.java:159)
	at org.apache.hadoop.hdds.scm.protocol.ScmBlockLocationProtocolServerSideTranslatorPB.processMessage(ScmBlockLocationProtocolServerSideTranslatorPB.java:117)
	at org.apache.hadoop.hdds.server.OzoneProtocolMessageDispatcher.processRequest(OzoneProtocolMessageDispatcher.java:72)
	at org.apache.hadoop.hdds.scm.protocol.ScmBlockLocationProtocolServerSideTranslatorPB.send(ScmBlockLocationProtocolServerSideTranslatorPB.java:98)
	at org.apache.hadoop.hdds.protocol.proto.ScmBlockLocationProtocolProtos$ScmBlockLocationProtocolService$2.callBlockingMethod(ScmBlockLocationProtocolProtos.java:13157)
	at org.apache.hadoop.ipc.ProtobufRpcEngine$Server$ProtoBufRpcInvoker.call(ProtobufRpcEngine.java:524)
	at org.apache.hadoop.ipc.RPC$Server.call(RPC.java:1025)
	at org.apache.hadoop.ipc.Server$RpcCall.run(Server.java:876)
	at org.apache.hadoop.ipc.Server$RpcCall.run(Server.java:822)
	at java.security.AccessController.doPrivileged(Native Method)
	at javax.security.auth.Subject.doAs(Subject.java:422)
	at org.apache.hadoop.security.UserGroupInformation.doAs(UserGroupInformation.java:1730)
	at org.apache.hadoop.ipc.Server$Handler.run(Server.java:2682)
2019-11-01 01:12:52,162 [IPC Server handler 18 on 34347] INFO  block.BlockManagerImpl (BlockManagerImpl.java:allocateBlock(212)) - Could not find available pipeline of type:RATIS and factor:THREE even after retrying
2019-11-01 01:12:52,163 [IPC Server handler 18 on 34347] ERROR block.BlockManagerImpl (BlockManagerImpl.java:allocateBlock(236)) - Unable to allocate a block for the size: 4194304, type: RATIS, factor: THREE
2019-11-01 01:12:52,180 [grpc-default-executor-3] INFO  impl.RaftServerProxy (RaftServerProxy.java:addNew(89)) - f0e69bc2-b789-4d66-87b3-68450bbfadd1: addNew group-2301CEC5FA3B:[51058dee-2090-47d5-a97d-c0799d97638e:192.168.157.211:34007, f0e69bc2-b789-4d66-87b3-68450bbfadd1:192.168.157.211:45838, b0d7b968-1d99-44d0-9f45-0cc9cf357355:192.168.157.211:34108] returns group-2301CEC5FA3B:java.util.concurrent.CompletableFuture@3f8a6079[Not completed]
2019-11-01 01:12:52,181 [grpc-default-executor-2] INFO  impl.RaftServerProxy (RaftServerProxy.java:addNew(89)) - b0d7b968-1d99-44d0-9f45-0cc9cf357355: addNew group-2301CEC5FA3B:[51058dee-2090-47d5-a97d-c0799d97638e:192.168.157.211:34007, f0e69bc2-b789-4d66-87b3-68450bbfadd1:192.168.157.211:45838, b0d7b968-1d99-44d0-9f45-0cc9cf357355:192.168.157.211:34108] returns group-2301CEC5FA3B:java.util.concurrent.CompletableFuture@2694fc0a[Not completed]
2019-11-01 01:12:52,180 [grpc-default-executor-1] INFO  impl.RaftServerProxy (RaftServerProxy.java:addNew(89)) - 51058dee-2090-47d5-a97d-c0799d97638e: addNew group-2301CEC5FA3B:[51058dee-2090-47d5-a97d-c0799d97638e:192.168.157.211:34007, f0e69bc2-b789-4d66-87b3-68450bbfadd1:192.168.157.211:45838, b0d7b968-1d99-44d0-9f45-0cc9cf357355:192.168.157.211:34108] returns group-2301CEC5FA3B:java.util.concurrent.CompletableFuture@7f62ad3e[Not completed]
2019-11-01 01:12:52,536 [pool-57-thread-1] INFO  storage.RaftStorageDirectory (RaftStorageDirectory.java:tryLock(328)) - Lock on /workdir/hadoop-ozone/tools/target/test-dir/MiniOzoneClusterImpl-7858d707-e611-49d6-9f20-09fa29eef7b7/datanode-3/data/ratis/065a448e-3d65-4648-a951-7441a65ff976/in_use.lock acquired by nodename 22876@pr-hdds-2364-master-k27gz-2975546514
2019-11-01 01:12:52,536 [f0e69bc2-b789-4d66-87b3-68450bbfadd1@group-CD47EA837FE9-SegmentedRaftLogWorker] INFO  segmented.SegmentedRaftLogWorker (SegmentedRaftLogWorker.java:execute(576)) - f0e69bc2-b789-4d66-87b3-68450bbfadd1@group-CD47EA837FE9-SegmentedRaftLogWorker: created new log segment /workdir/hadoop-ozone/tools/target/test-dir/MiniOzoneClusterImpl-7858d707-e611-49d6-9f20-09fa29eef7b7/datanode-0/data/ratis/13a7ec60-cbe2-45a8-817d-cd47ea837fe9/current/log_inprogress_0
2019-11-01 01:12:52,536 [pool-47-thread-1] INFO  storage.RaftStorageDirectory (RaftStorageDirectory.java:tryLock(328)) - Lock on /workdir/hadoop-ozone/tools/target/test-dir/MiniOzoneClusterImpl-7858d707-e611-49d6-9f20-09fa29eef7b7/datanode-2/data/ratis/065a448e-3d65-4648-a951-7441a65ff976/in_use.lock acquired by nodename 22876@pr-hdds-2364-master-k27gz-2975546514
2019-11-01 01:12:52,536 [pool-27-thread-1] INFO  storage.RaftStorageDirectory (RaftStorageDirectory.java:tryLock(328)) - Lock on /workdir/hadoop-ozone/tools/target/test-dir/MiniOzoneClusterImpl-7858d707-e611-49d6-9f20-09fa29eef7b7/datanode-0/data/ratis/a9dc3cce-7784-49c4-b6ce-a0882977570b/in_use.lock acquired by nodename 22876@pr-hdds-2364-master-k27gz-2975546514
2019-11-01 01:12:52,537 [51058dee-2090-47d5-a97d-c0799d97638e@group-ADD962C510C7-LeaderElection5] INFO  impl.LeaderElection (LeaderElection.java:askForVotes(178)) - 51058dee-2090-47d5-a97d-c0799d97638e@group-ADD962C510C7-LeaderElection5: begin an election at term 1 for -1: [51058dee-2090-47d5-a97d-c0799d97638e:192.168.157.211:34007, f0e69bc2-b789-4d66-87b3-68450bbfadd1:192.168.157.211:45838, b0d7b968-1d99-44d0-9f45-0cc9cf357355:192.168.157.211:34108], old=null
2019-11-01 01:12:52,537 [b0d7b968-1d99-44d0-9f45-0cc9cf357355@group-ADD962C510C7-LeaderElection4] INFO  impl.LeaderElection (LeaderElection.java:askForVotes(178)) - b0d7b968-1d99-44d0-9f45-0cc9cf357355@group-ADD962C510C7-LeaderElection4: begin an election at term 1 for -1: [51058dee-2090-47d5-a97d-c0799d97638e:192.168.157.211:34007, f0e69bc2-b789-4d66-87b3-68450bbfadd1:192.168.157.211:45838, b0d7b968-1d99-44d0-9f45-0cc9cf357355:192.168.157.211:34108], old=null
2019-11-01 01:12:52,547 [grpc-default-executor-1] WARN  server.GrpcServerProtocolService (LogUtils.java:warn(134)) - f0e69bc2-b789-4d66-87b3-68450bbfadd1: Failed requestVote b0d7b968-1d99-44d0-9f45-0cc9cf357355->f0e69bc2-b789-4d66-87b3-68450bbfadd1#0: org.apache.ratis.protocol.ServerNotReadyException: f0e69bc2-b789-4d66-87b3-68450bbfadd1@group-ADD962C510C7 is not in [RUNNING]: current state is NEW
2019-11-01 01:12:52,551 [grpc-default-executor-3] WARN  server.GrpcServerProtocolService (LogUtils.java:warn(134)) - f0e69bc2-b789-4d66-87b3-68450bbfadd1: Failed requestVote 51058dee-2090-47d5-a97d-c0799d97638e->f0e69bc2-b789-4d66-87b3-68450bbfadd1#0: org.apache.ratis.protocol.ServerNotReadyException: f0e69bc2-b789-4d66-87b3-68450bbfadd1@group-ADD962C510C7 is not in [RUNNING]: current state is NEW
2019-11-01 01:12:52,568 [51058dee-2090-47d5-a97d-c0799d97638e@group-ADD962C510C7-LeaderElection5] INFO  impl.LeaderElection (LogUtils.java:infoOrTrace(149)) - 51058dee-2090-47d5-a97d-c0799d97638e@group-ADD962C510C7-LeaderElection5 got exception when requesting votes: {}
java.util.concurrent.ExecutionException: org.apache.ratis.thirdparty.io.grpc.StatusRuntimeException: INTERNAL: f0e69bc2-b789-4d66-87b3-68450bbfadd1@group-ADD962C510C7 is not in [RUNNING]: current state is NEW
	at java.util.concurrent.FutureTask.report(FutureTask.java:122)
	at java.util.concurrent.FutureTask.get(FutureTask.java:192)
	at org.apache.ratis.server.impl.LeaderElection.waitForResults(LeaderElection.java:259)
	at org.apache.ratis.server.impl.LeaderElection.askForVotes(LeaderElection.java:197)
	at org.apache.ratis.server.impl.LeaderElection.run(LeaderElection.java:133)
	at java.lang.Thread.run(Thread.java:748)
Caused by: org.apache.ratis.thirdparty.io.grpc.StatusRuntimeException: INTERNAL: f0e69bc2-b789-4d66-87b3-68450bbfadd1@group-ADD962C510C7 is not in [RUNNING]: current state is NEW
	at org.apache.ratis.thirdparty.io.grpc.stub.ClientCalls.toStatusRuntimeException(ClientCalls.java:233)
	at org.apache.ratis.thirdparty.io.grpc.stub.ClientCalls.getUnchecked(ClientCalls.java:214)
	at org.apache.ratis.thirdparty.io.grpc.stub.ClientCalls.blockingUnaryCall(ClientCalls.java:139)
	at org.apache.ratis.proto.grpc.RaftServerProtocolServiceGrpc$RaftServerProtocolServiceBlockingStub.requestVote(RaftServerProtocolServiceGrpc.java:265)
	at org.apache.ratis.grpc.server.GrpcServerProtocolClient.requestVote(GrpcServerProtocolClient.java:99)
	at org.apache.ratis.grpc.server.GrpcService.requestVote(GrpcService.java:204)
	at org.apache.ratis.server.impl.LeaderElection.lambda$submitRequests$1(LeaderElection.java:234)
	at java.util.concurrent.FutureTask.run(FutureTask.java:266)
	at java.util.concurrent.Executors$RunnableAdapter.call(Executors.java:511)
	at java.util.concurrent.FutureTask.run(FutureTask.java:266)
	at java.util.concurrent.ThreadPoolExecutor.runWorker(ThreadPoolExecutor.java:1149)
	at java.util.concurrent.ThreadPoolExecutor$Worker.run(ThreadPoolExecutor.java:624)
	... 1 more
2019-11-01 01:12:52,568 [b0d7b968-1d99-44d0-9f45-0cc9cf357355@group-ADD962C510C7-LeaderElection4] INFO  impl.LeaderElection (LogUtils.java:infoOrTrace(149)) - b0d7b968-1d99-44d0-9f45-0cc9cf357355@group-ADD962C510C7-LeaderElection4 got exception when requesting votes: {}
java.util.concurrent.ExecutionException: org.apache.ratis.thirdparty.io.grpc.StatusRuntimeException: INTERNAL: f0e69bc2-b789-4d66-87b3-68450bbfadd1@group-ADD962C510C7 is not in [RUNNING]: current state is NEW
	at java.util.concurrent.FutureTask.report(FutureTask.java:122)
	at java.util.concurrent.FutureTask.get(FutureTask.java:192)
	at org.apache.ratis.server.impl.LeaderElection.waitForResults(LeaderElection.java:259)
	at org.apache.ratis.server.impl.LeaderElection.askForVotes(LeaderElection.java:197)
	at org.apache.ratis.server.impl.LeaderElection.run(LeaderElection.java:133)
	at java.lang.Thread.run(Thread.java:748)
Caused by: org.apache.ratis.thirdparty.io.grpc.StatusRuntimeException: INTERNAL: f0e69bc2-b789-4d66-87b3-68450bbfadd1@group-ADD962C510C7 is not in [RUNNING]: current state is NEW
	at org.apache.ratis.thirdparty.io.grpc.stub.ClientCalls.toStatusRuntimeException(ClientCalls.java:233)
	at org.apache.ratis.thirdparty.io.grpc.stub.ClientCalls.getUnchecked(ClientCalls.java:214)
	at org.apache.ratis.thirdparty.io.grpc.stub.ClientCalls.blockingUnaryCall(ClientCalls.java:139)
	at org.apache.ratis.proto.grpc.RaftServerProtocolServiceGrpc$RaftServerProtocolServiceBlockingStub.requestVote(RaftServerProtocolServiceGrpc.java:265)
	at org.apache.ratis.grpc.server.GrpcServerProtocolClient.requestVote(GrpcServerProtocolClient.java:99)
	at org.apache.ratis.grpc.server.GrpcService.requestVote(GrpcService.java:204)
	at org.apache.ratis.server.impl.LeaderElection.lambda$submitRequests$1(LeaderElection.java:234)
	at java.util.concurrent.FutureTask.run(FutureTask.java:266)
	at java.util.concurrent.Executors$RunnableAdapter.call(Executors.java:511)
	at java.util.concurrent.FutureTask.run(FutureTask.java:266)
	at java.util.concurrent.ThreadPoolExecutor.runWorker(ThreadPoolExecutor.java:1149)
	at java.util.concurrent.ThreadPoolExecutor$Worker.run(ThreadPoolExecutor.java:624)
	... 1 more
2019-11-01 01:12:52,570 [51058dee-2090-47d5-a97d-c0799d97638e@group-ADD962C510C7-LeaderElection5] INFO  impl.LeaderElection (LeaderElection.java:logAndReturn(56)) - 51058dee-2090-47d5-a97d-c0799d97638e@group-ADD962C510C7-LeaderElection5: Election REJECTED; received 1 response(s) [51058dee-2090-47d5-a97d-c0799d97638e<-b0d7b968-1d99-44d0-9f45-0cc9cf357355#0:FAIL-t1] and 1 exception(s); 51058dee-2090-47d5-a97d-c0799d97638e@group-ADD962C510C7:t1, leader=null, voted=51058dee-2090-47d5-a97d-c0799d97638e, raftlog=51058dee-2090-47d5-a97d-c0799d97638e@group-ADD962C510C7-SegmentedRaftLog:OPENED:c-1,f-1,i0, conf=-1: [51058dee-2090-47d5-a97d-c0799d97638e:192.168.157.211:34007, f0e69bc2-b789-4d66-87b3-68450bbfadd1:192.168.157.211:45838, b0d7b968-1d99-44d0-9f45-0cc9cf357355:192.168.157.211:34108], old=null
2019-11-01 01:12:52,572 [b0d7b968-1d99-44d0-9f45-0cc9cf357355@group-ADD962C510C7-LeaderElection4] INFO  impl.LeaderElection (LeaderElection.java:logAndReturn(56)) - b0d7b968-1d99-44d0-9f45-0cc9cf357355@group-ADD962C510C7-LeaderElection4: Election REJECTED; received 1 response(s) [b0d7b968-1d99-44d0-9f45-0cc9cf357355<-51058dee-2090-47d5-a97d-c0799d97638e#0:FAIL-t1] and 1 exception(s); b0d7b968-1d99-44d0-9f45-0cc9cf357355@group-ADD962C510C7:t1, leader=null, voted=b0d7b968-1d99-44d0-9f45-0cc9cf357355, raftlog=b0d7b968-1d99-44d0-9f45-0cc9cf357355@group-ADD962C510C7-SegmentedRaftLog:OPENED:c-1,f-1,i0, conf=-1: [51058dee-2090-47d5-a97d-c0799d97638e:192.168.157.211:34007, f0e69bc2-b789-4d66-87b3-68450bbfadd1:192.168.157.211:45838, b0d7b968-1d99-44d0-9f45-0cc9cf357355:192.168.157.211:34108], old=null
2019-11-01 01:12:52,572 [51058dee-2090-47d5-a97d-c0799d97638e@group-ADD962C510C7-LeaderElection5] INFO  impl.LeaderElection (LogUtils.java:infoOrTrace(149)) -   Exception 0: {}
java.util.concurrent.ExecutionException: org.apache.ratis.thirdparty.io.grpc.StatusRuntimeException: INTERNAL: f0e69bc2-b789-4d66-87b3-68450bbfadd1@group-ADD962C510C7 is not in [RUNNING]: current state is NEW
	at java.util.concurrent.FutureTask.report(FutureTask.java:122)
	at java.util.concurrent.FutureTask.get(FutureTask.java:192)
	at org.apache.ratis.server.impl.LeaderElection.waitForResults(LeaderElection.java:259)
	at org.apache.ratis.server.impl.LeaderElection.askForVotes(LeaderElection.java:197)
	at org.apache.ratis.server.impl.LeaderElection.run(LeaderElection.java:133)
	at java.lang.Thread.run(Thread.java:748)
Caused by: org.apache.ratis.thirdparty.io.grpc.StatusRuntimeException: INTERNAL: f0e69bc2-b789-4d66-87b3-68450bbfadd1@group-ADD962C510C7 is not in [RUNNING]: current state is NEW
	at org.apache.ratis.thirdparty.io.grpc.stub.ClientCalls.toStatusRuntimeException(ClientCalls.java:233)
	at org.apache.ratis.thirdparty.io.grpc.stub.ClientCalls.getUnchecked(ClientCalls.java:214)
	at org.apache.ratis.thirdparty.io.grpc.stub.ClientCalls.blockingUnaryCall(ClientCalls.java:139)
	at org.apache.ratis.proto.grpc.RaftServerProtocolServiceGrpc$RaftServerProtocolServiceBlockingStub.requestVote(RaftServerProtocolServiceGrpc.java:265)
	at org.apache.ratis.grpc.server.GrpcServerProtocolClient.requestVote(GrpcServerProtocolClient.java:99)
	at org.apache.ratis.grpc.server.GrpcService.requestVote(GrpcService.java:204)
	at org.apache.ratis.server.impl.LeaderElection.lambda$submitRequests$1(LeaderElection.java:234)
	at java.util.concurrent.FutureTask.run(FutureTask.java:266)
	at java.util.concurrent.Executors$RunnableAdapter.call(Executors.java:511)
	at java.util.concurrent.FutureTask.run(FutureTask.java:266)
	at java.util.concurrent.ThreadPoolExecutor.runWorker(ThreadPoolExecutor.java:1149)
	at java.util.concurrent.ThreadPoolExecutor$Worker.run(ThreadPoolExecutor.java:624)
	... 1 more
2019-11-01 01:12:52,572 [b0d7b968-1d99-44d0-9f45-0cc9cf357355@group-ADD962C510C7-LeaderElection4] INFO  impl.LeaderElection (LogUtils.java:infoOrTrace(149)) -   Exception 0: {}
java.util.concurrent.ExecutionException: org.apache.ratis.thirdparty.io.grpc.StatusRuntimeException: INTERNAL: f0e69bc2-b789-4d66-87b3-68450bbfadd1@group-ADD962C510C7 is not in [RUNNING]: current state is NEW
	at java.util.concurrent.FutureTask.report(FutureTask.java:122)
	at java.util.concurrent.FutureTask.get(FutureTask.java:192)
	at org.apache.ratis.server.impl.LeaderElection.waitForResults(LeaderElection.java:259)
	at org.apache.ratis.server.impl.LeaderElection.askForVotes(LeaderElection.java:197)
	at org.apache.ratis.server.impl.LeaderElection.run(LeaderElection.java:133)
	at java.lang.Thread.run(Thread.java:748)
Caused by: org.apache.ratis.thirdparty.io.grpc.StatusRuntimeException: INTERNAL: f0e69bc2-b789-4d66-87b3-68450bbfadd1@group-ADD962C510C7 is not in [RUNNING]: current state is NEW
	at org.apache.ratis.thirdparty.io.grpc.stub.ClientCalls.toStatusRuntimeException(ClientCalls.java:233)
	at org.apache.ratis.thirdparty.io.grpc.stub.ClientCalls.getUnchecked(ClientCalls.java:214)
	at org.apache.ratis.thirdparty.io.grpc.stub.ClientCalls.blockingUnaryCall(ClientCalls.java:139)
	at org.apache.ratis.proto.grpc.RaftServerProtocolServiceGrpc$RaftServerProtocolServiceBlockingStub.requestVote(RaftServerProtocolServiceGrpc.java:265)
	at org.apache.ratis.grpc.server.GrpcServerProtocolClient.requestVote(GrpcServerProtocolClient.java:99)
	at org.apache.ratis.grpc.server.GrpcService.requestVote(GrpcService.java:204)
	at org.apache.ratis.server.impl.LeaderElection.lambda$submitRequests$1(LeaderElection.java:234)
	at java.util.concurrent.FutureTask.run(FutureTask.java:266)
	at java.util.concurrent.Executors$RunnableAdapter.call(Executors.java:511)
	at java.util.concurrent.FutureTask.run(FutureTask.java:266)
	at java.util.concurrent.ThreadPoolExecutor.runWorker(ThreadPoolExecutor.java:1149)
	at java.util.concurrent.ThreadPoolExecutor$Worker.run(ThreadPoolExecutor.java:624)
	... 1 more
2019-11-01 01:12:52,574 [51058dee-2090-47d5-a97d-c0799d97638e@group-ADD962C510C7-LeaderElection5] INFO  impl.RaftServerImpl (RaftServerImpl.java:setRole(173)) - 51058dee-2090-47d5-a97d-c0799d97638e@group-ADD962C510C7: changes role from CANDIDATE to FOLLOWER at term 1 for DISCOVERED_A_NEW_TERM
2019-11-01 01:12:52,577 [51058dee-2090-47d5-a97d-c0799d97638e@group-ADD962C510C7-LeaderElection5] INFO  impl.RoleInfo (RoleInfo.java:shutdownLeaderElection(134)) - 51058dee-2090-47d5-a97d-c0799d97638e: shutdown LeaderElection
2019-11-01 01:12:52,577 [b0d7b968-1d99-44d0-9f45-0cc9cf357355@group-ADD962C510C7-LeaderElection4] INFO  impl.RaftServerImpl (RaftServerImpl.java:setRole(173)) - b0d7b968-1d99-44d0-9f45-0cc9cf357355@group-ADD962C510C7: changes role from CANDIDATE to FOLLOWER at term 1 for DISCOVERED_A_NEW_TERM
2019-11-01 01:12:52,579 [b0d7b968-1d99-44d0-9f45-0cc9cf357355@group-ADD962C510C7-LeaderElection4] INFO  impl.RoleInfo (RoleInfo.java:shutdownLeaderElection(134)) - b0d7b968-1d99-44d0-9f45-0cc9cf357355: shutdown LeaderElection
2019-11-01 01:12:52,579 [51058dee-2090-47d5-a97d-c0799d97638e@group-ADD962C510C7-LeaderElection5] INFO  impl.RoleInfo (RoleInfo.java:updateAndGet(143)) - 51058dee-2090-47d5-a97d-c0799d97638e: start FollowerState
2019-11-01 01:12:52,579 [b0d7b968-1d99-44d0-9f45-0cc9cf357355@group-ADD962C510C7-LeaderElection4] INFO  impl.RoleInfo (RoleInfo.java:updateAndGet(143)) - b0d7b968-1d99-44d0-9f45-0cc9cf357355: start FollowerState
 0.00% |?                                                                                                    |  0/1 Time: 0:00:20 0.00% |?                                                                                                    |  0/1 Time: 0:00:212019-11-01 01:12:54,531 [Thread-261] INFO  impl.FollowerState (FollowerState.java:run(111)) - f0e69bc2-b789-4d66-87b3-68450bbfadd1@group-C1642148D20B-FollowerState: change to CANDIDATE, lastRpcTime:5023ms, electionTimeout:5023ms
2019-11-01 01:12:54,532 [Thread-261] INFO  impl.RoleInfo (RoleInfo.java:shutdownFollowerState(121)) - f0e69bc2-b789-4d66-87b3-68450bbfadd1: shutdown FollowerState
2019-11-01 01:12:54,533 [Thread-261] INFO  impl.RaftServerImpl (RaftServerImpl.java:setRole(173)) - f0e69bc2-b789-4d66-87b3-68450bbfadd1@group-C1642148D20B: changes role from  FOLLOWER to CANDIDATE at term 0 for changeToCandidate
2019-11-01 01:12:54,533 [Thread-261] INFO  impl.RoleInfo (RoleInfo.java:updateAndGet(143)) - f0e69bc2-b789-4d66-87b3-68450bbfadd1: start LeaderElection
2019-11-01 01:12:54,611 [Thread-259] INFO  impl.FollowerState (FollowerState.java:run(111)) - f0e69bc2-b789-4d66-87b3-68450bbfadd1@group-45DC7F372F17-FollowerState: change to CANDIDATE, lastRpcTime:5105ms, electionTimeout:5105ms
2019-11-01 01:12:54,612 [Thread-259] INFO  impl.RoleInfo (RoleInfo.java:shutdownFollowerState(121)) - f0e69bc2-b789-4d66-87b3-68450bbfadd1: shutdown FollowerState
2019-11-01 01:12:54,612 [Thread-259] INFO  impl.RaftServerImpl (RaftServerImpl.java:setRole(173)) - f0e69bc2-b789-4d66-87b3-68450bbfadd1@group-45DC7F372F17: changes role from  FOLLOWER to CANDIDATE at term 0 for changeToCandidate
2019-11-01 01:12:54,612 [Thread-259] INFO  impl.RoleInfo (RoleInfo.java:updateAndGet(143)) - f0e69bc2-b789-4d66-87b3-68450bbfadd1: start LeaderElection
 0.00% |?                                                                                                    |  0/1 Time: 0:00:222019-11-01 01:12:55,178 [RATISCREATEPIPELINE2] ERROR pipeline.RatisPipelineProvider (RatisPipelineProvider.java:lambda$null$5(237)) - Failed invoke Ratis rpc org.apache.hadoop.hdds.scm.pipeline.RatisPipelineProvider$$Lambda$196/1409674311@6cf0fd85 for b0d7b968-1d99-44d0-9f45-0cc9cf357355
org.apache.ratis.protocol.TimeoutIOException: deadline exceeded after 2998515164ns
	at org.apache.ratis.grpc.GrpcUtil.tryUnwrapException(GrpcUtil.java:82)
	at org.apache.ratis.grpc.GrpcUtil.unwrapException(GrpcUtil.java:75)
	at org.apache.ratis.grpc.client.GrpcClientProtocolClient.blockingCall(GrpcClientProtocolClient.java:184)
	at org.apache.ratis.grpc.client.GrpcClientProtocolClient.groupAdd(GrpcClientProtocolClient.java:153)
	at org.apache.ratis.grpc.client.GrpcClientRpc.sendRequest(GrpcClientRpc.java:94)
	at org.apache.ratis.client.impl.RaftClientImpl.sendRequest(RaftClientImpl.java:278)
	at org.apache.ratis.client.impl.RaftClientImpl.groupAdd(RaftClientImpl.java:205)
	at org.apache.hadoop.hdds.scm.pipeline.RatisPipelineProvider.lambda$initializePipeline$4(RatisPipelineProvider.java:198)
	at org.apache.hadoop.hdds.scm.pipeline.RatisPipelineProvider.lambda$null$5(RatisPipelineProvider.java:233)
	at java.util.stream.ForEachOps$ForEachOp$OfRef.accept(ForEachOps.java:183)
	at java.util.ArrayList$ArrayListSpliterator.forEachRemaining(ArrayList.java:1382)
	at java.util.stream.AbstractPipeline.copyInto(AbstractPipeline.java:482)
	at java.util.stream.ForEachOps$ForEachTask.compute(ForEachOps.java:290)
	at java.util.concurrent.CountedCompleter.exec(CountedCompleter.java:731)
	at java.util.concurrent.ForkJoinTask.doExec(ForkJoinTask.java:289)
	at java.util.concurrent.ForkJoinPool$WorkQueue.runTask(ForkJoinPool.java:1056)
	at java.util.concurrent.ForkJoinPool.runWorker(ForkJoinPool.java:1692)
	at java.util.concurrent.ForkJoinWorkerThread.run(ForkJoinWorkerThread.java:157)
Caused by: org.apache.ratis.thirdparty.io.grpc.StatusRuntimeException: DEADLINE_EXCEEDED: deadline exceeded after 2998515164ns
	at org.apache.ratis.thirdparty.io.grpc.stub.ClientCalls.toStatusRuntimeException(ClientCalls.java:233)
	at org.apache.ratis.thirdparty.io.grpc.stub.ClientCalls.getUnchecked(ClientCalls.java:214)
	at org.apache.ratis.thirdparty.io.grpc.stub.ClientCalls.blockingUnaryCall(ClientCalls.java:139)
	at org.apache.ratis.proto.grpc.AdminProtocolServiceGrpc$AdminProtocolServiceBlockingStub.groupManagement(AdminProtocolServiceGrpc.java:274)
	at org.apache.ratis.grpc.client.GrpcClientProtocolClient.lambda$groupAdd$3(GrpcClientProtocolClient.java:155)
	at org.apache.ratis.grpc.client.GrpcClientProtocolClient.blockingCall(GrpcClientProtocolClient.java:182)
	... 15 more
2019-11-01 01:12:55,179 [RATISCREATEPIPELINE3] ERROR pipeline.RatisPipelineProvider (RatisPipelineProvider.java:lambda$null$5(237)) - Failed invoke Ratis rpc org.apache.hadoop.hdds.scm.pipeline.RatisPipelineProvider$$Lambda$196/1409674311@6cf0fd85 for f0e69bc2-b789-4d66-87b3-68450bbfadd1
org.apache.ratis.protocol.TimeoutIOException
	at org.apache.ratis.grpc.GrpcUtil.tryUnwrapException(GrpcUtil.java:82)
	at org.apache.ratis.grpc.GrpcUtil.unwrapException(GrpcUtil.java:75)
	at org.apache.ratis.grpc.client.GrpcClientProtocolClient.blockingCall(GrpcClientProtocolClient.java:184)
	at org.apache.ratis.grpc.client.GrpcClientProtocolClient.groupAdd(GrpcClientProtocolClient.java:153)
	at org.apache.ratis.grpc.client.GrpcClientRpc.sendRequest(GrpcClientRpc.java:94)
	at org.apache.ratis.client.impl.RaftClientImpl.sendRequest(RaftClientImpl.java:278)
	at org.apache.ratis.client.impl.RaftClientImpl.groupAdd(RaftClientImpl.java:205)
	at org.apache.hadoop.hdds.scm.pipeline.RatisPipelineProvider.lambda$initializePipeline$4(RatisPipelineProvider.java:198)
	at org.apache.hadoop.hdds.scm.pipeline.RatisPipelineProvider.lambda$null$5(RatisPipelineProvider.java:233)
	at java.util.stream.ForEachOps$ForEachOp$OfRef.accept(ForEachOps.java:183)
	at java.util.ArrayList$ArrayListSpliterator.forEachRemaining(ArrayList.java:1382)
	at java.util.stream.AbstractPipeline.copyInto(AbstractPipeline.java:482)
	at java.util.stream.ForEachOps$ForEachTask.compute(ForEachOps.java:290)
	at java.util.concurrent.CountedCompleter.exec(CountedCompleter.java:731)
	at java.util.concurrent.ForkJoinTask.doExec(ForkJoinTask.java:289)
	at java.util.concurrent.ForkJoinPool$WorkQueue.runTask(ForkJoinPool.java:1056)
	at java.util.concurrent.ForkJoinPool.runWorker(ForkJoinPool.java:1692)
	at java.util.concurrent.ForkJoinWorkerThread.run(ForkJoinWorkerThread.java:157)
Caused by: org.apache.ratis.thirdparty.io.grpc.StatusRuntimeException: DEADLINE_EXCEEDED
	at org.apache.ratis.thirdparty.io.grpc.stub.ClientCalls.toStatusRuntimeException(ClientCalls.java:233)
	at org.apache.ratis.thirdparty.io.grpc.stub.ClientCalls.getUnchecked(ClientCalls.java:214)
	at org.apache.ratis.thirdparty.io.grpc.stub.ClientCalls.blockingUnaryCall(ClientCalls.java:139)
	at org.apache.ratis.proto.grpc.AdminProtocolServiceGrpc$AdminProtocolServiceBlockingStub.groupManagement(AdminProtocolServiceGrpc.java:274)
	at org.apache.ratis.grpc.client.GrpcClientProtocolClient.lambda$groupAdd$3(GrpcClientProtocolClient.java:155)
	at org.apache.ratis.grpc.client.GrpcClientProtocolClient.blockingCall(GrpcClientProtocolClient.java:182)
	... 15 more
2019-11-01 01:12:55,178 [RATISCREATEPIPELINE1] ERROR pipeline.RatisPipelineProvider (RatisPipelineProvider.java:lambda$null$5(237)) - Failed invoke Ratis rpc org.apache.hadoop.hdds.scm.pipeline.RatisPipelineProvider$$Lambda$196/1409674311@6cf0fd85 for 51058dee-2090-47d5-a97d-c0799d97638e
org.apache.ratis.protocol.TimeoutIOException: deadline exceeded after 2998527095ns
	at org.apache.ratis.grpc.GrpcUtil.tryUnwrapException(GrpcUtil.java:82)
	at org.apache.ratis.grpc.GrpcUtil.unwrapException(GrpcUtil.java:75)
	at org.apache.ratis.grpc.client.GrpcClientProtocolClient.blockingCall(GrpcClientProtocolClient.java:184)
	at org.apache.ratis.grpc.client.GrpcClientProtocolClient.groupAdd(GrpcClientProtocolClient.java:153)
	at org.apache.ratis.grpc.client.GrpcClientRpc.sendRequest(GrpcClientRpc.java:94)
	at org.apache.ratis.client.impl.RaftClientImpl.sendRequest(RaftClientImpl.java:278)
	at org.apache.ratis.client.impl.RaftClientImpl.groupAdd(RaftClientImpl.java:205)
	at org.apache.hadoop.hdds.scm.pipeline.RatisPipelineProvider.lambda$initializePipeline$4(RatisPipelineProvider.java:198)
	at org.apache.hadoop.hdds.scm.pipeline.RatisPipelineProvider.lambda$null$5(RatisPipelineProvider.java:233)
	at java.util.stream.ForEachOps$ForEachOp$OfRef.accept(ForEachOps.java:183)
	at java.util.ArrayList$ArrayListSpliterator.forEachRemaining(ArrayList.java:1382)
	at java.util.stream.AbstractPipeline.copyInto(AbstractPipeline.java:482)
	at java.util.stream.ForEachOps$ForEachTask.compute(ForEachOps.java:290)
	at java.util.concurrent.CountedCompleter.exec(CountedCompleter.java:731)
	at java.util.concurrent.ForkJoinTask.doExec(ForkJoinTask.java:289)
	at java.util.concurrent.ForkJoinTask.doInvoke(ForkJoinTask.java:401)
	at java.util.concurrent.ForkJoinTask.invoke(ForkJoinTask.java:734)
	at java.util.stream.ForEachOps$ForEachOp.evaluateParallel(ForEachOps.java:159)
	at java.util.stream.ForEachOps$ForEachOp$OfRef.evaluateParallel(ForEachOps.java:173)
	at java.util.stream.AbstractPipeline.evaluate(AbstractPipeline.java:233)
	at java.util.stream.ReferencePipeline.forEach(ReferencePipeline.java:485)
	at java.util.stream.ReferencePipeline$Head.forEach(ReferencePipeline.java:650)
	at org.apache.hadoop.hdds.scm.pipeline.RatisPipelineProvider.lambda$callRatisRpc$6(RatisPipelineProvider.java:227)
	at java.util.concurrent.ForkJoinTask$AdaptedRunnableAction.exec(ForkJoinTask.java:1386)
	at java.util.concurrent.ForkJoinTask.doExec(ForkJoinTask.java:289)
	at java.util.concurrent.ForkJoinPool$WorkQueue.runTask(ForkJoinPool.java:1056)
	at java.util.concurrent.ForkJoinPool.runWorker(ForkJoinPool.java:1692)
	at java.util.concurrent.ForkJoinWorkerThread.run(ForkJoinWorkerThread.java:157)
Caused by: org.apache.ratis.thirdparty.io.grpc.StatusRuntimeException: DEADLINE_EXCEEDED: deadline exceeded after 2998527095ns
	at org.apache.ratis.thirdparty.io.grpc.stub.ClientCalls.toStatusRuntimeException(ClientCalls.java:233)
	at org.apache.ratis.thirdparty.io.grpc.stub.ClientCalls.getUnchecked(ClientCalls.java:214)
	at org.apache.ratis.thirdparty.io.grpc.stub.ClientCalls.blockingUnaryCall(ClientCalls.java:139)
	at org.apache.ratis.proto.grpc.AdminProtocolServiceGrpc$AdminProtocolServiceBlockingStub.groupManagement(AdminProtocolServiceGrpc.java:274)
	at org.apache.ratis.grpc.client.GrpcClientProtocolClient.lambda$groupAdd$3(GrpcClientProtocolClient.java:155)
	at org.apache.ratis.grpc.client.GrpcClientProtocolClient.blockingCall(GrpcClientProtocolClient.java:182)
	... 25 more
2019-11-01 01:12:55,188 [IPC Server handler 18 on 34347] WARN  block.BlockManagerImpl (BlockManagerImpl.java:allocateBlock(200)) - Pipeline creation failed for type:RATIS factor:THREE. Retrying get pipelines call once.
org.apache.hadoop.io.MultipleIOException: 3 exceptions [java.io.IOException: Failed invoke Ratis rpc org.apache.hadoop.hdds.scm.pipeline.RatisPipelineProvider$$Lambda$196/1409674311@6cf0fd85 for b0d7b968-1d99-44d0-9f45-0cc9cf357355, java.io.IOException: Failed invoke Ratis rpc org.apache.hadoop.hdds.scm.pipeline.RatisPipelineProvider$$Lambda$196/1409674311@6cf0fd85 for f0e69bc2-b789-4d66-87b3-68450bbfadd1, java.io.IOException: Failed invoke Ratis rpc org.apache.hadoop.hdds.scm.pipeline.RatisPipelineProvider$$Lambda$196/1409674311@6cf0fd85 for 51058dee-2090-47d5-a97d-c0799d97638e]
	at org.apache.hadoop.io.MultipleIOException.createIOException(MultipleIOException.java:53)
	at org.apache.hadoop.hdds.scm.pipeline.RatisPipelineProvider.callRatisRpc(RatisPipelineProvider.java:253)
	at org.apache.hadoop.hdds.scm.pipeline.RatisPipelineProvider.initializePipeline(RatisPipelineProvider.java:196)
	at org.apache.hadoop.hdds.scm.pipeline.RatisPipelineProvider.create(RatisPipelineProvider.java:163)
	at org.apache.hadoop.hdds.scm.pipeline.PipelineFactory.create(PipelineFactory.java:58)
	at org.apache.hadoop.hdds.scm.pipeline.SCMPipelineManager.createPipeline(SCMPipelineManager.java:155)
	at org.apache.hadoop.hdds.scm.block.BlockManagerImpl.allocateBlock(BlockManagerImpl.java:198)
	at org.apache.hadoop.hdds.scm.server.SCMBlockProtocolServer.allocateBlock(SCMBlockProtocolServer.java:187)
	at org.apache.hadoop.hdds.scm.protocol.ScmBlockLocationProtocolServerSideTranslatorPB.allocateScmBlock(ScmBlockLocationProtocolServerSideTranslatorPB.java:159)
	at org.apache.hadoop.hdds.scm.protocol.ScmBlockLocationProtocolServerSideTranslatorPB.processMessage(ScmBlockLocationProtocolServerSideTranslatorPB.java:117)
	at org.apache.hadoop.hdds.server.OzoneProtocolMessageDispatcher.processRequest(OzoneProtocolMessageDispatcher.java:72)
	at org.apache.hadoop.hdds.scm.protocol.ScmBlockLocationProtocolServerSideTranslatorPB.send(ScmBlockLocationProtocolServerSideTranslatorPB.java:98)
	at org.apache.hadoop.hdds.protocol.proto.ScmBlockLocationProtocolProtos$ScmBlockLocationProtocolService$2.callBlockingMethod(ScmBlockLocationProtocolProtos.java:13157)
	at org.apache.hadoop.ipc.ProtobufRpcEngine$Server$ProtoBufRpcInvoker.call(ProtobufRpcEngine.java:524)
	at org.apache.hadoop.ipc.RPC$Server.call(RPC.java:1025)
	at org.apache.hadoop.ipc.Server$RpcCall.run(Server.java:876)
	at org.apache.hadoop.ipc.Server$RpcCall.run(Server.java:822)
	at java.security.AccessController.doPrivileged(Native Method)
	at javax.security.auth.Subject.doAs(Subject.java:422)
	at org.apache.hadoop.security.UserGroupInformation.doAs(UserGroupInformation.java:1730)
	at org.apache.hadoop.ipc.Server$Handler.run(Server.java:2682)
2019-11-01 01:12:55,189 [IPC Server handler 18 on 34347] INFO  block.BlockManagerImpl (BlockManagerImpl.java:allocateBlock(212)) - Could not find available pipeline of type:RATIS and factor:THREE even after retrying
2019-11-01 01:12:55,189 [IPC Server handler 18 on 34347] ERROR block.BlockManagerImpl (BlockManagerImpl.java:allocateBlock(236)) - Unable to allocate a block for the size: 4194304, type: RATIS, factor: THREE
2019-11-01 01:12:55,207 [grpc-default-executor-0] INFO  impl.RaftServerProxy (RaftServerProxy.java:addNew(89)) - b0d7b968-1d99-44d0-9f45-0cc9cf357355: addNew group-CFB45348687A:[51058dee-2090-47d5-a97d-c0799d97638e:192.168.157.211:34007, f0e69bc2-b789-4d66-87b3-68450bbfadd1:192.168.157.211:45838, b0d7b968-1d99-44d0-9f45-0cc9cf357355:192.168.157.211:34108] returns group-CFB45348687A:java.util.concurrent.CompletableFuture@316cecd7[Not completed]
2019-11-01 01:12:55,210 [grpc-default-executor-3] INFO  impl.RaftServerProxy (RaftServerProxy.java:addNew(89)) - f0e69bc2-b789-4d66-87b3-68450bbfadd1: addNew group-CFB45348687A:[51058dee-2090-47d5-a97d-c0799d97638e:192.168.157.211:34007, f0e69bc2-b789-4d66-87b3-68450bbfadd1:192.168.157.211:45838, b0d7b968-1d99-44d0-9f45-0cc9cf357355:192.168.157.211:34108] returns group-CFB45348687A:java.util.concurrent.CompletableFuture@4089b215[Not completed]
2019-11-01 01:12:55,211 [grpc-default-executor-3] INFO  impl.RaftServerProxy (RaftServerProxy.java:addNew(89)) - 51058dee-2090-47d5-a97d-c0799d97638e: addNew group-CFB45348687A:[51058dee-2090-47d5-a97d-c0799d97638e:192.168.157.211:34007, f0e69bc2-b789-4d66-87b3-68450bbfadd1:192.168.157.211:45838, b0d7b968-1d99-44d0-9f45-0cc9cf357355:192.168.157.211:34108] returns group-CFB45348687A:java.util.concurrent.CompletableFuture@54683d1e[Not completed]
 0.00% |?                                                                                                    |  0/1 Time: 0:00:232019-11-01 01:12:56,712 [b0d7b968-1d99-44d0-9f45-0cc9cf357355@group-C1642148D20B-LeaderElection7] INFO  impl.LeaderElection (LeaderElection.java:askForVotes(178)) - b0d7b968-1d99-44d0-9f45-0cc9cf357355@group-C1642148D20B-LeaderElection7: begin an election at term 1 for -1: [51058dee-2090-47d5-a97d-c0799d97638e:192.168.157.211:34007, f0e69bc2-b789-4d66-87b3-68450bbfadd1:192.168.157.211:45838, b0d7b968-1d99-44d0-9f45-0cc9cf357355:192.168.157.211:34108], old=null
2019-11-01 01:12:56,712 [51058dee-2090-47d5-a97d-c0799d97638e@group-C1642148D20B-LeaderElection6] INFO  impl.LeaderElection (LeaderElection.java:askForVotes(178)) - 51058dee-2090-47d5-a97d-c0799d97638e@group-C1642148D20B-LeaderElection6: begin an election at term 1 for -1: [51058dee-2090-47d5-a97d-c0799d97638e:192.168.157.211:34007, f0e69bc2-b789-4d66-87b3-68450bbfadd1:192.168.157.211:45838, b0d7b968-1d99-44d0-9f45-0cc9cf357355:192.168.157.211:34108], old=null
2019-11-01 01:12:56,825 [pool-27-thread-1] INFO  storage.RaftStorage (RaftStorage.java:format(84)) - Storage directory /workdir/hadoop-ozone/tools/target/test-dir/MiniOzoneClusterImpl-7858d707-e611-49d6-9f20-09fa29eef7b7/datanode-0/data/ratis/a9dc3cce-7784-49c4-b6ce-a0882977570b has been successfully formatted.
2019-11-01 01:12:56,825 [pool-47-thread-1] INFO  storage.RaftStorage (RaftStorage.java:format(84)) - Storage directory /workdir/hadoop-ozone/tools/target/test-dir/MiniOzoneClusterImpl-7858d707-e611-49d6-9f20-09fa29eef7b7/datanode-2/data/ratis/065a448e-3d65-4648-a951-7441a65ff976 has been successfully formatted.
2019-11-01 01:12:56,826 [pool-27-thread-1] INFO  ratis.ContainerStateMachine (ContainerStateMachine.java:loadSnapshot(231)) - group-A0882977570B: The snapshot info is null. Setting the last applied indexto:(t:0, i:~)
2019-11-01 01:12:56,826 [pool-47-thread-1] INFO  ratis.ContainerStateMachine (ContainerStateMachine.java:loadSnapshot(231)) - group-7441A65FF976: The snapshot info is null. Setting the last applied indexto:(t:0, i:~)
2019-11-01 01:12:56,826 [pool-27-thread-1] INFO  server.RaftServerConfigKeys (ConfUtils.java:logGet(43)) - raft.server.notification.no-leader.timeout = 120s (custom)
2019-11-01 01:12:56,826 [pool-47-thread-1] INFO  server.RaftServerConfigKeys (ConfUtils.java:logGet(43)) - raft.server.notification.no-leader.timeout = 120s (custom)
2019-11-01 01:12:56,826 [pool-27-thread-1] INFO  server.RaftServerConfigKeys (ConfUtils.java:logGet(43)) - raft.server.log.use.memory = false (default)
2019-11-01 01:12:56,826 [pool-47-thread-1] INFO  server.RaftServerConfigKeys (ConfUtils.java:logGet(43)) - raft.server.log.use.memory = false (default)
2019-11-01 01:12:56,826 [pool-27-thread-1] INFO  server.RaftServerConfigKeys (ConfUtils.java:logGet(43)) - raft.server.log.purge.gap = 1000000 (custom)
2019-11-01 01:12:56,827 [pool-47-thread-1] INFO  server.RaftServerConfigKeys (ConfUtils.java:logGet(43)) - raft.server.log.purge.gap = 1000000 (custom)
2019-11-01 01:12:56,827 [pool-27-thread-1] INFO  server.RaftServerConfigKeys (ConfUtils.java:logGet(43)) - raft.server.log.appender.buffer.byte-limit = 33554432 (custom)
2019-11-01 01:12:56,827 [pool-47-thread-1] INFO  server.RaftServerConfigKeys (ConfUtils.java:logGet(43)) - raft.server.log.appender.buffer.byte-limit = 33554432 (custom)
2019-11-01 01:12:56,827 [pool-27-thread-1] INFO  server.RaftServerConfigKeys (ConfUtils.java:logGet(43)) - raft.server.log.segment.size.max = 1048576 (custom)
2019-11-01 01:12:56,827 [pool-47-thread-1] INFO  server.RaftServerConfigKeys (ConfUtils.java:logGet(43)) - raft.server.log.segment.size.max = 1048576 (custom)
2019-11-01 01:12:56,827 [pool-27-thread-1] INFO  server.RaftServerConfigKeys (ConfUtils.java:logGet(43)) - raft.server.log.segment.cache.num.max = 2 (custom)
2019-11-01 01:12:56,827 [pool-47-thread-1] INFO  server.RaftServerConfigKeys (ConfUtils.java:logGet(43)) - raft.server.log.segment.cache.num.max = 2 (custom)
2019-11-01 01:12:56,827 [pool-27-thread-1] INFO  segmented.SegmentedRaftLogWorker (SegmentedRaftLogWorker.java:<init>(173)) - new f0e69bc2-b789-4d66-87b3-68450bbfadd1@group-A0882977570B-SegmentedRaftLogWorker for RaftStorage:Storage Directory /workdir/hadoop-ozone/tools/target/test-dir/MiniOzoneClusterImpl-7858d707-e611-49d6-9f20-09fa29eef7b7/datanode-0/data/ratis/a9dc3cce-7784-49c4-b6ce-a0882977570b
2019-11-01 01:12:56,828 [pool-47-thread-1] INFO  segmented.SegmentedRaftLogWorker (SegmentedRaftLogWorker.java:<init>(173)) - new b0d7b968-1d99-44d0-9f45-0cc9cf357355@group-7441A65FF976-SegmentedRaftLogWorker for RaftStorage:Storage Directory /workdir/hadoop-ozone/tools/target/test-dir/MiniOzoneClusterImpl-7858d707-e611-49d6-9f20-09fa29eef7b7/datanode-2/data/ratis/065a448e-3d65-4648-a951-7441a65ff976
2019-11-01 01:12:56,828 [pool-27-thread-1] INFO  server.RaftServerConfigKeys (ConfUtils.java:logGet(43)) - raft.server.log.queue.byte-limit = 2147483647 (custom)
2019-11-01 01:12:56,828 [pool-47-thread-1] INFO  server.RaftServerConfigKeys (ConfUtils.java:logGet(43)) - raft.server.log.queue.byte-limit = 2147483647 (custom)
2019-11-01 01:12:56,828 [pool-27-thread-1] INFO  server.RaftServerConfigKeys (ConfUtils.java:logGet(43)) - raft.server.log.queue.element-limit = 1024 (custom)
2019-11-01 01:12:56,828 [pool-47-thread-1] INFO  server.RaftServerConfigKeys (ConfUtils.java:logGet(43)) - raft.server.log.queue.element-limit = 1024 (custom)
2019-11-01 01:12:56,830 [pool-27-thread-1] INFO  server.RaftServerConfigKeys (ConfUtils.java:logGet(43)) - raft.server.log.segment.size.max = 1048576 (custom)
2019-11-01 01:12:56,830 [pool-47-thread-1] INFO  server.RaftServerConfigKeys (ConfUtils.java:logGet(43)) - raft.server.log.segment.size.max = 1048576 (custom)
2019-11-01 01:12:56,831 [pool-27-thread-1] INFO  server.RaftServerConfigKeys (ConfUtils.java:logGet(43)) - raft.server.log.preallocated.size = 16384 (custom)
2019-11-01 01:12:56,831 [pool-47-thread-1] INFO  server.RaftServerConfigKeys (ConfUtils.java:logGet(43)) - raft.server.log.preallocated.size = 16384 (custom)
2019-11-01 01:12:56,831 [pool-27-thread-1] INFO  server.RaftServerConfigKeys (ConfUtils.java:logGet(43)) - raft.server.log.write.buffer.size = 33554432 (custom)
2019-11-01 01:12:56,831 [pool-47-thread-1] INFO  server.RaftServerConfigKeys (ConfUtils.java:logGet(43)) - raft.server.log.write.buffer.size = 33554432 (custom)
2019-11-01 01:12:56,831 [pool-27-thread-1] INFO  server.RaftServerConfigKeys (ConfUtils.java:logGet(43)) - raft.server.log.force.sync.num = 128 (default)
2019-11-01 01:12:56,831 [pool-47-thread-1] INFO  server.RaftServerConfigKeys (ConfUtils.java:logGet(43)) - raft.server.log.force.sync.num = 128 (default)
2019-11-01 01:12:56,831 [pool-27-thread-1] INFO  server.RaftServerConfigKeys (ConfUtils.java:logGet(43)) - raft.server.log.statemachine.data.sync = true (default)
2019-11-01 01:12:56,832 [pool-47-thread-1] INFO  server.RaftServerConfigKeys (ConfUtils.java:logGet(43)) - raft.server.log.statemachine.data.sync = true (default)
2019-11-01 01:12:56,832 [pool-27-thread-1] INFO  server.RaftServerConfigKeys (ConfUtils.java:logGet(43)) - raft.server.log.statemachine.data.sync.timeout = 10s (default)
2019-11-01 01:12:56,832 [pool-47-thread-1] INFO  server.RaftServerConfigKeys (ConfUtils.java:logGet(43)) - raft.server.log.statemachine.data.sync.timeout = 10s (default)
2019-11-01 01:12:56,832 [pool-27-thread-1] INFO  server.RaftServerConfigKeys (ConfUtils.java:logGet(43)) - raft.server.log.statemachine.data.sync.timeout.retry = -1 (default)
2019-11-01 01:12:56,832 [pool-47-thread-1] INFO  server.RaftServerConfigKeys (ConfUtils.java:logGet(43)) - raft.server.log.statemachine.data.sync.timeout.retry = -1 (default)
2019-11-01 01:12:56,833 [pool-27-thread-1] INFO  server.RaftServerConfigKeys (ConfUtils.java:logGet(43)) - raft.server.log.statemachine.data.caching.enabled = true (custom)
2019-11-01 01:12:56,833 [pool-47-thread-1] INFO  server.RaftServerConfigKeys (ConfUtils.java:logGet(43)) - raft.server.log.statemachine.data.caching.enabled = true (custom)
2019-11-01 01:12:56,833 [pool-27-thread-1] INFO  segmented.SegmentedRaftLogWorker (SegmentedRaftLogWorker.java:lambda$new$0(128)) - f0e69bc2-b789-4d66-87b3-68450bbfadd1@group-A0882977570B-SegmentedRaftLogWorker: flushIndex: setUnconditionally 0 -> -1
2019-11-01 01:12:56,833 [pool-47-thread-1] INFO  segmented.SegmentedRaftLogWorker (SegmentedRaftLogWorker.java:lambda$new$0(128)) - b0d7b968-1d99-44d0-9f45-0cc9cf357355@group-7441A65FF976-SegmentedRaftLogWorker: flushIndex: setUnconditionally 0 -> -1
2019-11-01 01:12:56,834 [pool-27-thread-1] INFO  server.RaftServerConfigKeys (ConfUtils.java:logGet(43)) - raft.server.snapshot.auto.trigger.enabled = true (custom)
2019-11-01 01:12:56,834 [pool-27-thread-1] INFO  server.RaftServerConfigKeys (ConfUtils.java:logGet(43)) - raft.server.snapshot.auto.trigger.threshold = 10000 (custom)
2019-11-01 01:12:56,834 [pool-47-thread-1] INFO  server.RaftServerConfigKeys (ConfUtils.java:logGet(43)) - raft.server.snapshot.auto.trigger.enabled = true (custom)
2019-11-01 01:12:56,834 [pool-27-thread-1] INFO  server.RaftServerConfigKeys (ConfUtils.java:logGet(43)) - raft.server.snapshot.retention.file.num = 5 (custom)
2019-11-01 01:12:56,834 [pool-47-thread-1] INFO  server.RaftServerConfigKeys (ConfUtils.java:logGet(43)) - raft.server.snapshot.auto.trigger.threshold = 10000 (custom)
2019-11-01 01:12:56,834 [pool-27-thread-1] INFO  server.RaftServerConfigKeys (ConfUtils.java:logGet(43)) - raft.server.retrycache.expirytime = 600000ms (custom)
2019-11-01 01:12:56,834 [pool-47-thread-1] INFO  server.RaftServerConfigKeys (ConfUtils.java:logGet(43)) - raft.server.snapshot.retention.file.num = 5 (custom)
2019-11-01 01:12:56,834 [pool-27-thread-1] WARN  impl.MetricRegistriesImpl (MetricRegistriesImpl.java:lambda$create$1(61)) - First MetricRegistry has been created without registering reporters. You may need to call MetricRegistries.global().addReportRegistration(...) before.
2019-11-01 01:12:56,835 [pool-47-thread-1] INFO  server.RaftServerConfigKeys (ConfUtils.java:logGet(43)) - raft.server.retrycache.expirytime = 600000ms (custom)
2019-11-01 01:12:56,835 [pool-27-thread-1] WARN  impl.MetricRegistriesImpl (MetricRegistriesImpl.java:lambda$create$1(61)) - First MetricRegistry has been created without registering reporters. You may need to call MetricRegistries.global().addReportRegistration(...) before.
2019-11-01 01:12:56,835 [pool-47-thread-1] WARN  impl.MetricRegistriesImpl (MetricRegistriesImpl.java:lambda$create$1(61)) - First MetricRegistry has been created without registering reporters. You may need to call MetricRegistries.global().addReportRegistration(...) before.
2019-11-01 01:12:56,835 [pool-47-thread-1] WARN  impl.MetricRegistriesImpl (MetricRegistriesImpl.java:lambda$create$1(61)) - First MetricRegistry has been created without registering reporters. You may need to call MetricRegistries.global().addReportRegistration(...) before.
2019-11-01 01:12:56,835 [pool-47-thread-1] INFO  impl.RaftServerImpl (RaftServerImpl.java:start(184)) - b0d7b968-1d99-44d0-9f45-0cc9cf357355@group-A0882977570B: start as a follower, conf=-1: [51058dee-2090-47d5-a97d-c0799d97638e:192.168.157.211:34007, f0e69bc2-b789-4d66-87b3-68450bbfadd1:192.168.157.211:45838, b0d7b968-1d99-44d0-9f45-0cc9cf357355:192.168.157.211:34108], old=null
2019-11-01 01:12:56,836 [pool-47-thread-1] INFO  impl.RaftServerImpl (RaftServerImpl.java:setRole(173)) - b0d7b968-1d99-44d0-9f45-0cc9cf357355@group-A0882977570B: changes role from      null to FOLLOWER at term 0 for startAsFollower
2019-11-01 01:12:56,836 [pool-47-thread-1] INFO  impl.RoleInfo (RoleInfo.java:updateAndGet(143)) - b0d7b968-1d99-44d0-9f45-0cc9cf357355: start FollowerState
2019-11-01 01:12:56,837 [pool-47-thread-1] INFO  util.JmxRegister (JmxRegister.java:tryRegister(44)) - Successfully registered JMX Bean with object name Ratis:service=RaftServer,group=group-A0882977570B,id=b0d7b968-1d99-44d0-9f45-0cc9cf357355
2019-11-01 01:12:56,837 [pool-47-thread-1] WARN  impl.MetricRegistriesImpl (MetricRegistriesImpl.java:lambda$create$1(61)) - First MetricRegistry has been created without registering reporters. You may need to call MetricRegistries.global().addReportRegistration(...) before.
2019-11-01 01:12:56,837 [pool-27-thread-1] INFO  impl.RaftServerImpl (RaftServerImpl.java:<init>(98)) - f0e69bc2-b789-4d66-87b3-68450bbfadd1: new RaftServerImpl for group-7441A65FF976:[51058dee-2090-47d5-a97d-c0799d97638e:192.168.157.211:34007, f0e69bc2-b789-4d66-87b3-68450bbfadd1:192.168.157.211:45838, b0d7b968-1d99-44d0-9f45-0cc9cf357355:192.168.157.211:34108] with ContainerStateMachine:uninitialized
2019-11-01 01:12:56,837 [pool-27-thread-1] INFO  server.RaftServerConfigKeys (ConfUtils.java:logGet(43)) - raft.server.rpc.timeout.min = 5s (custom)
2019-11-01 01:12:56,838 [pool-27-thread-1] INFO  server.RaftServerConfigKeys (ConfUtils.java:logGet(43)) - raft.server.rpc.timeout.max = 5200ms (custom)
2019-11-01 01:12:56,838 [pool-27-thread-1] INFO  server.RaftServerConfigKeys (ConfUtils.java:logGet(43)) - raft.server.rpcslowness.timeout = 120s (custom)
2019-11-01 01:12:56,838 [pool-27-thread-1] INFO  server.RaftServerConfigKeys (ConfUtils.java:logGet(43)) - raft.server.sleep.deviation.threshold = 300 (default)
2019-11-01 01:12:56,838 [pool-27-thread-1] INFO  server.RaftServerConfigKeys (ConfUtils.java:logGet(43)) - raft.server.log.appender.install.snapshot.enabled = false (custom)
2019-11-01 01:12:56,838 [pool-27-thread-1] INFO  impl.RaftServerImpl (ServerState.java:<init>(103)) - f0e69bc2-b789-4d66-87b3-68450bbfadd1@group-7441A65FF976: ConfigurationManager, init=-1: [51058dee-2090-47d5-a97d-c0799d97638e:192.168.157.211:34007, f0e69bc2-b789-4d66-87b3-68450bbfadd1:192.168.157.211:45838, b0d7b968-1d99-44d0-9f45-0cc9cf357355:192.168.157.211:34108], old=null, confs=<EMPTY_MAP>
2019-11-01 01:12:56,838 [pool-27-thread-1] INFO  server.RaftServerConfigKeys (ConfUtils.java:logGet(43)) - raft.server.storage.dir = [/workdir/hadoop-ozone/tools/target/test-dir/MiniOzoneClusterImpl-7858d707-e611-49d6-9f20-09fa29eef7b7/datanode-0/data/ratis] (custom)
2019-11-01 01:12:56,839 [pool-27-thread-1] INFO  server.RaftServerConfigKeys (ConfUtils.java:logGet(43)) - raft.server.log.corruption.policy = EXCEPTION (default)
2019-11-01 01:12:56,839 [pool-27-thread-1] INFO  storage.RaftStorageDirectory (RaftStorageDirectory.java:analyzeStorage(246)) - The storage directory /workdir/hadoop-ozone/tools/target/test-dir/MiniOzoneClusterImpl-7858d707-e611-49d6-9f20-09fa29eef7b7/datanode-0/data/ratis/065a448e-3d65-4648-a951-7441a65ff976 does not exist. Creating ...
2019-11-01 01:12:56,839 [pool-47-thread-1] INFO  impl.RaftServerImpl (RaftServerImpl.java:<init>(98)) - b0d7b968-1d99-44d0-9f45-0cc9cf357355: new RaftServerImpl for group-2301CEC5FA3B:[51058dee-2090-47d5-a97d-c0799d97638e:192.168.157.211:34007, f0e69bc2-b789-4d66-87b3-68450bbfadd1:192.168.157.211:45838, b0d7b968-1d99-44d0-9f45-0cc9cf357355:192.168.157.211:34108] with ContainerStateMachine:uninitialized
2019-11-01 01:12:56,840 [pool-47-thread-1] INFO  server.RaftServerConfigKeys (ConfUtils.java:logGet(43)) - raft.server.rpc.timeout.min = 5s (custom)
2019-11-01 01:12:56,840 [pool-47-thread-1] INFO  server.RaftServerConfigKeys (ConfUtils.java:logGet(43)) - raft.server.rpc.timeout.max = 5200ms (custom)
2019-11-01 01:12:56,840 [pool-47-thread-1] INFO  server.RaftServerConfigKeys (ConfUtils.java:logGet(43)) - raft.server.rpcslowness.timeout = 120s (custom)
2019-11-01 01:12:56,840 [pool-47-thread-1] INFO  server.RaftServerConfigKeys (ConfUtils.java:logGet(43)) - raft.server.sleep.deviation.threshold = 300 (default)
2019-11-01 01:12:56,840 [pool-47-thread-1] INFO  server.RaftServerConfigKeys (ConfUtils.java:logGet(43)) - raft.server.log.appender.install.snapshot.enabled = false (custom)
2019-11-01 01:12:56,840 [pool-47-thread-1] INFO  impl.RaftServerImpl (ServerState.java:<init>(103)) - b0d7b968-1d99-44d0-9f45-0cc9cf357355@group-2301CEC5FA3B: ConfigurationManager, init=-1: [51058dee-2090-47d5-a97d-c0799d97638e:192.168.157.211:34007, f0e69bc2-b789-4d66-87b3-68450bbfadd1:192.168.157.211:45838, b0d7b968-1d99-44d0-9f45-0cc9cf357355:192.168.157.211:34108], old=null, confs=<EMPTY_MAP>
2019-11-01 01:12:56,841 [pool-47-thread-1] INFO  server.RaftServerConfigKeys (ConfUtils.java:logGet(43)) - raft.server.storage.dir = [/workdir/hadoop-ozone/tools/target/test-dir/MiniOzoneClusterImpl-7858d707-e611-49d6-9f20-09fa29eef7b7/datanode-2/data/ratis] (custom)
2019-11-01 01:12:56,841 [pool-47-thread-1] INFO  server.RaftServerConfigKeys (ConfUtils.java:logGet(43)) - raft.server.log.corruption.policy = EXCEPTION (default)
2019-11-01 01:12:56,841 [pool-47-thread-1] INFO  storage.RaftStorageDirectory (RaftStorageDirectory.java:analyzeStorage(246)) - The storage directory /workdir/hadoop-ozone/tools/target/test-dir/MiniOzoneClusterImpl-7858d707-e611-49d6-9f20-09fa29eef7b7/datanode-2/data/ratis/a1d1fe17-823e-4d78-8802-2301cec5fa3b does not exist. Creating ...
2019-11-01 01:12:56,842 [pool-57-thread-1] INFO  storage.RaftStorage (RaftStorage.java:format(84)) - Storage directory /workdir/hadoop-ozone/tools/target/test-dir/MiniOzoneClusterImpl-7858d707-e611-49d6-9f20-09fa29eef7b7/datanode-3/data/ratis/065a448e-3d65-4648-a951-7441a65ff976 has been successfully formatted.
2019-11-01 01:12:56,843 [f0e69bc2-b789-4d66-87b3-68450bbfadd1@group-45DC7F372F17-LeaderElection9] INFO  impl.LeaderElection (LeaderElection.java:askForVotes(178)) - f0e69bc2-b789-4d66-87b3-68450bbfadd1@group-45DC7F372F17-LeaderElection9: begin an election at term 1 for -1: [f0e69bc2-b789-4d66-87b3-68450bbfadd1:192.168.157.211:45838], old=null
2019-11-01 01:12:56,842 [f0e69bc2-b789-4d66-87b3-68450bbfadd1@group-C1642148D20B-LeaderElection8] INFO  impl.LeaderElection (LeaderElection.java:askForVotes(178)) - f0e69bc2-b789-4d66-87b3-68450bbfadd1@group-C1642148D20B-LeaderElection8: begin an election at term 1 for -1: [51058dee-2090-47d5-a97d-c0799d97638e:192.168.157.211:34007, f0e69bc2-b789-4d66-87b3-68450bbfadd1:192.168.157.211:45838, b0d7b968-1d99-44d0-9f45-0cc9cf357355:192.168.157.211:34108], old=null
2019-11-01 01:12:56,843 [pool-57-thread-1] INFO  ratis.ContainerStateMachine (ContainerStateMachine.java:loadSnapshot(231)) - group-7441A65FF976: The snapshot info is null. Setting the last applied indexto:(t:0, i:~)
2019-11-01 01:12:56,843 [f0e69bc2-b789-4d66-87b3-68450bbfadd1@group-45DC7F372F17-LeaderElection9] INFO  impl.RoleInfo (RoleInfo.java:shutdownLeaderElection(134)) - f0e69bc2-b789-4d66-87b3-68450bbfadd1: shutdown LeaderElection
2019-11-01 01:12:56,843 [pool-57-thread-1] INFO  server.RaftServerConfigKeys (ConfUtils.java:logGet(43)) - raft.server.notification.no-leader.timeout = 120s (custom)
2019-11-01 01:12:56,843 [f0e69bc2-b789-4d66-87b3-68450bbfadd1@group-45DC7F372F17-LeaderElection9] INFO  impl.RaftServerImpl (RaftServerImpl.java:setRole(173)) - f0e69bc2-b789-4d66-87b3-68450bbfadd1@group-45DC7F372F17: changes role from CANDIDATE to LEADER at term 1 for changeToLeader
2019-11-01 01:12:56,844 [pool-57-thread-1] INFO  server.RaftServerConfigKeys (ConfUtils.java:logGet(43)) - raft.server.log.use.memory = false (default)
2019-11-01 01:12:56,846 [f0e69bc2-b789-4d66-87b3-68450bbfadd1@group-45DC7F372F17-LeaderElection9] INFO  impl.RaftServerImpl (ServerState.java:setLeader(255)) - f0e69bc2-b789-4d66-87b3-68450bbfadd1@group-45DC7F372F17: change Leader from null to f0e69bc2-b789-4d66-87b3-68450bbfadd1 at term 1 for becomeLeader, leader elected after 13338ms
2019-11-01 01:12:56,846 [pool-57-thread-1] INFO  server.RaftServerConfigKeys (ConfUtils.java:logGet(43)) - raft.server.log.purge.gap = 1000000 (custom)
2019-11-01 01:12:56,846 [f0e69bc2-b789-4d66-87b3-68450bbfadd1@group-45DC7F372F17-LeaderElection9] INFO  server.RaftServerConfigKeys (ConfUtils.java:logGet(43)) - raft.server.staging.catchup.gap = 1000 (default)
2019-11-01 01:12:56,847 [pool-57-thread-1] INFO  server.RaftServerConfigKeys (ConfUtils.java:logGet(43)) - raft.server.log.appender.buffer.byte-limit = 33554432 (custom)
2019-11-01 01:12:56,847 [f0e69bc2-b789-4d66-87b3-68450bbfadd1@group-45DC7F372F17-LeaderElection9] INFO  server.RaftServerConfigKeys (ConfUtils.java:logGet(43)) - raft.server.rpc.sleep.time = 25ms (default)
2019-11-01 01:12:56,847 [f0e69bc2-b789-4d66-87b3-68450bbfadd1@group-45DC7F372F17-LeaderElection9] INFO  server.RaftServerConfigKeys (ConfUtils.java:logGet(43)) - raft.server.write.element-limit = 4096 (default)
2019-11-01 01:12:56,847 [pool-57-thread-1] INFO  server.RaftServerConfigKeys (ConfUtils.java:logGet(43)) - raft.server.log.segment.size.max = 1048576 (custom)
2019-11-01 01:12:56,847 [b0d7b968-1d99-44d0-9f45-0cc9cf357355@group-C1642148D20B-LeaderElection7] INFO  impl.LeaderElection (LeaderElection.java:logAndReturn(56)) - b0d7b968-1d99-44d0-9f45-0cc9cf357355@group-C1642148D20B-LeaderElection7: Election REJECTED; received 2 response(s) [b0d7b968-1d99-44d0-9f45-0cc9cf357355<-51058dee-2090-47d5-a97d-c0799d97638e#0:FAIL-t1, b0d7b968-1d99-44d0-9f45-0cc9cf357355<-f0e69bc2-b789-4d66-87b3-68450bbfadd1#0:FAIL-t1] and 0 exception(s); b0d7b968-1d99-44d0-9f45-0cc9cf357355@group-C1642148D20B:t1, leader=null, voted=b0d7b968-1d99-44d0-9f45-0cc9cf357355, raftlog=b0d7b968-1d99-44d0-9f45-0cc9cf357355@group-C1642148D20B-SegmentedRaftLog:OPENED:c-1,f-1,i0, conf=-1: [51058dee-2090-47d5-a97d-c0799d97638e:192.168.157.211:34007, f0e69bc2-b789-4d66-87b3-68450bbfadd1:192.168.157.211:45838, b0d7b968-1d99-44d0-9f45-0cc9cf357355:192.168.157.211:34108], old=null
2019-11-01 01:12:56,850 [pool-57-thread-1] INFO  server.RaftServerConfigKeys (ConfUtils.java:logGet(43)) - raft.server.log.segment.cache.num.max = 2 (custom)
2019-11-01 01:12:56,850 [f0e69bc2-b789-4d66-87b3-68450bbfadd1@group-45DC7F372F17-LeaderElection9] INFO  server.RaftServerConfigKeys (ConfUtils.java:logGet(43)) - raft.server.watch.timeout = 10s (default)
2019-11-01 01:12:56,850 [pool-27-thread-1] INFO  storage.RaftStorageDirectory (RaftStorageDirectory.java:tryLock(328)) - Lock on /workdir/hadoop-ozone/tools/target/test-dir/MiniOzoneClusterImpl-7858d707-e611-49d6-9f20-09fa29eef7b7/datanode-0/data/ratis/065a448e-3d65-4648-a951-7441a65ff976/in_use.lock acquired by nodename 22876@pr-hdds-2364-master-k27gz-2975546514
2019-11-01 01:12:56,849 [pool-47-thread-1] INFO  storage.RaftStorageDirectory (RaftStorageDirectory.java:tryLock(328)) - Lock on /workdir/hadoop-ozone/tools/target/test-dir/MiniOzoneClusterImpl-7858d707-e611-49d6-9f20-09fa29eef7b7/datanode-2/data/ratis/a1d1fe17-823e-4d78-8802-2301cec5fa3b/in_use.lock acquired by nodename 22876@pr-hdds-2364-master-k27gz-2975546514
2019-11-01 01:12:56,854 [f0e69bc2-b789-4d66-87b3-68450bbfadd1@group-45DC7F372F17-LeaderElection9] INFO  server.RaftServerConfigKeys (ConfUtils.java:logGet(43)) - raft.server.watch.timeout.denomination = 1s (default)
2019-11-01 01:12:56,852 [b0d7b968-1d99-44d0-9f45-0cc9cf357355@group-C1642148D20B-LeaderElection7] INFO  impl.RaftServerImpl (RaftServerImpl.java:setRole(173)) - b0d7b968-1d99-44d0-9f45-0cc9cf357355@group-C1642148D20B: changes role from CANDIDATE to FOLLOWER at term 1 for DISCOVERED_A_NEW_TERM
2019-11-01 01:12:56,850 [pool-57-thread-1] INFO  segmented.SegmentedRaftLogWorker (SegmentedRaftLogWorker.java:<init>(173)) - new 51058dee-2090-47d5-a97d-c0799d97638e@group-7441A65FF976-SegmentedRaftLogWorker for RaftStorage:Storage Directory /workdir/hadoop-ozone/tools/target/test-dir/MiniOzoneClusterImpl-7858d707-e611-49d6-9f20-09fa29eef7b7/datanode-3/data/ratis/065a448e-3d65-4648-a951-7441a65ff976
2019-11-01 01:12:56,855 [b0d7b968-1d99-44d0-9f45-0cc9cf357355@group-C1642148D20B-LeaderElection7] INFO  impl.RoleInfo (RoleInfo.java:shutdownLeaderElection(134)) - b0d7b968-1d99-44d0-9f45-0cc9cf357355: shutdown LeaderElection
2019-11-01 01:12:56,855 [f0e69bc2-b789-4d66-87b3-68450bbfadd1@group-45DC7F372F17-LeaderElection9] INFO  server.RaftServerConfigKeys (ConfUtils.java:logGet(43)) - raft.server.watch.element-limit = 65536 (default)
2019-11-01 01:12:56,854 [51058dee-2090-47d5-a97d-c0799d97638e@group-C1642148D20B-LeaderElection6] INFO  impl.LeaderElection (LeaderElection.java:logAndReturn(56)) - 51058dee-2090-47d5-a97d-c0799d97638e@group-C1642148D20B-LeaderElection6: Election REJECTED; received 2 response(s) [51058dee-2090-47d5-a97d-c0799d97638e<-f0e69bc2-b789-4d66-87b3-68450bbfadd1#0:FAIL-t1, 51058dee-2090-47d5-a97d-c0799d97638e<-b0d7b968-1d99-44d0-9f45-0cc9cf357355#0:FAIL-t1] and 0 exception(s); 51058dee-2090-47d5-a97d-c0799d97638e@group-C1642148D20B:t1, leader=null, voted=51058dee-2090-47d5-a97d-c0799d97638e, raftlog=51058dee-2090-47d5-a97d-c0799d97638e@group-C1642148D20B-SegmentedRaftLog:OPENED:c-1,f-1,i0, conf=-1: [51058dee-2090-47d5-a97d-c0799d97638e:192.168.157.211:34007, f0e69bc2-b789-4d66-87b3-68450bbfadd1:192.168.157.211:45838, b0d7b968-1d99-44d0-9f45-0cc9cf357355:192.168.157.211:34108], old=null
2019-11-01 01:12:56,855 [b0d7b968-1d99-44d0-9f45-0cc9cf357355@group-C1642148D20B-LeaderElection7] INFO  impl.RoleInfo (RoleInfo.java:updateAndGet(143)) - b0d7b968-1d99-44d0-9f45-0cc9cf357355: start FollowerState
2019-11-01 01:12:56,855 [pool-57-thread-1] INFO  server.RaftServerConfigKeys (ConfUtils.java:logGet(43)) - raft.server.log.queue.byte-limit = 2147483647 (custom)
2019-11-01 01:12:56,855 [f0e69bc2-b789-4d66-87b3-68450bbfadd1@group-45DC7F372F17-LeaderElection9] INFO  impl.RoleInfo (RoleInfo.java:updateAndGet(143)) - f0e69bc2-b789-4d66-87b3-68450bbfadd1: start LeaderState
2019-11-01 01:12:56,855 [51058dee-2090-47d5-a97d-c0799d97638e@group-C1642148D20B-LeaderElection6] INFO  impl.RaftServerImpl (RaftServerImpl.java:setRole(173)) - 51058dee-2090-47d5-a97d-c0799d97638e@group-C1642148D20B: changes role from CANDIDATE to FOLLOWER at term 1 for DISCOVERED_A_NEW_TERM
2019-11-01 01:12:56,861 [pool-57-thread-1] INFO  server.RaftServerConfigKeys (ConfUtils.java:logGet(43)) - raft.server.log.queue.element-limit = 1024 (custom)
2019-11-01 01:12:56,861 [51058dee-2090-47d5-a97d-c0799d97638e@group-C1642148D20B-LeaderElection6] INFO  impl.RoleInfo (RoleInfo.java:shutdownLeaderElection(134)) - 51058dee-2090-47d5-a97d-c0799d97638e: shutdown LeaderElection
2019-11-01 01:12:56,861 [pool-57-thread-1] INFO  server.RaftServerConfigKeys (ConfUtils.java:logGet(43)) - raft.server.log.segment.size.max = 1048576 (custom)
2019-11-01 01:12:56,861 [f0e69bc2-b789-4d66-87b3-68450bbfadd1@group-45DC7F372F17-LeaderElection9] INFO  segmented.SegmentedRaftLogWorker (SegmentedRaftLogWorker.java:startLogSegment(385)) - f0e69bc2-b789-4d66-87b3-68450bbfadd1@group-45DC7F372F17-SegmentedRaftLogWorker: Starting segment from index:0
2019-11-01 01:12:56,862 [51058dee-2090-47d5-a97d-c0799d97638e@group-C1642148D20B-LeaderElection6] INFO  impl.RoleInfo (RoleInfo.java:updateAndGet(143)) - 51058dee-2090-47d5-a97d-c0799d97638e: start FollowerState
2019-11-01 01:12:56,862 [pool-57-thread-1] INFO  server.RaftServerConfigKeys (ConfUtils.java:logGet(43)) - raft.server.log.preallocated.size = 16384 (custom)
2019-11-01 01:12:56,862 [pool-57-thread-1] INFO  server.RaftServerConfigKeys (ConfUtils.java:logGet(43)) - raft.server.log.write.buffer.size = 33554432 (custom)
2019-11-01 01:12:56,863 [pool-57-thread-1] INFO  server.RaftServerConfigKeys (ConfUtils.java:logGet(43)) - raft.server.log.force.sync.num = 128 (default)
2019-11-01 01:12:56,863 [f0e69bc2-b789-4d66-87b3-68450bbfadd1@group-45DC7F372F17-LeaderElection9] INFO  impl.RaftServerImpl (ServerState.java:setRaftConf(356)) - f0e69bc2-b789-4d66-87b3-68450bbfadd1@group-45DC7F372F17: set configuration 0: [f0e69bc2-b789-4d66-87b3-68450bbfadd1:192.168.157.211:45838], old=null at 0
2019-11-01 01:12:56,863 [pool-57-thread-1] INFO  server.RaftServerConfigKeys (ConfUtils.java:logGet(43)) - raft.server.log.statemachine.data.sync = true (default)
2019-11-01 01:12:56,863 [pool-57-thread-1] INFO  server.RaftServerConfigKeys (ConfUtils.java:logGet(43)) - raft.server.log.statemachine.data.sync.timeout = 10s (default)
2019-11-01 01:12:56,863 [pool-57-thread-1] INFO  server.RaftServerConfigKeys (ConfUtils.java:logGet(43)) - raft.server.log.statemachine.data.sync.timeout.retry = -1 (default)
2019-11-01 01:12:56,894 [pool-47-thread-1] INFO  storage.RaftStorage (RaftStorage.java:format(84)) - Storage directory /workdir/hadoop-ozone/tools/target/test-dir/MiniOzoneClusterImpl-7858d707-e611-49d6-9f20-09fa29eef7b7/datanode-2/data/ratis/a1d1fe17-823e-4d78-8802-2301cec5fa3b has been successfully formatted.
2019-11-01 01:12:56,894 [pool-27-thread-1] INFO  storage.RaftStorage (RaftStorage.java:format(84)) - Storage directory /workdir/hadoop-ozone/tools/target/test-dir/MiniOzoneClusterImpl-7858d707-e611-49d6-9f20-09fa29eef7b7/datanode-0/data/ratis/065a448e-3d65-4648-a951-7441a65ff976 has been successfully formatted.
2019-11-01 01:12:56,895 [pool-57-thread-1] INFO  server.RaftServerConfigKeys (ConfUtils.java:logGet(43)) - raft.server.log.statemachine.data.caching.enabled = true (custom)
2019-11-01 01:12:56,895 [pool-27-thread-1] INFO  ratis.ContainerStateMachine (ContainerStateMachine.java:loadSnapshot(231)) - group-7441A65FF976: The snapshot info is null. Setting the last applied indexto:(t:0, i:~)
2019-11-01 01:12:56,895 [pool-47-thread-1] INFO  ratis.ContainerStateMachine (ContainerStateMachine.java:loadSnapshot(231)) - group-2301CEC5FA3B: The snapshot info is null. Setting the last applied indexto:(t:0, i:~)
2019-11-01 01:12:56,895 [pool-27-thread-1] INFO  server.RaftServerConfigKeys (ConfUtils.java:logGet(43)) - raft.server.notification.no-leader.timeout = 120s (custom)
2019-11-01 01:12:56,895 [pool-47-thread-1] INFO  server.RaftServerConfigKeys (ConfUtils.java:logGet(43)) - raft.server.notification.no-leader.timeout = 120s (custom)
2019-11-01 01:12:56,896 [pool-57-thread-1] INFO  segmented.SegmentedRaftLogWorker (SegmentedRaftLogWorker.java:lambda$new$0(128)) - 51058dee-2090-47d5-a97d-c0799d97638e@group-7441A65FF976-SegmentedRaftLogWorker: flushIndex: setUnconditionally 0 -> -1
2019-11-01 01:12:56,896 [pool-27-thread-1] INFO  server.RaftServerConfigKeys (ConfUtils.java:logGet(43)) - raft.server.log.use.memory = false (default)
2019-11-01 01:12:56,896 [pool-47-thread-1] INFO  server.RaftServerConfigKeys (ConfUtils.java:logGet(43)) - raft.server.log.use.memory = false (default)
2019-11-01 01:12:56,897 [pool-57-thread-1] INFO  server.RaftServerConfigKeys (ConfUtils.java:logGet(43)) - raft.server.snapshot.auto.trigger.enabled = true (custom)
2019-11-01 01:12:56,897 [pool-27-thread-1] INFO  server.RaftServerConfigKeys (ConfUtils.java:logGet(43)) - raft.server.log.purge.gap = 1000000 (custom)
2019-11-01 01:12:56,898 [pool-57-thread-1] INFO  server.RaftServerConfigKeys (ConfUtils.java:logGet(43)) - raft.server.snapshot.auto.trigger.threshold = 10000 (custom)
2019-11-01 01:12:56,898 [pool-47-thread-1] INFO  server.RaftServerConfigKeys (ConfUtils.java:logGet(43)) - raft.server.log.purge.gap = 1000000 (custom)
2019-11-01 01:12:56,898 [pool-57-thread-1] INFO  server.RaftServerConfigKeys (ConfUtils.java:logGet(43)) - raft.server.snapshot.retention.file.num = 5 (custom)
2019-11-01 01:12:56,898 [pool-27-thread-1] INFO  server.RaftServerConfigKeys (ConfUtils.java:logGet(43)) - raft.server.log.appender.buffer.byte-limit = 33554432 (custom)
2019-11-01 01:12:56,898 [pool-47-thread-1] INFO  server.RaftServerConfigKeys (ConfUtils.java:logGet(43)) - raft.server.log.appender.buffer.byte-limit = 33554432 (custom)
2019-11-01 01:12:56,898 [pool-27-thread-1] INFO  server.RaftServerConfigKeys (ConfUtils.java:logGet(43)) - raft.server.log.segment.size.max = 1048576 (custom)
2019-11-01 01:12:56,900 [pool-47-thread-1] INFO  server.RaftServerConfigKeys (ConfUtils.java:logGet(43)) - raft.server.log.segment.size.max = 1048576 (custom)
2019-11-01 01:12:56,898 [pool-57-thread-1] INFO  server.RaftServerConfigKeys (ConfUtils.java:logGet(43)) - raft.server.retrycache.expirytime = 600000ms (custom)
2019-11-01 01:12:56,900 [pool-47-thread-1] INFO  server.RaftServerConfigKeys (ConfUtils.java:logGet(43)) - raft.server.log.segment.cache.num.max = 2 (custom)
2019-11-01 01:12:56,901 [pool-57-thread-1] WARN  impl.MetricRegistriesImpl (MetricRegistriesImpl.java:lambda$create$1(61)) - First MetricRegistry has been created without registering reporters. You may need to call MetricRegistries.global().addReportRegistration(...) before.
2019-11-01 01:12:56,900 [pool-27-thread-1] INFO  server.RaftServerConfigKeys (ConfUtils.java:logGet(43)) - raft.server.log.segment.cache.num.max = 2 (custom)
2019-11-01 01:12:56,902 [pool-57-thread-1] WARN  impl.MetricRegistriesImpl (MetricRegistriesImpl.java:lambda$create$1(61)) - First MetricRegistry has been created without registering reporters. You may need to call MetricRegistries.global().addReportRegistration(...) before.
2019-11-01 01:12:56,902 [f0e69bc2-b789-4d66-87b3-68450bbfadd1@group-C1642148D20B-LeaderElection8] INFO  impl.LeaderElection (LeaderElection.java:logAndReturn(56)) - f0e69bc2-b789-4d66-87b3-68450bbfadd1@group-C1642148D20B-LeaderElection8: Election REJECTED; received 2 response(s) [f0e69bc2-b789-4d66-87b3-68450bbfadd1<-51058dee-2090-47d5-a97d-c0799d97638e#0:FAIL-t1, f0e69bc2-b789-4d66-87b3-68450bbfadd1<-b0d7b968-1d99-44d0-9f45-0cc9cf357355#0:FAIL-t1] and 0 exception(s); f0e69bc2-b789-4d66-87b3-68450bbfadd1@group-C1642148D20B:t1, leader=null, voted=f0e69bc2-b789-4d66-87b3-68450bbfadd1, raftlog=f0e69bc2-b789-4d66-87b3-68450bbfadd1@group-C1642148D20B-SegmentedRaftLog:OPENED:c-1,f-1,i0, conf=-1: [51058dee-2090-47d5-a97d-c0799d97638e:192.168.157.211:34007, f0e69bc2-b789-4d66-87b3-68450bbfadd1:192.168.157.211:45838, b0d7b968-1d99-44d0-9f45-0cc9cf357355:192.168.157.211:34108], old=null
2019-11-01 01:12:56,901 [pool-47-thread-1] INFO  segmented.SegmentedRaftLogWorker (SegmentedRaftLogWorker.java:<init>(173)) - new b0d7b968-1d99-44d0-9f45-0cc9cf357355@group-2301CEC5FA3B-SegmentedRaftLogWorker for RaftStorage:Storage Directory /workdir/hadoop-ozone/tools/target/test-dir/MiniOzoneClusterImpl-7858d707-e611-49d6-9f20-09fa29eef7b7/datanode-2/data/ratis/a1d1fe17-823e-4d78-8802-2301cec5fa3b
2019-11-01 01:12:56,902 [f0e69bc2-b789-4d66-87b3-68450bbfadd1@group-C1642148D20B-LeaderElection8] INFO  impl.RaftServerImpl (RaftServerImpl.java:setRole(173)) - f0e69bc2-b789-4d66-87b3-68450bbfadd1@group-C1642148D20B: changes role from CANDIDATE to FOLLOWER at term 1 for DISCOVERED_A_NEW_TERM
2019-11-01 01:12:56,902 [pool-57-thread-1] INFO  impl.RaftServerImpl (RaftServerImpl.java:start(184)) - 51058dee-2090-47d5-a97d-c0799d97638e@group-A0882977570B: start as a follower, conf=-1: [51058dee-2090-47d5-a97d-c0799d97638e:192.168.157.211:34007, f0e69bc2-b789-4d66-87b3-68450bbfadd1:192.168.157.211:45838, b0d7b968-1d99-44d0-9f45-0cc9cf357355:192.168.157.211:34108], old=null
2019-11-01 01:12:56,902 [pool-27-thread-1] INFO  segmented.SegmentedRaftLogWorker (SegmentedRaftLogWorker.java:<init>(173)) - new f0e69bc2-b789-4d66-87b3-68450bbfadd1@group-7441A65FF976-SegmentedRaftLogWorker for RaftStorage:Storage Directory /workdir/hadoop-ozone/tools/target/test-dir/MiniOzoneClusterImpl-7858d707-e611-49d6-9f20-09fa29eef7b7/datanode-0/data/ratis/065a448e-3d65-4648-a951-7441a65ff976
2019-11-01 01:12:56,904 [f0e69bc2-b789-4d66-87b3-68450bbfadd1@group-45DC7F372F17-SegmentedRaftLogWorker] INFO  segmented.SegmentedRaftLogWorker (SegmentedRaftLogWorker.java:execute(576)) - f0e69bc2-b789-4d66-87b3-68450bbfadd1@group-45DC7F372F17-SegmentedRaftLogWorker: created new log segment /workdir/hadoop-ozone/tools/target/test-dir/MiniOzoneClusterImpl-7858d707-e611-49d6-9f20-09fa29eef7b7/datanode-0/data/ratis/3c2ed16f-3123-4891-af55-45dc7f372f17/current/log_inprogress_0
2019-11-01 01:12:56,904 [pool-57-thread-1] INFO  impl.RaftServerImpl (RaftServerImpl.java:setRole(173)) - 51058dee-2090-47d5-a97d-c0799d97638e@group-A0882977570B: changes role from      null to FOLLOWER at term 0 for startAsFollower
2019-11-01 01:12:56,903 [f0e69bc2-b789-4d66-87b3-68450bbfadd1@group-C1642148D20B-LeaderElection8] INFO  impl.RoleInfo (RoleInfo.java:shutdownLeaderElection(134)) - f0e69bc2-b789-4d66-87b3-68450bbfadd1: shutdown LeaderElection
2019-11-01 01:12:56,902 [pool-47-thread-1] INFO  server.RaftServerConfigKeys (ConfUtils.java:logGet(43)) - raft.server.log.queue.byte-limit = 2147483647 (custom)
2019-11-01 01:12:56,904 [pool-57-thread-1] INFO  impl.RoleInfo (RoleInfo.java:updateAndGet(143)) - 51058dee-2090-47d5-a97d-c0799d97638e: start FollowerState
2019-11-01 01:12:56,904 [pool-27-thread-1] INFO  server.RaftServerConfigKeys (ConfUtils.java:logGet(43)) - raft.server.log.queue.byte-limit = 2147483647 (custom)
2019-11-01 01:12:56,905 [f0e69bc2-b789-4d66-87b3-68450bbfadd1@group-C1642148D20B-LeaderElection8] INFO  impl.RoleInfo (RoleInfo.java:updateAndGet(143)) - f0e69bc2-b789-4d66-87b3-68450bbfadd1: start FollowerState
2019-11-01 01:12:56,905 [pool-47-thread-1] INFO  server.RaftServerConfigKeys (ConfUtils.java:logGet(43)) - raft.server.log.queue.element-limit = 1024 (custom)
2019-11-01 01:12:56,905 [pool-27-thread-1] INFO  server.RaftServerConfigKeys (ConfUtils.java:logGet(43)) - raft.server.log.queue.element-limit = 1024 (custom)
2019-11-01 01:12:56,905 [pool-57-thread-1] INFO  util.JmxRegister (JmxRegister.java:tryRegister(44)) - Successfully registered JMX Bean with object name Ratis:service=RaftServer,group=group-A0882977570B,id=51058dee-2090-47d5-a97d-c0799d97638e
2019-11-01 01:12:56,905 [pool-47-thread-1] INFO  server.RaftServerConfigKeys (ConfUtils.java:logGet(43)) - raft.server.log.segment.size.max = 1048576 (custom)
2019-11-01 01:12:56,905 [pool-57-thread-1] WARN  impl.MetricRegistriesImpl (MetricRegistriesImpl.java:lambda$create$1(61)) - First MetricRegistry has been created without registering reporters. You may need to call MetricRegistries.global().addReportRegistration(...) before.
2019-11-01 01:12:56,905 [pool-27-thread-1] INFO  server.RaftServerConfigKeys (ConfUtils.java:logGet(43)) - raft.server.log.segment.size.max = 1048576 (custom)
2019-11-01 01:12:56,906 [pool-47-thread-1] INFO  server.RaftServerConfigKeys (ConfUtils.java:logGet(43)) - raft.server.log.preallocated.size = 16384 (custom)
2019-11-01 01:12:56,906 [pool-27-thread-1] INFO  server.RaftServerConfigKeys (ConfUtils.java:logGet(43)) - raft.server.log.preallocated.size = 16384 (custom)
2019-11-01 01:12:56,906 [pool-47-thread-1] INFO  server.RaftServerConfigKeys (ConfUtils.java:logGet(43)) - raft.server.log.write.buffer.size = 33554432 (custom)
2019-11-01 01:12:56,906 [pool-27-thread-1] INFO  server.RaftServerConfigKeys (ConfUtils.java:logGet(43)) - raft.server.log.write.buffer.size = 33554432 (custom)
2019-11-01 01:12:56,906 [pool-47-thread-1] INFO  server.RaftServerConfigKeys (ConfUtils.java:logGet(43)) - raft.server.log.force.sync.num = 128 (default)
2019-11-01 01:12:56,906 [pool-27-thread-1] INFO  server.RaftServerConfigKeys (ConfUtils.java:logGet(43)) - raft.server.log.force.sync.num = 128 (default)
2019-11-01 01:12:56,907 [pool-47-thread-1] INFO  server.RaftServerConfigKeys (ConfUtils.java:logGet(43)) - raft.server.log.statemachine.data.sync = true (default)
2019-11-01 01:12:56,907 [pool-27-thread-1] INFO  server.RaftServerConfigKeys (ConfUtils.java:logGet(43)) - raft.server.log.statemachine.data.sync = true (default)
2019-11-01 01:12:56,907 [pool-47-thread-1] INFO  server.RaftServerConfigKeys (ConfUtils.java:logGet(43)) - raft.server.log.statemachine.data.sync.timeout = 10s (default)
2019-11-01 01:12:56,907 [pool-27-thread-1] INFO  server.RaftServerConfigKeys (ConfUtils.java:logGet(43)) - raft.server.log.statemachine.data.sync.timeout = 10s (default)
2019-11-01 01:12:56,907 [pool-47-thread-1] INFO  server.RaftServerConfigKeys (ConfUtils.java:logGet(43)) - raft.server.log.statemachine.data.sync.timeout.retry = -1 (default)
2019-11-01 01:12:56,907 [pool-27-thread-1] INFO  server.RaftServerConfigKeys (ConfUtils.java:logGet(43)) - raft.server.log.statemachine.data.sync.timeout.retry = -1 (default)
2019-11-01 01:12:56,907 [pool-47-thread-1] INFO  server.RaftServerConfigKeys (ConfUtils.java:logGet(43)) - raft.server.log.statemachine.data.caching.enabled = true (custom)
2019-11-01 01:12:56,907 [pool-27-thread-1] INFO  server.RaftServerConfigKeys (ConfUtils.java:logGet(43)) - raft.server.log.statemachine.data.caching.enabled = true (custom)
2019-11-01 01:12:56,908 [pool-47-thread-1] INFO  segmented.SegmentedRaftLogWorker (SegmentedRaftLogWorker.java:lambda$new$0(128)) - b0d7b968-1d99-44d0-9f45-0cc9cf357355@group-2301CEC5FA3B-SegmentedRaftLogWorker: flushIndex: setUnconditionally 0 -> -1
2019-11-01 01:12:56,908 [pool-27-thread-1] INFO  segmented.SegmentedRaftLogWorker (SegmentedRaftLogWorker.java:lambda$new$0(128)) - f0e69bc2-b789-4d66-87b3-68450bbfadd1@group-7441A65FF976-SegmentedRaftLogWorker: flushIndex: setUnconditionally 0 -> -1
2019-11-01 01:12:56,908 [pool-47-thread-1] INFO  server.RaftServerConfigKeys (ConfUtils.java:logGet(43)) - raft.server.snapshot.auto.trigger.enabled = true (custom)
2019-11-01 01:12:56,908 [pool-47-thread-1] INFO  server.RaftServerConfigKeys (ConfUtils.java:logGet(43)) - raft.server.snapshot.auto.trigger.threshold = 10000 (custom)
2019-11-01 01:12:56,908 [pool-27-thread-1] INFO  server.RaftServerConfigKeys (ConfUtils.java:logGet(43)) - raft.server.snapshot.auto.trigger.enabled = true (custom)
2019-11-01 01:12:56,908 [pool-47-thread-1] INFO  server.RaftServerConfigKeys (ConfUtils.java:logGet(43)) - raft.server.snapshot.retention.file.num = 5 (custom)
2019-11-01 01:12:56,909 [pool-27-thread-1] INFO  server.RaftServerConfigKeys (ConfUtils.java:logGet(43)) - raft.server.snapshot.auto.trigger.threshold = 10000 (custom)
2019-11-01 01:12:56,909 [pool-47-thread-1] INFO  server.RaftServerConfigKeys (ConfUtils.java:logGet(43)) - raft.server.retrycache.expirytime = 600000ms (custom)
2019-11-01 01:12:56,909 [pool-57-thread-1] INFO  impl.RaftServerImpl (RaftServerImpl.java:<init>(98)) - 51058dee-2090-47d5-a97d-c0799d97638e: new RaftServerImpl for group-2301CEC5FA3B:[51058dee-2090-47d5-a97d-c0799d97638e:192.168.157.211:34007, f0e69bc2-b789-4d66-87b3-68450bbfadd1:192.168.157.211:45838, b0d7b968-1d99-44d0-9f45-0cc9cf357355:192.168.157.211:34108] with ContainerStateMachine:uninitialized
2019-11-01 01:12:56,909 [pool-27-thread-1] INFO  server.RaftServerConfigKeys (ConfUtils.java:logGet(43)) - raft.server.snapshot.retention.file.num = 5 (custom)
2019-11-01 01:12:56,909 [pool-57-thread-1] INFO  server.RaftServerConfigKeys (ConfUtils.java:logGet(43)) - raft.server.rpc.timeout.min = 5s (custom)
2019-11-01 01:12:56,909 [pool-47-thread-1] WARN  impl.MetricRegistriesImpl (MetricRegistriesImpl.java:lambda$create$1(61)) - First MetricRegistry has been created without registering reporters. You may need to call MetricRegistries.global().addReportRegistration(...) before.
2019-11-01 01:12:56,909 [pool-57-thread-1] INFO  server.RaftServerConfigKeys (ConfUtils.java:logGet(43)) - raft.server.rpc.timeout.max = 5200ms (custom)
2019-11-01 01:12:56,909 [pool-27-thread-1] INFO  server.RaftServerConfigKeys (ConfUtils.java:logGet(43)) - raft.server.retrycache.expirytime = 600000ms (custom)
2019-11-01 01:12:56,909 [pool-57-thread-1] INFO  server.RaftServerConfigKeys (ConfUtils.java:logGet(43)) - raft.server.rpcslowness.timeout = 120s (custom)
2019-11-01 01:12:56,909 [pool-47-thread-1] WARN  impl.MetricRegistriesImpl (MetricRegistriesImpl.java:lambda$create$1(61)) - First MetricRegistry has been created without registering reporters. You may need to call MetricRegistries.global().addReportRegistration(...) before.
2019-11-01 01:12:56,910 [pool-57-thread-1] INFO  server.RaftServerConfigKeys (ConfUtils.java:logGet(43)) - raft.server.sleep.deviation.threshold = 300 (default)
2019-11-01 01:12:56,910 [pool-27-thread-1] WARN  impl.MetricRegistriesImpl (MetricRegistriesImpl.java:lambda$create$1(61)) - First MetricRegistry has been created without registering reporters. You may need to call MetricRegistries.global().addReportRegistration(...) before.
2019-11-01 01:12:56,910 [pool-57-thread-1] INFO  server.RaftServerConfigKeys (ConfUtils.java:logGet(43)) - raft.server.log.appender.install.snapshot.enabled = false (custom)
2019-11-01 01:12:56,910 [pool-27-thread-1] WARN  impl.MetricRegistriesImpl (MetricRegistriesImpl.java:lambda$create$1(61)) - First MetricRegistry has been created without registering reporters. You may need to call MetricRegistries.global().addReportRegistration(...) before.
2019-11-01 01:12:56,910 [pool-57-thread-1] INFO  impl.RaftServerImpl (ServerState.java:<init>(103)) - 51058dee-2090-47d5-a97d-c0799d97638e@group-2301CEC5FA3B: ConfigurationManager, init=-1: [51058dee-2090-47d5-a97d-c0799d97638e:192.168.157.211:34007, f0e69bc2-b789-4d66-87b3-68450bbfadd1:192.168.157.211:45838, b0d7b968-1d99-44d0-9f45-0cc9cf357355:192.168.157.211:34108], old=null, confs=<EMPTY_MAP>
2019-11-01 01:12:56,911 [pool-27-thread-1] INFO  impl.RaftServerImpl (RaftServerImpl.java:start(184)) - f0e69bc2-b789-4d66-87b3-68450bbfadd1@group-ADD962C510C7: start as a follower, conf=-1: [51058dee-2090-47d5-a97d-c0799d97638e:192.168.157.211:34007, f0e69bc2-b789-4d66-87b3-68450bbfadd1:192.168.157.211:45838, b0d7b968-1d99-44d0-9f45-0cc9cf357355:192.168.157.211:34108], old=null
2019-11-01 01:12:56,911 [pool-57-thread-1] INFO  server.RaftServerConfigKeys (ConfUtils.java:logGet(43)) - raft.server.storage.dir = [/workdir/hadoop-ozone/tools/target/test-dir/MiniOzoneClusterImpl-7858d707-e611-49d6-9f20-09fa29eef7b7/datanode-3/data/ratis] (custom)
2019-11-01 01:12:56,911 [pool-27-thread-1] INFO  impl.RaftServerImpl (RaftServerImpl.java:setRole(173)) - f0e69bc2-b789-4d66-87b3-68450bbfadd1@group-ADD962C510C7: changes role from      null to FOLLOWER at term 0 for startAsFollower
2019-11-01 01:12:56,911 [pool-27-thread-1] INFO  impl.RoleInfo (RoleInfo.java:updateAndGet(143)) - f0e69bc2-b789-4d66-87b3-68450bbfadd1: start FollowerState
2019-11-01 01:12:56,911 [pool-57-thread-1] INFO  server.RaftServerConfigKeys (ConfUtils.java:logGet(43)) - raft.server.log.corruption.policy = EXCEPTION (default)
2019-11-01 01:12:56,911 [pool-47-thread-1] INFO  impl.RaftServerImpl (RaftServerImpl.java:<init>(98)) - b0d7b968-1d99-44d0-9f45-0cc9cf357355: new RaftServerImpl for group-CFB45348687A:[51058dee-2090-47d5-a97d-c0799d97638e:192.168.157.211:34007, f0e69bc2-b789-4d66-87b3-68450bbfadd1:192.168.157.211:45838, b0d7b968-1d99-44d0-9f45-0cc9cf357355:192.168.157.211:34108] with ContainerStateMachine:uninitialized
2019-11-01 01:12:56,912 [pool-57-thread-1] INFO  storage.RaftStorageDirectory (RaftStorageDirectory.java:analyzeStorage(246)) - The storage directory /workdir/hadoop-ozone/tools/target/test-dir/MiniOzoneClusterImpl-7858d707-e611-49d6-9f20-09fa29eef7b7/datanode-3/data/ratis/a1d1fe17-823e-4d78-8802-2301cec5fa3b does not exist. Creating ...
2019-11-01 01:12:56,912 [pool-27-thread-1] INFO  util.JmxRegister (JmxRegister.java:tryRegister(44)) - Successfully registered JMX Bean with object name Ratis:service=RaftServer,group=group-ADD962C510C7,id=f0e69bc2-b789-4d66-87b3-68450bbfadd1
2019-11-01 01:12:56,912 [pool-47-thread-1] INFO  server.RaftServerConfigKeys (ConfUtils.java:logGet(43)) - raft.server.rpc.timeout.min = 5s (custom)
2019-11-01 01:12:56,912 [pool-27-thread-1] WARN  impl.MetricRegistriesImpl (MetricRegistriesImpl.java:lambda$create$1(61)) - First MetricRegistry has been created without registering reporters. You may need to call MetricRegistries.global().addReportRegistration(...) before.
2019-11-01 01:12:56,912 [pool-47-thread-1] INFO  server.RaftServerConfigKeys (ConfUtils.java:logGet(43)) - raft.server.rpc.timeout.max = 5200ms (custom)
2019-11-01 01:12:56,912 [pool-47-thread-1] INFO  server.RaftServerConfigKeys (ConfUtils.java:logGet(43)) - raft.server.rpcslowness.timeout = 120s (custom)
2019-11-01 01:12:56,912 [pool-47-thread-1] INFO  server.RaftServerConfigKeys (ConfUtils.java:logGet(43)) - raft.server.sleep.deviation.threshold = 300 (default)
2019-11-01 01:12:56,912 [pool-47-thread-1] INFO  server.RaftServerConfigKeys (ConfUtils.java:logGet(43)) - raft.server.log.appender.install.snapshot.enabled = false (custom)
2019-11-01 01:12:56,913 [pool-47-thread-1] INFO  impl.RaftServerImpl (ServerState.java:<init>(103)) - b0d7b968-1d99-44d0-9f45-0cc9cf357355@group-CFB45348687A: ConfigurationManager, init=-1: [51058dee-2090-47d5-a97d-c0799d97638e:192.168.157.211:34007, f0e69bc2-b789-4d66-87b3-68450bbfadd1:192.168.157.211:45838, b0d7b968-1d99-44d0-9f45-0cc9cf357355:192.168.157.211:34108], old=null, confs=<EMPTY_MAP>
2019-11-01 01:12:56,913 [pool-47-thread-1] INFO  server.RaftServerConfigKeys (ConfUtils.java:logGet(43)) - raft.server.storage.dir = [/workdir/hadoop-ozone/tools/target/test-dir/MiniOzoneClusterImpl-7858d707-e611-49d6-9f20-09fa29eef7b7/datanode-2/data/ratis] (custom)
2019-11-01 01:12:56,913 [pool-47-thread-1] INFO  server.RaftServerConfigKeys (ConfUtils.java:logGet(43)) - raft.server.log.corruption.policy = EXCEPTION (default)
2019-11-01 01:12:56,913 [pool-47-thread-1] INFO  storage.RaftStorageDirectory (RaftStorageDirectory.java:analyzeStorage(246)) - The storage directory /workdir/hadoop-ozone/tools/target/test-dir/MiniOzoneClusterImpl-7858d707-e611-49d6-9f20-09fa29eef7b7/datanode-2/data/ratis/ba9c9882-f4c7-4a93-a964-cfb45348687a does not exist. Creating ...
2019-11-01 01:12:56,914 [pool-27-thread-1] INFO  impl.RaftServerImpl (RaftServerImpl.java:<init>(98)) - f0e69bc2-b789-4d66-87b3-68450bbfadd1: new RaftServerImpl for group-2301CEC5FA3B:[51058dee-2090-47d5-a97d-c0799d97638e:192.168.157.211:34007, f0e69bc2-b789-4d66-87b3-68450bbfadd1:192.168.157.211:45838, b0d7b968-1d99-44d0-9f45-0cc9cf357355:192.168.157.211:34108] with ContainerStateMachine:uninitialized
2019-11-01 01:12:56,915 [pool-27-thread-1] INFO  server.RaftServerConfigKeys (ConfUtils.java:logGet(43)) - raft.server.rpc.timeout.min = 5s (custom)
2019-11-01 01:12:56,915 [pool-27-thread-1] INFO  server.RaftServerConfigKeys (ConfUtils.java:logGet(43)) - raft.server.rpc.timeout.max = 5200ms (custom)
2019-11-01 01:12:56,915 [pool-27-thread-1] INFO  server.RaftServerConfigKeys (ConfUtils.java:logGet(43)) - raft.server.rpcslowness.timeout = 120s (custom)
2019-11-01 01:12:56,915 [pool-27-thread-1] INFO  server.RaftServerConfigKeys (ConfUtils.java:logGet(43)) - raft.server.sleep.deviation.threshold = 300 (default)
2019-11-01 01:12:56,915 [pool-27-thread-1] INFO  server.RaftServerConfigKeys (ConfUtils.java:logGet(43)) - raft.server.log.appender.install.snapshot.enabled = false (custom)
2019-11-01 01:12:56,915 [pool-27-thread-1] INFO  impl.RaftServerImpl (ServerState.java:<init>(103)) - f0e69bc2-b789-4d66-87b3-68450bbfadd1@group-2301CEC5FA3B: ConfigurationManager, init=-1: [51058dee-2090-47d5-a97d-c0799d97638e:192.168.157.211:34007, f0e69bc2-b789-4d66-87b3-68450bbfadd1:192.168.157.211:45838, b0d7b968-1d99-44d0-9f45-0cc9cf357355:192.168.157.211:34108], old=null, confs=<EMPTY_MAP>
2019-11-01 01:12:56,915 [pool-27-thread-1] INFO  server.RaftServerConfigKeys (ConfUtils.java:logGet(43)) - raft.server.storage.dir = [/workdir/hadoop-ozone/tools/target/test-dir/MiniOzoneClusterImpl-7858d707-e611-49d6-9f20-09fa29eef7b7/datanode-0/data/ratis] (custom)
2019-11-01 01:12:56,916 [pool-27-thread-1] INFO  server.RaftServerConfigKeys (ConfUtils.java:logGet(43)) - raft.server.log.corruption.policy = EXCEPTION (default)
2019-11-01 01:12:56,916 [pool-27-thread-1] INFO  storage.RaftStorageDirectory (RaftStorageDirectory.java:analyzeStorage(246)) - The storage directory /workdir/hadoop-ozone/tools/target/test-dir/MiniOzoneClusterImpl-7858d707-e611-49d6-9f20-09fa29eef7b7/datanode-0/data/ratis/a1d1fe17-823e-4d78-8802-2301cec5fa3b does not exist. Creating ...
2019-11-01 01:12:56,924 [pool-47-thread-1] INFO  storage.RaftStorageDirectory (RaftStorageDirectory.java:tryLock(328)) - Lock on /workdir/hadoop-ozone/tools/target/test-dir/MiniOzoneClusterImpl-7858d707-e611-49d6-9f20-09fa29eef7b7/datanode-2/data/ratis/ba9c9882-f4c7-4a93-a964-cfb45348687a/in_use.lock acquired by nodename 22876@pr-hdds-2364-master-k27gz-2975546514
2019-11-01 01:12:56,924 [pool-57-thread-1] INFO  storage.RaftStorageDirectory (RaftStorageDirectory.java:tryLock(328)) - Lock on /workdir/hadoop-ozone/tools/target/test-dir/MiniOzoneClusterImpl-7858d707-e611-49d6-9f20-09fa29eef7b7/datanode-3/data/ratis/a1d1fe17-823e-4d78-8802-2301cec5fa3b/in_use.lock acquired by nodename 22876@pr-hdds-2364-master-k27gz-2975546514
2019-11-01 01:12:56,924 [pool-27-thread-1] INFO  storage.RaftStorageDirectory (RaftStorageDirectory.java:tryLock(328)) - Lock on /workdir/hadoop-ozone/tools/target/test-dir/MiniOzoneClusterImpl-7858d707-e611-49d6-9f20-09fa29eef7b7/datanode-0/data/ratis/a1d1fe17-823e-4d78-8802-2301cec5fa3b/in_use.lock acquired by nodename 22876@pr-hdds-2364-master-k27gz-2975546514
 0.00% |?                                                                                                    |  0/1 Time: 0:00:242019-11-01 01:12:56,931 [pool-47-thread-1] INFO  storage.RaftStorage (RaftStorage.java:format(84)) - Storage directory /workdir/hadoop-ozone/tools/target/test-dir/MiniOzoneClusterImpl-7858d707-e611-49d6-9f20-09fa29eef7b7/datanode-2/data/ratis/ba9c9882-f4c7-4a93-a964-cfb45348687a has been successfully formatted.
2019-11-01 01:12:56,931 [pool-57-thread-1] INFO  storage.RaftStorage (RaftStorage.java:format(84)) - Storage directory /workdir/hadoop-ozone/tools/target/test-dir/MiniOzoneClusterImpl-7858d707-e611-49d6-9f20-09fa29eef7b7/datanode-3/data/ratis/a1d1fe17-823e-4d78-8802-2301cec5fa3b has been successfully formatted.
2019-11-01 01:12:56,931 [pool-27-thread-1] INFO  storage.RaftStorage (RaftStorage.java:format(84)) - Storage directory /workdir/hadoop-ozone/tools/target/test-dir/MiniOzoneClusterImpl-7858d707-e611-49d6-9f20-09fa29eef7b7/datanode-0/data/ratis/a1d1fe17-823e-4d78-8802-2301cec5fa3b has been successfully formatted.
2019-11-01 01:12:56,932 [pool-47-thread-1] INFO  ratis.ContainerStateMachine (ContainerStateMachine.java:loadSnapshot(231)) - group-CFB45348687A: The snapshot info is null. Setting the last applied indexto:(t:0, i:~)
2019-11-01 01:12:56,932 [pool-57-thread-1] INFO  ratis.ContainerStateMachine (ContainerStateMachine.java:loadSnapshot(231)) - group-2301CEC5FA3B: The snapshot info is null. Setting the last applied indexto:(t:0, i:~)
2019-11-01 01:12:56,932 [pool-27-thread-1] INFO  ratis.ContainerStateMachine (ContainerStateMachine.java:loadSnapshot(231)) - group-2301CEC5FA3B: The snapshot info is null. Setting the last applied indexto:(t:0, i:~)
2019-11-01 01:12:56,932 [pool-47-thread-1] INFO  server.RaftServerConfigKeys (ConfUtils.java:logGet(43)) - raft.server.notification.no-leader.timeout = 120s (custom)
2019-11-01 01:12:56,932 [pool-27-thread-1] INFO  server.RaftServerConfigKeys (ConfUtils.java:logGet(43)) - raft.server.notification.no-leader.timeout = 120s (custom)
2019-11-01 01:12:56,932 [pool-57-thread-1] INFO  server.RaftServerConfigKeys (ConfUtils.java:logGet(43)) - raft.server.notification.no-leader.timeout = 120s (custom)
2019-11-01 01:12:56,932 [pool-27-thread-1] INFO  server.RaftServerConfigKeys (ConfUtils.java:logGet(43)) - raft.server.log.use.memory = false (default)
2019-11-01 01:12:56,932 [pool-47-thread-1] INFO  server.RaftServerConfigKeys (ConfUtils.java:logGet(43)) - raft.server.log.use.memory = false (default)
2019-11-01 01:12:56,933 [pool-27-thread-1] INFO  server.RaftServerConfigKeys (ConfUtils.java:logGet(43)) - raft.server.log.purge.gap = 1000000 (custom)
2019-11-01 01:12:56,933 [pool-57-thread-1] INFO  server.RaftServerConfigKeys (ConfUtils.java:logGet(43)) - raft.server.log.use.memory = false (default)
2019-11-01 01:12:56,933 [pool-27-thread-1] INFO  server.RaftServerConfigKeys (ConfUtils.java:logGet(43)) - raft.server.log.appender.buffer.byte-limit = 33554432 (custom)
2019-11-01 01:12:56,933 [pool-47-thread-1] INFO  server.RaftServerConfigKeys (ConfUtils.java:logGet(43)) - raft.server.log.purge.gap = 1000000 (custom)
2019-11-01 01:12:56,933 [pool-27-thread-1] INFO  server.RaftServerConfigKeys (ConfUtils.java:logGet(43)) - raft.server.log.segment.size.max = 1048576 (custom)
2019-11-01 01:12:56,933 [pool-57-thread-1] INFO  server.RaftServerConfigKeys (ConfUtils.java:logGet(43)) - raft.server.log.purge.gap = 1000000 (custom)
2019-11-01 01:12:56,933 [pool-27-thread-1] INFO  server.RaftServerConfigKeys (ConfUtils.java:logGet(43)) - raft.server.log.segment.cache.num.max = 2 (custom)
2019-11-01 01:12:56,933 [pool-47-thread-1] INFO  server.RaftServerConfigKeys (ConfUtils.java:logGet(43)) - raft.server.log.appender.buffer.byte-limit = 33554432 (custom)
2019-11-01 01:12:56,933 [pool-27-thread-1] INFO  segmented.SegmentedRaftLogWorker (SegmentedRaftLogWorker.java:<init>(173)) - new f0e69bc2-b789-4d66-87b3-68450bbfadd1@group-2301CEC5FA3B-SegmentedRaftLogWorker for RaftStorage:Storage Directory /workdir/hadoop-ozone/tools/target/test-dir/MiniOzoneClusterImpl-7858d707-e611-49d6-9f20-09fa29eef7b7/datanode-0/data/ratis/a1d1fe17-823e-4d78-8802-2301cec5fa3b
2019-11-01 01:12:56,933 [pool-57-thread-1] INFO  server.RaftServerConfigKeys (ConfUtils.java:logGet(43)) - raft.server.log.appender.buffer.byte-limit = 33554432 (custom)
2019-11-01 01:12:56,934 [pool-27-thread-1] INFO  server.RaftServerConfigKeys (ConfUtils.java:logGet(43)) - raft.server.log.queue.byte-limit = 2147483647 (custom)
2019-11-01 01:12:56,934 [pool-47-thread-1] INFO  server.RaftServerConfigKeys (ConfUtils.java:logGet(43)) - raft.server.log.segment.size.max = 1048576 (custom)
2019-11-01 01:12:56,934 [pool-27-thread-1] INFO  server.RaftServerConfigKeys (ConfUtils.java:logGet(43)) - raft.server.log.queue.element-limit = 1024 (custom)
2019-11-01 01:12:56,934 [pool-57-thread-1] INFO  server.RaftServerConfigKeys (ConfUtils.java:logGet(43)) - raft.server.log.segment.size.max = 1048576 (custom)
2019-11-01 01:12:56,934 [pool-27-thread-1] INFO  server.RaftServerConfigKeys (ConfUtils.java:logGet(43)) - raft.server.log.segment.size.max = 1048576 (custom)
2019-11-01 01:12:56,934 [pool-47-thread-1] INFO  server.RaftServerConfigKeys (ConfUtils.java:logGet(43)) - raft.server.log.segment.cache.num.max = 2 (custom)
2019-11-01 01:12:56,934 [pool-27-thread-1] INFO  server.RaftServerConfigKeys (ConfUtils.java:logGet(43)) - raft.server.log.preallocated.size = 16384 (custom)
2019-11-01 01:12:56,934 [pool-57-thread-1] INFO  server.RaftServerConfigKeys (ConfUtils.java:logGet(43)) - raft.server.log.segment.cache.num.max = 2 (custom)
2019-11-01 01:12:56,935 [pool-27-thread-1] INFO  server.RaftServerConfigKeys (ConfUtils.java:logGet(43)) - raft.server.log.write.buffer.size = 33554432 (custom)
2019-11-01 01:12:56,934 [pool-47-thread-1] INFO  segmented.SegmentedRaftLogWorker (SegmentedRaftLogWorker.java:<init>(173)) - new b0d7b968-1d99-44d0-9f45-0cc9cf357355@group-CFB45348687A-SegmentedRaftLogWorker for RaftStorage:Storage Directory /workdir/hadoop-ozone/tools/target/test-dir/MiniOzoneClusterImpl-7858d707-e611-49d6-9f20-09fa29eef7b7/datanode-2/data/ratis/ba9c9882-f4c7-4a93-a964-cfb45348687a
2019-11-01 01:12:56,935 [pool-27-thread-1] INFO  server.RaftServerConfigKeys (ConfUtils.java:logGet(43)) - raft.server.log.force.sync.num = 128 (default)
2019-11-01 01:12:56,935 [pool-57-thread-1] INFO  segmented.SegmentedRaftLogWorker (SegmentedRaftLogWorker.java:<init>(173)) - new 51058dee-2090-47d5-a97d-c0799d97638e@group-2301CEC5FA3B-SegmentedRaftLogWorker for RaftStorage:Storage Directory /workdir/hadoop-ozone/tools/target/test-dir/MiniOzoneClusterImpl-7858d707-e611-49d6-9f20-09fa29eef7b7/datanode-3/data/ratis/a1d1fe17-823e-4d78-8802-2301cec5fa3b
2019-11-01 01:12:56,935 [pool-27-thread-1] INFO  server.RaftServerConfigKeys (ConfUtils.java:logGet(43)) - raft.server.log.statemachine.data.sync = true (default)
2019-11-01 01:12:56,935 [pool-47-thread-1] INFO  server.RaftServerConfigKeys (ConfUtils.java:logGet(43)) - raft.server.log.queue.byte-limit = 2147483647 (custom)
2019-11-01 01:12:56,935 [pool-27-thread-1] INFO  server.RaftServerConfigKeys (ConfUtils.java:logGet(43)) - raft.server.log.statemachine.data.sync.timeout = 10s (default)
2019-11-01 01:12:56,935 [pool-57-thread-1] INFO  server.RaftServerConfigKeys (ConfUtils.java:logGet(43)) - raft.server.log.queue.byte-limit = 2147483647 (custom)
2019-11-01 01:12:56,935 [pool-27-thread-1] INFO  server.RaftServerConfigKeys (ConfUtils.java:logGet(43)) - raft.server.log.statemachine.data.sync.timeout.retry = -1 (default)
2019-11-01 01:12:56,935 [pool-47-thread-1] INFO  server.RaftServerConfigKeys (ConfUtils.java:logGet(43)) - raft.server.log.queue.element-limit = 1024 (custom)
2019-11-01 01:12:56,936 [pool-57-thread-1] INFO  server.RaftServerConfigKeys (ConfUtils.java:logGet(43)) - raft.server.log.queue.element-limit = 1024 (custom)
2019-11-01 01:12:56,936 [pool-27-thread-1] INFO  server.RaftServerConfigKeys (ConfUtils.java:logGet(43)) - raft.server.log.statemachine.data.caching.enabled = true (custom)
2019-11-01 01:12:56,936 [pool-47-thread-1] INFO  server.RaftServerConfigKeys (ConfUtils.java:logGet(43)) - raft.server.log.segment.size.max = 1048576 (custom)
2019-11-01 01:12:56,936 [pool-57-thread-1] INFO  server.RaftServerConfigKeys (ConfUtils.java:logGet(43)) - raft.server.log.segment.size.max = 1048576 (custom)
2019-11-01 01:12:56,936 [pool-27-thread-1] INFO  segmented.SegmentedRaftLogWorker (SegmentedRaftLogWorker.java:lambda$new$0(128)) - f0e69bc2-b789-4d66-87b3-68450bbfadd1@group-2301CEC5FA3B-SegmentedRaftLogWorker: flushIndex: setUnconditionally 0 -> -1
2019-11-01 01:12:56,936 [pool-47-thread-1] INFO  server.RaftServerConfigKeys (ConfUtils.java:logGet(43)) - raft.server.log.preallocated.size = 16384 (custom)
2019-11-01 01:12:56,936 [pool-57-thread-1] INFO  server.RaftServerConfigKeys (ConfUtils.java:logGet(43)) - raft.server.log.preallocated.size = 16384 (custom)
2019-11-01 01:12:56,936 [pool-47-thread-1] INFO  server.RaftServerConfigKeys (ConfUtils.java:logGet(43)) - raft.server.log.write.buffer.size = 33554432 (custom)
2019-11-01 01:12:56,936 [pool-27-thread-1] INFO  server.RaftServerConfigKeys (ConfUtils.java:logGet(43)) - raft.server.snapshot.auto.trigger.enabled = true (custom)
2019-11-01 01:12:56,936 [pool-57-thread-1] INFO  server.RaftServerConfigKeys (ConfUtils.java:logGet(43)) - raft.server.log.write.buffer.size = 33554432 (custom)
2019-11-01 01:12:56,937 [pool-27-thread-1] INFO  server.RaftServerConfigKeys (ConfUtils.java:logGet(43)) - raft.server.snapshot.auto.trigger.threshold = 10000 (custom)
2019-11-01 01:12:56,937 [pool-47-thread-1] INFO  server.RaftServerConfigKeys (ConfUtils.java:logGet(43)) - raft.server.log.force.sync.num = 128 (default)
2019-11-01 01:12:56,937 [pool-27-thread-1] INFO  server.RaftServerConfigKeys (ConfUtils.java:logGet(43)) - raft.server.snapshot.retention.file.num = 5 (custom)
2019-11-01 01:12:56,937 [pool-57-thread-1] INFO  server.RaftServerConfigKeys (ConfUtils.java:logGet(43)) - raft.server.log.force.sync.num = 128 (default)
2019-11-01 01:12:56,937 [pool-27-thread-1] INFO  server.RaftServerConfigKeys (ConfUtils.java:logGet(43)) - raft.server.retrycache.expirytime = 600000ms (custom)
2019-11-01 01:12:56,937 [pool-47-thread-1] INFO  server.RaftServerConfigKeys (ConfUtils.java:logGet(43)) - raft.server.log.statemachine.data.sync = true (default)
2019-11-01 01:12:56,937 [pool-27-thread-1] WARN  impl.MetricRegistriesImpl (MetricRegistriesImpl.java:lambda$create$1(61)) - First MetricRegistry has been created without registering reporters. You may need to call MetricRegistries.global().addReportRegistration(...) before.
2019-11-01 01:12:56,937 [pool-57-thread-1] INFO  server.RaftServerConfigKeys (ConfUtils.java:logGet(43)) - raft.server.log.statemachine.data.sync = true (default)
2019-11-01 01:12:56,937 [pool-27-thread-1] WARN  impl.MetricRegistriesImpl (MetricRegistriesImpl.java:lambda$create$1(61)) - First MetricRegistry has been created without registering reporters. You may need to call MetricRegistries.global().addReportRegistration(...) before.
2019-11-01 01:12:56,937 [pool-47-thread-1] INFO  server.RaftServerConfigKeys (ConfUtils.java:logGet(43)) - raft.server.log.statemachine.data.sync.timeout = 10s (default)
2019-11-01 01:12:56,938 [pool-57-thread-1] INFO  server.RaftServerConfigKeys (ConfUtils.java:logGet(43)) - raft.server.log.statemachine.data.sync.timeout = 10s (default)
2019-11-01 01:12:56,938 [pool-47-thread-1] INFO  server.RaftServerConfigKeys (ConfUtils.java:logGet(43)) - raft.server.log.statemachine.data.sync.timeout.retry = -1 (default)
2019-11-01 01:12:56,938 [pool-57-thread-1] INFO  server.RaftServerConfigKeys (ConfUtils.java:logGet(43)) - raft.server.log.statemachine.data.sync.timeout.retry = -1 (default)
2019-11-01 01:12:56,938 [pool-47-thread-1] INFO  server.RaftServerConfigKeys (ConfUtils.java:logGet(43)) - raft.server.log.statemachine.data.caching.enabled = true (custom)
2019-11-01 01:12:56,938 [pool-57-thread-1] INFO  server.RaftServerConfigKeys (ConfUtils.java:logGet(43)) - raft.server.log.statemachine.data.caching.enabled = true (custom)
2019-11-01 01:12:56,938 [pool-47-thread-1] INFO  segmented.SegmentedRaftLogWorker (SegmentedRaftLogWorker.java:lambda$new$0(128)) - b0d7b968-1d99-44d0-9f45-0cc9cf357355@group-CFB45348687A-SegmentedRaftLogWorker: flushIndex: setUnconditionally 0 -> -1
2019-11-01 01:12:56,938 [pool-57-thread-1] INFO  segmented.SegmentedRaftLogWorker (SegmentedRaftLogWorker.java:lambda$new$0(128)) - 51058dee-2090-47d5-a97d-c0799d97638e@group-2301CEC5FA3B-SegmentedRaftLogWorker: flushIndex: setUnconditionally 0 -> -1
2019-11-01 01:12:56,939 [pool-47-thread-1] INFO  server.RaftServerConfigKeys (ConfUtils.java:logGet(43)) - raft.server.snapshot.auto.trigger.enabled = true (custom)
2019-11-01 01:12:56,939 [pool-47-thread-1] INFO  server.RaftServerConfigKeys (ConfUtils.java:logGet(43)) - raft.server.snapshot.auto.trigger.threshold = 10000 (custom)
2019-11-01 01:12:56,939 [pool-47-thread-1] INFO  server.RaftServerConfigKeys (ConfUtils.java:logGet(43)) - raft.server.snapshot.retention.file.num = 5 (custom)
2019-11-01 01:12:56,939 [pool-57-thread-1] INFO  server.RaftServerConfigKeys (ConfUtils.java:logGet(43)) - raft.server.snapshot.auto.trigger.enabled = true (custom)
2019-11-01 01:12:56,939 [pool-47-thread-1] INFO  server.RaftServerConfigKeys (ConfUtils.java:logGet(43)) - raft.server.retrycache.expirytime = 600000ms (custom)
2019-11-01 01:12:56,939 [pool-57-thread-1] INFO  server.RaftServerConfigKeys (ConfUtils.java:logGet(43)) - raft.server.snapshot.auto.trigger.threshold = 10000 (custom)
2019-11-01 01:12:56,939 [pool-47-thread-1] WARN  impl.MetricRegistriesImpl (MetricRegistriesImpl.java:lambda$create$1(61)) - First MetricRegistry has been created without registering reporters. You may need to call MetricRegistries.global().addReportRegistration(...) before.
2019-11-01 01:12:56,939 [pool-57-thread-1] INFO  server.RaftServerConfigKeys (ConfUtils.java:logGet(43)) - raft.server.snapshot.retention.file.num = 5 (custom)
2019-11-01 01:12:56,939 [pool-27-thread-1] INFO  impl.RaftServerImpl (RaftServerImpl.java:<init>(98)) - f0e69bc2-b789-4d66-87b3-68450bbfadd1: new RaftServerImpl for group-CFB45348687A:[51058dee-2090-47d5-a97d-c0799d97638e:192.168.157.211:34007, f0e69bc2-b789-4d66-87b3-68450bbfadd1:192.168.157.211:45838, b0d7b968-1d99-44d0-9f45-0cc9cf357355:192.168.157.211:34108] with ContainerStateMachine:uninitialized
2019-11-01 01:12:56,939 [pool-47-thread-1] WARN  impl.MetricRegistriesImpl (MetricRegistriesImpl.java:lambda$create$1(61)) - First MetricRegistry has been created without registering reporters. You may need to call MetricRegistries.global().addReportRegistration(...) before.
2019-11-01 01:12:56,939 [pool-27-thread-1] INFO  server.RaftServerConfigKeys (ConfUtils.java:logGet(43)) - raft.server.rpc.timeout.min = 5s (custom)
2019-11-01 01:12:56,939 [pool-57-thread-1] INFO  server.RaftServerConfigKeys (ConfUtils.java:logGet(43)) - raft.server.retrycache.expirytime = 600000ms (custom)
2019-11-01 01:12:56,940 [pool-47-thread-1] INFO  impl.RaftServerImpl (RaftServerImpl.java:start(184)) - b0d7b968-1d99-44d0-9f45-0cc9cf357355@group-7441A65FF976: start as a follower, conf=-1: [51058dee-2090-47d5-a97d-c0799d97638e:192.168.157.211:34007, f0e69bc2-b789-4d66-87b3-68450bbfadd1:192.168.157.211:45838, b0d7b968-1d99-44d0-9f45-0cc9cf357355:192.168.157.211:34108], old=null
2019-11-01 01:12:56,940 [pool-27-thread-1] INFO  server.RaftServerConfigKeys (ConfUtils.java:logGet(43)) - raft.server.rpc.timeout.max = 5200ms (custom)
2019-11-01 01:12:56,940 [pool-47-thread-1] INFO  impl.RaftServerImpl (RaftServerImpl.java:setRole(173)) - b0d7b968-1d99-44d0-9f45-0cc9cf357355@group-7441A65FF976: changes role from      null to FOLLOWER at term 0 for startAsFollower
2019-11-01 01:12:56,940 [pool-57-thread-1] WARN  impl.MetricRegistriesImpl (MetricRegistriesImpl.java:lambda$create$1(61)) - First MetricRegistry has been created without registering reporters. You may need to call MetricRegistries.global().addReportRegistration(...) before.
2019-11-01 01:12:56,940 [pool-47-thread-1] INFO  impl.RoleInfo (RoleInfo.java:updateAndGet(143)) - b0d7b968-1d99-44d0-9f45-0cc9cf357355: start FollowerState
2019-11-01 01:12:56,940 [pool-27-thread-1] INFO  server.RaftServerConfigKeys (ConfUtils.java:logGet(43)) - raft.server.rpcslowness.timeout = 120s (custom)
2019-11-01 01:12:56,940 [pool-57-thread-1] WARN  impl.MetricRegistriesImpl (MetricRegistriesImpl.java:lambda$create$1(61)) - First MetricRegistry has been created without registering reporters. You may need to call MetricRegistries.global().addReportRegistration(...) before.
2019-11-01 01:12:56,940 [pool-27-thread-1] INFO  server.RaftServerConfigKeys (ConfUtils.java:logGet(43)) - raft.server.sleep.deviation.threshold = 300 (default)
2019-11-01 01:12:56,940 [pool-27-thread-1] INFO  server.RaftServerConfigKeys (ConfUtils.java:logGet(43)) - raft.server.log.appender.install.snapshot.enabled = false (custom)
2019-11-01 01:12:56,940 [pool-47-thread-1] INFO  util.JmxRegister (JmxRegister.java:tryRegister(44)) - Successfully registered JMX Bean with object name Ratis:service=RaftServer,group=group-7441A65FF976,id=b0d7b968-1d99-44d0-9f45-0cc9cf357355
2019-11-01 01:12:56,941 [pool-27-thread-1] INFO  impl.RaftServerImpl (ServerState.java:<init>(103)) - f0e69bc2-b789-4d66-87b3-68450bbfadd1@group-CFB45348687A: ConfigurationManager, init=-1: [51058dee-2090-47d5-a97d-c0799d97638e:192.168.157.211:34007, f0e69bc2-b789-4d66-87b3-68450bbfadd1:192.168.157.211:45838, b0d7b968-1d99-44d0-9f45-0cc9cf357355:192.168.157.211:34108], old=null, confs=<EMPTY_MAP>
2019-11-01 01:12:56,941 [pool-47-thread-1] WARN  impl.MetricRegistriesImpl (MetricRegistriesImpl.java:lambda$create$1(61)) - First MetricRegistry has been created without registering reporters. You may need to call MetricRegistries.global().addReportRegistration(...) before.
2019-11-01 01:12:56,941 [pool-27-thread-1] INFO  server.RaftServerConfigKeys (ConfUtils.java:logGet(43)) - raft.server.storage.dir = [/workdir/hadoop-ozone/tools/target/test-dir/MiniOzoneClusterImpl-7858d707-e611-49d6-9f20-09fa29eef7b7/datanode-0/data/ratis] (custom)
2019-11-01 01:12:56,941 [pool-27-thread-1] INFO  server.RaftServerConfigKeys (ConfUtils.java:logGet(43)) - raft.server.log.corruption.policy = EXCEPTION (default)
2019-11-01 01:12:56,941 [pool-27-thread-1] INFO  storage.RaftStorageDirectory (RaftStorageDirectory.java:analyzeStorage(246)) - The storage directory /workdir/hadoop-ozone/tools/target/test-dir/MiniOzoneClusterImpl-7858d707-e611-49d6-9f20-09fa29eef7b7/datanode-0/data/ratis/ba9c9882-f4c7-4a93-a964-cfb45348687a does not exist. Creating ...
2019-11-01 01:12:56,941 [pool-47-thread-1] INFO  impl.RaftServerImpl (RaftServerImpl.java:start(184)) - b0d7b968-1d99-44d0-9f45-0cc9cf357355@group-2301CEC5FA3B: start as a follower, conf=-1: [51058dee-2090-47d5-a97d-c0799d97638e:192.168.157.211:34007, f0e69bc2-b789-4d66-87b3-68450bbfadd1:192.168.157.211:45838, b0d7b968-1d99-44d0-9f45-0cc9cf357355:192.168.157.211:34108], old=null
2019-11-01 01:12:56,941 [pool-47-thread-1] INFO  impl.RaftServerImpl (RaftServerImpl.java:setRole(173)) - b0d7b968-1d99-44d0-9f45-0cc9cf357355@group-2301CEC5FA3B: changes role from      null to FOLLOWER at term 0 for startAsFollower
2019-11-01 01:12:56,942 [pool-47-thread-1] INFO  impl.RoleInfo (RoleInfo.java:updateAndGet(143)) - b0d7b968-1d99-44d0-9f45-0cc9cf357355: start FollowerState
2019-11-01 01:12:56,942 [pool-57-thread-1] INFO  impl.RaftServerImpl (RaftServerImpl.java:<init>(98)) - 51058dee-2090-47d5-a97d-c0799d97638e: new RaftServerImpl for group-CFB45348687A:[51058dee-2090-47d5-a97d-c0799d97638e:192.168.157.211:34007, f0e69bc2-b789-4d66-87b3-68450bbfadd1:192.168.157.211:45838, b0d7b968-1d99-44d0-9f45-0cc9cf357355:192.168.157.211:34108] with ContainerStateMachine:uninitialized
2019-11-01 01:12:56,942 [pool-57-thread-1] INFO  server.RaftServerConfigKeys (ConfUtils.java:logGet(43)) - raft.server.rpc.timeout.min = 5s (custom)
2019-11-01 01:12:56,942 [pool-47-thread-1] INFO  util.JmxRegister (JmxRegister.java:tryRegister(44)) - Successfully registered JMX Bean with object name Ratis:service=RaftServer,group=group-2301CEC5FA3B,id=b0d7b968-1d99-44d0-9f45-0cc9cf357355
2019-11-01 01:12:56,942 [pool-57-thread-1] INFO  server.RaftServerConfigKeys (ConfUtils.java:logGet(43)) - raft.server.rpc.timeout.max = 5200ms (custom)
2019-11-01 01:12:56,942 [pool-47-thread-1] WARN  impl.MetricRegistriesImpl (MetricRegistriesImpl.java:lambda$create$1(61)) - First MetricRegistry has been created without registering reporters. You may need to call MetricRegistries.global().addReportRegistration(...) before.
2019-11-01 01:12:56,942 [pool-57-thread-1] INFO  server.RaftServerConfigKeys (ConfUtils.java:logGet(43)) - raft.server.rpcslowness.timeout = 120s (custom)
2019-11-01 01:12:56,942 [pool-57-thread-1] INFO  server.RaftServerConfigKeys (ConfUtils.java:logGet(43)) - raft.server.sleep.deviation.threshold = 300 (default)
2019-11-01 01:12:56,942 [pool-57-thread-1] INFO  server.RaftServerConfigKeys (ConfUtils.java:logGet(43)) - raft.server.log.appender.install.snapshot.enabled = false (custom)
2019-11-01 01:12:56,943 [pool-57-thread-1] INFO  impl.RaftServerImpl (ServerState.java:<init>(103)) - 51058dee-2090-47d5-a97d-c0799d97638e@group-CFB45348687A: ConfigurationManager, init=-1: [51058dee-2090-47d5-a97d-c0799d97638e:192.168.157.211:34007, f0e69bc2-b789-4d66-87b3-68450bbfadd1:192.168.157.211:45838, b0d7b968-1d99-44d0-9f45-0cc9cf357355:192.168.157.211:34108], old=null, confs=<EMPTY_MAP>
2019-11-01 01:12:56,943 [pool-47-thread-1] INFO  impl.RaftServerImpl (RaftServerImpl.java:start(184)) - b0d7b968-1d99-44d0-9f45-0cc9cf357355@group-CFB45348687A: start as a follower, conf=-1: [51058dee-2090-47d5-a97d-c0799d97638e:192.168.157.211:34007, f0e69bc2-b789-4d66-87b3-68450bbfadd1:192.168.157.211:45838, b0d7b968-1d99-44d0-9f45-0cc9cf357355:192.168.157.211:34108], old=null
2019-11-01 01:12:56,943 [pool-57-thread-1] INFO  server.RaftServerConfigKeys (ConfUtils.java:logGet(43)) - raft.server.storage.dir = [/workdir/hadoop-ozone/tools/target/test-dir/MiniOzoneClusterImpl-7858d707-e611-49d6-9f20-09fa29eef7b7/datanode-3/data/ratis] (custom)
2019-11-01 01:12:56,943 [pool-47-thread-1] INFO  impl.RaftServerImpl (RaftServerImpl.java:setRole(173)) - b0d7b968-1d99-44d0-9f45-0cc9cf357355@group-CFB45348687A: changes role from      null to FOLLOWER at term 0 for startAsFollower
2019-11-01 01:12:56,943 [pool-57-thread-1] INFO  server.RaftServerConfigKeys (ConfUtils.java:logGet(43)) - raft.server.log.corruption.policy = EXCEPTION (default)
2019-11-01 01:12:56,943 [pool-47-thread-1] INFO  impl.RoleInfo (RoleInfo.java:updateAndGet(143)) - b0d7b968-1d99-44d0-9f45-0cc9cf357355: start FollowerState
2019-11-01 01:12:56,943 [pool-57-thread-1] INFO  storage.RaftStorageDirectory (RaftStorageDirectory.java:analyzeStorage(246)) - The storage directory /workdir/hadoop-ozone/tools/target/test-dir/MiniOzoneClusterImpl-7858d707-e611-49d6-9f20-09fa29eef7b7/datanode-3/data/ratis/ba9c9882-f4c7-4a93-a964-cfb45348687a does not exist. Creating ...
2019-11-01 01:12:56,943 [pool-47-thread-1] INFO  util.JmxRegister (JmxRegister.java:tryRegister(44)) - Successfully registered JMX Bean with object name Ratis:service=RaftServer,group=group-CFB45348687A,id=b0d7b968-1d99-44d0-9f45-0cc9cf357355
2019-11-01 01:12:56,943 [pool-47-thread-1] WARN  impl.MetricRegistriesImpl (MetricRegistriesImpl.java:lambda$create$1(61)) - First MetricRegistry has been created without registering reporters. You may need to call MetricRegistries.global().addReportRegistration(...) before.
2019-11-01 01:12:56,951 [pool-27-thread-1] INFO  storage.RaftStorageDirectory (RaftStorageDirectory.java:tryLock(328)) - Lock on /workdir/hadoop-ozone/tools/target/test-dir/MiniOzoneClusterImpl-7858d707-e611-49d6-9f20-09fa29eef7b7/datanode-0/data/ratis/ba9c9882-f4c7-4a93-a964-cfb45348687a/in_use.lock acquired by nodename 22876@pr-hdds-2364-master-k27gz-2975546514
2019-11-01 01:12:56,951 [pool-57-thread-1] INFO  storage.RaftStorageDirectory (RaftStorageDirectory.java:tryLock(328)) - Lock on /workdir/hadoop-ozone/tools/target/test-dir/MiniOzoneClusterImpl-7858d707-e611-49d6-9f20-09fa29eef7b7/datanode-3/data/ratis/ba9c9882-f4c7-4a93-a964-cfb45348687a/in_use.lock acquired by nodename 22876@pr-hdds-2364-master-k27gz-2975546514
2019-11-01 01:12:56,961 [pool-57-thread-1] INFO  storage.RaftStorage (RaftStorage.java:format(84)) - Storage directory /workdir/hadoop-ozone/tools/target/test-dir/MiniOzoneClusterImpl-7858d707-e611-49d6-9f20-09fa29eef7b7/datanode-3/data/ratis/ba9c9882-f4c7-4a93-a964-cfb45348687a has been successfully formatted.
2019-11-01 01:12:56,961 [pool-27-thread-1] INFO  storage.RaftStorage (RaftStorage.java:format(84)) - Storage directory /workdir/hadoop-ozone/tools/target/test-dir/MiniOzoneClusterImpl-7858d707-e611-49d6-9f20-09fa29eef7b7/datanode-0/data/ratis/ba9c9882-f4c7-4a93-a964-cfb45348687a has been successfully formatted.
2019-11-01 01:12:56,961 [pool-57-thread-1] INFO  ratis.ContainerStateMachine (ContainerStateMachine.java:loadSnapshot(231)) - group-CFB45348687A: The snapshot info is null. Setting the last applied indexto:(t:0, i:~)
2019-11-01 01:12:56,961 [pool-57-thread-1] INFO  server.RaftServerConfigKeys (ConfUtils.java:logGet(43)) - raft.server.notification.no-leader.timeout = 120s (custom)
2019-11-01 01:12:56,961 [pool-27-thread-1] INFO  ratis.ContainerStateMachine (ContainerStateMachine.java:loadSnapshot(231)) - group-CFB45348687A: The snapshot info is null. Setting the last applied indexto:(t:0, i:~)
2019-11-01 01:12:56,961 [pool-57-thread-1] INFO  server.RaftServerConfigKeys (ConfUtils.java:logGet(43)) - raft.server.log.use.memory = false (default)
2019-11-01 01:12:56,961 [pool-27-thread-1] INFO  server.RaftServerConfigKeys (ConfUtils.java:logGet(43)) - raft.server.notification.no-leader.timeout = 120s (custom)
2019-11-01 01:12:56,961 [pool-57-thread-1] INFO  server.RaftServerConfigKeys (ConfUtils.java:logGet(43)) - raft.server.log.purge.gap = 1000000 (custom)
2019-11-01 01:12:56,962 [pool-27-thread-1] INFO  server.RaftServerConfigKeys (ConfUtils.java:logGet(43)) - raft.server.log.use.memory = false (default)
2019-11-01 01:12:56,962 [pool-57-thread-1] INFO  server.RaftServerConfigKeys (ConfUtils.java:logGet(43)) - raft.server.log.appender.buffer.byte-limit = 33554432 (custom)
2019-11-01 01:12:56,962 [pool-27-thread-1] INFO  server.RaftServerConfigKeys (ConfUtils.java:logGet(43)) - raft.server.log.purge.gap = 1000000 (custom)
2019-11-01 01:12:56,962 [pool-57-thread-1] INFO  server.RaftServerConfigKeys (ConfUtils.java:logGet(43)) - raft.server.log.segment.size.max = 1048576 (custom)
2019-11-01 01:12:56,962 [pool-27-thread-1] INFO  server.RaftServerConfigKeys (ConfUtils.java:logGet(43)) - raft.server.log.appender.buffer.byte-limit = 33554432 (custom)
2019-11-01 01:12:56,962 [pool-57-thread-1] INFO  server.RaftServerConfigKeys (ConfUtils.java:logGet(43)) - raft.server.log.segment.cache.num.max = 2 (custom)
2019-11-01 01:12:56,962 [pool-27-thread-1] INFO  server.RaftServerConfigKeys (ConfUtils.java:logGet(43)) - raft.server.log.segment.size.max = 1048576 (custom)
2019-11-01 01:12:56,962 [pool-57-thread-1] INFO  segmented.SegmentedRaftLogWorker (SegmentedRaftLogWorker.java:<init>(173)) - new 51058dee-2090-47d5-a97d-c0799d97638e@group-CFB45348687A-SegmentedRaftLogWorker for RaftStorage:Storage Directory /workdir/hadoop-ozone/tools/target/test-dir/MiniOzoneClusterImpl-7858d707-e611-49d6-9f20-09fa29eef7b7/datanode-3/data/ratis/ba9c9882-f4c7-4a93-a964-cfb45348687a
2019-11-01 01:12:56,962 [pool-27-thread-1] INFO  server.RaftServerConfigKeys (ConfUtils.java:logGet(43)) - raft.server.log.segment.cache.num.max = 2 (custom)
2019-11-01 01:12:56,962 [pool-57-thread-1] INFO  server.RaftServerConfigKeys (ConfUtils.java:logGet(43)) - raft.server.log.queue.byte-limit = 2147483647 (custom)
2019-11-01 01:12:56,963 [pool-27-thread-1] INFO  segmented.SegmentedRaftLogWorker (SegmentedRaftLogWorker.java:<init>(173)) - new f0e69bc2-b789-4d66-87b3-68450bbfadd1@group-CFB45348687A-SegmentedRaftLogWorker for RaftStorage:Storage Directory /workdir/hadoop-ozone/tools/target/test-dir/MiniOzoneClusterImpl-7858d707-e611-49d6-9f20-09fa29eef7b7/datanode-0/data/ratis/ba9c9882-f4c7-4a93-a964-cfb45348687a
2019-11-01 01:12:56,963 [pool-57-thread-1] INFO  server.RaftServerConfigKeys (ConfUtils.java:logGet(43)) - raft.server.log.queue.element-limit = 1024 (custom)
2019-11-01 01:12:56,963 [pool-27-thread-1] INFO  server.RaftServerConfigKeys (ConfUtils.java:logGet(43)) - raft.server.log.queue.byte-limit = 2147483647 (custom)
2019-11-01 01:12:56,963 [pool-57-thread-1] INFO  server.RaftServerConfigKeys (ConfUtils.java:logGet(43)) - raft.server.log.segment.size.max = 1048576 (custom)
2019-11-01 01:12:56,963 [pool-27-thread-1] INFO  server.RaftServerConfigKeys (ConfUtils.java:logGet(43)) - raft.server.log.queue.element-limit = 1024 (custom)
2019-11-01 01:12:56,963 [pool-57-thread-1] INFO  server.RaftServerConfigKeys (ConfUtils.java:logGet(43)) - raft.server.log.preallocated.size = 16384 (custom)
2019-11-01 01:12:56,963 [pool-27-thread-1] INFO  server.RaftServerConfigKeys (ConfUtils.java:logGet(43)) - raft.server.log.segment.size.max = 1048576 (custom)
2019-11-01 01:12:56,963 [pool-57-thread-1] INFO  server.RaftServerConfigKeys (ConfUtils.java:logGet(43)) - raft.server.log.write.buffer.size = 33554432 (custom)
2019-11-01 01:12:56,963 [pool-27-thread-1] INFO  server.RaftServerConfigKeys (ConfUtils.java:logGet(43)) - raft.server.log.preallocated.size = 16384 (custom)
2019-11-01 01:12:56,963 [pool-57-thread-1] INFO  server.RaftServerConfigKeys (ConfUtils.java:logGet(43)) - raft.server.log.force.sync.num = 128 (default)
2019-11-01 01:12:56,963 [pool-27-thread-1] INFO  server.RaftServerConfigKeys (ConfUtils.java:logGet(43)) - raft.server.log.write.buffer.size = 33554432 (custom)
2019-11-01 01:12:56,963 [pool-57-thread-1] INFO  server.RaftServerConfigKeys (ConfUtils.java:logGet(43)) - raft.server.log.statemachine.data.sync = true (default)
2019-11-01 01:12:56,964 [pool-27-thread-1] INFO  server.RaftServerConfigKeys (ConfUtils.java:logGet(43)) - raft.server.log.force.sync.num = 128 (default)
2019-11-01 01:12:56,964 [pool-57-thread-1] INFO  server.RaftServerConfigKeys (ConfUtils.java:logGet(43)) - raft.server.log.statemachine.data.sync.timeout = 10s (default)
2019-11-01 01:12:56,964 [pool-27-thread-1] INFO  server.RaftServerConfigKeys (ConfUtils.java:logGet(43)) - raft.server.log.statemachine.data.sync = true (default)
2019-11-01 01:12:56,964 [pool-57-thread-1] INFO  server.RaftServerConfigKeys (ConfUtils.java:logGet(43)) - raft.server.log.statemachine.data.sync.timeout.retry = -1 (default)
2019-11-01 01:12:56,964 [pool-27-thread-1] INFO  server.RaftServerConfigKeys (ConfUtils.java:logGet(43)) - raft.server.log.statemachine.data.sync.timeout = 10s (default)
2019-11-01 01:12:56,964 [pool-57-thread-1] INFO  server.RaftServerConfigKeys (ConfUtils.java:logGet(43)) - raft.server.log.statemachine.data.caching.enabled = true (custom)
2019-11-01 01:12:56,964 [pool-27-thread-1] INFO  server.RaftServerConfigKeys (ConfUtils.java:logGet(43)) - raft.server.log.statemachine.data.sync.timeout.retry = -1 (default)
2019-11-01 01:12:56,964 [pool-57-thread-1] INFO  segmented.SegmentedRaftLogWorker (SegmentedRaftLogWorker.java:lambda$new$0(128)) - 51058dee-2090-47d5-a97d-c0799d97638e@group-CFB45348687A-SegmentedRaftLogWorker: flushIndex: setUnconditionally 0 -> -1
2019-11-01 01:12:56,964 [pool-27-thread-1] INFO  server.RaftServerConfigKeys (ConfUtils.java:logGet(43)) - raft.server.log.statemachine.data.caching.enabled = true (custom)
2019-11-01 01:12:56,965 [pool-57-thread-1] INFO  server.RaftServerConfigKeys (ConfUtils.java:logGet(43)) - raft.server.snapshot.auto.trigger.enabled = true (custom)
2019-11-01 01:12:56,965 [pool-57-thread-1] INFO  server.RaftServerConfigKeys (ConfUtils.java:logGet(43)) - raft.server.snapshot.auto.trigger.threshold = 10000 (custom)
2019-11-01 01:12:56,965 [pool-27-thread-1] INFO  segmented.SegmentedRaftLogWorker (SegmentedRaftLogWorker.java:lambda$new$0(128)) - f0e69bc2-b789-4d66-87b3-68450bbfadd1@group-CFB45348687A-SegmentedRaftLogWorker: flushIndex: setUnconditionally 0 -> -1
2019-11-01 01:12:56,965 [pool-57-thread-1] INFO  server.RaftServerConfigKeys (ConfUtils.java:logGet(43)) - raft.server.snapshot.retention.file.num = 5 (custom)
2019-11-01 01:12:56,965 [pool-27-thread-1] INFO  server.RaftServerConfigKeys (ConfUtils.java:logGet(43)) - raft.server.snapshot.auto.trigger.enabled = true (custom)
2019-11-01 01:12:56,965 [pool-57-thread-1] INFO  server.RaftServerConfigKeys (ConfUtils.java:logGet(43)) - raft.server.retrycache.expirytime = 600000ms (custom)
2019-11-01 01:12:56,965 [pool-27-thread-1] INFO  server.RaftServerConfigKeys (ConfUtils.java:logGet(43)) - raft.server.snapshot.auto.trigger.threshold = 10000 (custom)
2019-11-01 01:12:56,965 [pool-27-thread-1] INFO  server.RaftServerConfigKeys (ConfUtils.java:logGet(43)) - raft.server.snapshot.retention.file.num = 5 (custom)
2019-11-01 01:12:56,965 [pool-57-thread-1] WARN  impl.MetricRegistriesImpl (MetricRegistriesImpl.java:lambda$create$1(61)) - First MetricRegistry has been created without registering reporters. You may need to call MetricRegistries.global().addReportRegistration(...) before.
2019-11-01 01:12:56,966 [pool-27-thread-1] INFO  server.RaftServerConfigKeys (ConfUtils.java:logGet(43)) - raft.server.retrycache.expirytime = 600000ms (custom)
2019-11-01 01:12:56,966 [pool-57-thread-1] WARN  impl.MetricRegistriesImpl (MetricRegistriesImpl.java:lambda$create$1(61)) - First MetricRegistry has been created without registering reporters. You may need to call MetricRegistries.global().addReportRegistration(...) before.
2019-11-01 01:12:56,966 [pool-27-thread-1] WARN  impl.MetricRegistriesImpl (MetricRegistriesImpl.java:lambda$create$1(61)) - First MetricRegistry has been created without registering reporters. You may need to call MetricRegistries.global().addReportRegistration(...) before.
2019-11-01 01:12:56,966 [pool-27-thread-1] WARN  impl.MetricRegistriesImpl (MetricRegistriesImpl.java:lambda$create$1(61)) - First MetricRegistry has been created without registering reporters. You may need to call MetricRegistries.global().addReportRegistration(...) before.
2019-11-01 01:12:56,966 [pool-57-thread-1] INFO  impl.RaftServerImpl (RaftServerImpl.java:start(184)) - 51058dee-2090-47d5-a97d-c0799d97638e@group-7441A65FF976: start as a follower, conf=-1: [51058dee-2090-47d5-a97d-c0799d97638e:192.168.157.211:34007, f0e69bc2-b789-4d66-87b3-68450bbfadd1:192.168.157.211:45838, b0d7b968-1d99-44d0-9f45-0cc9cf357355:192.168.157.211:34108], old=null
2019-11-01 01:12:56,966 [pool-27-thread-1] INFO  impl.RaftServerImpl (RaftServerImpl.java:start(184)) - f0e69bc2-b789-4d66-87b3-68450bbfadd1@group-A0882977570B: start as a follower, conf=-1: [51058dee-2090-47d5-a97d-c0799d97638e:192.168.157.211:34007, f0e69bc2-b789-4d66-87b3-68450bbfadd1:192.168.157.211:45838, b0d7b968-1d99-44d0-9f45-0cc9cf357355:192.168.157.211:34108], old=null
2019-11-01 01:12:56,966 [pool-57-thread-1] INFO  impl.RaftServerImpl (RaftServerImpl.java:setRole(173)) - 51058dee-2090-47d5-a97d-c0799d97638e@group-7441A65FF976: changes role from      null to FOLLOWER at term 0 for startAsFollower
2019-11-01 01:12:56,966 [pool-27-thread-1] INFO  impl.RaftServerImpl (RaftServerImpl.java:setRole(173)) - f0e69bc2-b789-4d66-87b3-68450bbfadd1@group-A0882977570B: changes role from      null to FOLLOWER at term 0 for startAsFollower
2019-11-01 01:12:56,967 [pool-57-thread-1] INFO  impl.RoleInfo (RoleInfo.java:updateAndGet(143)) - 51058dee-2090-47d5-a97d-c0799d97638e: start FollowerState
2019-11-01 01:12:56,967 [pool-27-thread-1] INFO  impl.RoleInfo (RoleInfo.java:updateAndGet(143)) - f0e69bc2-b789-4d66-87b3-68450bbfadd1: start FollowerState
2019-11-01 01:12:56,967 [pool-57-thread-1] INFO  util.JmxRegister (JmxRegister.java:tryRegister(44)) - Successfully registered JMX Bean with object name Ratis:service=RaftServer,group=group-7441A65FF976,id=51058dee-2090-47d5-a97d-c0799d97638e
2019-11-01 01:12:56,967 [pool-27-thread-1] INFO  util.JmxRegister (JmxRegister.java:tryRegister(44)) - Successfully registered JMX Bean with object name Ratis:service=RaftServer,group=group-A0882977570B,id=f0e69bc2-b789-4d66-87b3-68450bbfadd1
2019-11-01 01:12:56,967 [pool-57-thread-1] WARN  impl.MetricRegistriesImpl (MetricRegistriesImpl.java:lambda$create$1(61)) - First MetricRegistry has been created without registering reporters. You may need to call MetricRegistries.global().addReportRegistration(...) before.
2019-11-01 01:12:56,968 [pool-27-thread-1] WARN  impl.MetricRegistriesImpl (MetricRegistriesImpl.java:lambda$create$1(61)) - First MetricRegistry has been created without registering reporters. You may need to call MetricRegistries.global().addReportRegistration(...) before.
2019-11-01 01:12:56,968 [pool-57-thread-1] INFO  impl.RaftServerImpl (RaftServerImpl.java:start(184)) - 51058dee-2090-47d5-a97d-c0799d97638e@group-2301CEC5FA3B: start as a follower, conf=-1: [51058dee-2090-47d5-a97d-c0799d97638e:192.168.157.211:34007, f0e69bc2-b789-4d66-87b3-68450bbfadd1:192.168.157.211:45838, b0d7b968-1d99-44d0-9f45-0cc9cf357355:192.168.157.211:34108], old=null
2019-11-01 01:12:56,969 [pool-27-thread-1] INFO  impl.RaftServerImpl (RaftServerImpl.java:start(184)) - f0e69bc2-b789-4d66-87b3-68450bbfadd1@group-7441A65FF976: start as a follower, conf=-1: [51058dee-2090-47d5-a97d-c0799d97638e:192.168.157.211:34007, f0e69bc2-b789-4d66-87b3-68450bbfadd1:192.168.157.211:45838, b0d7b968-1d99-44d0-9f45-0cc9cf357355:192.168.157.211:34108], old=null
2019-11-01 01:12:56,969 [pool-57-thread-1] INFO  impl.RaftServerImpl (RaftServerImpl.java:setRole(173)) - 51058dee-2090-47d5-a97d-c0799d97638e@group-2301CEC5FA3B: changes role from      null to FOLLOWER at term 0 for startAsFollower
2019-11-01 01:12:56,969 [pool-27-thread-1] INFO  impl.RaftServerImpl (RaftServerImpl.java:setRole(173)) - f0e69bc2-b789-4d66-87b3-68450bbfadd1@group-7441A65FF976: changes role from      null to FOLLOWER at term 0 for startAsFollower
2019-11-01 01:12:56,969 [pool-57-thread-1] INFO  impl.RoleInfo (RoleInfo.java:updateAndGet(143)) - 51058dee-2090-47d5-a97d-c0799d97638e: start FollowerState
2019-11-01 01:12:56,969 [pool-27-thread-1] INFO  impl.RoleInfo (RoleInfo.java:updateAndGet(143)) - f0e69bc2-b789-4d66-87b3-68450bbfadd1: start FollowerState
2019-11-01 01:12:56,969 [pool-57-thread-1] INFO  util.JmxRegister (JmxRegister.java:tryRegister(44)) - Successfully registered JMX Bean with object name Ratis:service=RaftServer,group=group-2301CEC5FA3B,id=51058dee-2090-47d5-a97d-c0799d97638e
2019-11-01 01:12:56,974 [pool-27-thread-1] INFO  util.JmxRegister (JmxRegister.java:tryRegister(44)) - Successfully registered JMX Bean with object name Ratis:service=RaftServer,group=group-7441A65FF976,id=f0e69bc2-b789-4d66-87b3-68450bbfadd1
2019-11-01 01:12:56,974 [pool-57-thread-1] WARN  impl.MetricRegistriesImpl (MetricRegistriesImpl.java:lambda$create$1(61)) - First MetricRegistry has been created without registering reporters. You may need to call MetricRegistries.global().addReportRegistration(...) before.
2019-11-01 01:12:56,974 [pool-27-thread-1] WARN  impl.MetricRegistriesImpl (MetricRegistriesImpl.java:lambda$create$1(61)) - First MetricRegistry has been created without registering reporters. You may need to call MetricRegistries.global().addReportRegistration(...) before.
2019-11-01 01:12:56,975 [pool-57-thread-1] INFO  impl.RaftServerImpl (RaftServerImpl.java:start(184)) - 51058dee-2090-47d5-a97d-c0799d97638e@group-CFB45348687A: start as a follower, conf=-1: [51058dee-2090-47d5-a97d-c0799d97638e:192.168.157.211:34007, f0e69bc2-b789-4d66-87b3-68450bbfadd1:192.168.157.211:45838, b0d7b968-1d99-44d0-9f45-0cc9cf357355:192.168.157.211:34108], old=null
2019-11-01 01:12:56,978 [pool-27-thread-1] INFO  impl.RaftServerImpl (RaftServerImpl.java:start(184)) - f0e69bc2-b789-4d66-87b3-68450bbfadd1@group-2301CEC5FA3B: start as a follower, conf=-1: [51058dee-2090-47d5-a97d-c0799d97638e:192.168.157.211:34007, f0e69bc2-b789-4d66-87b3-68450bbfadd1:192.168.157.211:45838, b0d7b968-1d99-44d0-9f45-0cc9cf357355:192.168.157.211:34108], old=null
2019-11-01 01:12:56,978 [pool-57-thread-1] INFO  impl.RaftServerImpl (RaftServerImpl.java:setRole(173)) - 51058dee-2090-47d5-a97d-c0799d97638e@group-CFB45348687A: changes role from      null to FOLLOWER at term 0 for startAsFollower
2019-11-01 01:12:56,978 [pool-27-thread-1] INFO  impl.RaftServerImpl (RaftServerImpl.java:setRole(173)) - f0e69bc2-b789-4d66-87b3-68450bbfadd1@group-2301CEC5FA3B: changes role from      null to FOLLOWER at term 0 for startAsFollower
2019-11-01 01:12:56,978 [pool-57-thread-1] INFO  impl.RoleInfo (RoleInfo.java:updateAndGet(143)) - 51058dee-2090-47d5-a97d-c0799d97638e: start FollowerState
2019-11-01 01:12:56,979 [pool-27-thread-1] INFO  impl.RoleInfo (RoleInfo.java:updateAndGet(143)) - f0e69bc2-b789-4d66-87b3-68450bbfadd1: start FollowerState
2019-11-01 01:12:56,979 [pool-27-thread-1] INFO  util.JmxRegister (JmxRegister.java:tryRegister(44)) - Successfully registered JMX Bean with object name Ratis:service=RaftServer,group=group-2301CEC5FA3B,id=f0e69bc2-b789-4d66-87b3-68450bbfadd1
2019-11-01 01:12:56,979 [pool-57-thread-1] INFO  util.JmxRegister (JmxRegister.java:tryRegister(44)) - Successfully registered JMX Bean with object name Ratis:service=RaftServer,group=group-CFB45348687A,id=51058dee-2090-47d5-a97d-c0799d97638e
2019-11-01 01:12:56,979 [pool-27-thread-1] WARN  impl.MetricRegistriesImpl (MetricRegistriesImpl.java:lambda$create$1(61)) - First MetricRegistry has been created without registering reporters. You may need to call MetricRegistries.global().addReportRegistration(...) before.
2019-11-01 01:12:56,979 [pool-57-thread-1] WARN  impl.MetricRegistriesImpl (MetricRegistriesImpl.java:lambda$create$1(61)) - First MetricRegistry has been created without registering reporters. You may need to call MetricRegistries.global().addReportRegistration(...) before.
2019-11-01 01:12:56,980 [pool-27-thread-1] INFO  impl.RaftServerImpl (RaftServerImpl.java:start(184)) - f0e69bc2-b789-4d66-87b3-68450bbfadd1@group-CFB45348687A: start as a follower, conf=-1: [51058dee-2090-47d5-a97d-c0799d97638e:192.168.157.211:34007, f0e69bc2-b789-4d66-87b3-68450bbfadd1:192.168.157.211:45838, b0d7b968-1d99-44d0-9f45-0cc9cf357355:192.168.157.211:34108], old=null
2019-11-01 01:12:56,980 [pool-27-thread-1] INFO  impl.RaftServerImpl (RaftServerImpl.java:setRole(173)) - f0e69bc2-b789-4d66-87b3-68450bbfadd1@group-CFB45348687A: changes role from      null to FOLLOWER at term 0 for startAsFollower
2019-11-01 01:12:56,980 [pool-27-thread-1] INFO  impl.RoleInfo (RoleInfo.java:updateAndGet(143)) - f0e69bc2-b789-4d66-87b3-68450bbfadd1: start FollowerState
2019-11-01 01:12:56,980 [pool-27-thread-1] INFO  util.JmxRegister (JmxRegister.java:tryRegister(44)) - Successfully registered JMX Bean with object name Ratis:service=RaftServer,group=group-CFB45348687A,id=f0e69bc2-b789-4d66-87b3-68450bbfadd1
2019-11-01 01:12:56,981 [pool-27-thread-1] WARN  impl.MetricRegistriesImpl (MetricRegistriesImpl.java:lambda$create$1(61)) - First MetricRegistry has been created without registering reporters. You may need to call MetricRegistries.global().addReportRegistration(...) before.
2019-11-01 01:12:56,995 [IPC Server handler 18 on 34347] INFO  pipeline.PipelineStateManager (PipelineStateManager.java:addPipeline(56)) - Created pipeline Pipeline[ Id: ba9c9882-f4c7-4a93-a964-cfb45348687a, Nodes: f0e69bc2-b789-4d66-87b3-68450bbfadd1{ip: 192.168.157.211, host: pr-hdds-2364-master-k27gz-2975546514, networkLocation: /default-rack, certSerialId: null}51058dee-2090-47d5-a97d-c0799d97638e{ip: 192.168.157.211, host: pr-hdds-2364-master-k27gz-2975546514, networkLocation: /default-rack, certSerialId: null}b0d7b968-1d99-44d0-9f45-0cc9cf357355{ip: 192.168.157.211, host: pr-hdds-2364-master-k27gz-2975546514, networkLocation: /default-rack, certSerialId: null}, Type:RATIS, Factor:THREE, State:OPEN]
2019-11-01 01:12:57,018 [pool-73-thread-3] ERROR freon.RandomKeyGenerator (RandomKeyGenerator.java:createKey(735)) - Exception while adding key: key-0-88094 in bucket: bucket-0-21131 of volume: vol-0-57156.
INTERNAL_ERROR org.apache.hadoop.ozone.om.exceptions.OMException: Allocated 1 blocks. Requested 5 blocks
	at org.apache.hadoop.ozone.om.protocolPB.OzoneManagerProtocolClientSideTranslatorPB.handleError(OzoneManagerProtocolClientSideTranslatorPB.java:732)
	at org.apache.hadoop.ozone.om.protocolPB.OzoneManagerProtocolClientSideTranslatorPB.openKey(OzoneManagerProtocolClientSideTranslatorPB.java:723)
	at sun.reflect.NativeMethodAccessorImpl.invoke0(Native Method)
	at sun.reflect.NativeMethodAccessorImpl.invoke(NativeMethodAccessorImpl.java:62)
	at sun.reflect.DelegatingMethodAccessorImpl.invoke(DelegatingMethodAccessorImpl.java:43)
	at java.lang.reflect.Method.invoke(Method.java:498)
	at org.apache.hadoop.hdds.tracing.TraceAllMethod.invoke(TraceAllMethod.java:66)
	at com.sun.proxy.$Proxy37.openKey(Unknown Source)
	at org.apache.hadoop.ozone.client.rpc.RpcClient.createKey(RpcClient.java:633)
	at org.apache.hadoop.ozone.client.OzoneBucket.createKey(OzoneBucket.java:325)
	at org.apache.hadoop.ozone.freon.RandomKeyGenerator.createKey(RandomKeyGenerator.java:697)
	at org.apache.hadoop.ozone.freon.RandomKeyGenerator.access$1100(RandomKeyGenerator.java:88)
	at org.apache.hadoop.ozone.freon.RandomKeyGenerator$ObjectCreator.run(RandomKeyGenerator.java:615)
	at java.util.concurrent.Executors$RunnableAdapter.call(Executors.java:511)
	at java.util.concurrent.FutureTask.run(FutureTask.java:266)
	at java.util.concurrent.ThreadPoolExecutor.runWorker(ThreadPoolExecutor.java:1149)
	at java.util.concurrent.ThreadPoolExecutor$Worker.run(ThreadPoolExecutor.java:624)
	at java.lang.Thread.run(Thread.java:748)
2019-11-01 01:12:57,601 [Thread-280] INFO  impl.FollowerState (FollowerState.java:run(111)) - b0d7b968-1d99-44d0-9f45-0cc9cf357355@group-ADD962C510C7-FollowerState: change to CANDIDATE, lastRpcTime:5021ms, electionTimeout:5019ms
2019-11-01 01:12:57,603 [Thread-280] INFO  impl.RoleInfo (RoleInfo.java:shutdownFollowerState(121)) - b0d7b968-1d99-44d0-9f45-0cc9cf357355: shutdown FollowerState
2019-11-01 01:12:57,603 [Thread-280] INFO  impl.RaftServerImpl (RaftServerImpl.java:setRole(173)) - b0d7b968-1d99-44d0-9f45-0cc9cf357355@group-ADD962C510C7: changes role from  FOLLOWER to CANDIDATE at term 1 for changeToCandidate
2019-11-01 01:12:57,604 [Thread-280] INFO  impl.RoleInfo (RoleInfo.java:updateAndGet(143)) - b0d7b968-1d99-44d0-9f45-0cc9cf357355: start LeaderElection
2019-11-01 01:12:57,620 [b0d7b968-1d99-44d0-9f45-0cc9cf357355@group-ADD962C510C7-LeaderElection10] INFO  impl.LeaderElection (LeaderElection.java:askForVotes(178)) - b0d7b968-1d99-44d0-9f45-0cc9cf357355@group-ADD962C510C7-LeaderElection10: begin an election at term 2 for -1: [51058dee-2090-47d5-a97d-c0799d97638e:192.168.157.211:34007, f0e69bc2-b789-4d66-87b3-68450bbfadd1:192.168.157.211:45838, b0d7b968-1d99-44d0-9f45-0cc9cf357355:192.168.157.211:34108], old=null
2019-11-01 01:12:57,630 [grpc-default-executor-3] INFO  impl.RaftServerImpl (RaftServerImpl.java:setRole(173)) - 51058dee-2090-47d5-a97d-c0799d97638e@group-ADD962C510C7: changes role from  FOLLOWER to FOLLOWER at term 2 for recognizeCandidate:b0d7b968-1d99-44d0-9f45-0cc9cf357355
2019-11-01 01:12:57,631 [grpc-default-executor-3] INFO  impl.RoleInfo (RoleInfo.java:shutdownFollowerState(121)) - 51058dee-2090-47d5-a97d-c0799d97638e: shutdown FollowerState
2019-11-01 01:12:57,632 [grpc-default-executor-0] INFO  impl.RaftServerImpl (RaftServerImpl.java:setRole(173)) - f0e69bc2-b789-4d66-87b3-68450bbfadd1@group-ADD962C510C7: changes role from  FOLLOWER to FOLLOWER at term 2 for recognizeCandidate:b0d7b968-1d99-44d0-9f45-0cc9cf357355
2019-11-01 01:12:57,632 [grpc-default-executor-3] INFO  impl.RoleInfo (RoleInfo.java:updateAndGet(143)) - 51058dee-2090-47d5-a97d-c0799d97638e: start FollowerState
2019-11-01 01:12:57,632 [Thread-279] INFO  impl.FollowerState (FollowerState.java:run(120)) - 51058dee-2090-47d5-a97d-c0799d97638e@group-ADD962C510C7-FollowerState was interrupted: java.lang.InterruptedException: sleep interrupted
2019-11-01 01:12:57,632 [grpc-default-executor-0] INFO  impl.RoleInfo (RoleInfo.java:shutdownFollowerState(121)) - f0e69bc2-b789-4d66-87b3-68450bbfadd1: shutdown FollowerState
2019-11-01 01:12:57,634 [Thread-308] INFO  impl.FollowerState (FollowerState.java:run(120)) - f0e69bc2-b789-4d66-87b3-68450bbfadd1@group-ADD962C510C7-FollowerState was interrupted: java.lang.InterruptedException: sleep interrupted
2019-11-01 01:12:57,634 [grpc-default-executor-0] INFO  impl.RoleInfo (RoleInfo.java:updateAndGet(143)) - f0e69bc2-b789-4d66-87b3-68450bbfadd1: start FollowerState
2019-11-01 01:12:57,651 [b0d7b968-1d99-44d0-9f45-0cc9cf357355@group-ADD962C510C7-LeaderElection10] INFO  impl.LeaderElection (LeaderElection.java:logAndReturn(56)) - b0d7b968-1d99-44d0-9f45-0cc9cf357355@group-ADD962C510C7-LeaderElection10: Election PASSED; received 1 response(s) [b0d7b968-1d99-44d0-9f45-0cc9cf357355<-51058dee-2090-47d5-a97d-c0799d97638e#0:OK-t2] and 0 exception(s); b0d7b968-1d99-44d0-9f45-0cc9cf357355@group-ADD962C510C7:t2, leader=null, voted=b0d7b968-1d99-44d0-9f45-0cc9cf357355, raftlog=b0d7b968-1d99-44d0-9f45-0cc9cf357355@group-ADD962C510C7-SegmentedRaftLog:OPENED:c-1,f-1,i0, conf=-1: [51058dee-2090-47d5-a97d-c0799d97638e:192.168.157.211:34007, f0e69bc2-b789-4d66-87b3-68450bbfadd1:192.168.157.211:45838, b0d7b968-1d99-44d0-9f45-0cc9cf357355:192.168.157.211:34108], old=null
2019-11-01 01:12:57,651 [b0d7b968-1d99-44d0-9f45-0cc9cf357355@group-ADD962C510C7-LeaderElection10] INFO  impl.RoleInfo (RoleInfo.java:shutdownLeaderElection(134)) - b0d7b968-1d99-44d0-9f45-0cc9cf357355: shutdown LeaderElection
2019-11-01 01:12:57,653 [b0d7b968-1d99-44d0-9f45-0cc9cf357355@group-ADD962C510C7-LeaderElection10] INFO  impl.RaftServerImpl (RaftServerImpl.java:setRole(173)) - b0d7b968-1d99-44d0-9f45-0cc9cf357355@group-ADD962C510C7: changes role from CANDIDATE to LEADER at term 2 for changeToLeader
2019-11-01 01:12:57,653 [b0d7b968-1d99-44d0-9f45-0cc9cf357355@group-ADD962C510C7-LeaderElection10] INFO  impl.RaftServerImpl (ServerState.java:setLeader(255)) - b0d7b968-1d99-44d0-9f45-0cc9cf357355@group-ADD962C510C7: change Leader from null to b0d7b968-1d99-44d0-9f45-0cc9cf357355 at term 2 for becomeLeader, leader elected after 13172ms
2019-11-01 01:12:57,654 [b0d7b968-1d99-44d0-9f45-0cc9cf357355@group-ADD962C510C7-LeaderElection10] INFO  server.RaftServerConfigKeys (ConfUtils.java:logGet(43)) - raft.server.staging.catchup.gap = 1000 (default)
2019-11-01 01:12:57,654 [b0d7b968-1d99-44d0-9f45-0cc9cf357355@group-ADD962C510C7-LeaderElection10] INFO  server.RaftServerConfigKeys (ConfUtils.java:logGet(43)) - raft.server.rpc.sleep.time = 25ms (default)
2019-11-01 01:12:57,654 [b0d7b968-1d99-44d0-9f45-0cc9cf357355@group-ADD962C510C7-LeaderElection10] INFO  server.RaftServerConfigKeys (ConfUtils.java:logGet(43)) - raft.server.write.element-limit = 4096 (default)
2019-11-01 01:12:57,654 [b0d7b968-1d99-44d0-9f45-0cc9cf357355@group-ADD962C510C7-LeaderElection10] INFO  server.RaftServerConfigKeys (ConfUtils.java:logGet(43)) - raft.server.watch.timeout = 10s (default)
2019-11-01 01:12:57,654 [b0d7b968-1d99-44d0-9f45-0cc9cf357355@group-ADD962C510C7-LeaderElection10] INFO  server.RaftServerConfigKeys (ConfUtils.java:logGet(43)) - raft.server.watch.timeout.denomination = 1s (default)
2019-11-01 01:12:57,654 [b0d7b968-1d99-44d0-9f45-0cc9cf357355@group-ADD962C510C7-LeaderElection10] INFO  server.RaftServerConfigKeys (ConfUtils.java:logGet(43)) - raft.server.watch.element-limit = 65536 (default)
2019-11-01 01:12:57,655 [b0d7b968-1d99-44d0-9f45-0cc9cf357355@group-ADD962C510C7-LeaderElection10] INFO  server.RaftServerConfigKeys (ConfUtils.java:logGet(43)) - raft.server.log.appender.snapshot.chunk.size.max = 16MB (=16777216) (default)
2019-11-01 01:12:57,655 [b0d7b968-1d99-44d0-9f45-0cc9cf357355@group-ADD962C510C7-LeaderElection10] INFO  server.RaftServerConfigKeys (ConfUtils.java:logGet(43)) - raft.server.log.appender.buffer.byte-limit = 33554432 (custom)
2019-11-01 01:12:57,655 [b0d7b968-1d99-44d0-9f45-0cc9cf357355@group-ADD962C510C7-LeaderElection10] INFO  server.RaftServerConfigKeys (ConfUtils.java:logGet(43)) - raft.server.log.appender.buffer.element-limit = 1 (custom)
2019-11-01 01:12:57,655 [b0d7b968-1d99-44d0-9f45-0cc9cf357355@group-ADD962C510C7-LeaderElection10] INFO  grpc.GrpcConfigKeys$Server (ConfUtils.java:logGet(43)) - raft.grpc.server.leader.outstanding.appends.max = 128 (default)
2019-11-01 01:12:57,657 [b0d7b968-1d99-44d0-9f45-0cc9cf357355@group-ADD962C510C7-LeaderElection10] INFO  server.RaftServerConfigKeys (ConfUtils.java:logGet(43)) - raft.server.rpc.request.timeout = 3000ms (default)
2019-11-01 01:12:57,657 [b0d7b968-1d99-44d0-9f45-0cc9cf357355@group-ADD962C510C7-LeaderElection10] INFO  server.RaftServerConfigKeys (ConfUtils.java:logGet(43)) - raft.server.log.appender.install.snapshot.enabled = false (custom)
2019-11-01 01:12:57,657 [b0d7b968-1d99-44d0-9f45-0cc9cf357355@group-ADD962C510C7-LeaderElection10] WARN  impl.MetricRegistriesImpl (MetricRegistriesImpl.java:lambda$create$1(61)) - First MetricRegistry has been created without registering reporters. You may need to call MetricRegistries.global().addReportRegistration(...) before.
2019-11-01 01:12:57,657 [b0d7b968-1d99-44d0-9f45-0cc9cf357355@group-ADD962C510C7-LeaderElection10] INFO  server.RaftServerConfigKeys (ConfUtils.java:logGet(43)) - raft.server.log.appender.snapshot.chunk.size.max = 16MB (=16777216) (default)
2019-11-01 01:12:57,657 [b0d7b968-1d99-44d0-9f45-0cc9cf357355@group-ADD962C510C7-LeaderElection10] INFO  server.RaftServerConfigKeys (ConfUtils.java:logGet(43)) - raft.server.log.appender.buffer.byte-limit = 33554432 (custom)
2019-11-01 01:12:57,658 [b0d7b968-1d99-44d0-9f45-0cc9cf357355@group-ADD962C510C7-LeaderElection10] INFO  server.RaftServerConfigKeys (ConfUtils.java:logGet(43)) - raft.server.log.appender.buffer.element-limit = 1 (custom)
2019-11-01 01:12:57,658 [b0d7b968-1d99-44d0-9f45-0cc9cf357355@group-ADD962C510C7-LeaderElection10] INFO  grpc.GrpcConfigKeys$Server (ConfUtils.java:logGet(43)) - raft.grpc.server.leader.outstanding.appends.max = 128 (default)
2019-11-01 01:12:57,658 [b0d7b968-1d99-44d0-9f45-0cc9cf357355@group-ADD962C510C7-LeaderElection10] INFO  server.RaftServerConfigKeys (ConfUtils.java:logGet(43)) - raft.server.rpc.request.timeout = 3000ms (default)
2019-11-01 01:12:57,658 [b0d7b968-1d99-44d0-9f45-0cc9cf357355@group-ADD962C510C7-LeaderElection10] INFO  server.RaftServerConfigKeys (ConfUtils.java:logGet(43)) - raft.server.log.appender.install.snapshot.enabled = false (custom)
2019-11-01 01:12:57,658 [b0d7b968-1d99-44d0-9f45-0cc9cf357355@group-ADD962C510C7-LeaderElection10] INFO  impl.RoleInfo (RoleInfo.java:updateAndGet(143)) - b0d7b968-1d99-44d0-9f45-0cc9cf357355: start LeaderState
2019-11-01 01:12:57,659 [b0d7b968-1d99-44d0-9f45-0cc9cf357355@group-ADD962C510C7-LeaderElection10] INFO  segmented.SegmentedRaftLogWorker (SegmentedRaftLogWorker.java:startLogSegment(385)) - b0d7b968-1d99-44d0-9f45-0cc9cf357355@group-ADD962C510C7-SegmentedRaftLogWorker: Starting segment from index:0
2019-11-01 01:12:57,660 [b0d7b968-1d99-44d0-9f45-0cc9cf357355@group-ADD962C510C7-LeaderElection10] INFO  impl.RaftServerImpl (ServerState.java:setRaftConf(356)) - b0d7b968-1d99-44d0-9f45-0cc9cf357355@group-ADD962C510C7: set configuration 0: [51058dee-2090-47d5-a97d-c0799d97638e:192.168.157.211:34007, f0e69bc2-b789-4d66-87b3-68450bbfadd1:192.168.157.211:45838, b0d7b968-1d99-44d0-9f45-0cc9cf357355:192.168.157.211:34108], old=null at 0
2019-11-01 01:12:57,698 [grpc-default-executor-0] INFO  impl.RaftServerImpl (ServerState.java:setLeader(255)) - 51058dee-2090-47d5-a97d-c0799d97638e@group-ADD962C510C7: change Leader from null to b0d7b968-1d99-44d0-9f45-0cc9cf357355 at term 2 for appendEntries, leader elected after 13217ms
2019-11-01 01:12:57,702 [grpc-default-executor-3] INFO  impl.RaftServerImpl (ServerState.java:setLeader(255)) - f0e69bc2-b789-4d66-87b3-68450bbfadd1@group-ADD962C510C7: change Leader from null to b0d7b968-1d99-44d0-9f45-0cc9cf357355 at term 2 for appendEntries, leader elected after 8203ms
2019-11-01 01:12:57,706 [grpc-default-executor-3] INFO  impl.RaftServerImpl (ServerState.java:setRaftConf(356)) - 51058dee-2090-47d5-a97d-c0799d97638e@group-ADD962C510C7: set configuration 0: [51058dee-2090-47d5-a97d-c0799d97638e:192.168.157.211:34007, f0e69bc2-b789-4d66-87b3-68450bbfadd1:192.168.157.211:45838, b0d7b968-1d99-44d0-9f45-0cc9cf357355:192.168.157.211:34108], old=null at 0
2019-11-01 01:12:57,706 [grpc-default-executor-3] INFO  segmented.SegmentedRaftLogWorker (SegmentedRaftLogWorker.java:startLogSegment(385)) - 51058dee-2090-47d5-a97d-c0799d97638e@group-ADD962C510C7-SegmentedRaftLogWorker: Starting segment from index:0
2019-11-01 01:12:57,707 [grpc-default-executor-0] INFO  impl.RaftServerImpl (ServerState.java:setRaftConf(356)) - f0e69bc2-b789-4d66-87b3-68450bbfadd1@group-ADD962C510C7: set configuration 0: [51058dee-2090-47d5-a97d-c0799d97638e:192.168.157.211:34007, f0e69bc2-b789-4d66-87b3-68450bbfadd1:192.168.157.211:45838, b0d7b968-1d99-44d0-9f45-0cc9cf357355:192.168.157.211:34108], old=null at 0
2019-11-01 01:12:57,707 [grpc-default-executor-0] INFO  segmented.SegmentedRaftLogWorker (SegmentedRaftLogWorker.java:startLogSegment(385)) - f0e69bc2-b789-4d66-87b3-68450bbfadd1@group-ADD962C510C7-SegmentedRaftLogWorker: Starting segment from index:0
2019-11-01 01:12:57,708 [b0d7b968-1d99-44d0-9f45-0cc9cf357355@group-ADD962C510C7-SegmentedRaftLogWorker] INFO  segmented.SegmentedRaftLogWorker (SegmentedRaftLogWorker.java:execute(576)) - b0d7b968-1d99-44d0-9f45-0cc9cf357355@group-ADD962C510C7-SegmentedRaftLogWorker: created new log segment /workdir/hadoop-ozone/tools/target/test-dir/MiniOzoneClusterImpl-7858d707-e611-49d6-9f20-09fa29eef7b7/datanode-2/data/ratis/e6bc29a8-66b1-427e-b61a-add962c510c7/current/log_inprogress_0
2019-11-01 01:12:57,746 [f0e69bc2-b789-4d66-87b3-68450bbfadd1@group-ADD962C510C7-SegmentedRaftLogWorker] INFO  segmented.SegmentedRaftLogWorker (SegmentedRaftLogWorker.java:execute(576)) - f0e69bc2-b789-4d66-87b3-68450bbfadd1@group-ADD962C510C7-SegmentedRaftLogWorker: created new log segment /workdir/hadoop-ozone/tools/target/test-dir/MiniOzoneClusterImpl-7858d707-e611-49d6-9f20-09fa29eef7b7/datanode-0/data/ratis/e6bc29a8-66b1-427e-b61a-add962c510c7/current/log_inprogress_0
2019-11-01 01:12:57,746 [51058dee-2090-47d5-a97d-c0799d97638e@group-ADD962C510C7-SegmentedRaftLogWorker] INFO  segmented.SegmentedRaftLogWorker (SegmentedRaftLogWorker.java:execute(576)) - 51058dee-2090-47d5-a97d-c0799d97638e@group-ADD962C510C7-SegmentedRaftLogWorker: created new log segment /workdir/hadoop-ozone/tools/target/test-dir/MiniOzoneClusterImpl-7858d707-e611-49d6-9f20-09fa29eef7b7/datanode-3/data/ratis/e6bc29a8-66b1-427e-b61a-add962c510c7/current/log_inprogress_0
 100.00% |?????????????????????????????????????????????????????????????????????????????????????????????????????|  1/1 Time: 0:00:25
2019-11-01 01:13:01,892 [Thread-301] INFO  impl.FollowerState (FollowerState.java:run(111)) - 51058dee-2090-47d5-a97d-c0799d97638e@group-C1642148D20B-FollowerState: change to CANDIDATE, lastRpcTime:5029ms, electionTimeout:5029ms
2019-11-01 01:13:01,892 [Thread-301] INFO  impl.RoleInfo (RoleInfo.java:shutdownFollowerState(121)) - 51058dee-2090-47d5-a97d-c0799d97638e: shutdown FollowerState
2019-11-01 01:13:01,892 [Thread-301] INFO  impl.RaftServerImpl (RaftServerImpl.java:setRole(173)) - 51058dee-2090-47d5-a97d-c0799d97638e@group-C1642148D20B: changes role from  FOLLOWER to CANDIDATE at term 1 for changeToCandidate
2019-11-01 01:13:01,893 [Thread-301] INFO  impl.RoleInfo (RoleInfo.java:updateAndGet(143)) - 51058dee-2090-47d5-a97d-c0799d97638e: start LeaderElection
2019-11-01 01:13:01,909 [Thread-295] INFO  impl.FollowerState (FollowerState.java:run(111)) - b0d7b968-1d99-44d0-9f45-0cc9cf357355@group-A0882977570B-FollowerState: change to CANDIDATE, lastRpcTime:5072ms, electionTimeout:5072ms
2019-11-01 01:13:01,909 [Thread-295] INFO  impl.RoleInfo (RoleInfo.java:shutdownFollowerState(121)) - b0d7b968-1d99-44d0-9f45-0cc9cf357355: shutdown FollowerState
2019-11-01 01:13:01,909 [Thread-295] INFO  impl.RaftServerImpl (RaftServerImpl.java:setRole(173)) - b0d7b968-1d99-44d0-9f45-0cc9cf357355@group-A0882977570B: changes role from  FOLLOWER to CANDIDATE at term 0 for changeToCandidate
2019-11-01 01:13:01,909 [Thread-295] INFO  impl.RoleInfo (RoleInfo.java:updateAndGet(143)) - b0d7b968-1d99-44d0-9f45-0cc9cf357355: start LeaderElection
2019-11-01 01:13:01,929 [Thread-303] INFO  impl.FollowerState (FollowerState.java:run(111)) - 51058dee-2090-47d5-a97d-c0799d97638e@group-A0882977570B-FollowerState: change to CANDIDATE, lastRpcTime:5024ms, electionTimeout:5024ms
2019-11-01 01:13:01,929 [Thread-303] INFO  impl.RoleInfo (RoleInfo.java:shutdownFollowerState(121)) - 51058dee-2090-47d5-a97d-c0799d97638e: shutdown FollowerState
2019-11-01 01:13:01,929 [Thread-303] INFO  impl.RaftServerImpl (RaftServerImpl.java:setRole(173)) - 51058dee-2090-47d5-a97d-c0799d97638e@group-A0882977570B: changes role from  FOLLOWER to CANDIDATE at term 0 for changeToCandidate
2019-11-01 01:13:01,930 [Thread-303] INFO  impl.RoleInfo (RoleInfo.java:updateAndGet(143)) - 51058dee-2090-47d5-a97d-c0799d97638e: start LeaderElection
2019-11-01 01:13:01,938 [Thread-300] INFO  impl.FollowerState (FollowerState.java:run(111)) - b0d7b968-1d99-44d0-9f45-0cc9cf357355@group-C1642148D20B-FollowerState: change to CANDIDATE, lastRpcTime:5082ms, electionTimeout:5077ms
2019-11-01 01:13:01,938 [Thread-300] INFO  impl.RoleInfo (RoleInfo.java:shutdownFollowerState(121)) - b0d7b968-1d99-44d0-9f45-0cc9cf357355: shutdown FollowerState
2019-11-01 01:13:01,938 [Thread-300] INFO  impl.RaftServerImpl (RaftServerImpl.java:setRole(173)) - b0d7b968-1d99-44d0-9f45-0cc9cf357355@group-C1642148D20B: changes role from  FOLLOWER to CANDIDATE at term 1 for changeToCandidate
2019-11-01 01:13:01,938 [Thread-300] INFO  impl.RoleInfo (RoleInfo.java:updateAndGet(143)) - b0d7b968-1d99-44d0-9f45-0cc9cf357355: start LeaderElection
2019-11-01 01:13:01,995 [Thread-322] INFO  impl.FollowerState (FollowerState.java:run(111)) - f0e69bc2-b789-4d66-87b3-68450bbfadd1@group-A0882977570B-FollowerState: change to CANDIDATE, lastRpcTime:5028ms, electionTimeout:5028ms
2019-11-01 01:13:01,996 [Thread-322] INFO  impl.RoleInfo (RoleInfo.java:shutdownFollowerState(121)) - f0e69bc2-b789-4d66-87b3-68450bbfadd1: shutdown FollowerState
2019-11-01 01:13:01,996 [Thread-322] INFO  impl.RaftServerImpl (RaftServerImpl.java:setRole(173)) - f0e69bc2-b789-4d66-87b3-68450bbfadd1@group-A0882977570B: changes role from  FOLLOWER to CANDIDATE at term 0 for changeToCandidate
2019-11-01 01:13:01,996 [Thread-322] INFO  impl.RoleInfo (RoleInfo.java:updateAndGet(143)) - f0e69bc2-b789-4d66-87b3-68450bbfadd1: start LeaderElection
2019-11-01 01:13:02,004 [Thread-333] INFO  impl.FollowerState (FollowerState.java:run(111)) - f0e69bc2-b789-4d66-87b3-68450bbfadd1@group-CFB45348687A-FollowerState: change to CANDIDATE, lastRpcTime:5023ms, electionTimeout:5023ms
2019-11-01 01:13:02,004 [Thread-333] INFO  impl.RoleInfo (RoleInfo.java:shutdownFollowerState(121)) - f0e69bc2-b789-4d66-87b3-68450bbfadd1: shutdown FollowerState
2019-11-01 01:13:02,004 [Thread-333] INFO  impl.RaftServerImpl (RaftServerImpl.java:setRole(173)) - f0e69bc2-b789-4d66-87b3-68450bbfadd1@group-CFB45348687A: changes role from  FOLLOWER to CANDIDATE at term 0 for changeToCandidate
2019-11-01 01:13:02,004 [Thread-333] INFO  impl.RoleInfo (RoleInfo.java:updateAndGet(143)) - f0e69bc2-b789-4d66-87b3-68450bbfadd1: start LeaderElection
2019-11-01 01:13:02,008 [Thread-329] INFO  impl.FollowerState (FollowerState.java:run(111)) - 51058dee-2090-47d5-a97d-c0799d97638e@group-CFB45348687A-FollowerState: change to CANDIDATE, lastRpcTime:5029ms, electionTimeout:5029ms
2019-11-01 01:13:02,009 [Thread-329] INFO  impl.RoleInfo (RoleInfo.java:shutdownFollowerState(121)) - 51058dee-2090-47d5-a97d-c0799d97638e: shutdown FollowerState
2019-11-01 01:13:02,009 [Thread-329] INFO  impl.RaftServerImpl (RaftServerImpl.java:setRole(173)) - 51058dee-2090-47d5-a97d-c0799d97638e@group-CFB45348687A: changes role from  FOLLOWER to CANDIDATE at term 0 for changeToCandidate
2019-11-01 01:13:02,009 [Thread-329] INFO  impl.RoleInfo (RoleInfo.java:updateAndGet(143)) - 51058dee-2090-47d5-a97d-c0799d97638e: start LeaderElection
2019-11-01 01:13:02,018 [Thread-325] INFO  impl.FollowerState (FollowerState.java:run(111)) - 51058dee-2090-47d5-a97d-c0799d97638e@group-2301CEC5FA3B-FollowerState: change to CANDIDATE, lastRpcTime:5048ms, electionTimeout:5044ms
2019-11-01 01:13:02,020 [Thread-325] INFO  impl.RoleInfo (RoleInfo.java:shutdownFollowerState(121)) - 51058dee-2090-47d5-a97d-c0799d97638e: shutdown FollowerState
2019-11-01 01:13:02,020 [Thread-325] INFO  impl.RaftServerImpl (RaftServerImpl.java:setRole(173)) - 51058dee-2090-47d5-a97d-c0799d97638e@group-2301CEC5FA3B: changes role from  FOLLOWER to CANDIDATE at term 0 for changeToCandidate
2019-11-01 01:13:02,020 [Thread-325] INFO  impl.RoleInfo (RoleInfo.java:updateAndGet(143)) - 51058dee-2090-47d5-a97d-c0799d97638e: start LeaderElection
2019-11-01 01:13:02,039 [Thread-313] INFO  impl.FollowerState (FollowerState.java:run(111)) - b0d7b968-1d99-44d0-9f45-0cc9cf357355@group-7441A65FF976-FollowerState: change to CANDIDATE, lastRpcTime:5098ms, electionTimeout:5098ms
2019-11-01 01:13:02,039 [Thread-313] INFO  impl.RoleInfo (RoleInfo.java:shutdownFollowerState(121)) - b0d7b968-1d99-44d0-9f45-0cc9cf357355: shutdown FollowerState
2019-11-01 01:13:02,039 [Thread-313] INFO  impl.RaftServerImpl (RaftServerImpl.java:setRole(173)) - b0d7b968-1d99-44d0-9f45-0cc9cf357355@group-7441A65FF976: changes role from  FOLLOWER to CANDIDATE at term 0 for changeToCandidate
2019-11-01 01:13:02,040 [Thread-313] INFO  impl.RoleInfo (RoleInfo.java:updateAndGet(143)) - b0d7b968-1d99-44d0-9f45-0cc9cf357355: start LeaderElection
2019-11-01 01:13:02,048 [Thread-326] INFO  impl.FollowerState (FollowerState.java:run(111)) - f0e69bc2-b789-4d66-87b3-68450bbfadd1@group-7441A65FF976-FollowerState: change to CANDIDATE, lastRpcTime:5079ms, electionTimeout:5079ms
2019-11-01 01:13:02,049 [Thread-326] INFO  impl.RoleInfo (RoleInfo.java:shutdownFollowerState(121)) - f0e69bc2-b789-4d66-87b3-68450bbfadd1: shutdown FollowerState
2019-11-01 01:13:02,049 [Thread-326] INFO  impl.RaftServerImpl (RaftServerImpl.java:setRole(173)) - f0e69bc2-b789-4d66-87b3-68450bbfadd1@group-7441A65FF976: changes role from  FOLLOWER to CANDIDATE at term 0 for changeToCandidate
2019-11-01 01:13:02,049 [Thread-326] INFO  impl.RoleInfo (RoleInfo.java:updateAndGet(143)) - f0e69bc2-b789-4d66-87b3-68450bbfadd1: start LeaderElection
2019-11-01 01:13:02,054 [Thread-317] INFO  impl.FollowerState (FollowerState.java:run(111)) - b0d7b968-1d99-44d0-9f45-0cc9cf357355@group-CFB45348687A-FollowerState: change to CANDIDATE, lastRpcTime:5111ms, electionTimeout:5111ms
2019-11-01 01:13:02,055 [Thread-317] INFO  impl.RoleInfo (RoleInfo.java:shutdownFollowerState(121)) - b0d7b968-1d99-44d0-9f45-0cc9cf357355: shutdown FollowerState
2019-11-01 01:13:02,055 [Thread-317] INFO  impl.RaftServerImpl (RaftServerImpl.java:setRole(173)) - b0d7b968-1d99-44d0-9f45-0cc9cf357355@group-CFB45348687A: changes role from  FOLLOWER to CANDIDATE at term 0 for changeToCandidate
2019-11-01 01:13:02,055 [Thread-317] INFO  impl.RoleInfo (RoleInfo.java:updateAndGet(143)) - b0d7b968-1d99-44d0-9f45-0cc9cf357355: start LeaderElection
2019-11-01 01:13:02,069 [Thread-304] INFO  impl.FollowerState (FollowerState.java:run(111)) - f0e69bc2-b789-4d66-87b3-68450bbfadd1@group-C1642148D20B-FollowerState: change to CANDIDATE, lastRpcTime:5164ms, electionTimeout:5160ms
2019-11-01 01:13:02,069 [Thread-304] INFO  impl.RoleInfo (RoleInfo.java:shutdownFollowerState(121)) - f0e69bc2-b789-4d66-87b3-68450bbfadd1: shutdown FollowerState
2019-11-01 01:13:02,069 [Thread-304] INFO  impl.RaftServerImpl (RaftServerImpl.java:setRole(173)) - f0e69bc2-b789-4d66-87b3-68450bbfadd1@group-C1642148D20B: changes role from  FOLLOWER to CANDIDATE at term 1 for changeToCandidate
2019-11-01 01:13:02,070 [Thread-304] INFO  impl.RoleInfo (RoleInfo.java:updateAndGet(143)) - f0e69bc2-b789-4d66-87b3-68450bbfadd1: start LeaderElection
2019-11-01 01:13:02,093 [Thread-315] INFO  impl.FollowerState (FollowerState.java:run(111)) - b0d7b968-1d99-44d0-9f45-0cc9cf357355@group-2301CEC5FA3B-FollowerState: change to CANDIDATE, lastRpcTime:5151ms, electionTimeout:5151ms
2019-11-01 01:13:02,093 [Thread-315] INFO  impl.RoleInfo (RoleInfo.java:shutdownFollowerState(121)) - b0d7b968-1d99-44d0-9f45-0cc9cf357355: shutdown FollowerState
2019-11-01 01:13:02,094 [Thread-315] INFO  impl.RaftServerImpl (RaftServerImpl.java:setRole(173)) - b0d7b968-1d99-44d0-9f45-0cc9cf357355@group-2301CEC5FA3B: changes role from  FOLLOWER to CANDIDATE at term 0 for changeToCandidate
2019-11-01 01:13:02,094 [Thread-315] INFO  impl.RoleInfo (RoleInfo.java:updateAndGet(143)) - b0d7b968-1d99-44d0-9f45-0cc9cf357355: start LeaderElection
2019-11-01 01:13:02,136 [Thread-321] INFO  impl.FollowerState (FollowerState.java:run(111)) - 51058dee-2090-47d5-a97d-c0799d97638e@group-7441A65FF976-FollowerState: change to CANDIDATE, lastRpcTime:5169ms, electionTimeout:5169ms
2019-11-01 01:13:02,137 [Thread-321] INFO  impl.RoleInfo (RoleInfo.java:shutdownFollowerState(121)) - 51058dee-2090-47d5-a97d-c0799d97638e: shutdown FollowerState
2019-11-01 01:13:02,137 [Thread-321] INFO  impl.RaftServerImpl (RaftServerImpl.java:setRole(173)) - 51058dee-2090-47d5-a97d-c0799d97638e@group-7441A65FF976: changes role from  FOLLOWER to CANDIDATE at term 0 for changeToCandidate
2019-11-01 01:13:02,137 [Thread-321] INFO  impl.RoleInfo (RoleInfo.java:updateAndGet(143)) - 51058dee-2090-47d5-a97d-c0799d97638e: start LeaderElection
2019-11-01 01:13:02,169 [Thread-330] INFO  impl.FollowerState (FollowerState.java:run(111)) - f0e69bc2-b789-4d66-87b3-68450bbfadd1@group-2301CEC5FA3B-FollowerState: change to CANDIDATE, lastRpcTime:5190ms, electionTimeout:5190ms
2019-11-01 01:13:02,169 [Thread-330] INFO  impl.RoleInfo (RoleInfo.java:shutdownFollowerState(121)) - f0e69bc2-b789-4d66-87b3-68450bbfadd1: shutdown FollowerState
2019-11-01 01:13:02,170 [Thread-330] INFO  impl.RaftServerImpl (RaftServerImpl.java:setRole(173)) - f0e69bc2-b789-4d66-87b3-68450bbfadd1@group-2301CEC5FA3B: changes role from  FOLLOWER to CANDIDATE at term 0 for changeToCandidate
2019-11-01 01:13:02,170 [Thread-330] INFO  impl.RoleInfo (RoleInfo.java:updateAndGet(143)) - f0e69bc2-b789-4d66-87b3-68450bbfadd1: start LeaderElection
2019-11-01 01:13:02,729 [51058dee-2090-47d5-a97d-c0799d97638e@group-C1642148D20B-LeaderElection11] INFO  impl.LeaderElection (LeaderElection.java:askForVotes(178)) - 51058dee-2090-47d5-a97d-c0799d97638e@group-C1642148D20B-LeaderElection11: begin an election at term 2 for -1: [51058dee-2090-47d5-a97d-c0799d97638e:192.168.157.211:34007, f0e69bc2-b789-4d66-87b3-68450bbfadd1:192.168.157.211:45838, b0d7b968-1d99-44d0-9f45-0cc9cf357355:192.168.157.211:34108], old=null
2019-11-01 01:13:02,729 [b0d7b968-1d99-44d0-9f45-0cc9cf357355@group-7441A65FF976-LeaderElection19] INFO  impl.LeaderElection (LeaderElection.java:askForVotes(178)) - b0d7b968-1d99-44d0-9f45-0cc9cf357355@group-7441A65FF976-LeaderElection19: begin an election at term 1 for -1: [51058dee-2090-47d5-a97d-c0799d97638e:192.168.157.211:34007, f0e69bc2-b789-4d66-87b3-68450bbfadd1:192.168.157.211:45838, b0d7b968-1d99-44d0-9f45-0cc9cf357355:192.168.157.211:34108], old=null
2019-11-01 01:13:02,729 [f0e69bc2-b789-4d66-87b3-68450bbfadd1@group-A0882977570B-LeaderElection15] INFO  impl.LeaderElection (LeaderElection.java:askForVotes(178)) - f0e69bc2-b789-4d66-87b3-68450bbfadd1@group-A0882977570B-LeaderElection15: begin an election at term 1 for -1: [51058dee-2090-47d5-a97d-c0799d97638e:192.168.157.211:34007, f0e69bc2-b789-4d66-87b3-68450bbfadd1:192.168.157.211:45838, b0d7b968-1d99-44d0-9f45-0cc9cf357355:192.168.157.211:34108], old=null
2019-11-01 01:13:02,729 [b0d7b968-1d99-44d0-9f45-0cc9cf357355@group-C1642148D20B-LeaderElection14] INFO  impl.LeaderElection (LeaderElection.java:askForVotes(178)) - b0d7b968-1d99-44d0-9f45-0cc9cf357355@group-C1642148D20B-LeaderElection14: begin an election at term 2 for -1: [51058dee-2090-47d5-a97d-c0799d97638e:192.168.157.211:34007, f0e69bc2-b789-4d66-87b3-68450bbfadd1:192.168.157.211:45838, b0d7b968-1d99-44d0-9f45-0cc9cf357355:192.168.157.211:34108], old=null
2019-11-01 01:13:02,729 [51058dee-2090-47d5-a97d-c0799d97638e@group-CFB45348687A-LeaderElection17] INFO  impl.LeaderElection (LeaderElection.java:askForVotes(178)) - 51058dee-2090-47d5-a97d-c0799d97638e@group-CFB45348687A-LeaderElection17: begin an election at term 1 for -1: [51058dee-2090-47d5-a97d-c0799d97638e:192.168.157.211:34007, f0e69bc2-b789-4d66-87b3-68450bbfadd1:192.168.157.211:45838, b0d7b968-1d99-44d0-9f45-0cc9cf357355:192.168.157.211:34108], old=null
2019-11-01 01:13:02,729 [b0d7b968-1d99-44d0-9f45-0cc9cf357355@group-2301CEC5FA3B-LeaderElection23] INFO  impl.LeaderElection (LeaderElection.java:askForVotes(178)) - b0d7b968-1d99-44d0-9f45-0cc9cf357355@group-2301CEC5FA3B-LeaderElection23: begin an election at term 1 for -1: [51058dee-2090-47d5-a97d-c0799d97638e:192.168.157.211:34007, f0e69bc2-b789-4d66-87b3-68450bbfadd1:192.168.157.211:45838, b0d7b968-1d99-44d0-9f45-0cc9cf357355:192.168.157.211:34108], old=null
2019-11-01 01:13:02,729 [51058dee-2090-47d5-a97d-c0799d97638e@group-2301CEC5FA3B-LeaderElection18] INFO  impl.LeaderElection (LeaderElection.java:askForVotes(178)) - 51058dee-2090-47d5-a97d-c0799d97638e@group-2301CEC5FA3B-LeaderElection18: begin an election at term 1 for -1: [51058dee-2090-47d5-a97d-c0799d97638e:192.168.157.211:34007, f0e69bc2-b789-4d66-87b3-68450bbfadd1:192.168.157.211:45838, b0d7b968-1d99-44d0-9f45-0cc9cf357355:192.168.157.211:34108], old=null
2019-11-01 01:13:02,729 [f0e69bc2-b789-4d66-87b3-68450bbfadd1@group-2301CEC5FA3B-LeaderElection25] INFO  impl.LeaderElection (LeaderElection.java:askForVotes(178)) - f0e69bc2-b789-4d66-87b3-68450bbfadd1@group-2301CEC5FA3B-LeaderElection25: begin an election at term 1 for -1: [51058dee-2090-47d5-a97d-c0799d97638e:192.168.157.211:34007, f0e69bc2-b789-4d66-87b3-68450bbfadd1:192.168.157.211:45838, b0d7b968-1d99-44d0-9f45-0cc9cf357355:192.168.157.211:34108], old=null
2019-11-01 01:13:02,729 [f0e69bc2-b789-4d66-87b3-68450bbfadd1@group-C1642148D20B-LeaderElection22] INFO  impl.LeaderElection (LeaderElection.java:askForVotes(178)) - f0e69bc2-b789-4d66-87b3-68450bbfadd1@group-C1642148D20B-LeaderElection22: begin an election at term 2 for -1: [51058dee-2090-47d5-a97d-c0799d97638e:192.168.157.211:34007, f0e69bc2-b789-4d66-87b3-68450bbfadd1:192.168.157.211:45838, b0d7b968-1d99-44d0-9f45-0cc9cf357355:192.168.157.211:34108], old=null
2019-11-01 01:13:02,729 [51058dee-2090-47d5-a97d-c0799d97638e@group-A0882977570B-LeaderElection13] INFO  impl.LeaderElection (LeaderElection.java:askForVotes(178)) - 51058dee-2090-47d5-a97d-c0799d97638e@group-A0882977570B-LeaderElection13: begin an election at term 1 for -1: [51058dee-2090-47d5-a97d-c0799d97638e:192.168.157.211:34007, f0e69bc2-b789-4d66-87b3-68450bbfadd1:192.168.157.211:45838, b0d7b968-1d99-44d0-9f45-0cc9cf357355:192.168.157.211:34108], old=null
2019-11-01 01:13:02,729 [b0d7b968-1d99-44d0-9f45-0cc9cf357355@group-CFB45348687A-LeaderElection21] INFO  impl.LeaderElection (LeaderElection.java:askForVotes(178)) - b0d7b968-1d99-44d0-9f45-0cc9cf357355@group-CFB45348687A-LeaderElection21: begin an election at term 1 for -1: [51058dee-2090-47d5-a97d-c0799d97638e:192.168.157.211:34007, f0e69bc2-b789-4d66-87b3-68450bbfadd1:192.168.157.211:45838, b0d7b968-1d99-44d0-9f45-0cc9cf357355:192.168.157.211:34108], old=null
2019-11-01 01:13:02,729 [f0e69bc2-b789-4d66-87b3-68450bbfadd1@group-CFB45348687A-LeaderElection16] INFO  impl.LeaderElection (LeaderElection.java:askForVotes(178)) - f0e69bc2-b789-4d66-87b3-68450bbfadd1@group-CFB45348687A-LeaderElection16: begin an election at term 1 for -1: [51058dee-2090-47d5-a97d-c0799d97638e:192.168.157.211:34007, f0e69bc2-b789-4d66-87b3-68450bbfadd1:192.168.157.211:45838, b0d7b968-1d99-44d0-9f45-0cc9cf357355:192.168.157.211:34108], old=null
2019-11-01 01:13:02,729 [f0e69bc2-b789-4d66-87b3-68450bbfadd1@group-7441A65FF976-LeaderElection20] INFO  impl.LeaderElection (LeaderElection.java:askForVotes(178)) - f0e69bc2-b789-4d66-87b3-68450bbfadd1@group-7441A65FF976-LeaderElection20: begin an election at term 1 for -1: [51058dee-2090-47d5-a97d-c0799d97638e:192.168.157.211:34007, f0e69bc2-b789-4d66-87b3-68450bbfadd1:192.168.157.211:45838, b0d7b968-1d99-44d0-9f45-0cc9cf357355:192.168.157.211:34108], old=null
2019-11-01 01:13:02,729 [b0d7b968-1d99-44d0-9f45-0cc9cf357355@group-A0882977570B-LeaderElection12] INFO  impl.LeaderElection (LeaderElection.java:askForVotes(178)) - b0d7b968-1d99-44d0-9f45-0cc9cf357355@group-A0882977570B-LeaderElection12: begin an election at term 1 for -1: [51058dee-2090-47d5-a97d-c0799d97638e:192.168.157.211:34007, f0e69bc2-b789-4d66-87b3-68450bbfadd1:192.168.157.211:45838, b0d7b968-1d99-44d0-9f45-0cc9cf357355:192.168.157.211:34108], old=null
2019-11-01 01:13:02,729 [51058dee-2090-47d5-a97d-c0799d97638e@group-7441A65FF976-LeaderElection24] INFO  impl.LeaderElection (LeaderElection.java:askForVotes(178)) - 51058dee-2090-47d5-a97d-c0799d97638e@group-7441A65FF976-LeaderElection24: begin an election at term 1 for -1: [51058dee-2090-47d5-a97d-c0799d97638e:192.168.157.211:34007, f0e69bc2-b789-4d66-87b3-68450bbfadd1:192.168.157.211:45838, b0d7b968-1d99-44d0-9f45-0cc9cf357355:192.168.157.211:34108], old=null
2019-11-01 01:13:02,765 [51058dee-2090-47d5-a97d-c0799d97638e@group-CFB45348687A-LeaderElection17] INFO  impl.LeaderElection (LeaderElection.java:logAndReturn(56)) - 51058dee-2090-47d5-a97d-c0799d97638e@group-CFB45348687A-LeaderElection17: Election REJECTED; received 2 response(s) [51058dee-2090-47d5-a97d-c0799d97638e<-f0e69bc2-b789-4d66-87b3-68450bbfadd1#0:FAIL-t1, 51058dee-2090-47d5-a97d-c0799d97638e<-b0d7b968-1d99-44d0-9f45-0cc9cf357355#0:FAIL-t1] and 0 exception(s); 51058dee-2090-47d5-a97d-c0799d97638e@group-CFB45348687A:t1, leader=null, voted=51058dee-2090-47d5-a97d-c0799d97638e, raftlog=51058dee-2090-47d5-a97d-c0799d97638e@group-CFB45348687A-SegmentedRaftLog:OPENED:c-1,f-1,i0, conf=-1: [51058dee-2090-47d5-a97d-c0799d97638e:192.168.157.211:34007, f0e69bc2-b789-4d66-87b3-68450bbfadd1:192.168.157.211:45838, b0d7b968-1d99-44d0-9f45-0cc9cf357355:192.168.157.211:34108], old=null
2019-11-01 01:13:02,765 [51058dee-2090-47d5-a97d-c0799d97638e@group-A0882977570B-LeaderElection13] INFO  impl.LeaderElection (LeaderElection.java:logAndReturn(56)) - 51058dee-2090-47d5-a97d-c0799d97638e@group-A0882977570B-LeaderElection13: Election REJECTED; received 2 response(s) [51058dee-2090-47d5-a97d-c0799d97638e<-f0e69bc2-b789-4d66-87b3-68450bbfadd1#0:FAIL-t1, 51058dee-2090-47d5-a97d-c0799d97638e<-b0d7b968-1d99-44d0-9f45-0cc9cf357355#0:FAIL-t1] and 0 exception(s); 51058dee-2090-47d5-a97d-c0799d97638e@group-A0882977570B:t1, leader=null, voted=51058dee-2090-47d5-a97d-c0799d97638e, raftlog=51058dee-2090-47d5-a97d-c0799d97638e@group-A0882977570B-SegmentedRaftLog:OPENED:c-1,f-1,i0, conf=-1: [51058dee-2090-47d5-a97d-c0799d97638e:192.168.157.211:34007, f0e69bc2-b789-4d66-87b3-68450bbfadd1:192.168.157.211:45838, b0d7b968-1d99-44d0-9f45-0cc9cf357355:192.168.157.211:34108], old=null
2019-11-01 01:13:02,765 [51058dee-2090-47d5-a97d-c0799d97638e@group-CFB45348687A-LeaderElection17] INFO  impl.RaftServerImpl (RaftServerImpl.java:setRole(173)) - 51058dee-2090-47d5-a97d-c0799d97638e@group-CFB45348687A: changes role from CANDIDATE to FOLLOWER at term 1 for DISCOVERED_A_NEW_TERM
2019-11-01 01:13:02,768 [51058dee-2090-47d5-a97d-c0799d97638e@group-A0882977570B-LeaderElection13] INFO  impl.RaftServerImpl (RaftServerImpl.java:setRole(173)) - 51058dee-2090-47d5-a97d-c0799d97638e@group-A0882977570B: changes role from CANDIDATE to FOLLOWER at term 1 for DISCOVERED_A_NEW_TERM
2019-11-01 01:13:02,771 [51058dee-2090-47d5-a97d-c0799d97638e@group-A0882977570B-LeaderElection13] INFO  impl.RoleInfo (RoleInfo.java:shutdownLeaderElection(134)) - 51058dee-2090-47d5-a97d-c0799d97638e: shutdown LeaderElection
2019-11-01 01:13:02,771 [51058dee-2090-47d5-a97d-c0799d97638e@group-CFB45348687A-LeaderElection17] INFO  impl.RoleInfo (RoleInfo.java:shutdownLeaderElection(134)) - 51058dee-2090-47d5-a97d-c0799d97638e: shutdown LeaderElection
2019-11-01 01:13:02,771 [51058dee-2090-47d5-a97d-c0799d97638e@group-A0882977570B-LeaderElection13] INFO  impl.RoleInfo (RoleInfo.java:updateAndGet(143)) - 51058dee-2090-47d5-a97d-c0799d97638e: start FollowerState
2019-11-01 01:13:02,772 [51058dee-2090-47d5-a97d-c0799d97638e@group-CFB45348687A-LeaderElection17] INFO  impl.RoleInfo (RoleInfo.java:updateAndGet(143)) - 51058dee-2090-47d5-a97d-c0799d97638e: start FollowerState
2019-11-01 01:13:02,772 [b0d7b968-1d99-44d0-9f45-0cc9cf357355@group-7441A65FF976-LeaderElection19] INFO  impl.LeaderElection (LeaderElection.java:logAndReturn(56)) - b0d7b968-1d99-44d0-9f45-0cc9cf357355@group-7441A65FF976-LeaderElection19: Election REJECTED; received 2 response(s) [b0d7b968-1d99-44d0-9f45-0cc9cf357355<-51058dee-2090-47d5-a97d-c0799d97638e#0:FAIL-t1, b0d7b968-1d99-44d0-9f45-0cc9cf357355<-f0e69bc2-b789-4d66-87b3-68450bbfadd1#0:FAIL-t1] and 0 exception(s); b0d7b968-1d99-44d0-9f45-0cc9cf357355@group-7441A65FF976:t1, leader=null, voted=b0d7b968-1d99-44d0-9f45-0cc9cf357355, raftlog=b0d7b968-1d99-44d0-9f45-0cc9cf357355@group-7441A65FF976-SegmentedRaftLog:OPENED:c-1,f-1,i0, conf=-1: [51058dee-2090-47d5-a97d-c0799d97638e:192.168.157.211:34007, f0e69bc2-b789-4d66-87b3-68450bbfadd1:192.168.157.211:45838, b0d7b968-1d99-44d0-9f45-0cc9cf357355:192.168.157.211:34108], old=null
2019-11-01 01:13:02,775 [b0d7b968-1d99-44d0-9f45-0cc9cf357355@group-7441A65FF976-LeaderElection19] INFO  impl.RaftServerImpl (RaftServerImpl.java:setRole(173)) - b0d7b968-1d99-44d0-9f45-0cc9cf357355@group-7441A65FF976: changes role from CANDIDATE to FOLLOWER at term 1 for DISCOVERED_A_NEW_TERM
2019-11-01 01:13:02,775 [b0d7b968-1d99-44d0-9f45-0cc9cf357355@group-7441A65FF976-LeaderElection19] INFO  impl.RoleInfo (RoleInfo.java:shutdownLeaderElection(134)) - b0d7b968-1d99-44d0-9f45-0cc9cf357355: shutdown LeaderElection
2019-11-01 01:13:02,776 [b0d7b968-1d99-44d0-9f45-0cc9cf357355@group-7441A65FF976-LeaderElection19] INFO  impl.RoleInfo (RoleInfo.java:updateAndGet(143)) - b0d7b968-1d99-44d0-9f45-0cc9cf357355: start FollowerState
2019-11-01 01:13:02,776 [b0d7b968-1d99-44d0-9f45-0cc9cf357355@group-C1642148D20B-LeaderElection14] INFO  impl.LeaderElection (LeaderElection.java:logAndReturn(56)) - b0d7b968-1d99-44d0-9f45-0cc9cf357355@group-C1642148D20B-LeaderElection14: Election REJECTED; received 2 response(s) [b0d7b968-1d99-44d0-9f45-0cc9cf357355<-51058dee-2090-47d5-a97d-c0799d97638e#0:FAIL-t2, b0d7b968-1d99-44d0-9f45-0cc9cf357355<-f0e69bc2-b789-4d66-87b3-68450bbfadd1#0:FAIL-t2] and 0 exception(s); b0d7b968-1d99-44d0-9f45-0cc9cf357355@group-C1642148D20B:t2, leader=null, voted=b0d7b968-1d99-44d0-9f45-0cc9cf357355, raftlog=b0d7b968-1d99-44d0-9f45-0cc9cf357355@group-C1642148D20B-SegmentedRaftLog:OPENED:c-1,f-1,i0, conf=-1: [51058dee-2090-47d5-a97d-c0799d97638e:192.168.157.211:34007, f0e69bc2-b789-4d66-87b3-68450bbfadd1:192.168.157.211:45838, b0d7b968-1d99-44d0-9f45-0cc9cf357355:192.168.157.211:34108], old=null
2019-11-01 01:13:02,777 [b0d7b968-1d99-44d0-9f45-0cc9cf357355@group-C1642148D20B-LeaderElection14] INFO  impl.RaftServerImpl (RaftServerImpl.java:setRole(173)) - b0d7b968-1d99-44d0-9f45-0cc9cf357355@group-C1642148D20B: changes role from CANDIDATE to FOLLOWER at term 2 for DISCOVERED_A_NEW_TERM
2019-11-01 01:13:02,779 [f0e69bc2-b789-4d66-87b3-68450bbfadd1@group-C1642148D20B-LeaderElection22] INFO  impl.LeaderElection (LeaderElection.java:logAndReturn(56)) - f0e69bc2-b789-4d66-87b3-68450bbfadd1@group-C1642148D20B-LeaderElection22: Election REJECTED; received 2 response(s) [f0e69bc2-b789-4d66-87b3-68450bbfadd1<-51058dee-2090-47d5-a97d-c0799d97638e#0:FAIL-t2, f0e69bc2-b789-4d66-87b3-68450bbfadd1<-b0d7b968-1d99-44d0-9f45-0cc9cf357355#0:FAIL-t2] and 0 exception(s); f0e69bc2-b789-4d66-87b3-68450bbfadd1@group-C1642148D20B:t2, leader=null, voted=f0e69bc2-b789-4d66-87b3-68450bbfadd1, raftlog=f0e69bc2-b789-4d66-87b3-68450bbfadd1@group-C1642148D20B-SegmentedRaftLog:OPENED:c-1,f-1,i0, conf=-1: [51058dee-2090-47d5-a97d-c0799d97638e:192.168.157.211:34007, f0e69bc2-b789-4d66-87b3-68450bbfadd1:192.168.157.211:45838, b0d7b968-1d99-44d0-9f45-0cc9cf357355:192.168.157.211:34108], old=null
2019-11-01 01:13:02,779 [b0d7b968-1d99-44d0-9f45-0cc9cf357355@group-C1642148D20B-LeaderElection14] INFO  impl.RoleInfo (RoleInfo.java:shutdownLeaderElection(134)) - b0d7b968-1d99-44d0-9f45-0cc9cf357355: shutdown LeaderElection
2019-11-01 01:13:02,780 [f0e69bc2-b789-4d66-87b3-68450bbfadd1@group-C1642148D20B-LeaderElection22] INFO  impl.RaftServerImpl (RaftServerImpl.java:setRole(173)) - f0e69bc2-b789-4d66-87b3-68450bbfadd1@group-C1642148D20B: changes role from CANDIDATE to FOLLOWER at term 2 for DISCOVERED_A_NEW_TERM
2019-11-01 01:13:02,783 [f0e69bc2-b789-4d66-87b3-68450bbfadd1@group-C1642148D20B-LeaderElection22] INFO  impl.RoleInfo (RoleInfo.java:shutdownLeaderElection(134)) - f0e69bc2-b789-4d66-87b3-68450bbfadd1: shutdown LeaderElection
2019-11-01 01:13:02,783 [51058dee-2090-47d5-a97d-c0799d97638e@group-C1642148D20B-LeaderElection11] INFO  impl.LeaderElection (LeaderElection.java:logAndReturn(56)) - 51058dee-2090-47d5-a97d-c0799d97638e@group-C1642148D20B-LeaderElection11: Election REJECTED; received 2 response(s) [51058dee-2090-47d5-a97d-c0799d97638e<-f0e69bc2-b789-4d66-87b3-68450bbfadd1#0:FAIL-t2, 51058dee-2090-47d5-a97d-c0799d97638e<-b0d7b968-1d99-44d0-9f45-0cc9cf357355#0:FAIL-t2] and 0 exception(s); 51058dee-2090-47d5-a97d-c0799d97638e@group-C1642148D20B:t2, leader=null, voted=51058dee-2090-47d5-a97d-c0799d97638e, raftlog=51058dee-2090-47d5-a97d-c0799d97638e@group-C1642148D20B-SegmentedRaftLog:OPENED:c-1,f-1,i0, conf=-1: [51058dee-2090-47d5-a97d-c0799d97638e:192.168.157.211:34007, f0e69bc2-b789-4d66-87b3-68450bbfadd1:192.168.157.211:45838, b0d7b968-1d99-44d0-9f45-0cc9cf357355:192.168.157.211:34108], old=null
2019-11-01 01:13:02,783 [b0d7b968-1d99-44d0-9f45-0cc9cf357355@group-C1642148D20B-LeaderElection14] INFO  impl.RoleInfo (RoleInfo.java:updateAndGet(143)) - b0d7b968-1d99-44d0-9f45-0cc9cf357355: start FollowerState
2019-11-01 01:13:02,783 [f0e69bc2-b789-4d66-87b3-68450bbfadd1@group-C1642148D20B-LeaderElection22] INFO  impl.RoleInfo (RoleInfo.java:updateAndGet(143)) - f0e69bc2-b789-4d66-87b3-68450bbfadd1: start FollowerState
2019-11-01 01:13:02,783 [51058dee-2090-47d5-a97d-c0799d97638e@group-C1642148D20B-LeaderElection11] INFO  impl.RaftServerImpl (RaftServerImpl.java:setRole(173)) - 51058dee-2090-47d5-a97d-c0799d97638e@group-C1642148D20B: changes role from CANDIDATE to FOLLOWER at term 2 for DISCOVERED_A_NEW_TERM
2019-11-01 01:13:02,783 [51058dee-2090-47d5-a97d-c0799d97638e@group-2301CEC5FA3B-LeaderElection18] INFO  impl.LeaderElection (LeaderElection.java:logAndReturn(56)) - 51058dee-2090-47d5-a97d-c0799d97638e@group-2301CEC5FA3B-LeaderElection18: Election REJECTED; received 2 response(s) [51058dee-2090-47d5-a97d-c0799d97638e<-f0e69bc2-b789-4d66-87b3-68450bbfadd1#0:FAIL-t1, 51058dee-2090-47d5-a97d-c0799d97638e<-b0d7b968-1d99-44d0-9f45-0cc9cf357355#0:FAIL-t1] and 0 exception(s); 51058dee-2090-47d5-a97d-c0799d97638e@group-2301CEC5FA3B:t1, leader=null, voted=51058dee-2090-47d5-a97d-c0799d97638e, raftlog=51058dee-2090-47d5-a97d-c0799d97638e@group-2301CEC5FA3B-SegmentedRaftLog:OPENED:c-1,f-1,i0, conf=-1: [51058dee-2090-47d5-a97d-c0799d97638e:192.168.157.211:34007, f0e69bc2-b789-4d66-87b3-68450bbfadd1:192.168.157.211:45838, b0d7b968-1d99-44d0-9f45-0cc9cf357355:192.168.157.211:34108], old=null
2019-11-01 01:13:02,785 [51058dee-2090-47d5-a97d-c0799d97638e@group-C1642148D20B-LeaderElection11] INFO  impl.RoleInfo (RoleInfo.java:shutdownLeaderElection(134)) - 51058dee-2090-47d5-a97d-c0799d97638e: shutdown LeaderElection
2019-11-01 01:13:02,790 [51058dee-2090-47d5-a97d-c0799d97638e@group-2301CEC5FA3B-LeaderElection18] INFO  impl.RaftServerImpl (RaftServerImpl.java:setRole(173)) - 51058dee-2090-47d5-a97d-c0799d97638e@group-2301CEC5FA3B: changes role from CANDIDATE to FOLLOWER at term 1 for DISCOVERED_A_NEW_TERM
2019-11-01 01:13:02,792 [51058dee-2090-47d5-a97d-c0799d97638e@group-2301CEC5FA3B-LeaderElection18] INFO  impl.RoleInfo (RoleInfo.java:shutdownLeaderElection(134)) - 51058dee-2090-47d5-a97d-c0799d97638e: shutdown LeaderElection
2019-11-01 01:13:02,790 [f0e69bc2-b789-4d66-87b3-68450bbfadd1@group-A0882977570B-LeaderElection15] INFO  impl.LeaderElection (LeaderElection.java:logAndReturn(56)) - f0e69bc2-b789-4d66-87b3-68450bbfadd1@group-A0882977570B-LeaderElection15: Election REJECTED; received 2 response(s) [f0e69bc2-b789-4d66-87b3-68450bbfadd1<-51058dee-2090-47d5-a97d-c0799d97638e#0:FAIL-t1, f0e69bc2-b789-4d66-87b3-68450bbfadd1<-b0d7b968-1d99-44d0-9f45-0cc9cf357355#0:FAIL-t1] and 0 exception(s); f0e69bc2-b789-4d66-87b3-68450bbfadd1@group-A0882977570B:t1, leader=null, voted=f0e69bc2-b789-4d66-87b3-68450bbfadd1, raftlog=f0e69bc2-b789-4d66-87b3-68450bbfadd1@group-A0882977570B-SegmentedRaftLog:OPENED:c-1,f-1,i0, conf=-1: [51058dee-2090-47d5-a97d-c0799d97638e:192.168.157.211:34007, f0e69bc2-b789-4d66-87b3-68450bbfadd1:192.168.157.211:45838, b0d7b968-1d99-44d0-9f45-0cc9cf357355:192.168.157.211:34108], old=null
2019-11-01 01:13:02,792 [51058dee-2090-47d5-a97d-c0799d97638e@group-2301CEC5FA3B-LeaderElection18] INFO  impl.RoleInfo (RoleInfo.java:updateAndGet(143)) - 51058dee-2090-47d5-a97d-c0799d97638e: start FollowerState
2019-11-01 01:13:02,792 [f0e69bc2-b789-4d66-87b3-68450bbfadd1@group-A0882977570B-LeaderElection15] INFO  impl.RaftServerImpl (RaftServerImpl.java:setRole(173)) - f0e69bc2-b789-4d66-87b3-68450bbfadd1@group-A0882977570B: changes role from CANDIDATE to FOLLOWER at term 1 for DISCOVERED_A_NEW_TERM
2019-11-01 01:13:02,792 [51058dee-2090-47d5-a97d-c0799d97638e@group-C1642148D20B-LeaderElection11] INFO  impl.RoleInfo (RoleInfo.java:updateAndGet(143)) - 51058dee-2090-47d5-a97d-c0799d97638e: start FollowerState
2019-11-01 01:13:02,794 [f0e69bc2-b789-4d66-87b3-68450bbfadd1@group-A0882977570B-LeaderElection15] INFO  impl.RoleInfo (RoleInfo.java:shutdownLeaderElection(134)) - f0e69bc2-b789-4d66-87b3-68450bbfadd1: shutdown LeaderElection
2019-11-01 01:13:02,794 [b0d7b968-1d99-44d0-9f45-0cc9cf357355@group-2301CEC5FA3B-LeaderElection23] INFO  impl.LeaderElection (LeaderElection.java:logAndReturn(56)) - b0d7b968-1d99-44d0-9f45-0cc9cf357355@group-2301CEC5FA3B-LeaderElection23: Election REJECTED; received 2 response(s) [b0d7b968-1d99-44d0-9f45-0cc9cf357355<-51058dee-2090-47d5-a97d-c0799d97638e#0:FAIL-t1, b0d7b968-1d99-44d0-9f45-0cc9cf357355<-f0e69bc2-b789-4d66-87b3-68450bbfadd1#0:FAIL-t1] and 0 exception(s); b0d7b968-1d99-44d0-9f45-0cc9cf357355@group-2301CEC5FA3B:t1, leader=null, voted=b0d7b968-1d99-44d0-9f45-0cc9cf357355, raftlog=b0d7b968-1d99-44d0-9f45-0cc9cf357355@group-2301CEC5FA3B-SegmentedRaftLog:OPENED:c-1,f-1,i0, conf=-1: [51058dee-2090-47d5-a97d-c0799d97638e:192.168.157.211:34007, f0e69bc2-b789-4d66-87b3-68450bbfadd1:192.168.157.211:45838, b0d7b968-1d99-44d0-9f45-0cc9cf357355:192.168.157.211:34108], old=null
2019-11-01 01:13:02,794 [f0e69bc2-b789-4d66-87b3-68450bbfadd1@group-A0882977570B-LeaderElection15] INFO  impl.RoleInfo (RoleInfo.java:updateAndGet(143)) - f0e69bc2-b789-4d66-87b3-68450bbfadd1: start FollowerState
2019-11-01 01:13:02,794 [b0d7b968-1d99-44d0-9f45-0cc9cf357355@group-2301CEC5FA3B-LeaderElection23] INFO  impl.RaftServerImpl (RaftServerImpl.java:setRole(173)) - b0d7b968-1d99-44d0-9f45-0cc9cf357355@group-2301CEC5FA3B: changes role from CANDIDATE to FOLLOWER at term 1 for DISCOVERED_A_NEW_TERM
2019-11-01 01:13:02,797 [b0d7b968-1d99-44d0-9f45-0cc9cf357355@group-2301CEC5FA3B-LeaderElection23] INFO  impl.RoleInfo (RoleInfo.java:shutdownLeaderElection(134)) - b0d7b968-1d99-44d0-9f45-0cc9cf357355: shutdown LeaderElection
2019-11-01 01:13:02,798 [b0d7b968-1d99-44d0-9f45-0cc9cf357355@group-2301CEC5FA3B-LeaderElection23] INFO  impl.RoleInfo (RoleInfo.java:updateAndGet(143)) - b0d7b968-1d99-44d0-9f45-0cc9cf357355: start FollowerState
2019-11-01 01:13:02,799 [f0e69bc2-b789-4d66-87b3-68450bbfadd1@group-7441A65FF976-LeaderElection20] INFO  impl.LeaderElection (LeaderElection.java:logAndReturn(56)) - f0e69bc2-b789-4d66-87b3-68450bbfadd1@group-7441A65FF976-LeaderElection20: Election REJECTED; received 2 response(s) [f0e69bc2-b789-4d66-87b3-68450bbfadd1<-51058dee-2090-47d5-a97d-c0799d97638e#0:FAIL-t1, f0e69bc2-b789-4d66-87b3-68450bbfadd1<-b0d7b968-1d99-44d0-9f45-0cc9cf357355#0:FAIL-t1] and 0 exception(s); f0e69bc2-b789-4d66-87b3-68450bbfadd1@group-7441A65FF976:t1, leader=null, voted=f0e69bc2-b789-4d66-87b3-68450bbfadd1, raftlog=f0e69bc2-b789-4d66-87b3-68450bbfadd1@group-7441A65FF976-SegmentedRaftLog:OPENED:c-1,f-1,i0, conf=-1: [51058dee-2090-47d5-a97d-c0799d97638e:192.168.157.211:34007, f0e69bc2-b789-4d66-87b3-68450bbfadd1:192.168.157.211:45838, b0d7b968-1d99-44d0-9f45-0cc9cf357355:192.168.157.211:34108], old=null
2019-11-01 01:13:02,799 [f0e69bc2-b789-4d66-87b3-68450bbfadd1@group-7441A65FF976-LeaderElection20] INFO  impl.RaftServerImpl (RaftServerImpl.java:setRole(173)) - f0e69bc2-b789-4d66-87b3-68450bbfadd1@group-7441A65FF976: changes role from CANDIDATE to FOLLOWER at term 1 for DISCOVERED_A_NEW_TERM
2019-11-01 01:13:02,799 [f0e69bc2-b789-4d66-87b3-68450bbfadd1@group-7441A65FF976-LeaderElection20] INFO  impl.RoleInfo (RoleInfo.java:shutdownLeaderElection(134)) - f0e69bc2-b789-4d66-87b3-68450bbfadd1: shutdown LeaderElection
2019-11-01 01:13:02,799 [51058dee-2090-47d5-a97d-c0799d97638e@group-7441A65FF976-LeaderElection24] INFO  impl.LeaderElection (LeaderElection.java:logAndReturn(56)) - 51058dee-2090-47d5-a97d-c0799d97638e@group-7441A65FF976-LeaderElection24: Election REJECTED; received 2 response(s) [51058dee-2090-47d5-a97d-c0799d97638e<-f0e69bc2-b789-4d66-87b3-68450bbfadd1#0:FAIL-t1, 51058dee-2090-47d5-a97d-c0799d97638e<-b0d7b968-1d99-44d0-9f45-0cc9cf357355#0:FAIL-t1] and 0 exception(s); 51058dee-2090-47d5-a97d-c0799d97638e@group-7441A65FF976:t1, leader=null, voted=51058dee-2090-47d5-a97d-c0799d97638e, raftlog=51058dee-2090-47d5-a97d-c0799d97638e@group-7441A65FF976-SegmentedRaftLog:OPENED:c-1,f-1,i0, conf=-1: [51058dee-2090-47d5-a97d-c0799d97638e:192.168.157.211:34007, f0e69bc2-b789-4d66-87b3-68450bbfadd1:192.168.157.211:45838, b0d7b968-1d99-44d0-9f45-0cc9cf357355:192.168.157.211:34108], old=null
2019-11-01 01:13:02,799 [f0e69bc2-b789-4d66-87b3-68450bbfadd1@group-2301CEC5FA3B-LeaderElection25] INFO  impl.LeaderElection (LeaderElection.java:logAndReturn(56)) - f0e69bc2-b789-4d66-87b3-68450bbfadd1@group-2301CEC5FA3B-LeaderElection25: Election REJECTED; received 2 response(s) [f0e69bc2-b789-4d66-87b3-68450bbfadd1<-51058dee-2090-47d5-a97d-c0799d97638e#0:FAIL-t1, f0e69bc2-b789-4d66-87b3-68450bbfadd1<-b0d7b968-1d99-44d0-9f45-0cc9cf357355#0:FAIL-t1] and 0 exception(s); f0e69bc2-b789-4d66-87b3-68450bbfadd1@group-2301CEC5FA3B:t1, leader=null, voted=f0e69bc2-b789-4d66-87b3-68450bbfadd1, raftlog=f0e69bc2-b789-4d66-87b3-68450bbfadd1@group-2301CEC5FA3B-SegmentedRaftLog:OPENED:c-1,f-1,i0, conf=-1: [51058dee-2090-47d5-a97d-c0799d97638e:192.168.157.211:34007, f0e69bc2-b789-4d66-87b3-68450bbfadd1:192.168.157.211:45838, b0d7b968-1d99-44d0-9f45-0cc9cf357355:192.168.157.211:34108], old=null
2019-11-01 01:13:02,801 [51058dee-2090-47d5-a97d-c0799d97638e@group-7441A65FF976-LeaderElection24] INFO  impl.RaftServerImpl (RaftServerImpl.java:setRole(173)) - 51058dee-2090-47d5-a97d-c0799d97638e@group-7441A65FF976: changes role from CANDIDATE to FOLLOWER at term 1 for DISCOVERED_A_NEW_TERM
2019-11-01 01:13:02,806 [f0e69bc2-b789-4d66-87b3-68450bbfadd1@group-2301CEC5FA3B-LeaderElection25] INFO  impl.RaftServerImpl (RaftServerImpl.java:setRole(173)) - f0e69bc2-b789-4d66-87b3-68450bbfadd1@group-2301CEC5FA3B: changes role from CANDIDATE to FOLLOWER at term 1 for DISCOVERED_A_NEW_TERM
2019-11-01 01:13:02,801 [f0e69bc2-b789-4d66-87b3-68450bbfadd1@group-7441A65FF976-LeaderElection20] INFO  impl.RoleInfo (RoleInfo.java:updateAndGet(143)) - f0e69bc2-b789-4d66-87b3-68450bbfadd1: start FollowerState
2019-11-01 01:13:02,807 [f0e69bc2-b789-4d66-87b3-68450bbfadd1@group-2301CEC5FA3B-LeaderElection25] INFO  impl.RoleInfo (RoleInfo.java:shutdownLeaderElection(134)) - f0e69bc2-b789-4d66-87b3-68450bbfadd1: shutdown LeaderElection
2019-11-01 01:13:02,806 [f0e69bc2-b789-4d66-87b3-68450bbfadd1@group-CFB45348687A-LeaderElection16] INFO  impl.LeaderElection (LeaderElection.java:logAndReturn(56)) - f0e69bc2-b789-4d66-87b3-68450bbfadd1@group-CFB45348687A-LeaderElection16: Election REJECTED; received 2 response(s) [f0e69bc2-b789-4d66-87b3-68450bbfadd1<-51058dee-2090-47d5-a97d-c0799d97638e#0:FAIL-t1, f0e69bc2-b789-4d66-87b3-68450bbfadd1<-b0d7b968-1d99-44d0-9f45-0cc9cf357355#0:FAIL-t1] and 0 exception(s); f0e69bc2-b789-4d66-87b3-68450bbfadd1@group-CFB45348687A:t1, leader=null, voted=f0e69bc2-b789-4d66-87b3-68450bbfadd1, raftlog=f0e69bc2-b789-4d66-87b3-68450bbfadd1@group-CFB45348687A-SegmentedRaftLog:OPENED:c-1,f-1,i0, conf=-1: [51058dee-2090-47d5-a97d-c0799d97638e:192.168.157.211:34007, f0e69bc2-b789-4d66-87b3-68450bbfadd1:192.168.157.211:45838, b0d7b968-1d99-44d0-9f45-0cc9cf357355:192.168.157.211:34108], old=null
2019-11-01 01:13:02,808 [51058dee-2090-47d5-a97d-c0799d97638e@group-7441A65FF976-LeaderElection24] INFO  impl.RoleInfo (RoleInfo.java:shutdownLeaderElection(134)) - 51058dee-2090-47d5-a97d-c0799d97638e: shutdown LeaderElection
2019-11-01 01:13:02,808 [f0e69bc2-b789-4d66-87b3-68450bbfadd1@group-CFB45348687A-LeaderElection16] INFO  impl.RaftServerImpl (RaftServerImpl.java:setRole(173)) - f0e69bc2-b789-4d66-87b3-68450bbfadd1@group-CFB45348687A: changes role from CANDIDATE to FOLLOWER at term 1 for DISCOVERED_A_NEW_TERM
2019-11-01 01:13:02,809 [f0e69bc2-b789-4d66-87b3-68450bbfadd1@group-CFB45348687A-LeaderElection16] INFO  impl.RoleInfo (RoleInfo.java:shutdownLeaderElection(134)) - f0e69bc2-b789-4d66-87b3-68450bbfadd1: shutdown LeaderElection
2019-11-01 01:13:02,809 [51058dee-2090-47d5-a97d-c0799d97638e@group-7441A65FF976-LeaderElection24] INFO  impl.RoleInfo (RoleInfo.java:updateAndGet(143)) - 51058dee-2090-47d5-a97d-c0799d97638e: start FollowerState
2019-11-01 01:13:02,809 [f0e69bc2-b789-4d66-87b3-68450bbfadd1@group-2301CEC5FA3B-LeaderElection25] INFO  impl.RoleInfo (RoleInfo.java:updateAndGet(143)) - f0e69bc2-b789-4d66-87b3-68450bbfadd1: start FollowerState
2019-11-01 01:13:02,809 [f0e69bc2-b789-4d66-87b3-68450bbfadd1@group-CFB45348687A-LeaderElection16] INFO  impl.RoleInfo (RoleInfo.java:updateAndGet(143)) - f0e69bc2-b789-4d66-87b3-68450bbfadd1: start FollowerState
2019-11-01 01:13:02,810 [b0d7b968-1d99-44d0-9f45-0cc9cf357355@group-CFB45348687A-LeaderElection21] INFO  impl.LeaderElection (LeaderElection.java:logAndReturn(56)) - b0d7b968-1d99-44d0-9f45-0cc9cf357355@group-CFB45348687A-LeaderElection21: Election REJECTED; received 2 response(s) [b0d7b968-1d99-44d0-9f45-0cc9cf357355<-51058dee-2090-47d5-a97d-c0799d97638e#0:FAIL-t1, b0d7b968-1d99-44d0-9f45-0cc9cf357355<-f0e69bc2-b789-4d66-87b3-68450bbfadd1#0:FAIL-t1] and 0 exception(s); b0d7b968-1d99-44d0-9f45-0cc9cf357355@group-CFB45348687A:t1, leader=null, voted=b0d7b968-1d99-44d0-9f45-0cc9cf357355, raftlog=b0d7b968-1d99-44d0-9f45-0cc9cf357355@group-CFB45348687A-SegmentedRaftLog:OPENED:c-1,f-1,i0, conf=-1: [51058dee-2090-47d5-a97d-c0799d97638e:192.168.157.211:34007, f0e69bc2-b789-4d66-87b3-68450bbfadd1:192.168.157.211:45838, b0d7b968-1d99-44d0-9f45-0cc9cf357355:192.168.157.211:34108], old=null
2019-11-01 01:13:02,810 [b0d7b968-1d99-44d0-9f45-0cc9cf357355@group-A0882977570B-LeaderElection12] INFO  impl.LeaderElection (LeaderElection.java:logAndReturn(56)) - b0d7b968-1d99-44d0-9f45-0cc9cf357355@group-A0882977570B-LeaderElection12: Election REJECTED; received 2 response(s) [b0d7b968-1d99-44d0-9f45-0cc9cf357355<-51058dee-2090-47d5-a97d-c0799d97638e#0:FAIL-t1, b0d7b968-1d99-44d0-9f45-0cc9cf357355<-f0e69bc2-b789-4d66-87b3-68450bbfadd1#0:FAIL-t1] and 0 exception(s); b0d7b968-1d99-44d0-9f45-0cc9cf357355@group-A0882977570B:t1, leader=null, voted=b0d7b968-1d99-44d0-9f45-0cc9cf357355, raftlog=b0d7b968-1d99-44d0-9f45-0cc9cf357355@group-A0882977570B-SegmentedRaftLog:OPENED:c-1,f-1,i0, conf=-1: [51058dee-2090-47d5-a97d-c0799d97638e:192.168.157.211:34007, f0e69bc2-b789-4d66-87b3-68450bbfadd1:192.168.157.211:45838, b0d7b968-1d99-44d0-9f45-0cc9cf357355:192.168.157.211:34108], old=null
2019-11-01 01:13:02,810 [b0d7b968-1d99-44d0-9f45-0cc9cf357355@group-CFB45348687A-LeaderElection21] INFO  impl.RaftServerImpl (RaftServerImpl.java:setRole(173)) - b0d7b968-1d99-44d0-9f45-0cc9cf357355@group-CFB45348687A: changes role from CANDIDATE to FOLLOWER at term 1 for DISCOVERED_A_NEW_TERM
2019-11-01 01:13:02,811 [b0d7b968-1d99-44d0-9f45-0cc9cf357355@group-CFB45348687A-LeaderElection21] INFO  impl.RoleInfo (RoleInfo.java:shutdownLeaderElection(134)) - b0d7b968-1d99-44d0-9f45-0cc9cf357355: shutdown LeaderElection
2019-11-01 01:13:02,811 [b0d7b968-1d99-44d0-9f45-0cc9cf357355@group-A0882977570B-LeaderElection12] INFO  impl.RaftServerImpl (RaftServerImpl.java:setRole(173)) - b0d7b968-1d99-44d0-9f45-0cc9cf357355@group-A0882977570B: changes role from CANDIDATE to FOLLOWER at term 1 for DISCOVERED_A_NEW_TERM
2019-11-01 01:13:02,812 [b0d7b968-1d99-44d0-9f45-0cc9cf357355@group-A0882977570B-LeaderElection12] INFO  impl.RoleInfo (RoleInfo.java:shutdownLeaderElection(134)) - b0d7b968-1d99-44d0-9f45-0cc9cf357355: shutdown LeaderElection
2019-11-01 01:13:02,812 [b0d7b968-1d99-44d0-9f45-0cc9cf357355@group-CFB45348687A-LeaderElection21] INFO  impl.RoleInfo (RoleInfo.java:updateAndGet(143)) - b0d7b968-1d99-44d0-9f45-0cc9cf357355: start FollowerState
2019-11-01 01:13:02,812 [b0d7b968-1d99-44d0-9f45-0cc9cf357355@group-A0882977570B-LeaderElection12] INFO  impl.RoleInfo (RoleInfo.java:updateAndGet(143)) - b0d7b968-1d99-44d0-9f45-0cc9cf357355: start FollowerState
]]></system-out>
    <system-err><![CDATA[ERROR StatusLogger No Log4j 2 configuration file found. Using default configuration (logging only errors to the console), or user programmatically provided configurations. Set system property 'log4j2.debug' to show Log4j 2 internal initialization logging. See https://logging.apache.org/log4j/2.x/manual/configuration.html for instructions on how to configure Log4j 2
]]></system-err>
  </testcase>
  <testcase name="standaloneTestLargeKey" classname="org.apache.hadoop.ozone.freon.TestDataValidateWithSafeByteOperations" time="19.018"/>
  <testcase name="validateWriteTest" classname="org.apache.hadoop.ozone.freon.TestDataValidateWithSafeByteOperations" time="20.77"/>
</testsuite>