<?xml version="1.0" encoding="UTF-8"?>
<testsuite xmlns:xsi="http://www.w3.org/2001/XMLSchema-instance" xsi:noNamespaceSchemaLocation="https://maven.apache.org/surefire/maven-surefire-plugin/xsd/surefire-test-report.xsd" name="org.apache.hadoop.ozone.freon.TestFreonWithPipelineDestroy" time="52.282" tests="1" errors="1" skipped="0" failures="0">
  <properties>
    <property name="awt.toolkit" value="sun.awt.X11.XToolkit"/>
    <property name="file.encoding.pkg" value="sun.io"/>
    <property name="java.specification.version" value="1.8"/>
    <property name="sun.cpu.isalist" value=""/>
    <property name="sun.jnu.encoding" value="ANSI_X3.4-1968"/>
    <property name="java.class.path" value="/workdir/hadoop-ozone/tools/target/test-classes:/workdir/hadoop-ozone/tools/target/classes:/home/user/.m2/repository/org/apache/hadoop/hadoop-ozone-ozone-manager/0.5.0-SNAPSHOT/hadoop-ozone-ozone-manager-0.5.0-SNAPSHOT.jar:/home/user/.m2/repository/org/apache/hadoop/hadoop-hdds-docs/0.5.0-SNAPSHOT/hadoop-hdds-docs-0.5.0-SNAPSHOT.jar:/home/user/.m2/repository/org/bouncycastle/bcprov-jdk15on/1.60/bcprov-jdk15on-1.60.jar:/home/user/.m2/repository/org/apache/hadoop/hadoop-ozone-common/0.5.0-SNAPSHOT/hadoop-ozone-common-0.5.0-SNAPSHOT.jar:/home/user/.m2/repository/org/apache/commons/commons-compress/1.4.1/commons-compress-1.4.1.jar:/home/user/.m2/repository/org/tukaani/xz/1.0/xz-1.0.jar:/home/user/.m2/repository/org/apache/hadoop/hadoop-hdfs-client/3.2.0/hadoop-hdfs-client-3.2.0.jar:/home/user/.m2/repository/com/fasterxml/jackson/core/jackson-annotations/2.9.9/jackson-annotations-2.9.9.jar:/home/user/.m2/repository/org/apache/hadoop/hadoop-hdds-common/0.5.0-SNAPSHOT/hadoop-hdds-common-0.5.0-SNAPSHOT.jar:/home/user/.m2/repository/org/apache/hadoop/hadoop-hdds-config/0.5.0-SNAPSHOT/hadoop-hdds-config-0.5.0-SNAPSHOT.jar:/home/user/.m2/repository/javax/annotation/javax.annotation-api/1.2/javax.annotation-api-1.2.jar:/home/user/.m2/repository/org/apache/ratis/ratis-server/0.5.0-d6d58d0-SNAPSHOT/ratis-server-0.5.0-d6d58d0-SNAPSHOT.jar:/home/user/.m2/repository/org/apache/ratis/ratis-thirdparty-misc/0.2.0/ratis-thirdparty-misc-0.2.0.jar:/home/user/.m2/repository/org/apache/ratis/ratis-proto/0.5.0-d6d58d0-SNAPSHOT/ratis-proto-0.5.0-d6d58d0-SNAPSHOT.jar:/home/user/.m2/repository/org/apache/ratis/ratis-common/0.5.0-d6d58d0-SNAPSHOT/ratis-common-0.5.0-d6d58d0-SNAPSHOT.jar:/home/user/.m2/repository/org/apache/ratis/ratis-client/0.5.0-d6d58d0-SNAPSHOT/ratis-client-0.5.0-d6d58d0-SNAPSHOT.jar:/home/user/.m2/repository/org/apache/ratis/ratis-metrics/0.5.0-d6d58d0-SNAPSHOT/ratis-metrics-0.5.0-d6d58d0-SNAPSHOT.jar:/home/user/.m2/repository/org/apache/ratis/ratis-netty/0.5.0-d6d58d0-SNAPSHOT/ratis-netty-0.5.0-d6d58d0-SNAPSHOT.jar:/home/user/.m2/repository/org/apache/ratis/ratis-grpc/0.5.0-d6d58d0-SNAPSHOT/ratis-grpc-0.5.0-d6d58d0-SNAPSHOT.jar:/home/user/.m2/repository/org/rocksdb/rocksdbjni/6.0.1/rocksdbjni-6.0.1.jar:/home/user/.m2/repository/org/apache/logging/log4j/log4j-api/2.11.0/log4j-api-2.11.0.jar:/home/user/.m2/repository/org/apache/logging/log4j/log4j-core/2.11.0/log4j-core-2.11.0.jar:/home/user/.m2/repository/com/lmax/disruptor/3.4.2/disruptor-3.4.2.jar:/home/user/.m2/repository/org/apache/commons/commons-pool2/2.6.0/commons-pool2-2.6.0.jar:/home/user/.m2/repository/org/bouncycastle/bcpkix-jdk15on/1.60/bcpkix-jdk15on-1.60.jar:/home/user/.m2/repository/commons-validator/commons-validator/1.6/commons-validator-1.6.jar:/home/user/.m2/repository/commons-digester/commons-digester/1.8.1/commons-digester-1.8.1.jar:/home/user/.m2/repository/io/jaegertracing/jaeger-client/0.34.0/jaeger-client-0.34.0.jar:/home/user/.m2/repository/io/jaegertracing/jaeger-thrift/0.34.0/jaeger-thrift-0.34.0.jar:/home/user/.m2/repository/org/apache/thrift/libthrift/0.12.0/libthrift-0.12.0.jar:/home/user/.m2/repository/com/squareup/okhttp3/okhttp/3.9.0/okhttp-3.9.0.jar:/home/user/.m2/repository/com/squareup/okio/okio/1.13.0/okio-1.13.0.jar:/home/user/.m2/repository/io/jaegertracing/jaeger-core/0.34.0/jaeger-core-0.34.0.jar:/home/user/.m2/repository/io/jaegertracing/jaeger-tracerresolver/0.34.0/jaeger-tracerresolver-0.34.0.jar:/home/user/.m2/repository/io/opentracing/contrib/opentracing-tracerresolver/0.1.5/opentracing-tracerresolver-0.1.5.jar:/home/user/.m2/repository/io/opentracing/opentracing-util/0.31.0/opentracing-util-0.31.0.jar:/home/user/.m2/repository/io/opentracing/opentracing-api/0.31.0/opentracing-api-0.31.0.jar:/home/user/.m2/repository/io/opentracing/opentracing-noop/0.31.0/opentracing-noop-0.31.0.jar:/home/user/.m2/repository/org/yaml/snakeyaml/1.16/snakeyaml-1.16.jar:/home/user/.m2/repository/org/apache/hadoop/hadoop-hdds-container-service/0.5.0-SNAPSHOT/hadoop-hdds-container-service-0.5.0-SNAPSHOT.jar:/home/user/.m2/repository/org/apache/hadoop/hadoop-hdds-client/0.5.0-SNAPSHOT/hadoop-hdds-client-0.5.0-SNAPSHOT.jar:/home/user/.m2/repository/org/apache/hadoop/hadoop-hdds-tools/0.5.0-SNAPSHOT/hadoop-hdds-tools-0.5.0-SNAPSHOT.jar:/home/user/.m2/repository/org/xerial/sqlite-jdbc/3.25.2/sqlite-jdbc-3.25.2.jar:/home/user/.m2/repository/org/apache/hadoop/hadoop-hdds-server-scm/0.5.0-SNAPSHOT/hadoop-hdds-server-scm-0.5.0-SNAPSHOT.jar:/home/user/.m2/repository/org/hamcrest/hamcrest-all/1.3/hamcrest-all-1.3.jar:/home/user/.m2/repository/info/picocli/picocli/3.9.6/picocli-3.9.6.jar:/home/user/.m2/repository/com/google/protobuf/protobuf-java/2.5.0/protobuf-java-2.5.0.jar:/home/user/.m2/repository/com/google/guava/guava/11.0.2/guava-11.0.2.jar:/home/user/.m2/repository/org/apache/hadoop/hadoop-ozone-client/0.5.0-SNAPSHOT/hadoop-ozone-client-0.5.0-SNAPSHOT.jar:/workdir/hadoop-ozone/ozonefs/target/classes:/home/user/.m2/repository/org/apache/httpcomponents/httpclient/4.5.2/httpclient-4.5.2.jar:/home/user/.m2/repository/org/apache/httpcomponents/httpcore/4.4.4/httpcore-4.4.4.jar:/home/user/.m2/repository/org/apache/hadoop/hadoop-hdds-server-framework/0.5.0-SNAPSHOT/hadoop-hdds-server-framework-0.5.0-SNAPSHOT.jar:/home/user/.m2/repository/org/apache/hadoop/hadoop-common/3.2.0/hadoop-common-3.2.0.jar:/home/user/.m2/repository/org/apache/hadoop/hadoop-annotations/3.2.0/hadoop-annotations-3.2.0.jar:/usr/lib/jvm/java-1.8.0-openjdk-1.8.0.222.b10-1.el7_7.x86_64/jre/../lib/tools.jar:/home/user/.m2/repository/commons-cli/commons-cli/1.2/commons-cli-1.2.jar:/home/user/.m2/repository/org/apache/commons/commons-math3/3.1.1/commons-math3-3.1.1.jar:/home/user/.m2/repository/commons-codec/commons-codec/1.11/commons-codec-1.11.jar:/home/user/.m2/repository/commons-io/commons-io/2.5/commons-io-2.5.jar:/home/user/.m2/repository/commons-net/commons-net/3.6/commons-net-3.6.jar:/home/user/.m2/repository/commons-collections/commons-collections/3.2.2/commons-collections-3.2.2.jar:/home/user/.m2/repository/javax/servlet/javax.servlet-api/3.1.0/javax.servlet-api-3.1.0.jar:/home/user/.m2/repository/org/eclipse/jetty/jetty-server/9.3.25.v20180904/jetty-server-9.3.25.v20180904.jar:/home/user/.m2/repository/org/eclipse/jetty/jetty-http/9.3.25.v20180904/jetty-http-9.3.25.v20180904.jar:/home/user/.m2/repository/org/eclipse/jetty/jetty-io/9.3.25.v20180904/jetty-io-9.3.25.v20180904.jar:/home/user/.m2/repository/org/eclipse/jetty/jetty-util/9.3.25.v20180904/jetty-util-9.3.25.v20180904.jar:/home/user/.m2/repository/org/eclipse/jetty/jetty-servlet/9.3.25.v20180904/jetty-servlet-9.3.25.v20180904.jar:/home/user/.m2/repository/org/eclipse/jetty/jetty-security/9.3.25.v20180904/jetty-security-9.3.25.v20180904.jar:/home/user/.m2/repository/org/eclipse/jetty/jetty-webapp/9.3.25.v20180904/jetty-webapp-9.3.25.v20180904.jar:/home/user/.m2/repository/org/eclipse/jetty/jetty-xml/9.3.25.v20180904/jetty-xml-9.3.25.v20180904.jar:/home/user/.m2/repository/javax/servlet/jsp/jsp-api/2.1/jsp-api-2.1.jar:/home/user/.m2/repository/com/sun/jersey/jersey-core/1.19/jersey-core-1.19.jar:/home/user/.m2/repository/javax/ws/rs/jsr311-api/1.1.1/jsr311-api-1.1.1.jar:/home/user/.m2/repository/com/sun/jersey/jersey-servlet/1.19/jersey-servlet-1.19.jar:/home/user/.m2/repository/com/sun/jersey/jersey-json/1.19/jersey-json-1.19.jar:/home/user/.m2/repository/org/codehaus/jettison/jettison/1.1/jettison-1.1.jar:/home/user/.m2/repository/com/sun/xml/bind/jaxb-impl/2.3.0.1/jaxb-impl-2.3.0.1.jar:/home/user/.m2/repository/org/codehaus/jackson/jackson-core-asl/1.9.13/jackson-core-asl-1.9.13.jar:/home/user/.m2/repository/org/codehaus/jackson/jackson-mapper-asl/1.9.13/jackson-mapper-asl-1.9.13.jar:/home/user/.m2/repository/org/codehaus/jackson/jackson-jaxrs/1.9.13/jackson-jaxrs-1.9.13.jar:/home/user/.m2/repository/org/codehaus/jackson/jackson-xc/1.9.13/jackson-xc-1.9.13.jar:/home/user/.m2/repository/com/sun/jersey/jersey-server/1.19/jersey-server-1.19.jar:/home/user/.m2/repository/commons-logging/commons-logging/1.1.3/commons-logging-1.1.3.jar:/home/user/.m2/repository/log4j/log4j/1.2.17/log4j-1.2.17.jar:/home/user/.m2/repository/commons-beanutils/commons-beanutils/1.9.4/commons-beanutils-1.9.4.jar:/home/user/.m2/repository/org/apache/commons/commons-configuration2/2.1.1/commons-configuration2-2.1.1.jar:/home/user/.m2/repository/org/apache/commons/commons-lang3/3.7/commons-lang3-3.7.jar:/home/user/.m2/repository/org/apache/commons/commons-text/1.4/commons-text-1.4.jar:/home/user/.m2/repository/org/slf4j/slf4j-api/1.7.25/slf4j-api-1.7.25.jar:/home/user/.m2/repository/org/slf4j/slf4j-log4j12/1.7.25/slf4j-log4j12-1.7.25.jar:/home/user/.m2/repository/org/apache/avro/avro/1.7.7/avro-1.7.7.jar:/home/user/.m2/repository/com/thoughtworks/paranamer/paranamer/2.3/paranamer-2.3.jar:/home/user/.m2/repository/org/xerial/snappy/snappy-java/1.0.5/snappy-java-1.0.5.jar:/home/user/.m2/repository/com/google/re2j/re2j/1.1/re2j-1.1.jar:/home/user/.m2/repository/com/google/code/gson/gson/2.2.4/gson-2.2.4.jar:/home/user/.m2/repository/org/apache/hadoop/hadoop-auth/3.2.0/hadoop-auth-3.2.0.jar:/home/user/.m2/repository/com/nimbusds/nimbus-jose-jwt/4.41.1/nimbus-jose-jwt-4.41.1.jar:/home/user/.m2/repository/com/github/stephenc/jcip/jcip-annotations/1.0-1/jcip-annotations-1.0-1.jar:/home/user/.m2/repository/net/minidev/json-smart/2.3/json-smart-2.3.jar:/home/user/.m2/repository/net/minidev/accessors-smart/1.2/accessors-smart-1.2.jar:/home/user/.m2/repository/org/apache/curator/curator-framework/2.12.0/curator-framework-2.12.0.jar:/home/user/.m2/repository/com/jcraft/jsch/0.1.54/jsch-0.1.54.jar:/home/user/.m2/repository/org/apache/curator/curator-client/2.12.0/curator-client-2.12.0.jar:/home/user/.m2/repository/org/apache/curator/curator-recipes/2.12.0/curator-recipes-2.12.0.jar:/home/user/.m2/repository/com/google/code/findbugs/jsr305/3.0.0/jsr305-3.0.0.jar:/home/user/.m2/repository/org/apache/htrace/htrace-core4/4.1.0-incubating/htrace-core4-4.1.0-incubating.jar:/home/user/.m2/repository/org/apache/zookeeper/zookeeper/3.4.13/zookeeper-3.4.13.jar:/home/user/.m2/repository/jline/jline/0.9.94/jline-0.9.94.jar:/home/user/.m2/repository/org/apache/yetus/audience-annotations/0.5.0/audience-annotations-0.5.0.jar:/home/user/.m2/repository/org/apache/kerby/kerb-simplekdc/1.0.1/kerb-simplekdc-1.0.1.jar:/home/user/.m2/repository/org/apache/kerby/kerb-client/1.0.1/kerb-client-1.0.1.jar:/home/user/.m2/repository/org/apache/kerby/kerby-config/1.0.1/kerby-config-1.0.1.jar:/home/user/.m2/repository/org/apache/kerby/kerb-core/1.0.1/kerb-core-1.0.1.jar:/home/user/.m2/repository/org/apache/kerby/kerby-pkix/1.0.1/kerby-pkix-1.0.1.jar:/home/user/.m2/repository/org/apache/kerby/kerby-asn1/1.0.1/kerby-asn1-1.0.1.jar:/home/user/.m2/repository/org/apache/kerby/kerby-util/1.0.1/kerby-util-1.0.1.jar:/home/user/.m2/repository/org/apache/kerby/kerb-common/1.0.1/kerb-common-1.0.1.jar:/home/user/.m2/repository/org/apache/kerby/kerb-crypto/1.0.1/kerb-crypto-1.0.1.jar:/home/user/.m2/repository/org/apache/kerby/kerb-util/1.0.1/kerb-util-1.0.1.jar:/home/user/.m2/repository/org/apache/kerby/token-provider/1.0.1/token-provider-1.0.1.jar:/home/user/.m2/repository/org/apache/kerby/kerb-admin/1.0.1/kerb-admin-1.0.1.jar:/home/user/.m2/repository/org/apache/kerby/kerb-server/1.0.1/kerb-server-1.0.1.jar:/home/user/.m2/repository/org/apache/kerby/kerb-identity/1.0.1/kerb-identity-1.0.1.jar:/home/user/.m2/repository/org/apache/kerby/kerby-xdr/1.0.1/kerby-xdr-1.0.1.jar:/home/user/.m2/repository/com/fasterxml/jackson/core/jackson-databind/2.9.9/jackson-databind-2.9.9.jar:/home/user/.m2/repository/com/fasterxml/jackson/core/jackson-core/2.9.9/jackson-core-2.9.9.jar:/home/user/.m2/repository/org/codehaus/woodstox/stax2-api/3.1.4/stax2-api-3.1.4.jar:/home/user/.m2/repository/com/fasterxml/woodstox/woodstox-core/5.0.3/woodstox-core-5.0.3.jar:/home/user/.m2/repository/dnsjava/dnsjava/2.1.7/dnsjava-2.1.7.jar:/home/user/.m2/repository/org/apache/hadoop/hadoop-hdfs/3.2.0/hadoop-hdfs-3.2.0.jar:/home/user/.m2/repository/org/eclipse/jetty/jetty-util-ajax/9.3.25.v20180904/jetty-util-ajax-9.3.25.v20180904.jar:/home/user/.m2/repository/commons-daemon/commons-daemon/1.0.13/commons-daemon-1.0.13.jar:/home/user/.m2/repository/io/netty/netty/3.10.5.Final/netty-3.10.5.Final.jar:/home/user/.m2/repository/io/netty/netty-all/4.0.52.Final/netty-all-4.0.52.Final.jar:/home/user/.m2/repository/org/fusesource/leveldbjni/leveldbjni-all/1.8/leveldbjni-all-1.8.jar:/home/user/.m2/repository/com/sun/xml/bind/jaxb-core/2.3.0.1/jaxb-core-2.3.0.1.jar:/home/user/.m2/repository/javax/xml/bind/jaxb-api/2.3.0/jaxb-api-2.3.0.jar:/home/user/.m2/repository/javax/activation/activation/1.1.1/activation-1.1.1.jar:/home/user/.m2/repository/org/openjdk/jmh/jmh-core/1.19/jmh-core-1.19.jar:/home/user/.m2/repository/net/sf/jopt-simple/jopt-simple/4.6/jopt-simple-4.6.jar:/home/user/.m2/repository/org/openjdk/jmh/jmh-generator-annprocess/1.19/jmh-generator-annprocess-1.19.jar:/home/user/.m2/repository/io/dropwizard/metrics/metrics-core/3.2.4/metrics-core-3.2.4.jar:/home/user/.m2/repository/com/amazonaws/aws-java-sdk-s3/1.11.615/aws-java-sdk-s3-1.11.615.jar:/home/user/.m2/repository/com/amazonaws/aws-java-sdk-kms/1.11.615/aws-java-sdk-kms-1.11.615.jar:/home/user/.m2/repository/com/amazonaws/aws-java-sdk-core/1.11.615/aws-java-sdk-core-1.11.615.jar:/home/user/.m2/repository/software/amazon/ion/ion-java/1.0.2/ion-java-1.0.2.jar:/home/user/.m2/repository/com/fasterxml/jackson/dataformat/jackson-dataformat-cbor/2.9.9/jackson-dataformat-cbor-2.9.9.jar:/home/user/.m2/repository/joda-time/joda-time/2.9.9/joda-time-2.9.9.jar:/home/user/.m2/repository/com/amazonaws/jmespath-java/1.11.615/jmespath-java-1.11.615.jar:/home/user/.m2/repository/com/github/spotbugs/spotbugs/3.1.12/spotbugs-3.1.12.jar:/home/user/.m2/repository/org/ow2/asm/asm/5.0.4/asm-5.0.4.jar:/home/user/.m2/repository/org/ow2/asm/asm-analysis/7.0/asm-analysis-7.0.jar:/home/user/.m2/repository/org/ow2/asm/asm-commons/7.0/asm-commons-7.0.jar:/home/user/.m2/repository/org/ow2/asm/asm-tree/7.0/asm-tree-7.0.jar:/home/user/.m2/repository/org/ow2/asm/asm-util/7.0/asm-util-7.0.jar:/home/user/.m2/repository/org/apache/bcel/bcel/6.3/bcel-6.3.jar:/home/user/.m2/repository/net/jcip/jcip-annotations/1.0/jcip-annotations-1.0.jar:/home/user/.m2/repository/org/dom4j/dom4j/2.1.1/dom4j-2.1.1.jar:/home/user/.m2/repository/jaxen/jaxen/1.1.6/jaxen-1.1.6.jar:/home/user/.m2/repository/commons-lang/commons-lang/2.6/commons-lang-2.6.jar:/home/user/.m2/repository/com/github/spotbugs/spotbugs-annotations/3.1.12/spotbugs-annotations-3.1.12.jar:/home/user/.m2/repository/junit/junit/4.11/junit-4.11.jar:/home/user/.m2/repository/org/hamcrest/hamcrest-core/1.3/hamcrest-core-1.3.jar:/home/user/.m2/repository/org/apache/hadoop/hadoop-common/3.2.0/hadoop-common-3.2.0-tests.jar:/workdir/hadoop-ozone/integration-test/target/test-classes:/home/user/.m2/repository/org/apache/hadoop/hadoop-ozone-s3gateway/0.5.0-SNAPSHOT/hadoop-ozone-s3gateway-0.5.0-SNAPSHOT.jar:/home/user/.m2/repository/org/jboss/weld/servlet/weld-servlet/2.4.7.Final/weld-servlet-2.4.7.Final.jar:/home/user/.m2/repository/org/glassfish/jersey/containers/jersey-container-servlet-core/2.27/jersey-container-servlet-core-2.27.jar:/home/user/.m2/repository/org/glassfish/hk2/external/javax.inject/2.5.0-b42/javax.inject-2.5.0-b42.jar:/home/user/.m2/repository/org/glassfish/jersey/core/jersey-common/2.27/jersey-common-2.27.jar:/home/user/.m2/repository/org/glassfish/hk2/osgi-resource-locator/1.0.1/osgi-resource-locator-1.0.1.jar:/home/user/.m2/repository/javax/ws/rs/javax.ws.rs-api/2.1/javax.ws.rs-api-2.1.jar:/home/user/.m2/repository/org/glassfish/jersey/ext/cdi/jersey-cdi1x/2.27/jersey-cdi1x-2.27.jar:/home/user/.m2/repository/org/glassfish/jersey/inject/jersey-hk2/2.27/jersey-hk2-2.27.jar:/home/user/.m2/repository/org/glassfish/hk2/hk2-locator/2.5.0-b42/hk2-locator-2.5.0-b42.jar:/home/user/.m2/repository/org/javassist/javassist/3.22.0-CR2/javassist-3.22.0-CR2.jar:/home/user/.m2/repository/org/glassfish/hk2/hk2-api/2.5.0/hk2-api-2.5.0.jar:/home/user/.m2/repository/org/glassfish/hk2/external/jakarta.inject/2.5.0/jakarta.inject-2.5.0.jar:/home/user/.m2/repository/org/glassfish/hk2/hk2-utils/2.5.0/hk2-utils-2.5.0.jar:/home/user/.m2/repository/jakarta/annotation/jakarta.annotation-api/1.3.4/jakarta.annotation-api-1.3.4.jar:/home/user/.m2/repository/org/glassfish/hk2/external/aopalliance-repackaged/2.5.0/aopalliance-repackaged-2.5.0.jar:/home/user/.m2/repository/com/fasterxml/jackson/dataformat/jackson-dataformat-xml/2.9.0/jackson-dataformat-xml-2.9.0.jar:/home/user/.m2/repository/com/fasterxml/jackson/module/jackson-module-jaxb-annotations/2.9.9/jackson-module-jaxb-annotations-2.9.9.jar:/home/user/.m2/repository/javax/enterprise/cdi-api/1.2/cdi-api-1.2.jar:/home/user/.m2/repository/javax/el/javax.el-api/3.0.0/javax.el-api-3.0.0.jar:/home/user/.m2/repository/javax/interceptor/javax.interceptor-api/1.2/javax.interceptor-api-1.2.jar:/home/user/.m2/repository/javax/inject/javax.inject/1/javax.inject-1.jar:/home/user/.m2/repository/org/apache/hadoop/hadoop-ozone-csi/0.5.0-SNAPSHOT/hadoop-ozone-csi-0.5.0-SNAPSHOT.jar:/home/user/.m2/repository/com/google/protobuf/protobuf-java-util/3.5.1/protobuf-java-util-3.5.1.jar:/home/user/.m2/repository/io/grpc/grpc-netty/1.17.1/grpc-netty-1.17.1.jar:/home/user/.m2/repository/io/grpc/grpc-core/1.17.1/grpc-core-1.17.1.jar:/home/user/.m2/repository/io/grpc/grpc-context/1.17.1/grpc-context-1.17.1.jar:/home/user/.m2/repository/com/google/errorprone/error_prone_annotations/2.2.0/error_prone_annotations-2.2.0.jar:/home/user/.m2/repository/org/codehaus/mojo/animal-sniffer-annotations/1.17/animal-sniffer-annotations-1.17.jar:/home/user/.m2/repository/io/opencensus/opencensus-api/0.17.0/opencensus-api-0.17.0.jar:/home/user/.m2/repository/io/opencensus/opencensus-contrib-grpc-metrics/0.17.0/opencensus-contrib-grpc-metrics-0.17.0.jar:/home/user/.m2/repository/io/netty/netty-codec-http2/4.1.30.Final/netty-codec-http2-4.1.30.Final.jar:/home/user/.m2/repository/io/netty/netty-codec-http/4.1.30.Final/netty-codec-http-4.1.30.Final.jar:/home/user/.m2/repository/io/netty/netty-codec/4.1.30.Final/netty-codec-4.1.30.Final.jar:/home/user/.m2/repository/io/netty/netty-handler/4.1.30.Final/netty-handler-4.1.30.Final.jar:/home/user/.m2/repository/io/netty/netty-handler-proxy/4.1.30.Final/netty-handler-proxy-4.1.30.Final.jar:/home/user/.m2/repository/io/netty/netty-codec-socks/4.1.30.Final/netty-codec-socks-4.1.30.Final.jar:/home/user/.m2/repository/io/netty/netty-transport-native-epoll/4.1.30.Final/netty-transport-native-epoll-4.1.30.Final.jar:/home/user/.m2/repository/io/netty/netty-common/4.1.30.Final/netty-common-4.1.30.Final.jar:/home/user/.m2/repository/io/netty/netty-buffer/4.1.30.Final/netty-buffer-4.1.30.Final.jar:/home/user/.m2/repository/io/netty/netty-transport/4.1.30.Final/netty-transport-4.1.30.Final.jar:/home/user/.m2/repository/io/netty/netty-resolver/4.1.30.Final/netty-resolver-4.1.30.Final.jar:/home/user/.m2/repository/io/netty/netty-transport-native-unix-common/4.1.30.Final/netty-transport-native-unix-common-4.1.30.Final.jar:/home/user/.m2/repository/io/grpc/grpc-protobuf/1.17.1/grpc-protobuf-1.17.1.jar:/home/user/.m2/repository/com/google/api/grpc/proto-google-common-protos/1.0.0/proto-google-common-protos-1.0.0.jar:/home/user/.m2/repository/io/grpc/grpc-protobuf-lite/1.17.1/grpc-protobuf-lite-1.17.1.jar:/home/user/.m2/repository/io/grpc/grpc-stub/1.17.1/grpc-stub-1.17.1.jar:/home/user/.m2/repository/org/apache/hadoop/hadoop-ozone-recon/0.5.0-SNAPSHOT/hadoop-ozone-recon-0.5.0-SNAPSHOT.jar:/home/user/.m2/repository/org/apache/hadoop/hadoop-ozone-reconcodegen/0.5.0-SNAPSHOT/hadoop-ozone-reconcodegen-0.5.0-SNAPSHOT.jar:/home/user/.m2/repository/com/google/inject/extensions/guice-multibindings/4.0/guice-multibindings-4.0.jar:/home/user/.m2/repository/com/google/inject/guice/4.0/guice-4.0.jar:/home/user/.m2/repository/aopalliance/aopalliance/1.0/aopalliance-1.0.jar:/home/user/.m2/repository/com/google/inject/extensions/guice-servlet/4.0/guice-servlet-4.0.jar:/home/user/.m2/repository/org/glassfish/jersey/containers/jersey-container-servlet/2.27/jersey-container-servlet-2.27.jar:/home/user/.m2/repository/org/glassfish/hk2/guice-bridge/2.5.0/guice-bridge-2.5.0.jar:/home/user/.m2/repository/org/glassfish/jersey/core/jersey-server/2.27/jersey-server-2.27.jar:/home/user/.m2/repository/org/glassfish/jersey/core/jersey-client/2.27/jersey-client-2.27.jar:/home/user/.m2/repository/org/glassfish/jersey/media/jersey-media-jaxb/2.27/jersey-media-jaxb-2.27.jar:/home/user/.m2/repository/javax/validation/validation-api/1.1.0.Final/validation-api-1.1.0.Final.jar:/home/user/.m2/repository/org/glassfish/jersey/media/jersey-media-json-jackson/2.27/jersey-media-json-jackson-2.27.jar:/home/user/.m2/repository/org/glassfish/jersey/ext/jersey-entity-filtering/2.27/jersey-entity-filtering-2.27.jar:/home/user/.m2/repository/com/google/inject/extensions/guice-assistedinject/4.0/guice-assistedinject-4.0.jar:/home/user/.m2/repository/org/jooq/jooq/3.11.10/jooq-3.11.10.jar:/home/user/.m2/repository/org/jooq/jooq-meta/3.11.10/jooq-meta-3.11.10.jar:/home/user/.m2/repository/org/jooq/jooq-codegen/3.11.10/jooq-codegen-3.11.10.jar:/home/user/.m2/repository/com/jolbox/bonecp/0.8.0.RELEASE/bonecp-0.8.0.RELEASE.jar:/home/user/.m2/repository/org/springframework/spring-jdbc/5.1.3.RELEASE/spring-jdbc-5.1.3.RELEASE.jar:/home/user/.m2/repository/org/springframework/spring-beans/5.1.3.RELEASE/spring-beans-5.1.3.RELEASE.jar:/home/user/.m2/repository/org/springframework/spring-core/5.1.3.RELEASE/spring-core-5.1.3.RELEASE.jar:/home/user/.m2/repository/org/springframework/spring-jcl/5.1.3.RELEASE/spring-jcl-5.1.3.RELEASE.jar:/home/user/.m2/repository/org/springframework/spring-tx/5.1.3.RELEASE/spring-tx-5.1.3.RELEASE.jar:/home/user/.m2/repository/org/mockito/mockito-core/2.15.0/mockito-core-2.15.0.jar:/home/user/.m2/repository/net/bytebuddy/byte-buddy/1.7.9/byte-buddy-1.7.9.jar:/home/user/.m2/repository/net/bytebuddy/byte-buddy-agent/1.7.9/byte-buddy-agent-1.7.9.jar:/home/user/.m2/repository/org/objenesis/objenesis/1.0/objenesis-1.0.jar:"/>
    <property name="java.vm.vendor" value="Oracle Corporation"/>
    <property name="sun.arch.data.model" value="64"/>
    <property name="test.build.dir" value="/workdir/hadoop-ozone/tools/target/test-dir"/>
    <property name="test.cache.data" value=""/>
    <property name="java.vendor.url" value="http://java.oracle.com/"/>
    <property name="user.timezone" value=""/>
    <property name="java.vm.specification.version" value="1.8"/>
    <property name="os.name" value="Linux"/>
    <property name="test.build.data" value="/workdir/hadoop-ozone/tools/target/test-dir"/>
    <property name="user.country" value="US"/>
    <property name="sun.java.launcher" value="SUN_STANDARD"/>
    <property name="sun.boot.library.path" value="/usr/lib/jvm/java-1.8.0-openjdk-1.8.0.222.b10-1.el7_7.x86_64/jre/lib/amd64"/>
    <property name="sun.java.command" value="/workdir/hadoop-ozone/tools/target/surefire/surefirebooter3866834750303015621.jar /workdir/hadoop-ozone/tools/target/surefire 2019-11-12T22-32-35_837-jvmRun1 surefire3289343494505983164tmp surefire_1024822165042483610232tmp"/>
    <property name="surefire.test.class.path" value="/workdir/hadoop-ozone/tools/target/test-classes:/workdir/hadoop-ozone/tools/target/classes:/home/user/.m2/repository/org/apache/hadoop/hadoop-ozone-ozone-manager/0.5.0-SNAPSHOT/hadoop-ozone-ozone-manager-0.5.0-SNAPSHOT.jar:/home/user/.m2/repository/org/apache/hadoop/hadoop-hdds-docs/0.5.0-SNAPSHOT/hadoop-hdds-docs-0.5.0-SNAPSHOT.jar:/home/user/.m2/repository/org/bouncycastle/bcprov-jdk15on/1.60/bcprov-jdk15on-1.60.jar:/home/user/.m2/repository/org/apache/hadoop/hadoop-ozone-common/0.5.0-SNAPSHOT/hadoop-ozone-common-0.5.0-SNAPSHOT.jar:/home/user/.m2/repository/org/apache/commons/commons-compress/1.4.1/commons-compress-1.4.1.jar:/home/user/.m2/repository/org/tukaani/xz/1.0/xz-1.0.jar:/home/user/.m2/repository/org/apache/hadoop/hadoop-hdfs-client/3.2.0/hadoop-hdfs-client-3.2.0.jar:/home/user/.m2/repository/com/fasterxml/jackson/core/jackson-annotations/2.9.9/jackson-annotations-2.9.9.jar:/home/user/.m2/repository/org/apache/hadoop/hadoop-hdds-common/0.5.0-SNAPSHOT/hadoop-hdds-common-0.5.0-SNAPSHOT.jar:/home/user/.m2/repository/org/apache/hadoop/hadoop-hdds-config/0.5.0-SNAPSHOT/hadoop-hdds-config-0.5.0-SNAPSHOT.jar:/home/user/.m2/repository/javax/annotation/javax.annotation-api/1.2/javax.annotation-api-1.2.jar:/home/user/.m2/repository/org/apache/ratis/ratis-server/0.5.0-d6d58d0-SNAPSHOT/ratis-server-0.5.0-d6d58d0-SNAPSHOT.jar:/home/user/.m2/repository/org/apache/ratis/ratis-thirdparty-misc/0.2.0/ratis-thirdparty-misc-0.2.0.jar:/home/user/.m2/repository/org/apache/ratis/ratis-proto/0.5.0-d6d58d0-SNAPSHOT/ratis-proto-0.5.0-d6d58d0-SNAPSHOT.jar:/home/user/.m2/repository/org/apache/ratis/ratis-common/0.5.0-d6d58d0-SNAPSHOT/ratis-common-0.5.0-d6d58d0-SNAPSHOT.jar:/home/user/.m2/repository/org/apache/ratis/ratis-client/0.5.0-d6d58d0-SNAPSHOT/ratis-client-0.5.0-d6d58d0-SNAPSHOT.jar:/home/user/.m2/repository/org/apache/ratis/ratis-metrics/0.5.0-d6d58d0-SNAPSHOT/ratis-metrics-0.5.0-d6d58d0-SNAPSHOT.jar:/home/user/.m2/repository/org/apache/ratis/ratis-netty/0.5.0-d6d58d0-SNAPSHOT/ratis-netty-0.5.0-d6d58d0-SNAPSHOT.jar:/home/user/.m2/repository/org/apache/ratis/ratis-grpc/0.5.0-d6d58d0-SNAPSHOT/ratis-grpc-0.5.0-d6d58d0-SNAPSHOT.jar:/home/user/.m2/repository/org/rocksdb/rocksdbjni/6.0.1/rocksdbjni-6.0.1.jar:/home/user/.m2/repository/org/apache/logging/log4j/log4j-api/2.11.0/log4j-api-2.11.0.jar:/home/user/.m2/repository/org/apache/logging/log4j/log4j-core/2.11.0/log4j-core-2.11.0.jar:/home/user/.m2/repository/com/lmax/disruptor/3.4.2/disruptor-3.4.2.jar:/home/user/.m2/repository/org/apache/commons/commons-pool2/2.6.0/commons-pool2-2.6.0.jar:/home/user/.m2/repository/org/bouncycastle/bcpkix-jdk15on/1.60/bcpkix-jdk15on-1.60.jar:/home/user/.m2/repository/commons-validator/commons-validator/1.6/commons-validator-1.6.jar:/home/user/.m2/repository/commons-digester/commons-digester/1.8.1/commons-digester-1.8.1.jar:/home/user/.m2/repository/io/jaegertracing/jaeger-client/0.34.0/jaeger-client-0.34.0.jar:/home/user/.m2/repository/io/jaegertracing/jaeger-thrift/0.34.0/jaeger-thrift-0.34.0.jar:/home/user/.m2/repository/org/apache/thrift/libthrift/0.12.0/libthrift-0.12.0.jar:/home/user/.m2/repository/com/squareup/okhttp3/okhttp/3.9.0/okhttp-3.9.0.jar:/home/user/.m2/repository/com/squareup/okio/okio/1.13.0/okio-1.13.0.jar:/home/user/.m2/repository/io/jaegertracing/jaeger-core/0.34.0/jaeger-core-0.34.0.jar:/home/user/.m2/repository/io/jaegertracing/jaeger-tracerresolver/0.34.0/jaeger-tracerresolver-0.34.0.jar:/home/user/.m2/repository/io/opentracing/contrib/opentracing-tracerresolver/0.1.5/opentracing-tracerresolver-0.1.5.jar:/home/user/.m2/repository/io/opentracing/opentracing-util/0.31.0/opentracing-util-0.31.0.jar:/home/user/.m2/repository/io/opentracing/opentracing-api/0.31.0/opentracing-api-0.31.0.jar:/home/user/.m2/repository/io/opentracing/opentracing-noop/0.31.0/opentracing-noop-0.31.0.jar:/home/user/.m2/repository/org/yaml/snakeyaml/1.16/snakeyaml-1.16.jar:/home/user/.m2/repository/org/apache/hadoop/hadoop-hdds-container-service/0.5.0-SNAPSHOT/hadoop-hdds-container-service-0.5.0-SNAPSHOT.jar:/home/user/.m2/repository/org/apache/hadoop/hadoop-hdds-client/0.5.0-SNAPSHOT/hadoop-hdds-client-0.5.0-SNAPSHOT.jar:/home/user/.m2/repository/org/apache/hadoop/hadoop-hdds-tools/0.5.0-SNAPSHOT/hadoop-hdds-tools-0.5.0-SNAPSHOT.jar:/home/user/.m2/repository/org/xerial/sqlite-jdbc/3.25.2/sqlite-jdbc-3.25.2.jar:/home/user/.m2/repository/org/apache/hadoop/hadoop-hdds-server-scm/0.5.0-SNAPSHOT/hadoop-hdds-server-scm-0.5.0-SNAPSHOT.jar:/home/user/.m2/repository/org/hamcrest/hamcrest-all/1.3/hamcrest-all-1.3.jar:/home/user/.m2/repository/info/picocli/picocli/3.9.6/picocli-3.9.6.jar:/home/user/.m2/repository/com/google/protobuf/protobuf-java/2.5.0/protobuf-java-2.5.0.jar:/home/user/.m2/repository/com/google/guava/guava/11.0.2/guava-11.0.2.jar:/home/user/.m2/repository/org/apache/hadoop/hadoop-ozone-client/0.5.0-SNAPSHOT/hadoop-ozone-client-0.5.0-SNAPSHOT.jar:/workdir/hadoop-ozone/ozonefs/target/classes:/home/user/.m2/repository/org/apache/httpcomponents/httpclient/4.5.2/httpclient-4.5.2.jar:/home/user/.m2/repository/org/apache/httpcomponents/httpcore/4.4.4/httpcore-4.4.4.jar:/home/user/.m2/repository/org/apache/hadoop/hadoop-hdds-server-framework/0.5.0-SNAPSHOT/hadoop-hdds-server-framework-0.5.0-SNAPSHOT.jar:/home/user/.m2/repository/org/apache/hadoop/hadoop-common/3.2.0/hadoop-common-3.2.0.jar:/home/user/.m2/repository/org/apache/hadoop/hadoop-annotations/3.2.0/hadoop-annotations-3.2.0.jar:/usr/lib/jvm/java-1.8.0-openjdk-1.8.0.222.b10-1.el7_7.x86_64/jre/../lib/tools.jar:/home/user/.m2/repository/commons-cli/commons-cli/1.2/commons-cli-1.2.jar:/home/user/.m2/repository/org/apache/commons/commons-math3/3.1.1/commons-math3-3.1.1.jar:/home/user/.m2/repository/commons-codec/commons-codec/1.11/commons-codec-1.11.jar:/home/user/.m2/repository/commons-io/commons-io/2.5/commons-io-2.5.jar:/home/user/.m2/repository/commons-net/commons-net/3.6/commons-net-3.6.jar:/home/user/.m2/repository/commons-collections/commons-collections/3.2.2/commons-collections-3.2.2.jar:/home/user/.m2/repository/javax/servlet/javax.servlet-api/3.1.0/javax.servlet-api-3.1.0.jar:/home/user/.m2/repository/org/eclipse/jetty/jetty-server/9.3.25.v20180904/jetty-server-9.3.25.v20180904.jar:/home/user/.m2/repository/org/eclipse/jetty/jetty-http/9.3.25.v20180904/jetty-http-9.3.25.v20180904.jar:/home/user/.m2/repository/org/eclipse/jetty/jetty-io/9.3.25.v20180904/jetty-io-9.3.25.v20180904.jar:/home/user/.m2/repository/org/eclipse/jetty/jetty-util/9.3.25.v20180904/jetty-util-9.3.25.v20180904.jar:/home/user/.m2/repository/org/eclipse/jetty/jetty-servlet/9.3.25.v20180904/jetty-servlet-9.3.25.v20180904.jar:/home/user/.m2/repository/org/eclipse/jetty/jetty-security/9.3.25.v20180904/jetty-security-9.3.25.v20180904.jar:/home/user/.m2/repository/org/eclipse/jetty/jetty-webapp/9.3.25.v20180904/jetty-webapp-9.3.25.v20180904.jar:/home/user/.m2/repository/org/eclipse/jetty/jetty-xml/9.3.25.v20180904/jetty-xml-9.3.25.v20180904.jar:/home/user/.m2/repository/javax/servlet/jsp/jsp-api/2.1/jsp-api-2.1.jar:/home/user/.m2/repository/com/sun/jersey/jersey-core/1.19/jersey-core-1.19.jar:/home/user/.m2/repository/javax/ws/rs/jsr311-api/1.1.1/jsr311-api-1.1.1.jar:/home/user/.m2/repository/com/sun/jersey/jersey-servlet/1.19/jersey-servlet-1.19.jar:/home/user/.m2/repository/com/sun/jersey/jersey-json/1.19/jersey-json-1.19.jar:/home/user/.m2/repository/org/codehaus/jettison/jettison/1.1/jettison-1.1.jar:/home/user/.m2/repository/com/sun/xml/bind/jaxb-impl/2.3.0.1/jaxb-impl-2.3.0.1.jar:/home/user/.m2/repository/org/codehaus/jackson/jackson-core-asl/1.9.13/jackson-core-asl-1.9.13.jar:/home/user/.m2/repository/org/codehaus/jackson/jackson-mapper-asl/1.9.13/jackson-mapper-asl-1.9.13.jar:/home/user/.m2/repository/org/codehaus/jackson/jackson-jaxrs/1.9.13/jackson-jaxrs-1.9.13.jar:/home/user/.m2/repository/org/codehaus/jackson/jackson-xc/1.9.13/jackson-xc-1.9.13.jar:/home/user/.m2/repository/com/sun/jersey/jersey-server/1.19/jersey-server-1.19.jar:/home/user/.m2/repository/commons-logging/commons-logging/1.1.3/commons-logging-1.1.3.jar:/home/user/.m2/repository/log4j/log4j/1.2.17/log4j-1.2.17.jar:/home/user/.m2/repository/commons-beanutils/commons-beanutils/1.9.4/commons-beanutils-1.9.4.jar:/home/user/.m2/repository/org/apache/commons/commons-configuration2/2.1.1/commons-configuration2-2.1.1.jar:/home/user/.m2/repository/org/apache/commons/commons-lang3/3.7/commons-lang3-3.7.jar:/home/user/.m2/repository/org/apache/commons/commons-text/1.4/commons-text-1.4.jar:/home/user/.m2/repository/org/slf4j/slf4j-api/1.7.25/slf4j-api-1.7.25.jar:/home/user/.m2/repository/org/slf4j/slf4j-log4j12/1.7.25/slf4j-log4j12-1.7.25.jar:/home/user/.m2/repository/org/apache/avro/avro/1.7.7/avro-1.7.7.jar:/home/user/.m2/repository/com/thoughtworks/paranamer/paranamer/2.3/paranamer-2.3.jar:/home/user/.m2/repository/org/xerial/snappy/snappy-java/1.0.5/snappy-java-1.0.5.jar:/home/user/.m2/repository/com/google/re2j/re2j/1.1/re2j-1.1.jar:/home/user/.m2/repository/com/google/code/gson/gson/2.2.4/gson-2.2.4.jar:/home/user/.m2/repository/org/apache/hadoop/hadoop-auth/3.2.0/hadoop-auth-3.2.0.jar:/home/user/.m2/repository/com/nimbusds/nimbus-jose-jwt/4.41.1/nimbus-jose-jwt-4.41.1.jar:/home/user/.m2/repository/com/github/stephenc/jcip/jcip-annotations/1.0-1/jcip-annotations-1.0-1.jar:/home/user/.m2/repository/net/minidev/json-smart/2.3/json-smart-2.3.jar:/home/user/.m2/repository/net/minidev/accessors-smart/1.2/accessors-smart-1.2.jar:/home/user/.m2/repository/org/apache/curator/curator-framework/2.12.0/curator-framework-2.12.0.jar:/home/user/.m2/repository/com/jcraft/jsch/0.1.54/jsch-0.1.54.jar:/home/user/.m2/repository/org/apache/curator/curator-client/2.12.0/curator-client-2.12.0.jar:/home/user/.m2/repository/org/apache/curator/curator-recipes/2.12.0/curator-recipes-2.12.0.jar:/home/user/.m2/repository/com/google/code/findbugs/jsr305/3.0.0/jsr305-3.0.0.jar:/home/user/.m2/repository/org/apache/htrace/htrace-core4/4.1.0-incubating/htrace-core4-4.1.0-incubating.jar:/home/user/.m2/repository/org/apache/zookeeper/zookeeper/3.4.13/zookeeper-3.4.13.jar:/home/user/.m2/repository/jline/jline/0.9.94/jline-0.9.94.jar:/home/user/.m2/repository/org/apache/yetus/audience-annotations/0.5.0/audience-annotations-0.5.0.jar:/home/user/.m2/repository/org/apache/kerby/kerb-simplekdc/1.0.1/kerb-simplekdc-1.0.1.jar:/home/user/.m2/repository/org/apache/kerby/kerb-client/1.0.1/kerb-client-1.0.1.jar:/home/user/.m2/repository/org/apache/kerby/kerby-config/1.0.1/kerby-config-1.0.1.jar:/home/user/.m2/repository/org/apache/kerby/kerb-core/1.0.1/kerb-core-1.0.1.jar:/home/user/.m2/repository/org/apache/kerby/kerby-pkix/1.0.1/kerby-pkix-1.0.1.jar:/home/user/.m2/repository/org/apache/kerby/kerby-asn1/1.0.1/kerby-asn1-1.0.1.jar:/home/user/.m2/repository/org/apache/kerby/kerby-util/1.0.1/kerby-util-1.0.1.jar:/home/user/.m2/repository/org/apache/kerby/kerb-common/1.0.1/kerb-common-1.0.1.jar:/home/user/.m2/repository/org/apache/kerby/kerb-crypto/1.0.1/kerb-crypto-1.0.1.jar:/home/user/.m2/repository/org/apache/kerby/kerb-util/1.0.1/kerb-util-1.0.1.jar:/home/user/.m2/repository/org/apache/kerby/token-provider/1.0.1/token-provider-1.0.1.jar:/home/user/.m2/repository/org/apache/kerby/kerb-admin/1.0.1/kerb-admin-1.0.1.jar:/home/user/.m2/repository/org/apache/kerby/kerb-server/1.0.1/kerb-server-1.0.1.jar:/home/user/.m2/repository/org/apache/kerby/kerb-identity/1.0.1/kerb-identity-1.0.1.jar:/home/user/.m2/repository/org/apache/kerby/kerby-xdr/1.0.1/kerby-xdr-1.0.1.jar:/home/user/.m2/repository/com/fasterxml/jackson/core/jackson-databind/2.9.9/jackson-databind-2.9.9.jar:/home/user/.m2/repository/com/fasterxml/jackson/core/jackson-core/2.9.9/jackson-core-2.9.9.jar:/home/user/.m2/repository/org/codehaus/woodstox/stax2-api/3.1.4/stax2-api-3.1.4.jar:/home/user/.m2/repository/com/fasterxml/woodstox/woodstox-core/5.0.3/woodstox-core-5.0.3.jar:/home/user/.m2/repository/dnsjava/dnsjava/2.1.7/dnsjava-2.1.7.jar:/home/user/.m2/repository/org/apache/hadoop/hadoop-hdfs/3.2.0/hadoop-hdfs-3.2.0.jar:/home/user/.m2/repository/org/eclipse/jetty/jetty-util-ajax/9.3.25.v20180904/jetty-util-ajax-9.3.25.v20180904.jar:/home/user/.m2/repository/commons-daemon/commons-daemon/1.0.13/commons-daemon-1.0.13.jar:/home/user/.m2/repository/io/netty/netty/3.10.5.Final/netty-3.10.5.Final.jar:/home/user/.m2/repository/io/netty/netty-all/4.0.52.Final/netty-all-4.0.52.Final.jar:/home/user/.m2/repository/org/fusesource/leveldbjni/leveldbjni-all/1.8/leveldbjni-all-1.8.jar:/home/user/.m2/repository/com/sun/xml/bind/jaxb-core/2.3.0.1/jaxb-core-2.3.0.1.jar:/home/user/.m2/repository/javax/xml/bind/jaxb-api/2.3.0/jaxb-api-2.3.0.jar:/home/user/.m2/repository/javax/activation/activation/1.1.1/activation-1.1.1.jar:/home/user/.m2/repository/org/openjdk/jmh/jmh-core/1.19/jmh-core-1.19.jar:/home/user/.m2/repository/net/sf/jopt-simple/jopt-simple/4.6/jopt-simple-4.6.jar:/home/user/.m2/repository/org/openjdk/jmh/jmh-generator-annprocess/1.19/jmh-generator-annprocess-1.19.jar:/home/user/.m2/repository/io/dropwizard/metrics/metrics-core/3.2.4/metrics-core-3.2.4.jar:/home/user/.m2/repository/com/amazonaws/aws-java-sdk-s3/1.11.615/aws-java-sdk-s3-1.11.615.jar:/home/user/.m2/repository/com/amazonaws/aws-java-sdk-kms/1.11.615/aws-java-sdk-kms-1.11.615.jar:/home/user/.m2/repository/com/amazonaws/aws-java-sdk-core/1.11.615/aws-java-sdk-core-1.11.615.jar:/home/user/.m2/repository/software/amazon/ion/ion-java/1.0.2/ion-java-1.0.2.jar:/home/user/.m2/repository/com/fasterxml/jackson/dataformat/jackson-dataformat-cbor/2.9.9/jackson-dataformat-cbor-2.9.9.jar:/home/user/.m2/repository/joda-time/joda-time/2.9.9/joda-time-2.9.9.jar:/home/user/.m2/repository/com/amazonaws/jmespath-java/1.11.615/jmespath-java-1.11.615.jar:/home/user/.m2/repository/com/github/spotbugs/spotbugs/3.1.12/spotbugs-3.1.12.jar:/home/user/.m2/repository/org/ow2/asm/asm/5.0.4/asm-5.0.4.jar:/home/user/.m2/repository/org/ow2/asm/asm-analysis/7.0/asm-analysis-7.0.jar:/home/user/.m2/repository/org/ow2/asm/asm-commons/7.0/asm-commons-7.0.jar:/home/user/.m2/repository/org/ow2/asm/asm-tree/7.0/asm-tree-7.0.jar:/home/user/.m2/repository/org/ow2/asm/asm-util/7.0/asm-util-7.0.jar:/home/user/.m2/repository/org/apache/bcel/bcel/6.3/bcel-6.3.jar:/home/user/.m2/repository/net/jcip/jcip-annotations/1.0/jcip-annotations-1.0.jar:/home/user/.m2/repository/org/dom4j/dom4j/2.1.1/dom4j-2.1.1.jar:/home/user/.m2/repository/jaxen/jaxen/1.1.6/jaxen-1.1.6.jar:/home/user/.m2/repository/commons-lang/commons-lang/2.6/commons-lang-2.6.jar:/home/user/.m2/repository/com/github/spotbugs/spotbugs-annotations/3.1.12/spotbugs-annotations-3.1.12.jar:/home/user/.m2/repository/junit/junit/4.11/junit-4.11.jar:/home/user/.m2/repository/org/hamcrest/hamcrest-core/1.3/hamcrest-core-1.3.jar:/home/user/.m2/repository/org/apache/hadoop/hadoop-common/3.2.0/hadoop-common-3.2.0-tests.jar:/workdir/hadoop-ozone/integration-test/target/test-classes:/home/user/.m2/repository/org/apache/hadoop/hadoop-ozone-s3gateway/0.5.0-SNAPSHOT/hadoop-ozone-s3gateway-0.5.0-SNAPSHOT.jar:/home/user/.m2/repository/org/jboss/weld/servlet/weld-servlet/2.4.7.Final/weld-servlet-2.4.7.Final.jar:/home/user/.m2/repository/org/glassfish/jersey/containers/jersey-container-servlet-core/2.27/jersey-container-servlet-core-2.27.jar:/home/user/.m2/repository/org/glassfish/hk2/external/javax.inject/2.5.0-b42/javax.inject-2.5.0-b42.jar:/home/user/.m2/repository/org/glassfish/jersey/core/jersey-common/2.27/jersey-common-2.27.jar:/home/user/.m2/repository/org/glassfish/hk2/osgi-resource-locator/1.0.1/osgi-resource-locator-1.0.1.jar:/home/user/.m2/repository/javax/ws/rs/javax.ws.rs-api/2.1/javax.ws.rs-api-2.1.jar:/home/user/.m2/repository/org/glassfish/jersey/ext/cdi/jersey-cdi1x/2.27/jersey-cdi1x-2.27.jar:/home/user/.m2/repository/org/glassfish/jersey/inject/jersey-hk2/2.27/jersey-hk2-2.27.jar:/home/user/.m2/repository/org/glassfish/hk2/hk2-locator/2.5.0-b42/hk2-locator-2.5.0-b42.jar:/home/user/.m2/repository/org/javassist/javassist/3.22.0-CR2/javassist-3.22.0-CR2.jar:/home/user/.m2/repository/org/glassfish/hk2/hk2-api/2.5.0/hk2-api-2.5.0.jar:/home/user/.m2/repository/org/glassfish/hk2/external/jakarta.inject/2.5.0/jakarta.inject-2.5.0.jar:/home/user/.m2/repository/org/glassfish/hk2/hk2-utils/2.5.0/hk2-utils-2.5.0.jar:/home/user/.m2/repository/jakarta/annotation/jakarta.annotation-api/1.3.4/jakarta.annotation-api-1.3.4.jar:/home/user/.m2/repository/org/glassfish/hk2/external/aopalliance-repackaged/2.5.0/aopalliance-repackaged-2.5.0.jar:/home/user/.m2/repository/com/fasterxml/jackson/dataformat/jackson-dataformat-xml/2.9.0/jackson-dataformat-xml-2.9.0.jar:/home/user/.m2/repository/com/fasterxml/jackson/module/jackson-module-jaxb-annotations/2.9.9/jackson-module-jaxb-annotations-2.9.9.jar:/home/user/.m2/repository/javax/enterprise/cdi-api/1.2/cdi-api-1.2.jar:/home/user/.m2/repository/javax/el/javax.el-api/3.0.0/javax.el-api-3.0.0.jar:/home/user/.m2/repository/javax/interceptor/javax.interceptor-api/1.2/javax.interceptor-api-1.2.jar:/home/user/.m2/repository/javax/inject/javax.inject/1/javax.inject-1.jar:/home/user/.m2/repository/org/apache/hadoop/hadoop-ozone-csi/0.5.0-SNAPSHOT/hadoop-ozone-csi-0.5.0-SNAPSHOT.jar:/home/user/.m2/repository/com/google/protobuf/protobuf-java-util/3.5.1/protobuf-java-util-3.5.1.jar:/home/user/.m2/repository/io/grpc/grpc-netty/1.17.1/grpc-netty-1.17.1.jar:/home/user/.m2/repository/io/grpc/grpc-core/1.17.1/grpc-core-1.17.1.jar:/home/user/.m2/repository/io/grpc/grpc-context/1.17.1/grpc-context-1.17.1.jar:/home/user/.m2/repository/com/google/errorprone/error_prone_annotations/2.2.0/error_prone_annotations-2.2.0.jar:/home/user/.m2/repository/org/codehaus/mojo/animal-sniffer-annotations/1.17/animal-sniffer-annotations-1.17.jar:/home/user/.m2/repository/io/opencensus/opencensus-api/0.17.0/opencensus-api-0.17.0.jar:/home/user/.m2/repository/io/opencensus/opencensus-contrib-grpc-metrics/0.17.0/opencensus-contrib-grpc-metrics-0.17.0.jar:/home/user/.m2/repository/io/netty/netty-codec-http2/4.1.30.Final/netty-codec-http2-4.1.30.Final.jar:/home/user/.m2/repository/io/netty/netty-codec-http/4.1.30.Final/netty-codec-http-4.1.30.Final.jar:/home/user/.m2/repository/io/netty/netty-codec/4.1.30.Final/netty-codec-4.1.30.Final.jar:/home/user/.m2/repository/io/netty/netty-handler/4.1.30.Final/netty-handler-4.1.30.Final.jar:/home/user/.m2/repository/io/netty/netty-handler-proxy/4.1.30.Final/netty-handler-proxy-4.1.30.Final.jar:/home/user/.m2/repository/io/netty/netty-codec-socks/4.1.30.Final/netty-codec-socks-4.1.30.Final.jar:/home/user/.m2/repository/io/netty/netty-transport-native-epoll/4.1.30.Final/netty-transport-native-epoll-4.1.30.Final.jar:/home/user/.m2/repository/io/netty/netty-common/4.1.30.Final/netty-common-4.1.30.Final.jar:/home/user/.m2/repository/io/netty/netty-buffer/4.1.30.Final/netty-buffer-4.1.30.Final.jar:/home/user/.m2/repository/io/netty/netty-transport/4.1.30.Final/netty-transport-4.1.30.Final.jar:/home/user/.m2/repository/io/netty/netty-resolver/4.1.30.Final/netty-resolver-4.1.30.Final.jar:/home/user/.m2/repository/io/netty/netty-transport-native-unix-common/4.1.30.Final/netty-transport-native-unix-common-4.1.30.Final.jar:/home/user/.m2/repository/io/grpc/grpc-protobuf/1.17.1/grpc-protobuf-1.17.1.jar:/home/user/.m2/repository/com/google/api/grpc/proto-google-common-protos/1.0.0/proto-google-common-protos-1.0.0.jar:/home/user/.m2/repository/io/grpc/grpc-protobuf-lite/1.17.1/grpc-protobuf-lite-1.17.1.jar:/home/user/.m2/repository/io/grpc/grpc-stub/1.17.1/grpc-stub-1.17.1.jar:/home/user/.m2/repository/org/apache/hadoop/hadoop-ozone-recon/0.5.0-SNAPSHOT/hadoop-ozone-recon-0.5.0-SNAPSHOT.jar:/home/user/.m2/repository/org/apache/hadoop/hadoop-ozone-reconcodegen/0.5.0-SNAPSHOT/hadoop-ozone-reconcodegen-0.5.0-SNAPSHOT.jar:/home/user/.m2/repository/com/google/inject/extensions/guice-multibindings/4.0/guice-multibindings-4.0.jar:/home/user/.m2/repository/com/google/inject/guice/4.0/guice-4.0.jar:/home/user/.m2/repository/aopalliance/aopalliance/1.0/aopalliance-1.0.jar:/home/user/.m2/repository/com/google/inject/extensions/guice-servlet/4.0/guice-servlet-4.0.jar:/home/user/.m2/repository/org/glassfish/jersey/containers/jersey-container-servlet/2.27/jersey-container-servlet-2.27.jar:/home/user/.m2/repository/org/glassfish/hk2/guice-bridge/2.5.0/guice-bridge-2.5.0.jar:/home/user/.m2/repository/org/glassfish/jersey/core/jersey-server/2.27/jersey-server-2.27.jar:/home/user/.m2/repository/org/glassfish/jersey/core/jersey-client/2.27/jersey-client-2.27.jar:/home/user/.m2/repository/org/glassfish/jersey/media/jersey-media-jaxb/2.27/jersey-media-jaxb-2.27.jar:/home/user/.m2/repository/javax/validation/validation-api/1.1.0.Final/validation-api-1.1.0.Final.jar:/home/user/.m2/repository/org/glassfish/jersey/media/jersey-media-json-jackson/2.27/jersey-media-json-jackson-2.27.jar:/home/user/.m2/repository/org/glassfish/jersey/ext/jersey-entity-filtering/2.27/jersey-entity-filtering-2.27.jar:/home/user/.m2/repository/com/google/inject/extensions/guice-assistedinject/4.0/guice-assistedinject-4.0.jar:/home/user/.m2/repository/org/jooq/jooq/3.11.10/jooq-3.11.10.jar:/home/user/.m2/repository/org/jooq/jooq-meta/3.11.10/jooq-meta-3.11.10.jar:/home/user/.m2/repository/org/jooq/jooq-codegen/3.11.10/jooq-codegen-3.11.10.jar:/home/user/.m2/repository/com/jolbox/bonecp/0.8.0.RELEASE/bonecp-0.8.0.RELEASE.jar:/home/user/.m2/repository/org/springframework/spring-jdbc/5.1.3.RELEASE/spring-jdbc-5.1.3.RELEASE.jar:/home/user/.m2/repository/org/springframework/spring-beans/5.1.3.RELEASE/spring-beans-5.1.3.RELEASE.jar:/home/user/.m2/repository/org/springframework/spring-core/5.1.3.RELEASE/spring-core-5.1.3.RELEASE.jar:/home/user/.m2/repository/org/springframework/spring-jcl/5.1.3.RELEASE/spring-jcl-5.1.3.RELEASE.jar:/home/user/.m2/repository/org/springframework/spring-tx/5.1.3.RELEASE/spring-tx-5.1.3.RELEASE.jar:/home/user/.m2/repository/org/mockito/mockito-core/2.15.0/mockito-core-2.15.0.jar:/home/user/.m2/repository/net/bytebuddy/byte-buddy/1.7.9/byte-buddy-1.7.9.jar:/home/user/.m2/repository/net/bytebuddy/byte-buddy-agent/1.7.9/byte-buddy-agent-1.7.9.jar:/home/user/.m2/repository/org/objenesis/objenesis/1.0/objenesis-1.0.jar:"/>
    <property name="sun.cpu.endian" value="little"/>
    <property name="user.home" value="/home/user"/>
    <property name="user.language" value="en"/>
    <property name="java.specification.vendor" value="Oracle Corporation"/>
    <property name="java.home" value="/usr/lib/jvm/java-1.8.0-openjdk-1.8.0.222.b10-1.el7_7.x86_64/jre"/>
    <property name="surefire.excludesFile" value="/tools/ozone-bad-unit-tests"/>
    <property name="java.security.krb5.conf" value="/workdir/hadoop-ozone/tools/target/test-classes/krb5.conf"/>
    <property name="basedir" value="/workdir/hadoop-ozone/tools"/>
    <property name="file.separator" value="/"/>
    <property name="line.separator" value="&#10;"/>
    <property name="java.vm.specification.vendor" value="Oracle Corporation"/>
    <property name="java.specification.name" value="Java Platform API Specification"/>
    <property name="java.awt.graphicsenv" value="sun.awt.X11GraphicsEnvironment"/>
    <property name="surefire.real.class.path" value="/workdir/hadoop-ozone/tools/target/surefire/surefirebooter3866834750303015621.jar"/>
    <property name="hadoop.log.dir" value="/workdir/hadoop-ozone/tools/target/log"/>
    <property name="sun.boot.class.path" value="/usr/lib/jvm/java-1.8.0-openjdk-1.8.0.222.b10-1.el7_7.x86_64/jre/lib/resources.jar:/usr/lib/jvm/java-1.8.0-openjdk-1.8.0.222.b10-1.el7_7.x86_64/jre/lib/rt.jar:/usr/lib/jvm/java-1.8.0-openjdk-1.8.0.222.b10-1.el7_7.x86_64/jre/lib/sunrsasign.jar:/usr/lib/jvm/java-1.8.0-openjdk-1.8.0.222.b10-1.el7_7.x86_64/jre/lib/jsse.jar:/usr/lib/jvm/java-1.8.0-openjdk-1.8.0.222.b10-1.el7_7.x86_64/jre/lib/jce.jar:/usr/lib/jvm/java-1.8.0-openjdk-1.8.0.222.b10-1.el7_7.x86_64/jre/lib/charsets.jar:/usr/lib/jvm/java-1.8.0-openjdk-1.8.0.222.b10-1.el7_7.x86_64/jre/lib/jfr.jar:/usr/lib/jvm/java-1.8.0-openjdk-1.8.0.222.b10-1.el7_7.x86_64/jre/classes"/>
    <property name="sun.management.compiler" value="HotSpot 64-Bit Tiered Compilers"/>
    <property name="java.runtime.version" value="1.8.0_222-b10"/>
    <property name="java.net.preferIPv4Stack" value="true"/>
    <property name="user.name" value="jenkins1000"/>
    <property name="path.separator" value=":"/>
    <property name="java.security.egd" value="file:///dev/urandom"/>
    <property name="os.version" value="3.10.0-957.12.2.el7.x86_64"/>
    <property name="java.endorsed.dirs" value="/usr/lib/jvm/java-1.8.0-openjdk-1.8.0.222.b10-1.el7_7.x86_64/jre/lib/endorsed"/>
    <property name="java.runtime.name" value="OpenJDK Runtime Environment"/>
    <property name="file.encoding" value="ANSI_X3.4-1968"/>
    <property name="java.vm.name" value="OpenJDK 64-Bit Server VM"/>
    <property name="test.build.webapps" value=""/>
    <property name="localRepository" value="/home/user/.m2/repository"/>
    <property name="java.vendor.url.bug" value="http://bugreport.sun.com/bugreport/"/>
    <property name="java.io.tmpdir" value="/tmp"/>
    <property name="require.test.libhadoop" value=""/>
    <property name="java.version" value="1.8.0_222"/>
    <property name="user.dir" value="/workdir/hadoop-ozone/tools"/>
    <property name="os.arch" value="amd64"/>
    <property name="java.vm.specification.name" value="Java Virtual Machine Specification"/>
    <property name="test.build.classes" value="/workdir/hadoop-ozone/tools/target/test-classes"/>
    <property name="java.awt.printerjob" value="sun.print.PSPrinterJob"/>
    <property name="sun.os.patch.level" value="unknown"/>
    <property name="hadoop.tmp.dir" value="/workdir/hadoop-ozone/tools/target/tmp"/>
    <property name="java.library.path" value="/usr/lib:/workdir/hadoop-ozone/tools/target/native/target/usr/local/lib:/workdir/hadoop-ozone/tools/../../hadoop-common-project/hadoop-common/target/native/target/usr/local/lib:/usr/java/packages/lib/amd64:/usr/lib64:/lib64:/lib:/usr/lib"/>
    <property name="java.vm.info" value="mixed mode"/>
    <property name="java.vendor" value="Oracle Corporation"/>
    <property name="java.vm.version" value="25.222-b10"/>
    <property name="java.ext.dirs" value="/usr/lib/jvm/java-1.8.0-openjdk-1.8.0.222.b10-1.el7_7.x86_64/jre/lib/ext:/usr/java/packages/lib/ext"/>
    <property name="sun.io.unicode.encoding" value="UnicodeLittle"/>
    <property name="java.class.version" value="52.0"/>
  </properties>
  <testcase name="testRestart" classname="org.apache.hadoop.ozone.freon.TestFreonWithPipelineDestroy" time="23.055">
    <error message="INTERNAL_ERROR org.apache.hadoop.ozone.om.exceptions.OMException: Allocated 0 blocks. Requested 5 blocks" type="java.lang.RuntimeException">java.lang.RuntimeException: INTERNAL_ERROR org.apache.hadoop.ozone.om.exceptions.OMException: Allocated 0 blocks. Requested 5 blocks
	at org.apache.hadoop.ozone.freon.RandomKeyGenerator.call(RandomKeyGenerator.java:341)
	at org.apache.hadoop.ozone.freon.TestFreonWithPipelineDestroy.startFreon(TestFreonWithPipelineDestroy.java:87)
	at org.apache.hadoop.ozone.freon.TestFreonWithPipelineDestroy.testRestart(TestFreonWithPipelineDestroy.java:74)
	at sun.reflect.NativeMethodAccessorImpl.invoke0(Native Method)
	at sun.reflect.NativeMethodAccessorImpl.invoke(NativeMethodAccessorImpl.java:62)
	at sun.reflect.DelegatingMethodAccessorImpl.invoke(DelegatingMethodAccessorImpl.java:43)
	at java.lang.reflect.Method.invoke(Method.java:498)
	at org.junit.runners.model.FrameworkMethod$1.runReflectiveCall(FrameworkMethod.java:47)
	at org.junit.internal.runners.model.ReflectiveCallable.run(ReflectiveCallable.java:12)
	at org.junit.runners.model.FrameworkMethod.invokeExplosively(FrameworkMethod.java:44)
	at org.junit.internal.runners.statements.InvokeMethod.evaluate(InvokeMethod.java:17)
	at org.junit.runners.ParentRunner.runLeaf(ParentRunner.java:271)
	at org.junit.runners.BlockJUnit4ClassRunner.runChild(BlockJUnit4ClassRunner.java:70)
	at org.junit.runners.BlockJUnit4ClassRunner.runChild(BlockJUnit4ClassRunner.java:50)
	at org.junit.runners.ParentRunner$3.run(ParentRunner.java:238)
	at org.junit.runners.ParentRunner$1.schedule(ParentRunner.java:63)
	at org.junit.runners.ParentRunner.runChildren(ParentRunner.java:236)
	at org.junit.runners.ParentRunner.access$000(ParentRunner.java:53)
	at org.junit.runners.ParentRunner$2.evaluate(ParentRunner.java:229)
	at org.junit.internal.runners.statements.RunBefores.evaluate(RunBefores.java:26)
	at org.junit.internal.runners.statements.RunAfters.evaluate(RunAfters.java:27)
	at org.junit.runners.ParentRunner.run(ParentRunner.java:309)
	at org.apache.maven.surefire.junit4.JUnit4Provider.execute(JUnit4Provider.java:365)
	at org.apache.maven.surefire.junit4.JUnit4Provider.executeWithRerun(JUnit4Provider.java:273)
	at org.apache.maven.surefire.junit4.JUnit4Provider.executeTestSet(JUnit4Provider.java:238)
	at org.apache.maven.surefire.junit4.JUnit4Provider.invoke(JUnit4Provider.java:159)
	at org.apache.maven.surefire.booter.ForkedBooter.invokeProviderInSameClassLoader(ForkedBooter.java:384)
	at org.apache.maven.surefire.booter.ForkedBooter.runSuitesInProcess(ForkedBooter.java:345)
	at org.apache.maven.surefire.booter.ForkedBooter.execute(ForkedBooter.java:126)
	at org.apache.maven.surefire.booter.ForkedBooter.main(ForkedBooter.java:418)
Caused by: INTERNAL_ERROR org.apache.hadoop.ozone.om.exceptions.OMException: Allocated 0 blocks. Requested 5 blocks
	at org.apache.hadoop.ozone.om.protocolPB.OzoneManagerProtocolClientSideTranslatorPB.handleError(OzoneManagerProtocolClientSideTranslatorPB.java:761)
	at org.apache.hadoop.ozone.om.protocolPB.OzoneManagerProtocolClientSideTranslatorPB.openKey(OzoneManagerProtocolClientSideTranslatorPB.java:752)
	at sun.reflect.NativeMethodAccessorImpl.invoke0(Native Method)
	at sun.reflect.NativeMethodAccessorImpl.invoke(NativeMethodAccessorImpl.java:62)
	at sun.reflect.DelegatingMethodAccessorImpl.invoke(DelegatingMethodAccessorImpl.java:43)
	at java.lang.reflect.Method.invoke(Method.java:498)
	at org.apache.hadoop.hdds.tracing.TraceAllMethod.invoke(TraceAllMethod.java:66)
	at com.sun.proxy.$Proxy37.openKey(Unknown Source)
	at org.apache.hadoop.ozone.client.rpc.RpcClient.createKey(RpcClient.java:634)
	at org.apache.hadoop.ozone.client.OzoneBucket.createKey(OzoneBucket.java:325)
	at org.apache.hadoop.ozone.freon.RandomKeyGenerator.createKey(RandomKeyGenerator.java:697)
	at org.apache.hadoop.ozone.freon.RandomKeyGenerator.access$1100(RandomKeyGenerator.java:88)
	at org.apache.hadoop.ozone.freon.RandomKeyGenerator$ObjectCreator.run(RandomKeyGenerator.java:615)
	at java.util.concurrent.Executors$RunnableAdapter.call(Executors.java:511)
	at java.util.concurrent.FutureTask.run(FutureTask.java:266)
	at java.util.concurrent.ThreadPoolExecutor.runWorker(ThreadPoolExecutor.java:1149)
	at java.util.concurrent.ThreadPoolExecutor$Worker.run(ThreadPoolExecutor.java:624)
	at java.lang.Thread.run(Thread.java:748)
</error>
    <system-out><![CDATA[2019-11-13 00:18:16,474 [main] WARN  server.ServerUtils (ServerUtils.java:getScmDbDir(145)) - ozone.scm.db.dirs is not configured. We recommend adding this setting. Falling back to ozone.metadata.dirs instead.
2019-11-13 00:18:16,575 [main] WARN  server.ServerUtils (ServerUtils.java:getScmDbDir(145)) - ozone.scm.db.dirs is not configured. We recommend adding this setting. Falling back to ozone.metadata.dirs instead.
2019-11-13 00:18:16,578 [main] WARN  server.ServerUtils (ServerUtils.java:getScmDbDir(145)) - ozone.scm.db.dirs is not configured. We recommend adding this setting. Falling back to ozone.metadata.dirs instead.
2019-11-13 00:18:16,597 [main] INFO  util.log (Log.java:initialized(192)) - Logging initialized @808ms
2019-11-13 00:18:16,671 [main] INFO  db.DBStoreBuilder (DBStoreBuilder.java:addTable(127)) - using custom profile for table: deletedBlocks
2019-11-13 00:18:16,671 [main] INFO  db.DBStoreBuilder (DBStoreBuilder.java:processTables(183)) - Using default column profile:DBProfile.DISK for Table:deletedBlocks
2019-11-13 00:18:16,671 [main] INFO  db.DBStoreBuilder (DBStoreBuilder.java:addTable(127)) - using custom profile for table: validCerts
2019-11-13 00:18:16,672 [main] INFO  db.DBStoreBuilder (DBStoreBuilder.java:processTables(183)) - Using default column profile:DBProfile.DISK for Table:validCerts
2019-11-13 00:18:16,672 [main] INFO  db.DBStoreBuilder (DBStoreBuilder.java:addTable(127)) - using custom profile for table: revokedCerts
2019-11-13 00:18:16,672 [main] INFO  db.DBStoreBuilder (DBStoreBuilder.java:processTables(183)) - Using default column profile:DBProfile.DISK for Table:revokedCerts
2019-11-13 00:18:16,681 [main] INFO  db.DBStoreBuilder (DBStoreBuilder.java:addTable(127)) - using custom profile for table: default
2019-11-13 00:18:16,681 [main] INFO  db.DBStoreBuilder (DBStoreBuilder.java:processTables(189)) - Using default column profile:DBProfile.DISK for Table:default
2019-11-13 00:18:16,682 [main] INFO  db.DBStoreBuilder (DBStoreBuilder.java:getDbProfile(220)) - Using default options. DBProfile.DISK
2019-11-13 00:18:17,077 [main] INFO  net.NodeSchemaLoader (NodeSchemaLoader.java:loadSchemaFromFile(125)) - Loading file from sun.misc.CompoundEnumeration@618b19ad
2019-11-13 00:18:17,078 [main] INFO  net.NodeSchemaLoader (NodeSchemaLoader.java:loadSchema(171)) - Loading network topology layer schema file
2019-11-13 00:18:17,136 [main] INFO  node.SCMNodeManager (SCMNodeManager.java:<init>(116)) - Entering startup safe mode.
2019-11-13 00:18:17,215 [main] INFO  algorithms.ContainerPlacementPolicyFactory (ContainerPlacementPolicyFactory.java:getPolicy(57)) - Create container placement policy of type org.apache.hadoop.hdds.scm.container.placement.algorithms.SCMContainerPlacementRandom
2019-11-13 00:18:17,228 [main] WARN  server.ServerUtils (ServerUtils.java:getScmDbDir(145)) - ozone.scm.db.dirs is not configured. We recommend adding this setting. Falling back to ozone.metadata.dirs instead.
2019-11-13 00:18:17,309 [main] INFO  pipeline.SCMPipelineManager (SCMPipelineManager.java:initializePipelineState(132)) - No pipeline exists in current db
2019-11-13 00:18:17,312 [main] WARN  server.ServerUtils (ServerUtils.java:getScmDbDir(145)) - ozone.scm.db.dirs is not configured. We recommend adding this setting. Falling back to ozone.metadata.dirs instead.
2019-11-13 00:18:17,545 [main] WARN  events.EventQueue (EventQueue.java:fireEvent(183)) - No event handler registered for event TypedEvent{payloadType=SafeModeStatus, name='SafeModeStatus'}
2019-11-13 00:18:17,915 [main] INFO  ipc.CallQueueManager (CallQueueManager.java:<init>(84)) - Using callQueue: class java.util.concurrent.LinkedBlockingQueue, queueCapacity: 2000, scheduler: class org.apache.hadoop.ipc.DefaultRpcScheduler, ipcBackoff: false.
2019-11-13 00:18:17,939 [Socket Reader #1 for port 39867] INFO  ipc.Server (Server.java:run(1074)) - Starting Socket Reader #1 for port 39867
2019-11-13 00:18:18,072 [main] INFO  ipc.CallQueueManager (CallQueueManager.java:<init>(84)) - Using callQueue: class java.util.concurrent.LinkedBlockingQueue, queueCapacity: 2000, scheduler: class org.apache.hadoop.ipc.DefaultRpcScheduler, ipcBackoff: false.
2019-11-13 00:18:18,074 [Socket Reader #1 for port 41780] INFO  ipc.Server (Server.java:run(1074)) - Starting Socket Reader #1 for port 41780
2019-11-13 00:18:18,084 [main] INFO  ipc.CallQueueManager (CallQueueManager.java:<init>(84)) - Using callQueue: class java.util.concurrent.LinkedBlockingQueue, queueCapacity: 2000, scheduler: class org.apache.hadoop.ipc.DefaultRpcScheduler, ipcBackoff: false.
2019-11-13 00:18:18,085 [Socket Reader #1 for port 46880] INFO  ipc.Server (Server.java:run(1074)) - Starting Socket Reader #1 for port 46880
2019-11-13 00:18:18,114 [main] INFO  hdfs.DFSUtil (DFSUtil.java:httpServerTemplateForNNAndJN(1641)) - Starting Web-server for scm at: http://0.0.0.0:0
2019-11-13 00:18:18,263 [main] INFO  server.AuthenticationFilter (AuthenticationFilter.java:constructSecretProvider(240)) - Unable to initialize FileSignerSecretProvider, falling back to use random secrets.
2019-11-13 00:18:18,279 [main] WARN  http.HttpRequestLog (HttpRequestLog.java:getRequestLog(97)) - Jetty request log can only be enabled using Log4j
2019-11-13 00:18:18,287 [main] INFO  http.HttpServer2 (HttpServer2.java:addGlobalFilter(975)) - Added global filter 'safety' (class=org.apache.hadoop.http.HttpServer2$QuotingInputFilter)
2019-11-13 00:18:18,290 [main] INFO  http.HttpServer2 (HttpServer2.java:addFilter(948)) - Added filter static_user_filter (class=org.apache.hadoop.http.lib.StaticUserWebFilter$StaticUserFilter) to context scm
2019-11-13 00:18:18,290 [main] INFO  http.HttpServer2 (HttpServer2.java:addFilter(958)) - Added filter static_user_filter (class=org.apache.hadoop.http.lib.StaticUserWebFilter$StaticUserFilter) to context static
2019-11-13 00:18:18,290 [main] INFO  http.HttpServer2 (HttpServer2.java:addFilter(958)) - Added filter static_user_filter (class=org.apache.hadoop.http.lib.StaticUserWebFilter$StaticUserFilter) to context logs
2019-11-13 00:18:18,317 [main] INFO  server.StorageContainerManager (StorageContainerManager.java:start(764)) - StorageContainerLocationProtocol RPC server is listening at /0.0.0.0:46880
2019-11-13 00:18:18,367 [main] WARN  impl.MetricsConfig (MetricsConfig.java:loadFirst(134)) - Cannot locate configuration: tried hadoop-metrics2-storagecontainermanager.properties,hadoop-metrics2.properties
2019-11-13 00:18:18,379 [main] INFO  impl.MetricsSystemImpl (MetricsSystemImpl.java:startTimer(374)) - Scheduled Metric snapshot period at 10 second(s).
2019-11-13 00:18:18,379 [main] INFO  impl.MetricsSystemImpl (MetricsSystemImpl.java:start(191)) - StorageContainerManager metrics system started
2019-11-13 00:18:18,588 [main] INFO  server.SCMClientProtocolServer (SCMClientProtocolServer.java:start(159)) - RPC server for Client  is listening at /0.0.0.0:46880
2019-11-13 00:18:18,588 [IPC Server Responder] INFO  ipc.Server (Server.java:run(1314)) - IPC Server Responder: starting
2019-11-13 00:18:18,588 [IPC Server listener on 46880] INFO  ipc.Server (Server.java:run(1153)) - IPC Server listener on 46880: starting
2019-11-13 00:18:18,591 [main] INFO  server.StorageContainerManager (StorageContainerManager.java:start(774)) - ScmBlockLocationProtocol RPC server is listening at /0.0.0.0:41780
2019-11-13 00:18:18,592 [main] INFO  server.SCMBlockProtocolServer (SCMBlockProtocolServer.java:start(146)) - RPC server for Block Protocol is listening at /0.0.0.0:41780
2019-11-13 00:18:18,593 [IPC Server Responder] INFO  ipc.Server (Server.java:run(1314)) - IPC Server Responder: starting
2019-11-13 00:18:18,593 [IPC Server listener on 41780] INFO  ipc.Server (Server.java:run(1153)) - IPC Server listener on 41780: starting
2019-11-13 00:18:18,595 [main] INFO  server.StorageContainerManager (StorageContainerManager.java:start(778)) - ScmDatanodeProtocl RPC server is listening at /0.0.0.0:39867
2019-11-13 00:18:18,595 [main] INFO  server.SCMDatanodeProtocolServer (SCMDatanodeProtocolServer.java:start(169)) - RPC server for DataNodes is listening at /0.0.0.0:39867
2019-11-13 00:18:18,596 [IPC Server Responder] INFO  ipc.Server (Server.java:run(1314)) - IPC Server Responder: starting
2019-11-13 00:18:18,596 [IPC Server listener on 39867] INFO  ipc.Server (Server.java:run(1153)) - IPC Server listener on 39867: starting
2019-11-13 00:18:18,600 [main] INFO  http.HttpServer2 (HttpServer2.java:bindListener(1191)) - Jetty bound to port 42665
2019-11-13 00:18:18,601 [main] INFO  server.Server (Server.java:doStart(351)) - jetty-9.3.25.v20180904, build timestamp: 2018-09-04T21:11:46Z, git hash: 3ce520221d0240229c862b122d2b06c12a625732
2019-11-13 00:18:18,633 [main] INFO  handler.ContextHandler (ContextHandler.java:doStart(781)) - Started o.e.j.s.ServletContextHandler@293a5f75{/logs,file:///workdir/hadoop-ozone/tools/target/log,AVAILABLE}
2019-11-13 00:18:18,633 [main] INFO  handler.ContextHandler (ContextHandler.java:doStart(781)) - Started o.e.j.s.ServletContextHandler@2dd29a59{/static,jar:file:/home/user/.m2/repository/org/apache/hadoop/hadoop-hdds-server-scm/0.5.0-SNAPSHOT/hadoop-hdds-server-scm-0.5.0-SNAPSHOT.jar!/webapps/static,AVAILABLE}
2019-11-13 00:18:18,704 [main] INFO  handler.ContextHandler (ContextHandler.java:doStart(781)) - Started o.e.j.w.WebAppContext@6815c5f2{/,file:///tmp/jetty-0.0.0.0-42665-scm-_-any-1570003033941383780.dir/webapp/,AVAILABLE}{/scm}
2019-11-13 00:18:18,709 [main] INFO  server.AbstractConnector (AbstractConnector.java:doStart(278)) - Started ServerConnector@7689ddef{HTTP/1.1,[http/1.1]}{0.0.0.0:42665}
2019-11-13 00:18:18,709 [main] INFO  server.Server (Server.java:doStart(419)) - Started @2920ms
2019-11-13 00:18:18,711 [main] INFO  impl.MetricsSinkAdapter (MetricsSinkAdapter.java:start(204)) - Sink prometheus started
2019-11-13 00:18:18,712 [main] INFO  impl.MetricsSystemImpl (MetricsSystemImpl.java:registerSink(301)) - Registered sink prometheus
2019-11-13 00:18:18,713 [main] INFO  server.BaseHttpServer (BaseHttpServer.java:updateConnectorAddress(215)) - HTTP server of SCM is listening at http://0.0.0.0:42665
2019-11-13 00:18:18,723 [org.apache.hadoop.util.JvmPauseMonitor$Monitor@27eb3298] INFO  util.JvmPauseMonitor (JvmPauseMonitor.java:run(188)) - Starting JVM pause monitor
2019-11-13 00:18:18,727 [main] WARN  server.ServerUtils (ServerUtils.java:getDBPath(222)) - ozone.om.db.dirs is not configured. We recommend adding this setting. Falling back to ozone.metadata.dirs instead.
2019-11-13 00:18:18,873 [main] INFO  ha.OMHANodeDetails (OMHANodeDetails.java:loadOMHAConfig(190)) - Configuration either no ozone.om.address set. Falling back to the default OM address /127.0.0.1:0
2019-11-13 00:18:18,874 [main] INFO  ha.OMHANodeDetails (OMHANodeDetails.java:getOMNodeDetails(220)) - OM Service ID is not set. Setting it to the default ID: omServiceIdDefault
2019-11-13 00:18:18,875 [main] WARN  server.ServerUtils (ServerUtils.java:getDBPath(222)) - ozone.om.db.dirs is not configured. We recommend adding this setting. Falling back to ozone.metadata.dirs instead.
2019-11-13 00:18:18,876 [main] WARN  server.ServerUtils (ServerUtils.java:getDBPath(222)) - ozone.om.db.dirs is not configured. We recommend adding this setting. Falling back to ozone.metadata.dirs instead.
2019-11-13 00:18:19,509 [main] WARN  server.ServerUtils (ServerUtils.java:getDBPath(222)) - ozone.om.db.dirs is not configured. We recommend adding this setting. Falling back to ozone.metadata.dirs instead.
2019-11-13 00:18:19,518 [main] INFO  db.DBStoreBuilder (DBStoreBuilder.java:addTable(127)) - using custom profile for table: userTable
2019-11-13 00:18:19,518 [main] INFO  db.DBStoreBuilder (DBStoreBuilder.java:processTables(183)) - Using default column profile:DBProfile.DISK for Table:userTable
2019-11-13 00:18:19,518 [main] INFO  db.DBStoreBuilder (DBStoreBuilder.java:addTable(127)) - using custom profile for table: volumeTable
2019-11-13 00:18:19,518 [main] INFO  db.DBStoreBuilder (DBStoreBuilder.java:processTables(183)) - Using default column profile:DBProfile.DISK for Table:volumeTable
2019-11-13 00:18:19,519 [main] INFO  db.DBStoreBuilder (DBStoreBuilder.java:addTable(127)) - using custom profile for table: bucketTable
2019-11-13 00:18:19,519 [main] INFO  db.DBStoreBuilder (DBStoreBuilder.java:processTables(183)) - Using default column profile:DBProfile.DISK for Table:bucketTable
2019-11-13 00:18:19,519 [main] INFO  db.DBStoreBuilder (DBStoreBuilder.java:addTable(127)) - using custom profile for table: keyTable
2019-11-13 00:18:19,519 [main] INFO  db.DBStoreBuilder (DBStoreBuilder.java:processTables(183)) - Using default column profile:DBProfile.DISK for Table:keyTable
2019-11-13 00:18:19,520 [main] INFO  db.DBStoreBuilder (DBStoreBuilder.java:addTable(127)) - using custom profile for table: deletedTable
2019-11-13 00:18:19,520 [main] INFO  db.DBStoreBuilder (DBStoreBuilder.java:processTables(183)) - Using default column profile:DBProfile.DISK for Table:deletedTable
2019-11-13 00:18:19,520 [main] INFO  db.DBStoreBuilder (DBStoreBuilder.java:addTable(127)) - using custom profile for table: openKeyTable
2019-11-13 00:18:19,520 [main] INFO  db.DBStoreBuilder (DBStoreBuilder.java:processTables(183)) - Using default column profile:DBProfile.DISK for Table:openKeyTable
2019-11-13 00:18:19,521 [main] INFO  db.DBStoreBuilder (DBStoreBuilder.java:addTable(127)) - using custom profile for table: s3Table
2019-11-13 00:18:19,521 [main] INFO  db.DBStoreBuilder (DBStoreBuilder.java:processTables(183)) - Using default column profile:DBProfile.DISK for Table:s3Table
2019-11-13 00:18:19,521 [main] INFO  db.DBStoreBuilder (DBStoreBuilder.java:addTable(127)) - using custom profile for table: multipartInfoTable
2019-11-13 00:18:19,521 [main] INFO  db.DBStoreBuilder (DBStoreBuilder.java:processTables(183)) - Using default column profile:DBProfile.DISK for Table:multipartInfoTable
2019-11-13 00:18:19,522 [main] INFO  db.DBStoreBuilder (DBStoreBuilder.java:addTable(127)) - using custom profile for table: dTokenTable
2019-11-13 00:18:19,522 [main] INFO  db.DBStoreBuilder (DBStoreBuilder.java:processTables(183)) - Using default column profile:DBProfile.DISK for Table:dTokenTable
2019-11-13 00:18:19,522 [main] INFO  db.DBStoreBuilder (DBStoreBuilder.java:addTable(127)) - using custom profile for table: s3SecretTable
2019-11-13 00:18:19,522 [main] INFO  db.DBStoreBuilder (DBStoreBuilder.java:processTables(183)) - Using default column profile:DBProfile.DISK for Table:s3SecretTable
2019-11-13 00:18:19,523 [main] INFO  db.DBStoreBuilder (DBStoreBuilder.java:addTable(127)) - using custom profile for table: prefixTable
2019-11-13 00:18:19,523 [main] INFO  db.DBStoreBuilder (DBStoreBuilder.java:processTables(183)) - Using default column profile:DBProfile.DISK for Table:prefixTable
2019-11-13 00:18:19,523 [main] INFO  db.DBStoreBuilder (DBStoreBuilder.java:addTable(127)) - using custom profile for table: default
2019-11-13 00:18:19,523 [main] INFO  db.DBStoreBuilder (DBStoreBuilder.java:processTables(189)) - Using default column profile:DBProfile.DISK for Table:default
2019-11-13 00:18:19,524 [main] INFO  db.DBStoreBuilder (DBStoreBuilder.java:getDbProfile(220)) - Using default options. DBProfile.DISK
2019-11-13 00:18:20,385 [main] INFO  ipc.CallQueueManager (CallQueueManager.java:<init>(84)) - Using callQueue: class java.util.concurrent.LinkedBlockingQueue, queueCapacity: 2000, scheduler: class org.apache.hadoop.ipc.DefaultRpcScheduler, ipcBackoff: false.
2019-11-13 00:18:20,387 [Socket Reader #1 for port 43128] INFO  ipc.Server (Server.java:run(1074)) - Starting Socket Reader #1 for port 43128
2019-11-13 00:18:20,412 [main] INFO  om.OzoneManager (OzoneManager.java:start(1077)) - OzoneManager RPC server is listening at localhost/127.0.0.1:43128
2019-11-13 00:18:20,413 [main] INFO  impl.MetricsSystemImpl (MetricsSystemImpl.java:init(158)) - OzoneManager metrics system started (again)
2019-11-13 00:18:20,421 [IPC Server Responder] INFO  ipc.Server (Server.java:run(1314)) - IPC Server Responder: starting
2019-11-13 00:18:20,421 [IPC Server listener on 43128] INFO  ipc.Server (Server.java:run(1153)) - IPC Server listener on 43128: starting
2019-11-13 00:18:20,428 [main] INFO  hdfs.DFSUtil (DFSUtil.java:httpServerTemplateForNNAndJN(1641)) - Starting Web-server for ozoneManager at: http://0.0.0.0:0
2019-11-13 00:18:20,431 [main] INFO  server.AuthenticationFilter (AuthenticationFilter.java:constructSecretProvider(240)) - Unable to initialize FileSignerSecretProvider, falling back to use random secrets.
2019-11-13 00:18:20,431 [main] WARN  http.HttpRequestLog (HttpRequestLog.java:getRequestLog(97)) - Jetty request log can only be enabled using Log4j
2019-11-13 00:18:20,435 [main] INFO  http.HttpServer2 (HttpServer2.java:addGlobalFilter(975)) - Added global filter 'safety' (class=org.apache.hadoop.http.HttpServer2$QuotingInputFilter)
2019-11-13 00:18:20,436 [main] INFO  http.HttpServer2 (HttpServer2.java:addFilter(948)) - Added filter static_user_filter (class=org.apache.hadoop.http.lib.StaticUserWebFilter$StaticUserFilter) to context ozoneManager
2019-11-13 00:18:20,437 [main] INFO  http.HttpServer2 (HttpServer2.java:addFilter(958)) - Added filter static_user_filter (class=org.apache.hadoop.http.lib.StaticUserWebFilter$StaticUserFilter) to context static
2019-11-13 00:18:20,437 [main] INFO  http.HttpServer2 (HttpServer2.java:addFilter(958)) - Added filter static_user_filter (class=org.apache.hadoop.http.lib.StaticUserWebFilter$StaticUserFilter) to context logs
2019-11-13 00:18:20,440 [main] INFO  http.HttpServer2 (HttpServer2.java:bindListener(1191)) - Jetty bound to port 41585
2019-11-13 00:18:20,440 [main] INFO  server.Server (Server.java:doStart(351)) - jetty-9.3.25.v20180904, build timestamp: 2018-09-04T21:11:46Z, git hash: 3ce520221d0240229c862b122d2b06c12a625732
2019-11-13 00:18:20,443 [main] INFO  handler.ContextHandler (ContextHandler.java:doStart(781)) - Started o.e.j.s.ServletContextHandler@7b208b45{/logs,file:///workdir/hadoop-ozone/tools/target/log,AVAILABLE}
2019-11-13 00:18:20,444 [main] INFO  handler.ContextHandler (ContextHandler.java:doStart(781)) - Started o.e.j.s.ServletContextHandler@34523d46{/static,jar:file:/home/user/.m2/repository/org/apache/hadoop/hadoop-ozone-ozone-manager/0.5.0-SNAPSHOT/hadoop-ozone-ozone-manager-0.5.0-SNAPSHOT.jar!/webapps/static,AVAILABLE}
2019-11-13 00:18:20,512 [main] INFO  handler.ContextHandler (ContextHandler.java:doStart(781)) - Started o.e.j.w.WebAppContext@2a49fe{/,file:///tmp/jetty-0.0.0.0-41585-ozoneManager-_-any-2411635911057960186.dir/webapp/,AVAILABLE}{/ozoneManager}
2019-11-13 00:18:20,512 [main] INFO  server.AbstractConnector (AbstractConnector.java:doStart(278)) - Started ServerConnector@66596a88{HTTP/1.1,[http/1.1]}{0.0.0.0:41585}
2019-11-13 00:18:20,513 [main] INFO  server.Server (Server.java:doStart(419)) - Started @4724ms
2019-11-13 00:18:20,514 [main] WARN  impl.MetricsSystemImpl (MetricsSystemImpl.java:register(276)) - Sink prometheus already exists!
2019-11-13 00:18:20,515 [main] INFO  server.BaseHttpServer (BaseHttpServer.java:updateConnectorAddress(215)) - HTTP server of OZONEMANAGER is listening at http://0.0.0.0:41585
2019-11-13 00:18:20,807 [main] INFO  impl.MetricsSystemImpl (MetricsSystemImpl.java:init(158)) - HddsDatanode metrics system started (again)
2019-11-13 00:18:20,856 [main] INFO  ozone.HddsDatanodeService (HddsDatanodeService.java:start(186)) - HddsDatanodeService host:pr-hdds-2105-428fw-2136415640 ip:192.168.69.93
2019-11-13 00:18:20,890 [main] INFO  volume.HddsVolume (HddsVolume.java:<init>(176)) - Creating Volume: /workdir/hadoop-ozone/tools/target/test-dir/MiniOzoneClusterImpl-c985667c-5a49-4bf8-9026-25e6eecde886/datanode-0/data/containers/hdds of  storage type : DISK and capacity : 1482555576320
2019-11-13 00:18:20,892 [main] INFO  volume.VolumeSet (VolumeSet.java:initializeVolumeSet(170)) - Added Volume : /workdir/hadoop-ozone/tools/target/test-dir/MiniOzoneClusterImpl-c985667c-5a49-4bf8-9026-25e6eecde886/datanode-0/data/containers/hdds to VolumeSet
2019-11-13 00:18:20,895 [main] INFO  volume.ThrottledAsyncChecker (ThrottledAsyncChecker.java:schedule(141)) - Scheduling a check for /workdir/hadoop-ozone/tools/target/test-dir/MiniOzoneClusterImpl-c985667c-5a49-4bf8-9026-25e6eecde886/datanode-0/data/containers/hdds
2019-11-13 00:18:20,912 [main] INFO  volume.HddsVolumeChecker (HddsVolumeChecker.java:checkAllVolumes(204)) - Scheduled health check for volume /workdir/hadoop-ozone/tools/target/test-dir/MiniOzoneClusterImpl-c985667c-5a49-4bf8-9026-25e6eecde886/datanode-0/data/containers/hdds
2019-11-13 00:18:21,052 [main] INFO  impl.RaftServerProxy (ConfUtils.java:logGet(43)) - raft.rpc.type = GRPC (default)
2019-11-13 00:18:21,130 [main] INFO  grpc.GrpcFactory (GrpcFactory.java:checkPooledByteBufAllocatorUseCacheForAllThreads(45)) - PERFORMANCE WARNING: useCacheForAllThreads is true that may cause Netty to create a lot garbage objects and, as a result, trigger GC.
	It is recommended to disable useCacheForAllThreads by setting -Dorg.apache.ratis.thirdparty.io.netty.allocator.useCacheForAllThreads=false in command line.
2019-11-13 00:18:21,135 [main] INFO  grpc.GrpcConfigKeys$Server (ConfUtils.java:logGet(43)) - raft.grpc.server.port = 0 (default)
2019-11-13 00:18:21,136 [main] INFO  server.GrpcService (ConfUtils.java:logGet(43)) - raft.grpc.message.size.max = 33570816 (custom)
2019-11-13 00:18:21,138 [main] INFO  server.RaftServerConfigKeys (ConfUtils.java:logGet(43)) - raft.server.log.appender.buffer.byte-limit = 33554432 (custom)
2019-11-13 00:18:21,139 [main] INFO  server.GrpcService (ConfUtils.java:logGet(43)) - raft.grpc.flow.control.window = 1MB (=1048576) (default)
2019-11-13 00:18:21,139 [main] INFO  server.RaftServerConfigKeys (ConfUtils.java:logGet(43)) - raft.server.rpc.request.timeout = 3000ms (default)
2019-11-13 00:18:21,294 [main] INFO  server.RaftServerConfigKeys (ConfUtils.java:logGet(43)) - raft.server.storage.dir = [/workdir/hadoop-ozone/tools/target/test-dir/MiniOzoneClusterImpl-c985667c-5a49-4bf8-9026-25e6eecde886/datanode-0/data/ratis] (custom)
2019-11-13 00:18:21,341 [main] INFO  hdfs.DFSUtil (DFSUtil.java:httpServerTemplateForNNAndJN(1641)) - Starting Web-server for hddsDatanode at: http://0.0.0.0:0
2019-11-13 00:18:21,343 [main] INFO  server.AuthenticationFilter (AuthenticationFilter.java:constructSecretProvider(240)) - Unable to initialize FileSignerSecretProvider, falling back to use random secrets.
2019-11-13 00:18:21,344 [main] WARN  http.HttpRequestLog (HttpRequestLog.java:getRequestLog(97)) - Jetty request log can only be enabled using Log4j
2019-11-13 00:18:21,346 [main] INFO  http.HttpServer2 (HttpServer2.java:addGlobalFilter(975)) - Added global filter 'safety' (class=org.apache.hadoop.http.HttpServer2$QuotingInputFilter)
2019-11-13 00:18:21,347 [main] INFO  http.HttpServer2 (HttpServer2.java:addFilter(948)) - Added filter static_user_filter (class=org.apache.hadoop.http.lib.StaticUserWebFilter$StaticUserFilter) to context hddsDatanode
2019-11-13 00:18:21,348 [main] INFO  http.HttpServer2 (HttpServer2.java:addFilter(958)) - Added filter static_user_filter (class=org.apache.hadoop.http.lib.StaticUserWebFilter$StaticUserFilter) to context static
2019-11-13 00:18:21,348 [main] INFO  http.HttpServer2 (HttpServer2.java:addFilter(958)) - Added filter static_user_filter (class=org.apache.hadoop.http.lib.StaticUserWebFilter$StaticUserFilter) to context logs
2019-11-13 00:18:21,349 [main] INFO  http.HttpServer2 (HttpServer2.java:bindListener(1191)) - Jetty bound to port 38584
2019-11-13 00:18:21,349 [main] INFO  server.Server (Server.java:doStart(351)) - jetty-9.3.25.v20180904, build timestamp: 2018-09-04T21:11:46Z, git hash: 3ce520221d0240229c862b122d2b06c12a625732
2019-11-13 00:18:21,353 [main] INFO  handler.ContextHandler (ContextHandler.java:doStart(781)) - Started o.e.j.s.ServletContextHandler@673919a7{/logs,file:///workdir/hadoop-ozone/tools/target/log,AVAILABLE}
2019-11-13 00:18:21,354 [main] INFO  handler.ContextHandler (ContextHandler.java:doStart(781)) - Started o.e.j.s.ServletContextHandler@2436ea2f{/static,jar:file:/home/user/.m2/repository/org/apache/hadoop/hadoop-hdds-container-service/0.5.0-SNAPSHOT/hadoop-hdds-container-service-0.5.0-SNAPSHOT.jar!/webapps/static,AVAILABLE}
2019-11-13 00:18:21,392 [main] INFO  handler.ContextHandler (ContextHandler.java:doStart(781)) - Started o.e.j.w.WebAppContext@60783105{/,file:///tmp/jetty-0.0.0.0-38584-hddsDatanode-_-any-2622172277928496723.dir/webapp/,AVAILABLE}{/hddsDatanode}
2019-11-13 00:18:21,392 [main] INFO  server.AbstractConnector (AbstractConnector.java:doStart(278)) - Started ServerConnector@1292071f{HTTP/1.1,[http/1.1]}{0.0.0.0:38584}
2019-11-13 00:18:21,393 [main] INFO  server.Server (Server.java:doStart(419)) - Started @5604ms
2019-11-13 00:18:21,393 [main] WARN  impl.MetricsSystemImpl (MetricsSystemImpl.java:register(276)) - Sink prometheus already exists!
2019-11-13 00:18:21,395 [main] INFO  server.BaseHttpServer (BaseHttpServer.java:updateConnectorAddress(215)) - HTTP server of HDDSDATANODE is listening at http://0.0.0.0:38584
2019-11-13 00:18:21,396 [main] INFO  impl.MetricsSystemImpl (MetricsSystemImpl.java:init(158)) - HddsDatanode metrics system started (again)
2019-11-13 00:18:21,398 [main] INFO  ozone.HddsDatanodeService (HddsDatanodeService.java:start(186)) - HddsDatanodeService host:pr-hdds-2105-428fw-2136415640 ip:192.168.69.93
2019-11-13 00:18:21,402 [org.apache.hadoop.util.JvmPauseMonitor$Monitor@1366dddb] INFO  util.JvmPauseMonitor (JvmPauseMonitor.java:run(188)) - Starting JVM pause monitor
2019-11-13 00:18:21,407 [main] INFO  volume.HddsVolume (HddsVolume.java:<init>(176)) - Creating Volume: /workdir/hadoop-ozone/tools/target/test-dir/MiniOzoneClusterImpl-c985667c-5a49-4bf8-9026-25e6eecde886/datanode-1/data/containers/hdds of  storage type : DISK and capacity : 1482555576320
2019-11-13 00:18:21,408 [main] INFO  volume.VolumeSet (VolumeSet.java:initializeVolumeSet(170)) - Added Volume : /workdir/hadoop-ozone/tools/target/test-dir/MiniOzoneClusterImpl-c985667c-5a49-4bf8-9026-25e6eecde886/datanode-1/data/containers/hdds to VolumeSet
2019-11-13 00:18:21,408 [main] INFO  volume.ThrottledAsyncChecker (ThrottledAsyncChecker.java:schedule(141)) - Scheduling a check for /workdir/hadoop-ozone/tools/target/test-dir/MiniOzoneClusterImpl-c985667c-5a49-4bf8-9026-25e6eecde886/datanode-1/data/containers/hdds
2019-11-13 00:18:21,409 [main] INFO  volume.HddsVolumeChecker (HddsVolumeChecker.java:checkAllVolumes(204)) - Scheduled health check for volume /workdir/hadoop-ozone/tools/target/test-dir/MiniOzoneClusterImpl-c985667c-5a49-4bf8-9026-25e6eecde886/datanode-1/data/containers/hdds
2019-11-13 00:18:21,424 [main] INFO  impl.RaftServerProxy (ConfUtils.java:logGet(43)) - raft.rpc.type = GRPC (default)
2019-11-13 00:18:21,424 [main] INFO  grpc.GrpcFactory (GrpcFactory.java:checkPooledByteBufAllocatorUseCacheForAllThreads(45)) - PERFORMANCE WARNING: useCacheForAllThreads is true that may cause Netty to create a lot garbage objects and, as a result, trigger GC.
	It is recommended to disable useCacheForAllThreads by setting -Dorg.apache.ratis.thirdparty.io.netty.allocator.useCacheForAllThreads=false in command line.
2019-11-13 00:18:21,424 [main] INFO  grpc.GrpcConfigKeys$Server (ConfUtils.java:logGet(43)) - raft.grpc.server.port = 0 (default)
2019-11-13 00:18:21,425 [main] INFO  server.GrpcService (ConfUtils.java:logGet(43)) - raft.grpc.message.size.max = 33570816 (custom)
2019-11-13 00:18:21,425 [main] INFO  server.RaftServerConfigKeys (ConfUtils.java:logGet(43)) - raft.server.log.appender.buffer.byte-limit = 33554432 (custom)
2019-11-13 00:18:21,425 [main] INFO  server.GrpcService (ConfUtils.java:logGet(43)) - raft.grpc.flow.control.window = 1MB (=1048576) (default)
2019-11-13 00:18:21,425 [main] INFO  server.RaftServerConfigKeys (ConfUtils.java:logGet(43)) - raft.server.rpc.request.timeout = 3000ms (default)
2019-11-13 00:18:21,426 [main] INFO  server.RaftServerConfigKeys (ConfUtils.java:logGet(43)) - raft.server.storage.dir = [/workdir/hadoop-ozone/tools/target/test-dir/MiniOzoneClusterImpl-c985667c-5a49-4bf8-9026-25e6eecde886/datanode-1/data/ratis] (custom)
2019-11-13 00:18:21,428 [main] INFO  hdfs.DFSUtil (DFSUtil.java:httpServerTemplateForNNAndJN(1641)) - Starting Web-server for hddsDatanode at: http://0.0.0.0:0
2019-11-13 00:18:21,429 [main] INFO  server.AuthenticationFilter (AuthenticationFilter.java:constructSecretProvider(240)) - Unable to initialize FileSignerSecretProvider, falling back to use random secrets.
2019-11-13 00:18:21,429 [main] WARN  http.HttpRequestLog (HttpRequestLog.java:getRequestLog(97)) - Jetty request log can only be enabled using Log4j
2019-11-13 00:18:21,431 [main] INFO  http.HttpServer2 (HttpServer2.java:addGlobalFilter(975)) - Added global filter 'safety' (class=org.apache.hadoop.http.HttpServer2$QuotingInputFilter)
2019-11-13 00:18:21,431 [main] INFO  http.HttpServer2 (HttpServer2.java:addFilter(948)) - Added filter static_user_filter (class=org.apache.hadoop.http.lib.StaticUserWebFilter$StaticUserFilter) to context hddsDatanode
2019-11-13 00:18:21,432 [main] INFO  http.HttpServer2 (HttpServer2.java:addFilter(958)) - Added filter static_user_filter (class=org.apache.hadoop.http.lib.StaticUserWebFilter$StaticUserFilter) to context static
2019-11-13 00:18:21,432 [main] INFO  http.HttpServer2 (HttpServer2.java:addFilter(958)) - Added filter static_user_filter (class=org.apache.hadoop.http.lib.StaticUserWebFilter$StaticUserFilter) to context logs
2019-11-13 00:18:21,433 [main] INFO  http.HttpServer2 (HttpServer2.java:bindListener(1191)) - Jetty bound to port 38641
2019-11-13 00:18:21,433 [main] INFO  server.Server (Server.java:doStart(351)) - jetty-9.3.25.v20180904, build timestamp: 2018-09-04T21:11:46Z, git hash: 3ce520221d0240229c862b122d2b06c12a625732
2019-11-13 00:18:21,437 [main] INFO  handler.ContextHandler (ContextHandler.java:doStart(781)) - Started o.e.j.s.ServletContextHandler@3374b5bc{/logs,file:///workdir/hadoop-ozone/tools/target/log,AVAILABLE}
2019-11-13 00:18:21,437 [main] INFO  handler.ContextHandler (ContextHandler.java:doStart(781)) - Started o.e.j.s.ServletContextHandler@587a1cfb{/static,jar:file:/home/user/.m2/repository/org/apache/hadoop/hadoop-hdds-container-service/0.5.0-SNAPSHOT/hadoop-hdds-container-service-0.5.0-SNAPSHOT.jar!/webapps/static,AVAILABLE}
2019-11-13 00:18:21,467 [main] INFO  handler.ContextHandler (ContextHandler.java:doStart(781)) - Started o.e.j.w.WebAppContext@38d17d80{/,file:///tmp/jetty-0.0.0.0-38641-hddsDatanode-_-any-4561732910857704988.dir/webapp/,AVAILABLE}{/hddsDatanode}
2019-11-13 00:18:21,468 [main] INFO  server.AbstractConnector (AbstractConnector.java:doStart(278)) - Started ServerConnector@6ede46f6{HTTP/1.1,[http/1.1]}{0.0.0.0:38641}
2019-11-13 00:18:21,469 [main] INFO  server.Server (Server.java:doStart(419)) - Started @5680ms
2019-11-13 00:18:21,469 [main] WARN  impl.MetricsSystemImpl (MetricsSystemImpl.java:register(276)) - Sink prometheus already exists!
2019-11-13 00:18:21,471 [main] INFO  server.BaseHttpServer (BaseHttpServer.java:updateConnectorAddress(215)) - HTTP server of HDDSDATANODE is listening at http://0.0.0.0:38641
2019-11-13 00:18:21,471 [main] INFO  impl.MetricsSystemImpl (MetricsSystemImpl.java:init(158)) - HddsDatanode metrics system started (again)
2019-11-13 00:18:21,474 [org.apache.hadoop.util.JvmPauseMonitor$Monitor@4f898adf] INFO  util.JvmPauseMonitor (JvmPauseMonitor.java:run(188)) - Starting JVM pause monitor
2019-11-13 00:18:21,475 [main] INFO  ozone.HddsDatanodeService (HddsDatanodeService.java:start(186)) - HddsDatanodeService host:pr-hdds-2105-428fw-2136415640 ip:192.168.69.93
2019-11-13 00:18:21,484 [main] INFO  volume.HddsVolume (HddsVolume.java:<init>(176)) - Creating Volume: /workdir/hadoop-ozone/tools/target/test-dir/MiniOzoneClusterImpl-c985667c-5a49-4bf8-9026-25e6eecde886/datanode-2/data/containers/hdds of  storage type : DISK and capacity : 1482555576320
2019-11-13 00:18:21,485 [main] INFO  volume.VolumeSet (VolumeSet.java:initializeVolumeSet(170)) - Added Volume : /workdir/hadoop-ozone/tools/target/test-dir/MiniOzoneClusterImpl-c985667c-5a49-4bf8-9026-25e6eecde886/datanode-2/data/containers/hdds to VolumeSet
2019-11-13 00:18:21,485 [main] INFO  volume.ThrottledAsyncChecker (ThrottledAsyncChecker.java:schedule(141)) - Scheduling a check for /workdir/hadoop-ozone/tools/target/test-dir/MiniOzoneClusterImpl-c985667c-5a49-4bf8-9026-25e6eecde886/datanode-2/data/containers/hdds
2019-11-13 00:18:21,486 [main] INFO  volume.HddsVolumeChecker (HddsVolumeChecker.java:checkAllVolumes(204)) - Scheduled health check for volume /workdir/hadoop-ozone/tools/target/test-dir/MiniOzoneClusterImpl-c985667c-5a49-4bf8-9026-25e6eecde886/datanode-2/data/containers/hdds
2019-11-13 00:18:21,512 [main] INFO  impl.RaftServerProxy (ConfUtils.java:logGet(43)) - raft.rpc.type = GRPC (default)
2019-11-13 00:18:21,512 [main] INFO  grpc.GrpcFactory (GrpcFactory.java:checkPooledByteBufAllocatorUseCacheForAllThreads(45)) - PERFORMANCE WARNING: useCacheForAllThreads is true that may cause Netty to create a lot garbage objects and, as a result, trigger GC.
	It is recommended to disable useCacheForAllThreads by setting -Dorg.apache.ratis.thirdparty.io.netty.allocator.useCacheForAllThreads=false in command line.
2019-11-13 00:18:21,512 [main] INFO  grpc.GrpcConfigKeys$Server (ConfUtils.java:logGet(43)) - raft.grpc.server.port = 0 (default)
2019-11-13 00:18:21,513 [main] INFO  server.GrpcService (ConfUtils.java:logGet(43)) - raft.grpc.message.size.max = 33570816 (custom)
2019-11-13 00:18:21,513 [main] INFO  server.RaftServerConfigKeys (ConfUtils.java:logGet(43)) - raft.server.log.appender.buffer.byte-limit = 33554432 (custom)
2019-11-13 00:18:21,513 [main] INFO  server.GrpcService (ConfUtils.java:logGet(43)) - raft.grpc.flow.control.window = 1MB (=1048576) (default)
2019-11-13 00:18:21,514 [main] INFO  server.RaftServerConfigKeys (ConfUtils.java:logGet(43)) - raft.server.rpc.request.timeout = 3000ms (default)
2019-11-13 00:18:21,514 [main] INFO  server.RaftServerConfigKeys (ConfUtils.java:logGet(43)) - raft.server.storage.dir = [/workdir/hadoop-ozone/tools/target/test-dir/MiniOzoneClusterImpl-c985667c-5a49-4bf8-9026-25e6eecde886/datanode-2/data/ratis] (custom)
2019-11-13 00:18:21,516 [Datanode State Machine Thread - 0] INFO  datanode.InitDatanodeState (InitDatanodeState.java:persistContainerDatanodeDetails(140)) - DatanodeDetails is persisted to /workdir/hadoop-ozone/tools/target/test-dir/MiniOzoneClusterImpl-c985667c-5a49-4bf8-9026-25e6eecde886/datanode-0/meta/datanode.id
2019-11-13 00:18:21,518 [main] INFO  hdfs.DFSUtil (DFSUtil.java:httpServerTemplateForNNAndJN(1641)) - Starting Web-server for hddsDatanode at: http://0.0.0.0:0
2019-11-13 00:18:21,521 [Datanode State Machine Thread - 0] INFO  datanode.InitDatanodeState (InitDatanodeState.java:persistContainerDatanodeDetails(140)) - DatanodeDetails is persisted to /workdir/hadoop-ozone/tools/target/test-dir/MiniOzoneClusterImpl-c985667c-5a49-4bf8-9026-25e6eecde886/datanode-1/meta/datanode.id
2019-11-13 00:18:21,521 [main] INFO  server.AuthenticationFilter (AuthenticationFilter.java:constructSecretProvider(240)) - Unable to initialize FileSignerSecretProvider, falling back to use random secrets.
2019-11-13 00:18:21,522 [main] WARN  http.HttpRequestLog (HttpRequestLog.java:getRequestLog(97)) - Jetty request log can only be enabled using Log4j
2019-11-13 00:18:21,524 [main] INFO  http.HttpServer2 (HttpServer2.java:addGlobalFilter(975)) - Added global filter 'safety' (class=org.apache.hadoop.http.HttpServer2$QuotingInputFilter)
2019-11-13 00:18:21,525 [main] INFO  http.HttpServer2 (HttpServer2.java:addFilter(948)) - Added filter static_user_filter (class=org.apache.hadoop.http.lib.StaticUserWebFilter$StaticUserFilter) to context hddsDatanode
2019-11-13 00:18:21,525 [main] INFO  http.HttpServer2 (HttpServer2.java:addFilter(958)) - Added filter static_user_filter (class=org.apache.hadoop.http.lib.StaticUserWebFilter$StaticUserFilter) to context static
2019-11-13 00:18:21,526 [main] INFO  http.HttpServer2 (HttpServer2.java:addFilter(958)) - Added filter static_user_filter (class=org.apache.hadoop.http.lib.StaticUserWebFilter$StaticUserFilter) to context logs
2019-11-13 00:18:21,527 [main] INFO  http.HttpServer2 (HttpServer2.java:bindListener(1191)) - Jetty bound to port 35010
2019-11-13 00:18:21,527 [main] INFO  server.Server (Server.java:doStart(351)) - jetty-9.3.25.v20180904, build timestamp: 2018-09-04T21:11:46Z, git hash: 3ce520221d0240229c862b122d2b06c12a625732
2019-11-13 00:18:21,529 [main] INFO  handler.ContextHandler (ContextHandler.java:doStart(781)) - Started o.e.j.s.ServletContextHandler@63c12e52{/logs,file:///workdir/hadoop-ozone/tools/target/log,AVAILABLE}
2019-11-13 00:18:21,530 [main] INFO  handler.ContextHandler (ContextHandler.java:doStart(781)) - Started o.e.j.s.ServletContextHandler@26c47874{/static,jar:file:/home/user/.m2/repository/org/apache/hadoop/hadoop-hdds-container-service/0.5.0-SNAPSHOT/hadoop-hdds-container-service-0.5.0-SNAPSHOT.jar!/webapps/static,AVAILABLE}
2019-11-13 00:18:21,569 [main] INFO  handler.ContextHandler (ContextHandler.java:doStart(781)) - Started o.e.j.w.WebAppContext@646c0a67{/,file:///tmp/jetty-0.0.0.0-35010-hddsDatanode-_-any-5404823859113824090.dir/webapp/,AVAILABLE}{/hddsDatanode}
2019-11-13 00:18:21,569 [main] INFO  server.AbstractConnector (AbstractConnector.java:doStart(278)) - Started ServerConnector@3804a9a8{HTTP/1.1,[http/1.1]}{0.0.0.0:35010}
2019-11-13 00:18:21,572 [main] INFO  server.Server (Server.java:doStart(419)) - Started @5783ms
2019-11-13 00:18:21,572 [main] WARN  impl.MetricsSystemImpl (MetricsSystemImpl.java:register(276)) - Sink prometheus already exists!
2019-11-13 00:18:21,574 [main] INFO  server.BaseHttpServer (BaseHttpServer.java:updateConnectorAddress(215)) - HTTP server of HDDSDATANODE is listening at http://0.0.0.0:35010
2019-11-13 00:18:21,576 [main] INFO  ozone.MiniOzoneClusterImpl (MiniOzoneClusterImpl.java:lambda$waitForClusterToBeReady$2(171)) - Waiting for cluster to be ready. Got 0 of 3 DN Heartbeats.
2019-11-13 00:18:21,577 [org.apache.hadoop.util.JvmPauseMonitor$Monitor@b9ac0d2] INFO  util.JvmPauseMonitor (JvmPauseMonitor.java:run(188)) - Starting JVM pause monitor
2019-11-13 00:18:21,580 [Datanode State Machine Thread - 0] INFO  datanode.InitDatanodeState (InitDatanodeState.java:persistContainerDatanodeDetails(140)) - DatanodeDetails is persisted to /workdir/hadoop-ozone/tools/target/test-dir/MiniOzoneClusterImpl-c985667c-5a49-4bf8-9026-25e6eecde886/datanode-2/meta/datanode.id
2019-11-13 00:18:22,576 [main] INFO  ozone.MiniOzoneClusterImpl (MiniOzoneClusterImpl.java:lambda$waitForClusterToBeReady$2(171)) - Waiting for cluster to be ready. Got 0 of 3 DN Heartbeats.
2019-11-13 00:18:23,510 [Datanode State Machine Thread - 0] INFO  ozoneimpl.OzoneContainer (OzoneContainer.java:start(230)) - Attempting to start container services.
2019-11-13 00:18:23,510 [Datanode State Machine Thread - 0] INFO  ozoneimpl.OzoneContainer (OzoneContainer.java:start(230)) - Attempting to start container services.
2019-11-13 00:18:23,514 [Datanode State Machine Thread - 0] INFO  ozoneimpl.OzoneContainer (OzoneContainer.java:startContainerScrub(194)) - Background container scanner has been disabled.
2019-11-13 00:18:23,514 [Datanode State Machine Thread - 0] INFO  ozoneimpl.OzoneContainer (OzoneContainer.java:startContainerScrub(194)) - Background container scanner has been disabled.
2019-11-13 00:18:23,515 [Datanode State Machine Thread - 0] INFO  ratis.XceiverServerRatis (XceiverServerRatis.java:start(421)) - Starting XceiverServerRatis c8dc3d0b-8f4d-49f1-a0ba-66fc0675f2cd at port 0
2019-11-13 00:18:23,515 [Datanode State Machine Thread - 0] INFO  ratis.XceiverServerRatis (XceiverServerRatis.java:start(421)) - Starting XceiverServerRatis b3d8fb16-6440-47b2-97ce-3aa43dcbcb47 at port 0
2019-11-13 00:18:23,548 [Datanode State Machine Thread - 0] INFO  impl.RaftServerProxy (RaftServerProxy.java:lambda$start$3(299)) - b3d8fb16-6440-47b2-97ce-3aa43dcbcb47: start RPC server
2019-11-13 00:18:23,548 [Datanode State Machine Thread - 0] INFO  impl.RaftServerProxy (RaftServerProxy.java:lambda$start$3(299)) - c8dc3d0b-8f4d-49f1-a0ba-66fc0675f2cd: start RPC server
2019-11-13 00:18:23,577 [main] INFO  ozone.MiniOzoneClusterImpl (MiniOzoneClusterImpl.java:lambda$waitForClusterToBeReady$2(171)) - Waiting for cluster to be ready. Got 0 of 3 DN Heartbeats.
2019-11-13 00:18:23,602 [Datanode State Machine Thread - 0] INFO  ozoneimpl.OzoneContainer (OzoneContainer.java:start(230)) - Attempting to start container services.
2019-11-13 00:18:23,607 [Datanode State Machine Thread - 0] INFO  ozoneimpl.OzoneContainer (OzoneContainer.java:startContainerScrub(194)) - Background container scanner has been disabled.
2019-11-13 00:18:23,607 [Datanode State Machine Thread - 0] INFO  ratis.XceiverServerRatis (XceiverServerRatis.java:start(421)) - Starting XceiverServerRatis c7ec1e8a-5c22-4467-ad32-59becfa95183 at port 0
2019-11-13 00:18:23,618 [Datanode State Machine Thread - 0] INFO  impl.RaftServerProxy (RaftServerProxy.java:lambda$start$3(299)) - c7ec1e8a-5c22-4467-ad32-59becfa95183: start RPC server
2019-11-13 00:18:23,672 [Datanode State Machine Thread - 0] INFO  server.GrpcService (GrpcService.java:startImpl(158)) - b3d8fb16-6440-47b2-97ce-3aa43dcbcb47: GrpcService started, listening on 0.0.0.0/0.0.0.0:35320
2019-11-13 00:18:23,672 [Datanode State Machine Thread - 0] INFO  server.GrpcService (GrpcService.java:startImpl(158)) - c7ec1e8a-5c22-4467-ad32-59becfa95183: GrpcService started, listening on 0.0.0.0/0.0.0.0:40725
2019-11-13 00:18:23,672 [Datanode State Machine Thread - 0] INFO  server.GrpcService (GrpcService.java:startImpl(158)) - c8dc3d0b-8f4d-49f1-a0ba-66fc0675f2cd: GrpcService started, listening on 0.0.0.0/0.0.0.0:36452
2019-11-13 00:18:23,673 [Datanode State Machine Thread - 0] INFO  ratis.XceiverServerRatis (XceiverServerRatis.java:start(431)) - XceiverServerRatis c7ec1e8a-5c22-4467-ad32-59becfa95183 is started using port 40725
2019-11-13 00:18:23,673 [Datanode State Machine Thread - 0] INFO  ratis.XceiverServerRatis (XceiverServerRatis.java:start(431)) - XceiverServerRatis b3d8fb16-6440-47b2-97ce-3aa43dcbcb47 is started using port 35320
2019-11-13 00:18:23,673 [Datanode State Machine Thread - 0] INFO  ratis.XceiverServerRatis (XceiverServerRatis.java:start(431)) - XceiverServerRatis c8dc3d0b-8f4d-49f1-a0ba-66fc0675f2cd is started using port 36452
2019-11-13 00:18:23,678 [Datanode State Machine Thread - 0] INFO  server.XceiverServerGrpc (XceiverServerGrpc.java:start(145)) - XceiverServerGrpc b3d8fb16-6440-47b2-97ce-3aa43dcbcb47 is started using port 41956
2019-11-13 00:18:23,679 [Datanode State Machine Thread - 0] INFO  server.XceiverServerGrpc (XceiverServerGrpc.java:start(145)) - XceiverServerGrpc c8dc3d0b-8f4d-49f1-a0ba-66fc0675f2cd is started using port 43408
2019-11-13 00:18:23,679 [Datanode State Machine Thread - 0] INFO  server.XceiverServerGrpc (XceiverServerGrpc.java:start(145)) - XceiverServerGrpc c7ec1e8a-5c22-4467-ad32-59becfa95183 is started using port 40167
2019-11-13 00:18:24,578 [main] INFO  ozone.MiniOzoneClusterImpl (MiniOzoneClusterImpl.java:lambda$waitForClusterToBeReady$2(171)) - Waiting for cluster to be ready. Got 0 of 3 DN Heartbeats.
2019-11-13 00:18:25,445 [IPC Server handler 19 on 39867] INFO  net.NetworkTopology (NetworkTopologyImpl.java:add(111)) - Added a new node: /default-rack/c8dc3d0b-8f4d-49f1-a0ba-66fc0675f2cd
2019-11-13 00:18:25,446 [IPC Server handler 19 on 39867] INFO  node.SCMNodeManager (SCMNodeManager.java:register(267)) - Registered Data node : c8dc3d0b-8f4d-49f1-a0ba-66fc0675f2cd{ip: 192.168.69.93, host: pr-hdds-2105-428fw-2136415640, networkLocation: /default-rack, certSerialId: null}
2019-11-13 00:18:25,448 [EventQueue-NodeRegistrationContainerReportForDataNodeSafeModeRule] INFO  safemode.SCMSafeModeManager (DataNodeSafeModeRule.java:process(71)) - SCM in safe mode. 1 DataNodes registered, 1 required.
2019-11-13 00:18:25,449 [EventQueue-NodeRegistrationContainerReportForDataNodeSafeModeRule] INFO  safemode.SCMSafeModeManager (SCMSafeModeManager.java:validateSafeModeExitRules(177)) - ScmSafeModeManager, all rules are successfully validated
2019-11-13 00:18:25,449 [EventQueue-NodeRegistrationContainerReportForDataNodeSafeModeRule] INFO  safemode.SCMSafeModeManager (SCMSafeModeManager.java:exitSafeMode(193)) - SCM exiting safe mode.
2019-11-13 00:18:25,478 [IPC Server handler 17 on 39867] INFO  net.NetworkTopology (NetworkTopologyImpl.java:add(111)) - Added a new node: /default-rack/b3d8fb16-6440-47b2-97ce-3aa43dcbcb47
2019-11-13 00:18:25,478 [IPC Server handler 17 on 39867] INFO  node.SCMNodeManager (SCMNodeManager.java:register(267)) - Registered Data node : b3d8fb16-6440-47b2-97ce-3aa43dcbcb47{ip: 192.168.69.93, host: pr-hdds-2105-428fw-2136415640, networkLocation: /default-rack, certSerialId: null}
2019-11-13 00:18:25,579 [IPC Server handler 18 on 39867] INFO  net.NetworkTopology (NetworkTopologyImpl.java:add(111)) - Added a new node: /default-rack/c7ec1e8a-5c22-4467-ad32-59becfa95183
2019-11-13 00:18:25,579 [IPC Server handler 18 on 39867] INFO  node.SCMNodeManager (SCMNodeManager.java:register(267)) - Registered Data node : c7ec1e8a-5c22-4467-ad32-59becfa95183{ip: 192.168.69.93, host: pr-hdds-2105-428fw-2136415640, networkLocation: /default-rack, certSerialId: null}
2019-11-13 00:18:25,976 [grpc-default-executor-0] INFO  impl.RaftServerProxy (RaftServerProxy.java:addNew(89)) - c8dc3d0b-8f4d-49f1-a0ba-66fc0675f2cd: addNew group-69351273CDC3:[c8dc3d0b-8f4d-49f1-a0ba-66fc0675f2cd:192.168.69.93:36452] returns group-69351273CDC3:java.util.concurrent.CompletableFuture@d917e69[Not completed]
2019-11-13 00:18:25,990 [pool-27-thread-1] INFO  impl.RaftServerImpl (RaftServerImpl.java:<init>(98)) - c8dc3d0b-8f4d-49f1-a0ba-66fc0675f2cd: new RaftServerImpl for group-69351273CDC3:[c8dc3d0b-8f4d-49f1-a0ba-66fc0675f2cd:192.168.69.93:36452] with ContainerStateMachine:uninitialized
2019-11-13 00:18:25,993 [pool-27-thread-1] INFO  server.RaftServerConfigKeys (ConfUtils.java:logGet(43)) - raft.server.rpc.timeout.min = 5s (custom)
2019-11-13 00:18:25,993 [pool-27-thread-1] INFO  server.RaftServerConfigKeys (ConfUtils.java:logGet(43)) - raft.server.rpc.timeout.max = 5200ms (custom)
2019-11-13 00:18:25,994 [pool-27-thread-1] INFO  server.RaftServerConfigKeys (ConfUtils.java:logGet(43)) - raft.server.rpcslowness.timeout = 120s (custom)
2019-11-13 00:18:25,995 [pool-27-thread-1] INFO  server.RaftServerConfigKeys (ConfUtils.java:logGet(43)) - raft.server.sleep.deviation.threshold = 300 (default)
2019-11-13 00:18:25,996 [pool-27-thread-1] INFO  server.RaftServerConfigKeys (ConfUtils.java:logGet(43)) - raft.server.log.appender.install.snapshot.enabled = false (custom)
2019-11-13 00:18:26,004 [pool-27-thread-1] INFO  impl.RaftServerImpl (ServerState.java:<init>(103)) - c8dc3d0b-8f4d-49f1-a0ba-66fc0675f2cd@group-69351273CDC3: ConfigurationManager, init=-1: [c8dc3d0b-8f4d-49f1-a0ba-66fc0675f2cd:192.168.69.93:36452], old=null, confs=<EMPTY_MAP>
2019-11-13 00:18:26,004 [pool-27-thread-1] INFO  server.RaftServerConfigKeys (ConfUtils.java:logGet(43)) - raft.server.storage.dir = [/workdir/hadoop-ozone/tools/target/test-dir/MiniOzoneClusterImpl-c985667c-5a49-4bf8-9026-25e6eecde886/datanode-0/data/ratis] (custom)
2019-11-13 00:18:26,011 [pool-27-thread-1] INFO  server.RaftServerConfigKeys (ConfUtils.java:logGet(43)) - raft.server.log.corruption.policy = EXCEPTION (default)
2019-11-13 00:18:26,013 [pool-27-thread-1] INFO  storage.RaftStorageDirectory (RaftStorageDirectory.java:analyzeStorage(246)) - The storage directory /workdir/hadoop-ozone/tools/target/test-dir/MiniOzoneClusterImpl-c985667c-5a49-4bf8-9026-25e6eecde886/datanode-0/data/ratis/aa2cae5f-dcf9-402a-80bb-69351273cdc3 does not exist. Creating ...
2019-11-13 00:18:26,044 [pool-27-thread-1] INFO  storage.RaftStorageDirectory (RaftStorageDirectory.java:tryLock(328)) - Lock on /workdir/hadoop-ozone/tools/target/test-dir/MiniOzoneClusterImpl-c985667c-5a49-4bf8-9026-25e6eecde886/datanode-0/data/ratis/aa2cae5f-dcf9-402a-80bb-69351273cdc3/in_use.lock acquired by nodename 25754@pr-hdds-2105-428fw-2136415640
2019-11-13 00:18:26,070 [pool-27-thread-1] INFO  storage.RaftStorage (RaftStorage.java:format(84)) - Storage directory /workdir/hadoop-ozone/tools/target/test-dir/MiniOzoneClusterImpl-c985667c-5a49-4bf8-9026-25e6eecde886/datanode-0/data/ratis/aa2cae5f-dcf9-402a-80bb-69351273cdc3 has been successfully formatted.
2019-11-13 00:18:26,072 [pool-27-thread-1] INFO  ratis.ContainerStateMachine (ContainerStateMachine.java:loadSnapshot(223)) - group-69351273CDC3: The snapshot info is null. Setting the last applied indexto:(t:0, i:~)
2019-11-13 00:18:26,072 [pool-27-thread-1] INFO  server.RaftServerConfigKeys (ConfUtils.java:logGet(43)) - raft.server.notification.no-leader.timeout = 120s (custom)
2019-11-13 00:18:26,075 [pool-27-thread-1] INFO  server.RaftServerConfigKeys (ConfUtils.java:logGet(43)) - raft.server.log.use.memory = false (default)
2019-11-13 00:18:26,081 [pool-27-thread-1] INFO  server.RaftServerConfigKeys (ConfUtils.java:logGet(43)) - raft.server.log.purge.gap = 1000000 (custom)
2019-11-13 00:18:26,081 [pool-27-thread-1] INFO  server.RaftServerConfigKeys (ConfUtils.java:logGet(43)) - raft.server.log.appender.buffer.byte-limit = 33554432 (custom)
2019-11-13 00:18:26,083 [pool-27-thread-1] INFO  server.RaftServerConfigKeys (ConfUtils.java:logGet(43)) - raft.server.log.segment.size.max = 1048576 (custom)
2019-11-13 00:18:26,089 [pool-27-thread-1] INFO  metrics.MetricRegistries (MetricRegistriesLoader.java:load(64)) - Loaded MetricRegistries class org.apache.ratis.metrics.impl.MetricRegistriesImpl
2019-11-13 00:18:26,093 [pool-27-thread-1] WARN  impl.MetricRegistriesImpl (MetricRegistriesImpl.java:lambda$create$1(61)) - First MetricRegistry has been created without registering reporters. You may need to call MetricRegistries.global().addReportRegistration(...) before.
2019-11-13 00:18:26,099 [pool-27-thread-1] INFO  server.RaftServerConfigKeys (ConfUtils.java:logGet(43)) - raft.server.log.segment.cache.num.max = 2 (custom)
2019-11-13 00:18:26,105 [pool-27-thread-1] INFO  segmented.SegmentedRaftLogWorker (SegmentedRaftLogWorker.java:<init>(173)) - new c8dc3d0b-8f4d-49f1-a0ba-66fc0675f2cd@group-69351273CDC3-SegmentedRaftLogWorker for RaftStorage:Storage Directory /workdir/hadoop-ozone/tools/target/test-dir/MiniOzoneClusterImpl-c985667c-5a49-4bf8-9026-25e6eecde886/datanode-0/data/ratis/aa2cae5f-dcf9-402a-80bb-69351273cdc3
2019-11-13 00:18:26,105 [pool-27-thread-1] INFO  server.RaftServerConfigKeys (ConfUtils.java:logGet(43)) - raft.server.log.queue.byte-limit = 2147483647 (custom)
2019-11-13 00:18:26,106 [pool-27-thread-1] INFO  server.RaftServerConfigKeys (ConfUtils.java:logGet(43)) - raft.server.log.queue.element-limit = 1024 (custom)
2019-11-13 00:18:26,107 [pool-27-thread-1] INFO  server.RaftServerConfigKeys (ConfUtils.java:logGet(43)) - raft.server.log.segment.size.max = 1048576 (custom)
2019-11-13 00:18:26,108 [pool-27-thread-1] INFO  server.RaftServerConfigKeys (ConfUtils.java:logGet(43)) - raft.server.log.preallocated.size = 16384 (custom)
2019-11-13 00:18:26,108 [pool-27-thread-1] INFO  server.RaftServerConfigKeys (ConfUtils.java:logGet(43)) - raft.server.log.write.buffer.size = 33554432 (custom)
2019-11-13 00:18:26,109 [pool-27-thread-1] INFO  server.RaftServerConfigKeys (ConfUtils.java:logGet(43)) - raft.server.log.force.sync.num = 128 (default)
2019-11-13 00:18:26,111 [pool-27-thread-1] INFO  server.RaftServerConfigKeys (ConfUtils.java:logGet(43)) - raft.server.log.statemachine.data.sync = true (default)
2019-11-13 00:18:26,111 [pool-27-thread-1] INFO  server.RaftServerConfigKeys (ConfUtils.java:logGet(43)) - raft.server.log.statemachine.data.sync.timeout = 10s (default)
2019-11-13 00:18:26,111 [pool-27-thread-1] INFO  server.RaftServerConfigKeys (ConfUtils.java:logGet(43)) - raft.server.log.statemachine.data.sync.timeout.retry = -1 (default)
2019-11-13 00:18:26,124 [pool-27-thread-1] INFO  server.RaftServerConfigKeys (ConfUtils.java:logGet(43)) - raft.server.log.statemachine.data.caching.enabled = true (custom)
2019-11-13 00:18:26,129 [pool-27-thread-1] INFO  segmented.SegmentedRaftLogWorker (SegmentedRaftLogWorker.java:lambda$new$0(128)) - c8dc3d0b-8f4d-49f1-a0ba-66fc0675f2cd@group-69351273CDC3-SegmentedRaftLogWorker: flushIndex: setUnconditionally 0 -> -1
2019-11-13 00:18:26,133 [pool-27-thread-1] INFO  server.RaftServerConfigKeys (ConfUtils.java:logGet(43)) - raft.server.snapshot.auto.trigger.enabled = true (custom)
2019-11-13 00:18:26,134 [pool-27-thread-1] INFO  server.RaftServerConfigKeys (ConfUtils.java:logGet(43)) - raft.server.snapshot.auto.trigger.threshold = 10000 (custom)
2019-11-13 00:18:26,134 [pool-27-thread-1] INFO  server.RaftServerConfigKeys (ConfUtils.java:logGet(43)) - raft.server.snapshot.retention.file.num = 5 (custom)
2019-11-13 00:18:26,135 [pool-27-thread-1] INFO  server.RaftServerConfigKeys (ConfUtils.java:logGet(43)) - raft.server.retrycache.expirytime = 600000ms (custom)
2019-11-13 00:18:26,154 [pool-27-thread-1] WARN  impl.MetricRegistriesImpl (MetricRegistriesImpl.java:lambda$create$1(61)) - First MetricRegistry has been created without registering reporters. You may need to call MetricRegistries.global().addReportRegistration(...) before.
2019-11-13 00:18:26,155 [pool-27-thread-1] WARN  impl.MetricRegistriesImpl (MetricRegistriesImpl.java:lambda$create$1(61)) - First MetricRegistry has been created without registering reporters. You may need to call MetricRegistries.global().addReportRegistration(...) before.
2019-11-13 00:18:26,157 [pool-27-thread-1] INFO  impl.RaftServerImpl (RaftServerImpl.java:start(184)) - c8dc3d0b-8f4d-49f1-a0ba-66fc0675f2cd@group-69351273CDC3: start as a follower, conf=-1: [c8dc3d0b-8f4d-49f1-a0ba-66fc0675f2cd:192.168.69.93:36452], old=null
2019-11-13 00:18:26,158 [pool-27-thread-1] INFO  impl.RaftServerImpl (RaftServerImpl.java:setRole(173)) - c8dc3d0b-8f4d-49f1-a0ba-66fc0675f2cd@group-69351273CDC3: changes role from      null to FOLLOWER at term 0 for startAsFollower
2019-11-13 00:18:26,159 [pool-27-thread-1] INFO  impl.RoleInfo (RoleInfo.java:updateAndGet(143)) - c8dc3d0b-8f4d-49f1-a0ba-66fc0675f2cd: start FollowerState
2019-11-13 00:18:26,161 [pool-27-thread-1] INFO  util.JmxRegister (JmxRegister.java:tryRegister(44)) - Successfully registered JMX Bean with object name Ratis:service=RaftServer,group=group-69351273CDC3,id=c8dc3d0b-8f4d-49f1-a0ba-66fc0675f2cd
2019-11-13 00:18:26,162 [pool-27-thread-1] WARN  impl.MetricRegistriesImpl (MetricRegistriesImpl.java:lambda$create$1(61)) - First MetricRegistry has been created without registering reporters. You may need to call MetricRegistries.global().addReportRegistration(...) before.
2019-11-13 00:18:26,237 [RatisPipelineUtilsThread] INFO  pipeline.PipelineStateManager (PipelineStateManager.java:addPipeline(55)) - Created pipeline Pipeline[ Id: aa2cae5f-dcf9-402a-80bb-69351273cdc3, Nodes: c8dc3d0b-8f4d-49f1-a0ba-66fc0675f2cd{ip: 192.168.69.93, host: pr-hdds-2105-428fw-2136415640, networkLocation: /default-rack, certSerialId: null}, Type:RATIS, Factor:ONE, State:ALLOCATED]
2019-11-13 00:18:26,258 [grpc-default-executor-0] INFO  impl.RaftServerProxy (RaftServerProxy.java:addNew(89)) - c7ec1e8a-5c22-4467-ad32-59becfa95183: addNew group-4F6AFABC54E5:[c7ec1e8a-5c22-4467-ad32-59becfa95183:192.168.69.93:40725] returns group-4F6AFABC54E5:java.util.concurrent.CompletableFuture@4e22d6c9[Not completed]
2019-11-13 00:18:26,284 [pool-47-thread-1] INFO  impl.RaftServerImpl (RaftServerImpl.java:<init>(98)) - c7ec1e8a-5c22-4467-ad32-59becfa95183: new RaftServerImpl for group-4F6AFABC54E5:[c7ec1e8a-5c22-4467-ad32-59becfa95183:192.168.69.93:40725] with ContainerStateMachine:uninitialized
2019-11-13 00:18:26,285 [pool-47-thread-1] INFO  server.RaftServerConfigKeys (ConfUtils.java:logGet(43)) - raft.server.rpc.timeout.min = 5s (custom)
2019-11-13 00:18:26,286 [pool-47-thread-1] INFO  server.RaftServerConfigKeys (ConfUtils.java:logGet(43)) - raft.server.rpc.timeout.max = 5200ms (custom)
2019-11-13 00:18:26,286 [pool-47-thread-1] INFO  server.RaftServerConfigKeys (ConfUtils.java:logGet(43)) - raft.server.rpcslowness.timeout = 120s (custom)
2019-11-13 00:18:26,286 [pool-47-thread-1] INFO  server.RaftServerConfigKeys (ConfUtils.java:logGet(43)) - raft.server.sleep.deviation.threshold = 300 (default)
2019-11-13 00:18:26,286 [pool-47-thread-1] INFO  server.RaftServerConfigKeys (ConfUtils.java:logGet(43)) - raft.server.log.appender.install.snapshot.enabled = false (custom)
2019-11-13 00:18:26,287 [pool-47-thread-1] INFO  impl.RaftServerImpl (ServerState.java:<init>(103)) - c7ec1e8a-5c22-4467-ad32-59becfa95183@group-4F6AFABC54E5: ConfigurationManager, init=-1: [c7ec1e8a-5c22-4467-ad32-59becfa95183:192.168.69.93:40725], old=null, confs=<EMPTY_MAP>
2019-11-13 00:18:26,287 [pool-47-thread-1] INFO  server.RaftServerConfigKeys (ConfUtils.java:logGet(43)) - raft.server.storage.dir = [/workdir/hadoop-ozone/tools/target/test-dir/MiniOzoneClusterImpl-c985667c-5a49-4bf8-9026-25e6eecde886/datanode-2/data/ratis] (custom)
2019-11-13 00:18:26,287 [pool-47-thread-1] INFO  server.RaftServerConfigKeys (ConfUtils.java:logGet(43)) - raft.server.log.corruption.policy = EXCEPTION (default)
2019-11-13 00:18:26,288 [pool-47-thread-1] INFO  storage.RaftStorageDirectory (RaftStorageDirectory.java:analyzeStorage(246)) - The storage directory /workdir/hadoop-ozone/tools/target/test-dir/MiniOzoneClusterImpl-c985667c-5a49-4bf8-9026-25e6eecde886/datanode-2/data/ratis/5f21dfb8-68d0-4b50-943c-4f6afabc54e5 does not exist. Creating ...
2019-11-13 00:18:26,320 [pool-47-thread-1] INFO  storage.RaftStorageDirectory (RaftStorageDirectory.java:tryLock(328)) - Lock on /workdir/hadoop-ozone/tools/target/test-dir/MiniOzoneClusterImpl-c985667c-5a49-4bf8-9026-25e6eecde886/datanode-2/data/ratis/5f21dfb8-68d0-4b50-943c-4f6afabc54e5/in_use.lock acquired by nodename 25754@pr-hdds-2105-428fw-2136415640
2019-11-13 00:18:26,345 [pool-47-thread-1] INFO  storage.RaftStorage (RaftStorage.java:format(84)) - Storage directory /workdir/hadoop-ozone/tools/target/test-dir/MiniOzoneClusterImpl-c985667c-5a49-4bf8-9026-25e6eecde886/datanode-2/data/ratis/5f21dfb8-68d0-4b50-943c-4f6afabc54e5 has been successfully formatted.
2019-11-13 00:18:26,346 [pool-47-thread-1] INFO  ratis.ContainerStateMachine (ContainerStateMachine.java:loadSnapshot(223)) - group-4F6AFABC54E5: The snapshot info is null. Setting the last applied indexto:(t:0, i:~)
2019-11-13 00:18:26,347 [pool-47-thread-1] INFO  server.RaftServerConfigKeys (ConfUtils.java:logGet(43)) - raft.server.notification.no-leader.timeout = 120s (custom)
2019-11-13 00:18:26,348 [pool-47-thread-1] INFO  server.RaftServerConfigKeys (ConfUtils.java:logGet(43)) - raft.server.log.use.memory = false (default)
2019-11-13 00:18:26,348 [pool-47-thread-1] INFO  server.RaftServerConfigKeys (ConfUtils.java:logGet(43)) - raft.server.log.purge.gap = 1000000 (custom)
2019-11-13 00:18:26,348 [pool-47-thread-1] INFO  server.RaftServerConfigKeys (ConfUtils.java:logGet(43)) - raft.server.log.appender.buffer.byte-limit = 33554432 (custom)
2019-11-13 00:18:26,348 [pool-47-thread-1] INFO  server.RaftServerConfigKeys (ConfUtils.java:logGet(43)) - raft.server.log.segment.size.max = 1048576 (custom)
2019-11-13 00:18:26,349 [pool-47-thread-1] WARN  impl.MetricRegistriesImpl (MetricRegistriesImpl.java:lambda$create$1(61)) - First MetricRegistry has been created without registering reporters. You may need to call MetricRegistries.global().addReportRegistration(...) before.
2019-11-13 00:18:26,350 [pool-47-thread-1] INFO  server.RaftServerConfigKeys (ConfUtils.java:logGet(43)) - raft.server.log.segment.cache.num.max = 2 (custom)
2019-11-13 00:18:26,350 [pool-47-thread-1] INFO  segmented.SegmentedRaftLogWorker (SegmentedRaftLogWorker.java:<init>(173)) - new c7ec1e8a-5c22-4467-ad32-59becfa95183@group-4F6AFABC54E5-SegmentedRaftLogWorker for RaftStorage:Storage Directory /workdir/hadoop-ozone/tools/target/test-dir/MiniOzoneClusterImpl-c985667c-5a49-4bf8-9026-25e6eecde886/datanode-2/data/ratis/5f21dfb8-68d0-4b50-943c-4f6afabc54e5
2019-11-13 00:18:26,351 [pool-47-thread-1] INFO  server.RaftServerConfigKeys (ConfUtils.java:logGet(43)) - raft.server.log.queue.byte-limit = 2147483647 (custom)
2019-11-13 00:18:26,351 [pool-47-thread-1] INFO  server.RaftServerConfigKeys (ConfUtils.java:logGet(43)) - raft.server.log.queue.element-limit = 1024 (custom)
2019-11-13 00:18:26,351 [pool-47-thread-1] INFO  server.RaftServerConfigKeys (ConfUtils.java:logGet(43)) - raft.server.log.segment.size.max = 1048576 (custom)
2019-11-13 00:18:26,352 [pool-47-thread-1] INFO  server.RaftServerConfigKeys (ConfUtils.java:logGet(43)) - raft.server.log.preallocated.size = 16384 (custom)
2019-11-13 00:18:26,352 [pool-47-thread-1] INFO  server.RaftServerConfigKeys (ConfUtils.java:logGet(43)) - raft.server.log.write.buffer.size = 33554432 (custom)
2019-11-13 00:18:26,352 [pool-47-thread-1] INFO  server.RaftServerConfigKeys (ConfUtils.java:logGet(43)) - raft.server.log.force.sync.num = 128 (default)
2019-11-13 00:18:26,352 [pool-47-thread-1] INFO  server.RaftServerConfigKeys (ConfUtils.java:logGet(43)) - raft.server.log.statemachine.data.sync = true (default)
2019-11-13 00:18:26,353 [pool-47-thread-1] INFO  server.RaftServerConfigKeys (ConfUtils.java:logGet(43)) - raft.server.log.statemachine.data.sync.timeout = 10s (default)
2019-11-13 00:18:26,353 [pool-47-thread-1] INFO  server.RaftServerConfigKeys (ConfUtils.java:logGet(43)) - raft.server.log.statemachine.data.sync.timeout.retry = -1 (default)
2019-11-13 00:18:26,353 [pool-47-thread-1] INFO  server.RaftServerConfigKeys (ConfUtils.java:logGet(43)) - raft.server.log.statemachine.data.caching.enabled = true (custom)
2019-11-13 00:18:26,354 [pool-47-thread-1] INFO  segmented.SegmentedRaftLogWorker (SegmentedRaftLogWorker.java:lambda$new$0(128)) - c7ec1e8a-5c22-4467-ad32-59becfa95183@group-4F6AFABC54E5-SegmentedRaftLogWorker: flushIndex: setUnconditionally 0 -> -1
2019-11-13 00:18:26,354 [pool-47-thread-1] INFO  server.RaftServerConfigKeys (ConfUtils.java:logGet(43)) - raft.server.snapshot.auto.trigger.enabled = true (custom)
2019-11-13 00:18:26,355 [pool-47-thread-1] INFO  server.RaftServerConfigKeys (ConfUtils.java:logGet(43)) - raft.server.snapshot.auto.trigger.threshold = 10000 (custom)
2019-11-13 00:18:26,355 [pool-47-thread-1] INFO  server.RaftServerConfigKeys (ConfUtils.java:logGet(43)) - raft.server.snapshot.retention.file.num = 5 (custom)
2019-11-13 00:18:26,355 [pool-47-thread-1] INFO  server.RaftServerConfigKeys (ConfUtils.java:logGet(43)) - raft.server.retrycache.expirytime = 600000ms (custom)
2019-11-13 00:18:26,355 [pool-47-thread-1] WARN  impl.MetricRegistriesImpl (MetricRegistriesImpl.java:lambda$create$1(61)) - First MetricRegistry has been created without registering reporters. You may need to call MetricRegistries.global().addReportRegistration(...) before.
2019-11-13 00:18:26,356 [pool-47-thread-1] WARN  impl.MetricRegistriesImpl (MetricRegistriesImpl.java:lambda$create$1(61)) - First MetricRegistry has been created without registering reporters. You may need to call MetricRegistries.global().addReportRegistration(...) before.
2019-11-13 00:18:26,356 [pool-47-thread-1] INFO  impl.RaftServerImpl (RaftServerImpl.java:start(184)) - c7ec1e8a-5c22-4467-ad32-59becfa95183@group-4F6AFABC54E5: start as a follower, conf=-1: [c7ec1e8a-5c22-4467-ad32-59becfa95183:192.168.69.93:40725], old=null
2019-11-13 00:18:26,356 [pool-47-thread-1] INFO  impl.RaftServerImpl (RaftServerImpl.java:setRole(173)) - c7ec1e8a-5c22-4467-ad32-59becfa95183@group-4F6AFABC54E5: changes role from      null to FOLLOWER at term 0 for startAsFollower
2019-11-13 00:18:26,356 [pool-47-thread-1] INFO  impl.RoleInfo (RoleInfo.java:updateAndGet(143)) - c7ec1e8a-5c22-4467-ad32-59becfa95183: start FollowerState
2019-11-13 00:18:26,358 [pool-47-thread-1] INFO  util.JmxRegister (JmxRegister.java:tryRegister(44)) - Successfully registered JMX Bean with object name Ratis:service=RaftServer,group=group-4F6AFABC54E5,id=c7ec1e8a-5c22-4467-ad32-59becfa95183
2019-11-13 00:18:26,359 [pool-47-thread-1] WARN  impl.MetricRegistriesImpl (MetricRegistriesImpl.java:lambda$create$1(61)) - First MetricRegistry has been created without registering reporters. You may need to call MetricRegistries.global().addReportRegistration(...) before.
2019-11-13 00:18:26,371 [RatisPipelineUtilsThread] INFO  pipeline.PipelineStateManager (PipelineStateManager.java:addPipeline(55)) - Created pipeline Pipeline[ Id: 5f21dfb8-68d0-4b50-943c-4f6afabc54e5, Nodes: c7ec1e8a-5c22-4467-ad32-59becfa95183{ip: 192.168.69.93, host: pr-hdds-2105-428fw-2136415640, networkLocation: /default-rack, certSerialId: null}, Type:RATIS, Factor:ONE, State:ALLOCATED]
2019-11-13 00:18:26,390 [grpc-default-executor-0] INFO  impl.RaftServerProxy (RaftServerProxy.java:addNew(89)) - b3d8fb16-6440-47b2-97ce-3aa43dcbcb47: addNew group-D5CF4FE8B790:[b3d8fb16-6440-47b2-97ce-3aa43dcbcb47:192.168.69.93:35320] returns group-D5CF4FE8B790:java.util.concurrent.CompletableFuture@30ae9e3c[Not completed]
2019-11-13 00:18:26,406 [pool-37-thread-1] INFO  impl.RaftServerImpl (RaftServerImpl.java:<init>(98)) - b3d8fb16-6440-47b2-97ce-3aa43dcbcb47: new RaftServerImpl for group-D5CF4FE8B790:[b3d8fb16-6440-47b2-97ce-3aa43dcbcb47:192.168.69.93:35320] with ContainerStateMachine:uninitialized
2019-11-13 00:18:26,407 [pool-37-thread-1] INFO  server.RaftServerConfigKeys (ConfUtils.java:logGet(43)) - raft.server.rpc.timeout.min = 5s (custom)
2019-11-13 00:18:26,407 [pool-37-thread-1] INFO  server.RaftServerConfigKeys (ConfUtils.java:logGet(43)) - raft.server.rpc.timeout.max = 5200ms (custom)
2019-11-13 00:18:26,407 [pool-37-thread-1] INFO  server.RaftServerConfigKeys (ConfUtils.java:logGet(43)) - raft.server.rpcslowness.timeout = 120s (custom)
2019-11-13 00:18:26,407 [pool-37-thread-1] INFO  server.RaftServerConfigKeys (ConfUtils.java:logGet(43)) - raft.server.sleep.deviation.threshold = 300 (default)
2019-11-13 00:18:26,408 [pool-37-thread-1] INFO  server.RaftServerConfigKeys (ConfUtils.java:logGet(43)) - raft.server.log.appender.install.snapshot.enabled = false (custom)
2019-11-13 00:18:26,408 [pool-37-thread-1] INFO  impl.RaftServerImpl (ServerState.java:<init>(103)) - b3d8fb16-6440-47b2-97ce-3aa43dcbcb47@group-D5CF4FE8B790: ConfigurationManager, init=-1: [b3d8fb16-6440-47b2-97ce-3aa43dcbcb47:192.168.69.93:35320], old=null, confs=<EMPTY_MAP>
2019-11-13 00:18:26,408 [pool-37-thread-1] INFO  server.RaftServerConfigKeys (ConfUtils.java:logGet(43)) - raft.server.storage.dir = [/workdir/hadoop-ozone/tools/target/test-dir/MiniOzoneClusterImpl-c985667c-5a49-4bf8-9026-25e6eecde886/datanode-1/data/ratis] (custom)
2019-11-13 00:18:26,409 [pool-37-thread-1] INFO  server.RaftServerConfigKeys (ConfUtils.java:logGet(43)) - raft.server.log.corruption.policy = EXCEPTION (default)
2019-11-13 00:18:26,409 [pool-37-thread-1] INFO  storage.RaftStorageDirectory (RaftStorageDirectory.java:analyzeStorage(246)) - The storage directory /workdir/hadoop-ozone/tools/target/test-dir/MiniOzoneClusterImpl-c985667c-5a49-4bf8-9026-25e6eecde886/datanode-1/data/ratis/79a81425-dd4c-4352-bd8f-d5cf4fe8b790 does not exist. Creating ...
2019-11-13 00:18:26,438 [pool-37-thread-1] INFO  storage.RaftStorageDirectory (RaftStorageDirectory.java:tryLock(328)) - Lock on /workdir/hadoop-ozone/tools/target/test-dir/MiniOzoneClusterImpl-c985667c-5a49-4bf8-9026-25e6eecde886/datanode-1/data/ratis/79a81425-dd4c-4352-bd8f-d5cf4fe8b790/in_use.lock acquired by nodename 25754@pr-hdds-2105-428fw-2136415640
2019-11-13 00:18:26,463 [pool-37-thread-1] INFO  storage.RaftStorage (RaftStorage.java:format(84)) - Storage directory /workdir/hadoop-ozone/tools/target/test-dir/MiniOzoneClusterImpl-c985667c-5a49-4bf8-9026-25e6eecde886/datanode-1/data/ratis/79a81425-dd4c-4352-bd8f-d5cf4fe8b790 has been successfully formatted.
2019-11-13 00:18:26,464 [pool-37-thread-1] INFO  ratis.ContainerStateMachine (ContainerStateMachine.java:loadSnapshot(223)) - group-D5CF4FE8B790: The snapshot info is null. Setting the last applied indexto:(t:0, i:~)
2019-11-13 00:18:26,464 [pool-37-thread-1] INFO  server.RaftServerConfigKeys (ConfUtils.java:logGet(43)) - raft.server.notification.no-leader.timeout = 120s (custom)
2019-11-13 00:18:26,464 [pool-37-thread-1] INFO  server.RaftServerConfigKeys (ConfUtils.java:logGet(43)) - raft.server.log.use.memory = false (default)
2019-11-13 00:18:26,465 [pool-37-thread-1] INFO  server.RaftServerConfigKeys (ConfUtils.java:logGet(43)) - raft.server.log.purge.gap = 1000000 (custom)
2019-11-13 00:18:26,465 [pool-37-thread-1] INFO  server.RaftServerConfigKeys (ConfUtils.java:logGet(43)) - raft.server.log.appender.buffer.byte-limit = 33554432 (custom)
2019-11-13 00:18:26,465 [pool-37-thread-1] INFO  server.RaftServerConfigKeys (ConfUtils.java:logGet(43)) - raft.server.log.segment.size.max = 1048576 (custom)
2019-11-13 00:18:26,465 [pool-37-thread-1] WARN  impl.MetricRegistriesImpl (MetricRegistriesImpl.java:lambda$create$1(61)) - First MetricRegistry has been created without registering reporters. You may need to call MetricRegistries.global().addReportRegistration(...) before.
2019-11-13 00:18:26,465 [pool-37-thread-1] INFO  server.RaftServerConfigKeys (ConfUtils.java:logGet(43)) - raft.server.log.segment.cache.num.max = 2 (custom)
2019-11-13 00:18:26,465 [pool-37-thread-1] INFO  segmented.SegmentedRaftLogWorker (SegmentedRaftLogWorker.java:<init>(173)) - new b3d8fb16-6440-47b2-97ce-3aa43dcbcb47@group-D5CF4FE8B790-SegmentedRaftLogWorker for RaftStorage:Storage Directory /workdir/hadoop-ozone/tools/target/test-dir/MiniOzoneClusterImpl-c985667c-5a49-4bf8-9026-25e6eecde886/datanode-1/data/ratis/79a81425-dd4c-4352-bd8f-d5cf4fe8b790
2019-11-13 00:18:26,466 [pool-37-thread-1] INFO  server.RaftServerConfigKeys (ConfUtils.java:logGet(43)) - raft.server.log.queue.byte-limit = 2147483647 (custom)
2019-11-13 00:18:26,466 [pool-37-thread-1] INFO  server.RaftServerConfigKeys (ConfUtils.java:logGet(43)) - raft.server.log.queue.element-limit = 1024 (custom)
2019-11-13 00:18:26,466 [pool-37-thread-1] INFO  server.RaftServerConfigKeys (ConfUtils.java:logGet(43)) - raft.server.log.segment.size.max = 1048576 (custom)
2019-11-13 00:18:26,466 [pool-37-thread-1] INFO  server.RaftServerConfigKeys (ConfUtils.java:logGet(43)) - raft.server.log.preallocated.size = 16384 (custom)
2019-11-13 00:18:26,466 [pool-37-thread-1] INFO  server.RaftServerConfigKeys (ConfUtils.java:logGet(43)) - raft.server.log.write.buffer.size = 33554432 (custom)
2019-11-13 00:18:26,467 [pool-37-thread-1] INFO  server.RaftServerConfigKeys (ConfUtils.java:logGet(43)) - raft.server.log.force.sync.num = 128 (default)
2019-11-13 00:18:26,467 [pool-37-thread-1] INFO  server.RaftServerConfigKeys (ConfUtils.java:logGet(43)) - raft.server.log.statemachine.data.sync = true (default)
2019-11-13 00:18:26,467 [pool-37-thread-1] INFO  server.RaftServerConfigKeys (ConfUtils.java:logGet(43)) - raft.server.log.statemachine.data.sync.timeout = 10s (default)
2019-11-13 00:18:26,467 [pool-37-thread-1] INFO  server.RaftServerConfigKeys (ConfUtils.java:logGet(43)) - raft.server.log.statemachine.data.sync.timeout.retry = -1 (default)
2019-11-13 00:18:26,468 [pool-37-thread-1] INFO  server.RaftServerConfigKeys (ConfUtils.java:logGet(43)) - raft.server.log.statemachine.data.caching.enabled = true (custom)
2019-11-13 00:18:26,468 [pool-37-thread-1] INFO  segmented.SegmentedRaftLogWorker (SegmentedRaftLogWorker.java:lambda$new$0(128)) - b3d8fb16-6440-47b2-97ce-3aa43dcbcb47@group-D5CF4FE8B790-SegmentedRaftLogWorker: flushIndex: setUnconditionally 0 -> -1
2019-11-13 00:18:26,469 [pool-37-thread-1] INFO  server.RaftServerConfigKeys (ConfUtils.java:logGet(43)) - raft.server.snapshot.auto.trigger.enabled = true (custom)
2019-11-13 00:18:26,469 [pool-37-thread-1] INFO  server.RaftServerConfigKeys (ConfUtils.java:logGet(43)) - raft.server.snapshot.auto.trigger.threshold = 10000 (custom)
2019-11-13 00:18:26,469 [pool-37-thread-1] INFO  server.RaftServerConfigKeys (ConfUtils.java:logGet(43)) - raft.server.snapshot.retention.file.num = 5 (custom)
2019-11-13 00:18:26,469 [pool-37-thread-1] INFO  server.RaftServerConfigKeys (ConfUtils.java:logGet(43)) - raft.server.retrycache.expirytime = 600000ms (custom)
2019-11-13 00:18:26,470 [pool-37-thread-1] WARN  impl.MetricRegistriesImpl (MetricRegistriesImpl.java:lambda$create$1(61)) - First MetricRegistry has been created without registering reporters. You may need to call MetricRegistries.global().addReportRegistration(...) before.
2019-11-13 00:18:26,470 [pool-37-thread-1] WARN  impl.MetricRegistriesImpl (MetricRegistriesImpl.java:lambda$create$1(61)) - First MetricRegistry has been created without registering reporters. You may need to call MetricRegistries.global().addReportRegistration(...) before.
2019-11-13 00:18:26,470 [pool-37-thread-1] INFO  impl.RaftServerImpl (RaftServerImpl.java:start(184)) - b3d8fb16-6440-47b2-97ce-3aa43dcbcb47@group-D5CF4FE8B790: start as a follower, conf=-1: [b3d8fb16-6440-47b2-97ce-3aa43dcbcb47:192.168.69.93:35320], old=null
2019-11-13 00:18:26,470 [pool-37-thread-1] INFO  impl.RaftServerImpl (RaftServerImpl.java:setRole(173)) - b3d8fb16-6440-47b2-97ce-3aa43dcbcb47@group-D5CF4FE8B790: changes role from      null to FOLLOWER at term 0 for startAsFollower
2019-11-13 00:18:26,471 [pool-37-thread-1] INFO  impl.RoleInfo (RoleInfo.java:updateAndGet(143)) - b3d8fb16-6440-47b2-97ce-3aa43dcbcb47: start FollowerState
2019-11-13 00:18:26,471 [pool-37-thread-1] INFO  util.JmxRegister (JmxRegister.java:tryRegister(44)) - Successfully registered JMX Bean with object name Ratis:service=RaftServer,group=group-D5CF4FE8B790,id=b3d8fb16-6440-47b2-97ce-3aa43dcbcb47
2019-11-13 00:18:26,471 [pool-37-thread-1] WARN  impl.MetricRegistriesImpl (MetricRegistriesImpl.java:lambda$create$1(61)) - First MetricRegistry has been created without registering reporters. You may need to call MetricRegistries.global().addReportRegistration(...) before.
2019-11-13 00:18:26,482 [RatisPipelineUtilsThread] INFO  pipeline.PipelineStateManager (PipelineStateManager.java:addPipeline(55)) - Created pipeline Pipeline[ Id: 79a81425-dd4c-4352-bd8f-d5cf4fe8b790, Nodes: b3d8fb16-6440-47b2-97ce-3aa43dcbcb47{ip: 192.168.69.93, host: pr-hdds-2105-428fw-2136415640, networkLocation: /default-rack, certSerialId: null}, Type:RATIS, Factor:ONE, State:ALLOCATED]
2019-11-13 00:18:26,512 [grpc-default-executor-1] INFO  impl.RaftServerProxy (RaftServerProxy.java:addNew(89)) - b3d8fb16-6440-47b2-97ce-3aa43dcbcb47: addNew group-B36282314AE9:[c8dc3d0b-8f4d-49f1-a0ba-66fc0675f2cd:192.168.69.93:36452, b3d8fb16-6440-47b2-97ce-3aa43dcbcb47:192.168.69.93:35320, c7ec1e8a-5c22-4467-ad32-59becfa95183:192.168.69.93:40725] returns group-B36282314AE9:java.util.concurrent.CompletableFuture@428b00f7[Not completed]
2019-11-13 00:18:26,513 [grpc-default-executor-2] INFO  impl.RaftServerProxy (RaftServerProxy.java:addNew(89)) - c7ec1e8a-5c22-4467-ad32-59becfa95183: addNew group-B36282314AE9:[c8dc3d0b-8f4d-49f1-a0ba-66fc0675f2cd:192.168.69.93:36452, b3d8fb16-6440-47b2-97ce-3aa43dcbcb47:192.168.69.93:35320, c7ec1e8a-5c22-4467-ad32-59becfa95183:192.168.69.93:40725] returns group-B36282314AE9:java.util.concurrent.CompletableFuture@2ba6220f[Not completed]
2019-11-13 00:18:26,516 [pool-37-thread-1] INFO  impl.RaftServerImpl (RaftServerImpl.java:<init>(98)) - b3d8fb16-6440-47b2-97ce-3aa43dcbcb47: new RaftServerImpl for group-B36282314AE9:[c8dc3d0b-8f4d-49f1-a0ba-66fc0675f2cd:192.168.69.93:36452, b3d8fb16-6440-47b2-97ce-3aa43dcbcb47:192.168.69.93:35320, c7ec1e8a-5c22-4467-ad32-59becfa95183:192.168.69.93:40725] with ContainerStateMachine:uninitialized
2019-11-13 00:18:26,517 [pool-37-thread-1] INFO  server.RaftServerConfigKeys (ConfUtils.java:logGet(43)) - raft.server.rpc.timeout.min = 5s (custom)
2019-11-13 00:18:26,517 [grpc-default-executor-2] INFO  impl.RaftServerProxy (RaftServerProxy.java:addNew(89)) - c8dc3d0b-8f4d-49f1-a0ba-66fc0675f2cd: addNew group-B36282314AE9:[c8dc3d0b-8f4d-49f1-a0ba-66fc0675f2cd:192.168.69.93:36452, b3d8fb16-6440-47b2-97ce-3aa43dcbcb47:192.168.69.93:35320, c7ec1e8a-5c22-4467-ad32-59becfa95183:192.168.69.93:40725] returns group-B36282314AE9:java.util.concurrent.CompletableFuture@6ea4a91f[Not completed]
2019-11-13 00:18:26,517 [pool-37-thread-1] INFO  server.RaftServerConfigKeys (ConfUtils.java:logGet(43)) - raft.server.rpc.timeout.max = 5200ms (custom)
2019-11-13 00:18:26,517 [pool-47-thread-1] INFO  impl.RaftServerImpl (RaftServerImpl.java:<init>(98)) - c7ec1e8a-5c22-4467-ad32-59becfa95183: new RaftServerImpl for group-B36282314AE9:[c8dc3d0b-8f4d-49f1-a0ba-66fc0675f2cd:192.168.69.93:36452, b3d8fb16-6440-47b2-97ce-3aa43dcbcb47:192.168.69.93:35320, c7ec1e8a-5c22-4467-ad32-59becfa95183:192.168.69.93:40725] with ContainerStateMachine:uninitialized
2019-11-13 00:18:26,517 [pool-37-thread-1] INFO  server.RaftServerConfigKeys (ConfUtils.java:logGet(43)) - raft.server.rpcslowness.timeout = 120s (custom)
2019-11-13 00:18:26,517 [pool-47-thread-1] INFO  server.RaftServerConfigKeys (ConfUtils.java:logGet(43)) - raft.server.rpc.timeout.min = 5s (custom)
2019-11-13 00:18:26,517 [pool-37-thread-1] INFO  server.RaftServerConfigKeys (ConfUtils.java:logGet(43)) - raft.server.sleep.deviation.threshold = 300 (default)
2019-11-13 00:18:26,518 [pool-47-thread-1] INFO  server.RaftServerConfigKeys (ConfUtils.java:logGet(43)) - raft.server.rpc.timeout.max = 5200ms (custom)
2019-11-13 00:18:26,518 [pool-37-thread-1] INFO  server.RaftServerConfigKeys (ConfUtils.java:logGet(43)) - raft.server.log.appender.install.snapshot.enabled = false (custom)
2019-11-13 00:18:26,518 [pool-47-thread-1] INFO  server.RaftServerConfigKeys (ConfUtils.java:logGet(43)) - raft.server.rpcslowness.timeout = 120s (custom)
2019-11-13 00:18:26,518 [pool-37-thread-1] INFO  impl.RaftServerImpl (ServerState.java:<init>(103)) - b3d8fb16-6440-47b2-97ce-3aa43dcbcb47@group-B36282314AE9: ConfigurationManager, init=-1: [c8dc3d0b-8f4d-49f1-a0ba-66fc0675f2cd:192.168.69.93:36452, b3d8fb16-6440-47b2-97ce-3aa43dcbcb47:192.168.69.93:35320, c7ec1e8a-5c22-4467-ad32-59becfa95183:192.168.69.93:40725], old=null, confs=<EMPTY_MAP>
2019-11-13 00:18:26,518 [pool-47-thread-1] INFO  server.RaftServerConfigKeys (ConfUtils.java:logGet(43)) - raft.server.sleep.deviation.threshold = 300 (default)
2019-11-13 00:18:26,518 [pool-47-thread-1] INFO  server.RaftServerConfigKeys (ConfUtils.java:logGet(43)) - raft.server.log.appender.install.snapshot.enabled = false (custom)
2019-11-13 00:18:26,518 [pool-37-thread-1] INFO  server.RaftServerConfigKeys (ConfUtils.java:logGet(43)) - raft.server.storage.dir = [/workdir/hadoop-ozone/tools/target/test-dir/MiniOzoneClusterImpl-c985667c-5a49-4bf8-9026-25e6eecde886/datanode-1/data/ratis] (custom)
2019-11-13 00:18:26,518 [pool-47-thread-1] INFO  impl.RaftServerImpl (ServerState.java:<init>(103)) - c7ec1e8a-5c22-4467-ad32-59becfa95183@group-B36282314AE9: ConfigurationManager, init=-1: [c8dc3d0b-8f4d-49f1-a0ba-66fc0675f2cd:192.168.69.93:36452, b3d8fb16-6440-47b2-97ce-3aa43dcbcb47:192.168.69.93:35320, c7ec1e8a-5c22-4467-ad32-59becfa95183:192.168.69.93:40725], old=null, confs=<EMPTY_MAP>
2019-11-13 00:18:26,519 [pool-47-thread-1] INFO  server.RaftServerConfigKeys (ConfUtils.java:logGet(43)) - raft.server.storage.dir = [/workdir/hadoop-ozone/tools/target/test-dir/MiniOzoneClusterImpl-c985667c-5a49-4bf8-9026-25e6eecde886/datanode-2/data/ratis] (custom)
2019-11-13 00:18:26,519 [pool-37-thread-1] INFO  server.RaftServerConfigKeys (ConfUtils.java:logGet(43)) - raft.server.log.corruption.policy = EXCEPTION (default)
2019-11-13 00:18:26,519 [pool-27-thread-1] INFO  impl.RaftServerImpl (RaftServerImpl.java:<init>(98)) - c8dc3d0b-8f4d-49f1-a0ba-66fc0675f2cd: new RaftServerImpl for group-B36282314AE9:[c8dc3d0b-8f4d-49f1-a0ba-66fc0675f2cd:192.168.69.93:36452, b3d8fb16-6440-47b2-97ce-3aa43dcbcb47:192.168.69.93:35320, c7ec1e8a-5c22-4467-ad32-59becfa95183:192.168.69.93:40725] with ContainerStateMachine:uninitialized
2019-11-13 00:18:26,519 [pool-47-thread-1] INFO  server.RaftServerConfigKeys (ConfUtils.java:logGet(43)) - raft.server.log.corruption.policy = EXCEPTION (default)
2019-11-13 00:18:26,519 [pool-37-thread-1] INFO  storage.RaftStorageDirectory (RaftStorageDirectory.java:analyzeStorage(246)) - The storage directory /workdir/hadoop-ozone/tools/target/test-dir/MiniOzoneClusterImpl-c985667c-5a49-4bf8-9026-25e6eecde886/datanode-1/data/ratis/a09daae0-ebc3-4fb0-a949-b36282314ae9 does not exist. Creating ...
2019-11-13 00:18:26,519 [pool-47-thread-1] INFO  storage.RaftStorageDirectory (RaftStorageDirectory.java:analyzeStorage(246)) - The storage directory /workdir/hadoop-ozone/tools/target/test-dir/MiniOzoneClusterImpl-c985667c-5a49-4bf8-9026-25e6eecde886/datanode-2/data/ratis/a09daae0-ebc3-4fb0-a949-b36282314ae9 does not exist. Creating ...
2019-11-13 00:18:26,519 [pool-27-thread-1] INFO  server.RaftServerConfigKeys (ConfUtils.java:logGet(43)) - raft.server.rpc.timeout.min = 5s (custom)
2019-11-13 00:18:26,520 [pool-27-thread-1] INFO  server.RaftServerConfigKeys (ConfUtils.java:logGet(43)) - raft.server.rpc.timeout.max = 5200ms (custom)
2019-11-13 00:18:26,520 [pool-27-thread-1] INFO  server.RaftServerConfigKeys (ConfUtils.java:logGet(43)) - raft.server.rpcslowness.timeout = 120s (custom)
2019-11-13 00:18:26,520 [pool-27-thread-1] INFO  server.RaftServerConfigKeys (ConfUtils.java:logGet(43)) - raft.server.sleep.deviation.threshold = 300 (default)
2019-11-13 00:18:26,521 [pool-27-thread-1] INFO  server.RaftServerConfigKeys (ConfUtils.java:logGet(43)) - raft.server.log.appender.install.snapshot.enabled = false (custom)
2019-11-13 00:18:26,521 [pool-27-thread-1] INFO  impl.RaftServerImpl (ServerState.java:<init>(103)) - c8dc3d0b-8f4d-49f1-a0ba-66fc0675f2cd@group-B36282314AE9: ConfigurationManager, init=-1: [c8dc3d0b-8f4d-49f1-a0ba-66fc0675f2cd:192.168.69.93:36452, b3d8fb16-6440-47b2-97ce-3aa43dcbcb47:192.168.69.93:35320, c7ec1e8a-5c22-4467-ad32-59becfa95183:192.168.69.93:40725], old=null, confs=<EMPTY_MAP>
2019-11-13 00:18:26,521 [pool-27-thread-1] INFO  server.RaftServerConfigKeys (ConfUtils.java:logGet(43)) - raft.server.storage.dir = [/workdir/hadoop-ozone/tools/target/test-dir/MiniOzoneClusterImpl-c985667c-5a49-4bf8-9026-25e6eecde886/datanode-0/data/ratis] (custom)
2019-11-13 00:18:26,522 [pool-27-thread-1] INFO  server.RaftServerConfigKeys (ConfUtils.java:logGet(43)) - raft.server.log.corruption.policy = EXCEPTION (default)
2019-11-13 00:18:26,522 [pool-27-thread-1] INFO  storage.RaftStorageDirectory (RaftStorageDirectory.java:analyzeStorage(246)) - The storage directory /workdir/hadoop-ozone/tools/target/test-dir/MiniOzoneClusterImpl-c985667c-5a49-4bf8-9026-25e6eecde886/datanode-0/data/ratis/a09daae0-ebc3-4fb0-a949-b36282314ae9 does not exist. Creating ...
2019-11-13 00:18:26,547 [pool-47-thread-1] INFO  storage.RaftStorageDirectory (RaftStorageDirectory.java:tryLock(328)) - Lock on /workdir/hadoop-ozone/tools/target/test-dir/MiniOzoneClusterImpl-c985667c-5a49-4bf8-9026-25e6eecde886/datanode-2/data/ratis/a09daae0-ebc3-4fb0-a949-b36282314ae9/in_use.lock acquired by nodename 25754@pr-hdds-2105-428fw-2136415640
2019-11-13 00:18:26,547 [pool-27-thread-1] INFO  storage.RaftStorageDirectory (RaftStorageDirectory.java:tryLock(328)) - Lock on /workdir/hadoop-ozone/tools/target/test-dir/MiniOzoneClusterImpl-c985667c-5a49-4bf8-9026-25e6eecde886/datanode-0/data/ratis/a09daae0-ebc3-4fb0-a949-b36282314ae9/in_use.lock acquired by nodename 25754@pr-hdds-2105-428fw-2136415640
2019-11-13 00:18:26,547 [pool-37-thread-1] INFO  storage.RaftStorageDirectory (RaftStorageDirectory.java:tryLock(328)) - Lock on /workdir/hadoop-ozone/tools/target/test-dir/MiniOzoneClusterImpl-c985667c-5a49-4bf8-9026-25e6eecde886/datanode-1/data/ratis/a09daae0-ebc3-4fb0-a949-b36282314ae9/in_use.lock acquired by nodename 25754@pr-hdds-2105-428fw-2136415640
2019-11-13 00:18:26,573 [pool-37-thread-1] INFO  storage.RaftStorage (RaftStorage.java:format(84)) - Storage directory /workdir/hadoop-ozone/tools/target/test-dir/MiniOzoneClusterImpl-c985667c-5a49-4bf8-9026-25e6eecde886/datanode-1/data/ratis/a09daae0-ebc3-4fb0-a949-b36282314ae9 has been successfully formatted.
2019-11-13 00:18:26,573 [pool-27-thread-1] INFO  storage.RaftStorage (RaftStorage.java:format(84)) - Storage directory /workdir/hadoop-ozone/tools/target/test-dir/MiniOzoneClusterImpl-c985667c-5a49-4bf8-9026-25e6eecde886/datanode-0/data/ratis/a09daae0-ebc3-4fb0-a949-b36282314ae9 has been successfully formatted.
2019-11-13 00:18:26,573 [pool-37-thread-1] INFO  ratis.ContainerStateMachine (ContainerStateMachine.java:loadSnapshot(223)) - group-B36282314AE9: The snapshot info is null. Setting the last applied indexto:(t:0, i:~)
2019-11-13 00:18:26,573 [pool-47-thread-1] INFO  storage.RaftStorage (RaftStorage.java:format(84)) - Storage directory /workdir/hadoop-ozone/tools/target/test-dir/MiniOzoneClusterImpl-c985667c-5a49-4bf8-9026-25e6eecde886/datanode-2/data/ratis/a09daae0-ebc3-4fb0-a949-b36282314ae9 has been successfully formatted.
2019-11-13 00:18:26,573 [pool-37-thread-1] INFO  server.RaftServerConfigKeys (ConfUtils.java:logGet(43)) - raft.server.notification.no-leader.timeout = 120s (custom)
2019-11-13 00:18:26,574 [pool-27-thread-1] INFO  ratis.ContainerStateMachine (ContainerStateMachine.java:loadSnapshot(223)) - group-B36282314AE9: The snapshot info is null. Setting the last applied indexto:(t:0, i:~)
2019-11-13 00:18:26,574 [pool-47-thread-1] INFO  ratis.ContainerStateMachine (ContainerStateMachine.java:loadSnapshot(223)) - group-B36282314AE9: The snapshot info is null. Setting the last applied indexto:(t:0, i:~)
2019-11-13 00:18:26,574 [pool-27-thread-1] INFO  server.RaftServerConfigKeys (ConfUtils.java:logGet(43)) - raft.server.notification.no-leader.timeout = 120s (custom)
2019-11-13 00:18:26,574 [pool-47-thread-1] INFO  server.RaftServerConfigKeys (ConfUtils.java:logGet(43)) - raft.server.notification.no-leader.timeout = 120s (custom)
2019-11-13 00:18:26,574 [pool-37-thread-1] INFO  server.RaftServerConfigKeys (ConfUtils.java:logGet(43)) - raft.server.log.use.memory = false (default)
2019-11-13 00:18:26,574 [pool-47-thread-1] INFO  server.RaftServerConfigKeys (ConfUtils.java:logGet(43)) - raft.server.log.use.memory = false (default)
2019-11-13 00:18:26,574 [pool-27-thread-1] INFO  server.RaftServerConfigKeys (ConfUtils.java:logGet(43)) - raft.server.log.use.memory = false (default)
2019-11-13 00:18:26,575 [pool-47-thread-1] INFO  server.RaftServerConfigKeys (ConfUtils.java:logGet(43)) - raft.server.log.purge.gap = 1000000 (custom)
2019-11-13 00:18:26,574 [pool-37-thread-1] INFO  server.RaftServerConfigKeys (ConfUtils.java:logGet(43)) - raft.server.log.purge.gap = 1000000 (custom)
2019-11-13 00:18:26,575 [pool-47-thread-1] INFO  server.RaftServerConfigKeys (ConfUtils.java:logGet(43)) - raft.server.log.appender.buffer.byte-limit = 33554432 (custom)
2019-11-13 00:18:26,575 [pool-27-thread-1] INFO  server.RaftServerConfigKeys (ConfUtils.java:logGet(43)) - raft.server.log.purge.gap = 1000000 (custom)
2019-11-13 00:18:26,575 [pool-47-thread-1] INFO  server.RaftServerConfigKeys (ConfUtils.java:logGet(43)) - raft.server.log.segment.size.max = 1048576 (custom)
2019-11-13 00:18:26,575 [pool-37-thread-1] INFO  server.RaftServerConfigKeys (ConfUtils.java:logGet(43)) - raft.server.log.appender.buffer.byte-limit = 33554432 (custom)
2019-11-13 00:18:26,575 [pool-27-thread-1] INFO  server.RaftServerConfigKeys (ConfUtils.java:logGet(43)) - raft.server.log.appender.buffer.byte-limit = 33554432 (custom)
2019-11-13 00:18:26,576 [pool-47-thread-1] INFO  server.RaftServerConfigKeys (ConfUtils.java:logGet(43)) - raft.server.log.segment.cache.num.max = 2 (custom)
2019-11-13 00:18:26,576 [pool-37-thread-1] INFO  server.RaftServerConfigKeys (ConfUtils.java:logGet(43)) - raft.server.log.segment.size.max = 1048576 (custom)
2019-11-13 00:18:26,576 [pool-47-thread-1] INFO  segmented.SegmentedRaftLogWorker (SegmentedRaftLogWorker.java:<init>(173)) - new c7ec1e8a-5c22-4467-ad32-59becfa95183@group-B36282314AE9-SegmentedRaftLogWorker for RaftStorage:Storage Directory /workdir/hadoop-ozone/tools/target/test-dir/MiniOzoneClusterImpl-c985667c-5a49-4bf8-9026-25e6eecde886/datanode-2/data/ratis/a09daae0-ebc3-4fb0-a949-b36282314ae9
2019-11-13 00:18:26,576 [pool-27-thread-1] INFO  server.RaftServerConfigKeys (ConfUtils.java:logGet(43)) - raft.server.log.segment.size.max = 1048576 (custom)
2019-11-13 00:18:26,576 [pool-47-thread-1] INFO  server.RaftServerConfigKeys (ConfUtils.java:logGet(43)) - raft.server.log.queue.byte-limit = 2147483647 (custom)
2019-11-13 00:18:26,576 [pool-37-thread-1] INFO  server.RaftServerConfigKeys (ConfUtils.java:logGet(43)) - raft.server.log.segment.cache.num.max = 2 (custom)
2019-11-13 00:18:26,576 [pool-47-thread-1] INFO  server.RaftServerConfigKeys (ConfUtils.java:logGet(43)) - raft.server.log.queue.element-limit = 1024 (custom)
2019-11-13 00:18:26,576 [pool-27-thread-1] INFO  server.RaftServerConfigKeys (ConfUtils.java:logGet(43)) - raft.server.log.segment.cache.num.max = 2 (custom)
2019-11-13 00:18:26,577 [pool-47-thread-1] INFO  server.RaftServerConfigKeys (ConfUtils.java:logGet(43)) - raft.server.log.segment.size.max = 1048576 (custom)
2019-11-13 00:18:26,576 [pool-37-thread-1] INFO  segmented.SegmentedRaftLogWorker (SegmentedRaftLogWorker.java:<init>(173)) - new b3d8fb16-6440-47b2-97ce-3aa43dcbcb47@group-B36282314AE9-SegmentedRaftLogWorker for RaftStorage:Storage Directory /workdir/hadoop-ozone/tools/target/test-dir/MiniOzoneClusterImpl-c985667c-5a49-4bf8-9026-25e6eecde886/datanode-1/data/ratis/a09daae0-ebc3-4fb0-a949-b36282314ae9
2019-11-13 00:18:26,577 [pool-47-thread-1] INFO  server.RaftServerConfigKeys (ConfUtils.java:logGet(43)) - raft.server.log.preallocated.size = 16384 (custom)
2019-11-13 00:18:26,577 [pool-27-thread-1] INFO  segmented.SegmentedRaftLogWorker (SegmentedRaftLogWorker.java:<init>(173)) - new c8dc3d0b-8f4d-49f1-a0ba-66fc0675f2cd@group-B36282314AE9-SegmentedRaftLogWorker for RaftStorage:Storage Directory /workdir/hadoop-ozone/tools/target/test-dir/MiniOzoneClusterImpl-c985667c-5a49-4bf8-9026-25e6eecde886/datanode-0/data/ratis/a09daae0-ebc3-4fb0-a949-b36282314ae9
2019-11-13 00:18:26,577 [pool-47-thread-1] INFO  server.RaftServerConfigKeys (ConfUtils.java:logGet(43)) - raft.server.log.write.buffer.size = 33554432 (custom)
2019-11-13 00:18:26,577 [pool-37-thread-1] INFO  server.RaftServerConfigKeys (ConfUtils.java:logGet(43)) - raft.server.log.queue.byte-limit = 2147483647 (custom)
2019-11-13 00:18:26,578 [pool-47-thread-1] INFO  server.RaftServerConfigKeys (ConfUtils.java:logGet(43)) - raft.server.log.force.sync.num = 128 (default)
2019-11-13 00:18:26,577 [pool-27-thread-1] INFO  server.RaftServerConfigKeys (ConfUtils.java:logGet(43)) - raft.server.log.queue.byte-limit = 2147483647 (custom)
2019-11-13 00:18:26,578 [pool-47-thread-1] INFO  server.RaftServerConfigKeys (ConfUtils.java:logGet(43)) - raft.server.log.statemachine.data.sync = true (default)
2019-11-13 00:18:26,578 [pool-37-thread-1] INFO  server.RaftServerConfigKeys (ConfUtils.java:logGet(43)) - raft.server.log.queue.element-limit = 1024 (custom)
2019-11-13 00:18:26,578 [pool-47-thread-1] INFO  server.RaftServerConfigKeys (ConfUtils.java:logGet(43)) - raft.server.log.statemachine.data.sync.timeout = 10s (default)
2019-11-13 00:18:26,578 [pool-27-thread-1] INFO  server.RaftServerConfigKeys (ConfUtils.java:logGet(43)) - raft.server.log.queue.element-limit = 1024 (custom)
2019-11-13 00:18:26,578 [pool-47-thread-1] INFO  server.RaftServerConfigKeys (ConfUtils.java:logGet(43)) - raft.server.log.statemachine.data.sync.timeout.retry = -1 (default)
2019-11-13 00:18:26,578 [pool-37-thread-1] INFO  server.RaftServerConfigKeys (ConfUtils.java:logGet(43)) - raft.server.log.segment.size.max = 1048576 (custom)
2019-11-13 00:18:26,578 [pool-27-thread-1] INFO  server.RaftServerConfigKeys (ConfUtils.java:logGet(43)) - raft.server.log.segment.size.max = 1048576 (custom)
2019-11-13 00:18:26,579 [pool-47-thread-1] INFO  server.RaftServerConfigKeys (ConfUtils.java:logGet(43)) - raft.server.log.statemachine.data.caching.enabled = true (custom)
2019-11-13 00:18:26,579 [pool-37-thread-1] INFO  server.RaftServerConfigKeys (ConfUtils.java:logGet(43)) - raft.server.log.preallocated.size = 16384 (custom)
2019-11-13 00:18:26,579 [pool-27-thread-1] INFO  server.RaftServerConfigKeys (ConfUtils.java:logGet(43)) - raft.server.log.preallocated.size = 16384 (custom)
2019-11-13 00:18:26,579 [pool-37-thread-1] INFO  server.RaftServerConfigKeys (ConfUtils.java:logGet(43)) - raft.server.log.write.buffer.size = 33554432 (custom)
2019-11-13 00:18:26,579 [pool-47-thread-1] INFO  segmented.SegmentedRaftLogWorker (SegmentedRaftLogWorker.java:lambda$new$0(128)) - c7ec1e8a-5c22-4467-ad32-59becfa95183@group-B36282314AE9-SegmentedRaftLogWorker: flushIndex: setUnconditionally 0 -> -1
2019-11-13 00:18:26,579 [pool-27-thread-1] INFO  server.RaftServerConfigKeys (ConfUtils.java:logGet(43)) - raft.server.log.write.buffer.size = 33554432 (custom)
2019-11-13 00:18:26,579 [pool-37-thread-1] INFO  server.RaftServerConfigKeys (ConfUtils.java:logGet(43)) - raft.server.log.force.sync.num = 128 (default)
2019-11-13 00:18:26,580 [pool-27-thread-1] INFO  server.RaftServerConfigKeys (ConfUtils.java:logGet(43)) - raft.server.log.force.sync.num = 128 (default)
2019-11-13 00:18:26,580 [pool-47-thread-1] INFO  server.RaftServerConfigKeys (ConfUtils.java:logGet(43)) - raft.server.snapshot.auto.trigger.enabled = true (custom)
2019-11-13 00:18:26,580 [pool-37-thread-1] INFO  server.RaftServerConfigKeys (ConfUtils.java:logGet(43)) - raft.server.log.statemachine.data.sync = true (default)
2019-11-13 00:18:26,580 [pool-47-thread-1] INFO  server.RaftServerConfigKeys (ConfUtils.java:logGet(43)) - raft.server.snapshot.auto.trigger.threshold = 10000 (custom)
2019-11-13 00:18:26,580 [pool-27-thread-1] INFO  server.RaftServerConfigKeys (ConfUtils.java:logGet(43)) - raft.server.log.statemachine.data.sync = true (default)
2019-11-13 00:18:26,580 [pool-47-thread-1] INFO  server.RaftServerConfigKeys (ConfUtils.java:logGet(43)) - raft.server.snapshot.retention.file.num = 5 (custom)
2019-11-13 00:18:26,580 [pool-37-thread-1] INFO  server.RaftServerConfigKeys (ConfUtils.java:logGet(43)) - raft.server.log.statemachine.data.sync.timeout = 10s (default)
2019-11-13 00:18:26,581 [pool-27-thread-1] INFO  server.RaftServerConfigKeys (ConfUtils.java:logGet(43)) - raft.server.log.statemachine.data.sync.timeout = 10s (default)
2019-11-13 00:18:26,581 [pool-47-thread-1] INFO  server.RaftServerConfigKeys (ConfUtils.java:logGet(43)) - raft.server.retrycache.expirytime = 600000ms (custom)
2019-11-13 00:18:26,581 [pool-37-thread-1] INFO  server.RaftServerConfigKeys (ConfUtils.java:logGet(43)) - raft.server.log.statemachine.data.sync.timeout.retry = -1 (default)
2019-11-13 00:18:26,581 [pool-27-thread-1] INFO  server.RaftServerConfigKeys (ConfUtils.java:logGet(43)) - raft.server.log.statemachine.data.sync.timeout.retry = -1 (default)
2019-11-13 00:18:26,581 [pool-47-thread-1] WARN  impl.MetricRegistriesImpl (MetricRegistriesImpl.java:lambda$create$1(61)) - First MetricRegistry has been created without registering reporters. You may need to call MetricRegistries.global().addReportRegistration(...) before.
2019-11-13 00:18:26,581 [pool-37-thread-1] INFO  server.RaftServerConfigKeys (ConfUtils.java:logGet(43)) - raft.server.log.statemachine.data.caching.enabled = true (custom)
2019-11-13 00:18:26,582 [pool-47-thread-1] WARN  impl.MetricRegistriesImpl (MetricRegistriesImpl.java:lambda$create$1(61)) - First MetricRegistry has been created without registering reporters. You may need to call MetricRegistries.global().addReportRegistration(...) before.
2019-11-13 00:18:26,582 [pool-27-thread-1] INFO  server.RaftServerConfigKeys (ConfUtils.java:logGet(43)) - raft.server.log.statemachine.data.caching.enabled = true (custom)
2019-11-13 00:18:26,582 [pool-47-thread-1] INFO  impl.RaftServerImpl (RaftServerImpl.java:start(184)) - c7ec1e8a-5c22-4467-ad32-59becfa95183@group-B36282314AE9: start as a follower, conf=-1: [c8dc3d0b-8f4d-49f1-a0ba-66fc0675f2cd:192.168.69.93:36452, b3d8fb16-6440-47b2-97ce-3aa43dcbcb47:192.168.69.93:35320, c7ec1e8a-5c22-4467-ad32-59becfa95183:192.168.69.93:40725], old=null
2019-11-13 00:18:26,582 [pool-37-thread-1] INFO  segmented.SegmentedRaftLogWorker (SegmentedRaftLogWorker.java:lambda$new$0(128)) - b3d8fb16-6440-47b2-97ce-3aa43dcbcb47@group-B36282314AE9-SegmentedRaftLogWorker: flushIndex: setUnconditionally 0 -> -1
2019-11-13 00:18:26,582 [pool-47-thread-1] INFO  impl.RaftServerImpl (RaftServerImpl.java:setRole(173)) - c7ec1e8a-5c22-4467-ad32-59becfa95183@group-B36282314AE9: changes role from      null to FOLLOWER at term 0 for startAsFollower
2019-11-13 00:18:26,582 [pool-27-thread-1] INFO  segmented.SegmentedRaftLogWorker (SegmentedRaftLogWorker.java:lambda$new$0(128)) - c8dc3d0b-8f4d-49f1-a0ba-66fc0675f2cd@group-B36282314AE9-SegmentedRaftLogWorker: flushIndex: setUnconditionally 0 -> -1
2019-11-13 00:18:26,582 [pool-37-thread-1] INFO  server.RaftServerConfigKeys (ConfUtils.java:logGet(43)) - raft.server.snapshot.auto.trigger.enabled = true (custom)
2019-11-13 00:18:26,582 [pool-47-thread-1] INFO  impl.RoleInfo (RoleInfo.java:updateAndGet(143)) - c7ec1e8a-5c22-4467-ad32-59becfa95183: start FollowerState
2019-11-13 00:18:26,583 [pool-27-thread-1] INFO  server.RaftServerConfigKeys (ConfUtils.java:logGet(43)) - raft.server.snapshot.auto.trigger.enabled = true (custom)
2019-11-13 00:18:26,583 [pool-37-thread-1] INFO  server.RaftServerConfigKeys (ConfUtils.java:logGet(43)) - raft.server.snapshot.auto.trigger.threshold = 10000 (custom)
2019-11-13 00:18:26,583 [pool-27-thread-1] INFO  server.RaftServerConfigKeys (ConfUtils.java:logGet(43)) - raft.server.snapshot.auto.trigger.threshold = 10000 (custom)
2019-11-13 00:18:26,583 [pool-37-thread-1] INFO  server.RaftServerConfigKeys (ConfUtils.java:logGet(43)) - raft.server.snapshot.retention.file.num = 5 (custom)
2019-11-13 00:18:26,583 [pool-47-thread-1] INFO  util.JmxRegister (JmxRegister.java:tryRegister(44)) - Successfully registered JMX Bean with object name Ratis:service=RaftServer,group=group-B36282314AE9,id=c7ec1e8a-5c22-4467-ad32-59becfa95183
2019-11-13 00:18:26,583 [pool-27-thread-1] INFO  server.RaftServerConfigKeys (ConfUtils.java:logGet(43)) - raft.server.snapshot.retention.file.num = 5 (custom)
2019-11-13 00:18:26,583 [pool-47-thread-1] WARN  impl.MetricRegistriesImpl (MetricRegistriesImpl.java:lambda$create$1(61)) - First MetricRegistry has been created without registering reporters. You may need to call MetricRegistries.global().addReportRegistration(...) before.
2019-11-13 00:18:26,583 [pool-37-thread-1] INFO  server.RaftServerConfigKeys (ConfUtils.java:logGet(43)) - raft.server.retrycache.expirytime = 600000ms (custom)
2019-11-13 00:18:26,584 [pool-27-thread-1] INFO  server.RaftServerConfigKeys (ConfUtils.java:logGet(43)) - raft.server.retrycache.expirytime = 600000ms (custom)
2019-11-13 00:18:26,584 [pool-37-thread-1] WARN  impl.MetricRegistriesImpl (MetricRegistriesImpl.java:lambda$create$1(61)) - First MetricRegistry has been created without registering reporters. You may need to call MetricRegistries.global().addReportRegistration(...) before.
2019-11-13 00:18:26,584 [pool-27-thread-1] WARN  impl.MetricRegistriesImpl (MetricRegistriesImpl.java:lambda$create$1(61)) - First MetricRegistry has been created without registering reporters. You may need to call MetricRegistries.global().addReportRegistration(...) before.
2019-11-13 00:18:26,584 [pool-37-thread-1] WARN  impl.MetricRegistriesImpl (MetricRegistriesImpl.java:lambda$create$1(61)) - First MetricRegistry has been created without registering reporters. You may need to call MetricRegistries.global().addReportRegistration(...) before.
2019-11-13 00:18:26,584 [pool-27-thread-1] WARN  impl.MetricRegistriesImpl (MetricRegistriesImpl.java:lambda$create$1(61)) - First MetricRegistry has been created without registering reporters. You may need to call MetricRegistries.global().addReportRegistration(...) before.
2019-11-13 00:18:26,584 [pool-37-thread-1] INFO  impl.RaftServerImpl (RaftServerImpl.java:start(184)) - b3d8fb16-6440-47b2-97ce-3aa43dcbcb47@group-B36282314AE9: start as a follower, conf=-1: [c8dc3d0b-8f4d-49f1-a0ba-66fc0675f2cd:192.168.69.93:36452, b3d8fb16-6440-47b2-97ce-3aa43dcbcb47:192.168.69.93:35320, c7ec1e8a-5c22-4467-ad32-59becfa95183:192.168.69.93:40725], old=null
2019-11-13 00:18:26,584 [pool-37-thread-1] INFO  impl.RaftServerImpl (RaftServerImpl.java:setRole(173)) - b3d8fb16-6440-47b2-97ce-3aa43dcbcb47@group-B36282314AE9: changes role from      null to FOLLOWER at term 0 for startAsFollower
2019-11-13 00:18:26,585 [pool-27-thread-1] INFO  impl.RaftServerImpl (RaftServerImpl.java:start(184)) - c8dc3d0b-8f4d-49f1-a0ba-66fc0675f2cd@group-B36282314AE9: start as a follower, conf=-1: [c8dc3d0b-8f4d-49f1-a0ba-66fc0675f2cd:192.168.69.93:36452, b3d8fb16-6440-47b2-97ce-3aa43dcbcb47:192.168.69.93:35320, c7ec1e8a-5c22-4467-ad32-59becfa95183:192.168.69.93:40725], old=null
2019-11-13 00:18:26,585 [pool-37-thread-1] INFO  impl.RoleInfo (RoleInfo.java:updateAndGet(143)) - b3d8fb16-6440-47b2-97ce-3aa43dcbcb47: start FollowerState
2019-11-13 00:18:26,585 [pool-27-thread-1] INFO  impl.RaftServerImpl (RaftServerImpl.java:setRole(173)) - c8dc3d0b-8f4d-49f1-a0ba-66fc0675f2cd@group-B36282314AE9: changes role from      null to FOLLOWER at term 0 for startAsFollower
2019-11-13 00:18:26,586 [pool-27-thread-1] INFO  impl.RoleInfo (RoleInfo.java:updateAndGet(143)) - c8dc3d0b-8f4d-49f1-a0ba-66fc0675f2cd: start FollowerState
2019-11-13 00:18:26,586 [pool-37-thread-1] INFO  util.JmxRegister (JmxRegister.java:tryRegister(44)) - Successfully registered JMX Bean with object name Ratis:service=RaftServer,group=group-B36282314AE9,id=b3d8fb16-6440-47b2-97ce-3aa43dcbcb47
2019-11-13 00:18:26,586 [pool-37-thread-1] WARN  impl.MetricRegistriesImpl (MetricRegistriesImpl.java:lambda$create$1(61)) - First MetricRegistry has been created without registering reporters. You may need to call MetricRegistries.global().addReportRegistration(...) before.
2019-11-13 00:18:26,588 [pool-27-thread-1] INFO  util.JmxRegister (JmxRegister.java:tryRegister(44)) - Successfully registered JMX Bean with object name Ratis:service=RaftServer,group=group-B36282314AE9,id=c8dc3d0b-8f4d-49f1-a0ba-66fc0675f2cd
2019-11-13 00:18:26,588 [pool-27-thread-1] WARN  impl.MetricRegistriesImpl (MetricRegistriesImpl.java:lambda$create$1(61)) - First MetricRegistry has been created without registering reporters. You may need to call MetricRegistries.global().addReportRegistration(...) before.
2019-11-13 00:18:26,611 [RatisPipelineUtilsThread] INFO  pipeline.PipelineStateManager (PipelineStateManager.java:addPipeline(55)) - Created pipeline Pipeline[ Id: a09daae0-ebc3-4fb0-a949-b36282314ae9, Nodes: c8dc3d0b-8f4d-49f1-a0ba-66fc0675f2cd{ip: 192.168.69.93, host: pr-hdds-2105-428fw-2136415640, networkLocation: /default-rack, certSerialId: null}c7ec1e8a-5c22-4467-ad32-59becfa95183{ip: 192.168.69.93, host: pr-hdds-2105-428fw-2136415640, networkLocation: /default-rack, certSerialId: null}b3d8fb16-6440-47b2-97ce-3aa43dcbcb47{ip: 192.168.69.93, host: pr-hdds-2105-428fw-2136415640, networkLocation: /default-rack, certSerialId: null}, Type:RATIS, Factor:THREE, State:ALLOCATED]
2019-11-13 00:18:26,613 [main] INFO  ozone.MiniOzoneClusterImpl (MiniOzoneClusterImpl.java:lambda$waitForClusterToBeReady$2(163)) - Waiting for 4 number of pipelines out of 4, to report a leader.
2019-11-13 00:18:27,614 [main] INFO  ozone.MiniOzoneClusterImpl (MiniOzoneClusterImpl.java:lambda$waitForClusterToBeReady$2(163)) - Waiting for 4 number of pipelines out of 4, to report a leader.
2019-11-13 00:18:28,456 [Thread-178] INFO  container.ReplicationManager (ReplicationManager.java:start(162)) - Starting Replication Monitor Thread.
2019-11-13 00:18:28,468 [ReplicationMonitor] INFO  container.ReplicationManager (ReplicationManager.java:run(225)) - Replication Monitor Thread took 6 milliseconds for processing 0 containers.
2019-11-13 00:18:28,468 [Thread-178] INFO  pipeline.SCMPipelineManager (SCMPipelineManager.java:finalizeAndDestroyPipeline(315)) - destroying pipeline:Pipeline[ Id: 5f21dfb8-68d0-4b50-943c-4f6afabc54e5, Nodes: c7ec1e8a-5c22-4467-ad32-59becfa95183{ip: 192.168.69.93, host: pr-hdds-2105-428fw-2136415640, networkLocation: /default-rack, certSerialId: null}, Type:RATIS, Factor:ONE, State:ALLOCATED]
2019-11-13 00:18:28,473 [Thread-178] INFO  pipeline.PipelineStateManager (PipelineStateManager.java:finalizePipeline(121)) - Pipeline Pipeline[ Id: 5f21dfb8-68d0-4b50-943c-4f6afabc54e5, Nodes: c7ec1e8a-5c22-4467-ad32-59becfa95183{ip: 192.168.69.93, host: pr-hdds-2105-428fw-2136415640, networkLocation: /default-rack, certSerialId: null}, Type:RATIS, Factor:ONE, State:CLOSED] moved to CLOSED state
2019-11-13 00:18:28,522 [grpc-default-executor-2] INFO  impl.RaftServerProxy (RaftServerProxy.java:remove(95)) - c7ec1e8a-5c22-4467-ad32-59becfa95183: remove  FOLLOWER c7ec1e8a-5c22-4467-ad32-59becfa95183@group-4F6AFABC54E5:t0, leader=null, voted=null, raftlog=c7ec1e8a-5c22-4467-ad32-59becfa95183@group-4F6AFABC54E5-SegmentedRaftLog:OPENED:c-1,f-1,i0, conf=-1: [c7ec1e8a-5c22-4467-ad32-59becfa95183:192.168.69.93:40725], old=null RUNNING
2019-11-13 00:18:28,526 [grpc-default-executor-2] INFO  impl.RaftServerImpl (RaftServerImpl.java:lambda$shutdown$3(250)) - c7ec1e8a-5c22-4467-ad32-59becfa95183@group-4F6AFABC54E5: shutdown
2019-11-13 00:18:28,527 [grpc-default-executor-2] INFO  util.JmxRegister (JmxRegister.java:unregister(73)) - Successfully un-registered JMX Bean with object name Ratis:service=RaftServer,group=group-4F6AFABC54E5,id=c7ec1e8a-5c22-4467-ad32-59becfa95183
2019-11-13 00:18:28,527 [grpc-default-executor-2] INFO  impl.RoleInfo (RoleInfo.java:shutdownFollowerState(121)) - c7ec1e8a-5c22-4467-ad32-59becfa95183: shutdown FollowerState
2019-11-13 00:18:28,527 [grpc-default-executor-2] INFO  impl.StateMachineUpdater (StateMachineUpdater.java:stopAndJoin(136)) - c7ec1e8a-5c22-4467-ad32-59becfa95183@group-4F6AFABC54E5-StateMachineUpdater: set stopIndex = -1
2019-11-13 00:18:28,527 [Thread-183] INFO  impl.FollowerState (FollowerState.java:run(120)) - c7ec1e8a-5c22-4467-ad32-59becfa95183@group-4F6AFABC54E5-FollowerState was interrupted: java.lang.InterruptedException: sleep interrupted
2019-11-13 00:18:28,530 [grpc-default-executor-2] INFO  impl.RaftServerImpl (ServerState.java:close(387)) - c7ec1e8a-5c22-4467-ad32-59becfa95183@group-4F6AFABC54E5: closes. applyIndex: -1
2019-11-13 00:18:28,536 [c7ec1e8a-5c22-4467-ad32-59becfa95183@group-4F6AFABC54E5-SegmentedRaftLogWorker] INFO  segmented.SegmentedRaftLogWorker (SegmentedRaftLogWorker.java:run(316)) - c7ec1e8a-5c22-4467-ad32-59becfa95183@group-4F6AFABC54E5-SegmentedRaftLogWorker was interrupted, exiting. There are 0 tasks remaining in the queue.
2019-11-13 00:18:28,538 [grpc-default-executor-2] INFO  segmented.SegmentedRaftLogWorker (SegmentedRaftLogWorker.java:close(224)) - c7ec1e8a-5c22-4467-ad32-59becfa95183@group-4F6AFABC54E5-SegmentedRaftLogWorker close()
2019-11-13 00:18:28,556 [Thread-178] INFO  pipeline.PipelineStateManager (PipelineStateManager.java:removePipeline(106)) - Pipeline Pipeline[ Id: 5f21dfb8-68d0-4b50-943c-4f6afabc54e5, Nodes: c7ec1e8a-5c22-4467-ad32-59becfa95183{ip: 192.168.69.93, host: pr-hdds-2105-428fw-2136415640, networkLocation: /default-rack, certSerialId: null}, Type:RATIS, Factor:ONE, State:CLOSED] removed from db
2019-11-13 00:18:28,557 [Thread-178] INFO  pipeline.SCMPipelineManager (SCMPipelineManager.java:finalizeAndDestroyPipeline(315)) - destroying pipeline:Pipeline[ Id: 79a81425-dd4c-4352-bd8f-d5cf4fe8b790, Nodes: b3d8fb16-6440-47b2-97ce-3aa43dcbcb47{ip: 192.168.69.93, host: pr-hdds-2105-428fw-2136415640, networkLocation: /default-rack, certSerialId: null}, Type:RATIS, Factor:ONE, State:ALLOCATED]
2019-11-13 00:18:28,569 [grpc-default-executor-2] INFO  impl.RaftServerProxy (RaftServerProxy.java:addNew(89)) - c7ec1e8a-5c22-4467-ad32-59becfa95183: addNew group-DDCA162AAF86:[c7ec1e8a-5c22-4467-ad32-59becfa95183:192.168.69.93:40725] returns group-DDCA162AAF86:java.util.concurrent.CompletableFuture@6592e7f[Not completed]
2019-11-13 00:18:28,571 [pool-47-thread-1] INFO  impl.RaftServerImpl (RaftServerImpl.java:<init>(98)) - c7ec1e8a-5c22-4467-ad32-59becfa95183: new RaftServerImpl for group-DDCA162AAF86:[c7ec1e8a-5c22-4467-ad32-59becfa95183:192.168.69.93:40725] with ContainerStateMachine:uninitialized
2019-11-13 00:18:28,571 [pool-47-thread-1] INFO  server.RaftServerConfigKeys (ConfUtils.java:logGet(43)) - raft.server.rpc.timeout.min = 5s (custom)
2019-11-13 00:18:28,572 [pool-47-thread-1] INFO  server.RaftServerConfigKeys (ConfUtils.java:logGet(43)) - raft.server.rpc.timeout.max = 5200ms (custom)
2019-11-13 00:18:28,572 [pool-47-thread-1] INFO  server.RaftServerConfigKeys (ConfUtils.java:logGet(43)) - raft.server.rpcslowness.timeout = 120s (custom)
2019-11-13 00:18:28,572 [pool-47-thread-1] INFO  server.RaftServerConfigKeys (ConfUtils.java:logGet(43)) - raft.server.sleep.deviation.threshold = 300 (default)
2019-11-13 00:18:28,572 [pool-47-thread-1] INFO  server.RaftServerConfigKeys (ConfUtils.java:logGet(43)) - raft.server.log.appender.install.snapshot.enabled = false (custom)
2019-11-13 00:18:28,572 [pool-47-thread-1] INFO  impl.RaftServerImpl (ServerState.java:<init>(103)) - c7ec1e8a-5c22-4467-ad32-59becfa95183@group-DDCA162AAF86: ConfigurationManager, init=-1: [c7ec1e8a-5c22-4467-ad32-59becfa95183:192.168.69.93:40725], old=null, confs=<EMPTY_MAP>
2019-11-13 00:18:28,572 [pool-47-thread-1] INFO  server.RaftServerConfigKeys (ConfUtils.java:logGet(43)) - raft.server.storage.dir = [/workdir/hadoop-ozone/tools/target/test-dir/MiniOzoneClusterImpl-c985667c-5a49-4bf8-9026-25e6eecde886/datanode-2/data/ratis] (custom)
2019-11-13 00:18:28,573 [pool-47-thread-1] INFO  server.RaftServerConfigKeys (ConfUtils.java:logGet(43)) - raft.server.log.corruption.policy = EXCEPTION (default)
2019-11-13 00:18:28,573 [pool-47-thread-1] INFO  storage.RaftStorageDirectory (RaftStorageDirectory.java:analyzeStorage(246)) - The storage directory /workdir/hadoop-ozone/tools/target/test-dir/MiniOzoneClusterImpl-c985667c-5a49-4bf8-9026-25e6eecde886/datanode-2/data/ratis/e696adf0-6347-451c-a2ec-ddca162aaf86 does not exist. Creating ...
2019-11-13 00:18:28,599 [pool-47-thread-1] INFO  storage.RaftStorageDirectory (RaftStorageDirectory.java:tryLock(328)) - Lock on /workdir/hadoop-ozone/tools/target/test-dir/MiniOzoneClusterImpl-c985667c-5a49-4bf8-9026-25e6eecde886/datanode-2/data/ratis/e696adf0-6347-451c-a2ec-ddca162aaf86/in_use.lock acquired by nodename 25754@pr-hdds-2105-428fw-2136415640
2019-11-13 00:18:28,624 [pool-47-thread-1] INFO  storage.RaftStorage (RaftStorage.java:format(84)) - Storage directory /workdir/hadoop-ozone/tools/target/test-dir/MiniOzoneClusterImpl-c985667c-5a49-4bf8-9026-25e6eecde886/datanode-2/data/ratis/e696adf0-6347-451c-a2ec-ddca162aaf86 has been successfully formatted.
2019-11-13 00:18:28,624 [pool-47-thread-1] INFO  ratis.ContainerStateMachine (ContainerStateMachine.java:loadSnapshot(223)) - group-DDCA162AAF86: The snapshot info is null. Setting the last applied indexto:(t:0, i:~)
2019-11-13 00:18:28,625 [pool-47-thread-1] INFO  server.RaftServerConfigKeys (ConfUtils.java:logGet(43)) - raft.server.notification.no-leader.timeout = 120s (custom)
2019-11-13 00:18:28,625 [pool-47-thread-1] INFO  server.RaftServerConfigKeys (ConfUtils.java:logGet(43)) - raft.server.log.use.memory = false (default)
2019-11-13 00:18:28,625 [pool-47-thread-1] INFO  server.RaftServerConfigKeys (ConfUtils.java:logGet(43)) - raft.server.log.purge.gap = 1000000 (custom)
2019-11-13 00:18:28,625 [pool-47-thread-1] INFO  server.RaftServerConfigKeys (ConfUtils.java:logGet(43)) - raft.server.log.appender.buffer.byte-limit = 33554432 (custom)
2019-11-13 00:18:28,625 [pool-47-thread-1] INFO  server.RaftServerConfigKeys (ConfUtils.java:logGet(43)) - raft.server.log.segment.size.max = 1048576 (custom)
2019-11-13 00:18:28,625 [pool-47-thread-1] INFO  server.RaftServerConfigKeys (ConfUtils.java:logGet(43)) - raft.server.log.segment.cache.num.max = 2 (custom)
2019-11-13 00:18:28,626 [pool-47-thread-1] INFO  segmented.SegmentedRaftLogWorker (SegmentedRaftLogWorker.java:<init>(173)) - new c7ec1e8a-5c22-4467-ad32-59becfa95183@group-DDCA162AAF86-SegmentedRaftLogWorker for RaftStorage:Storage Directory /workdir/hadoop-ozone/tools/target/test-dir/MiniOzoneClusterImpl-c985667c-5a49-4bf8-9026-25e6eecde886/datanode-2/data/ratis/e696adf0-6347-451c-a2ec-ddca162aaf86
2019-11-13 00:18:28,626 [pool-47-thread-1] INFO  server.RaftServerConfigKeys (ConfUtils.java:logGet(43)) - raft.server.log.queue.byte-limit = 2147483647 (custom)
2019-11-13 00:18:28,626 [pool-47-thread-1] INFO  server.RaftServerConfigKeys (ConfUtils.java:logGet(43)) - raft.server.log.queue.element-limit = 1024 (custom)
2019-11-13 00:18:28,626 [pool-47-thread-1] INFO  server.RaftServerConfigKeys (ConfUtils.java:logGet(43)) - raft.server.log.segment.size.max = 1048576 (custom)
2019-11-13 00:18:28,626 [pool-47-thread-1] INFO  server.RaftServerConfigKeys (ConfUtils.java:logGet(43)) - raft.server.log.preallocated.size = 16384 (custom)
2019-11-13 00:18:28,626 [pool-47-thread-1] INFO  server.RaftServerConfigKeys (ConfUtils.java:logGet(43)) - raft.server.log.write.buffer.size = 33554432 (custom)
2019-11-13 00:18:28,626 [pool-47-thread-1] INFO  server.RaftServerConfigKeys (ConfUtils.java:logGet(43)) - raft.server.log.force.sync.num = 128 (default)
2019-11-13 00:18:28,626 [pool-47-thread-1] INFO  server.RaftServerConfigKeys (ConfUtils.java:logGet(43)) - raft.server.log.statemachine.data.sync = true (default)
2019-11-13 00:18:28,627 [pool-47-thread-1] INFO  server.RaftServerConfigKeys (ConfUtils.java:logGet(43)) - raft.server.log.statemachine.data.sync.timeout = 10s (default)
2019-11-13 00:18:28,627 [pool-47-thread-1] INFO  server.RaftServerConfigKeys (ConfUtils.java:logGet(43)) - raft.server.log.statemachine.data.sync.timeout.retry = -1 (default)
2019-11-13 00:18:28,627 [pool-47-thread-1] INFO  server.RaftServerConfigKeys (ConfUtils.java:logGet(43)) - raft.server.log.statemachine.data.caching.enabled = true (custom)
2019-11-13 00:18:28,627 [pool-47-thread-1] INFO  segmented.SegmentedRaftLogWorker (SegmentedRaftLogWorker.java:lambda$new$0(128)) - c7ec1e8a-5c22-4467-ad32-59becfa95183@group-DDCA162AAF86-SegmentedRaftLogWorker: flushIndex: setUnconditionally 0 -> -1
2019-11-13 00:18:28,628 [pool-47-thread-1] INFO  server.RaftServerConfigKeys (ConfUtils.java:logGet(43)) - raft.server.snapshot.auto.trigger.enabled = true (custom)
2019-11-13 00:18:28,628 [pool-47-thread-1] INFO  server.RaftServerConfigKeys (ConfUtils.java:logGet(43)) - raft.server.snapshot.auto.trigger.threshold = 10000 (custom)
2019-11-13 00:18:28,628 [pool-47-thread-1] INFO  server.RaftServerConfigKeys (ConfUtils.java:logGet(43)) - raft.server.snapshot.retention.file.num = 5 (custom)
2019-11-13 00:18:28,628 [pool-47-thread-1] INFO  server.RaftServerConfigKeys (ConfUtils.java:logGet(43)) - raft.server.retrycache.expirytime = 600000ms (custom)
2019-11-13 00:18:28,628 [pool-47-thread-1] WARN  impl.MetricRegistriesImpl (MetricRegistriesImpl.java:lambda$create$1(61)) - First MetricRegistry has been created without registering reporters. You may need to call MetricRegistries.global().addReportRegistration(...) before.
2019-11-13 00:18:28,629 [pool-47-thread-1] WARN  impl.MetricRegistriesImpl (MetricRegistriesImpl.java:lambda$create$1(61)) - First MetricRegistry has been created without registering reporters. You may need to call MetricRegistries.global().addReportRegistration(...) before.
2019-11-13 00:18:28,629 [pool-47-thread-1] INFO  impl.RaftServerImpl (RaftServerImpl.java:start(184)) - c7ec1e8a-5c22-4467-ad32-59becfa95183@group-DDCA162AAF86: start as a follower, conf=-1: [c7ec1e8a-5c22-4467-ad32-59becfa95183:192.168.69.93:40725], old=null
2019-11-13 00:18:28,629 [pool-47-thread-1] INFO  impl.RaftServerImpl (RaftServerImpl.java:setRole(173)) - c7ec1e8a-5c22-4467-ad32-59becfa95183@group-DDCA162AAF86: changes role from      null to FOLLOWER at term 0 for startAsFollower
2019-11-13 00:18:28,629 [pool-47-thread-1] INFO  impl.RoleInfo (RoleInfo.java:updateAndGet(143)) - c7ec1e8a-5c22-4467-ad32-59becfa95183: start FollowerState
2019-11-13 00:18:28,630 [pool-47-thread-1] INFO  util.JmxRegister (JmxRegister.java:tryRegister(44)) - Successfully registered JMX Bean with object name Ratis:service=RaftServer,group=group-DDCA162AAF86,id=c7ec1e8a-5c22-4467-ad32-59becfa95183
2019-11-13 00:18:28,630 [pool-47-thread-1] WARN  impl.MetricRegistriesImpl (MetricRegistriesImpl.java:lambda$create$1(61)) - First MetricRegistry has been created without registering reporters. You may need to call MetricRegistries.global().addReportRegistration(...) before.
2019-11-13 00:18:28,638 [RatisPipelineUtilsThread] INFO  pipeline.PipelineStateManager (PipelineStateManager.java:addPipeline(55)) - Created pipeline Pipeline[ Id: e696adf0-6347-451c-a2ec-ddca162aaf86, Nodes: c7ec1e8a-5c22-4467-ad32-59becfa95183{ip: 192.168.69.93, host: pr-hdds-2105-428fw-2136415640, networkLocation: /default-rack, certSerialId: null}, Type:RATIS, Factor:ONE, State:ALLOCATED]
2019-11-13 00:18:28,639 [Thread-178] INFO  pipeline.PipelineStateManager (PipelineStateManager.java:finalizePipeline(121)) - Pipeline Pipeline[ Id: 79a81425-dd4c-4352-bd8f-d5cf4fe8b790, Nodes: b3d8fb16-6440-47b2-97ce-3aa43dcbcb47{ip: 192.168.69.93, host: pr-hdds-2105-428fw-2136415640, networkLocation: /default-rack, certSerialId: null}, Type:RATIS, Factor:ONE, State:CLOSED] moved to CLOSED state
2019-11-13 00:18:28,640 [main] INFO  ozone.MiniOzoneClusterImpl (MiniOzoneClusterImpl.java:lambda$waitForClusterToBeReady$2(163)) - Waiting for 3 number of pipelines out of 4, to report a leader.
2019-11-13 00:18:28,651 [grpc-default-executor-2] INFO  impl.RaftServerProxy (RaftServerProxy.java:remove(95)) - b3d8fb16-6440-47b2-97ce-3aa43dcbcb47: remove  FOLLOWER b3d8fb16-6440-47b2-97ce-3aa43dcbcb47@group-D5CF4FE8B790:t0, leader=null, voted=null, raftlog=b3d8fb16-6440-47b2-97ce-3aa43dcbcb47@group-D5CF4FE8B790-SegmentedRaftLog:OPENED:c-1,f-1,i0, conf=-1: [b3d8fb16-6440-47b2-97ce-3aa43dcbcb47:192.168.69.93:35320], old=null RUNNING
2019-11-13 00:18:28,651 [grpc-default-executor-2] INFO  impl.RaftServerImpl (RaftServerImpl.java:lambda$shutdown$3(250)) - b3d8fb16-6440-47b2-97ce-3aa43dcbcb47@group-D5CF4FE8B790: shutdown
2019-11-13 00:18:28,651 [grpc-default-executor-2] INFO  util.JmxRegister (JmxRegister.java:unregister(73)) - Successfully un-registered JMX Bean with object name Ratis:service=RaftServer,group=group-D5CF4FE8B790,id=b3d8fb16-6440-47b2-97ce-3aa43dcbcb47
2019-11-13 00:18:28,652 [grpc-default-executor-2] INFO  impl.RoleInfo (RoleInfo.java:shutdownFollowerState(121)) - b3d8fb16-6440-47b2-97ce-3aa43dcbcb47: shutdown FollowerState
2019-11-13 00:18:28,652 [grpc-default-executor-2] INFO  impl.StateMachineUpdater (StateMachineUpdater.java:stopAndJoin(136)) - b3d8fb16-6440-47b2-97ce-3aa43dcbcb47@group-D5CF4FE8B790-StateMachineUpdater: set stopIndex = -1
2019-11-13 00:18:28,652 [Thread-186] INFO  impl.FollowerState (FollowerState.java:run(120)) - b3d8fb16-6440-47b2-97ce-3aa43dcbcb47@group-D5CF4FE8B790-FollowerState was interrupted: java.lang.InterruptedException: sleep interrupted
2019-11-13 00:18:28,653 [grpc-default-executor-2] INFO  impl.RaftServerImpl (ServerState.java:close(387)) - b3d8fb16-6440-47b2-97ce-3aa43dcbcb47@group-D5CF4FE8B790: closes. applyIndex: -1
2019-11-13 00:18:28,654 [b3d8fb16-6440-47b2-97ce-3aa43dcbcb47@group-D5CF4FE8B790-SegmentedRaftLogWorker] INFO  segmented.SegmentedRaftLogWorker (SegmentedRaftLogWorker.java:run(316)) - b3d8fb16-6440-47b2-97ce-3aa43dcbcb47@group-D5CF4FE8B790-SegmentedRaftLogWorker was interrupted, exiting. There are 0 tasks remaining in the queue.
2019-11-13 00:18:28,654 [grpc-default-executor-2] INFO  segmented.SegmentedRaftLogWorker (SegmentedRaftLogWorker.java:close(224)) - b3d8fb16-6440-47b2-97ce-3aa43dcbcb47@group-D5CF4FE8B790-SegmentedRaftLogWorker close()
2019-11-13 00:18:28,664 [Thread-178] INFO  pipeline.PipelineStateManager (PipelineStateManager.java:removePipeline(106)) - Pipeline Pipeline[ Id: 79a81425-dd4c-4352-bd8f-d5cf4fe8b790, Nodes: b3d8fb16-6440-47b2-97ce-3aa43dcbcb47{ip: 192.168.69.93, host: pr-hdds-2105-428fw-2136415640, networkLocation: /default-rack, certSerialId: null}, Type:RATIS, Factor:ONE, State:CLOSED] removed from db
2019-11-13 00:18:28,665 [Thread-178] INFO  pipeline.SCMPipelineManager (SCMPipelineManager.java:finalizeAndDestroyPipeline(315)) - destroying pipeline:Pipeline[ Id: a09daae0-ebc3-4fb0-a949-b36282314ae9, Nodes: c8dc3d0b-8f4d-49f1-a0ba-66fc0675f2cd{ip: 192.168.69.93, host: pr-hdds-2105-428fw-2136415640, networkLocation: /default-rack, certSerialId: null}c7ec1e8a-5c22-4467-ad32-59becfa95183{ip: 192.168.69.93, host: pr-hdds-2105-428fw-2136415640, networkLocation: /default-rack, certSerialId: null}b3d8fb16-6440-47b2-97ce-3aa43dcbcb47{ip: 192.168.69.93, host: pr-hdds-2105-428fw-2136415640, networkLocation: /default-rack, certSerialId: null}, Type:RATIS, Factor:THREE, State:ALLOCATED]
2019-11-13 00:18:28,665 [Thread-178] INFO  pipeline.PipelineStateManager (PipelineStateManager.java:finalizePipeline(121)) - Pipeline Pipeline[ Id: a09daae0-ebc3-4fb0-a949-b36282314ae9, Nodes: c8dc3d0b-8f4d-49f1-a0ba-66fc0675f2cd{ip: 192.168.69.93, host: pr-hdds-2105-428fw-2136415640, networkLocation: /default-rack, certSerialId: null}c7ec1e8a-5c22-4467-ad32-59becfa95183{ip: 192.168.69.93, host: pr-hdds-2105-428fw-2136415640, networkLocation: /default-rack, certSerialId: null}b3d8fb16-6440-47b2-97ce-3aa43dcbcb47{ip: 192.168.69.93, host: pr-hdds-2105-428fw-2136415640, networkLocation: /default-rack, certSerialId: null}, Type:RATIS, Factor:THREE, State:CLOSED] moved to CLOSED state
2019-11-13 00:18:28,680 [grpc-default-executor-1] INFO  impl.RaftServerProxy (RaftServerProxy.java:addNew(89)) - b3d8fb16-6440-47b2-97ce-3aa43dcbcb47: addNew group-532525FBD129:[b3d8fb16-6440-47b2-97ce-3aa43dcbcb47:192.168.69.93:35320] returns group-532525FBD129:java.util.concurrent.CompletableFuture@5475fae7[Not completed]
2019-11-13 00:18:28,682 [grpc-default-executor-2] INFO  impl.RaftServerProxy (RaftServerProxy.java:remove(95)) - c8dc3d0b-8f4d-49f1-a0ba-66fc0675f2cd: remove  FOLLOWER c8dc3d0b-8f4d-49f1-a0ba-66fc0675f2cd@group-B36282314AE9:t0, leader=null, voted=null, raftlog=c8dc3d0b-8f4d-49f1-a0ba-66fc0675f2cd@group-B36282314AE9-SegmentedRaftLog:OPENED:c-1,f-1,i0, conf=-1: [c8dc3d0b-8f4d-49f1-a0ba-66fc0675f2cd:192.168.69.93:36452, b3d8fb16-6440-47b2-97ce-3aa43dcbcb47:192.168.69.93:35320, c7ec1e8a-5c22-4467-ad32-59becfa95183:192.168.69.93:40725], old=null RUNNING
2019-11-13 00:18:28,683 [grpc-default-executor-2] INFO  impl.RaftServerImpl (RaftServerImpl.java:lambda$shutdown$3(250)) - c8dc3d0b-8f4d-49f1-a0ba-66fc0675f2cd@group-B36282314AE9: shutdown
2019-11-13 00:18:28,683 [grpc-default-executor-2] INFO  util.JmxRegister (JmxRegister.java:unregister(73)) - Successfully un-registered JMX Bean with object name Ratis:service=RaftServer,group=group-B36282314AE9,id=c8dc3d0b-8f4d-49f1-a0ba-66fc0675f2cd
2019-11-13 00:18:28,684 [grpc-default-executor-2] INFO  impl.RoleInfo (RoleInfo.java:shutdownFollowerState(121)) - c8dc3d0b-8f4d-49f1-a0ba-66fc0675f2cd: shutdown FollowerState
2019-11-13 00:18:28,684 [grpc-default-executor-2] INFO  impl.StateMachineUpdater (StateMachineUpdater.java:stopAndJoin(136)) - c8dc3d0b-8f4d-49f1-a0ba-66fc0675f2cd@group-B36282314AE9-StateMachineUpdater: set stopIndex = -1
2019-11-13 00:18:28,684 [Thread-194] INFO  impl.FollowerState (FollowerState.java:run(120)) - c8dc3d0b-8f4d-49f1-a0ba-66fc0675f2cd@group-B36282314AE9-FollowerState was interrupted: java.lang.InterruptedException: sleep interrupted
2019-11-13 00:18:28,685 [grpc-default-executor-2] INFO  impl.RaftServerImpl (ServerState.java:close(387)) - c8dc3d0b-8f4d-49f1-a0ba-66fc0675f2cd@group-B36282314AE9: closes. applyIndex: -1
2019-11-13 00:18:28,686 [pool-37-thread-1] INFO  impl.RaftServerImpl (RaftServerImpl.java:<init>(98)) - b3d8fb16-6440-47b2-97ce-3aa43dcbcb47: new RaftServerImpl for group-532525FBD129:[b3d8fb16-6440-47b2-97ce-3aa43dcbcb47:192.168.69.93:35320] with ContainerStateMachine:uninitialized
2019-11-13 00:18:28,686 [c8dc3d0b-8f4d-49f1-a0ba-66fc0675f2cd@group-B36282314AE9-SegmentedRaftLogWorker] INFO  segmented.SegmentedRaftLogWorker (SegmentedRaftLogWorker.java:run(316)) - c8dc3d0b-8f4d-49f1-a0ba-66fc0675f2cd@group-B36282314AE9-SegmentedRaftLogWorker was interrupted, exiting. There are 0 tasks remaining in the queue.
2019-11-13 00:18:28,686 [pool-37-thread-1] INFO  server.RaftServerConfigKeys (ConfUtils.java:logGet(43)) - raft.server.rpc.timeout.min = 5s (custom)
2019-11-13 00:18:28,686 [grpc-default-executor-2] INFO  segmented.SegmentedRaftLogWorker (SegmentedRaftLogWorker.java:close(224)) - c8dc3d0b-8f4d-49f1-a0ba-66fc0675f2cd@group-B36282314AE9-SegmentedRaftLogWorker close()
2019-11-13 00:18:28,687 [pool-37-thread-1] INFO  server.RaftServerConfigKeys (ConfUtils.java:logGet(43)) - raft.server.rpc.timeout.max = 5200ms (custom)
2019-11-13 00:18:28,689 [pool-37-thread-1] INFO  server.RaftServerConfigKeys (ConfUtils.java:logGet(43)) - raft.server.rpcslowness.timeout = 120s (custom)
2019-11-13 00:18:28,689 [pool-37-thread-1] INFO  server.RaftServerConfigKeys (ConfUtils.java:logGet(43)) - raft.server.sleep.deviation.threshold = 300 (default)
2019-11-13 00:18:28,689 [pool-37-thread-1] INFO  server.RaftServerConfigKeys (ConfUtils.java:logGet(43)) - raft.server.log.appender.install.snapshot.enabled = false (custom)
2019-11-13 00:18:28,690 [pool-37-thread-1] INFO  impl.RaftServerImpl (ServerState.java:<init>(103)) - b3d8fb16-6440-47b2-97ce-3aa43dcbcb47@group-532525FBD129: ConfigurationManager, init=-1: [b3d8fb16-6440-47b2-97ce-3aa43dcbcb47:192.168.69.93:35320], old=null, confs=<EMPTY_MAP>
2019-11-13 00:18:28,690 [pool-37-thread-1] INFO  server.RaftServerConfigKeys (ConfUtils.java:logGet(43)) - raft.server.storage.dir = [/workdir/hadoop-ozone/tools/target/test-dir/MiniOzoneClusterImpl-c985667c-5a49-4bf8-9026-25e6eecde886/datanode-1/data/ratis] (custom)
2019-11-13 00:18:28,690 [pool-37-thread-1] INFO  server.RaftServerConfigKeys (ConfUtils.java:logGet(43)) - raft.server.log.corruption.policy = EXCEPTION (default)
2019-11-13 00:18:28,691 [pool-37-thread-1] INFO  storage.RaftStorageDirectory (RaftStorageDirectory.java:analyzeStorage(246)) - The storage directory /workdir/hadoop-ozone/tools/target/test-dir/MiniOzoneClusterImpl-c985667c-5a49-4bf8-9026-25e6eecde886/datanode-1/data/ratis/2a71e43f-7a8d-4efe-ab25-532525fbd129 does not exist. Creating ...
2019-11-13 00:18:28,708 [grpc-default-executor-2] INFO  impl.RaftServerProxy (RaftServerProxy.java:remove(95)) - c7ec1e8a-5c22-4467-ad32-59becfa95183: remove  FOLLOWER c7ec1e8a-5c22-4467-ad32-59becfa95183@group-B36282314AE9:t0, leader=null, voted=null, raftlog=c7ec1e8a-5c22-4467-ad32-59becfa95183@group-B36282314AE9-SegmentedRaftLog:OPENED:c-1,f-1,i0, conf=-1: [c8dc3d0b-8f4d-49f1-a0ba-66fc0675f2cd:192.168.69.93:36452, b3d8fb16-6440-47b2-97ce-3aa43dcbcb47:192.168.69.93:35320, c7ec1e8a-5c22-4467-ad32-59becfa95183:192.168.69.93:40725], old=null RUNNING
2019-11-13 00:18:28,708 [grpc-default-executor-2] INFO  impl.RaftServerImpl (RaftServerImpl.java:lambda$shutdown$3(250)) - c7ec1e8a-5c22-4467-ad32-59becfa95183@group-B36282314AE9: shutdown
2019-11-13 00:18:28,708 [grpc-default-executor-2] INFO  util.JmxRegister (JmxRegister.java:unregister(73)) - Successfully un-registered JMX Bean with object name Ratis:service=RaftServer,group=group-B36282314AE9,id=c7ec1e8a-5c22-4467-ad32-59becfa95183
2019-11-13 00:18:28,709 [grpc-default-executor-2] INFO  impl.RoleInfo (RoleInfo.java:shutdownFollowerState(121)) - c7ec1e8a-5c22-4467-ad32-59becfa95183: shutdown FollowerState
2019-11-13 00:18:28,709 [grpc-default-executor-2] INFO  impl.StateMachineUpdater (StateMachineUpdater.java:stopAndJoin(136)) - c7ec1e8a-5c22-4467-ad32-59becfa95183@group-B36282314AE9-StateMachineUpdater: set stopIndex = -1
2019-11-13 00:18:28,709 [Thread-189] INFO  impl.FollowerState (FollowerState.java:run(120)) - c7ec1e8a-5c22-4467-ad32-59becfa95183@group-B36282314AE9-FollowerState was interrupted: java.lang.InterruptedException: sleep interrupted
2019-11-13 00:18:28,710 [grpc-default-executor-2] INFO  impl.RaftServerImpl (ServerState.java:close(387)) - c7ec1e8a-5c22-4467-ad32-59becfa95183@group-B36282314AE9: closes. applyIndex: -1
2019-11-13 00:18:28,711 [c7ec1e8a-5c22-4467-ad32-59becfa95183@group-B36282314AE9-SegmentedRaftLogWorker] INFO  segmented.SegmentedRaftLogWorker (SegmentedRaftLogWorker.java:run(316)) - c7ec1e8a-5c22-4467-ad32-59becfa95183@group-B36282314AE9-SegmentedRaftLogWorker was interrupted, exiting. There are 0 tasks remaining in the queue.
2019-11-13 00:18:28,711 [grpc-default-executor-2] INFO  segmented.SegmentedRaftLogWorker (SegmentedRaftLogWorker.java:close(224)) - c7ec1e8a-5c22-4467-ad32-59becfa95183@group-B36282314AE9-SegmentedRaftLogWorker close()
2019-11-13 00:18:28,716 [pool-37-thread-1] INFO  storage.RaftStorageDirectory (RaftStorageDirectory.java:tryLock(328)) - Lock on /workdir/hadoop-ozone/tools/target/test-dir/MiniOzoneClusterImpl-c985667c-5a49-4bf8-9026-25e6eecde886/datanode-1/data/ratis/2a71e43f-7a8d-4efe-ab25-532525fbd129/in_use.lock acquired by nodename 25754@pr-hdds-2105-428fw-2136415640
2019-11-13 00:18:28,736 [grpc-default-executor-2] INFO  impl.RaftServerProxy (RaftServerProxy.java:remove(95)) - b3d8fb16-6440-47b2-97ce-3aa43dcbcb47: remove  FOLLOWER b3d8fb16-6440-47b2-97ce-3aa43dcbcb47@group-B36282314AE9:t0, leader=null, voted=null, raftlog=b3d8fb16-6440-47b2-97ce-3aa43dcbcb47@group-B36282314AE9-SegmentedRaftLog:OPENED:c-1,f-1,i0, conf=-1: [c8dc3d0b-8f4d-49f1-a0ba-66fc0675f2cd:192.168.69.93:36452, b3d8fb16-6440-47b2-97ce-3aa43dcbcb47:192.168.69.93:35320, c7ec1e8a-5c22-4467-ad32-59becfa95183:192.168.69.93:40725], old=null RUNNING
2019-11-13 00:18:28,736 [grpc-default-executor-2] INFO  impl.RaftServerImpl (RaftServerImpl.java:lambda$shutdown$3(250)) - b3d8fb16-6440-47b2-97ce-3aa43dcbcb47@group-B36282314AE9: shutdown
2019-11-13 00:18:28,736 [grpc-default-executor-2] INFO  util.JmxRegister (JmxRegister.java:unregister(73)) - Successfully un-registered JMX Bean with object name Ratis:service=RaftServer,group=group-B36282314AE9,id=b3d8fb16-6440-47b2-97ce-3aa43dcbcb47
2019-11-13 00:18:28,737 [grpc-default-executor-2] INFO  impl.RoleInfo (RoleInfo.java:shutdownFollowerState(121)) - b3d8fb16-6440-47b2-97ce-3aa43dcbcb47: shutdown FollowerState
2019-11-13 00:18:28,737 [grpc-default-executor-2] INFO  impl.StateMachineUpdater (StateMachineUpdater.java:stopAndJoin(136)) - b3d8fb16-6440-47b2-97ce-3aa43dcbcb47@group-B36282314AE9-StateMachineUpdater: set stopIndex = -1
2019-11-13 00:18:28,737 [Thread-193] INFO  impl.FollowerState (FollowerState.java:run(120)) - b3d8fb16-6440-47b2-97ce-3aa43dcbcb47@group-B36282314AE9-FollowerState was interrupted: java.lang.InterruptedException: sleep interrupted
2019-11-13 00:18:28,738 [grpc-default-executor-2] INFO  impl.RaftServerImpl (ServerState.java:close(387)) - b3d8fb16-6440-47b2-97ce-3aa43dcbcb47@group-B36282314AE9: closes. applyIndex: -1
2019-11-13 00:18:28,740 [b3d8fb16-6440-47b2-97ce-3aa43dcbcb47@group-B36282314AE9-SegmentedRaftLogWorker] INFO  segmented.SegmentedRaftLogWorker (SegmentedRaftLogWorker.java:run(316)) - b3d8fb16-6440-47b2-97ce-3aa43dcbcb47@group-B36282314AE9-SegmentedRaftLogWorker was interrupted, exiting. There are 0 tasks remaining in the queue.
2019-11-13 00:18:28,740 [grpc-default-executor-2] INFO  segmented.SegmentedRaftLogWorker (SegmentedRaftLogWorker.java:close(224)) - b3d8fb16-6440-47b2-97ce-3aa43dcbcb47@group-B36282314AE9-SegmentedRaftLogWorker close()
2019-11-13 00:18:28,742 [pool-37-thread-1] INFO  storage.RaftStorage (RaftStorage.java:format(84)) - Storage directory /workdir/hadoop-ozone/tools/target/test-dir/MiniOzoneClusterImpl-c985667c-5a49-4bf8-9026-25e6eecde886/datanode-1/data/ratis/2a71e43f-7a8d-4efe-ab25-532525fbd129 has been successfully formatted.
2019-11-13 00:18:28,743 [pool-37-thread-1] INFO  ratis.ContainerStateMachine (ContainerStateMachine.java:loadSnapshot(223)) - group-532525FBD129: The snapshot info is null. Setting the last applied indexto:(t:0, i:~)
2019-11-13 00:18:28,743 [pool-37-thread-1] INFO  server.RaftServerConfigKeys (ConfUtils.java:logGet(43)) - raft.server.notification.no-leader.timeout = 120s (custom)
2019-11-13 00:18:28,743 [pool-37-thread-1] INFO  server.RaftServerConfigKeys (ConfUtils.java:logGet(43)) - raft.server.log.use.memory = false (default)
2019-11-13 00:18:28,743 [pool-37-thread-1] INFO  server.RaftServerConfigKeys (ConfUtils.java:logGet(43)) - raft.server.log.purge.gap = 1000000 (custom)
2019-11-13 00:18:28,743 [pool-37-thread-1] INFO  server.RaftServerConfigKeys (ConfUtils.java:logGet(43)) - raft.server.log.appender.buffer.byte-limit = 33554432 (custom)
2019-11-13 00:18:28,744 [pool-37-thread-1] INFO  server.RaftServerConfigKeys (ConfUtils.java:logGet(43)) - raft.server.log.segment.size.max = 1048576 (custom)
2019-11-13 00:18:28,744 [pool-37-thread-1] INFO  server.RaftServerConfigKeys (ConfUtils.java:logGet(43)) - raft.server.log.segment.cache.num.max = 2 (custom)
2019-11-13 00:18:28,744 [pool-37-thread-1] INFO  segmented.SegmentedRaftLogWorker (SegmentedRaftLogWorker.java:<init>(173)) - new b3d8fb16-6440-47b2-97ce-3aa43dcbcb47@group-532525FBD129-SegmentedRaftLogWorker for RaftStorage:Storage Directory /workdir/hadoop-ozone/tools/target/test-dir/MiniOzoneClusterImpl-c985667c-5a49-4bf8-9026-25e6eecde886/datanode-1/data/ratis/2a71e43f-7a8d-4efe-ab25-532525fbd129
2019-11-13 00:18:28,744 [pool-37-thread-1] INFO  server.RaftServerConfigKeys (ConfUtils.java:logGet(43)) - raft.server.log.queue.byte-limit = 2147483647 (custom)
2019-11-13 00:18:28,744 [pool-37-thread-1] INFO  server.RaftServerConfigKeys (ConfUtils.java:logGet(43)) - raft.server.log.queue.element-limit = 1024 (custom)
2019-11-13 00:18:28,745 [pool-37-thread-1] INFO  server.RaftServerConfigKeys (ConfUtils.java:logGet(43)) - raft.server.log.segment.size.max = 1048576 (custom)
2019-11-13 00:18:28,746 [pool-37-thread-1] INFO  server.RaftServerConfigKeys (ConfUtils.java:logGet(43)) - raft.server.log.preallocated.size = 16384 (custom)
2019-11-13 00:18:28,747 [pool-37-thread-1] INFO  server.RaftServerConfigKeys (ConfUtils.java:logGet(43)) - raft.server.log.write.buffer.size = 33554432 (custom)
2019-11-13 00:18:28,747 [pool-37-thread-1] INFO  server.RaftServerConfigKeys (ConfUtils.java:logGet(43)) - raft.server.log.force.sync.num = 128 (default)
2019-11-13 00:18:28,748 [pool-37-thread-1] INFO  server.RaftServerConfigKeys (ConfUtils.java:logGet(43)) - raft.server.log.statemachine.data.sync = true (default)
2019-11-13 00:18:28,748 [pool-37-thread-1] INFO  server.RaftServerConfigKeys (ConfUtils.java:logGet(43)) - raft.server.log.statemachine.data.sync.timeout = 10s (default)
2019-11-13 00:18:28,749 [pool-37-thread-1] INFO  server.RaftServerConfigKeys (ConfUtils.java:logGet(43)) - raft.server.log.statemachine.data.sync.timeout.retry = -1 (default)
2019-11-13 00:18:28,749 [pool-37-thread-1] INFO  server.RaftServerConfigKeys (ConfUtils.java:logGet(43)) - raft.server.log.statemachine.data.caching.enabled = true (custom)
2019-11-13 00:18:28,750 [pool-37-thread-1] INFO  segmented.SegmentedRaftLogWorker (SegmentedRaftLogWorker.java:lambda$new$0(128)) - b3d8fb16-6440-47b2-97ce-3aa43dcbcb47@group-532525FBD129-SegmentedRaftLogWorker: flushIndex: setUnconditionally 0 -> -1
2019-11-13 00:18:28,750 [pool-37-thread-1] INFO  server.RaftServerConfigKeys (ConfUtils.java:logGet(43)) - raft.server.snapshot.auto.trigger.enabled = true (custom)
2019-11-13 00:18:28,750 [pool-37-thread-1] INFO  server.RaftServerConfigKeys (ConfUtils.java:logGet(43)) - raft.server.snapshot.auto.trigger.threshold = 10000 (custom)
2019-11-13 00:18:28,750 [pool-37-thread-1] INFO  server.RaftServerConfigKeys (ConfUtils.java:logGet(43)) - raft.server.snapshot.retention.file.num = 5 (custom)
2019-11-13 00:18:28,751 [pool-37-thread-1] INFO  server.RaftServerConfigKeys (ConfUtils.java:logGet(43)) - raft.server.retrycache.expirytime = 600000ms (custom)
2019-11-13 00:18:28,751 [pool-37-thread-1] WARN  impl.MetricRegistriesImpl (MetricRegistriesImpl.java:lambda$create$1(61)) - First MetricRegistry has been created without registering reporters. You may need to call MetricRegistries.global().addReportRegistration(...) before.
2019-11-13 00:18:28,751 [pool-37-thread-1] WARN  impl.MetricRegistriesImpl (MetricRegistriesImpl.java:lambda$create$1(61)) - First MetricRegistry has been created without registering reporters. You may need to call MetricRegistries.global().addReportRegistration(...) before.
2019-11-13 00:18:28,752 [pool-37-thread-1] INFO  impl.RaftServerImpl (RaftServerImpl.java:start(184)) - b3d8fb16-6440-47b2-97ce-3aa43dcbcb47@group-532525FBD129: start as a follower, conf=-1: [b3d8fb16-6440-47b2-97ce-3aa43dcbcb47:192.168.69.93:35320], old=null
2019-11-13 00:18:28,752 [pool-37-thread-1] INFO  impl.RaftServerImpl (RaftServerImpl.java:setRole(173)) - b3d8fb16-6440-47b2-97ce-3aa43dcbcb47@group-532525FBD129: changes role from      null to FOLLOWER at term 0 for startAsFollower
2019-11-13 00:18:28,752 [pool-37-thread-1] INFO  impl.RoleInfo (RoleInfo.java:updateAndGet(143)) - b3d8fb16-6440-47b2-97ce-3aa43dcbcb47: start FollowerState
2019-11-13 00:18:28,753 [pool-37-thread-1] INFO  util.JmxRegister (JmxRegister.java:tryRegister(44)) - Successfully registered JMX Bean with object name Ratis:service=RaftServer,group=group-532525FBD129,id=b3d8fb16-6440-47b2-97ce-3aa43dcbcb47
2019-11-13 00:18:28,753 [pool-37-thread-1] WARN  impl.MetricRegistriesImpl (MetricRegistriesImpl.java:lambda$create$1(61)) - First MetricRegistry has been created without registering reporters. You may need to call MetricRegistries.global().addReportRegistration(...) before.
2019-11-13 00:18:28,760 [RatisPipelineUtilsThread] INFO  pipeline.PipelineStateManager (PipelineStateManager.java:addPipeline(55)) - Created pipeline Pipeline[ Id: 2a71e43f-7a8d-4efe-ab25-532525fbd129, Nodes: b3d8fb16-6440-47b2-97ce-3aa43dcbcb47{ip: 192.168.69.93, host: pr-hdds-2105-428fw-2136415640, networkLocation: /default-rack, certSerialId: null}, Type:RATIS, Factor:ONE, State:ALLOCATED]
2019-11-13 00:18:28,779 [grpc-default-executor-0] INFO  impl.RaftServerProxy (RaftServerProxy.java:addNew(89)) - c7ec1e8a-5c22-4467-ad32-59becfa95183: addNew group-B1C379F5934F:[c8dc3d0b-8f4d-49f1-a0ba-66fc0675f2cd:192.168.69.93:36452, b3d8fb16-6440-47b2-97ce-3aa43dcbcb47:192.168.69.93:35320, c7ec1e8a-5c22-4467-ad32-59becfa95183:192.168.69.93:40725] returns group-B1C379F5934F:java.util.concurrent.CompletableFuture@3c1e67ee[Not completed]
2019-11-13 00:18:28,779 [grpc-default-executor-1] INFO  impl.RaftServerProxy (RaftServerProxy.java:addNew(89)) - b3d8fb16-6440-47b2-97ce-3aa43dcbcb47: addNew group-B1C379F5934F:[c8dc3d0b-8f4d-49f1-a0ba-66fc0675f2cd:192.168.69.93:36452, b3d8fb16-6440-47b2-97ce-3aa43dcbcb47:192.168.69.93:35320, c7ec1e8a-5c22-4467-ad32-59becfa95183:192.168.69.93:40725] returns group-B1C379F5934F:java.util.concurrent.CompletableFuture@2c52c543[Not completed]
2019-11-13 00:18:28,781 [grpc-default-executor-0] INFO  impl.RaftServerProxy (RaftServerProxy.java:addNew(89)) - c8dc3d0b-8f4d-49f1-a0ba-66fc0675f2cd: addNew group-B1C379F5934F:[c8dc3d0b-8f4d-49f1-a0ba-66fc0675f2cd:192.168.69.93:36452, b3d8fb16-6440-47b2-97ce-3aa43dcbcb47:192.168.69.93:35320, c7ec1e8a-5c22-4467-ad32-59becfa95183:192.168.69.93:40725] returns group-B1C379F5934F:java.util.concurrent.CompletableFuture@232d5d36[Not completed]
2019-11-13 00:18:28,781 [pool-47-thread-1] INFO  impl.RaftServerImpl (RaftServerImpl.java:<init>(98)) - c7ec1e8a-5c22-4467-ad32-59becfa95183: new RaftServerImpl for group-B1C379F5934F:[c8dc3d0b-8f4d-49f1-a0ba-66fc0675f2cd:192.168.69.93:36452, b3d8fb16-6440-47b2-97ce-3aa43dcbcb47:192.168.69.93:35320, c7ec1e8a-5c22-4467-ad32-59becfa95183:192.168.69.93:40725] with ContainerStateMachine:uninitialized
2019-11-13 00:18:28,782 [pool-47-thread-1] INFO  server.RaftServerConfigKeys (ConfUtils.java:logGet(43)) - raft.server.rpc.timeout.min = 5s (custom)
2019-11-13 00:18:28,782 [pool-47-thread-1] INFO  server.RaftServerConfigKeys (ConfUtils.java:logGet(43)) - raft.server.rpc.timeout.max = 5200ms (custom)
2019-11-13 00:18:28,782 [pool-47-thread-1] INFO  server.RaftServerConfigKeys (ConfUtils.java:logGet(43)) - raft.server.rpcslowness.timeout = 120s (custom)
2019-11-13 00:18:28,782 [pool-47-thread-1] INFO  server.RaftServerConfigKeys (ConfUtils.java:logGet(43)) - raft.server.sleep.deviation.threshold = 300 (default)
2019-11-13 00:18:28,782 [pool-37-thread-1] INFO  impl.RaftServerImpl (RaftServerImpl.java:<init>(98)) - b3d8fb16-6440-47b2-97ce-3aa43dcbcb47: new RaftServerImpl for group-B1C379F5934F:[c8dc3d0b-8f4d-49f1-a0ba-66fc0675f2cd:192.168.69.93:36452, b3d8fb16-6440-47b2-97ce-3aa43dcbcb47:192.168.69.93:35320, c7ec1e8a-5c22-4467-ad32-59becfa95183:192.168.69.93:40725] with ContainerStateMachine:uninitialized
2019-11-13 00:18:28,782 [pool-47-thread-1] INFO  server.RaftServerConfigKeys (ConfUtils.java:logGet(43)) - raft.server.log.appender.install.snapshot.enabled = false (custom)
2019-11-13 00:18:28,782 [pool-37-thread-1] INFO  server.RaftServerConfigKeys (ConfUtils.java:logGet(43)) - raft.server.rpc.timeout.min = 5s (custom)
2019-11-13 00:18:28,783 [pool-47-thread-1] INFO  impl.RaftServerImpl (ServerState.java:<init>(103)) - c7ec1e8a-5c22-4467-ad32-59becfa95183@group-B1C379F5934F: ConfigurationManager, init=-1: [c8dc3d0b-8f4d-49f1-a0ba-66fc0675f2cd:192.168.69.93:36452, b3d8fb16-6440-47b2-97ce-3aa43dcbcb47:192.168.69.93:35320, c7ec1e8a-5c22-4467-ad32-59becfa95183:192.168.69.93:40725], old=null, confs=<EMPTY_MAP>
2019-11-13 00:18:28,783 [pool-37-thread-1] INFO  server.RaftServerConfigKeys (ConfUtils.java:logGet(43)) - raft.server.rpc.timeout.max = 5200ms (custom)
2019-11-13 00:18:28,783 [pool-47-thread-1] INFO  server.RaftServerConfigKeys (ConfUtils.java:logGet(43)) - raft.server.storage.dir = [/workdir/hadoop-ozone/tools/target/test-dir/MiniOzoneClusterImpl-c985667c-5a49-4bf8-9026-25e6eecde886/datanode-2/data/ratis] (custom)
2019-11-13 00:18:28,783 [pool-37-thread-1] INFO  server.RaftServerConfigKeys (ConfUtils.java:logGet(43)) - raft.server.rpcslowness.timeout = 120s (custom)
2019-11-13 00:18:28,783 [pool-37-thread-1] INFO  server.RaftServerConfigKeys (ConfUtils.java:logGet(43)) - raft.server.sleep.deviation.threshold = 300 (default)
2019-11-13 00:18:28,783 [pool-37-thread-1] INFO  server.RaftServerConfigKeys (ConfUtils.java:logGet(43)) - raft.server.log.appender.install.snapshot.enabled = false (custom)
2019-11-13 00:18:28,783 [pool-47-thread-1] INFO  server.RaftServerConfigKeys (ConfUtils.java:logGet(43)) - raft.server.log.corruption.policy = EXCEPTION (default)
2019-11-13 00:18:28,783 [pool-37-thread-1] INFO  impl.RaftServerImpl (ServerState.java:<init>(103)) - b3d8fb16-6440-47b2-97ce-3aa43dcbcb47@group-B1C379F5934F: ConfigurationManager, init=-1: [c8dc3d0b-8f4d-49f1-a0ba-66fc0675f2cd:192.168.69.93:36452, b3d8fb16-6440-47b2-97ce-3aa43dcbcb47:192.168.69.93:35320, c7ec1e8a-5c22-4467-ad32-59becfa95183:192.168.69.93:40725], old=null, confs=<EMPTY_MAP>
2019-11-13 00:18:28,784 [pool-47-thread-1] INFO  storage.RaftStorageDirectory (RaftStorageDirectory.java:analyzeStorage(246)) - The storage directory /workdir/hadoop-ozone/tools/target/test-dir/MiniOzoneClusterImpl-c985667c-5a49-4bf8-9026-25e6eecde886/datanode-2/data/ratis/467da50f-943a-4a88-95dd-b1c379f5934f does not exist. Creating ...
2019-11-13 00:18:28,784 [pool-27-thread-1] INFO  impl.RaftServerImpl (RaftServerImpl.java:<init>(98)) - c8dc3d0b-8f4d-49f1-a0ba-66fc0675f2cd: new RaftServerImpl for group-B1C379F5934F:[c8dc3d0b-8f4d-49f1-a0ba-66fc0675f2cd:192.168.69.93:36452, b3d8fb16-6440-47b2-97ce-3aa43dcbcb47:192.168.69.93:35320, c7ec1e8a-5c22-4467-ad32-59becfa95183:192.168.69.93:40725] with ContainerStateMachine:uninitialized
2019-11-13 00:18:28,784 [pool-37-thread-1] INFO  server.RaftServerConfigKeys (ConfUtils.java:logGet(43)) - raft.server.storage.dir = [/workdir/hadoop-ozone/tools/target/test-dir/MiniOzoneClusterImpl-c985667c-5a49-4bf8-9026-25e6eecde886/datanode-1/data/ratis] (custom)
2019-11-13 00:18:28,784 [pool-27-thread-1] INFO  server.RaftServerConfigKeys (ConfUtils.java:logGet(43)) - raft.server.rpc.timeout.min = 5s (custom)
2019-11-13 00:18:28,784 [pool-37-thread-1] INFO  server.RaftServerConfigKeys (ConfUtils.java:logGet(43)) - raft.server.log.corruption.policy = EXCEPTION (default)
2019-11-13 00:18:28,784 [pool-27-thread-1] INFO  server.RaftServerConfigKeys (ConfUtils.java:logGet(43)) - raft.server.rpc.timeout.max = 5200ms (custom)
2019-11-13 00:18:28,785 [pool-37-thread-1] INFO  storage.RaftStorageDirectory (RaftStorageDirectory.java:analyzeStorage(246)) - The storage directory /workdir/hadoop-ozone/tools/target/test-dir/MiniOzoneClusterImpl-c985667c-5a49-4bf8-9026-25e6eecde886/datanode-1/data/ratis/467da50f-943a-4a88-95dd-b1c379f5934f does not exist. Creating ...
2019-11-13 00:18:28,785 [pool-27-thread-1] INFO  server.RaftServerConfigKeys (ConfUtils.java:logGet(43)) - raft.server.rpcslowness.timeout = 120s (custom)
2019-11-13 00:18:28,785 [pool-27-thread-1] INFO  server.RaftServerConfigKeys (ConfUtils.java:logGet(43)) - raft.server.sleep.deviation.threshold = 300 (default)
2019-11-13 00:18:28,785 [pool-27-thread-1] INFO  server.RaftServerConfigKeys (ConfUtils.java:logGet(43)) - raft.server.log.appender.install.snapshot.enabled = false (custom)
2019-11-13 00:18:28,785 [pool-27-thread-1] INFO  impl.RaftServerImpl (ServerState.java:<init>(103)) - c8dc3d0b-8f4d-49f1-a0ba-66fc0675f2cd@group-B1C379F5934F: ConfigurationManager, init=-1: [c8dc3d0b-8f4d-49f1-a0ba-66fc0675f2cd:192.168.69.93:36452, b3d8fb16-6440-47b2-97ce-3aa43dcbcb47:192.168.69.93:35320, c7ec1e8a-5c22-4467-ad32-59becfa95183:192.168.69.93:40725], old=null, confs=<EMPTY_MAP>
2019-11-13 00:18:28,786 [pool-27-thread-1] INFO  server.RaftServerConfigKeys (ConfUtils.java:logGet(43)) - raft.server.storage.dir = [/workdir/hadoop-ozone/tools/target/test-dir/MiniOzoneClusterImpl-c985667c-5a49-4bf8-9026-25e6eecde886/datanode-0/data/ratis] (custom)
2019-11-13 00:18:28,786 [pool-27-thread-1] INFO  server.RaftServerConfigKeys (ConfUtils.java:logGet(43)) - raft.server.log.corruption.policy = EXCEPTION (default)
2019-11-13 00:18:28,786 [pool-27-thread-1] INFO  storage.RaftStorageDirectory (RaftStorageDirectory.java:analyzeStorage(246)) - The storage directory /workdir/hadoop-ozone/tools/target/test-dir/MiniOzoneClusterImpl-c985667c-5a49-4bf8-9026-25e6eecde886/datanode-0/data/ratis/467da50f-943a-4a88-95dd-b1c379f5934f does not exist. Creating ...
2019-11-13 00:18:28,809 [pool-37-thread-1] INFO  storage.RaftStorageDirectory (RaftStorageDirectory.java:tryLock(328)) - Lock on /workdir/hadoop-ozone/tools/target/test-dir/MiniOzoneClusterImpl-c985667c-5a49-4bf8-9026-25e6eecde886/datanode-1/data/ratis/467da50f-943a-4a88-95dd-b1c379f5934f/in_use.lock acquired by nodename 25754@pr-hdds-2105-428fw-2136415640
2019-11-13 00:18:28,809 [pool-47-thread-1] INFO  storage.RaftStorageDirectory (RaftStorageDirectory.java:tryLock(328)) - Lock on /workdir/hadoop-ozone/tools/target/test-dir/MiniOzoneClusterImpl-c985667c-5a49-4bf8-9026-25e6eecde886/datanode-2/data/ratis/467da50f-943a-4a88-95dd-b1c379f5934f/in_use.lock acquired by nodename 25754@pr-hdds-2105-428fw-2136415640
2019-11-13 00:18:28,809 [pool-27-thread-1] INFO  storage.RaftStorageDirectory (RaftStorageDirectory.java:tryLock(328)) - Lock on /workdir/hadoop-ozone/tools/target/test-dir/MiniOzoneClusterImpl-c985667c-5a49-4bf8-9026-25e6eecde886/datanode-0/data/ratis/467da50f-943a-4a88-95dd-b1c379f5934f/in_use.lock acquired by nodename 25754@pr-hdds-2105-428fw-2136415640
2019-11-13 00:18:28,835 [pool-37-thread-1] INFO  storage.RaftStorage (RaftStorage.java:format(84)) - Storage directory /workdir/hadoop-ozone/tools/target/test-dir/MiniOzoneClusterImpl-c985667c-5a49-4bf8-9026-25e6eecde886/datanode-1/data/ratis/467da50f-943a-4a88-95dd-b1c379f5934f has been successfully formatted.
2019-11-13 00:18:28,835 [pool-27-thread-1] INFO  storage.RaftStorage (RaftStorage.java:format(84)) - Storage directory /workdir/hadoop-ozone/tools/target/test-dir/MiniOzoneClusterImpl-c985667c-5a49-4bf8-9026-25e6eecde886/datanode-0/data/ratis/467da50f-943a-4a88-95dd-b1c379f5934f has been successfully formatted.
2019-11-13 00:18:28,835 [pool-37-thread-1] INFO  ratis.ContainerStateMachine (ContainerStateMachine.java:loadSnapshot(223)) - group-B1C379F5934F: The snapshot info is null. Setting the last applied indexto:(t:0, i:~)
2019-11-13 00:18:28,835 [pool-47-thread-1] INFO  storage.RaftStorage (RaftStorage.java:format(84)) - Storage directory /workdir/hadoop-ozone/tools/target/test-dir/MiniOzoneClusterImpl-c985667c-5a49-4bf8-9026-25e6eecde886/datanode-2/data/ratis/467da50f-943a-4a88-95dd-b1c379f5934f has been successfully formatted.
2019-11-13 00:18:28,836 [pool-37-thread-1] INFO  server.RaftServerConfigKeys (ConfUtils.java:logGet(43)) - raft.server.notification.no-leader.timeout = 120s (custom)
2019-11-13 00:18:28,836 [pool-27-thread-1] INFO  ratis.ContainerStateMachine (ContainerStateMachine.java:loadSnapshot(223)) - group-B1C379F5934F: The snapshot info is null. Setting the last applied indexto:(t:0, i:~)
2019-11-13 00:18:28,836 [pool-47-thread-1] INFO  ratis.ContainerStateMachine (ContainerStateMachine.java:loadSnapshot(223)) - group-B1C379F5934F: The snapshot info is null. Setting the last applied indexto:(t:0, i:~)
2019-11-13 00:18:28,836 [pool-37-thread-1] INFO  server.RaftServerConfigKeys (ConfUtils.java:logGet(43)) - raft.server.log.use.memory = false (default)
2019-11-13 00:18:28,836 [pool-47-thread-1] INFO  server.RaftServerConfigKeys (ConfUtils.java:logGet(43)) - raft.server.notification.no-leader.timeout = 120s (custom)
2019-11-13 00:18:28,837 [pool-47-thread-1] INFO  server.RaftServerConfigKeys (ConfUtils.java:logGet(43)) - raft.server.log.use.memory = false (default)
2019-11-13 00:18:28,836 [pool-27-thread-1] INFO  server.RaftServerConfigKeys (ConfUtils.java:logGet(43)) - raft.server.notification.no-leader.timeout = 120s (custom)
2019-11-13 00:18:28,837 [pool-47-thread-1] INFO  server.RaftServerConfigKeys (ConfUtils.java:logGet(43)) - raft.server.log.purge.gap = 1000000 (custom)
2019-11-13 00:18:28,836 [pool-37-thread-1] INFO  server.RaftServerConfigKeys (ConfUtils.java:logGet(43)) - raft.server.log.purge.gap = 1000000 (custom)
2019-11-13 00:18:28,837 [pool-47-thread-1] INFO  server.RaftServerConfigKeys (ConfUtils.java:logGet(43)) - raft.server.log.appender.buffer.byte-limit = 33554432 (custom)
2019-11-13 00:18:28,837 [pool-27-thread-1] INFO  server.RaftServerConfigKeys (ConfUtils.java:logGet(43)) - raft.server.log.use.memory = false (default)
2019-11-13 00:18:28,837 [pool-47-thread-1] INFO  server.RaftServerConfigKeys (ConfUtils.java:logGet(43)) - raft.server.log.segment.size.max = 1048576 (custom)
2019-11-13 00:18:28,837 [pool-37-thread-1] INFO  server.RaftServerConfigKeys (ConfUtils.java:logGet(43)) - raft.server.log.appender.buffer.byte-limit = 33554432 (custom)
2019-11-13 00:18:28,838 [pool-47-thread-1] INFO  server.RaftServerConfigKeys (ConfUtils.java:logGet(43)) - raft.server.log.segment.cache.num.max = 2 (custom)
2019-11-13 00:18:28,838 [pool-27-thread-1] INFO  server.RaftServerConfigKeys (ConfUtils.java:logGet(43)) - raft.server.log.purge.gap = 1000000 (custom)
2019-11-13 00:18:28,838 [pool-47-thread-1] INFO  segmented.SegmentedRaftLogWorker (SegmentedRaftLogWorker.java:<init>(173)) - new c7ec1e8a-5c22-4467-ad32-59becfa95183@group-B1C379F5934F-SegmentedRaftLogWorker for RaftStorage:Storage Directory /workdir/hadoop-ozone/tools/target/test-dir/MiniOzoneClusterImpl-c985667c-5a49-4bf8-9026-25e6eecde886/datanode-2/data/ratis/467da50f-943a-4a88-95dd-b1c379f5934f
2019-11-13 00:18:28,838 [pool-37-thread-1] INFO  server.RaftServerConfigKeys (ConfUtils.java:logGet(43)) - raft.server.log.segment.size.max = 1048576 (custom)
2019-11-13 00:18:28,838 [pool-47-thread-1] INFO  server.RaftServerConfigKeys (ConfUtils.java:logGet(43)) - raft.server.log.queue.byte-limit = 2147483647 (custom)
2019-11-13 00:18:28,838 [pool-27-thread-1] INFO  server.RaftServerConfigKeys (ConfUtils.java:logGet(43)) - raft.server.log.appender.buffer.byte-limit = 33554432 (custom)
2019-11-13 00:18:28,838 [pool-47-thread-1] INFO  server.RaftServerConfigKeys (ConfUtils.java:logGet(43)) - raft.server.log.queue.element-limit = 1024 (custom)
2019-11-13 00:18:28,838 [pool-37-thread-1] INFO  server.RaftServerConfigKeys (ConfUtils.java:logGet(43)) - raft.server.log.segment.cache.num.max = 2 (custom)
2019-11-13 00:18:28,839 [pool-47-thread-1] INFO  server.RaftServerConfigKeys (ConfUtils.java:logGet(43)) - raft.server.log.segment.size.max = 1048576 (custom)
2019-11-13 00:18:28,839 [pool-27-thread-1] INFO  server.RaftServerConfigKeys (ConfUtils.java:logGet(43)) - raft.server.log.segment.size.max = 1048576 (custom)
2019-11-13 00:18:28,839 [pool-47-thread-1] INFO  server.RaftServerConfigKeys (ConfUtils.java:logGet(43)) - raft.server.log.preallocated.size = 16384 (custom)
2019-11-13 00:18:28,839 [pool-37-thread-1] INFO  segmented.SegmentedRaftLogWorker (SegmentedRaftLogWorker.java:<init>(173)) - new b3d8fb16-6440-47b2-97ce-3aa43dcbcb47@group-B1C379F5934F-SegmentedRaftLogWorker for RaftStorage:Storage Directory /workdir/hadoop-ozone/tools/target/test-dir/MiniOzoneClusterImpl-c985667c-5a49-4bf8-9026-25e6eecde886/datanode-1/data/ratis/467da50f-943a-4a88-95dd-b1c379f5934f
2019-11-13 00:18:28,839 [pool-47-thread-1] INFO  server.RaftServerConfigKeys (ConfUtils.java:logGet(43)) - raft.server.log.write.buffer.size = 33554432 (custom)
2019-11-13 00:18:28,839 [pool-27-thread-1] INFO  server.RaftServerConfigKeys (ConfUtils.java:logGet(43)) - raft.server.log.segment.cache.num.max = 2 (custom)
2019-11-13 00:18:28,840 [pool-47-thread-1] INFO  server.RaftServerConfigKeys (ConfUtils.java:logGet(43)) - raft.server.log.force.sync.num = 128 (default)
2019-11-13 00:18:28,839 [pool-37-thread-1] INFO  server.RaftServerConfigKeys (ConfUtils.java:logGet(43)) - raft.server.log.queue.byte-limit = 2147483647 (custom)
2019-11-13 00:18:28,840 [pool-47-thread-1] INFO  server.RaftServerConfigKeys (ConfUtils.java:logGet(43)) - raft.server.log.statemachine.data.sync = true (default)
2019-11-13 00:18:28,840 [pool-27-thread-1] INFO  segmented.SegmentedRaftLogWorker (SegmentedRaftLogWorker.java:<init>(173)) - new c8dc3d0b-8f4d-49f1-a0ba-66fc0675f2cd@group-B1C379F5934F-SegmentedRaftLogWorker for RaftStorage:Storage Directory /workdir/hadoop-ozone/tools/target/test-dir/MiniOzoneClusterImpl-c985667c-5a49-4bf8-9026-25e6eecde886/datanode-0/data/ratis/467da50f-943a-4a88-95dd-b1c379f5934f
2019-11-13 00:18:28,840 [pool-47-thread-1] INFO  server.RaftServerConfigKeys (ConfUtils.java:logGet(43)) - raft.server.log.statemachine.data.sync.timeout = 10s (default)
2019-11-13 00:18:28,840 [pool-37-thread-1] INFO  server.RaftServerConfigKeys (ConfUtils.java:logGet(43)) - raft.server.log.queue.element-limit = 1024 (custom)
2019-11-13 00:18:28,841 [pool-47-thread-1] INFO  server.RaftServerConfigKeys (ConfUtils.java:logGet(43)) - raft.server.log.statemachine.data.sync.timeout.retry = -1 (default)
2019-11-13 00:18:28,840 [pool-27-thread-1] INFO  server.RaftServerConfigKeys (ConfUtils.java:logGet(43)) - raft.server.log.queue.byte-limit = 2147483647 (custom)
2019-11-13 00:18:28,841 [pool-47-thread-1] INFO  server.RaftServerConfigKeys (ConfUtils.java:logGet(43)) - raft.server.log.statemachine.data.caching.enabled = true (custom)
2019-11-13 00:18:28,841 [pool-27-thread-1] INFO  server.RaftServerConfigKeys (ConfUtils.java:logGet(43)) - raft.server.log.queue.element-limit = 1024 (custom)
2019-11-13 00:18:28,841 [pool-37-thread-1] INFO  server.RaftServerConfigKeys (ConfUtils.java:logGet(43)) - raft.server.log.segment.size.max = 1048576 (custom)
2019-11-13 00:18:28,841 [pool-47-thread-1] INFO  segmented.SegmentedRaftLogWorker (SegmentedRaftLogWorker.java:lambda$new$0(128)) - c7ec1e8a-5c22-4467-ad32-59becfa95183@group-B1C379F5934F-SegmentedRaftLogWorker: flushIndex: setUnconditionally 0 -> -1
2019-11-13 00:18:28,841 [pool-27-thread-1] INFO  server.RaftServerConfigKeys (ConfUtils.java:logGet(43)) - raft.server.log.segment.size.max = 1048576 (custom)
2019-11-13 00:18:28,842 [pool-37-thread-1] INFO  server.RaftServerConfigKeys (ConfUtils.java:logGet(43)) - raft.server.log.preallocated.size = 16384 (custom)
2019-11-13 00:18:28,842 [pool-27-thread-1] INFO  server.RaftServerConfigKeys (ConfUtils.java:logGet(43)) - raft.server.log.preallocated.size = 16384 (custom)
2019-11-13 00:18:28,842 [pool-47-thread-1] INFO  server.RaftServerConfigKeys (ConfUtils.java:logGet(43)) - raft.server.snapshot.auto.trigger.enabled = true (custom)
2019-11-13 00:18:28,842 [pool-27-thread-1] INFO  server.RaftServerConfigKeys (ConfUtils.java:logGet(43)) - raft.server.log.write.buffer.size = 33554432 (custom)
2019-11-13 00:18:28,842 [pool-37-thread-1] INFO  server.RaftServerConfigKeys (ConfUtils.java:logGet(43)) - raft.server.log.write.buffer.size = 33554432 (custom)
2019-11-13 00:18:28,842 [pool-27-thread-1] INFO  server.RaftServerConfigKeys (ConfUtils.java:logGet(43)) - raft.server.log.force.sync.num = 128 (default)
2019-11-13 00:18:28,842 [pool-47-thread-1] INFO  server.RaftServerConfigKeys (ConfUtils.java:logGet(43)) - raft.server.snapshot.auto.trigger.threshold = 10000 (custom)
2019-11-13 00:18:28,843 [pool-27-thread-1] INFO  server.RaftServerConfigKeys (ConfUtils.java:logGet(43)) - raft.server.log.statemachine.data.sync = true (default)
2019-11-13 00:18:28,843 [pool-37-thread-1] INFO  server.RaftServerConfigKeys (ConfUtils.java:logGet(43)) - raft.server.log.force.sync.num = 128 (default)
2019-11-13 00:18:28,843 [pool-27-thread-1] INFO  server.RaftServerConfigKeys (ConfUtils.java:logGet(43)) - raft.server.log.statemachine.data.sync.timeout = 10s (default)
2019-11-13 00:18:28,843 [pool-47-thread-1] INFO  server.RaftServerConfigKeys (ConfUtils.java:logGet(43)) - raft.server.snapshot.retention.file.num = 5 (custom)
2019-11-13 00:18:28,843 [pool-27-thread-1] INFO  server.RaftServerConfigKeys (ConfUtils.java:logGet(43)) - raft.server.log.statemachine.data.sync.timeout.retry = -1 (default)
2019-11-13 00:18:28,843 [pool-37-thread-1] INFO  server.RaftServerConfigKeys (ConfUtils.java:logGet(43)) - raft.server.log.statemachine.data.sync = true (default)
2019-11-13 00:18:28,844 [pool-47-thread-1] INFO  server.RaftServerConfigKeys (ConfUtils.java:logGet(43)) - raft.server.retrycache.expirytime = 600000ms (custom)
2019-11-13 00:18:28,844 [pool-27-thread-1] INFO  server.RaftServerConfigKeys (ConfUtils.java:logGet(43)) - raft.server.log.statemachine.data.caching.enabled = true (custom)
2019-11-13 00:18:28,844 [pool-37-thread-1] INFO  server.RaftServerConfigKeys (ConfUtils.java:logGet(43)) - raft.server.log.statemachine.data.sync.timeout = 10s (default)
2019-11-13 00:18:28,844 [pool-47-thread-1] WARN  impl.MetricRegistriesImpl (MetricRegistriesImpl.java:lambda$create$1(61)) - First MetricRegistry has been created without registering reporters. You may need to call MetricRegistries.global().addReportRegistration(...) before.
2019-11-13 00:18:28,844 [pool-37-thread-1] INFO  server.RaftServerConfigKeys (ConfUtils.java:logGet(43)) - raft.server.log.statemachine.data.sync.timeout.retry = -1 (default)
2019-11-13 00:18:28,844 [pool-47-thread-1] WARN  impl.MetricRegistriesImpl (MetricRegistriesImpl.java:lambda$create$1(61)) - First MetricRegistry has been created without registering reporters. You may need to call MetricRegistries.global().addReportRegistration(...) before.
2019-11-13 00:18:28,845 [pool-37-thread-1] INFO  server.RaftServerConfigKeys (ConfUtils.java:logGet(43)) - raft.server.log.statemachine.data.caching.enabled = true (custom)
2019-11-13 00:18:28,844 [pool-27-thread-1] INFO  segmented.SegmentedRaftLogWorker (SegmentedRaftLogWorker.java:lambda$new$0(128)) - c8dc3d0b-8f4d-49f1-a0ba-66fc0675f2cd@group-B1C379F5934F-SegmentedRaftLogWorker: flushIndex: setUnconditionally 0 -> -1
2019-11-13 00:18:28,845 [pool-47-thread-1] INFO  impl.RaftServerImpl (RaftServerImpl.java:start(184)) - c7ec1e8a-5c22-4467-ad32-59becfa95183@group-B1C379F5934F: start as a follower, conf=-1: [c8dc3d0b-8f4d-49f1-a0ba-66fc0675f2cd:192.168.69.93:36452, b3d8fb16-6440-47b2-97ce-3aa43dcbcb47:192.168.69.93:35320, c7ec1e8a-5c22-4467-ad32-59becfa95183:192.168.69.93:40725], old=null
2019-11-13 00:18:28,845 [pool-37-thread-1] INFO  segmented.SegmentedRaftLogWorker (SegmentedRaftLogWorker.java:lambda$new$0(128)) - b3d8fb16-6440-47b2-97ce-3aa43dcbcb47@group-B1C379F5934F-SegmentedRaftLogWorker: flushIndex: setUnconditionally 0 -> -1
2019-11-13 00:18:28,845 [pool-47-thread-1] INFO  impl.RaftServerImpl (RaftServerImpl.java:setRole(173)) - c7ec1e8a-5c22-4467-ad32-59becfa95183@group-B1C379F5934F: changes role from      null to FOLLOWER at term 0 for startAsFollower
2019-11-13 00:18:28,845 [pool-27-thread-1] INFO  server.RaftServerConfigKeys (ConfUtils.java:logGet(43)) - raft.server.snapshot.auto.trigger.enabled = true (custom)
2019-11-13 00:18:28,845 [pool-47-thread-1] INFO  impl.RoleInfo (RoleInfo.java:updateAndGet(143)) - c7ec1e8a-5c22-4467-ad32-59becfa95183: start FollowerState
2019-11-13 00:18:28,845 [pool-37-thread-1] INFO  server.RaftServerConfigKeys (ConfUtils.java:logGet(43)) - raft.server.snapshot.auto.trigger.enabled = true (custom)
2019-11-13 00:18:28,846 [pool-27-thread-1] INFO  server.RaftServerConfigKeys (ConfUtils.java:logGet(43)) - raft.server.snapshot.auto.trigger.threshold = 10000 (custom)
2019-11-13 00:18:28,846 [pool-37-thread-1] INFO  server.RaftServerConfigKeys (ConfUtils.java:logGet(43)) - raft.server.snapshot.auto.trigger.threshold = 10000 (custom)
2019-11-13 00:18:28,846 [pool-27-thread-1] INFO  server.RaftServerConfigKeys (ConfUtils.java:logGet(43)) - raft.server.snapshot.retention.file.num = 5 (custom)
2019-11-13 00:18:28,846 [pool-37-thread-1] INFO  server.RaftServerConfigKeys (ConfUtils.java:logGet(43)) - raft.server.snapshot.retention.file.num = 5 (custom)
2019-11-13 00:18:28,846 [pool-47-thread-1] INFO  util.JmxRegister (JmxRegister.java:tryRegister(44)) - Successfully registered JMX Bean with object name Ratis:service=RaftServer,group=group-B1C379F5934F,id=c7ec1e8a-5c22-4467-ad32-59becfa95183
2019-11-13 00:18:28,846 [pool-37-thread-1] INFO  server.RaftServerConfigKeys (ConfUtils.java:logGet(43)) - raft.server.retrycache.expirytime = 600000ms (custom)
2019-11-13 00:18:28,846 [pool-27-thread-1] INFO  server.RaftServerConfigKeys (ConfUtils.java:logGet(43)) - raft.server.retrycache.expirytime = 600000ms (custom)
2019-11-13 00:18:28,846 [pool-37-thread-1] WARN  impl.MetricRegistriesImpl (MetricRegistriesImpl.java:lambda$create$1(61)) - First MetricRegistry has been created without registering reporters. You may need to call MetricRegistries.global().addReportRegistration(...) before.
2019-11-13 00:18:28,847 [pool-27-thread-1] WARN  impl.MetricRegistriesImpl (MetricRegistriesImpl.java:lambda$create$1(61)) - First MetricRegistry has been created without registering reporters. You may need to call MetricRegistries.global().addReportRegistration(...) before.
2019-11-13 00:18:28,846 [pool-47-thread-1] WARN  impl.MetricRegistriesImpl (MetricRegistriesImpl.java:lambda$create$1(61)) - First MetricRegistry has been created without registering reporters. You may need to call MetricRegistries.global().addReportRegistration(...) before.
2019-11-13 00:18:28,847 [pool-27-thread-1] WARN  impl.MetricRegistriesImpl (MetricRegistriesImpl.java:lambda$create$1(61)) - First MetricRegistry has been created without registering reporters. You may need to call MetricRegistries.global().addReportRegistration(...) before.
2019-11-13 00:18:28,847 [pool-37-thread-1] WARN  impl.MetricRegistriesImpl (MetricRegistriesImpl.java:lambda$create$1(61)) - First MetricRegistry has been created without registering reporters. You may need to call MetricRegistries.global().addReportRegistration(...) before.
2019-11-13 00:18:28,847 [pool-27-thread-1] INFO  impl.RaftServerImpl (RaftServerImpl.java:start(184)) - c8dc3d0b-8f4d-49f1-a0ba-66fc0675f2cd@group-B1C379F5934F: start as a follower, conf=-1: [c8dc3d0b-8f4d-49f1-a0ba-66fc0675f2cd:192.168.69.93:36452, b3d8fb16-6440-47b2-97ce-3aa43dcbcb47:192.168.69.93:35320, c7ec1e8a-5c22-4467-ad32-59becfa95183:192.168.69.93:40725], old=null
2019-11-13 00:18:28,847 [pool-37-thread-1] INFO  impl.RaftServerImpl (RaftServerImpl.java:start(184)) - b3d8fb16-6440-47b2-97ce-3aa43dcbcb47@group-B1C379F5934F: start as a follower, conf=-1: [c8dc3d0b-8f4d-49f1-a0ba-66fc0675f2cd:192.168.69.93:36452, b3d8fb16-6440-47b2-97ce-3aa43dcbcb47:192.168.69.93:35320, c7ec1e8a-5c22-4467-ad32-59becfa95183:192.168.69.93:40725], old=null
2019-11-13 00:18:28,848 [pool-27-thread-1] INFO  impl.RaftServerImpl (RaftServerImpl.java:setRole(173)) - c8dc3d0b-8f4d-49f1-a0ba-66fc0675f2cd@group-B1C379F5934F: changes role from      null to FOLLOWER at term 0 for startAsFollower
2019-11-13 00:18:28,848 [pool-37-thread-1] INFO  impl.RaftServerImpl (RaftServerImpl.java:setRole(173)) - b3d8fb16-6440-47b2-97ce-3aa43dcbcb47@group-B1C379F5934F: changes role from      null to FOLLOWER at term 0 for startAsFollower
2019-11-13 00:18:28,848 [pool-27-thread-1] INFO  impl.RoleInfo (RoleInfo.java:updateAndGet(143)) - c8dc3d0b-8f4d-49f1-a0ba-66fc0675f2cd: start FollowerState
2019-11-13 00:18:28,848 [pool-37-thread-1] INFO  impl.RoleInfo (RoleInfo.java:updateAndGet(143)) - b3d8fb16-6440-47b2-97ce-3aa43dcbcb47: start FollowerState
2019-11-13 00:18:28,849 [pool-27-thread-1] INFO  util.JmxRegister (JmxRegister.java:tryRegister(44)) - Successfully registered JMX Bean with object name Ratis:service=RaftServer,group=group-B1C379F5934F,id=c8dc3d0b-8f4d-49f1-a0ba-66fc0675f2cd
2019-11-13 00:18:28,849 [pool-37-thread-1] INFO  util.JmxRegister (JmxRegister.java:tryRegister(44)) - Successfully registered JMX Bean with object name Ratis:service=RaftServer,group=group-B1C379F5934F,id=b3d8fb16-6440-47b2-97ce-3aa43dcbcb47
2019-11-13 00:18:28,849 [pool-27-thread-1] WARN  impl.MetricRegistriesImpl (MetricRegistriesImpl.java:lambda$create$1(61)) - First MetricRegistry has been created without registering reporters. You may need to call MetricRegistries.global().addReportRegistration(...) before.
2019-11-13 00:18:28,850 [pool-37-thread-1] WARN  impl.MetricRegistriesImpl (MetricRegistriesImpl.java:lambda$create$1(61)) - First MetricRegistry has been created without registering reporters. You may need to call MetricRegistries.global().addReportRegistration(...) before.
2019-11-13 00:18:28,862 [RatisPipelineUtilsThread] INFO  pipeline.PipelineStateManager (PipelineStateManager.java:addPipeline(55)) - Created pipeline Pipeline[ Id: 467da50f-943a-4a88-95dd-b1c379f5934f, Nodes: c8dc3d0b-8f4d-49f1-a0ba-66fc0675f2cd{ip: 192.168.69.93, host: pr-hdds-2105-428fw-2136415640, networkLocation: /default-rack, certSerialId: null}c7ec1e8a-5c22-4467-ad32-59becfa95183{ip: 192.168.69.93, host: pr-hdds-2105-428fw-2136415640, networkLocation: /default-rack, certSerialId: null}b3d8fb16-6440-47b2-97ce-3aa43dcbcb47{ip: 192.168.69.93, host: pr-hdds-2105-428fw-2136415640, networkLocation: /default-rack, certSerialId: null}, Type:RATIS, Factor:THREE, State:ALLOCATED]
2019-11-13 00:18:28,864 [Thread-178] INFO  pipeline.PipelineStateManager (PipelineStateManager.java:removePipeline(106)) - Pipeline Pipeline[ Id: a09daae0-ebc3-4fb0-a949-b36282314ae9, Nodes: c8dc3d0b-8f4d-49f1-a0ba-66fc0675f2cd{ip: 192.168.69.93, host: pr-hdds-2105-428fw-2136415640, networkLocation: /default-rack, certSerialId: null}c7ec1e8a-5c22-4467-ad32-59becfa95183{ip: 192.168.69.93, host: pr-hdds-2105-428fw-2136415640, networkLocation: /default-rack, certSerialId: null}b3d8fb16-6440-47b2-97ce-3aa43dcbcb47{ip: 192.168.69.93, host: pr-hdds-2105-428fw-2136415640, networkLocation: /default-rack, certSerialId: null}, Type:RATIS, Factor:THREE, State:CLOSED] removed from db
2019-11-13 00:18:28,864 [Thread-178] INFO  pipeline.SCMPipelineManager (SCMPipelineManager.java:finalizeAndDestroyPipeline(315)) - destroying pipeline:Pipeline[ Id: aa2cae5f-dcf9-402a-80bb-69351273cdc3, Nodes: c8dc3d0b-8f4d-49f1-a0ba-66fc0675f2cd{ip: 192.168.69.93, host: pr-hdds-2105-428fw-2136415640, networkLocation: /default-rack, certSerialId: null}, Type:RATIS, Factor:ONE, State:ALLOCATED]
2019-11-13 00:18:28,865 [Thread-178] INFO  pipeline.PipelineStateManager (PipelineStateManager.java:finalizePipeline(121)) - Pipeline Pipeline[ Id: aa2cae5f-dcf9-402a-80bb-69351273cdc3, Nodes: c8dc3d0b-8f4d-49f1-a0ba-66fc0675f2cd{ip: 192.168.69.93, host: pr-hdds-2105-428fw-2136415640, networkLocation: /default-rack, certSerialId: null}, Type:RATIS, Factor:ONE, State:CLOSED] moved to CLOSED state
2019-11-13 00:18:28,879 [grpc-default-executor-0] INFO  impl.RaftServerProxy (RaftServerProxy.java:remove(95)) - c8dc3d0b-8f4d-49f1-a0ba-66fc0675f2cd: remove  FOLLOWER c8dc3d0b-8f4d-49f1-a0ba-66fc0675f2cd@group-69351273CDC3:t0, leader=null, voted=null, raftlog=c8dc3d0b-8f4d-49f1-a0ba-66fc0675f2cd@group-69351273CDC3-SegmentedRaftLog:OPENED:c-1,f-1,i0, conf=-1: [c8dc3d0b-8f4d-49f1-a0ba-66fc0675f2cd:192.168.69.93:36452], old=null RUNNING
2019-11-13 00:18:28,880 [grpc-default-executor-0] INFO  impl.RaftServerImpl (RaftServerImpl.java:lambda$shutdown$3(250)) - c8dc3d0b-8f4d-49f1-a0ba-66fc0675f2cd@group-69351273CDC3: shutdown
2019-11-13 00:18:28,880 [grpc-default-executor-0] INFO  util.JmxRegister (JmxRegister.java:unregister(73)) - Successfully un-registered JMX Bean with object name Ratis:service=RaftServer,group=group-69351273CDC3,id=c8dc3d0b-8f4d-49f1-a0ba-66fc0675f2cd
2019-11-13 00:18:28,880 [grpc-default-executor-0] INFO  impl.RoleInfo (RoleInfo.java:shutdownFollowerState(121)) - c8dc3d0b-8f4d-49f1-a0ba-66fc0675f2cd: shutdown FollowerState
2019-11-13 00:18:28,880 [grpc-default-executor-0] INFO  impl.StateMachineUpdater (StateMachineUpdater.java:stopAndJoin(136)) - c8dc3d0b-8f4d-49f1-a0ba-66fc0675f2cd@group-69351273CDC3-StateMachineUpdater: set stopIndex = -1
2019-11-13 00:18:28,883 [Thread-180] INFO  impl.FollowerState (FollowerState.java:run(120)) - c8dc3d0b-8f4d-49f1-a0ba-66fc0675f2cd@group-69351273CDC3-FollowerState was interrupted: java.lang.InterruptedException: sleep interrupted
2019-11-13 00:18:28,885 [grpc-default-executor-0] INFO  impl.RaftServerImpl (ServerState.java:close(387)) - c8dc3d0b-8f4d-49f1-a0ba-66fc0675f2cd@group-69351273CDC3: closes. applyIndex: -1
2019-11-13 00:18:28,885 [c8dc3d0b-8f4d-49f1-a0ba-66fc0675f2cd@group-69351273CDC3-SegmentedRaftLogWorker] INFO  segmented.SegmentedRaftLogWorker (SegmentedRaftLogWorker.java:run(316)) - c8dc3d0b-8f4d-49f1-a0ba-66fc0675f2cd@group-69351273CDC3-SegmentedRaftLogWorker was interrupted, exiting. There are 0 tasks remaining in the queue.
2019-11-13 00:18:28,885 [grpc-default-executor-0] INFO  segmented.SegmentedRaftLogWorker (SegmentedRaftLogWorker.java:close(224)) - c8dc3d0b-8f4d-49f1-a0ba-66fc0675f2cd@group-69351273CDC3-SegmentedRaftLogWorker close()
2019-11-13 00:18:28,892 [Thread-178] INFO  pipeline.PipelineStateManager (PipelineStateManager.java:removePipeline(106)) - Pipeline Pipeline[ Id: aa2cae5f-dcf9-402a-80bb-69351273cdc3, Nodes: c8dc3d0b-8f4d-49f1-a0ba-66fc0675f2cd{ip: 192.168.69.93, host: pr-hdds-2105-428fw-2136415640, networkLocation: /default-rack, certSerialId: null}, Type:RATIS, Factor:ONE, State:CLOSED] removed from db
2019-11-13 00:18:28,902 [grpc-default-executor-0] INFO  impl.RaftServerProxy (RaftServerProxy.java:addNew(89)) - c8dc3d0b-8f4d-49f1-a0ba-66fc0675f2cd: addNew group-866323609F7E:[c8dc3d0b-8f4d-49f1-a0ba-66fc0675f2cd:192.168.69.93:36452] returns group-866323609F7E:java.util.concurrent.CompletableFuture@71cbd8b5[Not completed]
2019-11-13 00:18:28,904 [pool-27-thread-1] INFO  impl.RaftServerImpl (RaftServerImpl.java:<init>(98)) - c8dc3d0b-8f4d-49f1-a0ba-66fc0675f2cd: new RaftServerImpl for group-866323609F7E:[c8dc3d0b-8f4d-49f1-a0ba-66fc0675f2cd:192.168.69.93:36452] with ContainerStateMachine:uninitialized
2019-11-13 00:18:28,904 [pool-27-thread-1] INFO  server.RaftServerConfigKeys (ConfUtils.java:logGet(43)) - raft.server.rpc.timeout.min = 5s (custom)
2019-11-13 00:18:28,904 [pool-27-thread-1] INFO  server.RaftServerConfigKeys (ConfUtils.java:logGet(43)) - raft.server.rpc.timeout.max = 5200ms (custom)
2019-11-13 00:18:28,905 [pool-27-thread-1] INFO  server.RaftServerConfigKeys (ConfUtils.java:logGet(43)) - raft.server.rpcslowness.timeout = 120s (custom)
2019-11-13 00:18:28,905 [pool-27-thread-1] INFO  server.RaftServerConfigKeys (ConfUtils.java:logGet(43)) - raft.server.sleep.deviation.threshold = 300 (default)
2019-11-13 00:18:28,905 [pool-27-thread-1] INFO  server.RaftServerConfigKeys (ConfUtils.java:logGet(43)) - raft.server.log.appender.install.snapshot.enabled = false (custom)
2019-11-13 00:18:28,905 [pool-27-thread-1] INFO  impl.RaftServerImpl (ServerState.java:<init>(103)) - c8dc3d0b-8f4d-49f1-a0ba-66fc0675f2cd@group-866323609F7E: ConfigurationManager, init=-1: [c8dc3d0b-8f4d-49f1-a0ba-66fc0675f2cd:192.168.69.93:36452], old=null, confs=<EMPTY_MAP>
2019-11-13 00:18:28,905 [pool-27-thread-1] INFO  server.RaftServerConfigKeys (ConfUtils.java:logGet(43)) - raft.server.storage.dir = [/workdir/hadoop-ozone/tools/target/test-dir/MiniOzoneClusterImpl-c985667c-5a49-4bf8-9026-25e6eecde886/datanode-0/data/ratis] (custom)
2019-11-13 00:18:28,906 [pool-27-thread-1] INFO  server.RaftServerConfigKeys (ConfUtils.java:logGet(43)) - raft.server.log.corruption.policy = EXCEPTION (default)
2019-11-13 00:18:28,906 [pool-27-thread-1] INFO  storage.RaftStorageDirectory (RaftStorageDirectory.java:analyzeStorage(246)) - The storage directory /workdir/hadoop-ozone/tools/target/test-dir/MiniOzoneClusterImpl-c985667c-5a49-4bf8-9026-25e6eecde886/datanode-0/data/ratis/b26c1e78-03f4-4ecf-879a-866323609f7e does not exist. Creating ...
2019-11-13 00:18:28,936 [pool-27-thread-1] INFO  storage.RaftStorageDirectory (RaftStorageDirectory.java:tryLock(328)) - Lock on /workdir/hadoop-ozone/tools/target/test-dir/MiniOzoneClusterImpl-c985667c-5a49-4bf8-9026-25e6eecde886/datanode-0/data/ratis/b26c1e78-03f4-4ecf-879a-866323609f7e/in_use.lock acquired by nodename 25754@pr-hdds-2105-428fw-2136415640
2019-11-13 00:18:28,961 [pool-27-thread-1] INFO  storage.RaftStorage (RaftStorage.java:format(84)) - Storage directory /workdir/hadoop-ozone/tools/target/test-dir/MiniOzoneClusterImpl-c985667c-5a49-4bf8-9026-25e6eecde886/datanode-0/data/ratis/b26c1e78-03f4-4ecf-879a-866323609f7e has been successfully formatted.
2019-11-13 00:18:28,962 [pool-27-thread-1] INFO  ratis.ContainerStateMachine (ContainerStateMachine.java:loadSnapshot(223)) - group-866323609F7E: The snapshot info is null. Setting the last applied indexto:(t:0, i:~)
2019-11-13 00:18:28,962 [pool-27-thread-1] INFO  server.RaftServerConfigKeys (ConfUtils.java:logGet(43)) - raft.server.notification.no-leader.timeout = 120s (custom)
2019-11-13 00:18:28,962 [pool-27-thread-1] INFO  server.RaftServerConfigKeys (ConfUtils.java:logGet(43)) - raft.server.log.use.memory = false (default)
2019-11-13 00:18:28,962 [pool-27-thread-1] INFO  server.RaftServerConfigKeys (ConfUtils.java:logGet(43)) - raft.server.log.purge.gap = 1000000 (custom)
2019-11-13 00:18:28,963 [pool-27-thread-1] INFO  server.RaftServerConfigKeys (ConfUtils.java:logGet(43)) - raft.server.log.appender.buffer.byte-limit = 33554432 (custom)
2019-11-13 00:18:28,963 [pool-27-thread-1] INFO  server.RaftServerConfigKeys (ConfUtils.java:logGet(43)) - raft.server.log.segment.size.max = 1048576 (custom)
2019-11-13 00:18:28,963 [pool-27-thread-1] INFO  server.RaftServerConfigKeys (ConfUtils.java:logGet(43)) - raft.server.log.segment.cache.num.max = 2 (custom)
2019-11-13 00:18:28,963 [pool-27-thread-1] INFO  segmented.SegmentedRaftLogWorker (SegmentedRaftLogWorker.java:<init>(173)) - new c8dc3d0b-8f4d-49f1-a0ba-66fc0675f2cd@group-866323609F7E-SegmentedRaftLogWorker for RaftStorage:Storage Directory /workdir/hadoop-ozone/tools/target/test-dir/MiniOzoneClusterImpl-c985667c-5a49-4bf8-9026-25e6eecde886/datanode-0/data/ratis/b26c1e78-03f4-4ecf-879a-866323609f7e
2019-11-13 00:18:28,963 [pool-27-thread-1] INFO  server.RaftServerConfigKeys (ConfUtils.java:logGet(43)) - raft.server.log.queue.byte-limit = 2147483647 (custom)
2019-11-13 00:18:28,964 [pool-27-thread-1] INFO  server.RaftServerConfigKeys (ConfUtils.java:logGet(43)) - raft.server.log.queue.element-limit = 1024 (custom)
2019-11-13 00:18:28,964 [pool-27-thread-1] INFO  server.RaftServerConfigKeys (ConfUtils.java:logGet(43)) - raft.server.log.segment.size.max = 1048576 (custom)
2019-11-13 00:18:28,964 [pool-27-thread-1] INFO  server.RaftServerConfigKeys (ConfUtils.java:logGet(43)) - raft.server.log.preallocated.size = 16384 (custom)
2019-11-13 00:18:28,964 [pool-27-thread-1] INFO  server.RaftServerConfigKeys (ConfUtils.java:logGet(43)) - raft.server.log.write.buffer.size = 33554432 (custom)
2019-11-13 00:18:28,964 [pool-27-thread-1] INFO  server.RaftServerConfigKeys (ConfUtils.java:logGet(43)) - raft.server.log.force.sync.num = 128 (default)
2019-11-13 00:18:28,965 [pool-27-thread-1] INFO  server.RaftServerConfigKeys (ConfUtils.java:logGet(43)) - raft.server.log.statemachine.data.sync = true (default)
2019-11-13 00:18:28,965 [pool-27-thread-1] INFO  server.RaftServerConfigKeys (ConfUtils.java:logGet(43)) - raft.server.log.statemachine.data.sync.timeout = 10s (default)
2019-11-13 00:18:28,965 [pool-27-thread-1] INFO  server.RaftServerConfigKeys (ConfUtils.java:logGet(43)) - raft.server.log.statemachine.data.sync.timeout.retry = -1 (default)
2019-11-13 00:18:28,965 [pool-27-thread-1] INFO  server.RaftServerConfigKeys (ConfUtils.java:logGet(43)) - raft.server.log.statemachine.data.caching.enabled = true (custom)
2019-11-13 00:18:28,966 [pool-27-thread-1] INFO  segmented.SegmentedRaftLogWorker (SegmentedRaftLogWorker.java:lambda$new$0(128)) - c8dc3d0b-8f4d-49f1-a0ba-66fc0675f2cd@group-866323609F7E-SegmentedRaftLogWorker: flushIndex: setUnconditionally 0 -> -1
2019-11-13 00:18:28,966 [pool-27-thread-1] INFO  server.RaftServerConfigKeys (ConfUtils.java:logGet(43)) - raft.server.snapshot.auto.trigger.enabled = true (custom)
2019-11-13 00:18:28,966 [pool-27-thread-1] INFO  server.RaftServerConfigKeys (ConfUtils.java:logGet(43)) - raft.server.snapshot.auto.trigger.threshold = 10000 (custom)
2019-11-13 00:18:28,967 [pool-27-thread-1] INFO  server.RaftServerConfigKeys (ConfUtils.java:logGet(43)) - raft.server.snapshot.retention.file.num = 5 (custom)
2019-11-13 00:18:28,967 [pool-27-thread-1] INFO  server.RaftServerConfigKeys (ConfUtils.java:logGet(43)) - raft.server.retrycache.expirytime = 600000ms (custom)
2019-11-13 00:18:28,967 [pool-27-thread-1] WARN  impl.MetricRegistriesImpl (MetricRegistriesImpl.java:lambda$create$1(61)) - First MetricRegistry has been created without registering reporters. You may need to call MetricRegistries.global().addReportRegistration(...) before.
2019-11-13 00:18:28,967 [pool-27-thread-1] WARN  impl.MetricRegistriesImpl (MetricRegistriesImpl.java:lambda$create$1(61)) - First MetricRegistry has been created without registering reporters. You may need to call MetricRegistries.global().addReportRegistration(...) before.
2019-11-13 00:18:28,968 [pool-27-thread-1] INFO  impl.RaftServerImpl (RaftServerImpl.java:start(184)) - c8dc3d0b-8f4d-49f1-a0ba-66fc0675f2cd@group-866323609F7E: start as a follower, conf=-1: [c8dc3d0b-8f4d-49f1-a0ba-66fc0675f2cd:192.168.69.93:36452], old=null
2019-11-13 00:18:28,968 [pool-27-thread-1] INFO  impl.RaftServerImpl (RaftServerImpl.java:setRole(173)) - c8dc3d0b-8f4d-49f1-a0ba-66fc0675f2cd@group-866323609F7E: changes role from      null to FOLLOWER at term 0 for startAsFollower
2019-11-13 00:18:28,968 [pool-27-thread-1] INFO  impl.RoleInfo (RoleInfo.java:updateAndGet(143)) - c8dc3d0b-8f4d-49f1-a0ba-66fc0675f2cd: start FollowerState
2019-11-13 00:18:28,969 [pool-27-thread-1] INFO  util.JmxRegister (JmxRegister.java:tryRegister(44)) - Successfully registered JMX Bean with object name Ratis:service=RaftServer,group=group-866323609F7E,id=c8dc3d0b-8f4d-49f1-a0ba-66fc0675f2cd
2019-11-13 00:18:28,969 [pool-27-thread-1] WARN  impl.MetricRegistriesImpl (MetricRegistriesImpl.java:lambda$create$1(61)) - First MetricRegistry has been created without registering reporters. You may need to call MetricRegistries.global().addReportRegistration(...) before.
2019-11-13 00:18:28,974 [RatisPipelineUtilsThread] INFO  pipeline.PipelineStateManager (PipelineStateManager.java:addPipeline(55)) - Created pipeline Pipeline[ Id: b26c1e78-03f4-4ecf-879a-866323609f7e, Nodes: c8dc3d0b-8f4d-49f1-a0ba-66fc0675f2cd{ip: 192.168.69.93, host: pr-hdds-2105-428fw-2136415640, networkLocation: /default-rack, certSerialId: null}, Type:RATIS, Factor:ONE, State:ALLOCATED]
2019-11-13 00:18:29,641 [main] INFO  ozone.MiniOzoneClusterImpl (MiniOzoneClusterImpl.java:lambda$waitForClusterToBeReady$2(163)) - Waiting for 4 number of pipelines out of 4, to report a leader.
2019-11-13 00:18:30,642 [main] INFO  ozone.MiniOzoneClusterImpl (MiniOzoneClusterImpl.java:lambda$waitForClusterToBeReady$2(163)) - Waiting for 4 number of pipelines out of 4, to report a leader.
2019-11-13 00:18:31,642 [main] INFO  ozone.MiniOzoneClusterImpl (MiniOzoneClusterImpl.java:lambda$waitForClusterToBeReady$2(163)) - Waiting for 4 number of pipelines out of 4, to report a leader.
2019-11-13 00:18:32,643 [main] INFO  ozone.MiniOzoneClusterImpl (MiniOzoneClusterImpl.java:lambda$waitForClusterToBeReady$2(163)) - Waiting for 4 number of pipelines out of 4, to report a leader.
2019-11-13 00:18:33,631 [Thread-200] INFO  impl.FollowerState (FollowerState.java:run(111)) - c7ec1e8a-5c22-4467-ad32-59becfa95183@group-DDCA162AAF86-FollowerState: change to CANDIDATE, lastRpcTime:5001ms, electionTimeout:5001ms
2019-11-13 00:18:33,634 [Thread-200] INFO  impl.RoleInfo (RoleInfo.java:shutdownFollowerState(121)) - c7ec1e8a-5c22-4467-ad32-59becfa95183: shutdown FollowerState
2019-11-13 00:18:33,635 [Thread-200] INFO  impl.RaftServerImpl (RaftServerImpl.java:setRole(173)) - c7ec1e8a-5c22-4467-ad32-59becfa95183@group-DDCA162AAF86: changes role from  FOLLOWER to CANDIDATE at term 0 for changeToCandidate
2019-11-13 00:18:33,640 [Thread-200] INFO  impl.RoleInfo (RoleInfo.java:updateAndGet(143)) - c7ec1e8a-5c22-4467-ad32-59becfa95183: start LeaderElection
2019-11-13 00:18:33,643 [main] INFO  ozone.MiniOzoneClusterImpl (MiniOzoneClusterImpl.java:lambda$waitForClusterToBeReady$2(163)) - Waiting for 4 number of pipelines out of 4, to report a leader.
2019-11-13 00:18:33,667 [c7ec1e8a-5c22-4467-ad32-59becfa95183@group-DDCA162AAF86-LeaderElection1] INFO  impl.LeaderElection (LeaderElection.java:askForVotes(178)) - c7ec1e8a-5c22-4467-ad32-59becfa95183@group-DDCA162AAF86-LeaderElection1: begin an election at term 1 for -1: [c7ec1e8a-5c22-4467-ad32-59becfa95183:192.168.69.93:40725], old=null
2019-11-13 00:18:33,669 [c7ec1e8a-5c22-4467-ad32-59becfa95183@group-DDCA162AAF86-LeaderElection1] INFO  impl.RoleInfo (RoleInfo.java:shutdownLeaderElection(134)) - c7ec1e8a-5c22-4467-ad32-59becfa95183: shutdown LeaderElection
2019-11-13 00:18:33,670 [c7ec1e8a-5c22-4467-ad32-59becfa95183@group-DDCA162AAF86-LeaderElection1] INFO  impl.RaftServerImpl (RaftServerImpl.java:setRole(173)) - c7ec1e8a-5c22-4467-ad32-59becfa95183@group-DDCA162AAF86: changes role from CANDIDATE to LEADER at term 1 for changeToLeader
2019-11-13 00:18:33,670 [c7ec1e8a-5c22-4467-ad32-59becfa95183@group-DDCA162AAF86-LeaderElection1] INFO  ratis.XceiverServerRatis (XceiverServerRatis.java:handleLeaderChangedNotification(697)) - Leader change notification received for group: group-DDCA162AAF86 with new leaderId: c7ec1e8a-5c22-4467-ad32-59becfa95183
2019-11-13 00:18:33,675 [c7ec1e8a-5c22-4467-ad32-59becfa95183@group-DDCA162AAF86-LeaderElection1] INFO  impl.RaftServerImpl (ServerState.java:setLeader(255)) - c7ec1e8a-5c22-4467-ad32-59becfa95183@group-DDCA162AAF86: change Leader from null to c7ec1e8a-5c22-4467-ad32-59becfa95183 at term 1 for becomeLeader, leader elected after 5045ms
2019-11-13 00:18:33,681 [c7ec1e8a-5c22-4467-ad32-59becfa95183@group-DDCA162AAF86-LeaderElection1] INFO  server.RaftServerConfigKeys (ConfUtils.java:logGet(43)) - raft.server.staging.catchup.gap = 1000 (default)
2019-11-13 00:18:33,681 [c7ec1e8a-5c22-4467-ad32-59becfa95183@group-DDCA162AAF86-LeaderElection1] INFO  server.RaftServerConfigKeys (ConfUtils.java:logGet(43)) - raft.server.rpc.sleep.time = 25ms (default)
2019-11-13 00:18:33,686 [c7ec1e8a-5c22-4467-ad32-59becfa95183@group-DDCA162AAF86-LeaderElection1] INFO  server.RaftServerConfigKeys (ConfUtils.java:logGet(43)) - raft.server.write.element-limit = 4096 (default)
2019-11-13 00:18:33,690 [c7ec1e8a-5c22-4467-ad32-59becfa95183@group-DDCA162AAF86-LeaderElection1] INFO  server.RaftServerConfigKeys (ConfUtils.java:logGet(43)) - raft.server.watch.timeout = 10s (default)
2019-11-13 00:18:33,690 [c7ec1e8a-5c22-4467-ad32-59becfa95183@group-DDCA162AAF86-LeaderElection1] INFO  server.RaftServerConfigKeys (ConfUtils.java:logGet(43)) - raft.server.watch.timeout.denomination = 1s (default)
2019-11-13 00:18:33,691 [c7ec1e8a-5c22-4467-ad32-59becfa95183@group-DDCA162AAF86-LeaderElection1] INFO  server.RaftServerConfigKeys (ConfUtils.java:logGet(43)) - raft.server.watch.element-limit = 65536 (default)
2019-11-13 00:18:33,702 [EventQueue-PipelineReportForPipelineReportHandler] INFO  pipeline.PipelineStateManager (PipelineStateManager.java:openPipeline(134)) - Pipeline Pipeline[ Id: e696adf0-6347-451c-a2ec-ddca162aaf86, Nodes: c7ec1e8a-5c22-4467-ad32-59becfa95183{ip: 192.168.69.93, host: pr-hdds-2105-428fw-2136415640, networkLocation: /default-rack, certSerialId: null}, Type:RATIS, Factor:ONE, State:OPEN] moved to OPEN state
2019-11-13 00:18:33,703 [c7ec1e8a-5c22-4467-ad32-59becfa95183@group-DDCA162AAF86-LeaderElection1] INFO  impl.RoleInfo (RoleInfo.java:updateAndGet(143)) - c7ec1e8a-5c22-4467-ad32-59becfa95183: start LeaderState
2019-11-13 00:18:33,725 [c7ec1e8a-5c22-4467-ad32-59becfa95183@group-DDCA162AAF86-LeaderElection1] INFO  segmented.SegmentedRaftLogWorker (SegmentedRaftLogWorker.java:startLogSegment(385)) - c7ec1e8a-5c22-4467-ad32-59becfa95183@group-DDCA162AAF86-SegmentedRaftLogWorker: Starting segment from index:0
2019-11-13 00:18:33,742 [c7ec1e8a-5c22-4467-ad32-59becfa95183@group-DDCA162AAF86-LeaderElection1] INFO  impl.RaftServerImpl (ServerState.java:setRaftConf(356)) - c7ec1e8a-5c22-4467-ad32-59becfa95183@group-DDCA162AAF86: set configuration 0: [c7ec1e8a-5c22-4467-ad32-59becfa95183:192.168.69.93:40725], old=null at 0
2019-11-13 00:18:33,888 [c7ec1e8a-5c22-4467-ad32-59becfa95183@group-DDCA162AAF86-SegmentedRaftLogWorker] INFO  segmented.SegmentedRaftLogWorker (SegmentedRaftLogWorker.java:execute(576)) - c7ec1e8a-5c22-4467-ad32-59becfa95183@group-DDCA162AAF86-SegmentedRaftLogWorker: created new log segment /workdir/hadoop-ozone/tools/target/test-dir/MiniOzoneClusterImpl-c985667c-5a49-4bf8-9026-25e6eecde886/datanode-2/data/ratis/e696adf0-6347-451c-a2ec-ddca162aaf86/current/log_inprogress_0
2019-11-13 00:18:33,923 [Thread-214] INFO  impl.FollowerState (FollowerState.java:run(111)) - c8dc3d0b-8f4d-49f1-a0ba-66fc0675f2cd@group-B1C379F5934F-FollowerState: change to CANDIDATE, lastRpcTime:5074ms, electionTimeout:5074ms
2019-11-13 00:18:33,923 [Thread-214] INFO  impl.RoleInfo (RoleInfo.java:shutdownFollowerState(121)) - c8dc3d0b-8f4d-49f1-a0ba-66fc0675f2cd: shutdown FollowerState
2019-11-13 00:18:33,923 [Thread-214] INFO  impl.RaftServerImpl (RaftServerImpl.java:setRole(173)) - c8dc3d0b-8f4d-49f1-a0ba-66fc0675f2cd@group-B1C379F5934F: changes role from  FOLLOWER to CANDIDATE at term 0 for changeToCandidate
2019-11-13 00:18:33,924 [Thread-214] INFO  impl.RoleInfo (RoleInfo.java:updateAndGet(143)) - c8dc3d0b-8f4d-49f1-a0ba-66fc0675f2cd: start LeaderElection
2019-11-13 00:18:33,926 [Thread-215] INFO  impl.FollowerState (FollowerState.java:run(111)) - b3d8fb16-6440-47b2-97ce-3aa43dcbcb47@group-B1C379F5934F-FollowerState: change to CANDIDATE, lastRpcTime:5078ms, electionTimeout:5077ms
2019-11-13 00:18:33,927 [Thread-215] INFO  impl.RoleInfo (RoleInfo.java:shutdownFollowerState(121)) - b3d8fb16-6440-47b2-97ce-3aa43dcbcb47: shutdown FollowerState
2019-11-13 00:18:33,927 [Thread-215] INFO  impl.RaftServerImpl (RaftServerImpl.java:setRole(173)) - b3d8fb16-6440-47b2-97ce-3aa43dcbcb47@group-B1C379F5934F: changes role from  FOLLOWER to CANDIDATE at term 0 for changeToCandidate
2019-11-13 00:18:33,927 [Thread-215] INFO  impl.RoleInfo (RoleInfo.java:updateAndGet(143)) - b3d8fb16-6440-47b2-97ce-3aa43dcbcb47: start LeaderElection
2019-11-13 00:18:33,947 [Thread-207] INFO  impl.FollowerState (FollowerState.java:run(111)) - b3d8fb16-6440-47b2-97ce-3aa43dcbcb47@group-532525FBD129-FollowerState: change to CANDIDATE, lastRpcTime:5194ms, electionTimeout:5194ms
2019-11-13 00:18:33,947 [Thread-207] INFO  impl.RoleInfo (RoleInfo.java:shutdownFollowerState(121)) - b3d8fb16-6440-47b2-97ce-3aa43dcbcb47: shutdown FollowerState
2019-11-13 00:18:33,947 [Thread-207] INFO  impl.RaftServerImpl (RaftServerImpl.java:setRole(173)) - b3d8fb16-6440-47b2-97ce-3aa43dcbcb47@group-532525FBD129: changes role from  FOLLOWER to CANDIDATE at term 0 for changeToCandidate
2019-11-13 00:18:33,947 [Thread-207] INFO  impl.RoleInfo (RoleInfo.java:updateAndGet(143)) - b3d8fb16-6440-47b2-97ce-3aa43dcbcb47: start LeaderElection
2019-11-13 00:18:33,950 [c8dc3d0b-8f4d-49f1-a0ba-66fc0675f2cd@group-B1C379F5934F-LeaderElection2] INFO  impl.LeaderElection (LeaderElection.java:askForVotes(178)) - c8dc3d0b-8f4d-49f1-a0ba-66fc0675f2cd@group-B1C379F5934F-LeaderElection2: begin an election at term 1 for -1: [c8dc3d0b-8f4d-49f1-a0ba-66fc0675f2cd:192.168.69.93:36452, b3d8fb16-6440-47b2-97ce-3aa43dcbcb47:192.168.69.93:35320, c7ec1e8a-5c22-4467-ad32-59becfa95183:192.168.69.93:40725], old=null
2019-11-13 00:18:33,950 [b3d8fb16-6440-47b2-97ce-3aa43dcbcb47@group-B1C379F5934F-LeaderElection3] INFO  impl.LeaderElection (LeaderElection.java:askForVotes(178)) - b3d8fb16-6440-47b2-97ce-3aa43dcbcb47@group-B1C379F5934F-LeaderElection3: begin an election at term 1 for -1: [c8dc3d0b-8f4d-49f1-a0ba-66fc0675f2cd:192.168.69.93:36452, b3d8fb16-6440-47b2-97ce-3aa43dcbcb47:192.168.69.93:35320, c7ec1e8a-5c22-4467-ad32-59becfa95183:192.168.69.93:40725], old=null
2019-11-13 00:18:33,977 [b3d8fb16-6440-47b2-97ce-3aa43dcbcb47@group-532525FBD129-LeaderElection4] INFO  impl.LeaderElection (LeaderElection.java:askForVotes(178)) - b3d8fb16-6440-47b2-97ce-3aa43dcbcb47@group-532525FBD129-LeaderElection4: begin an election at term 1 for -1: [b3d8fb16-6440-47b2-97ce-3aa43dcbcb47:192.168.69.93:35320], old=null
2019-11-13 00:18:33,977 [grpc-default-executor-2] INFO  impl.RaftServerImpl (RaftServerImpl.java:setRole(173)) - c7ec1e8a-5c22-4467-ad32-59becfa95183@group-B1C379F5934F: changes role from  FOLLOWER to FOLLOWER at term 1 for recognizeCandidate:c8dc3d0b-8f4d-49f1-a0ba-66fc0675f2cd
2019-11-13 00:18:33,977 [b3d8fb16-6440-47b2-97ce-3aa43dcbcb47@group-532525FBD129-LeaderElection4] INFO  impl.RoleInfo (RoleInfo.java:shutdownLeaderElection(134)) - b3d8fb16-6440-47b2-97ce-3aa43dcbcb47: shutdown LeaderElection
2019-11-13 00:18:33,977 [grpc-default-executor-2] INFO  impl.RoleInfo (RoleInfo.java:shutdownFollowerState(121)) - c7ec1e8a-5c22-4467-ad32-59becfa95183: shutdown FollowerState
2019-11-13 00:18:33,977 [b3d8fb16-6440-47b2-97ce-3aa43dcbcb47@group-532525FBD129-LeaderElection4] INFO  impl.RaftServerImpl (RaftServerImpl.java:setRole(173)) - b3d8fb16-6440-47b2-97ce-3aa43dcbcb47@group-532525FBD129: changes role from CANDIDATE to LEADER at term 1 for changeToLeader
2019-11-13 00:18:33,977 [b3d8fb16-6440-47b2-97ce-3aa43dcbcb47@group-532525FBD129-LeaderElection4] INFO  ratis.XceiverServerRatis (XceiverServerRatis.java:handleLeaderChangedNotification(697)) - Leader change notification received for group: group-532525FBD129 with new leaderId: b3d8fb16-6440-47b2-97ce-3aa43dcbcb47
2019-11-13 00:18:33,977 [grpc-default-executor-2] INFO  impl.RoleInfo (RoleInfo.java:updateAndGet(143)) - c7ec1e8a-5c22-4467-ad32-59becfa95183: start FollowerState
2019-11-13 00:18:33,977 [Thread-210] INFO  impl.FollowerState (FollowerState.java:run(120)) - c7ec1e8a-5c22-4467-ad32-59becfa95183@group-B1C379F5934F-FollowerState was interrupted: java.lang.InterruptedException: sleep interrupted
2019-11-13 00:18:33,978 [b3d8fb16-6440-47b2-97ce-3aa43dcbcb47@group-532525FBD129-LeaderElection4] INFO  impl.RaftServerImpl (ServerState.java:setLeader(255)) - b3d8fb16-6440-47b2-97ce-3aa43dcbcb47@group-532525FBD129: change Leader from null to b3d8fb16-6440-47b2-97ce-3aa43dcbcb47 at term 1 for becomeLeader, leader elected after 5234ms
2019-11-13 00:18:33,980 [b3d8fb16-6440-47b2-97ce-3aa43dcbcb47@group-532525FBD129-LeaderElection4] INFO  server.RaftServerConfigKeys (ConfUtils.java:logGet(43)) - raft.server.staging.catchup.gap = 1000 (default)
2019-11-13 00:18:33,980 [b3d8fb16-6440-47b2-97ce-3aa43dcbcb47@group-532525FBD129-LeaderElection4] INFO  server.RaftServerConfigKeys (ConfUtils.java:logGet(43)) - raft.server.rpc.sleep.time = 25ms (default)
2019-11-13 00:18:33,980 [b3d8fb16-6440-47b2-97ce-3aa43dcbcb47@group-532525FBD129-LeaderElection4] INFO  server.RaftServerConfigKeys (ConfUtils.java:logGet(43)) - raft.server.write.element-limit = 4096 (default)
2019-11-13 00:18:33,980 [b3d8fb16-6440-47b2-97ce-3aa43dcbcb47@group-532525FBD129-LeaderElection4] INFO  server.RaftServerConfigKeys (ConfUtils.java:logGet(43)) - raft.server.watch.timeout = 10s (default)
2019-11-13 00:18:33,980 [b3d8fb16-6440-47b2-97ce-3aa43dcbcb47@group-532525FBD129-LeaderElection4] INFO  server.RaftServerConfigKeys (ConfUtils.java:logGet(43)) - raft.server.watch.timeout.denomination = 1s (default)
2019-11-13 00:18:33,981 [b3d8fb16-6440-47b2-97ce-3aa43dcbcb47@group-532525FBD129-LeaderElection4] INFO  server.RaftServerConfigKeys (ConfUtils.java:logGet(43)) - raft.server.watch.element-limit = 65536 (default)
2019-11-13 00:18:33,981 [b3d8fb16-6440-47b2-97ce-3aa43dcbcb47@group-532525FBD129-LeaderElection4] INFO  impl.RoleInfo (RoleInfo.java:updateAndGet(143)) - b3d8fb16-6440-47b2-97ce-3aa43dcbcb47: start LeaderState
2019-11-13 00:18:33,982 [b3d8fb16-6440-47b2-97ce-3aa43dcbcb47@group-532525FBD129-LeaderElection4] INFO  segmented.SegmentedRaftLogWorker (SegmentedRaftLogWorker.java:startLogSegment(385)) - b3d8fb16-6440-47b2-97ce-3aa43dcbcb47@group-532525FBD129-SegmentedRaftLogWorker: Starting segment from index:0
2019-11-13 00:18:33,985 [EventQueue-PipelineReportForPipelineReportHandler] INFO  pipeline.PipelineStateManager (PipelineStateManager.java:openPipeline(134)) - Pipeline Pipeline[ Id: 2a71e43f-7a8d-4efe-ab25-532525fbd129, Nodes: b3d8fb16-6440-47b2-97ce-3aa43dcbcb47{ip: 192.168.69.93, host: pr-hdds-2105-428fw-2136415640, networkLocation: /default-rack, certSerialId: null}, Type:RATIS, Factor:ONE, State:OPEN] moved to OPEN state
2019-11-13 00:18:33,985 [b3d8fb16-6440-47b2-97ce-3aa43dcbcb47@group-532525FBD129-LeaderElection4] INFO  impl.RaftServerImpl (ServerState.java:setRaftConf(356)) - b3d8fb16-6440-47b2-97ce-3aa43dcbcb47@group-532525FBD129: set configuration 0: [b3d8fb16-6440-47b2-97ce-3aa43dcbcb47:192.168.69.93:35320], old=null at 0
2019-11-13 00:18:34,041 [b3d8fb16-6440-47b2-97ce-3aa43dcbcb47@group-532525FBD129-SegmentedRaftLogWorker] INFO  segmented.SegmentedRaftLogWorker (SegmentedRaftLogWorker.java:execute(576)) - b3d8fb16-6440-47b2-97ce-3aa43dcbcb47@group-532525FBD129-SegmentedRaftLogWorker: created new log segment /workdir/hadoop-ozone/tools/target/test-dir/MiniOzoneClusterImpl-c985667c-5a49-4bf8-9026-25e6eecde886/datanode-1/data/ratis/2a71e43f-7a8d-4efe-ab25-532525fbd129/current/log_inprogress_0
2019-11-13 00:18:34,045 [c8dc3d0b-8f4d-49f1-a0ba-66fc0675f2cd@group-B1C379F5934F-LeaderElection2] INFO  impl.LeaderElection (LeaderElection.java:logAndReturn(56)) - c8dc3d0b-8f4d-49f1-a0ba-66fc0675f2cd@group-B1C379F5934F-LeaderElection2: Election PASSED; received 2 response(s) [c8dc3d0b-8f4d-49f1-a0ba-66fc0675f2cd<-b3d8fb16-6440-47b2-97ce-3aa43dcbcb47#0:FAIL-t1, c8dc3d0b-8f4d-49f1-a0ba-66fc0675f2cd<-c7ec1e8a-5c22-4467-ad32-59becfa95183#0:OK-t1] and 0 exception(s); c8dc3d0b-8f4d-49f1-a0ba-66fc0675f2cd@group-B1C379F5934F:t1, leader=null, voted=c8dc3d0b-8f4d-49f1-a0ba-66fc0675f2cd, raftlog=c8dc3d0b-8f4d-49f1-a0ba-66fc0675f2cd@group-B1C379F5934F-SegmentedRaftLog:OPENED:c-1,f-1,i0, conf=-1: [c8dc3d0b-8f4d-49f1-a0ba-66fc0675f2cd:192.168.69.93:36452, b3d8fb16-6440-47b2-97ce-3aa43dcbcb47:192.168.69.93:35320, c7ec1e8a-5c22-4467-ad32-59becfa95183:192.168.69.93:40725], old=null
2019-11-13 00:18:34,045 [b3d8fb16-6440-47b2-97ce-3aa43dcbcb47@group-B1C379F5934F-LeaderElection3] INFO  impl.LeaderElection (LeaderElection.java:logAndReturn(56)) - b3d8fb16-6440-47b2-97ce-3aa43dcbcb47@group-B1C379F5934F-LeaderElection3: Election REJECTED; received 2 response(s) [b3d8fb16-6440-47b2-97ce-3aa43dcbcb47<-c8dc3d0b-8f4d-49f1-a0ba-66fc0675f2cd#0:FAIL-t1, b3d8fb16-6440-47b2-97ce-3aa43dcbcb47<-c7ec1e8a-5c22-4467-ad32-59becfa95183#0:FAIL-t1] and 0 exception(s); b3d8fb16-6440-47b2-97ce-3aa43dcbcb47@group-B1C379F5934F:t1, leader=null, voted=b3d8fb16-6440-47b2-97ce-3aa43dcbcb47, raftlog=b3d8fb16-6440-47b2-97ce-3aa43dcbcb47@group-B1C379F5934F-SegmentedRaftLog:OPENED:c-1,f-1,i0, conf=-1: [c8dc3d0b-8f4d-49f1-a0ba-66fc0675f2cd:192.168.69.93:36452, b3d8fb16-6440-47b2-97ce-3aa43dcbcb47:192.168.69.93:35320, c7ec1e8a-5c22-4467-ad32-59becfa95183:192.168.69.93:40725], old=null
2019-11-13 00:18:34,045 [c8dc3d0b-8f4d-49f1-a0ba-66fc0675f2cd@group-B1C379F5934F-LeaderElection2] INFO  impl.RoleInfo (RoleInfo.java:shutdownLeaderElection(134)) - c8dc3d0b-8f4d-49f1-a0ba-66fc0675f2cd: shutdown LeaderElection
2019-11-13 00:18:34,046 [b3d8fb16-6440-47b2-97ce-3aa43dcbcb47@group-B1C379F5934F-LeaderElection3] INFO  impl.RaftServerImpl (RaftServerImpl.java:setRole(173)) - b3d8fb16-6440-47b2-97ce-3aa43dcbcb47@group-B1C379F5934F: changes role from CANDIDATE to FOLLOWER at term 1 for DISCOVERED_A_NEW_TERM
2019-11-13 00:18:34,047 [c8dc3d0b-8f4d-49f1-a0ba-66fc0675f2cd@group-B1C379F5934F-LeaderElection2] INFO  impl.RaftServerImpl (RaftServerImpl.java:setRole(173)) - c8dc3d0b-8f4d-49f1-a0ba-66fc0675f2cd@group-B1C379F5934F: changes role from CANDIDATE to LEADER at term 1 for changeToLeader
2019-11-13 00:18:34,047 [b3d8fb16-6440-47b2-97ce-3aa43dcbcb47@group-B1C379F5934F-LeaderElection3] INFO  impl.RoleInfo (RoleInfo.java:shutdownLeaderElection(134)) - b3d8fb16-6440-47b2-97ce-3aa43dcbcb47: shutdown LeaderElection
2019-11-13 00:18:34,049 [c8dc3d0b-8f4d-49f1-a0ba-66fc0675f2cd@group-B1C379F5934F-LeaderElection2] INFO  ratis.XceiverServerRatis (XceiverServerRatis.java:handleLeaderChangedNotification(697)) - Leader change notification received for group: group-B1C379F5934F with new leaderId: c8dc3d0b-8f4d-49f1-a0ba-66fc0675f2cd
2019-11-13 00:18:34,051 [b3d8fb16-6440-47b2-97ce-3aa43dcbcb47@group-B1C379F5934F-LeaderElection3] INFO  impl.RoleInfo (RoleInfo.java:updateAndGet(143)) - b3d8fb16-6440-47b2-97ce-3aa43dcbcb47: start FollowerState
2019-11-13 00:18:34,051 [c8dc3d0b-8f4d-49f1-a0ba-66fc0675f2cd@group-B1C379F5934F-LeaderElection2] INFO  impl.RaftServerImpl (ServerState.java:setLeader(255)) - c8dc3d0b-8f4d-49f1-a0ba-66fc0675f2cd@group-B1C379F5934F: change Leader from null to c8dc3d0b-8f4d-49f1-a0ba-66fc0675f2cd at term 1 for becomeLeader, leader elected after 5212ms
2019-11-13 00:18:34,052 [c8dc3d0b-8f4d-49f1-a0ba-66fc0675f2cd@group-B1C379F5934F-LeaderElection2] INFO  server.RaftServerConfigKeys (ConfUtils.java:logGet(43)) - raft.server.staging.catchup.gap = 1000 (default)
2019-11-13 00:18:34,053 [c8dc3d0b-8f4d-49f1-a0ba-66fc0675f2cd@group-B1C379F5934F-LeaderElection2] INFO  server.RaftServerConfigKeys (ConfUtils.java:logGet(43)) - raft.server.rpc.sleep.time = 25ms (default)
2019-11-13 00:18:34,053 [c8dc3d0b-8f4d-49f1-a0ba-66fc0675f2cd@group-B1C379F5934F-LeaderElection2] INFO  server.RaftServerConfigKeys (ConfUtils.java:logGet(43)) - raft.server.write.element-limit = 4096 (default)
2019-11-13 00:18:34,053 [c8dc3d0b-8f4d-49f1-a0ba-66fc0675f2cd@group-B1C379F5934F-LeaderElection2] INFO  server.RaftServerConfigKeys (ConfUtils.java:logGet(43)) - raft.server.watch.timeout = 10s (default)
2019-11-13 00:18:34,053 [c8dc3d0b-8f4d-49f1-a0ba-66fc0675f2cd@group-B1C379F5934F-LeaderElection2] INFO  server.RaftServerConfigKeys (ConfUtils.java:logGet(43)) - raft.server.watch.timeout.denomination = 1s (default)
2019-11-13 00:18:34,053 [c8dc3d0b-8f4d-49f1-a0ba-66fc0675f2cd@group-B1C379F5934F-LeaderElection2] INFO  server.RaftServerConfigKeys (ConfUtils.java:logGet(43)) - raft.server.watch.element-limit = 65536 (default)
2019-11-13 00:18:34,055 [EventQueue-PipelineReportForPipelineReportHandler] INFO  pipeline.PipelineStateManager (PipelineStateManager.java:openPipeline(134)) - Pipeline Pipeline[ Id: 467da50f-943a-4a88-95dd-b1c379f5934f, Nodes: c8dc3d0b-8f4d-49f1-a0ba-66fc0675f2cd{ip: 192.168.69.93, host: pr-hdds-2105-428fw-2136415640, networkLocation: /default-rack, certSerialId: null}c7ec1e8a-5c22-4467-ad32-59becfa95183{ip: 192.168.69.93, host: pr-hdds-2105-428fw-2136415640, networkLocation: /default-rack, certSerialId: null}b3d8fb16-6440-47b2-97ce-3aa43dcbcb47{ip: 192.168.69.93, host: pr-hdds-2105-428fw-2136415640, networkLocation: /default-rack, certSerialId: null}, Type:RATIS, Factor:THREE, State:OPEN] moved to OPEN state
2019-11-13 00:18:34,057 [c8dc3d0b-8f4d-49f1-a0ba-66fc0675f2cd@group-B1C379F5934F-LeaderElection2] INFO  server.RaftServerConfigKeys (ConfUtils.java:logGet(43)) - raft.server.log.appender.snapshot.chunk.size.max = 16MB (=16777216) (default)
2019-11-13 00:18:34,057 [c8dc3d0b-8f4d-49f1-a0ba-66fc0675f2cd@group-B1C379F5934F-LeaderElection2] INFO  server.RaftServerConfigKeys (ConfUtils.java:logGet(43)) - raft.server.log.appender.buffer.byte-limit = 33554432 (custom)
2019-11-13 00:18:34,058 [c8dc3d0b-8f4d-49f1-a0ba-66fc0675f2cd@group-B1C379F5934F-LeaderElection2] INFO  server.RaftServerConfigKeys (ConfUtils.java:logGet(43)) - raft.server.log.appender.buffer.element-limit = 1 (custom)
2019-11-13 00:18:34,061 [c8dc3d0b-8f4d-49f1-a0ba-66fc0675f2cd@group-B1C379F5934F-LeaderElection2] INFO  grpc.GrpcConfigKeys$Server (ConfUtils.java:logGet(43)) - raft.grpc.server.leader.outstanding.appends.max = 128 (default)
2019-11-13 00:18:34,061 [c8dc3d0b-8f4d-49f1-a0ba-66fc0675f2cd@group-B1C379F5934F-LeaderElection2] INFO  server.RaftServerConfigKeys (ConfUtils.java:logGet(43)) - raft.server.rpc.request.timeout = 3000ms (default)
2019-11-13 00:18:34,061 [c8dc3d0b-8f4d-49f1-a0ba-66fc0675f2cd@group-B1C379F5934F-LeaderElection2] INFO  server.RaftServerConfigKeys (ConfUtils.java:logGet(43)) - raft.server.log.appender.install.snapshot.enabled = false (custom)
2019-11-13 00:18:34,063 [c8dc3d0b-8f4d-49f1-a0ba-66fc0675f2cd@group-B1C379F5934F-LeaderElection2] WARN  impl.MetricRegistriesImpl (MetricRegistriesImpl.java:lambda$create$1(61)) - First MetricRegistry has been created without registering reporters. You may need to call MetricRegistries.global().addReportRegistration(...) before.
2019-11-13 00:18:34,064 [c8dc3d0b-8f4d-49f1-a0ba-66fc0675f2cd@group-B1C379F5934F-LeaderElection2] INFO  server.RaftServerConfigKeys (ConfUtils.java:logGet(43)) - raft.server.log.appender.snapshot.chunk.size.max = 16MB (=16777216) (default)
2019-11-13 00:18:34,064 [c8dc3d0b-8f4d-49f1-a0ba-66fc0675f2cd@group-B1C379F5934F-LeaderElection2] INFO  server.RaftServerConfigKeys (ConfUtils.java:logGet(43)) - raft.server.log.appender.buffer.byte-limit = 33554432 (custom)
2019-11-13 00:18:34,064 [c8dc3d0b-8f4d-49f1-a0ba-66fc0675f2cd@group-B1C379F5934F-LeaderElection2] INFO  server.RaftServerConfigKeys (ConfUtils.java:logGet(43)) - raft.server.log.appender.buffer.element-limit = 1 (custom)
2019-11-13 00:18:34,064 [c8dc3d0b-8f4d-49f1-a0ba-66fc0675f2cd@group-B1C379F5934F-LeaderElection2] INFO  grpc.GrpcConfigKeys$Server (ConfUtils.java:logGet(43)) - raft.grpc.server.leader.outstanding.appends.max = 128 (default)
2019-11-13 00:18:34,064 [c8dc3d0b-8f4d-49f1-a0ba-66fc0675f2cd@group-B1C379F5934F-LeaderElection2] INFO  server.RaftServerConfigKeys (ConfUtils.java:logGet(43)) - raft.server.rpc.request.timeout = 3000ms (default)
2019-11-13 00:18:34,065 [c8dc3d0b-8f4d-49f1-a0ba-66fc0675f2cd@group-B1C379F5934F-LeaderElection2] INFO  server.RaftServerConfigKeys (ConfUtils.java:logGet(43)) - raft.server.log.appender.install.snapshot.enabled = false (custom)
2019-11-13 00:18:34,068 [c8dc3d0b-8f4d-49f1-a0ba-66fc0675f2cd@group-B1C379F5934F-LeaderElection2] INFO  impl.RoleInfo (RoleInfo.java:updateAndGet(143)) - c8dc3d0b-8f4d-49f1-a0ba-66fc0675f2cd: start LeaderState
2019-11-13 00:18:34,068 [c8dc3d0b-8f4d-49f1-a0ba-66fc0675f2cd@group-B1C379F5934F-LeaderElection2] INFO  segmented.SegmentedRaftLogWorker (SegmentedRaftLogWorker.java:startLogSegment(385)) - c8dc3d0b-8f4d-49f1-a0ba-66fc0675f2cd@group-B1C379F5934F-SegmentedRaftLogWorker: Starting segment from index:0
2019-11-13 00:18:34,069 [c8dc3d0b-8f4d-49f1-a0ba-66fc0675f2cd@group-B1C379F5934F-LeaderElection2] INFO  impl.RaftServerImpl (ServerState.java:setRaftConf(356)) - c8dc3d0b-8f4d-49f1-a0ba-66fc0675f2cd@group-B1C379F5934F: set configuration 0: [c8dc3d0b-8f4d-49f1-a0ba-66fc0675f2cd:192.168.69.93:36452, b3d8fb16-6440-47b2-97ce-3aa43dcbcb47:192.168.69.93:35320, c7ec1e8a-5c22-4467-ad32-59becfa95183:192.168.69.93:40725], old=null at 0
2019-11-13 00:18:34,126 [c8dc3d0b-8f4d-49f1-a0ba-66fc0675f2cd@group-B1C379F5934F-SegmentedRaftLogWorker] INFO  segmented.SegmentedRaftLogWorker (SegmentedRaftLogWorker.java:execute(576)) - c8dc3d0b-8f4d-49f1-a0ba-66fc0675f2cd@group-B1C379F5934F-SegmentedRaftLogWorker: created new log segment /workdir/hadoop-ozone/tools/target/test-dir/MiniOzoneClusterImpl-c985667c-5a49-4bf8-9026-25e6eecde886/datanode-0/data/ratis/467da50f-943a-4a88-95dd-b1c379f5934f/current/log_inprogress_0
2019-11-13 00:18:34,131 [grpc-default-executor-3] INFO  ratis.XceiverServerRatis (XceiverServerRatis.java:handleLeaderChangedNotification(697)) - Leader change notification received for group: group-B1C379F5934F with new leaderId: c8dc3d0b-8f4d-49f1-a0ba-66fc0675f2cd
2019-11-13 00:18:34,131 [grpc-default-executor-2] INFO  ratis.XceiverServerRatis (XceiverServerRatis.java:handleLeaderChangedNotification(697)) - Leader change notification received for group: group-B1C379F5934F with new leaderId: c8dc3d0b-8f4d-49f1-a0ba-66fc0675f2cd
2019-11-13 00:18:34,131 [grpc-default-executor-3] INFO  impl.RaftServerImpl (ServerState.java:setLeader(255)) - c7ec1e8a-5c22-4467-ad32-59becfa95183@group-B1C379F5934F: change Leader from null to c8dc3d0b-8f4d-49f1-a0ba-66fc0675f2cd at term 1 for appendEntries, leader elected after 5294ms
2019-11-13 00:18:34,131 [grpc-default-executor-2] INFO  impl.RaftServerImpl (ServerState.java:setLeader(255)) - b3d8fb16-6440-47b2-97ce-3aa43dcbcb47@group-B1C379F5934F: change Leader from null to c8dc3d0b-8f4d-49f1-a0ba-66fc0675f2cd at term 1 for appendEntries, leader elected after 5295ms
2019-11-13 00:18:34,135 [Thread-220] INFO  impl.FollowerState (FollowerState.java:run(111)) - c8dc3d0b-8f4d-49f1-a0ba-66fc0675f2cd@group-866323609F7E-FollowerState: change to CANDIDATE, lastRpcTime:5166ms, electionTimeout:5166ms
2019-11-13 00:18:34,135 [Thread-220] INFO  impl.RoleInfo (RoleInfo.java:shutdownFollowerState(121)) - c8dc3d0b-8f4d-49f1-a0ba-66fc0675f2cd: shutdown FollowerState
2019-11-13 00:18:34,135 [Thread-220] INFO  impl.RaftServerImpl (RaftServerImpl.java:setRole(173)) - c8dc3d0b-8f4d-49f1-a0ba-66fc0675f2cd@group-866323609F7E: changes role from  FOLLOWER to CANDIDATE at term 0 for changeToCandidate
2019-11-13 00:18:34,135 [Thread-220] INFO  impl.RoleInfo (RoleInfo.java:updateAndGet(143)) - c8dc3d0b-8f4d-49f1-a0ba-66fc0675f2cd: start LeaderElection
2019-11-13 00:18:34,163 [grpc-default-executor-3] INFO  impl.RaftServerImpl (ServerState.java:setRaftConf(356)) - c7ec1e8a-5c22-4467-ad32-59becfa95183@group-B1C379F5934F: set configuration 0: [c8dc3d0b-8f4d-49f1-a0ba-66fc0675f2cd:192.168.69.93:36452, b3d8fb16-6440-47b2-97ce-3aa43dcbcb47:192.168.69.93:35320, c7ec1e8a-5c22-4467-ad32-59becfa95183:192.168.69.93:40725], old=null at 0
2019-11-13 00:18:34,163 [grpc-default-executor-2] INFO  impl.RaftServerImpl (ServerState.java:setRaftConf(356)) - b3d8fb16-6440-47b2-97ce-3aa43dcbcb47@group-B1C379F5934F: set configuration 0: [c8dc3d0b-8f4d-49f1-a0ba-66fc0675f2cd:192.168.69.93:36452, b3d8fb16-6440-47b2-97ce-3aa43dcbcb47:192.168.69.93:35320, c7ec1e8a-5c22-4467-ad32-59becfa95183:192.168.69.93:40725], old=null at 0
2019-11-13 00:18:34,163 [grpc-default-executor-3] INFO  segmented.SegmentedRaftLogWorker (SegmentedRaftLogWorker.java:startLogSegment(385)) - c7ec1e8a-5c22-4467-ad32-59becfa95183@group-B1C379F5934F-SegmentedRaftLogWorker: Starting segment from index:0
2019-11-13 00:18:34,164 [grpc-default-executor-2] INFO  segmented.SegmentedRaftLogWorker (SegmentedRaftLogWorker.java:startLogSegment(385)) - b3d8fb16-6440-47b2-97ce-3aa43dcbcb47@group-B1C379F5934F-SegmentedRaftLogWorker: Starting segment from index:0
2019-11-13 00:18:34,170 [c8dc3d0b-8f4d-49f1-a0ba-66fc0675f2cd@group-866323609F7E-LeaderElection5] INFO  impl.LeaderElection (LeaderElection.java:askForVotes(178)) - c8dc3d0b-8f4d-49f1-a0ba-66fc0675f2cd@group-866323609F7E-LeaderElection5: begin an election at term 1 for -1: [c8dc3d0b-8f4d-49f1-a0ba-66fc0675f2cd:192.168.69.93:36452], old=null
2019-11-13 00:18:34,170 [c8dc3d0b-8f4d-49f1-a0ba-66fc0675f2cd@group-866323609F7E-LeaderElection5] INFO  impl.RoleInfo (RoleInfo.java:shutdownLeaderElection(134)) - c8dc3d0b-8f4d-49f1-a0ba-66fc0675f2cd: shutdown LeaderElection
2019-11-13 00:18:34,170 [c8dc3d0b-8f4d-49f1-a0ba-66fc0675f2cd@group-866323609F7E-LeaderElection5] INFO  impl.RaftServerImpl (RaftServerImpl.java:setRole(173)) - c8dc3d0b-8f4d-49f1-a0ba-66fc0675f2cd@group-866323609F7E: changes role from CANDIDATE to LEADER at term 1 for changeToLeader
2019-11-13 00:18:34,170 [c8dc3d0b-8f4d-49f1-a0ba-66fc0675f2cd@group-866323609F7E-LeaderElection5] INFO  ratis.XceiverServerRatis (XceiverServerRatis.java:handleLeaderChangedNotification(697)) - Leader change notification received for group: group-866323609F7E with new leaderId: c8dc3d0b-8f4d-49f1-a0ba-66fc0675f2cd
2019-11-13 00:18:34,170 [c8dc3d0b-8f4d-49f1-a0ba-66fc0675f2cd@group-866323609F7E-LeaderElection5] INFO  impl.RaftServerImpl (ServerState.java:setLeader(255)) - c8dc3d0b-8f4d-49f1-a0ba-66fc0675f2cd@group-866323609F7E: change Leader from null to c8dc3d0b-8f4d-49f1-a0ba-66fc0675f2cd at term 1 for becomeLeader, leader elected after 5208ms
2019-11-13 00:18:34,171 [c8dc3d0b-8f4d-49f1-a0ba-66fc0675f2cd@group-866323609F7E-LeaderElection5] INFO  server.RaftServerConfigKeys (ConfUtils.java:logGet(43)) - raft.server.staging.catchup.gap = 1000 (default)
2019-11-13 00:18:34,171 [c8dc3d0b-8f4d-49f1-a0ba-66fc0675f2cd@group-866323609F7E-LeaderElection5] INFO  server.RaftServerConfigKeys (ConfUtils.java:logGet(43)) - raft.server.rpc.sleep.time = 25ms (default)
2019-11-13 00:18:34,171 [c8dc3d0b-8f4d-49f1-a0ba-66fc0675f2cd@group-866323609F7E-LeaderElection5] INFO  server.RaftServerConfigKeys (ConfUtils.java:logGet(43)) - raft.server.write.element-limit = 4096 (default)
2019-11-13 00:18:34,208 [c8dc3d0b-8f4d-49f1-a0ba-66fc0675f2cd@group-866323609F7E-LeaderElection5] INFO  server.RaftServerConfigKeys (ConfUtils.java:logGet(43)) - raft.server.watch.timeout = 10s (default)
2019-11-13 00:18:34,209 [c8dc3d0b-8f4d-49f1-a0ba-66fc0675f2cd@group-866323609F7E-LeaderElection5] INFO  server.RaftServerConfigKeys (ConfUtils.java:logGet(43)) - raft.server.watch.timeout.denomination = 1s (default)
2019-11-13 00:18:34,209 [c8dc3d0b-8f4d-49f1-a0ba-66fc0675f2cd@group-866323609F7E-LeaderElection5] INFO  server.RaftServerConfigKeys (ConfUtils.java:logGet(43)) - raft.server.watch.element-limit = 65536 (default)
2019-11-13 00:18:34,209 [c8dc3d0b-8f4d-49f1-a0ba-66fc0675f2cd@group-866323609F7E-LeaderElection5] INFO  impl.RoleInfo (RoleInfo.java:updateAndGet(143)) - c8dc3d0b-8f4d-49f1-a0ba-66fc0675f2cd: start LeaderState
2019-11-13 00:18:34,209 [EventQueue-PipelineReportForPipelineReportHandler] INFO  pipeline.PipelineStateManager (PipelineStateManager.java:openPipeline(134)) - Pipeline Pipeline[ Id: b26c1e78-03f4-4ecf-879a-866323609f7e, Nodes: c8dc3d0b-8f4d-49f1-a0ba-66fc0675f2cd{ip: 192.168.69.93, host: pr-hdds-2105-428fw-2136415640, networkLocation: /default-rack, certSerialId: null}, Type:RATIS, Factor:ONE, State:OPEN] moved to OPEN state
2019-11-13 00:18:34,210 [c8dc3d0b-8f4d-49f1-a0ba-66fc0675f2cd@group-866323609F7E-LeaderElection5] INFO  segmented.SegmentedRaftLogWorker (SegmentedRaftLogWorker.java:startLogSegment(385)) - c8dc3d0b-8f4d-49f1-a0ba-66fc0675f2cd@group-866323609F7E-SegmentedRaftLogWorker: Starting segment from index:0
2019-11-13 00:18:34,211 [c8dc3d0b-8f4d-49f1-a0ba-66fc0675f2cd@group-866323609F7E-LeaderElection5] INFO  impl.RaftServerImpl (ServerState.java:setRaftConf(356)) - c8dc3d0b-8f4d-49f1-a0ba-66fc0675f2cd@group-866323609F7E: set configuration 0: [c8dc3d0b-8f4d-49f1-a0ba-66fc0675f2cd:192.168.69.93:36452], old=null at 0
2019-11-13 00:18:34,248 [c7ec1e8a-5c22-4467-ad32-59becfa95183@group-B1C379F5934F-SegmentedRaftLogWorker] INFO  segmented.SegmentedRaftLogWorker (SegmentedRaftLogWorker.java:execute(576)) - c7ec1e8a-5c22-4467-ad32-59becfa95183@group-B1C379F5934F-SegmentedRaftLogWorker: created new log segment /workdir/hadoop-ozone/tools/target/test-dir/MiniOzoneClusterImpl-c985667c-5a49-4bf8-9026-25e6eecde886/datanode-2/data/ratis/467da50f-943a-4a88-95dd-b1c379f5934f/current/log_inprogress_0
2019-11-13 00:18:34,248 [b3d8fb16-6440-47b2-97ce-3aa43dcbcb47@group-B1C379F5934F-SegmentedRaftLogWorker] INFO  segmented.SegmentedRaftLogWorker (SegmentedRaftLogWorker.java:execute(576)) - b3d8fb16-6440-47b2-97ce-3aa43dcbcb47@group-B1C379F5934F-SegmentedRaftLogWorker: created new log segment /workdir/hadoop-ozone/tools/target/test-dir/MiniOzoneClusterImpl-c985667c-5a49-4bf8-9026-25e6eecde886/datanode-1/data/ratis/467da50f-943a-4a88-95dd-b1c379f5934f/current/log_inprogress_0
2019-11-13 00:18:34,274 [c8dc3d0b-8f4d-49f1-a0ba-66fc0675f2cd@group-866323609F7E-SegmentedRaftLogWorker] INFO  segmented.SegmentedRaftLogWorker (SegmentedRaftLogWorker.java:execute(576)) - c8dc3d0b-8f4d-49f1-a0ba-66fc0675f2cd@group-866323609F7E-SegmentedRaftLogWorker: created new log segment /workdir/hadoop-ozone/tools/target/test-dir/MiniOzoneClusterImpl-c985667c-5a49-4bf8-9026-25e6eecde886/datanode-0/data/ratis/b26c1e78-03f4-4ecf-879a-866323609f7e/current/log_inprogress_0
2019-11-13 00:18:34,644 [main] INFO  ozone.MiniOzoneClusterImpl (MiniOzoneClusterImpl.java:lambda$waitForClusterToBeReady$2(171)) - Cluster is ready. Got 3 of 3 DN Heartbeats.
2019-11-13 00:18:35,537 [main] INFO  freon.RandomKeyGenerator (RandomKeyGenerator.java:call(283)) - Number of Threads: 10
2019-11-13 00:18:35,538 [main] INFO  freon.RandomKeyGenerator (RandomKeyGenerator.java:call(288)) - Number of Volumes: 1.
2019-11-13 00:18:35,538 [main] INFO  freon.RandomKeyGenerator (RandomKeyGenerator.java:call(289)) - Number of Buckets per Volume: 1.
2019-11-13 00:18:35,538 [main] INFO  freon.RandomKeyGenerator (RandomKeyGenerator.java:call(290)) - Number of Keys per Bucket: 1.
2019-11-13 00:18:35,538 [main] INFO  freon.RandomKeyGenerator (RandomKeyGenerator.java:call(291)) - Key size: 20971520 bytes
2019-11-13 00:18:35,538 [main] INFO  freon.RandomKeyGenerator (RandomKeyGenerator.java:call(292)) - Buffer size: 4096 bytes
2019-11-13 00:18:35,538 [main] INFO  freon.RandomKeyGenerator (RandomKeyGenerator.java:call(293)) - validateWrites : true
2019-11-13 00:18:35,542 [main] INFO  freon.RandomKeyGenerator (RandomKeyGenerator.java:call(307)) - Data validation is enabled.
2019-11-13 00:18:35,544 [main] INFO  freon.RandomKeyGenerator (RandomKeyGenerator.java:call(313)) - Starting progress bar Thread.

 0.00% |?                                                                                                    |  0/1 Time: 0:00:002019-11-13 00:18:35,570 [pool-53-thread-1] INFO  rpc.RpcClient (RpcClient.java:createVolume(292)) - Creating Volume: vol-0-92013, with jenkins1000 as owner.
2019-11-13 00:18:35,669 [IPC Server handler 1 on 43128] INFO  volume.OMVolumeCreateRequest (OMVolumeCreateRequest.java:validateAndUpdateCache(193)) - created volume:vol-0-92013 for user:jenkins1000
2019-11-13 00:18:35,736 [pool-53-thread-2] INFO  rpc.RpcClient (RpcClient.java:createBucket(431)) - Creating Bucket: vol-0-92013/bucket-0-21396, with Versioning false and Storage Type set to DISK and Encryption set to false 
2019-11-13 00:18:35,939 [pool-53-thread-3] INFO  impl.MetricsSystemImpl (MetricsSystemImpl.java:init(158)) - XceiverClientMetrics metrics system started (again)
 0.00% |?                                                                                                    |  0/1 Time: 0:00:01 0.00% |?                                                                                                    |  0/1 Time: 0:00:02 0.00% |?                                                                                                    |  0/1 Time: 0:00:03 0.00% |?                                                                                                    |  0/1 Time: 0:00:04 0.00% |?                                                                                                    |  0/1 Time: 0:00:05 100.00% |?????????????????????????????????????????????????????????????????????????????????????????????????????|  1/1 Time: 0:00:06
2019-11-13 00:18:46,256 [main] INFO  pipeline.SCMPipelineManager (SCMPipelineManager.java:finalizeAndDestroyPipeline(315)) - destroying pipeline:Pipeline[ Id: 467da50f-943a-4a88-95dd-b1c379f5934f, Nodes: c8dc3d0b-8f4d-49f1-a0ba-66fc0675f2cd{ip: 192.168.69.93, host: pr-hdds-2105-428fw-2136415640, networkLocation: /default-rack, certSerialId: null}c7ec1e8a-5c22-4467-ad32-59becfa95183{ip: 192.168.69.93, host: pr-hdds-2105-428fw-2136415640, networkLocation: /default-rack, certSerialId: null}b3d8fb16-6440-47b2-97ce-3aa43dcbcb47{ip: 192.168.69.93, host: pr-hdds-2105-428fw-2136415640, networkLocation: /default-rack, certSerialId: null}, Type:RATIS, Factor:THREE, State:OPEN]
2019-11-13 00:18:46,258 [main] INFO  pipeline.PipelineStateManager (PipelineStateManager.java:finalizePipeline(121)) - Pipeline Pipeline[ Id: 467da50f-943a-4a88-95dd-b1c379f5934f, Nodes: c8dc3d0b-8f4d-49f1-a0ba-66fc0675f2cd{ip: 192.168.69.93, host: pr-hdds-2105-428fw-2136415640, networkLocation: /default-rack, certSerialId: null}c7ec1e8a-5c22-4467-ad32-59becfa95183{ip: 192.168.69.93, host: pr-hdds-2105-428fw-2136415640, networkLocation: /default-rack, certSerialId: null}b3d8fb16-6440-47b2-97ce-3aa43dcbcb47{ip: 192.168.69.93, host: pr-hdds-2105-428fw-2136415640, networkLocation: /default-rack, certSerialId: null}, Type:RATIS, Factor:THREE, State:CLOSED] moved to CLOSED state
2019-11-13 00:18:46,259 [EventQueue-CloseContainerForCloseContainerEventHandler] INFO  container.CloseContainerEventHandler (CloseContainerEventHandler.java:onMessage(61)) - Close container Event triggered for container : #1
2019-11-13 00:18:46,266 [EventQueue-CloseContainerForCloseContainerEventHandler] INFO  container.CloseContainerEventHandler (CloseContainerEventHandler.java:onMessage(61)) - Close container Event triggered for container : #2
2019-11-13 00:18:46,272 [grpc-default-executor-2] INFO  impl.RaftServerProxy (RaftServerProxy.java:remove(95)) - c8dc3d0b-8f4d-49f1-a0ba-66fc0675f2cd: remove    LEADER c8dc3d0b-8f4d-49f1-a0ba-66fc0675f2cd@group-B1C379F5934F:t1, leader=c8dc3d0b-8f4d-49f1-a0ba-66fc0675f2cd, voted=c8dc3d0b-8f4d-49f1-a0ba-66fc0675f2cd, raftlog=c8dc3d0b-8f4d-49f1-a0ba-66fc0675f2cd@group-B1C379F5934F-SegmentedRaftLog:OPENED:c78,f78,i78, conf=0: [c8dc3d0b-8f4d-49f1-a0ba-66fc0675f2cd:192.168.69.93:36452, b3d8fb16-6440-47b2-97ce-3aa43dcbcb47:192.168.69.93:35320, c7ec1e8a-5c22-4467-ad32-59becfa95183:192.168.69.93:40725], old=null RUNNING
2019-11-13 00:18:46,273 [grpc-default-executor-2] INFO  impl.RaftServerImpl (RaftServerImpl.java:lambda$shutdown$3(250)) - c8dc3d0b-8f4d-49f1-a0ba-66fc0675f2cd@group-B1C379F5934F: shutdown
2019-11-13 00:18:46,273 [grpc-default-executor-2] INFO  util.JmxRegister (JmxRegister.java:unregister(73)) - Successfully un-registered JMX Bean with object name Ratis:service=RaftServer,group=group-B1C379F5934F,id=c8dc3d0b-8f4d-49f1-a0ba-66fc0675f2cd
2019-11-13 00:18:46,273 [grpc-default-executor-2] INFO  impl.RoleInfo (RoleInfo.java:shutdownLeaderState(104)) - c8dc3d0b-8f4d-49f1-a0ba-66fc0675f2cd: shutdown LeaderState
2019-11-13 00:18:46,276 [EventQueue-CloseContainerForCloseContainerEventHandler] INFO  container.CloseContainerEventHandler (CloseContainerEventHandler.java:onMessage(61)) - Close container Event triggered for container : #3
2019-11-13 00:18:46,277 [org.apache.ratis.server.impl.LogAppender$AppenderDaemon$$Lambda$427/1329437066@70fe197] WARN  server.GrpcLogAppender (GrpcLogAppender.java:mayWait(151)) - c8dc3d0b-8f4d-49f1-a0ba-66fc0675f2cd@group-B1C379F5934F->c7ec1e8a-5c22-4467-ad32-59becfa95183-GrpcLogAppender: Wait interrupted by java.lang.InterruptedException
2019-11-13 00:18:46,278 [grpc-default-executor-2] INFO  impl.PendingRequests (PendingRequests.java:sendNotLeaderResponses(206)) - c8dc3d0b-8f4d-49f1-a0ba-66fc0675f2cd@group-B1C379F5934F-PendingRequests: sendNotLeaderResponses
2019-11-13 00:18:46,277 [org.apache.ratis.server.impl.LogAppender$AppenderDaemon$$Lambda$427/1329437066@31358e0a] WARN  server.GrpcLogAppender (GrpcLogAppender.java:mayWait(151)) - c8dc3d0b-8f4d-49f1-a0ba-66fc0675f2cd@group-B1C379F5934F->b3d8fb16-6440-47b2-97ce-3aa43dcbcb47-GrpcLogAppender: Wait interrupted by java.lang.InterruptedException
2019-11-13 00:18:46,283 [grpc-default-executor-2] INFO  impl.StateMachineUpdater (StateMachineUpdater.java:stopAndJoin(136)) - c8dc3d0b-8f4d-49f1-a0ba-66fc0675f2cd@group-B1C379F5934F-StateMachineUpdater: set stopIndex = 78
2019-11-13 00:18:46,283 [grpc-default-executor-0] INFO  server.GrpcServerProtocolService (GrpcServerProtocolService.java:onCompleted(113)) - b3d8fb16-6440-47b2-97ce-3aa43dcbcb47: Completed APPEND_ENTRIES, lastRequest: c8dc3d0b-8f4d-49f1-a0ba-66fc0675f2cd->b3d8fb16-6440-47b2-97ce-3aa43dcbcb47#82-t1, previous=(t:1, i:78), leaderCommit=78, initializing? false, entries: <empty>
2019-11-13 00:18:46,283 [grpc-default-executor-1] INFO  server.GrpcServerProtocolService (GrpcServerProtocolService.java:onCompleted(113)) - c7ec1e8a-5c22-4467-ad32-59becfa95183: Completed APPEND_ENTRIES, lastRequest: c8dc3d0b-8f4d-49f1-a0ba-66fc0675f2cd->c7ec1e8a-5c22-4467-ad32-59becfa95183#82-t1, previous=(t:1, i:78), leaderCommit=78, initializing? false, entries: <empty>
2019-11-13 00:18:46,285 [c8dc3d0b-8f4d-49f1-a0ba-66fc0675f2cd@group-B1C379F5934F-StateMachineUpdater] INFO  ratis.ContainerStateMachine (ContainerStateMachine.java:takeSnapshot(285)) - group-B1C379F5934F: Taking a snapshot at:(t:1, i:76) file /workdir/hadoop-ozone/tools/target/test-dir/MiniOzoneClusterImpl-c985667c-5a49-4bf8-9026-25e6eecde886/datanode-0/data/ratis/467da50f-943a-4a88-95dd-b1c379f5934f/sm/snapshot.1_76
2019-11-13 00:18:46,287 [grpc-default-executor-1] INFO  server.GrpcLogAppender (GrpcLogAppender.java:onCompleted(308)) - c8dc3d0b-8f4d-49f1-a0ba-66fc0675f2cd@group-B1C379F5934F->b3d8fb16-6440-47b2-97ce-3aa43dcbcb47-AppendLogResponseHandler: follower responses appendEntries COMPLETED
2019-11-13 00:18:46,287 [grpc-default-executor-0] INFO  server.GrpcLogAppender (GrpcLogAppender.java:onCompleted(308)) - c8dc3d0b-8f4d-49f1-a0ba-66fc0675f2cd@group-B1C379F5934F->c7ec1e8a-5c22-4467-ad32-59becfa95183-AppendLogResponseHandler: follower responses appendEntries COMPLETED
2019-11-13 00:18:46,292 [grpc-default-executor-0] INFO  impl.FollowerInfo (FollowerInfo.java:lambda$new$0(51)) - c8dc3d0b-8f4d-49f1-a0ba-66fc0675f2cd@group-B1C379F5934F->c7ec1e8a-5c22-4467-ad32-59becfa95183: nextIndex: updateUnconditionally 79 -> 78
2019-11-13 00:18:46,292 [grpc-default-executor-1] INFO  impl.FollowerInfo (FollowerInfo.java:lambda$new$0(51)) - c8dc3d0b-8f4d-49f1-a0ba-66fc0675f2cd@group-B1C379F5934F->b3d8fb16-6440-47b2-97ce-3aa43dcbcb47: nextIndex: updateUnconditionally 79 -> 78
2019-11-13 00:18:46,333 [c8dc3d0b-8f4d-49f1-a0ba-66fc0675f2cd@group-B1C379F5934F-StateMachineUpdater] INFO  ratis.ContainerStateMachine (ContainerStateMachine.java:takeSnapshot(296)) - group-B1C379F5934F: Finished taking a snapshot at:(t:1, i:76) file:/workdir/hadoop-ozone/tools/target/test-dir/MiniOzoneClusterImpl-c985667c-5a49-4bf8-9026-25e6eecde886/datanode-0/data/ratis/467da50f-943a-4a88-95dd-b1c379f5934f/sm/snapshot.1_76 time:48
2019-11-13 00:18:46,335 [c8dc3d0b-8f4d-49f1-a0ba-66fc0675f2cd@group-B1C379F5934F-StateMachineUpdater] INFO  impl.StateMachineUpdater (StateMachineUpdater.java:takeSnapshot(269)) - c8dc3d0b-8f4d-49f1-a0ba-66fc0675f2cd@group-B1C379F5934F-StateMachineUpdater: Took a snapshot at index 76
2019-11-13 00:18:46,335 [c8dc3d0b-8f4d-49f1-a0ba-66fc0675f2cd@group-B1C379F5934F-StateMachineUpdater] INFO  impl.StateMachineUpdater (StateMachineUpdater.java:lambda$new$0(84)) - c8dc3d0b-8f4d-49f1-a0ba-66fc0675f2cd@group-B1C379F5934F-StateMachineUpdater: snapshotIndex: updateIncreasingly -1 -> 76
2019-11-13 00:18:46,345 [c8dc3d0b-8f4d-49f1-a0ba-66fc0675f2cd@group-B1C379F5934F-StateMachineUpdater] INFO  ratis.ContainerStateMachine (ContainerStateMachine.java:takeSnapshot(285)) - group-B1C379F5934F: Taking a snapshot at:(t:1, i:76) file /workdir/hadoop-ozone/tools/target/test-dir/MiniOzoneClusterImpl-c985667c-5a49-4bf8-9026-25e6eecde886/datanode-0/data/ratis/467da50f-943a-4a88-95dd-b1c379f5934f/sm/snapshot.1_76
2019-11-13 00:18:46,366 [c8dc3d0b-8f4d-49f1-a0ba-66fc0675f2cd@group-B1C379F5934F-StateMachineUpdater] INFO  ratis.ContainerStateMachine (ContainerStateMachine.java:takeSnapshot(296)) - group-B1C379F5934F: Finished taking a snapshot at:(t:1, i:76) file:/workdir/hadoop-ozone/tools/target/test-dir/MiniOzoneClusterImpl-c985667c-5a49-4bf8-9026-25e6eecde886/datanode-0/data/ratis/467da50f-943a-4a88-95dd-b1c379f5934f/sm/snapshot.1_76 time:21
2019-11-13 00:18:46,367 [c8dc3d0b-8f4d-49f1-a0ba-66fc0675f2cd@group-B1C379F5934F-StateMachineUpdater] INFO  impl.StateMachineUpdater (StateMachineUpdater.java:takeSnapshot(269)) - c8dc3d0b-8f4d-49f1-a0ba-66fc0675f2cd@group-B1C379F5934F-StateMachineUpdater: Took a snapshot at index 76
2019-11-13 00:18:46,367 [c8dc3d0b-8f4d-49f1-a0ba-66fc0675f2cd@group-B1C379F5934F-StateMachineUpdater] INFO  impl.StateMachineUpdater (StateMachineUpdater.java:lambda$new$0(84)) - c8dc3d0b-8f4d-49f1-a0ba-66fc0675f2cd@group-B1C379F5934F-StateMachineUpdater: snapshotIndex: updateIncreasingly 76 -> 76
2019-11-13 00:18:46,368 [grpc-default-executor-2] INFO  impl.RaftServerImpl (ServerState.java:close(387)) - c8dc3d0b-8f4d-49f1-a0ba-66fc0675f2cd@group-B1C379F5934F: closes. applyIndex: 78
2019-11-13 00:18:46,368 [c8dc3d0b-8f4d-49f1-a0ba-66fc0675f2cd@group-B1C379F5934F-SegmentedRaftLogWorker] INFO  segmented.SegmentedRaftLogWorker (SegmentedRaftLogWorker.java:run(316)) - c8dc3d0b-8f4d-49f1-a0ba-66fc0675f2cd@group-B1C379F5934F-SegmentedRaftLogWorker was interrupted, exiting. There are 0 tasks remaining in the queue.
2019-11-13 00:18:46,371 [grpc-default-executor-2] INFO  segmented.SegmentedRaftLogWorker (SegmentedRaftLogWorker.java:close(224)) - c8dc3d0b-8f4d-49f1-a0ba-66fc0675f2cd@group-B1C379F5934F-SegmentedRaftLogWorker close()
2019-11-13 00:18:46,434 [grpc-default-executor-2] INFO  interfaces.Container (KeyValueContainer.java:flushAndSyncDB(400)) - Container 1 is synced with bcsId 60.
2019-11-13 00:18:46,434 [grpc-default-executor-2] INFO  interfaces.Container (KeyValueContainer.java:flushAndSyncDB(400)) - Container 1 is synced with bcsId 60.
2019-11-13 00:18:46,461 [EventQueue-IncrementalContainerReportForIncrementalContainerReportHandler] INFO  container.IncrementalContainerReportHandler (AbstractContainerReportHandler.java:updateContainerState(171)) - Moving container #1 to QUASI_CLOSED state, datanode c8dc3d0b-8f4d-49f1-a0ba-66fc0675f2cd{ip: 192.168.69.93, host: pr-hdds-2105-428fw-2136415640, networkLocation: /default-rack, certSerialId: null} reported QUASI_CLOSED replica.
2019-11-13 00:18:46,510 [grpc-default-executor-2] INFO  interfaces.Container (KeyValueContainer.java:flushAndSyncDB(400)) - Container 2 is synced with bcsId 76.
2019-11-13 00:18:46,511 [grpc-default-executor-2] INFO  interfaces.Container (KeyValueContainer.java:flushAndSyncDB(400)) - Container 2 is synced with bcsId 76.
2019-11-13 00:18:46,537 [EventQueue-IncrementalContainerReportForIncrementalContainerReportHandler] INFO  container.IncrementalContainerReportHandler (AbstractContainerReportHandler.java:updateContainerState(171)) - Moving container #2 to QUASI_CLOSED state, datanode c8dc3d0b-8f4d-49f1-a0ba-66fc0675f2cd{ip: 192.168.69.93, host: pr-hdds-2105-428fw-2136415640, networkLocation: /default-rack, certSerialId: null} reported QUASI_CLOSED replica.
2019-11-13 00:18:46,586 [grpc-default-executor-2] INFO  interfaces.Container (KeyValueContainer.java:flushAndSyncDB(400)) - Container 3 is synced with bcsId 42.
2019-11-13 00:18:46,587 [grpc-default-executor-2] INFO  interfaces.Container (KeyValueContainer.java:flushAndSyncDB(400)) - Container 3 is synced with bcsId 42.
2019-11-13 00:18:46,613 [EventQueue-IncrementalContainerReportForIncrementalContainerReportHandler] INFO  container.IncrementalContainerReportHandler (AbstractContainerReportHandler.java:updateContainerState(171)) - Moving container #3 to QUASI_CLOSED state, datanode c8dc3d0b-8f4d-49f1-a0ba-66fc0675f2cd{ip: 192.168.69.93, host: pr-hdds-2105-428fw-2136415640, networkLocation: /default-rack, certSerialId: null} reported QUASI_CLOSED replica.
2019-11-13 00:18:46,623 [grpc-default-executor-2] INFO  impl.RaftServerProxy (RaftServerProxy.java:remove(95)) - c7ec1e8a-5c22-4467-ad32-59becfa95183: remove  FOLLOWER c7ec1e8a-5c22-4467-ad32-59becfa95183@group-B1C379F5934F:t1, leader=c8dc3d0b-8f4d-49f1-a0ba-66fc0675f2cd, voted=c8dc3d0b-8f4d-49f1-a0ba-66fc0675f2cd, raftlog=c7ec1e8a-5c22-4467-ad32-59becfa95183@group-B1C379F5934F-SegmentedRaftLog:OPENED:c78,f78,i78, conf=0: [c8dc3d0b-8f4d-49f1-a0ba-66fc0675f2cd:192.168.69.93:36452, b3d8fb16-6440-47b2-97ce-3aa43dcbcb47:192.168.69.93:35320, c7ec1e8a-5c22-4467-ad32-59becfa95183:192.168.69.93:40725], old=null RUNNING
2019-11-13 00:18:46,624 [grpc-default-executor-2] INFO  impl.RaftServerImpl (RaftServerImpl.java:lambda$shutdown$3(250)) - c7ec1e8a-5c22-4467-ad32-59becfa95183@group-B1C379F5934F: shutdown
2019-11-13 00:18:46,624 [grpc-default-executor-2] INFO  util.JmxRegister (JmxRegister.java:unregister(73)) - Successfully un-registered JMX Bean with object name Ratis:service=RaftServer,group=group-B1C379F5934F,id=c7ec1e8a-5c22-4467-ad32-59becfa95183
2019-11-13 00:18:46,624 [grpc-default-executor-2] INFO  impl.RoleInfo (RoleInfo.java:shutdownFollowerState(121)) - c7ec1e8a-5c22-4467-ad32-59becfa95183: shutdown FollowerState
2019-11-13 00:18:46,624 [grpc-default-executor-2] INFO  impl.StateMachineUpdater (StateMachineUpdater.java:stopAndJoin(136)) - c7ec1e8a-5c22-4467-ad32-59becfa95183@group-B1C379F5934F-StateMachineUpdater: set stopIndex = 78
2019-11-13 00:18:46,625 [Thread-231] INFO  impl.FollowerState (FollowerState.java:run(120)) - c7ec1e8a-5c22-4467-ad32-59becfa95183@group-B1C379F5934F-FollowerState was interrupted: java.lang.InterruptedException: sleep interrupted
2019-11-13 00:18:46,625 [c7ec1e8a-5c22-4467-ad32-59becfa95183@group-B1C379F5934F-StateMachineUpdater] INFO  ratis.ContainerStateMachine (ContainerStateMachine.java:takeSnapshot(285)) - group-B1C379F5934F: Taking a snapshot at:(t:1, i:76) file /workdir/hadoop-ozone/tools/target/test-dir/MiniOzoneClusterImpl-c985667c-5a49-4bf8-9026-25e6eecde886/datanode-2/data/ratis/467da50f-943a-4a88-95dd-b1c379f5934f/sm/snapshot.1_76
2019-11-13 00:18:46,654 [c7ec1e8a-5c22-4467-ad32-59becfa95183@group-B1C379F5934F-StateMachineUpdater] INFO  ratis.ContainerStateMachine (ContainerStateMachine.java:takeSnapshot(296)) - group-B1C379F5934F: Finished taking a snapshot at:(t:1, i:76) file:/workdir/hadoop-ozone/tools/target/test-dir/MiniOzoneClusterImpl-c985667c-5a49-4bf8-9026-25e6eecde886/datanode-2/data/ratis/467da50f-943a-4a88-95dd-b1c379f5934f/sm/snapshot.1_76 time:29
2019-11-13 00:18:46,654 [c7ec1e8a-5c22-4467-ad32-59becfa95183@group-B1C379F5934F-StateMachineUpdater] INFO  impl.StateMachineUpdater (StateMachineUpdater.java:takeSnapshot(269)) - c7ec1e8a-5c22-4467-ad32-59becfa95183@group-B1C379F5934F-StateMachineUpdater: Took a snapshot at index 76
2019-11-13 00:18:46,654 [c7ec1e8a-5c22-4467-ad32-59becfa95183@group-B1C379F5934F-StateMachineUpdater] INFO  impl.StateMachineUpdater (StateMachineUpdater.java:lambda$new$0(84)) - c7ec1e8a-5c22-4467-ad32-59becfa95183@group-B1C379F5934F-StateMachineUpdater: snapshotIndex: updateIncreasingly -1 -> 76
2019-11-13 00:18:46,655 [c7ec1e8a-5c22-4467-ad32-59becfa95183@group-B1C379F5934F-StateMachineUpdater] INFO  ratis.ContainerStateMachine (ContainerStateMachine.java:takeSnapshot(285)) - group-B1C379F5934F: Taking a snapshot at:(t:1, i:76) file /workdir/hadoop-ozone/tools/target/test-dir/MiniOzoneClusterImpl-c985667c-5a49-4bf8-9026-25e6eecde886/datanode-2/data/ratis/467da50f-943a-4a88-95dd-b1c379f5934f/sm/snapshot.1_76
2019-11-13 00:18:46,679 [c7ec1e8a-5c22-4467-ad32-59becfa95183@group-B1C379F5934F-StateMachineUpdater] INFO  ratis.ContainerStateMachine (ContainerStateMachine.java:takeSnapshot(296)) - group-B1C379F5934F: Finished taking a snapshot at:(t:1, i:76) file:/workdir/hadoop-ozone/tools/target/test-dir/MiniOzoneClusterImpl-c985667c-5a49-4bf8-9026-25e6eecde886/datanode-2/data/ratis/467da50f-943a-4a88-95dd-b1c379f5934f/sm/snapshot.1_76 time:25
2019-11-13 00:18:46,679 [c7ec1e8a-5c22-4467-ad32-59becfa95183@group-B1C379F5934F-StateMachineUpdater] INFO  impl.StateMachineUpdater (StateMachineUpdater.java:takeSnapshot(269)) - c7ec1e8a-5c22-4467-ad32-59becfa95183@group-B1C379F5934F-StateMachineUpdater: Took a snapshot at index 76
2019-11-13 00:18:46,679 [c7ec1e8a-5c22-4467-ad32-59becfa95183@group-B1C379F5934F-StateMachineUpdater] INFO  impl.StateMachineUpdater (StateMachineUpdater.java:lambda$new$0(84)) - c7ec1e8a-5c22-4467-ad32-59becfa95183@group-B1C379F5934F-StateMachineUpdater: snapshotIndex: updateIncreasingly 76 -> 76
2019-11-13 00:18:46,680 [grpc-default-executor-2] INFO  impl.RaftServerImpl (ServerState.java:close(387)) - c7ec1e8a-5c22-4467-ad32-59becfa95183@group-B1C379F5934F: closes. applyIndex: 78
2019-11-13 00:18:46,680 [c7ec1e8a-5c22-4467-ad32-59becfa95183@group-B1C379F5934F-SegmentedRaftLogWorker] INFO  segmented.SegmentedRaftLogWorker (SegmentedRaftLogWorker.java:run(316)) - c7ec1e8a-5c22-4467-ad32-59becfa95183@group-B1C379F5934F-SegmentedRaftLogWorker was interrupted, exiting. There are 0 tasks remaining in the queue.
2019-11-13 00:18:46,682 [grpc-default-executor-2] INFO  segmented.SegmentedRaftLogWorker (SegmentedRaftLogWorker.java:close(224)) - c7ec1e8a-5c22-4467-ad32-59becfa95183@group-B1C379F5934F-SegmentedRaftLogWorker close()
2019-11-13 00:18:46,738 [grpc-default-executor-2] INFO  interfaces.Container (KeyValueContainer.java:flushAndSyncDB(400)) - Container 1 is synced with bcsId 60.
2019-11-13 00:18:46,738 [grpc-default-executor-2] INFO  interfaces.Container (KeyValueContainer.java:flushAndSyncDB(400)) - Container 1 is synced with bcsId 60.
2019-11-13 00:18:46,814 [grpc-default-executor-2] INFO  interfaces.Container (KeyValueContainer.java:flushAndSyncDB(400)) - Container 2 is synced with bcsId 76.
2019-11-13 00:18:46,815 [grpc-default-executor-2] INFO  interfaces.Container (KeyValueContainer.java:flushAndSyncDB(400)) - Container 2 is synced with bcsId 76.
2019-11-13 00:18:46,882 [grpc-default-executor-2] INFO  interfaces.Container (KeyValueContainer.java:flushAndSyncDB(400)) - Container 3 is synced with bcsId 42.
2019-11-13 00:18:46,883 [grpc-default-executor-2] INFO  interfaces.Container (KeyValueContainer.java:flushAndSyncDB(400)) - Container 3 is synced with bcsId 42.
2019-11-13 00:18:46,919 [grpc-default-executor-2] INFO  impl.RaftServerProxy (RaftServerProxy.java:remove(95)) - b3d8fb16-6440-47b2-97ce-3aa43dcbcb47: remove  FOLLOWER b3d8fb16-6440-47b2-97ce-3aa43dcbcb47@group-B1C379F5934F:t1, leader=c8dc3d0b-8f4d-49f1-a0ba-66fc0675f2cd, voted=b3d8fb16-6440-47b2-97ce-3aa43dcbcb47, raftlog=b3d8fb16-6440-47b2-97ce-3aa43dcbcb47@group-B1C379F5934F-SegmentedRaftLog:OPENED:c78,f78,i78, conf=0: [c8dc3d0b-8f4d-49f1-a0ba-66fc0675f2cd:192.168.69.93:36452, b3d8fb16-6440-47b2-97ce-3aa43dcbcb47:192.168.69.93:35320, c7ec1e8a-5c22-4467-ad32-59becfa95183:192.168.69.93:40725], old=null RUNNING
2019-11-13 00:18:46,920 [grpc-default-executor-2] INFO  impl.RaftServerImpl (RaftServerImpl.java:lambda$shutdown$3(250)) - b3d8fb16-6440-47b2-97ce-3aa43dcbcb47@group-B1C379F5934F: shutdown
2019-11-13 00:18:46,920 [grpc-default-executor-2] INFO  util.JmxRegister (JmxRegister.java:unregister(73)) - Successfully un-registered JMX Bean with object name Ratis:service=RaftServer,group=group-B1C379F5934F,id=b3d8fb16-6440-47b2-97ce-3aa43dcbcb47
2019-11-13 00:18:46,920 [grpc-default-executor-2] INFO  impl.RoleInfo (RoleInfo.java:shutdownFollowerState(121)) - b3d8fb16-6440-47b2-97ce-3aa43dcbcb47: shutdown FollowerState
2019-11-13 00:18:46,920 [grpc-default-executor-2] INFO  impl.StateMachineUpdater (StateMachineUpdater.java:stopAndJoin(136)) - b3d8fb16-6440-47b2-97ce-3aa43dcbcb47@group-B1C379F5934F-StateMachineUpdater: set stopIndex = 78
2019-11-13 00:18:46,921 [Thread-233] INFO  impl.FollowerState (FollowerState.java:run(120)) - b3d8fb16-6440-47b2-97ce-3aa43dcbcb47@group-B1C379F5934F-FollowerState was interrupted: java.lang.InterruptedException: sleep interrupted
2019-11-13 00:18:46,921 [b3d8fb16-6440-47b2-97ce-3aa43dcbcb47@group-B1C379F5934F-StateMachineUpdater] INFO  ratis.ContainerStateMachine (ContainerStateMachine.java:takeSnapshot(285)) - group-B1C379F5934F: Taking a snapshot at:(t:1, i:76) file /workdir/hadoop-ozone/tools/target/test-dir/MiniOzoneClusterImpl-c985667c-5a49-4bf8-9026-25e6eecde886/datanode-1/data/ratis/467da50f-943a-4a88-95dd-b1c379f5934f/sm/snapshot.1_76
2019-11-13 00:18:46,936 [b3d8fb16-6440-47b2-97ce-3aa43dcbcb47@group-B1C379F5934F-StateMachineUpdater] INFO  ratis.ContainerStateMachine (ContainerStateMachine.java:takeSnapshot(296)) - group-B1C379F5934F: Finished taking a snapshot at:(t:1, i:76) file:/workdir/hadoop-ozone/tools/target/test-dir/MiniOzoneClusterImpl-c985667c-5a49-4bf8-9026-25e6eecde886/datanode-1/data/ratis/467da50f-943a-4a88-95dd-b1c379f5934f/sm/snapshot.1_76 time:16
2019-11-13 00:18:46,936 [b3d8fb16-6440-47b2-97ce-3aa43dcbcb47@group-B1C379F5934F-StateMachineUpdater] INFO  impl.StateMachineUpdater (StateMachineUpdater.java:takeSnapshot(269)) - b3d8fb16-6440-47b2-97ce-3aa43dcbcb47@group-B1C379F5934F-StateMachineUpdater: Took a snapshot at index 76
2019-11-13 00:18:46,937 [b3d8fb16-6440-47b2-97ce-3aa43dcbcb47@group-B1C379F5934F-StateMachineUpdater] INFO  impl.StateMachineUpdater (StateMachineUpdater.java:lambda$new$0(84)) - b3d8fb16-6440-47b2-97ce-3aa43dcbcb47@group-B1C379F5934F-StateMachineUpdater: snapshotIndex: updateIncreasingly -1 -> 76
2019-11-13 00:18:46,937 [b3d8fb16-6440-47b2-97ce-3aa43dcbcb47@group-B1C379F5934F-StateMachineUpdater] INFO  ratis.ContainerStateMachine (ContainerStateMachine.java:takeSnapshot(285)) - group-B1C379F5934F: Taking a snapshot at:(t:1, i:76) file /workdir/hadoop-ozone/tools/target/test-dir/MiniOzoneClusterImpl-c985667c-5a49-4bf8-9026-25e6eecde886/datanode-1/data/ratis/467da50f-943a-4a88-95dd-b1c379f5934f/sm/snapshot.1_76
2019-11-13 00:18:46,961 [b3d8fb16-6440-47b2-97ce-3aa43dcbcb47@group-B1C379F5934F-StateMachineUpdater] INFO  ratis.ContainerStateMachine (ContainerStateMachine.java:takeSnapshot(296)) - group-B1C379F5934F: Finished taking a snapshot at:(t:1, i:76) file:/workdir/hadoop-ozone/tools/target/test-dir/MiniOzoneClusterImpl-c985667c-5a49-4bf8-9026-25e6eecde886/datanode-1/data/ratis/467da50f-943a-4a88-95dd-b1c379f5934f/sm/snapshot.1_76 time:25
2019-11-13 00:18:46,961 [b3d8fb16-6440-47b2-97ce-3aa43dcbcb47@group-B1C379F5934F-StateMachineUpdater] INFO  impl.StateMachineUpdater (StateMachineUpdater.java:takeSnapshot(269)) - b3d8fb16-6440-47b2-97ce-3aa43dcbcb47@group-B1C379F5934F-StateMachineUpdater: Took a snapshot at index 76
2019-11-13 00:18:46,962 [b3d8fb16-6440-47b2-97ce-3aa43dcbcb47@group-B1C379F5934F-StateMachineUpdater] INFO  impl.StateMachineUpdater (StateMachineUpdater.java:lambda$new$0(84)) - b3d8fb16-6440-47b2-97ce-3aa43dcbcb47@group-B1C379F5934F-StateMachineUpdater: snapshotIndex: updateIncreasingly 76 -> 76
2019-11-13 00:18:46,962 [grpc-default-executor-2] INFO  impl.RaftServerImpl (ServerState.java:close(387)) - b3d8fb16-6440-47b2-97ce-3aa43dcbcb47@group-B1C379F5934F: closes. applyIndex: 78
2019-11-13 00:18:46,963 [b3d8fb16-6440-47b2-97ce-3aa43dcbcb47@group-B1C379F5934F-SegmentedRaftLogWorker] INFO  segmented.SegmentedRaftLogWorker (SegmentedRaftLogWorker.java:run(316)) - b3d8fb16-6440-47b2-97ce-3aa43dcbcb47@group-B1C379F5934F-SegmentedRaftLogWorker was interrupted, exiting. There are 0 tasks remaining in the queue.
2019-11-13 00:18:46,965 [grpc-default-executor-2] INFO  segmented.SegmentedRaftLogWorker (SegmentedRaftLogWorker.java:close(224)) - b3d8fb16-6440-47b2-97ce-3aa43dcbcb47@group-B1C379F5934F-SegmentedRaftLogWorker close()
2019-11-13 00:18:47,401 [grpc-default-executor-2] INFO  interfaces.Container (KeyValueContainer.java:flushAndSyncDB(400)) - Container 1 is synced with bcsId 60.
2019-11-13 00:18:47,401 [grpc-default-executor-2] INFO  interfaces.Container (KeyValueContainer.java:flushAndSyncDB(400)) - Container 1 is synced with bcsId 60.
2019-11-13 00:18:47,462 [grpc-default-executor-2] INFO  interfaces.Container (KeyValueContainer.java:flushAndSyncDB(400)) - Container 2 is synced with bcsId 76.
2019-11-13 00:18:47,462 [grpc-default-executor-2] INFO  interfaces.Container (KeyValueContainer.java:flushAndSyncDB(400)) - Container 2 is synced with bcsId 76.
2019-11-13 00:18:47,529 [grpc-default-executor-2] INFO  interfaces.Container (KeyValueContainer.java:flushAndSyncDB(400)) - Container 3 is synced with bcsId 42.
2019-11-13 00:18:47,529 [grpc-default-executor-2] INFO  interfaces.Container (KeyValueContainer.java:flushAndSyncDB(400)) - Container 3 is synced with bcsId 42.
2019-11-13 00:18:47,559 [main] INFO  pipeline.PipelineStateManager (PipelineStateManager.java:removePipeline(106)) - Pipeline Pipeline[ Id: 467da50f-943a-4a88-95dd-b1c379f5934f, Nodes: c8dc3d0b-8f4d-49f1-a0ba-66fc0675f2cd{ip: 192.168.69.93, host: pr-hdds-2105-428fw-2136415640, networkLocation: /default-rack, certSerialId: null}c7ec1e8a-5c22-4467-ad32-59becfa95183{ip: 192.168.69.93, host: pr-hdds-2105-428fw-2136415640, networkLocation: /default-rack, certSerialId: null}b3d8fb16-6440-47b2-97ce-3aa43dcbcb47{ip: 192.168.69.93, host: pr-hdds-2105-428fw-2136415640, networkLocation: /default-rack, certSerialId: null}, Type:RATIS, Factor:THREE, State:CLOSED] removed from db
2019-11-13 00:18:47,575 [grpc-default-executor-2] INFO  impl.RaftServerProxy (RaftServerProxy.java:addNew(89)) - c7ec1e8a-5c22-4467-ad32-59becfa95183: addNew group-9518AE2911C4:[c8dc3d0b-8f4d-49f1-a0ba-66fc0675f2cd:192.168.69.93:36452, b3d8fb16-6440-47b2-97ce-3aa43dcbcb47:192.168.69.93:35320, c7ec1e8a-5c22-4467-ad32-59becfa95183:192.168.69.93:40725] returns group-9518AE2911C4:java.util.concurrent.CompletableFuture@6dc5f5d7[Not completed]
2019-11-13 00:18:47,575 [grpc-default-executor-0] INFO  impl.RaftServerProxy (RaftServerProxy.java:addNew(89)) - b3d8fb16-6440-47b2-97ce-3aa43dcbcb47: addNew group-9518AE2911C4:[c8dc3d0b-8f4d-49f1-a0ba-66fc0675f2cd:192.168.69.93:36452, b3d8fb16-6440-47b2-97ce-3aa43dcbcb47:192.168.69.93:35320, c7ec1e8a-5c22-4467-ad32-59becfa95183:192.168.69.93:40725] returns group-9518AE2911C4:java.util.concurrent.CompletableFuture@565f515b[Not completed]
2019-11-13 00:18:47,575 [grpc-default-executor-1] INFO  impl.RaftServerProxy (RaftServerProxy.java:addNew(89)) - c8dc3d0b-8f4d-49f1-a0ba-66fc0675f2cd: addNew group-9518AE2911C4:[c8dc3d0b-8f4d-49f1-a0ba-66fc0675f2cd:192.168.69.93:36452, b3d8fb16-6440-47b2-97ce-3aa43dcbcb47:192.168.69.93:35320, c7ec1e8a-5c22-4467-ad32-59becfa95183:192.168.69.93:40725] returns group-9518AE2911C4:java.util.concurrent.CompletableFuture@95dc7b8[Not completed]
2019-11-13 00:18:47,579 [pool-27-thread-1] INFO  impl.RaftServerImpl (RaftServerImpl.java:<init>(98)) - c8dc3d0b-8f4d-49f1-a0ba-66fc0675f2cd: new RaftServerImpl for group-9518AE2911C4:[c8dc3d0b-8f4d-49f1-a0ba-66fc0675f2cd:192.168.69.93:36452, b3d8fb16-6440-47b2-97ce-3aa43dcbcb47:192.168.69.93:35320, c7ec1e8a-5c22-4467-ad32-59becfa95183:192.168.69.93:40725] with ContainerStateMachine:uninitialized
2019-11-13 00:18:47,579 [pool-27-thread-1] INFO  server.RaftServerConfigKeys (ConfUtils.java:logGet(43)) - raft.server.rpc.timeout.min = 5s (custom)
2019-11-13 00:18:47,579 [pool-27-thread-1] INFO  server.RaftServerConfigKeys (ConfUtils.java:logGet(43)) - raft.server.rpc.timeout.max = 5200ms (custom)
2019-11-13 00:18:47,579 [pool-27-thread-1] INFO  server.RaftServerConfigKeys (ConfUtils.java:logGet(43)) - raft.server.rpcslowness.timeout = 120s (custom)
2019-11-13 00:18:47,580 [pool-27-thread-1] INFO  server.RaftServerConfigKeys (ConfUtils.java:logGet(43)) - raft.server.sleep.deviation.threshold = 300 (default)
2019-11-13 00:18:47,580 [pool-27-thread-1] INFO  server.RaftServerConfigKeys (ConfUtils.java:logGet(43)) - raft.server.log.appender.install.snapshot.enabled = false (custom)
2019-11-13 00:18:47,580 [pool-27-thread-1] INFO  impl.RaftServerImpl (ServerState.java:<init>(103)) - c8dc3d0b-8f4d-49f1-a0ba-66fc0675f2cd@group-9518AE2911C4: ConfigurationManager, init=-1: [c8dc3d0b-8f4d-49f1-a0ba-66fc0675f2cd:192.168.69.93:36452, b3d8fb16-6440-47b2-97ce-3aa43dcbcb47:192.168.69.93:35320, c7ec1e8a-5c22-4467-ad32-59becfa95183:192.168.69.93:40725], old=null, confs=<EMPTY_MAP>
2019-11-13 00:18:47,580 [pool-27-thread-1] INFO  server.RaftServerConfigKeys (ConfUtils.java:logGet(43)) - raft.server.storage.dir = [/workdir/hadoop-ozone/tools/target/test-dir/MiniOzoneClusterImpl-c985667c-5a49-4bf8-9026-25e6eecde886/datanode-0/data/ratis] (custom)
2019-11-13 00:18:47,580 [pool-27-thread-1] INFO  server.RaftServerConfigKeys (ConfUtils.java:logGet(43)) - raft.server.log.corruption.policy = EXCEPTION (default)
2019-11-13 00:18:47,581 [pool-27-thread-1] INFO  storage.RaftStorageDirectory (RaftStorageDirectory.java:analyzeStorage(246)) - The storage directory /workdir/hadoop-ozone/tools/target/test-dir/MiniOzoneClusterImpl-c985667c-5a49-4bf8-9026-25e6eecde886/datanode-0/data/ratis/db8d0a95-7d7d-4d0b-a31a-9518ae2911c4 does not exist. Creating ...
2019-11-13 00:18:47,581 [pool-37-thread-1] INFO  impl.RaftServerImpl (RaftServerImpl.java:<init>(98)) - b3d8fb16-6440-47b2-97ce-3aa43dcbcb47: new RaftServerImpl for group-9518AE2911C4:[c8dc3d0b-8f4d-49f1-a0ba-66fc0675f2cd:192.168.69.93:36452, b3d8fb16-6440-47b2-97ce-3aa43dcbcb47:192.168.69.93:35320, c7ec1e8a-5c22-4467-ad32-59becfa95183:192.168.69.93:40725] with ContainerStateMachine:uninitialized
2019-11-13 00:18:47,581 [pool-37-thread-1] INFO  server.RaftServerConfigKeys (ConfUtils.java:logGet(43)) - raft.server.rpc.timeout.min = 5s (custom)
2019-11-13 00:18:47,581 [pool-37-thread-1] INFO  server.RaftServerConfigKeys (ConfUtils.java:logGet(43)) - raft.server.rpc.timeout.max = 5200ms (custom)
2019-11-13 00:18:47,581 [pool-37-thread-1] INFO  server.RaftServerConfigKeys (ConfUtils.java:logGet(43)) - raft.server.rpcslowness.timeout = 120s (custom)
2019-11-13 00:18:47,581 [pool-37-thread-1] INFO  server.RaftServerConfigKeys (ConfUtils.java:logGet(43)) - raft.server.sleep.deviation.threshold = 300 (default)
2019-11-13 00:18:47,582 [pool-37-thread-1] INFO  server.RaftServerConfigKeys (ConfUtils.java:logGet(43)) - raft.server.log.appender.install.snapshot.enabled = false (custom)
2019-11-13 00:18:47,582 [pool-47-thread-1] INFO  impl.RaftServerImpl (RaftServerImpl.java:<init>(98)) - c7ec1e8a-5c22-4467-ad32-59becfa95183: new RaftServerImpl for group-9518AE2911C4:[c8dc3d0b-8f4d-49f1-a0ba-66fc0675f2cd:192.168.69.93:36452, b3d8fb16-6440-47b2-97ce-3aa43dcbcb47:192.168.69.93:35320, c7ec1e8a-5c22-4467-ad32-59becfa95183:192.168.69.93:40725] with ContainerStateMachine:uninitialized
2019-11-13 00:18:47,582 [pool-37-thread-1] INFO  impl.RaftServerImpl (ServerState.java:<init>(103)) - b3d8fb16-6440-47b2-97ce-3aa43dcbcb47@group-9518AE2911C4: ConfigurationManager, init=-1: [c8dc3d0b-8f4d-49f1-a0ba-66fc0675f2cd:192.168.69.93:36452, b3d8fb16-6440-47b2-97ce-3aa43dcbcb47:192.168.69.93:35320, c7ec1e8a-5c22-4467-ad32-59becfa95183:192.168.69.93:40725], old=null, confs=<EMPTY_MAP>
2019-11-13 00:18:47,582 [pool-47-thread-1] INFO  server.RaftServerConfigKeys (ConfUtils.java:logGet(43)) - raft.server.rpc.timeout.min = 5s (custom)
2019-11-13 00:18:47,582 [pool-37-thread-1] INFO  server.RaftServerConfigKeys (ConfUtils.java:logGet(43)) - raft.server.storage.dir = [/workdir/hadoop-ozone/tools/target/test-dir/MiniOzoneClusterImpl-c985667c-5a49-4bf8-9026-25e6eecde886/datanode-1/data/ratis] (custom)
2019-11-13 00:18:47,582 [pool-47-thread-1] INFO  server.RaftServerConfigKeys (ConfUtils.java:logGet(43)) - raft.server.rpc.timeout.max = 5200ms (custom)
2019-11-13 00:18:47,582 [pool-47-thread-1] INFO  server.RaftServerConfigKeys (ConfUtils.java:logGet(43)) - raft.server.rpcslowness.timeout = 120s (custom)
2019-11-13 00:18:47,582 [pool-37-thread-1] INFO  server.RaftServerConfigKeys (ConfUtils.java:logGet(43)) - raft.server.log.corruption.policy = EXCEPTION (default)
2019-11-13 00:18:47,582 [pool-47-thread-1] INFO  server.RaftServerConfigKeys (ConfUtils.java:logGet(43)) - raft.server.sleep.deviation.threshold = 300 (default)
2019-11-13 00:18:47,583 [pool-47-thread-1] INFO  server.RaftServerConfigKeys (ConfUtils.java:logGet(43)) - raft.server.log.appender.install.snapshot.enabled = false (custom)
2019-11-13 00:18:47,583 [pool-37-thread-1] INFO  storage.RaftStorageDirectory (RaftStorageDirectory.java:analyzeStorage(246)) - The storage directory /workdir/hadoop-ozone/tools/target/test-dir/MiniOzoneClusterImpl-c985667c-5a49-4bf8-9026-25e6eecde886/datanode-1/data/ratis/db8d0a95-7d7d-4d0b-a31a-9518ae2911c4 does not exist. Creating ...
2019-11-13 00:18:47,583 [pool-47-thread-1] INFO  impl.RaftServerImpl (ServerState.java:<init>(103)) - c7ec1e8a-5c22-4467-ad32-59becfa95183@group-9518AE2911C4: ConfigurationManager, init=-1: [c8dc3d0b-8f4d-49f1-a0ba-66fc0675f2cd:192.168.69.93:36452, b3d8fb16-6440-47b2-97ce-3aa43dcbcb47:192.168.69.93:35320, c7ec1e8a-5c22-4467-ad32-59becfa95183:192.168.69.93:40725], old=null, confs=<EMPTY_MAP>
2019-11-13 00:18:47,583 [pool-47-thread-1] INFO  server.RaftServerConfigKeys (ConfUtils.java:logGet(43)) - raft.server.storage.dir = [/workdir/hadoop-ozone/tools/target/test-dir/MiniOzoneClusterImpl-c985667c-5a49-4bf8-9026-25e6eecde886/datanode-2/data/ratis] (custom)
2019-11-13 00:18:47,583 [pool-47-thread-1] INFO  server.RaftServerConfigKeys (ConfUtils.java:logGet(43)) - raft.server.log.corruption.policy = EXCEPTION (default)
2019-11-13 00:18:47,584 [pool-47-thread-1] INFO  storage.RaftStorageDirectory (RaftStorageDirectory.java:analyzeStorage(246)) - The storage directory /workdir/hadoop-ozone/tools/target/test-dir/MiniOzoneClusterImpl-c985667c-5a49-4bf8-9026-25e6eecde886/datanode-2/data/ratis/db8d0a95-7d7d-4d0b-a31a-9518ae2911c4 does not exist. Creating ...
2019-11-13 00:18:47,597 [pool-27-thread-1] INFO  storage.RaftStorageDirectory (RaftStorageDirectory.java:tryLock(328)) - Lock on /workdir/hadoop-ozone/tools/target/test-dir/MiniOzoneClusterImpl-c985667c-5a49-4bf8-9026-25e6eecde886/datanode-0/data/ratis/db8d0a95-7d7d-4d0b-a31a-9518ae2911c4/in_use.lock acquired by nodename 25754@pr-hdds-2105-428fw-2136415640
2019-11-13 00:18:47,597 [pool-47-thread-1] INFO  storage.RaftStorageDirectory (RaftStorageDirectory.java:tryLock(328)) - Lock on /workdir/hadoop-ozone/tools/target/test-dir/MiniOzoneClusterImpl-c985667c-5a49-4bf8-9026-25e6eecde886/datanode-2/data/ratis/db8d0a95-7d7d-4d0b-a31a-9518ae2911c4/in_use.lock acquired by nodename 25754@pr-hdds-2105-428fw-2136415640
2019-11-13 00:18:47,597 [pool-37-thread-1] INFO  storage.RaftStorageDirectory (RaftStorageDirectory.java:tryLock(328)) - Lock on /workdir/hadoop-ozone/tools/target/test-dir/MiniOzoneClusterImpl-c985667c-5a49-4bf8-9026-25e6eecde886/datanode-1/data/ratis/db8d0a95-7d7d-4d0b-a31a-9518ae2911c4/in_use.lock acquired by nodename 25754@pr-hdds-2105-428fw-2136415640
2019-11-13 00:18:47,615 [pool-47-thread-1] INFO  storage.RaftStorage (RaftStorage.java:format(84)) - Storage directory /workdir/hadoop-ozone/tools/target/test-dir/MiniOzoneClusterImpl-c985667c-5a49-4bf8-9026-25e6eecde886/datanode-2/data/ratis/db8d0a95-7d7d-4d0b-a31a-9518ae2911c4 has been successfully formatted.
2019-11-13 00:18:47,615 [pool-27-thread-1] INFO  storage.RaftStorage (RaftStorage.java:format(84)) - Storage directory /workdir/hadoop-ozone/tools/target/test-dir/MiniOzoneClusterImpl-c985667c-5a49-4bf8-9026-25e6eecde886/datanode-0/data/ratis/db8d0a95-7d7d-4d0b-a31a-9518ae2911c4 has been successfully formatted.
2019-11-13 00:18:47,615 [pool-37-thread-1] INFO  storage.RaftStorage (RaftStorage.java:format(84)) - Storage directory /workdir/hadoop-ozone/tools/target/test-dir/MiniOzoneClusterImpl-c985667c-5a49-4bf8-9026-25e6eecde886/datanode-1/data/ratis/db8d0a95-7d7d-4d0b-a31a-9518ae2911c4 has been successfully formatted.
2019-11-13 00:18:47,615 [pool-47-thread-1] INFO  ratis.ContainerStateMachine (ContainerStateMachine.java:loadSnapshot(223)) - group-9518AE2911C4: The snapshot info is null. Setting the last applied indexto:(t:0, i:~)
2019-11-13 00:18:47,616 [pool-37-thread-1] INFO  ratis.ContainerStateMachine (ContainerStateMachine.java:loadSnapshot(223)) - group-9518AE2911C4: The snapshot info is null. Setting the last applied indexto:(t:0, i:~)
2019-11-13 00:18:47,616 [pool-47-thread-1] INFO  server.RaftServerConfigKeys (ConfUtils.java:logGet(43)) - raft.server.notification.no-leader.timeout = 120s (custom)
2019-11-13 00:18:47,616 [pool-27-thread-1] INFO  ratis.ContainerStateMachine (ContainerStateMachine.java:loadSnapshot(223)) - group-9518AE2911C4: The snapshot info is null. Setting the last applied indexto:(t:0, i:~)
2019-11-13 00:18:47,616 [pool-47-thread-1] INFO  server.RaftServerConfigKeys (ConfUtils.java:logGet(43)) - raft.server.log.use.memory = false (default)
2019-11-13 00:18:47,616 [pool-37-thread-1] INFO  server.RaftServerConfigKeys (ConfUtils.java:logGet(43)) - raft.server.notification.no-leader.timeout = 120s (custom)
2019-11-13 00:18:47,616 [pool-27-thread-1] INFO  server.RaftServerConfigKeys (ConfUtils.java:logGet(43)) - raft.server.notification.no-leader.timeout = 120s (custom)
2019-11-13 00:18:47,616 [pool-37-thread-1] INFO  server.RaftServerConfigKeys (ConfUtils.java:logGet(43)) - raft.server.log.use.memory = false (default)
2019-11-13 00:18:47,616 [pool-47-thread-1] INFO  server.RaftServerConfigKeys (ConfUtils.java:logGet(43)) - raft.server.log.purge.gap = 1000000 (custom)
2019-11-13 00:18:47,617 [pool-37-thread-1] INFO  server.RaftServerConfigKeys (ConfUtils.java:logGet(43)) - raft.server.log.purge.gap = 1000000 (custom)
2019-11-13 00:18:47,616 [pool-27-thread-1] INFO  server.RaftServerConfigKeys (ConfUtils.java:logGet(43)) - raft.server.log.use.memory = false (default)
2019-11-13 00:18:47,617 [pool-37-thread-1] INFO  server.RaftServerConfigKeys (ConfUtils.java:logGet(43)) - raft.server.log.appender.buffer.byte-limit = 33554432 (custom)
2019-11-13 00:18:47,617 [pool-47-thread-1] INFO  server.RaftServerConfigKeys (ConfUtils.java:logGet(43)) - raft.server.log.appender.buffer.byte-limit = 33554432 (custom)
2019-11-13 00:18:47,617 [pool-37-thread-1] INFO  server.RaftServerConfigKeys (ConfUtils.java:logGet(43)) - raft.server.log.segment.size.max = 1048576 (custom)
2019-11-13 00:18:47,617 [pool-27-thread-1] INFO  server.RaftServerConfigKeys (ConfUtils.java:logGet(43)) - raft.server.log.purge.gap = 1000000 (custom)
2019-11-13 00:18:47,617 [pool-37-thread-1] INFO  server.RaftServerConfigKeys (ConfUtils.java:logGet(43)) - raft.server.log.segment.cache.num.max = 2 (custom)
2019-11-13 00:18:47,617 [pool-47-thread-1] INFO  server.RaftServerConfigKeys (ConfUtils.java:logGet(43)) - raft.server.log.segment.size.max = 1048576 (custom)
2019-11-13 00:18:47,618 [pool-37-thread-1] INFO  segmented.SegmentedRaftLogWorker (SegmentedRaftLogWorker.java:<init>(173)) - new b3d8fb16-6440-47b2-97ce-3aa43dcbcb47@group-9518AE2911C4-SegmentedRaftLogWorker for RaftStorage:Storage Directory /workdir/hadoop-ozone/tools/target/test-dir/MiniOzoneClusterImpl-c985667c-5a49-4bf8-9026-25e6eecde886/datanode-1/data/ratis/db8d0a95-7d7d-4d0b-a31a-9518ae2911c4
2019-11-13 00:18:47,618 [pool-27-thread-1] INFO  server.RaftServerConfigKeys (ConfUtils.java:logGet(43)) - raft.server.log.appender.buffer.byte-limit = 33554432 (custom)
2019-11-13 00:18:47,618 [pool-37-thread-1] INFO  server.RaftServerConfigKeys (ConfUtils.java:logGet(43)) - raft.server.log.queue.byte-limit = 2147483647 (custom)
2019-11-13 00:18:47,618 [pool-47-thread-1] INFO  server.RaftServerConfigKeys (ConfUtils.java:logGet(43)) - raft.server.log.segment.cache.num.max = 2 (custom)
2019-11-13 00:18:47,618 [pool-37-thread-1] INFO  server.RaftServerConfigKeys (ConfUtils.java:logGet(43)) - raft.server.log.queue.element-limit = 1024 (custom)
2019-11-13 00:18:47,618 [pool-27-thread-1] INFO  server.RaftServerConfigKeys (ConfUtils.java:logGet(43)) - raft.server.log.segment.size.max = 1048576 (custom)
2019-11-13 00:18:47,619 [pool-37-thread-1] INFO  server.RaftServerConfigKeys (ConfUtils.java:logGet(43)) - raft.server.log.segment.size.max = 1048576 (custom)
2019-11-13 00:18:47,619 [pool-27-thread-1] INFO  server.RaftServerConfigKeys (ConfUtils.java:logGet(43)) - raft.server.log.segment.cache.num.max = 2 (custom)
2019-11-13 00:18:47,618 [pool-47-thread-1] INFO  segmented.SegmentedRaftLogWorker (SegmentedRaftLogWorker.java:<init>(173)) - new c7ec1e8a-5c22-4467-ad32-59becfa95183@group-9518AE2911C4-SegmentedRaftLogWorker for RaftStorage:Storage Directory /workdir/hadoop-ozone/tools/target/test-dir/MiniOzoneClusterImpl-c985667c-5a49-4bf8-9026-25e6eecde886/datanode-2/data/ratis/db8d0a95-7d7d-4d0b-a31a-9518ae2911c4
2019-11-13 00:18:47,619 [pool-27-thread-1] INFO  segmented.SegmentedRaftLogWorker (SegmentedRaftLogWorker.java:<init>(173)) - new c8dc3d0b-8f4d-49f1-a0ba-66fc0675f2cd@group-9518AE2911C4-SegmentedRaftLogWorker for RaftStorage:Storage Directory /workdir/hadoop-ozone/tools/target/test-dir/MiniOzoneClusterImpl-c985667c-5a49-4bf8-9026-25e6eecde886/datanode-0/data/ratis/db8d0a95-7d7d-4d0b-a31a-9518ae2911c4
2019-11-13 00:18:47,619 [pool-37-thread-1] INFO  server.RaftServerConfigKeys (ConfUtils.java:logGet(43)) - raft.server.log.preallocated.size = 16384 (custom)
2019-11-13 00:18:47,619 [pool-27-thread-1] INFO  server.RaftServerConfigKeys (ConfUtils.java:logGet(43)) - raft.server.log.queue.byte-limit = 2147483647 (custom)
2019-11-13 00:18:47,619 [pool-47-thread-1] INFO  server.RaftServerConfigKeys (ConfUtils.java:logGet(43)) - raft.server.log.queue.byte-limit = 2147483647 (custom)
2019-11-13 00:18:47,620 [pool-27-thread-1] INFO  server.RaftServerConfigKeys (ConfUtils.java:logGet(43)) - raft.server.log.queue.element-limit = 1024 (custom)
2019-11-13 00:18:47,619 [pool-37-thread-1] INFO  server.RaftServerConfigKeys (ConfUtils.java:logGet(43)) - raft.server.log.write.buffer.size = 33554432 (custom)
2019-11-13 00:18:47,620 [pool-27-thread-1] INFO  server.RaftServerConfigKeys (ConfUtils.java:logGet(43)) - raft.server.log.segment.size.max = 1048576 (custom)
2019-11-13 00:18:47,620 [pool-47-thread-1] INFO  server.RaftServerConfigKeys (ConfUtils.java:logGet(43)) - raft.server.log.queue.element-limit = 1024 (custom)
2019-11-13 00:18:47,620 [pool-27-thread-1] INFO  server.RaftServerConfigKeys (ConfUtils.java:logGet(43)) - raft.server.log.preallocated.size = 16384 (custom)
2019-11-13 00:18:47,620 [pool-37-thread-1] INFO  server.RaftServerConfigKeys (ConfUtils.java:logGet(43)) - raft.server.log.force.sync.num = 128 (default)
2019-11-13 00:18:47,621 [pool-27-thread-1] INFO  server.RaftServerConfigKeys (ConfUtils.java:logGet(43)) - raft.server.log.write.buffer.size = 33554432 (custom)
2019-11-13 00:18:47,621 [pool-47-thread-1] INFO  server.RaftServerConfigKeys (ConfUtils.java:logGet(43)) - raft.server.log.segment.size.max = 1048576 (custom)
2019-11-13 00:18:47,621 [pool-27-thread-1] INFO  server.RaftServerConfigKeys (ConfUtils.java:logGet(43)) - raft.server.log.force.sync.num = 128 (default)
2019-11-13 00:18:47,621 [pool-37-thread-1] INFO  server.RaftServerConfigKeys (ConfUtils.java:logGet(43)) - raft.server.log.statemachine.data.sync = true (default)
2019-11-13 00:18:47,621 [pool-27-thread-1] INFO  server.RaftServerConfigKeys (ConfUtils.java:logGet(43)) - raft.server.log.statemachine.data.sync = true (default)
2019-11-13 00:18:47,621 [pool-47-thread-1] INFO  server.RaftServerConfigKeys (ConfUtils.java:logGet(43)) - raft.server.log.preallocated.size = 16384 (custom)
2019-11-13 00:18:47,622 [pool-27-thread-1] INFO  server.RaftServerConfigKeys (ConfUtils.java:logGet(43)) - raft.server.log.statemachine.data.sync.timeout = 10s (default)
2019-11-13 00:18:47,622 [pool-37-thread-1] INFO  server.RaftServerConfigKeys (ConfUtils.java:logGet(43)) - raft.server.log.statemachine.data.sync.timeout = 10s (default)
2019-11-13 00:18:47,622 [pool-27-thread-1] INFO  server.RaftServerConfigKeys (ConfUtils.java:logGet(43)) - raft.server.log.statemachine.data.sync.timeout.retry = -1 (default)
2019-11-13 00:18:47,622 [pool-47-thread-1] INFO  server.RaftServerConfigKeys (ConfUtils.java:logGet(43)) - raft.server.log.write.buffer.size = 33554432 (custom)
2019-11-13 00:18:47,623 [pool-47-thread-1] INFO  server.RaftServerConfigKeys (ConfUtils.java:logGet(43)) - raft.server.log.force.sync.num = 128 (default)
2019-11-13 00:18:47,623 [pool-47-thread-1] INFO  server.RaftServerConfigKeys (ConfUtils.java:logGet(43)) - raft.server.log.statemachine.data.sync = true (default)
2019-11-13 00:18:47,623 [pool-47-thread-1] INFO  server.RaftServerConfigKeys (ConfUtils.java:logGet(43)) - raft.server.log.statemachine.data.sync.timeout = 10s (default)
2019-11-13 00:18:47,623 [pool-47-thread-1] INFO  server.RaftServerConfigKeys (ConfUtils.java:logGet(43)) - raft.server.log.statemachine.data.sync.timeout.retry = -1 (default)
2019-11-13 00:18:47,624 [pool-47-thread-1] INFO  server.RaftServerConfigKeys (ConfUtils.java:logGet(43)) - raft.server.log.statemachine.data.caching.enabled = true (custom)
2019-11-13 00:18:47,624 [pool-47-thread-1] INFO  segmented.SegmentedRaftLogWorker (SegmentedRaftLogWorker.java:lambda$new$0(128)) - c7ec1e8a-5c22-4467-ad32-59becfa95183@group-9518AE2911C4-SegmentedRaftLogWorker: flushIndex: setUnconditionally 0 -> -1
2019-11-13 00:18:47,622 [pool-37-thread-1] INFO  server.RaftServerConfigKeys (ConfUtils.java:logGet(43)) - raft.server.log.statemachine.data.sync.timeout.retry = -1 (default)
2019-11-13 00:18:47,623 [pool-27-thread-1] INFO  server.RaftServerConfigKeys (ConfUtils.java:logGet(43)) - raft.server.log.statemachine.data.caching.enabled = true (custom)
2019-11-13 00:18:47,625 [pool-47-thread-1] INFO  server.RaftServerConfigKeys (ConfUtils.java:logGet(43)) - raft.server.snapshot.auto.trigger.enabled = true (custom)
2019-11-13 00:18:47,625 [pool-27-thread-1] INFO  segmented.SegmentedRaftLogWorker (SegmentedRaftLogWorker.java:lambda$new$0(128)) - c8dc3d0b-8f4d-49f1-a0ba-66fc0675f2cd@group-9518AE2911C4-SegmentedRaftLogWorker: flushIndex: setUnconditionally 0 -> -1
2019-11-13 00:18:47,625 [pool-37-thread-1] INFO  server.RaftServerConfigKeys (ConfUtils.java:logGet(43)) - raft.server.log.statemachine.data.caching.enabled = true (custom)
2019-11-13 00:18:47,626 [pool-27-thread-1] INFO  server.RaftServerConfigKeys (ConfUtils.java:logGet(43)) - raft.server.snapshot.auto.trigger.enabled = true (custom)
2019-11-13 00:18:47,625 [pool-47-thread-1] INFO  server.RaftServerConfigKeys (ConfUtils.java:logGet(43)) - raft.server.snapshot.auto.trigger.threshold = 10000 (custom)
2019-11-13 00:18:47,626 [pool-27-thread-1] INFO  server.RaftServerConfigKeys (ConfUtils.java:logGet(43)) - raft.server.snapshot.auto.trigger.threshold = 10000 (custom)
2019-11-13 00:18:47,626 [pool-37-thread-1] INFO  segmented.SegmentedRaftLogWorker (SegmentedRaftLogWorker.java:lambda$new$0(128)) - b3d8fb16-6440-47b2-97ce-3aa43dcbcb47@group-9518AE2911C4-SegmentedRaftLogWorker: flushIndex: setUnconditionally 0 -> -1
2019-11-13 00:18:47,626 [pool-27-thread-1] INFO  server.RaftServerConfigKeys (ConfUtils.java:logGet(43)) - raft.server.snapshot.retention.file.num = 5 (custom)
2019-11-13 00:18:47,626 [pool-47-thread-1] INFO  server.RaftServerConfigKeys (ConfUtils.java:logGet(43)) - raft.server.snapshot.retention.file.num = 5 (custom)
2019-11-13 00:18:47,627 [pool-27-thread-1] INFO  server.RaftServerConfigKeys (ConfUtils.java:logGet(43)) - raft.server.retrycache.expirytime = 600000ms (custom)
2019-11-13 00:18:47,627 [pool-37-thread-1] INFO  server.RaftServerConfigKeys (ConfUtils.java:logGet(43)) - raft.server.snapshot.auto.trigger.enabled = true (custom)
2019-11-13 00:18:47,627 [pool-27-thread-1] WARN  impl.MetricRegistriesImpl (MetricRegistriesImpl.java:lambda$create$1(61)) - First MetricRegistry has been created without registering reporters. You may need to call MetricRegistries.global().addReportRegistration(...) before.
2019-11-13 00:18:47,627 [pool-47-thread-1] INFO  server.RaftServerConfigKeys (ConfUtils.java:logGet(43)) - raft.server.retrycache.expirytime = 600000ms (custom)
2019-11-13 00:18:47,628 [pool-27-thread-1] WARN  impl.MetricRegistriesImpl (MetricRegistriesImpl.java:lambda$create$1(61)) - First MetricRegistry has been created without registering reporters. You may need to call MetricRegistries.global().addReportRegistration(...) before.
2019-11-13 00:18:47,627 [pool-37-thread-1] INFO  server.RaftServerConfigKeys (ConfUtils.java:logGet(43)) - raft.server.snapshot.auto.trigger.threshold = 10000 (custom)
2019-11-13 00:18:47,628 [pool-27-thread-1] INFO  impl.RaftServerImpl (RaftServerImpl.java:start(184)) - c8dc3d0b-8f4d-49f1-a0ba-66fc0675f2cd@group-9518AE2911C4: start as a follower, conf=-1: [c8dc3d0b-8f4d-49f1-a0ba-66fc0675f2cd:192.168.69.93:36452, b3d8fb16-6440-47b2-97ce-3aa43dcbcb47:192.168.69.93:35320, c7ec1e8a-5c22-4467-ad32-59becfa95183:192.168.69.93:40725], old=null
2019-11-13 00:18:47,628 [pool-47-thread-1] WARN  impl.MetricRegistriesImpl (MetricRegistriesImpl.java:lambda$create$1(61)) - First MetricRegistry has been created without registering reporters. You may need to call MetricRegistries.global().addReportRegistration(...) before.
2019-11-13 00:18:47,628 [pool-27-thread-1] INFO  impl.RaftServerImpl (RaftServerImpl.java:setRole(173)) - c8dc3d0b-8f4d-49f1-a0ba-66fc0675f2cd@group-9518AE2911C4: changes role from      null to FOLLOWER at term 0 for startAsFollower
2019-11-13 00:18:47,628 [pool-37-thread-1] INFO  server.RaftServerConfigKeys (ConfUtils.java:logGet(43)) - raft.server.snapshot.retention.file.num = 5 (custom)
2019-11-13 00:18:47,629 [pool-27-thread-1] INFO  impl.RoleInfo (RoleInfo.java:updateAndGet(143)) - c8dc3d0b-8f4d-49f1-a0ba-66fc0675f2cd: start FollowerState
2019-11-13 00:18:47,629 [pool-47-thread-1] WARN  impl.MetricRegistriesImpl (MetricRegistriesImpl.java:lambda$create$1(61)) - First MetricRegistry has been created without registering reporters. You may need to call MetricRegistries.global().addReportRegistration(...) before.
2019-11-13 00:18:47,630 [pool-47-thread-1] INFO  impl.RaftServerImpl (RaftServerImpl.java:start(184)) - c7ec1e8a-5c22-4467-ad32-59becfa95183@group-9518AE2911C4: start as a follower, conf=-1: [c8dc3d0b-8f4d-49f1-a0ba-66fc0675f2cd:192.168.69.93:36452, b3d8fb16-6440-47b2-97ce-3aa43dcbcb47:192.168.69.93:35320, c7ec1e8a-5c22-4467-ad32-59becfa95183:192.168.69.93:40725], old=null
2019-11-13 00:18:47,630 [pool-27-thread-1] INFO  util.JmxRegister (JmxRegister.java:tryRegister(44)) - Successfully registered JMX Bean with object name Ratis:service=RaftServer,group=group-9518AE2911C4,id=c8dc3d0b-8f4d-49f1-a0ba-66fc0675f2cd
2019-11-13 00:18:47,629 [pool-37-thread-1] INFO  server.RaftServerConfigKeys (ConfUtils.java:logGet(43)) - raft.server.retrycache.expirytime = 600000ms (custom)
2019-11-13 00:18:47,630 [pool-27-thread-1] WARN  impl.MetricRegistriesImpl (MetricRegistriesImpl.java:lambda$create$1(61)) - First MetricRegistry has been created without registering reporters. You may need to call MetricRegistries.global().addReportRegistration(...) before.
2019-11-13 00:18:47,630 [pool-47-thread-1] INFO  impl.RaftServerImpl (RaftServerImpl.java:setRole(173)) - c7ec1e8a-5c22-4467-ad32-59becfa95183@group-9518AE2911C4: changes role from      null to FOLLOWER at term 0 for startAsFollower
2019-11-13 00:18:47,630 [pool-37-thread-1] WARN  impl.MetricRegistriesImpl (MetricRegistriesImpl.java:lambda$create$1(61)) - First MetricRegistry has been created without registering reporters. You may need to call MetricRegistries.global().addReportRegistration(...) before.
2019-11-13 00:18:47,631 [pool-47-thread-1] INFO  impl.RoleInfo (RoleInfo.java:updateAndGet(143)) - c7ec1e8a-5c22-4467-ad32-59becfa95183: start FollowerState
2019-11-13 00:18:47,631 [pool-37-thread-1] WARN  impl.MetricRegistriesImpl (MetricRegistriesImpl.java:lambda$create$1(61)) - First MetricRegistry has been created without registering reporters. You may need to call MetricRegistries.global().addReportRegistration(...) before.
2019-11-13 00:18:47,631 [pool-37-thread-1] INFO  impl.RaftServerImpl (RaftServerImpl.java:start(184)) - b3d8fb16-6440-47b2-97ce-3aa43dcbcb47@group-9518AE2911C4: start as a follower, conf=-1: [c8dc3d0b-8f4d-49f1-a0ba-66fc0675f2cd:192.168.69.93:36452, b3d8fb16-6440-47b2-97ce-3aa43dcbcb47:192.168.69.93:35320, c7ec1e8a-5c22-4467-ad32-59becfa95183:192.168.69.93:40725], old=null
2019-11-13 00:18:47,631 [pool-37-thread-1] INFO  impl.RaftServerImpl (RaftServerImpl.java:setRole(173)) - b3d8fb16-6440-47b2-97ce-3aa43dcbcb47@group-9518AE2911C4: changes role from      null to FOLLOWER at term 0 for startAsFollower
2019-11-13 00:18:47,631 [pool-47-thread-1] INFO  util.JmxRegister (JmxRegister.java:tryRegister(44)) - Successfully registered JMX Bean with object name Ratis:service=RaftServer,group=group-9518AE2911C4,id=c7ec1e8a-5c22-4467-ad32-59becfa95183
2019-11-13 00:18:47,632 [pool-37-thread-1] INFO  impl.RoleInfo (RoleInfo.java:updateAndGet(143)) - b3d8fb16-6440-47b2-97ce-3aa43dcbcb47: start FollowerState
2019-11-13 00:18:47,632 [pool-47-thread-1] WARN  impl.MetricRegistriesImpl (MetricRegistriesImpl.java:lambda$create$1(61)) - First MetricRegistry has been created without registering reporters. You may need to call MetricRegistries.global().addReportRegistration(...) before.
2019-11-13 00:18:47,634 [pool-37-thread-1] INFO  util.JmxRegister (JmxRegister.java:tryRegister(44)) - Successfully registered JMX Bean with object name Ratis:service=RaftServer,group=group-9518AE2911C4,id=b3d8fb16-6440-47b2-97ce-3aa43dcbcb47
2019-11-13 00:18:47,634 [pool-37-thread-1] WARN  impl.MetricRegistriesImpl (MetricRegistriesImpl.java:lambda$create$1(61)) - First MetricRegistry has been created without registering reporters. You may need to call MetricRegistries.global().addReportRegistration(...) before.
2019-11-13 00:18:47,638 [RatisPipelineUtilsThread] INFO  pipeline.PipelineStateManager (PipelineStateManager.java:addPipeline(55)) - Created pipeline Pipeline[ Id: db8d0a95-7d7d-4d0b-a31a-9518ae2911c4, Nodes: c8dc3d0b-8f4d-49f1-a0ba-66fc0675f2cd{ip: 192.168.69.93, host: pr-hdds-2105-428fw-2136415640, networkLocation: /default-rack, certSerialId: null}c7ec1e8a-5c22-4467-ad32-59becfa95183{ip: 192.168.69.93, host: pr-hdds-2105-428fw-2136415640, networkLocation: /default-rack, certSerialId: null}b3d8fb16-6440-47b2-97ce-3aa43dcbcb47{ip: 192.168.69.93, host: pr-hdds-2105-428fw-2136415640, networkLocation: /default-rack, certSerialId: null}, Type:RATIS, Factor:THREE, State:ALLOCATED]
2019-11-13 00:18:47,675 [main] INFO  freon.RandomKeyGenerator (RandomKeyGenerator.java:call(283)) - Number of Threads: 10
2019-11-13 00:18:47,675 [main] INFO  freon.RandomKeyGenerator (RandomKeyGenerator.java:call(288)) - Number of Volumes: 1.
2019-11-13 00:18:47,675 [main] INFO  freon.RandomKeyGenerator (RandomKeyGenerator.java:call(289)) - Number of Buckets per Volume: 1.
2019-11-13 00:18:47,675 [main] INFO  freon.RandomKeyGenerator (RandomKeyGenerator.java:call(290)) - Number of Keys per Bucket: 1.
2019-11-13 00:18:47,675 [main] INFO  freon.RandomKeyGenerator (RandomKeyGenerator.java:call(291)) - Key size: 20971520 bytes
2019-11-13 00:18:47,675 [main] INFO  freon.RandomKeyGenerator (RandomKeyGenerator.java:call(292)) - Buffer size: 4096 bytes
2019-11-13 00:18:47,675 [main] INFO  freon.RandomKeyGenerator (RandomKeyGenerator.java:call(293)) - validateWrites : true
2019-11-13 00:18:47,676 [main] INFO  freon.RandomKeyGenerator (RandomKeyGenerator.java:call(307)) - Data validation is enabled.
2019-11-13 00:18:47,677 [main] INFO  freon.RandomKeyGenerator (RandomKeyGenerator.java:call(313)) - Starting progress bar Thread.

 0.00% |?                                                                                                    |  0/1 Time: 0:00:002019-11-13 00:18:47,677 [pool-59-thread-1] INFO  rpc.RpcClient (RpcClient.java:createVolume(292)) - Creating Volume: vol-0-71389, with jenkins1000 as owner.
2019-11-13 00:18:47,683 [IPC Server handler 1 on 43128] INFO  volume.OMVolumeCreateRequest (OMVolumeCreateRequest.java:validateAndUpdateCache(193)) - created volume:vol-0-71389 for user:jenkins1000
2019-11-13 00:18:47,717 [pool-59-thread-3] INFO  rpc.RpcClient (RpcClient.java:createBucket(431)) - Creating Bucket: vol-0-71389/bucket-0-09817, with Versioning false and Storage Type set to DISK and Encryption set to false 
2019-11-13 00:18:47,776 [IPC Server handler 0 on 41780] WARN  block.BlockManagerImpl (BlockManagerImpl.java:allocateBlock(200)) - Pipeline creation failed for type:RATIS factor:THREE. Retrying get pipelines call once.
org.apache.hadoop.hdds.scm.pipeline.InsufficientDatanodesException: Cannot create pipeline of factor 3 using 0 nodes.
	at org.apache.hadoop.hdds.scm.pipeline.RatisPipelineProvider.create(RatisPipelineProvider.java:153)
	at org.apache.hadoop.hdds.scm.pipeline.PipelineFactory.create(PipelineFactory.java:58)
	at org.apache.hadoop.hdds.scm.pipeline.SCMPipelineManager.createPipeline(SCMPipelineManager.java:155)
	at org.apache.hadoop.hdds.scm.block.BlockManagerImpl.allocateBlock(BlockManagerImpl.java:198)
	at org.apache.hadoop.hdds.scm.server.SCMBlockProtocolServer.allocateBlock(SCMBlockProtocolServer.java:187)
	at org.apache.hadoop.hdds.scm.protocol.ScmBlockLocationProtocolServerSideTranslatorPB.allocateScmBlock(ScmBlockLocationProtocolServerSideTranslatorPB.java:159)
	at org.apache.hadoop.hdds.scm.protocol.ScmBlockLocationProtocolServerSideTranslatorPB.processMessage(ScmBlockLocationProtocolServerSideTranslatorPB.java:117)
	at org.apache.hadoop.hdds.server.OzoneProtocolMessageDispatcher.processRequest(OzoneProtocolMessageDispatcher.java:72)
	at org.apache.hadoop.hdds.scm.protocol.ScmBlockLocationProtocolServerSideTranslatorPB.send(ScmBlockLocationProtocolServerSideTranslatorPB.java:98)
	at org.apache.hadoop.hdds.protocol.proto.ScmBlockLocationProtocolProtos$ScmBlockLocationProtocolService$2.callBlockingMethod(ScmBlockLocationProtocolProtos.java:13157)
	at org.apache.hadoop.ipc.ProtobufRpcEngine$Server$ProtoBufRpcInvoker.call(ProtobufRpcEngine.java:524)
	at org.apache.hadoop.ipc.RPC$Server.call(RPC.java:1025)
	at org.apache.hadoop.ipc.Server$RpcCall.run(Server.java:876)
	at org.apache.hadoop.ipc.Server$RpcCall.run(Server.java:822)
	at java.security.AccessController.doPrivileged(Native Method)
	at javax.security.auth.Subject.doAs(Subject.java:422)
	at org.apache.hadoop.security.UserGroupInformation.doAs(UserGroupInformation.java:1730)
	at org.apache.hadoop.ipc.Server$Handler.run(Server.java:2682)
2019-11-13 00:18:47,778 [IPC Server handler 0 on 41780] INFO  block.BlockManagerImpl (BlockManagerImpl.java:allocateBlock(212)) - Could not find available pipeline of type:RATIS and factor:THREE even after retrying
2019-11-13 00:18:47,779 [IPC Server handler 0 on 41780] ERROR block.BlockManagerImpl (BlockManagerImpl.java:allocateBlock(236)) - Unable to allocate a block for the size: 4194304, type: RATIS, factor: THREE
2019-11-13 00:18:47,779 [IPC Server handler 0 on 41780] WARN  block.BlockManagerImpl (BlockManagerImpl.java:allocateBlock(200)) - Pipeline creation failed for type:RATIS factor:THREE. Retrying get pipelines call once.
org.apache.hadoop.hdds.scm.pipeline.InsufficientDatanodesException: Cannot create pipeline of factor 3 using 0 nodes.
	at org.apache.hadoop.hdds.scm.pipeline.RatisPipelineProvider.create(RatisPipelineProvider.java:153)
	at org.apache.hadoop.hdds.scm.pipeline.PipelineFactory.create(PipelineFactory.java:58)
	at org.apache.hadoop.hdds.scm.pipeline.SCMPipelineManager.createPipeline(SCMPipelineManager.java:155)
	at org.apache.hadoop.hdds.scm.block.BlockManagerImpl.allocateBlock(BlockManagerImpl.java:198)
	at org.apache.hadoop.hdds.scm.server.SCMBlockProtocolServer.allocateBlock(SCMBlockProtocolServer.java:187)
	at org.apache.hadoop.hdds.scm.protocol.ScmBlockLocationProtocolServerSideTranslatorPB.allocateScmBlock(ScmBlockLocationProtocolServerSideTranslatorPB.java:159)
	at org.apache.hadoop.hdds.scm.protocol.ScmBlockLocationProtocolServerSideTranslatorPB.processMessage(ScmBlockLocationProtocolServerSideTranslatorPB.java:117)
	at org.apache.hadoop.hdds.server.OzoneProtocolMessageDispatcher.processRequest(OzoneProtocolMessageDispatcher.java:72)
	at org.apache.hadoop.hdds.scm.protocol.ScmBlockLocationProtocolServerSideTranslatorPB.send(ScmBlockLocationProtocolServerSideTranslatorPB.java:98)
	at org.apache.hadoop.hdds.protocol.proto.ScmBlockLocationProtocolProtos$ScmBlockLocationProtocolService$2.callBlockingMethod(ScmBlockLocationProtocolProtos.java:13157)
	at org.apache.hadoop.ipc.ProtobufRpcEngine$Server$ProtoBufRpcInvoker.call(ProtobufRpcEngine.java:524)
	at org.apache.hadoop.ipc.RPC$Server.call(RPC.java:1025)
	at org.apache.hadoop.ipc.Server$RpcCall.run(Server.java:876)
	at org.apache.hadoop.ipc.Server$RpcCall.run(Server.java:822)
	at java.security.AccessController.doPrivileged(Native Method)
	at javax.security.auth.Subject.doAs(Subject.java:422)
	at org.apache.hadoop.security.UserGroupInformation.doAs(UserGroupInformation.java:1730)
	at org.apache.hadoop.ipc.Server$Handler.run(Server.java:2682)
2019-11-13 00:18:47,780 [IPC Server handler 0 on 41780] INFO  block.BlockManagerImpl (BlockManagerImpl.java:allocateBlock(212)) - Could not find available pipeline of type:RATIS and factor:THREE even after retrying
2019-11-13 00:18:47,780 [IPC Server handler 0 on 41780] ERROR block.BlockManagerImpl (BlockManagerImpl.java:allocateBlock(236)) - Unable to allocate a block for the size: 4194304, type: RATIS, factor: THREE
2019-11-13 00:18:47,780 [IPC Server handler 0 on 41780] WARN  block.BlockManagerImpl (BlockManagerImpl.java:allocateBlock(200)) - Pipeline creation failed for type:RATIS factor:THREE. Retrying get pipelines call once.
org.apache.hadoop.hdds.scm.pipeline.InsufficientDatanodesException: Cannot create pipeline of factor 3 using 0 nodes.
	at org.apache.hadoop.hdds.scm.pipeline.RatisPipelineProvider.create(RatisPipelineProvider.java:153)
	at org.apache.hadoop.hdds.scm.pipeline.PipelineFactory.create(PipelineFactory.java:58)
	at org.apache.hadoop.hdds.scm.pipeline.SCMPipelineManager.createPipeline(SCMPipelineManager.java:155)
	at org.apache.hadoop.hdds.scm.block.BlockManagerImpl.allocateBlock(BlockManagerImpl.java:198)
	at org.apache.hadoop.hdds.scm.server.SCMBlockProtocolServer.allocateBlock(SCMBlockProtocolServer.java:187)
	at org.apache.hadoop.hdds.scm.protocol.ScmBlockLocationProtocolServerSideTranslatorPB.allocateScmBlock(ScmBlockLocationProtocolServerSideTranslatorPB.java:159)
	at org.apache.hadoop.hdds.scm.protocol.ScmBlockLocationProtocolServerSideTranslatorPB.processMessage(ScmBlockLocationProtocolServerSideTranslatorPB.java:117)
	at org.apache.hadoop.hdds.server.OzoneProtocolMessageDispatcher.processRequest(OzoneProtocolMessageDispatcher.java:72)
	at org.apache.hadoop.hdds.scm.protocol.ScmBlockLocationProtocolServerSideTranslatorPB.send(ScmBlockLocationProtocolServerSideTranslatorPB.java:98)
	at org.apache.hadoop.hdds.protocol.proto.ScmBlockLocationProtocolProtos$ScmBlockLocationProtocolService$2.callBlockingMethod(ScmBlockLocationProtocolProtos.java:13157)
	at org.apache.hadoop.ipc.ProtobufRpcEngine$Server$ProtoBufRpcInvoker.call(ProtobufRpcEngine.java:524)
	at org.apache.hadoop.ipc.RPC$Server.call(RPC.java:1025)
	at org.apache.hadoop.ipc.Server$RpcCall.run(Server.java:876)
	at org.apache.hadoop.ipc.Server$RpcCall.run(Server.java:822)
	at java.security.AccessController.doPrivileged(Native Method)
	at javax.security.auth.Subject.doAs(Subject.java:422)
	at org.apache.hadoop.security.UserGroupInformation.doAs(UserGroupInformation.java:1730)
	at org.apache.hadoop.ipc.Server$Handler.run(Server.java:2682)
2019-11-13 00:18:47,781 [IPC Server handler 0 on 41780] INFO  block.BlockManagerImpl (BlockManagerImpl.java:allocateBlock(212)) - Could not find available pipeline of type:RATIS and factor:THREE even after retrying
2019-11-13 00:18:47,781 [IPC Server handler 0 on 41780] ERROR block.BlockManagerImpl (BlockManagerImpl.java:allocateBlock(236)) - Unable to allocate a block for the size: 4194304, type: RATIS, factor: THREE
2019-11-13 00:18:47,782 [IPC Server handler 0 on 41780] WARN  block.BlockManagerImpl (BlockManagerImpl.java:allocateBlock(200)) - Pipeline creation failed for type:RATIS factor:THREE. Retrying get pipelines call once.
org.apache.hadoop.hdds.scm.pipeline.InsufficientDatanodesException: Cannot create pipeline of factor 3 using 0 nodes.
	at org.apache.hadoop.hdds.scm.pipeline.RatisPipelineProvider.create(RatisPipelineProvider.java:153)
	at org.apache.hadoop.hdds.scm.pipeline.PipelineFactory.create(PipelineFactory.java:58)
	at org.apache.hadoop.hdds.scm.pipeline.SCMPipelineManager.createPipeline(SCMPipelineManager.java:155)
	at org.apache.hadoop.hdds.scm.block.BlockManagerImpl.allocateBlock(BlockManagerImpl.java:198)
	at org.apache.hadoop.hdds.scm.server.SCMBlockProtocolServer.allocateBlock(SCMBlockProtocolServer.java:187)
	at org.apache.hadoop.hdds.scm.protocol.ScmBlockLocationProtocolServerSideTranslatorPB.allocateScmBlock(ScmBlockLocationProtocolServerSideTranslatorPB.java:159)
	at org.apache.hadoop.hdds.scm.protocol.ScmBlockLocationProtocolServerSideTranslatorPB.processMessage(ScmBlockLocationProtocolServerSideTranslatorPB.java:117)
	at org.apache.hadoop.hdds.server.OzoneProtocolMessageDispatcher.processRequest(OzoneProtocolMessageDispatcher.java:72)
	at org.apache.hadoop.hdds.scm.protocol.ScmBlockLocationProtocolServerSideTranslatorPB.send(ScmBlockLocationProtocolServerSideTranslatorPB.java:98)
	at org.apache.hadoop.hdds.protocol.proto.ScmBlockLocationProtocolProtos$ScmBlockLocationProtocolService$2.callBlockingMethod(ScmBlockLocationProtocolProtos.java:13157)
	at org.apache.hadoop.ipc.ProtobufRpcEngine$Server$ProtoBufRpcInvoker.call(ProtobufRpcEngine.java:524)
	at org.apache.hadoop.ipc.RPC$Server.call(RPC.java:1025)
	at org.apache.hadoop.ipc.Server$RpcCall.run(Server.java:876)
	at org.apache.hadoop.ipc.Server$RpcCall.run(Server.java:822)
	at java.security.AccessController.doPrivileged(Native Method)
	at javax.security.auth.Subject.doAs(Subject.java:422)
	at org.apache.hadoop.security.UserGroupInformation.doAs(UserGroupInformation.java:1730)
	at org.apache.hadoop.ipc.Server$Handler.run(Server.java:2682)
2019-11-13 00:18:47,782 [IPC Server handler 0 on 41780] INFO  block.BlockManagerImpl (BlockManagerImpl.java:allocateBlock(212)) - Could not find available pipeline of type:RATIS and factor:THREE even after retrying
2019-11-13 00:18:47,782 [IPC Server handler 0 on 41780] ERROR block.BlockManagerImpl (BlockManagerImpl.java:allocateBlock(236)) - Unable to allocate a block for the size: 4194304, type: RATIS, factor: THREE
2019-11-13 00:18:47,783 [IPC Server handler 0 on 41780] WARN  block.BlockManagerImpl (BlockManagerImpl.java:allocateBlock(200)) - Pipeline creation failed for type:RATIS factor:THREE. Retrying get pipelines call once.
org.apache.hadoop.hdds.scm.pipeline.InsufficientDatanodesException: Cannot create pipeline of factor 3 using 0 nodes.
	at org.apache.hadoop.hdds.scm.pipeline.RatisPipelineProvider.create(RatisPipelineProvider.java:153)
	at org.apache.hadoop.hdds.scm.pipeline.PipelineFactory.create(PipelineFactory.java:58)
	at org.apache.hadoop.hdds.scm.pipeline.SCMPipelineManager.createPipeline(SCMPipelineManager.java:155)
	at org.apache.hadoop.hdds.scm.block.BlockManagerImpl.allocateBlock(BlockManagerImpl.java:198)
	at org.apache.hadoop.hdds.scm.server.SCMBlockProtocolServer.allocateBlock(SCMBlockProtocolServer.java:187)
	at org.apache.hadoop.hdds.scm.protocol.ScmBlockLocationProtocolServerSideTranslatorPB.allocateScmBlock(ScmBlockLocationProtocolServerSideTranslatorPB.java:159)
	at org.apache.hadoop.hdds.scm.protocol.ScmBlockLocationProtocolServerSideTranslatorPB.processMessage(ScmBlockLocationProtocolServerSideTranslatorPB.java:117)
	at org.apache.hadoop.hdds.server.OzoneProtocolMessageDispatcher.processRequest(OzoneProtocolMessageDispatcher.java:72)
	at org.apache.hadoop.hdds.scm.protocol.ScmBlockLocationProtocolServerSideTranslatorPB.send(ScmBlockLocationProtocolServerSideTranslatorPB.java:98)
	at org.apache.hadoop.hdds.protocol.proto.ScmBlockLocationProtocolProtos$ScmBlockLocationProtocolService$2.callBlockingMethod(ScmBlockLocationProtocolProtos.java:13157)
	at org.apache.hadoop.ipc.ProtobufRpcEngine$Server$ProtoBufRpcInvoker.call(ProtobufRpcEngine.java:524)
	at org.apache.hadoop.ipc.RPC$Server.call(RPC.java:1025)
	at org.apache.hadoop.ipc.Server$RpcCall.run(Server.java:876)
	at org.apache.hadoop.ipc.Server$RpcCall.run(Server.java:822)
	at java.security.AccessController.doPrivileged(Native Method)
	at javax.security.auth.Subject.doAs(Subject.java:422)
	at org.apache.hadoop.security.UserGroupInformation.doAs(UserGroupInformation.java:1730)
	at org.apache.hadoop.ipc.Server$Handler.run(Server.java:2682)
2019-11-13 00:18:47,783 [IPC Server handler 0 on 41780] INFO  block.BlockManagerImpl (BlockManagerImpl.java:allocateBlock(212)) - Could not find available pipeline of type:RATIS and factor:THREE even after retrying
2019-11-13 00:18:47,784 [IPC Server handler 0 on 41780] ERROR block.BlockManagerImpl (BlockManagerImpl.java:allocateBlock(236)) - Unable to allocate a block for the size: 4194304, type: RATIS, factor: THREE
2019-11-13 00:18:47,788 [pool-59-thread-2] ERROR freon.RandomKeyGenerator (RandomKeyGenerator.java:createKey(735)) - Exception while adding key: key-0-58403 in bucket: bucket-0-09817 of volume: vol-0-71389.
INTERNAL_ERROR org.apache.hadoop.ozone.om.exceptions.OMException: Allocated 0 blocks. Requested 5 blocks
	at org.apache.hadoop.ozone.om.protocolPB.OzoneManagerProtocolClientSideTranslatorPB.handleError(OzoneManagerProtocolClientSideTranslatorPB.java:761)
	at org.apache.hadoop.ozone.om.protocolPB.OzoneManagerProtocolClientSideTranslatorPB.openKey(OzoneManagerProtocolClientSideTranslatorPB.java:752)
	at sun.reflect.NativeMethodAccessorImpl.invoke0(Native Method)
	at sun.reflect.NativeMethodAccessorImpl.invoke(NativeMethodAccessorImpl.java:62)
	at sun.reflect.DelegatingMethodAccessorImpl.invoke(DelegatingMethodAccessorImpl.java:43)
	at java.lang.reflect.Method.invoke(Method.java:498)
	at org.apache.hadoop.hdds.tracing.TraceAllMethod.invoke(TraceAllMethod.java:66)
	at com.sun.proxy.$Proxy37.openKey(Unknown Source)
	at org.apache.hadoop.ozone.client.rpc.RpcClient.createKey(RpcClient.java:634)
	at org.apache.hadoop.ozone.client.OzoneBucket.createKey(OzoneBucket.java:325)
	at org.apache.hadoop.ozone.freon.RandomKeyGenerator.createKey(RandomKeyGenerator.java:697)
	at org.apache.hadoop.ozone.freon.RandomKeyGenerator.access$1100(RandomKeyGenerator.java:88)
	at org.apache.hadoop.ozone.freon.RandomKeyGenerator$ObjectCreator.run(RandomKeyGenerator.java:615)
	at java.util.concurrent.Executors$RunnableAdapter.call(Executors.java:511)
	at java.util.concurrent.FutureTask.run(FutureTask.java:266)
	at java.util.concurrent.ThreadPoolExecutor.runWorker(ThreadPoolExecutor.java:1149)
	at java.util.concurrent.ThreadPoolExecutor$Worker.run(ThreadPoolExecutor.java:624)
	at java.lang.Thread.run(Thread.java:748)
 0.00% |?                                                                                                    |  0/1 Time: 0:00:01 0.00% |?                                                                                                    |  0/1 Time: 0:00:02 0.00% |?                                                                                                    |  0/1 Time: 0:00:03 0.00% |?                                                                                                    |  0/1 Time: 0:00:042019-11-13 00:18:52,673 [Thread-487] INFO  impl.FollowerState (FollowerState.java:run(111)) - c7ec1e8a-5c22-4467-ad32-59becfa95183@group-9518AE2911C4-FollowerState: change to CANDIDATE, lastRpcTime:5041ms, electionTimeout:5041ms
2019-11-13 00:18:52,673 [Thread-487] INFO  impl.RoleInfo (RoleInfo.java:shutdownFollowerState(121)) - c7ec1e8a-5c22-4467-ad32-59becfa95183: shutdown FollowerState
2019-11-13 00:18:52,673 [Thread-487] INFO  impl.RaftServerImpl (RaftServerImpl.java:setRole(173)) - c7ec1e8a-5c22-4467-ad32-59becfa95183@group-9518AE2911C4: changes role from  FOLLOWER to CANDIDATE at term 0 for changeToCandidate
2019-11-13 00:18:52,673 [Thread-487] INFO  impl.RoleInfo (RoleInfo.java:updateAndGet(143)) - c7ec1e8a-5c22-4467-ad32-59becfa95183: start LeaderElection
 100.00% |?????????????????????????????????????????????????????????????????????????????????????????????????????|  1/1 Time: 0:00:05
2019-11-13 00:18:52,708 [c7ec1e8a-5c22-4467-ad32-59becfa95183@group-9518AE2911C4-LeaderElection6] INFO  impl.LeaderElection (LeaderElection.java:askForVotes(178)) - c7ec1e8a-5c22-4467-ad32-59becfa95183@group-9518AE2911C4-LeaderElection6: begin an election at term 1 for -1: [c8dc3d0b-8f4d-49f1-a0ba-66fc0675f2cd:192.168.69.93:36452, b3d8fb16-6440-47b2-97ce-3aa43dcbcb47:192.168.69.93:35320, c7ec1e8a-5c22-4467-ad32-59becfa95183:192.168.69.93:40725], old=null
2019-11-13 00:18:52,718 [grpc-default-executor-0] INFO  impl.RaftServerImpl (RaftServerImpl.java:setRole(173)) - b3d8fb16-6440-47b2-97ce-3aa43dcbcb47@group-9518AE2911C4: changes role from  FOLLOWER to FOLLOWER at term 1 for recognizeCandidate:c7ec1e8a-5c22-4467-ad32-59becfa95183
2019-11-13 00:18:52,720 [grpc-default-executor-0] INFO  impl.RoleInfo (RoleInfo.java:shutdownFollowerState(121)) - b3d8fb16-6440-47b2-97ce-3aa43dcbcb47: shutdown FollowerState
2019-11-13 00:18:52,720 [grpc-default-executor-1] INFO  impl.RaftServerImpl (RaftServerImpl.java:setRole(173)) - c8dc3d0b-8f4d-49f1-a0ba-66fc0675f2cd@group-9518AE2911C4: changes role from  FOLLOWER to FOLLOWER at term 1 for recognizeCandidate:c7ec1e8a-5c22-4467-ad32-59becfa95183
2019-11-13 00:18:52,720 [grpc-default-executor-0] INFO  impl.RoleInfo (RoleInfo.java:updateAndGet(143)) - b3d8fb16-6440-47b2-97ce-3aa43dcbcb47: start FollowerState
2019-11-13 00:18:52,720 [Thread-489] INFO  impl.FollowerState (FollowerState.java:run(120)) - b3d8fb16-6440-47b2-97ce-3aa43dcbcb47@group-9518AE2911C4-FollowerState was interrupted: java.lang.InterruptedException: sleep interrupted
2019-11-13 00:18:52,720 [grpc-default-executor-1] INFO  impl.RoleInfo (RoleInfo.java:shutdownFollowerState(121)) - c8dc3d0b-8f4d-49f1-a0ba-66fc0675f2cd: shutdown FollowerState
2019-11-13 00:18:52,722 [Thread-485] INFO  impl.FollowerState (FollowerState.java:run(120)) - c8dc3d0b-8f4d-49f1-a0ba-66fc0675f2cd@group-9518AE2911C4-FollowerState was interrupted: java.lang.InterruptedException: sleep interrupted
2019-11-13 00:18:52,722 [grpc-default-executor-1] INFO  impl.RoleInfo (RoleInfo.java:updateAndGet(143)) - c8dc3d0b-8f4d-49f1-a0ba-66fc0675f2cd: start FollowerState
2019-11-13 00:18:52,754 [c7ec1e8a-5c22-4467-ad32-59becfa95183@group-9518AE2911C4-LeaderElection6] INFO  impl.LeaderElection (LeaderElection.java:logAndReturn(56)) - c7ec1e8a-5c22-4467-ad32-59becfa95183@group-9518AE2911C4-LeaderElection6: Election PASSED; received 1 response(s) [c7ec1e8a-5c22-4467-ad32-59becfa95183<-b3d8fb16-6440-47b2-97ce-3aa43dcbcb47#0:OK-t1] and 0 exception(s); c7ec1e8a-5c22-4467-ad32-59becfa95183@group-9518AE2911C4:t1, leader=null, voted=c7ec1e8a-5c22-4467-ad32-59becfa95183, raftlog=c7ec1e8a-5c22-4467-ad32-59becfa95183@group-9518AE2911C4-SegmentedRaftLog:OPENED:c-1,f-1,i0, conf=-1: [c8dc3d0b-8f4d-49f1-a0ba-66fc0675f2cd:192.168.69.93:36452, b3d8fb16-6440-47b2-97ce-3aa43dcbcb47:192.168.69.93:35320, c7ec1e8a-5c22-4467-ad32-59becfa95183:192.168.69.93:40725], old=null
2019-11-13 00:18:52,754 [c7ec1e8a-5c22-4467-ad32-59becfa95183@group-9518AE2911C4-LeaderElection6] INFO  impl.RoleInfo (RoleInfo.java:shutdownLeaderElection(134)) - c7ec1e8a-5c22-4467-ad32-59becfa95183: shutdown LeaderElection
2019-11-13 00:18:52,755 [c7ec1e8a-5c22-4467-ad32-59becfa95183@group-9518AE2911C4-LeaderElection6] INFO  impl.RaftServerImpl (RaftServerImpl.java:setRole(173)) - c7ec1e8a-5c22-4467-ad32-59becfa95183@group-9518AE2911C4: changes role from CANDIDATE to LEADER at term 1 for changeToLeader
2019-11-13 00:18:52,755 [c7ec1e8a-5c22-4467-ad32-59becfa95183@group-9518AE2911C4-LeaderElection6] INFO  ratis.XceiverServerRatis (XceiverServerRatis.java:handleLeaderChangedNotification(697)) - Leader change notification received for group: group-9518AE2911C4 with new leaderId: c7ec1e8a-5c22-4467-ad32-59becfa95183
2019-11-13 00:18:52,756 [c7ec1e8a-5c22-4467-ad32-59becfa95183@group-9518AE2911C4-LeaderElection6] INFO  impl.RaftServerImpl (ServerState.java:setLeader(255)) - c7ec1e8a-5c22-4467-ad32-59becfa95183@group-9518AE2911C4: change Leader from null to c7ec1e8a-5c22-4467-ad32-59becfa95183 at term 1 for becomeLeader, leader elected after 5139ms
2019-11-13 00:18:52,756 [c7ec1e8a-5c22-4467-ad32-59becfa95183@group-9518AE2911C4-LeaderElection6] INFO  server.RaftServerConfigKeys (ConfUtils.java:logGet(43)) - raft.server.staging.catchup.gap = 1000 (default)
2019-11-13 00:18:52,756 [c7ec1e8a-5c22-4467-ad32-59becfa95183@group-9518AE2911C4-LeaderElection6] INFO  server.RaftServerConfigKeys (ConfUtils.java:logGet(43)) - raft.server.rpc.sleep.time = 25ms (default)
2019-11-13 00:18:52,756 [c7ec1e8a-5c22-4467-ad32-59becfa95183@group-9518AE2911C4-LeaderElection6] INFO  server.RaftServerConfigKeys (ConfUtils.java:logGet(43)) - raft.server.write.element-limit = 4096 (default)
2019-11-13 00:18:52,757 [c7ec1e8a-5c22-4467-ad32-59becfa95183@group-9518AE2911C4-LeaderElection6] INFO  server.RaftServerConfigKeys (ConfUtils.java:logGet(43)) - raft.server.watch.timeout = 10s (default)
2019-11-13 00:18:52,757 [c7ec1e8a-5c22-4467-ad32-59becfa95183@group-9518AE2911C4-LeaderElection6] INFO  server.RaftServerConfigKeys (ConfUtils.java:logGet(43)) - raft.server.watch.timeout.denomination = 1s (default)
2019-11-13 00:18:52,757 [c7ec1e8a-5c22-4467-ad32-59becfa95183@group-9518AE2911C4-LeaderElection6] INFO  server.RaftServerConfigKeys (ConfUtils.java:logGet(43)) - raft.server.watch.element-limit = 65536 (default)
2019-11-13 00:18:52,757 [c7ec1e8a-5c22-4467-ad32-59becfa95183@group-9518AE2911C4-LeaderElection6] INFO  server.RaftServerConfigKeys (ConfUtils.java:logGet(43)) - raft.server.log.appender.snapshot.chunk.size.max = 16MB (=16777216) (default)
2019-11-13 00:18:52,758 [c7ec1e8a-5c22-4467-ad32-59becfa95183@group-9518AE2911C4-LeaderElection6] INFO  server.RaftServerConfigKeys (ConfUtils.java:logGet(43)) - raft.server.log.appender.buffer.byte-limit = 33554432 (custom)
2019-11-13 00:18:52,758 [EventQueue-PipelineReportForPipelineReportHandler] INFO  pipeline.PipelineStateManager (PipelineStateManager.java:openPipeline(134)) - Pipeline Pipeline[ Id: db8d0a95-7d7d-4d0b-a31a-9518ae2911c4, Nodes: c8dc3d0b-8f4d-49f1-a0ba-66fc0675f2cd{ip: 192.168.69.93, host: pr-hdds-2105-428fw-2136415640, networkLocation: /default-rack, certSerialId: null}c7ec1e8a-5c22-4467-ad32-59becfa95183{ip: 192.168.69.93, host: pr-hdds-2105-428fw-2136415640, networkLocation: /default-rack, certSerialId: null}b3d8fb16-6440-47b2-97ce-3aa43dcbcb47{ip: 192.168.69.93, host: pr-hdds-2105-428fw-2136415640, networkLocation: /default-rack, certSerialId: null}, Type:RATIS, Factor:THREE, State:OPEN] moved to OPEN state
2019-11-13 00:18:52,758 [c7ec1e8a-5c22-4467-ad32-59becfa95183@group-9518AE2911C4-LeaderElection6] INFO  server.RaftServerConfigKeys (ConfUtils.java:logGet(43)) - raft.server.log.appender.buffer.element-limit = 1 (custom)
2019-11-13 00:18:52,759 [c7ec1e8a-5c22-4467-ad32-59becfa95183@group-9518AE2911C4-LeaderElection6] INFO  grpc.GrpcConfigKeys$Server (ConfUtils.java:logGet(43)) - raft.grpc.server.leader.outstanding.appends.max = 128 (default)
2019-11-13 00:18:52,760 [c7ec1e8a-5c22-4467-ad32-59becfa95183@group-9518AE2911C4-LeaderElection6] INFO  server.RaftServerConfigKeys (ConfUtils.java:logGet(43)) - raft.server.rpc.request.timeout = 3000ms (default)
2019-11-13 00:18:52,761 [c7ec1e8a-5c22-4467-ad32-59becfa95183@group-9518AE2911C4-LeaderElection6] INFO  server.RaftServerConfigKeys (ConfUtils.java:logGet(43)) - raft.server.log.appender.install.snapshot.enabled = false (custom)
2019-11-13 00:18:52,761 [c7ec1e8a-5c22-4467-ad32-59becfa95183@group-9518AE2911C4-LeaderElection6] WARN  impl.MetricRegistriesImpl (MetricRegistriesImpl.java:lambda$create$1(61)) - First MetricRegistry has been created without registering reporters. You may need to call MetricRegistries.global().addReportRegistration(...) before.
2019-11-13 00:18:52,761 [c7ec1e8a-5c22-4467-ad32-59becfa95183@group-9518AE2911C4-LeaderElection6] INFO  server.RaftServerConfigKeys (ConfUtils.java:logGet(43)) - raft.server.log.appender.snapshot.chunk.size.max = 16MB (=16777216) (default)
2019-11-13 00:18:52,761 [c7ec1e8a-5c22-4467-ad32-59becfa95183@group-9518AE2911C4-LeaderElection6] INFO  server.RaftServerConfigKeys (ConfUtils.java:logGet(43)) - raft.server.log.appender.buffer.byte-limit = 33554432 (custom)
2019-11-13 00:18:52,761 [c7ec1e8a-5c22-4467-ad32-59becfa95183@group-9518AE2911C4-LeaderElection6] INFO  server.RaftServerConfigKeys (ConfUtils.java:logGet(43)) - raft.server.log.appender.buffer.element-limit = 1 (custom)
2019-11-13 00:18:52,762 [c7ec1e8a-5c22-4467-ad32-59becfa95183@group-9518AE2911C4-LeaderElection6] INFO  grpc.GrpcConfigKeys$Server (ConfUtils.java:logGet(43)) - raft.grpc.server.leader.outstanding.appends.max = 128 (default)
2019-11-13 00:18:52,762 [c7ec1e8a-5c22-4467-ad32-59becfa95183@group-9518AE2911C4-LeaderElection6] INFO  server.RaftServerConfigKeys (ConfUtils.java:logGet(43)) - raft.server.rpc.request.timeout = 3000ms (default)
2019-11-13 00:18:52,762 [c7ec1e8a-5c22-4467-ad32-59becfa95183@group-9518AE2911C4-LeaderElection6] INFO  server.RaftServerConfigKeys (ConfUtils.java:logGet(43)) - raft.server.log.appender.install.snapshot.enabled = false (custom)
2019-11-13 00:18:52,762 [c7ec1e8a-5c22-4467-ad32-59becfa95183@group-9518AE2911C4-LeaderElection6] INFO  impl.RoleInfo (RoleInfo.java:updateAndGet(143)) - c7ec1e8a-5c22-4467-ad32-59becfa95183: start LeaderState
2019-11-13 00:18:52,763 [c7ec1e8a-5c22-4467-ad32-59becfa95183@group-9518AE2911C4-LeaderElection6] INFO  segmented.SegmentedRaftLogWorker (SegmentedRaftLogWorker.java:startLogSegment(385)) - c7ec1e8a-5c22-4467-ad32-59becfa95183@group-9518AE2911C4-SegmentedRaftLogWorker: Starting segment from index:0
2019-11-13 00:18:52,763 [c7ec1e8a-5c22-4467-ad32-59becfa95183@group-9518AE2911C4-LeaderElection6] INFO  impl.RaftServerImpl (ServerState.java:setRaftConf(356)) - c7ec1e8a-5c22-4467-ad32-59becfa95183@group-9518AE2911C4: set configuration 0: [c8dc3d0b-8f4d-49f1-a0ba-66fc0675f2cd:192.168.69.93:36452, b3d8fb16-6440-47b2-97ce-3aa43dcbcb47:192.168.69.93:35320, c7ec1e8a-5c22-4467-ad32-59becfa95183:192.168.69.93:40725], old=null at 0
2019-11-13 00:18:52,800 [grpc-default-executor-0] INFO  ratis.XceiverServerRatis (XceiverServerRatis.java:handleLeaderChangedNotification(697)) - Leader change notification received for group: group-9518AE2911C4 with new leaderId: c7ec1e8a-5c22-4467-ad32-59becfa95183
2019-11-13 00:18:52,801 [grpc-default-executor-1] INFO  ratis.XceiverServerRatis (XceiverServerRatis.java:handleLeaderChangedNotification(697)) - Leader change notification received for group: group-9518AE2911C4 with new leaderId: c7ec1e8a-5c22-4467-ad32-59becfa95183
2019-11-13 00:18:52,802 [grpc-default-executor-0] INFO  impl.RaftServerImpl (ServerState.java:setLeader(255)) - c8dc3d0b-8f4d-49f1-a0ba-66fc0675f2cd@group-9518AE2911C4: change Leader from null to c7ec1e8a-5c22-4467-ad32-59becfa95183 at term 1 for appendEntries, leader elected after 5183ms
2019-11-13 00:18:52,802 [grpc-default-executor-1] INFO  impl.RaftServerImpl (ServerState.java:setLeader(255)) - b3d8fb16-6440-47b2-97ce-3aa43dcbcb47@group-9518AE2911C4: change Leader from null to c7ec1e8a-5c22-4467-ad32-59becfa95183 at term 1 for appendEntries, leader elected after 5185ms
2019-11-13 00:18:52,805 [grpc-default-executor-1] INFO  impl.RaftServerImpl (ServerState.java:setRaftConf(356)) - c8dc3d0b-8f4d-49f1-a0ba-66fc0675f2cd@group-9518AE2911C4: set configuration 0: [c8dc3d0b-8f4d-49f1-a0ba-66fc0675f2cd:192.168.69.93:36452, b3d8fb16-6440-47b2-97ce-3aa43dcbcb47:192.168.69.93:35320, c7ec1e8a-5c22-4467-ad32-59becfa95183:192.168.69.93:40725], old=null at 0
2019-11-13 00:18:52,805 [grpc-default-executor-0] INFO  impl.RaftServerImpl (ServerState.java:setRaftConf(356)) - b3d8fb16-6440-47b2-97ce-3aa43dcbcb47@group-9518AE2911C4: set configuration 0: [c8dc3d0b-8f4d-49f1-a0ba-66fc0675f2cd:192.168.69.93:36452, b3d8fb16-6440-47b2-97ce-3aa43dcbcb47:192.168.69.93:35320, c7ec1e8a-5c22-4467-ad32-59becfa95183:192.168.69.93:40725], old=null at 0
2019-11-13 00:18:52,805 [grpc-default-executor-1] INFO  segmented.SegmentedRaftLogWorker (SegmentedRaftLogWorker.java:startLogSegment(385)) - c8dc3d0b-8f4d-49f1-a0ba-66fc0675f2cd@group-9518AE2911C4-SegmentedRaftLogWorker: Starting segment from index:0
2019-11-13 00:18:52,806 [grpc-default-executor-0] INFO  segmented.SegmentedRaftLogWorker (SegmentedRaftLogWorker.java:startLogSegment(385)) - b3d8fb16-6440-47b2-97ce-3aa43dcbcb47@group-9518AE2911C4-SegmentedRaftLogWorker: Starting segment from index:0
2019-11-13 00:18:52,826 [c7ec1e8a-5c22-4467-ad32-59becfa95183@group-9518AE2911C4-SegmentedRaftLogWorker] INFO  segmented.SegmentedRaftLogWorker (SegmentedRaftLogWorker.java:execute(576)) - c7ec1e8a-5c22-4467-ad32-59becfa95183@group-9518AE2911C4-SegmentedRaftLogWorker: created new log segment /workdir/hadoop-ozone/tools/target/test-dir/MiniOzoneClusterImpl-c985667c-5a49-4bf8-9026-25e6eecde886/datanode-2/data/ratis/db8d0a95-7d7d-4d0b-a31a-9518ae2911c4/current/log_inprogress_0
2019-11-13 00:18:52,851 [c8dc3d0b-8f4d-49f1-a0ba-66fc0675f2cd@group-9518AE2911C4-SegmentedRaftLogWorker] INFO  segmented.SegmentedRaftLogWorker (SegmentedRaftLogWorker.java:execute(576)) - c8dc3d0b-8f4d-49f1-a0ba-66fc0675f2cd@group-9518AE2911C4-SegmentedRaftLogWorker: created new log segment /workdir/hadoop-ozone/tools/target/test-dir/MiniOzoneClusterImpl-c985667c-5a49-4bf8-9026-25e6eecde886/datanode-0/data/ratis/db8d0a95-7d7d-4d0b-a31a-9518ae2911c4/current/log_inprogress_0
2019-11-13 00:18:52,868 [b3d8fb16-6440-47b2-97ce-3aa43dcbcb47@group-9518AE2911C4-SegmentedRaftLogWorker] INFO  segmented.SegmentedRaftLogWorker (SegmentedRaftLogWorker.java:execute(576)) - b3d8fb16-6440-47b2-97ce-3aa43dcbcb47@group-9518AE2911C4-SegmentedRaftLogWorker: created new log segment /workdir/hadoop-ozone/tools/target/test-dir/MiniOzoneClusterImpl-c985667c-5a49-4bf8-9026-25e6eecde886/datanode-1/data/ratis/db8d0a95-7d7d-4d0b-a31a-9518ae2911c4/current/log_inprogress_0
]]></system-out>
    <system-err><![CDATA[ERROR StatusLogger No Log4j 2 configuration file found. Using default configuration (logging only errors to the console), or user programmatically provided configurations. Set system property 'log4j2.debug' to show Log4j 2 internal initialization logging. See https://logging.apache.org/log4j/2.x/manual/configuration.html for instructions on how to configure Log4j 2
]]></system-err>
  </testcase>
</testsuite>