<?xml version="1.0" encoding="UTF-8"?>
<testsuite xmlns:xsi="http://www.w3.org/2001/XMLSchema-instance" xsi:noNamespaceSchemaLocation="https://maven.apache.org/surefire/maven-surefire-plugin/xsd/surefire-test-report.xsd" name="org.apache.hadoop.ozone.freon.TestFreonWithPipelineDestroy" time="53.199" tests="1" errors="1" skipped="0" failures="0">
  <properties>
    <property name="awt.toolkit" value="sun.awt.X11.XToolkit"/>
    <property name="file.encoding.pkg" value="sun.io"/>
    <property name="java.specification.version" value="1.8"/>
    <property name="sun.cpu.isalist" value=""/>
    <property name="sun.jnu.encoding" value="ANSI_X3.4-1968"/>
    <property name="java.class.path" value="/workdir/hadoop-ozone/tools/target/test-classes:/workdir/hadoop-ozone/tools/target/classes:/home/user/.m2/repository/org/apache/hadoop/hadoop-ozone-ozone-manager/0.5.0-SNAPSHOT/hadoop-ozone-ozone-manager-0.5.0-SNAPSHOT.jar:/home/user/.m2/repository/org/apache/hadoop/hadoop-hdds-docs/0.5.0-SNAPSHOT/hadoop-hdds-docs-0.5.0-SNAPSHOT.jar:/home/user/.m2/repository/org/bouncycastle/bcprov-jdk15on/1.60/bcprov-jdk15on-1.60.jar:/home/user/.m2/repository/org/apache/hadoop/hadoop-ozone-common/0.5.0-SNAPSHOT/hadoop-ozone-common-0.5.0-SNAPSHOT.jar:/home/user/.m2/repository/org/apache/commons/commons-compress/1.4.1/commons-compress-1.4.1.jar:/home/user/.m2/repository/org/tukaani/xz/1.0/xz-1.0.jar:/home/user/.m2/repository/org/apache/hadoop/hadoop-hdfs-client/3.2.0/hadoop-hdfs-client-3.2.0.jar:/home/user/.m2/repository/com/fasterxml/jackson/core/jackson-annotations/2.9.9/jackson-annotations-2.9.9.jar:/home/user/.m2/repository/org/apache/hadoop/hadoop-hdds-common/0.5.0-SNAPSHOT/hadoop-hdds-common-0.5.0-SNAPSHOT.jar:/home/user/.m2/repository/org/apache/hadoop/hadoop-hdds-config/0.5.0-SNAPSHOT/hadoop-hdds-config-0.5.0-SNAPSHOT.jar:/home/user/.m2/repository/javax/annotation/javax.annotation-api/1.2/javax.annotation-api-1.2.jar:/home/user/.m2/repository/org/apache/ratis/ratis-server/0.5.0-d6d58d0-SNAPSHOT/ratis-server-0.5.0-d6d58d0-SNAPSHOT.jar:/home/user/.m2/repository/org/apache/ratis/ratis-thirdparty-misc/0.2.0/ratis-thirdparty-misc-0.2.0.jar:/home/user/.m2/repository/org/apache/ratis/ratis-proto/0.5.0-d6d58d0-SNAPSHOT/ratis-proto-0.5.0-d6d58d0-SNAPSHOT.jar:/home/user/.m2/repository/org/apache/ratis/ratis-common/0.5.0-d6d58d0-SNAPSHOT/ratis-common-0.5.0-d6d58d0-SNAPSHOT.jar:/home/user/.m2/repository/org/apache/ratis/ratis-client/0.5.0-d6d58d0-SNAPSHOT/ratis-client-0.5.0-d6d58d0-SNAPSHOT.jar:/home/user/.m2/repository/org/apache/ratis/ratis-metrics/0.5.0-d6d58d0-SNAPSHOT/ratis-metrics-0.5.0-d6d58d0-SNAPSHOT.jar:/home/user/.m2/repository/org/apache/ratis/ratis-netty/0.5.0-d6d58d0-SNAPSHOT/ratis-netty-0.5.0-d6d58d0-SNAPSHOT.jar:/home/user/.m2/repository/org/apache/ratis/ratis-grpc/0.5.0-d6d58d0-SNAPSHOT/ratis-grpc-0.5.0-d6d58d0-SNAPSHOT.jar:/home/user/.m2/repository/org/rocksdb/rocksdbjni/6.0.1/rocksdbjni-6.0.1.jar:/home/user/.m2/repository/org/apache/logging/log4j/log4j-api/2.11.0/log4j-api-2.11.0.jar:/home/user/.m2/repository/org/apache/logging/log4j/log4j-core/2.11.0/log4j-core-2.11.0.jar:/home/user/.m2/repository/com/lmax/disruptor/3.4.2/disruptor-3.4.2.jar:/home/user/.m2/repository/org/apache/commons/commons-pool2/2.6.0/commons-pool2-2.6.0.jar:/home/user/.m2/repository/org/bouncycastle/bcpkix-jdk15on/1.60/bcpkix-jdk15on-1.60.jar:/home/user/.m2/repository/commons-validator/commons-validator/1.6/commons-validator-1.6.jar:/home/user/.m2/repository/commons-digester/commons-digester/1.8.1/commons-digester-1.8.1.jar:/home/user/.m2/repository/io/jaegertracing/jaeger-client/0.34.0/jaeger-client-0.34.0.jar:/home/user/.m2/repository/io/jaegertracing/jaeger-thrift/0.34.0/jaeger-thrift-0.34.0.jar:/home/user/.m2/repository/org/apache/thrift/libthrift/0.12.0/libthrift-0.12.0.jar:/home/user/.m2/repository/com/squareup/okhttp3/okhttp/3.9.0/okhttp-3.9.0.jar:/home/user/.m2/repository/com/squareup/okio/okio/1.13.0/okio-1.13.0.jar:/home/user/.m2/repository/io/jaegertracing/jaeger-core/0.34.0/jaeger-core-0.34.0.jar:/home/user/.m2/repository/io/jaegertracing/jaeger-tracerresolver/0.34.0/jaeger-tracerresolver-0.34.0.jar:/home/user/.m2/repository/io/opentracing/contrib/opentracing-tracerresolver/0.1.5/opentracing-tracerresolver-0.1.5.jar:/home/user/.m2/repository/io/opentracing/opentracing-util/0.31.0/opentracing-util-0.31.0.jar:/home/user/.m2/repository/io/opentracing/opentracing-api/0.31.0/opentracing-api-0.31.0.jar:/home/user/.m2/repository/io/opentracing/opentracing-noop/0.31.0/opentracing-noop-0.31.0.jar:/home/user/.m2/repository/org/yaml/snakeyaml/1.16/snakeyaml-1.16.jar:/home/user/.m2/repository/org/apache/hadoop/hadoop-hdds-container-service/0.5.0-SNAPSHOT/hadoop-hdds-container-service-0.5.0-SNAPSHOT.jar:/home/user/.m2/repository/org/apache/hadoop/hadoop-hdds-client/0.5.0-SNAPSHOT/hadoop-hdds-client-0.5.0-SNAPSHOT.jar:/home/user/.m2/repository/org/apache/hadoop/hadoop-hdds-tools/0.5.0-SNAPSHOT/hadoop-hdds-tools-0.5.0-SNAPSHOT.jar:/home/user/.m2/repository/org/xerial/sqlite-jdbc/3.25.2/sqlite-jdbc-3.25.2.jar:/home/user/.m2/repository/org/apache/hadoop/hadoop-hdds-server-scm/0.5.0-SNAPSHOT/hadoop-hdds-server-scm-0.5.0-SNAPSHOT.jar:/home/user/.m2/repository/org/hamcrest/hamcrest-all/1.3/hamcrest-all-1.3.jar:/home/user/.m2/repository/info/picocli/picocli/3.9.6/picocli-3.9.6.jar:/home/user/.m2/repository/com/google/protobuf/protobuf-java/2.5.0/protobuf-java-2.5.0.jar:/home/user/.m2/repository/com/google/guava/guava/11.0.2/guava-11.0.2.jar:/home/user/.m2/repository/org/apache/hadoop/hadoop-ozone-client/0.5.0-SNAPSHOT/hadoop-ozone-client-0.5.0-SNAPSHOT.jar:/workdir/hadoop-ozone/ozonefs/target/classes:/home/user/.m2/repository/org/apache/httpcomponents/httpclient/4.5.2/httpclient-4.5.2.jar:/home/user/.m2/repository/org/apache/httpcomponents/httpcore/4.4.4/httpcore-4.4.4.jar:/home/user/.m2/repository/org/apache/hadoop/hadoop-hdds-server-framework/0.5.0-SNAPSHOT/hadoop-hdds-server-framework-0.5.0-SNAPSHOT.jar:/home/user/.m2/repository/org/apache/hadoop/hadoop-common/3.2.0/hadoop-common-3.2.0.jar:/home/user/.m2/repository/org/apache/hadoop/hadoop-annotations/3.2.0/hadoop-annotations-3.2.0.jar:/usr/lib/jvm/java-1.8.0-openjdk-1.8.0.222.b10-1.el7_7.x86_64/jre/../lib/tools.jar:/home/user/.m2/repository/commons-cli/commons-cli/1.2/commons-cli-1.2.jar:/home/user/.m2/repository/org/apache/commons/commons-math3/3.1.1/commons-math3-3.1.1.jar:/home/user/.m2/repository/commons-codec/commons-codec/1.11/commons-codec-1.11.jar:/home/user/.m2/repository/commons-io/commons-io/2.5/commons-io-2.5.jar:/home/user/.m2/repository/commons-net/commons-net/3.6/commons-net-3.6.jar:/home/user/.m2/repository/commons-collections/commons-collections/3.2.2/commons-collections-3.2.2.jar:/home/user/.m2/repository/javax/servlet/javax.servlet-api/3.1.0/javax.servlet-api-3.1.0.jar:/home/user/.m2/repository/org/eclipse/jetty/jetty-server/9.3.25.v20180904/jetty-server-9.3.25.v20180904.jar:/home/user/.m2/repository/org/eclipse/jetty/jetty-http/9.3.25.v20180904/jetty-http-9.3.25.v20180904.jar:/home/user/.m2/repository/org/eclipse/jetty/jetty-io/9.3.25.v20180904/jetty-io-9.3.25.v20180904.jar:/home/user/.m2/repository/org/eclipse/jetty/jetty-util/9.3.25.v20180904/jetty-util-9.3.25.v20180904.jar:/home/user/.m2/repository/org/eclipse/jetty/jetty-servlet/9.3.25.v20180904/jetty-servlet-9.3.25.v20180904.jar:/home/user/.m2/repository/org/eclipse/jetty/jetty-security/9.3.25.v20180904/jetty-security-9.3.25.v20180904.jar:/home/user/.m2/repository/org/eclipse/jetty/jetty-webapp/9.3.25.v20180904/jetty-webapp-9.3.25.v20180904.jar:/home/user/.m2/repository/org/eclipse/jetty/jetty-xml/9.3.25.v20180904/jetty-xml-9.3.25.v20180904.jar:/home/user/.m2/repository/javax/servlet/jsp/jsp-api/2.1/jsp-api-2.1.jar:/home/user/.m2/repository/com/sun/jersey/jersey-core/1.19/jersey-core-1.19.jar:/home/user/.m2/repository/javax/ws/rs/jsr311-api/1.1.1/jsr311-api-1.1.1.jar:/home/user/.m2/repository/com/sun/jersey/jersey-servlet/1.19/jersey-servlet-1.19.jar:/home/user/.m2/repository/com/sun/jersey/jersey-json/1.19/jersey-json-1.19.jar:/home/user/.m2/repository/org/codehaus/jettison/jettison/1.1/jettison-1.1.jar:/home/user/.m2/repository/com/sun/xml/bind/jaxb-impl/2.3.0.1/jaxb-impl-2.3.0.1.jar:/home/user/.m2/repository/org/codehaus/jackson/jackson-core-asl/1.9.13/jackson-core-asl-1.9.13.jar:/home/user/.m2/repository/org/codehaus/jackson/jackson-mapper-asl/1.9.13/jackson-mapper-asl-1.9.13.jar:/home/user/.m2/repository/org/codehaus/jackson/jackson-jaxrs/1.9.13/jackson-jaxrs-1.9.13.jar:/home/user/.m2/repository/org/codehaus/jackson/jackson-xc/1.9.13/jackson-xc-1.9.13.jar:/home/user/.m2/repository/com/sun/jersey/jersey-server/1.19/jersey-server-1.19.jar:/home/user/.m2/repository/commons-logging/commons-logging/1.1.3/commons-logging-1.1.3.jar:/home/user/.m2/repository/log4j/log4j/1.2.17/log4j-1.2.17.jar:/home/user/.m2/repository/commons-beanutils/commons-beanutils/1.9.4/commons-beanutils-1.9.4.jar:/home/user/.m2/repository/org/apache/commons/commons-configuration2/2.1.1/commons-configuration2-2.1.1.jar:/home/user/.m2/repository/org/apache/commons/commons-lang3/3.7/commons-lang3-3.7.jar:/home/user/.m2/repository/org/apache/commons/commons-text/1.4/commons-text-1.4.jar:/home/user/.m2/repository/org/slf4j/slf4j-api/1.7.25/slf4j-api-1.7.25.jar:/home/user/.m2/repository/org/slf4j/slf4j-log4j12/1.7.25/slf4j-log4j12-1.7.25.jar:/home/user/.m2/repository/org/apache/avro/avro/1.7.7/avro-1.7.7.jar:/home/user/.m2/repository/com/thoughtworks/paranamer/paranamer/2.3/paranamer-2.3.jar:/home/user/.m2/repository/org/xerial/snappy/snappy-java/1.0.5/snappy-java-1.0.5.jar:/home/user/.m2/repository/com/google/re2j/re2j/1.1/re2j-1.1.jar:/home/user/.m2/repository/com/google/code/gson/gson/2.2.4/gson-2.2.4.jar:/home/user/.m2/repository/org/apache/hadoop/hadoop-auth/3.2.0/hadoop-auth-3.2.0.jar:/home/user/.m2/repository/com/nimbusds/nimbus-jose-jwt/4.41.1/nimbus-jose-jwt-4.41.1.jar:/home/user/.m2/repository/com/github/stephenc/jcip/jcip-annotations/1.0-1/jcip-annotations-1.0-1.jar:/home/user/.m2/repository/net/minidev/json-smart/2.3/json-smart-2.3.jar:/home/user/.m2/repository/net/minidev/accessors-smart/1.2/accessors-smart-1.2.jar:/home/user/.m2/repository/org/apache/curator/curator-framework/2.12.0/curator-framework-2.12.0.jar:/home/user/.m2/repository/com/jcraft/jsch/0.1.54/jsch-0.1.54.jar:/home/user/.m2/repository/org/apache/curator/curator-client/2.12.0/curator-client-2.12.0.jar:/home/user/.m2/repository/org/apache/curator/curator-recipes/2.12.0/curator-recipes-2.12.0.jar:/home/user/.m2/repository/com/google/code/findbugs/jsr305/3.0.0/jsr305-3.0.0.jar:/home/user/.m2/repository/org/apache/htrace/htrace-core4/4.1.0-incubating/htrace-core4-4.1.0-incubating.jar:/home/user/.m2/repository/org/apache/zookeeper/zookeeper/3.4.13/zookeeper-3.4.13.jar:/home/user/.m2/repository/jline/jline/0.9.94/jline-0.9.94.jar:/home/user/.m2/repository/org/apache/yetus/audience-annotations/0.5.0/audience-annotations-0.5.0.jar:/home/user/.m2/repository/org/apache/kerby/kerb-simplekdc/1.0.1/kerb-simplekdc-1.0.1.jar:/home/user/.m2/repository/org/apache/kerby/kerb-client/1.0.1/kerb-client-1.0.1.jar:/home/user/.m2/repository/org/apache/kerby/kerby-config/1.0.1/kerby-config-1.0.1.jar:/home/user/.m2/repository/org/apache/kerby/kerb-core/1.0.1/kerb-core-1.0.1.jar:/home/user/.m2/repository/org/apache/kerby/kerby-pkix/1.0.1/kerby-pkix-1.0.1.jar:/home/user/.m2/repository/org/apache/kerby/kerby-asn1/1.0.1/kerby-asn1-1.0.1.jar:/home/user/.m2/repository/org/apache/kerby/kerby-util/1.0.1/kerby-util-1.0.1.jar:/home/user/.m2/repository/org/apache/kerby/kerb-common/1.0.1/kerb-common-1.0.1.jar:/home/user/.m2/repository/org/apache/kerby/kerb-crypto/1.0.1/kerb-crypto-1.0.1.jar:/home/user/.m2/repository/org/apache/kerby/kerb-util/1.0.1/kerb-util-1.0.1.jar:/home/user/.m2/repository/org/apache/kerby/token-provider/1.0.1/token-provider-1.0.1.jar:/home/user/.m2/repository/org/apache/kerby/kerb-admin/1.0.1/kerb-admin-1.0.1.jar:/home/user/.m2/repository/org/apache/kerby/kerb-server/1.0.1/kerb-server-1.0.1.jar:/home/user/.m2/repository/org/apache/kerby/kerb-identity/1.0.1/kerb-identity-1.0.1.jar:/home/user/.m2/repository/org/apache/kerby/kerby-xdr/1.0.1/kerby-xdr-1.0.1.jar:/home/user/.m2/repository/com/fasterxml/jackson/core/jackson-databind/2.9.9/jackson-databind-2.9.9.jar:/home/user/.m2/repository/com/fasterxml/jackson/core/jackson-core/2.9.9/jackson-core-2.9.9.jar:/home/user/.m2/repository/org/codehaus/woodstox/stax2-api/3.1.4/stax2-api-3.1.4.jar:/home/user/.m2/repository/com/fasterxml/woodstox/woodstox-core/5.0.3/woodstox-core-5.0.3.jar:/home/user/.m2/repository/dnsjava/dnsjava/2.1.7/dnsjava-2.1.7.jar:/home/user/.m2/repository/org/apache/hadoop/hadoop-hdfs/3.2.0/hadoop-hdfs-3.2.0.jar:/home/user/.m2/repository/org/eclipse/jetty/jetty-util-ajax/9.3.25.v20180904/jetty-util-ajax-9.3.25.v20180904.jar:/home/user/.m2/repository/commons-daemon/commons-daemon/1.0.13/commons-daemon-1.0.13.jar:/home/user/.m2/repository/io/netty/netty/3.10.5.Final/netty-3.10.5.Final.jar:/home/user/.m2/repository/io/netty/netty-all/4.0.52.Final/netty-all-4.0.52.Final.jar:/home/user/.m2/repository/org/fusesource/leveldbjni/leveldbjni-all/1.8/leveldbjni-all-1.8.jar:/home/user/.m2/repository/com/sun/xml/bind/jaxb-core/2.3.0.1/jaxb-core-2.3.0.1.jar:/home/user/.m2/repository/javax/xml/bind/jaxb-api/2.3.0/jaxb-api-2.3.0.jar:/home/user/.m2/repository/javax/activation/activation/1.1.1/activation-1.1.1.jar:/home/user/.m2/repository/org/openjdk/jmh/jmh-core/1.19/jmh-core-1.19.jar:/home/user/.m2/repository/net/sf/jopt-simple/jopt-simple/4.6/jopt-simple-4.6.jar:/home/user/.m2/repository/org/openjdk/jmh/jmh-generator-annprocess/1.19/jmh-generator-annprocess-1.19.jar:/home/user/.m2/repository/io/dropwizard/metrics/metrics-core/3.2.4/metrics-core-3.2.4.jar:/home/user/.m2/repository/com/amazonaws/aws-java-sdk-s3/1.11.615/aws-java-sdk-s3-1.11.615.jar:/home/user/.m2/repository/com/amazonaws/aws-java-sdk-kms/1.11.615/aws-java-sdk-kms-1.11.615.jar:/home/user/.m2/repository/com/amazonaws/aws-java-sdk-core/1.11.615/aws-java-sdk-core-1.11.615.jar:/home/user/.m2/repository/software/amazon/ion/ion-java/1.0.2/ion-java-1.0.2.jar:/home/user/.m2/repository/com/fasterxml/jackson/dataformat/jackson-dataformat-cbor/2.9.9/jackson-dataformat-cbor-2.9.9.jar:/home/user/.m2/repository/joda-time/joda-time/2.9.9/joda-time-2.9.9.jar:/home/user/.m2/repository/com/amazonaws/jmespath-java/1.11.615/jmespath-java-1.11.615.jar:/home/user/.m2/repository/com/github/spotbugs/spotbugs/3.1.12/spotbugs-3.1.12.jar:/home/user/.m2/repository/org/ow2/asm/asm/5.0.4/asm-5.0.4.jar:/home/user/.m2/repository/org/ow2/asm/asm-analysis/7.0/asm-analysis-7.0.jar:/home/user/.m2/repository/org/ow2/asm/asm-commons/7.0/asm-commons-7.0.jar:/home/user/.m2/repository/org/ow2/asm/asm-tree/7.0/asm-tree-7.0.jar:/home/user/.m2/repository/org/ow2/asm/asm-util/7.0/asm-util-7.0.jar:/home/user/.m2/repository/org/apache/bcel/bcel/6.3/bcel-6.3.jar:/home/user/.m2/repository/net/jcip/jcip-annotations/1.0/jcip-annotations-1.0.jar:/home/user/.m2/repository/org/dom4j/dom4j/2.1.1/dom4j-2.1.1.jar:/home/user/.m2/repository/jaxen/jaxen/1.1.6/jaxen-1.1.6.jar:/home/user/.m2/repository/commons-lang/commons-lang/2.6/commons-lang-2.6.jar:/home/user/.m2/repository/com/github/spotbugs/spotbugs-annotations/3.1.12/spotbugs-annotations-3.1.12.jar:/home/user/.m2/repository/junit/junit/4.11/junit-4.11.jar:/home/user/.m2/repository/org/hamcrest/hamcrest-core/1.3/hamcrest-core-1.3.jar:/home/user/.m2/repository/org/apache/hadoop/hadoop-common/3.2.0/hadoop-common-3.2.0-tests.jar:/workdir/hadoop-ozone/integration-test/target/test-classes:/home/user/.m2/repository/org/apache/hadoop/hadoop-ozone-s3gateway/0.5.0-SNAPSHOT/hadoop-ozone-s3gateway-0.5.0-SNAPSHOT.jar:/home/user/.m2/repository/org/jboss/weld/servlet/weld-servlet/2.4.7.Final/weld-servlet-2.4.7.Final.jar:/home/user/.m2/repository/org/glassfish/jersey/containers/jersey-container-servlet-core/2.27/jersey-container-servlet-core-2.27.jar:/home/user/.m2/repository/org/glassfish/hk2/external/javax.inject/2.5.0-b42/javax.inject-2.5.0-b42.jar:/home/user/.m2/repository/org/glassfish/jersey/core/jersey-common/2.27/jersey-common-2.27.jar:/home/user/.m2/repository/org/glassfish/hk2/osgi-resource-locator/1.0.1/osgi-resource-locator-1.0.1.jar:/home/user/.m2/repository/javax/ws/rs/javax.ws.rs-api/2.1/javax.ws.rs-api-2.1.jar:/home/user/.m2/repository/org/glassfish/jersey/ext/cdi/jersey-cdi1x/2.27/jersey-cdi1x-2.27.jar:/home/user/.m2/repository/org/glassfish/jersey/inject/jersey-hk2/2.27/jersey-hk2-2.27.jar:/home/user/.m2/repository/org/glassfish/hk2/hk2-locator/2.5.0-b42/hk2-locator-2.5.0-b42.jar:/home/user/.m2/repository/org/javassist/javassist/3.22.0-CR2/javassist-3.22.0-CR2.jar:/home/user/.m2/repository/org/glassfish/hk2/hk2-api/2.5.0/hk2-api-2.5.0.jar:/home/user/.m2/repository/org/glassfish/hk2/external/jakarta.inject/2.5.0/jakarta.inject-2.5.0.jar:/home/user/.m2/repository/org/glassfish/hk2/hk2-utils/2.5.0/hk2-utils-2.5.0.jar:/home/user/.m2/repository/jakarta/annotation/jakarta.annotation-api/1.3.4/jakarta.annotation-api-1.3.4.jar:/home/user/.m2/repository/org/glassfish/hk2/external/aopalliance-repackaged/2.5.0/aopalliance-repackaged-2.5.0.jar:/home/user/.m2/repository/com/fasterxml/jackson/dataformat/jackson-dataformat-xml/2.9.0/jackson-dataformat-xml-2.9.0.jar:/home/user/.m2/repository/com/fasterxml/jackson/module/jackson-module-jaxb-annotations/2.9.9/jackson-module-jaxb-annotations-2.9.9.jar:/home/user/.m2/repository/javax/enterprise/cdi-api/1.2/cdi-api-1.2.jar:/home/user/.m2/repository/javax/el/javax.el-api/3.0.0/javax.el-api-3.0.0.jar:/home/user/.m2/repository/javax/interceptor/javax.interceptor-api/1.2/javax.interceptor-api-1.2.jar:/home/user/.m2/repository/javax/inject/javax.inject/1/javax.inject-1.jar:/home/user/.m2/repository/org/apache/hadoop/hadoop-ozone-csi/0.5.0-SNAPSHOT/hadoop-ozone-csi-0.5.0-SNAPSHOT.jar:/home/user/.m2/repository/com/google/protobuf/protobuf-java-util/3.5.1/protobuf-java-util-3.5.1.jar:/home/user/.m2/repository/io/grpc/grpc-netty/1.17.1/grpc-netty-1.17.1.jar:/home/user/.m2/repository/io/grpc/grpc-core/1.17.1/grpc-core-1.17.1.jar:/home/user/.m2/repository/io/grpc/grpc-context/1.17.1/grpc-context-1.17.1.jar:/home/user/.m2/repository/com/google/errorprone/error_prone_annotations/2.2.0/error_prone_annotations-2.2.0.jar:/home/user/.m2/repository/org/codehaus/mojo/animal-sniffer-annotations/1.17/animal-sniffer-annotations-1.17.jar:/home/user/.m2/repository/io/opencensus/opencensus-api/0.17.0/opencensus-api-0.17.0.jar:/home/user/.m2/repository/io/opencensus/opencensus-contrib-grpc-metrics/0.17.0/opencensus-contrib-grpc-metrics-0.17.0.jar:/home/user/.m2/repository/io/netty/netty-codec-http2/4.1.30.Final/netty-codec-http2-4.1.30.Final.jar:/home/user/.m2/repository/io/netty/netty-codec-http/4.1.30.Final/netty-codec-http-4.1.30.Final.jar:/home/user/.m2/repository/io/netty/netty-codec/4.1.30.Final/netty-codec-4.1.30.Final.jar:/home/user/.m2/repository/io/netty/netty-handler/4.1.30.Final/netty-handler-4.1.30.Final.jar:/home/user/.m2/repository/io/netty/netty-handler-proxy/4.1.30.Final/netty-handler-proxy-4.1.30.Final.jar:/home/user/.m2/repository/io/netty/netty-codec-socks/4.1.30.Final/netty-codec-socks-4.1.30.Final.jar:/home/user/.m2/repository/io/netty/netty-transport-native-epoll/4.1.30.Final/netty-transport-native-epoll-4.1.30.Final.jar:/home/user/.m2/repository/io/netty/netty-common/4.1.30.Final/netty-common-4.1.30.Final.jar:/home/user/.m2/repository/io/netty/netty-buffer/4.1.30.Final/netty-buffer-4.1.30.Final.jar:/home/user/.m2/repository/io/netty/netty-transport/4.1.30.Final/netty-transport-4.1.30.Final.jar:/home/user/.m2/repository/io/netty/netty-resolver/4.1.30.Final/netty-resolver-4.1.30.Final.jar:/home/user/.m2/repository/io/netty/netty-transport-native-unix-common/4.1.30.Final/netty-transport-native-unix-common-4.1.30.Final.jar:/home/user/.m2/repository/io/grpc/grpc-protobuf/1.17.1/grpc-protobuf-1.17.1.jar:/home/user/.m2/repository/com/google/api/grpc/proto-google-common-protos/1.0.0/proto-google-common-protos-1.0.0.jar:/home/user/.m2/repository/io/grpc/grpc-protobuf-lite/1.17.1/grpc-protobuf-lite-1.17.1.jar:/home/user/.m2/repository/io/grpc/grpc-stub/1.17.1/grpc-stub-1.17.1.jar:/home/user/.m2/repository/org/apache/hadoop/hadoop-ozone-recon/0.5.0-SNAPSHOT/hadoop-ozone-recon-0.5.0-SNAPSHOT.jar:/home/user/.m2/repository/org/apache/hadoop/hadoop-ozone-reconcodegen/0.5.0-SNAPSHOT/hadoop-ozone-reconcodegen-0.5.0-SNAPSHOT.jar:/home/user/.m2/repository/com/google/inject/extensions/guice-multibindings/4.0/guice-multibindings-4.0.jar:/home/user/.m2/repository/com/google/inject/guice/4.0/guice-4.0.jar:/home/user/.m2/repository/aopalliance/aopalliance/1.0/aopalliance-1.0.jar:/home/user/.m2/repository/com/google/inject/extensions/guice-servlet/4.0/guice-servlet-4.0.jar:/home/user/.m2/repository/org/glassfish/jersey/containers/jersey-container-servlet/2.27/jersey-container-servlet-2.27.jar:/home/user/.m2/repository/org/glassfish/hk2/guice-bridge/2.5.0/guice-bridge-2.5.0.jar:/home/user/.m2/repository/org/glassfish/jersey/core/jersey-server/2.27/jersey-server-2.27.jar:/home/user/.m2/repository/org/glassfish/jersey/core/jersey-client/2.27/jersey-client-2.27.jar:/home/user/.m2/repository/org/glassfish/jersey/media/jersey-media-jaxb/2.27/jersey-media-jaxb-2.27.jar:/home/user/.m2/repository/javax/validation/validation-api/1.1.0.Final/validation-api-1.1.0.Final.jar:/home/user/.m2/repository/org/glassfish/jersey/media/jersey-media-json-jackson/2.27/jersey-media-json-jackson-2.27.jar:/home/user/.m2/repository/org/glassfish/jersey/ext/jersey-entity-filtering/2.27/jersey-entity-filtering-2.27.jar:/home/user/.m2/repository/com/google/inject/extensions/guice-assistedinject/4.0/guice-assistedinject-4.0.jar:/home/user/.m2/repository/org/jooq/jooq/3.11.10/jooq-3.11.10.jar:/home/user/.m2/repository/org/jooq/jooq-meta/3.11.10/jooq-meta-3.11.10.jar:/home/user/.m2/repository/org/jooq/jooq-codegen/3.11.10/jooq-codegen-3.11.10.jar:/home/user/.m2/repository/com/jolbox/bonecp/0.8.0.RELEASE/bonecp-0.8.0.RELEASE.jar:/home/user/.m2/repository/org/springframework/spring-jdbc/5.1.3.RELEASE/spring-jdbc-5.1.3.RELEASE.jar:/home/user/.m2/repository/org/springframework/spring-beans/5.1.3.RELEASE/spring-beans-5.1.3.RELEASE.jar:/home/user/.m2/repository/org/springframework/spring-core/5.1.3.RELEASE/spring-core-5.1.3.RELEASE.jar:/home/user/.m2/repository/org/springframework/spring-jcl/5.1.3.RELEASE/spring-jcl-5.1.3.RELEASE.jar:/home/user/.m2/repository/org/springframework/spring-tx/5.1.3.RELEASE/spring-tx-5.1.3.RELEASE.jar:/home/user/.m2/repository/org/mockito/mockito-core/2.15.0/mockito-core-2.15.0.jar:/home/user/.m2/repository/net/bytebuddy/byte-buddy/1.7.9/byte-buddy-1.7.9.jar:/home/user/.m2/repository/net/bytebuddy/byte-buddy-agent/1.7.9/byte-buddy-agent-1.7.9.jar:/home/user/.m2/repository/org/objenesis/objenesis/1.0/objenesis-1.0.jar:"/>
    <property name="java.vm.vendor" value="Oracle Corporation"/>
    <property name="sun.arch.data.model" value="64"/>
    <property name="test.build.dir" value="/workdir/hadoop-ozone/tools/target/test-dir"/>
    <property name="test.cache.data" value=""/>
    <property name="java.vendor.url" value="http://java.oracle.com/"/>
    <property name="user.timezone" value=""/>
    <property name="java.vm.specification.version" value="1.8"/>
    <property name="os.name" value="Linux"/>
    <property name="test.build.data" value="/workdir/hadoop-ozone/tools/target/test-dir"/>
    <property name="user.country" value="US"/>
    <property name="sun.java.launcher" value="SUN_STANDARD"/>
    <property name="sun.boot.library.path" value="/usr/lib/jvm/java-1.8.0-openjdk-1.8.0.222.b10-1.el7_7.x86_64/jre/lib/amd64"/>
    <property name="sun.java.command" value="/workdir/hadoop-ozone/tools/target/surefire/surefirebooter8106350401320606958.jar /workdir/hadoop-ozone/tools/target/surefire 2019-11-15T22-48-02_863-jvmRun1 surefire6893720993404424484tmp surefire_986010307116893677463tmp"/>
    <property name="surefire.test.class.path" value="/workdir/hadoop-ozone/tools/target/test-classes:/workdir/hadoop-ozone/tools/target/classes:/home/user/.m2/repository/org/apache/hadoop/hadoop-ozone-ozone-manager/0.5.0-SNAPSHOT/hadoop-ozone-ozone-manager-0.5.0-SNAPSHOT.jar:/home/user/.m2/repository/org/apache/hadoop/hadoop-hdds-docs/0.5.0-SNAPSHOT/hadoop-hdds-docs-0.5.0-SNAPSHOT.jar:/home/user/.m2/repository/org/bouncycastle/bcprov-jdk15on/1.60/bcprov-jdk15on-1.60.jar:/home/user/.m2/repository/org/apache/hadoop/hadoop-ozone-common/0.5.0-SNAPSHOT/hadoop-ozone-common-0.5.0-SNAPSHOT.jar:/home/user/.m2/repository/org/apache/commons/commons-compress/1.4.1/commons-compress-1.4.1.jar:/home/user/.m2/repository/org/tukaani/xz/1.0/xz-1.0.jar:/home/user/.m2/repository/org/apache/hadoop/hadoop-hdfs-client/3.2.0/hadoop-hdfs-client-3.2.0.jar:/home/user/.m2/repository/com/fasterxml/jackson/core/jackson-annotations/2.9.9/jackson-annotations-2.9.9.jar:/home/user/.m2/repository/org/apache/hadoop/hadoop-hdds-common/0.5.0-SNAPSHOT/hadoop-hdds-common-0.5.0-SNAPSHOT.jar:/home/user/.m2/repository/org/apache/hadoop/hadoop-hdds-config/0.5.0-SNAPSHOT/hadoop-hdds-config-0.5.0-SNAPSHOT.jar:/home/user/.m2/repository/javax/annotation/javax.annotation-api/1.2/javax.annotation-api-1.2.jar:/home/user/.m2/repository/org/apache/ratis/ratis-server/0.5.0-d6d58d0-SNAPSHOT/ratis-server-0.5.0-d6d58d0-SNAPSHOT.jar:/home/user/.m2/repository/org/apache/ratis/ratis-thirdparty-misc/0.2.0/ratis-thirdparty-misc-0.2.0.jar:/home/user/.m2/repository/org/apache/ratis/ratis-proto/0.5.0-d6d58d0-SNAPSHOT/ratis-proto-0.5.0-d6d58d0-SNAPSHOT.jar:/home/user/.m2/repository/org/apache/ratis/ratis-common/0.5.0-d6d58d0-SNAPSHOT/ratis-common-0.5.0-d6d58d0-SNAPSHOT.jar:/home/user/.m2/repository/org/apache/ratis/ratis-client/0.5.0-d6d58d0-SNAPSHOT/ratis-client-0.5.0-d6d58d0-SNAPSHOT.jar:/home/user/.m2/repository/org/apache/ratis/ratis-metrics/0.5.0-d6d58d0-SNAPSHOT/ratis-metrics-0.5.0-d6d58d0-SNAPSHOT.jar:/home/user/.m2/repository/org/apache/ratis/ratis-netty/0.5.0-d6d58d0-SNAPSHOT/ratis-netty-0.5.0-d6d58d0-SNAPSHOT.jar:/home/user/.m2/repository/org/apache/ratis/ratis-grpc/0.5.0-d6d58d0-SNAPSHOT/ratis-grpc-0.5.0-d6d58d0-SNAPSHOT.jar:/home/user/.m2/repository/org/rocksdb/rocksdbjni/6.0.1/rocksdbjni-6.0.1.jar:/home/user/.m2/repository/org/apache/logging/log4j/log4j-api/2.11.0/log4j-api-2.11.0.jar:/home/user/.m2/repository/org/apache/logging/log4j/log4j-core/2.11.0/log4j-core-2.11.0.jar:/home/user/.m2/repository/com/lmax/disruptor/3.4.2/disruptor-3.4.2.jar:/home/user/.m2/repository/org/apache/commons/commons-pool2/2.6.0/commons-pool2-2.6.0.jar:/home/user/.m2/repository/org/bouncycastle/bcpkix-jdk15on/1.60/bcpkix-jdk15on-1.60.jar:/home/user/.m2/repository/commons-validator/commons-validator/1.6/commons-validator-1.6.jar:/home/user/.m2/repository/commons-digester/commons-digester/1.8.1/commons-digester-1.8.1.jar:/home/user/.m2/repository/io/jaegertracing/jaeger-client/0.34.0/jaeger-client-0.34.0.jar:/home/user/.m2/repository/io/jaegertracing/jaeger-thrift/0.34.0/jaeger-thrift-0.34.0.jar:/home/user/.m2/repository/org/apache/thrift/libthrift/0.12.0/libthrift-0.12.0.jar:/home/user/.m2/repository/com/squareup/okhttp3/okhttp/3.9.0/okhttp-3.9.0.jar:/home/user/.m2/repository/com/squareup/okio/okio/1.13.0/okio-1.13.0.jar:/home/user/.m2/repository/io/jaegertracing/jaeger-core/0.34.0/jaeger-core-0.34.0.jar:/home/user/.m2/repository/io/jaegertracing/jaeger-tracerresolver/0.34.0/jaeger-tracerresolver-0.34.0.jar:/home/user/.m2/repository/io/opentracing/contrib/opentracing-tracerresolver/0.1.5/opentracing-tracerresolver-0.1.5.jar:/home/user/.m2/repository/io/opentracing/opentracing-util/0.31.0/opentracing-util-0.31.0.jar:/home/user/.m2/repository/io/opentracing/opentracing-api/0.31.0/opentracing-api-0.31.0.jar:/home/user/.m2/repository/io/opentracing/opentracing-noop/0.31.0/opentracing-noop-0.31.0.jar:/home/user/.m2/repository/org/yaml/snakeyaml/1.16/snakeyaml-1.16.jar:/home/user/.m2/repository/org/apache/hadoop/hadoop-hdds-container-service/0.5.0-SNAPSHOT/hadoop-hdds-container-service-0.5.0-SNAPSHOT.jar:/home/user/.m2/repository/org/apache/hadoop/hadoop-hdds-client/0.5.0-SNAPSHOT/hadoop-hdds-client-0.5.0-SNAPSHOT.jar:/home/user/.m2/repository/org/apache/hadoop/hadoop-hdds-tools/0.5.0-SNAPSHOT/hadoop-hdds-tools-0.5.0-SNAPSHOT.jar:/home/user/.m2/repository/org/xerial/sqlite-jdbc/3.25.2/sqlite-jdbc-3.25.2.jar:/home/user/.m2/repository/org/apache/hadoop/hadoop-hdds-server-scm/0.5.0-SNAPSHOT/hadoop-hdds-server-scm-0.5.0-SNAPSHOT.jar:/home/user/.m2/repository/org/hamcrest/hamcrest-all/1.3/hamcrest-all-1.3.jar:/home/user/.m2/repository/info/picocli/picocli/3.9.6/picocli-3.9.6.jar:/home/user/.m2/repository/com/google/protobuf/protobuf-java/2.5.0/protobuf-java-2.5.0.jar:/home/user/.m2/repository/com/google/guava/guava/11.0.2/guava-11.0.2.jar:/home/user/.m2/repository/org/apache/hadoop/hadoop-ozone-client/0.5.0-SNAPSHOT/hadoop-ozone-client-0.5.0-SNAPSHOT.jar:/workdir/hadoop-ozone/ozonefs/target/classes:/home/user/.m2/repository/org/apache/httpcomponents/httpclient/4.5.2/httpclient-4.5.2.jar:/home/user/.m2/repository/org/apache/httpcomponents/httpcore/4.4.4/httpcore-4.4.4.jar:/home/user/.m2/repository/org/apache/hadoop/hadoop-hdds-server-framework/0.5.0-SNAPSHOT/hadoop-hdds-server-framework-0.5.0-SNAPSHOT.jar:/home/user/.m2/repository/org/apache/hadoop/hadoop-common/3.2.0/hadoop-common-3.2.0.jar:/home/user/.m2/repository/org/apache/hadoop/hadoop-annotations/3.2.0/hadoop-annotations-3.2.0.jar:/usr/lib/jvm/java-1.8.0-openjdk-1.8.0.222.b10-1.el7_7.x86_64/jre/../lib/tools.jar:/home/user/.m2/repository/commons-cli/commons-cli/1.2/commons-cli-1.2.jar:/home/user/.m2/repository/org/apache/commons/commons-math3/3.1.1/commons-math3-3.1.1.jar:/home/user/.m2/repository/commons-codec/commons-codec/1.11/commons-codec-1.11.jar:/home/user/.m2/repository/commons-io/commons-io/2.5/commons-io-2.5.jar:/home/user/.m2/repository/commons-net/commons-net/3.6/commons-net-3.6.jar:/home/user/.m2/repository/commons-collections/commons-collections/3.2.2/commons-collections-3.2.2.jar:/home/user/.m2/repository/javax/servlet/javax.servlet-api/3.1.0/javax.servlet-api-3.1.0.jar:/home/user/.m2/repository/org/eclipse/jetty/jetty-server/9.3.25.v20180904/jetty-server-9.3.25.v20180904.jar:/home/user/.m2/repository/org/eclipse/jetty/jetty-http/9.3.25.v20180904/jetty-http-9.3.25.v20180904.jar:/home/user/.m2/repository/org/eclipse/jetty/jetty-io/9.3.25.v20180904/jetty-io-9.3.25.v20180904.jar:/home/user/.m2/repository/org/eclipse/jetty/jetty-util/9.3.25.v20180904/jetty-util-9.3.25.v20180904.jar:/home/user/.m2/repository/org/eclipse/jetty/jetty-servlet/9.3.25.v20180904/jetty-servlet-9.3.25.v20180904.jar:/home/user/.m2/repository/org/eclipse/jetty/jetty-security/9.3.25.v20180904/jetty-security-9.3.25.v20180904.jar:/home/user/.m2/repository/org/eclipse/jetty/jetty-webapp/9.3.25.v20180904/jetty-webapp-9.3.25.v20180904.jar:/home/user/.m2/repository/org/eclipse/jetty/jetty-xml/9.3.25.v20180904/jetty-xml-9.3.25.v20180904.jar:/home/user/.m2/repository/javax/servlet/jsp/jsp-api/2.1/jsp-api-2.1.jar:/home/user/.m2/repository/com/sun/jersey/jersey-core/1.19/jersey-core-1.19.jar:/home/user/.m2/repository/javax/ws/rs/jsr311-api/1.1.1/jsr311-api-1.1.1.jar:/home/user/.m2/repository/com/sun/jersey/jersey-servlet/1.19/jersey-servlet-1.19.jar:/home/user/.m2/repository/com/sun/jersey/jersey-json/1.19/jersey-json-1.19.jar:/home/user/.m2/repository/org/codehaus/jettison/jettison/1.1/jettison-1.1.jar:/home/user/.m2/repository/com/sun/xml/bind/jaxb-impl/2.3.0.1/jaxb-impl-2.3.0.1.jar:/home/user/.m2/repository/org/codehaus/jackson/jackson-core-asl/1.9.13/jackson-core-asl-1.9.13.jar:/home/user/.m2/repository/org/codehaus/jackson/jackson-mapper-asl/1.9.13/jackson-mapper-asl-1.9.13.jar:/home/user/.m2/repository/org/codehaus/jackson/jackson-jaxrs/1.9.13/jackson-jaxrs-1.9.13.jar:/home/user/.m2/repository/org/codehaus/jackson/jackson-xc/1.9.13/jackson-xc-1.9.13.jar:/home/user/.m2/repository/com/sun/jersey/jersey-server/1.19/jersey-server-1.19.jar:/home/user/.m2/repository/commons-logging/commons-logging/1.1.3/commons-logging-1.1.3.jar:/home/user/.m2/repository/log4j/log4j/1.2.17/log4j-1.2.17.jar:/home/user/.m2/repository/commons-beanutils/commons-beanutils/1.9.4/commons-beanutils-1.9.4.jar:/home/user/.m2/repository/org/apache/commons/commons-configuration2/2.1.1/commons-configuration2-2.1.1.jar:/home/user/.m2/repository/org/apache/commons/commons-lang3/3.7/commons-lang3-3.7.jar:/home/user/.m2/repository/org/apache/commons/commons-text/1.4/commons-text-1.4.jar:/home/user/.m2/repository/org/slf4j/slf4j-api/1.7.25/slf4j-api-1.7.25.jar:/home/user/.m2/repository/org/slf4j/slf4j-log4j12/1.7.25/slf4j-log4j12-1.7.25.jar:/home/user/.m2/repository/org/apache/avro/avro/1.7.7/avro-1.7.7.jar:/home/user/.m2/repository/com/thoughtworks/paranamer/paranamer/2.3/paranamer-2.3.jar:/home/user/.m2/repository/org/xerial/snappy/snappy-java/1.0.5/snappy-java-1.0.5.jar:/home/user/.m2/repository/com/google/re2j/re2j/1.1/re2j-1.1.jar:/home/user/.m2/repository/com/google/code/gson/gson/2.2.4/gson-2.2.4.jar:/home/user/.m2/repository/org/apache/hadoop/hadoop-auth/3.2.0/hadoop-auth-3.2.0.jar:/home/user/.m2/repository/com/nimbusds/nimbus-jose-jwt/4.41.1/nimbus-jose-jwt-4.41.1.jar:/home/user/.m2/repository/com/github/stephenc/jcip/jcip-annotations/1.0-1/jcip-annotations-1.0-1.jar:/home/user/.m2/repository/net/minidev/json-smart/2.3/json-smart-2.3.jar:/home/user/.m2/repository/net/minidev/accessors-smart/1.2/accessors-smart-1.2.jar:/home/user/.m2/repository/org/apache/curator/curator-framework/2.12.0/curator-framework-2.12.0.jar:/home/user/.m2/repository/com/jcraft/jsch/0.1.54/jsch-0.1.54.jar:/home/user/.m2/repository/org/apache/curator/curator-client/2.12.0/curator-client-2.12.0.jar:/home/user/.m2/repository/org/apache/curator/curator-recipes/2.12.0/curator-recipes-2.12.0.jar:/home/user/.m2/repository/com/google/code/findbugs/jsr305/3.0.0/jsr305-3.0.0.jar:/home/user/.m2/repository/org/apache/htrace/htrace-core4/4.1.0-incubating/htrace-core4-4.1.0-incubating.jar:/home/user/.m2/repository/org/apache/zookeeper/zookeeper/3.4.13/zookeeper-3.4.13.jar:/home/user/.m2/repository/jline/jline/0.9.94/jline-0.9.94.jar:/home/user/.m2/repository/org/apache/yetus/audience-annotations/0.5.0/audience-annotations-0.5.0.jar:/home/user/.m2/repository/org/apache/kerby/kerb-simplekdc/1.0.1/kerb-simplekdc-1.0.1.jar:/home/user/.m2/repository/org/apache/kerby/kerb-client/1.0.1/kerb-client-1.0.1.jar:/home/user/.m2/repository/org/apache/kerby/kerby-config/1.0.1/kerby-config-1.0.1.jar:/home/user/.m2/repository/org/apache/kerby/kerb-core/1.0.1/kerb-core-1.0.1.jar:/home/user/.m2/repository/org/apache/kerby/kerby-pkix/1.0.1/kerby-pkix-1.0.1.jar:/home/user/.m2/repository/org/apache/kerby/kerby-asn1/1.0.1/kerby-asn1-1.0.1.jar:/home/user/.m2/repository/org/apache/kerby/kerby-util/1.0.1/kerby-util-1.0.1.jar:/home/user/.m2/repository/org/apache/kerby/kerb-common/1.0.1/kerb-common-1.0.1.jar:/home/user/.m2/repository/org/apache/kerby/kerb-crypto/1.0.1/kerb-crypto-1.0.1.jar:/home/user/.m2/repository/org/apache/kerby/kerb-util/1.0.1/kerb-util-1.0.1.jar:/home/user/.m2/repository/org/apache/kerby/token-provider/1.0.1/token-provider-1.0.1.jar:/home/user/.m2/repository/org/apache/kerby/kerb-admin/1.0.1/kerb-admin-1.0.1.jar:/home/user/.m2/repository/org/apache/kerby/kerb-server/1.0.1/kerb-server-1.0.1.jar:/home/user/.m2/repository/org/apache/kerby/kerb-identity/1.0.1/kerb-identity-1.0.1.jar:/home/user/.m2/repository/org/apache/kerby/kerby-xdr/1.0.1/kerby-xdr-1.0.1.jar:/home/user/.m2/repository/com/fasterxml/jackson/core/jackson-databind/2.9.9/jackson-databind-2.9.9.jar:/home/user/.m2/repository/com/fasterxml/jackson/core/jackson-core/2.9.9/jackson-core-2.9.9.jar:/home/user/.m2/repository/org/codehaus/woodstox/stax2-api/3.1.4/stax2-api-3.1.4.jar:/home/user/.m2/repository/com/fasterxml/woodstox/woodstox-core/5.0.3/woodstox-core-5.0.3.jar:/home/user/.m2/repository/dnsjava/dnsjava/2.1.7/dnsjava-2.1.7.jar:/home/user/.m2/repository/org/apache/hadoop/hadoop-hdfs/3.2.0/hadoop-hdfs-3.2.0.jar:/home/user/.m2/repository/org/eclipse/jetty/jetty-util-ajax/9.3.25.v20180904/jetty-util-ajax-9.3.25.v20180904.jar:/home/user/.m2/repository/commons-daemon/commons-daemon/1.0.13/commons-daemon-1.0.13.jar:/home/user/.m2/repository/io/netty/netty/3.10.5.Final/netty-3.10.5.Final.jar:/home/user/.m2/repository/io/netty/netty-all/4.0.52.Final/netty-all-4.0.52.Final.jar:/home/user/.m2/repository/org/fusesource/leveldbjni/leveldbjni-all/1.8/leveldbjni-all-1.8.jar:/home/user/.m2/repository/com/sun/xml/bind/jaxb-core/2.3.0.1/jaxb-core-2.3.0.1.jar:/home/user/.m2/repository/javax/xml/bind/jaxb-api/2.3.0/jaxb-api-2.3.0.jar:/home/user/.m2/repository/javax/activation/activation/1.1.1/activation-1.1.1.jar:/home/user/.m2/repository/org/openjdk/jmh/jmh-core/1.19/jmh-core-1.19.jar:/home/user/.m2/repository/net/sf/jopt-simple/jopt-simple/4.6/jopt-simple-4.6.jar:/home/user/.m2/repository/org/openjdk/jmh/jmh-generator-annprocess/1.19/jmh-generator-annprocess-1.19.jar:/home/user/.m2/repository/io/dropwizard/metrics/metrics-core/3.2.4/metrics-core-3.2.4.jar:/home/user/.m2/repository/com/amazonaws/aws-java-sdk-s3/1.11.615/aws-java-sdk-s3-1.11.615.jar:/home/user/.m2/repository/com/amazonaws/aws-java-sdk-kms/1.11.615/aws-java-sdk-kms-1.11.615.jar:/home/user/.m2/repository/com/amazonaws/aws-java-sdk-core/1.11.615/aws-java-sdk-core-1.11.615.jar:/home/user/.m2/repository/software/amazon/ion/ion-java/1.0.2/ion-java-1.0.2.jar:/home/user/.m2/repository/com/fasterxml/jackson/dataformat/jackson-dataformat-cbor/2.9.9/jackson-dataformat-cbor-2.9.9.jar:/home/user/.m2/repository/joda-time/joda-time/2.9.9/joda-time-2.9.9.jar:/home/user/.m2/repository/com/amazonaws/jmespath-java/1.11.615/jmespath-java-1.11.615.jar:/home/user/.m2/repository/com/github/spotbugs/spotbugs/3.1.12/spotbugs-3.1.12.jar:/home/user/.m2/repository/org/ow2/asm/asm/5.0.4/asm-5.0.4.jar:/home/user/.m2/repository/org/ow2/asm/asm-analysis/7.0/asm-analysis-7.0.jar:/home/user/.m2/repository/org/ow2/asm/asm-commons/7.0/asm-commons-7.0.jar:/home/user/.m2/repository/org/ow2/asm/asm-tree/7.0/asm-tree-7.0.jar:/home/user/.m2/repository/org/ow2/asm/asm-util/7.0/asm-util-7.0.jar:/home/user/.m2/repository/org/apache/bcel/bcel/6.3/bcel-6.3.jar:/home/user/.m2/repository/net/jcip/jcip-annotations/1.0/jcip-annotations-1.0.jar:/home/user/.m2/repository/org/dom4j/dom4j/2.1.1/dom4j-2.1.1.jar:/home/user/.m2/repository/jaxen/jaxen/1.1.6/jaxen-1.1.6.jar:/home/user/.m2/repository/commons-lang/commons-lang/2.6/commons-lang-2.6.jar:/home/user/.m2/repository/com/github/spotbugs/spotbugs-annotations/3.1.12/spotbugs-annotations-3.1.12.jar:/home/user/.m2/repository/junit/junit/4.11/junit-4.11.jar:/home/user/.m2/repository/org/hamcrest/hamcrest-core/1.3/hamcrest-core-1.3.jar:/home/user/.m2/repository/org/apache/hadoop/hadoop-common/3.2.0/hadoop-common-3.2.0-tests.jar:/workdir/hadoop-ozone/integration-test/target/test-classes:/home/user/.m2/repository/org/apache/hadoop/hadoop-ozone-s3gateway/0.5.0-SNAPSHOT/hadoop-ozone-s3gateway-0.5.0-SNAPSHOT.jar:/home/user/.m2/repository/org/jboss/weld/servlet/weld-servlet/2.4.7.Final/weld-servlet-2.4.7.Final.jar:/home/user/.m2/repository/org/glassfish/jersey/containers/jersey-container-servlet-core/2.27/jersey-container-servlet-core-2.27.jar:/home/user/.m2/repository/org/glassfish/hk2/external/javax.inject/2.5.0-b42/javax.inject-2.5.0-b42.jar:/home/user/.m2/repository/org/glassfish/jersey/core/jersey-common/2.27/jersey-common-2.27.jar:/home/user/.m2/repository/org/glassfish/hk2/osgi-resource-locator/1.0.1/osgi-resource-locator-1.0.1.jar:/home/user/.m2/repository/javax/ws/rs/javax.ws.rs-api/2.1/javax.ws.rs-api-2.1.jar:/home/user/.m2/repository/org/glassfish/jersey/ext/cdi/jersey-cdi1x/2.27/jersey-cdi1x-2.27.jar:/home/user/.m2/repository/org/glassfish/jersey/inject/jersey-hk2/2.27/jersey-hk2-2.27.jar:/home/user/.m2/repository/org/glassfish/hk2/hk2-locator/2.5.0-b42/hk2-locator-2.5.0-b42.jar:/home/user/.m2/repository/org/javassist/javassist/3.22.0-CR2/javassist-3.22.0-CR2.jar:/home/user/.m2/repository/org/glassfish/hk2/hk2-api/2.5.0/hk2-api-2.5.0.jar:/home/user/.m2/repository/org/glassfish/hk2/external/jakarta.inject/2.5.0/jakarta.inject-2.5.0.jar:/home/user/.m2/repository/org/glassfish/hk2/hk2-utils/2.5.0/hk2-utils-2.5.0.jar:/home/user/.m2/repository/jakarta/annotation/jakarta.annotation-api/1.3.4/jakarta.annotation-api-1.3.4.jar:/home/user/.m2/repository/org/glassfish/hk2/external/aopalliance-repackaged/2.5.0/aopalliance-repackaged-2.5.0.jar:/home/user/.m2/repository/com/fasterxml/jackson/dataformat/jackson-dataformat-xml/2.9.0/jackson-dataformat-xml-2.9.0.jar:/home/user/.m2/repository/com/fasterxml/jackson/module/jackson-module-jaxb-annotations/2.9.9/jackson-module-jaxb-annotations-2.9.9.jar:/home/user/.m2/repository/javax/enterprise/cdi-api/1.2/cdi-api-1.2.jar:/home/user/.m2/repository/javax/el/javax.el-api/3.0.0/javax.el-api-3.0.0.jar:/home/user/.m2/repository/javax/interceptor/javax.interceptor-api/1.2/javax.interceptor-api-1.2.jar:/home/user/.m2/repository/javax/inject/javax.inject/1/javax.inject-1.jar:/home/user/.m2/repository/org/apache/hadoop/hadoop-ozone-csi/0.5.0-SNAPSHOT/hadoop-ozone-csi-0.5.0-SNAPSHOT.jar:/home/user/.m2/repository/com/google/protobuf/protobuf-java-util/3.5.1/protobuf-java-util-3.5.1.jar:/home/user/.m2/repository/io/grpc/grpc-netty/1.17.1/grpc-netty-1.17.1.jar:/home/user/.m2/repository/io/grpc/grpc-core/1.17.1/grpc-core-1.17.1.jar:/home/user/.m2/repository/io/grpc/grpc-context/1.17.1/grpc-context-1.17.1.jar:/home/user/.m2/repository/com/google/errorprone/error_prone_annotations/2.2.0/error_prone_annotations-2.2.0.jar:/home/user/.m2/repository/org/codehaus/mojo/animal-sniffer-annotations/1.17/animal-sniffer-annotations-1.17.jar:/home/user/.m2/repository/io/opencensus/opencensus-api/0.17.0/opencensus-api-0.17.0.jar:/home/user/.m2/repository/io/opencensus/opencensus-contrib-grpc-metrics/0.17.0/opencensus-contrib-grpc-metrics-0.17.0.jar:/home/user/.m2/repository/io/netty/netty-codec-http2/4.1.30.Final/netty-codec-http2-4.1.30.Final.jar:/home/user/.m2/repository/io/netty/netty-codec-http/4.1.30.Final/netty-codec-http-4.1.30.Final.jar:/home/user/.m2/repository/io/netty/netty-codec/4.1.30.Final/netty-codec-4.1.30.Final.jar:/home/user/.m2/repository/io/netty/netty-handler/4.1.30.Final/netty-handler-4.1.30.Final.jar:/home/user/.m2/repository/io/netty/netty-handler-proxy/4.1.30.Final/netty-handler-proxy-4.1.30.Final.jar:/home/user/.m2/repository/io/netty/netty-codec-socks/4.1.30.Final/netty-codec-socks-4.1.30.Final.jar:/home/user/.m2/repository/io/netty/netty-transport-native-epoll/4.1.30.Final/netty-transport-native-epoll-4.1.30.Final.jar:/home/user/.m2/repository/io/netty/netty-common/4.1.30.Final/netty-common-4.1.30.Final.jar:/home/user/.m2/repository/io/netty/netty-buffer/4.1.30.Final/netty-buffer-4.1.30.Final.jar:/home/user/.m2/repository/io/netty/netty-transport/4.1.30.Final/netty-transport-4.1.30.Final.jar:/home/user/.m2/repository/io/netty/netty-resolver/4.1.30.Final/netty-resolver-4.1.30.Final.jar:/home/user/.m2/repository/io/netty/netty-transport-native-unix-common/4.1.30.Final/netty-transport-native-unix-common-4.1.30.Final.jar:/home/user/.m2/repository/io/grpc/grpc-protobuf/1.17.1/grpc-protobuf-1.17.1.jar:/home/user/.m2/repository/com/google/api/grpc/proto-google-common-protos/1.0.0/proto-google-common-protos-1.0.0.jar:/home/user/.m2/repository/io/grpc/grpc-protobuf-lite/1.17.1/grpc-protobuf-lite-1.17.1.jar:/home/user/.m2/repository/io/grpc/grpc-stub/1.17.1/grpc-stub-1.17.1.jar:/home/user/.m2/repository/org/apache/hadoop/hadoop-ozone-recon/0.5.0-SNAPSHOT/hadoop-ozone-recon-0.5.0-SNAPSHOT.jar:/home/user/.m2/repository/org/apache/hadoop/hadoop-ozone-reconcodegen/0.5.0-SNAPSHOT/hadoop-ozone-reconcodegen-0.5.0-SNAPSHOT.jar:/home/user/.m2/repository/com/google/inject/extensions/guice-multibindings/4.0/guice-multibindings-4.0.jar:/home/user/.m2/repository/com/google/inject/guice/4.0/guice-4.0.jar:/home/user/.m2/repository/aopalliance/aopalliance/1.0/aopalliance-1.0.jar:/home/user/.m2/repository/com/google/inject/extensions/guice-servlet/4.0/guice-servlet-4.0.jar:/home/user/.m2/repository/org/glassfish/jersey/containers/jersey-container-servlet/2.27/jersey-container-servlet-2.27.jar:/home/user/.m2/repository/org/glassfish/hk2/guice-bridge/2.5.0/guice-bridge-2.5.0.jar:/home/user/.m2/repository/org/glassfish/jersey/core/jersey-server/2.27/jersey-server-2.27.jar:/home/user/.m2/repository/org/glassfish/jersey/core/jersey-client/2.27/jersey-client-2.27.jar:/home/user/.m2/repository/org/glassfish/jersey/media/jersey-media-jaxb/2.27/jersey-media-jaxb-2.27.jar:/home/user/.m2/repository/javax/validation/validation-api/1.1.0.Final/validation-api-1.1.0.Final.jar:/home/user/.m2/repository/org/glassfish/jersey/media/jersey-media-json-jackson/2.27/jersey-media-json-jackson-2.27.jar:/home/user/.m2/repository/org/glassfish/jersey/ext/jersey-entity-filtering/2.27/jersey-entity-filtering-2.27.jar:/home/user/.m2/repository/com/google/inject/extensions/guice-assistedinject/4.0/guice-assistedinject-4.0.jar:/home/user/.m2/repository/org/jooq/jooq/3.11.10/jooq-3.11.10.jar:/home/user/.m2/repository/org/jooq/jooq-meta/3.11.10/jooq-meta-3.11.10.jar:/home/user/.m2/repository/org/jooq/jooq-codegen/3.11.10/jooq-codegen-3.11.10.jar:/home/user/.m2/repository/com/jolbox/bonecp/0.8.0.RELEASE/bonecp-0.8.0.RELEASE.jar:/home/user/.m2/repository/org/springframework/spring-jdbc/5.1.3.RELEASE/spring-jdbc-5.1.3.RELEASE.jar:/home/user/.m2/repository/org/springframework/spring-beans/5.1.3.RELEASE/spring-beans-5.1.3.RELEASE.jar:/home/user/.m2/repository/org/springframework/spring-core/5.1.3.RELEASE/spring-core-5.1.3.RELEASE.jar:/home/user/.m2/repository/org/springframework/spring-jcl/5.1.3.RELEASE/spring-jcl-5.1.3.RELEASE.jar:/home/user/.m2/repository/org/springframework/spring-tx/5.1.3.RELEASE/spring-tx-5.1.3.RELEASE.jar:/home/user/.m2/repository/org/mockito/mockito-core/2.15.0/mockito-core-2.15.0.jar:/home/user/.m2/repository/net/bytebuddy/byte-buddy/1.7.9/byte-buddy-1.7.9.jar:/home/user/.m2/repository/net/bytebuddy/byte-buddy-agent/1.7.9/byte-buddy-agent-1.7.9.jar:/home/user/.m2/repository/org/objenesis/objenesis/1.0/objenesis-1.0.jar:"/>
    <property name="sun.cpu.endian" value="little"/>
    <property name="user.home" value="/home/user"/>
    <property name="user.language" value="en"/>
    <property name="java.specification.vendor" value="Oracle Corporation"/>
    <property name="java.home" value="/usr/lib/jvm/java-1.8.0-openjdk-1.8.0.222.b10-1.el7_7.x86_64/jre"/>
    <property name="surefire.excludesFile" value="/tools/ozone-bad-unit-tests"/>
    <property name="java.security.krb5.conf" value="/workdir/hadoop-ozone/tools/target/test-classes/krb5.conf"/>
    <property name="basedir" value="/workdir/hadoop-ozone/tools"/>
    <property name="file.separator" value="/"/>
    <property name="line.separator" value="&#10;"/>
    <property name="java.vm.specification.vendor" value="Oracle Corporation"/>
    <property name="java.specification.name" value="Java Platform API Specification"/>
    <property name="java.awt.graphicsenv" value="sun.awt.X11GraphicsEnvironment"/>
    <property name="surefire.real.class.path" value="/workdir/hadoop-ozone/tools/target/surefire/surefirebooter8106350401320606958.jar"/>
    <property name="hadoop.log.dir" value="/workdir/hadoop-ozone/tools/target/log"/>
    <property name="sun.boot.class.path" value="/usr/lib/jvm/java-1.8.0-openjdk-1.8.0.222.b10-1.el7_7.x86_64/jre/lib/resources.jar:/usr/lib/jvm/java-1.8.0-openjdk-1.8.0.222.b10-1.el7_7.x86_64/jre/lib/rt.jar:/usr/lib/jvm/java-1.8.0-openjdk-1.8.0.222.b10-1.el7_7.x86_64/jre/lib/sunrsasign.jar:/usr/lib/jvm/java-1.8.0-openjdk-1.8.0.222.b10-1.el7_7.x86_64/jre/lib/jsse.jar:/usr/lib/jvm/java-1.8.0-openjdk-1.8.0.222.b10-1.el7_7.x86_64/jre/lib/jce.jar:/usr/lib/jvm/java-1.8.0-openjdk-1.8.0.222.b10-1.el7_7.x86_64/jre/lib/charsets.jar:/usr/lib/jvm/java-1.8.0-openjdk-1.8.0.222.b10-1.el7_7.x86_64/jre/lib/jfr.jar:/usr/lib/jvm/java-1.8.0-openjdk-1.8.0.222.b10-1.el7_7.x86_64/jre/classes"/>
    <property name="sun.management.compiler" value="HotSpot 64-Bit Tiered Compilers"/>
    <property name="java.runtime.version" value="1.8.0_222-b10"/>
    <property name="java.net.preferIPv4Stack" value="true"/>
    <property name="user.name" value="jenkins1000"/>
    <property name="path.separator" value=":"/>
    <property name="java.security.egd" value="file:///dev/urandom"/>
    <property name="os.version" value="3.10.0-957.12.2.el7.x86_64"/>
    <property name="java.endorsed.dirs" value="/usr/lib/jvm/java-1.8.0-openjdk-1.8.0.222.b10-1.el7_7.x86_64/jre/lib/endorsed"/>
    <property name="java.runtime.name" value="OpenJDK Runtime Environment"/>
    <property name="file.encoding" value="ANSI_X3.4-1968"/>
    <property name="java.vm.name" value="OpenJDK 64-Bit Server VM"/>
    <property name="test.build.webapps" value=""/>
    <property name="localRepository" value="/home/user/.m2/repository"/>
    <property name="java.vendor.url.bug" value="http://bugreport.sun.com/bugreport/"/>
    <property name="java.io.tmpdir" value="/tmp"/>
    <property name="require.test.libhadoop" value=""/>
    <property name="java.version" value="1.8.0_222"/>
    <property name="user.dir" value="/workdir/hadoop-ozone/tools"/>
    <property name="os.arch" value="amd64"/>
    <property name="java.vm.specification.name" value="Java Virtual Machine Specification"/>
    <property name="test.build.classes" value="/workdir/hadoop-ozone/tools/target/test-classes"/>
    <property name="java.awt.printerjob" value="sun.print.PSPrinterJob"/>
    <property name="sun.os.patch.level" value="unknown"/>
    <property name="hadoop.tmp.dir" value="/workdir/hadoop-ozone/tools/target/tmp"/>
    <property name="java.library.path" value="/usr/lib:/workdir/hadoop-ozone/tools/target/native/target/usr/local/lib:/workdir/hadoop-ozone/tools/../../hadoop-common-project/hadoop-common/target/native/target/usr/local/lib:/usr/java/packages/lib/amd64:/usr/lib64:/lib64:/lib:/usr/lib"/>
    <property name="java.vm.info" value="mixed mode"/>
    <property name="java.vendor" value="Oracle Corporation"/>
    <property name="java.vm.version" value="25.222-b10"/>
    <property name="java.ext.dirs" value="/usr/lib/jvm/java-1.8.0-openjdk-1.8.0.222.b10-1.el7_7.x86_64/jre/lib/ext:/usr/java/packages/lib/ext"/>
    <property name="sun.io.unicode.encoding" value="UnicodeLittle"/>
    <property name="java.class.version" value="52.0"/>
  </properties>
  <testcase name="testRestart" classname="org.apache.hadoop.ozone.freon.TestFreonWithPipelineDestroy" time="18.772">
    <error message="INTERNAL_ERROR org.apache.hadoop.ozone.om.exceptions.OMException: Allocated 0 blocks. Requested 5 blocks" type="java.lang.RuntimeException">java.lang.RuntimeException: INTERNAL_ERROR org.apache.hadoop.ozone.om.exceptions.OMException: Allocated 0 blocks. Requested 5 blocks
	at org.apache.hadoop.ozone.freon.RandomKeyGenerator.call(RandomKeyGenerator.java:341)
	at org.apache.hadoop.ozone.freon.TestFreonWithPipelineDestroy.startFreon(TestFreonWithPipelineDestroy.java:87)
	at org.apache.hadoop.ozone.freon.TestFreonWithPipelineDestroy.testRestart(TestFreonWithPipelineDestroy.java:74)
	at sun.reflect.NativeMethodAccessorImpl.invoke0(Native Method)
	at sun.reflect.NativeMethodAccessorImpl.invoke(NativeMethodAccessorImpl.java:62)
	at sun.reflect.DelegatingMethodAccessorImpl.invoke(DelegatingMethodAccessorImpl.java:43)
	at java.lang.reflect.Method.invoke(Method.java:498)
	at org.junit.runners.model.FrameworkMethod$1.runReflectiveCall(FrameworkMethod.java:47)
	at org.junit.internal.runners.model.ReflectiveCallable.run(ReflectiveCallable.java:12)
	at org.junit.runners.model.FrameworkMethod.invokeExplosively(FrameworkMethod.java:44)
	at org.junit.internal.runners.statements.InvokeMethod.evaluate(InvokeMethod.java:17)
	at org.junit.runners.ParentRunner.runLeaf(ParentRunner.java:271)
	at org.junit.runners.BlockJUnit4ClassRunner.runChild(BlockJUnit4ClassRunner.java:70)
	at org.junit.runners.BlockJUnit4ClassRunner.runChild(BlockJUnit4ClassRunner.java:50)
	at org.junit.runners.ParentRunner$3.run(ParentRunner.java:238)
	at org.junit.runners.ParentRunner$1.schedule(ParentRunner.java:63)
	at org.junit.runners.ParentRunner.runChildren(ParentRunner.java:236)
	at org.junit.runners.ParentRunner.access$000(ParentRunner.java:53)
	at org.junit.runners.ParentRunner$2.evaluate(ParentRunner.java:229)
	at org.junit.internal.runners.statements.RunBefores.evaluate(RunBefores.java:26)
	at org.junit.internal.runners.statements.RunAfters.evaluate(RunAfters.java:27)
	at org.junit.runners.ParentRunner.run(ParentRunner.java:309)
	at org.apache.maven.surefire.junit4.JUnit4Provider.execute(JUnit4Provider.java:365)
	at org.apache.maven.surefire.junit4.JUnit4Provider.executeWithRerun(JUnit4Provider.java:273)
	at org.apache.maven.surefire.junit4.JUnit4Provider.executeTestSet(JUnit4Provider.java:238)
	at org.apache.maven.surefire.junit4.JUnit4Provider.invoke(JUnit4Provider.java:159)
	at org.apache.maven.surefire.booter.ForkedBooter.invokeProviderInSameClassLoader(ForkedBooter.java:384)
	at org.apache.maven.surefire.booter.ForkedBooter.runSuitesInProcess(ForkedBooter.java:345)
	at org.apache.maven.surefire.booter.ForkedBooter.execute(ForkedBooter.java:126)
	at org.apache.maven.surefire.booter.ForkedBooter.main(ForkedBooter.java:418)
Caused by: INTERNAL_ERROR org.apache.hadoop.ozone.om.exceptions.OMException: Allocated 0 blocks. Requested 5 blocks
	at org.apache.hadoop.ozone.om.protocolPB.OzoneManagerProtocolClientSideTranslatorPB.handleError(OzoneManagerProtocolClientSideTranslatorPB.java:761)
	at org.apache.hadoop.ozone.om.protocolPB.OzoneManagerProtocolClientSideTranslatorPB.openKey(OzoneManagerProtocolClientSideTranslatorPB.java:752)
	at sun.reflect.NativeMethodAccessorImpl.invoke0(Native Method)
	at sun.reflect.NativeMethodAccessorImpl.invoke(NativeMethodAccessorImpl.java:62)
	at sun.reflect.DelegatingMethodAccessorImpl.invoke(DelegatingMethodAccessorImpl.java:43)
	at java.lang.reflect.Method.invoke(Method.java:498)
	at org.apache.hadoop.hdds.tracing.TraceAllMethod.invoke(TraceAllMethod.java:66)
	at com.sun.proxy.$Proxy37.openKey(Unknown Source)
	at org.apache.hadoop.ozone.client.rpc.RpcClient.createKey(RpcClient.java:633)
	at org.apache.hadoop.ozone.client.OzoneBucket.createKey(OzoneBucket.java:325)
	at org.apache.hadoop.ozone.freon.RandomKeyGenerator.createKey(RandomKeyGenerator.java:697)
	at org.apache.hadoop.ozone.freon.RandomKeyGenerator.access$1100(RandomKeyGenerator.java:88)
	at org.apache.hadoop.ozone.freon.RandomKeyGenerator$ObjectCreator.run(RandomKeyGenerator.java:615)
	at java.util.concurrent.Executors$RunnableAdapter.call(Executors.java:511)
	at java.util.concurrent.FutureTask.run(FutureTask.java:266)
	at java.util.concurrent.ThreadPoolExecutor.runWorker(ThreadPoolExecutor.java:1149)
	at java.util.concurrent.ThreadPoolExecutor$Worker.run(ThreadPoolExecutor.java:624)
	at java.lang.Thread.run(Thread.java:748)
</error>
    <system-out><![CDATA[2019-11-16 00:31:58,875 [main] WARN  server.ServerUtils (ServerUtils.java:getScmDbDir(145)) - ozone.scm.db.dirs is not configured. We recommend adding this setting. Falling back to ozone.metadata.dirs instead.
2019-11-16 00:31:59,006 [main] WARN  server.ServerUtils (ServerUtils.java:getScmDbDir(145)) - ozone.scm.db.dirs is not configured. We recommend adding this setting. Falling back to ozone.metadata.dirs instead.
2019-11-16 00:31:59,009 [main] WARN  server.ServerUtils (ServerUtils.java:getScmDbDir(145)) - ozone.scm.db.dirs is not configured. We recommend adding this setting. Falling back to ozone.metadata.dirs instead.
2019-11-16 00:31:59,034 [main] INFO  util.log (Log.java:initialized(192)) - Logging initialized @959ms
2019-11-16 00:31:59,135 [main] INFO  db.DBStoreBuilder (DBStoreBuilder.java:addTable(127)) - using custom profile for table: deletedBlocks
2019-11-16 00:31:59,136 [main] INFO  db.DBStoreBuilder (DBStoreBuilder.java:processTables(183)) - Using default column profile:DBProfile.DISK for Table:deletedBlocks
2019-11-16 00:31:59,136 [main] INFO  db.DBStoreBuilder (DBStoreBuilder.java:addTable(127)) - using custom profile for table: validCerts
2019-11-16 00:31:59,136 [main] INFO  db.DBStoreBuilder (DBStoreBuilder.java:processTables(183)) - Using default column profile:DBProfile.DISK for Table:validCerts
2019-11-16 00:31:59,137 [main] INFO  db.DBStoreBuilder (DBStoreBuilder.java:addTable(127)) - using custom profile for table: revokedCerts
2019-11-16 00:31:59,137 [main] INFO  db.DBStoreBuilder (DBStoreBuilder.java:processTables(183)) - Using default column profile:DBProfile.DISK for Table:revokedCerts
2019-11-16 00:31:59,149 [main] INFO  db.DBStoreBuilder (DBStoreBuilder.java:addTable(127)) - using custom profile for table: default
2019-11-16 00:31:59,149 [main] INFO  db.DBStoreBuilder (DBStoreBuilder.java:processTables(189)) - Using default column profile:DBProfile.DISK for Table:default
2019-11-16 00:31:59,150 [main] INFO  db.DBStoreBuilder (DBStoreBuilder.java:getDbProfile(220)) - Using default options. DBProfile.DISK
2019-11-16 00:31:59,478 [main] INFO  net.NodeSchemaLoader (NodeSchemaLoader.java:loadSchemaFromFile(125)) - Loading file from sun.misc.CompoundEnumeration@5e0e82ae
2019-11-16 00:31:59,482 [main] INFO  net.NodeSchemaLoader (NodeSchemaLoader.java:loadSchema(171)) - Loading network topology layer schema file
2019-11-16 00:31:59,555 [main] INFO  node.SCMNodeManager (SCMNodeManager.java:<init>(116)) - Entering startup safe mode.
2019-11-16 00:31:59,629 [main] INFO  algorithms.ContainerPlacementPolicyFactory (ContainerPlacementPolicyFactory.java:getPolicy(57)) - Create container placement policy of type org.apache.hadoop.hdds.scm.container.placement.algorithms.SCMContainerPlacementRandom
2019-11-16 00:31:59,643 [main] WARN  server.ServerUtils (ServerUtils.java:getScmDbDir(145)) - ozone.scm.db.dirs is not configured. We recommend adding this setting. Falling back to ozone.metadata.dirs instead.
2019-11-16 00:31:59,735 [main] INFO  pipeline.SCMPipelineManager (SCMPipelineManager.java:initializePipelineState(136)) - No pipeline exists in current db
2019-11-16 00:31:59,737 [main] WARN  server.ServerUtils (ServerUtils.java:getScmDbDir(145)) - ozone.scm.db.dirs is not configured. We recommend adding this setting. Falling back to ozone.metadata.dirs instead.
2019-11-16 00:31:59,888 [main] INFO  safemode.HealthyPipelineSafeModeRule (HealthyPipelineSafeModeRule.java:<init>(92)) -  Total pipeline count is 0, healthy pipeline threshold count is 1
2019-11-16 00:31:59,892 [main] INFO  safemode.OneReplicaPipelineSafeModeRule (OneReplicaPipelineSafeModeRule.java:<init>(79)) - Total pipeline count is 0, pipeline's with at least one datanode reported threshold count is 0
2019-11-16 00:31:59,892 [main] WARN  events.EventQueue (EventQueue.java:fireEvent(183)) - No event handler registered for event TypedEvent{payloadType=SafeModeStatus, name='SafeModeStatus'}
2019-11-16 00:32:00,282 [main] INFO  ipc.CallQueueManager (CallQueueManager.java:<init>(84)) - Using callQueue: class java.util.concurrent.LinkedBlockingQueue, queueCapacity: 2000, scheduler: class org.apache.hadoop.ipc.DefaultRpcScheduler, ipcBackoff: false.
2019-11-16 00:32:00,394 [Socket Reader #1 for port 38077] INFO  ipc.Server (Server.java:run(1074)) - Starting Socket Reader #1 for port 38077
2019-11-16 00:32:00,424 [main] INFO  ipc.CallQueueManager (CallQueueManager.java:<init>(84)) - Using callQueue: class java.util.concurrent.LinkedBlockingQueue, queueCapacity: 2000, scheduler: class org.apache.hadoop.ipc.DefaultRpcScheduler, ipcBackoff: false.
2019-11-16 00:32:00,426 [Socket Reader #1 for port 40407] INFO  ipc.Server (Server.java:run(1074)) - Starting Socket Reader #1 for port 40407
2019-11-16 00:32:00,435 [main] INFO  ipc.CallQueueManager (CallQueueManager.java:<init>(84)) - Using callQueue: class java.util.concurrent.LinkedBlockingQueue, queueCapacity: 2000, scheduler: class org.apache.hadoop.ipc.DefaultRpcScheduler, ipcBackoff: false.
2019-11-16 00:32:00,436 [Socket Reader #1 for port 46415] INFO  ipc.Server (Server.java:run(1074)) - Starting Socket Reader #1 for port 46415
2019-11-16 00:32:00,466 [main] INFO  hdfs.DFSUtil (DFSUtil.java:httpServerTemplateForNNAndJN(1641)) - Starting Web-server for scm at: http://0.0.0.0:0
2019-11-16 00:32:00,617 [main] INFO  server.AuthenticationFilter (AuthenticationFilter.java:constructSecretProvider(240)) - Unable to initialize FileSignerSecretProvider, falling back to use random secrets.
2019-11-16 00:32:00,634 [main] WARN  http.HttpRequestLog (HttpRequestLog.java:getRequestLog(97)) - Jetty request log can only be enabled using Log4j
2019-11-16 00:32:00,644 [main] INFO  http.HttpServer2 (HttpServer2.java:addGlobalFilter(975)) - Added global filter 'safety' (class=org.apache.hadoop.http.HttpServer2$QuotingInputFilter)
2019-11-16 00:32:00,647 [main] INFO  http.HttpServer2 (HttpServer2.java:addFilter(948)) - Added filter static_user_filter (class=org.apache.hadoop.http.lib.StaticUserWebFilter$StaticUserFilter) to context scm
2019-11-16 00:32:00,648 [main] INFO  http.HttpServer2 (HttpServer2.java:addFilter(958)) - Added filter static_user_filter (class=org.apache.hadoop.http.lib.StaticUserWebFilter$StaticUserFilter) to context static
2019-11-16 00:32:00,648 [main] INFO  http.HttpServer2 (HttpServer2.java:addFilter(958)) - Added filter static_user_filter (class=org.apache.hadoop.http.lib.StaticUserWebFilter$StaticUserFilter) to context logs
2019-11-16 00:32:00,676 [main] INFO  server.StorageContainerManager (StorageContainerManager.java:start(765)) - StorageContainerLocationProtocol RPC server is listening at /0.0.0.0:46415
2019-11-16 00:32:00,734 [main] WARN  impl.MetricsConfig (MetricsConfig.java:loadFirst(134)) - Cannot locate configuration: tried hadoop-metrics2-storagecontainermanager.properties,hadoop-metrics2.properties
2019-11-16 00:32:00,748 [main] INFO  impl.MetricsSystemImpl (MetricsSystemImpl.java:startTimer(374)) - Scheduled Metric snapshot period at 10 second(s).
2019-11-16 00:32:00,748 [main] INFO  impl.MetricsSystemImpl (MetricsSystemImpl.java:start(191)) - StorageContainerManager metrics system started
2019-11-16 00:32:00,992 [main] INFO  server.SCMClientProtocolServer (SCMClientProtocolServer.java:start(160)) - RPC server for Client  is listening at /0.0.0.0:46415
2019-11-16 00:32:00,992 [IPC Server listener on 46415] INFO  ipc.Server (Server.java:run(1153)) - IPC Server listener on 46415: starting
2019-11-16 00:32:00,992 [IPC Server Responder] INFO  ipc.Server (Server.java:run(1314)) - IPC Server Responder: starting
2019-11-16 00:32:00,995 [main] INFO  server.StorageContainerManager (StorageContainerManager.java:start(775)) - ScmBlockLocationProtocol RPC server is listening at /0.0.0.0:40407
2019-11-16 00:32:00,996 [main] INFO  server.SCMBlockProtocolServer (SCMBlockProtocolServer.java:start(146)) - RPC server for Block Protocol is listening at /0.0.0.0:40407
2019-11-16 00:32:00,996 [IPC Server listener on 40407] INFO  ipc.Server (Server.java:run(1153)) - IPC Server listener on 40407: starting
2019-11-16 00:32:00,996 [IPC Server Responder] INFO  ipc.Server (Server.java:run(1314)) - IPC Server Responder: starting
2019-11-16 00:32:00,999 [main] INFO  server.StorageContainerManager (StorageContainerManager.java:start(779)) - ScmDatanodeProtocl RPC server is listening at /0.0.0.0:38077
2019-11-16 00:32:00,999 [main] INFO  server.SCMDatanodeProtocolServer (SCMDatanodeProtocolServer.java:start(177)) - RPC server for DataNodes is listening at /0.0.0.0:38077
2019-11-16 00:32:01,000 [IPC Server Responder] INFO  ipc.Server (Server.java:run(1314)) - IPC Server Responder: starting
2019-11-16 00:32:01,000 [IPC Server listener on 38077] INFO  ipc.Server (Server.java:run(1153)) - IPC Server listener on 38077: starting
2019-11-16 00:32:01,003 [main] INFO  http.HttpServer2 (HttpServer2.java:bindListener(1191)) - Jetty bound to port 45358
2019-11-16 00:32:01,005 [main] INFO  server.Server (Server.java:doStart(351)) - jetty-9.3.25.v20180904, build timestamp: 2018-09-04T21:11:46Z, git hash: 3ce520221d0240229c862b122d2b06c12a625732
2019-11-16 00:32:01,042 [main] INFO  handler.ContextHandler (ContextHandler.java:doStart(781)) - Started o.e.j.s.ServletContextHandler@4bff64c2{/logs,file:///workdir/hadoop-ozone/tools/target/log,AVAILABLE}
2019-11-16 00:32:01,043 [main] INFO  handler.ContextHandler (ContextHandler.java:doStart(781)) - Started o.e.j.s.ServletContextHandler@3cc41abc{/static,jar:file:/home/user/.m2/repository/org/apache/hadoop/hadoop-hdds-server-scm/0.5.0-SNAPSHOT/hadoop-hdds-server-scm-0.5.0-SNAPSHOT.jar!/webapps/static,AVAILABLE}
2019-11-16 00:32:01,125 [main] INFO  handler.ContextHandler (ContextHandler.java:doStart(781)) - Started o.e.j.w.WebAppContext@5922ae77{/,file:///tmp/jetty-0.0.0.0-45358-scm-_-any-7957181427651570091.dir/webapp/,AVAILABLE}{/scm}
2019-11-16 00:32:01,130 [main] INFO  server.AbstractConnector (AbstractConnector.java:doStart(278)) - Started ServerConnector@21362712{HTTP/1.1,[http/1.1]}{0.0.0.0:45358}
2019-11-16 00:32:01,130 [main] INFO  server.Server (Server.java:doStart(419)) - Started @3055ms
2019-11-16 00:32:01,132 [main] INFO  impl.MetricsSinkAdapter (MetricsSinkAdapter.java:start(204)) - Sink prometheus started
2019-11-16 00:32:01,132 [main] INFO  impl.MetricsSystemImpl (MetricsSystemImpl.java:registerSink(301)) - Registered sink prometheus
2019-11-16 00:32:01,134 [main] INFO  server.BaseHttpServer (BaseHttpServer.java:updateConnectorAddress(215)) - HTTP server of SCM is listening at http://0.0.0.0:45358
2019-11-16 00:32:01,142 [org.apache.hadoop.util.JvmPauseMonitor$Monitor@56b78e55] INFO  util.JvmPauseMonitor (JvmPauseMonitor.java:run(188)) - Starting JVM pause monitor
2019-11-16 00:32:01,145 [main] WARN  server.ServerUtils (ServerUtils.java:getDBPath(222)) - ozone.om.db.dirs is not configured. We recommend adding this setting. Falling back to ozone.metadata.dirs instead.
2019-11-16 00:32:01,247 [main] INFO  ha.OMHANodeDetails (OMHANodeDetails.java:loadOMHAConfig(190)) - Configuration either no ozone.om.address set. Falling back to the default OM address /127.0.0.1:0
2019-11-16 00:32:01,247 [main] INFO  ha.OMHANodeDetails (OMHANodeDetails.java:getOMNodeDetails(220)) - OM Service ID is not set. Setting it to the default ID: omServiceIdDefault
2019-11-16 00:32:01,249 [main] WARN  server.ServerUtils (ServerUtils.java:getDBPath(222)) - ozone.om.db.dirs is not configured. We recommend adding this setting. Falling back to ozone.metadata.dirs instead.
2019-11-16 00:32:01,249 [main] WARN  server.ServerUtils (ServerUtils.java:getDBPath(222)) - ozone.om.db.dirs is not configured. We recommend adding this setting. Falling back to ozone.metadata.dirs instead.
2019-11-16 00:32:01,843 [main] WARN  server.ServerUtils (ServerUtils.java:getDBPath(222)) - ozone.om.db.dirs is not configured. We recommend adding this setting. Falling back to ozone.metadata.dirs instead.
2019-11-16 00:32:01,851 [main] INFO  db.DBStoreBuilder (DBStoreBuilder.java:addTable(127)) - using custom profile for table: userTable
2019-11-16 00:32:01,851 [main] INFO  db.DBStoreBuilder (DBStoreBuilder.java:processTables(183)) - Using default column profile:DBProfile.DISK for Table:userTable
2019-11-16 00:32:01,852 [main] INFO  db.DBStoreBuilder (DBStoreBuilder.java:addTable(127)) - using custom profile for table: volumeTable
2019-11-16 00:32:01,852 [main] INFO  db.DBStoreBuilder (DBStoreBuilder.java:processTables(183)) - Using default column profile:DBProfile.DISK for Table:volumeTable
2019-11-16 00:32:01,852 [main] INFO  db.DBStoreBuilder (DBStoreBuilder.java:addTable(127)) - using custom profile for table: bucketTable
2019-11-16 00:32:01,852 [main] INFO  db.DBStoreBuilder (DBStoreBuilder.java:processTables(183)) - Using default column profile:DBProfile.DISK for Table:bucketTable
2019-11-16 00:32:01,853 [main] INFO  db.DBStoreBuilder (DBStoreBuilder.java:addTable(127)) - using custom profile for table: keyTable
2019-11-16 00:32:01,853 [main] INFO  db.DBStoreBuilder (DBStoreBuilder.java:processTables(183)) - Using default column profile:DBProfile.DISK for Table:keyTable
2019-11-16 00:32:01,853 [main] INFO  db.DBStoreBuilder (DBStoreBuilder.java:addTable(127)) - using custom profile for table: deletedTable
2019-11-16 00:32:01,853 [main] INFO  db.DBStoreBuilder (DBStoreBuilder.java:processTables(183)) - Using default column profile:DBProfile.DISK for Table:deletedTable
2019-11-16 00:32:01,854 [main] INFO  db.DBStoreBuilder (DBStoreBuilder.java:addTable(127)) - using custom profile for table: openKeyTable
2019-11-16 00:32:01,854 [main] INFO  db.DBStoreBuilder (DBStoreBuilder.java:processTables(183)) - Using default column profile:DBProfile.DISK for Table:openKeyTable
2019-11-16 00:32:01,854 [main] INFO  db.DBStoreBuilder (DBStoreBuilder.java:addTable(127)) - using custom profile for table: s3Table
2019-11-16 00:32:01,854 [main] INFO  db.DBStoreBuilder (DBStoreBuilder.java:processTables(183)) - Using default column profile:DBProfile.DISK for Table:s3Table
2019-11-16 00:32:01,855 [main] INFO  db.DBStoreBuilder (DBStoreBuilder.java:addTable(127)) - using custom profile for table: multipartInfoTable
2019-11-16 00:32:01,855 [main] INFO  db.DBStoreBuilder (DBStoreBuilder.java:processTables(183)) - Using default column profile:DBProfile.DISK for Table:multipartInfoTable
2019-11-16 00:32:01,855 [main] INFO  db.DBStoreBuilder (DBStoreBuilder.java:addTable(127)) - using custom profile for table: dTokenTable
2019-11-16 00:32:01,855 [main] INFO  db.DBStoreBuilder (DBStoreBuilder.java:processTables(183)) - Using default column profile:DBProfile.DISK for Table:dTokenTable
2019-11-16 00:32:01,856 [main] INFO  db.DBStoreBuilder (DBStoreBuilder.java:addTable(127)) - using custom profile for table: s3SecretTable
2019-11-16 00:32:01,856 [main] INFO  db.DBStoreBuilder (DBStoreBuilder.java:processTables(183)) - Using default column profile:DBProfile.DISK for Table:s3SecretTable
2019-11-16 00:32:01,856 [main] INFO  db.DBStoreBuilder (DBStoreBuilder.java:addTable(127)) - using custom profile for table: prefixTable
2019-11-16 00:32:01,856 [main] INFO  db.DBStoreBuilder (DBStoreBuilder.java:processTables(183)) - Using default column profile:DBProfile.DISK for Table:prefixTable
2019-11-16 00:32:01,857 [main] INFO  db.DBStoreBuilder (DBStoreBuilder.java:addTable(127)) - using custom profile for table: default
2019-11-16 00:32:01,857 [main] INFO  db.DBStoreBuilder (DBStoreBuilder.java:processTables(189)) - Using default column profile:DBProfile.DISK for Table:default
2019-11-16 00:32:01,857 [main] INFO  db.DBStoreBuilder (DBStoreBuilder.java:getDbProfile(220)) - Using default options. DBProfile.DISK
2019-11-16 00:32:02,523 [main] INFO  ipc.CallQueueManager (CallQueueManager.java:<init>(84)) - Using callQueue: class java.util.concurrent.LinkedBlockingQueue, queueCapacity: 2000, scheduler: class org.apache.hadoop.ipc.DefaultRpcScheduler, ipcBackoff: false.
2019-11-16 00:32:02,525 [Socket Reader #1 for port 33858] INFO  ipc.Server (Server.java:run(1074)) - Starting Socket Reader #1 for port 33858
2019-11-16 00:32:02,560 [main] INFO  om.OzoneManager (OzoneManager.java:start(1077)) - OzoneManager RPC server is listening at localhost/127.0.0.1:33858
2019-11-16 00:32:02,560 [main] INFO  impl.MetricsSystemImpl (MetricsSystemImpl.java:init(158)) - OzoneManager metrics system started (again)
2019-11-16 00:32:02,572 [IPC Server Responder] INFO  ipc.Server (Server.java:run(1314)) - IPC Server Responder: starting
2019-11-16 00:32:02,573 [IPC Server listener on 33858] INFO  ipc.Server (Server.java:run(1153)) - IPC Server listener on 33858: starting
2019-11-16 00:32:02,580 [main] INFO  hdfs.DFSUtil (DFSUtil.java:httpServerTemplateForNNAndJN(1641)) - Starting Web-server for ozoneManager at: http://0.0.0.0:0
2019-11-16 00:32:02,584 [main] INFO  server.AuthenticationFilter (AuthenticationFilter.java:constructSecretProvider(240)) - Unable to initialize FileSignerSecretProvider, falling back to use random secrets.
2019-11-16 00:32:02,585 [main] WARN  http.HttpRequestLog (HttpRequestLog.java:getRequestLog(97)) - Jetty request log can only be enabled using Log4j
2019-11-16 00:32:02,588 [main] INFO  http.HttpServer2 (HttpServer2.java:addGlobalFilter(975)) - Added global filter 'safety' (class=org.apache.hadoop.http.HttpServer2$QuotingInputFilter)
2019-11-16 00:32:02,590 [main] INFO  http.HttpServer2 (HttpServer2.java:addFilter(948)) - Added filter static_user_filter (class=org.apache.hadoop.http.lib.StaticUserWebFilter$StaticUserFilter) to context ozoneManager
2019-11-16 00:32:02,590 [main] INFO  http.HttpServer2 (HttpServer2.java:addFilter(958)) - Added filter static_user_filter (class=org.apache.hadoop.http.lib.StaticUserWebFilter$StaticUserFilter) to context static
2019-11-16 00:32:02,591 [main] INFO  http.HttpServer2 (HttpServer2.java:addFilter(958)) - Added filter static_user_filter (class=org.apache.hadoop.http.lib.StaticUserWebFilter$StaticUserFilter) to context logs
2019-11-16 00:32:02,594 [main] INFO  http.HttpServer2 (HttpServer2.java:bindListener(1191)) - Jetty bound to port 36817
2019-11-16 00:32:02,594 [main] INFO  server.Server (Server.java:doStart(351)) - jetty-9.3.25.v20180904, build timestamp: 2018-09-04T21:11:46Z, git hash: 3ce520221d0240229c862b122d2b06c12a625732
2019-11-16 00:32:02,597 [main] INFO  handler.ContextHandler (ContextHandler.java:doStart(781)) - Started o.e.j.s.ServletContextHandler@51751e5f{/logs,file:///workdir/hadoop-ozone/tools/target/log,AVAILABLE}
2019-11-16 00:32:02,598 [main] INFO  handler.ContextHandler (ContextHandler.java:doStart(781)) - Started o.e.j.s.ServletContextHandler@7068f7ca{/static,jar:file:/home/user/.m2/repository/org/apache/hadoop/hadoop-ozone-ozone-manager/0.5.0-SNAPSHOT/hadoop-ozone-ozone-manager-0.5.0-SNAPSHOT.jar!/webapps/static,AVAILABLE}
2019-11-16 00:32:02,658 [main] INFO  handler.ContextHandler (ContextHandler.java:doStart(781)) - Started o.e.j.w.WebAppContext@44f3fe83{/,file:///tmp/jetty-0.0.0.0-36817-ozoneManager-_-any-5418505147260707783.dir/webapp/,AVAILABLE}{/ozoneManager}
2019-11-16 00:32:02,659 [main] INFO  server.AbstractConnector (AbstractConnector.java:doStart(278)) - Started ServerConnector@44c5a16f{HTTP/1.1,[http/1.1]}{0.0.0.0:36817}
2019-11-16 00:32:02,659 [main] INFO  server.Server (Server.java:doStart(419)) - Started @4584ms
2019-11-16 00:32:02,660 [main] WARN  impl.MetricsSystemImpl (MetricsSystemImpl.java:register(276)) - Sink prometheus already exists!
2019-11-16 00:32:02,661 [main] INFO  server.BaseHttpServer (BaseHttpServer.java:updateConnectorAddress(215)) - HTTP server of OZONEMANAGER is listening at http://0.0.0.0:36817
2019-11-16 00:32:02,946 [main] INFO  impl.MetricsSystemImpl (MetricsSystemImpl.java:init(158)) - HddsDatanode metrics system started (again)
2019-11-16 00:32:02,997 [main] INFO  ozone.HddsDatanodeService (HddsDatanodeService.java:start(186)) - HddsDatanodeService host:pr-hdds-2405-pxz29-3682914721 ip:192.168.157.213
2019-11-16 00:32:03,036 [main] INFO  volume.HddsVolume (HddsVolume.java:<init>(176)) - Creating Volume: /workdir/hadoop-ozone/tools/target/test-dir/MiniOzoneClusterImpl-6e51decf-9dae-44c2-a8bf-5e54805ee5ba/datanode-0/data/containers/hdds of  storage type : DISK and capacity : 1482555576320
2019-11-16 00:32:03,038 [main] INFO  volume.VolumeSet (VolumeSet.java:initializeVolumeSet(170)) - Added Volume : /workdir/hadoop-ozone/tools/target/test-dir/MiniOzoneClusterImpl-6e51decf-9dae-44c2-a8bf-5e54805ee5ba/datanode-0/data/containers/hdds to VolumeSet
2019-11-16 00:32:03,041 [main] INFO  volume.ThrottledAsyncChecker (ThrottledAsyncChecker.java:schedule(141)) - Scheduling a check for /workdir/hadoop-ozone/tools/target/test-dir/MiniOzoneClusterImpl-6e51decf-9dae-44c2-a8bf-5e54805ee5ba/datanode-0/data/containers/hdds
2019-11-16 00:32:03,059 [main] INFO  volume.HddsVolumeChecker (HddsVolumeChecker.java:checkAllVolumes(204)) - Scheduled health check for volume /workdir/hadoop-ozone/tools/target/test-dir/MiniOzoneClusterImpl-6e51decf-9dae-44c2-a8bf-5e54805ee5ba/datanode-0/data/containers/hdds
2019-11-16 00:32:03,171 [main] INFO  impl.RaftServerProxy (ConfUtils.java:logGet(43)) - raft.rpc.type = GRPC (default)
2019-11-16 00:32:03,238 [main] INFO  grpc.GrpcFactory (GrpcFactory.java:checkPooledByteBufAllocatorUseCacheForAllThreads(45)) - PERFORMANCE WARNING: useCacheForAllThreads is true that may cause Netty to create a lot garbage objects and, as a result, trigger GC.
	It is recommended to disable useCacheForAllThreads by setting -Dorg.apache.ratis.thirdparty.io.netty.allocator.useCacheForAllThreads=false in command line.
2019-11-16 00:32:03,244 [main] INFO  grpc.GrpcConfigKeys$Server (ConfUtils.java:logGet(43)) - raft.grpc.server.port = 0 (default)
2019-11-16 00:32:03,245 [main] INFO  server.GrpcService (ConfUtils.java:logGet(43)) - raft.grpc.message.size.max = 33570816 (custom)
2019-11-16 00:32:03,247 [main] INFO  server.RaftServerConfigKeys (ConfUtils.java:logGet(43)) - raft.server.log.appender.buffer.byte-limit = 33554432 (custom)
2019-11-16 00:32:03,248 [main] INFO  server.GrpcService (ConfUtils.java:logGet(43)) - raft.grpc.flow.control.window = 1MB (=1048576) (default)
2019-11-16 00:32:03,248 [main] INFO  server.RaftServerConfigKeys (ConfUtils.java:logGet(43)) - raft.server.rpc.request.timeout = 3000ms (default)
2019-11-16 00:32:03,437 [main] INFO  server.RaftServerConfigKeys (ConfUtils.java:logGet(43)) - raft.server.storage.dir = [/workdir/hadoop-ozone/tools/target/test-dir/MiniOzoneClusterImpl-6e51decf-9dae-44c2-a8bf-5e54805ee5ba/datanode-0/data/ratis] (custom)
2019-11-16 00:32:03,488 [main] INFO  hdfs.DFSUtil (DFSUtil.java:httpServerTemplateForNNAndJN(1641)) - Starting Web-server for hddsDatanode at: http://0.0.0.0:0
2019-11-16 00:32:03,491 [main] INFO  server.AuthenticationFilter (AuthenticationFilter.java:constructSecretProvider(240)) - Unable to initialize FileSignerSecretProvider, falling back to use random secrets.
2019-11-16 00:32:03,491 [main] WARN  http.HttpRequestLog (HttpRequestLog.java:getRequestLog(97)) - Jetty request log can only be enabled using Log4j
2019-11-16 00:32:03,493 [main] INFO  http.HttpServer2 (HttpServer2.java:addGlobalFilter(975)) - Added global filter 'safety' (class=org.apache.hadoop.http.HttpServer2$QuotingInputFilter)
2019-11-16 00:32:03,494 [main] INFO  http.HttpServer2 (HttpServer2.java:addFilter(948)) - Added filter static_user_filter (class=org.apache.hadoop.http.lib.StaticUserWebFilter$StaticUserFilter) to context hddsDatanode
2019-11-16 00:32:03,494 [main] INFO  http.HttpServer2 (HttpServer2.java:addFilter(958)) - Added filter static_user_filter (class=org.apache.hadoop.http.lib.StaticUserWebFilter$StaticUserFilter) to context logs
2019-11-16 00:32:03,494 [main] INFO  http.HttpServer2 (HttpServer2.java:addFilter(958)) - Added filter static_user_filter (class=org.apache.hadoop.http.lib.StaticUserWebFilter$StaticUserFilter) to context static
2019-11-16 00:32:03,495 [main] INFO  http.HttpServer2 (HttpServer2.java:bindListener(1191)) - Jetty bound to port 37914
2019-11-16 00:32:03,495 [main] INFO  server.Server (Server.java:doStart(351)) - jetty-9.3.25.v20180904, build timestamp: 2018-09-04T21:11:46Z, git hash: 3ce520221d0240229c862b122d2b06c12a625732
2019-11-16 00:32:03,498 [main] INFO  handler.ContextHandler (ContextHandler.java:doStart(781)) - Started o.e.j.s.ServletContextHandler@20cece0b{/logs,file:///workdir/hadoop-ozone/tools/target/log,AVAILABLE}
2019-11-16 00:32:03,498 [main] INFO  handler.ContextHandler (ContextHandler.java:doStart(781)) - Started o.e.j.s.ServletContextHandler@5f038248{/static,jar:file:/home/user/.m2/repository/org/apache/hadoop/hadoop-hdds-container-service/0.5.0-SNAPSHOT/hadoop-hdds-container-service-0.5.0-SNAPSHOT.jar!/webapps/static,AVAILABLE}
2019-11-16 00:32:03,530 [main] INFO  handler.ContextHandler (ContextHandler.java:doStart(781)) - Started o.e.j.w.WebAppContext@2a3194c6{/,file:///tmp/jetty-0.0.0.0-37914-hddsDatanode-_-any-6681688126739986921.dir/webapp/,AVAILABLE}{/hddsDatanode}
2019-11-16 00:32:03,530 [main] INFO  server.AbstractConnector (AbstractConnector.java:doStart(278)) - Started ServerConnector@2819c460{HTTP/1.1,[http/1.1]}{0.0.0.0:37914}
2019-11-16 00:32:03,531 [main] INFO  server.Server (Server.java:doStart(419)) - Started @5456ms
2019-11-16 00:32:03,531 [main] WARN  impl.MetricsSystemImpl (MetricsSystemImpl.java:register(276)) - Sink prometheus already exists!
2019-11-16 00:32:03,533 [main] INFO  server.BaseHttpServer (BaseHttpServer.java:updateConnectorAddress(215)) - HTTP server of HDDSDATANODE is listening at http://0.0.0.0:37914
2019-11-16 00:32:03,534 [main] INFO  impl.MetricsSystemImpl (MetricsSystemImpl.java:init(158)) - HddsDatanode metrics system started (again)
2019-11-16 00:32:03,536 [main] INFO  ozone.HddsDatanodeService (HddsDatanodeService.java:start(186)) - HddsDatanodeService host:pr-hdds-2405-pxz29-3682914721 ip:192.168.157.213
2019-11-16 00:32:03,541 [org.apache.hadoop.util.JvmPauseMonitor$Monitor@662cd125] INFO  util.JvmPauseMonitor (JvmPauseMonitor.java:run(188)) - Starting JVM pause monitor
2019-11-16 00:32:03,547 [main] INFO  volume.HddsVolume (HddsVolume.java:<init>(176)) - Creating Volume: /workdir/hadoop-ozone/tools/target/test-dir/MiniOzoneClusterImpl-6e51decf-9dae-44c2-a8bf-5e54805ee5ba/datanode-1/data/containers/hdds of  storage type : DISK and capacity : 1482555576320
2019-11-16 00:32:03,547 [main] INFO  volume.VolumeSet (VolumeSet.java:initializeVolumeSet(170)) - Added Volume : /workdir/hadoop-ozone/tools/target/test-dir/MiniOzoneClusterImpl-6e51decf-9dae-44c2-a8bf-5e54805ee5ba/datanode-1/data/containers/hdds to VolumeSet
2019-11-16 00:32:03,547 [main] INFO  volume.ThrottledAsyncChecker (ThrottledAsyncChecker.java:schedule(141)) - Scheduling a check for /workdir/hadoop-ozone/tools/target/test-dir/MiniOzoneClusterImpl-6e51decf-9dae-44c2-a8bf-5e54805ee5ba/datanode-1/data/containers/hdds
2019-11-16 00:32:03,548 [main] INFO  volume.HddsVolumeChecker (HddsVolumeChecker.java:checkAllVolumes(204)) - Scheduled health check for volume /workdir/hadoop-ozone/tools/target/test-dir/MiniOzoneClusterImpl-6e51decf-9dae-44c2-a8bf-5e54805ee5ba/datanode-1/data/containers/hdds
2019-11-16 00:32:03,571 [main] INFO  impl.RaftServerProxy (ConfUtils.java:logGet(43)) - raft.rpc.type = GRPC (default)
2019-11-16 00:32:03,572 [main] INFO  grpc.GrpcFactory (GrpcFactory.java:checkPooledByteBufAllocatorUseCacheForAllThreads(45)) - PERFORMANCE WARNING: useCacheForAllThreads is true that may cause Netty to create a lot garbage objects and, as a result, trigger GC.
	It is recommended to disable useCacheForAllThreads by setting -Dorg.apache.ratis.thirdparty.io.netty.allocator.useCacheForAllThreads=false in command line.
2019-11-16 00:32:03,572 [main] INFO  grpc.GrpcConfigKeys$Server (ConfUtils.java:logGet(43)) - raft.grpc.server.port = 0 (default)
2019-11-16 00:32:03,572 [main] INFO  server.GrpcService (ConfUtils.java:logGet(43)) - raft.grpc.message.size.max = 33570816 (custom)
2019-11-16 00:32:03,573 [main] INFO  server.RaftServerConfigKeys (ConfUtils.java:logGet(43)) - raft.server.log.appender.buffer.byte-limit = 33554432 (custom)
2019-11-16 00:32:03,573 [main] INFO  server.GrpcService (ConfUtils.java:logGet(43)) - raft.grpc.flow.control.window = 1MB (=1048576) (default)
2019-11-16 00:32:03,573 [main] INFO  server.RaftServerConfigKeys (ConfUtils.java:logGet(43)) - raft.server.rpc.request.timeout = 3000ms (default)
2019-11-16 00:32:03,575 [main] INFO  server.RaftServerConfigKeys (ConfUtils.java:logGet(43)) - raft.server.storage.dir = [/workdir/hadoop-ozone/tools/target/test-dir/MiniOzoneClusterImpl-6e51decf-9dae-44c2-a8bf-5e54805ee5ba/datanode-1/data/ratis] (custom)
2019-11-16 00:32:03,578 [main] INFO  hdfs.DFSUtil (DFSUtil.java:httpServerTemplateForNNAndJN(1641)) - Starting Web-server for hddsDatanode at: http://0.0.0.0:0
2019-11-16 00:32:03,580 [main] INFO  server.AuthenticationFilter (AuthenticationFilter.java:constructSecretProvider(240)) - Unable to initialize FileSignerSecretProvider, falling back to use random secrets.
2019-11-16 00:32:03,580 [main] WARN  http.HttpRequestLog (HttpRequestLog.java:getRequestLog(97)) - Jetty request log can only be enabled using Log4j
2019-11-16 00:32:03,583 [main] INFO  http.HttpServer2 (HttpServer2.java:addGlobalFilter(975)) - Added global filter 'safety' (class=org.apache.hadoop.http.HttpServer2$QuotingInputFilter)
2019-11-16 00:32:03,586 [main] INFO  http.HttpServer2 (HttpServer2.java:addFilter(948)) - Added filter static_user_filter (class=org.apache.hadoop.http.lib.StaticUserWebFilter$StaticUserFilter) to context hddsDatanode
2019-11-16 00:32:03,586 [main] INFO  http.HttpServer2 (HttpServer2.java:addFilter(958)) - Added filter static_user_filter (class=org.apache.hadoop.http.lib.StaticUserWebFilter$StaticUserFilter) to context logs
2019-11-16 00:32:03,586 [main] INFO  http.HttpServer2 (HttpServer2.java:addFilter(958)) - Added filter static_user_filter (class=org.apache.hadoop.http.lib.StaticUserWebFilter$StaticUserFilter) to context static
2019-11-16 00:32:03,587 [main] INFO  http.HttpServer2 (HttpServer2.java:bindListener(1191)) - Jetty bound to port 36940
2019-11-16 00:32:03,588 [main] INFO  server.Server (Server.java:doStart(351)) - jetty-9.3.25.v20180904, build timestamp: 2018-09-04T21:11:46Z, git hash: 3ce520221d0240229c862b122d2b06c12a625732
2019-11-16 00:32:03,591 [main] INFO  handler.ContextHandler (ContextHandler.java:doStart(781)) - Started o.e.j.s.ServletContextHandler@5e1d03d7{/logs,file:///workdir/hadoop-ozone/tools/target/log,AVAILABLE}
2019-11-16 00:32:03,592 [main] INFO  handler.ContextHandler (ContextHandler.java:doStart(781)) - Started o.e.j.s.ServletContextHandler@48d293ee{/static,jar:file:/home/user/.m2/repository/org/apache/hadoop/hadoop-hdds-container-service/0.5.0-SNAPSHOT/hadoop-hdds-container-service-0.5.0-SNAPSHOT.jar!/webapps/static,AVAILABLE}
2019-11-16 00:32:03,632 [main] INFO  handler.ContextHandler (ContextHandler.java:doStart(781)) - Started o.e.j.w.WebAppContext@1229a2b7{/,file:///tmp/jetty-0.0.0.0-36940-hddsDatanode-_-any-7192551354113312667.dir/webapp/,AVAILABLE}{/hddsDatanode}
2019-11-16 00:32:03,632 [main] INFO  server.AbstractConnector (AbstractConnector.java:doStart(278)) - Started ServerConnector@e5cbff2{HTTP/1.1,[http/1.1]}{0.0.0.0:36940}
2019-11-16 00:32:03,633 [main] INFO  server.Server (Server.java:doStart(419)) - Started @5558ms
2019-11-16 00:32:03,633 [main] WARN  impl.MetricsSystemImpl (MetricsSystemImpl.java:register(276)) - Sink prometheus already exists!
2019-11-16 00:32:03,635 [main] INFO  server.BaseHttpServer (BaseHttpServer.java:updateConnectorAddress(215)) - HTTP server of HDDSDATANODE is listening at http://0.0.0.0:36940
2019-11-16 00:32:03,636 [main] INFO  impl.MetricsSystemImpl (MetricsSystemImpl.java:init(158)) - HddsDatanode metrics system started (again)
2019-11-16 00:32:03,639 [main] INFO  ozone.HddsDatanodeService (HddsDatanodeService.java:start(186)) - HddsDatanodeService host:pr-hdds-2405-pxz29-3682914721 ip:192.168.157.213
2019-11-16 00:32:03,639 [org.apache.hadoop.util.JvmPauseMonitor$Monitor@15d6fcd1] INFO  util.JvmPauseMonitor (JvmPauseMonitor.java:run(188)) - Starting JVM pause monitor
2019-11-16 00:32:03,645 [Datanode State Machine Thread - 0] INFO  datanode.InitDatanodeState (InitDatanodeState.java:persistContainerDatanodeDetails(140)) - DatanodeDetails is persisted to /workdir/hadoop-ozone/tools/target/test-dir/MiniOzoneClusterImpl-6e51decf-9dae-44c2-a8bf-5e54805ee5ba/datanode-0/meta/datanode.id
2019-11-16 00:32:03,649 [main] INFO  volume.HddsVolume (HddsVolume.java:<init>(176)) - Creating Volume: /workdir/hadoop-ozone/tools/target/test-dir/MiniOzoneClusterImpl-6e51decf-9dae-44c2-a8bf-5e54805ee5ba/datanode-2/data/containers/hdds of  storage type : DISK and capacity : 1482555576320
2019-11-16 00:32:03,649 [main] INFO  volume.VolumeSet (VolumeSet.java:initializeVolumeSet(170)) - Added Volume : /workdir/hadoop-ozone/tools/target/test-dir/MiniOzoneClusterImpl-6e51decf-9dae-44c2-a8bf-5e54805ee5ba/datanode-2/data/containers/hdds to VolumeSet
2019-11-16 00:32:03,650 [main] INFO  volume.ThrottledAsyncChecker (ThrottledAsyncChecker.java:schedule(141)) - Scheduling a check for /workdir/hadoop-ozone/tools/target/test-dir/MiniOzoneClusterImpl-6e51decf-9dae-44c2-a8bf-5e54805ee5ba/datanode-2/data/containers/hdds
2019-11-16 00:32:03,650 [main] INFO  volume.HddsVolumeChecker (HddsVolumeChecker.java:checkAllVolumes(204)) - Scheduled health check for volume /workdir/hadoop-ozone/tools/target/test-dir/MiniOzoneClusterImpl-6e51decf-9dae-44c2-a8bf-5e54805ee5ba/datanode-2/data/containers/hdds
2019-11-16 00:32:03,651 [Datanode State Machine Thread - 0] INFO  datanode.InitDatanodeState (InitDatanodeState.java:persistContainerDatanodeDetails(140)) - DatanodeDetails is persisted to /workdir/hadoop-ozone/tools/target/test-dir/MiniOzoneClusterImpl-6e51decf-9dae-44c2-a8bf-5e54805ee5ba/datanode-1/meta/datanode.id
2019-11-16 00:32:03,667 [main] INFO  impl.RaftServerProxy (ConfUtils.java:logGet(43)) - raft.rpc.type = GRPC (default)
2019-11-16 00:32:03,667 [main] INFO  grpc.GrpcFactory (GrpcFactory.java:checkPooledByteBufAllocatorUseCacheForAllThreads(45)) - PERFORMANCE WARNING: useCacheForAllThreads is true that may cause Netty to create a lot garbage objects and, as a result, trigger GC.
	It is recommended to disable useCacheForAllThreads by setting -Dorg.apache.ratis.thirdparty.io.netty.allocator.useCacheForAllThreads=false in command line.
2019-11-16 00:32:03,667 [main] INFO  grpc.GrpcConfigKeys$Server (ConfUtils.java:logGet(43)) - raft.grpc.server.port = 0 (default)
2019-11-16 00:32:03,667 [main] INFO  server.GrpcService (ConfUtils.java:logGet(43)) - raft.grpc.message.size.max = 33570816 (custom)
2019-11-16 00:32:03,667 [main] INFO  server.RaftServerConfigKeys (ConfUtils.java:logGet(43)) - raft.server.log.appender.buffer.byte-limit = 33554432 (custom)
2019-11-16 00:32:03,668 [main] INFO  server.GrpcService (ConfUtils.java:logGet(43)) - raft.grpc.flow.control.window = 1MB (=1048576) (default)
2019-11-16 00:32:03,668 [main] INFO  server.RaftServerConfigKeys (ConfUtils.java:logGet(43)) - raft.server.rpc.request.timeout = 3000ms (default)
2019-11-16 00:32:03,669 [main] INFO  server.RaftServerConfigKeys (ConfUtils.java:logGet(43)) - raft.server.storage.dir = [/workdir/hadoop-ozone/tools/target/test-dir/MiniOzoneClusterImpl-6e51decf-9dae-44c2-a8bf-5e54805ee5ba/datanode-2/data/ratis] (custom)
2019-11-16 00:32:03,671 [main] INFO  hdfs.DFSUtil (DFSUtil.java:httpServerTemplateForNNAndJN(1641)) - Starting Web-server for hddsDatanode at: http://0.0.0.0:0
2019-11-16 00:32:03,672 [main] INFO  server.AuthenticationFilter (AuthenticationFilter.java:constructSecretProvider(240)) - Unable to initialize FileSignerSecretProvider, falling back to use random secrets.
2019-11-16 00:32:03,673 [main] WARN  http.HttpRequestLog (HttpRequestLog.java:getRequestLog(97)) - Jetty request log can only be enabled using Log4j
2019-11-16 00:32:03,674 [main] INFO  http.HttpServer2 (HttpServer2.java:addGlobalFilter(975)) - Added global filter 'safety' (class=org.apache.hadoop.http.HttpServer2$QuotingInputFilter)
2019-11-16 00:32:03,675 [main] INFO  http.HttpServer2 (HttpServer2.java:addFilter(948)) - Added filter static_user_filter (class=org.apache.hadoop.http.lib.StaticUserWebFilter$StaticUserFilter) to context hddsDatanode
2019-11-16 00:32:03,675 [main] INFO  http.HttpServer2 (HttpServer2.java:addFilter(958)) - Added filter static_user_filter (class=org.apache.hadoop.http.lib.StaticUserWebFilter$StaticUserFilter) to context logs
2019-11-16 00:32:03,675 [main] INFO  http.HttpServer2 (HttpServer2.java:addFilter(958)) - Added filter static_user_filter (class=org.apache.hadoop.http.lib.StaticUserWebFilter$StaticUserFilter) to context static
2019-11-16 00:32:03,676 [main] INFO  http.HttpServer2 (HttpServer2.java:bindListener(1191)) - Jetty bound to port 43802
2019-11-16 00:32:03,676 [main] INFO  server.Server (Server.java:doStart(351)) - jetty-9.3.25.v20180904, build timestamp: 2018-09-04T21:11:46Z, git hash: 3ce520221d0240229c862b122d2b06c12a625732
2019-11-16 00:32:03,678 [main] INFO  handler.ContextHandler (ContextHandler.java:doStart(781)) - Started o.e.j.s.ServletContextHandler@2849434b{/logs,file:///workdir/hadoop-ozone/tools/target/log,AVAILABLE}
2019-11-16 00:32:03,679 [main] INFO  handler.ContextHandler (ContextHandler.java:doStart(781)) - Started o.e.j.s.ServletContextHandler@65b97f47{/static,jar:file:/home/user/.m2/repository/org/apache/hadoop/hadoop-hdds-container-service/0.5.0-SNAPSHOT/hadoop-hdds-container-service-0.5.0-SNAPSHOT.jar!/webapps/static,AVAILABLE}
2019-11-16 00:32:03,710 [main] INFO  handler.ContextHandler (ContextHandler.java:doStart(781)) - Started o.e.j.w.WebAppContext@5bc28f40{/,file:///tmp/jetty-0.0.0.0-43802-hddsDatanode-_-any-6158632794371031831.dir/webapp/,AVAILABLE}{/hddsDatanode}
2019-11-16 00:32:03,711 [main] INFO  server.AbstractConnector (AbstractConnector.java:doStart(278)) - Started ServerConnector@46963479{HTTP/1.1,[http/1.1]}{0.0.0.0:43802}
2019-11-16 00:32:03,711 [main] INFO  server.Server (Server.java:doStart(419)) - Started @5636ms
2019-11-16 00:32:03,711 [main] WARN  impl.MetricsSystemImpl (MetricsSystemImpl.java:register(276)) - Sink prometheus already exists!
2019-11-16 00:32:03,714 [main] INFO  server.BaseHttpServer (BaseHttpServer.java:updateConnectorAddress(215)) - HTTP server of HDDSDATANODE is listening at http://0.0.0.0:43802
2019-11-16 00:32:03,716 [main] INFO  ozone.MiniOzoneClusterImpl (MiniOzoneClusterImpl.java:lambda$waitForClusterToBeReady$0(150)) - Waiting for nodes to be ready. Got 0 of 3 DN Heartbeats.
2019-11-16 00:32:03,717 [main] INFO  ozone.MiniOzoneClusterImpl (MiniOzoneClusterImpl.java:lambda$waitForClusterToBeReady$0(153)) - Waiting for cluster to exit safe mode
2019-11-16 00:32:03,717 [org.apache.hadoop.util.JvmPauseMonitor$Monitor@46169bdc] INFO  util.JvmPauseMonitor (JvmPauseMonitor.java:run(188)) - Starting JVM pause monitor
2019-11-16 00:32:03,721 [Datanode State Machine Thread - 0] INFO  datanode.InitDatanodeState (InitDatanodeState.java:persistContainerDatanodeDetails(140)) - DatanodeDetails is persisted to /workdir/hadoop-ozone/tools/target/test-dir/MiniOzoneClusterImpl-6e51decf-9dae-44c2-a8bf-5e54805ee5ba/datanode-2/meta/datanode.id
2019-11-16 00:32:04,717 [main] INFO  ozone.MiniOzoneClusterImpl (MiniOzoneClusterImpl.java:lambda$waitForClusterToBeReady$0(150)) - Waiting for nodes to be ready. Got 0 of 3 DN Heartbeats.
2019-11-16 00:32:04,718 [main] INFO  ozone.MiniOzoneClusterImpl (MiniOzoneClusterImpl.java:lambda$waitForClusterToBeReady$0(153)) - Waiting for cluster to exit safe mode
2019-11-16 00:32:05,631 [Datanode State Machine Thread - 0] INFO  ozoneimpl.OzoneContainer (OzoneContainer.java:start(230)) - Attempting to start container services.
2019-11-16 00:32:05,659 [Datanode State Machine Thread - 0] INFO  ozoneimpl.OzoneContainer (OzoneContainer.java:startContainerScrub(194)) - Background container scanner has been disabled.
2019-11-16 00:32:05,660 [Datanode State Machine Thread - 0] INFO  ratis.XceiverServerRatis (XceiverServerRatis.java:start(422)) - Starting XceiverServerRatis e7243d87-5370-48ca-b497-14b49256399d at port 0
2019-11-16 00:32:05,684 [Datanode State Machine Thread - 0] INFO  impl.RaftServerProxy (RaftServerProxy.java:lambda$start$3(299)) - e7243d87-5370-48ca-b497-14b49256399d: start RPC server
2019-11-16 00:32:05,684 [Datanode State Machine Thread - 0] INFO  ozoneimpl.OzoneContainer (OzoneContainer.java:start(230)) - Attempting to start container services.
2019-11-16 00:32:05,688 [Datanode State Machine Thread - 0] INFO  ozoneimpl.OzoneContainer (OzoneContainer.java:startContainerScrub(194)) - Background container scanner has been disabled.
2019-11-16 00:32:05,688 [Datanode State Machine Thread - 0] INFO  ratis.XceiverServerRatis (XceiverServerRatis.java:start(422)) - Starting XceiverServerRatis 665c23fb-f785-472d-b75e-ffede4f7a08a at port 0
2019-11-16 00:32:05,700 [Datanode State Machine Thread - 0] INFO  impl.RaftServerProxy (RaftServerProxy.java:lambda$start$3(299)) - 665c23fb-f785-472d-b75e-ffede4f7a08a: start RPC server
2019-11-16 00:32:05,718 [main] INFO  ozone.MiniOzoneClusterImpl (MiniOzoneClusterImpl.java:lambda$waitForClusterToBeReady$0(150)) - Waiting for nodes to be ready. Got 0 of 3 DN Heartbeats.
2019-11-16 00:32:05,719 [main] INFO  ozone.MiniOzoneClusterImpl (MiniOzoneClusterImpl.java:lambda$waitForClusterToBeReady$0(153)) - Waiting for cluster to exit safe mode
2019-11-16 00:32:05,743 [Datanode State Machine Thread - 0] INFO  ozoneimpl.OzoneContainer (OzoneContainer.java:start(230)) - Attempting to start container services.
2019-11-16 00:32:05,746 [Datanode State Machine Thread - 0] INFO  ozoneimpl.OzoneContainer (OzoneContainer.java:startContainerScrub(194)) - Background container scanner has been disabled.
2019-11-16 00:32:05,746 [Datanode State Machine Thread - 0] INFO  ratis.XceiverServerRatis (XceiverServerRatis.java:start(422)) - Starting XceiverServerRatis 15c49baa-33ff-4bc2-aee5-3f5fe3ed4c47 at port 0
2019-11-16 00:32:05,755 [Datanode State Machine Thread - 0] INFO  impl.RaftServerProxy (RaftServerProxy.java:lambda$start$3(299)) - 15c49baa-33ff-4bc2-aee5-3f5fe3ed4c47: start RPC server
2019-11-16 00:32:05,813 [Datanode State Machine Thread - 0] INFO  server.GrpcService (GrpcService.java:startImpl(158)) - e7243d87-5370-48ca-b497-14b49256399d: GrpcService started, listening on 0.0.0.0/0.0.0.0:41168
2019-11-16 00:32:05,813 [Datanode State Machine Thread - 0] INFO  server.GrpcService (GrpcService.java:startImpl(158)) - 665c23fb-f785-472d-b75e-ffede4f7a08a: GrpcService started, listening on 0.0.0.0/0.0.0.0:40679
2019-11-16 00:32:05,813 [Datanode State Machine Thread - 0] INFO  server.GrpcService (GrpcService.java:startImpl(158)) - 15c49baa-33ff-4bc2-aee5-3f5fe3ed4c47: GrpcService started, listening on 0.0.0.0/0.0.0.0:40223
2019-11-16 00:32:05,814 [Datanode State Machine Thread - 0] INFO  ratis.XceiverServerRatis (XceiverServerRatis.java:start(432)) - XceiverServerRatis 665c23fb-f785-472d-b75e-ffede4f7a08a is started using port 40679
2019-11-16 00:32:05,813 [Datanode State Machine Thread - 0] INFO  ratis.XceiverServerRatis (XceiverServerRatis.java:start(432)) - XceiverServerRatis e7243d87-5370-48ca-b497-14b49256399d is started using port 41168
2019-11-16 00:32:05,814 [Datanode State Machine Thread - 0] INFO  ratis.XceiverServerRatis (XceiverServerRatis.java:start(432)) - XceiverServerRatis 15c49baa-33ff-4bc2-aee5-3f5fe3ed4c47 is started using port 40223
2019-11-16 00:32:05,819 [Datanode State Machine Thread - 0] INFO  server.XceiverServerGrpc (XceiverServerGrpc.java:start(145)) - XceiverServerGrpc e7243d87-5370-48ca-b497-14b49256399d is started using port 46768
2019-11-16 00:32:05,819 [Datanode State Machine Thread - 0] INFO  server.XceiverServerGrpc (XceiverServerGrpc.java:start(145)) - XceiverServerGrpc 665c23fb-f785-472d-b75e-ffede4f7a08a is started using port 41641
2019-11-16 00:32:05,819 [Datanode State Machine Thread - 0] INFO  server.XceiverServerGrpc (XceiverServerGrpc.java:start(145)) - XceiverServerGrpc 15c49baa-33ff-4bc2-aee5-3f5fe3ed4c47 is started using port 38103
2019-11-16 00:32:06,719 [main] INFO  ozone.MiniOzoneClusterImpl (MiniOzoneClusterImpl.java:lambda$waitForClusterToBeReady$0(150)) - Waiting for nodes to be ready. Got 0 of 3 DN Heartbeats.
2019-11-16 00:32:06,720 [main] INFO  ozone.MiniOzoneClusterImpl (MiniOzoneClusterImpl.java:lambda$waitForClusterToBeReady$0(153)) - Waiting for cluster to exit safe mode
2019-11-16 00:32:07,578 [IPC Server handler 1 on 38077] INFO  net.NetworkTopology (NetworkTopologyImpl.java:add(111)) - Added a new node: /default-rack/e7243d87-5370-48ca-b497-14b49256399d
2019-11-16 00:32:07,579 [IPC Server handler 1 on 38077] INFO  node.SCMNodeManager (SCMNodeManager.java:register(267)) - Registered Data node : e7243d87-5370-48ca-b497-14b49256399d{ip: 192.168.157.213, host: pr-hdds-2405-pxz29-3682914721, networkLocation: /default-rack, certSerialId: null}
2019-11-16 00:32:07,582 [EventQueue-NodeRegistrationContainerReportForContainerSafeModeRule] INFO  safemode.SCMSafeModeManager (SCMSafeModeManager.java:validateSafeModeExitRules(176)) - ContainerSafeModeRule rule is successfully validated
2019-11-16 00:32:07,582 [EventQueue-NodeRegistrationContainerReportForDataNodeSafeModeRule] INFO  safemode.SCMSafeModeManager (DataNodeSafeModeRule.java:process(71)) - SCM in safe mode. 1 DataNodes registered, 1 required.
2019-11-16 00:32:07,583 [EventQueue-NodeRegistrationContainerReportForDataNodeSafeModeRule] INFO  safemode.SCMSafeModeManager (SCMSafeModeManager.java:validateSafeModeExitRules(176)) - DataNodeSafeModeRule rule is successfully validated
2019-11-16 00:32:07,586 [RatisPipelineUtilsThread] INFO  pipeline.RatisPipelineProvider (RatisPipelineProvider.java:lambda$create$4(163)) - Send pipeline:PipelineID=17acc9fa-b857-414a-9b5d-f3ce24d79690 create command to datanode e7243d87-5370-48ca-b497-14b49256399d
2019-11-16 00:32:07,597 [RatisPipelineUtilsThread] INFO  pipeline.PipelineStateManager (PipelineStateManager.java:addPipeline(55)) - Created pipeline Pipeline[ Id: 17acc9fa-b857-414a-9b5d-f3ce24d79690, Nodes: e7243d87-5370-48ca-b497-14b49256399d{ip: 192.168.157.213, host: pr-hdds-2405-pxz29-3682914721, networkLocation: /default-rack, certSerialId: null}, Type:RATIS, Factor:ONE, State:ALLOCATED]
2019-11-16 00:32:07,642 [IPC Server handler 0 on 38077] INFO  net.NetworkTopology (NetworkTopologyImpl.java:add(111)) - Added a new node: /default-rack/665c23fb-f785-472d-b75e-ffede4f7a08a
2019-11-16 00:32:07,642 [IPC Server handler 0 on 38077] INFO  node.SCMNodeManager (SCMNodeManager.java:register(267)) - Registered Data node : 665c23fb-f785-472d-b75e-ffede4f7a08a{ip: 192.168.157.213, host: pr-hdds-2405-pxz29-3682914721, networkLocation: /default-rack, certSerialId: null}
2019-11-16 00:32:07,642 [EventQueue-NodeRegistrationContainerReportForContainerSafeModeRule] INFO  safemode.SCMSafeModeManager (SCMSafeModeManager.java:validateSafeModeExitRules(176)) - ContainerSafeModeRule rule is successfully validated
2019-11-16 00:32:07,643 [RatisPipelineUtilsThread] INFO  pipeline.RatisPipelineProvider (RatisPipelineProvider.java:lambda$create$4(163)) - Send pipeline:PipelineID=f945a68b-e3f3-4a87-95ee-695c2ec43da5 create command to datanode 665c23fb-f785-472d-b75e-ffede4f7a08a
2019-11-16 00:32:07,643 [EventQueue-NodeRegistrationContainerReportForDataNodeSafeModeRule] INFO  safemode.SCMSafeModeManager (SCMSafeModeManager.java:validateSafeModeExitRules(176)) - DataNodeSafeModeRule rule is successfully validated
2019-11-16 00:32:07,647 [RatisPipelineUtilsThread] INFO  pipeline.PipelineStateManager (PipelineStateManager.java:addPipeline(55)) - Created pipeline Pipeline[ Id: f945a68b-e3f3-4a87-95ee-695c2ec43da5, Nodes: 665c23fb-f785-472d-b75e-ffede4f7a08a{ip: 192.168.157.213, host: pr-hdds-2405-pxz29-3682914721, networkLocation: /default-rack, certSerialId: null}, Type:RATIS, Factor:ONE, State:ALLOCATED]
2019-11-16 00:32:07,720 [main] INFO  ozone.MiniOzoneClusterImpl (MiniOzoneClusterImpl.java:lambda$waitForClusterToBeReady$0(150)) - Waiting for nodes to be ready. Got 2 of 3 DN Heartbeats.
2019-11-16 00:32:07,720 [main] INFO  ozone.MiniOzoneClusterImpl (MiniOzoneClusterImpl.java:lambda$waitForClusterToBeReady$0(153)) - Waiting for cluster to exit safe mode
2019-11-16 00:32:07,721 [IPC Server handler 3 on 38077] INFO  net.NetworkTopology (NetworkTopologyImpl.java:add(111)) - Added a new node: /default-rack/15c49baa-33ff-4bc2-aee5-3f5fe3ed4c47
2019-11-16 00:32:07,722 [IPC Server handler 3 on 38077] INFO  node.SCMNodeManager (SCMNodeManager.java:register(267)) - Registered Data node : 15c49baa-33ff-4bc2-aee5-3f5fe3ed4c47{ip: 192.168.157.213, host: pr-hdds-2405-pxz29-3682914721, networkLocation: /default-rack, certSerialId: null}
2019-11-16 00:32:07,722 [RatisPipelineUtilsThread] INFO  pipeline.RatisPipelineProvider (RatisPipelineProvider.java:lambda$create$4(163)) - Send pipeline:PipelineID=82c8c1d7-48cb-460c-8d01-843151d17e2d create command to datanode 15c49baa-33ff-4bc2-aee5-3f5fe3ed4c47
2019-11-16 00:32:07,722 [EventQueue-NodeRegistrationContainerReportForDataNodeSafeModeRule] INFO  safemode.SCMSafeModeManager (SCMSafeModeManager.java:validateSafeModeExitRules(176)) - DataNodeSafeModeRule rule is successfully validated
2019-11-16 00:32:07,723 [EventQueue-NodeRegistrationContainerReportForContainerSafeModeRule] INFO  safemode.SCMSafeModeManager (SCMSafeModeManager.java:validateSafeModeExitRules(176)) - ContainerSafeModeRule rule is successfully validated
2019-11-16 00:32:07,723 [RatisPipelineUtilsThread] INFO  pipeline.PipelineStateManager (PipelineStateManager.java:addPipeline(55)) - Created pipeline Pipeline[ Id: 82c8c1d7-48cb-460c-8d01-843151d17e2d, Nodes: 15c49baa-33ff-4bc2-aee5-3f5fe3ed4c47{ip: 192.168.157.213, host: pr-hdds-2405-pxz29-3682914721, networkLocation: /default-rack, certSerialId: null}, Type:RATIS, Factor:ONE, State:ALLOCATED]
2019-11-16 00:32:07,724 [RatisPipelineUtilsThread] INFO  pipeline.RatisPipelineProvider (RatisPipelineProvider.java:lambda$create$4(163)) - Send pipeline:PipelineID=ba0b4dcb-5ed7-4168-8c6c-f0f15963f27a create command to datanode e7243d87-5370-48ca-b497-14b49256399d
2019-11-16 00:32:07,724 [RatisPipelineUtilsThread] INFO  pipeline.RatisPipelineProvider (RatisPipelineProvider.java:lambda$create$4(163)) - Send pipeline:PipelineID=ba0b4dcb-5ed7-4168-8c6c-f0f15963f27a create command to datanode 665c23fb-f785-472d-b75e-ffede4f7a08a
2019-11-16 00:32:07,724 [RatisPipelineUtilsThread] INFO  pipeline.RatisPipelineProvider (RatisPipelineProvider.java:lambda$create$4(163)) - Send pipeline:PipelineID=ba0b4dcb-5ed7-4168-8c6c-f0f15963f27a create command to datanode 15c49baa-33ff-4bc2-aee5-3f5fe3ed4c47
2019-11-16 00:32:07,725 [RatisPipelineUtilsThread] INFO  pipeline.PipelineStateManager (PipelineStateManager.java:addPipeline(55)) - Created pipeline Pipeline[ Id: ba0b4dcb-5ed7-4168-8c6c-f0f15963f27a, Nodes: e7243d87-5370-48ca-b497-14b49256399d{ip: 192.168.157.213, host: pr-hdds-2405-pxz29-3682914721, networkLocation: /default-rack, certSerialId: null}665c23fb-f785-472d-b75e-ffede4f7a08a{ip: 192.168.157.213, host: pr-hdds-2405-pxz29-3682914721, networkLocation: /default-rack, certSerialId: null}15c49baa-33ff-4bc2-aee5-3f5fe3ed4c47{ip: 192.168.157.213, host: pr-hdds-2405-pxz29-3682914721, networkLocation: /default-rack, certSerialId: null}, Type:RATIS, Factor:THREE, State:ALLOCATED]
2019-11-16 00:32:08,721 [main] INFO  ozone.MiniOzoneClusterImpl (MiniOzoneClusterImpl.java:lambda$waitForClusterToBeReady$0(150)) - Nodes are ready. Got 3 of 3 DN Heartbeats.
2019-11-16 00:32:08,721 [main] INFO  ozone.MiniOzoneClusterImpl (MiniOzoneClusterImpl.java:lambda$waitForClusterToBeReady$0(153)) - Waiting for cluster to exit safe mode
2019-11-16 00:32:09,721 [main] INFO  ozone.MiniOzoneClusterImpl (MiniOzoneClusterImpl.java:lambda$waitForClusterToBeReady$0(150)) - Nodes are ready. Got 3 of 3 DN Heartbeats.
2019-11-16 00:32:09,722 [main] INFO  ozone.MiniOzoneClusterImpl (MiniOzoneClusterImpl.java:lambda$waitForClusterToBeReady$0(153)) - Waiting for cluster to exit safe mode
2019-11-16 00:32:10,583 [Command processor thread] INFO  impl.RaftServerProxy (RaftServerProxy.java:addNew(89)) - e7243d87-5370-48ca-b497-14b49256399d: addNew group-F3CE24D79690:[e7243d87-5370-48ca-b497-14b49256399d:192.168.157.213:41168] returns group-F3CE24D79690:java.util.concurrent.CompletableFuture@35b9ad90[Not completed]
2019-11-16 00:32:10,610 [pool-27-thread-1] INFO  impl.RaftServerImpl (RaftServerImpl.java:<init>(98)) - e7243d87-5370-48ca-b497-14b49256399d: new RaftServerImpl for group-F3CE24D79690:[e7243d87-5370-48ca-b497-14b49256399d:192.168.157.213:41168] with ContainerStateMachine:uninitialized
2019-11-16 00:32:10,612 [pool-27-thread-1] INFO  server.RaftServerConfigKeys (ConfUtils.java:logGet(43)) - raft.server.rpc.timeout.min = 5s (custom)
2019-11-16 00:32:10,613 [pool-27-thread-1] INFO  server.RaftServerConfigKeys (ConfUtils.java:logGet(43)) - raft.server.rpc.timeout.max = 5200ms (custom)
2019-11-16 00:32:10,614 [pool-27-thread-1] INFO  server.RaftServerConfigKeys (ConfUtils.java:logGet(43)) - raft.server.rpcslowness.timeout = 120s (custom)
2019-11-16 00:32:10,614 [pool-27-thread-1] INFO  server.RaftServerConfigKeys (ConfUtils.java:logGet(43)) - raft.server.sleep.deviation.threshold = 300 (default)
2019-11-16 00:32:10,615 [pool-27-thread-1] INFO  server.RaftServerConfigKeys (ConfUtils.java:logGet(43)) - raft.server.log.appender.install.snapshot.enabled = false (custom)
2019-11-16 00:32:10,623 [pool-27-thread-1] INFO  impl.RaftServerImpl (ServerState.java:<init>(103)) - e7243d87-5370-48ca-b497-14b49256399d@group-F3CE24D79690: ConfigurationManager, init=-1: [e7243d87-5370-48ca-b497-14b49256399d:192.168.157.213:41168], old=null, confs=<EMPTY_MAP>
2019-11-16 00:32:10,623 [pool-27-thread-1] INFO  server.RaftServerConfigKeys (ConfUtils.java:logGet(43)) - raft.server.storage.dir = [/workdir/hadoop-ozone/tools/target/test-dir/MiniOzoneClusterImpl-6e51decf-9dae-44c2-a8bf-5e54805ee5ba/datanode-0/data/ratis] (custom)
2019-11-16 00:32:10,629 [pool-27-thread-1] INFO  server.RaftServerConfigKeys (ConfUtils.java:logGet(43)) - raft.server.log.corruption.policy = EXCEPTION (default)
2019-11-16 00:32:10,631 [pool-27-thread-1] INFO  storage.RaftStorageDirectory (RaftStorageDirectory.java:analyzeStorage(246)) - The storage directory /workdir/hadoop-ozone/tools/target/test-dir/MiniOzoneClusterImpl-6e51decf-9dae-44c2-a8bf-5e54805ee5ba/datanode-0/data/ratis/17acc9fa-b857-414a-9b5d-f3ce24d79690 does not exist. Creating ...
2019-11-16 00:32:10,641 [Command processor thread] INFO  impl.RaftServerProxy (RaftServerProxy.java:addNew(89)) - 665c23fb-f785-472d-b75e-ffede4f7a08a: addNew group-695C2EC43DA5:[665c23fb-f785-472d-b75e-ffede4f7a08a:192.168.157.213:40679] returns group-695C2EC43DA5:java.util.concurrent.CompletableFuture@3553ad86[Not completed]
2019-11-16 00:32:10,663 [pool-27-thread-1] INFO  storage.RaftStorageDirectory (RaftStorageDirectory.java:tryLock(328)) - Lock on /workdir/hadoop-ozone/tools/target/test-dir/MiniOzoneClusterImpl-6e51decf-9dae-44c2-a8bf-5e54805ee5ba/datanode-0/data/ratis/17acc9fa-b857-414a-9b5d-f3ce24d79690/in_use.lock acquired by nodename 31206@pr-hdds-2405-pxz29-3682914721
2019-11-16 00:32:10,664 [pool-37-thread-1] INFO  impl.RaftServerImpl (RaftServerImpl.java:<init>(98)) - 665c23fb-f785-472d-b75e-ffede4f7a08a: new RaftServerImpl for group-695C2EC43DA5:[665c23fb-f785-472d-b75e-ffede4f7a08a:192.168.157.213:40679] with ContainerStateMachine:uninitialized
2019-11-16 00:32:10,666 [pool-37-thread-1] INFO  server.RaftServerConfigKeys (ConfUtils.java:logGet(43)) - raft.server.rpc.timeout.min = 5s (custom)
2019-11-16 00:32:10,666 [pool-37-thread-1] INFO  server.RaftServerConfigKeys (ConfUtils.java:logGet(43)) - raft.server.rpc.timeout.max = 5200ms (custom)
2019-11-16 00:32:10,667 [pool-37-thread-1] INFO  server.RaftServerConfigKeys (ConfUtils.java:logGet(43)) - raft.server.rpcslowness.timeout = 120s (custom)
2019-11-16 00:32:10,667 [pool-37-thread-1] INFO  server.RaftServerConfigKeys (ConfUtils.java:logGet(43)) - raft.server.sleep.deviation.threshold = 300 (default)
2019-11-16 00:32:10,667 [pool-37-thread-1] INFO  server.RaftServerConfigKeys (ConfUtils.java:logGet(43)) - raft.server.log.appender.install.snapshot.enabled = false (custom)
2019-11-16 00:32:10,667 [pool-37-thread-1] INFO  impl.RaftServerImpl (ServerState.java:<init>(103)) - 665c23fb-f785-472d-b75e-ffede4f7a08a@group-695C2EC43DA5: ConfigurationManager, init=-1: [665c23fb-f785-472d-b75e-ffede4f7a08a:192.168.157.213:40679], old=null, confs=<EMPTY_MAP>
2019-11-16 00:32:10,667 [pool-37-thread-1] INFO  server.RaftServerConfigKeys (ConfUtils.java:logGet(43)) - raft.server.storage.dir = [/workdir/hadoop-ozone/tools/target/test-dir/MiniOzoneClusterImpl-6e51decf-9dae-44c2-a8bf-5e54805ee5ba/datanode-1/data/ratis] (custom)
2019-11-16 00:32:10,668 [pool-37-thread-1] INFO  server.RaftServerConfigKeys (ConfUtils.java:logGet(43)) - raft.server.log.corruption.policy = EXCEPTION (default)
2019-11-16 00:32:10,668 [pool-37-thread-1] INFO  storage.RaftStorageDirectory (RaftStorageDirectory.java:analyzeStorage(246)) - The storage directory /workdir/hadoop-ozone/tools/target/test-dir/MiniOzoneClusterImpl-6e51decf-9dae-44c2-a8bf-5e54805ee5ba/datanode-1/data/ratis/f945a68b-e3f3-4a87-95ee-695c2ec43da5 does not exist. Creating ...
2019-11-16 00:32:10,701 [pool-37-thread-1] INFO  storage.RaftStorageDirectory (RaftStorageDirectory.java:tryLock(328)) - Lock on /workdir/hadoop-ozone/tools/target/test-dir/MiniOzoneClusterImpl-6e51decf-9dae-44c2-a8bf-5e54805ee5ba/datanode-1/data/ratis/f945a68b-e3f3-4a87-95ee-695c2ec43da5/in_use.lock acquired by nodename 31206@pr-hdds-2405-pxz29-3682914721
2019-11-16 00:32:10,701 [pool-27-thread-1] INFO  storage.RaftStorage (RaftStorage.java:format(84)) - Storage directory /workdir/hadoop-ozone/tools/target/test-dir/MiniOzoneClusterImpl-6e51decf-9dae-44c2-a8bf-5e54805ee5ba/datanode-0/data/ratis/17acc9fa-b857-414a-9b5d-f3ce24d79690 has been successfully formatted.
2019-11-16 00:32:10,704 [pool-27-thread-1] INFO  ratis.ContainerStateMachine (ContainerStateMachine.java:loadSnapshot(223)) - group-F3CE24D79690: The snapshot info is null. Setting the last applied indexto:(t:0, i:~)
2019-11-16 00:32:10,704 [pool-27-thread-1] INFO  server.RaftServerConfigKeys (ConfUtils.java:logGet(43)) - raft.server.notification.no-leader.timeout = 120s (custom)
2019-11-16 00:32:10,706 [pool-27-thread-1] INFO  server.RaftServerConfigKeys (ConfUtils.java:logGet(43)) - raft.server.log.use.memory = false (default)
2019-11-16 00:32:10,711 [pool-27-thread-1] INFO  server.RaftServerConfigKeys (ConfUtils.java:logGet(43)) - raft.server.log.purge.gap = 1000000 (custom)
2019-11-16 00:32:10,711 [pool-27-thread-1] INFO  server.RaftServerConfigKeys (ConfUtils.java:logGet(43)) - raft.server.log.appender.buffer.byte-limit = 33554432 (custom)
2019-11-16 00:32:10,713 [pool-27-thread-1] INFO  server.RaftServerConfigKeys (ConfUtils.java:logGet(43)) - raft.server.log.segment.size.max = 1048576 (custom)
2019-11-16 00:32:10,718 [pool-27-thread-1] INFO  metrics.MetricRegistries (MetricRegistriesLoader.java:load(64)) - Loaded MetricRegistries class org.apache.ratis.metrics.impl.MetricRegistriesImpl
2019-11-16 00:32:10,721 [Command processor thread] INFO  impl.RaftServerProxy (RaftServerProxy.java:addNew(89)) - 15c49baa-33ff-4bc2-aee5-3f5fe3ed4c47: addNew group-843151D17E2D:[15c49baa-33ff-4bc2-aee5-3f5fe3ed4c47:192.168.157.213:40223] returns group-843151D17E2D:java.util.concurrent.CompletableFuture@570e5926[Not completed]
2019-11-16 00:32:10,723 [main] INFO  ozone.MiniOzoneClusterImpl (MiniOzoneClusterImpl.java:lambda$waitForClusterToBeReady$0(150)) - Nodes are ready. Got 3 of 3 DN Heartbeats.
2019-11-16 00:32:10,737 [main] INFO  ozone.MiniOzoneClusterImpl (MiniOzoneClusterImpl.java:lambda$waitForClusterToBeReady$0(153)) - Waiting for cluster to exit safe mode
2019-11-16 00:32:10,731 [pool-37-thread-1] INFO  storage.RaftStorage (RaftStorage.java:format(84)) - Storage directory /workdir/hadoop-ozone/tools/target/test-dir/MiniOzoneClusterImpl-6e51decf-9dae-44c2-a8bf-5e54805ee5ba/datanode-1/data/ratis/f945a68b-e3f3-4a87-95ee-695c2ec43da5 has been successfully formatted.
2019-11-16 00:32:10,738 [pool-37-thread-1] INFO  ratis.ContainerStateMachine (ContainerStateMachine.java:loadSnapshot(223)) - group-695C2EC43DA5: The snapshot info is null. Setting the last applied indexto:(t:0, i:~)
2019-11-16 00:32:10,739 [pool-37-thread-1] INFO  server.RaftServerConfigKeys (ConfUtils.java:logGet(43)) - raft.server.notification.no-leader.timeout = 120s (custom)
2019-11-16 00:32:10,739 [pool-37-thread-1] INFO  server.RaftServerConfigKeys (ConfUtils.java:logGet(43)) - raft.server.log.use.memory = false (default)
2019-11-16 00:32:10,739 [pool-37-thread-1] INFO  server.RaftServerConfigKeys (ConfUtils.java:logGet(43)) - raft.server.log.purge.gap = 1000000 (custom)
2019-11-16 00:32:10,739 [pool-47-thread-1] INFO  impl.RaftServerImpl (RaftServerImpl.java:<init>(98)) - 15c49baa-33ff-4bc2-aee5-3f5fe3ed4c47: new RaftServerImpl for group-843151D17E2D:[15c49baa-33ff-4bc2-aee5-3f5fe3ed4c47:192.168.157.213:40223] with ContainerStateMachine:uninitialized
2019-11-16 00:32:10,739 [pool-37-thread-1] INFO  server.RaftServerConfigKeys (ConfUtils.java:logGet(43)) - raft.server.log.appender.buffer.byte-limit = 33554432 (custom)
2019-11-16 00:32:10,740 [pool-47-thread-1] INFO  server.RaftServerConfigKeys (ConfUtils.java:logGet(43)) - raft.server.rpc.timeout.min = 5s (custom)
2019-11-16 00:32:10,740 [pool-37-thread-1] INFO  server.RaftServerConfigKeys (ConfUtils.java:logGet(43)) - raft.server.log.segment.size.max = 1048576 (custom)
2019-11-16 00:32:10,740 [pool-47-thread-1] INFO  server.RaftServerConfigKeys (ConfUtils.java:logGet(43)) - raft.server.rpc.timeout.max = 5200ms (custom)
2019-11-16 00:32:10,741 [pool-47-thread-1] INFO  server.RaftServerConfigKeys (ConfUtils.java:logGet(43)) - raft.server.rpcslowness.timeout = 120s (custom)
2019-11-16 00:32:10,741 [pool-47-thread-1] INFO  server.RaftServerConfigKeys (ConfUtils.java:logGet(43)) - raft.server.sleep.deviation.threshold = 300 (default)
2019-11-16 00:32:10,741 [pool-27-thread-1] WARN  impl.MetricRegistriesImpl (MetricRegistriesImpl.java:lambda$create$1(61)) - First MetricRegistry has been created without registering reporters. You may need to call MetricRegistries.global().addReportRegistration(...) before.
2019-11-16 00:32:10,741 [pool-37-thread-1] WARN  impl.MetricRegistriesImpl (MetricRegistriesImpl.java:lambda$create$1(61)) - First MetricRegistry has been created without registering reporters. You may need to call MetricRegistries.global().addReportRegistration(...) before.
2019-11-16 00:32:10,742 [pool-47-thread-1] INFO  server.RaftServerConfigKeys (ConfUtils.java:logGet(43)) - raft.server.log.appender.install.snapshot.enabled = false (custom)
2019-11-16 00:32:10,742 [pool-47-thread-1] INFO  impl.RaftServerImpl (ServerState.java:<init>(103)) - 15c49baa-33ff-4bc2-aee5-3f5fe3ed4c47@group-843151D17E2D: ConfigurationManager, init=-1: [15c49baa-33ff-4bc2-aee5-3f5fe3ed4c47:192.168.157.213:40223], old=null, confs=<EMPTY_MAP>
2019-11-16 00:32:10,742 [pool-47-thread-1] INFO  server.RaftServerConfigKeys (ConfUtils.java:logGet(43)) - raft.server.storage.dir = [/workdir/hadoop-ozone/tools/target/test-dir/MiniOzoneClusterImpl-6e51decf-9dae-44c2-a8bf-5e54805ee5ba/datanode-2/data/ratis] (custom)
2019-11-16 00:32:10,743 [pool-47-thread-1] INFO  server.RaftServerConfigKeys (ConfUtils.java:logGet(43)) - raft.server.log.corruption.policy = EXCEPTION (default)
2019-11-16 00:32:10,743 [pool-47-thread-1] INFO  storage.RaftStorageDirectory (RaftStorageDirectory.java:analyzeStorage(246)) - The storage directory /workdir/hadoop-ozone/tools/target/test-dir/MiniOzoneClusterImpl-6e51decf-9dae-44c2-a8bf-5e54805ee5ba/datanode-2/data/ratis/82c8c1d7-48cb-460c-8d01-843151d17e2d does not exist. Creating ...
2019-11-16 00:32:10,748 [pool-37-thread-1] INFO  server.RaftServerConfigKeys (ConfUtils.java:logGet(43)) - raft.server.log.segment.cache.num.max = 2 (custom)
2019-11-16 00:32:10,748 [pool-27-thread-1] INFO  server.RaftServerConfigKeys (ConfUtils.java:logGet(43)) - raft.server.log.segment.cache.num.max = 2 (custom)
2019-11-16 00:32:10,758 [pool-27-thread-1] INFO  segmented.SegmentedRaftLogWorker (SegmentedRaftLogWorker.java:<init>(173)) - new e7243d87-5370-48ca-b497-14b49256399d@group-F3CE24D79690-SegmentedRaftLogWorker for RaftStorage:Storage Directory /workdir/hadoop-ozone/tools/target/test-dir/MiniOzoneClusterImpl-6e51decf-9dae-44c2-a8bf-5e54805ee5ba/datanode-0/data/ratis/17acc9fa-b857-414a-9b5d-f3ce24d79690
2019-11-16 00:32:10,758 [pool-37-thread-1] INFO  segmented.SegmentedRaftLogWorker (SegmentedRaftLogWorker.java:<init>(173)) - new 665c23fb-f785-472d-b75e-ffede4f7a08a@group-695C2EC43DA5-SegmentedRaftLogWorker for RaftStorage:Storage Directory /workdir/hadoop-ozone/tools/target/test-dir/MiniOzoneClusterImpl-6e51decf-9dae-44c2-a8bf-5e54805ee5ba/datanode-1/data/ratis/f945a68b-e3f3-4a87-95ee-695c2ec43da5
2019-11-16 00:32:10,759 [pool-37-thread-1] INFO  server.RaftServerConfigKeys (ConfUtils.java:logGet(43)) - raft.server.log.queue.byte-limit = 2147483647 (custom)
2019-11-16 00:32:10,759 [pool-27-thread-1] INFO  server.RaftServerConfigKeys (ConfUtils.java:logGet(43)) - raft.server.log.queue.byte-limit = 2147483647 (custom)
2019-11-16 00:32:10,759 [pool-37-thread-1] INFO  server.RaftServerConfigKeys (ConfUtils.java:logGet(43)) - raft.server.log.queue.element-limit = 1024 (custom)
2019-11-16 00:32:10,760 [pool-27-thread-1] INFO  server.RaftServerConfigKeys (ConfUtils.java:logGet(43)) - raft.server.log.queue.element-limit = 1024 (custom)
2019-11-16 00:32:10,761 [pool-37-thread-1] INFO  server.RaftServerConfigKeys (ConfUtils.java:logGet(43)) - raft.server.log.segment.size.max = 1048576 (custom)
2019-11-16 00:32:10,761 [pool-27-thread-1] INFO  server.RaftServerConfigKeys (ConfUtils.java:logGet(43)) - raft.server.log.segment.size.max = 1048576 (custom)
2019-11-16 00:32:10,761 [pool-37-thread-1] INFO  server.RaftServerConfigKeys (ConfUtils.java:logGet(43)) - raft.server.log.preallocated.size = 16384 (custom)
2019-11-16 00:32:10,761 [pool-27-thread-1] INFO  server.RaftServerConfigKeys (ConfUtils.java:logGet(43)) - raft.server.log.preallocated.size = 16384 (custom)
2019-11-16 00:32:10,761 [pool-37-thread-1] INFO  server.RaftServerConfigKeys (ConfUtils.java:logGet(43)) - raft.server.log.write.buffer.size = 33554432 (custom)
2019-11-16 00:32:10,762 [pool-27-thread-1] INFO  server.RaftServerConfigKeys (ConfUtils.java:logGet(43)) - raft.server.log.write.buffer.size = 33554432 (custom)
2019-11-16 00:32:10,762 [pool-37-thread-1] INFO  server.RaftServerConfigKeys (ConfUtils.java:logGet(43)) - raft.server.log.force.sync.num = 128 (default)
2019-11-16 00:32:10,762 [pool-27-thread-1] INFO  server.RaftServerConfigKeys (ConfUtils.java:logGet(43)) - raft.server.log.force.sync.num = 128 (default)
2019-11-16 00:32:10,763 [pool-37-thread-1] INFO  server.RaftServerConfigKeys (ConfUtils.java:logGet(43)) - raft.server.log.statemachine.data.sync = true (default)
2019-11-16 00:32:10,763 [pool-27-thread-1] INFO  server.RaftServerConfigKeys (ConfUtils.java:logGet(43)) - raft.server.log.statemachine.data.sync = true (default)
2019-11-16 00:32:10,763 [pool-37-thread-1] INFO  server.RaftServerConfigKeys (ConfUtils.java:logGet(43)) - raft.server.log.statemachine.data.sync.timeout = 10s (default)
2019-11-16 00:32:10,763 [pool-27-thread-1] INFO  server.RaftServerConfigKeys (ConfUtils.java:logGet(43)) - raft.server.log.statemachine.data.sync.timeout = 10s (default)
2019-11-16 00:32:10,764 [pool-37-thread-1] INFO  server.RaftServerConfigKeys (ConfUtils.java:logGet(43)) - raft.server.log.statemachine.data.sync.timeout.retry = -1 (default)
2019-11-16 00:32:10,764 [pool-27-thread-1] INFO  server.RaftServerConfigKeys (ConfUtils.java:logGet(43)) - raft.server.log.statemachine.data.sync.timeout.retry = -1 (default)
2019-11-16 00:32:10,768 [pool-47-thread-1] INFO  storage.RaftStorageDirectory (RaftStorageDirectory.java:tryLock(328)) - Lock on /workdir/hadoop-ozone/tools/target/test-dir/MiniOzoneClusterImpl-6e51decf-9dae-44c2-a8bf-5e54805ee5ba/datanode-2/data/ratis/82c8c1d7-48cb-460c-8d01-843151d17e2d/in_use.lock acquired by nodename 31206@pr-hdds-2405-pxz29-3682914721
2019-11-16 00:32:10,777 [pool-37-thread-1] INFO  server.RaftServerConfigKeys (ConfUtils.java:logGet(43)) - raft.server.log.statemachine.data.caching.enabled = true (custom)
2019-11-16 00:32:10,778 [pool-27-thread-1] INFO  server.RaftServerConfigKeys (ConfUtils.java:logGet(43)) - raft.server.log.statemachine.data.caching.enabled = true (custom)
2019-11-16 00:32:10,798 [pool-37-thread-1] INFO  segmented.SegmentedRaftLogWorker (SegmentedRaftLogWorker.java:lambda$new$0(128)) - 665c23fb-f785-472d-b75e-ffede4f7a08a@group-695C2EC43DA5-SegmentedRaftLogWorker: flushIndex: setUnconditionally 0 -> -1
2019-11-16 00:32:10,798 [pool-27-thread-1] INFO  segmented.SegmentedRaftLogWorker (SegmentedRaftLogWorker.java:lambda$new$0(128)) - e7243d87-5370-48ca-b497-14b49256399d@group-F3CE24D79690-SegmentedRaftLogWorker: flushIndex: setUnconditionally 0 -> -1
2019-11-16 00:32:10,798 [pool-47-thread-1] INFO  storage.RaftStorage (RaftStorage.java:format(84)) - Storage directory /workdir/hadoop-ozone/tools/target/test-dir/MiniOzoneClusterImpl-6e51decf-9dae-44c2-a8bf-5e54805ee5ba/datanode-2/data/ratis/82c8c1d7-48cb-460c-8d01-843151d17e2d has been successfully formatted.
2019-11-16 00:32:10,799 [pool-47-thread-1] INFO  ratis.ContainerStateMachine (ContainerStateMachine.java:loadSnapshot(223)) - group-843151D17E2D: The snapshot info is null. Setting the last applied indexto:(t:0, i:~)
2019-11-16 00:32:10,799 [pool-47-thread-1] INFO  server.RaftServerConfigKeys (ConfUtils.java:logGet(43)) - raft.server.notification.no-leader.timeout = 120s (custom)
2019-11-16 00:32:10,799 [pool-47-thread-1] INFO  server.RaftServerConfigKeys (ConfUtils.java:logGet(43)) - raft.server.log.use.memory = false (default)
2019-11-16 00:32:10,800 [pool-47-thread-1] INFO  server.RaftServerConfigKeys (ConfUtils.java:logGet(43)) - raft.server.log.purge.gap = 1000000 (custom)
2019-11-16 00:32:10,800 [pool-47-thread-1] INFO  server.RaftServerConfigKeys (ConfUtils.java:logGet(43)) - raft.server.log.appender.buffer.byte-limit = 33554432 (custom)
2019-11-16 00:32:10,800 [pool-47-thread-1] INFO  server.RaftServerConfigKeys (ConfUtils.java:logGet(43)) - raft.server.log.segment.size.max = 1048576 (custom)
2019-11-16 00:32:10,800 [pool-47-thread-1] WARN  impl.MetricRegistriesImpl (MetricRegistriesImpl.java:lambda$create$1(61)) - First MetricRegistry has been created without registering reporters. You may need to call MetricRegistries.global().addReportRegistration(...) before.
2019-11-16 00:32:10,801 [pool-47-thread-1] INFO  server.RaftServerConfigKeys (ConfUtils.java:logGet(43)) - raft.server.log.segment.cache.num.max = 2 (custom)
2019-11-16 00:32:10,801 [pool-47-thread-1] INFO  segmented.SegmentedRaftLogWorker (SegmentedRaftLogWorker.java:<init>(173)) - new 15c49baa-33ff-4bc2-aee5-3f5fe3ed4c47@group-843151D17E2D-SegmentedRaftLogWorker for RaftStorage:Storage Directory /workdir/hadoop-ozone/tools/target/test-dir/MiniOzoneClusterImpl-6e51decf-9dae-44c2-a8bf-5e54805ee5ba/datanode-2/data/ratis/82c8c1d7-48cb-460c-8d01-843151d17e2d
2019-11-16 00:32:10,801 [pool-47-thread-1] INFO  server.RaftServerConfigKeys (ConfUtils.java:logGet(43)) - raft.server.log.queue.byte-limit = 2147483647 (custom)
2019-11-16 00:32:10,801 [pool-47-thread-1] INFO  server.RaftServerConfigKeys (ConfUtils.java:logGet(43)) - raft.server.log.queue.element-limit = 1024 (custom)
2019-11-16 00:32:10,801 [pool-47-thread-1] INFO  server.RaftServerConfigKeys (ConfUtils.java:logGet(43)) - raft.server.log.segment.size.max = 1048576 (custom)
2019-11-16 00:32:10,802 [pool-47-thread-1] INFO  server.RaftServerConfigKeys (ConfUtils.java:logGet(43)) - raft.server.log.preallocated.size = 16384 (custom)
2019-11-16 00:32:10,802 [pool-47-thread-1] INFO  server.RaftServerConfigKeys (ConfUtils.java:logGet(43)) - raft.server.log.write.buffer.size = 33554432 (custom)
2019-11-16 00:32:10,802 [pool-47-thread-1] INFO  server.RaftServerConfigKeys (ConfUtils.java:logGet(43)) - raft.server.log.force.sync.num = 128 (default)
2019-11-16 00:32:10,802 [pool-47-thread-1] INFO  server.RaftServerConfigKeys (ConfUtils.java:logGet(43)) - raft.server.log.statemachine.data.sync = true (default)
2019-11-16 00:32:10,803 [pool-47-thread-1] INFO  server.RaftServerConfigKeys (ConfUtils.java:logGet(43)) - raft.server.log.statemachine.data.sync.timeout = 10s (default)
2019-11-16 00:32:10,803 [pool-47-thread-1] INFO  server.RaftServerConfigKeys (ConfUtils.java:logGet(43)) - raft.server.log.statemachine.data.sync.timeout.retry = -1 (default)
2019-11-16 00:32:10,803 [pool-27-thread-1] INFO  server.RaftServerConfigKeys (ConfUtils.java:logGet(43)) - raft.server.snapshot.auto.trigger.enabled = true (custom)
2019-11-16 00:32:10,804 [pool-47-thread-1] INFO  server.RaftServerConfigKeys (ConfUtils.java:logGet(43)) - raft.server.log.statemachine.data.caching.enabled = true (custom)
2019-11-16 00:32:10,803 [pool-37-thread-1] INFO  server.RaftServerConfigKeys (ConfUtils.java:logGet(43)) - raft.server.snapshot.auto.trigger.enabled = true (custom)
2019-11-16 00:32:10,804 [pool-47-thread-1] INFO  segmented.SegmentedRaftLogWorker (SegmentedRaftLogWorker.java:lambda$new$0(128)) - 15c49baa-33ff-4bc2-aee5-3f5fe3ed4c47@group-843151D17E2D-SegmentedRaftLogWorker: flushIndex: setUnconditionally 0 -> -1
2019-11-16 00:32:10,805 [pool-27-thread-1] INFO  server.RaftServerConfigKeys (ConfUtils.java:logGet(43)) - raft.server.snapshot.auto.trigger.threshold = 10000 (custom)
2019-11-16 00:32:10,805 [pool-27-thread-1] INFO  server.RaftServerConfigKeys (ConfUtils.java:logGet(43)) - raft.server.snapshot.retention.file.num = 5 (custom)
2019-11-16 00:32:10,807 [pool-27-thread-1] INFO  server.RaftServerConfigKeys (ConfUtils.java:logGet(43)) - raft.server.retrycache.expirytime = 600000ms (custom)
2019-11-16 00:32:10,808 [pool-37-thread-1] INFO  server.RaftServerConfigKeys (ConfUtils.java:logGet(43)) - raft.server.snapshot.auto.trigger.threshold = 10000 (custom)
2019-11-16 00:32:10,808 [pool-37-thread-1] INFO  server.RaftServerConfigKeys (ConfUtils.java:logGet(43)) - raft.server.snapshot.retention.file.num = 5 (custom)
2019-11-16 00:32:10,808 [pool-47-thread-1] INFO  server.RaftServerConfigKeys (ConfUtils.java:logGet(43)) - raft.server.snapshot.auto.trigger.enabled = true (custom)
2019-11-16 00:32:10,808 [pool-37-thread-1] INFO  server.RaftServerConfigKeys (ConfUtils.java:logGet(43)) - raft.server.retrycache.expirytime = 600000ms (custom)
2019-11-16 00:32:10,808 [pool-47-thread-1] INFO  server.RaftServerConfigKeys (ConfUtils.java:logGet(43)) - raft.server.snapshot.auto.trigger.threshold = 10000 (custom)
2019-11-16 00:32:10,809 [pool-47-thread-1] INFO  server.RaftServerConfigKeys (ConfUtils.java:logGet(43)) - raft.server.snapshot.retention.file.num = 5 (custom)
2019-11-16 00:32:10,809 [pool-47-thread-1] INFO  server.RaftServerConfigKeys (ConfUtils.java:logGet(43)) - raft.server.retrycache.expirytime = 600000ms (custom)
2019-11-16 00:32:10,829 [pool-27-thread-1] WARN  impl.MetricRegistriesImpl (MetricRegistriesImpl.java:lambda$create$1(61)) - First MetricRegistry has been created without registering reporters. You may need to call MetricRegistries.global().addReportRegistration(...) before.
2019-11-16 00:32:10,829 [pool-37-thread-1] WARN  impl.MetricRegistriesImpl (MetricRegistriesImpl.java:lambda$create$1(61)) - First MetricRegistry has been created without registering reporters. You may need to call MetricRegistries.global().addReportRegistration(...) before.
2019-11-16 00:32:10,829 [pool-47-thread-1] WARN  impl.MetricRegistriesImpl (MetricRegistriesImpl.java:lambda$create$1(61)) - First MetricRegistry has been created without registering reporters. You may need to call MetricRegistries.global().addReportRegistration(...) before.
2019-11-16 00:32:10,831 [pool-37-thread-1] WARN  impl.MetricRegistriesImpl (MetricRegistriesImpl.java:lambda$create$1(61)) - First MetricRegistry has been created without registering reporters. You may need to call MetricRegistries.global().addReportRegistration(...) before.
2019-11-16 00:32:10,831 [pool-27-thread-1] WARN  impl.MetricRegistriesImpl (MetricRegistriesImpl.java:lambda$create$1(61)) - First MetricRegistry has been created without registering reporters. You may need to call MetricRegistries.global().addReportRegistration(...) before.
2019-11-16 00:32:10,831 [pool-47-thread-1] WARN  impl.MetricRegistriesImpl (MetricRegistriesImpl.java:lambda$create$1(61)) - First MetricRegistry has been created without registering reporters. You may need to call MetricRegistries.global().addReportRegistration(...) before.
2019-11-16 00:32:10,833 [pool-27-thread-1] INFO  impl.RaftServerImpl (RaftServerImpl.java:start(184)) - e7243d87-5370-48ca-b497-14b49256399d@group-F3CE24D79690: start as a follower, conf=-1: [e7243d87-5370-48ca-b497-14b49256399d:192.168.157.213:41168], old=null
2019-11-16 00:32:10,833 [pool-47-thread-1] INFO  impl.RaftServerImpl (RaftServerImpl.java:start(184)) - 15c49baa-33ff-4bc2-aee5-3f5fe3ed4c47@group-843151D17E2D: start as a follower, conf=-1: [15c49baa-33ff-4bc2-aee5-3f5fe3ed4c47:192.168.157.213:40223], old=null
2019-11-16 00:32:10,833 [pool-37-thread-1] INFO  impl.RaftServerImpl (RaftServerImpl.java:start(184)) - 665c23fb-f785-472d-b75e-ffede4f7a08a@group-695C2EC43DA5: start as a follower, conf=-1: [665c23fb-f785-472d-b75e-ffede4f7a08a:192.168.157.213:40679], old=null
2019-11-16 00:32:10,834 [pool-27-thread-1] INFO  impl.RaftServerImpl (RaftServerImpl.java:setRole(173)) - e7243d87-5370-48ca-b497-14b49256399d@group-F3CE24D79690: changes role from      null to FOLLOWER at term 0 for startAsFollower
2019-11-16 00:32:10,834 [pool-47-thread-1] INFO  impl.RaftServerImpl (RaftServerImpl.java:setRole(173)) - 15c49baa-33ff-4bc2-aee5-3f5fe3ed4c47@group-843151D17E2D: changes role from      null to FOLLOWER at term 0 for startAsFollower
2019-11-16 00:32:10,834 [pool-37-thread-1] INFO  impl.RaftServerImpl (RaftServerImpl.java:setRole(173)) - 665c23fb-f785-472d-b75e-ffede4f7a08a@group-695C2EC43DA5: changes role from      null to FOLLOWER at term 0 for startAsFollower
2019-11-16 00:32:10,835 [pool-27-thread-1] INFO  impl.RoleInfo (RoleInfo.java:updateAndGet(143)) - e7243d87-5370-48ca-b497-14b49256399d: start FollowerState
2019-11-16 00:32:10,836 [pool-47-thread-1] INFO  impl.RoleInfo (RoleInfo.java:updateAndGet(143)) - 15c49baa-33ff-4bc2-aee5-3f5fe3ed4c47: start FollowerState
2019-11-16 00:32:10,835 [pool-37-thread-1] INFO  impl.RoleInfo (RoleInfo.java:updateAndGet(143)) - 665c23fb-f785-472d-b75e-ffede4f7a08a: start FollowerState
2019-11-16 00:32:10,837 [pool-27-thread-1] INFO  util.JmxRegister (JmxRegister.java:tryRegister(44)) - Successfully registered JMX Bean with object name Ratis:service=RaftServer,group=group-F3CE24D79690,id=e7243d87-5370-48ca-b497-14b49256399d
2019-11-16 00:32:10,837 [pool-47-thread-1] INFO  util.JmxRegister (JmxRegister.java:tryRegister(44)) - Successfully registered JMX Bean with object name Ratis:service=RaftServer,group=group-843151D17E2D,id=15c49baa-33ff-4bc2-aee5-3f5fe3ed4c47
2019-11-16 00:32:10,837 [pool-37-thread-1] INFO  util.JmxRegister (JmxRegister.java:tryRegister(44)) - Successfully registered JMX Bean with object name Ratis:service=RaftServer,group=group-695C2EC43DA5,id=665c23fb-f785-472d-b75e-ffede4f7a08a
2019-11-16 00:32:10,840 [pool-27-thread-1] WARN  impl.MetricRegistriesImpl (MetricRegistriesImpl.java:lambda$create$1(61)) - First MetricRegistry has been created without registering reporters. You may need to call MetricRegistries.global().addReportRegistration(...) before.
2019-11-16 00:32:10,840 [pool-37-thread-1] WARN  impl.MetricRegistriesImpl (MetricRegistriesImpl.java:lambda$create$1(61)) - First MetricRegistry has been created without registering reporters. You may need to call MetricRegistries.global().addReportRegistration(...) before.
2019-11-16 00:32:10,840 [pool-47-thread-1] WARN  impl.MetricRegistriesImpl (MetricRegistriesImpl.java:lambda$create$1(61)) - First MetricRegistry has been created without registering reporters. You may need to call MetricRegistries.global().addReportRegistration(...) before.
2019-11-16 00:32:10,851 [Command processor thread] INFO  commandhandler.CreatePipelineCommandHandler (CreatePipelineCommandHandler.java:handle(86)) - Create Pipeline RATIS ONE #id: "17acc9fa-b857-414a-9b5d-f3ce24d79690"
 command succeed on datanode e7243d87-5370-48ca-b497-14b49256399d.
2019-11-16 00:32:10,851 [Command processor thread] INFO  commandhandler.CreatePipelineCommandHandler (CreatePipelineCommandHandler.java:handle(86)) - Create Pipeline RATIS ONE #id: "f945a68b-e3f3-4a87-95ee-695c2ec43da5"
 command succeed on datanode 665c23fb-f785-472d-b75e-ffede4f7a08a.
2019-11-16 00:32:10,851 [Command processor thread] INFO  commandhandler.CreatePipelineCommandHandler (CreatePipelineCommandHandler.java:handle(86)) - Create Pipeline RATIS ONE #id: "82c8c1d7-48cb-460c-8d01-843151d17e2d"
 command succeed on datanode 15c49baa-33ff-4bc2-aee5-3f5fe3ed4c47.
2019-11-16 00:32:10,857 [Command processor thread] INFO  impl.RaftServerProxy (RaftServerProxy.java:addNew(89)) - e7243d87-5370-48ca-b497-14b49256399d: addNew group-F0F15963F27A:[665c23fb-f785-472d-b75e-ffede4f7a08a:192.168.157.213:40679, e7243d87-5370-48ca-b497-14b49256399d:192.168.157.213:41168, 15c49baa-33ff-4bc2-aee5-3f5fe3ed4c47:192.168.157.213:40223] returns group-F0F15963F27A:java.util.concurrent.CompletableFuture@35524b32[Not completed]
2019-11-16 00:32:10,857 [Command processor thread] INFO  impl.RaftServerProxy (RaftServerProxy.java:addNew(89)) - 665c23fb-f785-472d-b75e-ffede4f7a08a: addNew group-F0F15963F27A:[665c23fb-f785-472d-b75e-ffede4f7a08a:192.168.157.213:40679, e7243d87-5370-48ca-b497-14b49256399d:192.168.157.213:41168, 15c49baa-33ff-4bc2-aee5-3f5fe3ed4c47:192.168.157.213:40223] returns group-F0F15963F27A:java.util.concurrent.CompletableFuture@316c3ff4[Not completed]
2019-11-16 00:32:10,857 [Command processor thread] INFO  impl.RaftServerProxy (RaftServerProxy.java:addNew(89)) - 15c49baa-33ff-4bc2-aee5-3f5fe3ed4c47: addNew group-F0F15963F27A:[665c23fb-f785-472d-b75e-ffede4f7a08a:192.168.157.213:40679, e7243d87-5370-48ca-b497-14b49256399d:192.168.157.213:41168, 15c49baa-33ff-4bc2-aee5-3f5fe3ed4c47:192.168.157.213:40223] returns group-F0F15963F27A:java.util.concurrent.CompletableFuture@5331c71f[Not completed]
2019-11-16 00:32:10,859 [pool-27-thread-1] INFO  impl.RaftServerImpl (RaftServerImpl.java:<init>(98)) - e7243d87-5370-48ca-b497-14b49256399d: new RaftServerImpl for group-F0F15963F27A:[665c23fb-f785-472d-b75e-ffede4f7a08a:192.168.157.213:40679, e7243d87-5370-48ca-b497-14b49256399d:192.168.157.213:41168, 15c49baa-33ff-4bc2-aee5-3f5fe3ed4c47:192.168.157.213:40223] with ContainerStateMachine:uninitialized
2019-11-16 00:32:10,859 [pool-27-thread-1] INFO  server.RaftServerConfigKeys (ConfUtils.java:logGet(43)) - raft.server.rpc.timeout.min = 5s (custom)
2019-11-16 00:32:10,860 [pool-27-thread-1] INFO  server.RaftServerConfigKeys (ConfUtils.java:logGet(43)) - raft.server.rpc.timeout.max = 5200ms (custom)
2019-11-16 00:32:10,860 [pool-27-thread-1] INFO  server.RaftServerConfigKeys (ConfUtils.java:logGet(43)) - raft.server.rpcslowness.timeout = 120s (custom)
2019-11-16 00:32:10,860 [pool-27-thread-1] INFO  server.RaftServerConfigKeys (ConfUtils.java:logGet(43)) - raft.server.sleep.deviation.threshold = 300 (default)
2019-11-16 00:32:10,860 [pool-27-thread-1] INFO  server.RaftServerConfigKeys (ConfUtils.java:logGet(43)) - raft.server.log.appender.install.snapshot.enabled = false (custom)
2019-11-16 00:32:10,860 [pool-47-thread-1] INFO  impl.RaftServerImpl (RaftServerImpl.java:<init>(98)) - 15c49baa-33ff-4bc2-aee5-3f5fe3ed4c47: new RaftServerImpl for group-F0F15963F27A:[665c23fb-f785-472d-b75e-ffede4f7a08a:192.168.157.213:40679, e7243d87-5370-48ca-b497-14b49256399d:192.168.157.213:41168, 15c49baa-33ff-4bc2-aee5-3f5fe3ed4c47:192.168.157.213:40223] with ContainerStateMachine:uninitialized
2019-11-16 00:32:10,860 [pool-27-thread-1] INFO  impl.RaftServerImpl (ServerState.java:<init>(103)) - e7243d87-5370-48ca-b497-14b49256399d@group-F0F15963F27A: ConfigurationManager, init=-1: [665c23fb-f785-472d-b75e-ffede4f7a08a:192.168.157.213:40679, e7243d87-5370-48ca-b497-14b49256399d:192.168.157.213:41168, 15c49baa-33ff-4bc2-aee5-3f5fe3ed4c47:192.168.157.213:40223], old=null, confs=<EMPTY_MAP>
2019-11-16 00:32:10,860 [pool-47-thread-1] INFO  server.RaftServerConfigKeys (ConfUtils.java:logGet(43)) - raft.server.rpc.timeout.min = 5s (custom)
2019-11-16 00:32:10,860 [pool-27-thread-1] INFO  server.RaftServerConfigKeys (ConfUtils.java:logGet(43)) - raft.server.storage.dir = [/workdir/hadoop-ozone/tools/target/test-dir/MiniOzoneClusterImpl-6e51decf-9dae-44c2-a8bf-5e54805ee5ba/datanode-0/data/ratis] (custom)
2019-11-16 00:32:10,860 [pool-47-thread-1] INFO  server.RaftServerConfigKeys (ConfUtils.java:logGet(43)) - raft.server.rpc.timeout.max = 5200ms (custom)
2019-11-16 00:32:10,860 [pool-47-thread-1] INFO  server.RaftServerConfigKeys (ConfUtils.java:logGet(43)) - raft.server.rpcslowness.timeout = 120s (custom)
2019-11-16 00:32:10,860 [pool-27-thread-1] INFO  server.RaftServerConfigKeys (ConfUtils.java:logGet(43)) - raft.server.log.corruption.policy = EXCEPTION (default)
2019-11-16 00:32:10,861 [pool-37-thread-1] INFO  impl.RaftServerImpl (RaftServerImpl.java:<init>(98)) - 665c23fb-f785-472d-b75e-ffede4f7a08a: new RaftServerImpl for group-F0F15963F27A:[665c23fb-f785-472d-b75e-ffede4f7a08a:192.168.157.213:40679, e7243d87-5370-48ca-b497-14b49256399d:192.168.157.213:41168, 15c49baa-33ff-4bc2-aee5-3f5fe3ed4c47:192.168.157.213:40223] with ContainerStateMachine:uninitialized
2019-11-16 00:32:10,861 [pool-27-thread-1] INFO  storage.RaftStorageDirectory (RaftStorageDirectory.java:analyzeStorage(246)) - The storage directory /workdir/hadoop-ozone/tools/target/test-dir/MiniOzoneClusterImpl-6e51decf-9dae-44c2-a8bf-5e54805ee5ba/datanode-0/data/ratis/ba0b4dcb-5ed7-4168-8c6c-f0f15963f27a does not exist. Creating ...
2019-11-16 00:32:10,860 [pool-47-thread-1] INFO  server.RaftServerConfigKeys (ConfUtils.java:logGet(43)) - raft.server.sleep.deviation.threshold = 300 (default)
2019-11-16 00:32:10,861 [pool-37-thread-1] INFO  server.RaftServerConfigKeys (ConfUtils.java:logGet(43)) - raft.server.rpc.timeout.min = 5s (custom)
2019-11-16 00:32:10,861 [pool-47-thread-1] INFO  server.RaftServerConfigKeys (ConfUtils.java:logGet(43)) - raft.server.log.appender.install.snapshot.enabled = false (custom)
2019-11-16 00:32:10,861 [pool-37-thread-1] INFO  server.RaftServerConfigKeys (ConfUtils.java:logGet(43)) - raft.server.rpc.timeout.max = 5200ms (custom)
2019-11-16 00:32:10,861 [pool-47-thread-1] INFO  impl.RaftServerImpl (ServerState.java:<init>(103)) - 15c49baa-33ff-4bc2-aee5-3f5fe3ed4c47@group-F0F15963F27A: ConfigurationManager, init=-1: [665c23fb-f785-472d-b75e-ffede4f7a08a:192.168.157.213:40679, e7243d87-5370-48ca-b497-14b49256399d:192.168.157.213:41168, 15c49baa-33ff-4bc2-aee5-3f5fe3ed4c47:192.168.157.213:40223], old=null, confs=<EMPTY_MAP>
2019-11-16 00:32:10,861 [pool-37-thread-1] INFO  server.RaftServerConfigKeys (ConfUtils.java:logGet(43)) - raft.server.rpcslowness.timeout = 120s (custom)
2019-11-16 00:32:10,861 [pool-47-thread-1] INFO  server.RaftServerConfigKeys (ConfUtils.java:logGet(43)) - raft.server.storage.dir = [/workdir/hadoop-ozone/tools/target/test-dir/MiniOzoneClusterImpl-6e51decf-9dae-44c2-a8bf-5e54805ee5ba/datanode-2/data/ratis] (custom)
2019-11-16 00:32:10,861 [pool-37-thread-1] INFO  server.RaftServerConfigKeys (ConfUtils.java:logGet(43)) - raft.server.sleep.deviation.threshold = 300 (default)
2019-11-16 00:32:10,861 [pool-37-thread-1] INFO  server.RaftServerConfigKeys (ConfUtils.java:logGet(43)) - raft.server.log.appender.install.snapshot.enabled = false (custom)
2019-11-16 00:32:10,861 [pool-47-thread-1] INFO  server.RaftServerConfigKeys (ConfUtils.java:logGet(43)) - raft.server.log.corruption.policy = EXCEPTION (default)
2019-11-16 00:32:10,861 [pool-37-thread-1] INFO  impl.RaftServerImpl (ServerState.java:<init>(103)) - 665c23fb-f785-472d-b75e-ffede4f7a08a@group-F0F15963F27A: ConfigurationManager, init=-1: [665c23fb-f785-472d-b75e-ffede4f7a08a:192.168.157.213:40679, e7243d87-5370-48ca-b497-14b49256399d:192.168.157.213:41168, 15c49baa-33ff-4bc2-aee5-3f5fe3ed4c47:192.168.157.213:40223], old=null, confs=<EMPTY_MAP>
2019-11-16 00:32:10,862 [pool-47-thread-1] INFO  storage.RaftStorageDirectory (RaftStorageDirectory.java:analyzeStorage(246)) - The storage directory /workdir/hadoop-ozone/tools/target/test-dir/MiniOzoneClusterImpl-6e51decf-9dae-44c2-a8bf-5e54805ee5ba/datanode-2/data/ratis/ba0b4dcb-5ed7-4168-8c6c-f0f15963f27a does not exist. Creating ...
2019-11-16 00:32:10,862 [pool-37-thread-1] INFO  server.RaftServerConfigKeys (ConfUtils.java:logGet(43)) - raft.server.storage.dir = [/workdir/hadoop-ozone/tools/target/test-dir/MiniOzoneClusterImpl-6e51decf-9dae-44c2-a8bf-5e54805ee5ba/datanode-1/data/ratis] (custom)
2019-11-16 00:32:10,862 [pool-37-thread-1] INFO  server.RaftServerConfigKeys (ConfUtils.java:logGet(43)) - raft.server.log.corruption.policy = EXCEPTION (default)
2019-11-16 00:32:10,862 [pool-37-thread-1] INFO  storage.RaftStorageDirectory (RaftStorageDirectory.java:analyzeStorage(246)) - The storage directory /workdir/hadoop-ozone/tools/target/test-dir/MiniOzoneClusterImpl-6e51decf-9dae-44c2-a8bf-5e54805ee5ba/datanode-1/data/ratis/ba0b4dcb-5ed7-4168-8c6c-f0f15963f27a does not exist. Creating ...
2019-11-16 00:32:10,868 [EventQueue-PipelineReportForPipelineReportHandler] INFO  pipeline.PipelineReportHandler (PipelineReportHandler.java:processPipelineReport(113)) - Pipeline ONE PipelineID=17acc9fa-b857-414a-9b5d-f3ce24d79690 reported by e7243d87-5370-48ca-b497-14b49256399d{ip: 192.168.157.213, host: pr-hdds-2405-pxz29-3682914721, networkLocation: /default-rack, certSerialId: null}
2019-11-16 00:32:10,868 [EventQueue-PipelineReportForPipelineReportHandler] INFO  pipeline.PipelineStateManager (PipelineStateManager.java:openPipeline(132)) - Pipeline Pipeline[ Id: 17acc9fa-b857-414a-9b5d-f3ce24d79690, Nodes: e7243d87-5370-48ca-b497-14b49256399d{ip: 192.168.157.213, host: pr-hdds-2405-pxz29-3682914721, networkLocation: /default-rack, certSerialId: null}, Type:RATIS, Factor:ONE, State:ALLOCATED] moved to OPEN state
2019-11-16 00:32:10,870 [EventQueue-PipelineReportForPipelineReportHandler] INFO  pipeline.PipelineReportHandler (PipelineReportHandler.java:processPipelineReport(113)) - Pipeline ONE PipelineID=f945a68b-e3f3-4a87-95ee-695c2ec43da5 reported by 665c23fb-f785-472d-b75e-ffede4f7a08a{ip: 192.168.157.213, host: pr-hdds-2405-pxz29-3682914721, networkLocation: /default-rack, certSerialId: null}
2019-11-16 00:32:10,870 [EventQueue-OpenPipelineForHealthyPipelineSafeModeRule] INFO  safemode.SCMSafeModeManager (HealthyPipelineSafeModeRule.java:process(132)) - SCM in safe mode. Healthy pipelines reported count is 0, required healthy pipeline reported count is 1
2019-11-16 00:32:10,870 [EventQueue-PipelineReportForPipelineReportHandler] INFO  pipeline.PipelineStateManager (PipelineStateManager.java:openPipeline(132)) - Pipeline Pipeline[ Id: f945a68b-e3f3-4a87-95ee-695c2ec43da5, Nodes: 665c23fb-f785-472d-b75e-ffede4f7a08a{ip: 192.168.157.213, host: pr-hdds-2405-pxz29-3682914721, networkLocation: /default-rack, certSerialId: null}, Type:RATIS, Factor:ONE, State:ALLOCATED] moved to OPEN state
2019-11-16 00:32:10,870 [EventQueue-OpenPipelineForOneReplicaPipelineSafeModeRule] INFO  safemode.SCMSafeModeManager (SCMSafeModeManager.java:validateSafeModeExitRules(176)) - AtleastOneDatanodeReportedRule rule is successfully validated
2019-11-16 00:32:10,870 [EventQueue-PipelineReportForPipelineReportHandler] INFO  pipeline.PipelineReportHandler (PipelineReportHandler.java:processPipelineReport(113)) - Pipeline ONE PipelineID=82c8c1d7-48cb-460c-8d01-843151d17e2d reported by 15c49baa-33ff-4bc2-aee5-3f5fe3ed4c47{ip: 192.168.157.213, host: pr-hdds-2405-pxz29-3682914721, networkLocation: /default-rack, certSerialId: null}
2019-11-16 00:32:10,870 [EventQueue-OpenPipelineForHealthyPipelineSafeModeRule] INFO  safemode.SCMSafeModeManager (HealthyPipelineSafeModeRule.java:process(132)) - SCM in safe mode. Healthy pipelines reported count is 0, required healthy pipeline reported count is 1
2019-11-16 00:32:10,870 [EventQueue-PipelineReportForPipelineReportHandler] INFO  pipeline.PipelineStateManager (PipelineStateManager.java:openPipeline(132)) - Pipeline Pipeline[ Id: 82c8c1d7-48cb-460c-8d01-843151d17e2d, Nodes: 15c49baa-33ff-4bc2-aee5-3f5fe3ed4c47{ip: 192.168.157.213, host: pr-hdds-2405-pxz29-3682914721, networkLocation: /default-rack, certSerialId: null}, Type:RATIS, Factor:ONE, State:ALLOCATED] moved to OPEN state
2019-11-16 00:32:10,870 [EventQueue-OpenPipelineForOneReplicaPipelineSafeModeRule] INFO  safemode.SCMSafeModeManager (SCMSafeModeManager.java:validateSafeModeExitRules(176)) - AtleastOneDatanodeReportedRule rule is successfully validated
2019-11-16 00:32:10,871 [EventQueue-OpenPipelineForHealthyPipelineSafeModeRule] INFO  safemode.SCMSafeModeManager (HealthyPipelineSafeModeRule.java:process(132)) - SCM in safe mode. Healthy pipelines reported count is 0, required healthy pipeline reported count is 1
2019-11-16 00:32:10,871 [EventQueue-OpenPipelineForOneReplicaPipelineSafeModeRule] INFO  safemode.SCMSafeModeManager (SCMSafeModeManager.java:validateSafeModeExitRules(176)) - AtleastOneDatanodeReportedRule rule is successfully validated
2019-11-16 00:32:10,884 [pool-37-thread-1] INFO  storage.RaftStorageDirectory (RaftStorageDirectory.java:tryLock(328)) - Lock on /workdir/hadoop-ozone/tools/target/test-dir/MiniOzoneClusterImpl-6e51decf-9dae-44c2-a8bf-5e54805ee5ba/datanode-1/data/ratis/ba0b4dcb-5ed7-4168-8c6c-f0f15963f27a/in_use.lock acquired by nodename 31206@pr-hdds-2405-pxz29-3682914721
2019-11-16 00:32:10,884 [pool-47-thread-1] INFO  storage.RaftStorageDirectory (RaftStorageDirectory.java:tryLock(328)) - Lock on /workdir/hadoop-ozone/tools/target/test-dir/MiniOzoneClusterImpl-6e51decf-9dae-44c2-a8bf-5e54805ee5ba/datanode-2/data/ratis/ba0b4dcb-5ed7-4168-8c6c-f0f15963f27a/in_use.lock acquired by nodename 31206@pr-hdds-2405-pxz29-3682914721
2019-11-16 00:32:10,884 [pool-27-thread-1] INFO  storage.RaftStorageDirectory (RaftStorageDirectory.java:tryLock(328)) - Lock on /workdir/hadoop-ozone/tools/target/test-dir/MiniOzoneClusterImpl-6e51decf-9dae-44c2-a8bf-5e54805ee5ba/datanode-0/data/ratis/ba0b4dcb-5ed7-4168-8c6c-f0f15963f27a/in_use.lock acquired by nodename 31206@pr-hdds-2405-pxz29-3682914721
2019-11-16 00:32:10,908 [pool-37-thread-1] INFO  storage.RaftStorage (RaftStorage.java:format(84)) - Storage directory /workdir/hadoop-ozone/tools/target/test-dir/MiniOzoneClusterImpl-6e51decf-9dae-44c2-a8bf-5e54805ee5ba/datanode-1/data/ratis/ba0b4dcb-5ed7-4168-8c6c-f0f15963f27a has been successfully formatted.
2019-11-16 00:32:10,908 [pool-27-thread-1] INFO  storage.RaftStorage (RaftStorage.java:format(84)) - Storage directory /workdir/hadoop-ozone/tools/target/test-dir/MiniOzoneClusterImpl-6e51decf-9dae-44c2-a8bf-5e54805ee5ba/datanode-0/data/ratis/ba0b4dcb-5ed7-4168-8c6c-f0f15963f27a has been successfully formatted.
2019-11-16 00:32:10,908 [pool-47-thread-1] INFO  storage.RaftStorage (RaftStorage.java:format(84)) - Storage directory /workdir/hadoop-ozone/tools/target/test-dir/MiniOzoneClusterImpl-6e51decf-9dae-44c2-a8bf-5e54805ee5ba/datanode-2/data/ratis/ba0b4dcb-5ed7-4168-8c6c-f0f15963f27a has been successfully formatted.
2019-11-16 00:32:10,908 [pool-37-thread-1] INFO  ratis.ContainerStateMachine (ContainerStateMachine.java:loadSnapshot(223)) - group-F0F15963F27A: The snapshot info is null. Setting the last applied indexto:(t:0, i:~)
2019-11-16 00:32:10,908 [pool-27-thread-1] INFO  ratis.ContainerStateMachine (ContainerStateMachine.java:loadSnapshot(223)) - group-F0F15963F27A: The snapshot info is null. Setting the last applied indexto:(t:0, i:~)
2019-11-16 00:32:10,908 [pool-47-thread-1] INFO  ratis.ContainerStateMachine (ContainerStateMachine.java:loadSnapshot(223)) - group-F0F15963F27A: The snapshot info is null. Setting the last applied indexto:(t:0, i:~)
2019-11-16 00:32:10,908 [pool-37-thread-1] INFO  server.RaftServerConfigKeys (ConfUtils.java:logGet(43)) - raft.server.notification.no-leader.timeout = 120s (custom)
2019-11-16 00:32:10,908 [pool-47-thread-1] INFO  server.RaftServerConfigKeys (ConfUtils.java:logGet(43)) - raft.server.notification.no-leader.timeout = 120s (custom)
2019-11-16 00:32:10,908 [pool-27-thread-1] INFO  server.RaftServerConfigKeys (ConfUtils.java:logGet(43)) - raft.server.notification.no-leader.timeout = 120s (custom)
2019-11-16 00:32:10,909 [pool-47-thread-1] INFO  server.RaftServerConfigKeys (ConfUtils.java:logGet(43)) - raft.server.log.use.memory = false (default)
2019-11-16 00:32:10,908 [pool-37-thread-1] INFO  server.RaftServerConfigKeys (ConfUtils.java:logGet(43)) - raft.server.log.use.memory = false (default)
2019-11-16 00:32:10,909 [pool-47-thread-1] INFO  server.RaftServerConfigKeys (ConfUtils.java:logGet(43)) - raft.server.log.purge.gap = 1000000 (custom)
2019-11-16 00:32:10,909 [pool-27-thread-1] INFO  server.RaftServerConfigKeys (ConfUtils.java:logGet(43)) - raft.server.log.use.memory = false (default)
2019-11-16 00:32:10,909 [pool-47-thread-1] INFO  server.RaftServerConfigKeys (ConfUtils.java:logGet(43)) - raft.server.log.appender.buffer.byte-limit = 33554432 (custom)
2019-11-16 00:32:10,909 [pool-37-thread-1] INFO  server.RaftServerConfigKeys (ConfUtils.java:logGet(43)) - raft.server.log.purge.gap = 1000000 (custom)
2019-11-16 00:32:10,909 [pool-47-thread-1] INFO  server.RaftServerConfigKeys (ConfUtils.java:logGet(43)) - raft.server.log.segment.size.max = 1048576 (custom)
2019-11-16 00:32:10,909 [pool-27-thread-1] INFO  server.RaftServerConfigKeys (ConfUtils.java:logGet(43)) - raft.server.log.purge.gap = 1000000 (custom)
2019-11-16 00:32:10,909 [pool-47-thread-1] INFO  server.RaftServerConfigKeys (ConfUtils.java:logGet(43)) - raft.server.log.segment.cache.num.max = 2 (custom)
2019-11-16 00:32:10,909 [pool-37-thread-1] INFO  server.RaftServerConfigKeys (ConfUtils.java:logGet(43)) - raft.server.log.appender.buffer.byte-limit = 33554432 (custom)
2019-11-16 00:32:10,909 [pool-47-thread-1] INFO  segmented.SegmentedRaftLogWorker (SegmentedRaftLogWorker.java:<init>(173)) - new 15c49baa-33ff-4bc2-aee5-3f5fe3ed4c47@group-F0F15963F27A-SegmentedRaftLogWorker for RaftStorage:Storage Directory /workdir/hadoop-ozone/tools/target/test-dir/MiniOzoneClusterImpl-6e51decf-9dae-44c2-a8bf-5e54805ee5ba/datanode-2/data/ratis/ba0b4dcb-5ed7-4168-8c6c-f0f15963f27a
2019-11-16 00:32:10,909 [pool-27-thread-1] INFO  server.RaftServerConfigKeys (ConfUtils.java:logGet(43)) - raft.server.log.appender.buffer.byte-limit = 33554432 (custom)
2019-11-16 00:32:10,910 [pool-47-thread-1] INFO  server.RaftServerConfigKeys (ConfUtils.java:logGet(43)) - raft.server.log.queue.byte-limit = 2147483647 (custom)
2019-11-16 00:32:10,910 [pool-37-thread-1] INFO  server.RaftServerConfigKeys (ConfUtils.java:logGet(43)) - raft.server.log.segment.size.max = 1048576 (custom)
2019-11-16 00:32:10,910 [pool-47-thread-1] INFO  server.RaftServerConfigKeys (ConfUtils.java:logGet(43)) - raft.server.log.queue.element-limit = 1024 (custom)
2019-11-16 00:32:10,910 [pool-27-thread-1] INFO  server.RaftServerConfigKeys (ConfUtils.java:logGet(43)) - raft.server.log.segment.size.max = 1048576 (custom)
2019-11-16 00:32:10,910 [pool-47-thread-1] INFO  server.RaftServerConfigKeys (ConfUtils.java:logGet(43)) - raft.server.log.segment.size.max = 1048576 (custom)
2019-11-16 00:32:10,910 [pool-37-thread-1] INFO  server.RaftServerConfigKeys (ConfUtils.java:logGet(43)) - raft.server.log.segment.cache.num.max = 2 (custom)
2019-11-16 00:32:10,910 [pool-47-thread-1] INFO  server.RaftServerConfigKeys (ConfUtils.java:logGet(43)) - raft.server.log.preallocated.size = 16384 (custom)
2019-11-16 00:32:10,910 [pool-27-thread-1] INFO  server.RaftServerConfigKeys (ConfUtils.java:logGet(43)) - raft.server.log.segment.cache.num.max = 2 (custom)
2019-11-16 00:32:10,910 [pool-47-thread-1] INFO  server.RaftServerConfigKeys (ConfUtils.java:logGet(43)) - raft.server.log.write.buffer.size = 33554432 (custom)
2019-11-16 00:32:10,910 [pool-37-thread-1] INFO  segmented.SegmentedRaftLogWorker (SegmentedRaftLogWorker.java:<init>(173)) - new 665c23fb-f785-472d-b75e-ffede4f7a08a@group-F0F15963F27A-SegmentedRaftLogWorker for RaftStorage:Storage Directory /workdir/hadoop-ozone/tools/target/test-dir/MiniOzoneClusterImpl-6e51decf-9dae-44c2-a8bf-5e54805ee5ba/datanode-1/data/ratis/ba0b4dcb-5ed7-4168-8c6c-f0f15963f27a
2019-11-16 00:32:10,911 [pool-47-thread-1] INFO  server.RaftServerConfigKeys (ConfUtils.java:logGet(43)) - raft.server.log.force.sync.num = 128 (default)
2019-11-16 00:32:10,910 [pool-27-thread-1] INFO  segmented.SegmentedRaftLogWorker (SegmentedRaftLogWorker.java:<init>(173)) - new e7243d87-5370-48ca-b497-14b49256399d@group-F0F15963F27A-SegmentedRaftLogWorker for RaftStorage:Storage Directory /workdir/hadoop-ozone/tools/target/test-dir/MiniOzoneClusterImpl-6e51decf-9dae-44c2-a8bf-5e54805ee5ba/datanode-0/data/ratis/ba0b4dcb-5ed7-4168-8c6c-f0f15963f27a
2019-11-16 00:32:10,911 [pool-47-thread-1] INFO  server.RaftServerConfigKeys (ConfUtils.java:logGet(43)) - raft.server.log.statemachine.data.sync = true (default)
2019-11-16 00:32:10,911 [pool-37-thread-1] INFO  server.RaftServerConfigKeys (ConfUtils.java:logGet(43)) - raft.server.log.queue.byte-limit = 2147483647 (custom)
2019-11-16 00:32:10,911 [pool-47-thread-1] INFO  server.RaftServerConfigKeys (ConfUtils.java:logGet(43)) - raft.server.log.statemachine.data.sync.timeout = 10s (default)
2019-11-16 00:32:10,911 [pool-27-thread-1] INFO  server.RaftServerConfigKeys (ConfUtils.java:logGet(43)) - raft.server.log.queue.byte-limit = 2147483647 (custom)
2019-11-16 00:32:10,911 [pool-47-thread-1] INFO  server.RaftServerConfigKeys (ConfUtils.java:logGet(43)) - raft.server.log.statemachine.data.sync.timeout.retry = -1 (default)
2019-11-16 00:32:10,911 [pool-37-thread-1] INFO  server.RaftServerConfigKeys (ConfUtils.java:logGet(43)) - raft.server.log.queue.element-limit = 1024 (custom)
2019-11-16 00:32:10,911 [pool-27-thread-1] INFO  server.RaftServerConfigKeys (ConfUtils.java:logGet(43)) - raft.server.log.queue.element-limit = 1024 (custom)
2019-11-16 00:32:10,911 [pool-37-thread-1] INFO  server.RaftServerConfigKeys (ConfUtils.java:logGet(43)) - raft.server.log.segment.size.max = 1048576 (custom)
2019-11-16 00:32:10,912 [pool-27-thread-1] INFO  server.RaftServerConfigKeys (ConfUtils.java:logGet(43)) - raft.server.log.segment.size.max = 1048576 (custom)
2019-11-16 00:32:10,911 [pool-47-thread-1] INFO  server.RaftServerConfigKeys (ConfUtils.java:logGet(43)) - raft.server.log.statemachine.data.caching.enabled = true (custom)
2019-11-16 00:32:10,912 [pool-27-thread-1] INFO  server.RaftServerConfigKeys (ConfUtils.java:logGet(43)) - raft.server.log.preallocated.size = 16384 (custom)
2019-11-16 00:32:10,912 [pool-37-thread-1] INFO  server.RaftServerConfigKeys (ConfUtils.java:logGet(43)) - raft.server.log.preallocated.size = 16384 (custom)
2019-11-16 00:32:10,912 [pool-27-thread-1] INFO  server.RaftServerConfigKeys (ConfUtils.java:logGet(43)) - raft.server.log.write.buffer.size = 33554432 (custom)
2019-11-16 00:32:10,912 [pool-37-thread-1] INFO  server.RaftServerConfigKeys (ConfUtils.java:logGet(43)) - raft.server.log.write.buffer.size = 33554432 (custom)
2019-11-16 00:32:10,912 [pool-47-thread-1] INFO  segmented.SegmentedRaftLogWorker (SegmentedRaftLogWorker.java:lambda$new$0(128)) - 15c49baa-33ff-4bc2-aee5-3f5fe3ed4c47@group-F0F15963F27A-SegmentedRaftLogWorker: flushIndex: setUnconditionally 0 -> -1
2019-11-16 00:32:10,912 [pool-37-thread-1] INFO  server.RaftServerConfigKeys (ConfUtils.java:logGet(43)) - raft.server.log.force.sync.num = 128 (default)
2019-11-16 00:32:10,912 [pool-27-thread-1] INFO  server.RaftServerConfigKeys (ConfUtils.java:logGet(43)) - raft.server.log.force.sync.num = 128 (default)
2019-11-16 00:32:10,912 [pool-37-thread-1] INFO  server.RaftServerConfigKeys (ConfUtils.java:logGet(43)) - raft.server.log.statemachine.data.sync = true (default)
2019-11-16 00:32:10,912 [pool-27-thread-1] INFO  server.RaftServerConfigKeys (ConfUtils.java:logGet(43)) - raft.server.log.statemachine.data.sync = true (default)
2019-11-16 00:32:10,912 [pool-47-thread-1] INFO  server.RaftServerConfigKeys (ConfUtils.java:logGet(43)) - raft.server.snapshot.auto.trigger.enabled = true (custom)
2019-11-16 00:32:10,913 [pool-27-thread-1] INFO  server.RaftServerConfigKeys (ConfUtils.java:logGet(43)) - raft.server.log.statemachine.data.sync.timeout = 10s (default)
2019-11-16 00:32:10,912 [pool-37-thread-1] INFO  server.RaftServerConfigKeys (ConfUtils.java:logGet(43)) - raft.server.log.statemachine.data.sync.timeout = 10s (default)
2019-11-16 00:32:10,913 [pool-27-thread-1] INFO  server.RaftServerConfigKeys (ConfUtils.java:logGet(43)) - raft.server.log.statemachine.data.sync.timeout.retry = -1 (default)
2019-11-16 00:32:10,913 [pool-47-thread-1] INFO  server.RaftServerConfigKeys (ConfUtils.java:logGet(43)) - raft.server.snapshot.auto.trigger.threshold = 10000 (custom)
2019-11-16 00:32:10,913 [pool-27-thread-1] INFO  server.RaftServerConfigKeys (ConfUtils.java:logGet(43)) - raft.server.log.statemachine.data.caching.enabled = true (custom)
2019-11-16 00:32:10,913 [pool-37-thread-1] INFO  server.RaftServerConfigKeys (ConfUtils.java:logGet(43)) - raft.server.log.statemachine.data.sync.timeout.retry = -1 (default)
2019-11-16 00:32:10,913 [pool-47-thread-1] INFO  server.RaftServerConfigKeys (ConfUtils.java:logGet(43)) - raft.server.snapshot.retention.file.num = 5 (custom)
2019-11-16 00:32:10,913 [pool-37-thread-1] INFO  server.RaftServerConfigKeys (ConfUtils.java:logGet(43)) - raft.server.log.statemachine.data.caching.enabled = true (custom)
2019-11-16 00:32:10,913 [pool-47-thread-1] INFO  server.RaftServerConfigKeys (ConfUtils.java:logGet(43)) - raft.server.retrycache.expirytime = 600000ms (custom)
2019-11-16 00:32:10,913 [pool-27-thread-1] INFO  segmented.SegmentedRaftLogWorker (SegmentedRaftLogWorker.java:lambda$new$0(128)) - e7243d87-5370-48ca-b497-14b49256399d@group-F0F15963F27A-SegmentedRaftLogWorker: flushIndex: setUnconditionally 0 -> -1
2019-11-16 00:32:10,914 [pool-47-thread-1] WARN  impl.MetricRegistriesImpl (MetricRegistriesImpl.java:lambda$create$1(61)) - First MetricRegistry has been created without registering reporters. You may need to call MetricRegistries.global().addReportRegistration(...) before.
2019-11-16 00:32:10,914 [pool-37-thread-1] INFO  segmented.SegmentedRaftLogWorker (SegmentedRaftLogWorker.java:lambda$new$0(128)) - 665c23fb-f785-472d-b75e-ffede4f7a08a@group-F0F15963F27A-SegmentedRaftLogWorker: flushIndex: setUnconditionally 0 -> -1
2019-11-16 00:32:10,914 [pool-47-thread-1] WARN  impl.MetricRegistriesImpl (MetricRegistriesImpl.java:lambda$create$1(61)) - First MetricRegistry has been created without registering reporters. You may need to call MetricRegistries.global().addReportRegistration(...) before.
2019-11-16 00:32:10,914 [pool-27-thread-1] INFO  server.RaftServerConfigKeys (ConfUtils.java:logGet(43)) - raft.server.snapshot.auto.trigger.enabled = true (custom)
2019-11-16 00:32:10,914 [pool-37-thread-1] INFO  server.RaftServerConfigKeys (ConfUtils.java:logGet(43)) - raft.server.snapshot.auto.trigger.enabled = true (custom)
2019-11-16 00:32:10,914 [pool-27-thread-1] INFO  server.RaftServerConfigKeys (ConfUtils.java:logGet(43)) - raft.server.snapshot.auto.trigger.threshold = 10000 (custom)
2019-11-16 00:32:10,914 [pool-47-thread-1] INFO  impl.RaftServerImpl (RaftServerImpl.java:start(184)) - 15c49baa-33ff-4bc2-aee5-3f5fe3ed4c47@group-F0F15963F27A: start as a follower, conf=-1: [665c23fb-f785-472d-b75e-ffede4f7a08a:192.168.157.213:40679, e7243d87-5370-48ca-b497-14b49256399d:192.168.157.213:41168, 15c49baa-33ff-4bc2-aee5-3f5fe3ed4c47:192.168.157.213:40223], old=null
2019-11-16 00:32:10,914 [pool-27-thread-1] INFO  server.RaftServerConfigKeys (ConfUtils.java:logGet(43)) - raft.server.snapshot.retention.file.num = 5 (custom)
2019-11-16 00:32:10,914 [pool-37-thread-1] INFO  server.RaftServerConfigKeys (ConfUtils.java:logGet(43)) - raft.server.snapshot.auto.trigger.threshold = 10000 (custom)
2019-11-16 00:32:10,914 [pool-27-thread-1] INFO  server.RaftServerConfigKeys (ConfUtils.java:logGet(43)) - raft.server.retrycache.expirytime = 600000ms (custom)
2019-11-16 00:32:10,914 [pool-47-thread-1] INFO  impl.RaftServerImpl (RaftServerImpl.java:setRole(173)) - 15c49baa-33ff-4bc2-aee5-3f5fe3ed4c47@group-F0F15963F27A: changes role from      null to FOLLOWER at term 0 for startAsFollower
2019-11-16 00:32:10,915 [pool-27-thread-1] WARN  impl.MetricRegistriesImpl (MetricRegistriesImpl.java:lambda$create$1(61)) - First MetricRegistry has been created without registering reporters. You may need to call MetricRegistries.global().addReportRegistration(...) before.
2019-11-16 00:32:10,915 [pool-37-thread-1] INFO  server.RaftServerConfigKeys (ConfUtils.java:logGet(43)) - raft.server.snapshot.retention.file.num = 5 (custom)
2019-11-16 00:32:10,915 [pool-27-thread-1] WARN  impl.MetricRegistriesImpl (MetricRegistriesImpl.java:lambda$create$1(61)) - First MetricRegistry has been created without registering reporters. You may need to call MetricRegistries.global().addReportRegistration(...) before.
2019-11-16 00:32:10,915 [pool-47-thread-1] INFO  impl.RoleInfo (RoleInfo.java:updateAndGet(143)) - 15c49baa-33ff-4bc2-aee5-3f5fe3ed4c47: start FollowerState
2019-11-16 00:32:10,915 [pool-37-thread-1] INFO  server.RaftServerConfigKeys (ConfUtils.java:logGet(43)) - raft.server.retrycache.expirytime = 600000ms (custom)
2019-11-16 00:32:10,915 [pool-27-thread-1] INFO  impl.RaftServerImpl (RaftServerImpl.java:start(184)) - e7243d87-5370-48ca-b497-14b49256399d@group-F0F15963F27A: start as a follower, conf=-1: [665c23fb-f785-472d-b75e-ffede4f7a08a:192.168.157.213:40679, e7243d87-5370-48ca-b497-14b49256399d:192.168.157.213:41168, 15c49baa-33ff-4bc2-aee5-3f5fe3ed4c47:192.168.157.213:40223], old=null
2019-11-16 00:32:10,915 [pool-37-thread-1] WARN  impl.MetricRegistriesImpl (MetricRegistriesImpl.java:lambda$create$1(61)) - First MetricRegistry has been created without registering reporters. You may need to call MetricRegistries.global().addReportRegistration(...) before.
2019-11-16 00:32:10,915 [pool-47-thread-1] INFO  util.JmxRegister (JmxRegister.java:tryRegister(44)) - Successfully registered JMX Bean with object name Ratis:service=RaftServer,group=group-F0F15963F27A,id=15c49baa-33ff-4bc2-aee5-3f5fe3ed4c47
2019-11-16 00:32:10,915 [pool-27-thread-1] INFO  impl.RaftServerImpl (RaftServerImpl.java:setRole(173)) - e7243d87-5370-48ca-b497-14b49256399d@group-F0F15963F27A: changes role from      null to FOLLOWER at term 0 for startAsFollower
2019-11-16 00:32:10,915 [pool-47-thread-1] WARN  impl.MetricRegistriesImpl (MetricRegistriesImpl.java:lambda$create$1(61)) - First MetricRegistry has been created without registering reporters. You may need to call MetricRegistries.global().addReportRegistration(...) before.
2019-11-16 00:32:10,915 [pool-37-thread-1] WARN  impl.MetricRegistriesImpl (MetricRegistriesImpl.java:lambda$create$1(61)) - First MetricRegistry has been created without registering reporters. You may need to call MetricRegistries.global().addReportRegistration(...) before.
2019-11-16 00:32:10,916 [pool-27-thread-1] INFO  impl.RoleInfo (RoleInfo.java:updateAndGet(143)) - e7243d87-5370-48ca-b497-14b49256399d: start FollowerState
2019-11-16 00:32:10,916 [pool-37-thread-1] INFO  impl.RaftServerImpl (RaftServerImpl.java:start(184)) - 665c23fb-f785-472d-b75e-ffede4f7a08a@group-F0F15963F27A: start as a follower, conf=-1: [665c23fb-f785-472d-b75e-ffede4f7a08a:192.168.157.213:40679, e7243d87-5370-48ca-b497-14b49256399d:192.168.157.213:41168, 15c49baa-33ff-4bc2-aee5-3f5fe3ed4c47:192.168.157.213:40223], old=null
2019-11-16 00:32:10,916 [pool-37-thread-1] INFO  impl.RaftServerImpl (RaftServerImpl.java:setRole(173)) - 665c23fb-f785-472d-b75e-ffede4f7a08a@group-F0F15963F27A: changes role from      null to FOLLOWER at term 0 for startAsFollower
2019-11-16 00:32:10,916 [pool-37-thread-1] INFO  impl.RoleInfo (RoleInfo.java:updateAndGet(143)) - 665c23fb-f785-472d-b75e-ffede4f7a08a: start FollowerState
2019-11-16 00:32:10,916 [Command processor thread] INFO  commandhandler.CreatePipelineCommandHandler (CreatePipelineCommandHandler.java:handle(86)) - Create Pipeline RATIS THREE #id: "ba0b4dcb-5ed7-4168-8c6c-f0f15963f27a"
 command succeed on datanode 15c49baa-33ff-4bc2-aee5-3f5fe3ed4c47.
2019-11-16 00:32:10,916 [pool-27-thread-1] INFO  util.JmxRegister (JmxRegister.java:tryRegister(44)) - Successfully registered JMX Bean with object name Ratis:service=RaftServer,group=group-F0F15963F27A,id=e7243d87-5370-48ca-b497-14b49256399d
2019-11-16 00:32:10,916 [pool-37-thread-1] INFO  util.JmxRegister (JmxRegister.java:tryRegister(44)) - Successfully registered JMX Bean with object name Ratis:service=RaftServer,group=group-F0F15963F27A,id=665c23fb-f785-472d-b75e-ffede4f7a08a
2019-11-16 00:32:10,916 [pool-27-thread-1] WARN  impl.MetricRegistriesImpl (MetricRegistriesImpl.java:lambda$create$1(61)) - First MetricRegistry has been created without registering reporters. You may need to call MetricRegistries.global().addReportRegistration(...) before.
2019-11-16 00:32:10,916 [pool-37-thread-1] WARN  impl.MetricRegistriesImpl (MetricRegistriesImpl.java:lambda$create$1(61)) - First MetricRegistry has been created without registering reporters. You may need to call MetricRegistries.global().addReportRegistration(...) before.
2019-11-16 00:32:10,918 [Command processor thread] INFO  commandhandler.CreatePipelineCommandHandler (CreatePipelineCommandHandler.java:handle(86)) - Create Pipeline RATIS THREE #id: "ba0b4dcb-5ed7-4168-8c6c-f0f15963f27a"
 command succeed on datanode e7243d87-5370-48ca-b497-14b49256399d.
2019-11-16 00:32:10,918 [Command processor thread] INFO  commandhandler.CreatePipelineCommandHandler (CreatePipelineCommandHandler.java:handle(86)) - Create Pipeline RATIS THREE #id: "ba0b4dcb-5ed7-4168-8c6c-f0f15963f27a"
 command succeed on datanode 665c23fb-f785-472d-b75e-ffede4f7a08a.
2019-11-16 00:32:10,918 [EventQueue-PipelineReportForPipelineReportHandler] INFO  pipeline.PipelineReportHandler (PipelineReportHandler.java:processPipelineReport(113)) - Pipeline THREE PipelineID=ba0b4dcb-5ed7-4168-8c6c-f0f15963f27a reported by 15c49baa-33ff-4bc2-aee5-3f5fe3ed4c47{ip: 192.168.157.213, host: pr-hdds-2405-pxz29-3682914721, networkLocation: /default-rack, certSerialId: null}
2019-11-16 00:32:10,920 [EventQueue-PipelineReportForPipelineReportHandler] INFO  pipeline.PipelineReportHandler (PipelineReportHandler.java:processPipelineReport(113)) - Pipeline THREE PipelineID=ba0b4dcb-5ed7-4168-8c6c-f0f15963f27a reported by e7243d87-5370-48ca-b497-14b49256399d{ip: 192.168.157.213, host: pr-hdds-2405-pxz29-3682914721, networkLocation: /default-rack, certSerialId: null}
2019-11-16 00:32:10,920 [EventQueue-PipelineReportForPipelineReportHandler] INFO  pipeline.PipelineReportHandler (PipelineReportHandler.java:processPipelineReport(113)) - Pipeline THREE PipelineID=ba0b4dcb-5ed7-4168-8c6c-f0f15963f27a reported by 665c23fb-f785-472d-b75e-ffede4f7a08a{ip: 192.168.157.213, host: pr-hdds-2405-pxz29-3682914721, networkLocation: /default-rack, certSerialId: null}
2019-11-16 00:32:11,738 [main] INFO  ozone.MiniOzoneClusterImpl (MiniOzoneClusterImpl.java:lambda$waitForClusterToBeReady$0(150)) - Nodes are ready. Got 3 of 3 DN Heartbeats.
2019-11-16 00:32:11,738 [main] INFO  ozone.MiniOzoneClusterImpl (MiniOzoneClusterImpl.java:lambda$waitForClusterToBeReady$0(153)) - Waiting for cluster to exit safe mode
2019-11-16 00:32:12,739 [main] INFO  ozone.MiniOzoneClusterImpl (MiniOzoneClusterImpl.java:lambda$waitForClusterToBeReady$0(150)) - Nodes are ready. Got 3 of 3 DN Heartbeats.
2019-11-16 00:32:12,739 [main] INFO  ozone.MiniOzoneClusterImpl (MiniOzoneClusterImpl.java:lambda$waitForClusterToBeReady$0(153)) - Waiting for cluster to exit safe mode
2019-11-16 00:32:13,739 [main] INFO  ozone.MiniOzoneClusterImpl (MiniOzoneClusterImpl.java:lambda$waitForClusterToBeReady$0(150)) - Nodes are ready. Got 3 of 3 DN Heartbeats.
2019-11-16 00:32:13,740 [main] INFO  ozone.MiniOzoneClusterImpl (MiniOzoneClusterImpl.java:lambda$waitForClusterToBeReady$0(153)) - Waiting for cluster to exit safe mode
2019-11-16 00:32:14,740 [main] INFO  ozone.MiniOzoneClusterImpl (MiniOzoneClusterImpl.java:lambda$waitForClusterToBeReady$0(150)) - Nodes are ready. Got 3 of 3 DN Heartbeats.
2019-11-16 00:32:14,740 [main] INFO  ozone.MiniOzoneClusterImpl (MiniOzoneClusterImpl.java:lambda$waitForClusterToBeReady$0(153)) - Waiting for cluster to exit safe mode
2019-11-16 00:32:15,740 [main] INFO  ozone.MiniOzoneClusterImpl (MiniOzoneClusterImpl.java:lambda$waitForClusterToBeReady$0(150)) - Nodes are ready. Got 3 of 3 DN Heartbeats.
2019-11-16 00:32:15,741 [main] INFO  ozone.MiniOzoneClusterImpl (MiniOzoneClusterImpl.java:lambda$waitForClusterToBeReady$0(153)) - Waiting for cluster to exit safe mode
2019-11-16 00:32:15,918 [Thread-183] INFO  impl.FollowerState (FollowerState.java:run(111)) - 15c49baa-33ff-4bc2-aee5-3f5fe3ed4c47@group-843151D17E2D-FollowerState: change to CANDIDATE, lastRpcTime:5083ms, electionTimeout:5081ms
2019-11-16 00:32:15,918 [Thread-188] INFO  impl.FollowerState (FollowerState.java:run(111)) - 15c49baa-33ff-4bc2-aee5-3f5fe3ed4c47@group-F0F15963F27A-FollowerState: change to CANDIDATE, lastRpcTime:5003ms, electionTimeout:5003ms
2019-11-16 00:32:15,920 [Thread-183] INFO  impl.RoleInfo (RoleInfo.java:shutdownFollowerState(121)) - 15c49baa-33ff-4bc2-aee5-3f5fe3ed4c47: shutdown FollowerState
2019-11-16 00:32:15,920 [Thread-188] INFO  impl.RoleInfo (RoleInfo.java:shutdownFollowerState(121)) - 15c49baa-33ff-4bc2-aee5-3f5fe3ed4c47: shutdown FollowerState
2019-11-16 00:32:15,921 [Thread-183] INFO  impl.RaftServerImpl (RaftServerImpl.java:setRole(173)) - 15c49baa-33ff-4bc2-aee5-3f5fe3ed4c47@group-843151D17E2D: changes role from  FOLLOWER to CANDIDATE at term 0 for changeToCandidate
2019-11-16 00:32:15,921 [Thread-188] INFO  impl.RaftServerImpl (RaftServerImpl.java:setRole(173)) - 15c49baa-33ff-4bc2-aee5-3f5fe3ed4c47@group-F0F15963F27A: changes role from  FOLLOWER to CANDIDATE at term 0 for changeToCandidate
2019-11-16 00:32:15,924 [Thread-183] INFO  impl.RoleInfo (RoleInfo.java:updateAndGet(143)) - 15c49baa-33ff-4bc2-aee5-3f5fe3ed4c47: start LeaderElection
2019-11-16 00:32:15,924 [Thread-188] INFO  impl.RoleInfo (RoleInfo.java:updateAndGet(143)) - 15c49baa-33ff-4bc2-aee5-3f5fe3ed4c47: start LeaderElection
2019-11-16 00:32:15,951 [15c49baa-33ff-4bc2-aee5-3f5fe3ed4c47@group-843151D17E2D-LeaderElection2] INFO  impl.LeaderElection (LeaderElection.java:askForVotes(178)) - 15c49baa-33ff-4bc2-aee5-3f5fe3ed4c47@group-843151D17E2D-LeaderElection2: begin an election at term 1 for -1: [15c49baa-33ff-4bc2-aee5-3f5fe3ed4c47:192.168.157.213:40223], old=null
2019-11-16 00:32:15,951 [15c49baa-33ff-4bc2-aee5-3f5fe3ed4c47@group-F0F15963F27A-LeaderElection1] INFO  impl.LeaderElection (LeaderElection.java:askForVotes(178)) - 15c49baa-33ff-4bc2-aee5-3f5fe3ed4c47@group-F0F15963F27A-LeaderElection1: begin an election at term 1 for -1: [665c23fb-f785-472d-b75e-ffede4f7a08a:192.168.157.213:40679, e7243d87-5370-48ca-b497-14b49256399d:192.168.157.213:41168, 15c49baa-33ff-4bc2-aee5-3f5fe3ed4c47:192.168.157.213:40223], old=null
2019-11-16 00:32:15,953 [Thread-182] INFO  impl.FollowerState (FollowerState.java:run(111)) - 665c23fb-f785-472d-b75e-ffede4f7a08a@group-695C2EC43DA5-FollowerState: change to CANDIDATE, lastRpcTime:5117ms, electionTimeout:5116ms
2019-11-16 00:32:15,953 [Thread-182] INFO  impl.RoleInfo (RoleInfo.java:shutdownFollowerState(121)) - 665c23fb-f785-472d-b75e-ffede4f7a08a: shutdown FollowerState
2019-11-16 00:32:15,953 [Thread-182] INFO  impl.RaftServerImpl (RaftServerImpl.java:setRole(173)) - 665c23fb-f785-472d-b75e-ffede4f7a08a@group-695C2EC43DA5: changes role from  FOLLOWER to CANDIDATE at term 0 for changeToCandidate
2019-11-16 00:32:15,953 [Thread-182] INFO  impl.RoleInfo (RoleInfo.java:updateAndGet(143)) - 665c23fb-f785-472d-b75e-ffede4f7a08a: start LeaderElection
2019-11-16 00:32:15,953 [15c49baa-33ff-4bc2-aee5-3f5fe3ed4c47@group-843151D17E2D-LeaderElection2] INFO  impl.RoleInfo (RoleInfo.java:shutdownLeaderElection(134)) - 15c49baa-33ff-4bc2-aee5-3f5fe3ed4c47: shutdown LeaderElection
2019-11-16 00:32:15,956 [15c49baa-33ff-4bc2-aee5-3f5fe3ed4c47@group-843151D17E2D-LeaderElection2] INFO  impl.RaftServerImpl (RaftServerImpl.java:setRole(173)) - 15c49baa-33ff-4bc2-aee5-3f5fe3ed4c47@group-843151D17E2D: changes role from CANDIDATE to LEADER at term 1 for changeToLeader
2019-11-16 00:32:15,956 [15c49baa-33ff-4bc2-aee5-3f5fe3ed4c47@group-843151D17E2D-LeaderElection2] INFO  ratis.XceiverServerRatis (XceiverServerRatis.java:handleLeaderChangedNotification(733)) - Leader change notification received for group: group-843151D17E2D with new leaderId: 15c49baa-33ff-4bc2-aee5-3f5fe3ed4c47
2019-11-16 00:32:15,956 [15c49baa-33ff-4bc2-aee5-3f5fe3ed4c47@group-843151D17E2D-LeaderElection2] INFO  impl.RaftServerImpl (ServerState.java:setLeader(255)) - 15c49baa-33ff-4bc2-aee5-3f5fe3ed4c47@group-843151D17E2D: change Leader from null to 15c49baa-33ff-4bc2-aee5-3f5fe3ed4c47 at term 1 for becomeLeader, leader elected after 5156ms
2019-11-16 00:32:15,959 [EventQueue-PipelineReportForPipelineReportHandler] INFO  pipeline.PipelineReportHandler (PipelineReportHandler.java:processPipelineReport(113)) - Pipeline THREE PipelineID=ba0b4dcb-5ed7-4168-8c6c-f0f15963f27a reported by 15c49baa-33ff-4bc2-aee5-3f5fe3ed4c47{ip: 192.168.157.213, host: pr-hdds-2405-pxz29-3682914721, networkLocation: /default-rack, certSerialId: null}
2019-11-16 00:32:15,963 [15c49baa-33ff-4bc2-aee5-3f5fe3ed4c47@group-843151D17E2D-LeaderElection2] INFO  server.RaftServerConfigKeys (ConfUtils.java:logGet(43)) - raft.server.staging.catchup.gap = 1000 (default)
2019-11-16 00:32:15,963 [15c49baa-33ff-4bc2-aee5-3f5fe3ed4c47@group-843151D17E2D-LeaderElection2] INFO  server.RaftServerConfigKeys (ConfUtils.java:logGet(43)) - raft.server.rpc.sleep.time = 25ms (default)
2019-11-16 00:32:15,967 [15c49baa-33ff-4bc2-aee5-3f5fe3ed4c47@group-843151D17E2D-LeaderElection2] INFO  server.RaftServerConfigKeys (ConfUtils.java:logGet(43)) - raft.server.write.element-limit = 4096 (default)
2019-11-16 00:32:15,969 [Thread-191] INFO  impl.FollowerState (FollowerState.java:run(111)) - 665c23fb-f785-472d-b75e-ffede4f7a08a@group-F0F15963F27A-FollowerState: change to CANDIDATE, lastRpcTime:5053ms, electionTimeout:5053ms
2019-11-16 00:32:15,970 [Thread-191] INFO  impl.RoleInfo (RoleInfo.java:shutdownFollowerState(121)) - 665c23fb-f785-472d-b75e-ffede4f7a08a: shutdown FollowerState
2019-11-16 00:32:15,970 [Thread-191] INFO  impl.RaftServerImpl (RaftServerImpl.java:setRole(173)) - 665c23fb-f785-472d-b75e-ffede4f7a08a@group-F0F15963F27A: changes role from  FOLLOWER to CANDIDATE at term 0 for changeToCandidate
2019-11-16 00:32:15,970 [Thread-191] INFO  impl.RoleInfo (RoleInfo.java:updateAndGet(143)) - 665c23fb-f785-472d-b75e-ffede4f7a08a: start LeaderElection
2019-11-16 00:32:15,972 [15c49baa-33ff-4bc2-aee5-3f5fe3ed4c47@group-843151D17E2D-LeaderElection2] INFO  server.RaftServerConfigKeys (ConfUtils.java:logGet(43)) - raft.server.watch.timeout = 10s (default)
2019-11-16 00:32:15,972 [15c49baa-33ff-4bc2-aee5-3f5fe3ed4c47@group-843151D17E2D-LeaderElection2] INFO  server.RaftServerConfigKeys (ConfUtils.java:logGet(43)) - raft.server.watch.timeout.denomination = 1s (default)
2019-11-16 00:32:15,973 [15c49baa-33ff-4bc2-aee5-3f5fe3ed4c47@group-843151D17E2D-LeaderElection2] INFO  server.RaftServerConfigKeys (ConfUtils.java:logGet(43)) - raft.server.watch.element-limit = 65536 (default)
2019-11-16 00:32:15,975 [Thread-190] INFO  impl.FollowerState (FollowerState.java:run(111)) - e7243d87-5370-48ca-b497-14b49256399d@group-F0F15963F27A-FollowerState: change to CANDIDATE, lastRpcTime:5059ms, electionTimeout:5059ms
2019-11-16 00:32:15,975 [Thread-190] INFO  impl.RoleInfo (RoleInfo.java:shutdownFollowerState(121)) - e7243d87-5370-48ca-b497-14b49256399d: shutdown FollowerState
2019-11-16 00:32:15,975 [Thread-190] INFO  impl.RaftServerImpl (RaftServerImpl.java:setRole(173)) - e7243d87-5370-48ca-b497-14b49256399d@group-F0F15963F27A: changes role from  FOLLOWER to CANDIDATE at term 0 for changeToCandidate
2019-11-16 00:32:15,975 [Thread-190] INFO  impl.RoleInfo (RoleInfo.java:updateAndGet(143)) - e7243d87-5370-48ca-b497-14b49256399d: start LeaderElection
2019-11-16 00:32:15,980 [665c23fb-f785-472d-b75e-ffede4f7a08a@group-695C2EC43DA5-LeaderElection3] INFO  impl.LeaderElection (LeaderElection.java:askForVotes(178)) - 665c23fb-f785-472d-b75e-ffede4f7a08a@group-695C2EC43DA5-LeaderElection3: begin an election at term 1 for -1: [665c23fb-f785-472d-b75e-ffede4f7a08a:192.168.157.213:40679], old=null
2019-11-16 00:32:15,980 [665c23fb-f785-472d-b75e-ffede4f7a08a@group-695C2EC43DA5-LeaderElection3] INFO  impl.RoleInfo (RoleInfo.java:shutdownLeaderElection(134)) - 665c23fb-f785-472d-b75e-ffede4f7a08a: shutdown LeaderElection
2019-11-16 00:32:15,980 [665c23fb-f785-472d-b75e-ffede4f7a08a@group-695C2EC43DA5-LeaderElection3] INFO  impl.RaftServerImpl (RaftServerImpl.java:setRole(173)) - 665c23fb-f785-472d-b75e-ffede4f7a08a@group-695C2EC43DA5: changes role from CANDIDATE to LEADER at term 1 for changeToLeader
2019-11-16 00:32:15,980 [665c23fb-f785-472d-b75e-ffede4f7a08a@group-695C2EC43DA5-LeaderElection3] INFO  ratis.XceiverServerRatis (XceiverServerRatis.java:handleLeaderChangedNotification(733)) - Leader change notification received for group: group-695C2EC43DA5 with new leaderId: 665c23fb-f785-472d-b75e-ffede4f7a08a
2019-11-16 00:32:15,980 [665c23fb-f785-472d-b75e-ffede4f7a08a@group-695C2EC43DA5-LeaderElection3] INFO  impl.RaftServerImpl (ServerState.java:setLeader(255)) - 665c23fb-f785-472d-b75e-ffede4f7a08a@group-695C2EC43DA5: change Leader from null to 665c23fb-f785-472d-b75e-ffede4f7a08a at term 1 for becomeLeader, leader elected after 5241ms
2019-11-16 00:32:15,981 [665c23fb-f785-472d-b75e-ffede4f7a08a@group-695C2EC43DA5-LeaderElection3] INFO  server.RaftServerConfigKeys (ConfUtils.java:logGet(43)) - raft.server.staging.catchup.gap = 1000 (default)
2019-11-16 00:32:15,981 [665c23fb-f785-472d-b75e-ffede4f7a08a@group-695C2EC43DA5-LeaderElection3] INFO  server.RaftServerConfigKeys (ConfUtils.java:logGet(43)) - raft.server.rpc.sleep.time = 25ms (default)
2019-11-16 00:32:15,981 [665c23fb-f785-472d-b75e-ffede4f7a08a@group-695C2EC43DA5-LeaderElection3] INFO  server.RaftServerConfigKeys (ConfUtils.java:logGet(43)) - raft.server.write.element-limit = 4096 (default)
2019-11-16 00:32:15,981 [665c23fb-f785-472d-b75e-ffede4f7a08a@group-695C2EC43DA5-LeaderElection3] INFO  server.RaftServerConfigKeys (ConfUtils.java:logGet(43)) - raft.server.watch.timeout = 10s (default)
2019-11-16 00:32:15,981 [665c23fb-f785-472d-b75e-ffede4f7a08a@group-695C2EC43DA5-LeaderElection3] INFO  server.RaftServerConfigKeys (ConfUtils.java:logGet(43)) - raft.server.watch.timeout.denomination = 1s (default)
2019-11-16 00:32:15,982 [665c23fb-f785-472d-b75e-ffede4f7a08a@group-695C2EC43DA5-LeaderElection3] INFO  server.RaftServerConfigKeys (ConfUtils.java:logGet(43)) - raft.server.watch.element-limit = 65536 (default)
2019-11-16 00:32:15,986 [Thread-181] INFO  impl.FollowerState (FollowerState.java:run(111)) - e7243d87-5370-48ca-b497-14b49256399d@group-F3CE24D79690-FollowerState: change to CANDIDATE, lastRpcTime:5151ms, electionTimeout:5146ms
2019-11-16 00:32:15,986 [Thread-181] INFO  impl.RoleInfo (RoleInfo.java:shutdownFollowerState(121)) - e7243d87-5370-48ca-b497-14b49256399d: shutdown FollowerState
2019-11-16 00:32:15,986 [Thread-181] INFO  impl.RaftServerImpl (RaftServerImpl.java:setRole(173)) - e7243d87-5370-48ca-b497-14b49256399d@group-F3CE24D79690: changes role from  FOLLOWER to CANDIDATE at term 0 for changeToCandidate
2019-11-16 00:32:15,986 [Thread-181] INFO  impl.RoleInfo (RoleInfo.java:updateAndGet(143)) - e7243d87-5370-48ca-b497-14b49256399d: start LeaderElection
2019-11-16 00:32:15,987 [EventQueue-PipelineReportForPipelineReportHandler] INFO  pipeline.PipelineReportHandler (PipelineReportHandler.java:processPipelineReport(113)) - Pipeline THREE PipelineID=ba0b4dcb-5ed7-4168-8c6c-f0f15963f27a reported by 665c23fb-f785-472d-b75e-ffede4f7a08a{ip: 192.168.157.213, host: pr-hdds-2405-pxz29-3682914721, networkLocation: /default-rack, certSerialId: null}
2019-11-16 00:32:15,994 [15c49baa-33ff-4bc2-aee5-3f5fe3ed4c47@group-843151D17E2D-LeaderElection2] INFO  impl.RoleInfo (RoleInfo.java:updateAndGet(143)) - 15c49baa-33ff-4bc2-aee5-3f5fe3ed4c47: start LeaderState
2019-11-16 00:32:15,995 [e7243d87-5370-48ca-b497-14b49256399d@group-F0F15963F27A-LeaderElection5] INFO  impl.LeaderElection (LeaderElection.java:askForVotes(178)) - e7243d87-5370-48ca-b497-14b49256399d@group-F0F15963F27A-LeaderElection5: begin an election at term 1 for -1: [665c23fb-f785-472d-b75e-ffede4f7a08a:192.168.157.213:40679, e7243d87-5370-48ca-b497-14b49256399d:192.168.157.213:41168, 15c49baa-33ff-4bc2-aee5-3f5fe3ed4c47:192.168.157.213:40223], old=null
2019-11-16 00:32:15,995 [665c23fb-f785-472d-b75e-ffede4f7a08a@group-F0F15963F27A-LeaderElection4] INFO  impl.LeaderElection (LeaderElection.java:askForVotes(178)) - 665c23fb-f785-472d-b75e-ffede4f7a08a@group-F0F15963F27A-LeaderElection4: begin an election at term 1 for -1: [665c23fb-f785-472d-b75e-ffede4f7a08a:192.168.157.213:40679, e7243d87-5370-48ca-b497-14b49256399d:192.168.157.213:41168, 15c49baa-33ff-4bc2-aee5-3f5fe3ed4c47:192.168.157.213:40223], old=null
2019-11-16 00:32:15,994 [665c23fb-f785-472d-b75e-ffede4f7a08a@group-695C2EC43DA5-LeaderElection3] INFO  impl.RoleInfo (RoleInfo.java:updateAndGet(143)) - 665c23fb-f785-472d-b75e-ffede4f7a08a: start LeaderState
2019-11-16 00:32:16,016 [665c23fb-f785-472d-b75e-ffede4f7a08a@group-695C2EC43DA5-LeaderElection3] INFO  segmented.SegmentedRaftLogWorker (SegmentedRaftLogWorker.java:startLogSegment(385)) - 665c23fb-f785-472d-b75e-ffede4f7a08a@group-695C2EC43DA5-SegmentedRaftLogWorker: Starting segment from index:0
2019-11-16 00:32:16,016 [15c49baa-33ff-4bc2-aee5-3f5fe3ed4c47@group-843151D17E2D-LeaderElection2] INFO  segmented.SegmentedRaftLogWorker (SegmentedRaftLogWorker.java:startLogSegment(385)) - 15c49baa-33ff-4bc2-aee5-3f5fe3ed4c47@group-843151D17E2D-SegmentedRaftLogWorker: Starting segment from index:0
2019-11-16 00:32:16,017 [e7243d87-5370-48ca-b497-14b49256399d@group-F3CE24D79690-LeaderElection6] INFO  impl.LeaderElection (LeaderElection.java:askForVotes(178)) - e7243d87-5370-48ca-b497-14b49256399d@group-F3CE24D79690-LeaderElection6: begin an election at term 1 for -1: [e7243d87-5370-48ca-b497-14b49256399d:192.168.157.213:41168], old=null
2019-11-16 00:32:16,017 [e7243d87-5370-48ca-b497-14b49256399d@group-F3CE24D79690-LeaderElection6] INFO  impl.RoleInfo (RoleInfo.java:shutdownLeaderElection(134)) - e7243d87-5370-48ca-b497-14b49256399d: shutdown LeaderElection
2019-11-16 00:32:16,017 [e7243d87-5370-48ca-b497-14b49256399d@group-F3CE24D79690-LeaderElection6] INFO  impl.RaftServerImpl (RaftServerImpl.java:setRole(173)) - e7243d87-5370-48ca-b497-14b49256399d@group-F3CE24D79690: changes role from CANDIDATE to LEADER at term 1 for changeToLeader
2019-11-16 00:32:16,017 [e7243d87-5370-48ca-b497-14b49256399d@group-F3CE24D79690-LeaderElection6] INFO  ratis.XceiverServerRatis (XceiverServerRatis.java:handleLeaderChangedNotification(733)) - Leader change notification received for group: group-F3CE24D79690 with new leaderId: e7243d87-5370-48ca-b497-14b49256399d
2019-11-16 00:32:16,018 [e7243d87-5370-48ca-b497-14b49256399d@group-F3CE24D79690-LeaderElection6] INFO  impl.RaftServerImpl (ServerState.java:setLeader(255)) - e7243d87-5370-48ca-b497-14b49256399d@group-F3CE24D79690: change Leader from null to e7243d87-5370-48ca-b497-14b49256399d at term 1 for becomeLeader, leader elected after 5313ms
2019-11-16 00:32:16,018 [e7243d87-5370-48ca-b497-14b49256399d@group-F3CE24D79690-LeaderElection6] INFO  server.RaftServerConfigKeys (ConfUtils.java:logGet(43)) - raft.server.staging.catchup.gap = 1000 (default)
2019-11-16 00:32:16,018 [e7243d87-5370-48ca-b497-14b49256399d@group-F3CE24D79690-LeaderElection6] INFO  server.RaftServerConfigKeys (ConfUtils.java:logGet(43)) - raft.server.rpc.sleep.time = 25ms (default)
2019-11-16 00:32:16,018 [e7243d87-5370-48ca-b497-14b49256399d@group-F3CE24D79690-LeaderElection6] INFO  server.RaftServerConfigKeys (ConfUtils.java:logGet(43)) - raft.server.write.element-limit = 4096 (default)
2019-11-16 00:32:16,018 [e7243d87-5370-48ca-b497-14b49256399d@group-F3CE24D79690-LeaderElection6] INFO  server.RaftServerConfigKeys (ConfUtils.java:logGet(43)) - raft.server.watch.timeout = 10s (default)
2019-11-16 00:32:16,020 [e7243d87-5370-48ca-b497-14b49256399d@group-F3CE24D79690-LeaderElection6] INFO  server.RaftServerConfigKeys (ConfUtils.java:logGet(43)) - raft.server.watch.timeout.denomination = 1s (default)
2019-11-16 00:32:16,021 [e7243d87-5370-48ca-b497-14b49256399d@group-F3CE24D79690-LeaderElection6] INFO  server.RaftServerConfigKeys (ConfUtils.java:logGet(43)) - raft.server.watch.element-limit = 65536 (default)
2019-11-16 00:32:16,021 [e7243d87-5370-48ca-b497-14b49256399d@group-F3CE24D79690-LeaderElection6] INFO  impl.RoleInfo (RoleInfo.java:updateAndGet(143)) - e7243d87-5370-48ca-b497-14b49256399d: start LeaderState
2019-11-16 00:32:16,021 [e7243d87-5370-48ca-b497-14b49256399d@group-F3CE24D79690-LeaderElection6] INFO  segmented.SegmentedRaftLogWorker (SegmentedRaftLogWorker.java:startLogSegment(385)) - e7243d87-5370-48ca-b497-14b49256399d@group-F3CE24D79690-SegmentedRaftLogWorker: Starting segment from index:0
2019-11-16 00:32:16,021 [EventQueue-PipelineReportForPipelineReportHandler] INFO  pipeline.PipelineReportHandler (PipelineReportHandler.java:processPipelineReport(113)) - Pipeline THREE PipelineID=ba0b4dcb-5ed7-4168-8c6c-f0f15963f27a reported by e7243d87-5370-48ca-b497-14b49256399d{ip: 192.168.157.213, host: pr-hdds-2405-pxz29-3682914721, networkLocation: /default-rack, certSerialId: null}
2019-11-16 00:32:16,042 [15c49baa-33ff-4bc2-aee5-3f5fe3ed4c47@group-843151D17E2D-LeaderElection2] INFO  impl.RaftServerImpl (ServerState.java:setRaftConf(356)) - 15c49baa-33ff-4bc2-aee5-3f5fe3ed4c47@group-843151D17E2D: set configuration 0: [15c49baa-33ff-4bc2-aee5-3f5fe3ed4c47:192.168.157.213:40223], old=null at 0
2019-11-16 00:32:16,042 [e7243d87-5370-48ca-b497-14b49256399d@group-F3CE24D79690-LeaderElection6] INFO  impl.RaftServerImpl (ServerState.java:setRaftConf(356)) - e7243d87-5370-48ca-b497-14b49256399d@group-F3CE24D79690: set configuration 0: [e7243d87-5370-48ca-b497-14b49256399d:192.168.157.213:41168], old=null at 0
2019-11-16 00:32:16,045 [665c23fb-f785-472d-b75e-ffede4f7a08a@group-695C2EC43DA5-LeaderElection3] INFO  impl.RaftServerImpl (ServerState.java:setRaftConf(356)) - 665c23fb-f785-472d-b75e-ffede4f7a08a@group-695C2EC43DA5: set configuration 0: [665c23fb-f785-472d-b75e-ffede4f7a08a:192.168.157.213:40679], old=null at 0
2019-11-16 00:32:16,200 [665c23fb-f785-472d-b75e-ffede4f7a08a@group-695C2EC43DA5-SegmentedRaftLogWorker] INFO  segmented.SegmentedRaftLogWorker (SegmentedRaftLogWorker.java:execute(576)) - 665c23fb-f785-472d-b75e-ffede4f7a08a@group-695C2EC43DA5-SegmentedRaftLogWorker: created new log segment /workdir/hadoop-ozone/tools/target/test-dir/MiniOzoneClusterImpl-6e51decf-9dae-44c2-a8bf-5e54805ee5ba/datanode-1/data/ratis/f945a68b-e3f3-4a87-95ee-695c2ec43da5/current/log_inprogress_0
2019-11-16 00:32:16,200 [15c49baa-33ff-4bc2-aee5-3f5fe3ed4c47@group-843151D17E2D-SegmentedRaftLogWorker] INFO  segmented.SegmentedRaftLogWorker (SegmentedRaftLogWorker.java:execute(576)) - 15c49baa-33ff-4bc2-aee5-3f5fe3ed4c47@group-843151D17E2D-SegmentedRaftLogWorker: created new log segment /workdir/hadoop-ozone/tools/target/test-dir/MiniOzoneClusterImpl-6e51decf-9dae-44c2-a8bf-5e54805ee5ba/datanode-2/data/ratis/82c8c1d7-48cb-460c-8d01-843151d17e2d/current/log_inprogress_0
2019-11-16 00:32:16,200 [e7243d87-5370-48ca-b497-14b49256399d@group-F3CE24D79690-SegmentedRaftLogWorker] INFO  segmented.SegmentedRaftLogWorker (SegmentedRaftLogWorker.java:execute(576)) - e7243d87-5370-48ca-b497-14b49256399d@group-F3CE24D79690-SegmentedRaftLogWorker: created new log segment /workdir/hadoop-ozone/tools/target/test-dir/MiniOzoneClusterImpl-6e51decf-9dae-44c2-a8bf-5e54805ee5ba/datanode-0/data/ratis/17acc9fa-b857-414a-9b5d-f3ce24d79690/current/log_inprogress_0
2019-11-16 00:32:16,380 [15c49baa-33ff-4bc2-aee5-3f5fe3ed4c47@group-F0F15963F27A-LeaderElection1] INFO  impl.LeaderElection (LeaderElection.java:logAndReturn(56)) - 15c49baa-33ff-4bc2-aee5-3f5fe3ed4c47@group-F0F15963F27A-LeaderElection1: Election REJECTED; received 2 response(s) [15c49baa-33ff-4bc2-aee5-3f5fe3ed4c47<-665c23fb-f785-472d-b75e-ffede4f7a08a#0:FAIL-t1, 15c49baa-33ff-4bc2-aee5-3f5fe3ed4c47<-e7243d87-5370-48ca-b497-14b49256399d#0:FAIL-t1] and 0 exception(s); 15c49baa-33ff-4bc2-aee5-3f5fe3ed4c47@group-F0F15963F27A:t1, leader=null, voted=15c49baa-33ff-4bc2-aee5-3f5fe3ed4c47, raftlog=15c49baa-33ff-4bc2-aee5-3f5fe3ed4c47@group-F0F15963F27A-SegmentedRaftLog:OPENED:c-1,f-1,i0, conf=-1: [665c23fb-f785-472d-b75e-ffede4f7a08a:192.168.157.213:40679, e7243d87-5370-48ca-b497-14b49256399d:192.168.157.213:41168, 15c49baa-33ff-4bc2-aee5-3f5fe3ed4c47:192.168.157.213:40223], old=null
2019-11-16 00:32:16,380 [665c23fb-f785-472d-b75e-ffede4f7a08a@group-F0F15963F27A-LeaderElection4] INFO  impl.LeaderElection (LeaderElection.java:logAndReturn(56)) - 665c23fb-f785-472d-b75e-ffede4f7a08a@group-F0F15963F27A-LeaderElection4: Election REJECTED; received 2 response(s) [665c23fb-f785-472d-b75e-ffede4f7a08a<-e7243d87-5370-48ca-b497-14b49256399d#0:FAIL-t1, 665c23fb-f785-472d-b75e-ffede4f7a08a<-15c49baa-33ff-4bc2-aee5-3f5fe3ed4c47#0:FAIL-t1] and 0 exception(s); 665c23fb-f785-472d-b75e-ffede4f7a08a@group-F0F15963F27A:t1, leader=null, voted=665c23fb-f785-472d-b75e-ffede4f7a08a, raftlog=665c23fb-f785-472d-b75e-ffede4f7a08a@group-F0F15963F27A-SegmentedRaftLog:OPENED:c-1,f-1,i0, conf=-1: [665c23fb-f785-472d-b75e-ffede4f7a08a:192.168.157.213:40679, e7243d87-5370-48ca-b497-14b49256399d:192.168.157.213:41168, 15c49baa-33ff-4bc2-aee5-3f5fe3ed4c47:192.168.157.213:40223], old=null
2019-11-16 00:32:16,380 [e7243d87-5370-48ca-b497-14b49256399d@group-F0F15963F27A-LeaderElection5] INFO  impl.LeaderElection (LeaderElection.java:logAndReturn(56)) - e7243d87-5370-48ca-b497-14b49256399d@group-F0F15963F27A-LeaderElection5: Election REJECTED; received 2 response(s) [e7243d87-5370-48ca-b497-14b49256399d<-665c23fb-f785-472d-b75e-ffede4f7a08a#0:FAIL-t1, e7243d87-5370-48ca-b497-14b49256399d<-15c49baa-33ff-4bc2-aee5-3f5fe3ed4c47#0:FAIL-t1] and 0 exception(s); e7243d87-5370-48ca-b497-14b49256399d@group-F0F15963F27A:t1, leader=null, voted=e7243d87-5370-48ca-b497-14b49256399d, raftlog=e7243d87-5370-48ca-b497-14b49256399d@group-F0F15963F27A-SegmentedRaftLog:OPENED:c-1,f-1,i0, conf=-1: [665c23fb-f785-472d-b75e-ffede4f7a08a:192.168.157.213:40679, e7243d87-5370-48ca-b497-14b49256399d:192.168.157.213:41168, 15c49baa-33ff-4bc2-aee5-3f5fe3ed4c47:192.168.157.213:40223], old=null
2019-11-16 00:32:16,382 [15c49baa-33ff-4bc2-aee5-3f5fe3ed4c47@group-F0F15963F27A-LeaderElection1] INFO  impl.RaftServerImpl (RaftServerImpl.java:setRole(173)) - 15c49baa-33ff-4bc2-aee5-3f5fe3ed4c47@group-F0F15963F27A: changes role from CANDIDATE to FOLLOWER at term 1 for DISCOVERED_A_NEW_TERM
2019-11-16 00:32:16,383 [e7243d87-5370-48ca-b497-14b49256399d@group-F0F15963F27A-LeaderElection5] INFO  impl.RaftServerImpl (RaftServerImpl.java:setRole(173)) - e7243d87-5370-48ca-b497-14b49256399d@group-F0F15963F27A: changes role from CANDIDATE to FOLLOWER at term 1 for DISCOVERED_A_NEW_TERM
2019-11-16 00:32:16,383 [665c23fb-f785-472d-b75e-ffede4f7a08a@group-F0F15963F27A-LeaderElection4] INFO  impl.RaftServerImpl (RaftServerImpl.java:setRole(173)) - 665c23fb-f785-472d-b75e-ffede4f7a08a@group-F0F15963F27A: changes role from CANDIDATE to FOLLOWER at term 1 for DISCOVERED_A_NEW_TERM
2019-11-16 00:32:16,383 [e7243d87-5370-48ca-b497-14b49256399d@group-F0F15963F27A-LeaderElection5] INFO  impl.RoleInfo (RoleInfo.java:shutdownLeaderElection(134)) - e7243d87-5370-48ca-b497-14b49256399d: shutdown LeaderElection
2019-11-16 00:32:16,383 [15c49baa-33ff-4bc2-aee5-3f5fe3ed4c47@group-F0F15963F27A-LeaderElection1] INFO  impl.RoleInfo (RoleInfo.java:shutdownLeaderElection(134)) - 15c49baa-33ff-4bc2-aee5-3f5fe3ed4c47: shutdown LeaderElection
2019-11-16 00:32:16,384 [665c23fb-f785-472d-b75e-ffede4f7a08a@group-F0F15963F27A-LeaderElection4] INFO  impl.RoleInfo (RoleInfo.java:shutdownLeaderElection(134)) - 665c23fb-f785-472d-b75e-ffede4f7a08a: shutdown LeaderElection
2019-11-16 00:32:16,384 [15c49baa-33ff-4bc2-aee5-3f5fe3ed4c47@group-F0F15963F27A-LeaderElection1] INFO  impl.RoleInfo (RoleInfo.java:updateAndGet(143)) - 15c49baa-33ff-4bc2-aee5-3f5fe3ed4c47: start FollowerState
2019-11-16 00:32:16,384 [e7243d87-5370-48ca-b497-14b49256399d@group-F0F15963F27A-LeaderElection5] INFO  impl.RoleInfo (RoleInfo.java:updateAndGet(143)) - e7243d87-5370-48ca-b497-14b49256399d: start FollowerState
2019-11-16 00:32:16,384 [665c23fb-f785-472d-b75e-ffede4f7a08a@group-F0F15963F27A-LeaderElection4] INFO  impl.RoleInfo (RoleInfo.java:updateAndGet(143)) - 665c23fb-f785-472d-b75e-ffede4f7a08a: start FollowerState
2019-11-16 00:32:16,741 [main] INFO  ozone.MiniOzoneClusterImpl (MiniOzoneClusterImpl.java:lambda$waitForClusterToBeReady$0(150)) - Nodes are ready. Got 3 of 3 DN Heartbeats.
2019-11-16 00:32:16,741 [main] INFO  ozone.MiniOzoneClusterImpl (MiniOzoneClusterImpl.java:lambda$waitForClusterToBeReady$0(153)) - Waiting for cluster to exit safe mode
2019-11-16 00:32:17,741 [main] INFO  ozone.MiniOzoneClusterImpl (MiniOzoneClusterImpl.java:lambda$waitForClusterToBeReady$0(150)) - Nodes are ready. Got 3 of 3 DN Heartbeats.
2019-11-16 00:32:17,742 [main] INFO  ozone.MiniOzoneClusterImpl (MiniOzoneClusterImpl.java:lambda$waitForClusterToBeReady$0(153)) - Waiting for cluster to exit safe mode
2019-11-16 00:32:18,742 [main] INFO  ozone.MiniOzoneClusterImpl (MiniOzoneClusterImpl.java:lambda$waitForClusterToBeReady$0(150)) - Nodes are ready. Got 3 of 3 DN Heartbeats.
2019-11-16 00:32:18,742 [main] INFO  ozone.MiniOzoneClusterImpl (MiniOzoneClusterImpl.java:lambda$waitForClusterToBeReady$0(153)) - Waiting for cluster to exit safe mode
2019-11-16 00:32:19,743 [main] INFO  ozone.MiniOzoneClusterImpl (MiniOzoneClusterImpl.java:lambda$waitForClusterToBeReady$0(150)) - Nodes are ready. Got 3 of 3 DN Heartbeats.
2019-11-16 00:32:19,743 [main] INFO  ozone.MiniOzoneClusterImpl (MiniOzoneClusterImpl.java:lambda$waitForClusterToBeReady$0(153)) - Waiting for cluster to exit safe mode
2019-11-16 00:32:20,743 [main] INFO  ozone.MiniOzoneClusterImpl (MiniOzoneClusterImpl.java:lambda$waitForClusterToBeReady$0(150)) - Nodes are ready. Got 3 of 3 DN Heartbeats.
2019-11-16 00:32:20,743 [main] INFO  ozone.MiniOzoneClusterImpl (MiniOzoneClusterImpl.java:lambda$waitForClusterToBeReady$0(153)) - Waiting for cluster to exit safe mode
2019-11-16 00:32:21,405 [Thread-208] INFO  impl.FollowerState (FollowerState.java:run(111)) - 15c49baa-33ff-4bc2-aee5-3f5fe3ed4c47@group-F0F15963F27A-FollowerState: change to CANDIDATE, lastRpcTime:5020ms, electionTimeout:5019ms
2019-11-16 00:32:21,405 [Thread-208] INFO  impl.RoleInfo (RoleInfo.java:shutdownFollowerState(121)) - 15c49baa-33ff-4bc2-aee5-3f5fe3ed4c47: shutdown FollowerState
2019-11-16 00:32:21,405 [Thread-208] INFO  impl.RaftServerImpl (RaftServerImpl.java:setRole(173)) - 15c49baa-33ff-4bc2-aee5-3f5fe3ed4c47@group-F0F15963F27A: changes role from  FOLLOWER to CANDIDATE at term 1 for changeToCandidate
2019-11-16 00:32:21,405 [Thread-208] INFO  impl.RoleInfo (RoleInfo.java:updateAndGet(143)) - 15c49baa-33ff-4bc2-aee5-3f5fe3ed4c47: start LeaderElection
2019-11-16 00:32:21,431 [15c49baa-33ff-4bc2-aee5-3f5fe3ed4c47@group-F0F15963F27A-LeaderElection7] INFO  impl.LeaderElection (LeaderElection.java:askForVotes(178)) - 15c49baa-33ff-4bc2-aee5-3f5fe3ed4c47@group-F0F15963F27A-LeaderElection7: begin an election at term 2 for -1: [665c23fb-f785-472d-b75e-ffede4f7a08a:192.168.157.213:40679, e7243d87-5370-48ca-b497-14b49256399d:192.168.157.213:41168, 15c49baa-33ff-4bc2-aee5-3f5fe3ed4c47:192.168.157.213:40223], old=null
2019-11-16 00:32:21,439 [grpc-default-executor-3] INFO  impl.RaftServerImpl (RaftServerImpl.java:setRole(173)) - 665c23fb-f785-472d-b75e-ffede4f7a08a@group-F0F15963F27A: changes role from  FOLLOWER to FOLLOWER at term 2 for recognizeCandidate:15c49baa-33ff-4bc2-aee5-3f5fe3ed4c47
2019-11-16 00:32:21,439 [grpc-default-executor-3] INFO  impl.RoleInfo (RoleInfo.java:shutdownFollowerState(121)) - 665c23fb-f785-472d-b75e-ffede4f7a08a: shutdown FollowerState
2019-11-16 00:32:21,439 [grpc-default-executor-1] INFO  impl.RaftServerImpl (RaftServerImpl.java:setRole(173)) - e7243d87-5370-48ca-b497-14b49256399d@group-F0F15963F27A: changes role from  FOLLOWER to FOLLOWER at term 2 for recognizeCandidate:15c49baa-33ff-4bc2-aee5-3f5fe3ed4c47
2019-11-16 00:32:21,439 [Thread-209] INFO  impl.FollowerState (FollowerState.java:run(120)) - 665c23fb-f785-472d-b75e-ffede4f7a08a@group-F0F15963F27A-FollowerState was interrupted: java.lang.InterruptedException: sleep interrupted
2019-11-16 00:32:21,439 [grpc-default-executor-3] INFO  impl.RoleInfo (RoleInfo.java:updateAndGet(143)) - 665c23fb-f785-472d-b75e-ffede4f7a08a: start FollowerState
2019-11-16 00:32:21,439 [grpc-default-executor-1] INFO  impl.RoleInfo (RoleInfo.java:shutdownFollowerState(121)) - e7243d87-5370-48ca-b497-14b49256399d: shutdown FollowerState
2019-11-16 00:32:21,441 [Thread-207] INFO  impl.FollowerState (FollowerState.java:run(120)) - e7243d87-5370-48ca-b497-14b49256399d@group-F0F15963F27A-FollowerState was interrupted: java.lang.InterruptedException: sleep interrupted
2019-11-16 00:32:21,441 [grpc-default-executor-1] INFO  impl.RoleInfo (RoleInfo.java:updateAndGet(143)) - e7243d87-5370-48ca-b497-14b49256399d: start FollowerState
2019-11-16 00:32:21,473 [15c49baa-33ff-4bc2-aee5-3f5fe3ed4c47@group-F0F15963F27A-LeaderElection7] INFO  impl.LeaderElection (LeaderElection.java:logAndReturn(56)) - 15c49baa-33ff-4bc2-aee5-3f5fe3ed4c47@group-F0F15963F27A-LeaderElection7: Election PASSED; received 1 response(s) [15c49baa-33ff-4bc2-aee5-3f5fe3ed4c47<-665c23fb-f785-472d-b75e-ffede4f7a08a#0:OK-t2] and 0 exception(s); 15c49baa-33ff-4bc2-aee5-3f5fe3ed4c47@group-F0F15963F27A:t2, leader=null, voted=15c49baa-33ff-4bc2-aee5-3f5fe3ed4c47, raftlog=15c49baa-33ff-4bc2-aee5-3f5fe3ed4c47@group-F0F15963F27A-SegmentedRaftLog:OPENED:c-1,f-1,i0, conf=-1: [665c23fb-f785-472d-b75e-ffede4f7a08a:192.168.157.213:40679, e7243d87-5370-48ca-b497-14b49256399d:192.168.157.213:41168, 15c49baa-33ff-4bc2-aee5-3f5fe3ed4c47:192.168.157.213:40223], old=null
2019-11-16 00:32:21,473 [15c49baa-33ff-4bc2-aee5-3f5fe3ed4c47@group-F0F15963F27A-LeaderElection7] INFO  impl.RoleInfo (RoleInfo.java:shutdownLeaderElection(134)) - 15c49baa-33ff-4bc2-aee5-3f5fe3ed4c47: shutdown LeaderElection
2019-11-16 00:32:21,474 [15c49baa-33ff-4bc2-aee5-3f5fe3ed4c47@group-F0F15963F27A-LeaderElection7] INFO  impl.RaftServerImpl (RaftServerImpl.java:setRole(173)) - 15c49baa-33ff-4bc2-aee5-3f5fe3ed4c47@group-F0F15963F27A: changes role from CANDIDATE to LEADER at term 2 for changeToLeader
2019-11-16 00:32:21,474 [15c49baa-33ff-4bc2-aee5-3f5fe3ed4c47@group-F0F15963F27A-LeaderElection7] INFO  ratis.XceiverServerRatis (XceiverServerRatis.java:handleLeaderChangedNotification(733)) - Leader change notification received for group: group-F0F15963F27A with new leaderId: 15c49baa-33ff-4bc2-aee5-3f5fe3ed4c47
2019-11-16 00:32:21,475 [15c49baa-33ff-4bc2-aee5-3f5fe3ed4c47@group-F0F15963F27A-LeaderElection7] INFO  impl.RaftServerImpl (ServerState.java:setLeader(255)) - 15c49baa-33ff-4bc2-aee5-3f5fe3ed4c47@group-F0F15963F27A: change Leader from null to 15c49baa-33ff-4bc2-aee5-3f5fe3ed4c47 at term 2 for becomeLeader, leader elected after 10565ms
2019-11-16 00:32:21,475 [15c49baa-33ff-4bc2-aee5-3f5fe3ed4c47@group-F0F15963F27A-LeaderElection7] INFO  server.RaftServerConfigKeys (ConfUtils.java:logGet(43)) - raft.server.staging.catchup.gap = 1000 (default)
2019-11-16 00:32:21,475 [15c49baa-33ff-4bc2-aee5-3f5fe3ed4c47@group-F0F15963F27A-LeaderElection7] INFO  server.RaftServerConfigKeys (ConfUtils.java:logGet(43)) - raft.server.rpc.sleep.time = 25ms (default)
2019-11-16 00:32:21,475 [15c49baa-33ff-4bc2-aee5-3f5fe3ed4c47@group-F0F15963F27A-LeaderElection7] INFO  server.RaftServerConfigKeys (ConfUtils.java:logGet(43)) - raft.server.write.element-limit = 4096 (default)
2019-11-16 00:32:21,475 [15c49baa-33ff-4bc2-aee5-3f5fe3ed4c47@group-F0F15963F27A-LeaderElection7] INFO  server.RaftServerConfigKeys (ConfUtils.java:logGet(43)) - raft.server.watch.timeout = 10s (default)
2019-11-16 00:32:21,475 [15c49baa-33ff-4bc2-aee5-3f5fe3ed4c47@group-F0F15963F27A-LeaderElection7] INFO  server.RaftServerConfigKeys (ConfUtils.java:logGet(43)) - raft.server.watch.timeout.denomination = 1s (default)
2019-11-16 00:32:21,476 [15c49baa-33ff-4bc2-aee5-3f5fe3ed4c47@group-F0F15963F27A-LeaderElection7] INFO  server.RaftServerConfigKeys (ConfUtils.java:logGet(43)) - raft.server.watch.element-limit = 65536 (default)
2019-11-16 00:32:21,476 [EventQueue-PipelineReportForPipelineReportHandler] INFO  pipeline.PipelineReportHandler (PipelineReportHandler.java:processPipelineReport(113)) - Pipeline THREE PipelineID=ba0b4dcb-5ed7-4168-8c6c-f0f15963f27a reported by 15c49baa-33ff-4bc2-aee5-3f5fe3ed4c47{ip: 192.168.157.213, host: pr-hdds-2405-pxz29-3682914721, networkLocation: /default-rack, certSerialId: null}
2019-11-16 00:32:21,477 [EventQueue-PipelineReportForPipelineReportHandler] INFO  pipeline.PipelineStateManager (PipelineStateManager.java:openPipeline(132)) - Pipeline Pipeline[ Id: ba0b4dcb-5ed7-4168-8c6c-f0f15963f27a, Nodes: e7243d87-5370-48ca-b497-14b49256399d{ip: 192.168.157.213, host: pr-hdds-2405-pxz29-3682914721, networkLocation: /default-rack, certSerialId: null}665c23fb-f785-472d-b75e-ffede4f7a08a{ip: 192.168.157.213, host: pr-hdds-2405-pxz29-3682914721, networkLocation: /default-rack, certSerialId: null}15c49baa-33ff-4bc2-aee5-3f5fe3ed4c47{ip: 192.168.157.213, host: pr-hdds-2405-pxz29-3682914721, networkLocation: /default-rack, certSerialId: null}, Type:RATIS, Factor:THREE, State:ALLOCATED] moved to OPEN state
2019-11-16 00:32:21,477 [EventQueue-OpenPipelineForOneReplicaPipelineSafeModeRule] INFO  safemode.SCMSafeModeManager (SCMSafeModeManager.java:validateSafeModeExitRules(176)) - AtleastOneDatanodeReportedRule rule is successfully validated
2019-11-16 00:32:21,477 [EventQueue-OpenPipelineForHealthyPipelineSafeModeRule] INFO  safemode.SCMSafeModeManager (HealthyPipelineSafeModeRule.java:process(132)) - SCM in safe mode. Healthy pipelines reported count is 1, required healthy pipeline reported count is 1
2019-11-16 00:32:21,478 [EventQueue-OpenPipelineForHealthyPipelineSafeModeRule] INFO  safemode.SCMSafeModeManager (SCMSafeModeManager.java:validateSafeModeExitRules(176)) - HealthyPipelineSafeModeRule rule is successfully validated
2019-11-16 00:32:21,478 [EventQueue-OpenPipelineForHealthyPipelineSafeModeRule] INFO  safemode.SCMSafeModeManager (SCMSafeModeManager.java:validateSafeModeExitRules(185)) - ScmSafeModeManager, all rules are successfully validated
2019-11-16 00:32:21,479 [EventQueue-OpenPipelineForHealthyPipelineSafeModeRule] INFO  safemode.SCMSafeModeManager (SCMSafeModeManager.java:exitSafeMode(201)) - SCM exiting safe mode.
2019-11-16 00:32:21,481 [15c49baa-33ff-4bc2-aee5-3f5fe3ed4c47@group-F0F15963F27A-LeaderElection7] INFO  server.RaftServerConfigKeys (ConfUtils.java:logGet(43)) - raft.server.log.appender.snapshot.chunk.size.max = 16MB (=16777216) (default)
2019-11-16 00:32:21,481 [15c49baa-33ff-4bc2-aee5-3f5fe3ed4c47@group-F0F15963F27A-LeaderElection7] INFO  server.RaftServerConfigKeys (ConfUtils.java:logGet(43)) - raft.server.log.appender.buffer.byte-limit = 33554432 (custom)
2019-11-16 00:32:21,482 [15c49baa-33ff-4bc2-aee5-3f5fe3ed4c47@group-F0F15963F27A-LeaderElection7] INFO  server.RaftServerConfigKeys (ConfUtils.java:logGet(43)) - raft.server.log.appender.buffer.element-limit = 1 (custom)
2019-11-16 00:32:21,486 [15c49baa-33ff-4bc2-aee5-3f5fe3ed4c47@group-F0F15963F27A-LeaderElection7] INFO  grpc.GrpcConfigKeys$Server (ConfUtils.java:logGet(43)) - raft.grpc.server.leader.outstanding.appends.max = 128 (default)
2019-11-16 00:32:21,486 [15c49baa-33ff-4bc2-aee5-3f5fe3ed4c47@group-F0F15963F27A-LeaderElection7] INFO  server.RaftServerConfigKeys (ConfUtils.java:logGet(43)) - raft.server.rpc.request.timeout = 3000ms (default)
2019-11-16 00:32:21,487 [15c49baa-33ff-4bc2-aee5-3f5fe3ed4c47@group-F0F15963F27A-LeaderElection7] INFO  server.RaftServerConfigKeys (ConfUtils.java:logGet(43)) - raft.server.log.appender.install.snapshot.enabled = false (custom)
2019-11-16 00:32:21,488 [15c49baa-33ff-4bc2-aee5-3f5fe3ed4c47@group-F0F15963F27A-LeaderElection7] WARN  impl.MetricRegistriesImpl (MetricRegistriesImpl.java:lambda$create$1(61)) - First MetricRegistry has been created without registering reporters. You may need to call MetricRegistries.global().addReportRegistration(...) before.
2019-11-16 00:32:21,489 [15c49baa-33ff-4bc2-aee5-3f5fe3ed4c47@group-F0F15963F27A-LeaderElection7] INFO  server.RaftServerConfigKeys (ConfUtils.java:logGet(43)) - raft.server.log.appender.snapshot.chunk.size.max = 16MB (=16777216) (default)
2019-11-16 00:32:21,489 [15c49baa-33ff-4bc2-aee5-3f5fe3ed4c47@group-F0F15963F27A-LeaderElection7] INFO  server.RaftServerConfigKeys (ConfUtils.java:logGet(43)) - raft.server.log.appender.buffer.byte-limit = 33554432 (custom)
2019-11-16 00:32:21,490 [15c49baa-33ff-4bc2-aee5-3f5fe3ed4c47@group-F0F15963F27A-LeaderElection7] INFO  server.RaftServerConfigKeys (ConfUtils.java:logGet(43)) - raft.server.log.appender.buffer.element-limit = 1 (custom)
2019-11-16 00:32:21,490 [15c49baa-33ff-4bc2-aee5-3f5fe3ed4c47@group-F0F15963F27A-LeaderElection7] INFO  grpc.GrpcConfigKeys$Server (ConfUtils.java:logGet(43)) - raft.grpc.server.leader.outstanding.appends.max = 128 (default)
2019-11-16 00:32:21,490 [15c49baa-33ff-4bc2-aee5-3f5fe3ed4c47@group-F0F15963F27A-LeaderElection7] INFO  server.RaftServerConfigKeys (ConfUtils.java:logGet(43)) - raft.server.rpc.request.timeout = 3000ms (default)
2019-11-16 00:32:21,490 [15c49baa-33ff-4bc2-aee5-3f5fe3ed4c47@group-F0F15963F27A-LeaderElection7] INFO  server.RaftServerConfigKeys (ConfUtils.java:logGet(43)) - raft.server.log.appender.install.snapshot.enabled = false (custom)
2019-11-16 00:32:21,494 [15c49baa-33ff-4bc2-aee5-3f5fe3ed4c47@group-F0F15963F27A-LeaderElection7] INFO  impl.RoleInfo (RoleInfo.java:updateAndGet(143)) - 15c49baa-33ff-4bc2-aee5-3f5fe3ed4c47: start LeaderState
2019-11-16 00:32:21,494 [15c49baa-33ff-4bc2-aee5-3f5fe3ed4c47@group-F0F15963F27A-LeaderElection7] INFO  segmented.SegmentedRaftLogWorker (SegmentedRaftLogWorker.java:startLogSegment(385)) - 15c49baa-33ff-4bc2-aee5-3f5fe3ed4c47@group-F0F15963F27A-SegmentedRaftLogWorker: Starting segment from index:0
2019-11-16 00:32:21,495 [15c49baa-33ff-4bc2-aee5-3f5fe3ed4c47@group-F0F15963F27A-LeaderElection7] INFO  impl.RaftServerImpl (ServerState.java:setRaftConf(356)) - 15c49baa-33ff-4bc2-aee5-3f5fe3ed4c47@group-F0F15963F27A: set configuration 0: [665c23fb-f785-472d-b75e-ffede4f7a08a:192.168.157.213:40679, e7243d87-5370-48ca-b497-14b49256399d:192.168.157.213:41168, 15c49baa-33ff-4bc2-aee5-3f5fe3ed4c47:192.168.157.213:40223], old=null at 0
2019-11-16 00:32:21,544 [15c49baa-33ff-4bc2-aee5-3f5fe3ed4c47@group-F0F15963F27A-SegmentedRaftLogWorker] INFO  segmented.SegmentedRaftLogWorker (SegmentedRaftLogWorker.java:execute(576)) - 15c49baa-33ff-4bc2-aee5-3f5fe3ed4c47@group-F0F15963F27A-SegmentedRaftLogWorker: created new log segment /workdir/hadoop-ozone/tools/target/test-dir/MiniOzoneClusterImpl-6e51decf-9dae-44c2-a8bf-5e54805ee5ba/datanode-2/data/ratis/ba0b4dcb-5ed7-4168-8c6c-f0f15963f27a/current/log_inprogress_0
2019-11-16 00:32:21,546 [grpc-default-executor-3] INFO  ratis.XceiverServerRatis (XceiverServerRatis.java:handleLeaderChangedNotification(733)) - Leader change notification received for group: group-F0F15963F27A with new leaderId: 15c49baa-33ff-4bc2-aee5-3f5fe3ed4c47
2019-11-16 00:32:21,547 [grpc-default-executor-1] INFO  ratis.XceiverServerRatis (XceiverServerRatis.java:handleLeaderChangedNotification(733)) - Leader change notification received for group: group-F0F15963F27A with new leaderId: 15c49baa-33ff-4bc2-aee5-3f5fe3ed4c47
2019-11-16 00:32:21,547 [grpc-default-executor-3] INFO  impl.RaftServerImpl (ServerState.java:setLeader(255)) - e7243d87-5370-48ca-b497-14b49256399d@group-F0F15963F27A: change Leader from null to 15c49baa-33ff-4bc2-aee5-3f5fe3ed4c47 at term 2 for appendEntries, leader elected after 10638ms
2019-11-16 00:32:21,547 [grpc-default-executor-1] INFO  impl.RaftServerImpl (ServerState.java:setLeader(255)) - 665c23fb-f785-472d-b75e-ffede4f7a08a@group-F0F15963F27A: change Leader from null to 15c49baa-33ff-4bc2-aee5-3f5fe3ed4c47 at term 2 for appendEntries, leader elected after 10638ms
2019-11-16 00:32:21,575 [grpc-default-executor-3] INFO  impl.RaftServerImpl (ServerState.java:setRaftConf(356)) - e7243d87-5370-48ca-b497-14b49256399d@group-F0F15963F27A: set configuration 0: [665c23fb-f785-472d-b75e-ffede4f7a08a:192.168.157.213:40679, e7243d87-5370-48ca-b497-14b49256399d:192.168.157.213:41168, 15c49baa-33ff-4bc2-aee5-3f5fe3ed4c47:192.168.157.213:40223], old=null at 0
2019-11-16 00:32:21,575 [grpc-default-executor-1] INFO  impl.RaftServerImpl (ServerState.java:setRaftConf(356)) - 665c23fb-f785-472d-b75e-ffede4f7a08a@group-F0F15963F27A: set configuration 0: [665c23fb-f785-472d-b75e-ffede4f7a08a:192.168.157.213:40679, e7243d87-5370-48ca-b497-14b49256399d:192.168.157.213:41168, 15c49baa-33ff-4bc2-aee5-3f5fe3ed4c47:192.168.157.213:40223], old=null at 0
2019-11-16 00:32:21,575 [grpc-default-executor-3] INFO  segmented.SegmentedRaftLogWorker (SegmentedRaftLogWorker.java:startLogSegment(385)) - e7243d87-5370-48ca-b497-14b49256399d@group-F0F15963F27A-SegmentedRaftLogWorker: Starting segment from index:0
2019-11-16 00:32:21,575 [grpc-default-executor-1] INFO  segmented.SegmentedRaftLogWorker (SegmentedRaftLogWorker.java:startLogSegment(385)) - 665c23fb-f785-472d-b75e-ffede4f7a08a@group-F0F15963F27A-SegmentedRaftLogWorker: Starting segment from index:0
2019-11-16 00:32:21,628 [e7243d87-5370-48ca-b497-14b49256399d@group-F0F15963F27A-SegmentedRaftLogWorker] INFO  segmented.SegmentedRaftLogWorker (SegmentedRaftLogWorker.java:execute(576)) - e7243d87-5370-48ca-b497-14b49256399d@group-F0F15963F27A-SegmentedRaftLogWorker: created new log segment /workdir/hadoop-ozone/tools/target/test-dir/MiniOzoneClusterImpl-6e51decf-9dae-44c2-a8bf-5e54805ee5ba/datanode-0/data/ratis/ba0b4dcb-5ed7-4168-8c6c-f0f15963f27a/current/log_inprogress_0
2019-11-16 00:32:21,628 [665c23fb-f785-472d-b75e-ffede4f7a08a@group-F0F15963F27A-SegmentedRaftLogWorker] INFO  segmented.SegmentedRaftLogWorker (SegmentedRaftLogWorker.java:execute(576)) - 665c23fb-f785-472d-b75e-ffede4f7a08a@group-F0F15963F27A-SegmentedRaftLogWorker: created new log segment /workdir/hadoop-ozone/tools/target/test-dir/MiniOzoneClusterImpl-6e51decf-9dae-44c2-a8bf-5e54805ee5ba/datanode-1/data/ratis/ba0b4dcb-5ed7-4168-8c6c-f0f15963f27a/current/log_inprogress_0
2019-11-16 00:32:21,748 [main] INFO  ozone.MiniOzoneClusterImpl (MiniOzoneClusterImpl.java:lambda$waitForClusterToBeReady$0(150)) - Nodes are ready. Got 3 of 3 DN Heartbeats.
2019-11-16 00:32:21,748 [main] INFO  ozone.MiniOzoneClusterImpl (MiniOzoneClusterImpl.java:lambda$waitForClusterToBeReady$0(153)) - Cluster exits safe mode
2019-11-16 00:32:22,568 [main] INFO  freon.RandomKeyGenerator (RandomKeyGenerator.java:call(283)) - Number of Threads: 10
2019-11-16 00:32:22,569 [main] INFO  freon.RandomKeyGenerator (RandomKeyGenerator.java:call(288)) - Number of Volumes: 1.
2019-11-16 00:32:22,569 [main] INFO  freon.RandomKeyGenerator (RandomKeyGenerator.java:call(289)) - Number of Buckets per Volume: 1.
2019-11-16 00:32:22,569 [main] INFO  freon.RandomKeyGenerator (RandomKeyGenerator.java:call(290)) - Number of Keys per Bucket: 1.
2019-11-16 00:32:22,569 [main] INFO  freon.RandomKeyGenerator (RandomKeyGenerator.java:call(291)) - Key size: 20971520 bytes
2019-11-16 00:32:22,569 [main] INFO  freon.RandomKeyGenerator (RandomKeyGenerator.java:call(292)) - Buffer size: 4096 bytes
2019-11-16 00:32:22,569 [main] INFO  freon.RandomKeyGenerator (RandomKeyGenerator.java:call(293)) - validateWrites : true
2019-11-16 00:32:22,574 [main] INFO  freon.RandomKeyGenerator (RandomKeyGenerator.java:call(307)) - Data validation is enabled.
2019-11-16 00:32:22,575 [main] INFO  freon.RandomKeyGenerator (RandomKeyGenerator.java:call(313)) - Starting progress bar Thread.

 0.00% |?                                                                                                    |  0/1 Time: 0:00:002019-11-16 00:32:22,601 [pool-53-thread-1] INFO  rpc.RpcClient (RpcClient.java:createVolume(292)) - Creating Volume: vol-0-12077, with jenkins1000 as owner.
2019-11-16 00:32:22,652 [IPC Server handler 0 on 33858] INFO  volume.OMVolumeCreateRequest (OMVolumeCreateRequest.java:validateAndUpdateCache(193)) - created volume:vol-0-12077 for user:jenkins1000
2019-11-16 00:32:22,696 [pool-53-thread-2] INFO  rpc.RpcClient (RpcClient.java:createBucket(431)) - Creating Bucket: vol-0-12077/bucket-0-96284, with Versioning false and Storage Type set to DISK and Encryption set to false 
2019-11-16 00:32:22,854 [pool-53-thread-3] INFO  impl.MetricsSystemImpl (MetricsSystemImpl.java:init(158)) - XceiverClientMetrics metrics system started (again)
 0.00% |?                                                                                                    |  0/1 Time: 0:00:012019-11-16 00:32:24,484 [Thread-217] INFO  container.ReplicationManager (ReplicationManager.java:start(162)) - Starting Replication Monitor Thread.
2019-11-16 00:32:24,486 [ReplicationMonitor] INFO  container.ReplicationManager (ReplicationManager.java:run(225)) - Replication Monitor Thread took 1 milliseconds for processing 3 containers.
 0.00% |?                                                                                                    |  0/1 Time: 0:00:02 100.00% |?????????????????????????????????????????????????????????????????????????????????????????????????????|  1/1 Time: 0:00:03
2019-11-16 00:32:30,388 [main] INFO  pipeline.SCMPipelineManager (SCMPipelineManager.java:finalizeAndDestroyPipeline(333)) - destroying pipeline:Pipeline[ Id: ba0b4dcb-5ed7-4168-8c6c-f0f15963f27a, Nodes: e7243d87-5370-48ca-b497-14b49256399d{ip: 192.168.157.213, host: pr-hdds-2405-pxz29-3682914721, networkLocation: /default-rack, certSerialId: null}665c23fb-f785-472d-b75e-ffede4f7a08a{ip: 192.168.157.213, host: pr-hdds-2405-pxz29-3682914721, networkLocation: /default-rack, certSerialId: null}15c49baa-33ff-4bc2-aee5-3f5fe3ed4c47{ip: 192.168.157.213, host: pr-hdds-2405-pxz29-3682914721, networkLocation: /default-rack, certSerialId: null}, Type:RATIS, Factor:THREE, State:OPEN]
2019-11-16 00:32:30,388 [main] INFO  pipeline.PipelineStateManager (PipelineStateManager.java:finalizePipeline(121)) - Pipeline Pipeline[ Id: ba0b4dcb-5ed7-4168-8c6c-f0f15963f27a, Nodes: e7243d87-5370-48ca-b497-14b49256399d{ip: 192.168.157.213, host: pr-hdds-2405-pxz29-3682914721, networkLocation: /default-rack, certSerialId: null}665c23fb-f785-472d-b75e-ffede4f7a08a{ip: 192.168.157.213, host: pr-hdds-2405-pxz29-3682914721, networkLocation: /default-rack, certSerialId: null}15c49baa-33ff-4bc2-aee5-3f5fe3ed4c47{ip: 192.168.157.213, host: pr-hdds-2405-pxz29-3682914721, networkLocation: /default-rack, certSerialId: null}, Type:RATIS, Factor:THREE, State:CLOSED] moved to CLOSED state
2019-11-16 00:32:30,389 [EventQueue-CloseContainerForCloseContainerEventHandler] INFO  container.CloseContainerEventHandler (CloseContainerEventHandler.java:onMessage(61)) - Close container Event triggered for container : #1
2019-11-16 00:32:30,391 [main] INFO  pipeline.RatisPipelineProvider (RatisPipelineProvider.java:lambda$close$5(207)) - Send pipeline:PipelineID=ba0b4dcb-5ed7-4168-8c6c-f0f15963f27a close command to datanode e7243d87-5370-48ca-b497-14b49256399d
2019-11-16 00:32:30,392 [main] INFO  pipeline.RatisPipelineProvider (RatisPipelineProvider.java:lambda$close$5(207)) - Send pipeline:PipelineID=ba0b4dcb-5ed7-4168-8c6c-f0f15963f27a close command to datanode 665c23fb-f785-472d-b75e-ffede4f7a08a
2019-11-16 00:32:30,392 [main] INFO  pipeline.RatisPipelineProvider (RatisPipelineProvider.java:lambda$close$5(207)) - Send pipeline:PipelineID=ba0b4dcb-5ed7-4168-8c6c-f0f15963f27a close command to datanode 15c49baa-33ff-4bc2-aee5-3f5fe3ed4c47
2019-11-16 00:32:30,393 [main] INFO  pipeline.PipelineStateManager (PipelineStateManager.java:removePipeline(106)) - Pipeline Pipeline[ Id: ba0b4dcb-5ed7-4168-8c6c-f0f15963f27a, Nodes: e7243d87-5370-48ca-b497-14b49256399d{ip: 192.168.157.213, host: pr-hdds-2405-pxz29-3682914721, networkLocation: /default-rack, certSerialId: null}665c23fb-f785-472d-b75e-ffede4f7a08a{ip: 192.168.157.213, host: pr-hdds-2405-pxz29-3682914721, networkLocation: /default-rack, certSerialId: null}15c49baa-33ff-4bc2-aee5-3f5fe3ed4c47{ip: 192.168.157.213, host: pr-hdds-2405-pxz29-3682914721, networkLocation: /default-rack, certSerialId: null}, Type:RATIS, Factor:THREE, State:CLOSED] removed from db
2019-11-16 00:32:30,395 [EventQueue-CloseContainerForCloseContainerEventHandler] INFO  container.CloseContainerEventHandler (CloseContainerEventHandler.java:onMessage(61)) - Close container Event triggered for container : #2
2019-11-16 00:32:30,396 [RatisPipelineUtilsThread] INFO  pipeline.RatisPipelineProvider (RatisPipelineProvider.java:lambda$create$4(163)) - Send pipeline:PipelineID=79de2ab8-cf59-405e-8499-a9f4def02dab create command to datanode e7243d87-5370-48ca-b497-14b49256399d
2019-11-16 00:32:30,397 [RatisPipelineUtilsThread] INFO  pipeline.RatisPipelineProvider (RatisPipelineProvider.java:lambda$create$4(163)) - Send pipeline:PipelineID=79de2ab8-cf59-405e-8499-a9f4def02dab create command to datanode 665c23fb-f785-472d-b75e-ffede4f7a08a
2019-11-16 00:32:30,397 [RatisPipelineUtilsThread] INFO  pipeline.RatisPipelineProvider (RatisPipelineProvider.java:lambda$create$4(163)) - Send pipeline:PipelineID=79de2ab8-cf59-405e-8499-a9f4def02dab create command to datanode 15c49baa-33ff-4bc2-aee5-3f5fe3ed4c47
2019-11-16 00:32:30,398 [RatisPipelineUtilsThread] INFO  pipeline.PipelineStateManager (PipelineStateManager.java:addPipeline(55)) - Created pipeline Pipeline[ Id: 79de2ab8-cf59-405e-8499-a9f4def02dab, Nodes: e7243d87-5370-48ca-b497-14b49256399d{ip: 192.168.157.213, host: pr-hdds-2405-pxz29-3682914721, networkLocation: /default-rack, certSerialId: null}665c23fb-f785-472d-b75e-ffede4f7a08a{ip: 192.168.157.213, host: pr-hdds-2405-pxz29-3682914721, networkLocation: /default-rack, certSerialId: null}15c49baa-33ff-4bc2-aee5-3f5fe3ed4c47{ip: 192.168.157.213, host: pr-hdds-2405-pxz29-3682914721, networkLocation: /default-rack, certSerialId: null}, Type:RATIS, Factor:THREE, State:ALLOCATED]
2019-11-16 00:32:30,400 [EventQueue-CloseContainerForCloseContainerEventHandler] ERROR container.CloseContainerEventHandler (CloseContainerEventHandler.java:onMessage(89)) - Failed to close the container #2.
org.apache.hadoop.hdds.scm.pipeline.PipelineNotFoundException: PipelineID=ba0b4dcb-5ed7-4168-8c6c-f0f15963f27a not found
	at org.apache.hadoop.hdds.scm.pipeline.PipelineStateMap.removeContainerFromPipeline(PipelineStateMap.java:351)
	at org.apache.hadoop.hdds.scm.pipeline.PipelineStateManager.removeContainerFromPipeline(PipelineStateManager.java:112)
	at org.apache.hadoop.hdds.scm.pipeline.SCMPipelineManager.removeContainerFromPipeline(SCMPipelineManager.java:286)
	at org.apache.hadoop.hdds.scm.container.SCMContainerManager.updateContainerState(SCMContainerManager.java:331)
	at org.apache.hadoop.hdds.scm.container.CloseContainerEventHandler.onMessage(CloseContainerEventHandler.java:66)
	at org.apache.hadoop.hdds.scm.container.CloseContainerEventHandler.onMessage(CloseContainerEventHandler.java:45)
	at org.apache.hadoop.hdds.server.events.SingleThreadExecutor.lambda$onMessage$1(SingleThreadExecutor.java:85)
	at java.util.concurrent.ThreadPoolExecutor.runWorker(ThreadPoolExecutor.java:1149)
	at java.util.concurrent.ThreadPoolExecutor$Worker.run(ThreadPoolExecutor.java:624)
	at java.lang.Thread.run(Thread.java:748)
2019-11-16 00:32:30,403 [EventQueue-CloseContainerForCloseContainerEventHandler] INFO  container.CloseContainerEventHandler (CloseContainerEventHandler.java:onMessage(61)) - Close container Event triggered for container : #3
2019-11-16 00:32:30,403 [EventQueue-CloseContainerForCloseContainerEventHandler] ERROR container.CloseContainerEventHandler (CloseContainerEventHandler.java:onMessage(89)) - Failed to close the container #3.
org.apache.hadoop.hdds.scm.pipeline.PipelineNotFoundException: PipelineID=ba0b4dcb-5ed7-4168-8c6c-f0f15963f27a not found
	at org.apache.hadoop.hdds.scm.pipeline.PipelineStateMap.removeContainerFromPipeline(PipelineStateMap.java:351)
	at org.apache.hadoop.hdds.scm.pipeline.PipelineStateManager.removeContainerFromPipeline(PipelineStateManager.java:112)
	at org.apache.hadoop.hdds.scm.pipeline.SCMPipelineManager.removeContainerFromPipeline(SCMPipelineManager.java:286)
	at org.apache.hadoop.hdds.scm.container.SCMContainerManager.updateContainerState(SCMContainerManager.java:331)
	at org.apache.hadoop.hdds.scm.container.CloseContainerEventHandler.onMessage(CloseContainerEventHandler.java:66)
	at org.apache.hadoop.hdds.scm.container.CloseContainerEventHandler.onMessage(CloseContainerEventHandler.java:45)
	at org.apache.hadoop.hdds.server.events.SingleThreadExecutor.lambda$onMessage$1(SingleThreadExecutor.java:85)
	at java.util.concurrent.ThreadPoolExecutor.runWorker(ThreadPoolExecutor.java:1149)
	at java.util.concurrent.ThreadPoolExecutor$Worker.run(ThreadPoolExecutor.java:624)
	at java.lang.Thread.run(Thread.java:748)
2019-11-16 00:32:30,505 [main] INFO  freon.RandomKeyGenerator (RandomKeyGenerator.java:call(283)) - Number of Threads: 10
2019-11-16 00:32:30,506 [main] INFO  freon.RandomKeyGenerator (RandomKeyGenerator.java:call(288)) - Number of Volumes: 1.
2019-11-16 00:32:30,506 [main] INFO  freon.RandomKeyGenerator (RandomKeyGenerator.java:call(289)) - Number of Buckets per Volume: 1.
2019-11-16 00:32:30,506 [main] INFO  freon.RandomKeyGenerator (RandomKeyGenerator.java:call(290)) - Number of Keys per Bucket: 1.
2019-11-16 00:32:30,506 [main] INFO  freon.RandomKeyGenerator (RandomKeyGenerator.java:call(291)) - Key size: 20971520 bytes
2019-11-16 00:32:30,506 [main] INFO  freon.RandomKeyGenerator (RandomKeyGenerator.java:call(292)) - Buffer size: 4096 bytes
2019-11-16 00:32:30,506 [main] INFO  freon.RandomKeyGenerator (RandomKeyGenerator.java:call(293)) - validateWrites : true
2019-11-16 00:32:30,508 [main] INFO  freon.RandomKeyGenerator (RandomKeyGenerator.java:call(307)) - Data validation is enabled.
2019-11-16 00:32:30,508 [main] INFO  freon.RandomKeyGenerator (RandomKeyGenerator.java:call(313)) - Starting progress bar Thread.

2019-11-16 00:32:30,508 [pool-59-thread-1] INFO  rpc.RpcClient (RpcClient.java:createVolume(292)) - Creating Volume: vol-0-58410, with jenkins1000 as owner.
 0.00% |?                                                                                                    |  0/1 Time: 0:00:002019-11-16 00:32:30,512 [IPC Server handler 8 on 33858] INFO  volume.OMVolumeCreateRequest (OMVolumeCreateRequest.java:validateAndUpdateCache(193)) - created volume:vol-0-58410 for user:jenkins1000
2019-11-16 00:32:30,538 [pool-59-thread-4] INFO  rpc.RpcClient (RpcClient.java:createBucket(431)) - Creating Bucket: vol-0-58410/bucket-0-33499, with Versioning false and Storage Type set to DISK and Encryption set to false 
2019-11-16 00:32:30,561 [IPC Server handler 3 on 40407] WARN  block.BlockManagerImpl (BlockManagerImpl.java:allocateBlock(203)) - Pipeline creation failed for type:RATIS factor:THREE. Retrying get pipelines call once.
org.apache.hadoop.hdds.scm.pipeline.InsufficientDatanodesException: Cannot create pipeline of factor 3 using 0 nodes.
	at org.apache.hadoop.hdds.scm.pipeline.RatisPipelineProvider.create(RatisPipelineProvider.java:144)
	at org.apache.hadoop.hdds.scm.pipeline.PipelineFactory.create(PipelineFactory.java:60)
	at org.apache.hadoop.hdds.scm.pipeline.SCMPipelineManager.createPipeline(SCMPipelineManager.java:159)
	at org.apache.hadoop.hdds.scm.block.BlockManagerImpl.allocateBlock(BlockManagerImpl.java:199)
	at org.apache.hadoop.hdds.scm.server.SCMBlockProtocolServer.allocateBlock(SCMBlockProtocolServer.java:187)
	at org.apache.hadoop.hdds.scm.protocol.ScmBlockLocationProtocolServerSideTranslatorPB.allocateScmBlock(ScmBlockLocationProtocolServerSideTranslatorPB.java:159)
	at org.apache.hadoop.hdds.scm.protocol.ScmBlockLocationProtocolServerSideTranslatorPB.processMessage(ScmBlockLocationProtocolServerSideTranslatorPB.java:117)
	at org.apache.hadoop.hdds.server.OzoneProtocolMessageDispatcher.processRequest(OzoneProtocolMessageDispatcher.java:72)
	at org.apache.hadoop.hdds.scm.protocol.ScmBlockLocationProtocolServerSideTranslatorPB.send(ScmBlockLocationProtocolServerSideTranslatorPB.java:98)
	at org.apache.hadoop.hdds.protocol.proto.ScmBlockLocationProtocolProtos$ScmBlockLocationProtocolService$2.callBlockingMethod(ScmBlockLocationProtocolProtos.java:13157)
	at org.apache.hadoop.ipc.ProtobufRpcEngine$Server$ProtoBufRpcInvoker.call(ProtobufRpcEngine.java:524)
	at org.apache.hadoop.ipc.RPC$Server.call(RPC.java:1025)
	at org.apache.hadoop.ipc.Server$RpcCall.run(Server.java:876)
	at org.apache.hadoop.ipc.Server$RpcCall.run(Server.java:822)
	at java.security.AccessController.doPrivileged(Native Method)
	at javax.security.auth.Subject.doAs(Subject.java:422)
	at org.apache.hadoop.security.UserGroupInformation.doAs(UserGroupInformation.java:1730)
	at org.apache.hadoop.ipc.Server$Handler.run(Server.java:2682)
2019-11-16 00:32:30,562 [IPC Server handler 3 on 40407] INFO  block.BlockManagerImpl (BlockManagerImpl.java:allocateBlock(215)) - Could not find available pipeline of type:RATIS and factor:THREE even after retrying
2019-11-16 00:32:30,562 [IPC Server handler 3 on 40407] ERROR block.BlockManagerImpl (BlockManagerImpl.java:allocateBlock(239)) - Unable to allocate a block for the size: 4194304, type: RATIS, factor: THREE
2019-11-16 00:32:30,562 [IPC Server handler 3 on 40407] WARN  block.BlockManagerImpl (BlockManagerImpl.java:allocateBlock(203)) - Pipeline creation failed for type:RATIS factor:THREE. Retrying get pipelines call once.
org.apache.hadoop.hdds.scm.pipeline.InsufficientDatanodesException: Cannot create pipeline of factor 3 using 0 nodes.
	at org.apache.hadoop.hdds.scm.pipeline.RatisPipelineProvider.create(RatisPipelineProvider.java:144)
	at org.apache.hadoop.hdds.scm.pipeline.PipelineFactory.create(PipelineFactory.java:60)
	at org.apache.hadoop.hdds.scm.pipeline.SCMPipelineManager.createPipeline(SCMPipelineManager.java:159)
	at org.apache.hadoop.hdds.scm.block.BlockManagerImpl.allocateBlock(BlockManagerImpl.java:199)
	at org.apache.hadoop.hdds.scm.server.SCMBlockProtocolServer.allocateBlock(SCMBlockProtocolServer.java:187)
	at org.apache.hadoop.hdds.scm.protocol.ScmBlockLocationProtocolServerSideTranslatorPB.allocateScmBlock(ScmBlockLocationProtocolServerSideTranslatorPB.java:159)
	at org.apache.hadoop.hdds.scm.protocol.ScmBlockLocationProtocolServerSideTranslatorPB.processMessage(ScmBlockLocationProtocolServerSideTranslatorPB.java:117)
	at org.apache.hadoop.hdds.server.OzoneProtocolMessageDispatcher.processRequest(OzoneProtocolMessageDispatcher.java:72)
	at org.apache.hadoop.hdds.scm.protocol.ScmBlockLocationProtocolServerSideTranslatorPB.send(ScmBlockLocationProtocolServerSideTranslatorPB.java:98)
	at org.apache.hadoop.hdds.protocol.proto.ScmBlockLocationProtocolProtos$ScmBlockLocationProtocolService$2.callBlockingMethod(ScmBlockLocationProtocolProtos.java:13157)
	at org.apache.hadoop.ipc.ProtobufRpcEngine$Server$ProtoBufRpcInvoker.call(ProtobufRpcEngine.java:524)
	at org.apache.hadoop.ipc.RPC$Server.call(RPC.java:1025)
	at org.apache.hadoop.ipc.Server$RpcCall.run(Server.java:876)
	at org.apache.hadoop.ipc.Server$RpcCall.run(Server.java:822)
	at java.security.AccessController.doPrivileged(Native Method)
	at javax.security.auth.Subject.doAs(Subject.java:422)
	at org.apache.hadoop.security.UserGroupInformation.doAs(UserGroupInformation.java:1730)
	at org.apache.hadoop.ipc.Server$Handler.run(Server.java:2682)
2019-11-16 00:32:30,563 [IPC Server handler 3 on 40407] INFO  block.BlockManagerImpl (BlockManagerImpl.java:allocateBlock(215)) - Could not find available pipeline of type:RATIS and factor:THREE even after retrying
2019-11-16 00:32:30,563 [IPC Server handler 3 on 40407] ERROR block.BlockManagerImpl (BlockManagerImpl.java:allocateBlock(239)) - Unable to allocate a block for the size: 4194304, type: RATIS, factor: THREE
2019-11-16 00:32:30,563 [IPC Server handler 3 on 40407] WARN  block.BlockManagerImpl (BlockManagerImpl.java:allocateBlock(203)) - Pipeline creation failed for type:RATIS factor:THREE. Retrying get pipelines call once.
org.apache.hadoop.hdds.scm.pipeline.InsufficientDatanodesException: Cannot create pipeline of factor 3 using 0 nodes.
	at org.apache.hadoop.hdds.scm.pipeline.RatisPipelineProvider.create(RatisPipelineProvider.java:144)
	at org.apache.hadoop.hdds.scm.pipeline.PipelineFactory.create(PipelineFactory.java:60)
	at org.apache.hadoop.hdds.scm.pipeline.SCMPipelineManager.createPipeline(SCMPipelineManager.java:159)
	at org.apache.hadoop.hdds.scm.block.BlockManagerImpl.allocateBlock(BlockManagerImpl.java:199)
	at org.apache.hadoop.hdds.scm.server.SCMBlockProtocolServer.allocateBlock(SCMBlockProtocolServer.java:187)
	at org.apache.hadoop.hdds.scm.protocol.ScmBlockLocationProtocolServerSideTranslatorPB.allocateScmBlock(ScmBlockLocationProtocolServerSideTranslatorPB.java:159)
	at org.apache.hadoop.hdds.scm.protocol.ScmBlockLocationProtocolServerSideTranslatorPB.processMessage(ScmBlockLocationProtocolServerSideTranslatorPB.java:117)
	at org.apache.hadoop.hdds.server.OzoneProtocolMessageDispatcher.processRequest(OzoneProtocolMessageDispatcher.java:72)
	at org.apache.hadoop.hdds.scm.protocol.ScmBlockLocationProtocolServerSideTranslatorPB.send(ScmBlockLocationProtocolServerSideTranslatorPB.java:98)
	at org.apache.hadoop.hdds.protocol.proto.ScmBlockLocationProtocolProtos$ScmBlockLocationProtocolService$2.callBlockingMethod(ScmBlockLocationProtocolProtos.java:13157)
	at org.apache.hadoop.ipc.ProtobufRpcEngine$Server$ProtoBufRpcInvoker.call(ProtobufRpcEngine.java:524)
	at org.apache.hadoop.ipc.RPC$Server.call(RPC.java:1025)
	at org.apache.hadoop.ipc.Server$RpcCall.run(Server.java:876)
	at org.apache.hadoop.ipc.Server$RpcCall.run(Server.java:822)
	at java.security.AccessController.doPrivileged(Native Method)
	at javax.security.auth.Subject.doAs(Subject.java:422)
	at org.apache.hadoop.security.UserGroupInformation.doAs(UserGroupInformation.java:1730)
	at org.apache.hadoop.ipc.Server$Handler.run(Server.java:2682)
2019-11-16 00:32:30,564 [IPC Server handler 3 on 40407] INFO  block.BlockManagerImpl (BlockManagerImpl.java:allocateBlock(215)) - Could not find available pipeline of type:RATIS and factor:THREE even after retrying
2019-11-16 00:32:30,564 [IPC Server handler 3 on 40407] ERROR block.BlockManagerImpl (BlockManagerImpl.java:allocateBlock(239)) - Unable to allocate a block for the size: 4194304, type: RATIS, factor: THREE
2019-11-16 00:32:30,564 [IPC Server handler 3 on 40407] WARN  block.BlockManagerImpl (BlockManagerImpl.java:allocateBlock(203)) - Pipeline creation failed for type:RATIS factor:THREE. Retrying get pipelines call once.
org.apache.hadoop.hdds.scm.pipeline.InsufficientDatanodesException: Cannot create pipeline of factor 3 using 0 nodes.
	at org.apache.hadoop.hdds.scm.pipeline.RatisPipelineProvider.create(RatisPipelineProvider.java:144)
	at org.apache.hadoop.hdds.scm.pipeline.PipelineFactory.create(PipelineFactory.java:60)
	at org.apache.hadoop.hdds.scm.pipeline.SCMPipelineManager.createPipeline(SCMPipelineManager.java:159)
	at org.apache.hadoop.hdds.scm.block.BlockManagerImpl.allocateBlock(BlockManagerImpl.java:199)
	at org.apache.hadoop.hdds.scm.server.SCMBlockProtocolServer.allocateBlock(SCMBlockProtocolServer.java:187)
	at org.apache.hadoop.hdds.scm.protocol.ScmBlockLocationProtocolServerSideTranslatorPB.allocateScmBlock(ScmBlockLocationProtocolServerSideTranslatorPB.java:159)
	at org.apache.hadoop.hdds.scm.protocol.ScmBlockLocationProtocolServerSideTranslatorPB.processMessage(ScmBlockLocationProtocolServerSideTranslatorPB.java:117)
	at org.apache.hadoop.hdds.server.OzoneProtocolMessageDispatcher.processRequest(OzoneProtocolMessageDispatcher.java:72)
	at org.apache.hadoop.hdds.scm.protocol.ScmBlockLocationProtocolServerSideTranslatorPB.send(ScmBlockLocationProtocolServerSideTranslatorPB.java:98)
	at org.apache.hadoop.hdds.protocol.proto.ScmBlockLocationProtocolProtos$ScmBlockLocationProtocolService$2.callBlockingMethod(ScmBlockLocationProtocolProtos.java:13157)
	at org.apache.hadoop.ipc.ProtobufRpcEngine$Server$ProtoBufRpcInvoker.call(ProtobufRpcEngine.java:524)
	at org.apache.hadoop.ipc.RPC$Server.call(RPC.java:1025)
	at org.apache.hadoop.ipc.Server$RpcCall.run(Server.java:876)
	at org.apache.hadoop.ipc.Server$RpcCall.run(Server.java:822)
	at java.security.AccessController.doPrivileged(Native Method)
	at javax.security.auth.Subject.doAs(Subject.java:422)
	at org.apache.hadoop.security.UserGroupInformation.doAs(UserGroupInformation.java:1730)
	at org.apache.hadoop.ipc.Server$Handler.run(Server.java:2682)
2019-11-16 00:32:30,565 [IPC Server handler 3 on 40407] INFO  block.BlockManagerImpl (BlockManagerImpl.java:allocateBlock(215)) - Could not find available pipeline of type:RATIS and factor:THREE even after retrying
2019-11-16 00:32:30,565 [IPC Server handler 3 on 40407] ERROR block.BlockManagerImpl (BlockManagerImpl.java:allocateBlock(239)) - Unable to allocate a block for the size: 4194304, type: RATIS, factor: THREE
2019-11-16 00:32:30,565 [IPC Server handler 3 on 40407] WARN  block.BlockManagerImpl (BlockManagerImpl.java:allocateBlock(203)) - Pipeline creation failed for type:RATIS factor:THREE. Retrying get pipelines call once.
org.apache.hadoop.hdds.scm.pipeline.InsufficientDatanodesException: Cannot create pipeline of factor 3 using 0 nodes.
	at org.apache.hadoop.hdds.scm.pipeline.RatisPipelineProvider.create(RatisPipelineProvider.java:144)
	at org.apache.hadoop.hdds.scm.pipeline.PipelineFactory.create(PipelineFactory.java:60)
	at org.apache.hadoop.hdds.scm.pipeline.SCMPipelineManager.createPipeline(SCMPipelineManager.java:159)
	at org.apache.hadoop.hdds.scm.block.BlockManagerImpl.allocateBlock(BlockManagerImpl.java:199)
	at org.apache.hadoop.hdds.scm.server.SCMBlockProtocolServer.allocateBlock(SCMBlockProtocolServer.java:187)
	at org.apache.hadoop.hdds.scm.protocol.ScmBlockLocationProtocolServerSideTranslatorPB.allocateScmBlock(ScmBlockLocationProtocolServerSideTranslatorPB.java:159)
	at org.apache.hadoop.hdds.scm.protocol.ScmBlockLocationProtocolServerSideTranslatorPB.processMessage(ScmBlockLocationProtocolServerSideTranslatorPB.java:117)
	at org.apache.hadoop.hdds.server.OzoneProtocolMessageDispatcher.processRequest(OzoneProtocolMessageDispatcher.java:72)
	at org.apache.hadoop.hdds.scm.protocol.ScmBlockLocationProtocolServerSideTranslatorPB.send(ScmBlockLocationProtocolServerSideTranslatorPB.java:98)
	at org.apache.hadoop.hdds.protocol.proto.ScmBlockLocationProtocolProtos$ScmBlockLocationProtocolService$2.callBlockingMethod(ScmBlockLocationProtocolProtos.java:13157)
	at org.apache.hadoop.ipc.ProtobufRpcEngine$Server$ProtoBufRpcInvoker.call(ProtobufRpcEngine.java:524)
	at org.apache.hadoop.ipc.RPC$Server.call(RPC.java:1025)
	at org.apache.hadoop.ipc.Server$RpcCall.run(Server.java:876)
	at org.apache.hadoop.ipc.Server$RpcCall.run(Server.java:822)
	at java.security.AccessController.doPrivileged(Native Method)
	at javax.security.auth.Subject.doAs(Subject.java:422)
	at org.apache.hadoop.security.UserGroupInformation.doAs(UserGroupInformation.java:1730)
	at org.apache.hadoop.ipc.Server$Handler.run(Server.java:2682)
2019-11-16 00:32:30,566 [IPC Server handler 3 on 40407] INFO  block.BlockManagerImpl (BlockManagerImpl.java:allocateBlock(215)) - Could not find available pipeline of type:RATIS and factor:THREE even after retrying
2019-11-16 00:32:30,566 [IPC Server handler 3 on 40407] ERROR block.BlockManagerImpl (BlockManagerImpl.java:allocateBlock(239)) - Unable to allocate a block for the size: 4194304, type: RATIS, factor: THREE
2019-11-16 00:32:30,570 [pool-59-thread-2] ERROR freon.RandomKeyGenerator (RandomKeyGenerator.java:createKey(735)) - Exception while adding key: key-0-48983 in bucket: bucket-0-33499 of volume: vol-0-58410.
INTERNAL_ERROR org.apache.hadoop.ozone.om.exceptions.OMException: Allocated 0 blocks. Requested 5 blocks
	at org.apache.hadoop.ozone.om.protocolPB.OzoneManagerProtocolClientSideTranslatorPB.handleError(OzoneManagerProtocolClientSideTranslatorPB.java:761)
	at org.apache.hadoop.ozone.om.protocolPB.OzoneManagerProtocolClientSideTranslatorPB.openKey(OzoneManagerProtocolClientSideTranslatorPB.java:752)
	at sun.reflect.NativeMethodAccessorImpl.invoke0(Native Method)
	at sun.reflect.NativeMethodAccessorImpl.invoke(NativeMethodAccessorImpl.java:62)
	at sun.reflect.DelegatingMethodAccessorImpl.invoke(DelegatingMethodAccessorImpl.java:43)
	at java.lang.reflect.Method.invoke(Method.java:498)
	at org.apache.hadoop.hdds.tracing.TraceAllMethod.invoke(TraceAllMethod.java:66)
	at com.sun.proxy.$Proxy37.openKey(Unknown Source)
	at org.apache.hadoop.ozone.client.rpc.RpcClient.createKey(RpcClient.java:633)
	at org.apache.hadoop.ozone.client.OzoneBucket.createKey(OzoneBucket.java:325)
	at org.apache.hadoop.ozone.freon.RandomKeyGenerator.createKey(RandomKeyGenerator.java:697)
	at org.apache.hadoop.ozone.freon.RandomKeyGenerator.access$1100(RandomKeyGenerator.java:88)
	at org.apache.hadoop.ozone.freon.RandomKeyGenerator$ObjectCreator.run(RandomKeyGenerator.java:615)
	at java.util.concurrent.Executors$RunnableAdapter.call(Executors.java:511)
	at java.util.concurrent.FutureTask.run(FutureTask.java:266)
	at java.util.concurrent.ThreadPoolExecutor.runWorker(ThreadPoolExecutor.java:1149)
	at java.util.concurrent.ThreadPoolExecutor$Worker.run(ThreadPoolExecutor.java:624)
	at java.lang.Thread.run(Thread.java:748)
 0.00% |?                                                                                                    |  0/1 Time: 0:00:012019-11-16 00:32:32,314 [Command processor thread] INFO  impl.RaftServerProxy (RaftServerProxy.java:remove(95)) - 15c49baa-33ff-4bc2-aee5-3f5fe3ed4c47: remove    LEADER 15c49baa-33ff-4bc2-aee5-3f5fe3ed4c47@group-F0F15963F27A:t2, leader=15c49baa-33ff-4bc2-aee5-3f5fe3ed4c47, voted=15c49baa-33ff-4bc2-aee5-3f5fe3ed4c47, raftlog=15c49baa-33ff-4bc2-aee5-3f5fe3ed4c47@group-F0F15963F27A-SegmentedRaftLog:OPENED:c77,f77,i77, conf=0: [665c23fb-f785-472d-b75e-ffede4f7a08a:192.168.157.213:40679, e7243d87-5370-48ca-b497-14b49256399d:192.168.157.213:41168, 15c49baa-33ff-4bc2-aee5-3f5fe3ed4c47:192.168.157.213:40223], old=null RUNNING
2019-11-16 00:32:32,317 [Command processor thread] INFO  impl.RaftServerImpl (RaftServerImpl.java:lambda$shutdown$3(250)) - 15c49baa-33ff-4bc2-aee5-3f5fe3ed4c47@group-F0F15963F27A: shutdown
2019-11-16 00:32:32,317 [Command processor thread] INFO  util.JmxRegister (JmxRegister.java:unregister(73)) - Successfully un-registered JMX Bean with object name Ratis:service=RaftServer,group=group-F0F15963F27A,id=15c49baa-33ff-4bc2-aee5-3f5fe3ed4c47
2019-11-16 00:32:32,317 [Command processor thread] INFO  impl.RoleInfo (RoleInfo.java:shutdownLeaderState(104)) - 15c49baa-33ff-4bc2-aee5-3f5fe3ed4c47: shutdown LeaderState
2019-11-16 00:32:32,320 [Command processor thread] INFO  impl.PendingRequests (PendingRequests.java:sendNotLeaderResponses(206)) - 15c49baa-33ff-4bc2-aee5-3f5fe3ed4c47@group-F0F15963F27A-PendingRequests: sendNotLeaderResponses
2019-11-16 00:32:32,320 [org.apache.ratis.server.impl.LogAppender$AppenderDaemon$$Lambda$521/67707208@60421ad] WARN  server.GrpcLogAppender (GrpcLogAppender.java:mayWait(151)) - 15c49baa-33ff-4bc2-aee5-3f5fe3ed4c47@group-F0F15963F27A->665c23fb-f785-472d-b75e-ffede4f7a08a-GrpcLogAppender: Wait interrupted by java.lang.InterruptedException
2019-11-16 00:32:32,320 [org.apache.ratis.server.impl.LogAppender$AppenderDaemon$$Lambda$521/67707208@54377214] WARN  server.GrpcLogAppender (GrpcLogAppender.java:mayWait(151)) - 15c49baa-33ff-4bc2-aee5-3f5fe3ed4c47@group-F0F15963F27A->e7243d87-5370-48ca-b497-14b49256399d-GrpcLogAppender: Wait interrupted by java.lang.InterruptedException
2019-11-16 00:32:32,327 [Command processor thread] INFO  impl.StateMachineUpdater (StateMachineUpdater.java:stopAndJoin(136)) - 15c49baa-33ff-4bc2-aee5-3f5fe3ed4c47@group-F0F15963F27A-StateMachineUpdater: set stopIndex = 77
2019-11-16 00:32:32,327 [15c49baa-33ff-4bc2-aee5-3f5fe3ed4c47@group-F0F15963F27A-StateMachineUpdater] INFO  ratis.ContainerStateMachine (ContainerStateMachine.java:takeSnapshot(285)) - group-F0F15963F27A: Taking a snapshot at:(t:2, i:75) file /workdir/hadoop-ozone/tools/target/test-dir/MiniOzoneClusterImpl-6e51decf-9dae-44c2-a8bf-5e54805ee5ba/datanode-2/data/ratis/ba0b4dcb-5ed7-4168-8c6c-f0f15963f27a/sm/snapshot.2_75
2019-11-16 00:32:32,328 [grpc-default-executor-1] INFO  server.GrpcServerProtocolService (GrpcServerProtocolService.java:onCompleted(113)) - 665c23fb-f785-472d-b75e-ffede4f7a08a: Completed APPEND_ENTRIES, lastRequest: 15c49baa-33ff-4bc2-aee5-3f5fe3ed4c47->665c23fb-f785-472d-b75e-ffede4f7a08a#80-t2, previous=(t:2, i:77), leaderCommit=77, initializing? false, entries: <empty>
2019-11-16 00:32:32,328 [grpc-default-executor-2] INFO  server.GrpcServerProtocolService (GrpcServerProtocolService.java:onCompleted(113)) - e7243d87-5370-48ca-b497-14b49256399d: Completed APPEND_ENTRIES, lastRequest: 15c49baa-33ff-4bc2-aee5-3f5fe3ed4c47->e7243d87-5370-48ca-b497-14b49256399d#80-t2, previous=(t:2, i:77), leaderCommit=77, initializing? false, entries: <empty>
2019-11-16 00:32:32,330 [grpc-default-executor-2] INFO  server.GrpcLogAppender (GrpcLogAppender.java:onCompleted(308)) - 15c49baa-33ff-4bc2-aee5-3f5fe3ed4c47@group-F0F15963F27A->665c23fb-f785-472d-b75e-ffede4f7a08a-AppendLogResponseHandler: follower responses appendEntries COMPLETED
2019-11-16 00:32:32,330 [grpc-default-executor-1] INFO  server.GrpcLogAppender (GrpcLogAppender.java:onCompleted(308)) - 15c49baa-33ff-4bc2-aee5-3f5fe3ed4c47@group-F0F15963F27A->e7243d87-5370-48ca-b497-14b49256399d-AppendLogResponseHandler: follower responses appendEntries COMPLETED
2019-11-16 00:32:32,337 [grpc-default-executor-1] INFO  impl.FollowerInfo (FollowerInfo.java:lambda$new$0(51)) - 15c49baa-33ff-4bc2-aee5-3f5fe3ed4c47@group-F0F15963F27A->e7243d87-5370-48ca-b497-14b49256399d: nextIndex: updateUnconditionally 78 -> 77
2019-11-16 00:32:32,337 [grpc-default-executor-2] INFO  impl.FollowerInfo (FollowerInfo.java:lambda$new$0(51)) - 15c49baa-33ff-4bc2-aee5-3f5fe3ed4c47@group-F0F15963F27A->665c23fb-f785-472d-b75e-ffede4f7a08a: nextIndex: updateUnconditionally 78 -> 77
2019-11-16 00:32:32,374 [15c49baa-33ff-4bc2-aee5-3f5fe3ed4c47@group-F0F15963F27A-StateMachineUpdater] INFO  ratis.ContainerStateMachine (ContainerStateMachine.java:takeSnapshot(296)) - group-F0F15963F27A: Finished taking a snapshot at:(t:2, i:75) file:/workdir/hadoop-ozone/tools/target/test-dir/MiniOzoneClusterImpl-6e51decf-9dae-44c2-a8bf-5e54805ee5ba/datanode-2/data/ratis/ba0b4dcb-5ed7-4168-8c6c-f0f15963f27a/sm/snapshot.2_75 time:48
2019-11-16 00:32:32,376 [15c49baa-33ff-4bc2-aee5-3f5fe3ed4c47@group-F0F15963F27A-StateMachineUpdater] INFO  impl.StateMachineUpdater (StateMachineUpdater.java:takeSnapshot(269)) - 15c49baa-33ff-4bc2-aee5-3f5fe3ed4c47@group-F0F15963F27A-StateMachineUpdater: Took a snapshot at index 75
2019-11-16 00:32:32,378 [15c49baa-33ff-4bc2-aee5-3f5fe3ed4c47@group-F0F15963F27A-StateMachineUpdater] INFO  impl.StateMachineUpdater (StateMachineUpdater.java:lambda$new$0(84)) - 15c49baa-33ff-4bc2-aee5-3f5fe3ed4c47@group-F0F15963F27A-StateMachineUpdater: snapshotIndex: updateIncreasingly -1 -> 75
2019-11-16 00:32:32,383 [15c49baa-33ff-4bc2-aee5-3f5fe3ed4c47@group-F0F15963F27A-StateMachineUpdater] INFO  ratis.ContainerStateMachine (ContainerStateMachine.java:takeSnapshot(285)) - group-F0F15963F27A: Taking a snapshot at:(t:2, i:75) file /workdir/hadoop-ozone/tools/target/test-dir/MiniOzoneClusterImpl-6e51decf-9dae-44c2-a8bf-5e54805ee5ba/datanode-2/data/ratis/ba0b4dcb-5ed7-4168-8c6c-f0f15963f27a/sm/snapshot.2_75
2019-11-16 00:32:32,406 [15c49baa-33ff-4bc2-aee5-3f5fe3ed4c47@group-F0F15963F27A-StateMachineUpdater] INFO  ratis.ContainerStateMachine (ContainerStateMachine.java:takeSnapshot(296)) - group-F0F15963F27A: Finished taking a snapshot at:(t:2, i:75) file:/workdir/hadoop-ozone/tools/target/test-dir/MiniOzoneClusterImpl-6e51decf-9dae-44c2-a8bf-5e54805ee5ba/datanode-2/data/ratis/ba0b4dcb-5ed7-4168-8c6c-f0f15963f27a/sm/snapshot.2_75 time:23
2019-11-16 00:32:32,406 [15c49baa-33ff-4bc2-aee5-3f5fe3ed4c47@group-F0F15963F27A-StateMachineUpdater] INFO  impl.StateMachineUpdater (StateMachineUpdater.java:takeSnapshot(269)) - 15c49baa-33ff-4bc2-aee5-3f5fe3ed4c47@group-F0F15963F27A-StateMachineUpdater: Took a snapshot at index 75
2019-11-16 00:32:32,406 [15c49baa-33ff-4bc2-aee5-3f5fe3ed4c47@group-F0F15963F27A-StateMachineUpdater] INFO  impl.StateMachineUpdater (StateMachineUpdater.java:lambda$new$0(84)) - 15c49baa-33ff-4bc2-aee5-3f5fe3ed4c47@group-F0F15963F27A-StateMachineUpdater: snapshotIndex: updateIncreasingly 75 -> 75
2019-11-16 00:32:32,407 [Command processor thread] INFO  impl.RaftServerImpl (ServerState.java:close(387)) - 15c49baa-33ff-4bc2-aee5-3f5fe3ed4c47@group-F0F15963F27A: closes. applyIndex: 77
2019-11-16 00:32:32,409 [15c49baa-33ff-4bc2-aee5-3f5fe3ed4c47@group-F0F15963F27A-SegmentedRaftLogWorker] INFO  segmented.SegmentedRaftLogWorker (SegmentedRaftLogWorker.java:run(316)) - 15c49baa-33ff-4bc2-aee5-3f5fe3ed4c47@group-F0F15963F27A-SegmentedRaftLogWorker was interrupted, exiting. There are 0 tasks remaining in the queue.
2019-11-16 00:32:32,411 [Command processor thread] INFO  segmented.SegmentedRaftLogWorker (SegmentedRaftLogWorker.java:close(224)) - 15c49baa-33ff-4bc2-aee5-3f5fe3ed4c47@group-F0F15963F27A-SegmentedRaftLogWorker close()
2019-11-16 00:32:32,449 [Command processor thread] INFO  interfaces.Container (KeyValueContainer.java:flushAndSyncDB(400)) - Container 1 is synced with bcsId 59.
2019-11-16 00:32:32,449 [Command processor thread] INFO  interfaces.Container (KeyValueContainer.java:flushAndSyncDB(400)) - Container 1 is synced with bcsId 59.
2019-11-16 00:32:32,477 [EventQueue-IncrementalContainerReportForIncrementalContainerReportHandler] INFO  container.IncrementalContainerReportHandler (AbstractContainerReportHandler.java:updateContainerState(171)) - Moving container #1 to QUASI_CLOSED state, datanode 15c49baa-33ff-4bc2-aee5-3f5fe3ed4c47{ip: 192.168.157.213, host: pr-hdds-2405-pxz29-3682914721, networkLocation: /default-rack, certSerialId: null} reported QUASI_CLOSED replica.
2019-11-16 00:32:32,502 [Command processor thread] INFO  interfaces.Container (KeyValueContainer.java:flushAndSyncDB(400)) - Container 2 is synced with bcsId 75.
2019-11-16 00:32:32,502 [Command processor thread] INFO  interfaces.Container (KeyValueContainer.java:flushAndSyncDB(400)) - Container 2 is synced with bcsId 75.
 0.00% |?                                                                                                    |  0/1 Time: 0:00:022019-11-16 00:32:32,519 [EventQueue-IncrementalContainerReportForIncrementalContainerReportHandler] INFO  container.IncrementalContainerReportHandler (AbstractContainerReportHandler.java:updateContainerState(171)) - Moving container #2 to QUASI_CLOSED state, datanode 15c49baa-33ff-4bc2-aee5-3f5fe3ed4c47{ip: 192.168.157.213, host: pr-hdds-2405-pxz29-3682914721, networkLocation: /default-rack, certSerialId: null} reported QUASI_CLOSED replica.
2019-11-16 00:32:32,564 [Command processor thread] INFO  interfaces.Container (KeyValueContainer.java:flushAndSyncDB(400)) - Container 3 is synced with bcsId 42.
2019-11-16 00:32:32,565 [Command processor thread] INFO  interfaces.Container (KeyValueContainer.java:flushAndSyncDB(400)) - Container 3 is synced with bcsId 42.
2019-11-16 00:32:32,591 [Command processor thread] INFO  commandhandler.ClosePipelineCommandHandler (ClosePipelineCommandHandler.java:handle(78)) - Close Pipeline #id: "ba0b4dcb-5ed7-4168-8c6c-f0f15963f27a"
 command on datanode #15c49baa-33ff-4bc2-aee5-3f5fe3ed4c47.
2019-11-16 00:32:32,592 [Command processor thread] INFO  impl.RaftServerProxy (RaftServerProxy.java:addNew(89)) - 15c49baa-33ff-4bc2-aee5-3f5fe3ed4c47: addNew group-A9F4DEF02DAB:[665c23fb-f785-472d-b75e-ffede4f7a08a:192.168.157.213:40679, e7243d87-5370-48ca-b497-14b49256399d:192.168.157.213:41168, 15c49baa-33ff-4bc2-aee5-3f5fe3ed4c47:192.168.157.213:40223] returns group-A9F4DEF02DAB:java.util.concurrent.CompletableFuture@67ae94d7[Not completed]
2019-11-16 00:32:32,593 [EventQueue-IncrementalContainerReportForIncrementalContainerReportHandler] INFO  container.IncrementalContainerReportHandler (AbstractContainerReportHandler.java:updateContainerState(171)) - Moving container #3 to QUASI_CLOSED state, datanode 15c49baa-33ff-4bc2-aee5-3f5fe3ed4c47{ip: 192.168.157.213, host: pr-hdds-2405-pxz29-3682914721, networkLocation: /default-rack, certSerialId: null} reported QUASI_CLOSED replica.
2019-11-16 00:32:32,595 [pool-47-thread-1] INFO  impl.RaftServerImpl (RaftServerImpl.java:<init>(98)) - 15c49baa-33ff-4bc2-aee5-3f5fe3ed4c47: new RaftServerImpl for group-A9F4DEF02DAB:[665c23fb-f785-472d-b75e-ffede4f7a08a:192.168.157.213:40679, e7243d87-5370-48ca-b497-14b49256399d:192.168.157.213:41168, 15c49baa-33ff-4bc2-aee5-3f5fe3ed4c47:192.168.157.213:40223] with ContainerStateMachine:uninitialized
2019-11-16 00:32:32,595 [pool-47-thread-1] INFO  server.RaftServerConfigKeys (ConfUtils.java:logGet(43)) - raft.server.rpc.timeout.min = 5s (custom)
2019-11-16 00:32:32,595 [pool-47-thread-1] INFO  server.RaftServerConfigKeys (ConfUtils.java:logGet(43)) - raft.server.rpc.timeout.max = 5200ms (custom)
2019-11-16 00:32:32,595 [pool-47-thread-1] INFO  server.RaftServerConfigKeys (ConfUtils.java:logGet(43)) - raft.server.rpcslowness.timeout = 120s (custom)
2019-11-16 00:32:32,595 [pool-47-thread-1] INFO  server.RaftServerConfigKeys (ConfUtils.java:logGet(43)) - raft.server.sleep.deviation.threshold = 300 (default)
2019-11-16 00:32:32,596 [pool-47-thread-1] INFO  server.RaftServerConfigKeys (ConfUtils.java:logGet(43)) - raft.server.log.appender.install.snapshot.enabled = false (custom)
2019-11-16 00:32:32,596 [pool-47-thread-1] INFO  impl.RaftServerImpl (ServerState.java:<init>(103)) - 15c49baa-33ff-4bc2-aee5-3f5fe3ed4c47@group-A9F4DEF02DAB: ConfigurationManager, init=-1: [665c23fb-f785-472d-b75e-ffede4f7a08a:192.168.157.213:40679, e7243d87-5370-48ca-b497-14b49256399d:192.168.157.213:41168, 15c49baa-33ff-4bc2-aee5-3f5fe3ed4c47:192.168.157.213:40223], old=null, confs=<EMPTY_MAP>
2019-11-16 00:32:32,596 [pool-47-thread-1] INFO  server.RaftServerConfigKeys (ConfUtils.java:logGet(43)) - raft.server.storage.dir = [/workdir/hadoop-ozone/tools/target/test-dir/MiniOzoneClusterImpl-6e51decf-9dae-44c2-a8bf-5e54805ee5ba/datanode-2/data/ratis] (custom)
2019-11-16 00:32:32,596 [pool-47-thread-1] INFO  server.RaftServerConfigKeys (ConfUtils.java:logGet(43)) - raft.server.log.corruption.policy = EXCEPTION (default)
2019-11-16 00:32:32,597 [pool-47-thread-1] INFO  storage.RaftStorageDirectory (RaftStorageDirectory.java:analyzeStorage(246)) - The storage directory /workdir/hadoop-ozone/tools/target/test-dir/MiniOzoneClusterImpl-6e51decf-9dae-44c2-a8bf-5e54805ee5ba/datanode-2/data/ratis/79de2ab8-cf59-405e-8499-a9f4def02dab does not exist. Creating ...
2019-11-16 00:32:32,620 [pool-47-thread-1] INFO  storage.RaftStorageDirectory (RaftStorageDirectory.java:tryLock(328)) - Lock on /workdir/hadoop-ozone/tools/target/test-dir/MiniOzoneClusterImpl-6e51decf-9dae-44c2-a8bf-5e54805ee5ba/datanode-2/data/ratis/79de2ab8-cf59-405e-8499-a9f4def02dab/in_use.lock acquired by nodename 31206@pr-hdds-2405-pxz29-3682914721
2019-11-16 00:32:32,644 [pool-47-thread-1] INFO  storage.RaftStorage (RaftStorage.java:format(84)) - Storage directory /workdir/hadoop-ozone/tools/target/test-dir/MiniOzoneClusterImpl-6e51decf-9dae-44c2-a8bf-5e54805ee5ba/datanode-2/data/ratis/79de2ab8-cf59-405e-8499-a9f4def02dab has been successfully formatted.
2019-11-16 00:32:32,644 [pool-47-thread-1] INFO  ratis.ContainerStateMachine (ContainerStateMachine.java:loadSnapshot(223)) - group-A9F4DEF02DAB: The snapshot info is null. Setting the last applied indexto:(t:0, i:~)
2019-11-16 00:32:32,644 [pool-47-thread-1] INFO  server.RaftServerConfigKeys (ConfUtils.java:logGet(43)) - raft.server.notification.no-leader.timeout = 120s (custom)
2019-11-16 00:32:32,644 [pool-47-thread-1] INFO  server.RaftServerConfigKeys (ConfUtils.java:logGet(43)) - raft.server.log.use.memory = false (default)
2019-11-16 00:32:32,644 [pool-47-thread-1] INFO  server.RaftServerConfigKeys (ConfUtils.java:logGet(43)) - raft.server.log.purge.gap = 1000000 (custom)
2019-11-16 00:32:32,645 [pool-47-thread-1] INFO  server.RaftServerConfigKeys (ConfUtils.java:logGet(43)) - raft.server.log.appender.buffer.byte-limit = 33554432 (custom)
2019-11-16 00:32:32,645 [pool-47-thread-1] INFO  server.RaftServerConfigKeys (ConfUtils.java:logGet(43)) - raft.server.log.segment.size.max = 1048576 (custom)
2019-11-16 00:32:32,645 [pool-47-thread-1] INFO  server.RaftServerConfigKeys (ConfUtils.java:logGet(43)) - raft.server.log.segment.cache.num.max = 2 (custom)
2019-11-16 00:32:32,645 [pool-47-thread-1] INFO  segmented.SegmentedRaftLogWorker (SegmentedRaftLogWorker.java:<init>(173)) - new 15c49baa-33ff-4bc2-aee5-3f5fe3ed4c47@group-A9F4DEF02DAB-SegmentedRaftLogWorker for RaftStorage:Storage Directory /workdir/hadoop-ozone/tools/target/test-dir/MiniOzoneClusterImpl-6e51decf-9dae-44c2-a8bf-5e54805ee5ba/datanode-2/data/ratis/79de2ab8-cf59-405e-8499-a9f4def02dab
2019-11-16 00:32:32,645 [pool-47-thread-1] INFO  server.RaftServerConfigKeys (ConfUtils.java:logGet(43)) - raft.server.log.queue.byte-limit = 2147483647 (custom)
2019-11-16 00:32:32,645 [pool-47-thread-1] INFO  server.RaftServerConfigKeys (ConfUtils.java:logGet(43)) - raft.server.log.queue.element-limit = 1024 (custom)
2019-11-16 00:32:32,645 [pool-47-thread-1] INFO  server.RaftServerConfigKeys (ConfUtils.java:logGet(43)) - raft.server.log.segment.size.max = 1048576 (custom)
2019-11-16 00:32:32,645 [pool-47-thread-1] INFO  server.RaftServerConfigKeys (ConfUtils.java:logGet(43)) - raft.server.log.preallocated.size = 16384 (custom)
2019-11-16 00:32:32,646 [pool-47-thread-1] INFO  server.RaftServerConfigKeys (ConfUtils.java:logGet(43)) - raft.server.log.write.buffer.size = 33554432 (custom)
2019-11-16 00:32:32,646 [pool-47-thread-1] INFO  server.RaftServerConfigKeys (ConfUtils.java:logGet(43)) - raft.server.log.force.sync.num = 128 (default)
2019-11-16 00:32:32,646 [pool-47-thread-1] INFO  server.RaftServerConfigKeys (ConfUtils.java:logGet(43)) - raft.server.log.statemachine.data.sync = true (default)
2019-11-16 00:32:32,646 [pool-47-thread-1] INFO  server.RaftServerConfigKeys (ConfUtils.java:logGet(43)) - raft.server.log.statemachine.data.sync.timeout = 10s (default)
2019-11-16 00:32:32,646 [pool-47-thread-1] INFO  server.RaftServerConfigKeys (ConfUtils.java:logGet(43)) - raft.server.log.statemachine.data.sync.timeout.retry = -1 (default)
2019-11-16 00:32:32,646 [pool-47-thread-1] INFO  server.RaftServerConfigKeys (ConfUtils.java:logGet(43)) - raft.server.log.statemachine.data.caching.enabled = true (custom)
2019-11-16 00:32:32,646 [pool-47-thread-1] INFO  segmented.SegmentedRaftLogWorker (SegmentedRaftLogWorker.java:lambda$new$0(128)) - 15c49baa-33ff-4bc2-aee5-3f5fe3ed4c47@group-A9F4DEF02DAB-SegmentedRaftLogWorker: flushIndex: setUnconditionally 0 -> -1
2019-11-16 00:32:32,647 [pool-47-thread-1] INFO  server.RaftServerConfigKeys (ConfUtils.java:logGet(43)) - raft.server.snapshot.auto.trigger.enabled = true (custom)
2019-11-16 00:32:32,647 [pool-47-thread-1] INFO  server.RaftServerConfigKeys (ConfUtils.java:logGet(43)) - raft.server.snapshot.auto.trigger.threshold = 10000 (custom)
2019-11-16 00:32:32,647 [pool-47-thread-1] INFO  server.RaftServerConfigKeys (ConfUtils.java:logGet(43)) - raft.server.snapshot.retention.file.num = 5 (custom)
2019-11-16 00:32:32,647 [pool-47-thread-1] INFO  server.RaftServerConfigKeys (ConfUtils.java:logGet(43)) - raft.server.retrycache.expirytime = 600000ms (custom)
2019-11-16 00:32:32,647 [pool-47-thread-1] WARN  impl.MetricRegistriesImpl (MetricRegistriesImpl.java:lambda$create$1(61)) - First MetricRegistry has been created without registering reporters. You may need to call MetricRegistries.global().addReportRegistration(...) before.
2019-11-16 00:32:32,648 [pool-47-thread-1] WARN  impl.MetricRegistriesImpl (MetricRegistriesImpl.java:lambda$create$1(61)) - First MetricRegistry has been created without registering reporters. You may need to call MetricRegistries.global().addReportRegistration(...) before.
2019-11-16 00:32:32,648 [pool-47-thread-1] INFO  impl.RaftServerImpl (RaftServerImpl.java:start(184)) - 15c49baa-33ff-4bc2-aee5-3f5fe3ed4c47@group-A9F4DEF02DAB: start as a follower, conf=-1: [665c23fb-f785-472d-b75e-ffede4f7a08a:192.168.157.213:40679, e7243d87-5370-48ca-b497-14b49256399d:192.168.157.213:41168, 15c49baa-33ff-4bc2-aee5-3f5fe3ed4c47:192.168.157.213:40223], old=null
2019-11-16 00:32:32,648 [pool-47-thread-1] INFO  impl.RaftServerImpl (RaftServerImpl.java:setRole(173)) - 15c49baa-33ff-4bc2-aee5-3f5fe3ed4c47@group-A9F4DEF02DAB: changes role from      null to FOLLOWER at term 0 for startAsFollower
2019-11-16 00:32:32,648 [pool-47-thread-1] INFO  impl.RoleInfo (RoleInfo.java:updateAndGet(143)) - 15c49baa-33ff-4bc2-aee5-3f5fe3ed4c47: start FollowerState
2019-11-16 00:32:32,649 [pool-47-thread-1] INFO  util.JmxRegister (JmxRegister.java:tryRegister(44)) - Successfully registered JMX Bean with object name Ratis:service=RaftServer,group=group-A9F4DEF02DAB,id=15c49baa-33ff-4bc2-aee5-3f5fe3ed4c47
2019-11-16 00:32:32,649 [pool-47-thread-1] WARN  impl.MetricRegistriesImpl (MetricRegistriesImpl.java:lambda$create$1(61)) - First MetricRegistry has been created without registering reporters. You may need to call MetricRegistries.global().addReportRegistration(...) before.
2019-11-16 00:32:32,649 [Command processor thread] INFO  commandhandler.CreatePipelineCommandHandler (CreatePipelineCommandHandler.java:handle(86)) - Create Pipeline RATIS THREE #id: "79de2ab8-cf59-405e-8499-a9f4def02dab"
 command succeed on datanode 15c49baa-33ff-4bc2-aee5-3f5fe3ed4c47.
2019-11-16 00:32:32,651 [EventQueue-PipelineReportForPipelineReportHandler] INFO  pipeline.PipelineReportHandler (PipelineReportHandler.java:processPipelineReport(113)) - Pipeline THREE PipelineID=79de2ab8-cf59-405e-8499-a9f4def02dab reported by 15c49baa-33ff-4bc2-aee5-3f5fe3ed4c47{ip: 192.168.157.213, host: pr-hdds-2405-pxz29-3682914721, networkLocation: /default-rack, certSerialId: null}
2019-11-16 00:32:33,342 [Command processor thread] INFO  impl.RaftServerProxy (RaftServerProxy.java:remove(95)) - e7243d87-5370-48ca-b497-14b49256399d: remove  FOLLOWER e7243d87-5370-48ca-b497-14b49256399d@group-F0F15963F27A:t2, leader=15c49baa-33ff-4bc2-aee5-3f5fe3ed4c47, voted=15c49baa-33ff-4bc2-aee5-3f5fe3ed4c47, raftlog=e7243d87-5370-48ca-b497-14b49256399d@group-F0F15963F27A-SegmentedRaftLog:OPENED:c77,f77,i77, conf=0: [665c23fb-f785-472d-b75e-ffede4f7a08a:192.168.157.213:40679, e7243d87-5370-48ca-b497-14b49256399d:192.168.157.213:41168, 15c49baa-33ff-4bc2-aee5-3f5fe3ed4c47:192.168.157.213:40223], old=null RUNNING
2019-11-16 00:32:33,342 [Command processor thread] INFO  impl.RaftServerProxy (RaftServerProxy.java:remove(95)) - 665c23fb-f785-472d-b75e-ffede4f7a08a: remove  FOLLOWER 665c23fb-f785-472d-b75e-ffede4f7a08a@group-F0F15963F27A:t2, leader=15c49baa-33ff-4bc2-aee5-3f5fe3ed4c47, voted=15c49baa-33ff-4bc2-aee5-3f5fe3ed4c47, raftlog=665c23fb-f785-472d-b75e-ffede4f7a08a@group-F0F15963F27A-SegmentedRaftLog:OPENED:c77,f77,i77, conf=0: [665c23fb-f785-472d-b75e-ffede4f7a08a:192.168.157.213:40679, e7243d87-5370-48ca-b497-14b49256399d:192.168.157.213:41168, 15c49baa-33ff-4bc2-aee5-3f5fe3ed4c47:192.168.157.213:40223], old=null RUNNING
2019-11-16 00:32:33,343 [Command processor thread] INFO  impl.RaftServerImpl (RaftServerImpl.java:lambda$shutdown$3(250)) - e7243d87-5370-48ca-b497-14b49256399d@group-F0F15963F27A: shutdown
2019-11-16 00:32:33,344 [Command processor thread] INFO  impl.RaftServerImpl (RaftServerImpl.java:lambda$shutdown$3(250)) - 665c23fb-f785-472d-b75e-ffede4f7a08a@group-F0F15963F27A: shutdown
2019-11-16 00:32:33,345 [Command processor thread] INFO  util.JmxRegister (JmxRegister.java:unregister(73)) - Successfully un-registered JMX Bean with object name Ratis:service=RaftServer,group=group-F0F15963F27A,id=e7243d87-5370-48ca-b497-14b49256399d
2019-11-16 00:32:33,346 [Command processor thread] INFO  util.JmxRegister (JmxRegister.java:unregister(73)) - Successfully un-registered JMX Bean with object name Ratis:service=RaftServer,group=group-F0F15963F27A,id=665c23fb-f785-472d-b75e-ffede4f7a08a
2019-11-16 00:32:33,346 [Command processor thread] INFO  impl.RoleInfo (RoleInfo.java:shutdownFollowerState(121)) - e7243d87-5370-48ca-b497-14b49256399d: shutdown FollowerState
2019-11-16 00:32:33,346 [Command processor thread] INFO  impl.RoleInfo (RoleInfo.java:shutdownFollowerState(121)) - 665c23fb-f785-472d-b75e-ffede4f7a08a: shutdown FollowerState
2019-11-16 00:32:33,346 [e7243d87-5370-48ca-b497-14b49256399d@group-F0F15963F27A-StateMachineUpdater] INFO  ratis.ContainerStateMachine (ContainerStateMachine.java:takeSnapshot(285)) - group-F0F15963F27A: Taking a snapshot at:(t:2, i:75) file /workdir/hadoop-ozone/tools/target/test-dir/MiniOzoneClusterImpl-6e51decf-9dae-44c2-a8bf-5e54805ee5ba/datanode-0/data/ratis/ba0b4dcb-5ed7-4168-8c6c-f0f15963f27a/sm/snapshot.2_75
2019-11-16 00:32:33,346 [Thread-214] INFO  impl.FollowerState (FollowerState.java:run(120)) - e7243d87-5370-48ca-b497-14b49256399d@group-F0F15963F27A-FollowerState was interrupted: java.lang.InterruptedException: sleep interrupted
2019-11-16 00:32:33,346 [Command processor thread] INFO  impl.StateMachineUpdater (StateMachineUpdater.java:stopAndJoin(136)) - e7243d87-5370-48ca-b497-14b49256399d@group-F0F15963F27A-StateMachineUpdater: set stopIndex = 77
2019-11-16 00:32:33,346 [665c23fb-f785-472d-b75e-ffede4f7a08a@group-F0F15963F27A-StateMachineUpdater] INFO  ratis.ContainerStateMachine (ContainerStateMachine.java:takeSnapshot(285)) - group-F0F15963F27A: Taking a snapshot at:(t:2, i:75) file /workdir/hadoop-ozone/tools/target/test-dir/MiniOzoneClusterImpl-6e51decf-9dae-44c2-a8bf-5e54805ee5ba/datanode-1/data/ratis/ba0b4dcb-5ed7-4168-8c6c-f0f15963f27a/sm/snapshot.2_75
2019-11-16 00:32:33,346 [Thread-213] INFO  impl.FollowerState (FollowerState.java:run(120)) - 665c23fb-f785-472d-b75e-ffede4f7a08a@group-F0F15963F27A-FollowerState was interrupted: java.lang.InterruptedException: sleep interrupted
2019-11-16 00:32:33,346 [Command processor thread] INFO  impl.StateMachineUpdater (StateMachineUpdater.java:stopAndJoin(136)) - 665c23fb-f785-472d-b75e-ffede4f7a08a@group-F0F15963F27A-StateMachineUpdater: set stopIndex = 77
2019-11-16 00:32:33,365 [e7243d87-5370-48ca-b497-14b49256399d@group-F0F15963F27A-StateMachineUpdater] INFO  ratis.ContainerStateMachine (ContainerStateMachine.java:takeSnapshot(296)) - group-F0F15963F27A: Finished taking a snapshot at:(t:2, i:75) file:/workdir/hadoop-ozone/tools/target/test-dir/MiniOzoneClusterImpl-6e51decf-9dae-44c2-a8bf-5e54805ee5ba/datanode-0/data/ratis/ba0b4dcb-5ed7-4168-8c6c-f0f15963f27a/sm/snapshot.2_75 time:18
2019-11-16 00:32:33,365 [665c23fb-f785-472d-b75e-ffede4f7a08a@group-F0F15963F27A-StateMachineUpdater] INFO  ratis.ContainerStateMachine (ContainerStateMachine.java:takeSnapshot(296)) - group-F0F15963F27A: Finished taking a snapshot at:(t:2, i:75) file:/workdir/hadoop-ozone/tools/target/test-dir/MiniOzoneClusterImpl-6e51decf-9dae-44c2-a8bf-5e54805ee5ba/datanode-1/data/ratis/ba0b4dcb-5ed7-4168-8c6c-f0f15963f27a/sm/snapshot.2_75 time:18
2019-11-16 00:32:33,365 [e7243d87-5370-48ca-b497-14b49256399d@group-F0F15963F27A-StateMachineUpdater] INFO  impl.StateMachineUpdater (StateMachineUpdater.java:takeSnapshot(269)) - e7243d87-5370-48ca-b497-14b49256399d@group-F0F15963F27A-StateMachineUpdater: Took a snapshot at index 75
2019-11-16 00:32:33,365 [665c23fb-f785-472d-b75e-ffede4f7a08a@group-F0F15963F27A-StateMachineUpdater] INFO  impl.StateMachineUpdater (StateMachineUpdater.java:takeSnapshot(269)) - 665c23fb-f785-472d-b75e-ffede4f7a08a@group-F0F15963F27A-StateMachineUpdater: Took a snapshot at index 75
2019-11-16 00:32:33,365 [e7243d87-5370-48ca-b497-14b49256399d@group-F0F15963F27A-StateMachineUpdater] INFO  impl.StateMachineUpdater (StateMachineUpdater.java:lambda$new$0(84)) - e7243d87-5370-48ca-b497-14b49256399d@group-F0F15963F27A-StateMachineUpdater: snapshotIndex: updateIncreasingly -1 -> 75
2019-11-16 00:32:33,365 [665c23fb-f785-472d-b75e-ffede4f7a08a@group-F0F15963F27A-StateMachineUpdater] INFO  impl.StateMachineUpdater (StateMachineUpdater.java:lambda$new$0(84)) - 665c23fb-f785-472d-b75e-ffede4f7a08a@group-F0F15963F27A-StateMachineUpdater: snapshotIndex: updateIncreasingly -1 -> 75
2019-11-16 00:32:33,365 [e7243d87-5370-48ca-b497-14b49256399d@group-F0F15963F27A-StateMachineUpdater] INFO  ratis.ContainerStateMachine (ContainerStateMachine.java:takeSnapshot(285)) - group-F0F15963F27A: Taking a snapshot at:(t:2, i:75) file /workdir/hadoop-ozone/tools/target/test-dir/MiniOzoneClusterImpl-6e51decf-9dae-44c2-a8bf-5e54805ee5ba/datanode-0/data/ratis/ba0b4dcb-5ed7-4168-8c6c-f0f15963f27a/sm/snapshot.2_75
2019-11-16 00:32:33,365 [665c23fb-f785-472d-b75e-ffede4f7a08a@group-F0F15963F27A-StateMachineUpdater] INFO  ratis.ContainerStateMachine (ContainerStateMachine.java:takeSnapshot(285)) - group-F0F15963F27A: Taking a snapshot at:(t:2, i:75) file /workdir/hadoop-ozone/tools/target/test-dir/MiniOzoneClusterImpl-6e51decf-9dae-44c2-a8bf-5e54805ee5ba/datanode-1/data/ratis/ba0b4dcb-5ed7-4168-8c6c-f0f15963f27a/sm/snapshot.2_75
2019-11-16 00:32:33,388 [e7243d87-5370-48ca-b497-14b49256399d@group-F0F15963F27A-StateMachineUpdater] INFO  ratis.ContainerStateMachine (ContainerStateMachine.java:takeSnapshot(296)) - group-F0F15963F27A: Finished taking a snapshot at:(t:2, i:75) file:/workdir/hadoop-ozone/tools/target/test-dir/MiniOzoneClusterImpl-6e51decf-9dae-44c2-a8bf-5e54805ee5ba/datanode-0/data/ratis/ba0b4dcb-5ed7-4168-8c6c-f0f15963f27a/sm/snapshot.2_75 time:23
2019-11-16 00:32:33,388 [665c23fb-f785-472d-b75e-ffede4f7a08a@group-F0F15963F27A-StateMachineUpdater] INFO  ratis.ContainerStateMachine (ContainerStateMachine.java:takeSnapshot(296)) - group-F0F15963F27A: Finished taking a snapshot at:(t:2, i:75) file:/workdir/hadoop-ozone/tools/target/test-dir/MiniOzoneClusterImpl-6e51decf-9dae-44c2-a8bf-5e54805ee5ba/datanode-1/data/ratis/ba0b4dcb-5ed7-4168-8c6c-f0f15963f27a/sm/snapshot.2_75 time:23
2019-11-16 00:32:33,388 [e7243d87-5370-48ca-b497-14b49256399d@group-F0F15963F27A-StateMachineUpdater] INFO  impl.StateMachineUpdater (StateMachineUpdater.java:takeSnapshot(269)) - e7243d87-5370-48ca-b497-14b49256399d@group-F0F15963F27A-StateMachineUpdater: Took a snapshot at index 75
2019-11-16 00:32:33,388 [e7243d87-5370-48ca-b497-14b49256399d@group-F0F15963F27A-StateMachineUpdater] INFO  impl.StateMachineUpdater (StateMachineUpdater.java:lambda$new$0(84)) - e7243d87-5370-48ca-b497-14b49256399d@group-F0F15963F27A-StateMachineUpdater: snapshotIndex: updateIncreasingly 75 -> 75
2019-11-16 00:32:33,388 [665c23fb-f785-472d-b75e-ffede4f7a08a@group-F0F15963F27A-StateMachineUpdater] INFO  impl.StateMachineUpdater (StateMachineUpdater.java:takeSnapshot(269)) - 665c23fb-f785-472d-b75e-ffede4f7a08a@group-F0F15963F27A-StateMachineUpdater: Took a snapshot at index 75
2019-11-16 00:32:33,388 [665c23fb-f785-472d-b75e-ffede4f7a08a@group-F0F15963F27A-StateMachineUpdater] INFO  impl.StateMachineUpdater (StateMachineUpdater.java:lambda$new$0(84)) - 665c23fb-f785-472d-b75e-ffede4f7a08a@group-F0F15963F27A-StateMachineUpdater: snapshotIndex: updateIncreasingly 75 -> 75
2019-11-16 00:32:33,389 [Command processor thread] INFO  impl.RaftServerImpl (ServerState.java:close(387)) - e7243d87-5370-48ca-b497-14b49256399d@group-F0F15963F27A: closes. applyIndex: 77
2019-11-16 00:32:33,389 [Command processor thread] INFO  impl.RaftServerImpl (ServerState.java:close(387)) - 665c23fb-f785-472d-b75e-ffede4f7a08a@group-F0F15963F27A: closes. applyIndex: 77
2019-11-16 00:32:33,389 [e7243d87-5370-48ca-b497-14b49256399d@group-F0F15963F27A-SegmentedRaftLogWorker] INFO  segmented.SegmentedRaftLogWorker (SegmentedRaftLogWorker.java:run(316)) - e7243d87-5370-48ca-b497-14b49256399d@group-F0F15963F27A-SegmentedRaftLogWorker was interrupted, exiting. There are 0 tasks remaining in the queue.
2019-11-16 00:32:33,390 [Command processor thread] INFO  segmented.SegmentedRaftLogWorker (SegmentedRaftLogWorker.java:close(224)) - e7243d87-5370-48ca-b497-14b49256399d@group-F0F15963F27A-SegmentedRaftLogWorker close()
2019-11-16 00:32:33,392 [665c23fb-f785-472d-b75e-ffede4f7a08a@group-F0F15963F27A-SegmentedRaftLogWorker] INFO  segmented.SegmentedRaftLogWorker (SegmentedRaftLogWorker.java:run(316)) - 665c23fb-f785-472d-b75e-ffede4f7a08a@group-F0F15963F27A-SegmentedRaftLogWorker was interrupted, exiting. There are 0 tasks remaining in the queue.
2019-11-16 00:32:33,393 [Command processor thread] INFO  segmented.SegmentedRaftLogWorker (SegmentedRaftLogWorker.java:close(224)) - 665c23fb-f785-472d-b75e-ffede4f7a08a@group-F0F15963F27A-SegmentedRaftLogWorker close()
2019-11-16 00:32:33,434 [Command processor thread] INFO  interfaces.Container (KeyValueContainer.java:flushAndSyncDB(400)) - Container 1 is synced with bcsId 59.
2019-11-16 00:32:33,434 [Command processor thread] INFO  interfaces.Container (KeyValueContainer.java:flushAndSyncDB(400)) - Container 1 is synced with bcsId 59.
2019-11-16 00:32:33,435 [Command processor thread] INFO  interfaces.Container (KeyValueContainer.java:flushAndSyncDB(400)) - Container 1 is synced with bcsId 59.
2019-11-16 00:32:33,435 [Command processor thread] INFO  interfaces.Container (KeyValueContainer.java:flushAndSyncDB(400)) - Container 1 is synced with bcsId 59.
2019-11-16 00:32:33,499 [Command processor thread] INFO  interfaces.Container (KeyValueContainer.java:flushAndSyncDB(400)) - Container 2 is synced with bcsId 75.
2019-11-16 00:32:33,499 [Command processor thread] INFO  interfaces.Container (KeyValueContainer.java:flushAndSyncDB(400)) - Container 2 is synced with bcsId 75.
2019-11-16 00:32:33,499 [Command processor thread] INFO  interfaces.Container (KeyValueContainer.java:flushAndSyncDB(400)) - Container 2 is synced with bcsId 75.
2019-11-16 00:32:33,499 [Command processor thread] INFO  interfaces.Container (KeyValueContainer.java:flushAndSyncDB(400)) - Container 2 is synced with bcsId 75.
 0.00% |?                                                                                                    |  0/1 Time: 0:00:032019-11-16 00:32:33,580 [Command processor thread] INFO  interfaces.Container (KeyValueContainer.java:flushAndSyncDB(400)) - Container 3 is synced with bcsId 42.
2019-11-16 00:32:33,580 [Command processor thread] INFO  interfaces.Container (KeyValueContainer.java:flushAndSyncDB(400)) - Container 3 is synced with bcsId 42.
2019-11-16 00:32:33,581 [Command processor thread] INFO  interfaces.Container (KeyValueContainer.java:flushAndSyncDB(400)) - Container 3 is synced with bcsId 42.
2019-11-16 00:32:33,581 [Command processor thread] INFO  interfaces.Container (KeyValueContainer.java:flushAndSyncDB(400)) - Container 3 is synced with bcsId 42.
2019-11-16 00:32:33,606 [Command processor thread] INFO  commandhandler.ClosePipelineCommandHandler (ClosePipelineCommandHandler.java:handle(78)) - Close Pipeline #id: "ba0b4dcb-5ed7-4168-8c6c-f0f15963f27a"
 command on datanode #e7243d87-5370-48ca-b497-14b49256399d.
2019-11-16 00:32:33,608 [Command processor thread] INFO  commandhandler.ClosePipelineCommandHandler (ClosePipelineCommandHandler.java:handle(78)) - Close Pipeline #id: "ba0b4dcb-5ed7-4168-8c6c-f0f15963f27a"
 command on datanode #665c23fb-f785-472d-b75e-ffede4f7a08a.
2019-11-16 00:32:33,608 [Command processor thread] INFO  impl.RaftServerProxy (RaftServerProxy.java:addNew(89)) - e7243d87-5370-48ca-b497-14b49256399d: addNew group-A9F4DEF02DAB:[665c23fb-f785-472d-b75e-ffede4f7a08a:192.168.157.213:40679, e7243d87-5370-48ca-b497-14b49256399d:192.168.157.213:41168, 15c49baa-33ff-4bc2-aee5-3f5fe3ed4c47:192.168.157.213:40223] returns group-A9F4DEF02DAB:java.util.concurrent.CompletableFuture@54fb5919[Not completed]
2019-11-16 00:32:33,608 [Command processor thread] INFO  impl.RaftServerProxy (RaftServerProxy.java:addNew(89)) - 665c23fb-f785-472d-b75e-ffede4f7a08a: addNew group-A9F4DEF02DAB:[665c23fb-f785-472d-b75e-ffede4f7a08a:192.168.157.213:40679, e7243d87-5370-48ca-b497-14b49256399d:192.168.157.213:41168, 15c49baa-33ff-4bc2-aee5-3f5fe3ed4c47:192.168.157.213:40223] returns group-A9F4DEF02DAB:java.util.concurrent.CompletableFuture@4e1320e7[Not completed]
2019-11-16 00:32:33,611 [pool-27-thread-1] INFO  impl.RaftServerImpl (RaftServerImpl.java:<init>(98)) - e7243d87-5370-48ca-b497-14b49256399d: new RaftServerImpl for group-A9F4DEF02DAB:[665c23fb-f785-472d-b75e-ffede4f7a08a:192.168.157.213:40679, e7243d87-5370-48ca-b497-14b49256399d:192.168.157.213:41168, 15c49baa-33ff-4bc2-aee5-3f5fe3ed4c47:192.168.157.213:40223] with ContainerStateMachine:uninitialized
2019-11-16 00:32:33,612 [pool-27-thread-1] INFO  server.RaftServerConfigKeys (ConfUtils.java:logGet(43)) - raft.server.rpc.timeout.min = 5s (custom)
2019-11-16 00:32:33,612 [pool-27-thread-1] INFO  server.RaftServerConfigKeys (ConfUtils.java:logGet(43)) - raft.server.rpc.timeout.max = 5200ms (custom)
2019-11-16 00:32:33,612 [pool-27-thread-1] INFO  server.RaftServerConfigKeys (ConfUtils.java:logGet(43)) - raft.server.rpcslowness.timeout = 120s (custom)
2019-11-16 00:32:33,612 [pool-27-thread-1] INFO  server.RaftServerConfigKeys (ConfUtils.java:logGet(43)) - raft.server.sleep.deviation.threshold = 300 (default)
2019-11-16 00:32:33,612 [pool-27-thread-1] INFO  server.RaftServerConfigKeys (ConfUtils.java:logGet(43)) - raft.server.log.appender.install.snapshot.enabled = false (custom)
2019-11-16 00:32:33,612 [pool-27-thread-1] INFO  impl.RaftServerImpl (ServerState.java:<init>(103)) - e7243d87-5370-48ca-b497-14b49256399d@group-A9F4DEF02DAB: ConfigurationManager, init=-1: [665c23fb-f785-472d-b75e-ffede4f7a08a:192.168.157.213:40679, e7243d87-5370-48ca-b497-14b49256399d:192.168.157.213:41168, 15c49baa-33ff-4bc2-aee5-3f5fe3ed4c47:192.168.157.213:40223], old=null, confs=<EMPTY_MAP>
2019-11-16 00:32:33,613 [pool-27-thread-1] INFO  server.RaftServerConfigKeys (ConfUtils.java:logGet(43)) - raft.server.storage.dir = [/workdir/hadoop-ozone/tools/target/test-dir/MiniOzoneClusterImpl-6e51decf-9dae-44c2-a8bf-5e54805ee5ba/datanode-0/data/ratis] (custom)
2019-11-16 00:32:33,613 [pool-27-thread-1] INFO  server.RaftServerConfigKeys (ConfUtils.java:logGet(43)) - raft.server.log.corruption.policy = EXCEPTION (default)
2019-11-16 00:32:33,613 [pool-27-thread-1] INFO  storage.RaftStorageDirectory (RaftStorageDirectory.java:analyzeStorage(246)) - The storage directory /workdir/hadoop-ozone/tools/target/test-dir/MiniOzoneClusterImpl-6e51decf-9dae-44c2-a8bf-5e54805ee5ba/datanode-0/data/ratis/79de2ab8-cf59-405e-8499-a9f4def02dab does not exist. Creating ...
2019-11-16 00:32:33,613 [pool-37-thread-1] INFO  impl.RaftServerImpl (RaftServerImpl.java:<init>(98)) - 665c23fb-f785-472d-b75e-ffede4f7a08a: new RaftServerImpl for group-A9F4DEF02DAB:[665c23fb-f785-472d-b75e-ffede4f7a08a:192.168.157.213:40679, e7243d87-5370-48ca-b497-14b49256399d:192.168.157.213:41168, 15c49baa-33ff-4bc2-aee5-3f5fe3ed4c47:192.168.157.213:40223] with ContainerStateMachine:uninitialized
2019-11-16 00:32:33,614 [pool-37-thread-1] INFO  server.RaftServerConfigKeys (ConfUtils.java:logGet(43)) - raft.server.rpc.timeout.min = 5s (custom)
2019-11-16 00:32:33,614 [pool-37-thread-1] INFO  server.RaftServerConfigKeys (ConfUtils.java:logGet(43)) - raft.server.rpc.timeout.max = 5200ms (custom)
2019-11-16 00:32:33,614 [pool-37-thread-1] INFO  server.RaftServerConfigKeys (ConfUtils.java:logGet(43)) - raft.server.rpcslowness.timeout = 120s (custom)
2019-11-16 00:32:33,614 [pool-37-thread-1] INFO  server.RaftServerConfigKeys (ConfUtils.java:logGet(43)) - raft.server.sleep.deviation.threshold = 300 (default)
2019-11-16 00:32:33,614 [pool-37-thread-1] INFO  server.RaftServerConfigKeys (ConfUtils.java:logGet(43)) - raft.server.log.appender.install.snapshot.enabled = false (custom)
2019-11-16 00:32:33,614 [pool-37-thread-1] INFO  impl.RaftServerImpl (ServerState.java:<init>(103)) - 665c23fb-f785-472d-b75e-ffede4f7a08a@group-A9F4DEF02DAB: ConfigurationManager, init=-1: [665c23fb-f785-472d-b75e-ffede4f7a08a:192.168.157.213:40679, e7243d87-5370-48ca-b497-14b49256399d:192.168.157.213:41168, 15c49baa-33ff-4bc2-aee5-3f5fe3ed4c47:192.168.157.213:40223], old=null, confs=<EMPTY_MAP>
2019-11-16 00:32:33,615 [pool-37-thread-1] INFO  server.RaftServerConfigKeys (ConfUtils.java:logGet(43)) - raft.server.storage.dir = [/workdir/hadoop-ozone/tools/target/test-dir/MiniOzoneClusterImpl-6e51decf-9dae-44c2-a8bf-5e54805ee5ba/datanode-1/data/ratis] (custom)
2019-11-16 00:32:33,615 [pool-37-thread-1] INFO  server.RaftServerConfigKeys (ConfUtils.java:logGet(43)) - raft.server.log.corruption.policy = EXCEPTION (default)
2019-11-16 00:32:33,615 [pool-37-thread-1] INFO  storage.RaftStorageDirectory (RaftStorageDirectory.java:analyzeStorage(246)) - The storage directory /workdir/hadoop-ozone/tools/target/test-dir/MiniOzoneClusterImpl-6e51decf-9dae-44c2-a8bf-5e54805ee5ba/datanode-1/data/ratis/79de2ab8-cf59-405e-8499-a9f4def02dab does not exist. Creating ...
2019-11-16 00:32:33,640 [pool-27-thread-1] INFO  storage.RaftStorageDirectory (RaftStorageDirectory.java:tryLock(328)) - Lock on /workdir/hadoop-ozone/tools/target/test-dir/MiniOzoneClusterImpl-6e51decf-9dae-44c2-a8bf-5e54805ee5ba/datanode-0/data/ratis/79de2ab8-cf59-405e-8499-a9f4def02dab/in_use.lock acquired by nodename 31206@pr-hdds-2405-pxz29-3682914721
2019-11-16 00:32:33,640 [pool-37-thread-1] INFO  storage.RaftStorageDirectory (RaftStorageDirectory.java:tryLock(328)) - Lock on /workdir/hadoop-ozone/tools/target/test-dir/MiniOzoneClusterImpl-6e51decf-9dae-44c2-a8bf-5e54805ee5ba/datanode-1/data/ratis/79de2ab8-cf59-405e-8499-a9f4def02dab/in_use.lock acquired by nodename 31206@pr-hdds-2405-pxz29-3682914721
2019-11-16 00:32:33,666 [pool-37-thread-1] INFO  storage.RaftStorage (RaftStorage.java:format(84)) - Storage directory /workdir/hadoop-ozone/tools/target/test-dir/MiniOzoneClusterImpl-6e51decf-9dae-44c2-a8bf-5e54805ee5ba/datanode-1/data/ratis/79de2ab8-cf59-405e-8499-a9f4def02dab has been successfully formatted.
2019-11-16 00:32:33,666 [pool-27-thread-1] INFO  storage.RaftStorage (RaftStorage.java:format(84)) - Storage directory /workdir/hadoop-ozone/tools/target/test-dir/MiniOzoneClusterImpl-6e51decf-9dae-44c2-a8bf-5e54805ee5ba/datanode-0/data/ratis/79de2ab8-cf59-405e-8499-a9f4def02dab has been successfully formatted.
2019-11-16 00:32:33,666 [pool-37-thread-1] INFO  ratis.ContainerStateMachine (ContainerStateMachine.java:loadSnapshot(223)) - group-A9F4DEF02DAB: The snapshot info is null. Setting the last applied indexto:(t:0, i:~)
2019-11-16 00:32:33,666 [pool-27-thread-1] INFO  ratis.ContainerStateMachine (ContainerStateMachine.java:loadSnapshot(223)) - group-A9F4DEF02DAB: The snapshot info is null. Setting the last applied indexto:(t:0, i:~)
2019-11-16 00:32:33,666 [pool-37-thread-1] INFO  server.RaftServerConfigKeys (ConfUtils.java:logGet(43)) - raft.server.notification.no-leader.timeout = 120s (custom)
2019-11-16 00:32:33,666 [pool-27-thread-1] INFO  server.RaftServerConfigKeys (ConfUtils.java:logGet(43)) - raft.server.notification.no-leader.timeout = 120s (custom)
2019-11-16 00:32:33,666 [pool-37-thread-1] INFO  server.RaftServerConfigKeys (ConfUtils.java:logGet(43)) - raft.server.log.use.memory = false (default)
2019-11-16 00:32:33,666 [pool-27-thread-1] INFO  server.RaftServerConfigKeys (ConfUtils.java:logGet(43)) - raft.server.log.use.memory = false (default)
2019-11-16 00:32:33,667 [pool-37-thread-1] INFO  server.RaftServerConfigKeys (ConfUtils.java:logGet(43)) - raft.server.log.purge.gap = 1000000 (custom)
2019-11-16 00:32:33,667 [pool-27-thread-1] INFO  server.RaftServerConfigKeys (ConfUtils.java:logGet(43)) - raft.server.log.purge.gap = 1000000 (custom)
2019-11-16 00:32:33,667 [pool-37-thread-1] INFO  server.RaftServerConfigKeys (ConfUtils.java:logGet(43)) - raft.server.log.appender.buffer.byte-limit = 33554432 (custom)
2019-11-16 00:32:33,667 [pool-27-thread-1] INFO  server.RaftServerConfigKeys (ConfUtils.java:logGet(43)) - raft.server.log.appender.buffer.byte-limit = 33554432 (custom)
2019-11-16 00:32:33,667 [pool-37-thread-1] INFO  server.RaftServerConfigKeys (ConfUtils.java:logGet(43)) - raft.server.log.segment.size.max = 1048576 (custom)
2019-11-16 00:32:33,667 [pool-27-thread-1] INFO  server.RaftServerConfigKeys (ConfUtils.java:logGet(43)) - raft.server.log.segment.size.max = 1048576 (custom)
2019-11-16 00:32:33,667 [pool-37-thread-1] INFO  server.RaftServerConfigKeys (ConfUtils.java:logGet(43)) - raft.server.log.segment.cache.num.max = 2 (custom)
2019-11-16 00:32:33,667 [pool-27-thread-1] INFO  server.RaftServerConfigKeys (ConfUtils.java:logGet(43)) - raft.server.log.segment.cache.num.max = 2 (custom)
2019-11-16 00:32:33,667 [pool-37-thread-1] INFO  segmented.SegmentedRaftLogWorker (SegmentedRaftLogWorker.java:<init>(173)) - new 665c23fb-f785-472d-b75e-ffede4f7a08a@group-A9F4DEF02DAB-SegmentedRaftLogWorker for RaftStorage:Storage Directory /workdir/hadoop-ozone/tools/target/test-dir/MiniOzoneClusterImpl-6e51decf-9dae-44c2-a8bf-5e54805ee5ba/datanode-1/data/ratis/79de2ab8-cf59-405e-8499-a9f4def02dab
2019-11-16 00:32:33,667 [pool-27-thread-1] INFO  segmented.SegmentedRaftLogWorker (SegmentedRaftLogWorker.java:<init>(173)) - new e7243d87-5370-48ca-b497-14b49256399d@group-A9F4DEF02DAB-SegmentedRaftLogWorker for RaftStorage:Storage Directory /workdir/hadoop-ozone/tools/target/test-dir/MiniOzoneClusterImpl-6e51decf-9dae-44c2-a8bf-5e54805ee5ba/datanode-0/data/ratis/79de2ab8-cf59-405e-8499-a9f4def02dab
2019-11-16 00:32:33,667 [pool-37-thread-1] INFO  server.RaftServerConfigKeys (ConfUtils.java:logGet(43)) - raft.server.log.queue.byte-limit = 2147483647 (custom)
2019-11-16 00:32:33,668 [pool-27-thread-1] INFO  server.RaftServerConfigKeys (ConfUtils.java:logGet(43)) - raft.server.log.queue.byte-limit = 2147483647 (custom)
2019-11-16 00:32:33,668 [pool-37-thread-1] INFO  server.RaftServerConfigKeys (ConfUtils.java:logGet(43)) - raft.server.log.queue.element-limit = 1024 (custom)
2019-11-16 00:32:33,668 [pool-27-thread-1] INFO  server.RaftServerConfigKeys (ConfUtils.java:logGet(43)) - raft.server.log.queue.element-limit = 1024 (custom)
2019-11-16 00:32:33,668 [pool-37-thread-1] INFO  server.RaftServerConfigKeys (ConfUtils.java:logGet(43)) - raft.server.log.segment.size.max = 1048576 (custom)
2019-11-16 00:32:33,668 [pool-27-thread-1] INFO  server.RaftServerConfigKeys (ConfUtils.java:logGet(43)) - raft.server.log.segment.size.max = 1048576 (custom)
2019-11-16 00:32:33,668 [pool-37-thread-1] INFO  server.RaftServerConfigKeys (ConfUtils.java:logGet(43)) - raft.server.log.preallocated.size = 16384 (custom)
2019-11-16 00:32:33,668 [pool-27-thread-1] INFO  server.RaftServerConfigKeys (ConfUtils.java:logGet(43)) - raft.server.log.preallocated.size = 16384 (custom)
2019-11-16 00:32:33,668 [pool-37-thread-1] INFO  server.RaftServerConfigKeys (ConfUtils.java:logGet(43)) - raft.server.log.write.buffer.size = 33554432 (custom)
2019-11-16 00:32:33,668 [pool-27-thread-1] INFO  server.RaftServerConfigKeys (ConfUtils.java:logGet(43)) - raft.server.log.write.buffer.size = 33554432 (custom)
2019-11-16 00:32:33,668 [pool-37-thread-1] INFO  server.RaftServerConfigKeys (ConfUtils.java:logGet(43)) - raft.server.log.force.sync.num = 128 (default)
2019-11-16 00:32:33,668 [pool-27-thread-1] INFO  server.RaftServerConfigKeys (ConfUtils.java:logGet(43)) - raft.server.log.force.sync.num = 128 (default)
2019-11-16 00:32:33,668 [pool-37-thread-1] INFO  server.RaftServerConfigKeys (ConfUtils.java:logGet(43)) - raft.server.log.statemachine.data.sync = true (default)
2019-11-16 00:32:33,668 [pool-27-thread-1] INFO  server.RaftServerConfigKeys (ConfUtils.java:logGet(43)) - raft.server.log.statemachine.data.sync = true (default)
2019-11-16 00:32:33,669 [pool-37-thread-1] INFO  server.RaftServerConfigKeys (ConfUtils.java:logGet(43)) - raft.server.log.statemachine.data.sync.timeout = 10s (default)
2019-11-16 00:32:33,669 [pool-27-thread-1] INFO  server.RaftServerConfigKeys (ConfUtils.java:logGet(43)) - raft.server.log.statemachine.data.sync.timeout = 10s (default)
2019-11-16 00:32:33,669 [pool-37-thread-1] INFO  server.RaftServerConfigKeys (ConfUtils.java:logGet(43)) - raft.server.log.statemachine.data.sync.timeout.retry = -1 (default)
2019-11-16 00:32:33,669 [pool-27-thread-1] INFO  server.RaftServerConfigKeys (ConfUtils.java:logGet(43)) - raft.server.log.statemachine.data.sync.timeout.retry = -1 (default)
2019-11-16 00:32:33,669 [pool-37-thread-1] INFO  server.RaftServerConfigKeys (ConfUtils.java:logGet(43)) - raft.server.log.statemachine.data.caching.enabled = true (custom)
2019-11-16 00:32:33,669 [pool-27-thread-1] INFO  server.RaftServerConfigKeys (ConfUtils.java:logGet(43)) - raft.server.log.statemachine.data.caching.enabled = true (custom)
2019-11-16 00:32:33,669 [pool-27-thread-1] INFO  segmented.SegmentedRaftLogWorker (SegmentedRaftLogWorker.java:lambda$new$0(128)) - e7243d87-5370-48ca-b497-14b49256399d@group-A9F4DEF02DAB-SegmentedRaftLogWorker: flushIndex: setUnconditionally 0 -> -1
2019-11-16 00:32:33,669 [pool-37-thread-1] INFO  segmented.SegmentedRaftLogWorker (SegmentedRaftLogWorker.java:lambda$new$0(128)) - 665c23fb-f785-472d-b75e-ffede4f7a08a@group-A9F4DEF02DAB-SegmentedRaftLogWorker: flushIndex: setUnconditionally 0 -> -1
2019-11-16 00:32:33,669 [pool-27-thread-1] INFO  server.RaftServerConfigKeys (ConfUtils.java:logGet(43)) - raft.server.snapshot.auto.trigger.enabled = true (custom)
2019-11-16 00:32:33,670 [pool-37-thread-1] INFO  server.RaftServerConfigKeys (ConfUtils.java:logGet(43)) - raft.server.snapshot.auto.trigger.enabled = true (custom)
2019-11-16 00:32:33,670 [pool-27-thread-1] INFO  server.RaftServerConfigKeys (ConfUtils.java:logGet(43)) - raft.server.snapshot.auto.trigger.threshold = 10000 (custom)
2019-11-16 00:32:33,670 [pool-37-thread-1] INFO  server.RaftServerConfigKeys (ConfUtils.java:logGet(43)) - raft.server.snapshot.auto.trigger.threshold = 10000 (custom)
2019-11-16 00:32:33,670 [pool-27-thread-1] INFO  server.RaftServerConfigKeys (ConfUtils.java:logGet(43)) - raft.server.snapshot.retention.file.num = 5 (custom)
2019-11-16 00:32:33,670 [pool-37-thread-1] INFO  server.RaftServerConfigKeys (ConfUtils.java:logGet(43)) - raft.server.snapshot.retention.file.num = 5 (custom)
2019-11-16 00:32:33,670 [pool-27-thread-1] INFO  server.RaftServerConfigKeys (ConfUtils.java:logGet(43)) - raft.server.retrycache.expirytime = 600000ms (custom)
2019-11-16 00:32:33,670 [pool-37-thread-1] INFO  server.RaftServerConfigKeys (ConfUtils.java:logGet(43)) - raft.server.retrycache.expirytime = 600000ms (custom)
2019-11-16 00:32:33,670 [pool-27-thread-1] WARN  impl.MetricRegistriesImpl (MetricRegistriesImpl.java:lambda$create$1(61)) - First MetricRegistry has been created without registering reporters. You may need to call MetricRegistries.global().addReportRegistration(...) before.
2019-11-16 00:32:33,670 [pool-37-thread-1] WARN  impl.MetricRegistriesImpl (MetricRegistriesImpl.java:lambda$create$1(61)) - First MetricRegistry has been created without registering reporters. You may need to call MetricRegistries.global().addReportRegistration(...) before.
2019-11-16 00:32:33,670 [pool-27-thread-1] WARN  impl.MetricRegistriesImpl (MetricRegistriesImpl.java:lambda$create$1(61)) - First MetricRegistry has been created without registering reporters. You may need to call MetricRegistries.global().addReportRegistration(...) before.
2019-11-16 00:32:33,670 [pool-37-thread-1] WARN  impl.MetricRegistriesImpl (MetricRegistriesImpl.java:lambda$create$1(61)) - First MetricRegistry has been created without registering reporters. You may need to call MetricRegistries.global().addReportRegistration(...) before.
2019-11-16 00:32:33,670 [pool-27-thread-1] INFO  impl.RaftServerImpl (RaftServerImpl.java:start(184)) - e7243d87-5370-48ca-b497-14b49256399d@group-A9F4DEF02DAB: start as a follower, conf=-1: [665c23fb-f785-472d-b75e-ffede4f7a08a:192.168.157.213:40679, e7243d87-5370-48ca-b497-14b49256399d:192.168.157.213:41168, 15c49baa-33ff-4bc2-aee5-3f5fe3ed4c47:192.168.157.213:40223], old=null
2019-11-16 00:32:33,670 [pool-37-thread-1] INFO  impl.RaftServerImpl (RaftServerImpl.java:start(184)) - 665c23fb-f785-472d-b75e-ffede4f7a08a@group-A9F4DEF02DAB: start as a follower, conf=-1: [665c23fb-f785-472d-b75e-ffede4f7a08a:192.168.157.213:40679, e7243d87-5370-48ca-b497-14b49256399d:192.168.157.213:41168, 15c49baa-33ff-4bc2-aee5-3f5fe3ed4c47:192.168.157.213:40223], old=null
2019-11-16 00:32:33,671 [pool-27-thread-1] INFO  impl.RaftServerImpl (RaftServerImpl.java:setRole(173)) - e7243d87-5370-48ca-b497-14b49256399d@group-A9F4DEF02DAB: changes role from      null to FOLLOWER at term 0 for startAsFollower
2019-11-16 00:32:33,671 [pool-37-thread-1] INFO  impl.RaftServerImpl (RaftServerImpl.java:setRole(173)) - 665c23fb-f785-472d-b75e-ffede4f7a08a@group-A9F4DEF02DAB: changes role from      null to FOLLOWER at term 0 for startAsFollower
2019-11-16 00:32:33,671 [pool-27-thread-1] INFO  impl.RoleInfo (RoleInfo.java:updateAndGet(143)) - e7243d87-5370-48ca-b497-14b49256399d: start FollowerState
2019-11-16 00:32:33,671 [pool-37-thread-1] INFO  impl.RoleInfo (RoleInfo.java:updateAndGet(143)) - 665c23fb-f785-472d-b75e-ffede4f7a08a: start FollowerState
2019-11-16 00:32:33,671 [pool-27-thread-1] INFO  util.JmxRegister (JmxRegister.java:tryRegister(44)) - Successfully registered JMX Bean with object name Ratis:service=RaftServer,group=group-A9F4DEF02DAB,id=e7243d87-5370-48ca-b497-14b49256399d
2019-11-16 00:32:33,671 [pool-37-thread-1] INFO  util.JmxRegister (JmxRegister.java:tryRegister(44)) - Successfully registered JMX Bean with object name Ratis:service=RaftServer,group=group-A9F4DEF02DAB,id=665c23fb-f785-472d-b75e-ffede4f7a08a
2019-11-16 00:32:33,671 [pool-27-thread-1] WARN  impl.MetricRegistriesImpl (MetricRegistriesImpl.java:lambda$create$1(61)) - First MetricRegistry has been created without registering reporters. You may need to call MetricRegistries.global().addReportRegistration(...) before.
2019-11-16 00:32:33,671 [pool-37-thread-1] WARN  impl.MetricRegistriesImpl (MetricRegistriesImpl.java:lambda$create$1(61)) - First MetricRegistry has been created without registering reporters. You may need to call MetricRegistries.global().addReportRegistration(...) before.
2019-11-16 00:32:33,672 [Command processor thread] INFO  commandhandler.CreatePipelineCommandHandler (CreatePipelineCommandHandler.java:handle(86)) - Create Pipeline RATIS THREE #id: "79de2ab8-cf59-405e-8499-a9f4def02dab"
 command succeed on datanode e7243d87-5370-48ca-b497-14b49256399d.
2019-11-16 00:32:33,672 [Command processor thread] INFO  commandhandler.CreatePipelineCommandHandler (CreatePipelineCommandHandler.java:handle(86)) - Create Pipeline RATIS THREE #id: "79de2ab8-cf59-405e-8499-a9f4def02dab"
 command succeed on datanode 665c23fb-f785-472d-b75e-ffede4f7a08a.
2019-11-16 00:32:33,673 [EventQueue-PipelineReportForPipelineReportHandler] INFO  pipeline.PipelineReportHandler (PipelineReportHandler.java:processPipelineReport(113)) - Pipeline THREE PipelineID=79de2ab8-cf59-405e-8499-a9f4def02dab reported by 665c23fb-f785-472d-b75e-ffede4f7a08a{ip: 192.168.157.213, host: pr-hdds-2405-pxz29-3682914721, networkLocation: /default-rack, certSerialId: null}
2019-11-16 00:32:33,673 [EventQueue-PipelineReportForPipelineReportHandler] INFO  pipeline.PipelineReportHandler (PipelineReportHandler.java:processPipelineReport(113)) - Pipeline THREE PipelineID=79de2ab8-cf59-405e-8499-a9f4def02dab reported by e7243d87-5370-48ca-b497-14b49256399d{ip: 192.168.157.213, host: pr-hdds-2405-pxz29-3682914721, networkLocation: /default-rack, certSerialId: null}
 0.00% |?                                                                                                    |  0/1 Time: 0:00:04 100.00% |?????????????????????????????????????????????????????????????????????????????????????????????????????|  1/1 Time: 0:00:05
2019-11-16 00:32:37,658 [Thread-463] INFO  impl.FollowerState (FollowerState.java:run(111)) - 15c49baa-33ff-4bc2-aee5-3f5fe3ed4c47@group-A9F4DEF02DAB-FollowerState: change to CANDIDATE, lastRpcTime:5009ms, electionTimeout:5009ms
2019-11-16 00:32:37,658 [Thread-463] INFO  impl.RoleInfo (RoleInfo.java:shutdownFollowerState(121)) - 15c49baa-33ff-4bc2-aee5-3f5fe3ed4c47: shutdown FollowerState
2019-11-16 00:32:37,658 [Thread-463] INFO  impl.RaftServerImpl (RaftServerImpl.java:setRole(173)) - 15c49baa-33ff-4bc2-aee5-3f5fe3ed4c47@group-A9F4DEF02DAB: changes role from  FOLLOWER to CANDIDATE at term 0 for changeToCandidate
2019-11-16 00:32:37,659 [Thread-463] INFO  impl.RoleInfo (RoleInfo.java:updateAndGet(143)) - 15c49baa-33ff-4bc2-aee5-3f5fe3ed4c47: start LeaderElection
2019-11-16 00:32:37,700 [15c49baa-33ff-4bc2-aee5-3f5fe3ed4c47@group-A9F4DEF02DAB-LeaderElection8] INFO  impl.LeaderElection (LeaderElection.java:askForVotes(178)) - 15c49baa-33ff-4bc2-aee5-3f5fe3ed4c47@group-A9F4DEF02DAB-LeaderElection8: begin an election at term 1 for -1: [665c23fb-f785-472d-b75e-ffede4f7a08a:192.168.157.213:40679, e7243d87-5370-48ca-b497-14b49256399d:192.168.157.213:41168, 15c49baa-33ff-4bc2-aee5-3f5fe3ed4c47:192.168.157.213:40223], old=null
2019-11-16 00:32:37,719 [grpc-default-executor-1] INFO  impl.RaftServerImpl (RaftServerImpl.java:setRole(173)) - e7243d87-5370-48ca-b497-14b49256399d@group-A9F4DEF02DAB: changes role from  FOLLOWER to FOLLOWER at term 1 for recognizeCandidate:15c49baa-33ff-4bc2-aee5-3f5fe3ed4c47
2019-11-16 00:32:37,719 [grpc-default-executor-2] INFO  impl.RaftServerImpl (RaftServerImpl.java:setRole(173)) - 665c23fb-f785-472d-b75e-ffede4f7a08a@group-A9F4DEF02DAB: changes role from  FOLLOWER to FOLLOWER at term 1 for recognizeCandidate:15c49baa-33ff-4bc2-aee5-3f5fe3ed4c47
2019-11-16 00:32:37,719 [grpc-default-executor-1] INFO  impl.RoleInfo (RoleInfo.java:shutdownFollowerState(121)) - e7243d87-5370-48ca-b497-14b49256399d: shutdown FollowerState
2019-11-16 00:32:37,719 [grpc-default-executor-2] INFO  impl.RoleInfo (RoleInfo.java:shutdownFollowerState(121)) - 665c23fb-f785-472d-b75e-ffede4f7a08a: shutdown FollowerState
2019-11-16 00:32:37,720 [grpc-default-executor-1] INFO  impl.RoleInfo (RoleInfo.java:updateAndGet(143)) - e7243d87-5370-48ca-b497-14b49256399d: start FollowerState
2019-11-16 00:32:37,720 [grpc-default-executor-2] INFO  impl.RoleInfo (RoleInfo.java:updateAndGet(143)) - 665c23fb-f785-472d-b75e-ffede4f7a08a: start FollowerState
2019-11-16 00:32:37,720 [Thread-466] INFO  impl.FollowerState (FollowerState.java:run(120)) - e7243d87-5370-48ca-b497-14b49256399d@group-A9F4DEF02DAB-FollowerState was interrupted: java.lang.InterruptedException: sleep interrupted
2019-11-16 00:32:37,720 [Thread-467] INFO  impl.FollowerState (FollowerState.java:run(120)) - 665c23fb-f785-472d-b75e-ffede4f7a08a@group-A9F4DEF02DAB-FollowerState was interrupted: java.lang.InterruptedException: sleep interrupted
2019-11-16 00:32:37,754 [15c49baa-33ff-4bc2-aee5-3f5fe3ed4c47@group-A9F4DEF02DAB-LeaderElection8] INFO  impl.LeaderElection (LeaderElection.java:logAndReturn(56)) - 15c49baa-33ff-4bc2-aee5-3f5fe3ed4c47@group-A9F4DEF02DAB-LeaderElection8: Election PASSED; received 1 response(s) [15c49baa-33ff-4bc2-aee5-3f5fe3ed4c47<-e7243d87-5370-48ca-b497-14b49256399d#0:OK-t1] and 0 exception(s); 15c49baa-33ff-4bc2-aee5-3f5fe3ed4c47@group-A9F4DEF02DAB:t1, leader=null, voted=15c49baa-33ff-4bc2-aee5-3f5fe3ed4c47, raftlog=15c49baa-33ff-4bc2-aee5-3f5fe3ed4c47@group-A9F4DEF02DAB-SegmentedRaftLog:OPENED:c-1,f-1,i0, conf=-1: [665c23fb-f785-472d-b75e-ffede4f7a08a:192.168.157.213:40679, e7243d87-5370-48ca-b497-14b49256399d:192.168.157.213:41168, 15c49baa-33ff-4bc2-aee5-3f5fe3ed4c47:192.168.157.213:40223], old=null
2019-11-16 00:32:37,755 [15c49baa-33ff-4bc2-aee5-3f5fe3ed4c47@group-A9F4DEF02DAB-LeaderElection8] INFO  impl.RoleInfo (RoleInfo.java:shutdownLeaderElection(134)) - 15c49baa-33ff-4bc2-aee5-3f5fe3ed4c47: shutdown LeaderElection
2019-11-16 00:32:37,756 [15c49baa-33ff-4bc2-aee5-3f5fe3ed4c47@group-A9F4DEF02DAB-LeaderElection8] INFO  impl.RaftServerImpl (RaftServerImpl.java:setRole(173)) - 15c49baa-33ff-4bc2-aee5-3f5fe3ed4c47@group-A9F4DEF02DAB: changes role from CANDIDATE to LEADER at term 1 for changeToLeader
2019-11-16 00:32:37,756 [15c49baa-33ff-4bc2-aee5-3f5fe3ed4c47@group-A9F4DEF02DAB-LeaderElection8] INFO  ratis.XceiverServerRatis (XceiverServerRatis.java:handleLeaderChangedNotification(733)) - Leader change notification received for group: group-A9F4DEF02DAB with new leaderId: 15c49baa-33ff-4bc2-aee5-3f5fe3ed4c47
2019-11-16 00:32:37,756 [15c49baa-33ff-4bc2-aee5-3f5fe3ed4c47@group-A9F4DEF02DAB-LeaderElection8] INFO  impl.RaftServerImpl (ServerState.java:setLeader(255)) - 15c49baa-33ff-4bc2-aee5-3f5fe3ed4c47@group-A9F4DEF02DAB: change Leader from null to 15c49baa-33ff-4bc2-aee5-3f5fe3ed4c47 at term 1 for becomeLeader, leader elected after 5111ms
2019-11-16 00:32:37,757 [15c49baa-33ff-4bc2-aee5-3f5fe3ed4c47@group-A9F4DEF02DAB-LeaderElection8] INFO  server.RaftServerConfigKeys (ConfUtils.java:logGet(43)) - raft.server.staging.catchup.gap = 1000 (default)
2019-11-16 00:32:37,757 [15c49baa-33ff-4bc2-aee5-3f5fe3ed4c47@group-A9F4DEF02DAB-LeaderElection8] INFO  server.RaftServerConfigKeys (ConfUtils.java:logGet(43)) - raft.server.rpc.sleep.time = 25ms (default)
2019-11-16 00:32:37,757 [15c49baa-33ff-4bc2-aee5-3f5fe3ed4c47@group-A9F4DEF02DAB-LeaderElection8] INFO  server.RaftServerConfigKeys (ConfUtils.java:logGet(43)) - raft.server.write.element-limit = 4096 (default)
2019-11-16 00:32:37,758 [15c49baa-33ff-4bc2-aee5-3f5fe3ed4c47@group-A9F4DEF02DAB-LeaderElection8] INFO  server.RaftServerConfigKeys (ConfUtils.java:logGet(43)) - raft.server.watch.timeout = 10s (default)
2019-11-16 00:32:37,758 [15c49baa-33ff-4bc2-aee5-3f5fe3ed4c47@group-A9F4DEF02DAB-LeaderElection8] INFO  server.RaftServerConfigKeys (ConfUtils.java:logGet(43)) - raft.server.watch.timeout.denomination = 1s (default)
2019-11-16 00:32:37,758 [15c49baa-33ff-4bc2-aee5-3f5fe3ed4c47@group-A9F4DEF02DAB-LeaderElection8] INFO  server.RaftServerConfigKeys (ConfUtils.java:logGet(43)) - raft.server.watch.element-limit = 65536 (default)
2019-11-16 00:32:37,758 [EventQueue-PipelineReportForPipelineReportHandler] INFO  pipeline.PipelineReportHandler (PipelineReportHandler.java:processPipelineReport(113)) - Pipeline THREE PipelineID=79de2ab8-cf59-405e-8499-a9f4def02dab reported by 15c49baa-33ff-4bc2-aee5-3f5fe3ed4c47{ip: 192.168.157.213, host: pr-hdds-2405-pxz29-3682914721, networkLocation: /default-rack, certSerialId: null}
2019-11-16 00:32:37,759 [EventQueue-PipelineReportForPipelineReportHandler] INFO  pipeline.PipelineStateManager (PipelineStateManager.java:openPipeline(132)) - Pipeline Pipeline[ Id: 79de2ab8-cf59-405e-8499-a9f4def02dab, Nodes: e7243d87-5370-48ca-b497-14b49256399d{ip: 192.168.157.213, host: pr-hdds-2405-pxz29-3682914721, networkLocation: /default-rack, certSerialId: null}665c23fb-f785-472d-b75e-ffede4f7a08a{ip: 192.168.157.213, host: pr-hdds-2405-pxz29-3682914721, networkLocation: /default-rack, certSerialId: null}15c49baa-33ff-4bc2-aee5-3f5fe3ed4c47{ip: 192.168.157.213, host: pr-hdds-2405-pxz29-3682914721, networkLocation: /default-rack, certSerialId: null}, Type:RATIS, Factor:THREE, State:ALLOCATED] moved to OPEN state
2019-11-16 00:32:37,759 [15c49baa-33ff-4bc2-aee5-3f5fe3ed4c47@group-A9F4DEF02DAB-LeaderElection8] INFO  server.RaftServerConfigKeys (ConfUtils.java:logGet(43)) - raft.server.log.appender.snapshot.chunk.size.max = 16MB (=16777216) (default)
2019-11-16 00:32:37,760 [15c49baa-33ff-4bc2-aee5-3f5fe3ed4c47@group-A9F4DEF02DAB-LeaderElection8] INFO  server.RaftServerConfigKeys (ConfUtils.java:logGet(43)) - raft.server.log.appender.buffer.byte-limit = 33554432 (custom)
2019-11-16 00:32:37,760 [15c49baa-33ff-4bc2-aee5-3f5fe3ed4c47@group-A9F4DEF02DAB-LeaderElection8] INFO  server.RaftServerConfigKeys (ConfUtils.java:logGet(43)) - raft.server.log.appender.buffer.element-limit = 1 (custom)
2019-11-16 00:32:37,760 [15c49baa-33ff-4bc2-aee5-3f5fe3ed4c47@group-A9F4DEF02DAB-LeaderElection8] INFO  grpc.GrpcConfigKeys$Server (ConfUtils.java:logGet(43)) - raft.grpc.server.leader.outstanding.appends.max = 128 (default)
2019-11-16 00:32:37,761 [15c49baa-33ff-4bc2-aee5-3f5fe3ed4c47@group-A9F4DEF02DAB-LeaderElection8] INFO  server.RaftServerConfigKeys (ConfUtils.java:logGet(43)) - raft.server.rpc.request.timeout = 3000ms (default)
2019-11-16 00:32:37,761 [15c49baa-33ff-4bc2-aee5-3f5fe3ed4c47@group-A9F4DEF02DAB-LeaderElection8] INFO  server.RaftServerConfigKeys (ConfUtils.java:logGet(43)) - raft.server.log.appender.install.snapshot.enabled = false (custom)
2019-11-16 00:32:37,762 [15c49baa-33ff-4bc2-aee5-3f5fe3ed4c47@group-A9F4DEF02DAB-LeaderElection8] WARN  impl.MetricRegistriesImpl (MetricRegistriesImpl.java:lambda$create$1(61)) - First MetricRegistry has been created without registering reporters. You may need to call MetricRegistries.global().addReportRegistration(...) before.
2019-11-16 00:32:37,762 [15c49baa-33ff-4bc2-aee5-3f5fe3ed4c47@group-A9F4DEF02DAB-LeaderElection8] INFO  server.RaftServerConfigKeys (ConfUtils.java:logGet(43)) - raft.server.log.appender.snapshot.chunk.size.max = 16MB (=16777216) (default)
2019-11-16 00:32:37,762 [15c49baa-33ff-4bc2-aee5-3f5fe3ed4c47@group-A9F4DEF02DAB-LeaderElection8] INFO  server.RaftServerConfigKeys (ConfUtils.java:logGet(43)) - raft.server.log.appender.buffer.byte-limit = 33554432 (custom)
2019-11-16 00:32:37,762 [15c49baa-33ff-4bc2-aee5-3f5fe3ed4c47@group-A9F4DEF02DAB-LeaderElection8] INFO  server.RaftServerConfigKeys (ConfUtils.java:logGet(43)) - raft.server.log.appender.buffer.element-limit = 1 (custom)
2019-11-16 00:32:37,762 [15c49baa-33ff-4bc2-aee5-3f5fe3ed4c47@group-A9F4DEF02DAB-LeaderElection8] INFO  grpc.GrpcConfigKeys$Server (ConfUtils.java:logGet(43)) - raft.grpc.server.leader.outstanding.appends.max = 128 (default)
2019-11-16 00:32:37,762 [15c49baa-33ff-4bc2-aee5-3f5fe3ed4c47@group-A9F4DEF02DAB-LeaderElection8] INFO  server.RaftServerConfigKeys (ConfUtils.java:logGet(43)) - raft.server.rpc.request.timeout = 3000ms (default)
2019-11-16 00:32:37,762 [15c49baa-33ff-4bc2-aee5-3f5fe3ed4c47@group-A9F4DEF02DAB-LeaderElection8] INFO  server.RaftServerConfigKeys (ConfUtils.java:logGet(43)) - raft.server.log.appender.install.snapshot.enabled = false (custom)
2019-11-16 00:32:37,763 [15c49baa-33ff-4bc2-aee5-3f5fe3ed4c47@group-A9F4DEF02DAB-LeaderElection8] INFO  impl.RoleInfo (RoleInfo.java:updateAndGet(143)) - 15c49baa-33ff-4bc2-aee5-3f5fe3ed4c47: start LeaderState
2019-11-16 00:32:37,763 [15c49baa-33ff-4bc2-aee5-3f5fe3ed4c47@group-A9F4DEF02DAB-LeaderElection8] INFO  segmented.SegmentedRaftLogWorker (SegmentedRaftLogWorker.java:startLogSegment(385)) - 15c49baa-33ff-4bc2-aee5-3f5fe3ed4c47@group-A9F4DEF02DAB-SegmentedRaftLogWorker: Starting segment from index:0
2019-11-16 00:32:37,764 [15c49baa-33ff-4bc2-aee5-3f5fe3ed4c47@group-A9F4DEF02DAB-LeaderElection8] INFO  impl.RaftServerImpl (ServerState.java:setRaftConf(356)) - 15c49baa-33ff-4bc2-aee5-3f5fe3ed4c47@group-A9F4DEF02DAB: set configuration 0: [665c23fb-f785-472d-b75e-ffede4f7a08a:192.168.157.213:40679, e7243d87-5370-48ca-b497-14b49256399d:192.168.157.213:41168, 15c49baa-33ff-4bc2-aee5-3f5fe3ed4c47:192.168.157.213:40223], old=null at 0
2019-11-16 00:32:37,768 [grpc-default-executor-2] INFO  ratis.XceiverServerRatis (XceiverServerRatis.java:handleLeaderChangedNotification(733)) - Leader change notification received for group: group-A9F4DEF02DAB with new leaderId: 15c49baa-33ff-4bc2-aee5-3f5fe3ed4c47
2019-11-16 00:32:37,790 [grpc-default-executor-1] INFO  ratis.XceiverServerRatis (XceiverServerRatis.java:handleLeaderChangedNotification(733)) - Leader change notification received for group: group-A9F4DEF02DAB with new leaderId: 15c49baa-33ff-4bc2-aee5-3f5fe3ed4c47
2019-11-16 00:32:37,790 [grpc-default-executor-2] INFO  impl.RaftServerImpl (ServerState.java:setLeader(255)) - 665c23fb-f785-472d-b75e-ffede4f7a08a@group-A9F4DEF02DAB: change Leader from null to 15c49baa-33ff-4bc2-aee5-3f5fe3ed4c47 at term 1 for appendEntries, leader elected after 4102ms
2019-11-16 00:32:37,790 [grpc-default-executor-1] INFO  impl.RaftServerImpl (ServerState.java:setLeader(255)) - e7243d87-5370-48ca-b497-14b49256399d@group-A9F4DEF02DAB: change Leader from null to 15c49baa-33ff-4bc2-aee5-3f5fe3ed4c47 at term 1 for appendEntries, leader elected after 4123ms
2019-11-16 00:32:37,794 [grpc-default-executor-1] INFO  impl.RaftServerImpl (ServerState.java:setRaftConf(356)) - e7243d87-5370-48ca-b497-14b49256399d@group-A9F4DEF02DAB: set configuration 0: [665c23fb-f785-472d-b75e-ffede4f7a08a:192.168.157.213:40679, e7243d87-5370-48ca-b497-14b49256399d:192.168.157.213:41168, 15c49baa-33ff-4bc2-aee5-3f5fe3ed4c47:192.168.157.213:40223], old=null at 0
2019-11-16 00:32:37,794 [grpc-default-executor-2] INFO  impl.RaftServerImpl (ServerState.java:setRaftConf(356)) - 665c23fb-f785-472d-b75e-ffede4f7a08a@group-A9F4DEF02DAB: set configuration 0: [665c23fb-f785-472d-b75e-ffede4f7a08a:192.168.157.213:40679, e7243d87-5370-48ca-b497-14b49256399d:192.168.157.213:41168, 15c49baa-33ff-4bc2-aee5-3f5fe3ed4c47:192.168.157.213:40223], old=null at 0
2019-11-16 00:32:37,794 [grpc-default-executor-1] INFO  segmented.SegmentedRaftLogWorker (SegmentedRaftLogWorker.java:startLogSegment(385)) - e7243d87-5370-48ca-b497-14b49256399d@group-A9F4DEF02DAB-SegmentedRaftLogWorker: Starting segment from index:0
2019-11-16 00:32:37,794 [grpc-default-executor-2] INFO  segmented.SegmentedRaftLogWorker (SegmentedRaftLogWorker.java:startLogSegment(385)) - 665c23fb-f785-472d-b75e-ffede4f7a08a@group-A9F4DEF02DAB-SegmentedRaftLogWorker: Starting segment from index:0
2019-11-16 00:32:37,802 [15c49baa-33ff-4bc2-aee5-3f5fe3ed4c47@group-A9F4DEF02DAB-SegmentedRaftLogWorker] INFO  segmented.SegmentedRaftLogWorker (SegmentedRaftLogWorker.java:execute(576)) - 15c49baa-33ff-4bc2-aee5-3f5fe3ed4c47@group-A9F4DEF02DAB-SegmentedRaftLogWorker: created new log segment /workdir/hadoop-ozone/tools/target/test-dir/MiniOzoneClusterImpl-6e51decf-9dae-44c2-a8bf-5e54805ee5ba/datanode-2/data/ratis/79de2ab8-cf59-405e-8499-a9f4def02dab/current/log_inprogress_0
2019-11-16 00:32:37,836 [e7243d87-5370-48ca-b497-14b49256399d@group-A9F4DEF02DAB-SegmentedRaftLogWorker] INFO  segmented.SegmentedRaftLogWorker (SegmentedRaftLogWorker.java:execute(576)) - e7243d87-5370-48ca-b497-14b49256399d@group-A9F4DEF02DAB-SegmentedRaftLogWorker: created new log segment /workdir/hadoop-ozone/tools/target/test-dir/MiniOzoneClusterImpl-6e51decf-9dae-44c2-a8bf-5e54805ee5ba/datanode-0/data/ratis/79de2ab8-cf59-405e-8499-a9f4def02dab/current/log_inprogress_0
2019-11-16 00:32:37,836 [665c23fb-f785-472d-b75e-ffede4f7a08a@group-A9F4DEF02DAB-SegmentedRaftLogWorker] INFO  segmented.SegmentedRaftLogWorker (SegmentedRaftLogWorker.java:execute(576)) - 665c23fb-f785-472d-b75e-ffede4f7a08a@group-A9F4DEF02DAB-SegmentedRaftLogWorker: created new log segment /workdir/hadoop-ozone/tools/target/test-dir/MiniOzoneClusterImpl-6e51decf-9dae-44c2-a8bf-5e54805ee5ba/datanode-1/data/ratis/79de2ab8-cf59-405e-8499-a9f4def02dab/current/log_inprogress_0
]]></system-out>
    <system-err><![CDATA[ERROR StatusLogger No Log4j 2 configuration file found. Using default configuration (logging only errors to the console), or user programmatically provided configurations. Set system property 'log4j2.debug' to show Log4j 2 internal initialization logging. See https://logging.apache.org/log4j/2.x/manual/configuration.html for instructions on how to configure Log4j 2
]]></system-err>
  </testcase>
</testsuite>