<?xml version="1.0" encoding="UTF-8"?>
<testsuite xmlns:xsi="http://www.w3.org/2001/XMLSchema-instance" xsi:noNamespaceSchemaLocation="https://maven.apache.org/surefire/maven-surefire-plugin/xsd/surefire-test-report.xsd" name="org.apache.hadoop.ozone.client.rpc.TestMultiBlockWritesWithDnFailures" time="119.622" tests="2" errors="0" skipped="0" failures="1">
  <properties>
    <property name="awt.toolkit" value="sun.awt.X11.XToolkit"/>
    <property name="file.encoding.pkg" value="sun.io"/>
    <property name="java.specification.version" value="1.8"/>
    <property name="sun.cpu.isalist" value=""/>
    <property name="sun.jnu.encoding" value="ANSI_X3.4-1968"/>
    <property name="java.class.path" value="/workdir/hadoop-ozone/integration-test/target/test-classes:/workdir/hadoop-ozone/integration-test/target/classes:/home/user/.m2/repository/org/apache/hadoop/hadoop-ozone-common/0.5.0-SNAPSHOT/hadoop-ozone-common-0.5.0-SNAPSHOT.jar:/home/user/.m2/repository/org/apache/commons/commons-compress/1.4.1/commons-compress-1.4.1.jar:/home/user/.m2/repository/org/tukaani/xz/1.0/xz-1.0.jar:/home/user/.m2/repository/org/apache/hadoop/hadoop-common/3.2.0/hadoop-common-3.2.0.jar:/home/user/.m2/repository/org/apache/hadoop/hadoop-hdfs/3.2.0/hadoop-hdfs-3.2.0.jar:/home/user/.m2/repository/org/apache/hadoop/hadoop-hdfs-client/3.2.0/hadoop-hdfs-client-3.2.0.jar:/home/user/.m2/repository/com/fasterxml/jackson/core/jackson-annotations/2.9.9/jackson-annotations-2.9.9.jar:/home/user/.m2/repository/org/apache/hadoop/hadoop-hdds-common/0.5.0-SNAPSHOT/hadoop-hdds-common-0.5.0-SNAPSHOT.jar:/home/user/.m2/repository/javax/annotation/javax.annotation-api/1.2/javax.annotation-api-1.2.jar:/home/user/.m2/repository/org/apache/ratis/ratis-server/0.5.0-3f446aa-SNAPSHOT/ratis-server-0.5.0-3f446aa-SNAPSHOT.jar:/home/user/.m2/repository/org/apache/ratis/ratis-thirdparty-misc/0.2.0/ratis-thirdparty-misc-0.2.0.jar:/home/user/.m2/repository/org/apache/ratis/ratis-proto/0.5.0-3f446aa-SNAPSHOT/ratis-proto-0.5.0-3f446aa-SNAPSHOT.jar:/home/user/.m2/repository/org/apache/ratis/ratis-common/0.5.0-3f446aa-SNAPSHOT/ratis-common-0.5.0-3f446aa-SNAPSHOT.jar:/home/user/.m2/repository/org/apache/ratis/ratis-client/0.5.0-3f446aa-SNAPSHOT/ratis-client-0.5.0-3f446aa-SNAPSHOT.jar:/home/user/.m2/repository/org/apache/ratis/ratis-metrics/0.5.0-3f446aa-SNAPSHOT/ratis-metrics-0.5.0-3f446aa-SNAPSHOT.jar:/home/user/.m2/repository/com/github/joshelser/dropwizard-metrics-hadoop-metrics2-reporter/0.1.2/dropwizard-metrics-hadoop-metrics2-reporter-0.1.2.jar:/home/user/.m2/repository/io/dropwizard/metrics/metrics-jvm/3.2.5/metrics-jvm-3.2.5.jar:/home/user/.m2/repository/io/dropwizard/metrics/metrics-ganglia/3.2.5/metrics-ganglia-3.2.5.jar:/home/user/.m2/repository/info/ganglia/gmetric4j/gmetric4j/1.0.7/gmetric4j-1.0.7.jar:/home/user/.m2/repository/org/apache/ratis/ratis-netty/0.5.0-3f446aa-SNAPSHOT/ratis-netty-0.5.0-3f446aa-SNAPSHOT.jar:/home/user/.m2/repository/org/apache/ratis/ratis-grpc/0.5.0-3f446aa-SNAPSHOT/ratis-grpc-0.5.0-3f446aa-SNAPSHOT.jar:/home/user/.m2/repository/org/rocksdb/rocksdbjni/6.0.1/rocksdbjni-6.0.1.jar:/home/user/.m2/repository/org/apache/logging/log4j/log4j-api/2.11.0/log4j-api-2.11.0.jar:/home/user/.m2/repository/org/apache/logging/log4j/log4j-core/2.11.0/log4j-core-2.11.0.jar:/home/user/.m2/repository/com/lmax/disruptor/3.4.2/disruptor-3.4.2.jar:/home/user/.m2/repository/org/apache/commons/commons-pool2/2.6.0/commons-pool2-2.6.0.jar:/home/user/.m2/repository/org/bouncycastle/bcpkix-jdk15on/1.60/bcpkix-jdk15on-1.60.jar:/home/user/.m2/repository/commons-validator/commons-validator/1.6/commons-validator-1.6.jar:/home/user/.m2/repository/commons-digester/commons-digester/1.8.1/commons-digester-1.8.1.jar:/home/user/.m2/repository/io/jaegertracing/jaeger-client/0.34.0/jaeger-client-0.34.0.jar:/home/user/.m2/repository/io/jaegertracing/jaeger-thrift/0.34.0/jaeger-thrift-0.34.0.jar:/home/user/.m2/repository/org/apache/thrift/libthrift/0.12.0/libthrift-0.12.0.jar:/home/user/.m2/repository/com/squareup/okhttp3/okhttp/3.9.0/okhttp-3.9.0.jar:/home/user/.m2/repository/com/squareup/okio/okio/1.13.0/okio-1.13.0.jar:/home/user/.m2/repository/io/jaegertracing/jaeger-core/0.34.0/jaeger-core-0.34.0.jar:/home/user/.m2/repository/io/jaegertracing/jaeger-tracerresolver/0.34.0/jaeger-tracerresolver-0.34.0.jar:/home/user/.m2/repository/io/opentracing/contrib/opentracing-tracerresolver/0.1.5/opentracing-tracerresolver-0.1.5.jar:/home/user/.m2/repository/io/opentracing/opentracing-util/0.31.0/opentracing-util-0.31.0.jar:/home/user/.m2/repository/io/opentracing/opentracing-api/0.31.0/opentracing-api-0.31.0.jar:/home/user/.m2/repository/io/opentracing/opentracing-noop/0.31.0/opentracing-noop-0.31.0.jar:/home/user/.m2/repository/org/apache/hadoop/hadoop-hdds-server-framework/0.5.0-SNAPSHOT/hadoop-hdds-server-framework-0.5.0-SNAPSHOT.jar:/home/user/.m2/repository/org/apache/hadoop/hadoop-hdds-container-service/0.5.0-SNAPSHOT/hadoop-hdds-container-service-0.5.0-SNAPSHOT.jar:/home/user/.m2/repository/org/apache/hadoop/hadoop-hdds-client/0.5.0-SNAPSHOT/hadoop-hdds-client-0.5.0-SNAPSHOT.jar:/home/user/.m2/repository/org/apache/hadoop/hadoop-hdds-tools/0.5.0-SNAPSHOT/hadoop-hdds-tools-0.5.0-SNAPSHOT.jar:/home/user/.m2/repository/org/apache/hadoop/hadoop-hdds-server-scm/0.5.0-SNAPSHOT/hadoop-hdds-server-scm-0.5.0-SNAPSHOT.jar:/home/user/.m2/repository/org/apache/hadoop/hadoop-hdds-docs/0.5.0-SNAPSHOT/hadoop-hdds-docs-0.5.0-SNAPSHOT.jar:/home/user/.m2/repository/io/dropwizard/metrics/metrics-core/3.2.4/metrics-core-3.2.4.jar:/home/user/.m2/repository/org/hamcrest/hamcrest-all/1.3/hamcrest-all-1.3.jar:/home/user/.m2/repository/org/bouncycastle/bcprov-jdk15on/1.60/bcprov-jdk15on-1.60.jar:/home/user/.m2/repository/info/picocli/picocli/3.9.6/picocli-3.9.6.jar:/home/user/.m2/repository/com/google/protobuf/protobuf-java/2.5.0/protobuf-java-2.5.0.jar:/home/user/.m2/repository/com/google/guava/guava/11.0.2/guava-11.0.2.jar:/home/user/.m2/repository/org/apache/hadoop/hadoop-ozone-ozone-manager/0.5.0-SNAPSHOT/hadoop-ozone-ozone-manager-0.5.0-SNAPSHOT.jar:/home/user/.m2/repository/org/apache/hadoop/hadoop-minikdc/3.2.0/hadoop-minikdc-3.2.0.jar:/home/user/.m2/repository/commons-io/commons-io/2.5/commons-io-2.5.jar:/home/user/.m2/repository/org/apache/kerby/kerb-simplekdc/1.0.1/kerb-simplekdc-1.0.1.jar:/home/user/.m2/repository/org/apache/kerby/kerb-client/1.0.1/kerb-client-1.0.1.jar:/home/user/.m2/repository/org/apache/kerby/kerby-config/1.0.1/kerby-config-1.0.1.jar:/home/user/.m2/repository/org/apache/kerby/kerb-core/1.0.1/kerb-core-1.0.1.jar:/home/user/.m2/repository/org/apache/kerby/kerby-pkix/1.0.1/kerby-pkix-1.0.1.jar:/home/user/.m2/repository/org/apache/kerby/kerby-asn1/1.0.1/kerby-asn1-1.0.1.jar:/home/user/.m2/repository/org/apache/kerby/kerby-util/1.0.1/kerby-util-1.0.1.jar:/home/user/.m2/repository/org/apache/kerby/kerb-common/1.0.1/kerb-common-1.0.1.jar:/home/user/.m2/repository/org/apache/kerby/kerb-crypto/1.0.1/kerb-crypto-1.0.1.jar:/home/user/.m2/repository/org/apache/kerby/kerb-util/1.0.1/kerb-util-1.0.1.jar:/home/user/.m2/repository/org/apache/kerby/token-provider/1.0.1/token-provider-1.0.1.jar:/home/user/.m2/repository/org/apache/kerby/kerb-admin/1.0.1/kerb-admin-1.0.1.jar:/home/user/.m2/repository/org/apache/kerby/kerb-server/1.0.1/kerb-server-1.0.1.jar:/home/user/.m2/repository/org/apache/kerby/kerb-identity/1.0.1/kerb-identity-1.0.1.jar:/home/user/.m2/repository/org/apache/kerby/kerby-xdr/1.0.1/kerby-xdr-1.0.1.jar:/home/user/.m2/repository/org/slf4j/slf4j-log4j12/1.7.25/slf4j-log4j12-1.7.25.jar:/home/user/.m2/repository/org/apache/hadoop/hadoop-ozone-s3gateway/0.5.0-SNAPSHOT/hadoop-ozone-s3gateway-0.5.0-SNAPSHOT.jar:/home/user/.m2/repository/org/jboss/weld/servlet/weld-servlet/2.4.7.Final/weld-servlet-2.4.7.Final.jar:/home/user/.m2/repository/org/glassfish/jersey/containers/jersey-container-servlet-core/2.27/jersey-container-servlet-core-2.27.jar:/home/user/.m2/repository/org/glassfish/hk2/external/javax.inject/2.5.0-b42/javax.inject-2.5.0-b42.jar:/home/user/.m2/repository/org/glassfish/jersey/core/jersey-common/2.27/jersey-common-2.27.jar:/home/user/.m2/repository/org/glassfish/hk2/osgi-resource-locator/1.0.1/osgi-resource-locator-1.0.1.jar:/home/user/.m2/repository/javax/ws/rs/javax.ws.rs-api/2.1/javax.ws.rs-api-2.1.jar:/home/user/.m2/repository/org/glassfish/jersey/ext/cdi/jersey-cdi1x/2.27/jersey-cdi1x-2.27.jar:/home/user/.m2/repository/org/glassfish/jersey/inject/jersey-hk2/2.27/jersey-hk2-2.27.jar:/home/user/.m2/repository/org/glassfish/hk2/hk2-locator/2.5.0-b42/hk2-locator-2.5.0-b42.jar:/home/user/.m2/repository/org/javassist/javassist/3.22.0-CR2/javassist-3.22.0-CR2.jar:/home/user/.m2/repository/org/glassfish/hk2/hk2-api/2.5.0/hk2-api-2.5.0.jar:/home/user/.m2/repository/org/glassfish/hk2/external/jakarta.inject/2.5.0/jakarta.inject-2.5.0.jar:/home/user/.m2/repository/org/glassfish/hk2/hk2-utils/2.5.0/hk2-utils-2.5.0.jar:/home/user/.m2/repository/jakarta/annotation/jakarta.annotation-api/1.3.4/jakarta.annotation-api-1.3.4.jar:/home/user/.m2/repository/org/glassfish/hk2/external/aopalliance-repackaged/2.5.0/aopalliance-repackaged-2.5.0.jar:/home/user/.m2/repository/com/fasterxml/jackson/dataformat/jackson-dataformat-xml/2.9.0/jackson-dataformat-xml-2.9.0.jar:/home/user/.m2/repository/com/fasterxml/jackson/core/jackson-core/2.9.9/jackson-core-2.9.9.jar:/home/user/.m2/repository/com/fasterxml/jackson/module/jackson-module-jaxb-annotations/2.9.9/jackson-module-jaxb-annotations-2.9.9.jar:/home/user/.m2/repository/javax/enterprise/cdi-api/1.2/cdi-api-1.2.jar:/home/user/.m2/repository/javax/el/javax.el-api/3.0.0/javax.el-api-3.0.0.jar:/home/user/.m2/repository/javax/interceptor/javax.interceptor-api/1.2/javax.interceptor-api-1.2.jar:/home/user/.m2/repository/javax/inject/javax.inject/1/javax.inject-1.jar:/home/user/.m2/repository/com/sun/xml/bind/jaxb-impl/2.3.0.1/jaxb-impl-2.3.0.1.jar:/home/user/.m2/repository/com/sun/xml/bind/jaxb-core/2.3.0.1/jaxb-core-2.3.0.1.jar:/home/user/.m2/repository/javax/xml/bind/jaxb-api/2.3.0/jaxb-api-2.3.0.jar:/home/user/.m2/repository/javax/activation/activation/1.1.1/activation-1.1.1.jar:/home/user/.m2/repository/org/apache/hadoop/hadoop-ozone-csi/0.5.0-SNAPSHOT/hadoop-ozone-csi-0.5.0-SNAPSHOT.jar:/home/user/.m2/repository/com/google/protobuf/protobuf-java-util/3.5.1/protobuf-java-util-3.5.1.jar:/home/user/.m2/repository/org/apache/hadoop/hadoop-hdds-config/0.5.0-SNAPSHOT/hadoop-hdds-config-0.5.0-SNAPSHOT.jar:/home/user/.m2/repository/io/grpc/grpc-netty/1.17.1/grpc-netty-1.17.1.jar:/home/user/.m2/repository/io/grpc/grpc-core/1.17.1/grpc-core-1.17.1.jar:/home/user/.m2/repository/io/grpc/grpc-context/1.17.1/grpc-context-1.17.1.jar:/home/user/.m2/repository/com/google/errorprone/error_prone_annotations/2.2.0/error_prone_annotations-2.2.0.jar:/home/user/.m2/repository/org/codehaus/mojo/animal-sniffer-annotations/1.17/animal-sniffer-annotations-1.17.jar:/home/user/.m2/repository/io/opencensus/opencensus-api/0.17.0/opencensus-api-0.17.0.jar:/home/user/.m2/repository/io/opencensus/opencensus-contrib-grpc-metrics/0.17.0/opencensus-contrib-grpc-metrics-0.17.0.jar:/home/user/.m2/repository/io/netty/netty-codec-http2/4.1.30.Final/netty-codec-http2-4.1.30.Final.jar:/home/user/.m2/repository/io/netty/netty-codec-http/4.1.30.Final/netty-codec-http-4.1.30.Final.jar:/home/user/.m2/repository/io/netty/netty-codec/4.1.30.Final/netty-codec-4.1.30.Final.jar:/home/user/.m2/repository/io/netty/netty-handler/4.1.30.Final/netty-handler-4.1.30.Final.jar:/home/user/.m2/repository/io/netty/netty-handler-proxy/4.1.30.Final/netty-handler-proxy-4.1.30.Final.jar:/home/user/.m2/repository/io/netty/netty-codec-socks/4.1.30.Final/netty-codec-socks-4.1.30.Final.jar:/home/user/.m2/repository/io/netty/netty-transport-native-epoll/4.1.30.Final/netty-transport-native-epoll-4.1.30.Final.jar:/home/user/.m2/repository/io/netty/netty-common/4.1.30.Final/netty-common-4.1.30.Final.jar:/home/user/.m2/repository/io/netty/netty-buffer/4.1.30.Final/netty-buffer-4.1.30.Final.jar:/home/user/.m2/repository/io/netty/netty-transport/4.1.30.Final/netty-transport-4.1.30.Final.jar:/home/user/.m2/repository/io/netty/netty-resolver/4.1.30.Final/netty-resolver-4.1.30.Final.jar:/home/user/.m2/repository/io/netty/netty-transport-native-unix-common/4.1.30.Final/netty-transport-native-unix-common-4.1.30.Final.jar:/home/user/.m2/repository/io/grpc/grpc-protobuf/1.17.1/grpc-protobuf-1.17.1.jar:/home/user/.m2/repository/com/google/api/grpc/proto-google-common-protos/1.0.0/proto-google-common-protos-1.0.0.jar:/home/user/.m2/repository/io/grpc/grpc-protobuf-lite/1.17.1/grpc-protobuf-lite-1.17.1.jar:/home/user/.m2/repository/io/grpc/grpc-stub/1.17.1/grpc-stub-1.17.1.jar:/home/user/.m2/repository/org/apache/hadoop/hadoop-ozone-recon/0.5.0-SNAPSHOT/hadoop-ozone-recon-0.5.0-SNAPSHOT.jar:/home/user/.m2/repository/org/apache/hadoop/hadoop-ozone-reconcodegen/0.5.0-SNAPSHOT/hadoop-ozone-reconcodegen-0.5.0-SNAPSHOT.jar:/home/user/.m2/repository/com/google/inject/extensions/guice-multibindings/4.0/guice-multibindings-4.0.jar:/home/user/.m2/repository/com/google/inject/guice/4.0/guice-4.0.jar:/home/user/.m2/repository/aopalliance/aopalliance/1.0/aopalliance-1.0.jar:/home/user/.m2/repository/com/google/inject/extensions/guice-servlet/4.0/guice-servlet-4.0.jar:/home/user/.m2/repository/org/glassfish/jersey/containers/jersey-container-servlet/2.27/jersey-container-servlet-2.27.jar:/home/user/.m2/repository/org/glassfish/hk2/guice-bridge/2.5.0/guice-bridge-2.5.0.jar:/home/user/.m2/repository/org/glassfish/jersey/core/jersey-server/2.27/jersey-server-2.27.jar:/home/user/.m2/repository/org/glassfish/jersey/core/jersey-client/2.27/jersey-client-2.27.jar:/home/user/.m2/repository/org/glassfish/jersey/media/jersey-media-jaxb/2.27/jersey-media-jaxb-2.27.jar:/home/user/.m2/repository/javax/validation/validation-api/1.1.0.Final/validation-api-1.1.0.Final.jar:/home/user/.m2/repository/org/glassfish/jersey/media/jersey-media-json-jackson/2.27/jersey-media-json-jackson-2.27.jar:/home/user/.m2/repository/org/glassfish/jersey/ext/jersey-entity-filtering/2.27/jersey-entity-filtering-2.27.jar:/home/user/.m2/repository/com/google/inject/extensions/guice-assistedinject/4.0/guice-assistedinject-4.0.jar:/home/user/.m2/repository/org/jooq/jooq/3.11.10/jooq-3.11.10.jar:/home/user/.m2/repository/org/jooq/jooq-meta/3.11.10/jooq-meta-3.11.10.jar:/home/user/.m2/repository/org/jooq/jooq-codegen/3.11.10/jooq-codegen-3.11.10.jar:/home/user/.m2/repository/com/jolbox/bonecp/0.8.0.RELEASE/bonecp-0.8.0.RELEASE.jar:/home/user/.m2/repository/org/xerial/sqlite-jdbc/3.25.2/sqlite-jdbc-3.25.2.jar:/home/user/.m2/repository/org/springframework/spring-jdbc/5.1.3.RELEASE/spring-jdbc-5.1.3.RELEASE.jar:/home/user/.m2/repository/org/springframework/spring-beans/5.1.3.RELEASE/spring-beans-5.1.3.RELEASE.jar:/home/user/.m2/repository/org/springframework/spring-core/5.1.3.RELEASE/spring-core-5.1.3.RELEASE.jar:/home/user/.m2/repository/org/springframework/spring-jcl/5.1.3.RELEASE/spring-jcl-5.1.3.RELEASE.jar:/home/user/.m2/repository/org/springframework/spring-tx/5.1.3.RELEASE/spring-tx-5.1.3.RELEASE.jar:/home/user/.m2/repository/org/apache/hadoop/hadoop-ozone-client/0.5.0-SNAPSHOT/hadoop-ozone-client-0.5.0-SNAPSHOT.jar:/home/user/.m2/repository/commons-lang/commons-lang/2.6/commons-lang-2.6.jar:/home/user/.m2/repository/org/apache/hadoop/hadoop-ozone-ozone-manager/0.5.0-SNAPSHOT/hadoop-ozone-ozone-manager-0.5.0-SNAPSHOT-tests.jar:/home/user/.m2/repository/junit/junit/4.11/junit-4.11.jar:/home/user/.m2/repository/org/hamcrest/hamcrest-core/1.3/hamcrest-core-1.3.jar:/home/user/.m2/repository/org/openjdk/jmh/jmh-core/1.19/jmh-core-1.19.jar:/home/user/.m2/repository/net/sf/jopt-simple/jopt-simple/4.6/jopt-simple-4.6.jar:/home/user/.m2/repository/org/apache/commons/commons-math3/3.1.1/commons-math3-3.1.1.jar:/home/user/.m2/repository/org/openjdk/jmh/jmh-generator-annprocess/1.19/jmh-generator-annprocess-1.19.jar:/home/user/.m2/repository/org/mockito/mockito-all/1.8.5/mockito-all-1.8.5.jar:/home/user/.m2/repository/org/apache/hadoop/hadoop-kms/3.2.0/hadoop-kms-3.2.0.jar:/home/user/.m2/repository/org/apache/hadoop/hadoop-auth/3.2.0/hadoop-auth-3.2.0.jar:/home/user/.m2/repository/com/nimbusds/nimbus-jose-jwt/4.41.1/nimbus-jose-jwt-4.41.1.jar:/home/user/.m2/repository/com/github/stephenc/jcip/jcip-annotations/1.0-1/jcip-annotations-1.0-1.jar:/home/user/.m2/repository/net/minidev/json-smart/2.3/json-smart-2.3.jar:/home/user/.m2/repository/net/minidev/accessors-smart/1.2/accessors-smart-1.2.jar:/home/user/.m2/repository/org/ow2/asm/asm/5.0.4/asm-5.0.4.jar:/home/user/.m2/repository/org/apache/curator/curator-framework/2.12.0/curator-framework-2.12.0.jar:/home/user/.m2/repository/com/sun/jersey/jersey-core/1.19/jersey-core-1.19.jar:/home/user/.m2/repository/javax/ws/rs/jsr311-api/1.1.1/jsr311-api-1.1.1.jar:/home/user/.m2/repository/com/sun/jersey/jersey-server/1.19/jersey-server-1.19.jar:/home/user/.m2/repository/javax/servlet/javax.servlet-api/3.1.0/javax.servlet-api-3.1.0.jar:/home/user/.m2/repository/org/eclipse/jetty/jetty-server/9.3.25.v20180904/jetty-server-9.3.25.v20180904.jar:/home/user/.m2/repository/org/eclipse/jetty/jetty-http/9.3.25.v20180904/jetty-http-9.3.25.v20180904.jar:/home/user/.m2/repository/org/eclipse/jetty/jetty-io/9.3.25.v20180904/jetty-io-9.3.25.v20180904.jar:/home/user/.m2/repository/org/eclipse/jetty/jetty-webapp/9.3.25.v20180904/jetty-webapp-9.3.25.v20180904.jar:/home/user/.m2/repository/org/eclipse/jetty/jetty-xml/9.3.25.v20180904/jetty-xml-9.3.25.v20180904.jar:/home/user/.m2/repository/log4j/log4j/1.2.17/log4j-1.2.17.jar:/home/user/.m2/repository/org/slf4j/slf4j-api/1.7.25/slf4j-api-1.7.25.jar:/home/user/.m2/repository/org/slf4j/jul-to-slf4j/1.7.25/jul-to-slf4j-1.7.25.jar:/home/user/.m2/repository/org/eclipse/jetty/jetty-util/9.3.25.v20180904/jetty-util-9.3.25.v20180904.jar:/home/user/.m2/repository/com/fasterxml/jackson/core/jackson-databind/2.9.9/jackson-databind-2.9.9.jar:/home/user/.m2/repository/org/apache/hadoop/hadoop-kms/3.2.0/hadoop-kms-3.2.0-tests.jar:/home/user/.m2/repository/org/apache/hadoop/hadoop-hdds-server-scm/0.5.0-SNAPSHOT/hadoop-hdds-server-scm-0.5.0-SNAPSHOT-tests.jar:/home/user/.m2/repository/org/apache/hadoop/hadoop-hdds-container-service/0.5.0-SNAPSHOT/hadoop-hdds-container-service-0.5.0-SNAPSHOT-tests.jar:/home/user/.m2/repository/org/yaml/snakeyaml/1.16/snakeyaml-1.16.jar:/home/user/.m2/repository/org/apache/hadoop/hadoop-common/3.2.0/hadoop-common-3.2.0-tests.jar:/home/user/.m2/repository/org/apache/hadoop/hadoop-annotations/3.2.0/hadoop-annotations-3.2.0.jar:/usr/lib/jvm/java-1.8.0-openjdk-1.8.0.222.b10-1.el7_7.x86_64/jre/../lib/tools.jar:/home/user/.m2/repository/commons-cli/commons-cli/1.2/commons-cli-1.2.jar:/home/user/.m2/repository/org/apache/httpcomponents/httpclient/4.5.2/httpclient-4.5.2.jar:/home/user/.m2/repository/org/apache/httpcomponents/httpcore/4.4.4/httpcore-4.4.4.jar:/home/user/.m2/repository/commons-codec/commons-codec/1.11/commons-codec-1.11.jar:/home/user/.m2/repository/commons-net/commons-net/3.6/commons-net-3.6.jar:/home/user/.m2/repository/commons-collections/commons-collections/3.2.2/commons-collections-3.2.2.jar:/home/user/.m2/repository/org/eclipse/jetty/jetty-servlet/9.3.25.v20180904/jetty-servlet-9.3.25.v20180904.jar:/home/user/.m2/repository/org/eclipse/jetty/jetty-security/9.3.25.v20180904/jetty-security-9.3.25.v20180904.jar:/home/user/.m2/repository/javax/servlet/jsp/jsp-api/2.1/jsp-api-2.1.jar:/home/user/.m2/repository/com/sun/jersey/jersey-servlet/1.19/jersey-servlet-1.19.jar:/home/user/.m2/repository/com/sun/jersey/jersey-json/1.19/jersey-json-1.19.jar:/home/user/.m2/repository/org/codehaus/jettison/jettison/1.1/jettison-1.1.jar:/home/user/.m2/repository/org/codehaus/jackson/jackson-core-asl/1.9.13/jackson-core-asl-1.9.13.jar:/home/user/.m2/repository/org/codehaus/jackson/jackson-mapper-asl/1.9.13/jackson-mapper-asl-1.9.13.jar:/home/user/.m2/repository/org/codehaus/jackson/jackson-jaxrs/1.9.13/jackson-jaxrs-1.9.13.jar:/home/user/.m2/repository/org/codehaus/jackson/jackson-xc/1.9.13/jackson-xc-1.9.13.jar:/home/user/.m2/repository/commons-logging/commons-logging/1.1.3/commons-logging-1.1.3.jar:/home/user/.m2/repository/commons-beanutils/commons-beanutils/1.9.4/commons-beanutils-1.9.4.jar:/home/user/.m2/repository/org/apache/commons/commons-configuration2/2.1.1/commons-configuration2-2.1.1.jar:/home/user/.m2/repository/org/apache/commons/commons-lang3/3.7/commons-lang3-3.7.jar:/home/user/.m2/repository/org/apache/commons/commons-text/1.4/commons-text-1.4.jar:/home/user/.m2/repository/org/apache/avro/avro/1.7.7/avro-1.7.7.jar:/home/user/.m2/repository/com/thoughtworks/paranamer/paranamer/2.3/paranamer-2.3.jar:/home/user/.m2/repository/org/xerial/snappy/snappy-java/1.0.5/snappy-java-1.0.5.jar:/home/user/.m2/repository/com/google/re2j/re2j/1.1/re2j-1.1.jar:/home/user/.m2/repository/com/google/code/gson/gson/2.2.4/gson-2.2.4.jar:/home/user/.m2/repository/com/jcraft/jsch/0.1.54/jsch-0.1.54.jar:/home/user/.m2/repository/org/apache/curator/curator-client/2.12.0/curator-client-2.12.0.jar:/home/user/.m2/repository/org/apache/curator/curator-recipes/2.12.0/curator-recipes-2.12.0.jar:/home/user/.m2/repository/com/google/code/findbugs/jsr305/3.0.0/jsr305-3.0.0.jar:/home/user/.m2/repository/org/apache/htrace/htrace-core4/4.1.0-incubating/htrace-core4-4.1.0-incubating.jar:/home/user/.m2/repository/org/apache/zookeeper/zookeeper/3.4.13/zookeeper-3.4.13.jar:/home/user/.m2/repository/jline/jline/0.9.94/jline-0.9.94.jar:/home/user/.m2/repository/org/apache/yetus/audience-annotations/0.5.0/audience-annotations-0.5.0.jar:/home/user/.m2/repository/org/codehaus/woodstox/stax2-api/3.1.4/stax2-api-3.1.4.jar:/home/user/.m2/repository/com/fasterxml/woodstox/woodstox-core/5.0.3/woodstox-core-5.0.3.jar:/home/user/.m2/repository/dnsjava/dnsjava/2.1.7/dnsjava-2.1.7.jar:/home/user/.m2/repository/org/apache/hadoop/hadoop-hdfs/3.2.0/hadoop-hdfs-3.2.0-tests.jar:/home/user/.m2/repository/org/eclipse/jetty/jetty-util-ajax/9.3.25.v20180904/jetty-util-ajax-9.3.25.v20180904.jar:/home/user/.m2/repository/commons-daemon/commons-daemon/1.0.13/commons-daemon-1.0.13.jar:/home/user/.m2/repository/io/netty/netty/3.10.5.Final/netty-3.10.5.Final.jar:/home/user/.m2/repository/io/netty/netty-all/4.0.52.Final/netty-all-4.0.52.Final.jar:/home/user/.m2/repository/org/fusesource/leveldbjni/leveldbjni-all/1.8/leveldbjni-all-1.8.jar:"/>
    <property name="java.vm.vendor" value="Oracle Corporation"/>
    <property name="sun.arch.data.model" value="64"/>
    <property name="test.build.dir" value="/workdir/hadoop-ozone/integration-test/target/test-dir"/>
    <property name="test.cache.data" value=""/>
    <property name="java.vendor.url" value="http://java.oracle.com/"/>
    <property name="user.timezone" value=""/>
    <property name="java.vm.specification.version" value="1.8"/>
    <property name="os.name" value="Linux"/>
    <property name="test.build.data" value="/workdir/hadoop-ozone/integration-test/target/test-dir"/>
    <property name="user.country" value="US"/>
    <property name="sun.java.launcher" value="SUN_STANDARD"/>
    <property name="sun.boot.library.path" value="/usr/lib/jvm/java-1.8.0-openjdk-1.8.0.222.b10-1.el7_7.x86_64/jre/lib/amd64"/>
    <property name="sun.java.command" value="/workdir/hadoop-ozone/integration-test/target/surefire/surefirebooter5719631473620595085.jar /workdir/hadoop-ozone/integration-test/target/surefire 2019-10-30T10-41-12_240-jvmRun1 surefire3880644927431009645tmp surefire_363366839283236995582tmp"/>
    <property name="surefire.test.class.path" value="/workdir/hadoop-ozone/integration-test/target/test-classes:/workdir/hadoop-ozone/integration-test/target/classes:/home/user/.m2/repository/org/apache/hadoop/hadoop-ozone-common/0.5.0-SNAPSHOT/hadoop-ozone-common-0.5.0-SNAPSHOT.jar:/home/user/.m2/repository/org/apache/commons/commons-compress/1.4.1/commons-compress-1.4.1.jar:/home/user/.m2/repository/org/tukaani/xz/1.0/xz-1.0.jar:/home/user/.m2/repository/org/apache/hadoop/hadoop-common/3.2.0/hadoop-common-3.2.0.jar:/home/user/.m2/repository/org/apache/hadoop/hadoop-hdfs/3.2.0/hadoop-hdfs-3.2.0.jar:/home/user/.m2/repository/org/apache/hadoop/hadoop-hdfs-client/3.2.0/hadoop-hdfs-client-3.2.0.jar:/home/user/.m2/repository/com/fasterxml/jackson/core/jackson-annotations/2.9.9/jackson-annotations-2.9.9.jar:/home/user/.m2/repository/org/apache/hadoop/hadoop-hdds-common/0.5.0-SNAPSHOT/hadoop-hdds-common-0.5.0-SNAPSHOT.jar:/home/user/.m2/repository/javax/annotation/javax.annotation-api/1.2/javax.annotation-api-1.2.jar:/home/user/.m2/repository/org/apache/ratis/ratis-server/0.5.0-3f446aa-SNAPSHOT/ratis-server-0.5.0-3f446aa-SNAPSHOT.jar:/home/user/.m2/repository/org/apache/ratis/ratis-thirdparty-misc/0.2.0/ratis-thirdparty-misc-0.2.0.jar:/home/user/.m2/repository/org/apache/ratis/ratis-proto/0.5.0-3f446aa-SNAPSHOT/ratis-proto-0.5.0-3f446aa-SNAPSHOT.jar:/home/user/.m2/repository/org/apache/ratis/ratis-common/0.5.0-3f446aa-SNAPSHOT/ratis-common-0.5.0-3f446aa-SNAPSHOT.jar:/home/user/.m2/repository/org/apache/ratis/ratis-client/0.5.0-3f446aa-SNAPSHOT/ratis-client-0.5.0-3f446aa-SNAPSHOT.jar:/home/user/.m2/repository/org/apache/ratis/ratis-metrics/0.5.0-3f446aa-SNAPSHOT/ratis-metrics-0.5.0-3f446aa-SNAPSHOT.jar:/home/user/.m2/repository/com/github/joshelser/dropwizard-metrics-hadoop-metrics2-reporter/0.1.2/dropwizard-metrics-hadoop-metrics2-reporter-0.1.2.jar:/home/user/.m2/repository/io/dropwizard/metrics/metrics-jvm/3.2.5/metrics-jvm-3.2.5.jar:/home/user/.m2/repository/io/dropwizard/metrics/metrics-ganglia/3.2.5/metrics-ganglia-3.2.5.jar:/home/user/.m2/repository/info/ganglia/gmetric4j/gmetric4j/1.0.7/gmetric4j-1.0.7.jar:/home/user/.m2/repository/org/apache/ratis/ratis-netty/0.5.0-3f446aa-SNAPSHOT/ratis-netty-0.5.0-3f446aa-SNAPSHOT.jar:/home/user/.m2/repository/org/apache/ratis/ratis-grpc/0.5.0-3f446aa-SNAPSHOT/ratis-grpc-0.5.0-3f446aa-SNAPSHOT.jar:/home/user/.m2/repository/org/rocksdb/rocksdbjni/6.0.1/rocksdbjni-6.0.1.jar:/home/user/.m2/repository/org/apache/logging/log4j/log4j-api/2.11.0/log4j-api-2.11.0.jar:/home/user/.m2/repository/org/apache/logging/log4j/log4j-core/2.11.0/log4j-core-2.11.0.jar:/home/user/.m2/repository/com/lmax/disruptor/3.4.2/disruptor-3.4.2.jar:/home/user/.m2/repository/org/apache/commons/commons-pool2/2.6.0/commons-pool2-2.6.0.jar:/home/user/.m2/repository/org/bouncycastle/bcpkix-jdk15on/1.60/bcpkix-jdk15on-1.60.jar:/home/user/.m2/repository/commons-validator/commons-validator/1.6/commons-validator-1.6.jar:/home/user/.m2/repository/commons-digester/commons-digester/1.8.1/commons-digester-1.8.1.jar:/home/user/.m2/repository/io/jaegertracing/jaeger-client/0.34.0/jaeger-client-0.34.0.jar:/home/user/.m2/repository/io/jaegertracing/jaeger-thrift/0.34.0/jaeger-thrift-0.34.0.jar:/home/user/.m2/repository/org/apache/thrift/libthrift/0.12.0/libthrift-0.12.0.jar:/home/user/.m2/repository/com/squareup/okhttp3/okhttp/3.9.0/okhttp-3.9.0.jar:/home/user/.m2/repository/com/squareup/okio/okio/1.13.0/okio-1.13.0.jar:/home/user/.m2/repository/io/jaegertracing/jaeger-core/0.34.0/jaeger-core-0.34.0.jar:/home/user/.m2/repository/io/jaegertracing/jaeger-tracerresolver/0.34.0/jaeger-tracerresolver-0.34.0.jar:/home/user/.m2/repository/io/opentracing/contrib/opentracing-tracerresolver/0.1.5/opentracing-tracerresolver-0.1.5.jar:/home/user/.m2/repository/io/opentracing/opentracing-util/0.31.0/opentracing-util-0.31.0.jar:/home/user/.m2/repository/io/opentracing/opentracing-api/0.31.0/opentracing-api-0.31.0.jar:/home/user/.m2/repository/io/opentracing/opentracing-noop/0.31.0/opentracing-noop-0.31.0.jar:/home/user/.m2/repository/org/apache/hadoop/hadoop-hdds-server-framework/0.5.0-SNAPSHOT/hadoop-hdds-server-framework-0.5.0-SNAPSHOT.jar:/home/user/.m2/repository/org/apache/hadoop/hadoop-hdds-container-service/0.5.0-SNAPSHOT/hadoop-hdds-container-service-0.5.0-SNAPSHOT.jar:/home/user/.m2/repository/org/apache/hadoop/hadoop-hdds-client/0.5.0-SNAPSHOT/hadoop-hdds-client-0.5.0-SNAPSHOT.jar:/home/user/.m2/repository/org/apache/hadoop/hadoop-hdds-tools/0.5.0-SNAPSHOT/hadoop-hdds-tools-0.5.0-SNAPSHOT.jar:/home/user/.m2/repository/org/apache/hadoop/hadoop-hdds-server-scm/0.5.0-SNAPSHOT/hadoop-hdds-server-scm-0.5.0-SNAPSHOT.jar:/home/user/.m2/repository/org/apache/hadoop/hadoop-hdds-docs/0.5.0-SNAPSHOT/hadoop-hdds-docs-0.5.0-SNAPSHOT.jar:/home/user/.m2/repository/io/dropwizard/metrics/metrics-core/3.2.4/metrics-core-3.2.4.jar:/home/user/.m2/repository/org/hamcrest/hamcrest-all/1.3/hamcrest-all-1.3.jar:/home/user/.m2/repository/org/bouncycastle/bcprov-jdk15on/1.60/bcprov-jdk15on-1.60.jar:/home/user/.m2/repository/info/picocli/picocli/3.9.6/picocli-3.9.6.jar:/home/user/.m2/repository/com/google/protobuf/protobuf-java/2.5.0/protobuf-java-2.5.0.jar:/home/user/.m2/repository/com/google/guava/guava/11.0.2/guava-11.0.2.jar:/home/user/.m2/repository/org/apache/hadoop/hadoop-ozone-ozone-manager/0.5.0-SNAPSHOT/hadoop-ozone-ozone-manager-0.5.0-SNAPSHOT.jar:/home/user/.m2/repository/org/apache/hadoop/hadoop-minikdc/3.2.0/hadoop-minikdc-3.2.0.jar:/home/user/.m2/repository/commons-io/commons-io/2.5/commons-io-2.5.jar:/home/user/.m2/repository/org/apache/kerby/kerb-simplekdc/1.0.1/kerb-simplekdc-1.0.1.jar:/home/user/.m2/repository/org/apache/kerby/kerb-client/1.0.1/kerb-client-1.0.1.jar:/home/user/.m2/repository/org/apache/kerby/kerby-config/1.0.1/kerby-config-1.0.1.jar:/home/user/.m2/repository/org/apache/kerby/kerb-core/1.0.1/kerb-core-1.0.1.jar:/home/user/.m2/repository/org/apache/kerby/kerby-pkix/1.0.1/kerby-pkix-1.0.1.jar:/home/user/.m2/repository/org/apache/kerby/kerby-asn1/1.0.1/kerby-asn1-1.0.1.jar:/home/user/.m2/repository/org/apache/kerby/kerby-util/1.0.1/kerby-util-1.0.1.jar:/home/user/.m2/repository/org/apache/kerby/kerb-common/1.0.1/kerb-common-1.0.1.jar:/home/user/.m2/repository/org/apache/kerby/kerb-crypto/1.0.1/kerb-crypto-1.0.1.jar:/home/user/.m2/repository/org/apache/kerby/kerb-util/1.0.1/kerb-util-1.0.1.jar:/home/user/.m2/repository/org/apache/kerby/token-provider/1.0.1/token-provider-1.0.1.jar:/home/user/.m2/repository/org/apache/kerby/kerb-admin/1.0.1/kerb-admin-1.0.1.jar:/home/user/.m2/repository/org/apache/kerby/kerb-server/1.0.1/kerb-server-1.0.1.jar:/home/user/.m2/repository/org/apache/kerby/kerb-identity/1.0.1/kerb-identity-1.0.1.jar:/home/user/.m2/repository/org/apache/kerby/kerby-xdr/1.0.1/kerby-xdr-1.0.1.jar:/home/user/.m2/repository/org/slf4j/slf4j-log4j12/1.7.25/slf4j-log4j12-1.7.25.jar:/home/user/.m2/repository/org/apache/hadoop/hadoop-ozone-s3gateway/0.5.0-SNAPSHOT/hadoop-ozone-s3gateway-0.5.0-SNAPSHOT.jar:/home/user/.m2/repository/org/jboss/weld/servlet/weld-servlet/2.4.7.Final/weld-servlet-2.4.7.Final.jar:/home/user/.m2/repository/org/glassfish/jersey/containers/jersey-container-servlet-core/2.27/jersey-container-servlet-core-2.27.jar:/home/user/.m2/repository/org/glassfish/hk2/external/javax.inject/2.5.0-b42/javax.inject-2.5.0-b42.jar:/home/user/.m2/repository/org/glassfish/jersey/core/jersey-common/2.27/jersey-common-2.27.jar:/home/user/.m2/repository/org/glassfish/hk2/osgi-resource-locator/1.0.1/osgi-resource-locator-1.0.1.jar:/home/user/.m2/repository/javax/ws/rs/javax.ws.rs-api/2.1/javax.ws.rs-api-2.1.jar:/home/user/.m2/repository/org/glassfish/jersey/ext/cdi/jersey-cdi1x/2.27/jersey-cdi1x-2.27.jar:/home/user/.m2/repository/org/glassfish/jersey/inject/jersey-hk2/2.27/jersey-hk2-2.27.jar:/home/user/.m2/repository/org/glassfish/hk2/hk2-locator/2.5.0-b42/hk2-locator-2.5.0-b42.jar:/home/user/.m2/repository/org/javassist/javassist/3.22.0-CR2/javassist-3.22.0-CR2.jar:/home/user/.m2/repository/org/glassfish/hk2/hk2-api/2.5.0/hk2-api-2.5.0.jar:/home/user/.m2/repository/org/glassfish/hk2/external/jakarta.inject/2.5.0/jakarta.inject-2.5.0.jar:/home/user/.m2/repository/org/glassfish/hk2/hk2-utils/2.5.0/hk2-utils-2.5.0.jar:/home/user/.m2/repository/jakarta/annotation/jakarta.annotation-api/1.3.4/jakarta.annotation-api-1.3.4.jar:/home/user/.m2/repository/org/glassfish/hk2/external/aopalliance-repackaged/2.5.0/aopalliance-repackaged-2.5.0.jar:/home/user/.m2/repository/com/fasterxml/jackson/dataformat/jackson-dataformat-xml/2.9.0/jackson-dataformat-xml-2.9.0.jar:/home/user/.m2/repository/com/fasterxml/jackson/core/jackson-core/2.9.9/jackson-core-2.9.9.jar:/home/user/.m2/repository/com/fasterxml/jackson/module/jackson-module-jaxb-annotations/2.9.9/jackson-module-jaxb-annotations-2.9.9.jar:/home/user/.m2/repository/javax/enterprise/cdi-api/1.2/cdi-api-1.2.jar:/home/user/.m2/repository/javax/el/javax.el-api/3.0.0/javax.el-api-3.0.0.jar:/home/user/.m2/repository/javax/interceptor/javax.interceptor-api/1.2/javax.interceptor-api-1.2.jar:/home/user/.m2/repository/javax/inject/javax.inject/1/javax.inject-1.jar:/home/user/.m2/repository/com/sun/xml/bind/jaxb-impl/2.3.0.1/jaxb-impl-2.3.0.1.jar:/home/user/.m2/repository/com/sun/xml/bind/jaxb-core/2.3.0.1/jaxb-core-2.3.0.1.jar:/home/user/.m2/repository/javax/xml/bind/jaxb-api/2.3.0/jaxb-api-2.3.0.jar:/home/user/.m2/repository/javax/activation/activation/1.1.1/activation-1.1.1.jar:/home/user/.m2/repository/org/apache/hadoop/hadoop-ozone-csi/0.5.0-SNAPSHOT/hadoop-ozone-csi-0.5.0-SNAPSHOT.jar:/home/user/.m2/repository/com/google/protobuf/protobuf-java-util/3.5.1/protobuf-java-util-3.5.1.jar:/home/user/.m2/repository/org/apache/hadoop/hadoop-hdds-config/0.5.0-SNAPSHOT/hadoop-hdds-config-0.5.0-SNAPSHOT.jar:/home/user/.m2/repository/io/grpc/grpc-netty/1.17.1/grpc-netty-1.17.1.jar:/home/user/.m2/repository/io/grpc/grpc-core/1.17.1/grpc-core-1.17.1.jar:/home/user/.m2/repository/io/grpc/grpc-context/1.17.1/grpc-context-1.17.1.jar:/home/user/.m2/repository/com/google/errorprone/error_prone_annotations/2.2.0/error_prone_annotations-2.2.0.jar:/home/user/.m2/repository/org/codehaus/mojo/animal-sniffer-annotations/1.17/animal-sniffer-annotations-1.17.jar:/home/user/.m2/repository/io/opencensus/opencensus-api/0.17.0/opencensus-api-0.17.0.jar:/home/user/.m2/repository/io/opencensus/opencensus-contrib-grpc-metrics/0.17.0/opencensus-contrib-grpc-metrics-0.17.0.jar:/home/user/.m2/repository/io/netty/netty-codec-http2/4.1.30.Final/netty-codec-http2-4.1.30.Final.jar:/home/user/.m2/repository/io/netty/netty-codec-http/4.1.30.Final/netty-codec-http-4.1.30.Final.jar:/home/user/.m2/repository/io/netty/netty-codec/4.1.30.Final/netty-codec-4.1.30.Final.jar:/home/user/.m2/repository/io/netty/netty-handler/4.1.30.Final/netty-handler-4.1.30.Final.jar:/home/user/.m2/repository/io/netty/netty-handler-proxy/4.1.30.Final/netty-handler-proxy-4.1.30.Final.jar:/home/user/.m2/repository/io/netty/netty-codec-socks/4.1.30.Final/netty-codec-socks-4.1.30.Final.jar:/home/user/.m2/repository/io/netty/netty-transport-native-epoll/4.1.30.Final/netty-transport-native-epoll-4.1.30.Final.jar:/home/user/.m2/repository/io/netty/netty-common/4.1.30.Final/netty-common-4.1.30.Final.jar:/home/user/.m2/repository/io/netty/netty-buffer/4.1.30.Final/netty-buffer-4.1.30.Final.jar:/home/user/.m2/repository/io/netty/netty-transport/4.1.30.Final/netty-transport-4.1.30.Final.jar:/home/user/.m2/repository/io/netty/netty-resolver/4.1.30.Final/netty-resolver-4.1.30.Final.jar:/home/user/.m2/repository/io/netty/netty-transport-native-unix-common/4.1.30.Final/netty-transport-native-unix-common-4.1.30.Final.jar:/home/user/.m2/repository/io/grpc/grpc-protobuf/1.17.1/grpc-protobuf-1.17.1.jar:/home/user/.m2/repository/com/google/api/grpc/proto-google-common-protos/1.0.0/proto-google-common-protos-1.0.0.jar:/home/user/.m2/repository/io/grpc/grpc-protobuf-lite/1.17.1/grpc-protobuf-lite-1.17.1.jar:/home/user/.m2/repository/io/grpc/grpc-stub/1.17.1/grpc-stub-1.17.1.jar:/home/user/.m2/repository/org/apache/hadoop/hadoop-ozone-recon/0.5.0-SNAPSHOT/hadoop-ozone-recon-0.5.0-SNAPSHOT.jar:/home/user/.m2/repository/org/apache/hadoop/hadoop-ozone-reconcodegen/0.5.0-SNAPSHOT/hadoop-ozone-reconcodegen-0.5.0-SNAPSHOT.jar:/home/user/.m2/repository/com/google/inject/extensions/guice-multibindings/4.0/guice-multibindings-4.0.jar:/home/user/.m2/repository/com/google/inject/guice/4.0/guice-4.0.jar:/home/user/.m2/repository/aopalliance/aopalliance/1.0/aopalliance-1.0.jar:/home/user/.m2/repository/com/google/inject/extensions/guice-servlet/4.0/guice-servlet-4.0.jar:/home/user/.m2/repository/org/glassfish/jersey/containers/jersey-container-servlet/2.27/jersey-container-servlet-2.27.jar:/home/user/.m2/repository/org/glassfish/hk2/guice-bridge/2.5.0/guice-bridge-2.5.0.jar:/home/user/.m2/repository/org/glassfish/jersey/core/jersey-server/2.27/jersey-server-2.27.jar:/home/user/.m2/repository/org/glassfish/jersey/core/jersey-client/2.27/jersey-client-2.27.jar:/home/user/.m2/repository/org/glassfish/jersey/media/jersey-media-jaxb/2.27/jersey-media-jaxb-2.27.jar:/home/user/.m2/repository/javax/validation/validation-api/1.1.0.Final/validation-api-1.1.0.Final.jar:/home/user/.m2/repository/org/glassfish/jersey/media/jersey-media-json-jackson/2.27/jersey-media-json-jackson-2.27.jar:/home/user/.m2/repository/org/glassfish/jersey/ext/jersey-entity-filtering/2.27/jersey-entity-filtering-2.27.jar:/home/user/.m2/repository/com/google/inject/extensions/guice-assistedinject/4.0/guice-assistedinject-4.0.jar:/home/user/.m2/repository/org/jooq/jooq/3.11.10/jooq-3.11.10.jar:/home/user/.m2/repository/org/jooq/jooq-meta/3.11.10/jooq-meta-3.11.10.jar:/home/user/.m2/repository/org/jooq/jooq-codegen/3.11.10/jooq-codegen-3.11.10.jar:/home/user/.m2/repository/com/jolbox/bonecp/0.8.0.RELEASE/bonecp-0.8.0.RELEASE.jar:/home/user/.m2/repository/org/xerial/sqlite-jdbc/3.25.2/sqlite-jdbc-3.25.2.jar:/home/user/.m2/repository/org/springframework/spring-jdbc/5.1.3.RELEASE/spring-jdbc-5.1.3.RELEASE.jar:/home/user/.m2/repository/org/springframework/spring-beans/5.1.3.RELEASE/spring-beans-5.1.3.RELEASE.jar:/home/user/.m2/repository/org/springframework/spring-core/5.1.3.RELEASE/spring-core-5.1.3.RELEASE.jar:/home/user/.m2/repository/org/springframework/spring-jcl/5.1.3.RELEASE/spring-jcl-5.1.3.RELEASE.jar:/home/user/.m2/repository/org/springframework/spring-tx/5.1.3.RELEASE/spring-tx-5.1.3.RELEASE.jar:/home/user/.m2/repository/org/apache/hadoop/hadoop-ozone-client/0.5.0-SNAPSHOT/hadoop-ozone-client-0.5.0-SNAPSHOT.jar:/home/user/.m2/repository/commons-lang/commons-lang/2.6/commons-lang-2.6.jar:/home/user/.m2/repository/org/apache/hadoop/hadoop-ozone-ozone-manager/0.5.0-SNAPSHOT/hadoop-ozone-ozone-manager-0.5.0-SNAPSHOT-tests.jar:/home/user/.m2/repository/junit/junit/4.11/junit-4.11.jar:/home/user/.m2/repository/org/hamcrest/hamcrest-core/1.3/hamcrest-core-1.3.jar:/home/user/.m2/repository/org/openjdk/jmh/jmh-core/1.19/jmh-core-1.19.jar:/home/user/.m2/repository/net/sf/jopt-simple/jopt-simple/4.6/jopt-simple-4.6.jar:/home/user/.m2/repository/org/apache/commons/commons-math3/3.1.1/commons-math3-3.1.1.jar:/home/user/.m2/repository/org/openjdk/jmh/jmh-generator-annprocess/1.19/jmh-generator-annprocess-1.19.jar:/home/user/.m2/repository/org/mockito/mockito-all/1.8.5/mockito-all-1.8.5.jar:/home/user/.m2/repository/org/apache/hadoop/hadoop-kms/3.2.0/hadoop-kms-3.2.0.jar:/home/user/.m2/repository/org/apache/hadoop/hadoop-auth/3.2.0/hadoop-auth-3.2.0.jar:/home/user/.m2/repository/com/nimbusds/nimbus-jose-jwt/4.41.1/nimbus-jose-jwt-4.41.1.jar:/home/user/.m2/repository/com/github/stephenc/jcip/jcip-annotations/1.0-1/jcip-annotations-1.0-1.jar:/home/user/.m2/repository/net/minidev/json-smart/2.3/json-smart-2.3.jar:/home/user/.m2/repository/net/minidev/accessors-smart/1.2/accessors-smart-1.2.jar:/home/user/.m2/repository/org/ow2/asm/asm/5.0.4/asm-5.0.4.jar:/home/user/.m2/repository/org/apache/curator/curator-framework/2.12.0/curator-framework-2.12.0.jar:/home/user/.m2/repository/com/sun/jersey/jersey-core/1.19/jersey-core-1.19.jar:/home/user/.m2/repository/javax/ws/rs/jsr311-api/1.1.1/jsr311-api-1.1.1.jar:/home/user/.m2/repository/com/sun/jersey/jersey-server/1.19/jersey-server-1.19.jar:/home/user/.m2/repository/javax/servlet/javax.servlet-api/3.1.0/javax.servlet-api-3.1.0.jar:/home/user/.m2/repository/org/eclipse/jetty/jetty-server/9.3.25.v20180904/jetty-server-9.3.25.v20180904.jar:/home/user/.m2/repository/org/eclipse/jetty/jetty-http/9.3.25.v20180904/jetty-http-9.3.25.v20180904.jar:/home/user/.m2/repository/org/eclipse/jetty/jetty-io/9.3.25.v20180904/jetty-io-9.3.25.v20180904.jar:/home/user/.m2/repository/org/eclipse/jetty/jetty-webapp/9.3.25.v20180904/jetty-webapp-9.3.25.v20180904.jar:/home/user/.m2/repository/org/eclipse/jetty/jetty-xml/9.3.25.v20180904/jetty-xml-9.3.25.v20180904.jar:/home/user/.m2/repository/log4j/log4j/1.2.17/log4j-1.2.17.jar:/home/user/.m2/repository/org/slf4j/slf4j-api/1.7.25/slf4j-api-1.7.25.jar:/home/user/.m2/repository/org/slf4j/jul-to-slf4j/1.7.25/jul-to-slf4j-1.7.25.jar:/home/user/.m2/repository/org/eclipse/jetty/jetty-util/9.3.25.v20180904/jetty-util-9.3.25.v20180904.jar:/home/user/.m2/repository/com/fasterxml/jackson/core/jackson-databind/2.9.9/jackson-databind-2.9.9.jar:/home/user/.m2/repository/org/apache/hadoop/hadoop-kms/3.2.0/hadoop-kms-3.2.0-tests.jar:/home/user/.m2/repository/org/apache/hadoop/hadoop-hdds-server-scm/0.5.0-SNAPSHOT/hadoop-hdds-server-scm-0.5.0-SNAPSHOT-tests.jar:/home/user/.m2/repository/org/apache/hadoop/hadoop-hdds-container-service/0.5.0-SNAPSHOT/hadoop-hdds-container-service-0.5.0-SNAPSHOT-tests.jar:/home/user/.m2/repository/org/yaml/snakeyaml/1.16/snakeyaml-1.16.jar:/home/user/.m2/repository/org/apache/hadoop/hadoop-common/3.2.0/hadoop-common-3.2.0-tests.jar:/home/user/.m2/repository/org/apache/hadoop/hadoop-annotations/3.2.0/hadoop-annotations-3.2.0.jar:/usr/lib/jvm/java-1.8.0-openjdk-1.8.0.222.b10-1.el7_7.x86_64/jre/../lib/tools.jar:/home/user/.m2/repository/commons-cli/commons-cli/1.2/commons-cli-1.2.jar:/home/user/.m2/repository/org/apache/httpcomponents/httpclient/4.5.2/httpclient-4.5.2.jar:/home/user/.m2/repository/org/apache/httpcomponents/httpcore/4.4.4/httpcore-4.4.4.jar:/home/user/.m2/repository/commons-codec/commons-codec/1.11/commons-codec-1.11.jar:/home/user/.m2/repository/commons-net/commons-net/3.6/commons-net-3.6.jar:/home/user/.m2/repository/commons-collections/commons-collections/3.2.2/commons-collections-3.2.2.jar:/home/user/.m2/repository/org/eclipse/jetty/jetty-servlet/9.3.25.v20180904/jetty-servlet-9.3.25.v20180904.jar:/home/user/.m2/repository/org/eclipse/jetty/jetty-security/9.3.25.v20180904/jetty-security-9.3.25.v20180904.jar:/home/user/.m2/repository/javax/servlet/jsp/jsp-api/2.1/jsp-api-2.1.jar:/home/user/.m2/repository/com/sun/jersey/jersey-servlet/1.19/jersey-servlet-1.19.jar:/home/user/.m2/repository/com/sun/jersey/jersey-json/1.19/jersey-json-1.19.jar:/home/user/.m2/repository/org/codehaus/jettison/jettison/1.1/jettison-1.1.jar:/home/user/.m2/repository/org/codehaus/jackson/jackson-core-asl/1.9.13/jackson-core-asl-1.9.13.jar:/home/user/.m2/repository/org/codehaus/jackson/jackson-mapper-asl/1.9.13/jackson-mapper-asl-1.9.13.jar:/home/user/.m2/repository/org/codehaus/jackson/jackson-jaxrs/1.9.13/jackson-jaxrs-1.9.13.jar:/home/user/.m2/repository/org/codehaus/jackson/jackson-xc/1.9.13/jackson-xc-1.9.13.jar:/home/user/.m2/repository/commons-logging/commons-logging/1.1.3/commons-logging-1.1.3.jar:/home/user/.m2/repository/commons-beanutils/commons-beanutils/1.9.4/commons-beanutils-1.9.4.jar:/home/user/.m2/repository/org/apache/commons/commons-configuration2/2.1.1/commons-configuration2-2.1.1.jar:/home/user/.m2/repository/org/apache/commons/commons-lang3/3.7/commons-lang3-3.7.jar:/home/user/.m2/repository/org/apache/commons/commons-text/1.4/commons-text-1.4.jar:/home/user/.m2/repository/org/apache/avro/avro/1.7.7/avro-1.7.7.jar:/home/user/.m2/repository/com/thoughtworks/paranamer/paranamer/2.3/paranamer-2.3.jar:/home/user/.m2/repository/org/xerial/snappy/snappy-java/1.0.5/snappy-java-1.0.5.jar:/home/user/.m2/repository/com/google/re2j/re2j/1.1/re2j-1.1.jar:/home/user/.m2/repository/com/google/code/gson/gson/2.2.4/gson-2.2.4.jar:/home/user/.m2/repository/com/jcraft/jsch/0.1.54/jsch-0.1.54.jar:/home/user/.m2/repository/org/apache/curator/curator-client/2.12.0/curator-client-2.12.0.jar:/home/user/.m2/repository/org/apache/curator/curator-recipes/2.12.0/curator-recipes-2.12.0.jar:/home/user/.m2/repository/com/google/code/findbugs/jsr305/3.0.0/jsr305-3.0.0.jar:/home/user/.m2/repository/org/apache/htrace/htrace-core4/4.1.0-incubating/htrace-core4-4.1.0-incubating.jar:/home/user/.m2/repository/org/apache/zookeeper/zookeeper/3.4.13/zookeeper-3.4.13.jar:/home/user/.m2/repository/jline/jline/0.9.94/jline-0.9.94.jar:/home/user/.m2/repository/org/apache/yetus/audience-annotations/0.5.0/audience-annotations-0.5.0.jar:/home/user/.m2/repository/org/codehaus/woodstox/stax2-api/3.1.4/stax2-api-3.1.4.jar:/home/user/.m2/repository/com/fasterxml/woodstox/woodstox-core/5.0.3/woodstox-core-5.0.3.jar:/home/user/.m2/repository/dnsjava/dnsjava/2.1.7/dnsjava-2.1.7.jar:/home/user/.m2/repository/org/apache/hadoop/hadoop-hdfs/3.2.0/hadoop-hdfs-3.2.0-tests.jar:/home/user/.m2/repository/org/eclipse/jetty/jetty-util-ajax/9.3.25.v20180904/jetty-util-ajax-9.3.25.v20180904.jar:/home/user/.m2/repository/commons-daemon/commons-daemon/1.0.13/commons-daemon-1.0.13.jar:/home/user/.m2/repository/io/netty/netty/3.10.5.Final/netty-3.10.5.Final.jar:/home/user/.m2/repository/io/netty/netty-all/4.0.52.Final/netty-all-4.0.52.Final.jar:/home/user/.m2/repository/org/fusesource/leveldbjni/leveldbjni-all/1.8/leveldbjni-all-1.8.jar:"/>
    <property name="sun.cpu.endian" value="little"/>
    <property name="user.home" value="/home/user"/>
    <property name="user.language" value="en"/>
    <property name="java.specification.vendor" value="Oracle Corporation"/>
    <property name="java.home" value="/usr/lib/jvm/java-1.8.0-openjdk-1.8.0.222.b10-1.el7_7.x86_64/jre"/>
    <property name="surefire.excludesFile" value="/tools/ozone-bad-unit-tests"/>
    <property name="java.security.krb5.conf" value="/workdir/hadoop-ozone/integration-test/target/test-classes/krb5.conf"/>
    <property name="basedir" value="/workdir/hadoop-ozone/integration-test"/>
    <property name="file.separator" value="/"/>
    <property name="line.separator" value="&#10;"/>
    <property name="java.vm.specification.vendor" value="Oracle Corporation"/>
    <property name="java.specification.name" value="Java Platform API Specification"/>
    <property name="java.awt.graphicsenv" value="sun.awt.X11GraphicsEnvironment"/>
    <property name="surefire.real.class.path" value="/workdir/hadoop-ozone/integration-test/target/surefire/surefirebooter5719631473620595085.jar"/>
    <property name="hadoop.log.dir" value="/workdir/hadoop-ozone/integration-test/target/log"/>
    <property name="sun.boot.class.path" value="/usr/lib/jvm/java-1.8.0-openjdk-1.8.0.222.b10-1.el7_7.x86_64/jre/lib/resources.jar:/usr/lib/jvm/java-1.8.0-openjdk-1.8.0.222.b10-1.el7_7.x86_64/jre/lib/rt.jar:/usr/lib/jvm/java-1.8.0-openjdk-1.8.0.222.b10-1.el7_7.x86_64/jre/lib/sunrsasign.jar:/usr/lib/jvm/java-1.8.0-openjdk-1.8.0.222.b10-1.el7_7.x86_64/jre/lib/jsse.jar:/usr/lib/jvm/java-1.8.0-openjdk-1.8.0.222.b10-1.el7_7.x86_64/jre/lib/jce.jar:/usr/lib/jvm/java-1.8.0-openjdk-1.8.0.222.b10-1.el7_7.x86_64/jre/lib/charsets.jar:/usr/lib/jvm/java-1.8.0-openjdk-1.8.0.222.b10-1.el7_7.x86_64/jre/lib/jfr.jar:/usr/lib/jvm/java-1.8.0-openjdk-1.8.0.222.b10-1.el7_7.x86_64/jre/classes"/>
    <property name="sun.management.compiler" value="HotSpot 64-Bit Tiered Compilers"/>
    <property name="java.runtime.version" value="1.8.0_222-b10"/>
    <property name="java.net.preferIPv4Stack" value="true"/>
    <property name="user.name" value="jenkins1000"/>
    <property name="path.separator" value=":"/>
    <property name="java.security.egd" value="file:///dev/urandom"/>
    <property name="os.version" value="3.10.0-957.12.2.el7.x86_64"/>
    <property name="java.endorsed.dirs" value="/usr/lib/jvm/java-1.8.0-openjdk-1.8.0.222.b10-1.el7_7.x86_64/jre/lib/endorsed"/>
    <property name="java.runtime.name" value="OpenJDK Runtime Environment"/>
    <property name="file.encoding" value="ANSI_X3.4-1968"/>
    <property name="java.vm.name" value="OpenJDK 64-Bit Server VM"/>
    <property name="test.build.webapps" value=""/>
    <property name="localRepository" value="/home/user/.m2/repository"/>
    <property name="java.vendor.url.bug" value="http://bugreport.sun.com/bugreport/"/>
    <property name="java.io.tmpdir" value="/tmp"/>
    <property name="require.test.libhadoop" value=""/>
    <property name="java.version" value="1.8.0_222"/>
    <property name="user.dir" value="/workdir/hadoop-ozone/integration-test"/>
    <property name="os.arch" value="amd64"/>
    <property name="java.vm.specification.name" value="Java Virtual Machine Specification"/>
    <property name="test.build.classes" value="/workdir/hadoop-ozone/integration-test/target/test-classes"/>
    <property name="java.awt.printerjob" value="sun.print.PSPrinterJob"/>
    <property name="sun.os.patch.level" value="unknown"/>
    <property name="hadoop.tmp.dir" value="/workdir/hadoop-ozone/integration-test/target/tmp"/>
    <property name="java.library.path" value="/usr/lib:/workdir/hadoop-ozone/integration-test/target/native/target/usr/local/lib:/workdir/hadoop-ozone/integration-test/../../hadoop-common-project/hadoop-common/target/native/target/usr/local/lib:/usr/java/packages/lib/amd64:/usr/lib64:/lib64:/lib:/usr/lib"/>
    <property name="java.vm.info" value="mixed mode"/>
    <property name="java.vendor" value="Oracle Corporation"/>
    <property name="java.vm.version" value="25.222-b10"/>
    <property name="java.ext.dirs" value="/usr/lib/jvm/java-1.8.0-openjdk-1.8.0.222.b10-1.el7_7.x86_64/jre/lib/ext:/usr/java/packages/lib/ext"/>
    <property name="sun.io.unicode.encoding" value="UnicodeLittle"/>
    <property name="java.class.version" value="52.0"/>
  </properties>
  <testcase name="testMultiBlockWritesWithIntermittentDnFailures" classname="org.apache.hadoop.ozone.client.rpc.TestMultiBlockWritesWithDnFailures" time="56.8">
    <failure message="expected:&lt;6&gt; but was:&lt;4&gt;" type="java.lang.AssertionError"><![CDATA[java.lang.AssertionError: expected:<6> but was:<4>
	at org.junit.Assert.fail(Assert.java:88)
	at org.junit.Assert.failNotEquals(Assert.java:743)
	at org.junit.Assert.assertEquals(Assert.java:118)
	at org.junit.Assert.assertEquals(Assert.java:555)
	at org.junit.Assert.assertEquals(Assert.java:542)
	at org.apache.hadoop.ozone.client.rpc.TestMultiBlockWritesWithDnFailures.testMultiBlockWritesWithIntermittentDnFailures(TestMultiBlockWritesWithDnFailures.java:176)
	at sun.reflect.NativeMethodAccessorImpl.invoke0(Native Method)
	at sun.reflect.NativeMethodAccessorImpl.invoke(NativeMethodAccessorImpl.java:62)
	at sun.reflect.DelegatingMethodAccessorImpl.invoke(DelegatingMethodAccessorImpl.java:43)
	at java.lang.reflect.Method.invoke(Method.java:498)
	at org.junit.runners.model.FrameworkMethod$1.runReflectiveCall(FrameworkMethod.java:47)
	at org.junit.internal.runners.model.ReflectiveCallable.run(ReflectiveCallable.java:12)
	at org.junit.runners.model.FrameworkMethod.invokeExplosively(FrameworkMethod.java:44)
	at org.junit.internal.runners.statements.InvokeMethod.evaluate(InvokeMethod.java:17)
	at org.junit.internal.runners.statements.RunAfters.evaluate(RunAfters.java:27)
	at org.junit.runners.ParentRunner.runLeaf(ParentRunner.java:271)
	at org.junit.runners.BlockJUnit4ClassRunner.runChild(BlockJUnit4ClassRunner.java:70)
	at org.junit.runners.BlockJUnit4ClassRunner.runChild(BlockJUnit4ClassRunner.java:50)
	at org.junit.runners.ParentRunner$3.run(ParentRunner.java:238)
	at org.junit.runners.ParentRunner$1.schedule(ParentRunner.java:63)
	at org.junit.runners.ParentRunner.runChildren(ParentRunner.java:236)
	at org.junit.runners.ParentRunner.access$000(ParentRunner.java:53)
	at org.junit.runners.ParentRunner$2.evaluate(ParentRunner.java:229)
	at org.junit.runners.ParentRunner.run(ParentRunner.java:309)
	at org.apache.maven.surefire.junit4.JUnit4Provider.execute(JUnit4Provider.java:365)
	at org.apache.maven.surefire.junit4.JUnit4Provider.executeWithRerun(JUnit4Provider.java:273)
	at org.apache.maven.surefire.junit4.JUnit4Provider.executeTestSet(JUnit4Provider.java:238)
	at org.apache.maven.surefire.junit4.JUnit4Provider.invoke(JUnit4Provider.java:159)
	at org.apache.maven.surefire.booter.ForkedBooter.invokeProviderInSameClassLoader(ForkedBooter.java:384)
	at org.apache.maven.surefire.booter.ForkedBooter.runSuitesInProcess(ForkedBooter.java:345)
	at org.apache.maven.surefire.booter.ForkedBooter.execute(ForkedBooter.java:126)
	at org.apache.maven.surefire.booter.ForkedBooter.main(ForkedBooter.java:418)
]]></failure>
    <system-out><![CDATA[2019-10-30 11:52:22,264 [main] WARN  server.ServerUtils (ServerUtils.java:getScmDbDir(145)) - ozone.scm.db.dirs is not configured. We recommend adding this setting. Falling back to ozone.metadata.dirs instead.
2019-10-30 11:52:22,384 [main] WARN  server.ServerUtils (ServerUtils.java:getScmDbDir(145)) - ozone.scm.db.dirs is not configured. We recommend adding this setting. Falling back to ozone.metadata.dirs instead.
2019-10-30 11:52:22,388 [main] WARN  server.ServerUtils (ServerUtils.java:getScmDbDir(145)) - ozone.scm.db.dirs is not configured. We recommend adding this setting. Falling back to ozone.metadata.dirs instead.
2019-10-30 11:52:22,422 [main] INFO  util.log (Log.java:initialized(192)) - Logging initialized @830ms
2019-10-30 11:52:22,511 [main] INFO  db.DBStoreBuilder (DBStoreBuilder.java:addTable(117)) - using custom profile for table: deletedBlocks
2019-10-30 11:52:22,511 [main] INFO  db.DBStoreBuilder (DBStoreBuilder.java:processTables(168)) - Using default column profile:DBProfile.DISK for Table:deletedBlocks
2019-10-30 11:52:22,511 [main] INFO  db.DBStoreBuilder (DBStoreBuilder.java:addTable(117)) - using custom profile for table: validCerts
2019-10-30 11:52:22,512 [main] INFO  db.DBStoreBuilder (DBStoreBuilder.java:processTables(168)) - Using default column profile:DBProfile.DISK for Table:validCerts
2019-10-30 11:52:22,512 [main] INFO  db.DBStoreBuilder (DBStoreBuilder.java:addTable(117)) - using custom profile for table: revokedCerts
2019-10-30 11:52:22,512 [main] INFO  db.DBStoreBuilder (DBStoreBuilder.java:processTables(168)) - Using default column profile:DBProfile.DISK for Table:revokedCerts
2019-10-30 11:52:22,523 [main] INFO  db.DBStoreBuilder (DBStoreBuilder.java:addTable(117)) - using custom profile for table: default
2019-10-30 11:52:22,523 [main] INFO  db.DBStoreBuilder (DBStoreBuilder.java:processTables(174)) - Using default column profile:DBProfile.DISK for Table:default
2019-10-30 11:52:22,524 [main] INFO  db.DBStoreBuilder (DBStoreBuilder.java:getDbProfile(205)) - Using default options. DBProfile.DISK
2019-10-30 11:52:22,694 [main] INFO  net.NodeSchemaLoader (NodeSchemaLoader.java:loadSchemaFromFile(125)) - Loading file from sun.misc.CompoundEnumeration@6b2ea799
2019-10-30 11:52:22,695 [main] INFO  net.NodeSchemaLoader (NodeSchemaLoader.java:loadSchema(171)) - Loading network topology layer schema file
2019-10-30 11:52:22,753 [main] INFO  node.SCMNodeManager (SCMNodeManager.java:<init>(116)) - Entering startup safe mode.
2019-10-30 11:52:22,813 [main] INFO  algorithms.ContainerPlacementPolicyFactory (ContainerPlacementPolicyFactory.java:getPolicy(57)) - Create container placement policy of type org.apache.hadoop.hdds.scm.container.placement.algorithms.SCMContainerPlacementRandom
2019-10-30 11:52:22,826 [main] WARN  server.ServerUtils (ServerUtils.java:getScmDbDir(145)) - ozone.scm.db.dirs is not configured. We recommend adding this setting. Falling back to ozone.metadata.dirs instead.
2019-10-30 11:52:22,878 [main] INFO  pipeline.SCMPipelineManager (SCMPipelineManager.java:initializePipelineState(132)) - No pipeline exists in current db
2019-10-30 11:52:22,880 [main] WARN  server.ServerUtils (ServerUtils.java:getScmDbDir(145)) - ozone.scm.db.dirs is not configured. We recommend adding this setting. Falling back to ozone.metadata.dirs instead.
2019-10-30 11:52:22,981 [main] WARN  events.EventQueue (EventQueue.java:fireEvent(183)) - No event handler registered for event TypedEvent{payloadType=SafeModeStatus, name='SafeModeStatus'}
2019-10-30 11:52:23,316 [main] INFO  ipc.CallQueueManager (CallQueueManager.java:<init>(84)) - Using callQueue: class java.util.concurrent.LinkedBlockingQueue, queueCapacity: 2000, scheduler: class org.apache.hadoop.ipc.DefaultRpcScheduler, ipcBackoff: false.
2019-10-30 11:52:23,338 [Socket Reader #1 for port 45375] INFO  ipc.Server (Server.java:run(1074)) - Starting Socket Reader #1 for port 45375
2019-10-30 11:52:23,426 [main] INFO  ipc.CallQueueManager (CallQueueManager.java:<init>(84)) - Using callQueue: class java.util.concurrent.LinkedBlockingQueue, queueCapacity: 2000, scheduler: class org.apache.hadoop.ipc.DefaultRpcScheduler, ipcBackoff: false.
2019-10-30 11:52:23,427 [Socket Reader #1 for port 41400] INFO  ipc.Server (Server.java:run(1074)) - Starting Socket Reader #1 for port 41400
2019-10-30 11:52:23,433 [main] INFO  ipc.CallQueueManager (CallQueueManager.java:<init>(84)) - Using callQueue: class java.util.concurrent.LinkedBlockingQueue, queueCapacity: 2000, scheduler: class org.apache.hadoop.ipc.DefaultRpcScheduler, ipcBackoff: false.
2019-10-30 11:52:23,434 [Socket Reader #1 for port 33337] INFO  ipc.Server (Server.java:run(1074)) - Starting Socket Reader #1 for port 33337
2019-10-30 11:52:23,451 [main] INFO  hdfs.DFSUtil (DFSUtil.java:httpServerTemplateForNNAndJN(1641)) - Starting Web-server for scm at: http://0.0.0.0:0
2019-10-30 11:52:23,575 [main] INFO  server.AuthenticationFilter (AuthenticationFilter.java:constructSecretProvider(240)) - Unable to initialize FileSignerSecretProvider, falling back to use random secrets.
2019-10-30 11:52:23,582 [main] WARN  http.HttpRequestLog (HttpRequestLog.java:getRequestLog(97)) - Jetty request log can only be enabled using Log4j
2019-10-30 11:52:23,589 [main] INFO  http.HttpServer2 (HttpServer2.java:addGlobalFilter(975)) - Added global filter 'safety' (class=org.apache.hadoop.http.HttpServer2$QuotingInputFilter)
2019-10-30 11:52:23,591 [main] INFO  http.HttpServer2 (HttpServer2.java:addFilter(948)) - Added filter static_user_filter (class=org.apache.hadoop.http.lib.StaticUserWebFilter$StaticUserFilter) to context scm
2019-10-30 11:52:23,591 [main] INFO  http.HttpServer2 (HttpServer2.java:addFilter(958)) - Added filter static_user_filter (class=org.apache.hadoop.http.lib.StaticUserWebFilter$StaticUserFilter) to context logs
2019-10-30 11:52:23,591 [main] INFO  http.HttpServer2 (HttpServer2.java:addFilter(958)) - Added filter static_user_filter (class=org.apache.hadoop.http.lib.StaticUserWebFilter$StaticUserFilter) to context static
2019-10-30 11:52:23,619 [main] INFO  server.StorageContainerManager (StorageContainerManager.java:start(772)) - StorageContainerLocationProtocol RPC server is listening at /0.0.0.0:33337
2019-10-30 11:52:23,677 [main] WARN  impl.MetricsConfig (MetricsConfig.java:loadFirst(134)) - Cannot locate configuration: tried hadoop-metrics2-storagecontainermanager.properties,hadoop-metrics2.properties
2019-10-30 11:52:23,689 [main] INFO  impl.MetricsSystemImpl (MetricsSystemImpl.java:startTimer(374)) - Scheduled Metric snapshot period at 10 second(s).
2019-10-30 11:52:23,689 [main] INFO  impl.MetricsSystemImpl (MetricsSystemImpl.java:start(191)) - StorageContainerManager metrics system started
2019-10-30 11:52:23,900 [main] INFO  server.SCMClientProtocolServer (SCMClientProtocolServer.java:start(159)) - RPC server for Client  is listening at /0.0.0.0:33337
2019-10-30 11:52:23,901 [IPC Server Responder] INFO  ipc.Server (Server.java:run(1314)) - IPC Server Responder: starting
2019-10-30 11:52:23,903 [IPC Server listener on 33337] INFO  ipc.Server (Server.java:run(1153)) - IPC Server listener on 33337: starting
2019-10-30 11:52:23,910 [main] INFO  server.StorageContainerManager (StorageContainerManager.java:start(782)) - ScmBlockLocationProtocol RPC server is listening at /0.0.0.0:41400
2019-10-30 11:52:23,911 [main] INFO  server.SCMBlockProtocolServer (SCMBlockProtocolServer.java:start(146)) - RPC server for Block Protocol is listening at /0.0.0.0:41400
2019-10-30 11:52:23,911 [IPC Server Responder] INFO  ipc.Server (Server.java:run(1314)) - IPC Server Responder: starting
2019-10-30 11:52:23,911 [IPC Server listener on 41400] INFO  ipc.Server (Server.java:run(1153)) - IPC Server listener on 41400: starting
2019-10-30 11:52:23,914 [main] INFO  server.StorageContainerManager (StorageContainerManager.java:start(786)) - ScmDatanodeProtocl RPC server is listening at /0.0.0.0:45375
2019-10-30 11:52:23,914 [main] INFO  server.SCMDatanodeProtocolServer (SCMDatanodeProtocolServer.java:start(169)) - RPC server for DataNodes is listening at /0.0.0.0:45375
2019-10-30 11:52:23,915 [IPC Server Responder] INFO  ipc.Server (Server.java:run(1314)) - IPC Server Responder: starting
2019-10-30 11:52:23,916 [IPC Server listener on 45375] INFO  ipc.Server (Server.java:run(1153)) - IPC Server listener on 45375: starting
2019-10-30 11:52:23,919 [main] INFO  http.HttpServer2 (HttpServer2.java:bindListener(1191)) - Jetty bound to port 40462
2019-10-30 11:52:23,921 [main] INFO  server.Server (Server.java:doStart(351)) - jetty-9.3.25.v20180904, build timestamp: 2018-09-04T21:11:46Z, git hash: 3ce520221d0240229c862b122d2b06c12a625732
2019-10-30 11:52:23,956 [main] INFO  handler.ContextHandler (ContextHandler.java:doStart(781)) - Started o.e.j.s.ServletContextHandler@340da44c{/logs,file:///workdir/hadoop-ozone/integration-test/target/log,AVAILABLE}
2019-10-30 11:52:23,957 [main] INFO  handler.ContextHandler (ContextHandler.java:doStart(781)) - Started o.e.j.s.ServletContextHandler@37052337{/static,file:///workdir/hadoop-ozone/integration-test/target/test-classes/webapps/static,AVAILABLE}
2019-10-30 11:52:23,986 [main] INFO  handler.ContextHandler (ContextHandler.java:doStart(781)) - Started o.e.j.w.WebAppContext@3b366632{/,file:///workdir/hadoop-ozone/integration-test/target/test-classes/webapps/scm/,AVAILABLE}{/scm}
2019-10-30 11:52:23,992 [main] INFO  server.AbstractConnector (AbstractConnector.java:doStart(278)) - Started ServerConnector@bc2e055{HTTP/1.1,[http/1.1]}{0.0.0.0:40462}
2019-10-30 11:52:23,992 [main] INFO  server.Server (Server.java:doStart(419)) - Started @2400ms
2019-10-30 11:52:23,995 [main] INFO  impl.MetricsSinkAdapter (MetricsSinkAdapter.java:start(204)) - Sink prometheus started
2019-10-30 11:52:23,995 [main] INFO  impl.MetricsSystemImpl (MetricsSystemImpl.java:registerSink(301)) - Registered sink prometheus
2019-10-30 11:52:23,997 [main] INFO  server.BaseHttpServer (BaseHttpServer.java:updateConnectorAddress(215)) - HTTP server of SCM is listening at http://0.0.0.0:40462
2019-10-30 11:52:24,002 [org.apache.hadoop.util.JvmPauseMonitor$Monitor@5922ae77] INFO  util.JvmPauseMonitor (JvmPauseMonitor.java:run(188)) - Starting JVM pause monitor
2019-10-30 11:52:24,006 [main] WARN  server.ServerUtils (ServerUtils.java:getDBPath(222)) - ozone.om.db.dirs is not configured. We recommend adding this setting. Falling back to ozone.metadata.dirs instead.
2019-10-30 11:52:24,098 [main] INFO  ha.OMHANodeDetails (OMHANodeDetails.java:loadOMHAConfig(190)) - Configuration either no ozone.om.address set. Falling back to the default OM address /127.0.0.1:0
2019-10-30 11:52:24,098 [main] INFO  ha.OMHANodeDetails (OMHANodeDetails.java:getOMNodeDetails(220)) - OM Service ID is not set. Setting it to the default ID: omServiceIdDefault
2019-10-30 11:52:24,100 [main] WARN  server.ServerUtils (ServerUtils.java:getDBPath(222)) - ozone.om.db.dirs is not configured. We recommend adding this setting. Falling back to ozone.metadata.dirs instead.
2019-10-30 11:52:24,101 [main] WARN  server.ServerUtils (ServerUtils.java:getDBPath(222)) - ozone.om.db.dirs is not configured. We recommend adding this setting. Falling back to ozone.metadata.dirs instead.
2019-10-30 11:52:24,648 [main] WARN  server.ServerUtils (ServerUtils.java:getDBPath(222)) - ozone.om.db.dirs is not configured. We recommend adding this setting. Falling back to ozone.metadata.dirs instead.
2019-10-30 11:52:24,655 [main] INFO  db.DBStoreBuilder (DBStoreBuilder.java:addTable(117)) - using custom profile for table: userTable
2019-10-30 11:52:24,655 [main] INFO  db.DBStoreBuilder (DBStoreBuilder.java:processTables(168)) - Using default column profile:DBProfile.DISK for Table:userTable
2019-10-30 11:52:24,656 [main] INFO  db.DBStoreBuilder (DBStoreBuilder.java:addTable(117)) - using custom profile for table: volumeTable
2019-10-30 11:52:24,656 [main] INFO  db.DBStoreBuilder (DBStoreBuilder.java:processTables(168)) - Using default column profile:DBProfile.DISK for Table:volumeTable
2019-10-30 11:52:24,656 [main] INFO  db.DBStoreBuilder (DBStoreBuilder.java:addTable(117)) - using custom profile for table: bucketTable
2019-10-30 11:52:24,656 [main] INFO  db.DBStoreBuilder (DBStoreBuilder.java:processTables(168)) - Using default column profile:DBProfile.DISK for Table:bucketTable
2019-10-30 11:52:24,656 [main] INFO  db.DBStoreBuilder (DBStoreBuilder.java:addTable(117)) - using custom profile for table: keyTable
2019-10-30 11:52:24,657 [main] INFO  db.DBStoreBuilder (DBStoreBuilder.java:processTables(168)) - Using default column profile:DBProfile.DISK for Table:keyTable
2019-10-30 11:52:24,657 [main] INFO  db.DBStoreBuilder (DBStoreBuilder.java:addTable(117)) - using custom profile for table: deletedTable
2019-10-30 11:52:24,657 [main] INFO  db.DBStoreBuilder (DBStoreBuilder.java:processTables(168)) - Using default column profile:DBProfile.DISK for Table:deletedTable
2019-10-30 11:52:24,657 [main] INFO  db.DBStoreBuilder (DBStoreBuilder.java:addTable(117)) - using custom profile for table: openKeyTable
2019-10-30 11:52:24,657 [main] INFO  db.DBStoreBuilder (DBStoreBuilder.java:processTables(168)) - Using default column profile:DBProfile.DISK for Table:openKeyTable
2019-10-30 11:52:24,658 [main] INFO  db.DBStoreBuilder (DBStoreBuilder.java:addTable(117)) - using custom profile for table: s3Table
2019-10-30 11:52:24,658 [main] INFO  db.DBStoreBuilder (DBStoreBuilder.java:processTables(168)) - Using default column profile:DBProfile.DISK for Table:s3Table
2019-10-30 11:52:24,658 [main] INFO  db.DBStoreBuilder (DBStoreBuilder.java:addTable(117)) - using custom profile for table: multipartInfoTable
2019-10-30 11:52:24,658 [main] INFO  db.DBStoreBuilder (DBStoreBuilder.java:processTables(168)) - Using default column profile:DBProfile.DISK for Table:multipartInfoTable
2019-10-30 11:52:24,659 [main] INFO  db.DBStoreBuilder (DBStoreBuilder.java:addTable(117)) - using custom profile for table: dTokenTable
2019-10-30 11:52:24,659 [main] INFO  db.DBStoreBuilder (DBStoreBuilder.java:processTables(168)) - Using default column profile:DBProfile.DISK for Table:dTokenTable
2019-10-30 11:52:24,659 [main] INFO  db.DBStoreBuilder (DBStoreBuilder.java:addTable(117)) - using custom profile for table: s3SecretTable
2019-10-30 11:52:24,659 [main] INFO  db.DBStoreBuilder (DBStoreBuilder.java:processTables(168)) - Using default column profile:DBProfile.DISK for Table:s3SecretTable
2019-10-30 11:52:24,659 [main] INFO  db.DBStoreBuilder (DBStoreBuilder.java:addTable(117)) - using custom profile for table: prefixTable
2019-10-30 11:52:24,660 [main] INFO  db.DBStoreBuilder (DBStoreBuilder.java:processTables(168)) - Using default column profile:DBProfile.DISK for Table:prefixTable
2019-10-30 11:52:24,660 [main] INFO  db.DBStoreBuilder (DBStoreBuilder.java:addTable(117)) - using custom profile for table: default
2019-10-30 11:52:24,660 [main] INFO  db.DBStoreBuilder (DBStoreBuilder.java:processTables(174)) - Using default column profile:DBProfile.DISK for Table:default
2019-10-30 11:52:24,660 [main] INFO  db.DBStoreBuilder (DBStoreBuilder.java:getDbProfile(205)) - Using default options. DBProfile.DISK
2019-10-30 11:52:25,063 [main] INFO  ipc.CallQueueManager (CallQueueManager.java:<init>(84)) - Using callQueue: class java.util.concurrent.LinkedBlockingQueue, queueCapacity: 2000, scheduler: class org.apache.hadoop.ipc.DefaultRpcScheduler, ipcBackoff: false.
2019-10-30 11:52:25,064 [Socket Reader #1 for port 39519] INFO  ipc.Server (Server.java:run(1074)) - Starting Socket Reader #1 for port 39519
2019-10-30 11:52:25,082 [main] INFO  om.OzoneManager (OzoneManager.java:start(1074)) - OzoneManager RPC server is listening at localhost/127.0.0.1:39519
2019-10-30 11:52:25,082 [main] INFO  impl.MetricsSystemImpl (MetricsSystemImpl.java:init(158)) - OzoneManager metrics system started (again)
2019-10-30 11:52:25,090 [IPC Server listener on 39519] INFO  ipc.Server (Server.java:run(1153)) - IPC Server listener on 39519: starting
2019-10-30 11:52:25,095 [IPC Server Responder] INFO  ipc.Server (Server.java:run(1314)) - IPC Server Responder: starting
2019-10-30 11:52:25,103 [main] INFO  hdfs.DFSUtil (DFSUtil.java:httpServerTemplateForNNAndJN(1641)) - Starting Web-server for ozoneManager at: http://0.0.0.0:0
2019-10-30 11:52:25,105 [main] INFO  server.AuthenticationFilter (AuthenticationFilter.java:constructSecretProvider(240)) - Unable to initialize FileSignerSecretProvider, falling back to use random secrets.
2019-10-30 11:52:25,105 [main] WARN  http.HttpRequestLog (HttpRequestLog.java:getRequestLog(97)) - Jetty request log can only be enabled using Log4j
2019-10-30 11:52:25,108 [main] INFO  http.HttpServer2 (HttpServer2.java:addGlobalFilter(975)) - Added global filter 'safety' (class=org.apache.hadoop.http.HttpServer2$QuotingInputFilter)
2019-10-30 11:52:25,109 [main] INFO  http.HttpServer2 (HttpServer2.java:addFilter(948)) - Added filter static_user_filter (class=org.apache.hadoop.http.lib.StaticUserWebFilter$StaticUserFilter) to context ozoneManager
2019-10-30 11:52:25,109 [main] INFO  http.HttpServer2 (HttpServer2.java:addFilter(958)) - Added filter static_user_filter (class=org.apache.hadoop.http.lib.StaticUserWebFilter$StaticUserFilter) to context logs
2019-10-30 11:52:25,109 [main] INFO  http.HttpServer2 (HttpServer2.java:addFilter(958)) - Added filter static_user_filter (class=org.apache.hadoop.http.lib.StaticUserWebFilter$StaticUserFilter) to context static
2019-10-30 11:52:25,112 [main] INFO  http.HttpServer2 (HttpServer2.java:bindListener(1191)) - Jetty bound to port 36526
2019-10-30 11:52:25,112 [main] INFO  server.Server (Server.java:doStart(351)) - jetty-9.3.25.v20180904, build timestamp: 2018-09-04T21:11:46Z, git hash: 3ce520221d0240229c862b122d2b06c12a625732
2019-10-30 11:52:25,114 [main] INFO  handler.ContextHandler (ContextHandler.java:doStart(781)) - Started o.e.j.s.ServletContextHandler@7923f5b3{/logs,file:///workdir/hadoop-ozone/integration-test/target/log,AVAILABLE}
2019-10-30 11:52:25,115 [main] INFO  handler.ContextHandler (ContextHandler.java:doStart(781)) - Started o.e.j.s.ServletContextHandler@7578e06a{/static,file:///workdir/hadoop-ozone/integration-test/target/test-classes/webapps/static,AVAILABLE}
2019-10-30 11:52:25,122 [main] INFO  handler.ContextHandler (ContextHandler.java:doStart(781)) - Started o.e.j.w.WebAppContext@2cfbeac4{/,file:///workdir/hadoop-ozone/integration-test/target/test-classes/webapps/ozoneManager/,AVAILABLE}{/ozoneManager}
2019-10-30 11:52:25,122 [main] INFO  server.AbstractConnector (AbstractConnector.java:doStart(278)) - Started ServerConnector@12db3386{HTTP/1.1,[http/1.1]}{0.0.0.0:36526}
2019-10-30 11:52:25,123 [main] INFO  server.Server (Server.java:doStart(419)) - Started @3530ms
2019-10-30 11:52:25,123 [main] WARN  impl.MetricsSystemImpl (MetricsSystemImpl.java:register(276)) - Sink prometheus already exists!
2019-10-30 11:52:25,124 [main] INFO  server.BaseHttpServer (BaseHttpServer.java:updateConnectorAddress(215)) - HTTP server of OZONEMANAGER is listening at http://0.0.0.0:36526
2019-10-30 11:52:25,382 [main] INFO  impl.MetricsSystemImpl (MetricsSystemImpl.java:init(158)) - HddsDatanode metrics system started (again)
2019-10-30 11:52:25,426 [main] INFO  ozone.HddsDatanodeService (HddsDatanodeService.java:start(184)) - HddsDatanodeService host:pr-hdds-2359-w9s2w-3834556564 ip:192.168.157.220
2019-10-30 11:52:25,456 [main] INFO  volume.HddsVolume (HddsVolume.java:<init>(176)) - Creating Volume: /workdir/hadoop-ozone/integration-test/target/test-dir/MiniOzoneClusterImpl-aaf233b5-8021-4449-9df2-227d87d78376/datanode-0/data/containers/hdds of  storage type : DISK and capacity : 1482555576320
2019-10-30 11:52:25,458 [main] INFO  volume.VolumeSet (VolumeSet.java:initializeVolumeSet(170)) - Added Volume : /workdir/hadoop-ozone/integration-test/target/test-dir/MiniOzoneClusterImpl-aaf233b5-8021-4449-9df2-227d87d78376/datanode-0/data/containers/hdds to VolumeSet
2019-10-30 11:52:25,461 [main] INFO  volume.ThrottledAsyncChecker (ThrottledAsyncChecker.java:schedule(141)) - Scheduling a check for /workdir/hadoop-ozone/integration-test/target/test-dir/MiniOzoneClusterImpl-aaf233b5-8021-4449-9df2-227d87d78376/datanode-0/data/containers/hdds
2019-10-30 11:52:25,480 [main] INFO  volume.HddsVolumeChecker (HddsVolumeChecker.java:checkAllVolumes(204)) - Scheduled health check for volume /workdir/hadoop-ozone/integration-test/target/test-dir/MiniOzoneClusterImpl-aaf233b5-8021-4449-9df2-227d87d78376/datanode-0/data/containers/hdds
2019-10-30 11:52:25,588 [main] INFO  impl.RaftServerProxy (ConfUtils.java:logGet(43)) - raft.rpc.type = GRPC (default)
2019-10-30 11:52:25,642 [main] INFO  grpc.GrpcFactory (GrpcFactory.java:checkPooledByteBufAllocatorUseCacheForAllThreads(45)) - PERFORMANCE WARNING: useCacheForAllThreads is true that may cause Netty to create a lot garbage objects and, as a result, trigger GC.
	It is recommended to disable useCacheForAllThreads by setting -Dorg.apache.ratis.thirdparty.io.netty.allocator.useCacheForAllThreads=false in command line.
2019-10-30 11:52:25,647 [main] INFO  grpc.GrpcConfigKeys$Server (ConfUtils.java:logGet(43)) - raft.grpc.server.port = 0 (default)
2019-10-30 11:52:25,647 [main] INFO  server.GrpcService (ConfUtils.java:logGet(43)) - raft.grpc.message.size.max = 33570816 (custom)
2019-10-30 11:52:25,649 [main] INFO  server.RaftServerConfigKeys (ConfUtils.java:logGet(43)) - raft.server.log.appender.buffer.byte-limit = 33554432 (custom)
2019-10-30 11:52:25,649 [main] INFO  server.GrpcService (ConfUtils.java:logGet(43)) - raft.grpc.flow.control.window = 1MB (=1048576) (default)
2019-10-30 11:52:25,650 [main] INFO  server.RaftServerConfigKeys (ConfUtils.java:logGet(43)) - raft.server.rpc.request.timeout = 3000ms (default)
2019-10-30 11:52:25,782 [main] INFO  server.RaftServerConfigKeys (ConfUtils.java:logGet(43)) - raft.server.storage.dir = [/workdir/hadoop-ozone/integration-test/target/test-dir/MiniOzoneClusterImpl-aaf233b5-8021-4449-9df2-227d87d78376/datanode-0/data/ratis] (custom)
2019-10-30 11:52:25,826 [main] INFO  hdfs.DFSUtil (DFSUtil.java:httpServerTemplateForNNAndJN(1641)) - Starting Web-server for hddsDatanode at: http://0.0.0.0:0
2019-10-30 11:52:25,828 [main] INFO  server.AuthenticationFilter (AuthenticationFilter.java:constructSecretProvider(240)) - Unable to initialize FileSignerSecretProvider, falling back to use random secrets.
2019-10-30 11:52:25,829 [main] WARN  http.HttpRequestLog (HttpRequestLog.java:getRequestLog(97)) - Jetty request log can only be enabled using Log4j
2019-10-30 11:52:25,831 [main] INFO  http.HttpServer2 (HttpServer2.java:addGlobalFilter(975)) - Added global filter 'safety' (class=org.apache.hadoop.http.HttpServer2$QuotingInputFilter)
2019-10-30 11:52:25,832 [main] INFO  http.HttpServer2 (HttpServer2.java:addFilter(948)) - Added filter static_user_filter (class=org.apache.hadoop.http.lib.StaticUserWebFilter$StaticUserFilter) to context hddsDatanode
2019-10-30 11:52:25,832 [main] INFO  http.HttpServer2 (HttpServer2.java:addFilter(958)) - Added filter static_user_filter (class=org.apache.hadoop.http.lib.StaticUserWebFilter$StaticUserFilter) to context static
2019-10-30 11:52:25,833 [main] INFO  http.HttpServer2 (HttpServer2.java:addFilter(958)) - Added filter static_user_filter (class=org.apache.hadoop.http.lib.StaticUserWebFilter$StaticUserFilter) to context logs
2019-10-30 11:52:25,834 [main] INFO  http.HttpServer2 (HttpServer2.java:bindListener(1191)) - Jetty bound to port 40726
2019-10-30 11:52:25,834 [main] INFO  server.Server (Server.java:doStart(351)) - jetty-9.3.25.v20180904, build timestamp: 2018-09-04T21:11:46Z, git hash: 3ce520221d0240229c862b122d2b06c12a625732
2019-10-30 11:52:25,837 [main] INFO  handler.ContextHandler (ContextHandler.java:doStart(781)) - Started o.e.j.s.ServletContextHandler@1bc0d349{/logs,file:///workdir/hadoop-ozone/integration-test/target/log,AVAILABLE}
2019-10-30 11:52:25,838 [main] INFO  handler.ContextHandler (ContextHandler.java:doStart(781)) - Started o.e.j.s.ServletContextHandler@5292ceca{/static,jar:file:/home/user/.m2/repository/org/apache/hadoop/hadoop-hdds-container-service/0.5.0-SNAPSHOT/hadoop-hdds-container-service-0.5.0-SNAPSHOT.jar!/webapps/static,AVAILABLE}
2019-10-30 11:52:25,882 [main] INFO  handler.ContextHandler (ContextHandler.java:doStart(781)) - Started o.e.j.w.WebAppContext@62db3891{/,file:///tmp/jetty-0.0.0.0-40726-hddsDatanode-_-any-318985303277545767.dir/webapp/,AVAILABLE}{/hddsDatanode}
2019-10-30 11:52:25,882 [main] INFO  server.AbstractConnector (AbstractConnector.java:doStart(278)) - Started ServerConnector@61cd1c71{HTTP/1.1,[http/1.1]}{0.0.0.0:40726}
2019-10-30 11:52:25,883 [main] INFO  server.Server (Server.java:doStart(419)) - Started @4290ms
2019-10-30 11:52:25,883 [main] WARN  impl.MetricsSystemImpl (MetricsSystemImpl.java:register(276)) - Sink prometheus already exists!
2019-10-30 11:52:25,884 [main] INFO  server.BaseHttpServer (BaseHttpServer.java:updateConnectorAddress(215)) - HTTP server of HDDSDATANODE is listening at http://0.0.0.0:40726
2019-10-30 11:52:25,885 [main] INFO  impl.MetricsSystemImpl (MetricsSystemImpl.java:init(158)) - HddsDatanode metrics system started (again)
2019-10-30 11:52:25,887 [main] INFO  ozone.HddsDatanodeService (HddsDatanodeService.java:start(184)) - HddsDatanodeService host:pr-hdds-2359-w9s2w-3834556564 ip:192.168.157.220
2019-10-30 11:52:25,888 [org.apache.hadoop.util.JvmPauseMonitor$Monitor@6e68ca1c] INFO  util.JvmPauseMonitor (JvmPauseMonitor.java:run(188)) - Starting JVM pause monitor
2019-10-30 11:52:25,894 [main] INFO  volume.HddsVolume (HddsVolume.java:<init>(176)) - Creating Volume: /workdir/hadoop-ozone/integration-test/target/test-dir/MiniOzoneClusterImpl-aaf233b5-8021-4449-9df2-227d87d78376/datanode-1/data/containers/hdds of  storage type : DISK and capacity : 1482555576320
2019-10-30 11:52:25,894 [main] INFO  volume.VolumeSet (VolumeSet.java:initializeVolumeSet(170)) - Added Volume : /workdir/hadoop-ozone/integration-test/target/test-dir/MiniOzoneClusterImpl-aaf233b5-8021-4449-9df2-227d87d78376/datanode-1/data/containers/hdds to VolumeSet
2019-10-30 11:52:25,894 [main] INFO  volume.ThrottledAsyncChecker (ThrottledAsyncChecker.java:schedule(141)) - Scheduling a check for /workdir/hadoop-ozone/integration-test/target/test-dir/MiniOzoneClusterImpl-aaf233b5-8021-4449-9df2-227d87d78376/datanode-1/data/containers/hdds
2019-10-30 11:52:25,895 [main] INFO  volume.HddsVolumeChecker (HddsVolumeChecker.java:checkAllVolumes(204)) - Scheduled health check for volume /workdir/hadoop-ozone/integration-test/target/test-dir/MiniOzoneClusterImpl-aaf233b5-8021-4449-9df2-227d87d78376/datanode-1/data/containers/hdds
2019-10-30 11:52:25,907 [main] INFO  impl.RaftServerProxy (ConfUtils.java:logGet(43)) - raft.rpc.type = GRPC (default)
2019-10-30 11:52:25,908 [main] INFO  grpc.GrpcFactory (GrpcFactory.java:checkPooledByteBufAllocatorUseCacheForAllThreads(45)) - PERFORMANCE WARNING: useCacheForAllThreads is true that may cause Netty to create a lot garbage objects and, as a result, trigger GC.
	It is recommended to disable useCacheForAllThreads by setting -Dorg.apache.ratis.thirdparty.io.netty.allocator.useCacheForAllThreads=false in command line.
2019-10-30 11:52:25,908 [main] INFO  grpc.GrpcConfigKeys$Server (ConfUtils.java:logGet(43)) - raft.grpc.server.port = 0 (default)
2019-10-30 11:52:25,908 [main] INFO  server.GrpcService (ConfUtils.java:logGet(43)) - raft.grpc.message.size.max = 33570816 (custom)
2019-10-30 11:52:25,908 [main] INFO  server.RaftServerConfigKeys (ConfUtils.java:logGet(43)) - raft.server.log.appender.buffer.byte-limit = 33554432 (custom)
2019-10-30 11:52:25,909 [main] INFO  server.GrpcService (ConfUtils.java:logGet(43)) - raft.grpc.flow.control.window = 1MB (=1048576) (default)
2019-10-30 11:52:25,909 [main] INFO  server.RaftServerConfigKeys (ConfUtils.java:logGet(43)) - raft.server.rpc.request.timeout = 3000ms (default)
2019-10-30 11:52:25,910 [main] INFO  server.RaftServerConfigKeys (ConfUtils.java:logGet(43)) - raft.server.storage.dir = [/workdir/hadoop-ozone/integration-test/target/test-dir/MiniOzoneClusterImpl-aaf233b5-8021-4449-9df2-227d87d78376/datanode-1/data/ratis] (custom)
2019-10-30 11:52:25,911 [main] INFO  hdfs.DFSUtil (DFSUtil.java:httpServerTemplateForNNAndJN(1641)) - Starting Web-server for hddsDatanode at: http://0.0.0.0:0
2019-10-30 11:52:25,913 [main] INFO  server.AuthenticationFilter (AuthenticationFilter.java:constructSecretProvider(240)) - Unable to initialize FileSignerSecretProvider, falling back to use random secrets.
2019-10-30 11:52:25,913 [main] WARN  http.HttpRequestLog (HttpRequestLog.java:getRequestLog(97)) - Jetty request log can only be enabled using Log4j
2019-10-30 11:52:25,915 [main] INFO  http.HttpServer2 (HttpServer2.java:addGlobalFilter(975)) - Added global filter 'safety' (class=org.apache.hadoop.http.HttpServer2$QuotingInputFilter)
2019-10-30 11:52:25,915 [main] INFO  http.HttpServer2 (HttpServer2.java:addFilter(948)) - Added filter static_user_filter (class=org.apache.hadoop.http.lib.StaticUserWebFilter$StaticUserFilter) to context hddsDatanode
2019-10-30 11:52:25,915 [main] INFO  http.HttpServer2 (HttpServer2.java:addFilter(958)) - Added filter static_user_filter (class=org.apache.hadoop.http.lib.StaticUserWebFilter$StaticUserFilter) to context static
2019-10-30 11:52:25,915 [main] INFO  http.HttpServer2 (HttpServer2.java:addFilter(958)) - Added filter static_user_filter (class=org.apache.hadoop.http.lib.StaticUserWebFilter$StaticUserFilter) to context logs
2019-10-30 11:52:25,916 [main] INFO  http.HttpServer2 (HttpServer2.java:bindListener(1191)) - Jetty bound to port 42925
2019-10-30 11:52:25,916 [main] INFO  server.Server (Server.java:doStart(351)) - jetty-9.3.25.v20180904, build timestamp: 2018-09-04T21:11:46Z, git hash: 3ce520221d0240229c862b122d2b06c12a625732
2019-10-30 11:52:25,918 [main] INFO  handler.ContextHandler (ContextHandler.java:doStart(781)) - Started o.e.j.s.ServletContextHandler@fab35b1{/logs,file:///workdir/hadoop-ozone/integration-test/target/log,AVAILABLE}
2019-10-30 11:52:25,919 [main] INFO  handler.ContextHandler (ContextHandler.java:doStart(781)) - Started o.e.j.s.ServletContextHandler@65bdd558{/static,jar:file:/home/user/.m2/repository/org/apache/hadoop/hadoop-hdds-container-service/0.5.0-SNAPSHOT/hadoop-hdds-container-service-0.5.0-SNAPSHOT.jar!/webapps/static,AVAILABLE}
2019-10-30 11:52:25,947 [main] INFO  handler.ContextHandler (ContextHandler.java:doStart(781)) - Started o.e.j.w.WebAppContext@17f2dd85{/,file:///tmp/jetty-0.0.0.0-42925-hddsDatanode-_-any-9097085367683143555.dir/webapp/,AVAILABLE}{/hddsDatanode}
2019-10-30 11:52:25,947 [main] INFO  server.AbstractConnector (AbstractConnector.java:doStart(278)) - Started ServerConnector@1e58512c{HTTP/1.1,[http/1.1]}{0.0.0.0:42925}
2019-10-30 11:52:25,948 [main] INFO  server.Server (Server.java:doStart(419)) - Started @4355ms
2019-10-30 11:52:25,948 [main] WARN  impl.MetricsSystemImpl (MetricsSystemImpl.java:register(276)) - Sink prometheus already exists!
2019-10-30 11:52:25,950 [main] INFO  server.BaseHttpServer (BaseHttpServer.java:updateConnectorAddress(215)) - HTTP server of HDDSDATANODE is listening at http://0.0.0.0:42925
2019-10-30 11:52:25,950 [main] INFO  impl.MetricsSystemImpl (MetricsSystemImpl.java:init(158)) - HddsDatanode metrics system started (again)
2019-10-30 11:52:25,952 [main] INFO  ozone.HddsDatanodeService (HddsDatanodeService.java:start(184)) - HddsDatanodeService host:pr-hdds-2359-w9s2w-3834556564 ip:192.168.157.220
2019-10-30 11:52:25,952 [org.apache.hadoop.util.JvmPauseMonitor$Monitor@40752a2d] INFO  util.JvmPauseMonitor (JvmPauseMonitor.java:run(188)) - Starting JVM pause monitor
2019-10-30 11:52:25,963 [main] INFO  volume.HddsVolume (HddsVolume.java:<init>(176)) - Creating Volume: /workdir/hadoop-ozone/integration-test/target/test-dir/MiniOzoneClusterImpl-aaf233b5-8021-4449-9df2-227d87d78376/datanode-2/data/containers/hdds of  storage type : DISK and capacity : 1482555576320
2019-10-30 11:52:25,963 [main] INFO  volume.VolumeSet (VolumeSet.java:initializeVolumeSet(170)) - Added Volume : /workdir/hadoop-ozone/integration-test/target/test-dir/MiniOzoneClusterImpl-aaf233b5-8021-4449-9df2-227d87d78376/datanode-2/data/containers/hdds to VolumeSet
2019-10-30 11:52:25,964 [main] INFO  volume.ThrottledAsyncChecker (ThrottledAsyncChecker.java:schedule(141)) - Scheduling a check for /workdir/hadoop-ozone/integration-test/target/test-dir/MiniOzoneClusterImpl-aaf233b5-8021-4449-9df2-227d87d78376/datanode-2/data/containers/hdds
2019-10-30 11:52:25,966 [main] INFO  volume.HddsVolumeChecker (HddsVolumeChecker.java:checkAllVolumes(204)) - Scheduled health check for volume /workdir/hadoop-ozone/integration-test/target/test-dir/MiniOzoneClusterImpl-aaf233b5-8021-4449-9df2-227d87d78376/datanode-2/data/containers/hdds
2019-10-30 11:52:25,978 [main] INFO  impl.RaftServerProxy (ConfUtils.java:logGet(43)) - raft.rpc.type = GRPC (default)
2019-10-30 11:52:25,979 [main] INFO  grpc.GrpcFactory (GrpcFactory.java:checkPooledByteBufAllocatorUseCacheForAllThreads(45)) - PERFORMANCE WARNING: useCacheForAllThreads is true that may cause Netty to create a lot garbage objects and, as a result, trigger GC.
	It is recommended to disable useCacheForAllThreads by setting -Dorg.apache.ratis.thirdparty.io.netty.allocator.useCacheForAllThreads=false in command line.
2019-10-30 11:52:25,979 [main] INFO  grpc.GrpcConfigKeys$Server (ConfUtils.java:logGet(43)) - raft.grpc.server.port = 0 (default)
2019-10-30 11:52:25,979 [main] INFO  server.GrpcService (ConfUtils.java:logGet(43)) - raft.grpc.message.size.max = 33570816 (custom)
2019-10-30 11:52:25,979 [main] INFO  server.RaftServerConfigKeys (ConfUtils.java:logGet(43)) - raft.server.log.appender.buffer.byte-limit = 33554432 (custom)
2019-10-30 11:52:25,979 [main] INFO  server.GrpcService (ConfUtils.java:logGet(43)) - raft.grpc.flow.control.window = 1MB (=1048576) (default)
2019-10-30 11:52:25,980 [main] INFO  server.RaftServerConfigKeys (ConfUtils.java:logGet(43)) - raft.server.rpc.request.timeout = 3000ms (default)
2019-10-30 11:52:25,980 [main] INFO  server.RaftServerConfigKeys (ConfUtils.java:logGet(43)) - raft.server.storage.dir = [/workdir/hadoop-ozone/integration-test/target/test-dir/MiniOzoneClusterImpl-aaf233b5-8021-4449-9df2-227d87d78376/datanode-2/data/ratis] (custom)
2019-10-30 11:52:25,982 [main] INFO  hdfs.DFSUtil (DFSUtil.java:httpServerTemplateForNNAndJN(1641)) - Starting Web-server for hddsDatanode at: http://0.0.0.0:0
2019-10-30 11:52:25,984 [main] INFO  server.AuthenticationFilter (AuthenticationFilter.java:constructSecretProvider(240)) - Unable to initialize FileSignerSecretProvider, falling back to use random secrets.
2019-10-30 11:52:25,984 [main] WARN  http.HttpRequestLog (HttpRequestLog.java:getRequestLog(97)) - Jetty request log can only be enabled using Log4j
2019-10-30 11:52:25,986 [main] INFO  http.HttpServer2 (HttpServer2.java:addGlobalFilter(975)) - Added global filter 'safety' (class=org.apache.hadoop.http.HttpServer2$QuotingInputFilter)
2019-10-30 11:52:25,986 [main] INFO  http.HttpServer2 (HttpServer2.java:addFilter(948)) - Added filter static_user_filter (class=org.apache.hadoop.http.lib.StaticUserWebFilter$StaticUserFilter) to context hddsDatanode
2019-10-30 11:52:25,986 [main] INFO  http.HttpServer2 (HttpServer2.java:addFilter(958)) - Added filter static_user_filter (class=org.apache.hadoop.http.lib.StaticUserWebFilter$StaticUserFilter) to context static
2019-10-30 11:52:25,986 [main] INFO  http.HttpServer2 (HttpServer2.java:addFilter(958)) - Added filter static_user_filter (class=org.apache.hadoop.http.lib.StaticUserWebFilter$StaticUserFilter) to context logs
2019-10-30 11:52:25,987 [main] INFO  http.HttpServer2 (HttpServer2.java:bindListener(1191)) - Jetty bound to port 38539
2019-10-30 11:52:25,987 [main] INFO  server.Server (Server.java:doStart(351)) - jetty-9.3.25.v20180904, build timestamp: 2018-09-04T21:11:46Z, git hash: 3ce520221d0240229c862b122d2b06c12a625732
2019-10-30 11:52:25,991 [main] INFO  handler.ContextHandler (ContextHandler.java:doStart(781)) - Started o.e.j.s.ServletContextHandler@d109c4f{/logs,file:///workdir/hadoop-ozone/integration-test/target/log,AVAILABLE}
2019-10-30 11:52:25,992 [main] INFO  handler.ContextHandler (ContextHandler.java:doStart(781)) - Started o.e.j.s.ServletContextHandler@26f46fa6{/static,jar:file:/home/user/.m2/repository/org/apache/hadoop/hadoop-hdds-container-service/0.5.0-SNAPSHOT/hadoop-hdds-container-service-0.5.0-SNAPSHOT.jar!/webapps/static,AVAILABLE}
2019-10-30 11:52:25,998 [Datanode State Machine Thread - 0] INFO  datanode.InitDatanodeState (InitDatanodeState.java:persistContainerDatanodeDetails(140)) - DatanodeDetails is persisted to /workdir/hadoop-ozone/integration-test/target/test-dir/MiniOzoneClusterImpl-aaf233b5-8021-4449-9df2-227d87d78376/datanode-0/meta/datanode.id
2019-10-30 11:52:26,002 [Datanode State Machine Thread - 0] INFO  datanode.InitDatanodeState (InitDatanodeState.java:persistContainerDatanodeDetails(140)) - DatanodeDetails is persisted to /workdir/hadoop-ozone/integration-test/target/test-dir/MiniOzoneClusterImpl-aaf233b5-8021-4449-9df2-227d87d78376/datanode-1/meta/datanode.id
2019-10-30 11:52:26,028 [main] INFO  handler.ContextHandler (ContextHandler.java:doStart(781)) - Started o.e.j.w.WebAppContext@4c6007fb{/,file:///tmp/jetty-0.0.0.0-38539-hddsDatanode-_-any-5880813137326438777.dir/webapp/,AVAILABLE}{/hddsDatanode}
2019-10-30 11:52:26,029 [main] INFO  server.AbstractConnector (AbstractConnector.java:doStart(278)) - Started ServerConnector@3e33d73e{HTTP/1.1,[http/1.1]}{0.0.0.0:38539}
2019-10-30 11:52:26,029 [main] INFO  server.Server (Server.java:doStart(419)) - Started @4437ms
2019-10-30 11:52:26,030 [main] WARN  impl.MetricsSystemImpl (MetricsSystemImpl.java:register(276)) - Sink prometheus already exists!
2019-10-30 11:52:26,031 [main] INFO  server.BaseHttpServer (BaseHttpServer.java:updateConnectorAddress(215)) - HTTP server of HDDSDATANODE is listening at http://0.0.0.0:38539
2019-10-30 11:52:26,031 [main] INFO  impl.MetricsSystemImpl (MetricsSystemImpl.java:init(158)) - HddsDatanode metrics system started (again)
2019-10-30 11:52:26,033 [org.apache.hadoop.util.JvmPauseMonitor$Monitor@5f51db7a] INFO  util.JvmPauseMonitor (JvmPauseMonitor.java:run(188)) - Starting JVM pause monitor
2019-10-30 11:52:26,033 [main] INFO  ozone.HddsDatanodeService (HddsDatanodeService.java:start(184)) - HddsDatanodeService host:pr-hdds-2359-w9s2w-3834556564 ip:192.168.157.220
2019-10-30 11:52:26,035 [Datanode State Machine Thread - 0] INFO  datanode.InitDatanodeState (InitDatanodeState.java:persistContainerDatanodeDetails(140)) - DatanodeDetails is persisted to /workdir/hadoop-ozone/integration-test/target/test-dir/MiniOzoneClusterImpl-aaf233b5-8021-4449-9df2-227d87d78376/datanode-2/meta/datanode.id
2019-10-30 11:52:26,040 [main] INFO  volume.HddsVolume (HddsVolume.java:<init>(176)) - Creating Volume: /workdir/hadoop-ozone/integration-test/target/test-dir/MiniOzoneClusterImpl-aaf233b5-8021-4449-9df2-227d87d78376/datanode-3/data/containers/hdds of  storage type : DISK and capacity : 1482555576320
2019-10-30 11:52:26,040 [main] INFO  volume.VolumeSet (VolumeSet.java:initializeVolumeSet(170)) - Added Volume : /workdir/hadoop-ozone/integration-test/target/test-dir/MiniOzoneClusterImpl-aaf233b5-8021-4449-9df2-227d87d78376/datanode-3/data/containers/hdds to VolumeSet
2019-10-30 11:52:26,040 [main] INFO  volume.ThrottledAsyncChecker (ThrottledAsyncChecker.java:schedule(141)) - Scheduling a check for /workdir/hadoop-ozone/integration-test/target/test-dir/MiniOzoneClusterImpl-aaf233b5-8021-4449-9df2-227d87d78376/datanode-3/data/containers/hdds
2019-10-30 11:52:26,041 [main] INFO  volume.HddsVolumeChecker (HddsVolumeChecker.java:checkAllVolumes(204)) - Scheduled health check for volume /workdir/hadoop-ozone/integration-test/target/test-dir/MiniOzoneClusterImpl-aaf233b5-8021-4449-9df2-227d87d78376/datanode-3/data/containers/hdds
2019-10-30 11:52:26,058 [main] INFO  impl.RaftServerProxy (ConfUtils.java:logGet(43)) - raft.rpc.type = GRPC (default)
2019-10-30 11:52:26,058 [main] INFO  grpc.GrpcFactory (GrpcFactory.java:checkPooledByteBufAllocatorUseCacheForAllThreads(45)) - PERFORMANCE WARNING: useCacheForAllThreads is true that may cause Netty to create a lot garbage objects and, as a result, trigger GC.
	It is recommended to disable useCacheForAllThreads by setting -Dorg.apache.ratis.thirdparty.io.netty.allocator.useCacheForAllThreads=false in command line.
2019-10-30 11:52:26,059 [main] INFO  grpc.GrpcConfigKeys$Server (ConfUtils.java:logGet(43)) - raft.grpc.server.port = 0 (default)
2019-10-30 11:52:26,059 [main] INFO  server.GrpcService (ConfUtils.java:logGet(43)) - raft.grpc.message.size.max = 33570816 (custom)
2019-10-30 11:52:26,059 [main] INFO  server.RaftServerConfigKeys (ConfUtils.java:logGet(43)) - raft.server.log.appender.buffer.byte-limit = 33554432 (custom)
2019-10-30 11:52:26,059 [main] INFO  server.GrpcService (ConfUtils.java:logGet(43)) - raft.grpc.flow.control.window = 1MB (=1048576) (default)
2019-10-30 11:52:26,060 [main] INFO  server.RaftServerConfigKeys (ConfUtils.java:logGet(43)) - raft.server.rpc.request.timeout = 3000ms (default)
2019-10-30 11:52:26,060 [main] INFO  server.RaftServerConfigKeys (ConfUtils.java:logGet(43)) - raft.server.storage.dir = [/workdir/hadoop-ozone/integration-test/target/test-dir/MiniOzoneClusterImpl-aaf233b5-8021-4449-9df2-227d87d78376/datanode-3/data/ratis] (custom)
2019-10-30 11:52:26,062 [main] INFO  hdfs.DFSUtil (DFSUtil.java:httpServerTemplateForNNAndJN(1641)) - Starting Web-server for hddsDatanode at: http://0.0.0.0:0
2019-10-30 11:52:26,064 [main] INFO  server.AuthenticationFilter (AuthenticationFilter.java:constructSecretProvider(240)) - Unable to initialize FileSignerSecretProvider, falling back to use random secrets.
2019-10-30 11:52:26,064 [main] WARN  http.HttpRequestLog (HttpRequestLog.java:getRequestLog(97)) - Jetty request log can only be enabled using Log4j
2019-10-30 11:52:26,066 [main] INFO  http.HttpServer2 (HttpServer2.java:addGlobalFilter(975)) - Added global filter 'safety' (class=org.apache.hadoop.http.HttpServer2$QuotingInputFilter)
2019-10-30 11:52:26,067 [main] INFO  http.HttpServer2 (HttpServer2.java:addFilter(948)) - Added filter static_user_filter (class=org.apache.hadoop.http.lib.StaticUserWebFilter$StaticUserFilter) to context hddsDatanode
2019-10-30 11:52:26,067 [main] INFO  http.HttpServer2 (HttpServer2.java:addFilter(958)) - Added filter static_user_filter (class=org.apache.hadoop.http.lib.StaticUserWebFilter$StaticUserFilter) to context logs
2019-10-30 11:52:26,067 [main] INFO  http.HttpServer2 (HttpServer2.java:addFilter(958)) - Added filter static_user_filter (class=org.apache.hadoop.http.lib.StaticUserWebFilter$StaticUserFilter) to context static
2019-10-30 11:52:26,068 [main] INFO  http.HttpServer2 (HttpServer2.java:bindListener(1191)) - Jetty bound to port 36960
2019-10-30 11:52:26,068 [main] INFO  server.Server (Server.java:doStart(351)) - jetty-9.3.25.v20180904, build timestamp: 2018-09-04T21:11:46Z, git hash: 3ce520221d0240229c862b122d2b06c12a625732
2019-10-30 11:52:26,070 [main] INFO  handler.ContextHandler (ContextHandler.java:doStart(781)) - Started o.e.j.s.ServletContextHandler@4b200971{/logs,file:///workdir/hadoop-ozone/integration-test/target/log,AVAILABLE}
2019-10-30 11:52:26,070 [main] INFO  handler.ContextHandler (ContextHandler.java:doStart(781)) - Started o.e.j.s.ServletContextHandler@68d7a2df{/static,jar:file:/home/user/.m2/repository/org/apache/hadoop/hadoop-hdds-container-service/0.5.0-SNAPSHOT/hadoop-hdds-container-service-0.5.0-SNAPSHOT.jar!/webapps/static,AVAILABLE}
2019-10-30 11:52:26,099 [main] INFO  handler.ContextHandler (ContextHandler.java:doStart(781)) - Started o.e.j.w.WebAppContext@4da6d664{/,file:///tmp/jetty-0.0.0.0-36960-hddsDatanode-_-any-10798526494132437.dir/webapp/,AVAILABLE}{/hddsDatanode}
2019-10-30 11:52:26,100 [main] INFO  server.AbstractConnector (AbstractConnector.java:doStart(278)) - Started ServerConnector@5e5af8e1{HTTP/1.1,[http/1.1]}{0.0.0.0:36960}
2019-10-30 11:52:26,102 [main] INFO  server.Server (Server.java:doStart(419)) - Started @4509ms
2019-10-30 11:52:26,102 [main] WARN  impl.MetricsSystemImpl (MetricsSystemImpl.java:register(276)) - Sink prometheus already exists!
2019-10-30 11:52:26,103 [main] INFO  server.BaseHttpServer (BaseHttpServer.java:updateConnectorAddress(215)) - HTTP server of HDDSDATANODE is listening at http://0.0.0.0:36960
2019-10-30 11:52:26,104 [main] INFO  impl.MetricsSystemImpl (MetricsSystemImpl.java:init(158)) - HddsDatanode metrics system started (again)
2019-10-30 11:52:26,105 [org.apache.hadoop.util.JvmPauseMonitor$Monitor@d461c7d] INFO  util.JvmPauseMonitor (JvmPauseMonitor.java:run(188)) - Starting JVM pause monitor
2019-10-30 11:52:26,105 [main] INFO  ozone.HddsDatanodeService (HddsDatanodeService.java:start(184)) - HddsDatanodeService host:pr-hdds-2359-w9s2w-3834556564 ip:192.168.157.220
2019-10-30 11:52:26,125 [main] INFO  volume.HddsVolume (HddsVolume.java:<init>(176)) - Creating Volume: /workdir/hadoop-ozone/integration-test/target/test-dir/MiniOzoneClusterImpl-aaf233b5-8021-4449-9df2-227d87d78376/datanode-4/data/containers/hdds of  storage type : DISK and capacity : 1482555576320
2019-10-30 11:52:26,126 [Datanode State Machine Thread - 0] INFO  datanode.InitDatanodeState (InitDatanodeState.java:persistContainerDatanodeDetails(140)) - DatanodeDetails is persisted to /workdir/hadoop-ozone/integration-test/target/test-dir/MiniOzoneClusterImpl-aaf233b5-8021-4449-9df2-227d87d78376/datanode-3/meta/datanode.id
2019-10-30 11:52:26,134 [main] INFO  volume.VolumeSet (VolumeSet.java:initializeVolumeSet(170)) - Added Volume : /workdir/hadoop-ozone/integration-test/target/test-dir/MiniOzoneClusterImpl-aaf233b5-8021-4449-9df2-227d87d78376/datanode-4/data/containers/hdds to VolumeSet
2019-10-30 11:52:26,135 [main] INFO  volume.ThrottledAsyncChecker (ThrottledAsyncChecker.java:schedule(141)) - Scheduling a check for /workdir/hadoop-ozone/integration-test/target/test-dir/MiniOzoneClusterImpl-aaf233b5-8021-4449-9df2-227d87d78376/datanode-4/data/containers/hdds
2019-10-30 11:52:26,135 [main] INFO  volume.HddsVolumeChecker (HddsVolumeChecker.java:checkAllVolumes(204)) - Scheduled health check for volume /workdir/hadoop-ozone/integration-test/target/test-dir/MiniOzoneClusterImpl-aaf233b5-8021-4449-9df2-227d87d78376/datanode-4/data/containers/hdds
2019-10-30 11:52:26,147 [main] INFO  impl.RaftServerProxy (ConfUtils.java:logGet(43)) - raft.rpc.type = GRPC (default)
2019-10-30 11:52:26,147 [main] INFO  grpc.GrpcFactory (GrpcFactory.java:checkPooledByteBufAllocatorUseCacheForAllThreads(45)) - PERFORMANCE WARNING: useCacheForAllThreads is true that may cause Netty to create a lot garbage objects and, as a result, trigger GC.
	It is recommended to disable useCacheForAllThreads by setting -Dorg.apache.ratis.thirdparty.io.netty.allocator.useCacheForAllThreads=false in command line.
2019-10-30 11:52:26,147 [main] INFO  grpc.GrpcConfigKeys$Server (ConfUtils.java:logGet(43)) - raft.grpc.server.port = 0 (default)
2019-10-30 11:52:26,147 [main] INFO  server.GrpcService (ConfUtils.java:logGet(43)) - raft.grpc.message.size.max = 33570816 (custom)
2019-10-30 11:52:26,148 [main] INFO  server.RaftServerConfigKeys (ConfUtils.java:logGet(43)) - raft.server.log.appender.buffer.byte-limit = 33554432 (custom)
2019-10-30 11:52:26,148 [main] INFO  server.GrpcService (ConfUtils.java:logGet(43)) - raft.grpc.flow.control.window = 1MB (=1048576) (default)
2019-10-30 11:52:26,148 [main] INFO  server.RaftServerConfigKeys (ConfUtils.java:logGet(43)) - raft.server.rpc.request.timeout = 3000ms (default)
2019-10-30 11:52:26,149 [main] INFO  server.RaftServerConfigKeys (ConfUtils.java:logGet(43)) - raft.server.storage.dir = [/workdir/hadoop-ozone/integration-test/target/test-dir/MiniOzoneClusterImpl-aaf233b5-8021-4449-9df2-227d87d78376/datanode-4/data/ratis] (custom)
2019-10-30 11:52:26,150 [main] INFO  hdfs.DFSUtil (DFSUtil.java:httpServerTemplateForNNAndJN(1641)) - Starting Web-server for hddsDatanode at: http://0.0.0.0:0
2019-10-30 11:52:26,152 [main] INFO  server.AuthenticationFilter (AuthenticationFilter.java:constructSecretProvider(240)) - Unable to initialize FileSignerSecretProvider, falling back to use random secrets.
2019-10-30 11:52:26,153 [main] WARN  http.HttpRequestLog (HttpRequestLog.java:getRequestLog(97)) - Jetty request log can only be enabled using Log4j
2019-10-30 11:52:26,154 [main] INFO  http.HttpServer2 (HttpServer2.java:addGlobalFilter(975)) - Added global filter 'safety' (class=org.apache.hadoop.http.HttpServer2$QuotingInputFilter)
2019-10-30 11:52:26,155 [main] INFO  http.HttpServer2 (HttpServer2.java:addFilter(948)) - Added filter static_user_filter (class=org.apache.hadoop.http.lib.StaticUserWebFilter$StaticUserFilter) to context hddsDatanode
2019-10-30 11:52:26,155 [main] INFO  http.HttpServer2 (HttpServer2.java:addFilter(958)) - Added filter static_user_filter (class=org.apache.hadoop.http.lib.StaticUserWebFilter$StaticUserFilter) to context static
2019-10-30 11:52:26,155 [main] INFO  http.HttpServer2 (HttpServer2.java:addFilter(958)) - Added filter static_user_filter (class=org.apache.hadoop.http.lib.StaticUserWebFilter$StaticUserFilter) to context logs
2019-10-30 11:52:26,156 [main] INFO  http.HttpServer2 (HttpServer2.java:bindListener(1191)) - Jetty bound to port 32801
2019-10-30 11:52:26,156 [main] INFO  server.Server (Server.java:doStart(351)) - jetty-9.3.25.v20180904, build timestamp: 2018-09-04T21:11:46Z, git hash: 3ce520221d0240229c862b122d2b06c12a625732
2019-10-30 11:52:26,159 [main] INFO  handler.ContextHandler (ContextHandler.java:doStart(781)) - Started o.e.j.s.ServletContextHandler@712cfb63{/logs,file:///workdir/hadoop-ozone/integration-test/target/log,AVAILABLE}
2019-10-30 11:52:26,160 [main] INFO  handler.ContextHandler (ContextHandler.java:doStart(781)) - Started o.e.j.s.ServletContextHandler@15639440{/static,jar:file:/home/user/.m2/repository/org/apache/hadoop/hadoop-hdds-container-service/0.5.0-SNAPSHOT/hadoop-hdds-container-service-0.5.0-SNAPSHOT.jar!/webapps/static,AVAILABLE}
2019-10-30 11:52:26,190 [main] INFO  handler.ContextHandler (ContextHandler.java:doStart(781)) - Started o.e.j.w.WebAppContext@5a6fa56e{/,file:///tmp/jetty-0.0.0.0-32801-hddsDatanode-_-any-3536814719984438985.dir/webapp/,AVAILABLE}{/hddsDatanode}
2019-10-30 11:52:26,191 [main] INFO  server.AbstractConnector (AbstractConnector.java:doStart(278)) - Started ServerConnector@1981d861{HTTP/1.1,[http/1.1]}{0.0.0.0:32801}
2019-10-30 11:52:26,191 [main] INFO  server.Server (Server.java:doStart(419)) - Started @4598ms
2019-10-30 11:52:26,191 [main] WARN  impl.MetricsSystemImpl (MetricsSystemImpl.java:register(276)) - Sink prometheus already exists!
2019-10-30 11:52:26,192 [main] INFO  server.BaseHttpServer (BaseHttpServer.java:updateConnectorAddress(215)) - HTTP server of HDDSDATANODE is listening at http://0.0.0.0:32801
2019-10-30 11:52:26,193 [main] INFO  impl.MetricsSystemImpl (MetricsSystemImpl.java:init(158)) - HddsDatanode metrics system started (again)
2019-10-30 11:52:26,195 [main] INFO  ozone.HddsDatanodeService (HddsDatanodeService.java:start(184)) - HddsDatanodeService host:pr-hdds-2359-w9s2w-3834556564 ip:192.168.157.220
2019-10-30 11:52:26,195 [org.apache.hadoop.util.JvmPauseMonitor$Monitor@2e6d8872] INFO  util.JvmPauseMonitor (JvmPauseMonitor.java:run(188)) - Starting JVM pause monitor
2019-10-30 11:52:26,197 [Datanode State Machine Thread - 0] INFO  datanode.InitDatanodeState (InitDatanodeState.java:persistContainerDatanodeDetails(140)) - DatanodeDetails is persisted to /workdir/hadoop-ozone/integration-test/target/test-dir/MiniOzoneClusterImpl-aaf233b5-8021-4449-9df2-227d87d78376/datanode-4/meta/datanode.id
2019-10-30 11:52:26,202 [main] INFO  volume.HddsVolume (HddsVolume.java:<init>(176)) - Creating Volume: /workdir/hadoop-ozone/integration-test/target/test-dir/MiniOzoneClusterImpl-aaf233b5-8021-4449-9df2-227d87d78376/datanode-5/data/containers/hdds of  storage type : DISK and capacity : 1482555576320
2019-10-30 11:52:26,203 [main] INFO  volume.VolumeSet (VolumeSet.java:initializeVolumeSet(170)) - Added Volume : /workdir/hadoop-ozone/integration-test/target/test-dir/MiniOzoneClusterImpl-aaf233b5-8021-4449-9df2-227d87d78376/datanode-5/data/containers/hdds to VolumeSet
2019-10-30 11:52:26,203 [main] INFO  volume.ThrottledAsyncChecker (ThrottledAsyncChecker.java:schedule(141)) - Scheduling a check for /workdir/hadoop-ozone/integration-test/target/test-dir/MiniOzoneClusterImpl-aaf233b5-8021-4449-9df2-227d87d78376/datanode-5/data/containers/hdds
2019-10-30 11:52:26,204 [main] INFO  volume.HddsVolumeChecker (HddsVolumeChecker.java:checkAllVolumes(204)) - Scheduled health check for volume /workdir/hadoop-ozone/integration-test/target/test-dir/MiniOzoneClusterImpl-aaf233b5-8021-4449-9df2-227d87d78376/datanode-5/data/containers/hdds
2019-10-30 11:52:26,218 [main] INFO  impl.RaftServerProxy (ConfUtils.java:logGet(43)) - raft.rpc.type = GRPC (default)
2019-10-30 11:52:26,218 [main] INFO  grpc.GrpcFactory (GrpcFactory.java:checkPooledByteBufAllocatorUseCacheForAllThreads(45)) - PERFORMANCE WARNING: useCacheForAllThreads is true that may cause Netty to create a lot garbage objects and, as a result, trigger GC.
	It is recommended to disable useCacheForAllThreads by setting -Dorg.apache.ratis.thirdparty.io.netty.allocator.useCacheForAllThreads=false in command line.
2019-10-30 11:52:26,218 [main] INFO  grpc.GrpcConfigKeys$Server (ConfUtils.java:logGet(43)) - raft.grpc.server.port = 0 (default)
2019-10-30 11:52:26,219 [main] INFO  server.GrpcService (ConfUtils.java:logGet(43)) - raft.grpc.message.size.max = 33570816 (custom)
2019-10-30 11:52:26,219 [main] INFO  server.RaftServerConfigKeys (ConfUtils.java:logGet(43)) - raft.server.log.appender.buffer.byte-limit = 33554432 (custom)
2019-10-30 11:52:26,219 [main] INFO  server.GrpcService (ConfUtils.java:logGet(43)) - raft.grpc.flow.control.window = 1MB (=1048576) (default)
2019-10-30 11:52:26,219 [main] INFO  server.RaftServerConfigKeys (ConfUtils.java:logGet(43)) - raft.server.rpc.request.timeout = 3000ms (default)
2019-10-30 11:52:26,220 [main] INFO  server.RaftServerConfigKeys (ConfUtils.java:logGet(43)) - raft.server.storage.dir = [/workdir/hadoop-ozone/integration-test/target/test-dir/MiniOzoneClusterImpl-aaf233b5-8021-4449-9df2-227d87d78376/datanode-5/data/ratis] (custom)
2019-10-30 11:52:26,222 [main] INFO  hdfs.DFSUtil (DFSUtil.java:httpServerTemplateForNNAndJN(1641)) - Starting Web-server for hddsDatanode at: http://0.0.0.0:0
2019-10-30 11:52:26,224 [main] INFO  server.AuthenticationFilter (AuthenticationFilter.java:constructSecretProvider(240)) - Unable to initialize FileSignerSecretProvider, falling back to use random secrets.
2019-10-30 11:52:26,225 [main] WARN  http.HttpRequestLog (HttpRequestLog.java:getRequestLog(97)) - Jetty request log can only be enabled using Log4j
2019-10-30 11:52:26,227 [main] INFO  http.HttpServer2 (HttpServer2.java:addGlobalFilter(975)) - Added global filter 'safety' (class=org.apache.hadoop.http.HttpServer2$QuotingInputFilter)
2019-10-30 11:52:26,228 [main] INFO  http.HttpServer2 (HttpServer2.java:addFilter(948)) - Added filter static_user_filter (class=org.apache.hadoop.http.lib.StaticUserWebFilter$StaticUserFilter) to context hddsDatanode
2019-10-30 11:52:26,228 [main] INFO  http.HttpServer2 (HttpServer2.java:addFilter(958)) - Added filter static_user_filter (class=org.apache.hadoop.http.lib.StaticUserWebFilter$StaticUserFilter) to context logs
2019-10-30 11:52:26,228 [main] INFO  http.HttpServer2 (HttpServer2.java:addFilter(958)) - Added filter static_user_filter (class=org.apache.hadoop.http.lib.StaticUserWebFilter$StaticUserFilter) to context static
2019-10-30 11:52:26,229 [main] INFO  http.HttpServer2 (HttpServer2.java:bindListener(1191)) - Jetty bound to port 46304
2019-10-30 11:52:26,229 [main] INFO  server.Server (Server.java:doStart(351)) - jetty-9.3.25.v20180904, build timestamp: 2018-09-04T21:11:46Z, git hash: 3ce520221d0240229c862b122d2b06c12a625732
2019-10-30 11:52:26,231 [main] INFO  handler.ContextHandler (ContextHandler.java:doStart(781)) - Started o.e.j.s.ServletContextHandler@72f9f27c{/logs,file:///workdir/hadoop-ozone/integration-test/target/log,AVAILABLE}
2019-10-30 11:52:26,232 [main] INFO  handler.ContextHandler (ContextHandler.java:doStart(781)) - Started o.e.j.s.ServletContextHandler@762637be{/static,jar:file:/home/user/.m2/repository/org/apache/hadoop/hadoop-hdds-container-service/0.5.0-SNAPSHOT/hadoop-hdds-container-service-0.5.0-SNAPSHOT.jar!/webapps/static,AVAILABLE}
2019-10-30 11:52:26,260 [main] INFO  handler.ContextHandler (ContextHandler.java:doStart(781)) - Started o.e.j.w.WebAppContext@7fb29ca9{/,file:///tmp/jetty-0.0.0.0-46304-hddsDatanode-_-any-4511873631143917177.dir/webapp/,AVAILABLE}{/hddsDatanode}
2019-10-30 11:52:26,262 [main] INFO  server.AbstractConnector (AbstractConnector.java:doStart(278)) - Started ServerConnector@1e253c9d{HTTP/1.1,[http/1.1]}{0.0.0.0:46304}
2019-10-30 11:52:26,262 [main] INFO  server.Server (Server.java:doStart(419)) - Started @4670ms
2019-10-30 11:52:26,263 [main] WARN  impl.MetricsSystemImpl (MetricsSystemImpl.java:register(276)) - Sink prometheus already exists!
2019-10-30 11:52:26,264 [main] INFO  server.BaseHttpServer (BaseHttpServer.java:updateConnectorAddress(215)) - HTTP server of HDDSDATANODE is listening at http://0.0.0.0:46304
2019-10-30 11:52:26,264 [main] INFO  impl.MetricsSystemImpl (MetricsSystemImpl.java:init(158)) - HddsDatanode metrics system started (again)
2019-10-30 11:52:26,267 [org.apache.hadoop.util.JvmPauseMonitor$Monitor@6fa05773] INFO  util.JvmPauseMonitor (JvmPauseMonitor.java:run(188)) - Starting JVM pause monitor
2019-10-30 11:52:26,267 [main] INFO  ozone.HddsDatanodeService (HddsDatanodeService.java:start(184)) - HddsDatanodeService host:pr-hdds-2359-w9s2w-3834556564 ip:192.168.157.220
2019-10-30 11:52:26,269 [Datanode State Machine Thread - 0] INFO  datanode.InitDatanodeState (InitDatanodeState.java:persistContainerDatanodeDetails(140)) - DatanodeDetails is persisted to /workdir/hadoop-ozone/integration-test/target/test-dir/MiniOzoneClusterImpl-aaf233b5-8021-4449-9df2-227d87d78376/datanode-5/meta/datanode.id
2019-10-30 11:52:26,274 [main] INFO  volume.HddsVolume (HddsVolume.java:<init>(176)) - Creating Volume: /workdir/hadoop-ozone/integration-test/target/test-dir/MiniOzoneClusterImpl-aaf233b5-8021-4449-9df2-227d87d78376/datanode-6/data/containers/hdds of  storage type : DISK and capacity : 1482555576320
2019-10-30 11:52:26,275 [main] INFO  volume.VolumeSet (VolumeSet.java:initializeVolumeSet(170)) - Added Volume : /workdir/hadoop-ozone/integration-test/target/test-dir/MiniOzoneClusterImpl-aaf233b5-8021-4449-9df2-227d87d78376/datanode-6/data/containers/hdds to VolumeSet
2019-10-30 11:52:26,275 [main] INFO  volume.ThrottledAsyncChecker (ThrottledAsyncChecker.java:schedule(141)) - Scheduling a check for /workdir/hadoop-ozone/integration-test/target/test-dir/MiniOzoneClusterImpl-aaf233b5-8021-4449-9df2-227d87d78376/datanode-6/data/containers/hdds
2019-10-30 11:52:26,275 [main] INFO  volume.HddsVolumeChecker (HddsVolumeChecker.java:checkAllVolumes(204)) - Scheduled health check for volume /workdir/hadoop-ozone/integration-test/target/test-dir/MiniOzoneClusterImpl-aaf233b5-8021-4449-9df2-227d87d78376/datanode-6/data/containers/hdds
2019-10-30 11:52:26,293 [main] INFO  impl.RaftServerProxy (ConfUtils.java:logGet(43)) - raft.rpc.type = GRPC (default)
2019-10-30 11:52:26,293 [main] INFO  grpc.GrpcFactory (GrpcFactory.java:checkPooledByteBufAllocatorUseCacheForAllThreads(45)) - PERFORMANCE WARNING: useCacheForAllThreads is true that may cause Netty to create a lot garbage objects and, as a result, trigger GC.
	It is recommended to disable useCacheForAllThreads by setting -Dorg.apache.ratis.thirdparty.io.netty.allocator.useCacheForAllThreads=false in command line.
2019-10-30 11:52:26,293 [main] INFO  grpc.GrpcConfigKeys$Server (ConfUtils.java:logGet(43)) - raft.grpc.server.port = 0 (default)
2019-10-30 11:52:26,294 [main] INFO  server.GrpcService (ConfUtils.java:logGet(43)) - raft.grpc.message.size.max = 33570816 (custom)
2019-10-30 11:52:26,294 [main] INFO  server.RaftServerConfigKeys (ConfUtils.java:logGet(43)) - raft.server.log.appender.buffer.byte-limit = 33554432 (custom)
2019-10-30 11:52:26,294 [main] INFO  server.GrpcService (ConfUtils.java:logGet(43)) - raft.grpc.flow.control.window = 1MB (=1048576) (default)
2019-10-30 11:52:26,294 [main] INFO  server.RaftServerConfigKeys (ConfUtils.java:logGet(43)) - raft.server.rpc.request.timeout = 3000ms (default)
2019-10-30 11:52:26,295 [main] INFO  server.RaftServerConfigKeys (ConfUtils.java:logGet(43)) - raft.server.storage.dir = [/workdir/hadoop-ozone/integration-test/target/test-dir/MiniOzoneClusterImpl-aaf233b5-8021-4449-9df2-227d87d78376/datanode-6/data/ratis] (custom)
2019-10-30 11:52:26,297 [main] INFO  hdfs.DFSUtil (DFSUtil.java:httpServerTemplateForNNAndJN(1641)) - Starting Web-server for hddsDatanode at: http://0.0.0.0:0
2019-10-30 11:52:26,299 [main] INFO  server.AuthenticationFilter (AuthenticationFilter.java:constructSecretProvider(240)) - Unable to initialize FileSignerSecretProvider, falling back to use random secrets.
2019-10-30 11:52:26,300 [main] WARN  http.HttpRequestLog (HttpRequestLog.java:getRequestLog(97)) - Jetty request log can only be enabled using Log4j
2019-10-30 11:52:26,302 [main] INFO  http.HttpServer2 (HttpServer2.java:addGlobalFilter(975)) - Added global filter 'safety' (class=org.apache.hadoop.http.HttpServer2$QuotingInputFilter)
2019-10-30 11:52:26,303 [main] INFO  http.HttpServer2 (HttpServer2.java:addFilter(948)) - Added filter static_user_filter (class=org.apache.hadoop.http.lib.StaticUserWebFilter$StaticUserFilter) to context hddsDatanode
2019-10-30 11:52:26,304 [main] INFO  http.HttpServer2 (HttpServer2.java:addFilter(958)) - Added filter static_user_filter (class=org.apache.hadoop.http.lib.StaticUserWebFilter$StaticUserFilter) to context static
2019-10-30 11:52:26,304 [main] INFO  http.HttpServer2 (HttpServer2.java:addFilter(958)) - Added filter static_user_filter (class=org.apache.hadoop.http.lib.StaticUserWebFilter$StaticUserFilter) to context logs
2019-10-30 11:52:26,305 [main] INFO  http.HttpServer2 (HttpServer2.java:bindListener(1191)) - Jetty bound to port 44122
2019-10-30 11:52:26,305 [main] INFO  server.Server (Server.java:doStart(351)) - jetty-9.3.25.v20180904, build timestamp: 2018-09-04T21:11:46Z, git hash: 3ce520221d0240229c862b122d2b06c12a625732
2019-10-30 11:52:26,307 [main] INFO  handler.ContextHandler (ContextHandler.java:doStart(781)) - Started o.e.j.s.ServletContextHandler@17fa1336{/logs,file:///workdir/hadoop-ozone/integration-test/target/log,AVAILABLE}
2019-10-30 11:52:26,308 [main] INFO  handler.ContextHandler (ContextHandler.java:doStart(781)) - Started o.e.j.s.ServletContextHandler@68b9834c{/static,jar:file:/home/user/.m2/repository/org/apache/hadoop/hadoop-hdds-container-service/0.5.0-SNAPSHOT/hadoop-hdds-container-service-0.5.0-SNAPSHOT.jar!/webapps/static,AVAILABLE}
2019-10-30 11:52:26,347 [main] INFO  handler.ContextHandler (ContextHandler.java:doStart(781)) - Started o.e.j.w.WebAppContext@2630dbc4{/,file:///tmp/jetty-0.0.0.0-44122-hddsDatanode-_-any-2904041884715759564.dir/webapp/,AVAILABLE}{/hddsDatanode}
2019-10-30 11:52:26,349 [main] INFO  server.AbstractConnector (AbstractConnector.java:doStart(278)) - Started ServerConnector@5ea4300e{HTTP/1.1,[http/1.1]}{0.0.0.0:44122}
2019-10-30 11:52:26,349 [main] INFO  server.Server (Server.java:doStart(419)) - Started @4756ms
2019-10-30 11:52:26,350 [main] WARN  impl.MetricsSystemImpl (MetricsSystemImpl.java:register(276)) - Sink prometheus already exists!
2019-10-30 11:52:26,351 [main] INFO  server.BaseHttpServer (BaseHttpServer.java:updateConnectorAddress(215)) - HTTP server of HDDSDATANODE is listening at http://0.0.0.0:44122
2019-10-30 11:52:26,351 [main] INFO  impl.MetricsSystemImpl (MetricsSystemImpl.java:init(158)) - HddsDatanode metrics system started (again)
2019-10-30 11:52:26,353 [org.apache.hadoop.util.JvmPauseMonitor$Monitor@661d466e] INFO  util.JvmPauseMonitor (JvmPauseMonitor.java:run(188)) - Starting JVM pause monitor
2019-10-30 11:52:26,354 [main] INFO  ozone.HddsDatanodeService (HddsDatanodeService.java:start(184)) - HddsDatanodeService host:pr-hdds-2359-w9s2w-3834556564 ip:192.168.157.220
2019-10-30 11:52:26,357 [Datanode State Machine Thread - 0] INFO  datanode.InitDatanodeState (InitDatanodeState.java:persistContainerDatanodeDetails(140)) - DatanodeDetails is persisted to /workdir/hadoop-ozone/integration-test/target/test-dir/MiniOzoneClusterImpl-aaf233b5-8021-4449-9df2-227d87d78376/datanode-6/meta/datanode.id
2019-10-30 11:52:26,362 [main] INFO  volume.HddsVolume (HddsVolume.java:<init>(176)) - Creating Volume: /workdir/hadoop-ozone/integration-test/target/test-dir/MiniOzoneClusterImpl-aaf233b5-8021-4449-9df2-227d87d78376/datanode-7/data/containers/hdds of  storage type : DISK and capacity : 1482555576320
2019-10-30 11:52:26,362 [main] INFO  volume.VolumeSet (VolumeSet.java:initializeVolumeSet(170)) - Added Volume : /workdir/hadoop-ozone/integration-test/target/test-dir/MiniOzoneClusterImpl-aaf233b5-8021-4449-9df2-227d87d78376/datanode-7/data/containers/hdds to VolumeSet
2019-10-30 11:52:26,363 [main] INFO  volume.ThrottledAsyncChecker (ThrottledAsyncChecker.java:schedule(141)) - Scheduling a check for /workdir/hadoop-ozone/integration-test/target/test-dir/MiniOzoneClusterImpl-aaf233b5-8021-4449-9df2-227d87d78376/datanode-7/data/containers/hdds
2019-10-30 11:52:26,364 [main] INFO  volume.HddsVolumeChecker (HddsVolumeChecker.java:checkAllVolumes(204)) - Scheduled health check for volume /workdir/hadoop-ozone/integration-test/target/test-dir/MiniOzoneClusterImpl-aaf233b5-8021-4449-9df2-227d87d78376/datanode-7/data/containers/hdds
2019-10-30 11:52:26,380 [main] INFO  impl.RaftServerProxy (ConfUtils.java:logGet(43)) - raft.rpc.type = GRPC (default)
2019-10-30 11:52:26,381 [main] INFO  grpc.GrpcFactory (GrpcFactory.java:checkPooledByteBufAllocatorUseCacheForAllThreads(45)) - PERFORMANCE WARNING: useCacheForAllThreads is true that may cause Netty to create a lot garbage objects and, as a result, trigger GC.
	It is recommended to disable useCacheForAllThreads by setting -Dorg.apache.ratis.thirdparty.io.netty.allocator.useCacheForAllThreads=false in command line.
2019-10-30 11:52:26,381 [main] INFO  grpc.GrpcConfigKeys$Server (ConfUtils.java:logGet(43)) - raft.grpc.server.port = 0 (default)
2019-10-30 11:52:26,381 [main] INFO  server.GrpcService (ConfUtils.java:logGet(43)) - raft.grpc.message.size.max = 33570816 (custom)
2019-10-30 11:52:26,382 [main] INFO  server.RaftServerConfigKeys (ConfUtils.java:logGet(43)) - raft.server.log.appender.buffer.byte-limit = 33554432 (custom)
2019-10-30 11:52:26,382 [main] INFO  server.GrpcService (ConfUtils.java:logGet(43)) - raft.grpc.flow.control.window = 1MB (=1048576) (default)
2019-10-30 11:52:26,382 [main] INFO  server.RaftServerConfigKeys (ConfUtils.java:logGet(43)) - raft.server.rpc.request.timeout = 3000ms (default)
2019-10-30 11:52:26,383 [main] INFO  server.RaftServerConfigKeys (ConfUtils.java:logGet(43)) - raft.server.storage.dir = [/workdir/hadoop-ozone/integration-test/target/test-dir/MiniOzoneClusterImpl-aaf233b5-8021-4449-9df2-227d87d78376/datanode-7/data/ratis] (custom)
2019-10-30 11:52:26,385 [main] INFO  hdfs.DFSUtil (DFSUtil.java:httpServerTemplateForNNAndJN(1641)) - Starting Web-server for hddsDatanode at: http://0.0.0.0:0
2019-10-30 11:52:26,387 [main] INFO  server.AuthenticationFilter (AuthenticationFilter.java:constructSecretProvider(240)) - Unable to initialize FileSignerSecretProvider, falling back to use random secrets.
2019-10-30 11:52:26,387 [main] WARN  http.HttpRequestLog (HttpRequestLog.java:getRequestLog(97)) - Jetty request log can only be enabled using Log4j
2019-10-30 11:52:26,389 [main] INFO  http.HttpServer2 (HttpServer2.java:addGlobalFilter(975)) - Added global filter 'safety' (class=org.apache.hadoop.http.HttpServer2$QuotingInputFilter)
2019-10-30 11:52:26,390 [main] INFO  http.HttpServer2 (HttpServer2.java:addFilter(948)) - Added filter static_user_filter (class=org.apache.hadoop.http.lib.StaticUserWebFilter$StaticUserFilter) to context hddsDatanode
2019-10-30 11:52:26,390 [main] INFO  http.HttpServer2 (HttpServer2.java:addFilter(958)) - Added filter static_user_filter (class=org.apache.hadoop.http.lib.StaticUserWebFilter$StaticUserFilter) to context logs
2019-10-30 11:52:26,391 [main] INFO  http.HttpServer2 (HttpServer2.java:addFilter(958)) - Added filter static_user_filter (class=org.apache.hadoop.http.lib.StaticUserWebFilter$StaticUserFilter) to context static
2019-10-30 11:52:26,392 [main] INFO  http.HttpServer2 (HttpServer2.java:bindListener(1191)) - Jetty bound to port 45021
2019-10-30 11:52:26,392 [main] INFO  server.Server (Server.java:doStart(351)) - jetty-9.3.25.v20180904, build timestamp: 2018-09-04T21:11:46Z, git hash: 3ce520221d0240229c862b122d2b06c12a625732
2019-10-30 11:52:26,394 [main] INFO  handler.ContextHandler (ContextHandler.java:doStart(781)) - Started o.e.j.s.ServletContextHandler@12eedfee{/logs,file:///workdir/hadoop-ozone/integration-test/target/log,AVAILABLE}
2019-10-30 11:52:26,394 [main] INFO  handler.ContextHandler (ContextHandler.java:doStart(781)) - Started o.e.j.s.ServletContextHandler@1352434e{/static,jar:file:/home/user/.m2/repository/org/apache/hadoop/hadoop-hdds-container-service/0.5.0-SNAPSHOT/hadoop-hdds-container-service-0.5.0-SNAPSHOT.jar!/webapps/static,AVAILABLE}
2019-10-30 11:52:26,438 [main] INFO  handler.ContextHandler (ContextHandler.java:doStart(781)) - Started o.e.j.w.WebAppContext@10f7918f{/,file:///tmp/jetty-0.0.0.0-45021-hddsDatanode-_-any-6960998409974102085.dir/webapp/,AVAILABLE}{/hddsDatanode}
2019-10-30 11:52:26,442 [main] INFO  server.AbstractConnector (AbstractConnector.java:doStart(278)) - Started ServerConnector@64d4f7c7{HTTP/1.1,[http/1.1]}{0.0.0.0:45021}
2019-10-30 11:52:26,442 [main] INFO  server.Server (Server.java:doStart(419)) - Started @4849ms
2019-10-30 11:52:26,442 [main] WARN  impl.MetricsSystemImpl (MetricsSystemImpl.java:register(276)) - Sink prometheus already exists!
2019-10-30 11:52:26,443 [main] INFO  server.BaseHttpServer (BaseHttpServer.java:updateConnectorAddress(215)) - HTTP server of HDDSDATANODE is listening at http://0.0.0.0:45021
2019-10-30 11:52:26,443 [main] INFO  impl.MetricsSystemImpl (MetricsSystemImpl.java:init(158)) - HddsDatanode metrics system started (again)
2019-10-30 11:52:26,447 [org.apache.hadoop.util.JvmPauseMonitor$Monitor@1b005fa1] INFO  util.JvmPauseMonitor (JvmPauseMonitor.java:run(188)) - Starting JVM pause monitor
2019-10-30 11:52:26,447 [main] INFO  ozone.HddsDatanodeService (HddsDatanodeService.java:start(184)) - HddsDatanodeService host:pr-hdds-2359-w9s2w-3834556564 ip:192.168.157.220
2019-10-30 11:52:26,449 [Datanode State Machine Thread - 0] INFO  datanode.InitDatanodeState (InitDatanodeState.java:persistContainerDatanodeDetails(140)) - DatanodeDetails is persisted to /workdir/hadoop-ozone/integration-test/target/test-dir/MiniOzoneClusterImpl-aaf233b5-8021-4449-9df2-227d87d78376/datanode-7/meta/datanode.id
2019-10-30 11:52:26,464 [main] INFO  volume.HddsVolume (HddsVolume.java:<init>(176)) - Creating Volume: /workdir/hadoop-ozone/integration-test/target/test-dir/MiniOzoneClusterImpl-aaf233b5-8021-4449-9df2-227d87d78376/datanode-8/data/containers/hdds of  storage type : DISK and capacity : 1482555576320
2019-10-30 11:52:26,465 [main] INFO  volume.VolumeSet (VolumeSet.java:initializeVolumeSet(170)) - Added Volume : /workdir/hadoop-ozone/integration-test/target/test-dir/MiniOzoneClusterImpl-aaf233b5-8021-4449-9df2-227d87d78376/datanode-8/data/containers/hdds to VolumeSet
2019-10-30 11:52:26,465 [main] INFO  volume.ThrottledAsyncChecker (ThrottledAsyncChecker.java:schedule(141)) - Scheduling a check for /workdir/hadoop-ozone/integration-test/target/test-dir/MiniOzoneClusterImpl-aaf233b5-8021-4449-9df2-227d87d78376/datanode-8/data/containers/hdds
2019-10-30 11:52:26,465 [main] INFO  volume.HddsVolumeChecker (HddsVolumeChecker.java:checkAllVolumes(204)) - Scheduled health check for volume /workdir/hadoop-ozone/integration-test/target/test-dir/MiniOzoneClusterImpl-aaf233b5-8021-4449-9df2-227d87d78376/datanode-8/data/containers/hdds
2019-10-30 11:52:26,479 [main] INFO  impl.RaftServerProxy (ConfUtils.java:logGet(43)) - raft.rpc.type = GRPC (default)
2019-10-30 11:52:26,480 [main] INFO  grpc.GrpcFactory (GrpcFactory.java:checkPooledByteBufAllocatorUseCacheForAllThreads(45)) - PERFORMANCE WARNING: useCacheForAllThreads is true that may cause Netty to create a lot garbage objects and, as a result, trigger GC.
	It is recommended to disable useCacheForAllThreads by setting -Dorg.apache.ratis.thirdparty.io.netty.allocator.useCacheForAllThreads=false in command line.
2019-10-30 11:52:26,480 [main] INFO  grpc.GrpcConfigKeys$Server (ConfUtils.java:logGet(43)) - raft.grpc.server.port = 0 (default)
2019-10-30 11:52:26,480 [main] INFO  server.GrpcService (ConfUtils.java:logGet(43)) - raft.grpc.message.size.max = 33570816 (custom)
2019-10-30 11:52:26,480 [main] INFO  server.RaftServerConfigKeys (ConfUtils.java:logGet(43)) - raft.server.log.appender.buffer.byte-limit = 33554432 (custom)
2019-10-30 11:52:26,480 [main] INFO  server.GrpcService (ConfUtils.java:logGet(43)) - raft.grpc.flow.control.window = 1MB (=1048576) (default)
2019-10-30 11:52:26,481 [main] INFO  server.RaftServerConfigKeys (ConfUtils.java:logGet(43)) - raft.server.rpc.request.timeout = 3000ms (default)
2019-10-30 11:52:26,481 [main] INFO  server.RaftServerConfigKeys (ConfUtils.java:logGet(43)) - raft.server.storage.dir = [/workdir/hadoop-ozone/integration-test/target/test-dir/MiniOzoneClusterImpl-aaf233b5-8021-4449-9df2-227d87d78376/datanode-8/data/ratis] (custom)
2019-10-30 11:52:26,483 [main] INFO  hdfs.DFSUtil (DFSUtil.java:httpServerTemplateForNNAndJN(1641)) - Starting Web-server for hddsDatanode at: http://0.0.0.0:0
2019-10-30 11:52:26,485 [main] INFO  server.AuthenticationFilter (AuthenticationFilter.java:constructSecretProvider(240)) - Unable to initialize FileSignerSecretProvider, falling back to use random secrets.
2019-10-30 11:52:26,485 [main] WARN  http.HttpRequestLog (HttpRequestLog.java:getRequestLog(97)) - Jetty request log can only be enabled using Log4j
2019-10-30 11:52:26,487 [main] INFO  http.HttpServer2 (HttpServer2.java:addGlobalFilter(975)) - Added global filter 'safety' (class=org.apache.hadoop.http.HttpServer2$QuotingInputFilter)
2019-10-30 11:52:26,487 [main] INFO  http.HttpServer2 (HttpServer2.java:addFilter(948)) - Added filter static_user_filter (class=org.apache.hadoop.http.lib.StaticUserWebFilter$StaticUserFilter) to context hddsDatanode
2019-10-30 11:52:26,488 [main] INFO  http.HttpServer2 (HttpServer2.java:addFilter(958)) - Added filter static_user_filter (class=org.apache.hadoop.http.lib.StaticUserWebFilter$StaticUserFilter) to context static
2019-10-30 11:52:26,488 [main] INFO  http.HttpServer2 (HttpServer2.java:addFilter(958)) - Added filter static_user_filter (class=org.apache.hadoop.http.lib.StaticUserWebFilter$StaticUserFilter) to context logs
2019-10-30 11:52:26,488 [main] INFO  http.HttpServer2 (HttpServer2.java:bindListener(1191)) - Jetty bound to port 36372
2019-10-30 11:52:26,489 [main] INFO  server.Server (Server.java:doStart(351)) - jetty-9.3.25.v20180904, build timestamp: 2018-09-04T21:11:46Z, git hash: 3ce520221d0240229c862b122d2b06c12a625732
2019-10-30 11:52:26,490 [main] INFO  handler.ContextHandler (ContextHandler.java:doStart(781)) - Started o.e.j.s.ServletContextHandler@79a04e5f{/logs,file:///workdir/hadoop-ozone/integration-test/target/log,AVAILABLE}
2019-10-30 11:52:26,491 [main] INFO  handler.ContextHandler (ContextHandler.java:doStart(781)) - Started o.e.j.s.ServletContextHandler@53311681{/static,jar:file:/home/user/.m2/repository/org/apache/hadoop/hadoop-hdds-container-service/0.5.0-SNAPSHOT/hadoop-hdds-container-service-0.5.0-SNAPSHOT.jar!/webapps/static,AVAILABLE}
2019-10-30 11:52:26,520 [main] INFO  handler.ContextHandler (ContextHandler.java:doStart(781)) - Started o.e.j.w.WebAppContext@59696551{/,file:///tmp/jetty-0.0.0.0-36372-hddsDatanode-_-any-6531519104351042867.dir/webapp/,AVAILABLE}{/hddsDatanode}
2019-10-30 11:52:26,520 [main] INFO  server.AbstractConnector (AbstractConnector.java:doStart(278)) - Started ServerConnector@648d0e6d{HTTP/1.1,[http/1.1]}{0.0.0.0:36372}
2019-10-30 11:52:26,521 [main] INFO  server.Server (Server.java:doStart(419)) - Started @4929ms
2019-10-30 11:52:26,521 [main] WARN  impl.MetricsSystemImpl (MetricsSystemImpl.java:register(276)) - Sink prometheus already exists!
2019-10-30 11:52:26,522 [main] INFO  server.BaseHttpServer (BaseHttpServer.java:updateConnectorAddress(215)) - HTTP server of HDDSDATANODE is listening at http://0.0.0.0:36372
2019-10-30 11:52:26,523 [main] INFO  impl.MetricsSystemImpl (MetricsSystemImpl.java:init(158)) - HddsDatanode metrics system started (again)
2019-10-30 11:52:26,525 [org.apache.hadoop.util.JvmPauseMonitor$Monitor@3e1dc444] INFO  util.JvmPauseMonitor (JvmPauseMonitor.java:run(188)) - Starting JVM pause monitor
2019-10-30 11:52:26,526 [main] INFO  ozone.HddsDatanodeService (HddsDatanodeService.java:start(184)) - HddsDatanodeService host:pr-hdds-2359-w9s2w-3834556564 ip:192.168.157.220
2019-10-30 11:52:26,527 [Datanode State Machine Thread - 0] INFO  datanode.InitDatanodeState (InitDatanodeState.java:persistContainerDatanodeDetails(140)) - DatanodeDetails is persisted to /workdir/hadoop-ozone/integration-test/target/test-dir/MiniOzoneClusterImpl-aaf233b5-8021-4449-9df2-227d87d78376/datanode-8/meta/datanode.id
2019-10-30 11:52:26,533 [main] INFO  volume.HddsVolume (HddsVolume.java:<init>(176)) - Creating Volume: /workdir/hadoop-ozone/integration-test/target/test-dir/MiniOzoneClusterImpl-aaf233b5-8021-4449-9df2-227d87d78376/datanode-9/data/containers/hdds of  storage type : DISK and capacity : 1482555576320
2019-10-30 11:52:26,533 [main] INFO  volume.VolumeSet (VolumeSet.java:initializeVolumeSet(170)) - Added Volume : /workdir/hadoop-ozone/integration-test/target/test-dir/MiniOzoneClusterImpl-aaf233b5-8021-4449-9df2-227d87d78376/datanode-9/data/containers/hdds to VolumeSet
2019-10-30 11:52:26,533 [main] INFO  volume.ThrottledAsyncChecker (ThrottledAsyncChecker.java:schedule(141)) - Scheduling a check for /workdir/hadoop-ozone/integration-test/target/test-dir/MiniOzoneClusterImpl-aaf233b5-8021-4449-9df2-227d87d78376/datanode-9/data/containers/hdds
2019-10-30 11:52:26,534 [main] INFO  volume.HddsVolumeChecker (HddsVolumeChecker.java:checkAllVolumes(204)) - Scheduled health check for volume /workdir/hadoop-ozone/integration-test/target/test-dir/MiniOzoneClusterImpl-aaf233b5-8021-4449-9df2-227d87d78376/datanode-9/data/containers/hdds
2019-10-30 11:52:26,546 [main] INFO  impl.RaftServerProxy (ConfUtils.java:logGet(43)) - raft.rpc.type = GRPC (default)
2019-10-30 11:52:26,547 [main] INFO  grpc.GrpcFactory (GrpcFactory.java:checkPooledByteBufAllocatorUseCacheForAllThreads(45)) - PERFORMANCE WARNING: useCacheForAllThreads is true that may cause Netty to create a lot garbage objects and, as a result, trigger GC.
	It is recommended to disable useCacheForAllThreads by setting -Dorg.apache.ratis.thirdparty.io.netty.allocator.useCacheForAllThreads=false in command line.
2019-10-30 11:52:26,547 [main] INFO  grpc.GrpcConfigKeys$Server (ConfUtils.java:logGet(43)) - raft.grpc.server.port = 0 (default)
2019-10-30 11:52:26,547 [main] INFO  server.GrpcService (ConfUtils.java:logGet(43)) - raft.grpc.message.size.max = 33570816 (custom)
2019-10-30 11:52:26,547 [main] INFO  server.RaftServerConfigKeys (ConfUtils.java:logGet(43)) - raft.server.log.appender.buffer.byte-limit = 33554432 (custom)
2019-10-30 11:52:26,547 [main] INFO  server.GrpcService (ConfUtils.java:logGet(43)) - raft.grpc.flow.control.window = 1MB (=1048576) (default)
2019-10-30 11:52:26,547 [main] INFO  server.RaftServerConfigKeys (ConfUtils.java:logGet(43)) - raft.server.rpc.request.timeout = 3000ms (default)
2019-10-30 11:52:26,548 [main] INFO  server.RaftServerConfigKeys (ConfUtils.java:logGet(43)) - raft.server.storage.dir = [/workdir/hadoop-ozone/integration-test/target/test-dir/MiniOzoneClusterImpl-aaf233b5-8021-4449-9df2-227d87d78376/datanode-9/data/ratis] (custom)
2019-10-30 11:52:26,550 [main] INFO  hdfs.DFSUtil (DFSUtil.java:httpServerTemplateForNNAndJN(1641)) - Starting Web-server for hddsDatanode at: http://0.0.0.0:0
2019-10-30 11:52:26,551 [main] INFO  server.AuthenticationFilter (AuthenticationFilter.java:constructSecretProvider(240)) - Unable to initialize FileSignerSecretProvider, falling back to use random secrets.
2019-10-30 11:52:26,551 [main] WARN  http.HttpRequestLog (HttpRequestLog.java:getRequestLog(97)) - Jetty request log can only be enabled using Log4j
2019-10-30 11:52:26,552 [main] INFO  http.HttpServer2 (HttpServer2.java:addGlobalFilter(975)) - Added global filter 'safety' (class=org.apache.hadoop.http.HttpServer2$QuotingInputFilter)
2019-10-30 11:52:26,553 [main] INFO  http.HttpServer2 (HttpServer2.java:addFilter(948)) - Added filter static_user_filter (class=org.apache.hadoop.http.lib.StaticUserWebFilter$StaticUserFilter) to context hddsDatanode
2019-10-30 11:52:26,553 [main] INFO  http.HttpServer2 (HttpServer2.java:addFilter(958)) - Added filter static_user_filter (class=org.apache.hadoop.http.lib.StaticUserWebFilter$StaticUserFilter) to context static
2019-10-30 11:52:26,553 [main] INFO  http.HttpServer2 (HttpServer2.java:addFilter(958)) - Added filter static_user_filter (class=org.apache.hadoop.http.lib.StaticUserWebFilter$StaticUserFilter) to context logs
2019-10-30 11:52:26,554 [main] INFO  http.HttpServer2 (HttpServer2.java:bindListener(1191)) - Jetty bound to port 41301
2019-10-30 11:52:26,554 [main] INFO  server.Server (Server.java:doStart(351)) - jetty-9.3.25.v20180904, build timestamp: 2018-09-04T21:11:46Z, git hash: 3ce520221d0240229c862b122d2b06c12a625732
2019-10-30 11:52:26,556 [main] INFO  handler.ContextHandler (ContextHandler.java:doStart(781)) - Started o.e.j.s.ServletContextHandler@6cbd0674{/logs,file:///workdir/hadoop-ozone/integration-test/target/log,AVAILABLE}
2019-10-30 11:52:26,556 [main] INFO  handler.ContextHandler (ContextHandler.java:doStart(781)) - Started o.e.j.s.ServletContextHandler@19a64eae{/static,jar:file:/home/user/.m2/repository/org/apache/hadoop/hadoop-hdds-container-service/0.5.0-SNAPSHOT/hadoop-hdds-container-service-0.5.0-SNAPSHOT.jar!/webapps/static,AVAILABLE}
2019-10-30 11:52:26,588 [main] INFO  handler.ContextHandler (ContextHandler.java:doStart(781)) - Started o.e.j.w.WebAppContext@10c72a6f{/,file:///tmp/jetty-0.0.0.0-41301-hddsDatanode-_-any-1653792559835566390.dir/webapp/,AVAILABLE}{/hddsDatanode}
2019-10-30 11:52:26,589 [main] INFO  server.AbstractConnector (AbstractConnector.java:doStart(278)) - Started ServerConnector@70e94ecb{HTTP/1.1,[http/1.1]}{0.0.0.0:41301}
2019-10-30 11:52:26,590 [main] INFO  server.Server (Server.java:doStart(419)) - Started @4997ms
2019-10-30 11:52:26,590 [main] WARN  impl.MetricsSystemImpl (MetricsSystemImpl.java:register(276)) - Sink prometheus already exists!
2019-10-30 11:52:26,591 [main] INFO  server.BaseHttpServer (BaseHttpServer.java:updateConnectorAddress(215)) - HTTP server of HDDSDATANODE is listening at http://0.0.0.0:41301
2019-10-30 11:52:26,592 [main] INFO  ozone.MiniOzoneClusterImpl (MiniOzoneClusterImpl.java:lambda$waitForClusterToBeReady$0(147)) - Waiting for cluster to be ready. Got 0 of 10 DN Heartbeats.
2019-10-30 11:52:26,593 [org.apache.hadoop.util.JvmPauseMonitor$Monitor@367c17d4] INFO  util.JvmPauseMonitor (JvmPauseMonitor.java:run(188)) - Starting JVM pause monitor
2019-10-30 11:52:26,595 [Datanode State Machine Thread - 0] INFO  datanode.InitDatanodeState (InitDatanodeState.java:persistContainerDatanodeDetails(140)) - DatanodeDetails is persisted to /workdir/hadoop-ozone/integration-test/target/test-dir/MiniOzoneClusterImpl-aaf233b5-8021-4449-9df2-227d87d78376/datanode-9/meta/datanode.id
2019-10-30 11:52:27,593 [main] INFO  ozone.MiniOzoneClusterImpl (MiniOzoneClusterImpl.java:lambda$waitForClusterToBeReady$0(147)) - Waiting for cluster to be ready. Got 0 of 10 DN Heartbeats.
2019-10-30 11:52:27,947 [Datanode State Machine Thread - 0] INFO  ozoneimpl.OzoneContainer (OzoneContainer.java:start(213)) - Attempting to start container services.
2019-10-30 11:52:27,949 [Datanode State Machine Thread - 0] INFO  ozoneimpl.OzoneContainer (OzoneContainer.java:startContainerScrub(177)) - Background container scanner has been disabled.
2019-10-30 11:52:27,949 [Datanode State Machine Thread - 0] INFO  ratis.XceiverServerRatis (XceiverServerRatis.java:start(418)) - Starting XceiverServerRatis 523c7eff-a1f5-464b-b597-b785df970f97 at port 0
2019-10-30 11:52:27,963 [Datanode State Machine Thread - 0] INFO  ozoneimpl.OzoneContainer (OzoneContainer.java:start(213)) - Attempting to start container services.
2019-10-30 11:52:27,969 [Datanode State Machine Thread - 0] INFO  ozoneimpl.OzoneContainer (OzoneContainer.java:startContainerScrub(177)) - Background container scanner has been disabled.
2019-10-30 11:52:27,969 [Datanode State Machine Thread - 0] INFO  ratis.XceiverServerRatis (XceiverServerRatis.java:start(418)) - Starting XceiverServerRatis 6ed35211-36a6-405a-b1db-549f65da443e at port 0
2019-10-30 11:52:27,976 [Datanode State Machine Thread - 0] INFO  impl.RaftServerProxy (RaftServerProxy.java:lambda$start$3(299)) - 6ed35211-36a6-405a-b1db-549f65da443e: start RPC server
2019-10-30 11:52:27,976 [Datanode State Machine Thread - 0] INFO  impl.RaftServerProxy (RaftServerProxy.java:lambda$start$3(299)) - 523c7eff-a1f5-464b-b597-b785df970f97: start RPC server
2019-10-30 11:52:28,050 [Datanode State Machine Thread - 0] INFO  ozoneimpl.OzoneContainer (OzoneContainer.java:start(213)) - Attempting to start container services.
2019-10-30 11:52:28,051 [Datanode State Machine Thread - 0] INFO  ozoneimpl.OzoneContainer (OzoneContainer.java:startContainerScrub(177)) - Background container scanner has been disabled.
2019-10-30 11:52:28,052 [Datanode State Machine Thread - 0] INFO  ratis.XceiverServerRatis (XceiverServerRatis.java:start(418)) - Starting XceiverServerRatis cd11b2f5-3187-4d03-bd60-931991550c17 at port 0
2019-10-30 11:52:28,057 [Datanode State Machine Thread - 0] INFO  impl.RaftServerProxy (RaftServerProxy.java:lambda$start$3(299)) - cd11b2f5-3187-4d03-bd60-931991550c17: start RPC server
2019-10-30 11:52:28,091 [Datanode State Machine Thread - 0] INFO  server.GrpcService (GrpcService.java:startImpl(158)) - 523c7eff-a1f5-464b-b597-b785df970f97: GrpcService started, listening on 0.0.0.0/0.0.0.0:34455
2019-10-30 11:52:28,091 [Datanode State Machine Thread - 0] INFO  server.GrpcService (GrpcService.java:startImpl(158)) - cd11b2f5-3187-4d03-bd60-931991550c17: GrpcService started, listening on 0.0.0.0/0.0.0.0:43236
2019-10-30 11:52:28,091 [Datanode State Machine Thread - 0] INFO  server.GrpcService (GrpcService.java:startImpl(158)) - 6ed35211-36a6-405a-b1db-549f65da443e: GrpcService started, listening on 0.0.0.0/0.0.0.0:41613
2019-10-30 11:52:28,091 [Datanode State Machine Thread - 0] INFO  ratis.XceiverServerRatis (XceiverServerRatis.java:start(428)) - XceiverServerRatis cd11b2f5-3187-4d03-bd60-931991550c17 is started using port 43236
2019-10-30 11:52:28,091 [Datanode State Machine Thread - 0] INFO  ratis.XceiverServerRatis (XceiverServerRatis.java:start(428)) - XceiverServerRatis 523c7eff-a1f5-464b-b597-b785df970f97 is started using port 34455
2019-10-30 11:52:28,091 [Datanode State Machine Thread - 0] INFO  ratis.XceiverServerRatis (XceiverServerRatis.java:start(428)) - XceiverServerRatis 6ed35211-36a6-405a-b1db-549f65da443e is started using port 41613
2019-10-30 11:52:28,095 [Datanode State Machine Thread - 0] INFO  server.XceiverServerGrpc (XceiverServerGrpc.java:start(149)) - XceiverServerGrpc 523c7eff-a1f5-464b-b597-b785df970f97 is started using port 43783
2019-10-30 11:52:28,096 [Datanode State Machine Thread - 0] INFO  server.XceiverServerGrpc (XceiverServerGrpc.java:start(149)) - XceiverServerGrpc 6ed35211-36a6-405a-b1db-549f65da443e is started using port 40790
2019-10-30 11:52:28,095 [Datanode State Machine Thread - 0] INFO  server.XceiverServerGrpc (XceiverServerGrpc.java:start(149)) - XceiverServerGrpc cd11b2f5-3187-4d03-bd60-931991550c17 is started using port 34386
2019-10-30 11:52:28,117 [Datanode State Machine Thread - 0] INFO  ozoneimpl.OzoneContainer (OzoneContainer.java:start(213)) - Attempting to start container services.
2019-10-30 11:52:28,119 [Datanode State Machine Thread - 0] INFO  ozoneimpl.OzoneContainer (OzoneContainer.java:startContainerScrub(177)) - Background container scanner has been disabled.
2019-10-30 11:52:28,120 [Datanode State Machine Thread - 0] INFO  ratis.XceiverServerRatis (XceiverServerRatis.java:start(418)) - Starting XceiverServerRatis f26e10ed-fb17-49e6-a903-eadc130d13d1 at port 0
2019-10-30 11:52:28,127 [Datanode State Machine Thread - 0] INFO  impl.RaftServerProxy (RaftServerProxy.java:lambda$start$3(299)) - f26e10ed-fb17-49e6-a903-eadc130d13d1: start RPC server
2019-10-30 11:52:28,130 [Datanode State Machine Thread - 0] INFO  server.GrpcService (GrpcService.java:startImpl(158)) - f26e10ed-fb17-49e6-a903-eadc130d13d1: GrpcService started, listening on 0.0.0.0/0.0.0.0:32806
2019-10-30 11:52:28,130 [Datanode State Machine Thread - 0] INFO  ratis.XceiverServerRatis (XceiverServerRatis.java:start(428)) - XceiverServerRatis f26e10ed-fb17-49e6-a903-eadc130d13d1 is started using port 32806
2019-10-30 11:52:28,132 [Datanode State Machine Thread - 0] INFO  server.XceiverServerGrpc (XceiverServerGrpc.java:start(149)) - XceiverServerGrpc f26e10ed-fb17-49e6-a903-eadc130d13d1 is started using port 42132
2019-10-30 11:52:28,208 [Datanode State Machine Thread - 0] INFO  ozoneimpl.OzoneContainer (OzoneContainer.java:start(213)) - Attempting to start container services.
2019-10-30 11:52:28,210 [Datanode State Machine Thread - 0] INFO  ozoneimpl.OzoneContainer (OzoneContainer.java:startContainerScrub(177)) - Background container scanner has been disabled.
2019-10-30 11:52:28,210 [Datanode State Machine Thread - 0] INFO  ratis.XceiverServerRatis (XceiverServerRatis.java:start(418)) - Starting XceiverServerRatis 9dbd5372-55c2-4532-b354-9494d3d545d2 at port 0
2019-10-30 11:52:28,214 [Datanode State Machine Thread - 0] INFO  impl.RaftServerProxy (RaftServerProxy.java:lambda$start$3(299)) - 9dbd5372-55c2-4532-b354-9494d3d545d2: start RPC server
2019-10-30 11:52:28,216 [Datanode State Machine Thread - 0] INFO  server.GrpcService (GrpcService.java:startImpl(158)) - 9dbd5372-55c2-4532-b354-9494d3d545d2: GrpcService started, listening on 0.0.0.0/0.0.0.0:42993
2019-10-30 11:52:28,216 [Datanode State Machine Thread - 0] INFO  ratis.XceiverServerRatis (XceiverServerRatis.java:start(428)) - XceiverServerRatis 9dbd5372-55c2-4532-b354-9494d3d545d2 is started using port 42993
2019-10-30 11:52:28,218 [Datanode State Machine Thread - 0] INFO  server.XceiverServerGrpc (XceiverServerGrpc.java:start(149)) - XceiverServerGrpc 9dbd5372-55c2-4532-b354-9494d3d545d2 is started using port 37613
2019-10-30 11:52:28,275 [Datanode State Machine Thread - 0] INFO  ozoneimpl.OzoneContainer (OzoneContainer.java:start(213)) - Attempting to start container services.
2019-10-30 11:52:28,276 [Datanode State Machine Thread - 0] INFO  ozoneimpl.OzoneContainer (OzoneContainer.java:startContainerScrub(177)) - Background container scanner has been disabled.
2019-10-30 11:52:28,276 [Datanode State Machine Thread - 0] INFO  ratis.XceiverServerRatis (XceiverServerRatis.java:start(418)) - Starting XceiverServerRatis 4f16e274-8663-4a15-9c4c-c81f650ab979 at port 0
2019-10-30 11:52:28,281 [Datanode State Machine Thread - 0] INFO  impl.RaftServerProxy (RaftServerProxy.java:lambda$start$3(299)) - 4f16e274-8663-4a15-9c4c-c81f650ab979: start RPC server
2019-10-30 11:52:28,282 [Datanode State Machine Thread - 0] INFO  server.GrpcService (GrpcService.java:startImpl(158)) - 4f16e274-8663-4a15-9c4c-c81f650ab979: GrpcService started, listening on 0.0.0.0/0.0.0.0:38181
2019-10-30 11:52:28,283 [Datanode State Machine Thread - 0] INFO  ratis.XceiverServerRatis (XceiverServerRatis.java:start(428)) - XceiverServerRatis 4f16e274-8663-4a15-9c4c-c81f650ab979 is started using port 38181
2019-10-30 11:52:28,285 [Datanode State Machine Thread - 0] INFO  server.XceiverServerGrpc (XceiverServerGrpc.java:start(149)) - XceiverServerGrpc 4f16e274-8663-4a15-9c4c-c81f650ab979 is started using port 39362
2019-10-30 11:52:28,368 [Datanode State Machine Thread - 0] INFO  ozoneimpl.OzoneContainer (OzoneContainer.java:start(213)) - Attempting to start container services.
2019-10-30 11:52:28,370 [Datanode State Machine Thread - 0] INFO  ozoneimpl.OzoneContainer (OzoneContainer.java:startContainerScrub(177)) - Background container scanner has been disabled.
2019-10-30 11:52:28,370 [Datanode State Machine Thread - 0] INFO  ratis.XceiverServerRatis (XceiverServerRatis.java:start(418)) - Starting XceiverServerRatis 36879b23-b325-4015-ba59-8656331c6f4b at port 0
2019-10-30 11:52:28,374 [Datanode State Machine Thread - 0] INFO  impl.RaftServerProxy (RaftServerProxy.java:lambda$start$3(299)) - 36879b23-b325-4015-ba59-8656331c6f4b: start RPC server
2019-10-30 11:52:28,376 [Datanode State Machine Thread - 0] INFO  server.GrpcService (GrpcService.java:startImpl(158)) - 36879b23-b325-4015-ba59-8656331c6f4b: GrpcService started, listening on 0.0.0.0/0.0.0.0:36123
2019-10-30 11:52:28,376 [Datanode State Machine Thread - 0] INFO  ratis.XceiverServerRatis (XceiverServerRatis.java:start(428)) - XceiverServerRatis 36879b23-b325-4015-ba59-8656331c6f4b is started using port 36123
2019-10-30 11:52:28,378 [Datanode State Machine Thread - 0] INFO  server.XceiverServerGrpc (XceiverServerGrpc.java:start(149)) - XceiverServerGrpc 36879b23-b325-4015-ba59-8656331c6f4b is started using port 39790
2019-10-30 11:52:28,453 [Datanode State Machine Thread - 0] INFO  ozoneimpl.OzoneContainer (OzoneContainer.java:start(213)) - Attempting to start container services.
2019-10-30 11:52:28,455 [Datanode State Machine Thread - 0] INFO  ozoneimpl.OzoneContainer (OzoneContainer.java:startContainerScrub(177)) - Background container scanner has been disabled.
2019-10-30 11:52:28,455 [Datanode State Machine Thread - 0] INFO  ratis.XceiverServerRatis (XceiverServerRatis.java:start(418)) - Starting XceiverServerRatis 4cc44201-a597-43af-a4ec-5b1b407a6250 at port 0
2019-10-30 11:52:28,460 [Datanode State Machine Thread - 0] INFO  impl.RaftServerProxy (RaftServerProxy.java:lambda$start$3(299)) - 4cc44201-a597-43af-a4ec-5b1b407a6250: start RPC server
2019-10-30 11:52:28,463 [Datanode State Machine Thread - 0] INFO  server.GrpcService (GrpcService.java:startImpl(158)) - 4cc44201-a597-43af-a4ec-5b1b407a6250: GrpcService started, listening on 0.0.0.0/0.0.0.0:36685
2019-10-30 11:52:28,463 [Datanode State Machine Thread - 0] INFO  ratis.XceiverServerRatis (XceiverServerRatis.java:start(428)) - XceiverServerRatis 4cc44201-a597-43af-a4ec-5b1b407a6250 is started using port 36685
2019-10-30 11:52:28,466 [Datanode State Machine Thread - 0] INFO  server.XceiverServerGrpc (XceiverServerGrpc.java:start(149)) - XceiverServerGrpc 4cc44201-a597-43af-a4ec-5b1b407a6250 is started using port 33910
2019-10-30 11:52:28,544 [Datanode State Machine Thread - 0] INFO  ozoneimpl.OzoneContainer (OzoneContainer.java:start(213)) - Attempting to start container services.
2019-10-30 11:52:28,547 [Datanode State Machine Thread - 0] INFO  ozoneimpl.OzoneContainer (OzoneContainer.java:startContainerScrub(177)) - Background container scanner has been disabled.
2019-10-30 11:52:28,547 [Datanode State Machine Thread - 0] INFO  ratis.XceiverServerRatis (XceiverServerRatis.java:start(418)) - Starting XceiverServerRatis a12d6b9e-ec23-449e-8b58-135e3e67eb04 at port 0
2019-10-30 11:52:28,551 [Datanode State Machine Thread - 0] INFO  impl.RaftServerProxy (RaftServerProxy.java:lambda$start$3(299)) - a12d6b9e-ec23-449e-8b58-135e3e67eb04: start RPC server
2019-10-30 11:52:28,556 [Datanode State Machine Thread - 0] INFO  server.GrpcService (GrpcService.java:startImpl(158)) - a12d6b9e-ec23-449e-8b58-135e3e67eb04: GrpcService started, listening on 0.0.0.0/0.0.0.0:40337
2019-10-30 11:52:28,556 [Datanode State Machine Thread - 0] INFO  ratis.XceiverServerRatis (XceiverServerRatis.java:start(428)) - XceiverServerRatis a12d6b9e-ec23-449e-8b58-135e3e67eb04 is started using port 40337
2019-10-30 11:52:28,563 [Datanode State Machine Thread - 0] INFO  server.XceiverServerGrpc (XceiverServerGrpc.java:start(149)) - XceiverServerGrpc a12d6b9e-ec23-449e-8b58-135e3e67eb04 is started using port 34451
2019-10-30 11:52:28,593 [main] INFO  ozone.MiniOzoneClusterImpl (MiniOzoneClusterImpl.java:lambda$waitForClusterToBeReady$0(147)) - Waiting for cluster to be ready. Got 0 of 10 DN Heartbeats.
2019-10-30 11:52:28,608 [Datanode State Machine Thread - 0] INFO  ozoneimpl.OzoneContainer (OzoneContainer.java:start(213)) - Attempting to start container services.
2019-10-30 11:52:28,611 [Datanode State Machine Thread - 0] INFO  ozoneimpl.OzoneContainer (OzoneContainer.java:startContainerScrub(177)) - Background container scanner has been disabled.
2019-10-30 11:52:28,611 [Datanode State Machine Thread - 0] INFO  ratis.XceiverServerRatis (XceiverServerRatis.java:start(418)) - Starting XceiverServerRatis 9b3ef6c9-0245-4756-bf80-45d41f7a4453 at port 0
2019-10-30 11:52:28,616 [Datanode State Machine Thread - 0] INFO  impl.RaftServerProxy (RaftServerProxy.java:lambda$start$3(299)) - 9b3ef6c9-0245-4756-bf80-45d41f7a4453: start RPC server
2019-10-30 11:52:28,619 [Datanode State Machine Thread - 0] INFO  server.GrpcService (GrpcService.java:startImpl(158)) - 9b3ef6c9-0245-4756-bf80-45d41f7a4453: GrpcService started, listening on 0.0.0.0/0.0.0.0:37058
2019-10-30 11:52:28,619 [Datanode State Machine Thread - 0] INFO  ratis.XceiverServerRatis (XceiverServerRatis.java:start(428)) - XceiverServerRatis 9b3ef6c9-0245-4756-bf80-45d41f7a4453 is started using port 37058
2019-10-30 11:52:28,634 [Datanode State Machine Thread - 0] INFO  server.XceiverServerGrpc (XceiverServerGrpc.java:start(149)) - XceiverServerGrpc 9b3ef6c9-0245-4756-bf80-45d41f7a4453 is started using port 36793
2019-10-30 11:52:29,595 [main] INFO  ozone.MiniOzoneClusterImpl (MiniOzoneClusterImpl.java:lambda$waitForClusterToBeReady$0(147)) - Waiting for cluster to be ready. Got 0 of 10 DN Heartbeats.
2019-10-30 11:52:29,916 [IPC Server handler 10 on 45375] INFO  net.NetworkTopology (NetworkTopologyImpl.java:add(111)) - Added a new node: /default-rack/523c7eff-a1f5-464b-b597-b785df970f97
2019-10-30 11:52:29,917 [IPC Server handler 10 on 45375] INFO  node.SCMNodeManager (SCMNodeManager.java:register(268)) - Registered Data node : 523c7eff-a1f5-464b-b597-b785df970f97{ip: 192.168.157.220, host: pr-hdds-2359-w9s2w-3834556564, networkLocation: /default-rack, certSerialId: null}
2019-10-30 11:52:29,919 [EventQueue-NodeRegistrationContainerReportForDataNodeSafeModeRule] INFO  safemode.SCMSafeModeManager (DataNodeSafeModeRule.java:process(71)) - SCM in safe mode. 1 DataNodes registered, 1 required.
2019-10-30 11:52:29,919 [EventQueue-NodeRegistrationContainerReportForDataNodeSafeModeRule] INFO  safemode.SCMSafeModeManager (SCMSafeModeManager.java:validateSafeModeExitRules(177)) - ScmSafeModeManager, all rules are successfully validated
2019-10-30 11:52:29,919 [EventQueue-NodeRegistrationContainerReportForDataNodeSafeModeRule] INFO  safemode.SCMSafeModeManager (SCMSafeModeManager.java:exitSafeMode(193)) - SCM exiting safe mode.
2019-10-30 11:52:29,956 [IPC Server handler 1 on 45375] INFO  net.NetworkTopology (NetworkTopologyImpl.java:add(111)) - Added a new node: /default-rack/6ed35211-36a6-405a-b1db-549f65da443e
2019-10-30 11:52:29,957 [IPC Server handler 1 on 45375] INFO  node.SCMNodeManager (SCMNodeManager.java:register(268)) - Registered Data node : 6ed35211-36a6-405a-b1db-549f65da443e{ip: 192.168.157.220, host: pr-hdds-2359-w9s2w-3834556564, networkLocation: /default-rack, certSerialId: null}
2019-10-30 11:52:30,037 [IPC Server handler 2 on 45375] INFO  net.NetworkTopology (NetworkTopologyImpl.java:add(111)) - Added a new node: /default-rack/cd11b2f5-3187-4d03-bd60-931991550c17
2019-10-30 11:52:30,037 [IPC Server handler 2 on 45375] INFO  node.SCMNodeManager (SCMNodeManager.java:register(268)) - Registered Data node : cd11b2f5-3187-4d03-bd60-931991550c17{ip: 192.168.157.220, host: pr-hdds-2359-w9s2w-3834556564, networkLocation: /default-rack, certSerialId: null}
2019-10-30 11:52:30,109 [IPC Server handler 3 on 45375] INFO  net.NetworkTopology (NetworkTopologyImpl.java:add(111)) - Added a new node: /default-rack/f26e10ed-fb17-49e6-a903-eadc130d13d1
2019-10-30 11:52:30,109 [IPC Server handler 3 on 45375] INFO  node.SCMNodeManager (SCMNodeManager.java:register(268)) - Registered Data node : f26e10ed-fb17-49e6-a903-eadc130d13d1{ip: 192.168.157.220, host: pr-hdds-2359-w9s2w-3834556564, networkLocation: /default-rack, certSerialId: null}
2019-10-30 11:52:30,220 [IPC Server handler 5 on 45375] INFO  net.NetworkTopology (NetworkTopologyImpl.java:add(111)) - Added a new node: /default-rack/9dbd5372-55c2-4532-b354-9494d3d545d2
2019-10-30 11:52:30,223 [IPC Server handler 5 on 45375] INFO  node.SCMNodeManager (SCMNodeManager.java:register(268)) - Registered Data node : 9dbd5372-55c2-4532-b354-9494d3d545d2{ip: 192.168.157.220, host: pr-hdds-2359-w9s2w-3834556564, networkLocation: /default-rack, certSerialId: null}
2019-10-30 11:52:30,270 [IPC Server handler 6 on 45375] INFO  net.NetworkTopology (NetworkTopologyImpl.java:add(111)) - Added a new node: /default-rack/4f16e274-8663-4a15-9c4c-c81f650ab979
2019-10-30 11:52:30,270 [IPC Server handler 6 on 45375] INFO  node.SCMNodeManager (SCMNodeManager.java:register(268)) - Registered Data node : 4f16e274-8663-4a15-9c4c-c81f650ab979{ip: 192.168.157.220, host: pr-hdds-2359-w9s2w-3834556564, networkLocation: /default-rack, certSerialId: null}
2019-10-30 11:52:30,349 [grpc-default-executor-0] INFO  impl.RaftServerProxy (RaftServerProxy.java:addNew(89)) - 523c7eff-a1f5-464b-b597-b785df970f97: addNew group-89D5B82EF0A0:[523c7eff-a1f5-464b-b597-b785df970f97:192.168.157.220:34455] returns group-89D5B82EF0A0:java.util.concurrent.CompletableFuture@8e665cc[Not completed]
2019-10-30 11:52:30,356 [IPC Server handler 7 on 45375] INFO  net.NetworkTopology (NetworkTopologyImpl.java:add(111)) - Added a new node: /default-rack/36879b23-b325-4015-ba59-8656331c6f4b
2019-10-30 11:52:30,356 [IPC Server handler 7 on 45375] INFO  node.SCMNodeManager (SCMNodeManager.java:register(268)) - Registered Data node : 36879b23-b325-4015-ba59-8656331c6f4b{ip: 192.168.157.220, host: pr-hdds-2359-w9s2w-3834556564, networkLocation: /default-rack, certSerialId: null}
2019-10-30 11:52:30,359 [pool-27-thread-1] INFO  impl.RaftServerImpl (RaftServerImpl.java:<init>(104)) - 523c7eff-a1f5-464b-b597-b785df970f97: new RaftServerImpl for group-89D5B82EF0A0:[523c7eff-a1f5-464b-b597-b785df970f97:192.168.157.220:34455] with ContainerStateMachine:uninitialized
2019-10-30 11:52:30,360 [pool-27-thread-1] INFO  server.RaftServerConfigKeys (ConfUtils.java:logGet(43)) - raft.server.rpc.timeout.min = 1s (custom)
2019-10-30 11:52:30,360 [pool-27-thread-1] INFO  server.RaftServerConfigKeys (ConfUtils.java:logGet(43)) - raft.server.rpc.timeout.max = 1200ms (custom)
2019-10-30 11:52:30,360 [pool-27-thread-1] INFO  server.RaftServerConfigKeys (ConfUtils.java:logGet(43)) - raft.server.rpcslowness.timeout = 120s (custom)
2019-10-30 11:52:30,361 [pool-27-thread-1] INFO  server.RaftServerConfigKeys (ConfUtils.java:logGet(43)) - raft.server.sleep.deviation.threshold = 300 (default)
2019-10-30 11:52:30,361 [pool-27-thread-1] INFO  server.RaftServerConfigKeys (ConfUtils.java:logGet(43)) - raft.server.log.appender.install.snapshot.enabled = false (custom)
2019-10-30 11:52:30,367 [pool-27-thread-1] INFO  impl.RaftServerImpl (ServerState.java:<init>(103)) - 523c7eff-a1f5-464b-b597-b785df970f97@group-89D5B82EF0A0: ConfigurationManager, init=-1: [523c7eff-a1f5-464b-b597-b785df970f97:192.168.157.220:34455], old=null, confs=<EMPTY_MAP>
2019-10-30 11:52:30,367 [pool-27-thread-1] INFO  server.RaftServerConfigKeys (ConfUtils.java:logGet(43)) - raft.server.storage.dir = [/workdir/hadoop-ozone/integration-test/target/test-dir/MiniOzoneClusterImpl-aaf233b5-8021-4449-9df2-227d87d78376/datanode-0/data/ratis] (custom)
2019-10-30 11:52:30,372 [pool-27-thread-1] INFO  server.RaftServerConfigKeys (ConfUtils.java:logGet(43)) - raft.server.log.corruption.policy = EXCEPTION (default)
2019-10-30 11:52:30,373 [pool-27-thread-1] INFO  storage.RaftStorageDirectory (RaftStorageDirectory.java:analyzeStorage(246)) - The storage directory /workdir/hadoop-ozone/integration-test/target/test-dir/MiniOzoneClusterImpl-aaf233b5-8021-4449-9df2-227d87d78376/datanode-0/data/ratis/daba365e-51ba-4c14-a854-89d5b82ef0a0 does not exist. Creating ...
2019-10-30 11:52:30,387 [pool-27-thread-1] INFO  storage.RaftStorageDirectory (RaftStorageDirectory.java:tryLock(328)) - Lock on /workdir/hadoop-ozone/integration-test/target/test-dir/MiniOzoneClusterImpl-aaf233b5-8021-4449-9df2-227d87d78376/datanode-0/data/ratis/daba365e-51ba-4c14-a854-89d5b82ef0a0/in_use.lock acquired by nodename 8701@pr-hdds-2359-w9s2w-3834556564
2019-10-30 11:52:30,403 [pool-27-thread-1] INFO  storage.RaftStorage (RaftStorage.java:format(84)) - Storage directory /workdir/hadoop-ozone/integration-test/target/test-dir/MiniOzoneClusterImpl-aaf233b5-8021-4449-9df2-227d87d78376/datanode-0/data/ratis/daba365e-51ba-4c14-a854-89d5b82ef0a0 has been successfully formatted.
2019-10-30 11:52:30,405 [pool-27-thread-1] INFO  ratis.ContainerStateMachine (ContainerStateMachine.java:loadSnapshot(231)) - group-89D5B82EF0A0: The snapshot info is null. Setting the last applied indexto:(t:0, i:~)
2019-10-30 11:52:30,405 [pool-27-thread-1] INFO  server.RaftServerConfigKeys (ConfUtils.java:logGet(43)) - raft.server.notification.no-leader.timeout = 120s (custom)
2019-10-30 11:52:30,407 [pool-27-thread-1] INFO  server.RaftServerConfigKeys (ConfUtils.java:logGet(43)) - raft.server.log.use.memory = false (default)
2019-10-30 11:52:30,412 [pool-27-thread-1] INFO  server.RaftServerConfigKeys (ConfUtils.java:logGet(43)) - raft.server.log.purge.gap = 1000000 (custom)
2019-10-30 11:52:30,412 [pool-27-thread-1] INFO  server.RaftServerConfigKeys (ConfUtils.java:logGet(43)) - raft.server.log.appender.buffer.byte-limit = 33554432 (custom)
2019-10-30 11:52:30,413 [pool-27-thread-1] INFO  server.RaftServerConfigKeys (ConfUtils.java:logGet(43)) - raft.server.log.segment.size.max = 1048576 (custom)
2019-10-30 11:52:30,415 [pool-27-thread-1] INFO  impl.MetricsSystemImpl (MetricsSystemImpl.java:init(158)) - ratis metrics system started (again)
2019-10-30 11:52:30,418 [pool-27-thread-1] INFO  metrics.MetricRegistries (MetricRegistriesLoader.java:load(64)) - Loaded MetricRegistries class org.apache.ratis.metrics.impl.MetricRegistriesImpl
2019-10-30 11:52:30,449 [IPC Server handler 8 on 45375] INFO  net.NetworkTopology (NetworkTopologyImpl.java:add(111)) - Added a new node: /default-rack/4cc44201-a597-43af-a4ec-5b1b407a6250
2019-10-30 11:52:30,449 [IPC Server handler 8 on 45375] INFO  node.SCMNodeManager (SCMNodeManager.java:register(268)) - Registered Data node : 4cc44201-a597-43af-a4ec-5b1b407a6250{ip: 192.168.157.220, host: pr-hdds-2359-w9s2w-3834556564, networkLocation: /default-rack, certSerialId: null}
2019-10-30 11:52:30,457 [pool-27-thread-1] INFO  server.RaftServerConfigKeys (ConfUtils.java:logGet(43)) - raft.server.log.segment.cache.num.max = 2 (custom)
2019-10-30 11:52:30,462 [pool-27-thread-1] INFO  segmented.SegmentedRaftLogWorker (SegmentedRaftLogWorker.java:<init>(173)) - new 523c7eff-a1f5-464b-b597-b785df970f97@group-89D5B82EF0A0-SegmentedRaftLogWorker for RaftStorage:Storage Directory /workdir/hadoop-ozone/integration-test/target/test-dir/MiniOzoneClusterImpl-aaf233b5-8021-4449-9df2-227d87d78376/datanode-0/data/ratis/daba365e-51ba-4c14-a854-89d5b82ef0a0
2019-10-30 11:52:30,463 [pool-27-thread-1] INFO  server.RaftServerConfigKeys (ConfUtils.java:logGet(43)) - raft.server.log.queue.byte-limit = 2147483647 (custom)
2019-10-30 11:52:30,463 [pool-27-thread-1] INFO  server.RaftServerConfigKeys (ConfUtils.java:logGet(43)) - raft.server.log.queue.element-limit = 1024 (custom)
2019-10-30 11:52:30,464 [pool-27-thread-1] INFO  server.RaftServerConfigKeys (ConfUtils.java:logGet(43)) - raft.server.log.segment.size.max = 1048576 (custom)
2019-10-30 11:52:30,465 [pool-27-thread-1] INFO  server.RaftServerConfigKeys (ConfUtils.java:logGet(43)) - raft.server.log.preallocated.size = 16384 (custom)
2019-10-30 11:52:30,465 [pool-27-thread-1] INFO  server.RaftServerConfigKeys (ConfUtils.java:logGet(43)) - raft.server.log.write.buffer.size = 33554432 (custom)
2019-10-30 11:52:30,466 [pool-27-thread-1] INFO  server.RaftServerConfigKeys (ConfUtils.java:logGet(43)) - raft.server.log.force.sync.num = 128 (default)
2019-10-30 11:52:30,467 [pool-27-thread-1] INFO  server.RaftServerConfigKeys (ConfUtils.java:logGet(43)) - raft.server.log.statemachine.data.sync = true (default)
2019-10-30 11:52:30,467 [pool-27-thread-1] INFO  server.RaftServerConfigKeys (ConfUtils.java:logGet(43)) - raft.server.log.statemachine.data.sync.timeout = 10s (default)
2019-10-30 11:52:30,467 [pool-27-thread-1] INFO  server.RaftServerConfigKeys (ConfUtils.java:logGet(43)) - raft.server.log.statemachine.data.sync.timeout.retry = -1 (default)
2019-10-30 11:52:30,480 [pool-27-thread-1] INFO  server.RaftServerConfigKeys (ConfUtils.java:logGet(43)) - raft.server.log.statemachine.data.caching.enabled = true (custom)
2019-10-30 11:52:30,484 [pool-27-thread-1] INFO  segmented.SegmentedRaftLogWorker (SegmentedRaftLogWorker.java:lambda$new$0(128)) - 523c7eff-a1f5-464b-b597-b785df970f97@group-89D5B82EF0A0-SegmentedRaftLogWorker: flushIndex: setUnconditionally 0 -> -1
2019-10-30 11:52:30,487 [pool-27-thread-1] INFO  server.RaftServerConfigKeys (ConfUtils.java:logGet(43)) - raft.server.snapshot.auto.trigger.enabled = true (custom)
2019-10-30 11:52:30,488 [pool-27-thread-1] INFO  server.RaftServerConfigKeys (ConfUtils.java:logGet(43)) - raft.server.snapshot.auto.trigger.threshold = 10000 (custom)
2019-10-30 11:52:30,488 [pool-27-thread-1] INFO  server.RaftServerConfigKeys (ConfUtils.java:logGet(43)) - raft.server.snapshot.retention.file.num = 5 (custom)
2019-10-30 11:52:30,489 [pool-27-thread-1] INFO  server.RaftServerConfigKeys (ConfUtils.java:logGet(43)) - raft.server.retrycache.expirytime = 600000ms (custom)
2019-10-30 11:52:30,519 [pool-27-thread-1] INFO  impl.RaftServerImpl (RaftServerImpl.java:start(195)) - 523c7eff-a1f5-464b-b597-b785df970f97@group-89D5B82EF0A0: start as a follower, conf=-1: [523c7eff-a1f5-464b-b597-b785df970f97:192.168.157.220:34455], old=null
2019-10-30 11:52:30,520 [pool-27-thread-1] INFO  impl.RaftServerImpl (RaftServerImpl.java:setRole(184)) - 523c7eff-a1f5-464b-b597-b785df970f97@group-89D5B82EF0A0: changes role from      null to FOLLOWER at term 0 for startAsFollower
2019-10-30 11:52:30,520 [pool-27-thread-1] INFO  impl.RoleInfo (RoleInfo.java:updateAndGet(143)) - 523c7eff-a1f5-464b-b597-b785df970f97: start FollowerState
2019-10-30 11:52:30,522 [pool-27-thread-1] INFO  util.JmxRegister (JmxRegister.java:tryRegister(44)) - Successfully registered JMX Bean with object name Ratis:service=RaftServer,group=group-89D5B82EF0A0,id=523c7eff-a1f5-464b-b597-b785df970f97
2019-10-30 11:52:30,529 [IPC Server handler 9 on 45375] INFO  net.NetworkTopology (NetworkTopologyImpl.java:add(111)) - Added a new node: /default-rack/a12d6b9e-ec23-449e-8b58-135e3e67eb04
2019-10-30 11:52:30,530 [IPC Server handler 9 on 45375] INFO  node.SCMNodeManager (SCMNodeManager.java:register(268)) - Registered Data node : a12d6b9e-ec23-449e-8b58-135e3e67eb04{ip: 192.168.157.220, host: pr-hdds-2359-w9s2w-3834556564, networkLocation: /default-rack, certSerialId: null}
2019-10-30 11:52:30,575 [RatisPipelineUtilsThread] INFO  pipeline.PipelineStateManager (PipelineStateManager.java:addPipeline(56)) - Created pipeline Pipeline[ Id: daba365e-51ba-4c14-a854-89d5b82ef0a0, Nodes: 523c7eff-a1f5-464b-b597-b785df970f97{ip: 192.168.157.220, host: pr-hdds-2359-w9s2w-3834556564, networkLocation: /default-rack, certSerialId: null}, Type:RATIS, Factor:ONE, State:OPEN]
2019-10-30 11:52:30,594 [grpc-default-executor-0] INFO  impl.RaftServerProxy (RaftServerProxy.java:addNew(89)) - 4cc44201-a597-43af-a4ec-5b1b407a6250: addNew group-5A46F1C3153D:[4cc44201-a597-43af-a4ec-5b1b407a6250:192.168.157.220:36685] returns group-5A46F1C3153D:java.util.concurrent.CompletableFuture@4d6f273d[Not completed]
2019-10-30 11:52:30,600 [main] INFO  ozone.MiniOzoneClusterImpl (MiniOzoneClusterImpl.java:lambda$waitForClusterToBeReady$0(147)) - Waiting for cluster to be ready. Got 9 of 10 DN Heartbeats.
2019-10-30 11:52:30,627 [IPC Server handler 11 on 45375] INFO  net.NetworkTopology (NetworkTopologyImpl.java:add(111)) - Added a new node: /default-rack/9b3ef6c9-0245-4756-bf80-45d41f7a4453
2019-10-30 11:52:30,636 [IPC Server handler 11 on 45375] INFO  node.SCMNodeManager (SCMNodeManager.java:register(268)) - Registered Data node : 9b3ef6c9-0245-4756-bf80-45d41f7a4453{ip: 192.168.157.220, host: pr-hdds-2359-w9s2w-3834556564, networkLocation: /default-rack, certSerialId: null}
2019-10-30 11:52:30,637 [pool-97-thread-1] INFO  impl.RaftServerImpl (RaftServerImpl.java:<init>(104)) - 4cc44201-a597-43af-a4ec-5b1b407a6250: new RaftServerImpl for group-5A46F1C3153D:[4cc44201-a597-43af-a4ec-5b1b407a6250:192.168.157.220:36685] with ContainerStateMachine:uninitialized
2019-10-30 11:52:30,639 [pool-97-thread-1] INFO  server.RaftServerConfigKeys (ConfUtils.java:logGet(43)) - raft.server.rpc.timeout.min = 1s (custom)
2019-10-30 11:52:30,639 [pool-97-thread-1] INFO  server.RaftServerConfigKeys (ConfUtils.java:logGet(43)) - raft.server.rpc.timeout.max = 1200ms (custom)
2019-10-30 11:52:30,639 [pool-97-thread-1] INFO  server.RaftServerConfigKeys (ConfUtils.java:logGet(43)) - raft.server.rpcslowness.timeout = 120s (custom)
2019-10-30 11:52:30,639 [pool-97-thread-1] INFO  server.RaftServerConfigKeys (ConfUtils.java:logGet(43)) - raft.server.sleep.deviation.threshold = 300 (default)
2019-10-30 11:52:30,639 [pool-97-thread-1] INFO  server.RaftServerConfigKeys (ConfUtils.java:logGet(43)) - raft.server.log.appender.install.snapshot.enabled = false (custom)
2019-10-30 11:52:30,639 [pool-97-thread-1] INFO  impl.RaftServerImpl (ServerState.java:<init>(103)) - 4cc44201-a597-43af-a4ec-5b1b407a6250@group-5A46F1C3153D: ConfigurationManager, init=-1: [4cc44201-a597-43af-a4ec-5b1b407a6250:192.168.157.220:36685], old=null, confs=<EMPTY_MAP>
2019-10-30 11:52:30,639 [pool-97-thread-1] INFO  server.RaftServerConfigKeys (ConfUtils.java:logGet(43)) - raft.server.storage.dir = [/workdir/hadoop-ozone/integration-test/target/test-dir/MiniOzoneClusterImpl-aaf233b5-8021-4449-9df2-227d87d78376/datanode-7/data/ratis] (custom)
2019-10-30 11:52:30,639 [pool-97-thread-1] INFO  server.RaftServerConfigKeys (ConfUtils.java:logGet(43)) - raft.server.log.corruption.policy = EXCEPTION (default)
2019-10-30 11:52:30,640 [pool-97-thread-1] INFO  storage.RaftStorageDirectory (RaftStorageDirectory.java:analyzeStorage(246)) - The storage directory /workdir/hadoop-ozone/integration-test/target/test-dir/MiniOzoneClusterImpl-aaf233b5-8021-4449-9df2-227d87d78376/datanode-7/data/ratis/a78e2d52-a76d-4527-8d40-5a46f1c3153d does not exist. Creating ...
2019-10-30 11:52:30,645 [Thread-285] INFO  impl.FollowerState (FollowerState.java:run(108)) - 523c7eff-a1f5-464b-b597-b785df970f97@group-89D5B82EF0A0-FollowerState: change to CANDIDATE, lastRpcTime:124ms, electionTimeout:124ms
2019-10-30 11:52:30,647 [Thread-285] INFO  impl.RoleInfo (RoleInfo.java:shutdownFollowerState(121)) - 523c7eff-a1f5-464b-b597-b785df970f97: shutdown FollowerState
2019-10-30 11:52:30,648 [Thread-285] INFO  impl.RaftServerImpl (RaftServerImpl.java:setRole(184)) - 523c7eff-a1f5-464b-b597-b785df970f97@group-89D5B82EF0A0: changes role from  FOLLOWER to CANDIDATE at term 0 for changeToCandidate
2019-10-30 11:52:30,651 [Thread-285] INFO  impl.RoleInfo (RoleInfo.java:updateAndGet(143)) - 523c7eff-a1f5-464b-b597-b785df970f97: start LeaderElection
2019-10-30 11:52:30,677 [pool-97-thread-1] INFO  storage.RaftStorageDirectory (RaftStorageDirectory.java:tryLock(328)) - Lock on /workdir/hadoop-ozone/integration-test/target/test-dir/MiniOzoneClusterImpl-aaf233b5-8021-4449-9df2-227d87d78376/datanode-7/data/ratis/a78e2d52-a76d-4527-8d40-5a46f1c3153d/in_use.lock acquired by nodename 8701@pr-hdds-2359-w9s2w-3834556564
2019-10-30 11:52:30,677 [523c7eff-a1f5-464b-b597-b785df970f97@group-89D5B82EF0A0-LeaderElection1] INFO  impl.LeaderElection (LeaderElection.java:askForVotes(178)) - 523c7eff-a1f5-464b-b597-b785df970f97@group-89D5B82EF0A0-LeaderElection1: begin an election at term 1 for -1: [523c7eff-a1f5-464b-b597-b785df970f97:192.168.157.220:34455], old=null
2019-10-30 11:52:30,678 [523c7eff-a1f5-464b-b597-b785df970f97@group-89D5B82EF0A0-LeaderElection1] INFO  impl.RoleInfo (RoleInfo.java:shutdownLeaderElection(134)) - 523c7eff-a1f5-464b-b597-b785df970f97: shutdown LeaderElection
2019-10-30 11:52:30,679 [523c7eff-a1f5-464b-b597-b785df970f97@group-89D5B82EF0A0-LeaderElection1] INFO  impl.RaftServerImpl (RaftServerImpl.java:setRole(184)) - 523c7eff-a1f5-464b-b597-b785df970f97@group-89D5B82EF0A0: changes role from CANDIDATE to LEADER at term 1 for changeToLeader
2019-10-30 11:52:30,679 [523c7eff-a1f5-464b-b597-b785df970f97@group-89D5B82EF0A0-LeaderElection1] INFO  impl.RaftServerImpl (ServerState.java:setLeader(256)) - 523c7eff-a1f5-464b-b597-b785df970f97@group-89D5B82EF0A0: change Leader from null to 523c7eff-a1f5-464b-b597-b785df970f97 at term 1 for becomeLeader, leader elected after 273ms
2019-10-30 11:52:30,684 [523c7eff-a1f5-464b-b597-b785df970f97@group-89D5B82EF0A0-LeaderElection1] INFO  server.RaftServerConfigKeys (ConfUtils.java:logGet(43)) - raft.server.staging.catchup.gap = 1000 (default)
2019-10-30 11:52:30,684 [523c7eff-a1f5-464b-b597-b785df970f97@group-89D5B82EF0A0-LeaderElection1] INFO  server.RaftServerConfigKeys (ConfUtils.java:logGet(43)) - raft.server.rpc.sleep.time = 25ms (default)
2019-10-30 11:52:30,688 [523c7eff-a1f5-464b-b597-b785df970f97@group-89D5B82EF0A0-LeaderElection1] INFO  server.RaftServerConfigKeys (ConfUtils.java:logGet(43)) - raft.server.write.element-limit = 4096 (default)
2019-10-30 11:52:30,690 [523c7eff-a1f5-464b-b597-b785df970f97@group-89D5B82EF0A0-LeaderElection1] INFO  server.RaftServerConfigKeys (ConfUtils.java:logGet(43)) - raft.server.watch.timeout = 10s (default)
2019-10-30 11:52:30,690 [523c7eff-a1f5-464b-b597-b785df970f97@group-89D5B82EF0A0-LeaderElection1] INFO  server.RaftServerConfigKeys (ConfUtils.java:logGet(43)) - raft.server.watch.timeout.denomination = 1s (default)
2019-10-30 11:52:30,691 [523c7eff-a1f5-464b-b597-b785df970f97@group-89D5B82EF0A0-LeaderElection1] INFO  server.RaftServerConfigKeys (ConfUtils.java:logGet(43)) - raft.server.watch.element-limit = 65536 (default)
2019-10-30 11:52:30,704 [523c7eff-a1f5-464b-b597-b785df970f97@group-89D5B82EF0A0-LeaderElection1] INFO  impl.RoleInfo (RoleInfo.java:updateAndGet(143)) - 523c7eff-a1f5-464b-b597-b785df970f97: start LeaderState
2019-10-30 11:52:30,712 [pool-97-thread-1] INFO  storage.RaftStorage (RaftStorage.java:format(84)) - Storage directory /workdir/hadoop-ozone/integration-test/target/test-dir/MiniOzoneClusterImpl-aaf233b5-8021-4449-9df2-227d87d78376/datanode-7/data/ratis/a78e2d52-a76d-4527-8d40-5a46f1c3153d has been successfully formatted.
2019-10-30 11:52:30,714 [pool-97-thread-1] INFO  ratis.ContainerStateMachine (ContainerStateMachine.java:loadSnapshot(231)) - group-5A46F1C3153D: The snapshot info is null. Setting the last applied indexto:(t:0, i:~)
2019-10-30 11:52:30,716 [pool-97-thread-1] INFO  server.RaftServerConfigKeys (ConfUtils.java:logGet(43)) - raft.server.notification.no-leader.timeout = 120s (custom)
2019-10-30 11:52:30,716 [pool-97-thread-1] INFO  server.RaftServerConfigKeys (ConfUtils.java:logGet(43)) - raft.server.log.use.memory = false (default)
2019-10-30 11:52:30,716 [pool-97-thread-1] INFO  server.RaftServerConfigKeys (ConfUtils.java:logGet(43)) - raft.server.log.purge.gap = 1000000 (custom)
2019-10-30 11:52:30,716 [pool-97-thread-1] INFO  server.RaftServerConfigKeys (ConfUtils.java:logGet(43)) - raft.server.log.appender.buffer.byte-limit = 33554432 (custom)
2019-10-30 11:52:30,716 [pool-97-thread-1] INFO  server.RaftServerConfigKeys (ConfUtils.java:logGet(43)) - raft.server.log.segment.size.max = 1048576 (custom)
2019-10-30 11:52:30,767 [pool-97-thread-1] INFO  server.RaftServerConfigKeys (ConfUtils.java:logGet(43)) - raft.server.log.segment.cache.num.max = 2 (custom)
2019-10-30 11:52:30,767 [pool-97-thread-1] INFO  segmented.SegmentedRaftLogWorker (SegmentedRaftLogWorker.java:<init>(173)) - new 4cc44201-a597-43af-a4ec-5b1b407a6250@group-5A46F1C3153D-SegmentedRaftLogWorker for RaftStorage:Storage Directory /workdir/hadoop-ozone/integration-test/target/test-dir/MiniOzoneClusterImpl-aaf233b5-8021-4449-9df2-227d87d78376/datanode-7/data/ratis/a78e2d52-a76d-4527-8d40-5a46f1c3153d
2019-10-30 11:52:30,771 [pool-97-thread-1] INFO  server.RaftServerConfigKeys (ConfUtils.java:logGet(43)) - raft.server.log.queue.byte-limit = 2147483647 (custom)
2019-10-30 11:52:30,771 [pool-97-thread-1] INFO  server.RaftServerConfigKeys (ConfUtils.java:logGet(43)) - raft.server.log.queue.element-limit = 1024 (custom)
2019-10-30 11:52:30,771 [pool-97-thread-1] INFO  server.RaftServerConfigKeys (ConfUtils.java:logGet(43)) - raft.server.log.segment.size.max = 1048576 (custom)
2019-10-30 11:52:30,771 [pool-97-thread-1] INFO  server.RaftServerConfigKeys (ConfUtils.java:logGet(43)) - raft.server.log.preallocated.size = 16384 (custom)
2019-10-30 11:52:30,771 [pool-97-thread-1] INFO  server.RaftServerConfigKeys (ConfUtils.java:logGet(43)) - raft.server.log.write.buffer.size = 33554432 (custom)
2019-10-30 11:52:30,771 [pool-97-thread-1] INFO  server.RaftServerConfigKeys (ConfUtils.java:logGet(43)) - raft.server.log.force.sync.num = 128 (default)
2019-10-30 11:52:30,772 [pool-97-thread-1] INFO  server.RaftServerConfigKeys (ConfUtils.java:logGet(43)) - raft.server.log.statemachine.data.sync = true (default)
2019-10-30 11:52:30,772 [pool-97-thread-1] INFO  server.RaftServerConfigKeys (ConfUtils.java:logGet(43)) - raft.server.log.statemachine.data.sync.timeout = 10s (default)
2019-10-30 11:52:30,772 [pool-97-thread-1] INFO  server.RaftServerConfigKeys (ConfUtils.java:logGet(43)) - raft.server.log.statemachine.data.sync.timeout.retry = -1 (default)
2019-10-30 11:52:30,773 [pool-97-thread-1] INFO  server.RaftServerConfigKeys (ConfUtils.java:logGet(43)) - raft.server.log.statemachine.data.caching.enabled = true (custom)
2019-10-30 11:52:30,773 [523c7eff-a1f5-464b-b597-b785df970f97@group-89D5B82EF0A0-LeaderElection1] INFO  segmented.SegmentedRaftLogWorker (SegmentedRaftLogWorker.java:startLogSegment(385)) - 523c7eff-a1f5-464b-b597-b785df970f97@group-89D5B82EF0A0-SegmentedRaftLogWorker: Starting segment from index:0
2019-10-30 11:52:30,773 [pool-97-thread-1] INFO  segmented.SegmentedRaftLogWorker (SegmentedRaftLogWorker.java:lambda$new$0(128)) - 4cc44201-a597-43af-a4ec-5b1b407a6250@group-5A46F1C3153D-SegmentedRaftLogWorker: flushIndex: setUnconditionally 0 -> -1
2019-10-30 11:52:30,773 [pool-97-thread-1] INFO  server.RaftServerConfigKeys (ConfUtils.java:logGet(43)) - raft.server.snapshot.auto.trigger.enabled = true (custom)
2019-10-30 11:52:30,774 [pool-97-thread-1] INFO  server.RaftServerConfigKeys (ConfUtils.java:logGet(43)) - raft.server.snapshot.auto.trigger.threshold = 10000 (custom)
2019-10-30 11:52:30,774 [pool-97-thread-1] INFO  server.RaftServerConfigKeys (ConfUtils.java:logGet(43)) - raft.server.snapshot.retention.file.num = 5 (custom)
2019-10-30 11:52:30,774 [pool-97-thread-1] INFO  server.RaftServerConfigKeys (ConfUtils.java:logGet(43)) - raft.server.retrycache.expirytime = 600000ms (custom)
2019-10-30 11:52:30,784 [523c7eff-a1f5-464b-b597-b785df970f97@group-89D5B82EF0A0-LeaderElection1] INFO  impl.RaftServerImpl (ServerState.java:setRaftConf(357)) - 523c7eff-a1f5-464b-b597-b785df970f97@group-89D5B82EF0A0: set configuration 0: [523c7eff-a1f5-464b-b597-b785df970f97:192.168.157.220:34455], old=null at 0
2019-10-30 11:52:30,788 [pool-97-thread-1] INFO  impl.RaftServerImpl (RaftServerImpl.java:start(195)) - 4cc44201-a597-43af-a4ec-5b1b407a6250@group-5A46F1C3153D: start as a follower, conf=-1: [4cc44201-a597-43af-a4ec-5b1b407a6250:192.168.157.220:36685], old=null
2019-10-30 11:52:30,788 [pool-97-thread-1] INFO  impl.RaftServerImpl (RaftServerImpl.java:setRole(184)) - 4cc44201-a597-43af-a4ec-5b1b407a6250@group-5A46F1C3153D: changes role from      null to FOLLOWER at term 0 for startAsFollower
2019-10-30 11:52:30,788 [pool-97-thread-1] INFO  impl.RoleInfo (RoleInfo.java:updateAndGet(143)) - 4cc44201-a597-43af-a4ec-5b1b407a6250: start FollowerState
2019-10-30 11:52:30,789 [pool-97-thread-1] INFO  util.JmxRegister (JmxRegister.java:tryRegister(44)) - Successfully registered JMX Bean with object name Ratis:service=RaftServer,group=group-5A46F1C3153D,id=4cc44201-a597-43af-a4ec-5b1b407a6250
2019-10-30 11:52:30,800 [Thread-290] INFO  impl.FollowerState (FollowerState.java:run(108)) - 4cc44201-a597-43af-a4ec-5b1b407a6250@group-5A46F1C3153D-FollowerState: change to CANDIDATE, lastRpcTime:11ms, electionTimeout:11ms
2019-10-30 11:52:30,801 [Thread-290] INFO  impl.RoleInfo (RoleInfo.java:shutdownFollowerState(121)) - 4cc44201-a597-43af-a4ec-5b1b407a6250: shutdown FollowerState
2019-10-30 11:52:30,801 [Thread-290] INFO  impl.RaftServerImpl (RaftServerImpl.java:setRole(184)) - 4cc44201-a597-43af-a4ec-5b1b407a6250@group-5A46F1C3153D: changes role from  FOLLOWER to CANDIDATE at term 0 for changeToCandidate
2019-10-30 11:52:30,801 [Thread-290] INFO  impl.RoleInfo (RoleInfo.java:updateAndGet(143)) - 4cc44201-a597-43af-a4ec-5b1b407a6250: start LeaderElection
2019-10-30 11:52:30,806 [RatisPipelineUtilsThread] INFO  pipeline.PipelineStateManager (PipelineStateManager.java:addPipeline(56)) - Created pipeline Pipeline[ Id: a78e2d52-a76d-4527-8d40-5a46f1c3153d, Nodes: 4cc44201-a597-43af-a4ec-5b1b407a6250{ip: 192.168.157.220, host: pr-hdds-2359-w9s2w-3834556564, networkLocation: /default-rack, certSerialId: null}, Type:RATIS, Factor:ONE, State:OPEN]
2019-10-30 11:52:30,807 [4cc44201-a597-43af-a4ec-5b1b407a6250@group-5A46F1C3153D-LeaderElection2] INFO  impl.LeaderElection (LeaderElection.java:askForVotes(178)) - 4cc44201-a597-43af-a4ec-5b1b407a6250@group-5A46F1C3153D-LeaderElection2: begin an election at term 1 for -1: [4cc44201-a597-43af-a4ec-5b1b407a6250:192.168.157.220:36685], old=null
2019-10-30 11:52:30,808 [4cc44201-a597-43af-a4ec-5b1b407a6250@group-5A46F1C3153D-LeaderElection2] INFO  impl.RoleInfo (RoleInfo.java:shutdownLeaderElection(134)) - 4cc44201-a597-43af-a4ec-5b1b407a6250: shutdown LeaderElection
2019-10-30 11:52:30,809 [4cc44201-a597-43af-a4ec-5b1b407a6250@group-5A46F1C3153D-LeaderElection2] INFO  impl.RaftServerImpl (RaftServerImpl.java:setRole(184)) - 4cc44201-a597-43af-a4ec-5b1b407a6250@group-5A46F1C3153D: changes role from CANDIDATE to LEADER at term 1 for changeToLeader
2019-10-30 11:52:30,809 [4cc44201-a597-43af-a4ec-5b1b407a6250@group-5A46F1C3153D-LeaderElection2] INFO  impl.RaftServerImpl (ServerState.java:setLeader(256)) - 4cc44201-a597-43af-a4ec-5b1b407a6250@group-5A46F1C3153D: change Leader from null to 4cc44201-a597-43af-a4ec-5b1b407a6250 at term 1 for becomeLeader, leader elected after 92ms
2019-10-30 11:52:30,809 [4cc44201-a597-43af-a4ec-5b1b407a6250@group-5A46F1C3153D-LeaderElection2] INFO  server.RaftServerConfigKeys (ConfUtils.java:logGet(43)) - raft.server.staging.catchup.gap = 1000 (default)
2019-10-30 11:52:30,809 [4cc44201-a597-43af-a4ec-5b1b407a6250@group-5A46F1C3153D-LeaderElection2] INFO  server.RaftServerConfigKeys (ConfUtils.java:logGet(43)) - raft.server.rpc.sleep.time = 25ms (default)
2019-10-30 11:52:30,809 [4cc44201-a597-43af-a4ec-5b1b407a6250@group-5A46F1C3153D-LeaderElection2] INFO  server.RaftServerConfigKeys (ConfUtils.java:logGet(43)) - raft.server.write.element-limit = 4096 (default)
2019-10-30 11:52:30,809 [4cc44201-a597-43af-a4ec-5b1b407a6250@group-5A46F1C3153D-LeaderElection2] INFO  server.RaftServerConfigKeys (ConfUtils.java:logGet(43)) - raft.server.watch.timeout = 10s (default)
2019-10-30 11:52:30,810 [4cc44201-a597-43af-a4ec-5b1b407a6250@group-5A46F1C3153D-LeaderElection2] INFO  server.RaftServerConfigKeys (ConfUtils.java:logGet(43)) - raft.server.watch.timeout.denomination = 1s (default)
2019-10-30 11:52:30,810 [4cc44201-a597-43af-a4ec-5b1b407a6250@group-5A46F1C3153D-LeaderElection2] INFO  server.RaftServerConfigKeys (ConfUtils.java:logGet(43)) - raft.server.watch.element-limit = 65536 (default)
2019-10-30 11:52:30,819 [4cc44201-a597-43af-a4ec-5b1b407a6250@group-5A46F1C3153D-LeaderElection2] INFO  impl.RoleInfo (RoleInfo.java:updateAndGet(143)) - 4cc44201-a597-43af-a4ec-5b1b407a6250: start LeaderState
2019-10-30 11:52:30,820 [4cc44201-a597-43af-a4ec-5b1b407a6250@group-5A46F1C3153D-LeaderElection2] INFO  segmented.SegmentedRaftLogWorker (SegmentedRaftLogWorker.java:startLogSegment(385)) - 4cc44201-a597-43af-a4ec-5b1b407a6250@group-5A46F1C3153D-SegmentedRaftLogWorker: Starting segment from index:0
2019-10-30 11:52:30,821 [4cc44201-a597-43af-a4ec-5b1b407a6250@group-5A46F1C3153D-LeaderElection2] INFO  impl.RaftServerImpl (ServerState.java:setRaftConf(357)) - 4cc44201-a597-43af-a4ec-5b1b407a6250@group-5A46F1C3153D: set configuration 0: [4cc44201-a597-43af-a4ec-5b1b407a6250:192.168.157.220:36685], old=null at 0
2019-10-30 11:52:30,823 [grpc-default-executor-0] INFO  impl.RaftServerProxy (RaftServerProxy.java:addNew(89)) - f26e10ed-fb17-49e6-a903-eadc130d13d1: addNew group-99AEE0773025:[f26e10ed-fb17-49e6-a903-eadc130d13d1:192.168.157.220:32806] returns group-99AEE0773025:java.util.concurrent.CompletableFuture@41360193[Not completed]
2019-10-30 11:52:30,825 [pool-57-thread-1] INFO  impl.RaftServerImpl (RaftServerImpl.java:<init>(104)) - f26e10ed-fb17-49e6-a903-eadc130d13d1: new RaftServerImpl for group-99AEE0773025:[f26e10ed-fb17-49e6-a903-eadc130d13d1:192.168.157.220:32806] with ContainerStateMachine:uninitialized
2019-10-30 11:52:30,830 [pool-57-thread-1] INFO  server.RaftServerConfigKeys (ConfUtils.java:logGet(43)) - raft.server.rpc.timeout.min = 1s (custom)
2019-10-30 11:52:30,830 [pool-57-thread-1] INFO  server.RaftServerConfigKeys (ConfUtils.java:logGet(43)) - raft.server.rpc.timeout.max = 1200ms (custom)
2019-10-30 11:52:30,831 [pool-57-thread-1] INFO  server.RaftServerConfigKeys (ConfUtils.java:logGet(43)) - raft.server.rpcslowness.timeout = 120s (custom)
2019-10-30 11:52:30,831 [pool-57-thread-1] INFO  server.RaftServerConfigKeys (ConfUtils.java:logGet(43)) - raft.server.sleep.deviation.threshold = 300 (default)
2019-10-30 11:52:30,831 [pool-57-thread-1] INFO  server.RaftServerConfigKeys (ConfUtils.java:logGet(43)) - raft.server.log.appender.install.snapshot.enabled = false (custom)
2019-10-30 11:52:30,831 [pool-57-thread-1] INFO  impl.RaftServerImpl (ServerState.java:<init>(103)) - f26e10ed-fb17-49e6-a903-eadc130d13d1@group-99AEE0773025: ConfigurationManager, init=-1: [f26e10ed-fb17-49e6-a903-eadc130d13d1:192.168.157.220:32806], old=null, confs=<EMPTY_MAP>
2019-10-30 11:52:30,831 [pool-57-thread-1] INFO  server.RaftServerConfigKeys (ConfUtils.java:logGet(43)) - raft.server.storage.dir = [/workdir/hadoop-ozone/integration-test/target/test-dir/MiniOzoneClusterImpl-aaf233b5-8021-4449-9df2-227d87d78376/datanode-3/data/ratis] (custom)
2019-10-30 11:52:30,831 [pool-57-thread-1] INFO  server.RaftServerConfigKeys (ConfUtils.java:logGet(43)) - raft.server.log.corruption.policy = EXCEPTION (default)
2019-10-30 11:52:30,831 [pool-57-thread-1] INFO  storage.RaftStorageDirectory (RaftStorageDirectory.java:analyzeStorage(246)) - The storage directory /workdir/hadoop-ozone/integration-test/target/test-dir/MiniOzoneClusterImpl-aaf233b5-8021-4449-9df2-227d87d78376/datanode-3/data/ratis/877a4b8d-8977-4aa4-970e-99aee0773025 does not exist. Creating ...
2019-10-30 11:52:30,849 [pool-57-thread-1] INFO  storage.RaftStorageDirectory (RaftStorageDirectory.java:tryLock(328)) - Lock on /workdir/hadoop-ozone/integration-test/target/test-dir/MiniOzoneClusterImpl-aaf233b5-8021-4449-9df2-227d87d78376/datanode-3/data/ratis/877a4b8d-8977-4aa4-970e-99aee0773025/in_use.lock acquired by nodename 8701@pr-hdds-2359-w9s2w-3834556564
2019-10-30 11:52:30,863 [pool-57-thread-1] INFO  storage.RaftStorage (RaftStorage.java:format(84)) - Storage directory /workdir/hadoop-ozone/integration-test/target/test-dir/MiniOzoneClusterImpl-aaf233b5-8021-4449-9df2-227d87d78376/datanode-3/data/ratis/877a4b8d-8977-4aa4-970e-99aee0773025 has been successfully formatted.
2019-10-30 11:52:30,863 [pool-57-thread-1] INFO  ratis.ContainerStateMachine (ContainerStateMachine.java:loadSnapshot(231)) - group-99AEE0773025: The snapshot info is null. Setting the last applied indexto:(t:0, i:~)
2019-10-30 11:52:30,863 [pool-57-thread-1] INFO  server.RaftServerConfigKeys (ConfUtils.java:logGet(43)) - raft.server.notification.no-leader.timeout = 120s (custom)
2019-10-30 11:52:30,863 [pool-57-thread-1] INFO  server.RaftServerConfigKeys (ConfUtils.java:logGet(43)) - raft.server.log.use.memory = false (default)
2019-10-30 11:52:30,863 [pool-57-thread-1] INFO  server.RaftServerConfigKeys (ConfUtils.java:logGet(43)) - raft.server.log.purge.gap = 1000000 (custom)
2019-10-30 11:52:30,863 [pool-57-thread-1] INFO  server.RaftServerConfigKeys (ConfUtils.java:logGet(43)) - raft.server.log.appender.buffer.byte-limit = 33554432 (custom)
2019-10-30 11:52:30,863 [pool-57-thread-1] INFO  server.RaftServerConfigKeys (ConfUtils.java:logGet(43)) - raft.server.log.segment.size.max = 1048576 (custom)
2019-10-30 11:52:30,866 [pool-57-thread-1] INFO  server.RaftServerConfigKeys (ConfUtils.java:logGet(43)) - raft.server.log.segment.cache.num.max = 2 (custom)
2019-10-30 11:52:30,866 [pool-57-thread-1] INFO  segmented.SegmentedRaftLogWorker (SegmentedRaftLogWorker.java:<init>(173)) - new f26e10ed-fb17-49e6-a903-eadc130d13d1@group-99AEE0773025-SegmentedRaftLogWorker for RaftStorage:Storage Directory /workdir/hadoop-ozone/integration-test/target/test-dir/MiniOzoneClusterImpl-aaf233b5-8021-4449-9df2-227d87d78376/datanode-3/data/ratis/877a4b8d-8977-4aa4-970e-99aee0773025
2019-10-30 11:52:30,866 [pool-57-thread-1] INFO  server.RaftServerConfigKeys (ConfUtils.java:logGet(43)) - raft.server.log.queue.byte-limit = 2147483647 (custom)
2019-10-30 11:52:30,866 [pool-57-thread-1] INFO  server.RaftServerConfigKeys (ConfUtils.java:logGet(43)) - raft.server.log.queue.element-limit = 1024 (custom)
2019-10-30 11:52:30,866 [pool-57-thread-1] INFO  server.RaftServerConfigKeys (ConfUtils.java:logGet(43)) - raft.server.log.segment.size.max = 1048576 (custom)
2019-10-30 11:52:30,866 [pool-57-thread-1] INFO  server.RaftServerConfigKeys (ConfUtils.java:logGet(43)) - raft.server.log.preallocated.size = 16384 (custom)
2019-10-30 11:52:30,866 [pool-57-thread-1] INFO  server.RaftServerConfigKeys (ConfUtils.java:logGet(43)) - raft.server.log.write.buffer.size = 33554432 (custom)
2019-10-30 11:52:30,866 [pool-57-thread-1] INFO  server.RaftServerConfigKeys (ConfUtils.java:logGet(43)) - raft.server.log.force.sync.num = 128 (default)
2019-10-30 11:52:30,867 [pool-57-thread-1] INFO  server.RaftServerConfigKeys (ConfUtils.java:logGet(43)) - raft.server.log.statemachine.data.sync = true (default)
2019-10-30 11:52:30,867 [pool-57-thread-1] INFO  server.RaftServerConfigKeys (ConfUtils.java:logGet(43)) - raft.server.log.statemachine.data.sync.timeout = 10s (default)
2019-10-30 11:52:30,867 [pool-57-thread-1] INFO  server.RaftServerConfigKeys (ConfUtils.java:logGet(43)) - raft.server.log.statemachine.data.sync.timeout.retry = -1 (default)
2019-10-30 11:52:30,867 [pool-57-thread-1] INFO  server.RaftServerConfigKeys (ConfUtils.java:logGet(43)) - raft.server.log.statemachine.data.caching.enabled = true (custom)
2019-10-30 11:52:30,867 [pool-57-thread-1] INFO  segmented.SegmentedRaftLogWorker (SegmentedRaftLogWorker.java:lambda$new$0(128)) - f26e10ed-fb17-49e6-a903-eadc130d13d1@group-99AEE0773025-SegmentedRaftLogWorker: flushIndex: setUnconditionally 0 -> -1
2019-10-30 11:52:30,868 [pool-57-thread-1] INFO  server.RaftServerConfigKeys (ConfUtils.java:logGet(43)) - raft.server.snapshot.auto.trigger.enabled = true (custom)
2019-10-30 11:52:30,868 [pool-57-thread-1] INFO  server.RaftServerConfigKeys (ConfUtils.java:logGet(43)) - raft.server.snapshot.auto.trigger.threshold = 10000 (custom)
2019-10-30 11:52:30,868 [pool-57-thread-1] INFO  server.RaftServerConfigKeys (ConfUtils.java:logGet(43)) - raft.server.snapshot.retention.file.num = 5 (custom)
2019-10-30 11:52:30,868 [pool-57-thread-1] INFO  server.RaftServerConfigKeys (ConfUtils.java:logGet(43)) - raft.server.retrycache.expirytime = 600000ms (custom)
2019-10-30 11:52:30,872 [pool-57-thread-1] INFO  impl.RaftServerImpl (RaftServerImpl.java:start(195)) - f26e10ed-fb17-49e6-a903-eadc130d13d1@group-99AEE0773025: start as a follower, conf=-1: [f26e10ed-fb17-49e6-a903-eadc130d13d1:192.168.157.220:32806], old=null
2019-10-30 11:52:30,872 [pool-57-thread-1] INFO  impl.RaftServerImpl (RaftServerImpl.java:setRole(184)) - f26e10ed-fb17-49e6-a903-eadc130d13d1@group-99AEE0773025: changes role from      null to FOLLOWER at term 0 for startAsFollower
2019-10-30 11:52:30,872 [pool-57-thread-1] INFO  impl.RoleInfo (RoleInfo.java:updateAndGet(143)) - f26e10ed-fb17-49e6-a903-eadc130d13d1: start FollowerState
2019-10-30 11:52:30,918 [pool-57-thread-1] INFO  util.JmxRegister (JmxRegister.java:tryRegister(44)) - Successfully registered JMX Bean with object name Ratis:service=RaftServer,group=group-99AEE0773025,id=f26e10ed-fb17-49e6-a903-eadc130d13d1
2019-10-30 11:52:30,971 [RatisPipelineUtilsThread] INFO  pipeline.PipelineStateManager (PipelineStateManager.java:addPipeline(56)) - Created pipeline Pipeline[ Id: 877a4b8d-8977-4aa4-970e-99aee0773025, Nodes: f26e10ed-fb17-49e6-a903-eadc130d13d1{ip: 192.168.157.220, host: pr-hdds-2359-w9s2w-3834556564, networkLocation: /default-rack, certSerialId: null}, Type:RATIS, Factor:ONE, State:OPEN]
2019-10-30 11:52:30,988 [grpc-default-executor-0] INFO  impl.RaftServerProxy (RaftServerProxy.java:addNew(89)) - 4f16e274-8663-4a15-9c4c-c81f650ab979: addNew group-95D7CACA124C:[4f16e274-8663-4a15-9c4c-c81f650ab979:192.168.157.220:38181] returns group-95D7CACA124C:java.util.concurrent.CompletableFuture@4ffd6dcc[Not completed]
2019-10-30 11:52:30,990 [pool-77-thread-1] INFO  impl.RaftServerImpl (RaftServerImpl.java:<init>(104)) - 4f16e274-8663-4a15-9c4c-c81f650ab979: new RaftServerImpl for group-95D7CACA124C:[4f16e274-8663-4a15-9c4c-c81f650ab979:192.168.157.220:38181] with ContainerStateMachine:uninitialized
2019-10-30 11:52:30,990 [pool-77-thread-1] INFO  server.RaftServerConfigKeys (ConfUtils.java:logGet(43)) - raft.server.rpc.timeout.min = 1s (custom)
2019-10-30 11:52:30,990 [pool-77-thread-1] INFO  server.RaftServerConfigKeys (ConfUtils.java:logGet(43)) - raft.server.rpc.timeout.max = 1200ms (custom)
2019-10-30 11:52:30,990 [pool-77-thread-1] INFO  server.RaftServerConfigKeys (ConfUtils.java:logGet(43)) - raft.server.rpcslowness.timeout = 120s (custom)
2019-10-30 11:52:30,990 [pool-77-thread-1] INFO  server.RaftServerConfigKeys (ConfUtils.java:logGet(43)) - raft.server.sleep.deviation.threshold = 300 (default)
2019-10-30 11:52:30,990 [pool-77-thread-1] INFO  server.RaftServerConfigKeys (ConfUtils.java:logGet(43)) - raft.server.log.appender.install.snapshot.enabled = false (custom)
2019-10-30 11:52:30,991 [pool-77-thread-1] INFO  impl.RaftServerImpl (ServerState.java:<init>(103)) - 4f16e274-8663-4a15-9c4c-c81f650ab979@group-95D7CACA124C: ConfigurationManager, init=-1: [4f16e274-8663-4a15-9c4c-c81f650ab979:192.168.157.220:38181], old=null, confs=<EMPTY_MAP>
2019-10-30 11:52:30,991 [pool-77-thread-1] INFO  server.RaftServerConfigKeys (ConfUtils.java:logGet(43)) - raft.server.storage.dir = [/workdir/hadoop-ozone/integration-test/target/test-dir/MiniOzoneClusterImpl-aaf233b5-8021-4449-9df2-227d87d78376/datanode-5/data/ratis] (custom)
2019-10-30 11:52:30,991 [pool-77-thread-1] INFO  server.RaftServerConfigKeys (ConfUtils.java:logGet(43)) - raft.server.log.corruption.policy = EXCEPTION (default)
2019-10-30 11:52:30,991 [pool-77-thread-1] INFO  storage.RaftStorageDirectory (RaftStorageDirectory.java:analyzeStorage(246)) - The storage directory /workdir/hadoop-ozone/integration-test/target/test-dir/MiniOzoneClusterImpl-aaf233b5-8021-4449-9df2-227d87d78376/datanode-5/data/ratis/23f2881e-8446-4168-8393-95d7caca124c does not exist. Creating ...
2019-10-30 11:52:30,995 [pool-77-thread-1] INFO  storage.RaftStorageDirectory (RaftStorageDirectory.java:tryLock(328)) - Lock on /workdir/hadoop-ozone/integration-test/target/test-dir/MiniOzoneClusterImpl-aaf233b5-8021-4449-9df2-227d87d78376/datanode-5/data/ratis/23f2881e-8446-4168-8393-95d7caca124c/in_use.lock acquired by nodename 8701@pr-hdds-2359-w9s2w-3834556564
2019-10-30 11:52:31,012 [pool-77-thread-1] INFO  storage.RaftStorage (RaftStorage.java:format(84)) - Storage directory /workdir/hadoop-ozone/integration-test/target/test-dir/MiniOzoneClusterImpl-aaf233b5-8021-4449-9df2-227d87d78376/datanode-5/data/ratis/23f2881e-8446-4168-8393-95d7caca124c has been successfully formatted.
2019-10-30 11:52:31,012 [pool-77-thread-1] INFO  ratis.ContainerStateMachine (ContainerStateMachine.java:loadSnapshot(231)) - group-95D7CACA124C: The snapshot info is null. Setting the last applied indexto:(t:0, i:~)
2019-10-30 11:52:31,013 [pool-77-thread-1] INFO  server.RaftServerConfigKeys (ConfUtils.java:logGet(43)) - raft.server.notification.no-leader.timeout = 120s (custom)
2019-10-30 11:52:31,013 [pool-77-thread-1] INFO  server.RaftServerConfigKeys (ConfUtils.java:logGet(43)) - raft.server.log.use.memory = false (default)
2019-10-30 11:52:31,013 [pool-77-thread-1] INFO  server.RaftServerConfigKeys (ConfUtils.java:logGet(43)) - raft.server.log.purge.gap = 1000000 (custom)
2019-10-30 11:52:31,013 [pool-77-thread-1] INFO  server.RaftServerConfigKeys (ConfUtils.java:logGet(43)) - raft.server.log.appender.buffer.byte-limit = 33554432 (custom)
2019-10-30 11:52:31,013 [pool-77-thread-1] INFO  server.RaftServerConfigKeys (ConfUtils.java:logGet(43)) - raft.server.log.segment.size.max = 1048576 (custom)
2019-10-30 11:52:31,018 [pool-77-thread-1] INFO  server.RaftServerConfigKeys (ConfUtils.java:logGet(43)) - raft.server.log.segment.cache.num.max = 2 (custom)
2019-10-30 11:52:31,018 [pool-77-thread-1] INFO  segmented.SegmentedRaftLogWorker (SegmentedRaftLogWorker.java:<init>(173)) - new 4f16e274-8663-4a15-9c4c-c81f650ab979@group-95D7CACA124C-SegmentedRaftLogWorker for RaftStorage:Storage Directory /workdir/hadoop-ozone/integration-test/target/test-dir/MiniOzoneClusterImpl-aaf233b5-8021-4449-9df2-227d87d78376/datanode-5/data/ratis/23f2881e-8446-4168-8393-95d7caca124c
2019-10-30 11:52:31,018 [pool-77-thread-1] INFO  server.RaftServerConfigKeys (ConfUtils.java:logGet(43)) - raft.server.log.queue.byte-limit = 2147483647 (custom)
2019-10-30 11:52:31,018 [pool-77-thread-1] INFO  server.RaftServerConfigKeys (ConfUtils.java:logGet(43)) - raft.server.log.queue.element-limit = 1024 (custom)
2019-10-30 11:52:31,018 [pool-77-thread-1] INFO  server.RaftServerConfigKeys (ConfUtils.java:logGet(43)) - raft.server.log.segment.size.max = 1048576 (custom)
2019-10-30 11:52:31,018 [pool-77-thread-1] INFO  server.RaftServerConfigKeys (ConfUtils.java:logGet(43)) - raft.server.log.preallocated.size = 16384 (custom)
2019-10-30 11:52:31,018 [pool-77-thread-1] INFO  server.RaftServerConfigKeys (ConfUtils.java:logGet(43)) - raft.server.log.write.buffer.size = 33554432 (custom)
2019-10-30 11:52:31,019 [pool-77-thread-1] INFO  server.RaftServerConfigKeys (ConfUtils.java:logGet(43)) - raft.server.log.force.sync.num = 128 (default)
2019-10-30 11:52:31,019 [pool-77-thread-1] INFO  server.RaftServerConfigKeys (ConfUtils.java:logGet(43)) - raft.server.log.statemachine.data.sync = true (default)
2019-10-30 11:52:31,019 [pool-77-thread-1] INFO  server.RaftServerConfigKeys (ConfUtils.java:logGet(43)) - raft.server.log.statemachine.data.sync.timeout = 10s (default)
2019-10-30 11:52:31,019 [pool-77-thread-1] INFO  server.RaftServerConfigKeys (ConfUtils.java:logGet(43)) - raft.server.log.statemachine.data.sync.timeout.retry = -1 (default)
2019-10-30 11:52:31,019 [pool-77-thread-1] INFO  server.RaftServerConfigKeys (ConfUtils.java:logGet(43)) - raft.server.log.statemachine.data.caching.enabled = true (custom)
2019-10-30 11:52:31,020 [pool-77-thread-1] INFO  segmented.SegmentedRaftLogWorker (SegmentedRaftLogWorker.java:lambda$new$0(128)) - 4f16e274-8663-4a15-9c4c-c81f650ab979@group-95D7CACA124C-SegmentedRaftLogWorker: flushIndex: setUnconditionally 0 -> -1
2019-10-30 11:52:31,021 [pool-77-thread-1] INFO  server.RaftServerConfigKeys (ConfUtils.java:logGet(43)) - raft.server.snapshot.auto.trigger.enabled = true (custom)
2019-10-30 11:52:31,021 [pool-77-thread-1] INFO  server.RaftServerConfigKeys (ConfUtils.java:logGet(43)) - raft.server.snapshot.auto.trigger.threshold = 10000 (custom)
2019-10-30 11:52:31,021 [pool-77-thread-1] INFO  server.RaftServerConfigKeys (ConfUtils.java:logGet(43)) - raft.server.snapshot.retention.file.num = 5 (custom)
2019-10-30 11:52:31,021 [pool-77-thread-1] INFO  server.RaftServerConfigKeys (ConfUtils.java:logGet(43)) - raft.server.retrycache.expirytime = 600000ms (custom)
2019-10-30 11:52:31,052 [pool-77-thread-1] INFO  impl.RaftServerImpl (RaftServerImpl.java:start(195)) - 4f16e274-8663-4a15-9c4c-c81f650ab979@group-95D7CACA124C: start as a follower, conf=-1: [4f16e274-8663-4a15-9c4c-c81f650ab979:192.168.157.220:38181], old=null
2019-10-30 11:52:31,052 [pool-77-thread-1] INFO  impl.RaftServerImpl (RaftServerImpl.java:setRole(184)) - 4f16e274-8663-4a15-9c4c-c81f650ab979@group-95D7CACA124C: changes role from      null to FOLLOWER at term 0 for startAsFollower
2019-10-30 11:52:31,052 [pool-77-thread-1] INFO  impl.RoleInfo (RoleInfo.java:updateAndGet(143)) - 4f16e274-8663-4a15-9c4c-c81f650ab979: start FollowerState
2019-10-30 11:52:31,053 [pool-77-thread-1] INFO  util.JmxRegister (JmxRegister.java:tryRegister(44)) - Successfully registered JMX Bean with object name Ratis:service=RaftServer,group=group-95D7CACA124C,id=4f16e274-8663-4a15-9c4c-c81f650ab979
2019-10-30 11:52:31,064 [523c7eff-a1f5-464b-b597-b785df970f97@group-89D5B82EF0A0-SegmentedRaftLogWorker] INFO  segmented.SegmentedRaftLogWorker (SegmentedRaftLogWorker.java:execute(576)) - 523c7eff-a1f5-464b-b597-b785df970f97@group-89D5B82EF0A0-SegmentedRaftLogWorker: created new log segment /workdir/hadoop-ozone/integration-test/target/test-dir/MiniOzoneClusterImpl-aaf233b5-8021-4449-9df2-227d87d78376/datanode-0/data/ratis/daba365e-51ba-4c14-a854-89d5b82ef0a0/current/log_inprogress_0
2019-10-30 11:52:31,064 [Thread-298] INFO  impl.FollowerState (FollowerState.java:run(108)) - 4f16e274-8663-4a15-9c4c-c81f650ab979@group-95D7CACA124C-FollowerState: change to CANDIDATE, lastRpcTime:11ms, electionTimeout:11ms
2019-10-30 11:52:31,064 [4cc44201-a597-43af-a4ec-5b1b407a6250@group-5A46F1C3153D-SegmentedRaftLogWorker] INFO  segmented.SegmentedRaftLogWorker (SegmentedRaftLogWorker.java:execute(576)) - 4cc44201-a597-43af-a4ec-5b1b407a6250@group-5A46F1C3153D-SegmentedRaftLogWorker: created new log segment /workdir/hadoop-ozone/integration-test/target/test-dir/MiniOzoneClusterImpl-aaf233b5-8021-4449-9df2-227d87d78376/datanode-7/data/ratis/a78e2d52-a76d-4527-8d40-5a46f1c3153d/current/log_inprogress_0
2019-10-30 11:52:31,064 [Thread-298] INFO  impl.RoleInfo (RoleInfo.java:shutdownFollowerState(121)) - 4f16e274-8663-4a15-9c4c-c81f650ab979: shutdown FollowerState
2019-10-30 11:52:31,065 [Thread-298] INFO  impl.RaftServerImpl (RaftServerImpl.java:setRole(184)) - 4f16e274-8663-4a15-9c4c-c81f650ab979@group-95D7CACA124C: changes role from  FOLLOWER to CANDIDATE at term 0 for changeToCandidate
2019-10-30 11:52:31,067 [Thread-298] INFO  impl.RoleInfo (RoleInfo.java:updateAndGet(143)) - 4f16e274-8663-4a15-9c4c-c81f650ab979: start LeaderElection
2019-10-30 11:52:31,069 [RatisPipelineUtilsThread] INFO  pipeline.PipelineStateManager (PipelineStateManager.java:addPipeline(56)) - Created pipeline Pipeline[ Id: 23f2881e-8446-4168-8393-95d7caca124c, Nodes: 4f16e274-8663-4a15-9c4c-c81f650ab979{ip: 192.168.157.220, host: pr-hdds-2359-w9s2w-3834556564, networkLocation: /default-rack, certSerialId: null}, Type:RATIS, Factor:ONE, State:OPEN]
2019-10-30 11:52:31,076 [4f16e274-8663-4a15-9c4c-c81f650ab979@group-95D7CACA124C-LeaderElection3] INFO  impl.LeaderElection (LeaderElection.java:askForVotes(178)) - 4f16e274-8663-4a15-9c4c-c81f650ab979@group-95D7CACA124C-LeaderElection3: begin an election at term 1 for -1: [4f16e274-8663-4a15-9c4c-c81f650ab979:192.168.157.220:38181], old=null
2019-10-30 11:52:31,076 [4f16e274-8663-4a15-9c4c-c81f650ab979@group-95D7CACA124C-LeaderElection3] INFO  impl.RoleInfo (RoleInfo.java:shutdownLeaderElection(134)) - 4f16e274-8663-4a15-9c4c-c81f650ab979: shutdown LeaderElection
2019-10-30 11:52:31,077 [4f16e274-8663-4a15-9c4c-c81f650ab979@group-95D7CACA124C-LeaderElection3] INFO  impl.RaftServerImpl (RaftServerImpl.java:setRole(184)) - 4f16e274-8663-4a15-9c4c-c81f650ab979@group-95D7CACA124C: changes role from CANDIDATE to LEADER at term 1 for changeToLeader
2019-10-30 11:52:31,077 [4f16e274-8663-4a15-9c4c-c81f650ab979@group-95D7CACA124C-LeaderElection3] INFO  impl.RaftServerImpl (ServerState.java:setLeader(256)) - 4f16e274-8663-4a15-9c4c-c81f650ab979@group-95D7CACA124C: change Leader from null to 4f16e274-8663-4a15-9c4c-c81f650ab979 at term 1 for becomeLeader, leader elected after 64ms
2019-10-30 11:52:31,078 [4f16e274-8663-4a15-9c4c-c81f650ab979@group-95D7CACA124C-LeaderElection3] INFO  server.RaftServerConfigKeys (ConfUtils.java:logGet(43)) - raft.server.staging.catchup.gap = 1000 (default)
2019-10-30 11:52:31,078 [4f16e274-8663-4a15-9c4c-c81f650ab979@group-95D7CACA124C-LeaderElection3] INFO  server.RaftServerConfigKeys (ConfUtils.java:logGet(43)) - raft.server.rpc.sleep.time = 25ms (default)
2019-10-30 11:52:31,078 [4f16e274-8663-4a15-9c4c-c81f650ab979@group-95D7CACA124C-LeaderElection3] INFO  server.RaftServerConfigKeys (ConfUtils.java:logGet(43)) - raft.server.write.element-limit = 4096 (default)
2019-10-30 11:52:31,078 [4f16e274-8663-4a15-9c4c-c81f650ab979@group-95D7CACA124C-LeaderElection3] INFO  server.RaftServerConfigKeys (ConfUtils.java:logGet(43)) - raft.server.watch.timeout = 10s (default)
2019-10-30 11:52:31,078 [4f16e274-8663-4a15-9c4c-c81f650ab979@group-95D7CACA124C-LeaderElection3] INFO  server.RaftServerConfigKeys (ConfUtils.java:logGet(43)) - raft.server.watch.timeout.denomination = 1s (default)
2019-10-30 11:52:31,078 [4f16e274-8663-4a15-9c4c-c81f650ab979@group-95D7CACA124C-LeaderElection3] INFO  server.RaftServerConfigKeys (ConfUtils.java:logGet(43)) - raft.server.watch.element-limit = 65536 (default)
2019-10-30 11:52:31,082 [grpc-default-executor-0] INFO  impl.RaftServerProxy (RaftServerProxy.java:addNew(89)) - 9dbd5372-55c2-4532-b354-9494d3d545d2: addNew group-21BC6F026591:[9dbd5372-55c2-4532-b354-9494d3d545d2:192.168.157.220:42993] returns group-21BC6F026591:java.util.concurrent.CompletableFuture@140f368a[Not completed]
2019-10-30 11:52:31,083 [4f16e274-8663-4a15-9c4c-c81f650ab979@group-95D7CACA124C-LeaderElection3] INFO  impl.RoleInfo (RoleInfo.java:updateAndGet(143)) - 4f16e274-8663-4a15-9c4c-c81f650ab979: start LeaderState
2019-10-30 11:52:31,083 [pool-67-thread-1] INFO  impl.RaftServerImpl (RaftServerImpl.java:<init>(104)) - 9dbd5372-55c2-4532-b354-9494d3d545d2: new RaftServerImpl for group-21BC6F026591:[9dbd5372-55c2-4532-b354-9494d3d545d2:192.168.157.220:42993] with ContainerStateMachine:uninitialized
2019-10-30 11:52:31,083 [4f16e274-8663-4a15-9c4c-c81f650ab979@group-95D7CACA124C-LeaderElection3] INFO  segmented.SegmentedRaftLogWorker (SegmentedRaftLogWorker.java:startLogSegment(385)) - 4f16e274-8663-4a15-9c4c-c81f650ab979@group-95D7CACA124C-SegmentedRaftLogWorker: Starting segment from index:0
2019-10-30 11:52:31,083 [pool-67-thread-1] INFO  server.RaftServerConfigKeys (ConfUtils.java:logGet(43)) - raft.server.rpc.timeout.min = 1s (custom)
2019-10-30 11:52:31,083 [pool-67-thread-1] INFO  server.RaftServerConfigKeys (ConfUtils.java:logGet(43)) - raft.server.rpc.timeout.max = 1200ms (custom)
2019-10-30 11:52:31,083 [pool-67-thread-1] INFO  server.RaftServerConfigKeys (ConfUtils.java:logGet(43)) - raft.server.rpcslowness.timeout = 120s (custom)
2019-10-30 11:52:31,084 [4f16e274-8663-4a15-9c4c-c81f650ab979@group-95D7CACA124C-LeaderElection3] INFO  impl.RaftServerImpl (ServerState.java:setRaftConf(357)) - 4f16e274-8663-4a15-9c4c-c81f650ab979@group-95D7CACA124C: set configuration 0: [4f16e274-8663-4a15-9c4c-c81f650ab979:192.168.157.220:38181], old=null at 0
2019-10-30 11:52:31,084 [pool-67-thread-1] INFO  server.RaftServerConfigKeys (ConfUtils.java:logGet(43)) - raft.server.sleep.deviation.threshold = 300 (default)
2019-10-30 11:52:31,108 [Thread-295] INFO  impl.FollowerState (FollowerState.java:run(108)) - f26e10ed-fb17-49e6-a903-eadc130d13d1@group-99AEE0773025-FollowerState: change to CANDIDATE, lastRpcTime:235ms, electionTimeout:179ms
2019-10-30 11:52:31,108 [pool-67-thread-1] INFO  server.RaftServerConfigKeys (ConfUtils.java:logGet(43)) - raft.server.log.appender.install.snapshot.enabled = false (custom)
2019-10-30 11:52:31,108 [Thread-295] INFO  impl.RoleInfo (RoleInfo.java:shutdownFollowerState(121)) - f26e10ed-fb17-49e6-a903-eadc130d13d1: shutdown FollowerState
2019-10-30 11:52:31,108 [pool-67-thread-1] INFO  impl.RaftServerImpl (ServerState.java:<init>(103)) - 9dbd5372-55c2-4532-b354-9494d3d545d2@group-21BC6F026591: ConfigurationManager, init=-1: [9dbd5372-55c2-4532-b354-9494d3d545d2:192.168.157.220:42993], old=null, confs=<EMPTY_MAP>
2019-10-30 11:52:31,108 [Thread-295] INFO  impl.RaftServerImpl (RaftServerImpl.java:setRole(184)) - f26e10ed-fb17-49e6-a903-eadc130d13d1@group-99AEE0773025: changes role from  FOLLOWER to CANDIDATE at term 0 for changeToCandidate
2019-10-30 11:52:31,108 [pool-67-thread-1] INFO  server.RaftServerConfigKeys (ConfUtils.java:logGet(43)) - raft.server.storage.dir = [/workdir/hadoop-ozone/integration-test/target/test-dir/MiniOzoneClusterImpl-aaf233b5-8021-4449-9df2-227d87d78376/datanode-4/data/ratis] (custom)
2019-10-30 11:52:31,109 [Thread-295] INFO  impl.RoleInfo (RoleInfo.java:updateAndGet(143)) - f26e10ed-fb17-49e6-a903-eadc130d13d1: start LeaderElection
2019-10-30 11:52:31,109 [pool-67-thread-1] INFO  server.RaftServerConfigKeys (ConfUtils.java:logGet(43)) - raft.server.log.corruption.policy = EXCEPTION (default)
2019-10-30 11:52:31,111 [pool-67-thread-1] INFO  storage.RaftStorageDirectory (RaftStorageDirectory.java:analyzeStorage(246)) - The storage directory /workdir/hadoop-ozone/integration-test/target/test-dir/MiniOzoneClusterImpl-aaf233b5-8021-4449-9df2-227d87d78376/datanode-4/data/ratis/571860de-744e-4ab5-b55f-21bc6f026591 does not exist. Creating ...
2019-10-30 11:52:31,112 [4f16e274-8663-4a15-9c4c-c81f650ab979@group-95D7CACA124C-SegmentedRaftLogWorker] INFO  segmented.SegmentedRaftLogWorker (SegmentedRaftLogWorker.java:execute(576)) - 4f16e274-8663-4a15-9c4c-c81f650ab979@group-95D7CACA124C-SegmentedRaftLogWorker: created new log segment /workdir/hadoop-ozone/integration-test/target/test-dir/MiniOzoneClusterImpl-aaf233b5-8021-4449-9df2-227d87d78376/datanode-5/data/ratis/23f2881e-8446-4168-8393-95d7caca124c/current/log_inprogress_0
2019-10-30 11:52:31,114 [pool-67-thread-1] INFO  storage.RaftStorageDirectory (RaftStorageDirectory.java:tryLock(328)) - Lock on /workdir/hadoop-ozone/integration-test/target/test-dir/MiniOzoneClusterImpl-aaf233b5-8021-4449-9df2-227d87d78376/datanode-4/data/ratis/571860de-744e-4ab5-b55f-21bc6f026591/in_use.lock acquired by nodename 8701@pr-hdds-2359-w9s2w-3834556564
2019-10-30 11:52:31,114 [f26e10ed-fb17-49e6-a903-eadc130d13d1@group-99AEE0773025-LeaderElection4] INFO  impl.LeaderElection (LeaderElection.java:askForVotes(178)) - f26e10ed-fb17-49e6-a903-eadc130d13d1@group-99AEE0773025-LeaderElection4: begin an election at term 1 for -1: [f26e10ed-fb17-49e6-a903-eadc130d13d1:192.168.157.220:32806], old=null
2019-10-30 11:52:31,114 [f26e10ed-fb17-49e6-a903-eadc130d13d1@group-99AEE0773025-LeaderElection4] INFO  impl.RoleInfo (RoleInfo.java:shutdownLeaderElection(134)) - f26e10ed-fb17-49e6-a903-eadc130d13d1: shutdown LeaderElection
2019-10-30 11:52:31,115 [f26e10ed-fb17-49e6-a903-eadc130d13d1@group-99AEE0773025-LeaderElection4] INFO  impl.RaftServerImpl (RaftServerImpl.java:setRole(184)) - f26e10ed-fb17-49e6-a903-eadc130d13d1@group-99AEE0773025: changes role from CANDIDATE to LEADER at term 1 for changeToLeader
2019-10-30 11:52:31,115 [f26e10ed-fb17-49e6-a903-eadc130d13d1@group-99AEE0773025-LeaderElection4] INFO  impl.RaftServerImpl (ServerState.java:setLeader(256)) - f26e10ed-fb17-49e6-a903-eadc130d13d1@group-99AEE0773025: change Leader from null to f26e10ed-fb17-49e6-a903-eadc130d13d1 at term 1 for becomeLeader, leader elected after 251ms
2019-10-30 11:52:31,116 [f26e10ed-fb17-49e6-a903-eadc130d13d1@group-99AEE0773025-LeaderElection4] INFO  server.RaftServerConfigKeys (ConfUtils.java:logGet(43)) - raft.server.staging.catchup.gap = 1000 (default)
2019-10-30 11:52:31,116 [f26e10ed-fb17-49e6-a903-eadc130d13d1@group-99AEE0773025-LeaderElection4] INFO  server.RaftServerConfigKeys (ConfUtils.java:logGet(43)) - raft.server.rpc.sleep.time = 25ms (default)
2019-10-30 11:52:31,116 [f26e10ed-fb17-49e6-a903-eadc130d13d1@group-99AEE0773025-LeaderElection4] INFO  server.RaftServerConfigKeys (ConfUtils.java:logGet(43)) - raft.server.write.element-limit = 4096 (default)
2019-10-30 11:52:31,116 [f26e10ed-fb17-49e6-a903-eadc130d13d1@group-99AEE0773025-LeaderElection4] INFO  server.RaftServerConfigKeys (ConfUtils.java:logGet(43)) - raft.server.watch.timeout = 10s (default)
2019-10-30 11:52:31,116 [f26e10ed-fb17-49e6-a903-eadc130d13d1@group-99AEE0773025-LeaderElection4] INFO  server.RaftServerConfigKeys (ConfUtils.java:logGet(43)) - raft.server.watch.timeout.denomination = 1s (default)
2019-10-30 11:52:31,116 [f26e10ed-fb17-49e6-a903-eadc130d13d1@group-99AEE0773025-LeaderElection4] INFO  server.RaftServerConfigKeys (ConfUtils.java:logGet(43)) - raft.server.watch.element-limit = 65536 (default)
2019-10-30 11:52:31,118 [f26e10ed-fb17-49e6-a903-eadc130d13d1@group-99AEE0773025-LeaderElection4] INFO  impl.RoleInfo (RoleInfo.java:updateAndGet(143)) - f26e10ed-fb17-49e6-a903-eadc130d13d1: start LeaderState
2019-10-30 11:52:31,118 [f26e10ed-fb17-49e6-a903-eadc130d13d1@group-99AEE0773025-LeaderElection4] INFO  segmented.SegmentedRaftLogWorker (SegmentedRaftLogWorker.java:startLogSegment(385)) - f26e10ed-fb17-49e6-a903-eadc130d13d1@group-99AEE0773025-SegmentedRaftLogWorker: Starting segment from index:0
2019-10-30 11:52:31,119 [f26e10ed-fb17-49e6-a903-eadc130d13d1@group-99AEE0773025-LeaderElection4] INFO  impl.RaftServerImpl (ServerState.java:setRaftConf(357)) - f26e10ed-fb17-49e6-a903-eadc130d13d1@group-99AEE0773025: set configuration 0: [f26e10ed-fb17-49e6-a903-eadc130d13d1:192.168.157.220:32806], old=null at 0
2019-10-30 11:52:31,120 [pool-67-thread-1] INFO  storage.RaftStorage (RaftStorage.java:format(84)) - Storage directory /workdir/hadoop-ozone/integration-test/target/test-dir/MiniOzoneClusterImpl-aaf233b5-8021-4449-9df2-227d87d78376/datanode-4/data/ratis/571860de-744e-4ab5-b55f-21bc6f026591 has been successfully formatted.
2019-10-30 11:52:31,120 [pool-67-thread-1] INFO  ratis.ContainerStateMachine (ContainerStateMachine.java:loadSnapshot(231)) - group-21BC6F026591: The snapshot info is null. Setting the last applied indexto:(t:0, i:~)
2019-10-30 11:52:31,120 [pool-67-thread-1] INFO  server.RaftServerConfigKeys (ConfUtils.java:logGet(43)) - raft.server.notification.no-leader.timeout = 120s (custom)
2019-10-30 11:52:31,121 [pool-67-thread-1] INFO  server.RaftServerConfigKeys (ConfUtils.java:logGet(43)) - raft.server.log.use.memory = false (default)
2019-10-30 11:52:31,121 [pool-67-thread-1] INFO  server.RaftServerConfigKeys (ConfUtils.java:logGet(43)) - raft.server.log.purge.gap = 1000000 (custom)
2019-10-30 11:52:31,121 [pool-67-thread-1] INFO  server.RaftServerConfigKeys (ConfUtils.java:logGet(43)) - raft.server.log.appender.buffer.byte-limit = 33554432 (custom)
2019-10-30 11:52:31,121 [pool-67-thread-1] INFO  server.RaftServerConfigKeys (ConfUtils.java:logGet(43)) - raft.server.log.segment.size.max = 1048576 (custom)
2019-10-30 11:52:31,123 [pool-67-thread-1] INFO  server.RaftServerConfigKeys (ConfUtils.java:logGet(43)) - raft.server.log.segment.cache.num.max = 2 (custom)
2019-10-30 11:52:31,123 [pool-67-thread-1] INFO  segmented.SegmentedRaftLogWorker (SegmentedRaftLogWorker.java:<init>(173)) - new 9dbd5372-55c2-4532-b354-9494d3d545d2@group-21BC6F026591-SegmentedRaftLogWorker for RaftStorage:Storage Directory /workdir/hadoop-ozone/integration-test/target/test-dir/MiniOzoneClusterImpl-aaf233b5-8021-4449-9df2-227d87d78376/datanode-4/data/ratis/571860de-744e-4ab5-b55f-21bc6f026591
2019-10-30 11:52:31,123 [pool-67-thread-1] INFO  server.RaftServerConfigKeys (ConfUtils.java:logGet(43)) - raft.server.log.queue.byte-limit = 2147483647 (custom)
2019-10-30 11:52:31,123 [pool-67-thread-1] INFO  server.RaftServerConfigKeys (ConfUtils.java:logGet(43)) - raft.server.log.queue.element-limit = 1024 (custom)
2019-10-30 11:52:31,123 [pool-67-thread-1] INFO  server.RaftServerConfigKeys (ConfUtils.java:logGet(43)) - raft.server.log.segment.size.max = 1048576 (custom)
2019-10-30 11:52:31,123 [pool-67-thread-1] INFO  server.RaftServerConfigKeys (ConfUtils.java:logGet(43)) - raft.server.log.preallocated.size = 16384 (custom)
2019-10-30 11:52:31,123 [pool-67-thread-1] INFO  server.RaftServerConfigKeys (ConfUtils.java:logGet(43)) - raft.server.log.write.buffer.size = 33554432 (custom)
2019-10-30 11:52:31,123 [pool-67-thread-1] INFO  server.RaftServerConfigKeys (ConfUtils.java:logGet(43)) - raft.server.log.force.sync.num = 128 (default)
2019-10-30 11:52:31,123 [pool-67-thread-1] INFO  server.RaftServerConfigKeys (ConfUtils.java:logGet(43)) - raft.server.log.statemachine.data.sync = true (default)
2019-10-30 11:52:31,123 [pool-67-thread-1] INFO  server.RaftServerConfigKeys (ConfUtils.java:logGet(43)) - raft.server.log.statemachine.data.sync.timeout = 10s (default)
2019-10-30 11:52:31,123 [pool-67-thread-1] INFO  server.RaftServerConfigKeys (ConfUtils.java:logGet(43)) - raft.server.log.statemachine.data.sync.timeout.retry = -1 (default)
2019-10-30 11:52:31,124 [pool-67-thread-1] INFO  server.RaftServerConfigKeys (ConfUtils.java:logGet(43)) - raft.server.log.statemachine.data.caching.enabled = true (custom)
2019-10-30 11:52:31,129 [pool-67-thread-1] INFO  segmented.SegmentedRaftLogWorker (SegmentedRaftLogWorker.java:lambda$new$0(128)) - 9dbd5372-55c2-4532-b354-9494d3d545d2@group-21BC6F026591-SegmentedRaftLogWorker: flushIndex: setUnconditionally 0 -> -1
2019-10-30 11:52:31,130 [pool-67-thread-1] INFO  server.RaftServerConfigKeys (ConfUtils.java:logGet(43)) - raft.server.snapshot.auto.trigger.enabled = true (custom)
2019-10-30 11:52:31,130 [pool-67-thread-1] INFO  server.RaftServerConfigKeys (ConfUtils.java:logGet(43)) - raft.server.snapshot.auto.trigger.threshold = 10000 (custom)
2019-10-30 11:52:31,130 [pool-67-thread-1] INFO  server.RaftServerConfigKeys (ConfUtils.java:logGet(43)) - raft.server.snapshot.retention.file.num = 5 (custom)
2019-10-30 11:52:31,130 [pool-67-thread-1] INFO  server.RaftServerConfigKeys (ConfUtils.java:logGet(43)) - raft.server.retrycache.expirytime = 600000ms (custom)
2019-10-30 11:52:31,133 [pool-67-thread-1] INFO  impl.RaftServerImpl (RaftServerImpl.java:start(195)) - 9dbd5372-55c2-4532-b354-9494d3d545d2@group-21BC6F026591: start as a follower, conf=-1: [9dbd5372-55c2-4532-b354-9494d3d545d2:192.168.157.220:42993], old=null
2019-10-30 11:52:31,134 [pool-67-thread-1] INFO  impl.RaftServerImpl (RaftServerImpl.java:setRole(184)) - 9dbd5372-55c2-4532-b354-9494d3d545d2@group-21BC6F026591: changes role from      null to FOLLOWER at term 0 for startAsFollower
2019-10-30 11:52:31,134 [pool-67-thread-1] INFO  impl.RoleInfo (RoleInfo.java:updateAndGet(143)) - 9dbd5372-55c2-4532-b354-9494d3d545d2: start FollowerState
2019-10-30 11:52:31,134 [pool-67-thread-1] INFO  util.JmxRegister (JmxRegister.java:tryRegister(44)) - Successfully registered JMX Bean with object name Ratis:service=RaftServer,group=group-21BC6F026591,id=9dbd5372-55c2-4532-b354-9494d3d545d2
2019-10-30 11:52:31,152 [f26e10ed-fb17-49e6-a903-eadc130d13d1@group-99AEE0773025-SegmentedRaftLogWorker] INFO  segmented.SegmentedRaftLogWorker (SegmentedRaftLogWorker.java:execute(576)) - f26e10ed-fb17-49e6-a903-eadc130d13d1@group-99AEE0773025-SegmentedRaftLogWorker: created new log segment /workdir/hadoop-ozone/integration-test/target/test-dir/MiniOzoneClusterImpl-aaf233b5-8021-4449-9df2-227d87d78376/datanode-3/data/ratis/877a4b8d-8977-4aa4-970e-99aee0773025/current/log_inprogress_0
2019-10-30 11:52:31,157 [RatisPipelineUtilsThread] INFO  pipeline.PipelineStateManager (PipelineStateManager.java:addPipeline(56)) - Created pipeline Pipeline[ Id: 571860de-744e-4ab5-b55f-21bc6f026591, Nodes: 9dbd5372-55c2-4532-b354-9494d3d545d2{ip: 192.168.157.220, host: pr-hdds-2359-w9s2w-3834556564, networkLocation: /default-rack, certSerialId: null}, Type:RATIS, Factor:ONE, State:OPEN]
2019-10-30 11:52:31,181 [grpc-default-executor-0] INFO  impl.RaftServerProxy (RaftServerProxy.java:addNew(89)) - 9b3ef6c9-0245-4756-bf80-45d41f7a4453: addNew group-CF30666E523F:[9b3ef6c9-0245-4756-bf80-45d41f7a4453:192.168.157.220:37058] returns group-CF30666E523F:java.util.concurrent.CompletableFuture@5e18c452[Not completed]
2019-10-30 11:52:31,183 [pool-117-thread-1] INFO  impl.RaftServerImpl (RaftServerImpl.java:<init>(104)) - 9b3ef6c9-0245-4756-bf80-45d41f7a4453: new RaftServerImpl for group-CF30666E523F:[9b3ef6c9-0245-4756-bf80-45d41f7a4453:192.168.157.220:37058] with ContainerStateMachine:uninitialized
2019-10-30 11:52:31,183 [pool-117-thread-1] INFO  server.RaftServerConfigKeys (ConfUtils.java:logGet(43)) - raft.server.rpc.timeout.min = 1s (custom)
2019-10-30 11:52:31,183 [pool-117-thread-1] INFO  server.RaftServerConfigKeys (ConfUtils.java:logGet(43)) - raft.server.rpc.timeout.max = 1200ms (custom)
2019-10-30 11:52:31,183 [pool-117-thread-1] INFO  server.RaftServerConfigKeys (ConfUtils.java:logGet(43)) - raft.server.rpcslowness.timeout = 120s (custom)
2019-10-30 11:52:31,183 [pool-117-thread-1] INFO  server.RaftServerConfigKeys (ConfUtils.java:logGet(43)) - raft.server.sleep.deviation.threshold = 300 (default)
2019-10-30 11:52:31,184 [pool-117-thread-1] INFO  server.RaftServerConfigKeys (ConfUtils.java:logGet(43)) - raft.server.log.appender.install.snapshot.enabled = false (custom)
2019-10-30 11:52:31,184 [pool-117-thread-1] INFO  impl.RaftServerImpl (ServerState.java:<init>(103)) - 9b3ef6c9-0245-4756-bf80-45d41f7a4453@group-CF30666E523F: ConfigurationManager, init=-1: [9b3ef6c9-0245-4756-bf80-45d41f7a4453:192.168.157.220:37058], old=null, confs=<EMPTY_MAP>
2019-10-30 11:52:31,184 [pool-117-thread-1] INFO  server.RaftServerConfigKeys (ConfUtils.java:logGet(43)) - raft.server.storage.dir = [/workdir/hadoop-ozone/integration-test/target/test-dir/MiniOzoneClusterImpl-aaf233b5-8021-4449-9df2-227d87d78376/datanode-9/data/ratis] (custom)
2019-10-30 11:52:31,184 [pool-117-thread-1] INFO  server.RaftServerConfigKeys (ConfUtils.java:logGet(43)) - raft.server.log.corruption.policy = EXCEPTION (default)
2019-10-30 11:52:31,184 [pool-117-thread-1] INFO  storage.RaftStorageDirectory (RaftStorageDirectory.java:analyzeStorage(246)) - The storage directory /workdir/hadoop-ozone/integration-test/target/test-dir/MiniOzoneClusterImpl-aaf233b5-8021-4449-9df2-227d87d78376/datanode-9/data/ratis/141c268a-96f8-4981-b3d9-cf30666e523f does not exist. Creating ...
2019-10-30 11:52:31,194 [pool-117-thread-1] INFO  storage.RaftStorageDirectory (RaftStorageDirectory.java:tryLock(328)) - Lock on /workdir/hadoop-ozone/integration-test/target/test-dir/MiniOzoneClusterImpl-aaf233b5-8021-4449-9df2-227d87d78376/datanode-9/data/ratis/141c268a-96f8-4981-b3d9-cf30666e523f/in_use.lock acquired by nodename 8701@pr-hdds-2359-w9s2w-3834556564
2019-10-30 11:52:31,198 [Thread-305] INFO  impl.FollowerState (FollowerState.java:run(108)) - 9dbd5372-55c2-4532-b354-9494d3d545d2@group-21BC6F026591-FollowerState: change to CANDIDATE, lastRpcTime:64ms, electionTimeout:64ms
2019-10-30 11:52:31,199 [Thread-305] INFO  impl.RoleInfo (RoleInfo.java:shutdownFollowerState(121)) - 9dbd5372-55c2-4532-b354-9494d3d545d2: shutdown FollowerState
2019-10-30 11:52:31,199 [Thread-305] INFO  impl.RaftServerImpl (RaftServerImpl.java:setRole(184)) - 9dbd5372-55c2-4532-b354-9494d3d545d2@group-21BC6F026591: changes role from  FOLLOWER to CANDIDATE at term 0 for changeToCandidate
2019-10-30 11:52:31,199 [Thread-305] INFO  impl.RoleInfo (RoleInfo.java:updateAndGet(143)) - 9dbd5372-55c2-4532-b354-9494d3d545d2: start LeaderElection
2019-10-30 11:52:31,207 [pool-117-thread-1] INFO  storage.RaftStorage (RaftStorage.java:format(84)) - Storage directory /workdir/hadoop-ozone/integration-test/target/test-dir/MiniOzoneClusterImpl-aaf233b5-8021-4449-9df2-227d87d78376/datanode-9/data/ratis/141c268a-96f8-4981-b3d9-cf30666e523f has been successfully formatted.
2019-10-30 11:52:31,207 [9dbd5372-55c2-4532-b354-9494d3d545d2@group-21BC6F026591-LeaderElection5] INFO  impl.LeaderElection (LeaderElection.java:askForVotes(178)) - 9dbd5372-55c2-4532-b354-9494d3d545d2@group-21BC6F026591-LeaderElection5: begin an election at term 1 for -1: [9dbd5372-55c2-4532-b354-9494d3d545d2:192.168.157.220:42993], old=null
2019-10-30 11:52:31,207 [pool-117-thread-1] INFO  ratis.ContainerStateMachine (ContainerStateMachine.java:loadSnapshot(231)) - group-CF30666E523F: The snapshot info is null. Setting the last applied indexto:(t:0, i:~)
2019-10-30 11:52:31,207 [9dbd5372-55c2-4532-b354-9494d3d545d2@group-21BC6F026591-LeaderElection5] INFO  impl.RoleInfo (RoleInfo.java:shutdownLeaderElection(134)) - 9dbd5372-55c2-4532-b354-9494d3d545d2: shutdown LeaderElection
2019-10-30 11:52:31,207 [pool-117-thread-1] INFO  server.RaftServerConfigKeys (ConfUtils.java:logGet(43)) - raft.server.notification.no-leader.timeout = 120s (custom)
2019-10-30 11:52:31,208 [9dbd5372-55c2-4532-b354-9494d3d545d2@group-21BC6F026591-LeaderElection5] INFO  impl.RaftServerImpl (RaftServerImpl.java:setRole(184)) - 9dbd5372-55c2-4532-b354-9494d3d545d2@group-21BC6F026591: changes role from CANDIDATE to LEADER at term 1 for changeToLeader
2019-10-30 11:52:31,208 [pool-117-thread-1] INFO  server.RaftServerConfigKeys (ConfUtils.java:logGet(43)) - raft.server.log.use.memory = false (default)
2019-10-30 11:52:31,208 [9dbd5372-55c2-4532-b354-9494d3d545d2@group-21BC6F026591-LeaderElection5] INFO  impl.RaftServerImpl (ServerState.java:setLeader(256)) - 9dbd5372-55c2-4532-b354-9494d3d545d2@group-21BC6F026591: change Leader from null to 9dbd5372-55c2-4532-b354-9494d3d545d2 at term 1 for becomeLeader, leader elected after 87ms
2019-10-30 11:52:31,208 [pool-117-thread-1] INFO  server.RaftServerConfigKeys (ConfUtils.java:logGet(43)) - raft.server.log.purge.gap = 1000000 (custom)
2019-10-30 11:52:31,209 [9dbd5372-55c2-4532-b354-9494d3d545d2@group-21BC6F026591-LeaderElection5] INFO  server.RaftServerConfigKeys (ConfUtils.java:logGet(43)) - raft.server.staging.catchup.gap = 1000 (default)
2019-10-30 11:52:31,209 [pool-117-thread-1] INFO  server.RaftServerConfigKeys (ConfUtils.java:logGet(43)) - raft.server.log.appender.buffer.byte-limit = 33554432 (custom)
2019-10-30 11:52:31,210 [9dbd5372-55c2-4532-b354-9494d3d545d2@group-21BC6F026591-LeaderElection5] INFO  server.RaftServerConfigKeys (ConfUtils.java:logGet(43)) - raft.server.rpc.sleep.time = 25ms (default)
2019-10-30 11:52:31,210 [pool-117-thread-1] INFO  server.RaftServerConfigKeys (ConfUtils.java:logGet(43)) - raft.server.log.segment.size.max = 1048576 (custom)
2019-10-30 11:52:31,210 [9dbd5372-55c2-4532-b354-9494d3d545d2@group-21BC6F026591-LeaderElection5] INFO  server.RaftServerConfigKeys (ConfUtils.java:logGet(43)) - raft.server.write.element-limit = 4096 (default)
2019-10-30 11:52:31,210 [9dbd5372-55c2-4532-b354-9494d3d545d2@group-21BC6F026591-LeaderElection5] INFO  server.RaftServerConfigKeys (ConfUtils.java:logGet(43)) - raft.server.watch.timeout = 10s (default)
2019-10-30 11:52:31,210 [9dbd5372-55c2-4532-b354-9494d3d545d2@group-21BC6F026591-LeaderElection5] INFO  server.RaftServerConfigKeys (ConfUtils.java:logGet(43)) - raft.server.watch.timeout.denomination = 1s (default)
2019-10-30 11:52:31,210 [9dbd5372-55c2-4532-b354-9494d3d545d2@group-21BC6F026591-LeaderElection5] INFO  server.RaftServerConfigKeys (ConfUtils.java:logGet(43)) - raft.server.watch.element-limit = 65536 (default)
2019-10-30 11:52:31,212 [pool-117-thread-1] INFO  server.RaftServerConfigKeys (ConfUtils.java:logGet(43)) - raft.server.log.segment.cache.num.max = 2 (custom)
2019-10-30 11:52:31,213 [pool-117-thread-1] INFO  segmented.SegmentedRaftLogWorker (SegmentedRaftLogWorker.java:<init>(173)) - new 9b3ef6c9-0245-4756-bf80-45d41f7a4453@group-CF30666E523F-SegmentedRaftLogWorker for RaftStorage:Storage Directory /workdir/hadoop-ozone/integration-test/target/test-dir/MiniOzoneClusterImpl-aaf233b5-8021-4449-9df2-227d87d78376/datanode-9/data/ratis/141c268a-96f8-4981-b3d9-cf30666e523f
2019-10-30 11:52:31,213 [pool-117-thread-1] INFO  server.RaftServerConfigKeys (ConfUtils.java:logGet(43)) - raft.server.log.queue.byte-limit = 2147483647 (custom)
2019-10-30 11:52:31,213 [pool-117-thread-1] INFO  server.RaftServerConfigKeys (ConfUtils.java:logGet(43)) - raft.server.log.queue.element-limit = 1024 (custom)
2019-10-30 11:52:31,213 [pool-117-thread-1] INFO  server.RaftServerConfigKeys (ConfUtils.java:logGet(43)) - raft.server.log.segment.size.max = 1048576 (custom)
2019-10-30 11:52:31,213 [9dbd5372-55c2-4532-b354-9494d3d545d2@group-21BC6F026591-LeaderElection5] INFO  impl.RoleInfo (RoleInfo.java:updateAndGet(143)) - 9dbd5372-55c2-4532-b354-9494d3d545d2: start LeaderState
2019-10-30 11:52:31,213 [pool-117-thread-1] INFO  server.RaftServerConfigKeys (ConfUtils.java:logGet(43)) - raft.server.log.preallocated.size = 16384 (custom)
2019-10-30 11:52:31,213 [pool-117-thread-1] INFO  server.RaftServerConfigKeys (ConfUtils.java:logGet(43)) - raft.server.log.write.buffer.size = 33554432 (custom)
2019-10-30 11:52:31,213 [pool-117-thread-1] INFO  server.RaftServerConfigKeys (ConfUtils.java:logGet(43)) - raft.server.log.force.sync.num = 128 (default)
2019-10-30 11:52:31,214 [pool-117-thread-1] INFO  server.RaftServerConfigKeys (ConfUtils.java:logGet(43)) - raft.server.log.statemachine.data.sync = true (default)
2019-10-30 11:52:31,214 [9dbd5372-55c2-4532-b354-9494d3d545d2@group-21BC6F026591-LeaderElection5] INFO  segmented.SegmentedRaftLogWorker (SegmentedRaftLogWorker.java:startLogSegment(385)) - 9dbd5372-55c2-4532-b354-9494d3d545d2@group-21BC6F026591-SegmentedRaftLogWorker: Starting segment from index:0
2019-10-30 11:52:31,214 [pool-117-thread-1] INFO  server.RaftServerConfigKeys (ConfUtils.java:logGet(43)) - raft.server.log.statemachine.data.sync.timeout = 10s (default)
2019-10-30 11:52:31,214 [pool-117-thread-1] INFO  server.RaftServerConfigKeys (ConfUtils.java:logGet(43)) - raft.server.log.statemachine.data.sync.timeout.retry = -1 (default)
2019-10-30 11:52:31,214 [9dbd5372-55c2-4532-b354-9494d3d545d2@group-21BC6F026591-LeaderElection5] INFO  impl.RaftServerImpl (ServerState.java:setRaftConf(357)) - 9dbd5372-55c2-4532-b354-9494d3d545d2@group-21BC6F026591: set configuration 0: [9dbd5372-55c2-4532-b354-9494d3d545d2:192.168.157.220:42993], old=null at 0
2019-10-30 11:52:31,238 [pool-117-thread-1] INFO  server.RaftServerConfigKeys (ConfUtils.java:logGet(43)) - raft.server.log.statemachine.data.caching.enabled = true (custom)
2019-10-30 11:52:31,239 [pool-117-thread-1] INFO  segmented.SegmentedRaftLogWorker (SegmentedRaftLogWorker.java:lambda$new$0(128)) - 9b3ef6c9-0245-4756-bf80-45d41f7a4453@group-CF30666E523F-SegmentedRaftLogWorker: flushIndex: setUnconditionally 0 -> -1
2019-10-30 11:52:31,239 [pool-117-thread-1] INFO  server.RaftServerConfigKeys (ConfUtils.java:logGet(43)) - raft.server.snapshot.auto.trigger.enabled = true (custom)
2019-10-30 11:52:31,239 [pool-117-thread-1] INFO  server.RaftServerConfigKeys (ConfUtils.java:logGet(43)) - raft.server.snapshot.auto.trigger.threshold = 10000 (custom)
2019-10-30 11:52:31,239 [pool-117-thread-1] INFO  server.RaftServerConfigKeys (ConfUtils.java:logGet(43)) - raft.server.snapshot.retention.file.num = 5 (custom)
2019-10-30 11:52:31,239 [pool-117-thread-1] INFO  server.RaftServerConfigKeys (ConfUtils.java:logGet(43)) - raft.server.retrycache.expirytime = 600000ms (custom)
2019-10-30 11:52:31,243 [pool-117-thread-1] INFO  impl.RaftServerImpl (RaftServerImpl.java:start(195)) - 9b3ef6c9-0245-4756-bf80-45d41f7a4453@group-CF30666E523F: start as a follower, conf=-1: [9b3ef6c9-0245-4756-bf80-45d41f7a4453:192.168.157.220:37058], old=null
2019-10-30 11:52:31,243 [pool-117-thread-1] INFO  impl.RaftServerImpl (RaftServerImpl.java:setRole(184)) - 9b3ef6c9-0245-4756-bf80-45d41f7a4453@group-CF30666E523F: changes role from      null to FOLLOWER at term 0 for startAsFollower
2019-10-30 11:52:31,244 [pool-117-thread-1] INFO  impl.RoleInfo (RoleInfo.java:updateAndGet(143)) - 9b3ef6c9-0245-4756-bf80-45d41f7a4453: start FollowerState
2019-10-30 11:52:31,244 [pool-117-thread-1] INFO  util.JmxRegister (JmxRegister.java:tryRegister(44)) - Successfully registered JMX Bean with object name Ratis:service=RaftServer,group=group-CF30666E523F,id=9b3ef6c9-0245-4756-bf80-45d41f7a4453
2019-10-30 11:52:31,247 [9dbd5372-55c2-4532-b354-9494d3d545d2@group-21BC6F026591-SegmentedRaftLogWorker] INFO  segmented.SegmentedRaftLogWorker (SegmentedRaftLogWorker.java:execute(576)) - 9dbd5372-55c2-4532-b354-9494d3d545d2@group-21BC6F026591-SegmentedRaftLogWorker: created new log segment /workdir/hadoop-ozone/integration-test/target/test-dir/MiniOzoneClusterImpl-aaf233b5-8021-4449-9df2-227d87d78376/datanode-4/data/ratis/571860de-744e-4ab5-b55f-21bc6f026591/current/log_inprogress_0
2019-10-30 11:52:31,257 [RatisPipelineUtilsThread] INFO  pipeline.PipelineStateManager (PipelineStateManager.java:addPipeline(56)) - Created pipeline Pipeline[ Id: 141c268a-96f8-4981-b3d9-cf30666e523f, Nodes: 9b3ef6c9-0245-4756-bf80-45d41f7a4453{ip: 192.168.157.220, host: pr-hdds-2359-w9s2w-3834556564, networkLocation: /default-rack, certSerialId: null}, Type:RATIS, Factor:ONE, State:OPEN]
2019-10-30 11:52:31,270 [grpc-default-executor-0] INFO  impl.RaftServerProxy (RaftServerProxy.java:addNew(89)) - cd11b2f5-3187-4d03-bd60-931991550c17: addNew group-9E196F3EDD32:[cd11b2f5-3187-4d03-bd60-931991550c17:192.168.157.220:43236] returns group-9E196F3EDD32:java.util.concurrent.CompletableFuture@348b461[Not completed]
2019-10-30 11:52:31,271 [pool-47-thread-1] INFO  impl.RaftServerImpl (RaftServerImpl.java:<init>(104)) - cd11b2f5-3187-4d03-bd60-931991550c17: new RaftServerImpl for group-9E196F3EDD32:[cd11b2f5-3187-4d03-bd60-931991550c17:192.168.157.220:43236] with ContainerStateMachine:uninitialized
2019-10-30 11:52:31,271 [pool-47-thread-1] INFO  server.RaftServerConfigKeys (ConfUtils.java:logGet(43)) - raft.server.rpc.timeout.min = 1s (custom)
2019-10-30 11:52:31,271 [pool-47-thread-1] INFO  server.RaftServerConfigKeys (ConfUtils.java:logGet(43)) - raft.server.rpc.timeout.max = 1200ms (custom)
2019-10-30 11:52:31,271 [pool-47-thread-1] INFO  server.RaftServerConfigKeys (ConfUtils.java:logGet(43)) - raft.server.rpcslowness.timeout = 120s (custom)
2019-10-30 11:52:31,271 [pool-47-thread-1] INFO  server.RaftServerConfigKeys (ConfUtils.java:logGet(43)) - raft.server.sleep.deviation.threshold = 300 (default)
2019-10-30 11:52:31,271 [pool-47-thread-1] INFO  server.RaftServerConfigKeys (ConfUtils.java:logGet(43)) - raft.server.log.appender.install.snapshot.enabled = false (custom)
2019-10-30 11:52:31,271 [pool-47-thread-1] INFO  impl.RaftServerImpl (ServerState.java:<init>(103)) - cd11b2f5-3187-4d03-bd60-931991550c17@group-9E196F3EDD32: ConfigurationManager, init=-1: [cd11b2f5-3187-4d03-bd60-931991550c17:192.168.157.220:43236], old=null, confs=<EMPTY_MAP>
2019-10-30 11:52:31,272 [pool-47-thread-1] INFO  server.RaftServerConfigKeys (ConfUtils.java:logGet(43)) - raft.server.storage.dir = [/workdir/hadoop-ozone/integration-test/target/test-dir/MiniOzoneClusterImpl-aaf233b5-8021-4449-9df2-227d87d78376/datanode-2/data/ratis] (custom)
2019-10-30 11:52:31,272 [pool-47-thread-1] INFO  server.RaftServerConfigKeys (ConfUtils.java:logGet(43)) - raft.server.log.corruption.policy = EXCEPTION (default)
2019-10-30 11:52:31,272 [pool-47-thread-1] INFO  storage.RaftStorageDirectory (RaftStorageDirectory.java:analyzeStorage(246)) - The storage directory /workdir/hadoop-ozone/integration-test/target/test-dir/MiniOzoneClusterImpl-aaf233b5-8021-4449-9df2-227d87d78376/datanode-2/data/ratis/e761d0c6-c453-4109-b74a-9e196f3edd32 does not exist. Creating ...
2019-10-30 11:52:31,276 [pool-47-thread-1] INFO  storage.RaftStorageDirectory (RaftStorageDirectory.java:tryLock(328)) - Lock on /workdir/hadoop-ozone/integration-test/target/test-dir/MiniOzoneClusterImpl-aaf233b5-8021-4449-9df2-227d87d78376/datanode-2/data/ratis/e761d0c6-c453-4109-b74a-9e196f3edd32/in_use.lock acquired by nodename 8701@pr-hdds-2359-w9s2w-3834556564
2019-10-30 11:52:31,279 [pool-47-thread-1] INFO  storage.RaftStorage (RaftStorage.java:format(84)) - Storage directory /workdir/hadoop-ozone/integration-test/target/test-dir/MiniOzoneClusterImpl-aaf233b5-8021-4449-9df2-227d87d78376/datanode-2/data/ratis/e761d0c6-c453-4109-b74a-9e196f3edd32 has been successfully formatted.
2019-10-30 11:52:31,279 [pool-47-thread-1] INFO  ratis.ContainerStateMachine (ContainerStateMachine.java:loadSnapshot(231)) - group-9E196F3EDD32: The snapshot info is null. Setting the last applied indexto:(t:0, i:~)
2019-10-30 11:52:31,279 [pool-47-thread-1] INFO  server.RaftServerConfigKeys (ConfUtils.java:logGet(43)) - raft.server.notification.no-leader.timeout = 120s (custom)
2019-10-30 11:52:31,279 [pool-47-thread-1] INFO  server.RaftServerConfigKeys (ConfUtils.java:logGet(43)) - raft.server.log.use.memory = false (default)
2019-10-30 11:52:31,280 [pool-47-thread-1] INFO  server.RaftServerConfigKeys (ConfUtils.java:logGet(43)) - raft.server.log.purge.gap = 1000000 (custom)
2019-10-30 11:52:31,280 [pool-47-thread-1] INFO  server.RaftServerConfigKeys (ConfUtils.java:logGet(43)) - raft.server.log.appender.buffer.byte-limit = 33554432 (custom)
2019-10-30 11:52:31,280 [pool-47-thread-1] INFO  server.RaftServerConfigKeys (ConfUtils.java:logGet(43)) - raft.server.log.segment.size.max = 1048576 (custom)
2019-10-30 11:52:31,282 [pool-47-thread-1] INFO  server.RaftServerConfigKeys (ConfUtils.java:logGet(43)) - raft.server.log.segment.cache.num.max = 2 (custom)
2019-10-30 11:52:31,282 [pool-47-thread-1] INFO  segmented.SegmentedRaftLogWorker (SegmentedRaftLogWorker.java:<init>(173)) - new cd11b2f5-3187-4d03-bd60-931991550c17@group-9E196F3EDD32-SegmentedRaftLogWorker for RaftStorage:Storage Directory /workdir/hadoop-ozone/integration-test/target/test-dir/MiniOzoneClusterImpl-aaf233b5-8021-4449-9df2-227d87d78376/datanode-2/data/ratis/e761d0c6-c453-4109-b74a-9e196f3edd32
2019-10-30 11:52:31,283 [pool-47-thread-1] INFO  server.RaftServerConfigKeys (ConfUtils.java:logGet(43)) - raft.server.log.queue.byte-limit = 2147483647 (custom)
2019-10-30 11:52:31,283 [pool-47-thread-1] INFO  server.RaftServerConfigKeys (ConfUtils.java:logGet(43)) - raft.server.log.queue.element-limit = 1024 (custom)
2019-10-30 11:52:31,283 [pool-47-thread-1] INFO  server.RaftServerConfigKeys (ConfUtils.java:logGet(43)) - raft.server.log.segment.size.max = 1048576 (custom)
2019-10-30 11:52:31,283 [pool-47-thread-1] INFO  server.RaftServerConfigKeys (ConfUtils.java:logGet(43)) - raft.server.log.preallocated.size = 16384 (custom)
2019-10-30 11:52:31,283 [pool-47-thread-1] INFO  server.RaftServerConfigKeys (ConfUtils.java:logGet(43)) - raft.server.log.write.buffer.size = 33554432 (custom)
2019-10-30 11:52:31,283 [pool-47-thread-1] INFO  server.RaftServerConfigKeys (ConfUtils.java:logGet(43)) - raft.server.log.force.sync.num = 128 (default)
2019-10-30 11:52:31,283 [pool-47-thread-1] INFO  server.RaftServerConfigKeys (ConfUtils.java:logGet(43)) - raft.server.log.statemachine.data.sync = true (default)
2019-10-30 11:52:31,283 [pool-47-thread-1] INFO  server.RaftServerConfigKeys (ConfUtils.java:logGet(43)) - raft.server.log.statemachine.data.sync.timeout = 10s (default)
2019-10-30 11:52:31,283 [pool-47-thread-1] INFO  server.RaftServerConfigKeys (ConfUtils.java:logGet(43)) - raft.server.log.statemachine.data.sync.timeout.retry = -1 (default)
2019-10-30 11:52:31,284 [pool-47-thread-1] INFO  server.RaftServerConfigKeys (ConfUtils.java:logGet(43)) - raft.server.log.statemachine.data.caching.enabled = true (custom)
2019-10-30 11:52:31,284 [pool-47-thread-1] INFO  segmented.SegmentedRaftLogWorker (SegmentedRaftLogWorker.java:lambda$new$0(128)) - cd11b2f5-3187-4d03-bd60-931991550c17@group-9E196F3EDD32-SegmentedRaftLogWorker: flushIndex: setUnconditionally 0 -> -1
2019-10-30 11:52:31,284 [pool-47-thread-1] INFO  server.RaftServerConfigKeys (ConfUtils.java:logGet(43)) - raft.server.snapshot.auto.trigger.enabled = true (custom)
2019-10-30 11:52:31,284 [pool-47-thread-1] INFO  server.RaftServerConfigKeys (ConfUtils.java:logGet(43)) - raft.server.snapshot.auto.trigger.threshold = 10000 (custom)
2019-10-30 11:52:31,284 [pool-47-thread-1] INFO  server.RaftServerConfigKeys (ConfUtils.java:logGet(43)) - raft.server.snapshot.retention.file.num = 5 (custom)
2019-10-30 11:52:31,285 [pool-47-thread-1] INFO  server.RaftServerConfigKeys (ConfUtils.java:logGet(43)) - raft.server.retrycache.expirytime = 600000ms (custom)
2019-10-30 11:52:31,287 [pool-47-thread-1] INFO  impl.RaftServerImpl (RaftServerImpl.java:start(195)) - cd11b2f5-3187-4d03-bd60-931991550c17@group-9E196F3EDD32: start as a follower, conf=-1: [cd11b2f5-3187-4d03-bd60-931991550c17:192.168.157.220:43236], old=null
2019-10-30 11:52:31,287 [pool-47-thread-1] INFO  impl.RaftServerImpl (RaftServerImpl.java:setRole(184)) - cd11b2f5-3187-4d03-bd60-931991550c17@group-9E196F3EDD32: changes role from      null to FOLLOWER at term 0 for startAsFollower
2019-10-30 11:52:31,288 [pool-47-thread-1] INFO  impl.RoleInfo (RoleInfo.java:updateAndGet(143)) - cd11b2f5-3187-4d03-bd60-931991550c17: start FollowerState
2019-10-30 11:52:31,288 [pool-47-thread-1] INFO  util.JmxRegister (JmxRegister.java:tryRegister(44)) - Successfully registered JMX Bean with object name Ratis:service=RaftServer,group=group-9E196F3EDD32,id=cd11b2f5-3187-4d03-bd60-931991550c17
2019-10-30 11:52:31,302 [RatisPipelineUtilsThread] INFO  pipeline.PipelineStateManager (PipelineStateManager.java:addPipeline(56)) - Created pipeline Pipeline[ Id: e761d0c6-c453-4109-b74a-9e196f3edd32, Nodes: cd11b2f5-3187-4d03-bd60-931991550c17{ip: 192.168.157.220, host: pr-hdds-2359-w9s2w-3834556564, networkLocation: /default-rack, certSerialId: null}, Type:RATIS, Factor:ONE, State:OPEN]
2019-10-30 11:52:31,314 [grpc-default-executor-0] INFO  impl.RaftServerProxy (RaftServerProxy.java:addNew(89)) - a12d6b9e-ec23-449e-8b58-135e3e67eb04: addNew group-F4754498887B:[a12d6b9e-ec23-449e-8b58-135e3e67eb04:192.168.157.220:40337] returns group-F4754498887B:java.util.concurrent.CompletableFuture@32ca11ee[Not completed]
2019-10-30 11:52:31,315 [pool-107-thread-1] INFO  impl.RaftServerImpl (RaftServerImpl.java:<init>(104)) - a12d6b9e-ec23-449e-8b58-135e3e67eb04: new RaftServerImpl for group-F4754498887B:[a12d6b9e-ec23-449e-8b58-135e3e67eb04:192.168.157.220:40337] with ContainerStateMachine:uninitialized
2019-10-30 11:52:31,315 [pool-107-thread-1] INFO  server.RaftServerConfigKeys (ConfUtils.java:logGet(43)) - raft.server.rpc.timeout.min = 1s (custom)
2019-10-30 11:52:31,315 [pool-107-thread-1] INFO  server.RaftServerConfigKeys (ConfUtils.java:logGet(43)) - raft.server.rpc.timeout.max = 1200ms (custom)
2019-10-30 11:52:31,315 [pool-107-thread-1] INFO  server.RaftServerConfigKeys (ConfUtils.java:logGet(43)) - raft.server.rpcslowness.timeout = 120s (custom)
2019-10-30 11:52:31,316 [pool-107-thread-1] INFO  server.RaftServerConfigKeys (ConfUtils.java:logGet(43)) - raft.server.sleep.deviation.threshold = 300 (default)
2019-10-30 11:52:31,316 [pool-107-thread-1] INFO  server.RaftServerConfigKeys (ConfUtils.java:logGet(43)) - raft.server.log.appender.install.snapshot.enabled = false (custom)
2019-10-30 11:52:31,316 [pool-107-thread-1] INFO  impl.RaftServerImpl (ServerState.java:<init>(103)) - a12d6b9e-ec23-449e-8b58-135e3e67eb04@group-F4754498887B: ConfigurationManager, init=-1: [a12d6b9e-ec23-449e-8b58-135e3e67eb04:192.168.157.220:40337], old=null, confs=<EMPTY_MAP>
2019-10-30 11:52:31,316 [pool-107-thread-1] INFO  server.RaftServerConfigKeys (ConfUtils.java:logGet(43)) - raft.server.storage.dir = [/workdir/hadoop-ozone/integration-test/target/test-dir/MiniOzoneClusterImpl-aaf233b5-8021-4449-9df2-227d87d78376/datanode-8/data/ratis] (custom)
2019-10-30 11:52:31,316 [pool-107-thread-1] INFO  server.RaftServerConfigKeys (ConfUtils.java:logGet(43)) - raft.server.log.corruption.policy = EXCEPTION (default)
2019-10-30 11:52:31,316 [pool-107-thread-1] INFO  storage.RaftStorageDirectory (RaftStorageDirectory.java:analyzeStorage(246)) - The storage directory /workdir/hadoop-ozone/integration-test/target/test-dir/MiniOzoneClusterImpl-aaf233b5-8021-4449-9df2-227d87d78376/datanode-8/data/ratis/ffa3f99c-e643-468f-9118-f4754498887b does not exist. Creating ...
2019-10-30 11:52:31,322 [Thread-310] INFO  impl.FollowerState (FollowerState.java:run(108)) - 9b3ef6c9-0245-4756-bf80-45d41f7a4453@group-CF30666E523F-FollowerState: change to CANDIDATE, lastRpcTime:78ms, electionTimeout:78ms
2019-10-30 11:52:31,322 [Thread-310] INFO  impl.RoleInfo (RoleInfo.java:shutdownFollowerState(121)) - 9b3ef6c9-0245-4756-bf80-45d41f7a4453: shutdown FollowerState
2019-10-30 11:52:31,322 [Thread-310] INFO  impl.RaftServerImpl (RaftServerImpl.java:setRole(184)) - 9b3ef6c9-0245-4756-bf80-45d41f7a4453@group-CF30666E523F: changes role from  FOLLOWER to CANDIDATE at term 0 for changeToCandidate
2019-10-30 11:52:31,322 [Thread-310] INFO  impl.RoleInfo (RoleInfo.java:updateAndGet(143)) - 9b3ef6c9-0245-4756-bf80-45d41f7a4453: start LeaderElection
2019-10-30 11:52:31,326 [pool-107-thread-1] INFO  storage.RaftStorageDirectory (RaftStorageDirectory.java:tryLock(328)) - Lock on /workdir/hadoop-ozone/integration-test/target/test-dir/MiniOzoneClusterImpl-aaf233b5-8021-4449-9df2-227d87d78376/datanode-8/data/ratis/ffa3f99c-e643-468f-9118-f4754498887b/in_use.lock acquired by nodename 8701@pr-hdds-2359-w9s2w-3834556564
2019-10-30 11:52:31,330 [pool-107-thread-1] INFO  storage.RaftStorage (RaftStorage.java:format(84)) - Storage directory /workdir/hadoop-ozone/integration-test/target/test-dir/MiniOzoneClusterImpl-aaf233b5-8021-4449-9df2-227d87d78376/datanode-8/data/ratis/ffa3f99c-e643-468f-9118-f4754498887b has been successfully formatted.
2019-10-30 11:52:31,330 [9b3ef6c9-0245-4756-bf80-45d41f7a4453@group-CF30666E523F-LeaderElection6] INFO  impl.LeaderElection (LeaderElection.java:askForVotes(178)) - 9b3ef6c9-0245-4756-bf80-45d41f7a4453@group-CF30666E523F-LeaderElection6: begin an election at term 1 for -1: [9b3ef6c9-0245-4756-bf80-45d41f7a4453:192.168.157.220:37058], old=null
2019-10-30 11:52:31,330 [pool-107-thread-1] INFO  ratis.ContainerStateMachine (ContainerStateMachine.java:loadSnapshot(231)) - group-F4754498887B: The snapshot info is null. Setting the last applied indexto:(t:0, i:~)
2019-10-30 11:52:31,330 [9b3ef6c9-0245-4756-bf80-45d41f7a4453@group-CF30666E523F-LeaderElection6] INFO  impl.RoleInfo (RoleInfo.java:shutdownLeaderElection(134)) - 9b3ef6c9-0245-4756-bf80-45d41f7a4453: shutdown LeaderElection
2019-10-30 11:52:31,330 [pool-107-thread-1] INFO  server.RaftServerConfigKeys (ConfUtils.java:logGet(43)) - raft.server.notification.no-leader.timeout = 120s (custom)
2019-10-30 11:52:31,330 [9b3ef6c9-0245-4756-bf80-45d41f7a4453@group-CF30666E523F-LeaderElection6] INFO  impl.RaftServerImpl (RaftServerImpl.java:setRole(184)) - 9b3ef6c9-0245-4756-bf80-45d41f7a4453@group-CF30666E523F: changes role from CANDIDATE to LEADER at term 1 for changeToLeader
2019-10-30 11:52:31,330 [9b3ef6c9-0245-4756-bf80-45d41f7a4453@group-CF30666E523F-LeaderElection6] INFO  impl.RaftServerImpl (ServerState.java:setLeader(256)) - 9b3ef6c9-0245-4756-bf80-45d41f7a4453@group-CF30666E523F: change Leader from null to 9b3ef6c9-0245-4756-bf80-45d41f7a4453 at term 1 for becomeLeader, leader elected after 122ms
2019-10-30 11:52:31,330 [pool-107-thread-1] INFO  server.RaftServerConfigKeys (ConfUtils.java:logGet(43)) - raft.server.log.use.memory = false (default)
2019-10-30 11:52:31,332 [9b3ef6c9-0245-4756-bf80-45d41f7a4453@group-CF30666E523F-LeaderElection6] INFO  server.RaftServerConfigKeys (ConfUtils.java:logGet(43)) - raft.server.staging.catchup.gap = 1000 (default)
2019-10-30 11:52:31,332 [pool-107-thread-1] INFO  server.RaftServerConfigKeys (ConfUtils.java:logGet(43)) - raft.server.log.purge.gap = 1000000 (custom)
2019-10-30 11:52:31,332 [9b3ef6c9-0245-4756-bf80-45d41f7a4453@group-CF30666E523F-LeaderElection6] INFO  server.RaftServerConfigKeys (ConfUtils.java:logGet(43)) - raft.server.rpc.sleep.time = 25ms (default)
2019-10-30 11:52:31,332 [pool-107-thread-1] INFO  server.RaftServerConfigKeys (ConfUtils.java:logGet(43)) - raft.server.log.appender.buffer.byte-limit = 33554432 (custom)
2019-10-30 11:52:31,333 [9b3ef6c9-0245-4756-bf80-45d41f7a4453@group-CF30666E523F-LeaderElection6] INFO  server.RaftServerConfigKeys (ConfUtils.java:logGet(43)) - raft.server.write.element-limit = 4096 (default)
2019-10-30 11:52:31,333 [pool-107-thread-1] INFO  server.RaftServerConfigKeys (ConfUtils.java:logGet(43)) - raft.server.log.segment.size.max = 1048576 (custom)
2019-10-30 11:52:31,333 [9b3ef6c9-0245-4756-bf80-45d41f7a4453@group-CF30666E523F-LeaderElection6] INFO  server.RaftServerConfigKeys (ConfUtils.java:logGet(43)) - raft.server.watch.timeout = 10s (default)
2019-10-30 11:52:31,334 [9b3ef6c9-0245-4756-bf80-45d41f7a4453@group-CF30666E523F-LeaderElection6] INFO  server.RaftServerConfigKeys (ConfUtils.java:logGet(43)) - raft.server.watch.timeout.denomination = 1s (default)
2019-10-30 11:52:31,334 [9b3ef6c9-0245-4756-bf80-45d41f7a4453@group-CF30666E523F-LeaderElection6] INFO  server.RaftServerConfigKeys (ConfUtils.java:logGet(43)) - raft.server.watch.element-limit = 65536 (default)
2019-10-30 11:52:31,337 [pool-107-thread-1] INFO  server.RaftServerConfigKeys (ConfUtils.java:logGet(43)) - raft.server.log.segment.cache.num.max = 2 (custom)
2019-10-30 11:52:31,337 [pool-107-thread-1] INFO  segmented.SegmentedRaftLogWorker (SegmentedRaftLogWorker.java:<init>(173)) - new a12d6b9e-ec23-449e-8b58-135e3e67eb04@group-F4754498887B-SegmentedRaftLogWorker for RaftStorage:Storage Directory /workdir/hadoop-ozone/integration-test/target/test-dir/MiniOzoneClusterImpl-aaf233b5-8021-4449-9df2-227d87d78376/datanode-8/data/ratis/ffa3f99c-e643-468f-9118-f4754498887b
2019-10-30 11:52:31,338 [pool-107-thread-1] INFO  server.RaftServerConfigKeys (ConfUtils.java:logGet(43)) - raft.server.log.queue.byte-limit = 2147483647 (custom)
2019-10-30 11:52:31,339 [pool-107-thread-1] INFO  server.RaftServerConfigKeys (ConfUtils.java:logGet(43)) - raft.server.log.queue.element-limit = 1024 (custom)
2019-10-30 11:52:31,339 [pool-107-thread-1] INFO  server.RaftServerConfigKeys (ConfUtils.java:logGet(43)) - raft.server.log.segment.size.max = 1048576 (custom)
2019-10-30 11:52:31,339 [pool-107-thread-1] INFO  server.RaftServerConfigKeys (ConfUtils.java:logGet(43)) - raft.server.log.preallocated.size = 16384 (custom)
2019-10-30 11:52:31,339 [pool-107-thread-1] INFO  server.RaftServerConfigKeys (ConfUtils.java:logGet(43)) - raft.server.log.write.buffer.size = 33554432 (custom)
2019-10-30 11:52:31,339 [pool-107-thread-1] INFO  server.RaftServerConfigKeys (ConfUtils.java:logGet(43)) - raft.server.log.force.sync.num = 128 (default)
2019-10-30 11:52:31,339 [pool-107-thread-1] INFO  server.RaftServerConfigKeys (ConfUtils.java:logGet(43)) - raft.server.log.statemachine.data.sync = true (default)
2019-10-30 11:52:31,340 [pool-107-thread-1] INFO  server.RaftServerConfigKeys (ConfUtils.java:logGet(43)) - raft.server.log.statemachine.data.sync.timeout = 10s (default)
2019-10-30 11:52:31,340 [pool-107-thread-1] INFO  server.RaftServerConfigKeys (ConfUtils.java:logGet(43)) - raft.server.log.statemachine.data.sync.timeout.retry = -1 (default)
2019-10-30 11:52:31,340 [pool-107-thread-1] INFO  server.RaftServerConfigKeys (ConfUtils.java:logGet(43)) - raft.server.log.statemachine.data.caching.enabled = true (custom)
2019-10-30 11:52:31,341 [pool-107-thread-1] INFO  segmented.SegmentedRaftLogWorker (SegmentedRaftLogWorker.java:lambda$new$0(128)) - a12d6b9e-ec23-449e-8b58-135e3e67eb04@group-F4754498887B-SegmentedRaftLogWorker: flushIndex: setUnconditionally 0 -> -1
2019-10-30 11:52:31,338 [9b3ef6c9-0245-4756-bf80-45d41f7a4453@group-CF30666E523F-LeaderElection6] INFO  impl.RoleInfo (RoleInfo.java:updateAndGet(143)) - 9b3ef6c9-0245-4756-bf80-45d41f7a4453: start LeaderState
2019-10-30 11:52:31,341 [9b3ef6c9-0245-4756-bf80-45d41f7a4453@group-CF30666E523F-LeaderElection6] INFO  segmented.SegmentedRaftLogWorker (SegmentedRaftLogWorker.java:startLogSegment(385)) - 9b3ef6c9-0245-4756-bf80-45d41f7a4453@group-CF30666E523F-SegmentedRaftLogWorker: Starting segment from index:0
2019-10-30 11:52:31,342 [pool-107-thread-1] INFO  server.RaftServerConfigKeys (ConfUtils.java:logGet(43)) - raft.server.snapshot.auto.trigger.enabled = true (custom)
2019-10-30 11:52:31,342 [pool-107-thread-1] INFO  server.RaftServerConfigKeys (ConfUtils.java:logGet(43)) - raft.server.snapshot.auto.trigger.threshold = 10000 (custom)
2019-10-30 11:52:31,342 [pool-107-thread-1] INFO  server.RaftServerConfigKeys (ConfUtils.java:logGet(43)) - raft.server.snapshot.retention.file.num = 5 (custom)
2019-10-30 11:52:31,343 [pool-107-thread-1] INFO  server.RaftServerConfigKeys (ConfUtils.java:logGet(43)) - raft.server.retrycache.expirytime = 600000ms (custom)
2019-10-30 11:52:31,342 [9b3ef6c9-0245-4756-bf80-45d41f7a4453@group-CF30666E523F-LeaderElection6] INFO  impl.RaftServerImpl (ServerState.java:setRaftConf(357)) - 9b3ef6c9-0245-4756-bf80-45d41f7a4453@group-CF30666E523F: set configuration 0: [9b3ef6c9-0245-4756-bf80-45d41f7a4453:192.168.157.220:37058], old=null at 0
2019-10-30 11:52:31,377 [9b3ef6c9-0245-4756-bf80-45d41f7a4453@group-CF30666E523F-SegmentedRaftLogWorker] INFO  segmented.SegmentedRaftLogWorker (SegmentedRaftLogWorker.java:execute(576)) - 9b3ef6c9-0245-4756-bf80-45d41f7a4453@group-CF30666E523F-SegmentedRaftLogWorker: created new log segment /workdir/hadoop-ozone/integration-test/target/test-dir/MiniOzoneClusterImpl-aaf233b5-8021-4449-9df2-227d87d78376/datanode-9/data/ratis/141c268a-96f8-4981-b3d9-cf30666e523f/current/log_inprogress_0
2019-10-30 11:52:31,378 [pool-107-thread-1] INFO  impl.RaftServerImpl (RaftServerImpl.java:start(195)) - a12d6b9e-ec23-449e-8b58-135e3e67eb04@group-F4754498887B: start as a follower, conf=-1: [a12d6b9e-ec23-449e-8b58-135e3e67eb04:192.168.157.220:40337], old=null
2019-10-30 11:52:31,378 [pool-107-thread-1] INFO  impl.RaftServerImpl (RaftServerImpl.java:setRole(184)) - a12d6b9e-ec23-449e-8b58-135e3e67eb04@group-F4754498887B: changes role from      null to FOLLOWER at term 0 for startAsFollower
2019-10-30 11:52:31,378 [pool-107-thread-1] INFO  impl.RoleInfo (RoleInfo.java:updateAndGet(143)) - a12d6b9e-ec23-449e-8b58-135e3e67eb04: start FollowerState
2019-10-30 11:52:31,378 [pool-107-thread-1] INFO  util.JmxRegister (JmxRegister.java:tryRegister(44)) - Successfully registered JMX Bean with object name Ratis:service=RaftServer,group=group-F4754498887B,id=a12d6b9e-ec23-449e-8b58-135e3e67eb04
2019-10-30 11:52:31,391 [RatisPipelineUtilsThread] INFO  pipeline.PipelineStateManager (PipelineStateManager.java:addPipeline(56)) - Created pipeline Pipeline[ Id: ffa3f99c-e643-468f-9118-f4754498887b, Nodes: a12d6b9e-ec23-449e-8b58-135e3e67eb04{ip: 192.168.157.220, host: pr-hdds-2359-w9s2w-3834556564, networkLocation: /default-rack, certSerialId: null}, Type:RATIS, Factor:ONE, State:OPEN]
2019-10-30 11:52:31,392 [Thread-313] INFO  impl.FollowerState (FollowerState.java:run(108)) - cd11b2f5-3187-4d03-bd60-931991550c17@group-9E196F3EDD32-FollowerState: change to CANDIDATE, lastRpcTime:104ms, electionTimeout:104ms
2019-10-30 11:52:31,392 [Thread-313] INFO  impl.RoleInfo (RoleInfo.java:shutdownFollowerState(121)) - cd11b2f5-3187-4d03-bd60-931991550c17: shutdown FollowerState
2019-10-30 11:52:31,392 [Thread-313] INFO  impl.RaftServerImpl (RaftServerImpl.java:setRole(184)) - cd11b2f5-3187-4d03-bd60-931991550c17@group-9E196F3EDD32: changes role from  FOLLOWER to CANDIDATE at term 0 for changeToCandidate
2019-10-30 11:52:31,392 [Thread-313] INFO  impl.RoleInfo (RoleInfo.java:updateAndGet(143)) - cd11b2f5-3187-4d03-bd60-931991550c17: start LeaderElection
2019-10-30 11:52:31,402 [Thread-318] INFO  impl.FollowerState (FollowerState.java:run(108)) - a12d6b9e-ec23-449e-8b58-135e3e67eb04@group-F4754498887B-FollowerState: change to CANDIDATE, lastRpcTime:24ms, electionTimeout:23ms
2019-10-30 11:52:31,402 [Thread-318] INFO  impl.RoleInfo (RoleInfo.java:shutdownFollowerState(121)) - a12d6b9e-ec23-449e-8b58-135e3e67eb04: shutdown FollowerState
2019-10-30 11:52:31,402 [Thread-318] INFO  impl.RaftServerImpl (RaftServerImpl.java:setRole(184)) - a12d6b9e-ec23-449e-8b58-135e3e67eb04@group-F4754498887B: changes role from  FOLLOWER to CANDIDATE at term 0 for changeToCandidate
2019-10-30 11:52:31,403 [Thread-318] INFO  impl.RoleInfo (RoleInfo.java:updateAndGet(143)) - a12d6b9e-ec23-449e-8b58-135e3e67eb04: start LeaderElection
2019-10-30 11:52:31,407 [cd11b2f5-3187-4d03-bd60-931991550c17@group-9E196F3EDD32-LeaderElection7] INFO  impl.LeaderElection (LeaderElection.java:askForVotes(178)) - cd11b2f5-3187-4d03-bd60-931991550c17@group-9E196F3EDD32-LeaderElection7: begin an election at term 1 for -1: [cd11b2f5-3187-4d03-bd60-931991550c17:192.168.157.220:43236], old=null
2019-10-30 11:52:31,407 [cd11b2f5-3187-4d03-bd60-931991550c17@group-9E196F3EDD32-LeaderElection7] INFO  impl.RoleInfo (RoleInfo.java:shutdownLeaderElection(134)) - cd11b2f5-3187-4d03-bd60-931991550c17: shutdown LeaderElection
2019-10-30 11:52:31,407 [cd11b2f5-3187-4d03-bd60-931991550c17@group-9E196F3EDD32-LeaderElection7] INFO  impl.RaftServerImpl (RaftServerImpl.java:setRole(184)) - cd11b2f5-3187-4d03-bd60-931991550c17@group-9E196F3EDD32: changes role from CANDIDATE to LEADER at term 1 for changeToLeader
2019-10-30 11:52:31,407 [cd11b2f5-3187-4d03-bd60-931991550c17@group-9E196F3EDD32-LeaderElection7] INFO  impl.RaftServerImpl (ServerState.java:setLeader(256)) - cd11b2f5-3187-4d03-bd60-931991550c17@group-9E196F3EDD32: change Leader from null to cd11b2f5-3187-4d03-bd60-931991550c17 at term 1 for becomeLeader, leader elected after 127ms
2019-10-30 11:52:31,409 [cd11b2f5-3187-4d03-bd60-931991550c17@group-9E196F3EDD32-LeaderElection7] INFO  server.RaftServerConfigKeys (ConfUtils.java:logGet(43)) - raft.server.staging.catchup.gap = 1000 (default)
2019-10-30 11:52:31,409 [cd11b2f5-3187-4d03-bd60-931991550c17@group-9E196F3EDD32-LeaderElection7] INFO  server.RaftServerConfigKeys (ConfUtils.java:logGet(43)) - raft.server.rpc.sleep.time = 25ms (default)
2019-10-30 11:52:31,409 [cd11b2f5-3187-4d03-bd60-931991550c17@group-9E196F3EDD32-LeaderElection7] INFO  server.RaftServerConfigKeys (ConfUtils.java:logGet(43)) - raft.server.write.element-limit = 4096 (default)
2019-10-30 11:52:31,409 [cd11b2f5-3187-4d03-bd60-931991550c17@group-9E196F3EDD32-LeaderElection7] INFO  server.RaftServerConfigKeys (ConfUtils.java:logGet(43)) - raft.server.watch.timeout = 10s (default)
2019-10-30 11:52:31,409 [cd11b2f5-3187-4d03-bd60-931991550c17@group-9E196F3EDD32-LeaderElection7] INFO  server.RaftServerConfigKeys (ConfUtils.java:logGet(43)) - raft.server.watch.timeout.denomination = 1s (default)
2019-10-30 11:52:31,409 [cd11b2f5-3187-4d03-bd60-931991550c17@group-9E196F3EDD32-LeaderElection7] INFO  server.RaftServerConfigKeys (ConfUtils.java:logGet(43)) - raft.server.watch.element-limit = 65536 (default)
2019-10-30 11:52:31,413 [grpc-default-executor-0] INFO  impl.RaftServerProxy (RaftServerProxy.java:addNew(89)) - 36879b23-b325-4015-ba59-8656331c6f4b: addNew group-7E3180B1D79A:[36879b23-b325-4015-ba59-8656331c6f4b:192.168.157.220:36123] returns group-7E3180B1D79A:java.util.concurrent.CompletableFuture@4268844a[Not completed]
2019-10-30 11:52:31,414 [pool-87-thread-1] INFO  impl.RaftServerImpl (RaftServerImpl.java:<init>(104)) - 36879b23-b325-4015-ba59-8656331c6f4b: new RaftServerImpl for group-7E3180B1D79A:[36879b23-b325-4015-ba59-8656331c6f4b:192.168.157.220:36123] with ContainerStateMachine:uninitialized
2019-10-30 11:52:31,415 [pool-87-thread-1] INFO  server.RaftServerConfigKeys (ConfUtils.java:logGet(43)) - raft.server.rpc.timeout.min = 1s (custom)
2019-10-30 11:52:31,415 [cd11b2f5-3187-4d03-bd60-931991550c17@group-9E196F3EDD32-LeaderElection7] INFO  impl.RoleInfo (RoleInfo.java:updateAndGet(143)) - cd11b2f5-3187-4d03-bd60-931991550c17: start LeaderState
2019-10-30 11:52:31,415 [pool-87-thread-1] INFO  server.RaftServerConfigKeys (ConfUtils.java:logGet(43)) - raft.server.rpc.timeout.max = 1200ms (custom)
2019-10-30 11:52:31,415 [pool-87-thread-1] INFO  server.RaftServerConfigKeys (ConfUtils.java:logGet(43)) - raft.server.rpcslowness.timeout = 120s (custom)
2019-10-30 11:52:31,415 [pool-87-thread-1] INFO  server.RaftServerConfigKeys (ConfUtils.java:logGet(43)) - raft.server.sleep.deviation.threshold = 300 (default)
2019-10-30 11:52:31,415 [cd11b2f5-3187-4d03-bd60-931991550c17@group-9E196F3EDD32-LeaderElection7] INFO  segmented.SegmentedRaftLogWorker (SegmentedRaftLogWorker.java:startLogSegment(385)) - cd11b2f5-3187-4d03-bd60-931991550c17@group-9E196F3EDD32-SegmentedRaftLogWorker: Starting segment from index:0
2019-10-30 11:52:31,415 [pool-87-thread-1] INFO  server.RaftServerConfigKeys (ConfUtils.java:logGet(43)) - raft.server.log.appender.install.snapshot.enabled = false (custom)
2019-10-30 11:52:31,415 [pool-87-thread-1] INFO  impl.RaftServerImpl (ServerState.java:<init>(103)) - 36879b23-b325-4015-ba59-8656331c6f4b@group-7E3180B1D79A: ConfigurationManager, init=-1: [36879b23-b325-4015-ba59-8656331c6f4b:192.168.157.220:36123], old=null, confs=<EMPTY_MAP>
2019-10-30 11:52:31,415 [pool-87-thread-1] INFO  server.RaftServerConfigKeys (ConfUtils.java:logGet(43)) - raft.server.storage.dir = [/workdir/hadoop-ozone/integration-test/target/test-dir/MiniOzoneClusterImpl-aaf233b5-8021-4449-9df2-227d87d78376/datanode-6/data/ratis] (custom)
2019-10-30 11:52:31,415 [a12d6b9e-ec23-449e-8b58-135e3e67eb04@group-F4754498887B-LeaderElection8] INFO  impl.LeaderElection (LeaderElection.java:askForVotes(178)) - a12d6b9e-ec23-449e-8b58-135e3e67eb04@group-F4754498887B-LeaderElection8: begin an election at term 1 for -1: [a12d6b9e-ec23-449e-8b58-135e3e67eb04:192.168.157.220:40337], old=null
2019-10-30 11:52:31,416 [pool-87-thread-1] INFO  server.RaftServerConfigKeys (ConfUtils.java:logGet(43)) - raft.server.log.corruption.policy = EXCEPTION (default)
2019-10-30 11:52:31,416 [cd11b2f5-3187-4d03-bd60-931991550c17@group-9E196F3EDD32-LeaderElection7] INFO  impl.RaftServerImpl (ServerState.java:setRaftConf(357)) - cd11b2f5-3187-4d03-bd60-931991550c17@group-9E196F3EDD32: set configuration 0: [cd11b2f5-3187-4d03-bd60-931991550c17:192.168.157.220:43236], old=null at 0
2019-10-30 11:52:31,417 [pool-87-thread-1] INFO  storage.RaftStorageDirectory (RaftStorageDirectory.java:analyzeStorage(246)) - The storage directory /workdir/hadoop-ozone/integration-test/target/test-dir/MiniOzoneClusterImpl-aaf233b5-8021-4449-9df2-227d87d78376/datanode-6/data/ratis/d71508e2-0f92-4416-b222-7e3180b1d79a does not exist. Creating ...
2019-10-30 11:52:31,417 [a12d6b9e-ec23-449e-8b58-135e3e67eb04@group-F4754498887B-LeaderElection8] INFO  impl.RoleInfo (RoleInfo.java:shutdownLeaderElection(134)) - a12d6b9e-ec23-449e-8b58-135e3e67eb04: shutdown LeaderElection
2019-10-30 11:52:31,442 [a12d6b9e-ec23-449e-8b58-135e3e67eb04@group-F4754498887B-LeaderElection8] INFO  impl.RaftServerImpl (RaftServerImpl.java:setRole(184)) - a12d6b9e-ec23-449e-8b58-135e3e67eb04@group-F4754498887B: changes role from CANDIDATE to LEADER at term 1 for changeToLeader
2019-10-30 11:52:31,442 [a12d6b9e-ec23-449e-8b58-135e3e67eb04@group-F4754498887B-LeaderElection8] INFO  impl.RaftServerImpl (ServerState.java:setLeader(256)) - a12d6b9e-ec23-449e-8b58-135e3e67eb04@group-F4754498887B: change Leader from null to a12d6b9e-ec23-449e-8b58-135e3e67eb04 at term 1 for becomeLeader, leader elected after 112ms
2019-10-30 11:52:31,443 [a12d6b9e-ec23-449e-8b58-135e3e67eb04@group-F4754498887B-LeaderElection8] INFO  server.RaftServerConfigKeys (ConfUtils.java:logGet(43)) - raft.server.staging.catchup.gap = 1000 (default)
2019-10-30 11:52:31,443 [a12d6b9e-ec23-449e-8b58-135e3e67eb04@group-F4754498887B-LeaderElection8] INFO  server.RaftServerConfigKeys (ConfUtils.java:logGet(43)) - raft.server.rpc.sleep.time = 25ms (default)
2019-10-30 11:52:31,443 [a12d6b9e-ec23-449e-8b58-135e3e67eb04@group-F4754498887B-LeaderElection8] INFO  server.RaftServerConfigKeys (ConfUtils.java:logGet(43)) - raft.server.write.element-limit = 4096 (default)
2019-10-30 11:52:31,444 [a12d6b9e-ec23-449e-8b58-135e3e67eb04@group-F4754498887B-LeaderElection8] INFO  server.RaftServerConfigKeys (ConfUtils.java:logGet(43)) - raft.server.watch.timeout = 10s (default)
2019-10-30 11:52:31,444 [a12d6b9e-ec23-449e-8b58-135e3e67eb04@group-F4754498887B-LeaderElection8] INFO  server.RaftServerConfigKeys (ConfUtils.java:logGet(43)) - raft.server.watch.timeout.denomination = 1s (default)
2019-10-30 11:52:31,444 [a12d6b9e-ec23-449e-8b58-135e3e67eb04@group-F4754498887B-LeaderElection8] INFO  server.RaftServerConfigKeys (ConfUtils.java:logGet(43)) - raft.server.watch.element-limit = 65536 (default)
2019-10-30 11:52:31,447 [a12d6b9e-ec23-449e-8b58-135e3e67eb04@group-F4754498887B-LeaderElection8] INFO  impl.RoleInfo (RoleInfo.java:updateAndGet(143)) - a12d6b9e-ec23-449e-8b58-135e3e67eb04: start LeaderState
2019-10-30 11:52:31,447 [a12d6b9e-ec23-449e-8b58-135e3e67eb04@group-F4754498887B-LeaderElection8] INFO  segmented.SegmentedRaftLogWorker (SegmentedRaftLogWorker.java:startLogSegment(385)) - a12d6b9e-ec23-449e-8b58-135e3e67eb04@group-F4754498887B-SegmentedRaftLogWorker: Starting segment from index:0
2019-10-30 11:52:31,448 [a12d6b9e-ec23-449e-8b58-135e3e67eb04@group-F4754498887B-LeaderElection8] INFO  impl.RaftServerImpl (ServerState.java:setRaftConf(357)) - a12d6b9e-ec23-449e-8b58-135e3e67eb04@group-F4754498887B: set configuration 0: [a12d6b9e-ec23-449e-8b58-135e3e67eb04:192.168.157.220:40337], old=null at 0
2019-10-30 11:52:31,470 [pool-87-thread-1] INFO  storage.RaftStorageDirectory (RaftStorageDirectory.java:tryLock(328)) - Lock on /workdir/hadoop-ozone/integration-test/target/test-dir/MiniOzoneClusterImpl-aaf233b5-8021-4449-9df2-227d87d78376/datanode-6/data/ratis/d71508e2-0f92-4416-b222-7e3180b1d79a/in_use.lock acquired by nodename 8701@pr-hdds-2359-w9s2w-3834556564
2019-10-30 11:52:31,470 [cd11b2f5-3187-4d03-bd60-931991550c17@group-9E196F3EDD32-SegmentedRaftLogWorker] INFO  segmented.SegmentedRaftLogWorker (SegmentedRaftLogWorker.java:execute(576)) - cd11b2f5-3187-4d03-bd60-931991550c17@group-9E196F3EDD32-SegmentedRaftLogWorker: created new log segment /workdir/hadoop-ozone/integration-test/target/test-dir/MiniOzoneClusterImpl-aaf233b5-8021-4449-9df2-227d87d78376/datanode-2/data/ratis/e761d0c6-c453-4109-b74a-9e196f3edd32/current/log_inprogress_0
2019-10-30 11:52:31,476 [pool-87-thread-1] INFO  storage.RaftStorage (RaftStorage.java:format(84)) - Storage directory /workdir/hadoop-ozone/integration-test/target/test-dir/MiniOzoneClusterImpl-aaf233b5-8021-4449-9df2-227d87d78376/datanode-6/data/ratis/d71508e2-0f92-4416-b222-7e3180b1d79a has been successfully formatted.
2019-10-30 11:52:31,476 [a12d6b9e-ec23-449e-8b58-135e3e67eb04@group-F4754498887B-SegmentedRaftLogWorker] INFO  segmented.SegmentedRaftLogWorker (SegmentedRaftLogWorker.java:execute(576)) - a12d6b9e-ec23-449e-8b58-135e3e67eb04@group-F4754498887B-SegmentedRaftLogWorker: created new log segment /workdir/hadoop-ozone/integration-test/target/test-dir/MiniOzoneClusterImpl-aaf233b5-8021-4449-9df2-227d87d78376/datanode-8/data/ratis/ffa3f99c-e643-468f-9118-f4754498887b/current/log_inprogress_0
2019-10-30 11:52:31,476 [pool-87-thread-1] INFO  ratis.ContainerStateMachine (ContainerStateMachine.java:loadSnapshot(231)) - group-7E3180B1D79A: The snapshot info is null. Setting the last applied indexto:(t:0, i:~)
2019-10-30 11:52:31,476 [pool-87-thread-1] INFO  server.RaftServerConfigKeys (ConfUtils.java:logGet(43)) - raft.server.notification.no-leader.timeout = 120s (custom)
2019-10-30 11:52:31,477 [pool-87-thread-1] INFO  server.RaftServerConfigKeys (ConfUtils.java:logGet(43)) - raft.server.log.use.memory = false (default)
2019-10-30 11:52:31,477 [pool-87-thread-1] INFO  server.RaftServerConfigKeys (ConfUtils.java:logGet(43)) - raft.server.log.purge.gap = 1000000 (custom)
2019-10-30 11:52:31,477 [pool-87-thread-1] INFO  server.RaftServerConfigKeys (ConfUtils.java:logGet(43)) - raft.server.log.appender.buffer.byte-limit = 33554432 (custom)
2019-10-30 11:52:31,477 [pool-87-thread-1] INFO  server.RaftServerConfigKeys (ConfUtils.java:logGet(43)) - raft.server.log.segment.size.max = 1048576 (custom)
2019-10-30 11:52:31,478 [pool-87-thread-1] INFO  server.RaftServerConfigKeys (ConfUtils.java:logGet(43)) - raft.server.log.segment.cache.num.max = 2 (custom)
2019-10-30 11:52:31,479 [pool-87-thread-1] INFO  segmented.SegmentedRaftLogWorker (SegmentedRaftLogWorker.java:<init>(173)) - new 36879b23-b325-4015-ba59-8656331c6f4b@group-7E3180B1D79A-SegmentedRaftLogWorker for RaftStorage:Storage Directory /workdir/hadoop-ozone/integration-test/target/test-dir/MiniOzoneClusterImpl-aaf233b5-8021-4449-9df2-227d87d78376/datanode-6/data/ratis/d71508e2-0f92-4416-b222-7e3180b1d79a
2019-10-30 11:52:31,479 [pool-87-thread-1] INFO  server.RaftServerConfigKeys (ConfUtils.java:logGet(43)) - raft.server.log.queue.byte-limit = 2147483647 (custom)
2019-10-30 11:52:31,479 [pool-87-thread-1] INFO  server.RaftServerConfigKeys (ConfUtils.java:logGet(43)) - raft.server.log.queue.element-limit = 1024 (custom)
2019-10-30 11:52:31,479 [pool-87-thread-1] INFO  server.RaftServerConfigKeys (ConfUtils.java:logGet(43)) - raft.server.log.segment.size.max = 1048576 (custom)
2019-10-30 11:52:31,479 [pool-87-thread-1] INFO  server.RaftServerConfigKeys (ConfUtils.java:logGet(43)) - raft.server.log.preallocated.size = 16384 (custom)
2019-10-30 11:52:31,479 [pool-87-thread-1] INFO  server.RaftServerConfigKeys (ConfUtils.java:logGet(43)) - raft.server.log.write.buffer.size = 33554432 (custom)
2019-10-30 11:52:31,479 [pool-87-thread-1] INFO  server.RaftServerConfigKeys (ConfUtils.java:logGet(43)) - raft.server.log.force.sync.num = 128 (default)
2019-10-30 11:52:31,479 [pool-87-thread-1] INFO  server.RaftServerConfigKeys (ConfUtils.java:logGet(43)) - raft.server.log.statemachine.data.sync = true (default)
2019-10-30 11:52:31,479 [pool-87-thread-1] INFO  server.RaftServerConfigKeys (ConfUtils.java:logGet(43)) - raft.server.log.statemachine.data.sync.timeout = 10s (default)
2019-10-30 11:52:31,479 [pool-87-thread-1] INFO  server.RaftServerConfigKeys (ConfUtils.java:logGet(43)) - raft.server.log.statemachine.data.sync.timeout.retry = -1 (default)
2019-10-30 11:52:31,480 [pool-87-thread-1] INFO  server.RaftServerConfigKeys (ConfUtils.java:logGet(43)) - raft.server.log.statemachine.data.caching.enabled = true (custom)
2019-10-30 11:52:31,480 [pool-87-thread-1] INFO  segmented.SegmentedRaftLogWorker (SegmentedRaftLogWorker.java:lambda$new$0(128)) - 36879b23-b325-4015-ba59-8656331c6f4b@group-7E3180B1D79A-SegmentedRaftLogWorker: flushIndex: setUnconditionally 0 -> -1
2019-10-30 11:52:31,480 [pool-87-thread-1] INFO  server.RaftServerConfigKeys (ConfUtils.java:logGet(43)) - raft.server.snapshot.auto.trigger.enabled = true (custom)
2019-10-30 11:52:31,480 [pool-87-thread-1] INFO  server.RaftServerConfigKeys (ConfUtils.java:logGet(43)) - raft.server.snapshot.auto.trigger.threshold = 10000 (custom)
2019-10-30 11:52:31,480 [pool-87-thread-1] INFO  server.RaftServerConfigKeys (ConfUtils.java:logGet(43)) - raft.server.snapshot.retention.file.num = 5 (custom)
2019-10-30 11:52:31,480 [pool-87-thread-1] INFO  server.RaftServerConfigKeys (ConfUtils.java:logGet(43)) - raft.server.retrycache.expirytime = 600000ms (custom)
2019-10-30 11:52:31,483 [pool-87-thread-1] INFO  impl.RaftServerImpl (RaftServerImpl.java:start(195)) - 36879b23-b325-4015-ba59-8656331c6f4b@group-7E3180B1D79A: start as a follower, conf=-1: [36879b23-b325-4015-ba59-8656331c6f4b:192.168.157.220:36123], old=null
2019-10-30 11:52:31,483 [pool-87-thread-1] INFO  impl.RaftServerImpl (RaftServerImpl.java:setRole(184)) - 36879b23-b325-4015-ba59-8656331c6f4b@group-7E3180B1D79A: changes role from      null to FOLLOWER at term 0 for startAsFollower
2019-10-30 11:52:31,483 [pool-87-thread-1] INFO  impl.RoleInfo (RoleInfo.java:updateAndGet(143)) - 36879b23-b325-4015-ba59-8656331c6f4b: start FollowerState
2019-10-30 11:52:31,483 [pool-87-thread-1] INFO  util.JmxRegister (JmxRegister.java:tryRegister(44)) - Successfully registered JMX Bean with object name Ratis:service=RaftServer,group=group-7E3180B1D79A,id=36879b23-b325-4015-ba59-8656331c6f4b
2019-10-30 11:52:31,492 [RatisPipelineUtilsThread] INFO  pipeline.PipelineStateManager (PipelineStateManager.java:addPipeline(56)) - Created pipeline Pipeline[ Id: d71508e2-0f92-4416-b222-7e3180b1d79a, Nodes: 36879b23-b325-4015-ba59-8656331c6f4b{ip: 192.168.157.220, host: pr-hdds-2359-w9s2w-3834556564, networkLocation: /default-rack, certSerialId: null}, Type:RATIS, Factor:ONE, State:OPEN]
2019-10-30 11:52:31,506 [grpc-default-executor-0] INFO  impl.RaftServerProxy (RaftServerProxy.java:addNew(89)) - 6ed35211-36a6-405a-b1db-549f65da443e: addNew group-57B25F63BB04:[6ed35211-36a6-405a-b1db-549f65da443e:192.168.157.220:41613] returns group-57B25F63BB04:java.util.concurrent.CompletableFuture@55bc792b[Not completed]
2019-10-30 11:52:31,508 [pool-37-thread-1] INFO  impl.RaftServerImpl (RaftServerImpl.java:<init>(104)) - 6ed35211-36a6-405a-b1db-549f65da443e: new RaftServerImpl for group-57B25F63BB04:[6ed35211-36a6-405a-b1db-549f65da443e:192.168.157.220:41613] with ContainerStateMachine:uninitialized
2019-10-30 11:52:31,508 [pool-37-thread-1] INFO  server.RaftServerConfigKeys (ConfUtils.java:logGet(43)) - raft.server.rpc.timeout.min = 1s (custom)
2019-10-30 11:52:31,508 [pool-37-thread-1] INFO  server.RaftServerConfigKeys (ConfUtils.java:logGet(43)) - raft.server.rpc.timeout.max = 1200ms (custom)
2019-10-30 11:52:31,508 [pool-37-thread-1] INFO  server.RaftServerConfigKeys (ConfUtils.java:logGet(43)) - raft.server.rpcslowness.timeout = 120s (custom)
2019-10-30 11:52:31,508 [pool-37-thread-1] INFO  server.RaftServerConfigKeys (ConfUtils.java:logGet(43)) - raft.server.sleep.deviation.threshold = 300 (default)
2019-10-30 11:52:31,508 [pool-37-thread-1] INFO  server.RaftServerConfigKeys (ConfUtils.java:logGet(43)) - raft.server.log.appender.install.snapshot.enabled = false (custom)
2019-10-30 11:52:31,509 [pool-37-thread-1] INFO  impl.RaftServerImpl (ServerState.java:<init>(103)) - 6ed35211-36a6-405a-b1db-549f65da443e@group-57B25F63BB04: ConfigurationManager, init=-1: [6ed35211-36a6-405a-b1db-549f65da443e:192.168.157.220:41613], old=null, confs=<EMPTY_MAP>
2019-10-30 11:52:31,509 [pool-37-thread-1] INFO  server.RaftServerConfigKeys (ConfUtils.java:logGet(43)) - raft.server.storage.dir = [/workdir/hadoop-ozone/integration-test/target/test-dir/MiniOzoneClusterImpl-aaf233b5-8021-4449-9df2-227d87d78376/datanode-1/data/ratis] (custom)
2019-10-30 11:52:31,509 [pool-37-thread-1] INFO  server.RaftServerConfigKeys (ConfUtils.java:logGet(43)) - raft.server.log.corruption.policy = EXCEPTION (default)
2019-10-30 11:52:31,509 [pool-37-thread-1] INFO  storage.RaftStorageDirectory (RaftStorageDirectory.java:analyzeStorage(246)) - The storage directory /workdir/hadoop-ozone/integration-test/target/test-dir/MiniOzoneClusterImpl-aaf233b5-8021-4449-9df2-227d87d78376/datanode-1/data/ratis/633a6a74-c9c4-4695-8094-57b25f63bb04 does not exist. Creating ...
2019-10-30 11:52:31,517 [pool-37-thread-1] INFO  storage.RaftStorageDirectory (RaftStorageDirectory.java:tryLock(328)) - Lock on /workdir/hadoop-ozone/integration-test/target/test-dir/MiniOzoneClusterImpl-aaf233b5-8021-4449-9df2-227d87d78376/datanode-1/data/ratis/633a6a74-c9c4-4695-8094-57b25f63bb04/in_use.lock acquired by nodename 8701@pr-hdds-2359-w9s2w-3834556564
2019-10-30 11:52:31,547 [Thread-325] INFO  impl.FollowerState (FollowerState.java:run(108)) - 36879b23-b325-4015-ba59-8656331c6f4b@group-7E3180B1D79A-FollowerState: change to CANDIDATE, lastRpcTime:63ms, electionTimeout:63ms
2019-10-30 11:52:31,547 [Thread-325] INFO  impl.RoleInfo (RoleInfo.java:shutdownFollowerState(121)) - 36879b23-b325-4015-ba59-8656331c6f4b: shutdown FollowerState
2019-10-30 11:52:31,547 [Thread-325] INFO  impl.RaftServerImpl (RaftServerImpl.java:setRole(184)) - 36879b23-b325-4015-ba59-8656331c6f4b@group-7E3180B1D79A: changes role from  FOLLOWER to CANDIDATE at term 0 for changeToCandidate
2019-10-30 11:52:31,547 [Thread-325] INFO  impl.RoleInfo (RoleInfo.java:updateAndGet(143)) - 36879b23-b325-4015-ba59-8656331c6f4b: start LeaderElection
2019-10-30 11:52:31,552 [pool-37-thread-1] INFO  storage.RaftStorage (RaftStorage.java:format(84)) - Storage directory /workdir/hadoop-ozone/integration-test/target/test-dir/MiniOzoneClusterImpl-aaf233b5-8021-4449-9df2-227d87d78376/datanode-1/data/ratis/633a6a74-c9c4-4695-8094-57b25f63bb04 has been successfully formatted.
2019-10-30 11:52:31,553 [pool-37-thread-1] INFO  ratis.ContainerStateMachine (ContainerStateMachine.java:loadSnapshot(231)) - group-57B25F63BB04: The snapshot info is null. Setting the last applied indexto:(t:0, i:~)
2019-10-30 11:52:31,553 [pool-37-thread-1] INFO  server.RaftServerConfigKeys (ConfUtils.java:logGet(43)) - raft.server.notification.no-leader.timeout = 120s (custom)
2019-10-30 11:52:31,553 [pool-37-thread-1] INFO  server.RaftServerConfigKeys (ConfUtils.java:logGet(43)) - raft.server.log.use.memory = false (default)
2019-10-30 11:52:31,553 [pool-37-thread-1] INFO  server.RaftServerConfigKeys (ConfUtils.java:logGet(43)) - raft.server.log.purge.gap = 1000000 (custom)
2019-10-30 11:52:31,553 [pool-37-thread-1] INFO  server.RaftServerConfigKeys (ConfUtils.java:logGet(43)) - raft.server.log.appender.buffer.byte-limit = 33554432 (custom)
2019-10-30 11:52:31,553 [36879b23-b325-4015-ba59-8656331c6f4b@group-7E3180B1D79A-LeaderElection9] INFO  impl.LeaderElection (LeaderElection.java:askForVotes(178)) - 36879b23-b325-4015-ba59-8656331c6f4b@group-7E3180B1D79A-LeaderElection9: begin an election at term 1 for -1: [36879b23-b325-4015-ba59-8656331c6f4b:192.168.157.220:36123], old=null
2019-10-30 11:52:31,553 [pool-37-thread-1] INFO  server.RaftServerConfigKeys (ConfUtils.java:logGet(43)) - raft.server.log.segment.size.max = 1048576 (custom)
2019-10-30 11:52:31,553 [36879b23-b325-4015-ba59-8656331c6f4b@group-7E3180B1D79A-LeaderElection9] INFO  impl.RoleInfo (RoleInfo.java:shutdownLeaderElection(134)) - 36879b23-b325-4015-ba59-8656331c6f4b: shutdown LeaderElection
2019-10-30 11:52:31,554 [36879b23-b325-4015-ba59-8656331c6f4b@group-7E3180B1D79A-LeaderElection9] INFO  impl.RaftServerImpl (RaftServerImpl.java:setRole(184)) - 36879b23-b325-4015-ba59-8656331c6f4b@group-7E3180B1D79A: changes role from CANDIDATE to LEADER at term 1 for changeToLeader
2019-10-30 11:52:31,554 [36879b23-b325-4015-ba59-8656331c6f4b@group-7E3180B1D79A-LeaderElection9] INFO  impl.RaftServerImpl (ServerState.java:setLeader(256)) - 36879b23-b325-4015-ba59-8656331c6f4b@group-7E3180B1D79A: change Leader from null to 36879b23-b325-4015-ba59-8656331c6f4b at term 1 for becomeLeader, leader elected after 77ms
2019-10-30 11:52:31,555 [36879b23-b325-4015-ba59-8656331c6f4b@group-7E3180B1D79A-LeaderElection9] INFO  server.RaftServerConfigKeys (ConfUtils.java:logGet(43)) - raft.server.staging.catchup.gap = 1000 (default)
2019-10-30 11:52:31,555 [36879b23-b325-4015-ba59-8656331c6f4b@group-7E3180B1D79A-LeaderElection9] INFO  server.RaftServerConfigKeys (ConfUtils.java:logGet(43)) - raft.server.rpc.sleep.time = 25ms (default)
2019-10-30 11:52:31,556 [36879b23-b325-4015-ba59-8656331c6f4b@group-7E3180B1D79A-LeaderElection9] INFO  server.RaftServerConfigKeys (ConfUtils.java:logGet(43)) - raft.server.write.element-limit = 4096 (default)
2019-10-30 11:52:31,556 [36879b23-b325-4015-ba59-8656331c6f4b@group-7E3180B1D79A-LeaderElection9] INFO  server.RaftServerConfigKeys (ConfUtils.java:logGet(43)) - raft.server.watch.timeout = 10s (default)
2019-10-30 11:52:31,556 [36879b23-b325-4015-ba59-8656331c6f4b@group-7E3180B1D79A-LeaderElection9] INFO  server.RaftServerConfigKeys (ConfUtils.java:logGet(43)) - raft.server.watch.timeout.denomination = 1s (default)
2019-10-30 11:52:31,556 [36879b23-b325-4015-ba59-8656331c6f4b@group-7E3180B1D79A-LeaderElection9] INFO  server.RaftServerConfigKeys (ConfUtils.java:logGet(43)) - raft.server.watch.element-limit = 65536 (default)
2019-10-30 11:52:31,557 [pool-37-thread-1] INFO  server.RaftServerConfigKeys (ConfUtils.java:logGet(43)) - raft.server.log.segment.cache.num.max = 2 (custom)
2019-10-30 11:52:31,557 [pool-37-thread-1] INFO  segmented.SegmentedRaftLogWorker (SegmentedRaftLogWorker.java:<init>(173)) - new 6ed35211-36a6-405a-b1db-549f65da443e@group-57B25F63BB04-SegmentedRaftLogWorker for RaftStorage:Storage Directory /workdir/hadoop-ozone/integration-test/target/test-dir/MiniOzoneClusterImpl-aaf233b5-8021-4449-9df2-227d87d78376/datanode-1/data/ratis/633a6a74-c9c4-4695-8094-57b25f63bb04
2019-10-30 11:52:31,558 [pool-37-thread-1] INFO  server.RaftServerConfigKeys (ConfUtils.java:logGet(43)) - raft.server.log.queue.byte-limit = 2147483647 (custom)
2019-10-30 11:52:31,558 [pool-37-thread-1] INFO  server.RaftServerConfigKeys (ConfUtils.java:logGet(43)) - raft.server.log.queue.element-limit = 1024 (custom)
2019-10-30 11:52:31,558 [pool-37-thread-1] INFO  server.RaftServerConfigKeys (ConfUtils.java:logGet(43)) - raft.server.log.segment.size.max = 1048576 (custom)
2019-10-30 11:52:31,558 [pool-37-thread-1] INFO  server.RaftServerConfigKeys (ConfUtils.java:logGet(43)) - raft.server.log.preallocated.size = 16384 (custom)
2019-10-30 11:52:31,558 [pool-37-thread-1] INFO  server.RaftServerConfigKeys (ConfUtils.java:logGet(43)) - raft.server.log.write.buffer.size = 33554432 (custom)
2019-10-30 11:52:31,558 [pool-37-thread-1] INFO  server.RaftServerConfigKeys (ConfUtils.java:logGet(43)) - raft.server.log.force.sync.num = 128 (default)
2019-10-30 11:52:31,559 [36879b23-b325-4015-ba59-8656331c6f4b@group-7E3180B1D79A-LeaderElection9] INFO  impl.RoleInfo (RoleInfo.java:updateAndGet(143)) - 36879b23-b325-4015-ba59-8656331c6f4b: start LeaderState
2019-10-30 11:52:31,559 [pool-37-thread-1] INFO  server.RaftServerConfigKeys (ConfUtils.java:logGet(43)) - raft.server.log.statemachine.data.sync = true (default)
2019-10-30 11:52:31,559 [pool-37-thread-1] INFO  server.RaftServerConfigKeys (ConfUtils.java:logGet(43)) - raft.server.log.statemachine.data.sync.timeout = 10s (default)
2019-10-30 11:52:31,559 [36879b23-b325-4015-ba59-8656331c6f4b@group-7E3180B1D79A-LeaderElection9] INFO  segmented.SegmentedRaftLogWorker (SegmentedRaftLogWorker.java:startLogSegment(385)) - 36879b23-b325-4015-ba59-8656331c6f4b@group-7E3180B1D79A-SegmentedRaftLogWorker: Starting segment from index:0
2019-10-30 11:52:31,559 [pool-37-thread-1] INFO  server.RaftServerConfigKeys (ConfUtils.java:logGet(43)) - raft.server.log.statemachine.data.sync.timeout.retry = -1 (default)
2019-10-30 11:52:31,559 [36879b23-b325-4015-ba59-8656331c6f4b@group-7E3180B1D79A-LeaderElection9] INFO  impl.RaftServerImpl (ServerState.java:setRaftConf(357)) - 36879b23-b325-4015-ba59-8656331c6f4b@group-7E3180B1D79A: set configuration 0: [36879b23-b325-4015-ba59-8656331c6f4b:192.168.157.220:36123], old=null at 0
2019-10-30 11:52:31,560 [pool-37-thread-1] INFO  server.RaftServerConfigKeys (ConfUtils.java:logGet(43)) - raft.server.log.statemachine.data.caching.enabled = true (custom)
2019-10-30 11:52:31,560 [pool-37-thread-1] INFO  segmented.SegmentedRaftLogWorker (SegmentedRaftLogWorker.java:lambda$new$0(128)) - 6ed35211-36a6-405a-b1db-549f65da443e@group-57B25F63BB04-SegmentedRaftLogWorker: flushIndex: setUnconditionally 0 -> -1
2019-10-30 11:52:31,560 [pool-37-thread-1] INFO  server.RaftServerConfigKeys (ConfUtils.java:logGet(43)) - raft.server.snapshot.auto.trigger.enabled = true (custom)
2019-10-30 11:52:31,560 [pool-37-thread-1] INFO  server.RaftServerConfigKeys (ConfUtils.java:logGet(43)) - raft.server.snapshot.auto.trigger.threshold = 10000 (custom)
2019-10-30 11:52:31,560 [pool-37-thread-1] INFO  server.RaftServerConfigKeys (ConfUtils.java:logGet(43)) - raft.server.snapshot.retention.file.num = 5 (custom)
2019-10-30 11:52:31,561 [pool-37-thread-1] INFO  server.RaftServerConfigKeys (ConfUtils.java:logGet(43)) - raft.server.retrycache.expirytime = 600000ms (custom)
2019-10-30 11:52:31,586 [pool-37-thread-1] INFO  impl.RaftServerImpl (RaftServerImpl.java:start(195)) - 6ed35211-36a6-405a-b1db-549f65da443e@group-57B25F63BB04: start as a follower, conf=-1: [6ed35211-36a6-405a-b1db-549f65da443e:192.168.157.220:41613], old=null
2019-10-30 11:52:31,587 [pool-37-thread-1] INFO  impl.RaftServerImpl (RaftServerImpl.java:setRole(184)) - 6ed35211-36a6-405a-b1db-549f65da443e@group-57B25F63BB04: changes role from      null to FOLLOWER at term 0 for startAsFollower
2019-10-30 11:52:31,587 [pool-37-thread-1] INFO  impl.RoleInfo (RoleInfo.java:updateAndGet(143)) - 6ed35211-36a6-405a-b1db-549f65da443e: start FollowerState
2019-10-30 11:52:31,587 [pool-37-thread-1] INFO  util.JmxRegister (JmxRegister.java:tryRegister(44)) - Successfully registered JMX Bean with object name Ratis:service=RaftServer,group=group-57B25F63BB04,id=6ed35211-36a6-405a-b1db-549f65da443e
2019-10-30 11:52:31,597 [RatisPipelineUtilsThread] INFO  pipeline.PipelineStateManager (PipelineStateManager.java:addPipeline(56)) - Created pipeline Pipeline[ Id: 633a6a74-c9c4-4695-8094-57b25f63bb04, Nodes: 6ed35211-36a6-405a-b1db-549f65da443e{ip: 192.168.157.220, host: pr-hdds-2359-w9s2w-3834556564, networkLocation: /default-rack, certSerialId: null}, Type:RATIS, Factor:ONE, State:OPEN]
2019-10-30 11:52:31,599 [36879b23-b325-4015-ba59-8656331c6f4b@group-7E3180B1D79A-SegmentedRaftLogWorker] INFO  segmented.SegmentedRaftLogWorker (SegmentedRaftLogWorker.java:execute(576)) - 36879b23-b325-4015-ba59-8656331c6f4b@group-7E3180B1D79A-SegmentedRaftLogWorker: created new log segment /workdir/hadoop-ozone/integration-test/target/test-dir/MiniOzoneClusterImpl-aaf233b5-8021-4449-9df2-227d87d78376/datanode-6/data/ratis/d71508e2-0f92-4416-b222-7e3180b1d79a/current/log_inprogress_0
2019-10-30 11:52:31,605 [main] INFO  ozone.MiniOzoneClusterImpl (MiniOzoneClusterImpl.java:lambda$waitForClusterToBeReady$0(147)) - Cluster is ready. Got 10 of 10 DN Heartbeats.
2019-10-30 11:52:31,631 [grpc-default-executor-2] INFO  impl.RaftServerProxy (RaftServerProxy.java:addNew(89)) - f26e10ed-fb17-49e6-a903-eadc130d13d1: addNew group-83984122B78E:[4f16e274-8663-4a15-9c4c-c81f650ab979:192.168.157.220:38181, 4cc44201-a597-43af-a4ec-5b1b407a6250:192.168.157.220:36685, f26e10ed-fb17-49e6-a903-eadc130d13d1:192.168.157.220:32806] returns group-83984122B78E:java.util.concurrent.CompletableFuture@223d2489[Not completed]
2019-10-30 11:52:31,631 [grpc-default-executor-1] INFO  impl.RaftServerProxy (RaftServerProxy.java:addNew(89)) - 4f16e274-8663-4a15-9c4c-c81f650ab979: addNew group-83984122B78E:[4f16e274-8663-4a15-9c4c-c81f650ab979:192.168.157.220:38181, 4cc44201-a597-43af-a4ec-5b1b407a6250:192.168.157.220:36685, f26e10ed-fb17-49e6-a903-eadc130d13d1:192.168.157.220:32806] returns group-83984122B78E:java.util.concurrent.CompletableFuture@523ee6e5[Not completed]
2019-10-30 11:52:31,633 [grpc-default-executor-1] INFO  impl.RaftServerProxy (RaftServerProxy.java:addNew(89)) - 4cc44201-a597-43af-a4ec-5b1b407a6250: addNew group-83984122B78E:[4f16e274-8663-4a15-9c4c-c81f650ab979:192.168.157.220:38181, 4cc44201-a597-43af-a4ec-5b1b407a6250:192.168.157.220:36685, f26e10ed-fb17-49e6-a903-eadc130d13d1:192.168.157.220:32806] returns group-83984122B78E:java.util.concurrent.CompletableFuture@173c62c6[Not completed]
2019-10-30 11:52:31,633 [pool-57-thread-1] INFO  impl.RaftServerImpl (RaftServerImpl.java:<init>(104)) - f26e10ed-fb17-49e6-a903-eadc130d13d1: new RaftServerImpl for group-83984122B78E:[4f16e274-8663-4a15-9c4c-c81f650ab979:192.168.157.220:38181, 4cc44201-a597-43af-a4ec-5b1b407a6250:192.168.157.220:36685, f26e10ed-fb17-49e6-a903-eadc130d13d1:192.168.157.220:32806] with ContainerStateMachine:uninitialized
2019-10-30 11:52:31,634 [pool-57-thread-1] INFO  server.RaftServerConfigKeys (ConfUtils.java:logGet(43)) - raft.server.rpc.timeout.min = 1s (custom)
2019-10-30 11:52:31,634 [pool-57-thread-1] INFO  server.RaftServerConfigKeys (ConfUtils.java:logGet(43)) - raft.server.rpc.timeout.max = 1200ms (custom)
2019-10-30 11:52:31,634 [pool-57-thread-1] INFO  server.RaftServerConfigKeys (ConfUtils.java:logGet(43)) - raft.server.rpcslowness.timeout = 120s (custom)
2019-10-30 11:52:31,634 [pool-57-thread-1] INFO  server.RaftServerConfigKeys (ConfUtils.java:logGet(43)) - raft.server.sleep.deviation.threshold = 300 (default)
2019-10-30 11:52:31,634 [pool-57-thread-1] INFO  server.RaftServerConfigKeys (ConfUtils.java:logGet(43)) - raft.server.log.appender.install.snapshot.enabled = false (custom)
2019-10-30 11:52:31,634 [pool-77-thread-1] INFO  impl.RaftServerImpl (RaftServerImpl.java:<init>(104)) - 4f16e274-8663-4a15-9c4c-c81f650ab979: new RaftServerImpl for group-83984122B78E:[4f16e274-8663-4a15-9c4c-c81f650ab979:192.168.157.220:38181, 4cc44201-a597-43af-a4ec-5b1b407a6250:192.168.157.220:36685, f26e10ed-fb17-49e6-a903-eadc130d13d1:192.168.157.220:32806] with ContainerStateMachine:uninitialized
2019-10-30 11:52:31,634 [pool-57-thread-1] INFO  impl.RaftServerImpl (ServerState.java:<init>(103)) - f26e10ed-fb17-49e6-a903-eadc130d13d1@group-83984122B78E: ConfigurationManager, init=-1: [4f16e274-8663-4a15-9c4c-c81f650ab979:192.168.157.220:38181, 4cc44201-a597-43af-a4ec-5b1b407a6250:192.168.157.220:36685, f26e10ed-fb17-49e6-a903-eadc130d13d1:192.168.157.220:32806], old=null, confs=<EMPTY_MAP>
2019-10-30 11:52:31,634 [pool-77-thread-1] INFO  server.RaftServerConfigKeys (ConfUtils.java:logGet(43)) - raft.server.rpc.timeout.min = 1s (custom)
2019-10-30 11:52:31,635 [pool-57-thread-1] INFO  server.RaftServerConfigKeys (ConfUtils.java:logGet(43)) - raft.server.storage.dir = [/workdir/hadoop-ozone/integration-test/target/test-dir/MiniOzoneClusterImpl-aaf233b5-8021-4449-9df2-227d87d78376/datanode-3/data/ratis] (custom)
2019-10-30 11:52:31,635 [pool-77-thread-1] INFO  server.RaftServerConfigKeys (ConfUtils.java:logGet(43)) - raft.server.rpc.timeout.max = 1200ms (custom)
2019-10-30 11:52:31,635 [pool-77-thread-1] INFO  server.RaftServerConfigKeys (ConfUtils.java:logGet(43)) - raft.server.rpcslowness.timeout = 120s (custom)
2019-10-30 11:52:31,635 [pool-57-thread-1] INFO  server.RaftServerConfigKeys (ConfUtils.java:logGet(43)) - raft.server.log.corruption.policy = EXCEPTION (default)
2019-10-30 11:52:31,635 [pool-77-thread-1] INFO  server.RaftServerConfigKeys (ConfUtils.java:logGet(43)) - raft.server.sleep.deviation.threshold = 300 (default)
2019-10-30 11:52:31,635 [pool-77-thread-1] INFO  server.RaftServerConfigKeys (ConfUtils.java:logGet(43)) - raft.server.log.appender.install.snapshot.enabled = false (custom)
2019-10-30 11:52:31,635 [pool-57-thread-1] INFO  storage.RaftStorageDirectory (RaftStorageDirectory.java:analyzeStorage(246)) - The storage directory /workdir/hadoop-ozone/integration-test/target/test-dir/MiniOzoneClusterImpl-aaf233b5-8021-4449-9df2-227d87d78376/datanode-3/data/ratis/14ac5ef5-3303-4585-9824-83984122b78e does not exist. Creating ...
2019-10-30 11:52:31,635 [pool-77-thread-1] INFO  impl.RaftServerImpl (ServerState.java:<init>(103)) - 4f16e274-8663-4a15-9c4c-c81f650ab979@group-83984122B78E: ConfigurationManager, init=-1: [4f16e274-8663-4a15-9c4c-c81f650ab979:192.168.157.220:38181, 4cc44201-a597-43af-a4ec-5b1b407a6250:192.168.157.220:36685, f26e10ed-fb17-49e6-a903-eadc130d13d1:192.168.157.220:32806], old=null, confs=<EMPTY_MAP>
2019-10-30 11:52:31,635 [pool-97-thread-1] INFO  impl.RaftServerImpl (RaftServerImpl.java:<init>(104)) - 4cc44201-a597-43af-a4ec-5b1b407a6250: new RaftServerImpl for group-83984122B78E:[4f16e274-8663-4a15-9c4c-c81f650ab979:192.168.157.220:38181, 4cc44201-a597-43af-a4ec-5b1b407a6250:192.168.157.220:36685, f26e10ed-fb17-49e6-a903-eadc130d13d1:192.168.157.220:32806] with ContainerStateMachine:uninitialized
2019-10-30 11:52:31,635 [pool-77-thread-1] INFO  server.RaftServerConfigKeys (ConfUtils.java:logGet(43)) - raft.server.storage.dir = [/workdir/hadoop-ozone/integration-test/target/test-dir/MiniOzoneClusterImpl-aaf233b5-8021-4449-9df2-227d87d78376/datanode-5/data/ratis] (custom)
2019-10-30 11:52:31,636 [pool-97-thread-1] INFO  server.RaftServerConfigKeys (ConfUtils.java:logGet(43)) - raft.server.rpc.timeout.min = 1s (custom)
2019-10-30 11:52:31,636 [pool-77-thread-1] INFO  server.RaftServerConfigKeys (ConfUtils.java:logGet(43)) - raft.server.log.corruption.policy = EXCEPTION (default)
2019-10-30 11:52:31,636 [pool-97-thread-1] INFO  server.RaftServerConfigKeys (ConfUtils.java:logGet(43)) - raft.server.rpc.timeout.max = 1200ms (custom)
2019-10-30 11:52:31,636 [pool-77-thread-1] INFO  storage.RaftStorageDirectory (RaftStorageDirectory.java:analyzeStorage(246)) - The storage directory /workdir/hadoop-ozone/integration-test/target/test-dir/MiniOzoneClusterImpl-aaf233b5-8021-4449-9df2-227d87d78376/datanode-5/data/ratis/14ac5ef5-3303-4585-9824-83984122b78e does not exist. Creating ...
2019-10-30 11:52:31,636 [pool-97-thread-1] INFO  server.RaftServerConfigKeys (ConfUtils.java:logGet(43)) - raft.server.rpcslowness.timeout = 120s (custom)
2019-10-30 11:52:31,636 [pool-97-thread-1] INFO  server.RaftServerConfigKeys (ConfUtils.java:logGet(43)) - raft.server.sleep.deviation.threshold = 300 (default)
2019-10-30 11:52:31,636 [pool-97-thread-1] INFO  server.RaftServerConfigKeys (ConfUtils.java:logGet(43)) - raft.server.log.appender.install.snapshot.enabled = false (custom)
2019-10-30 11:52:31,636 [pool-97-thread-1] INFO  impl.RaftServerImpl (ServerState.java:<init>(103)) - 4cc44201-a597-43af-a4ec-5b1b407a6250@group-83984122B78E: ConfigurationManager, init=-1: [4f16e274-8663-4a15-9c4c-c81f650ab979:192.168.157.220:38181, 4cc44201-a597-43af-a4ec-5b1b407a6250:192.168.157.220:36685, f26e10ed-fb17-49e6-a903-eadc130d13d1:192.168.157.220:32806], old=null, confs=<EMPTY_MAP>
2019-10-30 11:52:31,636 [pool-97-thread-1] INFO  server.RaftServerConfigKeys (ConfUtils.java:logGet(43)) - raft.server.storage.dir = [/workdir/hadoop-ozone/integration-test/target/test-dir/MiniOzoneClusterImpl-aaf233b5-8021-4449-9df2-227d87d78376/datanode-7/data/ratis] (custom)
2019-10-30 11:52:31,637 [pool-97-thread-1] INFO  server.RaftServerConfigKeys (ConfUtils.java:logGet(43)) - raft.server.log.corruption.policy = EXCEPTION (default)
2019-10-30 11:52:31,637 [pool-97-thread-1] INFO  storage.RaftStorageDirectory (RaftStorageDirectory.java:analyzeStorage(246)) - The storage directory /workdir/hadoop-ozone/integration-test/target/test-dir/MiniOzoneClusterImpl-aaf233b5-8021-4449-9df2-227d87d78376/datanode-7/data/ratis/14ac5ef5-3303-4585-9824-83984122b78e does not exist. Creating ...
2019-10-30 11:52:31,649 [pool-77-thread-1] INFO  storage.RaftStorageDirectory (RaftStorageDirectory.java:tryLock(328)) - Lock on /workdir/hadoop-ozone/integration-test/target/test-dir/MiniOzoneClusterImpl-aaf233b5-8021-4449-9df2-227d87d78376/datanode-5/data/ratis/14ac5ef5-3303-4585-9824-83984122b78e/in_use.lock acquired by nodename 8701@pr-hdds-2359-w9s2w-3834556564
2019-10-30 11:52:31,649 [pool-97-thread-1] INFO  storage.RaftStorageDirectory (RaftStorageDirectory.java:tryLock(328)) - Lock on /workdir/hadoop-ozone/integration-test/target/test-dir/MiniOzoneClusterImpl-aaf233b5-8021-4449-9df2-227d87d78376/datanode-7/data/ratis/14ac5ef5-3303-4585-9824-83984122b78e/in_use.lock acquired by nodename 8701@pr-hdds-2359-w9s2w-3834556564
2019-10-30 11:52:31,649 [pool-57-thread-1] INFO  storage.RaftStorageDirectory (RaftStorageDirectory.java:tryLock(328)) - Lock on /workdir/hadoop-ozone/integration-test/target/test-dir/MiniOzoneClusterImpl-aaf233b5-8021-4449-9df2-227d87d78376/datanode-3/data/ratis/14ac5ef5-3303-4585-9824-83984122b78e/in_use.lock acquired by nodename 8701@pr-hdds-2359-w9s2w-3834556564
2019-10-30 11:52:31,664 [pool-57-thread-1] INFO  storage.RaftStorage (RaftStorage.java:format(84)) - Storage directory /workdir/hadoop-ozone/integration-test/target/test-dir/MiniOzoneClusterImpl-aaf233b5-8021-4449-9df2-227d87d78376/datanode-3/data/ratis/14ac5ef5-3303-4585-9824-83984122b78e has been successfully formatted.
2019-10-30 11:52:31,664 [pool-97-thread-1] INFO  storage.RaftStorage (RaftStorage.java:format(84)) - Storage directory /workdir/hadoop-ozone/integration-test/target/test-dir/MiniOzoneClusterImpl-aaf233b5-8021-4449-9df2-227d87d78376/datanode-7/data/ratis/14ac5ef5-3303-4585-9824-83984122b78e has been successfully formatted.
2019-10-30 11:52:31,664 [pool-77-thread-1] INFO  storage.RaftStorage (RaftStorage.java:format(84)) - Storage directory /workdir/hadoop-ozone/integration-test/target/test-dir/MiniOzoneClusterImpl-aaf233b5-8021-4449-9df2-227d87d78376/datanode-5/data/ratis/14ac5ef5-3303-4585-9824-83984122b78e has been successfully formatted.
2019-10-30 11:52:31,664 [pool-57-thread-1] INFO  ratis.ContainerStateMachine (ContainerStateMachine.java:loadSnapshot(231)) - group-83984122B78E: The snapshot info is null. Setting the last applied indexto:(t:0, i:~)
2019-10-30 11:52:31,664 [pool-97-thread-1] INFO  ratis.ContainerStateMachine (ContainerStateMachine.java:loadSnapshot(231)) - group-83984122B78E: The snapshot info is null. Setting the last applied indexto:(t:0, i:~)
2019-10-30 11:52:31,664 [pool-77-thread-1] INFO  ratis.ContainerStateMachine (ContainerStateMachine.java:loadSnapshot(231)) - group-83984122B78E: The snapshot info is null. Setting the last applied indexto:(t:0, i:~)
2019-10-30 11:52:31,664 [pool-97-thread-1] INFO  server.RaftServerConfigKeys (ConfUtils.java:logGet(43)) - raft.server.notification.no-leader.timeout = 120s (custom)
2019-10-30 11:52:31,664 [pool-57-thread-1] INFO  server.RaftServerConfigKeys (ConfUtils.java:logGet(43)) - raft.server.notification.no-leader.timeout = 120s (custom)
2019-10-30 11:52:31,665 [pool-97-thread-1] INFO  server.RaftServerConfigKeys (ConfUtils.java:logGet(43)) - raft.server.log.use.memory = false (default)
2019-10-30 11:52:31,665 [pool-77-thread-1] INFO  server.RaftServerConfigKeys (ConfUtils.java:logGet(43)) - raft.server.notification.no-leader.timeout = 120s (custom)
2019-10-30 11:52:31,665 [pool-97-thread-1] INFO  server.RaftServerConfigKeys (ConfUtils.java:logGet(43)) - raft.server.log.purge.gap = 1000000 (custom)
2019-10-30 11:52:31,665 [pool-57-thread-1] INFO  server.RaftServerConfigKeys (ConfUtils.java:logGet(43)) - raft.server.log.use.memory = false (default)
2019-10-30 11:52:31,665 [pool-97-thread-1] INFO  server.RaftServerConfigKeys (ConfUtils.java:logGet(43)) - raft.server.log.appender.buffer.byte-limit = 33554432 (custom)
2019-10-30 11:52:31,665 [pool-57-thread-1] INFO  server.RaftServerConfigKeys (ConfUtils.java:logGet(43)) - raft.server.log.purge.gap = 1000000 (custom)
2019-10-30 11:52:31,665 [pool-77-thread-1] INFO  server.RaftServerConfigKeys (ConfUtils.java:logGet(43)) - raft.server.log.use.memory = false (default)
2019-10-30 11:52:31,665 [pool-57-thread-1] INFO  server.RaftServerConfigKeys (ConfUtils.java:logGet(43)) - raft.server.log.appender.buffer.byte-limit = 33554432 (custom)
2019-10-30 11:52:31,665 [pool-97-thread-1] INFO  server.RaftServerConfigKeys (ConfUtils.java:logGet(43)) - raft.server.log.segment.size.max = 1048576 (custom)
2019-10-30 11:52:31,666 [pool-57-thread-1] INFO  server.RaftServerConfigKeys (ConfUtils.java:logGet(43)) - raft.server.log.segment.size.max = 1048576 (custom)
2019-10-30 11:52:31,666 [pool-97-thread-1] INFO  server.RaftServerConfigKeys (ConfUtils.java:logGet(43)) - raft.server.log.segment.cache.num.max = 2 (custom)
2019-10-30 11:52:31,665 [pool-77-thread-1] INFO  server.RaftServerConfigKeys (ConfUtils.java:logGet(43)) - raft.server.log.purge.gap = 1000000 (custom)
2019-10-30 11:52:31,666 [pool-97-thread-1] INFO  segmented.SegmentedRaftLogWorker (SegmentedRaftLogWorker.java:<init>(173)) - new 4cc44201-a597-43af-a4ec-5b1b407a6250@group-83984122B78E-SegmentedRaftLogWorker for RaftStorage:Storage Directory /workdir/hadoop-ozone/integration-test/target/test-dir/MiniOzoneClusterImpl-aaf233b5-8021-4449-9df2-227d87d78376/datanode-7/data/ratis/14ac5ef5-3303-4585-9824-83984122b78e
2019-10-30 11:52:31,666 [pool-57-thread-1] INFO  server.RaftServerConfigKeys (ConfUtils.java:logGet(43)) - raft.server.log.segment.cache.num.max = 2 (custom)
2019-10-30 11:52:31,666 [pool-97-thread-1] INFO  server.RaftServerConfigKeys (ConfUtils.java:logGet(43)) - raft.server.log.queue.byte-limit = 2147483647 (custom)
2019-10-30 11:52:31,666 [pool-77-thread-1] INFO  server.RaftServerConfigKeys (ConfUtils.java:logGet(43)) - raft.server.log.appender.buffer.byte-limit = 33554432 (custom)
2019-10-30 11:52:31,666 [pool-97-thread-1] INFO  server.RaftServerConfigKeys (ConfUtils.java:logGet(43)) - raft.server.log.queue.element-limit = 1024 (custom)
2019-10-30 11:52:31,666 [pool-57-thread-1] INFO  segmented.SegmentedRaftLogWorker (SegmentedRaftLogWorker.java:<init>(173)) - new f26e10ed-fb17-49e6-a903-eadc130d13d1@group-83984122B78E-SegmentedRaftLogWorker for RaftStorage:Storage Directory /workdir/hadoop-ozone/integration-test/target/test-dir/MiniOzoneClusterImpl-aaf233b5-8021-4449-9df2-227d87d78376/datanode-3/data/ratis/14ac5ef5-3303-4585-9824-83984122b78e
2019-10-30 11:52:31,666 [pool-97-thread-1] INFO  server.RaftServerConfigKeys (ConfUtils.java:logGet(43)) - raft.server.log.segment.size.max = 1048576 (custom)
2019-10-30 11:52:31,666 [pool-77-thread-1] INFO  server.RaftServerConfigKeys (ConfUtils.java:logGet(43)) - raft.server.log.segment.size.max = 1048576 (custom)
2019-10-30 11:52:31,666 [pool-97-thread-1] INFO  server.RaftServerConfigKeys (ConfUtils.java:logGet(43)) - raft.server.log.preallocated.size = 16384 (custom)
2019-10-30 11:52:31,666 [pool-57-thread-1] INFO  server.RaftServerConfigKeys (ConfUtils.java:logGet(43)) - raft.server.log.queue.byte-limit = 2147483647 (custom)
2019-10-30 11:52:31,667 [pool-97-thread-1] INFO  server.RaftServerConfigKeys (ConfUtils.java:logGet(43)) - raft.server.log.write.buffer.size = 33554432 (custom)
2019-10-30 11:52:31,666 [pool-77-thread-1] INFO  server.RaftServerConfigKeys (ConfUtils.java:logGet(43)) - raft.server.log.segment.cache.num.max = 2 (custom)
2019-10-30 11:52:31,667 [pool-97-thread-1] INFO  server.RaftServerConfigKeys (ConfUtils.java:logGet(43)) - raft.server.log.force.sync.num = 128 (default)
2019-10-30 11:52:31,667 [pool-57-thread-1] INFO  server.RaftServerConfigKeys (ConfUtils.java:logGet(43)) - raft.server.log.queue.element-limit = 1024 (custom)
2019-10-30 11:52:31,667 [pool-97-thread-1] INFO  server.RaftServerConfigKeys (ConfUtils.java:logGet(43)) - raft.server.log.statemachine.data.sync = true (default)
2019-10-30 11:52:31,667 [pool-77-thread-1] INFO  segmented.SegmentedRaftLogWorker (SegmentedRaftLogWorker.java:<init>(173)) - new 4f16e274-8663-4a15-9c4c-c81f650ab979@group-83984122B78E-SegmentedRaftLogWorker for RaftStorage:Storage Directory /workdir/hadoop-ozone/integration-test/target/test-dir/MiniOzoneClusterImpl-aaf233b5-8021-4449-9df2-227d87d78376/datanode-5/data/ratis/14ac5ef5-3303-4585-9824-83984122b78e
2019-10-30 11:52:31,667 [pool-97-thread-1] INFO  server.RaftServerConfigKeys (ConfUtils.java:logGet(43)) - raft.server.log.statemachine.data.sync.timeout = 10s (default)
2019-10-30 11:52:31,667 [pool-57-thread-1] INFO  server.RaftServerConfigKeys (ConfUtils.java:logGet(43)) - raft.server.log.segment.size.max = 1048576 (custom)
2019-10-30 11:52:31,667 [pool-97-thread-1] INFO  server.RaftServerConfigKeys (ConfUtils.java:logGet(43)) - raft.server.log.statemachine.data.sync.timeout.retry = -1 (default)
2019-10-30 11:52:31,667 [pool-77-thread-1] INFO  server.RaftServerConfigKeys (ConfUtils.java:logGet(43)) - raft.server.log.queue.byte-limit = 2147483647 (custom)
2019-10-30 11:52:31,667 [pool-57-thread-1] INFO  server.RaftServerConfigKeys (ConfUtils.java:logGet(43)) - raft.server.log.preallocated.size = 16384 (custom)
2019-10-30 11:52:31,667 [pool-97-thread-1] INFO  server.RaftServerConfigKeys (ConfUtils.java:logGet(43)) - raft.server.log.statemachine.data.caching.enabled = true (custom)
2019-10-30 11:52:31,667 [pool-77-thread-1] INFO  server.RaftServerConfigKeys (ConfUtils.java:logGet(43)) - raft.server.log.queue.element-limit = 1024 (custom)
2019-10-30 11:52:31,667 [pool-57-thread-1] INFO  server.RaftServerConfigKeys (ConfUtils.java:logGet(43)) - raft.server.log.write.buffer.size = 33554432 (custom)
2019-10-30 11:52:31,668 [pool-97-thread-1] INFO  segmented.SegmentedRaftLogWorker (SegmentedRaftLogWorker.java:lambda$new$0(128)) - 4cc44201-a597-43af-a4ec-5b1b407a6250@group-83984122B78E-SegmentedRaftLogWorker: flushIndex: setUnconditionally 0 -> -1
2019-10-30 11:52:31,668 [pool-77-thread-1] INFO  server.RaftServerConfigKeys (ConfUtils.java:logGet(43)) - raft.server.log.segment.size.max = 1048576 (custom)
2019-10-30 11:52:31,668 [pool-57-thread-1] INFO  server.RaftServerConfigKeys (ConfUtils.java:logGet(43)) - raft.server.log.force.sync.num = 128 (default)
2019-10-30 11:52:31,668 [pool-97-thread-1] INFO  server.RaftServerConfigKeys (ConfUtils.java:logGet(43)) - raft.server.snapshot.auto.trigger.enabled = true (custom)
2019-10-30 11:52:31,668 [pool-77-thread-1] INFO  server.RaftServerConfigKeys (ConfUtils.java:logGet(43)) - raft.server.log.preallocated.size = 16384 (custom)
2019-10-30 11:52:31,668 [pool-97-thread-1] INFO  server.RaftServerConfigKeys (ConfUtils.java:logGet(43)) - raft.server.snapshot.auto.trigger.threshold = 10000 (custom)
2019-10-30 11:52:31,668 [pool-57-thread-1] INFO  server.RaftServerConfigKeys (ConfUtils.java:logGet(43)) - raft.server.log.statemachine.data.sync = true (default)
2019-10-30 11:52:31,668 [pool-97-thread-1] INFO  server.RaftServerConfigKeys (ConfUtils.java:logGet(43)) - raft.server.snapshot.retention.file.num = 5 (custom)
2019-10-30 11:52:31,668 [pool-77-thread-1] INFO  server.RaftServerConfigKeys (ConfUtils.java:logGet(43)) - raft.server.log.write.buffer.size = 33554432 (custom)
2019-10-30 11:52:31,668 [pool-97-thread-1] INFO  server.RaftServerConfigKeys (ConfUtils.java:logGet(43)) - raft.server.retrycache.expirytime = 600000ms (custom)
2019-10-30 11:52:31,668 [pool-57-thread-1] INFO  server.RaftServerConfigKeys (ConfUtils.java:logGet(43)) - raft.server.log.statemachine.data.sync.timeout = 10s (default)
2019-10-30 11:52:31,668 [pool-77-thread-1] INFO  server.RaftServerConfigKeys (ConfUtils.java:logGet(43)) - raft.server.log.force.sync.num = 128 (default)
2019-10-30 11:52:31,669 [pool-57-thread-1] INFO  server.RaftServerConfigKeys (ConfUtils.java:logGet(43)) - raft.server.log.statemachine.data.sync.timeout.retry = -1 (default)
2019-10-30 11:52:31,669 [pool-77-thread-1] INFO  server.RaftServerConfigKeys (ConfUtils.java:logGet(43)) - raft.server.log.statemachine.data.sync = true (default)
2019-10-30 11:52:31,669 [pool-57-thread-1] INFO  server.RaftServerConfigKeys (ConfUtils.java:logGet(43)) - raft.server.log.statemachine.data.caching.enabled = true (custom)
2019-10-30 11:52:31,669 [pool-77-thread-1] INFO  server.RaftServerConfigKeys (ConfUtils.java:logGet(43)) - raft.server.log.statemachine.data.sync.timeout = 10s (default)
2019-10-30 11:52:31,669 [pool-57-thread-1] INFO  segmented.SegmentedRaftLogWorker (SegmentedRaftLogWorker.java:lambda$new$0(128)) - f26e10ed-fb17-49e6-a903-eadc130d13d1@group-83984122B78E-SegmentedRaftLogWorker: flushIndex: setUnconditionally 0 -> -1
2019-10-30 11:52:31,669 [pool-77-thread-1] INFO  server.RaftServerConfigKeys (ConfUtils.java:logGet(43)) - raft.server.log.statemachine.data.sync.timeout.retry = -1 (default)
2019-10-30 11:52:31,669 [pool-57-thread-1] INFO  server.RaftServerConfigKeys (ConfUtils.java:logGet(43)) - raft.server.snapshot.auto.trigger.enabled = true (custom)
2019-10-30 11:52:31,669 [pool-77-thread-1] INFO  server.RaftServerConfigKeys (ConfUtils.java:logGet(43)) - raft.server.log.statemachine.data.caching.enabled = true (custom)
2019-10-30 11:52:31,669 [pool-57-thread-1] INFO  server.RaftServerConfigKeys (ConfUtils.java:logGet(43)) - raft.server.snapshot.auto.trigger.threshold = 10000 (custom)
2019-10-30 11:52:31,670 [pool-57-thread-1] INFO  server.RaftServerConfigKeys (ConfUtils.java:logGet(43)) - raft.server.snapshot.retention.file.num = 5 (custom)
2019-10-30 11:52:31,670 [pool-77-thread-1] INFO  segmented.SegmentedRaftLogWorker (SegmentedRaftLogWorker.java:lambda$new$0(128)) - 4f16e274-8663-4a15-9c4c-c81f650ab979@group-83984122B78E-SegmentedRaftLogWorker: flushIndex: setUnconditionally 0 -> -1
2019-10-30 11:52:31,670 [pool-57-thread-1] INFO  server.RaftServerConfigKeys (ConfUtils.java:logGet(43)) - raft.server.retrycache.expirytime = 600000ms (custom)
2019-10-30 11:52:31,670 [pool-77-thread-1] INFO  server.RaftServerConfigKeys (ConfUtils.java:logGet(43)) - raft.server.snapshot.auto.trigger.enabled = true (custom)
2019-10-30 11:52:31,670 [pool-77-thread-1] INFO  server.RaftServerConfigKeys (ConfUtils.java:logGet(43)) - raft.server.snapshot.auto.trigger.threshold = 10000 (custom)
2019-10-30 11:52:31,670 [pool-77-thread-1] INFO  server.RaftServerConfigKeys (ConfUtils.java:logGet(43)) - raft.server.snapshot.retention.file.num = 5 (custom)
2019-10-30 11:52:31,670 [pool-97-thread-1] INFO  impl.RaftServerImpl (RaftServerImpl.java:start(195)) - 4cc44201-a597-43af-a4ec-5b1b407a6250@group-83984122B78E: start as a follower, conf=-1: [4f16e274-8663-4a15-9c4c-c81f650ab979:192.168.157.220:38181, 4cc44201-a597-43af-a4ec-5b1b407a6250:192.168.157.220:36685, f26e10ed-fb17-49e6-a903-eadc130d13d1:192.168.157.220:32806], old=null
2019-10-30 11:52:31,670 [pool-77-thread-1] INFO  server.RaftServerConfigKeys (ConfUtils.java:logGet(43)) - raft.server.retrycache.expirytime = 600000ms (custom)
2019-10-30 11:52:31,670 [pool-97-thread-1] INFO  impl.RaftServerImpl (RaftServerImpl.java:setRole(184)) - 4cc44201-a597-43af-a4ec-5b1b407a6250@group-83984122B78E: changes role from      null to FOLLOWER at term 0 for startAsFollower
2019-10-30 11:52:31,671 [pool-97-thread-1] INFO  impl.RoleInfo (RoleInfo.java:updateAndGet(143)) - 4cc44201-a597-43af-a4ec-5b1b407a6250: start FollowerState
2019-10-30 11:52:31,671 [pool-97-thread-1] INFO  util.JmxRegister (JmxRegister.java:tryRegister(44)) - Successfully registered JMX Bean with object name Ratis:service=RaftServer,group=group-83984122B78E,id=4cc44201-a597-43af-a4ec-5b1b407a6250
2019-10-30 11:52:31,671 [pool-57-thread-1] INFO  impl.RaftServerImpl (RaftServerImpl.java:start(195)) - f26e10ed-fb17-49e6-a903-eadc130d13d1@group-83984122B78E: start as a follower, conf=-1: [4f16e274-8663-4a15-9c4c-c81f650ab979:192.168.157.220:38181, 4cc44201-a597-43af-a4ec-5b1b407a6250:192.168.157.220:36685, f26e10ed-fb17-49e6-a903-eadc130d13d1:192.168.157.220:32806], old=null
2019-10-30 11:52:31,671 [pool-57-thread-1] INFO  impl.RaftServerImpl (RaftServerImpl.java:setRole(184)) - f26e10ed-fb17-49e6-a903-eadc130d13d1@group-83984122B78E: changes role from      null to FOLLOWER at term 0 for startAsFollower
2019-10-30 11:52:31,672 [pool-57-thread-1] INFO  impl.RoleInfo (RoleInfo.java:updateAndGet(143)) - f26e10ed-fb17-49e6-a903-eadc130d13d1: start FollowerState
2019-10-30 11:52:31,672 [pool-57-thread-1] INFO  util.JmxRegister (JmxRegister.java:tryRegister(44)) - Successfully registered JMX Bean with object name Ratis:service=RaftServer,group=group-83984122B78E,id=f26e10ed-fb17-49e6-a903-eadc130d13d1
2019-10-30 11:52:31,673 [pool-77-thread-1] INFO  impl.RaftServerImpl (RaftServerImpl.java:start(195)) - 4f16e274-8663-4a15-9c4c-c81f650ab979@group-83984122B78E: start as a follower, conf=-1: [4f16e274-8663-4a15-9c4c-c81f650ab979:192.168.157.220:38181, 4cc44201-a597-43af-a4ec-5b1b407a6250:192.168.157.220:36685, f26e10ed-fb17-49e6-a903-eadc130d13d1:192.168.157.220:32806], old=null
2019-10-30 11:52:31,673 [pool-77-thread-1] INFO  impl.RaftServerImpl (RaftServerImpl.java:setRole(184)) - 4f16e274-8663-4a15-9c4c-c81f650ab979@group-83984122B78E: changes role from      null to FOLLOWER at term 0 for startAsFollower
2019-10-30 11:52:31,674 [pool-77-thread-1] INFO  impl.RoleInfo (RoleInfo.java:updateAndGet(143)) - 4f16e274-8663-4a15-9c4c-c81f650ab979: start FollowerState
2019-10-30 11:52:31,674 [pool-77-thread-1] INFO  util.JmxRegister (JmxRegister.java:tryRegister(44)) - Successfully registered JMX Bean with object name Ratis:service=RaftServer,group=group-83984122B78E,id=4f16e274-8663-4a15-9c4c-c81f650ab979
2019-10-30 11:52:31,696 [RatisPipelineUtilsThread] INFO  pipeline.PipelineStateManager (PipelineStateManager.java:addPipeline(56)) - Created pipeline Pipeline[ Id: 14ac5ef5-3303-4585-9824-83984122b78e, Nodes: 4cc44201-a597-43af-a4ec-5b1b407a6250{ip: 192.168.157.220, host: pr-hdds-2359-w9s2w-3834556564, networkLocation: /default-rack, certSerialId: null}f26e10ed-fb17-49e6-a903-eadc130d13d1{ip: 192.168.157.220, host: pr-hdds-2359-w9s2w-3834556564, networkLocation: /default-rack, certSerialId: null}4f16e274-8663-4a15-9c4c-c81f650ab979{ip: 192.168.157.220, host: pr-hdds-2359-w9s2w-3834556564, networkLocation: /default-rack, certSerialId: null}, Type:RATIS, Factor:THREE, State:OPEN]
2019-10-30 11:52:31,709 [grpc-default-executor-0] INFO  impl.RaftServerProxy (RaftServerProxy.java:addNew(89)) - 9b3ef6c9-0245-4756-bf80-45d41f7a4453: addNew group-F367C8FA5986:[9b3ef6c9-0245-4756-bf80-45d41f7a4453:192.168.157.220:37058, cd11b2f5-3187-4d03-bd60-931991550c17:192.168.157.220:43236, 9dbd5372-55c2-4532-b354-9494d3d545d2:192.168.157.220:42993] returns group-F367C8FA5986:java.util.concurrent.CompletableFuture@284f109e[Not completed]
2019-10-30 11:52:31,712 [grpc-default-executor-0] INFO  impl.RaftServerProxy (RaftServerProxy.java:addNew(89)) - 9dbd5372-55c2-4532-b354-9494d3d545d2: addNew group-F367C8FA5986:[9b3ef6c9-0245-4756-bf80-45d41f7a4453:192.168.157.220:37058, cd11b2f5-3187-4d03-bd60-931991550c17:192.168.157.220:43236, 9dbd5372-55c2-4532-b354-9494d3d545d2:192.168.157.220:42993] returns group-F367C8FA5986:java.util.concurrent.CompletableFuture@1273e7ef[Not completed]
2019-10-30 11:52:31,712 [pool-117-thread-1] INFO  impl.RaftServerImpl (RaftServerImpl.java:<init>(104)) - 9b3ef6c9-0245-4756-bf80-45d41f7a4453: new RaftServerImpl for group-F367C8FA5986:[9b3ef6c9-0245-4756-bf80-45d41f7a4453:192.168.157.220:37058, cd11b2f5-3187-4d03-bd60-931991550c17:192.168.157.220:43236, 9dbd5372-55c2-4532-b354-9494d3d545d2:192.168.157.220:42993] with ContainerStateMachine:uninitialized
2019-10-30 11:52:31,714 [pool-117-thread-1] INFO  server.RaftServerConfigKeys (ConfUtils.java:logGet(43)) - raft.server.rpc.timeout.min = 1s (custom)
2019-10-30 11:52:31,714 [grpc-default-executor-0] INFO  impl.RaftServerProxy (RaftServerProxy.java:addNew(89)) - cd11b2f5-3187-4d03-bd60-931991550c17: addNew group-F367C8FA5986:[9b3ef6c9-0245-4756-bf80-45d41f7a4453:192.168.157.220:37058, cd11b2f5-3187-4d03-bd60-931991550c17:192.168.157.220:43236, 9dbd5372-55c2-4532-b354-9494d3d545d2:192.168.157.220:42993] returns group-F367C8FA5986:java.util.concurrent.CompletableFuture@59c537bd[Not completed]
2019-10-30 11:52:31,714 [pool-117-thread-1] INFO  server.RaftServerConfigKeys (ConfUtils.java:logGet(43)) - raft.server.rpc.timeout.max = 1200ms (custom)
2019-10-30 11:52:31,714 [pool-117-thread-1] INFO  server.RaftServerConfigKeys (ConfUtils.java:logGet(43)) - raft.server.rpcslowness.timeout = 120s (custom)
2019-10-30 11:52:31,714 [pool-117-thread-1] INFO  server.RaftServerConfigKeys (ConfUtils.java:logGet(43)) - raft.server.sleep.deviation.threshold = 300 (default)
2019-10-30 11:52:31,715 [pool-117-thread-1] INFO  server.RaftServerConfigKeys (ConfUtils.java:logGet(43)) - raft.server.log.appender.install.snapshot.enabled = false (custom)
2019-10-30 11:52:31,715 [pool-117-thread-1] INFO  impl.RaftServerImpl (ServerState.java:<init>(103)) - 9b3ef6c9-0245-4756-bf80-45d41f7a4453@group-F367C8FA5986: ConfigurationManager, init=-1: [9b3ef6c9-0245-4756-bf80-45d41f7a4453:192.168.157.220:37058, cd11b2f5-3187-4d03-bd60-931991550c17:192.168.157.220:43236, 9dbd5372-55c2-4532-b354-9494d3d545d2:192.168.157.220:42993], old=null, confs=<EMPTY_MAP>
2019-10-30 11:52:31,715 [pool-67-thread-1] INFO  impl.RaftServerImpl (RaftServerImpl.java:<init>(104)) - 9dbd5372-55c2-4532-b354-9494d3d545d2: new RaftServerImpl for group-F367C8FA5986:[9b3ef6c9-0245-4756-bf80-45d41f7a4453:192.168.157.220:37058, cd11b2f5-3187-4d03-bd60-931991550c17:192.168.157.220:43236, 9dbd5372-55c2-4532-b354-9494d3d545d2:192.168.157.220:42993] with ContainerStateMachine:uninitialized
2019-10-30 11:52:31,715 [pool-117-thread-1] INFO  server.RaftServerConfigKeys (ConfUtils.java:logGet(43)) - raft.server.storage.dir = [/workdir/hadoop-ozone/integration-test/target/test-dir/MiniOzoneClusterImpl-aaf233b5-8021-4449-9df2-227d87d78376/datanode-9/data/ratis] (custom)
2019-10-30 11:52:31,715 [pool-117-thread-1] INFO  server.RaftServerConfigKeys (ConfUtils.java:logGet(43)) - raft.server.log.corruption.policy = EXCEPTION (default)
2019-10-30 11:52:31,715 [pool-117-thread-1] INFO  storage.RaftStorageDirectory (RaftStorageDirectory.java:analyzeStorage(246)) - The storage directory /workdir/hadoop-ozone/integration-test/target/test-dir/MiniOzoneClusterImpl-aaf233b5-8021-4449-9df2-227d87d78376/datanode-9/data/ratis/0a097f00-4378-4a1e-b584-f367c8fa5986 does not exist. Creating ...
2019-10-30 11:52:31,716 [pool-47-thread-1] INFO  impl.RaftServerImpl (RaftServerImpl.java:<init>(104)) - cd11b2f5-3187-4d03-bd60-931991550c17: new RaftServerImpl for group-F367C8FA5986:[9b3ef6c9-0245-4756-bf80-45d41f7a4453:192.168.157.220:37058, cd11b2f5-3187-4d03-bd60-931991550c17:192.168.157.220:43236, 9dbd5372-55c2-4532-b354-9494d3d545d2:192.168.157.220:42993] with ContainerStateMachine:uninitialized
2019-10-30 11:52:31,716 [pool-47-thread-1] INFO  server.RaftServerConfigKeys (ConfUtils.java:logGet(43)) - raft.server.rpc.timeout.min = 1s (custom)
2019-10-30 11:52:31,716 [pool-47-thread-1] INFO  server.RaftServerConfigKeys (ConfUtils.java:logGet(43)) - raft.server.rpc.timeout.max = 1200ms (custom)
2019-10-30 11:52:31,716 [pool-47-thread-1] INFO  server.RaftServerConfigKeys (ConfUtils.java:logGet(43)) - raft.server.rpcslowness.timeout = 120s (custom)
2019-10-30 11:52:31,716 [pool-47-thread-1] INFO  server.RaftServerConfigKeys (ConfUtils.java:logGet(43)) - raft.server.sleep.deviation.threshold = 300 (default)
2019-10-30 11:52:31,716 [pool-47-thread-1] INFO  server.RaftServerConfigKeys (ConfUtils.java:logGet(43)) - raft.server.log.appender.install.snapshot.enabled = false (custom)
2019-10-30 11:52:31,716 [pool-47-thread-1] INFO  impl.RaftServerImpl (ServerState.java:<init>(103)) - cd11b2f5-3187-4d03-bd60-931991550c17@group-F367C8FA5986: ConfigurationManager, init=-1: [9b3ef6c9-0245-4756-bf80-45d41f7a4453:192.168.157.220:37058, cd11b2f5-3187-4d03-bd60-931991550c17:192.168.157.220:43236, 9dbd5372-55c2-4532-b354-9494d3d545d2:192.168.157.220:42993], old=null, confs=<EMPTY_MAP>
2019-10-30 11:52:31,717 [pool-47-thread-1] INFO  server.RaftServerConfigKeys (ConfUtils.java:logGet(43)) - raft.server.storage.dir = [/workdir/hadoop-ozone/integration-test/target/test-dir/MiniOzoneClusterImpl-aaf233b5-8021-4449-9df2-227d87d78376/datanode-2/data/ratis] (custom)
2019-10-30 11:52:31,717 [pool-47-thread-1] INFO  server.RaftServerConfigKeys (ConfUtils.java:logGet(43)) - raft.server.log.corruption.policy = EXCEPTION (default)
2019-10-30 11:52:31,715 [pool-67-thread-1] INFO  server.RaftServerConfigKeys (ConfUtils.java:logGet(43)) - raft.server.rpc.timeout.min = 1s (custom)
2019-10-30 11:52:31,717 [pool-47-thread-1] INFO  storage.RaftStorageDirectory (RaftStorageDirectory.java:analyzeStorage(246)) - The storage directory /workdir/hadoop-ozone/integration-test/target/test-dir/MiniOzoneClusterImpl-aaf233b5-8021-4449-9df2-227d87d78376/datanode-2/data/ratis/0a097f00-4378-4a1e-b584-f367c8fa5986 does not exist. Creating ...
2019-10-30 11:52:31,717 [pool-67-thread-1] INFO  server.RaftServerConfigKeys (ConfUtils.java:logGet(43)) - raft.server.rpc.timeout.max = 1200ms (custom)
2019-10-30 11:52:31,717 [pool-67-thread-1] INFO  server.RaftServerConfigKeys (ConfUtils.java:logGet(43)) - raft.server.rpcslowness.timeout = 120s (custom)
2019-10-30 11:52:31,717 [Thread-337] INFO  impl.FollowerState (FollowerState.java:run(108)) - 4f16e274-8663-4a15-9c4c-c81f650ab979@group-83984122B78E-FollowerState: change to CANDIDATE, lastRpcTime:43ms, electionTimeout:43ms
2019-10-30 11:52:31,717 [pool-67-thread-1] INFO  server.RaftServerConfigKeys (ConfUtils.java:logGet(43)) - raft.server.sleep.deviation.threshold = 300 (default)
2019-10-30 11:52:31,718 [Thread-337] INFO  impl.RoleInfo (RoleInfo.java:shutdownFollowerState(121)) - 4f16e274-8663-4a15-9c4c-c81f650ab979: shutdown FollowerState
2019-10-30 11:52:31,718 [pool-67-thread-1] INFO  server.RaftServerConfigKeys (ConfUtils.java:logGet(43)) - raft.server.log.appender.install.snapshot.enabled = false (custom)
2019-10-30 11:52:31,718 [Thread-337] INFO  impl.RaftServerImpl (RaftServerImpl.java:setRole(184)) - 4f16e274-8663-4a15-9c4c-c81f650ab979@group-83984122B78E: changes role from  FOLLOWER to CANDIDATE at term 0 for changeToCandidate
2019-10-30 11:52:31,718 [pool-67-thread-1] INFO  impl.RaftServerImpl (ServerState.java:<init>(103)) - 9dbd5372-55c2-4532-b354-9494d3d545d2@group-F367C8FA5986: ConfigurationManager, init=-1: [9b3ef6c9-0245-4756-bf80-45d41f7a4453:192.168.157.220:37058, cd11b2f5-3187-4d03-bd60-931991550c17:192.168.157.220:43236, 9dbd5372-55c2-4532-b354-9494d3d545d2:192.168.157.220:42993], old=null, confs=<EMPTY_MAP>
2019-10-30 11:52:31,718 [Thread-337] INFO  impl.RoleInfo (RoleInfo.java:updateAndGet(143)) - 4f16e274-8663-4a15-9c4c-c81f650ab979: start LeaderElection
2019-10-30 11:52:31,718 [pool-67-thread-1] INFO  server.RaftServerConfigKeys (ConfUtils.java:logGet(43)) - raft.server.storage.dir = [/workdir/hadoop-ozone/integration-test/target/test-dir/MiniOzoneClusterImpl-aaf233b5-8021-4449-9df2-227d87d78376/datanode-4/data/ratis] (custom)
2019-10-30 11:52:31,718 [pool-67-thread-1] INFO  server.RaftServerConfigKeys (ConfUtils.java:logGet(43)) - raft.server.log.corruption.policy = EXCEPTION (default)
2019-10-30 11:52:31,721 [pool-67-thread-1] INFO  storage.RaftStorageDirectory (RaftStorageDirectory.java:analyzeStorage(246)) - The storage directory /workdir/hadoop-ozone/integration-test/target/test-dir/MiniOzoneClusterImpl-aaf233b5-8021-4449-9df2-227d87d78376/datanode-4/data/ratis/0a097f00-4378-4a1e-b584-f367c8fa5986 does not exist. Creating ...
2019-10-30 11:52:31,744 [pool-67-thread-1] INFO  storage.RaftStorageDirectory (RaftStorageDirectory.java:tryLock(328)) - Lock on /workdir/hadoop-ozone/integration-test/target/test-dir/MiniOzoneClusterImpl-aaf233b5-8021-4449-9df2-227d87d78376/datanode-4/data/ratis/0a097f00-4378-4a1e-b584-f367c8fa5986/in_use.lock acquired by nodename 8701@pr-hdds-2359-w9s2w-3834556564
2019-10-30 11:52:31,744 [pool-117-thread-1] INFO  storage.RaftStorageDirectory (RaftStorageDirectory.java:tryLock(328)) - Lock on /workdir/hadoop-ozone/integration-test/target/test-dir/MiniOzoneClusterImpl-aaf233b5-8021-4449-9df2-227d87d78376/datanode-9/data/ratis/0a097f00-4378-4a1e-b584-f367c8fa5986/in_use.lock acquired by nodename 8701@pr-hdds-2359-w9s2w-3834556564
2019-10-30 11:52:31,744 [pool-47-thread-1] INFO  storage.RaftStorageDirectory (RaftStorageDirectory.java:tryLock(328)) - Lock on /workdir/hadoop-ozone/integration-test/target/test-dir/MiniOzoneClusterImpl-aaf233b5-8021-4449-9df2-227d87d78376/datanode-2/data/ratis/0a097f00-4378-4a1e-b584-f367c8fa5986/in_use.lock acquired by nodename 8701@pr-hdds-2359-w9s2w-3834556564
2019-10-30 11:52:31,745 [4f16e274-8663-4a15-9c4c-c81f650ab979@group-83984122B78E-LeaderElection10] INFO  impl.LeaderElection (LeaderElection.java:askForVotes(178)) - 4f16e274-8663-4a15-9c4c-c81f650ab979@group-83984122B78E-LeaderElection10: begin an election at term 1 for -1: [4f16e274-8663-4a15-9c4c-c81f650ab979:192.168.157.220:38181, 4cc44201-a597-43af-a4ec-5b1b407a6250:192.168.157.220:36685, f26e10ed-fb17-49e6-a903-eadc130d13d1:192.168.157.220:32806], old=null
2019-10-30 11:52:31,757 [Thread-330] INFO  impl.FollowerState (FollowerState.java:run(108)) - 6ed35211-36a6-405a-b1db-549f65da443e@group-57B25F63BB04-FollowerState: change to CANDIDATE, lastRpcTime:170ms, electionTimeout:170ms
2019-10-30 11:52:31,757 [Thread-330] INFO  impl.RoleInfo (RoleInfo.java:shutdownFollowerState(121)) - 6ed35211-36a6-405a-b1db-549f65da443e: shutdown FollowerState
2019-10-30 11:52:31,759 [pool-67-thread-1] INFO  storage.RaftStorage (RaftStorage.java:format(84)) - Storage directory /workdir/hadoop-ozone/integration-test/target/test-dir/MiniOzoneClusterImpl-aaf233b5-8021-4449-9df2-227d87d78376/datanode-4/data/ratis/0a097f00-4378-4a1e-b584-f367c8fa5986 has been successfully formatted.
2019-10-30 11:52:31,759 [Thread-330] INFO  impl.RaftServerImpl (RaftServerImpl.java:setRole(184)) - 6ed35211-36a6-405a-b1db-549f65da443e@group-57B25F63BB04: changes role from  FOLLOWER to CANDIDATE at term 0 for changeToCandidate
2019-10-30 11:52:31,759 [pool-47-thread-1] INFO  storage.RaftStorage (RaftStorage.java:format(84)) - Storage directory /workdir/hadoop-ozone/integration-test/target/test-dir/MiniOzoneClusterImpl-aaf233b5-8021-4449-9df2-227d87d78376/datanode-2/data/ratis/0a097f00-4378-4a1e-b584-f367c8fa5986 has been successfully formatted.
2019-10-30 11:52:31,759 [pool-117-thread-1] INFO  storage.RaftStorage (RaftStorage.java:format(84)) - Storage directory /workdir/hadoop-ozone/integration-test/target/test-dir/MiniOzoneClusterImpl-aaf233b5-8021-4449-9df2-227d87d78376/datanode-9/data/ratis/0a097f00-4378-4a1e-b584-f367c8fa5986 has been successfully formatted.
2019-10-30 11:52:31,759 [pool-47-thread-1] INFO  ratis.ContainerStateMachine (ContainerStateMachine.java:loadSnapshot(231)) - group-F367C8FA5986: The snapshot info is null. Setting the last applied indexto:(t:0, i:~)
2019-10-30 11:52:31,759 [pool-47-thread-1] INFO  server.RaftServerConfigKeys (ConfUtils.java:logGet(43)) - raft.server.notification.no-leader.timeout = 120s (custom)
2019-10-30 11:52:31,759 [Thread-330] INFO  impl.RoleInfo (RoleInfo.java:updateAndGet(143)) - 6ed35211-36a6-405a-b1db-549f65da443e: start LeaderElection
2019-10-30 11:52:31,759 [pool-67-thread-1] INFO  ratis.ContainerStateMachine (ContainerStateMachine.java:loadSnapshot(231)) - group-F367C8FA5986: The snapshot info is null. Setting the last applied indexto:(t:0, i:~)
2019-10-30 11:52:31,759 [pool-47-thread-1] INFO  server.RaftServerConfigKeys (ConfUtils.java:logGet(43)) - raft.server.log.use.memory = false (default)
2019-10-30 11:52:31,759 [pool-117-thread-1] INFO  ratis.ContainerStateMachine (ContainerStateMachine.java:loadSnapshot(231)) - group-F367C8FA5986: The snapshot info is null. Setting the last applied indexto:(t:0, i:~)
2019-10-30 11:52:31,760 [pool-47-thread-1] INFO  server.RaftServerConfigKeys (ConfUtils.java:logGet(43)) - raft.server.log.purge.gap = 1000000 (custom)
2019-10-30 11:52:31,760 [pool-117-thread-1] INFO  server.RaftServerConfigKeys (ConfUtils.java:logGet(43)) - raft.server.notification.no-leader.timeout = 120s (custom)
2019-10-30 11:52:31,760 [pool-67-thread-1] INFO  server.RaftServerConfigKeys (ConfUtils.java:logGet(43)) - raft.server.notification.no-leader.timeout = 120s (custom)
2019-10-30 11:52:31,763 [pool-67-thread-1] INFO  server.RaftServerConfigKeys (ConfUtils.java:logGet(43)) - raft.server.log.use.memory = false (default)
2019-10-30 11:52:31,763 [pool-117-thread-1] INFO  server.RaftServerConfigKeys (ConfUtils.java:logGet(43)) - raft.server.log.use.memory = false (default)
2019-10-30 11:52:31,760 [pool-47-thread-1] INFO  server.RaftServerConfigKeys (ConfUtils.java:logGet(43)) - raft.server.log.appender.buffer.byte-limit = 33554432 (custom)
2019-10-30 11:52:31,764 [pool-117-thread-1] INFO  server.RaftServerConfigKeys (ConfUtils.java:logGet(43)) - raft.server.log.purge.gap = 1000000 (custom)
2019-10-30 11:52:31,764 [pool-117-thread-1] INFO  server.RaftServerConfigKeys (ConfUtils.java:logGet(43)) - raft.server.log.appender.buffer.byte-limit = 33554432 (custom)
2019-10-30 11:52:31,764 [pool-117-thread-1] INFO  server.RaftServerConfigKeys (ConfUtils.java:logGet(43)) - raft.server.log.segment.size.max = 1048576 (custom)
2019-10-30 11:52:31,764 [pool-117-thread-1] INFO  server.RaftServerConfigKeys (ConfUtils.java:logGet(43)) - raft.server.log.segment.cache.num.max = 2 (custom)
2019-10-30 11:52:31,766 [pool-117-thread-1] INFO  segmented.SegmentedRaftLogWorker (SegmentedRaftLogWorker.java:<init>(173)) - new 9b3ef6c9-0245-4756-bf80-45d41f7a4453@group-F367C8FA5986-SegmentedRaftLogWorker for RaftStorage:Storage Directory /workdir/hadoop-ozone/integration-test/target/test-dir/MiniOzoneClusterImpl-aaf233b5-8021-4449-9df2-227d87d78376/datanode-9/data/ratis/0a097f00-4378-4a1e-b584-f367c8fa5986
2019-10-30 11:52:31,766 [pool-117-thread-1] INFO  server.RaftServerConfigKeys (ConfUtils.java:logGet(43)) - raft.server.log.queue.byte-limit = 2147483647 (custom)
2019-10-30 11:52:31,766 [pool-117-thread-1] INFO  server.RaftServerConfigKeys (ConfUtils.java:logGet(43)) - raft.server.log.queue.element-limit = 1024 (custom)
2019-10-30 11:52:31,764 [pool-67-thread-1] INFO  server.RaftServerConfigKeys (ConfUtils.java:logGet(43)) - raft.server.log.purge.gap = 1000000 (custom)
2019-10-30 11:52:31,766 [grpc-default-executor-0] INFO  impl.RaftServerImpl (RaftServerImpl.java:setRole(184)) - f26e10ed-fb17-49e6-a903-eadc130d13d1@group-83984122B78E: changes role from  FOLLOWER to FOLLOWER at term 1 for recognizeCandidate:4f16e274-8663-4a15-9c4c-c81f650ab979
2019-10-30 11:52:31,766 [grpc-default-executor-0] INFO  impl.RoleInfo (RoleInfo.java:shutdownFollowerState(121)) - f26e10ed-fb17-49e6-a903-eadc130d13d1: shutdown FollowerState
2019-10-30 11:52:31,767 [Thread-336] INFO  impl.FollowerState (FollowerState.java:run(117)) - f26e10ed-fb17-49e6-a903-eadc130d13d1@group-83984122B78E-FollowerState was interrupted: java.lang.InterruptedException: sleep interrupted
2019-10-30 11:52:31,766 [grpc-default-executor-2] INFO  impl.RaftServerImpl (RaftServerImpl.java:setRole(184)) - 4cc44201-a597-43af-a4ec-5b1b407a6250@group-83984122B78E: changes role from  FOLLOWER to FOLLOWER at term 1 for recognizeCandidate:4f16e274-8663-4a15-9c4c-c81f650ab979
2019-10-30 11:52:31,764 [pool-47-thread-1] INFO  server.RaftServerConfigKeys (ConfUtils.java:logGet(43)) - raft.server.log.segment.size.max = 1048576 (custom)
2019-10-30 11:52:31,768 [grpc-default-executor-2] INFO  impl.RoleInfo (RoleInfo.java:shutdownFollowerState(121)) - 4cc44201-a597-43af-a4ec-5b1b407a6250: shutdown FollowerState
2019-10-30 11:52:31,768 [Thread-335] INFO  impl.FollowerState (FollowerState.java:run(117)) - 4cc44201-a597-43af-a4ec-5b1b407a6250@group-83984122B78E-FollowerState was interrupted: java.lang.InterruptedException: sleep interrupted
2019-10-30 11:52:31,767 [grpc-default-executor-0] INFO  impl.RoleInfo (RoleInfo.java:updateAndGet(143)) - f26e10ed-fb17-49e6-a903-eadc130d13d1: start FollowerState
2019-10-30 11:52:31,766 [pool-117-thread-1] INFO  server.RaftServerConfigKeys (ConfUtils.java:logGet(43)) - raft.server.log.segment.size.max = 1048576 (custom)
2019-10-30 11:52:31,769 [pool-117-thread-1] INFO  server.RaftServerConfigKeys (ConfUtils.java:logGet(43)) - raft.server.log.preallocated.size = 16384 (custom)
2019-10-30 11:52:31,769 [pool-117-thread-1] INFO  server.RaftServerConfigKeys (ConfUtils.java:logGet(43)) - raft.server.log.write.buffer.size = 33554432 (custom)
2019-10-30 11:52:31,770 [pool-117-thread-1] INFO  server.RaftServerConfigKeys (ConfUtils.java:logGet(43)) - raft.server.log.force.sync.num = 128 (default)
2019-10-30 11:52:31,770 [pool-117-thread-1] INFO  server.RaftServerConfigKeys (ConfUtils.java:logGet(43)) - raft.server.log.statemachine.data.sync = true (default)
2019-10-30 11:52:31,770 [pool-117-thread-1] INFO  server.RaftServerConfigKeys (ConfUtils.java:logGet(43)) - raft.server.log.statemachine.data.sync.timeout = 10s (default)
2019-10-30 11:52:31,770 [pool-117-thread-1] INFO  server.RaftServerConfigKeys (ConfUtils.java:logGet(43)) - raft.server.log.statemachine.data.sync.timeout.retry = -1 (default)
2019-10-30 11:52:31,770 [pool-117-thread-1] INFO  server.RaftServerConfigKeys (ConfUtils.java:logGet(43)) - raft.server.log.statemachine.data.caching.enabled = true (custom)
2019-10-30 11:52:31,766 [pool-67-thread-1] INFO  server.RaftServerConfigKeys (ConfUtils.java:logGet(43)) - raft.server.log.appender.buffer.byte-limit = 33554432 (custom)
2019-10-30 11:52:31,768 [grpc-default-executor-2] INFO  impl.RoleInfo (RoleInfo.java:updateAndGet(143)) - 4cc44201-a597-43af-a4ec-5b1b407a6250: start FollowerState
2019-10-30 11:52:31,768 [pool-47-thread-1] INFO  server.RaftServerConfigKeys (ConfUtils.java:logGet(43)) - raft.server.log.segment.cache.num.max = 2 (custom)
2019-10-30 11:52:31,771 [pool-67-thread-1] INFO  server.RaftServerConfigKeys (ConfUtils.java:logGet(43)) - raft.server.log.segment.size.max = 1048576 (custom)
2019-10-30 11:52:31,771 [pool-47-thread-1] INFO  segmented.SegmentedRaftLogWorker (SegmentedRaftLogWorker.java:<init>(173)) - new cd11b2f5-3187-4d03-bd60-931991550c17@group-F367C8FA5986-SegmentedRaftLogWorker for RaftStorage:Storage Directory /workdir/hadoop-ozone/integration-test/target/test-dir/MiniOzoneClusterImpl-aaf233b5-8021-4449-9df2-227d87d78376/datanode-2/data/ratis/0a097f00-4378-4a1e-b584-f367c8fa5986
2019-10-30 11:52:31,771 [pool-67-thread-1] INFO  server.RaftServerConfigKeys (ConfUtils.java:logGet(43)) - raft.server.log.segment.cache.num.max = 2 (custom)
2019-10-30 11:52:31,771 [pool-47-thread-1] INFO  server.RaftServerConfigKeys (ConfUtils.java:logGet(43)) - raft.server.log.queue.byte-limit = 2147483647 (custom)
2019-10-30 11:52:31,772 [pool-47-thread-1] INFO  server.RaftServerConfigKeys (ConfUtils.java:logGet(43)) - raft.server.log.queue.element-limit = 1024 (custom)
2019-10-30 11:52:31,772 [pool-47-thread-1] INFO  server.RaftServerConfigKeys (ConfUtils.java:logGet(43)) - raft.server.log.segment.size.max = 1048576 (custom)
2019-10-30 11:52:31,772 [pool-47-thread-1] INFO  server.RaftServerConfigKeys (ConfUtils.java:logGet(43)) - raft.server.log.preallocated.size = 16384 (custom)
2019-10-30 11:52:31,772 [pool-47-thread-1] INFO  server.RaftServerConfigKeys (ConfUtils.java:logGet(43)) - raft.server.log.write.buffer.size = 33554432 (custom)
2019-10-30 11:52:31,771 [pool-67-thread-1] INFO  segmented.SegmentedRaftLogWorker (SegmentedRaftLogWorker.java:<init>(173)) - new 9dbd5372-55c2-4532-b354-9494d3d545d2@group-F367C8FA5986-SegmentedRaftLogWorker for RaftStorage:Storage Directory /workdir/hadoop-ozone/integration-test/target/test-dir/MiniOzoneClusterImpl-aaf233b5-8021-4449-9df2-227d87d78376/datanode-4/data/ratis/0a097f00-4378-4a1e-b584-f367c8fa5986
2019-10-30 11:52:31,772 [pool-47-thread-1] INFO  server.RaftServerConfigKeys (ConfUtils.java:logGet(43)) - raft.server.log.force.sync.num = 128 (default)
2019-10-30 11:52:31,772 [pool-117-thread-1] INFO  segmented.SegmentedRaftLogWorker (SegmentedRaftLogWorker.java:lambda$new$0(128)) - 9b3ef6c9-0245-4756-bf80-45d41f7a4453@group-F367C8FA5986-SegmentedRaftLogWorker: flushIndex: setUnconditionally 0 -> -1
2019-10-30 11:52:31,772 [pool-67-thread-1] INFO  server.RaftServerConfigKeys (ConfUtils.java:logGet(43)) - raft.server.log.queue.byte-limit = 2147483647 (custom)
2019-10-30 11:52:31,772 [pool-47-thread-1] INFO  server.RaftServerConfigKeys (ConfUtils.java:logGet(43)) - raft.server.log.statemachine.data.sync = true (default)
2019-10-30 11:52:31,772 [pool-117-thread-1] INFO  server.RaftServerConfigKeys (ConfUtils.java:logGet(43)) - raft.server.snapshot.auto.trigger.enabled = true (custom)
2019-10-30 11:52:31,773 [pool-117-thread-1] INFO  server.RaftServerConfigKeys (ConfUtils.java:logGet(43)) - raft.server.snapshot.auto.trigger.threshold = 10000 (custom)
2019-10-30 11:52:31,772 [pool-67-thread-1] INFO  server.RaftServerConfigKeys (ConfUtils.java:logGet(43)) - raft.server.log.queue.element-limit = 1024 (custom)
2019-10-30 11:52:31,773 [pool-67-thread-1] INFO  server.RaftServerConfigKeys (ConfUtils.java:logGet(43)) - raft.server.log.segment.size.max = 1048576 (custom)
2019-10-30 11:52:31,773 [pool-117-thread-1] INFO  server.RaftServerConfigKeys (ConfUtils.java:logGet(43)) - raft.server.snapshot.retention.file.num = 5 (custom)
2019-10-30 11:52:31,773 [pool-117-thread-1] INFO  server.RaftServerConfigKeys (ConfUtils.java:logGet(43)) - raft.server.retrycache.expirytime = 600000ms (custom)
2019-10-30 11:52:31,773 [pool-47-thread-1] INFO  server.RaftServerConfigKeys (ConfUtils.java:logGet(43)) - raft.server.log.statemachine.data.sync.timeout = 10s (default)
2019-10-30 11:52:31,773 [pool-67-thread-1] INFO  server.RaftServerConfigKeys (ConfUtils.java:logGet(43)) - raft.server.log.preallocated.size = 16384 (custom)
2019-10-30 11:52:31,774 [pool-67-thread-1] INFO  server.RaftServerConfigKeys (ConfUtils.java:logGet(43)) - raft.server.log.write.buffer.size = 33554432 (custom)
2019-10-30 11:52:31,774 [pool-67-thread-1] INFO  server.RaftServerConfigKeys (ConfUtils.java:logGet(43)) - raft.server.log.force.sync.num = 128 (default)
2019-10-30 11:52:31,774 [pool-67-thread-1] INFO  server.RaftServerConfigKeys (ConfUtils.java:logGet(43)) - raft.server.log.statemachine.data.sync = true (default)
2019-10-30 11:52:31,774 [pool-67-thread-1] INFO  server.RaftServerConfigKeys (ConfUtils.java:logGet(43)) - raft.server.log.statemachine.data.sync.timeout = 10s (default)
2019-10-30 11:52:31,773 [6ed35211-36a6-405a-b1db-549f65da443e@group-57B25F63BB04-LeaderElection11] INFO  impl.LeaderElection (LeaderElection.java:askForVotes(178)) - 6ed35211-36a6-405a-b1db-549f65da443e@group-57B25F63BB04-LeaderElection11: begin an election at term 1 for -1: [6ed35211-36a6-405a-b1db-549f65da443e:192.168.157.220:41613], old=null
2019-10-30 11:52:31,774 [pool-67-thread-1] INFO  server.RaftServerConfigKeys (ConfUtils.java:logGet(43)) - raft.server.log.statemachine.data.sync.timeout.retry = -1 (default)
2019-10-30 11:52:31,774 [pool-47-thread-1] INFO  server.RaftServerConfigKeys (ConfUtils.java:logGet(43)) - raft.server.log.statemachine.data.sync.timeout.retry = -1 (default)
2019-10-30 11:52:31,776 [pool-67-thread-1] INFO  server.RaftServerConfigKeys (ConfUtils.java:logGet(43)) - raft.server.log.statemachine.data.caching.enabled = true (custom)
2019-10-30 11:52:31,776 [pool-117-thread-1] INFO  impl.RaftServerImpl (RaftServerImpl.java:start(195)) - 9b3ef6c9-0245-4756-bf80-45d41f7a4453@group-F367C8FA5986: start as a follower, conf=-1: [9b3ef6c9-0245-4756-bf80-45d41f7a4453:192.168.157.220:37058, cd11b2f5-3187-4d03-bd60-931991550c17:192.168.157.220:43236, 9dbd5372-55c2-4532-b354-9494d3d545d2:192.168.157.220:42993], old=null
2019-10-30 11:52:31,776 [pool-117-thread-1] INFO  impl.RaftServerImpl (RaftServerImpl.java:setRole(184)) - 9b3ef6c9-0245-4756-bf80-45d41f7a4453@group-F367C8FA5986: changes role from      null to FOLLOWER at term 0 for startAsFollower
2019-10-30 11:52:31,777 [pool-67-thread-1] INFO  segmented.SegmentedRaftLogWorker (SegmentedRaftLogWorker.java:lambda$new$0(128)) - 9dbd5372-55c2-4532-b354-9494d3d545d2@group-F367C8FA5986-SegmentedRaftLogWorker: flushIndex: setUnconditionally 0 -> -1
2019-10-30 11:52:31,776 [6ed35211-36a6-405a-b1db-549f65da443e@group-57B25F63BB04-LeaderElection11] INFO  impl.RoleInfo (RoleInfo.java:shutdownLeaderElection(134)) - 6ed35211-36a6-405a-b1db-549f65da443e: shutdown LeaderElection
2019-10-30 11:52:31,777 [pool-117-thread-1] INFO  impl.RoleInfo (RoleInfo.java:updateAndGet(143)) - 9b3ef6c9-0245-4756-bf80-45d41f7a4453: start FollowerState
2019-10-30 11:52:31,777 [6ed35211-36a6-405a-b1db-549f65da443e@group-57B25F63BB04-LeaderElection11] INFO  impl.RaftServerImpl (RaftServerImpl.java:setRole(184)) - 6ed35211-36a6-405a-b1db-549f65da443e@group-57B25F63BB04: changes role from CANDIDATE to LEADER at term 1 for changeToLeader
2019-10-30 11:52:31,777 [6ed35211-36a6-405a-b1db-549f65da443e@group-57B25F63BB04-LeaderElection11] INFO  impl.RaftServerImpl (ServerState.java:setLeader(256)) - 6ed35211-36a6-405a-b1db-549f65da443e@group-57B25F63BB04: change Leader from null to 6ed35211-36a6-405a-b1db-549f65da443e at term 1 for becomeLeader, leader elected after 224ms
2019-10-30 11:52:31,776 [pool-47-thread-1] INFO  server.RaftServerConfigKeys (ConfUtils.java:logGet(43)) - raft.server.log.statemachine.data.caching.enabled = true (custom)
2019-10-30 11:52:31,797 [pool-117-thread-1] INFO  util.JmxRegister (JmxRegister.java:tryRegister(44)) - Successfully registered JMX Bean with object name Ratis:service=RaftServer,group=group-F367C8FA5986,id=9b3ef6c9-0245-4756-bf80-45d41f7a4453
2019-10-30 11:52:31,797 [pool-47-thread-1] INFO  segmented.SegmentedRaftLogWorker (SegmentedRaftLogWorker.java:lambda$new$0(128)) - cd11b2f5-3187-4d03-bd60-931991550c17@group-F367C8FA5986-SegmentedRaftLogWorker: flushIndex: setUnconditionally 0 -> -1
2019-10-30 11:52:31,796 [Thread-346] INFO  impl.FollowerState (FollowerState.java:run(108)) - 4cc44201-a597-43af-a4ec-5b1b407a6250@group-83984122B78E-FollowerState: change to CANDIDATE, lastRpcTime:28ms, electionTimeout:12ms
2019-10-30 11:52:31,794 [6ed35211-36a6-405a-b1db-549f65da443e@group-57B25F63BB04-LeaderElection11] INFO  server.RaftServerConfigKeys (ConfUtils.java:logGet(43)) - raft.server.staging.catchup.gap = 1000 (default)
2019-10-30 11:52:31,777 [pool-67-thread-1] INFO  server.RaftServerConfigKeys (ConfUtils.java:logGet(43)) - raft.server.snapshot.auto.trigger.enabled = true (custom)
2019-10-30 11:52:31,798 [6ed35211-36a6-405a-b1db-549f65da443e@group-57B25F63BB04-LeaderElection11] INFO  server.RaftServerConfigKeys (ConfUtils.java:logGet(43)) - raft.server.rpc.sleep.time = 25ms (default)
2019-10-30 11:52:31,797 [Thread-346] INFO  impl.RoleInfo (RoleInfo.java:shutdownFollowerState(121)) - 4cc44201-a597-43af-a4ec-5b1b407a6250: shutdown FollowerState
2019-10-30 11:52:31,798 [pool-67-thread-1] INFO  server.RaftServerConfigKeys (ConfUtils.java:logGet(43)) - raft.server.snapshot.auto.trigger.threshold = 10000 (custom)
2019-10-30 11:52:31,798 [Thread-346] INFO  impl.RaftServerImpl (RaftServerImpl.java:setRole(184)) - 4cc44201-a597-43af-a4ec-5b1b407a6250@group-83984122B78E: changes role from  FOLLOWER to CANDIDATE at term 1 for changeToCandidate
2019-10-30 11:52:31,804 [Thread-348] INFO  impl.FollowerState (FollowerState.java:run(108)) - 9b3ef6c9-0245-4756-bf80-45d41f7a4453@group-F367C8FA5986-FollowerState: change to CANDIDATE, lastRpcTime:27ms, electionTimeout:6ms
2019-10-30 11:52:31,804 [Thread-346] INFO  impl.RoleInfo (RoleInfo.java:updateAndGet(143)) - 4cc44201-a597-43af-a4ec-5b1b407a6250: start LeaderElection
2019-10-30 11:52:31,804 [4f16e274-8663-4a15-9c4c-c81f650ab979@group-83984122B78E-LeaderElection10] INFO  impl.LeaderElection (LeaderElection.java:logAndReturn(56)) - 4f16e274-8663-4a15-9c4c-c81f650ab979@group-83984122B78E-LeaderElection10: Election TIMEOUT; received 0 response(s) [] and 0 exception(s); 4f16e274-8663-4a15-9c4c-c81f650ab979@group-83984122B78E:t1, leader=null, voted=4f16e274-8663-4a15-9c4c-c81f650ab979, raftlog=4f16e274-8663-4a15-9c4c-c81f650ab979@group-83984122B78E-SegmentedRaftLog:OPENED:c-1,f-1,i0, conf=-1: [4f16e274-8663-4a15-9c4c-c81f650ab979:192.168.157.220:38181, 4cc44201-a597-43af-a4ec-5b1b407a6250:192.168.157.220:36685, f26e10ed-fb17-49e6-a903-eadc130d13d1:192.168.157.220:32806], old=null
2019-10-30 11:52:31,804 [6ed35211-36a6-405a-b1db-549f65da443e@group-57B25F63BB04-LeaderElection11] INFO  server.RaftServerConfigKeys (ConfUtils.java:logGet(43)) - raft.server.write.element-limit = 4096 (default)
2019-10-30 11:52:31,798 [pool-67-thread-1] INFO  server.RaftServerConfigKeys (ConfUtils.java:logGet(43)) - raft.server.snapshot.retention.file.num = 5 (custom)
2019-10-30 11:52:31,798 [pool-47-thread-1] INFO  server.RaftServerConfigKeys (ConfUtils.java:logGet(43)) - raft.server.snapshot.auto.trigger.enabled = true (custom)
2019-10-30 11:52:31,812 [pool-47-thread-1] INFO  server.RaftServerConfigKeys (ConfUtils.java:logGet(43)) - raft.server.snapshot.auto.trigger.threshold = 10000 (custom)
2019-10-30 11:52:31,812 [pool-47-thread-1] INFO  server.RaftServerConfigKeys (ConfUtils.java:logGet(43)) - raft.server.snapshot.retention.file.num = 5 (custom)
2019-10-30 11:52:31,812 [pool-47-thread-1] INFO  server.RaftServerConfigKeys (ConfUtils.java:logGet(43)) - raft.server.retrycache.expirytime = 600000ms (custom)
2019-10-30 11:52:31,809 [pool-67-thread-1] INFO  server.RaftServerConfigKeys (ConfUtils.java:logGet(43)) - raft.server.retrycache.expirytime = 600000ms (custom)
2019-10-30 11:52:31,805 [6ed35211-36a6-405a-b1db-549f65da443e@group-57B25F63BB04-LeaderElection11] INFO  server.RaftServerConfigKeys (ConfUtils.java:logGet(43)) - raft.server.watch.timeout = 10s (default)
2019-10-30 11:52:31,813 [6ed35211-36a6-405a-b1db-549f65da443e@group-57B25F63BB04-LeaderElection11] INFO  server.RaftServerConfigKeys (ConfUtils.java:logGet(43)) - raft.server.watch.timeout.denomination = 1s (default)
2019-10-30 11:52:31,813 [6ed35211-36a6-405a-b1db-549f65da443e@group-57B25F63BB04-LeaderElection11] INFO  server.RaftServerConfigKeys (ConfUtils.java:logGet(43)) - raft.server.watch.element-limit = 65536 (default)
2019-10-30 11:52:31,814 [pool-47-thread-1] INFO  impl.RaftServerImpl (RaftServerImpl.java:start(195)) - cd11b2f5-3187-4d03-bd60-931991550c17@group-F367C8FA5986: start as a follower, conf=-1: [9b3ef6c9-0245-4756-bf80-45d41f7a4453:192.168.157.220:37058, cd11b2f5-3187-4d03-bd60-931991550c17:192.168.157.220:43236, 9dbd5372-55c2-4532-b354-9494d3d545d2:192.168.157.220:42993], old=null
2019-10-30 11:52:31,814 [pool-47-thread-1] INFO  impl.RaftServerImpl (RaftServerImpl.java:setRole(184)) - cd11b2f5-3187-4d03-bd60-931991550c17@group-F367C8FA5986: changes role from      null to FOLLOWER at term 0 for startAsFollower
2019-10-30 11:52:31,804 [Thread-348] INFO  impl.RoleInfo (RoleInfo.java:shutdownFollowerState(121)) - 9b3ef6c9-0245-4756-bf80-45d41f7a4453: shutdown FollowerState
2019-10-30 11:52:31,814 [Thread-348] INFO  impl.RaftServerImpl (RaftServerImpl.java:setRole(184)) - 9b3ef6c9-0245-4756-bf80-45d41f7a4453@group-F367C8FA5986: changes role from  FOLLOWER to CANDIDATE at term 0 for changeToCandidate
2019-10-30 11:52:31,816 [pool-47-thread-1] INFO  impl.RoleInfo (RoleInfo.java:updateAndGet(143)) - cd11b2f5-3187-4d03-bd60-931991550c17: start FollowerState
2019-10-30 11:52:31,816 [Thread-348] INFO  impl.RoleInfo (RoleInfo.java:updateAndGet(143)) - 9b3ef6c9-0245-4756-bf80-45d41f7a4453: start LeaderElection
2019-10-30 11:52:31,822 [pool-47-thread-1] INFO  util.JmxRegister (JmxRegister.java:tryRegister(44)) - Successfully registered JMX Bean with object name Ratis:service=RaftServer,group=group-F367C8FA5986,id=cd11b2f5-3187-4d03-bd60-931991550c17
2019-10-30 11:52:31,830 [pool-67-thread-1] INFO  impl.RaftServerImpl (RaftServerImpl.java:start(195)) - 9dbd5372-55c2-4532-b354-9494d3d545d2@group-F367C8FA5986: start as a follower, conf=-1: [9b3ef6c9-0245-4756-bf80-45d41f7a4453:192.168.157.220:37058, cd11b2f5-3187-4d03-bd60-931991550c17:192.168.157.220:43236, 9dbd5372-55c2-4532-b354-9494d3d545d2:192.168.157.220:42993], old=null
2019-10-30 11:52:31,830 [pool-67-thread-1] INFO  impl.RaftServerImpl (RaftServerImpl.java:setRole(184)) - 9dbd5372-55c2-4532-b354-9494d3d545d2@group-F367C8FA5986: changes role from      null to FOLLOWER at term 0 for startAsFollower
2019-10-30 11:52:31,830 [4cc44201-a597-43af-a4ec-5b1b407a6250@group-83984122B78E-LeaderElection12] INFO  impl.LeaderElection (LeaderElection.java:askForVotes(178)) - 4cc44201-a597-43af-a4ec-5b1b407a6250@group-83984122B78E-LeaderElection12: begin an election at term 2 for -1: [4f16e274-8663-4a15-9c4c-c81f650ab979:192.168.157.220:38181, 4cc44201-a597-43af-a4ec-5b1b407a6250:192.168.157.220:36685, f26e10ed-fb17-49e6-a903-eadc130d13d1:192.168.157.220:32806], old=null
2019-10-30 11:52:31,830 [9b3ef6c9-0245-4756-bf80-45d41f7a4453@group-F367C8FA5986-LeaderElection13] INFO  impl.LeaderElection (LeaderElection.java:askForVotes(178)) - 9b3ef6c9-0245-4756-bf80-45d41f7a4453@group-F367C8FA5986-LeaderElection13: begin an election at term 1 for -1: [9b3ef6c9-0245-4756-bf80-45d41f7a4453:192.168.157.220:37058, cd11b2f5-3187-4d03-bd60-931991550c17:192.168.157.220:43236, 9dbd5372-55c2-4532-b354-9494d3d545d2:192.168.157.220:42993], old=null
2019-10-30 11:52:31,830 [pool-67-thread-1] INFO  impl.RoleInfo (RoleInfo.java:updateAndGet(143)) - 9dbd5372-55c2-4532-b354-9494d3d545d2: start FollowerState
2019-10-30 11:52:31,830 [4f16e274-8663-4a15-9c4c-c81f650ab979@group-83984122B78E-LeaderElection10] INFO  impl.LeaderElection (LeaderElection.java:askForVotes(178)) - 4f16e274-8663-4a15-9c4c-c81f650ab979@group-83984122B78E-LeaderElection10: begin an election at term 2 for -1: [4f16e274-8663-4a15-9c4c-c81f650ab979:192.168.157.220:38181, 4cc44201-a597-43af-a4ec-5b1b407a6250:192.168.157.220:36685, f26e10ed-fb17-49e6-a903-eadc130d13d1:192.168.157.220:32806], old=null
2019-10-30 11:52:31,839 [pool-67-thread-1] INFO  util.JmxRegister (JmxRegister.java:tryRegister(44)) - Successfully registered JMX Bean with object name Ratis:service=RaftServer,group=group-F367C8FA5986,id=9dbd5372-55c2-4532-b354-9494d3d545d2
2019-10-30 11:52:31,860 [Thread-345] INFO  impl.FollowerState (FollowerState.java:run(108)) - f26e10ed-fb17-49e6-a903-eadc130d13d1@group-83984122B78E-FollowerState: change to CANDIDATE, lastRpcTime:93ms, electionTimeout:69ms
2019-10-30 11:52:31,860 [Thread-345] INFO  impl.RoleInfo (RoleInfo.java:shutdownFollowerState(121)) - f26e10ed-fb17-49e6-a903-eadc130d13d1: shutdown FollowerState
2019-10-30 11:52:31,860 [6ed35211-36a6-405a-b1db-549f65da443e@group-57B25F63BB04-LeaderElection11] INFO  impl.RoleInfo (RoleInfo.java:updateAndGet(143)) - 6ed35211-36a6-405a-b1db-549f65da443e: start LeaderState
2019-10-30 11:52:31,860 [Thread-345] INFO  impl.RaftServerImpl (RaftServerImpl.java:setRole(184)) - f26e10ed-fb17-49e6-a903-eadc130d13d1@group-83984122B78E: changes role from  FOLLOWER to CANDIDATE at term 1 for changeToCandidate
2019-10-30 11:52:31,860 [Thread-345] INFO  impl.RoleInfo (RoleInfo.java:updateAndGet(143)) - f26e10ed-fb17-49e6-a903-eadc130d13d1: start LeaderElection
2019-10-30 11:52:31,860 [6ed35211-36a6-405a-b1db-549f65da443e@group-57B25F63BB04-LeaderElection11] INFO  segmented.SegmentedRaftLogWorker (SegmentedRaftLogWorker.java:startLogSegment(385)) - 6ed35211-36a6-405a-b1db-549f65da443e@group-57B25F63BB04-SegmentedRaftLogWorker: Starting segment from index:0
2019-10-30 11:52:31,873 [6ed35211-36a6-405a-b1db-549f65da443e@group-57B25F63BB04-LeaderElection11] INFO  impl.RaftServerImpl (ServerState.java:setRaftConf(357)) - 6ed35211-36a6-405a-b1db-549f65da443e@group-57B25F63BB04: set configuration 0: [6ed35211-36a6-405a-b1db-549f65da443e:192.168.157.220:41613], old=null at 0
2019-10-30 11:52:31,905 [Thread-353] INFO  impl.FollowerState (FollowerState.java:run(108)) - cd11b2f5-3187-4d03-bd60-931991550c17@group-F367C8FA5986-FollowerState: change to CANDIDATE, lastRpcTime:89ms, electionTimeout:57ms
2019-10-30 11:52:31,905 [f26e10ed-fb17-49e6-a903-eadc130d13d1@group-83984122B78E-LeaderElection14] INFO  impl.LeaderElection (LeaderElection.java:askForVotes(178)) - f26e10ed-fb17-49e6-a903-eadc130d13d1@group-83984122B78E-LeaderElection14: begin an election at term 2 for -1: [4f16e274-8663-4a15-9c4c-c81f650ab979:192.168.157.220:38181, 4cc44201-a597-43af-a4ec-5b1b407a6250:192.168.157.220:36685, f26e10ed-fb17-49e6-a903-eadc130d13d1:192.168.157.220:32806], old=null
2019-10-30 11:52:31,905 [Thread-353] INFO  impl.RoleInfo (RoleInfo.java:shutdownFollowerState(121)) - cd11b2f5-3187-4d03-bd60-931991550c17: shutdown FollowerState
2019-10-30 11:52:31,905 [Thread-353] INFO  impl.RaftServerImpl (RaftServerImpl.java:setRole(184)) - cd11b2f5-3187-4d03-bd60-931991550c17@group-F367C8FA5986: changes role from  FOLLOWER to CANDIDATE at term 0 for changeToCandidate
2019-10-30 11:52:31,907 [Thread-353] INFO  impl.RoleInfo (RoleInfo.java:updateAndGet(143)) - cd11b2f5-3187-4d03-bd60-931991550c17: start LeaderElection
2019-10-30 11:52:31,924 [6ed35211-36a6-405a-b1db-549f65da443e@group-57B25F63BB04-SegmentedRaftLogWorker] INFO  segmented.SegmentedRaftLogWorker (SegmentedRaftLogWorker.java:execute(576)) - 6ed35211-36a6-405a-b1db-549f65da443e@group-57B25F63BB04-SegmentedRaftLogWorker: created new log segment /workdir/hadoop-ozone/integration-test/target/test-dir/MiniOzoneClusterImpl-aaf233b5-8021-4449-9df2-227d87d78376/datanode-1/data/ratis/633a6a74-c9c4-4695-8094-57b25f63bb04/current/log_inprogress_0
2019-10-30 11:52:31,925 [grpc-default-executor-2] INFO  impl.RaftServerImpl (RaftServerImpl.java:setRole(184)) - 9dbd5372-55c2-4532-b354-9494d3d545d2@group-F367C8FA5986: changes role from  FOLLOWER to FOLLOWER at term 1 for recognizeCandidate:9b3ef6c9-0245-4756-bf80-45d41f7a4453
2019-10-30 11:52:31,925 [grpc-default-executor-2] INFO  impl.RoleInfo (RoleInfo.java:shutdownFollowerState(121)) - 9dbd5372-55c2-4532-b354-9494d3d545d2: shutdown FollowerState
2019-10-30 11:52:31,925 [Thread-356] INFO  impl.FollowerState (FollowerState.java:run(117)) - 9dbd5372-55c2-4532-b354-9494d3d545d2@group-F367C8FA5986-FollowerState was interrupted: java.lang.InterruptedException: sleep interrupted
2019-10-30 11:52:31,925 [grpc-default-executor-2] INFO  impl.RoleInfo (RoleInfo.java:updateAndGet(143)) - 9dbd5372-55c2-4532-b354-9494d3d545d2: start FollowerState
2019-10-30 11:52:31,937 [4f16e274-8663-4a15-9c4c-c81f650ab979@group-83984122B78E-LeaderElection10] INFO  impl.LeaderElection (LeaderElection.java:logAndReturn(56)) - 4f16e274-8663-4a15-9c4c-c81f650ab979@group-83984122B78E-LeaderElection10: Election REJECTED; received 2 response(s) [4f16e274-8663-4a15-9c4c-c81f650ab979<-4cc44201-a597-43af-a4ec-5b1b407a6250#0:FAIL-t2, 4f16e274-8663-4a15-9c4c-c81f650ab979<-f26e10ed-fb17-49e6-a903-eadc130d13d1#0:FAIL-t2] and 0 exception(s); 4f16e274-8663-4a15-9c4c-c81f650ab979@group-83984122B78E:t2, leader=null, voted=4f16e274-8663-4a15-9c4c-c81f650ab979, raftlog=4f16e274-8663-4a15-9c4c-c81f650ab979@group-83984122B78E-SegmentedRaftLog:OPENED:c-1,f-1,i0, conf=-1: [4f16e274-8663-4a15-9c4c-c81f650ab979:192.168.157.220:38181, 4cc44201-a597-43af-a4ec-5b1b407a6250:192.168.157.220:36685, f26e10ed-fb17-49e6-a903-eadc130d13d1:192.168.157.220:32806], old=null
2019-10-30 11:52:31,939 [4f16e274-8663-4a15-9c4c-c81f650ab979@group-83984122B78E-LeaderElection10] INFO  impl.RaftServerImpl (RaftServerImpl.java:setRole(184)) - 4f16e274-8663-4a15-9c4c-c81f650ab979@group-83984122B78E: changes role from CANDIDATE to FOLLOWER at term 2 for DISCOVERED_A_NEW_TERM
2019-10-30 11:52:31,939 [4f16e274-8663-4a15-9c4c-c81f650ab979@group-83984122B78E-LeaderElection10] INFO  impl.RoleInfo (RoleInfo.java:shutdownLeaderElection(134)) - 4f16e274-8663-4a15-9c4c-c81f650ab979: shutdown LeaderElection
2019-10-30 11:52:31,940 [4f16e274-8663-4a15-9c4c-c81f650ab979@group-83984122B78E-LeaderElection10] INFO  impl.RoleInfo (RoleInfo.java:updateAndGet(143)) - 4f16e274-8663-4a15-9c4c-c81f650ab979: start FollowerState
2019-10-30 11:52:31,940 [RatisPipelineUtilsThread] INFO  pipeline.PipelineStateManager (PipelineStateManager.java:addPipeline(56)) - Created pipeline Pipeline[ Id: 0a097f00-4378-4a1e-b584-f367c8fa5986, Nodes: 9dbd5372-55c2-4532-b354-9494d3d545d2{ip: 192.168.157.220, host: pr-hdds-2359-w9s2w-3834556564, networkLocation: /default-rack, certSerialId: null}9b3ef6c9-0245-4756-bf80-45d41f7a4453{ip: 192.168.157.220, host: pr-hdds-2359-w9s2w-3834556564, networkLocation: /default-rack, certSerialId: null}cd11b2f5-3187-4d03-bd60-931991550c17{ip: 192.168.157.220, host: pr-hdds-2359-w9s2w-3834556564, networkLocation: /default-rack, certSerialId: null}, Type:RATIS, Factor:THREE, State:OPEN]
2019-10-30 11:52:31,954 [4cc44201-a597-43af-a4ec-5b1b407a6250@group-83984122B78E-LeaderElection12] INFO  impl.LeaderElection (LeaderElection.java:logAndReturn(56)) - 4cc44201-a597-43af-a4ec-5b1b407a6250@group-83984122B78E-LeaderElection12: Election REJECTED; received 2 response(s) [4cc44201-a597-43af-a4ec-5b1b407a6250<-4f16e274-8663-4a15-9c4c-c81f650ab979#0:FAIL-t2, 4cc44201-a597-43af-a4ec-5b1b407a6250<-f26e10ed-fb17-49e6-a903-eadc130d13d1#0:FAIL-t2] and 0 exception(s); 4cc44201-a597-43af-a4ec-5b1b407a6250@group-83984122B78E:t2, leader=null, voted=4cc44201-a597-43af-a4ec-5b1b407a6250, raftlog=4cc44201-a597-43af-a4ec-5b1b407a6250@group-83984122B78E-SegmentedRaftLog:OPENED:c-1,f-1,i0, conf=-1: [4f16e274-8663-4a15-9c4c-c81f650ab979:192.168.157.220:38181, 4cc44201-a597-43af-a4ec-5b1b407a6250:192.168.157.220:36685, f26e10ed-fb17-49e6-a903-eadc130d13d1:192.168.157.220:32806], old=null
2019-10-30 11:52:31,954 [4cc44201-a597-43af-a4ec-5b1b407a6250@group-83984122B78E-LeaderElection12] INFO  impl.RaftServerImpl (RaftServerImpl.java:setRole(184)) - 4cc44201-a597-43af-a4ec-5b1b407a6250@group-83984122B78E: changes role from CANDIDATE to FOLLOWER at term 2 for DISCOVERED_A_NEW_TERM
2019-10-30 11:52:31,959 [cd11b2f5-3187-4d03-bd60-931991550c17@group-F367C8FA5986-LeaderElection15] INFO  impl.LeaderElection (LeaderElection.java:askForVotes(178)) - cd11b2f5-3187-4d03-bd60-931991550c17@group-F367C8FA5986-LeaderElection15: begin an election at term 1 for -1: [9b3ef6c9-0245-4756-bf80-45d41f7a4453:192.168.157.220:37058, cd11b2f5-3187-4d03-bd60-931991550c17:192.168.157.220:43236, 9dbd5372-55c2-4532-b354-9494d3d545d2:192.168.157.220:42993], old=null
2019-10-30 11:52:31,960 [4cc44201-a597-43af-a4ec-5b1b407a6250@group-83984122B78E-LeaderElection12] INFO  impl.RoleInfo (RoleInfo.java:shutdownLeaderElection(134)) - 4cc44201-a597-43af-a4ec-5b1b407a6250: shutdown LeaderElection
2019-10-30 11:52:31,974 [9b3ef6c9-0245-4756-bf80-45d41f7a4453@group-F367C8FA5986-LeaderElection13] INFO  impl.LeaderElection (LeaderElection.java:logAndReturn(56)) - 9b3ef6c9-0245-4756-bf80-45d41f7a4453@group-F367C8FA5986-LeaderElection13: Election TIMEOUT; received 1 response(s) [9b3ef6c9-0245-4756-bf80-45d41f7a4453<-cd11b2f5-3187-4d03-bd60-931991550c17#0:FAIL-t1] and 0 exception(s); 9b3ef6c9-0245-4756-bf80-45d41f7a4453@group-F367C8FA5986:t1, leader=null, voted=9b3ef6c9-0245-4756-bf80-45d41f7a4453, raftlog=9b3ef6c9-0245-4756-bf80-45d41f7a4453@group-F367C8FA5986-SegmentedRaftLog:OPENED:c-1,f-1,i0, conf=-1: [9b3ef6c9-0245-4756-bf80-45d41f7a4453:192.168.157.220:37058, cd11b2f5-3187-4d03-bd60-931991550c17:192.168.157.220:43236, 9dbd5372-55c2-4532-b354-9494d3d545d2:192.168.157.220:42993], old=null
2019-10-30 11:52:31,974 [4cc44201-a597-43af-a4ec-5b1b407a6250@group-83984122B78E-LeaderElection12] INFO  impl.RoleInfo (RoleInfo.java:updateAndGet(143)) - 4cc44201-a597-43af-a4ec-5b1b407a6250: start FollowerState
2019-10-30 11:52:31,989 [9b3ef6c9-0245-4756-bf80-45d41f7a4453@group-F367C8FA5986-LeaderElection13] INFO  impl.LeaderElection (LeaderElection.java:askForVotes(178)) - 9b3ef6c9-0245-4756-bf80-45d41f7a4453@group-F367C8FA5986-LeaderElection13: begin an election at term 2 for -1: [9b3ef6c9-0245-4756-bf80-45d41f7a4453:192.168.157.220:37058, cd11b2f5-3187-4d03-bd60-931991550c17:192.168.157.220:43236, 9dbd5372-55c2-4532-b354-9494d3d545d2:192.168.157.220:42993], old=null
2019-10-30 11:52:32,018 [Thread-370] INFO  impl.FollowerState (FollowerState.java:run(108)) - 4f16e274-8663-4a15-9c4c-c81f650ab979@group-83984122B78E-FollowerState: change to CANDIDATE, lastRpcTime:77ms, electionTimeout:76ms
2019-10-30 11:52:32,018 [grpc-default-executor-2] INFO  impl.RaftServerImpl (RaftServerImpl.java:setRole(184)) - cd11b2f5-3187-4d03-bd60-931991550c17@group-F367C8FA5986: changes role from CANDIDATE to FOLLOWER at term 2 for recognizeCandidate:9b3ef6c9-0245-4756-bf80-45d41f7a4453
2019-10-30 11:52:32,018 [Thread-370] INFO  impl.RoleInfo (RoleInfo.java:shutdownFollowerState(121)) - 4f16e274-8663-4a15-9c4c-c81f650ab979: shutdown FollowerState
2019-10-30 11:52:32,018 [grpc-default-executor-2] INFO  impl.RoleInfo (RoleInfo.java:shutdownLeaderElection(134)) - cd11b2f5-3187-4d03-bd60-931991550c17: shutdown LeaderElection
2019-10-30 11:52:32,018 [Thread-370] INFO  impl.RaftServerImpl (RaftServerImpl.java:setRole(184)) - 4f16e274-8663-4a15-9c4c-c81f650ab979@group-83984122B78E: changes role from  FOLLOWER to CANDIDATE at term 2 for changeToCandidate
2019-10-30 11:52:32,018 [grpc-default-executor-2] INFO  impl.RoleInfo (RoleInfo.java:updateAndGet(143)) - cd11b2f5-3187-4d03-bd60-931991550c17: start FollowerState
2019-10-30 11:52:32,018 [Thread-370] INFO  impl.RoleInfo (RoleInfo.java:updateAndGet(143)) - 4f16e274-8663-4a15-9c4c-c81f650ab979: start LeaderElection
2019-10-30 11:52:32,019 [f26e10ed-fb17-49e6-a903-eadc130d13d1@group-83984122B78E-LeaderElection14] INFO  impl.LeaderElection (LeaderElection.java:logAndReturn(56)) - f26e10ed-fb17-49e6-a903-eadc130d13d1@group-83984122B78E-LeaderElection14: Election REJECTED; received 2 response(s) [f26e10ed-fb17-49e6-a903-eadc130d13d1<-4f16e274-8663-4a15-9c4c-c81f650ab979#0:FAIL-t2, f26e10ed-fb17-49e6-a903-eadc130d13d1<-4cc44201-a597-43af-a4ec-5b1b407a6250#0:FAIL-t2] and 0 exception(s); f26e10ed-fb17-49e6-a903-eadc130d13d1@group-83984122B78E:t2, leader=null, voted=f26e10ed-fb17-49e6-a903-eadc130d13d1, raftlog=f26e10ed-fb17-49e6-a903-eadc130d13d1@group-83984122B78E-SegmentedRaftLog:OPENED:c-1,f-1,i0, conf=-1: [4f16e274-8663-4a15-9c4c-c81f650ab979:192.168.157.220:38181, 4cc44201-a597-43af-a4ec-5b1b407a6250:192.168.157.220:36685, f26e10ed-fb17-49e6-a903-eadc130d13d1:192.168.157.220:32806], old=null
2019-10-30 11:52:32,021 [f26e10ed-fb17-49e6-a903-eadc130d13d1@group-83984122B78E-LeaderElection14] INFO  impl.RaftServerImpl (RaftServerImpl.java:setRole(184)) - f26e10ed-fb17-49e6-a903-eadc130d13d1@group-83984122B78E: changes role from CANDIDATE to FOLLOWER at term 2 for DISCOVERED_A_NEW_TERM
2019-10-30 11:52:32,021 [f26e10ed-fb17-49e6-a903-eadc130d13d1@group-83984122B78E-LeaderElection14] INFO  impl.RoleInfo (RoleInfo.java:shutdownLeaderElection(134)) - f26e10ed-fb17-49e6-a903-eadc130d13d1: shutdown LeaderElection
2019-10-30 11:52:32,021 [f26e10ed-fb17-49e6-a903-eadc130d13d1@group-83984122B78E-LeaderElection14] INFO  impl.RoleInfo (RoleInfo.java:updateAndGet(143)) - f26e10ed-fb17-49e6-a903-eadc130d13d1: start FollowerState
2019-10-30 11:52:32,031 [grpc-default-executor-6] INFO  impl.RaftServerImpl (RaftServerImpl.java:setRole(184)) - 9dbd5372-55c2-4532-b354-9494d3d545d2@group-F367C8FA5986: changes role from  FOLLOWER to FOLLOWER at term 2 for recognizeCandidate:9b3ef6c9-0245-4756-bf80-45d41f7a4453
2019-10-30 11:52:32,032 [grpc-default-executor-0] INFO  impl.RaftServerProxy (RaftServerProxy.java:addNew(89)) - 36879b23-b325-4015-ba59-8656331c6f4b: addNew group-6C94BA02685B:[6ed35211-36a6-405a-b1db-549f65da443e:192.168.157.220:41613, a12d6b9e-ec23-449e-8b58-135e3e67eb04:192.168.157.220:40337, 36879b23-b325-4015-ba59-8656331c6f4b:192.168.157.220:36123] returns group-6C94BA02685B:java.util.concurrent.CompletableFuture@165b2da7[Not completed]
2019-10-30 11:52:32,032 [grpc-default-executor-6] INFO  impl.RoleInfo (RoleInfo.java:shutdownFollowerState(121)) - 9dbd5372-55c2-4532-b354-9494d3d545d2: shutdown FollowerState
2019-10-30 11:52:32,032 [grpc-default-executor-6] INFO  impl.RoleInfo (RoleInfo.java:updateAndGet(143)) - 9dbd5372-55c2-4532-b354-9494d3d545d2: start FollowerState
2019-10-30 11:52:32,032 [Thread-369] INFO  impl.FollowerState (FollowerState.java:run(117)) - 9dbd5372-55c2-4532-b354-9494d3d545d2@group-F367C8FA5986-FollowerState was interrupted: java.lang.InterruptedException: sleep interrupted
2019-10-30 11:52:32,044 [4f16e274-8663-4a15-9c4c-c81f650ab979@group-83984122B78E-LeaderElection16] INFO  impl.LeaderElection (LeaderElection.java:askForVotes(178)) - 4f16e274-8663-4a15-9c4c-c81f650ab979@group-83984122B78E-LeaderElection16: begin an election at term 3 for -1: [4f16e274-8663-4a15-9c4c-c81f650ab979:192.168.157.220:38181, 4cc44201-a597-43af-a4ec-5b1b407a6250:192.168.157.220:36685, f26e10ed-fb17-49e6-a903-eadc130d13d1:192.168.157.220:32806], old=null
2019-10-30 11:52:32,048 [pool-87-thread-1] INFO  impl.RaftServerImpl (RaftServerImpl.java:<init>(104)) - 36879b23-b325-4015-ba59-8656331c6f4b: new RaftServerImpl for group-6C94BA02685B:[6ed35211-36a6-405a-b1db-549f65da443e:192.168.157.220:41613, a12d6b9e-ec23-449e-8b58-135e3e67eb04:192.168.157.220:40337, 36879b23-b325-4015-ba59-8656331c6f4b:192.168.157.220:36123] with ContainerStateMachine:uninitialized
2019-10-30 11:52:32,049 [pool-87-thread-1] INFO  server.RaftServerConfigKeys (ConfUtils.java:logGet(43)) - raft.server.rpc.timeout.min = 1s (custom)
2019-10-30 11:52:32,049 [grpc-default-executor-2] INFO  impl.RaftServerProxy (RaftServerProxy.java:addNew(89)) - 6ed35211-36a6-405a-b1db-549f65da443e: addNew group-6C94BA02685B:[6ed35211-36a6-405a-b1db-549f65da443e:192.168.157.220:41613, a12d6b9e-ec23-449e-8b58-135e3e67eb04:192.168.157.220:40337, 36879b23-b325-4015-ba59-8656331c6f4b:192.168.157.220:36123] returns group-6C94BA02685B:java.util.concurrent.CompletableFuture@1bcb23c3[Not completed]
2019-10-30 11:52:32,049 [pool-87-thread-1] INFO  server.RaftServerConfigKeys (ConfUtils.java:logGet(43)) - raft.server.rpc.timeout.max = 1200ms (custom)
2019-10-30 11:52:32,049 [cd11b2f5-3187-4d03-bd60-931991550c17@group-F367C8FA5986-LeaderElection15] INFO  impl.LeaderElection (LeaderElection.java:logAndReturn(56)) - cd11b2f5-3187-4d03-bd60-931991550c17@group-F367C8FA5986-LeaderElection15: Election REJECTED; received 0 response(s) [] and 0 exception(s); cd11b2f5-3187-4d03-bd60-931991550c17@group-F367C8FA5986:t2, leader=null, voted=null, raftlog=cd11b2f5-3187-4d03-bd60-931991550c17@group-F367C8FA5986-SegmentedRaftLog:OPENED:c-1,f-1,i0, conf=-1: [9b3ef6c9-0245-4756-bf80-45d41f7a4453:192.168.157.220:37058, cd11b2f5-3187-4d03-bd60-931991550c17:192.168.157.220:43236, 9dbd5372-55c2-4532-b354-9494d3d545d2:192.168.157.220:42993], old=null
2019-10-30 11:52:32,049 [pool-87-thread-1] INFO  server.RaftServerConfigKeys (ConfUtils.java:logGet(43)) - raft.server.rpcslowness.timeout = 120s (custom)
2019-10-30 11:52:32,053 [pool-87-thread-1] INFO  server.RaftServerConfigKeys (ConfUtils.java:logGet(43)) - raft.server.sleep.deviation.threshold = 300 (default)
2019-10-30 11:52:32,053 [pool-87-thread-1] INFO  server.RaftServerConfigKeys (ConfUtils.java:logGet(43)) - raft.server.log.appender.install.snapshot.enabled = false (custom)
2019-10-30 11:52:32,053 [pool-87-thread-1] INFO  impl.RaftServerImpl (ServerState.java:<init>(103)) - 36879b23-b325-4015-ba59-8656331c6f4b@group-6C94BA02685B: ConfigurationManager, init=-1: [6ed35211-36a6-405a-b1db-549f65da443e:192.168.157.220:41613, a12d6b9e-ec23-449e-8b58-135e3e67eb04:192.168.157.220:40337, 36879b23-b325-4015-ba59-8656331c6f4b:192.168.157.220:36123], old=null, confs=<EMPTY_MAP>
2019-10-30 11:52:32,054 [pool-87-thread-1] INFO  server.RaftServerConfigKeys (ConfUtils.java:logGet(43)) - raft.server.storage.dir = [/workdir/hadoop-ozone/integration-test/target/test-dir/MiniOzoneClusterImpl-aaf233b5-8021-4449-9df2-227d87d78376/datanode-6/data/ratis] (custom)
2019-10-30 11:52:32,054 [pool-87-thread-1] INFO  server.RaftServerConfigKeys (ConfUtils.java:logGet(43)) - raft.server.log.corruption.policy = EXCEPTION (default)
2019-10-30 11:52:32,054 [pool-87-thread-1] INFO  storage.RaftStorageDirectory (RaftStorageDirectory.java:analyzeStorage(246)) - The storage directory /workdir/hadoop-ozone/integration-test/target/test-dir/MiniOzoneClusterImpl-aaf233b5-8021-4449-9df2-227d87d78376/datanode-6/data/ratis/c2bfa153-54fb-4653-be57-6c94ba02685b does not exist. Creating ...
2019-10-30 11:52:32,059 [grpc-default-executor-2] INFO  impl.RaftServerImpl (RaftServerImpl.java:setRole(184)) - 4cc44201-a597-43af-a4ec-5b1b407a6250@group-83984122B78E: changes role from  FOLLOWER to FOLLOWER at term 3 for recognizeCandidate:4f16e274-8663-4a15-9c4c-c81f650ab979
2019-10-30 11:52:32,061 [grpc-default-executor-2] INFO  impl.RoleInfo (RoleInfo.java:shutdownFollowerState(121)) - 4cc44201-a597-43af-a4ec-5b1b407a6250: shutdown FollowerState
2019-10-30 11:52:32,061 [Thread-374] INFO  impl.FollowerState (FollowerState.java:run(117)) - 4cc44201-a597-43af-a4ec-5b1b407a6250@group-83984122B78E-FollowerState was interrupted: java.lang.InterruptedException: sleep interrupted
2019-10-30 11:52:32,061 [pool-37-thread-1] INFO  impl.RaftServerImpl (RaftServerImpl.java:<init>(104)) - 6ed35211-36a6-405a-b1db-549f65da443e: new RaftServerImpl for group-6C94BA02685B:[6ed35211-36a6-405a-b1db-549f65da443e:192.168.157.220:41613, a12d6b9e-ec23-449e-8b58-135e3e67eb04:192.168.157.220:40337, 36879b23-b325-4015-ba59-8656331c6f4b:192.168.157.220:36123] with ContainerStateMachine:uninitialized
2019-10-30 11:52:32,061 [grpc-default-executor-2] INFO  impl.RoleInfo (RoleInfo.java:updateAndGet(143)) - 4cc44201-a597-43af-a4ec-5b1b407a6250: start FollowerState
2019-10-30 11:52:32,061 [pool-37-thread-1] INFO  server.RaftServerConfigKeys (ConfUtils.java:logGet(43)) - raft.server.rpc.timeout.min = 1s (custom)
2019-10-30 11:52:32,061 [pool-37-thread-1] INFO  server.RaftServerConfigKeys (ConfUtils.java:logGet(43)) - raft.server.rpc.timeout.max = 1200ms (custom)
2019-10-30 11:52:32,061 [pool-37-thread-1] INFO  server.RaftServerConfigKeys (ConfUtils.java:logGet(43)) - raft.server.rpcslowness.timeout = 120s (custom)
2019-10-30 11:52:32,061 [pool-37-thread-1] INFO  server.RaftServerConfigKeys (ConfUtils.java:logGet(43)) - raft.server.sleep.deviation.threshold = 300 (default)
2019-10-30 11:52:32,061 [pool-37-thread-1] INFO  server.RaftServerConfigKeys (ConfUtils.java:logGet(43)) - raft.server.log.appender.install.snapshot.enabled = false (custom)
2019-10-30 11:52:32,062 [pool-37-thread-1] INFO  impl.RaftServerImpl (ServerState.java:<init>(103)) - 6ed35211-36a6-405a-b1db-549f65da443e@group-6C94BA02685B: ConfigurationManager, init=-1: [6ed35211-36a6-405a-b1db-549f65da443e:192.168.157.220:41613, a12d6b9e-ec23-449e-8b58-135e3e67eb04:192.168.157.220:40337, 36879b23-b325-4015-ba59-8656331c6f4b:192.168.157.220:36123], old=null, confs=<EMPTY_MAP>
2019-10-30 11:52:32,062 [pool-37-thread-1] INFO  server.RaftServerConfigKeys (ConfUtils.java:logGet(43)) - raft.server.storage.dir = [/workdir/hadoop-ozone/integration-test/target/test-dir/MiniOzoneClusterImpl-aaf233b5-8021-4449-9df2-227d87d78376/datanode-1/data/ratis] (custom)
2019-10-30 11:52:32,062 [pool-37-thread-1] INFO  server.RaftServerConfigKeys (ConfUtils.java:logGet(43)) - raft.server.log.corruption.policy = EXCEPTION (default)
2019-10-30 11:52:32,062 [pool-87-thread-1] INFO  storage.RaftStorageDirectory (RaftStorageDirectory.java:tryLock(328)) - Lock on /workdir/hadoop-ozone/integration-test/target/test-dir/MiniOzoneClusterImpl-aaf233b5-8021-4449-9df2-227d87d78376/datanode-6/data/ratis/c2bfa153-54fb-4653-be57-6c94ba02685b/in_use.lock acquired by nodename 8701@pr-hdds-2359-w9s2w-3834556564
2019-10-30 11:52:32,062 [pool-37-thread-1] INFO  storage.RaftStorageDirectory (RaftStorageDirectory.java:analyzeStorage(246)) - The storage directory /workdir/hadoop-ozone/integration-test/target/test-dir/MiniOzoneClusterImpl-aaf233b5-8021-4449-9df2-227d87d78376/datanode-1/data/ratis/c2bfa153-54fb-4653-be57-6c94ba02685b does not exist. Creating ...
2019-10-30 11:52:32,067 [pool-37-thread-1] INFO  storage.RaftStorageDirectory (RaftStorageDirectory.java:tryLock(328)) - Lock on /workdir/hadoop-ozone/integration-test/target/test-dir/MiniOzoneClusterImpl-aaf233b5-8021-4449-9df2-227d87d78376/datanode-1/data/ratis/c2bfa153-54fb-4653-be57-6c94ba02685b/in_use.lock acquired by nodename 8701@pr-hdds-2359-w9s2w-3834556564
2019-10-30 11:52:32,067 [pool-87-thread-1] INFO  storage.RaftStorage (RaftStorage.java:format(84)) - Storage directory /workdir/hadoop-ozone/integration-test/target/test-dir/MiniOzoneClusterImpl-aaf233b5-8021-4449-9df2-227d87d78376/datanode-6/data/ratis/c2bfa153-54fb-4653-be57-6c94ba02685b has been successfully formatted.
2019-10-30 11:52:32,067 [pool-87-thread-1] INFO  ratis.ContainerStateMachine (ContainerStateMachine.java:loadSnapshot(231)) - group-6C94BA02685B: The snapshot info is null. Setting the last applied indexto:(t:0, i:~)
2019-10-30 11:52:32,067 [9b3ef6c9-0245-4756-bf80-45d41f7a4453@group-F367C8FA5986-LeaderElection13] INFO  impl.LeaderElection (LeaderElection.java:logAndReturn(56)) - 9b3ef6c9-0245-4756-bf80-45d41f7a4453@group-F367C8FA5986-LeaderElection13: Election PASSED; received 2 response(s) [9b3ef6c9-0245-4756-bf80-45d41f7a4453<-cd11b2f5-3187-4d03-bd60-931991550c17#0:FAIL-t2, 9b3ef6c9-0245-4756-bf80-45d41f7a4453<-9dbd5372-55c2-4532-b354-9494d3d545d2#0:OK-t2] and 0 exception(s); 9b3ef6c9-0245-4756-bf80-45d41f7a4453@group-F367C8FA5986:t2, leader=null, voted=9b3ef6c9-0245-4756-bf80-45d41f7a4453, raftlog=9b3ef6c9-0245-4756-bf80-45d41f7a4453@group-F367C8FA5986-SegmentedRaftLog:OPENED:c-1,f-1,i0, conf=-1: [9b3ef6c9-0245-4756-bf80-45d41f7a4453:192.168.157.220:37058, cd11b2f5-3187-4d03-bd60-931991550c17:192.168.157.220:43236, 9dbd5372-55c2-4532-b354-9494d3d545d2:192.168.157.220:42993], old=null
2019-10-30 11:52:32,067 [9b3ef6c9-0245-4756-bf80-45d41f7a4453@group-F367C8FA5986-LeaderElection13] INFO  impl.RoleInfo (RoleInfo.java:shutdownLeaderElection(134)) - 9b3ef6c9-0245-4756-bf80-45d41f7a4453: shutdown LeaderElection
2019-10-30 11:52:32,067 [pool-87-thread-1] INFO  server.RaftServerConfigKeys (ConfUtils.java:logGet(43)) - raft.server.notification.no-leader.timeout = 120s (custom)
2019-10-30 11:52:32,067 [grpc-default-executor-6] INFO  impl.RaftServerProxy (RaftServerProxy.java:addNew(89)) - a12d6b9e-ec23-449e-8b58-135e3e67eb04: addNew group-6C94BA02685B:[6ed35211-36a6-405a-b1db-549f65da443e:192.168.157.220:41613, a12d6b9e-ec23-449e-8b58-135e3e67eb04:192.168.157.220:40337, 36879b23-b325-4015-ba59-8656331c6f4b:192.168.157.220:36123] returns group-6C94BA02685B:java.util.concurrent.CompletableFuture@7658ba18[Not completed]
2019-10-30 11:52:32,070 [pool-87-thread-1] INFO  server.RaftServerConfigKeys (ConfUtils.java:logGet(43)) - raft.server.log.use.memory = false (default)
2019-10-30 11:52:32,070 [9b3ef6c9-0245-4756-bf80-45d41f7a4453@group-F367C8FA5986-LeaderElection13] INFO  impl.RaftServerImpl (RaftServerImpl.java:setRole(184)) - 9b3ef6c9-0245-4756-bf80-45d41f7a4453@group-F367C8FA5986: changes role from CANDIDATE to LEADER at term 2 for changeToLeader
2019-10-30 11:52:32,070 [pool-87-thread-1] INFO  server.RaftServerConfigKeys (ConfUtils.java:logGet(43)) - raft.server.log.purge.gap = 1000000 (custom)
2019-10-30 11:52:32,070 [9b3ef6c9-0245-4756-bf80-45d41f7a4453@group-F367C8FA5986-LeaderElection13] INFO  impl.RaftServerImpl (ServerState.java:setLeader(256)) - 9b3ef6c9-0245-4756-bf80-45d41f7a4453@group-F367C8FA5986: change Leader from null to 9b3ef6c9-0245-4756-bf80-45d41f7a4453 at term 2 for becomeLeader, leader elected after 310ms
2019-10-30 11:52:32,073 [pool-87-thread-1] INFO  server.RaftServerConfigKeys (ConfUtils.java:logGet(43)) - raft.server.log.appender.buffer.byte-limit = 33554432 (custom)
2019-10-30 11:52:32,073 [9b3ef6c9-0245-4756-bf80-45d41f7a4453@group-F367C8FA5986-LeaderElection13] INFO  server.RaftServerConfigKeys (ConfUtils.java:logGet(43)) - raft.server.staging.catchup.gap = 1000 (default)
2019-10-30 11:52:32,073 [4f16e274-8663-4a15-9c4c-c81f650ab979@group-83984122B78E-LeaderElection16] INFO  impl.LeaderElection (LeaderElection.java:logAndReturn(56)) - 4f16e274-8663-4a15-9c4c-c81f650ab979@group-83984122B78E-LeaderElection16: Election PASSED; received 1 response(s) [4f16e274-8663-4a15-9c4c-c81f650ab979<-4cc44201-a597-43af-a4ec-5b1b407a6250#0:OK-t3] and 0 exception(s); 4f16e274-8663-4a15-9c4c-c81f650ab979@group-83984122B78E:t3, leader=null, voted=4f16e274-8663-4a15-9c4c-c81f650ab979, raftlog=4f16e274-8663-4a15-9c4c-c81f650ab979@group-83984122B78E-SegmentedRaftLog:OPENED:c-1,f-1,i0, conf=-1: [4f16e274-8663-4a15-9c4c-c81f650ab979:192.168.157.220:38181, 4cc44201-a597-43af-a4ec-5b1b407a6250:192.168.157.220:36685, f26e10ed-fb17-49e6-a903-eadc130d13d1:192.168.157.220:32806], old=null
2019-10-30 11:52:32,073 [pool-107-thread-1] INFO  impl.RaftServerImpl (RaftServerImpl.java:<init>(104)) - a12d6b9e-ec23-449e-8b58-135e3e67eb04: new RaftServerImpl for group-6C94BA02685B:[6ed35211-36a6-405a-b1db-549f65da443e:192.168.157.220:41613, a12d6b9e-ec23-449e-8b58-135e3e67eb04:192.168.157.220:40337, 36879b23-b325-4015-ba59-8656331c6f4b:192.168.157.220:36123] with ContainerStateMachine:uninitialized
2019-10-30 11:52:32,073 [9b3ef6c9-0245-4756-bf80-45d41f7a4453@group-F367C8FA5986-LeaderElection13] INFO  server.RaftServerConfigKeys (ConfUtils.java:logGet(43)) - raft.server.rpc.sleep.time = 25ms (default)
2019-10-30 11:52:32,073 [grpc-default-executor-6] INFO  impl.RaftServerImpl (RaftServerImpl.java:setRole(184)) - f26e10ed-fb17-49e6-a903-eadc130d13d1@group-83984122B78E: changes role from  FOLLOWER to FOLLOWER at term 3 for recognizeCandidate:4f16e274-8663-4a15-9c4c-c81f650ab979
2019-10-30 11:52:32,073 [pool-87-thread-1] INFO  server.RaftServerConfigKeys (ConfUtils.java:logGet(43)) - raft.server.log.segment.size.max = 1048576 (custom)
2019-10-30 11:52:32,076 [9b3ef6c9-0245-4756-bf80-45d41f7a4453@group-F367C8FA5986-LeaderElection13] INFO  server.RaftServerConfigKeys (ConfUtils.java:logGet(43)) - raft.server.write.element-limit = 4096 (default)
2019-10-30 11:52:32,076 [grpc-default-executor-6] INFO  impl.RoleInfo (RoleInfo.java:shutdownFollowerState(121)) - f26e10ed-fb17-49e6-a903-eadc130d13d1: shutdown FollowerState
2019-10-30 11:52:32,074 [pool-107-thread-1] INFO  server.RaftServerConfigKeys (ConfUtils.java:logGet(43)) - raft.server.rpc.timeout.min = 1s (custom)
2019-10-30 11:52:32,074 [pool-37-thread-1] INFO  storage.RaftStorage (RaftStorage.java:format(84)) - Storage directory /workdir/hadoop-ozone/integration-test/target/test-dir/MiniOzoneClusterImpl-aaf233b5-8021-4449-9df2-227d87d78376/datanode-1/data/ratis/c2bfa153-54fb-4653-be57-6c94ba02685b has been successfully formatted.
2019-10-30 11:52:32,073 [4f16e274-8663-4a15-9c4c-c81f650ab979@group-83984122B78E-LeaderElection16] INFO  impl.RoleInfo (RoleInfo.java:shutdownLeaderElection(134)) - 4f16e274-8663-4a15-9c4c-c81f650ab979: shutdown LeaderElection
2019-10-30 11:52:32,076 [pool-107-thread-1] INFO  server.RaftServerConfigKeys (ConfUtils.java:logGet(43)) - raft.server.rpc.timeout.max = 1200ms (custom)
2019-10-30 11:52:32,076 [Thread-379] INFO  impl.FollowerState (FollowerState.java:run(117)) - f26e10ed-fb17-49e6-a903-eadc130d13d1@group-83984122B78E-FollowerState was interrupted: java.lang.InterruptedException: sleep interrupted
2019-10-30 11:52:32,076 [grpc-default-executor-6] INFO  impl.RoleInfo (RoleInfo.java:updateAndGet(143)) - f26e10ed-fb17-49e6-a903-eadc130d13d1: start FollowerState
2019-10-30 11:52:32,076 [9b3ef6c9-0245-4756-bf80-45d41f7a4453@group-F367C8FA5986-LeaderElection13] INFO  server.RaftServerConfigKeys (ConfUtils.java:logGet(43)) - raft.server.watch.timeout = 10s (default)
2019-10-30 11:52:32,076 [pool-87-thread-1] INFO  server.RaftServerConfigKeys (ConfUtils.java:logGet(43)) - raft.server.log.segment.cache.num.max = 2 (custom)
2019-10-30 11:52:32,078 [9b3ef6c9-0245-4756-bf80-45d41f7a4453@group-F367C8FA5986-LeaderElection13] INFO  server.RaftServerConfigKeys (ConfUtils.java:logGet(43)) - raft.server.watch.timeout.denomination = 1s (default)
2019-10-30 11:52:32,078 [pool-107-thread-1] INFO  server.RaftServerConfigKeys (ConfUtils.java:logGet(43)) - raft.server.rpcslowness.timeout = 120s (custom)
2019-10-30 11:52:32,077 [4f16e274-8663-4a15-9c4c-c81f650ab979@group-83984122B78E-LeaderElection16] INFO  impl.RaftServerImpl (RaftServerImpl.java:setRole(184)) - 4f16e274-8663-4a15-9c4c-c81f650ab979@group-83984122B78E: changes role from CANDIDATE to LEADER at term 3 for changeToLeader
2019-10-30 11:52:32,079 [4f16e274-8663-4a15-9c4c-c81f650ab979@group-83984122B78E-LeaderElection16] INFO  impl.RaftServerImpl (ServerState.java:setLeader(256)) - 4f16e274-8663-4a15-9c4c-c81f650ab979@group-83984122B78E: change Leader from null to 4f16e274-8663-4a15-9c4c-c81f650ab979 at term 3 for becomeLeader, leader elected after 414ms
2019-10-30 11:52:32,079 [4f16e274-8663-4a15-9c4c-c81f650ab979@group-83984122B78E-LeaderElection16] INFO  server.RaftServerConfigKeys (ConfUtils.java:logGet(43)) - raft.server.staging.catchup.gap = 1000 (default)
2019-10-30 11:52:32,076 [pool-37-thread-1] INFO  ratis.ContainerStateMachine (ContainerStateMachine.java:loadSnapshot(231)) - group-6C94BA02685B: The snapshot info is null. Setting the last applied indexto:(t:0, i:~)
2019-10-30 11:52:32,079 [4f16e274-8663-4a15-9c4c-c81f650ab979@group-83984122B78E-LeaderElection16] INFO  server.RaftServerConfigKeys (ConfUtils.java:logGet(43)) - raft.server.rpc.sleep.time = 25ms (default)
2019-10-30 11:52:32,079 [pool-107-thread-1] INFO  server.RaftServerConfigKeys (ConfUtils.java:logGet(43)) - raft.server.sleep.deviation.threshold = 300 (default)
2019-10-30 11:52:32,079 [4f16e274-8663-4a15-9c4c-c81f650ab979@group-83984122B78E-LeaderElection16] INFO  server.RaftServerConfigKeys (ConfUtils.java:logGet(43)) - raft.server.write.element-limit = 4096 (default)
2019-10-30 11:52:32,079 [4f16e274-8663-4a15-9c4c-c81f650ab979@group-83984122B78E-LeaderElection16] INFO  server.RaftServerConfigKeys (ConfUtils.java:logGet(43)) - raft.server.watch.timeout = 10s (default)
2019-10-30 11:52:32,079 [9b3ef6c9-0245-4756-bf80-45d41f7a4453@group-F367C8FA5986-LeaderElection13] INFO  server.RaftServerConfigKeys (ConfUtils.java:logGet(43)) - raft.server.watch.element-limit = 65536 (default)
2019-10-30 11:52:32,079 [pool-87-thread-1] INFO  segmented.SegmentedRaftLogWorker (SegmentedRaftLogWorker.java:<init>(173)) - new 36879b23-b325-4015-ba59-8656331c6f4b@group-6C94BA02685B-SegmentedRaftLogWorker for RaftStorage:Storage Directory /workdir/hadoop-ozone/integration-test/target/test-dir/MiniOzoneClusterImpl-aaf233b5-8021-4449-9df2-227d87d78376/datanode-6/data/ratis/c2bfa153-54fb-4653-be57-6c94ba02685b
2019-10-30 11:52:32,079 [4f16e274-8663-4a15-9c4c-c81f650ab979@group-83984122B78E-LeaderElection16] INFO  server.RaftServerConfigKeys (ConfUtils.java:logGet(43)) - raft.server.watch.timeout.denomination = 1s (default)
2019-10-30 11:52:32,079 [pool-107-thread-1] INFO  server.RaftServerConfigKeys (ConfUtils.java:logGet(43)) - raft.server.log.appender.install.snapshot.enabled = false (custom)
2019-10-30 11:52:32,079 [pool-37-thread-1] INFO  server.RaftServerConfigKeys (ConfUtils.java:logGet(43)) - raft.server.notification.no-leader.timeout = 120s (custom)
2019-10-30 11:52:32,080 [pool-107-thread-1] INFO  impl.RaftServerImpl (ServerState.java:<init>(103)) - a12d6b9e-ec23-449e-8b58-135e3e67eb04@group-6C94BA02685B: ConfigurationManager, init=-1: [6ed35211-36a6-405a-b1db-549f65da443e:192.168.157.220:41613, a12d6b9e-ec23-449e-8b58-135e3e67eb04:192.168.157.220:40337, 36879b23-b325-4015-ba59-8656331c6f4b:192.168.157.220:36123], old=null, confs=<EMPTY_MAP>
2019-10-30 11:52:32,080 [4f16e274-8663-4a15-9c4c-c81f650ab979@group-83984122B78E-LeaderElection16] INFO  server.RaftServerConfigKeys (ConfUtils.java:logGet(43)) - raft.server.watch.element-limit = 65536 (default)
2019-10-30 11:52:32,080 [pool-87-thread-1] INFO  server.RaftServerConfigKeys (ConfUtils.java:logGet(43)) - raft.server.log.queue.byte-limit = 2147483647 (custom)
2019-10-30 11:52:32,080 [pool-107-thread-1] INFO  server.RaftServerConfigKeys (ConfUtils.java:logGet(43)) - raft.server.storage.dir = [/workdir/hadoop-ozone/integration-test/target/test-dir/MiniOzoneClusterImpl-aaf233b5-8021-4449-9df2-227d87d78376/datanode-8/data/ratis] (custom)
2019-10-30 11:52:32,080 [pool-37-thread-1] INFO  server.RaftServerConfigKeys (ConfUtils.java:logGet(43)) - raft.server.log.use.memory = false (default)
2019-10-30 11:52:32,080 [pool-87-thread-1] INFO  server.RaftServerConfigKeys (ConfUtils.java:logGet(43)) - raft.server.log.queue.element-limit = 1024 (custom)
2019-10-30 11:52:32,080 [pool-37-thread-1] INFO  server.RaftServerConfigKeys (ConfUtils.java:logGet(43)) - raft.server.log.purge.gap = 1000000 (custom)
2019-10-30 11:52:32,081 [pool-87-thread-1] INFO  server.RaftServerConfigKeys (ConfUtils.java:logGet(43)) - raft.server.log.segment.size.max = 1048576 (custom)
2019-10-30 11:52:32,081 [pool-37-thread-1] INFO  server.RaftServerConfigKeys (ConfUtils.java:logGet(43)) - raft.server.log.appender.buffer.byte-limit = 33554432 (custom)
2019-10-30 11:52:32,081 [pool-87-thread-1] INFO  server.RaftServerConfigKeys (ConfUtils.java:logGet(43)) - raft.server.log.preallocated.size = 16384 (custom)
2019-10-30 11:52:32,081 [pool-37-thread-1] INFO  server.RaftServerConfigKeys (ConfUtils.java:logGet(43)) - raft.server.log.segment.size.max = 1048576 (custom)
2019-10-30 11:52:32,081 [pool-37-thread-1] INFO  server.RaftServerConfigKeys (ConfUtils.java:logGet(43)) - raft.server.log.segment.cache.num.max = 2 (custom)
2019-10-30 11:52:32,081 [pool-87-thread-1] INFO  server.RaftServerConfigKeys (ConfUtils.java:logGet(43)) - raft.server.log.write.buffer.size = 33554432 (custom)
2019-10-30 11:52:32,081 [pool-37-thread-1] INFO  segmented.SegmentedRaftLogWorker (SegmentedRaftLogWorker.java:<init>(173)) - new 6ed35211-36a6-405a-b1db-549f65da443e@group-6C94BA02685B-SegmentedRaftLogWorker for RaftStorage:Storage Directory /workdir/hadoop-ozone/integration-test/target/test-dir/MiniOzoneClusterImpl-aaf233b5-8021-4449-9df2-227d87d78376/datanode-1/data/ratis/c2bfa153-54fb-4653-be57-6c94ba02685b
2019-10-30 11:52:32,081 [pool-107-thread-1] INFO  server.RaftServerConfigKeys (ConfUtils.java:logGet(43)) - raft.server.log.corruption.policy = EXCEPTION (default)
2019-10-30 11:52:32,081 [pool-37-thread-1] INFO  server.RaftServerConfigKeys (ConfUtils.java:logGet(43)) - raft.server.log.queue.byte-limit = 2147483647 (custom)
2019-10-30 11:52:32,081 [pool-87-thread-1] INFO  server.RaftServerConfigKeys (ConfUtils.java:logGet(43)) - raft.server.log.force.sync.num = 128 (default)
2019-10-30 11:52:32,081 [pool-107-thread-1] INFO  storage.RaftStorageDirectory (RaftStorageDirectory.java:analyzeStorage(246)) - The storage directory /workdir/hadoop-ozone/integration-test/target/test-dir/MiniOzoneClusterImpl-aaf233b5-8021-4449-9df2-227d87d78376/datanode-8/data/ratis/c2bfa153-54fb-4653-be57-6c94ba02685b does not exist. Creating ...
2019-10-30 11:52:32,081 [pool-37-thread-1] INFO  server.RaftServerConfigKeys (ConfUtils.java:logGet(43)) - raft.server.log.queue.element-limit = 1024 (custom)
2019-10-30 11:52:32,081 [pool-87-thread-1] INFO  server.RaftServerConfigKeys (ConfUtils.java:logGet(43)) - raft.server.log.statemachine.data.sync = true (default)
2019-10-30 11:52:32,082 [pool-37-thread-1] INFO  server.RaftServerConfigKeys (ConfUtils.java:logGet(43)) - raft.server.log.segment.size.max = 1048576 (custom)
2019-10-30 11:52:32,082 [pool-87-thread-1] INFO  server.RaftServerConfigKeys (ConfUtils.java:logGet(43)) - raft.server.log.statemachine.data.sync.timeout = 10s (default)
2019-10-30 11:52:32,082 [pool-37-thread-1] INFO  server.RaftServerConfigKeys (ConfUtils.java:logGet(43)) - raft.server.log.preallocated.size = 16384 (custom)
2019-10-30 11:52:32,082 [pool-87-thread-1] INFO  server.RaftServerConfigKeys (ConfUtils.java:logGet(43)) - raft.server.log.statemachine.data.sync.timeout.retry = -1 (default)
2019-10-30 11:52:32,082 [pool-37-thread-1] INFO  server.RaftServerConfigKeys (ConfUtils.java:logGet(43)) - raft.server.log.write.buffer.size = 33554432 (custom)
2019-10-30 11:52:32,082 [pool-37-thread-1] INFO  server.RaftServerConfigKeys (ConfUtils.java:logGet(43)) - raft.server.log.force.sync.num = 128 (default)
2019-10-30 11:52:32,082 [pool-37-thread-1] INFO  server.RaftServerConfigKeys (ConfUtils.java:logGet(43)) - raft.server.log.statemachine.data.sync = true (default)
2019-10-30 11:52:32,082 [pool-37-thread-1] INFO  server.RaftServerConfigKeys (ConfUtils.java:logGet(43)) - raft.server.log.statemachine.data.sync.timeout = 10s (default)
2019-10-30 11:52:32,082 [pool-37-thread-1] INFO  server.RaftServerConfigKeys (ConfUtils.java:logGet(43)) - raft.server.log.statemachine.data.sync.timeout.retry = -1 (default)
2019-10-30 11:52:32,083 [pool-37-thread-1] INFO  server.RaftServerConfigKeys (ConfUtils.java:logGet(43)) - raft.server.log.statemachine.data.caching.enabled = true (custom)
2019-10-30 11:52:32,083 [pool-87-thread-1] INFO  server.RaftServerConfigKeys (ConfUtils.java:logGet(43)) - raft.server.log.statemachine.data.caching.enabled = true (custom)
2019-10-30 11:52:32,087 [4f16e274-8663-4a15-9c4c-c81f650ab979@group-83984122B78E-LeaderElection16] INFO  server.RaftServerConfigKeys (ConfUtils.java:logGet(43)) - raft.server.log.appender.snapshot.chunk.size.max = 16MB (=16777216) (default)
2019-10-30 11:52:32,087 [9b3ef6c9-0245-4756-bf80-45d41f7a4453@group-F367C8FA5986-LeaderElection13] INFO  server.RaftServerConfigKeys (ConfUtils.java:logGet(43)) - raft.server.log.appender.snapshot.chunk.size.max = 16MB (=16777216) (default)
2019-10-30 11:52:32,087 [4f16e274-8663-4a15-9c4c-c81f650ab979@group-83984122B78E-LeaderElection16] INFO  server.RaftServerConfigKeys (ConfUtils.java:logGet(43)) - raft.server.log.appender.buffer.byte-limit = 33554432 (custom)
2019-10-30 11:52:32,087 [9b3ef6c9-0245-4756-bf80-45d41f7a4453@group-F367C8FA5986-LeaderElection13] INFO  server.RaftServerConfigKeys (ConfUtils.java:logGet(43)) - raft.server.log.appender.buffer.byte-limit = 33554432 (custom)
2019-10-30 11:52:32,087 [4f16e274-8663-4a15-9c4c-c81f650ab979@group-83984122B78E-LeaderElection16] INFO  server.RaftServerConfigKeys (ConfUtils.java:logGet(43)) - raft.server.log.appender.buffer.element-limit = 1 (custom)
2019-10-30 11:52:32,088 [9b3ef6c9-0245-4756-bf80-45d41f7a4453@group-F367C8FA5986-LeaderElection13] INFO  server.RaftServerConfigKeys (ConfUtils.java:logGet(43)) - raft.server.log.appender.buffer.element-limit = 1 (custom)
2019-10-30 11:52:32,090 [4f16e274-8663-4a15-9c4c-c81f650ab979@group-83984122B78E-LeaderElection16] INFO  grpc.GrpcConfigKeys$Server (ConfUtils.java:logGet(43)) - raft.grpc.server.leader.outstanding.appends.max = 128 (default)
2019-10-30 11:52:32,090 [9b3ef6c9-0245-4756-bf80-45d41f7a4453@group-F367C8FA5986-LeaderElection13] INFO  grpc.GrpcConfigKeys$Server (ConfUtils.java:logGet(43)) - raft.grpc.server.leader.outstanding.appends.max = 128 (default)
2019-10-30 11:52:32,090 [4f16e274-8663-4a15-9c4c-c81f650ab979@group-83984122B78E-LeaderElection16] INFO  server.RaftServerConfigKeys (ConfUtils.java:logGet(43)) - raft.server.rpc.request.timeout = 3000ms (default)
2019-10-30 11:52:32,090 [9b3ef6c9-0245-4756-bf80-45d41f7a4453@group-F367C8FA5986-LeaderElection13] INFO  server.RaftServerConfigKeys (ConfUtils.java:logGet(43)) - raft.server.rpc.request.timeout = 3000ms (default)
2019-10-30 11:52:32,090 [4f16e274-8663-4a15-9c4c-c81f650ab979@group-83984122B78E-LeaderElection16] INFO  server.RaftServerConfigKeys (ConfUtils.java:logGet(43)) - raft.server.log.appender.install.snapshot.enabled = false (custom)
2019-10-30 11:52:32,091 [9b3ef6c9-0245-4756-bf80-45d41f7a4453@group-F367C8FA5986-LeaderElection13] INFO  server.RaftServerConfigKeys (ConfUtils.java:logGet(43)) - raft.server.log.appender.install.snapshot.enabled = false (custom)
2019-10-30 11:52:32,093 [pool-87-thread-1] INFO  segmented.SegmentedRaftLogWorker (SegmentedRaftLogWorker.java:lambda$new$0(128)) - 36879b23-b325-4015-ba59-8656331c6f4b@group-6C94BA02685B-SegmentedRaftLogWorker: flushIndex: setUnconditionally 0 -> -1
2019-10-30 11:52:32,093 [pool-37-thread-1] INFO  segmented.SegmentedRaftLogWorker (SegmentedRaftLogWorker.java:lambda$new$0(128)) - 6ed35211-36a6-405a-b1db-549f65da443e@group-6C94BA02685B-SegmentedRaftLogWorker: flushIndex: setUnconditionally 0 -> -1
2019-10-30 11:52:32,094 [pool-87-thread-1] INFO  server.RaftServerConfigKeys (ConfUtils.java:logGet(43)) - raft.server.snapshot.auto.trigger.enabled = true (custom)
2019-10-30 11:52:32,094 [pool-87-thread-1] INFO  server.RaftServerConfigKeys (ConfUtils.java:logGet(43)) - raft.server.snapshot.auto.trigger.threshold = 10000 (custom)
2019-10-30 11:52:32,094 [pool-37-thread-1] INFO  server.RaftServerConfigKeys (ConfUtils.java:logGet(43)) - raft.server.snapshot.auto.trigger.enabled = true (custom)
2019-10-30 11:52:32,094 [pool-87-thread-1] INFO  server.RaftServerConfigKeys (ConfUtils.java:logGet(43)) - raft.server.snapshot.retention.file.num = 5 (custom)
2019-10-30 11:52:32,094 [pool-37-thread-1] INFO  server.RaftServerConfigKeys (ConfUtils.java:logGet(43)) - raft.server.snapshot.auto.trigger.threshold = 10000 (custom)
2019-10-30 11:52:32,094 [pool-87-thread-1] INFO  server.RaftServerConfigKeys (ConfUtils.java:logGet(43)) - raft.server.retrycache.expirytime = 600000ms (custom)
2019-10-30 11:52:32,094 [pool-37-thread-1] INFO  server.RaftServerConfigKeys (ConfUtils.java:logGet(43)) - raft.server.snapshot.retention.file.num = 5 (custom)
2019-10-30 11:52:32,095 [pool-37-thread-1] INFO  server.RaftServerConfigKeys (ConfUtils.java:logGet(43)) - raft.server.retrycache.expirytime = 600000ms (custom)
2019-10-30 11:52:32,095 [9b3ef6c9-0245-4756-bf80-45d41f7a4453@group-F367C8FA5986-LeaderElection13] INFO  server.RaftServerConfigKeys (ConfUtils.java:logGet(43)) - raft.server.log.appender.snapshot.chunk.size.max = 16MB (=16777216) (default)
2019-10-30 11:52:32,095 [9b3ef6c9-0245-4756-bf80-45d41f7a4453@group-F367C8FA5986-LeaderElection13] INFO  server.RaftServerConfigKeys (ConfUtils.java:logGet(43)) - raft.server.log.appender.buffer.byte-limit = 33554432 (custom)
2019-10-30 11:52:32,095 [9b3ef6c9-0245-4756-bf80-45d41f7a4453@group-F367C8FA5986-LeaderElection13] INFO  server.RaftServerConfigKeys (ConfUtils.java:logGet(43)) - raft.server.log.appender.buffer.element-limit = 1 (custom)
2019-10-30 11:52:32,096 [4f16e274-8663-4a15-9c4c-c81f650ab979@group-83984122B78E-LeaderElection16] INFO  server.RaftServerConfigKeys (ConfUtils.java:logGet(43)) - raft.server.log.appender.snapshot.chunk.size.max = 16MB (=16777216) (default)
2019-10-30 11:52:32,096 [9b3ef6c9-0245-4756-bf80-45d41f7a4453@group-F367C8FA5986-LeaderElection13] INFO  grpc.GrpcConfigKeys$Server (ConfUtils.java:logGet(43)) - raft.grpc.server.leader.outstanding.appends.max = 128 (default)
2019-10-30 11:52:32,102 [9b3ef6c9-0245-4756-bf80-45d41f7a4453@group-F367C8FA5986-LeaderElection13] INFO  server.RaftServerConfigKeys (ConfUtils.java:logGet(43)) - raft.server.rpc.request.timeout = 3000ms (default)
2019-10-30 11:52:32,102 [4f16e274-8663-4a15-9c4c-c81f650ab979@group-83984122B78E-LeaderElection16] INFO  server.RaftServerConfigKeys (ConfUtils.java:logGet(43)) - raft.server.log.appender.buffer.byte-limit = 33554432 (custom)
2019-10-30 11:52:32,102 [pool-107-thread-1] INFO  storage.RaftStorageDirectory (RaftStorageDirectory.java:tryLock(328)) - Lock on /workdir/hadoop-ozone/integration-test/target/test-dir/MiniOzoneClusterImpl-aaf233b5-8021-4449-9df2-227d87d78376/datanode-8/data/ratis/c2bfa153-54fb-4653-be57-6c94ba02685b/in_use.lock acquired by nodename 8701@pr-hdds-2359-w9s2w-3834556564
2019-10-30 11:52:32,102 [4f16e274-8663-4a15-9c4c-c81f650ab979@group-83984122B78E-LeaderElection16] INFO  server.RaftServerConfigKeys (ConfUtils.java:logGet(43)) - raft.server.log.appender.buffer.element-limit = 1 (custom)
2019-10-30 11:52:32,102 [9b3ef6c9-0245-4756-bf80-45d41f7a4453@group-F367C8FA5986-LeaderElection13] INFO  server.RaftServerConfigKeys (ConfUtils.java:logGet(43)) - raft.server.log.appender.install.snapshot.enabled = false (custom)
2019-10-30 11:52:32,102 [pool-87-thread-1] INFO  impl.RaftServerImpl (RaftServerImpl.java:start(195)) - 36879b23-b325-4015-ba59-8656331c6f4b@group-6C94BA02685B: start as a follower, conf=-1: [6ed35211-36a6-405a-b1db-549f65da443e:192.168.157.220:41613, a12d6b9e-ec23-449e-8b58-135e3e67eb04:192.168.157.220:40337, 36879b23-b325-4015-ba59-8656331c6f4b:192.168.157.220:36123], old=null
2019-10-30 11:52:32,103 [pool-37-thread-1] INFO  impl.RaftServerImpl (RaftServerImpl.java:start(195)) - 6ed35211-36a6-405a-b1db-549f65da443e@group-6C94BA02685B: start as a follower, conf=-1: [6ed35211-36a6-405a-b1db-549f65da443e:192.168.157.220:41613, a12d6b9e-ec23-449e-8b58-135e3e67eb04:192.168.157.220:40337, 36879b23-b325-4015-ba59-8656331c6f4b:192.168.157.220:36123], old=null
2019-10-30 11:52:32,103 [4f16e274-8663-4a15-9c4c-c81f650ab979@group-83984122B78E-LeaderElection16] INFO  grpc.GrpcConfigKeys$Server (ConfUtils.java:logGet(43)) - raft.grpc.server.leader.outstanding.appends.max = 128 (default)
2019-10-30 11:52:32,103 [pool-37-thread-1] INFO  impl.RaftServerImpl (RaftServerImpl.java:setRole(184)) - 6ed35211-36a6-405a-b1db-549f65da443e@group-6C94BA02685B: changes role from      null to FOLLOWER at term 0 for startAsFollower
2019-10-30 11:52:32,103 [pool-87-thread-1] INFO  impl.RaftServerImpl (RaftServerImpl.java:setRole(184)) - 36879b23-b325-4015-ba59-8656331c6f4b@group-6C94BA02685B: changes role from      null to FOLLOWER at term 0 for startAsFollower
2019-10-30 11:52:32,103 [pool-37-thread-1] INFO  impl.RoleInfo (RoleInfo.java:updateAndGet(143)) - 6ed35211-36a6-405a-b1db-549f65da443e: start FollowerState
2019-10-30 11:52:32,103 [4f16e274-8663-4a15-9c4c-c81f650ab979@group-83984122B78E-LeaderElection16] INFO  server.RaftServerConfigKeys (ConfUtils.java:logGet(43)) - raft.server.rpc.request.timeout = 3000ms (default)
2019-10-30 11:52:32,103 [4f16e274-8663-4a15-9c4c-c81f650ab979@group-83984122B78E-LeaderElection16] INFO  server.RaftServerConfigKeys (ConfUtils.java:logGet(43)) - raft.server.log.appender.install.snapshot.enabled = false (custom)
2019-10-30 11:52:32,104 [pool-87-thread-1] INFO  impl.RoleInfo (RoleInfo.java:updateAndGet(143)) - 36879b23-b325-4015-ba59-8656331c6f4b: start FollowerState
2019-10-30 11:52:32,104 [pool-37-thread-1] INFO  util.JmxRegister (JmxRegister.java:tryRegister(44)) - Successfully registered JMX Bean with object name Ratis:service=RaftServer,group=group-6C94BA02685B,id=6ed35211-36a6-405a-b1db-549f65da443e
2019-10-30 11:52:32,104 [pool-87-thread-1] INFO  util.JmxRegister (JmxRegister.java:tryRegister(44)) - Successfully registered JMX Bean with object name Ratis:service=RaftServer,group=group-6C94BA02685B,id=36879b23-b325-4015-ba59-8656331c6f4b
2019-10-30 11:52:32,113 [pool-107-thread-1] INFO  storage.RaftStorage (RaftStorage.java:format(84)) - Storage directory /workdir/hadoop-ozone/integration-test/target/test-dir/MiniOzoneClusterImpl-aaf233b5-8021-4449-9df2-227d87d78376/datanode-8/data/ratis/c2bfa153-54fb-4653-be57-6c94ba02685b has been successfully formatted.
2019-10-30 11:52:32,113 [pool-107-thread-1] INFO  ratis.ContainerStateMachine (ContainerStateMachine.java:loadSnapshot(231)) - group-6C94BA02685B: The snapshot info is null. Setting the last applied indexto:(t:0, i:~)
2019-10-30 11:52:32,113 [pool-107-thread-1] INFO  server.RaftServerConfigKeys (ConfUtils.java:logGet(43)) - raft.server.notification.no-leader.timeout = 120s (custom)
2019-10-30 11:52:32,113 [pool-107-thread-1] INFO  server.RaftServerConfigKeys (ConfUtils.java:logGet(43)) - raft.server.log.use.memory = false (default)
2019-10-30 11:52:32,113 [pool-107-thread-1] INFO  server.RaftServerConfigKeys (ConfUtils.java:logGet(43)) - raft.server.log.purge.gap = 1000000 (custom)
2019-10-30 11:52:32,113 [pool-107-thread-1] INFO  server.RaftServerConfigKeys (ConfUtils.java:logGet(43)) - raft.server.log.appender.buffer.byte-limit = 33554432 (custom)
2019-10-30 11:52:32,113 [pool-107-thread-1] INFO  server.RaftServerConfigKeys (ConfUtils.java:logGet(43)) - raft.server.log.segment.size.max = 1048576 (custom)
2019-10-30 11:52:32,113 [pool-107-thread-1] INFO  server.RaftServerConfigKeys (ConfUtils.java:logGet(43)) - raft.server.log.segment.cache.num.max = 2 (custom)
2019-10-30 11:52:32,113 [pool-107-thread-1] INFO  segmented.SegmentedRaftLogWorker (SegmentedRaftLogWorker.java:<init>(173)) - new a12d6b9e-ec23-449e-8b58-135e3e67eb04@group-6C94BA02685B-SegmentedRaftLogWorker for RaftStorage:Storage Directory /workdir/hadoop-ozone/integration-test/target/test-dir/MiniOzoneClusterImpl-aaf233b5-8021-4449-9df2-227d87d78376/datanode-8/data/ratis/c2bfa153-54fb-4653-be57-6c94ba02685b
2019-10-30 11:52:32,114 [pool-107-thread-1] INFO  server.RaftServerConfigKeys (ConfUtils.java:logGet(43)) - raft.server.log.queue.byte-limit = 2147483647 (custom)
2019-10-30 11:52:32,114 [pool-107-thread-1] INFO  server.RaftServerConfigKeys (ConfUtils.java:logGet(43)) - raft.server.log.queue.element-limit = 1024 (custom)
2019-10-30 11:52:32,114 [pool-107-thread-1] INFO  server.RaftServerConfigKeys (ConfUtils.java:logGet(43)) - raft.server.log.segment.size.max = 1048576 (custom)
2019-10-30 11:52:32,114 [pool-107-thread-1] INFO  server.RaftServerConfigKeys (ConfUtils.java:logGet(43)) - raft.server.log.preallocated.size = 16384 (custom)
2019-10-30 11:52:32,114 [pool-107-thread-1] INFO  server.RaftServerConfigKeys (ConfUtils.java:logGet(43)) - raft.server.log.write.buffer.size = 33554432 (custom)
2019-10-30 11:52:32,114 [pool-107-thread-1] INFO  server.RaftServerConfigKeys (ConfUtils.java:logGet(43)) - raft.server.log.force.sync.num = 128 (default)
2019-10-30 11:52:32,114 [pool-107-thread-1] INFO  server.RaftServerConfigKeys (ConfUtils.java:logGet(43)) - raft.server.log.statemachine.data.sync = true (default)
2019-10-30 11:52:32,114 [pool-107-thread-1] INFO  server.RaftServerConfigKeys (ConfUtils.java:logGet(43)) - raft.server.log.statemachine.data.sync.timeout = 10s (default)
2019-10-30 11:52:32,114 [pool-107-thread-1] INFO  server.RaftServerConfigKeys (ConfUtils.java:logGet(43)) - raft.server.log.statemachine.data.sync.timeout.retry = -1 (default)
2019-10-30 11:52:32,114 [pool-107-thread-1] INFO  server.RaftServerConfigKeys (ConfUtils.java:logGet(43)) - raft.server.log.statemachine.data.caching.enabled = true (custom)
2019-10-30 11:52:32,115 [pool-107-thread-1] INFO  segmented.SegmentedRaftLogWorker (SegmentedRaftLogWorker.java:lambda$new$0(128)) - a12d6b9e-ec23-449e-8b58-135e3e67eb04@group-6C94BA02685B-SegmentedRaftLogWorker: flushIndex: setUnconditionally 0 -> -1
2019-10-30 11:52:32,115 [pool-107-thread-1] INFO  server.RaftServerConfigKeys (ConfUtils.java:logGet(43)) - raft.server.snapshot.auto.trigger.enabled = true (custom)
2019-10-30 11:52:32,115 [pool-107-thread-1] INFO  server.RaftServerConfigKeys (ConfUtils.java:logGet(43)) - raft.server.snapshot.auto.trigger.threshold = 10000 (custom)
2019-10-30 11:52:32,115 [pool-107-thread-1] INFO  server.RaftServerConfigKeys (ConfUtils.java:logGet(43)) - raft.server.snapshot.retention.file.num = 5 (custom)
2019-10-30 11:52:32,115 [pool-107-thread-1] INFO  server.RaftServerConfigKeys (ConfUtils.java:logGet(43)) - raft.server.retrycache.expirytime = 600000ms (custom)
2019-10-30 11:52:32,117 [Thread-380] INFO  impl.FollowerState (FollowerState.java:run(108)) - 9dbd5372-55c2-4532-b354-9494d3d545d2@group-F367C8FA5986-FollowerState: change to CANDIDATE, lastRpcTime:85ms, electionTimeout:74ms
2019-10-30 11:52:32,118 [Thread-380] INFO  impl.RoleInfo (RoleInfo.java:shutdownFollowerState(121)) - 9dbd5372-55c2-4532-b354-9494d3d545d2: shutdown FollowerState
2019-10-30 11:52:32,118 [Thread-380] INFO  impl.RaftServerImpl (RaftServerImpl.java:setRole(184)) - 9dbd5372-55c2-4532-b354-9494d3d545d2@group-F367C8FA5986: changes role from  FOLLOWER to CANDIDATE at term 2 for changeToCandidate
2019-10-30 11:52:32,118 [Thread-380] INFO  impl.RoleInfo (RoleInfo.java:updateAndGet(143)) - 9dbd5372-55c2-4532-b354-9494d3d545d2: start LeaderElection
2019-10-30 11:52:32,123 [pool-107-thread-1] INFO  impl.RaftServerImpl (RaftServerImpl.java:start(195)) - a12d6b9e-ec23-449e-8b58-135e3e67eb04@group-6C94BA02685B: start as a follower, conf=-1: [6ed35211-36a6-405a-b1db-549f65da443e:192.168.157.220:41613, a12d6b9e-ec23-449e-8b58-135e3e67eb04:192.168.157.220:40337, 36879b23-b325-4015-ba59-8656331c6f4b:192.168.157.220:36123], old=null
2019-10-30 11:52:32,123 [pool-107-thread-1] INFO  impl.RaftServerImpl (RaftServerImpl.java:setRole(184)) - a12d6b9e-ec23-449e-8b58-135e3e67eb04@group-6C94BA02685B: changes role from      null to FOLLOWER at term 0 for startAsFollower
2019-10-30 11:52:32,123 [pool-107-thread-1] INFO  impl.RoleInfo (RoleInfo.java:updateAndGet(143)) - a12d6b9e-ec23-449e-8b58-135e3e67eb04: start FollowerState
2019-10-30 11:52:32,125 [9b3ef6c9-0245-4756-bf80-45d41f7a4453@group-F367C8FA5986-LeaderElection13] INFO  impl.RoleInfo (RoleInfo.java:updateAndGet(143)) - 9b3ef6c9-0245-4756-bf80-45d41f7a4453: start LeaderState
2019-10-30 11:52:32,125 [4f16e274-8663-4a15-9c4c-c81f650ab979@group-83984122B78E-LeaderElection16] INFO  impl.RoleInfo (RoleInfo.java:updateAndGet(143)) - 4f16e274-8663-4a15-9c4c-c81f650ab979: start LeaderState
2019-10-30 11:52:32,125 [pool-107-thread-1] INFO  util.JmxRegister (JmxRegister.java:tryRegister(44)) - Successfully registered JMX Bean with object name Ratis:service=RaftServer,group=group-6C94BA02685B,id=a12d6b9e-ec23-449e-8b58-135e3e67eb04
2019-10-30 11:52:32,126 [4f16e274-8663-4a15-9c4c-c81f650ab979@group-83984122B78E-LeaderElection16] INFO  segmented.SegmentedRaftLogWorker (SegmentedRaftLogWorker.java:startLogSegment(385)) - 4f16e274-8663-4a15-9c4c-c81f650ab979@group-83984122B78E-SegmentedRaftLogWorker: Starting segment from index:0
2019-10-30 11:52:32,126 [9b3ef6c9-0245-4756-bf80-45d41f7a4453@group-F367C8FA5986-LeaderElection13] INFO  segmented.SegmentedRaftLogWorker (SegmentedRaftLogWorker.java:startLogSegment(385)) - 9b3ef6c9-0245-4756-bf80-45d41f7a4453@group-F367C8FA5986-SegmentedRaftLogWorker: Starting segment from index:0
2019-10-30 11:52:32,126 [9dbd5372-55c2-4532-b354-9494d3d545d2@group-F367C8FA5986-LeaderElection17] INFO  impl.LeaderElection (LeaderElection.java:askForVotes(178)) - 9dbd5372-55c2-4532-b354-9494d3d545d2@group-F367C8FA5986-LeaderElection17: begin an election at term 3 for -1: [9b3ef6c9-0245-4756-bf80-45d41f7a4453:192.168.157.220:37058, cd11b2f5-3187-4d03-bd60-931991550c17:192.168.157.220:43236, 9dbd5372-55c2-4532-b354-9494d3d545d2:192.168.157.220:42993], old=null
2019-10-30 11:52:32,127 [4f16e274-8663-4a15-9c4c-c81f650ab979@group-83984122B78E-LeaderElection16] INFO  impl.RaftServerImpl (ServerState.java:setRaftConf(357)) - 4f16e274-8663-4a15-9c4c-c81f650ab979@group-83984122B78E: set configuration 0: [4f16e274-8663-4a15-9c4c-c81f650ab979:192.168.157.220:38181, 4cc44201-a597-43af-a4ec-5b1b407a6250:192.168.157.220:36685, f26e10ed-fb17-49e6-a903-eadc130d13d1:192.168.157.220:32806], old=null at 0
2019-10-30 11:52:32,151 [Thread-383] INFO  impl.FollowerState (FollowerState.java:run(108)) - 4cc44201-a597-43af-a4ec-5b1b407a6250@group-83984122B78E-FollowerState: change to CANDIDATE, lastRpcTime:90ms, electionTimeout:66ms
2019-10-30 11:52:32,151 [Thread-383] INFO  impl.RoleInfo (RoleInfo.java:shutdownFollowerState(121)) - 4cc44201-a597-43af-a4ec-5b1b407a6250: shutdown FollowerState
2019-10-30 11:52:32,151 [Thread-383] INFO  impl.RaftServerImpl (RaftServerImpl.java:setRole(184)) - 4cc44201-a597-43af-a4ec-5b1b407a6250@group-83984122B78E: changes role from  FOLLOWER to CANDIDATE at term 3 for changeToCandidate
2019-10-30 11:52:32,151 [Thread-383] INFO  impl.RoleInfo (RoleInfo.java:updateAndGet(143)) - 4cc44201-a597-43af-a4ec-5b1b407a6250: start LeaderElection
2019-10-30 11:52:32,175 [9b3ef6c9-0245-4756-bf80-45d41f7a4453@group-F367C8FA5986-LeaderElection13] INFO  impl.RaftServerImpl (ServerState.java:setRaftConf(357)) - 9b3ef6c9-0245-4756-bf80-45d41f7a4453@group-F367C8FA5986: set configuration 0: [9b3ef6c9-0245-4756-bf80-45d41f7a4453:192.168.157.220:37058, cd11b2f5-3187-4d03-bd60-931991550c17:192.168.157.220:43236, 9dbd5372-55c2-4532-b354-9494d3d545d2:192.168.157.220:42993], old=null at 0
2019-10-30 11:52:32,181 [4f16e274-8663-4a15-9c4c-c81f650ab979@group-83984122B78E-SegmentedRaftLogWorker] INFO  segmented.SegmentedRaftLogWorker (SegmentedRaftLogWorker.java:execute(576)) - 4f16e274-8663-4a15-9c4c-c81f650ab979@group-83984122B78E-SegmentedRaftLogWorker: created new log segment /workdir/hadoop-ozone/integration-test/target/test-dir/MiniOzoneClusterImpl-aaf233b5-8021-4449-9df2-227d87d78376/datanode-5/data/ratis/14ac5ef5-3303-4585-9824-83984122b78e/current/log_inprogress_0
2019-10-30 11:52:32,182 [9b3ef6c9-0245-4756-bf80-45d41f7a4453@group-F367C8FA5986-SegmentedRaftLogWorker] INFO  segmented.SegmentedRaftLogWorker (SegmentedRaftLogWorker.java:execute(576)) - 9b3ef6c9-0245-4756-bf80-45d41f7a4453@group-F367C8FA5986-SegmentedRaftLogWorker: created new log segment /workdir/hadoop-ozone/integration-test/target/test-dir/MiniOzoneClusterImpl-aaf233b5-8021-4449-9df2-227d87d78376/datanode-9/data/ratis/0a097f00-4378-4a1e-b584-f367c8fa5986/current/log_inprogress_0
2019-10-30 11:52:32,183 [4cc44201-a597-43af-a4ec-5b1b407a6250@group-83984122B78E-LeaderElection18] INFO  impl.LeaderElection (LeaderElection.java:askForVotes(178)) - 4cc44201-a597-43af-a4ec-5b1b407a6250@group-83984122B78E-LeaderElection18: begin an election at term 4 for -1: [4f16e274-8663-4a15-9c4c-c81f650ab979:192.168.157.220:38181, 4cc44201-a597-43af-a4ec-5b1b407a6250:192.168.157.220:36685, f26e10ed-fb17-49e6-a903-eadc130d13d1:192.168.157.220:32806], old=null
2019-10-30 11:52:32,191 [Thread-377] INFO  impl.FollowerState (FollowerState.java:run(108)) - cd11b2f5-3187-4d03-bd60-931991550c17@group-F367C8FA5986-FollowerState: change to CANDIDATE, lastRpcTime:172ms, electionTimeout:172ms
2019-10-30 11:52:32,191 [Thread-377] INFO  impl.RoleInfo (RoleInfo.java:shutdownFollowerState(121)) - cd11b2f5-3187-4d03-bd60-931991550c17: shutdown FollowerState
2019-10-30 11:52:32,192 [Thread-377] INFO  impl.RaftServerImpl (RaftServerImpl.java:setRole(184)) - cd11b2f5-3187-4d03-bd60-931991550c17@group-F367C8FA5986: changes role from  FOLLOWER to CANDIDATE at term 2 for changeToCandidate
2019-10-30 11:52:32,193 [Thread-377] INFO  impl.RoleInfo (RoleInfo.java:updateAndGet(143)) - cd11b2f5-3187-4d03-bd60-931991550c17: start LeaderElection
2019-10-30 11:52:32,194 [grpc-default-executor-0] INFO  impl.RaftServerImpl (ServerState.java:setLeader(256)) - 9b3ef6c9-0245-4756-bf80-45d41f7a4453@group-F367C8FA5986: change Leader from 9b3ef6c9-0245-4756-bf80-45d41f7a4453 to null at term 3 for updateCurrentTerm
2019-10-30 11:52:32,194 [grpc-default-executor-0] INFO  impl.RaftServerImpl (RaftServerImpl.java:setRole(184)) - 9b3ef6c9-0245-4756-bf80-45d41f7a4453@group-F367C8FA5986: changes role from    LEADER to FOLLOWER at term 3 for recognizeCandidate:9dbd5372-55c2-4532-b354-9494d3d545d2
2019-10-30 11:52:32,194 [grpc-default-executor-0] INFO  impl.RoleInfo (RoleInfo.java:shutdownLeaderState(104)) - 9b3ef6c9-0245-4756-bf80-45d41f7a4453: shutdown LeaderState
2019-10-30 11:52:32,194 [grpc-default-executor-4] INFO  impl.RaftServerImpl (ServerState.java:setLeader(256)) - 4f16e274-8663-4a15-9c4c-c81f650ab979@group-83984122B78E: change Leader from 4f16e274-8663-4a15-9c4c-c81f650ab979 to null at term 4 for updateCurrentTerm
2019-10-30 11:52:32,195 [grpc-default-executor-4] INFO  impl.RaftServerImpl (RaftServerImpl.java:setRole(184)) - 4f16e274-8663-4a15-9c4c-c81f650ab979@group-83984122B78E: changes role from    LEADER to FOLLOWER at term 4 for recognizeCandidate:4cc44201-a597-43af-a4ec-5b1b407a6250
2019-10-30 11:52:32,195 [grpc-default-executor-4] INFO  impl.RoleInfo (RoleInfo.java:shutdownLeaderState(104)) - 4f16e274-8663-4a15-9c4c-c81f650ab979: shutdown LeaderState
2019-10-30 11:52:32,195 [RatisPipelineUtilsThread] INFO  pipeline.PipelineStateManager (PipelineStateManager.java:addPipeline(56)) - Created pipeline Pipeline[ Id: c2bfa153-54fb-4653-be57-6c94ba02685b, Nodes: a12d6b9e-ec23-449e-8b58-135e3e67eb04{ip: 192.168.157.220, host: pr-hdds-2359-w9s2w-3834556564, networkLocation: /default-rack, certSerialId: null}36879b23-b325-4015-ba59-8656331c6f4b{ip: 192.168.157.220, host: pr-hdds-2359-w9s2w-3834556564, networkLocation: /default-rack, certSerialId: null}6ed35211-36a6-405a-b1db-549f65da443e{ip: 192.168.157.220, host: pr-hdds-2359-w9s2w-3834556564, networkLocation: /default-rack, certSerialId: null}, Type:RATIS, Factor:THREE, State:OPEN]
2019-10-30 11:52:32,196 [Thread-393] INFO  impl.FollowerState (FollowerState.java:run(108)) - 6ed35211-36a6-405a-b1db-549f65da443e@group-6C94BA02685B-FollowerState: change to CANDIDATE, lastRpcTime:93ms, electionTimeout:92ms
2019-10-30 11:52:32,199 [Thread-393] INFO  impl.RoleInfo (RoleInfo.java:shutdownFollowerState(121)) - 6ed35211-36a6-405a-b1db-549f65da443e: shutdown FollowerState
2019-10-30 11:52:32,200 [Thread-393] INFO  impl.RaftServerImpl (RaftServerImpl.java:setRole(184)) - 6ed35211-36a6-405a-b1db-549f65da443e@group-6C94BA02685B: changes role from  FOLLOWER to CANDIDATE at term 0 for changeToCandidate
2019-10-30 11:52:32,200 [Thread-393] INFO  impl.RoleInfo (RoleInfo.java:updateAndGet(143)) - 6ed35211-36a6-405a-b1db-549f65da443e: start LeaderElection
2019-10-30 11:52:32,200 [org.apache.ratis.server.impl.LogAppender$AppenderDaemon$$Lambda$420/1739398863@d7d2082] WARN  server.GrpcLogAppender (GrpcLogAppender.java:mayWait(149)) - 9b3ef6c9-0245-4756-bf80-45d41f7a4453@group-F367C8FA5986->cd11b2f5-3187-4d03-bd60-931991550c17-GrpcLogAppender: Wait interrupted by java.lang.InterruptedException
2019-10-30 11:52:32,202 [grpc-default-executor-0] INFO  impl.PendingRequests (PendingRequests.java:sendNotLeaderResponses(202)) - 9b3ef6c9-0245-4756-bf80-45d41f7a4453@group-F367C8FA5986-PendingRequests: sendNotLeaderResponses
2019-10-30 11:52:32,211 [grpc-default-executor-1] INFO  impl.RaftServerImpl (RaftServerImpl.java:setRole(184)) - f26e10ed-fb17-49e6-a903-eadc130d13d1@group-83984122B78E: changes role from  FOLLOWER to FOLLOWER at term 4 for recognizeCandidate:4cc44201-a597-43af-a4ec-5b1b407a6250
2019-10-30 11:52:32,212 [grpc-default-executor-1] INFO  impl.RoleInfo (RoleInfo.java:shutdownFollowerState(121)) - f26e10ed-fb17-49e6-a903-eadc130d13d1: shutdown FollowerState
2019-10-30 11:52:32,202 [grpc-default-executor-4] INFO  impl.PendingRequests (PendingRequests.java:sendNotLeaderResponses(202)) - 4f16e274-8663-4a15-9c4c-c81f650ab979@group-83984122B78E-PendingRequests: sendNotLeaderResponses
2019-10-30 11:52:32,212 [Thread-385] INFO  impl.FollowerState (FollowerState.java:run(117)) - f26e10ed-fb17-49e6-a903-eadc130d13d1@group-83984122B78E-FollowerState was interrupted: java.lang.InterruptedException: sleep interrupted
2019-10-30 11:52:32,212 [grpc-default-executor-1] INFO  impl.RoleInfo (RoleInfo.java:updateAndGet(143)) - f26e10ed-fb17-49e6-a903-eadc130d13d1: start FollowerState
2019-10-30 11:52:32,212 [4cc44201-a597-43af-a4ec-5b1b407a6250@group-83984122B78E-LeaderElection18] INFO  impl.LeaderElection (LeaderElection.java:logAndReturn(56)) - 4cc44201-a597-43af-a4ec-5b1b407a6250@group-83984122B78E-LeaderElection18: Election TIMEOUT; received 0 response(s) [] and 0 exception(s); 4cc44201-a597-43af-a4ec-5b1b407a6250@group-83984122B78E:t4, leader=null, voted=4cc44201-a597-43af-a4ec-5b1b407a6250, raftlog=4cc44201-a597-43af-a4ec-5b1b407a6250@group-83984122B78E-SegmentedRaftLog:OPENED:c-1,f-1,i0, conf=-1: [4f16e274-8663-4a15-9c4c-c81f650ab979:192.168.157.220:38181, 4cc44201-a597-43af-a4ec-5b1b407a6250:192.168.157.220:36685, f26e10ed-fb17-49e6-a903-eadc130d13d1:192.168.157.220:32806], old=null
2019-10-30 11:52:32,211 [org.apache.ratis.server.impl.LogAppender$AppenderDaemon$$Lambda$420/1739398863@b71b29f] WARN  server.GrpcLogAppender (GrpcLogAppender.java:mayWait(149)) - 4f16e274-8663-4a15-9c4c-c81f650ab979@group-83984122B78E->f26e10ed-fb17-49e6-a903-eadc130d13d1-GrpcLogAppender: Wait interrupted by java.lang.InterruptedException
2019-10-30 11:52:32,212 [org.apache.ratis.server.impl.LogAppender$AppenderDaemon$$Lambda$420/1739398863@ec1ff77] WARN  server.GrpcLogAppender (GrpcLogAppender.java:mayWait(149)) - 9b3ef6c9-0245-4756-bf80-45d41f7a4453@group-F367C8FA5986->9dbd5372-55c2-4532-b354-9494d3d545d2-GrpcLogAppender: Wait interrupted by java.lang.InterruptedException
2019-10-30 11:52:32,216 [cd11b2f5-3187-4d03-bd60-931991550c17@group-F367C8FA5986-LeaderElection19] INFO  impl.LeaderElection (LeaderElection.java:askForVotes(178)) - cd11b2f5-3187-4d03-bd60-931991550c17@group-F367C8FA5986-LeaderElection19: begin an election at term 3 for -1: [9b3ef6c9-0245-4756-bf80-45d41f7a4453:192.168.157.220:37058, cd11b2f5-3187-4d03-bd60-931991550c17:192.168.157.220:43236, 9dbd5372-55c2-4532-b354-9494d3d545d2:192.168.157.220:42993], old=null
2019-10-30 11:52:32,216 [grpc-default-executor-0] INFO  impl.RoleInfo (RoleInfo.java:updateAndGet(143)) - 9b3ef6c9-0245-4756-bf80-45d41f7a4453: start FollowerState
2019-10-30 11:52:32,215 [grpc-default-executor-4] INFO  impl.RoleInfo (RoleInfo.java:updateAndGet(143)) - 4f16e274-8663-4a15-9c4c-c81f650ab979: start FollowerState
2019-10-30 11:52:32,220 [Thread-399] INFO  impl.FollowerState (FollowerState.java:run(108)) - a12d6b9e-ec23-449e-8b58-135e3e67eb04@group-6C94BA02685B-FollowerState: change to CANDIDATE, lastRpcTime:97ms, electionTimeout:94ms
2019-10-30 11:52:32,224 [Thread-399] INFO  impl.RoleInfo (RoleInfo.java:shutdownFollowerState(121)) - a12d6b9e-ec23-449e-8b58-135e3e67eb04: shutdown FollowerState
2019-10-30 11:52:32,224 [Thread-399] INFO  impl.RaftServerImpl (RaftServerImpl.java:setRole(184)) - a12d6b9e-ec23-449e-8b58-135e3e67eb04@group-6C94BA02685B: changes role from  FOLLOWER to CANDIDATE at term 0 for changeToCandidate
2019-10-30 11:52:32,222 [org.apache.ratis.server.impl.LogAppender$AppenderDaemon$$Lambda$420/1739398863@4ca3857a] WARN  server.GrpcLogAppender (GrpcLogAppender.java:mayWait(149)) - 4f16e274-8663-4a15-9c4c-c81f650ab979@group-83984122B78E->4cc44201-a597-43af-a4ec-5b1b407a6250-GrpcLogAppender: Wait interrupted by java.lang.InterruptedException
2019-10-30 11:52:32,224 [Thread-399] INFO  impl.RoleInfo (RoleInfo.java:updateAndGet(143)) - a12d6b9e-ec23-449e-8b58-135e3e67eb04: start LeaderElection
2019-10-30 11:52:32,232 [grpc-default-executor-2] INFO  server.GrpcServerProtocolService (GrpcServerProtocolService.java:onCompleted(113)) - 9dbd5372-55c2-4532-b354-9494d3d545d2: Completed APPEND_ENTRIES, lastRequest: 9b3ef6c9-0245-4756-bf80-45d41f7a4453->9dbd5372-55c2-4532-b354-9494d3d545d2#0-t2, previous=(t:0, i:0), leaderCommit=-1, initializing? false, entries: <empty>
2019-10-30 11:52:32,232 [grpc-default-executor-3] INFO  server.GrpcServerProtocolService (GrpcServerProtocolService.java:onCompleted(113)) - cd11b2f5-3187-4d03-bd60-931991550c17: Completed APPEND_ENTRIES, lastRequest: 9b3ef6c9-0245-4756-bf80-45d41f7a4453->cd11b2f5-3187-4d03-bd60-931991550c17#0-t2, previous=(t:0, i:0), leaderCommit=-1, initializing? false, entries: <empty>
2019-10-30 11:52:32,239 [4cc44201-a597-43af-a4ec-5b1b407a6250@group-83984122B78E-LeaderElection18] INFO  impl.LeaderElection (LeaderElection.java:askForVotes(178)) - 4cc44201-a597-43af-a4ec-5b1b407a6250@group-83984122B78E-LeaderElection18: begin an election at term 5 for -1: [4f16e274-8663-4a15-9c4c-c81f650ab979:192.168.157.220:38181, 4cc44201-a597-43af-a4ec-5b1b407a6250:192.168.157.220:36685, f26e10ed-fb17-49e6-a903-eadc130d13d1:192.168.157.220:32806], old=null
2019-10-30 11:52:32,240 [grpc-default-executor-7] INFO  server.GrpcLogAppender (GrpcLogAppender.java:onCompleted(308)) - 9b3ef6c9-0245-4756-bf80-45d41f7a4453@group-F367C8FA5986->9dbd5372-55c2-4532-b354-9494d3d545d2-AppendLogResponseHandler: follower responses appendEntries COMPLETED
2019-10-30 11:52:32,240 [6ed35211-36a6-405a-b1db-549f65da443e@group-6C94BA02685B-LeaderElection20] INFO  impl.LeaderElection (LeaderElection.java:askForVotes(178)) - 6ed35211-36a6-405a-b1db-549f65da443e@group-6C94BA02685B-LeaderElection20: begin an election at term 1 for -1: [6ed35211-36a6-405a-b1db-549f65da443e:192.168.157.220:41613, a12d6b9e-ec23-449e-8b58-135e3e67eb04:192.168.157.220:40337, 36879b23-b325-4015-ba59-8656331c6f4b:192.168.157.220:36123], old=null
2019-10-30 11:52:32,240 [grpc-default-executor-8] INFO  impl.RaftServerImpl (RaftServerImpl.java:setRole(184)) - 9b3ef6c9-0245-4756-bf80-45d41f7a4453@group-F367C8FA5986: changes role from  FOLLOWER to FOLLOWER at term 3 for recognizeCandidate:cd11b2f5-3187-4d03-bd60-931991550c17
2019-10-30 11:52:32,240 [grpc-default-executor-8] INFO  impl.RoleInfo (RoleInfo.java:shutdownFollowerState(121)) - 9b3ef6c9-0245-4756-bf80-45d41f7a4453: shutdown FollowerState
2019-10-30 11:52:32,240 [grpc-default-executor-6] INFO  server.GrpcServerProtocolService (GrpcServerProtocolService.java:onCompleted(113)) - 4cc44201-a597-43af-a4ec-5b1b407a6250: Completed APPEND_ENTRIES, lastRequest: 4f16e274-8663-4a15-9c4c-c81f650ab979->4cc44201-a597-43af-a4ec-5b1b407a6250#0-t3, previous=(t:0, i:0), leaderCommit=-1, initializing? false, entries: <empty>
2019-10-30 11:52:32,240 [grpc-default-executor-5] INFO  server.GrpcServerProtocolService (GrpcServerProtocolService.java:onCompleted(113)) - f26e10ed-fb17-49e6-a903-eadc130d13d1: Completed APPEND_ENTRIES, lastRequest: 4f16e274-8663-4a15-9c4c-c81f650ab979->f26e10ed-fb17-49e6-a903-eadc130d13d1#0-t3, previous=(t:0, i:0), leaderCommit=-1, initializing? false, entries: <empty>
2019-10-30 11:52:32,240 [grpc-default-executor-9] INFO  server.GrpcLogAppender (GrpcLogAppender.java:onCompleted(308)) - 9b3ef6c9-0245-4756-bf80-45d41f7a4453@group-F367C8FA5986->cd11b2f5-3187-4d03-bd60-931991550c17-AppendLogResponseHandler: follower responses appendEntries COMPLETED
2019-10-30 11:52:32,245 [grpc-default-executor-8] INFO  impl.RoleInfo (RoleInfo.java:updateAndGet(143)) - 9b3ef6c9-0245-4756-bf80-45d41f7a4453: start FollowerState
2019-10-30 11:52:32,245 [Thread-414] INFO  impl.FollowerState (FollowerState.java:run(117)) - 9b3ef6c9-0245-4756-bf80-45d41f7a4453@group-F367C8FA5986-FollowerState was interrupted: java.lang.InterruptedException: sleep interrupted
2019-10-30 11:52:32,252 [grpc-default-executor-0] INFO  server.GrpcLogAppender (GrpcLogAppender.java:onCompleted(308)) - 4f16e274-8663-4a15-9c4c-c81f650ab979@group-83984122B78E->4cc44201-a597-43af-a4ec-5b1b407a6250-AppendLogResponseHandler: follower responses appendEntries COMPLETED
2019-10-30 11:52:32,254 [a12d6b9e-ec23-449e-8b58-135e3e67eb04@group-6C94BA02685B-LeaderElection21] INFO  impl.LeaderElection (LeaderElection.java:askForVotes(178)) - a12d6b9e-ec23-449e-8b58-135e3e67eb04@group-6C94BA02685B-LeaderElection21: begin an election at term 1 for -1: [6ed35211-36a6-405a-b1db-549f65da443e:192.168.157.220:41613, a12d6b9e-ec23-449e-8b58-135e3e67eb04:192.168.157.220:40337, 36879b23-b325-4015-ba59-8656331c6f4b:192.168.157.220:36123], old=null
2019-10-30 11:52:32,254 [cd11b2f5-3187-4d03-bd60-931991550c17@group-F367C8FA5986-LeaderElection19] INFO  impl.LeaderElection (LeaderElection.java:logAndReturn(56)) - cd11b2f5-3187-4d03-bd60-931991550c17@group-F367C8FA5986-LeaderElection19: Election TIMEOUT; received 1 response(s) [cd11b2f5-3187-4d03-bd60-931991550c17<-9dbd5372-55c2-4532-b354-9494d3d545d2#0:FAIL-t3] and 0 exception(s); cd11b2f5-3187-4d03-bd60-931991550c17@group-F367C8FA5986:t3, leader=null, voted=cd11b2f5-3187-4d03-bd60-931991550c17, raftlog=cd11b2f5-3187-4d03-bd60-931991550c17@group-F367C8FA5986-SegmentedRaftLog:OPENED:c-1,f-1,i0, conf=-1: [9b3ef6c9-0245-4756-bf80-45d41f7a4453:192.168.157.220:37058, cd11b2f5-3187-4d03-bd60-931991550c17:192.168.157.220:43236, 9dbd5372-55c2-4532-b354-9494d3d545d2:192.168.157.220:42993], old=null
2019-10-30 11:52:32,255 [grpc-default-executor-1] INFO  server.GrpcLogAppender (GrpcLogAppender.java:onCompleted(308)) - 4f16e274-8663-4a15-9c4c-c81f650ab979@group-83984122B78E->f26e10ed-fb17-49e6-a903-eadc130d13d1-AppendLogResponseHandler: follower responses appendEntries COMPLETED
2019-10-30 11:52:32,255 [grpc-default-executor-7] INFO  impl.FollowerInfo (FollowerInfo.java:lambda$new$0(51)) - 9b3ef6c9-0245-4756-bf80-45d41f7a4453@group-F367C8FA5986->9dbd5372-55c2-4532-b354-9494d3d545d2: nextIndex: updateUnconditionally 0 -> 0
2019-10-30 11:52:32,264 [grpc-default-executor-9] INFO  impl.FollowerInfo (FollowerInfo.java:lambda$new$0(51)) - 9b3ef6c9-0245-4756-bf80-45d41f7a4453@group-F367C8FA5986->cd11b2f5-3187-4d03-bd60-931991550c17: nextIndex: updateUnconditionally 0 -> 0
2019-10-30 11:52:32,265 [cd11b2f5-3187-4d03-bd60-931991550c17@group-F367C8FA5986-LeaderElection19] INFO  impl.LeaderElection (LeaderElection.java:askForVotes(178)) - cd11b2f5-3187-4d03-bd60-931991550c17@group-F367C8FA5986-LeaderElection19: begin an election at term 4 for -1: [9b3ef6c9-0245-4756-bf80-45d41f7a4453:192.168.157.220:37058, cd11b2f5-3187-4d03-bd60-931991550c17:192.168.157.220:43236, 9dbd5372-55c2-4532-b354-9494d3d545d2:192.168.157.220:42993], old=null
2019-10-30 11:52:32,264 [grpc-default-executor-0] INFO  impl.FollowerInfo (FollowerInfo.java:lambda$new$0(51)) - 4f16e274-8663-4a15-9c4c-c81f650ab979@group-83984122B78E->4cc44201-a597-43af-a4ec-5b1b407a6250: nextIndex: updateUnconditionally 0 -> 0
2019-10-30 11:52:32,279 [9dbd5372-55c2-4532-b354-9494d3d545d2@group-F367C8FA5986-LeaderElection17] INFO  impl.LeaderElection (LeaderElection.java:logAndReturn(56)) - 9dbd5372-55c2-4532-b354-9494d3d545d2@group-F367C8FA5986-LeaderElection17: Election REJECTED; received 2 response(s) [9dbd5372-55c2-4532-b354-9494d3d545d2<-9b3ef6c9-0245-4756-bf80-45d41f7a4453#0:FAIL-t3, 9dbd5372-55c2-4532-b354-9494d3d545d2<-cd11b2f5-3187-4d03-bd60-931991550c17#0:FAIL-t3] and 0 exception(s); 9dbd5372-55c2-4532-b354-9494d3d545d2@group-F367C8FA5986:t3, leader=null, voted=9dbd5372-55c2-4532-b354-9494d3d545d2, raftlog=9dbd5372-55c2-4532-b354-9494d3d545d2@group-F367C8FA5986-SegmentedRaftLog:OPENED:c-1,f-1,i0, conf=-1: [9b3ef6c9-0245-4756-bf80-45d41f7a4453:192.168.157.220:37058, cd11b2f5-3187-4d03-bd60-931991550c17:192.168.157.220:43236, 9dbd5372-55c2-4532-b354-9494d3d545d2:192.168.157.220:42993], old=null
2019-10-30 11:52:32,279 [cd11b2f5-3187-4d03-bd60-931991550c17@group-F367C8FA5986-LeaderElection19] INFO  impl.LeaderElection (LeaderElection.java:logAndReturn(56)) - cd11b2f5-3187-4d03-bd60-931991550c17@group-F367C8FA5986-LeaderElection19: Election TIMEOUT; received 0 response(s) [] and 0 exception(s); cd11b2f5-3187-4d03-bd60-931991550c17@group-F367C8FA5986:t4, leader=null, voted=cd11b2f5-3187-4d03-bd60-931991550c17, raftlog=cd11b2f5-3187-4d03-bd60-931991550c17@group-F367C8FA5986-SegmentedRaftLog:OPENED:c-1,f-1,i0, conf=-1: [9b3ef6c9-0245-4756-bf80-45d41f7a4453:192.168.157.220:37058, cd11b2f5-3187-4d03-bd60-931991550c17:192.168.157.220:43236, 9dbd5372-55c2-4532-b354-9494d3d545d2:192.168.157.220:42993], old=null
2019-10-30 11:52:32,279 [9dbd5372-55c2-4532-b354-9494d3d545d2@group-F367C8FA5986-LeaderElection17] INFO  impl.RaftServerImpl (RaftServerImpl.java:setRole(184)) - 9dbd5372-55c2-4532-b354-9494d3d545d2@group-F367C8FA5986: changes role from CANDIDATE to FOLLOWER at term 3 for DISCOVERED_A_NEW_TERM
2019-10-30 11:52:32,280 [9dbd5372-55c2-4532-b354-9494d3d545d2@group-F367C8FA5986-LeaderElection17] INFO  impl.RoleInfo (RoleInfo.java:shutdownLeaderElection(134)) - 9dbd5372-55c2-4532-b354-9494d3d545d2: shutdown LeaderElection
2019-10-30 11:52:32,283 [9dbd5372-55c2-4532-b354-9494d3d545d2@group-F367C8FA5986-LeaderElection17] INFO  impl.RoleInfo (RoleInfo.java:updateAndGet(143)) - 9dbd5372-55c2-4532-b354-9494d3d545d2: start FollowerState
2019-10-30 11:52:32,283 [grpc-default-executor-1] INFO  impl.FollowerInfo (FollowerInfo.java:lambda$new$0(51)) - 4f16e274-8663-4a15-9c4c-c81f650ab979@group-83984122B78E->f26e10ed-fb17-49e6-a903-eadc130d13d1: nextIndex: updateUnconditionally 0 -> 0
2019-10-30 11:52:32,285 [grpc-default-executor-0] INFO  impl.RaftServerImpl (RaftServerImpl.java:setRole(184)) - 4f16e274-8663-4a15-9c4c-c81f650ab979@group-83984122B78E: changes role from  FOLLOWER to FOLLOWER at term 5 for recognizeCandidate:4cc44201-a597-43af-a4ec-5b1b407a6250
2019-10-30 11:52:32,285 [grpc-default-executor-0] INFO  impl.RoleInfo (RoleInfo.java:shutdownFollowerState(121)) - 4f16e274-8663-4a15-9c4c-c81f650ab979: shutdown FollowerState
2019-10-30 11:52:32,285 [Thread-413] INFO  impl.FollowerState (FollowerState.java:run(117)) - 4f16e274-8663-4a15-9c4c-c81f650ab979@group-83984122B78E-FollowerState was interrupted: java.lang.InterruptedException: sleep interrupted
2019-10-30 11:52:32,285 [grpc-default-executor-0] INFO  impl.RoleInfo (RoleInfo.java:updateAndGet(143)) - 4f16e274-8663-4a15-9c4c-c81f650ab979: start FollowerState
2019-10-30 11:52:32,286 [grpc-default-executor-9] INFO  impl.RaftServerImpl (RaftServerImpl.java:setRole(184)) - 9dbd5372-55c2-4532-b354-9494d3d545d2@group-F367C8FA5986: changes role from  FOLLOWER to FOLLOWER at term 4 for recognizeCandidate:cd11b2f5-3187-4d03-bd60-931991550c17
2019-10-30 11:52:32,286 [grpc-default-executor-9] INFO  impl.RoleInfo (RoleInfo.java:shutdownFollowerState(121)) - 9dbd5372-55c2-4532-b354-9494d3d545d2: shutdown FollowerState
2019-10-30 11:52:32,286 [grpc-default-executor-6] INFO  impl.RaftServerImpl (RaftServerImpl.java:setRole(184)) - f26e10ed-fb17-49e6-a903-eadc130d13d1@group-83984122B78E: changes role from  FOLLOWER to FOLLOWER at term 5 for recognizeCandidate:4cc44201-a597-43af-a4ec-5b1b407a6250
2019-10-30 11:52:32,286 [grpc-default-executor-9] INFO  impl.RoleInfo (RoleInfo.java:updateAndGet(143)) - 9dbd5372-55c2-4532-b354-9494d3d545d2: start FollowerState
2019-10-30 11:52:32,288 [grpc-default-executor-1] INFO  impl.RaftServerImpl (RaftServerImpl.java:setRole(184)) - 36879b23-b325-4015-ba59-8656331c6f4b@group-6C94BA02685B: changes role from  FOLLOWER to FOLLOWER at term 1 for recognizeCandidate:6ed35211-36a6-405a-b1db-549f65da443e
2019-10-30 11:52:32,288 [grpc-default-executor-1] INFO  impl.RoleInfo (RoleInfo.java:shutdownFollowerState(121)) - 36879b23-b325-4015-ba59-8656331c6f4b: shutdown FollowerState
2019-10-30 11:52:32,288 [Thread-394] INFO  impl.FollowerState (FollowerState.java:run(117)) - 36879b23-b325-4015-ba59-8656331c6f4b@group-6C94BA02685B-FollowerState was interrupted: java.lang.InterruptedException: sleep interrupted
2019-10-30 11:52:32,286 [grpc-default-executor-6] INFO  impl.RoleInfo (RoleInfo.java:shutdownFollowerState(121)) - f26e10ed-fb17-49e6-a903-eadc130d13d1: shutdown FollowerState
2019-10-30 11:52:32,289 [grpc-default-executor-6] INFO  impl.RoleInfo (RoleInfo.java:updateAndGet(143)) - f26e10ed-fb17-49e6-a903-eadc130d13d1: start FollowerState
2019-10-30 11:52:32,288 [grpc-default-executor-1] INFO  impl.RoleInfo (RoleInfo.java:updateAndGet(143)) - 36879b23-b325-4015-ba59-8656331c6f4b: start FollowerState
2019-10-30 11:52:32,288 [Thread-427] INFO  impl.FollowerState (FollowerState.java:run(117)) - 9dbd5372-55c2-4532-b354-9494d3d545d2@group-F367C8FA5986-FollowerState was interrupted: java.lang.InterruptedException: sleep interrupted
2019-10-30 11:52:32,289 [Thread-412] INFO  impl.FollowerState (FollowerState.java:run(117)) - f26e10ed-fb17-49e6-a903-eadc130d13d1@group-83984122B78E-FollowerState was interrupted: java.lang.InterruptedException: sleep interrupted
2019-10-30 11:52:32,293 [grpc-default-executor-8] INFO  impl.RaftServerImpl (RaftServerImpl.java:setRole(184)) - 9b3ef6c9-0245-4756-bf80-45d41f7a4453@group-F367C8FA5986: changes role from  FOLLOWER to FOLLOWER at term 4 for recognizeCandidate:cd11b2f5-3187-4d03-bd60-931991550c17
2019-10-30 11:52:32,293 [grpc-default-executor-8] INFO  impl.RoleInfo (RoleInfo.java:shutdownFollowerState(121)) - 9b3ef6c9-0245-4756-bf80-45d41f7a4453: shutdown FollowerState
2019-10-30 11:52:32,293 [Thread-422] INFO  impl.FollowerState (FollowerState.java:run(117)) - 9b3ef6c9-0245-4756-bf80-45d41f7a4453@group-F367C8FA5986-FollowerState was interrupted: java.lang.InterruptedException: sleep interrupted
2019-10-30 11:52:32,293 [grpc-default-executor-8] INFO  impl.RoleInfo (RoleInfo.java:updateAndGet(143)) - 9b3ef6c9-0245-4756-bf80-45d41f7a4453: start FollowerState
2019-10-30 11:52:32,300 [cd11b2f5-3187-4d03-bd60-931991550c17@group-F367C8FA5986-LeaderElection19] INFO  impl.LeaderElection (LeaderElection.java:askForVotes(178)) - cd11b2f5-3187-4d03-bd60-931991550c17@group-F367C8FA5986-LeaderElection19: begin an election at term 5 for -1: [9b3ef6c9-0245-4756-bf80-45d41f7a4453:192.168.157.220:37058, cd11b2f5-3187-4d03-bd60-931991550c17:192.168.157.220:43236, 9dbd5372-55c2-4532-b354-9494d3d545d2:192.168.157.220:42993], old=null
2019-10-30 11:52:32,305 [4cc44201-a597-43af-a4ec-5b1b407a6250@group-83984122B78E-LeaderElection18] INFO  impl.LeaderElection (LeaderElection.java:logAndReturn(56)) - 4cc44201-a597-43af-a4ec-5b1b407a6250@group-83984122B78E-LeaderElection18: Election TIMEOUT; received 0 response(s) [] and 0 exception(s); 4cc44201-a597-43af-a4ec-5b1b407a6250@group-83984122B78E:t5, leader=null, voted=4cc44201-a597-43af-a4ec-5b1b407a6250, raftlog=4cc44201-a597-43af-a4ec-5b1b407a6250@group-83984122B78E-SegmentedRaftLog:OPENED:c-1,f-1,i0, conf=-1: [4f16e274-8663-4a15-9c4c-c81f650ab979:192.168.157.220:38181, 4cc44201-a597-43af-a4ec-5b1b407a6250:192.168.157.220:36685, f26e10ed-fb17-49e6-a903-eadc130d13d1:192.168.157.220:32806], old=null
2019-10-30 11:52:32,306 [a12d6b9e-ec23-449e-8b58-135e3e67eb04@group-6C94BA02685B-LeaderElection21] INFO  impl.LeaderElection (LeaderElection.java:logAndReturn(56)) - a12d6b9e-ec23-449e-8b58-135e3e67eb04@group-6C94BA02685B-LeaderElection21: Election REJECTED; received 2 response(s) [a12d6b9e-ec23-449e-8b58-135e3e67eb04<-6ed35211-36a6-405a-b1db-549f65da443e#0:FAIL-t1, a12d6b9e-ec23-449e-8b58-135e3e67eb04<-36879b23-b325-4015-ba59-8656331c6f4b#0:FAIL-t1] and 0 exception(s); a12d6b9e-ec23-449e-8b58-135e3e67eb04@group-6C94BA02685B:t1, leader=null, voted=a12d6b9e-ec23-449e-8b58-135e3e67eb04, raftlog=a12d6b9e-ec23-449e-8b58-135e3e67eb04@group-6C94BA02685B-SegmentedRaftLog:OPENED:c-1,f-1,i0, conf=-1: [6ed35211-36a6-405a-b1db-549f65da443e:192.168.157.220:41613, a12d6b9e-ec23-449e-8b58-135e3e67eb04:192.168.157.220:40337, 36879b23-b325-4015-ba59-8656331c6f4b:192.168.157.220:36123], old=null
2019-10-30 11:52:32,306 [6ed35211-36a6-405a-b1db-549f65da443e@group-6C94BA02685B-LeaderElection20] INFO  impl.LeaderElection (LeaderElection.java:logAndReturn(56)) - 6ed35211-36a6-405a-b1db-549f65da443e@group-6C94BA02685B-LeaderElection20: Election PASSED; received 2 response(s) [6ed35211-36a6-405a-b1db-549f65da443e<-a12d6b9e-ec23-449e-8b58-135e3e67eb04#0:FAIL-t1, 6ed35211-36a6-405a-b1db-549f65da443e<-36879b23-b325-4015-ba59-8656331c6f4b#0:OK-t1] and 0 exception(s); 6ed35211-36a6-405a-b1db-549f65da443e@group-6C94BA02685B:t1, leader=null, voted=6ed35211-36a6-405a-b1db-549f65da443e, raftlog=6ed35211-36a6-405a-b1db-549f65da443e@group-6C94BA02685B-SegmentedRaftLog:OPENED:c-1,f-1,i0, conf=-1: [6ed35211-36a6-405a-b1db-549f65da443e:192.168.157.220:41613, a12d6b9e-ec23-449e-8b58-135e3e67eb04:192.168.157.220:40337, 36879b23-b325-4015-ba59-8656331c6f4b:192.168.157.220:36123], old=null
2019-10-30 11:52:32,307 [6ed35211-36a6-405a-b1db-549f65da443e@group-6C94BA02685B-LeaderElection20] INFO  impl.RoleInfo (RoleInfo.java:shutdownLeaderElection(134)) - 6ed35211-36a6-405a-b1db-549f65da443e: shutdown LeaderElection
2019-10-30 11:52:32,309 [a12d6b9e-ec23-449e-8b58-135e3e67eb04@group-6C94BA02685B-LeaderElection21] INFO  impl.RaftServerImpl (RaftServerImpl.java:setRole(184)) - a12d6b9e-ec23-449e-8b58-135e3e67eb04@group-6C94BA02685B: changes role from CANDIDATE to FOLLOWER at term 1 for DISCOVERED_A_NEW_TERM
2019-10-30 11:52:32,311 [a12d6b9e-ec23-449e-8b58-135e3e67eb04@group-6C94BA02685B-LeaderElection21] INFO  impl.RoleInfo (RoleInfo.java:shutdownLeaderElection(134)) - a12d6b9e-ec23-449e-8b58-135e3e67eb04: shutdown LeaderElection
2019-10-30 11:52:32,311 [a12d6b9e-ec23-449e-8b58-135e3e67eb04@group-6C94BA02685B-LeaderElection21] INFO  impl.RoleInfo (RoleInfo.java:updateAndGet(143)) - a12d6b9e-ec23-449e-8b58-135e3e67eb04: start FollowerState
2019-10-30 11:52:32,311 [6ed35211-36a6-405a-b1db-549f65da443e@group-6C94BA02685B-LeaderElection20] INFO  impl.RaftServerImpl (RaftServerImpl.java:setRole(184)) - 6ed35211-36a6-405a-b1db-549f65da443e@group-6C94BA02685B: changes role from CANDIDATE to LEADER at term 1 for changeToLeader
2019-10-30 11:52:32,319 [4cc44201-a597-43af-a4ec-5b1b407a6250@group-83984122B78E-LeaderElection18] INFO  impl.LeaderElection (LeaderElection.java:askForVotes(178)) - 4cc44201-a597-43af-a4ec-5b1b407a6250@group-83984122B78E-LeaderElection18: begin an election at term 6 for -1: [4f16e274-8663-4a15-9c4c-c81f650ab979:192.168.157.220:38181, 4cc44201-a597-43af-a4ec-5b1b407a6250:192.168.157.220:36685, f26e10ed-fb17-49e6-a903-eadc130d13d1:192.168.157.220:32806], old=null
2019-10-30 11:52:32,330 [grpc-default-executor-6] INFO  impl.RaftServerImpl (RaftServerImpl.java:setRole(184)) - 9dbd5372-55c2-4532-b354-9494d3d545d2@group-F367C8FA5986: changes role from  FOLLOWER to FOLLOWER at term 5 for recognizeCandidate:cd11b2f5-3187-4d03-bd60-931991550c17
2019-10-30 11:52:32,331 [grpc-default-executor-6] INFO  impl.RoleInfo (RoleInfo.java:shutdownFollowerState(121)) - 9dbd5372-55c2-4532-b354-9494d3d545d2: shutdown FollowerState
2019-10-30 11:52:32,333 [6ed35211-36a6-405a-b1db-549f65da443e@group-6C94BA02685B-LeaderElection20] INFO  impl.RaftServerImpl (ServerState.java:setLeader(256)) - 6ed35211-36a6-405a-b1db-549f65da443e@group-6C94BA02685B: change Leader from null to 6ed35211-36a6-405a-b1db-549f65da443e at term 1 for becomeLeader, leader elected after 253ms
2019-10-30 11:52:32,333 [grpc-default-executor-6] INFO  impl.RoleInfo (RoleInfo.java:updateAndGet(143)) - 9dbd5372-55c2-4532-b354-9494d3d545d2: start FollowerState
2019-10-30 11:52:32,334 [6ed35211-36a6-405a-b1db-549f65da443e@group-6C94BA02685B-LeaderElection20] INFO  server.RaftServerConfigKeys (ConfUtils.java:logGet(43)) - raft.server.staging.catchup.gap = 1000 (default)
2019-10-30 11:52:32,335 [6ed35211-36a6-405a-b1db-549f65da443e@group-6C94BA02685B-LeaderElection20] INFO  server.RaftServerConfigKeys (ConfUtils.java:logGet(43)) - raft.server.rpc.sleep.time = 25ms (default)
2019-10-30 11:52:32,335 [6ed35211-36a6-405a-b1db-549f65da443e@group-6C94BA02685B-LeaderElection20] INFO  server.RaftServerConfigKeys (ConfUtils.java:logGet(43)) - raft.server.write.element-limit = 4096 (default)
2019-10-30 11:52:32,336 [6ed35211-36a6-405a-b1db-549f65da443e@group-6C94BA02685B-LeaderElection20] INFO  server.RaftServerConfigKeys (ConfUtils.java:logGet(43)) - raft.server.watch.timeout = 10s (default)
2019-10-30 11:52:32,336 [6ed35211-36a6-405a-b1db-549f65da443e@group-6C94BA02685B-LeaderElection20] INFO  server.RaftServerConfigKeys (ConfUtils.java:logGet(43)) - raft.server.watch.timeout.denomination = 1s (default)
2019-10-30 11:52:32,336 [6ed35211-36a6-405a-b1db-549f65da443e@group-6C94BA02685B-LeaderElection20] INFO  server.RaftServerConfigKeys (ConfUtils.java:logGet(43)) - raft.server.watch.element-limit = 65536 (default)
2019-10-30 11:52:32,341 [Thread-431] INFO  impl.FollowerState (FollowerState.java:run(108)) - f26e10ed-fb17-49e6-a903-eadc130d13d1@group-83984122B78E-FollowerState: change to CANDIDATE, lastRpcTime:51ms, electionTimeout:48ms
2019-10-30 11:52:32,341 [Thread-431] INFO  impl.RoleInfo (RoleInfo.java:shutdownFollowerState(121)) - f26e10ed-fb17-49e6-a903-eadc130d13d1: shutdown FollowerState
2019-10-30 11:52:32,341 [Thread-431] INFO  impl.RaftServerImpl (RaftServerImpl.java:setRole(184)) - f26e10ed-fb17-49e6-a903-eadc130d13d1@group-83984122B78E: changes role from  FOLLOWER to CANDIDATE at term 5 for changeToCandidate
2019-10-30 11:52:32,345 [Thread-430] INFO  impl.FollowerState (FollowerState.java:run(108)) - 36879b23-b325-4015-ba59-8656331c6f4b@group-6C94BA02685B-FollowerState: change to CANDIDATE, lastRpcTime:56ms, electionTimeout:50ms
2019-10-30 11:52:32,345 [Thread-431] INFO  impl.RoleInfo (RoleInfo.java:updateAndGet(143)) - f26e10ed-fb17-49e6-a903-eadc130d13d1: start LeaderElection
2019-10-30 11:52:32,345 [Thread-430] INFO  impl.RoleInfo (RoleInfo.java:shutdownFollowerState(121)) - 36879b23-b325-4015-ba59-8656331c6f4b: shutdown FollowerState
2019-10-30 11:52:32,345 [Thread-430] INFO  impl.RaftServerImpl (RaftServerImpl.java:setRole(184)) - 36879b23-b325-4015-ba59-8656331c6f4b@group-6C94BA02685B: changes role from  FOLLOWER to CANDIDATE at term 1 for changeToCandidate
2019-10-30 11:52:32,347 [Thread-430] INFO  impl.RoleInfo (RoleInfo.java:updateAndGet(143)) - 36879b23-b325-4015-ba59-8656331c6f4b: start LeaderElection
2019-10-30 11:52:32,350 [6ed35211-36a6-405a-b1db-549f65da443e@group-6C94BA02685B-LeaderElection20] INFO  server.RaftServerConfigKeys (ConfUtils.java:logGet(43)) - raft.server.log.appender.snapshot.chunk.size.max = 16MB (=16777216) (default)
2019-10-30 11:52:32,350 [6ed35211-36a6-405a-b1db-549f65da443e@group-6C94BA02685B-LeaderElection20] INFO  server.RaftServerConfigKeys (ConfUtils.java:logGet(43)) - raft.server.log.appender.buffer.byte-limit = 33554432 (custom)
2019-10-30 11:52:32,351 [6ed35211-36a6-405a-b1db-549f65da443e@group-6C94BA02685B-LeaderElection20] INFO  server.RaftServerConfigKeys (ConfUtils.java:logGet(43)) - raft.server.log.appender.buffer.element-limit = 1 (custom)
2019-10-30 11:52:32,351 [6ed35211-36a6-405a-b1db-549f65da443e@group-6C94BA02685B-LeaderElection20] INFO  grpc.GrpcConfigKeys$Server (ConfUtils.java:logGet(43)) - raft.grpc.server.leader.outstanding.appends.max = 128 (default)
2019-10-30 11:52:32,351 [6ed35211-36a6-405a-b1db-549f65da443e@group-6C94BA02685B-LeaderElection20] INFO  server.RaftServerConfigKeys (ConfUtils.java:logGet(43)) - raft.server.rpc.request.timeout = 3000ms (default)
2019-10-30 11:52:32,352 [grpc-default-executor-8] INFO  impl.RaftServerImpl (RaftServerImpl.java:setRole(184)) - 4f16e274-8663-4a15-9c4c-c81f650ab979@group-83984122B78E: changes role from  FOLLOWER to FOLLOWER at term 6 for recognizeCandidate:4cc44201-a597-43af-a4ec-5b1b407a6250
2019-10-30 11:52:32,352 [grpc-default-executor-8] INFO  impl.RoleInfo (RoleInfo.java:shutdownFollowerState(121)) - 4f16e274-8663-4a15-9c4c-c81f650ab979: shutdown FollowerState
2019-10-30 11:52:32,352 [6ed35211-36a6-405a-b1db-549f65da443e@group-6C94BA02685B-LeaderElection20] INFO  server.RaftServerConfigKeys (ConfUtils.java:logGet(43)) - raft.server.log.appender.install.snapshot.enabled = false (custom)
2019-10-30 11:52:32,352 [grpc-default-executor-0] INFO  impl.RaftServerImpl (RaftServerImpl.java:setRole(184)) - 9b3ef6c9-0245-4756-bf80-45d41f7a4453@group-F367C8FA5986: changes role from  FOLLOWER to FOLLOWER at term 5 for recognizeCandidate:cd11b2f5-3187-4d03-bd60-931991550c17
2019-10-30 11:52:32,352 [grpc-default-executor-0] INFO  impl.RoleInfo (RoleInfo.java:shutdownFollowerState(121)) - 9b3ef6c9-0245-4756-bf80-45d41f7a4453: shutdown FollowerState
2019-10-30 11:52:32,352 [Thread-432] INFO  impl.FollowerState (FollowerState.java:run(117)) - 9b3ef6c9-0245-4756-bf80-45d41f7a4453@group-F367C8FA5986-FollowerState was interrupted: java.lang.InterruptedException: sleep interrupted
2019-10-30 11:52:32,352 [Thread-428] INFO  impl.FollowerState (FollowerState.java:run(117)) - 4f16e274-8663-4a15-9c4c-c81f650ab979@group-83984122B78E-FollowerState was interrupted: java.lang.InterruptedException: sleep interrupted
2019-10-30 11:52:32,352 [grpc-default-executor-8] INFO  impl.RoleInfo (RoleInfo.java:updateAndGet(143)) - 4f16e274-8663-4a15-9c4c-c81f650ab979: start FollowerState
2019-10-30 11:52:32,352 [grpc-default-executor-0] INFO  impl.RoleInfo (RoleInfo.java:updateAndGet(143)) - 9b3ef6c9-0245-4756-bf80-45d41f7a4453: start FollowerState
2019-10-30 11:52:32,357 [6ed35211-36a6-405a-b1db-549f65da443e@group-6C94BA02685B-LeaderElection20] INFO  server.RaftServerConfigKeys (ConfUtils.java:logGet(43)) - raft.server.log.appender.snapshot.chunk.size.max = 16MB (=16777216) (default)
2019-10-30 11:52:32,357 [6ed35211-36a6-405a-b1db-549f65da443e@group-6C94BA02685B-LeaderElection20] INFO  server.RaftServerConfigKeys (ConfUtils.java:logGet(43)) - raft.server.log.appender.buffer.byte-limit = 33554432 (custom)
2019-10-30 11:52:32,357 [6ed35211-36a6-405a-b1db-549f65da443e@group-6C94BA02685B-LeaderElection20] INFO  server.RaftServerConfigKeys (ConfUtils.java:logGet(43)) - raft.server.log.appender.buffer.element-limit = 1 (custom)
2019-10-30 11:52:32,357 [6ed35211-36a6-405a-b1db-549f65da443e@group-6C94BA02685B-LeaderElection20] INFO  grpc.GrpcConfigKeys$Server (ConfUtils.java:logGet(43)) - raft.grpc.server.leader.outstanding.appends.max = 128 (default)
2019-10-30 11:52:32,358 [6ed35211-36a6-405a-b1db-549f65da443e@group-6C94BA02685B-LeaderElection20] INFO  server.RaftServerConfigKeys (ConfUtils.java:logGet(43)) - raft.server.rpc.request.timeout = 3000ms (default)
2019-10-30 11:52:32,358 [6ed35211-36a6-405a-b1db-549f65da443e@group-6C94BA02685B-LeaderElection20] INFO  server.RaftServerConfigKeys (ConfUtils.java:logGet(43)) - raft.server.log.appender.install.snapshot.enabled = false (custom)
2019-10-30 11:52:32,359 [6ed35211-36a6-405a-b1db-549f65da443e@group-6C94BA02685B-LeaderElection20] INFO  impl.RoleInfo (RoleInfo.java:updateAndGet(143)) - 6ed35211-36a6-405a-b1db-549f65da443e: start LeaderState
2019-10-30 11:52:32,359 [6ed35211-36a6-405a-b1db-549f65da443e@group-6C94BA02685B-LeaderElection20] INFO  segmented.SegmentedRaftLogWorker (SegmentedRaftLogWorker.java:startLogSegment(385)) - 6ed35211-36a6-405a-b1db-549f65da443e@group-6C94BA02685B-SegmentedRaftLogWorker: Starting segment from index:0
2019-10-30 11:52:32,360 [6ed35211-36a6-405a-b1db-549f65da443e@group-6C94BA02685B-LeaderElection20] INFO  impl.RaftServerImpl (ServerState.java:setRaftConf(357)) - 6ed35211-36a6-405a-b1db-549f65da443e@group-6C94BA02685B: set configuration 0: [6ed35211-36a6-405a-b1db-549f65da443e:192.168.157.220:41613, a12d6b9e-ec23-449e-8b58-135e3e67eb04:192.168.157.220:40337, 36879b23-b325-4015-ba59-8656331c6f4b:192.168.157.220:36123], old=null at 0
2019-10-30 11:52:32,363 [grpc-default-executor-1] INFO  impl.RaftServerImpl (ServerState.java:setLeader(256)) - a12d6b9e-ec23-449e-8b58-135e3e67eb04@group-6C94BA02685B: change Leader from null to 6ed35211-36a6-405a-b1db-549f65da443e at term 1 for appendEntries, leader elected after 250ms
2019-10-30 11:52:32,366 [f26e10ed-fb17-49e6-a903-eadc130d13d1@group-83984122B78E-LeaderElection22] INFO  impl.LeaderElection (LeaderElection.java:askForVotes(178)) - f26e10ed-fb17-49e6-a903-eadc130d13d1@group-83984122B78E-LeaderElection22: begin an election at term 6 for -1: [4f16e274-8663-4a15-9c4c-c81f650ab979:192.168.157.220:38181, 4cc44201-a597-43af-a4ec-5b1b407a6250:192.168.157.220:36685, f26e10ed-fb17-49e6-a903-eadc130d13d1:192.168.157.220:32806], old=null
2019-10-30 11:52:32,366 [Thread-429] INFO  impl.FollowerState (FollowerState.java:run(108)) - 9dbd5372-55c2-4532-b354-9494d3d545d2@group-F367C8FA5986-FollowerState: change to CANDIDATE, lastRpcTime:30ms, electionTimeout:29ms
2019-10-30 11:52:32,366 [Thread-429] INFO  impl.RoleInfo (RoleInfo.java:shutdownFollowerState(121)) - 9dbd5372-55c2-4532-b354-9494d3d545d2: shutdown FollowerState
2019-10-30 11:52:32,367 [36879b23-b325-4015-ba59-8656331c6f4b@group-6C94BA02685B-LeaderElection23] INFO  impl.LeaderElection (LeaderElection.java:askForVotes(178)) - 36879b23-b325-4015-ba59-8656331c6f4b@group-6C94BA02685B-LeaderElection23: begin an election at term 2 for -1: [6ed35211-36a6-405a-b1db-549f65da443e:192.168.157.220:41613, a12d6b9e-ec23-449e-8b58-135e3e67eb04:192.168.157.220:40337, 36879b23-b325-4015-ba59-8656331c6f4b:192.168.157.220:36123], old=null
2019-10-30 11:52:32,367 [Thread-429] INFO  impl.RaftServerImpl (RaftServerImpl.java:setRole(184)) - 9dbd5372-55c2-4532-b354-9494d3d545d2@group-F367C8FA5986: changes role from  FOLLOWER to CANDIDATE at term 5 for changeToCandidate
2019-10-30 11:52:32,367 [Thread-438] INFO  impl.FollowerState (FollowerState.java:run(117)) - 9dbd5372-55c2-4532-b354-9494d3d545d2@group-F367C8FA5986-FollowerState was interrupted: java.lang.InterruptedException: sleep interrupted
2019-10-30 11:52:32,391 [Thread-429] INFO  impl.RoleInfo (RoleInfo.java:updateAndGet(143)) - 9dbd5372-55c2-4532-b354-9494d3d545d2: start LeaderElection
2019-10-30 11:52:32,393 [cd11b2f5-3187-4d03-bd60-931991550c17@group-F367C8FA5986-LeaderElection19] INFO  impl.LeaderElection (LeaderElection.java:logAndReturn(56)) - cd11b2f5-3187-4d03-bd60-931991550c17@group-F367C8FA5986-LeaderElection19: Election PASSED; received 1 response(s) [cd11b2f5-3187-4d03-bd60-931991550c17<-9dbd5372-55c2-4532-b354-9494d3d545d2#0:OK-t5] and 0 exception(s); cd11b2f5-3187-4d03-bd60-931991550c17@group-F367C8FA5986:t5, leader=null, voted=cd11b2f5-3187-4d03-bd60-931991550c17, raftlog=cd11b2f5-3187-4d03-bd60-931991550c17@group-F367C8FA5986-SegmentedRaftLog:OPENED:c-1,f-1,i0, conf=-1: [9b3ef6c9-0245-4756-bf80-45d41f7a4453:192.168.157.220:37058, cd11b2f5-3187-4d03-bd60-931991550c17:192.168.157.220:43236, 9dbd5372-55c2-4532-b354-9494d3d545d2:192.168.157.220:42993], old=null
2019-10-30 11:52:32,393 [cd11b2f5-3187-4d03-bd60-931991550c17@group-F367C8FA5986-LeaderElection19] INFO  impl.RoleInfo (RoleInfo.java:shutdownLeaderElection(134)) - cd11b2f5-3187-4d03-bd60-931991550c17: shutdown LeaderElection
2019-10-30 11:52:32,393 [cd11b2f5-3187-4d03-bd60-931991550c17@group-F367C8FA5986-LeaderElection19] INFO  impl.RaftServerImpl (RaftServerImpl.java:setRole(184)) - cd11b2f5-3187-4d03-bd60-931991550c17@group-F367C8FA5986: changes role from CANDIDATE to LEADER at term 5 for changeToLeader
2019-10-30 11:52:32,393 [cd11b2f5-3187-4d03-bd60-931991550c17@group-F367C8FA5986-LeaderElection19] INFO  impl.RaftServerImpl (ServerState.java:setLeader(256)) - cd11b2f5-3187-4d03-bd60-931991550c17@group-F367C8FA5986: change Leader from null to cd11b2f5-3187-4d03-bd60-931991550c17 at term 5 for becomeLeader, leader elected after 633ms
2019-10-30 11:52:32,393 [cd11b2f5-3187-4d03-bd60-931991550c17@group-F367C8FA5986-LeaderElection19] INFO  server.RaftServerConfigKeys (ConfUtils.java:logGet(43)) - raft.server.staging.catchup.gap = 1000 (default)
2019-10-30 11:52:32,393 [cd11b2f5-3187-4d03-bd60-931991550c17@group-F367C8FA5986-LeaderElection19] INFO  server.RaftServerConfigKeys (ConfUtils.java:logGet(43)) - raft.server.rpc.sleep.time = 25ms (default)
2019-10-30 11:52:32,393 [cd11b2f5-3187-4d03-bd60-931991550c17@group-F367C8FA5986-LeaderElection19] INFO  server.RaftServerConfigKeys (ConfUtils.java:logGet(43)) - raft.server.write.element-limit = 4096 (default)
2019-10-30 11:52:32,394 [cd11b2f5-3187-4d03-bd60-931991550c17@group-F367C8FA5986-LeaderElection19] INFO  server.RaftServerConfigKeys (ConfUtils.java:logGet(43)) - raft.server.watch.timeout = 10s (default)
2019-10-30 11:52:32,394 [cd11b2f5-3187-4d03-bd60-931991550c17@group-F367C8FA5986-LeaderElection19] INFO  server.RaftServerConfigKeys (ConfUtils.java:logGet(43)) - raft.server.watch.timeout.denomination = 1s (default)
2019-10-30 11:52:32,394 [cd11b2f5-3187-4d03-bd60-931991550c17@group-F367C8FA5986-LeaderElection19] INFO  server.RaftServerConfigKeys (ConfUtils.java:logGet(43)) - raft.server.watch.element-limit = 65536 (default)
2019-10-30 11:52:32,394 [Thread-439] INFO  impl.RaftServerImpl (ServerState.java:setLeader(256)) - 6ed35211-36a6-405a-b1db-549f65da443e@group-6C94BA02685B: change Leader from 6ed35211-36a6-405a-b1db-549f65da443e to null at term 2 for updateCurrentTerm
2019-10-30 11:52:32,396 [Thread-439] INFO  impl.RaftServerImpl (RaftServerImpl.java:setRole(184)) - 6ed35211-36a6-405a-b1db-549f65da443e@group-6C94BA02685B: changes role from    LEADER to FOLLOWER at term 2 for stepDown
2019-10-30 11:52:32,396 [Thread-439] INFO  impl.RoleInfo (RoleInfo.java:shutdownLeaderState(104)) - 6ed35211-36a6-405a-b1db-549f65da443e: shutdown LeaderState
2019-10-30 11:52:32,399 [org.apache.ratis.server.impl.LogAppender$AppenderDaemon$$Lambda$420/1739398863@261348b4] WARN  server.GrpcLogAppender (GrpcLogAppender.java:mayWait(149)) - 6ed35211-36a6-405a-b1db-549f65da443e@group-6C94BA02685B->36879b23-b325-4015-ba59-8656331c6f4b-GrpcLogAppender: Wait interrupted by java.lang.InterruptedException
2019-10-30 11:52:32,399 [org.apache.ratis.server.impl.LogAppender$AppenderDaemon$$Lambda$420/1739398863@174e7e8f] WARN  server.GrpcLogAppender (GrpcLogAppender.java:mayWait(149)) - 6ed35211-36a6-405a-b1db-549f65da443e@group-6C94BA02685B->a12d6b9e-ec23-449e-8b58-135e3e67eb04-GrpcLogAppender: Wait interrupted by java.lang.InterruptedException
2019-10-30 11:52:32,399 [Thread-439] INFO  impl.PendingRequests (PendingRequests.java:sendNotLeaderResponses(202)) - 6ed35211-36a6-405a-b1db-549f65da443e@group-6C94BA02685B-PendingRequests: sendNotLeaderResponses
2019-10-30 11:52:32,402 [6ed35211-36a6-405a-b1db-549f65da443e@group-6C94BA02685B-SegmentedRaftLogWorker] INFO  segmented.SegmentedRaftLogWorker (SegmentedRaftLogWorker.java:execute(576)) - 6ed35211-36a6-405a-b1db-549f65da443e@group-6C94BA02685B-SegmentedRaftLogWorker: created new log segment /workdir/hadoop-ozone/integration-test/target/test-dir/MiniOzoneClusterImpl-aaf233b5-8021-4449-9df2-227d87d78376/datanode-1/data/ratis/c2bfa153-54fb-4653-be57-6c94ba02685b/current/log_inprogress_0
2019-10-30 11:52:32,402 [Thread-439] INFO  impl.RoleInfo (RoleInfo.java:updateAndGet(143)) - 6ed35211-36a6-405a-b1db-549f65da443e: start FollowerState
2019-10-30 11:52:32,403 [grpc-default-executor-4] INFO  impl.RaftServerImpl (RaftServerImpl.java:setRole(184)) - 4f16e274-8663-4a15-9c4c-c81f650ab979@group-83984122B78E: changes role from  FOLLOWER to FOLLOWER at term 6 for recognizeCandidate:f26e10ed-fb17-49e6-a903-eadc130d13d1
2019-10-30 11:52:32,403 [grpc-default-executor-4] INFO  impl.RoleInfo (RoleInfo.java:shutdownFollowerState(121)) - 4f16e274-8663-4a15-9c4c-c81f650ab979: shutdown FollowerState
2019-10-30 11:52:32,403 [grpc-default-executor-4] INFO  impl.RoleInfo (RoleInfo.java:updateAndGet(143)) - 4f16e274-8663-4a15-9c4c-c81f650ab979: start FollowerState
2019-10-30 11:52:32,403 [Thread-443] INFO  impl.FollowerState (FollowerState.java:run(117)) - 4f16e274-8663-4a15-9c4c-c81f650ab979@group-83984122B78E-FollowerState was interrupted: java.lang.InterruptedException: sleep interrupted
2019-10-30 11:52:32,405 [grpc-default-executor-4] INFO  server.GrpcServerProtocolService (GrpcServerProtocolService.java:onCompleted(113)) - 36879b23-b325-4015-ba59-8656331c6f4b: Completed APPEND_ENTRIES, lastRequest: 6ed35211-36a6-405a-b1db-549f65da443e->36879b23-b325-4015-ba59-8656331c6f4b#0-t1, previous=(t:0, i:0), leaderCommit=-1, initializing? false, entries: <empty>
2019-10-30 11:52:32,405 [grpc-default-executor-9] INFO  server.GrpcServerProtocolService (GrpcServerProtocolService.java:onCompleted(113)) - a12d6b9e-ec23-449e-8b58-135e3e67eb04: Completed APPEND_ENTRIES, lastRequest: 6ed35211-36a6-405a-b1db-549f65da443e->a12d6b9e-ec23-449e-8b58-135e3e67eb04#0-t1, previous=(t:0, i:0), leaderCommit=-1, initializing? false, entries: <empty>
2019-10-30 11:52:32,405 [4cc44201-a597-43af-a4ec-5b1b407a6250@group-83984122B78E-LeaderElection18] INFO  impl.LeaderElection (LeaderElection.java:logAndReturn(56)) - 4cc44201-a597-43af-a4ec-5b1b407a6250@group-83984122B78E-LeaderElection18: Election REJECTED; received 2 response(s) [4cc44201-a597-43af-a4ec-5b1b407a6250<-4f16e274-8663-4a15-9c4c-c81f650ab979#0:FAIL-t6, 4cc44201-a597-43af-a4ec-5b1b407a6250<-f26e10ed-fb17-49e6-a903-eadc130d13d1#0:FAIL-t6] and 0 exception(s); 4cc44201-a597-43af-a4ec-5b1b407a6250@group-83984122B78E:t6, leader=null, voted=4cc44201-a597-43af-a4ec-5b1b407a6250, raftlog=4cc44201-a597-43af-a4ec-5b1b407a6250@group-83984122B78E-SegmentedRaftLog:OPENED:c-1,f-1,i0, conf=-1: [4f16e274-8663-4a15-9c4c-c81f650ab979:192.168.157.220:38181, 4cc44201-a597-43af-a4ec-5b1b407a6250:192.168.157.220:36685, f26e10ed-fb17-49e6-a903-eadc130d13d1:192.168.157.220:32806], old=null
2019-10-30 11:52:32,406 [4cc44201-a597-43af-a4ec-5b1b407a6250@group-83984122B78E-LeaderElection18] INFO  impl.RaftServerImpl (RaftServerImpl.java:setRole(184)) - 4cc44201-a597-43af-a4ec-5b1b407a6250@group-83984122B78E: changes role from CANDIDATE to FOLLOWER at term 6 for DISCOVERED_A_NEW_TERM
2019-10-30 11:52:32,406 [cd11b2f5-3187-4d03-bd60-931991550c17@group-F367C8FA5986-LeaderElection19] INFO  server.RaftServerConfigKeys (ConfUtils.java:logGet(43)) - raft.server.log.appender.snapshot.chunk.size.max = 16MB (=16777216) (default)
2019-10-30 11:52:32,406 [4cc44201-a597-43af-a4ec-5b1b407a6250@group-83984122B78E-LeaderElection18] INFO  impl.RoleInfo (RoleInfo.java:shutdownLeaderElection(134)) - 4cc44201-a597-43af-a4ec-5b1b407a6250: shutdown LeaderElection
2019-10-30 11:52:32,407 [cd11b2f5-3187-4d03-bd60-931991550c17@group-F367C8FA5986-LeaderElection19] INFO  server.RaftServerConfigKeys (ConfUtils.java:logGet(43)) - raft.server.log.appender.buffer.byte-limit = 33554432 (custom)
2019-10-30 11:52:32,408 [4cc44201-a597-43af-a4ec-5b1b407a6250@group-83984122B78E-LeaderElection18] INFO  impl.RoleInfo (RoleInfo.java:updateAndGet(143)) - 4cc44201-a597-43af-a4ec-5b1b407a6250: start FollowerState
2019-10-30 11:52:32,408 [cd11b2f5-3187-4d03-bd60-931991550c17@group-F367C8FA5986-LeaderElection19] INFO  server.RaftServerConfigKeys (ConfUtils.java:logGet(43)) - raft.server.log.appender.buffer.element-limit = 1 (custom)
2019-10-30 11:52:32,408 [cd11b2f5-3187-4d03-bd60-931991550c17@group-F367C8FA5986-LeaderElection19] INFO  grpc.GrpcConfigKeys$Server (ConfUtils.java:logGet(43)) - raft.grpc.server.leader.outstanding.appends.max = 128 (default)
2019-10-30 11:52:32,408 [grpc-default-executor-4] INFO  server.GrpcLogAppender (GrpcLogAppender.java:onCompleted(308)) - 6ed35211-36a6-405a-b1db-549f65da443e@group-6C94BA02685B->36879b23-b325-4015-ba59-8656331c6f4b-AppendLogResponseHandler: follower responses appendEntries COMPLETED
2019-10-30 11:52:32,408 [cd11b2f5-3187-4d03-bd60-931991550c17@group-F367C8FA5986-LeaderElection19] INFO  server.RaftServerConfigKeys (ConfUtils.java:logGet(43)) - raft.server.rpc.request.timeout = 3000ms (default)
2019-10-30 11:52:32,410 [cd11b2f5-3187-4d03-bd60-931991550c17@group-F367C8FA5986-LeaderElection19] INFO  server.RaftServerConfigKeys (ConfUtils.java:logGet(43)) - raft.server.log.appender.install.snapshot.enabled = false (custom)
2019-10-30 11:52:32,411 [grpc-default-executor-1] INFO  server.GrpcLogAppender (GrpcLogAppender.java:onCompleted(308)) - 6ed35211-36a6-405a-b1db-549f65da443e@group-6C94BA02685B->a12d6b9e-ec23-449e-8b58-135e3e67eb04-AppendLogResponseHandler: follower responses appendEntries COMPLETED
2019-10-30 11:52:32,411 [grpc-default-executor-4] INFO  impl.FollowerInfo (FollowerInfo.java:lambda$new$0(51)) - 6ed35211-36a6-405a-b1db-549f65da443e@group-6C94BA02685B->36879b23-b325-4015-ba59-8656331c6f4b: nextIndex: updateUnconditionally 0 -> 0
2019-10-30 11:52:32,416 [f26e10ed-fb17-49e6-a903-eadc130d13d1@group-83984122B78E-LeaderElection22] INFO  impl.LeaderElection (LeaderElection.java:logAndReturn(56)) - f26e10ed-fb17-49e6-a903-eadc130d13d1@group-83984122B78E-LeaderElection22: Election REJECTED; received 2 response(s) [f26e10ed-fb17-49e6-a903-eadc130d13d1<-4f16e274-8663-4a15-9c4c-c81f650ab979#0:FAIL-t6, f26e10ed-fb17-49e6-a903-eadc130d13d1<-4cc44201-a597-43af-a4ec-5b1b407a6250#0:FAIL-t6] and 0 exception(s); f26e10ed-fb17-49e6-a903-eadc130d13d1@group-83984122B78E:t6, leader=null, voted=f26e10ed-fb17-49e6-a903-eadc130d13d1, raftlog=f26e10ed-fb17-49e6-a903-eadc130d13d1@group-83984122B78E-SegmentedRaftLog:OPENED:c-1,f-1,i0, conf=-1: [4f16e274-8663-4a15-9c4c-c81f650ab979:192.168.157.220:38181, 4cc44201-a597-43af-a4ec-5b1b407a6250:192.168.157.220:36685, f26e10ed-fb17-49e6-a903-eadc130d13d1:192.168.157.220:32806], old=null
2019-10-30 11:52:32,416 [f26e10ed-fb17-49e6-a903-eadc130d13d1@group-83984122B78E-LeaderElection22] INFO  impl.RaftServerImpl (RaftServerImpl.java:setRole(184)) - f26e10ed-fb17-49e6-a903-eadc130d13d1@group-83984122B78E: changes role from CANDIDATE to FOLLOWER at term 6 for DISCOVERED_A_NEW_TERM
2019-10-30 11:52:32,416 [f26e10ed-fb17-49e6-a903-eadc130d13d1@group-83984122B78E-LeaderElection22] INFO  impl.RoleInfo (RoleInfo.java:shutdownLeaderElection(134)) - f26e10ed-fb17-49e6-a903-eadc130d13d1: shutdown LeaderElection
2019-10-30 11:52:32,416 [grpc-default-executor-4] INFO  impl.RaftServerImpl (ServerState.java:setLeader(256)) - a12d6b9e-ec23-449e-8b58-135e3e67eb04@group-6C94BA02685B: change Leader from 6ed35211-36a6-405a-b1db-549f65da443e to null at term 2 for updateCurrentTerm
2019-10-30 11:52:32,416 [grpc-default-executor-1] INFO  impl.FollowerInfo (FollowerInfo.java:lambda$new$0(51)) - 6ed35211-36a6-405a-b1db-549f65da443e@group-6C94BA02685B->a12d6b9e-ec23-449e-8b58-135e3e67eb04: nextIndex: updateUnconditionally 0 -> 0
2019-10-30 11:52:32,423 [grpc-default-executor-4] INFO  impl.RaftServerImpl (RaftServerImpl.java:setRole(184)) - a12d6b9e-ec23-449e-8b58-135e3e67eb04@group-6C94BA02685B: changes role from  FOLLOWER to FOLLOWER at term 2 for recognizeCandidate:36879b23-b325-4015-ba59-8656331c6f4b
2019-10-30 11:52:32,426 [grpc-default-executor-9] INFO  impl.RaftServerImpl (RaftServerImpl.java:setRole(184)) - 6ed35211-36a6-405a-b1db-549f65da443e@group-6C94BA02685B: changes role from  FOLLOWER to FOLLOWER at term 2 for recognizeCandidate:36879b23-b325-4015-ba59-8656331c6f4b
2019-10-30 11:52:32,426 [f26e10ed-fb17-49e6-a903-eadc130d13d1@group-83984122B78E-LeaderElection22] INFO  impl.RoleInfo (RoleInfo.java:updateAndGet(143)) - f26e10ed-fb17-49e6-a903-eadc130d13d1: start FollowerState
2019-10-30 11:52:32,426 [9dbd5372-55c2-4532-b354-9494d3d545d2@group-F367C8FA5986-LeaderElection24] INFO  impl.LeaderElection (LeaderElection.java:askForVotes(178)) - 9dbd5372-55c2-4532-b354-9494d3d545d2@group-F367C8FA5986-LeaderElection24: begin an election at term 6 for -1: [9b3ef6c9-0245-4756-bf80-45d41f7a4453:192.168.157.220:37058, cd11b2f5-3187-4d03-bd60-931991550c17:192.168.157.220:43236, 9dbd5372-55c2-4532-b354-9494d3d545d2:192.168.157.220:42993], old=null
2019-10-30 11:52:32,426 [grpc-default-executor-9] INFO  impl.RoleInfo (RoleInfo.java:shutdownFollowerState(121)) - 6ed35211-36a6-405a-b1db-549f65da443e: shutdown FollowerState
2019-10-30 11:52:32,426 [grpc-default-executor-4] INFO  impl.RoleInfo (RoleInfo.java:shutdownFollowerState(121)) - a12d6b9e-ec23-449e-8b58-135e3e67eb04: shutdown FollowerState
2019-10-30 11:52:32,426 [Thread-455] INFO  impl.FollowerState (FollowerState.java:run(117)) - 6ed35211-36a6-405a-b1db-549f65da443e@group-6C94BA02685B-FollowerState was interrupted: java.lang.InterruptedException: sleep interrupted
2019-10-30 11:52:32,426 [grpc-default-executor-9] INFO  impl.RoleInfo (RoleInfo.java:updateAndGet(143)) - 6ed35211-36a6-405a-b1db-549f65da443e: start FollowerState
2019-10-30 11:52:32,426 [Thread-435] INFO  impl.FollowerState (FollowerState.java:run(117)) - a12d6b9e-ec23-449e-8b58-135e3e67eb04@group-6C94BA02685B-FollowerState was interrupted: java.lang.InterruptedException: sleep interrupted
2019-10-30 11:52:32,430 [grpc-default-executor-4] INFO  impl.RoleInfo (RoleInfo.java:updateAndGet(143)) - a12d6b9e-ec23-449e-8b58-135e3e67eb04: start FollowerState
2019-10-30 11:52:32,430 [cd11b2f5-3187-4d03-bd60-931991550c17@group-F367C8FA5986-LeaderElection19] INFO  server.RaftServerConfigKeys (ConfUtils.java:logGet(43)) - raft.server.log.appender.snapshot.chunk.size.max = 16MB (=16777216) (default)
2019-10-30 11:52:32,430 [cd11b2f5-3187-4d03-bd60-931991550c17@group-F367C8FA5986-LeaderElection19] INFO  server.RaftServerConfigKeys (ConfUtils.java:logGet(43)) - raft.server.log.appender.buffer.byte-limit = 33554432 (custom)
2019-10-30 11:52:32,431 [cd11b2f5-3187-4d03-bd60-931991550c17@group-F367C8FA5986-LeaderElection19] INFO  server.RaftServerConfigKeys (ConfUtils.java:logGet(43)) - raft.server.log.appender.buffer.element-limit = 1 (custom)
2019-10-30 11:52:32,432 [cd11b2f5-3187-4d03-bd60-931991550c17@group-F367C8FA5986-LeaderElection19] INFO  grpc.GrpcConfigKeys$Server (ConfUtils.java:logGet(43)) - raft.grpc.server.leader.outstanding.appends.max = 128 (default)
2019-10-30 11:52:32,432 [cd11b2f5-3187-4d03-bd60-931991550c17@group-F367C8FA5986-LeaderElection19] INFO  server.RaftServerConfigKeys (ConfUtils.java:logGet(43)) - raft.server.rpc.request.timeout = 3000ms (default)
2019-10-30 11:52:32,433 [cd11b2f5-3187-4d03-bd60-931991550c17@group-F367C8FA5986-LeaderElection19] INFO  server.RaftServerConfigKeys (ConfUtils.java:logGet(43)) - raft.server.log.appender.install.snapshot.enabled = false (custom)
2019-10-30 11:52:32,433 [grpc-default-executor-9] INFO  impl.RaftServerImpl (RaftServerImpl.java:setRole(184)) - 9b3ef6c9-0245-4756-bf80-45d41f7a4453@group-F367C8FA5986: changes role from  FOLLOWER to FOLLOWER at term 6 for recognizeCandidate:9dbd5372-55c2-4532-b354-9494d3d545d2
2019-10-30 11:52:32,434 [grpc-default-executor-9] INFO  impl.RoleInfo (RoleInfo.java:shutdownFollowerState(121)) - 9b3ef6c9-0245-4756-bf80-45d41f7a4453: shutdown FollowerState
2019-10-30 11:52:32,434 [grpc-default-executor-9] INFO  impl.RoleInfo (RoleInfo.java:updateAndGet(143)) - 9b3ef6c9-0245-4756-bf80-45d41f7a4453: start FollowerState
2019-10-30 11:52:32,434 [Thread-444] INFO  impl.FollowerState (FollowerState.java:run(117)) - 9b3ef6c9-0245-4756-bf80-45d41f7a4453@group-F367C8FA5986-FollowerState was interrupted: java.lang.InterruptedException: sleep interrupted
2019-10-30 11:52:32,445 [36879b23-b325-4015-ba59-8656331c6f4b@group-6C94BA02685B-LeaderElection23] INFO  impl.LeaderElection (LeaderElection.java:logAndReturn(56)) - 36879b23-b325-4015-ba59-8656331c6f4b@group-6C94BA02685B-LeaderElection23: Election PASSED; received 2 response(s) [36879b23-b325-4015-ba59-8656331c6f4b<-6ed35211-36a6-405a-b1db-549f65da443e#0:FAIL-t2, 36879b23-b325-4015-ba59-8656331c6f4b<-a12d6b9e-ec23-449e-8b58-135e3e67eb04#0:OK-t2] and 0 exception(s); 36879b23-b325-4015-ba59-8656331c6f4b@group-6C94BA02685B:t2, leader=null, voted=36879b23-b325-4015-ba59-8656331c6f4b, raftlog=36879b23-b325-4015-ba59-8656331c6f4b@group-6C94BA02685B-SegmentedRaftLog:OPENED:c-1,f-1,i0, conf=-1: [6ed35211-36a6-405a-b1db-549f65da443e:192.168.157.220:41613, a12d6b9e-ec23-449e-8b58-135e3e67eb04:192.168.157.220:40337, 36879b23-b325-4015-ba59-8656331c6f4b:192.168.157.220:36123], old=null
2019-10-30 11:52:32,445 [cd11b2f5-3187-4d03-bd60-931991550c17@group-F367C8FA5986-LeaderElection19] INFO  impl.RoleInfo (RoleInfo.java:updateAndGet(143)) - cd11b2f5-3187-4d03-bd60-931991550c17: start LeaderState
2019-10-30 11:52:32,446 [36879b23-b325-4015-ba59-8656331c6f4b@group-6C94BA02685B-LeaderElection23] INFO  impl.RoleInfo (RoleInfo.java:shutdownLeaderElection(134)) - 36879b23-b325-4015-ba59-8656331c6f4b: shutdown LeaderElection
2019-10-30 11:52:32,453 [36879b23-b325-4015-ba59-8656331c6f4b@group-6C94BA02685B-LeaderElection23] INFO  impl.RaftServerImpl (RaftServerImpl.java:setRole(184)) - 36879b23-b325-4015-ba59-8656331c6f4b@group-6C94BA02685B: changes role from CANDIDATE to LEADER at term 2 for changeToLeader
2019-10-30 11:52:32,453 [cd11b2f5-3187-4d03-bd60-931991550c17@group-F367C8FA5986-LeaderElection19] INFO  segmented.SegmentedRaftLogWorker (SegmentedRaftLogWorker.java:startLogSegment(385)) - cd11b2f5-3187-4d03-bd60-931991550c17@group-F367C8FA5986-SegmentedRaftLogWorker: Starting segment from index:0
2019-10-30 11:52:32,456 [36879b23-b325-4015-ba59-8656331c6f4b@group-6C94BA02685B-LeaderElection23] INFO  impl.RaftServerImpl (ServerState.java:setLeader(256)) - 36879b23-b325-4015-ba59-8656331c6f4b@group-6C94BA02685B: change Leader from null to 36879b23-b325-4015-ba59-8656331c6f4b at term 2 for becomeLeader, leader elected after 385ms
2019-10-30 11:52:32,457 [36879b23-b325-4015-ba59-8656331c6f4b@group-6C94BA02685B-LeaderElection23] INFO  server.RaftServerConfigKeys (ConfUtils.java:logGet(43)) - raft.server.staging.catchup.gap = 1000 (default)
2019-10-30 11:52:32,457 [36879b23-b325-4015-ba59-8656331c6f4b@group-6C94BA02685B-LeaderElection23] INFO  server.RaftServerConfigKeys (ConfUtils.java:logGet(43)) - raft.server.rpc.sleep.time = 25ms (default)
2019-10-30 11:52:32,457 [36879b23-b325-4015-ba59-8656331c6f4b@group-6C94BA02685B-LeaderElection23] INFO  server.RaftServerConfigKeys (ConfUtils.java:logGet(43)) - raft.server.write.element-limit = 4096 (default)
2019-10-30 11:52:32,458 [36879b23-b325-4015-ba59-8656331c6f4b@group-6C94BA02685B-LeaderElection23] INFO  server.RaftServerConfigKeys (ConfUtils.java:logGet(43)) - raft.server.watch.timeout = 10s (default)
2019-10-30 11:52:32,458 [36879b23-b325-4015-ba59-8656331c6f4b@group-6C94BA02685B-LeaderElection23] INFO  server.RaftServerConfigKeys (ConfUtils.java:logGet(43)) - raft.server.watch.timeout.denomination = 1s (default)
2019-10-30 11:52:32,458 [36879b23-b325-4015-ba59-8656331c6f4b@group-6C94BA02685B-LeaderElection23] INFO  server.RaftServerConfigKeys (ConfUtils.java:logGet(43)) - raft.server.watch.element-limit = 65536 (default)
2019-10-30 11:52:32,458 [cd11b2f5-3187-4d03-bd60-931991550c17@group-F367C8FA5986-LeaderElection19] INFO  impl.RaftServerImpl (ServerState.java:setRaftConf(357)) - cd11b2f5-3187-4d03-bd60-931991550c17@group-F367C8FA5986: set configuration 0: [9b3ef6c9-0245-4756-bf80-45d41f7a4453:192.168.157.220:37058, cd11b2f5-3187-4d03-bd60-931991550c17:192.168.157.220:43236, 9dbd5372-55c2-4532-b354-9494d3d545d2:192.168.157.220:42993], old=null at 0
2019-10-30 11:52:32,458 [grpc-default-executor-4] INFO  impl.RaftServerImpl (ServerState.java:setLeader(256)) - cd11b2f5-3187-4d03-bd60-931991550c17@group-F367C8FA5986: change Leader from cd11b2f5-3187-4d03-bd60-931991550c17 to null at term 6 for updateCurrentTerm
2019-10-30 11:52:32,458 [grpc-default-executor-4] INFO  impl.RaftServerImpl (RaftServerImpl.java:setRole(184)) - cd11b2f5-3187-4d03-bd60-931991550c17@group-F367C8FA5986: changes role from    LEADER to FOLLOWER at term 6 for recognizeCandidate:9dbd5372-55c2-4532-b354-9494d3d545d2
2019-10-30 11:52:32,458 [grpc-default-executor-4] INFO  impl.RoleInfo (RoleInfo.java:shutdownLeaderState(104)) - cd11b2f5-3187-4d03-bd60-931991550c17: shutdown LeaderState
2019-10-30 11:52:32,464 [grpc-default-executor-4] INFO  impl.PendingRequests (PendingRequests.java:sendNotLeaderResponses(202)) - cd11b2f5-3187-4d03-bd60-931991550c17@group-F367C8FA5986-PendingRequests: sendNotLeaderResponses
2019-10-30 11:52:32,465 [grpc-default-executor-4] INFO  impl.RoleInfo (RoleInfo.java:updateAndGet(143)) - cd11b2f5-3187-4d03-bd60-931991550c17: start FollowerState
2019-10-30 11:52:32,466 [org.apache.ratis.server.impl.LogAppender$AppenderDaemon$$Lambda$420/1739398863@50f9a970] WARN  server.GrpcLogAppender (GrpcLogAppender.java:mayWait(149)) - cd11b2f5-3187-4d03-bd60-931991550c17@group-F367C8FA5986->9b3ef6c9-0245-4756-bf80-45d41f7a4453-GrpcLogAppender: Wait interrupted by java.lang.InterruptedException
2019-10-30 11:52:32,469 [36879b23-b325-4015-ba59-8656331c6f4b@group-6C94BA02685B-LeaderElection23] INFO  server.RaftServerConfigKeys (ConfUtils.java:logGet(43)) - raft.server.log.appender.snapshot.chunk.size.max = 16MB (=16777216) (default)
2019-10-30 11:52:32,470 [36879b23-b325-4015-ba59-8656331c6f4b@group-6C94BA02685B-LeaderElection23] INFO  server.RaftServerConfigKeys (ConfUtils.java:logGet(43)) - raft.server.log.appender.buffer.byte-limit = 33554432 (custom)
2019-10-30 11:52:32,470 [36879b23-b325-4015-ba59-8656331c6f4b@group-6C94BA02685B-LeaderElection23] INFO  server.RaftServerConfigKeys (ConfUtils.java:logGet(43)) - raft.server.log.appender.buffer.element-limit = 1 (custom)
2019-10-30 11:52:32,470 [grpc-default-executor-9] INFO  server.GrpcServerProtocolService (GrpcServerProtocolService.java:onCompleted(113)) - 9b3ef6c9-0245-4756-bf80-45d41f7a4453: Completed APPEND_ENTRIES, lastRequest: null
2019-10-30 11:52:32,470 [36879b23-b325-4015-ba59-8656331c6f4b@group-6C94BA02685B-LeaderElection23] INFO  grpc.GrpcConfigKeys$Server (ConfUtils.java:logGet(43)) - raft.grpc.server.leader.outstanding.appends.max = 128 (default)
2019-10-30 11:52:32,470 [36879b23-b325-4015-ba59-8656331c6f4b@group-6C94BA02685B-LeaderElection23] INFO  server.RaftServerConfigKeys (ConfUtils.java:logGet(43)) - raft.server.rpc.request.timeout = 3000ms (default)
2019-10-30 11:52:32,470 [36879b23-b325-4015-ba59-8656331c6f4b@group-6C94BA02685B-LeaderElection23] INFO  server.RaftServerConfigKeys (ConfUtils.java:logGet(43)) - raft.server.log.appender.install.snapshot.enabled = false (custom)
2019-10-30 11:52:32,473 [36879b23-b325-4015-ba59-8656331c6f4b@group-6C94BA02685B-LeaderElection23] INFO  server.RaftServerConfigKeys (ConfUtils.java:logGet(43)) - raft.server.log.appender.snapshot.chunk.size.max = 16MB (=16777216) (default)
2019-10-30 11:52:32,473 [36879b23-b325-4015-ba59-8656331c6f4b@group-6C94BA02685B-LeaderElection23] INFO  server.RaftServerConfigKeys (ConfUtils.java:logGet(43)) - raft.server.log.appender.buffer.byte-limit = 33554432 (custom)
2019-10-30 11:52:32,473 [grpc-default-executor-9] INFO  server.GrpcLogAppender (GrpcLogAppender.java:onCompleted(308)) - cd11b2f5-3187-4d03-bd60-931991550c17@group-F367C8FA5986->9b3ef6c9-0245-4756-bf80-45d41f7a4453-AppendLogResponseHandler: follower responses appendEntries COMPLETED
2019-10-30 11:52:32,473 [36879b23-b325-4015-ba59-8656331c6f4b@group-6C94BA02685B-LeaderElection23] INFO  server.RaftServerConfigKeys (ConfUtils.java:logGet(43)) - raft.server.log.appender.buffer.element-limit = 1 (custom)
2019-10-30 11:52:32,493 [grpc-default-executor-9] INFO  impl.FollowerInfo (FollowerInfo.java:lambda$new$0(51)) - cd11b2f5-3187-4d03-bd60-931991550c17@group-F367C8FA5986->9b3ef6c9-0245-4756-bf80-45d41f7a4453: nextIndex: updateUnconditionally 0 -> 0
2019-10-30 11:52:32,494 [36879b23-b325-4015-ba59-8656331c6f4b@group-6C94BA02685B-LeaderElection23] INFO  grpc.GrpcConfigKeys$Server (ConfUtils.java:logGet(43)) - raft.grpc.server.leader.outstanding.appends.max = 128 (default)
2019-10-30 11:52:32,494 [36879b23-b325-4015-ba59-8656331c6f4b@group-6C94BA02685B-LeaderElection23] INFO  server.RaftServerConfigKeys (ConfUtils.java:logGet(43)) - raft.server.rpc.request.timeout = 3000ms (default)
2019-10-30 11:52:32,494 [36879b23-b325-4015-ba59-8656331c6f4b@group-6C94BA02685B-LeaderElection23] INFO  server.RaftServerConfigKeys (ConfUtils.java:logGet(43)) - raft.server.log.appender.install.snapshot.enabled = false (custom)
2019-10-30 11:52:32,495 [9dbd5372-55c2-4532-b354-9494d3d545d2@group-F367C8FA5986-LeaderElection24] INFO  impl.LeaderElection (LeaderElection.java:logAndReturn(56)) - 9dbd5372-55c2-4532-b354-9494d3d545d2@group-F367C8FA5986-LeaderElection24: Election REJECTED; received 2 response(s) [9dbd5372-55c2-4532-b354-9494d3d545d2<-9b3ef6c9-0245-4756-bf80-45d41f7a4453#0:FAIL-t6, 9dbd5372-55c2-4532-b354-9494d3d545d2<-cd11b2f5-3187-4d03-bd60-931991550c17#0:FAIL-t6] and 0 exception(s); 9dbd5372-55c2-4532-b354-9494d3d545d2@group-F367C8FA5986:t6, leader=null, voted=9dbd5372-55c2-4532-b354-9494d3d545d2, raftlog=9dbd5372-55c2-4532-b354-9494d3d545d2@group-F367C8FA5986-SegmentedRaftLog:OPENED:c-1,f-1,i0, conf=-1: [9b3ef6c9-0245-4756-bf80-45d41f7a4453:192.168.157.220:37058, cd11b2f5-3187-4d03-bd60-931991550c17:192.168.157.220:43236, 9dbd5372-55c2-4532-b354-9494d3d545d2:192.168.157.220:42993], old=null
2019-10-30 11:52:32,496 [9dbd5372-55c2-4532-b354-9494d3d545d2@group-F367C8FA5986-LeaderElection24] INFO  impl.RaftServerImpl (RaftServerImpl.java:setRole(184)) - 9dbd5372-55c2-4532-b354-9494d3d545d2@group-F367C8FA5986: changes role from CANDIDATE to FOLLOWER at term 6 for DISCOVERED_A_NEW_TERM
2019-10-30 11:52:32,496 [9dbd5372-55c2-4532-b354-9494d3d545d2@group-F367C8FA5986-LeaderElection24] INFO  impl.RoleInfo (RoleInfo.java:shutdownLeaderElection(134)) - 9dbd5372-55c2-4532-b354-9494d3d545d2: shutdown LeaderElection
2019-10-30 11:52:32,496 [cd11b2f5-3187-4d03-bd60-931991550c17@group-F367C8FA5986-SegmentedRaftLogWorker] INFO  segmented.SegmentedRaftLogWorker (SegmentedRaftLogWorker.java:execute(576)) - cd11b2f5-3187-4d03-bd60-931991550c17@group-F367C8FA5986-SegmentedRaftLogWorker: created new log segment /workdir/hadoop-ozone/integration-test/target/test-dir/MiniOzoneClusterImpl-aaf233b5-8021-4449-9df2-227d87d78376/datanode-2/data/ratis/0a097f00-4378-4a1e-b584-f367c8fa5986/current/log_inprogress_0
2019-10-30 11:52:32,498 [9dbd5372-55c2-4532-b354-9494d3d545d2@group-F367C8FA5986-LeaderElection24] INFO  impl.RoleInfo (RoleInfo.java:updateAndGet(143)) - 9dbd5372-55c2-4532-b354-9494d3d545d2: start FollowerState
2019-10-30 11:52:32,499 [36879b23-b325-4015-ba59-8656331c6f4b@group-6C94BA02685B-LeaderElection23] INFO  impl.RoleInfo (RoleInfo.java:updateAndGet(143)) - 36879b23-b325-4015-ba59-8656331c6f4b: start LeaderState
2019-10-30 11:52:32,500 [Thread-470] INFO  impl.FollowerState (FollowerState.java:run(108)) - 9dbd5372-55c2-4532-b354-9494d3d545d2@group-F367C8FA5986-FollowerState: change to CANDIDATE, lastRpcTime:1ms, electionTimeout:1ms
2019-10-30 11:52:32,500 [36879b23-b325-4015-ba59-8656331c6f4b@group-6C94BA02685B-LeaderElection23] INFO  segmented.SegmentedRaftLogWorker (SegmentedRaftLogWorker.java:startLogSegment(385)) - 36879b23-b325-4015-ba59-8656331c6f4b@group-6C94BA02685B-SegmentedRaftLogWorker: Starting segment from index:0
2019-10-30 11:52:32,500 [Thread-470] INFO  impl.RoleInfo (RoleInfo.java:shutdownFollowerState(121)) - 9dbd5372-55c2-4532-b354-9494d3d545d2: shutdown FollowerState
2019-10-30 11:52:32,500 [Thread-470] INFO  impl.RaftServerImpl (RaftServerImpl.java:setRole(184)) - 9dbd5372-55c2-4532-b354-9494d3d545d2@group-F367C8FA5986: changes role from  FOLLOWER to CANDIDATE at term 6 for changeToCandidate
2019-10-30 11:52:32,500 [Thread-457] INFO  impl.FollowerState (FollowerState.java:run(108)) - 4cc44201-a597-43af-a4ec-5b1b407a6250@group-83984122B78E-FollowerState: change to CANDIDATE, lastRpcTime:92ms, electionTimeout:92ms
2019-10-30 11:52:32,501 [Thread-470] INFO  impl.RoleInfo (RoleInfo.java:updateAndGet(143)) - 9dbd5372-55c2-4532-b354-9494d3d545d2: start LeaderElection
2019-10-30 11:52:32,501 [Thread-457] INFO  impl.RoleInfo (RoleInfo.java:shutdownFollowerState(121)) - 4cc44201-a597-43af-a4ec-5b1b407a6250: shutdown FollowerState
2019-10-30 11:52:32,501 [36879b23-b325-4015-ba59-8656331c6f4b@group-6C94BA02685B-LeaderElection23] INFO  impl.RaftServerImpl (ServerState.java:setRaftConf(357)) - 36879b23-b325-4015-ba59-8656331c6f4b@group-6C94BA02685B: set configuration 0: [6ed35211-36a6-405a-b1db-549f65da443e:192.168.157.220:41613, a12d6b9e-ec23-449e-8b58-135e3e67eb04:192.168.157.220:40337, 36879b23-b325-4015-ba59-8656331c6f4b:192.168.157.220:36123], old=null at 0
2019-10-30 11:52:32,502 [Thread-457] INFO  impl.RaftServerImpl (RaftServerImpl.java:setRole(184)) - 4cc44201-a597-43af-a4ec-5b1b407a6250@group-83984122B78E: changes role from  FOLLOWER to CANDIDATE at term 6 for changeToCandidate
2019-10-30 11:52:32,502 [Thread-457] INFO  impl.RoleInfo (RoleInfo.java:updateAndGet(143)) - 4cc44201-a597-43af-a4ec-5b1b407a6250: start LeaderElection
2019-10-30 11:52:32,503 [grpc-default-executor-1] INFO  impl.RaftServerImpl (ServerState.java:setLeader(256)) - 6ed35211-36a6-405a-b1db-549f65da443e@group-6C94BA02685B: change Leader from null to 36879b23-b325-4015-ba59-8656331c6f4b at term 2 for appendEntries, leader elected after 109ms
2019-10-30 11:52:32,504 [grpc-default-executor-9] INFO  impl.RaftServerImpl (ServerState.java:setLeader(256)) - a12d6b9e-ec23-449e-8b58-135e3e67eb04@group-6C94BA02685B: change Leader from null to 36879b23-b325-4015-ba59-8656331c6f4b at term 2 for appendEntries, leader elected after 87ms
2019-10-30 11:52:32,742 [grpc-default-executor-1] INFO  impl.RaftServerImpl (ServerState.java:setRaftConf(357)) - a12d6b9e-ec23-449e-8b58-135e3e67eb04@group-6C94BA02685B: set configuration 0: [6ed35211-36a6-405a-b1db-549f65da443e:192.168.157.220:41613, a12d6b9e-ec23-449e-8b58-135e3e67eb04:192.168.157.220:40337, 36879b23-b325-4015-ba59-8656331c6f4b:192.168.157.220:36123], old=null at 0
2019-10-30 11:52:32,743 [grpc-default-executor-1] INFO  segmented.SegmentedRaftLogWorker (SegmentedRaftLogWorker.java:startLogSegment(385)) - a12d6b9e-ec23-449e-8b58-135e3e67eb04@group-6C94BA02685B-SegmentedRaftLogWorker: Starting segment from index:0
2019-10-30 11:52:32,748 [9dbd5372-55c2-4532-b354-9494d3d545d2@group-F367C8FA5986-LeaderElection25] INFO  impl.LeaderElection (LeaderElection.java:askForVotes(178)) - 9dbd5372-55c2-4532-b354-9494d3d545d2@group-F367C8FA5986-LeaderElection25: begin an election at term 7 for -1: [9b3ef6c9-0245-4756-bf80-45d41f7a4453:192.168.157.220:37058, cd11b2f5-3187-4d03-bd60-931991550c17:192.168.157.220:43236, 9dbd5372-55c2-4532-b354-9494d3d545d2:192.168.157.220:42993], old=null
2019-10-30 11:52:32,781 [a12d6b9e-ec23-449e-8b58-135e3e67eb04@group-6C94BA02685B-SegmentedRaftLogWorker] INFO  segmented.SegmentedRaftLogWorker (SegmentedRaftLogWorker.java:execute(576)) - a12d6b9e-ec23-449e-8b58-135e3e67eb04@group-6C94BA02685B-SegmentedRaftLogWorker: created new log segment /workdir/hadoop-ozone/integration-test/target/test-dir/MiniOzoneClusterImpl-aaf233b5-8021-4449-9df2-227d87d78376/datanode-8/data/ratis/c2bfa153-54fb-4653-be57-6c94ba02685b/current/log_inprogress_0
2019-10-30 11:52:32,782 [Thread-459] INFO  impl.FollowerState (FollowerState.java:run(108)) - f26e10ed-fb17-49e6-a903-eadc130d13d1@group-83984122B78E-FollowerState: change to CANDIDATE, lastRpcTime:316ms, electionTimeout:113ms
2019-10-30 11:52:32,782 [grpc-default-executor-9] INFO  impl.RaftServerImpl (ServerState.java:setRaftConf(357)) - 6ed35211-36a6-405a-b1db-549f65da443e@group-6C94BA02685B: set configuration 0: [6ed35211-36a6-405a-b1db-549f65da443e:192.168.157.220:41613, a12d6b9e-ec23-449e-8b58-135e3e67eb04:192.168.157.220:40337, 36879b23-b325-4015-ba59-8656331c6f4b:192.168.157.220:36123], old=null at 0
2019-10-30 11:52:32,783 [Thread-459] INFO  impl.RoleInfo (RoleInfo.java:shutdownFollowerState(121)) - f26e10ed-fb17-49e6-a903-eadc130d13d1: shutdown FollowerState
2019-10-30 11:52:32,785 [Thread-459] INFO  impl.RaftServerImpl (RaftServerImpl.java:setRole(184)) - f26e10ed-fb17-49e6-a903-eadc130d13d1@group-83984122B78E: changes role from  FOLLOWER to CANDIDATE at term 6 for changeToCandidate
2019-10-30 11:52:32,785 [Thread-459] INFO  impl.RoleInfo (RoleInfo.java:updateAndGet(143)) - f26e10ed-fb17-49e6-a903-eadc130d13d1: start LeaderElection
2019-10-30 11:52:32,794 [36879b23-b325-4015-ba59-8656331c6f4b@group-6C94BA02685B-SegmentedRaftLogWorker] INFO  segmented.SegmentedRaftLogWorker (SegmentedRaftLogWorker.java:execute(576)) - 36879b23-b325-4015-ba59-8656331c6f4b@group-6C94BA02685B-SegmentedRaftLogWorker: created new log segment /workdir/hadoop-ozone/integration-test/target/test-dir/MiniOzoneClusterImpl-aaf233b5-8021-4449-9df2-227d87d78376/datanode-6/data/ratis/c2bfa153-54fb-4653-be57-6c94ba02685b/current/log_inprogress_0
2019-10-30 11:52:32,794 [4cc44201-a597-43af-a4ec-5b1b407a6250@group-83984122B78E-LeaderElection26] INFO  impl.LeaderElection (LeaderElection.java:askForVotes(178)) - 4cc44201-a597-43af-a4ec-5b1b407a6250@group-83984122B78E-LeaderElection26: begin an election at term 7 for -1: [4f16e274-8663-4a15-9c4c-c81f650ab979:192.168.157.220:38181, 4cc44201-a597-43af-a4ec-5b1b407a6250:192.168.157.220:36685, f26e10ed-fb17-49e6-a903-eadc130d13d1:192.168.157.220:32806], old=null
2019-10-30 11:52:32,807 [grpc-default-executor-1] INFO  impl.RaftServerImpl (RaftServerImpl.java:setRole(184)) - 9b3ef6c9-0245-4756-bf80-45d41f7a4453@group-F367C8FA5986: changes role from  FOLLOWER to FOLLOWER at term 7 for recognizeCandidate:9dbd5372-55c2-4532-b354-9494d3d545d2
2019-10-30 11:52:32,807 [grpc-default-executor-1] INFO  impl.RoleInfo (RoleInfo.java:shutdownFollowerState(121)) - 9b3ef6c9-0245-4756-bf80-45d41f7a4453: shutdown FollowerState
2019-10-30 11:52:32,807 [grpc-default-executor-1] INFO  impl.RoleInfo (RoleInfo.java:updateAndGet(143)) - 9b3ef6c9-0245-4756-bf80-45d41f7a4453: start FollowerState
2019-10-30 11:52:32,808 [Thread-465] INFO  impl.FollowerState (FollowerState.java:run(117)) - 9b3ef6c9-0245-4756-bf80-45d41f7a4453@group-F367C8FA5986-FollowerState was interrupted: java.lang.InterruptedException: sleep interrupted
2019-10-30 11:52:32,808 [grpc-default-executor-4] INFO  impl.RaftServerImpl (RaftServerImpl.java:setRole(184)) - cd11b2f5-3187-4d03-bd60-931991550c17@group-F367C8FA5986: changes role from  FOLLOWER to FOLLOWER at term 7 for recognizeCandidate:9dbd5372-55c2-4532-b354-9494d3d545d2
2019-10-30 11:52:32,808 [grpc-default-executor-4] INFO  impl.RoleInfo (RoleInfo.java:shutdownFollowerState(121)) - cd11b2f5-3187-4d03-bd60-931991550c17: shutdown FollowerState
2019-10-30 11:52:32,809 [grpc-default-executor-9] INFO  segmented.SegmentedRaftLogWorker (SegmentedRaftLogWorker.java:truncate(401)) - 6ed35211-36a6-405a-b1db-549f65da443e@group-6C94BA02685B-SegmentedRaftLogWorker: Truncating segments toTruncate: null
  toDelete: [(0, 0) isOpen? true, length=0, newEndIndex=-1], start index 0
2019-10-30 11:52:32,810 [grpc-default-executor-4] INFO  impl.RoleInfo (RoleInfo.java:updateAndGet(143)) - cd11b2f5-3187-4d03-bd60-931991550c17: start FollowerState
2019-10-30 11:52:32,810 [Thread-467] INFO  impl.FollowerState (FollowerState.java:run(117)) - cd11b2f5-3187-4d03-bd60-931991550c17@group-F367C8FA5986-FollowerState was interrupted: java.lang.InterruptedException: sleep interrupted
2019-10-30 11:52:32,810 [grpc-default-executor-9] INFO  segmented.SegmentedRaftLogWorker (SegmentedRaftLogWorker.java:startLogSegment(385)) - 6ed35211-36a6-405a-b1db-549f65da443e@group-6C94BA02685B-SegmentedRaftLogWorker: Starting segment from index:0
2019-10-30 11:52:32,812 [grpc-default-executor-9] INFO  impl.RaftServerImpl (RaftServerImpl.java:setRole(184)) - 4f16e274-8663-4a15-9c4c-c81f650ab979@group-83984122B78E: changes role from  FOLLOWER to FOLLOWER at term 7 for recognizeCandidate:4cc44201-a597-43af-a4ec-5b1b407a6250
2019-10-30 11:52:32,812 [grpc-default-executor-9] INFO  impl.RoleInfo (RoleInfo.java:shutdownFollowerState(121)) - 4f16e274-8663-4a15-9c4c-c81f650ab979: shutdown FollowerState
2019-10-30 11:52:32,812 [f26e10ed-fb17-49e6-a903-eadc130d13d1@group-83984122B78E-LeaderElection27] INFO  impl.LeaderElection (LeaderElection.java:askForVotes(178)) - f26e10ed-fb17-49e6-a903-eadc130d13d1@group-83984122B78E-LeaderElection27: begin an election at term 7 for -1: [4f16e274-8663-4a15-9c4c-c81f650ab979:192.168.157.220:38181, 4cc44201-a597-43af-a4ec-5b1b407a6250:192.168.157.220:36685, f26e10ed-fb17-49e6-a903-eadc130d13d1:192.168.157.220:32806], old=null
2019-10-30 11:52:32,812 [grpc-default-executor-9] INFO  impl.RoleInfo (RoleInfo.java:updateAndGet(143)) - 4f16e274-8663-4a15-9c4c-c81f650ab979: start FollowerState
2019-10-30 11:52:32,812 [Thread-456] INFO  impl.FollowerState (FollowerState.java:run(117)) - 4f16e274-8663-4a15-9c4c-c81f650ab979@group-83984122B78E-FollowerState was interrupted: java.lang.InterruptedException: sleep interrupted
2019-10-30 11:52:32,814 [6ed35211-36a6-405a-b1db-549f65da443e@group-6C94BA02685B-SegmentedRaftLogWorker] INFO  segmented.SegmentedRaftLogWorker (SegmentedRaftLogWorker.java:execute(640)) - 6ed35211-36a6-405a-b1db-549f65da443e@group-6C94BA02685B-SegmentedRaftLogWorker: Deleted log file /workdir/hadoop-ozone/integration-test/target/test-dir/MiniOzoneClusterImpl-aaf233b5-8021-4449-9df2-227d87d78376/datanode-1/data/ratis/c2bfa153-54fb-4653-be57-6c94ba02685b/current/log_inprogress_0
2019-10-30 11:52:32,815 [6ed35211-36a6-405a-b1db-549f65da443e@group-6C94BA02685B-SegmentedRaftLogWorker] INFO  segmented.SegmentedRaftLogWorker (SegmentedRaftLogWorker.java:lambda$new$0(128)) - 6ed35211-36a6-405a-b1db-549f65da443e@group-6C94BA02685B-SegmentedRaftLogWorker: flushIndex: setUnconditionally 0 -> -1
2019-10-30 11:52:32,820 [grpc-default-executor-8] INFO  impl.RaftServerImpl (RaftServerImpl.java:setRole(184)) - 4f16e274-8663-4a15-9c4c-c81f650ab979@group-83984122B78E: changes role from  FOLLOWER to FOLLOWER at term 7 for recognizeCandidate:f26e10ed-fb17-49e6-a903-eadc130d13d1
2019-10-30 11:52:32,821 [grpc-default-executor-8] INFO  impl.RoleInfo (RoleInfo.java:shutdownFollowerState(121)) - 4f16e274-8663-4a15-9c4c-c81f650ab979: shutdown FollowerState
2019-10-30 11:52:32,821 [grpc-default-executor-8] INFO  impl.RoleInfo (RoleInfo.java:updateAndGet(143)) - 4f16e274-8663-4a15-9c4c-c81f650ab979: start FollowerState
2019-10-30 11:52:32,821 [9dbd5372-55c2-4532-b354-9494d3d545d2@group-F367C8FA5986-LeaderElection25] INFO  impl.LeaderElection (LeaderElection.java:logAndReturn(56)) - 9dbd5372-55c2-4532-b354-9494d3d545d2@group-F367C8FA5986-LeaderElection25: Election REJECTED; received 2 response(s) [9dbd5372-55c2-4532-b354-9494d3d545d2<-9b3ef6c9-0245-4756-bf80-45d41f7a4453#0:FAIL-t7, 9dbd5372-55c2-4532-b354-9494d3d545d2<-cd11b2f5-3187-4d03-bd60-931991550c17#0:FAIL-t7] and 0 exception(s); 9dbd5372-55c2-4532-b354-9494d3d545d2@group-F367C8FA5986:t7, leader=null, voted=9dbd5372-55c2-4532-b354-9494d3d545d2, raftlog=9dbd5372-55c2-4532-b354-9494d3d545d2@group-F367C8FA5986-SegmentedRaftLog:OPENED:c-1,f-1,i0, conf=-1: [9b3ef6c9-0245-4756-bf80-45d41f7a4453:192.168.157.220:37058, cd11b2f5-3187-4d03-bd60-931991550c17:192.168.157.220:43236, 9dbd5372-55c2-4532-b354-9494d3d545d2:192.168.157.220:42993], old=null
2019-10-30 11:52:32,821 [Thread-486] INFO  impl.FollowerState (FollowerState.java:run(117)) - 4f16e274-8663-4a15-9c4c-c81f650ab979@group-83984122B78E-FollowerState was interrupted: java.lang.InterruptedException: sleep interrupted
2019-10-30 11:52:32,822 [9dbd5372-55c2-4532-b354-9494d3d545d2@group-F367C8FA5986-LeaderElection25] INFO  impl.RaftServerImpl (RaftServerImpl.java:setRole(184)) - 9dbd5372-55c2-4532-b354-9494d3d545d2@group-F367C8FA5986: changes role from CANDIDATE to FOLLOWER at term 7 for DISCOVERED_A_NEW_TERM
2019-10-30 11:52:32,839 [9dbd5372-55c2-4532-b354-9494d3d545d2@group-F367C8FA5986-LeaderElection25] INFO  impl.RoleInfo (RoleInfo.java:shutdownLeaderElection(134)) - 9dbd5372-55c2-4532-b354-9494d3d545d2: shutdown LeaderElection
2019-10-30 11:52:32,840 [9dbd5372-55c2-4532-b354-9494d3d545d2@group-F367C8FA5986-LeaderElection25] INFO  impl.RoleInfo (RoleInfo.java:updateAndGet(143)) - 9dbd5372-55c2-4532-b354-9494d3d545d2: start FollowerState
2019-10-30 11:52:32,840 [4cc44201-a597-43af-a4ec-5b1b407a6250@group-83984122B78E-LeaderElection26] INFO  impl.LeaderElection (LeaderElection.java:logAndReturn(56)) - 4cc44201-a597-43af-a4ec-5b1b407a6250@group-83984122B78E-LeaderElection26: Election REJECTED; received 2 response(s) [4cc44201-a597-43af-a4ec-5b1b407a6250<-4f16e274-8663-4a15-9c4c-c81f650ab979#0:FAIL-t7, 4cc44201-a597-43af-a4ec-5b1b407a6250<-f26e10ed-fb17-49e6-a903-eadc130d13d1#0:FAIL-t7] and 0 exception(s); 4cc44201-a597-43af-a4ec-5b1b407a6250@group-83984122B78E:t7, leader=null, voted=4cc44201-a597-43af-a4ec-5b1b407a6250, raftlog=4cc44201-a597-43af-a4ec-5b1b407a6250@group-83984122B78E-SegmentedRaftLog:OPENED:c-1,f-1,i0, conf=-1: [4f16e274-8663-4a15-9c4c-c81f650ab979:192.168.157.220:38181, 4cc44201-a597-43af-a4ec-5b1b407a6250:192.168.157.220:36685, f26e10ed-fb17-49e6-a903-eadc130d13d1:192.168.157.220:32806], old=null
2019-10-30 11:52:32,840 [4cc44201-a597-43af-a4ec-5b1b407a6250@group-83984122B78E-LeaderElection26] INFO  impl.RaftServerImpl (RaftServerImpl.java:setRole(184)) - 4cc44201-a597-43af-a4ec-5b1b407a6250@group-83984122B78E: changes role from CANDIDATE to FOLLOWER at term 7 for DISCOVERED_A_NEW_TERM
2019-10-30 11:52:32,840 [4cc44201-a597-43af-a4ec-5b1b407a6250@group-83984122B78E-LeaderElection26] INFO  impl.RoleInfo (RoleInfo.java:shutdownLeaderElection(134)) - 4cc44201-a597-43af-a4ec-5b1b407a6250: shutdown LeaderElection
2019-10-30 11:52:32,841 [4cc44201-a597-43af-a4ec-5b1b407a6250@group-83984122B78E-LeaderElection26] INFO  impl.RoleInfo (RoleInfo.java:updateAndGet(143)) - 4cc44201-a597-43af-a4ec-5b1b407a6250: start FollowerState
2019-10-30 11:52:32,841 [f26e10ed-fb17-49e6-a903-eadc130d13d1@group-83984122B78E-LeaderElection27] INFO  impl.LeaderElection (LeaderElection.java:logAndReturn(56)) - f26e10ed-fb17-49e6-a903-eadc130d13d1@group-83984122B78E-LeaderElection27: Election REJECTED; received 2 response(s) [f26e10ed-fb17-49e6-a903-eadc130d13d1<-4f16e274-8663-4a15-9c4c-c81f650ab979#0:FAIL-t7, f26e10ed-fb17-49e6-a903-eadc130d13d1<-4cc44201-a597-43af-a4ec-5b1b407a6250#0:FAIL-t7] and 0 exception(s); f26e10ed-fb17-49e6-a903-eadc130d13d1@group-83984122B78E:t7, leader=null, voted=f26e10ed-fb17-49e6-a903-eadc130d13d1, raftlog=f26e10ed-fb17-49e6-a903-eadc130d13d1@group-83984122B78E-SegmentedRaftLog:OPENED:c-1,f-1,i0, conf=-1: [4f16e274-8663-4a15-9c4c-c81f650ab979:192.168.157.220:38181, 4cc44201-a597-43af-a4ec-5b1b407a6250:192.168.157.220:36685, f26e10ed-fb17-49e6-a903-eadc130d13d1:192.168.157.220:32806], old=null
2019-10-30 11:52:32,843 [f26e10ed-fb17-49e6-a903-eadc130d13d1@group-83984122B78E-LeaderElection27] INFO  impl.RaftServerImpl (RaftServerImpl.java:setRole(184)) - f26e10ed-fb17-49e6-a903-eadc130d13d1@group-83984122B78E: changes role from CANDIDATE to FOLLOWER at term 7 for DISCOVERED_A_NEW_TERM
2019-10-30 11:52:32,843 [f26e10ed-fb17-49e6-a903-eadc130d13d1@group-83984122B78E-LeaderElection27] INFO  impl.RoleInfo (RoleInfo.java:shutdownLeaderElection(134)) - f26e10ed-fb17-49e6-a903-eadc130d13d1: shutdown LeaderElection
2019-10-30 11:52:32,843 [f26e10ed-fb17-49e6-a903-eadc130d13d1@group-83984122B78E-LeaderElection27] INFO  impl.RoleInfo (RoleInfo.java:updateAndGet(143)) - f26e10ed-fb17-49e6-a903-eadc130d13d1: start FollowerState
2019-10-30 11:52:32,862 [6ed35211-36a6-405a-b1db-549f65da443e@group-6C94BA02685B-SegmentedRaftLogWorker] INFO  segmented.SegmentedRaftLogWorker (SegmentedRaftLogWorker.java:execute(576)) - 6ed35211-36a6-405a-b1db-549f65da443e@group-6C94BA02685B-SegmentedRaftLogWorker: created new log segment /workdir/hadoop-ozone/integration-test/target/test-dir/MiniOzoneClusterImpl-aaf233b5-8021-4449-9df2-227d87d78376/datanode-1/data/ratis/c2bfa153-54fb-4653-be57-6c94ba02685b/current/log_inprogress_0
2019-10-30 11:52:32,865 [Thread-490] INFO  impl.FollowerState (FollowerState.java:run(108)) - 9dbd5372-55c2-4532-b354-9494d3d545d2@group-F367C8FA5986-FollowerState: change to CANDIDATE, lastRpcTime:25ms, electionTimeout:24ms
2019-10-30 11:52:32,865 [Thread-490] INFO  impl.RoleInfo (RoleInfo.java:shutdownFollowerState(121)) - 9dbd5372-55c2-4532-b354-9494d3d545d2: shutdown FollowerState
2019-10-30 11:52:32,865 [Thread-490] INFO  impl.RaftServerImpl (RaftServerImpl.java:setRole(184)) - 9dbd5372-55c2-4532-b354-9494d3d545d2@group-F367C8FA5986: changes role from  FOLLOWER to CANDIDATE at term 7 for changeToCandidate
2019-10-30 11:52:32,865 [Thread-490] INFO  impl.RoleInfo (RoleInfo.java:updateAndGet(143)) - 9dbd5372-55c2-4532-b354-9494d3d545d2: start LeaderElection
2019-10-30 11:52:32,870 [Thread-491] INFO  impl.FollowerState (FollowerState.java:run(108)) - 4cc44201-a597-43af-a4ec-5b1b407a6250@group-83984122B78E-FollowerState: change to CANDIDATE, lastRpcTime:29ms, electionTimeout:27ms
2019-10-30 11:52:32,870 [Thread-491] INFO  impl.RoleInfo (RoleInfo.java:shutdownFollowerState(121)) - 4cc44201-a597-43af-a4ec-5b1b407a6250: shutdown FollowerState
2019-10-30 11:52:32,870 [Thread-491] INFO  impl.RaftServerImpl (RaftServerImpl.java:setRole(184)) - 4cc44201-a597-43af-a4ec-5b1b407a6250@group-83984122B78E: changes role from  FOLLOWER to CANDIDATE at term 7 for changeToCandidate
2019-10-30 11:52:32,870 [Thread-491] INFO  impl.RoleInfo (RoleInfo.java:updateAndGet(143)) - 4cc44201-a597-43af-a4ec-5b1b407a6250: start LeaderElection
2019-10-30 11:52:32,879 [9dbd5372-55c2-4532-b354-9494d3d545d2@group-F367C8FA5986-LeaderElection28] INFO  impl.LeaderElection (LeaderElection.java:askForVotes(178)) - 9dbd5372-55c2-4532-b354-9494d3d545d2@group-F367C8FA5986-LeaderElection28: begin an election at term 8 for -1: [9b3ef6c9-0245-4756-bf80-45d41f7a4453:192.168.157.220:37058, cd11b2f5-3187-4d03-bd60-931991550c17:192.168.157.220:43236, 9dbd5372-55c2-4532-b354-9494d3d545d2:192.168.157.220:42993], old=null
2019-10-30 11:52:32,879 [4cc44201-a597-43af-a4ec-5b1b407a6250@group-83984122B78E-LeaderElection29] INFO  impl.LeaderElection (LeaderElection.java:askForVotes(178)) - 4cc44201-a597-43af-a4ec-5b1b407a6250@group-83984122B78E-LeaderElection29: begin an election at term 8 for -1: [4f16e274-8663-4a15-9c4c-c81f650ab979:192.168.157.220:38181, 4cc44201-a597-43af-a4ec-5b1b407a6250:192.168.157.220:36685, f26e10ed-fb17-49e6-a903-eadc130d13d1:192.168.157.220:32806], old=null
2019-10-30 11:52:32,881 [grpc-default-executor-8] INFO  impl.RaftServerImpl (RaftServerImpl.java:setRole(184)) - 9b3ef6c9-0245-4756-bf80-45d41f7a4453@group-F367C8FA5986: changes role from  FOLLOWER to FOLLOWER at term 8 for recognizeCandidate:9dbd5372-55c2-4532-b354-9494d3d545d2
2019-10-30 11:52:32,882 [grpc-default-executor-8] INFO  impl.RoleInfo (RoleInfo.java:shutdownFollowerState(121)) - 9b3ef6c9-0245-4756-bf80-45d41f7a4453: shutdown FollowerState
2019-10-30 11:52:32,882 [grpc-default-executor-8] INFO  impl.RoleInfo (RoleInfo.java:updateAndGet(143)) - 9b3ef6c9-0245-4756-bf80-45d41f7a4453: start FollowerState
2019-10-30 11:52:32,882 [Thread-484] INFO  impl.FollowerState (FollowerState.java:run(117)) - 9b3ef6c9-0245-4756-bf80-45d41f7a4453@group-F367C8FA5986-FollowerState was interrupted: java.lang.InterruptedException: sleep interrupted
2019-10-30 11:52:32,882 [grpc-default-executor-9] INFO  impl.RaftServerImpl (RaftServerImpl.java:setRole(184)) - 4f16e274-8663-4a15-9c4c-c81f650ab979@group-83984122B78E: changes role from  FOLLOWER to FOLLOWER at term 8 for recognizeCandidate:4cc44201-a597-43af-a4ec-5b1b407a6250
2019-10-30 11:52:32,882 [grpc-default-executor-4] INFO  impl.RaftServerImpl (RaftServerImpl.java:setRole(184)) - f26e10ed-fb17-49e6-a903-eadc130d13d1@group-83984122B78E: changes role from  FOLLOWER to FOLLOWER at term 8 for recognizeCandidate:4cc44201-a597-43af-a4ec-5b1b407a6250
2019-10-30 11:52:32,882 [grpc-default-executor-9] INFO  impl.RoleInfo (RoleInfo.java:shutdownFollowerState(121)) - 4f16e274-8663-4a15-9c4c-c81f650ab979: shutdown FollowerState
2019-10-30 11:52:32,882 [grpc-default-executor-4] INFO  impl.RoleInfo (RoleInfo.java:shutdownFollowerState(121)) - f26e10ed-fb17-49e6-a903-eadc130d13d1: shutdown FollowerState
2019-10-30 11:52:32,883 [grpc-default-executor-4] INFO  impl.RoleInfo (RoleInfo.java:updateAndGet(143)) - f26e10ed-fb17-49e6-a903-eadc130d13d1: start FollowerState
2019-10-30 11:52:32,883 [Thread-489] INFO  impl.FollowerState (FollowerState.java:run(117)) - 4f16e274-8663-4a15-9c4c-c81f650ab979@group-83984122B78E-FollowerState was interrupted: java.lang.InterruptedException: sleep interrupted
2019-10-30 11:52:32,883 [grpc-default-executor-9] INFO  impl.RoleInfo (RoleInfo.java:updateAndGet(143)) - 4f16e274-8663-4a15-9c4c-c81f650ab979: start FollowerState
2019-10-30 11:52:32,883 [Thread-492] INFO  impl.FollowerState (FollowerState.java:run(117)) - f26e10ed-fb17-49e6-a903-eadc130d13d1@group-83984122B78E-FollowerState was interrupted: java.lang.InterruptedException: sleep interrupted
2019-10-30 11:52:32,884 [grpc-default-executor-0] INFO  impl.RaftServerImpl (RaftServerImpl.java:setRole(184)) - cd11b2f5-3187-4d03-bd60-931991550c17@group-F367C8FA5986: changes role from  FOLLOWER to FOLLOWER at term 8 for recognizeCandidate:9dbd5372-55c2-4532-b354-9494d3d545d2
2019-10-30 11:52:32,884 [grpc-default-executor-0] INFO  impl.RoleInfo (RoleInfo.java:shutdownFollowerState(121)) - cd11b2f5-3187-4d03-bd60-931991550c17: shutdown FollowerState
2019-10-30 11:52:32,885 [grpc-default-executor-0] INFO  impl.RoleInfo (RoleInfo.java:updateAndGet(143)) - cd11b2f5-3187-4d03-bd60-931991550c17: start FollowerState
2019-10-30 11:52:32,885 [Thread-485] INFO  impl.FollowerState (FollowerState.java:run(117)) - cd11b2f5-3187-4d03-bd60-931991550c17@group-F367C8FA5986-FollowerState was interrupted: java.lang.InterruptedException: sleep interrupted
2019-10-30 11:52:32,906 [Thread-501] INFO  impl.FollowerState (FollowerState.java:run(108)) - f26e10ed-fb17-49e6-a903-eadc130d13d1@group-83984122B78E-FollowerState: change to CANDIDATE, lastRpcTime:22ms, electionTimeout:17ms
2019-10-30 11:52:32,906 [Thread-501] INFO  impl.RoleInfo (RoleInfo.java:shutdownFollowerState(121)) - f26e10ed-fb17-49e6-a903-eadc130d13d1: shutdown FollowerState
2019-10-30 11:52:32,906 [Thread-501] INFO  impl.RaftServerImpl (RaftServerImpl.java:setRole(184)) - f26e10ed-fb17-49e6-a903-eadc130d13d1@group-83984122B78E: changes role from  FOLLOWER to CANDIDATE at term 8 for changeToCandidate
2019-10-30 11:52:32,906 [Thread-501] INFO  impl.RoleInfo (RoleInfo.java:updateAndGet(143)) - f26e10ed-fb17-49e6-a903-eadc130d13d1: start LeaderElection
2019-10-30 11:52:32,908 [4cc44201-a597-43af-a4ec-5b1b407a6250@group-83984122B78E-LeaderElection29] INFO  impl.LeaderElection (LeaderElection.java:logAndReturn(56)) - 4cc44201-a597-43af-a4ec-5b1b407a6250@group-83984122B78E-LeaderElection29: Election PASSED; received 2 response(s) [4cc44201-a597-43af-a4ec-5b1b407a6250<-4f16e274-8663-4a15-9c4c-c81f650ab979#0:FAIL-t8, 4cc44201-a597-43af-a4ec-5b1b407a6250<-f26e10ed-fb17-49e6-a903-eadc130d13d1#0:OK-t8] and 0 exception(s); 4cc44201-a597-43af-a4ec-5b1b407a6250@group-83984122B78E:t8, leader=null, voted=4cc44201-a597-43af-a4ec-5b1b407a6250, raftlog=4cc44201-a597-43af-a4ec-5b1b407a6250@group-83984122B78E-SegmentedRaftLog:OPENED:c-1,f-1,i0, conf=-1: [4f16e274-8663-4a15-9c4c-c81f650ab979:192.168.157.220:38181, 4cc44201-a597-43af-a4ec-5b1b407a6250:192.168.157.220:36685, f26e10ed-fb17-49e6-a903-eadc130d13d1:192.168.157.220:32806], old=null
2019-10-30 11:52:32,908 [4cc44201-a597-43af-a4ec-5b1b407a6250@group-83984122B78E-LeaderElection29] INFO  impl.RoleInfo (RoleInfo.java:shutdownLeaderElection(134)) - 4cc44201-a597-43af-a4ec-5b1b407a6250: shutdown LeaderElection
2019-10-30 11:52:32,908 [4cc44201-a597-43af-a4ec-5b1b407a6250@group-83984122B78E-LeaderElection29] INFO  impl.RaftServerImpl (RaftServerImpl.java:setRole(184)) - 4cc44201-a597-43af-a4ec-5b1b407a6250@group-83984122B78E: changes role from CANDIDATE to LEADER at term 8 for changeToLeader
2019-10-30 11:52:32,908 [4cc44201-a597-43af-a4ec-5b1b407a6250@group-83984122B78E-LeaderElection29] INFO  impl.RaftServerImpl (ServerState.java:setLeader(256)) - 4cc44201-a597-43af-a4ec-5b1b407a6250@group-83984122B78E: change Leader from null to 4cc44201-a597-43af-a4ec-5b1b407a6250 at term 8 for becomeLeader, leader elected after 1244ms
2019-10-30 11:52:32,909 [4cc44201-a597-43af-a4ec-5b1b407a6250@group-83984122B78E-LeaderElection29] INFO  server.RaftServerConfigKeys (ConfUtils.java:logGet(43)) - raft.server.staging.catchup.gap = 1000 (default)
2019-10-30 11:52:32,909 [4cc44201-a597-43af-a4ec-5b1b407a6250@group-83984122B78E-LeaderElection29] INFO  server.RaftServerConfigKeys (ConfUtils.java:logGet(43)) - raft.server.rpc.sleep.time = 25ms (default)
2019-10-30 11:52:32,909 [4cc44201-a597-43af-a4ec-5b1b407a6250@group-83984122B78E-LeaderElection29] INFO  server.RaftServerConfigKeys (ConfUtils.java:logGet(43)) - raft.server.write.element-limit = 4096 (default)
2019-10-30 11:52:32,909 [4cc44201-a597-43af-a4ec-5b1b407a6250@group-83984122B78E-LeaderElection29] INFO  server.RaftServerConfigKeys (ConfUtils.java:logGet(43)) - raft.server.watch.timeout = 10s (default)
2019-10-30 11:52:32,909 [4cc44201-a597-43af-a4ec-5b1b407a6250@group-83984122B78E-LeaderElection29] INFO  server.RaftServerConfigKeys (ConfUtils.java:logGet(43)) - raft.server.watch.timeout.denomination = 1s (default)
2019-10-30 11:52:32,909 [4cc44201-a597-43af-a4ec-5b1b407a6250@group-83984122B78E-LeaderElection29] INFO  server.RaftServerConfigKeys (ConfUtils.java:logGet(43)) - raft.server.watch.element-limit = 65536 (default)
2019-10-30 11:52:32,910 [9dbd5372-55c2-4532-b354-9494d3d545d2@group-F367C8FA5986-LeaderElection28] INFO  impl.LeaderElection (LeaderElection.java:logAndReturn(56)) - 9dbd5372-55c2-4532-b354-9494d3d545d2@group-F367C8FA5986-LeaderElection28: Election REJECTED; received 2 response(s) [9dbd5372-55c2-4532-b354-9494d3d545d2<-9b3ef6c9-0245-4756-bf80-45d41f7a4453#0:FAIL-t8, 9dbd5372-55c2-4532-b354-9494d3d545d2<-cd11b2f5-3187-4d03-bd60-931991550c17#0:FAIL-t8] and 0 exception(s); 9dbd5372-55c2-4532-b354-9494d3d545d2@group-F367C8FA5986:t8, leader=null, voted=9dbd5372-55c2-4532-b354-9494d3d545d2, raftlog=9dbd5372-55c2-4532-b354-9494d3d545d2@group-F367C8FA5986-SegmentedRaftLog:OPENED:c-1,f-1,i0, conf=-1: [9b3ef6c9-0245-4756-bf80-45d41f7a4453:192.168.157.220:37058, cd11b2f5-3187-4d03-bd60-931991550c17:192.168.157.220:43236, 9dbd5372-55c2-4532-b354-9494d3d545d2:192.168.157.220:42993], old=null
2019-10-30 11:52:32,912 [9dbd5372-55c2-4532-b354-9494d3d545d2@group-F367C8FA5986-LeaderElection28] INFO  impl.RaftServerImpl (RaftServerImpl.java:setRole(184)) - 9dbd5372-55c2-4532-b354-9494d3d545d2@group-F367C8FA5986: changes role from CANDIDATE to FOLLOWER at term 8 for DISCOVERED_A_NEW_TERM
2019-10-30 11:52:32,912 [9dbd5372-55c2-4532-b354-9494d3d545d2@group-F367C8FA5986-LeaderElection28] INFO  impl.RoleInfo (RoleInfo.java:shutdownLeaderElection(134)) - 9dbd5372-55c2-4532-b354-9494d3d545d2: shutdown LeaderElection
2019-10-30 11:52:32,912 [9dbd5372-55c2-4532-b354-9494d3d545d2@group-F367C8FA5986-LeaderElection28] INFO  impl.RoleInfo (RoleInfo.java:updateAndGet(143)) - 9dbd5372-55c2-4532-b354-9494d3d545d2: start FollowerState
2019-10-30 11:52:32,914 [4cc44201-a597-43af-a4ec-5b1b407a6250@group-83984122B78E-LeaderElection29] INFO  server.RaftServerConfigKeys (ConfUtils.java:logGet(43)) - raft.server.log.appender.snapshot.chunk.size.max = 16MB (=16777216) (default)
2019-10-30 11:52:32,916 [4cc44201-a597-43af-a4ec-5b1b407a6250@group-83984122B78E-LeaderElection29] INFO  server.RaftServerConfigKeys (ConfUtils.java:logGet(43)) - raft.server.log.appender.buffer.byte-limit = 33554432 (custom)
2019-10-30 11:52:32,916 [4cc44201-a597-43af-a4ec-5b1b407a6250@group-83984122B78E-LeaderElection29] INFO  server.RaftServerConfigKeys (ConfUtils.java:logGet(43)) - raft.server.log.appender.buffer.element-limit = 1 (custom)
2019-10-30 11:52:32,916 [4cc44201-a597-43af-a4ec-5b1b407a6250@group-83984122B78E-LeaderElection29] INFO  grpc.GrpcConfigKeys$Server (ConfUtils.java:logGet(43)) - raft.grpc.server.leader.outstanding.appends.max = 128 (default)
2019-10-30 11:52:32,916 [4cc44201-a597-43af-a4ec-5b1b407a6250@group-83984122B78E-LeaderElection29] INFO  server.RaftServerConfigKeys (ConfUtils.java:logGet(43)) - raft.server.rpc.request.timeout = 3000ms (default)
2019-10-30 11:52:32,916 [4cc44201-a597-43af-a4ec-5b1b407a6250@group-83984122B78E-LeaderElection29] INFO  server.RaftServerConfigKeys (ConfUtils.java:logGet(43)) - raft.server.log.appender.install.snapshot.enabled = false (custom)
2019-10-30 11:52:32,918 [4cc44201-a597-43af-a4ec-5b1b407a6250@group-83984122B78E-LeaderElection29] INFO  server.RaftServerConfigKeys (ConfUtils.java:logGet(43)) - raft.server.log.appender.snapshot.chunk.size.max = 16MB (=16777216) (default)
2019-10-30 11:52:32,918 [4cc44201-a597-43af-a4ec-5b1b407a6250@group-83984122B78E-LeaderElection29] INFO  server.RaftServerConfigKeys (ConfUtils.java:logGet(43)) - raft.server.log.appender.buffer.byte-limit = 33554432 (custom)
2019-10-30 11:52:32,919 [4cc44201-a597-43af-a4ec-5b1b407a6250@group-83984122B78E-LeaderElection29] INFO  server.RaftServerConfigKeys (ConfUtils.java:logGet(43)) - raft.server.log.appender.buffer.element-limit = 1 (custom)
2019-10-30 11:52:32,919 [4cc44201-a597-43af-a4ec-5b1b407a6250@group-83984122B78E-LeaderElection29] INFO  grpc.GrpcConfigKeys$Server (ConfUtils.java:logGet(43)) - raft.grpc.server.leader.outstanding.appends.max = 128 (default)
2019-10-30 11:52:32,919 [4cc44201-a597-43af-a4ec-5b1b407a6250@group-83984122B78E-LeaderElection29] INFO  server.RaftServerConfigKeys (ConfUtils.java:logGet(43)) - raft.server.rpc.request.timeout = 3000ms (default)
2019-10-30 11:52:32,919 [4cc44201-a597-43af-a4ec-5b1b407a6250@group-83984122B78E-LeaderElection29] INFO  server.RaftServerConfigKeys (ConfUtils.java:logGet(43)) - raft.server.log.appender.install.snapshot.enabled = false (custom)
2019-10-30 11:52:32,921 [4cc44201-a597-43af-a4ec-5b1b407a6250@group-83984122B78E-LeaderElection29] INFO  impl.RoleInfo (RoleInfo.java:updateAndGet(143)) - 4cc44201-a597-43af-a4ec-5b1b407a6250: start LeaderState
2019-10-30 11:52:32,921 [4cc44201-a597-43af-a4ec-5b1b407a6250@group-83984122B78E-LeaderElection29] INFO  segmented.SegmentedRaftLogWorker (SegmentedRaftLogWorker.java:startLogSegment(385)) - 4cc44201-a597-43af-a4ec-5b1b407a6250@group-83984122B78E-SegmentedRaftLogWorker: Starting segment from index:0
2019-10-30 11:52:32,922 [4cc44201-a597-43af-a4ec-5b1b407a6250@group-83984122B78E-LeaderElection29] INFO  impl.RaftServerImpl (ServerState.java:setRaftConf(357)) - 4cc44201-a597-43af-a4ec-5b1b407a6250@group-83984122B78E: set configuration 0: [4f16e274-8663-4a15-9c4c-c81f650ab979:192.168.157.220:38181, 4cc44201-a597-43af-a4ec-5b1b407a6250:192.168.157.220:36685, f26e10ed-fb17-49e6-a903-eadc130d13d1:192.168.157.220:32806], old=null at 0
2019-10-30 11:52:32,923 [Thread-283] INFO  container.ReplicationManager (ReplicationManager.java:start(162)) - Starting Replication Monitor Thread.
2019-10-30 11:52:32,925 [grpc-default-executor-0] INFO  impl.RaftServerImpl (ServerState.java:setLeader(256)) - 4f16e274-8663-4a15-9c4c-c81f650ab979@group-83984122B78E: change Leader from null to 4cc44201-a597-43af-a4ec-5b1b407a6250 at term 8 for appendEntries, leader elected after 730ms
2019-10-30 11:52:32,925 [f26e10ed-fb17-49e6-a903-eadc130d13d1@group-83984122B78E-LeaderElection30] INFO  impl.LeaderElection (LeaderElection.java:askForVotes(178)) - f26e10ed-fb17-49e6-a903-eadc130d13d1@group-83984122B78E-LeaderElection30: begin an election at term 9 for -1: [4f16e274-8663-4a15-9c4c-c81f650ab979:192.168.157.220:38181, 4cc44201-a597-43af-a4ec-5b1b407a6250:192.168.157.220:36685, f26e10ed-fb17-49e6-a903-eadc130d13d1:192.168.157.220:32806], old=null
2019-10-30 11:52:32,926 [ReplicationMonitor] INFO  container.ReplicationManager (ReplicationManager.java:run(225)) - Replication Monitor Thread took 0 milliseconds for processing 0 containers.
2019-10-30 11:52:32,927 [Thread-505] INFO  impl.RaftServerImpl (ServerState.java:setLeader(256)) - 4cc44201-a597-43af-a4ec-5b1b407a6250@group-83984122B78E: change Leader from 4cc44201-a597-43af-a4ec-5b1b407a6250 to null at term 9 for updateCurrentTerm
2019-10-30 11:52:32,927 [Thread-505] INFO  impl.RaftServerImpl (RaftServerImpl.java:setRole(184)) - 4cc44201-a597-43af-a4ec-5b1b407a6250@group-83984122B78E: changes role from    LEADER to FOLLOWER at term 9 for stepDown
2019-10-30 11:52:32,927 [Thread-505] INFO  impl.RoleInfo (RoleInfo.java:shutdownLeaderState(104)) - 4cc44201-a597-43af-a4ec-5b1b407a6250: shutdown LeaderState
2019-10-30 11:52:32,929 [grpc-default-executor-4] INFO  impl.RaftServerImpl (ServerState.java:setLeader(256)) - 4f16e274-8663-4a15-9c4c-c81f650ab979@group-83984122B78E: change Leader from 4cc44201-a597-43af-a4ec-5b1b407a6250 to null at term 9 for updateCurrentTerm
2019-10-30 11:52:32,929 [grpc-default-executor-4] INFO  impl.RaftServerImpl (RaftServerImpl.java:setRole(184)) - 4f16e274-8663-4a15-9c4c-c81f650ab979@group-83984122B78E: changes role from  FOLLOWER to FOLLOWER at term 9 for recognizeCandidate:f26e10ed-fb17-49e6-a903-eadc130d13d1
2019-10-30 11:52:32,929 [grpc-default-executor-4] INFO  impl.RoleInfo (RoleInfo.java:shutdownFollowerState(121)) - 4f16e274-8663-4a15-9c4c-c81f650ab979: shutdown FollowerState
2019-10-30 11:52:32,950 [grpc-default-executor-4] INFO  impl.RoleInfo (RoleInfo.java:updateAndGet(143)) - 4f16e274-8663-4a15-9c4c-c81f650ab979: start FollowerState
2019-10-30 11:52:32,958 [org.apache.ratis.server.impl.LogAppender$AppenderDaemon$$Lambda$420/1739398863@66b0eefd] WARN  server.GrpcLogAppender (GrpcLogAppender.java:mayWait(149)) - 4cc44201-a597-43af-a4ec-5b1b407a6250@group-83984122B78E->f26e10ed-fb17-49e6-a903-eadc130d13d1-GrpcLogAppender: Wait interrupted by java.lang.InterruptedException
2019-10-30 11:52:32,958 [Thread-505] INFO  impl.PendingRequests (PendingRequests.java:sendNotLeaderResponses(202)) - 4cc44201-a597-43af-a4ec-5b1b407a6250@group-83984122B78E-PendingRequests: sendNotLeaderResponses
2019-10-30 11:52:32,958 [Thread-505] INFO  impl.RoleInfo (RoleInfo.java:updateAndGet(143)) - 4cc44201-a597-43af-a4ec-5b1b407a6250: start FollowerState
2019-10-30 11:52:32,961 [Thread-502] INFO  impl.FollowerState (FollowerState.java:run(117)) - 4f16e274-8663-4a15-9c4c-c81f650ab979@group-83984122B78E-FollowerState was interrupted: java.lang.InterruptedException: sleep interrupted
2019-10-30 11:52:32,964 [org.apache.ratis.server.impl.LogAppender$AppenderDaemon$$Lambda$420/1739398863@572d7bb8] WARN  server.GrpcLogAppender (GrpcLogAppender.java:mayWait(149)) - 4cc44201-a597-43af-a4ec-5b1b407a6250@group-83984122B78E->4f16e274-8663-4a15-9c4c-c81f650ab979-GrpcLogAppender: Wait interrupted by java.lang.InterruptedException
2019-10-30 11:52:32,964 [grpc-default-executor-1] INFO  server.GrpcServerProtocolService (GrpcServerProtocolService.java:onCompleted(113)) - 4f16e274-8663-4a15-9c4c-c81f650ab979: Completed APPEND_ENTRIES, lastRequest: 4cc44201-a597-43af-a4ec-5b1b407a6250->4f16e274-8663-4a15-9c4c-c81f650ab979#0-t8, previous=(t:0, i:0), leaderCommit=-1, initializing? false, entries: <empty>
2019-10-30 11:52:32,965 [grpc-default-executor-0] INFO  server.GrpcServerProtocolService (GrpcServerProtocolService.java:onCompleted(113)) - f26e10ed-fb17-49e6-a903-eadc130d13d1: Completed APPEND_ENTRIES, lastRequest: 4cc44201-a597-43af-a4ec-5b1b407a6250->f26e10ed-fb17-49e6-a903-eadc130d13d1#1-t8, previous=(t:0, i:0), leaderCommit=-1, initializing? false, entries: size=1, first=(t:8, i:0), CONFIGURATIONENTRY
2019-10-30 11:52:32,965 [grpc-default-executor-0] INFO  server.GrpcLogAppender (GrpcLogAppender.java:onCompleted(308)) - 4cc44201-a597-43af-a4ec-5b1b407a6250@group-83984122B78E->4f16e274-8663-4a15-9c4c-c81f650ab979-AppendLogResponseHandler: follower responses appendEntries COMPLETED
2019-10-30 11:52:32,967 [grpc-default-executor-0] INFO  impl.FollowerInfo (FollowerInfo.java:lambda$new$0(51)) - 4cc44201-a597-43af-a4ec-5b1b407a6250@group-83984122B78E->4f16e274-8663-4a15-9c4c-c81f650ab979: nextIndex: updateUnconditionally 0 -> 0
2019-10-30 11:52:32,970 [main] INFO  rpc.RpcClient (RpcClient.java:createVolume(272)) - Creating Volume: datanodefailurehandlingtest, with jenkins1000 as owner.
2019-10-30 11:52:32,971 [4cc44201-a597-43af-a4ec-5b1b407a6250@group-83984122B78E-SegmentedRaftLogWorker] INFO  segmented.SegmentedRaftLogWorker (SegmentedRaftLogWorker.java:execute(576)) - 4cc44201-a597-43af-a4ec-5b1b407a6250@group-83984122B78E-SegmentedRaftLogWorker: created new log segment /workdir/hadoop-ozone/integration-test/target/test-dir/MiniOzoneClusterImpl-aaf233b5-8021-4449-9df2-227d87d78376/datanode-7/data/ratis/14ac5ef5-3303-4585-9824-83984122b78e/current/log_inprogress_0
2019-10-30 11:52:32,974 [grpc-default-executor-9] INFO  impl.RaftServerImpl (RaftServerImpl.java:setRole(184)) - 4cc44201-a597-43af-a4ec-5b1b407a6250@group-83984122B78E: changes role from  FOLLOWER to FOLLOWER at term 9 for recognizeCandidate:f26e10ed-fb17-49e6-a903-eadc130d13d1
2019-10-30 11:52:32,974 [grpc-default-executor-9] INFO  impl.RoleInfo (RoleInfo.java:shutdownFollowerState(121)) - 4cc44201-a597-43af-a4ec-5b1b407a6250: shutdown FollowerState
2019-10-30 11:52:32,974 [Thread-517] INFO  impl.FollowerState (FollowerState.java:run(117)) - 4cc44201-a597-43af-a4ec-5b1b407a6250@group-83984122B78E-FollowerState was interrupted: java.lang.InterruptedException: sleep interrupted
2019-10-30 11:52:32,974 [grpc-default-executor-9] INFO  impl.RoleInfo (RoleInfo.java:updateAndGet(143)) - 4cc44201-a597-43af-a4ec-5b1b407a6250: start FollowerState
2019-10-30 11:52:32,975 [grpc-default-executor-8] INFO  server.GrpcLogAppender (GrpcLogAppender.java:onCompleted(308)) - 4cc44201-a597-43af-a4ec-5b1b407a6250@group-83984122B78E->f26e10ed-fb17-49e6-a903-eadc130d13d1-AppendLogResponseHandler: follower responses appendEntries COMPLETED
2019-10-30 11:52:32,979 [grpc-default-executor-8] INFO  impl.FollowerInfo (FollowerInfo.java:lambda$new$0(51)) - 4cc44201-a597-43af-a4ec-5b1b407a6250@group-83984122B78E->f26e10ed-fb17-49e6-a903-eadc130d13d1: nextIndex: updateUnconditionally 1 -> 0
2019-10-30 11:52:32,982 [f26e10ed-fb17-49e6-a903-eadc130d13d1@group-83984122B78E-LeaderElection30] INFO  impl.LeaderElection (LeaderElection.java:logAndReturn(56)) - f26e10ed-fb17-49e6-a903-eadc130d13d1@group-83984122B78E-LeaderElection30: Election REJECTED; received 2 response(s) [f26e10ed-fb17-49e6-a903-eadc130d13d1<-4f16e274-8663-4a15-9c4c-c81f650ab979#0:FAIL-t9, f26e10ed-fb17-49e6-a903-eadc130d13d1<-4cc44201-a597-43af-a4ec-5b1b407a6250#0:FAIL-t9] and 0 exception(s); f26e10ed-fb17-49e6-a903-eadc130d13d1@group-83984122B78E:t9, leader=null, voted=f26e10ed-fb17-49e6-a903-eadc130d13d1, raftlog=f26e10ed-fb17-49e6-a903-eadc130d13d1@group-83984122B78E-SegmentedRaftLog:OPENED:c-1,f-1,i0, conf=-1: [4f16e274-8663-4a15-9c4c-c81f650ab979:192.168.157.220:38181, 4cc44201-a597-43af-a4ec-5b1b407a6250:192.168.157.220:36685, f26e10ed-fb17-49e6-a903-eadc130d13d1:192.168.157.220:32806], old=null
2019-10-30 11:52:32,983 [f26e10ed-fb17-49e6-a903-eadc130d13d1@group-83984122B78E-LeaderElection30] INFO  impl.RaftServerImpl (RaftServerImpl.java:setRole(184)) - f26e10ed-fb17-49e6-a903-eadc130d13d1@group-83984122B78E: changes role from CANDIDATE to FOLLOWER at term 9 for DISCOVERED_A_NEW_TERM
2019-10-30 11:52:32,983 [f26e10ed-fb17-49e6-a903-eadc130d13d1@group-83984122B78E-LeaderElection30] INFO  impl.RoleInfo (RoleInfo.java:shutdownLeaderElection(134)) - f26e10ed-fb17-49e6-a903-eadc130d13d1: shutdown LeaderElection
2019-10-30 11:52:32,983 [f26e10ed-fb17-49e6-a903-eadc130d13d1@group-83984122B78E-LeaderElection30] INFO  impl.RoleInfo (RoleInfo.java:updateAndGet(143)) - f26e10ed-fb17-49e6-a903-eadc130d13d1: start FollowerState
2019-10-30 11:52:33,038 [Thread-519] INFO  impl.FollowerState (FollowerState.java:run(108)) - f26e10ed-fb17-49e6-a903-eadc130d13d1@group-83984122B78E-FollowerState: change to CANDIDATE, lastRpcTime:55ms, electionTimeout:55ms
2019-10-30 11:52:33,041 [Thread-519] INFO  impl.RoleInfo (RoleInfo.java:shutdownFollowerState(121)) - f26e10ed-fb17-49e6-a903-eadc130d13d1: shutdown FollowerState
2019-10-30 11:52:33,041 [Thread-519] INFO  impl.RaftServerImpl (RaftServerImpl.java:setRole(184)) - f26e10ed-fb17-49e6-a903-eadc130d13d1@group-83984122B78E: changes role from  FOLLOWER to CANDIDATE at term 9 for changeToCandidate
2019-10-30 11:52:33,041 [Thread-519] INFO  impl.RoleInfo (RoleInfo.java:updateAndGet(143)) - f26e10ed-fb17-49e6-a903-eadc130d13d1: start LeaderElection
2019-10-30 11:52:33,048 [Thread-506] INFO  impl.FollowerState (FollowerState.java:run(108)) - 9dbd5372-55c2-4532-b354-9494d3d545d2@group-F367C8FA5986-FollowerState: change to CANDIDATE, lastRpcTime:135ms, electionTimeout:132ms
2019-10-30 11:52:33,048 [Thread-506] INFO  impl.RoleInfo (RoleInfo.java:shutdownFollowerState(121)) - 9dbd5372-55c2-4532-b354-9494d3d545d2: shutdown FollowerState
2019-10-30 11:52:33,048 [Thread-506] INFO  impl.RaftServerImpl (RaftServerImpl.java:setRole(184)) - 9dbd5372-55c2-4532-b354-9494d3d545d2@group-F367C8FA5986: changes role from  FOLLOWER to CANDIDATE at term 8 for changeToCandidate
2019-10-30 11:52:33,048 [Thread-506] INFO  impl.RoleInfo (RoleInfo.java:updateAndGet(143)) - 9dbd5372-55c2-4532-b354-9494d3d545d2: start LeaderElection
2019-10-30 11:52:33,052 [f26e10ed-fb17-49e6-a903-eadc130d13d1@group-83984122B78E-LeaderElection31] INFO  impl.LeaderElection (LeaderElection.java:askForVotes(178)) - f26e10ed-fb17-49e6-a903-eadc130d13d1@group-83984122B78E-LeaderElection31: begin an election at term 10 for -1: [4f16e274-8663-4a15-9c4c-c81f650ab979:192.168.157.220:38181, 4cc44201-a597-43af-a4ec-5b1b407a6250:192.168.157.220:36685, f26e10ed-fb17-49e6-a903-eadc130d13d1:192.168.157.220:32806], old=null
2019-10-30 11:52:33,060 [grpc-default-executor-8] INFO  impl.RaftServerImpl (RaftServerImpl.java:setRole(184)) - 4f16e274-8663-4a15-9c4c-c81f650ab979@group-83984122B78E: changes role from  FOLLOWER to FOLLOWER at term 10 for recognizeCandidate:f26e10ed-fb17-49e6-a903-eadc130d13d1
2019-10-30 11:52:33,060 [grpc-default-executor-8] INFO  impl.RoleInfo (RoleInfo.java:shutdownFollowerState(121)) - 4f16e274-8663-4a15-9c4c-c81f650ab979: shutdown FollowerState
2019-10-30 11:52:33,060 [grpc-default-executor-8] INFO  impl.RoleInfo (RoleInfo.java:updateAndGet(143)) - 4f16e274-8663-4a15-9c4c-c81f650ab979: start FollowerState
2019-10-30 11:52:33,060 [Thread-515] INFO  impl.FollowerState (FollowerState.java:run(117)) - 4f16e274-8663-4a15-9c4c-c81f650ab979@group-83984122B78E-FollowerState was interrupted: java.lang.InterruptedException: sleep interrupted
2019-10-30 11:52:33,062 [grpc-default-executor-9] INFO  impl.RaftServerImpl (RaftServerImpl.java:setRole(184)) - 4cc44201-a597-43af-a4ec-5b1b407a6250@group-83984122B78E: changes role from  FOLLOWER to FOLLOWER at term 10 for recognizeCandidate:f26e10ed-fb17-49e6-a903-eadc130d13d1
2019-10-30 11:52:33,062 [grpc-default-executor-9] INFO  impl.RoleInfo (RoleInfo.java:shutdownFollowerState(121)) - 4cc44201-a597-43af-a4ec-5b1b407a6250: shutdown FollowerState
2019-10-30 11:52:33,062 [grpc-default-executor-9] INFO  impl.RoleInfo (RoleInfo.java:updateAndGet(143)) - 4cc44201-a597-43af-a4ec-5b1b407a6250: start FollowerState
2019-10-30 11:52:33,063 [Thread-518] INFO  impl.FollowerState (FollowerState.java:run(117)) - 4cc44201-a597-43af-a4ec-5b1b407a6250@group-83984122B78E-FollowerState was interrupted: java.lang.InterruptedException: sleep interrupted
2019-10-30 11:52:33,072 [9dbd5372-55c2-4532-b354-9494d3d545d2@group-F367C8FA5986-LeaderElection32] INFO  impl.LeaderElection (LeaderElection.java:askForVotes(178)) - 9dbd5372-55c2-4532-b354-9494d3d545d2@group-F367C8FA5986-LeaderElection32: begin an election at term 9 for -1: [9b3ef6c9-0245-4756-bf80-45d41f7a4453:192.168.157.220:37058, cd11b2f5-3187-4d03-bd60-931991550c17:192.168.157.220:43236, 9dbd5372-55c2-4532-b354-9494d3d545d2:192.168.157.220:42993], old=null
2019-10-30 11:52:33,073 [IPC Server handler 9 on 39519] INFO  volume.OMVolumeCreateRequest (OMVolumeCreateRequest.java:validateAndUpdateCache(193)) - created volume:datanodefailurehandlingtest for user:jenkins1000
2019-10-30 11:52:33,084 [grpc-default-executor-9] INFO  impl.RaftServerImpl (RaftServerImpl.java:setRole(184)) - 9b3ef6c9-0245-4756-bf80-45d41f7a4453@group-F367C8FA5986: changes role from  FOLLOWER to FOLLOWER at term 9 for recognizeCandidate:9dbd5372-55c2-4532-b354-9494d3d545d2
2019-10-30 11:52:33,084 [grpc-default-executor-9] INFO  impl.RoleInfo (RoleInfo.java:shutdownFollowerState(121)) - 9b3ef6c9-0245-4756-bf80-45d41f7a4453: shutdown FollowerState
2019-10-30 11:52:33,084 [grpc-default-executor-4] INFO  impl.RaftServerImpl (RaftServerImpl.java:setRole(184)) - cd11b2f5-3187-4d03-bd60-931991550c17@group-F367C8FA5986: changes role from  FOLLOWER to FOLLOWER at term 9 for recognizeCandidate:9dbd5372-55c2-4532-b354-9494d3d545d2
2019-10-30 11:52:33,084 [grpc-default-executor-4] INFO  impl.RoleInfo (RoleInfo.java:shutdownFollowerState(121)) - cd11b2f5-3187-4d03-bd60-931991550c17: shutdown FollowerState
2019-10-30 11:52:33,085 [grpc-default-executor-4] INFO  impl.RoleInfo (RoleInfo.java:updateAndGet(143)) - cd11b2f5-3187-4d03-bd60-931991550c17: start FollowerState
2019-10-30 11:52:33,085 [Thread-503] INFO  impl.FollowerState (FollowerState.java:run(117)) - cd11b2f5-3187-4d03-bd60-931991550c17@group-F367C8FA5986-FollowerState was interrupted: java.lang.InterruptedException: sleep interrupted
2019-10-30 11:52:33,085 [Thread-500] INFO  impl.FollowerState (FollowerState.java:run(117)) - 9b3ef6c9-0245-4756-bf80-45d41f7a4453@group-F367C8FA5986-FollowerState was interrupted: java.lang.InterruptedException: sleep interrupted
2019-10-30 11:52:33,089 [f26e10ed-fb17-49e6-a903-eadc130d13d1@group-83984122B78E-LeaderElection31] INFO  impl.LeaderElection (LeaderElection.java:logAndReturn(56)) - f26e10ed-fb17-49e6-a903-eadc130d13d1@group-83984122B78E-LeaderElection31: Election REJECTED; received 2 response(s) [f26e10ed-fb17-49e6-a903-eadc130d13d1<-4f16e274-8663-4a15-9c4c-c81f650ab979#0:FAIL-t10, f26e10ed-fb17-49e6-a903-eadc130d13d1<-4cc44201-a597-43af-a4ec-5b1b407a6250#0:FAIL-t10] and 0 exception(s); f26e10ed-fb17-49e6-a903-eadc130d13d1@group-83984122B78E:t10, leader=null, voted=f26e10ed-fb17-49e6-a903-eadc130d13d1, raftlog=f26e10ed-fb17-49e6-a903-eadc130d13d1@group-83984122B78E-SegmentedRaftLog:OPENED:c-1,f-1,i0, conf=-1: [4f16e274-8663-4a15-9c4c-c81f650ab979:192.168.157.220:38181, 4cc44201-a597-43af-a4ec-5b1b407a6250:192.168.157.220:36685, f26e10ed-fb17-49e6-a903-eadc130d13d1:192.168.157.220:32806], old=null
2019-10-30 11:52:33,092 [grpc-default-executor-9] INFO  impl.RoleInfo (RoleInfo.java:updateAndGet(143)) - 9b3ef6c9-0245-4756-bf80-45d41f7a4453: start FollowerState
2019-10-30 11:52:33,094 [f26e10ed-fb17-49e6-a903-eadc130d13d1@group-83984122B78E-LeaderElection31] INFO  impl.RaftServerImpl (RaftServerImpl.java:setRole(184)) - f26e10ed-fb17-49e6-a903-eadc130d13d1@group-83984122B78E: changes role from CANDIDATE to FOLLOWER at term 10 for DISCOVERED_A_NEW_TERM
2019-10-30 11:52:33,108 [f26e10ed-fb17-49e6-a903-eadc130d13d1@group-83984122B78E-LeaderElection31] INFO  impl.RoleInfo (RoleInfo.java:shutdownLeaderElection(134)) - f26e10ed-fb17-49e6-a903-eadc130d13d1: shutdown LeaderElection
2019-10-30 11:52:33,108 [f26e10ed-fb17-49e6-a903-eadc130d13d1@group-83984122B78E-LeaderElection31] INFO  impl.RoleInfo (RoleInfo.java:updateAndGet(143)) - f26e10ed-fb17-49e6-a903-eadc130d13d1: start FollowerState
2019-10-30 11:52:33,133 [9dbd5372-55c2-4532-b354-9494d3d545d2@group-F367C8FA5986-LeaderElection32] INFO  impl.LeaderElection (LeaderElection.java:logAndReturn(56)) - 9dbd5372-55c2-4532-b354-9494d3d545d2@group-F367C8FA5986-LeaderElection32: Election REJECTED; received 2 response(s) [9dbd5372-55c2-4532-b354-9494d3d545d2<-9b3ef6c9-0245-4756-bf80-45d41f7a4453#0:FAIL-t9, 9dbd5372-55c2-4532-b354-9494d3d545d2<-cd11b2f5-3187-4d03-bd60-931991550c17#0:FAIL-t9] and 0 exception(s); 9dbd5372-55c2-4532-b354-9494d3d545d2@group-F367C8FA5986:t9, leader=null, voted=9dbd5372-55c2-4532-b354-9494d3d545d2, raftlog=9dbd5372-55c2-4532-b354-9494d3d545d2@group-F367C8FA5986-SegmentedRaftLog:OPENED:c-1,f-1,i0, conf=-1: [9b3ef6c9-0245-4756-bf80-45d41f7a4453:192.168.157.220:37058, cd11b2f5-3187-4d03-bd60-931991550c17:192.168.157.220:43236, 9dbd5372-55c2-4532-b354-9494d3d545d2:192.168.157.220:42993], old=null
2019-10-30 11:52:33,134 [9dbd5372-55c2-4532-b354-9494d3d545d2@group-F367C8FA5986-LeaderElection32] INFO  impl.RaftServerImpl (RaftServerImpl.java:setRole(184)) - 9dbd5372-55c2-4532-b354-9494d3d545d2@group-F367C8FA5986: changes role from CANDIDATE to FOLLOWER at term 9 for DISCOVERED_A_NEW_TERM
2019-10-30 11:52:33,134 [9dbd5372-55c2-4532-b354-9494d3d545d2@group-F367C8FA5986-LeaderElection32] INFO  impl.RoleInfo (RoleInfo.java:shutdownLeaderElection(134)) - 9dbd5372-55c2-4532-b354-9494d3d545d2: shutdown LeaderElection
2019-10-30 11:52:33,134 [9dbd5372-55c2-4532-b354-9494d3d545d2@group-F367C8FA5986-LeaderElection32] INFO  impl.RoleInfo (RoleInfo.java:updateAndGet(143)) - 9dbd5372-55c2-4532-b354-9494d3d545d2: start FollowerState
2019-10-30 11:52:33,138 [main] INFO  rpc.RpcClient (RpcClient.java:createBucket(411)) - Creating Bucket: datanodefailurehandlingtest/datanodefailurehandlingtest, with Versioning false and Storage Type set to DISK and Encryption set to false 
2019-10-30 11:52:33,228 [Thread-531] INFO  impl.FollowerState (FollowerState.java:run(108)) - 9dbd5372-55c2-4532-b354-9494d3d545d2@group-F367C8FA5986-FollowerState: change to CANDIDATE, lastRpcTime:93ms, electionTimeout:93ms
2019-10-30 11:52:33,228 [Thread-531] INFO  impl.RoleInfo (RoleInfo.java:shutdownFollowerState(121)) - 9dbd5372-55c2-4532-b354-9494d3d545d2: shutdown FollowerState
2019-10-30 11:52:33,228 [Thread-531] INFO  impl.RaftServerImpl (RaftServerImpl.java:setRole(184)) - 9dbd5372-55c2-4532-b354-9494d3d545d2@group-F367C8FA5986: changes role from  FOLLOWER to CANDIDATE at term 9 for changeToCandidate
2019-10-30 11:52:33,228 [Thread-531] INFO  impl.RoleInfo (RoleInfo.java:updateAndGet(143)) - 9dbd5372-55c2-4532-b354-9494d3d545d2: start LeaderElection
2019-10-30 11:52:33,230 [Thread-530] INFO  impl.FollowerState (FollowerState.java:run(108)) - f26e10ed-fb17-49e6-a903-eadc130d13d1@group-83984122B78E-FollowerState: change to CANDIDATE, lastRpcTime:121ms, electionTimeout:108ms
2019-10-30 11:52:33,230 [Thread-530] INFO  impl.RoleInfo (RoleInfo.java:shutdownFollowerState(121)) - f26e10ed-fb17-49e6-a903-eadc130d13d1: shutdown FollowerState
2019-10-30 11:52:33,230 [Thread-530] INFO  impl.RaftServerImpl (RaftServerImpl.java:setRole(184)) - f26e10ed-fb17-49e6-a903-eadc130d13d1@group-83984122B78E: changes role from  FOLLOWER to CANDIDATE at term 10 for changeToCandidate
2019-10-30 11:52:33,230 [Thread-530] INFO  impl.RoleInfo (RoleInfo.java:updateAndGet(143)) - f26e10ed-fb17-49e6-a903-eadc130d13d1: start LeaderElection
2019-10-30 11:52:33,263 [9dbd5372-55c2-4532-b354-9494d3d545d2@group-F367C8FA5986-LeaderElection33] INFO  impl.LeaderElection (LeaderElection.java:askForVotes(178)) - 9dbd5372-55c2-4532-b354-9494d3d545d2@group-F367C8FA5986-LeaderElection33: begin an election at term 10 for -1: [9b3ef6c9-0245-4756-bf80-45d41f7a4453:192.168.157.220:37058, cd11b2f5-3187-4d03-bd60-931991550c17:192.168.157.220:43236, 9dbd5372-55c2-4532-b354-9494d3d545d2:192.168.157.220:42993], old=null
2019-10-30 11:52:33,263 [f26e10ed-fb17-49e6-a903-eadc130d13d1@group-83984122B78E-LeaderElection34] INFO  impl.LeaderElection (LeaderElection.java:askForVotes(178)) - f26e10ed-fb17-49e6-a903-eadc130d13d1@group-83984122B78E-LeaderElection34: begin an election at term 11 for -1: [4f16e274-8663-4a15-9c4c-c81f650ab979:192.168.157.220:38181, 4cc44201-a597-43af-a4ec-5b1b407a6250:192.168.157.220:36685, f26e10ed-fb17-49e6-a903-eadc130d13d1:192.168.157.220:32806], old=null
2019-10-30 11:52:33,268 [grpc-default-executor-9] INFO  impl.RaftServerImpl (RaftServerImpl.java:setRole(184)) - 9b3ef6c9-0245-4756-bf80-45d41f7a4453@group-F367C8FA5986: changes role from  FOLLOWER to FOLLOWER at term 10 for recognizeCandidate:9dbd5372-55c2-4532-b354-9494d3d545d2
2019-10-30 11:52:33,268 [grpc-default-executor-9] INFO  impl.RoleInfo (RoleInfo.java:shutdownFollowerState(121)) - 9b3ef6c9-0245-4756-bf80-45d41f7a4453: shutdown FollowerState
2019-10-30 11:52:33,268 [grpc-default-executor-9] INFO  impl.RoleInfo (RoleInfo.java:updateAndGet(143)) - 9b3ef6c9-0245-4756-bf80-45d41f7a4453: start FollowerState
2019-10-30 11:52:33,269 [Thread-529] INFO  impl.FollowerState (FollowerState.java:run(117)) - 9b3ef6c9-0245-4756-bf80-45d41f7a4453@group-F367C8FA5986-FollowerState was interrupted: java.lang.InterruptedException: sleep interrupted
2019-10-30 11:52:33,269 [grpc-default-executor-4] INFO  impl.RaftServerImpl (RaftServerImpl.java:setRole(184)) - cd11b2f5-3187-4d03-bd60-931991550c17@group-F367C8FA5986: changes role from  FOLLOWER to FOLLOWER at term 10 for recognizeCandidate:9dbd5372-55c2-4532-b354-9494d3d545d2
2019-10-30 11:52:33,270 [grpc-default-executor-4] INFO  impl.RoleInfo (RoleInfo.java:shutdownFollowerState(121)) - cd11b2f5-3187-4d03-bd60-931991550c17: shutdown FollowerState
2019-10-30 11:52:33,270 [grpc-default-executor-4] INFO  impl.RoleInfo (RoleInfo.java:updateAndGet(143)) - cd11b2f5-3187-4d03-bd60-931991550c17: start FollowerState
2019-10-30 11:52:33,270 [grpc-default-executor-8] INFO  impl.RaftServerImpl (RaftServerImpl.java:setRole(184)) - 4f16e274-8663-4a15-9c4c-c81f650ab979@group-83984122B78E: changes role from  FOLLOWER to FOLLOWER at term 11 for recognizeCandidate:f26e10ed-fb17-49e6-a903-eadc130d13d1
2019-10-30 11:52:33,270 [Thread-528] INFO  impl.FollowerState (FollowerState.java:run(117)) - cd11b2f5-3187-4d03-bd60-931991550c17@group-F367C8FA5986-FollowerState was interrupted: java.lang.InterruptedException: sleep interrupted
2019-10-30 11:52:33,270 [grpc-default-executor-8] INFO  impl.RoleInfo (RoleInfo.java:shutdownFollowerState(121)) - 4f16e274-8663-4a15-9c4c-c81f650ab979: shutdown FollowerState
2019-10-30 11:52:33,271 [grpc-default-executor-0] INFO  impl.RaftServerImpl (RaftServerImpl.java:setRole(184)) - 4cc44201-a597-43af-a4ec-5b1b407a6250@group-83984122B78E: changes role from  FOLLOWER to FOLLOWER at term 11 for recognizeCandidate:f26e10ed-fb17-49e6-a903-eadc130d13d1
2019-10-30 11:52:33,271 [grpc-default-executor-0] INFO  impl.RoleInfo (RoleInfo.java:shutdownFollowerState(121)) - 4cc44201-a597-43af-a4ec-5b1b407a6250: shutdown FollowerState
2019-10-30 11:52:33,271 [grpc-default-executor-8] INFO  impl.RoleInfo (RoleInfo.java:updateAndGet(143)) - 4f16e274-8663-4a15-9c4c-c81f650ab979: start FollowerState
2019-10-30 11:52:33,272 [Thread-525] INFO  impl.FollowerState (FollowerState.java:run(117)) - 4cc44201-a597-43af-a4ec-5b1b407a6250@group-83984122B78E-FollowerState was interrupted: java.lang.InterruptedException: sleep interrupted
2019-10-30 11:52:33,272 [grpc-default-executor-0] INFO  impl.RoleInfo (RoleInfo.java:updateAndGet(143)) - 4cc44201-a597-43af-a4ec-5b1b407a6250: start FollowerState
2019-10-30 11:52:33,272 [Thread-524] INFO  impl.FollowerState (FollowerState.java:run(117)) - 4f16e274-8663-4a15-9c4c-c81f650ab979@group-83984122B78E-FollowerState was interrupted: java.lang.InterruptedException: sleep interrupted
2019-10-30 11:52:33,293 [9dbd5372-55c2-4532-b354-9494d3d545d2@group-F367C8FA5986-LeaderElection33] INFO  impl.LeaderElection (LeaderElection.java:logAndReturn(56)) - 9dbd5372-55c2-4532-b354-9494d3d545d2@group-F367C8FA5986-LeaderElection33: Election TIMEOUT; received 0 response(s) [] and 0 exception(s); 9dbd5372-55c2-4532-b354-9494d3d545d2@group-F367C8FA5986:t10, leader=null, voted=9dbd5372-55c2-4532-b354-9494d3d545d2, raftlog=9dbd5372-55c2-4532-b354-9494d3d545d2@group-F367C8FA5986-SegmentedRaftLog:OPENED:c-1,f-1,i0, conf=-1: [9b3ef6c9-0245-4756-bf80-45d41f7a4453:192.168.157.220:37058, cd11b2f5-3187-4d03-bd60-931991550c17:192.168.157.220:43236, 9dbd5372-55c2-4532-b354-9494d3d545d2:192.168.157.220:42993], old=null
2019-10-30 11:52:33,302 [9dbd5372-55c2-4532-b354-9494d3d545d2@group-F367C8FA5986-LeaderElection33] INFO  impl.LeaderElection (LeaderElection.java:askForVotes(178)) - 9dbd5372-55c2-4532-b354-9494d3d545d2@group-F367C8FA5986-LeaderElection33: begin an election at term 11 for -1: [9b3ef6c9-0245-4756-bf80-45d41f7a4453:192.168.157.220:37058, cd11b2f5-3187-4d03-bd60-931991550c17:192.168.157.220:43236, 9dbd5372-55c2-4532-b354-9494d3d545d2:192.168.157.220:42993], old=null
2019-10-30 11:52:33,308 [grpc-default-executor-0] INFO  impl.RaftServerImpl (RaftServerImpl.java:setRole(184)) - cd11b2f5-3187-4d03-bd60-931991550c17@group-F367C8FA5986: changes role from  FOLLOWER to FOLLOWER at term 11 for recognizeCandidate:9dbd5372-55c2-4532-b354-9494d3d545d2
2019-10-30 11:52:33,317 [grpc-default-executor-0] INFO  impl.RoleInfo (RoleInfo.java:shutdownFollowerState(121)) - cd11b2f5-3187-4d03-bd60-931991550c17: shutdown FollowerState
2019-10-30 11:52:33,317 [Thread-539] INFO  impl.FollowerState (FollowerState.java:run(117)) - cd11b2f5-3187-4d03-bd60-931991550c17@group-F367C8FA5986-FollowerState was interrupted: java.lang.InterruptedException: sleep interrupted
2019-10-30 11:52:33,317 [grpc-default-executor-0] INFO  impl.RoleInfo (RoleInfo.java:updateAndGet(143)) - cd11b2f5-3187-4d03-bd60-931991550c17: start FollowerState
2019-10-30 11:52:33,318 [f26e10ed-fb17-49e6-a903-eadc130d13d1@group-83984122B78E-LeaderElection34] INFO  impl.LeaderElection (LeaderElection.java:logAndReturn(56)) - f26e10ed-fb17-49e6-a903-eadc130d13d1@group-83984122B78E-LeaderElection34: Election REJECTED; received 2 response(s) [f26e10ed-fb17-49e6-a903-eadc130d13d1<-4f16e274-8663-4a15-9c4c-c81f650ab979#0:FAIL-t11, f26e10ed-fb17-49e6-a903-eadc130d13d1<-4cc44201-a597-43af-a4ec-5b1b407a6250#0:FAIL-t11] and 0 exception(s); f26e10ed-fb17-49e6-a903-eadc130d13d1@group-83984122B78E:t11, leader=null, voted=f26e10ed-fb17-49e6-a903-eadc130d13d1, raftlog=f26e10ed-fb17-49e6-a903-eadc130d13d1@group-83984122B78E-SegmentedRaftLog:OPENED:c-1,f-1,i0, conf=-1: [4f16e274-8663-4a15-9c4c-c81f650ab979:192.168.157.220:38181, 4cc44201-a597-43af-a4ec-5b1b407a6250:192.168.157.220:36685, f26e10ed-fb17-49e6-a903-eadc130d13d1:192.168.157.220:32806], old=null
2019-10-30 11:52:33,318 [f26e10ed-fb17-49e6-a903-eadc130d13d1@group-83984122B78E-LeaderElection34] INFO  impl.RaftServerImpl (RaftServerImpl.java:setRole(184)) - f26e10ed-fb17-49e6-a903-eadc130d13d1@group-83984122B78E: changes role from CANDIDATE to FOLLOWER at term 11 for DISCOVERED_A_NEW_TERM
2019-10-30 11:52:33,318 [f26e10ed-fb17-49e6-a903-eadc130d13d1@group-83984122B78E-LeaderElection34] INFO  impl.RoleInfo (RoleInfo.java:shutdownLeaderElection(134)) - f26e10ed-fb17-49e6-a903-eadc130d13d1: shutdown LeaderElection
2019-10-30 11:52:33,319 [f26e10ed-fb17-49e6-a903-eadc130d13d1@group-83984122B78E-LeaderElection34] INFO  impl.RoleInfo (RoleInfo.java:updateAndGet(143)) - f26e10ed-fb17-49e6-a903-eadc130d13d1: start FollowerState
2019-10-30 11:52:33,319 [grpc-default-executor-9] INFO  impl.RaftServerImpl (RaftServerImpl.java:setRole(184)) - 9b3ef6c9-0245-4756-bf80-45d41f7a4453@group-F367C8FA5986: changes role from  FOLLOWER to FOLLOWER at term 11 for recognizeCandidate:9dbd5372-55c2-4532-b354-9494d3d545d2
2019-10-30 11:52:33,324 [grpc-default-executor-9] INFO  impl.RoleInfo (RoleInfo.java:shutdownFollowerState(121)) - 9b3ef6c9-0245-4756-bf80-45d41f7a4453: shutdown FollowerState
2019-10-30 11:52:33,325 [grpc-default-executor-9] INFO  impl.RoleInfo (RoleInfo.java:updateAndGet(143)) - 9b3ef6c9-0245-4756-bf80-45d41f7a4453: start FollowerState
2019-10-30 11:52:33,325 [Thread-538] INFO  impl.FollowerState (FollowerState.java:run(117)) - 9b3ef6c9-0245-4756-bf80-45d41f7a4453@group-F367C8FA5986-FollowerState was interrupted: java.lang.InterruptedException: sleep interrupted
2019-10-30 11:52:33,340 [9dbd5372-55c2-4532-b354-9494d3d545d2@group-F367C8FA5986-LeaderElection33] INFO  impl.LeaderElection (LeaderElection.java:logAndReturn(56)) - 9dbd5372-55c2-4532-b354-9494d3d545d2@group-F367C8FA5986-LeaderElection33: Election REJECTED; received 2 response(s) [9dbd5372-55c2-4532-b354-9494d3d545d2<-9b3ef6c9-0245-4756-bf80-45d41f7a4453#0:FAIL-t11, 9dbd5372-55c2-4532-b354-9494d3d545d2<-cd11b2f5-3187-4d03-bd60-931991550c17#0:FAIL-t11] and 0 exception(s); 9dbd5372-55c2-4532-b354-9494d3d545d2@group-F367C8FA5986:t11, leader=null, voted=9dbd5372-55c2-4532-b354-9494d3d545d2, raftlog=9dbd5372-55c2-4532-b354-9494d3d545d2@group-F367C8FA5986-SegmentedRaftLog:OPENED:c-1,f-1,i0, conf=-1: [9b3ef6c9-0245-4756-bf80-45d41f7a4453:192.168.157.220:37058, cd11b2f5-3187-4d03-bd60-931991550c17:192.168.157.220:43236, 9dbd5372-55c2-4532-b354-9494d3d545d2:192.168.157.220:42993], old=null
2019-10-30 11:52:33,340 [9dbd5372-55c2-4532-b354-9494d3d545d2@group-F367C8FA5986-LeaderElection33] INFO  impl.RaftServerImpl (RaftServerImpl.java:setRole(184)) - 9dbd5372-55c2-4532-b354-9494d3d545d2@group-F367C8FA5986: changes role from CANDIDATE to FOLLOWER at term 11 for DISCOVERED_A_NEW_TERM
2019-10-30 11:52:33,340 [9dbd5372-55c2-4532-b354-9494d3d545d2@group-F367C8FA5986-LeaderElection33] INFO  impl.RoleInfo (RoleInfo.java:shutdownLeaderElection(134)) - 9dbd5372-55c2-4532-b354-9494d3d545d2: shutdown LeaderElection
2019-10-30 11:52:33,340 [9dbd5372-55c2-4532-b354-9494d3d545d2@group-F367C8FA5986-LeaderElection33] INFO  impl.RoleInfo (RoleInfo.java:updateAndGet(143)) - 9dbd5372-55c2-4532-b354-9494d3d545d2: start FollowerState
2019-10-30 11:52:33,392 [Thread-546] INFO  impl.FollowerState (FollowerState.java:run(108)) - f26e10ed-fb17-49e6-a903-eadc130d13d1@group-83984122B78E-FollowerState: change to CANDIDATE, lastRpcTime:73ms, electionTimeout:71ms
2019-10-30 11:52:33,396 [Thread-546] INFO  impl.RoleInfo (RoleInfo.java:shutdownFollowerState(121)) - f26e10ed-fb17-49e6-a903-eadc130d13d1: shutdown FollowerState
2019-10-30 11:52:33,396 [Thread-546] INFO  impl.RaftServerImpl (RaftServerImpl.java:setRole(184)) - f26e10ed-fb17-49e6-a903-eadc130d13d1@group-83984122B78E: changes role from  FOLLOWER to CANDIDATE at term 11 for changeToCandidate
2019-10-30 11:52:33,396 [Thread-546] INFO  impl.RoleInfo (RoleInfo.java:updateAndGet(143)) - f26e10ed-fb17-49e6-a903-eadc130d13d1: start LeaderElection
2019-10-30 11:52:33,428 [f26e10ed-fb17-49e6-a903-eadc130d13d1@group-83984122B78E-LeaderElection35] INFO  impl.LeaderElection (LeaderElection.java:askForVotes(178)) - f26e10ed-fb17-49e6-a903-eadc130d13d1@group-83984122B78E-LeaderElection35: begin an election at term 12 for -1: [4f16e274-8663-4a15-9c4c-c81f650ab979:192.168.157.220:38181, 4cc44201-a597-43af-a4ec-5b1b407a6250:192.168.157.220:36685, f26e10ed-fb17-49e6-a903-eadc130d13d1:192.168.157.220:32806], old=null
2019-10-30 11:52:33,433 [grpc-default-executor-9] INFO  impl.RaftServerImpl (RaftServerImpl.java:setRole(184)) - 4cc44201-a597-43af-a4ec-5b1b407a6250@group-83984122B78E: changes role from  FOLLOWER to FOLLOWER at term 12 for recognizeCandidate:f26e10ed-fb17-49e6-a903-eadc130d13d1
2019-10-30 11:52:33,433 [grpc-default-executor-9] INFO  impl.RoleInfo (RoleInfo.java:shutdownFollowerState(121)) - 4cc44201-a597-43af-a4ec-5b1b407a6250: shutdown FollowerState
2019-10-30 11:52:33,433 [grpc-default-executor-9] INFO  impl.RoleInfo (RoleInfo.java:updateAndGet(143)) - 4cc44201-a597-43af-a4ec-5b1b407a6250: start FollowerState
2019-10-30 11:52:33,434 [Thread-541] INFO  impl.FollowerState (FollowerState.java:run(117)) - 4cc44201-a597-43af-a4ec-5b1b407a6250@group-83984122B78E-FollowerState was interrupted: java.lang.InterruptedException: sleep interrupted
2019-10-30 11:52:33,434 [grpc-default-executor-0] INFO  impl.RaftServerImpl (RaftServerImpl.java:setRole(184)) - 4f16e274-8663-4a15-9c4c-c81f650ab979@group-83984122B78E: changes role from  FOLLOWER to FOLLOWER at term 12 for recognizeCandidate:f26e10ed-fb17-49e6-a903-eadc130d13d1
2019-10-30 11:52:33,434 [grpc-default-executor-0] INFO  impl.RoleInfo (RoleInfo.java:shutdownFollowerState(121)) - 4f16e274-8663-4a15-9c4c-c81f650ab979: shutdown FollowerState
2019-10-30 11:52:33,434 [grpc-default-executor-0] INFO  impl.RoleInfo (RoleInfo.java:updateAndGet(143)) - 4f16e274-8663-4a15-9c4c-c81f650ab979: start FollowerState
2019-10-30 11:52:33,434 [Thread-540] INFO  impl.FollowerState (FollowerState.java:run(117)) - 4f16e274-8663-4a15-9c4c-c81f650ab979@group-83984122B78E-FollowerState was interrupted: java.lang.InterruptedException: sleep interrupted
2019-10-30 11:52:33,445 [f26e10ed-fb17-49e6-a903-eadc130d13d1@group-83984122B78E-LeaderElection35] INFO  impl.LeaderElection (LeaderElection.java:logAndReturn(56)) - f26e10ed-fb17-49e6-a903-eadc130d13d1@group-83984122B78E-LeaderElection35: Election REJECTED; received 2 response(s) [f26e10ed-fb17-49e6-a903-eadc130d13d1<-4f16e274-8663-4a15-9c4c-c81f650ab979#0:FAIL-t12, f26e10ed-fb17-49e6-a903-eadc130d13d1<-4cc44201-a597-43af-a4ec-5b1b407a6250#0:FAIL-t12] and 0 exception(s); f26e10ed-fb17-49e6-a903-eadc130d13d1@group-83984122B78E:t12, leader=null, voted=f26e10ed-fb17-49e6-a903-eadc130d13d1, raftlog=f26e10ed-fb17-49e6-a903-eadc130d13d1@group-83984122B78E-SegmentedRaftLog:OPENED:c-1,f-1,i0, conf=-1: [4f16e274-8663-4a15-9c4c-c81f650ab979:192.168.157.220:38181, 4cc44201-a597-43af-a4ec-5b1b407a6250:192.168.157.220:36685, f26e10ed-fb17-49e6-a903-eadc130d13d1:192.168.157.220:32806], old=null
2019-10-30 11:52:33,445 [f26e10ed-fb17-49e6-a903-eadc130d13d1@group-83984122B78E-LeaderElection35] INFO  impl.RaftServerImpl (RaftServerImpl.java:setRole(184)) - f26e10ed-fb17-49e6-a903-eadc130d13d1@group-83984122B78E: changes role from CANDIDATE to FOLLOWER at term 12 for DISCOVERED_A_NEW_TERM
2019-10-30 11:52:33,445 [f26e10ed-fb17-49e6-a903-eadc130d13d1@group-83984122B78E-LeaderElection35] INFO  impl.RoleInfo (RoleInfo.java:shutdownLeaderElection(134)) - f26e10ed-fb17-49e6-a903-eadc130d13d1: shutdown LeaderElection
2019-10-30 11:52:33,445 [f26e10ed-fb17-49e6-a903-eadc130d13d1@group-83984122B78E-LeaderElection35] INFO  impl.RoleInfo (RoleInfo.java:updateAndGet(143)) - f26e10ed-fb17-49e6-a903-eadc130d13d1: start FollowerState
2019-10-30 11:52:33,454 [Thread-548] INFO  impl.FollowerState (FollowerState.java:run(108)) - 9dbd5372-55c2-4532-b354-9494d3d545d2@group-F367C8FA5986-FollowerState: change to CANDIDATE, lastRpcTime:113ms, electionTimeout:113ms
2019-10-30 11:52:33,470 [Thread-548] INFO  impl.RoleInfo (RoleInfo.java:shutdownFollowerState(121)) - 9dbd5372-55c2-4532-b354-9494d3d545d2: shutdown FollowerState
2019-10-30 11:52:33,470 [Thread-548] INFO  impl.RaftServerImpl (RaftServerImpl.java:setRole(184)) - 9dbd5372-55c2-4532-b354-9494d3d545d2@group-F367C8FA5986: changes role from  FOLLOWER to CANDIDATE at term 11 for changeToCandidate
2019-10-30 11:52:33,470 [Thread-548] INFO  impl.RoleInfo (RoleInfo.java:updateAndGet(143)) - 9dbd5372-55c2-4532-b354-9494d3d545d2: start LeaderElection
2019-10-30 11:52:33,475 [9dbd5372-55c2-4532-b354-9494d3d545d2@group-F367C8FA5986-LeaderElection36] INFO  impl.LeaderElection (LeaderElection.java:askForVotes(178)) - 9dbd5372-55c2-4532-b354-9494d3d545d2@group-F367C8FA5986-LeaderElection36: begin an election at term 12 for -1: [9b3ef6c9-0245-4756-bf80-45d41f7a4453:192.168.157.220:37058, cd11b2f5-3187-4d03-bd60-931991550c17:192.168.157.220:43236, 9dbd5372-55c2-4532-b354-9494d3d545d2:192.168.157.220:42993], old=null
2019-10-30 11:52:33,480 [grpc-default-executor-0] INFO  impl.RaftServerImpl (RaftServerImpl.java:setRole(184)) - 9b3ef6c9-0245-4756-bf80-45d41f7a4453@group-F367C8FA5986: changes role from  FOLLOWER to FOLLOWER at term 12 for recognizeCandidate:9dbd5372-55c2-4532-b354-9494d3d545d2
2019-10-30 11:52:33,480 [grpc-default-executor-0] INFO  impl.RoleInfo (RoleInfo.java:shutdownFollowerState(121)) - 9b3ef6c9-0245-4756-bf80-45d41f7a4453: shutdown FollowerState
2019-10-30 11:52:33,481 [grpc-default-executor-0] INFO  impl.RoleInfo (RoleInfo.java:updateAndGet(143)) - 9b3ef6c9-0245-4756-bf80-45d41f7a4453: start FollowerState
2019-10-30 11:52:33,481 [Thread-547] INFO  impl.FollowerState (FollowerState.java:run(117)) - 9b3ef6c9-0245-4756-bf80-45d41f7a4453@group-F367C8FA5986-FollowerState was interrupted: java.lang.InterruptedException: sleep interrupted
2019-10-30 11:52:33,481 [grpc-default-executor-9] INFO  impl.RaftServerImpl (RaftServerImpl.java:setRole(184)) - cd11b2f5-3187-4d03-bd60-931991550c17@group-F367C8FA5986: changes role from  FOLLOWER to FOLLOWER at term 12 for recognizeCandidate:9dbd5372-55c2-4532-b354-9494d3d545d2
2019-10-30 11:52:33,481 [grpc-default-executor-9] INFO  impl.RoleInfo (RoleInfo.java:shutdownFollowerState(121)) - cd11b2f5-3187-4d03-bd60-931991550c17: shutdown FollowerState
2019-10-30 11:52:33,482 [Thread-545] INFO  impl.FollowerState (FollowerState.java:run(117)) - cd11b2f5-3187-4d03-bd60-931991550c17@group-F367C8FA5986-FollowerState was interrupted: java.lang.InterruptedException: sleep interrupted
2019-10-30 11:52:33,482 [grpc-default-executor-9] INFO  impl.RoleInfo (RoleInfo.java:updateAndGet(143)) - cd11b2f5-3187-4d03-bd60-931991550c17: start FollowerState
2019-10-30 11:52:33,490 [9dbd5372-55c2-4532-b354-9494d3d545d2@group-F367C8FA5986-LeaderElection36] INFO  impl.LeaderElection (LeaderElection.java:logAndReturn(56)) - 9dbd5372-55c2-4532-b354-9494d3d545d2@group-F367C8FA5986-LeaderElection36: Election REJECTED; received 2 response(s) [9dbd5372-55c2-4532-b354-9494d3d545d2<-9b3ef6c9-0245-4756-bf80-45d41f7a4453#0:FAIL-t12, 9dbd5372-55c2-4532-b354-9494d3d545d2<-cd11b2f5-3187-4d03-bd60-931991550c17#0:FAIL-t12] and 0 exception(s); 9dbd5372-55c2-4532-b354-9494d3d545d2@group-F367C8FA5986:t12, leader=null, voted=9dbd5372-55c2-4532-b354-9494d3d545d2, raftlog=9dbd5372-55c2-4532-b354-9494d3d545d2@group-F367C8FA5986-SegmentedRaftLog:OPENED:c-1,f-1,i0, conf=-1: [9b3ef6c9-0245-4756-bf80-45d41f7a4453:192.168.157.220:37058, cd11b2f5-3187-4d03-bd60-931991550c17:192.168.157.220:43236, 9dbd5372-55c2-4532-b354-9494d3d545d2:192.168.157.220:42993], old=null
2019-10-30 11:52:33,491 [9dbd5372-55c2-4532-b354-9494d3d545d2@group-F367C8FA5986-LeaderElection36] INFO  impl.RaftServerImpl (RaftServerImpl.java:setRole(184)) - 9dbd5372-55c2-4532-b354-9494d3d545d2@group-F367C8FA5986: changes role from CANDIDATE to FOLLOWER at term 12 for DISCOVERED_A_NEW_TERM
2019-10-30 11:52:33,491 [9dbd5372-55c2-4532-b354-9494d3d545d2@group-F367C8FA5986-LeaderElection36] INFO  impl.RoleInfo (RoleInfo.java:shutdownLeaderElection(134)) - 9dbd5372-55c2-4532-b354-9494d3d545d2: shutdown LeaderElection
2019-10-30 11:52:33,491 [9dbd5372-55c2-4532-b354-9494d3d545d2@group-F367C8FA5986-LeaderElection36] INFO  impl.RoleInfo (RoleInfo.java:updateAndGet(143)) - 9dbd5372-55c2-4532-b354-9494d3d545d2: start FollowerState
2019-10-30 11:52:33,521 [main] INFO  impl.MetricsSystemImpl (MetricsSystemImpl.java:init(158)) - XceiverClientMetrics metrics system started (again)
2019-10-30 11:52:33,545 [Thread-555] INFO  impl.FollowerState (FollowerState.java:run(108)) - f26e10ed-fb17-49e6-a903-eadc130d13d1@group-83984122B78E-FollowerState: change to CANDIDATE, lastRpcTime:99ms, electionTimeout:98ms
2019-10-30 11:52:33,545 [Thread-555] INFO  impl.RoleInfo (RoleInfo.java:shutdownFollowerState(121)) - f26e10ed-fb17-49e6-a903-eadc130d13d1: shutdown FollowerState
2019-10-30 11:52:33,545 [Thread-555] INFO  impl.RaftServerImpl (RaftServerImpl.java:setRole(184)) - f26e10ed-fb17-49e6-a903-eadc130d13d1@group-83984122B78E: changes role from  FOLLOWER to CANDIDATE at term 12 for changeToCandidate
2019-10-30 11:52:33,545 [Thread-555] INFO  impl.RoleInfo (RoleInfo.java:updateAndGet(143)) - f26e10ed-fb17-49e6-a903-eadc130d13d1: start LeaderElection
2019-10-30 11:52:33,552 [f26e10ed-fb17-49e6-a903-eadc130d13d1@group-83984122B78E-LeaderElection37] INFO  impl.LeaderElection (LeaderElection.java:askForVotes(178)) - f26e10ed-fb17-49e6-a903-eadc130d13d1@group-83984122B78E-LeaderElection37: begin an election at term 13 for -1: [4f16e274-8663-4a15-9c4c-c81f650ab979:192.168.157.220:38181, 4cc44201-a597-43af-a4ec-5b1b407a6250:192.168.157.220:36685, f26e10ed-fb17-49e6-a903-eadc130d13d1:192.168.157.220:32806], old=null
2019-10-30 11:52:33,556 [grpc-default-executor-0] INFO  impl.RaftServerImpl (RaftServerImpl.java:setRole(184)) - 4cc44201-a597-43af-a4ec-5b1b407a6250@group-83984122B78E: changes role from  FOLLOWER to FOLLOWER at term 13 for recognizeCandidate:f26e10ed-fb17-49e6-a903-eadc130d13d1
2019-10-30 11:52:33,556 [grpc-default-executor-0] INFO  impl.RoleInfo (RoleInfo.java:shutdownFollowerState(121)) - 4cc44201-a597-43af-a4ec-5b1b407a6250: shutdown FollowerState
2019-10-30 11:52:33,556 [Thread-553] INFO  impl.FollowerState (FollowerState.java:run(117)) - 4cc44201-a597-43af-a4ec-5b1b407a6250@group-83984122B78E-FollowerState was interrupted: java.lang.InterruptedException: sleep interrupted
2019-10-30 11:52:33,556 [grpc-default-executor-0] INFO  impl.RoleInfo (RoleInfo.java:updateAndGet(143)) - 4cc44201-a597-43af-a4ec-5b1b407a6250: start FollowerState
2019-10-30 11:52:33,560 [grpc-default-executor-9] INFO  impl.RaftServerImpl (RaftServerImpl.java:setRole(184)) - 4f16e274-8663-4a15-9c4c-c81f650ab979@group-83984122B78E: changes role from  FOLLOWER to FOLLOWER at term 13 for recognizeCandidate:f26e10ed-fb17-49e6-a903-eadc130d13d1
2019-10-30 11:52:33,560 [grpc-default-executor-9] INFO  impl.RoleInfo (RoleInfo.java:shutdownFollowerState(121)) - 4f16e274-8663-4a15-9c4c-c81f650ab979: shutdown FollowerState
2019-10-30 11:52:33,560 [grpc-default-executor-9] INFO  impl.RoleInfo (RoleInfo.java:updateAndGet(143)) - 4f16e274-8663-4a15-9c4c-c81f650ab979: start FollowerState
2019-10-30 11:52:33,561 [Thread-554] INFO  impl.FollowerState (FollowerState.java:run(117)) - 4f16e274-8663-4a15-9c4c-c81f650ab979@group-83984122B78E-FollowerState was interrupted: java.lang.InterruptedException: sleep interrupted
2019-10-30 11:52:33,568 [f26e10ed-fb17-49e6-a903-eadc130d13d1@group-83984122B78E-LeaderElection37] INFO  impl.LeaderElection (LeaderElection.java:logAndReturn(56)) - f26e10ed-fb17-49e6-a903-eadc130d13d1@group-83984122B78E-LeaderElection37: Election REJECTED; received 2 response(s) [f26e10ed-fb17-49e6-a903-eadc130d13d1<-4f16e274-8663-4a15-9c4c-c81f650ab979#0:FAIL-t13, f26e10ed-fb17-49e6-a903-eadc130d13d1<-4cc44201-a597-43af-a4ec-5b1b407a6250#0:FAIL-t13] and 0 exception(s); f26e10ed-fb17-49e6-a903-eadc130d13d1@group-83984122B78E:t13, leader=null, voted=f26e10ed-fb17-49e6-a903-eadc130d13d1, raftlog=f26e10ed-fb17-49e6-a903-eadc130d13d1@group-83984122B78E-SegmentedRaftLog:OPENED:c-1,f-1,i0, conf=-1: [4f16e274-8663-4a15-9c4c-c81f650ab979:192.168.157.220:38181, 4cc44201-a597-43af-a4ec-5b1b407a6250:192.168.157.220:36685, f26e10ed-fb17-49e6-a903-eadc130d13d1:192.168.157.220:32806], old=null
2019-10-30 11:52:33,569 [f26e10ed-fb17-49e6-a903-eadc130d13d1@group-83984122B78E-LeaderElection37] INFO  impl.RaftServerImpl (RaftServerImpl.java:setRole(184)) - f26e10ed-fb17-49e6-a903-eadc130d13d1@group-83984122B78E: changes role from CANDIDATE to FOLLOWER at term 13 for DISCOVERED_A_NEW_TERM
2019-10-30 11:52:33,569 [f26e10ed-fb17-49e6-a903-eadc130d13d1@group-83984122B78E-LeaderElection37] INFO  impl.RoleInfo (RoleInfo.java:shutdownLeaderElection(134)) - f26e10ed-fb17-49e6-a903-eadc130d13d1: shutdown LeaderElection
2019-10-30 11:52:33,569 [f26e10ed-fb17-49e6-a903-eadc130d13d1@group-83984122B78E-LeaderElection37] INFO  impl.RoleInfo (RoleInfo.java:updateAndGet(143)) - f26e10ed-fb17-49e6-a903-eadc130d13d1: start FollowerState
2019-10-30 11:52:33,679 [Thread-561] INFO  impl.FollowerState (FollowerState.java:run(108)) - 9dbd5372-55c2-4532-b354-9494d3d545d2@group-F367C8FA5986-FollowerState: change to CANDIDATE, lastRpcTime:187ms, electionTimeout:183ms
2019-10-30 11:52:33,681 [Thread-561] INFO  impl.RoleInfo (RoleInfo.java:shutdownFollowerState(121)) - 9dbd5372-55c2-4532-b354-9494d3d545d2: shutdown FollowerState
2019-10-30 11:52:33,681 [Thread-561] INFO  impl.RaftServerImpl (RaftServerImpl.java:setRole(184)) - 9dbd5372-55c2-4532-b354-9494d3d545d2@group-F367C8FA5986: changes role from  FOLLOWER to CANDIDATE at term 12 for changeToCandidate
2019-10-30 11:52:33,681 [Thread-561] INFO  impl.RoleInfo (RoleInfo.java:updateAndGet(143)) - 9dbd5372-55c2-4532-b354-9494d3d545d2: start LeaderElection
2019-10-30 11:52:33,688 [9dbd5372-55c2-4532-b354-9494d3d545d2@group-F367C8FA5986-LeaderElection38] INFO  impl.LeaderElection (LeaderElection.java:askForVotes(178)) - 9dbd5372-55c2-4532-b354-9494d3d545d2@group-F367C8FA5986-LeaderElection38: begin an election at term 13 for -1: [9b3ef6c9-0245-4756-bf80-45d41f7a4453:192.168.157.220:37058, cd11b2f5-3187-4d03-bd60-931991550c17:192.168.157.220:43236, 9dbd5372-55c2-4532-b354-9494d3d545d2:192.168.157.220:42993], old=null
2019-10-30 11:52:33,696 [grpc-default-executor-0] INFO  impl.RaftServerImpl (RaftServerImpl.java:setRole(184)) - cd11b2f5-3187-4d03-bd60-931991550c17@group-F367C8FA5986: changes role from  FOLLOWER to FOLLOWER at term 13 for recognizeCandidate:9dbd5372-55c2-4532-b354-9494d3d545d2
2019-10-30 11:52:33,696 [grpc-default-executor-0] INFO  impl.RoleInfo (RoleInfo.java:shutdownFollowerState(121)) - cd11b2f5-3187-4d03-bd60-931991550c17: shutdown FollowerState
2019-10-30 11:52:33,696 [grpc-default-executor-0] INFO  impl.RoleInfo (RoleInfo.java:updateAndGet(143)) - cd11b2f5-3187-4d03-bd60-931991550c17: start FollowerState
2019-10-30 11:52:33,696 [Thread-560] INFO  impl.FollowerState (FollowerState.java:run(117)) - cd11b2f5-3187-4d03-bd60-931991550c17@group-F367C8FA5986-FollowerState was interrupted: java.lang.InterruptedException: sleep interrupted
2019-10-30 11:52:33,699 [grpc-default-executor-8] INFO  impl.RaftServerImpl (RaftServerImpl.java:setRole(184)) - 9b3ef6c9-0245-4756-bf80-45d41f7a4453@group-F367C8FA5986: changes role from  FOLLOWER to FOLLOWER at term 13 for recognizeCandidate:9dbd5372-55c2-4532-b354-9494d3d545d2
2019-10-30 11:52:33,699 [grpc-default-executor-8] INFO  impl.RoleInfo (RoleInfo.java:shutdownFollowerState(121)) - 9b3ef6c9-0245-4756-bf80-45d41f7a4453: shutdown FollowerState
2019-10-30 11:52:33,699 [grpc-default-executor-8] INFO  impl.RoleInfo (RoleInfo.java:updateAndGet(143)) - 9b3ef6c9-0245-4756-bf80-45d41f7a4453: start FollowerState
2019-10-30 11:52:33,703 [Thread-559] INFO  impl.FollowerState (FollowerState.java:run(117)) - 9b3ef6c9-0245-4756-bf80-45d41f7a4453@group-F367C8FA5986-FollowerState was interrupted: java.lang.InterruptedException: sleep interrupted
2019-10-30 11:52:33,719 [Thread-567] INFO  impl.FollowerState (FollowerState.java:run(108)) - f26e10ed-fb17-49e6-a903-eadc130d13d1@group-83984122B78E-FollowerState: change to CANDIDATE, lastRpcTime:147ms, electionTimeout:147ms
2019-10-30 11:52:33,722 [Thread-567] INFO  impl.RoleInfo (RoleInfo.java:shutdownFollowerState(121)) - f26e10ed-fb17-49e6-a903-eadc130d13d1: shutdown FollowerState
2019-10-30 11:52:33,722 [Thread-567] INFO  impl.RaftServerImpl (RaftServerImpl.java:setRole(184)) - f26e10ed-fb17-49e6-a903-eadc130d13d1@group-83984122B78E: changes role from  FOLLOWER to CANDIDATE at term 13 for changeToCandidate
2019-10-30 11:52:33,722 [Thread-567] INFO  impl.RoleInfo (RoleInfo.java:updateAndGet(143)) - f26e10ed-fb17-49e6-a903-eadc130d13d1: start LeaderElection
2019-10-30 11:52:33,725 [9dbd5372-55c2-4532-b354-9494d3d545d2@group-F367C8FA5986-LeaderElection38] INFO  impl.LeaderElection (LeaderElection.java:logAndReturn(56)) - 9dbd5372-55c2-4532-b354-9494d3d545d2@group-F367C8FA5986-LeaderElection38: Election REJECTED; received 2 response(s) [9dbd5372-55c2-4532-b354-9494d3d545d2<-9b3ef6c9-0245-4756-bf80-45d41f7a4453#0:FAIL-t13, 9dbd5372-55c2-4532-b354-9494d3d545d2<-cd11b2f5-3187-4d03-bd60-931991550c17#0:FAIL-t13] and 0 exception(s); 9dbd5372-55c2-4532-b354-9494d3d545d2@group-F367C8FA5986:t13, leader=null, voted=9dbd5372-55c2-4532-b354-9494d3d545d2, raftlog=9dbd5372-55c2-4532-b354-9494d3d545d2@group-F367C8FA5986-SegmentedRaftLog:OPENED:c-1,f-1,i0, conf=-1: [9b3ef6c9-0245-4756-bf80-45d41f7a4453:192.168.157.220:37058, cd11b2f5-3187-4d03-bd60-931991550c17:192.168.157.220:43236, 9dbd5372-55c2-4532-b354-9494d3d545d2:192.168.157.220:42993], old=null
2019-10-30 11:52:33,725 [9dbd5372-55c2-4532-b354-9494d3d545d2@group-F367C8FA5986-LeaderElection38] INFO  impl.RaftServerImpl (RaftServerImpl.java:setRole(184)) - 9dbd5372-55c2-4532-b354-9494d3d545d2@group-F367C8FA5986: changes role from CANDIDATE to FOLLOWER at term 13 for DISCOVERED_A_NEW_TERM
2019-10-30 11:52:33,725 [9dbd5372-55c2-4532-b354-9494d3d545d2@group-F367C8FA5986-LeaderElection38] INFO  impl.RoleInfo (RoleInfo.java:shutdownLeaderElection(134)) - 9dbd5372-55c2-4532-b354-9494d3d545d2: shutdown LeaderElection
2019-10-30 11:52:33,725 [9dbd5372-55c2-4532-b354-9494d3d545d2@group-F367C8FA5986-LeaderElection38] INFO  impl.RoleInfo (RoleInfo.java:updateAndGet(143)) - 9dbd5372-55c2-4532-b354-9494d3d545d2: start FollowerState
2019-10-30 11:52:33,730 [f26e10ed-fb17-49e6-a903-eadc130d13d1@group-83984122B78E-LeaderElection39] INFO  impl.LeaderElection (LeaderElection.java:askForVotes(178)) - f26e10ed-fb17-49e6-a903-eadc130d13d1@group-83984122B78E-LeaderElection39: begin an election at term 14 for -1: [4f16e274-8663-4a15-9c4c-c81f650ab979:192.168.157.220:38181, 4cc44201-a597-43af-a4ec-5b1b407a6250:192.168.157.220:36685, f26e10ed-fb17-49e6-a903-eadc130d13d1:192.168.157.220:32806], old=null
2019-10-30 11:52:33,733 [grpc-default-executor-8] INFO  impl.RaftServerImpl (RaftServerImpl.java:setRole(184)) - 4f16e274-8663-4a15-9c4c-c81f650ab979@group-83984122B78E: changes role from  FOLLOWER to FOLLOWER at term 14 for recognizeCandidate:f26e10ed-fb17-49e6-a903-eadc130d13d1
2019-10-30 11:52:33,733 [grpc-default-executor-8] INFO  impl.RoleInfo (RoleInfo.java:shutdownFollowerState(121)) - 4f16e274-8663-4a15-9c4c-c81f650ab979: shutdown FollowerState
2019-10-30 11:52:33,754 [Thread-566] INFO  impl.FollowerState (FollowerState.java:run(117)) - 4f16e274-8663-4a15-9c4c-c81f650ab979@group-83984122B78E-FollowerState was interrupted: java.lang.InterruptedException: sleep interrupted
2019-10-30 11:52:33,754 [grpc-default-executor-8] INFO  impl.RoleInfo (RoleInfo.java:updateAndGet(143)) - 4f16e274-8663-4a15-9c4c-c81f650ab979: start FollowerState
2019-10-30 11:52:33,755 [grpc-default-executor-9] INFO  impl.RaftServerImpl (RaftServerImpl.java:setRole(184)) - 4cc44201-a597-43af-a4ec-5b1b407a6250@group-83984122B78E: changes role from  FOLLOWER to FOLLOWER at term 14 for recognizeCandidate:f26e10ed-fb17-49e6-a903-eadc130d13d1
2019-10-30 11:52:33,755 [grpc-default-executor-9] INFO  impl.RoleInfo (RoleInfo.java:shutdownFollowerState(121)) - 4cc44201-a597-43af-a4ec-5b1b407a6250: shutdown FollowerState
2019-10-30 11:52:33,755 [grpc-default-executor-9] INFO  impl.RoleInfo (RoleInfo.java:updateAndGet(143)) - 4cc44201-a597-43af-a4ec-5b1b407a6250: start FollowerState
2019-10-30 11:52:33,756 [Thread-565] INFO  impl.FollowerState (FollowerState.java:run(117)) - 4cc44201-a597-43af-a4ec-5b1b407a6250@group-83984122B78E-FollowerState was interrupted: java.lang.InterruptedException: sleep interrupted
2019-10-30 11:52:33,793 [f26e10ed-fb17-49e6-a903-eadc130d13d1@group-83984122B78E-LeaderElection39] INFO  impl.LeaderElection (LeaderElection.java:logAndReturn(56)) - f26e10ed-fb17-49e6-a903-eadc130d13d1@group-83984122B78E-LeaderElection39: Election REJECTED; received 2 response(s) [f26e10ed-fb17-49e6-a903-eadc130d13d1<-4f16e274-8663-4a15-9c4c-c81f650ab979#0:FAIL-t14, f26e10ed-fb17-49e6-a903-eadc130d13d1<-4cc44201-a597-43af-a4ec-5b1b407a6250#0:FAIL-t14] and 0 exception(s); f26e10ed-fb17-49e6-a903-eadc130d13d1@group-83984122B78E:t14, leader=null, voted=f26e10ed-fb17-49e6-a903-eadc130d13d1, raftlog=f26e10ed-fb17-49e6-a903-eadc130d13d1@group-83984122B78E-SegmentedRaftLog:OPENED:c-1,f-1,i0, conf=-1: [4f16e274-8663-4a15-9c4c-c81f650ab979:192.168.157.220:38181, 4cc44201-a597-43af-a4ec-5b1b407a6250:192.168.157.220:36685, f26e10ed-fb17-49e6-a903-eadc130d13d1:192.168.157.220:32806], old=null
2019-10-30 11:52:33,794 [f26e10ed-fb17-49e6-a903-eadc130d13d1@group-83984122B78E-LeaderElection39] INFO  impl.RaftServerImpl (RaftServerImpl.java:setRole(184)) - f26e10ed-fb17-49e6-a903-eadc130d13d1@group-83984122B78E: changes role from CANDIDATE to FOLLOWER at term 14 for DISCOVERED_A_NEW_TERM
2019-10-30 11:52:33,794 [f26e10ed-fb17-49e6-a903-eadc130d13d1@group-83984122B78E-LeaderElection39] INFO  impl.RoleInfo (RoleInfo.java:shutdownLeaderElection(134)) - f26e10ed-fb17-49e6-a903-eadc130d13d1: shutdown LeaderElection
2019-10-30 11:52:33,794 [f26e10ed-fb17-49e6-a903-eadc130d13d1@group-83984122B78E-LeaderElection39] INFO  impl.RoleInfo (RoleInfo.java:updateAndGet(143)) - f26e10ed-fb17-49e6-a903-eadc130d13d1: start FollowerState
2019-10-30 11:52:33,862 [Thread-577] INFO  impl.FollowerState (FollowerState.java:run(108)) - 9dbd5372-55c2-4532-b354-9494d3d545d2@group-F367C8FA5986-FollowerState: change to CANDIDATE, lastRpcTime:136ms, electionTimeout:136ms
2019-10-30 11:52:33,877 [Thread-577] INFO  impl.RoleInfo (RoleInfo.java:shutdownFollowerState(121)) - 9dbd5372-55c2-4532-b354-9494d3d545d2: shutdown FollowerState
2019-10-30 11:52:33,877 [Thread-577] INFO  impl.RaftServerImpl (RaftServerImpl.java:setRole(184)) - 9dbd5372-55c2-4532-b354-9494d3d545d2@group-F367C8FA5986: changes role from  FOLLOWER to CANDIDATE at term 13 for changeToCandidate
2019-10-30 11:52:33,878 [Thread-577] INFO  impl.RoleInfo (RoleInfo.java:updateAndGet(143)) - 9dbd5372-55c2-4532-b354-9494d3d545d2: start LeaderElection
2019-10-30 11:52:33,900 [9dbd5372-55c2-4532-b354-9494d3d545d2@group-F367C8FA5986-LeaderElection40] INFO  impl.LeaderElection (LeaderElection.java:askForVotes(178)) - 9dbd5372-55c2-4532-b354-9494d3d545d2@group-F367C8FA5986-LeaderElection40: begin an election at term 14 for -1: [9b3ef6c9-0245-4756-bf80-45d41f7a4453:192.168.157.220:37058, cd11b2f5-3187-4d03-bd60-931991550c17:192.168.157.220:43236, 9dbd5372-55c2-4532-b354-9494d3d545d2:192.168.157.220:42993], old=null
2019-10-30 11:52:33,917 [grpc-default-executor-9] INFO  impl.RaftServerImpl (RaftServerImpl.java:setRole(184)) - 9b3ef6c9-0245-4756-bf80-45d41f7a4453@group-F367C8FA5986: changes role from  FOLLOWER to FOLLOWER at term 14 for recognizeCandidate:9dbd5372-55c2-4532-b354-9494d3d545d2
2019-10-30 11:52:33,918 [grpc-default-executor-9] INFO  impl.RoleInfo (RoleInfo.java:shutdownFollowerState(121)) - 9b3ef6c9-0245-4756-bf80-45d41f7a4453: shutdown FollowerState
2019-10-30 11:52:33,918 [Thread-574] INFO  impl.FollowerState (FollowerState.java:run(117)) - 9b3ef6c9-0245-4756-bf80-45d41f7a4453@group-F367C8FA5986-FollowerState was interrupted: java.lang.InterruptedException: sleep interrupted
2019-10-30 11:52:33,918 [grpc-default-executor-9] INFO  impl.RoleInfo (RoleInfo.java:updateAndGet(143)) - 9b3ef6c9-0245-4756-bf80-45d41f7a4453: start FollowerState
2019-10-30 11:52:33,919 [grpc-default-executor-8] INFO  impl.RaftServerImpl (RaftServerImpl.java:setRole(184)) - cd11b2f5-3187-4d03-bd60-931991550c17@group-F367C8FA5986: changes role from  FOLLOWER to FOLLOWER at term 14 for recognizeCandidate:9dbd5372-55c2-4532-b354-9494d3d545d2
2019-10-30 11:52:33,944 [grpc-default-executor-8] INFO  impl.RoleInfo (RoleInfo.java:shutdownFollowerState(121)) - cd11b2f5-3187-4d03-bd60-931991550c17: shutdown FollowerState
2019-10-30 11:52:33,944 [Thread-573] INFO  impl.FollowerState (FollowerState.java:run(117)) - cd11b2f5-3187-4d03-bd60-931991550c17@group-F367C8FA5986-FollowerState was interrupted: java.lang.InterruptedException: sleep interrupted
2019-10-30 11:52:33,944 [grpc-default-executor-8] INFO  impl.RoleInfo (RoleInfo.java:updateAndGet(143)) - cd11b2f5-3187-4d03-bd60-931991550c17: start FollowerState
2019-10-30 11:52:33,966 [Thread-582] INFO  impl.FollowerState (FollowerState.java:run(108)) - f26e10ed-fb17-49e6-a903-eadc130d13d1@group-83984122B78E-FollowerState: change to CANDIDATE, lastRpcTime:172ms, electionTimeout:172ms
2019-10-30 11:52:33,966 [Thread-582] INFO  impl.RoleInfo (RoleInfo.java:shutdownFollowerState(121)) - f26e10ed-fb17-49e6-a903-eadc130d13d1: shutdown FollowerState
2019-10-30 11:52:33,966 [Thread-582] INFO  impl.RaftServerImpl (RaftServerImpl.java:setRole(184)) - f26e10ed-fb17-49e6-a903-eadc130d13d1@group-83984122B78E: changes role from  FOLLOWER to CANDIDATE at term 14 for changeToCandidate
2019-10-30 11:52:33,974 [Thread-582] INFO  impl.RoleInfo (RoleInfo.java:updateAndGet(143)) - f26e10ed-fb17-49e6-a903-eadc130d13d1: start LeaderElection
2019-10-30 11:52:33,974 [9dbd5372-55c2-4532-b354-9494d3d545d2@group-F367C8FA5986-LeaderElection40] INFO  impl.LeaderElection (LeaderElection.java:logAndReturn(56)) - 9dbd5372-55c2-4532-b354-9494d3d545d2@group-F367C8FA5986-LeaderElection40: Election REJECTED; received 2 response(s) [9dbd5372-55c2-4532-b354-9494d3d545d2<-9b3ef6c9-0245-4756-bf80-45d41f7a4453#0:FAIL-t14, 9dbd5372-55c2-4532-b354-9494d3d545d2<-cd11b2f5-3187-4d03-bd60-931991550c17#0:FAIL-t14] and 0 exception(s); 9dbd5372-55c2-4532-b354-9494d3d545d2@group-F367C8FA5986:t14, leader=null, voted=9dbd5372-55c2-4532-b354-9494d3d545d2, raftlog=9dbd5372-55c2-4532-b354-9494d3d545d2@group-F367C8FA5986-SegmentedRaftLog:OPENED:c-1,f-1,i0, conf=-1: [9b3ef6c9-0245-4756-bf80-45d41f7a4453:192.168.157.220:37058, cd11b2f5-3187-4d03-bd60-931991550c17:192.168.157.220:43236, 9dbd5372-55c2-4532-b354-9494d3d545d2:192.168.157.220:42993], old=null
2019-10-30 11:52:33,974 [9dbd5372-55c2-4532-b354-9494d3d545d2@group-F367C8FA5986-LeaderElection40] INFO  impl.RaftServerImpl (RaftServerImpl.java:setRole(184)) - 9dbd5372-55c2-4532-b354-9494d3d545d2@group-F367C8FA5986: changes role from CANDIDATE to FOLLOWER at term 14 for DISCOVERED_A_NEW_TERM
2019-10-30 11:52:33,976 [9dbd5372-55c2-4532-b354-9494d3d545d2@group-F367C8FA5986-LeaderElection40] INFO  impl.RoleInfo (RoleInfo.java:shutdownLeaderElection(134)) - 9dbd5372-55c2-4532-b354-9494d3d545d2: shutdown LeaderElection
2019-10-30 11:52:33,976 [9dbd5372-55c2-4532-b354-9494d3d545d2@group-F367C8FA5986-LeaderElection40] INFO  impl.RoleInfo (RoleInfo.java:updateAndGet(143)) - 9dbd5372-55c2-4532-b354-9494d3d545d2: start FollowerState
2019-10-30 11:52:33,990 [f26e10ed-fb17-49e6-a903-eadc130d13d1@group-83984122B78E-LeaderElection41] INFO  impl.LeaderElection (LeaderElection.java:askForVotes(178)) - f26e10ed-fb17-49e6-a903-eadc130d13d1@group-83984122B78E-LeaderElection41: begin an election at term 15 for -1: [4f16e274-8663-4a15-9c4c-c81f650ab979:192.168.157.220:38181, 4cc44201-a597-43af-a4ec-5b1b407a6250:192.168.157.220:36685, f26e10ed-fb17-49e6-a903-eadc130d13d1:192.168.157.220:32806], old=null
2019-10-30 11:52:34,030 [grpc-default-executor-8] INFO  impl.RaftServerImpl (RaftServerImpl.java:setRole(184)) - 4f16e274-8663-4a15-9c4c-c81f650ab979@group-83984122B78E: changes role from  FOLLOWER to FOLLOWER at term 15 for recognizeCandidate:f26e10ed-fb17-49e6-a903-eadc130d13d1
2019-10-30 11:52:34,030 [grpc-default-executor-8] INFO  impl.RoleInfo (RoleInfo.java:shutdownFollowerState(121)) - 4f16e274-8663-4a15-9c4c-c81f650ab979: shutdown FollowerState
2019-10-30 11:52:34,041 [Thread-580] INFO  impl.FollowerState (FollowerState.java:run(117)) - 4f16e274-8663-4a15-9c4c-c81f650ab979@group-83984122B78E-FollowerState was interrupted: java.lang.InterruptedException: sleep interrupted
2019-10-30 11:52:34,041 [grpc-default-executor-8] INFO  impl.RoleInfo (RoleInfo.java:updateAndGet(143)) - 4f16e274-8663-4a15-9c4c-c81f650ab979: start FollowerState
2019-10-30 11:52:34,052 [grpc-default-executor-9] INFO  impl.RaftServerImpl (RaftServerImpl.java:setRole(184)) - 4cc44201-a597-43af-a4ec-5b1b407a6250@group-83984122B78E: changes role from  FOLLOWER to FOLLOWER at term 15 for recognizeCandidate:f26e10ed-fb17-49e6-a903-eadc130d13d1
2019-10-30 11:52:34,052 [grpc-default-executor-9] INFO  impl.RoleInfo (RoleInfo.java:shutdownFollowerState(121)) - 4cc44201-a597-43af-a4ec-5b1b407a6250: shutdown FollowerState
2019-10-30 11:52:34,072 [f26e10ed-fb17-49e6-a903-eadc130d13d1@group-83984122B78E-LeaderElection41] INFO  impl.LeaderElection (LeaderElection.java:logAndReturn(56)) - f26e10ed-fb17-49e6-a903-eadc130d13d1@group-83984122B78E-LeaderElection41: Election TIMEOUT; received 0 response(s) [] and 0 exception(s); f26e10ed-fb17-49e6-a903-eadc130d13d1@group-83984122B78E:t15, leader=null, voted=f26e10ed-fb17-49e6-a903-eadc130d13d1, raftlog=f26e10ed-fb17-49e6-a903-eadc130d13d1@group-83984122B78E-SegmentedRaftLog:OPENED:c-1,f-1,i0, conf=-1: [4f16e274-8663-4a15-9c4c-c81f650ab979:192.168.157.220:38181, 4cc44201-a597-43af-a4ec-5b1b407a6250:192.168.157.220:36685, f26e10ed-fb17-49e6-a903-eadc130d13d1:192.168.157.220:32806], old=null
2019-10-30 11:52:34,078 [Thread-581] INFO  impl.FollowerState (FollowerState.java:run(117)) - 4cc44201-a597-43af-a4ec-5b1b407a6250@group-83984122B78E-FollowerState was interrupted: java.lang.InterruptedException: sleep interrupted
2019-10-30 11:52:34,078 [grpc-default-executor-9] INFO  impl.RoleInfo (RoleInfo.java:updateAndGet(143)) - 4cc44201-a597-43af-a4ec-5b1b407a6250: start FollowerState
2019-10-30 11:52:34,098 [f26e10ed-fb17-49e6-a903-eadc130d13d1@group-83984122B78E-LeaderElection41] INFO  impl.LeaderElection (LeaderElection.java:askForVotes(178)) - f26e10ed-fb17-49e6-a903-eadc130d13d1@group-83984122B78E-LeaderElection41: begin an election at term 16 for -1: [4f16e274-8663-4a15-9c4c-c81f650ab979:192.168.157.220:38181, 4cc44201-a597-43af-a4ec-5b1b407a6250:192.168.157.220:36685, f26e10ed-fb17-49e6-a903-eadc130d13d1:192.168.157.220:32806], old=null
2019-10-30 11:52:34,137 [Thread-591] INFO  impl.FollowerState (FollowerState.java:run(108)) - 9dbd5372-55c2-4532-b354-9494d3d545d2@group-F367C8FA5986-FollowerState: change to CANDIDATE, lastRpcTime:160ms, electionTimeout:160ms
2019-10-30 11:52:34,137 [Thread-591] INFO  impl.RoleInfo (RoleInfo.java:shutdownFollowerState(121)) - 9dbd5372-55c2-4532-b354-9494d3d545d2: shutdown FollowerState
2019-10-30 11:52:34,137 [Thread-591] INFO  impl.RaftServerImpl (RaftServerImpl.java:setRole(184)) - 9dbd5372-55c2-4532-b354-9494d3d545d2@group-F367C8FA5986: changes role from  FOLLOWER to CANDIDATE at term 14 for changeToCandidate
2019-10-30 11:52:34,137 [Thread-591] INFO  impl.RoleInfo (RoleInfo.java:updateAndGet(143)) - 9dbd5372-55c2-4532-b354-9494d3d545d2: start LeaderElection
2019-10-30 11:52:34,137 [grpc-default-executor-8] INFO  impl.RaftServerImpl (RaftServerImpl.java:setRole(184)) - 4cc44201-a597-43af-a4ec-5b1b407a6250@group-83984122B78E: changes role from  FOLLOWER to FOLLOWER at term 16 for recognizeCandidate:f26e10ed-fb17-49e6-a903-eadc130d13d1
2019-10-30 11:52:34,137 [grpc-default-executor-8] INFO  impl.RoleInfo (RoleInfo.java:shutdownFollowerState(121)) - 4cc44201-a597-43af-a4ec-5b1b407a6250: shutdown FollowerState
2019-10-30 11:52:34,137 [grpc-default-executor-9] INFO  impl.RaftServerImpl (RaftServerImpl.java:setRole(184)) - 4f16e274-8663-4a15-9c4c-c81f650ab979@group-83984122B78E: changes role from  FOLLOWER to FOLLOWER at term 16 for recognizeCandidate:f26e10ed-fb17-49e6-a903-eadc130d13d1
2019-10-30 11:52:34,138 [grpc-default-executor-8] INFO  impl.RoleInfo (RoleInfo.java:updateAndGet(143)) - 4cc44201-a597-43af-a4ec-5b1b407a6250: start FollowerState
2019-10-30 11:52:34,138 [Thread-595] INFO  impl.FollowerState (FollowerState.java:run(117)) - 4cc44201-a597-43af-a4ec-5b1b407a6250@group-83984122B78E-FollowerState was interrupted: java.lang.InterruptedException: sleep interrupted
2019-10-30 11:52:34,138 [grpc-default-executor-9] INFO  impl.RoleInfo (RoleInfo.java:shutdownFollowerState(121)) - 4f16e274-8663-4a15-9c4c-c81f650ab979: shutdown FollowerState
2019-10-30 11:52:34,138 [grpc-default-executor-9] INFO  impl.RoleInfo (RoleInfo.java:updateAndGet(143)) - 4f16e274-8663-4a15-9c4c-c81f650ab979: start FollowerState
2019-10-30 11:52:34,139 [Thread-594] INFO  impl.FollowerState (FollowerState.java:run(117)) - 4f16e274-8663-4a15-9c4c-c81f650ab979@group-83984122B78E-FollowerState was interrupted: java.lang.InterruptedException: sleep interrupted
2019-10-30 11:52:34,140 [Timer for 'StorageContainerManager' metrics system] INFO  lib.Interns (Interns.java:removeEldestEntry(50)) - Metrics intern cache overflow at 2011 for MetricsSystem={MetricsSystem=MetricsInfoImpl{name=MetricsSystem, description=MetricsSystem}, MetricsSystem record=MetricsInfoImpl{name=MetricsSystem, description=MetricsSystem record}}
2019-10-30 11:52:34,156 [9dbd5372-55c2-4532-b354-9494d3d545d2@group-F367C8FA5986-LeaderElection42] INFO  impl.LeaderElection (LeaderElection.java:askForVotes(178)) - 9dbd5372-55c2-4532-b354-9494d3d545d2@group-F367C8FA5986-LeaderElection42: begin an election at term 15 for -1: [9b3ef6c9-0245-4756-bf80-45d41f7a4453:192.168.157.220:37058, cd11b2f5-3187-4d03-bd60-931991550c17:192.168.157.220:43236, 9dbd5372-55c2-4532-b354-9494d3d545d2:192.168.157.220:42993], old=null
2019-10-30 11:52:34,158 [f26e10ed-fb17-49e6-a903-eadc130d13d1@group-83984122B78E-LeaderElection41] INFO  impl.LeaderElection (LeaderElection.java:logAndReturn(56)) - f26e10ed-fb17-49e6-a903-eadc130d13d1@group-83984122B78E-LeaderElection41: Election REJECTED; received 2 response(s) [f26e10ed-fb17-49e6-a903-eadc130d13d1<-4f16e274-8663-4a15-9c4c-c81f650ab979#0:FAIL-t16, f26e10ed-fb17-49e6-a903-eadc130d13d1<-4cc44201-a597-43af-a4ec-5b1b407a6250#0:FAIL-t16] and 0 exception(s); f26e10ed-fb17-49e6-a903-eadc130d13d1@group-83984122B78E:t16, leader=null, voted=f26e10ed-fb17-49e6-a903-eadc130d13d1, raftlog=f26e10ed-fb17-49e6-a903-eadc130d13d1@group-83984122B78E-SegmentedRaftLog:OPENED:c-1,f-1,i0, conf=-1: [4f16e274-8663-4a15-9c4c-c81f650ab979:192.168.157.220:38181, 4cc44201-a597-43af-a4ec-5b1b407a6250:192.168.157.220:36685, f26e10ed-fb17-49e6-a903-eadc130d13d1:192.168.157.220:32806], old=null
2019-10-30 11:52:34,158 [f26e10ed-fb17-49e6-a903-eadc130d13d1@group-83984122B78E-LeaderElection41] INFO  impl.RaftServerImpl (RaftServerImpl.java:setRole(184)) - f26e10ed-fb17-49e6-a903-eadc130d13d1@group-83984122B78E: changes role from CANDIDATE to FOLLOWER at term 16 for DISCOVERED_A_NEW_TERM
2019-10-30 11:52:34,158 [f26e10ed-fb17-49e6-a903-eadc130d13d1@group-83984122B78E-LeaderElection41] INFO  impl.RoleInfo (RoleInfo.java:shutdownLeaderElection(134)) - f26e10ed-fb17-49e6-a903-eadc130d13d1: shutdown LeaderElection
2019-10-30 11:52:34,159 [f26e10ed-fb17-49e6-a903-eadc130d13d1@group-83984122B78E-LeaderElection41] INFO  impl.RoleInfo (RoleInfo.java:updateAndGet(143)) - f26e10ed-fb17-49e6-a903-eadc130d13d1: start FollowerState
2019-10-30 11:52:34,159 [grpc-default-executor-8] INFO  impl.RaftServerImpl (RaftServerImpl.java:setRole(184)) - 9b3ef6c9-0245-4756-bf80-45d41f7a4453@group-F367C8FA5986: changes role from  FOLLOWER to FOLLOWER at term 15 for recognizeCandidate:9dbd5372-55c2-4532-b354-9494d3d545d2
2019-10-30 11:52:34,159 [grpc-default-executor-8] INFO  impl.RoleInfo (RoleInfo.java:shutdownFollowerState(121)) - 9b3ef6c9-0245-4756-bf80-45d41f7a4453: shutdown FollowerState
2019-10-30 11:52:34,159 [grpc-default-executor-9] INFO  impl.RaftServerImpl (RaftServerImpl.java:setRole(184)) - cd11b2f5-3187-4d03-bd60-931991550c17@group-F367C8FA5986: changes role from  FOLLOWER to FOLLOWER at term 15 for recognizeCandidate:9dbd5372-55c2-4532-b354-9494d3d545d2
2019-10-30 11:52:34,159 [Thread-588] INFO  impl.FollowerState (FollowerState.java:run(117)) - 9b3ef6c9-0245-4756-bf80-45d41f7a4453@group-F367C8FA5986-FollowerState was interrupted: java.lang.InterruptedException: sleep interrupted
2019-10-30 11:52:34,159 [grpc-default-executor-8] INFO  impl.RoleInfo (RoleInfo.java:updateAndGet(143)) - 9b3ef6c9-0245-4756-bf80-45d41f7a4453: start FollowerState
2019-10-30 11:52:34,159 [grpc-default-executor-9] INFO  impl.RoleInfo (RoleInfo.java:shutdownFollowerState(121)) - cd11b2f5-3187-4d03-bd60-931991550c17: shutdown FollowerState
2019-10-30 11:52:34,160 [Thread-589] INFO  impl.FollowerState (FollowerState.java:run(117)) - cd11b2f5-3187-4d03-bd60-931991550c17@group-F367C8FA5986-FollowerState was interrupted: java.lang.InterruptedException: sleep interrupted
2019-10-30 11:52:34,160 [grpc-default-executor-9] INFO  impl.RoleInfo (RoleInfo.java:updateAndGet(143)) - cd11b2f5-3187-4d03-bd60-931991550c17: start FollowerState
2019-10-30 11:52:34,178 [9dbd5372-55c2-4532-b354-9494d3d545d2@group-F367C8FA5986-LeaderElection42] INFO  impl.LeaderElection (LeaderElection.java:logAndReturn(56)) - 9dbd5372-55c2-4532-b354-9494d3d545d2@group-F367C8FA5986-LeaderElection42: Election REJECTED; received 2 response(s) [9dbd5372-55c2-4532-b354-9494d3d545d2<-9b3ef6c9-0245-4756-bf80-45d41f7a4453#0:FAIL-t15, 9dbd5372-55c2-4532-b354-9494d3d545d2<-cd11b2f5-3187-4d03-bd60-931991550c17#0:FAIL-t15] and 0 exception(s); 9dbd5372-55c2-4532-b354-9494d3d545d2@group-F367C8FA5986:t15, leader=null, voted=9dbd5372-55c2-4532-b354-9494d3d545d2, raftlog=9dbd5372-55c2-4532-b354-9494d3d545d2@group-F367C8FA5986-SegmentedRaftLog:OPENED:c-1,f-1,i0, conf=-1: [9b3ef6c9-0245-4756-bf80-45d41f7a4453:192.168.157.220:37058, cd11b2f5-3187-4d03-bd60-931991550c17:192.168.157.220:43236, 9dbd5372-55c2-4532-b354-9494d3d545d2:192.168.157.220:42993], old=null
2019-10-30 11:52:34,179 [9dbd5372-55c2-4532-b354-9494d3d545d2@group-F367C8FA5986-LeaderElection42] INFO  impl.RaftServerImpl (RaftServerImpl.java:setRole(184)) - 9dbd5372-55c2-4532-b354-9494d3d545d2@group-F367C8FA5986: changes role from CANDIDATE to FOLLOWER at term 15 for DISCOVERED_A_NEW_TERM
2019-10-30 11:52:34,179 [9dbd5372-55c2-4532-b354-9494d3d545d2@group-F367C8FA5986-LeaderElection42] INFO  impl.RoleInfo (RoleInfo.java:shutdownLeaderElection(134)) - 9dbd5372-55c2-4532-b354-9494d3d545d2: shutdown LeaderElection
2019-10-30 11:52:34,179 [9dbd5372-55c2-4532-b354-9494d3d545d2@group-F367C8FA5986-LeaderElection42] INFO  impl.RoleInfo (RoleInfo.java:updateAndGet(143)) - 9dbd5372-55c2-4532-b354-9494d3d545d2: start FollowerState
2019-10-30 11:52:34,206 [Thread-603] INFO  impl.FollowerState (FollowerState.java:run(108)) - f26e10ed-fb17-49e6-a903-eadc130d13d1@group-83984122B78E-FollowerState: change to CANDIDATE, lastRpcTime:47ms, electionTimeout:46ms
2019-10-30 11:52:34,207 [Thread-603] INFO  impl.RoleInfo (RoleInfo.java:shutdownFollowerState(121)) - f26e10ed-fb17-49e6-a903-eadc130d13d1: shutdown FollowerState
2019-10-30 11:52:34,207 [Thread-603] INFO  impl.RaftServerImpl (RaftServerImpl.java:setRole(184)) - f26e10ed-fb17-49e6-a903-eadc130d13d1@group-83984122B78E: changes role from  FOLLOWER to CANDIDATE at term 16 for changeToCandidate
2019-10-30 11:52:34,207 [Thread-603] INFO  impl.RoleInfo (RoleInfo.java:updateAndGet(143)) - f26e10ed-fb17-49e6-a903-eadc130d13d1: start LeaderElection
2019-10-30 11:52:34,239 [f26e10ed-fb17-49e6-a903-eadc130d13d1@group-83984122B78E-LeaderElection43] INFO  impl.LeaderElection (LeaderElection.java:askForVotes(178)) - f26e10ed-fb17-49e6-a903-eadc130d13d1@group-83984122B78E-LeaderElection43: begin an election at term 17 for -1: [4f16e274-8663-4a15-9c4c-c81f650ab979:192.168.157.220:38181, 4cc44201-a597-43af-a4ec-5b1b407a6250:192.168.157.220:36685, f26e10ed-fb17-49e6-a903-eadc130d13d1:192.168.157.220:32806], old=null
2019-10-30 11:52:34,242 [grpc-default-executor-9] INFO  impl.RaftServerImpl (RaftServerImpl.java:setRole(184)) - 4cc44201-a597-43af-a4ec-5b1b407a6250@group-83984122B78E: changes role from  FOLLOWER to FOLLOWER at term 17 for recognizeCandidate:f26e10ed-fb17-49e6-a903-eadc130d13d1
2019-10-30 11:52:34,242 [grpc-default-executor-9] INFO  impl.RoleInfo (RoleInfo.java:shutdownFollowerState(121)) - 4cc44201-a597-43af-a4ec-5b1b407a6250: shutdown FollowerState
2019-10-30 11:52:34,243 [grpc-default-executor-9] INFO  impl.RoleInfo (RoleInfo.java:updateAndGet(143)) - 4cc44201-a597-43af-a4ec-5b1b407a6250: start FollowerState
2019-10-30 11:52:34,243 [Thread-599] INFO  impl.FollowerState (FollowerState.java:run(117)) - 4cc44201-a597-43af-a4ec-5b1b407a6250@group-83984122B78E-FollowerState was interrupted: java.lang.InterruptedException: sleep interrupted
2019-10-30 11:52:34,249 [grpc-default-executor-8] INFO  impl.RaftServerImpl (RaftServerImpl.java:setRole(184)) - 4f16e274-8663-4a15-9c4c-c81f650ab979@group-83984122B78E: changes role from  FOLLOWER to FOLLOWER at term 17 for recognizeCandidate:f26e10ed-fb17-49e6-a903-eadc130d13d1
2019-10-30 11:52:34,249 [grpc-default-executor-8] INFO  impl.RoleInfo (RoleInfo.java:shutdownFollowerState(121)) - 4f16e274-8663-4a15-9c4c-c81f650ab979: shutdown FollowerState
2019-10-30 11:52:34,250 [grpc-default-executor-8] INFO  impl.RoleInfo (RoleInfo.java:updateAndGet(143)) - 4f16e274-8663-4a15-9c4c-c81f650ab979: start FollowerState
2019-10-30 11:52:34,250 [Thread-600] INFO  impl.FollowerState (FollowerState.java:run(117)) - 4f16e274-8663-4a15-9c4c-c81f650ab979@group-83984122B78E-FollowerState was interrupted: java.lang.InterruptedException: sleep interrupted
2019-10-30 11:52:34,250 [f26e10ed-fb17-49e6-a903-eadc130d13d1@group-83984122B78E-LeaderElection43] INFO  impl.LeaderElection (LeaderElection.java:logAndReturn(56)) - f26e10ed-fb17-49e6-a903-eadc130d13d1@group-83984122B78E-LeaderElection43: Election TIMEOUT; received 0 response(s) [] and 0 exception(s); f26e10ed-fb17-49e6-a903-eadc130d13d1@group-83984122B78E:t17, leader=null, voted=f26e10ed-fb17-49e6-a903-eadc130d13d1, raftlog=f26e10ed-fb17-49e6-a903-eadc130d13d1@group-83984122B78E-SegmentedRaftLog:OPENED:c-1,f-1,i0, conf=-1: [4f16e274-8663-4a15-9c4c-c81f650ab979:192.168.157.220:38181, 4cc44201-a597-43af-a4ec-5b1b407a6250:192.168.157.220:36685, f26e10ed-fb17-49e6-a903-eadc130d13d1:192.168.157.220:32806], old=null
2019-10-30 11:52:34,261 [f26e10ed-fb17-49e6-a903-eadc130d13d1@group-83984122B78E-LeaderElection43] INFO  impl.LeaderElection (LeaderElection.java:askForVotes(178)) - f26e10ed-fb17-49e6-a903-eadc130d13d1@group-83984122B78E-LeaderElection43: begin an election at term 18 for -1: [4f16e274-8663-4a15-9c4c-c81f650ab979:192.168.157.220:38181, 4cc44201-a597-43af-a4ec-5b1b407a6250:192.168.157.220:36685, f26e10ed-fb17-49e6-a903-eadc130d13d1:192.168.157.220:32806], old=null
2019-10-30 11:52:34,267 [grpc-default-executor-9] INFO  impl.RaftServerImpl (RaftServerImpl.java:setRole(184)) - 4f16e274-8663-4a15-9c4c-c81f650ab979@group-83984122B78E: changes role from  FOLLOWER to FOLLOWER at term 18 for recognizeCandidate:f26e10ed-fb17-49e6-a903-eadc130d13d1
2019-10-30 11:52:34,267 [grpc-default-executor-9] INFO  impl.RoleInfo (RoleInfo.java:shutdownFollowerState(121)) - 4f16e274-8663-4a15-9c4c-c81f650ab979: shutdown FollowerState
2019-10-30 11:52:34,267 [grpc-default-executor-9] INFO  impl.RoleInfo (RoleInfo.java:updateAndGet(143)) - 4f16e274-8663-4a15-9c4c-c81f650ab979: start FollowerState
2019-10-30 11:52:34,267 [Thread-611] INFO  impl.FollowerState (FollowerState.java:run(117)) - 4f16e274-8663-4a15-9c4c-c81f650ab979@group-83984122B78E-FollowerState was interrupted: java.lang.InterruptedException: sleep interrupted
2019-10-30 11:52:34,268 [grpc-default-executor-8] INFO  impl.RaftServerImpl (RaftServerImpl.java:setRole(184)) - 4cc44201-a597-43af-a4ec-5b1b407a6250@group-83984122B78E: changes role from  FOLLOWER to FOLLOWER at term 18 for recognizeCandidate:f26e10ed-fb17-49e6-a903-eadc130d13d1
2019-10-30 11:52:34,268 [grpc-default-executor-8] INFO  impl.RoleInfo (RoleInfo.java:shutdownFollowerState(121)) - 4cc44201-a597-43af-a4ec-5b1b407a6250: shutdown FollowerState
2019-10-30 11:52:34,268 [grpc-default-executor-8] INFO  impl.RoleInfo (RoleInfo.java:updateAndGet(143)) - 4cc44201-a597-43af-a4ec-5b1b407a6250: start FollowerState
2019-10-30 11:52:34,268 [Thread-610] INFO  impl.FollowerState (FollowerState.java:run(117)) - 4cc44201-a597-43af-a4ec-5b1b407a6250@group-83984122B78E-FollowerState was interrupted: java.lang.InterruptedException: sleep interrupted
2019-10-30 11:52:34,279 [f26e10ed-fb17-49e6-a903-eadc130d13d1@group-83984122B78E-LeaderElection43] INFO  impl.LeaderElection (LeaderElection.java:logAndReturn(56)) - f26e10ed-fb17-49e6-a903-eadc130d13d1@group-83984122B78E-LeaderElection43: Election REJECTED; received 2 response(s) [f26e10ed-fb17-49e6-a903-eadc130d13d1<-4f16e274-8663-4a15-9c4c-c81f650ab979#0:FAIL-t18, f26e10ed-fb17-49e6-a903-eadc130d13d1<-4cc44201-a597-43af-a4ec-5b1b407a6250#0:FAIL-t18] and 0 exception(s); f26e10ed-fb17-49e6-a903-eadc130d13d1@group-83984122B78E:t18, leader=null, voted=f26e10ed-fb17-49e6-a903-eadc130d13d1, raftlog=f26e10ed-fb17-49e6-a903-eadc130d13d1@group-83984122B78E-SegmentedRaftLog:OPENED:c-1,f-1,i0, conf=-1: [4f16e274-8663-4a15-9c4c-c81f650ab979:192.168.157.220:38181, 4cc44201-a597-43af-a4ec-5b1b407a6250:192.168.157.220:36685, f26e10ed-fb17-49e6-a903-eadc130d13d1:192.168.157.220:32806], old=null
2019-10-30 11:52:34,279 [f26e10ed-fb17-49e6-a903-eadc130d13d1@group-83984122B78E-LeaderElection43] INFO  impl.RaftServerImpl (RaftServerImpl.java:setRole(184)) - f26e10ed-fb17-49e6-a903-eadc130d13d1@group-83984122B78E: changes role from CANDIDATE to FOLLOWER at term 18 for DISCOVERED_A_NEW_TERM
2019-10-30 11:52:34,279 [f26e10ed-fb17-49e6-a903-eadc130d13d1@group-83984122B78E-LeaderElection43] INFO  impl.RoleInfo (RoleInfo.java:shutdownLeaderElection(134)) - f26e10ed-fb17-49e6-a903-eadc130d13d1: shutdown LeaderElection
2019-10-30 11:52:34,279 [f26e10ed-fb17-49e6-a903-eadc130d13d1@group-83984122B78E-LeaderElection43] INFO  impl.RoleInfo (RoleInfo.java:updateAndGet(143)) - f26e10ed-fb17-49e6-a903-eadc130d13d1: start FollowerState
2019-10-30 11:52:34,296 [Thread-606] INFO  impl.FollowerState (FollowerState.java:run(108)) - 9dbd5372-55c2-4532-b354-9494d3d545d2@group-F367C8FA5986-FollowerState: change to CANDIDATE, lastRpcTime:117ms, electionTimeout:117ms
2019-10-30 11:52:34,296 [Thread-606] INFO  impl.RoleInfo (RoleInfo.java:shutdownFollowerState(121)) - 9dbd5372-55c2-4532-b354-9494d3d545d2: shutdown FollowerState
2019-10-30 11:52:34,297 [Thread-606] INFO  impl.RaftServerImpl (RaftServerImpl.java:setRole(184)) - 9dbd5372-55c2-4532-b354-9494d3d545d2@group-F367C8FA5986: changes role from  FOLLOWER to CANDIDATE at term 15 for changeToCandidate
2019-10-30 11:52:34,297 [Thread-606] INFO  impl.RoleInfo (RoleInfo.java:updateAndGet(143)) - 9dbd5372-55c2-4532-b354-9494d3d545d2: start LeaderElection
2019-10-30 11:52:34,312 [9dbd5372-55c2-4532-b354-9494d3d545d2@group-F367C8FA5986-LeaderElection44] INFO  impl.LeaderElection (LeaderElection.java:askForVotes(178)) - 9dbd5372-55c2-4532-b354-9494d3d545d2@group-F367C8FA5986-LeaderElection44: begin an election at term 16 for -1: [9b3ef6c9-0245-4756-bf80-45d41f7a4453:192.168.157.220:37058, cd11b2f5-3187-4d03-bd60-931991550c17:192.168.157.220:43236, 9dbd5372-55c2-4532-b354-9494d3d545d2:192.168.157.220:42993], old=null
2019-10-30 11:52:34,315 [grpc-default-executor-9] INFO  impl.RaftServerImpl (RaftServerImpl.java:setRole(184)) - cd11b2f5-3187-4d03-bd60-931991550c17@group-F367C8FA5986: changes role from  FOLLOWER to FOLLOWER at term 16 for recognizeCandidate:9dbd5372-55c2-4532-b354-9494d3d545d2
2019-10-30 11:52:34,316 [grpc-default-executor-9] INFO  impl.RoleInfo (RoleInfo.java:shutdownFollowerState(121)) - cd11b2f5-3187-4d03-bd60-931991550c17: shutdown FollowerState
2019-10-30 11:52:34,316 [grpc-default-executor-9] INFO  impl.RoleInfo (RoleInfo.java:updateAndGet(143)) - cd11b2f5-3187-4d03-bd60-931991550c17: start FollowerState
2019-10-30 11:52:34,316 [Thread-605] INFO  impl.FollowerState (FollowerState.java:run(117)) - cd11b2f5-3187-4d03-bd60-931991550c17@group-F367C8FA5986-FollowerState was interrupted: java.lang.InterruptedException: sleep interrupted
2019-10-30 11:52:34,316 [grpc-default-executor-8] INFO  impl.RaftServerImpl (RaftServerImpl.java:setRole(184)) - 9b3ef6c9-0245-4756-bf80-45d41f7a4453@group-F367C8FA5986: changes role from  FOLLOWER to FOLLOWER at term 16 for recognizeCandidate:9dbd5372-55c2-4532-b354-9494d3d545d2
2019-10-30 11:52:34,316 [grpc-default-executor-8] INFO  impl.RoleInfo (RoleInfo.java:shutdownFollowerState(121)) - 9b3ef6c9-0245-4756-bf80-45d41f7a4453: shutdown FollowerState
2019-10-30 11:52:34,316 [grpc-default-executor-8] INFO  impl.RoleInfo (RoleInfo.java:updateAndGet(143)) - 9b3ef6c9-0245-4756-bf80-45d41f7a4453: start FollowerState
2019-10-30 11:52:34,317 [Thread-604] INFO  impl.FollowerState (FollowerState.java:run(117)) - 9b3ef6c9-0245-4756-bf80-45d41f7a4453@group-F367C8FA5986-FollowerState was interrupted: java.lang.InterruptedException: sleep interrupted
2019-10-30 11:52:34,329 [9dbd5372-55c2-4532-b354-9494d3d545d2@group-F367C8FA5986-LeaderElection44] INFO  impl.LeaderElection (LeaderElection.java:logAndReturn(56)) - 9dbd5372-55c2-4532-b354-9494d3d545d2@group-F367C8FA5986-LeaderElection44: Election REJECTED; received 2 response(s) [9dbd5372-55c2-4532-b354-9494d3d545d2<-9b3ef6c9-0245-4756-bf80-45d41f7a4453#0:FAIL-t16, 9dbd5372-55c2-4532-b354-9494d3d545d2<-cd11b2f5-3187-4d03-bd60-931991550c17#0:FAIL-t16] and 0 exception(s); 9dbd5372-55c2-4532-b354-9494d3d545d2@group-F367C8FA5986:t16, leader=null, voted=9dbd5372-55c2-4532-b354-9494d3d545d2, raftlog=9dbd5372-55c2-4532-b354-9494d3d545d2@group-F367C8FA5986-SegmentedRaftLog:OPENED:c-1,f-1,i0, conf=-1: [9b3ef6c9-0245-4756-bf80-45d41f7a4453:192.168.157.220:37058, cd11b2f5-3187-4d03-bd60-931991550c17:192.168.157.220:43236, 9dbd5372-55c2-4532-b354-9494d3d545d2:192.168.157.220:42993], old=null
2019-10-30 11:52:34,329 [9dbd5372-55c2-4532-b354-9494d3d545d2@group-F367C8FA5986-LeaderElection44] INFO  impl.RaftServerImpl (RaftServerImpl.java:setRole(184)) - 9dbd5372-55c2-4532-b354-9494d3d545d2@group-F367C8FA5986: changes role from CANDIDATE to FOLLOWER at term 16 for DISCOVERED_A_NEW_TERM
2019-10-30 11:52:34,329 [9dbd5372-55c2-4532-b354-9494d3d545d2@group-F367C8FA5986-LeaderElection44] INFO  impl.RoleInfo (RoleInfo.java:shutdownLeaderElection(134)) - 9dbd5372-55c2-4532-b354-9494d3d545d2: shutdown LeaderElection
2019-10-30 11:52:34,329 [9dbd5372-55c2-4532-b354-9494d3d545d2@group-F367C8FA5986-LeaderElection44] INFO  impl.RoleInfo (RoleInfo.java:updateAndGet(143)) - 9dbd5372-55c2-4532-b354-9494d3d545d2: start FollowerState
2019-10-30 11:52:34,460 [Thread-616] INFO  impl.FollowerState (FollowerState.java:run(108)) - f26e10ed-fb17-49e6-a903-eadc130d13d1@group-83984122B78E-FollowerState: change to CANDIDATE, lastRpcTime:180ms, electionTimeout:178ms
2019-10-30 11:52:34,460 [Thread-616] INFO  impl.RoleInfo (RoleInfo.java:shutdownFollowerState(121)) - f26e10ed-fb17-49e6-a903-eadc130d13d1: shutdown FollowerState
2019-10-30 11:52:34,460 [Thread-616] INFO  impl.RaftServerImpl (RaftServerImpl.java:setRole(184)) - f26e10ed-fb17-49e6-a903-eadc130d13d1@group-83984122B78E: changes role from  FOLLOWER to CANDIDATE at term 18 for changeToCandidate
2019-10-30 11:52:34,460 [Thread-616] INFO  impl.RoleInfo (RoleInfo.java:updateAndGet(143)) - f26e10ed-fb17-49e6-a903-eadc130d13d1: start LeaderElection
2019-10-30 11:52:34,464 [f26e10ed-fb17-49e6-a903-eadc130d13d1@group-83984122B78E-LeaderElection45] INFO  impl.LeaderElection (LeaderElection.java:askForVotes(178)) - f26e10ed-fb17-49e6-a903-eadc130d13d1@group-83984122B78E-LeaderElection45: begin an election at term 19 for -1: [4f16e274-8663-4a15-9c4c-c81f650ab979:192.168.157.220:38181, 4cc44201-a597-43af-a4ec-5b1b407a6250:192.168.157.220:36685, f26e10ed-fb17-49e6-a903-eadc130d13d1:192.168.157.220:32806], old=null
2019-10-30 11:52:34,466 [grpc-default-executor-8] INFO  impl.RaftServerImpl (RaftServerImpl.java:setRole(184)) - 4f16e274-8663-4a15-9c4c-c81f650ab979@group-83984122B78E: changes role from  FOLLOWER to FOLLOWER at term 19 for recognizeCandidate:f26e10ed-fb17-49e6-a903-eadc130d13d1
2019-10-30 11:52:34,467 [grpc-default-executor-9] INFO  impl.RaftServerImpl (RaftServerImpl.java:setRole(184)) - 4cc44201-a597-43af-a4ec-5b1b407a6250@group-83984122B78E: changes role from  FOLLOWER to FOLLOWER at term 19 for recognizeCandidate:f26e10ed-fb17-49e6-a903-eadc130d13d1
2019-10-30 11:52:34,467 [grpc-default-executor-8] INFO  impl.RoleInfo (RoleInfo.java:shutdownFollowerState(121)) - 4f16e274-8663-4a15-9c4c-c81f650ab979: shutdown FollowerState
2019-10-30 11:52:34,467 [grpc-default-executor-9] INFO  impl.RoleInfo (RoleInfo.java:shutdownFollowerState(121)) - 4cc44201-a597-43af-a4ec-5b1b407a6250: shutdown FollowerState
2019-10-30 11:52:34,467 [grpc-default-executor-8] INFO  impl.RoleInfo (RoleInfo.java:updateAndGet(143)) - 4f16e274-8663-4a15-9c4c-c81f650ab979: start FollowerState
2019-10-30 11:52:34,467 [Thread-614] INFO  impl.FollowerState (FollowerState.java:run(117)) - 4f16e274-8663-4a15-9c4c-c81f650ab979@group-83984122B78E-FollowerState was interrupted: java.lang.InterruptedException: sleep interrupted
2019-10-30 11:52:34,467 [grpc-default-executor-9] INFO  impl.RoleInfo (RoleInfo.java:updateAndGet(143)) - 4cc44201-a597-43af-a4ec-5b1b407a6250: start FollowerState
2019-10-30 11:52:34,467 [Thread-615] INFO  impl.FollowerState (FollowerState.java:run(117)) - 4cc44201-a597-43af-a4ec-5b1b407a6250@group-83984122B78E-FollowerState was interrupted: java.lang.InterruptedException: sleep interrupted
2019-10-30 11:52:34,484 [f26e10ed-fb17-49e6-a903-eadc130d13d1@group-83984122B78E-LeaderElection45] INFO  impl.LeaderElection (LeaderElection.java:logAndReturn(56)) - f26e10ed-fb17-49e6-a903-eadc130d13d1@group-83984122B78E-LeaderElection45: Election REJECTED; received 2 response(s) [f26e10ed-fb17-49e6-a903-eadc130d13d1<-4f16e274-8663-4a15-9c4c-c81f650ab979#0:FAIL-t19, f26e10ed-fb17-49e6-a903-eadc130d13d1<-4cc44201-a597-43af-a4ec-5b1b407a6250#0:FAIL-t19] and 0 exception(s); f26e10ed-fb17-49e6-a903-eadc130d13d1@group-83984122B78E:t19, leader=null, voted=f26e10ed-fb17-49e6-a903-eadc130d13d1, raftlog=f26e10ed-fb17-49e6-a903-eadc130d13d1@group-83984122B78E-SegmentedRaftLog:OPENED:c-1,f-1,i0, conf=-1: [4f16e274-8663-4a15-9c4c-c81f650ab979:192.168.157.220:38181, 4cc44201-a597-43af-a4ec-5b1b407a6250:192.168.157.220:36685, f26e10ed-fb17-49e6-a903-eadc130d13d1:192.168.157.220:32806], old=null
2019-10-30 11:52:34,484 [f26e10ed-fb17-49e6-a903-eadc130d13d1@group-83984122B78E-LeaderElection45] INFO  impl.RaftServerImpl (RaftServerImpl.java:setRole(184)) - f26e10ed-fb17-49e6-a903-eadc130d13d1@group-83984122B78E: changes role from CANDIDATE to FOLLOWER at term 19 for DISCOVERED_A_NEW_TERM
2019-10-30 11:52:34,484 [f26e10ed-fb17-49e6-a903-eadc130d13d1@group-83984122B78E-LeaderElection45] INFO  impl.RoleInfo (RoleInfo.java:shutdownLeaderElection(134)) - f26e10ed-fb17-49e6-a903-eadc130d13d1: shutdown LeaderElection
2019-10-30 11:52:34,484 [f26e10ed-fb17-49e6-a903-eadc130d13d1@group-83984122B78E-LeaderElection45] INFO  impl.RoleInfo (RoleInfo.java:updateAndGet(143)) - f26e10ed-fb17-49e6-a903-eadc130d13d1: start FollowerState
2019-10-30 11:52:34,488 [Thread-630] INFO  impl.FollowerState (FollowerState.java:run(108)) - f26e10ed-fb17-49e6-a903-eadc130d13d1@group-83984122B78E-FollowerState: change to CANDIDATE, lastRpcTime:3ms, electionTimeout:3ms
2019-10-30 11:52:34,488 [Thread-630] INFO  impl.RoleInfo (RoleInfo.java:shutdownFollowerState(121)) - f26e10ed-fb17-49e6-a903-eadc130d13d1: shutdown FollowerState
2019-10-30 11:52:34,488 [Thread-630] INFO  impl.RaftServerImpl (RaftServerImpl.java:setRole(184)) - f26e10ed-fb17-49e6-a903-eadc130d13d1@group-83984122B78E: changes role from  FOLLOWER to CANDIDATE at term 19 for changeToCandidate
2019-10-30 11:52:34,488 [Thread-630] INFO  impl.RoleInfo (RoleInfo.java:updateAndGet(143)) - f26e10ed-fb17-49e6-a903-eadc130d13d1: start LeaderElection
2019-10-30 11:52:34,505 [Thread-622] INFO  impl.FollowerState (FollowerState.java:run(108)) - 9dbd5372-55c2-4532-b354-9494d3d545d2@group-F367C8FA5986-FollowerState: change to CANDIDATE, lastRpcTime:176ms, electionTimeout:176ms
2019-10-30 11:52:34,506 [Thread-622] INFO  impl.RoleInfo (RoleInfo.java:shutdownFollowerState(121)) - 9dbd5372-55c2-4532-b354-9494d3d545d2: shutdown FollowerState
2019-10-30 11:52:34,506 [Thread-622] INFO  impl.RaftServerImpl (RaftServerImpl.java:setRole(184)) - 9dbd5372-55c2-4532-b354-9494d3d545d2@group-F367C8FA5986: changes role from  FOLLOWER to CANDIDATE at term 16 for changeToCandidate
2019-10-30 11:52:34,506 [Thread-622] INFO  impl.RoleInfo (RoleInfo.java:updateAndGet(143)) - 9dbd5372-55c2-4532-b354-9494d3d545d2: start LeaderElection
2019-10-30 11:52:34,507 [f26e10ed-fb17-49e6-a903-eadc130d13d1@group-83984122B78E-LeaderElection46] INFO  impl.LeaderElection (LeaderElection.java:askForVotes(178)) - f26e10ed-fb17-49e6-a903-eadc130d13d1@group-83984122B78E-LeaderElection46: begin an election at term 20 for -1: [4f16e274-8663-4a15-9c4c-c81f650ab979:192.168.157.220:38181, 4cc44201-a597-43af-a4ec-5b1b407a6250:192.168.157.220:36685, f26e10ed-fb17-49e6-a903-eadc130d13d1:192.168.157.220:32806], old=null
2019-10-30 11:52:34,509 [grpc-default-executor-8] INFO  impl.RaftServerImpl (RaftServerImpl.java:setRole(184)) - 4f16e274-8663-4a15-9c4c-c81f650ab979@group-83984122B78E: changes role from  FOLLOWER to FOLLOWER at term 20 for recognizeCandidate:f26e10ed-fb17-49e6-a903-eadc130d13d1
2019-10-30 11:52:34,509 [grpc-default-executor-9] INFO  impl.RaftServerImpl (RaftServerImpl.java:setRole(184)) - 4cc44201-a597-43af-a4ec-5b1b407a6250@group-83984122B78E: changes role from  FOLLOWER to FOLLOWER at term 20 for recognizeCandidate:f26e10ed-fb17-49e6-a903-eadc130d13d1
2019-10-30 11:52:34,509 [f26e10ed-fb17-49e6-a903-eadc130d13d1@group-83984122B78E-LeaderElection46] INFO  impl.LeaderElection (LeaderElection.java:logAndReturn(56)) - f26e10ed-fb17-49e6-a903-eadc130d13d1@group-83984122B78E-LeaderElection46: Election TIMEOUT; received 0 response(s) [] and 0 exception(s); f26e10ed-fb17-49e6-a903-eadc130d13d1@group-83984122B78E:t20, leader=null, voted=f26e10ed-fb17-49e6-a903-eadc130d13d1, raftlog=f26e10ed-fb17-49e6-a903-eadc130d13d1@group-83984122B78E-SegmentedRaftLog:OPENED:c-1,f-1,i0, conf=-1: [4f16e274-8663-4a15-9c4c-c81f650ab979:192.168.157.220:38181, 4cc44201-a597-43af-a4ec-5b1b407a6250:192.168.157.220:36685, f26e10ed-fb17-49e6-a903-eadc130d13d1:192.168.157.220:32806], old=null
2019-10-30 11:52:34,509 [grpc-default-executor-8] INFO  impl.RoleInfo (RoleInfo.java:shutdownFollowerState(121)) - 4f16e274-8663-4a15-9c4c-c81f650ab979: shutdown FollowerState
2019-10-30 11:52:34,509 [grpc-default-executor-9] INFO  impl.RoleInfo (RoleInfo.java:shutdownFollowerState(121)) - 4cc44201-a597-43af-a4ec-5b1b407a6250: shutdown FollowerState
2019-10-30 11:52:34,510 [Thread-628] INFO  impl.FollowerState (FollowerState.java:run(117)) - 4f16e274-8663-4a15-9c4c-c81f650ab979@group-83984122B78E-FollowerState was interrupted: java.lang.InterruptedException: sleep interrupted
2019-10-30 11:52:34,510 [grpc-default-executor-8] INFO  impl.RoleInfo (RoleInfo.java:updateAndGet(143)) - 4f16e274-8663-4a15-9c4c-c81f650ab979: start FollowerState
2019-10-30 11:52:34,510 [Thread-629] INFO  impl.FollowerState (FollowerState.java:run(117)) - 4cc44201-a597-43af-a4ec-5b1b407a6250@group-83984122B78E-FollowerState was interrupted: java.lang.InterruptedException: sleep interrupted
2019-10-30 11:52:34,510 [grpc-default-executor-9] INFO  impl.RoleInfo (RoleInfo.java:updateAndGet(143)) - 4cc44201-a597-43af-a4ec-5b1b407a6250: start FollowerState
2019-10-30 11:52:34,511 [9dbd5372-55c2-4532-b354-9494d3d545d2@group-F367C8FA5986-LeaderElection47] INFO  impl.LeaderElection (LeaderElection.java:askForVotes(178)) - 9dbd5372-55c2-4532-b354-9494d3d545d2@group-F367C8FA5986-LeaderElection47: begin an election at term 17 for -1: [9b3ef6c9-0245-4756-bf80-45d41f7a4453:192.168.157.220:37058, cd11b2f5-3187-4d03-bd60-931991550c17:192.168.157.220:43236, 9dbd5372-55c2-4532-b354-9494d3d545d2:192.168.157.220:42993], old=null
2019-10-30 11:52:34,514 [grpc-default-executor-0] INFO  impl.RaftServerImpl (RaftServerImpl.java:setRole(184)) - cd11b2f5-3187-4d03-bd60-931991550c17@group-F367C8FA5986: changes role from  FOLLOWER to FOLLOWER at term 17 for recognizeCandidate:9dbd5372-55c2-4532-b354-9494d3d545d2
2019-10-30 11:52:34,514 [grpc-default-executor-0] INFO  impl.RoleInfo (RoleInfo.java:shutdownFollowerState(121)) - cd11b2f5-3187-4d03-bd60-931991550c17: shutdown FollowerState
2019-10-30 11:52:34,514 [grpc-default-executor-0] INFO  impl.RoleInfo (RoleInfo.java:updateAndGet(143)) - cd11b2f5-3187-4d03-bd60-931991550c17: start FollowerState
2019-10-30 11:52:34,514 [f26e10ed-fb17-49e6-a903-eadc130d13d1@group-83984122B78E-LeaderElection46] INFO  impl.LeaderElection (LeaderElection.java:askForVotes(178)) - f26e10ed-fb17-49e6-a903-eadc130d13d1@group-83984122B78E-LeaderElection46: begin an election at term 21 for -1: [4f16e274-8663-4a15-9c4c-c81f650ab979:192.168.157.220:38181, 4cc44201-a597-43af-a4ec-5b1b407a6250:192.168.157.220:36685, f26e10ed-fb17-49e6-a903-eadc130d13d1:192.168.157.220:32806], old=null
2019-10-30 11:52:34,514 [Thread-620] INFO  impl.FollowerState (FollowerState.java:run(117)) - cd11b2f5-3187-4d03-bd60-931991550c17@group-F367C8FA5986-FollowerState was interrupted: java.lang.InterruptedException: sleep interrupted
2019-10-30 11:52:34,516 [grpc-default-executor-9] INFO  impl.RaftServerImpl (RaftServerImpl.java:setRole(184)) - 4f16e274-8663-4a15-9c4c-c81f650ab979@group-83984122B78E: changes role from  FOLLOWER to FOLLOWER at term 21 for recognizeCandidate:f26e10ed-fb17-49e6-a903-eadc130d13d1
2019-10-30 11:52:34,516 [grpc-default-executor-8] INFO  impl.RaftServerImpl (RaftServerImpl.java:setRole(184)) - 4cc44201-a597-43af-a4ec-5b1b407a6250@group-83984122B78E: changes role from  FOLLOWER to FOLLOWER at term 21 for recognizeCandidate:f26e10ed-fb17-49e6-a903-eadc130d13d1
2019-10-30 11:52:34,516 [grpc-default-executor-9] INFO  impl.RoleInfo (RoleInfo.java:shutdownFollowerState(121)) - 4f16e274-8663-4a15-9c4c-c81f650ab979: shutdown FollowerState
2019-10-30 11:52:34,517 [grpc-default-executor-8] INFO  impl.RoleInfo (RoleInfo.java:shutdownFollowerState(121)) - 4cc44201-a597-43af-a4ec-5b1b407a6250: shutdown FollowerState
2019-10-30 11:52:34,517 [Thread-635] INFO  impl.FollowerState (FollowerState.java:run(117)) - 4f16e274-8663-4a15-9c4c-c81f650ab979@group-83984122B78E-FollowerState was interrupted: java.lang.InterruptedException: sleep interrupted
2019-10-30 11:52:34,517 [grpc-default-executor-9] INFO  impl.RoleInfo (RoleInfo.java:updateAndGet(143)) - 4f16e274-8663-4a15-9c4c-c81f650ab979: start FollowerState
2019-10-30 11:52:34,517 [grpc-default-executor-8] INFO  impl.RoleInfo (RoleInfo.java:updateAndGet(143)) - 4cc44201-a597-43af-a4ec-5b1b407a6250: start FollowerState
2019-10-30 11:52:34,517 [Thread-636] INFO  impl.FollowerState (FollowerState.java:run(117)) - 4cc44201-a597-43af-a4ec-5b1b407a6250@group-83984122B78E-FollowerState was interrupted: java.lang.InterruptedException: sleep interrupted
2019-10-30 11:52:34,518 [grpc-default-executor-4] INFO  impl.RaftServerImpl (RaftServerImpl.java:setRole(184)) - 9b3ef6c9-0245-4756-bf80-45d41f7a4453@group-F367C8FA5986: changes role from  FOLLOWER to FOLLOWER at term 17 for recognizeCandidate:9dbd5372-55c2-4532-b354-9494d3d545d2
2019-10-30 11:52:34,518 [grpc-default-executor-4] INFO  impl.RoleInfo (RoleInfo.java:shutdownFollowerState(121)) - 9b3ef6c9-0245-4756-bf80-45d41f7a4453: shutdown FollowerState
2019-10-30 11:52:34,518 [grpc-default-executor-4] INFO  impl.RoleInfo (RoleInfo.java:updateAndGet(143)) - 9b3ef6c9-0245-4756-bf80-45d41f7a4453: start FollowerState
2019-10-30 11:52:34,519 [Thread-621] INFO  impl.FollowerState (FollowerState.java:run(117)) - 9b3ef6c9-0245-4756-bf80-45d41f7a4453@group-F367C8FA5986-FollowerState was interrupted: java.lang.InterruptedException: sleep interrupted
2019-10-30 11:52:34,538 [f26e10ed-fb17-49e6-a903-eadc130d13d1@group-83984122B78E-LeaderElection46] INFO  impl.LeaderElection (LeaderElection.java:logAndReturn(56)) - f26e10ed-fb17-49e6-a903-eadc130d13d1@group-83984122B78E-LeaderElection46: Election REJECTED; received 2 response(s) [f26e10ed-fb17-49e6-a903-eadc130d13d1<-4f16e274-8663-4a15-9c4c-c81f650ab979#0:FAIL-t21, f26e10ed-fb17-49e6-a903-eadc130d13d1<-4cc44201-a597-43af-a4ec-5b1b407a6250#0:FAIL-t21] and 0 exception(s); f26e10ed-fb17-49e6-a903-eadc130d13d1@group-83984122B78E:t21, leader=null, voted=f26e10ed-fb17-49e6-a903-eadc130d13d1, raftlog=f26e10ed-fb17-49e6-a903-eadc130d13d1@group-83984122B78E-SegmentedRaftLog:OPENED:c-1,f-1,i0, conf=-1: [4f16e274-8663-4a15-9c4c-c81f650ab979:192.168.157.220:38181, 4cc44201-a597-43af-a4ec-5b1b407a6250:192.168.157.220:36685, f26e10ed-fb17-49e6-a903-eadc130d13d1:192.168.157.220:32806], old=null
2019-10-30 11:52:34,538 [f26e10ed-fb17-49e6-a903-eadc130d13d1@group-83984122B78E-LeaderElection46] INFO  impl.RaftServerImpl (RaftServerImpl.java:setRole(184)) - f26e10ed-fb17-49e6-a903-eadc130d13d1@group-83984122B78E: changes role from CANDIDATE to FOLLOWER at term 21 for DISCOVERED_A_NEW_TERM
2019-10-30 11:52:34,538 [f26e10ed-fb17-49e6-a903-eadc130d13d1@group-83984122B78E-LeaderElection46] INFO  impl.RoleInfo (RoleInfo.java:shutdownLeaderElection(134)) - f26e10ed-fb17-49e6-a903-eadc130d13d1: shutdown LeaderElection
2019-10-30 11:52:34,538 [f26e10ed-fb17-49e6-a903-eadc130d13d1@group-83984122B78E-LeaderElection46] INFO  impl.RoleInfo (RoleInfo.java:updateAndGet(143)) - f26e10ed-fb17-49e6-a903-eadc130d13d1: start FollowerState
2019-10-30 11:52:34,539 [9dbd5372-55c2-4532-b354-9494d3d545d2@group-F367C8FA5986-LeaderElection47] INFO  impl.LeaderElection (LeaderElection.java:logAndReturn(56)) - 9dbd5372-55c2-4532-b354-9494d3d545d2@group-F367C8FA5986-LeaderElection47: Election REJECTED; received 2 response(s) [9dbd5372-55c2-4532-b354-9494d3d545d2<-9b3ef6c9-0245-4756-bf80-45d41f7a4453#0:FAIL-t17, 9dbd5372-55c2-4532-b354-9494d3d545d2<-cd11b2f5-3187-4d03-bd60-931991550c17#0:FAIL-t17] and 0 exception(s); 9dbd5372-55c2-4532-b354-9494d3d545d2@group-F367C8FA5986:t17, leader=null, voted=9dbd5372-55c2-4532-b354-9494d3d545d2, raftlog=9dbd5372-55c2-4532-b354-9494d3d545d2@group-F367C8FA5986-SegmentedRaftLog:OPENED:c-1,f-1,i0, conf=-1: [9b3ef6c9-0245-4756-bf80-45d41f7a4453:192.168.157.220:37058, cd11b2f5-3187-4d03-bd60-931991550c17:192.168.157.220:43236, 9dbd5372-55c2-4532-b354-9494d3d545d2:192.168.157.220:42993], old=null
2019-10-30 11:52:34,539 [9dbd5372-55c2-4532-b354-9494d3d545d2@group-F367C8FA5986-LeaderElection47] INFO  impl.RaftServerImpl (RaftServerImpl.java:setRole(184)) - 9dbd5372-55c2-4532-b354-9494d3d545d2@group-F367C8FA5986: changes role from CANDIDATE to FOLLOWER at term 17 for DISCOVERED_A_NEW_TERM
2019-10-30 11:52:34,539 [9dbd5372-55c2-4532-b354-9494d3d545d2@group-F367C8FA5986-LeaderElection47] INFO  impl.RoleInfo (RoleInfo.java:shutdownLeaderElection(134)) - 9dbd5372-55c2-4532-b354-9494d3d545d2: shutdown LeaderElection
2019-10-30 11:52:34,539 [9dbd5372-55c2-4532-b354-9494d3d545d2@group-F367C8FA5986-LeaderElection47] INFO  impl.RoleInfo (RoleInfo.java:updateAndGet(143)) - 9dbd5372-55c2-4532-b354-9494d3d545d2: start FollowerState
2019-10-30 11:52:34,630 [Thread-645] INFO  impl.FollowerState (FollowerState.java:run(108)) - f26e10ed-fb17-49e6-a903-eadc130d13d1@group-83984122B78E-FollowerState: change to CANDIDATE, lastRpcTime:91ms, electionTimeout:91ms
2019-10-30 11:52:34,630 [Thread-645] INFO  impl.RoleInfo (RoleInfo.java:shutdownFollowerState(121)) - f26e10ed-fb17-49e6-a903-eadc130d13d1: shutdown FollowerState
2019-10-30 11:52:34,630 [Thread-645] INFO  impl.RaftServerImpl (RaftServerImpl.java:setRole(184)) - f26e10ed-fb17-49e6-a903-eadc130d13d1@group-83984122B78E: changes role from  FOLLOWER to CANDIDATE at term 21 for changeToCandidate
2019-10-30 11:52:34,630 [Thread-645] INFO  impl.RoleInfo (RoleInfo.java:updateAndGet(143)) - f26e10ed-fb17-49e6-a903-eadc130d13d1: start LeaderElection
2019-10-30 11:52:34,635 [f26e10ed-fb17-49e6-a903-eadc130d13d1@group-83984122B78E-LeaderElection48] INFO  impl.LeaderElection (LeaderElection.java:askForVotes(178)) - f26e10ed-fb17-49e6-a903-eadc130d13d1@group-83984122B78E-LeaderElection48: begin an election at term 22 for -1: [4f16e274-8663-4a15-9c4c-c81f650ab979:192.168.157.220:38181, 4cc44201-a597-43af-a4ec-5b1b407a6250:192.168.157.220:36685, f26e10ed-fb17-49e6-a903-eadc130d13d1:192.168.157.220:32806], old=null
2019-10-30 11:52:34,637 [grpc-default-executor-4] INFO  impl.RaftServerImpl (RaftServerImpl.java:setRole(184)) - 4cc44201-a597-43af-a4ec-5b1b407a6250@group-83984122B78E: changes role from  FOLLOWER to FOLLOWER at term 22 for recognizeCandidate:f26e10ed-fb17-49e6-a903-eadc130d13d1
2019-10-30 11:52:34,637 [grpc-default-executor-8] INFO  impl.RaftServerImpl (RaftServerImpl.java:setRole(184)) - 4f16e274-8663-4a15-9c4c-c81f650ab979@group-83984122B78E: changes role from  FOLLOWER to FOLLOWER at term 22 for recognizeCandidate:f26e10ed-fb17-49e6-a903-eadc130d13d1
2019-10-30 11:52:34,637 [grpc-default-executor-4] INFO  impl.RoleInfo (RoleInfo.java:shutdownFollowerState(121)) - 4cc44201-a597-43af-a4ec-5b1b407a6250: shutdown FollowerState
2019-10-30 11:52:34,638 [grpc-default-executor-8] INFO  impl.RoleInfo (RoleInfo.java:shutdownFollowerState(121)) - 4f16e274-8663-4a15-9c4c-c81f650ab979: shutdown FollowerState
2019-10-30 11:52:34,638 [Thread-643] INFO  impl.FollowerState (FollowerState.java:run(117)) - 4cc44201-a597-43af-a4ec-5b1b407a6250@group-83984122B78E-FollowerState was interrupted: java.lang.InterruptedException: sleep interrupted
2019-10-30 11:52:34,638 [Thread-642] INFO  impl.FollowerState (FollowerState.java:run(117)) - 4f16e274-8663-4a15-9c4c-c81f650ab979@group-83984122B78E-FollowerState was interrupted: java.lang.InterruptedException: sleep interrupted
2019-10-30 11:52:34,638 [grpc-default-executor-4] INFO  impl.RoleInfo (RoleInfo.java:updateAndGet(143)) - 4cc44201-a597-43af-a4ec-5b1b407a6250: start FollowerState
2019-10-30 11:52:34,638 [grpc-default-executor-8] INFO  impl.RoleInfo (RoleInfo.java:updateAndGet(143)) - 4f16e274-8663-4a15-9c4c-c81f650ab979: start FollowerState
2019-10-30 11:52:34,670 [f26e10ed-fb17-49e6-a903-eadc130d13d1@group-83984122B78E-LeaderElection48] INFO  impl.LeaderElection (LeaderElection.java:logAndReturn(56)) - f26e10ed-fb17-49e6-a903-eadc130d13d1@group-83984122B78E-LeaderElection48: Election REJECTED; received 2 response(s) [f26e10ed-fb17-49e6-a903-eadc130d13d1<-4f16e274-8663-4a15-9c4c-c81f650ab979#0:FAIL-t22, f26e10ed-fb17-49e6-a903-eadc130d13d1<-4cc44201-a597-43af-a4ec-5b1b407a6250#0:FAIL-t22] and 0 exception(s); f26e10ed-fb17-49e6-a903-eadc130d13d1@group-83984122B78E:t22, leader=null, voted=f26e10ed-fb17-49e6-a903-eadc130d13d1, raftlog=f26e10ed-fb17-49e6-a903-eadc130d13d1@group-83984122B78E-SegmentedRaftLog:OPENED:c-1,f-1,i0, conf=-1: [4f16e274-8663-4a15-9c4c-c81f650ab979:192.168.157.220:38181, 4cc44201-a597-43af-a4ec-5b1b407a6250:192.168.157.220:36685, f26e10ed-fb17-49e6-a903-eadc130d13d1:192.168.157.220:32806], old=null
2019-10-30 11:52:34,670 [f26e10ed-fb17-49e6-a903-eadc130d13d1@group-83984122B78E-LeaderElection48] INFO  impl.RaftServerImpl (RaftServerImpl.java:setRole(184)) - f26e10ed-fb17-49e6-a903-eadc130d13d1@group-83984122B78E: changes role from CANDIDATE to FOLLOWER at term 22 for DISCOVERED_A_NEW_TERM
2019-10-30 11:52:34,670 [f26e10ed-fb17-49e6-a903-eadc130d13d1@group-83984122B78E-LeaderElection48] INFO  impl.RoleInfo (RoleInfo.java:shutdownLeaderElection(134)) - f26e10ed-fb17-49e6-a903-eadc130d13d1: shutdown LeaderElection
2019-10-30 11:52:34,670 [f26e10ed-fb17-49e6-a903-eadc130d13d1@group-83984122B78E-LeaderElection48] INFO  impl.RoleInfo (RoleInfo.java:updateAndGet(143)) - f26e10ed-fb17-49e6-a903-eadc130d13d1: start FollowerState
2019-10-30 11:52:34,719 [Thread-646] INFO  impl.FollowerState (FollowerState.java:run(108)) - 9dbd5372-55c2-4532-b354-9494d3d545d2@group-F367C8FA5986-FollowerState: change to CANDIDATE, lastRpcTime:179ms, electionTimeout:179ms
2019-10-30 11:52:34,719 [Thread-646] INFO  impl.RoleInfo (RoleInfo.java:shutdownFollowerState(121)) - 9dbd5372-55c2-4532-b354-9494d3d545d2: shutdown FollowerState
2019-10-30 11:52:34,719 [Thread-646] INFO  impl.RaftServerImpl (RaftServerImpl.java:setRole(184)) - 9dbd5372-55c2-4532-b354-9494d3d545d2@group-F367C8FA5986: changes role from  FOLLOWER to CANDIDATE at term 17 for changeToCandidate
2019-10-30 11:52:34,719 [Thread-646] INFO  impl.RoleInfo (RoleInfo.java:updateAndGet(143)) - 9dbd5372-55c2-4532-b354-9494d3d545d2: start LeaderElection
2019-10-30 11:52:34,738 [9dbd5372-55c2-4532-b354-9494d3d545d2@group-F367C8FA5986-LeaderElection49] INFO  impl.LeaderElection (LeaderElection.java:askForVotes(178)) - 9dbd5372-55c2-4532-b354-9494d3d545d2@group-F367C8FA5986-LeaderElection49: begin an election at term 18 for -1: [9b3ef6c9-0245-4756-bf80-45d41f7a4453:192.168.157.220:37058, cd11b2f5-3187-4d03-bd60-931991550c17:192.168.157.220:43236, 9dbd5372-55c2-4532-b354-9494d3d545d2:192.168.157.220:42993], old=null
2019-10-30 11:52:34,747 [grpc-default-executor-9] INFO  impl.RaftServerImpl (RaftServerImpl.java:setRole(184)) - 9b3ef6c9-0245-4756-bf80-45d41f7a4453@group-F367C8FA5986: changes role from  FOLLOWER to FOLLOWER at term 18 for recognizeCandidate:9dbd5372-55c2-4532-b354-9494d3d545d2
2019-10-30 11:52:34,747 [grpc-default-executor-9] INFO  impl.RoleInfo (RoleInfo.java:shutdownFollowerState(121)) - 9b3ef6c9-0245-4756-bf80-45d41f7a4453: shutdown FollowerState
2019-10-30 11:52:34,747 [grpc-default-executor-9] INFO  impl.RoleInfo (RoleInfo.java:updateAndGet(143)) - 9b3ef6c9-0245-4756-bf80-45d41f7a4453: start FollowerState
2019-10-30 11:52:34,747 [Thread-644] INFO  impl.FollowerState (FollowerState.java:run(117)) - 9b3ef6c9-0245-4756-bf80-45d41f7a4453@group-F367C8FA5986-FollowerState was interrupted: java.lang.InterruptedException: sleep interrupted
2019-10-30 11:52:34,748 [grpc-default-executor-4] INFO  impl.RaftServerImpl (RaftServerImpl.java:setRole(184)) - cd11b2f5-3187-4d03-bd60-931991550c17@group-F367C8FA5986: changes role from  FOLLOWER to FOLLOWER at term 18 for recognizeCandidate:9dbd5372-55c2-4532-b354-9494d3d545d2
2019-10-30 11:52:34,749 [grpc-default-executor-4] INFO  impl.RoleInfo (RoleInfo.java:shutdownFollowerState(121)) - cd11b2f5-3187-4d03-bd60-931991550c17: shutdown FollowerState
2019-10-30 11:52:34,749 [grpc-default-executor-4] INFO  impl.RoleInfo (RoleInfo.java:updateAndGet(143)) - cd11b2f5-3187-4d03-bd60-931991550c17: start FollowerState
2019-10-30 11:52:34,752 [Thread-639] INFO  impl.FollowerState (FollowerState.java:run(117)) - cd11b2f5-3187-4d03-bd60-931991550c17@group-F367C8FA5986-FollowerState was interrupted: java.lang.InterruptedException: sleep interrupted
2019-10-30 11:52:34,766 [9dbd5372-55c2-4532-b354-9494d3d545d2@group-F367C8FA5986-LeaderElection49] INFO  impl.LeaderElection (LeaderElection.java:logAndReturn(56)) - 9dbd5372-55c2-4532-b354-9494d3d545d2@group-F367C8FA5986-LeaderElection49: Election REJECTED; received 2 response(s) [9dbd5372-55c2-4532-b354-9494d3d545d2<-9b3ef6c9-0245-4756-bf80-45d41f7a4453#0:FAIL-t18, 9dbd5372-55c2-4532-b354-9494d3d545d2<-cd11b2f5-3187-4d03-bd60-931991550c17#0:FAIL-t18] and 0 exception(s); 9dbd5372-55c2-4532-b354-9494d3d545d2@group-F367C8FA5986:t18, leader=null, voted=9dbd5372-55c2-4532-b354-9494d3d545d2, raftlog=9dbd5372-55c2-4532-b354-9494d3d545d2@group-F367C8FA5986-SegmentedRaftLog:OPENED:c-1,f-1,i0, conf=-1: [9b3ef6c9-0245-4756-bf80-45d41f7a4453:192.168.157.220:37058, cd11b2f5-3187-4d03-bd60-931991550c17:192.168.157.220:43236, 9dbd5372-55c2-4532-b354-9494d3d545d2:192.168.157.220:42993], old=null
2019-10-30 11:52:34,766 [9dbd5372-55c2-4532-b354-9494d3d545d2@group-F367C8FA5986-LeaderElection49] INFO  impl.RaftServerImpl (RaftServerImpl.java:setRole(184)) - 9dbd5372-55c2-4532-b354-9494d3d545d2@group-F367C8FA5986: changes role from CANDIDATE to FOLLOWER at term 18 for DISCOVERED_A_NEW_TERM
2019-10-30 11:52:34,766 [9dbd5372-55c2-4532-b354-9494d3d545d2@group-F367C8FA5986-LeaderElection49] INFO  impl.RoleInfo (RoleInfo.java:shutdownLeaderElection(134)) - 9dbd5372-55c2-4532-b354-9494d3d545d2: shutdown LeaderElection
2019-10-30 11:52:34,766 [9dbd5372-55c2-4532-b354-9494d3d545d2@group-F367C8FA5986-LeaderElection49] INFO  impl.RoleInfo (RoleInfo.java:updateAndGet(143)) - 9dbd5372-55c2-4532-b354-9494d3d545d2: start FollowerState
2019-10-30 11:52:34,802 [Thread-652] INFO  impl.FollowerState (FollowerState.java:run(108)) - f26e10ed-fb17-49e6-a903-eadc130d13d1@group-83984122B78E-FollowerState: change to CANDIDATE, lastRpcTime:132ms, electionTimeout:132ms
2019-10-30 11:52:34,803 [Thread-652] INFO  impl.RoleInfo (RoleInfo.java:shutdownFollowerState(121)) - f26e10ed-fb17-49e6-a903-eadc130d13d1: shutdown FollowerState
2019-10-30 11:52:34,803 [Thread-652] INFO  impl.RaftServerImpl (RaftServerImpl.java:setRole(184)) - f26e10ed-fb17-49e6-a903-eadc130d13d1@group-83984122B78E: changes role from  FOLLOWER to CANDIDATE at term 22 for changeToCandidate
2019-10-30 11:52:34,803 [Thread-652] INFO  impl.RoleInfo (RoleInfo.java:updateAndGet(143)) - f26e10ed-fb17-49e6-a903-eadc130d13d1: start LeaderElection
2019-10-30 11:52:34,827 [f26e10ed-fb17-49e6-a903-eadc130d13d1@group-83984122B78E-LeaderElection50] INFO  impl.LeaderElection (LeaderElection.java:askForVotes(178)) - f26e10ed-fb17-49e6-a903-eadc130d13d1@group-83984122B78E-LeaderElection50: begin an election at term 23 for -1: [4f16e274-8663-4a15-9c4c-c81f650ab979:192.168.157.220:38181, 4cc44201-a597-43af-a4ec-5b1b407a6250:192.168.157.220:36685, f26e10ed-fb17-49e6-a903-eadc130d13d1:192.168.157.220:32806], old=null
2019-10-30 11:52:34,830 [grpc-default-executor-9] INFO  impl.RaftServerImpl (RaftServerImpl.java:setRole(184)) - 4cc44201-a597-43af-a4ec-5b1b407a6250@group-83984122B78E: changes role from  FOLLOWER to FOLLOWER at term 23 for recognizeCandidate:f26e10ed-fb17-49e6-a903-eadc130d13d1
2019-10-30 11:52:34,830 [grpc-default-executor-9] INFO  impl.RoleInfo (RoleInfo.java:shutdownFollowerState(121)) - 4cc44201-a597-43af-a4ec-5b1b407a6250: shutdown FollowerState
2019-10-30 11:52:34,830 [grpc-default-executor-9] INFO  impl.RoleInfo (RoleInfo.java:updateAndGet(143)) - 4cc44201-a597-43af-a4ec-5b1b407a6250: start FollowerState
2019-10-30 11:52:34,830 [grpc-default-executor-4] INFO  impl.RaftServerImpl (RaftServerImpl.java:setRole(184)) - 4f16e274-8663-4a15-9c4c-c81f650ab979@group-83984122B78E: changes role from  FOLLOWER to FOLLOWER at term 23 for recognizeCandidate:f26e10ed-fb17-49e6-a903-eadc130d13d1
2019-10-30 11:52:34,830 [Thread-650] INFO  impl.FollowerState (FollowerState.java:run(117)) - 4cc44201-a597-43af-a4ec-5b1b407a6250@group-83984122B78E-FollowerState was interrupted: java.lang.InterruptedException: sleep interrupted
2019-10-30 11:52:34,830 [grpc-default-executor-4] INFO  impl.RoleInfo (RoleInfo.java:shutdownFollowerState(121)) - 4f16e274-8663-4a15-9c4c-c81f650ab979: shutdown FollowerState
2019-10-30 11:52:34,831 [grpc-default-executor-4] INFO  impl.RoleInfo (RoleInfo.java:updateAndGet(143)) - 4f16e274-8663-4a15-9c4c-c81f650ab979: start FollowerState
2019-10-30 11:52:34,832 [Thread-651] INFO  impl.FollowerState (FollowerState.java:run(117)) - 4f16e274-8663-4a15-9c4c-c81f650ab979@group-83984122B78E-FollowerState was interrupted: java.lang.InterruptedException: sleep interrupted
2019-10-30 11:52:34,845 [f26e10ed-fb17-49e6-a903-eadc130d13d1@group-83984122B78E-LeaderElection50] INFO  impl.LeaderElection (LeaderElection.java:logAndReturn(56)) - f26e10ed-fb17-49e6-a903-eadc130d13d1@group-83984122B78E-LeaderElection50: Election REJECTED; received 2 response(s) [f26e10ed-fb17-49e6-a903-eadc130d13d1<-4f16e274-8663-4a15-9c4c-c81f650ab979#0:FAIL-t23, f26e10ed-fb17-49e6-a903-eadc130d13d1<-4cc44201-a597-43af-a4ec-5b1b407a6250#0:FAIL-t23] and 0 exception(s); f26e10ed-fb17-49e6-a903-eadc130d13d1@group-83984122B78E:t23, leader=null, voted=f26e10ed-fb17-49e6-a903-eadc130d13d1, raftlog=f26e10ed-fb17-49e6-a903-eadc130d13d1@group-83984122B78E-SegmentedRaftLog:OPENED:c-1,f-1,i0, conf=-1: [4f16e274-8663-4a15-9c4c-c81f650ab979:192.168.157.220:38181, 4cc44201-a597-43af-a4ec-5b1b407a6250:192.168.157.220:36685, f26e10ed-fb17-49e6-a903-eadc130d13d1:192.168.157.220:32806], old=null
2019-10-30 11:52:34,845 [f26e10ed-fb17-49e6-a903-eadc130d13d1@group-83984122B78E-LeaderElection50] INFO  impl.RaftServerImpl (RaftServerImpl.java:setRole(184)) - f26e10ed-fb17-49e6-a903-eadc130d13d1@group-83984122B78E: changes role from CANDIDATE to FOLLOWER at term 23 for DISCOVERED_A_NEW_TERM
2019-10-30 11:52:34,845 [f26e10ed-fb17-49e6-a903-eadc130d13d1@group-83984122B78E-LeaderElection50] INFO  impl.RoleInfo (RoleInfo.java:shutdownLeaderElection(134)) - f26e10ed-fb17-49e6-a903-eadc130d13d1: shutdown LeaderElection
2019-10-30 11:52:34,845 [f26e10ed-fb17-49e6-a903-eadc130d13d1@group-83984122B78E-LeaderElection50] INFO  impl.RoleInfo (RoleInfo.java:updateAndGet(143)) - f26e10ed-fb17-49e6-a903-eadc130d13d1: start FollowerState
2019-10-30 11:52:34,863 [Thread-666] INFO  impl.FollowerState (FollowerState.java:run(108)) - f26e10ed-fb17-49e6-a903-eadc130d13d1@group-83984122B78E-FollowerState: change to CANDIDATE, lastRpcTime:17ms, electionTimeout:17ms
2019-10-30 11:52:34,863 [Thread-666] INFO  impl.RoleInfo (RoleInfo.java:shutdownFollowerState(121)) - f26e10ed-fb17-49e6-a903-eadc130d13d1: shutdown FollowerState
2019-10-30 11:52:34,863 [Thread-666] INFO  impl.RaftServerImpl (RaftServerImpl.java:setRole(184)) - f26e10ed-fb17-49e6-a903-eadc130d13d1@group-83984122B78E: changes role from  FOLLOWER to CANDIDATE at term 23 for changeToCandidate
2019-10-30 11:52:34,863 [Thread-666] INFO  impl.RoleInfo (RoleInfo.java:updateAndGet(143)) - f26e10ed-fb17-49e6-a903-eadc130d13d1: start LeaderElection
2019-10-30 11:52:34,874 [f26e10ed-fb17-49e6-a903-eadc130d13d1@group-83984122B78E-LeaderElection51] INFO  impl.LeaderElection (LeaderElection.java:askForVotes(178)) - f26e10ed-fb17-49e6-a903-eadc130d13d1@group-83984122B78E-LeaderElection51: begin an election at term 24 for -1: [4f16e274-8663-4a15-9c4c-c81f650ab979:192.168.157.220:38181, 4cc44201-a597-43af-a4ec-5b1b407a6250:192.168.157.220:36685, f26e10ed-fb17-49e6-a903-eadc130d13d1:192.168.157.220:32806], old=null
2019-10-30 11:52:34,875 [grpc-default-executor-9] INFO  impl.RaftServerImpl (RaftServerImpl.java:setRole(184)) - 4cc44201-a597-43af-a4ec-5b1b407a6250@group-83984122B78E: changes role from  FOLLOWER to FOLLOWER at term 24 for recognizeCandidate:f26e10ed-fb17-49e6-a903-eadc130d13d1
2019-10-30 11:52:34,876 [grpc-default-executor-9] INFO  impl.RoleInfo (RoleInfo.java:shutdownFollowerState(121)) - 4cc44201-a597-43af-a4ec-5b1b407a6250: shutdown FollowerState
2019-10-30 11:52:34,876 [grpc-default-executor-9] INFO  impl.RoleInfo (RoleInfo.java:updateAndGet(143)) - 4cc44201-a597-43af-a4ec-5b1b407a6250: start FollowerState
2019-10-30 11:52:34,876 [Thread-664] INFO  impl.FollowerState (FollowerState.java:run(117)) - 4cc44201-a597-43af-a4ec-5b1b407a6250@group-83984122B78E-FollowerState was interrupted: java.lang.InterruptedException: sleep interrupted
2019-10-30 11:52:34,876 [grpc-default-executor-4] INFO  impl.RaftServerImpl (RaftServerImpl.java:setRole(184)) - 4f16e274-8663-4a15-9c4c-c81f650ab979@group-83984122B78E: changes role from  FOLLOWER to FOLLOWER at term 24 for recognizeCandidate:f26e10ed-fb17-49e6-a903-eadc130d13d1
2019-10-30 11:52:34,876 [grpc-default-executor-4] INFO  impl.RoleInfo (RoleInfo.java:shutdownFollowerState(121)) - 4f16e274-8663-4a15-9c4c-c81f650ab979: shutdown FollowerState
2019-10-30 11:52:34,876 [grpc-default-executor-4] INFO  impl.RoleInfo (RoleInfo.java:updateAndGet(143)) - 4f16e274-8663-4a15-9c4c-c81f650ab979: start FollowerState
2019-10-30 11:52:34,877 [Thread-665] INFO  impl.FollowerState (FollowerState.java:run(117)) - 4f16e274-8663-4a15-9c4c-c81f650ab979@group-83984122B78E-FollowerState was interrupted: java.lang.InterruptedException: sleep interrupted
2019-10-30 11:52:34,887 [Thread-660] INFO  impl.FollowerState (FollowerState.java:run(108)) - 9dbd5372-55c2-4532-b354-9494d3d545d2@group-F367C8FA5986-FollowerState: change to CANDIDATE, lastRpcTime:121ms, electionTimeout:121ms
2019-10-30 11:52:34,887 [Thread-660] INFO  impl.RoleInfo (RoleInfo.java:shutdownFollowerState(121)) - 9dbd5372-55c2-4532-b354-9494d3d545d2: shutdown FollowerState
2019-10-30 11:52:34,887 [Thread-660] INFO  impl.RaftServerImpl (RaftServerImpl.java:setRole(184)) - 9dbd5372-55c2-4532-b354-9494d3d545d2@group-F367C8FA5986: changes role from  FOLLOWER to CANDIDATE at term 18 for changeToCandidate
2019-10-30 11:52:34,888 [Thread-660] INFO  impl.RoleInfo (RoleInfo.java:updateAndGet(143)) - 9dbd5372-55c2-4532-b354-9494d3d545d2: start LeaderElection
2019-10-30 11:52:34,890 [f26e10ed-fb17-49e6-a903-eadc130d13d1@group-83984122B78E-LeaderElection51] INFO  impl.LeaderElection (LeaderElection.java:logAndReturn(56)) - f26e10ed-fb17-49e6-a903-eadc130d13d1@group-83984122B78E-LeaderElection51: Election REJECTED; received 2 response(s) [f26e10ed-fb17-49e6-a903-eadc130d13d1<-4f16e274-8663-4a15-9c4c-c81f650ab979#0:FAIL-t24, f26e10ed-fb17-49e6-a903-eadc130d13d1<-4cc44201-a597-43af-a4ec-5b1b407a6250#0:FAIL-t24] and 0 exception(s); f26e10ed-fb17-49e6-a903-eadc130d13d1@group-83984122B78E:t24, leader=null, voted=f26e10ed-fb17-49e6-a903-eadc130d13d1, raftlog=f26e10ed-fb17-49e6-a903-eadc130d13d1@group-83984122B78E-SegmentedRaftLog:OPENED:c-1,f-1,i0, conf=-1: [4f16e274-8663-4a15-9c4c-c81f650ab979:192.168.157.220:38181, 4cc44201-a597-43af-a4ec-5b1b407a6250:192.168.157.220:36685, f26e10ed-fb17-49e6-a903-eadc130d13d1:192.168.157.220:32806], old=null
2019-10-30 11:52:34,891 [f26e10ed-fb17-49e6-a903-eadc130d13d1@group-83984122B78E-LeaderElection51] INFO  impl.RaftServerImpl (RaftServerImpl.java:setRole(184)) - f26e10ed-fb17-49e6-a903-eadc130d13d1@group-83984122B78E: changes role from CANDIDATE to FOLLOWER at term 24 for DISCOVERED_A_NEW_TERM
2019-10-30 11:52:34,891 [f26e10ed-fb17-49e6-a903-eadc130d13d1@group-83984122B78E-LeaderElection51] INFO  impl.RoleInfo (RoleInfo.java:shutdownLeaderElection(134)) - f26e10ed-fb17-49e6-a903-eadc130d13d1: shutdown LeaderElection
2019-10-30 11:52:34,891 [f26e10ed-fb17-49e6-a903-eadc130d13d1@group-83984122B78E-LeaderElection51] INFO  impl.RoleInfo (RoleInfo.java:updateAndGet(143)) - f26e10ed-fb17-49e6-a903-eadc130d13d1: start FollowerState
2019-10-30 11:52:34,893 [9dbd5372-55c2-4532-b354-9494d3d545d2@group-F367C8FA5986-LeaderElection52] INFO  impl.LeaderElection (LeaderElection.java:askForVotes(178)) - 9dbd5372-55c2-4532-b354-9494d3d545d2@group-F367C8FA5986-LeaderElection52: begin an election at term 19 for -1: [9b3ef6c9-0245-4756-bf80-45d41f7a4453:192.168.157.220:37058, cd11b2f5-3187-4d03-bd60-931991550c17:192.168.157.220:43236, 9dbd5372-55c2-4532-b354-9494d3d545d2:192.168.157.220:42993], old=null
2019-10-30 11:52:34,896 [grpc-default-executor-9] INFO  impl.RaftServerImpl (RaftServerImpl.java:setRole(184)) - 9b3ef6c9-0245-4756-bf80-45d41f7a4453@group-F367C8FA5986: changes role from  FOLLOWER to FOLLOWER at term 19 for recognizeCandidate:9dbd5372-55c2-4532-b354-9494d3d545d2
2019-10-30 11:52:34,896 [grpc-default-executor-9] INFO  impl.RoleInfo (RoleInfo.java:shutdownFollowerState(121)) - 9b3ef6c9-0245-4756-bf80-45d41f7a4453: shutdown FollowerState
2019-10-30 11:52:34,896 [grpc-default-executor-9] INFO  impl.RoleInfo (RoleInfo.java:updateAndGet(143)) - 9b3ef6c9-0245-4756-bf80-45d41f7a4453: start FollowerState
2019-10-30 11:52:34,896 [Thread-658] INFO  impl.FollowerState (FollowerState.java:run(117)) - 9b3ef6c9-0245-4756-bf80-45d41f7a4453@group-F367C8FA5986-FollowerState was interrupted: java.lang.InterruptedException: sleep interrupted
2019-10-30 11:52:34,898 [grpc-default-executor-4] INFO  impl.RaftServerImpl (RaftServerImpl.java:setRole(184)) - cd11b2f5-3187-4d03-bd60-931991550c17@group-F367C8FA5986: changes role from  FOLLOWER to FOLLOWER at term 19 for recognizeCandidate:9dbd5372-55c2-4532-b354-9494d3d545d2
2019-10-30 11:52:34,898 [grpc-default-executor-4] INFO  impl.RoleInfo (RoleInfo.java:shutdownFollowerState(121)) - cd11b2f5-3187-4d03-bd60-931991550c17: shutdown FollowerState
2019-10-30 11:52:34,898 [grpc-default-executor-4] INFO  impl.RoleInfo (RoleInfo.java:updateAndGet(143)) - cd11b2f5-3187-4d03-bd60-931991550c17: start FollowerState
2019-10-30 11:52:34,899 [Thread-659] INFO  impl.FollowerState (FollowerState.java:run(117)) - cd11b2f5-3187-4d03-bd60-931991550c17@group-F367C8FA5986-FollowerState was interrupted: java.lang.InterruptedException: sleep interrupted
2019-10-30 11:52:34,903 [9dbd5372-55c2-4532-b354-9494d3d545d2@group-F367C8FA5986-LeaderElection52] INFO  impl.LeaderElection (LeaderElection.java:logAndReturn(56)) - 9dbd5372-55c2-4532-b354-9494d3d545d2@group-F367C8FA5986-LeaderElection52: Election REJECTED; received 2 response(s) [9dbd5372-55c2-4532-b354-9494d3d545d2<-9b3ef6c9-0245-4756-bf80-45d41f7a4453#0:FAIL-t19, 9dbd5372-55c2-4532-b354-9494d3d545d2<-cd11b2f5-3187-4d03-bd60-931991550c17#0:FAIL-t19] and 0 exception(s); 9dbd5372-55c2-4532-b354-9494d3d545d2@group-F367C8FA5986:t19, leader=null, voted=9dbd5372-55c2-4532-b354-9494d3d545d2, raftlog=9dbd5372-55c2-4532-b354-9494d3d545d2@group-F367C8FA5986-SegmentedRaftLog:OPENED:c-1,f-1,i0, conf=-1: [9b3ef6c9-0245-4756-bf80-45d41f7a4453:192.168.157.220:37058, cd11b2f5-3187-4d03-bd60-931991550c17:192.168.157.220:43236, 9dbd5372-55c2-4532-b354-9494d3d545d2:192.168.157.220:42993], old=null
2019-10-30 11:52:34,903 [9dbd5372-55c2-4532-b354-9494d3d545d2@group-F367C8FA5986-LeaderElection52] INFO  impl.RaftServerImpl (RaftServerImpl.java:setRole(184)) - 9dbd5372-55c2-4532-b354-9494d3d545d2@group-F367C8FA5986: changes role from CANDIDATE to FOLLOWER at term 19 for DISCOVERED_A_NEW_TERM
2019-10-30 11:52:34,904 [9dbd5372-55c2-4532-b354-9494d3d545d2@group-F367C8FA5986-LeaderElection52] INFO  impl.RoleInfo (RoleInfo.java:shutdownLeaderElection(134)) - 9dbd5372-55c2-4532-b354-9494d3d545d2: shutdown LeaderElection
2019-10-30 11:52:34,904 [9dbd5372-55c2-4532-b354-9494d3d545d2@group-F367C8FA5986-LeaderElection52] INFO  impl.RoleInfo (RoleInfo.java:updateAndGet(143)) - 9dbd5372-55c2-4532-b354-9494d3d545d2: start FollowerState
2019-10-30 11:52:34,980 [Thread-679] INFO  impl.FollowerState (FollowerState.java:run(108)) - 9dbd5372-55c2-4532-b354-9494d3d545d2@group-F367C8FA5986-FollowerState: change to CANDIDATE, lastRpcTime:76ms, electionTimeout:76ms
2019-10-30 11:52:34,980 [Thread-679] INFO  impl.RoleInfo (RoleInfo.java:shutdownFollowerState(121)) - 9dbd5372-55c2-4532-b354-9494d3d545d2: shutdown FollowerState
2019-10-30 11:52:34,980 [Thread-679] INFO  impl.RaftServerImpl (RaftServerImpl.java:setRole(184)) - 9dbd5372-55c2-4532-b354-9494d3d545d2@group-F367C8FA5986: changes role from  FOLLOWER to CANDIDATE at term 19 for changeToCandidate
2019-10-30 11:52:34,980 [Thread-679] INFO  impl.RoleInfo (RoleInfo.java:updateAndGet(143)) - 9dbd5372-55c2-4532-b354-9494d3d545d2: start LeaderElection
2019-10-30 11:52:34,994 [Thread-674] INFO  impl.FollowerState (FollowerState.java:run(108)) - f26e10ed-fb17-49e6-a903-eadc130d13d1@group-83984122B78E-FollowerState: change to CANDIDATE, lastRpcTime:102ms, electionTimeout:99ms
2019-10-30 11:52:34,994 [Thread-674] INFO  impl.RoleInfo (RoleInfo.java:shutdownFollowerState(121)) - f26e10ed-fb17-49e6-a903-eadc130d13d1: shutdown FollowerState
2019-10-30 11:52:34,994 [Thread-674] INFO  impl.RaftServerImpl (RaftServerImpl.java:setRole(184)) - f26e10ed-fb17-49e6-a903-eadc130d13d1@group-83984122B78E: changes role from  FOLLOWER to CANDIDATE at term 24 for changeToCandidate
2019-10-30 11:52:34,994 [Thread-674] INFO  impl.RoleInfo (RoleInfo.java:updateAndGet(143)) - f26e10ed-fb17-49e6-a903-eadc130d13d1: start LeaderElection
2019-10-30 11:52:34,995 [9dbd5372-55c2-4532-b354-9494d3d545d2@group-F367C8FA5986-LeaderElection53] INFO  impl.LeaderElection (LeaderElection.java:askForVotes(178)) - 9dbd5372-55c2-4532-b354-9494d3d545d2@group-F367C8FA5986-LeaderElection53: begin an election at term 20 for -1: [9b3ef6c9-0245-4756-bf80-45d41f7a4453:192.168.157.220:37058, cd11b2f5-3187-4d03-bd60-931991550c17:192.168.157.220:43236, 9dbd5372-55c2-4532-b354-9494d3d545d2:192.168.157.220:42993], old=null
2019-10-30 11:52:34,998 [grpc-default-executor-9] INFO  impl.RaftServerImpl (RaftServerImpl.java:setRole(184)) - cd11b2f5-3187-4d03-bd60-931991550c17@group-F367C8FA5986: changes role from  FOLLOWER to FOLLOWER at term 20 for recognizeCandidate:9dbd5372-55c2-4532-b354-9494d3d545d2
2019-10-30 11:52:34,998 [9dbd5372-55c2-4532-b354-9494d3d545d2@group-F367C8FA5986-LeaderElection53] INFO  impl.LeaderElection (LeaderElection.java:logAndReturn(56)) - 9dbd5372-55c2-4532-b354-9494d3d545d2@group-F367C8FA5986-LeaderElection53: Election TIMEOUT; received 0 response(s) [] and 0 exception(s); 9dbd5372-55c2-4532-b354-9494d3d545d2@group-F367C8FA5986:t20, leader=null, voted=9dbd5372-55c2-4532-b354-9494d3d545d2, raftlog=9dbd5372-55c2-4532-b354-9494d3d545d2@group-F367C8FA5986-SegmentedRaftLog:OPENED:c-1,f-1,i0, conf=-1: [9b3ef6c9-0245-4756-bf80-45d41f7a4453:192.168.157.220:37058, cd11b2f5-3187-4d03-bd60-931991550c17:192.168.157.220:43236, 9dbd5372-55c2-4532-b354-9494d3d545d2:192.168.157.220:42993], old=null
2019-10-30 11:52:34,998 [grpc-default-executor-4] INFO  impl.RaftServerImpl (RaftServerImpl.java:setRole(184)) - 9b3ef6c9-0245-4756-bf80-45d41f7a4453@group-F367C8FA5986: changes role from  FOLLOWER to FOLLOWER at term 20 for recognizeCandidate:9dbd5372-55c2-4532-b354-9494d3d545d2
2019-10-30 11:52:34,998 [grpc-default-executor-9] INFO  impl.RoleInfo (RoleInfo.java:shutdownFollowerState(121)) - cd11b2f5-3187-4d03-bd60-931991550c17: shutdown FollowerState
2019-10-30 11:52:34,999 [grpc-default-executor-9] INFO  impl.RoleInfo (RoleInfo.java:updateAndGet(143)) - cd11b2f5-3187-4d03-bd60-931991550c17: start FollowerState
2019-10-30 11:52:34,999 [grpc-default-executor-4] INFO  impl.RoleInfo (RoleInfo.java:shutdownFollowerState(121)) - 9b3ef6c9-0245-4756-bf80-45d41f7a4453: shutdown FollowerState
2019-10-30 11:52:34,999 [Thread-678] INFO  impl.FollowerState (FollowerState.java:run(117)) - cd11b2f5-3187-4d03-bd60-931991550c17@group-F367C8FA5986-FollowerState was interrupted: java.lang.InterruptedException: sleep interrupted
2019-10-30 11:52:35,000 [grpc-default-executor-4] INFO  impl.RoleInfo (RoleInfo.java:updateAndGet(143)) - 9b3ef6c9-0245-4756-bf80-45d41f7a4453: start FollowerState
2019-10-30 11:52:35,000 [Thread-677] INFO  impl.FollowerState (FollowerState.java:run(117)) - 9b3ef6c9-0245-4756-bf80-45d41f7a4453@group-F367C8FA5986-FollowerState was interrupted: java.lang.InterruptedException: sleep interrupted
2019-10-30 11:52:35,027 [9dbd5372-55c2-4532-b354-9494d3d545d2@group-F367C8FA5986-LeaderElection53] INFO  impl.LeaderElection (LeaderElection.java:askForVotes(178)) - 9dbd5372-55c2-4532-b354-9494d3d545d2@group-F367C8FA5986-LeaderElection53: begin an election at term 21 for -1: [9b3ef6c9-0245-4756-bf80-45d41f7a4453:192.168.157.220:37058, cd11b2f5-3187-4d03-bd60-931991550c17:192.168.157.220:43236, 9dbd5372-55c2-4532-b354-9494d3d545d2:192.168.157.220:42993], old=null
2019-10-30 11:52:35,029 [f26e10ed-fb17-49e6-a903-eadc130d13d1@group-83984122B78E-LeaderElection54] INFO  impl.LeaderElection (LeaderElection.java:askForVotes(178)) - f26e10ed-fb17-49e6-a903-eadc130d13d1@group-83984122B78E-LeaderElection54: begin an election at term 25 for -1: [4f16e274-8663-4a15-9c4c-c81f650ab979:192.168.157.220:38181, 4cc44201-a597-43af-a4ec-5b1b407a6250:192.168.157.220:36685, f26e10ed-fb17-49e6-a903-eadc130d13d1:192.168.157.220:32806], old=null
2019-10-30 11:52:35,030 [grpc-default-executor-9] INFO  impl.RaftServerImpl (RaftServerImpl.java:setRole(184)) - cd11b2f5-3187-4d03-bd60-931991550c17@group-F367C8FA5986: changes role from  FOLLOWER to FOLLOWER at term 21 for recognizeCandidate:9dbd5372-55c2-4532-b354-9494d3d545d2
2019-10-30 11:52:35,030 [grpc-default-executor-9] INFO  impl.RoleInfo (RoleInfo.java:shutdownFollowerState(121)) - cd11b2f5-3187-4d03-bd60-931991550c17: shutdown FollowerState
2019-10-30 11:52:35,030 [Thread-685] INFO  impl.FollowerState (FollowerState.java:run(117)) - cd11b2f5-3187-4d03-bd60-931991550c17@group-F367C8FA5986-FollowerState was interrupted: java.lang.InterruptedException: sleep interrupted
2019-10-30 11:52:35,030 [grpc-default-executor-4] INFO  impl.RaftServerImpl (RaftServerImpl.java:setRole(184)) - 9b3ef6c9-0245-4756-bf80-45d41f7a4453@group-F367C8FA5986: changes role from  FOLLOWER to FOLLOWER at term 21 for recognizeCandidate:9dbd5372-55c2-4532-b354-9494d3d545d2
2019-10-30 11:52:35,031 [grpc-default-executor-4] INFO  impl.RoleInfo (RoleInfo.java:shutdownFollowerState(121)) - 9b3ef6c9-0245-4756-bf80-45d41f7a4453: shutdown FollowerState
2019-10-30 11:52:35,031 [grpc-default-executor-4] INFO  impl.RoleInfo (RoleInfo.java:updateAndGet(143)) - 9b3ef6c9-0245-4756-bf80-45d41f7a4453: start FollowerState
2019-10-30 11:52:35,031 [grpc-default-executor-9] INFO  impl.RoleInfo (RoleInfo.java:updateAndGet(143)) - cd11b2f5-3187-4d03-bd60-931991550c17: start FollowerState
2019-10-30 11:52:35,031 [Thread-686] INFO  impl.FollowerState (FollowerState.java:run(117)) - 9b3ef6c9-0245-4756-bf80-45d41f7a4453@group-F367C8FA5986-FollowerState was interrupted: java.lang.InterruptedException: sleep interrupted
2019-10-30 11:52:35,032 [grpc-default-executor-8] INFO  impl.RaftServerImpl (RaftServerImpl.java:setRole(184)) - 4f16e274-8663-4a15-9c4c-c81f650ab979@group-83984122B78E: changes role from  FOLLOWER to FOLLOWER at term 25 for recognizeCandidate:f26e10ed-fb17-49e6-a903-eadc130d13d1
2019-10-30 11:52:35,032 [grpc-default-executor-8] INFO  impl.RoleInfo (RoleInfo.java:shutdownFollowerState(121)) - 4f16e274-8663-4a15-9c4c-c81f650ab979: shutdown FollowerState
2019-10-30 11:52:35,033 [Thread-671] INFO  impl.FollowerState (FollowerState.java:run(117)) - 4f16e274-8663-4a15-9c4c-c81f650ab979@group-83984122B78E-FollowerState was interrupted: java.lang.InterruptedException: sleep interrupted
2019-10-30 11:52:35,033 [grpc-default-executor-8] INFO  impl.RoleInfo (RoleInfo.java:updateAndGet(143)) - 4f16e274-8663-4a15-9c4c-c81f650ab979: start FollowerState
2019-10-30 11:52:35,034 [grpc-default-executor-0] INFO  impl.RaftServerImpl (RaftServerImpl.java:setRole(184)) - 4cc44201-a597-43af-a4ec-5b1b407a6250@group-83984122B78E: changes role from  FOLLOWER to FOLLOWER at term 25 for recognizeCandidate:f26e10ed-fb17-49e6-a903-eadc130d13d1
2019-10-30 11:52:35,034 [grpc-default-executor-0] INFO  impl.RoleInfo (RoleInfo.java:shutdownFollowerState(121)) - 4cc44201-a597-43af-a4ec-5b1b407a6250: shutdown FollowerState
2019-10-30 11:52:35,034 [grpc-default-executor-0] INFO  impl.RoleInfo (RoleInfo.java:updateAndGet(143)) - 4cc44201-a597-43af-a4ec-5b1b407a6250: start FollowerState
2019-10-30 11:52:35,034 [Thread-670] INFO  impl.FollowerState (FollowerState.java:run(117)) - 4cc44201-a597-43af-a4ec-5b1b407a6250@group-83984122B78E-FollowerState was interrupted: java.lang.InterruptedException: sleep interrupted
2019-10-30 11:52:35,043 [9dbd5372-55c2-4532-b354-9494d3d545d2@group-F367C8FA5986-LeaderElection53] INFO  impl.LeaderElection (LeaderElection.java:logAndReturn(56)) - 9dbd5372-55c2-4532-b354-9494d3d545d2@group-F367C8FA5986-LeaderElection53: Election REJECTED; received 2 response(s) [9dbd5372-55c2-4532-b354-9494d3d545d2<-9b3ef6c9-0245-4756-bf80-45d41f7a4453#0:FAIL-t21, 9dbd5372-55c2-4532-b354-9494d3d545d2<-cd11b2f5-3187-4d03-bd60-931991550c17#0:FAIL-t21] and 0 exception(s); 9dbd5372-55c2-4532-b354-9494d3d545d2@group-F367C8FA5986:t21, leader=null, voted=9dbd5372-55c2-4532-b354-9494d3d545d2, raftlog=9dbd5372-55c2-4532-b354-9494d3d545d2@group-F367C8FA5986-SegmentedRaftLog:OPENED:c-1,f-1,i0, conf=-1: [9b3ef6c9-0245-4756-bf80-45d41f7a4453:192.168.157.220:37058, cd11b2f5-3187-4d03-bd60-931991550c17:192.168.157.220:43236, 9dbd5372-55c2-4532-b354-9494d3d545d2:192.168.157.220:42993], old=null
2019-10-30 11:52:35,043 [9dbd5372-55c2-4532-b354-9494d3d545d2@group-F367C8FA5986-LeaderElection53] INFO  impl.RaftServerImpl (RaftServerImpl.java:setRole(184)) - 9dbd5372-55c2-4532-b354-9494d3d545d2@group-F367C8FA5986: changes role from CANDIDATE to FOLLOWER at term 21 for DISCOVERED_A_NEW_TERM
2019-10-30 11:52:35,043 [f26e10ed-fb17-49e6-a903-eadc130d13d1@group-83984122B78E-LeaderElection54] INFO  impl.LeaderElection (LeaderElection.java:logAndReturn(56)) - f26e10ed-fb17-49e6-a903-eadc130d13d1@group-83984122B78E-LeaderElection54: Election REJECTED; received 2 response(s) [f26e10ed-fb17-49e6-a903-eadc130d13d1<-4f16e274-8663-4a15-9c4c-c81f650ab979#0:FAIL-t25, f26e10ed-fb17-49e6-a903-eadc130d13d1<-4cc44201-a597-43af-a4ec-5b1b407a6250#0:FAIL-t25] and 0 exception(s); f26e10ed-fb17-49e6-a903-eadc130d13d1@group-83984122B78E:t25, leader=null, voted=f26e10ed-fb17-49e6-a903-eadc130d13d1, raftlog=f26e10ed-fb17-49e6-a903-eadc130d13d1@group-83984122B78E-SegmentedRaftLog:OPENED:c-1,f-1,i0, conf=-1: [4f16e274-8663-4a15-9c4c-c81f650ab979:192.168.157.220:38181, 4cc44201-a597-43af-a4ec-5b1b407a6250:192.168.157.220:36685, f26e10ed-fb17-49e6-a903-eadc130d13d1:192.168.157.220:32806], old=null
2019-10-30 11:52:35,043 [f26e10ed-fb17-49e6-a903-eadc130d13d1@group-83984122B78E-LeaderElection54] INFO  impl.RaftServerImpl (RaftServerImpl.java:setRole(184)) - f26e10ed-fb17-49e6-a903-eadc130d13d1@group-83984122B78E: changes role from CANDIDATE to FOLLOWER at term 25 for DISCOVERED_A_NEW_TERM
2019-10-30 11:52:35,044 [f26e10ed-fb17-49e6-a903-eadc130d13d1@group-83984122B78E-LeaderElection54] INFO  impl.RoleInfo (RoleInfo.java:shutdownLeaderElection(134)) - f26e10ed-fb17-49e6-a903-eadc130d13d1: shutdown LeaderElection
2019-10-30 11:52:35,044 [f26e10ed-fb17-49e6-a903-eadc130d13d1@group-83984122B78E-LeaderElection54] INFO  impl.RoleInfo (RoleInfo.java:updateAndGet(143)) - f26e10ed-fb17-49e6-a903-eadc130d13d1: start FollowerState
2019-10-30 11:52:35,043 [9dbd5372-55c2-4532-b354-9494d3d545d2@group-F367C8FA5986-LeaderElection53] INFO  impl.RoleInfo (RoleInfo.java:shutdownLeaderElection(134)) - 9dbd5372-55c2-4532-b354-9494d3d545d2: shutdown LeaderElection
2019-10-30 11:52:35,044 [9dbd5372-55c2-4532-b354-9494d3d545d2@group-F367C8FA5986-LeaderElection53] INFO  impl.RoleInfo (RoleInfo.java:updateAndGet(143)) - 9dbd5372-55c2-4532-b354-9494d3d545d2: start FollowerState
2019-10-30 11:52:35,097 [Thread-695] INFO  impl.FollowerState (FollowerState.java:run(108)) - f26e10ed-fb17-49e6-a903-eadc130d13d1@group-83984122B78E-FollowerState: change to CANDIDATE, lastRpcTime:53ms, electionTimeout:52ms
2019-10-30 11:52:35,098 [Thread-695] INFO  impl.RoleInfo (RoleInfo.java:shutdownFollowerState(121)) - f26e10ed-fb17-49e6-a903-eadc130d13d1: shutdown FollowerState
2019-10-30 11:52:35,098 [Thread-695] INFO  impl.RaftServerImpl (RaftServerImpl.java:setRole(184)) - f26e10ed-fb17-49e6-a903-eadc130d13d1@group-83984122B78E: changes role from  FOLLOWER to CANDIDATE at term 25 for changeToCandidate
2019-10-30 11:52:35,098 [Thread-695] INFO  impl.RoleInfo (RoleInfo.java:updateAndGet(143)) - f26e10ed-fb17-49e6-a903-eadc130d13d1: start LeaderElection
2019-10-30 11:52:35,141 [f26e10ed-fb17-49e6-a903-eadc130d13d1@group-83984122B78E-LeaderElection55] INFO  impl.LeaderElection (LeaderElection.java:askForVotes(178)) - f26e10ed-fb17-49e6-a903-eadc130d13d1@group-83984122B78E-LeaderElection55: begin an election at term 26 for -1: [4f16e274-8663-4a15-9c4c-c81f650ab979:192.168.157.220:38181, 4cc44201-a597-43af-a4ec-5b1b407a6250:192.168.157.220:36685, f26e10ed-fb17-49e6-a903-eadc130d13d1:192.168.157.220:32806], old=null
2019-10-30 11:52:35,144 [grpc-default-executor-8] INFO  impl.RaftServerImpl (RaftServerImpl.java:setRole(184)) - 4cc44201-a597-43af-a4ec-5b1b407a6250@group-83984122B78E: changes role from  FOLLOWER to FOLLOWER at term 26 for recognizeCandidate:f26e10ed-fb17-49e6-a903-eadc130d13d1
2019-10-30 11:52:35,144 [grpc-default-executor-0] INFO  impl.RaftServerImpl (RaftServerImpl.java:setRole(184)) - 4f16e274-8663-4a15-9c4c-c81f650ab979@group-83984122B78E: changes role from  FOLLOWER to FOLLOWER at term 26 for recognizeCandidate:f26e10ed-fb17-49e6-a903-eadc130d13d1
2019-10-30 11:52:35,144 [grpc-default-executor-8] INFO  impl.RoleInfo (RoleInfo.java:shutdownFollowerState(121)) - 4cc44201-a597-43af-a4ec-5b1b407a6250: shutdown FollowerState
2019-10-30 11:52:35,145 [grpc-default-executor-0] INFO  impl.RoleInfo (RoleInfo.java:shutdownFollowerState(121)) - 4f16e274-8663-4a15-9c4c-c81f650ab979: shutdown FollowerState
2019-10-30 11:52:35,145 [grpc-default-executor-8] INFO  impl.RoleInfo (RoleInfo.java:updateAndGet(143)) - 4cc44201-a597-43af-a4ec-5b1b407a6250: start FollowerState
2019-10-30 11:52:35,145 [Thread-693] INFO  impl.FollowerState (FollowerState.java:run(117)) - 4f16e274-8663-4a15-9c4c-c81f650ab979@group-83984122B78E-FollowerState was interrupted: java.lang.InterruptedException: sleep interrupted
2019-10-30 11:52:35,145 [Thread-694] INFO  impl.FollowerState (FollowerState.java:run(117)) - 4cc44201-a597-43af-a4ec-5b1b407a6250@group-83984122B78E-FollowerState was interrupted: java.lang.InterruptedException: sleep interrupted
2019-10-30 11:52:35,145 [grpc-default-executor-0] INFO  impl.RoleInfo (RoleInfo.java:updateAndGet(143)) - 4f16e274-8663-4a15-9c4c-c81f650ab979: start FollowerState
2019-10-30 11:52:35,156 [f26e10ed-fb17-49e6-a903-eadc130d13d1@group-83984122B78E-LeaderElection55] INFO  impl.LeaderElection (LeaderElection.java:logAndReturn(56)) - f26e10ed-fb17-49e6-a903-eadc130d13d1@group-83984122B78E-LeaderElection55: Election REJECTED; received 2 response(s) [f26e10ed-fb17-49e6-a903-eadc130d13d1<-4f16e274-8663-4a15-9c4c-c81f650ab979#0:FAIL-t26, f26e10ed-fb17-49e6-a903-eadc130d13d1<-4cc44201-a597-43af-a4ec-5b1b407a6250#0:FAIL-t26] and 0 exception(s); f26e10ed-fb17-49e6-a903-eadc130d13d1@group-83984122B78E:t26, leader=null, voted=f26e10ed-fb17-49e6-a903-eadc130d13d1, raftlog=f26e10ed-fb17-49e6-a903-eadc130d13d1@group-83984122B78E-SegmentedRaftLog:OPENED:c-1,f-1,i0, conf=-1: [4f16e274-8663-4a15-9c4c-c81f650ab979:192.168.157.220:38181, 4cc44201-a597-43af-a4ec-5b1b407a6250:192.168.157.220:36685, f26e10ed-fb17-49e6-a903-eadc130d13d1:192.168.157.220:32806], old=null
2019-10-30 11:52:35,156 [f26e10ed-fb17-49e6-a903-eadc130d13d1@group-83984122B78E-LeaderElection55] INFO  impl.RaftServerImpl (RaftServerImpl.java:setRole(184)) - f26e10ed-fb17-49e6-a903-eadc130d13d1@group-83984122B78E: changes role from CANDIDATE to FOLLOWER at term 26 for DISCOVERED_A_NEW_TERM
2019-10-30 11:52:35,156 [f26e10ed-fb17-49e6-a903-eadc130d13d1@group-83984122B78E-LeaderElection55] INFO  impl.RoleInfo (RoleInfo.java:shutdownLeaderElection(134)) - f26e10ed-fb17-49e6-a903-eadc130d13d1: shutdown LeaderElection
2019-10-30 11:52:35,156 [f26e10ed-fb17-49e6-a903-eadc130d13d1@group-83984122B78E-LeaderElection55] INFO  impl.RoleInfo (RoleInfo.java:updateAndGet(143)) - f26e10ed-fb17-49e6-a903-eadc130d13d1: start FollowerState
2019-10-30 11:52:35,217 [Thread-696] INFO  impl.FollowerState (FollowerState.java:run(108)) - 9dbd5372-55c2-4532-b354-9494d3d545d2@group-F367C8FA5986-FollowerState: change to CANDIDATE, lastRpcTime:172ms, electionTimeout:172ms
2019-10-30 11:52:35,217 [Thread-696] INFO  impl.RoleInfo (RoleInfo.java:shutdownFollowerState(121)) - 9dbd5372-55c2-4532-b354-9494d3d545d2: shutdown FollowerState
2019-10-30 11:52:35,217 [Thread-696] INFO  impl.RaftServerImpl (RaftServerImpl.java:setRole(184)) - 9dbd5372-55c2-4532-b354-9494d3d545d2@group-F367C8FA5986: changes role from  FOLLOWER to CANDIDATE at term 21 for changeToCandidate
2019-10-30 11:52:35,218 [Thread-696] INFO  impl.RoleInfo (RoleInfo.java:updateAndGet(143)) - 9dbd5372-55c2-4532-b354-9494d3d545d2: start LeaderElection
2019-10-30 11:52:35,223 [9dbd5372-55c2-4532-b354-9494d3d545d2@group-F367C8FA5986-LeaderElection56] INFO  impl.LeaderElection (LeaderElection.java:askForVotes(178)) - 9dbd5372-55c2-4532-b354-9494d3d545d2@group-F367C8FA5986-LeaderElection56: begin an election at term 22 for -1: [9b3ef6c9-0245-4756-bf80-45d41f7a4453:192.168.157.220:37058, cd11b2f5-3187-4d03-bd60-931991550c17:192.168.157.220:43236, 9dbd5372-55c2-4532-b354-9494d3d545d2:192.168.157.220:42993], old=null
2019-10-30 11:52:35,225 [grpc-default-executor-0] INFO  impl.RaftServerImpl (RaftServerImpl.java:setRole(184)) - 9b3ef6c9-0245-4756-bf80-45d41f7a4453@group-F367C8FA5986: changes role from  FOLLOWER to FOLLOWER at term 22 for recognizeCandidate:9dbd5372-55c2-4532-b354-9494d3d545d2
2019-10-30 11:52:35,225 [grpc-default-executor-8] INFO  impl.RaftServerImpl (RaftServerImpl.java:setRole(184)) - cd11b2f5-3187-4d03-bd60-931991550c17@group-F367C8FA5986: changes role from  FOLLOWER to FOLLOWER at term 22 for recognizeCandidate:9dbd5372-55c2-4532-b354-9494d3d545d2
2019-10-30 11:52:35,225 [grpc-default-executor-0] INFO  impl.RoleInfo (RoleInfo.java:shutdownFollowerState(121)) - 9b3ef6c9-0245-4756-bf80-45d41f7a4453: shutdown FollowerState
2019-10-30 11:52:35,226 [grpc-default-executor-8] INFO  impl.RoleInfo (RoleInfo.java:shutdownFollowerState(121)) - cd11b2f5-3187-4d03-bd60-931991550c17: shutdown FollowerState
2019-10-30 11:52:35,226 [Thread-692] INFO  impl.FollowerState (FollowerState.java:run(117)) - 9b3ef6c9-0245-4756-bf80-45d41f7a4453@group-F367C8FA5986-FollowerState was interrupted: java.lang.InterruptedException: sleep interrupted
2019-10-30 11:52:35,226 [grpc-default-executor-0] INFO  impl.RoleInfo (RoleInfo.java:updateAndGet(143)) - 9b3ef6c9-0245-4756-bf80-45d41f7a4453: start FollowerState
2019-10-30 11:52:35,226 [grpc-default-executor-8] INFO  impl.RoleInfo (RoleInfo.java:updateAndGet(143)) - cd11b2f5-3187-4d03-bd60-931991550c17: start FollowerState
2019-10-30 11:52:35,226 [Thread-690] INFO  impl.FollowerState (FollowerState.java:run(117)) - cd11b2f5-3187-4d03-bd60-931991550c17@group-F367C8FA5986-FollowerState was interrupted: java.lang.InterruptedException: sleep interrupted
2019-10-30 11:52:35,238 [9dbd5372-55c2-4532-b354-9494d3d545d2@group-F367C8FA5986-LeaderElection56] INFO  impl.LeaderElection (LeaderElection.java:logAndReturn(56)) - 9dbd5372-55c2-4532-b354-9494d3d545d2@group-F367C8FA5986-LeaderElection56: Election REJECTED; received 2 response(s) [9dbd5372-55c2-4532-b354-9494d3d545d2<-9b3ef6c9-0245-4756-bf80-45d41f7a4453#0:FAIL-t22, 9dbd5372-55c2-4532-b354-9494d3d545d2<-cd11b2f5-3187-4d03-bd60-931991550c17#0:FAIL-t22] and 0 exception(s); 9dbd5372-55c2-4532-b354-9494d3d545d2@group-F367C8FA5986:t22, leader=null, voted=9dbd5372-55c2-4532-b354-9494d3d545d2, raftlog=9dbd5372-55c2-4532-b354-9494d3d545d2@group-F367C8FA5986-SegmentedRaftLog:OPENED:c-1,f-1,i0, conf=-1: [9b3ef6c9-0245-4756-bf80-45d41f7a4453:192.168.157.220:37058, cd11b2f5-3187-4d03-bd60-931991550c17:192.168.157.220:43236, 9dbd5372-55c2-4532-b354-9494d3d545d2:192.168.157.220:42993], old=null
2019-10-30 11:52:35,239 [9dbd5372-55c2-4532-b354-9494d3d545d2@group-F367C8FA5986-LeaderElection56] INFO  impl.RaftServerImpl (RaftServerImpl.java:setRole(184)) - 9dbd5372-55c2-4532-b354-9494d3d545d2@group-F367C8FA5986: changes role from CANDIDATE to FOLLOWER at term 22 for DISCOVERED_A_NEW_TERM
2019-10-30 11:52:35,239 [9dbd5372-55c2-4532-b354-9494d3d545d2@group-F367C8FA5986-LeaderElection56] INFO  impl.RoleInfo (RoleInfo.java:shutdownLeaderElection(134)) - 9dbd5372-55c2-4532-b354-9494d3d545d2: shutdown LeaderElection
2019-10-30 11:52:35,239 [9dbd5372-55c2-4532-b354-9494d3d545d2@group-F367C8FA5986-LeaderElection56] INFO  impl.RoleInfo (RoleInfo.java:updateAndGet(143)) - 9dbd5372-55c2-4532-b354-9494d3d545d2: start FollowerState
2019-10-30 11:52:35,246 [Thread-702] INFO  impl.FollowerState (FollowerState.java:run(108)) - f26e10ed-fb17-49e6-a903-eadc130d13d1@group-83984122B78E-FollowerState: change to CANDIDATE, lastRpcTime:89ms, electionTimeout:89ms
2019-10-30 11:52:35,246 [Thread-702] INFO  impl.RoleInfo (RoleInfo.java:shutdownFollowerState(121)) - f26e10ed-fb17-49e6-a903-eadc130d13d1: shutdown FollowerState
2019-10-30 11:52:35,246 [Thread-702] INFO  impl.RaftServerImpl (RaftServerImpl.java:setRole(184)) - f26e10ed-fb17-49e6-a903-eadc130d13d1@group-83984122B78E: changes role from  FOLLOWER to CANDIDATE at term 26 for changeToCandidate
2019-10-30 11:52:35,246 [Thread-702] INFO  impl.RoleInfo (RoleInfo.java:updateAndGet(143)) - f26e10ed-fb17-49e6-a903-eadc130d13d1: start LeaderElection
2019-10-30 11:52:35,251 [f26e10ed-fb17-49e6-a903-eadc130d13d1@group-83984122B78E-LeaderElection57] INFO  impl.LeaderElection (LeaderElection.java:askForVotes(178)) - f26e10ed-fb17-49e6-a903-eadc130d13d1@group-83984122B78E-LeaderElection57: begin an election at term 27 for -1: [4f16e274-8663-4a15-9c4c-c81f650ab979:192.168.157.220:38181, 4cc44201-a597-43af-a4ec-5b1b407a6250:192.168.157.220:36685, f26e10ed-fb17-49e6-a903-eadc130d13d1:192.168.157.220:32806], old=null
2019-10-30 11:52:35,253 [grpc-default-executor-0] INFO  impl.RaftServerImpl (RaftServerImpl.java:setRole(184)) - 4f16e274-8663-4a15-9c4c-c81f650ab979@group-83984122B78E: changes role from  FOLLOWER to FOLLOWER at term 27 for recognizeCandidate:f26e10ed-fb17-49e6-a903-eadc130d13d1
2019-10-30 11:52:35,253 [grpc-default-executor-0] INFO  impl.RoleInfo (RoleInfo.java:shutdownFollowerState(121)) - 4f16e274-8663-4a15-9c4c-c81f650ab979: shutdown FollowerState
2019-10-30 11:52:35,253 [grpc-default-executor-0] INFO  impl.RoleInfo (RoleInfo.java:updateAndGet(143)) - 4f16e274-8663-4a15-9c4c-c81f650ab979: start FollowerState
2019-10-30 11:52:35,253 [grpc-default-executor-8] INFO  impl.RaftServerImpl (RaftServerImpl.java:setRole(184)) - 4cc44201-a597-43af-a4ec-5b1b407a6250@group-83984122B78E: changes role from  FOLLOWER to FOLLOWER at term 27 for recognizeCandidate:f26e10ed-fb17-49e6-a903-eadc130d13d1
2019-10-30 11:52:35,253 [Thread-701] INFO  impl.FollowerState (FollowerState.java:run(117)) - 4f16e274-8663-4a15-9c4c-c81f650ab979@group-83984122B78E-FollowerState was interrupted: java.lang.InterruptedException: sleep interrupted
2019-10-30 11:52:35,253 [grpc-default-executor-8] INFO  impl.RoleInfo (RoleInfo.java:shutdownFollowerState(121)) - 4cc44201-a597-43af-a4ec-5b1b407a6250: shutdown FollowerState
2019-10-30 11:52:35,254 [Thread-700] INFO  impl.FollowerState (FollowerState.java:run(117)) - 4cc44201-a597-43af-a4ec-5b1b407a6250@group-83984122B78E-FollowerState was interrupted: java.lang.InterruptedException: sleep interrupted
2019-10-30 11:52:35,254 [grpc-default-executor-8] INFO  impl.RoleInfo (RoleInfo.java:updateAndGet(143)) - 4cc44201-a597-43af-a4ec-5b1b407a6250: start FollowerState
2019-10-30 11:52:35,268 [f26e10ed-fb17-49e6-a903-eadc130d13d1@group-83984122B78E-LeaderElection57] INFO  impl.LeaderElection (LeaderElection.java:logAndReturn(56)) - f26e10ed-fb17-49e6-a903-eadc130d13d1@group-83984122B78E-LeaderElection57: Election REJECTED; received 2 response(s) [f26e10ed-fb17-49e6-a903-eadc130d13d1<-4f16e274-8663-4a15-9c4c-c81f650ab979#0:FAIL-t27, f26e10ed-fb17-49e6-a903-eadc130d13d1<-4cc44201-a597-43af-a4ec-5b1b407a6250#0:FAIL-t27] and 0 exception(s); f26e10ed-fb17-49e6-a903-eadc130d13d1@group-83984122B78E:t27, leader=null, voted=f26e10ed-fb17-49e6-a903-eadc130d13d1, raftlog=f26e10ed-fb17-49e6-a903-eadc130d13d1@group-83984122B78E-SegmentedRaftLog:OPENED:c-1,f-1,i0, conf=-1: [4f16e274-8663-4a15-9c4c-c81f650ab979:192.168.157.220:38181, 4cc44201-a597-43af-a4ec-5b1b407a6250:192.168.157.220:36685, f26e10ed-fb17-49e6-a903-eadc130d13d1:192.168.157.220:32806], old=null
2019-10-30 11:52:35,268 [f26e10ed-fb17-49e6-a903-eadc130d13d1@group-83984122B78E-LeaderElection57] INFO  impl.RaftServerImpl (RaftServerImpl.java:setRole(184)) - f26e10ed-fb17-49e6-a903-eadc130d13d1@group-83984122B78E: changes role from CANDIDATE to FOLLOWER at term 27 for DISCOVERED_A_NEW_TERM
2019-10-30 11:52:35,268 [f26e10ed-fb17-49e6-a903-eadc130d13d1@group-83984122B78E-LeaderElection57] INFO  impl.RoleInfo (RoleInfo.java:shutdownLeaderElection(134)) - f26e10ed-fb17-49e6-a903-eadc130d13d1: shutdown LeaderElection
2019-10-30 11:52:35,268 [f26e10ed-fb17-49e6-a903-eadc130d13d1@group-83984122B78E-LeaderElection57] INFO  impl.RoleInfo (RoleInfo.java:updateAndGet(143)) - f26e10ed-fb17-49e6-a903-eadc130d13d1: start FollowerState
2019-10-30 11:52:35,434 [Thread-708] INFO  impl.FollowerState (FollowerState.java:run(108)) - 9dbd5372-55c2-4532-b354-9494d3d545d2@group-F367C8FA5986-FollowerState: change to CANDIDATE, lastRpcTime:195ms, electionTimeout:195ms
2019-10-30 11:52:35,434 [Thread-708] INFO  impl.RoleInfo (RoleInfo.java:shutdownFollowerState(121)) - 9dbd5372-55c2-4532-b354-9494d3d545d2: shutdown FollowerState
2019-10-30 11:52:35,434 [Thread-708] INFO  impl.RaftServerImpl (RaftServerImpl.java:setRole(184)) - 9dbd5372-55c2-4532-b354-9494d3d545d2@group-F367C8FA5986: changes role from  FOLLOWER to CANDIDATE at term 22 for changeToCandidate
2019-10-30 11:52:35,434 [Thread-708] INFO  impl.RoleInfo (RoleInfo.java:updateAndGet(143)) - 9dbd5372-55c2-4532-b354-9494d3d545d2: start LeaderElection
2019-10-30 11:52:35,438 [Thread-714] INFO  impl.FollowerState (FollowerState.java:run(108)) - f26e10ed-fb17-49e6-a903-eadc130d13d1@group-83984122B78E-FollowerState: change to CANDIDATE, lastRpcTime:169ms, electionTimeout:169ms
2019-10-30 11:52:35,438 [Thread-714] INFO  impl.RoleInfo (RoleInfo.java:shutdownFollowerState(121)) - f26e10ed-fb17-49e6-a903-eadc130d13d1: shutdown FollowerState
2019-10-30 11:52:35,438 [Thread-714] INFO  impl.RaftServerImpl (RaftServerImpl.java:setRole(184)) - f26e10ed-fb17-49e6-a903-eadc130d13d1@group-83984122B78E: changes role from  FOLLOWER to CANDIDATE at term 27 for changeToCandidate
2019-10-30 11:52:35,438 [Thread-714] INFO  impl.RoleInfo (RoleInfo.java:updateAndGet(143)) - f26e10ed-fb17-49e6-a903-eadc130d13d1: start LeaderElection
2019-10-30 11:52:35,444 [9dbd5372-55c2-4532-b354-9494d3d545d2@group-F367C8FA5986-LeaderElection58] INFO  impl.LeaderElection (LeaderElection.java:askForVotes(178)) - 9dbd5372-55c2-4532-b354-9494d3d545d2@group-F367C8FA5986-LeaderElection58: begin an election at term 23 for -1: [9b3ef6c9-0245-4756-bf80-45d41f7a4453:192.168.157.220:37058, cd11b2f5-3187-4d03-bd60-931991550c17:192.168.157.220:43236, 9dbd5372-55c2-4532-b354-9494d3d545d2:192.168.157.220:42993], old=null
2019-10-30 11:52:35,444 [f26e10ed-fb17-49e6-a903-eadc130d13d1@group-83984122B78E-LeaderElection59] INFO  impl.LeaderElection (LeaderElection.java:askForVotes(178)) - f26e10ed-fb17-49e6-a903-eadc130d13d1@group-83984122B78E-LeaderElection59: begin an election at term 28 for -1: [4f16e274-8663-4a15-9c4c-c81f650ab979:192.168.157.220:38181, 4cc44201-a597-43af-a4ec-5b1b407a6250:192.168.157.220:36685, f26e10ed-fb17-49e6-a903-eadc130d13d1:192.168.157.220:32806], old=null
2019-10-30 11:52:35,446 [grpc-default-executor-9] INFO  impl.RaftServerImpl (RaftServerImpl.java:setRole(184)) - 9b3ef6c9-0245-4756-bf80-45d41f7a4453@group-F367C8FA5986: changes role from  FOLLOWER to FOLLOWER at term 23 for recognizeCandidate:9dbd5372-55c2-4532-b354-9494d3d545d2
2019-10-30 11:52:35,446 [grpc-default-executor-0] INFO  impl.RaftServerImpl (RaftServerImpl.java:setRole(184)) - cd11b2f5-3187-4d03-bd60-931991550c17@group-F367C8FA5986: changes role from  FOLLOWER to FOLLOWER at term 23 for recognizeCandidate:9dbd5372-55c2-4532-b354-9494d3d545d2
2019-10-30 11:52:35,446 [grpc-default-executor-8] INFO  impl.RaftServerImpl (RaftServerImpl.java:setRole(184)) - 4cc44201-a597-43af-a4ec-5b1b407a6250@group-83984122B78E: changes role from  FOLLOWER to FOLLOWER at term 28 for recognizeCandidate:f26e10ed-fb17-49e6-a903-eadc130d13d1
2019-10-30 11:52:35,446 [grpc-default-executor-9] INFO  impl.RoleInfo (RoleInfo.java:shutdownFollowerState(121)) - 9b3ef6c9-0245-4756-bf80-45d41f7a4453: shutdown FollowerState
2019-10-30 11:52:35,447 [grpc-default-executor-8] INFO  impl.RoleInfo (RoleInfo.java:shutdownFollowerState(121)) - 4cc44201-a597-43af-a4ec-5b1b407a6250: shutdown FollowerState
2019-10-30 11:52:35,446 [grpc-default-executor-0] INFO  impl.RoleInfo (RoleInfo.java:shutdownFollowerState(121)) - cd11b2f5-3187-4d03-bd60-931991550c17: shutdown FollowerState
2019-10-30 11:52:35,447 [Thread-713] INFO  impl.FollowerState (FollowerState.java:run(117)) - 4cc44201-a597-43af-a4ec-5b1b407a6250@group-83984122B78E-FollowerState was interrupted: java.lang.InterruptedException: sleep interrupted
2019-10-30 11:52:35,447 [grpc-default-executor-8] INFO  impl.RoleInfo (RoleInfo.java:updateAndGet(143)) - 4cc44201-a597-43af-a4ec-5b1b407a6250: start FollowerState
2019-10-30 11:52:35,447 [grpc-default-executor-4] INFO  impl.RaftServerImpl (RaftServerImpl.java:setRole(184)) - 4f16e274-8663-4a15-9c4c-c81f650ab979@group-83984122B78E: changes role from  FOLLOWER to FOLLOWER at term 28 for recognizeCandidate:f26e10ed-fb17-49e6-a903-eadc130d13d1
2019-10-30 11:52:35,447 [grpc-default-executor-4] INFO  impl.RoleInfo (RoleInfo.java:shutdownFollowerState(121)) - 4f16e274-8663-4a15-9c4c-c81f650ab979: shutdown FollowerState
2019-10-30 11:52:35,447 [Thread-706] INFO  impl.FollowerState (FollowerState.java:run(117)) - 9b3ef6c9-0245-4756-bf80-45d41f7a4453@group-F367C8FA5986-FollowerState was interrupted: java.lang.InterruptedException: sleep interrupted
2019-10-30 11:52:35,447 [grpc-default-executor-9] INFO  impl.RoleInfo (RoleInfo.java:updateAndGet(143)) - 9b3ef6c9-0245-4756-bf80-45d41f7a4453: start FollowerState
2019-10-30 11:52:35,447 [Thread-712] INFO  impl.FollowerState (FollowerState.java:run(117)) - 4f16e274-8663-4a15-9c4c-c81f650ab979@group-83984122B78E-FollowerState was interrupted: java.lang.InterruptedException: sleep interrupted
2019-10-30 11:52:35,447 [grpc-default-executor-4] INFO  impl.RoleInfo (RoleInfo.java:updateAndGet(143)) - 4f16e274-8663-4a15-9c4c-c81f650ab979: start FollowerState
2019-10-30 11:52:35,447 [Thread-707] INFO  impl.FollowerState (FollowerState.java:run(117)) - cd11b2f5-3187-4d03-bd60-931991550c17@group-F367C8FA5986-FollowerState was interrupted: java.lang.InterruptedException: sleep interrupted
2019-10-30 11:52:35,447 [grpc-default-executor-0] INFO  impl.RoleInfo (RoleInfo.java:updateAndGet(143)) - cd11b2f5-3187-4d03-bd60-931991550c17: start FollowerState
2019-10-30 11:52:35,459 [9dbd5372-55c2-4532-b354-9494d3d545d2@group-F367C8FA5986-LeaderElection58] INFO  impl.LeaderElection (LeaderElection.java:logAndReturn(56)) - 9dbd5372-55c2-4532-b354-9494d3d545d2@group-F367C8FA5986-LeaderElection58: Election REJECTED; received 2 response(s) [9dbd5372-55c2-4532-b354-9494d3d545d2<-9b3ef6c9-0245-4756-bf80-45d41f7a4453#0:FAIL-t23, 9dbd5372-55c2-4532-b354-9494d3d545d2<-cd11b2f5-3187-4d03-bd60-931991550c17#0:FAIL-t23] and 0 exception(s); 9dbd5372-55c2-4532-b354-9494d3d545d2@group-F367C8FA5986:t23, leader=null, voted=9dbd5372-55c2-4532-b354-9494d3d545d2, raftlog=9dbd5372-55c2-4532-b354-9494d3d545d2@group-F367C8FA5986-SegmentedRaftLog:OPENED:c-1,f-1,i0, conf=-1: [9b3ef6c9-0245-4756-bf80-45d41f7a4453:192.168.157.220:37058, cd11b2f5-3187-4d03-bd60-931991550c17:192.168.157.220:43236, 9dbd5372-55c2-4532-b354-9494d3d545d2:192.168.157.220:42993], old=null
2019-10-30 11:52:35,459 [9dbd5372-55c2-4532-b354-9494d3d545d2@group-F367C8FA5986-LeaderElection58] INFO  impl.RaftServerImpl (RaftServerImpl.java:setRole(184)) - 9dbd5372-55c2-4532-b354-9494d3d545d2@group-F367C8FA5986: changes role from CANDIDATE to FOLLOWER at term 23 for DISCOVERED_A_NEW_TERM
2019-10-30 11:52:35,459 [f26e10ed-fb17-49e6-a903-eadc130d13d1@group-83984122B78E-LeaderElection59] INFO  impl.LeaderElection (LeaderElection.java:logAndReturn(56)) - f26e10ed-fb17-49e6-a903-eadc130d13d1@group-83984122B78E-LeaderElection59: Election REJECTED; received 2 response(s) [f26e10ed-fb17-49e6-a903-eadc130d13d1<-4f16e274-8663-4a15-9c4c-c81f650ab979#0:FAIL-t28, f26e10ed-fb17-49e6-a903-eadc130d13d1<-4cc44201-a597-43af-a4ec-5b1b407a6250#0:FAIL-t28] and 0 exception(s); f26e10ed-fb17-49e6-a903-eadc130d13d1@group-83984122B78E:t28, leader=null, voted=f26e10ed-fb17-49e6-a903-eadc130d13d1, raftlog=f26e10ed-fb17-49e6-a903-eadc130d13d1@group-83984122B78E-SegmentedRaftLog:OPENED:c-1,f-1,i0, conf=-1: [4f16e274-8663-4a15-9c4c-c81f650ab979:192.168.157.220:38181, 4cc44201-a597-43af-a4ec-5b1b407a6250:192.168.157.220:36685, f26e10ed-fb17-49e6-a903-eadc130d13d1:192.168.157.220:32806], old=null
2019-10-30 11:52:35,459 [9dbd5372-55c2-4532-b354-9494d3d545d2@group-F367C8FA5986-LeaderElection58] INFO  impl.RoleInfo (RoleInfo.java:shutdownLeaderElection(134)) - 9dbd5372-55c2-4532-b354-9494d3d545d2: shutdown LeaderElection
2019-10-30 11:52:35,459 [f26e10ed-fb17-49e6-a903-eadc130d13d1@group-83984122B78E-LeaderElection59] INFO  impl.RaftServerImpl (RaftServerImpl.java:setRole(184)) - f26e10ed-fb17-49e6-a903-eadc130d13d1@group-83984122B78E: changes role from CANDIDATE to FOLLOWER at term 28 for DISCOVERED_A_NEW_TERM
2019-10-30 11:52:35,459 [9dbd5372-55c2-4532-b354-9494d3d545d2@group-F367C8FA5986-LeaderElection58] INFO  impl.RoleInfo (RoleInfo.java:updateAndGet(143)) - 9dbd5372-55c2-4532-b354-9494d3d545d2: start FollowerState
2019-10-30 11:52:35,459 [f26e10ed-fb17-49e6-a903-eadc130d13d1@group-83984122B78E-LeaderElection59] INFO  impl.RoleInfo (RoleInfo.java:shutdownLeaderElection(134)) - f26e10ed-fb17-49e6-a903-eadc130d13d1: shutdown LeaderElection
2019-10-30 11:52:35,460 [f26e10ed-fb17-49e6-a903-eadc130d13d1@group-83984122B78E-LeaderElection59] INFO  impl.RoleInfo (RoleInfo.java:updateAndGet(143)) - f26e10ed-fb17-49e6-a903-eadc130d13d1: start FollowerState
2019-10-30 11:52:35,488 [Thread-727] INFO  impl.FollowerState (FollowerState.java:run(108)) - 9dbd5372-55c2-4532-b354-9494d3d545d2@group-F367C8FA5986-FollowerState: change to CANDIDATE, lastRpcTime:28ms, electionTimeout:28ms
2019-10-30 11:52:35,488 [Thread-727] INFO  impl.RoleInfo (RoleInfo.java:shutdownFollowerState(121)) - 9dbd5372-55c2-4532-b354-9494d3d545d2: shutdown FollowerState
2019-10-30 11:52:35,488 [Thread-727] INFO  impl.RaftServerImpl (RaftServerImpl.java:setRole(184)) - 9dbd5372-55c2-4532-b354-9494d3d545d2@group-F367C8FA5986: changes role from  FOLLOWER to CANDIDATE at term 23 for changeToCandidate
2019-10-30 11:52:35,488 [Thread-727] INFO  impl.RoleInfo (RoleInfo.java:updateAndGet(143)) - 9dbd5372-55c2-4532-b354-9494d3d545d2: start LeaderElection
2019-10-30 11:52:35,498 [9dbd5372-55c2-4532-b354-9494d3d545d2@group-F367C8FA5986-LeaderElection60] INFO  impl.LeaderElection (LeaderElection.java:askForVotes(178)) - 9dbd5372-55c2-4532-b354-9494d3d545d2@group-F367C8FA5986-LeaderElection60: begin an election at term 24 for -1: [9b3ef6c9-0245-4756-bf80-45d41f7a4453:192.168.157.220:37058, cd11b2f5-3187-4d03-bd60-931991550c17:192.168.157.220:43236, 9dbd5372-55c2-4532-b354-9494d3d545d2:192.168.157.220:42993], old=null
2019-10-30 11:52:35,500 [grpc-default-executor-4] INFO  impl.RaftServerImpl (RaftServerImpl.java:setRole(184)) - 9b3ef6c9-0245-4756-bf80-45d41f7a4453@group-F367C8FA5986: changes role from  FOLLOWER to FOLLOWER at term 24 for recognizeCandidate:9dbd5372-55c2-4532-b354-9494d3d545d2
2019-10-30 11:52:35,500 [grpc-default-executor-4] INFO  impl.RoleInfo (RoleInfo.java:shutdownFollowerState(121)) - 9b3ef6c9-0245-4756-bf80-45d41f7a4453: shutdown FollowerState
2019-10-30 11:52:35,500 [grpc-default-executor-0] INFO  impl.RaftServerImpl (RaftServerImpl.java:setRole(184)) - cd11b2f5-3187-4d03-bd60-931991550c17@group-F367C8FA5986: changes role from  FOLLOWER to FOLLOWER at term 24 for recognizeCandidate:9dbd5372-55c2-4532-b354-9494d3d545d2
2019-10-30 11:52:35,500 [grpc-default-executor-4] INFO  impl.RoleInfo (RoleInfo.java:updateAndGet(143)) - 9b3ef6c9-0245-4756-bf80-45d41f7a4453: start FollowerState
2019-10-30 11:52:35,501 [Thread-723] INFO  impl.FollowerState (FollowerState.java:run(117)) - 9b3ef6c9-0245-4756-bf80-45d41f7a4453@group-F367C8FA5986-FollowerState was interrupted: java.lang.InterruptedException: sleep interrupted
2019-10-30 11:52:35,501 [grpc-default-executor-0] INFO  impl.RoleInfo (RoleInfo.java:shutdownFollowerState(121)) - cd11b2f5-3187-4d03-bd60-931991550c17: shutdown FollowerState
2019-10-30 11:52:35,501 [grpc-default-executor-0] INFO  impl.RoleInfo (RoleInfo.java:updateAndGet(143)) - cd11b2f5-3187-4d03-bd60-931991550c17: start FollowerState
2019-10-30 11:52:35,501 [Thread-725] INFO  impl.FollowerState (FollowerState.java:run(117)) - cd11b2f5-3187-4d03-bd60-931991550c17@group-F367C8FA5986-FollowerState was interrupted: java.lang.InterruptedException: sleep interrupted
2019-10-30 11:52:35,521 [9dbd5372-55c2-4532-b354-9494d3d545d2@group-F367C8FA5986-LeaderElection60] INFO  impl.LeaderElection (LeaderElection.java:logAndReturn(56)) - 9dbd5372-55c2-4532-b354-9494d3d545d2@group-F367C8FA5986-LeaderElection60: Election REJECTED; received 2 response(s) [9dbd5372-55c2-4532-b354-9494d3d545d2<-9b3ef6c9-0245-4756-bf80-45d41f7a4453#0:FAIL-t24, 9dbd5372-55c2-4532-b354-9494d3d545d2<-cd11b2f5-3187-4d03-bd60-931991550c17#0:FAIL-t24] and 0 exception(s); 9dbd5372-55c2-4532-b354-9494d3d545d2@group-F367C8FA5986:t24, leader=null, voted=9dbd5372-55c2-4532-b354-9494d3d545d2, raftlog=9dbd5372-55c2-4532-b354-9494d3d545d2@group-F367C8FA5986-SegmentedRaftLog:OPENED:c-1,f-1,i0, conf=-1: [9b3ef6c9-0245-4756-bf80-45d41f7a4453:192.168.157.220:37058, cd11b2f5-3187-4d03-bd60-931991550c17:192.168.157.220:43236, 9dbd5372-55c2-4532-b354-9494d3d545d2:192.168.157.220:42993], old=null
2019-10-30 11:52:35,521 [9dbd5372-55c2-4532-b354-9494d3d545d2@group-F367C8FA5986-LeaderElection60] INFO  impl.RaftServerImpl (RaftServerImpl.java:setRole(184)) - 9dbd5372-55c2-4532-b354-9494d3d545d2@group-F367C8FA5986: changes role from CANDIDATE to FOLLOWER at term 24 for DISCOVERED_A_NEW_TERM
2019-10-30 11:52:35,521 [9dbd5372-55c2-4532-b354-9494d3d545d2@group-F367C8FA5986-LeaderElection60] INFO  impl.RoleInfo (RoleInfo.java:shutdownLeaderElection(134)) - 9dbd5372-55c2-4532-b354-9494d3d545d2: shutdown LeaderElection
2019-10-30 11:52:35,521 [9dbd5372-55c2-4532-b354-9494d3d545d2@group-F367C8FA5986-LeaderElection60] INFO  impl.RoleInfo (RoleInfo.java:updateAndGet(143)) - 9dbd5372-55c2-4532-b354-9494d3d545d2: start FollowerState
2019-10-30 11:52:35,637 [Thread-728] INFO  impl.FollowerState (FollowerState.java:run(108)) - f26e10ed-fb17-49e6-a903-eadc130d13d1@group-83984122B78E-FollowerState: change to CANDIDATE, lastRpcTime:177ms, electionTimeout:177ms
2019-10-30 11:52:35,637 [Thread-728] INFO  impl.RoleInfo (RoleInfo.java:shutdownFollowerState(121)) - f26e10ed-fb17-49e6-a903-eadc130d13d1: shutdown FollowerState
2019-10-30 11:52:35,637 [Thread-728] INFO  impl.RaftServerImpl (RaftServerImpl.java:setRole(184)) - f26e10ed-fb17-49e6-a903-eadc130d13d1@group-83984122B78E: changes role from  FOLLOWER to CANDIDATE at term 28 for changeToCandidate
2019-10-30 11:52:35,637 [Thread-728] INFO  impl.RoleInfo (RoleInfo.java:updateAndGet(143)) - f26e10ed-fb17-49e6-a903-eadc130d13d1: start LeaderElection
2019-10-30 11:52:35,650 [f26e10ed-fb17-49e6-a903-eadc130d13d1@group-83984122B78E-LeaderElection61] INFO  impl.LeaderElection (LeaderElection.java:askForVotes(178)) - f26e10ed-fb17-49e6-a903-eadc130d13d1@group-83984122B78E-LeaderElection61: begin an election at term 29 for -1: [4f16e274-8663-4a15-9c4c-c81f650ab979:192.168.157.220:38181, 4cc44201-a597-43af-a4ec-5b1b407a6250:192.168.157.220:36685, f26e10ed-fb17-49e6-a903-eadc130d13d1:192.168.157.220:32806], old=null
2019-10-30 11:52:35,654 [grpc-default-executor-0] INFO  impl.RaftServerImpl (RaftServerImpl.java:setRole(184)) - 4f16e274-8663-4a15-9c4c-c81f650ab979@group-83984122B78E: changes role from  FOLLOWER to FOLLOWER at term 29 for recognizeCandidate:f26e10ed-fb17-49e6-a903-eadc130d13d1
2019-10-30 11:52:35,654 [grpc-default-executor-4] INFO  impl.RaftServerImpl (RaftServerImpl.java:setRole(184)) - 4cc44201-a597-43af-a4ec-5b1b407a6250@group-83984122B78E: changes role from  FOLLOWER to FOLLOWER at term 29 for recognizeCandidate:f26e10ed-fb17-49e6-a903-eadc130d13d1
2019-10-30 11:52:35,654 [grpc-default-executor-4] INFO  impl.RoleInfo (RoleInfo.java:shutdownFollowerState(121)) - 4cc44201-a597-43af-a4ec-5b1b407a6250: shutdown FollowerState
2019-10-30 11:52:35,654 [grpc-default-executor-0] INFO  impl.RoleInfo (RoleInfo.java:shutdownFollowerState(121)) - 4f16e274-8663-4a15-9c4c-c81f650ab979: shutdown FollowerState
2019-10-30 11:52:35,654 [Thread-724] INFO  impl.FollowerState (FollowerState.java:run(117)) - 4cc44201-a597-43af-a4ec-5b1b407a6250@group-83984122B78E-FollowerState was interrupted: java.lang.InterruptedException: sleep interrupted
2019-10-30 11:52:35,654 [grpc-default-executor-4] INFO  impl.RoleInfo (RoleInfo.java:updateAndGet(143)) - 4cc44201-a597-43af-a4ec-5b1b407a6250: start FollowerState
2019-10-30 11:52:35,654 [grpc-default-executor-0] INFO  impl.RoleInfo (RoleInfo.java:updateAndGet(143)) - 4f16e274-8663-4a15-9c4c-c81f650ab979: start FollowerState
2019-10-30 11:52:35,654 [Thread-726] INFO  impl.FollowerState (FollowerState.java:run(117)) - 4f16e274-8663-4a15-9c4c-c81f650ab979@group-83984122B78E-FollowerState was interrupted: java.lang.InterruptedException: sleep interrupted
2019-10-30 11:52:35,663 [f26e10ed-fb17-49e6-a903-eadc130d13d1@group-83984122B78E-LeaderElection61] INFO  impl.LeaderElection (LeaderElection.java:logAndReturn(56)) - f26e10ed-fb17-49e6-a903-eadc130d13d1@group-83984122B78E-LeaderElection61: Election REJECTED; received 2 response(s) [f26e10ed-fb17-49e6-a903-eadc130d13d1<-4f16e274-8663-4a15-9c4c-c81f650ab979#0:FAIL-t29, f26e10ed-fb17-49e6-a903-eadc130d13d1<-4cc44201-a597-43af-a4ec-5b1b407a6250#0:FAIL-t29] and 0 exception(s); f26e10ed-fb17-49e6-a903-eadc130d13d1@group-83984122B78E:t29, leader=null, voted=f26e10ed-fb17-49e6-a903-eadc130d13d1, raftlog=f26e10ed-fb17-49e6-a903-eadc130d13d1@group-83984122B78E-SegmentedRaftLog:OPENED:c-1,f-1,i0, conf=-1: [4f16e274-8663-4a15-9c4c-c81f650ab979:192.168.157.220:38181, 4cc44201-a597-43af-a4ec-5b1b407a6250:192.168.157.220:36685, f26e10ed-fb17-49e6-a903-eadc130d13d1:192.168.157.220:32806], old=null
2019-10-30 11:52:35,663 [f26e10ed-fb17-49e6-a903-eadc130d13d1@group-83984122B78E-LeaderElection61] INFO  impl.RaftServerImpl (RaftServerImpl.java:setRole(184)) - f26e10ed-fb17-49e6-a903-eadc130d13d1@group-83984122B78E: changes role from CANDIDATE to FOLLOWER at term 29 for DISCOVERED_A_NEW_TERM
2019-10-30 11:52:35,663 [f26e10ed-fb17-49e6-a903-eadc130d13d1@group-83984122B78E-LeaderElection61] INFO  impl.RoleInfo (RoleInfo.java:shutdownLeaderElection(134)) - f26e10ed-fb17-49e6-a903-eadc130d13d1: shutdown LeaderElection
2019-10-30 11:52:35,663 [f26e10ed-fb17-49e6-a903-eadc130d13d1@group-83984122B78E-LeaderElection61] INFO  impl.RoleInfo (RoleInfo.java:updateAndGet(143)) - f26e10ed-fb17-49e6-a903-eadc130d13d1: start FollowerState
2019-10-30 11:52:35,664 [Thread-740] INFO  impl.FollowerState (FollowerState.java:run(108)) - f26e10ed-fb17-49e6-a903-eadc130d13d1@group-83984122B78E-FollowerState: change to CANDIDATE, lastRpcTime:0ms, electionTimeout:0ms
2019-10-30 11:52:35,664 [Thread-740] INFO  impl.RoleInfo (RoleInfo.java:shutdownFollowerState(121)) - f26e10ed-fb17-49e6-a903-eadc130d13d1: shutdown FollowerState
2019-10-30 11:52:35,664 [Thread-740] INFO  impl.RaftServerImpl (RaftServerImpl.java:setRole(184)) - f26e10ed-fb17-49e6-a903-eadc130d13d1@group-83984122B78E: changes role from  FOLLOWER to CANDIDATE at term 29 for changeToCandidate
2019-10-30 11:52:35,664 [Thread-740] INFO  impl.RoleInfo (RoleInfo.java:updateAndGet(143)) - f26e10ed-fb17-49e6-a903-eadc130d13d1: start LeaderElection
2019-10-30 11:52:35,673 [f26e10ed-fb17-49e6-a903-eadc130d13d1@group-83984122B78E-LeaderElection62] INFO  impl.LeaderElection (LeaderElection.java:askForVotes(178)) - f26e10ed-fb17-49e6-a903-eadc130d13d1@group-83984122B78E-LeaderElection62: begin an election at term 30 for -1: [4f16e274-8663-4a15-9c4c-c81f650ab979:192.168.157.220:38181, 4cc44201-a597-43af-a4ec-5b1b407a6250:192.168.157.220:36685, f26e10ed-fb17-49e6-a903-eadc130d13d1:192.168.157.220:32806], old=null
2019-10-30 11:52:35,675 [grpc-default-executor-4] INFO  impl.RaftServerImpl (RaftServerImpl.java:setRole(184)) - 4f16e274-8663-4a15-9c4c-c81f650ab979@group-83984122B78E: changes role from  FOLLOWER to FOLLOWER at term 30 for recognizeCandidate:f26e10ed-fb17-49e6-a903-eadc130d13d1
2019-10-30 11:52:35,675 [grpc-default-executor-4] INFO  impl.RoleInfo (RoleInfo.java:shutdownFollowerState(121)) - 4f16e274-8663-4a15-9c4c-c81f650ab979: shutdown FollowerState
2019-10-30 11:52:35,675 [grpc-default-executor-0] INFO  impl.RaftServerImpl (RaftServerImpl.java:setRole(184)) - 4cc44201-a597-43af-a4ec-5b1b407a6250@group-83984122B78E: changes role from  FOLLOWER to FOLLOWER at term 30 for recognizeCandidate:f26e10ed-fb17-49e6-a903-eadc130d13d1
2019-10-30 11:52:35,675 [grpc-default-executor-4] INFO  impl.RoleInfo (RoleInfo.java:updateAndGet(143)) - 4f16e274-8663-4a15-9c4c-c81f650ab979: start FollowerState
2019-10-30 11:52:35,675 [Thread-739] INFO  impl.FollowerState (FollowerState.java:run(117)) - 4f16e274-8663-4a15-9c4c-c81f650ab979@group-83984122B78E-FollowerState was interrupted: java.lang.InterruptedException: sleep interrupted
2019-10-30 11:52:35,675 [grpc-default-executor-0] INFO  impl.RoleInfo (RoleInfo.java:shutdownFollowerState(121)) - 4cc44201-a597-43af-a4ec-5b1b407a6250: shutdown FollowerState
2019-10-30 11:52:35,676 [grpc-default-executor-0] INFO  impl.RoleInfo (RoleInfo.java:updateAndGet(143)) - 4cc44201-a597-43af-a4ec-5b1b407a6250: start FollowerState
2019-10-30 11:52:35,676 [Thread-738] INFO  impl.FollowerState (FollowerState.java:run(117)) - 4cc44201-a597-43af-a4ec-5b1b407a6250@group-83984122B78E-FollowerState was interrupted: java.lang.InterruptedException: sleep interrupted
2019-10-30 11:52:35,708 [f26e10ed-fb17-49e6-a903-eadc130d13d1@group-83984122B78E-LeaderElection62] INFO  impl.LeaderElection (LeaderElection.java:logAndReturn(56)) - f26e10ed-fb17-49e6-a903-eadc130d13d1@group-83984122B78E-LeaderElection62: Election REJECTED; received 2 response(s) [f26e10ed-fb17-49e6-a903-eadc130d13d1<-4f16e274-8663-4a15-9c4c-c81f650ab979#0:FAIL-t30, f26e10ed-fb17-49e6-a903-eadc130d13d1<-4cc44201-a597-43af-a4ec-5b1b407a6250#0:FAIL-t30] and 0 exception(s); f26e10ed-fb17-49e6-a903-eadc130d13d1@group-83984122B78E:t30, leader=null, voted=f26e10ed-fb17-49e6-a903-eadc130d13d1, raftlog=f26e10ed-fb17-49e6-a903-eadc130d13d1@group-83984122B78E-SegmentedRaftLog:OPENED:c-1,f-1,i0, conf=-1: [4f16e274-8663-4a15-9c4c-c81f650ab979:192.168.157.220:38181, 4cc44201-a597-43af-a4ec-5b1b407a6250:192.168.157.220:36685, f26e10ed-fb17-49e6-a903-eadc130d13d1:192.168.157.220:32806], old=null
2019-10-30 11:52:35,708 [f26e10ed-fb17-49e6-a903-eadc130d13d1@group-83984122B78E-LeaderElection62] INFO  impl.RaftServerImpl (RaftServerImpl.java:setRole(184)) - f26e10ed-fb17-49e6-a903-eadc130d13d1@group-83984122B78E: changes role from CANDIDATE to FOLLOWER at term 30 for DISCOVERED_A_NEW_TERM
2019-10-30 11:52:35,708 [f26e10ed-fb17-49e6-a903-eadc130d13d1@group-83984122B78E-LeaderElection62] INFO  impl.RoleInfo (RoleInfo.java:shutdownLeaderElection(134)) - f26e10ed-fb17-49e6-a903-eadc130d13d1: shutdown LeaderElection
2019-10-30 11:52:35,709 [f26e10ed-fb17-49e6-a903-eadc130d13d1@group-83984122B78E-LeaderElection62] INFO  impl.RoleInfo (RoleInfo.java:updateAndGet(143)) - f26e10ed-fb17-49e6-a903-eadc130d13d1: start FollowerState
2019-10-30 11:52:35,713 [Thread-734] INFO  impl.FollowerState (FollowerState.java:run(108)) - 9dbd5372-55c2-4532-b354-9494d3d545d2@group-F367C8FA5986-FollowerState: change to CANDIDATE, lastRpcTime:191ms, electionTimeout:191ms
2019-10-30 11:52:35,713 [Thread-734] INFO  impl.RoleInfo (RoleInfo.java:shutdownFollowerState(121)) - 9dbd5372-55c2-4532-b354-9494d3d545d2: shutdown FollowerState
2019-10-30 11:52:35,713 [Thread-734] INFO  impl.RaftServerImpl (RaftServerImpl.java:setRole(184)) - 9dbd5372-55c2-4532-b354-9494d3d545d2@group-F367C8FA5986: changes role from  FOLLOWER to CANDIDATE at term 24 for changeToCandidate
2019-10-30 11:52:35,713 [Thread-734] INFO  impl.RoleInfo (RoleInfo.java:updateAndGet(143)) - 9dbd5372-55c2-4532-b354-9494d3d545d2: start LeaderElection
2019-10-30 11:52:35,722 [9dbd5372-55c2-4532-b354-9494d3d545d2@group-F367C8FA5986-LeaderElection63] INFO  impl.LeaderElection (LeaderElection.java:askForVotes(178)) - 9dbd5372-55c2-4532-b354-9494d3d545d2@group-F367C8FA5986-LeaderElection63: begin an election at term 25 for -1: [9b3ef6c9-0245-4756-bf80-45d41f7a4453:192.168.157.220:37058, cd11b2f5-3187-4d03-bd60-931991550c17:192.168.157.220:43236, 9dbd5372-55c2-4532-b354-9494d3d545d2:192.168.157.220:42993], old=null
2019-10-30 11:52:35,724 [grpc-default-executor-0] INFO  impl.RaftServerImpl (RaftServerImpl.java:setRole(184)) - 9b3ef6c9-0245-4756-bf80-45d41f7a4453@group-F367C8FA5986: changes role from  FOLLOWER to FOLLOWER at term 25 for recognizeCandidate:9dbd5372-55c2-4532-b354-9494d3d545d2
2019-10-30 11:52:35,724 [grpc-default-executor-0] INFO  impl.RoleInfo (RoleInfo.java:shutdownFollowerState(121)) - 9b3ef6c9-0245-4756-bf80-45d41f7a4453: shutdown FollowerState
2019-10-30 11:52:35,725 [grpc-default-executor-0] INFO  impl.RoleInfo (RoleInfo.java:updateAndGet(143)) - 9b3ef6c9-0245-4756-bf80-45d41f7a4453: start FollowerState
2019-10-30 11:52:35,725 [grpc-default-executor-4] INFO  impl.RaftServerImpl (RaftServerImpl.java:setRole(184)) - cd11b2f5-3187-4d03-bd60-931991550c17@group-F367C8FA5986: changes role from  FOLLOWER to FOLLOWER at term 25 for recognizeCandidate:9dbd5372-55c2-4532-b354-9494d3d545d2
2019-10-30 11:52:35,725 [grpc-default-executor-4] INFO  impl.RoleInfo (RoleInfo.java:shutdownFollowerState(121)) - cd11b2f5-3187-4d03-bd60-931991550c17: shutdown FollowerState
2019-10-30 11:52:35,725 [grpc-default-executor-4] INFO  impl.RoleInfo (RoleInfo.java:updateAndGet(143)) - cd11b2f5-3187-4d03-bd60-931991550c17: start FollowerState
2019-10-30 11:52:35,725 [Thread-732] INFO  impl.FollowerState (FollowerState.java:run(117)) - 9b3ef6c9-0245-4756-bf80-45d41f7a4453@group-F367C8FA5986-FollowerState was interrupted: java.lang.InterruptedException: sleep interrupted
2019-10-30 11:52:35,725 [Thread-733] INFO  impl.FollowerState (FollowerState.java:run(117)) - cd11b2f5-3187-4d03-bd60-931991550c17@group-F367C8FA5986-FollowerState was interrupted: java.lang.InterruptedException: sleep interrupted
2019-10-30 11:52:35,732 [9dbd5372-55c2-4532-b354-9494d3d545d2@group-F367C8FA5986-LeaderElection63] INFO  impl.LeaderElection (LeaderElection.java:logAndReturn(56)) - 9dbd5372-55c2-4532-b354-9494d3d545d2@group-F367C8FA5986-LeaderElection63: Election REJECTED; received 2 response(s) [9dbd5372-55c2-4532-b354-9494d3d545d2<-9b3ef6c9-0245-4756-bf80-45d41f7a4453#0:FAIL-t25, 9dbd5372-55c2-4532-b354-9494d3d545d2<-cd11b2f5-3187-4d03-bd60-931991550c17#0:FAIL-t25] and 0 exception(s); 9dbd5372-55c2-4532-b354-9494d3d545d2@group-F367C8FA5986:t25, leader=null, voted=9dbd5372-55c2-4532-b354-9494d3d545d2, raftlog=9dbd5372-55c2-4532-b354-9494d3d545d2@group-F367C8FA5986-SegmentedRaftLog:OPENED:c-1,f-1,i0, conf=-1: [9b3ef6c9-0245-4756-bf80-45d41f7a4453:192.168.157.220:37058, cd11b2f5-3187-4d03-bd60-931991550c17:192.168.157.220:43236, 9dbd5372-55c2-4532-b354-9494d3d545d2:192.168.157.220:42993], old=null
2019-10-30 11:52:35,732 [9dbd5372-55c2-4532-b354-9494d3d545d2@group-F367C8FA5986-LeaderElection63] INFO  impl.RaftServerImpl (RaftServerImpl.java:setRole(184)) - 9dbd5372-55c2-4532-b354-9494d3d545d2@group-F367C8FA5986: changes role from CANDIDATE to FOLLOWER at term 25 for DISCOVERED_A_NEW_TERM
2019-10-30 11:52:35,733 [9dbd5372-55c2-4532-b354-9494d3d545d2@group-F367C8FA5986-LeaderElection63] INFO  impl.RoleInfo (RoleInfo.java:shutdownLeaderElection(134)) - 9dbd5372-55c2-4532-b354-9494d3d545d2: shutdown LeaderElection
2019-10-30 11:52:35,733 [9dbd5372-55c2-4532-b354-9494d3d545d2@group-F367C8FA5986-LeaderElection63] INFO  impl.RoleInfo (RoleInfo.java:updateAndGet(143)) - 9dbd5372-55c2-4532-b354-9494d3d545d2: start FollowerState
2019-10-30 11:52:35,759 [Thread-746] INFO  impl.FollowerState (FollowerState.java:run(108)) - f26e10ed-fb17-49e6-a903-eadc130d13d1@group-83984122B78E-FollowerState: change to CANDIDATE, lastRpcTime:50ms, electionTimeout:50ms
2019-10-30 11:52:35,759 [Thread-746] INFO  impl.RoleInfo (RoleInfo.java:shutdownFollowerState(121)) - f26e10ed-fb17-49e6-a903-eadc130d13d1: shutdown FollowerState
2019-10-30 11:52:35,759 [Thread-746] INFO  impl.RaftServerImpl (RaftServerImpl.java:setRole(184)) - f26e10ed-fb17-49e6-a903-eadc130d13d1@group-83984122B78E: changes role from  FOLLOWER to CANDIDATE at term 30 for changeToCandidate
2019-10-30 11:52:35,759 [Thread-746] INFO  impl.RoleInfo (RoleInfo.java:updateAndGet(143)) - f26e10ed-fb17-49e6-a903-eadc130d13d1: start LeaderElection
2019-10-30 11:52:35,782 [f26e10ed-fb17-49e6-a903-eadc130d13d1@group-83984122B78E-LeaderElection64] INFO  impl.LeaderElection (LeaderElection.java:askForVotes(178)) - f26e10ed-fb17-49e6-a903-eadc130d13d1@group-83984122B78E-LeaderElection64: begin an election at term 31 for -1: [4f16e274-8663-4a15-9c4c-c81f650ab979:192.168.157.220:38181, 4cc44201-a597-43af-a4ec-5b1b407a6250:192.168.157.220:36685, f26e10ed-fb17-49e6-a903-eadc130d13d1:192.168.157.220:32806], old=null
2019-10-30 11:52:35,784 [grpc-default-executor-0] INFO  impl.RaftServerImpl (RaftServerImpl.java:setRole(184)) - 4f16e274-8663-4a15-9c4c-c81f650ab979@group-83984122B78E: changes role from  FOLLOWER to FOLLOWER at term 31 for recognizeCandidate:f26e10ed-fb17-49e6-a903-eadc130d13d1
2019-10-30 11:52:35,784 [grpc-default-executor-0] INFO  impl.RoleInfo (RoleInfo.java:shutdownFollowerState(121)) - 4f16e274-8663-4a15-9c4c-c81f650ab979: shutdown FollowerState
2019-10-30 11:52:35,784 [grpc-default-executor-4] INFO  impl.RaftServerImpl (RaftServerImpl.java:setRole(184)) - 4cc44201-a597-43af-a4ec-5b1b407a6250@group-83984122B78E: changes role from  FOLLOWER to FOLLOWER at term 31 for recognizeCandidate:f26e10ed-fb17-49e6-a903-eadc130d13d1
2019-10-30 11:52:35,785 [grpc-default-executor-4] INFO  impl.RoleInfo (RoleInfo.java:shutdownFollowerState(121)) - 4cc44201-a597-43af-a4ec-5b1b407a6250: shutdown FollowerState
2019-10-30 11:52:35,785 [Thread-744] INFO  impl.FollowerState (FollowerState.java:run(117)) - 4f16e274-8663-4a15-9c4c-c81f650ab979@group-83984122B78E-FollowerState was interrupted: java.lang.InterruptedException: sleep interrupted
2019-10-30 11:52:35,785 [grpc-default-executor-0] INFO  impl.RoleInfo (RoleInfo.java:updateAndGet(143)) - 4f16e274-8663-4a15-9c4c-c81f650ab979: start FollowerState
2019-10-30 11:52:35,785 [Thread-745] INFO  impl.FollowerState (FollowerState.java:run(117)) - 4cc44201-a597-43af-a4ec-5b1b407a6250@group-83984122B78E-FollowerState was interrupted: java.lang.InterruptedException: sleep interrupted
2019-10-30 11:52:35,785 [grpc-default-executor-4] INFO  impl.RoleInfo (RoleInfo.java:updateAndGet(143)) - 4cc44201-a597-43af-a4ec-5b1b407a6250: start FollowerState
2019-10-30 11:52:35,812 [f26e10ed-fb17-49e6-a903-eadc130d13d1@group-83984122B78E-LeaderElection64] INFO  impl.LeaderElection (LeaderElection.java:logAndReturn(56)) - f26e10ed-fb17-49e6-a903-eadc130d13d1@group-83984122B78E-LeaderElection64: Election REJECTED; received 2 response(s) [f26e10ed-fb17-49e6-a903-eadc130d13d1<-4f16e274-8663-4a15-9c4c-c81f650ab979#0:FAIL-t31, f26e10ed-fb17-49e6-a903-eadc130d13d1<-4cc44201-a597-43af-a4ec-5b1b407a6250#0:FAIL-t31] and 0 exception(s); f26e10ed-fb17-49e6-a903-eadc130d13d1@group-83984122B78E:t31, leader=null, voted=f26e10ed-fb17-49e6-a903-eadc130d13d1, raftlog=f26e10ed-fb17-49e6-a903-eadc130d13d1@group-83984122B78E-SegmentedRaftLog:OPENED:c-1,f-1,i0, conf=-1: [4f16e274-8663-4a15-9c4c-c81f650ab979:192.168.157.220:38181, 4cc44201-a597-43af-a4ec-5b1b407a6250:192.168.157.220:36685, f26e10ed-fb17-49e6-a903-eadc130d13d1:192.168.157.220:32806], old=null
2019-10-30 11:52:35,812 [f26e10ed-fb17-49e6-a903-eadc130d13d1@group-83984122B78E-LeaderElection64] INFO  impl.RaftServerImpl (RaftServerImpl.java:setRole(184)) - f26e10ed-fb17-49e6-a903-eadc130d13d1@group-83984122B78E: changes role from CANDIDATE to FOLLOWER at term 31 for DISCOVERED_A_NEW_TERM
2019-10-30 11:52:35,812 [f26e10ed-fb17-49e6-a903-eadc130d13d1@group-83984122B78E-LeaderElection64] INFO  impl.RoleInfo (RoleInfo.java:shutdownLeaderElection(134)) - f26e10ed-fb17-49e6-a903-eadc130d13d1: shutdown LeaderElection
2019-10-30 11:52:35,812 [f26e10ed-fb17-49e6-a903-eadc130d13d1@group-83984122B78E-LeaderElection64] INFO  impl.RoleInfo (RoleInfo.java:updateAndGet(143)) - f26e10ed-fb17-49e6-a903-eadc130d13d1: start FollowerState
2019-10-30 11:52:35,820 [Thread-752] INFO  impl.FollowerState (FollowerState.java:run(108)) - 9dbd5372-55c2-4532-b354-9494d3d545d2@group-F367C8FA5986-FollowerState: change to CANDIDATE, lastRpcTime:87ms, electionTimeout:87ms
2019-10-30 11:52:35,820 [Thread-752] INFO  impl.RoleInfo (RoleInfo.java:shutdownFollowerState(121)) - 9dbd5372-55c2-4532-b354-9494d3d545d2: shutdown FollowerState
2019-10-30 11:52:35,820 [Thread-752] INFO  impl.RaftServerImpl (RaftServerImpl.java:setRole(184)) - 9dbd5372-55c2-4532-b354-9494d3d545d2@group-F367C8FA5986: changes role from  FOLLOWER to CANDIDATE at term 25 for changeToCandidate
2019-10-30 11:52:35,820 [Thread-752] INFO  impl.RoleInfo (RoleInfo.java:updateAndGet(143)) - 9dbd5372-55c2-4532-b354-9494d3d545d2: start LeaderElection
2019-10-30 11:52:35,824 [9dbd5372-55c2-4532-b354-9494d3d545d2@group-F367C8FA5986-LeaderElection65] INFO  impl.LeaderElection (LeaderElection.java:askForVotes(178)) - 9dbd5372-55c2-4532-b354-9494d3d545d2@group-F367C8FA5986-LeaderElection65: begin an election at term 26 for -1: [9b3ef6c9-0245-4756-bf80-45d41f7a4453:192.168.157.220:37058, cd11b2f5-3187-4d03-bd60-931991550c17:192.168.157.220:43236, 9dbd5372-55c2-4532-b354-9494d3d545d2:192.168.157.220:42993], old=null
2019-10-30 11:52:35,826 [grpc-default-executor-0] INFO  impl.RaftServerImpl (RaftServerImpl.java:setRole(184)) - cd11b2f5-3187-4d03-bd60-931991550c17@group-F367C8FA5986: changes role from  FOLLOWER to FOLLOWER at term 26 for recognizeCandidate:9dbd5372-55c2-4532-b354-9494d3d545d2
2019-10-30 11:52:35,826 [grpc-default-executor-0] INFO  impl.RoleInfo (RoleInfo.java:shutdownFollowerState(121)) - cd11b2f5-3187-4d03-bd60-931991550c17: shutdown FollowerState
2019-10-30 11:52:35,826 [grpc-default-executor-4] INFO  impl.RaftServerImpl (RaftServerImpl.java:setRole(184)) - 9b3ef6c9-0245-4756-bf80-45d41f7a4453@group-F367C8FA5986: changes role from  FOLLOWER to FOLLOWER at term 26 for recognizeCandidate:9dbd5372-55c2-4532-b354-9494d3d545d2
2019-10-30 11:52:35,826 [grpc-default-executor-0] INFO  impl.RoleInfo (RoleInfo.java:updateAndGet(143)) - cd11b2f5-3187-4d03-bd60-931991550c17: start FollowerState
2019-10-30 11:52:35,826 [Thread-751] INFO  impl.FollowerState (FollowerState.java:run(117)) - cd11b2f5-3187-4d03-bd60-931991550c17@group-F367C8FA5986-FollowerState was interrupted: java.lang.InterruptedException: sleep interrupted
2019-10-30 11:52:35,826 [grpc-default-executor-4] INFO  impl.RoleInfo (RoleInfo.java:shutdownFollowerState(121)) - 9b3ef6c9-0245-4756-bf80-45d41f7a4453: shutdown FollowerState
2019-10-30 11:52:35,827 [grpc-default-executor-4] INFO  impl.RoleInfo (RoleInfo.java:updateAndGet(143)) - 9b3ef6c9-0245-4756-bf80-45d41f7a4453: start FollowerState
2019-10-30 11:52:35,827 [Thread-750] INFO  impl.FollowerState (FollowerState.java:run(117)) - 9b3ef6c9-0245-4756-bf80-45d41f7a4453@group-F367C8FA5986-FollowerState was interrupted: java.lang.InterruptedException: sleep interrupted
2019-10-30 11:52:35,833 [9dbd5372-55c2-4532-b354-9494d3d545d2@group-F367C8FA5986-LeaderElection65] INFO  impl.LeaderElection (LeaderElection.java:logAndReturn(56)) - 9dbd5372-55c2-4532-b354-9494d3d545d2@group-F367C8FA5986-LeaderElection65: Election REJECTED; received 2 response(s) [9dbd5372-55c2-4532-b354-9494d3d545d2<-9b3ef6c9-0245-4756-bf80-45d41f7a4453#0:FAIL-t26, 9dbd5372-55c2-4532-b354-9494d3d545d2<-cd11b2f5-3187-4d03-bd60-931991550c17#0:FAIL-t26] and 0 exception(s); 9dbd5372-55c2-4532-b354-9494d3d545d2@group-F367C8FA5986:t26, leader=null, voted=9dbd5372-55c2-4532-b354-9494d3d545d2, raftlog=9dbd5372-55c2-4532-b354-9494d3d545d2@group-F367C8FA5986-SegmentedRaftLog:OPENED:c-1,f-1,i0, conf=-1: [9b3ef6c9-0245-4756-bf80-45d41f7a4453:192.168.157.220:37058, cd11b2f5-3187-4d03-bd60-931991550c17:192.168.157.220:43236, 9dbd5372-55c2-4532-b354-9494d3d545d2:192.168.157.220:42993], old=null
2019-10-30 11:52:35,833 [9dbd5372-55c2-4532-b354-9494d3d545d2@group-F367C8FA5986-LeaderElection65] INFO  impl.RaftServerImpl (RaftServerImpl.java:setRole(184)) - 9dbd5372-55c2-4532-b354-9494d3d545d2@group-F367C8FA5986: changes role from CANDIDATE to FOLLOWER at term 26 for DISCOVERED_A_NEW_TERM
2019-10-30 11:52:35,833 [9dbd5372-55c2-4532-b354-9494d3d545d2@group-F367C8FA5986-LeaderElection65] INFO  impl.RoleInfo (RoleInfo.java:shutdownLeaderElection(134)) - 9dbd5372-55c2-4532-b354-9494d3d545d2: shutdown LeaderElection
2019-10-30 11:52:35,833 [9dbd5372-55c2-4532-b354-9494d3d545d2@group-F367C8FA5986-LeaderElection65] INFO  impl.RoleInfo (RoleInfo.java:updateAndGet(143)) - 9dbd5372-55c2-4532-b354-9494d3d545d2: start FollowerState
2019-10-30 11:52:35,954 [Thread-760] INFO  impl.FollowerState (FollowerState.java:run(108)) - f26e10ed-fb17-49e6-a903-eadc130d13d1@group-83984122B78E-FollowerState: change to CANDIDATE, lastRpcTime:142ms, electionTimeout:142ms
2019-10-30 11:52:35,954 [Thread-760] INFO  impl.RoleInfo (RoleInfo.java:shutdownFollowerState(121)) - f26e10ed-fb17-49e6-a903-eadc130d13d1: shutdown FollowerState
2019-10-30 11:52:35,955 [Thread-760] INFO  impl.RaftServerImpl (RaftServerImpl.java:setRole(184)) - f26e10ed-fb17-49e6-a903-eadc130d13d1@group-83984122B78E: changes role from  FOLLOWER to CANDIDATE at term 31 for changeToCandidate
2019-10-30 11:52:35,955 [Thread-760] INFO  impl.RoleInfo (RoleInfo.java:updateAndGet(143)) - f26e10ed-fb17-49e6-a903-eadc130d13d1: start LeaderElection
2019-10-30 11:52:35,965 [f26e10ed-fb17-49e6-a903-eadc130d13d1@group-83984122B78E-LeaderElection66] INFO  impl.LeaderElection (LeaderElection.java:askForVotes(178)) - f26e10ed-fb17-49e6-a903-eadc130d13d1@group-83984122B78E-LeaderElection66: begin an election at term 32 for -1: [4f16e274-8663-4a15-9c4c-c81f650ab979:192.168.157.220:38181, 4cc44201-a597-43af-a4ec-5b1b407a6250:192.168.157.220:36685, f26e10ed-fb17-49e6-a903-eadc130d13d1:192.168.157.220:32806], old=null
2019-10-30 11:52:35,967 [grpc-default-executor-0] INFO  impl.RaftServerImpl (RaftServerImpl.java:setRole(184)) - 4f16e274-8663-4a15-9c4c-c81f650ab979@group-83984122B78E: changes role from  FOLLOWER to FOLLOWER at term 32 for recognizeCandidate:f26e10ed-fb17-49e6-a903-eadc130d13d1
2019-10-30 11:52:35,967 [grpc-default-executor-4] INFO  impl.RaftServerImpl (RaftServerImpl.java:setRole(184)) - 4cc44201-a597-43af-a4ec-5b1b407a6250@group-83984122B78E: changes role from  FOLLOWER to FOLLOWER at term 32 for recognizeCandidate:f26e10ed-fb17-49e6-a903-eadc130d13d1
2019-10-30 11:52:35,967 [grpc-default-executor-4] INFO  impl.RoleInfo (RoleInfo.java:shutdownFollowerState(121)) - 4cc44201-a597-43af-a4ec-5b1b407a6250: shutdown FollowerState
2019-10-30 11:52:35,967 [grpc-default-executor-0] INFO  impl.RoleInfo (RoleInfo.java:shutdownFollowerState(121)) - 4f16e274-8663-4a15-9c4c-c81f650ab979: shutdown FollowerState
2019-10-30 11:52:35,967 [Thread-759] INFO  impl.FollowerState (FollowerState.java:run(117)) - 4cc44201-a597-43af-a4ec-5b1b407a6250@group-83984122B78E-FollowerState was interrupted: java.lang.InterruptedException: sleep interrupted
2019-10-30 11:52:35,967 [grpc-default-executor-4] INFO  impl.RoleInfo (RoleInfo.java:updateAndGet(143)) - 4cc44201-a597-43af-a4ec-5b1b407a6250: start FollowerState
2019-10-30 11:52:35,967 [grpc-default-executor-0] INFO  impl.RoleInfo (RoleInfo.java:updateAndGet(143)) - 4f16e274-8663-4a15-9c4c-c81f650ab979: start FollowerState
2019-10-30 11:52:35,967 [Thread-758] INFO  impl.FollowerState (FollowerState.java:run(117)) - 4f16e274-8663-4a15-9c4c-c81f650ab979@group-83984122B78E-FollowerState was interrupted: java.lang.InterruptedException: sleep interrupted
2019-10-30 11:52:35,983 [f26e10ed-fb17-49e6-a903-eadc130d13d1@group-83984122B78E-LeaderElection66] INFO  impl.LeaderElection (LeaderElection.java:logAndReturn(56)) - f26e10ed-fb17-49e6-a903-eadc130d13d1@group-83984122B78E-LeaderElection66: Election REJECTED; received 2 response(s) [f26e10ed-fb17-49e6-a903-eadc130d13d1<-4f16e274-8663-4a15-9c4c-c81f650ab979#0:FAIL-t32, f26e10ed-fb17-49e6-a903-eadc130d13d1<-4cc44201-a597-43af-a4ec-5b1b407a6250#0:FAIL-t32] and 0 exception(s); f26e10ed-fb17-49e6-a903-eadc130d13d1@group-83984122B78E:t32, leader=null, voted=f26e10ed-fb17-49e6-a903-eadc130d13d1, raftlog=f26e10ed-fb17-49e6-a903-eadc130d13d1@group-83984122B78E-SegmentedRaftLog:OPENED:c-1,f-1,i0, conf=-1: [4f16e274-8663-4a15-9c4c-c81f650ab979:192.168.157.220:38181, 4cc44201-a597-43af-a4ec-5b1b407a6250:192.168.157.220:36685, f26e10ed-fb17-49e6-a903-eadc130d13d1:192.168.157.220:32806], old=null
2019-10-30 11:52:35,983 [f26e10ed-fb17-49e6-a903-eadc130d13d1@group-83984122B78E-LeaderElection66] INFO  impl.RaftServerImpl (RaftServerImpl.java:setRole(184)) - f26e10ed-fb17-49e6-a903-eadc130d13d1@group-83984122B78E: changes role from CANDIDATE to FOLLOWER at term 32 for DISCOVERED_A_NEW_TERM
2019-10-30 11:52:35,983 [f26e10ed-fb17-49e6-a903-eadc130d13d1@group-83984122B78E-LeaderElection66] INFO  impl.RoleInfo (RoleInfo.java:shutdownLeaderElection(134)) - f26e10ed-fb17-49e6-a903-eadc130d13d1: shutdown LeaderElection
2019-10-30 11:52:35,984 [f26e10ed-fb17-49e6-a903-eadc130d13d1@group-83984122B78E-LeaderElection66] INFO  impl.RoleInfo (RoleInfo.java:updateAndGet(143)) - f26e10ed-fb17-49e6-a903-eadc130d13d1: start FollowerState
2019-10-30 11:52:36,031 [Thread-766] INFO  impl.FollowerState (FollowerState.java:run(108)) - 9dbd5372-55c2-4532-b354-9494d3d545d2@group-F367C8FA5986-FollowerState: change to CANDIDATE, lastRpcTime:197ms, electionTimeout:197ms
2019-10-30 11:52:36,031 [Thread-766] INFO  impl.RoleInfo (RoleInfo.java:shutdownFollowerState(121)) - 9dbd5372-55c2-4532-b354-9494d3d545d2: shutdown FollowerState
2019-10-30 11:52:36,031 [Thread-766] INFO  impl.RaftServerImpl (RaftServerImpl.java:setRole(184)) - 9dbd5372-55c2-4532-b354-9494d3d545d2@group-F367C8FA5986: changes role from  FOLLOWER to CANDIDATE at term 26 for changeToCandidate
2019-10-30 11:52:36,031 [Thread-766] INFO  impl.RoleInfo (RoleInfo.java:updateAndGet(143)) - 9dbd5372-55c2-4532-b354-9494d3d545d2: start LeaderElection
2019-10-30 11:52:36,084 [9dbd5372-55c2-4532-b354-9494d3d545d2@group-F367C8FA5986-LeaderElection67] INFO  impl.LeaderElection (LeaderElection.java:askForVotes(178)) - 9dbd5372-55c2-4532-b354-9494d3d545d2@group-F367C8FA5986-LeaderElection67: begin an election at term 27 for -1: [9b3ef6c9-0245-4756-bf80-45d41f7a4453:192.168.157.220:37058, cd11b2f5-3187-4d03-bd60-931991550c17:192.168.157.220:43236, 9dbd5372-55c2-4532-b354-9494d3d545d2:192.168.157.220:42993], old=null
2019-10-30 11:52:36,086 [grpc-default-executor-0] INFO  impl.RaftServerImpl (RaftServerImpl.java:setRole(184)) - cd11b2f5-3187-4d03-bd60-931991550c17@group-F367C8FA5986: changes role from  FOLLOWER to FOLLOWER at term 27 for recognizeCandidate:9dbd5372-55c2-4532-b354-9494d3d545d2
2019-10-30 11:52:36,087 [grpc-default-executor-0] INFO  impl.RoleInfo (RoleInfo.java:shutdownFollowerState(121)) - cd11b2f5-3187-4d03-bd60-931991550c17: shutdown FollowerState
2019-10-30 11:52:36,087 [Thread-764] INFO  impl.FollowerState (FollowerState.java:run(117)) - cd11b2f5-3187-4d03-bd60-931991550c17@group-F367C8FA5986-FollowerState was interrupted: java.lang.InterruptedException: sleep interrupted
2019-10-30 11:52:36,087 [grpc-default-executor-4] INFO  impl.RaftServerImpl (RaftServerImpl.java:setRole(184)) - 9b3ef6c9-0245-4756-bf80-45d41f7a4453@group-F367C8FA5986: changes role from  FOLLOWER to FOLLOWER at term 27 for recognizeCandidate:9dbd5372-55c2-4532-b354-9494d3d545d2
2019-10-30 11:52:36,087 [grpc-default-executor-4] INFO  impl.RoleInfo (RoleInfo.java:shutdownFollowerState(121)) - 9b3ef6c9-0245-4756-bf80-45d41f7a4453: shutdown FollowerState
2019-10-30 11:52:36,087 [grpc-default-executor-4] INFO  impl.RoleInfo (RoleInfo.java:updateAndGet(143)) - 9b3ef6c9-0245-4756-bf80-45d41f7a4453: start FollowerState
2019-10-30 11:52:36,087 [grpc-default-executor-0] INFO  impl.RoleInfo (RoleInfo.java:updateAndGet(143)) - cd11b2f5-3187-4d03-bd60-931991550c17: start FollowerState
2019-10-30 11:52:36,087 [Thread-765] INFO  impl.FollowerState (FollowerState.java:run(117)) - 9b3ef6c9-0245-4756-bf80-45d41f7a4453@group-F367C8FA5986-FollowerState was interrupted: java.lang.InterruptedException: sleep interrupted
2019-10-30 11:52:36,098 [9dbd5372-55c2-4532-b354-9494d3d545d2@group-F367C8FA5986-LeaderElection67] INFO  impl.LeaderElection (LeaderElection.java:logAndReturn(56)) - 9dbd5372-55c2-4532-b354-9494d3d545d2@group-F367C8FA5986-LeaderElection67: Election REJECTED; received 2 response(s) [9dbd5372-55c2-4532-b354-9494d3d545d2<-9b3ef6c9-0245-4756-bf80-45d41f7a4453#0:FAIL-t27, 9dbd5372-55c2-4532-b354-9494d3d545d2<-cd11b2f5-3187-4d03-bd60-931991550c17#0:FAIL-t27] and 0 exception(s); 9dbd5372-55c2-4532-b354-9494d3d545d2@group-F367C8FA5986:t27, leader=null, voted=9dbd5372-55c2-4532-b354-9494d3d545d2, raftlog=9dbd5372-55c2-4532-b354-9494d3d545d2@group-F367C8FA5986-SegmentedRaftLog:OPENED:c-1,f-1,i0, conf=-1: [9b3ef6c9-0245-4756-bf80-45d41f7a4453:192.168.157.220:37058, cd11b2f5-3187-4d03-bd60-931991550c17:192.168.157.220:43236, 9dbd5372-55c2-4532-b354-9494d3d545d2:192.168.157.220:42993], old=null
2019-10-30 11:52:36,098 [9dbd5372-55c2-4532-b354-9494d3d545d2@group-F367C8FA5986-LeaderElection67] INFO  impl.RaftServerImpl (RaftServerImpl.java:setRole(184)) - 9dbd5372-55c2-4532-b354-9494d3d545d2@group-F367C8FA5986: changes role from CANDIDATE to FOLLOWER at term 27 for DISCOVERED_A_NEW_TERM
2019-10-30 11:52:36,098 [9dbd5372-55c2-4532-b354-9494d3d545d2@group-F367C8FA5986-LeaderElection67] INFO  impl.RoleInfo (RoleInfo.java:shutdownLeaderElection(134)) - 9dbd5372-55c2-4532-b354-9494d3d545d2: shutdown LeaderElection
2019-10-30 11:52:36,098 [9dbd5372-55c2-4532-b354-9494d3d545d2@group-F367C8FA5986-LeaderElection67] INFO  impl.RoleInfo (RoleInfo.java:updateAndGet(143)) - 9dbd5372-55c2-4532-b354-9494d3d545d2: start FollowerState
2019-10-30 11:52:36,104 [Thread-774] INFO  impl.FollowerState (FollowerState.java:run(108)) - f26e10ed-fb17-49e6-a903-eadc130d13d1@group-83984122B78E-FollowerState: change to CANDIDATE, lastRpcTime:120ms, electionTimeout:120ms
2019-10-30 11:52:36,104 [Thread-774] INFO  impl.RoleInfo (RoleInfo.java:shutdownFollowerState(121)) - f26e10ed-fb17-49e6-a903-eadc130d13d1: shutdown FollowerState
2019-10-30 11:52:36,104 [Thread-774] INFO  impl.RaftServerImpl (RaftServerImpl.java:setRole(184)) - f26e10ed-fb17-49e6-a903-eadc130d13d1@group-83984122B78E: changes role from  FOLLOWER to CANDIDATE at term 32 for changeToCandidate
2019-10-30 11:52:36,104 [Thread-774] INFO  impl.RoleInfo (RoleInfo.java:updateAndGet(143)) - f26e10ed-fb17-49e6-a903-eadc130d13d1: start LeaderElection
2019-10-30 11:52:36,113 [f26e10ed-fb17-49e6-a903-eadc130d13d1@group-83984122B78E-LeaderElection68] INFO  impl.LeaderElection (LeaderElection.java:askForVotes(178)) - f26e10ed-fb17-49e6-a903-eadc130d13d1@group-83984122B78E-LeaderElection68: begin an election at term 33 for -1: [4f16e274-8663-4a15-9c4c-c81f650ab979:192.168.157.220:38181, 4cc44201-a597-43af-a4ec-5b1b407a6250:192.168.157.220:36685, f26e10ed-fb17-49e6-a903-eadc130d13d1:192.168.157.220:32806], old=null
2019-10-30 11:52:36,114 [grpc-default-executor-0] INFO  impl.RaftServerImpl (RaftServerImpl.java:setRole(184)) - 4f16e274-8663-4a15-9c4c-c81f650ab979@group-83984122B78E: changes role from  FOLLOWER to FOLLOWER at term 33 for recognizeCandidate:f26e10ed-fb17-49e6-a903-eadc130d13d1
2019-10-30 11:52:36,114 [grpc-default-executor-0] INFO  impl.RoleInfo (RoleInfo.java:shutdownFollowerState(121)) - 4f16e274-8663-4a15-9c4c-c81f650ab979: shutdown FollowerState
2019-10-30 11:52:36,115 [grpc-default-executor-4] INFO  impl.RaftServerImpl (RaftServerImpl.java:setRole(184)) - 4cc44201-a597-43af-a4ec-5b1b407a6250@group-83984122B78E: changes role from  FOLLOWER to FOLLOWER at term 33 for recognizeCandidate:f26e10ed-fb17-49e6-a903-eadc130d13d1
2019-10-30 11:52:36,115 [grpc-default-executor-4] INFO  impl.RoleInfo (RoleInfo.java:shutdownFollowerState(121)) - 4cc44201-a597-43af-a4ec-5b1b407a6250: shutdown FollowerState
2019-10-30 11:52:36,115 [Thread-773] INFO  impl.FollowerState (FollowerState.java:run(117)) - 4f16e274-8663-4a15-9c4c-c81f650ab979@group-83984122B78E-FollowerState was interrupted: java.lang.InterruptedException: sleep interrupted
2019-10-30 11:52:36,115 [grpc-default-executor-0] INFO  impl.RoleInfo (RoleInfo.java:updateAndGet(143)) - 4f16e274-8663-4a15-9c4c-c81f650ab979: start FollowerState
2019-10-30 11:52:36,115 [Thread-772] INFO  impl.FollowerState (FollowerState.java:run(117)) - 4cc44201-a597-43af-a4ec-5b1b407a6250@group-83984122B78E-FollowerState was interrupted: java.lang.InterruptedException: sleep interrupted
2019-10-30 11:52:36,115 [grpc-default-executor-4] INFO  impl.RoleInfo (RoleInfo.java:updateAndGet(143)) - 4cc44201-a597-43af-a4ec-5b1b407a6250: start FollowerState
2019-10-30 11:52:36,121 [f26e10ed-fb17-49e6-a903-eadc130d13d1@group-83984122B78E-LeaderElection68] INFO  impl.LeaderElection (LeaderElection.java:logAndReturn(56)) - f26e10ed-fb17-49e6-a903-eadc130d13d1@group-83984122B78E-LeaderElection68: Election REJECTED; received 2 response(s) [f26e10ed-fb17-49e6-a903-eadc130d13d1<-4f16e274-8663-4a15-9c4c-c81f650ab979#0:FAIL-t33, f26e10ed-fb17-49e6-a903-eadc130d13d1<-4cc44201-a597-43af-a4ec-5b1b407a6250#0:FAIL-t33] and 0 exception(s); f26e10ed-fb17-49e6-a903-eadc130d13d1@group-83984122B78E:t33, leader=null, voted=f26e10ed-fb17-49e6-a903-eadc130d13d1, raftlog=f26e10ed-fb17-49e6-a903-eadc130d13d1@group-83984122B78E-SegmentedRaftLog:OPENED:c-1,f-1,i0, conf=-1: [4f16e274-8663-4a15-9c4c-c81f650ab979:192.168.157.220:38181, 4cc44201-a597-43af-a4ec-5b1b407a6250:192.168.157.220:36685, f26e10ed-fb17-49e6-a903-eadc130d13d1:192.168.157.220:32806], old=null
2019-10-30 11:52:36,121 [f26e10ed-fb17-49e6-a903-eadc130d13d1@group-83984122B78E-LeaderElection68] INFO  impl.RaftServerImpl (RaftServerImpl.java:setRole(184)) - f26e10ed-fb17-49e6-a903-eadc130d13d1@group-83984122B78E: changes role from CANDIDATE to FOLLOWER at term 33 for DISCOVERED_A_NEW_TERM
2019-10-30 11:52:36,122 [f26e10ed-fb17-49e6-a903-eadc130d13d1@group-83984122B78E-LeaderElection68] INFO  impl.RoleInfo (RoleInfo.java:shutdownLeaderElection(134)) - f26e10ed-fb17-49e6-a903-eadc130d13d1: shutdown LeaderElection
2019-10-30 11:52:36,122 [f26e10ed-fb17-49e6-a903-eadc130d13d1@group-83984122B78E-LeaderElection68] INFO  impl.RoleInfo (RoleInfo.java:updateAndGet(143)) - f26e10ed-fb17-49e6-a903-eadc130d13d1: start FollowerState
2019-10-30 11:52:36,200 [Thread-786] INFO  impl.FollowerState (FollowerState.java:run(108)) - f26e10ed-fb17-49e6-a903-eadc130d13d1@group-83984122B78E-FollowerState: change to CANDIDATE, lastRpcTime:78ms, electionTimeout:78ms
2019-10-30 11:52:36,200 [Thread-786] INFO  impl.RoleInfo (RoleInfo.java:shutdownFollowerState(121)) - f26e10ed-fb17-49e6-a903-eadc130d13d1: shutdown FollowerState
2019-10-30 11:52:36,200 [Thread-786] INFO  impl.RaftServerImpl (RaftServerImpl.java:setRole(184)) - f26e10ed-fb17-49e6-a903-eadc130d13d1@group-83984122B78E: changes role from  FOLLOWER to CANDIDATE at term 33 for changeToCandidate
2019-10-30 11:52:36,200 [Thread-786] INFO  impl.RoleInfo (RoleInfo.java:updateAndGet(143)) - f26e10ed-fb17-49e6-a903-eadc130d13d1: start LeaderElection
2019-10-30 11:52:36,208 [f26e10ed-fb17-49e6-a903-eadc130d13d1@group-83984122B78E-LeaderElection69] INFO  impl.LeaderElection (LeaderElection.java:askForVotes(178)) - f26e10ed-fb17-49e6-a903-eadc130d13d1@group-83984122B78E-LeaderElection69: begin an election at term 34 for -1: [4f16e274-8663-4a15-9c4c-c81f650ab979:192.168.157.220:38181, 4cc44201-a597-43af-a4ec-5b1b407a6250:192.168.157.220:36685, f26e10ed-fb17-49e6-a903-eadc130d13d1:192.168.157.220:32806], old=null
2019-10-30 11:52:36,210 [grpc-default-executor-4] INFO  impl.RaftServerImpl (RaftServerImpl.java:setRole(184)) - 4cc44201-a597-43af-a4ec-5b1b407a6250@group-83984122B78E: changes role from  FOLLOWER to FOLLOWER at term 34 for recognizeCandidate:f26e10ed-fb17-49e6-a903-eadc130d13d1
2019-10-30 11:52:36,210 [grpc-default-executor-0] INFO  impl.RaftServerImpl (RaftServerImpl.java:setRole(184)) - 4f16e274-8663-4a15-9c4c-c81f650ab979@group-83984122B78E: changes role from  FOLLOWER to FOLLOWER at term 34 for recognizeCandidate:f26e10ed-fb17-49e6-a903-eadc130d13d1
2019-10-30 11:52:36,210 [grpc-default-executor-4] INFO  impl.RoleInfo (RoleInfo.java:shutdownFollowerState(121)) - 4cc44201-a597-43af-a4ec-5b1b407a6250: shutdown FollowerState
2019-10-30 11:52:36,210 [grpc-default-executor-0] INFO  impl.RoleInfo (RoleInfo.java:shutdownFollowerState(121)) - 4f16e274-8663-4a15-9c4c-c81f650ab979: shutdown FollowerState
2019-10-30 11:52:36,210 [Thread-785] INFO  impl.FollowerState (FollowerState.java:run(117)) - 4cc44201-a597-43af-a4ec-5b1b407a6250@group-83984122B78E-FollowerState was interrupted: java.lang.InterruptedException: sleep interrupted
2019-10-30 11:52:36,210 [grpc-default-executor-4] INFO  impl.RoleInfo (RoleInfo.java:updateAndGet(143)) - 4cc44201-a597-43af-a4ec-5b1b407a6250: start FollowerState
2019-10-30 11:52:36,210 [Thread-784] INFO  impl.FollowerState (FollowerState.java:run(117)) - 4f16e274-8663-4a15-9c4c-c81f650ab979@group-83984122B78E-FollowerState was interrupted: java.lang.InterruptedException: sleep interrupted
2019-10-30 11:52:36,210 [grpc-default-executor-0] INFO  impl.RoleInfo (RoleInfo.java:updateAndGet(143)) - 4f16e274-8663-4a15-9c4c-c81f650ab979: start FollowerState
2019-10-30 11:52:36,223 [f26e10ed-fb17-49e6-a903-eadc130d13d1@group-83984122B78E-LeaderElection69] INFO  impl.LeaderElection (LeaderElection.java:logAndReturn(56)) - f26e10ed-fb17-49e6-a903-eadc130d13d1@group-83984122B78E-LeaderElection69: Election REJECTED; received 2 response(s) [f26e10ed-fb17-49e6-a903-eadc130d13d1<-4f16e274-8663-4a15-9c4c-c81f650ab979#0:FAIL-t34, f26e10ed-fb17-49e6-a903-eadc130d13d1<-4cc44201-a597-43af-a4ec-5b1b407a6250#0:FAIL-t34] and 0 exception(s); f26e10ed-fb17-49e6-a903-eadc130d13d1@group-83984122B78E:t34, leader=null, voted=f26e10ed-fb17-49e6-a903-eadc130d13d1, raftlog=f26e10ed-fb17-49e6-a903-eadc130d13d1@group-83984122B78E-SegmentedRaftLog:OPENED:c-1,f-1,i0, conf=-1: [4f16e274-8663-4a15-9c4c-c81f650ab979:192.168.157.220:38181, 4cc44201-a597-43af-a4ec-5b1b407a6250:192.168.157.220:36685, f26e10ed-fb17-49e6-a903-eadc130d13d1:192.168.157.220:32806], old=null
2019-10-30 11:52:36,223 [f26e10ed-fb17-49e6-a903-eadc130d13d1@group-83984122B78E-LeaderElection69] INFO  impl.RaftServerImpl (RaftServerImpl.java:setRole(184)) - f26e10ed-fb17-49e6-a903-eadc130d13d1@group-83984122B78E: changes role from CANDIDATE to FOLLOWER at term 34 for DISCOVERED_A_NEW_TERM
2019-10-30 11:52:36,223 [f26e10ed-fb17-49e6-a903-eadc130d13d1@group-83984122B78E-LeaderElection69] INFO  impl.RoleInfo (RoleInfo.java:shutdownLeaderElection(134)) - f26e10ed-fb17-49e6-a903-eadc130d13d1: shutdown LeaderElection
2019-10-30 11:52:36,224 [f26e10ed-fb17-49e6-a903-eadc130d13d1@group-83984122B78E-LeaderElection69] INFO  impl.RoleInfo (RoleInfo.java:updateAndGet(143)) - f26e10ed-fb17-49e6-a903-eadc130d13d1: start FollowerState
2019-10-30 11:52:36,236 [Thread-792] INFO  impl.FollowerState (FollowerState.java:run(108)) - f26e10ed-fb17-49e6-a903-eadc130d13d1@group-83984122B78E-FollowerState: change to CANDIDATE, lastRpcTime:12ms, electionTimeout:12ms
2019-10-30 11:52:36,236 [Thread-792] INFO  impl.RoleInfo (RoleInfo.java:shutdownFollowerState(121)) - f26e10ed-fb17-49e6-a903-eadc130d13d1: shutdown FollowerState
2019-10-30 11:52:36,236 [Thread-792] INFO  impl.RaftServerImpl (RaftServerImpl.java:setRole(184)) - f26e10ed-fb17-49e6-a903-eadc130d13d1@group-83984122B78E: changes role from  FOLLOWER to CANDIDATE at term 34 for changeToCandidate
2019-10-30 11:52:36,236 [Thread-792] INFO  impl.RoleInfo (RoleInfo.java:updateAndGet(143)) - f26e10ed-fb17-49e6-a903-eadc130d13d1: start LeaderElection
2019-10-30 11:52:36,242 [f26e10ed-fb17-49e6-a903-eadc130d13d1@group-83984122B78E-LeaderElection70] INFO  impl.LeaderElection (LeaderElection.java:askForVotes(178)) - f26e10ed-fb17-49e6-a903-eadc130d13d1@group-83984122B78E-LeaderElection70: begin an election at term 35 for -1: [4f16e274-8663-4a15-9c4c-c81f650ab979:192.168.157.220:38181, 4cc44201-a597-43af-a4ec-5b1b407a6250:192.168.157.220:36685, f26e10ed-fb17-49e6-a903-eadc130d13d1:192.168.157.220:32806], old=null
2019-10-30 11:52:36,244 [grpc-default-executor-4] INFO  impl.RaftServerImpl (RaftServerImpl.java:setRole(184)) - 4f16e274-8663-4a15-9c4c-c81f650ab979@group-83984122B78E: changes role from  FOLLOWER to FOLLOWER at term 35 for recognizeCandidate:f26e10ed-fb17-49e6-a903-eadc130d13d1
2019-10-30 11:52:36,244 [grpc-default-executor-0] INFO  impl.RaftServerImpl (RaftServerImpl.java:setRole(184)) - 4cc44201-a597-43af-a4ec-5b1b407a6250@group-83984122B78E: changes role from  FOLLOWER to FOLLOWER at term 35 for recognizeCandidate:f26e10ed-fb17-49e6-a903-eadc130d13d1
2019-10-30 11:52:36,244 [grpc-default-executor-4] INFO  impl.RoleInfo (RoleInfo.java:shutdownFollowerState(121)) - 4f16e274-8663-4a15-9c4c-c81f650ab979: shutdown FollowerState
2019-10-30 11:52:36,244 [grpc-default-executor-0] INFO  impl.RoleInfo (RoleInfo.java:shutdownFollowerState(121)) - 4cc44201-a597-43af-a4ec-5b1b407a6250: shutdown FollowerState
2019-10-30 11:52:36,244 [Thread-791] INFO  impl.FollowerState (FollowerState.java:run(117)) - 4f16e274-8663-4a15-9c4c-c81f650ab979@group-83984122B78E-FollowerState was interrupted: java.lang.InterruptedException: sleep interrupted
2019-10-30 11:52:36,244 [grpc-default-executor-4] INFO  impl.RoleInfo (RoleInfo.java:updateAndGet(143)) - 4f16e274-8663-4a15-9c4c-c81f650ab979: start FollowerState
2019-10-30 11:52:36,245 [Thread-790] INFO  impl.FollowerState (FollowerState.java:run(117)) - 4cc44201-a597-43af-a4ec-5b1b407a6250@group-83984122B78E-FollowerState was interrupted: java.lang.InterruptedException: sleep interrupted
2019-10-30 11:52:36,245 [grpc-default-executor-0] INFO  impl.RoleInfo (RoleInfo.java:updateAndGet(143)) - 4cc44201-a597-43af-a4ec-5b1b407a6250: start FollowerState
2019-10-30 11:52:36,254 [f26e10ed-fb17-49e6-a903-eadc130d13d1@group-83984122B78E-LeaderElection70] INFO  impl.LeaderElection (LeaderElection.java:logAndReturn(56)) - f26e10ed-fb17-49e6-a903-eadc130d13d1@group-83984122B78E-LeaderElection70: Election REJECTED; received 2 response(s) [f26e10ed-fb17-49e6-a903-eadc130d13d1<-4f16e274-8663-4a15-9c4c-c81f650ab979#0:FAIL-t35, f26e10ed-fb17-49e6-a903-eadc130d13d1<-4cc44201-a597-43af-a4ec-5b1b407a6250#0:FAIL-t35] and 0 exception(s); f26e10ed-fb17-49e6-a903-eadc130d13d1@group-83984122B78E:t35, leader=null, voted=f26e10ed-fb17-49e6-a903-eadc130d13d1, raftlog=f26e10ed-fb17-49e6-a903-eadc130d13d1@group-83984122B78E-SegmentedRaftLog:OPENED:c-1,f-1,i0, conf=-1: [4f16e274-8663-4a15-9c4c-c81f650ab979:192.168.157.220:38181, 4cc44201-a597-43af-a4ec-5b1b407a6250:192.168.157.220:36685, f26e10ed-fb17-49e6-a903-eadc130d13d1:192.168.157.220:32806], old=null
2019-10-30 11:52:36,254 [f26e10ed-fb17-49e6-a903-eadc130d13d1@group-83984122B78E-LeaderElection70] INFO  impl.RaftServerImpl (RaftServerImpl.java:setRole(184)) - f26e10ed-fb17-49e6-a903-eadc130d13d1@group-83984122B78E: changes role from CANDIDATE to FOLLOWER at term 35 for DISCOVERED_A_NEW_TERM
2019-10-30 11:52:36,254 [f26e10ed-fb17-49e6-a903-eadc130d13d1@group-83984122B78E-LeaderElection70] INFO  impl.RoleInfo (RoleInfo.java:shutdownLeaderElection(134)) - f26e10ed-fb17-49e6-a903-eadc130d13d1: shutdown LeaderElection
2019-10-30 11:52:36,254 [f26e10ed-fb17-49e6-a903-eadc130d13d1@group-83984122B78E-LeaderElection70] INFO  impl.RoleInfo (RoleInfo.java:updateAndGet(143)) - f26e10ed-fb17-49e6-a903-eadc130d13d1: start FollowerState
2019-10-30 11:52:36,289 [Thread-780] INFO  impl.FollowerState (FollowerState.java:run(108)) - 9dbd5372-55c2-4532-b354-9494d3d545d2@group-F367C8FA5986-FollowerState: change to CANDIDATE, lastRpcTime:190ms, electionTimeout:190ms
2019-10-30 11:52:36,289 [Thread-780] INFO  impl.RoleInfo (RoleInfo.java:shutdownFollowerState(121)) - 9dbd5372-55c2-4532-b354-9494d3d545d2: shutdown FollowerState
2019-10-30 11:52:36,289 [Thread-780] INFO  impl.RaftServerImpl (RaftServerImpl.java:setRole(184)) - 9dbd5372-55c2-4532-b354-9494d3d545d2@group-F367C8FA5986: changes role from  FOLLOWER to CANDIDATE at term 27 for changeToCandidate
2019-10-30 11:52:36,289 [Thread-780] INFO  impl.RoleInfo (RoleInfo.java:updateAndGet(143)) - 9dbd5372-55c2-4532-b354-9494d3d545d2: start LeaderElection
2019-10-30 11:52:36,299 [9dbd5372-55c2-4532-b354-9494d3d545d2@group-F367C8FA5986-LeaderElection71] INFO  impl.LeaderElection (LeaderElection.java:askForVotes(178)) - 9dbd5372-55c2-4532-b354-9494d3d545d2@group-F367C8FA5986-LeaderElection71: begin an election at term 28 for -1: [9b3ef6c9-0245-4756-bf80-45d41f7a4453:192.168.157.220:37058, cd11b2f5-3187-4d03-bd60-931991550c17:192.168.157.220:43236, 9dbd5372-55c2-4532-b354-9494d3d545d2:192.168.157.220:42993], old=null
2019-10-30 11:52:36,301 [grpc-default-executor-0] INFO  impl.RaftServerImpl (RaftServerImpl.java:setRole(184)) - cd11b2f5-3187-4d03-bd60-931991550c17@group-F367C8FA5986: changes role from  FOLLOWER to FOLLOWER at term 28 for recognizeCandidate:9dbd5372-55c2-4532-b354-9494d3d545d2
2019-10-30 11:52:36,301 [grpc-default-executor-4] INFO  impl.RaftServerImpl (RaftServerImpl.java:setRole(184)) - 9b3ef6c9-0245-4756-bf80-45d41f7a4453@group-F367C8FA5986: changes role from  FOLLOWER to FOLLOWER at term 28 for recognizeCandidate:9dbd5372-55c2-4532-b354-9494d3d545d2
2019-10-30 11:52:36,301 [grpc-default-executor-0] INFO  impl.RoleInfo (RoleInfo.java:shutdownFollowerState(121)) - cd11b2f5-3187-4d03-bd60-931991550c17: shutdown FollowerState
2019-10-30 11:52:36,302 [grpc-default-executor-4] INFO  impl.RoleInfo (RoleInfo.java:shutdownFollowerState(121)) - 9b3ef6c9-0245-4756-bf80-45d41f7a4453: shutdown FollowerState
2019-10-30 11:52:36,302 [grpc-default-executor-0] INFO  impl.RoleInfo (RoleInfo.java:updateAndGet(143)) - cd11b2f5-3187-4d03-bd60-931991550c17: start FollowerState
2019-10-30 11:52:36,302 [Thread-779] INFO  impl.FollowerState (FollowerState.java:run(117)) - 9b3ef6c9-0245-4756-bf80-45d41f7a4453@group-F367C8FA5986-FollowerState was interrupted: java.lang.InterruptedException: sleep interrupted
2019-10-30 11:52:36,302 [grpc-default-executor-4] INFO  impl.RoleInfo (RoleInfo.java:updateAndGet(143)) - 9b3ef6c9-0245-4756-bf80-45d41f7a4453: start FollowerState
2019-10-30 11:52:36,302 [Thread-778] INFO  impl.FollowerState (FollowerState.java:run(117)) - cd11b2f5-3187-4d03-bd60-931991550c17@group-F367C8FA5986-FollowerState was interrupted: java.lang.InterruptedException: sleep interrupted
2019-10-30 11:52:36,323 [9dbd5372-55c2-4532-b354-9494d3d545d2@group-F367C8FA5986-LeaderElection71] INFO  impl.LeaderElection (LeaderElection.java:logAndReturn(56)) - 9dbd5372-55c2-4532-b354-9494d3d545d2@group-F367C8FA5986-LeaderElection71: Election REJECTED; received 2 response(s) [9dbd5372-55c2-4532-b354-9494d3d545d2<-9b3ef6c9-0245-4756-bf80-45d41f7a4453#0:FAIL-t28, 9dbd5372-55c2-4532-b354-9494d3d545d2<-cd11b2f5-3187-4d03-bd60-931991550c17#0:FAIL-t28] and 0 exception(s); 9dbd5372-55c2-4532-b354-9494d3d545d2@group-F367C8FA5986:t28, leader=null, voted=9dbd5372-55c2-4532-b354-9494d3d545d2, raftlog=9dbd5372-55c2-4532-b354-9494d3d545d2@group-F367C8FA5986-SegmentedRaftLog:OPENED:c-1,f-1,i0, conf=-1: [9b3ef6c9-0245-4756-bf80-45d41f7a4453:192.168.157.220:37058, cd11b2f5-3187-4d03-bd60-931991550c17:192.168.157.220:43236, 9dbd5372-55c2-4532-b354-9494d3d545d2:192.168.157.220:42993], old=null
2019-10-30 11:52:36,324 [9dbd5372-55c2-4532-b354-9494d3d545d2@group-F367C8FA5986-LeaderElection71] INFO  impl.RaftServerImpl (RaftServerImpl.java:setRole(184)) - 9dbd5372-55c2-4532-b354-9494d3d545d2@group-F367C8FA5986: changes role from CANDIDATE to FOLLOWER at term 28 for DISCOVERED_A_NEW_TERM
2019-10-30 11:52:36,324 [9dbd5372-55c2-4532-b354-9494d3d545d2@group-F367C8FA5986-LeaderElection71] INFO  impl.RoleInfo (RoleInfo.java:shutdownLeaderElection(134)) - 9dbd5372-55c2-4532-b354-9494d3d545d2: shutdown LeaderElection
2019-10-30 11:52:36,324 [9dbd5372-55c2-4532-b354-9494d3d545d2@group-F367C8FA5986-LeaderElection71] INFO  impl.RoleInfo (RoleInfo.java:updateAndGet(143)) - 9dbd5372-55c2-4532-b354-9494d3d545d2: start FollowerState
2019-10-30 11:52:36,384 [Thread-798] INFO  impl.FollowerState (FollowerState.java:run(108)) - f26e10ed-fb17-49e6-a903-eadc130d13d1@group-83984122B78E-FollowerState: change to CANDIDATE, lastRpcTime:129ms, electionTimeout:129ms
2019-10-30 11:52:36,384 [Thread-798] INFO  impl.RoleInfo (RoleInfo.java:shutdownFollowerState(121)) - f26e10ed-fb17-49e6-a903-eadc130d13d1: shutdown FollowerState
2019-10-30 11:52:36,384 [Thread-798] INFO  impl.RaftServerImpl (RaftServerImpl.java:setRole(184)) - f26e10ed-fb17-49e6-a903-eadc130d13d1@group-83984122B78E: changes role from  FOLLOWER to CANDIDATE at term 35 for changeToCandidate
2019-10-30 11:52:36,384 [Thread-798] INFO  impl.RoleInfo (RoleInfo.java:updateAndGet(143)) - f26e10ed-fb17-49e6-a903-eadc130d13d1: start LeaderElection
2019-10-30 11:52:36,392 [f26e10ed-fb17-49e6-a903-eadc130d13d1@group-83984122B78E-LeaderElection72] INFO  impl.LeaderElection (LeaderElection.java:askForVotes(178)) - f26e10ed-fb17-49e6-a903-eadc130d13d1@group-83984122B78E-LeaderElection72: begin an election at term 36 for -1: [4f16e274-8663-4a15-9c4c-c81f650ab979:192.168.157.220:38181, 4cc44201-a597-43af-a4ec-5b1b407a6250:192.168.157.220:36685, f26e10ed-fb17-49e6-a903-eadc130d13d1:192.168.157.220:32806], old=null
2019-10-30 11:52:36,394 [grpc-default-executor-4] INFO  impl.RaftServerImpl (RaftServerImpl.java:setRole(184)) - 4cc44201-a597-43af-a4ec-5b1b407a6250@group-83984122B78E: changes role from  FOLLOWER to FOLLOWER at term 36 for recognizeCandidate:f26e10ed-fb17-49e6-a903-eadc130d13d1
2019-10-30 11:52:36,394 [grpc-default-executor-4] INFO  impl.RoleInfo (RoleInfo.java:shutdownFollowerState(121)) - 4cc44201-a597-43af-a4ec-5b1b407a6250: shutdown FollowerState
2019-10-30 11:52:36,394 [grpc-default-executor-0] INFO  impl.RaftServerImpl (RaftServerImpl.java:setRole(184)) - 4f16e274-8663-4a15-9c4c-c81f650ab979@group-83984122B78E: changes role from  FOLLOWER to FOLLOWER at term 36 for recognizeCandidate:f26e10ed-fb17-49e6-a903-eadc130d13d1
2019-10-30 11:52:36,394 [Thread-797] INFO  impl.FollowerState (FollowerState.java:run(117)) - 4cc44201-a597-43af-a4ec-5b1b407a6250@group-83984122B78E-FollowerState was interrupted: java.lang.InterruptedException: sleep interrupted
2019-10-30 11:52:36,394 [grpc-default-executor-4] INFO  impl.RoleInfo (RoleInfo.java:updateAndGet(143)) - 4cc44201-a597-43af-a4ec-5b1b407a6250: start FollowerState
2019-10-30 11:52:36,394 [grpc-default-executor-0] INFO  impl.RoleInfo (RoleInfo.java:shutdownFollowerState(121)) - 4f16e274-8663-4a15-9c4c-c81f650ab979: shutdown FollowerState
2019-10-30 11:52:36,395 [Thread-796] INFO  impl.FollowerState (FollowerState.java:run(117)) - 4f16e274-8663-4a15-9c4c-c81f650ab979@group-83984122B78E-FollowerState was interrupted: java.lang.InterruptedException: sleep interrupted
2019-10-30 11:52:36,395 [grpc-default-executor-0] INFO  impl.RoleInfo (RoleInfo.java:updateAndGet(143)) - 4f16e274-8663-4a15-9c4c-c81f650ab979: start FollowerState
2019-10-30 11:52:36,404 [f26e10ed-fb17-49e6-a903-eadc130d13d1@group-83984122B78E-LeaderElection72] INFO  impl.LeaderElection (LeaderElection.java:logAndReturn(56)) - f26e10ed-fb17-49e6-a903-eadc130d13d1@group-83984122B78E-LeaderElection72: Election REJECTED; received 2 response(s) [f26e10ed-fb17-49e6-a903-eadc130d13d1<-4f16e274-8663-4a15-9c4c-c81f650ab979#0:FAIL-t36, f26e10ed-fb17-49e6-a903-eadc130d13d1<-4cc44201-a597-43af-a4ec-5b1b407a6250#0:FAIL-t36] and 0 exception(s); f26e10ed-fb17-49e6-a903-eadc130d13d1@group-83984122B78E:t36, leader=null, voted=f26e10ed-fb17-49e6-a903-eadc130d13d1, raftlog=f26e10ed-fb17-49e6-a903-eadc130d13d1@group-83984122B78E-SegmentedRaftLog:OPENED:c-1,f-1,i0, conf=-1: [4f16e274-8663-4a15-9c4c-c81f650ab979:192.168.157.220:38181, 4cc44201-a597-43af-a4ec-5b1b407a6250:192.168.157.220:36685, f26e10ed-fb17-49e6-a903-eadc130d13d1:192.168.157.220:32806], old=null
2019-10-30 11:52:36,404 [f26e10ed-fb17-49e6-a903-eadc130d13d1@group-83984122B78E-LeaderElection72] INFO  impl.RaftServerImpl (RaftServerImpl.java:setRole(184)) - f26e10ed-fb17-49e6-a903-eadc130d13d1@group-83984122B78E: changes role from CANDIDATE to FOLLOWER at term 36 for DISCOVERED_A_NEW_TERM
2019-10-30 11:52:36,405 [f26e10ed-fb17-49e6-a903-eadc130d13d1@group-83984122B78E-LeaderElection72] INFO  impl.RoleInfo (RoleInfo.java:shutdownLeaderElection(134)) - f26e10ed-fb17-49e6-a903-eadc130d13d1: shutdown LeaderElection
2019-10-30 11:52:36,405 [f26e10ed-fb17-49e6-a903-eadc130d13d1@group-83984122B78E-LeaderElection72] INFO  impl.RoleInfo (RoleInfo.java:updateAndGet(143)) - f26e10ed-fb17-49e6-a903-eadc130d13d1: start FollowerState
2019-10-30 11:52:36,416 [Thread-811] INFO  impl.FollowerState (FollowerState.java:run(108)) - f26e10ed-fb17-49e6-a903-eadc130d13d1@group-83984122B78E-FollowerState: change to CANDIDATE, lastRpcTime:11ms, electionTimeout:11ms
2019-10-30 11:52:36,416 [Thread-811] INFO  impl.RoleInfo (RoleInfo.java:shutdownFollowerState(121)) - f26e10ed-fb17-49e6-a903-eadc130d13d1: shutdown FollowerState
2019-10-30 11:52:36,416 [Thread-811] INFO  impl.RaftServerImpl (RaftServerImpl.java:setRole(184)) - f26e10ed-fb17-49e6-a903-eadc130d13d1@group-83984122B78E: changes role from  FOLLOWER to CANDIDATE at term 36 for changeToCandidate
2019-10-30 11:52:36,416 [Thread-811] INFO  impl.RoleInfo (RoleInfo.java:updateAndGet(143)) - f26e10ed-fb17-49e6-a903-eadc130d13d1: start LeaderElection
2019-10-30 11:52:36,521 [Thread-804] INFO  impl.FollowerState (FollowerState.java:run(108)) - 9dbd5372-55c2-4532-b354-9494d3d545d2@group-F367C8FA5986-FollowerState: change to CANDIDATE, lastRpcTime:197ms, electionTimeout:197ms
2019-10-30 11:52:36,521 [Thread-804] INFO  impl.RoleInfo (RoleInfo.java:shutdownFollowerState(121)) - 9dbd5372-55c2-4532-b354-9494d3d545d2: shutdown FollowerState
2019-10-30 11:52:36,522 [Thread-804] INFO  impl.RaftServerImpl (RaftServerImpl.java:setRole(184)) - 9dbd5372-55c2-4532-b354-9494d3d545d2@group-F367C8FA5986: changes role from  FOLLOWER to CANDIDATE at term 28 for changeToCandidate
2019-10-30 11:52:36,522 [Thread-804] INFO  impl.RoleInfo (RoleInfo.java:updateAndGet(143)) - 9dbd5372-55c2-4532-b354-9494d3d545d2: start LeaderElection
2019-10-30 11:52:36,616 [f26e10ed-fb17-49e6-a903-eadc130d13d1@group-83984122B78E-LeaderElection73] INFO  impl.LeaderElection (LeaderElection.java:askForVotes(178)) - f26e10ed-fb17-49e6-a903-eadc130d13d1@group-83984122B78E-LeaderElection73: begin an election at term 37 for -1: [4f16e274-8663-4a15-9c4c-c81f650ab979:192.168.157.220:38181, 4cc44201-a597-43af-a4ec-5b1b407a6250:192.168.157.220:36685, f26e10ed-fb17-49e6-a903-eadc130d13d1:192.168.157.220:32806], old=null
2019-10-30 11:52:36,617 [9dbd5372-55c2-4532-b354-9494d3d545d2@group-F367C8FA5986-LeaderElection74] INFO  impl.LeaderElection (LeaderElection.java:askForVotes(178)) - 9dbd5372-55c2-4532-b354-9494d3d545d2@group-F367C8FA5986-LeaderElection74: begin an election at term 29 for -1: [9b3ef6c9-0245-4756-bf80-45d41f7a4453:192.168.157.220:37058, cd11b2f5-3187-4d03-bd60-931991550c17:192.168.157.220:43236, 9dbd5372-55c2-4532-b354-9494d3d545d2:192.168.157.220:42993], old=null
2019-10-30 11:52:36,619 [grpc-default-executor-4] INFO  impl.RaftServerImpl (RaftServerImpl.java:setRole(184)) - 4cc44201-a597-43af-a4ec-5b1b407a6250@group-83984122B78E: changes role from  FOLLOWER to FOLLOWER at term 37 for recognizeCandidate:f26e10ed-fb17-49e6-a903-eadc130d13d1
2019-10-30 11:52:36,619 [grpc-default-executor-0] INFO  impl.RaftServerImpl (RaftServerImpl.java:setRole(184)) - 4f16e274-8663-4a15-9c4c-c81f650ab979@group-83984122B78E: changes role from  FOLLOWER to FOLLOWER at term 37 for recognizeCandidate:f26e10ed-fb17-49e6-a903-eadc130d13d1
2019-10-30 11:52:36,619 [grpc-default-executor-0] INFO  impl.RoleInfo (RoleInfo.java:shutdownFollowerState(121)) - 4f16e274-8663-4a15-9c4c-c81f650ab979: shutdown FollowerState
2019-10-30 11:52:36,619 [grpc-default-executor-0] INFO  impl.RoleInfo (RoleInfo.java:updateAndGet(143)) - 4f16e274-8663-4a15-9c4c-c81f650ab979: start FollowerState
2019-10-30 11:52:36,619 [Thread-810] INFO  impl.FollowerState (FollowerState.java:run(117)) - 4f16e274-8663-4a15-9c4c-c81f650ab979@group-83984122B78E-FollowerState was interrupted: java.lang.InterruptedException: sleep interrupted
2019-10-30 11:52:36,619 [grpc-default-executor-4] INFO  impl.RoleInfo (RoleInfo.java:shutdownFollowerState(121)) - 4cc44201-a597-43af-a4ec-5b1b407a6250: shutdown FollowerState
2019-10-30 11:52:36,619 [grpc-default-executor-9] INFO  impl.RaftServerImpl (RaftServerImpl.java:setRole(184)) - 9b3ef6c9-0245-4756-bf80-45d41f7a4453@group-F367C8FA5986: changes role from  FOLLOWER to FOLLOWER at term 29 for recognizeCandidate:9dbd5372-55c2-4532-b354-9494d3d545d2
2019-10-30 11:52:36,619 [grpc-default-executor-8] INFO  impl.RaftServerImpl (RaftServerImpl.java:setRole(184)) - cd11b2f5-3187-4d03-bd60-931991550c17@group-F367C8FA5986: changes role from  FOLLOWER to FOLLOWER at term 29 for recognizeCandidate:9dbd5372-55c2-4532-b354-9494d3d545d2
2019-10-30 11:52:36,620 [grpc-default-executor-8] INFO  impl.RoleInfo (RoleInfo.java:shutdownFollowerState(121)) - cd11b2f5-3187-4d03-bd60-931991550c17: shutdown FollowerState
2019-10-30 11:52:36,620 [Thread-802] INFO  impl.FollowerState (FollowerState.java:run(117)) - cd11b2f5-3187-4d03-bd60-931991550c17@group-F367C8FA5986-FollowerState was interrupted: java.lang.InterruptedException: sleep interrupted
2019-10-30 11:52:36,620 [Thread-809] INFO  impl.FollowerState (FollowerState.java:run(117)) - 4cc44201-a597-43af-a4ec-5b1b407a6250@group-83984122B78E-FollowerState was interrupted: java.lang.InterruptedException: sleep interrupted
2019-10-30 11:52:36,620 [grpc-default-executor-9] INFO  impl.RoleInfo (RoleInfo.java:shutdownFollowerState(121)) - 9b3ef6c9-0245-4756-bf80-45d41f7a4453: shutdown FollowerState
2019-10-30 11:52:36,620 [grpc-default-executor-4] INFO  impl.RoleInfo (RoleInfo.java:updateAndGet(143)) - 4cc44201-a597-43af-a4ec-5b1b407a6250: start FollowerState
2019-10-30 11:52:36,621 [grpc-default-executor-9] INFO  impl.RoleInfo (RoleInfo.java:updateAndGet(143)) - 9b3ef6c9-0245-4756-bf80-45d41f7a4453: start FollowerState
2019-10-30 11:52:36,621 [Thread-803] INFO  impl.FollowerState (FollowerState.java:run(117)) - 9b3ef6c9-0245-4756-bf80-45d41f7a4453@group-F367C8FA5986-FollowerState was interrupted: java.lang.InterruptedException: sleep interrupted
2019-10-30 11:52:36,620 [grpc-default-executor-8] INFO  impl.RoleInfo (RoleInfo.java:updateAndGet(143)) - cd11b2f5-3187-4d03-bd60-931991550c17: start FollowerState
2019-10-30 11:52:36,638 [9dbd5372-55c2-4532-b354-9494d3d545d2@group-F367C8FA5986-LeaderElection74] INFO  impl.LeaderElection (LeaderElection.java:logAndReturn(56)) - 9dbd5372-55c2-4532-b354-9494d3d545d2@group-F367C8FA5986-LeaderElection74: Election REJECTED; received 2 response(s) [9dbd5372-55c2-4532-b354-9494d3d545d2<-9b3ef6c9-0245-4756-bf80-45d41f7a4453#0:FAIL-t29, 9dbd5372-55c2-4532-b354-9494d3d545d2<-cd11b2f5-3187-4d03-bd60-931991550c17#0:FAIL-t29] and 0 exception(s); 9dbd5372-55c2-4532-b354-9494d3d545d2@group-F367C8FA5986:t29, leader=null, voted=9dbd5372-55c2-4532-b354-9494d3d545d2, raftlog=9dbd5372-55c2-4532-b354-9494d3d545d2@group-F367C8FA5986-SegmentedRaftLog:OPENED:c-1,f-1,i0, conf=-1: [9b3ef6c9-0245-4756-bf80-45d41f7a4453:192.168.157.220:37058, cd11b2f5-3187-4d03-bd60-931991550c17:192.168.157.220:43236, 9dbd5372-55c2-4532-b354-9494d3d545d2:192.168.157.220:42993], old=null
2019-10-30 11:52:36,639 [9dbd5372-55c2-4532-b354-9494d3d545d2@group-F367C8FA5986-LeaderElection74] INFO  impl.RaftServerImpl (RaftServerImpl.java:setRole(184)) - 9dbd5372-55c2-4532-b354-9494d3d545d2@group-F367C8FA5986: changes role from CANDIDATE to FOLLOWER at term 29 for DISCOVERED_A_NEW_TERM
2019-10-30 11:52:36,639 [9dbd5372-55c2-4532-b354-9494d3d545d2@group-F367C8FA5986-LeaderElection74] INFO  impl.RoleInfo (RoleInfo.java:shutdownLeaderElection(134)) - 9dbd5372-55c2-4532-b354-9494d3d545d2: shutdown LeaderElection
2019-10-30 11:52:36,639 [9dbd5372-55c2-4532-b354-9494d3d545d2@group-F367C8FA5986-LeaderElection74] INFO  impl.RoleInfo (RoleInfo.java:updateAndGet(143)) - 9dbd5372-55c2-4532-b354-9494d3d545d2: start FollowerState
2019-10-30 11:52:36,639 [f26e10ed-fb17-49e6-a903-eadc130d13d1@group-83984122B78E-LeaderElection73] INFO  impl.LeaderElection (LeaderElection.java:logAndReturn(56)) - f26e10ed-fb17-49e6-a903-eadc130d13d1@group-83984122B78E-LeaderElection73: Election REJECTED; received 2 response(s) [f26e10ed-fb17-49e6-a903-eadc130d13d1<-4f16e274-8663-4a15-9c4c-c81f650ab979#0:FAIL-t37, f26e10ed-fb17-49e6-a903-eadc130d13d1<-4cc44201-a597-43af-a4ec-5b1b407a6250#0:FAIL-t37] and 0 exception(s); f26e10ed-fb17-49e6-a903-eadc130d13d1@group-83984122B78E:t37, leader=null, voted=f26e10ed-fb17-49e6-a903-eadc130d13d1, raftlog=f26e10ed-fb17-49e6-a903-eadc130d13d1@group-83984122B78E-SegmentedRaftLog:OPENED:c-1,f-1,i0, conf=-1: [4f16e274-8663-4a15-9c4c-c81f650ab979:192.168.157.220:38181, 4cc44201-a597-43af-a4ec-5b1b407a6250:192.168.157.220:36685, f26e10ed-fb17-49e6-a903-eadc130d13d1:192.168.157.220:32806], old=null
2019-10-30 11:52:36,639 [f26e10ed-fb17-49e6-a903-eadc130d13d1@group-83984122B78E-LeaderElection73] INFO  impl.RaftServerImpl (RaftServerImpl.java:setRole(184)) - f26e10ed-fb17-49e6-a903-eadc130d13d1@group-83984122B78E: changes role from CANDIDATE to FOLLOWER at term 37 for DISCOVERED_A_NEW_TERM
2019-10-30 11:52:36,639 [f26e10ed-fb17-49e6-a903-eadc130d13d1@group-83984122B78E-LeaderElection73] INFO  impl.RoleInfo (RoleInfo.java:shutdownLeaderElection(134)) - f26e10ed-fb17-49e6-a903-eadc130d13d1: shutdown LeaderElection
2019-10-30 11:52:36,639 [f26e10ed-fb17-49e6-a903-eadc130d13d1@group-83984122B78E-LeaderElection73] INFO  impl.RoleInfo (RoleInfo.java:updateAndGet(143)) - f26e10ed-fb17-49e6-a903-eadc130d13d1: start FollowerState
2019-10-30 11:52:36,727 [Thread-823] INFO  impl.FollowerState (FollowerState.java:run(108)) - 9dbd5372-55c2-4532-b354-9494d3d545d2@group-F367C8FA5986-FollowerState: change to CANDIDATE, lastRpcTime:88ms, electionTimeout:88ms
2019-10-30 11:52:36,728 [Thread-823] INFO  impl.RoleInfo (RoleInfo.java:shutdownFollowerState(121)) - 9dbd5372-55c2-4532-b354-9494d3d545d2: shutdown FollowerState
2019-10-30 11:52:36,728 [Thread-823] INFO  impl.RaftServerImpl (RaftServerImpl.java:setRole(184)) - 9dbd5372-55c2-4532-b354-9494d3d545d2@group-F367C8FA5986: changes role from  FOLLOWER to CANDIDATE at term 29 for changeToCandidate
2019-10-30 11:52:36,728 [Thread-823] INFO  impl.RoleInfo (RoleInfo.java:updateAndGet(143)) - 9dbd5372-55c2-4532-b354-9494d3d545d2: start LeaderElection
2019-10-30 11:52:36,737 [9dbd5372-55c2-4532-b354-9494d3d545d2@group-F367C8FA5986-LeaderElection75] INFO  impl.LeaderElection (LeaderElection.java:askForVotes(178)) - 9dbd5372-55c2-4532-b354-9494d3d545d2@group-F367C8FA5986-LeaderElection75: begin an election at term 30 for -1: [9b3ef6c9-0245-4756-bf80-45d41f7a4453:192.168.157.220:37058, cd11b2f5-3187-4d03-bd60-931991550c17:192.168.157.220:43236, 9dbd5372-55c2-4532-b354-9494d3d545d2:192.168.157.220:42993], old=null
2019-10-30 11:52:36,738 [grpc-default-executor-8] INFO  impl.RaftServerImpl (RaftServerImpl.java:setRole(184)) - cd11b2f5-3187-4d03-bd60-931991550c17@group-F367C8FA5986: changes role from  FOLLOWER to FOLLOWER at term 30 for recognizeCandidate:9dbd5372-55c2-4532-b354-9494d3d545d2
2019-10-30 11:52:36,738 [grpc-default-executor-4] INFO  impl.RaftServerImpl (RaftServerImpl.java:setRole(184)) - 9b3ef6c9-0245-4756-bf80-45d41f7a4453@group-F367C8FA5986: changes role from  FOLLOWER to FOLLOWER at term 30 for recognizeCandidate:9dbd5372-55c2-4532-b354-9494d3d545d2
2019-10-30 11:52:36,738 [grpc-default-executor-8] INFO  impl.RoleInfo (RoleInfo.java:shutdownFollowerState(121)) - cd11b2f5-3187-4d03-bd60-931991550c17: shutdown FollowerState
2019-10-30 11:52:36,738 [grpc-default-executor-4] INFO  impl.RoleInfo (RoleInfo.java:shutdownFollowerState(121)) - 9b3ef6c9-0245-4756-bf80-45d41f7a4453: shutdown FollowerState
2019-10-30 11:52:36,739 [Thread-821] INFO  impl.FollowerState (FollowerState.java:run(117)) - cd11b2f5-3187-4d03-bd60-931991550c17@group-F367C8FA5986-FollowerState was interrupted: java.lang.InterruptedException: sleep interrupted
2019-10-30 11:52:36,739 [grpc-default-executor-8] INFO  impl.RoleInfo (RoleInfo.java:updateAndGet(143)) - cd11b2f5-3187-4d03-bd60-931991550c17: start FollowerState
2019-10-30 11:52:36,739 [Thread-822] INFO  impl.FollowerState (FollowerState.java:run(117)) - 9b3ef6c9-0245-4756-bf80-45d41f7a4453@group-F367C8FA5986-FollowerState was interrupted: java.lang.InterruptedException: sleep interrupted
2019-10-30 11:52:36,739 [grpc-default-executor-4] INFO  impl.RoleInfo (RoleInfo.java:updateAndGet(143)) - 9b3ef6c9-0245-4756-bf80-45d41f7a4453: start FollowerState
2019-10-30 11:52:36,746 [9dbd5372-55c2-4532-b354-9494d3d545d2@group-F367C8FA5986-LeaderElection75] INFO  impl.LeaderElection (LeaderElection.java:logAndReturn(56)) - 9dbd5372-55c2-4532-b354-9494d3d545d2@group-F367C8FA5986-LeaderElection75: Election REJECTED; received 2 response(s) [9dbd5372-55c2-4532-b354-9494d3d545d2<-9b3ef6c9-0245-4756-bf80-45d41f7a4453#0:FAIL-t30, 9dbd5372-55c2-4532-b354-9494d3d545d2<-cd11b2f5-3187-4d03-bd60-931991550c17#0:FAIL-t30] and 0 exception(s); 9dbd5372-55c2-4532-b354-9494d3d545d2@group-F367C8FA5986:t30, leader=null, voted=9dbd5372-55c2-4532-b354-9494d3d545d2, raftlog=9dbd5372-55c2-4532-b354-9494d3d545d2@group-F367C8FA5986-SegmentedRaftLog:OPENED:c-1,f-1,i0, conf=-1: [9b3ef6c9-0245-4756-bf80-45d41f7a4453:192.168.157.220:37058, cd11b2f5-3187-4d03-bd60-931991550c17:192.168.157.220:43236, 9dbd5372-55c2-4532-b354-9494d3d545d2:192.168.157.220:42993], old=null
2019-10-30 11:52:36,747 [9dbd5372-55c2-4532-b354-9494d3d545d2@group-F367C8FA5986-LeaderElection75] INFO  impl.RaftServerImpl (RaftServerImpl.java:setRole(184)) - 9dbd5372-55c2-4532-b354-9494d3d545d2@group-F367C8FA5986: changes role from CANDIDATE to FOLLOWER at term 30 for DISCOVERED_A_NEW_TERM
2019-10-30 11:52:36,747 [9dbd5372-55c2-4532-b354-9494d3d545d2@group-F367C8FA5986-LeaderElection75] INFO  impl.RoleInfo (RoleInfo.java:shutdownLeaderElection(134)) - 9dbd5372-55c2-4532-b354-9494d3d545d2: shutdown LeaderElection
2019-10-30 11:52:36,747 [9dbd5372-55c2-4532-b354-9494d3d545d2@group-F367C8FA5986-LeaderElection75] INFO  impl.RoleInfo (RoleInfo.java:updateAndGet(143)) - 9dbd5372-55c2-4532-b354-9494d3d545d2: start FollowerState
2019-10-30 11:52:36,764 [Thread-824] INFO  impl.FollowerState (FollowerState.java:run(108)) - f26e10ed-fb17-49e6-a903-eadc130d13d1@group-83984122B78E-FollowerState: change to CANDIDATE, lastRpcTime:124ms, electionTimeout:124ms
2019-10-30 11:52:36,764 [Thread-824] INFO  impl.RoleInfo (RoleInfo.java:shutdownFollowerState(121)) - f26e10ed-fb17-49e6-a903-eadc130d13d1: shutdown FollowerState
2019-10-30 11:52:36,764 [Thread-824] INFO  impl.RaftServerImpl (RaftServerImpl.java:setRole(184)) - f26e10ed-fb17-49e6-a903-eadc130d13d1@group-83984122B78E: changes role from  FOLLOWER to CANDIDATE at term 37 for changeToCandidate
2019-10-30 11:52:36,764 [Thread-824] INFO  impl.RoleInfo (RoleInfo.java:updateAndGet(143)) - f26e10ed-fb17-49e6-a903-eadc130d13d1: start LeaderElection
2019-10-30 11:52:36,777 [f26e10ed-fb17-49e6-a903-eadc130d13d1@group-83984122B78E-LeaderElection76] INFO  impl.LeaderElection (LeaderElection.java:askForVotes(178)) - f26e10ed-fb17-49e6-a903-eadc130d13d1@group-83984122B78E-LeaderElection76: begin an election at term 38 for -1: [4f16e274-8663-4a15-9c4c-c81f650ab979:192.168.157.220:38181, 4cc44201-a597-43af-a4ec-5b1b407a6250:192.168.157.220:36685, f26e10ed-fb17-49e6-a903-eadc130d13d1:192.168.157.220:32806], old=null
2019-10-30 11:52:36,778 [grpc-default-executor-4] INFO  impl.RaftServerImpl (RaftServerImpl.java:setRole(184)) - 4f16e274-8663-4a15-9c4c-c81f650ab979@group-83984122B78E: changes role from  FOLLOWER to FOLLOWER at term 38 for recognizeCandidate:f26e10ed-fb17-49e6-a903-eadc130d13d1
2019-10-30 11:52:36,778 [grpc-default-executor-4] INFO  impl.RoleInfo (RoleInfo.java:shutdownFollowerState(121)) - 4f16e274-8663-4a15-9c4c-c81f650ab979: shutdown FollowerState
2019-10-30 11:52:36,779 [grpc-default-executor-4] INFO  impl.RoleInfo (RoleInfo.java:updateAndGet(143)) - 4f16e274-8663-4a15-9c4c-c81f650ab979: start FollowerState
2019-10-30 11:52:36,779 [Thread-819] INFO  impl.FollowerState (FollowerState.java:run(117)) - 4f16e274-8663-4a15-9c4c-c81f650ab979@group-83984122B78E-FollowerState was interrupted: java.lang.InterruptedException: sleep interrupted
2019-10-30 11:52:36,779 [grpc-default-executor-9] INFO  impl.RaftServerImpl (RaftServerImpl.java:setRole(184)) - 4cc44201-a597-43af-a4ec-5b1b407a6250@group-83984122B78E: changes role from  FOLLOWER to FOLLOWER at term 38 for recognizeCandidate:f26e10ed-fb17-49e6-a903-eadc130d13d1
2019-10-30 11:52:36,779 [grpc-default-executor-9] INFO  impl.RoleInfo (RoleInfo.java:shutdownFollowerState(121)) - 4cc44201-a597-43af-a4ec-5b1b407a6250: shutdown FollowerState
2019-10-30 11:52:36,779 [grpc-default-executor-9] INFO  impl.RoleInfo (RoleInfo.java:updateAndGet(143)) - 4cc44201-a597-43af-a4ec-5b1b407a6250: start FollowerState
2019-10-30 11:52:36,780 [Thread-820] INFO  impl.FollowerState (FollowerState.java:run(117)) - 4cc44201-a597-43af-a4ec-5b1b407a6250@group-83984122B78E-FollowerState was interrupted: java.lang.InterruptedException: sleep interrupted
2019-10-30 11:52:36,796 [f26e10ed-fb17-49e6-a903-eadc130d13d1@group-83984122B78E-LeaderElection76] INFO  impl.LeaderElection (LeaderElection.java:logAndReturn(56)) - f26e10ed-fb17-49e6-a903-eadc130d13d1@group-83984122B78E-LeaderElection76: Election REJECTED; received 2 response(s) [f26e10ed-fb17-49e6-a903-eadc130d13d1<-4f16e274-8663-4a15-9c4c-c81f650ab979#0:FAIL-t38, f26e10ed-fb17-49e6-a903-eadc130d13d1<-4cc44201-a597-43af-a4ec-5b1b407a6250#0:FAIL-t38] and 0 exception(s); f26e10ed-fb17-49e6-a903-eadc130d13d1@group-83984122B78E:t38, leader=null, voted=f26e10ed-fb17-49e6-a903-eadc130d13d1, raftlog=f26e10ed-fb17-49e6-a903-eadc130d13d1@group-83984122B78E-SegmentedRaftLog:OPENED:c-1,f-1,i0, conf=-1: [4f16e274-8663-4a15-9c4c-c81f650ab979:192.168.157.220:38181, 4cc44201-a597-43af-a4ec-5b1b407a6250:192.168.157.220:36685, f26e10ed-fb17-49e6-a903-eadc130d13d1:192.168.157.220:32806], old=null
2019-10-30 11:52:36,796 [f26e10ed-fb17-49e6-a903-eadc130d13d1@group-83984122B78E-LeaderElection76] INFO  impl.RaftServerImpl (RaftServerImpl.java:setRole(184)) - f26e10ed-fb17-49e6-a903-eadc130d13d1@group-83984122B78E: changes role from CANDIDATE to FOLLOWER at term 38 for DISCOVERED_A_NEW_TERM
2019-10-30 11:52:36,796 [f26e10ed-fb17-49e6-a903-eadc130d13d1@group-83984122B78E-LeaderElection76] INFO  impl.RoleInfo (RoleInfo.java:shutdownLeaderElection(134)) - f26e10ed-fb17-49e6-a903-eadc130d13d1: shutdown LeaderElection
2019-10-30 11:52:36,796 [f26e10ed-fb17-49e6-a903-eadc130d13d1@group-83984122B78E-LeaderElection76] INFO  impl.RoleInfo (RoleInfo.java:updateAndGet(143)) - f26e10ed-fb17-49e6-a903-eadc130d13d1: start FollowerState
2019-10-30 11:52:36,805 [Thread-830] INFO  impl.FollowerState (FollowerState.java:run(108)) - 9dbd5372-55c2-4532-b354-9494d3d545d2@group-F367C8FA5986-FollowerState: change to CANDIDATE, lastRpcTime:58ms, electionTimeout:58ms
2019-10-30 11:52:36,805 [Thread-830] INFO  impl.RoleInfo (RoleInfo.java:shutdownFollowerState(121)) - 9dbd5372-55c2-4532-b354-9494d3d545d2: shutdown FollowerState
2019-10-30 11:52:36,805 [Thread-830] INFO  impl.RaftServerImpl (RaftServerImpl.java:setRole(184)) - 9dbd5372-55c2-4532-b354-9494d3d545d2@group-F367C8FA5986: changes role from  FOLLOWER to CANDIDATE at term 30 for changeToCandidate
2019-10-30 11:52:36,805 [Thread-830] INFO  impl.RoleInfo (RoleInfo.java:updateAndGet(143)) - 9dbd5372-55c2-4532-b354-9494d3d545d2: start LeaderElection
2019-10-30 11:52:36,810 [9dbd5372-55c2-4532-b354-9494d3d545d2@group-F367C8FA5986-LeaderElection77] INFO  impl.LeaderElection (LeaderElection.java:askForVotes(178)) - 9dbd5372-55c2-4532-b354-9494d3d545d2@group-F367C8FA5986-LeaderElection77: begin an election at term 31 for -1: [9b3ef6c9-0245-4756-bf80-45d41f7a4453:192.168.157.220:37058, cd11b2f5-3187-4d03-bd60-931991550c17:192.168.157.220:43236, 9dbd5372-55c2-4532-b354-9494d3d545d2:192.168.157.220:42993], old=null
2019-10-30 11:52:36,812 [grpc-default-executor-4] INFO  impl.RaftServerImpl (RaftServerImpl.java:setRole(184)) - 9b3ef6c9-0245-4756-bf80-45d41f7a4453@group-F367C8FA5986: changes role from  FOLLOWER to FOLLOWER at term 31 for recognizeCandidate:9dbd5372-55c2-4532-b354-9494d3d545d2
2019-10-30 11:52:36,812 [grpc-default-executor-9] INFO  impl.RaftServerImpl (RaftServerImpl.java:setRole(184)) - cd11b2f5-3187-4d03-bd60-931991550c17@group-F367C8FA5986: changes role from  FOLLOWER to FOLLOWER at term 31 for recognizeCandidate:9dbd5372-55c2-4532-b354-9494d3d545d2
2019-10-30 11:52:36,812 [grpc-default-executor-4] INFO  impl.RoleInfo (RoleInfo.java:shutdownFollowerState(121)) - 9b3ef6c9-0245-4756-bf80-45d41f7a4453: shutdown FollowerState
2019-10-30 11:52:36,812 [grpc-default-executor-9] INFO  impl.RoleInfo (RoleInfo.java:shutdownFollowerState(121)) - cd11b2f5-3187-4d03-bd60-931991550c17: shutdown FollowerState
2019-10-30 11:52:36,812 [Thread-829] INFO  impl.FollowerState (FollowerState.java:run(117)) - 9b3ef6c9-0245-4756-bf80-45d41f7a4453@group-F367C8FA5986-FollowerState was interrupted: java.lang.InterruptedException: sleep interrupted
2019-10-30 11:52:36,812 [grpc-default-executor-4] INFO  impl.RoleInfo (RoleInfo.java:updateAndGet(143)) - 9b3ef6c9-0245-4756-bf80-45d41f7a4453: start FollowerState
2019-10-30 11:52:36,812 [Thread-828] INFO  impl.FollowerState (FollowerState.java:run(117)) - cd11b2f5-3187-4d03-bd60-931991550c17@group-F367C8FA5986-FollowerState was interrupted: java.lang.InterruptedException: sleep interrupted
2019-10-30 11:52:36,812 [grpc-default-executor-9] INFO  impl.RoleInfo (RoleInfo.java:updateAndGet(143)) - cd11b2f5-3187-4d03-bd60-931991550c17: start FollowerState
2019-10-30 11:52:36,819 [9dbd5372-55c2-4532-b354-9494d3d545d2@group-F367C8FA5986-LeaderElection77] INFO  impl.LeaderElection (LeaderElection.java:logAndReturn(56)) - 9dbd5372-55c2-4532-b354-9494d3d545d2@group-F367C8FA5986-LeaderElection77: Election REJECTED; received 2 response(s) [9dbd5372-55c2-4532-b354-9494d3d545d2<-9b3ef6c9-0245-4756-bf80-45d41f7a4453#0:FAIL-t31, 9dbd5372-55c2-4532-b354-9494d3d545d2<-cd11b2f5-3187-4d03-bd60-931991550c17#0:FAIL-t31] and 0 exception(s); 9dbd5372-55c2-4532-b354-9494d3d545d2@group-F367C8FA5986:t31, leader=null, voted=9dbd5372-55c2-4532-b354-9494d3d545d2, raftlog=9dbd5372-55c2-4532-b354-9494d3d545d2@group-F367C8FA5986-SegmentedRaftLog:OPENED:c-1,f-1,i0, conf=-1: [9b3ef6c9-0245-4756-bf80-45d41f7a4453:192.168.157.220:37058, cd11b2f5-3187-4d03-bd60-931991550c17:192.168.157.220:43236, 9dbd5372-55c2-4532-b354-9494d3d545d2:192.168.157.220:42993], old=null
2019-10-30 11:52:36,819 [9dbd5372-55c2-4532-b354-9494d3d545d2@group-F367C8FA5986-LeaderElection77] INFO  impl.RaftServerImpl (RaftServerImpl.java:setRole(184)) - 9dbd5372-55c2-4532-b354-9494d3d545d2@group-F367C8FA5986: changes role from CANDIDATE to FOLLOWER at term 31 for DISCOVERED_A_NEW_TERM
2019-10-30 11:52:36,819 [9dbd5372-55c2-4532-b354-9494d3d545d2@group-F367C8FA5986-LeaderElection77] INFO  impl.RoleInfo (RoleInfo.java:shutdownLeaderElection(134)) - 9dbd5372-55c2-4532-b354-9494d3d545d2: shutdown LeaderElection
2019-10-30 11:52:36,819 [9dbd5372-55c2-4532-b354-9494d3d545d2@group-F367C8FA5986-LeaderElection77] INFO  impl.RoleInfo (RoleInfo.java:updateAndGet(143)) - 9dbd5372-55c2-4532-b354-9494d3d545d2: start FollowerState
2019-10-30 11:52:36,983 [Thread-844] INFO  impl.FollowerState (FollowerState.java:run(108)) - 9dbd5372-55c2-4532-b354-9494d3d545d2@group-F367C8FA5986-FollowerState: change to CANDIDATE, lastRpcTime:163ms, electionTimeout:163ms
2019-10-30 11:52:36,983 [Thread-844] INFO  impl.RoleInfo (RoleInfo.java:shutdownFollowerState(121)) - 9dbd5372-55c2-4532-b354-9494d3d545d2: shutdown FollowerState
2019-10-30 11:52:36,983 [Thread-844] INFO  impl.RaftServerImpl (RaftServerImpl.java:setRole(184)) - 9dbd5372-55c2-4532-b354-9494d3d545d2@group-F367C8FA5986: changes role from  FOLLOWER to CANDIDATE at term 31 for changeToCandidate
2019-10-30 11:52:36,983 [Thread-844] INFO  impl.RoleInfo (RoleInfo.java:updateAndGet(143)) - 9dbd5372-55c2-4532-b354-9494d3d545d2: start LeaderElection
2019-10-30 11:52:36,986 [Thread-838] INFO  impl.FollowerState (FollowerState.java:run(108)) - f26e10ed-fb17-49e6-a903-eadc130d13d1@group-83984122B78E-FollowerState: change to CANDIDATE, lastRpcTime:190ms, electionTimeout:190ms
2019-10-30 11:52:36,986 [Thread-838] INFO  impl.RoleInfo (RoleInfo.java:shutdownFollowerState(121)) - f26e10ed-fb17-49e6-a903-eadc130d13d1: shutdown FollowerState
2019-10-30 11:52:36,986 [Thread-838] INFO  impl.RaftServerImpl (RaftServerImpl.java:setRole(184)) - f26e10ed-fb17-49e6-a903-eadc130d13d1@group-83984122B78E: changes role from  FOLLOWER to CANDIDATE at term 38 for changeToCandidate
2019-10-30 11:52:36,987 [Thread-838] INFO  impl.RoleInfo (RoleInfo.java:updateAndGet(143)) - f26e10ed-fb17-49e6-a903-eadc130d13d1: start LeaderElection
2019-10-30 11:52:36,995 [f26e10ed-fb17-49e6-a903-eadc130d13d1@group-83984122B78E-LeaderElection79] INFO  impl.LeaderElection (LeaderElection.java:askForVotes(178)) - f26e10ed-fb17-49e6-a903-eadc130d13d1@group-83984122B78E-LeaderElection79: begin an election at term 39 for -1: [4f16e274-8663-4a15-9c4c-c81f650ab979:192.168.157.220:38181, 4cc44201-a597-43af-a4ec-5b1b407a6250:192.168.157.220:36685, f26e10ed-fb17-49e6-a903-eadc130d13d1:192.168.157.220:32806], old=null
2019-10-30 11:52:36,995 [9dbd5372-55c2-4532-b354-9494d3d545d2@group-F367C8FA5986-LeaderElection78] INFO  impl.LeaderElection (LeaderElection.java:askForVotes(178)) - 9dbd5372-55c2-4532-b354-9494d3d545d2@group-F367C8FA5986-LeaderElection78: begin an election at term 32 for -1: [9b3ef6c9-0245-4756-bf80-45d41f7a4453:192.168.157.220:37058, cd11b2f5-3187-4d03-bd60-931991550c17:192.168.157.220:43236, 9dbd5372-55c2-4532-b354-9494d3d545d2:192.168.157.220:42993], old=null
2019-10-30 11:52:36,997 [grpc-default-executor-9] INFO  impl.RaftServerImpl (RaftServerImpl.java:setRole(184)) - 4cc44201-a597-43af-a4ec-5b1b407a6250@group-83984122B78E: changes role from  FOLLOWER to FOLLOWER at term 39 for recognizeCandidate:f26e10ed-fb17-49e6-a903-eadc130d13d1
2019-10-30 11:52:36,997 [grpc-default-executor-4] INFO  impl.RaftServerImpl (RaftServerImpl.java:setRole(184)) - cd11b2f5-3187-4d03-bd60-931991550c17@group-F367C8FA5986: changes role from  FOLLOWER to FOLLOWER at term 32 for recognizeCandidate:9dbd5372-55c2-4532-b354-9494d3d545d2
2019-10-30 11:52:36,997 [grpc-default-executor-0] INFO  impl.RaftServerImpl (RaftServerImpl.java:setRole(184)) - 4f16e274-8663-4a15-9c4c-c81f650ab979@group-83984122B78E: changes role from  FOLLOWER to FOLLOWER at term 39 for recognizeCandidate:f26e10ed-fb17-49e6-a903-eadc130d13d1
2019-10-30 11:52:36,998 [grpc-default-executor-0] INFO  impl.RoleInfo (RoleInfo.java:shutdownFollowerState(121)) - 4f16e274-8663-4a15-9c4c-c81f650ab979: shutdown FollowerState
2019-10-30 11:52:36,998 [grpc-default-executor-0] INFO  impl.RoleInfo (RoleInfo.java:updateAndGet(143)) - 4f16e274-8663-4a15-9c4c-c81f650ab979: start FollowerState
2019-10-30 11:52:36,997 [grpc-default-executor-9] INFO  impl.RoleInfo (RoleInfo.java:shutdownFollowerState(121)) - 4cc44201-a597-43af-a4ec-5b1b407a6250: shutdown FollowerState
2019-10-30 11:52:36,998 [Thread-835] INFO  impl.FollowerState (FollowerState.java:run(117)) - 4f16e274-8663-4a15-9c4c-c81f650ab979@group-83984122B78E-FollowerState was interrupted: java.lang.InterruptedException: sleep interrupted
2019-10-30 11:52:36,998 [grpc-default-executor-8] INFO  impl.RaftServerImpl (RaftServerImpl.java:setRole(184)) - 9b3ef6c9-0245-4756-bf80-45d41f7a4453@group-F367C8FA5986: changes role from  FOLLOWER to FOLLOWER at term 32 for recognizeCandidate:9dbd5372-55c2-4532-b354-9494d3d545d2
2019-10-30 11:52:36,998 [grpc-default-executor-8] INFO  impl.RoleInfo (RoleInfo.java:shutdownFollowerState(121)) - 9b3ef6c9-0245-4756-bf80-45d41f7a4453: shutdown FollowerState
2019-10-30 11:52:36,998 [grpc-default-executor-8] INFO  impl.RoleInfo (RoleInfo.java:updateAndGet(143)) - 9b3ef6c9-0245-4756-bf80-45d41f7a4453: start FollowerState
2019-10-30 11:52:36,998 [grpc-default-executor-4] INFO  impl.RoleInfo (RoleInfo.java:shutdownFollowerState(121)) - cd11b2f5-3187-4d03-bd60-931991550c17: shutdown FollowerState
2019-10-30 11:52:36,998 [Thread-842] INFO  impl.FollowerState (FollowerState.java:run(117)) - 9b3ef6c9-0245-4756-bf80-45d41f7a4453@group-F367C8FA5986-FollowerState was interrupted: java.lang.InterruptedException: sleep interrupted
2019-10-30 11:52:36,998 [Thread-836] INFO  impl.FollowerState (FollowerState.java:run(117)) - 4cc44201-a597-43af-a4ec-5b1b407a6250@group-83984122B78E-FollowerState was interrupted: java.lang.InterruptedException: sleep interrupted
2019-10-30 11:52:36,998 [grpc-default-executor-9] INFO  impl.RoleInfo (RoleInfo.java:updateAndGet(143)) - 4cc44201-a597-43af-a4ec-5b1b407a6250: start FollowerState
2019-10-30 11:52:36,999 [grpc-default-executor-4] INFO  impl.RoleInfo (RoleInfo.java:updateAndGet(143)) - cd11b2f5-3187-4d03-bd60-931991550c17: start FollowerState
2019-10-30 11:52:36,999 [Thread-843] INFO  impl.FollowerState (FollowerState.java:run(117)) - cd11b2f5-3187-4d03-bd60-931991550c17@group-F367C8FA5986-FollowerState was interrupted: java.lang.InterruptedException: sleep interrupted
2019-10-30 11:52:37,005 [9dbd5372-55c2-4532-b354-9494d3d545d2@group-F367C8FA5986-LeaderElection78] INFO  impl.LeaderElection (LeaderElection.java:logAndReturn(56)) - 9dbd5372-55c2-4532-b354-9494d3d545d2@group-F367C8FA5986-LeaderElection78: Election REJECTED; received 2 response(s) [9dbd5372-55c2-4532-b354-9494d3d545d2<-9b3ef6c9-0245-4756-bf80-45d41f7a4453#0:FAIL-t32, 9dbd5372-55c2-4532-b354-9494d3d545d2<-cd11b2f5-3187-4d03-bd60-931991550c17#0:FAIL-t32] and 0 exception(s); 9dbd5372-55c2-4532-b354-9494d3d545d2@group-F367C8FA5986:t32, leader=null, voted=9dbd5372-55c2-4532-b354-9494d3d545d2, raftlog=9dbd5372-55c2-4532-b354-9494d3d545d2@group-F367C8FA5986-SegmentedRaftLog:OPENED:c-1,f-1,i0, conf=-1: [9b3ef6c9-0245-4756-bf80-45d41f7a4453:192.168.157.220:37058, cd11b2f5-3187-4d03-bd60-931991550c17:192.168.157.220:43236, 9dbd5372-55c2-4532-b354-9494d3d545d2:192.168.157.220:42993], old=null
2019-10-30 11:52:37,005 [9dbd5372-55c2-4532-b354-9494d3d545d2@group-F367C8FA5986-LeaderElection78] INFO  impl.RaftServerImpl (RaftServerImpl.java:setRole(184)) - 9dbd5372-55c2-4532-b354-9494d3d545d2@group-F367C8FA5986: changes role from CANDIDATE to FOLLOWER at term 32 for DISCOVERED_A_NEW_TERM
2019-10-30 11:52:37,005 [f26e10ed-fb17-49e6-a903-eadc130d13d1@group-83984122B78E-LeaderElection79] INFO  impl.LeaderElection (LeaderElection.java:logAndReturn(56)) - f26e10ed-fb17-49e6-a903-eadc130d13d1@group-83984122B78E-LeaderElection79: Election REJECTED; received 2 response(s) [f26e10ed-fb17-49e6-a903-eadc130d13d1<-4f16e274-8663-4a15-9c4c-c81f650ab979#0:FAIL-t39, f26e10ed-fb17-49e6-a903-eadc130d13d1<-4cc44201-a597-43af-a4ec-5b1b407a6250#0:FAIL-t39] and 0 exception(s); f26e10ed-fb17-49e6-a903-eadc130d13d1@group-83984122B78E:t39, leader=null, voted=f26e10ed-fb17-49e6-a903-eadc130d13d1, raftlog=f26e10ed-fb17-49e6-a903-eadc130d13d1@group-83984122B78E-SegmentedRaftLog:OPENED:c-1,f-1,i0, conf=-1: [4f16e274-8663-4a15-9c4c-c81f650ab979:192.168.157.220:38181, 4cc44201-a597-43af-a4ec-5b1b407a6250:192.168.157.220:36685, f26e10ed-fb17-49e6-a903-eadc130d13d1:192.168.157.220:32806], old=null
2019-10-30 11:52:37,005 [9dbd5372-55c2-4532-b354-9494d3d545d2@group-F367C8FA5986-LeaderElection78] INFO  impl.RoleInfo (RoleInfo.java:shutdownLeaderElection(134)) - 9dbd5372-55c2-4532-b354-9494d3d545d2: shutdown LeaderElection
2019-10-30 11:52:37,005 [f26e10ed-fb17-49e6-a903-eadc130d13d1@group-83984122B78E-LeaderElection79] INFO  impl.RaftServerImpl (RaftServerImpl.java:setRole(184)) - f26e10ed-fb17-49e6-a903-eadc130d13d1@group-83984122B78E: changes role from CANDIDATE to FOLLOWER at term 39 for DISCOVERED_A_NEW_TERM
2019-10-30 11:52:37,005 [9dbd5372-55c2-4532-b354-9494d3d545d2@group-F367C8FA5986-LeaderElection78] INFO  impl.RoleInfo (RoleInfo.java:updateAndGet(143)) - 9dbd5372-55c2-4532-b354-9494d3d545d2: start FollowerState
2019-10-30 11:52:37,005 [f26e10ed-fb17-49e6-a903-eadc130d13d1@group-83984122B78E-LeaderElection79] INFO  impl.RoleInfo (RoleInfo.java:shutdownLeaderElection(134)) - f26e10ed-fb17-49e6-a903-eadc130d13d1: shutdown LeaderElection
2019-10-30 11:52:37,005 [f26e10ed-fb17-49e6-a903-eadc130d13d1@group-83984122B78E-LeaderElection79] INFO  impl.RoleInfo (RoleInfo.java:updateAndGet(143)) - f26e10ed-fb17-49e6-a903-eadc130d13d1: start FollowerState
2019-10-30 11:52:37,067 [Thread-858] INFO  impl.FollowerState (FollowerState.java:run(108)) - f26e10ed-fb17-49e6-a903-eadc130d13d1@group-83984122B78E-FollowerState: change to CANDIDATE, lastRpcTime:61ms, electionTimeout:61ms
2019-10-30 11:52:37,067 [Thread-858] INFO  impl.RoleInfo (RoleInfo.java:shutdownFollowerState(121)) - f26e10ed-fb17-49e6-a903-eadc130d13d1: shutdown FollowerState
2019-10-30 11:52:37,067 [Thread-858] INFO  impl.RaftServerImpl (RaftServerImpl.java:setRole(184)) - f26e10ed-fb17-49e6-a903-eadc130d13d1@group-83984122B78E: changes role from  FOLLOWER to CANDIDATE at term 39 for changeToCandidate
2019-10-30 11:52:37,067 [Thread-858] INFO  impl.RoleInfo (RoleInfo.java:updateAndGet(143)) - f26e10ed-fb17-49e6-a903-eadc130d13d1: start LeaderElection
2019-10-30 11:52:37,068 [Thread-857] INFO  impl.FollowerState (FollowerState.java:run(108)) - 9dbd5372-55c2-4532-b354-9494d3d545d2@group-F367C8FA5986-FollowerState: change to CANDIDATE, lastRpcTime:63ms, electionTimeout:63ms
2019-10-30 11:52:37,068 [Thread-857] INFO  impl.RoleInfo (RoleInfo.java:shutdownFollowerState(121)) - 9dbd5372-55c2-4532-b354-9494d3d545d2: shutdown FollowerState
2019-10-30 11:52:37,068 [Thread-857] INFO  impl.RaftServerImpl (RaftServerImpl.java:setRole(184)) - 9dbd5372-55c2-4532-b354-9494d3d545d2@group-F367C8FA5986: changes role from  FOLLOWER to CANDIDATE at term 32 for changeToCandidate
2019-10-30 11:52:37,069 [Thread-857] INFO  impl.RoleInfo (RoleInfo.java:updateAndGet(143)) - 9dbd5372-55c2-4532-b354-9494d3d545d2: start LeaderElection
2019-10-30 11:52:37,078 [9dbd5372-55c2-4532-b354-9494d3d545d2@group-F367C8FA5986-LeaderElection81] INFO  impl.LeaderElection (LeaderElection.java:askForVotes(178)) - 9dbd5372-55c2-4532-b354-9494d3d545d2@group-F367C8FA5986-LeaderElection81: begin an election at term 33 for -1: [9b3ef6c9-0245-4756-bf80-45d41f7a4453:192.168.157.220:37058, cd11b2f5-3187-4d03-bd60-931991550c17:192.168.157.220:43236, 9dbd5372-55c2-4532-b354-9494d3d545d2:192.168.157.220:42993], old=null
2019-10-30 11:52:37,078 [f26e10ed-fb17-49e6-a903-eadc130d13d1@group-83984122B78E-LeaderElection80] INFO  impl.LeaderElection (LeaderElection.java:askForVotes(178)) - f26e10ed-fb17-49e6-a903-eadc130d13d1@group-83984122B78E-LeaderElection80: begin an election at term 40 for -1: [4f16e274-8663-4a15-9c4c-c81f650ab979:192.168.157.220:38181, 4cc44201-a597-43af-a4ec-5b1b407a6250:192.168.157.220:36685, f26e10ed-fb17-49e6-a903-eadc130d13d1:192.168.157.220:32806], old=null
2019-10-30 11:52:37,083 [grpc-default-executor-9] INFO  impl.RaftServerImpl (RaftServerImpl.java:setRole(184)) - 9b3ef6c9-0245-4756-bf80-45d41f7a4453@group-F367C8FA5986: changes role from  FOLLOWER to FOLLOWER at term 33 for recognizeCandidate:9dbd5372-55c2-4532-b354-9494d3d545d2
2019-10-30 11:52:37,083 [grpc-default-executor-9] INFO  impl.RoleInfo (RoleInfo.java:shutdownFollowerState(121)) - 9b3ef6c9-0245-4756-bf80-45d41f7a4453: shutdown FollowerState
2019-10-30 11:52:37,084 [Thread-855] INFO  impl.FollowerState (FollowerState.java:run(117)) - 9b3ef6c9-0245-4756-bf80-45d41f7a4453@group-F367C8FA5986-FollowerState was interrupted: java.lang.InterruptedException: sleep interrupted
2019-10-30 11:52:37,084 [grpc-default-executor-9] INFO  impl.RoleInfo (RoleInfo.java:updateAndGet(143)) - 9b3ef6c9-0245-4756-bf80-45d41f7a4453: start FollowerState
2019-10-30 11:52:37,084 [grpc-default-executor-0] INFO  impl.RaftServerImpl (RaftServerImpl.java:setRole(184)) - 4f16e274-8663-4a15-9c4c-c81f650ab979@group-83984122B78E: changes role from  FOLLOWER to FOLLOWER at term 40 for recognizeCandidate:f26e10ed-fb17-49e6-a903-eadc130d13d1
2019-10-30 11:52:37,084 [grpc-default-executor-0] INFO  impl.RoleInfo (RoleInfo.java:shutdownFollowerState(121)) - 4f16e274-8663-4a15-9c4c-c81f650ab979: shutdown FollowerState
2019-10-30 11:52:37,084 [grpc-default-executor-0] INFO  impl.RoleInfo (RoleInfo.java:updateAndGet(143)) - 4f16e274-8663-4a15-9c4c-c81f650ab979: start FollowerState
2019-10-30 11:52:37,084 [Thread-853] INFO  impl.FollowerState (FollowerState.java:run(117)) - 4f16e274-8663-4a15-9c4c-c81f650ab979@group-83984122B78E-FollowerState was interrupted: java.lang.InterruptedException: sleep interrupted
2019-10-30 11:52:37,085 [grpc-default-executor-4] INFO  impl.RaftServerImpl (RaftServerImpl.java:setRole(184)) - 4cc44201-a597-43af-a4ec-5b1b407a6250@group-83984122B78E: changes role from  FOLLOWER to FOLLOWER at term 40 for recognizeCandidate:f26e10ed-fb17-49e6-a903-eadc130d13d1
2019-10-30 11:52:37,085 [grpc-default-executor-4] INFO  impl.RoleInfo (RoleInfo.java:shutdownFollowerState(121)) - 4cc44201-a597-43af-a4ec-5b1b407a6250: shutdown FollowerState
2019-10-30 11:52:37,088 [grpc-default-executor-4] INFO  impl.RoleInfo (RoleInfo.java:updateAndGet(143)) - 4cc44201-a597-43af-a4ec-5b1b407a6250: start FollowerState
2019-10-30 11:52:37,089 [Thread-854] INFO  impl.FollowerState (FollowerState.java:run(117)) - 4cc44201-a597-43af-a4ec-5b1b407a6250@group-83984122B78E-FollowerState was interrupted: java.lang.InterruptedException: sleep interrupted
2019-10-30 11:52:37,089 [grpc-default-executor-8] INFO  impl.RaftServerImpl (RaftServerImpl.java:setRole(184)) - cd11b2f5-3187-4d03-bd60-931991550c17@group-F367C8FA5986: changes role from  FOLLOWER to FOLLOWER at term 33 for recognizeCandidate:9dbd5372-55c2-4532-b354-9494d3d545d2
2019-10-30 11:52:37,089 [grpc-default-executor-8] INFO  impl.RoleInfo (RoleInfo.java:shutdownFollowerState(121)) - cd11b2f5-3187-4d03-bd60-931991550c17: shutdown FollowerState
2019-10-30 11:52:37,089 [grpc-default-executor-8] INFO  impl.RoleInfo (RoleInfo.java:updateAndGet(143)) - cd11b2f5-3187-4d03-bd60-931991550c17: start FollowerState
2019-10-30 11:52:37,089 [Thread-856] INFO  impl.FollowerState (FollowerState.java:run(117)) - cd11b2f5-3187-4d03-bd60-931991550c17@group-F367C8FA5986-FollowerState was interrupted: java.lang.InterruptedException: sleep interrupted
2019-10-30 11:52:37,095 [f26e10ed-fb17-49e6-a903-eadc130d13d1@group-83984122B78E-LeaderElection80] INFO  impl.LeaderElection (LeaderElection.java:logAndReturn(56)) - f26e10ed-fb17-49e6-a903-eadc130d13d1@group-83984122B78E-LeaderElection80: Election REJECTED; received 2 response(s) [f26e10ed-fb17-49e6-a903-eadc130d13d1<-4f16e274-8663-4a15-9c4c-c81f650ab979#0:FAIL-t40, f26e10ed-fb17-49e6-a903-eadc130d13d1<-4cc44201-a597-43af-a4ec-5b1b407a6250#0:FAIL-t40] and 0 exception(s); f26e10ed-fb17-49e6-a903-eadc130d13d1@group-83984122B78E:t40, leader=null, voted=f26e10ed-fb17-49e6-a903-eadc130d13d1, raftlog=f26e10ed-fb17-49e6-a903-eadc130d13d1@group-83984122B78E-SegmentedRaftLog:OPENED:c-1,f-1,i0, conf=-1: [4f16e274-8663-4a15-9c4c-c81f650ab979:192.168.157.220:38181, 4cc44201-a597-43af-a4ec-5b1b407a6250:192.168.157.220:36685, f26e10ed-fb17-49e6-a903-eadc130d13d1:192.168.157.220:32806], old=null
2019-10-30 11:52:37,095 [f26e10ed-fb17-49e6-a903-eadc130d13d1@group-83984122B78E-LeaderElection80] INFO  impl.RaftServerImpl (RaftServerImpl.java:setRole(184)) - f26e10ed-fb17-49e6-a903-eadc130d13d1@group-83984122B78E: changes role from CANDIDATE to FOLLOWER at term 40 for DISCOVERED_A_NEW_TERM
2019-10-30 11:52:37,095 [f26e10ed-fb17-49e6-a903-eadc130d13d1@group-83984122B78E-LeaderElection80] INFO  impl.RoleInfo (RoleInfo.java:shutdownLeaderElection(134)) - f26e10ed-fb17-49e6-a903-eadc130d13d1: shutdown LeaderElection
2019-10-30 11:52:37,095 [9dbd5372-55c2-4532-b354-9494d3d545d2@group-F367C8FA5986-LeaderElection81] INFO  impl.LeaderElection (LeaderElection.java:logAndReturn(56)) - 9dbd5372-55c2-4532-b354-9494d3d545d2@group-F367C8FA5986-LeaderElection81: Election REJECTED; received 2 response(s) [9dbd5372-55c2-4532-b354-9494d3d545d2<-9b3ef6c9-0245-4756-bf80-45d41f7a4453#0:FAIL-t33, 9dbd5372-55c2-4532-b354-9494d3d545d2<-cd11b2f5-3187-4d03-bd60-931991550c17#0:FAIL-t33] and 0 exception(s); 9dbd5372-55c2-4532-b354-9494d3d545d2@group-F367C8FA5986:t33, leader=null, voted=9dbd5372-55c2-4532-b354-9494d3d545d2, raftlog=9dbd5372-55c2-4532-b354-9494d3d545d2@group-F367C8FA5986-SegmentedRaftLog:OPENED:c-1,f-1,i0, conf=-1: [9b3ef6c9-0245-4756-bf80-45d41f7a4453:192.168.157.220:37058, cd11b2f5-3187-4d03-bd60-931991550c17:192.168.157.220:43236, 9dbd5372-55c2-4532-b354-9494d3d545d2:192.168.157.220:42993], old=null
2019-10-30 11:52:37,096 [f26e10ed-fb17-49e6-a903-eadc130d13d1@group-83984122B78E-LeaderElection80] INFO  impl.RoleInfo (RoleInfo.java:updateAndGet(143)) - f26e10ed-fb17-49e6-a903-eadc130d13d1: start FollowerState
2019-10-30 11:52:37,096 [9dbd5372-55c2-4532-b354-9494d3d545d2@group-F367C8FA5986-LeaderElection81] INFO  impl.RaftServerImpl (RaftServerImpl.java:setRole(184)) - 9dbd5372-55c2-4532-b354-9494d3d545d2@group-F367C8FA5986: changes role from CANDIDATE to FOLLOWER at term 33 for DISCOVERED_A_NEW_TERM
2019-10-30 11:52:37,096 [9dbd5372-55c2-4532-b354-9494d3d545d2@group-F367C8FA5986-LeaderElection81] INFO  impl.RoleInfo (RoleInfo.java:shutdownLeaderElection(134)) - 9dbd5372-55c2-4532-b354-9494d3d545d2: shutdown LeaderElection
2019-10-30 11:52:37,096 [9dbd5372-55c2-4532-b354-9494d3d545d2@group-F367C8FA5986-LeaderElection81] INFO  impl.RoleInfo (RoleInfo.java:updateAndGet(143)) - 9dbd5372-55c2-4532-b354-9494d3d545d2: start FollowerState
2019-10-30 11:52:37,223 [Thread-870] INFO  impl.FollowerState (FollowerState.java:run(108)) - 9dbd5372-55c2-4532-b354-9494d3d545d2@group-F367C8FA5986-FollowerState: change to CANDIDATE, lastRpcTime:127ms, electionTimeout:127ms
2019-10-30 11:52:37,223 [Thread-870] INFO  impl.RoleInfo (RoleInfo.java:shutdownFollowerState(121)) - 9dbd5372-55c2-4532-b354-9494d3d545d2: shutdown FollowerState
2019-10-30 11:52:37,224 [Thread-870] INFO  impl.RaftServerImpl (RaftServerImpl.java:setRole(184)) - 9dbd5372-55c2-4532-b354-9494d3d545d2@group-F367C8FA5986: changes role from  FOLLOWER to CANDIDATE at term 33 for changeToCandidate
2019-10-30 11:52:37,224 [Thread-870] INFO  impl.RoleInfo (RoleInfo.java:updateAndGet(143)) - 9dbd5372-55c2-4532-b354-9494d3d545d2: start LeaderElection
2019-10-30 11:52:37,234 [9dbd5372-55c2-4532-b354-9494d3d545d2@group-F367C8FA5986-LeaderElection82] INFO  impl.LeaderElection (LeaderElection.java:askForVotes(178)) - 9dbd5372-55c2-4532-b354-9494d3d545d2@group-F367C8FA5986-LeaderElection82: begin an election at term 34 for -1: [9b3ef6c9-0245-4756-bf80-45d41f7a4453:192.168.157.220:37058, cd11b2f5-3187-4d03-bd60-931991550c17:192.168.157.220:43236, 9dbd5372-55c2-4532-b354-9494d3d545d2:192.168.157.220:42993], old=null
2019-10-30 11:52:37,237 [grpc-default-executor-4] INFO  impl.RaftServerImpl (RaftServerImpl.java:setRole(184)) - cd11b2f5-3187-4d03-bd60-931991550c17@group-F367C8FA5986: changes role from  FOLLOWER to FOLLOWER at term 34 for recognizeCandidate:9dbd5372-55c2-4532-b354-9494d3d545d2
2019-10-30 11:52:37,237 [grpc-default-executor-0] INFO  impl.RaftServerImpl (RaftServerImpl.java:setRole(184)) - 9b3ef6c9-0245-4756-bf80-45d41f7a4453@group-F367C8FA5986: changes role from  FOLLOWER to FOLLOWER at term 34 for recognizeCandidate:9dbd5372-55c2-4532-b354-9494d3d545d2
2019-10-30 11:52:37,237 [grpc-default-executor-4] INFO  impl.RoleInfo (RoleInfo.java:shutdownFollowerState(121)) - cd11b2f5-3187-4d03-bd60-931991550c17: shutdown FollowerState
2019-10-30 11:52:37,238 [grpc-default-executor-0] INFO  impl.RoleInfo (RoleInfo.java:shutdownFollowerState(121)) - 9b3ef6c9-0245-4756-bf80-45d41f7a4453: shutdown FollowerState
2019-10-30 11:52:37,238 [Thread-868] INFO  impl.FollowerState (FollowerState.java:run(117)) - cd11b2f5-3187-4d03-bd60-931991550c17@group-F367C8FA5986-FollowerState was interrupted: java.lang.InterruptedException: sleep interrupted
2019-10-30 11:52:37,238 [grpc-default-executor-4] INFO  impl.RoleInfo (RoleInfo.java:updateAndGet(143)) - cd11b2f5-3187-4d03-bd60-931991550c17: start FollowerState
2019-10-30 11:52:37,238 [Thread-865] INFO  impl.FollowerState (FollowerState.java:run(117)) - 9b3ef6c9-0245-4756-bf80-45d41f7a4453@group-F367C8FA5986-FollowerState was interrupted: java.lang.InterruptedException: sleep interrupted
2019-10-30 11:52:37,238 [grpc-default-executor-0] INFO  impl.RoleInfo (RoleInfo.java:updateAndGet(143)) - 9b3ef6c9-0245-4756-bf80-45d41f7a4453: start FollowerState
2019-10-30 11:52:37,243 [9dbd5372-55c2-4532-b354-9494d3d545d2@group-F367C8FA5986-LeaderElection82] INFO  impl.LeaderElection (LeaderElection.java:logAndReturn(56)) - 9dbd5372-55c2-4532-b354-9494d3d545d2@group-F367C8FA5986-LeaderElection82: Election REJECTED; received 2 response(s) [9dbd5372-55c2-4532-b354-9494d3d545d2<-9b3ef6c9-0245-4756-bf80-45d41f7a4453#0:FAIL-t34, 9dbd5372-55c2-4532-b354-9494d3d545d2<-cd11b2f5-3187-4d03-bd60-931991550c17#0:FAIL-t34] and 0 exception(s); 9dbd5372-55c2-4532-b354-9494d3d545d2@group-F367C8FA5986:t34, leader=null, voted=9dbd5372-55c2-4532-b354-9494d3d545d2, raftlog=9dbd5372-55c2-4532-b354-9494d3d545d2@group-F367C8FA5986-SegmentedRaftLog:OPENED:c-1,f-1,i0, conf=-1: [9b3ef6c9-0245-4756-bf80-45d41f7a4453:192.168.157.220:37058, cd11b2f5-3187-4d03-bd60-931991550c17:192.168.157.220:43236, 9dbd5372-55c2-4532-b354-9494d3d545d2:192.168.157.220:42993], old=null
2019-10-30 11:52:37,244 [9dbd5372-55c2-4532-b354-9494d3d545d2@group-F367C8FA5986-LeaderElection82] INFO  impl.RaftServerImpl (RaftServerImpl.java:setRole(184)) - 9dbd5372-55c2-4532-b354-9494d3d545d2@group-F367C8FA5986: changes role from CANDIDATE to FOLLOWER at term 34 for DISCOVERED_A_NEW_TERM
2019-10-30 11:52:37,244 [9dbd5372-55c2-4532-b354-9494d3d545d2@group-F367C8FA5986-LeaderElection82] INFO  impl.RoleInfo (RoleInfo.java:shutdownLeaderElection(134)) - 9dbd5372-55c2-4532-b354-9494d3d545d2: shutdown LeaderElection
2019-10-30 11:52:37,244 [9dbd5372-55c2-4532-b354-9494d3d545d2@group-F367C8FA5986-LeaderElection82] INFO  impl.RoleInfo (RoleInfo.java:updateAndGet(143)) - 9dbd5372-55c2-4532-b354-9494d3d545d2: start FollowerState
2019-10-30 11:52:37,262 [Thread-869] INFO  impl.FollowerState (FollowerState.java:run(108)) - f26e10ed-fb17-49e6-a903-eadc130d13d1@group-83984122B78E-FollowerState: change to CANDIDATE, lastRpcTime:166ms, electionTimeout:166ms
2019-10-30 11:52:37,262 [Thread-869] INFO  impl.RoleInfo (RoleInfo.java:shutdownFollowerState(121)) - f26e10ed-fb17-49e6-a903-eadc130d13d1: shutdown FollowerState
2019-10-30 11:52:37,262 [Thread-869] INFO  impl.RaftServerImpl (RaftServerImpl.java:setRole(184)) - f26e10ed-fb17-49e6-a903-eadc130d13d1@group-83984122B78E: changes role from  FOLLOWER to CANDIDATE at term 40 for changeToCandidate
2019-10-30 11:52:37,262 [Thread-869] INFO  impl.RoleInfo (RoleInfo.java:updateAndGet(143)) - f26e10ed-fb17-49e6-a903-eadc130d13d1: start LeaderElection
2019-10-30 11:52:37,272 [f26e10ed-fb17-49e6-a903-eadc130d13d1@group-83984122B78E-LeaderElection83] INFO  impl.LeaderElection (LeaderElection.java:askForVotes(178)) - f26e10ed-fb17-49e6-a903-eadc130d13d1@group-83984122B78E-LeaderElection83: begin an election at term 41 for -1: [4f16e274-8663-4a15-9c4c-c81f650ab979:192.168.157.220:38181, 4cc44201-a597-43af-a4ec-5b1b407a6250:192.168.157.220:36685, f26e10ed-fb17-49e6-a903-eadc130d13d1:192.168.157.220:32806], old=null
2019-10-30 11:52:37,274 [grpc-default-executor-4] INFO  impl.RaftServerImpl (RaftServerImpl.java:setRole(184)) - 4f16e274-8663-4a15-9c4c-c81f650ab979@group-83984122B78E: changes role from  FOLLOWER to FOLLOWER at term 41 for recognizeCandidate:f26e10ed-fb17-49e6-a903-eadc130d13d1
2019-10-30 11:52:37,274 [grpc-default-executor-0] INFO  impl.RaftServerImpl (RaftServerImpl.java:setRole(184)) - 4cc44201-a597-43af-a4ec-5b1b407a6250@group-83984122B78E: changes role from  FOLLOWER to FOLLOWER at term 41 for recognizeCandidate:f26e10ed-fb17-49e6-a903-eadc130d13d1
2019-10-30 11:52:37,274 [grpc-default-executor-4] INFO  impl.RoleInfo (RoleInfo.java:shutdownFollowerState(121)) - 4f16e274-8663-4a15-9c4c-c81f650ab979: shutdown FollowerState
2019-10-30 11:52:37,274 [grpc-default-executor-0] INFO  impl.RoleInfo (RoleInfo.java:shutdownFollowerState(121)) - 4cc44201-a597-43af-a4ec-5b1b407a6250: shutdown FollowerState
2019-10-30 11:52:37,274 [Thread-866] INFO  impl.FollowerState (FollowerState.java:run(117)) - 4f16e274-8663-4a15-9c4c-c81f650ab979@group-83984122B78E-FollowerState was interrupted: java.lang.InterruptedException: sleep interrupted
2019-10-30 11:52:37,274 [grpc-default-executor-4] INFO  impl.RoleInfo (RoleInfo.java:updateAndGet(143)) - 4f16e274-8663-4a15-9c4c-c81f650ab979: start FollowerState
2019-10-30 11:52:37,274 [Thread-867] INFO  impl.FollowerState (FollowerState.java:run(117)) - 4cc44201-a597-43af-a4ec-5b1b407a6250@group-83984122B78E-FollowerState was interrupted: java.lang.InterruptedException: sleep interrupted
2019-10-30 11:52:37,274 [grpc-default-executor-0] INFO  impl.RoleInfo (RoleInfo.java:updateAndGet(143)) - 4cc44201-a597-43af-a4ec-5b1b407a6250: start FollowerState
2019-10-30 11:52:37,282 [f26e10ed-fb17-49e6-a903-eadc130d13d1@group-83984122B78E-LeaderElection83] INFO  impl.LeaderElection (LeaderElection.java:logAndReturn(56)) - f26e10ed-fb17-49e6-a903-eadc130d13d1@group-83984122B78E-LeaderElection83: Election REJECTED; received 2 response(s) [f26e10ed-fb17-49e6-a903-eadc130d13d1<-4f16e274-8663-4a15-9c4c-c81f650ab979#0:FAIL-t41, f26e10ed-fb17-49e6-a903-eadc130d13d1<-4cc44201-a597-43af-a4ec-5b1b407a6250#0:FAIL-t41] and 0 exception(s); f26e10ed-fb17-49e6-a903-eadc130d13d1@group-83984122B78E:t41, leader=null, voted=f26e10ed-fb17-49e6-a903-eadc130d13d1, raftlog=f26e10ed-fb17-49e6-a903-eadc130d13d1@group-83984122B78E-SegmentedRaftLog:OPENED:c-1,f-1,i0, conf=-1: [4f16e274-8663-4a15-9c4c-c81f650ab979:192.168.157.220:38181, 4cc44201-a597-43af-a4ec-5b1b407a6250:192.168.157.220:36685, f26e10ed-fb17-49e6-a903-eadc130d13d1:192.168.157.220:32806], old=null
2019-10-30 11:52:37,283 [f26e10ed-fb17-49e6-a903-eadc130d13d1@group-83984122B78E-LeaderElection83] INFO  impl.RaftServerImpl (RaftServerImpl.java:setRole(184)) - f26e10ed-fb17-49e6-a903-eadc130d13d1@group-83984122B78E: changes role from CANDIDATE to FOLLOWER at term 41 for DISCOVERED_A_NEW_TERM
2019-10-30 11:52:37,283 [f26e10ed-fb17-49e6-a903-eadc130d13d1@group-83984122B78E-LeaderElection83] INFO  impl.RoleInfo (RoleInfo.java:shutdownLeaderElection(134)) - f26e10ed-fb17-49e6-a903-eadc130d13d1: shutdown LeaderElection
2019-10-30 11:52:37,283 [f26e10ed-fb17-49e6-a903-eadc130d13d1@group-83984122B78E-LeaderElection83] INFO  impl.RoleInfo (RoleInfo.java:updateAndGet(143)) - f26e10ed-fb17-49e6-a903-eadc130d13d1: start FollowerState
2019-10-30 11:52:37,354 [Thread-882] INFO  impl.FollowerState (FollowerState.java:run(108)) - f26e10ed-fb17-49e6-a903-eadc130d13d1@group-83984122B78E-FollowerState: change to CANDIDATE, lastRpcTime:71ms, electionTimeout:71ms
2019-10-30 11:52:37,354 [Thread-882] INFO  impl.RoleInfo (RoleInfo.java:shutdownFollowerState(121)) - f26e10ed-fb17-49e6-a903-eadc130d13d1: shutdown FollowerState
2019-10-30 11:52:37,355 [Thread-882] INFO  impl.RaftServerImpl (RaftServerImpl.java:setRole(184)) - f26e10ed-fb17-49e6-a903-eadc130d13d1@group-83984122B78E: changes role from  FOLLOWER to CANDIDATE at term 41 for changeToCandidate
2019-10-30 11:52:37,355 [Thread-882] INFO  impl.RoleInfo (RoleInfo.java:updateAndGet(143)) - f26e10ed-fb17-49e6-a903-eadc130d13d1: start LeaderElection
2019-10-30 11:52:37,362 [f26e10ed-fb17-49e6-a903-eadc130d13d1@group-83984122B78E-LeaderElection84] INFO  impl.LeaderElection (LeaderElection.java:askForVotes(178)) - f26e10ed-fb17-49e6-a903-eadc130d13d1@group-83984122B78E-LeaderElection84: begin an election at term 42 for -1: [4f16e274-8663-4a15-9c4c-c81f650ab979:192.168.157.220:38181, 4cc44201-a597-43af-a4ec-5b1b407a6250:192.168.157.220:36685, f26e10ed-fb17-49e6-a903-eadc130d13d1:192.168.157.220:32806], old=null
2019-10-30 11:52:37,364 [grpc-default-executor-4] INFO  impl.RaftServerImpl (RaftServerImpl.java:setRole(184)) - 4cc44201-a597-43af-a4ec-5b1b407a6250@group-83984122B78E: changes role from  FOLLOWER to FOLLOWER at term 42 for recognizeCandidate:f26e10ed-fb17-49e6-a903-eadc130d13d1
2019-10-30 11:52:37,364 [grpc-default-executor-0] INFO  impl.RaftServerImpl (RaftServerImpl.java:setRole(184)) - 4f16e274-8663-4a15-9c4c-c81f650ab979@group-83984122B78E: changes role from  FOLLOWER to FOLLOWER at term 42 for recognizeCandidate:f26e10ed-fb17-49e6-a903-eadc130d13d1
2019-10-30 11:52:37,364 [grpc-default-executor-4] INFO  impl.RoleInfo (RoleInfo.java:shutdownFollowerState(121)) - 4cc44201-a597-43af-a4ec-5b1b407a6250: shutdown FollowerState
2019-10-30 11:52:37,364 [grpc-default-executor-0] INFO  impl.RoleInfo (RoleInfo.java:shutdownFollowerState(121)) - 4f16e274-8663-4a15-9c4c-c81f650ab979: shutdown FollowerState
2019-10-30 11:52:37,365 [Thread-881] INFO  impl.FollowerState (FollowerState.java:run(117)) - 4cc44201-a597-43af-a4ec-5b1b407a6250@group-83984122B78E-FollowerState was interrupted: java.lang.InterruptedException: sleep interrupted
2019-10-30 11:52:37,364 [grpc-default-executor-4] INFO  impl.RoleInfo (RoleInfo.java:updateAndGet(143)) - 4cc44201-a597-43af-a4ec-5b1b407a6250: start FollowerState
2019-10-30 11:52:37,365 [Thread-880] INFO  impl.FollowerState (FollowerState.java:run(117)) - 4f16e274-8663-4a15-9c4c-c81f650ab979@group-83984122B78E-FollowerState was interrupted: java.lang.InterruptedException: sleep interrupted
2019-10-30 11:52:37,365 [grpc-default-executor-0] INFO  impl.RoleInfo (RoleInfo.java:updateAndGet(143)) - 4f16e274-8663-4a15-9c4c-c81f650ab979: start FollowerState
2019-10-30 11:52:37,367 [Thread-876] INFO  impl.FollowerState (FollowerState.java:run(108)) - 9dbd5372-55c2-4532-b354-9494d3d545d2@group-F367C8FA5986-FollowerState: change to CANDIDATE, lastRpcTime:123ms, electionTimeout:123ms
2019-10-30 11:52:37,367 [Thread-876] INFO  impl.RoleInfo (RoleInfo.java:shutdownFollowerState(121)) - 9dbd5372-55c2-4532-b354-9494d3d545d2: shutdown FollowerState
2019-10-30 11:52:37,367 [Thread-876] INFO  impl.RaftServerImpl (RaftServerImpl.java:setRole(184)) - 9dbd5372-55c2-4532-b354-9494d3d545d2@group-F367C8FA5986: changes role from  FOLLOWER to CANDIDATE at term 34 for changeToCandidate
2019-10-30 11:52:37,367 [Thread-876] INFO  impl.RoleInfo (RoleInfo.java:updateAndGet(143)) - 9dbd5372-55c2-4532-b354-9494d3d545d2: start LeaderElection
2019-10-30 11:52:37,376 [9dbd5372-55c2-4532-b354-9494d3d545d2@group-F367C8FA5986-LeaderElection85] INFO  impl.LeaderElection (LeaderElection.java:askForVotes(178)) - 9dbd5372-55c2-4532-b354-9494d3d545d2@group-F367C8FA5986-LeaderElection85: begin an election at term 35 for -1: [9b3ef6c9-0245-4756-bf80-45d41f7a4453:192.168.157.220:37058, cd11b2f5-3187-4d03-bd60-931991550c17:192.168.157.220:43236, 9dbd5372-55c2-4532-b354-9494d3d545d2:192.168.157.220:42993], old=null
2019-10-30 11:52:37,377 [f26e10ed-fb17-49e6-a903-eadc130d13d1@group-83984122B78E-LeaderElection84] INFO  impl.LeaderElection (LeaderElection.java:logAndReturn(56)) - f26e10ed-fb17-49e6-a903-eadc130d13d1@group-83984122B78E-LeaderElection84: Election REJECTED; received 2 response(s) [f26e10ed-fb17-49e6-a903-eadc130d13d1<-4f16e274-8663-4a15-9c4c-c81f650ab979#0:FAIL-t42, f26e10ed-fb17-49e6-a903-eadc130d13d1<-4cc44201-a597-43af-a4ec-5b1b407a6250#0:FAIL-t42] and 0 exception(s); f26e10ed-fb17-49e6-a903-eadc130d13d1@group-83984122B78E:t42, leader=null, voted=f26e10ed-fb17-49e6-a903-eadc130d13d1, raftlog=f26e10ed-fb17-49e6-a903-eadc130d13d1@group-83984122B78E-SegmentedRaftLog:OPENED:c-1,f-1,i0, conf=-1: [4f16e274-8663-4a15-9c4c-c81f650ab979:192.168.157.220:38181, 4cc44201-a597-43af-a4ec-5b1b407a6250:192.168.157.220:36685, f26e10ed-fb17-49e6-a903-eadc130d13d1:192.168.157.220:32806], old=null
2019-10-30 11:52:37,377 [f26e10ed-fb17-49e6-a903-eadc130d13d1@group-83984122B78E-LeaderElection84] INFO  impl.RaftServerImpl (RaftServerImpl.java:setRole(184)) - f26e10ed-fb17-49e6-a903-eadc130d13d1@group-83984122B78E: changes role from CANDIDATE to FOLLOWER at term 42 for DISCOVERED_A_NEW_TERM
2019-10-30 11:52:37,377 [f26e10ed-fb17-49e6-a903-eadc130d13d1@group-83984122B78E-LeaderElection84] INFO  impl.RoleInfo (RoleInfo.java:shutdownLeaderElection(134)) - f26e10ed-fb17-49e6-a903-eadc130d13d1: shutdown LeaderElection
2019-10-30 11:52:37,377 [f26e10ed-fb17-49e6-a903-eadc130d13d1@group-83984122B78E-LeaderElection84] INFO  impl.RoleInfo (RoleInfo.java:updateAndGet(143)) - f26e10ed-fb17-49e6-a903-eadc130d13d1: start FollowerState
2019-10-30 11:52:37,378 [grpc-default-executor-4] INFO  impl.RaftServerImpl (RaftServerImpl.java:setRole(184)) - 9b3ef6c9-0245-4756-bf80-45d41f7a4453@group-F367C8FA5986: changes role from  FOLLOWER to FOLLOWER at term 35 for recognizeCandidate:9dbd5372-55c2-4532-b354-9494d3d545d2
2019-10-30 11:52:37,378 [grpc-default-executor-0] INFO  impl.RaftServerImpl (RaftServerImpl.java:setRole(184)) - cd11b2f5-3187-4d03-bd60-931991550c17@group-F367C8FA5986: changes role from  FOLLOWER to FOLLOWER at term 35 for recognizeCandidate:9dbd5372-55c2-4532-b354-9494d3d545d2
2019-10-30 11:52:37,378 [grpc-default-executor-4] INFO  impl.RoleInfo (RoleInfo.java:shutdownFollowerState(121)) - 9b3ef6c9-0245-4756-bf80-45d41f7a4453: shutdown FollowerState
2019-10-30 11:52:37,378 [grpc-default-executor-0] INFO  impl.RoleInfo (RoleInfo.java:shutdownFollowerState(121)) - cd11b2f5-3187-4d03-bd60-931991550c17: shutdown FollowerState
2019-10-30 11:52:37,378 [grpc-default-executor-0] INFO  impl.RoleInfo (RoleInfo.java:updateAndGet(143)) - cd11b2f5-3187-4d03-bd60-931991550c17: start FollowerState
2019-10-30 11:52:37,378 [Thread-875] INFO  impl.FollowerState (FollowerState.java:run(117)) - 9b3ef6c9-0245-4756-bf80-45d41f7a4453@group-F367C8FA5986-FollowerState was interrupted: java.lang.InterruptedException: sleep interrupted
2019-10-30 11:52:37,378 [grpc-default-executor-4] INFO  impl.RoleInfo (RoleInfo.java:updateAndGet(143)) - 9b3ef6c9-0245-4756-bf80-45d41f7a4453: start FollowerState
2019-10-30 11:52:37,378 [Thread-874] INFO  impl.FollowerState (FollowerState.java:run(117)) - cd11b2f5-3187-4d03-bd60-931991550c17@group-F367C8FA5986-FollowerState was interrupted: java.lang.InterruptedException: sleep interrupted
2019-10-30 11:52:37,388 [9dbd5372-55c2-4532-b354-9494d3d545d2@group-F367C8FA5986-LeaderElection85] INFO  impl.LeaderElection (LeaderElection.java:logAndReturn(56)) - 9dbd5372-55c2-4532-b354-9494d3d545d2@group-F367C8FA5986-LeaderElection85: Election REJECTED; received 2 response(s) [9dbd5372-55c2-4532-b354-9494d3d545d2<-9b3ef6c9-0245-4756-bf80-45d41f7a4453#0:FAIL-t35, 9dbd5372-55c2-4532-b354-9494d3d545d2<-cd11b2f5-3187-4d03-bd60-931991550c17#0:FAIL-t35] and 0 exception(s); 9dbd5372-55c2-4532-b354-9494d3d545d2@group-F367C8FA5986:t35, leader=null, voted=9dbd5372-55c2-4532-b354-9494d3d545d2, raftlog=9dbd5372-55c2-4532-b354-9494d3d545d2@group-F367C8FA5986-SegmentedRaftLog:OPENED:c-1,f-1,i0, conf=-1: [9b3ef6c9-0245-4756-bf80-45d41f7a4453:192.168.157.220:37058, cd11b2f5-3187-4d03-bd60-931991550c17:192.168.157.220:43236, 9dbd5372-55c2-4532-b354-9494d3d545d2:192.168.157.220:42993], old=null
2019-10-30 11:52:37,388 [9dbd5372-55c2-4532-b354-9494d3d545d2@group-F367C8FA5986-LeaderElection85] INFO  impl.RaftServerImpl (RaftServerImpl.java:setRole(184)) - 9dbd5372-55c2-4532-b354-9494d3d545d2@group-F367C8FA5986: changes role from CANDIDATE to FOLLOWER at term 35 for DISCOVERED_A_NEW_TERM
2019-10-30 11:52:37,388 [9dbd5372-55c2-4532-b354-9494d3d545d2@group-F367C8FA5986-LeaderElection85] INFO  impl.RoleInfo (RoleInfo.java:shutdownLeaderElection(134)) - 9dbd5372-55c2-4532-b354-9494d3d545d2: shutdown LeaderElection
2019-10-30 11:52:37,388 [9dbd5372-55c2-4532-b354-9494d3d545d2@group-F367C8FA5986-LeaderElection85] INFO  impl.RoleInfo (RoleInfo.java:updateAndGet(143)) - 9dbd5372-55c2-4532-b354-9494d3d545d2: start FollowerState
2019-10-30 11:52:37,392 [Thread-891] INFO  impl.FollowerState (FollowerState.java:run(108)) - f26e10ed-fb17-49e6-a903-eadc130d13d1@group-83984122B78E-FollowerState: change to CANDIDATE, lastRpcTime:14ms, electionTimeout:14ms
2019-10-30 11:52:37,392 [Thread-891] INFO  impl.RoleInfo (RoleInfo.java:shutdownFollowerState(121)) - f26e10ed-fb17-49e6-a903-eadc130d13d1: shutdown FollowerState
2019-10-30 11:52:37,392 [Thread-891] INFO  impl.RaftServerImpl (RaftServerImpl.java:setRole(184)) - f26e10ed-fb17-49e6-a903-eadc130d13d1@group-83984122B78E: changes role from  FOLLOWER to CANDIDATE at term 42 for changeToCandidate
2019-10-30 11:52:37,392 [Thread-891] INFO  impl.RoleInfo (RoleInfo.java:updateAndGet(143)) - f26e10ed-fb17-49e6-a903-eadc130d13d1: start LeaderElection
2019-10-30 11:52:37,398 [f26e10ed-fb17-49e6-a903-eadc130d13d1@group-83984122B78E-LeaderElection86] INFO  impl.LeaderElection (LeaderElection.java:askForVotes(178)) - f26e10ed-fb17-49e6-a903-eadc130d13d1@group-83984122B78E-LeaderElection86: begin an election at term 43 for -1: [4f16e274-8663-4a15-9c4c-c81f650ab979:192.168.157.220:38181, 4cc44201-a597-43af-a4ec-5b1b407a6250:192.168.157.220:36685, f26e10ed-fb17-49e6-a903-eadc130d13d1:192.168.157.220:32806], old=null
2019-10-30 11:52:37,399 [grpc-default-executor-4] INFO  impl.RaftServerImpl (RaftServerImpl.java:setRole(184)) - 4f16e274-8663-4a15-9c4c-c81f650ab979@group-83984122B78E: changes role from  FOLLOWER to FOLLOWER at term 43 for recognizeCandidate:f26e10ed-fb17-49e6-a903-eadc130d13d1
2019-10-30 11:52:37,399 [grpc-default-executor-0] INFO  impl.RaftServerImpl (RaftServerImpl.java:setRole(184)) - 4cc44201-a597-43af-a4ec-5b1b407a6250@group-83984122B78E: changes role from  FOLLOWER to FOLLOWER at term 43 for recognizeCandidate:f26e10ed-fb17-49e6-a903-eadc130d13d1
2019-10-30 11:52:37,399 [grpc-default-executor-4] INFO  impl.RoleInfo (RoleInfo.java:shutdownFollowerState(121)) - 4f16e274-8663-4a15-9c4c-c81f650ab979: shutdown FollowerState
2019-10-30 11:52:37,399 [grpc-default-executor-0] INFO  impl.RoleInfo (RoleInfo.java:shutdownFollowerState(121)) - 4cc44201-a597-43af-a4ec-5b1b407a6250: shutdown FollowerState
2019-10-30 11:52:37,399 [Thread-887] INFO  impl.FollowerState (FollowerState.java:run(117)) - 4f16e274-8663-4a15-9c4c-c81f650ab979@group-83984122B78E-FollowerState was interrupted: java.lang.InterruptedException: sleep interrupted
2019-10-30 11:52:37,399 [grpc-default-executor-4] INFO  impl.RoleInfo (RoleInfo.java:updateAndGet(143)) - 4f16e274-8663-4a15-9c4c-c81f650ab979: start FollowerState
2019-10-30 11:52:37,399 [Thread-886] INFO  impl.FollowerState (FollowerState.java:run(117)) - 4cc44201-a597-43af-a4ec-5b1b407a6250@group-83984122B78E-FollowerState was interrupted: java.lang.InterruptedException: sleep interrupted
2019-10-30 11:52:37,399 [grpc-default-executor-0] INFO  impl.RoleInfo (RoleInfo.java:updateAndGet(143)) - 4cc44201-a597-43af-a4ec-5b1b407a6250: start FollowerState
2019-10-30 11:52:37,419 [f26e10ed-fb17-49e6-a903-eadc130d13d1@group-83984122B78E-LeaderElection86] INFO  impl.LeaderElection (LeaderElection.java:logAndReturn(56)) - f26e10ed-fb17-49e6-a903-eadc130d13d1@group-83984122B78E-LeaderElection86: Election REJECTED; received 2 response(s) [f26e10ed-fb17-49e6-a903-eadc130d13d1<-4f16e274-8663-4a15-9c4c-c81f650ab979#0:FAIL-t43, f26e10ed-fb17-49e6-a903-eadc130d13d1<-4cc44201-a597-43af-a4ec-5b1b407a6250#0:FAIL-t43] and 0 exception(s); f26e10ed-fb17-49e6-a903-eadc130d13d1@group-83984122B78E:t43, leader=null, voted=f26e10ed-fb17-49e6-a903-eadc130d13d1, raftlog=f26e10ed-fb17-49e6-a903-eadc130d13d1@group-83984122B78E-SegmentedRaftLog:OPENED:c-1,f-1,i0, conf=-1: [4f16e274-8663-4a15-9c4c-c81f650ab979:192.168.157.220:38181, 4cc44201-a597-43af-a4ec-5b1b407a6250:192.168.157.220:36685, f26e10ed-fb17-49e6-a903-eadc130d13d1:192.168.157.220:32806], old=null
2019-10-30 11:52:37,419 [f26e10ed-fb17-49e6-a903-eadc130d13d1@group-83984122B78E-LeaderElection86] INFO  impl.RaftServerImpl (RaftServerImpl.java:setRole(184)) - f26e10ed-fb17-49e6-a903-eadc130d13d1@group-83984122B78E: changes role from CANDIDATE to FOLLOWER at term 43 for DISCOVERED_A_NEW_TERM
2019-10-30 11:52:37,419 [f26e10ed-fb17-49e6-a903-eadc130d13d1@group-83984122B78E-LeaderElection86] INFO  impl.RoleInfo (RoleInfo.java:shutdownLeaderElection(134)) - f26e10ed-fb17-49e6-a903-eadc130d13d1: shutdown LeaderElection
2019-10-30 11:52:37,419 [f26e10ed-fb17-49e6-a903-eadc130d13d1@group-83984122B78E-LeaderElection86] INFO  impl.RoleInfo (RoleInfo.java:updateAndGet(143)) - f26e10ed-fb17-49e6-a903-eadc130d13d1: start FollowerState
2019-10-30 11:52:37,444 [Thread-894] INFO  impl.FollowerState (FollowerState.java:run(108)) - 9dbd5372-55c2-4532-b354-9494d3d545d2@group-F367C8FA5986-FollowerState: change to CANDIDATE, lastRpcTime:55ms, electionTimeout:55ms
2019-10-30 11:52:37,444 [Thread-894] INFO  impl.RoleInfo (RoleInfo.java:shutdownFollowerState(121)) - 9dbd5372-55c2-4532-b354-9494d3d545d2: shutdown FollowerState
2019-10-30 11:52:37,444 [Thread-894] INFO  impl.RaftServerImpl (RaftServerImpl.java:setRole(184)) - 9dbd5372-55c2-4532-b354-9494d3d545d2@group-F367C8FA5986: changes role from  FOLLOWER to CANDIDATE at term 35 for changeToCandidate
2019-10-30 11:52:37,444 [Thread-894] INFO  impl.RoleInfo (RoleInfo.java:updateAndGet(143)) - 9dbd5372-55c2-4532-b354-9494d3d545d2: start LeaderElection
2019-10-30 11:52:37,459 [9dbd5372-55c2-4532-b354-9494d3d545d2@group-F367C8FA5986-LeaderElection87] INFO  impl.LeaderElection (LeaderElection.java:askForVotes(178)) - 9dbd5372-55c2-4532-b354-9494d3d545d2@group-F367C8FA5986-LeaderElection87: begin an election at term 36 for -1: [9b3ef6c9-0245-4756-bf80-45d41f7a4453:192.168.157.220:37058, cd11b2f5-3187-4d03-bd60-931991550c17:192.168.157.220:43236, 9dbd5372-55c2-4532-b354-9494d3d545d2:192.168.157.220:42993], old=null
2019-10-30 11:52:37,461 [grpc-default-executor-4] INFO  impl.RaftServerImpl (RaftServerImpl.java:setRole(184)) - 9b3ef6c9-0245-4756-bf80-45d41f7a4453@group-F367C8FA5986: changes role from  FOLLOWER to FOLLOWER at term 36 for recognizeCandidate:9dbd5372-55c2-4532-b354-9494d3d545d2
2019-10-30 11:52:37,461 [grpc-default-executor-4] INFO  impl.RoleInfo (RoleInfo.java:shutdownFollowerState(121)) - 9b3ef6c9-0245-4756-bf80-45d41f7a4453: shutdown FollowerState
2019-10-30 11:52:37,461 [grpc-default-executor-0] INFO  impl.RaftServerImpl (RaftServerImpl.java:setRole(184)) - cd11b2f5-3187-4d03-bd60-931991550c17@group-F367C8FA5986: changes role from  FOLLOWER to FOLLOWER at term 36 for recognizeCandidate:9dbd5372-55c2-4532-b354-9494d3d545d2
2019-10-30 11:52:37,461 [Thread-892] INFO  impl.FollowerState (FollowerState.java:run(117)) - 9b3ef6c9-0245-4756-bf80-45d41f7a4453@group-F367C8FA5986-FollowerState was interrupted: java.lang.InterruptedException: sleep interrupted
2019-10-30 11:52:37,461 [grpc-default-executor-0] INFO  impl.RoleInfo (RoleInfo.java:shutdownFollowerState(121)) - cd11b2f5-3187-4d03-bd60-931991550c17: shutdown FollowerState
2019-10-30 11:52:37,461 [grpc-default-executor-4] INFO  impl.RoleInfo (RoleInfo.java:updateAndGet(143)) - 9b3ef6c9-0245-4756-bf80-45d41f7a4453: start FollowerState
2019-10-30 11:52:37,461 [Thread-893] INFO  impl.FollowerState (FollowerState.java:run(117)) - cd11b2f5-3187-4d03-bd60-931991550c17@group-F367C8FA5986-FollowerState was interrupted: java.lang.InterruptedException: sleep interrupted
2019-10-30 11:52:37,461 [grpc-default-executor-0] INFO  impl.RoleInfo (RoleInfo.java:updateAndGet(143)) - cd11b2f5-3187-4d03-bd60-931991550c17: start FollowerState
2019-10-30 11:52:37,465 [Thread-901] INFO  impl.FollowerState (FollowerState.java:run(108)) - f26e10ed-fb17-49e6-a903-eadc130d13d1@group-83984122B78E-FollowerState: change to CANDIDATE, lastRpcTime:45ms, electionTimeout:45ms
2019-10-30 11:52:37,465 [Thread-901] INFO  impl.RoleInfo (RoleInfo.java:shutdownFollowerState(121)) - f26e10ed-fb17-49e6-a903-eadc130d13d1: shutdown FollowerState
2019-10-30 11:52:37,465 [Thread-901] INFO  impl.RaftServerImpl (RaftServerImpl.java:setRole(184)) - f26e10ed-fb17-49e6-a903-eadc130d13d1@group-83984122B78E: changes role from  FOLLOWER to CANDIDATE at term 43 for changeToCandidate
2019-10-30 11:52:37,465 [Thread-901] INFO  impl.RoleInfo (RoleInfo.java:updateAndGet(143)) - f26e10ed-fb17-49e6-a903-eadc130d13d1: start LeaderElection
2019-10-30 11:52:37,466 [9dbd5372-55c2-4532-b354-9494d3d545d2@group-F367C8FA5986-LeaderElection87] INFO  impl.LeaderElection (LeaderElection.java:logAndReturn(56)) - 9dbd5372-55c2-4532-b354-9494d3d545d2@group-F367C8FA5986-LeaderElection87: Election REJECTED; received 2 response(s) [9dbd5372-55c2-4532-b354-9494d3d545d2<-9b3ef6c9-0245-4756-bf80-45d41f7a4453#0:FAIL-t36, 9dbd5372-55c2-4532-b354-9494d3d545d2<-cd11b2f5-3187-4d03-bd60-931991550c17#0:FAIL-t36] and 0 exception(s); 9dbd5372-55c2-4532-b354-9494d3d545d2@group-F367C8FA5986:t36, leader=null, voted=9dbd5372-55c2-4532-b354-9494d3d545d2, raftlog=9dbd5372-55c2-4532-b354-9494d3d545d2@group-F367C8FA5986-SegmentedRaftLog:OPENED:c-1,f-1,i0, conf=-1: [9b3ef6c9-0245-4756-bf80-45d41f7a4453:192.168.157.220:37058, cd11b2f5-3187-4d03-bd60-931991550c17:192.168.157.220:43236, 9dbd5372-55c2-4532-b354-9494d3d545d2:192.168.157.220:42993], old=null
2019-10-30 11:52:37,467 [9dbd5372-55c2-4532-b354-9494d3d545d2@group-F367C8FA5986-LeaderElection87] INFO  impl.RaftServerImpl (RaftServerImpl.java:setRole(184)) - 9dbd5372-55c2-4532-b354-9494d3d545d2@group-F367C8FA5986: changes role from CANDIDATE to FOLLOWER at term 36 for DISCOVERED_A_NEW_TERM
2019-10-30 11:52:37,467 [9dbd5372-55c2-4532-b354-9494d3d545d2@group-F367C8FA5986-LeaderElection87] INFO  impl.RoleInfo (RoleInfo.java:shutdownLeaderElection(134)) - 9dbd5372-55c2-4532-b354-9494d3d545d2: shutdown LeaderElection
2019-10-30 11:52:37,467 [9dbd5372-55c2-4532-b354-9494d3d545d2@group-F367C8FA5986-LeaderElection87] INFO  impl.RoleInfo (RoleInfo.java:updateAndGet(143)) - 9dbd5372-55c2-4532-b354-9494d3d545d2: start FollowerState
2019-10-30 11:52:37,469 [f26e10ed-fb17-49e6-a903-eadc130d13d1@group-83984122B78E-LeaderElection88] INFO  impl.LeaderElection (LeaderElection.java:askForVotes(178)) - f26e10ed-fb17-49e6-a903-eadc130d13d1@group-83984122B78E-LeaderElection88: begin an election at term 44 for -1: [4f16e274-8663-4a15-9c4c-c81f650ab979:192.168.157.220:38181, 4cc44201-a597-43af-a4ec-5b1b407a6250:192.168.157.220:36685, f26e10ed-fb17-49e6-a903-eadc130d13d1:192.168.157.220:32806], old=null
2019-10-30 11:52:37,470 [grpc-default-executor-0] INFO  impl.RaftServerImpl (RaftServerImpl.java:setRole(184)) - 4f16e274-8663-4a15-9c4c-c81f650ab979@group-83984122B78E: changes role from  FOLLOWER to FOLLOWER at term 44 for recognizeCandidate:f26e10ed-fb17-49e6-a903-eadc130d13d1
2019-10-30 11:52:37,470 [grpc-default-executor-4] INFO  impl.RaftServerImpl (RaftServerImpl.java:setRole(184)) - 4cc44201-a597-43af-a4ec-5b1b407a6250@group-83984122B78E: changes role from  FOLLOWER to FOLLOWER at term 44 for recognizeCandidate:f26e10ed-fb17-49e6-a903-eadc130d13d1
2019-10-30 11:52:37,470 [grpc-default-executor-0] INFO  impl.RoleInfo (RoleInfo.java:shutdownFollowerState(121)) - 4f16e274-8663-4a15-9c4c-c81f650ab979: shutdown FollowerState
2019-10-30 11:52:37,470 [grpc-default-executor-4] INFO  impl.RoleInfo (RoleInfo.java:shutdownFollowerState(121)) - 4cc44201-a597-43af-a4ec-5b1b407a6250: shutdown FollowerState
2019-10-30 11:52:37,470 [Thread-899] INFO  impl.FollowerState (FollowerState.java:run(117)) - 4f16e274-8663-4a15-9c4c-c81f650ab979@group-83984122B78E-FollowerState was interrupted: java.lang.InterruptedException: sleep interrupted
2019-10-30 11:52:37,470 [grpc-default-executor-0] INFO  impl.RoleInfo (RoleInfo.java:updateAndGet(143)) - 4f16e274-8663-4a15-9c4c-c81f650ab979: start FollowerState
2019-10-30 11:52:37,471 [Thread-900] INFO  impl.FollowerState (FollowerState.java:run(117)) - 4cc44201-a597-43af-a4ec-5b1b407a6250@group-83984122B78E-FollowerState was interrupted: java.lang.InterruptedException: sleep interrupted
2019-10-30 11:52:37,471 [grpc-default-executor-4] INFO  impl.RoleInfo (RoleInfo.java:updateAndGet(143)) - 4cc44201-a597-43af-a4ec-5b1b407a6250: start FollowerState
2019-10-30 11:52:37,478 [f26e10ed-fb17-49e6-a903-eadc130d13d1@group-83984122B78E-LeaderElection88] INFO  impl.LeaderElection (LeaderElection.java:logAndReturn(56)) - f26e10ed-fb17-49e6-a903-eadc130d13d1@group-83984122B78E-LeaderElection88: Election REJECTED; received 2 response(s) [f26e10ed-fb17-49e6-a903-eadc130d13d1<-4f16e274-8663-4a15-9c4c-c81f650ab979#0:FAIL-t44, f26e10ed-fb17-49e6-a903-eadc130d13d1<-4cc44201-a597-43af-a4ec-5b1b407a6250#0:FAIL-t44] and 0 exception(s); f26e10ed-fb17-49e6-a903-eadc130d13d1@group-83984122B78E:t44, leader=null, voted=f26e10ed-fb17-49e6-a903-eadc130d13d1, raftlog=f26e10ed-fb17-49e6-a903-eadc130d13d1@group-83984122B78E-SegmentedRaftLog:OPENED:c-1,f-1,i0, conf=-1: [4f16e274-8663-4a15-9c4c-c81f650ab979:192.168.157.220:38181, 4cc44201-a597-43af-a4ec-5b1b407a6250:192.168.157.220:36685, f26e10ed-fb17-49e6-a903-eadc130d13d1:192.168.157.220:32806], old=null
2019-10-30 11:52:37,478 [f26e10ed-fb17-49e6-a903-eadc130d13d1@group-83984122B78E-LeaderElection88] INFO  impl.RaftServerImpl (RaftServerImpl.java:setRole(184)) - f26e10ed-fb17-49e6-a903-eadc130d13d1@group-83984122B78E: changes role from CANDIDATE to FOLLOWER at term 44 for DISCOVERED_A_NEW_TERM
2019-10-30 11:52:37,479 [f26e10ed-fb17-49e6-a903-eadc130d13d1@group-83984122B78E-LeaderElection88] INFO  impl.RoleInfo (RoleInfo.java:shutdownLeaderElection(134)) - f26e10ed-fb17-49e6-a903-eadc130d13d1: shutdown LeaderElection
2019-10-30 11:52:37,479 [f26e10ed-fb17-49e6-a903-eadc130d13d1@group-83984122B78E-LeaderElection88] INFO  impl.RoleInfo (RoleInfo.java:updateAndGet(143)) - f26e10ed-fb17-49e6-a903-eadc130d13d1: start FollowerState
2019-10-30 11:52:37,564 [Thread-909] INFO  impl.FollowerState (FollowerState.java:run(108)) - 9dbd5372-55c2-4532-b354-9494d3d545d2@group-F367C8FA5986-FollowerState: change to CANDIDATE, lastRpcTime:97ms, electionTimeout:97ms
2019-10-30 11:52:37,564 [Thread-909] INFO  impl.RoleInfo (RoleInfo.java:shutdownFollowerState(121)) - 9dbd5372-55c2-4532-b354-9494d3d545d2: shutdown FollowerState
2019-10-30 11:52:37,564 [Thread-909] INFO  impl.RaftServerImpl (RaftServerImpl.java:setRole(184)) - 9dbd5372-55c2-4532-b354-9494d3d545d2@group-F367C8FA5986: changes role from  FOLLOWER to CANDIDATE at term 36 for changeToCandidate
2019-10-30 11:52:37,564 [Thread-909] INFO  impl.RoleInfo (RoleInfo.java:updateAndGet(143)) - 9dbd5372-55c2-4532-b354-9494d3d545d2: start LeaderElection
2019-10-30 11:52:37,571 [9dbd5372-55c2-4532-b354-9494d3d545d2@group-F367C8FA5986-LeaderElection89] INFO  impl.LeaderElection (LeaderElection.java:askForVotes(178)) - 9dbd5372-55c2-4532-b354-9494d3d545d2@group-F367C8FA5986-LeaderElection89: begin an election at term 37 for -1: [9b3ef6c9-0245-4756-bf80-45d41f7a4453:192.168.157.220:37058, cd11b2f5-3187-4d03-bd60-931991550c17:192.168.157.220:43236, 9dbd5372-55c2-4532-b354-9494d3d545d2:192.168.157.220:42993], old=null
2019-10-30 11:52:37,573 [grpc-default-executor-4] INFO  impl.RaftServerImpl (RaftServerImpl.java:setRole(184)) - 9b3ef6c9-0245-4756-bf80-45d41f7a4453@group-F367C8FA5986: changes role from  FOLLOWER to FOLLOWER at term 37 for recognizeCandidate:9dbd5372-55c2-4532-b354-9494d3d545d2
2019-10-30 11:52:37,573 [grpc-default-executor-4] INFO  impl.RoleInfo (RoleInfo.java:shutdownFollowerState(121)) - 9b3ef6c9-0245-4756-bf80-45d41f7a4453: shutdown FollowerState
2019-10-30 11:52:37,573 [grpc-default-executor-0] INFO  impl.RaftServerImpl (RaftServerImpl.java:setRole(184)) - cd11b2f5-3187-4d03-bd60-931991550c17@group-F367C8FA5986: changes role from  FOLLOWER to FOLLOWER at term 37 for recognizeCandidate:9dbd5372-55c2-4532-b354-9494d3d545d2
2019-10-30 11:52:37,574 [grpc-default-executor-0] INFO  impl.RoleInfo (RoleInfo.java:shutdownFollowerState(121)) - cd11b2f5-3187-4d03-bd60-931991550c17: shutdown FollowerState
2019-10-30 11:52:37,573 [Thread-906] INFO  impl.FollowerState (FollowerState.java:run(117)) - 9b3ef6c9-0245-4756-bf80-45d41f7a4453@group-F367C8FA5986-FollowerState was interrupted: java.lang.InterruptedException: sleep interrupted
2019-10-30 11:52:37,573 [grpc-default-executor-4] INFO  impl.RoleInfo (RoleInfo.java:updateAndGet(143)) - 9b3ef6c9-0245-4756-bf80-45d41f7a4453: start FollowerState
2019-10-30 11:52:37,574 [Thread-907] INFO  impl.FollowerState (FollowerState.java:run(117)) - cd11b2f5-3187-4d03-bd60-931991550c17@group-F367C8FA5986-FollowerState was interrupted: java.lang.InterruptedException: sleep interrupted
2019-10-30 11:52:37,574 [grpc-default-executor-0] INFO  impl.RoleInfo (RoleInfo.java:updateAndGet(143)) - cd11b2f5-3187-4d03-bd60-931991550c17: start FollowerState
2019-10-30 11:52:37,609 [9dbd5372-55c2-4532-b354-9494d3d545d2@group-F367C8FA5986-LeaderElection89] INFO  impl.LeaderElection (LeaderElection.java:logAndReturn(56)) - 9dbd5372-55c2-4532-b354-9494d3d545d2@group-F367C8FA5986-LeaderElection89: Election REJECTED; received 2 response(s) [9dbd5372-55c2-4532-b354-9494d3d545d2<-9b3ef6c9-0245-4756-bf80-45d41f7a4453#0:FAIL-t37, 9dbd5372-55c2-4532-b354-9494d3d545d2<-cd11b2f5-3187-4d03-bd60-931991550c17#0:FAIL-t37] and 0 exception(s); 9dbd5372-55c2-4532-b354-9494d3d545d2@group-F367C8FA5986:t37, leader=null, voted=9dbd5372-55c2-4532-b354-9494d3d545d2, raftlog=9dbd5372-55c2-4532-b354-9494d3d545d2@group-F367C8FA5986-SegmentedRaftLog:OPENED:c-1,f-1,i0, conf=-1: [9b3ef6c9-0245-4756-bf80-45d41f7a4453:192.168.157.220:37058, cd11b2f5-3187-4d03-bd60-931991550c17:192.168.157.220:43236, 9dbd5372-55c2-4532-b354-9494d3d545d2:192.168.157.220:42993], old=null
2019-10-30 11:52:37,609 [9dbd5372-55c2-4532-b354-9494d3d545d2@group-F367C8FA5986-LeaderElection89] INFO  impl.RaftServerImpl (RaftServerImpl.java:setRole(184)) - 9dbd5372-55c2-4532-b354-9494d3d545d2@group-F367C8FA5986: changes role from CANDIDATE to FOLLOWER at term 37 for DISCOVERED_A_NEW_TERM
2019-10-30 11:52:37,609 [9dbd5372-55c2-4532-b354-9494d3d545d2@group-F367C8FA5986-LeaderElection89] INFO  impl.RoleInfo (RoleInfo.java:shutdownLeaderElection(134)) - 9dbd5372-55c2-4532-b354-9494d3d545d2: shutdown LeaderElection
2019-10-30 11:52:37,610 [9dbd5372-55c2-4532-b354-9494d3d545d2@group-F367C8FA5986-LeaderElection89] INFO  impl.RoleInfo (RoleInfo.java:updateAndGet(143)) - 9dbd5372-55c2-4532-b354-9494d3d545d2: start FollowerState
2019-10-30 11:52:37,616 [Thread-914] INFO  impl.FollowerState (FollowerState.java:run(108)) - f26e10ed-fb17-49e6-a903-eadc130d13d1@group-83984122B78E-FollowerState: change to CANDIDATE, lastRpcTime:137ms, electionTimeout:137ms
2019-10-30 11:52:37,616 [Thread-914] INFO  impl.RoleInfo (RoleInfo.java:shutdownFollowerState(121)) - f26e10ed-fb17-49e6-a903-eadc130d13d1: shutdown FollowerState
2019-10-30 11:52:37,616 [Thread-914] INFO  impl.RaftServerImpl (RaftServerImpl.java:setRole(184)) - f26e10ed-fb17-49e6-a903-eadc130d13d1@group-83984122B78E: changes role from  FOLLOWER to CANDIDATE at term 44 for changeToCandidate
2019-10-30 11:52:37,616 [Thread-914] INFO  impl.RoleInfo (RoleInfo.java:updateAndGet(143)) - f26e10ed-fb17-49e6-a903-eadc130d13d1: start LeaderElection
2019-10-30 11:52:37,622 [f26e10ed-fb17-49e6-a903-eadc130d13d1@group-83984122B78E-LeaderElection90] INFO  impl.LeaderElection (LeaderElection.java:askForVotes(178)) - f26e10ed-fb17-49e6-a903-eadc130d13d1@group-83984122B78E-LeaderElection90: begin an election at term 45 for -1: [4f16e274-8663-4a15-9c4c-c81f650ab979:192.168.157.220:38181, 4cc44201-a597-43af-a4ec-5b1b407a6250:192.168.157.220:36685, f26e10ed-fb17-49e6-a903-eadc130d13d1:192.168.157.220:32806], old=null
2019-10-30 11:52:37,624 [grpc-default-executor-4] INFO  impl.RaftServerImpl (RaftServerImpl.java:setRole(184)) - 4f16e274-8663-4a15-9c4c-c81f650ab979@group-83984122B78E: changes role from  FOLLOWER to FOLLOWER at term 45 for recognizeCandidate:f26e10ed-fb17-49e6-a903-eadc130d13d1
2019-10-30 11:52:37,624 [grpc-default-executor-0] INFO  impl.RaftServerImpl (RaftServerImpl.java:setRole(184)) - 4cc44201-a597-43af-a4ec-5b1b407a6250@group-83984122B78E: changes role from  FOLLOWER to FOLLOWER at term 45 for recognizeCandidate:f26e10ed-fb17-49e6-a903-eadc130d13d1
2019-10-30 11:52:37,624 [grpc-default-executor-4] INFO  impl.RoleInfo (RoleInfo.java:shutdownFollowerState(121)) - 4f16e274-8663-4a15-9c4c-c81f650ab979: shutdown FollowerState
2019-10-30 11:52:37,624 [grpc-default-executor-0] INFO  impl.RoleInfo (RoleInfo.java:shutdownFollowerState(121)) - 4cc44201-a597-43af-a4ec-5b1b407a6250: shutdown FollowerState
2019-10-30 11:52:37,624 [grpc-default-executor-4] INFO  impl.RoleInfo (RoleInfo.java:updateAndGet(143)) - 4f16e274-8663-4a15-9c4c-c81f650ab979: start FollowerState
2019-10-30 11:52:37,625 [grpc-default-executor-0] INFO  impl.RoleInfo (RoleInfo.java:updateAndGet(143)) - 4cc44201-a597-43af-a4ec-5b1b407a6250: start FollowerState
2019-10-30 11:52:37,625 [Thread-913] INFO  impl.FollowerState (FollowerState.java:run(117)) - 4cc44201-a597-43af-a4ec-5b1b407a6250@group-83984122B78E-FollowerState was interrupted: java.lang.InterruptedException: sleep interrupted
2019-10-30 11:52:37,625 [Thread-912] INFO  impl.FollowerState (FollowerState.java:run(117)) - 4f16e274-8663-4a15-9c4c-c81f650ab979@group-83984122B78E-FollowerState was interrupted: java.lang.InterruptedException: sleep interrupted
2019-10-30 11:52:37,638 [f26e10ed-fb17-49e6-a903-eadc130d13d1@group-83984122B78E-LeaderElection90] INFO  impl.LeaderElection (LeaderElection.java:logAndReturn(56)) - f26e10ed-fb17-49e6-a903-eadc130d13d1@group-83984122B78E-LeaderElection90: Election REJECTED; received 2 response(s) [f26e10ed-fb17-49e6-a903-eadc130d13d1<-4f16e274-8663-4a15-9c4c-c81f650ab979#0:FAIL-t45, f26e10ed-fb17-49e6-a903-eadc130d13d1<-4cc44201-a597-43af-a4ec-5b1b407a6250#0:FAIL-t45] and 0 exception(s); f26e10ed-fb17-49e6-a903-eadc130d13d1@group-83984122B78E:t45, leader=null, voted=f26e10ed-fb17-49e6-a903-eadc130d13d1, raftlog=f26e10ed-fb17-49e6-a903-eadc130d13d1@group-83984122B78E-SegmentedRaftLog:OPENED:c-1,f-1,i0, conf=-1: [4f16e274-8663-4a15-9c4c-c81f650ab979:192.168.157.220:38181, 4cc44201-a597-43af-a4ec-5b1b407a6250:192.168.157.220:36685, f26e10ed-fb17-49e6-a903-eadc130d13d1:192.168.157.220:32806], old=null
2019-10-30 11:52:37,638 [f26e10ed-fb17-49e6-a903-eadc130d13d1@group-83984122B78E-LeaderElection90] INFO  impl.RaftServerImpl (RaftServerImpl.java:setRole(184)) - f26e10ed-fb17-49e6-a903-eadc130d13d1@group-83984122B78E: changes role from CANDIDATE to FOLLOWER at term 45 for DISCOVERED_A_NEW_TERM
2019-10-30 11:52:37,638 [f26e10ed-fb17-49e6-a903-eadc130d13d1@group-83984122B78E-LeaderElection90] INFO  impl.RoleInfo (RoleInfo.java:shutdownLeaderElection(134)) - f26e10ed-fb17-49e6-a903-eadc130d13d1: shutdown LeaderElection
2019-10-30 11:52:37,638 [f26e10ed-fb17-49e6-a903-eadc130d13d1@group-83984122B78E-LeaderElection90] INFO  impl.RoleInfo (RoleInfo.java:updateAndGet(143)) - f26e10ed-fb17-49e6-a903-eadc130d13d1: start FollowerState
2019-10-30 11:52:37,710 [Thread-926] INFO  impl.FollowerState (FollowerState.java:run(108)) - f26e10ed-fb17-49e6-a903-eadc130d13d1@group-83984122B78E-FollowerState: change to CANDIDATE, lastRpcTime:71ms, electionTimeout:71ms
2019-10-30 11:52:37,710 [Thread-926] INFO  impl.RoleInfo (RoleInfo.java:shutdownFollowerState(121)) - f26e10ed-fb17-49e6-a903-eadc130d13d1: shutdown FollowerState
2019-10-30 11:52:37,710 [Thread-926] INFO  impl.RaftServerImpl (RaftServerImpl.java:setRole(184)) - f26e10ed-fb17-49e6-a903-eadc130d13d1@group-83984122B78E: changes role from  FOLLOWER to CANDIDATE at term 45 for changeToCandidate
2019-10-30 11:52:37,710 [Thread-926] INFO  impl.RoleInfo (RoleInfo.java:updateAndGet(143)) - f26e10ed-fb17-49e6-a903-eadc130d13d1: start LeaderElection
2019-10-30 11:52:37,723 [f26e10ed-fb17-49e6-a903-eadc130d13d1@group-83984122B78E-LeaderElection91] INFO  impl.LeaderElection (LeaderElection.java:askForVotes(178)) - f26e10ed-fb17-49e6-a903-eadc130d13d1@group-83984122B78E-LeaderElection91: begin an election at term 46 for -1: [4f16e274-8663-4a15-9c4c-c81f650ab979:192.168.157.220:38181, 4cc44201-a597-43af-a4ec-5b1b407a6250:192.168.157.220:36685, f26e10ed-fb17-49e6-a903-eadc130d13d1:192.168.157.220:32806], old=null
2019-10-30 11:52:37,725 [grpc-default-executor-0] INFO  impl.RaftServerImpl (RaftServerImpl.java:setRole(184)) - 4cc44201-a597-43af-a4ec-5b1b407a6250@group-83984122B78E: changes role from  FOLLOWER to FOLLOWER at term 46 for recognizeCandidate:f26e10ed-fb17-49e6-a903-eadc130d13d1
2019-10-30 11:52:37,726 [grpc-default-executor-0] INFO  impl.RoleInfo (RoleInfo.java:shutdownFollowerState(121)) - 4cc44201-a597-43af-a4ec-5b1b407a6250: shutdown FollowerState
2019-10-30 11:52:37,726 [grpc-default-executor-0] INFO  impl.RoleInfo (RoleInfo.java:updateAndGet(143)) - 4cc44201-a597-43af-a4ec-5b1b407a6250: start FollowerState
2019-10-30 11:52:37,726 [Thread-925] INFO  impl.FollowerState (FollowerState.java:run(117)) - 4cc44201-a597-43af-a4ec-5b1b407a6250@group-83984122B78E-FollowerState was interrupted: java.lang.InterruptedException: sleep interrupted
2019-10-30 11:52:37,726 [grpc-default-executor-4] INFO  impl.RaftServerImpl (RaftServerImpl.java:setRole(184)) - 4f16e274-8663-4a15-9c4c-c81f650ab979@group-83984122B78E: changes role from  FOLLOWER to FOLLOWER at term 46 for recognizeCandidate:f26e10ed-fb17-49e6-a903-eadc130d13d1
2019-10-30 11:52:37,726 [grpc-default-executor-4] INFO  impl.RoleInfo (RoleInfo.java:shutdownFollowerState(121)) - 4f16e274-8663-4a15-9c4c-c81f650ab979: shutdown FollowerState
2019-10-30 11:52:37,727 [grpc-default-executor-4] INFO  impl.RoleInfo (RoleInfo.java:updateAndGet(143)) - 4f16e274-8663-4a15-9c4c-c81f650ab979: start FollowerState
2019-10-30 11:52:37,727 [Thread-924] INFO  impl.FollowerState (FollowerState.java:run(117)) - 4f16e274-8663-4a15-9c4c-c81f650ab979@group-83984122B78E-FollowerState was interrupted: java.lang.InterruptedException: sleep interrupted
2019-10-30 11:52:37,732 [Thread-920] INFO  impl.FollowerState (FollowerState.java:run(108)) - 9dbd5372-55c2-4532-b354-9494d3d545d2@group-F367C8FA5986-FollowerState: change to CANDIDATE, lastRpcTime:122ms, electionTimeout:122ms
2019-10-30 11:52:37,732 [Thread-920] INFO  impl.RoleInfo (RoleInfo.java:shutdownFollowerState(121)) - 9dbd5372-55c2-4532-b354-9494d3d545d2: shutdown FollowerState
2019-10-30 11:52:37,732 [Thread-920] INFO  impl.RaftServerImpl (RaftServerImpl.java:setRole(184)) - 9dbd5372-55c2-4532-b354-9494d3d545d2@group-F367C8FA5986: changes role from  FOLLOWER to CANDIDATE at term 37 for changeToCandidate
2019-10-30 11:52:37,732 [Thread-920] INFO  impl.RoleInfo (RoleInfo.java:updateAndGet(143)) - 9dbd5372-55c2-4532-b354-9494d3d545d2: start LeaderElection
2019-10-30 11:52:37,736 [f26e10ed-fb17-49e6-a903-eadc130d13d1@group-83984122B78E-LeaderElection91] INFO  impl.LeaderElection (LeaderElection.java:logAndReturn(56)) - f26e10ed-fb17-49e6-a903-eadc130d13d1@group-83984122B78E-LeaderElection91: Election TIMEOUT; received 0 response(s) [] and 0 exception(s); f26e10ed-fb17-49e6-a903-eadc130d13d1@group-83984122B78E:t46, leader=null, voted=f26e10ed-fb17-49e6-a903-eadc130d13d1, raftlog=f26e10ed-fb17-49e6-a903-eadc130d13d1@group-83984122B78E-SegmentedRaftLog:OPENED:c-1,f-1,i0, conf=-1: [4f16e274-8663-4a15-9c4c-c81f650ab979:192.168.157.220:38181, 4cc44201-a597-43af-a4ec-5b1b407a6250:192.168.157.220:36685, f26e10ed-fb17-49e6-a903-eadc130d13d1:192.168.157.220:32806], old=null
2019-10-30 11:52:37,761 [9dbd5372-55c2-4532-b354-9494d3d545d2@group-F367C8FA5986-LeaderElection92] INFO  impl.LeaderElection (LeaderElection.java:askForVotes(178)) - 9dbd5372-55c2-4532-b354-9494d3d545d2@group-F367C8FA5986-LeaderElection92: begin an election at term 38 for -1: [9b3ef6c9-0245-4756-bf80-45d41f7a4453:192.168.157.220:37058, cd11b2f5-3187-4d03-bd60-931991550c17:192.168.157.220:43236, 9dbd5372-55c2-4532-b354-9494d3d545d2:192.168.157.220:42993], old=null
2019-10-30 11:52:37,761 [f26e10ed-fb17-49e6-a903-eadc130d13d1@group-83984122B78E-LeaderElection91] INFO  impl.LeaderElection (LeaderElection.java:askForVotes(178)) - f26e10ed-fb17-49e6-a903-eadc130d13d1@group-83984122B78E-LeaderElection91: begin an election at term 47 for -1: [4f16e274-8663-4a15-9c4c-c81f650ab979:192.168.157.220:38181, 4cc44201-a597-43af-a4ec-5b1b407a6250:192.168.157.220:36685, f26e10ed-fb17-49e6-a903-eadc130d13d1:192.168.157.220:32806], old=null
2019-10-30 11:52:37,763 [grpc-default-executor-8] INFO  impl.RaftServerImpl (RaftServerImpl.java:setRole(184)) - 4cc44201-a597-43af-a4ec-5b1b407a6250@group-83984122B78E: changes role from  FOLLOWER to FOLLOWER at term 47 for recognizeCandidate:f26e10ed-fb17-49e6-a903-eadc130d13d1
2019-10-30 11:52:37,763 [grpc-default-executor-8] INFO  impl.RoleInfo (RoleInfo.java:shutdownFollowerState(121)) - 4cc44201-a597-43af-a4ec-5b1b407a6250: shutdown FollowerState
2019-10-30 11:52:37,763 [grpc-default-executor-9] INFO  impl.RaftServerImpl (RaftServerImpl.java:setRole(184)) - cd11b2f5-3187-4d03-bd60-931991550c17@group-F367C8FA5986: changes role from  FOLLOWER to FOLLOWER at term 38 for recognizeCandidate:9dbd5372-55c2-4532-b354-9494d3d545d2
2019-10-30 11:52:37,763 [grpc-default-executor-4] INFO  impl.RaftServerImpl (RaftServerImpl.java:setRole(184)) - 9b3ef6c9-0245-4756-bf80-45d41f7a4453@group-F367C8FA5986: changes role from  FOLLOWER to FOLLOWER at term 38 for recognizeCandidate:9dbd5372-55c2-4532-b354-9494d3d545d2
2019-10-30 11:52:37,763 [grpc-default-executor-0] INFO  impl.RaftServerImpl (RaftServerImpl.java:setRole(184)) - 4f16e274-8663-4a15-9c4c-c81f650ab979@group-83984122B78E: changes role from  FOLLOWER to FOLLOWER at term 47 for recognizeCandidate:f26e10ed-fb17-49e6-a903-eadc130d13d1
2019-10-30 11:52:37,764 [grpc-default-executor-4] INFO  impl.RoleInfo (RoleInfo.java:shutdownFollowerState(121)) - 9b3ef6c9-0245-4756-bf80-45d41f7a4453: shutdown FollowerState
2019-10-30 11:52:37,763 [grpc-default-executor-9] INFO  impl.RoleInfo (RoleInfo.java:shutdownFollowerState(121)) - cd11b2f5-3187-4d03-bd60-931991550c17: shutdown FollowerState
2019-10-30 11:52:37,763 [Thread-930] INFO  impl.FollowerState (FollowerState.java:run(117)) - 4cc44201-a597-43af-a4ec-5b1b407a6250@group-83984122B78E-FollowerState was interrupted: java.lang.InterruptedException: sleep interrupted
2019-10-30 11:52:37,763 [grpc-default-executor-8] INFO  impl.RoleInfo (RoleInfo.java:updateAndGet(143)) - 4cc44201-a597-43af-a4ec-5b1b407a6250: start FollowerState
2019-10-30 11:52:37,764 [grpc-default-executor-9] INFO  impl.RoleInfo (RoleInfo.java:updateAndGet(143)) - cd11b2f5-3187-4d03-bd60-931991550c17: start FollowerState
2019-10-30 11:52:37,764 [Thread-918] INFO  impl.FollowerState (FollowerState.java:run(117)) - 9b3ef6c9-0245-4756-bf80-45d41f7a4453@group-F367C8FA5986-FollowerState was interrupted: java.lang.InterruptedException: sleep interrupted
2019-10-30 11:52:37,764 [grpc-default-executor-4] INFO  impl.RoleInfo (RoleInfo.java:updateAndGet(143)) - 9b3ef6c9-0245-4756-bf80-45d41f7a4453: start FollowerState
2019-10-30 11:52:37,764 [grpc-default-executor-0] INFO  impl.RoleInfo (RoleInfo.java:shutdownFollowerState(121)) - 4f16e274-8663-4a15-9c4c-c81f650ab979: shutdown FollowerState
2019-10-30 11:52:37,765 [Thread-919] INFO  impl.FollowerState (FollowerState.java:run(117)) - cd11b2f5-3187-4d03-bd60-931991550c17@group-F367C8FA5986-FollowerState was interrupted: java.lang.InterruptedException: sleep interrupted
2019-10-30 11:52:37,765 [Thread-931] INFO  impl.FollowerState (FollowerState.java:run(117)) - 4f16e274-8663-4a15-9c4c-c81f650ab979@group-83984122B78E-FollowerState was interrupted: java.lang.InterruptedException: sleep interrupted
2019-10-30 11:52:37,765 [grpc-default-executor-0] INFO  impl.RoleInfo (RoleInfo.java:updateAndGet(143)) - 4f16e274-8663-4a15-9c4c-c81f650ab979: start FollowerState
2019-10-30 11:52:37,775 [f26e10ed-fb17-49e6-a903-eadc130d13d1@group-83984122B78E-LeaderElection91] INFO  impl.LeaderElection (LeaderElection.java:logAndReturn(56)) - f26e10ed-fb17-49e6-a903-eadc130d13d1@group-83984122B78E-LeaderElection91: Election REJECTED; received 2 response(s) [f26e10ed-fb17-49e6-a903-eadc130d13d1<-4f16e274-8663-4a15-9c4c-c81f650ab979#0:FAIL-t47, f26e10ed-fb17-49e6-a903-eadc130d13d1<-4cc44201-a597-43af-a4ec-5b1b407a6250#0:FAIL-t47] and 0 exception(s); f26e10ed-fb17-49e6-a903-eadc130d13d1@group-83984122B78E:t47, leader=null, voted=f26e10ed-fb17-49e6-a903-eadc130d13d1, raftlog=f26e10ed-fb17-49e6-a903-eadc130d13d1@group-83984122B78E-SegmentedRaftLog:OPENED:c-1,f-1,i0, conf=-1: [4f16e274-8663-4a15-9c4c-c81f650ab979:192.168.157.220:38181, 4cc44201-a597-43af-a4ec-5b1b407a6250:192.168.157.220:36685, f26e10ed-fb17-49e6-a903-eadc130d13d1:192.168.157.220:32806], old=null
2019-10-30 11:52:37,775 [f26e10ed-fb17-49e6-a903-eadc130d13d1@group-83984122B78E-LeaderElection91] INFO  impl.RaftServerImpl (RaftServerImpl.java:setRole(184)) - f26e10ed-fb17-49e6-a903-eadc130d13d1@group-83984122B78E: changes role from CANDIDATE to FOLLOWER at term 47 for DISCOVERED_A_NEW_TERM
2019-10-30 11:52:37,775 [f26e10ed-fb17-49e6-a903-eadc130d13d1@group-83984122B78E-LeaderElection91] INFO  impl.RoleInfo (RoleInfo.java:shutdownLeaderElection(134)) - f26e10ed-fb17-49e6-a903-eadc130d13d1: shutdown LeaderElection
2019-10-30 11:52:37,775 [f26e10ed-fb17-49e6-a903-eadc130d13d1@group-83984122B78E-LeaderElection91] INFO  impl.RoleInfo (RoleInfo.java:updateAndGet(143)) - f26e10ed-fb17-49e6-a903-eadc130d13d1: start FollowerState
2019-10-30 11:52:37,775 [9dbd5372-55c2-4532-b354-9494d3d545d2@group-F367C8FA5986-LeaderElection92] INFO  impl.LeaderElection (LeaderElection.java:logAndReturn(56)) - 9dbd5372-55c2-4532-b354-9494d3d545d2@group-F367C8FA5986-LeaderElection92: Election REJECTED; received 2 response(s) [9dbd5372-55c2-4532-b354-9494d3d545d2<-9b3ef6c9-0245-4756-bf80-45d41f7a4453#0:FAIL-t38, 9dbd5372-55c2-4532-b354-9494d3d545d2<-cd11b2f5-3187-4d03-bd60-931991550c17#0:FAIL-t38] and 0 exception(s); 9dbd5372-55c2-4532-b354-9494d3d545d2@group-F367C8FA5986:t38, leader=null, voted=9dbd5372-55c2-4532-b354-9494d3d545d2, raftlog=9dbd5372-55c2-4532-b354-9494d3d545d2@group-F367C8FA5986-SegmentedRaftLog:OPENED:c-1,f-1,i0, conf=-1: [9b3ef6c9-0245-4756-bf80-45d41f7a4453:192.168.157.220:37058, cd11b2f5-3187-4d03-bd60-931991550c17:192.168.157.220:43236, 9dbd5372-55c2-4532-b354-9494d3d545d2:192.168.157.220:42993], old=null
2019-10-30 11:52:37,775 [9dbd5372-55c2-4532-b354-9494d3d545d2@group-F367C8FA5986-LeaderElection92] INFO  impl.RaftServerImpl (RaftServerImpl.java:setRole(184)) - 9dbd5372-55c2-4532-b354-9494d3d545d2@group-F367C8FA5986: changes role from CANDIDATE to FOLLOWER at term 38 for DISCOVERED_A_NEW_TERM
2019-10-30 11:52:37,775 [9dbd5372-55c2-4532-b354-9494d3d545d2@group-F367C8FA5986-LeaderElection92] INFO  impl.RoleInfo (RoleInfo.java:shutdownLeaderElection(134)) - 9dbd5372-55c2-4532-b354-9494d3d545d2: shutdown LeaderElection
2019-10-30 11:52:37,775 [9dbd5372-55c2-4532-b354-9494d3d545d2@group-F367C8FA5986-LeaderElection92] INFO  impl.RoleInfo (RoleInfo.java:updateAndGet(143)) - 9dbd5372-55c2-4532-b354-9494d3d545d2: start FollowerState
2019-10-30 11:52:37,796 [Thread-941] INFO  impl.FollowerState (FollowerState.java:run(108)) - f26e10ed-fb17-49e6-a903-eadc130d13d1@group-83984122B78E-FollowerState: change to CANDIDATE, lastRpcTime:21ms, electionTimeout:21ms
2019-10-30 11:52:37,797 [Thread-941] INFO  impl.RoleInfo (RoleInfo.java:shutdownFollowerState(121)) - f26e10ed-fb17-49e6-a903-eadc130d13d1: shutdown FollowerState
2019-10-30 11:52:37,797 [Thread-941] INFO  impl.RaftServerImpl (RaftServerImpl.java:setRole(184)) - f26e10ed-fb17-49e6-a903-eadc130d13d1@group-83984122B78E: changes role from  FOLLOWER to CANDIDATE at term 47 for changeToCandidate
2019-10-30 11:52:37,800 [Thread-941] INFO  impl.RoleInfo (RoleInfo.java:updateAndGet(143)) - f26e10ed-fb17-49e6-a903-eadc130d13d1: start LeaderElection
2019-10-30 11:52:37,806 [f26e10ed-fb17-49e6-a903-eadc130d13d1@group-83984122B78E-LeaderElection93] INFO  impl.LeaderElection (LeaderElection.java:askForVotes(178)) - f26e10ed-fb17-49e6-a903-eadc130d13d1@group-83984122B78E-LeaderElection93: begin an election at term 48 for -1: [4f16e274-8663-4a15-9c4c-c81f650ab979:192.168.157.220:38181, 4cc44201-a597-43af-a4ec-5b1b407a6250:192.168.157.220:36685, f26e10ed-fb17-49e6-a903-eadc130d13d1:192.168.157.220:32806], old=null
2019-10-30 11:52:37,812 [grpc-default-executor-8] INFO  impl.RaftServerImpl (RaftServerImpl.java:setRole(184)) - 4cc44201-a597-43af-a4ec-5b1b407a6250@group-83984122B78E: changes role from  FOLLOWER to FOLLOWER at term 48 for recognizeCandidate:f26e10ed-fb17-49e6-a903-eadc130d13d1
2019-10-30 11:52:37,812 [grpc-default-executor-0] INFO  impl.RaftServerImpl (RaftServerImpl.java:setRole(184)) - 4f16e274-8663-4a15-9c4c-c81f650ab979@group-83984122B78E: changes role from  FOLLOWER to FOLLOWER at term 48 for recognizeCandidate:f26e10ed-fb17-49e6-a903-eadc130d13d1
2019-10-30 11:52:37,814 [grpc-default-executor-8] INFO  impl.RoleInfo (RoleInfo.java:shutdownFollowerState(121)) - 4cc44201-a597-43af-a4ec-5b1b407a6250: shutdown FollowerState
2019-10-30 11:52:37,814 [grpc-default-executor-0] INFO  impl.RoleInfo (RoleInfo.java:shutdownFollowerState(121)) - 4f16e274-8663-4a15-9c4c-c81f650ab979: shutdown FollowerState
2019-10-30 11:52:37,814 [Thread-937] INFO  impl.FollowerState (FollowerState.java:run(117)) - 4cc44201-a597-43af-a4ec-5b1b407a6250@group-83984122B78E-FollowerState was interrupted: java.lang.InterruptedException: sleep interrupted
2019-10-30 11:52:37,814 [grpc-default-executor-8] INFO  impl.RoleInfo (RoleInfo.java:updateAndGet(143)) - 4cc44201-a597-43af-a4ec-5b1b407a6250: start FollowerState
2019-10-30 11:52:37,814 [Thread-940] INFO  impl.FollowerState (FollowerState.java:run(117)) - 4f16e274-8663-4a15-9c4c-c81f650ab979@group-83984122B78E-FollowerState was interrupted: java.lang.InterruptedException: sleep interrupted
2019-10-30 11:52:37,814 [grpc-default-executor-0] INFO  impl.RoleInfo (RoleInfo.java:updateAndGet(143)) - 4f16e274-8663-4a15-9c4c-c81f650ab979: start FollowerState
2019-10-30 11:52:37,834 [f26e10ed-fb17-49e6-a903-eadc130d13d1@group-83984122B78E-LeaderElection93] INFO  impl.LeaderElection (LeaderElection.java:logAndReturn(56)) - f26e10ed-fb17-49e6-a903-eadc130d13d1@group-83984122B78E-LeaderElection93: Election REJECTED; received 2 response(s) [f26e10ed-fb17-49e6-a903-eadc130d13d1<-4f16e274-8663-4a15-9c4c-c81f650ab979#0:FAIL-t48, f26e10ed-fb17-49e6-a903-eadc130d13d1<-4cc44201-a597-43af-a4ec-5b1b407a6250#0:FAIL-t48] and 0 exception(s); f26e10ed-fb17-49e6-a903-eadc130d13d1@group-83984122B78E:t48, leader=null, voted=f26e10ed-fb17-49e6-a903-eadc130d13d1, raftlog=f26e10ed-fb17-49e6-a903-eadc130d13d1@group-83984122B78E-SegmentedRaftLog:OPENED:c-1,f-1,i0, conf=-1: [4f16e274-8663-4a15-9c4c-c81f650ab979:192.168.157.220:38181, 4cc44201-a597-43af-a4ec-5b1b407a6250:192.168.157.220:36685, f26e10ed-fb17-49e6-a903-eadc130d13d1:192.168.157.220:32806], old=null
2019-10-30 11:52:37,834 [f26e10ed-fb17-49e6-a903-eadc130d13d1@group-83984122B78E-LeaderElection93] INFO  impl.RaftServerImpl (RaftServerImpl.java:setRole(184)) - f26e10ed-fb17-49e6-a903-eadc130d13d1@group-83984122B78E: changes role from CANDIDATE to FOLLOWER at term 48 for DISCOVERED_A_NEW_TERM
2019-10-30 11:52:37,834 [f26e10ed-fb17-49e6-a903-eadc130d13d1@group-83984122B78E-LeaderElection93] INFO  impl.RoleInfo (RoleInfo.java:shutdownLeaderElection(134)) - f26e10ed-fb17-49e6-a903-eadc130d13d1: shutdown LeaderElection
2019-10-30 11:52:37,834 [f26e10ed-fb17-49e6-a903-eadc130d13d1@group-83984122B78E-LeaderElection93] INFO  impl.RoleInfo (RoleInfo.java:updateAndGet(143)) - f26e10ed-fb17-49e6-a903-eadc130d13d1: start FollowerState
2019-10-30 11:52:37,953 [Thread-942] INFO  impl.FollowerState (FollowerState.java:run(108)) - 9dbd5372-55c2-4532-b354-9494d3d545d2@group-F367C8FA5986-FollowerState: change to CANDIDATE, lastRpcTime:177ms, electionTimeout:177ms
2019-10-30 11:52:37,953 [Thread-942] INFO  impl.RoleInfo (RoleInfo.java:shutdownFollowerState(121)) - 9dbd5372-55c2-4532-b354-9494d3d545d2: shutdown FollowerState
2019-10-30 11:52:37,953 [Thread-942] INFO  impl.RaftServerImpl (RaftServerImpl.java:setRole(184)) - 9dbd5372-55c2-4532-b354-9494d3d545d2@group-F367C8FA5986: changes role from  FOLLOWER to CANDIDATE at term 38 for changeToCandidate
2019-10-30 11:52:37,953 [Thread-942] INFO  impl.RoleInfo (RoleInfo.java:updateAndGet(143)) - 9dbd5372-55c2-4532-b354-9494d3d545d2: start LeaderElection
2019-10-30 11:52:37,959 [9dbd5372-55c2-4532-b354-9494d3d545d2@group-F367C8FA5986-LeaderElection94] INFO  impl.LeaderElection (LeaderElection.java:askForVotes(178)) - 9dbd5372-55c2-4532-b354-9494d3d545d2@group-F367C8FA5986-LeaderElection94: begin an election at term 39 for -1: [9b3ef6c9-0245-4756-bf80-45d41f7a4453:192.168.157.220:37058, cd11b2f5-3187-4d03-bd60-931991550c17:192.168.157.220:43236, 9dbd5372-55c2-4532-b354-9494d3d545d2:192.168.157.220:42993], old=null
2019-10-30 11:52:37,961 [grpc-default-executor-8] INFO  impl.RaftServerImpl (RaftServerImpl.java:setRole(184)) - 9b3ef6c9-0245-4756-bf80-45d41f7a4453@group-F367C8FA5986: changes role from  FOLLOWER to FOLLOWER at term 39 for recognizeCandidate:9dbd5372-55c2-4532-b354-9494d3d545d2
2019-10-30 11:52:37,961 [grpc-default-executor-0] INFO  impl.RaftServerImpl (RaftServerImpl.java:setRole(184)) - cd11b2f5-3187-4d03-bd60-931991550c17@group-F367C8FA5986: changes role from  FOLLOWER to FOLLOWER at term 39 for recognizeCandidate:9dbd5372-55c2-4532-b354-9494d3d545d2
2019-10-30 11:52:37,961 [grpc-default-executor-8] INFO  impl.RoleInfo (RoleInfo.java:shutdownFollowerState(121)) - 9b3ef6c9-0245-4756-bf80-45d41f7a4453: shutdown FollowerState
2019-10-30 11:52:37,961 [grpc-default-executor-0] INFO  impl.RoleInfo (RoleInfo.java:shutdownFollowerState(121)) - cd11b2f5-3187-4d03-bd60-931991550c17: shutdown FollowerState
2019-10-30 11:52:37,961 [grpc-default-executor-8] INFO  impl.RoleInfo (RoleInfo.java:updateAndGet(143)) - 9b3ef6c9-0245-4756-bf80-45d41f7a4453: start FollowerState
2019-10-30 11:52:37,961 [Thread-939] INFO  impl.FollowerState (FollowerState.java:run(117)) - cd11b2f5-3187-4d03-bd60-931991550c17@group-F367C8FA5986-FollowerState was interrupted: java.lang.InterruptedException: sleep interrupted
2019-10-30 11:52:37,961 [grpc-default-executor-0] INFO  impl.RoleInfo (RoleInfo.java:updateAndGet(143)) - cd11b2f5-3187-4d03-bd60-931991550c17: start FollowerState
2019-10-30 11:52:37,962 [Thread-938] INFO  impl.FollowerState (FollowerState.java:run(117)) - 9b3ef6c9-0245-4756-bf80-45d41f7a4453@group-F367C8FA5986-FollowerState was interrupted: java.lang.InterruptedException: sleep interrupted
2019-10-30 11:52:37,977 [9dbd5372-55c2-4532-b354-9494d3d545d2@group-F367C8FA5986-LeaderElection94] INFO  impl.LeaderElection (LeaderElection.java:logAndReturn(56)) - 9dbd5372-55c2-4532-b354-9494d3d545d2@group-F367C8FA5986-LeaderElection94: Election REJECTED; received 2 response(s) [9dbd5372-55c2-4532-b354-9494d3d545d2<-9b3ef6c9-0245-4756-bf80-45d41f7a4453#0:FAIL-t39, 9dbd5372-55c2-4532-b354-9494d3d545d2<-cd11b2f5-3187-4d03-bd60-931991550c17#0:FAIL-t39] and 0 exception(s); 9dbd5372-55c2-4532-b354-9494d3d545d2@group-F367C8FA5986:t39, leader=null, voted=9dbd5372-55c2-4532-b354-9494d3d545d2, raftlog=9dbd5372-55c2-4532-b354-9494d3d545d2@group-F367C8FA5986-SegmentedRaftLog:OPENED:c-1,f-1,i0, conf=-1: [9b3ef6c9-0245-4756-bf80-45d41f7a4453:192.168.157.220:37058, cd11b2f5-3187-4d03-bd60-931991550c17:192.168.157.220:43236, 9dbd5372-55c2-4532-b354-9494d3d545d2:192.168.157.220:42993], old=null
2019-10-30 11:52:37,977 [9dbd5372-55c2-4532-b354-9494d3d545d2@group-F367C8FA5986-LeaderElection94] INFO  impl.RaftServerImpl (RaftServerImpl.java:setRole(184)) - 9dbd5372-55c2-4532-b354-9494d3d545d2@group-F367C8FA5986: changes role from CANDIDATE to FOLLOWER at term 39 for DISCOVERED_A_NEW_TERM
2019-10-30 11:52:37,977 [9dbd5372-55c2-4532-b354-9494d3d545d2@group-F367C8FA5986-LeaderElection94] INFO  impl.RoleInfo (RoleInfo.java:shutdownLeaderElection(134)) - 9dbd5372-55c2-4532-b354-9494d3d545d2: shutdown LeaderElection
2019-10-30 11:52:37,977 [9dbd5372-55c2-4532-b354-9494d3d545d2@group-F367C8FA5986-LeaderElection94] INFO  impl.RoleInfo (RoleInfo.java:updateAndGet(143)) - 9dbd5372-55c2-4532-b354-9494d3d545d2: start FollowerState
2019-10-30 11:52:37,993 [Thread-950] INFO  impl.FollowerState (FollowerState.java:run(108)) - f26e10ed-fb17-49e6-a903-eadc130d13d1@group-83984122B78E-FollowerState: change to CANDIDATE, lastRpcTime:159ms, electionTimeout:159ms
2019-10-30 11:52:37,993 [Thread-950] INFO  impl.RoleInfo (RoleInfo.java:shutdownFollowerState(121)) - f26e10ed-fb17-49e6-a903-eadc130d13d1: shutdown FollowerState
2019-10-30 11:52:37,994 [Thread-950] INFO  impl.RaftServerImpl (RaftServerImpl.java:setRole(184)) - f26e10ed-fb17-49e6-a903-eadc130d13d1@group-83984122B78E: changes role from  FOLLOWER to CANDIDATE at term 48 for changeToCandidate
2019-10-30 11:52:37,994 [Thread-950] INFO  impl.RoleInfo (RoleInfo.java:updateAndGet(143)) - f26e10ed-fb17-49e6-a903-eadc130d13d1: start LeaderElection
2019-10-30 11:52:38,015 [f26e10ed-fb17-49e6-a903-eadc130d13d1@group-83984122B78E-LeaderElection95] INFO  impl.LeaderElection (LeaderElection.java:askForVotes(178)) - f26e10ed-fb17-49e6-a903-eadc130d13d1@group-83984122B78E-LeaderElection95: begin an election at term 49 for -1: [4f16e274-8663-4a15-9c4c-c81f650ab979:192.168.157.220:38181, 4cc44201-a597-43af-a4ec-5b1b407a6250:192.168.157.220:36685, f26e10ed-fb17-49e6-a903-eadc130d13d1:192.168.157.220:32806], old=null
2019-10-30 11:52:38,017 [grpc-default-executor-0] INFO  impl.RaftServerImpl (RaftServerImpl.java:setRole(184)) - 4cc44201-a597-43af-a4ec-5b1b407a6250@group-83984122B78E: changes role from  FOLLOWER to FOLLOWER at term 49 for recognizeCandidate:f26e10ed-fb17-49e6-a903-eadc130d13d1
2019-10-30 11:52:38,017 [grpc-default-executor-0] INFO  impl.RoleInfo (RoleInfo.java:shutdownFollowerState(121)) - 4cc44201-a597-43af-a4ec-5b1b407a6250: shutdown FollowerState
2019-10-30 11:52:38,017 [grpc-default-executor-0] INFO  impl.RoleInfo (RoleInfo.java:updateAndGet(143)) - 4cc44201-a597-43af-a4ec-5b1b407a6250: start FollowerState
2019-10-30 11:52:38,017 [Thread-948] INFO  impl.FollowerState (FollowerState.java:run(117)) - 4cc44201-a597-43af-a4ec-5b1b407a6250@group-83984122B78E-FollowerState was interrupted: java.lang.InterruptedException: sleep interrupted
2019-10-30 11:52:38,019 [grpc-default-executor-8] INFO  impl.RaftServerImpl (RaftServerImpl.java:setRole(184)) - 4f16e274-8663-4a15-9c4c-c81f650ab979@group-83984122B78E: changes role from  FOLLOWER to FOLLOWER at term 49 for recognizeCandidate:f26e10ed-fb17-49e6-a903-eadc130d13d1
2019-10-30 11:52:38,019 [grpc-default-executor-8] INFO  impl.RoleInfo (RoleInfo.java:shutdownFollowerState(121)) - 4f16e274-8663-4a15-9c4c-c81f650ab979: shutdown FollowerState
2019-10-30 11:52:38,019 [grpc-default-executor-8] INFO  impl.RoleInfo (RoleInfo.java:updateAndGet(143)) - 4f16e274-8663-4a15-9c4c-c81f650ab979: start FollowerState
2019-10-30 11:52:38,019 [Thread-949] INFO  impl.FollowerState (FollowerState.java:run(117)) - 4f16e274-8663-4a15-9c4c-c81f650ab979@group-83984122B78E-FollowerState was interrupted: java.lang.InterruptedException: sleep interrupted
2019-10-30 11:52:38,029 [Thread-958] INFO  impl.FollowerState (FollowerState.java:run(108)) - 9dbd5372-55c2-4532-b354-9494d3d545d2@group-F367C8FA5986-FollowerState: change to CANDIDATE, lastRpcTime:51ms, electionTimeout:51ms
2019-10-30 11:52:38,029 [Thread-958] INFO  impl.RoleInfo (RoleInfo.java:shutdownFollowerState(121)) - 9dbd5372-55c2-4532-b354-9494d3d545d2: shutdown FollowerState
2019-10-30 11:52:38,029 [Thread-958] INFO  impl.RaftServerImpl (RaftServerImpl.java:setRole(184)) - 9dbd5372-55c2-4532-b354-9494d3d545d2@group-F367C8FA5986: changes role from  FOLLOWER to CANDIDATE at term 39 for changeToCandidate
2019-10-30 11:52:38,029 [Thread-958] INFO  impl.RoleInfo (RoleInfo.java:updateAndGet(143)) - 9dbd5372-55c2-4532-b354-9494d3d545d2: start LeaderElection
2019-10-30 11:52:38,034 [9dbd5372-55c2-4532-b354-9494d3d545d2@group-F367C8FA5986-LeaderElection96] INFO  impl.LeaderElection (LeaderElection.java:askForVotes(178)) - 9dbd5372-55c2-4532-b354-9494d3d545d2@group-F367C8FA5986-LeaderElection96: begin an election at term 40 for -1: [9b3ef6c9-0245-4756-bf80-45d41f7a4453:192.168.157.220:37058, cd11b2f5-3187-4d03-bd60-931991550c17:192.168.157.220:43236, 9dbd5372-55c2-4532-b354-9494d3d545d2:192.168.157.220:42993], old=null
2019-10-30 11:52:38,035 [f26e10ed-fb17-49e6-a903-eadc130d13d1@group-83984122B78E-LeaderElection95] INFO  impl.LeaderElection (LeaderElection.java:logAndReturn(56)) - f26e10ed-fb17-49e6-a903-eadc130d13d1@group-83984122B78E-LeaderElection95: Election REJECTED; received 2 response(s) [f26e10ed-fb17-49e6-a903-eadc130d13d1<-4f16e274-8663-4a15-9c4c-c81f650ab979#0:FAIL-t49, f26e10ed-fb17-49e6-a903-eadc130d13d1<-4cc44201-a597-43af-a4ec-5b1b407a6250#0:FAIL-t49] and 0 exception(s); f26e10ed-fb17-49e6-a903-eadc130d13d1@group-83984122B78E:t49, leader=null, voted=f26e10ed-fb17-49e6-a903-eadc130d13d1, raftlog=f26e10ed-fb17-49e6-a903-eadc130d13d1@group-83984122B78E-SegmentedRaftLog:OPENED:c-1,f-1,i0, conf=-1: [4f16e274-8663-4a15-9c4c-c81f650ab979:192.168.157.220:38181, 4cc44201-a597-43af-a4ec-5b1b407a6250:192.168.157.220:36685, f26e10ed-fb17-49e6-a903-eadc130d13d1:192.168.157.220:32806], old=null
2019-10-30 11:52:38,035 [f26e10ed-fb17-49e6-a903-eadc130d13d1@group-83984122B78E-LeaderElection95] INFO  impl.RaftServerImpl (RaftServerImpl.java:setRole(184)) - f26e10ed-fb17-49e6-a903-eadc130d13d1@group-83984122B78E: changes role from CANDIDATE to FOLLOWER at term 49 for DISCOVERED_A_NEW_TERM
2019-10-30 11:52:38,036 [f26e10ed-fb17-49e6-a903-eadc130d13d1@group-83984122B78E-LeaderElection95] INFO  impl.RoleInfo (RoleInfo.java:shutdownLeaderElection(134)) - f26e10ed-fb17-49e6-a903-eadc130d13d1: shutdown LeaderElection
2019-10-30 11:52:38,036 [f26e10ed-fb17-49e6-a903-eadc130d13d1@group-83984122B78E-LeaderElection95] INFO  impl.RoleInfo (RoleInfo.java:updateAndGet(143)) - f26e10ed-fb17-49e6-a903-eadc130d13d1: start FollowerState
2019-10-30 11:52:38,036 [grpc-default-executor-0] INFO  impl.RaftServerImpl (RaftServerImpl.java:setRole(184)) - cd11b2f5-3187-4d03-bd60-931991550c17@group-F367C8FA5986: changes role from  FOLLOWER to FOLLOWER at term 40 for recognizeCandidate:9dbd5372-55c2-4532-b354-9494d3d545d2
2019-10-30 11:52:38,036 [grpc-default-executor-8] INFO  impl.RaftServerImpl (RaftServerImpl.java:setRole(184)) - 9b3ef6c9-0245-4756-bf80-45d41f7a4453@group-F367C8FA5986: changes role from  FOLLOWER to FOLLOWER at term 40 for recognizeCandidate:9dbd5372-55c2-4532-b354-9494d3d545d2
2019-10-30 11:52:38,036 [grpc-default-executor-0] INFO  impl.RoleInfo (RoleInfo.java:shutdownFollowerState(121)) - cd11b2f5-3187-4d03-bd60-931991550c17: shutdown FollowerState
2019-10-30 11:52:38,036 [grpc-default-executor-8] INFO  impl.RoleInfo (RoleInfo.java:shutdownFollowerState(121)) - 9b3ef6c9-0245-4756-bf80-45d41f7a4453: shutdown FollowerState
2019-10-30 11:52:38,036 [grpc-default-executor-0] INFO  impl.RoleInfo (RoleInfo.java:updateAndGet(143)) - cd11b2f5-3187-4d03-bd60-931991550c17: start FollowerState
2019-10-30 11:52:38,036 [Thread-956] INFO  impl.FollowerState (FollowerState.java:run(117)) - 9b3ef6c9-0245-4756-bf80-45d41f7a4453@group-F367C8FA5986-FollowerState was interrupted: java.lang.InterruptedException: sleep interrupted
2019-10-30 11:52:38,036 [Thread-957] INFO  impl.FollowerState (FollowerState.java:run(117)) - cd11b2f5-3187-4d03-bd60-931991550c17@group-F367C8FA5986-FollowerState was interrupted: java.lang.InterruptedException: sleep interrupted
2019-10-30 11:52:38,036 [grpc-default-executor-8] INFO  impl.RoleInfo (RoleInfo.java:updateAndGet(143)) - 9b3ef6c9-0245-4756-bf80-45d41f7a4453: start FollowerState
2019-10-30 11:52:38,038 [Thread-967] INFO  impl.FollowerState (FollowerState.java:run(108)) - f26e10ed-fb17-49e6-a903-eadc130d13d1@group-83984122B78E-FollowerState: change to CANDIDATE, lastRpcTime:2ms, electionTimeout:2ms
2019-10-30 11:52:38,038 [Thread-967] INFO  impl.RoleInfo (RoleInfo.java:shutdownFollowerState(121)) - f26e10ed-fb17-49e6-a903-eadc130d13d1: shutdown FollowerState
2019-10-30 11:52:38,038 [Thread-967] INFO  impl.RaftServerImpl (RaftServerImpl.java:setRole(184)) - f26e10ed-fb17-49e6-a903-eadc130d13d1@group-83984122B78E: changes role from  FOLLOWER to CANDIDATE at term 49 for changeToCandidate
2019-10-30 11:52:38,038 [Thread-967] INFO  impl.RoleInfo (RoleInfo.java:updateAndGet(143)) - f26e10ed-fb17-49e6-a903-eadc130d13d1: start LeaderElection
2019-10-30 11:52:38,048 [f26e10ed-fb17-49e6-a903-eadc130d13d1@group-83984122B78E-LeaderElection97] INFO  impl.LeaderElection (LeaderElection.java:askForVotes(178)) - f26e10ed-fb17-49e6-a903-eadc130d13d1@group-83984122B78E-LeaderElection97: begin an election at term 50 for -1: [4f16e274-8663-4a15-9c4c-c81f650ab979:192.168.157.220:38181, 4cc44201-a597-43af-a4ec-5b1b407a6250:192.168.157.220:36685, f26e10ed-fb17-49e6-a903-eadc130d13d1:192.168.157.220:32806], old=null
2019-10-30 11:52:38,049 [9dbd5372-55c2-4532-b354-9494d3d545d2@group-F367C8FA5986-LeaderElection96] INFO  impl.LeaderElection (LeaderElection.java:logAndReturn(56)) - 9dbd5372-55c2-4532-b354-9494d3d545d2@group-F367C8FA5986-LeaderElection96: Election REJECTED; received 2 response(s) [9dbd5372-55c2-4532-b354-9494d3d545d2<-9b3ef6c9-0245-4756-bf80-45d41f7a4453#0:FAIL-t40, 9dbd5372-55c2-4532-b354-9494d3d545d2<-cd11b2f5-3187-4d03-bd60-931991550c17#0:FAIL-t40] and 0 exception(s); 9dbd5372-55c2-4532-b354-9494d3d545d2@group-F367C8FA5986:t40, leader=null, voted=9dbd5372-55c2-4532-b354-9494d3d545d2, raftlog=9dbd5372-55c2-4532-b354-9494d3d545d2@group-F367C8FA5986-SegmentedRaftLog:OPENED:c-1,f-1,i0, conf=-1: [9b3ef6c9-0245-4756-bf80-45d41f7a4453:192.168.157.220:37058, cd11b2f5-3187-4d03-bd60-931991550c17:192.168.157.220:43236, 9dbd5372-55c2-4532-b354-9494d3d545d2:192.168.157.220:42993], old=null
2019-10-30 11:52:38,049 [9dbd5372-55c2-4532-b354-9494d3d545d2@group-F367C8FA5986-LeaderElection96] INFO  impl.RaftServerImpl (RaftServerImpl.java:setRole(184)) - 9dbd5372-55c2-4532-b354-9494d3d545d2@group-F367C8FA5986: changes role from CANDIDATE to FOLLOWER at term 40 for DISCOVERED_A_NEW_TERM
2019-10-30 11:52:38,049 [9dbd5372-55c2-4532-b354-9494d3d545d2@group-F367C8FA5986-LeaderElection96] INFO  impl.RoleInfo (RoleInfo.java:shutdownLeaderElection(134)) - 9dbd5372-55c2-4532-b354-9494d3d545d2: shutdown LeaderElection
2019-10-30 11:52:38,050 [9dbd5372-55c2-4532-b354-9494d3d545d2@group-F367C8FA5986-LeaderElection96] INFO  impl.RoleInfo (RoleInfo.java:updateAndGet(143)) - 9dbd5372-55c2-4532-b354-9494d3d545d2: start FollowerState
2019-10-30 11:52:38,050 [grpc-default-executor-8] INFO  impl.RaftServerImpl (RaftServerImpl.java:setRole(184)) - 4f16e274-8663-4a15-9c4c-c81f650ab979@group-83984122B78E: changes role from  FOLLOWER to FOLLOWER at term 50 for recognizeCandidate:f26e10ed-fb17-49e6-a903-eadc130d13d1
2019-10-30 11:52:38,050 [grpc-default-executor-8] INFO  impl.RoleInfo (RoleInfo.java:shutdownFollowerState(121)) - 4f16e274-8663-4a15-9c4c-c81f650ab979: shutdown FollowerState
2019-10-30 11:52:38,050 [grpc-default-executor-8] INFO  impl.RoleInfo (RoleInfo.java:updateAndGet(143)) - 4f16e274-8663-4a15-9c4c-c81f650ab979: start FollowerState
2019-10-30 11:52:38,050 [Thread-963] INFO  impl.FollowerState (FollowerState.java:run(117)) - 4f16e274-8663-4a15-9c4c-c81f650ab979@group-83984122B78E-FollowerState was interrupted: java.lang.InterruptedException: sleep interrupted
2019-10-30 11:52:38,050 [grpc-default-executor-0] INFO  impl.RaftServerImpl (RaftServerImpl.java:setRole(184)) - 4cc44201-a597-43af-a4ec-5b1b407a6250@group-83984122B78E: changes role from  FOLLOWER to FOLLOWER at term 50 for recognizeCandidate:f26e10ed-fb17-49e6-a903-eadc130d13d1
2019-10-30 11:52:38,050 [grpc-default-executor-0] INFO  impl.RoleInfo (RoleInfo.java:shutdownFollowerState(121)) - 4cc44201-a597-43af-a4ec-5b1b407a6250: shutdown FollowerState
2019-10-30 11:52:38,051 [grpc-default-executor-0] INFO  impl.RoleInfo (RoleInfo.java:updateAndGet(143)) - 4cc44201-a597-43af-a4ec-5b1b407a6250: start FollowerState
2019-10-30 11:52:38,051 [Thread-962] INFO  impl.FollowerState (FollowerState.java:run(117)) - 4cc44201-a597-43af-a4ec-5b1b407a6250@group-83984122B78E-FollowerState was interrupted: java.lang.InterruptedException: sleep interrupted
2019-10-30 11:52:38,051 [Thread-973] INFO  impl.FollowerState (FollowerState.java:run(108)) - 9dbd5372-55c2-4532-b354-9494d3d545d2@group-F367C8FA5986-FollowerState: change to CANDIDATE, lastRpcTime:1ms, electionTimeout:1ms
2019-10-30 11:52:38,051 [Thread-973] INFO  impl.RoleInfo (RoleInfo.java:shutdownFollowerState(121)) - 9dbd5372-55c2-4532-b354-9494d3d545d2: shutdown FollowerState
2019-10-30 11:52:38,051 [Thread-973] INFO  impl.RaftServerImpl (RaftServerImpl.java:setRole(184)) - 9dbd5372-55c2-4532-b354-9494d3d545d2@group-F367C8FA5986: changes role from  FOLLOWER to CANDIDATE at term 40 for changeToCandidate
2019-10-30 11:52:38,051 [Thread-973] INFO  impl.RoleInfo (RoleInfo.java:updateAndGet(143)) - 9dbd5372-55c2-4532-b354-9494d3d545d2: start LeaderElection
2019-10-30 11:52:38,056 [f26e10ed-fb17-49e6-a903-eadc130d13d1@group-83984122B78E-LeaderElection97] INFO  impl.LeaderElection (LeaderElection.java:logAndReturn(56)) - f26e10ed-fb17-49e6-a903-eadc130d13d1@group-83984122B78E-LeaderElection97: Election REJECTED; received 2 response(s) [f26e10ed-fb17-49e6-a903-eadc130d13d1<-4f16e274-8663-4a15-9c4c-c81f650ab979#0:FAIL-t50, f26e10ed-fb17-49e6-a903-eadc130d13d1<-4cc44201-a597-43af-a4ec-5b1b407a6250#0:FAIL-t50] and 0 exception(s); f26e10ed-fb17-49e6-a903-eadc130d13d1@group-83984122B78E:t50, leader=null, voted=f26e10ed-fb17-49e6-a903-eadc130d13d1, raftlog=f26e10ed-fb17-49e6-a903-eadc130d13d1@group-83984122B78E-SegmentedRaftLog:OPENED:c-1,f-1,i0, conf=-1: [4f16e274-8663-4a15-9c4c-c81f650ab979:192.168.157.220:38181, 4cc44201-a597-43af-a4ec-5b1b407a6250:192.168.157.220:36685, f26e10ed-fb17-49e6-a903-eadc130d13d1:192.168.157.220:32806], old=null
2019-10-30 11:52:38,056 [f26e10ed-fb17-49e6-a903-eadc130d13d1@group-83984122B78E-LeaderElection97] INFO  impl.RaftServerImpl (RaftServerImpl.java:setRole(184)) - f26e10ed-fb17-49e6-a903-eadc130d13d1@group-83984122B78E: changes role from CANDIDATE to FOLLOWER at term 50 for DISCOVERED_A_NEW_TERM
2019-10-30 11:52:38,056 [f26e10ed-fb17-49e6-a903-eadc130d13d1@group-83984122B78E-LeaderElection97] INFO  impl.RoleInfo (RoleInfo.java:shutdownLeaderElection(134)) - f26e10ed-fb17-49e6-a903-eadc130d13d1: shutdown LeaderElection
2019-10-30 11:52:38,056 [f26e10ed-fb17-49e6-a903-eadc130d13d1@group-83984122B78E-LeaderElection97] INFO  impl.RoleInfo (RoleInfo.java:updateAndGet(143)) - f26e10ed-fb17-49e6-a903-eadc130d13d1: start FollowerState
2019-10-30 11:52:38,058 [9dbd5372-55c2-4532-b354-9494d3d545d2@group-F367C8FA5986-LeaderElection98] INFO  impl.LeaderElection (LeaderElection.java:askForVotes(178)) - 9dbd5372-55c2-4532-b354-9494d3d545d2@group-F367C8FA5986-LeaderElection98: begin an election at term 41 for -1: [9b3ef6c9-0245-4756-bf80-45d41f7a4453:192.168.157.220:37058, cd11b2f5-3187-4d03-bd60-931991550c17:192.168.157.220:43236, 9dbd5372-55c2-4532-b354-9494d3d545d2:192.168.157.220:42993], old=null
2019-10-30 11:52:38,059 [grpc-default-executor-0] INFO  impl.RaftServerImpl (RaftServerImpl.java:setRole(184)) - cd11b2f5-3187-4d03-bd60-931991550c17@group-F367C8FA5986: changes role from  FOLLOWER to FOLLOWER at term 41 for recognizeCandidate:9dbd5372-55c2-4532-b354-9494d3d545d2
2019-10-30 11:52:38,059 [grpc-default-executor-8] INFO  impl.RaftServerImpl (RaftServerImpl.java:setRole(184)) - 9b3ef6c9-0245-4756-bf80-45d41f7a4453@group-F367C8FA5986: changes role from  FOLLOWER to FOLLOWER at term 41 for recognizeCandidate:9dbd5372-55c2-4532-b354-9494d3d545d2
2019-10-30 11:52:38,060 [grpc-default-executor-0] INFO  impl.RoleInfo (RoleInfo.java:shutdownFollowerState(121)) - cd11b2f5-3187-4d03-bd60-931991550c17: shutdown FollowerState
2019-10-30 11:52:38,060 [grpc-default-executor-8] INFO  impl.RoleInfo (RoleInfo.java:shutdownFollowerState(121)) - 9b3ef6c9-0245-4756-bf80-45d41f7a4453: shutdown FollowerState
2019-10-30 11:52:38,060 [Thread-968] INFO  impl.FollowerState (FollowerState.java:run(117)) - cd11b2f5-3187-4d03-bd60-931991550c17@group-F367C8FA5986-FollowerState was interrupted: java.lang.InterruptedException: sleep interrupted
2019-10-30 11:52:38,060 [grpc-default-executor-0] INFO  impl.RoleInfo (RoleInfo.java:updateAndGet(143)) - cd11b2f5-3187-4d03-bd60-931991550c17: start FollowerState
2019-10-30 11:52:38,060 [Thread-969] INFO  impl.FollowerState (FollowerState.java:run(117)) - 9b3ef6c9-0245-4756-bf80-45d41f7a4453@group-F367C8FA5986-FollowerState was interrupted: java.lang.InterruptedException: sleep interrupted
2019-10-30 11:52:38,060 [grpc-default-executor-8] INFO  impl.RoleInfo (RoleInfo.java:updateAndGet(143)) - 9b3ef6c9-0245-4756-bf80-45d41f7a4453: start FollowerState
2019-10-30 11:52:38,072 [9dbd5372-55c2-4532-b354-9494d3d545d2@group-F367C8FA5986-LeaderElection98] INFO  impl.LeaderElection (LeaderElection.java:logAndReturn(56)) - 9dbd5372-55c2-4532-b354-9494d3d545d2@group-F367C8FA5986-LeaderElection98: Election REJECTED; received 2 response(s) [9dbd5372-55c2-4532-b354-9494d3d545d2<-9b3ef6c9-0245-4756-bf80-45d41f7a4453#0:FAIL-t41, 9dbd5372-55c2-4532-b354-9494d3d545d2<-cd11b2f5-3187-4d03-bd60-931991550c17#0:FAIL-t41] and 0 exception(s); 9dbd5372-55c2-4532-b354-9494d3d545d2@group-F367C8FA5986:t41, leader=null, voted=9dbd5372-55c2-4532-b354-9494d3d545d2, raftlog=9dbd5372-55c2-4532-b354-9494d3d545d2@group-F367C8FA5986-SegmentedRaftLog:OPENED:c-1,f-1,i0, conf=-1: [9b3ef6c9-0245-4756-bf80-45d41f7a4453:192.168.157.220:37058, cd11b2f5-3187-4d03-bd60-931991550c17:192.168.157.220:43236, 9dbd5372-55c2-4532-b354-9494d3d545d2:192.168.157.220:42993], old=null
2019-10-30 11:52:38,073 [9dbd5372-55c2-4532-b354-9494d3d545d2@group-F367C8FA5986-LeaderElection98] INFO  impl.RaftServerImpl (RaftServerImpl.java:setRole(184)) - 9dbd5372-55c2-4532-b354-9494d3d545d2@group-F367C8FA5986: changes role from CANDIDATE to FOLLOWER at term 41 for DISCOVERED_A_NEW_TERM
2019-10-30 11:52:38,073 [9dbd5372-55c2-4532-b354-9494d3d545d2@group-F367C8FA5986-LeaderElection98] INFO  impl.RoleInfo (RoleInfo.java:shutdownLeaderElection(134)) - 9dbd5372-55c2-4532-b354-9494d3d545d2: shutdown LeaderElection
2019-10-30 11:52:38,073 [9dbd5372-55c2-4532-b354-9494d3d545d2@group-F367C8FA5986-LeaderElection98] INFO  impl.RoleInfo (RoleInfo.java:updateAndGet(143)) - 9dbd5372-55c2-4532-b354-9494d3d545d2: start FollowerState
2019-10-30 11:52:38,123 [Thread-982] INFO  impl.FollowerState (FollowerState.java:run(108)) - 9dbd5372-55c2-4532-b354-9494d3d545d2@group-F367C8FA5986-FollowerState: change to CANDIDATE, lastRpcTime:50ms, electionTimeout:50ms
2019-10-30 11:52:38,123 [Thread-982] INFO  impl.RoleInfo (RoleInfo.java:shutdownFollowerState(121)) - 9dbd5372-55c2-4532-b354-9494d3d545d2: shutdown FollowerState
2019-10-30 11:52:38,123 [Thread-982] INFO  impl.RaftServerImpl (RaftServerImpl.java:setRole(184)) - 9dbd5372-55c2-4532-b354-9494d3d545d2@group-F367C8FA5986: changes role from  FOLLOWER to CANDIDATE at term 41 for changeToCandidate
2019-10-30 11:52:38,123 [Thread-982] INFO  impl.RoleInfo (RoleInfo.java:updateAndGet(143)) - 9dbd5372-55c2-4532-b354-9494d3d545d2: start LeaderElection
2019-10-30 11:52:38,128 [9dbd5372-55c2-4532-b354-9494d3d545d2@group-F367C8FA5986-LeaderElection99] INFO  impl.LeaderElection (LeaderElection.java:askForVotes(178)) - 9dbd5372-55c2-4532-b354-9494d3d545d2@group-F367C8FA5986-LeaderElection99: begin an election at term 42 for -1: [9b3ef6c9-0245-4756-bf80-45d41f7a4453:192.168.157.220:37058, cd11b2f5-3187-4d03-bd60-931991550c17:192.168.157.220:43236, 9dbd5372-55c2-4532-b354-9494d3d545d2:192.168.157.220:42993], old=null
2019-10-30 11:52:38,130 [grpc-default-executor-0] INFO  impl.RaftServerImpl (RaftServerImpl.java:setRole(184)) - cd11b2f5-3187-4d03-bd60-931991550c17@group-F367C8FA5986: changes role from  FOLLOWER to FOLLOWER at term 42 for recognizeCandidate:9dbd5372-55c2-4532-b354-9494d3d545d2
2019-10-30 11:52:38,130 [grpc-default-executor-0] INFO  impl.RoleInfo (RoleInfo.java:shutdownFollowerState(121)) - cd11b2f5-3187-4d03-bd60-931991550c17: shutdown FollowerState
2019-10-30 11:52:38,130 [grpc-default-executor-8] INFO  impl.RaftServerImpl (RaftServerImpl.java:setRole(184)) - 9b3ef6c9-0245-4756-bf80-45d41f7a4453@group-F367C8FA5986: changes role from  FOLLOWER to FOLLOWER at term 42 for recognizeCandidate:9dbd5372-55c2-4532-b354-9494d3d545d2
2019-10-30 11:52:38,131 [grpc-default-executor-0] INFO  impl.RoleInfo (RoleInfo.java:updateAndGet(143)) - cd11b2f5-3187-4d03-bd60-931991550c17: start FollowerState
2019-10-30 11:52:38,131 [grpc-default-executor-8] INFO  impl.RoleInfo (RoleInfo.java:shutdownFollowerState(121)) - 9b3ef6c9-0245-4756-bf80-45d41f7a4453: shutdown FollowerState
2019-10-30 11:52:38,131 [grpc-default-executor-8] INFO  impl.RoleInfo (RoleInfo.java:updateAndGet(143)) - 9b3ef6c9-0245-4756-bf80-45d41f7a4453: start FollowerState
2019-10-30 11:52:38,131 [Thread-981] INFO  impl.FollowerState (FollowerState.java:run(117)) - 9b3ef6c9-0245-4756-bf80-45d41f7a4453@group-F367C8FA5986-FollowerState was interrupted: java.lang.InterruptedException: sleep interrupted
2019-10-30 11:52:38,131 [Thread-980] INFO  impl.FollowerState (FollowerState.java:run(117)) - cd11b2f5-3187-4d03-bd60-931991550c17@group-F367C8FA5986-FollowerState was interrupted: java.lang.InterruptedException: sleep interrupted
2019-10-30 11:52:38,161 [9dbd5372-55c2-4532-b354-9494d3d545d2@group-F367C8FA5986-LeaderElection99] INFO  impl.LeaderElection (LeaderElection.java:logAndReturn(56)) - 9dbd5372-55c2-4532-b354-9494d3d545d2@group-F367C8FA5986-LeaderElection99: Election REJECTED; received 2 response(s) [9dbd5372-55c2-4532-b354-9494d3d545d2<-9b3ef6c9-0245-4756-bf80-45d41f7a4453#0:FAIL-t42, 9dbd5372-55c2-4532-b354-9494d3d545d2<-cd11b2f5-3187-4d03-bd60-931991550c17#0:FAIL-t42] and 0 exception(s); 9dbd5372-55c2-4532-b354-9494d3d545d2@group-F367C8FA5986:t42, leader=null, voted=9dbd5372-55c2-4532-b354-9494d3d545d2, raftlog=9dbd5372-55c2-4532-b354-9494d3d545d2@group-F367C8FA5986-SegmentedRaftLog:OPENED:c-1,f-1,i0, conf=-1: [9b3ef6c9-0245-4756-bf80-45d41f7a4453:192.168.157.220:37058, cd11b2f5-3187-4d03-bd60-931991550c17:192.168.157.220:43236, 9dbd5372-55c2-4532-b354-9494d3d545d2:192.168.157.220:42993], old=null
2019-10-30 11:52:38,162 [9dbd5372-55c2-4532-b354-9494d3d545d2@group-F367C8FA5986-LeaderElection99] INFO  impl.RaftServerImpl (RaftServerImpl.java:setRole(184)) - 9dbd5372-55c2-4532-b354-9494d3d545d2@group-F367C8FA5986: changes role from CANDIDATE to FOLLOWER at term 42 for DISCOVERED_A_NEW_TERM
2019-10-30 11:52:38,162 [9dbd5372-55c2-4532-b354-9494d3d545d2@group-F367C8FA5986-LeaderElection99] INFO  impl.RoleInfo (RoleInfo.java:shutdownLeaderElection(134)) - 9dbd5372-55c2-4532-b354-9494d3d545d2: shutdown LeaderElection
2019-10-30 11:52:38,162 [9dbd5372-55c2-4532-b354-9494d3d545d2@group-F367C8FA5986-LeaderElection99] INFO  impl.RoleInfo (RoleInfo.java:updateAndGet(143)) - 9dbd5372-55c2-4532-b354-9494d3d545d2: start FollowerState
2019-10-30 11:52:38,229 [Thread-977] INFO  impl.FollowerState (FollowerState.java:run(108)) - f26e10ed-fb17-49e6-a903-eadc130d13d1@group-83984122B78E-FollowerState: change to CANDIDATE, lastRpcTime:173ms, electionTimeout:173ms
2019-10-30 11:52:38,230 [Thread-977] INFO  impl.RoleInfo (RoleInfo.java:shutdownFollowerState(121)) - f26e10ed-fb17-49e6-a903-eadc130d13d1: shutdown FollowerState
2019-10-30 11:52:38,230 [Thread-977] INFO  impl.RaftServerImpl (RaftServerImpl.java:setRole(184)) - f26e10ed-fb17-49e6-a903-eadc130d13d1@group-83984122B78E: changes role from  FOLLOWER to CANDIDATE at term 50 for changeToCandidate
2019-10-30 11:52:38,230 [Thread-977] INFO  impl.RoleInfo (RoleInfo.java:updateAndGet(143)) - f26e10ed-fb17-49e6-a903-eadc130d13d1: start LeaderElection
2019-10-30 11:52:38,233 [f26e10ed-fb17-49e6-a903-eadc130d13d1@group-83984122B78E-LeaderElection100] INFO  impl.LeaderElection (LeaderElection.java:askForVotes(178)) - f26e10ed-fb17-49e6-a903-eadc130d13d1@group-83984122B78E-LeaderElection100: begin an election at term 51 for -1: [4f16e274-8663-4a15-9c4c-c81f650ab979:192.168.157.220:38181, 4cc44201-a597-43af-a4ec-5b1b407a6250:192.168.157.220:36685, f26e10ed-fb17-49e6-a903-eadc130d13d1:192.168.157.220:32806], old=null
2019-10-30 11:52:38,236 [grpc-default-executor-0] INFO  impl.RaftServerImpl (RaftServerImpl.java:setRole(184)) - 4cc44201-a597-43af-a4ec-5b1b407a6250@group-83984122B78E: changes role from  FOLLOWER to FOLLOWER at term 51 for recognizeCandidate:f26e10ed-fb17-49e6-a903-eadc130d13d1
2019-10-30 11:52:38,236 [grpc-default-executor-8] INFO  impl.RaftServerImpl (RaftServerImpl.java:setRole(184)) - 4f16e274-8663-4a15-9c4c-c81f650ab979@group-83984122B78E: changes role from  FOLLOWER to FOLLOWER at term 51 for recognizeCandidate:f26e10ed-fb17-49e6-a903-eadc130d13d1
2019-10-30 11:52:38,236 [grpc-default-executor-0] INFO  impl.RoleInfo (RoleInfo.java:shutdownFollowerState(121)) - 4cc44201-a597-43af-a4ec-5b1b407a6250: shutdown FollowerState
2019-10-30 11:52:38,236 [grpc-default-executor-8] INFO  impl.RoleInfo (RoleInfo.java:shutdownFollowerState(121)) - 4f16e274-8663-4a15-9c4c-c81f650ab979: shutdown FollowerState
2019-10-30 11:52:38,236 [Thread-975] INFO  impl.FollowerState (FollowerState.java:run(117)) - 4cc44201-a597-43af-a4ec-5b1b407a6250@group-83984122B78E-FollowerState was interrupted: java.lang.InterruptedException: sleep interrupted
2019-10-30 11:52:38,236 [grpc-default-executor-0] INFO  impl.RoleInfo (RoleInfo.java:updateAndGet(143)) - 4cc44201-a597-43af-a4ec-5b1b407a6250: start FollowerState
2019-10-30 11:52:38,236 [Thread-974] INFO  impl.FollowerState (FollowerState.java:run(117)) - 4f16e274-8663-4a15-9c4c-c81f650ab979@group-83984122B78E-FollowerState was interrupted: java.lang.InterruptedException: sleep interrupted
2019-10-30 11:52:38,236 [grpc-default-executor-8] INFO  impl.RoleInfo (RoleInfo.java:updateAndGet(143)) - 4f16e274-8663-4a15-9c4c-c81f650ab979: start FollowerState
2019-10-30 11:52:38,251 [f26e10ed-fb17-49e6-a903-eadc130d13d1@group-83984122B78E-LeaderElection100] INFO  impl.LeaderElection (LeaderElection.java:logAndReturn(56)) - f26e10ed-fb17-49e6-a903-eadc130d13d1@group-83984122B78E-LeaderElection100: Election REJECTED; received 2 response(s) [f26e10ed-fb17-49e6-a903-eadc130d13d1<-4f16e274-8663-4a15-9c4c-c81f650ab979#0:FAIL-t51, f26e10ed-fb17-49e6-a903-eadc130d13d1<-4cc44201-a597-43af-a4ec-5b1b407a6250#0:FAIL-t51] and 0 exception(s); f26e10ed-fb17-49e6-a903-eadc130d13d1@group-83984122B78E:t51, leader=null, voted=f26e10ed-fb17-49e6-a903-eadc130d13d1, raftlog=f26e10ed-fb17-49e6-a903-eadc130d13d1@group-83984122B78E-SegmentedRaftLog:OPENED:c-1,f-1,i0, conf=-1: [4f16e274-8663-4a15-9c4c-c81f650ab979:192.168.157.220:38181, 4cc44201-a597-43af-a4ec-5b1b407a6250:192.168.157.220:36685, f26e10ed-fb17-49e6-a903-eadc130d13d1:192.168.157.220:32806], old=null
2019-10-30 11:52:38,251 [f26e10ed-fb17-49e6-a903-eadc130d13d1@group-83984122B78E-LeaderElection100] INFO  impl.RaftServerImpl (RaftServerImpl.java:setRole(184)) - f26e10ed-fb17-49e6-a903-eadc130d13d1@group-83984122B78E: changes role from CANDIDATE to FOLLOWER at term 51 for DISCOVERED_A_NEW_TERM
2019-10-30 11:52:38,251 [f26e10ed-fb17-49e6-a903-eadc130d13d1@group-83984122B78E-LeaderElection100] INFO  impl.RoleInfo (RoleInfo.java:shutdownLeaderElection(134)) - f26e10ed-fb17-49e6-a903-eadc130d13d1: shutdown LeaderElection
2019-10-30 11:52:38,251 [f26e10ed-fb17-49e6-a903-eadc130d13d1@group-83984122B78E-LeaderElection100] INFO  impl.RoleInfo (RoleInfo.java:updateAndGet(143)) - f26e10ed-fb17-49e6-a903-eadc130d13d1: start FollowerState
2019-10-30 11:52:38,273 [Thread-988] INFO  impl.FollowerState (FollowerState.java:run(108)) - 9dbd5372-55c2-4532-b354-9494d3d545d2@group-F367C8FA5986-FollowerState: change to CANDIDATE, lastRpcTime:111ms, electionTimeout:111ms
2019-10-30 11:52:38,273 [Thread-988] INFO  impl.RoleInfo (RoleInfo.java:shutdownFollowerState(121)) - 9dbd5372-55c2-4532-b354-9494d3d545d2: shutdown FollowerState
2019-10-30 11:52:38,273 [Thread-988] INFO  impl.RaftServerImpl (RaftServerImpl.java:setRole(184)) - 9dbd5372-55c2-4532-b354-9494d3d545d2@group-F367C8FA5986: changes role from  FOLLOWER to CANDIDATE at term 42 for changeToCandidate
2019-10-30 11:52:38,274 [Thread-988] INFO  impl.RoleInfo (RoleInfo.java:updateAndGet(143)) - 9dbd5372-55c2-4532-b354-9494d3d545d2: start LeaderElection
2019-10-30 11:52:38,283 [Thread-994] INFO  impl.FollowerState (FollowerState.java:run(108)) - f26e10ed-fb17-49e6-a903-eadc130d13d1@group-83984122B78E-FollowerState: change to CANDIDATE, lastRpcTime:32ms, electionTimeout:32ms
2019-10-30 11:52:38,284 [Thread-994] INFO  impl.RoleInfo (RoleInfo.java:shutdownFollowerState(121)) - f26e10ed-fb17-49e6-a903-eadc130d13d1: shutdown FollowerState
2019-10-30 11:52:38,284 [Thread-994] INFO  impl.RaftServerImpl (RaftServerImpl.java:setRole(184)) - f26e10ed-fb17-49e6-a903-eadc130d13d1@group-83984122B78E: changes role from  FOLLOWER to CANDIDATE at term 51 for changeToCandidate
2019-10-30 11:52:38,284 [Thread-994] INFO  impl.RoleInfo (RoleInfo.java:updateAndGet(143)) - f26e10ed-fb17-49e6-a903-eadc130d13d1: start LeaderElection
2019-10-30 11:52:38,292 [9dbd5372-55c2-4532-b354-9494d3d545d2@group-F367C8FA5986-LeaderElection101] INFO  impl.LeaderElection (LeaderElection.java:askForVotes(178)) - 9dbd5372-55c2-4532-b354-9494d3d545d2@group-F367C8FA5986-LeaderElection101: begin an election at term 43 for -1: [9b3ef6c9-0245-4756-bf80-45d41f7a4453:192.168.157.220:37058, cd11b2f5-3187-4d03-bd60-931991550c17:192.168.157.220:43236, 9dbd5372-55c2-4532-b354-9494d3d545d2:192.168.157.220:42993], old=null
2019-10-30 11:52:38,294 [grpc-default-executor-0] INFO  impl.RaftServerImpl (RaftServerImpl.java:setRole(184)) - cd11b2f5-3187-4d03-bd60-931991550c17@group-F367C8FA5986: changes role from  FOLLOWER to FOLLOWER at term 43 for recognizeCandidate:9dbd5372-55c2-4532-b354-9494d3d545d2
2019-10-30 11:52:38,294 [grpc-default-executor-8] INFO  impl.RaftServerImpl (RaftServerImpl.java:setRole(184)) - 9b3ef6c9-0245-4756-bf80-45d41f7a4453@group-F367C8FA5986: changes role from  FOLLOWER to FOLLOWER at term 43 for recognizeCandidate:9dbd5372-55c2-4532-b354-9494d3d545d2
2019-10-30 11:52:38,294 [grpc-default-executor-0] INFO  impl.RoleInfo (RoleInfo.java:shutdownFollowerState(121)) - cd11b2f5-3187-4d03-bd60-931991550c17: shutdown FollowerState
2019-10-30 11:52:38,294 [grpc-default-executor-8] INFO  impl.RoleInfo (RoleInfo.java:shutdownFollowerState(121)) - 9b3ef6c9-0245-4756-bf80-45d41f7a4453: shutdown FollowerState
2019-10-30 11:52:38,294 [grpc-default-executor-0] INFO  impl.RoleInfo (RoleInfo.java:updateAndGet(143)) - cd11b2f5-3187-4d03-bd60-931991550c17: start FollowerState
2019-10-30 11:52:38,294 [Thread-986] INFO  impl.FollowerState (FollowerState.java:run(117)) - cd11b2f5-3187-4d03-bd60-931991550c17@group-F367C8FA5986-FollowerState was interrupted: java.lang.InterruptedException: sleep interrupted
2019-10-30 11:52:38,294 [f26e10ed-fb17-49e6-a903-eadc130d13d1@group-83984122B78E-LeaderElection102] INFO  impl.LeaderElection (LeaderElection.java:askForVotes(178)) - f26e10ed-fb17-49e6-a903-eadc130d13d1@group-83984122B78E-LeaderElection102: begin an election at term 52 for -1: [4f16e274-8663-4a15-9c4c-c81f650ab979:192.168.157.220:38181, 4cc44201-a597-43af-a4ec-5b1b407a6250:192.168.157.220:36685, f26e10ed-fb17-49e6-a903-eadc130d13d1:192.168.157.220:32806], old=null
2019-10-30 11:52:38,294 [Thread-987] INFO  impl.FollowerState (FollowerState.java:run(117)) - 9b3ef6c9-0245-4756-bf80-45d41f7a4453@group-F367C8FA5986-FollowerState was interrupted: java.lang.InterruptedException: sleep interrupted
2019-10-30 11:52:38,294 [grpc-default-executor-8] INFO  impl.RoleInfo (RoleInfo.java:updateAndGet(143)) - 9b3ef6c9-0245-4756-bf80-45d41f7a4453: start FollowerState
2019-10-30 11:52:38,296 [grpc-default-executor-9] INFO  impl.RaftServerImpl (RaftServerImpl.java:setRole(184)) - 4f16e274-8663-4a15-9c4c-c81f650ab979@group-83984122B78E: changes role from  FOLLOWER to FOLLOWER at term 52 for recognizeCandidate:f26e10ed-fb17-49e6-a903-eadc130d13d1
2019-10-30 11:52:38,296 [grpc-default-executor-4] INFO  impl.RaftServerImpl (RaftServerImpl.java:setRole(184)) - 4cc44201-a597-43af-a4ec-5b1b407a6250@group-83984122B78E: changes role from  FOLLOWER to FOLLOWER at term 52 for recognizeCandidate:f26e10ed-fb17-49e6-a903-eadc130d13d1
2019-10-30 11:52:38,296 [grpc-default-executor-9] INFO  impl.RoleInfo (RoleInfo.java:shutdownFollowerState(121)) - 4f16e274-8663-4a15-9c4c-c81f650ab979: shutdown FollowerState
2019-10-30 11:52:38,296 [grpc-default-executor-4] INFO  impl.RoleInfo (RoleInfo.java:shutdownFollowerState(121)) - 4cc44201-a597-43af-a4ec-5b1b407a6250: shutdown FollowerState
2019-10-30 11:52:38,296 [Thread-993] INFO  impl.FollowerState (FollowerState.java:run(117)) - 4f16e274-8663-4a15-9c4c-c81f650ab979@group-83984122B78E-FollowerState was interrupted: java.lang.InterruptedException: sleep interrupted
2019-10-30 11:52:38,296 [grpc-default-executor-9] INFO  impl.RoleInfo (RoleInfo.java:updateAndGet(143)) - 4f16e274-8663-4a15-9c4c-c81f650ab979: start FollowerState
2019-10-30 11:52:38,296 [grpc-default-executor-4] INFO  impl.RoleInfo (RoleInfo.java:updateAndGet(143)) - 4cc44201-a597-43af-a4ec-5b1b407a6250: start FollowerState
2019-10-30 11:52:38,297 [Thread-992] INFO  impl.FollowerState (FollowerState.java:run(117)) - 4cc44201-a597-43af-a4ec-5b1b407a6250@group-83984122B78E-FollowerState was interrupted: java.lang.InterruptedException: sleep interrupted
2019-10-30 11:52:38,309 [9dbd5372-55c2-4532-b354-9494d3d545d2@group-F367C8FA5986-LeaderElection101] INFO  impl.LeaderElection (LeaderElection.java:logAndReturn(56)) - 9dbd5372-55c2-4532-b354-9494d3d545d2@group-F367C8FA5986-LeaderElection101: Election REJECTED; received 2 response(s) [9dbd5372-55c2-4532-b354-9494d3d545d2<-9b3ef6c9-0245-4756-bf80-45d41f7a4453#0:FAIL-t43, 9dbd5372-55c2-4532-b354-9494d3d545d2<-cd11b2f5-3187-4d03-bd60-931991550c17#0:FAIL-t43] and 0 exception(s); 9dbd5372-55c2-4532-b354-9494d3d545d2@group-F367C8FA5986:t43, leader=null, voted=9dbd5372-55c2-4532-b354-9494d3d545d2, raftlog=9dbd5372-55c2-4532-b354-9494d3d545d2@group-F367C8FA5986-SegmentedRaftLog:OPENED:c-1,f-1,i0, conf=-1: [9b3ef6c9-0245-4756-bf80-45d41f7a4453:192.168.157.220:37058, cd11b2f5-3187-4d03-bd60-931991550c17:192.168.157.220:43236, 9dbd5372-55c2-4532-b354-9494d3d545d2:192.168.157.220:42993], old=null
2019-10-30 11:52:38,310 [9dbd5372-55c2-4532-b354-9494d3d545d2@group-F367C8FA5986-LeaderElection101] INFO  impl.RaftServerImpl (RaftServerImpl.java:setRole(184)) - 9dbd5372-55c2-4532-b354-9494d3d545d2@group-F367C8FA5986: changes role from CANDIDATE to FOLLOWER at term 43 for DISCOVERED_A_NEW_TERM
2019-10-30 11:52:38,310 [f26e10ed-fb17-49e6-a903-eadc130d13d1@group-83984122B78E-LeaderElection102] INFO  impl.LeaderElection (LeaderElection.java:logAndReturn(56)) - f26e10ed-fb17-49e6-a903-eadc130d13d1@group-83984122B78E-LeaderElection102: Election REJECTED; received 2 response(s) [f26e10ed-fb17-49e6-a903-eadc130d13d1<-4f16e274-8663-4a15-9c4c-c81f650ab979#0:FAIL-t52, f26e10ed-fb17-49e6-a903-eadc130d13d1<-4cc44201-a597-43af-a4ec-5b1b407a6250#0:FAIL-t52] and 0 exception(s); f26e10ed-fb17-49e6-a903-eadc130d13d1@group-83984122B78E:t52, leader=null, voted=f26e10ed-fb17-49e6-a903-eadc130d13d1, raftlog=f26e10ed-fb17-49e6-a903-eadc130d13d1@group-83984122B78E-SegmentedRaftLog:OPENED:c-1,f-1,i0, conf=-1: [4f16e274-8663-4a15-9c4c-c81f650ab979:192.168.157.220:38181, 4cc44201-a597-43af-a4ec-5b1b407a6250:192.168.157.220:36685, f26e10ed-fb17-49e6-a903-eadc130d13d1:192.168.157.220:32806], old=null
2019-10-30 11:52:38,310 [9dbd5372-55c2-4532-b354-9494d3d545d2@group-F367C8FA5986-LeaderElection101] INFO  impl.RoleInfo (RoleInfo.java:shutdownLeaderElection(134)) - 9dbd5372-55c2-4532-b354-9494d3d545d2: shutdown LeaderElection
2019-10-30 11:52:38,310 [f26e10ed-fb17-49e6-a903-eadc130d13d1@group-83984122B78E-LeaderElection102] INFO  impl.RaftServerImpl (RaftServerImpl.java:setRole(184)) - f26e10ed-fb17-49e6-a903-eadc130d13d1@group-83984122B78E: changes role from CANDIDATE to FOLLOWER at term 52 for DISCOVERED_A_NEW_TERM
2019-10-30 11:52:38,310 [f26e10ed-fb17-49e6-a903-eadc130d13d1@group-83984122B78E-LeaderElection102] INFO  impl.RoleInfo (RoleInfo.java:shutdownLeaderElection(134)) - f26e10ed-fb17-49e6-a903-eadc130d13d1: shutdown LeaderElection
2019-10-30 11:52:38,310 [9dbd5372-55c2-4532-b354-9494d3d545d2@group-F367C8FA5986-LeaderElection101] INFO  impl.RoleInfo (RoleInfo.java:updateAndGet(143)) - 9dbd5372-55c2-4532-b354-9494d3d545d2: start FollowerState
2019-10-30 11:52:38,310 [f26e10ed-fb17-49e6-a903-eadc130d13d1@group-83984122B78E-LeaderElection102] INFO  impl.RoleInfo (RoleInfo.java:updateAndGet(143)) - f26e10ed-fb17-49e6-a903-eadc130d13d1: start FollowerState
2019-10-30 11:52:38,485 [Thread-1005] INFO  impl.FollowerState (FollowerState.java:run(108)) - 9dbd5372-55c2-4532-b354-9494d3d545d2@group-F367C8FA5986-FollowerState: change to CANDIDATE, lastRpcTime:175ms, electionTimeout:175ms
2019-10-30 11:52:38,486 [Thread-1005] INFO  impl.RoleInfo (RoleInfo.java:shutdownFollowerState(121)) - 9dbd5372-55c2-4532-b354-9494d3d545d2: shutdown FollowerState
2019-10-30 11:52:38,486 [Thread-1005] INFO  impl.RaftServerImpl (RaftServerImpl.java:setRole(184)) - 9dbd5372-55c2-4532-b354-9494d3d545d2@group-F367C8FA5986: changes role from  FOLLOWER to CANDIDATE at term 43 for changeToCandidate
2019-10-30 11:52:38,486 [Thread-1005] INFO  impl.RoleInfo (RoleInfo.java:updateAndGet(143)) - 9dbd5372-55c2-4532-b354-9494d3d545d2: start LeaderElection
2019-10-30 11:52:38,494 [9dbd5372-55c2-4532-b354-9494d3d545d2@group-F367C8FA5986-LeaderElection103] INFO  impl.LeaderElection (LeaderElection.java:askForVotes(178)) - 9dbd5372-55c2-4532-b354-9494d3d545d2@group-F367C8FA5986-LeaderElection103: begin an election at term 44 for -1: [9b3ef6c9-0245-4756-bf80-45d41f7a4453:192.168.157.220:37058, cd11b2f5-3187-4d03-bd60-931991550c17:192.168.157.220:43236, 9dbd5372-55c2-4532-b354-9494d3d545d2:192.168.157.220:42993], old=null
2019-10-30 11:52:38,496 [grpc-default-executor-0] INFO  impl.RaftServerImpl (RaftServerImpl.java:setRole(184)) - 9b3ef6c9-0245-4756-bf80-45d41f7a4453@group-F367C8FA5986: changes role from  FOLLOWER to FOLLOWER at term 44 for recognizeCandidate:9dbd5372-55c2-4532-b354-9494d3d545d2
2019-10-30 11:52:38,496 [grpc-default-executor-0] INFO  impl.RoleInfo (RoleInfo.java:shutdownFollowerState(121)) - 9b3ef6c9-0245-4756-bf80-45d41f7a4453: shutdown FollowerState
2019-10-30 11:52:38,496 [grpc-default-executor-0] INFO  impl.RoleInfo (RoleInfo.java:updateAndGet(143)) - 9b3ef6c9-0245-4756-bf80-45d41f7a4453: start FollowerState
2019-10-30 11:52:38,496 [Thread-1000] INFO  impl.FollowerState (FollowerState.java:run(117)) - 9b3ef6c9-0245-4756-bf80-45d41f7a4453@group-F367C8FA5986-FollowerState was interrupted: java.lang.InterruptedException: sleep interrupted
2019-10-30 11:52:38,497 [grpc-default-executor-4] INFO  impl.RaftServerImpl (RaftServerImpl.java:setRole(184)) - cd11b2f5-3187-4d03-bd60-931991550c17@group-F367C8FA5986: changes role from  FOLLOWER to FOLLOWER at term 44 for recognizeCandidate:9dbd5372-55c2-4532-b354-9494d3d545d2
2019-10-30 11:52:38,498 [grpc-default-executor-4] INFO  impl.RoleInfo (RoleInfo.java:shutdownFollowerState(121)) - cd11b2f5-3187-4d03-bd60-931991550c17: shutdown FollowerState
2019-10-30 11:52:38,498 [grpc-default-executor-4] INFO  impl.RoleInfo (RoleInfo.java:updateAndGet(143)) - cd11b2f5-3187-4d03-bd60-931991550c17: start FollowerState
2019-10-30 11:52:38,498 [Thread-999] INFO  impl.FollowerState (FollowerState.java:run(117)) - cd11b2f5-3187-4d03-bd60-931991550c17@group-F367C8FA5986-FollowerState was interrupted: java.lang.InterruptedException: sleep interrupted
2019-10-30 11:52:38,500 [Thread-1006] INFO  impl.FollowerState (FollowerState.java:run(108)) - f26e10ed-fb17-49e6-a903-eadc130d13d1@group-83984122B78E-FollowerState: change to CANDIDATE, lastRpcTime:190ms, electionTimeout:190ms
2019-10-30 11:52:38,501 [Thread-1006] INFO  impl.RoleInfo (RoleInfo.java:shutdownFollowerState(121)) - f26e10ed-fb17-49e6-a903-eadc130d13d1: shutdown FollowerState
2019-10-30 11:52:38,501 [Thread-1006] INFO  impl.RaftServerImpl (RaftServerImpl.java:setRole(184)) - f26e10ed-fb17-49e6-a903-eadc130d13d1@group-83984122B78E: changes role from  FOLLOWER to CANDIDATE at term 52 for changeToCandidate
2019-10-30 11:52:38,501 [Thread-1006] INFO  impl.RoleInfo (RoleInfo.java:updateAndGet(143)) - f26e10ed-fb17-49e6-a903-eadc130d13d1: start LeaderElection
2019-10-30 11:52:38,504 [9dbd5372-55c2-4532-b354-9494d3d545d2@group-F367C8FA5986-LeaderElection103] INFO  impl.LeaderElection (LeaderElection.java:logAndReturn(56)) - 9dbd5372-55c2-4532-b354-9494d3d545d2@group-F367C8FA5986-LeaderElection103: Election REJECTED; received 2 response(s) [9dbd5372-55c2-4532-b354-9494d3d545d2<-9b3ef6c9-0245-4756-bf80-45d41f7a4453#0:FAIL-t44, 9dbd5372-55c2-4532-b354-9494d3d545d2<-cd11b2f5-3187-4d03-bd60-931991550c17#0:FAIL-t44] and 0 exception(s); 9dbd5372-55c2-4532-b354-9494d3d545d2@group-F367C8FA5986:t44, leader=null, voted=9dbd5372-55c2-4532-b354-9494d3d545d2, raftlog=9dbd5372-55c2-4532-b354-9494d3d545d2@group-F367C8FA5986-SegmentedRaftLog:OPENED:c-1,f-1,i0, conf=-1: [9b3ef6c9-0245-4756-bf80-45d41f7a4453:192.168.157.220:37058, cd11b2f5-3187-4d03-bd60-931991550c17:192.168.157.220:43236, 9dbd5372-55c2-4532-b354-9494d3d545d2:192.168.157.220:42993], old=null
2019-10-30 11:52:38,505 [9dbd5372-55c2-4532-b354-9494d3d545d2@group-F367C8FA5986-LeaderElection103] INFO  impl.RaftServerImpl (RaftServerImpl.java:setRole(184)) - 9dbd5372-55c2-4532-b354-9494d3d545d2@group-F367C8FA5986: changes role from CANDIDATE to FOLLOWER at term 44 for DISCOVERED_A_NEW_TERM
2019-10-30 11:52:38,505 [9dbd5372-55c2-4532-b354-9494d3d545d2@group-F367C8FA5986-LeaderElection103] INFO  impl.RoleInfo (RoleInfo.java:shutdownLeaderElection(134)) - 9dbd5372-55c2-4532-b354-9494d3d545d2: shutdown LeaderElection
2019-10-30 11:52:38,505 [9dbd5372-55c2-4532-b354-9494d3d545d2@group-F367C8FA5986-LeaderElection103] INFO  impl.RoleInfo (RoleInfo.java:updateAndGet(143)) - 9dbd5372-55c2-4532-b354-9494d3d545d2: start FollowerState
2019-10-30 11:52:38,507 [f26e10ed-fb17-49e6-a903-eadc130d13d1@group-83984122B78E-LeaderElection104] INFO  impl.LeaderElection (LeaderElection.java:askForVotes(178)) - f26e10ed-fb17-49e6-a903-eadc130d13d1@group-83984122B78E-LeaderElection104: begin an election at term 53 for -1: [4f16e274-8663-4a15-9c4c-c81f650ab979:192.168.157.220:38181, 4cc44201-a597-43af-a4ec-5b1b407a6250:192.168.157.220:36685, f26e10ed-fb17-49e6-a903-eadc130d13d1:192.168.157.220:32806], old=null
2019-10-30 11:52:38,508 [grpc-default-executor-0] INFO  impl.RaftServerImpl (RaftServerImpl.java:setRole(184)) - 4f16e274-8663-4a15-9c4c-c81f650ab979@group-83984122B78E: changes role from  FOLLOWER to FOLLOWER at term 53 for recognizeCandidate:f26e10ed-fb17-49e6-a903-eadc130d13d1
2019-10-30 11:52:38,508 [grpc-default-executor-0] INFO  impl.RoleInfo (RoleInfo.java:shutdownFollowerState(121)) - 4f16e274-8663-4a15-9c4c-c81f650ab979: shutdown FollowerState
2019-10-30 11:52:38,508 [grpc-default-executor-4] INFO  impl.RaftServerImpl (RaftServerImpl.java:setRole(184)) - 4cc44201-a597-43af-a4ec-5b1b407a6250@group-83984122B78E: changes role from  FOLLOWER to FOLLOWER at term 53 for recognizeCandidate:f26e10ed-fb17-49e6-a903-eadc130d13d1
2019-10-30 11:52:38,509 [Thread-1003] INFO  impl.FollowerState (FollowerState.java:run(117)) - 4f16e274-8663-4a15-9c4c-c81f650ab979@group-83984122B78E-FollowerState was interrupted: java.lang.InterruptedException: sleep interrupted
2019-10-30 11:52:38,509 [grpc-default-executor-0] INFO  impl.RoleInfo (RoleInfo.java:updateAndGet(143)) - 4f16e274-8663-4a15-9c4c-c81f650ab979: start FollowerState
2019-10-30 11:52:38,509 [grpc-default-executor-4] INFO  impl.RoleInfo (RoleInfo.java:shutdownFollowerState(121)) - 4cc44201-a597-43af-a4ec-5b1b407a6250: shutdown FollowerState
2019-10-30 11:52:38,509 [grpc-default-executor-4] INFO  impl.RoleInfo (RoleInfo.java:updateAndGet(143)) - 4cc44201-a597-43af-a4ec-5b1b407a6250: start FollowerState
2019-10-30 11:52:38,509 [Thread-1004] INFO  impl.FollowerState (FollowerState.java:run(117)) - 4cc44201-a597-43af-a4ec-5b1b407a6250@group-83984122B78E-FollowerState was interrupted: java.lang.InterruptedException: sleep interrupted
2019-10-30 11:52:38,514 [f26e10ed-fb17-49e6-a903-eadc130d13d1@group-83984122B78E-LeaderElection104] INFO  impl.LeaderElection (LeaderElection.java:logAndReturn(56)) - f26e10ed-fb17-49e6-a903-eadc130d13d1@group-83984122B78E-LeaderElection104: Election REJECTED; received 2 response(s) [f26e10ed-fb17-49e6-a903-eadc130d13d1<-4f16e274-8663-4a15-9c4c-c81f650ab979#0:FAIL-t53, f26e10ed-fb17-49e6-a903-eadc130d13d1<-4cc44201-a597-43af-a4ec-5b1b407a6250#0:FAIL-t53] and 0 exception(s); f26e10ed-fb17-49e6-a903-eadc130d13d1@group-83984122B78E:t53, leader=null, voted=f26e10ed-fb17-49e6-a903-eadc130d13d1, raftlog=f26e10ed-fb17-49e6-a903-eadc130d13d1@group-83984122B78E-SegmentedRaftLog:OPENED:c-1,f-1,i0, conf=-1: [4f16e274-8663-4a15-9c4c-c81f650ab979:192.168.157.220:38181, 4cc44201-a597-43af-a4ec-5b1b407a6250:192.168.157.220:36685, f26e10ed-fb17-49e6-a903-eadc130d13d1:192.168.157.220:32806], old=null
2019-10-30 11:52:38,514 [f26e10ed-fb17-49e6-a903-eadc130d13d1@group-83984122B78E-LeaderElection104] INFO  impl.RaftServerImpl (RaftServerImpl.java:setRole(184)) - f26e10ed-fb17-49e6-a903-eadc130d13d1@group-83984122B78E: changes role from CANDIDATE to FOLLOWER at term 53 for DISCOVERED_A_NEW_TERM
2019-10-30 11:52:38,514 [f26e10ed-fb17-49e6-a903-eadc130d13d1@group-83984122B78E-LeaderElection104] INFO  impl.RoleInfo (RoleInfo.java:shutdownLeaderElection(134)) - f26e10ed-fb17-49e6-a903-eadc130d13d1: shutdown LeaderElection
2019-10-30 11:52:38,514 [f26e10ed-fb17-49e6-a903-eadc130d13d1@group-83984122B78E-LeaderElection104] INFO  impl.RoleInfo (RoleInfo.java:updateAndGet(143)) - f26e10ed-fb17-49e6-a903-eadc130d13d1: start FollowerState
2019-10-30 11:52:38,636 [Thread-1015] INFO  impl.FollowerState (FollowerState.java:run(108)) - 9dbd5372-55c2-4532-b354-9494d3d545d2@group-F367C8FA5986-FollowerState: change to CANDIDATE, lastRpcTime:131ms, electionTimeout:131ms
2019-10-30 11:52:38,636 [Thread-1015] INFO  impl.RoleInfo (RoleInfo.java:shutdownFollowerState(121)) - 9dbd5372-55c2-4532-b354-9494d3d545d2: shutdown FollowerState
2019-10-30 11:52:38,636 [Thread-1015] INFO  impl.RaftServerImpl (RaftServerImpl.java:setRole(184)) - 9dbd5372-55c2-4532-b354-9494d3d545d2@group-F367C8FA5986: changes role from  FOLLOWER to CANDIDATE at term 44 for changeToCandidate
2019-10-30 11:52:38,636 [Thread-1015] INFO  impl.RoleInfo (RoleInfo.java:updateAndGet(143)) - 9dbd5372-55c2-4532-b354-9494d3d545d2: start LeaderElection
2019-10-30 11:52:38,648 [9dbd5372-55c2-4532-b354-9494d3d545d2@group-F367C8FA5986-LeaderElection105] INFO  impl.LeaderElection (LeaderElection.java:askForVotes(178)) - 9dbd5372-55c2-4532-b354-9494d3d545d2@group-F367C8FA5986-LeaderElection105: begin an election at term 45 for -1: [9b3ef6c9-0245-4756-bf80-45d41f7a4453:192.168.157.220:37058, cd11b2f5-3187-4d03-bd60-931991550c17:192.168.157.220:43236, 9dbd5372-55c2-4532-b354-9494d3d545d2:192.168.157.220:42993], old=null
2019-10-30 11:52:38,649 [grpc-default-executor-0] INFO  impl.RaftServerImpl (RaftServerImpl.java:setRole(184)) - 9b3ef6c9-0245-4756-bf80-45d41f7a4453@group-F367C8FA5986: changes role from  FOLLOWER to FOLLOWER at term 45 for recognizeCandidate:9dbd5372-55c2-4532-b354-9494d3d545d2
2019-10-30 11:52:38,649 [grpc-default-executor-4] INFO  impl.RaftServerImpl (RaftServerImpl.java:setRole(184)) - cd11b2f5-3187-4d03-bd60-931991550c17@group-F367C8FA5986: changes role from  FOLLOWER to FOLLOWER at term 45 for recognizeCandidate:9dbd5372-55c2-4532-b354-9494d3d545d2
2019-10-30 11:52:38,649 [grpc-default-executor-0] INFO  impl.RoleInfo (RoleInfo.java:shutdownFollowerState(121)) - 9b3ef6c9-0245-4756-bf80-45d41f7a4453: shutdown FollowerState
2019-10-30 11:52:38,650 [grpc-default-executor-4] INFO  impl.RoleInfo (RoleInfo.java:shutdownFollowerState(121)) - cd11b2f5-3187-4d03-bd60-931991550c17: shutdown FollowerState
2019-10-30 11:52:38,650 [Thread-1012] INFO  impl.FollowerState (FollowerState.java:run(117)) - 9b3ef6c9-0245-4756-bf80-45d41f7a4453@group-F367C8FA5986-FollowerState was interrupted: java.lang.InterruptedException: sleep interrupted
2019-10-30 11:52:38,650 [grpc-default-executor-0] INFO  impl.RoleInfo (RoleInfo.java:updateAndGet(143)) - 9b3ef6c9-0245-4756-bf80-45d41f7a4453: start FollowerState
2019-10-30 11:52:38,650 [Thread-1013] INFO  impl.FollowerState (FollowerState.java:run(117)) - cd11b2f5-3187-4d03-bd60-931991550c17@group-F367C8FA5986-FollowerState was interrupted: java.lang.InterruptedException: sleep interrupted
2019-10-30 11:52:38,650 [grpc-default-executor-4] INFO  impl.RoleInfo (RoleInfo.java:updateAndGet(143)) - cd11b2f5-3187-4d03-bd60-931991550c17: start FollowerState
2019-10-30 11:52:38,656 [9dbd5372-55c2-4532-b354-9494d3d545d2@group-F367C8FA5986-LeaderElection105] INFO  impl.LeaderElection (LeaderElection.java:logAndReturn(56)) - 9dbd5372-55c2-4532-b354-9494d3d545d2@group-F367C8FA5986-LeaderElection105: Election REJECTED; received 2 response(s) [9dbd5372-55c2-4532-b354-9494d3d545d2<-9b3ef6c9-0245-4756-bf80-45d41f7a4453#0:FAIL-t45, 9dbd5372-55c2-4532-b354-9494d3d545d2<-cd11b2f5-3187-4d03-bd60-931991550c17#0:FAIL-t45] and 0 exception(s); 9dbd5372-55c2-4532-b354-9494d3d545d2@group-F367C8FA5986:t45, leader=null, voted=9dbd5372-55c2-4532-b354-9494d3d545d2, raftlog=9dbd5372-55c2-4532-b354-9494d3d545d2@group-F367C8FA5986-SegmentedRaftLog:OPENED:c-1,f-1,i0, conf=-1: [9b3ef6c9-0245-4756-bf80-45d41f7a4453:192.168.157.220:37058, cd11b2f5-3187-4d03-bd60-931991550c17:192.168.157.220:43236, 9dbd5372-55c2-4532-b354-9494d3d545d2:192.168.157.220:42993], old=null
2019-10-30 11:52:38,656 [9dbd5372-55c2-4532-b354-9494d3d545d2@group-F367C8FA5986-LeaderElection105] INFO  impl.RaftServerImpl (RaftServerImpl.java:setRole(184)) - 9dbd5372-55c2-4532-b354-9494d3d545d2@group-F367C8FA5986: changes role from CANDIDATE to FOLLOWER at term 45 for DISCOVERED_A_NEW_TERM
2019-10-30 11:52:38,656 [9dbd5372-55c2-4532-b354-9494d3d545d2@group-F367C8FA5986-LeaderElection105] INFO  impl.RoleInfo (RoleInfo.java:shutdownLeaderElection(134)) - 9dbd5372-55c2-4532-b354-9494d3d545d2: shutdown LeaderElection
2019-10-30 11:52:38,656 [9dbd5372-55c2-4532-b354-9494d3d545d2@group-F367C8FA5986-LeaderElection105] INFO  impl.RoleInfo (RoleInfo.java:updateAndGet(143)) - 9dbd5372-55c2-4532-b354-9494d3d545d2: start FollowerState
2019-10-30 11:52:38,715 [Thread-1020] INFO  impl.FollowerState (FollowerState.java:run(108)) - f26e10ed-fb17-49e6-a903-eadc130d13d1@group-83984122B78E-FollowerState: change to CANDIDATE, lastRpcTime:200ms, electionTimeout:200ms
2019-10-30 11:52:38,715 [Thread-1020] INFO  impl.RoleInfo (RoleInfo.java:shutdownFollowerState(121)) - f26e10ed-fb17-49e6-a903-eadc130d13d1: shutdown FollowerState
2019-10-30 11:52:38,715 [Thread-1020] INFO  impl.RaftServerImpl (RaftServerImpl.java:setRole(184)) - f26e10ed-fb17-49e6-a903-eadc130d13d1@group-83984122B78E: changes role from  FOLLOWER to CANDIDATE at term 53 for changeToCandidate
2019-10-30 11:52:38,715 [Thread-1020] INFO  impl.RoleInfo (RoleInfo.java:updateAndGet(143)) - f26e10ed-fb17-49e6-a903-eadc130d13d1: start LeaderElection
2019-10-30 11:52:38,729 [f26e10ed-fb17-49e6-a903-eadc130d13d1@group-83984122B78E-LeaderElection106] INFO  impl.LeaderElection (LeaderElection.java:askForVotes(178)) - f26e10ed-fb17-49e6-a903-eadc130d13d1@group-83984122B78E-LeaderElection106: begin an election at term 54 for -1: [4f16e274-8663-4a15-9c4c-c81f650ab979:192.168.157.220:38181, 4cc44201-a597-43af-a4ec-5b1b407a6250:192.168.157.220:36685, f26e10ed-fb17-49e6-a903-eadc130d13d1:192.168.157.220:32806], old=null
2019-10-30 11:52:38,730 [grpc-default-executor-0] INFO  impl.RaftServerImpl (RaftServerImpl.java:setRole(184)) - 4cc44201-a597-43af-a4ec-5b1b407a6250@group-83984122B78E: changes role from  FOLLOWER to FOLLOWER at term 54 for recognizeCandidate:f26e10ed-fb17-49e6-a903-eadc130d13d1
2019-10-30 11:52:38,730 [grpc-default-executor-4] INFO  impl.RaftServerImpl (RaftServerImpl.java:setRole(184)) - 4f16e274-8663-4a15-9c4c-c81f650ab979@group-83984122B78E: changes role from  FOLLOWER to FOLLOWER at term 54 for recognizeCandidate:f26e10ed-fb17-49e6-a903-eadc130d13d1
2019-10-30 11:52:38,730 [grpc-default-executor-4] INFO  impl.RoleInfo (RoleInfo.java:shutdownFollowerState(121)) - 4f16e274-8663-4a15-9c4c-c81f650ab979: shutdown FollowerState
2019-10-30 11:52:38,730 [grpc-default-executor-0] INFO  impl.RoleInfo (RoleInfo.java:shutdownFollowerState(121)) - 4cc44201-a597-43af-a4ec-5b1b407a6250: shutdown FollowerState
2019-10-30 11:52:38,731 [Thread-1018] INFO  impl.FollowerState (FollowerState.java:run(117)) - 4f16e274-8663-4a15-9c4c-c81f650ab979@group-83984122B78E-FollowerState was interrupted: java.lang.InterruptedException: sleep interrupted
2019-10-30 11:52:38,731 [grpc-default-executor-4] INFO  impl.RoleInfo (RoleInfo.java:updateAndGet(143)) - 4f16e274-8663-4a15-9c4c-c81f650ab979: start FollowerState
2019-10-30 11:52:38,731 [grpc-default-executor-0] INFO  impl.RoleInfo (RoleInfo.java:updateAndGet(143)) - 4cc44201-a597-43af-a4ec-5b1b407a6250: start FollowerState
2019-10-30 11:52:38,731 [Thread-1019] INFO  impl.FollowerState (FollowerState.java:run(117)) - 4cc44201-a597-43af-a4ec-5b1b407a6250@group-83984122B78E-FollowerState was interrupted: java.lang.InterruptedException: sleep interrupted
2019-10-30 11:52:38,741 [f26e10ed-fb17-49e6-a903-eadc130d13d1@group-83984122B78E-LeaderElection106] INFO  impl.LeaderElection (LeaderElection.java:logAndReturn(56)) - f26e10ed-fb17-49e6-a903-eadc130d13d1@group-83984122B78E-LeaderElection106: Election REJECTED; received 2 response(s) [f26e10ed-fb17-49e6-a903-eadc130d13d1<-4f16e274-8663-4a15-9c4c-c81f650ab979#0:FAIL-t54, f26e10ed-fb17-49e6-a903-eadc130d13d1<-4cc44201-a597-43af-a4ec-5b1b407a6250#0:FAIL-t54] and 0 exception(s); f26e10ed-fb17-49e6-a903-eadc130d13d1@group-83984122B78E:t54, leader=null, voted=f26e10ed-fb17-49e6-a903-eadc130d13d1, raftlog=f26e10ed-fb17-49e6-a903-eadc130d13d1@group-83984122B78E-SegmentedRaftLog:OPENED:c-1,f-1,i0, conf=-1: [4f16e274-8663-4a15-9c4c-c81f650ab979:192.168.157.220:38181, 4cc44201-a597-43af-a4ec-5b1b407a6250:192.168.157.220:36685, f26e10ed-fb17-49e6-a903-eadc130d13d1:192.168.157.220:32806], old=null
2019-10-30 11:52:38,741 [f26e10ed-fb17-49e6-a903-eadc130d13d1@group-83984122B78E-LeaderElection106] INFO  impl.RaftServerImpl (RaftServerImpl.java:setRole(184)) - f26e10ed-fb17-49e6-a903-eadc130d13d1@group-83984122B78E: changes role from CANDIDATE to FOLLOWER at term 54 for DISCOVERED_A_NEW_TERM
2019-10-30 11:52:38,741 [f26e10ed-fb17-49e6-a903-eadc130d13d1@group-83984122B78E-LeaderElection106] INFO  impl.RoleInfo (RoleInfo.java:shutdownLeaderElection(134)) - f26e10ed-fb17-49e6-a903-eadc130d13d1: shutdown LeaderElection
2019-10-30 11:52:38,742 [f26e10ed-fb17-49e6-a903-eadc130d13d1@group-83984122B78E-LeaderElection106] INFO  impl.RoleInfo (RoleInfo.java:updateAndGet(143)) - f26e10ed-fb17-49e6-a903-eadc130d13d1: start FollowerState
2019-10-30 11:52:38,787 [Thread-1026] INFO  impl.FollowerState (FollowerState.java:run(108)) - 9dbd5372-55c2-4532-b354-9494d3d545d2@group-F367C8FA5986-FollowerState: change to CANDIDATE, lastRpcTime:131ms, electionTimeout:131ms
2019-10-30 11:52:38,787 [Thread-1026] INFO  impl.RoleInfo (RoleInfo.java:shutdownFollowerState(121)) - 9dbd5372-55c2-4532-b354-9494d3d545d2: shutdown FollowerState
2019-10-30 11:52:38,787 [Thread-1026] INFO  impl.RaftServerImpl (RaftServerImpl.java:setRole(184)) - 9dbd5372-55c2-4532-b354-9494d3d545d2@group-F367C8FA5986: changes role from  FOLLOWER to CANDIDATE at term 45 for changeToCandidate
2019-10-30 11:52:38,788 [Thread-1026] INFO  impl.RoleInfo (RoleInfo.java:updateAndGet(143)) - 9dbd5372-55c2-4532-b354-9494d3d545d2: start LeaderElection
2019-10-30 11:52:38,791 [Thread-1032] INFO  impl.FollowerState (FollowerState.java:run(108)) - f26e10ed-fb17-49e6-a903-eadc130d13d1@group-83984122B78E-FollowerState: change to CANDIDATE, lastRpcTime:49ms, electionTimeout:49ms
2019-10-30 11:52:38,791 [Thread-1032] INFO  impl.RoleInfo (RoleInfo.java:shutdownFollowerState(121)) - f26e10ed-fb17-49e6-a903-eadc130d13d1: shutdown FollowerState
2019-10-30 11:52:38,791 [Thread-1032] INFO  impl.RaftServerImpl (RaftServerImpl.java:setRole(184)) - f26e10ed-fb17-49e6-a903-eadc130d13d1@group-83984122B78E: changes role from  FOLLOWER to CANDIDATE at term 54 for changeToCandidate
2019-10-30 11:52:38,791 [Thread-1032] INFO  impl.RoleInfo (RoleInfo.java:updateAndGet(143)) - f26e10ed-fb17-49e6-a903-eadc130d13d1: start LeaderElection
2019-10-30 11:52:38,796 [f26e10ed-fb17-49e6-a903-eadc130d13d1@group-83984122B78E-LeaderElection108] INFO  impl.LeaderElection (LeaderElection.java:askForVotes(178)) - f26e10ed-fb17-49e6-a903-eadc130d13d1@group-83984122B78E-LeaderElection108: begin an election at term 55 for -1: [4f16e274-8663-4a15-9c4c-c81f650ab979:192.168.157.220:38181, 4cc44201-a597-43af-a4ec-5b1b407a6250:192.168.157.220:36685, f26e10ed-fb17-49e6-a903-eadc130d13d1:192.168.157.220:32806], old=null
2019-10-30 11:52:38,796 [9dbd5372-55c2-4532-b354-9494d3d545d2@group-F367C8FA5986-LeaderElection107] INFO  impl.LeaderElection (LeaderElection.java:askForVotes(178)) - 9dbd5372-55c2-4532-b354-9494d3d545d2@group-F367C8FA5986-LeaderElection107: begin an election at term 46 for -1: [9b3ef6c9-0245-4756-bf80-45d41f7a4453:192.168.157.220:37058, cd11b2f5-3187-4d03-bd60-931991550c17:192.168.157.220:43236, 9dbd5372-55c2-4532-b354-9494d3d545d2:192.168.157.220:42993], old=null
2019-10-30 11:52:38,798 [grpc-default-executor-4] INFO  impl.RaftServerImpl (RaftServerImpl.java:setRole(184)) - 4cc44201-a597-43af-a4ec-5b1b407a6250@group-83984122B78E: changes role from  FOLLOWER to FOLLOWER at term 55 for recognizeCandidate:f26e10ed-fb17-49e6-a903-eadc130d13d1
2019-10-30 11:52:38,798 [grpc-default-executor-0] INFO  impl.RaftServerImpl (RaftServerImpl.java:setRole(184)) - 9b3ef6c9-0245-4756-bf80-45d41f7a4453@group-F367C8FA5986: changes role from  FOLLOWER to FOLLOWER at term 46 for recognizeCandidate:9dbd5372-55c2-4532-b354-9494d3d545d2
2019-10-30 11:52:38,798 [grpc-default-executor-0] INFO  impl.RoleInfo (RoleInfo.java:shutdownFollowerState(121)) - 9b3ef6c9-0245-4756-bf80-45d41f7a4453: shutdown FollowerState
2019-10-30 11:52:38,799 [grpc-default-executor-0] INFO  impl.RoleInfo (RoleInfo.java:updateAndGet(143)) - 9b3ef6c9-0245-4756-bf80-45d41f7a4453: start FollowerState
2019-10-30 11:52:38,798 [grpc-default-executor-8] INFO  impl.RaftServerImpl (RaftServerImpl.java:setRole(184)) - 4f16e274-8663-4a15-9c4c-c81f650ab979@group-83984122B78E: changes role from  FOLLOWER to FOLLOWER at term 55 for recognizeCandidate:f26e10ed-fb17-49e6-a903-eadc130d13d1
2019-10-30 11:52:38,798 [grpc-default-executor-4] INFO  impl.RoleInfo (RoleInfo.java:shutdownFollowerState(121)) - 4cc44201-a597-43af-a4ec-5b1b407a6250: shutdown FollowerState
2019-10-30 11:52:38,799 [grpc-default-executor-8] INFO  impl.RoleInfo (RoleInfo.java:shutdownFollowerState(121)) - 4f16e274-8663-4a15-9c4c-c81f650ab979: shutdown FollowerState
2019-10-30 11:52:38,799 [Thread-1024] INFO  impl.FollowerState (FollowerState.java:run(117)) - 9b3ef6c9-0245-4756-bf80-45d41f7a4453@group-F367C8FA5986-FollowerState was interrupted: java.lang.InterruptedException: sleep interrupted
2019-10-30 11:52:38,799 [grpc-default-executor-9] INFO  impl.RaftServerImpl (RaftServerImpl.java:setRole(184)) - cd11b2f5-3187-4d03-bd60-931991550c17@group-F367C8FA5986: changes role from  FOLLOWER to FOLLOWER at term 46 for recognizeCandidate:9dbd5372-55c2-4532-b354-9494d3d545d2
2019-10-30 11:52:38,799 [grpc-default-executor-9] INFO  impl.RoleInfo (RoleInfo.java:shutdownFollowerState(121)) - cd11b2f5-3187-4d03-bd60-931991550c17: shutdown FollowerState
2019-10-30 11:52:38,799 [grpc-default-executor-9] INFO  impl.RoleInfo (RoleInfo.java:updateAndGet(143)) - cd11b2f5-3187-4d03-bd60-931991550c17: start FollowerState
2019-10-30 11:52:38,799 [Thread-1031] INFO  impl.FollowerState (FollowerState.java:run(117)) - 4cc44201-a597-43af-a4ec-5b1b407a6250@group-83984122B78E-FollowerState was interrupted: java.lang.InterruptedException: sleep interrupted
2019-10-30 11:52:38,799 [Thread-1030] INFO  impl.FollowerState (FollowerState.java:run(117)) - 4f16e274-8663-4a15-9c4c-c81f650ab979@group-83984122B78E-FollowerState was interrupted: java.lang.InterruptedException: sleep interrupted
2019-10-30 11:52:38,799 [grpc-default-executor-8] INFO  impl.RoleInfo (RoleInfo.java:updateAndGet(143)) - 4f16e274-8663-4a15-9c4c-c81f650ab979: start FollowerState
2019-10-30 11:52:38,799 [grpc-default-executor-4] INFO  impl.RoleInfo (RoleInfo.java:updateAndGet(143)) - 4cc44201-a597-43af-a4ec-5b1b407a6250: start FollowerState
2019-10-30 11:52:38,799 [Thread-1025] INFO  impl.FollowerState (FollowerState.java:run(117)) - cd11b2f5-3187-4d03-bd60-931991550c17@group-F367C8FA5986-FollowerState was interrupted: java.lang.InterruptedException: sleep interrupted
2019-10-30 11:52:38,808 [f26e10ed-fb17-49e6-a903-eadc130d13d1@group-83984122B78E-LeaderElection108] INFO  impl.LeaderElection (LeaderElection.java:logAndReturn(56)) - f26e10ed-fb17-49e6-a903-eadc130d13d1@group-83984122B78E-LeaderElection108: Election REJECTED; received 2 response(s) [f26e10ed-fb17-49e6-a903-eadc130d13d1<-4f16e274-8663-4a15-9c4c-c81f650ab979#0:FAIL-t55, f26e10ed-fb17-49e6-a903-eadc130d13d1<-4cc44201-a597-43af-a4ec-5b1b407a6250#0:FAIL-t55] and 0 exception(s); f26e10ed-fb17-49e6-a903-eadc130d13d1@group-83984122B78E:t55, leader=null, voted=f26e10ed-fb17-49e6-a903-eadc130d13d1, raftlog=f26e10ed-fb17-49e6-a903-eadc130d13d1@group-83984122B78E-SegmentedRaftLog:OPENED:c-1,f-1,i0, conf=-1: [4f16e274-8663-4a15-9c4c-c81f650ab979:192.168.157.220:38181, 4cc44201-a597-43af-a4ec-5b1b407a6250:192.168.157.220:36685, f26e10ed-fb17-49e6-a903-eadc130d13d1:192.168.157.220:32806], old=null
2019-10-30 11:52:38,808 [f26e10ed-fb17-49e6-a903-eadc130d13d1@group-83984122B78E-LeaderElection108] INFO  impl.RaftServerImpl (RaftServerImpl.java:setRole(184)) - f26e10ed-fb17-49e6-a903-eadc130d13d1@group-83984122B78E: changes role from CANDIDATE to FOLLOWER at term 55 for DISCOVERED_A_NEW_TERM
2019-10-30 11:52:38,808 [f26e10ed-fb17-49e6-a903-eadc130d13d1@group-83984122B78E-LeaderElection108] INFO  impl.RoleInfo (RoleInfo.java:shutdownLeaderElection(134)) - f26e10ed-fb17-49e6-a903-eadc130d13d1: shutdown LeaderElection
2019-10-30 11:52:38,808 [f26e10ed-fb17-49e6-a903-eadc130d13d1@group-83984122B78E-LeaderElection108] INFO  impl.RoleInfo (RoleInfo.java:updateAndGet(143)) - f26e10ed-fb17-49e6-a903-eadc130d13d1: start FollowerState
2019-10-30 11:52:38,809 [9dbd5372-55c2-4532-b354-9494d3d545d2@group-F367C8FA5986-LeaderElection107] INFO  impl.LeaderElection (LeaderElection.java:logAndReturn(56)) - 9dbd5372-55c2-4532-b354-9494d3d545d2@group-F367C8FA5986-LeaderElection107: Election REJECTED; received 2 response(s) [9dbd5372-55c2-4532-b354-9494d3d545d2<-9b3ef6c9-0245-4756-bf80-45d41f7a4453#0:FAIL-t46, 9dbd5372-55c2-4532-b354-9494d3d545d2<-cd11b2f5-3187-4d03-bd60-931991550c17#0:FAIL-t46] and 0 exception(s); 9dbd5372-55c2-4532-b354-9494d3d545d2@group-F367C8FA5986:t46, leader=null, voted=9dbd5372-55c2-4532-b354-9494d3d545d2, raftlog=9dbd5372-55c2-4532-b354-9494d3d545d2@group-F367C8FA5986-SegmentedRaftLog:OPENED:c-1,f-1,i0, conf=-1: [9b3ef6c9-0245-4756-bf80-45d41f7a4453:192.168.157.220:37058, cd11b2f5-3187-4d03-bd60-931991550c17:192.168.157.220:43236, 9dbd5372-55c2-4532-b354-9494d3d545d2:192.168.157.220:42993], old=null
2019-10-30 11:52:38,809 [9dbd5372-55c2-4532-b354-9494d3d545d2@group-F367C8FA5986-LeaderElection107] INFO  impl.RaftServerImpl (RaftServerImpl.java:setRole(184)) - 9dbd5372-55c2-4532-b354-9494d3d545d2@group-F367C8FA5986: changes role from CANDIDATE to FOLLOWER at term 46 for DISCOVERED_A_NEW_TERM
2019-10-30 11:52:38,809 [9dbd5372-55c2-4532-b354-9494d3d545d2@group-F367C8FA5986-LeaderElection107] INFO  impl.RoleInfo (RoleInfo.java:shutdownLeaderElection(134)) - 9dbd5372-55c2-4532-b354-9494d3d545d2: shutdown LeaderElection
2019-10-30 11:52:38,810 [9dbd5372-55c2-4532-b354-9494d3d545d2@group-F367C8FA5986-LeaderElection107] INFO  impl.RoleInfo (RoleInfo.java:updateAndGet(143)) - 9dbd5372-55c2-4532-b354-9494d3d545d2: start FollowerState
2019-10-30 11:52:38,867 [Thread-1043] INFO  impl.FollowerState (FollowerState.java:run(108)) - f26e10ed-fb17-49e6-a903-eadc130d13d1@group-83984122B78E-FollowerState: change to CANDIDATE, lastRpcTime:58ms, electionTimeout:58ms
2019-10-30 11:52:38,867 [Thread-1043] INFO  impl.RoleInfo (RoleInfo.java:shutdownFollowerState(121)) - f26e10ed-fb17-49e6-a903-eadc130d13d1: shutdown FollowerState
2019-10-30 11:52:38,867 [Thread-1043] INFO  impl.RaftServerImpl (RaftServerImpl.java:setRole(184)) - f26e10ed-fb17-49e6-a903-eadc130d13d1@group-83984122B78E: changes role from  FOLLOWER to CANDIDATE at term 55 for changeToCandidate
2019-10-30 11:52:38,867 [Thread-1043] INFO  impl.RoleInfo (RoleInfo.java:updateAndGet(143)) - f26e10ed-fb17-49e6-a903-eadc130d13d1: start LeaderElection
2019-10-30 11:52:38,872 [f26e10ed-fb17-49e6-a903-eadc130d13d1@group-83984122B78E-LeaderElection109] INFO  impl.LeaderElection (LeaderElection.java:askForVotes(178)) - f26e10ed-fb17-49e6-a903-eadc130d13d1@group-83984122B78E-LeaderElection109: begin an election at term 56 for -1: [4f16e274-8663-4a15-9c4c-c81f650ab979:192.168.157.220:38181, 4cc44201-a597-43af-a4ec-5b1b407a6250:192.168.157.220:36685, f26e10ed-fb17-49e6-a903-eadc130d13d1:192.168.157.220:32806], old=null
2019-10-30 11:52:38,874 [grpc-default-executor-8] INFO  impl.RaftServerImpl (RaftServerImpl.java:setRole(184)) - 4cc44201-a597-43af-a4ec-5b1b407a6250@group-83984122B78E: changes role from  FOLLOWER to FOLLOWER at term 56 for recognizeCandidate:f26e10ed-fb17-49e6-a903-eadc130d13d1
2019-10-30 11:52:38,875 [grpc-default-executor-8] INFO  impl.RoleInfo (RoleInfo.java:shutdownFollowerState(121)) - 4cc44201-a597-43af-a4ec-5b1b407a6250: shutdown FollowerState
2019-10-30 11:52:38,875 [grpc-default-executor-4] INFO  impl.RaftServerImpl (RaftServerImpl.java:setRole(184)) - 4f16e274-8663-4a15-9c4c-c81f650ab979@group-83984122B78E: changes role from  FOLLOWER to FOLLOWER at term 56 for recognizeCandidate:f26e10ed-fb17-49e6-a903-eadc130d13d1
2019-10-30 11:52:38,875 [Thread-1040] INFO  impl.FollowerState (FollowerState.java:run(117)) - 4cc44201-a597-43af-a4ec-5b1b407a6250@group-83984122B78E-FollowerState was interrupted: java.lang.InterruptedException: sleep interrupted
2019-10-30 11:52:38,875 [grpc-default-executor-8] INFO  impl.RoleInfo (RoleInfo.java:updateAndGet(143)) - 4cc44201-a597-43af-a4ec-5b1b407a6250: start FollowerState
2019-10-30 11:52:38,875 [grpc-default-executor-4] INFO  impl.RoleInfo (RoleInfo.java:shutdownFollowerState(121)) - 4f16e274-8663-4a15-9c4c-c81f650ab979: shutdown FollowerState
2019-10-30 11:52:38,875 [grpc-default-executor-4] INFO  impl.RoleInfo (RoleInfo.java:updateAndGet(143)) - 4f16e274-8663-4a15-9c4c-c81f650ab979: start FollowerState
2019-10-30 11:52:38,875 [Thread-1041] INFO  impl.FollowerState (FollowerState.java:run(117)) - 4f16e274-8663-4a15-9c4c-c81f650ab979@group-83984122B78E-FollowerState was interrupted: java.lang.InterruptedException: sleep interrupted
2019-10-30 11:52:38,892 [f26e10ed-fb17-49e6-a903-eadc130d13d1@group-83984122B78E-LeaderElection109] INFO  impl.LeaderElection (LeaderElection.java:logAndReturn(56)) - f26e10ed-fb17-49e6-a903-eadc130d13d1@group-83984122B78E-LeaderElection109: Election REJECTED; received 2 response(s) [f26e10ed-fb17-49e6-a903-eadc130d13d1<-4f16e274-8663-4a15-9c4c-c81f650ab979#0:FAIL-t56, f26e10ed-fb17-49e6-a903-eadc130d13d1<-4cc44201-a597-43af-a4ec-5b1b407a6250#0:FAIL-t56] and 0 exception(s); f26e10ed-fb17-49e6-a903-eadc130d13d1@group-83984122B78E:t56, leader=null, voted=f26e10ed-fb17-49e6-a903-eadc130d13d1, raftlog=f26e10ed-fb17-49e6-a903-eadc130d13d1@group-83984122B78E-SegmentedRaftLog:OPENED:c-1,f-1,i0, conf=-1: [4f16e274-8663-4a15-9c4c-c81f650ab979:192.168.157.220:38181, 4cc44201-a597-43af-a4ec-5b1b407a6250:192.168.157.220:36685, f26e10ed-fb17-49e6-a903-eadc130d13d1:192.168.157.220:32806], old=null
2019-10-30 11:52:38,893 [f26e10ed-fb17-49e6-a903-eadc130d13d1@group-83984122B78E-LeaderElection109] INFO  impl.RaftServerImpl (RaftServerImpl.java:setRole(184)) - f26e10ed-fb17-49e6-a903-eadc130d13d1@group-83984122B78E: changes role from CANDIDATE to FOLLOWER at term 56 for DISCOVERED_A_NEW_TERM
2019-10-30 11:52:38,893 [f26e10ed-fb17-49e6-a903-eadc130d13d1@group-83984122B78E-LeaderElection109] INFO  impl.RoleInfo (RoleInfo.java:shutdownLeaderElection(134)) - f26e10ed-fb17-49e6-a903-eadc130d13d1: shutdown LeaderElection
2019-10-30 11:52:38,893 [f26e10ed-fb17-49e6-a903-eadc130d13d1@group-83984122B78E-LeaderElection109] INFO  impl.RoleInfo (RoleInfo.java:updateAndGet(143)) - f26e10ed-fb17-49e6-a903-eadc130d13d1: start FollowerState
2019-10-30 11:52:38,944 [Thread-1044] INFO  impl.FollowerState (FollowerState.java:run(108)) - 9dbd5372-55c2-4532-b354-9494d3d545d2@group-F367C8FA5986-FollowerState: change to CANDIDATE, lastRpcTime:134ms, electionTimeout:134ms
2019-10-30 11:52:38,944 [Thread-1044] INFO  impl.RoleInfo (RoleInfo.java:shutdownFollowerState(121)) - 9dbd5372-55c2-4532-b354-9494d3d545d2: shutdown FollowerState
2019-10-30 11:52:38,944 [Thread-1044] INFO  impl.RaftServerImpl (RaftServerImpl.java:setRole(184)) - 9dbd5372-55c2-4532-b354-9494d3d545d2@group-F367C8FA5986: changes role from  FOLLOWER to CANDIDATE at term 46 for changeToCandidate
2019-10-30 11:52:38,944 [Thread-1044] INFO  impl.RoleInfo (RoleInfo.java:updateAndGet(143)) - 9dbd5372-55c2-4532-b354-9494d3d545d2: start LeaderElection
2019-10-30 11:52:38,955 [9dbd5372-55c2-4532-b354-9494d3d545d2@group-F367C8FA5986-LeaderElection110] INFO  impl.LeaderElection (LeaderElection.java:askForVotes(178)) - 9dbd5372-55c2-4532-b354-9494d3d545d2@group-F367C8FA5986-LeaderElection110: begin an election at term 47 for -1: [9b3ef6c9-0245-4756-bf80-45d41f7a4453:192.168.157.220:37058, cd11b2f5-3187-4d03-bd60-931991550c17:192.168.157.220:43236, 9dbd5372-55c2-4532-b354-9494d3d545d2:192.168.157.220:42993], old=null
2019-10-30 11:52:38,957 [grpc-default-executor-8] INFO  impl.RaftServerImpl (RaftServerImpl.java:setRole(184)) - cd11b2f5-3187-4d03-bd60-931991550c17@group-F367C8FA5986: changes role from  FOLLOWER to FOLLOWER at term 47 for recognizeCandidate:9dbd5372-55c2-4532-b354-9494d3d545d2
2019-10-30 11:52:38,957 [grpc-default-executor-8] INFO  impl.RoleInfo (RoleInfo.java:shutdownFollowerState(121)) - cd11b2f5-3187-4d03-bd60-931991550c17: shutdown FollowerState
2019-10-30 11:52:38,957 [grpc-default-executor-8] INFO  impl.RoleInfo (RoleInfo.java:updateAndGet(143)) - cd11b2f5-3187-4d03-bd60-931991550c17: start FollowerState
2019-10-30 11:52:38,957 [Thread-1042] INFO  impl.FollowerState (FollowerState.java:run(117)) - cd11b2f5-3187-4d03-bd60-931991550c17@group-F367C8FA5986-FollowerState was interrupted: java.lang.InterruptedException: sleep interrupted
2019-10-30 11:52:38,960 [grpc-default-executor-4] INFO  impl.RaftServerImpl (RaftServerImpl.java:setRole(184)) - 9b3ef6c9-0245-4756-bf80-45d41f7a4453@group-F367C8FA5986: changes role from  FOLLOWER to FOLLOWER at term 47 for recognizeCandidate:9dbd5372-55c2-4532-b354-9494d3d545d2
2019-10-30 11:52:38,960 [grpc-default-executor-4] INFO  impl.RoleInfo (RoleInfo.java:shutdownFollowerState(121)) - 9b3ef6c9-0245-4756-bf80-45d41f7a4453: shutdown FollowerState
2019-10-30 11:52:38,960 [grpc-default-executor-4] INFO  impl.RoleInfo (RoleInfo.java:updateAndGet(143)) - 9b3ef6c9-0245-4756-bf80-45d41f7a4453: start FollowerState
2019-10-30 11:52:38,960 [Thread-1039] INFO  impl.FollowerState (FollowerState.java:run(117)) - 9b3ef6c9-0245-4756-bf80-45d41f7a4453@group-F367C8FA5986-FollowerState was interrupted: java.lang.InterruptedException: sleep interrupted
2019-10-30 11:52:38,970 [9dbd5372-55c2-4532-b354-9494d3d545d2@group-F367C8FA5986-LeaderElection110] INFO  impl.LeaderElection (LeaderElection.java:logAndReturn(56)) - 9dbd5372-55c2-4532-b354-9494d3d545d2@group-F367C8FA5986-LeaderElection110: Election REJECTED; received 2 response(s) [9dbd5372-55c2-4532-b354-9494d3d545d2<-9b3ef6c9-0245-4756-bf80-45d41f7a4453#0:FAIL-t47, 9dbd5372-55c2-4532-b354-9494d3d545d2<-cd11b2f5-3187-4d03-bd60-931991550c17#0:FAIL-t47] and 0 exception(s); 9dbd5372-55c2-4532-b354-9494d3d545d2@group-F367C8FA5986:t47, leader=null, voted=9dbd5372-55c2-4532-b354-9494d3d545d2, raftlog=9dbd5372-55c2-4532-b354-9494d3d545d2@group-F367C8FA5986-SegmentedRaftLog:OPENED:c-1,f-1,i0, conf=-1: [9b3ef6c9-0245-4756-bf80-45d41f7a4453:192.168.157.220:37058, cd11b2f5-3187-4d03-bd60-931991550c17:192.168.157.220:43236, 9dbd5372-55c2-4532-b354-9494d3d545d2:192.168.157.220:42993], old=null
2019-10-30 11:52:38,970 [9dbd5372-55c2-4532-b354-9494d3d545d2@group-F367C8FA5986-LeaderElection110] INFO  impl.RaftServerImpl (RaftServerImpl.java:setRole(184)) - 9dbd5372-55c2-4532-b354-9494d3d545d2@group-F367C8FA5986: changes role from CANDIDATE to FOLLOWER at term 47 for DISCOVERED_A_NEW_TERM
2019-10-30 11:52:38,970 [9dbd5372-55c2-4532-b354-9494d3d545d2@group-F367C8FA5986-LeaderElection110] INFO  impl.RoleInfo (RoleInfo.java:shutdownLeaderElection(134)) - 9dbd5372-55c2-4532-b354-9494d3d545d2: shutdown LeaderElection
2019-10-30 11:52:38,971 [9dbd5372-55c2-4532-b354-9494d3d545d2@group-F367C8FA5986-LeaderElection110] INFO  impl.RoleInfo (RoleInfo.java:updateAndGet(143)) - 9dbd5372-55c2-4532-b354-9494d3d545d2: start FollowerState
2019-10-30 11:52:38,987 [Thread-1052] INFO  impl.FollowerState (FollowerState.java:run(108)) - f26e10ed-fb17-49e6-a903-eadc130d13d1@group-83984122B78E-FollowerState: change to CANDIDATE, lastRpcTime:94ms, electionTimeout:94ms
2019-10-30 11:52:38,987 [Thread-1052] INFO  impl.RoleInfo (RoleInfo.java:shutdownFollowerState(121)) - f26e10ed-fb17-49e6-a903-eadc130d13d1: shutdown FollowerState
2019-10-30 11:52:38,987 [Thread-1052] INFO  impl.RaftServerImpl (RaftServerImpl.java:setRole(184)) - f26e10ed-fb17-49e6-a903-eadc130d13d1@group-83984122B78E: changes role from  FOLLOWER to CANDIDATE at term 56 for changeToCandidate
2019-10-30 11:52:38,987 [Thread-1052] INFO  impl.RoleInfo (RoleInfo.java:updateAndGet(143)) - f26e10ed-fb17-49e6-a903-eadc130d13d1: start LeaderElection
2019-10-30 11:52:38,996 [f26e10ed-fb17-49e6-a903-eadc130d13d1@group-83984122B78E-LeaderElection111] INFO  impl.LeaderElection (LeaderElection.java:askForVotes(178)) - f26e10ed-fb17-49e6-a903-eadc130d13d1@group-83984122B78E-LeaderElection111: begin an election at term 57 for -1: [4f16e274-8663-4a15-9c4c-c81f650ab979:192.168.157.220:38181, 4cc44201-a597-43af-a4ec-5b1b407a6250:192.168.157.220:36685, f26e10ed-fb17-49e6-a903-eadc130d13d1:192.168.157.220:32806], old=null
2019-10-30 11:52:38,997 [grpc-default-executor-8] INFO  impl.RaftServerImpl (RaftServerImpl.java:setRole(184)) - 4cc44201-a597-43af-a4ec-5b1b407a6250@group-83984122B78E: changes role from  FOLLOWER to FOLLOWER at term 57 for recognizeCandidate:f26e10ed-fb17-49e6-a903-eadc130d13d1
2019-10-30 11:52:38,998 [grpc-default-executor-4] INFO  impl.RaftServerImpl (RaftServerImpl.java:setRole(184)) - 4f16e274-8663-4a15-9c4c-c81f650ab979@group-83984122B78E: changes role from  FOLLOWER to FOLLOWER at term 57 for recognizeCandidate:f26e10ed-fb17-49e6-a903-eadc130d13d1
2019-10-30 11:52:38,998 [grpc-default-executor-8] INFO  impl.RoleInfo (RoleInfo.java:shutdownFollowerState(121)) - 4cc44201-a597-43af-a4ec-5b1b407a6250: shutdown FollowerState
2019-10-30 11:52:38,998 [grpc-default-executor-4] INFO  impl.RoleInfo (RoleInfo.java:shutdownFollowerState(121)) - 4f16e274-8663-4a15-9c4c-c81f650ab979: shutdown FollowerState
2019-10-30 11:52:38,998 [Thread-1050] INFO  impl.FollowerState (FollowerState.java:run(117)) - 4cc44201-a597-43af-a4ec-5b1b407a6250@group-83984122B78E-FollowerState was interrupted: java.lang.InterruptedException: sleep interrupted
2019-10-30 11:52:38,998 [grpc-default-executor-8] INFO  impl.RoleInfo (RoleInfo.java:updateAndGet(143)) - 4cc44201-a597-43af-a4ec-5b1b407a6250: start FollowerState
2019-10-30 11:52:38,998 [Thread-1051] INFO  impl.FollowerState (FollowerState.java:run(117)) - 4f16e274-8663-4a15-9c4c-c81f650ab979@group-83984122B78E-FollowerState was interrupted: java.lang.InterruptedException: sleep interrupted
2019-10-30 11:52:38,998 [grpc-default-executor-4] INFO  impl.RoleInfo (RoleInfo.java:updateAndGet(143)) - 4f16e274-8663-4a15-9c4c-c81f650ab979: start FollowerState
2019-10-30 11:52:39,020 [f26e10ed-fb17-49e6-a903-eadc130d13d1@group-83984122B78E-LeaderElection111] INFO  impl.LeaderElection (LeaderElection.java:logAndReturn(56)) - f26e10ed-fb17-49e6-a903-eadc130d13d1@group-83984122B78E-LeaderElection111: Election REJECTED; received 2 response(s) [f26e10ed-fb17-49e6-a903-eadc130d13d1<-4f16e274-8663-4a15-9c4c-c81f650ab979#0:FAIL-t57, f26e10ed-fb17-49e6-a903-eadc130d13d1<-4cc44201-a597-43af-a4ec-5b1b407a6250#0:FAIL-t57] and 0 exception(s); f26e10ed-fb17-49e6-a903-eadc130d13d1@group-83984122B78E:t57, leader=null, voted=f26e10ed-fb17-49e6-a903-eadc130d13d1, raftlog=f26e10ed-fb17-49e6-a903-eadc130d13d1@group-83984122B78E-SegmentedRaftLog:OPENED:c-1,f-1,i0, conf=-1: [4f16e274-8663-4a15-9c4c-c81f650ab979:192.168.157.220:38181, 4cc44201-a597-43af-a4ec-5b1b407a6250:192.168.157.220:36685, f26e10ed-fb17-49e6-a903-eadc130d13d1:192.168.157.220:32806], old=null
2019-10-30 11:52:39,021 [f26e10ed-fb17-49e6-a903-eadc130d13d1@group-83984122B78E-LeaderElection111] INFO  impl.RaftServerImpl (RaftServerImpl.java:setRole(184)) - f26e10ed-fb17-49e6-a903-eadc130d13d1@group-83984122B78E: changes role from CANDIDATE to FOLLOWER at term 57 for DISCOVERED_A_NEW_TERM
2019-10-30 11:52:39,021 [f26e10ed-fb17-49e6-a903-eadc130d13d1@group-83984122B78E-LeaderElection111] INFO  impl.RoleInfo (RoleInfo.java:shutdownLeaderElection(134)) - f26e10ed-fb17-49e6-a903-eadc130d13d1: shutdown LeaderElection
2019-10-30 11:52:39,021 [f26e10ed-fb17-49e6-a903-eadc130d13d1@group-83984122B78E-LeaderElection111] INFO  impl.RoleInfo (RoleInfo.java:updateAndGet(143)) - f26e10ed-fb17-49e6-a903-eadc130d13d1: start FollowerState
2019-10-30 11:52:39,051 [Thread-1060] INFO  impl.FollowerState (FollowerState.java:run(108)) - 9dbd5372-55c2-4532-b354-9494d3d545d2@group-F367C8FA5986-FollowerState: change to CANDIDATE, lastRpcTime:80ms, electionTimeout:80ms
2019-10-30 11:52:39,051 [Thread-1060] INFO  impl.RoleInfo (RoleInfo.java:shutdownFollowerState(121)) - 9dbd5372-55c2-4532-b354-9494d3d545d2: shutdown FollowerState
2019-10-30 11:52:39,051 [Thread-1060] INFO  impl.RaftServerImpl (RaftServerImpl.java:setRole(184)) - 9dbd5372-55c2-4532-b354-9494d3d545d2@group-F367C8FA5986: changes role from  FOLLOWER to CANDIDATE at term 47 for changeToCandidate
2019-10-30 11:52:39,051 [Thread-1060] INFO  impl.RoleInfo (RoleInfo.java:updateAndGet(143)) - 9dbd5372-55c2-4532-b354-9494d3d545d2: start LeaderElection
2019-10-30 11:52:39,061 [9dbd5372-55c2-4532-b354-9494d3d545d2@group-F367C8FA5986-LeaderElection112] INFO  impl.LeaderElection (LeaderElection.java:askForVotes(178)) - 9dbd5372-55c2-4532-b354-9494d3d545d2@group-F367C8FA5986-LeaderElection112: begin an election at term 48 for -1: [9b3ef6c9-0245-4756-bf80-45d41f7a4453:192.168.157.220:37058, cd11b2f5-3187-4d03-bd60-931991550c17:192.168.157.220:43236, 9dbd5372-55c2-4532-b354-9494d3d545d2:192.168.157.220:42993], old=null
2019-10-30 11:52:39,063 [grpc-default-executor-8] INFO  impl.RaftServerImpl (RaftServerImpl.java:setRole(184)) - cd11b2f5-3187-4d03-bd60-931991550c17@group-F367C8FA5986: changes role from  FOLLOWER to FOLLOWER at term 48 for recognizeCandidate:9dbd5372-55c2-4532-b354-9494d3d545d2
2019-10-30 11:52:39,063 [grpc-default-executor-4] INFO  impl.RaftServerImpl (RaftServerImpl.java:setRole(184)) - 9b3ef6c9-0245-4756-bf80-45d41f7a4453@group-F367C8FA5986: changes role from  FOLLOWER to FOLLOWER at term 48 for recognizeCandidate:9dbd5372-55c2-4532-b354-9494d3d545d2
2019-10-30 11:52:39,063 [grpc-default-executor-8] INFO  impl.RoleInfo (RoleInfo.java:shutdownFollowerState(121)) - cd11b2f5-3187-4d03-bd60-931991550c17: shutdown FollowerState
2019-10-30 11:52:39,063 [grpc-default-executor-4] INFO  impl.RoleInfo (RoleInfo.java:shutdownFollowerState(121)) - 9b3ef6c9-0245-4756-bf80-45d41f7a4453: shutdown FollowerState
2019-10-30 11:52:39,063 [Thread-1058] INFO  impl.FollowerState (FollowerState.java:run(117)) - cd11b2f5-3187-4d03-bd60-931991550c17@group-F367C8FA5986-FollowerState was interrupted: java.lang.InterruptedException: sleep interrupted
2019-10-30 11:52:39,063 [grpc-default-executor-8] INFO  impl.RoleInfo (RoleInfo.java:updateAndGet(143)) - cd11b2f5-3187-4d03-bd60-931991550c17: start FollowerState
2019-10-30 11:52:39,064 [Thread-1059] INFO  impl.FollowerState (FollowerState.java:run(117)) - 9b3ef6c9-0245-4756-bf80-45d41f7a4453@group-F367C8FA5986-FollowerState was interrupted: java.lang.InterruptedException: sleep interrupted
2019-10-30 11:52:39,063 [grpc-default-executor-4] INFO  impl.RoleInfo (RoleInfo.java:updateAndGet(143)) - 9b3ef6c9-0245-4756-bf80-45d41f7a4453: start FollowerState
2019-10-30 11:52:39,069 [9dbd5372-55c2-4532-b354-9494d3d545d2@group-F367C8FA5986-LeaderElection112] INFO  impl.LeaderElection (LeaderElection.java:logAndReturn(56)) - 9dbd5372-55c2-4532-b354-9494d3d545d2@group-F367C8FA5986-LeaderElection112: Election TIMEOUT; received 0 response(s) [] and 0 exception(s); 9dbd5372-55c2-4532-b354-9494d3d545d2@group-F367C8FA5986:t48, leader=null, voted=9dbd5372-55c2-4532-b354-9494d3d545d2, raftlog=9dbd5372-55c2-4532-b354-9494d3d545d2@group-F367C8FA5986-SegmentedRaftLog:OPENED:c-1,f-1,i0, conf=-1: [9b3ef6c9-0245-4756-bf80-45d41f7a4453:192.168.157.220:37058, cd11b2f5-3187-4d03-bd60-931991550c17:192.168.157.220:43236, 9dbd5372-55c2-4532-b354-9494d3d545d2:192.168.157.220:42993], old=null
2019-10-30 11:52:39,078 [9dbd5372-55c2-4532-b354-9494d3d545d2@group-F367C8FA5986-LeaderElection112] INFO  impl.LeaderElection (LeaderElection.java:askForVotes(178)) - 9dbd5372-55c2-4532-b354-9494d3d545d2@group-F367C8FA5986-LeaderElection112: begin an election at term 49 for -1: [9b3ef6c9-0245-4756-bf80-45d41f7a4453:192.168.157.220:37058, cd11b2f5-3187-4d03-bd60-931991550c17:192.168.157.220:43236, 9dbd5372-55c2-4532-b354-9494d3d545d2:192.168.157.220:42993], old=null
2019-10-30 11:52:39,081 [grpc-default-executor-4] INFO  impl.RaftServerImpl (RaftServerImpl.java:setRole(184)) - 9b3ef6c9-0245-4756-bf80-45d41f7a4453@group-F367C8FA5986: changes role from  FOLLOWER to FOLLOWER at term 49 for recognizeCandidate:9dbd5372-55c2-4532-b354-9494d3d545d2
2019-10-30 11:52:39,081 [grpc-default-executor-8] INFO  impl.RaftServerImpl (RaftServerImpl.java:setRole(184)) - cd11b2f5-3187-4d03-bd60-931991550c17@group-F367C8FA5986: changes role from  FOLLOWER to FOLLOWER at term 49 for recognizeCandidate:9dbd5372-55c2-4532-b354-9494d3d545d2
2019-10-30 11:52:39,081 [grpc-default-executor-4] INFO  impl.RoleInfo (RoleInfo.java:shutdownFollowerState(121)) - 9b3ef6c9-0245-4756-bf80-45d41f7a4453: shutdown FollowerState
2019-10-30 11:52:39,081 [grpc-default-executor-8] INFO  impl.RoleInfo (RoleInfo.java:shutdownFollowerState(121)) - cd11b2f5-3187-4d03-bd60-931991550c17: shutdown FollowerState
2019-10-30 11:52:39,081 [grpc-default-executor-4] INFO  impl.RoleInfo (RoleInfo.java:updateAndGet(143)) - 9b3ef6c9-0245-4756-bf80-45d41f7a4453: start FollowerState
2019-10-30 11:52:39,081 [grpc-default-executor-8] INFO  impl.RoleInfo (RoleInfo.java:updateAndGet(143)) - cd11b2f5-3187-4d03-bd60-931991550c17: start FollowerState
2019-10-30 11:52:39,082 [Thread-1071] INFO  impl.FollowerState (FollowerState.java:run(117)) - 9b3ef6c9-0245-4756-bf80-45d41f7a4453@group-F367C8FA5986-FollowerState was interrupted: java.lang.InterruptedException: sleep interrupted
2019-10-30 11:52:39,082 [Thread-1070] INFO  impl.FollowerState (FollowerState.java:run(117)) - cd11b2f5-3187-4d03-bd60-931991550c17@group-F367C8FA5986-FollowerState was interrupted: java.lang.InterruptedException: sleep interrupted
2019-10-30 11:52:39,090 [9dbd5372-55c2-4532-b354-9494d3d545d2@group-F367C8FA5986-LeaderElection112] INFO  impl.LeaderElection (LeaderElection.java:logAndReturn(56)) - 9dbd5372-55c2-4532-b354-9494d3d545d2@group-F367C8FA5986-LeaderElection112: Election REJECTED; received 2 response(s) [9dbd5372-55c2-4532-b354-9494d3d545d2<-9b3ef6c9-0245-4756-bf80-45d41f7a4453#0:FAIL-t49, 9dbd5372-55c2-4532-b354-9494d3d545d2<-cd11b2f5-3187-4d03-bd60-931991550c17#0:FAIL-t49] and 0 exception(s); 9dbd5372-55c2-4532-b354-9494d3d545d2@group-F367C8FA5986:t49, leader=null, voted=9dbd5372-55c2-4532-b354-9494d3d545d2, raftlog=9dbd5372-55c2-4532-b354-9494d3d545d2@group-F367C8FA5986-SegmentedRaftLog:OPENED:c-1,f-1,i0, conf=-1: [9b3ef6c9-0245-4756-bf80-45d41f7a4453:192.168.157.220:37058, cd11b2f5-3187-4d03-bd60-931991550c17:192.168.157.220:43236, 9dbd5372-55c2-4532-b354-9494d3d545d2:192.168.157.220:42993], old=null
2019-10-30 11:52:39,090 [9dbd5372-55c2-4532-b354-9494d3d545d2@group-F367C8FA5986-LeaderElection112] INFO  impl.RaftServerImpl (RaftServerImpl.java:setRole(184)) - 9dbd5372-55c2-4532-b354-9494d3d545d2@group-F367C8FA5986: changes role from CANDIDATE to FOLLOWER at term 49 for DISCOVERED_A_NEW_TERM
2019-10-30 11:52:39,091 [9dbd5372-55c2-4532-b354-9494d3d545d2@group-F367C8FA5986-LeaderElection112] INFO  impl.RoleInfo (RoleInfo.java:shutdownLeaderElection(134)) - 9dbd5372-55c2-4532-b354-9494d3d545d2: shutdown LeaderElection
2019-10-30 11:52:39,091 [9dbd5372-55c2-4532-b354-9494d3d545d2@group-F367C8FA5986-LeaderElection112] INFO  impl.RoleInfo (RoleInfo.java:updateAndGet(143)) - 9dbd5372-55c2-4532-b354-9494d3d545d2: start FollowerState
2019-10-30 11:52:39,207 [Thread-1066] INFO  impl.FollowerState (FollowerState.java:run(108)) - f26e10ed-fb17-49e6-a903-eadc130d13d1@group-83984122B78E-FollowerState: change to CANDIDATE, lastRpcTime:186ms, electionTimeout:186ms
2019-10-30 11:52:39,207 [Thread-1066] INFO  impl.RoleInfo (RoleInfo.java:shutdownFollowerState(121)) - f26e10ed-fb17-49e6-a903-eadc130d13d1: shutdown FollowerState
2019-10-30 11:52:39,208 [Thread-1066] INFO  impl.RaftServerImpl (RaftServerImpl.java:setRole(184)) - f26e10ed-fb17-49e6-a903-eadc130d13d1@group-83984122B78E: changes role from  FOLLOWER to CANDIDATE at term 57 for changeToCandidate
2019-10-30 11:52:39,208 [Thread-1066] INFO  impl.RoleInfo (RoleInfo.java:updateAndGet(143)) - f26e10ed-fb17-49e6-a903-eadc130d13d1: start LeaderElection
2019-10-30 11:52:39,214 [Thread-1076] INFO  impl.FollowerState (FollowerState.java:run(108)) - 9dbd5372-55c2-4532-b354-9494d3d545d2@group-F367C8FA5986-FollowerState: change to CANDIDATE, lastRpcTime:123ms, electionTimeout:123ms
2019-10-30 11:52:39,214 [Thread-1076] INFO  impl.RoleInfo (RoleInfo.java:shutdownFollowerState(121)) - 9dbd5372-55c2-4532-b354-9494d3d545d2: shutdown FollowerState
2019-10-30 11:52:39,214 [Thread-1076] INFO  impl.RaftServerImpl (RaftServerImpl.java:setRole(184)) - 9dbd5372-55c2-4532-b354-9494d3d545d2@group-F367C8FA5986: changes role from  FOLLOWER to CANDIDATE at term 49 for changeToCandidate
2019-10-30 11:52:39,214 [Thread-1076] INFO  impl.RoleInfo (RoleInfo.java:updateAndGet(143)) - 9dbd5372-55c2-4532-b354-9494d3d545d2: start LeaderElection
2019-10-30 11:52:39,215 [f26e10ed-fb17-49e6-a903-eadc130d13d1@group-83984122B78E-LeaderElection113] INFO  impl.LeaderElection (LeaderElection.java:askForVotes(178)) - f26e10ed-fb17-49e6-a903-eadc130d13d1@group-83984122B78E-LeaderElection113: begin an election at term 58 for -1: [4f16e274-8663-4a15-9c4c-c81f650ab979:192.168.157.220:38181, 4cc44201-a597-43af-a4ec-5b1b407a6250:192.168.157.220:36685, f26e10ed-fb17-49e6-a903-eadc130d13d1:192.168.157.220:32806], old=null
2019-10-30 11:52:39,217 [grpc-default-executor-8] INFO  impl.RaftServerImpl (RaftServerImpl.java:setRole(184)) - 4f16e274-8663-4a15-9c4c-c81f650ab979@group-83984122B78E: changes role from  FOLLOWER to FOLLOWER at term 58 for recognizeCandidate:f26e10ed-fb17-49e6-a903-eadc130d13d1
2019-10-30 11:52:39,217 [grpc-default-executor-4] INFO  impl.RaftServerImpl (RaftServerImpl.java:setRole(184)) - 4cc44201-a597-43af-a4ec-5b1b407a6250@group-83984122B78E: changes role from  FOLLOWER to FOLLOWER at term 58 for recognizeCandidate:f26e10ed-fb17-49e6-a903-eadc130d13d1
2019-10-30 11:52:39,217 [grpc-default-executor-8] INFO  impl.RoleInfo (RoleInfo.java:shutdownFollowerState(121)) - 4f16e274-8663-4a15-9c4c-c81f650ab979: shutdown FollowerState
2019-10-30 11:52:39,217 [grpc-default-executor-4] INFO  impl.RoleInfo (RoleInfo.java:shutdownFollowerState(121)) - 4cc44201-a597-43af-a4ec-5b1b407a6250: shutdown FollowerState
2019-10-30 11:52:39,217 [Thread-1065] INFO  impl.FollowerState (FollowerState.java:run(117)) - 4f16e274-8663-4a15-9c4c-c81f650ab979@group-83984122B78E-FollowerState was interrupted: java.lang.InterruptedException: sleep interrupted
2019-10-30 11:52:39,217 [grpc-default-executor-8] INFO  impl.RoleInfo (RoleInfo.java:updateAndGet(143)) - 4f16e274-8663-4a15-9c4c-c81f650ab979: start FollowerState
2019-10-30 11:52:39,217 [Thread-1064] INFO  impl.FollowerState (FollowerState.java:run(117)) - 4cc44201-a597-43af-a4ec-5b1b407a6250@group-83984122B78E-FollowerState was interrupted: java.lang.InterruptedException: sleep interrupted
2019-10-30 11:52:39,217 [grpc-default-executor-4] INFO  impl.RoleInfo (RoleInfo.java:updateAndGet(143)) - 4cc44201-a597-43af-a4ec-5b1b407a6250: start FollowerState
2019-10-30 11:52:39,229 [9dbd5372-55c2-4532-b354-9494d3d545d2@group-F367C8FA5986-LeaderElection114] INFO  impl.LeaderElection (LeaderElection.java:askForVotes(178)) - 9dbd5372-55c2-4532-b354-9494d3d545d2@group-F367C8FA5986-LeaderElection114: begin an election at term 50 for -1: [9b3ef6c9-0245-4756-bf80-45d41f7a4453:192.168.157.220:37058, cd11b2f5-3187-4d03-bd60-931991550c17:192.168.157.220:43236, 9dbd5372-55c2-4532-b354-9494d3d545d2:192.168.157.220:42993], old=null
2019-10-30 11:52:39,231 [f26e10ed-fb17-49e6-a903-eadc130d13d1@group-83984122B78E-LeaderElection113] INFO  impl.LeaderElection (LeaderElection.java:logAndReturn(56)) - f26e10ed-fb17-49e6-a903-eadc130d13d1@group-83984122B78E-LeaderElection113: Election REJECTED; received 2 response(s) [f26e10ed-fb17-49e6-a903-eadc130d13d1<-4f16e274-8663-4a15-9c4c-c81f650ab979#0:FAIL-t58, f26e10ed-fb17-49e6-a903-eadc130d13d1<-4cc44201-a597-43af-a4ec-5b1b407a6250#0:FAIL-t58] and 0 exception(s); f26e10ed-fb17-49e6-a903-eadc130d13d1@group-83984122B78E:t58, leader=null, voted=f26e10ed-fb17-49e6-a903-eadc130d13d1, raftlog=f26e10ed-fb17-49e6-a903-eadc130d13d1@group-83984122B78E-SegmentedRaftLog:OPENED:c-1,f-1,i0, conf=-1: [4f16e274-8663-4a15-9c4c-c81f650ab979:192.168.157.220:38181, 4cc44201-a597-43af-a4ec-5b1b407a6250:192.168.157.220:36685, f26e10ed-fb17-49e6-a903-eadc130d13d1:192.168.157.220:32806], old=null
2019-10-30 11:52:39,231 [f26e10ed-fb17-49e6-a903-eadc130d13d1@group-83984122B78E-LeaderElection113] INFO  impl.RaftServerImpl (RaftServerImpl.java:setRole(184)) - f26e10ed-fb17-49e6-a903-eadc130d13d1@group-83984122B78E: changes role from CANDIDATE to FOLLOWER at term 58 for DISCOVERED_A_NEW_TERM
2019-10-30 11:52:39,231 [f26e10ed-fb17-49e6-a903-eadc130d13d1@group-83984122B78E-LeaderElection113] INFO  impl.RoleInfo (RoleInfo.java:shutdownLeaderElection(134)) - f26e10ed-fb17-49e6-a903-eadc130d13d1: shutdown LeaderElection
2019-10-30 11:52:39,231 [grpc-default-executor-8] INFO  impl.RaftServerImpl (RaftServerImpl.java:setRole(184)) - 9b3ef6c9-0245-4756-bf80-45d41f7a4453@group-F367C8FA5986: changes role from  FOLLOWER to FOLLOWER at term 50 for recognizeCandidate:9dbd5372-55c2-4532-b354-9494d3d545d2
2019-10-30 11:52:39,231 [grpc-default-executor-8] INFO  impl.RoleInfo (RoleInfo.java:shutdownFollowerState(121)) - 9b3ef6c9-0245-4756-bf80-45d41f7a4453: shutdown FollowerState
2019-10-30 11:52:39,231 [f26e10ed-fb17-49e6-a903-eadc130d13d1@group-83984122B78E-LeaderElection113] INFO  impl.RoleInfo (RoleInfo.java:updateAndGet(143)) - f26e10ed-fb17-49e6-a903-eadc130d13d1: start FollowerState
2019-10-30 11:52:39,231 [Thread-1074] INFO  impl.FollowerState (FollowerState.java:run(117)) - 9b3ef6c9-0245-4756-bf80-45d41f7a4453@group-F367C8FA5986-FollowerState was interrupted: java.lang.InterruptedException: sleep interrupted
2019-10-30 11:52:39,232 [grpc-default-executor-4] INFO  impl.RaftServerImpl (RaftServerImpl.java:setRole(184)) - cd11b2f5-3187-4d03-bd60-931991550c17@group-F367C8FA5986: changes role from  FOLLOWER to FOLLOWER at term 50 for recognizeCandidate:9dbd5372-55c2-4532-b354-9494d3d545d2
2019-10-30 11:52:39,231 [grpc-default-executor-8] INFO  impl.RoleInfo (RoleInfo.java:updateAndGet(143)) - 9b3ef6c9-0245-4756-bf80-45d41f7a4453: start FollowerState
2019-10-30 11:52:39,232 [grpc-default-executor-4] INFO  impl.RoleInfo (RoleInfo.java:shutdownFollowerState(121)) - cd11b2f5-3187-4d03-bd60-931991550c17: shutdown FollowerState
2019-10-30 11:52:39,232 [grpc-default-executor-4] INFO  impl.RoleInfo (RoleInfo.java:updateAndGet(143)) - cd11b2f5-3187-4d03-bd60-931991550c17: start FollowerState
2019-10-30 11:52:39,232 [Thread-1075] INFO  impl.FollowerState (FollowerState.java:run(117)) - cd11b2f5-3187-4d03-bd60-931991550c17@group-F367C8FA5986-FollowerState was interrupted: java.lang.InterruptedException: sleep interrupted
2019-10-30 11:52:39,244 [9dbd5372-55c2-4532-b354-9494d3d545d2@group-F367C8FA5986-LeaderElection114] INFO  impl.LeaderElection (LeaderElection.java:logAndReturn(56)) - 9dbd5372-55c2-4532-b354-9494d3d545d2@group-F367C8FA5986-LeaderElection114: Election REJECTED; received 2 response(s) [9dbd5372-55c2-4532-b354-9494d3d545d2<-9b3ef6c9-0245-4756-bf80-45d41f7a4453#0:FAIL-t50, 9dbd5372-55c2-4532-b354-9494d3d545d2<-cd11b2f5-3187-4d03-bd60-931991550c17#0:FAIL-t50] and 0 exception(s); 9dbd5372-55c2-4532-b354-9494d3d545d2@group-F367C8FA5986:t50, leader=null, voted=9dbd5372-55c2-4532-b354-9494d3d545d2, raftlog=9dbd5372-55c2-4532-b354-9494d3d545d2@group-F367C8FA5986-SegmentedRaftLog:OPENED:c-1,f-1,i0, conf=-1: [9b3ef6c9-0245-4756-bf80-45d41f7a4453:192.168.157.220:37058, cd11b2f5-3187-4d03-bd60-931991550c17:192.168.157.220:43236, 9dbd5372-55c2-4532-b354-9494d3d545d2:192.168.157.220:42993], old=null
2019-10-30 11:52:39,244 [9dbd5372-55c2-4532-b354-9494d3d545d2@group-F367C8FA5986-LeaderElection114] INFO  impl.RaftServerImpl (RaftServerImpl.java:setRole(184)) - 9dbd5372-55c2-4532-b354-9494d3d545d2@group-F367C8FA5986: changes role from CANDIDATE to FOLLOWER at term 50 for DISCOVERED_A_NEW_TERM
2019-10-30 11:52:39,244 [9dbd5372-55c2-4532-b354-9494d3d545d2@group-F367C8FA5986-LeaderElection114] INFO  impl.RoleInfo (RoleInfo.java:shutdownLeaderElection(134)) - 9dbd5372-55c2-4532-b354-9494d3d545d2: shutdown LeaderElection
2019-10-30 11:52:39,244 [9dbd5372-55c2-4532-b354-9494d3d545d2@group-F367C8FA5986-LeaderElection114] INFO  impl.RoleInfo (RoleInfo.java:updateAndGet(143)) - 9dbd5372-55c2-4532-b354-9494d3d545d2: start FollowerState
2019-10-30 11:52:39,257 [Thread-1088] INFO  impl.FollowerState (FollowerState.java:run(108)) - 9dbd5372-55c2-4532-b354-9494d3d545d2@group-F367C8FA5986-FollowerState: change to CANDIDATE, lastRpcTime:13ms, electionTimeout:13ms
2019-10-30 11:52:39,257 [Thread-1088] INFO  impl.RoleInfo (RoleInfo.java:shutdownFollowerState(121)) - 9dbd5372-55c2-4532-b354-9494d3d545d2: shutdown FollowerState
2019-10-30 11:52:39,258 [Thread-1088] INFO  impl.RaftServerImpl (RaftServerImpl.java:setRole(184)) - 9dbd5372-55c2-4532-b354-9494d3d545d2@group-F367C8FA5986: changes role from  FOLLOWER to CANDIDATE at term 50 for changeToCandidate
2019-10-30 11:52:39,258 [Thread-1088] INFO  impl.RoleInfo (RoleInfo.java:updateAndGet(143)) - 9dbd5372-55c2-4532-b354-9494d3d545d2: start LeaderElection
2019-10-30 11:52:39,271 [9dbd5372-55c2-4532-b354-9494d3d545d2@group-F367C8FA5986-LeaderElection115] INFO  impl.LeaderElection (LeaderElection.java:askForVotes(178)) - 9dbd5372-55c2-4532-b354-9494d3d545d2@group-F367C8FA5986-LeaderElection115: begin an election at term 51 for -1: [9b3ef6c9-0245-4756-bf80-45d41f7a4453:192.168.157.220:37058, cd11b2f5-3187-4d03-bd60-931991550c17:192.168.157.220:43236, 9dbd5372-55c2-4532-b354-9494d3d545d2:192.168.157.220:42993], old=null
2019-10-30 11:52:39,272 [grpc-default-executor-8] INFO  impl.RaftServerImpl (RaftServerImpl.java:setRole(184)) - 9b3ef6c9-0245-4756-bf80-45d41f7a4453@group-F367C8FA5986: changes role from  FOLLOWER to FOLLOWER at term 51 for recognizeCandidate:9dbd5372-55c2-4532-b354-9494d3d545d2
2019-10-30 11:52:39,273 [grpc-default-executor-8] INFO  impl.RoleInfo (RoleInfo.java:shutdownFollowerState(121)) - 9b3ef6c9-0245-4756-bf80-45d41f7a4453: shutdown FollowerState
2019-10-30 11:52:39,273 [grpc-default-executor-4] INFO  impl.RaftServerImpl (RaftServerImpl.java:setRole(184)) - cd11b2f5-3187-4d03-bd60-931991550c17@group-F367C8FA5986: changes role from  FOLLOWER to FOLLOWER at term 51 for recognizeCandidate:9dbd5372-55c2-4532-b354-9494d3d545d2
2019-10-30 11:52:39,273 [Thread-1086] INFO  impl.FollowerState (FollowerState.java:run(117)) - 9b3ef6c9-0245-4756-bf80-45d41f7a4453@group-F367C8FA5986-FollowerState was interrupted: java.lang.InterruptedException: sleep interrupted
2019-10-30 11:52:39,273 [grpc-default-executor-8] INFO  impl.RoleInfo (RoleInfo.java:updateAndGet(143)) - 9b3ef6c9-0245-4756-bf80-45d41f7a4453: start FollowerState
2019-10-30 11:52:39,273 [grpc-default-executor-4] INFO  impl.RoleInfo (RoleInfo.java:shutdownFollowerState(121)) - cd11b2f5-3187-4d03-bd60-931991550c17: shutdown FollowerState
2019-10-30 11:52:39,273 [Thread-1087] INFO  impl.FollowerState (FollowerState.java:run(117)) - cd11b2f5-3187-4d03-bd60-931991550c17@group-F367C8FA5986-FollowerState was interrupted: java.lang.InterruptedException: sleep interrupted
2019-10-30 11:52:39,273 [grpc-default-executor-4] INFO  impl.RoleInfo (RoleInfo.java:updateAndGet(143)) - cd11b2f5-3187-4d03-bd60-931991550c17: start FollowerState
2019-10-30 11:52:39,282 [9dbd5372-55c2-4532-b354-9494d3d545d2@group-F367C8FA5986-LeaderElection115] INFO  impl.LeaderElection (LeaderElection.java:logAndReturn(56)) - 9dbd5372-55c2-4532-b354-9494d3d545d2@group-F367C8FA5986-LeaderElection115: Election REJECTED; received 2 response(s) [9dbd5372-55c2-4532-b354-9494d3d545d2<-9b3ef6c9-0245-4756-bf80-45d41f7a4453#0:FAIL-t51, 9dbd5372-55c2-4532-b354-9494d3d545d2<-cd11b2f5-3187-4d03-bd60-931991550c17#0:FAIL-t51] and 0 exception(s); 9dbd5372-55c2-4532-b354-9494d3d545d2@group-F367C8FA5986:t51, leader=null, voted=9dbd5372-55c2-4532-b354-9494d3d545d2, raftlog=9dbd5372-55c2-4532-b354-9494d3d545d2@group-F367C8FA5986-SegmentedRaftLog:OPENED:c-1,f-1,i0, conf=-1: [9b3ef6c9-0245-4756-bf80-45d41f7a4453:192.168.157.220:37058, cd11b2f5-3187-4d03-bd60-931991550c17:192.168.157.220:43236, 9dbd5372-55c2-4532-b354-9494d3d545d2:192.168.157.220:42993], old=null
2019-10-30 11:52:39,282 [9dbd5372-55c2-4532-b354-9494d3d545d2@group-F367C8FA5986-LeaderElection115] INFO  impl.RaftServerImpl (RaftServerImpl.java:setRole(184)) - 9dbd5372-55c2-4532-b354-9494d3d545d2@group-F367C8FA5986: changes role from CANDIDATE to FOLLOWER at term 51 for DISCOVERED_A_NEW_TERM
2019-10-30 11:52:39,282 [9dbd5372-55c2-4532-b354-9494d3d545d2@group-F367C8FA5986-LeaderElection115] INFO  impl.RoleInfo (RoleInfo.java:shutdownLeaderElection(134)) - 9dbd5372-55c2-4532-b354-9494d3d545d2: shutdown LeaderElection
2019-10-30 11:52:39,282 [9dbd5372-55c2-4532-b354-9494d3d545d2@group-F367C8FA5986-LeaderElection115] INFO  impl.RoleInfo (RoleInfo.java:updateAndGet(143)) - 9dbd5372-55c2-4532-b354-9494d3d545d2: start FollowerState
2019-10-30 11:52:39,407 [Thread-1094] INFO  impl.FollowerState (FollowerState.java:run(108)) - 9dbd5372-55c2-4532-b354-9494d3d545d2@group-F367C8FA5986-FollowerState: change to CANDIDATE, lastRpcTime:124ms, electionTimeout:124ms
2019-10-30 11:52:39,407 [Thread-1094] INFO  impl.RoleInfo (RoleInfo.java:shutdownFollowerState(121)) - 9dbd5372-55c2-4532-b354-9494d3d545d2: shutdown FollowerState
2019-10-30 11:52:39,407 [Thread-1094] INFO  impl.RaftServerImpl (RaftServerImpl.java:setRole(184)) - 9dbd5372-55c2-4532-b354-9494d3d545d2@group-F367C8FA5986: changes role from  FOLLOWER to CANDIDATE at term 51 for changeToCandidate
2019-10-30 11:52:39,407 [Thread-1094] INFO  impl.RoleInfo (RoleInfo.java:updateAndGet(143)) - 9dbd5372-55c2-4532-b354-9494d3d545d2: start LeaderElection
2019-10-30 11:52:39,411 [Thread-1085] INFO  impl.FollowerState (FollowerState.java:run(108)) - f26e10ed-fb17-49e6-a903-eadc130d13d1@group-83984122B78E-FollowerState: change to CANDIDATE, lastRpcTime:179ms, electionTimeout:179ms
2019-10-30 11:52:39,411 [Thread-1085] INFO  impl.RoleInfo (RoleInfo.java:shutdownFollowerState(121)) - f26e10ed-fb17-49e6-a903-eadc130d13d1: shutdown FollowerState
2019-10-30 11:52:39,411 [Thread-1085] INFO  impl.RaftServerImpl (RaftServerImpl.java:setRole(184)) - f26e10ed-fb17-49e6-a903-eadc130d13d1@group-83984122B78E: changes role from  FOLLOWER to CANDIDATE at term 58 for changeToCandidate
2019-10-30 11:52:39,411 [Thread-1085] INFO  impl.RoleInfo (RoleInfo.java:updateAndGet(143)) - f26e10ed-fb17-49e6-a903-eadc130d13d1: start LeaderElection
2019-10-30 11:52:39,412 [9dbd5372-55c2-4532-b354-9494d3d545d2@group-F367C8FA5986-LeaderElection116] INFO  impl.LeaderElection (LeaderElection.java:askForVotes(178)) - 9dbd5372-55c2-4532-b354-9494d3d545d2@group-F367C8FA5986-LeaderElection116: begin an election at term 52 for -1: [9b3ef6c9-0245-4756-bf80-45d41f7a4453:192.168.157.220:37058, cd11b2f5-3187-4d03-bd60-931991550c17:192.168.157.220:43236, 9dbd5372-55c2-4532-b354-9494d3d545d2:192.168.157.220:42993], old=null
2019-10-30 11:52:39,414 [grpc-default-executor-4] INFO  impl.RaftServerImpl (RaftServerImpl.java:setRole(184)) - cd11b2f5-3187-4d03-bd60-931991550c17@group-F367C8FA5986: changes role from  FOLLOWER to FOLLOWER at term 52 for recognizeCandidate:9dbd5372-55c2-4532-b354-9494d3d545d2
2019-10-30 11:52:39,414 [grpc-default-executor-4] INFO  impl.RoleInfo (RoleInfo.java:shutdownFollowerState(121)) - cd11b2f5-3187-4d03-bd60-931991550c17: shutdown FollowerState
2019-10-30 11:52:39,414 [grpc-default-executor-4] INFO  impl.RoleInfo (RoleInfo.java:updateAndGet(143)) - cd11b2f5-3187-4d03-bd60-931991550c17: start FollowerState
2019-10-30 11:52:39,415 [Thread-1093] INFO  impl.FollowerState (FollowerState.java:run(117)) - cd11b2f5-3187-4d03-bd60-931991550c17@group-F367C8FA5986-FollowerState was interrupted: java.lang.InterruptedException: sleep interrupted
2019-10-30 11:52:39,416 [f26e10ed-fb17-49e6-a903-eadc130d13d1@group-83984122B78E-LeaderElection117] INFO  impl.LeaderElection (LeaderElection.java:askForVotes(178)) - f26e10ed-fb17-49e6-a903-eadc130d13d1@group-83984122B78E-LeaderElection117: begin an election at term 59 for -1: [4f16e274-8663-4a15-9c4c-c81f650ab979:192.168.157.220:38181, 4cc44201-a597-43af-a4ec-5b1b407a6250:192.168.157.220:36685, f26e10ed-fb17-49e6-a903-eadc130d13d1:192.168.157.220:32806], old=null
2019-10-30 11:52:39,417 [grpc-default-executor-9] INFO  impl.RaftServerImpl (RaftServerImpl.java:setRole(184)) - 4f16e274-8663-4a15-9c4c-c81f650ab979@group-83984122B78E: changes role from  FOLLOWER to FOLLOWER at term 59 for recognizeCandidate:f26e10ed-fb17-49e6-a903-eadc130d13d1
2019-10-30 11:52:39,417 [grpc-default-executor-0] INFO  impl.RaftServerImpl (RaftServerImpl.java:setRole(184)) - 4cc44201-a597-43af-a4ec-5b1b407a6250@group-83984122B78E: changes role from  FOLLOWER to FOLLOWER at term 59 for recognizeCandidate:f26e10ed-fb17-49e6-a903-eadc130d13d1
2019-10-30 11:52:39,417 [grpc-default-executor-9] INFO  impl.RoleInfo (RoleInfo.java:shutdownFollowerState(121)) - 4f16e274-8663-4a15-9c4c-c81f650ab979: shutdown FollowerState
2019-10-30 11:52:39,418 [grpc-default-executor-0] INFO  impl.RoleInfo (RoleInfo.java:shutdownFollowerState(121)) - 4cc44201-a597-43af-a4ec-5b1b407a6250: shutdown FollowerState
2019-10-30 11:52:39,418 [Thread-1081] INFO  impl.FollowerState (FollowerState.java:run(117)) - 4f16e274-8663-4a15-9c4c-c81f650ab979@group-83984122B78E-FollowerState was interrupted: java.lang.InterruptedException: sleep interrupted
2019-10-30 11:52:39,418 [grpc-default-executor-9] INFO  impl.RoleInfo (RoleInfo.java:updateAndGet(143)) - 4f16e274-8663-4a15-9c4c-c81f650ab979: start FollowerState
2019-10-30 11:52:39,418 [grpc-default-executor-8] INFO  impl.RaftServerImpl (RaftServerImpl.java:setRole(184)) - 9b3ef6c9-0245-4756-bf80-45d41f7a4453@group-F367C8FA5986: changes role from  FOLLOWER to FOLLOWER at term 52 for recognizeCandidate:9dbd5372-55c2-4532-b354-9494d3d545d2
2019-10-30 11:52:39,420 [grpc-default-executor-8] INFO  impl.RoleInfo (RoleInfo.java:shutdownFollowerState(121)) - 9b3ef6c9-0245-4756-bf80-45d41f7a4453: shutdown FollowerState
2019-10-30 11:52:39,418 [Thread-1082] INFO  impl.FollowerState (FollowerState.java:run(117)) - 4cc44201-a597-43af-a4ec-5b1b407a6250@group-83984122B78E-FollowerState was interrupted: java.lang.InterruptedException: sleep interrupted
2019-10-30 11:52:39,418 [grpc-default-executor-0] INFO  impl.RoleInfo (RoleInfo.java:updateAndGet(143)) - 4cc44201-a597-43af-a4ec-5b1b407a6250: start FollowerState
2019-10-30 11:52:39,420 [grpc-default-executor-8] INFO  impl.RoleInfo (RoleInfo.java:updateAndGet(143)) - 9b3ef6c9-0245-4756-bf80-45d41f7a4453: start FollowerState
2019-10-30 11:52:39,423 [Thread-1092] INFO  impl.FollowerState (FollowerState.java:run(117)) - 9b3ef6c9-0245-4756-bf80-45d41f7a4453@group-F367C8FA5986-FollowerState was interrupted: java.lang.InterruptedException: sleep interrupted
2019-10-30 11:52:39,427 [f26e10ed-fb17-49e6-a903-eadc130d13d1@group-83984122B78E-LeaderElection117] INFO  impl.LeaderElection (LeaderElection.java:logAndReturn(56)) - f26e10ed-fb17-49e6-a903-eadc130d13d1@group-83984122B78E-LeaderElection117: Election REJECTED; received 2 response(s) [f26e10ed-fb17-49e6-a903-eadc130d13d1<-4f16e274-8663-4a15-9c4c-c81f650ab979#0:FAIL-t59, f26e10ed-fb17-49e6-a903-eadc130d13d1<-4cc44201-a597-43af-a4ec-5b1b407a6250#0:FAIL-t59] and 0 exception(s); f26e10ed-fb17-49e6-a903-eadc130d13d1@group-83984122B78E:t59, leader=null, voted=f26e10ed-fb17-49e6-a903-eadc130d13d1, raftlog=f26e10ed-fb17-49e6-a903-eadc130d13d1@group-83984122B78E-SegmentedRaftLog:OPENED:c-1,f-1,i0, conf=-1: [4f16e274-8663-4a15-9c4c-c81f650ab979:192.168.157.220:38181, 4cc44201-a597-43af-a4ec-5b1b407a6250:192.168.157.220:36685, f26e10ed-fb17-49e6-a903-eadc130d13d1:192.168.157.220:32806], old=null
2019-10-30 11:52:39,427 [f26e10ed-fb17-49e6-a903-eadc130d13d1@group-83984122B78E-LeaderElection117] INFO  impl.RaftServerImpl (RaftServerImpl.java:setRole(184)) - f26e10ed-fb17-49e6-a903-eadc130d13d1@group-83984122B78E: changes role from CANDIDATE to FOLLOWER at term 59 for DISCOVERED_A_NEW_TERM
2019-10-30 11:52:39,427 [f26e10ed-fb17-49e6-a903-eadc130d13d1@group-83984122B78E-LeaderElection117] INFO  impl.RoleInfo (RoleInfo.java:shutdownLeaderElection(134)) - f26e10ed-fb17-49e6-a903-eadc130d13d1: shutdown LeaderElection
2019-10-30 11:52:39,427 [f26e10ed-fb17-49e6-a903-eadc130d13d1@group-83984122B78E-LeaderElection117] INFO  impl.RoleInfo (RoleInfo.java:updateAndGet(143)) - f26e10ed-fb17-49e6-a903-eadc130d13d1: start FollowerState
2019-10-30 11:52:39,428 [9dbd5372-55c2-4532-b354-9494d3d545d2@group-F367C8FA5986-LeaderElection116] INFO  impl.LeaderElection (LeaderElection.java:logAndReturn(56)) - 9dbd5372-55c2-4532-b354-9494d3d545d2@group-F367C8FA5986-LeaderElection116: Election TIMEOUT; received 1 response(s) [9dbd5372-55c2-4532-b354-9494d3d545d2<-cd11b2f5-3187-4d03-bd60-931991550c17#0:FAIL-t52] and 0 exception(s); 9dbd5372-55c2-4532-b354-9494d3d545d2@group-F367C8FA5986:t52, leader=null, voted=9dbd5372-55c2-4532-b354-9494d3d545d2, raftlog=9dbd5372-55c2-4532-b354-9494d3d545d2@group-F367C8FA5986-SegmentedRaftLog:OPENED:c-1,f-1,i0, conf=-1: [9b3ef6c9-0245-4756-bf80-45d41f7a4453:192.168.157.220:37058, cd11b2f5-3187-4d03-bd60-931991550c17:192.168.157.220:43236, 9dbd5372-55c2-4532-b354-9494d3d545d2:192.168.157.220:42993], old=null
2019-10-30 11:52:39,429 [Thread-1106] INFO  impl.FollowerState (FollowerState.java:run(108)) - f26e10ed-fb17-49e6-a903-eadc130d13d1@group-83984122B78E-FollowerState: change to CANDIDATE, lastRpcTime:2ms, electionTimeout:2ms
2019-10-30 11:52:39,430 [Thread-1106] INFO  impl.RoleInfo (RoleInfo.java:shutdownFollowerState(121)) - f26e10ed-fb17-49e6-a903-eadc130d13d1: shutdown FollowerState
2019-10-30 11:52:39,430 [Thread-1106] INFO  impl.RaftServerImpl (RaftServerImpl.java:setRole(184)) - f26e10ed-fb17-49e6-a903-eadc130d13d1@group-83984122B78E: changes role from  FOLLOWER to CANDIDATE at term 59 for changeToCandidate
2019-10-30 11:52:39,430 [Thread-1106] INFO  impl.RoleInfo (RoleInfo.java:updateAndGet(143)) - f26e10ed-fb17-49e6-a903-eadc130d13d1: start LeaderElection
2019-10-30 11:52:39,433 [9dbd5372-55c2-4532-b354-9494d3d545d2@group-F367C8FA5986-LeaderElection116] INFO  impl.LeaderElection (LeaderElection.java:askForVotes(178)) - 9dbd5372-55c2-4532-b354-9494d3d545d2@group-F367C8FA5986-LeaderElection116: begin an election at term 53 for -1: [9b3ef6c9-0245-4756-bf80-45d41f7a4453:192.168.157.220:37058, cd11b2f5-3187-4d03-bd60-931991550c17:192.168.157.220:43236, 9dbd5372-55c2-4532-b354-9494d3d545d2:192.168.157.220:42993], old=null
2019-10-30 11:52:39,434 [grpc-default-executor-8] INFO  impl.RaftServerImpl (RaftServerImpl.java:setRole(184)) - 9b3ef6c9-0245-4756-bf80-45d41f7a4453@group-F367C8FA5986: changes role from  FOLLOWER to FOLLOWER at term 53 for recognizeCandidate:9dbd5372-55c2-4532-b354-9494d3d545d2
2019-10-30 11:52:39,434 [grpc-default-executor-8] INFO  impl.RoleInfo (RoleInfo.java:shutdownFollowerState(121)) - 9b3ef6c9-0245-4756-bf80-45d41f7a4453: shutdown FollowerState
2019-10-30 11:52:39,434 [grpc-default-executor-0] INFO  impl.RaftServerImpl (RaftServerImpl.java:setRole(184)) - cd11b2f5-3187-4d03-bd60-931991550c17@group-F367C8FA5986: changes role from  FOLLOWER to FOLLOWER at term 53 for recognizeCandidate:9dbd5372-55c2-4532-b354-9494d3d545d2
2019-10-30 11:52:39,434 [Thread-1105] INFO  impl.FollowerState (FollowerState.java:run(117)) - 9b3ef6c9-0245-4756-bf80-45d41f7a4453@group-F367C8FA5986-FollowerState was interrupted: java.lang.InterruptedException: sleep interrupted
2019-10-30 11:52:39,434 [grpc-default-executor-8] INFO  impl.RoleInfo (RoleInfo.java:updateAndGet(143)) - 9b3ef6c9-0245-4756-bf80-45d41f7a4453: start FollowerState
2019-10-30 11:52:39,434 [grpc-default-executor-0] INFO  impl.RoleInfo (RoleInfo.java:shutdownFollowerState(121)) - cd11b2f5-3187-4d03-bd60-931991550c17: shutdown FollowerState
2019-10-30 11:52:39,435 [grpc-default-executor-0] INFO  impl.RoleInfo (RoleInfo.java:updateAndGet(143)) - cd11b2f5-3187-4d03-bd60-931991550c17: start FollowerState
2019-10-30 11:52:39,435 [Thread-1100] INFO  impl.FollowerState (FollowerState.java:run(117)) - cd11b2f5-3187-4d03-bd60-931991550c17@group-F367C8FA5986-FollowerState was interrupted: java.lang.InterruptedException: sleep interrupted
2019-10-30 11:52:39,446 [f26e10ed-fb17-49e6-a903-eadc130d13d1@group-83984122B78E-LeaderElection118] INFO  impl.LeaderElection (LeaderElection.java:askForVotes(178)) - f26e10ed-fb17-49e6-a903-eadc130d13d1@group-83984122B78E-LeaderElection118: begin an election at term 60 for -1: [4f16e274-8663-4a15-9c4c-c81f650ab979:192.168.157.220:38181, 4cc44201-a597-43af-a4ec-5b1b407a6250:192.168.157.220:36685, f26e10ed-fb17-49e6-a903-eadc130d13d1:192.168.157.220:32806], old=null
2019-10-30 11:52:39,447 [grpc-default-executor-4] INFO  impl.RaftServerImpl (RaftServerImpl.java:setRole(184)) - 4f16e274-8663-4a15-9c4c-c81f650ab979@group-83984122B78E: changes role from  FOLLOWER to FOLLOWER at term 60 for recognizeCandidate:f26e10ed-fb17-49e6-a903-eadc130d13d1
2019-10-30 11:52:39,448 [grpc-default-executor-4] INFO  impl.RoleInfo (RoleInfo.java:shutdownFollowerState(121)) - 4f16e274-8663-4a15-9c4c-c81f650ab979: shutdown FollowerState
2019-10-30 11:52:39,448 [grpc-default-executor-4] INFO  impl.RoleInfo (RoleInfo.java:updateAndGet(143)) - 4f16e274-8663-4a15-9c4c-c81f650ab979: start FollowerState
2019-10-30 11:52:39,448 [Thread-1103] INFO  impl.FollowerState (FollowerState.java:run(117)) - 4f16e274-8663-4a15-9c4c-c81f650ab979@group-83984122B78E-FollowerState was interrupted: java.lang.InterruptedException: sleep interrupted
2019-10-30 11:52:39,448 [grpc-default-executor-9] INFO  impl.RaftServerImpl (RaftServerImpl.java:setRole(184)) - 4cc44201-a597-43af-a4ec-5b1b407a6250@group-83984122B78E: changes role from  FOLLOWER to FOLLOWER at term 60 for recognizeCandidate:f26e10ed-fb17-49e6-a903-eadc130d13d1
2019-10-30 11:52:39,448 [grpc-default-executor-9] INFO  impl.RoleInfo (RoleInfo.java:shutdownFollowerState(121)) - 4cc44201-a597-43af-a4ec-5b1b407a6250: shutdown FollowerState
2019-10-30 11:52:39,448 [grpc-default-executor-9] INFO  impl.RoleInfo (RoleInfo.java:updateAndGet(143)) - 4cc44201-a597-43af-a4ec-5b1b407a6250: start FollowerState
2019-10-30 11:52:39,448 [Thread-1104] INFO  impl.FollowerState (FollowerState.java:run(117)) - 4cc44201-a597-43af-a4ec-5b1b407a6250@group-83984122B78E-FollowerState was interrupted: java.lang.InterruptedException: sleep interrupted
2019-10-30 11:52:39,450 [9dbd5372-55c2-4532-b354-9494d3d545d2@group-F367C8FA5986-LeaderElection116] INFO  impl.LeaderElection (LeaderElection.java:logAndReturn(56)) - 9dbd5372-55c2-4532-b354-9494d3d545d2@group-F367C8FA5986-LeaderElection116: Election REJECTED; received 2 response(s) [9dbd5372-55c2-4532-b354-9494d3d545d2<-9b3ef6c9-0245-4756-bf80-45d41f7a4453#0:FAIL-t53, 9dbd5372-55c2-4532-b354-9494d3d545d2<-cd11b2f5-3187-4d03-bd60-931991550c17#0:FAIL-t53] and 0 exception(s); 9dbd5372-55c2-4532-b354-9494d3d545d2@group-F367C8FA5986:t53, leader=null, voted=9dbd5372-55c2-4532-b354-9494d3d545d2, raftlog=9dbd5372-55c2-4532-b354-9494d3d545d2@group-F367C8FA5986-SegmentedRaftLog:OPENED:c-1,f-1,i0, conf=-1: [9b3ef6c9-0245-4756-bf80-45d41f7a4453:192.168.157.220:37058, cd11b2f5-3187-4d03-bd60-931991550c17:192.168.157.220:43236, 9dbd5372-55c2-4532-b354-9494d3d545d2:192.168.157.220:42993], old=null
2019-10-30 11:52:39,450 [9dbd5372-55c2-4532-b354-9494d3d545d2@group-F367C8FA5986-LeaderElection116] INFO  impl.RaftServerImpl (RaftServerImpl.java:setRole(184)) - 9dbd5372-55c2-4532-b354-9494d3d545d2@group-F367C8FA5986: changes role from CANDIDATE to FOLLOWER at term 53 for DISCOVERED_A_NEW_TERM
2019-10-30 11:52:39,450 [9dbd5372-55c2-4532-b354-9494d3d545d2@group-F367C8FA5986-LeaderElection116] INFO  impl.RoleInfo (RoleInfo.java:shutdownLeaderElection(134)) - 9dbd5372-55c2-4532-b354-9494d3d545d2: shutdown LeaderElection
2019-10-30 11:52:39,450 [9dbd5372-55c2-4532-b354-9494d3d545d2@group-F367C8FA5986-LeaderElection116] INFO  impl.RoleInfo (RoleInfo.java:updateAndGet(143)) - 9dbd5372-55c2-4532-b354-9494d3d545d2: start FollowerState
2019-10-30 11:52:39,452 [f26e10ed-fb17-49e6-a903-eadc130d13d1@group-83984122B78E-LeaderElection118] INFO  impl.LeaderElection (LeaderElection.java:logAndReturn(56)) - f26e10ed-fb17-49e6-a903-eadc130d13d1@group-83984122B78E-LeaderElection118: Election REJECTED; received 2 response(s) [f26e10ed-fb17-49e6-a903-eadc130d13d1<-4f16e274-8663-4a15-9c4c-c81f650ab979#0:FAIL-t60, f26e10ed-fb17-49e6-a903-eadc130d13d1<-4cc44201-a597-43af-a4ec-5b1b407a6250#0:FAIL-t60] and 0 exception(s); f26e10ed-fb17-49e6-a903-eadc130d13d1@group-83984122B78E:t60, leader=null, voted=f26e10ed-fb17-49e6-a903-eadc130d13d1, raftlog=f26e10ed-fb17-49e6-a903-eadc130d13d1@group-83984122B78E-SegmentedRaftLog:OPENED:c-1,f-1,i0, conf=-1: [4f16e274-8663-4a15-9c4c-c81f650ab979:192.168.157.220:38181, 4cc44201-a597-43af-a4ec-5b1b407a6250:192.168.157.220:36685, f26e10ed-fb17-49e6-a903-eadc130d13d1:192.168.157.220:32806], old=null
2019-10-30 11:52:39,452 [f26e10ed-fb17-49e6-a903-eadc130d13d1@group-83984122B78E-LeaderElection118] INFO  impl.RaftServerImpl (RaftServerImpl.java:setRole(184)) - f26e10ed-fb17-49e6-a903-eadc130d13d1@group-83984122B78E: changes role from CANDIDATE to FOLLOWER at term 60 for DISCOVERED_A_NEW_TERM
2019-10-30 11:52:39,452 [f26e10ed-fb17-49e6-a903-eadc130d13d1@group-83984122B78E-LeaderElection118] INFO  impl.RoleInfo (RoleInfo.java:shutdownLeaderElection(134)) - f26e10ed-fb17-49e6-a903-eadc130d13d1: shutdown LeaderElection
2019-10-30 11:52:39,452 [f26e10ed-fb17-49e6-a903-eadc130d13d1@group-83984122B78E-LeaderElection118] INFO  impl.RoleInfo (RoleInfo.java:updateAndGet(143)) - f26e10ed-fb17-49e6-a903-eadc130d13d1: start FollowerState
2019-10-30 11:52:39,478 [Thread-1118] INFO  impl.FollowerState (FollowerState.java:run(108)) - f26e10ed-fb17-49e6-a903-eadc130d13d1@group-83984122B78E-FollowerState: change to CANDIDATE, lastRpcTime:25ms, electionTimeout:25ms
2019-10-30 11:52:39,478 [Thread-1118] INFO  impl.RoleInfo (RoleInfo.java:shutdownFollowerState(121)) - f26e10ed-fb17-49e6-a903-eadc130d13d1: shutdown FollowerState
2019-10-30 11:52:39,478 [Thread-1118] INFO  impl.RaftServerImpl (RaftServerImpl.java:setRole(184)) - f26e10ed-fb17-49e6-a903-eadc130d13d1@group-83984122B78E: changes role from  FOLLOWER to CANDIDATE at term 60 for changeToCandidate
2019-10-30 11:52:39,478 [Thread-1118] INFO  impl.RoleInfo (RoleInfo.java:updateAndGet(143)) - f26e10ed-fb17-49e6-a903-eadc130d13d1: start LeaderElection
2019-10-30 11:52:39,493 [Thread-1117] INFO  impl.FollowerState (FollowerState.java:run(108)) - 9dbd5372-55c2-4532-b354-9494d3d545d2@group-F367C8FA5986-FollowerState: change to CANDIDATE, lastRpcTime:43ms, electionTimeout:43ms
2019-10-30 11:52:39,493 [Thread-1117] INFO  impl.RoleInfo (RoleInfo.java:shutdownFollowerState(121)) - 9dbd5372-55c2-4532-b354-9494d3d545d2: shutdown FollowerState
2019-10-30 11:52:39,493 [Thread-1117] INFO  impl.RaftServerImpl (RaftServerImpl.java:setRole(184)) - 9dbd5372-55c2-4532-b354-9494d3d545d2@group-F367C8FA5986: changes role from  FOLLOWER to CANDIDATE at term 53 for changeToCandidate
2019-10-30 11:52:39,494 [Thread-1117] INFO  impl.RoleInfo (RoleInfo.java:updateAndGet(143)) - 9dbd5372-55c2-4532-b354-9494d3d545d2: start LeaderElection
2019-10-30 11:52:39,500 [9dbd5372-55c2-4532-b354-9494d3d545d2@group-F367C8FA5986-LeaderElection120] INFO  impl.LeaderElection (LeaderElection.java:askForVotes(178)) - 9dbd5372-55c2-4532-b354-9494d3d545d2@group-F367C8FA5986-LeaderElection120: begin an election at term 54 for -1: [9b3ef6c9-0245-4756-bf80-45d41f7a4453:192.168.157.220:37058, cd11b2f5-3187-4d03-bd60-931991550c17:192.168.157.220:43236, 9dbd5372-55c2-4532-b354-9494d3d545d2:192.168.157.220:42993], old=null
2019-10-30 11:52:39,501 [f26e10ed-fb17-49e6-a903-eadc130d13d1@group-83984122B78E-LeaderElection119] INFO  impl.LeaderElection (LeaderElection.java:askForVotes(178)) - f26e10ed-fb17-49e6-a903-eadc130d13d1@group-83984122B78E-LeaderElection119: begin an election at term 61 for -1: [4f16e274-8663-4a15-9c4c-c81f650ab979:192.168.157.220:38181, 4cc44201-a597-43af-a4ec-5b1b407a6250:192.168.157.220:36685, f26e10ed-fb17-49e6-a903-eadc130d13d1:192.168.157.220:32806], old=null
2019-10-30 11:52:39,502 [grpc-default-executor-4] INFO  impl.RaftServerImpl (RaftServerImpl.java:setRole(184)) - cd11b2f5-3187-4d03-bd60-931991550c17@group-F367C8FA5986: changes role from  FOLLOWER to FOLLOWER at term 54 for recognizeCandidate:9dbd5372-55c2-4532-b354-9494d3d545d2
2019-10-30 11:52:39,503 [grpc-default-executor-9] INFO  impl.RaftServerImpl (RaftServerImpl.java:setRole(184)) - 9b3ef6c9-0245-4756-bf80-45d41f7a4453@group-F367C8FA5986: changes role from  FOLLOWER to FOLLOWER at term 54 for recognizeCandidate:9dbd5372-55c2-4532-b354-9494d3d545d2
2019-10-30 11:52:39,503 [grpc-default-executor-9] INFO  impl.RoleInfo (RoleInfo.java:shutdownFollowerState(121)) - 9b3ef6c9-0245-4756-bf80-45d41f7a4453: shutdown FollowerState
2019-10-30 11:52:39,503 [grpc-default-executor-4] INFO  impl.RoleInfo (RoleInfo.java:shutdownFollowerState(121)) - cd11b2f5-3187-4d03-bd60-931991550c17: shutdown FollowerState
2019-10-30 11:52:39,503 [grpc-default-executor-0] INFO  impl.RaftServerImpl (RaftServerImpl.java:setRole(184)) - 4cc44201-a597-43af-a4ec-5b1b407a6250@group-83984122B78E: changes role from  FOLLOWER to FOLLOWER at term 61 for recognizeCandidate:f26e10ed-fb17-49e6-a903-eadc130d13d1
2019-10-30 11:52:39,503 [Thread-1110] INFO  impl.FollowerState (FollowerState.java:run(117)) - 9b3ef6c9-0245-4756-bf80-45d41f7a4453@group-F367C8FA5986-FollowerState was interrupted: java.lang.InterruptedException: sleep interrupted
2019-10-30 11:52:39,503 [grpc-default-executor-9] INFO  impl.RoleInfo (RoleInfo.java:updateAndGet(143)) - 9b3ef6c9-0245-4756-bf80-45d41f7a4453: start FollowerState
2019-10-30 11:52:39,503 [grpc-default-executor-8] INFO  impl.RaftServerImpl (RaftServerImpl.java:setRole(184)) - 4f16e274-8663-4a15-9c4c-c81f650ab979@group-83984122B78E: changes role from  FOLLOWER to FOLLOWER at term 61 for recognizeCandidate:f26e10ed-fb17-49e6-a903-eadc130d13d1
2019-10-30 11:52:39,503 [grpc-default-executor-0] INFO  impl.RoleInfo (RoleInfo.java:shutdownFollowerState(121)) - 4cc44201-a597-43af-a4ec-5b1b407a6250: shutdown FollowerState
2019-10-30 11:52:39,503 [Thread-1111] INFO  impl.FollowerState (FollowerState.java:run(117)) - cd11b2f5-3187-4d03-bd60-931991550c17@group-F367C8FA5986-FollowerState was interrupted: java.lang.InterruptedException: sleep interrupted
2019-10-30 11:52:39,503 [grpc-default-executor-4] INFO  impl.RoleInfo (RoleInfo.java:updateAndGet(143)) - cd11b2f5-3187-4d03-bd60-931991550c17: start FollowerState
2019-10-30 11:52:39,504 [grpc-default-executor-0] INFO  impl.RoleInfo (RoleInfo.java:updateAndGet(143)) - 4cc44201-a597-43af-a4ec-5b1b407a6250: start FollowerState
2019-10-30 11:52:39,504 [Thread-1116] INFO  impl.FollowerState (FollowerState.java:run(117)) - 4cc44201-a597-43af-a4ec-5b1b407a6250@group-83984122B78E-FollowerState was interrupted: java.lang.InterruptedException: sleep interrupted
2019-10-30 11:52:39,503 [grpc-default-executor-8] INFO  impl.RoleInfo (RoleInfo.java:shutdownFollowerState(121)) - 4f16e274-8663-4a15-9c4c-c81f650ab979: shutdown FollowerState
2019-10-30 11:52:39,504 [Thread-1115] INFO  impl.FollowerState (FollowerState.java:run(117)) - 4f16e274-8663-4a15-9c4c-c81f650ab979@group-83984122B78E-FollowerState was interrupted: java.lang.InterruptedException: sleep interrupted
2019-10-30 11:52:39,505 [grpc-default-executor-8] INFO  impl.RoleInfo (RoleInfo.java:updateAndGet(143)) - 4f16e274-8663-4a15-9c4c-c81f650ab979: start FollowerState
2019-10-30 11:52:39,524 [9dbd5372-55c2-4532-b354-9494d3d545d2@group-F367C8FA5986-LeaderElection120] INFO  impl.LeaderElection (LeaderElection.java:logAndReturn(56)) - 9dbd5372-55c2-4532-b354-9494d3d545d2@group-F367C8FA5986-LeaderElection120: Election REJECTED; received 2 response(s) [9dbd5372-55c2-4532-b354-9494d3d545d2<-9b3ef6c9-0245-4756-bf80-45d41f7a4453#0:FAIL-t54, 9dbd5372-55c2-4532-b354-9494d3d545d2<-cd11b2f5-3187-4d03-bd60-931991550c17#0:FAIL-t54] and 0 exception(s); 9dbd5372-55c2-4532-b354-9494d3d545d2@group-F367C8FA5986:t54, leader=null, voted=9dbd5372-55c2-4532-b354-9494d3d545d2, raftlog=9dbd5372-55c2-4532-b354-9494d3d545d2@group-F367C8FA5986-SegmentedRaftLog:OPENED:c-1,f-1,i0, conf=-1: [9b3ef6c9-0245-4756-bf80-45d41f7a4453:192.168.157.220:37058, cd11b2f5-3187-4d03-bd60-931991550c17:192.168.157.220:43236, 9dbd5372-55c2-4532-b354-9494d3d545d2:192.168.157.220:42993], old=null
2019-10-30 11:52:39,524 [f26e10ed-fb17-49e6-a903-eadc130d13d1@group-83984122B78E-LeaderElection119] INFO  impl.LeaderElection (LeaderElection.java:logAndReturn(56)) - f26e10ed-fb17-49e6-a903-eadc130d13d1@group-83984122B78E-LeaderElection119: Election REJECTED; received 2 response(s) [f26e10ed-fb17-49e6-a903-eadc130d13d1<-4f16e274-8663-4a15-9c4c-c81f650ab979#0:FAIL-t61, f26e10ed-fb17-49e6-a903-eadc130d13d1<-4cc44201-a597-43af-a4ec-5b1b407a6250#0:FAIL-t61] and 0 exception(s); f26e10ed-fb17-49e6-a903-eadc130d13d1@group-83984122B78E:t61, leader=null, voted=f26e10ed-fb17-49e6-a903-eadc130d13d1, raftlog=f26e10ed-fb17-49e6-a903-eadc130d13d1@group-83984122B78E-SegmentedRaftLog:OPENED:c-1,f-1,i0, conf=-1: [4f16e274-8663-4a15-9c4c-c81f650ab979:192.168.157.220:38181, 4cc44201-a597-43af-a4ec-5b1b407a6250:192.168.157.220:36685, f26e10ed-fb17-49e6-a903-eadc130d13d1:192.168.157.220:32806], old=null
2019-10-30 11:52:39,524 [9dbd5372-55c2-4532-b354-9494d3d545d2@group-F367C8FA5986-LeaderElection120] INFO  impl.RaftServerImpl (RaftServerImpl.java:setRole(184)) - 9dbd5372-55c2-4532-b354-9494d3d545d2@group-F367C8FA5986: changes role from CANDIDATE to FOLLOWER at term 54 for DISCOVERED_A_NEW_TERM
2019-10-30 11:52:39,524 [9dbd5372-55c2-4532-b354-9494d3d545d2@group-F367C8FA5986-LeaderElection120] INFO  impl.RoleInfo (RoleInfo.java:shutdownLeaderElection(134)) - 9dbd5372-55c2-4532-b354-9494d3d545d2: shutdown LeaderElection
2019-10-30 11:52:39,524 [f26e10ed-fb17-49e6-a903-eadc130d13d1@group-83984122B78E-LeaderElection119] INFO  impl.RaftServerImpl (RaftServerImpl.java:setRole(184)) - f26e10ed-fb17-49e6-a903-eadc130d13d1@group-83984122B78E: changes role from CANDIDATE to FOLLOWER at term 61 for DISCOVERED_A_NEW_TERM
2019-10-30 11:52:39,525 [9dbd5372-55c2-4532-b354-9494d3d545d2@group-F367C8FA5986-LeaderElection120] INFO  impl.RoleInfo (RoleInfo.java:updateAndGet(143)) - 9dbd5372-55c2-4532-b354-9494d3d545d2: start FollowerState
2019-10-30 11:52:39,525 [f26e10ed-fb17-49e6-a903-eadc130d13d1@group-83984122B78E-LeaderElection119] INFO  impl.RoleInfo (RoleInfo.java:shutdownLeaderElection(134)) - f26e10ed-fb17-49e6-a903-eadc130d13d1: shutdown LeaderElection
2019-10-30 11:52:39,525 [f26e10ed-fb17-49e6-a903-eadc130d13d1@group-83984122B78E-LeaderElection119] INFO  impl.RoleInfo (RoleInfo.java:updateAndGet(143)) - f26e10ed-fb17-49e6-a903-eadc130d13d1: start FollowerState
2019-10-30 11:52:39,533 [Thread-1129] INFO  impl.FollowerState (FollowerState.java:run(108)) - 9dbd5372-55c2-4532-b354-9494d3d545d2@group-F367C8FA5986-FollowerState: change to CANDIDATE, lastRpcTime:8ms, electionTimeout:8ms
2019-10-30 11:52:39,533 [Thread-1129] INFO  impl.RoleInfo (RoleInfo.java:shutdownFollowerState(121)) - 9dbd5372-55c2-4532-b354-9494d3d545d2: shutdown FollowerState
2019-10-30 11:52:39,533 [Thread-1129] INFO  impl.RaftServerImpl (RaftServerImpl.java:setRole(184)) - 9dbd5372-55c2-4532-b354-9494d3d545d2@group-F367C8FA5986: changes role from  FOLLOWER to CANDIDATE at term 54 for changeToCandidate
2019-10-30 11:52:39,534 [Thread-1129] INFO  impl.RoleInfo (RoleInfo.java:updateAndGet(143)) - 9dbd5372-55c2-4532-b354-9494d3d545d2: start LeaderElection
2019-10-30 11:52:39,538 [9dbd5372-55c2-4532-b354-9494d3d545d2@group-F367C8FA5986-LeaderElection121] INFO  impl.LeaderElection (LeaderElection.java:askForVotes(178)) - 9dbd5372-55c2-4532-b354-9494d3d545d2@group-F367C8FA5986-LeaderElection121: begin an election at term 55 for -1: [9b3ef6c9-0245-4756-bf80-45d41f7a4453:192.168.157.220:37058, cd11b2f5-3187-4d03-bd60-931991550c17:192.168.157.220:43236, 9dbd5372-55c2-4532-b354-9494d3d545d2:192.168.157.220:42993], old=null
2019-10-30 11:52:39,539 [grpc-default-executor-8] INFO  impl.RaftServerImpl (RaftServerImpl.java:setRole(184)) - 9b3ef6c9-0245-4756-bf80-45d41f7a4453@group-F367C8FA5986: changes role from  FOLLOWER to FOLLOWER at term 55 for recognizeCandidate:9dbd5372-55c2-4532-b354-9494d3d545d2
2019-10-30 11:52:39,539 [grpc-default-executor-8] INFO  impl.RoleInfo (RoleInfo.java:shutdownFollowerState(121)) - 9b3ef6c9-0245-4756-bf80-45d41f7a4453: shutdown FollowerState
2019-10-30 11:52:39,539 [grpc-default-executor-9] INFO  impl.RaftServerImpl (RaftServerImpl.java:setRole(184)) - cd11b2f5-3187-4d03-bd60-931991550c17@group-F367C8FA5986: changes role from  FOLLOWER to FOLLOWER at term 55 for recognizeCandidate:9dbd5372-55c2-4532-b354-9494d3d545d2
2019-10-30 11:52:39,540 [Thread-1125] INFO  impl.FollowerState (FollowerState.java:run(117)) - 9b3ef6c9-0245-4756-bf80-45d41f7a4453@group-F367C8FA5986-FollowerState was interrupted: java.lang.InterruptedException: sleep interrupted
2019-10-30 11:52:39,540 [grpc-default-executor-8] INFO  impl.RoleInfo (RoleInfo.java:updateAndGet(143)) - 9b3ef6c9-0245-4756-bf80-45d41f7a4453: start FollowerState
2019-10-30 11:52:39,540 [grpc-default-executor-9] INFO  impl.RoleInfo (RoleInfo.java:shutdownFollowerState(121)) - cd11b2f5-3187-4d03-bd60-931991550c17: shutdown FollowerState
2019-10-30 11:52:39,540 [grpc-default-executor-9] INFO  impl.RoleInfo (RoleInfo.java:updateAndGet(143)) - cd11b2f5-3187-4d03-bd60-931991550c17: start FollowerState
2019-10-30 11:52:39,540 [Thread-1126] INFO  impl.FollowerState (FollowerState.java:run(117)) - cd11b2f5-3187-4d03-bd60-931991550c17@group-F367C8FA5986-FollowerState was interrupted: java.lang.InterruptedException: sleep interrupted
2019-10-30 11:52:39,546 [9dbd5372-55c2-4532-b354-9494d3d545d2@group-F367C8FA5986-LeaderElection121] INFO  impl.LeaderElection (LeaderElection.java:logAndReturn(56)) - 9dbd5372-55c2-4532-b354-9494d3d545d2@group-F367C8FA5986-LeaderElection121: Election REJECTED; received 2 response(s) [9dbd5372-55c2-4532-b354-9494d3d545d2<-9b3ef6c9-0245-4756-bf80-45d41f7a4453#0:FAIL-t55, 9dbd5372-55c2-4532-b354-9494d3d545d2<-cd11b2f5-3187-4d03-bd60-931991550c17#0:FAIL-t55] and 0 exception(s); 9dbd5372-55c2-4532-b354-9494d3d545d2@group-F367C8FA5986:t55, leader=null, voted=9dbd5372-55c2-4532-b354-9494d3d545d2, raftlog=9dbd5372-55c2-4532-b354-9494d3d545d2@group-F367C8FA5986-SegmentedRaftLog:OPENED:c-1,f-1,i0, conf=-1: [9b3ef6c9-0245-4756-bf80-45d41f7a4453:192.168.157.220:37058, cd11b2f5-3187-4d03-bd60-931991550c17:192.168.157.220:43236, 9dbd5372-55c2-4532-b354-9494d3d545d2:192.168.157.220:42993], old=null
2019-10-30 11:52:39,547 [9dbd5372-55c2-4532-b354-9494d3d545d2@group-F367C8FA5986-LeaderElection121] INFO  impl.RaftServerImpl (RaftServerImpl.java:setRole(184)) - 9dbd5372-55c2-4532-b354-9494d3d545d2@group-F367C8FA5986: changes role from CANDIDATE to FOLLOWER at term 55 for DISCOVERED_A_NEW_TERM
2019-10-30 11:52:39,547 [9dbd5372-55c2-4532-b354-9494d3d545d2@group-F367C8FA5986-LeaderElection121] INFO  impl.RoleInfo (RoleInfo.java:shutdownLeaderElection(134)) - 9dbd5372-55c2-4532-b354-9494d3d545d2: shutdown LeaderElection
2019-10-30 11:52:39,547 [9dbd5372-55c2-4532-b354-9494d3d545d2@group-F367C8FA5986-LeaderElection121] INFO  impl.RoleInfo (RoleInfo.java:updateAndGet(143)) - 9dbd5372-55c2-4532-b354-9494d3d545d2: start FollowerState
2019-10-30 11:52:39,605 [Thread-1130] INFO  impl.FollowerState (FollowerState.java:run(108)) - f26e10ed-fb17-49e6-a903-eadc130d13d1@group-83984122B78E-FollowerState: change to CANDIDATE, lastRpcTime:80ms, electionTimeout:80ms
2019-10-30 11:52:39,606 [Thread-1130] INFO  impl.RoleInfo (RoleInfo.java:shutdownFollowerState(121)) - f26e10ed-fb17-49e6-a903-eadc130d13d1: shutdown FollowerState
2019-10-30 11:52:39,606 [Thread-1130] INFO  impl.RaftServerImpl (RaftServerImpl.java:setRole(184)) - f26e10ed-fb17-49e6-a903-eadc130d13d1@group-83984122B78E: changes role from  FOLLOWER to CANDIDATE at term 61 for changeToCandidate
2019-10-30 11:52:39,606 [Thread-1130] INFO  impl.RoleInfo (RoleInfo.java:updateAndGet(143)) - f26e10ed-fb17-49e6-a903-eadc130d13d1: start LeaderElection
2019-10-30 11:52:39,617 [f26e10ed-fb17-49e6-a903-eadc130d13d1@group-83984122B78E-LeaderElection122] INFO  impl.LeaderElection (LeaderElection.java:askForVotes(178)) - f26e10ed-fb17-49e6-a903-eadc130d13d1@group-83984122B78E-LeaderElection122: begin an election at term 62 for -1: [4f16e274-8663-4a15-9c4c-c81f650ab979:192.168.157.220:38181, 4cc44201-a597-43af-a4ec-5b1b407a6250:192.168.157.220:36685, f26e10ed-fb17-49e6-a903-eadc130d13d1:192.168.157.220:32806], old=null
2019-10-30 11:52:39,620 [grpc-default-executor-8] INFO  impl.RaftServerImpl (RaftServerImpl.java:setRole(184)) - 4cc44201-a597-43af-a4ec-5b1b407a6250@group-83984122B78E: changes role from  FOLLOWER to FOLLOWER at term 62 for recognizeCandidate:f26e10ed-fb17-49e6-a903-eadc130d13d1
2019-10-30 11:52:39,621 [grpc-default-executor-8] INFO  impl.RoleInfo (RoleInfo.java:shutdownFollowerState(121)) - 4cc44201-a597-43af-a4ec-5b1b407a6250: shutdown FollowerState
2019-10-30 11:52:39,621 [grpc-default-executor-8] INFO  impl.RoleInfo (RoleInfo.java:updateAndGet(143)) - 4cc44201-a597-43af-a4ec-5b1b407a6250: start FollowerState
2019-10-30 11:52:39,621 [Thread-1127] INFO  impl.FollowerState (FollowerState.java:run(117)) - 4cc44201-a597-43af-a4ec-5b1b407a6250@group-83984122B78E-FollowerState was interrupted: java.lang.InterruptedException: sleep interrupted
2019-10-30 11:52:39,625 [grpc-default-executor-9] INFO  impl.RaftServerImpl (RaftServerImpl.java:setRole(184)) - 4f16e274-8663-4a15-9c4c-c81f650ab979@group-83984122B78E: changes role from  FOLLOWER to FOLLOWER at term 62 for recognizeCandidate:f26e10ed-fb17-49e6-a903-eadc130d13d1
2019-10-30 11:52:39,625 [grpc-default-executor-9] INFO  impl.RoleInfo (RoleInfo.java:shutdownFollowerState(121)) - 4f16e274-8663-4a15-9c4c-c81f650ab979: shutdown FollowerState
2019-10-30 11:52:39,625 [grpc-default-executor-9] INFO  impl.RoleInfo (RoleInfo.java:updateAndGet(143)) - 4f16e274-8663-4a15-9c4c-c81f650ab979: start FollowerState
2019-10-30 11:52:39,626 [Thread-1128] INFO  impl.FollowerState (FollowerState.java:run(117)) - 4f16e274-8663-4a15-9c4c-c81f650ab979@group-83984122B78E-FollowerState was interrupted: java.lang.InterruptedException: sleep interrupted
2019-10-30 11:52:39,632 [f26e10ed-fb17-49e6-a903-eadc130d13d1@group-83984122B78E-LeaderElection122] INFO  impl.LeaderElection (LeaderElection.java:logAndReturn(56)) - f26e10ed-fb17-49e6-a903-eadc130d13d1@group-83984122B78E-LeaderElection122: Election TIMEOUT; received 0 response(s) [] and 0 exception(s); f26e10ed-fb17-49e6-a903-eadc130d13d1@group-83984122B78E:t62, leader=null, voted=f26e10ed-fb17-49e6-a903-eadc130d13d1, raftlog=f26e10ed-fb17-49e6-a903-eadc130d13d1@group-83984122B78E-SegmentedRaftLog:OPENED:c-1,f-1,i0, conf=-1: [4f16e274-8663-4a15-9c4c-c81f650ab979:192.168.157.220:38181, 4cc44201-a597-43af-a4ec-5b1b407a6250:192.168.157.220:36685, f26e10ed-fb17-49e6-a903-eadc130d13d1:192.168.157.220:32806], old=null
2019-10-30 11:52:39,671 [f26e10ed-fb17-49e6-a903-eadc130d13d1@group-83984122B78E-LeaderElection122] INFO  impl.LeaderElection (LeaderElection.java:askForVotes(178)) - f26e10ed-fb17-49e6-a903-eadc130d13d1@group-83984122B78E-LeaderElection122: begin an election at term 63 for -1: [4f16e274-8663-4a15-9c4c-c81f650ab979:192.168.157.220:38181, 4cc44201-a597-43af-a4ec-5b1b407a6250:192.168.157.220:36685, f26e10ed-fb17-49e6-a903-eadc130d13d1:192.168.157.220:32806], old=null
2019-10-30 11:52:39,673 [grpc-default-executor-8] INFO  impl.RaftServerImpl (RaftServerImpl.java:setRole(184)) - 4f16e274-8663-4a15-9c4c-c81f650ab979@group-83984122B78E: changes role from  FOLLOWER to FOLLOWER at term 63 for recognizeCandidate:f26e10ed-fb17-49e6-a903-eadc130d13d1
2019-10-30 11:52:39,673 [grpc-default-executor-8] INFO  impl.RoleInfo (RoleInfo.java:shutdownFollowerState(121)) - 4f16e274-8663-4a15-9c4c-c81f650ab979: shutdown FollowerState
2019-10-30 11:52:39,675 [grpc-default-executor-8] INFO  impl.RoleInfo (RoleInfo.java:updateAndGet(143)) - 4f16e274-8663-4a15-9c4c-c81f650ab979: start FollowerState
2019-10-30 11:52:39,675 [Thread-1136] INFO  impl.FollowerState (FollowerState.java:run(108)) - 9dbd5372-55c2-4532-b354-9494d3d545d2@group-F367C8FA5986-FollowerState: change to CANDIDATE, lastRpcTime:128ms, electionTimeout:127ms
2019-10-30 11:52:39,675 [Thread-1136] INFO  impl.RoleInfo (RoleInfo.java:shutdownFollowerState(121)) - 9dbd5372-55c2-4532-b354-9494d3d545d2: shutdown FollowerState
2019-10-30 11:52:39,675 [Thread-1136] INFO  impl.RaftServerImpl (RaftServerImpl.java:setRole(184)) - 9dbd5372-55c2-4532-b354-9494d3d545d2@group-F367C8FA5986: changes role from  FOLLOWER to CANDIDATE at term 55 for changeToCandidate
2019-10-30 11:52:39,675 [Thread-1136] INFO  impl.RoleInfo (RoleInfo.java:updateAndGet(143)) - 9dbd5372-55c2-4532-b354-9494d3d545d2: start LeaderElection
2019-10-30 11:52:39,676 [Thread-1141] INFO  impl.FollowerState (FollowerState.java:run(117)) - 4f16e274-8663-4a15-9c4c-c81f650ab979@group-83984122B78E-FollowerState was interrupted: java.lang.InterruptedException: sleep interrupted
2019-10-30 11:52:39,685 [grpc-default-executor-9] INFO  impl.RaftServerImpl (RaftServerImpl.java:setRole(184)) - 4cc44201-a597-43af-a4ec-5b1b407a6250@group-83984122B78E: changes role from  FOLLOWER to FOLLOWER at term 63 for recognizeCandidate:f26e10ed-fb17-49e6-a903-eadc130d13d1
2019-10-30 11:52:39,685 [grpc-default-executor-9] INFO  impl.RoleInfo (RoleInfo.java:shutdownFollowerState(121)) - 4cc44201-a597-43af-a4ec-5b1b407a6250: shutdown FollowerState
2019-10-30 11:52:39,685 [Thread-1140] INFO  impl.FollowerState (FollowerState.java:run(117)) - 4cc44201-a597-43af-a4ec-5b1b407a6250@group-83984122B78E-FollowerState was interrupted: java.lang.InterruptedException: sleep interrupted
2019-10-30 11:52:39,685 [grpc-default-executor-9] INFO  impl.RoleInfo (RoleInfo.java:updateAndGet(143)) - 4cc44201-a597-43af-a4ec-5b1b407a6250: start FollowerState
2019-10-30 11:52:39,689 [9dbd5372-55c2-4532-b354-9494d3d545d2@group-F367C8FA5986-LeaderElection123] INFO  impl.LeaderElection (LeaderElection.java:askForVotes(178)) - 9dbd5372-55c2-4532-b354-9494d3d545d2@group-F367C8FA5986-LeaderElection123: begin an election at term 56 for -1: [9b3ef6c9-0245-4756-bf80-45d41f7a4453:192.168.157.220:37058, cd11b2f5-3187-4d03-bd60-931991550c17:192.168.157.220:43236, 9dbd5372-55c2-4532-b354-9494d3d545d2:192.168.157.220:42993], old=null
2019-10-30 11:52:39,696 [grpc-default-executor-8] INFO  impl.RaftServerImpl (RaftServerImpl.java:setRole(184)) - cd11b2f5-3187-4d03-bd60-931991550c17@group-F367C8FA5986: changes role from  FOLLOWER to FOLLOWER at term 56 for recognizeCandidate:9dbd5372-55c2-4532-b354-9494d3d545d2
2019-10-30 11:52:39,696 [grpc-default-executor-8] INFO  impl.RoleInfo (RoleInfo.java:shutdownFollowerState(121)) - cd11b2f5-3187-4d03-bd60-931991550c17: shutdown FollowerState
2019-10-30 11:52:39,696 [grpc-default-executor-8] INFO  impl.RoleInfo (RoleInfo.java:updateAndGet(143)) - cd11b2f5-3187-4d03-bd60-931991550c17: start FollowerState
2019-10-30 11:52:39,696 [Thread-1135] INFO  impl.FollowerState (FollowerState.java:run(117)) - cd11b2f5-3187-4d03-bd60-931991550c17@group-F367C8FA5986-FollowerState was interrupted: java.lang.InterruptedException: sleep interrupted
2019-10-30 11:52:39,699 [grpc-default-executor-4] INFO  impl.RaftServerImpl (RaftServerImpl.java:setRole(184)) - 9b3ef6c9-0245-4756-bf80-45d41f7a4453@group-F367C8FA5986: changes role from  FOLLOWER to FOLLOWER at term 56 for recognizeCandidate:9dbd5372-55c2-4532-b354-9494d3d545d2
2019-10-30 11:52:39,699 [grpc-default-executor-4] INFO  impl.RoleInfo (RoleInfo.java:shutdownFollowerState(121)) - 9b3ef6c9-0245-4756-bf80-45d41f7a4453: shutdown FollowerState
2019-10-30 11:52:39,699 [grpc-default-executor-4] INFO  impl.RoleInfo (RoleInfo.java:updateAndGet(143)) - 9b3ef6c9-0245-4756-bf80-45d41f7a4453: start FollowerState
2019-10-30 11:52:39,699 [Thread-1134] INFO  impl.FollowerState (FollowerState.java:run(117)) - 9b3ef6c9-0245-4756-bf80-45d41f7a4453@group-F367C8FA5986-FollowerState was interrupted: java.lang.InterruptedException: sleep interrupted
2019-10-30 11:52:39,731 [f26e10ed-fb17-49e6-a903-eadc130d13d1@group-83984122B78E-LeaderElection122] INFO  impl.LeaderElection (LeaderElection.java:logAndReturn(56)) - f26e10ed-fb17-49e6-a903-eadc130d13d1@group-83984122B78E-LeaderElection122: Election REJECTED; received 2 response(s) [f26e10ed-fb17-49e6-a903-eadc130d13d1<-4f16e274-8663-4a15-9c4c-c81f650ab979#0:FAIL-t63, f26e10ed-fb17-49e6-a903-eadc130d13d1<-4cc44201-a597-43af-a4ec-5b1b407a6250#0:FAIL-t63] and 0 exception(s); f26e10ed-fb17-49e6-a903-eadc130d13d1@group-83984122B78E:t63, leader=null, voted=f26e10ed-fb17-49e6-a903-eadc130d13d1, raftlog=f26e10ed-fb17-49e6-a903-eadc130d13d1@group-83984122B78E-SegmentedRaftLog:OPENED:c-1,f-1,i0, conf=-1: [4f16e274-8663-4a15-9c4c-c81f650ab979:192.168.157.220:38181, 4cc44201-a597-43af-a4ec-5b1b407a6250:192.168.157.220:36685, f26e10ed-fb17-49e6-a903-eadc130d13d1:192.168.157.220:32806], old=null
2019-10-30 11:52:39,731 [f26e10ed-fb17-49e6-a903-eadc130d13d1@group-83984122B78E-LeaderElection122] INFO  impl.RaftServerImpl (RaftServerImpl.java:setRole(184)) - f26e10ed-fb17-49e6-a903-eadc130d13d1@group-83984122B78E: changes role from CANDIDATE to FOLLOWER at term 63 for DISCOVERED_A_NEW_TERM
2019-10-30 11:52:39,732 [f26e10ed-fb17-49e6-a903-eadc130d13d1@group-83984122B78E-LeaderElection122] INFO  impl.RoleInfo (RoleInfo.java:shutdownLeaderElection(134)) - f26e10ed-fb17-49e6-a903-eadc130d13d1: shutdown LeaderElection
2019-10-30 11:52:39,732 [f26e10ed-fb17-49e6-a903-eadc130d13d1@group-83984122B78E-LeaderElection122] INFO  impl.RoleInfo (RoleInfo.java:updateAndGet(143)) - f26e10ed-fb17-49e6-a903-eadc130d13d1: start FollowerState
2019-10-30 11:52:39,735 [9dbd5372-55c2-4532-b354-9494d3d545d2@group-F367C8FA5986-LeaderElection123] INFO  impl.LeaderElection (LeaderElection.java:logAndReturn(56)) - 9dbd5372-55c2-4532-b354-9494d3d545d2@group-F367C8FA5986-LeaderElection123: Election REJECTED; received 2 response(s) [9dbd5372-55c2-4532-b354-9494d3d545d2<-9b3ef6c9-0245-4756-bf80-45d41f7a4453#0:FAIL-t56, 9dbd5372-55c2-4532-b354-9494d3d545d2<-cd11b2f5-3187-4d03-bd60-931991550c17#0:FAIL-t56] and 0 exception(s); 9dbd5372-55c2-4532-b354-9494d3d545d2@group-F367C8FA5986:t56, leader=null, voted=9dbd5372-55c2-4532-b354-9494d3d545d2, raftlog=9dbd5372-55c2-4532-b354-9494d3d545d2@group-F367C8FA5986-SegmentedRaftLog:OPENED:c-1,f-1,i0, conf=-1: [9b3ef6c9-0245-4756-bf80-45d41f7a4453:192.168.157.220:37058, cd11b2f5-3187-4d03-bd60-931991550c17:192.168.157.220:43236, 9dbd5372-55c2-4532-b354-9494d3d545d2:192.168.157.220:42993], old=null
2019-10-30 11:52:39,735 [9dbd5372-55c2-4532-b354-9494d3d545d2@group-F367C8FA5986-LeaderElection123] INFO  impl.RaftServerImpl (RaftServerImpl.java:setRole(184)) - 9dbd5372-55c2-4532-b354-9494d3d545d2@group-F367C8FA5986: changes role from CANDIDATE to FOLLOWER at term 56 for DISCOVERED_A_NEW_TERM
2019-10-30 11:52:39,735 [9dbd5372-55c2-4532-b354-9494d3d545d2@group-F367C8FA5986-LeaderElection123] INFO  impl.RoleInfo (RoleInfo.java:shutdownLeaderElection(134)) - 9dbd5372-55c2-4532-b354-9494d3d545d2: shutdown LeaderElection
2019-10-30 11:52:39,736 [9dbd5372-55c2-4532-b354-9494d3d545d2@group-F367C8FA5986-LeaderElection123] INFO  impl.RoleInfo (RoleInfo.java:updateAndGet(143)) - 9dbd5372-55c2-4532-b354-9494d3d545d2: start FollowerState
2019-10-30 11:52:39,757 [Thread-1152] INFO  impl.FollowerState (FollowerState.java:run(108)) - 9dbd5372-55c2-4532-b354-9494d3d545d2@group-F367C8FA5986-FollowerState: change to CANDIDATE, lastRpcTime:21ms, electionTimeout:14ms
2019-10-30 11:52:39,757 [Thread-1152] INFO  impl.RoleInfo (RoleInfo.java:shutdownFollowerState(121)) - 9dbd5372-55c2-4532-b354-9494d3d545d2: shutdown FollowerState
2019-10-30 11:52:39,757 [Thread-1152] INFO  impl.RaftServerImpl (RaftServerImpl.java:setRole(184)) - 9dbd5372-55c2-4532-b354-9494d3d545d2@group-F367C8FA5986: changes role from  FOLLOWER to CANDIDATE at term 56 for changeToCandidate
2019-10-30 11:52:39,757 [Thread-1152] INFO  impl.RoleInfo (RoleInfo.java:updateAndGet(143)) - 9dbd5372-55c2-4532-b354-9494d3d545d2: start LeaderElection
2019-10-30 11:52:39,760 [Thread-1151] INFO  impl.FollowerState (FollowerState.java:run(108)) - f26e10ed-fb17-49e6-a903-eadc130d13d1@group-83984122B78E-FollowerState: change to CANDIDATE, lastRpcTime:28ms, electionTimeout:27ms
2019-10-30 11:52:39,760 [Thread-1151] INFO  impl.RoleInfo (RoleInfo.java:shutdownFollowerState(121)) - f26e10ed-fb17-49e6-a903-eadc130d13d1: shutdown FollowerState
2019-10-30 11:52:39,760 [Thread-1151] INFO  impl.RaftServerImpl (RaftServerImpl.java:setRole(184)) - f26e10ed-fb17-49e6-a903-eadc130d13d1@group-83984122B78E: changes role from  FOLLOWER to CANDIDATE at term 63 for changeToCandidate
2019-10-30 11:52:39,764 [Thread-1151] INFO  impl.RoleInfo (RoleInfo.java:updateAndGet(143)) - f26e10ed-fb17-49e6-a903-eadc130d13d1: start LeaderElection
2019-10-30 11:52:39,776 [f26e10ed-fb17-49e6-a903-eadc130d13d1@group-83984122B78E-LeaderElection125] INFO  impl.LeaderElection (LeaderElection.java:askForVotes(178)) - f26e10ed-fb17-49e6-a903-eadc130d13d1@group-83984122B78E-LeaderElection125: begin an election at term 64 for -1: [4f16e274-8663-4a15-9c4c-c81f650ab979:192.168.157.220:38181, 4cc44201-a597-43af-a4ec-5b1b407a6250:192.168.157.220:36685, f26e10ed-fb17-49e6-a903-eadc130d13d1:192.168.157.220:32806], old=null
2019-10-30 11:52:39,776 [9dbd5372-55c2-4532-b354-9494d3d545d2@group-F367C8FA5986-LeaderElection124] INFO  impl.LeaderElection (LeaderElection.java:askForVotes(178)) - 9dbd5372-55c2-4532-b354-9494d3d545d2@group-F367C8FA5986-LeaderElection124: begin an election at term 57 for -1: [9b3ef6c9-0245-4756-bf80-45d41f7a4453:192.168.157.220:37058, cd11b2f5-3187-4d03-bd60-931991550c17:192.168.157.220:43236, 9dbd5372-55c2-4532-b354-9494d3d545d2:192.168.157.220:42993], old=null
2019-10-30 11:52:39,784 [grpc-default-executor-8] INFO  impl.RaftServerImpl (RaftServerImpl.java:setRole(184)) - cd11b2f5-3187-4d03-bd60-931991550c17@group-F367C8FA5986: changes role from  FOLLOWER to FOLLOWER at term 57 for recognizeCandidate:9dbd5372-55c2-4532-b354-9494d3d545d2
2019-10-30 11:52:39,784 [grpc-default-executor-9] INFO  impl.RaftServerImpl (RaftServerImpl.java:setRole(184)) - 9b3ef6c9-0245-4756-bf80-45d41f7a4453@group-F367C8FA5986: changes role from  FOLLOWER to FOLLOWER at term 57 for recognizeCandidate:9dbd5372-55c2-4532-b354-9494d3d545d2
2019-10-30 11:52:39,784 [grpc-default-executor-9] INFO  impl.RoleInfo (RoleInfo.java:shutdownFollowerState(121)) - 9b3ef6c9-0245-4756-bf80-45d41f7a4453: shutdown FollowerState
2019-10-30 11:52:39,784 [grpc-default-executor-8] INFO  impl.RoleInfo (RoleInfo.java:shutdownFollowerState(121)) - cd11b2f5-3187-4d03-bd60-931991550c17: shutdown FollowerState
2019-10-30 11:52:39,784 [grpc-default-executor-9] INFO  impl.RoleInfo (RoleInfo.java:updateAndGet(143)) - 9b3ef6c9-0245-4756-bf80-45d41f7a4453: start FollowerState
2019-10-30 11:52:39,784 [grpc-default-executor-8] INFO  impl.RoleInfo (RoleInfo.java:updateAndGet(143)) - cd11b2f5-3187-4d03-bd60-931991550c17: start FollowerState
2019-10-30 11:52:39,786 [Thread-1149] INFO  impl.FollowerState (FollowerState.java:run(117)) - cd11b2f5-3187-4d03-bd60-931991550c17@group-F367C8FA5986-FollowerState was interrupted: java.lang.InterruptedException: sleep interrupted
2019-10-30 11:52:39,787 [Thread-1150] INFO  impl.FollowerState (FollowerState.java:run(117)) - 9b3ef6c9-0245-4756-bf80-45d41f7a4453@group-F367C8FA5986-FollowerState was interrupted: java.lang.InterruptedException: sleep interrupted
2019-10-30 11:52:39,787 [grpc-default-executor-4] INFO  impl.RaftServerImpl (RaftServerImpl.java:setRole(184)) - 4f16e274-8663-4a15-9c4c-c81f650ab979@group-83984122B78E: changes role from  FOLLOWER to FOLLOWER at term 64 for recognizeCandidate:f26e10ed-fb17-49e6-a903-eadc130d13d1
2019-10-30 11:52:39,787 [grpc-default-executor-4] INFO  impl.RoleInfo (RoleInfo.java:shutdownFollowerState(121)) - 4f16e274-8663-4a15-9c4c-c81f650ab979: shutdown FollowerState
2019-10-30 11:52:39,788 [grpc-default-executor-4] INFO  impl.RoleInfo (RoleInfo.java:updateAndGet(143)) - 4f16e274-8663-4a15-9c4c-c81f650ab979: start FollowerState
2019-10-30 11:52:39,788 [Thread-1144] INFO  impl.FollowerState (FollowerState.java:run(117)) - 4f16e274-8663-4a15-9c4c-c81f650ab979@group-83984122B78E-FollowerState was interrupted: java.lang.InterruptedException: sleep interrupted
2019-10-30 11:52:39,791 [grpc-default-executor-0] INFO  impl.RaftServerImpl (RaftServerImpl.java:setRole(184)) - 4cc44201-a597-43af-a4ec-5b1b407a6250@group-83984122B78E: changes role from  FOLLOWER to FOLLOWER at term 64 for recognizeCandidate:f26e10ed-fb17-49e6-a903-eadc130d13d1
2019-10-30 11:52:39,791 [grpc-default-executor-0] INFO  impl.RoleInfo (RoleInfo.java:shutdownFollowerState(121)) - 4cc44201-a597-43af-a4ec-5b1b407a6250: shutdown FollowerState
2019-10-30 11:52:39,791 [grpc-default-executor-0] INFO  impl.RoleInfo (RoleInfo.java:updateAndGet(143)) - 4cc44201-a597-43af-a4ec-5b1b407a6250: start FollowerState
2019-10-30 11:52:39,795 [Thread-1146] INFO  impl.FollowerState (FollowerState.java:run(117)) - 4cc44201-a597-43af-a4ec-5b1b407a6250@group-83984122B78E-FollowerState was interrupted: java.lang.InterruptedException: sleep interrupted
2019-10-30 11:52:39,805 [f26e10ed-fb17-49e6-a903-eadc130d13d1@group-83984122B78E-LeaderElection125] INFO  impl.LeaderElection (LeaderElection.java:logAndReturn(56)) - f26e10ed-fb17-49e6-a903-eadc130d13d1@group-83984122B78E-LeaderElection125: Election TIMEOUT; received 0 response(s) [] and 0 exception(s); f26e10ed-fb17-49e6-a903-eadc130d13d1@group-83984122B78E:t64, leader=null, voted=f26e10ed-fb17-49e6-a903-eadc130d13d1, raftlog=f26e10ed-fb17-49e6-a903-eadc130d13d1@group-83984122B78E-SegmentedRaftLog:OPENED:c-1,f-1,i0, conf=-1: [4f16e274-8663-4a15-9c4c-c81f650ab979:192.168.157.220:38181, 4cc44201-a597-43af-a4ec-5b1b407a6250:192.168.157.220:36685, f26e10ed-fb17-49e6-a903-eadc130d13d1:192.168.157.220:32806], old=null
2019-10-30 11:52:39,808 [9dbd5372-55c2-4532-b354-9494d3d545d2@group-F367C8FA5986-LeaderElection124] INFO  impl.LeaderElection (LeaderElection.java:logAndReturn(56)) - 9dbd5372-55c2-4532-b354-9494d3d545d2@group-F367C8FA5986-LeaderElection124: Election TIMEOUT; received 0 response(s) [] and 0 exception(s); 9dbd5372-55c2-4532-b354-9494d3d545d2@group-F367C8FA5986:t57, leader=null, voted=9dbd5372-55c2-4532-b354-9494d3d545d2, raftlog=9dbd5372-55c2-4532-b354-9494d3d545d2@group-F367C8FA5986-SegmentedRaftLog:OPENED:c-1,f-1,i0, conf=-1: [9b3ef6c9-0245-4756-bf80-45d41f7a4453:192.168.157.220:37058, cd11b2f5-3187-4d03-bd60-931991550c17:192.168.157.220:43236, 9dbd5372-55c2-4532-b354-9494d3d545d2:192.168.157.220:42993], old=null
2019-10-30 11:52:39,818 [9dbd5372-55c2-4532-b354-9494d3d545d2@group-F367C8FA5986-LeaderElection124] INFO  impl.LeaderElection (LeaderElection.java:askForVotes(178)) - 9dbd5372-55c2-4532-b354-9494d3d545d2@group-F367C8FA5986-LeaderElection124: begin an election at term 58 for -1: [9b3ef6c9-0245-4756-bf80-45d41f7a4453:192.168.157.220:37058, cd11b2f5-3187-4d03-bd60-931991550c17:192.168.157.220:43236, 9dbd5372-55c2-4532-b354-9494d3d545d2:192.168.157.220:42993], old=null
2019-10-30 11:52:39,819 [f26e10ed-fb17-49e6-a903-eadc130d13d1@group-83984122B78E-LeaderElection125] INFO  impl.LeaderElection (LeaderElection.java:askForVotes(178)) - f26e10ed-fb17-49e6-a903-eadc130d13d1@group-83984122B78E-LeaderElection125: begin an election at term 65 for -1: [4f16e274-8663-4a15-9c4c-c81f650ab979:192.168.157.220:38181, 4cc44201-a597-43af-a4ec-5b1b407a6250:192.168.157.220:36685, f26e10ed-fb17-49e6-a903-eadc130d13d1:192.168.157.220:32806], old=null
2019-10-30 11:52:39,823 [grpc-default-executor-9] INFO  impl.RaftServerImpl (RaftServerImpl.java:setRole(184)) - 9b3ef6c9-0245-4756-bf80-45d41f7a4453@group-F367C8FA5986: changes role from  FOLLOWER to FOLLOWER at term 58 for recognizeCandidate:9dbd5372-55c2-4532-b354-9494d3d545d2
2019-10-30 11:52:39,823 [grpc-default-executor-9] INFO  impl.RoleInfo (RoleInfo.java:shutdownFollowerState(121)) - 9b3ef6c9-0245-4756-bf80-45d41f7a4453: shutdown FollowerState
2019-10-30 11:52:39,826 [grpc-default-executor-0] INFO  impl.RaftServerImpl (RaftServerImpl.java:setRole(184)) - cd11b2f5-3187-4d03-bd60-931991550c17@group-F367C8FA5986: changes role from  FOLLOWER to FOLLOWER at term 58 for recognizeCandidate:9dbd5372-55c2-4532-b354-9494d3d545d2
2019-10-30 11:52:39,826 [grpc-default-executor-0] INFO  impl.RoleInfo (RoleInfo.java:shutdownFollowerState(121)) - cd11b2f5-3187-4d03-bd60-931991550c17: shutdown FollowerState
2019-10-30 11:52:39,830 [grpc-default-executor-0] INFO  impl.RoleInfo (RoleInfo.java:updateAndGet(143)) - cd11b2f5-3187-4d03-bd60-931991550c17: start FollowerState
2019-10-30 11:52:39,830 [Thread-1160] INFO  impl.FollowerState (FollowerState.java:run(117)) - cd11b2f5-3187-4d03-bd60-931991550c17@group-F367C8FA5986-FollowerState was interrupted: java.lang.InterruptedException: sleep interrupted
2019-10-30 11:52:39,833 [grpc-default-executor-8] INFO  impl.RaftServerImpl (RaftServerImpl.java:setRole(184)) - 4cc44201-a597-43af-a4ec-5b1b407a6250@group-83984122B78E: changes role from  FOLLOWER to FOLLOWER at term 65 for recognizeCandidate:f26e10ed-fb17-49e6-a903-eadc130d13d1
2019-10-30 11:52:39,833 [grpc-default-executor-8] INFO  impl.RoleInfo (RoleInfo.java:shutdownFollowerState(121)) - 4cc44201-a597-43af-a4ec-5b1b407a6250: shutdown FollowerState
2019-10-30 11:52:39,833 [grpc-default-executor-8] INFO  impl.RoleInfo (RoleInfo.java:updateAndGet(143)) - 4cc44201-a597-43af-a4ec-5b1b407a6250: start FollowerState
2019-10-30 11:52:39,834 [Thread-1162] INFO  impl.FollowerState (FollowerState.java:run(117)) - 4cc44201-a597-43af-a4ec-5b1b407a6250@group-83984122B78E-FollowerState was interrupted: java.lang.InterruptedException: sleep interrupted
2019-10-30 11:52:39,838 [Thread-1159] INFO  impl.FollowerState (FollowerState.java:run(117)) - 9b3ef6c9-0245-4756-bf80-45d41f7a4453@group-F367C8FA5986-FollowerState was interrupted: java.lang.InterruptedException: sleep interrupted
2019-10-30 11:52:39,838 [grpc-default-executor-9] INFO  impl.RoleInfo (RoleInfo.java:updateAndGet(143)) - 9b3ef6c9-0245-4756-bf80-45d41f7a4453: start FollowerState
2019-10-30 11:52:39,838 [grpc-default-executor-4] INFO  impl.RaftServerImpl (RaftServerImpl.java:setRole(184)) - 4f16e274-8663-4a15-9c4c-c81f650ab979@group-83984122B78E: changes role from  FOLLOWER to FOLLOWER at term 65 for recognizeCandidate:f26e10ed-fb17-49e6-a903-eadc130d13d1
2019-10-30 11:52:39,842 [grpc-default-executor-4] INFO  impl.RoleInfo (RoleInfo.java:shutdownFollowerState(121)) - 4f16e274-8663-4a15-9c4c-c81f650ab979: shutdown FollowerState
2019-10-30 11:52:39,848 [Thread-1161] INFO  impl.FollowerState (FollowerState.java:run(117)) - 4f16e274-8663-4a15-9c4c-c81f650ab979@group-83984122B78E-FollowerState was interrupted: java.lang.InterruptedException: sleep interrupted
2019-10-30 11:52:39,849 [grpc-default-executor-4] INFO  impl.RoleInfo (RoleInfo.java:updateAndGet(143)) - 4f16e274-8663-4a15-9c4c-c81f650ab979: start FollowerState
2019-10-30 11:52:39,915 [9dbd5372-55c2-4532-b354-9494d3d545d2@group-F367C8FA5986-LeaderElection124] INFO  impl.LeaderElection (LeaderElection.java:logAndReturn(56)) - 9dbd5372-55c2-4532-b354-9494d3d545d2@group-F367C8FA5986-LeaderElection124: Election REJECTED; received 2 response(s) [9dbd5372-55c2-4532-b354-9494d3d545d2<-9b3ef6c9-0245-4756-bf80-45d41f7a4453#0:FAIL-t58, 9dbd5372-55c2-4532-b354-9494d3d545d2<-cd11b2f5-3187-4d03-bd60-931991550c17#0:FAIL-t58] and 0 exception(s); 9dbd5372-55c2-4532-b354-9494d3d545d2@group-F367C8FA5986:t58, leader=null, voted=9dbd5372-55c2-4532-b354-9494d3d545d2, raftlog=9dbd5372-55c2-4532-b354-9494d3d545d2@group-F367C8FA5986-SegmentedRaftLog:OPENED:c-1,f-1,i0, conf=-1: [9b3ef6c9-0245-4756-bf80-45d41f7a4453:192.168.157.220:37058, cd11b2f5-3187-4d03-bd60-931991550c17:192.168.157.220:43236, 9dbd5372-55c2-4532-b354-9494d3d545d2:192.168.157.220:42993], old=null
2019-10-30 11:52:39,915 [9dbd5372-55c2-4532-b354-9494d3d545d2@group-F367C8FA5986-LeaderElection124] INFO  impl.RaftServerImpl (RaftServerImpl.java:setRole(184)) - 9dbd5372-55c2-4532-b354-9494d3d545d2@group-F367C8FA5986: changes role from CANDIDATE to FOLLOWER at term 58 for DISCOVERED_A_NEW_TERM
2019-10-30 11:52:39,915 [9dbd5372-55c2-4532-b354-9494d3d545d2@group-F367C8FA5986-LeaderElection124] INFO  impl.RoleInfo (RoleInfo.java:shutdownLeaderElection(134)) - 9dbd5372-55c2-4532-b354-9494d3d545d2: shutdown LeaderElection
2019-10-30 11:52:39,915 [9dbd5372-55c2-4532-b354-9494d3d545d2@group-F367C8FA5986-LeaderElection124] INFO  impl.RoleInfo (RoleInfo.java:updateAndGet(143)) - 9dbd5372-55c2-4532-b354-9494d3d545d2: start FollowerState
2019-10-30 11:52:39,937 [f26e10ed-fb17-49e6-a903-eadc130d13d1@group-83984122B78E-LeaderElection125] INFO  impl.LeaderElection (LeaderElection.java:logAndReturn(56)) - f26e10ed-fb17-49e6-a903-eadc130d13d1@group-83984122B78E-LeaderElection125: Election REJECTED; received 2 response(s) [f26e10ed-fb17-49e6-a903-eadc130d13d1<-4f16e274-8663-4a15-9c4c-c81f650ab979#0:FAIL-t65, f26e10ed-fb17-49e6-a903-eadc130d13d1<-4cc44201-a597-43af-a4ec-5b1b407a6250#0:FAIL-t65] and 0 exception(s); f26e10ed-fb17-49e6-a903-eadc130d13d1@group-83984122B78E:t65, leader=null, voted=f26e10ed-fb17-49e6-a903-eadc130d13d1, raftlog=f26e10ed-fb17-49e6-a903-eadc130d13d1@group-83984122B78E-SegmentedRaftLog:OPENED:c-1,f-1,i0, conf=-1: [4f16e274-8663-4a15-9c4c-c81f650ab979:192.168.157.220:38181, 4cc44201-a597-43af-a4ec-5b1b407a6250:192.168.157.220:36685, f26e10ed-fb17-49e6-a903-eadc130d13d1:192.168.157.220:32806], old=null
2019-10-30 11:52:39,937 [f26e10ed-fb17-49e6-a903-eadc130d13d1@group-83984122B78E-LeaderElection125] INFO  impl.RaftServerImpl (RaftServerImpl.java:setRole(184)) - f26e10ed-fb17-49e6-a903-eadc130d13d1@group-83984122B78E: changes role from CANDIDATE to FOLLOWER at term 65 for DISCOVERED_A_NEW_TERM
2019-10-30 11:52:39,937 [f26e10ed-fb17-49e6-a903-eadc130d13d1@group-83984122B78E-LeaderElection125] INFO  impl.RoleInfo (RoleInfo.java:shutdownLeaderElection(134)) - f26e10ed-fb17-49e6-a903-eadc130d13d1: shutdown LeaderElection
2019-10-30 11:52:39,937 [f26e10ed-fb17-49e6-a903-eadc130d13d1@group-83984122B78E-LeaderElection125] INFO  impl.RoleInfo (RoleInfo.java:updateAndGet(143)) - f26e10ed-fb17-49e6-a903-eadc130d13d1: start FollowerState
2019-10-30 11:52:39,990 [Thread-1175] INFO  impl.FollowerState (FollowerState.java:run(108)) - f26e10ed-fb17-49e6-a903-eadc130d13d1@group-83984122B78E-FollowerState: change to CANDIDATE, lastRpcTime:52ms, electionTimeout:38ms
2019-10-30 11:52:39,990 [Thread-1175] INFO  impl.RoleInfo (RoleInfo.java:shutdownFollowerState(121)) - f26e10ed-fb17-49e6-a903-eadc130d13d1: shutdown FollowerState
2019-10-30 11:52:39,990 [Thread-1175] INFO  impl.RaftServerImpl (RaftServerImpl.java:setRole(184)) - f26e10ed-fb17-49e6-a903-eadc130d13d1@group-83984122B78E: changes role from  FOLLOWER to CANDIDATE at term 65 for changeToCandidate
2019-10-30 11:52:39,991 [Thread-1175] INFO  impl.RoleInfo (RoleInfo.java:updateAndGet(143)) - f26e10ed-fb17-49e6-a903-eadc130d13d1: start LeaderElection
2019-10-30 11:52:39,997 [f26e10ed-fb17-49e6-a903-eadc130d13d1@group-83984122B78E-LeaderElection126] INFO  impl.LeaderElection (LeaderElection.java:askForVotes(178)) - f26e10ed-fb17-49e6-a903-eadc130d13d1@group-83984122B78E-LeaderElection126: begin an election at term 66 for -1: [4f16e274-8663-4a15-9c4c-c81f650ab979:192.168.157.220:38181, 4cc44201-a597-43af-a4ec-5b1b407a6250:192.168.157.220:36685, f26e10ed-fb17-49e6-a903-eadc130d13d1:192.168.157.220:32806], old=null
2019-10-30 11:52:40,001 [grpc-default-executor-1] INFO  impl.RaftServerImpl (RaftServerImpl.java:setRole(184)) - 4f16e274-8663-4a15-9c4c-c81f650ab979@group-83984122B78E: changes role from  FOLLOWER to FOLLOWER at term 66 for recognizeCandidate:f26e10ed-fb17-49e6-a903-eadc130d13d1
2019-10-30 11:52:40,001 [grpc-default-executor-8] INFO  impl.RaftServerImpl (RaftServerImpl.java:setRole(184)) - 4cc44201-a597-43af-a4ec-5b1b407a6250@group-83984122B78E: changes role from  FOLLOWER to FOLLOWER at term 66 for recognizeCandidate:f26e10ed-fb17-49e6-a903-eadc130d13d1
2019-10-30 11:52:40,001 [grpc-default-executor-1] INFO  impl.RoleInfo (RoleInfo.java:shutdownFollowerState(121)) - 4f16e274-8663-4a15-9c4c-c81f650ab979: shutdown FollowerState
2019-10-30 11:52:40,001 [grpc-default-executor-8] INFO  impl.RoleInfo (RoleInfo.java:shutdownFollowerState(121)) - 4cc44201-a597-43af-a4ec-5b1b407a6250: shutdown FollowerState
2019-10-30 11:52:40,001 [Thread-1171] INFO  impl.FollowerState (FollowerState.java:run(117)) - 4f16e274-8663-4a15-9c4c-c81f650ab979@group-83984122B78E-FollowerState was interrupted: java.lang.InterruptedException: sleep interrupted
2019-10-30 11:52:40,001 [grpc-default-executor-1] INFO  impl.RoleInfo (RoleInfo.java:updateAndGet(143)) - 4f16e274-8663-4a15-9c4c-c81f650ab979: start FollowerState
2019-10-30 11:52:40,002 [grpc-default-executor-8] INFO  impl.RoleInfo (RoleInfo.java:updateAndGet(143)) - 4cc44201-a597-43af-a4ec-5b1b407a6250: start FollowerState
2019-10-30 11:52:40,002 [Thread-1168] INFO  impl.FollowerState (FollowerState.java:run(117)) - 4cc44201-a597-43af-a4ec-5b1b407a6250@group-83984122B78E-FollowerState was interrupted: java.lang.InterruptedException: sleep interrupted
2019-10-30 11:52:40,035 [f26e10ed-fb17-49e6-a903-eadc130d13d1@group-83984122B78E-LeaderElection126] INFO  impl.LeaderElection (LeaderElection.java:logAndReturn(56)) - f26e10ed-fb17-49e6-a903-eadc130d13d1@group-83984122B78E-LeaderElection126: Election REJECTED; received 2 response(s) [f26e10ed-fb17-49e6-a903-eadc130d13d1<-4f16e274-8663-4a15-9c4c-c81f650ab979#0:FAIL-t66, f26e10ed-fb17-49e6-a903-eadc130d13d1<-4cc44201-a597-43af-a4ec-5b1b407a6250#0:FAIL-t66] and 0 exception(s); f26e10ed-fb17-49e6-a903-eadc130d13d1@group-83984122B78E:t66, leader=null, voted=f26e10ed-fb17-49e6-a903-eadc130d13d1, raftlog=f26e10ed-fb17-49e6-a903-eadc130d13d1@group-83984122B78E-SegmentedRaftLog:OPENED:c-1,f-1,i0, conf=-1: [4f16e274-8663-4a15-9c4c-c81f650ab979:192.168.157.220:38181, 4cc44201-a597-43af-a4ec-5b1b407a6250:192.168.157.220:36685, f26e10ed-fb17-49e6-a903-eadc130d13d1:192.168.157.220:32806], old=null
2019-10-30 11:52:40,035 [f26e10ed-fb17-49e6-a903-eadc130d13d1@group-83984122B78E-LeaderElection126] INFO  impl.RaftServerImpl (RaftServerImpl.java:setRole(184)) - f26e10ed-fb17-49e6-a903-eadc130d13d1@group-83984122B78E: changes role from CANDIDATE to FOLLOWER at term 66 for DISCOVERED_A_NEW_TERM
2019-10-30 11:52:40,035 [f26e10ed-fb17-49e6-a903-eadc130d13d1@group-83984122B78E-LeaderElection126] INFO  impl.RoleInfo (RoleInfo.java:shutdownLeaderElection(134)) - f26e10ed-fb17-49e6-a903-eadc130d13d1: shutdown LeaderElection
2019-10-30 11:52:40,035 [f26e10ed-fb17-49e6-a903-eadc130d13d1@group-83984122B78E-LeaderElection126] INFO  impl.RoleInfo (RoleInfo.java:updateAndGet(143)) - f26e10ed-fb17-49e6-a903-eadc130d13d1: start FollowerState
2019-10-30 11:52:40,038 [Thread-1174] INFO  impl.FollowerState (FollowerState.java:run(108)) - 9dbd5372-55c2-4532-b354-9494d3d545d2@group-F367C8FA5986-FollowerState: change to CANDIDATE, lastRpcTime:122ms, electionTimeout:105ms
2019-10-30 11:52:40,038 [Thread-1174] INFO  impl.RoleInfo (RoleInfo.java:shutdownFollowerState(121)) - 9dbd5372-55c2-4532-b354-9494d3d545d2: shutdown FollowerState
2019-10-30 11:52:40,038 [Thread-1174] INFO  impl.RaftServerImpl (RaftServerImpl.java:setRole(184)) - 9dbd5372-55c2-4532-b354-9494d3d545d2@group-F367C8FA5986: changes role from  FOLLOWER to CANDIDATE at term 58 for changeToCandidate
2019-10-30 11:52:40,038 [Thread-1174] INFO  impl.RoleInfo (RoleInfo.java:updateAndGet(143)) - 9dbd5372-55c2-4532-b354-9494d3d545d2: start LeaderElection
2019-10-30 11:52:40,052 [9dbd5372-55c2-4532-b354-9494d3d545d2@group-F367C8FA5986-LeaderElection127] INFO  impl.LeaderElection (LeaderElection.java:askForVotes(178)) - 9dbd5372-55c2-4532-b354-9494d3d545d2@group-F367C8FA5986-LeaderElection127: begin an election at term 59 for -1: [9b3ef6c9-0245-4756-bf80-45d41f7a4453:192.168.157.220:37058, cd11b2f5-3187-4d03-bd60-931991550c17:192.168.157.220:43236, 9dbd5372-55c2-4532-b354-9494d3d545d2:192.168.157.220:42993], old=null
2019-10-30 11:52:40,054 [grpc-default-executor-1] INFO  impl.RaftServerImpl (RaftServerImpl.java:setRole(184)) - cd11b2f5-3187-4d03-bd60-931991550c17@group-F367C8FA5986: changes role from  FOLLOWER to FOLLOWER at term 59 for recognizeCandidate:9dbd5372-55c2-4532-b354-9494d3d545d2
2019-10-30 11:52:40,054 [grpc-default-executor-1] INFO  impl.RoleInfo (RoleInfo.java:shutdownFollowerState(121)) - cd11b2f5-3187-4d03-bd60-931991550c17: shutdown FollowerState
2019-10-30 11:52:40,054 [grpc-default-executor-1] INFO  impl.RoleInfo (RoleInfo.java:updateAndGet(143)) - cd11b2f5-3187-4d03-bd60-931991550c17: start FollowerState
2019-10-30 11:52:40,055 [Thread-1167] INFO  impl.FollowerState (FollowerState.java:run(117)) - cd11b2f5-3187-4d03-bd60-931991550c17@group-F367C8FA5986-FollowerState was interrupted: java.lang.InterruptedException: sleep interrupted
2019-10-30 11:52:40,057 [grpc-default-executor-8] INFO  impl.RaftServerImpl (RaftServerImpl.java:setRole(184)) - 9b3ef6c9-0245-4756-bf80-45d41f7a4453@group-F367C8FA5986: changes role from  FOLLOWER to FOLLOWER at term 59 for recognizeCandidate:9dbd5372-55c2-4532-b354-9494d3d545d2
2019-10-30 11:52:40,057 [grpc-default-executor-8] INFO  impl.RoleInfo (RoleInfo.java:shutdownFollowerState(121)) - 9b3ef6c9-0245-4756-bf80-45d41f7a4453: shutdown FollowerState
2019-10-30 11:52:40,057 [grpc-default-executor-8] INFO  impl.RoleInfo (RoleInfo.java:updateAndGet(143)) - 9b3ef6c9-0245-4756-bf80-45d41f7a4453: start FollowerState
2019-10-30 11:52:40,057 [Thread-1169] INFO  impl.FollowerState (FollowerState.java:run(117)) - 9b3ef6c9-0245-4756-bf80-45d41f7a4453@group-F367C8FA5986-FollowerState was interrupted: java.lang.InterruptedException: sleep interrupted
2019-10-30 11:52:40,062 [Thread-1182] INFO  impl.FollowerState (FollowerState.java:run(108)) - f26e10ed-fb17-49e6-a903-eadc130d13d1@group-83984122B78E-FollowerState: change to CANDIDATE, lastRpcTime:26ms, electionTimeout:26ms
2019-10-30 11:52:40,062 [Thread-1182] INFO  impl.RoleInfo (RoleInfo.java:shutdownFollowerState(121)) - f26e10ed-fb17-49e6-a903-eadc130d13d1: shutdown FollowerState
2019-10-30 11:52:40,062 [Thread-1182] INFO  impl.RaftServerImpl (RaftServerImpl.java:setRole(184)) - f26e10ed-fb17-49e6-a903-eadc130d13d1@group-83984122B78E: changes role from  FOLLOWER to CANDIDATE at term 66 for changeToCandidate
2019-10-30 11:52:40,062 [Thread-1182] INFO  impl.RoleInfo (RoleInfo.java:updateAndGet(143)) - f26e10ed-fb17-49e6-a903-eadc130d13d1: start LeaderElection
2019-10-30 11:52:40,065 [9dbd5372-55c2-4532-b354-9494d3d545d2@group-F367C8FA5986-LeaderElection127] INFO  impl.LeaderElection (LeaderElection.java:logAndReturn(56)) - 9dbd5372-55c2-4532-b354-9494d3d545d2@group-F367C8FA5986-LeaderElection127: Election REJECTED; received 2 response(s) [9dbd5372-55c2-4532-b354-9494d3d545d2<-9b3ef6c9-0245-4756-bf80-45d41f7a4453#0:FAIL-t59, 9dbd5372-55c2-4532-b354-9494d3d545d2<-cd11b2f5-3187-4d03-bd60-931991550c17#0:FAIL-t59] and 0 exception(s); 9dbd5372-55c2-4532-b354-9494d3d545d2@group-F367C8FA5986:t59, leader=null, voted=9dbd5372-55c2-4532-b354-9494d3d545d2, raftlog=9dbd5372-55c2-4532-b354-9494d3d545d2@group-F367C8FA5986-SegmentedRaftLog:OPENED:c-1,f-1,i0, conf=-1: [9b3ef6c9-0245-4756-bf80-45d41f7a4453:192.168.157.220:37058, cd11b2f5-3187-4d03-bd60-931991550c17:192.168.157.220:43236, 9dbd5372-55c2-4532-b354-9494d3d545d2:192.168.157.220:42993], old=null
2019-10-30 11:52:40,065 [9dbd5372-55c2-4532-b354-9494d3d545d2@group-F367C8FA5986-LeaderElection127] INFO  impl.RaftServerImpl (RaftServerImpl.java:setRole(184)) - 9dbd5372-55c2-4532-b354-9494d3d545d2@group-F367C8FA5986: changes role from CANDIDATE to FOLLOWER at term 59 for DISCOVERED_A_NEW_TERM
2019-10-30 11:52:40,065 [9dbd5372-55c2-4532-b354-9494d3d545d2@group-F367C8FA5986-LeaderElection127] INFO  impl.RoleInfo (RoleInfo.java:shutdownLeaderElection(134)) - 9dbd5372-55c2-4532-b354-9494d3d545d2: shutdown LeaderElection
2019-10-30 11:52:40,065 [9dbd5372-55c2-4532-b354-9494d3d545d2@group-F367C8FA5986-LeaderElection127] INFO  impl.RoleInfo (RoleInfo.java:updateAndGet(143)) - 9dbd5372-55c2-4532-b354-9494d3d545d2: start FollowerState
2019-10-30 11:52:40,067 [f26e10ed-fb17-49e6-a903-eadc130d13d1@group-83984122B78E-LeaderElection128] INFO  impl.LeaderElection (LeaderElection.java:askForVotes(178)) - f26e10ed-fb17-49e6-a903-eadc130d13d1@group-83984122B78E-LeaderElection128: begin an election at term 67 for -1: [4f16e274-8663-4a15-9c4c-c81f650ab979:192.168.157.220:38181, 4cc44201-a597-43af-a4ec-5b1b407a6250:192.168.157.220:36685, f26e10ed-fb17-49e6-a903-eadc130d13d1:192.168.157.220:32806], old=null
2019-10-30 11:52:40,068 [grpc-default-executor-1] INFO  impl.RaftServerImpl (RaftServerImpl.java:setRole(184)) - 4f16e274-8663-4a15-9c4c-c81f650ab979@group-83984122B78E: changes role from  FOLLOWER to FOLLOWER at term 67 for recognizeCandidate:f26e10ed-fb17-49e6-a903-eadc130d13d1
2019-10-30 11:52:40,068 [grpc-default-executor-1] INFO  impl.RoleInfo (RoleInfo.java:shutdownFollowerState(121)) - 4f16e274-8663-4a15-9c4c-c81f650ab979: shutdown FollowerState
2019-10-30 11:52:40,069 [grpc-default-executor-8] INFO  impl.RaftServerImpl (RaftServerImpl.java:setRole(184)) - 4cc44201-a597-43af-a4ec-5b1b407a6250@group-83984122B78E: changes role from  FOLLOWER to FOLLOWER at term 67 for recognizeCandidate:f26e10ed-fb17-49e6-a903-eadc130d13d1
2019-10-30 11:52:40,069 [grpc-default-executor-1] INFO  impl.RoleInfo (RoleInfo.java:updateAndGet(143)) - 4f16e274-8663-4a15-9c4c-c81f650ab979: start FollowerState
2019-10-30 11:52:40,069 [grpc-default-executor-8] INFO  impl.RoleInfo (RoleInfo.java:shutdownFollowerState(121)) - 4cc44201-a597-43af-a4ec-5b1b407a6250: shutdown FollowerState
2019-10-30 11:52:40,069 [Thread-1180] INFO  impl.FollowerState (FollowerState.java:run(117)) - 4f16e274-8663-4a15-9c4c-c81f650ab979@group-83984122B78E-FollowerState was interrupted: java.lang.InterruptedException: sleep interrupted
2019-10-30 11:52:40,069 [Thread-1181] INFO  impl.FollowerState (FollowerState.java:run(117)) - 4cc44201-a597-43af-a4ec-5b1b407a6250@group-83984122B78E-FollowerState was interrupted: java.lang.InterruptedException: sleep interrupted
2019-10-30 11:52:40,069 [grpc-default-executor-8] INFO  impl.RoleInfo (RoleInfo.java:updateAndGet(143)) - 4cc44201-a597-43af-a4ec-5b1b407a6250: start FollowerState
2019-10-30 11:52:40,074 [f26e10ed-fb17-49e6-a903-eadc130d13d1@group-83984122B78E-LeaderElection128] INFO  impl.LeaderElection (LeaderElection.java:logAndReturn(56)) - f26e10ed-fb17-49e6-a903-eadc130d13d1@group-83984122B78E-LeaderElection128: Election TIMEOUT; received 0 response(s) [] and 0 exception(s); f26e10ed-fb17-49e6-a903-eadc130d13d1@group-83984122B78E:t67, leader=null, voted=f26e10ed-fb17-49e6-a903-eadc130d13d1, raftlog=f26e10ed-fb17-49e6-a903-eadc130d13d1@group-83984122B78E-SegmentedRaftLog:OPENED:c-1,f-1,i0, conf=-1: [4f16e274-8663-4a15-9c4c-c81f650ab979:192.168.157.220:38181, 4cc44201-a597-43af-a4ec-5b1b407a6250:192.168.157.220:36685, f26e10ed-fb17-49e6-a903-eadc130d13d1:192.168.157.220:32806], old=null
2019-10-30 11:52:40,087 [f26e10ed-fb17-49e6-a903-eadc130d13d1@group-83984122B78E-LeaderElection128] INFO  impl.LeaderElection (LeaderElection.java:askForVotes(178)) - f26e10ed-fb17-49e6-a903-eadc130d13d1@group-83984122B78E-LeaderElection128: begin an election at term 68 for -1: [4f16e274-8663-4a15-9c4c-c81f650ab979:192.168.157.220:38181, 4cc44201-a597-43af-a4ec-5b1b407a6250:192.168.157.220:36685, f26e10ed-fb17-49e6-a903-eadc130d13d1:192.168.157.220:32806], old=null
2019-10-30 11:52:40,089 [grpc-default-executor-8] INFO  impl.RaftServerImpl (RaftServerImpl.java:setRole(184)) - 4f16e274-8663-4a15-9c4c-c81f650ab979@group-83984122B78E: changes role from  FOLLOWER to FOLLOWER at term 68 for recognizeCandidate:f26e10ed-fb17-49e6-a903-eadc130d13d1
2019-10-30 11:52:40,089 [grpc-default-executor-8] INFO  impl.RoleInfo (RoleInfo.java:shutdownFollowerState(121)) - 4f16e274-8663-4a15-9c4c-c81f650ab979: shutdown FollowerState
2019-10-30 11:52:40,089 [grpc-default-executor-8] INFO  impl.RoleInfo (RoleInfo.java:updateAndGet(143)) - 4f16e274-8663-4a15-9c4c-c81f650ab979: start FollowerState
2019-10-30 11:52:40,089 [Thread-1192] INFO  impl.FollowerState (FollowerState.java:run(117)) - 4f16e274-8663-4a15-9c4c-c81f650ab979@group-83984122B78E-FollowerState was interrupted: java.lang.InterruptedException: sleep interrupted
2019-10-30 11:52:40,093 [grpc-default-executor-1] INFO  impl.RaftServerImpl (RaftServerImpl.java:setRole(184)) - 4cc44201-a597-43af-a4ec-5b1b407a6250@group-83984122B78E: changes role from  FOLLOWER to FOLLOWER at term 68 for recognizeCandidate:f26e10ed-fb17-49e6-a903-eadc130d13d1
2019-10-30 11:52:40,093 [grpc-default-executor-1] INFO  impl.RoleInfo (RoleInfo.java:shutdownFollowerState(121)) - 4cc44201-a597-43af-a4ec-5b1b407a6250: shutdown FollowerState
2019-10-30 11:52:40,093 [grpc-default-executor-1] INFO  impl.RoleInfo (RoleInfo.java:updateAndGet(143)) - 4cc44201-a597-43af-a4ec-5b1b407a6250: start FollowerState
2019-10-30 11:52:40,093 [Thread-1193] INFO  impl.FollowerState (FollowerState.java:run(117)) - 4cc44201-a597-43af-a4ec-5b1b407a6250@group-83984122B78E-FollowerState was interrupted: java.lang.InterruptedException: sleep interrupted
2019-10-30 11:52:40,118 [f26e10ed-fb17-49e6-a903-eadc130d13d1@group-83984122B78E-LeaderElection128] INFO  impl.LeaderElection (LeaderElection.java:logAndReturn(56)) - f26e10ed-fb17-49e6-a903-eadc130d13d1@group-83984122B78E-LeaderElection128: Election REJECTED; received 2 response(s) [f26e10ed-fb17-49e6-a903-eadc130d13d1<-4f16e274-8663-4a15-9c4c-c81f650ab979#0:FAIL-t68, f26e10ed-fb17-49e6-a903-eadc130d13d1<-4cc44201-a597-43af-a4ec-5b1b407a6250#0:FAIL-t68] and 0 exception(s); f26e10ed-fb17-49e6-a903-eadc130d13d1@group-83984122B78E:t68, leader=null, voted=f26e10ed-fb17-49e6-a903-eadc130d13d1, raftlog=f26e10ed-fb17-49e6-a903-eadc130d13d1@group-83984122B78E-SegmentedRaftLog:OPENED:c-1,f-1,i0, conf=-1: [4f16e274-8663-4a15-9c4c-c81f650ab979:192.168.157.220:38181, 4cc44201-a597-43af-a4ec-5b1b407a6250:192.168.157.220:36685, f26e10ed-fb17-49e6-a903-eadc130d13d1:192.168.157.220:32806], old=null
2019-10-30 11:52:40,118 [f26e10ed-fb17-49e6-a903-eadc130d13d1@group-83984122B78E-LeaderElection128] INFO  impl.RaftServerImpl (RaftServerImpl.java:setRole(184)) - f26e10ed-fb17-49e6-a903-eadc130d13d1@group-83984122B78E: changes role from CANDIDATE to FOLLOWER at term 68 for DISCOVERED_A_NEW_TERM
2019-10-30 11:52:40,118 [f26e10ed-fb17-49e6-a903-eadc130d13d1@group-83984122B78E-LeaderElection128] INFO  impl.RoleInfo (RoleInfo.java:shutdownLeaderElection(134)) - f26e10ed-fb17-49e6-a903-eadc130d13d1: shutdown LeaderElection
2019-10-30 11:52:40,118 [f26e10ed-fb17-49e6-a903-eadc130d13d1@group-83984122B78E-LeaderElection128] INFO  impl.RoleInfo (RoleInfo.java:updateAndGet(143)) - f26e10ed-fb17-49e6-a903-eadc130d13d1: start FollowerState
2019-10-30 11:52:40,227 [Thread-1189] INFO  impl.FollowerState (FollowerState.java:run(108)) - 9dbd5372-55c2-4532-b354-9494d3d545d2@group-F367C8FA5986-FollowerState: change to CANDIDATE, lastRpcTime:161ms, electionTimeout:161ms
2019-10-30 11:52:40,227 [Thread-1189] INFO  impl.RoleInfo (RoleInfo.java:shutdownFollowerState(121)) - 9dbd5372-55c2-4532-b354-9494d3d545d2: shutdown FollowerState
2019-10-30 11:52:40,227 [Thread-1189] INFO  impl.RaftServerImpl (RaftServerImpl.java:setRole(184)) - 9dbd5372-55c2-4532-b354-9494d3d545d2@group-F367C8FA5986: changes role from  FOLLOWER to CANDIDATE at term 59 for changeToCandidate
2019-10-30 11:52:40,227 [Thread-1189] INFO  impl.RoleInfo (RoleInfo.java:updateAndGet(143)) - 9dbd5372-55c2-4532-b354-9494d3d545d2: start LeaderElection
2019-10-30 11:52:40,239 [9dbd5372-55c2-4532-b354-9494d3d545d2@group-F367C8FA5986-LeaderElection129] INFO  impl.LeaderElection (LeaderElection.java:askForVotes(178)) - 9dbd5372-55c2-4532-b354-9494d3d545d2@group-F367C8FA5986-LeaderElection129: begin an election at term 60 for -1: [9b3ef6c9-0245-4756-bf80-45d41f7a4453:192.168.157.220:37058, cd11b2f5-3187-4d03-bd60-931991550c17:192.168.157.220:43236, 9dbd5372-55c2-4532-b354-9494d3d545d2:192.168.157.220:42993], old=null
2019-10-30 11:52:40,241 [grpc-default-executor-1] INFO  impl.RaftServerImpl (RaftServerImpl.java:setRole(184)) - cd11b2f5-3187-4d03-bd60-931991550c17@group-F367C8FA5986: changes role from  FOLLOWER to FOLLOWER at term 60 for recognizeCandidate:9dbd5372-55c2-4532-b354-9494d3d545d2
2019-10-30 11:52:40,241 [grpc-default-executor-8] INFO  impl.RaftServerImpl (RaftServerImpl.java:setRole(184)) - 9b3ef6c9-0245-4756-bf80-45d41f7a4453@group-F367C8FA5986: changes role from  FOLLOWER to FOLLOWER at term 60 for recognizeCandidate:9dbd5372-55c2-4532-b354-9494d3d545d2
2019-10-30 11:52:40,242 [grpc-default-executor-1] INFO  impl.RoleInfo (RoleInfo.java:shutdownFollowerState(121)) - cd11b2f5-3187-4d03-bd60-931991550c17: shutdown FollowerState
2019-10-30 11:52:40,242 [grpc-default-executor-8] INFO  impl.RoleInfo (RoleInfo.java:shutdownFollowerState(121)) - 9b3ef6c9-0245-4756-bf80-45d41f7a4453: shutdown FollowerState
2019-10-30 11:52:40,242 [grpc-default-executor-8] INFO  impl.RoleInfo (RoleInfo.java:updateAndGet(143)) - 9b3ef6c9-0245-4756-bf80-45d41f7a4453: start FollowerState
2019-10-30 11:52:40,242 [Thread-1187] INFO  impl.FollowerState (FollowerState.java:run(117)) - 9b3ef6c9-0245-4756-bf80-45d41f7a4453@group-F367C8FA5986-FollowerState was interrupted: java.lang.InterruptedException: sleep interrupted
2019-10-30 11:52:40,242 [grpc-default-executor-1] INFO  impl.RoleInfo (RoleInfo.java:updateAndGet(143)) - cd11b2f5-3187-4d03-bd60-931991550c17: start FollowerState
2019-10-30 11:52:40,242 [Thread-1186] INFO  impl.FollowerState (FollowerState.java:run(117)) - cd11b2f5-3187-4d03-bd60-931991550c17@group-F367C8FA5986-FollowerState was interrupted: java.lang.InterruptedException: sleep interrupted
2019-10-30 11:52:40,254 [Thread-1198] INFO  impl.FollowerState (FollowerState.java:run(108)) - f26e10ed-fb17-49e6-a903-eadc130d13d1@group-83984122B78E-FollowerState: change to CANDIDATE, lastRpcTime:135ms, electionTimeout:133ms
2019-10-30 11:52:40,254 [Thread-1198] INFO  impl.RoleInfo (RoleInfo.java:shutdownFollowerState(121)) - f26e10ed-fb17-49e6-a903-eadc130d13d1: shutdown FollowerState
2019-10-30 11:52:40,254 [Thread-1198] INFO  impl.RaftServerImpl (RaftServerImpl.java:setRole(184)) - f26e10ed-fb17-49e6-a903-eadc130d13d1@group-83984122B78E: changes role from  FOLLOWER to CANDIDATE at term 68 for changeToCandidate
2019-10-30 11:52:40,254 [Thread-1198] INFO  impl.RoleInfo (RoleInfo.java:updateAndGet(143)) - f26e10ed-fb17-49e6-a903-eadc130d13d1: start LeaderElection
2019-10-30 11:52:40,256 [9dbd5372-55c2-4532-b354-9494d3d545d2@group-F367C8FA5986-LeaderElection129] INFO  impl.LeaderElection (LeaderElection.java:logAndReturn(56)) - 9dbd5372-55c2-4532-b354-9494d3d545d2@group-F367C8FA5986-LeaderElection129: Election REJECTED; received 2 response(s) [9dbd5372-55c2-4532-b354-9494d3d545d2<-9b3ef6c9-0245-4756-bf80-45d41f7a4453#0:FAIL-t60, 9dbd5372-55c2-4532-b354-9494d3d545d2<-cd11b2f5-3187-4d03-bd60-931991550c17#0:FAIL-t60] and 0 exception(s); 9dbd5372-55c2-4532-b354-9494d3d545d2@group-F367C8FA5986:t60, leader=null, voted=9dbd5372-55c2-4532-b354-9494d3d545d2, raftlog=9dbd5372-55c2-4532-b354-9494d3d545d2@group-F367C8FA5986-SegmentedRaftLog:OPENED:c-1,f-1,i0, conf=-1: [9b3ef6c9-0245-4756-bf80-45d41f7a4453:192.168.157.220:37058, cd11b2f5-3187-4d03-bd60-931991550c17:192.168.157.220:43236, 9dbd5372-55c2-4532-b354-9494d3d545d2:192.168.157.220:42993], old=null
2019-10-30 11:52:40,256 [9dbd5372-55c2-4532-b354-9494d3d545d2@group-F367C8FA5986-LeaderElection129] INFO  impl.RaftServerImpl (RaftServerImpl.java:setRole(184)) - 9dbd5372-55c2-4532-b354-9494d3d545d2@group-F367C8FA5986: changes role from CANDIDATE to FOLLOWER at term 60 for DISCOVERED_A_NEW_TERM
2019-10-30 11:52:40,256 [9dbd5372-55c2-4532-b354-9494d3d545d2@group-F367C8FA5986-LeaderElection129] INFO  impl.RoleInfo (RoleInfo.java:shutdownLeaderElection(134)) - 9dbd5372-55c2-4532-b354-9494d3d545d2: shutdown LeaderElection
2019-10-30 11:52:40,256 [9dbd5372-55c2-4532-b354-9494d3d545d2@group-F367C8FA5986-LeaderElection129] INFO  impl.RoleInfo (RoleInfo.java:updateAndGet(143)) - 9dbd5372-55c2-4532-b354-9494d3d545d2: start FollowerState
2019-10-30 11:52:40,261 [f26e10ed-fb17-49e6-a903-eadc130d13d1@group-83984122B78E-LeaderElection130] INFO  impl.LeaderElection (LeaderElection.java:askForVotes(178)) - f26e10ed-fb17-49e6-a903-eadc130d13d1@group-83984122B78E-LeaderElection130: begin an election at term 69 for -1: [4f16e274-8663-4a15-9c4c-c81f650ab979:192.168.157.220:38181, 4cc44201-a597-43af-a4ec-5b1b407a6250:192.168.157.220:36685, f26e10ed-fb17-49e6-a903-eadc130d13d1:192.168.157.220:32806], old=null
2019-10-30 11:52:40,263 [grpc-default-executor-8] INFO  impl.RaftServerImpl (RaftServerImpl.java:setRole(184)) - 4cc44201-a597-43af-a4ec-5b1b407a6250@group-83984122B78E: changes role from  FOLLOWER to FOLLOWER at term 69 for recognizeCandidate:f26e10ed-fb17-49e6-a903-eadc130d13d1
2019-10-30 11:52:40,263 [grpc-default-executor-8] INFO  impl.RoleInfo (RoleInfo.java:shutdownFollowerState(121)) - 4cc44201-a597-43af-a4ec-5b1b407a6250: shutdown FollowerState
2019-10-30 11:52:40,264 [grpc-default-executor-8] INFO  impl.RoleInfo (RoleInfo.java:updateAndGet(143)) - 4cc44201-a597-43af-a4ec-5b1b407a6250: start FollowerState
2019-10-30 11:52:40,264 [Thread-1197] INFO  impl.FollowerState (FollowerState.java:run(117)) - 4cc44201-a597-43af-a4ec-5b1b407a6250@group-83984122B78E-FollowerState was interrupted: java.lang.InterruptedException: sleep interrupted
2019-10-30 11:52:40,268 [grpc-default-executor-1] INFO  impl.RaftServerImpl (RaftServerImpl.java:setRole(184)) - 4f16e274-8663-4a15-9c4c-c81f650ab979@group-83984122B78E: changes role from  FOLLOWER to FOLLOWER at term 69 for recognizeCandidate:f26e10ed-fb17-49e6-a903-eadc130d13d1
2019-10-30 11:52:40,268 [grpc-default-executor-1] INFO  impl.RoleInfo (RoleInfo.java:shutdownFollowerState(121)) - 4f16e274-8663-4a15-9c4c-c81f650ab979: shutdown FollowerState
2019-10-30 11:52:40,268 [grpc-default-executor-1] INFO  impl.RoleInfo (RoleInfo.java:updateAndGet(143)) - 4f16e274-8663-4a15-9c4c-c81f650ab979: start FollowerState
2019-10-30 11:52:40,269 [Thread-1196] INFO  impl.FollowerState (FollowerState.java:run(117)) - 4f16e274-8663-4a15-9c4c-c81f650ab979@group-83984122B78E-FollowerState was interrupted: java.lang.InterruptedException: sleep interrupted
2019-10-30 11:52:40,275 [f26e10ed-fb17-49e6-a903-eadc130d13d1@group-83984122B78E-LeaderElection130] INFO  impl.LeaderElection (LeaderElection.java:logAndReturn(56)) - f26e10ed-fb17-49e6-a903-eadc130d13d1@group-83984122B78E-LeaderElection130: Election REJECTED; received 2 response(s) [f26e10ed-fb17-49e6-a903-eadc130d13d1<-4f16e274-8663-4a15-9c4c-c81f650ab979#0:FAIL-t69, f26e10ed-fb17-49e6-a903-eadc130d13d1<-4cc44201-a597-43af-a4ec-5b1b407a6250#0:FAIL-t69] and 0 exception(s); f26e10ed-fb17-49e6-a903-eadc130d13d1@group-83984122B78E:t69, leader=null, voted=f26e10ed-fb17-49e6-a903-eadc130d13d1, raftlog=f26e10ed-fb17-49e6-a903-eadc130d13d1@group-83984122B78E-SegmentedRaftLog:OPENED:c-1,f-1,i0, conf=-1: [4f16e274-8663-4a15-9c4c-c81f650ab979:192.168.157.220:38181, 4cc44201-a597-43af-a4ec-5b1b407a6250:192.168.157.220:36685, f26e10ed-fb17-49e6-a903-eadc130d13d1:192.168.157.220:32806], old=null
2019-10-30 11:52:40,275 [f26e10ed-fb17-49e6-a903-eadc130d13d1@group-83984122B78E-LeaderElection130] INFO  impl.RaftServerImpl (RaftServerImpl.java:setRole(184)) - f26e10ed-fb17-49e6-a903-eadc130d13d1@group-83984122B78E: changes role from CANDIDATE to FOLLOWER at term 69 for DISCOVERED_A_NEW_TERM
2019-10-30 11:52:40,275 [f26e10ed-fb17-49e6-a903-eadc130d13d1@group-83984122B78E-LeaderElection130] INFO  impl.RoleInfo (RoleInfo.java:shutdownLeaderElection(134)) - f26e10ed-fb17-49e6-a903-eadc130d13d1: shutdown LeaderElection
2019-10-30 11:52:40,275 [f26e10ed-fb17-49e6-a903-eadc130d13d1@group-83984122B78E-LeaderElection130] INFO  impl.RoleInfo (RoleInfo.java:updateAndGet(143)) - f26e10ed-fb17-49e6-a903-eadc130d13d1: start FollowerState
2019-10-30 11:52:40,441 [Thread-1205] INFO  impl.FollowerState (FollowerState.java:run(108)) - 9dbd5372-55c2-4532-b354-9494d3d545d2@group-F367C8FA5986-FollowerState: change to CANDIDATE, lastRpcTime:185ms, electionTimeout:185ms
2019-10-30 11:52:40,441 [Thread-1205] INFO  impl.RoleInfo (RoleInfo.java:shutdownFollowerState(121)) - 9dbd5372-55c2-4532-b354-9494d3d545d2: shutdown FollowerState
2019-10-30 11:52:40,442 [Thread-1205] INFO  impl.RaftServerImpl (RaftServerImpl.java:setRole(184)) - 9dbd5372-55c2-4532-b354-9494d3d545d2@group-F367C8FA5986: changes role from  FOLLOWER to CANDIDATE at term 60 for changeToCandidate
2019-10-30 11:52:40,442 [Thread-1205] INFO  impl.RoleInfo (RoleInfo.java:updateAndGet(143)) - 9dbd5372-55c2-4532-b354-9494d3d545d2: start LeaderElection
2019-10-30 11:52:40,457 [9dbd5372-55c2-4532-b354-9494d3d545d2@group-F367C8FA5986-LeaderElection131] INFO  impl.LeaderElection (LeaderElection.java:askForVotes(178)) - 9dbd5372-55c2-4532-b354-9494d3d545d2@group-F367C8FA5986-LeaderElection131: begin an election at term 61 for -1: [9b3ef6c9-0245-4756-bf80-45d41f7a4453:192.168.157.220:37058, cd11b2f5-3187-4d03-bd60-931991550c17:192.168.157.220:43236, 9dbd5372-55c2-4532-b354-9494d3d545d2:192.168.157.220:42993], old=null
2019-10-30 11:52:40,459 [grpc-default-executor-1] INFO  impl.RaftServerImpl (RaftServerImpl.java:setRole(184)) - cd11b2f5-3187-4d03-bd60-931991550c17@group-F367C8FA5986: changes role from  FOLLOWER to FOLLOWER at term 61 for recognizeCandidate:9dbd5372-55c2-4532-b354-9494d3d545d2
2019-10-30 11:52:40,460 [grpc-default-executor-1] INFO  impl.RoleInfo (RoleInfo.java:shutdownFollowerState(121)) - cd11b2f5-3187-4d03-bd60-931991550c17: shutdown FollowerState
2019-10-30 11:52:40,460 [grpc-default-executor-8] INFO  impl.RaftServerImpl (RaftServerImpl.java:setRole(184)) - 9b3ef6c9-0245-4756-bf80-45d41f7a4453@group-F367C8FA5986: changes role from  FOLLOWER to FOLLOWER at term 61 for recognizeCandidate:9dbd5372-55c2-4532-b354-9494d3d545d2
2019-10-30 11:52:40,460 [grpc-default-executor-8] INFO  impl.RoleInfo (RoleInfo.java:shutdownFollowerState(121)) - 9b3ef6c9-0245-4756-bf80-45d41f7a4453: shutdown FollowerState
2019-10-30 11:52:40,460 [Thread-1202] INFO  impl.FollowerState (FollowerState.java:run(117)) - cd11b2f5-3187-4d03-bd60-931991550c17@group-F367C8FA5986-FollowerState was interrupted: java.lang.InterruptedException: sleep interrupted
2019-10-30 11:52:40,460 [grpc-default-executor-1] INFO  impl.RoleInfo (RoleInfo.java:updateAndGet(143)) - cd11b2f5-3187-4d03-bd60-931991550c17: start FollowerState
2019-10-30 11:52:40,460 [Thread-1203] INFO  impl.FollowerState (FollowerState.java:run(117)) - 9b3ef6c9-0245-4756-bf80-45d41f7a4453@group-F367C8FA5986-FollowerState was interrupted: java.lang.InterruptedException: sleep interrupted
2019-10-30 11:52:40,461 [Thread-1210] INFO  impl.FollowerState (FollowerState.java:run(108)) - f26e10ed-fb17-49e6-a903-eadc130d13d1@group-83984122B78E-FollowerState: change to CANDIDATE, lastRpcTime:185ms, electionTimeout:185ms
2019-10-30 11:52:40,461 [Thread-1210] INFO  impl.RoleInfo (RoleInfo.java:shutdownFollowerState(121)) - f26e10ed-fb17-49e6-a903-eadc130d13d1: shutdown FollowerState
2019-10-30 11:52:40,460 [grpc-default-executor-8] INFO  impl.RoleInfo (RoleInfo.java:updateAndGet(143)) - 9b3ef6c9-0245-4756-bf80-45d41f7a4453: start FollowerState
2019-10-30 11:52:40,461 [Thread-1210] INFO  impl.RaftServerImpl (RaftServerImpl.java:setRole(184)) - f26e10ed-fb17-49e6-a903-eadc130d13d1@group-83984122B78E: changes role from  FOLLOWER to CANDIDATE at term 69 for changeToCandidate
2019-10-30 11:52:40,461 [Thread-1210] INFO  impl.RoleInfo (RoleInfo.java:updateAndGet(143)) - f26e10ed-fb17-49e6-a903-eadc130d13d1: start LeaderElection
2019-10-30 11:52:40,512 [f26e10ed-fb17-49e6-a903-eadc130d13d1@group-83984122B78E-LeaderElection132] INFO  impl.LeaderElection (LeaderElection.java:askForVotes(178)) - f26e10ed-fb17-49e6-a903-eadc130d13d1@group-83984122B78E-LeaderElection132: begin an election at term 70 for -1: [4f16e274-8663-4a15-9c4c-c81f650ab979:192.168.157.220:38181, 4cc44201-a597-43af-a4ec-5b1b407a6250:192.168.157.220:36685, f26e10ed-fb17-49e6-a903-eadc130d13d1:192.168.157.220:32806], old=null
2019-10-30 11:52:40,513 [9dbd5372-55c2-4532-b354-9494d3d545d2@group-F367C8FA5986-LeaderElection131] INFO  impl.LeaderElection (LeaderElection.java:logAndReturn(56)) - 9dbd5372-55c2-4532-b354-9494d3d545d2@group-F367C8FA5986-LeaderElection131: Election TIMEOUT; received 1 response(s) [9dbd5372-55c2-4532-b354-9494d3d545d2<-cd11b2f5-3187-4d03-bd60-931991550c17#0:FAIL-t61] and 0 exception(s); 9dbd5372-55c2-4532-b354-9494d3d545d2@group-F367C8FA5986:t61, leader=null, voted=9dbd5372-55c2-4532-b354-9494d3d545d2, raftlog=9dbd5372-55c2-4532-b354-9494d3d545d2@group-F367C8FA5986-SegmentedRaftLog:OPENED:c-1,f-1,i0, conf=-1: [9b3ef6c9-0245-4756-bf80-45d41f7a4453:192.168.157.220:37058, cd11b2f5-3187-4d03-bd60-931991550c17:192.168.157.220:43236, 9dbd5372-55c2-4532-b354-9494d3d545d2:192.168.157.220:42993], old=null
2019-10-30 11:52:40,514 [grpc-default-executor-1] INFO  impl.RaftServerImpl (RaftServerImpl.java:setRole(184)) - 4f16e274-8663-4a15-9c4c-c81f650ab979@group-83984122B78E: changes role from  FOLLOWER to FOLLOWER at term 70 for recognizeCandidate:f26e10ed-fb17-49e6-a903-eadc130d13d1
2019-10-30 11:52:40,514 [grpc-default-executor-1] INFO  impl.RoleInfo (RoleInfo.java:shutdownFollowerState(121)) - 4f16e274-8663-4a15-9c4c-c81f650ab979: shutdown FollowerState
2019-10-30 11:52:40,515 [grpc-default-executor-1] INFO  impl.RoleInfo (RoleInfo.java:updateAndGet(143)) - 4f16e274-8663-4a15-9c4c-c81f650ab979: start FollowerState
2019-10-30 11:52:40,515 [Thread-1209] INFO  impl.FollowerState (FollowerState.java:run(117)) - 4f16e274-8663-4a15-9c4c-c81f650ab979@group-83984122B78E-FollowerState was interrupted: java.lang.InterruptedException: sleep interrupted
2019-10-30 11:52:40,516 [grpc-default-executor-8] INFO  impl.RaftServerImpl (RaftServerImpl.java:setRole(184)) - 4cc44201-a597-43af-a4ec-5b1b407a6250@group-83984122B78E: changes role from  FOLLOWER to FOLLOWER at term 70 for recognizeCandidate:f26e10ed-fb17-49e6-a903-eadc130d13d1
2019-10-30 11:52:40,516 [grpc-default-executor-8] INFO  impl.RoleInfo (RoleInfo.java:shutdownFollowerState(121)) - 4cc44201-a597-43af-a4ec-5b1b407a6250: shutdown FollowerState
2019-10-30 11:52:40,516 [grpc-default-executor-8] INFO  impl.RoleInfo (RoleInfo.java:updateAndGet(143)) - 4cc44201-a597-43af-a4ec-5b1b407a6250: start FollowerState
2019-10-30 11:52:40,516 [Thread-1208] INFO  impl.FollowerState (FollowerState.java:run(117)) - 4cc44201-a597-43af-a4ec-5b1b407a6250@group-83984122B78E-FollowerState was interrupted: java.lang.InterruptedException: sleep interrupted
2019-10-30 11:52:40,528 [f26e10ed-fb17-49e6-a903-eadc130d13d1@group-83984122B78E-LeaderElection132] INFO  impl.LeaderElection (LeaderElection.java:logAndReturn(56)) - f26e10ed-fb17-49e6-a903-eadc130d13d1@group-83984122B78E-LeaderElection132: Election REJECTED; received 2 response(s) [f26e10ed-fb17-49e6-a903-eadc130d13d1<-4f16e274-8663-4a15-9c4c-c81f650ab979#0:FAIL-t70, f26e10ed-fb17-49e6-a903-eadc130d13d1<-4cc44201-a597-43af-a4ec-5b1b407a6250#0:FAIL-t70] and 0 exception(s); f26e10ed-fb17-49e6-a903-eadc130d13d1@group-83984122B78E:t70, leader=null, voted=f26e10ed-fb17-49e6-a903-eadc130d13d1, raftlog=f26e10ed-fb17-49e6-a903-eadc130d13d1@group-83984122B78E-SegmentedRaftLog:OPENED:c-1,f-1,i0, conf=-1: [4f16e274-8663-4a15-9c4c-c81f650ab979:192.168.157.220:38181, 4cc44201-a597-43af-a4ec-5b1b407a6250:192.168.157.220:36685, f26e10ed-fb17-49e6-a903-eadc130d13d1:192.168.157.220:32806], old=null
2019-10-30 11:52:40,529 [f26e10ed-fb17-49e6-a903-eadc130d13d1@group-83984122B78E-LeaderElection132] INFO  impl.RaftServerImpl (RaftServerImpl.java:setRole(184)) - f26e10ed-fb17-49e6-a903-eadc130d13d1@group-83984122B78E: changes role from CANDIDATE to FOLLOWER at term 70 for DISCOVERED_A_NEW_TERM
2019-10-30 11:52:40,529 [f26e10ed-fb17-49e6-a903-eadc130d13d1@group-83984122B78E-LeaderElection132] INFO  impl.RoleInfo (RoleInfo.java:shutdownLeaderElection(134)) - f26e10ed-fb17-49e6-a903-eadc130d13d1: shutdown LeaderElection
2019-10-30 11:52:40,529 [f26e10ed-fb17-49e6-a903-eadc130d13d1@group-83984122B78E-LeaderElection132] INFO  impl.RoleInfo (RoleInfo.java:updateAndGet(143)) - f26e10ed-fb17-49e6-a903-eadc130d13d1: start FollowerState
2019-10-30 11:52:40,530 [9dbd5372-55c2-4532-b354-9494d3d545d2@group-F367C8FA5986-LeaderElection131] INFO  impl.LeaderElection (LeaderElection.java:askForVotes(178)) - 9dbd5372-55c2-4532-b354-9494d3d545d2@group-F367C8FA5986-LeaderElection131: begin an election at term 62 for -1: [9b3ef6c9-0245-4756-bf80-45d41f7a4453:192.168.157.220:37058, cd11b2f5-3187-4d03-bd60-931991550c17:192.168.157.220:43236, 9dbd5372-55c2-4532-b354-9494d3d545d2:192.168.157.220:42993], old=null
2019-10-30 11:52:40,536 [grpc-default-executor-8] INFO  impl.RaftServerImpl (RaftServerImpl.java:setRole(184)) - cd11b2f5-3187-4d03-bd60-931991550c17@group-F367C8FA5986: changes role from  FOLLOWER to FOLLOWER at term 62 for recognizeCandidate:9dbd5372-55c2-4532-b354-9494d3d545d2
2019-10-30 11:52:40,537 [grpc-default-executor-8] INFO  impl.RoleInfo (RoleInfo.java:shutdownFollowerState(121)) - cd11b2f5-3187-4d03-bd60-931991550c17: shutdown FollowerState
2019-10-30 11:52:40,537 [grpc-default-executor-8] INFO  impl.RoleInfo (RoleInfo.java:updateAndGet(143)) - cd11b2f5-3187-4d03-bd60-931991550c17: start FollowerState
2019-10-30 11:52:40,537 [Thread-1216] INFO  impl.FollowerState (FollowerState.java:run(117)) - cd11b2f5-3187-4d03-bd60-931991550c17@group-F367C8FA5986-FollowerState was interrupted: java.lang.InterruptedException: sleep interrupted
2019-10-30 11:52:40,540 [grpc-default-executor-1] INFO  impl.RaftServerImpl (RaftServerImpl.java:setRole(184)) - 9b3ef6c9-0245-4756-bf80-45d41f7a4453@group-F367C8FA5986: changes role from  FOLLOWER to FOLLOWER at term 62 for recognizeCandidate:9dbd5372-55c2-4532-b354-9494d3d545d2
2019-10-30 11:52:40,541 [grpc-default-executor-1] INFO  impl.RoleInfo (RoleInfo.java:shutdownFollowerState(121)) - 9b3ef6c9-0245-4756-bf80-45d41f7a4453: shutdown FollowerState
2019-10-30 11:52:40,541 [grpc-default-executor-1] INFO  impl.RoleInfo (RoleInfo.java:updateAndGet(143)) - 9b3ef6c9-0245-4756-bf80-45d41f7a4453: start FollowerState
2019-10-30 11:52:40,541 [Thread-1217] INFO  impl.FollowerState (FollowerState.java:run(117)) - 9b3ef6c9-0245-4756-bf80-45d41f7a4453@group-F367C8FA5986-FollowerState was interrupted: java.lang.InterruptedException: sleep interrupted
2019-10-30 11:52:40,572 [9dbd5372-55c2-4532-b354-9494d3d545d2@group-F367C8FA5986-LeaderElection131] INFO  impl.LeaderElection (LeaderElection.java:logAndReturn(56)) - 9dbd5372-55c2-4532-b354-9494d3d545d2@group-F367C8FA5986-LeaderElection131: Election REJECTED; received 2 response(s) [9dbd5372-55c2-4532-b354-9494d3d545d2<-9b3ef6c9-0245-4756-bf80-45d41f7a4453#0:FAIL-t62, 9dbd5372-55c2-4532-b354-9494d3d545d2<-cd11b2f5-3187-4d03-bd60-931991550c17#0:FAIL-t62] and 0 exception(s); 9dbd5372-55c2-4532-b354-9494d3d545d2@group-F367C8FA5986:t62, leader=null, voted=9dbd5372-55c2-4532-b354-9494d3d545d2, raftlog=9dbd5372-55c2-4532-b354-9494d3d545d2@group-F367C8FA5986-SegmentedRaftLog:OPENED:c-1,f-1,i0, conf=-1: [9b3ef6c9-0245-4756-bf80-45d41f7a4453:192.168.157.220:37058, cd11b2f5-3187-4d03-bd60-931991550c17:192.168.157.220:43236, 9dbd5372-55c2-4532-b354-9494d3d545d2:192.168.157.220:42993], old=null
2019-10-30 11:52:40,572 [9dbd5372-55c2-4532-b354-9494d3d545d2@group-F367C8FA5986-LeaderElection131] INFO  impl.RaftServerImpl (RaftServerImpl.java:setRole(184)) - 9dbd5372-55c2-4532-b354-9494d3d545d2@group-F367C8FA5986: changes role from CANDIDATE to FOLLOWER at term 62 for DISCOVERED_A_NEW_TERM
2019-10-30 11:52:40,572 [9dbd5372-55c2-4532-b354-9494d3d545d2@group-F367C8FA5986-LeaderElection131] INFO  impl.RoleInfo (RoleInfo.java:shutdownLeaderElection(134)) - 9dbd5372-55c2-4532-b354-9494d3d545d2: shutdown LeaderElection
2019-10-30 11:52:40,572 [9dbd5372-55c2-4532-b354-9494d3d545d2@group-F367C8FA5986-LeaderElection131] INFO  impl.RoleInfo (RoleInfo.java:updateAndGet(143)) - 9dbd5372-55c2-4532-b354-9494d3d545d2: start FollowerState
2019-10-30 11:52:40,675 [Thread-1223] INFO  impl.FollowerState (FollowerState.java:run(108)) - f26e10ed-fb17-49e6-a903-eadc130d13d1@group-83984122B78E-FollowerState: change to CANDIDATE, lastRpcTime:146ms, electionTimeout:146ms
2019-10-30 11:52:40,675 [Thread-1223] INFO  impl.RoleInfo (RoleInfo.java:shutdownFollowerState(121)) - f26e10ed-fb17-49e6-a903-eadc130d13d1: shutdown FollowerState
2019-10-30 11:52:40,675 [Thread-1223] INFO  impl.RaftServerImpl (RaftServerImpl.java:setRole(184)) - f26e10ed-fb17-49e6-a903-eadc130d13d1@group-83984122B78E: changes role from  FOLLOWER to CANDIDATE at term 70 for changeToCandidate
2019-10-30 11:52:40,676 [Thread-1223] INFO  impl.RoleInfo (RoleInfo.java:updateAndGet(143)) - f26e10ed-fb17-49e6-a903-eadc130d13d1: start LeaderElection
2019-10-30 11:52:40,705 [f26e10ed-fb17-49e6-a903-eadc130d13d1@group-83984122B78E-LeaderElection133] INFO  impl.LeaderElection (LeaderElection.java:askForVotes(178)) - f26e10ed-fb17-49e6-a903-eadc130d13d1@group-83984122B78E-LeaderElection133: begin an election at term 71 for -1: [4f16e274-8663-4a15-9c4c-c81f650ab979:192.168.157.220:38181, 4cc44201-a597-43af-a4ec-5b1b407a6250:192.168.157.220:36685, f26e10ed-fb17-49e6-a903-eadc130d13d1:192.168.157.220:32806], old=null
2019-10-30 11:52:40,707 [grpc-default-executor-8] INFO  impl.RaftServerImpl (RaftServerImpl.java:setRole(184)) - 4f16e274-8663-4a15-9c4c-c81f650ab979@group-83984122B78E: changes role from  FOLLOWER to FOLLOWER at term 71 for recognizeCandidate:f26e10ed-fb17-49e6-a903-eadc130d13d1
2019-10-30 11:52:40,708 [grpc-default-executor-1] INFO  impl.RaftServerImpl (RaftServerImpl.java:setRole(184)) - 4cc44201-a597-43af-a4ec-5b1b407a6250@group-83984122B78E: changes role from  FOLLOWER to FOLLOWER at term 71 for recognizeCandidate:f26e10ed-fb17-49e6-a903-eadc130d13d1
2019-10-30 11:52:40,708 [grpc-default-executor-1] INFO  impl.RoleInfo (RoleInfo.java:shutdownFollowerState(121)) - 4cc44201-a597-43af-a4ec-5b1b407a6250: shutdown FollowerState
2019-10-30 11:52:40,708 [grpc-default-executor-1] INFO  impl.RoleInfo (RoleInfo.java:updateAndGet(143)) - 4cc44201-a597-43af-a4ec-5b1b407a6250: start FollowerState
2019-10-30 11:52:40,708 [Thread-1222] INFO  impl.FollowerState (FollowerState.java:run(117)) - 4cc44201-a597-43af-a4ec-5b1b407a6250@group-83984122B78E-FollowerState was interrupted: java.lang.InterruptedException: sleep interrupted
2019-10-30 11:52:40,708 [grpc-default-executor-8] INFO  impl.RoleInfo (RoleInfo.java:shutdownFollowerState(121)) - 4f16e274-8663-4a15-9c4c-c81f650ab979: shutdown FollowerState
2019-10-30 11:52:40,712 [grpc-default-executor-8] INFO  impl.RoleInfo (RoleInfo.java:updateAndGet(143)) - 4f16e274-8663-4a15-9c4c-c81f650ab979: start FollowerState
2019-10-30 11:52:40,712 [Thread-1221] INFO  impl.FollowerState (FollowerState.java:run(117)) - 4f16e274-8663-4a15-9c4c-c81f650ab979@group-83984122B78E-FollowerState was interrupted: java.lang.InterruptedException: sleep interrupted
2019-10-30 11:52:40,728 [Thread-1228] INFO  impl.FollowerState (FollowerState.java:run(108)) - 9dbd5372-55c2-4532-b354-9494d3d545d2@group-F367C8FA5986-FollowerState: change to CANDIDATE, lastRpcTime:155ms, electionTimeout:155ms
2019-10-30 11:52:40,728 [Thread-1228] INFO  impl.RoleInfo (RoleInfo.java:shutdownFollowerState(121)) - 9dbd5372-55c2-4532-b354-9494d3d545d2: shutdown FollowerState
2019-10-30 11:52:40,728 [Thread-1228] INFO  impl.RaftServerImpl (RaftServerImpl.java:setRole(184)) - 9dbd5372-55c2-4532-b354-9494d3d545d2@group-F367C8FA5986: changes role from  FOLLOWER to CANDIDATE at term 62 for changeToCandidate
2019-10-30 11:52:40,728 [f26e10ed-fb17-49e6-a903-eadc130d13d1@group-83984122B78E-LeaderElection133] INFO  impl.LeaderElection (LeaderElection.java:logAndReturn(56)) - f26e10ed-fb17-49e6-a903-eadc130d13d1@group-83984122B78E-LeaderElection133: Election REJECTED; received 2 response(s) [f26e10ed-fb17-49e6-a903-eadc130d13d1<-4f16e274-8663-4a15-9c4c-c81f650ab979#0:FAIL-t71, f26e10ed-fb17-49e6-a903-eadc130d13d1<-4cc44201-a597-43af-a4ec-5b1b407a6250#0:FAIL-t71] and 0 exception(s); f26e10ed-fb17-49e6-a903-eadc130d13d1@group-83984122B78E:t71, leader=null, voted=f26e10ed-fb17-49e6-a903-eadc130d13d1, raftlog=f26e10ed-fb17-49e6-a903-eadc130d13d1@group-83984122B78E-SegmentedRaftLog:OPENED:c-1,f-1,i0, conf=-1: [4f16e274-8663-4a15-9c4c-c81f650ab979:192.168.157.220:38181, 4cc44201-a597-43af-a4ec-5b1b407a6250:192.168.157.220:36685, f26e10ed-fb17-49e6-a903-eadc130d13d1:192.168.157.220:32806], old=null
2019-10-30 11:52:40,728 [Thread-1228] INFO  impl.RoleInfo (RoleInfo.java:updateAndGet(143)) - 9dbd5372-55c2-4532-b354-9494d3d545d2: start LeaderElection
2019-10-30 11:52:40,728 [f26e10ed-fb17-49e6-a903-eadc130d13d1@group-83984122B78E-LeaderElection133] INFO  impl.RaftServerImpl (RaftServerImpl.java:setRole(184)) - f26e10ed-fb17-49e6-a903-eadc130d13d1@group-83984122B78E: changes role from CANDIDATE to FOLLOWER at term 71 for DISCOVERED_A_NEW_TERM
2019-10-30 11:52:40,729 [f26e10ed-fb17-49e6-a903-eadc130d13d1@group-83984122B78E-LeaderElection133] INFO  impl.RoleInfo (RoleInfo.java:shutdownLeaderElection(134)) - f26e10ed-fb17-49e6-a903-eadc130d13d1: shutdown LeaderElection
2019-10-30 11:52:40,729 [f26e10ed-fb17-49e6-a903-eadc130d13d1@group-83984122B78E-LeaderElection133] INFO  impl.RoleInfo (RoleInfo.java:updateAndGet(143)) - f26e10ed-fb17-49e6-a903-eadc130d13d1: start FollowerState
2019-10-30 11:52:40,755 [9dbd5372-55c2-4532-b354-9494d3d545d2@group-F367C8FA5986-LeaderElection134] INFO  impl.LeaderElection (LeaderElection.java:askForVotes(178)) - 9dbd5372-55c2-4532-b354-9494d3d545d2@group-F367C8FA5986-LeaderElection134: begin an election at term 63 for -1: [9b3ef6c9-0245-4756-bf80-45d41f7a4453:192.168.157.220:37058, cd11b2f5-3187-4d03-bd60-931991550c17:192.168.157.220:43236, 9dbd5372-55c2-4532-b354-9494d3d545d2:192.168.157.220:42993], old=null
2019-10-30 11:52:40,761 [grpc-default-executor-8] INFO  impl.RaftServerImpl (RaftServerImpl.java:setRole(184)) - 9b3ef6c9-0245-4756-bf80-45d41f7a4453@group-F367C8FA5986: changes role from  FOLLOWER to FOLLOWER at term 63 for recognizeCandidate:9dbd5372-55c2-4532-b354-9494d3d545d2
2019-10-30 11:52:40,762 [grpc-default-executor-8] INFO  impl.RoleInfo (RoleInfo.java:shutdownFollowerState(121)) - 9b3ef6c9-0245-4756-bf80-45d41f7a4453: shutdown FollowerState
2019-10-30 11:52:40,763 [grpc-default-executor-1] INFO  impl.RaftServerImpl (RaftServerImpl.java:setRole(184)) - cd11b2f5-3187-4d03-bd60-931991550c17@group-F367C8FA5986: changes role from  FOLLOWER to FOLLOWER at term 63 for recognizeCandidate:9dbd5372-55c2-4532-b354-9494d3d545d2
2019-10-30 11:52:40,763 [grpc-default-executor-1] INFO  impl.RoleInfo (RoleInfo.java:shutdownFollowerState(121)) - cd11b2f5-3187-4d03-bd60-931991550c17: shutdown FollowerState
2019-10-30 11:52:40,763 [grpc-default-executor-1] INFO  impl.RoleInfo (RoleInfo.java:updateAndGet(143)) - cd11b2f5-3187-4d03-bd60-931991550c17: start FollowerState
2019-10-30 11:52:40,763 [grpc-default-executor-8] INFO  impl.RoleInfo (RoleInfo.java:updateAndGet(143)) - 9b3ef6c9-0245-4756-bf80-45d41f7a4453: start FollowerState
2019-10-30 11:52:40,763 [Thread-1226] INFO  impl.FollowerState (FollowerState.java:run(117)) - cd11b2f5-3187-4d03-bd60-931991550c17@group-F367C8FA5986-FollowerState was interrupted: java.lang.InterruptedException: sleep interrupted
2019-10-30 11:52:40,772 [Thread-1227] INFO  impl.FollowerState (FollowerState.java:run(117)) - 9b3ef6c9-0245-4756-bf80-45d41f7a4453@group-F367C8FA5986-FollowerState was interrupted: java.lang.InterruptedException: sleep interrupted
2019-10-30 11:52:40,781 [9dbd5372-55c2-4532-b354-9494d3d545d2@group-F367C8FA5986-LeaderElection134] INFO  impl.LeaderElection (LeaderElection.java:logAndReturn(56)) - 9dbd5372-55c2-4532-b354-9494d3d545d2@group-F367C8FA5986-LeaderElection134: Election REJECTED; received 2 response(s) [9dbd5372-55c2-4532-b354-9494d3d545d2<-9b3ef6c9-0245-4756-bf80-45d41f7a4453#0:FAIL-t63, 9dbd5372-55c2-4532-b354-9494d3d545d2<-cd11b2f5-3187-4d03-bd60-931991550c17#0:FAIL-t63] and 0 exception(s); 9dbd5372-55c2-4532-b354-9494d3d545d2@group-F367C8FA5986:t63, leader=null, voted=9dbd5372-55c2-4532-b354-9494d3d545d2, raftlog=9dbd5372-55c2-4532-b354-9494d3d545d2@group-F367C8FA5986-SegmentedRaftLog:OPENED:c-1,f-1,i0, conf=-1: [9b3ef6c9-0245-4756-bf80-45d41f7a4453:192.168.157.220:37058, cd11b2f5-3187-4d03-bd60-931991550c17:192.168.157.220:43236, 9dbd5372-55c2-4532-b354-9494d3d545d2:192.168.157.220:42993], old=null
2019-10-30 11:52:40,781 [9dbd5372-55c2-4532-b354-9494d3d545d2@group-F367C8FA5986-LeaderElection134] INFO  impl.RaftServerImpl (RaftServerImpl.java:setRole(184)) - 9dbd5372-55c2-4532-b354-9494d3d545d2@group-F367C8FA5986: changes role from CANDIDATE to FOLLOWER at term 63 for DISCOVERED_A_NEW_TERM
2019-10-30 11:52:40,781 [9dbd5372-55c2-4532-b354-9494d3d545d2@group-F367C8FA5986-LeaderElection134] INFO  impl.RoleInfo (RoleInfo.java:shutdownLeaderElection(134)) - 9dbd5372-55c2-4532-b354-9494d3d545d2: shutdown LeaderElection
2019-10-30 11:52:40,782 [9dbd5372-55c2-4532-b354-9494d3d545d2@group-F367C8FA5986-LeaderElection134] INFO  impl.RoleInfo (RoleInfo.java:updateAndGet(143)) - 9dbd5372-55c2-4532-b354-9494d3d545d2: start FollowerState
2019-10-30 11:52:40,833 [Thread-1240] INFO  impl.FollowerState (FollowerState.java:run(108)) - 9dbd5372-55c2-4532-b354-9494d3d545d2@group-F367C8FA5986-FollowerState: change to CANDIDATE, lastRpcTime:51ms, electionTimeout:50ms
2019-10-30 11:52:40,833 [Thread-1240] INFO  impl.RoleInfo (RoleInfo.java:shutdownFollowerState(121)) - 9dbd5372-55c2-4532-b354-9494d3d545d2: shutdown FollowerState
2019-10-30 11:52:40,833 [Thread-1240] INFO  impl.RaftServerImpl (RaftServerImpl.java:setRole(184)) - 9dbd5372-55c2-4532-b354-9494d3d545d2@group-F367C8FA5986: changes role from  FOLLOWER to CANDIDATE at term 63 for changeToCandidate
2019-10-30 11:52:40,833 [Thread-1240] INFO  impl.RoleInfo (RoleInfo.java:updateAndGet(143)) - 9dbd5372-55c2-4532-b354-9494d3d545d2: start LeaderElection
2019-10-30 11:52:40,839 [Thread-1235] INFO  impl.FollowerState (FollowerState.java:run(108)) - f26e10ed-fb17-49e6-a903-eadc130d13d1@group-83984122B78E-FollowerState: change to CANDIDATE, lastRpcTime:110ms, electionTimeout:109ms
2019-10-30 11:52:40,839 [Thread-1235] INFO  impl.RoleInfo (RoleInfo.java:shutdownFollowerState(121)) - f26e10ed-fb17-49e6-a903-eadc130d13d1: shutdown FollowerState
2019-10-30 11:52:40,839 [Thread-1235] INFO  impl.RaftServerImpl (RaftServerImpl.java:setRole(184)) - f26e10ed-fb17-49e6-a903-eadc130d13d1@group-83984122B78E: changes role from  FOLLOWER to CANDIDATE at term 71 for changeToCandidate
2019-10-30 11:52:40,839 [Thread-1235] INFO  impl.RoleInfo (RoleInfo.java:updateAndGet(143)) - f26e10ed-fb17-49e6-a903-eadc130d13d1: start LeaderElection
2019-10-30 11:52:40,847 [9dbd5372-55c2-4532-b354-9494d3d545d2@group-F367C8FA5986-LeaderElection135] INFO  impl.LeaderElection (LeaderElection.java:askForVotes(178)) - 9dbd5372-55c2-4532-b354-9494d3d545d2@group-F367C8FA5986-LeaderElection135: begin an election at term 64 for -1: [9b3ef6c9-0245-4756-bf80-45d41f7a4453:192.168.157.220:37058, cd11b2f5-3187-4d03-bd60-931991550c17:192.168.157.220:43236, 9dbd5372-55c2-4532-b354-9494d3d545d2:192.168.157.220:42993], old=null
2019-10-30 11:52:40,847 [f26e10ed-fb17-49e6-a903-eadc130d13d1@group-83984122B78E-LeaderElection136] INFO  impl.LeaderElection (LeaderElection.java:askForVotes(178)) - f26e10ed-fb17-49e6-a903-eadc130d13d1@group-83984122B78E-LeaderElection136: begin an election at term 72 for -1: [4f16e274-8663-4a15-9c4c-c81f650ab979:192.168.157.220:38181, 4cc44201-a597-43af-a4ec-5b1b407a6250:192.168.157.220:36685, f26e10ed-fb17-49e6-a903-eadc130d13d1:192.168.157.220:32806], old=null
2019-10-30 11:52:40,853 [grpc-default-executor-8] INFO  impl.RaftServerImpl (RaftServerImpl.java:setRole(184)) - cd11b2f5-3187-4d03-bd60-931991550c17@group-F367C8FA5986: changes role from  FOLLOWER to FOLLOWER at term 64 for recognizeCandidate:9dbd5372-55c2-4532-b354-9494d3d545d2
2019-10-30 11:52:40,853 [grpc-default-executor-8] INFO  impl.RoleInfo (RoleInfo.java:shutdownFollowerState(121)) - cd11b2f5-3187-4d03-bd60-931991550c17: shutdown FollowerState
2019-10-30 11:52:40,853 [grpc-default-executor-8] INFO  impl.RoleInfo (RoleInfo.java:updateAndGet(143)) - cd11b2f5-3187-4d03-bd60-931991550c17: start FollowerState
2019-10-30 11:52:40,856 [Thread-1239] INFO  impl.FollowerState (FollowerState.java:run(117)) - cd11b2f5-3187-4d03-bd60-931991550c17@group-F367C8FA5986-FollowerState was interrupted: java.lang.InterruptedException: sleep interrupted
2019-10-30 11:52:40,856 [grpc-default-executor-1] INFO  impl.RaftServerImpl (RaftServerImpl.java:setRole(184)) - 9b3ef6c9-0245-4756-bf80-45d41f7a4453@group-F367C8FA5986: changes role from  FOLLOWER to FOLLOWER at term 64 for recognizeCandidate:9dbd5372-55c2-4532-b354-9494d3d545d2
2019-10-30 11:52:40,856 [grpc-default-executor-1] INFO  impl.RoleInfo (RoleInfo.java:shutdownFollowerState(121)) - 9b3ef6c9-0245-4756-bf80-45d41f7a4453: shutdown FollowerState
2019-10-30 11:52:40,857 [grpc-default-executor-1] INFO  impl.RoleInfo (RoleInfo.java:updateAndGet(143)) - 9b3ef6c9-0245-4756-bf80-45d41f7a4453: start FollowerState
2019-10-30 11:52:40,857 [grpc-default-executor-4] INFO  impl.RaftServerImpl (RaftServerImpl.java:setRole(184)) - 4cc44201-a597-43af-a4ec-5b1b407a6250@group-83984122B78E: changes role from  FOLLOWER to FOLLOWER at term 72 for recognizeCandidate:f26e10ed-fb17-49e6-a903-eadc130d13d1
2019-10-30 11:52:40,857 [grpc-default-executor-4] INFO  impl.RoleInfo (RoleInfo.java:shutdownFollowerState(121)) - 4cc44201-a597-43af-a4ec-5b1b407a6250: shutdown FollowerState
2019-10-30 11:52:40,857 [grpc-default-executor-4] INFO  impl.RoleInfo (RoleInfo.java:updateAndGet(143)) - 4cc44201-a597-43af-a4ec-5b1b407a6250: start FollowerState
2019-10-30 11:52:40,858 [Thread-1232] INFO  impl.FollowerState (FollowerState.java:run(117)) - 4cc44201-a597-43af-a4ec-5b1b407a6250@group-83984122B78E-FollowerState was interrupted: java.lang.InterruptedException: sleep interrupted
2019-10-30 11:52:40,857 [Thread-1238] INFO  impl.FollowerState (FollowerState.java:run(117)) - 9b3ef6c9-0245-4756-bf80-45d41f7a4453@group-F367C8FA5986-FollowerState was interrupted: java.lang.InterruptedException: sleep interrupted
2019-10-30 11:52:40,858 [grpc-default-executor-9] INFO  impl.RaftServerImpl (RaftServerImpl.java:setRole(184)) - 4f16e274-8663-4a15-9c4c-c81f650ab979@group-83984122B78E: changes role from  FOLLOWER to FOLLOWER at term 72 for recognizeCandidate:f26e10ed-fb17-49e6-a903-eadc130d13d1
2019-10-30 11:52:40,858 [grpc-default-executor-9] INFO  impl.RoleInfo (RoleInfo.java:shutdownFollowerState(121)) - 4f16e274-8663-4a15-9c4c-c81f650ab979: shutdown FollowerState
2019-10-30 11:52:40,859 [grpc-default-executor-9] INFO  impl.RoleInfo (RoleInfo.java:updateAndGet(143)) - 4f16e274-8663-4a15-9c4c-c81f650ab979: start FollowerState
2019-10-30 11:52:40,859 [Thread-1233] INFO  impl.FollowerState (FollowerState.java:run(117)) - 4f16e274-8663-4a15-9c4c-c81f650ab979@group-83984122B78E-FollowerState was interrupted: java.lang.InterruptedException: sleep interrupted
2019-10-30 11:52:40,863 [f26e10ed-fb17-49e6-a903-eadc130d13d1@group-83984122B78E-LeaderElection136] INFO  impl.LeaderElection (LeaderElection.java:logAndReturn(56)) - f26e10ed-fb17-49e6-a903-eadc130d13d1@group-83984122B78E-LeaderElection136: Election REJECTED; received 2 response(s) [f26e10ed-fb17-49e6-a903-eadc130d13d1<-4f16e274-8663-4a15-9c4c-c81f650ab979#0:FAIL-t72, f26e10ed-fb17-49e6-a903-eadc130d13d1<-4cc44201-a597-43af-a4ec-5b1b407a6250#0:FAIL-t72] and 0 exception(s); f26e10ed-fb17-49e6-a903-eadc130d13d1@group-83984122B78E:t72, leader=null, voted=f26e10ed-fb17-49e6-a903-eadc130d13d1, raftlog=f26e10ed-fb17-49e6-a903-eadc130d13d1@group-83984122B78E-SegmentedRaftLog:OPENED:c-1,f-1,i0, conf=-1: [4f16e274-8663-4a15-9c4c-c81f650ab979:192.168.157.220:38181, 4cc44201-a597-43af-a4ec-5b1b407a6250:192.168.157.220:36685, f26e10ed-fb17-49e6-a903-eadc130d13d1:192.168.157.220:32806], old=null
2019-10-30 11:52:40,863 [f26e10ed-fb17-49e6-a903-eadc130d13d1@group-83984122B78E-LeaderElection136] INFO  impl.RaftServerImpl (RaftServerImpl.java:setRole(184)) - f26e10ed-fb17-49e6-a903-eadc130d13d1@group-83984122B78E: changes role from CANDIDATE to FOLLOWER at term 72 for DISCOVERED_A_NEW_TERM
2019-10-30 11:52:40,863 [f26e10ed-fb17-49e6-a903-eadc130d13d1@group-83984122B78E-LeaderElection136] INFO  impl.RoleInfo (RoleInfo.java:shutdownLeaderElection(134)) - f26e10ed-fb17-49e6-a903-eadc130d13d1: shutdown LeaderElection
2019-10-30 11:52:40,864 [f26e10ed-fb17-49e6-a903-eadc130d13d1@group-83984122B78E-LeaderElection136] INFO  impl.RoleInfo (RoleInfo.java:updateAndGet(143)) - f26e10ed-fb17-49e6-a903-eadc130d13d1: start FollowerState
2019-10-30 11:52:40,865 [9dbd5372-55c2-4532-b354-9494d3d545d2@group-F367C8FA5986-LeaderElection135] INFO  impl.LeaderElection (LeaderElection.java:logAndReturn(56)) - 9dbd5372-55c2-4532-b354-9494d3d545d2@group-F367C8FA5986-LeaderElection135: Election REJECTED; received 2 response(s) [9dbd5372-55c2-4532-b354-9494d3d545d2<-9b3ef6c9-0245-4756-bf80-45d41f7a4453#0:FAIL-t64, 9dbd5372-55c2-4532-b354-9494d3d545d2<-cd11b2f5-3187-4d03-bd60-931991550c17#0:FAIL-t64] and 0 exception(s); 9dbd5372-55c2-4532-b354-9494d3d545d2@group-F367C8FA5986:t64, leader=null, voted=9dbd5372-55c2-4532-b354-9494d3d545d2, raftlog=9dbd5372-55c2-4532-b354-9494d3d545d2@group-F367C8FA5986-SegmentedRaftLog:OPENED:c-1,f-1,i0, conf=-1: [9b3ef6c9-0245-4756-bf80-45d41f7a4453:192.168.157.220:37058, cd11b2f5-3187-4d03-bd60-931991550c17:192.168.157.220:43236, 9dbd5372-55c2-4532-b354-9494d3d545d2:192.168.157.220:42993], old=null
2019-10-30 11:52:40,865 [9dbd5372-55c2-4532-b354-9494d3d545d2@group-F367C8FA5986-LeaderElection135] INFO  impl.RaftServerImpl (RaftServerImpl.java:setRole(184)) - 9dbd5372-55c2-4532-b354-9494d3d545d2@group-F367C8FA5986: changes role from CANDIDATE to FOLLOWER at term 64 for DISCOVERED_A_NEW_TERM
2019-10-30 11:52:40,866 [9dbd5372-55c2-4532-b354-9494d3d545d2@group-F367C8FA5986-LeaderElection135] INFO  impl.RoleInfo (RoleInfo.java:shutdownLeaderElection(134)) - 9dbd5372-55c2-4532-b354-9494d3d545d2: shutdown LeaderElection
2019-10-30 11:52:40,866 [9dbd5372-55c2-4532-b354-9494d3d545d2@group-F367C8FA5986-LeaderElection135] INFO  impl.RoleInfo (RoleInfo.java:updateAndGet(143)) - 9dbd5372-55c2-4532-b354-9494d3d545d2: start FollowerState
2019-10-30 11:52:40,951 [Thread-1251] INFO  impl.FollowerState (FollowerState.java:run(108)) - f26e10ed-fb17-49e6-a903-eadc130d13d1@group-83984122B78E-FollowerState: change to CANDIDATE, lastRpcTime:87ms, electionTimeout:87ms
2019-10-30 11:52:40,951 [Thread-1251] INFO  impl.RoleInfo (RoleInfo.java:shutdownFollowerState(121)) - f26e10ed-fb17-49e6-a903-eadc130d13d1: shutdown FollowerState
2019-10-30 11:52:40,951 [Thread-1251] INFO  impl.RaftServerImpl (RaftServerImpl.java:setRole(184)) - f26e10ed-fb17-49e6-a903-eadc130d13d1@group-83984122B78E: changes role from  FOLLOWER to CANDIDATE at term 72 for changeToCandidate
2019-10-30 11:52:40,951 [Thread-1251] INFO  impl.RoleInfo (RoleInfo.java:updateAndGet(143)) - f26e10ed-fb17-49e6-a903-eadc130d13d1: start LeaderElection
2019-10-30 11:52:40,970 [Thread-1252] INFO  impl.FollowerState (FollowerState.java:run(108)) - 9dbd5372-55c2-4532-b354-9494d3d545d2@group-F367C8FA5986-FollowerState: change to CANDIDATE, lastRpcTime:104ms, electionTimeout:101ms
2019-10-30 11:52:40,971 [Thread-1252] INFO  impl.RoleInfo (RoleInfo.java:shutdownFollowerState(121)) - 9dbd5372-55c2-4532-b354-9494d3d545d2: shutdown FollowerState
2019-10-30 11:52:40,971 [Thread-1252] INFO  impl.RaftServerImpl (RaftServerImpl.java:setRole(184)) - 9dbd5372-55c2-4532-b354-9494d3d545d2@group-F367C8FA5986: changes role from  FOLLOWER to CANDIDATE at term 64 for changeToCandidate
2019-10-30 11:52:40,971 [Thread-1252] INFO  impl.RoleInfo (RoleInfo.java:updateAndGet(143)) - 9dbd5372-55c2-4532-b354-9494d3d545d2: start LeaderElection
2019-10-30 11:52:40,980 [f26e10ed-fb17-49e6-a903-eadc130d13d1@group-83984122B78E-LeaderElection137] INFO  impl.LeaderElection (LeaderElection.java:askForVotes(178)) - f26e10ed-fb17-49e6-a903-eadc130d13d1@group-83984122B78E-LeaderElection137: begin an election at term 73 for -1: [4f16e274-8663-4a15-9c4c-c81f650ab979:192.168.157.220:38181, 4cc44201-a597-43af-a4ec-5b1b407a6250:192.168.157.220:36685, f26e10ed-fb17-49e6-a903-eadc130d13d1:192.168.157.220:32806], old=null
2019-10-30 11:52:40,980 [9dbd5372-55c2-4532-b354-9494d3d545d2@group-F367C8FA5986-LeaderElection138] INFO  impl.LeaderElection (LeaderElection.java:askForVotes(178)) - 9dbd5372-55c2-4532-b354-9494d3d545d2@group-F367C8FA5986-LeaderElection138: begin an election at term 65 for -1: [9b3ef6c9-0245-4756-bf80-45d41f7a4453:192.168.157.220:37058, cd11b2f5-3187-4d03-bd60-931991550c17:192.168.157.220:43236, 9dbd5372-55c2-4532-b354-9494d3d545d2:192.168.157.220:42993], old=null
2019-10-30 11:52:40,985 [grpc-default-executor-1] INFO  impl.RaftServerImpl (RaftServerImpl.java:setRole(184)) - 4f16e274-8663-4a15-9c4c-c81f650ab979@group-83984122B78E: changes role from  FOLLOWER to FOLLOWER at term 73 for recognizeCandidate:f26e10ed-fb17-49e6-a903-eadc130d13d1
2019-10-30 11:52:40,985 [grpc-default-executor-1] INFO  impl.RoleInfo (RoleInfo.java:shutdownFollowerState(121)) - 4f16e274-8663-4a15-9c4c-c81f650ab979: shutdown FollowerState
2019-10-30 11:52:40,987 [Thread-1250] INFO  impl.FollowerState (FollowerState.java:run(117)) - 4f16e274-8663-4a15-9c4c-c81f650ab979@group-83984122B78E-FollowerState was interrupted: java.lang.InterruptedException: sleep interrupted
2019-10-30 11:52:40,991 [grpc-default-executor-9] INFO  impl.RaftServerImpl (RaftServerImpl.java:setRole(184)) - 9b3ef6c9-0245-4756-bf80-45d41f7a4453@group-F367C8FA5986: changes role from  FOLLOWER to FOLLOWER at term 65 for recognizeCandidate:9dbd5372-55c2-4532-b354-9494d3d545d2
2019-10-30 11:52:40,991 [grpc-default-executor-9] INFO  impl.RoleInfo (RoleInfo.java:shutdownFollowerState(121)) - 9b3ef6c9-0245-4756-bf80-45d41f7a4453: shutdown FollowerState
2019-10-30 11:52:40,992 [grpc-default-executor-1] INFO  impl.RoleInfo (RoleInfo.java:updateAndGet(143)) - 4f16e274-8663-4a15-9c4c-c81f650ab979: start FollowerState
2019-10-30 11:52:40,992 [grpc-default-executor-9] INFO  impl.RoleInfo (RoleInfo.java:updateAndGet(143)) - 9b3ef6c9-0245-4756-bf80-45d41f7a4453: start FollowerState
2019-10-30 11:52:40,995 [Thread-1248] INFO  impl.FollowerState (FollowerState.java:run(117)) - 9b3ef6c9-0245-4756-bf80-45d41f7a4453@group-F367C8FA5986-FollowerState was interrupted: java.lang.InterruptedException: sleep interrupted
2019-10-30 11:52:41,007 [grpc-default-executor-9] INFO  impl.RaftServerImpl (RaftServerImpl.java:setRole(184)) - cd11b2f5-3187-4d03-bd60-931991550c17@group-F367C8FA5986: changes role from  FOLLOWER to FOLLOWER at term 65 for recognizeCandidate:9dbd5372-55c2-4532-b354-9494d3d545d2
2019-10-30 11:52:41,007 [grpc-default-executor-9] INFO  impl.RoleInfo (RoleInfo.java:shutdownFollowerState(121)) - cd11b2f5-3187-4d03-bd60-931991550c17: shutdown FollowerState
2019-10-30 11:52:41,008 [grpc-default-executor-9] INFO  impl.RoleInfo (RoleInfo.java:updateAndGet(143)) - cd11b2f5-3187-4d03-bd60-931991550c17: start FollowerState
2019-10-30 11:52:41,008 [Thread-1247] INFO  impl.FollowerState (FollowerState.java:run(117)) - cd11b2f5-3187-4d03-bd60-931991550c17@group-F367C8FA5986-FollowerState was interrupted: java.lang.InterruptedException: sleep interrupted
2019-10-30 11:52:41,017 [grpc-default-executor-1] INFO  impl.RaftServerImpl (RaftServerImpl.java:setRole(184)) - 4cc44201-a597-43af-a4ec-5b1b407a6250@group-83984122B78E: changes role from  FOLLOWER to FOLLOWER at term 73 for recognizeCandidate:f26e10ed-fb17-49e6-a903-eadc130d13d1
2019-10-30 11:52:41,017 [grpc-default-executor-1] INFO  impl.RoleInfo (RoleInfo.java:shutdownFollowerState(121)) - 4cc44201-a597-43af-a4ec-5b1b407a6250: shutdown FollowerState
2019-10-30 11:52:41,017 [grpc-default-executor-1] INFO  impl.RoleInfo (RoleInfo.java:updateAndGet(143)) - 4cc44201-a597-43af-a4ec-5b1b407a6250: start FollowerState
2019-10-30 11:52:41,018 [Thread-1249] INFO  impl.FollowerState (FollowerState.java:run(117)) - 4cc44201-a597-43af-a4ec-5b1b407a6250@group-83984122B78E-FollowerState was interrupted: java.lang.InterruptedException: sleep interrupted
2019-10-30 11:52:41,034 [9dbd5372-55c2-4532-b354-9494d3d545d2@group-F367C8FA5986-LeaderElection138] INFO  impl.LeaderElection (LeaderElection.java:logAndReturn(56)) - 9dbd5372-55c2-4532-b354-9494d3d545d2@group-F367C8FA5986-LeaderElection138: Election REJECTED; received 2 response(s) [9dbd5372-55c2-4532-b354-9494d3d545d2<-9b3ef6c9-0245-4756-bf80-45d41f7a4453#0:FAIL-t65, 9dbd5372-55c2-4532-b354-9494d3d545d2<-cd11b2f5-3187-4d03-bd60-931991550c17#0:FAIL-t65] and 0 exception(s); 9dbd5372-55c2-4532-b354-9494d3d545d2@group-F367C8FA5986:t65, leader=null, voted=9dbd5372-55c2-4532-b354-9494d3d545d2, raftlog=9dbd5372-55c2-4532-b354-9494d3d545d2@group-F367C8FA5986-SegmentedRaftLog:OPENED:c-1,f-1,i0, conf=-1: [9b3ef6c9-0245-4756-bf80-45d41f7a4453:192.168.157.220:37058, cd11b2f5-3187-4d03-bd60-931991550c17:192.168.157.220:43236, 9dbd5372-55c2-4532-b354-9494d3d545d2:192.168.157.220:42993], old=null
2019-10-30 11:52:41,034 [9dbd5372-55c2-4532-b354-9494d3d545d2@group-F367C8FA5986-LeaderElection138] INFO  impl.RaftServerImpl (RaftServerImpl.java:setRole(184)) - 9dbd5372-55c2-4532-b354-9494d3d545d2@group-F367C8FA5986: changes role from CANDIDATE to FOLLOWER at term 65 for DISCOVERED_A_NEW_TERM
2019-10-30 11:52:41,034 [9dbd5372-55c2-4532-b354-9494d3d545d2@group-F367C8FA5986-LeaderElection138] INFO  impl.RoleInfo (RoleInfo.java:shutdownLeaderElection(134)) - 9dbd5372-55c2-4532-b354-9494d3d545d2: shutdown LeaderElection
2019-10-30 11:52:41,035 [9dbd5372-55c2-4532-b354-9494d3d545d2@group-F367C8FA5986-LeaderElection138] INFO  impl.RoleInfo (RoleInfo.java:updateAndGet(143)) - 9dbd5372-55c2-4532-b354-9494d3d545d2: start FollowerState
2019-10-30 11:52:41,037 [f26e10ed-fb17-49e6-a903-eadc130d13d1@group-83984122B78E-LeaderElection137] INFO  impl.LeaderElection (LeaderElection.java:logAndReturn(56)) - f26e10ed-fb17-49e6-a903-eadc130d13d1@group-83984122B78E-LeaderElection137: Election REJECTED; received 2 response(s) [f26e10ed-fb17-49e6-a903-eadc130d13d1<-4f16e274-8663-4a15-9c4c-c81f650ab979#0:FAIL-t73, f26e10ed-fb17-49e6-a903-eadc130d13d1<-4cc44201-a597-43af-a4ec-5b1b407a6250#0:FAIL-t73] and 0 exception(s); f26e10ed-fb17-49e6-a903-eadc130d13d1@group-83984122B78E:t73, leader=null, voted=f26e10ed-fb17-49e6-a903-eadc130d13d1, raftlog=f26e10ed-fb17-49e6-a903-eadc130d13d1@group-83984122B78E-SegmentedRaftLog:OPENED:c-1,f-1,i0, conf=-1: [4f16e274-8663-4a15-9c4c-c81f650ab979:192.168.157.220:38181, 4cc44201-a597-43af-a4ec-5b1b407a6250:192.168.157.220:36685, f26e10ed-fb17-49e6-a903-eadc130d13d1:192.168.157.220:32806], old=null
2019-10-30 11:52:41,038 [f26e10ed-fb17-49e6-a903-eadc130d13d1@group-83984122B78E-LeaderElection137] INFO  impl.RaftServerImpl (RaftServerImpl.java:setRole(184)) - f26e10ed-fb17-49e6-a903-eadc130d13d1@group-83984122B78E: changes role from CANDIDATE to FOLLOWER at term 73 for DISCOVERED_A_NEW_TERM
2019-10-30 11:52:41,042 [f26e10ed-fb17-49e6-a903-eadc130d13d1@group-83984122B78E-LeaderElection137] INFO  impl.RoleInfo (RoleInfo.java:shutdownLeaderElection(134)) - f26e10ed-fb17-49e6-a903-eadc130d13d1: shutdown LeaderElection
2019-10-30 11:52:41,045 [f26e10ed-fb17-49e6-a903-eadc130d13d1@group-83984122B78E-LeaderElection137] INFO  impl.RoleInfo (RoleInfo.java:updateAndGet(143)) - f26e10ed-fb17-49e6-a903-eadc130d13d1: start FollowerState
2019-10-30 11:52:41,099 [Thread-1268] INFO  impl.FollowerState (FollowerState.java:run(108)) - f26e10ed-fb17-49e6-a903-eadc130d13d1@group-83984122B78E-FollowerState: change to CANDIDATE, lastRpcTime:54ms, electionTimeout:52ms
2019-10-30 11:52:41,099 [Thread-1268] INFO  impl.RoleInfo (RoleInfo.java:shutdownFollowerState(121)) - f26e10ed-fb17-49e6-a903-eadc130d13d1: shutdown FollowerState
2019-10-30 11:52:41,100 [Thread-1268] INFO  impl.RaftServerImpl (RaftServerImpl.java:setRole(184)) - f26e10ed-fb17-49e6-a903-eadc130d13d1@group-83984122B78E: changes role from  FOLLOWER to CANDIDATE at term 73 for changeToCandidate
2019-10-30 11:52:41,100 [Thread-1268] INFO  impl.RoleInfo (RoleInfo.java:updateAndGet(143)) - f26e10ed-fb17-49e6-a903-eadc130d13d1: start LeaderElection
2019-10-30 11:52:41,115 [f26e10ed-fb17-49e6-a903-eadc130d13d1@group-83984122B78E-LeaderElection139] INFO  impl.LeaderElection (LeaderElection.java:askForVotes(178)) - f26e10ed-fb17-49e6-a903-eadc130d13d1@group-83984122B78E-LeaderElection139: begin an election at term 74 for -1: [4f16e274-8663-4a15-9c4c-c81f650ab979:192.168.157.220:38181, 4cc44201-a597-43af-a4ec-5b1b407a6250:192.168.157.220:36685, f26e10ed-fb17-49e6-a903-eadc130d13d1:192.168.157.220:32806], old=null
2019-10-30 11:52:41,118 [grpc-default-executor-1] INFO  impl.RaftServerImpl (RaftServerImpl.java:setRole(184)) - 4f16e274-8663-4a15-9c4c-c81f650ab979@group-83984122B78E: changes role from  FOLLOWER to FOLLOWER at term 74 for recognizeCandidate:f26e10ed-fb17-49e6-a903-eadc130d13d1
2019-10-30 11:52:41,119 [grpc-default-executor-1] INFO  impl.RoleInfo (RoleInfo.java:shutdownFollowerState(121)) - 4f16e274-8663-4a15-9c4c-c81f650ab979: shutdown FollowerState
2019-10-30 11:52:41,119 [grpc-default-executor-1] INFO  impl.RoleInfo (RoleInfo.java:updateAndGet(143)) - 4f16e274-8663-4a15-9c4c-c81f650ab979: start FollowerState
2019-10-30 11:52:41,119 [Thread-1263] INFO  impl.FollowerState (FollowerState.java:run(117)) - 4f16e274-8663-4a15-9c4c-c81f650ab979@group-83984122B78E-FollowerState was interrupted: java.lang.InterruptedException: sleep interrupted
2019-10-30 11:52:41,119 [grpc-default-executor-9] INFO  impl.RaftServerImpl (RaftServerImpl.java:setRole(184)) - 4cc44201-a597-43af-a4ec-5b1b407a6250@group-83984122B78E: changes role from  FOLLOWER to FOLLOWER at term 74 for recognizeCandidate:f26e10ed-fb17-49e6-a903-eadc130d13d1
2019-10-30 11:52:41,119 [grpc-default-executor-9] INFO  impl.RoleInfo (RoleInfo.java:shutdownFollowerState(121)) - 4cc44201-a597-43af-a4ec-5b1b407a6250: shutdown FollowerState
2019-10-30 11:52:41,120 [grpc-default-executor-9] INFO  impl.RoleInfo (RoleInfo.java:updateAndGet(143)) - 4cc44201-a597-43af-a4ec-5b1b407a6250: start FollowerState
2019-10-30 11:52:41,120 [Thread-1266] INFO  impl.FollowerState (FollowerState.java:run(117)) - 4cc44201-a597-43af-a4ec-5b1b407a6250@group-83984122B78E-FollowerState was interrupted: java.lang.InterruptedException: sleep interrupted
2019-10-30 11:52:41,146 [f26e10ed-fb17-49e6-a903-eadc130d13d1@group-83984122B78E-LeaderElection139] INFO  impl.LeaderElection (LeaderElection.java:logAndReturn(56)) - f26e10ed-fb17-49e6-a903-eadc130d13d1@group-83984122B78E-LeaderElection139: Election REJECTED; received 2 response(s) [f26e10ed-fb17-49e6-a903-eadc130d13d1<-4f16e274-8663-4a15-9c4c-c81f650ab979#0:FAIL-t74, f26e10ed-fb17-49e6-a903-eadc130d13d1<-4cc44201-a597-43af-a4ec-5b1b407a6250#0:FAIL-t74] and 0 exception(s); f26e10ed-fb17-49e6-a903-eadc130d13d1@group-83984122B78E:t74, leader=null, voted=f26e10ed-fb17-49e6-a903-eadc130d13d1, raftlog=f26e10ed-fb17-49e6-a903-eadc130d13d1@group-83984122B78E-SegmentedRaftLog:OPENED:c-1,f-1,i0, conf=-1: [4f16e274-8663-4a15-9c4c-c81f650ab979:192.168.157.220:38181, 4cc44201-a597-43af-a4ec-5b1b407a6250:192.168.157.220:36685, f26e10ed-fb17-49e6-a903-eadc130d13d1:192.168.157.220:32806], old=null
2019-10-30 11:52:41,146 [f26e10ed-fb17-49e6-a903-eadc130d13d1@group-83984122B78E-LeaderElection139] INFO  impl.RaftServerImpl (RaftServerImpl.java:setRole(184)) - f26e10ed-fb17-49e6-a903-eadc130d13d1@group-83984122B78E: changes role from CANDIDATE to FOLLOWER at term 74 for DISCOVERED_A_NEW_TERM
2019-10-30 11:52:41,146 [f26e10ed-fb17-49e6-a903-eadc130d13d1@group-83984122B78E-LeaderElection139] INFO  impl.RoleInfo (RoleInfo.java:shutdownLeaderElection(134)) - f26e10ed-fb17-49e6-a903-eadc130d13d1: shutdown LeaderElection
2019-10-30 11:52:41,146 [f26e10ed-fb17-49e6-a903-eadc130d13d1@group-83984122B78E-LeaderElection139] INFO  impl.RoleInfo (RoleInfo.java:updateAndGet(143)) - f26e10ed-fb17-49e6-a903-eadc130d13d1: start FollowerState
2019-10-30 11:52:41,233 [Thread-1267] INFO  impl.FollowerState (FollowerState.java:run(108)) - 9dbd5372-55c2-4532-b354-9494d3d545d2@group-F367C8FA5986-FollowerState: change to CANDIDATE, lastRpcTime:198ms, electionTimeout:188ms
2019-10-30 11:52:41,233 [Thread-1267] INFO  impl.RoleInfo (RoleInfo.java:shutdownFollowerState(121)) - 9dbd5372-55c2-4532-b354-9494d3d545d2: shutdown FollowerState
2019-10-30 11:52:41,234 [Thread-1267] INFO  impl.RaftServerImpl (RaftServerImpl.java:setRole(184)) - 9dbd5372-55c2-4532-b354-9494d3d545d2@group-F367C8FA5986: changes role from  FOLLOWER to CANDIDATE at term 65 for changeToCandidate
2019-10-30 11:52:41,234 [Thread-1267] INFO  impl.RoleInfo (RoleInfo.java:updateAndGet(143)) - 9dbd5372-55c2-4532-b354-9494d3d545d2: start LeaderElection
2019-10-30 11:52:41,234 [Thread-1274] INFO  impl.FollowerState (FollowerState.java:run(108)) - f26e10ed-fb17-49e6-a903-eadc130d13d1@group-83984122B78E-FollowerState: change to CANDIDATE, lastRpcTime:88ms, electionTimeout:88ms
2019-10-30 11:52:41,235 [Thread-1274] INFO  impl.RoleInfo (RoleInfo.java:shutdownFollowerState(121)) - f26e10ed-fb17-49e6-a903-eadc130d13d1: shutdown FollowerState
2019-10-30 11:52:41,235 [Thread-1274] INFO  impl.RaftServerImpl (RaftServerImpl.java:setRole(184)) - f26e10ed-fb17-49e6-a903-eadc130d13d1@group-83984122B78E: changes role from  FOLLOWER to CANDIDATE at term 74 for changeToCandidate
2019-10-30 11:52:41,235 [Thread-1274] INFO  impl.RoleInfo (RoleInfo.java:updateAndGet(143)) - f26e10ed-fb17-49e6-a903-eadc130d13d1: start LeaderElection
2019-10-30 11:52:41,242 [9dbd5372-55c2-4532-b354-9494d3d545d2@group-F367C8FA5986-LeaderElection140] INFO  impl.LeaderElection (LeaderElection.java:askForVotes(178)) - 9dbd5372-55c2-4532-b354-9494d3d545d2@group-F367C8FA5986-LeaderElection140: begin an election at term 66 for -1: [9b3ef6c9-0245-4756-bf80-45d41f7a4453:192.168.157.220:37058, cd11b2f5-3187-4d03-bd60-931991550c17:192.168.157.220:43236, 9dbd5372-55c2-4532-b354-9494d3d545d2:192.168.157.220:42993], old=null
2019-10-30 11:52:41,242 [f26e10ed-fb17-49e6-a903-eadc130d13d1@group-83984122B78E-LeaderElection141] INFO  impl.LeaderElection (LeaderElection.java:askForVotes(178)) - f26e10ed-fb17-49e6-a903-eadc130d13d1@group-83984122B78E-LeaderElection141: begin an election at term 75 for -1: [4f16e274-8663-4a15-9c4c-c81f650ab979:192.168.157.220:38181, 4cc44201-a597-43af-a4ec-5b1b407a6250:192.168.157.220:36685, f26e10ed-fb17-49e6-a903-eadc130d13d1:192.168.157.220:32806], old=null
2019-10-30 11:52:41,249 [grpc-default-executor-9] INFO  impl.RaftServerImpl (RaftServerImpl.java:setRole(184)) - 4cc44201-a597-43af-a4ec-5b1b407a6250@group-83984122B78E: changes role from  FOLLOWER to FOLLOWER at term 75 for recognizeCandidate:f26e10ed-fb17-49e6-a903-eadc130d13d1
2019-10-30 11:52:41,249 [grpc-default-executor-9] INFO  impl.RoleInfo (RoleInfo.java:shutdownFollowerState(121)) - 4cc44201-a597-43af-a4ec-5b1b407a6250: shutdown FollowerState
2019-10-30 11:52:41,249 [grpc-default-executor-9] INFO  impl.RoleInfo (RoleInfo.java:updateAndGet(143)) - 4cc44201-a597-43af-a4ec-5b1b407a6250: start FollowerState
2019-10-30 11:52:41,250 [grpc-default-executor-1] INFO  impl.RaftServerImpl (RaftServerImpl.java:setRole(184)) - 9b3ef6c9-0245-4756-bf80-45d41f7a4453@group-F367C8FA5986: changes role from  FOLLOWER to FOLLOWER at term 66 for recognizeCandidate:9dbd5372-55c2-4532-b354-9494d3d545d2
2019-10-30 11:52:41,250 [grpc-default-executor-1] INFO  impl.RoleInfo (RoleInfo.java:shutdownFollowerState(121)) - 9b3ef6c9-0245-4756-bf80-45d41f7a4453: shutdown FollowerState
2019-10-30 11:52:41,250 [grpc-default-executor-8] INFO  impl.RaftServerImpl (RaftServerImpl.java:setRole(184)) - cd11b2f5-3187-4d03-bd60-931991550c17@group-F367C8FA5986: changes role from  FOLLOWER to FOLLOWER at term 66 for recognizeCandidate:9dbd5372-55c2-4532-b354-9494d3d545d2
2019-10-30 11:52:41,250 [grpc-default-executor-1] INFO  impl.RoleInfo (RoleInfo.java:updateAndGet(143)) - 9b3ef6c9-0245-4756-bf80-45d41f7a4453: start FollowerState
2019-10-30 11:52:41,250 [Thread-1264] INFO  impl.FollowerState (FollowerState.java:run(117)) - 9b3ef6c9-0245-4756-bf80-45d41f7a4453@group-F367C8FA5986-FollowerState was interrupted: java.lang.InterruptedException: sleep interrupted
2019-10-30 11:52:41,250 [grpc-default-executor-8] INFO  impl.RoleInfo (RoleInfo.java:shutdownFollowerState(121)) - cd11b2f5-3187-4d03-bd60-931991550c17: shutdown FollowerState
2019-10-30 11:52:41,250 [Thread-1273] INFO  impl.FollowerState (FollowerState.java:run(117)) - 4cc44201-a597-43af-a4ec-5b1b407a6250@group-83984122B78E-FollowerState was interrupted: java.lang.InterruptedException: sleep interrupted
2019-10-30 11:52:41,250 [Thread-1265] INFO  impl.FollowerState (FollowerState.java:run(117)) - cd11b2f5-3187-4d03-bd60-931991550c17@group-F367C8FA5986-FollowerState was interrupted: java.lang.InterruptedException: sleep interrupted
2019-10-30 11:52:41,250 [grpc-default-executor-8] INFO  impl.RoleInfo (RoleInfo.java:updateAndGet(143)) - cd11b2f5-3187-4d03-bd60-931991550c17: start FollowerState
2019-10-30 11:52:41,254 [grpc-default-executor-4] INFO  impl.RaftServerImpl (RaftServerImpl.java:setRole(184)) - 4f16e274-8663-4a15-9c4c-c81f650ab979@group-83984122B78E: changes role from  FOLLOWER to FOLLOWER at term 75 for recognizeCandidate:f26e10ed-fb17-49e6-a903-eadc130d13d1
2019-10-30 11:52:41,254 [grpc-default-executor-4] INFO  impl.RoleInfo (RoleInfo.java:shutdownFollowerState(121)) - 4f16e274-8663-4a15-9c4c-c81f650ab979: shutdown FollowerState
2019-10-30 11:52:41,254 [grpc-default-executor-4] INFO  impl.RoleInfo (RoleInfo.java:updateAndGet(143)) - 4f16e274-8663-4a15-9c4c-c81f650ab979: start FollowerState
2019-10-30 11:52:41,254 [Thread-1272] INFO  impl.FollowerState (FollowerState.java:run(117)) - 4f16e274-8663-4a15-9c4c-c81f650ab979@group-83984122B78E-FollowerState was interrupted: java.lang.InterruptedException: sleep interrupted
2019-10-30 11:52:41,273 [9dbd5372-55c2-4532-b354-9494d3d545d2@group-F367C8FA5986-LeaderElection140] INFO  impl.LeaderElection (LeaderElection.java:logAndReturn(56)) - 9dbd5372-55c2-4532-b354-9494d3d545d2@group-F367C8FA5986-LeaderElection140: Election REJECTED; received 2 response(s) [9dbd5372-55c2-4532-b354-9494d3d545d2<-9b3ef6c9-0245-4756-bf80-45d41f7a4453#0:FAIL-t66, 9dbd5372-55c2-4532-b354-9494d3d545d2<-cd11b2f5-3187-4d03-bd60-931991550c17#0:FAIL-t66] and 0 exception(s); 9dbd5372-55c2-4532-b354-9494d3d545d2@group-F367C8FA5986:t66, leader=null, voted=9dbd5372-55c2-4532-b354-9494d3d545d2, raftlog=9dbd5372-55c2-4532-b354-9494d3d545d2@group-F367C8FA5986-SegmentedRaftLog:OPENED:c-1,f-1,i0, conf=-1: [9b3ef6c9-0245-4756-bf80-45d41f7a4453:192.168.157.220:37058, cd11b2f5-3187-4d03-bd60-931991550c17:192.168.157.220:43236, 9dbd5372-55c2-4532-b354-9494d3d545d2:192.168.157.220:42993], old=null
2019-10-30 11:52:41,273 [9dbd5372-55c2-4532-b354-9494d3d545d2@group-F367C8FA5986-LeaderElection140] INFO  impl.RaftServerImpl (RaftServerImpl.java:setRole(184)) - 9dbd5372-55c2-4532-b354-9494d3d545d2@group-F367C8FA5986: changes role from CANDIDATE to FOLLOWER at term 66 for DISCOVERED_A_NEW_TERM
2019-10-30 11:52:41,273 [9dbd5372-55c2-4532-b354-9494d3d545d2@group-F367C8FA5986-LeaderElection140] INFO  impl.RoleInfo (RoleInfo.java:shutdownLeaderElection(134)) - 9dbd5372-55c2-4532-b354-9494d3d545d2: shutdown LeaderElection
2019-10-30 11:52:41,273 [f26e10ed-fb17-49e6-a903-eadc130d13d1@group-83984122B78E-LeaderElection141] INFO  impl.LeaderElection (LeaderElection.java:logAndReturn(56)) - f26e10ed-fb17-49e6-a903-eadc130d13d1@group-83984122B78E-LeaderElection141: Election REJECTED; received 2 response(s) [f26e10ed-fb17-49e6-a903-eadc130d13d1<-4f16e274-8663-4a15-9c4c-c81f650ab979#0:FAIL-t75, f26e10ed-fb17-49e6-a903-eadc130d13d1<-4cc44201-a597-43af-a4ec-5b1b407a6250#0:FAIL-t75] and 0 exception(s); f26e10ed-fb17-49e6-a903-eadc130d13d1@group-83984122B78E:t75, leader=null, voted=f26e10ed-fb17-49e6-a903-eadc130d13d1, raftlog=f26e10ed-fb17-49e6-a903-eadc130d13d1@group-83984122B78E-SegmentedRaftLog:OPENED:c-1,f-1,i0, conf=-1: [4f16e274-8663-4a15-9c4c-c81f650ab979:192.168.157.220:38181, 4cc44201-a597-43af-a4ec-5b1b407a6250:192.168.157.220:36685, f26e10ed-fb17-49e6-a903-eadc130d13d1:192.168.157.220:32806], old=null
2019-10-30 11:52:41,273 [9dbd5372-55c2-4532-b354-9494d3d545d2@group-F367C8FA5986-LeaderElection140] INFO  impl.RoleInfo (RoleInfo.java:updateAndGet(143)) - 9dbd5372-55c2-4532-b354-9494d3d545d2: start FollowerState
2019-10-30 11:52:41,273 [f26e10ed-fb17-49e6-a903-eadc130d13d1@group-83984122B78E-LeaderElection141] INFO  impl.RaftServerImpl (RaftServerImpl.java:setRole(184)) - f26e10ed-fb17-49e6-a903-eadc130d13d1@group-83984122B78E: changes role from CANDIDATE to FOLLOWER at term 75 for DISCOVERED_A_NEW_TERM
2019-10-30 11:52:41,273 [f26e10ed-fb17-49e6-a903-eadc130d13d1@group-83984122B78E-LeaderElection141] INFO  impl.RoleInfo (RoleInfo.java:shutdownLeaderElection(134)) - f26e10ed-fb17-49e6-a903-eadc130d13d1: shutdown LeaderElection
2019-10-30 11:52:41,275 [f26e10ed-fb17-49e6-a903-eadc130d13d1@group-83984122B78E-LeaderElection141] INFO  impl.RoleInfo (RoleInfo.java:updateAndGet(143)) - f26e10ed-fb17-49e6-a903-eadc130d13d1: start FollowerState
2019-10-30 11:52:41,309 [Thread-1286] INFO  impl.FollowerState (FollowerState.java:run(108)) - f26e10ed-fb17-49e6-a903-eadc130d13d1@group-83984122B78E-FollowerState: change to CANDIDATE, lastRpcTime:34ms, electionTimeout:34ms
2019-10-30 11:52:41,310 [Thread-1286] INFO  impl.RoleInfo (RoleInfo.java:shutdownFollowerState(121)) - f26e10ed-fb17-49e6-a903-eadc130d13d1: shutdown FollowerState
2019-10-30 11:52:41,310 [Thread-1286] INFO  impl.RaftServerImpl (RaftServerImpl.java:setRole(184)) - f26e10ed-fb17-49e6-a903-eadc130d13d1@group-83984122B78E: changes role from  FOLLOWER to CANDIDATE at term 75 for changeToCandidate
2019-10-30 11:52:41,310 [Thread-1286] INFO  impl.RoleInfo (RoleInfo.java:updateAndGet(143)) - f26e10ed-fb17-49e6-a903-eadc130d13d1: start LeaderElection
2019-10-30 11:52:41,326 [f26e10ed-fb17-49e6-a903-eadc130d13d1@group-83984122B78E-LeaderElection142] INFO  impl.LeaderElection (LeaderElection.java:askForVotes(178)) - f26e10ed-fb17-49e6-a903-eadc130d13d1@group-83984122B78E-LeaderElection142: begin an election at term 76 for -1: [4f16e274-8663-4a15-9c4c-c81f650ab979:192.168.157.220:38181, 4cc44201-a597-43af-a4ec-5b1b407a6250:192.168.157.220:36685, f26e10ed-fb17-49e6-a903-eadc130d13d1:192.168.157.220:32806], old=null
2019-10-30 11:52:41,328 [grpc-default-executor-4] INFO  impl.RaftServerImpl (RaftServerImpl.java:setRole(184)) - 4cc44201-a597-43af-a4ec-5b1b407a6250@group-83984122B78E: changes role from  FOLLOWER to FOLLOWER at term 76 for recognizeCandidate:f26e10ed-fb17-49e6-a903-eadc130d13d1
2019-10-30 11:52:41,328 [grpc-default-executor-4] INFO  impl.RoleInfo (RoleInfo.java:shutdownFollowerState(121)) - 4cc44201-a597-43af-a4ec-5b1b407a6250: shutdown FollowerState
2019-10-30 11:52:41,329 [grpc-default-executor-4] INFO  impl.RoleInfo (RoleInfo.java:updateAndGet(143)) - 4cc44201-a597-43af-a4ec-5b1b407a6250: start FollowerState
2019-10-30 11:52:41,329 [Thread-1281] INFO  impl.FollowerState (FollowerState.java:run(117)) - 4cc44201-a597-43af-a4ec-5b1b407a6250@group-83984122B78E-FollowerState was interrupted: java.lang.InterruptedException: sleep interrupted
2019-10-30 11:52:41,331 [grpc-default-executor-8] INFO  impl.RaftServerImpl (RaftServerImpl.java:setRole(184)) - 4f16e274-8663-4a15-9c4c-c81f650ab979@group-83984122B78E: changes role from  FOLLOWER to FOLLOWER at term 76 for recognizeCandidate:f26e10ed-fb17-49e6-a903-eadc130d13d1
2019-10-30 11:52:41,332 [grpc-default-executor-8] INFO  impl.RoleInfo (RoleInfo.java:shutdownFollowerState(121)) - 4f16e274-8663-4a15-9c4c-c81f650ab979: shutdown FollowerState
2019-10-30 11:52:41,332 [grpc-default-executor-8] INFO  impl.RoleInfo (RoleInfo.java:updateAndGet(143)) - 4f16e274-8663-4a15-9c4c-c81f650ab979: start FollowerState
2019-10-30 11:52:41,332 [Thread-1284] INFO  impl.FollowerState (FollowerState.java:run(117)) - 4f16e274-8663-4a15-9c4c-c81f650ab979@group-83984122B78E-FollowerState was interrupted: java.lang.InterruptedException: sleep interrupted
2019-10-30 11:52:41,340 [f26e10ed-fb17-49e6-a903-eadc130d13d1@group-83984122B78E-LeaderElection142] INFO  impl.LeaderElection (LeaderElection.java:logAndReturn(56)) - f26e10ed-fb17-49e6-a903-eadc130d13d1@group-83984122B78E-LeaderElection142: Election REJECTED; received 2 response(s) [f26e10ed-fb17-49e6-a903-eadc130d13d1<-4f16e274-8663-4a15-9c4c-c81f650ab979#0:FAIL-t76, f26e10ed-fb17-49e6-a903-eadc130d13d1<-4cc44201-a597-43af-a4ec-5b1b407a6250#0:FAIL-t76] and 0 exception(s); f26e10ed-fb17-49e6-a903-eadc130d13d1@group-83984122B78E:t76, leader=null, voted=f26e10ed-fb17-49e6-a903-eadc130d13d1, raftlog=f26e10ed-fb17-49e6-a903-eadc130d13d1@group-83984122B78E-SegmentedRaftLog:OPENED:c-1,f-1,i0, conf=-1: [4f16e274-8663-4a15-9c4c-c81f650ab979:192.168.157.220:38181, 4cc44201-a597-43af-a4ec-5b1b407a6250:192.168.157.220:36685, f26e10ed-fb17-49e6-a903-eadc130d13d1:192.168.157.220:32806], old=null
2019-10-30 11:52:41,340 [f26e10ed-fb17-49e6-a903-eadc130d13d1@group-83984122B78E-LeaderElection142] INFO  impl.RaftServerImpl (RaftServerImpl.java:setRole(184)) - f26e10ed-fb17-49e6-a903-eadc130d13d1@group-83984122B78E: changes role from CANDIDATE to FOLLOWER at term 76 for DISCOVERED_A_NEW_TERM
2019-10-30 11:52:41,340 [f26e10ed-fb17-49e6-a903-eadc130d13d1@group-83984122B78E-LeaderElection142] INFO  impl.RoleInfo (RoleInfo.java:shutdownLeaderElection(134)) - f26e10ed-fb17-49e6-a903-eadc130d13d1: shutdown LeaderElection
2019-10-30 11:52:41,340 [f26e10ed-fb17-49e6-a903-eadc130d13d1@group-83984122B78E-LeaderElection142] INFO  impl.RoleInfo (RoleInfo.java:updateAndGet(143)) - f26e10ed-fb17-49e6-a903-eadc130d13d1: start FollowerState
2019-10-30 11:52:41,376 [Thread-1285] INFO  impl.FollowerState (FollowerState.java:run(108)) - 9dbd5372-55c2-4532-b354-9494d3d545d2@group-F367C8FA5986-FollowerState: change to CANDIDATE, lastRpcTime:102ms, electionTimeout:99ms
2019-10-30 11:52:41,376 [Thread-1285] INFO  impl.RoleInfo (RoleInfo.java:shutdownFollowerState(121)) - 9dbd5372-55c2-4532-b354-9494d3d545d2: shutdown FollowerState
2019-10-30 11:52:41,376 [Thread-1285] INFO  impl.RaftServerImpl (RaftServerImpl.java:setRole(184)) - 9dbd5372-55c2-4532-b354-9494d3d545d2@group-F367C8FA5986: changes role from  FOLLOWER to CANDIDATE at term 66 for changeToCandidate
2019-10-30 11:52:41,377 [Thread-1285] INFO  impl.RoleInfo (RoleInfo.java:updateAndGet(143)) - 9dbd5372-55c2-4532-b354-9494d3d545d2: start LeaderElection
2019-10-30 11:52:41,383 [9dbd5372-55c2-4532-b354-9494d3d545d2@group-F367C8FA5986-LeaderElection143] INFO  impl.LeaderElection (LeaderElection.java:askForVotes(178)) - 9dbd5372-55c2-4532-b354-9494d3d545d2@group-F367C8FA5986-LeaderElection143: begin an election at term 67 for -1: [9b3ef6c9-0245-4756-bf80-45d41f7a4453:192.168.157.220:37058, cd11b2f5-3187-4d03-bd60-931991550c17:192.168.157.220:43236, 9dbd5372-55c2-4532-b354-9494d3d545d2:192.168.157.220:42993], old=null
2019-10-30 11:52:41,385 [grpc-default-executor-8] INFO  impl.RaftServerImpl (RaftServerImpl.java:setRole(184)) - cd11b2f5-3187-4d03-bd60-931991550c17@group-F367C8FA5986: changes role from  FOLLOWER to FOLLOWER at term 67 for recognizeCandidate:9dbd5372-55c2-4532-b354-9494d3d545d2
2019-10-30 11:52:41,385 [grpc-default-executor-8] INFO  impl.RoleInfo (RoleInfo.java:shutdownFollowerState(121)) - cd11b2f5-3187-4d03-bd60-931991550c17: shutdown FollowerState
2019-10-30 11:52:41,385 [grpc-default-executor-8] INFO  impl.RoleInfo (RoleInfo.java:updateAndGet(143)) - cd11b2f5-3187-4d03-bd60-931991550c17: start FollowerState
2019-10-30 11:52:41,386 [grpc-default-executor-4] INFO  impl.RaftServerImpl (RaftServerImpl.java:setRole(184)) - 9b3ef6c9-0245-4756-bf80-45d41f7a4453@group-F367C8FA5986: changes role from  FOLLOWER to FOLLOWER at term 67 for recognizeCandidate:9dbd5372-55c2-4532-b354-9494d3d545d2
2019-10-30 11:52:41,386 [grpc-default-executor-4] INFO  impl.RoleInfo (RoleInfo.java:shutdownFollowerState(121)) - 9b3ef6c9-0245-4756-bf80-45d41f7a4453: shutdown FollowerState
2019-10-30 11:52:41,386 [grpc-default-executor-4] INFO  impl.RoleInfo (RoleInfo.java:updateAndGet(143)) - 9b3ef6c9-0245-4756-bf80-45d41f7a4453: start FollowerState
2019-10-30 11:52:41,386 [Thread-1282] INFO  impl.FollowerState (FollowerState.java:run(117)) - 9b3ef6c9-0245-4756-bf80-45d41f7a4453@group-F367C8FA5986-FollowerState was interrupted: java.lang.InterruptedException: sleep interrupted
2019-10-30 11:52:41,387 [Thread-1283] INFO  impl.FollowerState (FollowerState.java:run(117)) - cd11b2f5-3187-4d03-bd60-931991550c17@group-F367C8FA5986-FollowerState was interrupted: java.lang.InterruptedException: sleep interrupted
2019-10-30 11:52:41,394 [9dbd5372-55c2-4532-b354-9494d3d545d2@group-F367C8FA5986-LeaderElection143] INFO  impl.LeaderElection (LeaderElection.java:logAndReturn(56)) - 9dbd5372-55c2-4532-b354-9494d3d545d2@group-F367C8FA5986-LeaderElection143: Election REJECTED; received 2 response(s) [9dbd5372-55c2-4532-b354-9494d3d545d2<-9b3ef6c9-0245-4756-bf80-45d41f7a4453#0:FAIL-t67, 9dbd5372-55c2-4532-b354-9494d3d545d2<-cd11b2f5-3187-4d03-bd60-931991550c17#0:FAIL-t67] and 0 exception(s); 9dbd5372-55c2-4532-b354-9494d3d545d2@group-F367C8FA5986:t67, leader=null, voted=9dbd5372-55c2-4532-b354-9494d3d545d2, raftlog=9dbd5372-55c2-4532-b354-9494d3d545d2@group-F367C8FA5986-SegmentedRaftLog:OPENED:c-1,f-1,i0, conf=-1: [9b3ef6c9-0245-4756-bf80-45d41f7a4453:192.168.157.220:37058, cd11b2f5-3187-4d03-bd60-931991550c17:192.168.157.220:43236, 9dbd5372-55c2-4532-b354-9494d3d545d2:192.168.157.220:42993], old=null
2019-10-30 11:52:41,394 [9dbd5372-55c2-4532-b354-9494d3d545d2@group-F367C8FA5986-LeaderElection143] INFO  impl.RaftServerImpl (RaftServerImpl.java:setRole(184)) - 9dbd5372-55c2-4532-b354-9494d3d545d2@group-F367C8FA5986: changes role from CANDIDATE to FOLLOWER at term 67 for DISCOVERED_A_NEW_TERM
2019-10-30 11:52:41,394 [9dbd5372-55c2-4532-b354-9494d3d545d2@group-F367C8FA5986-LeaderElection143] INFO  impl.RoleInfo (RoleInfo.java:shutdownLeaderElection(134)) - 9dbd5372-55c2-4532-b354-9494d3d545d2: shutdown LeaderElection
2019-10-30 11:52:41,394 [9dbd5372-55c2-4532-b354-9494d3d545d2@group-F367C8FA5986-LeaderElection143] INFO  impl.RoleInfo (RoleInfo.java:updateAndGet(143)) - 9dbd5372-55c2-4532-b354-9494d3d545d2: start FollowerState
2019-10-30 11:52:41,400 [Thread-1298] INFO  impl.FollowerState (FollowerState.java:run(108)) - 9dbd5372-55c2-4532-b354-9494d3d545d2@group-F367C8FA5986-FollowerState: change to CANDIDATE, lastRpcTime:5ms, electionTimeout:5ms
2019-10-30 11:52:41,400 [Thread-1298] INFO  impl.RoleInfo (RoleInfo.java:shutdownFollowerState(121)) - 9dbd5372-55c2-4532-b354-9494d3d545d2: shutdown FollowerState
2019-10-30 11:52:41,400 [Thread-1298] INFO  impl.RaftServerImpl (RaftServerImpl.java:setRole(184)) - 9dbd5372-55c2-4532-b354-9494d3d545d2@group-F367C8FA5986: changes role from  FOLLOWER to CANDIDATE at term 67 for changeToCandidate
2019-10-30 11:52:41,400 [Thread-1298] INFO  impl.RoleInfo (RoleInfo.java:updateAndGet(143)) - 9dbd5372-55c2-4532-b354-9494d3d545d2: start LeaderElection
2019-10-30 11:52:41,420 [Thread-1292] INFO  impl.FollowerState (FollowerState.java:run(108)) - f26e10ed-fb17-49e6-a903-eadc130d13d1@group-83984122B78E-FollowerState: change to CANDIDATE, lastRpcTime:79ms, electionTimeout:79ms
2019-10-30 11:52:41,420 [Thread-1292] INFO  impl.RoleInfo (RoleInfo.java:shutdownFollowerState(121)) - f26e10ed-fb17-49e6-a903-eadc130d13d1: shutdown FollowerState
2019-10-30 11:52:41,420 [Thread-1292] INFO  impl.RaftServerImpl (RaftServerImpl.java:setRole(184)) - f26e10ed-fb17-49e6-a903-eadc130d13d1@group-83984122B78E: changes role from  FOLLOWER to CANDIDATE at term 76 for changeToCandidate
2019-10-30 11:52:41,420 [Thread-1292] INFO  impl.RoleInfo (RoleInfo.java:updateAndGet(143)) - f26e10ed-fb17-49e6-a903-eadc130d13d1: start LeaderElection
2019-10-30 11:52:41,423 [9dbd5372-55c2-4532-b354-9494d3d545d2@group-F367C8FA5986-LeaderElection144] INFO  impl.LeaderElection (LeaderElection.java:askForVotes(178)) - 9dbd5372-55c2-4532-b354-9494d3d545d2@group-F367C8FA5986-LeaderElection144: begin an election at term 68 for -1: [9b3ef6c9-0245-4756-bf80-45d41f7a4453:192.168.157.220:37058, cd11b2f5-3187-4d03-bd60-931991550c17:192.168.157.220:43236, 9dbd5372-55c2-4532-b354-9494d3d545d2:192.168.157.220:42993], old=null
2019-10-30 11:52:41,427 [f26e10ed-fb17-49e6-a903-eadc130d13d1@group-83984122B78E-LeaderElection145] INFO  impl.LeaderElection (LeaderElection.java:askForVotes(178)) - f26e10ed-fb17-49e6-a903-eadc130d13d1@group-83984122B78E-LeaderElection145: begin an election at term 77 for -1: [4f16e274-8663-4a15-9c4c-c81f650ab979:192.168.157.220:38181, 4cc44201-a597-43af-a4ec-5b1b407a6250:192.168.157.220:36685, f26e10ed-fb17-49e6-a903-eadc130d13d1:192.168.157.220:32806], old=null
2019-10-30 11:52:41,431 [grpc-default-executor-8] INFO  impl.RaftServerImpl (RaftServerImpl.java:setRole(184)) - 9b3ef6c9-0245-4756-bf80-45d41f7a4453@group-F367C8FA5986: changes role from  FOLLOWER to FOLLOWER at term 68 for recognizeCandidate:9dbd5372-55c2-4532-b354-9494d3d545d2
2019-10-30 11:52:41,432 [grpc-default-executor-8] INFO  impl.RoleInfo (RoleInfo.java:shutdownFollowerState(121)) - 9b3ef6c9-0245-4756-bf80-45d41f7a4453: shutdown FollowerState
2019-10-30 11:52:41,432 [grpc-default-executor-4] INFO  impl.RaftServerImpl (RaftServerImpl.java:setRole(184)) - 4f16e274-8663-4a15-9c4c-c81f650ab979@group-83984122B78E: changes role from  FOLLOWER to FOLLOWER at term 77 for recognizeCandidate:f26e10ed-fb17-49e6-a903-eadc130d13d1
2019-10-30 11:52:41,432 [Thread-1297] INFO  impl.FollowerState (FollowerState.java:run(117)) - 9b3ef6c9-0245-4756-bf80-45d41f7a4453@group-F367C8FA5986-FollowerState was interrupted: java.lang.InterruptedException: sleep interrupted
2019-10-30 11:52:41,432 [grpc-default-executor-8] INFO  impl.RoleInfo (RoleInfo.java:updateAndGet(143)) - 9b3ef6c9-0245-4756-bf80-45d41f7a4453: start FollowerState
2019-10-30 11:52:41,432 [grpc-default-executor-4] INFO  impl.RoleInfo (RoleInfo.java:shutdownFollowerState(121)) - 4f16e274-8663-4a15-9c4c-c81f650ab979: shutdown FollowerState
2019-10-30 11:52:41,432 [grpc-default-executor-4] INFO  impl.RoleInfo (RoleInfo.java:updateAndGet(143)) - 4f16e274-8663-4a15-9c4c-c81f650ab979: start FollowerState
2019-10-30 11:52:41,434 [Thread-1291] INFO  impl.FollowerState (FollowerState.java:run(117)) - 4f16e274-8663-4a15-9c4c-c81f650ab979@group-83984122B78E-FollowerState was interrupted: java.lang.InterruptedException: sleep interrupted
2019-10-30 11:52:41,434 [grpc-default-executor-1] INFO  impl.RaftServerImpl (RaftServerImpl.java:setRole(184)) - 4cc44201-a597-43af-a4ec-5b1b407a6250@group-83984122B78E: changes role from  FOLLOWER to FOLLOWER at term 77 for recognizeCandidate:f26e10ed-fb17-49e6-a903-eadc130d13d1
2019-10-30 11:52:41,435 [grpc-default-executor-1] INFO  impl.RoleInfo (RoleInfo.java:shutdownFollowerState(121)) - 4cc44201-a597-43af-a4ec-5b1b407a6250: shutdown FollowerState
2019-10-30 11:52:41,435 [grpc-default-executor-1] INFO  impl.RoleInfo (RoleInfo.java:updateAndGet(143)) - 4cc44201-a597-43af-a4ec-5b1b407a6250: start FollowerState
2019-10-30 11:52:41,435 [Thread-1290] INFO  impl.FollowerState (FollowerState.java:run(117)) - 4cc44201-a597-43af-a4ec-5b1b407a6250@group-83984122B78E-FollowerState was interrupted: java.lang.InterruptedException: sleep interrupted
2019-10-30 11:52:41,436 [grpc-default-executor-9] INFO  impl.RaftServerImpl (RaftServerImpl.java:setRole(184)) - cd11b2f5-3187-4d03-bd60-931991550c17@group-F367C8FA5986: changes role from  FOLLOWER to FOLLOWER at term 68 for recognizeCandidate:9dbd5372-55c2-4532-b354-9494d3d545d2
2019-10-30 11:52:41,436 [grpc-default-executor-9] INFO  impl.RoleInfo (RoleInfo.java:shutdownFollowerState(121)) - cd11b2f5-3187-4d03-bd60-931991550c17: shutdown FollowerState
2019-10-30 11:52:41,436 [grpc-default-executor-9] INFO  impl.RoleInfo (RoleInfo.java:updateAndGet(143)) - cd11b2f5-3187-4d03-bd60-931991550c17: start FollowerState
2019-10-30 11:52:41,436 [Thread-1296] INFO  impl.FollowerState (FollowerState.java:run(117)) - cd11b2f5-3187-4d03-bd60-931991550c17@group-F367C8FA5986-FollowerState was interrupted: java.lang.InterruptedException: sleep interrupted
2019-10-30 11:52:41,447 [9dbd5372-55c2-4532-b354-9494d3d545d2@group-F367C8FA5986-LeaderElection144] INFO  impl.LeaderElection (LeaderElection.java:logAndReturn(56)) - 9dbd5372-55c2-4532-b354-9494d3d545d2@group-F367C8FA5986-LeaderElection144: Election REJECTED; received 2 response(s) [9dbd5372-55c2-4532-b354-9494d3d545d2<-9b3ef6c9-0245-4756-bf80-45d41f7a4453#0:FAIL-t68, 9dbd5372-55c2-4532-b354-9494d3d545d2<-cd11b2f5-3187-4d03-bd60-931991550c17#0:FAIL-t68] and 0 exception(s); 9dbd5372-55c2-4532-b354-9494d3d545d2@group-F367C8FA5986:t68, leader=null, voted=9dbd5372-55c2-4532-b354-9494d3d545d2, raftlog=9dbd5372-55c2-4532-b354-9494d3d545d2@group-F367C8FA5986-SegmentedRaftLog:OPENED:c-1,f-1,i0, conf=-1: [9b3ef6c9-0245-4756-bf80-45d41f7a4453:192.168.157.220:37058, cd11b2f5-3187-4d03-bd60-931991550c17:192.168.157.220:43236, 9dbd5372-55c2-4532-b354-9494d3d545d2:192.168.157.220:42993], old=null
2019-10-30 11:52:41,447 [9dbd5372-55c2-4532-b354-9494d3d545d2@group-F367C8FA5986-LeaderElection144] INFO  impl.RaftServerImpl (RaftServerImpl.java:setRole(184)) - 9dbd5372-55c2-4532-b354-9494d3d545d2@group-F367C8FA5986: changes role from CANDIDATE to FOLLOWER at term 68 for DISCOVERED_A_NEW_TERM
2019-10-30 11:52:41,447 [9dbd5372-55c2-4532-b354-9494d3d545d2@group-F367C8FA5986-LeaderElection144] INFO  impl.RoleInfo (RoleInfo.java:shutdownLeaderElection(134)) - 9dbd5372-55c2-4532-b354-9494d3d545d2: shutdown LeaderElection
2019-10-30 11:52:41,447 [9dbd5372-55c2-4532-b354-9494d3d545d2@group-F367C8FA5986-LeaderElection144] INFO  impl.RoleInfo (RoleInfo.java:updateAndGet(143)) - 9dbd5372-55c2-4532-b354-9494d3d545d2: start FollowerState
2019-10-30 11:52:41,449 [f26e10ed-fb17-49e6-a903-eadc130d13d1@group-83984122B78E-LeaderElection145] INFO  impl.LeaderElection (LeaderElection.java:logAndReturn(56)) - f26e10ed-fb17-49e6-a903-eadc130d13d1@group-83984122B78E-LeaderElection145: Election REJECTED; received 2 response(s) [f26e10ed-fb17-49e6-a903-eadc130d13d1<-4f16e274-8663-4a15-9c4c-c81f650ab979#0:FAIL-t77, f26e10ed-fb17-49e6-a903-eadc130d13d1<-4cc44201-a597-43af-a4ec-5b1b407a6250#0:FAIL-t77] and 0 exception(s); f26e10ed-fb17-49e6-a903-eadc130d13d1@group-83984122B78E:t77, leader=null, voted=f26e10ed-fb17-49e6-a903-eadc130d13d1, raftlog=f26e10ed-fb17-49e6-a903-eadc130d13d1@group-83984122B78E-SegmentedRaftLog:OPENED:c-1,f-1,i0, conf=-1: [4f16e274-8663-4a15-9c4c-c81f650ab979:192.168.157.220:38181, 4cc44201-a597-43af-a4ec-5b1b407a6250:192.168.157.220:36685, f26e10ed-fb17-49e6-a903-eadc130d13d1:192.168.157.220:32806], old=null
2019-10-30 11:52:41,449 [f26e10ed-fb17-49e6-a903-eadc130d13d1@group-83984122B78E-LeaderElection145] INFO  impl.RaftServerImpl (RaftServerImpl.java:setRole(184)) - f26e10ed-fb17-49e6-a903-eadc130d13d1@group-83984122B78E: changes role from CANDIDATE to FOLLOWER at term 77 for DISCOVERED_A_NEW_TERM
2019-10-30 11:52:41,449 [f26e10ed-fb17-49e6-a903-eadc130d13d1@group-83984122B78E-LeaderElection145] INFO  impl.RoleInfo (RoleInfo.java:shutdownLeaderElection(134)) - f26e10ed-fb17-49e6-a903-eadc130d13d1: shutdown LeaderElection
2019-10-30 11:52:41,450 [f26e10ed-fb17-49e6-a903-eadc130d13d1@group-83984122B78E-LeaderElection145] INFO  impl.RoleInfo (RoleInfo.java:updateAndGet(143)) - f26e10ed-fb17-49e6-a903-eadc130d13d1: start FollowerState
2019-10-30 11:52:41,451 [Thread-1311] INFO  impl.FollowerState (FollowerState.java:run(108)) - f26e10ed-fb17-49e6-a903-eadc130d13d1@group-83984122B78E-FollowerState: change to CANDIDATE, lastRpcTime:1ms, electionTimeout:1ms
2019-10-30 11:52:41,451 [Thread-1311] INFO  impl.RoleInfo (RoleInfo.java:shutdownFollowerState(121)) - f26e10ed-fb17-49e6-a903-eadc130d13d1: shutdown FollowerState
2019-10-30 11:52:41,451 [Thread-1311] INFO  impl.RaftServerImpl (RaftServerImpl.java:setRole(184)) - f26e10ed-fb17-49e6-a903-eadc130d13d1@group-83984122B78E: changes role from  FOLLOWER to CANDIDATE at term 77 for changeToCandidate
2019-10-30 11:52:41,451 [Thread-1311] INFO  impl.RoleInfo (RoleInfo.java:updateAndGet(143)) - f26e10ed-fb17-49e6-a903-eadc130d13d1: start LeaderElection
2019-10-30 11:52:41,490 [f26e10ed-fb17-49e6-a903-eadc130d13d1@group-83984122B78E-LeaderElection146] INFO  impl.LeaderElection (LeaderElection.java:askForVotes(178)) - f26e10ed-fb17-49e6-a903-eadc130d13d1@group-83984122B78E-LeaderElection146: begin an election at term 78 for -1: [4f16e274-8663-4a15-9c4c-c81f650ab979:192.168.157.220:38181, 4cc44201-a597-43af-a4ec-5b1b407a6250:192.168.157.220:36685, f26e10ed-fb17-49e6-a903-eadc130d13d1:192.168.157.220:32806], old=null
2019-10-30 11:52:41,495 [grpc-default-executor-9] INFO  impl.RaftServerImpl (RaftServerImpl.java:setRole(184)) - 4cc44201-a597-43af-a4ec-5b1b407a6250@group-83984122B78E: changes role from  FOLLOWER to FOLLOWER at term 78 for recognizeCandidate:f26e10ed-fb17-49e6-a903-eadc130d13d1
2019-10-30 11:52:41,495 [grpc-default-executor-9] INFO  impl.RoleInfo (RoleInfo.java:shutdownFollowerState(121)) - 4cc44201-a597-43af-a4ec-5b1b407a6250: shutdown FollowerState
2019-10-30 11:52:41,495 [grpc-default-executor-9] INFO  impl.RoleInfo (RoleInfo.java:updateAndGet(143)) - 4cc44201-a597-43af-a4ec-5b1b407a6250: start FollowerState
2019-10-30 11:52:41,495 [Thread-1308] INFO  impl.FollowerState (FollowerState.java:run(117)) - 4cc44201-a597-43af-a4ec-5b1b407a6250@group-83984122B78E-FollowerState was interrupted: java.lang.InterruptedException: sleep interrupted
2019-10-30 11:52:41,495 [grpc-default-executor-4] INFO  impl.RaftServerImpl (RaftServerImpl.java:setRole(184)) - 4f16e274-8663-4a15-9c4c-c81f650ab979@group-83984122B78E: changes role from  FOLLOWER to FOLLOWER at term 78 for recognizeCandidate:f26e10ed-fb17-49e6-a903-eadc130d13d1
2019-10-30 11:52:41,496 [grpc-default-executor-4] INFO  impl.RoleInfo (RoleInfo.java:shutdownFollowerState(121)) - 4f16e274-8663-4a15-9c4c-c81f650ab979: shutdown FollowerState
2019-10-30 11:52:41,496 [grpc-default-executor-4] INFO  impl.RoleInfo (RoleInfo.java:updateAndGet(143)) - 4f16e274-8663-4a15-9c4c-c81f650ab979: start FollowerState
2019-10-30 11:52:41,496 [Thread-1307] INFO  impl.FollowerState (FollowerState.java:run(117)) - 4f16e274-8663-4a15-9c4c-c81f650ab979@group-83984122B78E-FollowerState was interrupted: java.lang.InterruptedException: sleep interrupted
2019-10-30 11:52:41,505 [f26e10ed-fb17-49e6-a903-eadc130d13d1@group-83984122B78E-LeaderElection146] INFO  impl.LeaderElection (LeaderElection.java:logAndReturn(56)) - f26e10ed-fb17-49e6-a903-eadc130d13d1@group-83984122B78E-LeaderElection146: Election REJECTED; received 2 response(s) [f26e10ed-fb17-49e6-a903-eadc130d13d1<-4f16e274-8663-4a15-9c4c-c81f650ab979#0:FAIL-t78, f26e10ed-fb17-49e6-a903-eadc130d13d1<-4cc44201-a597-43af-a4ec-5b1b407a6250#0:FAIL-t78] and 0 exception(s); f26e10ed-fb17-49e6-a903-eadc130d13d1@group-83984122B78E:t78, leader=null, voted=f26e10ed-fb17-49e6-a903-eadc130d13d1, raftlog=f26e10ed-fb17-49e6-a903-eadc130d13d1@group-83984122B78E-SegmentedRaftLog:OPENED:c-1,f-1,i0, conf=-1: [4f16e274-8663-4a15-9c4c-c81f650ab979:192.168.157.220:38181, 4cc44201-a597-43af-a4ec-5b1b407a6250:192.168.157.220:36685, f26e10ed-fb17-49e6-a903-eadc130d13d1:192.168.157.220:32806], old=null
2019-10-30 11:52:41,505 [f26e10ed-fb17-49e6-a903-eadc130d13d1@group-83984122B78E-LeaderElection146] INFO  impl.RaftServerImpl (RaftServerImpl.java:setRole(184)) - f26e10ed-fb17-49e6-a903-eadc130d13d1@group-83984122B78E: changes role from CANDIDATE to FOLLOWER at term 78 for DISCOVERED_A_NEW_TERM
2019-10-30 11:52:41,505 [f26e10ed-fb17-49e6-a903-eadc130d13d1@group-83984122B78E-LeaderElection146] INFO  impl.RoleInfo (RoleInfo.java:shutdownLeaderElection(134)) - f26e10ed-fb17-49e6-a903-eadc130d13d1: shutdown LeaderElection
2019-10-30 11:52:41,505 [f26e10ed-fb17-49e6-a903-eadc130d13d1@group-83984122B78E-LeaderElection146] INFO  impl.RoleInfo (RoleInfo.java:updateAndGet(143)) - f26e10ed-fb17-49e6-a903-eadc130d13d1: start FollowerState
2019-10-30 11:52:41,507 [Thread-1310] INFO  impl.FollowerState (FollowerState.java:run(108)) - 9dbd5372-55c2-4532-b354-9494d3d545d2@group-F367C8FA5986-FollowerState: change to CANDIDATE, lastRpcTime:60ms, electionTimeout:60ms
2019-10-30 11:52:41,508 [Thread-1310] INFO  impl.RoleInfo (RoleInfo.java:shutdownFollowerState(121)) - 9dbd5372-55c2-4532-b354-9494d3d545d2: shutdown FollowerState
2019-10-30 11:52:41,508 [Thread-1310] INFO  impl.RaftServerImpl (RaftServerImpl.java:setRole(184)) - 9dbd5372-55c2-4532-b354-9494d3d545d2@group-F367C8FA5986: changes role from  FOLLOWER to CANDIDATE at term 68 for changeToCandidate
2019-10-30 11:52:41,508 [Thread-1310] INFO  impl.RoleInfo (RoleInfo.java:updateAndGet(143)) - 9dbd5372-55c2-4532-b354-9494d3d545d2: start LeaderElection
2019-10-30 11:52:41,522 [9dbd5372-55c2-4532-b354-9494d3d545d2@group-F367C8FA5986-LeaderElection147] INFO  impl.LeaderElection (LeaderElection.java:askForVotes(178)) - 9dbd5372-55c2-4532-b354-9494d3d545d2@group-F367C8FA5986-LeaderElection147: begin an election at term 69 for -1: [9b3ef6c9-0245-4756-bf80-45d41f7a4453:192.168.157.220:37058, cd11b2f5-3187-4d03-bd60-931991550c17:192.168.157.220:43236, 9dbd5372-55c2-4532-b354-9494d3d545d2:192.168.157.220:42993], old=null
2019-10-30 11:52:41,523 [grpc-default-executor-9] INFO  impl.RaftServerImpl (RaftServerImpl.java:setRole(184)) - 9b3ef6c9-0245-4756-bf80-45d41f7a4453@group-F367C8FA5986: changes role from  FOLLOWER to FOLLOWER at term 69 for recognizeCandidate:9dbd5372-55c2-4532-b354-9494d3d545d2
2019-10-30 11:52:41,523 [grpc-default-executor-9] INFO  impl.RoleInfo (RoleInfo.java:shutdownFollowerState(121)) - 9b3ef6c9-0245-4756-bf80-45d41f7a4453: shutdown FollowerState
2019-10-30 11:52:41,523 [grpc-default-executor-9] INFO  impl.RoleInfo (RoleInfo.java:updateAndGet(143)) - 9b3ef6c9-0245-4756-bf80-45d41f7a4453: start FollowerState
2019-10-30 11:52:41,523 [Thread-1306] INFO  impl.FollowerState (FollowerState.java:run(117)) - 9b3ef6c9-0245-4756-bf80-45d41f7a4453@group-F367C8FA5986-FollowerState was interrupted: java.lang.InterruptedException: sleep interrupted
2019-10-30 11:52:41,524 [grpc-default-executor-4] INFO  impl.RaftServerImpl (RaftServerImpl.java:setRole(184)) - cd11b2f5-3187-4d03-bd60-931991550c17@group-F367C8FA5986: changes role from  FOLLOWER to FOLLOWER at term 69 for recognizeCandidate:9dbd5372-55c2-4532-b354-9494d3d545d2
2019-10-30 11:52:41,524 [grpc-default-executor-4] INFO  impl.RoleInfo (RoleInfo.java:shutdownFollowerState(121)) - cd11b2f5-3187-4d03-bd60-931991550c17: shutdown FollowerState
2019-10-30 11:52:41,524 [grpc-default-executor-4] INFO  impl.RoleInfo (RoleInfo.java:updateAndGet(143)) - cd11b2f5-3187-4d03-bd60-931991550c17: start FollowerState
2019-10-30 11:52:41,525 [Thread-1309] INFO  impl.FollowerState (FollowerState.java:run(117)) - cd11b2f5-3187-4d03-bd60-931991550c17@group-F367C8FA5986-FollowerState was interrupted: java.lang.InterruptedException: sleep interrupted
2019-10-30 11:52:41,534 [9dbd5372-55c2-4532-b354-9494d3d545d2@group-F367C8FA5986-LeaderElection147] INFO  impl.LeaderElection (LeaderElection.java:logAndReturn(56)) - 9dbd5372-55c2-4532-b354-9494d3d545d2@group-F367C8FA5986-LeaderElection147: Election REJECTED; received 2 response(s) [9dbd5372-55c2-4532-b354-9494d3d545d2<-9b3ef6c9-0245-4756-bf80-45d41f7a4453#0:FAIL-t69, 9dbd5372-55c2-4532-b354-9494d3d545d2<-cd11b2f5-3187-4d03-bd60-931991550c17#0:FAIL-t69] and 0 exception(s); 9dbd5372-55c2-4532-b354-9494d3d545d2@group-F367C8FA5986:t69, leader=null, voted=9dbd5372-55c2-4532-b354-9494d3d545d2, raftlog=9dbd5372-55c2-4532-b354-9494d3d545d2@group-F367C8FA5986-SegmentedRaftLog:OPENED:c-1,f-1,i0, conf=-1: [9b3ef6c9-0245-4756-bf80-45d41f7a4453:192.168.157.220:37058, cd11b2f5-3187-4d03-bd60-931991550c17:192.168.157.220:43236, 9dbd5372-55c2-4532-b354-9494d3d545d2:192.168.157.220:42993], old=null
2019-10-30 11:52:41,535 [9dbd5372-55c2-4532-b354-9494d3d545d2@group-F367C8FA5986-LeaderElection147] INFO  impl.RaftServerImpl (RaftServerImpl.java:setRole(184)) - 9dbd5372-55c2-4532-b354-9494d3d545d2@group-F367C8FA5986: changes role from CANDIDATE to FOLLOWER at term 69 for DISCOVERED_A_NEW_TERM
2019-10-30 11:52:41,535 [9dbd5372-55c2-4532-b354-9494d3d545d2@group-F367C8FA5986-LeaderElection147] INFO  impl.RoleInfo (RoleInfo.java:shutdownLeaderElection(134)) - 9dbd5372-55c2-4532-b354-9494d3d545d2: shutdown LeaderElection
2019-10-30 11:52:41,535 [9dbd5372-55c2-4532-b354-9494d3d545d2@group-F367C8FA5986-LeaderElection147] INFO  impl.RoleInfo (RoleInfo.java:updateAndGet(143)) - 9dbd5372-55c2-4532-b354-9494d3d545d2: start FollowerState
2019-10-30 11:52:41,591 [Thread-1318] INFO  impl.FollowerState (FollowerState.java:run(108)) - f26e10ed-fb17-49e6-a903-eadc130d13d1@group-83984122B78E-FollowerState: change to CANDIDATE, lastRpcTime:85ms, electionTimeout:85ms
2019-10-30 11:52:41,591 [Thread-1318] INFO  impl.RoleInfo (RoleInfo.java:shutdownFollowerState(121)) - f26e10ed-fb17-49e6-a903-eadc130d13d1: shutdown FollowerState
2019-10-30 11:52:41,591 [Thread-1318] INFO  impl.RaftServerImpl (RaftServerImpl.java:setRole(184)) - f26e10ed-fb17-49e6-a903-eadc130d13d1@group-83984122B78E: changes role from  FOLLOWER to CANDIDATE at term 78 for changeToCandidate
2019-10-30 11:52:41,591 [Thread-1318] INFO  impl.RoleInfo (RoleInfo.java:updateAndGet(143)) - f26e10ed-fb17-49e6-a903-eadc130d13d1: start LeaderElection
2019-10-30 11:52:41,596 [f26e10ed-fb17-49e6-a903-eadc130d13d1@group-83984122B78E-LeaderElection148] INFO  impl.LeaderElection (LeaderElection.java:askForVotes(178)) - f26e10ed-fb17-49e6-a903-eadc130d13d1@group-83984122B78E-LeaderElection148: begin an election at term 79 for -1: [4f16e274-8663-4a15-9c4c-c81f650ab979:192.168.157.220:38181, 4cc44201-a597-43af-a4ec-5b1b407a6250:192.168.157.220:36685, f26e10ed-fb17-49e6-a903-eadc130d13d1:192.168.157.220:32806], old=null
2019-10-30 11:52:41,598 [grpc-default-executor-9] INFO  impl.RaftServerImpl (RaftServerImpl.java:setRole(184)) - 4f16e274-8663-4a15-9c4c-c81f650ab979@group-83984122B78E: changes role from  FOLLOWER to FOLLOWER at term 79 for recognizeCandidate:f26e10ed-fb17-49e6-a903-eadc130d13d1
2019-10-30 11:52:41,598 [grpc-default-executor-9] INFO  impl.RoleInfo (RoleInfo.java:shutdownFollowerState(121)) - 4f16e274-8663-4a15-9c4c-c81f650ab979: shutdown FollowerState
2019-10-30 11:52:41,598 [grpc-default-executor-4] INFO  impl.RaftServerImpl (RaftServerImpl.java:setRole(184)) - 4cc44201-a597-43af-a4ec-5b1b407a6250@group-83984122B78E: changes role from  FOLLOWER to FOLLOWER at term 79 for recognizeCandidate:f26e10ed-fb17-49e6-a903-eadc130d13d1
2019-10-30 11:52:41,598 [Thread-1317] INFO  impl.FollowerState (FollowerState.java:run(117)) - 4f16e274-8663-4a15-9c4c-c81f650ab979@group-83984122B78E-FollowerState was interrupted: java.lang.InterruptedException: sleep interrupted
2019-10-30 11:52:41,598 [grpc-default-executor-9] INFO  impl.RoleInfo (RoleInfo.java:updateAndGet(143)) - 4f16e274-8663-4a15-9c4c-c81f650ab979: start FollowerState
2019-10-30 11:52:41,598 [grpc-default-executor-4] INFO  impl.RoleInfo (RoleInfo.java:shutdownFollowerState(121)) - 4cc44201-a597-43af-a4ec-5b1b407a6250: shutdown FollowerState
2019-10-30 11:52:41,599 [grpc-default-executor-4] INFO  impl.RoleInfo (RoleInfo.java:updateAndGet(143)) - 4cc44201-a597-43af-a4ec-5b1b407a6250: start FollowerState
2019-10-30 11:52:41,599 [Thread-1316] INFO  impl.FollowerState (FollowerState.java:run(117)) - 4cc44201-a597-43af-a4ec-5b1b407a6250@group-83984122B78E-FollowerState was interrupted: java.lang.InterruptedException: sleep interrupted
2019-10-30 11:52:41,604 [Thread-1324] INFO  impl.FollowerState (FollowerState.java:run(108)) - 9dbd5372-55c2-4532-b354-9494d3d545d2@group-F367C8FA5986-FollowerState: change to CANDIDATE, lastRpcTime:68ms, electionTimeout:67ms
2019-10-30 11:52:41,604 [Thread-1324] INFO  impl.RoleInfo (RoleInfo.java:shutdownFollowerState(121)) - 9dbd5372-55c2-4532-b354-9494d3d545d2: shutdown FollowerState
2019-10-30 11:52:41,604 [Thread-1324] INFO  impl.RaftServerImpl (RaftServerImpl.java:setRole(184)) - 9dbd5372-55c2-4532-b354-9494d3d545d2@group-F367C8FA5986: changes role from  FOLLOWER to CANDIDATE at term 69 for changeToCandidate
2019-10-30 11:52:41,604 [Thread-1324] INFO  impl.RoleInfo (RoleInfo.java:updateAndGet(143)) - 9dbd5372-55c2-4532-b354-9494d3d545d2: start LeaderElection
2019-10-30 11:52:41,612 [9dbd5372-55c2-4532-b354-9494d3d545d2@group-F367C8FA5986-LeaderElection149] INFO  impl.LeaderElection (LeaderElection.java:askForVotes(178)) - 9dbd5372-55c2-4532-b354-9494d3d545d2@group-F367C8FA5986-LeaderElection149: begin an election at term 70 for -1: [9b3ef6c9-0245-4756-bf80-45d41f7a4453:192.168.157.220:37058, cd11b2f5-3187-4d03-bd60-931991550c17:192.168.157.220:43236, 9dbd5372-55c2-4532-b354-9494d3d545d2:192.168.157.220:42993], old=null
2019-10-30 11:52:41,614 [f26e10ed-fb17-49e6-a903-eadc130d13d1@group-83984122B78E-LeaderElection148] INFO  impl.LeaderElection (LeaderElection.java:logAndReturn(56)) - f26e10ed-fb17-49e6-a903-eadc130d13d1@group-83984122B78E-LeaderElection148: Election REJECTED; received 2 response(s) [f26e10ed-fb17-49e6-a903-eadc130d13d1<-4f16e274-8663-4a15-9c4c-c81f650ab979#0:FAIL-t79, f26e10ed-fb17-49e6-a903-eadc130d13d1<-4cc44201-a597-43af-a4ec-5b1b407a6250#0:FAIL-t79] and 0 exception(s); f26e10ed-fb17-49e6-a903-eadc130d13d1@group-83984122B78E:t79, leader=null, voted=f26e10ed-fb17-49e6-a903-eadc130d13d1, raftlog=f26e10ed-fb17-49e6-a903-eadc130d13d1@group-83984122B78E-SegmentedRaftLog:OPENED:c-1,f-1,i0, conf=-1: [4f16e274-8663-4a15-9c4c-c81f650ab979:192.168.157.220:38181, 4cc44201-a597-43af-a4ec-5b1b407a6250:192.168.157.220:36685, f26e10ed-fb17-49e6-a903-eadc130d13d1:192.168.157.220:32806], old=null
2019-10-30 11:52:41,614 [f26e10ed-fb17-49e6-a903-eadc130d13d1@group-83984122B78E-LeaderElection148] INFO  impl.RaftServerImpl (RaftServerImpl.java:setRole(184)) - f26e10ed-fb17-49e6-a903-eadc130d13d1@group-83984122B78E: changes role from CANDIDATE to FOLLOWER at term 79 for DISCOVERED_A_NEW_TERM
2019-10-30 11:52:41,614 [f26e10ed-fb17-49e6-a903-eadc130d13d1@group-83984122B78E-LeaderElection148] INFO  impl.RoleInfo (RoleInfo.java:shutdownLeaderElection(134)) - f26e10ed-fb17-49e6-a903-eadc130d13d1: shutdown LeaderElection
2019-10-30 11:52:41,614 [f26e10ed-fb17-49e6-a903-eadc130d13d1@group-83984122B78E-LeaderElection148] INFO  impl.RoleInfo (RoleInfo.java:updateAndGet(143)) - f26e10ed-fb17-49e6-a903-eadc130d13d1: start FollowerState
2019-10-30 11:52:41,615 [grpc-default-executor-4] INFO  impl.RaftServerImpl (RaftServerImpl.java:setRole(184)) - 9b3ef6c9-0245-4756-bf80-45d41f7a4453@group-F367C8FA5986: changes role from  FOLLOWER to FOLLOWER at term 70 for recognizeCandidate:9dbd5372-55c2-4532-b354-9494d3d545d2
2019-10-30 11:52:41,615 [grpc-default-executor-4] INFO  impl.RoleInfo (RoleInfo.java:shutdownFollowerState(121)) - 9b3ef6c9-0245-4756-bf80-45d41f7a4453: shutdown FollowerState
2019-10-30 11:52:41,615 [grpc-default-executor-4] INFO  impl.RoleInfo (RoleInfo.java:updateAndGet(143)) - 9b3ef6c9-0245-4756-bf80-45d41f7a4453: start FollowerState
2019-10-30 11:52:41,615 [Thread-1322] INFO  impl.FollowerState (FollowerState.java:run(117)) - 9b3ef6c9-0245-4756-bf80-45d41f7a4453@group-F367C8FA5986-FollowerState was interrupted: java.lang.InterruptedException: sleep interrupted
2019-10-30 11:52:41,616 [grpc-default-executor-9] INFO  impl.RaftServerImpl (RaftServerImpl.java:setRole(184)) - cd11b2f5-3187-4d03-bd60-931991550c17@group-F367C8FA5986: changes role from  FOLLOWER to FOLLOWER at term 70 for recognizeCandidate:9dbd5372-55c2-4532-b354-9494d3d545d2
2019-10-30 11:52:41,616 [grpc-default-executor-9] INFO  impl.RoleInfo (RoleInfo.java:shutdownFollowerState(121)) - cd11b2f5-3187-4d03-bd60-931991550c17: shutdown FollowerState
2019-10-30 11:52:41,616 [grpc-default-executor-9] INFO  impl.RoleInfo (RoleInfo.java:updateAndGet(143)) - cd11b2f5-3187-4d03-bd60-931991550c17: start FollowerState
2019-10-30 11:52:41,616 [Thread-1323] INFO  impl.FollowerState (FollowerState.java:run(117)) - cd11b2f5-3187-4d03-bd60-931991550c17@group-F367C8FA5986-FollowerState was interrupted: java.lang.InterruptedException: sleep interrupted
2019-10-30 11:52:41,624 [9dbd5372-55c2-4532-b354-9494d3d545d2@group-F367C8FA5986-LeaderElection149] INFO  impl.LeaderElection (LeaderElection.java:logAndReturn(56)) - 9dbd5372-55c2-4532-b354-9494d3d545d2@group-F367C8FA5986-LeaderElection149: Election REJECTED; received 2 response(s) [9dbd5372-55c2-4532-b354-9494d3d545d2<-9b3ef6c9-0245-4756-bf80-45d41f7a4453#0:FAIL-t70, 9dbd5372-55c2-4532-b354-9494d3d545d2<-cd11b2f5-3187-4d03-bd60-931991550c17#0:FAIL-t70] and 0 exception(s); 9dbd5372-55c2-4532-b354-9494d3d545d2@group-F367C8FA5986:t70, leader=null, voted=9dbd5372-55c2-4532-b354-9494d3d545d2, raftlog=9dbd5372-55c2-4532-b354-9494d3d545d2@group-F367C8FA5986-SegmentedRaftLog:OPENED:c-1,f-1,i0, conf=-1: [9b3ef6c9-0245-4756-bf80-45d41f7a4453:192.168.157.220:37058, cd11b2f5-3187-4d03-bd60-931991550c17:192.168.157.220:43236, 9dbd5372-55c2-4532-b354-9494d3d545d2:192.168.157.220:42993], old=null
2019-10-30 11:52:41,624 [9dbd5372-55c2-4532-b354-9494d3d545d2@group-F367C8FA5986-LeaderElection149] INFO  impl.RaftServerImpl (RaftServerImpl.java:setRole(184)) - 9dbd5372-55c2-4532-b354-9494d3d545d2@group-F367C8FA5986: changes role from CANDIDATE to FOLLOWER at term 70 for DISCOVERED_A_NEW_TERM
2019-10-30 11:52:41,624 [9dbd5372-55c2-4532-b354-9494d3d545d2@group-F367C8FA5986-LeaderElection149] INFO  impl.RoleInfo (RoleInfo.java:shutdownLeaderElection(134)) - 9dbd5372-55c2-4532-b354-9494d3d545d2: shutdown LeaderElection
2019-10-30 11:52:41,624 [9dbd5372-55c2-4532-b354-9494d3d545d2@group-F367C8FA5986-LeaderElection149] INFO  impl.RoleInfo (RoleInfo.java:updateAndGet(143)) - 9dbd5372-55c2-4532-b354-9494d3d545d2: start FollowerState
2019-10-30 11:52:41,642 [Thread-1333] INFO  impl.FollowerState (FollowerState.java:run(108)) - f26e10ed-fb17-49e6-a903-eadc130d13d1@group-83984122B78E-FollowerState: change to CANDIDATE, lastRpcTime:27ms, electionTimeout:27ms
2019-10-30 11:52:41,642 [Thread-1333] INFO  impl.RoleInfo (RoleInfo.java:shutdownFollowerState(121)) - f26e10ed-fb17-49e6-a903-eadc130d13d1: shutdown FollowerState
2019-10-30 11:52:41,642 [Thread-1333] INFO  impl.RaftServerImpl (RaftServerImpl.java:setRole(184)) - f26e10ed-fb17-49e6-a903-eadc130d13d1@group-83984122B78E: changes role from  FOLLOWER to CANDIDATE at term 79 for changeToCandidate
2019-10-30 11:52:41,642 [Thread-1333] INFO  impl.RoleInfo (RoleInfo.java:updateAndGet(143)) - f26e10ed-fb17-49e6-a903-eadc130d13d1: start LeaderElection
2019-10-30 11:52:41,720 [Thread-1336] INFO  impl.FollowerState (FollowerState.java:run(108)) - 9dbd5372-55c2-4532-b354-9494d3d545d2@group-F367C8FA5986-FollowerState: change to CANDIDATE, lastRpcTime:96ms, electionTimeout:96ms
2019-10-30 11:52:41,720 [Thread-1336] INFO  impl.RoleInfo (RoleInfo.java:shutdownFollowerState(121)) - 9dbd5372-55c2-4532-b354-9494d3d545d2: shutdown FollowerState
2019-10-30 11:52:41,720 [Thread-1336] INFO  impl.RaftServerImpl (RaftServerImpl.java:setRole(184)) - 9dbd5372-55c2-4532-b354-9494d3d545d2@group-F367C8FA5986: changes role from  FOLLOWER to CANDIDATE at term 70 for changeToCandidate
2019-10-30 11:52:41,721 [Thread-1336] INFO  impl.RoleInfo (RoleInfo.java:updateAndGet(143)) - 9dbd5372-55c2-4532-b354-9494d3d545d2: start LeaderElection
2019-10-30 11:52:42,247 [f26e10ed-fb17-49e6-a903-eadc130d13d1@group-83984122B78E-LeaderElection150] INFO  impl.LeaderElection (LeaderElection.java:askForVotes(178)) - f26e10ed-fb17-49e6-a903-eadc130d13d1@group-83984122B78E-LeaderElection150: begin an election at term 80 for -1: [4f16e274-8663-4a15-9c4c-c81f650ab979:192.168.157.220:38181, 4cc44201-a597-43af-a4ec-5b1b407a6250:192.168.157.220:36685, f26e10ed-fb17-49e6-a903-eadc130d13d1:192.168.157.220:32806], old=null
2019-10-30 11:52:42,249 [grpc-default-executor-9] INFO  impl.RaftServerImpl (RaftServerImpl.java:setRole(184)) - 4f16e274-8663-4a15-9c4c-c81f650ab979@group-83984122B78E: changes role from  FOLLOWER to FOLLOWER at term 80 for recognizeCandidate:f26e10ed-fb17-49e6-a903-eadc130d13d1
2019-10-30 11:52:42,249 [grpc-default-executor-4] INFO  impl.RaftServerImpl (RaftServerImpl.java:setRole(184)) - 4cc44201-a597-43af-a4ec-5b1b407a6250@group-83984122B78E: changes role from  FOLLOWER to FOLLOWER at term 80 for recognizeCandidate:f26e10ed-fb17-49e6-a903-eadc130d13d1
2019-10-30 11:52:42,250 [grpc-default-executor-9] INFO  impl.RoleInfo (RoleInfo.java:shutdownFollowerState(121)) - 4f16e274-8663-4a15-9c4c-c81f650ab979: shutdown FollowerState
2019-10-30 11:52:42,250 [grpc-default-executor-4] INFO  impl.RoleInfo (RoleInfo.java:shutdownFollowerState(121)) - 4cc44201-a597-43af-a4ec-5b1b407a6250: shutdown FollowerState
2019-10-30 11:52:42,250 [Thread-1328] INFO  impl.FollowerState (FollowerState.java:run(117)) - 4f16e274-8663-4a15-9c4c-c81f650ab979@group-83984122B78E-FollowerState was interrupted: java.lang.InterruptedException: sleep interrupted
2019-10-30 11:52:42,250 [grpc-default-executor-9] INFO  impl.RoleInfo (RoleInfo.java:updateAndGet(143)) - 4f16e274-8663-4a15-9c4c-c81f650ab979: start FollowerState
2019-10-30 11:52:42,250 [Thread-1329] INFO  impl.FollowerState (FollowerState.java:run(117)) - 4cc44201-a597-43af-a4ec-5b1b407a6250@group-83984122B78E-FollowerState was interrupted: java.lang.InterruptedException: sleep interrupted
2019-10-30 11:52:42,250 [grpc-default-executor-4] INFO  impl.RoleInfo (RoleInfo.java:updateAndGet(143)) - 4cc44201-a597-43af-a4ec-5b1b407a6250: start FollowerState
2019-10-30 11:52:42,290 [f26e10ed-fb17-49e6-a903-eadc130d13d1@group-83984122B78E-LeaderElection150] INFO  impl.LeaderElection (LeaderElection.java:logAndReturn(56)) - f26e10ed-fb17-49e6-a903-eadc130d13d1@group-83984122B78E-LeaderElection150: Election TIMEOUT; received 0 response(s) [] and 0 exception(s); f26e10ed-fb17-49e6-a903-eadc130d13d1@group-83984122B78E:t80, leader=null, voted=f26e10ed-fb17-49e6-a903-eadc130d13d1, raftlog=f26e10ed-fb17-49e6-a903-eadc130d13d1@group-83984122B78E-SegmentedRaftLog:OPENED:c-1,f-1,i0, conf=-1: [4f16e274-8663-4a15-9c4c-c81f650ab979:192.168.157.220:38181, 4cc44201-a597-43af-a4ec-5b1b407a6250:192.168.157.220:36685, f26e10ed-fb17-49e6-a903-eadc130d13d1:192.168.157.220:32806], old=null
2019-10-30 11:52:42,308 [9dbd5372-55c2-4532-b354-9494d3d545d2@group-F367C8FA5986-LeaderElection151] INFO  impl.LeaderElection (LeaderElection.java:askForVotes(178)) - 9dbd5372-55c2-4532-b354-9494d3d545d2@group-F367C8FA5986-LeaderElection151: begin an election at term 71 for -1: [9b3ef6c9-0245-4756-bf80-45d41f7a4453:192.168.157.220:37058, cd11b2f5-3187-4d03-bd60-931991550c17:192.168.157.220:43236, 9dbd5372-55c2-4532-b354-9494d3d545d2:192.168.157.220:42993], old=null
2019-10-30 11:52:42,309 [f26e10ed-fb17-49e6-a903-eadc130d13d1@group-83984122B78E-LeaderElection150] INFO  impl.LeaderElection (LeaderElection.java:askForVotes(178)) - f26e10ed-fb17-49e6-a903-eadc130d13d1@group-83984122B78E-LeaderElection150: begin an election at term 81 for -1: [4f16e274-8663-4a15-9c4c-c81f650ab979:192.168.157.220:38181, 4cc44201-a597-43af-a4ec-5b1b407a6250:192.168.157.220:36685, f26e10ed-fb17-49e6-a903-eadc130d13d1:192.168.157.220:32806], old=null
2019-10-30 11:52:42,310 [grpc-default-executor-4] INFO  impl.RaftServerImpl (RaftServerImpl.java:setRole(184)) - cd11b2f5-3187-4d03-bd60-931991550c17@group-F367C8FA5986: changes role from  FOLLOWER to FOLLOWER at term 71 for recognizeCandidate:9dbd5372-55c2-4532-b354-9494d3d545d2
2019-10-30 11:52:42,310 [grpc-default-executor-4] INFO  impl.RoleInfo (RoleInfo.java:shutdownFollowerState(121)) - cd11b2f5-3187-4d03-bd60-931991550c17: shutdown FollowerState
2019-10-30 11:52:42,311 [grpc-default-executor-9] INFO  impl.RaftServerImpl (RaftServerImpl.java:setRole(184)) - 9b3ef6c9-0245-4756-bf80-45d41f7a4453@group-F367C8FA5986: changes role from  FOLLOWER to FOLLOWER at term 71 for recognizeCandidate:9dbd5372-55c2-4532-b354-9494d3d545d2
2019-10-30 11:52:42,311 [grpc-default-executor-9] INFO  impl.RoleInfo (RoleInfo.java:shutdownFollowerState(121)) - 9b3ef6c9-0245-4756-bf80-45d41f7a4453: shutdown FollowerState
2019-10-30 11:52:42,312 [Thread-1334] INFO  impl.FollowerState (FollowerState.java:run(117)) - 9b3ef6c9-0245-4756-bf80-45d41f7a4453@group-F367C8FA5986-FollowerState was interrupted: java.lang.InterruptedException: sleep interrupted
2019-10-30 11:52:42,313 [grpc-default-executor-4] INFO  impl.RoleInfo (RoleInfo.java:updateAndGet(143)) - cd11b2f5-3187-4d03-bd60-931991550c17: start FollowerState
2019-10-30 11:52:42,315 [grpc-default-executor-9] INFO  impl.RoleInfo (RoleInfo.java:updateAndGet(143)) - 9b3ef6c9-0245-4756-bf80-45d41f7a4453: start FollowerState
2019-10-30 11:52:42,315 [f26e10ed-fb17-49e6-a903-eadc130d13d1@group-83984122B78E-LeaderElection150] INFO  impl.LeaderElection (LeaderElection.java:logAndReturn(56)) - f26e10ed-fb17-49e6-a903-eadc130d13d1@group-83984122B78E-LeaderElection150: Election TIMEOUT; received 0 response(s) [] and 0 exception(s); f26e10ed-fb17-49e6-a903-eadc130d13d1@group-83984122B78E:t81, leader=null, voted=f26e10ed-fb17-49e6-a903-eadc130d13d1, raftlog=f26e10ed-fb17-49e6-a903-eadc130d13d1@group-83984122B78E-SegmentedRaftLog:OPENED:c-1,f-1,i0, conf=-1: [4f16e274-8663-4a15-9c4c-c81f650ab979:192.168.157.220:38181, 4cc44201-a597-43af-a4ec-5b1b407a6250:192.168.157.220:36685, f26e10ed-fb17-49e6-a903-eadc130d13d1:192.168.157.220:32806], old=null
2019-10-30 11:52:42,325 [Thread-1335] INFO  impl.FollowerState (FollowerState.java:run(117)) - cd11b2f5-3187-4d03-bd60-931991550c17@group-F367C8FA5986-FollowerState was interrupted: java.lang.InterruptedException: sleep interrupted
2019-10-30 11:52:42,330 [grpc-default-executor-8] INFO  impl.RaftServerImpl (RaftServerImpl.java:setRole(184)) - 4f16e274-8663-4a15-9c4c-c81f650ab979@group-83984122B78E: changes role from  FOLLOWER to FOLLOWER at term 81 for recognizeCandidate:f26e10ed-fb17-49e6-a903-eadc130d13d1
2019-10-30 11:52:42,330 [grpc-default-executor-1] INFO  impl.RaftServerImpl (RaftServerImpl.java:setRole(184)) - 4cc44201-a597-43af-a4ec-5b1b407a6250@group-83984122B78E: changes role from  FOLLOWER to FOLLOWER at term 81 for recognizeCandidate:f26e10ed-fb17-49e6-a903-eadc130d13d1
2019-10-30 11:52:42,330 [grpc-default-executor-1] INFO  impl.RoleInfo (RoleInfo.java:shutdownFollowerState(121)) - 4cc44201-a597-43af-a4ec-5b1b407a6250: shutdown FollowerState
2019-10-30 11:52:42,330 [grpc-default-executor-8] INFO  impl.RoleInfo (RoleInfo.java:shutdownFollowerState(121)) - 4f16e274-8663-4a15-9c4c-c81f650ab979: shutdown FollowerState
2019-10-30 11:52:42,331 [Thread-1346] INFO  impl.FollowerState (FollowerState.java:run(117)) - 4cc44201-a597-43af-a4ec-5b1b407a6250@group-83984122B78E-FollowerState was interrupted: java.lang.InterruptedException: sleep interrupted
2019-10-30 11:52:42,331 [grpc-default-executor-1] INFO  impl.RoleInfo (RoleInfo.java:updateAndGet(143)) - 4cc44201-a597-43af-a4ec-5b1b407a6250: start FollowerState
2019-10-30 11:52:42,331 [Thread-1345] INFO  impl.FollowerState (FollowerState.java:run(117)) - 4f16e274-8663-4a15-9c4c-c81f650ab979@group-83984122B78E-FollowerState was interrupted: java.lang.InterruptedException: sleep interrupted
2019-10-30 11:52:42,331 [grpc-default-executor-8] INFO  impl.RoleInfo (RoleInfo.java:updateAndGet(143)) - 4f16e274-8663-4a15-9c4c-c81f650ab979: start FollowerState
2019-10-30 11:52:42,336 [f26e10ed-fb17-49e6-a903-eadc130d13d1@group-83984122B78E-LeaderElection150] INFO  impl.LeaderElection (LeaderElection.java:askForVotes(178)) - f26e10ed-fb17-49e6-a903-eadc130d13d1@group-83984122B78E-LeaderElection150: begin an election at term 82 for -1: [4f16e274-8663-4a15-9c4c-c81f650ab979:192.168.157.220:38181, 4cc44201-a597-43af-a4ec-5b1b407a6250:192.168.157.220:36685, f26e10ed-fb17-49e6-a903-eadc130d13d1:192.168.157.220:32806], old=null
2019-10-30 11:52:42,341 [9dbd5372-55c2-4532-b354-9494d3d545d2@group-F367C8FA5986-LeaderElection151] INFO  impl.LeaderElection (LeaderElection.java:logAndReturn(56)) - 9dbd5372-55c2-4532-b354-9494d3d545d2@group-F367C8FA5986-LeaderElection151: Election REJECTED; received 2 response(s) [9dbd5372-55c2-4532-b354-9494d3d545d2<-9b3ef6c9-0245-4756-bf80-45d41f7a4453#0:FAIL-t71, 9dbd5372-55c2-4532-b354-9494d3d545d2<-cd11b2f5-3187-4d03-bd60-931991550c17#0:FAIL-t71] and 0 exception(s); 9dbd5372-55c2-4532-b354-9494d3d545d2@group-F367C8FA5986:t71, leader=null, voted=9dbd5372-55c2-4532-b354-9494d3d545d2, raftlog=9dbd5372-55c2-4532-b354-9494d3d545d2@group-F367C8FA5986-SegmentedRaftLog:OPENED:c-1,f-1,i0, conf=-1: [9b3ef6c9-0245-4756-bf80-45d41f7a4453:192.168.157.220:37058, cd11b2f5-3187-4d03-bd60-931991550c17:192.168.157.220:43236, 9dbd5372-55c2-4532-b354-9494d3d545d2:192.168.157.220:42993], old=null
2019-10-30 11:52:42,341 [9dbd5372-55c2-4532-b354-9494d3d545d2@group-F367C8FA5986-LeaderElection151] INFO  impl.RaftServerImpl (RaftServerImpl.java:setRole(184)) - 9dbd5372-55c2-4532-b354-9494d3d545d2@group-F367C8FA5986: changes role from CANDIDATE to FOLLOWER at term 71 for DISCOVERED_A_NEW_TERM
2019-10-30 11:52:42,341 [grpc-default-executor-9] INFO  impl.RaftServerImpl (RaftServerImpl.java:setRole(184)) - 4cc44201-a597-43af-a4ec-5b1b407a6250@group-83984122B78E: changes role from  FOLLOWER to FOLLOWER at term 82 for recognizeCandidate:f26e10ed-fb17-49e6-a903-eadc130d13d1
2019-10-30 11:52:42,341 [9dbd5372-55c2-4532-b354-9494d3d545d2@group-F367C8FA5986-LeaderElection151] INFO  impl.RoleInfo (RoleInfo.java:shutdownLeaderElection(134)) - 9dbd5372-55c2-4532-b354-9494d3d545d2: shutdown LeaderElection
2019-10-30 11:52:42,342 [grpc-default-executor-9] INFO  impl.RoleInfo (RoleInfo.java:shutdownFollowerState(121)) - 4cc44201-a597-43af-a4ec-5b1b407a6250: shutdown FollowerState
2019-10-30 11:52:42,342 [9dbd5372-55c2-4532-b354-9494d3d545d2@group-F367C8FA5986-LeaderElection151] INFO  impl.RoleInfo (RoleInfo.java:updateAndGet(143)) - 9dbd5372-55c2-4532-b354-9494d3d545d2: start FollowerState
2019-10-30 11:52:42,342 [Thread-1353] INFO  impl.FollowerState (FollowerState.java:run(117)) - 4cc44201-a597-43af-a4ec-5b1b407a6250@group-83984122B78E-FollowerState was interrupted: java.lang.InterruptedException: sleep interrupted
2019-10-30 11:52:42,342 [grpc-default-executor-9] INFO  impl.RoleInfo (RoleInfo.java:updateAndGet(143)) - 4cc44201-a597-43af-a4ec-5b1b407a6250: start FollowerState
2019-10-30 11:52:42,343 [grpc-default-executor-4] INFO  impl.RaftServerImpl (RaftServerImpl.java:setRole(184)) - 4f16e274-8663-4a15-9c4c-c81f650ab979@group-83984122B78E: changes role from  FOLLOWER to FOLLOWER at term 82 for recognizeCandidate:f26e10ed-fb17-49e6-a903-eadc130d13d1
2019-10-30 11:52:42,343 [grpc-default-executor-4] INFO  impl.RoleInfo (RoleInfo.java:shutdownFollowerState(121)) - 4f16e274-8663-4a15-9c4c-c81f650ab979: shutdown FollowerState
2019-10-30 11:52:42,343 [grpc-default-executor-4] INFO  impl.RoleInfo (RoleInfo.java:updateAndGet(143)) - 4f16e274-8663-4a15-9c4c-c81f650ab979: start FollowerState
2019-10-30 11:52:42,343 [Thread-1354] INFO  impl.FollowerState (FollowerState.java:run(117)) - 4f16e274-8663-4a15-9c4c-c81f650ab979@group-83984122B78E-FollowerState was interrupted: java.lang.InterruptedException: sleep interrupted
2019-10-30 11:52:42,395 [f26e10ed-fb17-49e6-a903-eadc130d13d1@group-83984122B78E-LeaderElection150] INFO  impl.LeaderElection (LeaderElection.java:logAndReturn(56)) - f26e10ed-fb17-49e6-a903-eadc130d13d1@group-83984122B78E-LeaderElection150: Election REJECTED; received 2 response(s) [f26e10ed-fb17-49e6-a903-eadc130d13d1<-4f16e274-8663-4a15-9c4c-c81f650ab979#0:FAIL-t82, f26e10ed-fb17-49e6-a903-eadc130d13d1<-4cc44201-a597-43af-a4ec-5b1b407a6250#0:FAIL-t82] and 0 exception(s); f26e10ed-fb17-49e6-a903-eadc130d13d1@group-83984122B78E:t82, leader=null, voted=f26e10ed-fb17-49e6-a903-eadc130d13d1, raftlog=f26e10ed-fb17-49e6-a903-eadc130d13d1@group-83984122B78E-SegmentedRaftLog:OPENED:c-1,f-1,i0, conf=-1: [4f16e274-8663-4a15-9c4c-c81f650ab979:192.168.157.220:38181, 4cc44201-a597-43af-a4ec-5b1b407a6250:192.168.157.220:36685, f26e10ed-fb17-49e6-a903-eadc130d13d1:192.168.157.220:32806], old=null
2019-10-30 11:52:42,395 [f26e10ed-fb17-49e6-a903-eadc130d13d1@group-83984122B78E-LeaderElection150] INFO  impl.RaftServerImpl (RaftServerImpl.java:setRole(184)) - f26e10ed-fb17-49e6-a903-eadc130d13d1@group-83984122B78E: changes role from CANDIDATE to FOLLOWER at term 82 for DISCOVERED_A_NEW_TERM
2019-10-30 11:52:42,395 [f26e10ed-fb17-49e6-a903-eadc130d13d1@group-83984122B78E-LeaderElection150] INFO  impl.RoleInfo (RoleInfo.java:shutdownLeaderElection(134)) - f26e10ed-fb17-49e6-a903-eadc130d13d1: shutdown LeaderElection
2019-10-30 11:52:42,395 [f26e10ed-fb17-49e6-a903-eadc130d13d1@group-83984122B78E-LeaderElection150] INFO  impl.RoleInfo (RoleInfo.java:updateAndGet(143)) - f26e10ed-fb17-49e6-a903-eadc130d13d1: start FollowerState
2019-10-30 11:52:42,398 [Thread-1357] INFO  impl.FollowerState (FollowerState.java:run(108)) - 9dbd5372-55c2-4532-b354-9494d3d545d2@group-F367C8FA5986-FollowerState: change to CANDIDATE, lastRpcTime:56ms, electionTimeout:56ms
2019-10-30 11:52:42,398 [Thread-1357] INFO  impl.RoleInfo (RoleInfo.java:shutdownFollowerState(121)) - 9dbd5372-55c2-4532-b354-9494d3d545d2: shutdown FollowerState
2019-10-30 11:52:42,398 [Thread-1357] INFO  impl.RaftServerImpl (RaftServerImpl.java:setRole(184)) - 9dbd5372-55c2-4532-b354-9494d3d545d2@group-F367C8FA5986: changes role from  FOLLOWER to CANDIDATE at term 71 for changeToCandidate
2019-10-30 11:52:42,398 [Thread-1357] INFO  impl.RoleInfo (RoleInfo.java:updateAndGet(143)) - 9dbd5372-55c2-4532-b354-9494d3d545d2: start LeaderElection
2019-10-30 11:52:42,401 [Thread-1360] INFO  impl.FollowerState (FollowerState.java:run(108)) - f26e10ed-fb17-49e6-a903-eadc130d13d1@group-83984122B78E-FollowerState: change to CANDIDATE, lastRpcTime:6ms, electionTimeout:6ms
2019-10-30 11:52:42,401 [Thread-1360] INFO  impl.RoleInfo (RoleInfo.java:shutdownFollowerState(121)) - f26e10ed-fb17-49e6-a903-eadc130d13d1: shutdown FollowerState
2019-10-30 11:52:42,401 [Thread-1360] INFO  impl.RaftServerImpl (RaftServerImpl.java:setRole(184)) - f26e10ed-fb17-49e6-a903-eadc130d13d1@group-83984122B78E: changes role from  FOLLOWER to CANDIDATE at term 82 for changeToCandidate
2019-10-30 11:52:42,402 [Thread-1360] INFO  impl.RoleInfo (RoleInfo.java:updateAndGet(143)) - f26e10ed-fb17-49e6-a903-eadc130d13d1: start LeaderElection
2019-10-30 11:52:42,404 [9dbd5372-55c2-4532-b354-9494d3d545d2@group-F367C8FA5986-LeaderElection152] INFO  impl.LeaderElection (LeaderElection.java:askForVotes(178)) - 9dbd5372-55c2-4532-b354-9494d3d545d2@group-F367C8FA5986-LeaderElection152: begin an election at term 72 for -1: [9b3ef6c9-0245-4756-bf80-45d41f7a4453:192.168.157.220:37058, cd11b2f5-3187-4d03-bd60-931991550c17:192.168.157.220:43236, 9dbd5372-55c2-4532-b354-9494d3d545d2:192.168.157.220:42993], old=null
2019-10-30 11:52:42,406 [grpc-default-executor-4] INFO  impl.RaftServerImpl (RaftServerImpl.java:setRole(184)) - cd11b2f5-3187-4d03-bd60-931991550c17@group-F367C8FA5986: changes role from  FOLLOWER to FOLLOWER at term 72 for recognizeCandidate:9dbd5372-55c2-4532-b354-9494d3d545d2
2019-10-30 11:52:42,406 [grpc-default-executor-9] INFO  impl.RaftServerImpl (RaftServerImpl.java:setRole(184)) - 9b3ef6c9-0245-4756-bf80-45d41f7a4453@group-F367C8FA5986: changes role from  FOLLOWER to FOLLOWER at term 72 for recognizeCandidate:9dbd5372-55c2-4532-b354-9494d3d545d2
2019-10-30 11:52:42,406 [grpc-default-executor-9] INFO  impl.RoleInfo (RoleInfo.java:shutdownFollowerState(121)) - 9b3ef6c9-0245-4756-bf80-45d41f7a4453: shutdown FollowerState
2019-10-30 11:52:42,406 [grpc-default-executor-4] INFO  impl.RoleInfo (RoleInfo.java:shutdownFollowerState(121)) - cd11b2f5-3187-4d03-bd60-931991550c17: shutdown FollowerState
2019-10-30 11:52:42,406 [grpc-default-executor-9] INFO  impl.RoleInfo (RoleInfo.java:updateAndGet(143)) - 9b3ef6c9-0245-4756-bf80-45d41f7a4453: start FollowerState
2019-10-30 11:52:42,406 [grpc-default-executor-4] INFO  impl.RoleInfo (RoleInfo.java:updateAndGet(143)) - cd11b2f5-3187-4d03-bd60-931991550c17: start FollowerState
2019-10-30 11:52:42,406 [Thread-1351] INFO  impl.FollowerState (FollowerState.java:run(117)) - 9b3ef6c9-0245-4756-bf80-45d41f7a4453@group-F367C8FA5986-FollowerState was interrupted: java.lang.InterruptedException: sleep interrupted
2019-10-30 11:52:42,407 [Thread-1352] INFO  impl.FollowerState (FollowerState.java:run(117)) - cd11b2f5-3187-4d03-bd60-931991550c17@group-F367C8FA5986-FollowerState was interrupted: java.lang.InterruptedException: sleep interrupted
2019-10-30 11:52:42,407 [f26e10ed-fb17-49e6-a903-eadc130d13d1@group-83984122B78E-LeaderElection153] INFO  impl.LeaderElection (LeaderElection.java:askForVotes(178)) - f26e10ed-fb17-49e6-a903-eadc130d13d1@group-83984122B78E-LeaderElection153: begin an election at term 83 for -1: [4f16e274-8663-4a15-9c4c-c81f650ab979:192.168.157.220:38181, 4cc44201-a597-43af-a4ec-5b1b407a6250:192.168.157.220:36685, f26e10ed-fb17-49e6-a903-eadc130d13d1:192.168.157.220:32806], old=null
2019-10-30 11:52:42,408 [grpc-default-executor-1] INFO  impl.RaftServerImpl (RaftServerImpl.java:setRole(184)) - 4f16e274-8663-4a15-9c4c-c81f650ab979@group-83984122B78E: changes role from  FOLLOWER to FOLLOWER at term 83 for recognizeCandidate:f26e10ed-fb17-49e6-a903-eadc130d13d1
2019-10-30 11:52:42,409 [grpc-default-executor-8] INFO  impl.RaftServerImpl (RaftServerImpl.java:setRole(184)) - 4cc44201-a597-43af-a4ec-5b1b407a6250@group-83984122B78E: changes role from  FOLLOWER to FOLLOWER at term 83 for recognizeCandidate:f26e10ed-fb17-49e6-a903-eadc130d13d1
2019-10-30 11:52:42,409 [grpc-default-executor-8] INFO  impl.RoleInfo (RoleInfo.java:shutdownFollowerState(121)) - 4cc44201-a597-43af-a4ec-5b1b407a6250: shutdown FollowerState
2019-10-30 11:52:42,409 [grpc-default-executor-1] INFO  impl.RoleInfo (RoleInfo.java:shutdownFollowerState(121)) - 4f16e274-8663-4a15-9c4c-c81f650ab979: shutdown FollowerState
2019-10-30 11:52:42,409 [grpc-default-executor-8] INFO  impl.RoleInfo (RoleInfo.java:updateAndGet(143)) - 4cc44201-a597-43af-a4ec-5b1b407a6250: start FollowerState
2019-10-30 11:52:42,409 [grpc-default-executor-1] INFO  impl.RoleInfo (RoleInfo.java:updateAndGet(143)) - 4f16e274-8663-4a15-9c4c-c81f650ab979: start FollowerState
2019-10-30 11:52:42,409 [Thread-1358] INFO  impl.FollowerState (FollowerState.java:run(117)) - 4cc44201-a597-43af-a4ec-5b1b407a6250@group-83984122B78E-FollowerState was interrupted: java.lang.InterruptedException: sleep interrupted
2019-10-30 11:52:42,410 [Thread-1359] INFO  impl.FollowerState (FollowerState.java:run(117)) - 4f16e274-8663-4a15-9c4c-c81f650ab979@group-83984122B78E-FollowerState was interrupted: java.lang.InterruptedException: sleep interrupted
2019-10-30 11:52:42,410 [9dbd5372-55c2-4532-b354-9494d3d545d2@group-F367C8FA5986-LeaderElection152] INFO  impl.LeaderElection (LeaderElection.java:logAndReturn(56)) - 9dbd5372-55c2-4532-b354-9494d3d545d2@group-F367C8FA5986-LeaderElection152: Election REJECTED; received 2 response(s) [9dbd5372-55c2-4532-b354-9494d3d545d2<-9b3ef6c9-0245-4756-bf80-45d41f7a4453#0:FAIL-t72, 9dbd5372-55c2-4532-b354-9494d3d545d2<-cd11b2f5-3187-4d03-bd60-931991550c17#0:FAIL-t72] and 0 exception(s); 9dbd5372-55c2-4532-b354-9494d3d545d2@group-F367C8FA5986:t72, leader=null, voted=9dbd5372-55c2-4532-b354-9494d3d545d2, raftlog=9dbd5372-55c2-4532-b354-9494d3d545d2@group-F367C8FA5986-SegmentedRaftLog:OPENED:c-1,f-1,i0, conf=-1: [9b3ef6c9-0245-4756-bf80-45d41f7a4453:192.168.157.220:37058, cd11b2f5-3187-4d03-bd60-931991550c17:192.168.157.220:43236, 9dbd5372-55c2-4532-b354-9494d3d545d2:192.168.157.220:42993], old=null
2019-10-30 11:52:42,410 [9dbd5372-55c2-4532-b354-9494d3d545d2@group-F367C8FA5986-LeaderElection152] INFO  impl.RaftServerImpl (RaftServerImpl.java:setRole(184)) - 9dbd5372-55c2-4532-b354-9494d3d545d2@group-F367C8FA5986: changes role from CANDIDATE to FOLLOWER at term 72 for DISCOVERED_A_NEW_TERM
2019-10-30 11:52:42,411 [9dbd5372-55c2-4532-b354-9494d3d545d2@group-F367C8FA5986-LeaderElection152] INFO  impl.RoleInfo (RoleInfo.java:shutdownLeaderElection(134)) - 9dbd5372-55c2-4532-b354-9494d3d545d2: shutdown LeaderElection
2019-10-30 11:52:42,411 [9dbd5372-55c2-4532-b354-9494d3d545d2@group-F367C8FA5986-LeaderElection152] INFO  impl.RoleInfo (RoleInfo.java:updateAndGet(143)) - 9dbd5372-55c2-4532-b354-9494d3d545d2: start FollowerState
2019-10-30 11:52:42,419 [f26e10ed-fb17-49e6-a903-eadc130d13d1@group-83984122B78E-LeaderElection153] INFO  impl.LeaderElection (LeaderElection.java:logAndReturn(56)) - f26e10ed-fb17-49e6-a903-eadc130d13d1@group-83984122B78E-LeaderElection153: Election REJECTED; received 2 response(s) [f26e10ed-fb17-49e6-a903-eadc130d13d1<-4f16e274-8663-4a15-9c4c-c81f650ab979#0:FAIL-t83, f26e10ed-fb17-49e6-a903-eadc130d13d1<-4cc44201-a597-43af-a4ec-5b1b407a6250#0:FAIL-t83] and 0 exception(s); f26e10ed-fb17-49e6-a903-eadc130d13d1@group-83984122B78E:t83, leader=null, voted=f26e10ed-fb17-49e6-a903-eadc130d13d1, raftlog=f26e10ed-fb17-49e6-a903-eadc130d13d1@group-83984122B78E-SegmentedRaftLog:OPENED:c-1,f-1,i0, conf=-1: [4f16e274-8663-4a15-9c4c-c81f650ab979:192.168.157.220:38181, 4cc44201-a597-43af-a4ec-5b1b407a6250:192.168.157.220:36685, f26e10ed-fb17-49e6-a903-eadc130d13d1:192.168.157.220:32806], old=null
2019-10-30 11:52:42,419 [f26e10ed-fb17-49e6-a903-eadc130d13d1@group-83984122B78E-LeaderElection153] INFO  impl.RaftServerImpl (RaftServerImpl.java:setRole(184)) - f26e10ed-fb17-49e6-a903-eadc130d13d1@group-83984122B78E: changes role from CANDIDATE to FOLLOWER at term 83 for DISCOVERED_A_NEW_TERM
2019-10-30 11:52:42,419 [f26e10ed-fb17-49e6-a903-eadc130d13d1@group-83984122B78E-LeaderElection153] INFO  impl.RoleInfo (RoleInfo.java:shutdownLeaderElection(134)) - f26e10ed-fb17-49e6-a903-eadc130d13d1: shutdown LeaderElection
2019-10-30 11:52:42,419 [f26e10ed-fb17-49e6-a903-eadc130d13d1@group-83984122B78E-LeaderElection153] INFO  impl.RoleInfo (RoleInfo.java:updateAndGet(143)) - f26e10ed-fb17-49e6-a903-eadc130d13d1: start FollowerState
2019-10-30 11:52:42,488 [Thread-1372] INFO  impl.FollowerState (FollowerState.java:run(108)) - f26e10ed-fb17-49e6-a903-eadc130d13d1@group-83984122B78E-FollowerState: change to CANDIDATE, lastRpcTime:68ms, electionTimeout:68ms
2019-10-30 11:52:42,488 [Thread-1372] INFO  impl.RoleInfo (RoleInfo.java:shutdownFollowerState(121)) - f26e10ed-fb17-49e6-a903-eadc130d13d1: shutdown FollowerState
2019-10-30 11:52:42,488 [Thread-1372] INFO  impl.RaftServerImpl (RaftServerImpl.java:setRole(184)) - f26e10ed-fb17-49e6-a903-eadc130d13d1@group-83984122B78E: changes role from  FOLLOWER to CANDIDATE at term 83 for changeToCandidate
2019-10-30 11:52:42,488 [Thread-1372] INFO  impl.RoleInfo (RoleInfo.java:updateAndGet(143)) - f26e10ed-fb17-49e6-a903-eadc130d13d1: start LeaderElection
2019-10-30 11:52:42,513 [f26e10ed-fb17-49e6-a903-eadc130d13d1@group-83984122B78E-LeaderElection154] INFO  impl.LeaderElection (LeaderElection.java:askForVotes(178)) - f26e10ed-fb17-49e6-a903-eadc130d13d1@group-83984122B78E-LeaderElection154: begin an election at term 84 for -1: [4f16e274-8663-4a15-9c4c-c81f650ab979:192.168.157.220:38181, 4cc44201-a597-43af-a4ec-5b1b407a6250:192.168.157.220:36685, f26e10ed-fb17-49e6-a903-eadc130d13d1:192.168.157.220:32806], old=null
2019-10-30 11:52:42,515 [grpc-default-executor-1] INFO  impl.RaftServerImpl (RaftServerImpl.java:setRole(184)) - 4cc44201-a597-43af-a4ec-5b1b407a6250@group-83984122B78E: changes role from  FOLLOWER to FOLLOWER at term 84 for recognizeCandidate:f26e10ed-fb17-49e6-a903-eadc130d13d1
2019-10-30 11:52:42,515 [grpc-default-executor-1] INFO  impl.RoleInfo (RoleInfo.java:shutdownFollowerState(121)) - 4cc44201-a597-43af-a4ec-5b1b407a6250: shutdown FollowerState
2019-10-30 11:52:42,515 [grpc-default-executor-1] INFO  impl.RoleInfo (RoleInfo.java:updateAndGet(143)) - 4cc44201-a597-43af-a4ec-5b1b407a6250: start FollowerState
2019-10-30 11:52:42,515 [Thread-1369] INFO  impl.FollowerState (FollowerState.java:run(117)) - 4cc44201-a597-43af-a4ec-5b1b407a6250@group-83984122B78E-FollowerState was interrupted: java.lang.InterruptedException: sleep interrupted
2019-10-30 11:52:42,517 [grpc-default-executor-8] INFO  impl.RaftServerImpl (RaftServerImpl.java:setRole(184)) - 4f16e274-8663-4a15-9c4c-c81f650ab979@group-83984122B78E: changes role from  FOLLOWER to FOLLOWER at term 84 for recognizeCandidate:f26e10ed-fb17-49e6-a903-eadc130d13d1
2019-10-30 11:52:42,517 [grpc-default-executor-8] INFO  impl.RoleInfo (RoleInfo.java:shutdownFollowerState(121)) - 4f16e274-8663-4a15-9c4c-c81f650ab979: shutdown FollowerState
2019-10-30 11:52:42,517 [grpc-default-executor-8] INFO  impl.RoleInfo (RoleInfo.java:updateAndGet(143)) - 4f16e274-8663-4a15-9c4c-c81f650ab979: start FollowerState
2019-10-30 11:52:42,517 [Thread-1370] INFO  impl.FollowerState (FollowerState.java:run(117)) - 4f16e274-8663-4a15-9c4c-c81f650ab979@group-83984122B78E-FollowerState was interrupted: java.lang.InterruptedException: sleep interrupted
2019-10-30 11:52:42,527 [f26e10ed-fb17-49e6-a903-eadc130d13d1@group-83984122B78E-LeaderElection154] INFO  impl.LeaderElection (LeaderElection.java:logAndReturn(56)) - f26e10ed-fb17-49e6-a903-eadc130d13d1@group-83984122B78E-LeaderElection154: Election REJECTED; received 2 response(s) [f26e10ed-fb17-49e6-a903-eadc130d13d1<-4f16e274-8663-4a15-9c4c-c81f650ab979#0:FAIL-t84, f26e10ed-fb17-49e6-a903-eadc130d13d1<-4cc44201-a597-43af-a4ec-5b1b407a6250#0:FAIL-t84] and 0 exception(s); f26e10ed-fb17-49e6-a903-eadc130d13d1@group-83984122B78E:t84, leader=null, voted=f26e10ed-fb17-49e6-a903-eadc130d13d1, raftlog=f26e10ed-fb17-49e6-a903-eadc130d13d1@group-83984122B78E-SegmentedRaftLog:OPENED:c-1,f-1,i0, conf=-1: [4f16e274-8663-4a15-9c4c-c81f650ab979:192.168.157.220:38181, 4cc44201-a597-43af-a4ec-5b1b407a6250:192.168.157.220:36685, f26e10ed-fb17-49e6-a903-eadc130d13d1:192.168.157.220:32806], old=null
2019-10-30 11:52:42,527 [f26e10ed-fb17-49e6-a903-eadc130d13d1@group-83984122B78E-LeaderElection154] INFO  impl.RaftServerImpl (RaftServerImpl.java:setRole(184)) - f26e10ed-fb17-49e6-a903-eadc130d13d1@group-83984122B78E: changes role from CANDIDATE to FOLLOWER at term 84 for DISCOVERED_A_NEW_TERM
2019-10-30 11:52:42,527 [f26e10ed-fb17-49e6-a903-eadc130d13d1@group-83984122B78E-LeaderElection154] INFO  impl.RoleInfo (RoleInfo.java:shutdownLeaderElection(134)) - f26e10ed-fb17-49e6-a903-eadc130d13d1: shutdown LeaderElection
2019-10-30 11:52:42,527 [f26e10ed-fb17-49e6-a903-eadc130d13d1@group-83984122B78E-LeaderElection154] INFO  impl.RoleInfo (RoleInfo.java:updateAndGet(143)) - f26e10ed-fb17-49e6-a903-eadc130d13d1: start FollowerState
2019-10-30 11:52:42,558 [Thread-1380] INFO  impl.FollowerState (FollowerState.java:run(108)) - f26e10ed-fb17-49e6-a903-eadc130d13d1@group-83984122B78E-FollowerState: change to CANDIDATE, lastRpcTime:30ms, electionTimeout:30ms
2019-10-30 11:52:42,558 [Thread-1380] INFO  impl.RoleInfo (RoleInfo.java:shutdownFollowerState(121)) - f26e10ed-fb17-49e6-a903-eadc130d13d1: shutdown FollowerState
2019-10-30 11:52:42,558 [Thread-1380] INFO  impl.RaftServerImpl (RaftServerImpl.java:setRole(184)) - f26e10ed-fb17-49e6-a903-eadc130d13d1@group-83984122B78E: changes role from  FOLLOWER to CANDIDATE at term 84 for changeToCandidate
2019-10-30 11:52:42,558 [Thread-1380] INFO  impl.RoleInfo (RoleInfo.java:updateAndGet(143)) - f26e10ed-fb17-49e6-a903-eadc130d13d1: start LeaderElection
2019-10-30 11:52:42,565 [f26e10ed-fb17-49e6-a903-eadc130d13d1@group-83984122B78E-LeaderElection155] INFO  impl.LeaderElection (LeaderElection.java:askForVotes(178)) - f26e10ed-fb17-49e6-a903-eadc130d13d1@group-83984122B78E-LeaderElection155: begin an election at term 85 for -1: [4f16e274-8663-4a15-9c4c-c81f650ab979:192.168.157.220:38181, 4cc44201-a597-43af-a4ec-5b1b407a6250:192.168.157.220:36685, f26e10ed-fb17-49e6-a903-eadc130d13d1:192.168.157.220:32806], old=null
2019-10-30 11:52:42,567 [grpc-default-executor-1] INFO  impl.RaftServerImpl (RaftServerImpl.java:setRole(184)) - 4cc44201-a597-43af-a4ec-5b1b407a6250@group-83984122B78E: changes role from  FOLLOWER to FOLLOWER at term 85 for recognizeCandidate:f26e10ed-fb17-49e6-a903-eadc130d13d1
2019-10-30 11:52:42,567 [grpc-default-executor-1] INFO  impl.RoleInfo (RoleInfo.java:shutdownFollowerState(121)) - 4cc44201-a597-43af-a4ec-5b1b407a6250: shutdown FollowerState
2019-10-30 11:52:42,567 [grpc-default-executor-8] INFO  impl.RaftServerImpl (RaftServerImpl.java:setRole(184)) - 4f16e274-8663-4a15-9c4c-c81f650ab979@group-83984122B78E: changes role from  FOLLOWER to FOLLOWER at term 85 for recognizeCandidate:f26e10ed-fb17-49e6-a903-eadc130d13d1
2019-10-30 11:52:42,567 [Thread-1378] INFO  impl.FollowerState (FollowerState.java:run(117)) - 4cc44201-a597-43af-a4ec-5b1b407a6250@group-83984122B78E-FollowerState was interrupted: java.lang.InterruptedException: sleep interrupted
2019-10-30 11:52:42,567 [grpc-default-executor-1] INFO  impl.RoleInfo (RoleInfo.java:updateAndGet(143)) - 4cc44201-a597-43af-a4ec-5b1b407a6250: start FollowerState
2019-10-30 11:52:42,567 [grpc-default-executor-8] INFO  impl.RoleInfo (RoleInfo.java:shutdownFollowerState(121)) - 4f16e274-8663-4a15-9c4c-c81f650ab979: shutdown FollowerState
2019-10-30 11:52:42,567 [grpc-default-executor-8] INFO  impl.RoleInfo (RoleInfo.java:updateAndGet(143)) - 4f16e274-8663-4a15-9c4c-c81f650ab979: start FollowerState
2019-10-30 11:52:42,567 [Thread-1379] INFO  impl.FollowerState (FollowerState.java:run(117)) - 4f16e274-8663-4a15-9c4c-c81f650ab979@group-83984122B78E-FollowerState was interrupted: java.lang.InterruptedException: sleep interrupted
2019-10-30 11:52:42,573 [f26e10ed-fb17-49e6-a903-eadc130d13d1@group-83984122B78E-LeaderElection155] INFO  impl.LeaderElection (LeaderElection.java:logAndReturn(56)) - f26e10ed-fb17-49e6-a903-eadc130d13d1@group-83984122B78E-LeaderElection155: Election REJECTED; received 2 response(s) [f26e10ed-fb17-49e6-a903-eadc130d13d1<-4f16e274-8663-4a15-9c4c-c81f650ab979#0:FAIL-t85, f26e10ed-fb17-49e6-a903-eadc130d13d1<-4cc44201-a597-43af-a4ec-5b1b407a6250#0:FAIL-t85] and 0 exception(s); f26e10ed-fb17-49e6-a903-eadc130d13d1@group-83984122B78E:t85, leader=null, voted=f26e10ed-fb17-49e6-a903-eadc130d13d1, raftlog=f26e10ed-fb17-49e6-a903-eadc130d13d1@group-83984122B78E-SegmentedRaftLog:OPENED:c-1,f-1,i0, conf=-1: [4f16e274-8663-4a15-9c4c-c81f650ab979:192.168.157.220:38181, 4cc44201-a597-43af-a4ec-5b1b407a6250:192.168.157.220:36685, f26e10ed-fb17-49e6-a903-eadc130d13d1:192.168.157.220:32806], old=null
2019-10-30 11:52:42,573 [f26e10ed-fb17-49e6-a903-eadc130d13d1@group-83984122B78E-LeaderElection155] INFO  impl.RaftServerImpl (RaftServerImpl.java:setRole(184)) - f26e10ed-fb17-49e6-a903-eadc130d13d1@group-83984122B78E: changes role from CANDIDATE to FOLLOWER at term 85 for DISCOVERED_A_NEW_TERM
2019-10-30 11:52:42,574 [f26e10ed-fb17-49e6-a903-eadc130d13d1@group-83984122B78E-LeaderElection155] INFO  impl.RoleInfo (RoleInfo.java:shutdownLeaderElection(134)) - f26e10ed-fb17-49e6-a903-eadc130d13d1: shutdown LeaderElection
2019-10-30 11:52:42,574 [f26e10ed-fb17-49e6-a903-eadc130d13d1@group-83984122B78E-LeaderElection155] INFO  impl.RoleInfo (RoleInfo.java:updateAndGet(143)) - f26e10ed-fb17-49e6-a903-eadc130d13d1: start FollowerState
2019-10-30 11:52:42,602 [Thread-1371] INFO  impl.FollowerState (FollowerState.java:run(108)) - 9dbd5372-55c2-4532-b354-9494d3d545d2@group-F367C8FA5986-FollowerState: change to CANDIDATE, lastRpcTime:191ms, electionTimeout:191ms
2019-10-30 11:52:42,602 [Thread-1371] INFO  impl.RoleInfo (RoleInfo.java:shutdownFollowerState(121)) - 9dbd5372-55c2-4532-b354-9494d3d545d2: shutdown FollowerState
2019-10-30 11:52:42,602 [Thread-1371] INFO  impl.RaftServerImpl (RaftServerImpl.java:setRole(184)) - 9dbd5372-55c2-4532-b354-9494d3d545d2@group-F367C8FA5986: changes role from  FOLLOWER to CANDIDATE at term 72 for changeToCandidate
2019-10-30 11:52:42,603 [Thread-1371] INFO  impl.RoleInfo (RoleInfo.java:updateAndGet(143)) - 9dbd5372-55c2-4532-b354-9494d3d545d2: start LeaderElection
2019-10-30 11:52:42,613 [9dbd5372-55c2-4532-b354-9494d3d545d2@group-F367C8FA5986-LeaderElection156] INFO  impl.LeaderElection (LeaderElection.java:askForVotes(178)) - 9dbd5372-55c2-4532-b354-9494d3d545d2@group-F367C8FA5986-LeaderElection156: begin an election at term 73 for -1: [9b3ef6c9-0245-4756-bf80-45d41f7a4453:192.168.157.220:37058, cd11b2f5-3187-4d03-bd60-931991550c17:192.168.157.220:43236, 9dbd5372-55c2-4532-b354-9494d3d545d2:192.168.157.220:42993], old=null
2019-10-30 11:52:42,616 [grpc-default-executor-1] INFO  impl.RaftServerImpl (RaftServerImpl.java:setRole(184)) - cd11b2f5-3187-4d03-bd60-931991550c17@group-F367C8FA5986: changes role from  FOLLOWER to FOLLOWER at term 73 for recognizeCandidate:9dbd5372-55c2-4532-b354-9494d3d545d2
2019-10-30 11:52:42,616 [grpc-default-executor-8] INFO  impl.RaftServerImpl (RaftServerImpl.java:setRole(184)) - 9b3ef6c9-0245-4756-bf80-45d41f7a4453@group-F367C8FA5986: changes role from  FOLLOWER to FOLLOWER at term 73 for recognizeCandidate:9dbd5372-55c2-4532-b354-9494d3d545d2
2019-10-30 11:52:42,616 [grpc-default-executor-1] INFO  impl.RoleInfo (RoleInfo.java:shutdownFollowerState(121)) - cd11b2f5-3187-4d03-bd60-931991550c17: shutdown FollowerState
2019-10-30 11:52:42,616 [grpc-default-executor-8] INFO  impl.RoleInfo (RoleInfo.java:shutdownFollowerState(121)) - 9b3ef6c9-0245-4756-bf80-45d41f7a4453: shutdown FollowerState
2019-10-30 11:52:42,617 [Thread-1366] INFO  impl.FollowerState (FollowerState.java:run(117)) - cd11b2f5-3187-4d03-bd60-931991550c17@group-F367C8FA5986-FollowerState was interrupted: java.lang.InterruptedException: sleep interrupted
2019-10-30 11:52:42,616 [grpc-default-executor-1] INFO  impl.RoleInfo (RoleInfo.java:updateAndGet(143)) - cd11b2f5-3187-4d03-bd60-931991550c17: start FollowerState
2019-10-30 11:52:42,617 [grpc-default-executor-8] INFO  impl.RoleInfo (RoleInfo.java:updateAndGet(143)) - 9b3ef6c9-0245-4756-bf80-45d41f7a4453: start FollowerState
2019-10-30 11:52:42,617 [Thread-1365] INFO  impl.FollowerState (FollowerState.java:run(117)) - 9b3ef6c9-0245-4756-bf80-45d41f7a4453@group-F367C8FA5986-FollowerState was interrupted: java.lang.InterruptedException: sleep interrupted
2019-10-30 11:52:42,621 [Thread-1386] INFO  impl.FollowerState (FollowerState.java:run(108)) - f26e10ed-fb17-49e6-a903-eadc130d13d1@group-83984122B78E-FollowerState: change to CANDIDATE, lastRpcTime:47ms, electionTimeout:47ms
2019-10-30 11:52:42,621 [Thread-1386] INFO  impl.RoleInfo (RoleInfo.java:shutdownFollowerState(121)) - f26e10ed-fb17-49e6-a903-eadc130d13d1: shutdown FollowerState
2019-10-30 11:52:42,621 [Thread-1386] INFO  impl.RaftServerImpl (RaftServerImpl.java:setRole(184)) - f26e10ed-fb17-49e6-a903-eadc130d13d1@group-83984122B78E: changes role from  FOLLOWER to CANDIDATE at term 85 for changeToCandidate
2019-10-30 11:52:42,621 [Thread-1386] INFO  impl.RoleInfo (RoleInfo.java:updateAndGet(143)) - f26e10ed-fb17-49e6-a903-eadc130d13d1: start LeaderElection
2019-10-30 11:52:42,628 [f26e10ed-fb17-49e6-a903-eadc130d13d1@group-83984122B78E-LeaderElection157] INFO  impl.LeaderElection (LeaderElection.java:askForVotes(178)) - f26e10ed-fb17-49e6-a903-eadc130d13d1@group-83984122B78E-LeaderElection157: begin an election at term 86 for -1: [4f16e274-8663-4a15-9c4c-c81f650ab979:192.168.157.220:38181, 4cc44201-a597-43af-a4ec-5b1b407a6250:192.168.157.220:36685, f26e10ed-fb17-49e6-a903-eadc130d13d1:192.168.157.220:32806], old=null
2019-10-30 11:52:42,629 [9dbd5372-55c2-4532-b354-9494d3d545d2@group-F367C8FA5986-LeaderElection156] INFO  impl.LeaderElection (LeaderElection.java:logAndReturn(56)) - 9dbd5372-55c2-4532-b354-9494d3d545d2@group-F367C8FA5986-LeaderElection156: Election REJECTED; received 2 response(s) [9dbd5372-55c2-4532-b354-9494d3d545d2<-9b3ef6c9-0245-4756-bf80-45d41f7a4453#0:FAIL-t73, 9dbd5372-55c2-4532-b354-9494d3d545d2<-cd11b2f5-3187-4d03-bd60-931991550c17#0:FAIL-t73] and 0 exception(s); 9dbd5372-55c2-4532-b354-9494d3d545d2@group-F367C8FA5986:t73, leader=null, voted=9dbd5372-55c2-4532-b354-9494d3d545d2, raftlog=9dbd5372-55c2-4532-b354-9494d3d545d2@group-F367C8FA5986-SegmentedRaftLog:OPENED:c-1,f-1,i0, conf=-1: [9b3ef6c9-0245-4756-bf80-45d41f7a4453:192.168.157.220:37058, cd11b2f5-3187-4d03-bd60-931991550c17:192.168.157.220:43236, 9dbd5372-55c2-4532-b354-9494d3d545d2:192.168.157.220:42993], old=null
2019-10-30 11:52:42,629 [9dbd5372-55c2-4532-b354-9494d3d545d2@group-F367C8FA5986-LeaderElection156] INFO  impl.RaftServerImpl (RaftServerImpl.java:setRole(184)) - 9dbd5372-55c2-4532-b354-9494d3d545d2@group-F367C8FA5986: changes role from CANDIDATE to FOLLOWER at term 73 for DISCOVERED_A_NEW_TERM
2019-10-30 11:52:42,629 [9dbd5372-55c2-4532-b354-9494d3d545d2@group-F367C8FA5986-LeaderElection156] INFO  impl.RoleInfo (RoleInfo.java:shutdownLeaderElection(134)) - 9dbd5372-55c2-4532-b354-9494d3d545d2: shutdown LeaderElection
2019-10-30 11:52:42,629 [9dbd5372-55c2-4532-b354-9494d3d545d2@group-F367C8FA5986-LeaderElection156] INFO  impl.RoleInfo (RoleInfo.java:updateAndGet(143)) - 9dbd5372-55c2-4532-b354-9494d3d545d2: start FollowerState
2019-10-30 11:52:42,630 [grpc-default-executor-1] INFO  impl.RaftServerImpl (RaftServerImpl.java:setRole(184)) - 4f16e274-8663-4a15-9c4c-c81f650ab979@group-83984122B78E: changes role from  FOLLOWER to FOLLOWER at term 86 for recognizeCandidate:f26e10ed-fb17-49e6-a903-eadc130d13d1
2019-10-30 11:52:42,630 [grpc-default-executor-8] INFO  impl.RaftServerImpl (RaftServerImpl.java:setRole(184)) - 4cc44201-a597-43af-a4ec-5b1b407a6250@group-83984122B78E: changes role from  FOLLOWER to FOLLOWER at term 86 for recognizeCandidate:f26e10ed-fb17-49e6-a903-eadc130d13d1
2019-10-30 11:52:42,630 [grpc-default-executor-1] INFO  impl.RoleInfo (RoleInfo.java:shutdownFollowerState(121)) - 4f16e274-8663-4a15-9c4c-c81f650ab979: shutdown FollowerState
2019-10-30 11:52:42,630 [grpc-default-executor-8] INFO  impl.RoleInfo (RoleInfo.java:shutdownFollowerState(121)) - 4cc44201-a597-43af-a4ec-5b1b407a6250: shutdown FollowerState
2019-10-30 11:52:42,630 [grpc-default-executor-1] INFO  impl.RoleInfo (RoleInfo.java:updateAndGet(143)) - 4f16e274-8663-4a15-9c4c-c81f650ab979: start FollowerState
2019-10-30 11:52:42,631 [Thread-1384] INFO  impl.FollowerState (FollowerState.java:run(117)) - 4cc44201-a597-43af-a4ec-5b1b407a6250@group-83984122B78E-FollowerState was interrupted: java.lang.InterruptedException: sleep interrupted
2019-10-30 11:52:42,631 [grpc-default-executor-8] INFO  impl.RoleInfo (RoleInfo.java:updateAndGet(143)) - 4cc44201-a597-43af-a4ec-5b1b407a6250: start FollowerState
2019-10-30 11:52:42,631 [Thread-1385] INFO  impl.FollowerState (FollowerState.java:run(117)) - 4f16e274-8663-4a15-9c4c-c81f650ab979@group-83984122B78E-FollowerState was interrupted: java.lang.InterruptedException: sleep interrupted
2019-10-30 11:52:42,638 [f26e10ed-fb17-49e6-a903-eadc130d13d1@group-83984122B78E-LeaderElection157] INFO  impl.LeaderElection (LeaderElection.java:logAndReturn(56)) - f26e10ed-fb17-49e6-a903-eadc130d13d1@group-83984122B78E-LeaderElection157: Election REJECTED; received 2 response(s) [f26e10ed-fb17-49e6-a903-eadc130d13d1<-4f16e274-8663-4a15-9c4c-c81f650ab979#0:FAIL-t86, f26e10ed-fb17-49e6-a903-eadc130d13d1<-4cc44201-a597-43af-a4ec-5b1b407a6250#0:FAIL-t86] and 0 exception(s); f26e10ed-fb17-49e6-a903-eadc130d13d1@group-83984122B78E:t86, leader=null, voted=f26e10ed-fb17-49e6-a903-eadc130d13d1, raftlog=f26e10ed-fb17-49e6-a903-eadc130d13d1@group-83984122B78E-SegmentedRaftLog:OPENED:c-1,f-1,i0, conf=-1: [4f16e274-8663-4a15-9c4c-c81f650ab979:192.168.157.220:38181, 4cc44201-a597-43af-a4ec-5b1b407a6250:192.168.157.220:36685, f26e10ed-fb17-49e6-a903-eadc130d13d1:192.168.157.220:32806], old=null
2019-10-30 11:52:42,638 [f26e10ed-fb17-49e6-a903-eadc130d13d1@group-83984122B78E-LeaderElection157] INFO  impl.RaftServerImpl (RaftServerImpl.java:setRole(184)) - f26e10ed-fb17-49e6-a903-eadc130d13d1@group-83984122B78E: changes role from CANDIDATE to FOLLOWER at term 86 for DISCOVERED_A_NEW_TERM
2019-10-30 11:52:42,638 [f26e10ed-fb17-49e6-a903-eadc130d13d1@group-83984122B78E-LeaderElection157] INFO  impl.RoleInfo (RoleInfo.java:shutdownLeaderElection(134)) - f26e10ed-fb17-49e6-a903-eadc130d13d1: shutdown LeaderElection
2019-10-30 11:52:42,638 [f26e10ed-fb17-49e6-a903-eadc130d13d1@group-83984122B78E-LeaderElection157] INFO  impl.RoleInfo (RoleInfo.java:updateAndGet(143)) - f26e10ed-fb17-49e6-a903-eadc130d13d1: start FollowerState
2019-10-30 11:52:42,786 [Thread-1395] INFO  impl.FollowerState (FollowerState.java:run(108)) - 9dbd5372-55c2-4532-b354-9494d3d545d2@group-F367C8FA5986-FollowerState: change to CANDIDATE, lastRpcTime:156ms, electionTimeout:156ms
2019-10-30 11:52:42,786 [Thread-1395] INFO  impl.RoleInfo (RoleInfo.java:shutdownFollowerState(121)) - 9dbd5372-55c2-4532-b354-9494d3d545d2: shutdown FollowerState
2019-10-30 11:52:42,786 [Thread-1395] INFO  impl.RaftServerImpl (RaftServerImpl.java:setRole(184)) - 9dbd5372-55c2-4532-b354-9494d3d545d2@group-F367C8FA5986: changes role from  FOLLOWER to CANDIDATE at term 73 for changeToCandidate
2019-10-30 11:52:42,786 [Thread-1395] INFO  impl.RoleInfo (RoleInfo.java:updateAndGet(143)) - 9dbd5372-55c2-4532-b354-9494d3d545d2: start LeaderElection
2019-10-30 11:52:42,790 [9dbd5372-55c2-4532-b354-9494d3d545d2@group-F367C8FA5986-LeaderElection158] INFO  impl.LeaderElection (LeaderElection.java:askForVotes(178)) - 9dbd5372-55c2-4532-b354-9494d3d545d2@group-F367C8FA5986-LeaderElection158: begin an election at term 74 for -1: [9b3ef6c9-0245-4756-bf80-45d41f7a4453:192.168.157.220:37058, cd11b2f5-3187-4d03-bd60-931991550c17:192.168.157.220:43236, 9dbd5372-55c2-4532-b354-9494d3d545d2:192.168.157.220:42993], old=null
2019-10-30 11:52:42,791 [grpc-default-executor-8] INFO  impl.RaftServerImpl (RaftServerImpl.java:setRole(184)) - 9b3ef6c9-0245-4756-bf80-45d41f7a4453@group-F367C8FA5986: changes role from  FOLLOWER to FOLLOWER at term 74 for recognizeCandidate:9dbd5372-55c2-4532-b354-9494d3d545d2
2019-10-30 11:52:42,791 [grpc-default-executor-1] INFO  impl.RaftServerImpl (RaftServerImpl.java:setRole(184)) - cd11b2f5-3187-4d03-bd60-931991550c17@group-F367C8FA5986: changes role from  FOLLOWER to FOLLOWER at term 74 for recognizeCandidate:9dbd5372-55c2-4532-b354-9494d3d545d2
2019-10-30 11:52:42,791 [grpc-default-executor-8] INFO  impl.RoleInfo (RoleInfo.java:shutdownFollowerState(121)) - 9b3ef6c9-0245-4756-bf80-45d41f7a4453: shutdown FollowerState
2019-10-30 11:52:42,792 [grpc-default-executor-1] INFO  impl.RoleInfo (RoleInfo.java:shutdownFollowerState(121)) - cd11b2f5-3187-4d03-bd60-931991550c17: shutdown FollowerState
2019-10-30 11:52:42,792 [Thread-1391] INFO  impl.FollowerState (FollowerState.java:run(117)) - 9b3ef6c9-0245-4756-bf80-45d41f7a4453@group-F367C8FA5986-FollowerState was interrupted: java.lang.InterruptedException: sleep interrupted
2019-10-30 11:52:42,792 [grpc-default-executor-8] INFO  impl.RoleInfo (RoleInfo.java:updateAndGet(143)) - 9b3ef6c9-0245-4756-bf80-45d41f7a4453: start FollowerState
2019-10-30 11:52:42,792 [Thread-1390] INFO  impl.FollowerState (FollowerState.java:run(117)) - cd11b2f5-3187-4d03-bd60-931991550c17@group-F367C8FA5986-FollowerState was interrupted: java.lang.InterruptedException: sleep interrupted
2019-10-30 11:52:42,792 [grpc-default-executor-1] INFO  impl.RoleInfo (RoleInfo.java:updateAndGet(143)) - cd11b2f5-3187-4d03-bd60-931991550c17: start FollowerState
2019-10-30 11:52:42,798 [Thread-1398] INFO  impl.FollowerState (FollowerState.java:run(108)) - f26e10ed-fb17-49e6-a903-eadc130d13d1@group-83984122B78E-FollowerState: change to CANDIDATE, lastRpcTime:160ms, electionTimeout:160ms
2019-10-30 11:52:42,798 [Thread-1398] INFO  impl.RoleInfo (RoleInfo.java:shutdownFollowerState(121)) - f26e10ed-fb17-49e6-a903-eadc130d13d1: shutdown FollowerState
2019-10-30 11:52:42,798 [Thread-1398] INFO  impl.RaftServerImpl (RaftServerImpl.java:setRole(184)) - f26e10ed-fb17-49e6-a903-eadc130d13d1@group-83984122B78E: changes role from  FOLLOWER to CANDIDATE at term 86 for changeToCandidate
2019-10-30 11:52:42,799 [Thread-1398] INFO  impl.RoleInfo (RoleInfo.java:updateAndGet(143)) - f26e10ed-fb17-49e6-a903-eadc130d13d1: start LeaderElection
2019-10-30 11:52:42,808 [f26e10ed-fb17-49e6-a903-eadc130d13d1@group-83984122B78E-LeaderElection159] INFO  impl.LeaderElection (LeaderElection.java:askForVotes(178)) - f26e10ed-fb17-49e6-a903-eadc130d13d1@group-83984122B78E-LeaderElection159: begin an election at term 87 for -1: [4f16e274-8663-4a15-9c4c-c81f650ab979:192.168.157.220:38181, 4cc44201-a597-43af-a4ec-5b1b407a6250:192.168.157.220:36685, f26e10ed-fb17-49e6-a903-eadc130d13d1:192.168.157.220:32806], old=null
2019-10-30 11:52:42,808 [9dbd5372-55c2-4532-b354-9494d3d545d2@group-F367C8FA5986-LeaderElection158] INFO  impl.LeaderElection (LeaderElection.java:logAndReturn(56)) - 9dbd5372-55c2-4532-b354-9494d3d545d2@group-F367C8FA5986-LeaderElection158: Election REJECTED; received 2 response(s) [9dbd5372-55c2-4532-b354-9494d3d545d2<-9b3ef6c9-0245-4756-bf80-45d41f7a4453#0:FAIL-t74, 9dbd5372-55c2-4532-b354-9494d3d545d2<-cd11b2f5-3187-4d03-bd60-931991550c17#0:FAIL-t74] and 0 exception(s); 9dbd5372-55c2-4532-b354-9494d3d545d2@group-F367C8FA5986:t74, leader=null, voted=9dbd5372-55c2-4532-b354-9494d3d545d2, raftlog=9dbd5372-55c2-4532-b354-9494d3d545d2@group-F367C8FA5986-SegmentedRaftLog:OPENED:c-1,f-1,i0, conf=-1: [9b3ef6c9-0245-4756-bf80-45d41f7a4453:192.168.157.220:37058, cd11b2f5-3187-4d03-bd60-931991550c17:192.168.157.220:43236, 9dbd5372-55c2-4532-b354-9494d3d545d2:192.168.157.220:42993], old=null
2019-10-30 11:52:42,809 [9dbd5372-55c2-4532-b354-9494d3d545d2@group-F367C8FA5986-LeaderElection158] INFO  impl.RaftServerImpl (RaftServerImpl.java:setRole(184)) - 9dbd5372-55c2-4532-b354-9494d3d545d2@group-F367C8FA5986: changes role from CANDIDATE to FOLLOWER at term 74 for DISCOVERED_A_NEW_TERM
2019-10-30 11:52:42,809 [9dbd5372-55c2-4532-b354-9494d3d545d2@group-F367C8FA5986-LeaderElection158] INFO  impl.RoleInfo (RoleInfo.java:shutdownLeaderElection(134)) - 9dbd5372-55c2-4532-b354-9494d3d545d2: shutdown LeaderElection
2019-10-30 11:52:42,809 [9dbd5372-55c2-4532-b354-9494d3d545d2@group-F367C8FA5986-LeaderElection158] INFO  impl.RoleInfo (RoleInfo.java:updateAndGet(143)) - 9dbd5372-55c2-4532-b354-9494d3d545d2: start FollowerState
2019-10-30 11:52:42,809 [grpc-default-executor-1] INFO  impl.RaftServerImpl (RaftServerImpl.java:setRole(184)) - 4f16e274-8663-4a15-9c4c-c81f650ab979@group-83984122B78E: changes role from  FOLLOWER to FOLLOWER at term 87 for recognizeCandidate:f26e10ed-fb17-49e6-a903-eadc130d13d1
2019-10-30 11:52:42,809 [grpc-default-executor-1] INFO  impl.RoleInfo (RoleInfo.java:shutdownFollowerState(121)) - 4f16e274-8663-4a15-9c4c-c81f650ab979: shutdown FollowerState
2019-10-30 11:52:42,809 [grpc-default-executor-1] INFO  impl.RoleInfo (RoleInfo.java:updateAndGet(143)) - 4f16e274-8663-4a15-9c4c-c81f650ab979: start FollowerState
2019-10-30 11:52:42,809 [Thread-1396] INFO  impl.FollowerState (FollowerState.java:run(117)) - 4f16e274-8663-4a15-9c4c-c81f650ab979@group-83984122B78E-FollowerState was interrupted: java.lang.InterruptedException: sleep interrupted
2019-10-30 11:52:42,810 [grpc-default-executor-8] INFO  impl.RaftServerImpl (RaftServerImpl.java:setRole(184)) - 4cc44201-a597-43af-a4ec-5b1b407a6250@group-83984122B78E: changes role from  FOLLOWER to FOLLOWER at term 87 for recognizeCandidate:f26e10ed-fb17-49e6-a903-eadc130d13d1
2019-10-30 11:52:42,810 [grpc-default-executor-8] INFO  impl.RoleInfo (RoleInfo.java:shutdownFollowerState(121)) - 4cc44201-a597-43af-a4ec-5b1b407a6250: shutdown FollowerState
2019-10-30 11:52:42,810 [grpc-default-executor-8] INFO  impl.RoleInfo (RoleInfo.java:updateAndGet(143)) - 4cc44201-a597-43af-a4ec-5b1b407a6250: start FollowerState
2019-10-30 11:52:42,810 [Thread-1397] INFO  impl.FollowerState (FollowerState.java:run(117)) - 4cc44201-a597-43af-a4ec-5b1b407a6250@group-83984122B78E-FollowerState was interrupted: java.lang.InterruptedException: sleep interrupted
2019-10-30 11:52:42,811 [f26e10ed-fb17-49e6-a903-eadc130d13d1@group-83984122B78E-LeaderElection159] INFO  impl.LeaderElection (LeaderElection.java:logAndReturn(56)) - f26e10ed-fb17-49e6-a903-eadc130d13d1@group-83984122B78E-LeaderElection159: Election TIMEOUT; received 0 response(s) [] and 0 exception(s); f26e10ed-fb17-49e6-a903-eadc130d13d1@group-83984122B78E:t87, leader=null, voted=f26e10ed-fb17-49e6-a903-eadc130d13d1, raftlog=f26e10ed-fb17-49e6-a903-eadc130d13d1@group-83984122B78E-SegmentedRaftLog:OPENED:c-1,f-1,i0, conf=-1: [4f16e274-8663-4a15-9c4c-c81f650ab979:192.168.157.220:38181, 4cc44201-a597-43af-a4ec-5b1b407a6250:192.168.157.220:36685, f26e10ed-fb17-49e6-a903-eadc130d13d1:192.168.157.220:32806], old=null
2019-10-30 11:52:42,822 [f26e10ed-fb17-49e6-a903-eadc130d13d1@group-83984122B78E-LeaderElection159] INFO  impl.LeaderElection (LeaderElection.java:askForVotes(178)) - f26e10ed-fb17-49e6-a903-eadc130d13d1@group-83984122B78E-LeaderElection159: begin an election at term 88 for -1: [4f16e274-8663-4a15-9c4c-c81f650ab979:192.168.157.220:38181, 4cc44201-a597-43af-a4ec-5b1b407a6250:192.168.157.220:36685, f26e10ed-fb17-49e6-a903-eadc130d13d1:192.168.157.220:32806], old=null
2019-10-30 11:52:42,823 [grpc-default-executor-8] INFO  impl.RaftServerImpl (RaftServerImpl.java:setRole(184)) - 4cc44201-a597-43af-a4ec-5b1b407a6250@group-83984122B78E: changes role from  FOLLOWER to FOLLOWER at term 88 for recognizeCandidate:f26e10ed-fb17-49e6-a903-eadc130d13d1
2019-10-30 11:52:42,823 [grpc-default-executor-8] INFO  impl.RoleInfo (RoleInfo.java:shutdownFollowerState(121)) - 4cc44201-a597-43af-a4ec-5b1b407a6250: shutdown FollowerState
2019-10-30 11:52:42,823 [grpc-default-executor-1] INFO  impl.RaftServerImpl (RaftServerImpl.java:setRole(184)) - 4f16e274-8663-4a15-9c4c-c81f650ab979@group-83984122B78E: changes role from  FOLLOWER to FOLLOWER at term 88 for recognizeCandidate:f26e10ed-fb17-49e6-a903-eadc130d13d1
2019-10-30 11:52:42,823 [Thread-1409] INFO  impl.FollowerState (FollowerState.java:run(117)) - 4cc44201-a597-43af-a4ec-5b1b407a6250@group-83984122B78E-FollowerState was interrupted: java.lang.InterruptedException: sleep interrupted
2019-10-30 11:52:42,823 [grpc-default-executor-8] INFO  impl.RoleInfo (RoleInfo.java:updateAndGet(143)) - 4cc44201-a597-43af-a4ec-5b1b407a6250: start FollowerState
2019-10-30 11:52:42,823 [grpc-default-executor-1] INFO  impl.RoleInfo (RoleInfo.java:shutdownFollowerState(121)) - 4f16e274-8663-4a15-9c4c-c81f650ab979: shutdown FollowerState
2019-10-30 11:52:42,824 [grpc-default-executor-1] INFO  impl.RoleInfo (RoleInfo.java:updateAndGet(143)) - 4f16e274-8663-4a15-9c4c-c81f650ab979: start FollowerState
2019-10-30 11:52:42,824 [Thread-1408] INFO  impl.FollowerState (FollowerState.java:run(117)) - 4f16e274-8663-4a15-9c4c-c81f650ab979@group-83984122B78E-FollowerState was interrupted: java.lang.InterruptedException: sleep interrupted
2019-10-30 11:52:42,828 [f26e10ed-fb17-49e6-a903-eadc130d13d1@group-83984122B78E-LeaderElection159] INFO  impl.LeaderElection (LeaderElection.java:logAndReturn(56)) - f26e10ed-fb17-49e6-a903-eadc130d13d1@group-83984122B78E-LeaderElection159: Election REJECTED; received 2 response(s) [f26e10ed-fb17-49e6-a903-eadc130d13d1<-4f16e274-8663-4a15-9c4c-c81f650ab979#0:FAIL-t88, f26e10ed-fb17-49e6-a903-eadc130d13d1<-4cc44201-a597-43af-a4ec-5b1b407a6250#0:FAIL-t88] and 0 exception(s); f26e10ed-fb17-49e6-a903-eadc130d13d1@group-83984122B78E:t88, leader=null, voted=f26e10ed-fb17-49e6-a903-eadc130d13d1, raftlog=f26e10ed-fb17-49e6-a903-eadc130d13d1@group-83984122B78E-SegmentedRaftLog:OPENED:c-1,f-1,i0, conf=-1: [4f16e274-8663-4a15-9c4c-c81f650ab979:192.168.157.220:38181, 4cc44201-a597-43af-a4ec-5b1b407a6250:192.168.157.220:36685, f26e10ed-fb17-49e6-a903-eadc130d13d1:192.168.157.220:32806], old=null
2019-10-30 11:52:42,828 [f26e10ed-fb17-49e6-a903-eadc130d13d1@group-83984122B78E-LeaderElection159] INFO  impl.RaftServerImpl (RaftServerImpl.java:setRole(184)) - f26e10ed-fb17-49e6-a903-eadc130d13d1@group-83984122B78E: changes role from CANDIDATE to FOLLOWER at term 88 for DISCOVERED_A_NEW_TERM
2019-10-30 11:52:42,828 [f26e10ed-fb17-49e6-a903-eadc130d13d1@group-83984122B78E-LeaderElection159] INFO  impl.RoleInfo (RoleInfo.java:shutdownLeaderElection(134)) - f26e10ed-fb17-49e6-a903-eadc130d13d1: shutdown LeaderElection
2019-10-30 11:52:42,829 [f26e10ed-fb17-49e6-a903-eadc130d13d1@group-83984122B78E-LeaderElection159] INFO  impl.RoleInfo (RoleInfo.java:updateAndGet(143)) - f26e10ed-fb17-49e6-a903-eadc130d13d1: start FollowerState
2019-10-30 11:52:42,954 [Thread-1407] INFO  impl.FollowerState (FollowerState.java:run(108)) - 9dbd5372-55c2-4532-b354-9494d3d545d2@group-F367C8FA5986-FollowerState: change to CANDIDATE, lastRpcTime:145ms, electionTimeout:145ms
2019-10-30 11:52:42,954 [Thread-1407] INFO  impl.RoleInfo (RoleInfo.java:shutdownFollowerState(121)) - 9dbd5372-55c2-4532-b354-9494d3d545d2: shutdown FollowerState
2019-10-30 11:52:42,954 [Thread-1407] INFO  impl.RaftServerImpl (RaftServerImpl.java:setRole(184)) - 9dbd5372-55c2-4532-b354-9494d3d545d2@group-F367C8FA5986: changes role from  FOLLOWER to CANDIDATE at term 74 for changeToCandidate
2019-10-30 11:52:42,954 [Thread-1407] INFO  impl.RoleInfo (RoleInfo.java:updateAndGet(143)) - 9dbd5372-55c2-4532-b354-9494d3d545d2: start LeaderElection
2019-10-30 11:52:42,964 [9dbd5372-55c2-4532-b354-9494d3d545d2@group-F367C8FA5986-LeaderElection160] INFO  impl.LeaderElection (LeaderElection.java:askForVotes(178)) - 9dbd5372-55c2-4532-b354-9494d3d545d2@group-F367C8FA5986-LeaderElection160: begin an election at term 75 for -1: [9b3ef6c9-0245-4756-bf80-45d41f7a4453:192.168.157.220:37058, cd11b2f5-3187-4d03-bd60-931991550c17:192.168.157.220:43236, 9dbd5372-55c2-4532-b354-9494d3d545d2:192.168.157.220:42993], old=null
2019-10-30 11:52:42,966 [grpc-default-executor-1] INFO  impl.RaftServerImpl (RaftServerImpl.java:setRole(184)) - 9b3ef6c9-0245-4756-bf80-45d41f7a4453@group-F367C8FA5986: changes role from  FOLLOWER to FOLLOWER at term 75 for recognizeCandidate:9dbd5372-55c2-4532-b354-9494d3d545d2
2019-10-30 11:52:42,966 [grpc-default-executor-8] INFO  impl.RaftServerImpl (RaftServerImpl.java:setRole(184)) - cd11b2f5-3187-4d03-bd60-931991550c17@group-F367C8FA5986: changes role from  FOLLOWER to FOLLOWER at term 75 for recognizeCandidate:9dbd5372-55c2-4532-b354-9494d3d545d2
2019-10-30 11:52:42,966 [grpc-default-executor-1] INFO  impl.RoleInfo (RoleInfo.java:shutdownFollowerState(121)) - 9b3ef6c9-0245-4756-bf80-45d41f7a4453: shutdown FollowerState
2019-10-30 11:52:42,966 [grpc-default-executor-8] INFO  impl.RoleInfo (RoleInfo.java:shutdownFollowerState(121)) - cd11b2f5-3187-4d03-bd60-931991550c17: shutdown FollowerState
2019-10-30 11:52:42,966 [Thread-1402] INFO  impl.FollowerState (FollowerState.java:run(117)) - 9b3ef6c9-0245-4756-bf80-45d41f7a4453@group-F367C8FA5986-FollowerState was interrupted: java.lang.InterruptedException: sleep interrupted
2019-10-30 11:52:42,966 [grpc-default-executor-1] INFO  impl.RoleInfo (RoleInfo.java:updateAndGet(143)) - 9b3ef6c9-0245-4756-bf80-45d41f7a4453: start FollowerState
2019-10-30 11:52:42,966 [Thread-1403] INFO  impl.FollowerState (FollowerState.java:run(117)) - cd11b2f5-3187-4d03-bd60-931991550c17@group-F367C8FA5986-FollowerState was interrupted: java.lang.InterruptedException: sleep interrupted
2019-10-30 11:52:42,966 [grpc-default-executor-8] INFO  impl.RoleInfo (RoleInfo.java:updateAndGet(143)) - cd11b2f5-3187-4d03-bd60-931991550c17: start FollowerState
2019-10-30 11:52:42,979 [9dbd5372-55c2-4532-b354-9494d3d545d2@group-F367C8FA5986-LeaderElection160] INFO  impl.LeaderElection (LeaderElection.java:logAndReturn(56)) - 9dbd5372-55c2-4532-b354-9494d3d545d2@group-F367C8FA5986-LeaderElection160: Election REJECTED; received 2 response(s) [9dbd5372-55c2-4532-b354-9494d3d545d2<-9b3ef6c9-0245-4756-bf80-45d41f7a4453#0:FAIL-t75, 9dbd5372-55c2-4532-b354-9494d3d545d2<-cd11b2f5-3187-4d03-bd60-931991550c17#0:FAIL-t75] and 0 exception(s); 9dbd5372-55c2-4532-b354-9494d3d545d2@group-F367C8FA5986:t75, leader=null, voted=9dbd5372-55c2-4532-b354-9494d3d545d2, raftlog=9dbd5372-55c2-4532-b354-9494d3d545d2@group-F367C8FA5986-SegmentedRaftLog:OPENED:c-1,f-1,i0, conf=-1: [9b3ef6c9-0245-4756-bf80-45d41f7a4453:192.168.157.220:37058, cd11b2f5-3187-4d03-bd60-931991550c17:192.168.157.220:43236, 9dbd5372-55c2-4532-b354-9494d3d545d2:192.168.157.220:42993], old=null
2019-10-30 11:52:42,979 [9dbd5372-55c2-4532-b354-9494d3d545d2@group-F367C8FA5986-LeaderElection160] INFO  impl.RaftServerImpl (RaftServerImpl.java:setRole(184)) - 9dbd5372-55c2-4532-b354-9494d3d545d2@group-F367C8FA5986: changes role from CANDIDATE to FOLLOWER at term 75 for DISCOVERED_A_NEW_TERM
2019-10-30 11:52:42,979 [9dbd5372-55c2-4532-b354-9494d3d545d2@group-F367C8FA5986-LeaderElection160] INFO  impl.RoleInfo (RoleInfo.java:shutdownLeaderElection(134)) - 9dbd5372-55c2-4532-b354-9494d3d545d2: shutdown LeaderElection
2019-10-30 11:52:42,979 [9dbd5372-55c2-4532-b354-9494d3d545d2@group-F367C8FA5986-LeaderElection160] INFO  impl.RoleInfo (RoleInfo.java:updateAndGet(143)) - 9dbd5372-55c2-4532-b354-9494d3d545d2: start FollowerState
2019-10-30 11:52:43,007 [Thread-1414] INFO  impl.FollowerState (FollowerState.java:run(108)) - f26e10ed-fb17-49e6-a903-eadc130d13d1@group-83984122B78E-FollowerState: change to CANDIDATE, lastRpcTime:178ms, electionTimeout:178ms
2019-10-30 11:52:43,007 [Thread-1414] INFO  impl.RoleInfo (RoleInfo.java:shutdownFollowerState(121)) - f26e10ed-fb17-49e6-a903-eadc130d13d1: shutdown FollowerState
2019-10-30 11:52:43,007 [Thread-1414] INFO  impl.RaftServerImpl (RaftServerImpl.java:setRole(184)) - f26e10ed-fb17-49e6-a903-eadc130d13d1@group-83984122B78E: changes role from  FOLLOWER to CANDIDATE at term 88 for changeToCandidate
2019-10-30 11:52:43,007 [Thread-1414] INFO  impl.RoleInfo (RoleInfo.java:updateAndGet(143)) - f26e10ed-fb17-49e6-a903-eadc130d13d1: start LeaderElection
2019-10-30 11:52:43,011 [Thread-1421] INFO  impl.FollowerState (FollowerState.java:run(108)) - 9dbd5372-55c2-4532-b354-9494d3d545d2@group-F367C8FA5986-FollowerState: change to CANDIDATE, lastRpcTime:32ms, electionTimeout:32ms
2019-10-30 11:52:43,011 [Thread-1421] INFO  impl.RoleInfo (RoleInfo.java:shutdownFollowerState(121)) - 9dbd5372-55c2-4532-b354-9494d3d545d2: shutdown FollowerState
2019-10-30 11:52:43,011 [Thread-1421] INFO  impl.RaftServerImpl (RaftServerImpl.java:setRole(184)) - 9dbd5372-55c2-4532-b354-9494d3d545d2@group-F367C8FA5986: changes role from  FOLLOWER to CANDIDATE at term 75 for changeToCandidate
2019-10-30 11:52:43,012 [Thread-1421] INFO  impl.RoleInfo (RoleInfo.java:updateAndGet(143)) - 9dbd5372-55c2-4532-b354-9494d3d545d2: start LeaderElection
2019-10-30 11:52:43,052 [f26e10ed-fb17-49e6-a903-eadc130d13d1@group-83984122B78E-LeaderElection161] INFO  impl.LeaderElection (LeaderElection.java:askForVotes(178)) - f26e10ed-fb17-49e6-a903-eadc130d13d1@group-83984122B78E-LeaderElection161: begin an election at term 89 for -1: [4f16e274-8663-4a15-9c4c-c81f650ab979:192.168.157.220:38181, 4cc44201-a597-43af-a4ec-5b1b407a6250:192.168.157.220:36685, f26e10ed-fb17-49e6-a903-eadc130d13d1:192.168.157.220:32806], old=null
2019-10-30 11:52:43,052 [9dbd5372-55c2-4532-b354-9494d3d545d2@group-F367C8FA5986-LeaderElection162] INFO  impl.LeaderElection (LeaderElection.java:askForVotes(178)) - 9dbd5372-55c2-4532-b354-9494d3d545d2@group-F367C8FA5986-LeaderElection162: begin an election at term 76 for -1: [9b3ef6c9-0245-4756-bf80-45d41f7a4453:192.168.157.220:37058, cd11b2f5-3187-4d03-bd60-931991550c17:192.168.157.220:43236, 9dbd5372-55c2-4532-b354-9494d3d545d2:192.168.157.220:42993], old=null
2019-10-30 11:52:43,054 [grpc-default-executor-1] INFO  impl.RaftServerImpl (RaftServerImpl.java:setRole(184)) - 4f16e274-8663-4a15-9c4c-c81f650ab979@group-83984122B78E: changes role from  FOLLOWER to FOLLOWER at term 89 for recognizeCandidate:f26e10ed-fb17-49e6-a903-eadc130d13d1
2019-10-30 11:52:43,054 [grpc-default-executor-8] INFO  impl.RaftServerImpl (RaftServerImpl.java:setRole(184)) - 9b3ef6c9-0245-4756-bf80-45d41f7a4453@group-F367C8FA5986: changes role from  FOLLOWER to FOLLOWER at term 76 for recognizeCandidate:9dbd5372-55c2-4532-b354-9494d3d545d2
2019-10-30 11:52:43,054 [grpc-default-executor-1] INFO  impl.RoleInfo (RoleInfo.java:shutdownFollowerState(121)) - 4f16e274-8663-4a15-9c4c-c81f650ab979: shutdown FollowerState
2019-10-30 11:52:43,054 [grpc-default-executor-1] INFO  impl.RoleInfo (RoleInfo.java:updateAndGet(143)) - 4f16e274-8663-4a15-9c4c-c81f650ab979: start FollowerState
2019-10-30 11:52:43,055 [grpc-default-executor-9] INFO  impl.RaftServerImpl (RaftServerImpl.java:setRole(184)) - cd11b2f5-3187-4d03-bd60-931991550c17@group-F367C8FA5986: changes role from  FOLLOWER to FOLLOWER at term 76 for recognizeCandidate:9dbd5372-55c2-4532-b354-9494d3d545d2
2019-10-30 11:52:43,054 [grpc-default-executor-8] INFO  impl.RoleInfo (RoleInfo.java:shutdownFollowerState(121)) - 9b3ef6c9-0245-4756-bf80-45d41f7a4453: shutdown FollowerState
2019-10-30 11:52:43,055 [grpc-default-executor-9] INFO  impl.RoleInfo (RoleInfo.java:shutdownFollowerState(121)) - cd11b2f5-3187-4d03-bd60-931991550c17: shutdown FollowerState
2019-10-30 11:52:43,055 [grpc-default-executor-6] INFO  impl.RaftServerImpl (RaftServerImpl.java:setRole(184)) - 4cc44201-a597-43af-a4ec-5b1b407a6250@group-83984122B78E: changes role from  FOLLOWER to FOLLOWER at term 89 for recognizeCandidate:f26e10ed-fb17-49e6-a903-eadc130d13d1
2019-10-30 11:52:43,054 [Thread-1413] INFO  impl.FollowerState (FollowerState.java:run(117)) - 4f16e274-8663-4a15-9c4c-c81f650ab979@group-83984122B78E-FollowerState was interrupted: java.lang.InterruptedException: sleep interrupted
2019-10-30 11:52:43,055 [grpc-default-executor-6] INFO  impl.RoleInfo (RoleInfo.java:shutdownFollowerState(121)) - 4cc44201-a597-43af-a4ec-5b1b407a6250: shutdown FollowerState
2019-10-30 11:52:43,055 [Thread-1420] INFO  impl.FollowerState (FollowerState.java:run(117)) - cd11b2f5-3187-4d03-bd60-931991550c17@group-F367C8FA5986-FollowerState was interrupted: java.lang.InterruptedException: sleep interrupted
2019-10-30 11:52:43,055 [grpc-default-executor-9] INFO  impl.RoleInfo (RoleInfo.java:updateAndGet(143)) - cd11b2f5-3187-4d03-bd60-931991550c17: start FollowerState
2019-10-30 11:52:43,055 [Thread-1419] INFO  impl.FollowerState (FollowerState.java:run(117)) - 9b3ef6c9-0245-4756-bf80-45d41f7a4453@group-F367C8FA5986-FollowerState was interrupted: java.lang.InterruptedException: sleep interrupted
2019-10-30 11:52:43,055 [grpc-default-executor-8] INFO  impl.RoleInfo (RoleInfo.java:updateAndGet(143)) - 9b3ef6c9-0245-4756-bf80-45d41f7a4453: start FollowerState
2019-10-30 11:52:43,055 [Thread-1412] INFO  impl.FollowerState (FollowerState.java:run(117)) - 4cc44201-a597-43af-a4ec-5b1b407a6250@group-83984122B78E-FollowerState was interrupted: java.lang.InterruptedException: sleep interrupted
2019-10-30 11:52:43,055 [grpc-default-executor-6] INFO  impl.RoleInfo (RoleInfo.java:updateAndGet(143)) - 4cc44201-a597-43af-a4ec-5b1b407a6250: start FollowerState
2019-10-30 11:52:43,062 [9dbd5372-55c2-4532-b354-9494d3d545d2@group-F367C8FA5986-LeaderElection162] INFO  impl.LeaderElection (LeaderElection.java:logAndReturn(56)) - 9dbd5372-55c2-4532-b354-9494d3d545d2@group-F367C8FA5986-LeaderElection162: Election REJECTED; received 2 response(s) [9dbd5372-55c2-4532-b354-9494d3d545d2<-9b3ef6c9-0245-4756-bf80-45d41f7a4453#0:FAIL-t76, 9dbd5372-55c2-4532-b354-9494d3d545d2<-cd11b2f5-3187-4d03-bd60-931991550c17#0:FAIL-t76] and 0 exception(s); 9dbd5372-55c2-4532-b354-9494d3d545d2@group-F367C8FA5986:t76, leader=null, voted=9dbd5372-55c2-4532-b354-9494d3d545d2, raftlog=9dbd5372-55c2-4532-b354-9494d3d545d2@group-F367C8FA5986-SegmentedRaftLog:OPENED:c-1,f-1,i0, conf=-1: [9b3ef6c9-0245-4756-bf80-45d41f7a4453:192.168.157.220:37058, cd11b2f5-3187-4d03-bd60-931991550c17:192.168.157.220:43236, 9dbd5372-55c2-4532-b354-9494d3d545d2:192.168.157.220:42993], old=null
2019-10-30 11:52:43,062 [f26e10ed-fb17-49e6-a903-eadc130d13d1@group-83984122B78E-LeaderElection161] INFO  impl.LeaderElection (LeaderElection.java:logAndReturn(56)) - f26e10ed-fb17-49e6-a903-eadc130d13d1@group-83984122B78E-LeaderElection161: Election REJECTED; received 2 response(s) [f26e10ed-fb17-49e6-a903-eadc130d13d1<-4f16e274-8663-4a15-9c4c-c81f650ab979#0:FAIL-t89, f26e10ed-fb17-49e6-a903-eadc130d13d1<-4cc44201-a597-43af-a4ec-5b1b407a6250#0:FAIL-t89] and 0 exception(s); f26e10ed-fb17-49e6-a903-eadc130d13d1@group-83984122B78E:t89, leader=null, voted=f26e10ed-fb17-49e6-a903-eadc130d13d1, raftlog=f26e10ed-fb17-49e6-a903-eadc130d13d1@group-83984122B78E-SegmentedRaftLog:OPENED:c-1,f-1,i0, conf=-1: [4f16e274-8663-4a15-9c4c-c81f650ab979:192.168.157.220:38181, 4cc44201-a597-43af-a4ec-5b1b407a6250:192.168.157.220:36685, f26e10ed-fb17-49e6-a903-eadc130d13d1:192.168.157.220:32806], old=null
2019-10-30 11:52:43,062 [9dbd5372-55c2-4532-b354-9494d3d545d2@group-F367C8FA5986-LeaderElection162] INFO  impl.RaftServerImpl (RaftServerImpl.java:setRole(184)) - 9dbd5372-55c2-4532-b354-9494d3d545d2@group-F367C8FA5986: changes role from CANDIDATE to FOLLOWER at term 76 for DISCOVERED_A_NEW_TERM
2019-10-30 11:52:43,062 [f26e10ed-fb17-49e6-a903-eadc130d13d1@group-83984122B78E-LeaderElection161] INFO  impl.RaftServerImpl (RaftServerImpl.java:setRole(184)) - f26e10ed-fb17-49e6-a903-eadc130d13d1@group-83984122B78E: changes role from CANDIDATE to FOLLOWER at term 89 for DISCOVERED_A_NEW_TERM
2019-10-30 11:52:43,062 [9dbd5372-55c2-4532-b354-9494d3d545d2@group-F367C8FA5986-LeaderElection162] INFO  impl.RoleInfo (RoleInfo.java:shutdownLeaderElection(134)) - 9dbd5372-55c2-4532-b354-9494d3d545d2: shutdown LeaderElection
2019-10-30 11:52:43,062 [f26e10ed-fb17-49e6-a903-eadc130d13d1@group-83984122B78E-LeaderElection161] INFO  impl.RoleInfo (RoleInfo.java:shutdownLeaderElection(134)) - f26e10ed-fb17-49e6-a903-eadc130d13d1: shutdown LeaderElection
2019-10-30 11:52:43,063 [9dbd5372-55c2-4532-b354-9494d3d545d2@group-F367C8FA5986-LeaderElection162] INFO  impl.RoleInfo (RoleInfo.java:updateAndGet(143)) - 9dbd5372-55c2-4532-b354-9494d3d545d2: start FollowerState
2019-10-30 11:52:43,063 [f26e10ed-fb17-49e6-a903-eadc130d13d1@group-83984122B78E-LeaderElection161] INFO  impl.RoleInfo (RoleInfo.java:updateAndGet(143)) - f26e10ed-fb17-49e6-a903-eadc130d13d1: start FollowerState
2019-10-30 11:52:43,119 [main] WARN  io.KeyOutputStream (KeyOutputStream.java:handleException(274)) - Encountered exception java.io.IOException: Unexpected Storage Container Exception: java.util.concurrent.CompletionException: java.util.concurrent.CompletionException: org.apache.ratis.protocol.RaftRetryFailureException: Failed RaftClientRequest:client-AB2312F8EEC5->cd11b2f5-3187-4d03-bd60-931991550c17@group-F367C8FA5986, cid=19, seq=1*, RW, cmdType: WriteChunk
traceID: "b50937607151d882:b50937607151d882:0:0"
containerID: 1
datanodeUuid: "9dbd5372-55c2-4532-b354-9494d3d545d2"
writeChunk {
  blockID {
    containerID: 1
    localID: 103051188845871104
    blockCommitSequenceId: 0
  }
  chunkData {
    chunkName: "103051188845871104_chunk_1"
    offset: 0
    len: 1048576
    checksumData {
      type: CRC32
      bytesPerChecksum: 1048576
      checksums: "\361\003\002\247"
    }
  }
}
, data.size=1048576 for 10 attempts with RetryLimited(maxAttempts=10, sleepTime=1000ms) on the pipeline Pipeline[ Id: 0a097f00-4378-4a1e-b584-f367c8fa5986, Nodes: 9dbd5372-55c2-4532-b354-9494d3d545d2{ip: 192.168.157.220, host: pr-hdds-2359-w9s2w-3834556564, networkLocation: /default-rack, certSerialId: null}9b3ef6c9-0245-4756-bf80-45d41f7a4453{ip: 192.168.157.220, host: pr-hdds-2359-w9s2w-3834556564, networkLocation: /default-rack, certSerialId: null}cd11b2f5-3187-4d03-bd60-931991550c17{ip: 192.168.157.220, host: pr-hdds-2359-w9s2w-3834556564, networkLocation: /default-rack, certSerialId: null}, Type:RATIS, Factor:THREE, State:OPEN]. The last committed block length is 0, uncommitted data length is 2097152 retry count 0
2019-10-30 11:52:43,128 [Thread-1435] INFO  impl.FollowerState (FollowerState.java:run(108)) - 9dbd5372-55c2-4532-b354-9494d3d545d2@group-F367C8FA5986-FollowerState: change to CANDIDATE, lastRpcTime:65ms, electionTimeout:58ms
2019-10-30 11:52:43,128 [Thread-1435] INFO  impl.RoleInfo (RoleInfo.java:shutdownFollowerState(121)) - 9dbd5372-55c2-4532-b354-9494d3d545d2: shutdown FollowerState
2019-10-30 11:52:43,128 [Thread-1435] INFO  impl.RaftServerImpl (RaftServerImpl.java:setRole(184)) - 9dbd5372-55c2-4532-b354-9494d3d545d2@group-F367C8FA5986: changes role from  FOLLOWER to CANDIDATE at term 76 for changeToCandidate
2019-10-30 11:52:43,128 [Thread-1435] INFO  impl.RoleInfo (RoleInfo.java:updateAndGet(143)) - 9dbd5372-55c2-4532-b354-9494d3d545d2: start LeaderElection
2019-10-30 11:52:43,144 [9dbd5372-55c2-4532-b354-9494d3d545d2@group-F367C8FA5986-LeaderElection163] INFO  impl.LeaderElection (LeaderElection.java:askForVotes(178)) - 9dbd5372-55c2-4532-b354-9494d3d545d2@group-F367C8FA5986-LeaderElection163: begin an election at term 77 for -1: [9b3ef6c9-0245-4756-bf80-45d41f7a4453:192.168.157.220:37058, cd11b2f5-3187-4d03-bd60-931991550c17:192.168.157.220:43236, 9dbd5372-55c2-4532-b354-9494d3d545d2:192.168.157.220:42993], old=null
2019-10-30 11:52:43,146 [grpc-default-executor-8] INFO  impl.RaftServerImpl (RaftServerImpl.java:setRole(184)) - cd11b2f5-3187-4d03-bd60-931991550c17@group-F367C8FA5986: changes role from  FOLLOWER to FOLLOWER at term 77 for recognizeCandidate:9dbd5372-55c2-4532-b354-9494d3d545d2
2019-10-30 11:52:43,146 [grpc-default-executor-8] INFO  impl.RoleInfo (RoleInfo.java:shutdownFollowerState(121)) - cd11b2f5-3187-4d03-bd60-931991550c17: shutdown FollowerState
2019-10-30 11:52:43,146 [grpc-default-executor-8] INFO  impl.RoleInfo (RoleInfo.java:updateAndGet(143)) - cd11b2f5-3187-4d03-bd60-931991550c17: start FollowerState
2019-10-30 11:52:43,147 [grpc-default-executor-4] INFO  impl.RaftServerImpl (RaftServerImpl.java:setRole(184)) - 9b3ef6c9-0245-4756-bf80-45d41f7a4453@group-F367C8FA5986: changes role from  FOLLOWER to FOLLOWER at term 77 for recognizeCandidate:9dbd5372-55c2-4532-b354-9494d3d545d2
2019-10-30 11:52:43,147 [Thread-1433] INFO  impl.FollowerState (FollowerState.java:run(117)) - cd11b2f5-3187-4d03-bd60-931991550c17@group-F367C8FA5986-FollowerState was interrupted: java.lang.InterruptedException: sleep interrupted
2019-10-30 11:52:43,147 [grpc-default-executor-4] INFO  impl.RoleInfo (RoleInfo.java:shutdownFollowerState(121)) - 9b3ef6c9-0245-4756-bf80-45d41f7a4453: shutdown FollowerState
2019-10-30 11:52:43,148 [grpc-default-executor-4] INFO  impl.RoleInfo (RoleInfo.java:updateAndGet(143)) - 9b3ef6c9-0245-4756-bf80-45d41f7a4453: start FollowerState
2019-10-30 11:52:43,148 [Thread-1432] INFO  impl.FollowerState (FollowerState.java:run(117)) - 9b3ef6c9-0245-4756-bf80-45d41f7a4453@group-F367C8FA5986-FollowerState was interrupted: java.lang.InterruptedException: sleep interrupted
2019-10-30 11:52:43,178 [9dbd5372-55c2-4532-b354-9494d3d545d2@group-F367C8FA5986-LeaderElection163] INFO  impl.LeaderElection (LeaderElection.java:logAndReturn(56)) - 9dbd5372-55c2-4532-b354-9494d3d545d2@group-F367C8FA5986-LeaderElection163: Election REJECTED; received 2 response(s) [9dbd5372-55c2-4532-b354-9494d3d545d2<-9b3ef6c9-0245-4756-bf80-45d41f7a4453#0:FAIL-t77, 9dbd5372-55c2-4532-b354-9494d3d545d2<-cd11b2f5-3187-4d03-bd60-931991550c17#0:FAIL-t77] and 0 exception(s); 9dbd5372-55c2-4532-b354-9494d3d545d2@group-F367C8FA5986:t77, leader=null, voted=9dbd5372-55c2-4532-b354-9494d3d545d2, raftlog=9dbd5372-55c2-4532-b354-9494d3d545d2@group-F367C8FA5986-SegmentedRaftLog:OPENED:c-1,f-1,i0, conf=-1: [9b3ef6c9-0245-4756-bf80-45d41f7a4453:192.168.157.220:37058, cd11b2f5-3187-4d03-bd60-931991550c17:192.168.157.220:43236, 9dbd5372-55c2-4532-b354-9494d3d545d2:192.168.157.220:42993], old=null
2019-10-30 11:52:43,178 [9dbd5372-55c2-4532-b354-9494d3d545d2@group-F367C8FA5986-LeaderElection163] INFO  impl.RaftServerImpl (RaftServerImpl.java:setRole(184)) - 9dbd5372-55c2-4532-b354-9494d3d545d2@group-F367C8FA5986: changes role from CANDIDATE to FOLLOWER at term 77 for DISCOVERED_A_NEW_TERM
2019-10-30 11:52:43,178 [9dbd5372-55c2-4532-b354-9494d3d545d2@group-F367C8FA5986-LeaderElection163] INFO  impl.RoleInfo (RoleInfo.java:shutdownLeaderElection(134)) - 9dbd5372-55c2-4532-b354-9494d3d545d2: shutdown LeaderElection
2019-10-30 11:52:43,178 [9dbd5372-55c2-4532-b354-9494d3d545d2@group-F367C8FA5986-LeaderElection163] INFO  impl.RoleInfo (RoleInfo.java:updateAndGet(143)) - 9dbd5372-55c2-4532-b354-9494d3d545d2: start FollowerState
2019-10-30 11:52:43,211 [Thread-1436] INFO  impl.FollowerState (FollowerState.java:run(108)) - f26e10ed-fb17-49e6-a903-eadc130d13d1@group-83984122B78E-FollowerState: change to CANDIDATE, lastRpcTime:148ms, electionTimeout:148ms
2019-10-30 11:52:43,211 [Thread-1436] INFO  impl.RoleInfo (RoleInfo.java:shutdownFollowerState(121)) - f26e10ed-fb17-49e6-a903-eadc130d13d1: shutdown FollowerState
2019-10-30 11:52:43,211 [Thread-1436] INFO  impl.RaftServerImpl (RaftServerImpl.java:setRole(184)) - f26e10ed-fb17-49e6-a903-eadc130d13d1@group-83984122B78E: changes role from  FOLLOWER to CANDIDATE at term 89 for changeToCandidate
2019-10-30 11:52:43,211 [Thread-1436] INFO  impl.RoleInfo (RoleInfo.java:updateAndGet(143)) - f26e10ed-fb17-49e6-a903-eadc130d13d1: start LeaderElection
2019-10-30 11:52:43,223 [f26e10ed-fb17-49e6-a903-eadc130d13d1@group-83984122B78E-LeaderElection164] INFO  impl.LeaderElection (LeaderElection.java:askForVotes(178)) - f26e10ed-fb17-49e6-a903-eadc130d13d1@group-83984122B78E-LeaderElection164: begin an election at term 90 for -1: [4f16e274-8663-4a15-9c4c-c81f650ab979:192.168.157.220:38181, 4cc44201-a597-43af-a4ec-5b1b407a6250:192.168.157.220:36685, f26e10ed-fb17-49e6-a903-eadc130d13d1:192.168.157.220:32806], old=null
2019-10-30 11:52:43,225 [grpc-default-executor-8] INFO  impl.RaftServerImpl (RaftServerImpl.java:setRole(184)) - 4cc44201-a597-43af-a4ec-5b1b407a6250@group-83984122B78E: changes role from  FOLLOWER to FOLLOWER at term 90 for recognizeCandidate:f26e10ed-fb17-49e6-a903-eadc130d13d1
2019-10-30 11:52:43,225 [grpc-default-executor-4] INFO  impl.RaftServerImpl (RaftServerImpl.java:setRole(184)) - 4f16e274-8663-4a15-9c4c-c81f650ab979@group-83984122B78E: changes role from  FOLLOWER to FOLLOWER at term 90 for recognizeCandidate:f26e10ed-fb17-49e6-a903-eadc130d13d1
2019-10-30 11:52:43,225 [grpc-default-executor-4] INFO  impl.RoleInfo (RoleInfo.java:shutdownFollowerState(121)) - 4f16e274-8663-4a15-9c4c-c81f650ab979: shutdown FollowerState
2019-10-30 11:52:43,225 [grpc-default-executor-8] INFO  impl.RoleInfo (RoleInfo.java:shutdownFollowerState(121)) - 4cc44201-a597-43af-a4ec-5b1b407a6250: shutdown FollowerState
2019-10-30 11:52:43,225 [grpc-default-executor-4] INFO  impl.RoleInfo (RoleInfo.java:updateAndGet(143)) - 4f16e274-8663-4a15-9c4c-c81f650ab979: start FollowerState
2019-10-30 11:52:43,225 [Thread-1434] INFO  impl.FollowerState (FollowerState.java:run(117)) - 4cc44201-a597-43af-a4ec-5b1b407a6250@group-83984122B78E-FollowerState was interrupted: java.lang.InterruptedException: sleep interrupted
2019-10-30 11:52:43,225 [grpc-default-executor-8] INFO  impl.RoleInfo (RoleInfo.java:updateAndGet(143)) - 4cc44201-a597-43af-a4ec-5b1b407a6250: start FollowerState
2019-10-30 11:52:43,225 [Thread-1431] INFO  impl.FollowerState (FollowerState.java:run(117)) - 4f16e274-8663-4a15-9c4c-c81f650ab979@group-83984122B78E-FollowerState was interrupted: java.lang.InterruptedException: sleep interrupted
2019-10-30 11:52:43,255 [f26e10ed-fb17-49e6-a903-eadc130d13d1@group-83984122B78E-LeaderElection164] INFO  impl.LeaderElection (LeaderElection.java:logAndReturn(56)) - f26e10ed-fb17-49e6-a903-eadc130d13d1@group-83984122B78E-LeaderElection164: Election REJECTED; received 2 response(s) [f26e10ed-fb17-49e6-a903-eadc130d13d1<-4f16e274-8663-4a15-9c4c-c81f650ab979#0:FAIL-t90, f26e10ed-fb17-49e6-a903-eadc130d13d1<-4cc44201-a597-43af-a4ec-5b1b407a6250#0:FAIL-t90] and 0 exception(s); f26e10ed-fb17-49e6-a903-eadc130d13d1@group-83984122B78E:t90, leader=null, voted=f26e10ed-fb17-49e6-a903-eadc130d13d1, raftlog=f26e10ed-fb17-49e6-a903-eadc130d13d1@group-83984122B78E-SegmentedRaftLog:OPENED:c-1,f-1,i0, conf=-1: [4f16e274-8663-4a15-9c4c-c81f650ab979:192.168.157.220:38181, 4cc44201-a597-43af-a4ec-5b1b407a6250:192.168.157.220:36685, f26e10ed-fb17-49e6-a903-eadc130d13d1:192.168.157.220:32806], old=null
2019-10-30 11:52:43,255 [f26e10ed-fb17-49e6-a903-eadc130d13d1@group-83984122B78E-LeaderElection164] INFO  impl.RaftServerImpl (RaftServerImpl.java:setRole(184)) - f26e10ed-fb17-49e6-a903-eadc130d13d1@group-83984122B78E: changes role from CANDIDATE to FOLLOWER at term 90 for DISCOVERED_A_NEW_TERM
2019-10-30 11:52:43,256 [f26e10ed-fb17-49e6-a903-eadc130d13d1@group-83984122B78E-LeaderElection164] INFO  impl.RoleInfo (RoleInfo.java:shutdownLeaderElection(134)) - f26e10ed-fb17-49e6-a903-eadc130d13d1: shutdown LeaderElection
2019-10-30 11:52:43,256 [f26e10ed-fb17-49e6-a903-eadc130d13d1@group-83984122B78E-LeaderElection164] INFO  impl.RoleInfo (RoleInfo.java:updateAndGet(143)) - f26e10ed-fb17-49e6-a903-eadc130d13d1: start FollowerState
2019-10-30 11:52:43,277 [Thread-1445] INFO  impl.FollowerState (FollowerState.java:run(108)) - 9dbd5372-55c2-4532-b354-9494d3d545d2@group-F367C8FA5986-FollowerState: change to CANDIDATE, lastRpcTime:99ms, electionTimeout:99ms
2019-10-30 11:52:43,278 [Thread-1445] INFO  impl.RoleInfo (RoleInfo.java:shutdownFollowerState(121)) - 9dbd5372-55c2-4532-b354-9494d3d545d2: shutdown FollowerState
2019-10-30 11:52:43,278 [Thread-1445] INFO  impl.RaftServerImpl (RaftServerImpl.java:setRole(184)) - 9dbd5372-55c2-4532-b354-9494d3d545d2@group-F367C8FA5986: changes role from  FOLLOWER to CANDIDATE at term 77 for changeToCandidate
2019-10-30 11:52:43,278 [Thread-1445] INFO  impl.RoleInfo (RoleInfo.java:updateAndGet(143)) - 9dbd5372-55c2-4532-b354-9494d3d545d2: start LeaderElection
2019-10-30 11:52:43,288 [9dbd5372-55c2-4532-b354-9494d3d545d2@group-F367C8FA5986-LeaderElection165] INFO  impl.LeaderElection (LeaderElection.java:askForVotes(178)) - 9dbd5372-55c2-4532-b354-9494d3d545d2@group-F367C8FA5986-LeaderElection165: begin an election at term 78 for -1: [9b3ef6c9-0245-4756-bf80-45d41f7a4453:192.168.157.220:37058, cd11b2f5-3187-4d03-bd60-931991550c17:192.168.157.220:43236, 9dbd5372-55c2-4532-b354-9494d3d545d2:192.168.157.220:42993], old=null
2019-10-30 11:52:43,290 [grpc-default-executor-8] INFO  impl.RaftServerImpl (RaftServerImpl.java:setRole(184)) - cd11b2f5-3187-4d03-bd60-931991550c17@group-F367C8FA5986: changes role from  FOLLOWER to FOLLOWER at term 78 for recognizeCandidate:9dbd5372-55c2-4532-b354-9494d3d545d2
2019-10-30 11:52:43,290 [grpc-default-executor-8] INFO  impl.RoleInfo (RoleInfo.java:shutdownFollowerState(121)) - cd11b2f5-3187-4d03-bd60-931991550c17: shutdown FollowerState
2019-10-30 11:52:43,290 [grpc-default-executor-4] INFO  impl.RaftServerImpl (RaftServerImpl.java:setRole(184)) - 9b3ef6c9-0245-4756-bf80-45d41f7a4453@group-F367C8FA5986: changes role from  FOLLOWER to FOLLOWER at term 78 for recognizeCandidate:9dbd5372-55c2-4532-b354-9494d3d545d2
2019-10-30 11:52:43,290 [Thread-1441] INFO  impl.FollowerState (FollowerState.java:run(117)) - cd11b2f5-3187-4d03-bd60-931991550c17@group-F367C8FA5986-FollowerState was interrupted: java.lang.InterruptedException: sleep interrupted
2019-10-30 11:52:43,290 [grpc-default-executor-8] INFO  impl.RoleInfo (RoleInfo.java:updateAndGet(143)) - cd11b2f5-3187-4d03-bd60-931991550c17: start FollowerState
2019-10-30 11:52:43,290 [grpc-default-executor-4] INFO  impl.RoleInfo (RoleInfo.java:shutdownFollowerState(121)) - 9b3ef6c9-0245-4756-bf80-45d41f7a4453: shutdown FollowerState
2019-10-30 11:52:43,290 [grpc-default-executor-4] INFO  impl.RoleInfo (RoleInfo.java:updateAndGet(143)) - 9b3ef6c9-0245-4756-bf80-45d41f7a4453: start FollowerState
2019-10-30 11:52:43,290 [Thread-1442] INFO  impl.FollowerState (FollowerState.java:run(117)) - 9b3ef6c9-0245-4756-bf80-45d41f7a4453@group-F367C8FA5986-FollowerState was interrupted: java.lang.InterruptedException: sleep interrupted
2019-10-30 11:52:43,312 [9dbd5372-55c2-4532-b354-9494d3d545d2@group-F367C8FA5986-LeaderElection165] INFO  impl.LeaderElection (LeaderElection.java:logAndReturn(56)) - 9dbd5372-55c2-4532-b354-9494d3d545d2@group-F367C8FA5986-LeaderElection165: Election REJECTED; received 2 response(s) [9dbd5372-55c2-4532-b354-9494d3d545d2<-9b3ef6c9-0245-4756-bf80-45d41f7a4453#0:FAIL-t78, 9dbd5372-55c2-4532-b354-9494d3d545d2<-cd11b2f5-3187-4d03-bd60-931991550c17#0:FAIL-t78] and 0 exception(s); 9dbd5372-55c2-4532-b354-9494d3d545d2@group-F367C8FA5986:t78, leader=null, voted=9dbd5372-55c2-4532-b354-9494d3d545d2, raftlog=9dbd5372-55c2-4532-b354-9494d3d545d2@group-F367C8FA5986-SegmentedRaftLog:OPENED:c-1,f-1,i0, conf=-1: [9b3ef6c9-0245-4756-bf80-45d41f7a4453:192.168.157.220:37058, cd11b2f5-3187-4d03-bd60-931991550c17:192.168.157.220:43236, 9dbd5372-55c2-4532-b354-9494d3d545d2:192.168.157.220:42993], old=null
2019-10-30 11:52:43,312 [9dbd5372-55c2-4532-b354-9494d3d545d2@group-F367C8FA5986-LeaderElection165] INFO  impl.RaftServerImpl (RaftServerImpl.java:setRole(184)) - 9dbd5372-55c2-4532-b354-9494d3d545d2@group-F367C8FA5986: changes role from CANDIDATE to FOLLOWER at term 78 for DISCOVERED_A_NEW_TERM
2019-10-30 11:52:43,312 [9dbd5372-55c2-4532-b354-9494d3d545d2@group-F367C8FA5986-LeaderElection165] INFO  impl.RoleInfo (RoleInfo.java:shutdownLeaderElection(134)) - 9dbd5372-55c2-4532-b354-9494d3d545d2: shutdown LeaderElection
2019-10-30 11:52:43,313 [9dbd5372-55c2-4532-b354-9494d3d545d2@group-F367C8FA5986-LeaderElection165] INFO  impl.RoleInfo (RoleInfo.java:updateAndGet(143)) - 9dbd5372-55c2-4532-b354-9494d3d545d2: start FollowerState
2019-10-30 11:52:43,367 [Thread-1457] INFO  impl.FollowerState (FollowerState.java:run(108)) - 9dbd5372-55c2-4532-b354-9494d3d545d2@group-F367C8FA5986-FollowerState: change to CANDIDATE, lastRpcTime:54ms, electionTimeout:54ms
2019-10-30 11:52:43,367 [Thread-1457] INFO  impl.RoleInfo (RoleInfo.java:shutdownFollowerState(121)) - 9dbd5372-55c2-4532-b354-9494d3d545d2: shutdown FollowerState
2019-10-30 11:52:43,367 [Thread-1457] INFO  impl.RaftServerImpl (RaftServerImpl.java:setRole(184)) - 9dbd5372-55c2-4532-b354-9494d3d545d2@group-F367C8FA5986: changes role from  FOLLOWER to CANDIDATE at term 78 for changeToCandidate
2019-10-30 11:52:43,367 [Thread-1457] INFO  impl.RoleInfo (RoleInfo.java:updateAndGet(143)) - 9dbd5372-55c2-4532-b354-9494d3d545d2: start LeaderElection
2019-10-30 11:52:43,376 [9dbd5372-55c2-4532-b354-9494d3d545d2@group-F367C8FA5986-LeaderElection166] INFO  impl.LeaderElection (LeaderElection.java:askForVotes(178)) - 9dbd5372-55c2-4532-b354-9494d3d545d2@group-F367C8FA5986-LeaderElection166: begin an election at term 79 for -1: [9b3ef6c9-0245-4756-bf80-45d41f7a4453:192.168.157.220:37058, cd11b2f5-3187-4d03-bd60-931991550c17:192.168.157.220:43236, 9dbd5372-55c2-4532-b354-9494d3d545d2:192.168.157.220:42993], old=null
2019-10-30 11:52:43,378 [grpc-default-executor-8] INFO  impl.RaftServerImpl (RaftServerImpl.java:setRole(184)) - 9b3ef6c9-0245-4756-bf80-45d41f7a4453@group-F367C8FA5986: changes role from  FOLLOWER to FOLLOWER at term 79 for recognizeCandidate:9dbd5372-55c2-4532-b354-9494d3d545d2
2019-10-30 11:52:43,378 [grpc-default-executor-4] INFO  impl.RaftServerImpl (RaftServerImpl.java:setRole(184)) - cd11b2f5-3187-4d03-bd60-931991550c17@group-F367C8FA5986: changes role from  FOLLOWER to FOLLOWER at term 79 for recognizeCandidate:9dbd5372-55c2-4532-b354-9494d3d545d2
2019-10-30 11:52:43,378 [grpc-default-executor-4] INFO  impl.RoleInfo (RoleInfo.java:shutdownFollowerState(121)) - cd11b2f5-3187-4d03-bd60-931991550c17: shutdown FollowerState
2019-10-30 11:52:43,378 [grpc-default-executor-8] INFO  impl.RoleInfo (RoleInfo.java:shutdownFollowerState(121)) - 9b3ef6c9-0245-4756-bf80-45d41f7a4453: shutdown FollowerState
2019-10-30 11:52:43,378 [grpc-default-executor-4] INFO  impl.RoleInfo (RoleInfo.java:updateAndGet(143)) - cd11b2f5-3187-4d03-bd60-931991550c17: start FollowerState
2019-10-30 11:52:43,379 [Thread-1456] INFO  impl.FollowerState (FollowerState.java:run(117)) - 9b3ef6c9-0245-4756-bf80-45d41f7a4453@group-F367C8FA5986-FollowerState was interrupted: java.lang.InterruptedException: sleep interrupted
2019-10-30 11:52:43,379 [grpc-default-executor-8] INFO  impl.RoleInfo (RoleInfo.java:updateAndGet(143)) - 9b3ef6c9-0245-4756-bf80-45d41f7a4453: start FollowerState
2019-10-30 11:52:43,378 [Thread-1455] INFO  impl.FollowerState (FollowerState.java:run(117)) - cd11b2f5-3187-4d03-bd60-931991550c17@group-F367C8FA5986-FollowerState was interrupted: java.lang.InterruptedException: sleep interrupted
2019-10-30 11:52:43,392 [9dbd5372-55c2-4532-b354-9494d3d545d2@group-F367C8FA5986-LeaderElection166] INFO  impl.LeaderElection (LeaderElection.java:logAndReturn(56)) - 9dbd5372-55c2-4532-b354-9494d3d545d2@group-F367C8FA5986-LeaderElection166: Election REJECTED; received 2 response(s) [9dbd5372-55c2-4532-b354-9494d3d545d2<-9b3ef6c9-0245-4756-bf80-45d41f7a4453#0:FAIL-t79, 9dbd5372-55c2-4532-b354-9494d3d545d2<-cd11b2f5-3187-4d03-bd60-931991550c17#0:FAIL-t79] and 0 exception(s); 9dbd5372-55c2-4532-b354-9494d3d545d2@group-F367C8FA5986:t79, leader=null, voted=9dbd5372-55c2-4532-b354-9494d3d545d2, raftlog=9dbd5372-55c2-4532-b354-9494d3d545d2@group-F367C8FA5986-SegmentedRaftLog:OPENED:c-1,f-1,i0, conf=-1: [9b3ef6c9-0245-4756-bf80-45d41f7a4453:192.168.157.220:37058, cd11b2f5-3187-4d03-bd60-931991550c17:192.168.157.220:43236, 9dbd5372-55c2-4532-b354-9494d3d545d2:192.168.157.220:42993], old=null
2019-10-30 11:52:43,393 [9dbd5372-55c2-4532-b354-9494d3d545d2@group-F367C8FA5986-LeaderElection166] INFO  impl.RaftServerImpl (RaftServerImpl.java:setRole(184)) - 9dbd5372-55c2-4532-b354-9494d3d545d2@group-F367C8FA5986: changes role from CANDIDATE to FOLLOWER at term 79 for DISCOVERED_A_NEW_TERM
2019-10-30 11:52:43,393 [9dbd5372-55c2-4532-b354-9494d3d545d2@group-F367C8FA5986-LeaderElection166] INFO  impl.RoleInfo (RoleInfo.java:shutdownLeaderElection(134)) - 9dbd5372-55c2-4532-b354-9494d3d545d2: shutdown LeaderElection
2019-10-30 11:52:43,393 [9dbd5372-55c2-4532-b354-9494d3d545d2@group-F367C8FA5986-LeaderElection166] INFO  impl.RoleInfo (RoleInfo.java:updateAndGet(143)) - 9dbd5372-55c2-4532-b354-9494d3d545d2: start FollowerState
2019-10-30 11:52:43,397 [Thread-1463] INFO  impl.FollowerState (FollowerState.java:run(108)) - 9dbd5372-55c2-4532-b354-9494d3d545d2@group-F367C8FA5986-FollowerState: change to CANDIDATE, lastRpcTime:4ms, electionTimeout:4ms
2019-10-30 11:52:43,397 [Thread-1463] INFO  impl.RoleInfo (RoleInfo.java:shutdownFollowerState(121)) - 9dbd5372-55c2-4532-b354-9494d3d545d2: shutdown FollowerState
2019-10-30 11:52:43,397 [Thread-1463] INFO  impl.RaftServerImpl (RaftServerImpl.java:setRole(184)) - 9dbd5372-55c2-4532-b354-9494d3d545d2@group-F367C8FA5986: changes role from  FOLLOWER to CANDIDATE at term 79 for changeToCandidate
2019-10-30 11:52:43,397 [Thread-1463] INFO  impl.RoleInfo (RoleInfo.java:updateAndGet(143)) - 9dbd5372-55c2-4532-b354-9494d3d545d2: start LeaderElection
2019-10-30 11:52:43,417 [9dbd5372-55c2-4532-b354-9494d3d545d2@group-F367C8FA5986-LeaderElection167] INFO  impl.LeaderElection (LeaderElection.java:askForVotes(178)) - 9dbd5372-55c2-4532-b354-9494d3d545d2@group-F367C8FA5986-LeaderElection167: begin an election at term 80 for -1: [9b3ef6c9-0245-4756-bf80-45d41f7a4453:192.168.157.220:37058, cd11b2f5-3187-4d03-bd60-931991550c17:192.168.157.220:43236, 9dbd5372-55c2-4532-b354-9494d3d545d2:192.168.157.220:42993], old=null
2019-10-30 11:52:43,419 [grpc-default-executor-8] INFO  impl.RaftServerImpl (RaftServerImpl.java:setRole(184)) - cd11b2f5-3187-4d03-bd60-931991550c17@group-F367C8FA5986: changes role from  FOLLOWER to FOLLOWER at term 80 for recognizeCandidate:9dbd5372-55c2-4532-b354-9494d3d545d2
2019-10-30 11:52:43,419 [grpc-default-executor-4] INFO  impl.RaftServerImpl (RaftServerImpl.java:setRole(184)) - 9b3ef6c9-0245-4756-bf80-45d41f7a4453@group-F367C8FA5986: changes role from  FOLLOWER to FOLLOWER at term 80 for recognizeCandidate:9dbd5372-55c2-4532-b354-9494d3d545d2
2019-10-30 11:52:43,419 [grpc-default-executor-8] INFO  impl.RoleInfo (RoleInfo.java:shutdownFollowerState(121)) - cd11b2f5-3187-4d03-bd60-931991550c17: shutdown FollowerState
2019-10-30 11:52:43,419 [grpc-default-executor-4] INFO  impl.RoleInfo (RoleInfo.java:shutdownFollowerState(121)) - 9b3ef6c9-0245-4756-bf80-45d41f7a4453: shutdown FollowerState
2019-10-30 11:52:43,419 [grpc-default-executor-8] INFO  impl.RoleInfo (RoleInfo.java:updateAndGet(143)) - cd11b2f5-3187-4d03-bd60-931991550c17: start FollowerState
2019-10-30 11:52:43,419 [grpc-default-executor-4] INFO  impl.RoleInfo (RoleInfo.java:updateAndGet(143)) - 9b3ef6c9-0245-4756-bf80-45d41f7a4453: start FollowerState
2019-10-30 11:52:43,419 [Thread-1461] INFO  impl.FollowerState (FollowerState.java:run(117)) - cd11b2f5-3187-4d03-bd60-931991550c17@group-F367C8FA5986-FollowerState was interrupted: java.lang.InterruptedException: sleep interrupted
2019-10-30 11:52:43,419 [Thread-1462] INFO  impl.FollowerState (FollowerState.java:run(117)) - 9b3ef6c9-0245-4756-bf80-45d41f7a4453@group-F367C8FA5986-FollowerState was interrupted: java.lang.InterruptedException: sleep interrupted
2019-10-30 11:52:43,443 [Thread-1451] INFO  impl.FollowerState (FollowerState.java:run(108)) - f26e10ed-fb17-49e6-a903-eadc130d13d1@group-83984122B78E-FollowerState: change to CANDIDATE, lastRpcTime:187ms, electionTimeout:185ms
2019-10-30 11:52:43,443 [Thread-1451] INFO  impl.RoleInfo (RoleInfo.java:shutdownFollowerState(121)) - f26e10ed-fb17-49e6-a903-eadc130d13d1: shutdown FollowerState
2019-10-30 11:52:43,443 [Thread-1451] INFO  impl.RaftServerImpl (RaftServerImpl.java:setRole(184)) - f26e10ed-fb17-49e6-a903-eadc130d13d1@group-83984122B78E: changes role from  FOLLOWER to CANDIDATE at term 90 for changeToCandidate
2019-10-30 11:52:43,443 [Thread-1451] INFO  impl.RoleInfo (RoleInfo.java:updateAndGet(143)) - f26e10ed-fb17-49e6-a903-eadc130d13d1: start LeaderElection
2019-10-30 11:52:43,452 [f26e10ed-fb17-49e6-a903-eadc130d13d1@group-83984122B78E-LeaderElection168] INFO  impl.LeaderElection (LeaderElection.java:askForVotes(178)) - f26e10ed-fb17-49e6-a903-eadc130d13d1@group-83984122B78E-LeaderElection168: begin an election at term 91 for -1: [4f16e274-8663-4a15-9c4c-c81f650ab979:192.168.157.220:38181, 4cc44201-a597-43af-a4ec-5b1b407a6250:192.168.157.220:36685, f26e10ed-fb17-49e6-a903-eadc130d13d1:192.168.157.220:32806], old=null
2019-10-30 11:52:43,453 [9dbd5372-55c2-4532-b354-9494d3d545d2@group-F367C8FA5986-LeaderElection167] INFO  impl.LeaderElection (LeaderElection.java:logAndReturn(56)) - 9dbd5372-55c2-4532-b354-9494d3d545d2@group-F367C8FA5986-LeaderElection167: Election REJECTED; received 2 response(s) [9dbd5372-55c2-4532-b354-9494d3d545d2<-9b3ef6c9-0245-4756-bf80-45d41f7a4453#0:FAIL-t80, 9dbd5372-55c2-4532-b354-9494d3d545d2<-cd11b2f5-3187-4d03-bd60-931991550c17#0:FAIL-t80] and 0 exception(s); 9dbd5372-55c2-4532-b354-9494d3d545d2@group-F367C8FA5986:t80, leader=null, voted=9dbd5372-55c2-4532-b354-9494d3d545d2, raftlog=9dbd5372-55c2-4532-b354-9494d3d545d2@group-F367C8FA5986-SegmentedRaftLog:OPENED:c-1,f-1,i0, conf=-1: [9b3ef6c9-0245-4756-bf80-45d41f7a4453:192.168.157.220:37058, cd11b2f5-3187-4d03-bd60-931991550c17:192.168.157.220:43236, 9dbd5372-55c2-4532-b354-9494d3d545d2:192.168.157.220:42993], old=null
2019-10-30 11:52:43,453 [9dbd5372-55c2-4532-b354-9494d3d545d2@group-F367C8FA5986-LeaderElection167] INFO  impl.RaftServerImpl (RaftServerImpl.java:setRole(184)) - 9dbd5372-55c2-4532-b354-9494d3d545d2@group-F367C8FA5986: changes role from CANDIDATE to FOLLOWER at term 80 for DISCOVERED_A_NEW_TERM
2019-10-30 11:52:43,453 [9dbd5372-55c2-4532-b354-9494d3d545d2@group-F367C8FA5986-LeaderElection167] INFO  impl.RoleInfo (RoleInfo.java:shutdownLeaderElection(134)) - 9dbd5372-55c2-4532-b354-9494d3d545d2: shutdown LeaderElection
2019-10-30 11:52:43,453 [grpc-default-executor-4] INFO  impl.RaftServerImpl (RaftServerImpl.java:setRole(184)) - 4f16e274-8663-4a15-9c4c-c81f650ab979@group-83984122B78E: changes role from  FOLLOWER to FOLLOWER at term 91 for recognizeCandidate:f26e10ed-fb17-49e6-a903-eadc130d13d1
2019-10-30 11:52:43,453 [9dbd5372-55c2-4532-b354-9494d3d545d2@group-F367C8FA5986-LeaderElection167] INFO  impl.RoleInfo (RoleInfo.java:updateAndGet(143)) - 9dbd5372-55c2-4532-b354-9494d3d545d2: start FollowerState
2019-10-30 11:52:43,453 [grpc-default-executor-8] INFO  impl.RaftServerImpl (RaftServerImpl.java:setRole(184)) - 4cc44201-a597-43af-a4ec-5b1b407a6250@group-83984122B78E: changes role from  FOLLOWER to FOLLOWER at term 91 for recognizeCandidate:f26e10ed-fb17-49e6-a903-eadc130d13d1
2019-10-30 11:52:43,454 [grpc-default-executor-8] INFO  impl.RoleInfo (RoleInfo.java:shutdownFollowerState(121)) - 4cc44201-a597-43af-a4ec-5b1b407a6250: shutdown FollowerState
2019-10-30 11:52:43,453 [grpc-default-executor-4] INFO  impl.RoleInfo (RoleInfo.java:shutdownFollowerState(121)) - 4f16e274-8663-4a15-9c4c-c81f650ab979: shutdown FollowerState
2019-10-30 11:52:43,454 [Thread-1450] INFO  impl.FollowerState (FollowerState.java:run(117)) - 4cc44201-a597-43af-a4ec-5b1b407a6250@group-83984122B78E-FollowerState was interrupted: java.lang.InterruptedException: sleep interrupted
2019-10-30 11:52:43,454 [grpc-default-executor-8] INFO  impl.RoleInfo (RoleInfo.java:updateAndGet(143)) - 4cc44201-a597-43af-a4ec-5b1b407a6250: start FollowerState
2019-10-30 11:52:43,454 [Thread-1449] INFO  impl.FollowerState (FollowerState.java:run(117)) - 4f16e274-8663-4a15-9c4c-c81f650ab979@group-83984122B78E-FollowerState was interrupted: java.lang.InterruptedException: sleep interrupted
2019-10-30 11:52:43,454 [grpc-default-executor-4] INFO  impl.RoleInfo (RoleInfo.java:updateAndGet(143)) - 4f16e274-8663-4a15-9c4c-c81f650ab979: start FollowerState
2019-10-30 11:52:43,466 [f26e10ed-fb17-49e6-a903-eadc130d13d1@group-83984122B78E-LeaderElection168] INFO  impl.LeaderElection (LeaderElection.java:logAndReturn(56)) - f26e10ed-fb17-49e6-a903-eadc130d13d1@group-83984122B78E-LeaderElection168: Election REJECTED; received 2 response(s) [f26e10ed-fb17-49e6-a903-eadc130d13d1<-4f16e274-8663-4a15-9c4c-c81f650ab979#0:FAIL-t91, f26e10ed-fb17-49e6-a903-eadc130d13d1<-4cc44201-a597-43af-a4ec-5b1b407a6250#0:FAIL-t91] and 0 exception(s); f26e10ed-fb17-49e6-a903-eadc130d13d1@group-83984122B78E:t91, leader=null, voted=f26e10ed-fb17-49e6-a903-eadc130d13d1, raftlog=f26e10ed-fb17-49e6-a903-eadc130d13d1@group-83984122B78E-SegmentedRaftLog:OPENED:c-1,f-1,i0, conf=-1: [4f16e274-8663-4a15-9c4c-c81f650ab979:192.168.157.220:38181, 4cc44201-a597-43af-a4ec-5b1b407a6250:192.168.157.220:36685, f26e10ed-fb17-49e6-a903-eadc130d13d1:192.168.157.220:32806], old=null
2019-10-30 11:52:43,466 [f26e10ed-fb17-49e6-a903-eadc130d13d1@group-83984122B78E-LeaderElection168] INFO  impl.RaftServerImpl (RaftServerImpl.java:setRole(184)) - f26e10ed-fb17-49e6-a903-eadc130d13d1@group-83984122B78E: changes role from CANDIDATE to FOLLOWER at term 91 for DISCOVERED_A_NEW_TERM
2019-10-30 11:52:43,466 [f26e10ed-fb17-49e6-a903-eadc130d13d1@group-83984122B78E-LeaderElection168] INFO  impl.RoleInfo (RoleInfo.java:shutdownLeaderElection(134)) - f26e10ed-fb17-49e6-a903-eadc130d13d1: shutdown LeaderElection
2019-10-30 11:52:43,466 [f26e10ed-fb17-49e6-a903-eadc130d13d1@group-83984122B78E-LeaderElection168] INFO  impl.RoleInfo (RoleInfo.java:updateAndGet(143)) - f26e10ed-fb17-49e6-a903-eadc130d13d1: start FollowerState
2019-10-30 11:52:43,571 [Thread-1476] INFO  impl.FollowerState (FollowerState.java:run(108)) - f26e10ed-fb17-49e6-a903-eadc130d13d1@group-83984122B78E-FollowerState: change to CANDIDATE, lastRpcTime:104ms, electionTimeout:104ms
2019-10-30 11:52:43,571 [Thread-1476] INFO  impl.RoleInfo (RoleInfo.java:shutdownFollowerState(121)) - f26e10ed-fb17-49e6-a903-eadc130d13d1: shutdown FollowerState
2019-10-30 11:52:43,571 [Thread-1476] INFO  impl.RaftServerImpl (RaftServerImpl.java:setRole(184)) - f26e10ed-fb17-49e6-a903-eadc130d13d1@group-83984122B78E: changes role from  FOLLOWER to CANDIDATE at term 91 for changeToCandidate
2019-10-30 11:52:43,571 [Thread-1476] INFO  impl.RoleInfo (RoleInfo.java:updateAndGet(143)) - f26e10ed-fb17-49e6-a903-eadc130d13d1: start LeaderElection
2019-10-30 11:52:43,574 [f26e10ed-fb17-49e6-a903-eadc130d13d1@group-83984122B78E-LeaderElection169] INFO  impl.LeaderElection (LeaderElection.java:askForVotes(178)) - f26e10ed-fb17-49e6-a903-eadc130d13d1@group-83984122B78E-LeaderElection169: begin an election at term 92 for -1: [4f16e274-8663-4a15-9c4c-c81f650ab979:192.168.157.220:38181, 4cc44201-a597-43af-a4ec-5b1b407a6250:192.168.157.220:36685, f26e10ed-fb17-49e6-a903-eadc130d13d1:192.168.157.220:32806], old=null
2019-10-30 11:52:43,576 [grpc-default-executor-8] INFO  impl.RaftServerImpl (RaftServerImpl.java:setRole(184)) - 4cc44201-a597-43af-a4ec-5b1b407a6250@group-83984122B78E: changes role from  FOLLOWER to FOLLOWER at term 92 for recognizeCandidate:f26e10ed-fb17-49e6-a903-eadc130d13d1
2019-10-30 11:52:43,577 [grpc-default-executor-8] INFO  impl.RoleInfo (RoleInfo.java:shutdownFollowerState(121)) - 4cc44201-a597-43af-a4ec-5b1b407a6250: shutdown FollowerState
2019-10-30 11:52:43,577 [grpc-default-executor-4] INFO  impl.RaftServerImpl (RaftServerImpl.java:setRole(184)) - 4f16e274-8663-4a15-9c4c-c81f650ab979@group-83984122B78E: changes role from  FOLLOWER to FOLLOWER at term 92 for recognizeCandidate:f26e10ed-fb17-49e6-a903-eadc130d13d1
2019-10-30 11:52:43,577 [grpc-default-executor-4] INFO  impl.RoleInfo (RoleInfo.java:shutdownFollowerState(121)) - 4f16e274-8663-4a15-9c4c-c81f650ab979: shutdown FollowerState
2019-10-30 11:52:43,577 [grpc-default-executor-8] INFO  impl.RoleInfo (RoleInfo.java:updateAndGet(143)) - 4cc44201-a597-43af-a4ec-5b1b407a6250: start FollowerState
2019-10-30 11:52:43,577 [Thread-1475] INFO  impl.FollowerState (FollowerState.java:run(117)) - 4f16e274-8663-4a15-9c4c-c81f650ab979@group-83984122B78E-FollowerState was interrupted: java.lang.InterruptedException: sleep interrupted
2019-10-30 11:52:43,577 [grpc-default-executor-4] INFO  impl.RoleInfo (RoleInfo.java:updateAndGet(143)) - 4f16e274-8663-4a15-9c4c-c81f650ab979: start FollowerState
2019-10-30 11:52:43,577 [Thread-1474] INFO  impl.FollowerState (FollowerState.java:run(117)) - 4cc44201-a597-43af-a4ec-5b1b407a6250@group-83984122B78E-FollowerState was interrupted: java.lang.InterruptedException: sleep interrupted
2019-10-30 11:52:43,593 [f26e10ed-fb17-49e6-a903-eadc130d13d1@group-83984122B78E-LeaderElection169] INFO  impl.LeaderElection (LeaderElection.java:logAndReturn(56)) - f26e10ed-fb17-49e6-a903-eadc130d13d1@group-83984122B78E-LeaderElection169: Election REJECTED; received 2 response(s) [f26e10ed-fb17-49e6-a903-eadc130d13d1<-4f16e274-8663-4a15-9c4c-c81f650ab979#0:FAIL-t92, f26e10ed-fb17-49e6-a903-eadc130d13d1<-4cc44201-a597-43af-a4ec-5b1b407a6250#0:FAIL-t92] and 0 exception(s); f26e10ed-fb17-49e6-a903-eadc130d13d1@group-83984122B78E:t92, leader=null, voted=f26e10ed-fb17-49e6-a903-eadc130d13d1, raftlog=f26e10ed-fb17-49e6-a903-eadc130d13d1@group-83984122B78E-SegmentedRaftLog:OPENED:c-1,f-1,i0, conf=-1: [4f16e274-8663-4a15-9c4c-c81f650ab979:192.168.157.220:38181, 4cc44201-a597-43af-a4ec-5b1b407a6250:192.168.157.220:36685, f26e10ed-fb17-49e6-a903-eadc130d13d1:192.168.157.220:32806], old=null
2019-10-30 11:52:43,593 [f26e10ed-fb17-49e6-a903-eadc130d13d1@group-83984122B78E-LeaderElection169] INFO  impl.RaftServerImpl (RaftServerImpl.java:setRole(184)) - f26e10ed-fb17-49e6-a903-eadc130d13d1@group-83984122B78E: changes role from CANDIDATE to FOLLOWER at term 92 for DISCOVERED_A_NEW_TERM
2019-10-30 11:52:43,593 [f26e10ed-fb17-49e6-a903-eadc130d13d1@group-83984122B78E-LeaderElection169] INFO  impl.RoleInfo (RoleInfo.java:shutdownLeaderElection(134)) - f26e10ed-fb17-49e6-a903-eadc130d13d1: shutdown LeaderElection
2019-10-30 11:52:43,593 [f26e10ed-fb17-49e6-a903-eadc130d13d1@group-83984122B78E-LeaderElection169] INFO  impl.RoleInfo (RoleInfo.java:updateAndGet(143)) - f26e10ed-fb17-49e6-a903-eadc130d13d1: start FollowerState
2019-10-30 11:52:43,606 [Thread-1473] INFO  impl.FollowerState (FollowerState.java:run(108)) - 9dbd5372-55c2-4532-b354-9494d3d545d2@group-F367C8FA5986-FollowerState: change to CANDIDATE, lastRpcTime:152ms, electionTimeout:152ms
2019-10-30 11:52:43,606 [Thread-1473] INFO  impl.RoleInfo (RoleInfo.java:shutdownFollowerState(121)) - 9dbd5372-55c2-4532-b354-9494d3d545d2: shutdown FollowerState
2019-10-30 11:52:43,606 [Thread-1473] INFO  impl.RaftServerImpl (RaftServerImpl.java:setRole(184)) - 9dbd5372-55c2-4532-b354-9494d3d545d2@group-F367C8FA5986: changes role from  FOLLOWER to CANDIDATE at term 80 for changeToCandidate
2019-10-30 11:52:43,606 [Thread-1473] INFO  impl.RoleInfo (RoleInfo.java:updateAndGet(143)) - 9dbd5372-55c2-4532-b354-9494d3d545d2: start LeaderElection
2019-10-30 11:52:43,616 [Thread-1483] INFO  impl.FollowerState (FollowerState.java:run(108)) - f26e10ed-fb17-49e6-a903-eadc130d13d1@group-83984122B78E-FollowerState: change to CANDIDATE, lastRpcTime:23ms, electionTimeout:23ms
2019-10-30 11:52:43,617 [Thread-1483] INFO  impl.RoleInfo (RoleInfo.java:shutdownFollowerState(121)) - f26e10ed-fb17-49e6-a903-eadc130d13d1: shutdown FollowerState
2019-10-30 11:52:43,617 [Thread-1483] INFO  impl.RaftServerImpl (RaftServerImpl.java:setRole(184)) - f26e10ed-fb17-49e6-a903-eadc130d13d1@group-83984122B78E: changes role from  FOLLOWER to CANDIDATE at term 92 for changeToCandidate
2019-10-30 11:52:43,617 [Thread-1483] INFO  impl.RoleInfo (RoleInfo.java:updateAndGet(143)) - f26e10ed-fb17-49e6-a903-eadc130d13d1: start LeaderElection
2019-10-30 11:52:43,620 [9dbd5372-55c2-4532-b354-9494d3d545d2@group-F367C8FA5986-LeaderElection170] INFO  impl.LeaderElection (LeaderElection.java:askForVotes(178)) - 9dbd5372-55c2-4532-b354-9494d3d545d2@group-F367C8FA5986-LeaderElection170: begin an election at term 81 for -1: [9b3ef6c9-0245-4756-bf80-45d41f7a4453:192.168.157.220:37058, cd11b2f5-3187-4d03-bd60-931991550c17:192.168.157.220:43236, 9dbd5372-55c2-4532-b354-9494d3d545d2:192.168.157.220:42993], old=null
2019-10-30 11:52:43,622 [grpc-default-executor-4] INFO  impl.RaftServerImpl (RaftServerImpl.java:setRole(184)) - 9b3ef6c9-0245-4756-bf80-45d41f7a4453@group-F367C8FA5986: changes role from  FOLLOWER to FOLLOWER at term 81 for recognizeCandidate:9dbd5372-55c2-4532-b354-9494d3d545d2
2019-10-30 11:52:43,622 [grpc-default-executor-4] INFO  impl.RoleInfo (RoleInfo.java:shutdownFollowerState(121)) - 9b3ef6c9-0245-4756-bf80-45d41f7a4453: shutdown FollowerState
2019-10-30 11:52:43,622 [grpc-default-executor-8] INFO  impl.RaftServerImpl (RaftServerImpl.java:setRole(184)) - cd11b2f5-3187-4d03-bd60-931991550c17@group-F367C8FA5986: changes role from  FOLLOWER to FOLLOWER at term 81 for recognizeCandidate:9dbd5372-55c2-4532-b354-9494d3d545d2
2019-10-30 11:52:43,623 [Thread-1468] INFO  impl.FollowerState (FollowerState.java:run(117)) - 9b3ef6c9-0245-4756-bf80-45d41f7a4453@group-F367C8FA5986-FollowerState was interrupted: java.lang.InterruptedException: sleep interrupted
2019-10-30 11:52:43,622 [grpc-default-executor-4] INFO  impl.RoleInfo (RoleInfo.java:updateAndGet(143)) - 9b3ef6c9-0245-4756-bf80-45d41f7a4453: start FollowerState
2019-10-30 11:52:43,623 [f26e10ed-fb17-49e6-a903-eadc130d13d1@group-83984122B78E-LeaderElection171] INFO  impl.LeaderElection (LeaderElection.java:askForVotes(178)) - f26e10ed-fb17-49e6-a903-eadc130d13d1@group-83984122B78E-LeaderElection171: begin an election at term 93 for -1: [4f16e274-8663-4a15-9c4c-c81f650ab979:192.168.157.220:38181, 4cc44201-a597-43af-a4ec-5b1b407a6250:192.168.157.220:36685, f26e10ed-fb17-49e6-a903-eadc130d13d1:192.168.157.220:32806], old=null
2019-10-30 11:52:43,623 [grpc-default-executor-8] INFO  impl.RoleInfo (RoleInfo.java:shutdownFollowerState(121)) - cd11b2f5-3187-4d03-bd60-931991550c17: shutdown FollowerState
2019-10-30 11:52:43,623 [grpc-default-executor-8] INFO  impl.RoleInfo (RoleInfo.java:updateAndGet(143)) - cd11b2f5-3187-4d03-bd60-931991550c17: start FollowerState
2019-10-30 11:52:43,623 [Thread-1467] INFO  impl.FollowerState (FollowerState.java:run(117)) - cd11b2f5-3187-4d03-bd60-931991550c17@group-F367C8FA5986-FollowerState was interrupted: java.lang.InterruptedException: sleep interrupted
2019-10-30 11:52:43,625 [grpc-default-executor-6] INFO  impl.RaftServerImpl (RaftServerImpl.java:setRole(184)) - 4f16e274-8663-4a15-9c4c-c81f650ab979@group-83984122B78E: changes role from  FOLLOWER to FOLLOWER at term 93 for recognizeCandidate:f26e10ed-fb17-49e6-a903-eadc130d13d1
2019-10-30 11:52:43,625 [grpc-default-executor-1] INFO  impl.RaftServerImpl (RaftServerImpl.java:setRole(184)) - 4cc44201-a597-43af-a4ec-5b1b407a6250@group-83984122B78E: changes role from  FOLLOWER to FOLLOWER at term 93 for recognizeCandidate:f26e10ed-fb17-49e6-a903-eadc130d13d1
2019-10-30 11:52:43,625 [grpc-default-executor-6] INFO  impl.RoleInfo (RoleInfo.java:shutdownFollowerState(121)) - 4f16e274-8663-4a15-9c4c-c81f650ab979: shutdown FollowerState
2019-10-30 11:52:43,625 [grpc-default-executor-1] INFO  impl.RoleInfo (RoleInfo.java:shutdownFollowerState(121)) - 4cc44201-a597-43af-a4ec-5b1b407a6250: shutdown FollowerState
2019-10-30 11:52:43,625 [grpc-default-executor-6] INFO  impl.RoleInfo (RoleInfo.java:updateAndGet(143)) - 4f16e274-8663-4a15-9c4c-c81f650ab979: start FollowerState
2019-10-30 11:52:43,625 [Thread-1481] INFO  impl.FollowerState (FollowerState.java:run(117)) - 4cc44201-a597-43af-a4ec-5b1b407a6250@group-83984122B78E-FollowerState was interrupted: java.lang.InterruptedException: sleep interrupted
2019-10-30 11:52:43,625 [Thread-1482] INFO  impl.FollowerState (FollowerState.java:run(117)) - 4f16e274-8663-4a15-9c4c-c81f650ab979@group-83984122B78E-FollowerState was interrupted: java.lang.InterruptedException: sleep interrupted
2019-10-30 11:52:43,625 [grpc-default-executor-1] INFO  impl.RoleInfo (RoleInfo.java:updateAndGet(143)) - 4cc44201-a597-43af-a4ec-5b1b407a6250: start FollowerState
2019-10-30 11:52:43,637 [f26e10ed-fb17-49e6-a903-eadc130d13d1@group-83984122B78E-LeaderElection171] INFO  impl.LeaderElection (LeaderElection.java:logAndReturn(56)) - f26e10ed-fb17-49e6-a903-eadc130d13d1@group-83984122B78E-LeaderElection171: Election REJECTED; received 2 response(s) [f26e10ed-fb17-49e6-a903-eadc130d13d1<-4f16e274-8663-4a15-9c4c-c81f650ab979#0:FAIL-t93, f26e10ed-fb17-49e6-a903-eadc130d13d1<-4cc44201-a597-43af-a4ec-5b1b407a6250#0:FAIL-t93] and 0 exception(s); f26e10ed-fb17-49e6-a903-eadc130d13d1@group-83984122B78E:t93, leader=null, voted=f26e10ed-fb17-49e6-a903-eadc130d13d1, raftlog=f26e10ed-fb17-49e6-a903-eadc130d13d1@group-83984122B78E-SegmentedRaftLog:OPENED:c-1,f-1,i0, conf=-1: [4f16e274-8663-4a15-9c4c-c81f650ab979:192.168.157.220:38181, 4cc44201-a597-43af-a4ec-5b1b407a6250:192.168.157.220:36685, f26e10ed-fb17-49e6-a903-eadc130d13d1:192.168.157.220:32806], old=null
2019-10-30 11:52:43,637 [f26e10ed-fb17-49e6-a903-eadc130d13d1@group-83984122B78E-LeaderElection171] INFO  impl.RaftServerImpl (RaftServerImpl.java:setRole(184)) - f26e10ed-fb17-49e6-a903-eadc130d13d1@group-83984122B78E: changes role from CANDIDATE to FOLLOWER at term 93 for DISCOVERED_A_NEW_TERM
2019-10-30 11:52:43,637 [f26e10ed-fb17-49e6-a903-eadc130d13d1@group-83984122B78E-LeaderElection171] INFO  impl.RoleInfo (RoleInfo.java:shutdownLeaderElection(134)) - f26e10ed-fb17-49e6-a903-eadc130d13d1: shutdown LeaderElection
2019-10-30 11:52:43,637 [f26e10ed-fb17-49e6-a903-eadc130d13d1@group-83984122B78E-LeaderElection171] INFO  impl.RoleInfo (RoleInfo.java:updateAndGet(143)) - f26e10ed-fb17-49e6-a903-eadc130d13d1: start FollowerState
2019-10-30 11:52:43,637 [9dbd5372-55c2-4532-b354-9494d3d545d2@group-F367C8FA5986-LeaderElection170] INFO  impl.LeaderElection (LeaderElection.java:logAndReturn(56)) - 9dbd5372-55c2-4532-b354-9494d3d545d2@group-F367C8FA5986-LeaderElection170: Election REJECTED; received 2 response(s) [9dbd5372-55c2-4532-b354-9494d3d545d2<-9b3ef6c9-0245-4756-bf80-45d41f7a4453#0:FAIL-t81, 9dbd5372-55c2-4532-b354-9494d3d545d2<-cd11b2f5-3187-4d03-bd60-931991550c17#0:FAIL-t81] and 0 exception(s); 9dbd5372-55c2-4532-b354-9494d3d545d2@group-F367C8FA5986:t81, leader=null, voted=9dbd5372-55c2-4532-b354-9494d3d545d2, raftlog=9dbd5372-55c2-4532-b354-9494d3d545d2@group-F367C8FA5986-SegmentedRaftLog:OPENED:c-1,f-1,i0, conf=-1: [9b3ef6c9-0245-4756-bf80-45d41f7a4453:192.168.157.220:37058, cd11b2f5-3187-4d03-bd60-931991550c17:192.168.157.220:43236, 9dbd5372-55c2-4532-b354-9494d3d545d2:192.168.157.220:42993], old=null
2019-10-30 11:52:43,638 [9dbd5372-55c2-4532-b354-9494d3d545d2@group-F367C8FA5986-LeaderElection170] INFO  impl.RaftServerImpl (RaftServerImpl.java:setRole(184)) - 9dbd5372-55c2-4532-b354-9494d3d545d2@group-F367C8FA5986: changes role from CANDIDATE to FOLLOWER at term 81 for DISCOVERED_A_NEW_TERM
2019-10-30 11:52:43,638 [9dbd5372-55c2-4532-b354-9494d3d545d2@group-F367C8FA5986-LeaderElection170] INFO  impl.RoleInfo (RoleInfo.java:shutdownLeaderElection(134)) - 9dbd5372-55c2-4532-b354-9494d3d545d2: shutdown LeaderElection
2019-10-30 11:52:43,638 [9dbd5372-55c2-4532-b354-9494d3d545d2@group-F367C8FA5986-LeaderElection170] INFO  impl.RoleInfo (RoleInfo.java:updateAndGet(143)) - 9dbd5372-55c2-4532-b354-9494d3d545d2: start FollowerState
2019-10-30 11:52:43,814 [Thread-1495] INFO  impl.FollowerState (FollowerState.java:run(108)) - 9dbd5372-55c2-4532-b354-9494d3d545d2@group-F367C8FA5986-FollowerState: change to CANDIDATE, lastRpcTime:176ms, electionTimeout:176ms
2019-10-30 11:52:43,814 [Thread-1495] INFO  impl.RoleInfo (RoleInfo.java:shutdownFollowerState(121)) - 9dbd5372-55c2-4532-b354-9494d3d545d2: shutdown FollowerState
2019-10-30 11:52:43,814 [Thread-1495] INFO  impl.RaftServerImpl (RaftServerImpl.java:setRole(184)) - 9dbd5372-55c2-4532-b354-9494d3d545d2@group-F367C8FA5986: changes role from  FOLLOWER to CANDIDATE at term 81 for changeToCandidate
2019-10-30 11:52:43,829 [Thread-1495] INFO  impl.RoleInfo (RoleInfo.java:updateAndGet(143)) - 9dbd5372-55c2-4532-b354-9494d3d545d2: start LeaderElection
2019-10-30 11:52:43,836 [Thread-1494] INFO  impl.FollowerState (FollowerState.java:run(108)) - f26e10ed-fb17-49e6-a903-eadc130d13d1@group-83984122B78E-FollowerState: change to CANDIDATE, lastRpcTime:199ms, electionTimeout:199ms
2019-10-30 11:52:43,836 [Thread-1494] INFO  impl.RoleInfo (RoleInfo.java:shutdownFollowerState(121)) - f26e10ed-fb17-49e6-a903-eadc130d13d1: shutdown FollowerState
2019-10-30 11:52:43,836 [Thread-1494] INFO  impl.RaftServerImpl (RaftServerImpl.java:setRole(184)) - f26e10ed-fb17-49e6-a903-eadc130d13d1@group-83984122B78E: changes role from  FOLLOWER to CANDIDATE at term 93 for changeToCandidate
2019-10-30 11:52:43,838 [9dbd5372-55c2-4532-b354-9494d3d545d2@group-F367C8FA5986-LeaderElection172] INFO  impl.LeaderElection (LeaderElection.java:askForVotes(178)) - 9dbd5372-55c2-4532-b354-9494d3d545d2@group-F367C8FA5986-LeaderElection172: begin an election at term 82 for -1: [9b3ef6c9-0245-4756-bf80-45d41f7a4453:192.168.157.220:37058, cd11b2f5-3187-4d03-bd60-931991550c17:192.168.157.220:43236, 9dbd5372-55c2-4532-b354-9494d3d545d2:192.168.157.220:42993], old=null
2019-10-30 11:52:43,850 [Thread-1494] INFO  impl.RoleInfo (RoleInfo.java:updateAndGet(143)) - f26e10ed-fb17-49e6-a903-eadc130d13d1: start LeaderElection
2019-10-30 11:52:43,852 [grpc-default-executor-1] INFO  impl.RaftServerImpl (RaftServerImpl.java:setRole(184)) - cd11b2f5-3187-4d03-bd60-931991550c17@group-F367C8FA5986: changes role from  FOLLOWER to FOLLOWER at term 82 for recognizeCandidate:9dbd5372-55c2-4532-b354-9494d3d545d2
2019-10-30 11:52:43,852 [grpc-default-executor-6] INFO  impl.RaftServerImpl (RaftServerImpl.java:setRole(184)) - 9b3ef6c9-0245-4756-bf80-45d41f7a4453@group-F367C8FA5986: changes role from  FOLLOWER to FOLLOWER at term 82 for recognizeCandidate:9dbd5372-55c2-4532-b354-9494d3d545d2
2019-10-30 11:52:43,852 [grpc-default-executor-1] INFO  impl.RoleInfo (RoleInfo.java:shutdownFollowerState(121)) - cd11b2f5-3187-4d03-bd60-931991550c17: shutdown FollowerState
2019-10-30 11:52:43,852 [grpc-default-executor-6] INFO  impl.RoleInfo (RoleInfo.java:shutdownFollowerState(121)) - 9b3ef6c9-0245-4756-bf80-45d41f7a4453: shutdown FollowerState
2019-10-30 11:52:43,857 [f26e10ed-fb17-49e6-a903-eadc130d13d1@group-83984122B78E-LeaderElection173] INFO  impl.LeaderElection (LeaderElection.java:askForVotes(178)) - f26e10ed-fb17-49e6-a903-eadc130d13d1@group-83984122B78E-LeaderElection173: begin an election at term 94 for -1: [4f16e274-8663-4a15-9c4c-c81f650ab979:192.168.157.220:38181, 4cc44201-a597-43af-a4ec-5b1b407a6250:192.168.157.220:36685, f26e10ed-fb17-49e6-a903-eadc130d13d1:192.168.157.220:32806], old=null
2019-10-30 11:52:43,872 [grpc-default-executor-6] INFO  impl.RoleInfo (RoleInfo.java:updateAndGet(143)) - 9b3ef6c9-0245-4756-bf80-45d41f7a4453: start FollowerState
2019-10-30 11:52:43,872 [Thread-1488] INFO  impl.FollowerState (FollowerState.java:run(117)) - 9b3ef6c9-0245-4756-bf80-45d41f7a4453@group-F367C8FA5986-FollowerState was interrupted: java.lang.InterruptedException: sleep interrupted
2019-10-30 11:52:43,872 [Thread-1490] INFO  impl.FollowerState (FollowerState.java:run(117)) - cd11b2f5-3187-4d03-bd60-931991550c17@group-F367C8FA5986-FollowerState was interrupted: java.lang.InterruptedException: sleep interrupted
2019-10-30 11:52:43,872 [grpc-default-executor-1] INFO  impl.RoleInfo (RoleInfo.java:updateAndGet(143)) - cd11b2f5-3187-4d03-bd60-931991550c17: start FollowerState
2019-10-30 11:52:43,875 [grpc-default-executor-4] INFO  impl.RaftServerImpl (RaftServerImpl.java:setRole(184)) - 4f16e274-8663-4a15-9c4c-c81f650ab979@group-83984122B78E: changes role from  FOLLOWER to FOLLOWER at term 94 for recognizeCandidate:f26e10ed-fb17-49e6-a903-eadc130d13d1
2019-10-30 11:52:43,875 [grpc-default-executor-4] INFO  impl.RoleInfo (RoleInfo.java:shutdownFollowerState(121)) - 4f16e274-8663-4a15-9c4c-c81f650ab979: shutdown FollowerState
2019-10-30 11:52:43,875 [grpc-default-executor-8] INFO  impl.RaftServerImpl (RaftServerImpl.java:setRole(184)) - 4cc44201-a597-43af-a4ec-5b1b407a6250@group-83984122B78E: changes role from  FOLLOWER to FOLLOWER at term 94 for recognizeCandidate:f26e10ed-fb17-49e6-a903-eadc130d13d1
2019-10-30 11:52:43,875 [Thread-1492] INFO  impl.FollowerState (FollowerState.java:run(117)) - 4f16e274-8663-4a15-9c4c-c81f650ab979@group-83984122B78E-FollowerState was interrupted: java.lang.InterruptedException: sleep interrupted
2019-10-30 11:52:43,875 [grpc-default-executor-4] INFO  impl.RoleInfo (RoleInfo.java:updateAndGet(143)) - 4f16e274-8663-4a15-9c4c-c81f650ab979: start FollowerState
2019-10-30 11:52:43,875 [grpc-default-executor-8] INFO  impl.RoleInfo (RoleInfo.java:shutdownFollowerState(121)) - 4cc44201-a597-43af-a4ec-5b1b407a6250: shutdown FollowerState
2019-10-30 11:52:43,895 [Thread-1493] INFO  impl.FollowerState (FollowerState.java:run(117)) - 4cc44201-a597-43af-a4ec-5b1b407a6250@group-83984122B78E-FollowerState was interrupted: java.lang.InterruptedException: sleep interrupted
2019-10-30 11:52:43,895 [grpc-default-executor-8] INFO  impl.RoleInfo (RoleInfo.java:updateAndGet(143)) - 4cc44201-a597-43af-a4ec-5b1b407a6250: start FollowerState
2019-10-30 11:52:43,896 [9dbd5372-55c2-4532-b354-9494d3d545d2@group-F367C8FA5986-LeaderElection172] INFO  impl.LeaderElection (LeaderElection.java:logAndReturn(56)) - 9dbd5372-55c2-4532-b354-9494d3d545d2@group-F367C8FA5986-LeaderElection172: Election REJECTED; received 2 response(s) [9dbd5372-55c2-4532-b354-9494d3d545d2<-9b3ef6c9-0245-4756-bf80-45d41f7a4453#0:FAIL-t82, 9dbd5372-55c2-4532-b354-9494d3d545d2<-cd11b2f5-3187-4d03-bd60-931991550c17#0:FAIL-t82] and 0 exception(s); 9dbd5372-55c2-4532-b354-9494d3d545d2@group-F367C8FA5986:t82, leader=null, voted=9dbd5372-55c2-4532-b354-9494d3d545d2, raftlog=9dbd5372-55c2-4532-b354-9494d3d545d2@group-F367C8FA5986-SegmentedRaftLog:OPENED:c-1,f-1,i0, conf=-1: [9b3ef6c9-0245-4756-bf80-45d41f7a4453:192.168.157.220:37058, cd11b2f5-3187-4d03-bd60-931991550c17:192.168.157.220:43236, 9dbd5372-55c2-4532-b354-9494d3d545d2:192.168.157.220:42993], old=null
2019-10-30 11:52:43,896 [9dbd5372-55c2-4532-b354-9494d3d545d2@group-F367C8FA5986-LeaderElection172] INFO  impl.RaftServerImpl (RaftServerImpl.java:setRole(184)) - 9dbd5372-55c2-4532-b354-9494d3d545d2@group-F367C8FA5986: changes role from CANDIDATE to FOLLOWER at term 82 for DISCOVERED_A_NEW_TERM
2019-10-30 11:52:43,896 [9dbd5372-55c2-4532-b354-9494d3d545d2@group-F367C8FA5986-LeaderElection172] INFO  impl.RoleInfo (RoleInfo.java:shutdownLeaderElection(134)) - 9dbd5372-55c2-4532-b354-9494d3d545d2: shutdown LeaderElection
2019-10-30 11:52:43,896 [9dbd5372-55c2-4532-b354-9494d3d545d2@group-F367C8FA5986-LeaderElection172] INFO  impl.RoleInfo (RoleInfo.java:updateAndGet(143)) - 9dbd5372-55c2-4532-b354-9494d3d545d2: start FollowerState
2019-10-30 11:52:43,908 [f26e10ed-fb17-49e6-a903-eadc130d13d1@group-83984122B78E-LeaderElection173] INFO  impl.LeaderElection (LeaderElection.java:logAndReturn(56)) - f26e10ed-fb17-49e6-a903-eadc130d13d1@group-83984122B78E-LeaderElection173: Election TIMEOUT; received 0 response(s) [] and 0 exception(s); f26e10ed-fb17-49e6-a903-eadc130d13d1@group-83984122B78E:t94, leader=null, voted=f26e10ed-fb17-49e6-a903-eadc130d13d1, raftlog=f26e10ed-fb17-49e6-a903-eadc130d13d1@group-83984122B78E-SegmentedRaftLog:OPENED:c-1,f-1,i0, conf=-1: [4f16e274-8663-4a15-9c4c-c81f650ab979:192.168.157.220:38181, 4cc44201-a597-43af-a4ec-5b1b407a6250:192.168.157.220:36685, f26e10ed-fb17-49e6-a903-eadc130d13d1:192.168.157.220:32806], old=null
2019-10-30 11:52:43,924 [f26e10ed-fb17-49e6-a903-eadc130d13d1@group-83984122B78E-LeaderElection173] INFO  impl.LeaderElection (LeaderElection.java:askForVotes(178)) - f26e10ed-fb17-49e6-a903-eadc130d13d1@group-83984122B78E-LeaderElection173: begin an election at term 95 for -1: [4f16e274-8663-4a15-9c4c-c81f650ab979:192.168.157.220:38181, 4cc44201-a597-43af-a4ec-5b1b407a6250:192.168.157.220:36685, f26e10ed-fb17-49e6-a903-eadc130d13d1:192.168.157.220:32806], old=null
2019-10-30 11:52:43,942 [grpc-default-executor-8] INFO  impl.RaftServerImpl (RaftServerImpl.java:setRole(184)) - 4cc44201-a597-43af-a4ec-5b1b407a6250@group-83984122B78E: changes role from  FOLLOWER to FOLLOWER at term 95 for recognizeCandidate:f26e10ed-fb17-49e6-a903-eadc130d13d1
2019-10-30 11:52:43,942 [grpc-default-executor-1] INFO  impl.RaftServerImpl (RaftServerImpl.java:setRole(184)) - 4f16e274-8663-4a15-9c4c-c81f650ab979@group-83984122B78E: changes role from  FOLLOWER to FOLLOWER at term 95 for recognizeCandidate:f26e10ed-fb17-49e6-a903-eadc130d13d1
2019-10-30 11:52:43,942 [grpc-default-executor-1] INFO  impl.RoleInfo (RoleInfo.java:shutdownFollowerState(121)) - 4f16e274-8663-4a15-9c4c-c81f650ab979: shutdown FollowerState
2019-10-30 11:52:43,942 [grpc-default-executor-8] INFO  impl.RoleInfo (RoleInfo.java:shutdownFollowerState(121)) - 4cc44201-a597-43af-a4ec-5b1b407a6250: shutdown FollowerState
2019-10-30 11:52:43,942 [Thread-1504] INFO  impl.FollowerState (FollowerState.java:run(117)) - 4f16e274-8663-4a15-9c4c-c81f650ab979@group-83984122B78E-FollowerState was interrupted: java.lang.InterruptedException: sleep interrupted
2019-10-30 11:52:43,942 [grpc-default-executor-1] INFO  impl.RoleInfo (RoleInfo.java:updateAndGet(143)) - 4f16e274-8663-4a15-9c4c-c81f650ab979: start FollowerState
2019-10-30 11:52:43,942 [Thread-1505] INFO  impl.FollowerState (FollowerState.java:run(117)) - 4cc44201-a597-43af-a4ec-5b1b407a6250@group-83984122B78E-FollowerState was interrupted: java.lang.InterruptedException: sleep interrupted
2019-10-30 11:52:43,942 [grpc-default-executor-8] INFO  impl.RoleInfo (RoleInfo.java:updateAndGet(143)) - 4cc44201-a597-43af-a4ec-5b1b407a6250: start FollowerState
2019-10-30 11:52:43,954 [f26e10ed-fb17-49e6-a903-eadc130d13d1@group-83984122B78E-LeaderElection173] INFO  impl.LeaderElection (LeaderElection.java:logAndReturn(56)) - f26e10ed-fb17-49e6-a903-eadc130d13d1@group-83984122B78E-LeaderElection173: Election REJECTED; received 2 response(s) [f26e10ed-fb17-49e6-a903-eadc130d13d1<-4f16e274-8663-4a15-9c4c-c81f650ab979#0:FAIL-t95, f26e10ed-fb17-49e6-a903-eadc130d13d1<-4cc44201-a597-43af-a4ec-5b1b407a6250#0:FAIL-t95] and 0 exception(s); f26e10ed-fb17-49e6-a903-eadc130d13d1@group-83984122B78E:t95, leader=null, voted=f26e10ed-fb17-49e6-a903-eadc130d13d1, raftlog=f26e10ed-fb17-49e6-a903-eadc130d13d1@group-83984122B78E-SegmentedRaftLog:OPENED:c-1,f-1,i0, conf=-1: [4f16e274-8663-4a15-9c4c-c81f650ab979:192.168.157.220:38181, 4cc44201-a597-43af-a4ec-5b1b407a6250:192.168.157.220:36685, f26e10ed-fb17-49e6-a903-eadc130d13d1:192.168.157.220:32806], old=null
2019-10-30 11:52:43,954 [f26e10ed-fb17-49e6-a903-eadc130d13d1@group-83984122B78E-LeaderElection173] INFO  impl.RaftServerImpl (RaftServerImpl.java:setRole(184)) - f26e10ed-fb17-49e6-a903-eadc130d13d1@group-83984122B78E: changes role from CANDIDATE to FOLLOWER at term 95 for DISCOVERED_A_NEW_TERM
2019-10-30 11:52:43,954 [f26e10ed-fb17-49e6-a903-eadc130d13d1@group-83984122B78E-LeaderElection173] INFO  impl.RoleInfo (RoleInfo.java:shutdownLeaderElection(134)) - f26e10ed-fb17-49e6-a903-eadc130d13d1: shutdown LeaderElection
2019-10-30 11:52:43,954 [f26e10ed-fb17-49e6-a903-eadc130d13d1@group-83984122B78E-LeaderElection173] INFO  impl.RoleInfo (RoleInfo.java:updateAndGet(143)) - f26e10ed-fb17-49e6-a903-eadc130d13d1: start FollowerState
2019-10-30 11:52:44,021 [Thread-1512] INFO  impl.FollowerState (FollowerState.java:run(108)) - f26e10ed-fb17-49e6-a903-eadc130d13d1@group-83984122B78E-FollowerState: change to CANDIDATE, lastRpcTime:66ms, electionTimeout:66ms
2019-10-30 11:52:44,021 [Thread-1512] INFO  impl.RoleInfo (RoleInfo.java:shutdownFollowerState(121)) - f26e10ed-fb17-49e6-a903-eadc130d13d1: shutdown FollowerState
2019-10-30 11:52:44,021 [Thread-1512] INFO  impl.RaftServerImpl (RaftServerImpl.java:setRole(184)) - f26e10ed-fb17-49e6-a903-eadc130d13d1@group-83984122B78E: changes role from  FOLLOWER to CANDIDATE at term 95 for changeToCandidate
2019-10-30 11:52:44,021 [Thread-1512] INFO  impl.RoleInfo (RoleInfo.java:updateAndGet(143)) - f26e10ed-fb17-49e6-a903-eadc130d13d1: start LeaderElection
2019-10-30 11:52:44,023 [Thread-1506] INFO  impl.FollowerState (FollowerState.java:run(108)) - 9dbd5372-55c2-4532-b354-9494d3d545d2@group-F367C8FA5986-FollowerState: change to CANDIDATE, lastRpcTime:126ms, electionTimeout:126ms
2019-10-30 11:52:44,023 [Thread-1506] INFO  impl.RoleInfo (RoleInfo.java:shutdownFollowerState(121)) - 9dbd5372-55c2-4532-b354-9494d3d545d2: shutdown FollowerState
2019-10-30 11:52:44,023 [Thread-1506] INFO  impl.RaftServerImpl (RaftServerImpl.java:setRole(184)) - 9dbd5372-55c2-4532-b354-9494d3d545d2@group-F367C8FA5986: changes role from  FOLLOWER to CANDIDATE at term 82 for changeToCandidate
2019-10-30 11:52:44,023 [Thread-1506] INFO  impl.RoleInfo (RoleInfo.java:updateAndGet(143)) - 9dbd5372-55c2-4532-b354-9494d3d545d2: start LeaderElection
2019-10-30 11:52:44,025 [f26e10ed-fb17-49e6-a903-eadc130d13d1@group-83984122B78E-LeaderElection174] INFO  impl.LeaderElection (LeaderElection.java:askForVotes(178)) - f26e10ed-fb17-49e6-a903-eadc130d13d1@group-83984122B78E-LeaderElection174: begin an election at term 96 for -1: [4f16e274-8663-4a15-9c4c-c81f650ab979:192.168.157.220:38181, 4cc44201-a597-43af-a4ec-5b1b407a6250:192.168.157.220:36685, f26e10ed-fb17-49e6-a903-eadc130d13d1:192.168.157.220:32806], old=null
2019-10-30 11:52:44,027 [grpc-default-executor-1] INFO  impl.RaftServerImpl (RaftServerImpl.java:setRole(184)) - 4cc44201-a597-43af-a4ec-5b1b407a6250@group-83984122B78E: changes role from  FOLLOWER to FOLLOWER at term 96 for recognizeCandidate:f26e10ed-fb17-49e6-a903-eadc130d13d1
2019-10-30 11:52:44,027 [grpc-default-executor-1] INFO  impl.RoleInfo (RoleInfo.java:shutdownFollowerState(121)) - 4cc44201-a597-43af-a4ec-5b1b407a6250: shutdown FollowerState
2019-10-30 11:52:44,027 [grpc-default-executor-8] INFO  impl.RaftServerImpl (RaftServerImpl.java:setRole(184)) - 4f16e274-8663-4a15-9c4c-c81f650ab979@group-83984122B78E: changes role from  FOLLOWER to FOLLOWER at term 96 for recognizeCandidate:f26e10ed-fb17-49e6-a903-eadc130d13d1
2019-10-30 11:52:44,027 [Thread-1511] INFO  impl.FollowerState (FollowerState.java:run(117)) - 4cc44201-a597-43af-a4ec-5b1b407a6250@group-83984122B78E-FollowerState was interrupted: java.lang.InterruptedException: sleep interrupted
2019-10-30 11:52:44,027 [grpc-default-executor-1] INFO  impl.RoleInfo (RoleInfo.java:updateAndGet(143)) - 4cc44201-a597-43af-a4ec-5b1b407a6250: start FollowerState
2019-10-30 11:52:44,027 [grpc-default-executor-8] INFO  impl.RoleInfo (RoleInfo.java:shutdownFollowerState(121)) - 4f16e274-8663-4a15-9c4c-c81f650ab979: shutdown FollowerState
2019-10-30 11:52:44,028 [grpc-default-executor-8] INFO  impl.RoleInfo (RoleInfo.java:updateAndGet(143)) - 4f16e274-8663-4a15-9c4c-c81f650ab979: start FollowerState
2019-10-30 11:52:44,028 [Thread-1510] INFO  impl.FollowerState (FollowerState.java:run(117)) - 4f16e274-8663-4a15-9c4c-c81f650ab979@group-83984122B78E-FollowerState was interrupted: java.lang.InterruptedException: sleep interrupted
2019-10-30 11:52:44,029 [9dbd5372-55c2-4532-b354-9494d3d545d2@group-F367C8FA5986-LeaderElection175] INFO  impl.LeaderElection (LeaderElection.java:askForVotes(178)) - 9dbd5372-55c2-4532-b354-9494d3d545d2@group-F367C8FA5986-LeaderElection175: begin an election at term 83 for -1: [9b3ef6c9-0245-4756-bf80-45d41f7a4453:192.168.157.220:37058, cd11b2f5-3187-4d03-bd60-931991550c17:192.168.157.220:43236, 9dbd5372-55c2-4532-b354-9494d3d545d2:192.168.157.220:42993], old=null
2019-10-30 11:52:44,030 [grpc-default-executor-4] INFO  impl.RaftServerImpl (RaftServerImpl.java:setRole(184)) - cd11b2f5-3187-4d03-bd60-931991550c17@group-F367C8FA5986: changes role from  FOLLOWER to FOLLOWER at term 83 for recognizeCandidate:9dbd5372-55c2-4532-b354-9494d3d545d2
2019-10-30 11:52:44,030 [grpc-default-executor-6] INFO  impl.RaftServerImpl (RaftServerImpl.java:setRole(184)) - 9b3ef6c9-0245-4756-bf80-45d41f7a4453@group-F367C8FA5986: changes role from  FOLLOWER to FOLLOWER at term 83 for recognizeCandidate:9dbd5372-55c2-4532-b354-9494d3d545d2
2019-10-30 11:52:44,030 [grpc-default-executor-4] INFO  impl.RoleInfo (RoleInfo.java:shutdownFollowerState(121)) - cd11b2f5-3187-4d03-bd60-931991550c17: shutdown FollowerState
2019-10-30 11:52:44,030 [grpc-default-executor-6] INFO  impl.RoleInfo (RoleInfo.java:shutdownFollowerState(121)) - 9b3ef6c9-0245-4756-bf80-45d41f7a4453: shutdown FollowerState
2019-10-30 11:52:44,030 [grpc-default-executor-4] INFO  impl.RoleInfo (RoleInfo.java:updateAndGet(143)) - cd11b2f5-3187-4d03-bd60-931991550c17: start FollowerState
2019-10-30 11:52:44,030 [grpc-default-executor-6] INFO  impl.RoleInfo (RoleInfo.java:updateAndGet(143)) - 9b3ef6c9-0245-4756-bf80-45d41f7a4453: start FollowerState
2019-10-30 11:52:44,030 [Thread-1502] INFO  impl.FollowerState (FollowerState.java:run(117)) - cd11b2f5-3187-4d03-bd60-931991550c17@group-F367C8FA5986-FollowerState was interrupted: java.lang.InterruptedException: sleep interrupted
2019-10-30 11:52:44,030 [Thread-1501] INFO  impl.FollowerState (FollowerState.java:run(117)) - 9b3ef6c9-0245-4756-bf80-45d41f7a4453@group-F367C8FA5986-FollowerState was interrupted: java.lang.InterruptedException: sleep interrupted
2019-10-30 11:52:44,034 [f26e10ed-fb17-49e6-a903-eadc130d13d1@group-83984122B78E-LeaderElection174] INFO  impl.LeaderElection (LeaderElection.java:logAndReturn(56)) - f26e10ed-fb17-49e6-a903-eadc130d13d1@group-83984122B78E-LeaderElection174: Election REJECTED; received 2 response(s) [f26e10ed-fb17-49e6-a903-eadc130d13d1<-4f16e274-8663-4a15-9c4c-c81f650ab979#0:FAIL-t96, f26e10ed-fb17-49e6-a903-eadc130d13d1<-4cc44201-a597-43af-a4ec-5b1b407a6250#0:FAIL-t96] and 0 exception(s); f26e10ed-fb17-49e6-a903-eadc130d13d1@group-83984122B78E:t96, leader=null, voted=f26e10ed-fb17-49e6-a903-eadc130d13d1, raftlog=f26e10ed-fb17-49e6-a903-eadc130d13d1@group-83984122B78E-SegmentedRaftLog:OPENED:c-1,f-1,i0, conf=-1: [4f16e274-8663-4a15-9c4c-c81f650ab979:192.168.157.220:38181, 4cc44201-a597-43af-a4ec-5b1b407a6250:192.168.157.220:36685, f26e10ed-fb17-49e6-a903-eadc130d13d1:192.168.157.220:32806], old=null
2019-10-30 11:52:44,034 [f26e10ed-fb17-49e6-a903-eadc130d13d1@group-83984122B78E-LeaderElection174] INFO  impl.RaftServerImpl (RaftServerImpl.java:setRole(184)) - f26e10ed-fb17-49e6-a903-eadc130d13d1@group-83984122B78E: changes role from CANDIDATE to FOLLOWER at term 96 for DISCOVERED_A_NEW_TERM
2019-10-30 11:52:44,034 [f26e10ed-fb17-49e6-a903-eadc130d13d1@group-83984122B78E-LeaderElection174] INFO  impl.RoleInfo (RoleInfo.java:shutdownLeaderElection(134)) - f26e10ed-fb17-49e6-a903-eadc130d13d1: shutdown LeaderElection
2019-10-30 11:52:44,034 [f26e10ed-fb17-49e6-a903-eadc130d13d1@group-83984122B78E-LeaderElection174] INFO  impl.RoleInfo (RoleInfo.java:updateAndGet(143)) - f26e10ed-fb17-49e6-a903-eadc130d13d1: start FollowerState
2019-10-30 11:52:44,046 [9dbd5372-55c2-4532-b354-9494d3d545d2@group-F367C8FA5986-LeaderElection175] INFO  impl.LeaderElection (LeaderElection.java:logAndReturn(56)) - 9dbd5372-55c2-4532-b354-9494d3d545d2@group-F367C8FA5986-LeaderElection175: Election REJECTED; received 2 response(s) [9dbd5372-55c2-4532-b354-9494d3d545d2<-9b3ef6c9-0245-4756-bf80-45d41f7a4453#0:FAIL-t83, 9dbd5372-55c2-4532-b354-9494d3d545d2<-cd11b2f5-3187-4d03-bd60-931991550c17#0:FAIL-t83] and 0 exception(s); 9dbd5372-55c2-4532-b354-9494d3d545d2@group-F367C8FA5986:t83, leader=null, voted=9dbd5372-55c2-4532-b354-9494d3d545d2, raftlog=9dbd5372-55c2-4532-b354-9494d3d545d2@group-F367C8FA5986-SegmentedRaftLog:OPENED:c-1,f-1,i0, conf=-1: [9b3ef6c9-0245-4756-bf80-45d41f7a4453:192.168.157.220:37058, cd11b2f5-3187-4d03-bd60-931991550c17:192.168.157.220:43236, 9dbd5372-55c2-4532-b354-9494d3d545d2:192.168.157.220:42993], old=null
2019-10-30 11:52:44,046 [9dbd5372-55c2-4532-b354-9494d3d545d2@group-F367C8FA5986-LeaderElection175] INFO  impl.RaftServerImpl (RaftServerImpl.java:setRole(184)) - 9dbd5372-55c2-4532-b354-9494d3d545d2@group-F367C8FA5986: changes role from CANDIDATE to FOLLOWER at term 83 for DISCOVERED_A_NEW_TERM
2019-10-30 11:52:44,046 [9dbd5372-55c2-4532-b354-9494d3d545d2@group-F367C8FA5986-LeaderElection175] INFO  impl.RoleInfo (RoleInfo.java:shutdownLeaderElection(134)) - 9dbd5372-55c2-4532-b354-9494d3d545d2: shutdown LeaderElection
2019-10-30 11:52:44,046 [9dbd5372-55c2-4532-b354-9494d3d545d2@group-F367C8FA5986-LeaderElection175] INFO  impl.RoleInfo (RoleInfo.java:updateAndGet(143)) - 9dbd5372-55c2-4532-b354-9494d3d545d2: start FollowerState
2019-10-30 11:52:44,163 [Thread-1524] INFO  impl.FollowerState (FollowerState.java:run(108)) - f26e10ed-fb17-49e6-a903-eadc130d13d1@group-83984122B78E-FollowerState: change to CANDIDATE, lastRpcTime:129ms, electionTimeout:129ms
2019-10-30 11:52:44,163 [Thread-1524] INFO  impl.RoleInfo (RoleInfo.java:shutdownFollowerState(121)) - f26e10ed-fb17-49e6-a903-eadc130d13d1: shutdown FollowerState
2019-10-30 11:52:44,163 [Thread-1524] INFO  impl.RaftServerImpl (RaftServerImpl.java:setRole(184)) - f26e10ed-fb17-49e6-a903-eadc130d13d1@group-83984122B78E: changes role from  FOLLOWER to CANDIDATE at term 96 for changeToCandidate
2019-10-30 11:52:44,164 [Thread-1524] INFO  impl.RoleInfo (RoleInfo.java:updateAndGet(143)) - f26e10ed-fb17-49e6-a903-eadc130d13d1: start LeaderElection
2019-10-30 11:52:44,176 [f26e10ed-fb17-49e6-a903-eadc130d13d1@group-83984122B78E-LeaderElection176] INFO  impl.LeaderElection (LeaderElection.java:askForVotes(178)) - f26e10ed-fb17-49e6-a903-eadc130d13d1@group-83984122B78E-LeaderElection176: begin an election at term 97 for -1: [4f16e274-8663-4a15-9c4c-c81f650ab979:192.168.157.220:38181, 4cc44201-a597-43af-a4ec-5b1b407a6250:192.168.157.220:36685, f26e10ed-fb17-49e6-a903-eadc130d13d1:192.168.157.220:32806], old=null
2019-10-30 11:52:44,178 [grpc-default-executor-4] INFO  impl.RaftServerImpl (RaftServerImpl.java:setRole(184)) - 4f16e274-8663-4a15-9c4c-c81f650ab979@group-83984122B78E: changes role from  FOLLOWER to FOLLOWER at term 97 for recognizeCandidate:f26e10ed-fb17-49e6-a903-eadc130d13d1
2019-10-30 11:52:44,178 [grpc-default-executor-4] INFO  impl.RoleInfo (RoleInfo.java:shutdownFollowerState(121)) - 4f16e274-8663-4a15-9c4c-c81f650ab979: shutdown FollowerState
2019-10-30 11:52:44,178 [grpc-default-executor-4] INFO  impl.RoleInfo (RoleInfo.java:updateAndGet(143)) - 4f16e274-8663-4a15-9c4c-c81f650ab979: start FollowerState
2019-10-30 11:52:44,178 [Thread-1519] INFO  impl.FollowerState (FollowerState.java:run(117)) - 4f16e274-8663-4a15-9c4c-c81f650ab979@group-83984122B78E-FollowerState was interrupted: java.lang.InterruptedException: sleep interrupted
2019-10-30 11:52:44,178 [grpc-default-executor-6] INFO  impl.RaftServerImpl (RaftServerImpl.java:setRole(184)) - 4cc44201-a597-43af-a4ec-5b1b407a6250@group-83984122B78E: changes role from  FOLLOWER to FOLLOWER at term 97 for recognizeCandidate:f26e10ed-fb17-49e6-a903-eadc130d13d1
2019-10-30 11:52:44,179 [grpc-default-executor-6] INFO  impl.RoleInfo (RoleInfo.java:shutdownFollowerState(121)) - 4cc44201-a597-43af-a4ec-5b1b407a6250: shutdown FollowerState
2019-10-30 11:52:44,179 [grpc-default-executor-6] INFO  impl.RoleInfo (RoleInfo.java:updateAndGet(143)) - 4cc44201-a597-43af-a4ec-5b1b407a6250: start FollowerState
2019-10-30 11:52:44,179 [Thread-1518] INFO  impl.FollowerState (FollowerState.java:run(117)) - 4cc44201-a597-43af-a4ec-5b1b407a6250@group-83984122B78E-FollowerState was interrupted: java.lang.InterruptedException: sleep interrupted
2019-10-30 11:52:44,193 [Thread-1525] INFO  impl.FollowerState (FollowerState.java:run(108)) - 9dbd5372-55c2-4532-b354-9494d3d545d2@group-F367C8FA5986-FollowerState: change to CANDIDATE, lastRpcTime:146ms, electionTimeout:146ms
2019-10-30 11:52:44,193 [Thread-1525] INFO  impl.RoleInfo (RoleInfo.java:shutdownFollowerState(121)) - 9dbd5372-55c2-4532-b354-9494d3d545d2: shutdown FollowerState
2019-10-30 11:52:44,193 [Thread-1525] INFO  impl.RaftServerImpl (RaftServerImpl.java:setRole(184)) - 9dbd5372-55c2-4532-b354-9494d3d545d2@group-F367C8FA5986: changes role from  FOLLOWER to CANDIDATE at term 83 for changeToCandidate
2019-10-30 11:52:44,193 [Thread-1525] INFO  impl.RoleInfo (RoleInfo.java:updateAndGet(143)) - 9dbd5372-55c2-4532-b354-9494d3d545d2: start LeaderElection
2019-10-30 11:52:44,207 [9dbd5372-55c2-4532-b354-9494d3d545d2@group-F367C8FA5986-LeaderElection177] INFO  impl.LeaderElection (LeaderElection.java:askForVotes(178)) - 9dbd5372-55c2-4532-b354-9494d3d545d2@group-F367C8FA5986-LeaderElection177: begin an election at term 84 for -1: [9b3ef6c9-0245-4756-bf80-45d41f7a4453:192.168.157.220:37058, cd11b2f5-3187-4d03-bd60-931991550c17:192.168.157.220:43236, 9dbd5372-55c2-4532-b354-9494d3d545d2:192.168.157.220:42993], old=null
2019-10-30 11:52:44,208 [f26e10ed-fb17-49e6-a903-eadc130d13d1@group-83984122B78E-LeaderElection176] INFO  impl.LeaderElection (LeaderElection.java:logAndReturn(56)) - f26e10ed-fb17-49e6-a903-eadc130d13d1@group-83984122B78E-LeaderElection176: Election REJECTED; received 2 response(s) [f26e10ed-fb17-49e6-a903-eadc130d13d1<-4f16e274-8663-4a15-9c4c-c81f650ab979#0:FAIL-t97, f26e10ed-fb17-49e6-a903-eadc130d13d1<-4cc44201-a597-43af-a4ec-5b1b407a6250#0:FAIL-t97] and 0 exception(s); f26e10ed-fb17-49e6-a903-eadc130d13d1@group-83984122B78E:t97, leader=null, voted=f26e10ed-fb17-49e6-a903-eadc130d13d1, raftlog=f26e10ed-fb17-49e6-a903-eadc130d13d1@group-83984122B78E-SegmentedRaftLog:OPENED:c-1,f-1,i0, conf=-1: [4f16e274-8663-4a15-9c4c-c81f650ab979:192.168.157.220:38181, 4cc44201-a597-43af-a4ec-5b1b407a6250:192.168.157.220:36685, f26e10ed-fb17-49e6-a903-eadc130d13d1:192.168.157.220:32806], old=null
2019-10-30 11:52:44,208 [f26e10ed-fb17-49e6-a903-eadc130d13d1@group-83984122B78E-LeaderElection176] INFO  impl.RaftServerImpl (RaftServerImpl.java:setRole(184)) - f26e10ed-fb17-49e6-a903-eadc130d13d1@group-83984122B78E: changes role from CANDIDATE to FOLLOWER at term 97 for DISCOVERED_A_NEW_TERM
2019-10-30 11:52:44,208 [f26e10ed-fb17-49e6-a903-eadc130d13d1@group-83984122B78E-LeaderElection176] INFO  impl.RoleInfo (RoleInfo.java:shutdownLeaderElection(134)) - f26e10ed-fb17-49e6-a903-eadc130d13d1: shutdown LeaderElection
2019-10-30 11:52:44,208 [f26e10ed-fb17-49e6-a903-eadc130d13d1@group-83984122B78E-LeaderElection176] INFO  impl.RoleInfo (RoleInfo.java:updateAndGet(143)) - f26e10ed-fb17-49e6-a903-eadc130d13d1: start FollowerState
2019-10-30 11:52:44,209 [grpc-default-executor-4] INFO  impl.RaftServerImpl (RaftServerImpl.java:setRole(184)) - cd11b2f5-3187-4d03-bd60-931991550c17@group-F367C8FA5986: changes role from  FOLLOWER to FOLLOWER at term 84 for recognizeCandidate:9dbd5372-55c2-4532-b354-9494d3d545d2
2019-10-30 11:52:44,209 [grpc-default-executor-4] INFO  impl.RoleInfo (RoleInfo.java:shutdownFollowerState(121)) - cd11b2f5-3187-4d03-bd60-931991550c17: shutdown FollowerState
2019-10-30 11:52:44,209 [grpc-default-executor-4] INFO  impl.RoleInfo (RoleInfo.java:updateAndGet(143)) - cd11b2f5-3187-4d03-bd60-931991550c17: start FollowerState
2019-10-30 11:52:44,209 [Thread-1522] INFO  impl.FollowerState (FollowerState.java:run(117)) - cd11b2f5-3187-4d03-bd60-931991550c17@group-F367C8FA5986-FollowerState was interrupted: java.lang.InterruptedException: sleep interrupted
2019-10-30 11:52:44,209 [grpc-default-executor-6] INFO  impl.RaftServerImpl (RaftServerImpl.java:setRole(184)) - 9b3ef6c9-0245-4756-bf80-45d41f7a4453@group-F367C8FA5986: changes role from  FOLLOWER to FOLLOWER at term 84 for recognizeCandidate:9dbd5372-55c2-4532-b354-9494d3d545d2
2019-10-30 11:52:44,209 [grpc-default-executor-6] INFO  impl.RoleInfo (RoleInfo.java:shutdownFollowerState(121)) - 9b3ef6c9-0245-4756-bf80-45d41f7a4453: shutdown FollowerState
2019-10-30 11:52:44,210 [grpc-default-executor-6] INFO  impl.RoleInfo (RoleInfo.java:updateAndGet(143)) - 9b3ef6c9-0245-4756-bf80-45d41f7a4453: start FollowerState
2019-10-30 11:52:44,210 [Thread-1523] INFO  impl.FollowerState (FollowerState.java:run(117)) - 9b3ef6c9-0245-4756-bf80-45d41f7a4453@group-F367C8FA5986-FollowerState was interrupted: java.lang.InterruptedException: sleep interrupted
2019-10-30 11:52:44,220 [9dbd5372-55c2-4532-b354-9494d3d545d2@group-F367C8FA5986-LeaderElection177] INFO  impl.LeaderElection (LeaderElection.java:logAndReturn(56)) - 9dbd5372-55c2-4532-b354-9494d3d545d2@group-F367C8FA5986-LeaderElection177: Election REJECTED; received 2 response(s) [9dbd5372-55c2-4532-b354-9494d3d545d2<-9b3ef6c9-0245-4756-bf80-45d41f7a4453#0:FAIL-t84, 9dbd5372-55c2-4532-b354-9494d3d545d2<-cd11b2f5-3187-4d03-bd60-931991550c17#0:FAIL-t84] and 0 exception(s); 9dbd5372-55c2-4532-b354-9494d3d545d2@group-F367C8FA5986:t84, leader=null, voted=9dbd5372-55c2-4532-b354-9494d3d545d2, raftlog=9dbd5372-55c2-4532-b354-9494d3d545d2@group-F367C8FA5986-SegmentedRaftLog:OPENED:c-1,f-1,i0, conf=-1: [9b3ef6c9-0245-4756-bf80-45d41f7a4453:192.168.157.220:37058, cd11b2f5-3187-4d03-bd60-931991550c17:192.168.157.220:43236, 9dbd5372-55c2-4532-b354-9494d3d545d2:192.168.157.220:42993], old=null
2019-10-30 11:52:44,220 [9dbd5372-55c2-4532-b354-9494d3d545d2@group-F367C8FA5986-LeaderElection177] INFO  impl.RaftServerImpl (RaftServerImpl.java:setRole(184)) - 9dbd5372-55c2-4532-b354-9494d3d545d2@group-F367C8FA5986: changes role from CANDIDATE to FOLLOWER at term 84 for DISCOVERED_A_NEW_TERM
2019-10-30 11:52:44,221 [9dbd5372-55c2-4532-b354-9494d3d545d2@group-F367C8FA5986-LeaderElection177] INFO  impl.RoleInfo (RoleInfo.java:shutdownLeaderElection(134)) - 9dbd5372-55c2-4532-b354-9494d3d545d2: shutdown LeaderElection
2019-10-30 11:52:44,221 [9dbd5372-55c2-4532-b354-9494d3d545d2@group-F367C8FA5986-LeaderElection177] INFO  impl.RoleInfo (RoleInfo.java:updateAndGet(143)) - 9dbd5372-55c2-4532-b354-9494d3d545d2: start FollowerState
2019-10-30 11:52:44,309 [Thread-1539] INFO  impl.FollowerState (FollowerState.java:run(108)) - 9dbd5372-55c2-4532-b354-9494d3d545d2@group-F367C8FA5986-FollowerState: change to CANDIDATE, lastRpcTime:88ms, electionTimeout:88ms
2019-10-30 11:52:44,309 [Thread-1539] INFO  impl.RoleInfo (RoleInfo.java:shutdownFollowerState(121)) - 9dbd5372-55c2-4532-b354-9494d3d545d2: shutdown FollowerState
2019-10-30 11:52:44,309 [Thread-1539] INFO  impl.RaftServerImpl (RaftServerImpl.java:setRole(184)) - 9dbd5372-55c2-4532-b354-9494d3d545d2@group-F367C8FA5986: changes role from  FOLLOWER to CANDIDATE at term 84 for changeToCandidate
2019-10-30 11:52:44,309 [Thread-1539] INFO  impl.RoleInfo (RoleInfo.java:updateAndGet(143)) - 9dbd5372-55c2-4532-b354-9494d3d545d2: start LeaderElection
2019-10-30 11:52:44,313 [9dbd5372-55c2-4532-b354-9494d3d545d2@group-F367C8FA5986-LeaderElection178] INFO  impl.LeaderElection (LeaderElection.java:askForVotes(178)) - 9dbd5372-55c2-4532-b354-9494d3d545d2@group-F367C8FA5986-LeaderElection178: begin an election at term 85 for -1: [9b3ef6c9-0245-4756-bf80-45d41f7a4453:192.168.157.220:37058, cd11b2f5-3187-4d03-bd60-931991550c17:192.168.157.220:43236, 9dbd5372-55c2-4532-b354-9494d3d545d2:192.168.157.220:42993], old=null
2019-10-30 11:52:44,315 [grpc-default-executor-6] INFO  impl.RaftServerImpl (RaftServerImpl.java:setRole(184)) - 9b3ef6c9-0245-4756-bf80-45d41f7a4453@group-F367C8FA5986: changes role from  FOLLOWER to FOLLOWER at term 85 for recognizeCandidate:9dbd5372-55c2-4532-b354-9494d3d545d2
2019-10-30 11:52:44,315 [grpc-default-executor-4] INFO  impl.RaftServerImpl (RaftServerImpl.java:setRole(184)) - cd11b2f5-3187-4d03-bd60-931991550c17@group-F367C8FA5986: changes role from  FOLLOWER to FOLLOWER at term 85 for recognizeCandidate:9dbd5372-55c2-4532-b354-9494d3d545d2
2019-10-30 11:52:44,315 [grpc-default-executor-6] INFO  impl.RoleInfo (RoleInfo.java:shutdownFollowerState(121)) - 9b3ef6c9-0245-4756-bf80-45d41f7a4453: shutdown FollowerState
2019-10-30 11:52:44,315 [grpc-default-executor-4] INFO  impl.RoleInfo (RoleInfo.java:shutdownFollowerState(121)) - cd11b2f5-3187-4d03-bd60-931991550c17: shutdown FollowerState
2019-10-30 11:52:44,315 [Thread-1538] INFO  impl.FollowerState (FollowerState.java:run(117)) - 9b3ef6c9-0245-4756-bf80-45d41f7a4453@group-F367C8FA5986-FollowerState was interrupted: java.lang.InterruptedException: sleep interrupted
2019-10-30 11:52:44,315 [Thread-1537] INFO  impl.FollowerState (FollowerState.java:run(117)) - cd11b2f5-3187-4d03-bd60-931991550c17@group-F367C8FA5986-FollowerState was interrupted: java.lang.InterruptedException: sleep interrupted
2019-10-30 11:52:44,315 [grpc-default-executor-6] INFO  impl.RoleInfo (RoleInfo.java:updateAndGet(143)) - 9b3ef6c9-0245-4756-bf80-45d41f7a4453: start FollowerState
2019-10-30 11:52:44,315 [grpc-default-executor-4] INFO  impl.RoleInfo (RoleInfo.java:updateAndGet(143)) - cd11b2f5-3187-4d03-bd60-931991550c17: start FollowerState
2019-10-30 11:52:44,329 [9dbd5372-55c2-4532-b354-9494d3d545d2@group-F367C8FA5986-LeaderElection178] INFO  impl.LeaderElection (LeaderElection.java:logAndReturn(56)) - 9dbd5372-55c2-4532-b354-9494d3d545d2@group-F367C8FA5986-LeaderElection178: Election REJECTED; received 2 response(s) [9dbd5372-55c2-4532-b354-9494d3d545d2<-9b3ef6c9-0245-4756-bf80-45d41f7a4453#0:FAIL-t85, 9dbd5372-55c2-4532-b354-9494d3d545d2<-cd11b2f5-3187-4d03-bd60-931991550c17#0:FAIL-t85] and 0 exception(s); 9dbd5372-55c2-4532-b354-9494d3d545d2@group-F367C8FA5986:t85, leader=null, voted=9dbd5372-55c2-4532-b354-9494d3d545d2, raftlog=9dbd5372-55c2-4532-b354-9494d3d545d2@group-F367C8FA5986-SegmentedRaftLog:OPENED:c-1,f-1,i0, conf=-1: [9b3ef6c9-0245-4756-bf80-45d41f7a4453:192.168.157.220:37058, cd11b2f5-3187-4d03-bd60-931991550c17:192.168.157.220:43236, 9dbd5372-55c2-4532-b354-9494d3d545d2:192.168.157.220:42993], old=null
2019-10-30 11:52:44,330 [9dbd5372-55c2-4532-b354-9494d3d545d2@group-F367C8FA5986-LeaderElection178] INFO  impl.RaftServerImpl (RaftServerImpl.java:setRole(184)) - 9dbd5372-55c2-4532-b354-9494d3d545d2@group-F367C8FA5986: changes role from CANDIDATE to FOLLOWER at term 85 for DISCOVERED_A_NEW_TERM
2019-10-30 11:52:44,330 [9dbd5372-55c2-4532-b354-9494d3d545d2@group-F367C8FA5986-LeaderElection178] INFO  impl.RoleInfo (RoleInfo.java:shutdownLeaderElection(134)) - 9dbd5372-55c2-4532-b354-9494d3d545d2: shutdown LeaderElection
2019-10-30 11:52:44,330 [9dbd5372-55c2-4532-b354-9494d3d545d2@group-F367C8FA5986-LeaderElection178] INFO  impl.RoleInfo (RoleInfo.java:updateAndGet(143)) - 9dbd5372-55c2-4532-b354-9494d3d545d2: start FollowerState
2019-10-30 11:52:44,349 [Thread-1545] INFO  impl.FollowerState (FollowerState.java:run(108)) - 9dbd5372-55c2-4532-b354-9494d3d545d2@group-F367C8FA5986-FollowerState: change to CANDIDATE, lastRpcTime:19ms, electionTimeout:19ms
2019-10-30 11:52:44,350 [Thread-1545] INFO  impl.RoleInfo (RoleInfo.java:shutdownFollowerState(121)) - 9dbd5372-55c2-4532-b354-9494d3d545d2: shutdown FollowerState
2019-10-30 11:52:44,350 [Thread-1545] INFO  impl.RaftServerImpl (RaftServerImpl.java:setRole(184)) - 9dbd5372-55c2-4532-b354-9494d3d545d2@group-F367C8FA5986: changes role from  FOLLOWER to CANDIDATE at term 85 for changeToCandidate
2019-10-30 11:52:44,350 [Thread-1545] INFO  impl.RoleInfo (RoleInfo.java:updateAndGet(143)) - 9dbd5372-55c2-4532-b354-9494d3d545d2: start LeaderElection
2019-10-30 11:52:44,356 [9dbd5372-55c2-4532-b354-9494d3d545d2@group-F367C8FA5986-LeaderElection179] INFO  impl.LeaderElection (LeaderElection.java:askForVotes(178)) - 9dbd5372-55c2-4532-b354-9494d3d545d2@group-F367C8FA5986-LeaderElection179: begin an election at term 86 for -1: [9b3ef6c9-0245-4756-bf80-45d41f7a4453:192.168.157.220:37058, cd11b2f5-3187-4d03-bd60-931991550c17:192.168.157.220:43236, 9dbd5372-55c2-4532-b354-9494d3d545d2:192.168.157.220:42993], old=null
2019-10-30 11:52:44,358 [grpc-default-executor-6] INFO  impl.RaftServerImpl (RaftServerImpl.java:setRole(184)) - cd11b2f5-3187-4d03-bd60-931991550c17@group-F367C8FA5986: changes role from  FOLLOWER to FOLLOWER at term 86 for recognizeCandidate:9dbd5372-55c2-4532-b354-9494d3d545d2
2019-10-30 11:52:44,358 [grpc-default-executor-4] INFO  impl.RaftServerImpl (RaftServerImpl.java:setRole(184)) - 9b3ef6c9-0245-4756-bf80-45d41f7a4453@group-F367C8FA5986: changes role from  FOLLOWER to FOLLOWER at term 86 for recognizeCandidate:9dbd5372-55c2-4532-b354-9494d3d545d2
2019-10-30 11:52:44,358 [grpc-default-executor-4] INFO  impl.RoleInfo (RoleInfo.java:shutdownFollowerState(121)) - 9b3ef6c9-0245-4756-bf80-45d41f7a4453: shutdown FollowerState
2019-10-30 11:52:44,358 [grpc-default-executor-6] INFO  impl.RoleInfo (RoleInfo.java:shutdownFollowerState(121)) - cd11b2f5-3187-4d03-bd60-931991550c17: shutdown FollowerState
2019-10-30 11:52:44,358 [Thread-1543] INFO  impl.FollowerState (FollowerState.java:run(117)) - 9b3ef6c9-0245-4756-bf80-45d41f7a4453@group-F367C8FA5986-FollowerState was interrupted: java.lang.InterruptedException: sleep interrupted
2019-10-30 11:52:44,358 [grpc-default-executor-4] INFO  impl.RoleInfo (RoleInfo.java:updateAndGet(143)) - 9b3ef6c9-0245-4756-bf80-45d41f7a4453: start FollowerState
2019-10-30 11:52:44,358 [Thread-1544] INFO  impl.FollowerState (FollowerState.java:run(117)) - cd11b2f5-3187-4d03-bd60-931991550c17@group-F367C8FA5986-FollowerState was interrupted: java.lang.InterruptedException: sleep interrupted
2019-10-30 11:52:44,358 [grpc-default-executor-6] INFO  impl.RoleInfo (RoleInfo.java:updateAndGet(143)) - cd11b2f5-3187-4d03-bd60-931991550c17: start FollowerState
2019-10-30 11:52:44,386 [9dbd5372-55c2-4532-b354-9494d3d545d2@group-F367C8FA5986-LeaderElection179] INFO  impl.LeaderElection (LeaderElection.java:logAndReturn(56)) - 9dbd5372-55c2-4532-b354-9494d3d545d2@group-F367C8FA5986-LeaderElection179: Election REJECTED; received 2 response(s) [9dbd5372-55c2-4532-b354-9494d3d545d2<-9b3ef6c9-0245-4756-bf80-45d41f7a4453#0:FAIL-t86, 9dbd5372-55c2-4532-b354-9494d3d545d2<-cd11b2f5-3187-4d03-bd60-931991550c17#0:FAIL-t86] and 0 exception(s); 9dbd5372-55c2-4532-b354-9494d3d545d2@group-F367C8FA5986:t86, leader=null, voted=9dbd5372-55c2-4532-b354-9494d3d545d2, raftlog=9dbd5372-55c2-4532-b354-9494d3d545d2@group-F367C8FA5986-SegmentedRaftLog:OPENED:c-1,f-1,i0, conf=-1: [9b3ef6c9-0245-4756-bf80-45d41f7a4453:192.168.157.220:37058, cd11b2f5-3187-4d03-bd60-931991550c17:192.168.157.220:43236, 9dbd5372-55c2-4532-b354-9494d3d545d2:192.168.157.220:42993], old=null
2019-10-30 11:52:44,386 [9dbd5372-55c2-4532-b354-9494d3d545d2@group-F367C8FA5986-LeaderElection179] INFO  impl.RaftServerImpl (RaftServerImpl.java:setRole(184)) - 9dbd5372-55c2-4532-b354-9494d3d545d2@group-F367C8FA5986: changes role from CANDIDATE to FOLLOWER at term 86 for DISCOVERED_A_NEW_TERM
2019-10-30 11:52:44,386 [9dbd5372-55c2-4532-b354-9494d3d545d2@group-F367C8FA5986-LeaderElection179] INFO  impl.RoleInfo (RoleInfo.java:shutdownLeaderElection(134)) - 9dbd5372-55c2-4532-b354-9494d3d545d2: shutdown LeaderElection
2019-10-30 11:52:44,386 [9dbd5372-55c2-4532-b354-9494d3d545d2@group-F367C8FA5986-LeaderElection179] INFO  impl.RoleInfo (RoleInfo.java:updateAndGet(143)) - 9dbd5372-55c2-4532-b354-9494d3d545d2: start FollowerState
2019-10-30 11:52:44,399 [Thread-1536] INFO  impl.FollowerState (FollowerState.java:run(108)) - f26e10ed-fb17-49e6-a903-eadc130d13d1@group-83984122B78E-FollowerState: change to CANDIDATE, lastRpcTime:190ms, electionTimeout:190ms
2019-10-30 11:52:44,399 [Thread-1536] INFO  impl.RoleInfo (RoleInfo.java:shutdownFollowerState(121)) - f26e10ed-fb17-49e6-a903-eadc130d13d1: shutdown FollowerState
2019-10-30 11:52:44,399 [Thread-1536] INFO  impl.RaftServerImpl (RaftServerImpl.java:setRole(184)) - f26e10ed-fb17-49e6-a903-eadc130d13d1@group-83984122B78E: changes role from  FOLLOWER to CANDIDATE at term 97 for changeToCandidate
2019-10-30 11:52:44,399 [Thread-1536] INFO  impl.RoleInfo (RoleInfo.java:updateAndGet(143)) - f26e10ed-fb17-49e6-a903-eadc130d13d1: start LeaderElection
2019-10-30 11:52:44,404 [f26e10ed-fb17-49e6-a903-eadc130d13d1@group-83984122B78E-LeaderElection180] INFO  impl.LeaderElection (LeaderElection.java:askForVotes(178)) - f26e10ed-fb17-49e6-a903-eadc130d13d1@group-83984122B78E-LeaderElection180: begin an election at term 98 for -1: [4f16e274-8663-4a15-9c4c-c81f650ab979:192.168.157.220:38181, 4cc44201-a597-43af-a4ec-5b1b407a6250:192.168.157.220:36685, f26e10ed-fb17-49e6-a903-eadc130d13d1:192.168.157.220:32806], old=null
2019-10-30 11:52:44,405 [grpc-default-executor-4] INFO  impl.RaftServerImpl (RaftServerImpl.java:setRole(184)) - 4f16e274-8663-4a15-9c4c-c81f650ab979@group-83984122B78E: changes role from  FOLLOWER to FOLLOWER at term 98 for recognizeCandidate:f26e10ed-fb17-49e6-a903-eadc130d13d1
2019-10-30 11:52:44,406 [grpc-default-executor-4] INFO  impl.RoleInfo (RoleInfo.java:shutdownFollowerState(121)) - 4f16e274-8663-4a15-9c4c-c81f650ab979: shutdown FollowerState
2019-10-30 11:52:44,406 [grpc-default-executor-4] INFO  impl.RoleInfo (RoleInfo.java:updateAndGet(143)) - 4f16e274-8663-4a15-9c4c-c81f650ab979: start FollowerState
2019-10-30 11:52:44,406 [Thread-1530] INFO  impl.FollowerState (FollowerState.java:run(117)) - 4f16e274-8663-4a15-9c4c-c81f650ab979@group-83984122B78E-FollowerState was interrupted: java.lang.InterruptedException: sleep interrupted
2019-10-30 11:52:44,406 [grpc-default-executor-6] INFO  impl.RaftServerImpl (RaftServerImpl.java:setRole(184)) - 4cc44201-a597-43af-a4ec-5b1b407a6250@group-83984122B78E: changes role from  FOLLOWER to FOLLOWER at term 98 for recognizeCandidate:f26e10ed-fb17-49e6-a903-eadc130d13d1
2019-10-30 11:52:44,406 [grpc-default-executor-6] INFO  impl.RoleInfo (RoleInfo.java:shutdownFollowerState(121)) - 4cc44201-a597-43af-a4ec-5b1b407a6250: shutdown FollowerState
2019-10-30 11:52:44,406 [grpc-default-executor-6] INFO  impl.RoleInfo (RoleInfo.java:updateAndGet(143)) - 4cc44201-a597-43af-a4ec-5b1b407a6250: start FollowerState
2019-10-30 11:52:44,406 [Thread-1531] INFO  impl.FollowerState (FollowerState.java:run(117)) - 4cc44201-a597-43af-a4ec-5b1b407a6250@group-83984122B78E-FollowerState was interrupted: java.lang.InterruptedException: sleep interrupted
2019-10-30 11:52:44,412 [Thread-1551] INFO  impl.FollowerState (FollowerState.java:run(108)) - 9dbd5372-55c2-4532-b354-9494d3d545d2@group-F367C8FA5986-FollowerState: change to CANDIDATE, lastRpcTime:26ms, electionTimeout:26ms
2019-10-30 11:52:44,413 [Thread-1551] INFO  impl.RoleInfo (RoleInfo.java:shutdownFollowerState(121)) - 9dbd5372-55c2-4532-b354-9494d3d545d2: shutdown FollowerState
2019-10-30 11:52:44,413 [Thread-1551] INFO  impl.RaftServerImpl (RaftServerImpl.java:setRole(184)) - 9dbd5372-55c2-4532-b354-9494d3d545d2@group-F367C8FA5986: changes role from  FOLLOWER to CANDIDATE at term 86 for changeToCandidate
2019-10-30 11:52:44,413 [Thread-1551] INFO  impl.RoleInfo (RoleInfo.java:updateAndGet(143)) - 9dbd5372-55c2-4532-b354-9494d3d545d2: start LeaderElection
2019-10-30 11:52:44,419 [9dbd5372-55c2-4532-b354-9494d3d545d2@group-F367C8FA5986-LeaderElection181] INFO  impl.LeaderElection (LeaderElection.java:askForVotes(178)) - 9dbd5372-55c2-4532-b354-9494d3d545d2@group-F367C8FA5986-LeaderElection181: begin an election at term 87 for -1: [9b3ef6c9-0245-4756-bf80-45d41f7a4453:192.168.157.220:37058, cd11b2f5-3187-4d03-bd60-931991550c17:192.168.157.220:43236, 9dbd5372-55c2-4532-b354-9494d3d545d2:192.168.157.220:42993], old=null
2019-10-30 11:52:44,419 [f26e10ed-fb17-49e6-a903-eadc130d13d1@group-83984122B78E-LeaderElection180] INFO  impl.LeaderElection (LeaderElection.java:logAndReturn(56)) - f26e10ed-fb17-49e6-a903-eadc130d13d1@group-83984122B78E-LeaderElection180: Election REJECTED; received 2 response(s) [f26e10ed-fb17-49e6-a903-eadc130d13d1<-4f16e274-8663-4a15-9c4c-c81f650ab979#0:FAIL-t98, f26e10ed-fb17-49e6-a903-eadc130d13d1<-4cc44201-a597-43af-a4ec-5b1b407a6250#0:FAIL-t98] and 0 exception(s); f26e10ed-fb17-49e6-a903-eadc130d13d1@group-83984122B78E:t98, leader=null, voted=f26e10ed-fb17-49e6-a903-eadc130d13d1, raftlog=f26e10ed-fb17-49e6-a903-eadc130d13d1@group-83984122B78E-SegmentedRaftLog:OPENED:c-1,f-1,i0, conf=-1: [4f16e274-8663-4a15-9c4c-c81f650ab979:192.168.157.220:38181, 4cc44201-a597-43af-a4ec-5b1b407a6250:192.168.157.220:36685, f26e10ed-fb17-49e6-a903-eadc130d13d1:192.168.157.220:32806], old=null
2019-10-30 11:52:44,420 [f26e10ed-fb17-49e6-a903-eadc130d13d1@group-83984122B78E-LeaderElection180] INFO  impl.RaftServerImpl (RaftServerImpl.java:setRole(184)) - f26e10ed-fb17-49e6-a903-eadc130d13d1@group-83984122B78E: changes role from CANDIDATE to FOLLOWER at term 98 for DISCOVERED_A_NEW_TERM
2019-10-30 11:52:44,420 [f26e10ed-fb17-49e6-a903-eadc130d13d1@group-83984122B78E-LeaderElection180] INFO  impl.RoleInfo (RoleInfo.java:shutdownLeaderElection(134)) - f26e10ed-fb17-49e6-a903-eadc130d13d1: shutdown LeaderElection
2019-10-30 11:52:44,420 [f26e10ed-fb17-49e6-a903-eadc130d13d1@group-83984122B78E-LeaderElection180] INFO  impl.RoleInfo (RoleInfo.java:updateAndGet(143)) - f26e10ed-fb17-49e6-a903-eadc130d13d1: start FollowerState
2019-10-30 11:52:44,420 [grpc-default-executor-4] INFO  impl.RaftServerImpl (RaftServerImpl.java:setRole(184)) - 9b3ef6c9-0245-4756-bf80-45d41f7a4453@group-F367C8FA5986: changes role from  FOLLOWER to FOLLOWER at term 87 for recognizeCandidate:9dbd5372-55c2-4532-b354-9494d3d545d2
2019-10-30 11:52:44,420 [grpc-default-executor-6] INFO  impl.RaftServerImpl (RaftServerImpl.java:setRole(184)) - cd11b2f5-3187-4d03-bd60-931991550c17@group-F367C8FA5986: changes role from  FOLLOWER to FOLLOWER at term 87 for recognizeCandidate:9dbd5372-55c2-4532-b354-9494d3d545d2
2019-10-30 11:52:44,421 [grpc-default-executor-6] INFO  impl.RoleInfo (RoleInfo.java:shutdownFollowerState(121)) - cd11b2f5-3187-4d03-bd60-931991550c17: shutdown FollowerState
2019-10-30 11:52:44,420 [grpc-default-executor-4] INFO  impl.RoleInfo (RoleInfo.java:shutdownFollowerState(121)) - 9b3ef6c9-0245-4756-bf80-45d41f7a4453: shutdown FollowerState
2019-10-30 11:52:44,421 [Thread-1550] INFO  impl.FollowerState (FollowerState.java:run(117)) - cd11b2f5-3187-4d03-bd60-931991550c17@group-F367C8FA5986-FollowerState was interrupted: java.lang.InterruptedException: sleep interrupted
2019-10-30 11:52:44,421 [grpc-default-executor-6] INFO  impl.RoleInfo (RoleInfo.java:updateAndGet(143)) - cd11b2f5-3187-4d03-bd60-931991550c17: start FollowerState
2019-10-30 11:52:44,421 [Thread-1549] INFO  impl.FollowerState (FollowerState.java:run(117)) - 9b3ef6c9-0245-4756-bf80-45d41f7a4453@group-F367C8FA5986-FollowerState was interrupted: java.lang.InterruptedException: sleep interrupted
2019-10-30 11:52:44,421 [grpc-default-executor-4] INFO  impl.RoleInfo (RoleInfo.java:updateAndGet(143)) - 9b3ef6c9-0245-4756-bf80-45d41f7a4453: start FollowerState
2019-10-30 11:52:44,426 [Thread-1560] INFO  impl.FollowerState (FollowerState.java:run(108)) - f26e10ed-fb17-49e6-a903-eadc130d13d1@group-83984122B78E-FollowerState: change to CANDIDATE, lastRpcTime:6ms, electionTimeout:6ms
2019-10-30 11:52:44,426 [Thread-1560] INFO  impl.RoleInfo (RoleInfo.java:shutdownFollowerState(121)) - f26e10ed-fb17-49e6-a903-eadc130d13d1: shutdown FollowerState
2019-10-30 11:52:44,426 [Thread-1560] INFO  impl.RaftServerImpl (RaftServerImpl.java:setRole(184)) - f26e10ed-fb17-49e6-a903-eadc130d13d1@group-83984122B78E: changes role from  FOLLOWER to CANDIDATE at term 98 for changeToCandidate
2019-10-30 11:52:44,426 [Thread-1560] INFO  impl.RoleInfo (RoleInfo.java:updateAndGet(143)) - f26e10ed-fb17-49e6-a903-eadc130d13d1: start LeaderElection
2019-10-30 11:52:44,464 [f26e10ed-fb17-49e6-a903-eadc130d13d1@group-83984122B78E-LeaderElection182] INFO  impl.LeaderElection (LeaderElection.java:askForVotes(178)) - f26e10ed-fb17-49e6-a903-eadc130d13d1@group-83984122B78E-LeaderElection182: begin an election at term 99 for -1: [4f16e274-8663-4a15-9c4c-c81f650ab979:192.168.157.220:38181, 4cc44201-a597-43af-a4ec-5b1b407a6250:192.168.157.220:36685, f26e10ed-fb17-49e6-a903-eadc130d13d1:192.168.157.220:32806], old=null
2019-10-30 11:52:44,464 [9dbd5372-55c2-4532-b354-9494d3d545d2@group-F367C8FA5986-LeaderElection181] INFO  impl.LeaderElection (LeaderElection.java:logAndReturn(56)) - 9dbd5372-55c2-4532-b354-9494d3d545d2@group-F367C8FA5986-LeaderElection181: Election REJECTED; received 2 response(s) [9dbd5372-55c2-4532-b354-9494d3d545d2<-9b3ef6c9-0245-4756-bf80-45d41f7a4453#0:FAIL-t87, 9dbd5372-55c2-4532-b354-9494d3d545d2<-cd11b2f5-3187-4d03-bd60-931991550c17#0:FAIL-t87] and 0 exception(s); 9dbd5372-55c2-4532-b354-9494d3d545d2@group-F367C8FA5986:t87, leader=null, voted=9dbd5372-55c2-4532-b354-9494d3d545d2, raftlog=9dbd5372-55c2-4532-b354-9494d3d545d2@group-F367C8FA5986-SegmentedRaftLog:OPENED:c-1,f-1,i0, conf=-1: [9b3ef6c9-0245-4756-bf80-45d41f7a4453:192.168.157.220:37058, cd11b2f5-3187-4d03-bd60-931991550c17:192.168.157.220:43236, 9dbd5372-55c2-4532-b354-9494d3d545d2:192.168.157.220:42993], old=null
2019-10-30 11:52:44,464 [9dbd5372-55c2-4532-b354-9494d3d545d2@group-F367C8FA5986-LeaderElection181] INFO  impl.RaftServerImpl (RaftServerImpl.java:setRole(184)) - 9dbd5372-55c2-4532-b354-9494d3d545d2@group-F367C8FA5986: changes role from CANDIDATE to FOLLOWER at term 87 for DISCOVERED_A_NEW_TERM
2019-10-30 11:52:44,465 [9dbd5372-55c2-4532-b354-9494d3d545d2@group-F367C8FA5986-LeaderElection181] INFO  impl.RoleInfo (RoleInfo.java:shutdownLeaderElection(134)) - 9dbd5372-55c2-4532-b354-9494d3d545d2: shutdown LeaderElection
2019-10-30 11:52:44,465 [9dbd5372-55c2-4532-b354-9494d3d545d2@group-F367C8FA5986-LeaderElection181] INFO  impl.RoleInfo (RoleInfo.java:updateAndGet(143)) - 9dbd5372-55c2-4532-b354-9494d3d545d2: start FollowerState
2019-10-30 11:52:44,465 [grpc-default-executor-6] INFO  impl.RaftServerImpl (RaftServerImpl.java:setRole(184)) - 4f16e274-8663-4a15-9c4c-c81f650ab979@group-83984122B78E: changes role from  FOLLOWER to FOLLOWER at term 99 for recognizeCandidate:f26e10ed-fb17-49e6-a903-eadc130d13d1
2019-10-30 11:52:44,465 [grpc-default-executor-6] INFO  impl.RoleInfo (RoleInfo.java:shutdownFollowerState(121)) - 4f16e274-8663-4a15-9c4c-c81f650ab979: shutdown FollowerState
2019-10-30 11:52:44,465 [grpc-default-executor-4] INFO  impl.RaftServerImpl (RaftServerImpl.java:setRole(184)) - 4cc44201-a597-43af-a4ec-5b1b407a6250@group-83984122B78E: changes role from  FOLLOWER to FOLLOWER at term 99 for recognizeCandidate:f26e10ed-fb17-49e6-a903-eadc130d13d1
2019-10-30 11:52:44,465 [Thread-1555] INFO  impl.FollowerState (FollowerState.java:run(117)) - 4f16e274-8663-4a15-9c4c-c81f650ab979@group-83984122B78E-FollowerState was interrupted: java.lang.InterruptedException: sleep interrupted
2019-10-30 11:52:44,465 [grpc-default-executor-6] INFO  impl.RoleInfo (RoleInfo.java:updateAndGet(143)) - 4f16e274-8663-4a15-9c4c-c81f650ab979: start FollowerState
2019-10-30 11:52:44,465 [grpc-default-executor-4] INFO  impl.RoleInfo (RoleInfo.java:shutdownFollowerState(121)) - 4cc44201-a597-43af-a4ec-5b1b407a6250: shutdown FollowerState
2019-10-30 11:52:44,466 [Thread-1556] INFO  impl.FollowerState (FollowerState.java:run(117)) - 4cc44201-a597-43af-a4ec-5b1b407a6250@group-83984122B78E-FollowerState was interrupted: java.lang.InterruptedException: sleep interrupted
2019-10-30 11:52:44,466 [grpc-default-executor-4] INFO  impl.RoleInfo (RoleInfo.java:updateAndGet(143)) - 4cc44201-a597-43af-a4ec-5b1b407a6250: start FollowerState
2019-10-30 11:52:44,469 [Thread-1567] INFO  impl.FollowerState (FollowerState.java:run(108)) - 9dbd5372-55c2-4532-b354-9494d3d545d2@group-F367C8FA5986-FollowerState: change to CANDIDATE, lastRpcTime:4ms, electionTimeout:4ms
2019-10-30 11:52:44,469 [Thread-1567] INFO  impl.RoleInfo (RoleInfo.java:shutdownFollowerState(121)) - 9dbd5372-55c2-4532-b354-9494d3d545d2: shutdown FollowerState
2019-10-30 11:52:44,469 [Thread-1567] INFO  impl.RaftServerImpl (RaftServerImpl.java:setRole(184)) - 9dbd5372-55c2-4532-b354-9494d3d545d2@group-F367C8FA5986: changes role from  FOLLOWER to CANDIDATE at term 87 for changeToCandidate
2019-10-30 11:52:44,469 [Thread-1567] INFO  impl.RoleInfo (RoleInfo.java:updateAndGet(143)) - 9dbd5372-55c2-4532-b354-9494d3d545d2: start LeaderElection
2019-10-30 11:52:44,478 [9dbd5372-55c2-4532-b354-9494d3d545d2@group-F367C8FA5986-LeaderElection183] INFO  impl.LeaderElection (LeaderElection.java:askForVotes(178)) - 9dbd5372-55c2-4532-b354-9494d3d545d2@group-F367C8FA5986-LeaderElection183: begin an election at term 88 for -1: [9b3ef6c9-0245-4756-bf80-45d41f7a4453:192.168.157.220:37058, cd11b2f5-3187-4d03-bd60-931991550c17:192.168.157.220:43236, 9dbd5372-55c2-4532-b354-9494d3d545d2:192.168.157.220:42993], old=null
2019-10-30 11:52:44,478 [f26e10ed-fb17-49e6-a903-eadc130d13d1@group-83984122B78E-LeaderElection182] INFO  impl.LeaderElection (LeaderElection.java:logAndReturn(56)) - f26e10ed-fb17-49e6-a903-eadc130d13d1@group-83984122B78E-LeaderElection182: Election REJECTED; received 2 response(s) [f26e10ed-fb17-49e6-a903-eadc130d13d1<-4f16e274-8663-4a15-9c4c-c81f650ab979#0:FAIL-t99, f26e10ed-fb17-49e6-a903-eadc130d13d1<-4cc44201-a597-43af-a4ec-5b1b407a6250#0:FAIL-t99] and 0 exception(s); f26e10ed-fb17-49e6-a903-eadc130d13d1@group-83984122B78E:t99, leader=null, voted=f26e10ed-fb17-49e6-a903-eadc130d13d1, raftlog=f26e10ed-fb17-49e6-a903-eadc130d13d1@group-83984122B78E-SegmentedRaftLog:OPENED:c-1,f-1,i0, conf=-1: [4f16e274-8663-4a15-9c4c-c81f650ab979:192.168.157.220:38181, 4cc44201-a597-43af-a4ec-5b1b407a6250:192.168.157.220:36685, f26e10ed-fb17-49e6-a903-eadc130d13d1:192.168.157.220:32806], old=null
2019-10-30 11:52:44,479 [f26e10ed-fb17-49e6-a903-eadc130d13d1@group-83984122B78E-LeaderElection182] INFO  impl.RaftServerImpl (RaftServerImpl.java:setRole(184)) - f26e10ed-fb17-49e6-a903-eadc130d13d1@group-83984122B78E: changes role from CANDIDATE to FOLLOWER at term 99 for DISCOVERED_A_NEW_TERM
2019-10-30 11:52:44,479 [f26e10ed-fb17-49e6-a903-eadc130d13d1@group-83984122B78E-LeaderElection182] INFO  impl.RoleInfo (RoleInfo.java:shutdownLeaderElection(134)) - f26e10ed-fb17-49e6-a903-eadc130d13d1: shutdown LeaderElection
2019-10-30 11:52:44,479 [f26e10ed-fb17-49e6-a903-eadc130d13d1@group-83984122B78E-LeaderElection182] INFO  impl.RoleInfo (RoleInfo.java:updateAndGet(143)) - f26e10ed-fb17-49e6-a903-eadc130d13d1: start FollowerState
2019-10-30 11:52:44,479 [grpc-default-executor-6] INFO  impl.RaftServerImpl (RaftServerImpl.java:setRole(184)) - 9b3ef6c9-0245-4756-bf80-45d41f7a4453@group-F367C8FA5986: changes role from  FOLLOWER to FOLLOWER at term 88 for recognizeCandidate:9dbd5372-55c2-4532-b354-9494d3d545d2
2019-10-30 11:52:44,479 [grpc-default-executor-4] INFO  impl.RaftServerImpl (RaftServerImpl.java:setRole(184)) - cd11b2f5-3187-4d03-bd60-931991550c17@group-F367C8FA5986: changes role from  FOLLOWER to FOLLOWER at term 88 for recognizeCandidate:9dbd5372-55c2-4532-b354-9494d3d545d2
2019-10-30 11:52:44,479 [grpc-default-executor-4] INFO  impl.RoleInfo (RoleInfo.java:shutdownFollowerState(121)) - cd11b2f5-3187-4d03-bd60-931991550c17: shutdown FollowerState
2019-10-30 11:52:44,479 [grpc-default-executor-6] INFO  impl.RoleInfo (RoleInfo.java:shutdownFollowerState(121)) - 9b3ef6c9-0245-4756-bf80-45d41f7a4453: shutdown FollowerState
2019-10-30 11:52:44,479 [Thread-1561] INFO  impl.FollowerState (FollowerState.java:run(117)) - cd11b2f5-3187-4d03-bd60-931991550c17@group-F367C8FA5986-FollowerState was interrupted: java.lang.InterruptedException: sleep interrupted
2019-10-30 11:52:44,479 [grpc-default-executor-4] INFO  impl.RoleInfo (RoleInfo.java:updateAndGet(143)) - cd11b2f5-3187-4d03-bd60-931991550c17: start FollowerState
2019-10-30 11:52:44,480 [grpc-default-executor-6] INFO  impl.RoleInfo (RoleInfo.java:updateAndGet(143)) - 9b3ef6c9-0245-4756-bf80-45d41f7a4453: start FollowerState
2019-10-30 11:52:44,480 [Thread-1562] INFO  impl.FollowerState (FollowerState.java:run(117)) - 9b3ef6c9-0245-4756-bf80-45d41f7a4453@group-F367C8FA5986-FollowerState was interrupted: java.lang.InterruptedException: sleep interrupted
2019-10-30 11:52:44,483 [9dbd5372-55c2-4532-b354-9494d3d545d2@group-F367C8FA5986-LeaderElection183] INFO  impl.LeaderElection (LeaderElection.java:logAndReturn(56)) - 9dbd5372-55c2-4532-b354-9494d3d545d2@group-F367C8FA5986-LeaderElection183: Election REJECTED; received 2 response(s) [9dbd5372-55c2-4532-b354-9494d3d545d2<-9b3ef6c9-0245-4756-bf80-45d41f7a4453#0:FAIL-t88, 9dbd5372-55c2-4532-b354-9494d3d545d2<-cd11b2f5-3187-4d03-bd60-931991550c17#0:FAIL-t88] and 0 exception(s); 9dbd5372-55c2-4532-b354-9494d3d545d2@group-F367C8FA5986:t88, leader=null, voted=9dbd5372-55c2-4532-b354-9494d3d545d2, raftlog=9dbd5372-55c2-4532-b354-9494d3d545d2@group-F367C8FA5986-SegmentedRaftLog:OPENED:c-1,f-1,i0, conf=-1: [9b3ef6c9-0245-4756-bf80-45d41f7a4453:192.168.157.220:37058, cd11b2f5-3187-4d03-bd60-931991550c17:192.168.157.220:43236, 9dbd5372-55c2-4532-b354-9494d3d545d2:192.168.157.220:42993], old=null
2019-10-30 11:52:44,484 [9dbd5372-55c2-4532-b354-9494d3d545d2@group-F367C8FA5986-LeaderElection183] INFO  impl.RaftServerImpl (RaftServerImpl.java:setRole(184)) - 9dbd5372-55c2-4532-b354-9494d3d545d2@group-F367C8FA5986: changes role from CANDIDATE to FOLLOWER at term 88 for DISCOVERED_A_NEW_TERM
2019-10-30 11:52:44,484 [9dbd5372-55c2-4532-b354-9494d3d545d2@group-F367C8FA5986-LeaderElection183] INFO  impl.RoleInfo (RoleInfo.java:shutdownLeaderElection(134)) - 9dbd5372-55c2-4532-b354-9494d3d545d2: shutdown LeaderElection
2019-10-30 11:52:44,484 [9dbd5372-55c2-4532-b354-9494d3d545d2@group-F367C8FA5986-LeaderElection183] INFO  impl.RoleInfo (RoleInfo.java:updateAndGet(143)) - 9dbd5372-55c2-4532-b354-9494d3d545d2: start FollowerState
2019-10-30 11:52:44,518 [Thread-1573] INFO  impl.FollowerState (FollowerState.java:run(108)) - f26e10ed-fb17-49e6-a903-eadc130d13d1@group-83984122B78E-FollowerState: change to CANDIDATE, lastRpcTime:39ms, electionTimeout:39ms
2019-10-30 11:52:44,518 [Thread-1573] INFO  impl.RoleInfo (RoleInfo.java:shutdownFollowerState(121)) - f26e10ed-fb17-49e6-a903-eadc130d13d1: shutdown FollowerState
2019-10-30 11:52:44,518 [Thread-1573] INFO  impl.RaftServerImpl (RaftServerImpl.java:setRole(184)) - f26e10ed-fb17-49e6-a903-eadc130d13d1@group-83984122B78E: changes role from  FOLLOWER to CANDIDATE at term 99 for changeToCandidate
2019-10-30 11:52:44,518 [Thread-1573] INFO  impl.RoleInfo (RoleInfo.java:updateAndGet(143)) - f26e10ed-fb17-49e6-a903-eadc130d13d1: start LeaderElection
2019-10-30 11:52:44,525 [Thread-1576] INFO  impl.FollowerState (FollowerState.java:run(108)) - 9dbd5372-55c2-4532-b354-9494d3d545d2@group-F367C8FA5986-FollowerState: change to CANDIDATE, lastRpcTime:41ms, electionTimeout:41ms
2019-10-30 11:52:44,525 [Thread-1576] INFO  impl.RoleInfo (RoleInfo.java:shutdownFollowerState(121)) - 9dbd5372-55c2-4532-b354-9494d3d545d2: shutdown FollowerState
2019-10-30 11:52:44,525 [Thread-1576] INFO  impl.RaftServerImpl (RaftServerImpl.java:setRole(184)) - 9dbd5372-55c2-4532-b354-9494d3d545d2@group-F367C8FA5986: changes role from  FOLLOWER to CANDIDATE at term 88 for changeToCandidate
2019-10-30 11:52:44,525 [Thread-1576] INFO  impl.RoleInfo (RoleInfo.java:updateAndGet(143)) - 9dbd5372-55c2-4532-b354-9494d3d545d2: start LeaderElection
2019-10-30 11:52:44,535 [f26e10ed-fb17-49e6-a903-eadc130d13d1@group-83984122B78E-LeaderElection184] INFO  impl.LeaderElection (LeaderElection.java:askForVotes(178)) - f26e10ed-fb17-49e6-a903-eadc130d13d1@group-83984122B78E-LeaderElection184: begin an election at term 100 for -1: [4f16e274-8663-4a15-9c4c-c81f650ab979:192.168.157.220:38181, 4cc44201-a597-43af-a4ec-5b1b407a6250:192.168.157.220:36685, f26e10ed-fb17-49e6-a903-eadc130d13d1:192.168.157.220:32806], old=null
2019-10-30 11:52:44,535 [9dbd5372-55c2-4532-b354-9494d3d545d2@group-F367C8FA5986-LeaderElection185] INFO  impl.LeaderElection (LeaderElection.java:askForVotes(178)) - 9dbd5372-55c2-4532-b354-9494d3d545d2@group-F367C8FA5986-LeaderElection185: begin an election at term 89 for -1: [9b3ef6c9-0245-4756-bf80-45d41f7a4453:192.168.157.220:37058, cd11b2f5-3187-4d03-bd60-931991550c17:192.168.157.220:43236, 9dbd5372-55c2-4532-b354-9494d3d545d2:192.168.157.220:42993], old=null
2019-10-30 11:52:44,537 [grpc-default-executor-8] INFO  impl.RaftServerImpl (RaftServerImpl.java:setRole(184)) - cd11b2f5-3187-4d03-bd60-931991550c17@group-F367C8FA5986: changes role from  FOLLOWER to FOLLOWER at term 89 for recognizeCandidate:9dbd5372-55c2-4532-b354-9494d3d545d2
2019-10-30 11:52:44,537 [grpc-default-executor-1] INFO  impl.RaftServerImpl (RaftServerImpl.java:setRole(184)) - 4cc44201-a597-43af-a4ec-5b1b407a6250@group-83984122B78E: changes role from  FOLLOWER to FOLLOWER at term 100 for recognizeCandidate:f26e10ed-fb17-49e6-a903-eadc130d13d1
2019-10-30 11:52:44,537 [grpc-default-executor-8] INFO  impl.RoleInfo (RoleInfo.java:shutdownFollowerState(121)) - cd11b2f5-3187-4d03-bd60-931991550c17: shutdown FollowerState
2019-10-30 11:52:44,537 [grpc-default-executor-6] INFO  impl.RaftServerImpl (RaftServerImpl.java:setRole(184)) - 9b3ef6c9-0245-4756-bf80-45d41f7a4453@group-F367C8FA5986: changes role from  FOLLOWER to FOLLOWER at term 89 for recognizeCandidate:9dbd5372-55c2-4532-b354-9494d3d545d2
2019-10-30 11:52:44,538 [grpc-default-executor-6] INFO  impl.RoleInfo (RoleInfo.java:shutdownFollowerState(121)) - 9b3ef6c9-0245-4756-bf80-45d41f7a4453: shutdown FollowerState
2019-10-30 11:52:44,537 [grpc-default-executor-4] INFO  impl.RaftServerImpl (RaftServerImpl.java:setRole(184)) - 4f16e274-8663-4a15-9c4c-c81f650ab979@group-83984122B78E: changes role from  FOLLOWER to FOLLOWER at term 100 for recognizeCandidate:f26e10ed-fb17-49e6-a903-eadc130d13d1
2019-10-30 11:52:44,538 [grpc-default-executor-4] INFO  impl.RoleInfo (RoleInfo.java:shutdownFollowerState(121)) - 4f16e274-8663-4a15-9c4c-c81f650ab979: shutdown FollowerState
2019-10-30 11:52:44,538 [Thread-1575] INFO  impl.FollowerState (FollowerState.java:run(117)) - 9b3ef6c9-0245-4756-bf80-45d41f7a4453@group-F367C8FA5986-FollowerState was interrupted: java.lang.InterruptedException: sleep interrupted
2019-10-30 11:52:44,538 [grpc-default-executor-6] INFO  impl.RoleInfo (RoleInfo.java:updateAndGet(143)) - 9b3ef6c9-0245-4756-bf80-45d41f7a4453: start FollowerState
2019-10-30 11:52:44,538 [Thread-1574] INFO  impl.FollowerState (FollowerState.java:run(117)) - cd11b2f5-3187-4d03-bd60-931991550c17@group-F367C8FA5986-FollowerState was interrupted: java.lang.InterruptedException: sleep interrupted
2019-10-30 11:52:44,537 [grpc-default-executor-8] INFO  impl.RoleInfo (RoleInfo.java:updateAndGet(143)) - cd11b2f5-3187-4d03-bd60-931991550c17: start FollowerState
2019-10-30 11:52:44,537 [grpc-default-executor-1] INFO  impl.RoleInfo (RoleInfo.java:shutdownFollowerState(121)) - 4cc44201-a597-43af-a4ec-5b1b407a6250: shutdown FollowerState
2019-10-30 11:52:44,538 [Thread-1568] INFO  impl.FollowerState (FollowerState.java:run(117)) - 4f16e274-8663-4a15-9c4c-c81f650ab979@group-83984122B78E-FollowerState was interrupted: java.lang.InterruptedException: sleep interrupted
2019-10-30 11:52:44,538 [grpc-default-executor-4] INFO  impl.RoleInfo (RoleInfo.java:updateAndGet(143)) - 4f16e274-8663-4a15-9c4c-c81f650ab979: start FollowerState
2019-10-30 11:52:44,538 [Thread-1569] INFO  impl.FollowerState (FollowerState.java:run(117)) - 4cc44201-a597-43af-a4ec-5b1b407a6250@group-83984122B78E-FollowerState was interrupted: java.lang.InterruptedException: sleep interrupted
2019-10-30 11:52:44,538 [grpc-default-executor-1] INFO  impl.RoleInfo (RoleInfo.java:updateAndGet(143)) - 4cc44201-a597-43af-a4ec-5b1b407a6250: start FollowerState
2019-10-30 11:52:44,550 [9dbd5372-55c2-4532-b354-9494d3d545d2@group-F367C8FA5986-LeaderElection185] INFO  impl.LeaderElection (LeaderElection.java:logAndReturn(56)) - 9dbd5372-55c2-4532-b354-9494d3d545d2@group-F367C8FA5986-LeaderElection185: Election REJECTED; received 2 response(s) [9dbd5372-55c2-4532-b354-9494d3d545d2<-9b3ef6c9-0245-4756-bf80-45d41f7a4453#0:FAIL-t89, 9dbd5372-55c2-4532-b354-9494d3d545d2<-cd11b2f5-3187-4d03-bd60-931991550c17#0:FAIL-t89] and 0 exception(s); 9dbd5372-55c2-4532-b354-9494d3d545d2@group-F367C8FA5986:t89, leader=null, voted=9dbd5372-55c2-4532-b354-9494d3d545d2, raftlog=9dbd5372-55c2-4532-b354-9494d3d545d2@group-F367C8FA5986-SegmentedRaftLog:OPENED:c-1,f-1,i0, conf=-1: [9b3ef6c9-0245-4756-bf80-45d41f7a4453:192.168.157.220:37058, cd11b2f5-3187-4d03-bd60-931991550c17:192.168.157.220:43236, 9dbd5372-55c2-4532-b354-9494d3d545d2:192.168.157.220:42993], old=null
2019-10-30 11:52:44,550 [9dbd5372-55c2-4532-b354-9494d3d545d2@group-F367C8FA5986-LeaderElection185] INFO  impl.RaftServerImpl (RaftServerImpl.java:setRole(184)) - 9dbd5372-55c2-4532-b354-9494d3d545d2@group-F367C8FA5986: changes role from CANDIDATE to FOLLOWER at term 89 for DISCOVERED_A_NEW_TERM
2019-10-30 11:52:44,550 [f26e10ed-fb17-49e6-a903-eadc130d13d1@group-83984122B78E-LeaderElection184] INFO  impl.LeaderElection (LeaderElection.java:logAndReturn(56)) - f26e10ed-fb17-49e6-a903-eadc130d13d1@group-83984122B78E-LeaderElection184: Election REJECTED; received 2 response(s) [f26e10ed-fb17-49e6-a903-eadc130d13d1<-4f16e274-8663-4a15-9c4c-c81f650ab979#0:FAIL-t100, f26e10ed-fb17-49e6-a903-eadc130d13d1<-4cc44201-a597-43af-a4ec-5b1b407a6250#0:FAIL-t100] and 0 exception(s); f26e10ed-fb17-49e6-a903-eadc130d13d1@group-83984122B78E:t100, leader=null, voted=f26e10ed-fb17-49e6-a903-eadc130d13d1, raftlog=f26e10ed-fb17-49e6-a903-eadc130d13d1@group-83984122B78E-SegmentedRaftLog:OPENED:c-1,f-1,i0, conf=-1: [4f16e274-8663-4a15-9c4c-c81f650ab979:192.168.157.220:38181, 4cc44201-a597-43af-a4ec-5b1b407a6250:192.168.157.220:36685, f26e10ed-fb17-49e6-a903-eadc130d13d1:192.168.157.220:32806], old=null
2019-10-30 11:52:44,551 [9dbd5372-55c2-4532-b354-9494d3d545d2@group-F367C8FA5986-LeaderElection185] INFO  impl.RoleInfo (RoleInfo.java:shutdownLeaderElection(134)) - 9dbd5372-55c2-4532-b354-9494d3d545d2: shutdown LeaderElection
2019-10-30 11:52:44,551 [f26e10ed-fb17-49e6-a903-eadc130d13d1@group-83984122B78E-LeaderElection184] INFO  impl.RaftServerImpl (RaftServerImpl.java:setRole(184)) - f26e10ed-fb17-49e6-a903-eadc130d13d1@group-83984122B78E: changes role from CANDIDATE to FOLLOWER at term 100 for DISCOVERED_A_NEW_TERM
2019-10-30 11:52:44,551 [9dbd5372-55c2-4532-b354-9494d3d545d2@group-F367C8FA5986-LeaderElection185] INFO  impl.RoleInfo (RoleInfo.java:updateAndGet(143)) - 9dbd5372-55c2-4532-b354-9494d3d545d2: start FollowerState
2019-10-30 11:52:44,551 [f26e10ed-fb17-49e6-a903-eadc130d13d1@group-83984122B78E-LeaderElection184] INFO  impl.RoleInfo (RoleInfo.java:shutdownLeaderElection(134)) - f26e10ed-fb17-49e6-a903-eadc130d13d1: shutdown LeaderElection
2019-10-30 11:52:44,551 [f26e10ed-fb17-49e6-a903-eadc130d13d1@group-83984122B78E-LeaderElection184] INFO  impl.RoleInfo (RoleInfo.java:updateAndGet(143)) - f26e10ed-fb17-49e6-a903-eadc130d13d1: start FollowerState
2019-10-30 11:52:44,592 [Thread-1589] INFO  impl.FollowerState (FollowerState.java:run(108)) - f26e10ed-fb17-49e6-a903-eadc130d13d1@group-83984122B78E-FollowerState: change to CANDIDATE, lastRpcTime:41ms, electionTimeout:41ms
2019-10-30 11:52:44,593 [Thread-1589] INFO  impl.RoleInfo (RoleInfo.java:shutdownFollowerState(121)) - f26e10ed-fb17-49e6-a903-eadc130d13d1: shutdown FollowerState
2019-10-30 11:52:44,593 [Thread-1589] INFO  impl.RaftServerImpl (RaftServerImpl.java:setRole(184)) - f26e10ed-fb17-49e6-a903-eadc130d13d1@group-83984122B78E: changes role from  FOLLOWER to CANDIDATE at term 100 for changeToCandidate
2019-10-30 11:52:44,593 [Thread-1589] INFO  impl.RoleInfo (RoleInfo.java:updateAndGet(143)) - f26e10ed-fb17-49e6-a903-eadc130d13d1: start LeaderElection
2019-10-30 11:52:44,620 [f26e10ed-fb17-49e6-a903-eadc130d13d1@group-83984122B78E-LeaderElection186] INFO  impl.LeaderElection (LeaderElection.java:askForVotes(178)) - f26e10ed-fb17-49e6-a903-eadc130d13d1@group-83984122B78E-LeaderElection186: begin an election at term 101 for -1: [4f16e274-8663-4a15-9c4c-c81f650ab979:192.168.157.220:38181, 4cc44201-a597-43af-a4ec-5b1b407a6250:192.168.157.220:36685, f26e10ed-fb17-49e6-a903-eadc130d13d1:192.168.157.220:32806], old=null
2019-10-30 11:52:44,621 [grpc-default-executor-8] INFO  impl.RaftServerImpl (RaftServerImpl.java:setRole(184)) - 4f16e274-8663-4a15-9c4c-c81f650ab979@group-83984122B78E: changes role from  FOLLOWER to FOLLOWER at term 101 for recognizeCandidate:f26e10ed-fb17-49e6-a903-eadc130d13d1
2019-10-30 11:52:44,621 [grpc-default-executor-8] INFO  impl.RoleInfo (RoleInfo.java:shutdownFollowerState(121)) - 4f16e274-8663-4a15-9c4c-c81f650ab979: shutdown FollowerState
2019-10-30 11:52:44,621 [grpc-default-executor-4] INFO  impl.RaftServerImpl (RaftServerImpl.java:setRole(184)) - 4cc44201-a597-43af-a4ec-5b1b407a6250@group-83984122B78E: changes role from  FOLLOWER to FOLLOWER at term 101 for recognizeCandidate:f26e10ed-fb17-49e6-a903-eadc130d13d1
2019-10-30 11:52:44,621 [Thread-1586] INFO  impl.FollowerState (FollowerState.java:run(117)) - 4f16e274-8663-4a15-9c4c-c81f650ab979@group-83984122B78E-FollowerState was interrupted: java.lang.InterruptedException: sleep interrupted
2019-10-30 11:52:44,621 [grpc-default-executor-8] INFO  impl.RoleInfo (RoleInfo.java:updateAndGet(143)) - 4f16e274-8663-4a15-9c4c-c81f650ab979: start FollowerState
2019-10-30 11:52:44,621 [grpc-default-executor-4] INFO  impl.RoleInfo (RoleInfo.java:shutdownFollowerState(121)) - 4cc44201-a597-43af-a4ec-5b1b407a6250: shutdown FollowerState
2019-10-30 11:52:44,622 [grpc-default-executor-4] INFO  impl.RoleInfo (RoleInfo.java:updateAndGet(143)) - 4cc44201-a597-43af-a4ec-5b1b407a6250: start FollowerState
2019-10-30 11:52:44,622 [Thread-1587] INFO  impl.FollowerState (FollowerState.java:run(117)) - 4cc44201-a597-43af-a4ec-5b1b407a6250@group-83984122B78E-FollowerState was interrupted: java.lang.InterruptedException: sleep interrupted
2019-10-30 11:52:44,634 [f26e10ed-fb17-49e6-a903-eadc130d13d1@group-83984122B78E-LeaderElection186] INFO  impl.LeaderElection (LeaderElection.java:logAndReturn(56)) - f26e10ed-fb17-49e6-a903-eadc130d13d1@group-83984122B78E-LeaderElection186: Election REJECTED; received 2 response(s) [f26e10ed-fb17-49e6-a903-eadc130d13d1<-4f16e274-8663-4a15-9c4c-c81f650ab979#0:FAIL-t101, f26e10ed-fb17-49e6-a903-eadc130d13d1<-4cc44201-a597-43af-a4ec-5b1b407a6250#0:FAIL-t101] and 0 exception(s); f26e10ed-fb17-49e6-a903-eadc130d13d1@group-83984122B78E:t101, leader=null, voted=f26e10ed-fb17-49e6-a903-eadc130d13d1, raftlog=f26e10ed-fb17-49e6-a903-eadc130d13d1@group-83984122B78E-SegmentedRaftLog:OPENED:c-1,f-1,i0, conf=-1: [4f16e274-8663-4a15-9c4c-c81f650ab979:192.168.157.220:38181, 4cc44201-a597-43af-a4ec-5b1b407a6250:192.168.157.220:36685, f26e10ed-fb17-49e6-a903-eadc130d13d1:192.168.157.220:32806], old=null
2019-10-30 11:52:44,634 [f26e10ed-fb17-49e6-a903-eadc130d13d1@group-83984122B78E-LeaderElection186] INFO  impl.RaftServerImpl (RaftServerImpl.java:setRole(184)) - f26e10ed-fb17-49e6-a903-eadc130d13d1@group-83984122B78E: changes role from CANDIDATE to FOLLOWER at term 101 for DISCOVERED_A_NEW_TERM
2019-10-30 11:52:44,634 [f26e10ed-fb17-49e6-a903-eadc130d13d1@group-83984122B78E-LeaderElection186] INFO  impl.RoleInfo (RoleInfo.java:shutdownLeaderElection(134)) - f26e10ed-fb17-49e6-a903-eadc130d13d1: shutdown LeaderElection
2019-10-30 11:52:44,634 [f26e10ed-fb17-49e6-a903-eadc130d13d1@group-83984122B78E-LeaderElection186] INFO  impl.RoleInfo (RoleInfo.java:updateAndGet(143)) - f26e10ed-fb17-49e6-a903-eadc130d13d1: start FollowerState
2019-10-30 11:52:44,705 [Thread-1588] INFO  impl.FollowerState (FollowerState.java:run(108)) - 9dbd5372-55c2-4532-b354-9494d3d545d2@group-F367C8FA5986-FollowerState: change to CANDIDATE, lastRpcTime:154ms, electionTimeout:154ms
2019-10-30 11:52:44,705 [Thread-1588] INFO  impl.RoleInfo (RoleInfo.java:shutdownFollowerState(121)) - 9dbd5372-55c2-4532-b354-9494d3d545d2: shutdown FollowerState
2019-10-30 11:52:44,705 [Thread-1588] INFO  impl.RaftServerImpl (RaftServerImpl.java:setRole(184)) - 9dbd5372-55c2-4532-b354-9494d3d545d2@group-F367C8FA5986: changes role from  FOLLOWER to CANDIDATE at term 89 for changeToCandidate
2019-10-30 11:52:44,706 [Thread-1588] INFO  impl.RoleInfo (RoleInfo.java:updateAndGet(143)) - 9dbd5372-55c2-4532-b354-9494d3d545d2: start LeaderElection
2019-10-30 11:52:44,711 [9dbd5372-55c2-4532-b354-9494d3d545d2@group-F367C8FA5986-LeaderElection187] INFO  impl.LeaderElection (LeaderElection.java:askForVotes(178)) - 9dbd5372-55c2-4532-b354-9494d3d545d2@group-F367C8FA5986-LeaderElection187: begin an election at term 90 for -1: [9b3ef6c9-0245-4756-bf80-45d41f7a4453:192.168.157.220:37058, cd11b2f5-3187-4d03-bd60-931991550c17:192.168.157.220:43236, 9dbd5372-55c2-4532-b354-9494d3d545d2:192.168.157.220:42993], old=null
2019-10-30 11:52:44,713 [grpc-default-executor-4] INFO  impl.RaftServerImpl (RaftServerImpl.java:setRole(184)) - 9b3ef6c9-0245-4756-bf80-45d41f7a4453@group-F367C8FA5986: changes role from  FOLLOWER to FOLLOWER at term 90 for recognizeCandidate:9dbd5372-55c2-4532-b354-9494d3d545d2
2019-10-30 11:52:44,713 [grpc-default-executor-8] INFO  impl.RaftServerImpl (RaftServerImpl.java:setRole(184)) - cd11b2f5-3187-4d03-bd60-931991550c17@group-F367C8FA5986: changes role from  FOLLOWER to FOLLOWER at term 90 for recognizeCandidate:9dbd5372-55c2-4532-b354-9494d3d545d2
2019-10-30 11:52:44,713 [grpc-default-executor-4] INFO  impl.RoleInfo (RoleInfo.java:shutdownFollowerState(121)) - 9b3ef6c9-0245-4756-bf80-45d41f7a4453: shutdown FollowerState
2019-10-30 11:52:44,713 [grpc-default-executor-8] INFO  impl.RoleInfo (RoleInfo.java:shutdownFollowerState(121)) - cd11b2f5-3187-4d03-bd60-931991550c17: shutdown FollowerState
2019-10-30 11:52:44,713 [Thread-1585] INFO  impl.FollowerState (FollowerState.java:run(117)) - 9b3ef6c9-0245-4756-bf80-45d41f7a4453@group-F367C8FA5986-FollowerState was interrupted: java.lang.InterruptedException: sleep interrupted
2019-10-30 11:52:44,713 [grpc-default-executor-4] INFO  impl.RoleInfo (RoleInfo.java:updateAndGet(143)) - 9b3ef6c9-0245-4756-bf80-45d41f7a4453: start FollowerState
2019-10-30 11:52:44,713 [Thread-1584] INFO  impl.FollowerState (FollowerState.java:run(117)) - cd11b2f5-3187-4d03-bd60-931991550c17@group-F367C8FA5986-FollowerState was interrupted: java.lang.InterruptedException: sleep interrupted
2019-10-30 11:52:44,713 [grpc-default-executor-8] INFO  impl.RoleInfo (RoleInfo.java:updateAndGet(143)) - cd11b2f5-3187-4d03-bd60-931991550c17: start FollowerState
2019-10-30 11:52:44,730 [9dbd5372-55c2-4532-b354-9494d3d545d2@group-F367C8FA5986-LeaderElection187] INFO  impl.LeaderElection (LeaderElection.java:logAndReturn(56)) - 9dbd5372-55c2-4532-b354-9494d3d545d2@group-F367C8FA5986-LeaderElection187: Election REJECTED; received 2 response(s) [9dbd5372-55c2-4532-b354-9494d3d545d2<-9b3ef6c9-0245-4756-bf80-45d41f7a4453#0:FAIL-t90, 9dbd5372-55c2-4532-b354-9494d3d545d2<-cd11b2f5-3187-4d03-bd60-931991550c17#0:FAIL-t90] and 0 exception(s); 9dbd5372-55c2-4532-b354-9494d3d545d2@group-F367C8FA5986:t90, leader=null, voted=9dbd5372-55c2-4532-b354-9494d3d545d2, raftlog=9dbd5372-55c2-4532-b354-9494d3d545d2@group-F367C8FA5986-SegmentedRaftLog:OPENED:c-1,f-1,i0, conf=-1: [9b3ef6c9-0245-4756-bf80-45d41f7a4453:192.168.157.220:37058, cd11b2f5-3187-4d03-bd60-931991550c17:192.168.157.220:43236, 9dbd5372-55c2-4532-b354-9494d3d545d2:192.168.157.220:42993], old=null
2019-10-30 11:52:44,730 [9dbd5372-55c2-4532-b354-9494d3d545d2@group-F367C8FA5986-LeaderElection187] INFO  impl.RaftServerImpl (RaftServerImpl.java:setRole(184)) - 9dbd5372-55c2-4532-b354-9494d3d545d2@group-F367C8FA5986: changes role from CANDIDATE to FOLLOWER at term 90 for DISCOVERED_A_NEW_TERM
2019-10-30 11:52:44,730 [9dbd5372-55c2-4532-b354-9494d3d545d2@group-F367C8FA5986-LeaderElection187] INFO  impl.RoleInfo (RoleInfo.java:shutdownLeaderElection(134)) - 9dbd5372-55c2-4532-b354-9494d3d545d2: shutdown LeaderElection
2019-10-30 11:52:44,730 [9dbd5372-55c2-4532-b354-9494d3d545d2@group-F367C8FA5986-LeaderElection187] INFO  impl.RoleInfo (RoleInfo.java:updateAndGet(143)) - 9dbd5372-55c2-4532-b354-9494d3d545d2: start FollowerState
2019-10-30 11:52:44,774 [Thread-1601] INFO  impl.FollowerState (FollowerState.java:run(108)) - 9dbd5372-55c2-4532-b354-9494d3d545d2@group-F367C8FA5986-FollowerState: change to CANDIDATE, lastRpcTime:44ms, electionTimeout:44ms
2019-10-30 11:52:44,774 [Thread-1601] INFO  impl.RoleInfo (RoleInfo.java:shutdownFollowerState(121)) - 9dbd5372-55c2-4532-b354-9494d3d545d2: shutdown FollowerState
2019-10-30 11:52:44,774 [Thread-1601] INFO  impl.RaftServerImpl (RaftServerImpl.java:setRole(184)) - 9dbd5372-55c2-4532-b354-9494d3d545d2@group-F367C8FA5986: changes role from  FOLLOWER to CANDIDATE at term 90 for changeToCandidate
2019-10-30 11:52:44,775 [Thread-1601] INFO  impl.RoleInfo (RoleInfo.java:updateAndGet(143)) - 9dbd5372-55c2-4532-b354-9494d3d545d2: start LeaderElection
2019-10-30 11:52:44,780 [9dbd5372-55c2-4532-b354-9494d3d545d2@group-F367C8FA5986-LeaderElection188] INFO  impl.LeaderElection (LeaderElection.java:askForVotes(178)) - 9dbd5372-55c2-4532-b354-9494d3d545d2@group-F367C8FA5986-LeaderElection188: begin an election at term 91 for -1: [9b3ef6c9-0245-4756-bf80-45d41f7a4453:192.168.157.220:37058, cd11b2f5-3187-4d03-bd60-931991550c17:192.168.157.220:43236, 9dbd5372-55c2-4532-b354-9494d3d545d2:192.168.157.220:42993], old=null
2019-10-30 11:52:44,782 [grpc-default-executor-8] INFO  impl.RaftServerImpl (RaftServerImpl.java:setRole(184)) - cd11b2f5-3187-4d03-bd60-931991550c17@group-F367C8FA5986: changes role from  FOLLOWER to FOLLOWER at term 91 for recognizeCandidate:9dbd5372-55c2-4532-b354-9494d3d545d2
2019-10-30 11:52:44,782 [grpc-default-executor-4] INFO  impl.RaftServerImpl (RaftServerImpl.java:setRole(184)) - 9b3ef6c9-0245-4756-bf80-45d41f7a4453@group-F367C8FA5986: changes role from  FOLLOWER to FOLLOWER at term 91 for recognizeCandidate:9dbd5372-55c2-4532-b354-9494d3d545d2
2019-10-30 11:52:44,782 [grpc-default-executor-8] INFO  impl.RoleInfo (RoleInfo.java:shutdownFollowerState(121)) - cd11b2f5-3187-4d03-bd60-931991550c17: shutdown FollowerState
2019-10-30 11:52:44,782 [grpc-default-executor-4] INFO  impl.RoleInfo (RoleInfo.java:shutdownFollowerState(121)) - 9b3ef6c9-0245-4756-bf80-45d41f7a4453: shutdown FollowerState
2019-10-30 11:52:44,782 [Thread-1600] INFO  impl.FollowerState (FollowerState.java:run(117)) - cd11b2f5-3187-4d03-bd60-931991550c17@group-F367C8FA5986-FollowerState was interrupted: java.lang.InterruptedException: sleep interrupted
2019-10-30 11:52:44,782 [Thread-1599] INFO  impl.FollowerState (FollowerState.java:run(117)) - 9b3ef6c9-0245-4756-bf80-45d41f7a4453@group-F367C8FA5986-FollowerState was interrupted: java.lang.InterruptedException: sleep interrupted
2019-10-30 11:52:44,782 [grpc-default-executor-8] INFO  impl.RoleInfo (RoleInfo.java:updateAndGet(143)) - cd11b2f5-3187-4d03-bd60-931991550c17: start FollowerState
2019-10-30 11:52:44,782 [grpc-default-executor-4] INFO  impl.RoleInfo (RoleInfo.java:updateAndGet(143)) - 9b3ef6c9-0245-4756-bf80-45d41f7a4453: start FollowerState
2019-10-30 11:52:44,783 [Thread-1595] INFO  impl.FollowerState (FollowerState.java:run(108)) - f26e10ed-fb17-49e6-a903-eadc130d13d1@group-83984122B78E-FollowerState: change to CANDIDATE, lastRpcTime:149ms, electionTimeout:149ms
2019-10-30 11:52:44,784 [Thread-1595] INFO  impl.RoleInfo (RoleInfo.java:shutdownFollowerState(121)) - f26e10ed-fb17-49e6-a903-eadc130d13d1: shutdown FollowerState
2019-10-30 11:52:44,784 [Thread-1595] INFO  impl.RaftServerImpl (RaftServerImpl.java:setRole(184)) - f26e10ed-fb17-49e6-a903-eadc130d13d1@group-83984122B78E: changes role from  FOLLOWER to CANDIDATE at term 101 for changeToCandidate
2019-10-30 11:52:44,784 [Thread-1595] INFO  impl.RoleInfo (RoleInfo.java:updateAndGet(143)) - f26e10ed-fb17-49e6-a903-eadc130d13d1: start LeaderElection
2019-10-30 11:52:44,799 [f26e10ed-fb17-49e6-a903-eadc130d13d1@group-83984122B78E-LeaderElection189] INFO  impl.LeaderElection (LeaderElection.java:askForVotes(178)) - f26e10ed-fb17-49e6-a903-eadc130d13d1@group-83984122B78E-LeaderElection189: begin an election at term 102 for -1: [4f16e274-8663-4a15-9c4c-c81f650ab979:192.168.157.220:38181, 4cc44201-a597-43af-a4ec-5b1b407a6250:192.168.157.220:36685, f26e10ed-fb17-49e6-a903-eadc130d13d1:192.168.157.220:32806], old=null
2019-10-30 11:52:44,799 [9dbd5372-55c2-4532-b354-9494d3d545d2@group-F367C8FA5986-LeaderElection188] INFO  impl.LeaderElection (LeaderElection.java:logAndReturn(56)) - 9dbd5372-55c2-4532-b354-9494d3d545d2@group-F367C8FA5986-LeaderElection188: Election REJECTED; received 2 response(s) [9dbd5372-55c2-4532-b354-9494d3d545d2<-9b3ef6c9-0245-4756-bf80-45d41f7a4453#0:FAIL-t91, 9dbd5372-55c2-4532-b354-9494d3d545d2<-cd11b2f5-3187-4d03-bd60-931991550c17#0:FAIL-t91] and 0 exception(s); 9dbd5372-55c2-4532-b354-9494d3d545d2@group-F367C8FA5986:t91, leader=null, voted=9dbd5372-55c2-4532-b354-9494d3d545d2, raftlog=9dbd5372-55c2-4532-b354-9494d3d545d2@group-F367C8FA5986-SegmentedRaftLog:OPENED:c-1,f-1,i0, conf=-1: [9b3ef6c9-0245-4756-bf80-45d41f7a4453:192.168.157.220:37058, cd11b2f5-3187-4d03-bd60-931991550c17:192.168.157.220:43236, 9dbd5372-55c2-4532-b354-9494d3d545d2:192.168.157.220:42993], old=null
2019-10-30 11:52:44,800 [9dbd5372-55c2-4532-b354-9494d3d545d2@group-F367C8FA5986-LeaderElection188] INFO  impl.RaftServerImpl (RaftServerImpl.java:setRole(184)) - 9dbd5372-55c2-4532-b354-9494d3d545d2@group-F367C8FA5986: changes role from CANDIDATE to FOLLOWER at term 91 for DISCOVERED_A_NEW_TERM
2019-10-30 11:52:44,800 [9dbd5372-55c2-4532-b354-9494d3d545d2@group-F367C8FA5986-LeaderElection188] INFO  impl.RoleInfo (RoleInfo.java:shutdownLeaderElection(134)) - 9dbd5372-55c2-4532-b354-9494d3d545d2: shutdown LeaderElection
2019-10-30 11:52:44,800 [9dbd5372-55c2-4532-b354-9494d3d545d2@group-F367C8FA5986-LeaderElection188] INFO  impl.RoleInfo (RoleInfo.java:updateAndGet(143)) - 9dbd5372-55c2-4532-b354-9494d3d545d2: start FollowerState
2019-10-30 11:52:44,800 [grpc-default-executor-4] INFO  impl.RaftServerImpl (RaftServerImpl.java:setRole(184)) - 4cc44201-a597-43af-a4ec-5b1b407a6250@group-83984122B78E: changes role from  FOLLOWER to FOLLOWER at term 102 for recognizeCandidate:f26e10ed-fb17-49e6-a903-eadc130d13d1
2019-10-30 11:52:44,800 [grpc-default-executor-4] INFO  impl.RoleInfo (RoleInfo.java:shutdownFollowerState(121)) - 4cc44201-a597-43af-a4ec-5b1b407a6250: shutdown FollowerState
2019-10-30 11:52:44,800 [grpc-default-executor-8] INFO  impl.RaftServerImpl (RaftServerImpl.java:setRole(184)) - 4f16e274-8663-4a15-9c4c-c81f650ab979@group-83984122B78E: changes role from  FOLLOWER to FOLLOWER at term 102 for recognizeCandidate:f26e10ed-fb17-49e6-a903-eadc130d13d1
2019-10-30 11:52:44,801 [Thread-1594] INFO  impl.FollowerState (FollowerState.java:run(117)) - 4cc44201-a597-43af-a4ec-5b1b407a6250@group-83984122B78E-FollowerState was interrupted: java.lang.InterruptedException: sleep interrupted
2019-10-30 11:52:44,801 [grpc-default-executor-4] INFO  impl.RoleInfo (RoleInfo.java:updateAndGet(143)) - 4cc44201-a597-43af-a4ec-5b1b407a6250: start FollowerState
2019-10-30 11:52:44,801 [grpc-default-executor-8] INFO  impl.RoleInfo (RoleInfo.java:shutdownFollowerState(121)) - 4f16e274-8663-4a15-9c4c-c81f650ab979: shutdown FollowerState
2019-10-30 11:52:44,801 [grpc-default-executor-8] INFO  impl.RoleInfo (RoleInfo.java:updateAndGet(143)) - 4f16e274-8663-4a15-9c4c-c81f650ab979: start FollowerState
2019-10-30 11:52:44,801 [Thread-1593] INFO  impl.FollowerState (FollowerState.java:run(117)) - 4f16e274-8663-4a15-9c4c-c81f650ab979@group-83984122B78E-FollowerState was interrupted: java.lang.InterruptedException: sleep interrupted
2019-10-30 11:52:44,812 [Thread-1610] INFO  impl.FollowerState (FollowerState.java:run(108)) - 9dbd5372-55c2-4532-b354-9494d3d545d2@group-F367C8FA5986-FollowerState: change to CANDIDATE, lastRpcTime:12ms, electionTimeout:12ms
2019-10-30 11:52:44,813 [Thread-1610] INFO  impl.RoleInfo (RoleInfo.java:shutdownFollowerState(121)) - 9dbd5372-55c2-4532-b354-9494d3d545d2: shutdown FollowerState
2019-10-30 11:52:44,813 [Thread-1610] INFO  impl.RaftServerImpl (RaftServerImpl.java:setRole(184)) - 9dbd5372-55c2-4532-b354-9494d3d545d2@group-F367C8FA5986: changes role from  FOLLOWER to CANDIDATE at term 91 for changeToCandidate
2019-10-30 11:52:44,813 [Thread-1610] INFO  impl.RoleInfo (RoleInfo.java:updateAndGet(143)) - 9dbd5372-55c2-4532-b354-9494d3d545d2: start LeaderElection
2019-10-30 11:52:44,813 [f26e10ed-fb17-49e6-a903-eadc130d13d1@group-83984122B78E-LeaderElection189] INFO  impl.LeaderElection (LeaderElection.java:logAndReturn(56)) - f26e10ed-fb17-49e6-a903-eadc130d13d1@group-83984122B78E-LeaderElection189: Election REJECTED; received 2 response(s) [f26e10ed-fb17-49e6-a903-eadc130d13d1<-4f16e274-8663-4a15-9c4c-c81f650ab979#0:FAIL-t102, f26e10ed-fb17-49e6-a903-eadc130d13d1<-4cc44201-a597-43af-a4ec-5b1b407a6250#0:FAIL-t102] and 0 exception(s); f26e10ed-fb17-49e6-a903-eadc130d13d1@group-83984122B78E:t102, leader=null, voted=f26e10ed-fb17-49e6-a903-eadc130d13d1, raftlog=f26e10ed-fb17-49e6-a903-eadc130d13d1@group-83984122B78E-SegmentedRaftLog:OPENED:c-1,f-1,i0, conf=-1: [4f16e274-8663-4a15-9c4c-c81f650ab979:192.168.157.220:38181, 4cc44201-a597-43af-a4ec-5b1b407a6250:192.168.157.220:36685, f26e10ed-fb17-49e6-a903-eadc130d13d1:192.168.157.220:32806], old=null
2019-10-30 11:52:44,813 [f26e10ed-fb17-49e6-a903-eadc130d13d1@group-83984122B78E-LeaderElection189] INFO  impl.RaftServerImpl (RaftServerImpl.java:setRole(184)) - f26e10ed-fb17-49e6-a903-eadc130d13d1@group-83984122B78E: changes role from CANDIDATE to FOLLOWER at term 102 for DISCOVERED_A_NEW_TERM
2019-10-30 11:52:44,813 [f26e10ed-fb17-49e6-a903-eadc130d13d1@group-83984122B78E-LeaderElection189] INFO  impl.RoleInfo (RoleInfo.java:shutdownLeaderElection(134)) - f26e10ed-fb17-49e6-a903-eadc130d13d1: shutdown LeaderElection
2019-10-30 11:52:44,814 [f26e10ed-fb17-49e6-a903-eadc130d13d1@group-83984122B78E-LeaderElection189] INFO  impl.RoleInfo (RoleInfo.java:updateAndGet(143)) - f26e10ed-fb17-49e6-a903-eadc130d13d1: start FollowerState
2019-10-30 11:52:44,816 [9dbd5372-55c2-4532-b354-9494d3d545d2@group-F367C8FA5986-LeaderElection190] INFO  impl.LeaderElection (LeaderElection.java:askForVotes(178)) - 9dbd5372-55c2-4532-b354-9494d3d545d2@group-F367C8FA5986-LeaderElection190: begin an election at term 92 for -1: [9b3ef6c9-0245-4756-bf80-45d41f7a4453:192.168.157.220:37058, cd11b2f5-3187-4d03-bd60-931991550c17:192.168.157.220:43236, 9dbd5372-55c2-4532-b354-9494d3d545d2:192.168.157.220:42993], old=null
2019-10-30 11:52:44,817 [grpc-default-executor-8] INFO  impl.RaftServerImpl (RaftServerImpl.java:setRole(184)) - 9b3ef6c9-0245-4756-bf80-45d41f7a4453@group-F367C8FA5986: changes role from  FOLLOWER to FOLLOWER at term 92 for recognizeCandidate:9dbd5372-55c2-4532-b354-9494d3d545d2
2019-10-30 11:52:44,817 [grpc-default-executor-8] INFO  impl.RoleInfo (RoleInfo.java:shutdownFollowerState(121)) - 9b3ef6c9-0245-4756-bf80-45d41f7a4453: shutdown FollowerState
2019-10-30 11:52:44,817 [grpc-default-executor-4] INFO  impl.RaftServerImpl (RaftServerImpl.java:setRole(184)) - cd11b2f5-3187-4d03-bd60-931991550c17@group-F367C8FA5986: changes role from  FOLLOWER to FOLLOWER at term 92 for recognizeCandidate:9dbd5372-55c2-4532-b354-9494d3d545d2
2019-10-30 11:52:44,817 [Thread-1606] INFO  impl.FollowerState (FollowerState.java:run(117)) - 9b3ef6c9-0245-4756-bf80-45d41f7a4453@group-F367C8FA5986-FollowerState was interrupted: java.lang.InterruptedException: sleep interrupted
2019-10-30 11:52:44,817 [grpc-default-executor-8] INFO  impl.RoleInfo (RoleInfo.java:updateAndGet(143)) - 9b3ef6c9-0245-4756-bf80-45d41f7a4453: start FollowerState
2019-10-30 11:52:44,817 [grpc-default-executor-4] INFO  impl.RoleInfo (RoleInfo.java:shutdownFollowerState(121)) - cd11b2f5-3187-4d03-bd60-931991550c17: shutdown FollowerState
2019-10-30 11:52:44,817 [grpc-default-executor-4] INFO  impl.RoleInfo (RoleInfo.java:updateAndGet(143)) - cd11b2f5-3187-4d03-bd60-931991550c17: start FollowerState
2019-10-30 11:52:44,817 [Thread-1605] INFO  impl.FollowerState (FollowerState.java:run(117)) - cd11b2f5-3187-4d03-bd60-931991550c17@group-F367C8FA5986-FollowerState was interrupted: java.lang.InterruptedException: sleep interrupted
2019-10-30 11:52:44,830 [9dbd5372-55c2-4532-b354-9494d3d545d2@group-F367C8FA5986-LeaderElection190] INFO  impl.LeaderElection (LeaderElection.java:logAndReturn(56)) - 9dbd5372-55c2-4532-b354-9494d3d545d2@group-F367C8FA5986-LeaderElection190: Election REJECTED; received 2 response(s) [9dbd5372-55c2-4532-b354-9494d3d545d2<-9b3ef6c9-0245-4756-bf80-45d41f7a4453#0:FAIL-t92, 9dbd5372-55c2-4532-b354-9494d3d545d2<-cd11b2f5-3187-4d03-bd60-931991550c17#0:FAIL-t92] and 0 exception(s); 9dbd5372-55c2-4532-b354-9494d3d545d2@group-F367C8FA5986:t92, leader=null, voted=9dbd5372-55c2-4532-b354-9494d3d545d2, raftlog=9dbd5372-55c2-4532-b354-9494d3d545d2@group-F367C8FA5986-SegmentedRaftLog:OPENED:c-1,f-1,i0, conf=-1: [9b3ef6c9-0245-4756-bf80-45d41f7a4453:192.168.157.220:37058, cd11b2f5-3187-4d03-bd60-931991550c17:192.168.157.220:43236, 9dbd5372-55c2-4532-b354-9494d3d545d2:192.168.157.220:42993], old=null
2019-10-30 11:52:44,831 [9dbd5372-55c2-4532-b354-9494d3d545d2@group-F367C8FA5986-LeaderElection190] INFO  impl.RaftServerImpl (RaftServerImpl.java:setRole(184)) - 9dbd5372-55c2-4532-b354-9494d3d545d2@group-F367C8FA5986: changes role from CANDIDATE to FOLLOWER at term 92 for DISCOVERED_A_NEW_TERM
2019-10-30 11:52:44,831 [9dbd5372-55c2-4532-b354-9494d3d545d2@group-F367C8FA5986-LeaderElection190] INFO  impl.RoleInfo (RoleInfo.java:shutdownLeaderElection(134)) - 9dbd5372-55c2-4532-b354-9494d3d545d2: shutdown LeaderElection
2019-10-30 11:52:44,831 [9dbd5372-55c2-4532-b354-9494d3d545d2@group-F367C8FA5986-LeaderElection190] INFO  impl.RoleInfo (RoleInfo.java:updateAndGet(143)) - 9dbd5372-55c2-4532-b354-9494d3d545d2: start FollowerState
2019-10-30 11:52:44,854 [Thread-1614] INFO  impl.FollowerState (FollowerState.java:run(108)) - f26e10ed-fb17-49e6-a903-eadc130d13d1@group-83984122B78E-FollowerState: change to CANDIDATE, lastRpcTime:40ms, electionTimeout:40ms
2019-10-30 11:52:44,854 [Thread-1614] INFO  impl.RoleInfo (RoleInfo.java:shutdownFollowerState(121)) - f26e10ed-fb17-49e6-a903-eadc130d13d1: shutdown FollowerState
2019-10-30 11:52:44,854 [Thread-1614] INFO  impl.RaftServerImpl (RaftServerImpl.java:setRole(184)) - f26e10ed-fb17-49e6-a903-eadc130d13d1@group-83984122B78E: changes role from  FOLLOWER to CANDIDATE at term 102 for changeToCandidate
2019-10-30 11:52:44,854 [Thread-1614] INFO  impl.RoleInfo (RoleInfo.java:updateAndGet(143)) - f26e10ed-fb17-49e6-a903-eadc130d13d1: start LeaderElection
2019-10-30 11:52:44,860 [f26e10ed-fb17-49e6-a903-eadc130d13d1@group-83984122B78E-LeaderElection191] INFO  impl.LeaderElection (LeaderElection.java:askForVotes(178)) - f26e10ed-fb17-49e6-a903-eadc130d13d1@group-83984122B78E-LeaderElection191: begin an election at term 103 for -1: [4f16e274-8663-4a15-9c4c-c81f650ab979:192.168.157.220:38181, 4cc44201-a597-43af-a4ec-5b1b407a6250:192.168.157.220:36685, f26e10ed-fb17-49e6-a903-eadc130d13d1:192.168.157.220:32806], old=null
2019-10-30 11:52:44,861 [grpc-default-executor-8] INFO  impl.RaftServerImpl (RaftServerImpl.java:setRole(184)) - 4cc44201-a597-43af-a4ec-5b1b407a6250@group-83984122B78E: changes role from  FOLLOWER to FOLLOWER at term 103 for recognizeCandidate:f26e10ed-fb17-49e6-a903-eadc130d13d1
2019-10-30 11:52:44,861 [grpc-default-executor-8] INFO  impl.RoleInfo (RoleInfo.java:shutdownFollowerState(121)) - 4cc44201-a597-43af-a4ec-5b1b407a6250: shutdown FollowerState
2019-10-30 11:52:44,861 [grpc-default-executor-4] INFO  impl.RaftServerImpl (RaftServerImpl.java:setRole(184)) - 4f16e274-8663-4a15-9c4c-c81f650ab979@group-83984122B78E: changes role from  FOLLOWER to FOLLOWER at term 103 for recognizeCandidate:f26e10ed-fb17-49e6-a903-eadc130d13d1
2019-10-30 11:52:44,861 [grpc-default-executor-4] INFO  impl.RoleInfo (RoleInfo.java:shutdownFollowerState(121)) - 4f16e274-8663-4a15-9c4c-c81f650ab979: shutdown FollowerState
2019-10-30 11:52:44,861 [Thread-1611] INFO  impl.FollowerState (FollowerState.java:run(117)) - 4cc44201-a597-43af-a4ec-5b1b407a6250@group-83984122B78E-FollowerState was interrupted: java.lang.InterruptedException: sleep interrupted
2019-10-30 11:52:44,861 [grpc-default-executor-8] INFO  impl.RoleInfo (RoleInfo.java:updateAndGet(143)) - 4cc44201-a597-43af-a4ec-5b1b407a6250: start FollowerState
2019-10-30 11:52:44,861 [Thread-1612] INFO  impl.FollowerState (FollowerState.java:run(117)) - 4f16e274-8663-4a15-9c4c-c81f650ab979@group-83984122B78E-FollowerState was interrupted: java.lang.InterruptedException: sleep interrupted
2019-10-30 11:52:44,861 [grpc-default-executor-4] INFO  impl.RoleInfo (RoleInfo.java:updateAndGet(143)) - 4f16e274-8663-4a15-9c4c-c81f650ab979: start FollowerState
2019-10-30 11:52:44,876 [f26e10ed-fb17-49e6-a903-eadc130d13d1@group-83984122B78E-LeaderElection191] INFO  impl.LeaderElection (LeaderElection.java:logAndReturn(56)) - f26e10ed-fb17-49e6-a903-eadc130d13d1@group-83984122B78E-LeaderElection191: Election REJECTED; received 2 response(s) [f26e10ed-fb17-49e6-a903-eadc130d13d1<-4f16e274-8663-4a15-9c4c-c81f650ab979#0:FAIL-t103, f26e10ed-fb17-49e6-a903-eadc130d13d1<-4cc44201-a597-43af-a4ec-5b1b407a6250#0:FAIL-t103] and 0 exception(s); f26e10ed-fb17-49e6-a903-eadc130d13d1@group-83984122B78E:t103, leader=null, voted=f26e10ed-fb17-49e6-a903-eadc130d13d1, raftlog=f26e10ed-fb17-49e6-a903-eadc130d13d1@group-83984122B78E-SegmentedRaftLog:OPENED:c-1,f-1,i0, conf=-1: [4f16e274-8663-4a15-9c4c-c81f650ab979:192.168.157.220:38181, 4cc44201-a597-43af-a4ec-5b1b407a6250:192.168.157.220:36685, f26e10ed-fb17-49e6-a903-eadc130d13d1:192.168.157.220:32806], old=null
2019-10-30 11:52:44,876 [f26e10ed-fb17-49e6-a903-eadc130d13d1@group-83984122B78E-LeaderElection191] INFO  impl.RaftServerImpl (RaftServerImpl.java:setRole(184)) - f26e10ed-fb17-49e6-a903-eadc130d13d1@group-83984122B78E: changes role from CANDIDATE to FOLLOWER at term 103 for DISCOVERED_A_NEW_TERM
2019-10-30 11:52:44,876 [f26e10ed-fb17-49e6-a903-eadc130d13d1@group-83984122B78E-LeaderElection191] INFO  impl.RoleInfo (RoleInfo.java:shutdownLeaderElection(134)) - f26e10ed-fb17-49e6-a903-eadc130d13d1: shutdown LeaderElection
2019-10-30 11:52:44,877 [f26e10ed-fb17-49e6-a903-eadc130d13d1@group-83984122B78E-LeaderElection191] INFO  impl.RoleInfo (RoleInfo.java:updateAndGet(143)) - f26e10ed-fb17-49e6-a903-eadc130d13d1: start FollowerState
2019-10-30 11:52:44,974 [Thread-1619] INFO  impl.FollowerState (FollowerState.java:run(108)) - 9dbd5372-55c2-4532-b354-9494d3d545d2@group-F367C8FA5986-FollowerState: change to CANDIDATE, lastRpcTime:143ms, electionTimeout:143ms
2019-10-30 11:52:44,974 [Thread-1619] INFO  impl.RoleInfo (RoleInfo.java:shutdownFollowerState(121)) - 9dbd5372-55c2-4532-b354-9494d3d545d2: shutdown FollowerState
2019-10-30 11:52:44,974 [Thread-1619] INFO  impl.RaftServerImpl (RaftServerImpl.java:setRole(184)) - 9dbd5372-55c2-4532-b354-9494d3d545d2@group-F367C8FA5986: changes role from  FOLLOWER to CANDIDATE at term 92 for changeToCandidate
2019-10-30 11:52:44,975 [Thread-1619] INFO  impl.RoleInfo (RoleInfo.java:updateAndGet(143)) - 9dbd5372-55c2-4532-b354-9494d3d545d2: start LeaderElection
2019-10-30 11:52:45,007 [9dbd5372-55c2-4532-b354-9494d3d545d2@group-F367C8FA5986-LeaderElection192] INFO  impl.LeaderElection (LeaderElection.java:askForVotes(178)) - 9dbd5372-55c2-4532-b354-9494d3d545d2@group-F367C8FA5986-LeaderElection192: begin an election at term 93 for -1: [9b3ef6c9-0245-4756-bf80-45d41f7a4453:192.168.157.220:37058, cd11b2f5-3187-4d03-bd60-931991550c17:192.168.157.220:43236, 9dbd5372-55c2-4532-b354-9494d3d545d2:192.168.157.220:42993], old=null
2019-10-30 11:52:45,009 [grpc-default-executor-4] INFO  impl.RaftServerImpl (RaftServerImpl.java:setRole(184)) - cd11b2f5-3187-4d03-bd60-931991550c17@group-F367C8FA5986: changes role from  FOLLOWER to FOLLOWER at term 93 for recognizeCandidate:9dbd5372-55c2-4532-b354-9494d3d545d2
2019-10-30 11:52:45,009 [grpc-default-executor-4] INFO  impl.RoleInfo (RoleInfo.java:shutdownFollowerState(121)) - cd11b2f5-3187-4d03-bd60-931991550c17: shutdown FollowerState
2019-10-30 11:52:45,009 [grpc-default-executor-8] INFO  impl.RaftServerImpl (RaftServerImpl.java:setRole(184)) - 9b3ef6c9-0245-4756-bf80-45d41f7a4453@group-F367C8FA5986: changes role from  FOLLOWER to FOLLOWER at term 93 for recognizeCandidate:9dbd5372-55c2-4532-b354-9494d3d545d2
2019-10-30 11:52:45,009 [Thread-1618] INFO  impl.FollowerState (FollowerState.java:run(117)) - cd11b2f5-3187-4d03-bd60-931991550c17@group-F367C8FA5986-FollowerState was interrupted: java.lang.InterruptedException: sleep interrupted
2019-10-30 11:52:45,009 [grpc-default-executor-4] INFO  impl.RoleInfo (RoleInfo.java:updateAndGet(143)) - cd11b2f5-3187-4d03-bd60-931991550c17: start FollowerState
2019-10-30 11:52:45,009 [grpc-default-executor-8] INFO  impl.RoleInfo (RoleInfo.java:shutdownFollowerState(121)) - 9b3ef6c9-0245-4756-bf80-45d41f7a4453: shutdown FollowerState
2019-10-30 11:52:45,010 [grpc-default-executor-8] INFO  impl.RoleInfo (RoleInfo.java:updateAndGet(143)) - 9b3ef6c9-0245-4756-bf80-45d41f7a4453: start FollowerState
2019-10-30 11:52:45,010 [Thread-1617] INFO  impl.FollowerState (FollowerState.java:run(117)) - 9b3ef6c9-0245-4756-bf80-45d41f7a4453@group-F367C8FA5986-FollowerState was interrupted: java.lang.InterruptedException: sleep interrupted
2019-10-30 11:52:45,022 [9dbd5372-55c2-4532-b354-9494d3d545d2@group-F367C8FA5986-LeaderElection192] INFO  impl.LeaderElection (LeaderElection.java:logAndReturn(56)) - 9dbd5372-55c2-4532-b354-9494d3d545d2@group-F367C8FA5986-LeaderElection192: Election REJECTED; received 2 response(s) [9dbd5372-55c2-4532-b354-9494d3d545d2<-9b3ef6c9-0245-4756-bf80-45d41f7a4453#0:FAIL-t93, 9dbd5372-55c2-4532-b354-9494d3d545d2<-cd11b2f5-3187-4d03-bd60-931991550c17#0:FAIL-t93] and 0 exception(s); 9dbd5372-55c2-4532-b354-9494d3d545d2@group-F367C8FA5986:t93, leader=null, voted=9dbd5372-55c2-4532-b354-9494d3d545d2, raftlog=9dbd5372-55c2-4532-b354-9494d3d545d2@group-F367C8FA5986-SegmentedRaftLog:OPENED:c-1,f-1,i0, conf=-1: [9b3ef6c9-0245-4756-bf80-45d41f7a4453:192.168.157.220:37058, cd11b2f5-3187-4d03-bd60-931991550c17:192.168.157.220:43236, 9dbd5372-55c2-4532-b354-9494d3d545d2:192.168.157.220:42993], old=null
2019-10-30 11:52:45,022 [9dbd5372-55c2-4532-b354-9494d3d545d2@group-F367C8FA5986-LeaderElection192] INFO  impl.RaftServerImpl (RaftServerImpl.java:setRole(184)) - 9dbd5372-55c2-4532-b354-9494d3d545d2@group-F367C8FA5986: changes role from CANDIDATE to FOLLOWER at term 93 for DISCOVERED_A_NEW_TERM
2019-10-30 11:52:45,023 [9dbd5372-55c2-4532-b354-9494d3d545d2@group-F367C8FA5986-LeaderElection192] INFO  impl.RoleInfo (RoleInfo.java:shutdownLeaderElection(134)) - 9dbd5372-55c2-4532-b354-9494d3d545d2: shutdown LeaderElection
2019-10-30 11:52:45,023 [9dbd5372-55c2-4532-b354-9494d3d545d2@group-F367C8FA5986-LeaderElection192] INFO  impl.RoleInfo (RoleInfo.java:updateAndGet(143)) - 9dbd5372-55c2-4532-b354-9494d3d545d2: start FollowerState
2019-10-30 11:52:45,061 [Thread-1625] INFO  impl.FollowerState (FollowerState.java:run(108)) - f26e10ed-fb17-49e6-a903-eadc130d13d1@group-83984122B78E-FollowerState: change to CANDIDATE, lastRpcTime:184ms, electionTimeout:184ms
2019-10-30 11:52:45,061 [Thread-1625] INFO  impl.RoleInfo (RoleInfo.java:shutdownFollowerState(121)) - f26e10ed-fb17-49e6-a903-eadc130d13d1: shutdown FollowerState
2019-10-30 11:52:45,061 [Thread-1625] INFO  impl.RaftServerImpl (RaftServerImpl.java:setRole(184)) - f26e10ed-fb17-49e6-a903-eadc130d13d1@group-83984122B78E: changes role from  FOLLOWER to CANDIDATE at term 103 for changeToCandidate
2019-10-30 11:52:45,061 [Thread-1625] INFO  impl.RoleInfo (RoleInfo.java:updateAndGet(143)) - f26e10ed-fb17-49e6-a903-eadc130d13d1: start LeaderElection
2019-10-30 11:52:45,072 [f26e10ed-fb17-49e6-a903-eadc130d13d1@group-83984122B78E-LeaderElection193] INFO  impl.LeaderElection (LeaderElection.java:askForVotes(178)) - f26e10ed-fb17-49e6-a903-eadc130d13d1@group-83984122B78E-LeaderElection193: begin an election at term 104 for -1: [4f16e274-8663-4a15-9c4c-c81f650ab979:192.168.157.220:38181, 4cc44201-a597-43af-a4ec-5b1b407a6250:192.168.157.220:36685, f26e10ed-fb17-49e6-a903-eadc130d13d1:192.168.157.220:32806], old=null
2019-10-30 11:52:45,074 [grpc-default-executor-4] INFO  impl.RaftServerImpl (RaftServerImpl.java:setRole(184)) - 4f16e274-8663-4a15-9c4c-c81f650ab979@group-83984122B78E: changes role from  FOLLOWER to FOLLOWER at term 104 for recognizeCandidate:f26e10ed-fb17-49e6-a903-eadc130d13d1
2019-10-30 11:52:45,074 [grpc-default-executor-4] INFO  impl.RoleInfo (RoleInfo.java:shutdownFollowerState(121)) - 4f16e274-8663-4a15-9c4c-c81f650ab979: shutdown FollowerState
2019-10-30 11:52:45,074 [grpc-default-executor-8] INFO  impl.RaftServerImpl (RaftServerImpl.java:setRole(184)) - 4cc44201-a597-43af-a4ec-5b1b407a6250@group-83984122B78E: changes role from  FOLLOWER to FOLLOWER at term 104 for recognizeCandidate:f26e10ed-fb17-49e6-a903-eadc130d13d1
2019-10-30 11:52:45,074 [grpc-default-executor-8] INFO  impl.RoleInfo (RoleInfo.java:shutdownFollowerState(121)) - 4cc44201-a597-43af-a4ec-5b1b407a6250: shutdown FollowerState
2019-10-30 11:52:45,074 [Thread-1624] INFO  impl.FollowerState (FollowerState.java:run(117)) - 4f16e274-8663-4a15-9c4c-c81f650ab979@group-83984122B78E-FollowerState was interrupted: java.lang.InterruptedException: sleep interrupted
2019-10-30 11:52:45,074 [grpc-default-executor-4] INFO  impl.RoleInfo (RoleInfo.java:updateAndGet(143)) - 4f16e274-8663-4a15-9c4c-c81f650ab979: start FollowerState
2019-10-30 11:52:45,075 [Thread-1623] INFO  impl.FollowerState (FollowerState.java:run(117)) - 4cc44201-a597-43af-a4ec-5b1b407a6250@group-83984122B78E-FollowerState was interrupted: java.lang.InterruptedException: sleep interrupted
2019-10-30 11:52:45,075 [grpc-default-executor-8] INFO  impl.RoleInfo (RoleInfo.java:updateAndGet(143)) - 4cc44201-a597-43af-a4ec-5b1b407a6250: start FollowerState
2019-10-30 11:52:45,087 [f26e10ed-fb17-49e6-a903-eadc130d13d1@group-83984122B78E-LeaderElection193] INFO  impl.LeaderElection (LeaderElection.java:logAndReturn(56)) - f26e10ed-fb17-49e6-a903-eadc130d13d1@group-83984122B78E-LeaderElection193: Election REJECTED; received 2 response(s) [f26e10ed-fb17-49e6-a903-eadc130d13d1<-4f16e274-8663-4a15-9c4c-c81f650ab979#0:FAIL-t104, f26e10ed-fb17-49e6-a903-eadc130d13d1<-4cc44201-a597-43af-a4ec-5b1b407a6250#0:FAIL-t104] and 0 exception(s); f26e10ed-fb17-49e6-a903-eadc130d13d1@group-83984122B78E:t104, leader=null, voted=f26e10ed-fb17-49e6-a903-eadc130d13d1, raftlog=f26e10ed-fb17-49e6-a903-eadc130d13d1@group-83984122B78E-SegmentedRaftLog:OPENED:c-1,f-1,i0, conf=-1: [4f16e274-8663-4a15-9c4c-c81f650ab979:192.168.157.220:38181, 4cc44201-a597-43af-a4ec-5b1b407a6250:192.168.157.220:36685, f26e10ed-fb17-49e6-a903-eadc130d13d1:192.168.157.220:32806], old=null
2019-10-30 11:52:45,087 [f26e10ed-fb17-49e6-a903-eadc130d13d1@group-83984122B78E-LeaderElection193] INFO  impl.RaftServerImpl (RaftServerImpl.java:setRole(184)) - f26e10ed-fb17-49e6-a903-eadc130d13d1@group-83984122B78E: changes role from CANDIDATE to FOLLOWER at term 104 for DISCOVERED_A_NEW_TERM
2019-10-30 11:52:45,087 [f26e10ed-fb17-49e6-a903-eadc130d13d1@group-83984122B78E-LeaderElection193] INFO  impl.RoleInfo (RoleInfo.java:shutdownLeaderElection(134)) - f26e10ed-fb17-49e6-a903-eadc130d13d1: shutdown LeaderElection
2019-10-30 11:52:45,087 [f26e10ed-fb17-49e6-a903-eadc130d13d1@group-83984122B78E-LeaderElection193] INFO  impl.RoleInfo (RoleInfo.java:updateAndGet(143)) - f26e10ed-fb17-49e6-a903-eadc130d13d1: start FollowerState
2019-10-30 11:52:45,149 [Thread-1639] INFO  impl.FollowerState (FollowerState.java:run(108)) - f26e10ed-fb17-49e6-a903-eadc130d13d1@group-83984122B78E-FollowerState: change to CANDIDATE, lastRpcTime:62ms, electionTimeout:62ms
2019-10-30 11:52:45,150 [Thread-1639] INFO  impl.RoleInfo (RoleInfo.java:shutdownFollowerState(121)) - f26e10ed-fb17-49e6-a903-eadc130d13d1: shutdown FollowerState
2019-10-30 11:52:45,150 [Thread-1639] INFO  impl.RaftServerImpl (RaftServerImpl.java:setRole(184)) - f26e10ed-fb17-49e6-a903-eadc130d13d1@group-83984122B78E: changes role from  FOLLOWER to CANDIDATE at term 104 for changeToCandidate
2019-10-30 11:52:45,150 [Thread-1639] INFO  impl.RoleInfo (RoleInfo.java:updateAndGet(143)) - f26e10ed-fb17-49e6-a903-eadc130d13d1: start LeaderElection
2019-10-30 11:52:45,169 [Thread-1633] INFO  impl.FollowerState (FollowerState.java:run(108)) - 9dbd5372-55c2-4532-b354-9494d3d545d2@group-F367C8FA5986-FollowerState: change to CANDIDATE, lastRpcTime:146ms, electionTimeout:146ms
2019-10-30 11:52:45,169 [Thread-1633] INFO  impl.RoleInfo (RoleInfo.java:shutdownFollowerState(121)) - 9dbd5372-55c2-4532-b354-9494d3d545d2: shutdown FollowerState
2019-10-30 11:52:45,169 [Thread-1633] INFO  impl.RaftServerImpl (RaftServerImpl.java:setRole(184)) - 9dbd5372-55c2-4532-b354-9494d3d545d2@group-F367C8FA5986: changes role from  FOLLOWER to CANDIDATE at term 93 for changeToCandidate
2019-10-30 11:52:45,169 [Thread-1633] INFO  impl.RoleInfo (RoleInfo.java:updateAndGet(143)) - 9dbd5372-55c2-4532-b354-9494d3d545d2: start LeaderElection
2019-10-30 11:52:45,190 [f26e10ed-fb17-49e6-a903-eadc130d13d1@group-83984122B78E-LeaderElection194] INFO  impl.LeaderElection (LeaderElection.java:askForVotes(178)) - f26e10ed-fb17-49e6-a903-eadc130d13d1@group-83984122B78E-LeaderElection194: begin an election at term 105 for -1: [4f16e274-8663-4a15-9c4c-c81f650ab979:192.168.157.220:38181, 4cc44201-a597-43af-a4ec-5b1b407a6250:192.168.157.220:36685, f26e10ed-fb17-49e6-a903-eadc130d13d1:192.168.157.220:32806], old=null
2019-10-30 11:52:45,190 [9dbd5372-55c2-4532-b354-9494d3d545d2@group-F367C8FA5986-LeaderElection195] INFO  impl.LeaderElection (LeaderElection.java:askForVotes(178)) - 9dbd5372-55c2-4532-b354-9494d3d545d2@group-F367C8FA5986-LeaderElection195: begin an election at term 94 for -1: [9b3ef6c9-0245-4756-bf80-45d41f7a4453:192.168.157.220:37058, cd11b2f5-3187-4d03-bd60-931991550c17:192.168.157.220:43236, 9dbd5372-55c2-4532-b354-9494d3d545d2:192.168.157.220:42993], old=null
2019-10-30 11:52:45,192 [grpc-default-executor-4] INFO  impl.RaftServerImpl (RaftServerImpl.java:setRole(184)) - 4f16e274-8663-4a15-9c4c-c81f650ab979@group-83984122B78E: changes role from  FOLLOWER to FOLLOWER at term 105 for recognizeCandidate:f26e10ed-fb17-49e6-a903-eadc130d13d1
2019-10-30 11:52:45,192 [grpc-default-executor-6] INFO  impl.RaftServerImpl (RaftServerImpl.java:setRole(184)) - 9b3ef6c9-0245-4756-bf80-45d41f7a4453@group-F367C8FA5986: changes role from  FOLLOWER to FOLLOWER at term 94 for recognizeCandidate:9dbd5372-55c2-4532-b354-9494d3d545d2
2019-10-30 11:52:45,192 [grpc-default-executor-6] INFO  impl.RoleInfo (RoleInfo.java:shutdownFollowerState(121)) - 9b3ef6c9-0245-4756-bf80-45d41f7a4453: shutdown FollowerState
2019-10-30 11:52:45,192 [grpc-default-executor-8] INFO  impl.RaftServerImpl (RaftServerImpl.java:setRole(184)) - 4cc44201-a597-43af-a4ec-5b1b407a6250@group-83984122B78E: changes role from  FOLLOWER to FOLLOWER at term 105 for recognizeCandidate:f26e10ed-fb17-49e6-a903-eadc130d13d1
2019-10-30 11:52:45,193 [grpc-default-executor-8] INFO  impl.RoleInfo (RoleInfo.java:shutdownFollowerState(121)) - 4cc44201-a597-43af-a4ec-5b1b407a6250: shutdown FollowerState
2019-10-30 11:52:45,192 [grpc-default-executor-1] INFO  impl.RaftServerImpl (RaftServerImpl.java:setRole(184)) - cd11b2f5-3187-4d03-bd60-931991550c17@group-F367C8FA5986: changes role from  FOLLOWER to FOLLOWER at term 94 for recognizeCandidate:9dbd5372-55c2-4532-b354-9494d3d545d2
2019-10-30 11:52:45,193 [Thread-1638] INFO  impl.FollowerState (FollowerState.java:run(117)) - 4cc44201-a597-43af-a4ec-5b1b407a6250@group-83984122B78E-FollowerState was interrupted: java.lang.InterruptedException: sleep interrupted
2019-10-30 11:52:45,193 [grpc-default-executor-8] INFO  impl.RoleInfo (RoleInfo.java:updateAndGet(143)) - 4cc44201-a597-43af-a4ec-5b1b407a6250: start FollowerState
2019-10-30 11:52:45,193 [Thread-1632] INFO  impl.FollowerState (FollowerState.java:run(117)) - 9b3ef6c9-0245-4756-bf80-45d41f7a4453@group-F367C8FA5986-FollowerState was interrupted: java.lang.InterruptedException: sleep interrupted
2019-10-30 11:52:45,193 [grpc-default-executor-6] INFO  impl.RoleInfo (RoleInfo.java:updateAndGet(143)) - 9b3ef6c9-0245-4756-bf80-45d41f7a4453: start FollowerState
2019-10-30 11:52:45,192 [grpc-default-executor-4] INFO  impl.RoleInfo (RoleInfo.java:shutdownFollowerState(121)) - 4f16e274-8663-4a15-9c4c-c81f650ab979: shutdown FollowerState
2019-10-30 11:52:45,193 [grpc-default-executor-1] INFO  impl.RoleInfo (RoleInfo.java:shutdownFollowerState(121)) - cd11b2f5-3187-4d03-bd60-931991550c17: shutdown FollowerState
2019-10-30 11:52:45,193 [grpc-default-executor-4] INFO  impl.RoleInfo (RoleInfo.java:updateAndGet(143)) - 4f16e274-8663-4a15-9c4c-c81f650ab979: start FollowerState
2019-10-30 11:52:45,193 [Thread-1637] INFO  impl.FollowerState (FollowerState.java:run(117)) - 4f16e274-8663-4a15-9c4c-c81f650ab979@group-83984122B78E-FollowerState was interrupted: java.lang.InterruptedException: sleep interrupted
2019-10-30 11:52:45,194 [Thread-1631] INFO  impl.FollowerState (FollowerState.java:run(117)) - cd11b2f5-3187-4d03-bd60-931991550c17@group-F367C8FA5986-FollowerState was interrupted: java.lang.InterruptedException: sleep interrupted
2019-10-30 11:52:45,194 [grpc-default-executor-1] INFO  impl.RoleInfo (RoleInfo.java:updateAndGet(143)) - cd11b2f5-3187-4d03-bd60-931991550c17: start FollowerState
2019-10-30 11:52:45,207 [9dbd5372-55c2-4532-b354-9494d3d545d2@group-F367C8FA5986-LeaderElection195] INFO  impl.LeaderElection (LeaderElection.java:logAndReturn(56)) - 9dbd5372-55c2-4532-b354-9494d3d545d2@group-F367C8FA5986-LeaderElection195: Election REJECTED; received 2 response(s) [9dbd5372-55c2-4532-b354-9494d3d545d2<-9b3ef6c9-0245-4756-bf80-45d41f7a4453#0:FAIL-t94, 9dbd5372-55c2-4532-b354-9494d3d545d2<-cd11b2f5-3187-4d03-bd60-931991550c17#0:FAIL-t94] and 0 exception(s); 9dbd5372-55c2-4532-b354-9494d3d545d2@group-F367C8FA5986:t94, leader=null, voted=9dbd5372-55c2-4532-b354-9494d3d545d2, raftlog=9dbd5372-55c2-4532-b354-9494d3d545d2@group-F367C8FA5986-SegmentedRaftLog:OPENED:c-1,f-1,i0, conf=-1: [9b3ef6c9-0245-4756-bf80-45d41f7a4453:192.168.157.220:37058, cd11b2f5-3187-4d03-bd60-931991550c17:192.168.157.220:43236, 9dbd5372-55c2-4532-b354-9494d3d545d2:192.168.157.220:42993], old=null
2019-10-30 11:52:45,207 [f26e10ed-fb17-49e6-a903-eadc130d13d1@group-83984122B78E-LeaderElection194] INFO  impl.LeaderElection (LeaderElection.java:logAndReturn(56)) - f26e10ed-fb17-49e6-a903-eadc130d13d1@group-83984122B78E-LeaderElection194: Election REJECTED; received 2 response(s) [f26e10ed-fb17-49e6-a903-eadc130d13d1<-4f16e274-8663-4a15-9c4c-c81f650ab979#0:FAIL-t105, f26e10ed-fb17-49e6-a903-eadc130d13d1<-4cc44201-a597-43af-a4ec-5b1b407a6250#0:FAIL-t105] and 0 exception(s); f26e10ed-fb17-49e6-a903-eadc130d13d1@group-83984122B78E:t105, leader=null, voted=f26e10ed-fb17-49e6-a903-eadc130d13d1, raftlog=f26e10ed-fb17-49e6-a903-eadc130d13d1@group-83984122B78E-SegmentedRaftLog:OPENED:c-1,f-1,i0, conf=-1: [4f16e274-8663-4a15-9c4c-c81f650ab979:192.168.157.220:38181, 4cc44201-a597-43af-a4ec-5b1b407a6250:192.168.157.220:36685, f26e10ed-fb17-49e6-a903-eadc130d13d1:192.168.157.220:32806], old=null
2019-10-30 11:52:45,207 [9dbd5372-55c2-4532-b354-9494d3d545d2@group-F367C8FA5986-LeaderElection195] INFO  impl.RaftServerImpl (RaftServerImpl.java:setRole(184)) - 9dbd5372-55c2-4532-b354-9494d3d545d2@group-F367C8FA5986: changes role from CANDIDATE to FOLLOWER at term 94 for DISCOVERED_A_NEW_TERM
2019-10-30 11:52:45,207 [f26e10ed-fb17-49e6-a903-eadc130d13d1@group-83984122B78E-LeaderElection194] INFO  impl.RaftServerImpl (RaftServerImpl.java:setRole(184)) - f26e10ed-fb17-49e6-a903-eadc130d13d1@group-83984122B78E: changes role from CANDIDATE to FOLLOWER at term 105 for DISCOVERED_A_NEW_TERM
2019-10-30 11:52:45,208 [9dbd5372-55c2-4532-b354-9494d3d545d2@group-F367C8FA5986-LeaderElection195] INFO  impl.RoleInfo (RoleInfo.java:shutdownLeaderElection(134)) - 9dbd5372-55c2-4532-b354-9494d3d545d2: shutdown LeaderElection
2019-10-30 11:52:45,208 [f26e10ed-fb17-49e6-a903-eadc130d13d1@group-83984122B78E-LeaderElection194] INFO  impl.RoleInfo (RoleInfo.java:shutdownLeaderElection(134)) - f26e10ed-fb17-49e6-a903-eadc130d13d1: shutdown LeaderElection
2019-10-30 11:52:45,208 [9dbd5372-55c2-4532-b354-9494d3d545d2@group-F367C8FA5986-LeaderElection195] INFO  impl.RoleInfo (RoleInfo.java:updateAndGet(143)) - 9dbd5372-55c2-4532-b354-9494d3d545d2: start FollowerState
2019-10-30 11:52:45,208 [f26e10ed-fb17-49e6-a903-eadc130d13d1@group-83984122B78E-LeaderElection194] INFO  impl.RoleInfo (RoleInfo.java:updateAndGet(143)) - f26e10ed-fb17-49e6-a903-eadc130d13d1: start FollowerState
2019-10-30 11:52:45,266 [Thread-1652] INFO  impl.FollowerState (FollowerState.java:run(108)) - 9dbd5372-55c2-4532-b354-9494d3d545d2@group-F367C8FA5986-FollowerState: change to CANDIDATE, lastRpcTime:57ms, electionTimeout:55ms
2019-10-30 11:52:45,274 [Thread-1652] INFO  impl.RoleInfo (RoleInfo.java:shutdownFollowerState(121)) - 9dbd5372-55c2-4532-b354-9494d3d545d2: shutdown FollowerState
2019-10-30 11:52:45,274 [Thread-1652] INFO  impl.RaftServerImpl (RaftServerImpl.java:setRole(184)) - 9dbd5372-55c2-4532-b354-9494d3d545d2@group-F367C8FA5986: changes role from  FOLLOWER to CANDIDATE at term 94 for changeToCandidate
2019-10-30 11:52:45,274 [Thread-1652] INFO  impl.RoleInfo (RoleInfo.java:updateAndGet(143)) - 9dbd5372-55c2-4532-b354-9494d3d545d2: start LeaderElection
2019-10-30 11:52:45,282 [9dbd5372-55c2-4532-b354-9494d3d545d2@group-F367C8FA5986-LeaderElection196] INFO  impl.LeaderElection (LeaderElection.java:askForVotes(178)) - 9dbd5372-55c2-4532-b354-9494d3d545d2@group-F367C8FA5986-LeaderElection196: begin an election at term 95 for -1: [9b3ef6c9-0245-4756-bf80-45d41f7a4453:192.168.157.220:37058, cd11b2f5-3187-4d03-bd60-931991550c17:192.168.157.220:43236, 9dbd5372-55c2-4532-b354-9494d3d545d2:192.168.157.220:42993], old=null
2019-10-30 11:52:45,284 [grpc-default-executor-8] INFO  impl.RaftServerImpl (RaftServerImpl.java:setRole(184)) - 9b3ef6c9-0245-4756-bf80-45d41f7a4453@group-F367C8FA5986: changes role from  FOLLOWER to FOLLOWER at term 95 for recognizeCandidate:9dbd5372-55c2-4532-b354-9494d3d545d2
2019-10-30 11:52:45,284 [grpc-default-executor-7] INFO  impl.RaftServerImpl (RaftServerImpl.java:setRole(184)) - cd11b2f5-3187-4d03-bd60-931991550c17@group-F367C8FA5986: changes role from  FOLLOWER to FOLLOWER at term 95 for recognizeCandidate:9dbd5372-55c2-4532-b354-9494d3d545d2
2019-10-30 11:52:45,284 [grpc-default-executor-8] INFO  impl.RoleInfo (RoleInfo.java:shutdownFollowerState(121)) - 9b3ef6c9-0245-4756-bf80-45d41f7a4453: shutdown FollowerState
2019-10-30 11:52:45,284 [grpc-default-executor-7] INFO  impl.RoleInfo (RoleInfo.java:shutdownFollowerState(121)) - cd11b2f5-3187-4d03-bd60-931991550c17: shutdown FollowerState
2019-10-30 11:52:45,284 [Thread-1646] INFO  impl.FollowerState (FollowerState.java:run(117)) - 9b3ef6c9-0245-4756-bf80-45d41f7a4453@group-F367C8FA5986-FollowerState was interrupted: java.lang.InterruptedException: sleep interrupted
2019-10-30 11:52:45,284 [grpc-default-executor-8] INFO  impl.RoleInfo (RoleInfo.java:updateAndGet(143)) - 9b3ef6c9-0245-4756-bf80-45d41f7a4453: start FollowerState
2019-10-30 11:52:45,284 [Thread-1650] INFO  impl.FollowerState (FollowerState.java:run(117)) - cd11b2f5-3187-4d03-bd60-931991550c17@group-F367C8FA5986-FollowerState was interrupted: java.lang.InterruptedException: sleep interrupted
2019-10-30 11:52:45,284 [grpc-default-executor-7] INFO  impl.RoleInfo (RoleInfo.java:updateAndGet(143)) - cd11b2f5-3187-4d03-bd60-931991550c17: start FollowerState
2019-10-30 11:52:45,298 [9dbd5372-55c2-4532-b354-9494d3d545d2@group-F367C8FA5986-LeaderElection196] INFO  impl.LeaderElection (LeaderElection.java:logAndReturn(56)) - 9dbd5372-55c2-4532-b354-9494d3d545d2@group-F367C8FA5986-LeaderElection196: Election REJECTED; received 2 response(s) [9dbd5372-55c2-4532-b354-9494d3d545d2<-9b3ef6c9-0245-4756-bf80-45d41f7a4453#0:FAIL-t95, 9dbd5372-55c2-4532-b354-9494d3d545d2<-cd11b2f5-3187-4d03-bd60-931991550c17#0:FAIL-t95] and 0 exception(s); 9dbd5372-55c2-4532-b354-9494d3d545d2@group-F367C8FA5986:t95, leader=null, voted=9dbd5372-55c2-4532-b354-9494d3d545d2, raftlog=9dbd5372-55c2-4532-b354-9494d3d545d2@group-F367C8FA5986-SegmentedRaftLog:OPENED:c-1,f-1,i0, conf=-1: [9b3ef6c9-0245-4756-bf80-45d41f7a4453:192.168.157.220:37058, cd11b2f5-3187-4d03-bd60-931991550c17:192.168.157.220:43236, 9dbd5372-55c2-4532-b354-9494d3d545d2:192.168.157.220:42993], old=null
2019-10-30 11:52:45,299 [9dbd5372-55c2-4532-b354-9494d3d545d2@group-F367C8FA5986-LeaderElection196] INFO  impl.RaftServerImpl (RaftServerImpl.java:setRole(184)) - 9dbd5372-55c2-4532-b354-9494d3d545d2@group-F367C8FA5986: changes role from CANDIDATE to FOLLOWER at term 95 for DISCOVERED_A_NEW_TERM
2019-10-30 11:52:45,299 [9dbd5372-55c2-4532-b354-9494d3d545d2@group-F367C8FA5986-LeaderElection196] INFO  impl.RoleInfo (RoleInfo.java:shutdownLeaderElection(134)) - 9dbd5372-55c2-4532-b354-9494d3d545d2: shutdown LeaderElection
2019-10-30 11:52:45,299 [9dbd5372-55c2-4532-b354-9494d3d545d2@group-F367C8FA5986-LeaderElection196] INFO  impl.RoleInfo (RoleInfo.java:updateAndGet(143)) - 9dbd5372-55c2-4532-b354-9494d3d545d2: start FollowerState
2019-10-30 11:52:45,304 [Thread-1653] INFO  impl.FollowerState (FollowerState.java:run(108)) - f26e10ed-fb17-49e6-a903-eadc130d13d1@group-83984122B78E-FollowerState: change to CANDIDATE, lastRpcTime:95ms, electionTimeout:95ms
2019-10-30 11:52:45,304 [Thread-1653] INFO  impl.RoleInfo (RoleInfo.java:shutdownFollowerState(121)) - f26e10ed-fb17-49e6-a903-eadc130d13d1: shutdown FollowerState
2019-10-30 11:52:45,304 [Thread-1653] INFO  impl.RaftServerImpl (RaftServerImpl.java:setRole(184)) - f26e10ed-fb17-49e6-a903-eadc130d13d1@group-83984122B78E: changes role from  FOLLOWER to CANDIDATE at term 105 for changeToCandidate
2019-10-30 11:52:45,304 [Thread-1653] INFO  impl.RoleInfo (RoleInfo.java:updateAndGet(143)) - f26e10ed-fb17-49e6-a903-eadc130d13d1: start LeaderElection
2019-10-30 11:52:45,315 [Thread-1659] INFO  impl.FollowerState (FollowerState.java:run(108)) - 9dbd5372-55c2-4532-b354-9494d3d545d2@group-F367C8FA5986-FollowerState: change to CANDIDATE, lastRpcTime:16ms, electionTimeout:12ms
2019-10-30 11:52:45,315 [Thread-1659] INFO  impl.RoleInfo (RoleInfo.java:shutdownFollowerState(121)) - 9dbd5372-55c2-4532-b354-9494d3d545d2: shutdown FollowerState
2019-10-30 11:52:45,315 [Thread-1659] INFO  impl.RaftServerImpl (RaftServerImpl.java:setRole(184)) - 9dbd5372-55c2-4532-b354-9494d3d545d2@group-F367C8FA5986: changes role from  FOLLOWER to CANDIDATE at term 95 for changeToCandidate
2019-10-30 11:52:45,315 [Thread-1659] INFO  impl.RoleInfo (RoleInfo.java:updateAndGet(143)) - 9dbd5372-55c2-4532-b354-9494d3d545d2: start LeaderElection
2019-10-30 11:52:45,335 [9dbd5372-55c2-4532-b354-9494d3d545d2@group-F367C8FA5986-LeaderElection198] INFO  impl.LeaderElection (LeaderElection.java:askForVotes(178)) - 9dbd5372-55c2-4532-b354-9494d3d545d2@group-F367C8FA5986-LeaderElection198: begin an election at term 96 for -1: [9b3ef6c9-0245-4756-bf80-45d41f7a4453:192.168.157.220:37058, cd11b2f5-3187-4d03-bd60-931991550c17:192.168.157.220:43236, 9dbd5372-55c2-4532-b354-9494d3d545d2:192.168.157.220:42993], old=null
2019-10-30 11:52:45,335 [f26e10ed-fb17-49e6-a903-eadc130d13d1@group-83984122B78E-LeaderElection197] INFO  impl.LeaderElection (LeaderElection.java:askForVotes(178)) - f26e10ed-fb17-49e6-a903-eadc130d13d1@group-83984122B78E-LeaderElection197: begin an election at term 106 for -1: [4f16e274-8663-4a15-9c4c-c81f650ab979:192.168.157.220:38181, 4cc44201-a597-43af-a4ec-5b1b407a6250:192.168.157.220:36685, f26e10ed-fb17-49e6-a903-eadc130d13d1:192.168.157.220:32806], old=null
2019-10-30 11:52:45,337 [grpc-default-executor-7] INFO  impl.RaftServerImpl (RaftServerImpl.java:setRole(184)) - cd11b2f5-3187-4d03-bd60-931991550c17@group-F367C8FA5986: changes role from  FOLLOWER to FOLLOWER at term 96 for recognizeCandidate:9dbd5372-55c2-4532-b354-9494d3d545d2
2019-10-30 11:52:45,337 [grpc-default-executor-6] INFO  impl.RaftServerImpl (RaftServerImpl.java:setRole(184)) - 4f16e274-8663-4a15-9c4c-c81f650ab979@group-83984122B78E: changes role from  FOLLOWER to FOLLOWER at term 106 for recognizeCandidate:f26e10ed-fb17-49e6-a903-eadc130d13d1
2019-10-30 11:52:45,337 [grpc-default-executor-6] INFO  impl.RoleInfo (RoleInfo.java:shutdownFollowerState(121)) - 4f16e274-8663-4a15-9c4c-c81f650ab979: shutdown FollowerState
2019-10-30 11:52:45,337 [grpc-default-executor-8] INFO  impl.RaftServerImpl (RaftServerImpl.java:setRole(184)) - 4cc44201-a597-43af-a4ec-5b1b407a6250@group-83984122B78E: changes role from  FOLLOWER to FOLLOWER at term 106 for recognizeCandidate:f26e10ed-fb17-49e6-a903-eadc130d13d1
2019-10-30 11:52:45,337 [grpc-default-executor-1] INFO  impl.RaftServerImpl (RaftServerImpl.java:setRole(184)) - 9b3ef6c9-0245-4756-bf80-45d41f7a4453@group-F367C8FA5986: changes role from  FOLLOWER to FOLLOWER at term 96 for recognizeCandidate:9dbd5372-55c2-4532-b354-9494d3d545d2
2019-10-30 11:52:45,338 [grpc-default-executor-8] INFO  impl.RoleInfo (RoleInfo.java:shutdownFollowerState(121)) - 4cc44201-a597-43af-a4ec-5b1b407a6250: shutdown FollowerState
2019-10-30 11:52:45,337 [Thread-1649] INFO  impl.FollowerState (FollowerState.java:run(117)) - 4f16e274-8663-4a15-9c4c-c81f650ab979@group-83984122B78E-FollowerState was interrupted: java.lang.InterruptedException: sleep interrupted
2019-10-30 11:52:45,338 [Thread-1648] INFO  impl.FollowerState (FollowerState.java:run(117)) - 4cc44201-a597-43af-a4ec-5b1b407a6250@group-83984122B78E-FollowerState was interrupted: java.lang.InterruptedException: sleep interrupted
2019-10-30 11:52:45,337 [grpc-default-executor-6] INFO  impl.RoleInfo (RoleInfo.java:updateAndGet(143)) - 4f16e274-8663-4a15-9c4c-c81f650ab979: start FollowerState
2019-10-30 11:52:45,337 [grpc-default-executor-7] INFO  impl.RoleInfo (RoleInfo.java:shutdownFollowerState(121)) - cd11b2f5-3187-4d03-bd60-931991550c17: shutdown FollowerState
2019-10-30 11:52:45,338 [grpc-default-executor-8] INFO  impl.RoleInfo (RoleInfo.java:updateAndGet(143)) - 4cc44201-a597-43af-a4ec-5b1b407a6250: start FollowerState
2019-10-30 11:52:45,338 [grpc-default-executor-1] INFO  impl.RoleInfo (RoleInfo.java:shutdownFollowerState(121)) - 9b3ef6c9-0245-4756-bf80-45d41f7a4453: shutdown FollowerState
2019-10-30 11:52:45,338 [Thread-1658] INFO  impl.FollowerState (FollowerState.java:run(117)) - cd11b2f5-3187-4d03-bd60-931991550c17@group-F367C8FA5986-FollowerState was interrupted: java.lang.InterruptedException: sleep interrupted
2019-10-30 11:52:45,338 [grpc-default-executor-7] INFO  impl.RoleInfo (RoleInfo.java:updateAndGet(143)) - cd11b2f5-3187-4d03-bd60-931991550c17: start FollowerState
2019-10-30 11:52:45,338 [Thread-1657] INFO  impl.FollowerState (FollowerState.java:run(117)) - 9b3ef6c9-0245-4756-bf80-45d41f7a4453@group-F367C8FA5986-FollowerState was interrupted: java.lang.InterruptedException: sleep interrupted
2019-10-30 11:52:45,338 [grpc-default-executor-1] INFO  impl.RoleInfo (RoleInfo.java:updateAndGet(143)) - 9b3ef6c9-0245-4756-bf80-45d41f7a4453: start FollowerState
2019-10-30 11:52:45,350 [9dbd5372-55c2-4532-b354-9494d3d545d2@group-F367C8FA5986-LeaderElection198] INFO  impl.LeaderElection (LeaderElection.java:logAndReturn(56)) - 9dbd5372-55c2-4532-b354-9494d3d545d2@group-F367C8FA5986-LeaderElection198: Election REJECTED; received 2 response(s) [9dbd5372-55c2-4532-b354-9494d3d545d2<-9b3ef6c9-0245-4756-bf80-45d41f7a4453#0:FAIL-t96, 9dbd5372-55c2-4532-b354-9494d3d545d2<-cd11b2f5-3187-4d03-bd60-931991550c17#0:FAIL-t96] and 0 exception(s); 9dbd5372-55c2-4532-b354-9494d3d545d2@group-F367C8FA5986:t96, leader=null, voted=9dbd5372-55c2-4532-b354-9494d3d545d2, raftlog=9dbd5372-55c2-4532-b354-9494d3d545d2@group-F367C8FA5986-SegmentedRaftLog:OPENED:c-1,f-1,i0, conf=-1: [9b3ef6c9-0245-4756-bf80-45d41f7a4453:192.168.157.220:37058, cd11b2f5-3187-4d03-bd60-931991550c17:192.168.157.220:43236, 9dbd5372-55c2-4532-b354-9494d3d545d2:192.168.157.220:42993], old=null
2019-10-30 11:52:45,350 [f26e10ed-fb17-49e6-a903-eadc130d13d1@group-83984122B78E-LeaderElection197] INFO  impl.LeaderElection (LeaderElection.java:logAndReturn(56)) - f26e10ed-fb17-49e6-a903-eadc130d13d1@group-83984122B78E-LeaderElection197: Election REJECTED; received 2 response(s) [f26e10ed-fb17-49e6-a903-eadc130d13d1<-4f16e274-8663-4a15-9c4c-c81f650ab979#0:FAIL-t106, f26e10ed-fb17-49e6-a903-eadc130d13d1<-4cc44201-a597-43af-a4ec-5b1b407a6250#0:FAIL-t106] and 0 exception(s); f26e10ed-fb17-49e6-a903-eadc130d13d1@group-83984122B78E:t106, leader=null, voted=f26e10ed-fb17-49e6-a903-eadc130d13d1, raftlog=f26e10ed-fb17-49e6-a903-eadc130d13d1@group-83984122B78E-SegmentedRaftLog:OPENED:c-1,f-1,i0, conf=-1: [4f16e274-8663-4a15-9c4c-c81f650ab979:192.168.157.220:38181, 4cc44201-a597-43af-a4ec-5b1b407a6250:192.168.157.220:36685, f26e10ed-fb17-49e6-a903-eadc130d13d1:192.168.157.220:32806], old=null
2019-10-30 11:52:45,350 [9dbd5372-55c2-4532-b354-9494d3d545d2@group-F367C8FA5986-LeaderElection198] INFO  impl.RaftServerImpl (RaftServerImpl.java:setRole(184)) - 9dbd5372-55c2-4532-b354-9494d3d545d2@group-F367C8FA5986: changes role from CANDIDATE to FOLLOWER at term 96 for DISCOVERED_A_NEW_TERM
2019-10-30 11:52:45,350 [9dbd5372-55c2-4532-b354-9494d3d545d2@group-F367C8FA5986-LeaderElection198] INFO  impl.RoleInfo (RoleInfo.java:shutdownLeaderElection(134)) - 9dbd5372-55c2-4532-b354-9494d3d545d2: shutdown LeaderElection
2019-10-30 11:52:45,350 [9dbd5372-55c2-4532-b354-9494d3d545d2@group-F367C8FA5986-LeaderElection198] INFO  impl.RoleInfo (RoleInfo.java:updateAndGet(143)) - 9dbd5372-55c2-4532-b354-9494d3d545d2: start FollowerState
2019-10-30 11:52:45,350 [f26e10ed-fb17-49e6-a903-eadc130d13d1@group-83984122B78E-LeaderElection197] INFO  impl.RaftServerImpl (RaftServerImpl.java:setRole(184)) - f26e10ed-fb17-49e6-a903-eadc130d13d1@group-83984122B78E: changes role from CANDIDATE to FOLLOWER at term 106 for DISCOVERED_A_NEW_TERM
2019-10-30 11:52:45,350 [f26e10ed-fb17-49e6-a903-eadc130d13d1@group-83984122B78E-LeaderElection197] INFO  impl.RoleInfo (RoleInfo.java:shutdownLeaderElection(134)) - f26e10ed-fb17-49e6-a903-eadc130d13d1: shutdown LeaderElection
2019-10-30 11:52:45,350 [f26e10ed-fb17-49e6-a903-eadc130d13d1@group-83984122B78E-LeaderElection197] INFO  impl.RoleInfo (RoleInfo.java:updateAndGet(143)) - f26e10ed-fb17-49e6-a903-eadc130d13d1: start FollowerState
2019-10-30 11:52:45,431 [Thread-1671] INFO  impl.FollowerState (FollowerState.java:run(108)) - f26e10ed-fb17-49e6-a903-eadc130d13d1@group-83984122B78E-FollowerState: change to CANDIDATE, lastRpcTime:80ms, electionTimeout:80ms
2019-10-30 11:52:45,431 [Thread-1671] INFO  impl.RoleInfo (RoleInfo.java:shutdownFollowerState(121)) - f26e10ed-fb17-49e6-a903-eadc130d13d1: shutdown FollowerState
2019-10-30 11:52:45,431 [Thread-1671] INFO  impl.RaftServerImpl (RaftServerImpl.java:setRole(184)) - f26e10ed-fb17-49e6-a903-eadc130d13d1@group-83984122B78E: changes role from  FOLLOWER to CANDIDATE at term 106 for changeToCandidate
2019-10-30 11:52:45,431 [Thread-1671] INFO  impl.RoleInfo (RoleInfo.java:updateAndGet(143)) - f26e10ed-fb17-49e6-a903-eadc130d13d1: start LeaderElection
2019-10-30 11:52:45,437 [f26e10ed-fb17-49e6-a903-eadc130d13d1@group-83984122B78E-LeaderElection199] INFO  impl.LeaderElection (LeaderElection.java:askForVotes(178)) - f26e10ed-fb17-49e6-a903-eadc130d13d1@group-83984122B78E-LeaderElection199: begin an election at term 107 for -1: [4f16e274-8663-4a15-9c4c-c81f650ab979:192.168.157.220:38181, 4cc44201-a597-43af-a4ec-5b1b407a6250:192.168.157.220:36685, f26e10ed-fb17-49e6-a903-eadc130d13d1:192.168.157.220:32806], old=null
2019-10-30 11:52:45,438 [grpc-default-executor-1] INFO  impl.RaftServerImpl (RaftServerImpl.java:setRole(184)) - 4f16e274-8663-4a15-9c4c-c81f650ab979@group-83984122B78E: changes role from  FOLLOWER to FOLLOWER at term 107 for recognizeCandidate:f26e10ed-fb17-49e6-a903-eadc130d13d1
2019-10-30 11:52:45,438 [grpc-default-executor-1] INFO  impl.RoleInfo (RoleInfo.java:shutdownFollowerState(121)) - 4f16e274-8663-4a15-9c4c-c81f650ab979: shutdown FollowerState
2019-10-30 11:52:45,438 [grpc-default-executor-1] INFO  impl.RoleInfo (RoleInfo.java:updateAndGet(143)) - 4f16e274-8663-4a15-9c4c-c81f650ab979: start FollowerState
2019-10-30 11:52:45,438 [Thread-1666] INFO  impl.FollowerState (FollowerState.java:run(117)) - 4f16e274-8663-4a15-9c4c-c81f650ab979@group-83984122B78E-FollowerState was interrupted: java.lang.InterruptedException: sleep interrupted
2019-10-30 11:52:45,439 [grpc-default-executor-7] INFO  impl.RaftServerImpl (RaftServerImpl.java:setRole(184)) - 4cc44201-a597-43af-a4ec-5b1b407a6250@group-83984122B78E: changes role from  FOLLOWER to FOLLOWER at term 107 for recognizeCandidate:f26e10ed-fb17-49e6-a903-eadc130d13d1
2019-10-30 11:52:45,439 [grpc-default-executor-7] INFO  impl.RoleInfo (RoleInfo.java:shutdownFollowerState(121)) - 4cc44201-a597-43af-a4ec-5b1b407a6250: shutdown FollowerState
2019-10-30 11:52:45,439 [grpc-default-executor-7] INFO  impl.RoleInfo (RoleInfo.java:updateAndGet(143)) - 4cc44201-a597-43af-a4ec-5b1b407a6250: start FollowerState
2019-10-30 11:52:45,439 [Thread-1667] INFO  impl.FollowerState (FollowerState.java:run(117)) - 4cc44201-a597-43af-a4ec-5b1b407a6250@group-83984122B78E-FollowerState was interrupted: java.lang.InterruptedException: sleep interrupted
2019-10-30 11:52:45,444 [Thread-1670] INFO  impl.FollowerState (FollowerState.java:run(108)) - 9dbd5372-55c2-4532-b354-9494d3d545d2@group-F367C8FA5986-FollowerState: change to CANDIDATE, lastRpcTime:94ms, electionTimeout:94ms
2019-10-30 11:52:45,445 [Thread-1670] INFO  impl.RoleInfo (RoleInfo.java:shutdownFollowerState(121)) - 9dbd5372-55c2-4532-b354-9494d3d545d2: shutdown FollowerState
2019-10-30 11:52:45,445 [Thread-1670] INFO  impl.RaftServerImpl (RaftServerImpl.java:setRole(184)) - 9dbd5372-55c2-4532-b354-9494d3d545d2@group-F367C8FA5986: changes role from  FOLLOWER to CANDIDATE at term 96 for changeToCandidate
2019-10-30 11:52:45,445 [Thread-1670] INFO  impl.RoleInfo (RoleInfo.java:updateAndGet(143)) - 9dbd5372-55c2-4532-b354-9494d3d545d2: start LeaderElection
2019-10-30 11:52:45,446 [f26e10ed-fb17-49e6-a903-eadc130d13d1@group-83984122B78E-LeaderElection199] INFO  impl.LeaderElection (LeaderElection.java:logAndReturn(56)) - f26e10ed-fb17-49e6-a903-eadc130d13d1@group-83984122B78E-LeaderElection199: Election REJECTED; received 2 response(s) [f26e10ed-fb17-49e6-a903-eadc130d13d1<-4f16e274-8663-4a15-9c4c-c81f650ab979#0:FAIL-t107, f26e10ed-fb17-49e6-a903-eadc130d13d1<-4cc44201-a597-43af-a4ec-5b1b407a6250#0:FAIL-t107] and 0 exception(s); f26e10ed-fb17-49e6-a903-eadc130d13d1@group-83984122B78E:t107, leader=null, voted=f26e10ed-fb17-49e6-a903-eadc130d13d1, raftlog=f26e10ed-fb17-49e6-a903-eadc130d13d1@group-83984122B78E-SegmentedRaftLog:OPENED:c-1,f-1,i0, conf=-1: [4f16e274-8663-4a15-9c4c-c81f650ab979:192.168.157.220:38181, 4cc44201-a597-43af-a4ec-5b1b407a6250:192.168.157.220:36685, f26e10ed-fb17-49e6-a903-eadc130d13d1:192.168.157.220:32806], old=null
2019-10-30 11:52:45,446 [f26e10ed-fb17-49e6-a903-eadc130d13d1@group-83984122B78E-LeaderElection199] INFO  impl.RaftServerImpl (RaftServerImpl.java:setRole(184)) - f26e10ed-fb17-49e6-a903-eadc130d13d1@group-83984122B78E: changes role from CANDIDATE to FOLLOWER at term 107 for DISCOVERED_A_NEW_TERM
2019-10-30 11:52:45,446 [f26e10ed-fb17-49e6-a903-eadc130d13d1@group-83984122B78E-LeaderElection199] INFO  impl.RoleInfo (RoleInfo.java:shutdownLeaderElection(134)) - f26e10ed-fb17-49e6-a903-eadc130d13d1: shutdown LeaderElection
2019-10-30 11:52:45,446 [f26e10ed-fb17-49e6-a903-eadc130d13d1@group-83984122B78E-LeaderElection199] INFO  impl.RoleInfo (RoleInfo.java:updateAndGet(143)) - f26e10ed-fb17-49e6-a903-eadc130d13d1: start FollowerState
2019-10-30 11:52:45,459 [9dbd5372-55c2-4532-b354-9494d3d545d2@group-F367C8FA5986-LeaderElection200] INFO  impl.LeaderElection (LeaderElection.java:askForVotes(178)) - 9dbd5372-55c2-4532-b354-9494d3d545d2@group-F367C8FA5986-LeaderElection200: begin an election at term 97 for -1: [9b3ef6c9-0245-4756-bf80-45d41f7a4453:192.168.157.220:37058, cd11b2f5-3187-4d03-bd60-931991550c17:192.168.157.220:43236, 9dbd5372-55c2-4532-b354-9494d3d545d2:192.168.157.220:42993], old=null
2019-10-30 11:52:45,460 [grpc-default-executor-7] INFO  impl.RaftServerImpl (RaftServerImpl.java:setRole(184)) - cd11b2f5-3187-4d03-bd60-931991550c17@group-F367C8FA5986: changes role from  FOLLOWER to FOLLOWER at term 97 for recognizeCandidate:9dbd5372-55c2-4532-b354-9494d3d545d2
2019-10-30 11:52:45,460 [grpc-default-executor-7] INFO  impl.RoleInfo (RoleInfo.java:shutdownFollowerState(121)) - cd11b2f5-3187-4d03-bd60-931991550c17: shutdown FollowerState
2019-10-30 11:52:45,460 [grpc-default-executor-1] INFO  impl.RaftServerImpl (RaftServerImpl.java:setRole(184)) - 9b3ef6c9-0245-4756-bf80-45d41f7a4453@group-F367C8FA5986: changes role from  FOLLOWER to FOLLOWER at term 97 for recognizeCandidate:9dbd5372-55c2-4532-b354-9494d3d545d2
2019-10-30 11:52:45,461 [Thread-1668] INFO  impl.FollowerState (FollowerState.java:run(117)) - cd11b2f5-3187-4d03-bd60-931991550c17@group-F367C8FA5986-FollowerState was interrupted: java.lang.InterruptedException: sleep interrupted
2019-10-30 11:52:45,460 [grpc-default-executor-7] INFO  impl.RoleInfo (RoleInfo.java:updateAndGet(143)) - cd11b2f5-3187-4d03-bd60-931991550c17: start FollowerState
2019-10-30 11:52:45,461 [grpc-default-executor-1] INFO  impl.RoleInfo (RoleInfo.java:shutdownFollowerState(121)) - 9b3ef6c9-0245-4756-bf80-45d41f7a4453: shutdown FollowerState
2019-10-30 11:52:45,461 [grpc-default-executor-1] INFO  impl.RoleInfo (RoleInfo.java:updateAndGet(143)) - 9b3ef6c9-0245-4756-bf80-45d41f7a4453: start FollowerState
2019-10-30 11:52:45,461 [Thread-1669] INFO  impl.FollowerState (FollowerState.java:run(117)) - 9b3ef6c9-0245-4756-bf80-45d41f7a4453@group-F367C8FA5986-FollowerState was interrupted: java.lang.InterruptedException: sleep interrupted
2019-10-30 11:52:45,473 [9dbd5372-55c2-4532-b354-9494d3d545d2@group-F367C8FA5986-LeaderElection200] INFO  impl.LeaderElection (LeaderElection.java:logAndReturn(56)) - 9dbd5372-55c2-4532-b354-9494d3d545d2@group-F367C8FA5986-LeaderElection200: Election REJECTED; received 2 response(s) [9dbd5372-55c2-4532-b354-9494d3d545d2<-9b3ef6c9-0245-4756-bf80-45d41f7a4453#0:FAIL-t97, 9dbd5372-55c2-4532-b354-9494d3d545d2<-cd11b2f5-3187-4d03-bd60-931991550c17#0:FAIL-t97] and 0 exception(s); 9dbd5372-55c2-4532-b354-9494d3d545d2@group-F367C8FA5986:t97, leader=null, voted=9dbd5372-55c2-4532-b354-9494d3d545d2, raftlog=9dbd5372-55c2-4532-b354-9494d3d545d2@group-F367C8FA5986-SegmentedRaftLog:OPENED:c-1,f-1,i0, conf=-1: [9b3ef6c9-0245-4756-bf80-45d41f7a4453:192.168.157.220:37058, cd11b2f5-3187-4d03-bd60-931991550c17:192.168.157.220:43236, 9dbd5372-55c2-4532-b354-9494d3d545d2:192.168.157.220:42993], old=null
2019-10-30 11:52:45,473 [9dbd5372-55c2-4532-b354-9494d3d545d2@group-F367C8FA5986-LeaderElection200] INFO  impl.RaftServerImpl (RaftServerImpl.java:setRole(184)) - 9dbd5372-55c2-4532-b354-9494d3d545d2@group-F367C8FA5986: changes role from CANDIDATE to FOLLOWER at term 97 for DISCOVERED_A_NEW_TERM
2019-10-30 11:52:45,473 [9dbd5372-55c2-4532-b354-9494d3d545d2@group-F367C8FA5986-LeaderElection200] INFO  impl.RoleInfo (RoleInfo.java:shutdownLeaderElection(134)) - 9dbd5372-55c2-4532-b354-9494d3d545d2: shutdown LeaderElection
2019-10-30 11:52:45,473 [9dbd5372-55c2-4532-b354-9494d3d545d2@group-F367C8FA5986-LeaderElection200] INFO  impl.RoleInfo (RoleInfo.java:updateAndGet(143)) - 9dbd5372-55c2-4532-b354-9494d3d545d2: start FollowerState
2019-10-30 11:52:45,557 [Thread-1679] INFO  impl.FollowerState (FollowerState.java:run(108)) - f26e10ed-fb17-49e6-a903-eadc130d13d1@group-83984122B78E-FollowerState: change to CANDIDATE, lastRpcTime:110ms, electionTimeout:110ms
2019-10-30 11:52:45,557 [Thread-1679] INFO  impl.RoleInfo (RoleInfo.java:shutdownFollowerState(121)) - f26e10ed-fb17-49e6-a903-eadc130d13d1: shutdown FollowerState
2019-10-30 11:52:45,557 [Thread-1679] INFO  impl.RaftServerImpl (RaftServerImpl.java:setRole(184)) - f26e10ed-fb17-49e6-a903-eadc130d13d1@group-83984122B78E: changes role from  FOLLOWER to CANDIDATE at term 107 for changeToCandidate
2019-10-30 11:52:45,557 [Thread-1679] INFO  impl.RoleInfo (RoleInfo.java:updateAndGet(143)) - f26e10ed-fb17-49e6-a903-eadc130d13d1: start LeaderElection
2019-10-30 11:52:45,572 [f26e10ed-fb17-49e6-a903-eadc130d13d1@group-83984122B78E-LeaderElection201] INFO  impl.LeaderElection (LeaderElection.java:askForVotes(178)) - f26e10ed-fb17-49e6-a903-eadc130d13d1@group-83984122B78E-LeaderElection201: begin an election at term 108 for -1: [4f16e274-8663-4a15-9c4c-c81f650ab979:192.168.157.220:38181, 4cc44201-a597-43af-a4ec-5b1b407a6250:192.168.157.220:36685, f26e10ed-fb17-49e6-a903-eadc130d13d1:192.168.157.220:32806], old=null
2019-10-30 11:52:45,573 [grpc-default-executor-7] INFO  impl.RaftServerImpl (RaftServerImpl.java:setRole(184)) - 4cc44201-a597-43af-a4ec-5b1b407a6250@group-83984122B78E: changes role from  FOLLOWER to FOLLOWER at term 108 for recognizeCandidate:f26e10ed-fb17-49e6-a903-eadc130d13d1
2019-10-30 11:52:45,574 [grpc-default-executor-7] INFO  impl.RoleInfo (RoleInfo.java:shutdownFollowerState(121)) - 4cc44201-a597-43af-a4ec-5b1b407a6250: shutdown FollowerState
2019-10-30 11:52:45,574 [grpc-default-executor-1] INFO  impl.RaftServerImpl (RaftServerImpl.java:setRole(184)) - 4f16e274-8663-4a15-9c4c-c81f650ab979@group-83984122B78E: changes role from  FOLLOWER to FOLLOWER at term 108 for recognizeCandidate:f26e10ed-fb17-49e6-a903-eadc130d13d1
2019-10-30 11:52:45,574 [grpc-default-executor-1] INFO  impl.RoleInfo (RoleInfo.java:shutdownFollowerState(121)) - 4f16e274-8663-4a15-9c4c-c81f650ab979: shutdown FollowerState
2019-10-30 11:52:45,574 [grpc-default-executor-7] INFO  impl.RoleInfo (RoleInfo.java:updateAndGet(143)) - 4cc44201-a597-43af-a4ec-5b1b407a6250: start FollowerState
2019-10-30 11:52:45,574 [Thread-1676] INFO  impl.FollowerState (FollowerState.java:run(117)) - 4cc44201-a597-43af-a4ec-5b1b407a6250@group-83984122B78E-FollowerState was interrupted: java.lang.InterruptedException: sleep interrupted
2019-10-30 11:52:45,574 [Thread-1675] INFO  impl.FollowerState (FollowerState.java:run(117)) - 4f16e274-8663-4a15-9c4c-c81f650ab979@group-83984122B78E-FollowerState was interrupted: java.lang.InterruptedException: sleep interrupted
2019-10-30 11:52:45,574 [grpc-default-executor-1] INFO  impl.RoleInfo (RoleInfo.java:updateAndGet(143)) - 4f16e274-8663-4a15-9c4c-c81f650ab979: start FollowerState
2019-10-30 11:52:45,574 [Thread-1684] INFO  impl.FollowerState (FollowerState.java:run(108)) - 9dbd5372-55c2-4532-b354-9494d3d545d2@group-F367C8FA5986-FollowerState: change to CANDIDATE, lastRpcTime:101ms, electionTimeout:101ms
2019-10-30 11:52:45,574 [Thread-1684] INFO  impl.RoleInfo (RoleInfo.java:shutdownFollowerState(121)) - 9dbd5372-55c2-4532-b354-9494d3d545d2: shutdown FollowerState
2019-10-30 11:52:45,575 [Thread-1684] INFO  impl.RaftServerImpl (RaftServerImpl.java:setRole(184)) - 9dbd5372-55c2-4532-b354-9494d3d545d2@group-F367C8FA5986: changes role from  FOLLOWER to CANDIDATE at term 97 for changeToCandidate
2019-10-30 11:52:45,575 [Thread-1684] INFO  impl.RoleInfo (RoleInfo.java:updateAndGet(143)) - 9dbd5372-55c2-4532-b354-9494d3d545d2: start LeaderElection
2019-10-30 11:52:45,587 [f26e10ed-fb17-49e6-a903-eadc130d13d1@group-83984122B78E-LeaderElection201] INFO  impl.LeaderElection (LeaderElection.java:logAndReturn(56)) - f26e10ed-fb17-49e6-a903-eadc130d13d1@group-83984122B78E-LeaderElection201: Election REJECTED; received 2 response(s) [f26e10ed-fb17-49e6-a903-eadc130d13d1<-4f16e274-8663-4a15-9c4c-c81f650ab979#0:FAIL-t108, f26e10ed-fb17-49e6-a903-eadc130d13d1<-4cc44201-a597-43af-a4ec-5b1b407a6250#0:FAIL-t108] and 0 exception(s); f26e10ed-fb17-49e6-a903-eadc130d13d1@group-83984122B78E:t108, leader=null, voted=f26e10ed-fb17-49e6-a903-eadc130d13d1, raftlog=f26e10ed-fb17-49e6-a903-eadc130d13d1@group-83984122B78E-SegmentedRaftLog:OPENED:c-1,f-1,i0, conf=-1: [4f16e274-8663-4a15-9c4c-c81f650ab979:192.168.157.220:38181, 4cc44201-a597-43af-a4ec-5b1b407a6250:192.168.157.220:36685, f26e10ed-fb17-49e6-a903-eadc130d13d1:192.168.157.220:32806], old=null
2019-10-30 11:52:45,587 [f26e10ed-fb17-49e6-a903-eadc130d13d1@group-83984122B78E-LeaderElection201] INFO  impl.RaftServerImpl (RaftServerImpl.java:setRole(184)) - f26e10ed-fb17-49e6-a903-eadc130d13d1@group-83984122B78E: changes role from CANDIDATE to FOLLOWER at term 108 for DISCOVERED_A_NEW_TERM
2019-10-30 11:52:45,587 [f26e10ed-fb17-49e6-a903-eadc130d13d1@group-83984122B78E-LeaderElection201] INFO  impl.RoleInfo (RoleInfo.java:shutdownLeaderElection(134)) - f26e10ed-fb17-49e6-a903-eadc130d13d1: shutdown LeaderElection
2019-10-30 11:52:45,588 [f26e10ed-fb17-49e6-a903-eadc130d13d1@group-83984122B78E-LeaderElection201] INFO  impl.RoleInfo (RoleInfo.java:updateAndGet(143)) - f26e10ed-fb17-49e6-a903-eadc130d13d1: start FollowerState
2019-10-30 11:52:45,589 [9dbd5372-55c2-4532-b354-9494d3d545d2@group-F367C8FA5986-LeaderElection202] INFO  impl.LeaderElection (LeaderElection.java:askForVotes(178)) - 9dbd5372-55c2-4532-b354-9494d3d545d2@group-F367C8FA5986-LeaderElection202: begin an election at term 98 for -1: [9b3ef6c9-0245-4756-bf80-45d41f7a4453:192.168.157.220:37058, cd11b2f5-3187-4d03-bd60-931991550c17:192.168.157.220:43236, 9dbd5372-55c2-4532-b354-9494d3d545d2:192.168.157.220:42993], old=null
2019-10-30 11:52:45,590 [grpc-default-executor-7] INFO  impl.RaftServerImpl (RaftServerImpl.java:setRole(184)) - cd11b2f5-3187-4d03-bd60-931991550c17@group-F367C8FA5986: changes role from  FOLLOWER to FOLLOWER at term 98 for recognizeCandidate:9dbd5372-55c2-4532-b354-9494d3d545d2
2019-10-30 11:52:45,590 [grpc-default-executor-7] INFO  impl.RoleInfo (RoleInfo.java:shutdownFollowerState(121)) - cd11b2f5-3187-4d03-bd60-931991550c17: shutdown FollowerState
2019-10-30 11:52:45,590 [grpc-default-executor-1] INFO  impl.RaftServerImpl (RaftServerImpl.java:setRole(184)) - 9b3ef6c9-0245-4756-bf80-45d41f7a4453@group-F367C8FA5986: changes role from  FOLLOWER to FOLLOWER at term 98 for recognizeCandidate:9dbd5372-55c2-4532-b354-9494d3d545d2
2019-10-30 11:52:45,590 [Thread-1682] INFO  impl.FollowerState (FollowerState.java:run(117)) - cd11b2f5-3187-4d03-bd60-931991550c17@group-F367C8FA5986-FollowerState was interrupted: java.lang.InterruptedException: sleep interrupted
2019-10-30 11:52:45,590 [grpc-default-executor-7] INFO  impl.RoleInfo (RoleInfo.java:updateAndGet(143)) - cd11b2f5-3187-4d03-bd60-931991550c17: start FollowerState
2019-10-30 11:52:45,590 [grpc-default-executor-1] INFO  impl.RoleInfo (RoleInfo.java:shutdownFollowerState(121)) - 9b3ef6c9-0245-4756-bf80-45d41f7a4453: shutdown FollowerState
2019-10-30 11:52:45,591 [Thread-1683] INFO  impl.FollowerState (FollowerState.java:run(117)) - 9b3ef6c9-0245-4756-bf80-45d41f7a4453@group-F367C8FA5986-FollowerState was interrupted: java.lang.InterruptedException: sleep interrupted
2019-10-30 11:52:45,591 [grpc-default-executor-1] INFO  impl.RoleInfo (RoleInfo.java:updateAndGet(143)) - 9b3ef6c9-0245-4756-bf80-45d41f7a4453: start FollowerState
2019-10-30 11:52:45,596 [9dbd5372-55c2-4532-b354-9494d3d545d2@group-F367C8FA5986-LeaderElection202] INFO  impl.LeaderElection (LeaderElection.java:logAndReturn(56)) - 9dbd5372-55c2-4532-b354-9494d3d545d2@group-F367C8FA5986-LeaderElection202: Election REJECTED; received 2 response(s) [9dbd5372-55c2-4532-b354-9494d3d545d2<-9b3ef6c9-0245-4756-bf80-45d41f7a4453#0:FAIL-t98, 9dbd5372-55c2-4532-b354-9494d3d545d2<-cd11b2f5-3187-4d03-bd60-931991550c17#0:FAIL-t98] and 0 exception(s); 9dbd5372-55c2-4532-b354-9494d3d545d2@group-F367C8FA5986:t98, leader=null, voted=9dbd5372-55c2-4532-b354-9494d3d545d2, raftlog=9dbd5372-55c2-4532-b354-9494d3d545d2@group-F367C8FA5986-SegmentedRaftLog:OPENED:c-1,f-1,i0, conf=-1: [9b3ef6c9-0245-4756-bf80-45d41f7a4453:192.168.157.220:37058, cd11b2f5-3187-4d03-bd60-931991550c17:192.168.157.220:43236, 9dbd5372-55c2-4532-b354-9494d3d545d2:192.168.157.220:42993], old=null
2019-10-30 11:52:45,596 [9dbd5372-55c2-4532-b354-9494d3d545d2@group-F367C8FA5986-LeaderElection202] INFO  impl.RaftServerImpl (RaftServerImpl.java:setRole(184)) - 9dbd5372-55c2-4532-b354-9494d3d545d2@group-F367C8FA5986: changes role from CANDIDATE to FOLLOWER at term 98 for DISCOVERED_A_NEW_TERM
2019-10-30 11:52:45,597 [9dbd5372-55c2-4532-b354-9494d3d545d2@group-F367C8FA5986-LeaderElection202] INFO  impl.RoleInfo (RoleInfo.java:shutdownLeaderElection(134)) - 9dbd5372-55c2-4532-b354-9494d3d545d2: shutdown LeaderElection
2019-10-30 11:52:45,597 [9dbd5372-55c2-4532-b354-9494d3d545d2@group-F367C8FA5986-LeaderElection202] INFO  impl.RoleInfo (RoleInfo.java:updateAndGet(143)) - 9dbd5372-55c2-4532-b354-9494d3d545d2: start FollowerState
2019-10-30 11:52:45,651 [Thread-1692] INFO  impl.FollowerState (FollowerState.java:run(108)) - f26e10ed-fb17-49e6-a903-eadc130d13d1@group-83984122B78E-FollowerState: change to CANDIDATE, lastRpcTime:63ms, electionTimeout:63ms
2019-10-30 11:52:45,651 [Thread-1692] INFO  impl.RoleInfo (RoleInfo.java:shutdownFollowerState(121)) - f26e10ed-fb17-49e6-a903-eadc130d13d1: shutdown FollowerState
2019-10-30 11:52:45,651 [Thread-1692] INFO  impl.RaftServerImpl (RaftServerImpl.java:setRole(184)) - f26e10ed-fb17-49e6-a903-eadc130d13d1@group-83984122B78E: changes role from  FOLLOWER to CANDIDATE at term 108 for changeToCandidate
2019-10-30 11:52:45,651 [Thread-1692] INFO  impl.RoleInfo (RoleInfo.java:updateAndGet(143)) - f26e10ed-fb17-49e6-a903-eadc130d13d1: start LeaderElection
2019-10-30 11:52:45,658 [f26e10ed-fb17-49e6-a903-eadc130d13d1@group-83984122B78E-LeaderElection203] INFO  impl.LeaderElection (LeaderElection.java:askForVotes(178)) - f26e10ed-fb17-49e6-a903-eadc130d13d1@group-83984122B78E-LeaderElection203: begin an election at term 109 for -1: [4f16e274-8663-4a15-9c4c-c81f650ab979:192.168.157.220:38181, 4cc44201-a597-43af-a4ec-5b1b407a6250:192.168.157.220:36685, f26e10ed-fb17-49e6-a903-eadc130d13d1:192.168.157.220:32806], old=null
2019-10-30 11:52:45,660 [grpc-default-executor-7] INFO  impl.RaftServerImpl (RaftServerImpl.java:setRole(184)) - 4f16e274-8663-4a15-9c4c-c81f650ab979@group-83984122B78E: changes role from  FOLLOWER to FOLLOWER at term 109 for recognizeCandidate:f26e10ed-fb17-49e6-a903-eadc130d13d1
2019-10-30 11:52:45,660 [grpc-default-executor-1] INFO  impl.RaftServerImpl (RaftServerImpl.java:setRole(184)) - 4cc44201-a597-43af-a4ec-5b1b407a6250@group-83984122B78E: changes role from  FOLLOWER to FOLLOWER at term 109 for recognizeCandidate:f26e10ed-fb17-49e6-a903-eadc130d13d1
2019-10-30 11:52:45,660 [grpc-default-executor-1] INFO  impl.RoleInfo (RoleInfo.java:shutdownFollowerState(121)) - 4cc44201-a597-43af-a4ec-5b1b407a6250: shutdown FollowerState
2019-10-30 11:52:45,660 [grpc-default-executor-7] INFO  impl.RoleInfo (RoleInfo.java:shutdownFollowerState(121)) - 4f16e274-8663-4a15-9c4c-c81f650ab979: shutdown FollowerState
2019-10-30 11:52:45,660 [Thread-1689] INFO  impl.FollowerState (FollowerState.java:run(117)) - 4cc44201-a597-43af-a4ec-5b1b407a6250@group-83984122B78E-FollowerState was interrupted: java.lang.InterruptedException: sleep interrupted
2019-10-30 11:52:45,660 [grpc-default-executor-1] INFO  impl.RoleInfo (RoleInfo.java:updateAndGet(143)) - 4cc44201-a597-43af-a4ec-5b1b407a6250: start FollowerState
2019-10-30 11:52:45,660 [Thread-1690] INFO  impl.FollowerState (FollowerState.java:run(117)) - 4f16e274-8663-4a15-9c4c-c81f650ab979@group-83984122B78E-FollowerState was interrupted: java.lang.InterruptedException: sleep interrupted
2019-10-30 11:52:45,660 [grpc-default-executor-7] INFO  impl.RoleInfo (RoleInfo.java:updateAndGet(143)) - 4f16e274-8663-4a15-9c4c-c81f650ab979: start FollowerState
2019-10-30 11:52:45,671 [f26e10ed-fb17-49e6-a903-eadc130d13d1@group-83984122B78E-LeaderElection203] INFO  impl.LeaderElection (LeaderElection.java:logAndReturn(56)) - f26e10ed-fb17-49e6-a903-eadc130d13d1@group-83984122B78E-LeaderElection203: Election REJECTED; received 2 response(s) [f26e10ed-fb17-49e6-a903-eadc130d13d1<-4f16e274-8663-4a15-9c4c-c81f650ab979#0:FAIL-t109, f26e10ed-fb17-49e6-a903-eadc130d13d1<-4cc44201-a597-43af-a4ec-5b1b407a6250#0:FAIL-t109] and 0 exception(s); f26e10ed-fb17-49e6-a903-eadc130d13d1@group-83984122B78E:t109, leader=null, voted=f26e10ed-fb17-49e6-a903-eadc130d13d1, raftlog=f26e10ed-fb17-49e6-a903-eadc130d13d1@group-83984122B78E-SegmentedRaftLog:OPENED:c-1,f-1,i0, conf=-1: [4f16e274-8663-4a15-9c4c-c81f650ab979:192.168.157.220:38181, 4cc44201-a597-43af-a4ec-5b1b407a6250:192.168.157.220:36685, f26e10ed-fb17-49e6-a903-eadc130d13d1:192.168.157.220:32806], old=null
2019-10-30 11:52:45,671 [f26e10ed-fb17-49e6-a903-eadc130d13d1@group-83984122B78E-LeaderElection203] INFO  impl.RaftServerImpl (RaftServerImpl.java:setRole(184)) - f26e10ed-fb17-49e6-a903-eadc130d13d1@group-83984122B78E: changes role from CANDIDATE to FOLLOWER at term 109 for DISCOVERED_A_NEW_TERM
2019-10-30 11:52:45,671 [f26e10ed-fb17-49e6-a903-eadc130d13d1@group-83984122B78E-LeaderElection203] INFO  impl.RoleInfo (RoleInfo.java:shutdownLeaderElection(134)) - f26e10ed-fb17-49e6-a903-eadc130d13d1: shutdown LeaderElection
2019-10-30 11:52:45,671 [f26e10ed-fb17-49e6-a903-eadc130d13d1@group-83984122B78E-LeaderElection203] INFO  impl.RoleInfo (RoleInfo.java:updateAndGet(143)) - f26e10ed-fb17-49e6-a903-eadc130d13d1: start FollowerState
2019-10-30 11:52:45,726 [Thread-1697] INFO  impl.FollowerState (FollowerState.java:run(108)) - 9dbd5372-55c2-4532-b354-9494d3d545d2@group-F367C8FA5986-FollowerState: change to CANDIDATE, lastRpcTime:129ms, electionTimeout:129ms
2019-10-30 11:52:45,726 [Thread-1697] INFO  impl.RoleInfo (RoleInfo.java:shutdownFollowerState(121)) - 9dbd5372-55c2-4532-b354-9494d3d545d2: shutdown FollowerState
2019-10-30 11:52:45,726 [Thread-1697] INFO  impl.RaftServerImpl (RaftServerImpl.java:setRole(184)) - 9dbd5372-55c2-4532-b354-9494d3d545d2@group-F367C8FA5986: changes role from  FOLLOWER to CANDIDATE at term 98 for changeToCandidate
2019-10-30 11:52:45,726 [Thread-1697] INFO  impl.RoleInfo (RoleInfo.java:updateAndGet(143)) - 9dbd5372-55c2-4532-b354-9494d3d545d2: start LeaderElection
2019-10-30 11:52:45,754 [Thread-1703] INFO  impl.FollowerState (FollowerState.java:run(108)) - f26e10ed-fb17-49e6-a903-eadc130d13d1@group-83984122B78E-FollowerState: change to CANDIDATE, lastRpcTime:83ms, electionTimeout:83ms
2019-10-30 11:52:45,754 [Thread-1703] INFO  impl.RoleInfo (RoleInfo.java:shutdownFollowerState(121)) - f26e10ed-fb17-49e6-a903-eadc130d13d1: shutdown FollowerState
2019-10-30 11:52:45,754 [Thread-1703] INFO  impl.RaftServerImpl (RaftServerImpl.java:setRole(184)) - f26e10ed-fb17-49e6-a903-eadc130d13d1@group-83984122B78E: changes role from  FOLLOWER to CANDIDATE at term 109 for changeToCandidate
2019-10-30 11:52:45,754 [Thread-1703] INFO  impl.RoleInfo (RoleInfo.java:updateAndGet(143)) - f26e10ed-fb17-49e6-a903-eadc130d13d1: start LeaderElection
2019-10-30 11:52:45,790 [9dbd5372-55c2-4532-b354-9494d3d545d2@group-F367C8FA5986-LeaderElection204] INFO  impl.LeaderElection (LeaderElection.java:askForVotes(178)) - 9dbd5372-55c2-4532-b354-9494d3d545d2@group-F367C8FA5986-LeaderElection204: begin an election at term 99 for -1: [9b3ef6c9-0245-4756-bf80-45d41f7a4453:192.168.157.220:37058, cd11b2f5-3187-4d03-bd60-931991550c17:192.168.157.220:43236, 9dbd5372-55c2-4532-b354-9494d3d545d2:192.168.157.220:42993], old=null
2019-10-30 11:52:45,791 [f26e10ed-fb17-49e6-a903-eadc130d13d1@group-83984122B78E-LeaderElection205] INFO  impl.LeaderElection (LeaderElection.java:askForVotes(178)) - f26e10ed-fb17-49e6-a903-eadc130d13d1@group-83984122B78E-LeaderElection205: begin an election at term 110 for -1: [4f16e274-8663-4a15-9c4c-c81f650ab979:192.168.157.220:38181, 4cc44201-a597-43af-a4ec-5b1b407a6250:192.168.157.220:36685, f26e10ed-fb17-49e6-a903-eadc130d13d1:192.168.157.220:32806], old=null
2019-10-30 11:52:45,791 [grpc-default-executor-7] INFO  impl.RaftServerImpl (RaftServerImpl.java:setRole(184)) - cd11b2f5-3187-4d03-bd60-931991550c17@group-F367C8FA5986: changes role from  FOLLOWER to FOLLOWER at term 99 for recognizeCandidate:9dbd5372-55c2-4532-b354-9494d3d545d2
2019-10-30 11:52:45,791 [grpc-default-executor-1] INFO  impl.RaftServerImpl (RaftServerImpl.java:setRole(184)) - 9b3ef6c9-0245-4756-bf80-45d41f7a4453@group-F367C8FA5986: changes role from  FOLLOWER to FOLLOWER at term 99 for recognizeCandidate:9dbd5372-55c2-4532-b354-9494d3d545d2
2019-10-30 11:52:45,792 [grpc-default-executor-7] INFO  impl.RoleInfo (RoleInfo.java:shutdownFollowerState(121)) - cd11b2f5-3187-4d03-bd60-931991550c17: shutdown FollowerState
2019-10-30 11:52:45,792 [grpc-default-executor-6] INFO  impl.RaftServerImpl (RaftServerImpl.java:setRole(184)) - 4f16e274-8663-4a15-9c4c-c81f650ab979@group-83984122B78E: changes role from  FOLLOWER to FOLLOWER at term 110 for recognizeCandidate:f26e10ed-fb17-49e6-a903-eadc130d13d1
2019-10-30 11:52:45,792 [grpc-default-executor-6] INFO  impl.RoleInfo (RoleInfo.java:shutdownFollowerState(121)) - 4f16e274-8663-4a15-9c4c-c81f650ab979: shutdown FollowerState
2019-10-30 11:52:45,792 [grpc-default-executor-1] INFO  impl.RoleInfo (RoleInfo.java:shutdownFollowerState(121)) - 9b3ef6c9-0245-4756-bf80-45d41f7a4453: shutdown FollowerState
2019-10-30 11:52:45,792 [Thread-1702] INFO  impl.FollowerState (FollowerState.java:run(117)) - 4f16e274-8663-4a15-9c4c-c81f650ab979@group-83984122B78E-FollowerState was interrupted: java.lang.InterruptedException: sleep interrupted
2019-10-30 11:52:45,792 [grpc-default-executor-6] INFO  impl.RoleInfo (RoleInfo.java:updateAndGet(143)) - 4f16e274-8663-4a15-9c4c-c81f650ab979: start FollowerState
2019-10-30 11:52:45,792 [grpc-default-executor-8] INFO  impl.RaftServerImpl (RaftServerImpl.java:setRole(184)) - 4cc44201-a597-43af-a4ec-5b1b407a6250@group-83984122B78E: changes role from  FOLLOWER to FOLLOWER at term 110 for recognizeCandidate:f26e10ed-fb17-49e6-a903-eadc130d13d1
2019-10-30 11:52:45,792 [Thread-1695] INFO  impl.FollowerState (FollowerState.java:run(117)) - cd11b2f5-3187-4d03-bd60-931991550c17@group-F367C8FA5986-FollowerState was interrupted: java.lang.InterruptedException: sleep interrupted
2019-10-30 11:52:45,792 [grpc-default-executor-7] INFO  impl.RoleInfo (RoleInfo.java:updateAndGet(143)) - cd11b2f5-3187-4d03-bd60-931991550c17: start FollowerState
2019-10-30 11:52:45,793 [grpc-default-executor-8] INFO  impl.RoleInfo (RoleInfo.java:shutdownFollowerState(121)) - 4cc44201-a597-43af-a4ec-5b1b407a6250: shutdown FollowerState
2019-10-30 11:52:45,792 [grpc-default-executor-1] INFO  impl.RoleInfo (RoleInfo.java:updateAndGet(143)) - 9b3ef6c9-0245-4756-bf80-45d41f7a4453: start FollowerState
2019-10-30 11:52:45,792 [Thread-1696] INFO  impl.FollowerState (FollowerState.java:run(117)) - 9b3ef6c9-0245-4756-bf80-45d41f7a4453@group-F367C8FA5986-FollowerState was interrupted: java.lang.InterruptedException: sleep interrupted
2019-10-30 11:52:45,793 [Thread-1701] INFO  impl.FollowerState (FollowerState.java:run(117)) - 4cc44201-a597-43af-a4ec-5b1b407a6250@group-83984122B78E-FollowerState was interrupted: java.lang.InterruptedException: sleep interrupted
2019-10-30 11:52:45,793 [grpc-default-executor-8] INFO  impl.RoleInfo (RoleInfo.java:updateAndGet(143)) - 4cc44201-a597-43af-a4ec-5b1b407a6250: start FollowerState
2019-10-30 11:52:45,798 [9dbd5372-55c2-4532-b354-9494d3d545d2@group-F367C8FA5986-LeaderElection204] INFO  impl.LeaderElection (LeaderElection.java:logAndReturn(56)) - 9dbd5372-55c2-4532-b354-9494d3d545d2@group-F367C8FA5986-LeaderElection204: Election TIMEOUT; received 0 response(s) [] and 0 exception(s); 9dbd5372-55c2-4532-b354-9494d3d545d2@group-F367C8FA5986:t99, leader=null, voted=9dbd5372-55c2-4532-b354-9494d3d545d2, raftlog=9dbd5372-55c2-4532-b354-9494d3d545d2@group-F367C8FA5986-SegmentedRaftLog:OPENED:c-1,f-1,i0, conf=-1: [9b3ef6c9-0245-4756-bf80-45d41f7a4453:192.168.157.220:37058, cd11b2f5-3187-4d03-bd60-931991550c17:192.168.157.220:43236, 9dbd5372-55c2-4532-b354-9494d3d545d2:192.168.157.220:42993], old=null
2019-10-30 11:52:45,829 [9dbd5372-55c2-4532-b354-9494d3d545d2@group-F367C8FA5986-LeaderElection204] INFO  impl.LeaderElection (LeaderElection.java:askForVotes(178)) - 9dbd5372-55c2-4532-b354-9494d3d545d2@group-F367C8FA5986-LeaderElection204: begin an election at term 100 for -1: [9b3ef6c9-0245-4756-bf80-45d41f7a4453:192.168.157.220:37058, cd11b2f5-3187-4d03-bd60-931991550c17:192.168.157.220:43236, 9dbd5372-55c2-4532-b354-9494d3d545d2:192.168.157.220:42993], old=null
2019-10-30 11:52:45,829 [f26e10ed-fb17-49e6-a903-eadc130d13d1@group-83984122B78E-LeaderElection205] INFO  impl.LeaderElection (LeaderElection.java:logAndReturn(56)) - f26e10ed-fb17-49e6-a903-eadc130d13d1@group-83984122B78E-LeaderElection205: Election REJECTED; received 2 response(s) [f26e10ed-fb17-49e6-a903-eadc130d13d1<-4f16e274-8663-4a15-9c4c-c81f650ab979#0:FAIL-t110, f26e10ed-fb17-49e6-a903-eadc130d13d1<-4cc44201-a597-43af-a4ec-5b1b407a6250#0:FAIL-t110] and 0 exception(s); f26e10ed-fb17-49e6-a903-eadc130d13d1@group-83984122B78E:t110, leader=null, voted=f26e10ed-fb17-49e6-a903-eadc130d13d1, raftlog=f26e10ed-fb17-49e6-a903-eadc130d13d1@group-83984122B78E-SegmentedRaftLog:OPENED:c-1,f-1,i0, conf=-1: [4f16e274-8663-4a15-9c4c-c81f650ab979:192.168.157.220:38181, 4cc44201-a597-43af-a4ec-5b1b407a6250:192.168.157.220:36685, f26e10ed-fb17-49e6-a903-eadc130d13d1:192.168.157.220:32806], old=null
2019-10-30 11:52:45,830 [f26e10ed-fb17-49e6-a903-eadc130d13d1@group-83984122B78E-LeaderElection205] INFO  impl.RaftServerImpl (RaftServerImpl.java:setRole(184)) - f26e10ed-fb17-49e6-a903-eadc130d13d1@group-83984122B78E: changes role from CANDIDATE to FOLLOWER at term 110 for DISCOVERED_A_NEW_TERM
2019-10-30 11:52:45,830 [f26e10ed-fb17-49e6-a903-eadc130d13d1@group-83984122B78E-LeaderElection205] INFO  impl.RoleInfo (RoleInfo.java:shutdownLeaderElection(134)) - f26e10ed-fb17-49e6-a903-eadc130d13d1: shutdown LeaderElection
2019-10-30 11:52:45,830 [f26e10ed-fb17-49e6-a903-eadc130d13d1@group-83984122B78E-LeaderElection205] INFO  impl.RoleInfo (RoleInfo.java:updateAndGet(143)) - f26e10ed-fb17-49e6-a903-eadc130d13d1: start FollowerState
2019-10-30 11:52:45,830 [grpc-default-executor-8] INFO  impl.RaftServerImpl (RaftServerImpl.java:setRole(184)) - 9b3ef6c9-0245-4756-bf80-45d41f7a4453@group-F367C8FA5986: changes role from  FOLLOWER to FOLLOWER at term 100 for recognizeCandidate:9dbd5372-55c2-4532-b354-9494d3d545d2
2019-10-30 11:52:45,830 [grpc-default-executor-8] INFO  impl.RoleInfo (RoleInfo.java:shutdownFollowerState(121)) - 9b3ef6c9-0245-4756-bf80-45d41f7a4453: shutdown FollowerState
2019-10-30 11:52:45,830 [grpc-default-executor-1] INFO  impl.RaftServerImpl (RaftServerImpl.java:setRole(184)) - cd11b2f5-3187-4d03-bd60-931991550c17@group-F367C8FA5986: changes role from  FOLLOWER to FOLLOWER at term 100 for recognizeCandidate:9dbd5372-55c2-4532-b354-9494d3d545d2
2019-10-30 11:52:45,830 [Thread-1712] INFO  impl.FollowerState (FollowerState.java:run(117)) - 9b3ef6c9-0245-4756-bf80-45d41f7a4453@group-F367C8FA5986-FollowerState was interrupted: java.lang.InterruptedException: sleep interrupted
2019-10-30 11:52:45,830 [grpc-default-executor-8] INFO  impl.RoleInfo (RoleInfo.java:updateAndGet(143)) - 9b3ef6c9-0245-4756-bf80-45d41f7a4453: start FollowerState
2019-10-30 11:52:45,830 [grpc-default-executor-1] INFO  impl.RoleInfo (RoleInfo.java:shutdownFollowerState(121)) - cd11b2f5-3187-4d03-bd60-931991550c17: shutdown FollowerState
2019-10-30 11:52:45,830 [grpc-default-executor-1] INFO  impl.RoleInfo (RoleInfo.java:updateAndGet(143)) - cd11b2f5-3187-4d03-bd60-931991550c17: start FollowerState
2019-10-30 11:52:45,830 [Thread-1710] INFO  impl.FollowerState (FollowerState.java:run(117)) - cd11b2f5-3187-4d03-bd60-931991550c17@group-F367C8FA5986-FollowerState was interrupted: java.lang.InterruptedException: sleep interrupted
2019-10-30 11:52:45,843 [9dbd5372-55c2-4532-b354-9494d3d545d2@group-F367C8FA5986-LeaderElection204] INFO  impl.LeaderElection (LeaderElection.java:logAndReturn(56)) - 9dbd5372-55c2-4532-b354-9494d3d545d2@group-F367C8FA5986-LeaderElection204: Election REJECTED; received 2 response(s) [9dbd5372-55c2-4532-b354-9494d3d545d2<-9b3ef6c9-0245-4756-bf80-45d41f7a4453#0:FAIL-t100, 9dbd5372-55c2-4532-b354-9494d3d545d2<-cd11b2f5-3187-4d03-bd60-931991550c17#0:FAIL-t100] and 0 exception(s); 9dbd5372-55c2-4532-b354-9494d3d545d2@group-F367C8FA5986:t100, leader=null, voted=9dbd5372-55c2-4532-b354-9494d3d545d2, raftlog=9dbd5372-55c2-4532-b354-9494d3d545d2@group-F367C8FA5986-SegmentedRaftLog:OPENED:c-1,f-1,i0, conf=-1: [9b3ef6c9-0245-4756-bf80-45d41f7a4453:192.168.157.220:37058, cd11b2f5-3187-4d03-bd60-931991550c17:192.168.157.220:43236, 9dbd5372-55c2-4532-b354-9494d3d545d2:192.168.157.220:42993], old=null
2019-10-30 11:52:45,843 [9dbd5372-55c2-4532-b354-9494d3d545d2@group-F367C8FA5986-LeaderElection204] INFO  impl.RaftServerImpl (RaftServerImpl.java:setRole(184)) - 9dbd5372-55c2-4532-b354-9494d3d545d2@group-F367C8FA5986: changes role from CANDIDATE to FOLLOWER at term 100 for DISCOVERED_A_NEW_TERM
2019-10-30 11:52:45,843 [9dbd5372-55c2-4532-b354-9494d3d545d2@group-F367C8FA5986-LeaderElection204] INFO  impl.RoleInfo (RoleInfo.java:shutdownLeaderElection(134)) - 9dbd5372-55c2-4532-b354-9494d3d545d2: shutdown LeaderElection
2019-10-30 11:52:45,843 [9dbd5372-55c2-4532-b354-9494d3d545d2@group-F367C8FA5986-LeaderElection204] INFO  impl.RoleInfo (RoleInfo.java:updateAndGet(143)) - 9dbd5372-55c2-4532-b354-9494d3d545d2: start FollowerState
2019-10-30 11:52:45,874 [Thread-1719] INFO  impl.FollowerState (FollowerState.java:run(108)) - 9dbd5372-55c2-4532-b354-9494d3d545d2@group-F367C8FA5986-FollowerState: change to CANDIDATE, lastRpcTime:31ms, electionTimeout:31ms
2019-10-30 11:52:45,875 [Thread-1719] INFO  impl.RoleInfo (RoleInfo.java:shutdownFollowerState(121)) - 9dbd5372-55c2-4532-b354-9494d3d545d2: shutdown FollowerState
2019-10-30 11:52:45,875 [Thread-1719] INFO  impl.RaftServerImpl (RaftServerImpl.java:setRole(184)) - 9dbd5372-55c2-4532-b354-9494d3d545d2@group-F367C8FA5986: changes role from  FOLLOWER to CANDIDATE at term 100 for changeToCandidate
2019-10-30 11:52:45,875 [Thread-1719] INFO  impl.RoleInfo (RoleInfo.java:updateAndGet(143)) - 9dbd5372-55c2-4532-b354-9494d3d545d2: start LeaderElection
2019-10-30 11:52:45,881 [9dbd5372-55c2-4532-b354-9494d3d545d2@group-F367C8FA5986-LeaderElection206] INFO  impl.LeaderElection (LeaderElection.java:askForVotes(178)) - 9dbd5372-55c2-4532-b354-9494d3d545d2@group-F367C8FA5986-LeaderElection206: begin an election at term 101 for -1: [9b3ef6c9-0245-4756-bf80-45d41f7a4453:192.168.157.220:37058, cd11b2f5-3187-4d03-bd60-931991550c17:192.168.157.220:43236, 9dbd5372-55c2-4532-b354-9494d3d545d2:192.168.157.220:42993], old=null
2019-10-30 11:52:45,882 [grpc-default-executor-1] INFO  impl.RaftServerImpl (RaftServerImpl.java:setRole(184)) - 9b3ef6c9-0245-4756-bf80-45d41f7a4453@group-F367C8FA5986: changes role from  FOLLOWER to FOLLOWER at term 101 for recognizeCandidate:9dbd5372-55c2-4532-b354-9494d3d545d2
2019-10-30 11:52:45,882 [grpc-default-executor-8] INFO  impl.RaftServerImpl (RaftServerImpl.java:setRole(184)) - cd11b2f5-3187-4d03-bd60-931991550c17@group-F367C8FA5986: changes role from  FOLLOWER to FOLLOWER at term 101 for recognizeCandidate:9dbd5372-55c2-4532-b354-9494d3d545d2
2019-10-30 11:52:45,882 [grpc-default-executor-1] INFO  impl.RoleInfo (RoleInfo.java:shutdownFollowerState(121)) - 9b3ef6c9-0245-4756-bf80-45d41f7a4453: shutdown FollowerState
2019-10-30 11:52:45,882 [grpc-default-executor-8] INFO  impl.RoleInfo (RoleInfo.java:shutdownFollowerState(121)) - cd11b2f5-3187-4d03-bd60-931991550c17: shutdown FollowerState
2019-10-30 11:52:45,883 [Thread-1717] INFO  impl.FollowerState (FollowerState.java:run(117)) - 9b3ef6c9-0245-4756-bf80-45d41f7a4453@group-F367C8FA5986-FollowerState was interrupted: java.lang.InterruptedException: sleep interrupted
2019-10-30 11:52:45,883 [grpc-default-executor-1] INFO  impl.RoleInfo (RoleInfo.java:updateAndGet(143)) - 9b3ef6c9-0245-4756-bf80-45d41f7a4453: start FollowerState
2019-10-30 11:52:45,883 [Thread-1718] INFO  impl.FollowerState (FollowerState.java:run(117)) - cd11b2f5-3187-4d03-bd60-931991550c17@group-F367C8FA5986-FollowerState was interrupted: java.lang.InterruptedException: sleep interrupted
2019-10-30 11:52:45,883 [grpc-default-executor-8] INFO  impl.RoleInfo (RoleInfo.java:updateAndGet(143)) - cd11b2f5-3187-4d03-bd60-931991550c17: start FollowerState
2019-10-30 11:52:45,890 [9dbd5372-55c2-4532-b354-9494d3d545d2@group-F367C8FA5986-LeaderElection206] INFO  impl.LeaderElection (LeaderElection.java:logAndReturn(56)) - 9dbd5372-55c2-4532-b354-9494d3d545d2@group-F367C8FA5986-LeaderElection206: Election REJECTED; received 2 response(s) [9dbd5372-55c2-4532-b354-9494d3d545d2<-9b3ef6c9-0245-4756-bf80-45d41f7a4453#0:FAIL-t101, 9dbd5372-55c2-4532-b354-9494d3d545d2<-cd11b2f5-3187-4d03-bd60-931991550c17#0:FAIL-t101] and 0 exception(s); 9dbd5372-55c2-4532-b354-9494d3d545d2@group-F367C8FA5986:t101, leader=null, voted=9dbd5372-55c2-4532-b354-9494d3d545d2, raftlog=9dbd5372-55c2-4532-b354-9494d3d545d2@group-F367C8FA5986-SegmentedRaftLog:OPENED:c-1,f-1,i0, conf=-1: [9b3ef6c9-0245-4756-bf80-45d41f7a4453:192.168.157.220:37058, cd11b2f5-3187-4d03-bd60-931991550c17:192.168.157.220:43236, 9dbd5372-55c2-4532-b354-9494d3d545d2:192.168.157.220:42993], old=null
2019-10-30 11:52:45,890 [9dbd5372-55c2-4532-b354-9494d3d545d2@group-F367C8FA5986-LeaderElection206] INFO  impl.RaftServerImpl (RaftServerImpl.java:setRole(184)) - 9dbd5372-55c2-4532-b354-9494d3d545d2@group-F367C8FA5986: changes role from CANDIDATE to FOLLOWER at term 101 for DISCOVERED_A_NEW_TERM
2019-10-30 11:52:45,890 [9dbd5372-55c2-4532-b354-9494d3d545d2@group-F367C8FA5986-LeaderElection206] INFO  impl.RoleInfo (RoleInfo.java:shutdownLeaderElection(134)) - 9dbd5372-55c2-4532-b354-9494d3d545d2: shutdown LeaderElection
2019-10-30 11:52:45,890 [9dbd5372-55c2-4532-b354-9494d3d545d2@group-F367C8FA5986-LeaderElection206] INFO  impl.RoleInfo (RoleInfo.java:updateAndGet(143)) - 9dbd5372-55c2-4532-b354-9494d3d545d2: start FollowerState
2019-10-30 11:52:45,914 [Thread-1716] INFO  impl.FollowerState (FollowerState.java:run(108)) - f26e10ed-fb17-49e6-a903-eadc130d13d1@group-83984122B78E-FollowerState: change to CANDIDATE, lastRpcTime:84ms, electionTimeout:84ms
2019-10-30 11:52:45,914 [Thread-1716] INFO  impl.RoleInfo (RoleInfo.java:shutdownFollowerState(121)) - f26e10ed-fb17-49e6-a903-eadc130d13d1: shutdown FollowerState
2019-10-30 11:52:45,914 [Thread-1716] INFO  impl.RaftServerImpl (RaftServerImpl.java:setRole(184)) - f26e10ed-fb17-49e6-a903-eadc130d13d1@group-83984122B78E: changes role from  FOLLOWER to CANDIDATE at term 110 for changeToCandidate
2019-10-30 11:52:45,914 [Thread-1716] INFO  impl.RoleInfo (RoleInfo.java:updateAndGet(143)) - f26e10ed-fb17-49e6-a903-eadc130d13d1: start LeaderElection
2019-10-30 11:52:45,922 [f26e10ed-fb17-49e6-a903-eadc130d13d1@group-83984122B78E-LeaderElection207] INFO  impl.LeaderElection (LeaderElection.java:askForVotes(178)) - f26e10ed-fb17-49e6-a903-eadc130d13d1@group-83984122B78E-LeaderElection207: begin an election at term 111 for -1: [4f16e274-8663-4a15-9c4c-c81f650ab979:192.168.157.220:38181, 4cc44201-a597-43af-a4ec-5b1b407a6250:192.168.157.220:36685, f26e10ed-fb17-49e6-a903-eadc130d13d1:192.168.157.220:32806], old=null
2019-10-30 11:52:45,924 [grpc-default-executor-8] INFO  impl.RaftServerImpl (RaftServerImpl.java:setRole(184)) - 4cc44201-a597-43af-a4ec-5b1b407a6250@group-83984122B78E: changes role from  FOLLOWER to FOLLOWER at term 111 for recognizeCandidate:f26e10ed-fb17-49e6-a903-eadc130d13d1
2019-10-30 11:52:45,924 [grpc-default-executor-8] INFO  impl.RoleInfo (RoleInfo.java:shutdownFollowerState(121)) - 4cc44201-a597-43af-a4ec-5b1b407a6250: shutdown FollowerState
2019-10-30 11:52:45,924 [grpc-default-executor-8] INFO  impl.RoleInfo (RoleInfo.java:updateAndGet(143)) - 4cc44201-a597-43af-a4ec-5b1b407a6250: start FollowerState
2019-10-30 11:52:45,924 [grpc-default-executor-1] INFO  impl.RaftServerImpl (RaftServerImpl.java:setRole(184)) - 4f16e274-8663-4a15-9c4c-c81f650ab979@group-83984122B78E: changes role from  FOLLOWER to FOLLOWER at term 111 for recognizeCandidate:f26e10ed-fb17-49e6-a903-eadc130d13d1
2019-10-30 11:52:45,924 [grpc-default-executor-1] INFO  impl.RoleInfo (RoleInfo.java:shutdownFollowerState(121)) - 4f16e274-8663-4a15-9c4c-c81f650ab979: shutdown FollowerState
2019-10-30 11:52:45,924 [Thread-1713] INFO  impl.FollowerState (FollowerState.java:run(117)) - 4cc44201-a597-43af-a4ec-5b1b407a6250@group-83984122B78E-FollowerState was interrupted: java.lang.InterruptedException: sleep interrupted
2019-10-30 11:52:45,924 [Thread-1711] INFO  impl.FollowerState (FollowerState.java:run(117)) - 4f16e274-8663-4a15-9c4c-c81f650ab979@group-83984122B78E-FollowerState was interrupted: java.lang.InterruptedException: sleep interrupted
2019-10-30 11:52:45,924 [grpc-default-executor-1] INFO  impl.RoleInfo (RoleInfo.java:updateAndGet(143)) - 4f16e274-8663-4a15-9c4c-c81f650ab979: start FollowerState
2019-10-30 11:52:45,973 [f26e10ed-fb17-49e6-a903-eadc130d13d1@group-83984122B78E-LeaderElection207] INFO  impl.LeaderElection (LeaderElection.java:logAndReturn(56)) - f26e10ed-fb17-49e6-a903-eadc130d13d1@group-83984122B78E-LeaderElection207: Election REJECTED; received 2 response(s) [f26e10ed-fb17-49e6-a903-eadc130d13d1<-4f16e274-8663-4a15-9c4c-c81f650ab979#0:FAIL-t111, f26e10ed-fb17-49e6-a903-eadc130d13d1<-4cc44201-a597-43af-a4ec-5b1b407a6250#0:FAIL-t111] and 0 exception(s); f26e10ed-fb17-49e6-a903-eadc130d13d1@group-83984122B78E:t111, leader=null, voted=f26e10ed-fb17-49e6-a903-eadc130d13d1, raftlog=f26e10ed-fb17-49e6-a903-eadc130d13d1@group-83984122B78E-SegmentedRaftLog:OPENED:c-1,f-1,i0, conf=-1: [4f16e274-8663-4a15-9c4c-c81f650ab979:192.168.157.220:38181, 4cc44201-a597-43af-a4ec-5b1b407a6250:192.168.157.220:36685, f26e10ed-fb17-49e6-a903-eadc130d13d1:192.168.157.220:32806], old=null
2019-10-30 11:52:45,973 [f26e10ed-fb17-49e6-a903-eadc130d13d1@group-83984122B78E-LeaderElection207] INFO  impl.RaftServerImpl (RaftServerImpl.java:setRole(184)) - f26e10ed-fb17-49e6-a903-eadc130d13d1@group-83984122B78E: changes role from CANDIDATE to FOLLOWER at term 111 for DISCOVERED_A_NEW_TERM
2019-10-30 11:52:45,973 [f26e10ed-fb17-49e6-a903-eadc130d13d1@group-83984122B78E-LeaderElection207] INFO  impl.RoleInfo (RoleInfo.java:shutdownLeaderElection(134)) - f26e10ed-fb17-49e6-a903-eadc130d13d1: shutdown LeaderElection
2019-10-30 11:52:45,973 [f26e10ed-fb17-49e6-a903-eadc130d13d1@group-83984122B78E-LeaderElection207] INFO  impl.RoleInfo (RoleInfo.java:updateAndGet(143)) - f26e10ed-fb17-49e6-a903-eadc130d13d1: start FollowerState
2019-10-30 11:52:46,074 [Thread-1725] INFO  impl.FollowerState (FollowerState.java:run(108)) - 9dbd5372-55c2-4532-b354-9494d3d545d2@group-F367C8FA5986-FollowerState: change to CANDIDATE, lastRpcTime:183ms, electionTimeout:183ms
2019-10-30 11:52:46,074 [Thread-1725] INFO  impl.RoleInfo (RoleInfo.java:shutdownFollowerState(121)) - 9dbd5372-55c2-4532-b354-9494d3d545d2: shutdown FollowerState
2019-10-30 11:52:46,074 [Thread-1725] INFO  impl.RaftServerImpl (RaftServerImpl.java:setRole(184)) - 9dbd5372-55c2-4532-b354-9494d3d545d2@group-F367C8FA5986: changes role from  FOLLOWER to CANDIDATE at term 101 for changeToCandidate
2019-10-30 11:52:46,074 [Thread-1725] INFO  impl.RoleInfo (RoleInfo.java:updateAndGet(143)) - 9dbd5372-55c2-4532-b354-9494d3d545d2: start LeaderElection
2019-10-30 11:52:46,084 [9dbd5372-55c2-4532-b354-9494d3d545d2@group-F367C8FA5986-LeaderElection208] INFO  impl.LeaderElection (LeaderElection.java:askForVotes(178)) - 9dbd5372-55c2-4532-b354-9494d3d545d2@group-F367C8FA5986-LeaderElection208: begin an election at term 102 for -1: [9b3ef6c9-0245-4756-bf80-45d41f7a4453:192.168.157.220:37058, cd11b2f5-3187-4d03-bd60-931991550c17:192.168.157.220:43236, 9dbd5372-55c2-4532-b354-9494d3d545d2:192.168.157.220:42993], old=null
2019-10-30 11:52:46,086 [grpc-default-executor-1] INFO  impl.RaftServerImpl (RaftServerImpl.java:setRole(184)) - cd11b2f5-3187-4d03-bd60-931991550c17@group-F367C8FA5986: changes role from  FOLLOWER to FOLLOWER at term 102 for recognizeCandidate:9dbd5372-55c2-4532-b354-9494d3d545d2
2019-10-30 11:52:46,086 [grpc-default-executor-1] INFO  impl.RoleInfo (RoleInfo.java:shutdownFollowerState(121)) - cd11b2f5-3187-4d03-bd60-931991550c17: shutdown FollowerState
2019-10-30 11:52:46,086 [grpc-default-executor-1] INFO  impl.RoleInfo (RoleInfo.java:updateAndGet(143)) - cd11b2f5-3187-4d03-bd60-931991550c17: start FollowerState
2019-10-30 11:52:46,086 [Thread-1724] INFO  impl.FollowerState (FollowerState.java:run(117)) - cd11b2f5-3187-4d03-bd60-931991550c17@group-F367C8FA5986-FollowerState was interrupted: java.lang.InterruptedException: sleep interrupted
2019-10-30 11:52:46,087 [grpc-default-executor-8] INFO  impl.RaftServerImpl (RaftServerImpl.java:setRole(184)) - 9b3ef6c9-0245-4756-bf80-45d41f7a4453@group-F367C8FA5986: changes role from  FOLLOWER to FOLLOWER at term 102 for recognizeCandidate:9dbd5372-55c2-4532-b354-9494d3d545d2
2019-10-30 11:52:46,087 [grpc-default-executor-8] INFO  impl.RoleInfo (RoleInfo.java:shutdownFollowerState(121)) - 9b3ef6c9-0245-4756-bf80-45d41f7a4453: shutdown FollowerState
2019-10-30 11:52:46,087 [grpc-default-executor-8] INFO  impl.RoleInfo (RoleInfo.java:updateAndGet(143)) - 9b3ef6c9-0245-4756-bf80-45d41f7a4453: start FollowerState
2019-10-30 11:52:46,087 [Thread-1723] INFO  impl.FollowerState (FollowerState.java:run(117)) - 9b3ef6c9-0245-4756-bf80-45d41f7a4453@group-F367C8FA5986-FollowerState was interrupted: java.lang.InterruptedException: sleep interrupted
2019-10-30 11:52:46,098 [9dbd5372-55c2-4532-b354-9494d3d545d2@group-F367C8FA5986-LeaderElection208] INFO  impl.LeaderElection (LeaderElection.java:logAndReturn(56)) - 9dbd5372-55c2-4532-b354-9494d3d545d2@group-F367C8FA5986-LeaderElection208: Election REJECTED; received 2 response(s) [9dbd5372-55c2-4532-b354-9494d3d545d2<-9b3ef6c9-0245-4756-bf80-45d41f7a4453#0:FAIL-t102, 9dbd5372-55c2-4532-b354-9494d3d545d2<-cd11b2f5-3187-4d03-bd60-931991550c17#0:FAIL-t102] and 0 exception(s); 9dbd5372-55c2-4532-b354-9494d3d545d2@group-F367C8FA5986:t102, leader=null, voted=9dbd5372-55c2-4532-b354-9494d3d545d2, raftlog=9dbd5372-55c2-4532-b354-9494d3d545d2@group-F367C8FA5986-SegmentedRaftLog:OPENED:c-1,f-1,i0, conf=-1: [9b3ef6c9-0245-4756-bf80-45d41f7a4453:192.168.157.220:37058, cd11b2f5-3187-4d03-bd60-931991550c17:192.168.157.220:43236, 9dbd5372-55c2-4532-b354-9494d3d545d2:192.168.157.220:42993], old=null
2019-10-30 11:52:46,098 [9dbd5372-55c2-4532-b354-9494d3d545d2@group-F367C8FA5986-LeaderElection208] INFO  impl.RaftServerImpl (RaftServerImpl.java:setRole(184)) - 9dbd5372-55c2-4532-b354-9494d3d545d2@group-F367C8FA5986: changes role from CANDIDATE to FOLLOWER at term 102 for DISCOVERED_A_NEW_TERM
2019-10-30 11:52:46,098 [9dbd5372-55c2-4532-b354-9494d3d545d2@group-F367C8FA5986-LeaderElection208] INFO  impl.RoleInfo (RoleInfo.java:shutdownLeaderElection(134)) - 9dbd5372-55c2-4532-b354-9494d3d545d2: shutdown LeaderElection
2019-10-30 11:52:46,098 [9dbd5372-55c2-4532-b354-9494d3d545d2@group-F367C8FA5986-LeaderElection208] INFO  impl.RoleInfo (RoleInfo.java:updateAndGet(143)) - 9dbd5372-55c2-4532-b354-9494d3d545d2: start FollowerState
2019-10-30 11:52:46,173 [Thread-1732] INFO  impl.FollowerState (FollowerState.java:run(108)) - f26e10ed-fb17-49e6-a903-eadc130d13d1@group-83984122B78E-FollowerState: change to CANDIDATE, lastRpcTime:200ms, electionTimeout:200ms
2019-10-30 11:52:46,174 [Thread-1732] INFO  impl.RoleInfo (RoleInfo.java:shutdownFollowerState(121)) - f26e10ed-fb17-49e6-a903-eadc130d13d1: shutdown FollowerState
2019-10-30 11:52:46,174 [Thread-1732] INFO  impl.RaftServerImpl (RaftServerImpl.java:setRole(184)) - f26e10ed-fb17-49e6-a903-eadc130d13d1@group-83984122B78E: changes role from  FOLLOWER to CANDIDATE at term 111 for changeToCandidate
2019-10-30 11:52:46,174 [Thread-1732] INFO  impl.RoleInfo (RoleInfo.java:updateAndGet(143)) - f26e10ed-fb17-49e6-a903-eadc130d13d1: start LeaderElection
2019-10-30 11:52:46,177 [f26e10ed-fb17-49e6-a903-eadc130d13d1@group-83984122B78E-LeaderElection209] INFO  impl.LeaderElection (LeaderElection.java:askForVotes(178)) - f26e10ed-fb17-49e6-a903-eadc130d13d1@group-83984122B78E-LeaderElection209: begin an election at term 112 for -1: [4f16e274-8663-4a15-9c4c-c81f650ab979:192.168.157.220:38181, 4cc44201-a597-43af-a4ec-5b1b407a6250:192.168.157.220:36685, f26e10ed-fb17-49e6-a903-eadc130d13d1:192.168.157.220:32806], old=null
2019-10-30 11:52:46,179 [grpc-default-executor-8] INFO  impl.RaftServerImpl (RaftServerImpl.java:setRole(184)) - 4f16e274-8663-4a15-9c4c-c81f650ab979@group-83984122B78E: changes role from  FOLLOWER to FOLLOWER at term 112 for recognizeCandidate:f26e10ed-fb17-49e6-a903-eadc130d13d1
2019-10-30 11:52:46,179 [grpc-default-executor-8] INFO  impl.RoleInfo (RoleInfo.java:shutdownFollowerState(121)) - 4f16e274-8663-4a15-9c4c-c81f650ab979: shutdown FollowerState
2019-10-30 11:52:46,179 [grpc-default-executor-1] INFO  impl.RaftServerImpl (RaftServerImpl.java:setRole(184)) - 4cc44201-a597-43af-a4ec-5b1b407a6250@group-83984122B78E: changes role from  FOLLOWER to FOLLOWER at term 112 for recognizeCandidate:f26e10ed-fb17-49e6-a903-eadc130d13d1
2019-10-30 11:52:46,179 [Thread-1730] INFO  impl.FollowerState (FollowerState.java:run(117)) - 4f16e274-8663-4a15-9c4c-c81f650ab979@group-83984122B78E-FollowerState was interrupted: java.lang.InterruptedException: sleep interrupted
2019-10-30 11:52:46,179 [grpc-default-executor-8] INFO  impl.RoleInfo (RoleInfo.java:updateAndGet(143)) - 4f16e274-8663-4a15-9c4c-c81f650ab979: start FollowerState
2019-10-30 11:52:46,179 [grpc-default-executor-1] INFO  impl.RoleInfo (RoleInfo.java:shutdownFollowerState(121)) - 4cc44201-a597-43af-a4ec-5b1b407a6250: shutdown FollowerState
2019-10-30 11:52:46,180 [grpc-default-executor-1] INFO  impl.RoleInfo (RoleInfo.java:updateAndGet(143)) - 4cc44201-a597-43af-a4ec-5b1b407a6250: start FollowerState
2019-10-30 11:52:46,180 [Thread-1729] INFO  impl.FollowerState (FollowerState.java:run(117)) - 4cc44201-a597-43af-a4ec-5b1b407a6250@group-83984122B78E-FollowerState was interrupted: java.lang.InterruptedException: sleep interrupted
2019-10-30 11:52:46,192 [f26e10ed-fb17-49e6-a903-eadc130d13d1@group-83984122B78E-LeaderElection209] INFO  impl.LeaderElection (LeaderElection.java:logAndReturn(56)) - f26e10ed-fb17-49e6-a903-eadc130d13d1@group-83984122B78E-LeaderElection209: Election REJECTED; received 2 response(s) [f26e10ed-fb17-49e6-a903-eadc130d13d1<-4f16e274-8663-4a15-9c4c-c81f650ab979#0:FAIL-t112, f26e10ed-fb17-49e6-a903-eadc130d13d1<-4cc44201-a597-43af-a4ec-5b1b407a6250#0:FAIL-t112] and 0 exception(s); f26e10ed-fb17-49e6-a903-eadc130d13d1@group-83984122B78E:t112, leader=null, voted=f26e10ed-fb17-49e6-a903-eadc130d13d1, raftlog=f26e10ed-fb17-49e6-a903-eadc130d13d1@group-83984122B78E-SegmentedRaftLog:OPENED:c-1,f-1,i0, conf=-1: [4f16e274-8663-4a15-9c4c-c81f650ab979:192.168.157.220:38181, 4cc44201-a597-43af-a4ec-5b1b407a6250:192.168.157.220:36685, f26e10ed-fb17-49e6-a903-eadc130d13d1:192.168.157.220:32806], old=null
2019-10-30 11:52:46,192 [f26e10ed-fb17-49e6-a903-eadc130d13d1@group-83984122B78E-LeaderElection209] INFO  impl.RaftServerImpl (RaftServerImpl.java:setRole(184)) - f26e10ed-fb17-49e6-a903-eadc130d13d1@group-83984122B78E: changes role from CANDIDATE to FOLLOWER at term 112 for DISCOVERED_A_NEW_TERM
2019-10-30 11:52:46,192 [f26e10ed-fb17-49e6-a903-eadc130d13d1@group-83984122B78E-LeaderElection209] INFO  impl.RoleInfo (RoleInfo.java:shutdownLeaderElection(134)) - f26e10ed-fb17-49e6-a903-eadc130d13d1: shutdown LeaderElection
2019-10-30 11:52:46,192 [f26e10ed-fb17-49e6-a903-eadc130d13d1@group-83984122B78E-LeaderElection209] INFO  impl.RoleInfo (RoleInfo.java:updateAndGet(143)) - f26e10ed-fb17-49e6-a903-eadc130d13d1: start FollowerState
2019-10-30 11:52:46,259 [Thread-1739] INFO  impl.FollowerState (FollowerState.java:run(108)) - 9dbd5372-55c2-4532-b354-9494d3d545d2@group-F367C8FA5986-FollowerState: change to CANDIDATE, lastRpcTime:160ms, electionTimeout:160ms
2019-10-30 11:52:46,259 [Thread-1739] INFO  impl.RoleInfo (RoleInfo.java:shutdownFollowerState(121)) - 9dbd5372-55c2-4532-b354-9494d3d545d2: shutdown FollowerState
2019-10-30 11:52:46,259 [Thread-1739] INFO  impl.RaftServerImpl (RaftServerImpl.java:setRole(184)) - 9dbd5372-55c2-4532-b354-9494d3d545d2@group-F367C8FA5986: changes role from  FOLLOWER to CANDIDATE at term 102 for changeToCandidate
2019-10-30 11:52:46,259 [Thread-1739] INFO  impl.RoleInfo (RoleInfo.java:updateAndGet(143)) - 9dbd5372-55c2-4532-b354-9494d3d545d2: start LeaderElection
2019-10-30 11:52:46,273 [9dbd5372-55c2-4532-b354-9494d3d545d2@group-F367C8FA5986-LeaderElection210] INFO  impl.LeaderElection (LeaderElection.java:askForVotes(178)) - 9dbd5372-55c2-4532-b354-9494d3d545d2@group-F367C8FA5986-LeaderElection210: begin an election at term 103 for -1: [9b3ef6c9-0245-4756-bf80-45d41f7a4453:192.168.157.220:37058, cd11b2f5-3187-4d03-bd60-931991550c17:192.168.157.220:43236, 9dbd5372-55c2-4532-b354-9494d3d545d2:192.168.157.220:42993], old=null
2019-10-30 11:52:46,274 [grpc-default-executor-1] INFO  impl.RaftServerImpl (RaftServerImpl.java:setRole(184)) - cd11b2f5-3187-4d03-bd60-931991550c17@group-F367C8FA5986: changes role from  FOLLOWER to FOLLOWER at term 103 for recognizeCandidate:9dbd5372-55c2-4532-b354-9494d3d545d2
2019-10-30 11:52:46,274 [grpc-default-executor-6] INFO  impl.RaftServerImpl (RaftServerImpl.java:setRole(184)) - 9b3ef6c9-0245-4756-bf80-45d41f7a4453@group-F367C8FA5986: changes role from  FOLLOWER to FOLLOWER at term 103 for recognizeCandidate:9dbd5372-55c2-4532-b354-9494d3d545d2
2019-10-30 11:52:46,274 [grpc-default-executor-1] INFO  impl.RoleInfo (RoleInfo.java:shutdownFollowerState(121)) - cd11b2f5-3187-4d03-bd60-931991550c17: shutdown FollowerState
2019-10-30 11:52:46,274 [grpc-default-executor-6] INFO  impl.RoleInfo (RoleInfo.java:shutdownFollowerState(121)) - 9b3ef6c9-0245-4756-bf80-45d41f7a4453: shutdown FollowerState
2019-10-30 11:52:46,274 [Thread-1737] INFO  impl.FollowerState (FollowerState.java:run(117)) - cd11b2f5-3187-4d03-bd60-931991550c17@group-F367C8FA5986-FollowerState was interrupted: java.lang.InterruptedException: sleep interrupted
2019-10-30 11:52:46,274 [grpc-default-executor-1] INFO  impl.RoleInfo (RoleInfo.java:updateAndGet(143)) - cd11b2f5-3187-4d03-bd60-931991550c17: start FollowerState
2019-10-30 11:52:46,274 [Thread-1738] INFO  impl.FollowerState (FollowerState.java:run(117)) - 9b3ef6c9-0245-4756-bf80-45d41f7a4453@group-F367C8FA5986-FollowerState was interrupted: java.lang.InterruptedException: sleep interrupted
2019-10-30 11:52:46,274 [grpc-default-executor-6] INFO  impl.RoleInfo (RoleInfo.java:updateAndGet(143)) - 9b3ef6c9-0245-4756-bf80-45d41f7a4453: start FollowerState
2019-10-30 11:52:46,287 [9dbd5372-55c2-4532-b354-9494d3d545d2@group-F367C8FA5986-LeaderElection210] INFO  impl.LeaderElection (LeaderElection.java:logAndReturn(56)) - 9dbd5372-55c2-4532-b354-9494d3d545d2@group-F367C8FA5986-LeaderElection210: Election REJECTED; received 2 response(s) [9dbd5372-55c2-4532-b354-9494d3d545d2<-9b3ef6c9-0245-4756-bf80-45d41f7a4453#0:FAIL-t103, 9dbd5372-55c2-4532-b354-9494d3d545d2<-cd11b2f5-3187-4d03-bd60-931991550c17#0:FAIL-t103] and 0 exception(s); 9dbd5372-55c2-4532-b354-9494d3d545d2@group-F367C8FA5986:t103, leader=null, voted=9dbd5372-55c2-4532-b354-9494d3d545d2, raftlog=9dbd5372-55c2-4532-b354-9494d3d545d2@group-F367C8FA5986-SegmentedRaftLog:OPENED:c-1,f-1,i0, conf=-1: [9b3ef6c9-0245-4756-bf80-45d41f7a4453:192.168.157.220:37058, cd11b2f5-3187-4d03-bd60-931991550c17:192.168.157.220:43236, 9dbd5372-55c2-4532-b354-9494d3d545d2:192.168.157.220:42993], old=null
2019-10-30 11:52:46,287 [9dbd5372-55c2-4532-b354-9494d3d545d2@group-F367C8FA5986-LeaderElection210] INFO  impl.RaftServerImpl (RaftServerImpl.java:setRole(184)) - 9dbd5372-55c2-4532-b354-9494d3d545d2@group-F367C8FA5986: changes role from CANDIDATE to FOLLOWER at term 103 for DISCOVERED_A_NEW_TERM
2019-10-30 11:52:46,287 [9dbd5372-55c2-4532-b354-9494d3d545d2@group-F367C8FA5986-LeaderElection210] INFO  impl.RoleInfo (RoleInfo.java:shutdownLeaderElection(134)) - 9dbd5372-55c2-4532-b354-9494d3d545d2: shutdown LeaderElection
2019-10-30 11:52:46,288 [9dbd5372-55c2-4532-b354-9494d3d545d2@group-F367C8FA5986-LeaderElection210] INFO  impl.RoleInfo (RoleInfo.java:updateAndGet(143)) - 9dbd5372-55c2-4532-b354-9494d3d545d2: start FollowerState
2019-10-30 11:52:46,391 [Thread-1745] INFO  impl.FollowerState (FollowerState.java:run(108)) - f26e10ed-fb17-49e6-a903-eadc130d13d1@group-83984122B78E-FollowerState: change to CANDIDATE, lastRpcTime:198ms, electionTimeout:198ms
2019-10-30 11:52:46,391 [Thread-1745] INFO  impl.RoleInfo (RoleInfo.java:shutdownFollowerState(121)) - f26e10ed-fb17-49e6-a903-eadc130d13d1: shutdown FollowerState
2019-10-30 11:52:46,391 [Thread-1745] INFO  impl.RaftServerImpl (RaftServerImpl.java:setRole(184)) - f26e10ed-fb17-49e6-a903-eadc130d13d1@group-83984122B78E: changes role from  FOLLOWER to CANDIDATE at term 112 for changeToCandidate
2019-10-30 11:52:46,391 [Thread-1745] INFO  impl.RoleInfo (RoleInfo.java:updateAndGet(143)) - f26e10ed-fb17-49e6-a903-eadc130d13d1: start LeaderElection
2019-10-30 11:52:46,397 [Thread-1753] INFO  impl.FollowerState (FollowerState.java:run(108)) - 9dbd5372-55c2-4532-b354-9494d3d545d2@group-F367C8FA5986-FollowerState: change to CANDIDATE, lastRpcTime:109ms, electionTimeout:109ms
2019-10-30 11:52:46,397 [Thread-1753] INFO  impl.RoleInfo (RoleInfo.java:shutdownFollowerState(121)) - 9dbd5372-55c2-4532-b354-9494d3d545d2: shutdown FollowerState
2019-10-30 11:52:46,397 [Thread-1753] INFO  impl.RaftServerImpl (RaftServerImpl.java:setRole(184)) - 9dbd5372-55c2-4532-b354-9494d3d545d2@group-F367C8FA5986: changes role from  FOLLOWER to CANDIDATE at term 103 for changeToCandidate
2019-10-30 11:52:46,397 [Thread-1753] INFO  impl.RoleInfo (RoleInfo.java:updateAndGet(143)) - 9dbd5372-55c2-4532-b354-9494d3d545d2: start LeaderElection
2019-10-30 11:52:46,407 [f26e10ed-fb17-49e6-a903-eadc130d13d1@group-83984122B78E-LeaderElection211] INFO  impl.LeaderElection (LeaderElection.java:askForVotes(178)) - f26e10ed-fb17-49e6-a903-eadc130d13d1@group-83984122B78E-LeaderElection211: begin an election at term 113 for -1: [4f16e274-8663-4a15-9c4c-c81f650ab979:192.168.157.220:38181, 4cc44201-a597-43af-a4ec-5b1b407a6250:192.168.157.220:36685, f26e10ed-fb17-49e6-a903-eadc130d13d1:192.168.157.220:32806], old=null
2019-10-30 11:52:46,407 [9dbd5372-55c2-4532-b354-9494d3d545d2@group-F367C8FA5986-LeaderElection212] INFO  impl.LeaderElection (LeaderElection.java:askForVotes(178)) - 9dbd5372-55c2-4532-b354-9494d3d545d2@group-F367C8FA5986-LeaderElection212: begin an election at term 104 for -1: [9b3ef6c9-0245-4756-bf80-45d41f7a4453:192.168.157.220:37058, cd11b2f5-3187-4d03-bd60-931991550c17:192.168.157.220:43236, 9dbd5372-55c2-4532-b354-9494d3d545d2:192.168.157.220:42993], old=null
2019-10-30 11:52:46,409 [grpc-default-executor-6] INFO  impl.RaftServerImpl (RaftServerImpl.java:setRole(184)) - 4f16e274-8663-4a15-9c4c-c81f650ab979@group-83984122B78E: changes role from  FOLLOWER to FOLLOWER at term 113 for recognizeCandidate:f26e10ed-fb17-49e6-a903-eadc130d13d1
2019-10-30 11:52:46,409 [grpc-default-executor-6] INFO  impl.RoleInfo (RoleInfo.java:shutdownFollowerState(121)) - 4f16e274-8663-4a15-9c4c-c81f650ab979: shutdown FollowerState
2019-10-30 11:52:46,409 [grpc-default-executor-6] INFO  impl.RoleInfo (RoleInfo.java:updateAndGet(143)) - 4f16e274-8663-4a15-9c4c-c81f650ab979: start FollowerState
2019-10-30 11:52:46,409 [grpc-default-executor-1] INFO  impl.RaftServerImpl (RaftServerImpl.java:setRole(184)) - 9b3ef6c9-0245-4756-bf80-45d41f7a4453@group-F367C8FA5986: changes role from  FOLLOWER to FOLLOWER at term 104 for recognizeCandidate:9dbd5372-55c2-4532-b354-9494d3d545d2
2019-10-30 11:52:46,409 [grpc-default-executor-1] INFO  impl.RoleInfo (RoleInfo.java:shutdownFollowerState(121)) - 9b3ef6c9-0245-4756-bf80-45d41f7a4453: shutdown FollowerState
2019-10-30 11:52:46,410 [Thread-1743] INFO  impl.FollowerState (FollowerState.java:run(117)) - 4f16e274-8663-4a15-9c4c-c81f650ab979@group-83984122B78E-FollowerState was interrupted: java.lang.InterruptedException: sleep interrupted
2019-10-30 11:52:46,409 [grpc-default-executor-8] INFO  impl.RaftServerImpl (RaftServerImpl.java:setRole(184)) - 4cc44201-a597-43af-a4ec-5b1b407a6250@group-83984122B78E: changes role from  FOLLOWER to FOLLOWER at term 113 for recognizeCandidate:f26e10ed-fb17-49e6-a903-eadc130d13d1
2019-10-30 11:52:46,410 [grpc-default-executor-1] INFO  impl.RoleInfo (RoleInfo.java:updateAndGet(143)) - 9b3ef6c9-0245-4756-bf80-45d41f7a4453: start FollowerState
2019-10-30 11:52:46,410 [Thread-1752] INFO  impl.FollowerState (FollowerState.java:run(117)) - 9b3ef6c9-0245-4756-bf80-45d41f7a4453@group-F367C8FA5986-FollowerState was interrupted: java.lang.InterruptedException: sleep interrupted
2019-10-30 11:52:46,410 [grpc-default-executor-8] INFO  impl.RoleInfo (RoleInfo.java:shutdownFollowerState(121)) - 4cc44201-a597-43af-a4ec-5b1b407a6250: shutdown FollowerState
2019-10-30 11:52:46,410 [grpc-default-executor-8] INFO  impl.RoleInfo (RoleInfo.java:updateAndGet(143)) - 4cc44201-a597-43af-a4ec-5b1b407a6250: start FollowerState
2019-10-30 11:52:46,410 [Thread-1744] INFO  impl.FollowerState (FollowerState.java:run(117)) - 4cc44201-a597-43af-a4ec-5b1b407a6250@group-83984122B78E-FollowerState was interrupted: java.lang.InterruptedException: sleep interrupted
2019-10-30 11:52:46,410 [grpc-default-executor-7] INFO  impl.RaftServerImpl (RaftServerImpl.java:setRole(184)) - cd11b2f5-3187-4d03-bd60-931991550c17@group-F367C8FA5986: changes role from  FOLLOWER to FOLLOWER at term 104 for recognizeCandidate:9dbd5372-55c2-4532-b354-9494d3d545d2
2019-10-30 11:52:46,411 [grpc-default-executor-7] INFO  impl.RoleInfo (RoleInfo.java:shutdownFollowerState(121)) - cd11b2f5-3187-4d03-bd60-931991550c17: shutdown FollowerState
2019-10-30 11:52:46,411 [grpc-default-executor-7] INFO  impl.RoleInfo (RoleInfo.java:updateAndGet(143)) - cd11b2f5-3187-4d03-bd60-931991550c17: start FollowerState
2019-10-30 11:52:46,411 [Thread-1751] INFO  impl.FollowerState (FollowerState.java:run(117)) - cd11b2f5-3187-4d03-bd60-931991550c17@group-F367C8FA5986-FollowerState was interrupted: java.lang.InterruptedException: sleep interrupted
2019-10-30 11:52:46,417 [9dbd5372-55c2-4532-b354-9494d3d545d2@group-F367C8FA5986-LeaderElection212] INFO  impl.LeaderElection (LeaderElection.java:logAndReturn(56)) - 9dbd5372-55c2-4532-b354-9494d3d545d2@group-F367C8FA5986-LeaderElection212: Election TIMEOUT; received 0 response(s) [] and 0 exception(s); 9dbd5372-55c2-4532-b354-9494d3d545d2@group-F367C8FA5986:t104, leader=null, voted=9dbd5372-55c2-4532-b354-9494d3d545d2, raftlog=9dbd5372-55c2-4532-b354-9494d3d545d2@group-F367C8FA5986-SegmentedRaftLog:OPENED:c-1,f-1,i0, conf=-1: [9b3ef6c9-0245-4756-bf80-45d41f7a4453:192.168.157.220:37058, cd11b2f5-3187-4d03-bd60-931991550c17:192.168.157.220:43236, 9dbd5372-55c2-4532-b354-9494d3d545d2:192.168.157.220:42993], old=null
2019-10-30 11:52:46,433 [f26e10ed-fb17-49e6-a903-eadc130d13d1@group-83984122B78E-LeaderElection211] INFO  impl.LeaderElection (LeaderElection.java:logAndReturn(56)) - f26e10ed-fb17-49e6-a903-eadc130d13d1@group-83984122B78E-LeaderElection211: Election REJECTED; received 2 response(s) [f26e10ed-fb17-49e6-a903-eadc130d13d1<-4f16e274-8663-4a15-9c4c-c81f650ab979#0:FAIL-t113, f26e10ed-fb17-49e6-a903-eadc130d13d1<-4cc44201-a597-43af-a4ec-5b1b407a6250#0:FAIL-t113] and 0 exception(s); f26e10ed-fb17-49e6-a903-eadc130d13d1@group-83984122B78E:t113, leader=null, voted=f26e10ed-fb17-49e6-a903-eadc130d13d1, raftlog=f26e10ed-fb17-49e6-a903-eadc130d13d1@group-83984122B78E-SegmentedRaftLog:OPENED:c-1,f-1,i0, conf=-1: [4f16e274-8663-4a15-9c4c-c81f650ab979:192.168.157.220:38181, 4cc44201-a597-43af-a4ec-5b1b407a6250:192.168.157.220:36685, f26e10ed-fb17-49e6-a903-eadc130d13d1:192.168.157.220:32806], old=null
2019-10-30 11:52:46,433 [f26e10ed-fb17-49e6-a903-eadc130d13d1@group-83984122B78E-LeaderElection211] INFO  impl.RaftServerImpl (RaftServerImpl.java:setRole(184)) - f26e10ed-fb17-49e6-a903-eadc130d13d1@group-83984122B78E: changes role from CANDIDATE to FOLLOWER at term 113 for DISCOVERED_A_NEW_TERM
2019-10-30 11:52:46,433 [f26e10ed-fb17-49e6-a903-eadc130d13d1@group-83984122B78E-LeaderElection211] INFO  impl.RoleInfo (RoleInfo.java:shutdownLeaderElection(134)) - f26e10ed-fb17-49e6-a903-eadc130d13d1: shutdown LeaderElection
2019-10-30 11:52:46,433 [9dbd5372-55c2-4532-b354-9494d3d545d2@group-F367C8FA5986-LeaderElection212] INFO  impl.LeaderElection (LeaderElection.java:askForVotes(178)) - 9dbd5372-55c2-4532-b354-9494d3d545d2@group-F367C8FA5986-LeaderElection212: begin an election at term 105 for -1: [9b3ef6c9-0245-4756-bf80-45d41f7a4453:192.168.157.220:37058, cd11b2f5-3187-4d03-bd60-931991550c17:192.168.157.220:43236, 9dbd5372-55c2-4532-b354-9494d3d545d2:192.168.157.220:42993], old=null
2019-10-30 11:52:46,433 [f26e10ed-fb17-49e6-a903-eadc130d13d1@group-83984122B78E-LeaderElection211] INFO  impl.RoleInfo (RoleInfo.java:updateAndGet(143)) - f26e10ed-fb17-49e6-a903-eadc130d13d1: start FollowerState
2019-10-30 11:52:46,434 [grpc-default-executor-1] INFO  impl.RaftServerImpl (RaftServerImpl.java:setRole(184)) - cd11b2f5-3187-4d03-bd60-931991550c17@group-F367C8FA5986: changes role from  FOLLOWER to FOLLOWER at term 105 for recognizeCandidate:9dbd5372-55c2-4532-b354-9494d3d545d2
2019-10-30 11:52:46,434 [grpc-default-executor-1] INFO  impl.RoleInfo (RoleInfo.java:shutdownFollowerState(121)) - cd11b2f5-3187-4d03-bd60-931991550c17: shutdown FollowerState
2019-10-30 11:52:46,434 [grpc-default-executor-7] INFO  impl.RaftServerImpl (RaftServerImpl.java:setRole(184)) - 9b3ef6c9-0245-4756-bf80-45d41f7a4453@group-F367C8FA5986: changes role from  FOLLOWER to FOLLOWER at term 105 for recognizeCandidate:9dbd5372-55c2-4532-b354-9494d3d545d2
2019-10-30 11:52:46,435 [grpc-default-executor-7] INFO  impl.RoleInfo (RoleInfo.java:shutdownFollowerState(121)) - 9b3ef6c9-0245-4756-bf80-45d41f7a4453: shutdown FollowerState
2019-10-30 11:52:46,434 [Thread-1763] INFO  impl.FollowerState (FollowerState.java:run(117)) - cd11b2f5-3187-4d03-bd60-931991550c17@group-F367C8FA5986-FollowerState was interrupted: java.lang.InterruptedException: sleep interrupted
2019-10-30 11:52:46,434 [grpc-default-executor-1] INFO  impl.RoleInfo (RoleInfo.java:updateAndGet(143)) - cd11b2f5-3187-4d03-bd60-931991550c17: start FollowerState
2019-10-30 11:52:46,435 [Thread-1761] INFO  impl.FollowerState (FollowerState.java:run(117)) - 9b3ef6c9-0245-4756-bf80-45d41f7a4453@group-F367C8FA5986-FollowerState was interrupted: java.lang.InterruptedException: sleep interrupted
2019-10-30 11:52:46,435 [grpc-default-executor-7] INFO  impl.RoleInfo (RoleInfo.java:updateAndGet(143)) - 9b3ef6c9-0245-4756-bf80-45d41f7a4453: start FollowerState
2019-10-30 11:52:46,448 [9dbd5372-55c2-4532-b354-9494d3d545d2@group-F367C8FA5986-LeaderElection212] INFO  impl.LeaderElection (LeaderElection.java:logAndReturn(56)) - 9dbd5372-55c2-4532-b354-9494d3d545d2@group-F367C8FA5986-LeaderElection212: Election REJECTED; received 2 response(s) [9dbd5372-55c2-4532-b354-9494d3d545d2<-9b3ef6c9-0245-4756-bf80-45d41f7a4453#0:FAIL-t105, 9dbd5372-55c2-4532-b354-9494d3d545d2<-cd11b2f5-3187-4d03-bd60-931991550c17#0:FAIL-t105] and 0 exception(s); 9dbd5372-55c2-4532-b354-9494d3d545d2@group-F367C8FA5986:t105, leader=null, voted=9dbd5372-55c2-4532-b354-9494d3d545d2, raftlog=9dbd5372-55c2-4532-b354-9494d3d545d2@group-F367C8FA5986-SegmentedRaftLog:OPENED:c-1,f-1,i0, conf=-1: [9b3ef6c9-0245-4756-bf80-45d41f7a4453:192.168.157.220:37058, cd11b2f5-3187-4d03-bd60-931991550c17:192.168.157.220:43236, 9dbd5372-55c2-4532-b354-9494d3d545d2:192.168.157.220:42993], old=null
2019-10-30 11:52:46,448 [9dbd5372-55c2-4532-b354-9494d3d545d2@group-F367C8FA5986-LeaderElection212] INFO  impl.RaftServerImpl (RaftServerImpl.java:setRole(184)) - 9dbd5372-55c2-4532-b354-9494d3d545d2@group-F367C8FA5986: changes role from CANDIDATE to FOLLOWER at term 105 for DISCOVERED_A_NEW_TERM
2019-10-30 11:52:46,448 [9dbd5372-55c2-4532-b354-9494d3d545d2@group-F367C8FA5986-LeaderElection212] INFO  impl.RoleInfo (RoleInfo.java:shutdownLeaderElection(134)) - 9dbd5372-55c2-4532-b354-9494d3d545d2: shutdown LeaderElection
2019-10-30 11:52:46,448 [9dbd5372-55c2-4532-b354-9494d3d545d2@group-F367C8FA5986-LeaderElection212] INFO  impl.RoleInfo (RoleInfo.java:updateAndGet(143)) - 9dbd5372-55c2-4532-b354-9494d3d545d2: start FollowerState
2019-10-30 11:52:46,608 [Thread-1764] INFO  impl.FollowerState (FollowerState.java:run(108)) - f26e10ed-fb17-49e6-a903-eadc130d13d1@group-83984122B78E-FollowerState: change to CANDIDATE, lastRpcTime:174ms, electionTimeout:174ms
2019-10-30 11:52:46,608 [Thread-1764] INFO  impl.RoleInfo (RoleInfo.java:shutdownFollowerState(121)) - f26e10ed-fb17-49e6-a903-eadc130d13d1: shutdown FollowerState
2019-10-30 11:52:46,608 [Thread-1764] INFO  impl.RaftServerImpl (RaftServerImpl.java:setRole(184)) - f26e10ed-fb17-49e6-a903-eadc130d13d1@group-83984122B78E: changes role from  FOLLOWER to CANDIDATE at term 113 for changeToCandidate
2019-10-30 11:52:46,608 [Thread-1764] INFO  impl.RoleInfo (RoleInfo.java:updateAndGet(143)) - f26e10ed-fb17-49e6-a903-eadc130d13d1: start LeaderElection
2019-10-30 11:52:46,617 [f26e10ed-fb17-49e6-a903-eadc130d13d1@group-83984122B78E-LeaderElection213] INFO  impl.LeaderElection (LeaderElection.java:askForVotes(178)) - f26e10ed-fb17-49e6-a903-eadc130d13d1@group-83984122B78E-LeaderElection213: begin an election at term 114 for -1: [4f16e274-8663-4a15-9c4c-c81f650ab979:192.168.157.220:38181, 4cc44201-a597-43af-a4ec-5b1b407a6250:192.168.157.220:36685, f26e10ed-fb17-49e6-a903-eadc130d13d1:192.168.157.220:32806], old=null
2019-10-30 11:52:46,619 [grpc-default-executor-7] INFO  impl.RaftServerImpl (RaftServerImpl.java:setRole(184)) - 4f16e274-8663-4a15-9c4c-c81f650ab979@group-83984122B78E: changes role from  FOLLOWER to FOLLOWER at term 114 for recognizeCandidate:f26e10ed-fb17-49e6-a903-eadc130d13d1
2019-10-30 11:52:46,619 [grpc-default-executor-1] INFO  impl.RaftServerImpl (RaftServerImpl.java:setRole(184)) - 4cc44201-a597-43af-a4ec-5b1b407a6250@group-83984122B78E: changes role from  FOLLOWER to FOLLOWER at term 114 for recognizeCandidate:f26e10ed-fb17-49e6-a903-eadc130d13d1
2019-10-30 11:52:46,620 [grpc-default-executor-7] INFO  impl.RoleInfo (RoleInfo.java:shutdownFollowerState(121)) - 4f16e274-8663-4a15-9c4c-c81f650ab979: shutdown FollowerState
2019-10-30 11:52:46,620 [grpc-default-executor-1] INFO  impl.RoleInfo (RoleInfo.java:shutdownFollowerState(121)) - 4cc44201-a597-43af-a4ec-5b1b407a6250: shutdown FollowerState
2019-10-30 11:52:46,620 [Thread-1762] INFO  impl.FollowerState (FollowerState.java:run(117)) - 4cc44201-a597-43af-a4ec-5b1b407a6250@group-83984122B78E-FollowerState was interrupted: java.lang.InterruptedException: sleep interrupted
2019-10-30 11:52:46,620 [Thread-1760] INFO  impl.FollowerState (FollowerState.java:run(117)) - 4f16e274-8663-4a15-9c4c-c81f650ab979@group-83984122B78E-FollowerState was interrupted: java.lang.InterruptedException: sleep interrupted
2019-10-30 11:52:46,620 [grpc-default-executor-7] INFO  impl.RoleInfo (RoleInfo.java:updateAndGet(143)) - 4f16e274-8663-4a15-9c4c-c81f650ab979: start FollowerState
2019-10-30 11:52:46,620 [grpc-default-executor-1] INFO  impl.RoleInfo (RoleInfo.java:updateAndGet(143)) - 4cc44201-a597-43af-a4ec-5b1b407a6250: start FollowerState
2019-10-30 11:52:46,635 [f26e10ed-fb17-49e6-a903-eadc130d13d1@group-83984122B78E-LeaderElection213] INFO  impl.LeaderElection (LeaderElection.java:logAndReturn(56)) - f26e10ed-fb17-49e6-a903-eadc130d13d1@group-83984122B78E-LeaderElection213: Election REJECTED; received 2 response(s) [f26e10ed-fb17-49e6-a903-eadc130d13d1<-4f16e274-8663-4a15-9c4c-c81f650ab979#0:FAIL-t114, f26e10ed-fb17-49e6-a903-eadc130d13d1<-4cc44201-a597-43af-a4ec-5b1b407a6250#0:FAIL-t114] and 0 exception(s); f26e10ed-fb17-49e6-a903-eadc130d13d1@group-83984122B78E:t114, leader=null, voted=f26e10ed-fb17-49e6-a903-eadc130d13d1, raftlog=f26e10ed-fb17-49e6-a903-eadc130d13d1@group-83984122B78E-SegmentedRaftLog:OPENED:c-1,f-1,i0, conf=-1: [4f16e274-8663-4a15-9c4c-c81f650ab979:192.168.157.220:38181, 4cc44201-a597-43af-a4ec-5b1b407a6250:192.168.157.220:36685, f26e10ed-fb17-49e6-a903-eadc130d13d1:192.168.157.220:32806], old=null
2019-10-30 11:52:46,635 [f26e10ed-fb17-49e6-a903-eadc130d13d1@group-83984122B78E-LeaderElection213] INFO  impl.RaftServerImpl (RaftServerImpl.java:setRole(184)) - f26e10ed-fb17-49e6-a903-eadc130d13d1@group-83984122B78E: changes role from CANDIDATE to FOLLOWER at term 114 for DISCOVERED_A_NEW_TERM
2019-10-30 11:52:46,635 [f26e10ed-fb17-49e6-a903-eadc130d13d1@group-83984122B78E-LeaderElection213] INFO  impl.RoleInfo (RoleInfo.java:shutdownLeaderElection(134)) - f26e10ed-fb17-49e6-a903-eadc130d13d1: shutdown LeaderElection
2019-10-30 11:52:46,636 [f26e10ed-fb17-49e6-a903-eadc130d13d1@group-83984122B78E-LeaderElection213] INFO  impl.RoleInfo (RoleInfo.java:updateAndGet(143)) - f26e10ed-fb17-49e6-a903-eadc130d13d1: start FollowerState
2019-10-30 11:52:46,646 [Thread-1769] INFO  impl.FollowerState (FollowerState.java:run(108)) - 9dbd5372-55c2-4532-b354-9494d3d545d2@group-F367C8FA5986-FollowerState: change to CANDIDATE, lastRpcTime:198ms, electionTimeout:198ms
2019-10-30 11:52:46,647 [Thread-1769] INFO  impl.RoleInfo (RoleInfo.java:shutdownFollowerState(121)) - 9dbd5372-55c2-4532-b354-9494d3d545d2: shutdown FollowerState
2019-10-30 11:52:46,647 [Thread-1769] INFO  impl.RaftServerImpl (RaftServerImpl.java:setRole(184)) - 9dbd5372-55c2-4532-b354-9494d3d545d2@group-F367C8FA5986: changes role from  FOLLOWER to CANDIDATE at term 105 for changeToCandidate
2019-10-30 11:52:46,647 [Thread-1769] INFO  impl.RoleInfo (RoleInfo.java:updateAndGet(143)) - 9dbd5372-55c2-4532-b354-9494d3d545d2: start LeaderElection
2019-10-30 11:52:46,652 [9dbd5372-55c2-4532-b354-9494d3d545d2@group-F367C8FA5986-LeaderElection214] INFO  impl.LeaderElection (LeaderElection.java:askForVotes(178)) - 9dbd5372-55c2-4532-b354-9494d3d545d2@group-F367C8FA5986-LeaderElection214: begin an election at term 106 for -1: [9b3ef6c9-0245-4756-bf80-45d41f7a4453:192.168.157.220:37058, cd11b2f5-3187-4d03-bd60-931991550c17:192.168.157.220:43236, 9dbd5372-55c2-4532-b354-9494d3d545d2:192.168.157.220:42993], old=null
2019-10-30 11:52:46,653 [grpc-default-executor-7] INFO  impl.RaftServerImpl (RaftServerImpl.java:setRole(184)) - 9b3ef6c9-0245-4756-bf80-45d41f7a4453@group-F367C8FA5986: changes role from  FOLLOWER to FOLLOWER at term 106 for recognizeCandidate:9dbd5372-55c2-4532-b354-9494d3d545d2
2019-10-30 11:52:46,653 [grpc-default-executor-7] INFO  impl.RoleInfo (RoleInfo.java:shutdownFollowerState(121)) - 9b3ef6c9-0245-4756-bf80-45d41f7a4453: shutdown FollowerState
2019-10-30 11:52:46,653 [grpc-default-executor-1] INFO  impl.RaftServerImpl (RaftServerImpl.java:setRole(184)) - cd11b2f5-3187-4d03-bd60-931991550c17@group-F367C8FA5986: changes role from  FOLLOWER to FOLLOWER at term 106 for recognizeCandidate:9dbd5372-55c2-4532-b354-9494d3d545d2
2019-10-30 11:52:46,654 [grpc-default-executor-7] INFO  impl.RoleInfo (RoleInfo.java:updateAndGet(143)) - 9b3ef6c9-0245-4756-bf80-45d41f7a4453: start FollowerState
2019-10-30 11:52:46,654 [Thread-1768] INFO  impl.FollowerState (FollowerState.java:run(117)) - 9b3ef6c9-0245-4756-bf80-45d41f7a4453@group-F367C8FA5986-FollowerState was interrupted: java.lang.InterruptedException: sleep interrupted
2019-10-30 11:52:46,654 [grpc-default-executor-1] INFO  impl.RoleInfo (RoleInfo.java:shutdownFollowerState(121)) - cd11b2f5-3187-4d03-bd60-931991550c17: shutdown FollowerState
2019-10-30 11:52:46,654 [grpc-default-executor-1] INFO  impl.RoleInfo (RoleInfo.java:updateAndGet(143)) - cd11b2f5-3187-4d03-bd60-931991550c17: start FollowerState
2019-10-30 11:52:46,654 [Thread-1767] INFO  impl.FollowerState (FollowerState.java:run(117)) - cd11b2f5-3187-4d03-bd60-931991550c17@group-F367C8FA5986-FollowerState was interrupted: java.lang.InterruptedException: sleep interrupted
2019-10-30 11:52:46,660 [9dbd5372-55c2-4532-b354-9494d3d545d2@group-F367C8FA5986-LeaderElection214] INFO  impl.LeaderElection (LeaderElection.java:logAndReturn(56)) - 9dbd5372-55c2-4532-b354-9494d3d545d2@group-F367C8FA5986-LeaderElection214: Election REJECTED; received 2 response(s) [9dbd5372-55c2-4532-b354-9494d3d545d2<-9b3ef6c9-0245-4756-bf80-45d41f7a4453#0:FAIL-t106, 9dbd5372-55c2-4532-b354-9494d3d545d2<-cd11b2f5-3187-4d03-bd60-931991550c17#0:FAIL-t106] and 0 exception(s); 9dbd5372-55c2-4532-b354-9494d3d545d2@group-F367C8FA5986:t106, leader=null, voted=9dbd5372-55c2-4532-b354-9494d3d545d2, raftlog=9dbd5372-55c2-4532-b354-9494d3d545d2@group-F367C8FA5986-SegmentedRaftLog:OPENED:c-1,f-1,i0, conf=-1: [9b3ef6c9-0245-4756-bf80-45d41f7a4453:192.168.157.220:37058, cd11b2f5-3187-4d03-bd60-931991550c17:192.168.157.220:43236, 9dbd5372-55c2-4532-b354-9494d3d545d2:192.168.157.220:42993], old=null
2019-10-30 11:52:46,661 [9dbd5372-55c2-4532-b354-9494d3d545d2@group-F367C8FA5986-LeaderElection214] INFO  impl.RaftServerImpl (RaftServerImpl.java:setRole(184)) - 9dbd5372-55c2-4532-b354-9494d3d545d2@group-F367C8FA5986: changes role from CANDIDATE to FOLLOWER at term 106 for DISCOVERED_A_NEW_TERM
2019-10-30 11:52:46,661 [9dbd5372-55c2-4532-b354-9494d3d545d2@group-F367C8FA5986-LeaderElection214] INFO  impl.RoleInfo (RoleInfo.java:shutdownLeaderElection(134)) - 9dbd5372-55c2-4532-b354-9494d3d545d2: shutdown LeaderElection
2019-10-30 11:52:46,661 [9dbd5372-55c2-4532-b354-9494d3d545d2@group-F367C8FA5986-LeaderElection214] INFO  impl.RoleInfo (RoleInfo.java:updateAndGet(143)) - 9dbd5372-55c2-4532-b354-9494d3d545d2: start FollowerState
2019-10-30 11:52:46,779 [Thread-1783] INFO  impl.FollowerState (FollowerState.java:run(108)) - 9dbd5372-55c2-4532-b354-9494d3d545d2@group-F367C8FA5986-FollowerState: change to CANDIDATE, lastRpcTime:118ms, electionTimeout:118ms
2019-10-30 11:52:46,779 [Thread-1783] INFO  impl.RoleInfo (RoleInfo.java:shutdownFollowerState(121)) - 9dbd5372-55c2-4532-b354-9494d3d545d2: shutdown FollowerState
2019-10-30 11:52:46,779 [Thread-1783] INFO  impl.RaftServerImpl (RaftServerImpl.java:setRole(184)) - 9dbd5372-55c2-4532-b354-9494d3d545d2@group-F367C8FA5986: changes role from  FOLLOWER to CANDIDATE at term 106 for changeToCandidate
2019-10-30 11:52:46,780 [Thread-1783] INFO  impl.RoleInfo (RoleInfo.java:updateAndGet(143)) - 9dbd5372-55c2-4532-b354-9494d3d545d2: start LeaderElection
2019-10-30 11:52:46,816 [9dbd5372-55c2-4532-b354-9494d3d545d2@group-F367C8FA5986-LeaderElection215] INFO  impl.LeaderElection (LeaderElection.java:askForVotes(178)) - 9dbd5372-55c2-4532-b354-9494d3d545d2@group-F367C8FA5986-LeaderElection215: begin an election at term 107 for -1: [9b3ef6c9-0245-4756-bf80-45d41f7a4453:192.168.157.220:37058, cd11b2f5-3187-4d03-bd60-931991550c17:192.168.157.220:43236, 9dbd5372-55c2-4532-b354-9494d3d545d2:192.168.157.220:42993], old=null
2019-10-30 11:52:46,818 [grpc-default-executor-1] INFO  impl.RaftServerImpl (RaftServerImpl.java:setRole(184)) - cd11b2f5-3187-4d03-bd60-931991550c17@group-F367C8FA5986: changes role from  FOLLOWER to FOLLOWER at term 107 for recognizeCandidate:9dbd5372-55c2-4532-b354-9494d3d545d2
2019-10-30 11:52:46,818 [grpc-default-executor-7] INFO  impl.RaftServerImpl (RaftServerImpl.java:setRole(184)) - 9b3ef6c9-0245-4756-bf80-45d41f7a4453@group-F367C8FA5986: changes role from  FOLLOWER to FOLLOWER at term 107 for recognizeCandidate:9dbd5372-55c2-4532-b354-9494d3d545d2
2019-10-30 11:52:46,819 [grpc-default-executor-7] INFO  impl.RoleInfo (RoleInfo.java:shutdownFollowerState(121)) - 9b3ef6c9-0245-4756-bf80-45d41f7a4453: shutdown FollowerState
2019-10-30 11:52:46,818 [grpc-default-executor-1] INFO  impl.RoleInfo (RoleInfo.java:shutdownFollowerState(121)) - cd11b2f5-3187-4d03-bd60-931991550c17: shutdown FollowerState
2019-10-30 11:52:46,819 [grpc-default-executor-7] INFO  impl.RoleInfo (RoleInfo.java:updateAndGet(143)) - 9b3ef6c9-0245-4756-bf80-45d41f7a4453: start FollowerState
2019-10-30 11:52:46,819 [Thread-1781] INFO  impl.FollowerState (FollowerState.java:run(117)) - 9b3ef6c9-0245-4756-bf80-45d41f7a4453@group-F367C8FA5986-FollowerState was interrupted: java.lang.InterruptedException: sleep interrupted
2019-10-30 11:52:46,819 [Thread-1777] INFO  impl.FollowerState (FollowerState.java:run(108)) - f26e10ed-fb17-49e6-a903-eadc130d13d1@group-83984122B78E-FollowerState: change to CANDIDATE, lastRpcTime:183ms, electionTimeout:183ms
2019-10-30 11:52:46,819 [grpc-default-executor-1] INFO  impl.RoleInfo (RoleInfo.java:updateAndGet(143)) - cd11b2f5-3187-4d03-bd60-931991550c17: start FollowerState
2019-10-30 11:52:46,819 [Thread-1782] INFO  impl.FollowerState (FollowerState.java:run(117)) - cd11b2f5-3187-4d03-bd60-931991550c17@group-F367C8FA5986-FollowerState was interrupted: java.lang.InterruptedException: sleep interrupted
2019-10-30 11:52:46,820 [Thread-1777] INFO  impl.RoleInfo (RoleInfo.java:shutdownFollowerState(121)) - f26e10ed-fb17-49e6-a903-eadc130d13d1: shutdown FollowerState
2019-10-30 11:52:46,820 [9dbd5372-55c2-4532-b354-9494d3d545d2@group-F367C8FA5986-LeaderElection215] INFO  impl.LeaderElection (LeaderElection.java:logAndReturn(56)) - 9dbd5372-55c2-4532-b354-9494d3d545d2@group-F367C8FA5986-LeaderElection215: Election TIMEOUT; received 0 response(s) [] and 0 exception(s); 9dbd5372-55c2-4532-b354-9494d3d545d2@group-F367C8FA5986:t107, leader=null, voted=9dbd5372-55c2-4532-b354-9494d3d545d2, raftlog=9dbd5372-55c2-4532-b354-9494d3d545d2@group-F367C8FA5986-SegmentedRaftLog:OPENED:c-1,f-1,i0, conf=-1: [9b3ef6c9-0245-4756-bf80-45d41f7a4453:192.168.157.220:37058, cd11b2f5-3187-4d03-bd60-931991550c17:192.168.157.220:43236, 9dbd5372-55c2-4532-b354-9494d3d545d2:192.168.157.220:42993], old=null
2019-10-30 11:52:46,820 [Thread-1777] INFO  impl.RaftServerImpl (RaftServerImpl.java:setRole(184)) - f26e10ed-fb17-49e6-a903-eadc130d13d1@group-83984122B78E: changes role from  FOLLOWER to CANDIDATE at term 114 for changeToCandidate
2019-10-30 11:52:46,820 [Thread-1777] INFO  impl.RoleInfo (RoleInfo.java:updateAndGet(143)) - f26e10ed-fb17-49e6-a903-eadc130d13d1: start LeaderElection
2019-10-30 11:52:46,838 [9dbd5372-55c2-4532-b354-9494d3d545d2@group-F367C8FA5986-LeaderElection215] INFO  impl.LeaderElection (LeaderElection.java:askForVotes(178)) - 9dbd5372-55c2-4532-b354-9494d3d545d2@group-F367C8FA5986-LeaderElection215: begin an election at term 108 for -1: [9b3ef6c9-0245-4756-bf80-45d41f7a4453:192.168.157.220:37058, cd11b2f5-3187-4d03-bd60-931991550c17:192.168.157.220:43236, 9dbd5372-55c2-4532-b354-9494d3d545d2:192.168.157.220:42993], old=null
2019-10-30 11:52:46,838 [f26e10ed-fb17-49e6-a903-eadc130d13d1@group-83984122B78E-LeaderElection216] INFO  impl.LeaderElection (LeaderElection.java:askForVotes(178)) - f26e10ed-fb17-49e6-a903-eadc130d13d1@group-83984122B78E-LeaderElection216: begin an election at term 115 for -1: [4f16e274-8663-4a15-9c4c-c81f650ab979:192.168.157.220:38181, 4cc44201-a597-43af-a4ec-5b1b407a6250:192.168.157.220:36685, f26e10ed-fb17-49e6-a903-eadc130d13d1:192.168.157.220:32806], old=null
2019-10-30 11:52:46,840 [grpc-default-executor-1] INFO  impl.RaftServerImpl (RaftServerImpl.java:setRole(184)) - 9b3ef6c9-0245-4756-bf80-45d41f7a4453@group-F367C8FA5986: changes role from  FOLLOWER to FOLLOWER at term 108 for recognizeCandidate:9dbd5372-55c2-4532-b354-9494d3d545d2
2019-10-30 11:52:46,840 [grpc-default-executor-7] INFO  impl.RaftServerImpl (RaftServerImpl.java:setRole(184)) - 4cc44201-a597-43af-a4ec-5b1b407a6250@group-83984122B78E: changes role from  FOLLOWER to FOLLOWER at term 115 for recognizeCandidate:f26e10ed-fb17-49e6-a903-eadc130d13d1
2019-10-30 11:52:46,840 [grpc-default-executor-8] INFO  impl.RaftServerImpl (RaftServerImpl.java:setRole(184)) - 4f16e274-8663-4a15-9c4c-c81f650ab979@group-83984122B78E: changes role from  FOLLOWER to FOLLOWER at term 115 for recognizeCandidate:f26e10ed-fb17-49e6-a903-eadc130d13d1
2019-10-30 11:52:46,840 [grpc-default-executor-8] INFO  impl.RoleInfo (RoleInfo.java:shutdownFollowerState(121)) - 4f16e274-8663-4a15-9c4c-c81f650ab979: shutdown FollowerState
2019-10-30 11:52:46,840 [grpc-default-executor-1] INFO  impl.RoleInfo (RoleInfo.java:shutdownFollowerState(121)) - 9b3ef6c9-0245-4756-bf80-45d41f7a4453: shutdown FollowerState
2019-10-30 11:52:46,841 [Thread-1775] INFO  impl.FollowerState (FollowerState.java:run(117)) - 4f16e274-8663-4a15-9c4c-c81f650ab979@group-83984122B78E-FollowerState was interrupted: java.lang.InterruptedException: sleep interrupted
2019-10-30 11:52:46,841 [grpc-default-executor-8] INFO  impl.RoleInfo (RoleInfo.java:updateAndGet(143)) - 4f16e274-8663-4a15-9c4c-c81f650ab979: start FollowerState
2019-10-30 11:52:46,840 [grpc-default-executor-7] INFO  impl.RoleInfo (RoleInfo.java:shutdownFollowerState(121)) - 4cc44201-a597-43af-a4ec-5b1b407a6250: shutdown FollowerState
2019-10-30 11:52:46,841 [grpc-default-executor-6] INFO  impl.RaftServerImpl (RaftServerImpl.java:setRole(184)) - cd11b2f5-3187-4d03-bd60-931991550c17@group-F367C8FA5986: changes role from  FOLLOWER to FOLLOWER at term 108 for recognizeCandidate:9dbd5372-55c2-4532-b354-9494d3d545d2
2019-10-30 11:52:46,841 [Thread-1787] INFO  impl.FollowerState (FollowerState.java:run(117)) - 9b3ef6c9-0245-4756-bf80-45d41f7a4453@group-F367C8FA5986-FollowerState was interrupted: java.lang.InterruptedException: sleep interrupted
2019-10-30 11:52:46,841 [Thread-1776] INFO  impl.FollowerState (FollowerState.java:run(117)) - 4cc44201-a597-43af-a4ec-5b1b407a6250@group-83984122B78E-FollowerState was interrupted: java.lang.InterruptedException: sleep interrupted
2019-10-30 11:52:46,841 [grpc-default-executor-1] INFO  impl.RoleInfo (RoleInfo.java:updateAndGet(143)) - 9b3ef6c9-0245-4756-bf80-45d41f7a4453: start FollowerState
2019-10-30 11:52:46,841 [grpc-default-executor-6] INFO  impl.RoleInfo (RoleInfo.java:shutdownFollowerState(121)) - cd11b2f5-3187-4d03-bd60-931991550c17: shutdown FollowerState
2019-10-30 11:52:46,841 [grpc-default-executor-7] INFO  impl.RoleInfo (RoleInfo.java:updateAndGet(143)) - 4cc44201-a597-43af-a4ec-5b1b407a6250: start FollowerState
2019-10-30 11:52:46,842 [Thread-1788] INFO  impl.FollowerState (FollowerState.java:run(117)) - cd11b2f5-3187-4d03-bd60-931991550c17@group-F367C8FA5986-FollowerState was interrupted: java.lang.InterruptedException: sleep interrupted
2019-10-30 11:52:46,842 [grpc-default-executor-6] INFO  impl.RoleInfo (RoleInfo.java:updateAndGet(143)) - cd11b2f5-3187-4d03-bd60-931991550c17: start FollowerState
2019-10-30 11:52:46,853 [f26e10ed-fb17-49e6-a903-eadc130d13d1@group-83984122B78E-LeaderElection216] INFO  impl.LeaderElection (LeaderElection.java:logAndReturn(56)) - f26e10ed-fb17-49e6-a903-eadc130d13d1@group-83984122B78E-LeaderElection216: Election REJECTED; received 2 response(s) [f26e10ed-fb17-49e6-a903-eadc130d13d1<-4f16e274-8663-4a15-9c4c-c81f650ab979#0:FAIL-t115, f26e10ed-fb17-49e6-a903-eadc130d13d1<-4cc44201-a597-43af-a4ec-5b1b407a6250#0:FAIL-t115] and 0 exception(s); f26e10ed-fb17-49e6-a903-eadc130d13d1@group-83984122B78E:t115, leader=null, voted=f26e10ed-fb17-49e6-a903-eadc130d13d1, raftlog=f26e10ed-fb17-49e6-a903-eadc130d13d1@group-83984122B78E-SegmentedRaftLog:OPENED:c-1,f-1,i0, conf=-1: [4f16e274-8663-4a15-9c4c-c81f650ab979:192.168.157.220:38181, 4cc44201-a597-43af-a4ec-5b1b407a6250:192.168.157.220:36685, f26e10ed-fb17-49e6-a903-eadc130d13d1:192.168.157.220:32806], old=null
2019-10-30 11:52:47,038 [9dbd5372-55c2-4532-b354-9494d3d545d2@group-F367C8FA5986-LeaderElection215] INFO  impl.LeaderElection (LeaderElection.java:logAndReturn(56)) - 9dbd5372-55c2-4532-b354-9494d3d545d2@group-F367C8FA5986-LeaderElection215: Election TIMEOUT; received 1 response(s) [9dbd5372-55c2-4532-b354-9494d3d545d2<-cd11b2f5-3187-4d03-bd60-931991550c17#0:FAIL-t108] and 0 exception(s); 9dbd5372-55c2-4532-b354-9494d3d545d2@group-F367C8FA5986:t108, leader=null, voted=9dbd5372-55c2-4532-b354-9494d3d545d2, raftlog=9dbd5372-55c2-4532-b354-9494d3d545d2@group-F367C8FA5986-SegmentedRaftLog:OPENED:c-1,f-1,i0, conf=-1: [9b3ef6c9-0245-4756-bf80-45d41f7a4453:192.168.157.220:37058, cd11b2f5-3187-4d03-bd60-931991550c17:192.168.157.220:43236, 9dbd5372-55c2-4532-b354-9494d3d545d2:192.168.157.220:42993], old=null
2019-10-30 11:52:47,039 [f26e10ed-fb17-49e6-a903-eadc130d13d1@group-83984122B78E-LeaderElection216] INFO  impl.RaftServerImpl (RaftServerImpl.java:setRole(184)) - f26e10ed-fb17-49e6-a903-eadc130d13d1@group-83984122B78E: changes role from CANDIDATE to FOLLOWER at term 115 for DISCOVERED_A_NEW_TERM
2019-10-30 11:52:47,039 [f26e10ed-fb17-49e6-a903-eadc130d13d1@group-83984122B78E-LeaderElection216] INFO  impl.RoleInfo (RoleInfo.java:shutdownLeaderElection(134)) - f26e10ed-fb17-49e6-a903-eadc130d13d1: shutdown LeaderElection
2019-10-30 11:52:47,039 [f26e10ed-fb17-49e6-a903-eadc130d13d1@group-83984122B78E-LeaderElection216] INFO  impl.RoleInfo (RoleInfo.java:updateAndGet(143)) - f26e10ed-fb17-49e6-a903-eadc130d13d1: start FollowerState
2019-10-30 11:52:47,053 [9dbd5372-55c2-4532-b354-9494d3d545d2@group-F367C8FA5986-LeaderElection215] INFO  impl.LeaderElection (LeaderElection.java:askForVotes(178)) - 9dbd5372-55c2-4532-b354-9494d3d545d2@group-F367C8FA5986-LeaderElection215: begin an election at term 109 for -1: [9b3ef6c9-0245-4756-bf80-45d41f7a4453:192.168.157.220:37058, cd11b2f5-3187-4d03-bd60-931991550c17:192.168.157.220:43236, 9dbd5372-55c2-4532-b354-9494d3d545d2:192.168.157.220:42993], old=null
2019-10-30 11:52:47,055 [grpc-default-executor-6] INFO  impl.RaftServerImpl (RaftServerImpl.java:setRole(184)) - 9b3ef6c9-0245-4756-bf80-45d41f7a4453@group-F367C8FA5986: changes role from  FOLLOWER to FOLLOWER at term 109 for recognizeCandidate:9dbd5372-55c2-4532-b354-9494d3d545d2
2019-10-30 11:52:47,055 [grpc-default-executor-6] INFO  impl.RoleInfo (RoleInfo.java:shutdownFollowerState(121)) - 9b3ef6c9-0245-4756-bf80-45d41f7a4453: shutdown FollowerState
2019-10-30 11:52:47,055 [grpc-default-executor-6] INFO  impl.RoleInfo (RoleInfo.java:updateAndGet(143)) - 9b3ef6c9-0245-4756-bf80-45d41f7a4453: start FollowerState
2019-10-30 11:52:47,055 [grpc-default-executor-7] INFO  impl.RaftServerImpl (RaftServerImpl.java:setRole(184)) - cd11b2f5-3187-4d03-bd60-931991550c17@group-F367C8FA5986: changes role from  FOLLOWER to FOLLOWER at term 109 for recognizeCandidate:9dbd5372-55c2-4532-b354-9494d3d545d2
2019-10-30 11:52:47,055 [Thread-1795] INFO  impl.FollowerState (FollowerState.java:run(117)) - 9b3ef6c9-0245-4756-bf80-45d41f7a4453@group-F367C8FA5986-FollowerState was interrupted: java.lang.InterruptedException: sleep interrupted
2019-10-30 11:52:47,055 [grpc-default-executor-7] INFO  impl.RoleInfo (RoleInfo.java:shutdownFollowerState(121)) - cd11b2f5-3187-4d03-bd60-931991550c17: shutdown FollowerState
2019-10-30 11:52:47,056 [grpc-default-executor-7] INFO  impl.RoleInfo (RoleInfo.java:updateAndGet(143)) - cd11b2f5-3187-4d03-bd60-931991550c17: start FollowerState
2019-10-30 11:52:47,056 [Thread-1797] INFO  impl.FollowerState (FollowerState.java:run(117)) - cd11b2f5-3187-4d03-bd60-931991550c17@group-F367C8FA5986-FollowerState was interrupted: java.lang.InterruptedException: sleep interrupted
2019-10-30 11:52:47,063 [9dbd5372-55c2-4532-b354-9494d3d545d2@group-F367C8FA5986-LeaderElection215] INFO  impl.LeaderElection (LeaderElection.java:logAndReturn(56)) - 9dbd5372-55c2-4532-b354-9494d3d545d2@group-F367C8FA5986-LeaderElection215: Election REJECTED; received 2 response(s) [9dbd5372-55c2-4532-b354-9494d3d545d2<-9b3ef6c9-0245-4756-bf80-45d41f7a4453#0:FAIL-t109, 9dbd5372-55c2-4532-b354-9494d3d545d2<-cd11b2f5-3187-4d03-bd60-931991550c17#0:FAIL-t109] and 0 exception(s); 9dbd5372-55c2-4532-b354-9494d3d545d2@group-F367C8FA5986:t109, leader=null, voted=9dbd5372-55c2-4532-b354-9494d3d545d2, raftlog=9dbd5372-55c2-4532-b354-9494d3d545d2@group-F367C8FA5986-SegmentedRaftLog:OPENED:c-1,f-1,i0, conf=-1: [9b3ef6c9-0245-4756-bf80-45d41f7a4453:192.168.157.220:37058, cd11b2f5-3187-4d03-bd60-931991550c17:192.168.157.220:43236, 9dbd5372-55c2-4532-b354-9494d3d545d2:192.168.157.220:42993], old=null
2019-10-30 11:52:47,063 [9dbd5372-55c2-4532-b354-9494d3d545d2@group-F367C8FA5986-LeaderElection215] INFO  impl.RaftServerImpl (RaftServerImpl.java:setRole(184)) - 9dbd5372-55c2-4532-b354-9494d3d545d2@group-F367C8FA5986: changes role from CANDIDATE to FOLLOWER at term 109 for DISCOVERED_A_NEW_TERM
2019-10-30 11:52:47,063 [9dbd5372-55c2-4532-b354-9494d3d545d2@group-F367C8FA5986-LeaderElection215] INFO  impl.RoleInfo (RoleInfo.java:shutdownLeaderElection(134)) - 9dbd5372-55c2-4532-b354-9494d3d545d2: shutdown LeaderElection
2019-10-30 11:52:47,063 [9dbd5372-55c2-4532-b354-9494d3d545d2@group-F367C8FA5986-LeaderElection215] INFO  impl.RoleInfo (RoleInfo.java:updateAndGet(143)) - 9dbd5372-55c2-4532-b354-9494d3d545d2: start FollowerState
2019-10-30 11:52:47,075 [Thread-1805] INFO  impl.FollowerState (FollowerState.java:run(108)) - 9dbd5372-55c2-4532-b354-9494d3d545d2@group-F367C8FA5986-FollowerState: change to CANDIDATE, lastRpcTime:12ms, electionTimeout:12ms
2019-10-30 11:52:47,075 [Thread-1805] INFO  impl.RoleInfo (RoleInfo.java:shutdownFollowerState(121)) - 9dbd5372-55c2-4532-b354-9494d3d545d2: shutdown FollowerState
2019-10-30 11:52:47,076 [Thread-1805] INFO  impl.RaftServerImpl (RaftServerImpl.java:setRole(184)) - 9dbd5372-55c2-4532-b354-9494d3d545d2@group-F367C8FA5986: changes role from  FOLLOWER to CANDIDATE at term 109 for changeToCandidate
2019-10-30 11:52:47,076 [Thread-1805] INFO  impl.RoleInfo (RoleInfo.java:updateAndGet(143)) - 9dbd5372-55c2-4532-b354-9494d3d545d2: start LeaderElection
2019-10-30 11:52:47,079 [9dbd5372-55c2-4532-b354-9494d3d545d2@group-F367C8FA5986-LeaderElection217] INFO  impl.LeaderElection (LeaderElection.java:askForVotes(178)) - 9dbd5372-55c2-4532-b354-9494d3d545d2@group-F367C8FA5986-LeaderElection217: begin an election at term 110 for -1: [9b3ef6c9-0245-4756-bf80-45d41f7a4453:192.168.157.220:37058, cd11b2f5-3187-4d03-bd60-931991550c17:192.168.157.220:43236, 9dbd5372-55c2-4532-b354-9494d3d545d2:192.168.157.220:42993], old=null
2019-10-30 11:52:47,084 [grpc-default-executor-7] INFO  impl.RaftServerImpl (RaftServerImpl.java:setRole(184)) - 9b3ef6c9-0245-4756-bf80-45d41f7a4453@group-F367C8FA5986: changes role from  FOLLOWER to FOLLOWER at term 110 for recognizeCandidate:9dbd5372-55c2-4532-b354-9494d3d545d2
2019-10-30 11:52:47,084 [grpc-default-executor-7] INFO  impl.RoleInfo (RoleInfo.java:shutdownFollowerState(121)) - 9b3ef6c9-0245-4756-bf80-45d41f7a4453: shutdown FollowerState
2019-10-30 11:52:47,084 [grpc-default-executor-7] INFO  impl.RoleInfo (RoleInfo.java:updateAndGet(143)) - 9b3ef6c9-0245-4756-bf80-45d41f7a4453: start FollowerState
2019-10-30 11:52:47,084 [Thread-1803] INFO  impl.FollowerState (FollowerState.java:run(117)) - 9b3ef6c9-0245-4756-bf80-45d41f7a4453@group-F367C8FA5986-FollowerState was interrupted: java.lang.InterruptedException: sleep interrupted
2019-10-30 11:52:47,086 [grpc-default-executor-6] INFO  impl.RaftServerImpl (RaftServerImpl.java:setRole(184)) - cd11b2f5-3187-4d03-bd60-931991550c17@group-F367C8FA5986: changes role from  FOLLOWER to FOLLOWER at term 110 for recognizeCandidate:9dbd5372-55c2-4532-b354-9494d3d545d2
2019-10-30 11:52:47,086 [grpc-default-executor-6] INFO  impl.RoleInfo (RoleInfo.java:shutdownFollowerState(121)) - cd11b2f5-3187-4d03-bd60-931991550c17: shutdown FollowerState
2019-10-30 11:52:47,087 [Thread-1804] INFO  impl.FollowerState (FollowerState.java:run(117)) - cd11b2f5-3187-4d03-bd60-931991550c17@group-F367C8FA5986-FollowerState was interrupted: java.lang.InterruptedException: sleep interrupted
2019-10-30 11:52:47,087 [grpc-default-executor-6] INFO  impl.RoleInfo (RoleInfo.java:updateAndGet(143)) - cd11b2f5-3187-4d03-bd60-931991550c17: start FollowerState
2019-10-30 11:52:47,104 [9dbd5372-55c2-4532-b354-9494d3d545d2@group-F367C8FA5986-LeaderElection217] INFO  impl.LeaderElection (LeaderElection.java:logAndReturn(56)) - 9dbd5372-55c2-4532-b354-9494d3d545d2@group-F367C8FA5986-LeaderElection217: Election REJECTED; received 2 response(s) [9dbd5372-55c2-4532-b354-9494d3d545d2<-9b3ef6c9-0245-4756-bf80-45d41f7a4453#0:FAIL-t110, 9dbd5372-55c2-4532-b354-9494d3d545d2<-cd11b2f5-3187-4d03-bd60-931991550c17#0:FAIL-t110] and 0 exception(s); 9dbd5372-55c2-4532-b354-9494d3d545d2@group-F367C8FA5986:t110, leader=null, voted=9dbd5372-55c2-4532-b354-9494d3d545d2, raftlog=9dbd5372-55c2-4532-b354-9494d3d545d2@group-F367C8FA5986-SegmentedRaftLog:OPENED:c-1,f-1,i0, conf=-1: [9b3ef6c9-0245-4756-bf80-45d41f7a4453:192.168.157.220:37058, cd11b2f5-3187-4d03-bd60-931991550c17:192.168.157.220:43236, 9dbd5372-55c2-4532-b354-9494d3d545d2:192.168.157.220:42993], old=null
2019-10-30 11:52:47,104 [9dbd5372-55c2-4532-b354-9494d3d545d2@group-F367C8FA5986-LeaderElection217] INFO  impl.RaftServerImpl (RaftServerImpl.java:setRole(184)) - 9dbd5372-55c2-4532-b354-9494d3d545d2@group-F367C8FA5986: changes role from CANDIDATE to FOLLOWER at term 110 for DISCOVERED_A_NEW_TERM
2019-10-30 11:52:47,104 [9dbd5372-55c2-4532-b354-9494d3d545d2@group-F367C8FA5986-LeaderElection217] INFO  impl.RoleInfo (RoleInfo.java:shutdownLeaderElection(134)) - 9dbd5372-55c2-4532-b354-9494d3d545d2: shutdown LeaderElection
2019-10-30 11:52:47,104 [9dbd5372-55c2-4532-b354-9494d3d545d2@group-F367C8FA5986-LeaderElection217] INFO  impl.RoleInfo (RoleInfo.java:updateAndGet(143)) - 9dbd5372-55c2-4532-b354-9494d3d545d2: start FollowerState
2019-10-30 11:52:47,124 [Thread-1798] INFO  impl.FollowerState (FollowerState.java:run(108)) - f26e10ed-fb17-49e6-a903-eadc130d13d1@group-83984122B78E-FollowerState: change to CANDIDATE, lastRpcTime:84ms, electionTimeout:84ms
2019-10-30 11:52:47,124 [Thread-1798] INFO  impl.RoleInfo (RoleInfo.java:shutdownFollowerState(121)) - f26e10ed-fb17-49e6-a903-eadc130d13d1: shutdown FollowerState
2019-10-30 11:52:47,124 [Thread-1798] INFO  impl.RaftServerImpl (RaftServerImpl.java:setRole(184)) - f26e10ed-fb17-49e6-a903-eadc130d13d1@group-83984122B78E: changes role from  FOLLOWER to CANDIDATE at term 115 for changeToCandidate
2019-10-30 11:52:47,124 [Thread-1798] INFO  impl.RoleInfo (RoleInfo.java:updateAndGet(143)) - f26e10ed-fb17-49e6-a903-eadc130d13d1: start LeaderElection
2019-10-30 11:52:47,137 [f26e10ed-fb17-49e6-a903-eadc130d13d1@group-83984122B78E-LeaderElection218] INFO  impl.LeaderElection (LeaderElection.java:askForVotes(178)) - f26e10ed-fb17-49e6-a903-eadc130d13d1@group-83984122B78E-LeaderElection218: begin an election at term 116 for -1: [4f16e274-8663-4a15-9c4c-c81f650ab979:192.168.157.220:38181, 4cc44201-a597-43af-a4ec-5b1b407a6250:192.168.157.220:36685, f26e10ed-fb17-49e6-a903-eadc130d13d1:192.168.157.220:32806], old=null
2019-10-30 11:52:47,139 [grpc-default-executor-6] INFO  impl.RaftServerImpl (RaftServerImpl.java:setRole(184)) - 4cc44201-a597-43af-a4ec-5b1b407a6250@group-83984122B78E: changes role from  FOLLOWER to FOLLOWER at term 116 for recognizeCandidate:f26e10ed-fb17-49e6-a903-eadc130d13d1
2019-10-30 11:52:47,140 [grpc-default-executor-6] INFO  impl.RoleInfo (RoleInfo.java:shutdownFollowerState(121)) - 4cc44201-a597-43af-a4ec-5b1b407a6250: shutdown FollowerState
2019-10-30 11:52:47,140 [grpc-default-executor-6] INFO  impl.RoleInfo (RoleInfo.java:updateAndGet(143)) - 4cc44201-a597-43af-a4ec-5b1b407a6250: start FollowerState
2019-10-30 11:52:47,140 [Thread-1796] INFO  impl.FollowerState (FollowerState.java:run(117)) - 4cc44201-a597-43af-a4ec-5b1b407a6250@group-83984122B78E-FollowerState was interrupted: java.lang.InterruptedException: sleep interrupted
2019-10-30 11:52:47,140 [grpc-default-executor-7] INFO  impl.RaftServerImpl (RaftServerImpl.java:setRole(184)) - 4f16e274-8663-4a15-9c4c-c81f650ab979@group-83984122B78E: changes role from  FOLLOWER to FOLLOWER at term 116 for recognizeCandidate:f26e10ed-fb17-49e6-a903-eadc130d13d1
2019-10-30 11:52:47,140 [grpc-default-executor-7] INFO  impl.RoleInfo (RoleInfo.java:shutdownFollowerState(121)) - 4f16e274-8663-4a15-9c4c-c81f650ab979: shutdown FollowerState
2019-10-30 11:52:47,140 [grpc-default-executor-7] INFO  impl.RoleInfo (RoleInfo.java:updateAndGet(143)) - 4f16e274-8663-4a15-9c4c-c81f650ab979: start FollowerState
2019-10-30 11:52:47,140 [Thread-1794] INFO  impl.FollowerState (FollowerState.java:run(117)) - 4f16e274-8663-4a15-9c4c-c81f650ab979@group-83984122B78E-FollowerState was interrupted: java.lang.InterruptedException: sleep interrupted
2019-10-30 11:52:47,146 [f26e10ed-fb17-49e6-a903-eadc130d13d1@group-83984122B78E-LeaderElection218] INFO  impl.LeaderElection (LeaderElection.java:logAndReturn(56)) - f26e10ed-fb17-49e6-a903-eadc130d13d1@group-83984122B78E-LeaderElection218: Election REJECTED; received 2 response(s) [f26e10ed-fb17-49e6-a903-eadc130d13d1<-4f16e274-8663-4a15-9c4c-c81f650ab979#0:FAIL-t116, f26e10ed-fb17-49e6-a903-eadc130d13d1<-4cc44201-a597-43af-a4ec-5b1b407a6250#0:FAIL-t116] and 0 exception(s); f26e10ed-fb17-49e6-a903-eadc130d13d1@group-83984122B78E:t116, leader=null, voted=f26e10ed-fb17-49e6-a903-eadc130d13d1, raftlog=f26e10ed-fb17-49e6-a903-eadc130d13d1@group-83984122B78E-SegmentedRaftLog:OPENED:c-1,f-1,i0, conf=-1: [4f16e274-8663-4a15-9c4c-c81f650ab979:192.168.157.220:38181, 4cc44201-a597-43af-a4ec-5b1b407a6250:192.168.157.220:36685, f26e10ed-fb17-49e6-a903-eadc130d13d1:192.168.157.220:32806], old=null
2019-10-30 11:52:47,147 [f26e10ed-fb17-49e6-a903-eadc130d13d1@group-83984122B78E-LeaderElection218] INFO  impl.RaftServerImpl (RaftServerImpl.java:setRole(184)) - f26e10ed-fb17-49e6-a903-eadc130d13d1@group-83984122B78E: changes role from CANDIDATE to FOLLOWER at term 116 for DISCOVERED_A_NEW_TERM
2019-10-30 11:52:47,147 [f26e10ed-fb17-49e6-a903-eadc130d13d1@group-83984122B78E-LeaderElection218] INFO  impl.RoleInfo (RoleInfo.java:shutdownLeaderElection(134)) - f26e10ed-fb17-49e6-a903-eadc130d13d1: shutdown LeaderElection
2019-10-30 11:52:47,147 [f26e10ed-fb17-49e6-a903-eadc130d13d1@group-83984122B78E-LeaderElection218] INFO  impl.RoleInfo (RoleInfo.java:updateAndGet(143)) - f26e10ed-fb17-49e6-a903-eadc130d13d1: start FollowerState
2019-10-30 11:52:47,189 [Thread-1811] INFO  impl.FollowerState (FollowerState.java:run(108)) - 9dbd5372-55c2-4532-b354-9494d3d545d2@group-F367C8FA5986-FollowerState: change to CANDIDATE, lastRpcTime:84ms, electionTimeout:84ms
2019-10-30 11:52:47,189 [Thread-1811] INFO  impl.RoleInfo (RoleInfo.java:shutdownFollowerState(121)) - 9dbd5372-55c2-4532-b354-9494d3d545d2: shutdown FollowerState
2019-10-30 11:52:47,189 [Thread-1811] INFO  impl.RaftServerImpl (RaftServerImpl.java:setRole(184)) - 9dbd5372-55c2-4532-b354-9494d3d545d2@group-F367C8FA5986: changes role from  FOLLOWER to CANDIDATE at term 110 for changeToCandidate
2019-10-30 11:52:47,189 [Thread-1811] INFO  impl.RoleInfo (RoleInfo.java:updateAndGet(143)) - 9dbd5372-55c2-4532-b354-9494d3d545d2: start LeaderElection
2019-10-30 11:52:47,249 [Thread-1817] INFO  impl.FollowerState (FollowerState.java:run(108)) - f26e10ed-fb17-49e6-a903-eadc130d13d1@group-83984122B78E-FollowerState: change to CANDIDATE, lastRpcTime:102ms, electionTimeout:102ms
2019-10-30 11:52:47,249 [Thread-1817] INFO  impl.RoleInfo (RoleInfo.java:shutdownFollowerState(121)) - f26e10ed-fb17-49e6-a903-eadc130d13d1: shutdown FollowerState
2019-10-30 11:52:47,249 [Thread-1817] INFO  impl.RaftServerImpl (RaftServerImpl.java:setRole(184)) - f26e10ed-fb17-49e6-a903-eadc130d13d1@group-83984122B78E: changes role from  FOLLOWER to CANDIDATE at term 116 for changeToCandidate
2019-10-30 11:52:47,249 [Thread-1817] INFO  impl.RoleInfo (RoleInfo.java:updateAndGet(143)) - f26e10ed-fb17-49e6-a903-eadc130d13d1: start LeaderElection
2019-10-30 11:52:47,262 [9dbd5372-55c2-4532-b354-9494d3d545d2@group-F367C8FA5986-LeaderElection219] INFO  impl.LeaderElection (LeaderElection.java:askForVotes(178)) - 9dbd5372-55c2-4532-b354-9494d3d545d2@group-F367C8FA5986-LeaderElection219: begin an election at term 111 for -1: [9b3ef6c9-0245-4756-bf80-45d41f7a4453:192.168.157.220:37058, cd11b2f5-3187-4d03-bd60-931991550c17:192.168.157.220:43236, 9dbd5372-55c2-4532-b354-9494d3d545d2:192.168.157.220:42993], old=null
2019-10-30 11:52:47,262 [f26e10ed-fb17-49e6-a903-eadc130d13d1@group-83984122B78E-LeaderElection220] INFO  impl.LeaderElection (LeaderElection.java:askForVotes(178)) - f26e10ed-fb17-49e6-a903-eadc130d13d1@group-83984122B78E-LeaderElection220: begin an election at term 117 for -1: [4f16e274-8663-4a15-9c4c-c81f650ab979:192.168.157.220:38181, 4cc44201-a597-43af-a4ec-5b1b407a6250:192.168.157.220:36685, f26e10ed-fb17-49e6-a903-eadc130d13d1:192.168.157.220:32806], old=null
2019-10-30 11:52:47,263 [grpc-default-executor-6] INFO  impl.RaftServerImpl (RaftServerImpl.java:setRole(184)) - 4f16e274-8663-4a15-9c4c-c81f650ab979@group-83984122B78E: changes role from  FOLLOWER to FOLLOWER at term 117 for recognizeCandidate:f26e10ed-fb17-49e6-a903-eadc130d13d1
2019-10-30 11:52:47,263 [grpc-default-executor-6] INFO  impl.RoleInfo (RoleInfo.java:shutdownFollowerState(121)) - 4f16e274-8663-4a15-9c4c-c81f650ab979: shutdown FollowerState
2019-10-30 11:52:47,263 [grpc-default-executor-6] INFO  impl.RoleInfo (RoleInfo.java:updateAndGet(143)) - 4f16e274-8663-4a15-9c4c-c81f650ab979: start FollowerState
2019-10-30 11:52:47,263 [grpc-default-executor-8] INFO  impl.RaftServerImpl (RaftServerImpl.java:setRole(184)) - 4cc44201-a597-43af-a4ec-5b1b407a6250@group-83984122B78E: changes role from  FOLLOWER to FOLLOWER at term 117 for recognizeCandidate:f26e10ed-fb17-49e6-a903-eadc130d13d1
2019-10-30 11:52:47,263 [grpc-default-executor-1] INFO  impl.RaftServerImpl (RaftServerImpl.java:setRole(184)) - 9b3ef6c9-0245-4756-bf80-45d41f7a4453@group-F367C8FA5986: changes role from  FOLLOWER to FOLLOWER at term 111 for recognizeCandidate:9dbd5372-55c2-4532-b354-9494d3d545d2
2019-10-30 11:52:47,264 [grpc-default-executor-7] INFO  impl.RaftServerImpl (RaftServerImpl.java:setRole(184)) - cd11b2f5-3187-4d03-bd60-931991550c17@group-F367C8FA5986: changes role from  FOLLOWER to FOLLOWER at term 111 for recognizeCandidate:9dbd5372-55c2-4532-b354-9494d3d545d2
2019-10-30 11:52:47,264 [grpc-default-executor-7] INFO  impl.RoleInfo (RoleInfo.java:shutdownFollowerState(121)) - cd11b2f5-3187-4d03-bd60-931991550c17: shutdown FollowerState
2019-10-30 11:52:47,264 [Thread-1816] INFO  impl.FollowerState (FollowerState.java:run(117)) - 4f16e274-8663-4a15-9c4c-c81f650ab979@group-83984122B78E-FollowerState was interrupted: java.lang.InterruptedException: sleep interrupted
2019-10-30 11:52:47,263 [grpc-default-executor-8] INFO  impl.RoleInfo (RoleInfo.java:shutdownFollowerState(121)) - 4cc44201-a597-43af-a4ec-5b1b407a6250: shutdown FollowerState
2019-10-30 11:52:47,264 [Thread-1810] INFO  impl.FollowerState (FollowerState.java:run(117)) - cd11b2f5-3187-4d03-bd60-931991550c17@group-F367C8FA5986-FollowerState was interrupted: java.lang.InterruptedException: sleep interrupted
2019-10-30 11:52:47,264 [grpc-default-executor-7] INFO  impl.RoleInfo (RoleInfo.java:updateAndGet(143)) - cd11b2f5-3187-4d03-bd60-931991550c17: start FollowerState
2019-10-30 11:52:47,264 [grpc-default-executor-1] INFO  impl.RoleInfo (RoleInfo.java:shutdownFollowerState(121)) - 9b3ef6c9-0245-4756-bf80-45d41f7a4453: shutdown FollowerState
2019-10-30 11:52:47,264 [grpc-default-executor-1] INFO  impl.RoleInfo (RoleInfo.java:updateAndGet(143)) - 9b3ef6c9-0245-4756-bf80-45d41f7a4453: start FollowerState
2019-10-30 11:52:47,264 [Thread-1815] INFO  impl.FollowerState (FollowerState.java:run(117)) - 4cc44201-a597-43af-a4ec-5b1b407a6250@group-83984122B78E-FollowerState was interrupted: java.lang.InterruptedException: sleep interrupted
2019-10-30 11:52:47,264 [grpc-default-executor-8] INFO  impl.RoleInfo (RoleInfo.java:updateAndGet(143)) - 4cc44201-a597-43af-a4ec-5b1b407a6250: start FollowerState
2019-10-30 11:52:47,264 [Thread-1809] INFO  impl.FollowerState (FollowerState.java:run(117)) - 9b3ef6c9-0245-4756-bf80-45d41f7a4453@group-F367C8FA5986-FollowerState was interrupted: java.lang.InterruptedException: sleep interrupted
2019-10-30 11:52:47,270 [9dbd5372-55c2-4532-b354-9494d3d545d2@group-F367C8FA5986-LeaderElection219] INFO  impl.LeaderElection (LeaderElection.java:logAndReturn(56)) - 9dbd5372-55c2-4532-b354-9494d3d545d2@group-F367C8FA5986-LeaderElection219: Election REJECTED; received 2 response(s) [9dbd5372-55c2-4532-b354-9494d3d545d2<-9b3ef6c9-0245-4756-bf80-45d41f7a4453#0:FAIL-t111, 9dbd5372-55c2-4532-b354-9494d3d545d2<-cd11b2f5-3187-4d03-bd60-931991550c17#0:FAIL-t111] and 0 exception(s); 9dbd5372-55c2-4532-b354-9494d3d545d2@group-F367C8FA5986:t111, leader=null, voted=9dbd5372-55c2-4532-b354-9494d3d545d2, raftlog=9dbd5372-55c2-4532-b354-9494d3d545d2@group-F367C8FA5986-SegmentedRaftLog:OPENED:c-1,f-1,i0, conf=-1: [9b3ef6c9-0245-4756-bf80-45d41f7a4453:192.168.157.220:37058, cd11b2f5-3187-4d03-bd60-931991550c17:192.168.157.220:43236, 9dbd5372-55c2-4532-b354-9494d3d545d2:192.168.157.220:42993], old=null
2019-10-30 11:52:47,271 [9dbd5372-55c2-4532-b354-9494d3d545d2@group-F367C8FA5986-LeaderElection219] INFO  impl.RaftServerImpl (RaftServerImpl.java:setRole(184)) - 9dbd5372-55c2-4532-b354-9494d3d545d2@group-F367C8FA5986: changes role from CANDIDATE to FOLLOWER at term 111 for DISCOVERED_A_NEW_TERM
2019-10-30 11:52:47,271 [9dbd5372-55c2-4532-b354-9494d3d545d2@group-F367C8FA5986-LeaderElection219] INFO  impl.RoleInfo (RoleInfo.java:shutdownLeaderElection(134)) - 9dbd5372-55c2-4532-b354-9494d3d545d2: shutdown LeaderElection
2019-10-30 11:52:47,271 [9dbd5372-55c2-4532-b354-9494d3d545d2@group-F367C8FA5986-LeaderElection219] INFO  impl.RoleInfo (RoleInfo.java:updateAndGet(143)) - 9dbd5372-55c2-4532-b354-9494d3d545d2: start FollowerState
2019-10-30 11:52:47,307 [f26e10ed-fb17-49e6-a903-eadc130d13d1@group-83984122B78E-LeaderElection220] INFO  impl.LeaderElection (LeaderElection.java:logAndReturn(56)) - f26e10ed-fb17-49e6-a903-eadc130d13d1@group-83984122B78E-LeaderElection220: Election REJECTED; received 2 response(s) [f26e10ed-fb17-49e6-a903-eadc130d13d1<-4f16e274-8663-4a15-9c4c-c81f650ab979#0:FAIL-t117, f26e10ed-fb17-49e6-a903-eadc130d13d1<-4cc44201-a597-43af-a4ec-5b1b407a6250#0:FAIL-t117] and 0 exception(s); f26e10ed-fb17-49e6-a903-eadc130d13d1@group-83984122B78E:t117, leader=null, voted=f26e10ed-fb17-49e6-a903-eadc130d13d1, raftlog=f26e10ed-fb17-49e6-a903-eadc130d13d1@group-83984122B78E-SegmentedRaftLog:OPENED:c-1,f-1,i0, conf=-1: [4f16e274-8663-4a15-9c4c-c81f650ab979:192.168.157.220:38181, 4cc44201-a597-43af-a4ec-5b1b407a6250:192.168.157.220:36685, f26e10ed-fb17-49e6-a903-eadc130d13d1:192.168.157.220:32806], old=null
2019-10-30 11:52:47,308 [f26e10ed-fb17-49e6-a903-eadc130d13d1@group-83984122B78E-LeaderElection220] INFO  impl.RaftServerImpl (RaftServerImpl.java:setRole(184)) - f26e10ed-fb17-49e6-a903-eadc130d13d1@group-83984122B78E: changes role from CANDIDATE to FOLLOWER at term 117 for DISCOVERED_A_NEW_TERM
2019-10-30 11:52:47,308 [f26e10ed-fb17-49e6-a903-eadc130d13d1@group-83984122B78E-LeaderElection220] INFO  impl.RoleInfo (RoleInfo.java:shutdownLeaderElection(134)) - f26e10ed-fb17-49e6-a903-eadc130d13d1: shutdown LeaderElection
2019-10-30 11:52:47,308 [f26e10ed-fb17-49e6-a903-eadc130d13d1@group-83984122B78E-LeaderElection220] INFO  impl.RoleInfo (RoleInfo.java:updateAndGet(143)) - f26e10ed-fb17-49e6-a903-eadc130d13d1: start FollowerState
2019-10-30 11:52:47,430 [Thread-1831] INFO  impl.FollowerState (FollowerState.java:run(108)) - f26e10ed-fb17-49e6-a903-eadc130d13d1@group-83984122B78E-FollowerState: change to CANDIDATE, lastRpcTime:122ms, electionTimeout:122ms
2019-10-30 11:52:47,430 [Thread-1831] INFO  impl.RoleInfo (RoleInfo.java:shutdownFollowerState(121)) - f26e10ed-fb17-49e6-a903-eadc130d13d1: shutdown FollowerState
2019-10-30 11:52:47,430 [Thread-1831] INFO  impl.RaftServerImpl (RaftServerImpl.java:setRole(184)) - f26e10ed-fb17-49e6-a903-eadc130d13d1@group-83984122B78E: changes role from  FOLLOWER to CANDIDATE at term 117 for changeToCandidate
2019-10-30 11:52:47,430 [Thread-1831] INFO  impl.RoleInfo (RoleInfo.java:updateAndGet(143)) - f26e10ed-fb17-49e6-a903-eadc130d13d1: start LeaderElection
2019-10-30 11:52:47,435 [Thread-1830] INFO  impl.FollowerState (FollowerState.java:run(108)) - 9dbd5372-55c2-4532-b354-9494d3d545d2@group-F367C8FA5986-FollowerState: change to CANDIDATE, lastRpcTime:164ms, electionTimeout:164ms
2019-10-30 11:52:47,435 [Thread-1830] INFO  impl.RoleInfo (RoleInfo.java:shutdownFollowerState(121)) - 9dbd5372-55c2-4532-b354-9494d3d545d2: shutdown FollowerState
2019-10-30 11:52:47,435 [Thread-1830] INFO  impl.RaftServerImpl (RaftServerImpl.java:setRole(184)) - 9dbd5372-55c2-4532-b354-9494d3d545d2@group-F367C8FA5986: changes role from  FOLLOWER to CANDIDATE at term 111 for changeToCandidate
2019-10-30 11:52:47,436 [Thread-1830] INFO  impl.RoleInfo (RoleInfo.java:updateAndGet(143)) - 9dbd5372-55c2-4532-b354-9494d3d545d2: start LeaderElection
2019-10-30 11:52:47,509 [9dbd5372-55c2-4532-b354-9494d3d545d2@group-F367C8FA5986-LeaderElection222] INFO  impl.LeaderElection (LeaderElection.java:askForVotes(178)) - 9dbd5372-55c2-4532-b354-9494d3d545d2@group-F367C8FA5986-LeaderElection222: begin an election at term 112 for -1: [9b3ef6c9-0245-4756-bf80-45d41f7a4453:192.168.157.220:37058, cd11b2f5-3187-4d03-bd60-931991550c17:192.168.157.220:43236, 9dbd5372-55c2-4532-b354-9494d3d545d2:192.168.157.220:42993], old=null
2019-10-30 11:52:47,509 [f26e10ed-fb17-49e6-a903-eadc130d13d1@group-83984122B78E-LeaderElection221] INFO  impl.LeaderElection (LeaderElection.java:askForVotes(178)) - f26e10ed-fb17-49e6-a903-eadc130d13d1@group-83984122B78E-LeaderElection221: begin an election at term 118 for -1: [4f16e274-8663-4a15-9c4c-c81f650ab979:192.168.157.220:38181, 4cc44201-a597-43af-a4ec-5b1b407a6250:192.168.157.220:36685, f26e10ed-fb17-49e6-a903-eadc130d13d1:192.168.157.220:32806], old=null
2019-10-30 11:52:47,510 [grpc-default-executor-8] INFO  impl.RaftServerImpl (RaftServerImpl.java:setRole(184)) - 4cc44201-a597-43af-a4ec-5b1b407a6250@group-83984122B78E: changes role from  FOLLOWER to FOLLOWER at term 118 for recognizeCandidate:f26e10ed-fb17-49e6-a903-eadc130d13d1
2019-10-30 11:52:47,511 [grpc-default-executor-8] INFO  impl.RoleInfo (RoleInfo.java:shutdownFollowerState(121)) - 4cc44201-a597-43af-a4ec-5b1b407a6250: shutdown FollowerState
2019-10-30 11:52:47,511 [grpc-default-executor-8] INFO  impl.RoleInfo (RoleInfo.java:updateAndGet(143)) - 4cc44201-a597-43af-a4ec-5b1b407a6250: start FollowerState
2019-10-30 11:52:47,511 [grpc-default-executor-7] INFO  impl.RaftServerImpl (RaftServerImpl.java:setRole(184)) - cd11b2f5-3187-4d03-bd60-931991550c17@group-F367C8FA5986: changes role from  FOLLOWER to FOLLOWER at term 112 for recognizeCandidate:9dbd5372-55c2-4532-b354-9494d3d545d2
2019-10-30 11:52:47,511 [grpc-default-executor-7] INFO  impl.RoleInfo (RoleInfo.java:shutdownFollowerState(121)) - cd11b2f5-3187-4d03-bd60-931991550c17: shutdown FollowerState
2019-10-30 11:52:47,511 [grpc-default-executor-7] INFO  impl.RoleInfo (RoleInfo.java:updateAndGet(143)) - cd11b2f5-3187-4d03-bd60-931991550c17: start FollowerState
2019-10-30 11:52:47,511 [grpc-default-executor-6] INFO  impl.RaftServerImpl (RaftServerImpl.java:setRole(184)) - 9b3ef6c9-0245-4756-bf80-45d41f7a4453@group-F367C8FA5986: changes role from  FOLLOWER to FOLLOWER at term 112 for recognizeCandidate:9dbd5372-55c2-4532-b354-9494d3d545d2
2019-10-30 11:52:47,511 [grpc-default-executor-6] INFO  impl.RoleInfo (RoleInfo.java:shutdownFollowerState(121)) - 9b3ef6c9-0245-4756-bf80-45d41f7a4453: shutdown FollowerState
2019-10-30 11:52:47,511 [Thread-1828] INFO  impl.FollowerState (FollowerState.java:run(117)) - 4cc44201-a597-43af-a4ec-5b1b407a6250@group-83984122B78E-FollowerState was interrupted: java.lang.InterruptedException: sleep interrupted
2019-10-30 11:52:47,512 [grpc-default-executor-6] INFO  impl.RoleInfo (RoleInfo.java:updateAndGet(143)) - 9b3ef6c9-0245-4756-bf80-45d41f7a4453: start FollowerState
2019-10-30 11:52:47,511 [Thread-1827] INFO  impl.FollowerState (FollowerState.java:run(117)) - cd11b2f5-3187-4d03-bd60-931991550c17@group-F367C8FA5986-FollowerState was interrupted: java.lang.InterruptedException: sleep interrupted
2019-10-30 11:52:47,512 [Thread-1829] INFO  impl.FollowerState (FollowerState.java:run(117)) - 9b3ef6c9-0245-4756-bf80-45d41f7a4453@group-F367C8FA5986-FollowerState was interrupted: java.lang.InterruptedException: sleep interrupted
2019-10-30 11:52:47,512 [grpc-default-executor-1] INFO  impl.RaftServerImpl (RaftServerImpl.java:setRole(184)) - 4f16e274-8663-4a15-9c4c-c81f650ab979@group-83984122B78E: changes role from  FOLLOWER to FOLLOWER at term 118 for recognizeCandidate:f26e10ed-fb17-49e6-a903-eadc130d13d1
2019-10-30 11:52:47,512 [grpc-default-executor-1] INFO  impl.RoleInfo (RoleInfo.java:shutdownFollowerState(121)) - 4f16e274-8663-4a15-9c4c-c81f650ab979: shutdown FollowerState
2019-10-30 11:52:47,512 [grpc-default-executor-1] INFO  impl.RoleInfo (RoleInfo.java:updateAndGet(143)) - 4f16e274-8663-4a15-9c4c-c81f650ab979: start FollowerState
2019-10-30 11:52:47,513 [Thread-1826] INFO  impl.FollowerState (FollowerState.java:run(117)) - 4f16e274-8663-4a15-9c4c-c81f650ab979@group-83984122B78E-FollowerState was interrupted: java.lang.InterruptedException: sleep interrupted
2019-10-30 11:52:47,524 [9dbd5372-55c2-4532-b354-9494d3d545d2@group-F367C8FA5986-LeaderElection222] INFO  impl.LeaderElection (LeaderElection.java:logAndReturn(56)) - 9dbd5372-55c2-4532-b354-9494d3d545d2@group-F367C8FA5986-LeaderElection222: Election REJECTED; received 2 response(s) [9dbd5372-55c2-4532-b354-9494d3d545d2<-9b3ef6c9-0245-4756-bf80-45d41f7a4453#0:FAIL-t112, 9dbd5372-55c2-4532-b354-9494d3d545d2<-cd11b2f5-3187-4d03-bd60-931991550c17#0:FAIL-t112] and 0 exception(s); 9dbd5372-55c2-4532-b354-9494d3d545d2@group-F367C8FA5986:t112, leader=null, voted=9dbd5372-55c2-4532-b354-9494d3d545d2, raftlog=9dbd5372-55c2-4532-b354-9494d3d545d2@group-F367C8FA5986-SegmentedRaftLog:OPENED:c-1,f-1,i0, conf=-1: [9b3ef6c9-0245-4756-bf80-45d41f7a4453:192.168.157.220:37058, cd11b2f5-3187-4d03-bd60-931991550c17:192.168.157.220:43236, 9dbd5372-55c2-4532-b354-9494d3d545d2:192.168.157.220:42993], old=null
2019-10-30 11:52:47,524 [f26e10ed-fb17-49e6-a903-eadc130d13d1@group-83984122B78E-LeaderElection221] INFO  impl.LeaderElection (LeaderElection.java:logAndReturn(56)) - f26e10ed-fb17-49e6-a903-eadc130d13d1@group-83984122B78E-LeaderElection221: Election REJECTED; received 2 response(s) [f26e10ed-fb17-49e6-a903-eadc130d13d1<-4f16e274-8663-4a15-9c4c-c81f650ab979#0:FAIL-t118, f26e10ed-fb17-49e6-a903-eadc130d13d1<-4cc44201-a597-43af-a4ec-5b1b407a6250#0:FAIL-t118] and 0 exception(s); f26e10ed-fb17-49e6-a903-eadc130d13d1@group-83984122B78E:t118, leader=null, voted=f26e10ed-fb17-49e6-a903-eadc130d13d1, raftlog=f26e10ed-fb17-49e6-a903-eadc130d13d1@group-83984122B78E-SegmentedRaftLog:OPENED:c-1,f-1,i0, conf=-1: [4f16e274-8663-4a15-9c4c-c81f650ab979:192.168.157.220:38181, 4cc44201-a597-43af-a4ec-5b1b407a6250:192.168.157.220:36685, f26e10ed-fb17-49e6-a903-eadc130d13d1:192.168.157.220:32806], old=null
2019-10-30 11:52:47,524 [9dbd5372-55c2-4532-b354-9494d3d545d2@group-F367C8FA5986-LeaderElection222] INFO  impl.RaftServerImpl (RaftServerImpl.java:setRole(184)) - 9dbd5372-55c2-4532-b354-9494d3d545d2@group-F367C8FA5986: changes role from CANDIDATE to FOLLOWER at term 112 for DISCOVERED_A_NEW_TERM
2019-10-30 11:52:47,524 [f26e10ed-fb17-49e6-a903-eadc130d13d1@group-83984122B78E-LeaderElection221] INFO  impl.RaftServerImpl (RaftServerImpl.java:setRole(184)) - f26e10ed-fb17-49e6-a903-eadc130d13d1@group-83984122B78E: changes role from CANDIDATE to FOLLOWER at term 118 for DISCOVERED_A_NEW_TERM
2019-10-30 11:52:47,524 [9dbd5372-55c2-4532-b354-9494d3d545d2@group-F367C8FA5986-LeaderElection222] INFO  impl.RoleInfo (RoleInfo.java:shutdownLeaderElection(134)) - 9dbd5372-55c2-4532-b354-9494d3d545d2: shutdown LeaderElection
2019-10-30 11:52:47,524 [f26e10ed-fb17-49e6-a903-eadc130d13d1@group-83984122B78E-LeaderElection221] INFO  impl.RoleInfo (RoleInfo.java:shutdownLeaderElection(134)) - f26e10ed-fb17-49e6-a903-eadc130d13d1: shutdown LeaderElection
2019-10-30 11:52:47,524 [9dbd5372-55c2-4532-b354-9494d3d545d2@group-F367C8FA5986-LeaderElection222] INFO  impl.RoleInfo (RoleInfo.java:updateAndGet(143)) - 9dbd5372-55c2-4532-b354-9494d3d545d2: start FollowerState
2019-10-30 11:52:47,524 [f26e10ed-fb17-49e6-a903-eadc130d13d1@group-83984122B78E-LeaderElection221] INFO  impl.RoleInfo (RoleInfo.java:updateAndGet(143)) - f26e10ed-fb17-49e6-a903-eadc130d13d1: start FollowerState
2019-10-30 11:52:47,639 [Thread-1842] INFO  impl.FollowerState (FollowerState.java:run(108)) - 9dbd5372-55c2-4532-b354-9494d3d545d2@group-F367C8FA5986-FollowerState: change to CANDIDATE, lastRpcTime:114ms, electionTimeout:114ms
2019-10-30 11:52:47,639 [Thread-1842] INFO  impl.RoleInfo (RoleInfo.java:shutdownFollowerState(121)) - 9dbd5372-55c2-4532-b354-9494d3d545d2: shutdown FollowerState
2019-10-30 11:52:47,639 [Thread-1842] INFO  impl.RaftServerImpl (RaftServerImpl.java:setRole(184)) - 9dbd5372-55c2-4532-b354-9494d3d545d2@group-F367C8FA5986: changes role from  FOLLOWER to CANDIDATE at term 112 for changeToCandidate
2019-10-30 11:52:47,639 [Thread-1842] INFO  impl.RoleInfo (RoleInfo.java:updateAndGet(143)) - 9dbd5372-55c2-4532-b354-9494d3d545d2: start LeaderElection
2019-10-30 11:52:47,656 [9dbd5372-55c2-4532-b354-9494d3d545d2@group-F367C8FA5986-LeaderElection223] INFO  impl.LeaderElection (LeaderElection.java:askForVotes(178)) - 9dbd5372-55c2-4532-b354-9494d3d545d2@group-F367C8FA5986-LeaderElection223: begin an election at term 113 for -1: [9b3ef6c9-0245-4756-bf80-45d41f7a4453:192.168.157.220:37058, cd11b2f5-3187-4d03-bd60-931991550c17:192.168.157.220:43236, 9dbd5372-55c2-4532-b354-9494d3d545d2:192.168.157.220:42993], old=null
2019-10-30 11:52:47,658 [grpc-default-executor-1] INFO  impl.RaftServerImpl (RaftServerImpl.java:setRole(184)) - 9b3ef6c9-0245-4756-bf80-45d41f7a4453@group-F367C8FA5986: changes role from  FOLLOWER to FOLLOWER at term 113 for recognizeCandidate:9dbd5372-55c2-4532-b354-9494d3d545d2
2019-10-30 11:52:47,658 [grpc-default-executor-1] INFO  impl.RoleInfo (RoleInfo.java:shutdownFollowerState(121)) - 9b3ef6c9-0245-4756-bf80-45d41f7a4453: shutdown FollowerState
2019-10-30 11:52:47,658 [grpc-default-executor-7] INFO  impl.RaftServerImpl (RaftServerImpl.java:setRole(184)) - cd11b2f5-3187-4d03-bd60-931991550c17@group-F367C8FA5986: changes role from  FOLLOWER to FOLLOWER at term 113 for recognizeCandidate:9dbd5372-55c2-4532-b354-9494d3d545d2
2019-10-30 11:52:47,658 [Thread-1840] INFO  impl.FollowerState (FollowerState.java:run(117)) - 9b3ef6c9-0245-4756-bf80-45d41f7a4453@group-F367C8FA5986-FollowerState was interrupted: java.lang.InterruptedException: sleep interrupted
2019-10-30 11:52:47,658 [grpc-default-executor-1] INFO  impl.RoleInfo (RoleInfo.java:updateAndGet(143)) - 9b3ef6c9-0245-4756-bf80-45d41f7a4453: start FollowerState
2019-10-30 11:52:47,658 [grpc-default-executor-7] INFO  impl.RoleInfo (RoleInfo.java:shutdownFollowerState(121)) - cd11b2f5-3187-4d03-bd60-931991550c17: shutdown FollowerState
2019-10-30 11:52:47,661 [grpc-default-executor-7] INFO  impl.RoleInfo (RoleInfo.java:updateAndGet(143)) - cd11b2f5-3187-4d03-bd60-931991550c17: start FollowerState
2019-10-30 11:52:47,661 [Thread-1839] INFO  impl.FollowerState (FollowerState.java:run(117)) - cd11b2f5-3187-4d03-bd60-931991550c17@group-F367C8FA5986-FollowerState was interrupted: java.lang.InterruptedException: sleep interrupted
2019-10-30 11:52:47,670 [9dbd5372-55c2-4532-b354-9494d3d545d2@group-F367C8FA5986-LeaderElection223] INFO  impl.LeaderElection (LeaderElection.java:logAndReturn(56)) - 9dbd5372-55c2-4532-b354-9494d3d545d2@group-F367C8FA5986-LeaderElection223: Election REJECTED; received 2 response(s) [9dbd5372-55c2-4532-b354-9494d3d545d2<-9b3ef6c9-0245-4756-bf80-45d41f7a4453#0:FAIL-t113, 9dbd5372-55c2-4532-b354-9494d3d545d2<-cd11b2f5-3187-4d03-bd60-931991550c17#0:FAIL-t113] and 0 exception(s); 9dbd5372-55c2-4532-b354-9494d3d545d2@group-F367C8FA5986:t113, leader=null, voted=9dbd5372-55c2-4532-b354-9494d3d545d2, raftlog=9dbd5372-55c2-4532-b354-9494d3d545d2@group-F367C8FA5986-SegmentedRaftLog:OPENED:c-1,f-1,i0, conf=-1: [9b3ef6c9-0245-4756-bf80-45d41f7a4453:192.168.157.220:37058, cd11b2f5-3187-4d03-bd60-931991550c17:192.168.157.220:43236, 9dbd5372-55c2-4532-b354-9494d3d545d2:192.168.157.220:42993], old=null
2019-10-30 11:52:47,671 [9dbd5372-55c2-4532-b354-9494d3d545d2@group-F367C8FA5986-LeaderElection223] INFO  impl.RaftServerImpl (RaftServerImpl.java:setRole(184)) - 9dbd5372-55c2-4532-b354-9494d3d545d2@group-F367C8FA5986: changes role from CANDIDATE to FOLLOWER at term 113 for DISCOVERED_A_NEW_TERM
2019-10-30 11:52:47,671 [9dbd5372-55c2-4532-b354-9494d3d545d2@group-F367C8FA5986-LeaderElection223] INFO  impl.RoleInfo (RoleInfo.java:shutdownLeaderElection(134)) - 9dbd5372-55c2-4532-b354-9494d3d545d2: shutdown LeaderElection
2019-10-30 11:52:47,671 [9dbd5372-55c2-4532-b354-9494d3d545d2@group-F367C8FA5986-LeaderElection223] INFO  impl.RoleInfo (RoleInfo.java:updateAndGet(143)) - 9dbd5372-55c2-4532-b354-9494d3d545d2: start FollowerState
2019-10-30 11:52:47,683 [Thread-1843] INFO  impl.FollowerState (FollowerState.java:run(108)) - f26e10ed-fb17-49e6-a903-eadc130d13d1@group-83984122B78E-FollowerState: change to CANDIDATE, lastRpcTime:158ms, electionTimeout:158ms
2019-10-30 11:52:47,683 [Thread-1843] INFO  impl.RoleInfo (RoleInfo.java:shutdownFollowerState(121)) - f26e10ed-fb17-49e6-a903-eadc130d13d1: shutdown FollowerState
2019-10-30 11:52:47,683 [Thread-1843] INFO  impl.RaftServerImpl (RaftServerImpl.java:setRole(184)) - f26e10ed-fb17-49e6-a903-eadc130d13d1@group-83984122B78E: changes role from  FOLLOWER to CANDIDATE at term 118 for changeToCandidate
2019-10-30 11:52:47,683 [Thread-1843] INFO  impl.RoleInfo (RoleInfo.java:updateAndGet(143)) - f26e10ed-fb17-49e6-a903-eadc130d13d1: start LeaderElection
2019-10-30 11:52:47,694 [f26e10ed-fb17-49e6-a903-eadc130d13d1@group-83984122B78E-LeaderElection224] INFO  impl.LeaderElection (LeaderElection.java:askForVotes(178)) - f26e10ed-fb17-49e6-a903-eadc130d13d1@group-83984122B78E-LeaderElection224: begin an election at term 119 for -1: [4f16e274-8663-4a15-9c4c-c81f650ab979:192.168.157.220:38181, 4cc44201-a597-43af-a4ec-5b1b407a6250:192.168.157.220:36685, f26e10ed-fb17-49e6-a903-eadc130d13d1:192.168.157.220:32806], old=null
2019-10-30 11:52:47,696 [grpc-default-executor-1] INFO  impl.RaftServerImpl (RaftServerImpl.java:setRole(184)) - 4f16e274-8663-4a15-9c4c-c81f650ab979@group-83984122B78E: changes role from  FOLLOWER to FOLLOWER at term 119 for recognizeCandidate:f26e10ed-fb17-49e6-a903-eadc130d13d1
2019-10-30 11:52:47,696 [grpc-default-executor-1] INFO  impl.RoleInfo (RoleInfo.java:shutdownFollowerState(121)) - 4f16e274-8663-4a15-9c4c-c81f650ab979: shutdown FollowerState
2019-10-30 11:52:47,696 [grpc-default-executor-1] INFO  impl.RoleInfo (RoleInfo.java:updateAndGet(143)) - 4f16e274-8663-4a15-9c4c-c81f650ab979: start FollowerState
2019-10-30 11:52:47,696 [grpc-default-executor-7] INFO  impl.RaftServerImpl (RaftServerImpl.java:setRole(184)) - 4cc44201-a597-43af-a4ec-5b1b407a6250@group-83984122B78E: changes role from  FOLLOWER to FOLLOWER at term 119 for recognizeCandidate:f26e10ed-fb17-49e6-a903-eadc130d13d1
2019-10-30 11:52:47,696 [Thread-1841] INFO  impl.FollowerState (FollowerState.java:run(117)) - 4f16e274-8663-4a15-9c4c-c81f650ab979@group-83984122B78E-FollowerState was interrupted: java.lang.InterruptedException: sleep interrupted
2019-10-30 11:52:47,696 [grpc-default-executor-7] INFO  impl.RoleInfo (RoleInfo.java:shutdownFollowerState(121)) - 4cc44201-a597-43af-a4ec-5b1b407a6250: shutdown FollowerState
2019-10-30 11:52:47,697 [grpc-default-executor-7] INFO  impl.RoleInfo (RoleInfo.java:updateAndGet(143)) - 4cc44201-a597-43af-a4ec-5b1b407a6250: start FollowerState
2019-10-30 11:52:47,697 [Thread-1838] INFO  impl.FollowerState (FollowerState.java:run(117)) - 4cc44201-a597-43af-a4ec-5b1b407a6250@group-83984122B78E-FollowerState was interrupted: java.lang.InterruptedException: sleep interrupted
2019-10-30 11:52:47,711 [f26e10ed-fb17-49e6-a903-eadc130d13d1@group-83984122B78E-LeaderElection224] INFO  impl.LeaderElection (LeaderElection.java:logAndReturn(56)) - f26e10ed-fb17-49e6-a903-eadc130d13d1@group-83984122B78E-LeaderElection224: Election REJECTED; received 2 response(s) [f26e10ed-fb17-49e6-a903-eadc130d13d1<-4f16e274-8663-4a15-9c4c-c81f650ab979#0:FAIL-t119, f26e10ed-fb17-49e6-a903-eadc130d13d1<-4cc44201-a597-43af-a4ec-5b1b407a6250#0:FAIL-t119] and 0 exception(s); f26e10ed-fb17-49e6-a903-eadc130d13d1@group-83984122B78E:t119, leader=null, voted=f26e10ed-fb17-49e6-a903-eadc130d13d1, raftlog=f26e10ed-fb17-49e6-a903-eadc130d13d1@group-83984122B78E-SegmentedRaftLog:OPENED:c-1,f-1,i0, conf=-1: [4f16e274-8663-4a15-9c4c-c81f650ab979:192.168.157.220:38181, 4cc44201-a597-43af-a4ec-5b1b407a6250:192.168.157.220:36685, f26e10ed-fb17-49e6-a903-eadc130d13d1:192.168.157.220:32806], old=null
2019-10-30 11:52:47,711 [f26e10ed-fb17-49e6-a903-eadc130d13d1@group-83984122B78E-LeaderElection224] INFO  impl.RaftServerImpl (RaftServerImpl.java:setRole(184)) - f26e10ed-fb17-49e6-a903-eadc130d13d1@group-83984122B78E: changes role from CANDIDATE to FOLLOWER at term 119 for DISCOVERED_A_NEW_TERM
2019-10-30 11:52:47,712 [f26e10ed-fb17-49e6-a903-eadc130d13d1@group-83984122B78E-LeaderElection224] INFO  impl.RoleInfo (RoleInfo.java:shutdownLeaderElection(134)) - f26e10ed-fb17-49e6-a903-eadc130d13d1: shutdown LeaderElection
2019-10-30 11:52:47,712 [f26e10ed-fb17-49e6-a903-eadc130d13d1@group-83984122B78E-LeaderElection224] INFO  impl.RoleInfo (RoleInfo.java:updateAndGet(143)) - f26e10ed-fb17-49e6-a903-eadc130d13d1: start FollowerState
2019-10-30 11:52:47,790 [Thread-1857] INFO  impl.FollowerState (FollowerState.java:run(108)) - f26e10ed-fb17-49e6-a903-eadc130d13d1@group-83984122B78E-FollowerState: change to CANDIDATE, lastRpcTime:78ms, electionTimeout:78ms
2019-10-30 11:52:47,790 [Thread-1857] INFO  impl.RoleInfo (RoleInfo.java:shutdownFollowerState(121)) - f26e10ed-fb17-49e6-a903-eadc130d13d1: shutdown FollowerState
2019-10-30 11:52:47,790 [Thread-1857] INFO  impl.RaftServerImpl (RaftServerImpl.java:setRole(184)) - f26e10ed-fb17-49e6-a903-eadc130d13d1@group-83984122B78E: changes role from  FOLLOWER to CANDIDATE at term 119 for changeToCandidate
2019-10-30 11:52:47,790 [Thread-1857] INFO  impl.RoleInfo (RoleInfo.java:updateAndGet(143)) - f26e10ed-fb17-49e6-a903-eadc130d13d1: start LeaderElection
2019-10-30 11:52:47,796 [f26e10ed-fb17-49e6-a903-eadc130d13d1@group-83984122B78E-LeaderElection225] INFO  impl.LeaderElection (LeaderElection.java:askForVotes(178)) - f26e10ed-fb17-49e6-a903-eadc130d13d1@group-83984122B78E-LeaderElection225: begin an election at term 120 for -1: [4f16e274-8663-4a15-9c4c-c81f650ab979:192.168.157.220:38181, 4cc44201-a597-43af-a4ec-5b1b407a6250:192.168.157.220:36685, f26e10ed-fb17-49e6-a903-eadc130d13d1:192.168.157.220:32806], old=null
2019-10-30 11:52:47,798 [grpc-default-executor-1] INFO  impl.RaftServerImpl (RaftServerImpl.java:setRole(184)) - 4f16e274-8663-4a15-9c4c-c81f650ab979@group-83984122B78E: changes role from  FOLLOWER to FOLLOWER at term 120 for recognizeCandidate:f26e10ed-fb17-49e6-a903-eadc130d13d1
2019-10-30 11:52:47,798 [grpc-default-executor-1] INFO  impl.RoleInfo (RoleInfo.java:shutdownFollowerState(121)) - 4f16e274-8663-4a15-9c4c-c81f650ab979: shutdown FollowerState
2019-10-30 11:52:47,798 [grpc-default-executor-1] INFO  impl.RoleInfo (RoleInfo.java:updateAndGet(143)) - 4f16e274-8663-4a15-9c4c-c81f650ab979: start FollowerState
2019-10-30 11:52:47,798 [Thread-1855] INFO  impl.FollowerState (FollowerState.java:run(117)) - 4f16e274-8663-4a15-9c4c-c81f650ab979@group-83984122B78E-FollowerState was interrupted: java.lang.InterruptedException: sleep interrupted
2019-10-30 11:52:47,798 [grpc-default-executor-7] INFO  impl.RaftServerImpl (RaftServerImpl.java:setRole(184)) - 4cc44201-a597-43af-a4ec-5b1b407a6250@group-83984122B78E: changes role from  FOLLOWER to FOLLOWER at term 120 for recognizeCandidate:f26e10ed-fb17-49e6-a903-eadc130d13d1
2019-10-30 11:52:47,798 [grpc-default-executor-7] INFO  impl.RoleInfo (RoleInfo.java:shutdownFollowerState(121)) - 4cc44201-a597-43af-a4ec-5b1b407a6250: shutdown FollowerState
2019-10-30 11:52:47,800 [Thread-1856] INFO  impl.FollowerState (FollowerState.java:run(117)) - 4cc44201-a597-43af-a4ec-5b1b407a6250@group-83984122B78E-FollowerState was interrupted: java.lang.InterruptedException: sleep interrupted
2019-10-30 11:52:47,800 [grpc-default-executor-7] INFO  impl.RoleInfo (RoleInfo.java:updateAndGet(143)) - 4cc44201-a597-43af-a4ec-5b1b407a6250: start FollowerState
2019-10-30 11:52:47,804 [f26e10ed-fb17-49e6-a903-eadc130d13d1@group-83984122B78E-LeaderElection225] INFO  impl.LeaderElection (LeaderElection.java:logAndReturn(56)) - f26e10ed-fb17-49e6-a903-eadc130d13d1@group-83984122B78E-LeaderElection225: Election REJECTED; received 2 response(s) [f26e10ed-fb17-49e6-a903-eadc130d13d1<-4f16e274-8663-4a15-9c4c-c81f650ab979#0:FAIL-t120, f26e10ed-fb17-49e6-a903-eadc130d13d1<-4cc44201-a597-43af-a4ec-5b1b407a6250#0:FAIL-t120] and 0 exception(s); f26e10ed-fb17-49e6-a903-eadc130d13d1@group-83984122B78E:t120, leader=null, voted=f26e10ed-fb17-49e6-a903-eadc130d13d1, raftlog=f26e10ed-fb17-49e6-a903-eadc130d13d1@group-83984122B78E-SegmentedRaftLog:OPENED:c-1,f-1,i0, conf=-1: [4f16e274-8663-4a15-9c4c-c81f650ab979:192.168.157.220:38181, 4cc44201-a597-43af-a4ec-5b1b407a6250:192.168.157.220:36685, f26e10ed-fb17-49e6-a903-eadc130d13d1:192.168.157.220:32806], old=null
2019-10-30 11:52:47,804 [f26e10ed-fb17-49e6-a903-eadc130d13d1@group-83984122B78E-LeaderElection225] INFO  impl.RaftServerImpl (RaftServerImpl.java:setRole(184)) - f26e10ed-fb17-49e6-a903-eadc130d13d1@group-83984122B78E: changes role from CANDIDATE to FOLLOWER at term 120 for DISCOVERED_A_NEW_TERM
2019-10-30 11:52:47,804 [f26e10ed-fb17-49e6-a903-eadc130d13d1@group-83984122B78E-LeaderElection225] INFO  impl.RoleInfo (RoleInfo.java:shutdownLeaderElection(134)) - f26e10ed-fb17-49e6-a903-eadc130d13d1: shutdown LeaderElection
2019-10-30 11:52:47,804 [f26e10ed-fb17-49e6-a903-eadc130d13d1@group-83984122B78E-LeaderElection225] INFO  impl.RoleInfo (RoleInfo.java:updateAndGet(143)) - f26e10ed-fb17-49e6-a903-eadc130d13d1: start FollowerState
2019-10-30 11:52:47,837 [Thread-1863] INFO  impl.FollowerState (FollowerState.java:run(108)) - f26e10ed-fb17-49e6-a903-eadc130d13d1@group-83984122B78E-FollowerState: change to CANDIDATE, lastRpcTime:33ms, electionTimeout:33ms
2019-10-30 11:52:47,837 [Thread-1863] INFO  impl.RoleInfo (RoleInfo.java:shutdownFollowerState(121)) - f26e10ed-fb17-49e6-a903-eadc130d13d1: shutdown FollowerState
2019-10-30 11:52:47,838 [Thread-1863] INFO  impl.RaftServerImpl (RaftServerImpl.java:setRole(184)) - f26e10ed-fb17-49e6-a903-eadc130d13d1@group-83984122B78E: changes role from  FOLLOWER to CANDIDATE at term 120 for changeToCandidate
2019-10-30 11:52:47,838 [Thread-1863] INFO  impl.RoleInfo (RoleInfo.java:updateAndGet(143)) - f26e10ed-fb17-49e6-a903-eadc130d13d1: start LeaderElection
2019-10-30 11:52:47,851 [f26e10ed-fb17-49e6-a903-eadc130d13d1@group-83984122B78E-LeaderElection226] INFO  impl.LeaderElection (LeaderElection.java:askForVotes(178)) - f26e10ed-fb17-49e6-a903-eadc130d13d1@group-83984122B78E-LeaderElection226: begin an election at term 121 for -1: [4f16e274-8663-4a15-9c4c-c81f650ab979:192.168.157.220:38181, 4cc44201-a597-43af-a4ec-5b1b407a6250:192.168.157.220:36685, f26e10ed-fb17-49e6-a903-eadc130d13d1:192.168.157.220:32806], old=null
2019-10-30 11:52:47,851 [Thread-1851] INFO  impl.FollowerState (FollowerState.java:run(108)) - 9dbd5372-55c2-4532-b354-9494d3d545d2@group-F367C8FA5986-FollowerState: change to CANDIDATE, lastRpcTime:180ms, electionTimeout:180ms
2019-10-30 11:52:47,851 [Thread-1851] INFO  impl.RoleInfo (RoleInfo.java:shutdownFollowerState(121)) - 9dbd5372-55c2-4532-b354-9494d3d545d2: shutdown FollowerState
2019-10-30 11:52:47,851 [Thread-1851] INFO  impl.RaftServerImpl (RaftServerImpl.java:setRole(184)) - 9dbd5372-55c2-4532-b354-9494d3d545d2@group-F367C8FA5986: changes role from  FOLLOWER to CANDIDATE at term 113 for changeToCandidate
2019-10-30 11:52:47,852 [f26e10ed-fb17-49e6-a903-eadc130d13d1@group-83984122B78E-LeaderElection226] INFO  impl.LeaderElection (LeaderElection.java:logAndReturn(56)) - f26e10ed-fb17-49e6-a903-eadc130d13d1@group-83984122B78E-LeaderElection226: Election TIMEOUT; received 0 response(s) [] and 0 exception(s); f26e10ed-fb17-49e6-a903-eadc130d13d1@group-83984122B78E:t121, leader=null, voted=f26e10ed-fb17-49e6-a903-eadc130d13d1, raftlog=f26e10ed-fb17-49e6-a903-eadc130d13d1@group-83984122B78E-SegmentedRaftLog:OPENED:c-1,f-1,i0, conf=-1: [4f16e274-8663-4a15-9c4c-c81f650ab979:192.168.157.220:38181, 4cc44201-a597-43af-a4ec-5b1b407a6250:192.168.157.220:36685, f26e10ed-fb17-49e6-a903-eadc130d13d1:192.168.157.220:32806], old=null
2019-10-30 11:52:47,852 [Thread-1851] INFO  impl.RoleInfo (RoleInfo.java:updateAndGet(143)) - 9dbd5372-55c2-4532-b354-9494d3d545d2: start LeaderElection
2019-10-30 11:52:47,853 [grpc-default-executor-1] INFO  impl.RaftServerImpl (RaftServerImpl.java:setRole(184)) - 4cc44201-a597-43af-a4ec-5b1b407a6250@group-83984122B78E: changes role from  FOLLOWER to FOLLOWER at term 121 for recognizeCandidate:f26e10ed-fb17-49e6-a903-eadc130d13d1
2019-10-30 11:52:47,853 [grpc-default-executor-1] INFO  impl.RoleInfo (RoleInfo.java:shutdownFollowerState(121)) - 4cc44201-a597-43af-a4ec-5b1b407a6250: shutdown FollowerState
2019-10-30 11:52:47,853 [grpc-default-executor-7] INFO  impl.RaftServerImpl (RaftServerImpl.java:setRole(184)) - 4f16e274-8663-4a15-9c4c-c81f650ab979@group-83984122B78E: changes role from  FOLLOWER to FOLLOWER at term 121 for recognizeCandidate:f26e10ed-fb17-49e6-a903-eadc130d13d1
2019-10-30 11:52:47,854 [grpc-default-executor-7] INFO  impl.RoleInfo (RoleInfo.java:shutdownFollowerState(121)) - 4f16e274-8663-4a15-9c4c-c81f650ab979: shutdown FollowerState
2019-10-30 11:52:47,854 [grpc-default-executor-7] INFO  impl.RoleInfo (RoleInfo.java:updateAndGet(143)) - 4f16e274-8663-4a15-9c4c-c81f650ab979: start FollowerState
2019-10-30 11:52:47,853 [grpc-default-executor-1] INFO  impl.RoleInfo (RoleInfo.java:updateAndGet(143)) - 4cc44201-a597-43af-a4ec-5b1b407a6250: start FollowerState
2019-10-30 11:52:47,854 [Thread-1861] INFO  impl.FollowerState (FollowerState.java:run(117)) - 4f16e274-8663-4a15-9c4c-c81f650ab979@group-83984122B78E-FollowerState was interrupted: java.lang.InterruptedException: sleep interrupted
2019-10-30 11:52:47,854 [Thread-1862] INFO  impl.FollowerState (FollowerState.java:run(117)) - 4cc44201-a597-43af-a4ec-5b1b407a6250@group-83984122B78E-FollowerState was interrupted: java.lang.InterruptedException: sleep interrupted
2019-10-30 11:52:47,864 [f26e10ed-fb17-49e6-a903-eadc130d13d1@group-83984122B78E-LeaderElection226] INFO  impl.LeaderElection (LeaderElection.java:askForVotes(178)) - f26e10ed-fb17-49e6-a903-eadc130d13d1@group-83984122B78E-LeaderElection226: begin an election at term 122 for -1: [4f16e274-8663-4a15-9c4c-c81f650ab979:192.168.157.220:38181, 4cc44201-a597-43af-a4ec-5b1b407a6250:192.168.157.220:36685, f26e10ed-fb17-49e6-a903-eadc130d13d1:192.168.157.220:32806], old=null
2019-10-30 11:52:47,867 [9dbd5372-55c2-4532-b354-9494d3d545d2@group-F367C8FA5986-LeaderElection227] INFO  impl.LeaderElection (LeaderElection.java:askForVotes(178)) - 9dbd5372-55c2-4532-b354-9494d3d545d2@group-F367C8FA5986-LeaderElection227: begin an election at term 114 for -1: [9b3ef6c9-0245-4756-bf80-45d41f7a4453:192.168.157.220:37058, cd11b2f5-3187-4d03-bd60-931991550c17:192.168.157.220:43236, 9dbd5372-55c2-4532-b354-9494d3d545d2:192.168.157.220:42993], old=null
2019-10-30 11:52:47,867 [grpc-default-executor-8] INFO  impl.RaftServerImpl (RaftServerImpl.java:setRole(184)) - 4f16e274-8663-4a15-9c4c-c81f650ab979@group-83984122B78E: changes role from  FOLLOWER to FOLLOWER at term 122 for recognizeCandidate:f26e10ed-fb17-49e6-a903-eadc130d13d1
2019-10-30 11:52:47,867 [grpc-default-executor-6] INFO  impl.RaftServerImpl (RaftServerImpl.java:setRole(184)) - 4cc44201-a597-43af-a4ec-5b1b407a6250@group-83984122B78E: changes role from  FOLLOWER to FOLLOWER at term 122 for recognizeCandidate:f26e10ed-fb17-49e6-a903-eadc130d13d1
2019-10-30 11:52:47,868 [grpc-default-executor-6] INFO  impl.RoleInfo (RoleInfo.java:shutdownFollowerState(121)) - 4cc44201-a597-43af-a4ec-5b1b407a6250: shutdown FollowerState
2019-10-30 11:52:47,868 [grpc-default-executor-6] INFO  impl.RoleInfo (RoleInfo.java:updateAndGet(143)) - 4cc44201-a597-43af-a4ec-5b1b407a6250: start FollowerState
2019-10-30 11:52:47,868 [grpc-default-executor-8] INFO  impl.RoleInfo (RoleInfo.java:shutdownFollowerState(121)) - 4f16e274-8663-4a15-9c4c-c81f650ab979: shutdown FollowerState
2019-10-30 11:52:47,868 [Thread-1868] INFO  impl.FollowerState (FollowerState.java:run(117)) - 4cc44201-a597-43af-a4ec-5b1b407a6250@group-83984122B78E-FollowerState was interrupted: java.lang.InterruptedException: sleep interrupted
2019-10-30 11:52:47,868 [grpc-default-executor-8] INFO  impl.RoleInfo (RoleInfo.java:updateAndGet(143)) - 4f16e274-8663-4a15-9c4c-c81f650ab979: start FollowerState
2019-10-30 11:52:47,868 [Thread-1869] INFO  impl.FollowerState (FollowerState.java:run(117)) - 4f16e274-8663-4a15-9c4c-c81f650ab979@group-83984122B78E-FollowerState was interrupted: java.lang.InterruptedException: sleep interrupted
2019-10-30 11:52:47,869 [grpc-default-executor-7] INFO  impl.RaftServerImpl (RaftServerImpl.java:setRole(184)) - 9b3ef6c9-0245-4756-bf80-45d41f7a4453@group-F367C8FA5986: changes role from  FOLLOWER to FOLLOWER at term 114 for recognizeCandidate:9dbd5372-55c2-4532-b354-9494d3d545d2
2019-10-30 11:52:47,869 [grpc-default-executor-7] INFO  impl.RoleInfo (RoleInfo.java:shutdownFollowerState(121)) - 9b3ef6c9-0245-4756-bf80-45d41f7a4453: shutdown FollowerState
2019-10-30 11:52:47,869 [grpc-default-executor-7] INFO  impl.RoleInfo (RoleInfo.java:updateAndGet(143)) - 9b3ef6c9-0245-4756-bf80-45d41f7a4453: start FollowerState
2019-10-30 11:52:47,870 [Thread-1849] INFO  impl.FollowerState (FollowerState.java:run(117)) - 9b3ef6c9-0245-4756-bf80-45d41f7a4453@group-F367C8FA5986-FollowerState was interrupted: java.lang.InterruptedException: sleep interrupted
2019-10-30 11:52:47,870 [grpc-default-executor-1] INFO  impl.RaftServerImpl (RaftServerImpl.java:setRole(184)) - cd11b2f5-3187-4d03-bd60-931991550c17@group-F367C8FA5986: changes role from  FOLLOWER to FOLLOWER at term 114 for recognizeCandidate:9dbd5372-55c2-4532-b354-9494d3d545d2
2019-10-30 11:52:47,870 [grpc-default-executor-1] INFO  impl.RoleInfo (RoleInfo.java:shutdownFollowerState(121)) - cd11b2f5-3187-4d03-bd60-931991550c17: shutdown FollowerState
2019-10-30 11:52:47,870 [grpc-default-executor-1] INFO  impl.RoleInfo (RoleInfo.java:updateAndGet(143)) - cd11b2f5-3187-4d03-bd60-931991550c17: start FollowerState
2019-10-30 11:52:47,870 [Thread-1850] INFO  impl.FollowerState (FollowerState.java:run(117)) - cd11b2f5-3187-4d03-bd60-931991550c17@group-F367C8FA5986-FollowerState was interrupted: java.lang.InterruptedException: sleep interrupted
2019-10-30 11:52:47,872 [f26e10ed-fb17-49e6-a903-eadc130d13d1@group-83984122B78E-LeaderElection226] INFO  impl.LeaderElection (LeaderElection.java:logAndReturn(56)) - f26e10ed-fb17-49e6-a903-eadc130d13d1@group-83984122B78E-LeaderElection226: Election REJECTED; received 2 response(s) [f26e10ed-fb17-49e6-a903-eadc130d13d1<-4f16e274-8663-4a15-9c4c-c81f650ab979#0:FAIL-t122, f26e10ed-fb17-49e6-a903-eadc130d13d1<-4cc44201-a597-43af-a4ec-5b1b407a6250#0:FAIL-t122] and 0 exception(s); f26e10ed-fb17-49e6-a903-eadc130d13d1@group-83984122B78E:t122, leader=null, voted=f26e10ed-fb17-49e6-a903-eadc130d13d1, raftlog=f26e10ed-fb17-49e6-a903-eadc130d13d1@group-83984122B78E-SegmentedRaftLog:OPENED:c-1,f-1,i0, conf=-1: [4f16e274-8663-4a15-9c4c-c81f650ab979:192.168.157.220:38181, 4cc44201-a597-43af-a4ec-5b1b407a6250:192.168.157.220:36685, f26e10ed-fb17-49e6-a903-eadc130d13d1:192.168.157.220:32806], old=null
2019-10-30 11:52:47,872 [f26e10ed-fb17-49e6-a903-eadc130d13d1@group-83984122B78E-LeaderElection226] INFO  impl.RaftServerImpl (RaftServerImpl.java:setRole(184)) - f26e10ed-fb17-49e6-a903-eadc130d13d1@group-83984122B78E: changes role from CANDIDATE to FOLLOWER at term 122 for DISCOVERED_A_NEW_TERM
2019-10-30 11:52:47,872 [f26e10ed-fb17-49e6-a903-eadc130d13d1@group-83984122B78E-LeaderElection226] INFO  impl.RoleInfo (RoleInfo.java:shutdownLeaderElection(134)) - f26e10ed-fb17-49e6-a903-eadc130d13d1: shutdown LeaderElection
2019-10-30 11:52:47,872 [f26e10ed-fb17-49e6-a903-eadc130d13d1@group-83984122B78E-LeaderElection226] INFO  impl.RoleInfo (RoleInfo.java:updateAndGet(143)) - f26e10ed-fb17-49e6-a903-eadc130d13d1: start FollowerState
2019-10-30 11:52:47,879 [9dbd5372-55c2-4532-b354-9494d3d545d2@group-F367C8FA5986-LeaderElection227] INFO  impl.LeaderElection (LeaderElection.java:logAndReturn(56)) - 9dbd5372-55c2-4532-b354-9494d3d545d2@group-F367C8FA5986-LeaderElection227: Election REJECTED; received 2 response(s) [9dbd5372-55c2-4532-b354-9494d3d545d2<-9b3ef6c9-0245-4756-bf80-45d41f7a4453#0:FAIL-t114, 9dbd5372-55c2-4532-b354-9494d3d545d2<-cd11b2f5-3187-4d03-bd60-931991550c17#0:FAIL-t114] and 0 exception(s); 9dbd5372-55c2-4532-b354-9494d3d545d2@group-F367C8FA5986:t114, leader=null, voted=9dbd5372-55c2-4532-b354-9494d3d545d2, raftlog=9dbd5372-55c2-4532-b354-9494d3d545d2@group-F367C8FA5986-SegmentedRaftLog:OPENED:c-1,f-1,i0, conf=-1: [9b3ef6c9-0245-4756-bf80-45d41f7a4453:192.168.157.220:37058, cd11b2f5-3187-4d03-bd60-931991550c17:192.168.157.220:43236, 9dbd5372-55c2-4532-b354-9494d3d545d2:192.168.157.220:42993], old=null
2019-10-30 11:52:47,879 [9dbd5372-55c2-4532-b354-9494d3d545d2@group-F367C8FA5986-LeaderElection227] INFO  impl.RaftServerImpl (RaftServerImpl.java:setRole(184)) - 9dbd5372-55c2-4532-b354-9494d3d545d2@group-F367C8FA5986: changes role from CANDIDATE to FOLLOWER at term 114 for DISCOVERED_A_NEW_TERM
2019-10-30 11:52:47,879 [9dbd5372-55c2-4532-b354-9494d3d545d2@group-F367C8FA5986-LeaderElection227] INFO  impl.RoleInfo (RoleInfo.java:shutdownLeaderElection(134)) - 9dbd5372-55c2-4532-b354-9494d3d545d2: shutdown LeaderElection
2019-10-30 11:52:47,880 [9dbd5372-55c2-4532-b354-9494d3d545d2@group-F367C8FA5986-LeaderElection227] INFO  impl.RoleInfo (RoleInfo.java:updateAndGet(143)) - 9dbd5372-55c2-4532-b354-9494d3d545d2: start FollowerState
2019-10-30 11:52:47,972 [Thread-1878] INFO  impl.FollowerState (FollowerState.java:run(108)) - f26e10ed-fb17-49e6-a903-eadc130d13d1@group-83984122B78E-FollowerState: change to CANDIDATE, lastRpcTime:100ms, electionTimeout:100ms
2019-10-30 11:52:47,972 [Thread-1878] INFO  impl.RoleInfo (RoleInfo.java:shutdownFollowerState(121)) - f26e10ed-fb17-49e6-a903-eadc130d13d1: shutdown FollowerState
2019-10-30 11:52:47,972 [Thread-1878] INFO  impl.RaftServerImpl (RaftServerImpl.java:setRole(184)) - f26e10ed-fb17-49e6-a903-eadc130d13d1@group-83984122B78E: changes role from  FOLLOWER to CANDIDATE at term 122 for changeToCandidate
2019-10-30 11:52:47,973 [Thread-1878] INFO  impl.RoleInfo (RoleInfo.java:updateAndGet(143)) - f26e10ed-fb17-49e6-a903-eadc130d13d1: start LeaderElection
2019-10-30 11:52:47,978 [f26e10ed-fb17-49e6-a903-eadc130d13d1@group-83984122B78E-LeaderElection228] INFO  impl.LeaderElection (LeaderElection.java:askForVotes(178)) - f26e10ed-fb17-49e6-a903-eadc130d13d1@group-83984122B78E-LeaderElection228: begin an election at term 123 for -1: [4f16e274-8663-4a15-9c4c-c81f650ab979:192.168.157.220:38181, 4cc44201-a597-43af-a4ec-5b1b407a6250:192.168.157.220:36685, f26e10ed-fb17-49e6-a903-eadc130d13d1:192.168.157.220:32806], old=null
2019-10-30 11:52:47,979 [grpc-default-executor-1] INFO  impl.RaftServerImpl (RaftServerImpl.java:setRole(184)) - 4f16e274-8663-4a15-9c4c-c81f650ab979@group-83984122B78E: changes role from  FOLLOWER to FOLLOWER at term 123 for recognizeCandidate:f26e10ed-fb17-49e6-a903-eadc130d13d1
2019-10-30 11:52:47,980 [grpc-default-executor-7] INFO  impl.RaftServerImpl (RaftServerImpl.java:setRole(184)) - 4cc44201-a597-43af-a4ec-5b1b407a6250@group-83984122B78E: changes role from  FOLLOWER to FOLLOWER at term 123 for recognizeCandidate:f26e10ed-fb17-49e6-a903-eadc130d13d1
2019-10-30 11:52:47,980 [grpc-default-executor-1] INFO  impl.RoleInfo (RoleInfo.java:shutdownFollowerState(121)) - 4f16e274-8663-4a15-9c4c-c81f650ab979: shutdown FollowerState
2019-10-30 11:52:47,980 [grpc-default-executor-7] INFO  impl.RoleInfo (RoleInfo.java:shutdownFollowerState(121)) - 4cc44201-a597-43af-a4ec-5b1b407a6250: shutdown FollowerState
2019-10-30 11:52:47,980 [grpc-default-executor-1] INFO  impl.RoleInfo (RoleInfo.java:updateAndGet(143)) - 4f16e274-8663-4a15-9c4c-c81f650ab979: start FollowerState
2019-10-30 11:52:47,980 [Thread-1875] INFO  impl.FollowerState (FollowerState.java:run(117)) - 4f16e274-8663-4a15-9c4c-c81f650ab979@group-83984122B78E-FollowerState was interrupted: java.lang.InterruptedException: sleep interrupted
2019-10-30 11:52:47,980 [Thread-1874] INFO  impl.FollowerState (FollowerState.java:run(117)) - 4cc44201-a597-43af-a4ec-5b1b407a6250@group-83984122B78E-FollowerState was interrupted: java.lang.InterruptedException: sleep interrupted
2019-10-30 11:52:47,980 [grpc-default-executor-7] INFO  impl.RoleInfo (RoleInfo.java:updateAndGet(143)) - 4cc44201-a597-43af-a4ec-5b1b407a6250: start FollowerState
2019-10-30 11:52:47,986 [f26e10ed-fb17-49e6-a903-eadc130d13d1@group-83984122B78E-LeaderElection228] INFO  impl.LeaderElection (LeaderElection.java:logAndReturn(56)) - f26e10ed-fb17-49e6-a903-eadc130d13d1@group-83984122B78E-LeaderElection228: Election TIMEOUT; received 0 response(s) [] and 0 exception(s); f26e10ed-fb17-49e6-a903-eadc130d13d1@group-83984122B78E:t123, leader=null, voted=f26e10ed-fb17-49e6-a903-eadc130d13d1, raftlog=f26e10ed-fb17-49e6-a903-eadc130d13d1@group-83984122B78E-SegmentedRaftLog:OPENED:c-1,f-1,i0, conf=-1: [4f16e274-8663-4a15-9c4c-c81f650ab979:192.168.157.220:38181, 4cc44201-a597-43af-a4ec-5b1b407a6250:192.168.157.220:36685, f26e10ed-fb17-49e6-a903-eadc130d13d1:192.168.157.220:32806], old=null
2019-10-30 11:52:47,998 [f26e10ed-fb17-49e6-a903-eadc130d13d1@group-83984122B78E-LeaderElection228] INFO  impl.LeaderElection (LeaderElection.java:askForVotes(178)) - f26e10ed-fb17-49e6-a903-eadc130d13d1@group-83984122B78E-LeaderElection228: begin an election at term 124 for -1: [4f16e274-8663-4a15-9c4c-c81f650ab979:192.168.157.220:38181, 4cc44201-a597-43af-a4ec-5b1b407a6250:192.168.157.220:36685, f26e10ed-fb17-49e6-a903-eadc130d13d1:192.168.157.220:32806], old=null
2019-10-30 11:52:48,000 [grpc-default-executor-1] INFO  impl.RaftServerImpl (RaftServerImpl.java:setRole(184)) - 4cc44201-a597-43af-a4ec-5b1b407a6250@group-83984122B78E: changes role from  FOLLOWER to FOLLOWER at term 124 for recognizeCandidate:f26e10ed-fb17-49e6-a903-eadc130d13d1
2019-10-30 11:52:48,001 [grpc-default-executor-1] INFO  impl.RoleInfo (RoleInfo.java:shutdownFollowerState(121)) - 4cc44201-a597-43af-a4ec-5b1b407a6250: shutdown FollowerState
2019-10-30 11:52:48,001 [grpc-default-executor-1] INFO  impl.RoleInfo (RoleInfo.java:updateAndGet(143)) - 4cc44201-a597-43af-a4ec-5b1b407a6250: start FollowerState
2019-10-30 11:52:48,001 [Thread-1884] INFO  impl.FollowerState (FollowerState.java:run(117)) - 4cc44201-a597-43af-a4ec-5b1b407a6250@group-83984122B78E-FollowerState was interrupted: java.lang.InterruptedException: sleep interrupted
2019-10-30 11:52:48,001 [grpc-default-executor-7] INFO  impl.RaftServerImpl (RaftServerImpl.java:setRole(184)) - 4f16e274-8663-4a15-9c4c-c81f650ab979@group-83984122B78E: changes role from  FOLLOWER to FOLLOWER at term 124 for recognizeCandidate:f26e10ed-fb17-49e6-a903-eadc130d13d1
2019-10-30 11:52:48,001 [grpc-default-executor-7] INFO  impl.RoleInfo (RoleInfo.java:shutdownFollowerState(121)) - 4f16e274-8663-4a15-9c4c-c81f650ab979: shutdown FollowerState
2019-10-30 11:52:48,001 [grpc-default-executor-7] INFO  impl.RoleInfo (RoleInfo.java:updateAndGet(143)) - 4f16e274-8663-4a15-9c4c-c81f650ab979: start FollowerState
2019-10-30 11:52:48,001 [Thread-1883] INFO  impl.FollowerState (FollowerState.java:run(117)) - 4f16e274-8663-4a15-9c4c-c81f650ab979@group-83984122B78E-FollowerState was interrupted: java.lang.InterruptedException: sleep interrupted
2019-10-30 11:52:48,007 [Thread-1879] INFO  impl.FollowerState (FollowerState.java:run(108)) - 9dbd5372-55c2-4532-b354-9494d3d545d2@group-F367C8FA5986-FollowerState: change to CANDIDATE, lastRpcTime:127ms, electionTimeout:127ms
2019-10-30 11:52:48,007 [f26e10ed-fb17-49e6-a903-eadc130d13d1@group-83984122B78E-LeaderElection228] INFO  impl.LeaderElection (LeaderElection.java:logAndReturn(56)) - f26e10ed-fb17-49e6-a903-eadc130d13d1@group-83984122B78E-LeaderElection228: Election REJECTED; received 2 response(s) [f26e10ed-fb17-49e6-a903-eadc130d13d1<-4f16e274-8663-4a15-9c4c-c81f650ab979#0:FAIL-t124, f26e10ed-fb17-49e6-a903-eadc130d13d1<-4cc44201-a597-43af-a4ec-5b1b407a6250#0:FAIL-t124] and 0 exception(s); f26e10ed-fb17-49e6-a903-eadc130d13d1@group-83984122B78E:t124, leader=null, voted=f26e10ed-fb17-49e6-a903-eadc130d13d1, raftlog=f26e10ed-fb17-49e6-a903-eadc130d13d1@group-83984122B78E-SegmentedRaftLog:OPENED:c-1,f-1,i0, conf=-1: [4f16e274-8663-4a15-9c4c-c81f650ab979:192.168.157.220:38181, 4cc44201-a597-43af-a4ec-5b1b407a6250:192.168.157.220:36685, f26e10ed-fb17-49e6-a903-eadc130d13d1:192.168.157.220:32806], old=null
2019-10-30 11:52:48,007 [Thread-1879] INFO  impl.RoleInfo (RoleInfo.java:shutdownFollowerState(121)) - 9dbd5372-55c2-4532-b354-9494d3d545d2: shutdown FollowerState
2019-10-30 11:52:48,007 [Thread-1879] INFO  impl.RaftServerImpl (RaftServerImpl.java:setRole(184)) - 9dbd5372-55c2-4532-b354-9494d3d545d2@group-F367C8FA5986: changes role from  FOLLOWER to CANDIDATE at term 114 for changeToCandidate
2019-10-30 11:52:48,007 [Thread-1879] INFO  impl.RoleInfo (RoleInfo.java:updateAndGet(143)) - 9dbd5372-55c2-4532-b354-9494d3d545d2: start LeaderElection
2019-10-30 11:52:48,007 [f26e10ed-fb17-49e6-a903-eadc130d13d1@group-83984122B78E-LeaderElection228] INFO  impl.RaftServerImpl (RaftServerImpl.java:setRole(184)) - f26e10ed-fb17-49e6-a903-eadc130d13d1@group-83984122B78E: changes role from CANDIDATE to FOLLOWER at term 124 for DISCOVERED_A_NEW_TERM
2019-10-30 11:52:48,007 [f26e10ed-fb17-49e6-a903-eadc130d13d1@group-83984122B78E-LeaderElection228] INFO  impl.RoleInfo (RoleInfo.java:shutdownLeaderElection(134)) - f26e10ed-fb17-49e6-a903-eadc130d13d1: shutdown LeaderElection
2019-10-30 11:52:48,008 [f26e10ed-fb17-49e6-a903-eadc130d13d1@group-83984122B78E-LeaderElection228] INFO  impl.RoleInfo (RoleInfo.java:updateAndGet(143)) - f26e10ed-fb17-49e6-a903-eadc130d13d1: start FollowerState
2019-10-30 11:52:48,013 [9dbd5372-55c2-4532-b354-9494d3d545d2@group-F367C8FA5986-LeaderElection229] INFO  impl.LeaderElection (LeaderElection.java:askForVotes(178)) - 9dbd5372-55c2-4532-b354-9494d3d545d2@group-F367C8FA5986-LeaderElection229: begin an election at term 115 for -1: [9b3ef6c9-0245-4756-bf80-45d41f7a4453:192.168.157.220:37058, cd11b2f5-3187-4d03-bd60-931991550c17:192.168.157.220:43236, 9dbd5372-55c2-4532-b354-9494d3d545d2:192.168.157.220:42993], old=null
2019-10-30 11:52:48,014 [grpc-default-executor-1] INFO  impl.RaftServerImpl (RaftServerImpl.java:setRole(184)) - cd11b2f5-3187-4d03-bd60-931991550c17@group-F367C8FA5986: changes role from  FOLLOWER to FOLLOWER at term 115 for recognizeCandidate:9dbd5372-55c2-4532-b354-9494d3d545d2
2019-10-30 11:52:48,014 [grpc-default-executor-7] INFO  impl.RaftServerImpl (RaftServerImpl.java:setRole(184)) - 9b3ef6c9-0245-4756-bf80-45d41f7a4453@group-F367C8FA5986: changes role from  FOLLOWER to FOLLOWER at term 115 for recognizeCandidate:9dbd5372-55c2-4532-b354-9494d3d545d2
2019-10-30 11:52:48,014 [grpc-default-executor-7] INFO  impl.RoleInfo (RoleInfo.java:shutdownFollowerState(121)) - 9b3ef6c9-0245-4756-bf80-45d41f7a4453: shutdown FollowerState
2019-10-30 11:52:48,014 [grpc-default-executor-1] INFO  impl.RoleInfo (RoleInfo.java:shutdownFollowerState(121)) - cd11b2f5-3187-4d03-bd60-931991550c17: shutdown FollowerState
2019-10-30 11:52:48,014 [Thread-1876] INFO  impl.FollowerState (FollowerState.java:run(117)) - 9b3ef6c9-0245-4756-bf80-45d41f7a4453@group-F367C8FA5986-FollowerState was interrupted: java.lang.InterruptedException: sleep interrupted
2019-10-30 11:52:48,014 [grpc-default-executor-7] INFO  impl.RoleInfo (RoleInfo.java:updateAndGet(143)) - 9b3ef6c9-0245-4756-bf80-45d41f7a4453: start FollowerState
2019-10-30 11:52:48,014 [grpc-default-executor-1] INFO  impl.RoleInfo (RoleInfo.java:updateAndGet(143)) - cd11b2f5-3187-4d03-bd60-931991550c17: start FollowerState
2019-10-30 11:52:48,015 [Thread-1877] INFO  impl.FollowerState (FollowerState.java:run(117)) - cd11b2f5-3187-4d03-bd60-931991550c17@group-F367C8FA5986-FollowerState was interrupted: java.lang.InterruptedException: sleep interrupted
2019-10-30 11:52:48,030 [9dbd5372-55c2-4532-b354-9494d3d545d2@group-F367C8FA5986-LeaderElection229] INFO  impl.LeaderElection (LeaderElection.java:logAndReturn(56)) - 9dbd5372-55c2-4532-b354-9494d3d545d2@group-F367C8FA5986-LeaderElection229: Election REJECTED; received 2 response(s) [9dbd5372-55c2-4532-b354-9494d3d545d2<-9b3ef6c9-0245-4756-bf80-45d41f7a4453#0:FAIL-t115, 9dbd5372-55c2-4532-b354-9494d3d545d2<-cd11b2f5-3187-4d03-bd60-931991550c17#0:FAIL-t115] and 0 exception(s); 9dbd5372-55c2-4532-b354-9494d3d545d2@group-F367C8FA5986:t115, leader=null, voted=9dbd5372-55c2-4532-b354-9494d3d545d2, raftlog=9dbd5372-55c2-4532-b354-9494d3d545d2@group-F367C8FA5986-SegmentedRaftLog:OPENED:c-1,f-1,i0, conf=-1: [9b3ef6c9-0245-4756-bf80-45d41f7a4453:192.168.157.220:37058, cd11b2f5-3187-4d03-bd60-931991550c17:192.168.157.220:43236, 9dbd5372-55c2-4532-b354-9494d3d545d2:192.168.157.220:42993], old=null
2019-10-30 11:52:48,030 [9dbd5372-55c2-4532-b354-9494d3d545d2@group-F367C8FA5986-LeaderElection229] INFO  impl.RaftServerImpl (RaftServerImpl.java:setRole(184)) - 9dbd5372-55c2-4532-b354-9494d3d545d2@group-F367C8FA5986: changes role from CANDIDATE to FOLLOWER at term 115 for DISCOVERED_A_NEW_TERM
2019-10-30 11:52:48,030 [9dbd5372-55c2-4532-b354-9494d3d545d2@group-F367C8FA5986-LeaderElection229] INFO  impl.RoleInfo (RoleInfo.java:shutdownLeaderElection(134)) - 9dbd5372-55c2-4532-b354-9494d3d545d2: shutdown LeaderElection
2019-10-30 11:52:48,031 [9dbd5372-55c2-4532-b354-9494d3d545d2@group-F367C8FA5986-LeaderElection229] INFO  impl.RoleInfo (RoleInfo.java:updateAndGet(143)) - 9dbd5372-55c2-4532-b354-9494d3d545d2: start FollowerState
2019-10-30 11:52:48,118 [Thread-1895] INFO  impl.FollowerState (FollowerState.java:run(108)) - 9dbd5372-55c2-4532-b354-9494d3d545d2@group-F367C8FA5986-FollowerState: change to CANDIDATE, lastRpcTime:87ms, electionTimeout:87ms
2019-10-30 11:52:48,118 [Thread-1895] INFO  impl.RoleInfo (RoleInfo.java:shutdownFollowerState(121)) - 9dbd5372-55c2-4532-b354-9494d3d545d2: shutdown FollowerState
2019-10-30 11:52:48,118 [Thread-1895] INFO  impl.RaftServerImpl (RaftServerImpl.java:setRole(184)) - 9dbd5372-55c2-4532-b354-9494d3d545d2@group-F367C8FA5986: changes role from  FOLLOWER to CANDIDATE at term 115 for changeToCandidate
2019-10-30 11:52:48,118 [Thread-1895] INFO  impl.RoleInfo (RoleInfo.java:updateAndGet(143)) - 9dbd5372-55c2-4532-b354-9494d3d545d2: start LeaderElection
2019-10-30 11:52:48,126 [Thread-1890] INFO  impl.FollowerState (FollowerState.java:run(108)) - f26e10ed-fb17-49e6-a903-eadc130d13d1@group-83984122B78E-FollowerState: change to CANDIDATE, lastRpcTime:118ms, electionTimeout:118ms
2019-10-30 11:52:48,126 [Thread-1890] INFO  impl.RoleInfo (RoleInfo.java:shutdownFollowerState(121)) - f26e10ed-fb17-49e6-a903-eadc130d13d1: shutdown FollowerState
2019-10-30 11:52:48,126 [Thread-1890] INFO  impl.RaftServerImpl (RaftServerImpl.java:setRole(184)) - f26e10ed-fb17-49e6-a903-eadc130d13d1@group-83984122B78E: changes role from  FOLLOWER to CANDIDATE at term 124 for changeToCandidate
2019-10-30 11:52:48,127 [Thread-1890] INFO  impl.RoleInfo (RoleInfo.java:updateAndGet(143)) - f26e10ed-fb17-49e6-a903-eadc130d13d1: start LeaderElection
2019-10-30 11:52:48,131 [f26e10ed-fb17-49e6-a903-eadc130d13d1@group-83984122B78E-LeaderElection231] INFO  impl.LeaderElection (LeaderElection.java:askForVotes(178)) - f26e10ed-fb17-49e6-a903-eadc130d13d1@group-83984122B78E-LeaderElection231: begin an election at term 125 for -1: [4f16e274-8663-4a15-9c4c-c81f650ab979:192.168.157.220:38181, 4cc44201-a597-43af-a4ec-5b1b407a6250:192.168.157.220:36685, f26e10ed-fb17-49e6-a903-eadc130d13d1:192.168.157.220:32806], old=null
2019-10-30 11:52:48,131 [9dbd5372-55c2-4532-b354-9494d3d545d2@group-F367C8FA5986-LeaderElection230] INFO  impl.LeaderElection (LeaderElection.java:askForVotes(178)) - 9dbd5372-55c2-4532-b354-9494d3d545d2@group-F367C8FA5986-LeaderElection230: begin an election at term 116 for -1: [9b3ef6c9-0245-4756-bf80-45d41f7a4453:192.168.157.220:37058, cd11b2f5-3187-4d03-bd60-931991550c17:192.168.157.220:43236, 9dbd5372-55c2-4532-b354-9494d3d545d2:192.168.157.220:42993], old=null
2019-10-30 11:52:48,133 [grpc-default-executor-1] INFO  impl.RaftServerImpl (RaftServerImpl.java:setRole(184)) - 4f16e274-8663-4a15-9c4c-c81f650ab979@group-83984122B78E: changes role from  FOLLOWER to FOLLOWER at term 125 for recognizeCandidate:f26e10ed-fb17-49e6-a903-eadc130d13d1
2019-10-30 11:52:48,133 [grpc-default-executor-1] INFO  impl.RoleInfo (RoleInfo.java:shutdownFollowerState(121)) - 4f16e274-8663-4a15-9c4c-c81f650ab979: shutdown FollowerState
2019-10-30 11:52:48,134 [grpc-default-executor-1] INFO  impl.RoleInfo (RoleInfo.java:updateAndGet(143)) - 4f16e274-8663-4a15-9c4c-c81f650ab979: start FollowerState
2019-10-30 11:52:48,134 [Thread-1888] INFO  impl.FollowerState (FollowerState.java:run(117)) - 4f16e274-8663-4a15-9c4c-c81f650ab979@group-83984122B78E-FollowerState was interrupted: java.lang.InterruptedException: sleep interrupted
2019-10-30 11:52:48,135 [grpc-default-executor-7] INFO  impl.RaftServerImpl (RaftServerImpl.java:setRole(184)) - 4cc44201-a597-43af-a4ec-5b1b407a6250@group-83984122B78E: changes role from  FOLLOWER to FOLLOWER at term 125 for recognizeCandidate:f26e10ed-fb17-49e6-a903-eadc130d13d1
2019-10-30 11:52:48,135 [grpc-default-executor-7] INFO  impl.RoleInfo (RoleInfo.java:shutdownFollowerState(121)) - 4cc44201-a597-43af-a4ec-5b1b407a6250: shutdown FollowerState
2019-10-30 11:52:48,135 [grpc-default-executor-7] INFO  impl.RoleInfo (RoleInfo.java:updateAndGet(143)) - 4cc44201-a597-43af-a4ec-5b1b407a6250: start FollowerState
2019-10-30 11:52:48,136 [grpc-default-executor-6] INFO  impl.RaftServerImpl (RaftServerImpl.java:setRole(184)) - 9b3ef6c9-0245-4756-bf80-45d41f7a4453@group-F367C8FA5986: changes role from  FOLLOWER to FOLLOWER at term 116 for recognizeCandidate:9dbd5372-55c2-4532-b354-9494d3d545d2
2019-10-30 11:52:48,136 [grpc-default-executor-6] INFO  impl.RoleInfo (RoleInfo.java:shutdownFollowerState(121)) - 9b3ef6c9-0245-4756-bf80-45d41f7a4453: shutdown FollowerState
2019-10-30 11:52:48,136 [grpc-default-executor-6] INFO  impl.RoleInfo (RoleInfo.java:updateAndGet(143)) - 9b3ef6c9-0245-4756-bf80-45d41f7a4453: start FollowerState
2019-10-30 11:52:48,137 [Thread-1893] INFO  impl.FollowerState (FollowerState.java:run(117)) - 9b3ef6c9-0245-4756-bf80-45d41f7a4453@group-F367C8FA5986-FollowerState was interrupted: java.lang.InterruptedException: sleep interrupted
2019-10-30 11:52:48,137 [grpc-default-executor-8] INFO  impl.RaftServerImpl (RaftServerImpl.java:setRole(184)) - cd11b2f5-3187-4d03-bd60-931991550c17@group-F367C8FA5986: changes role from  FOLLOWER to FOLLOWER at term 116 for recognizeCandidate:9dbd5372-55c2-4532-b354-9494d3d545d2
2019-10-30 11:52:48,137 [grpc-default-executor-8] INFO  impl.RoleInfo (RoleInfo.java:shutdownFollowerState(121)) - cd11b2f5-3187-4d03-bd60-931991550c17: shutdown FollowerState
2019-10-30 11:52:48,137 [grpc-default-executor-8] INFO  impl.RoleInfo (RoleInfo.java:updateAndGet(143)) - cd11b2f5-3187-4d03-bd60-931991550c17: start FollowerState
2019-10-30 11:52:48,138 [Thread-1894] INFO  impl.FollowerState (FollowerState.java:run(117)) - cd11b2f5-3187-4d03-bd60-931991550c17@group-F367C8FA5986-FollowerState was interrupted: java.lang.InterruptedException: sleep interrupted
2019-10-30 11:52:48,138 [Thread-1887] INFO  impl.FollowerState (FollowerState.java:run(117)) - 4cc44201-a597-43af-a4ec-5b1b407a6250@group-83984122B78E-FollowerState was interrupted: java.lang.InterruptedException: sleep interrupted
2019-10-30 11:52:48,145 [9dbd5372-55c2-4532-b354-9494d3d545d2@group-F367C8FA5986-LeaderElection230] INFO  impl.LeaderElection (LeaderElection.java:logAndReturn(56)) - 9dbd5372-55c2-4532-b354-9494d3d545d2@group-F367C8FA5986-LeaderElection230: Election REJECTED; received 2 response(s) [9dbd5372-55c2-4532-b354-9494d3d545d2<-9b3ef6c9-0245-4756-bf80-45d41f7a4453#0:FAIL-t116, 9dbd5372-55c2-4532-b354-9494d3d545d2<-cd11b2f5-3187-4d03-bd60-931991550c17#0:FAIL-t116] and 0 exception(s); 9dbd5372-55c2-4532-b354-9494d3d545d2@group-F367C8FA5986:t116, leader=null, voted=9dbd5372-55c2-4532-b354-9494d3d545d2, raftlog=9dbd5372-55c2-4532-b354-9494d3d545d2@group-F367C8FA5986-SegmentedRaftLog:OPENED:c-1,f-1,i0, conf=-1: [9b3ef6c9-0245-4756-bf80-45d41f7a4453:192.168.157.220:37058, cd11b2f5-3187-4d03-bd60-931991550c17:192.168.157.220:43236, 9dbd5372-55c2-4532-b354-9494d3d545d2:192.168.157.220:42993], old=null
2019-10-30 11:52:48,145 [9dbd5372-55c2-4532-b354-9494d3d545d2@group-F367C8FA5986-LeaderElection230] INFO  impl.RaftServerImpl (RaftServerImpl.java:setRole(184)) - 9dbd5372-55c2-4532-b354-9494d3d545d2@group-F367C8FA5986: changes role from CANDIDATE to FOLLOWER at term 116 for DISCOVERED_A_NEW_TERM
2019-10-30 11:52:48,145 [f26e10ed-fb17-49e6-a903-eadc130d13d1@group-83984122B78E-LeaderElection231] INFO  impl.LeaderElection (LeaderElection.java:logAndReturn(56)) - f26e10ed-fb17-49e6-a903-eadc130d13d1@group-83984122B78E-LeaderElection231: Election REJECTED; received 2 response(s) [f26e10ed-fb17-49e6-a903-eadc130d13d1<-4f16e274-8663-4a15-9c4c-c81f650ab979#0:FAIL-t125, f26e10ed-fb17-49e6-a903-eadc130d13d1<-4cc44201-a597-43af-a4ec-5b1b407a6250#0:FAIL-t125] and 0 exception(s); f26e10ed-fb17-49e6-a903-eadc130d13d1@group-83984122B78E:t125, leader=null, voted=f26e10ed-fb17-49e6-a903-eadc130d13d1, raftlog=f26e10ed-fb17-49e6-a903-eadc130d13d1@group-83984122B78E-SegmentedRaftLog:OPENED:c-1,f-1,i0, conf=-1: [4f16e274-8663-4a15-9c4c-c81f650ab979:192.168.157.220:38181, 4cc44201-a597-43af-a4ec-5b1b407a6250:192.168.157.220:36685, f26e10ed-fb17-49e6-a903-eadc130d13d1:192.168.157.220:32806], old=null
2019-10-30 11:52:48,145 [9dbd5372-55c2-4532-b354-9494d3d545d2@group-F367C8FA5986-LeaderElection230] INFO  impl.RoleInfo (RoleInfo.java:shutdownLeaderElection(134)) - 9dbd5372-55c2-4532-b354-9494d3d545d2: shutdown LeaderElection
2019-10-30 11:52:48,145 [f26e10ed-fb17-49e6-a903-eadc130d13d1@group-83984122B78E-LeaderElection231] INFO  impl.RaftServerImpl (RaftServerImpl.java:setRole(184)) - f26e10ed-fb17-49e6-a903-eadc130d13d1@group-83984122B78E: changes role from CANDIDATE to FOLLOWER at term 125 for DISCOVERED_A_NEW_TERM
2019-10-30 11:52:48,146 [f26e10ed-fb17-49e6-a903-eadc130d13d1@group-83984122B78E-LeaderElection231] INFO  impl.RoleInfo (RoleInfo.java:shutdownLeaderElection(134)) - f26e10ed-fb17-49e6-a903-eadc130d13d1: shutdown LeaderElection
2019-10-30 11:52:48,146 [f26e10ed-fb17-49e6-a903-eadc130d13d1@group-83984122B78E-LeaderElection231] INFO  impl.RoleInfo (RoleInfo.java:updateAndGet(143)) - f26e10ed-fb17-49e6-a903-eadc130d13d1: start FollowerState
2019-10-30 11:52:48,146 [9dbd5372-55c2-4532-b354-9494d3d545d2@group-F367C8FA5986-LeaderElection230] INFO  impl.RoleInfo (RoleInfo.java:updateAndGet(143)) - 9dbd5372-55c2-4532-b354-9494d3d545d2: start FollowerState
2019-10-30 11:52:48,189 [Thread-1908] INFO  impl.FollowerState (FollowerState.java:run(108)) - f26e10ed-fb17-49e6-a903-eadc130d13d1@group-83984122B78E-FollowerState: change to CANDIDATE, lastRpcTime:43ms, electionTimeout:43ms
2019-10-30 11:52:48,189 [Thread-1908] INFO  impl.RoleInfo (RoleInfo.java:shutdownFollowerState(121)) - f26e10ed-fb17-49e6-a903-eadc130d13d1: shutdown FollowerState
2019-10-30 11:52:48,189 [Thread-1908] INFO  impl.RaftServerImpl (RaftServerImpl.java:setRole(184)) - f26e10ed-fb17-49e6-a903-eadc130d13d1@group-83984122B78E: changes role from  FOLLOWER to CANDIDATE at term 125 for changeToCandidate
2019-10-30 11:52:48,189 [Thread-1908] INFO  impl.RoleInfo (RoleInfo.java:updateAndGet(143)) - f26e10ed-fb17-49e6-a903-eadc130d13d1: start LeaderElection
2019-10-30 11:52:48,211 [f26e10ed-fb17-49e6-a903-eadc130d13d1@group-83984122B78E-LeaderElection232] INFO  impl.LeaderElection (LeaderElection.java:askForVotes(178)) - f26e10ed-fb17-49e6-a903-eadc130d13d1@group-83984122B78E-LeaderElection232: begin an election at term 126 for -1: [4f16e274-8663-4a15-9c4c-c81f650ab979:192.168.157.220:38181, 4cc44201-a597-43af-a4ec-5b1b407a6250:192.168.157.220:36685, f26e10ed-fb17-49e6-a903-eadc130d13d1:192.168.157.220:32806], old=null
2019-10-30 11:52:48,213 [grpc-default-executor-7] INFO  impl.RaftServerImpl (RaftServerImpl.java:setRole(184)) - 4f16e274-8663-4a15-9c4c-c81f650ab979@group-83984122B78E: changes role from  FOLLOWER to FOLLOWER at term 126 for recognizeCandidate:f26e10ed-fb17-49e6-a903-eadc130d13d1
2019-10-30 11:52:48,213 [grpc-default-executor-6] INFO  impl.RaftServerImpl (RaftServerImpl.java:setRole(184)) - 4cc44201-a597-43af-a4ec-5b1b407a6250@group-83984122B78E: changes role from  FOLLOWER to FOLLOWER at term 126 for recognizeCandidate:f26e10ed-fb17-49e6-a903-eadc130d13d1
2019-10-30 11:52:48,213 [grpc-default-executor-6] INFO  impl.RoleInfo (RoleInfo.java:shutdownFollowerState(121)) - 4cc44201-a597-43af-a4ec-5b1b407a6250: shutdown FollowerState
2019-10-30 11:52:48,214 [grpc-default-executor-6] INFO  impl.RoleInfo (RoleInfo.java:updateAndGet(143)) - 4cc44201-a597-43af-a4ec-5b1b407a6250: start FollowerState
2019-10-30 11:52:48,213 [grpc-default-executor-7] INFO  impl.RoleInfo (RoleInfo.java:shutdownFollowerState(121)) - 4f16e274-8663-4a15-9c4c-c81f650ab979: shutdown FollowerState
2019-10-30 11:52:48,214 [Thread-1905] INFO  impl.FollowerState (FollowerState.java:run(117)) - 4cc44201-a597-43af-a4ec-5b1b407a6250@group-83984122B78E-FollowerState was interrupted: java.lang.InterruptedException: sleep interrupted
2019-10-30 11:52:48,214 [Thread-1904] INFO  impl.FollowerState (FollowerState.java:run(117)) - 4f16e274-8663-4a15-9c4c-c81f650ab979@group-83984122B78E-FollowerState was interrupted: java.lang.InterruptedException: sleep interrupted
2019-10-30 11:52:48,214 [grpc-default-executor-7] INFO  impl.RoleInfo (RoleInfo.java:updateAndGet(143)) - 4f16e274-8663-4a15-9c4c-c81f650ab979: start FollowerState
2019-10-30 11:52:48,226 [f26e10ed-fb17-49e6-a903-eadc130d13d1@group-83984122B78E-LeaderElection232] INFO  impl.LeaderElection (LeaderElection.java:logAndReturn(56)) - f26e10ed-fb17-49e6-a903-eadc130d13d1@group-83984122B78E-LeaderElection232: Election REJECTED; received 2 response(s) [f26e10ed-fb17-49e6-a903-eadc130d13d1<-4f16e274-8663-4a15-9c4c-c81f650ab979#0:FAIL-t126, f26e10ed-fb17-49e6-a903-eadc130d13d1<-4cc44201-a597-43af-a4ec-5b1b407a6250#0:FAIL-t126] and 0 exception(s); f26e10ed-fb17-49e6-a903-eadc130d13d1@group-83984122B78E:t126, leader=null, voted=f26e10ed-fb17-49e6-a903-eadc130d13d1, raftlog=f26e10ed-fb17-49e6-a903-eadc130d13d1@group-83984122B78E-SegmentedRaftLog:OPENED:c-1,f-1,i0, conf=-1: [4f16e274-8663-4a15-9c4c-c81f650ab979:192.168.157.220:38181, 4cc44201-a597-43af-a4ec-5b1b407a6250:192.168.157.220:36685, f26e10ed-fb17-49e6-a903-eadc130d13d1:192.168.157.220:32806], old=null
2019-10-30 11:52:48,226 [f26e10ed-fb17-49e6-a903-eadc130d13d1@group-83984122B78E-LeaderElection232] INFO  impl.RaftServerImpl (RaftServerImpl.java:setRole(184)) - f26e10ed-fb17-49e6-a903-eadc130d13d1@group-83984122B78E: changes role from CANDIDATE to FOLLOWER at term 126 for DISCOVERED_A_NEW_TERM
2019-10-30 11:52:48,226 [f26e10ed-fb17-49e6-a903-eadc130d13d1@group-83984122B78E-LeaderElection232] INFO  impl.RoleInfo (RoleInfo.java:shutdownLeaderElection(134)) - f26e10ed-fb17-49e6-a903-eadc130d13d1: shutdown LeaderElection
2019-10-30 11:52:48,226 [f26e10ed-fb17-49e6-a903-eadc130d13d1@group-83984122B78E-LeaderElection232] INFO  impl.RoleInfo (RoleInfo.java:updateAndGet(143)) - f26e10ed-fb17-49e6-a903-eadc130d13d1: start FollowerState
2019-10-30 11:52:48,280 [Thread-1909] INFO  impl.FollowerState (FollowerState.java:run(108)) - 9dbd5372-55c2-4532-b354-9494d3d545d2@group-F367C8FA5986-FollowerState: change to CANDIDATE, lastRpcTime:134ms, electionTimeout:134ms
2019-10-30 11:52:48,280 [Thread-1909] INFO  impl.RoleInfo (RoleInfo.java:shutdownFollowerState(121)) - 9dbd5372-55c2-4532-b354-9494d3d545d2: shutdown FollowerState
2019-10-30 11:52:48,281 [Thread-1909] INFO  impl.RaftServerImpl (RaftServerImpl.java:setRole(184)) - 9dbd5372-55c2-4532-b354-9494d3d545d2@group-F367C8FA5986: changes role from  FOLLOWER to CANDIDATE at term 116 for changeToCandidate
2019-10-30 11:52:48,281 [Thread-1909] INFO  impl.RoleInfo (RoleInfo.java:updateAndGet(143)) - 9dbd5372-55c2-4532-b354-9494d3d545d2: start LeaderElection
2019-10-30 11:52:48,285 [9dbd5372-55c2-4532-b354-9494d3d545d2@group-F367C8FA5986-LeaderElection233] INFO  impl.LeaderElection (LeaderElection.java:askForVotes(178)) - 9dbd5372-55c2-4532-b354-9494d3d545d2@group-F367C8FA5986-LeaderElection233: begin an election at term 117 for -1: [9b3ef6c9-0245-4756-bf80-45d41f7a4453:192.168.157.220:37058, cd11b2f5-3187-4d03-bd60-931991550c17:192.168.157.220:43236, 9dbd5372-55c2-4532-b354-9494d3d545d2:192.168.157.220:42993], old=null
2019-10-30 11:52:48,287 [grpc-default-executor-6] INFO  impl.RaftServerImpl (RaftServerImpl.java:setRole(184)) - 9b3ef6c9-0245-4756-bf80-45d41f7a4453@group-F367C8FA5986: changes role from  FOLLOWER to FOLLOWER at term 117 for recognizeCandidate:9dbd5372-55c2-4532-b354-9494d3d545d2
2019-10-30 11:52:48,287 [grpc-default-executor-6] INFO  impl.RoleInfo (RoleInfo.java:shutdownFollowerState(121)) - 9b3ef6c9-0245-4756-bf80-45d41f7a4453: shutdown FollowerState
2019-10-30 11:52:48,287 [grpc-default-executor-6] INFO  impl.RoleInfo (RoleInfo.java:updateAndGet(143)) - 9b3ef6c9-0245-4756-bf80-45d41f7a4453: start FollowerState
2019-10-30 11:52:48,287 [Thread-1906] INFO  impl.FollowerState (FollowerState.java:run(117)) - 9b3ef6c9-0245-4756-bf80-45d41f7a4453@group-F367C8FA5986-FollowerState was interrupted: java.lang.InterruptedException: sleep interrupted
2019-10-30 11:52:48,292 [grpc-default-executor-8] INFO  impl.RaftServerImpl (RaftServerImpl.java:setRole(184)) - cd11b2f5-3187-4d03-bd60-931991550c17@group-F367C8FA5986: changes role from  FOLLOWER to FOLLOWER at term 117 for recognizeCandidate:9dbd5372-55c2-4532-b354-9494d3d545d2
2019-10-30 11:52:48,292 [grpc-default-executor-8] INFO  impl.RoleInfo (RoleInfo.java:shutdownFollowerState(121)) - cd11b2f5-3187-4d03-bd60-931991550c17: shutdown FollowerState
2019-10-30 11:52:48,292 [grpc-default-executor-8] INFO  impl.RoleInfo (RoleInfo.java:updateAndGet(143)) - cd11b2f5-3187-4d03-bd60-931991550c17: start FollowerState
2019-10-30 11:52:48,293 [Thread-1907] INFO  impl.FollowerState (FollowerState.java:run(117)) - cd11b2f5-3187-4d03-bd60-931991550c17@group-F367C8FA5986-FollowerState was interrupted: java.lang.InterruptedException: sleep interrupted
2019-10-30 11:52:48,301 [9dbd5372-55c2-4532-b354-9494d3d545d2@group-F367C8FA5986-LeaderElection233] INFO  impl.LeaderElection (LeaderElection.java:logAndReturn(56)) - 9dbd5372-55c2-4532-b354-9494d3d545d2@group-F367C8FA5986-LeaderElection233: Election REJECTED; received 2 response(s) [9dbd5372-55c2-4532-b354-9494d3d545d2<-9b3ef6c9-0245-4756-bf80-45d41f7a4453#0:FAIL-t117, 9dbd5372-55c2-4532-b354-9494d3d545d2<-cd11b2f5-3187-4d03-bd60-931991550c17#0:FAIL-t117] and 0 exception(s); 9dbd5372-55c2-4532-b354-9494d3d545d2@group-F367C8FA5986:t117, leader=null, voted=9dbd5372-55c2-4532-b354-9494d3d545d2, raftlog=9dbd5372-55c2-4532-b354-9494d3d545d2@group-F367C8FA5986-SegmentedRaftLog:OPENED:c-1,f-1,i0, conf=-1: [9b3ef6c9-0245-4756-bf80-45d41f7a4453:192.168.157.220:37058, cd11b2f5-3187-4d03-bd60-931991550c17:192.168.157.220:43236, 9dbd5372-55c2-4532-b354-9494d3d545d2:192.168.157.220:42993], old=null
2019-10-30 11:52:48,301 [9dbd5372-55c2-4532-b354-9494d3d545d2@group-F367C8FA5986-LeaderElection233] INFO  impl.RaftServerImpl (RaftServerImpl.java:setRole(184)) - 9dbd5372-55c2-4532-b354-9494d3d545d2@group-F367C8FA5986: changes role from CANDIDATE to FOLLOWER at term 117 for DISCOVERED_A_NEW_TERM
2019-10-30 11:52:48,301 [9dbd5372-55c2-4532-b354-9494d3d545d2@group-F367C8FA5986-LeaderElection233] INFO  impl.RoleInfo (RoleInfo.java:shutdownLeaderElection(134)) - 9dbd5372-55c2-4532-b354-9494d3d545d2: shutdown LeaderElection
2019-10-30 11:52:48,301 [9dbd5372-55c2-4532-b354-9494d3d545d2@group-F367C8FA5986-LeaderElection233] INFO  impl.RoleInfo (RoleInfo.java:updateAndGet(143)) - 9dbd5372-55c2-4532-b354-9494d3d545d2: start FollowerState
2019-10-30 11:52:48,407 [Thread-1915] INFO  impl.FollowerState (FollowerState.java:run(108)) - f26e10ed-fb17-49e6-a903-eadc130d13d1@group-83984122B78E-FollowerState: change to CANDIDATE, lastRpcTime:180ms, electionTimeout:180ms
2019-10-30 11:52:48,407 [Thread-1915] INFO  impl.RoleInfo (RoleInfo.java:shutdownFollowerState(121)) - f26e10ed-fb17-49e6-a903-eadc130d13d1: shutdown FollowerState
2019-10-30 11:52:48,407 [Thread-1915] INFO  impl.RaftServerImpl (RaftServerImpl.java:setRole(184)) - f26e10ed-fb17-49e6-a903-eadc130d13d1@group-83984122B78E: changes role from  FOLLOWER to CANDIDATE at term 126 for changeToCandidate
2019-10-30 11:52:48,407 [Thread-1915] INFO  impl.RoleInfo (RoleInfo.java:updateAndGet(143)) - f26e10ed-fb17-49e6-a903-eadc130d13d1: start LeaderElection
2019-10-30 11:52:48,420 [f26e10ed-fb17-49e6-a903-eadc130d13d1@group-83984122B78E-LeaderElection234] INFO  impl.LeaderElection (LeaderElection.java:askForVotes(178)) - f26e10ed-fb17-49e6-a903-eadc130d13d1@group-83984122B78E-LeaderElection234: begin an election at term 127 for -1: [4f16e274-8663-4a15-9c4c-c81f650ab979:192.168.157.220:38181, 4cc44201-a597-43af-a4ec-5b1b407a6250:192.168.157.220:36685, f26e10ed-fb17-49e6-a903-eadc130d13d1:192.168.157.220:32806], old=null
2019-10-30 11:52:48,421 [grpc-default-executor-6] INFO  impl.RaftServerImpl (RaftServerImpl.java:setRole(184)) - 4cc44201-a597-43af-a4ec-5b1b407a6250@group-83984122B78E: changes role from  FOLLOWER to FOLLOWER at term 127 for recognizeCandidate:f26e10ed-fb17-49e6-a903-eadc130d13d1
2019-10-30 11:52:48,421 [grpc-default-executor-8] INFO  impl.RaftServerImpl (RaftServerImpl.java:setRole(184)) - 4f16e274-8663-4a15-9c4c-c81f650ab979@group-83984122B78E: changes role from  FOLLOWER to FOLLOWER at term 127 for recognizeCandidate:f26e10ed-fb17-49e6-a903-eadc130d13d1
2019-10-30 11:52:48,422 [grpc-default-executor-8] INFO  impl.RoleInfo (RoleInfo.java:shutdownFollowerState(121)) - 4f16e274-8663-4a15-9c4c-c81f650ab979: shutdown FollowerState
2019-10-30 11:52:48,422 [grpc-default-executor-6] INFO  impl.RoleInfo (RoleInfo.java:shutdownFollowerState(121)) - 4cc44201-a597-43af-a4ec-5b1b407a6250: shutdown FollowerState
2019-10-30 11:52:48,422 [Thread-1914] INFO  impl.FollowerState (FollowerState.java:run(117)) - 4f16e274-8663-4a15-9c4c-c81f650ab979@group-83984122B78E-FollowerState was interrupted: java.lang.InterruptedException: sleep interrupted
2019-10-30 11:52:48,422 [grpc-default-executor-8] INFO  impl.RoleInfo (RoleInfo.java:updateAndGet(143)) - 4f16e274-8663-4a15-9c4c-c81f650ab979: start FollowerState
2019-10-30 11:52:48,422 [grpc-default-executor-6] INFO  impl.RoleInfo (RoleInfo.java:updateAndGet(143)) - 4cc44201-a597-43af-a4ec-5b1b407a6250: start FollowerState
2019-10-30 11:52:48,422 [Thread-1913] INFO  impl.FollowerState (FollowerState.java:run(117)) - 4cc44201-a597-43af-a4ec-5b1b407a6250@group-83984122B78E-FollowerState was interrupted: java.lang.InterruptedException: sleep interrupted
2019-10-30 11:52:48,434 [f26e10ed-fb17-49e6-a903-eadc130d13d1@group-83984122B78E-LeaderElection234] INFO  impl.LeaderElection (LeaderElection.java:logAndReturn(56)) - f26e10ed-fb17-49e6-a903-eadc130d13d1@group-83984122B78E-LeaderElection234: Election REJECTED; received 2 response(s) [f26e10ed-fb17-49e6-a903-eadc130d13d1<-4f16e274-8663-4a15-9c4c-c81f650ab979#0:FAIL-t127, f26e10ed-fb17-49e6-a903-eadc130d13d1<-4cc44201-a597-43af-a4ec-5b1b407a6250#0:FAIL-t127] and 0 exception(s); f26e10ed-fb17-49e6-a903-eadc130d13d1@group-83984122B78E:t127, leader=null, voted=f26e10ed-fb17-49e6-a903-eadc130d13d1, raftlog=f26e10ed-fb17-49e6-a903-eadc130d13d1@group-83984122B78E-SegmentedRaftLog:OPENED:c-1,f-1,i0, conf=-1: [4f16e274-8663-4a15-9c4c-c81f650ab979:192.168.157.220:38181, 4cc44201-a597-43af-a4ec-5b1b407a6250:192.168.157.220:36685, f26e10ed-fb17-49e6-a903-eadc130d13d1:192.168.157.220:32806], old=null
2019-10-30 11:52:48,434 [f26e10ed-fb17-49e6-a903-eadc130d13d1@group-83984122B78E-LeaderElection234] INFO  impl.RaftServerImpl (RaftServerImpl.java:setRole(184)) - f26e10ed-fb17-49e6-a903-eadc130d13d1@group-83984122B78E: changes role from CANDIDATE to FOLLOWER at term 127 for DISCOVERED_A_NEW_TERM
2019-10-30 11:52:48,435 [f26e10ed-fb17-49e6-a903-eadc130d13d1@group-83984122B78E-LeaderElection234] INFO  impl.RoleInfo (RoleInfo.java:shutdownLeaderElection(134)) - f26e10ed-fb17-49e6-a903-eadc130d13d1: shutdown LeaderElection
2019-10-30 11:52:48,435 [f26e10ed-fb17-49e6-a903-eadc130d13d1@group-83984122B78E-LeaderElection234] INFO  impl.RoleInfo (RoleInfo.java:updateAndGet(143)) - f26e10ed-fb17-49e6-a903-eadc130d13d1: start FollowerState
2019-10-30 11:52:48,476 [Thread-1923] INFO  impl.FollowerState (FollowerState.java:run(108)) - 9dbd5372-55c2-4532-b354-9494d3d545d2@group-F367C8FA5986-FollowerState: change to CANDIDATE, lastRpcTime:175ms, electionTimeout:175ms
2019-10-30 11:52:48,477 [Thread-1923] INFO  impl.RoleInfo (RoleInfo.java:shutdownFollowerState(121)) - 9dbd5372-55c2-4532-b354-9494d3d545d2: shutdown FollowerState
2019-10-30 11:52:48,477 [Thread-1923] INFO  impl.RaftServerImpl (RaftServerImpl.java:setRole(184)) - 9dbd5372-55c2-4532-b354-9494d3d545d2@group-F367C8FA5986: changes role from  FOLLOWER to CANDIDATE at term 117 for changeToCandidate
2019-10-30 11:52:48,477 [Thread-1923] INFO  impl.RoleInfo (RoleInfo.java:updateAndGet(143)) - 9dbd5372-55c2-4532-b354-9494d3d545d2: start LeaderElection
2019-10-30 11:52:48,480 [9dbd5372-55c2-4532-b354-9494d3d545d2@group-F367C8FA5986-LeaderElection235] INFO  impl.LeaderElection (LeaderElection.java:askForVotes(178)) - 9dbd5372-55c2-4532-b354-9494d3d545d2@group-F367C8FA5986-LeaderElection235: begin an election at term 118 for -1: [9b3ef6c9-0245-4756-bf80-45d41f7a4453:192.168.157.220:37058, cd11b2f5-3187-4d03-bd60-931991550c17:192.168.157.220:43236, 9dbd5372-55c2-4532-b354-9494d3d545d2:192.168.157.220:42993], old=null
2019-10-30 11:52:48,482 [grpc-default-executor-8] INFO  impl.RaftServerImpl (RaftServerImpl.java:setRole(184)) - 9b3ef6c9-0245-4756-bf80-45d41f7a4453@group-F367C8FA5986: changes role from  FOLLOWER to FOLLOWER at term 118 for recognizeCandidate:9dbd5372-55c2-4532-b354-9494d3d545d2
2019-10-30 11:52:48,482 [grpc-default-executor-6] INFO  impl.RaftServerImpl (RaftServerImpl.java:setRole(184)) - cd11b2f5-3187-4d03-bd60-931991550c17@group-F367C8FA5986: changes role from  FOLLOWER to FOLLOWER at term 118 for recognizeCandidate:9dbd5372-55c2-4532-b354-9494d3d545d2
2019-10-30 11:52:48,482 [grpc-default-executor-8] INFO  impl.RoleInfo (RoleInfo.java:shutdownFollowerState(121)) - 9b3ef6c9-0245-4756-bf80-45d41f7a4453: shutdown FollowerState
2019-10-30 11:52:48,482 [grpc-default-executor-6] INFO  impl.RoleInfo (RoleInfo.java:shutdownFollowerState(121)) - cd11b2f5-3187-4d03-bd60-931991550c17: shutdown FollowerState
2019-10-30 11:52:48,482 [grpc-default-executor-8] INFO  impl.RoleInfo (RoleInfo.java:updateAndGet(143)) - 9b3ef6c9-0245-4756-bf80-45d41f7a4453: start FollowerState
2019-10-30 11:52:48,482 [Thread-1922] INFO  impl.FollowerState (FollowerState.java:run(117)) - cd11b2f5-3187-4d03-bd60-931991550c17@group-F367C8FA5986-FollowerState was interrupted: java.lang.InterruptedException: sleep interrupted
2019-10-30 11:52:48,482 [grpc-default-executor-6] INFO  impl.RoleInfo (RoleInfo.java:updateAndGet(143)) - cd11b2f5-3187-4d03-bd60-931991550c17: start FollowerState
2019-10-30 11:52:48,482 [Thread-1921] INFO  impl.FollowerState (FollowerState.java:run(117)) - 9b3ef6c9-0245-4756-bf80-45d41f7a4453@group-F367C8FA5986-FollowerState was interrupted: java.lang.InterruptedException: sleep interrupted
2019-10-30 11:52:48,496 [Thread-1929] INFO  impl.FollowerState (FollowerState.java:run(108)) - f26e10ed-fb17-49e6-a903-eadc130d13d1@group-83984122B78E-FollowerState: change to CANDIDATE, lastRpcTime:61ms, electionTimeout:61ms
2019-10-30 11:52:48,496 [Thread-1929] INFO  impl.RoleInfo (RoleInfo.java:shutdownFollowerState(121)) - f26e10ed-fb17-49e6-a903-eadc130d13d1: shutdown FollowerState
2019-10-30 11:52:48,496 [Thread-1929] INFO  impl.RaftServerImpl (RaftServerImpl.java:setRole(184)) - f26e10ed-fb17-49e6-a903-eadc130d13d1@group-83984122B78E: changes role from  FOLLOWER to CANDIDATE at term 127 for changeToCandidate
2019-10-30 11:52:48,496 [Thread-1929] INFO  impl.RoleInfo (RoleInfo.java:updateAndGet(143)) - f26e10ed-fb17-49e6-a903-eadc130d13d1: start LeaderElection
2019-10-30 11:52:48,511 [f26e10ed-fb17-49e6-a903-eadc130d13d1@group-83984122B78E-LeaderElection236] INFO  impl.LeaderElection (LeaderElection.java:askForVotes(178)) - f26e10ed-fb17-49e6-a903-eadc130d13d1@group-83984122B78E-LeaderElection236: begin an election at term 128 for -1: [4f16e274-8663-4a15-9c4c-c81f650ab979:192.168.157.220:38181, 4cc44201-a597-43af-a4ec-5b1b407a6250:192.168.157.220:36685, f26e10ed-fb17-49e6-a903-eadc130d13d1:192.168.157.220:32806], old=null
2019-10-30 11:52:48,511 [9dbd5372-55c2-4532-b354-9494d3d545d2@group-F367C8FA5986-LeaderElection235] INFO  impl.LeaderElection (LeaderElection.java:logAndReturn(56)) - 9dbd5372-55c2-4532-b354-9494d3d545d2@group-F367C8FA5986-LeaderElection235: Election REJECTED; received 2 response(s) [9dbd5372-55c2-4532-b354-9494d3d545d2<-9b3ef6c9-0245-4756-bf80-45d41f7a4453#0:FAIL-t118, 9dbd5372-55c2-4532-b354-9494d3d545d2<-cd11b2f5-3187-4d03-bd60-931991550c17#0:FAIL-t118] and 0 exception(s); 9dbd5372-55c2-4532-b354-9494d3d545d2@group-F367C8FA5986:t118, leader=null, voted=9dbd5372-55c2-4532-b354-9494d3d545d2, raftlog=9dbd5372-55c2-4532-b354-9494d3d545d2@group-F367C8FA5986-SegmentedRaftLog:OPENED:c-1,f-1,i0, conf=-1: [9b3ef6c9-0245-4756-bf80-45d41f7a4453:192.168.157.220:37058, cd11b2f5-3187-4d03-bd60-931991550c17:192.168.157.220:43236, 9dbd5372-55c2-4532-b354-9494d3d545d2:192.168.157.220:42993], old=null
2019-10-30 11:52:48,512 [9dbd5372-55c2-4532-b354-9494d3d545d2@group-F367C8FA5986-LeaderElection235] INFO  impl.RaftServerImpl (RaftServerImpl.java:setRole(184)) - 9dbd5372-55c2-4532-b354-9494d3d545d2@group-F367C8FA5986: changes role from CANDIDATE to FOLLOWER at term 118 for DISCOVERED_A_NEW_TERM
2019-10-30 11:52:48,512 [9dbd5372-55c2-4532-b354-9494d3d545d2@group-F367C8FA5986-LeaderElection235] INFO  impl.RoleInfo (RoleInfo.java:shutdownLeaderElection(134)) - 9dbd5372-55c2-4532-b354-9494d3d545d2: shutdown LeaderElection
2019-10-30 11:52:48,512 [9dbd5372-55c2-4532-b354-9494d3d545d2@group-F367C8FA5986-LeaderElection235] INFO  impl.RoleInfo (RoleInfo.java:updateAndGet(143)) - 9dbd5372-55c2-4532-b354-9494d3d545d2: start FollowerState
2019-10-30 11:52:48,512 [grpc-default-executor-6] INFO  impl.RaftServerImpl (RaftServerImpl.java:setRole(184)) - 4f16e274-8663-4a15-9c4c-c81f650ab979@group-83984122B78E: changes role from  FOLLOWER to FOLLOWER at term 128 for recognizeCandidate:f26e10ed-fb17-49e6-a903-eadc130d13d1
2019-10-30 11:52:48,512 [grpc-default-executor-8] INFO  impl.RaftServerImpl (RaftServerImpl.java:setRole(184)) - 4cc44201-a597-43af-a4ec-5b1b407a6250@group-83984122B78E: changes role from  FOLLOWER to FOLLOWER at term 128 for recognizeCandidate:f26e10ed-fb17-49e6-a903-eadc130d13d1
2019-10-30 11:52:48,512 [grpc-default-executor-8] INFO  impl.RoleInfo (RoleInfo.java:shutdownFollowerState(121)) - 4cc44201-a597-43af-a4ec-5b1b407a6250: shutdown FollowerState
2019-10-30 11:52:48,512 [grpc-default-executor-6] INFO  impl.RoleInfo (RoleInfo.java:shutdownFollowerState(121)) - 4f16e274-8663-4a15-9c4c-c81f650ab979: shutdown FollowerState
2019-10-30 11:52:48,512 [Thread-1928] INFO  impl.FollowerState (FollowerState.java:run(117)) - 4cc44201-a597-43af-a4ec-5b1b407a6250@group-83984122B78E-FollowerState was interrupted: java.lang.InterruptedException: sleep interrupted
2019-10-30 11:52:48,512 [grpc-default-executor-8] INFO  impl.RoleInfo (RoleInfo.java:updateAndGet(143)) - 4cc44201-a597-43af-a4ec-5b1b407a6250: start FollowerState
2019-10-30 11:52:48,513 [Thread-1927] INFO  impl.FollowerState (FollowerState.java:run(117)) - 4f16e274-8663-4a15-9c4c-c81f650ab979@group-83984122B78E-FollowerState was interrupted: java.lang.InterruptedException: sleep interrupted
2019-10-30 11:52:48,512 [grpc-default-executor-6] INFO  impl.RoleInfo (RoleInfo.java:updateAndGet(143)) - 4f16e274-8663-4a15-9c4c-c81f650ab979: start FollowerState
2019-10-30 11:52:48,526 [f26e10ed-fb17-49e6-a903-eadc130d13d1@group-83984122B78E-LeaderElection236] INFO  impl.LeaderElection (LeaderElection.java:logAndReturn(56)) - f26e10ed-fb17-49e6-a903-eadc130d13d1@group-83984122B78E-LeaderElection236: Election REJECTED; received 2 response(s) [f26e10ed-fb17-49e6-a903-eadc130d13d1<-4f16e274-8663-4a15-9c4c-c81f650ab979#0:FAIL-t128, f26e10ed-fb17-49e6-a903-eadc130d13d1<-4cc44201-a597-43af-a4ec-5b1b407a6250#0:FAIL-t128] and 0 exception(s); f26e10ed-fb17-49e6-a903-eadc130d13d1@group-83984122B78E:t128, leader=null, voted=f26e10ed-fb17-49e6-a903-eadc130d13d1, raftlog=f26e10ed-fb17-49e6-a903-eadc130d13d1@group-83984122B78E-SegmentedRaftLog:OPENED:c-1,f-1,i0, conf=-1: [4f16e274-8663-4a15-9c4c-c81f650ab979:192.168.157.220:38181, 4cc44201-a597-43af-a4ec-5b1b407a6250:192.168.157.220:36685, f26e10ed-fb17-49e6-a903-eadc130d13d1:192.168.157.220:32806], old=null
2019-10-30 11:52:48,526 [f26e10ed-fb17-49e6-a903-eadc130d13d1@group-83984122B78E-LeaderElection236] INFO  impl.RaftServerImpl (RaftServerImpl.java:setRole(184)) - f26e10ed-fb17-49e6-a903-eadc130d13d1@group-83984122B78E: changes role from CANDIDATE to FOLLOWER at term 128 for DISCOVERED_A_NEW_TERM
2019-10-30 11:52:48,526 [f26e10ed-fb17-49e6-a903-eadc130d13d1@group-83984122B78E-LeaderElection236] INFO  impl.RoleInfo (RoleInfo.java:shutdownLeaderElection(134)) - f26e10ed-fb17-49e6-a903-eadc130d13d1: shutdown LeaderElection
2019-10-30 11:52:48,526 [f26e10ed-fb17-49e6-a903-eadc130d13d1@group-83984122B78E-LeaderElection236] INFO  impl.RoleInfo (RoleInfo.java:updateAndGet(143)) - f26e10ed-fb17-49e6-a903-eadc130d13d1: start FollowerState
2019-10-30 11:52:48,551 [Thread-1938] INFO  impl.FollowerState (FollowerState.java:run(108)) - 9dbd5372-55c2-4532-b354-9494d3d545d2@group-F367C8FA5986-FollowerState: change to CANDIDATE, lastRpcTime:39ms, electionTimeout:39ms
2019-10-30 11:52:48,551 [Thread-1938] INFO  impl.RoleInfo (RoleInfo.java:shutdownFollowerState(121)) - 9dbd5372-55c2-4532-b354-9494d3d545d2: shutdown FollowerState
2019-10-30 11:52:48,551 [Thread-1938] INFO  impl.RaftServerImpl (RaftServerImpl.java:setRole(184)) - 9dbd5372-55c2-4532-b354-9494d3d545d2@group-F367C8FA5986: changes role from  FOLLOWER to CANDIDATE at term 118 for changeToCandidate
2019-10-30 11:52:48,551 [Thread-1938] INFO  impl.RoleInfo (RoleInfo.java:updateAndGet(143)) - 9dbd5372-55c2-4532-b354-9494d3d545d2: start LeaderElection
2019-10-30 11:52:48,574 [9dbd5372-55c2-4532-b354-9494d3d545d2@group-F367C8FA5986-LeaderElection237] INFO  impl.LeaderElection (LeaderElection.java:askForVotes(178)) - 9dbd5372-55c2-4532-b354-9494d3d545d2@group-F367C8FA5986-LeaderElection237: begin an election at term 119 for -1: [9b3ef6c9-0245-4756-bf80-45d41f7a4453:192.168.157.220:37058, cd11b2f5-3187-4d03-bd60-931991550c17:192.168.157.220:43236, 9dbd5372-55c2-4532-b354-9494d3d545d2:192.168.157.220:42993], old=null
2019-10-30 11:52:48,575 [grpc-default-executor-8] INFO  impl.RaftServerImpl (RaftServerImpl.java:setRole(184)) - cd11b2f5-3187-4d03-bd60-931991550c17@group-F367C8FA5986: changes role from  FOLLOWER to FOLLOWER at term 119 for recognizeCandidate:9dbd5372-55c2-4532-b354-9494d3d545d2
2019-10-30 11:52:48,575 [grpc-default-executor-8] INFO  impl.RoleInfo (RoleInfo.java:shutdownFollowerState(121)) - cd11b2f5-3187-4d03-bd60-931991550c17: shutdown FollowerState
2019-10-30 11:52:48,576 [grpc-default-executor-8] INFO  impl.RoleInfo (RoleInfo.java:updateAndGet(143)) - cd11b2f5-3187-4d03-bd60-931991550c17: start FollowerState
2019-10-30 11:52:48,576 [Thread-1934] INFO  impl.FollowerState (FollowerState.java:run(117)) - cd11b2f5-3187-4d03-bd60-931991550c17@group-F367C8FA5986-FollowerState was interrupted: java.lang.InterruptedException: sleep interrupted
2019-10-30 11:52:48,576 [grpc-default-executor-6] INFO  impl.RaftServerImpl (RaftServerImpl.java:setRole(184)) - 9b3ef6c9-0245-4756-bf80-45d41f7a4453@group-F367C8FA5986: changes role from  FOLLOWER to FOLLOWER at term 119 for recognizeCandidate:9dbd5372-55c2-4532-b354-9494d3d545d2
2019-10-30 11:52:48,576 [grpc-default-executor-6] INFO  impl.RoleInfo (RoleInfo.java:shutdownFollowerState(121)) - 9b3ef6c9-0245-4756-bf80-45d41f7a4453: shutdown FollowerState
2019-10-30 11:52:48,576 [grpc-default-executor-6] INFO  impl.RoleInfo (RoleInfo.java:updateAndGet(143)) - 9b3ef6c9-0245-4756-bf80-45d41f7a4453: start FollowerState
2019-10-30 11:52:48,576 [Thread-1933] INFO  impl.FollowerState (FollowerState.java:run(117)) - 9b3ef6c9-0245-4756-bf80-45d41f7a4453@group-F367C8FA5986-FollowerState was interrupted: java.lang.InterruptedException: sleep interrupted
2019-10-30 11:52:48,588 [9dbd5372-55c2-4532-b354-9494d3d545d2@group-F367C8FA5986-LeaderElection237] INFO  impl.LeaderElection (LeaderElection.java:logAndReturn(56)) - 9dbd5372-55c2-4532-b354-9494d3d545d2@group-F367C8FA5986-LeaderElection237: Election REJECTED; received 2 response(s) [9dbd5372-55c2-4532-b354-9494d3d545d2<-9b3ef6c9-0245-4756-bf80-45d41f7a4453#0:FAIL-t119, 9dbd5372-55c2-4532-b354-9494d3d545d2<-cd11b2f5-3187-4d03-bd60-931991550c17#0:FAIL-t119] and 0 exception(s); 9dbd5372-55c2-4532-b354-9494d3d545d2@group-F367C8FA5986:t119, leader=null, voted=9dbd5372-55c2-4532-b354-9494d3d545d2, raftlog=9dbd5372-55c2-4532-b354-9494d3d545d2@group-F367C8FA5986-SegmentedRaftLog:OPENED:c-1,f-1,i0, conf=-1: [9b3ef6c9-0245-4756-bf80-45d41f7a4453:192.168.157.220:37058, cd11b2f5-3187-4d03-bd60-931991550c17:192.168.157.220:43236, 9dbd5372-55c2-4532-b354-9494d3d545d2:192.168.157.220:42993], old=null
2019-10-30 11:52:48,589 [9dbd5372-55c2-4532-b354-9494d3d545d2@group-F367C8FA5986-LeaderElection237] INFO  impl.RaftServerImpl (RaftServerImpl.java:setRole(184)) - 9dbd5372-55c2-4532-b354-9494d3d545d2@group-F367C8FA5986: changes role from CANDIDATE to FOLLOWER at term 119 for DISCOVERED_A_NEW_TERM
2019-10-30 11:52:48,589 [9dbd5372-55c2-4532-b354-9494d3d545d2@group-F367C8FA5986-LeaderElection237] INFO  impl.RoleInfo (RoleInfo.java:shutdownLeaderElection(134)) - 9dbd5372-55c2-4532-b354-9494d3d545d2: shutdown LeaderElection
2019-10-30 11:52:48,589 [9dbd5372-55c2-4532-b354-9494d3d545d2@group-F367C8FA5986-LeaderElection237] INFO  impl.RoleInfo (RoleInfo.java:updateAndGet(143)) - 9dbd5372-55c2-4532-b354-9494d3d545d2: start FollowerState
2019-10-30 11:52:48,622 [Thread-1949] INFO  impl.FollowerState (FollowerState.java:run(108)) - 9dbd5372-55c2-4532-b354-9494d3d545d2@group-F367C8FA5986-FollowerState: change to CANDIDATE, lastRpcTime:33ms, electionTimeout:33ms
2019-10-30 11:52:48,622 [Thread-1949] INFO  impl.RoleInfo (RoleInfo.java:shutdownFollowerState(121)) - 9dbd5372-55c2-4532-b354-9494d3d545d2: shutdown FollowerState
2019-10-30 11:52:48,622 [Thread-1949] INFO  impl.RaftServerImpl (RaftServerImpl.java:setRole(184)) - 9dbd5372-55c2-4532-b354-9494d3d545d2@group-F367C8FA5986: changes role from  FOLLOWER to CANDIDATE at term 119 for changeToCandidate
2019-10-30 11:52:48,623 [Thread-1949] INFO  impl.RoleInfo (RoleInfo.java:updateAndGet(143)) - 9dbd5372-55c2-4532-b354-9494d3d545d2: start LeaderElection
2019-10-30 11:52:48,633 [9dbd5372-55c2-4532-b354-9494d3d545d2@group-F367C8FA5986-LeaderElection238] INFO  impl.LeaderElection (LeaderElection.java:askForVotes(178)) - 9dbd5372-55c2-4532-b354-9494d3d545d2@group-F367C8FA5986-LeaderElection238: begin an election at term 120 for -1: [9b3ef6c9-0245-4756-bf80-45d41f7a4453:192.168.157.220:37058, cd11b2f5-3187-4d03-bd60-931991550c17:192.168.157.220:43236, 9dbd5372-55c2-4532-b354-9494d3d545d2:192.168.157.220:42993], old=null
2019-10-30 11:52:48,635 [grpc-default-executor-6] INFO  impl.RaftServerImpl (RaftServerImpl.java:setRole(184)) - 9b3ef6c9-0245-4756-bf80-45d41f7a4453@group-F367C8FA5986: changes role from  FOLLOWER to FOLLOWER at term 120 for recognizeCandidate:9dbd5372-55c2-4532-b354-9494d3d545d2
2019-10-30 11:52:48,635 [grpc-default-executor-8] INFO  impl.RaftServerImpl (RaftServerImpl.java:setRole(184)) - cd11b2f5-3187-4d03-bd60-931991550c17@group-F367C8FA5986: changes role from  FOLLOWER to FOLLOWER at term 120 for recognizeCandidate:9dbd5372-55c2-4532-b354-9494d3d545d2
2019-10-30 11:52:48,635 [grpc-default-executor-6] INFO  impl.RoleInfo (RoleInfo.java:shutdownFollowerState(121)) - 9b3ef6c9-0245-4756-bf80-45d41f7a4453: shutdown FollowerState
2019-10-30 11:52:48,635 [grpc-default-executor-8] INFO  impl.RoleInfo (RoleInfo.java:shutdownFollowerState(121)) - cd11b2f5-3187-4d03-bd60-931991550c17: shutdown FollowerState
2019-10-30 11:52:48,635 [Thread-1948] INFO  impl.FollowerState (FollowerState.java:run(117)) - 9b3ef6c9-0245-4756-bf80-45d41f7a4453@group-F367C8FA5986-FollowerState was interrupted: java.lang.InterruptedException: sleep interrupted
2019-10-30 11:52:48,635 [Thread-1947] INFO  impl.FollowerState (FollowerState.java:run(117)) - cd11b2f5-3187-4d03-bd60-931991550c17@group-F367C8FA5986-FollowerState was interrupted: java.lang.InterruptedException: sleep interrupted
2019-10-30 11:52:48,635 [grpc-default-executor-8] INFO  impl.RoleInfo (RoleInfo.java:updateAndGet(143)) - cd11b2f5-3187-4d03-bd60-931991550c17: start FollowerState
2019-10-30 11:52:48,635 [grpc-default-executor-6] INFO  impl.RoleInfo (RoleInfo.java:updateAndGet(143)) - 9b3ef6c9-0245-4756-bf80-45d41f7a4453: start FollowerState
2019-10-30 11:52:48,638 [Thread-1941] INFO  impl.FollowerState (FollowerState.java:run(108)) - f26e10ed-fb17-49e6-a903-eadc130d13d1@group-83984122B78E-FollowerState: change to CANDIDATE, lastRpcTime:112ms, electionTimeout:112ms
2019-10-30 11:52:48,638 [Thread-1941] INFO  impl.RoleInfo (RoleInfo.java:shutdownFollowerState(121)) - f26e10ed-fb17-49e6-a903-eadc130d13d1: shutdown FollowerState
2019-10-30 11:52:48,638 [Thread-1941] INFO  impl.RaftServerImpl (RaftServerImpl.java:setRole(184)) - f26e10ed-fb17-49e6-a903-eadc130d13d1@group-83984122B78E: changes role from  FOLLOWER to CANDIDATE at term 128 for changeToCandidate
2019-10-30 11:52:48,638 [Thread-1941] INFO  impl.RoleInfo (RoleInfo.java:updateAndGet(143)) - f26e10ed-fb17-49e6-a903-eadc130d13d1: start LeaderElection
2019-10-30 11:52:48,641 [9dbd5372-55c2-4532-b354-9494d3d545d2@group-F367C8FA5986-LeaderElection238] INFO  impl.LeaderElection (LeaderElection.java:logAndReturn(56)) - 9dbd5372-55c2-4532-b354-9494d3d545d2@group-F367C8FA5986-LeaderElection238: Election REJECTED; received 2 response(s) [9dbd5372-55c2-4532-b354-9494d3d545d2<-9b3ef6c9-0245-4756-bf80-45d41f7a4453#0:FAIL-t120, 9dbd5372-55c2-4532-b354-9494d3d545d2<-cd11b2f5-3187-4d03-bd60-931991550c17#0:FAIL-t120] and 0 exception(s); 9dbd5372-55c2-4532-b354-9494d3d545d2@group-F367C8FA5986:t120, leader=null, voted=9dbd5372-55c2-4532-b354-9494d3d545d2, raftlog=9dbd5372-55c2-4532-b354-9494d3d545d2@group-F367C8FA5986-SegmentedRaftLog:OPENED:c-1,f-1,i0, conf=-1: [9b3ef6c9-0245-4756-bf80-45d41f7a4453:192.168.157.220:37058, cd11b2f5-3187-4d03-bd60-931991550c17:192.168.157.220:43236, 9dbd5372-55c2-4532-b354-9494d3d545d2:192.168.157.220:42993], old=null
2019-10-30 11:52:48,641 [9dbd5372-55c2-4532-b354-9494d3d545d2@group-F367C8FA5986-LeaderElection238] INFO  impl.RaftServerImpl (RaftServerImpl.java:setRole(184)) - 9dbd5372-55c2-4532-b354-9494d3d545d2@group-F367C8FA5986: changes role from CANDIDATE to FOLLOWER at term 120 for DISCOVERED_A_NEW_TERM
2019-10-30 11:52:48,642 [9dbd5372-55c2-4532-b354-9494d3d545d2@group-F367C8FA5986-LeaderElection238] INFO  impl.RoleInfo (RoleInfo.java:shutdownLeaderElection(134)) - 9dbd5372-55c2-4532-b354-9494d3d545d2: shutdown LeaderElection
2019-10-30 11:52:48,642 [9dbd5372-55c2-4532-b354-9494d3d545d2@group-F367C8FA5986-LeaderElection238] INFO  impl.RoleInfo (RoleInfo.java:updateAndGet(143)) - 9dbd5372-55c2-4532-b354-9494d3d545d2: start FollowerState
2019-10-30 11:52:48,643 [f26e10ed-fb17-49e6-a903-eadc130d13d1@group-83984122B78E-LeaderElection239] INFO  impl.LeaderElection (LeaderElection.java:askForVotes(178)) - f26e10ed-fb17-49e6-a903-eadc130d13d1@group-83984122B78E-LeaderElection239: begin an election at term 129 for -1: [4f16e274-8663-4a15-9c4c-c81f650ab979:192.168.157.220:38181, 4cc44201-a597-43af-a4ec-5b1b407a6250:192.168.157.220:36685, f26e10ed-fb17-49e6-a903-eadc130d13d1:192.168.157.220:32806], old=null
2019-10-30 11:52:48,645 [grpc-default-executor-8] INFO  impl.RaftServerImpl (RaftServerImpl.java:setRole(184)) - 4cc44201-a597-43af-a4ec-5b1b407a6250@group-83984122B78E: changes role from  FOLLOWER to FOLLOWER at term 129 for recognizeCandidate:f26e10ed-fb17-49e6-a903-eadc130d13d1
2019-10-30 11:52:48,645 [grpc-default-executor-8] INFO  impl.RoleInfo (RoleInfo.java:shutdownFollowerState(121)) - 4cc44201-a597-43af-a4ec-5b1b407a6250: shutdown FollowerState
2019-10-30 11:52:48,645 [grpc-default-executor-8] INFO  impl.RoleInfo (RoleInfo.java:updateAndGet(143)) - 4cc44201-a597-43af-a4ec-5b1b407a6250: start FollowerState
2019-10-30 11:52:48,645 [Thread-1939] INFO  impl.FollowerState (FollowerState.java:run(117)) - 4cc44201-a597-43af-a4ec-5b1b407a6250@group-83984122B78E-FollowerState was interrupted: java.lang.InterruptedException: sleep interrupted
2019-10-30 11:52:48,645 [grpc-default-executor-6] INFO  impl.RaftServerImpl (RaftServerImpl.java:setRole(184)) - 4f16e274-8663-4a15-9c4c-c81f650ab979@group-83984122B78E: changes role from  FOLLOWER to FOLLOWER at term 129 for recognizeCandidate:f26e10ed-fb17-49e6-a903-eadc130d13d1
2019-10-30 11:52:48,645 [grpc-default-executor-6] INFO  impl.RoleInfo (RoleInfo.java:shutdownFollowerState(121)) - 4f16e274-8663-4a15-9c4c-c81f650ab979: shutdown FollowerState
2019-10-30 11:52:48,646 [grpc-default-executor-6] INFO  impl.RoleInfo (RoleInfo.java:updateAndGet(143)) - 4f16e274-8663-4a15-9c4c-c81f650ab979: start FollowerState
2019-10-30 11:52:48,646 [Thread-1940] INFO  impl.FollowerState (FollowerState.java:run(117)) - 4f16e274-8663-4a15-9c4c-c81f650ab979@group-83984122B78E-FollowerState was interrupted: java.lang.InterruptedException: sleep interrupted
2019-10-30 11:52:48,678 [f26e10ed-fb17-49e6-a903-eadc130d13d1@group-83984122B78E-LeaderElection239] INFO  impl.LeaderElection (LeaderElection.java:logAndReturn(56)) - f26e10ed-fb17-49e6-a903-eadc130d13d1@group-83984122B78E-LeaderElection239: Election REJECTED; received 2 response(s) [f26e10ed-fb17-49e6-a903-eadc130d13d1<-4f16e274-8663-4a15-9c4c-c81f650ab979#0:FAIL-t129, f26e10ed-fb17-49e6-a903-eadc130d13d1<-4cc44201-a597-43af-a4ec-5b1b407a6250#0:FAIL-t129] and 0 exception(s); f26e10ed-fb17-49e6-a903-eadc130d13d1@group-83984122B78E:t129, leader=null, voted=f26e10ed-fb17-49e6-a903-eadc130d13d1, raftlog=f26e10ed-fb17-49e6-a903-eadc130d13d1@group-83984122B78E-SegmentedRaftLog:OPENED:c-1,f-1,i0, conf=-1: [4f16e274-8663-4a15-9c4c-c81f650ab979:192.168.157.220:38181, 4cc44201-a597-43af-a4ec-5b1b407a6250:192.168.157.220:36685, f26e10ed-fb17-49e6-a903-eadc130d13d1:192.168.157.220:32806], old=null
2019-10-30 11:52:48,678 [f26e10ed-fb17-49e6-a903-eadc130d13d1@group-83984122B78E-LeaderElection239] INFO  impl.RaftServerImpl (RaftServerImpl.java:setRole(184)) - f26e10ed-fb17-49e6-a903-eadc130d13d1@group-83984122B78E: changes role from CANDIDATE to FOLLOWER at term 129 for DISCOVERED_A_NEW_TERM
2019-10-30 11:52:48,678 [f26e10ed-fb17-49e6-a903-eadc130d13d1@group-83984122B78E-LeaderElection239] INFO  impl.RoleInfo (RoleInfo.java:shutdownLeaderElection(134)) - f26e10ed-fb17-49e6-a903-eadc130d13d1: shutdown LeaderElection
2019-10-30 11:52:48,678 [f26e10ed-fb17-49e6-a903-eadc130d13d1@group-83984122B78E-LeaderElection239] INFO  impl.RoleInfo (RoleInfo.java:updateAndGet(143)) - f26e10ed-fb17-49e6-a903-eadc130d13d1: start FollowerState
2019-10-30 11:52:48,697 [Thread-1956] INFO  impl.FollowerState (FollowerState.java:run(108)) - 9dbd5372-55c2-4532-b354-9494d3d545d2@group-F367C8FA5986-FollowerState: change to CANDIDATE, lastRpcTime:55ms, electionTimeout:55ms
2019-10-30 11:52:48,697 [Thread-1956] INFO  impl.RoleInfo (RoleInfo.java:shutdownFollowerState(121)) - 9dbd5372-55c2-4532-b354-9494d3d545d2: shutdown FollowerState
2019-10-30 11:52:48,697 [Thread-1956] INFO  impl.RaftServerImpl (RaftServerImpl.java:setRole(184)) - 9dbd5372-55c2-4532-b354-9494d3d545d2@group-F367C8FA5986: changes role from  FOLLOWER to CANDIDATE at term 120 for changeToCandidate
2019-10-30 11:52:48,697 [Thread-1956] INFO  impl.RoleInfo (RoleInfo.java:updateAndGet(143)) - 9dbd5372-55c2-4532-b354-9494d3d545d2: start LeaderElection
2019-10-30 11:52:48,706 [9dbd5372-55c2-4532-b354-9494d3d545d2@group-F367C8FA5986-LeaderElection240] INFO  impl.LeaderElection (LeaderElection.java:askForVotes(178)) - 9dbd5372-55c2-4532-b354-9494d3d545d2@group-F367C8FA5986-LeaderElection240: begin an election at term 121 for -1: [9b3ef6c9-0245-4756-bf80-45d41f7a4453:192.168.157.220:37058, cd11b2f5-3187-4d03-bd60-931991550c17:192.168.157.220:43236, 9dbd5372-55c2-4532-b354-9494d3d545d2:192.168.157.220:42993], old=null
2019-10-30 11:52:48,708 [grpc-default-executor-8] INFO  impl.RaftServerImpl (RaftServerImpl.java:setRole(184)) - 9b3ef6c9-0245-4756-bf80-45d41f7a4453@group-F367C8FA5986: changes role from  FOLLOWER to FOLLOWER at term 121 for recognizeCandidate:9dbd5372-55c2-4532-b354-9494d3d545d2
2019-10-30 11:52:48,708 [grpc-default-executor-8] INFO  impl.RoleInfo (RoleInfo.java:shutdownFollowerState(121)) - 9b3ef6c9-0245-4756-bf80-45d41f7a4453: shutdown FollowerState
2019-10-30 11:52:48,708 [grpc-default-executor-8] INFO  impl.RoleInfo (RoleInfo.java:updateAndGet(143)) - 9b3ef6c9-0245-4756-bf80-45d41f7a4453: start FollowerState
2019-10-30 11:52:48,708 [Thread-1953] INFO  impl.FollowerState (FollowerState.java:run(117)) - 9b3ef6c9-0245-4756-bf80-45d41f7a4453@group-F367C8FA5986-FollowerState was interrupted: java.lang.InterruptedException: sleep interrupted
2019-10-30 11:52:48,709 [grpc-default-executor-6] INFO  impl.RaftServerImpl (RaftServerImpl.java:setRole(184)) - cd11b2f5-3187-4d03-bd60-931991550c17@group-F367C8FA5986: changes role from  FOLLOWER to FOLLOWER at term 121 for recognizeCandidate:9dbd5372-55c2-4532-b354-9494d3d545d2
2019-10-30 11:52:48,709 [grpc-default-executor-6] INFO  impl.RoleInfo (RoleInfo.java:shutdownFollowerState(121)) - cd11b2f5-3187-4d03-bd60-931991550c17: shutdown FollowerState
2019-10-30 11:52:48,709 [grpc-default-executor-6] INFO  impl.RoleInfo (RoleInfo.java:updateAndGet(143)) - cd11b2f5-3187-4d03-bd60-931991550c17: start FollowerState
2019-10-30 11:52:48,709 [Thread-1961] INFO  impl.FollowerState (FollowerState.java:run(108)) - f26e10ed-fb17-49e6-a903-eadc130d13d1@group-83984122B78E-FollowerState: change to CANDIDATE, lastRpcTime:30ms, electionTimeout:30ms
2019-10-30 11:52:48,709 [9dbd5372-55c2-4532-b354-9494d3d545d2@group-F367C8FA5986-LeaderElection240] INFO  impl.LeaderElection (LeaderElection.java:logAndReturn(56)) - 9dbd5372-55c2-4532-b354-9494d3d545d2@group-F367C8FA5986-LeaderElection240: Election TIMEOUT; received 0 response(s) [] and 0 exception(s); 9dbd5372-55c2-4532-b354-9494d3d545d2@group-F367C8FA5986:t121, leader=null, voted=9dbd5372-55c2-4532-b354-9494d3d545d2, raftlog=9dbd5372-55c2-4532-b354-9494d3d545d2@group-F367C8FA5986-SegmentedRaftLog:OPENED:c-1,f-1,i0, conf=-1: [9b3ef6c9-0245-4756-bf80-45d41f7a4453:192.168.157.220:37058, cd11b2f5-3187-4d03-bd60-931991550c17:192.168.157.220:43236, 9dbd5372-55c2-4532-b354-9494d3d545d2:192.168.157.220:42993], old=null
2019-10-30 11:52:48,709 [Thread-1961] INFO  impl.RoleInfo (RoleInfo.java:shutdownFollowerState(121)) - f26e10ed-fb17-49e6-a903-eadc130d13d1: shutdown FollowerState
2019-10-30 11:52:48,709 [Thread-1954] INFO  impl.FollowerState (FollowerState.java:run(117)) - cd11b2f5-3187-4d03-bd60-931991550c17@group-F367C8FA5986-FollowerState was interrupted: java.lang.InterruptedException: sleep interrupted
2019-10-30 11:52:48,709 [Thread-1961] INFO  impl.RaftServerImpl (RaftServerImpl.java:setRole(184)) - f26e10ed-fb17-49e6-a903-eadc130d13d1@group-83984122B78E: changes role from  FOLLOWER to CANDIDATE at term 129 for changeToCandidate
2019-10-30 11:52:48,709 [Thread-1961] INFO  impl.RoleInfo (RoleInfo.java:updateAndGet(143)) - f26e10ed-fb17-49e6-a903-eadc130d13d1: start LeaderElection
2019-10-30 11:52:48,717 [9dbd5372-55c2-4532-b354-9494d3d545d2@group-F367C8FA5986-LeaderElection240] INFO  impl.LeaderElection (LeaderElection.java:askForVotes(178)) - 9dbd5372-55c2-4532-b354-9494d3d545d2@group-F367C8FA5986-LeaderElection240: begin an election at term 122 for -1: [9b3ef6c9-0245-4756-bf80-45d41f7a4453:192.168.157.220:37058, cd11b2f5-3187-4d03-bd60-931991550c17:192.168.157.220:43236, 9dbd5372-55c2-4532-b354-9494d3d545d2:192.168.157.220:42993], old=null
2019-10-30 11:52:48,717 [f26e10ed-fb17-49e6-a903-eadc130d13d1@group-83984122B78E-LeaderElection241] INFO  impl.LeaderElection (LeaderElection.java:askForVotes(178)) - f26e10ed-fb17-49e6-a903-eadc130d13d1@group-83984122B78E-LeaderElection241: begin an election at term 130 for -1: [4f16e274-8663-4a15-9c4c-c81f650ab979:192.168.157.220:38181, 4cc44201-a597-43af-a4ec-5b1b407a6250:192.168.157.220:36685, f26e10ed-fb17-49e6-a903-eadc130d13d1:192.168.157.220:32806], old=null
2019-10-30 11:52:48,719 [grpc-default-executor-6] INFO  impl.RaftServerImpl (RaftServerImpl.java:setRole(184)) - 9b3ef6c9-0245-4756-bf80-45d41f7a4453@group-F367C8FA5986: changes role from  FOLLOWER to FOLLOWER at term 122 for recognizeCandidate:9dbd5372-55c2-4532-b354-9494d3d545d2
2019-10-30 11:52:48,719 [grpc-default-executor-8] INFO  impl.RaftServerImpl (RaftServerImpl.java:setRole(184)) - cd11b2f5-3187-4d03-bd60-931991550c17@group-F367C8FA5986: changes role from  FOLLOWER to FOLLOWER at term 122 for recognizeCandidate:9dbd5372-55c2-4532-b354-9494d3d545d2
2019-10-30 11:52:48,719 [grpc-default-executor-8] INFO  impl.RoleInfo (RoleInfo.java:shutdownFollowerState(121)) - cd11b2f5-3187-4d03-bd60-931991550c17: shutdown FollowerState
2019-10-30 11:52:48,719 [Thread-1966] INFO  impl.FollowerState (FollowerState.java:run(117)) - cd11b2f5-3187-4d03-bd60-931991550c17@group-F367C8FA5986-FollowerState was interrupted: java.lang.InterruptedException: sleep interrupted
2019-10-30 11:52:48,719 [grpc-default-executor-6] INFO  impl.RoleInfo (RoleInfo.java:shutdownFollowerState(121)) - 9b3ef6c9-0245-4756-bf80-45d41f7a4453: shutdown FollowerState
2019-10-30 11:52:48,719 [grpc-default-executor-8] INFO  impl.RoleInfo (RoleInfo.java:updateAndGet(143)) - cd11b2f5-3187-4d03-bd60-931991550c17: start FollowerState
2019-10-30 11:52:48,720 [Thread-1965] INFO  impl.FollowerState (FollowerState.java:run(117)) - 9b3ef6c9-0245-4756-bf80-45d41f7a4453@group-F367C8FA5986-FollowerState was interrupted: java.lang.InterruptedException: sleep interrupted
2019-10-30 11:52:48,720 [grpc-default-executor-1] INFO  impl.RaftServerImpl (RaftServerImpl.java:setRole(184)) - 4cc44201-a597-43af-a4ec-5b1b407a6250@group-83984122B78E: changes role from  FOLLOWER to FOLLOWER at term 130 for recognizeCandidate:f26e10ed-fb17-49e6-a903-eadc130d13d1
2019-10-30 11:52:48,720 [grpc-default-executor-6] INFO  impl.RoleInfo (RoleInfo.java:updateAndGet(143)) - 9b3ef6c9-0245-4756-bf80-45d41f7a4453: start FollowerState
2019-10-30 11:52:48,720 [grpc-default-executor-1] INFO  impl.RoleInfo (RoleInfo.java:shutdownFollowerState(121)) - 4cc44201-a597-43af-a4ec-5b1b407a6250: shutdown FollowerState
2019-10-30 11:52:48,720 [grpc-default-executor-7] INFO  impl.RaftServerImpl (RaftServerImpl.java:setRole(184)) - 4f16e274-8663-4a15-9c4c-c81f650ab979@group-83984122B78E: changes role from  FOLLOWER to FOLLOWER at term 130 for recognizeCandidate:f26e10ed-fb17-49e6-a903-eadc130d13d1
2019-10-30 11:52:48,720 [Thread-1959] INFO  impl.FollowerState (FollowerState.java:run(117)) - 4cc44201-a597-43af-a4ec-5b1b407a6250@group-83984122B78E-FollowerState was interrupted: java.lang.InterruptedException: sleep interrupted
2019-10-30 11:52:48,720 [grpc-default-executor-1] INFO  impl.RoleInfo (RoleInfo.java:updateAndGet(143)) - 4cc44201-a597-43af-a4ec-5b1b407a6250: start FollowerState
2019-10-30 11:52:48,720 [grpc-default-executor-7] INFO  impl.RoleInfo (RoleInfo.java:shutdownFollowerState(121)) - 4f16e274-8663-4a15-9c4c-c81f650ab979: shutdown FollowerState
2019-10-30 11:52:48,721 [grpc-default-executor-7] INFO  impl.RoleInfo (RoleInfo.java:updateAndGet(143)) - 4f16e274-8663-4a15-9c4c-c81f650ab979: start FollowerState
2019-10-30 11:52:48,721 [Thread-1960] INFO  impl.FollowerState (FollowerState.java:run(117)) - 4f16e274-8663-4a15-9c4c-c81f650ab979@group-83984122B78E-FollowerState was interrupted: java.lang.InterruptedException: sleep interrupted
2019-10-30 11:52:48,731 [f26e10ed-fb17-49e6-a903-eadc130d13d1@group-83984122B78E-LeaderElection241] INFO  impl.LeaderElection (LeaderElection.java:logAndReturn(56)) - f26e10ed-fb17-49e6-a903-eadc130d13d1@group-83984122B78E-LeaderElection241: Election REJECTED; received 2 response(s) [f26e10ed-fb17-49e6-a903-eadc130d13d1<-4f16e274-8663-4a15-9c4c-c81f650ab979#0:FAIL-t130, f26e10ed-fb17-49e6-a903-eadc130d13d1<-4cc44201-a597-43af-a4ec-5b1b407a6250#0:FAIL-t130] and 0 exception(s); f26e10ed-fb17-49e6-a903-eadc130d13d1@group-83984122B78E:t130, leader=null, voted=f26e10ed-fb17-49e6-a903-eadc130d13d1, raftlog=f26e10ed-fb17-49e6-a903-eadc130d13d1@group-83984122B78E-SegmentedRaftLog:OPENED:c-1,f-1,i0, conf=-1: [4f16e274-8663-4a15-9c4c-c81f650ab979:192.168.157.220:38181, 4cc44201-a597-43af-a4ec-5b1b407a6250:192.168.157.220:36685, f26e10ed-fb17-49e6-a903-eadc130d13d1:192.168.157.220:32806], old=null
2019-10-30 11:52:48,731 [9dbd5372-55c2-4532-b354-9494d3d545d2@group-F367C8FA5986-LeaderElection240] INFO  impl.LeaderElection (LeaderElection.java:logAndReturn(56)) - 9dbd5372-55c2-4532-b354-9494d3d545d2@group-F367C8FA5986-LeaderElection240: Election REJECTED; received 2 response(s) [9dbd5372-55c2-4532-b354-9494d3d545d2<-9b3ef6c9-0245-4756-bf80-45d41f7a4453#0:FAIL-t122, 9dbd5372-55c2-4532-b354-9494d3d545d2<-cd11b2f5-3187-4d03-bd60-931991550c17#0:FAIL-t122] and 0 exception(s); 9dbd5372-55c2-4532-b354-9494d3d545d2@group-F367C8FA5986:t122, leader=null, voted=9dbd5372-55c2-4532-b354-9494d3d545d2, raftlog=9dbd5372-55c2-4532-b354-9494d3d545d2@group-F367C8FA5986-SegmentedRaftLog:OPENED:c-1,f-1,i0, conf=-1: [9b3ef6c9-0245-4756-bf80-45d41f7a4453:192.168.157.220:37058, cd11b2f5-3187-4d03-bd60-931991550c17:192.168.157.220:43236, 9dbd5372-55c2-4532-b354-9494d3d545d2:192.168.157.220:42993], old=null
2019-10-30 11:52:48,731 [f26e10ed-fb17-49e6-a903-eadc130d13d1@group-83984122B78E-LeaderElection241] INFO  impl.RaftServerImpl (RaftServerImpl.java:setRole(184)) - f26e10ed-fb17-49e6-a903-eadc130d13d1@group-83984122B78E: changes role from CANDIDATE to FOLLOWER at term 130 for DISCOVERED_A_NEW_TERM
2019-10-30 11:52:48,731 [f26e10ed-fb17-49e6-a903-eadc130d13d1@group-83984122B78E-LeaderElection241] INFO  impl.RoleInfo (RoleInfo.java:shutdownLeaderElection(134)) - f26e10ed-fb17-49e6-a903-eadc130d13d1: shutdown LeaderElection
2019-10-30 11:52:48,731 [f26e10ed-fb17-49e6-a903-eadc130d13d1@group-83984122B78E-LeaderElection241] INFO  impl.RoleInfo (RoleInfo.java:updateAndGet(143)) - f26e10ed-fb17-49e6-a903-eadc130d13d1: start FollowerState
2019-10-30 11:52:48,731 [9dbd5372-55c2-4532-b354-9494d3d545d2@group-F367C8FA5986-LeaderElection240] INFO  impl.RaftServerImpl (RaftServerImpl.java:setRole(184)) - 9dbd5372-55c2-4532-b354-9494d3d545d2@group-F367C8FA5986: changes role from CANDIDATE to FOLLOWER at term 122 for DISCOVERED_A_NEW_TERM
2019-10-30 11:52:48,732 [9dbd5372-55c2-4532-b354-9494d3d545d2@group-F367C8FA5986-LeaderElection240] INFO  impl.RoleInfo (RoleInfo.java:shutdownLeaderElection(134)) - 9dbd5372-55c2-4532-b354-9494d3d545d2: shutdown LeaderElection
2019-10-30 11:52:48,732 [9dbd5372-55c2-4532-b354-9494d3d545d2@group-F367C8FA5986-LeaderElection240] INFO  impl.RoleInfo (RoleInfo.java:updateAndGet(143)) - 9dbd5372-55c2-4532-b354-9494d3d545d2: start FollowerState
2019-10-30 11:52:48,828 [Thread-1976] INFO  impl.FollowerState (FollowerState.java:run(108)) - f26e10ed-fb17-49e6-a903-eadc130d13d1@group-83984122B78E-FollowerState: change to CANDIDATE, lastRpcTime:96ms, electionTimeout:96ms
2019-10-30 11:52:48,828 [Thread-1976] INFO  impl.RoleInfo (RoleInfo.java:shutdownFollowerState(121)) - f26e10ed-fb17-49e6-a903-eadc130d13d1: shutdown FollowerState
2019-10-30 11:52:48,828 [Thread-1976] INFO  impl.RaftServerImpl (RaftServerImpl.java:setRole(184)) - f26e10ed-fb17-49e6-a903-eadc130d13d1@group-83984122B78E: changes role from  FOLLOWER to CANDIDATE at term 130 for changeToCandidate
2019-10-30 11:52:48,828 [Thread-1976] INFO  impl.RoleInfo (RoleInfo.java:updateAndGet(143)) - f26e10ed-fb17-49e6-a903-eadc130d13d1: start LeaderElection
2019-10-30 11:52:48,833 [f26e10ed-fb17-49e6-a903-eadc130d13d1@group-83984122B78E-LeaderElection242] INFO  impl.LeaderElection (LeaderElection.java:askForVotes(178)) - f26e10ed-fb17-49e6-a903-eadc130d13d1@group-83984122B78E-LeaderElection242: begin an election at term 131 for -1: [4f16e274-8663-4a15-9c4c-c81f650ab979:192.168.157.220:38181, 4cc44201-a597-43af-a4ec-5b1b407a6250:192.168.157.220:36685, f26e10ed-fb17-49e6-a903-eadc130d13d1:192.168.157.220:32806], old=null
2019-10-30 11:52:48,834 [grpc-default-executor-8] INFO  impl.RaftServerImpl (RaftServerImpl.java:setRole(184)) - 4f16e274-8663-4a15-9c4c-c81f650ab979@group-83984122B78E: changes role from  FOLLOWER to FOLLOWER at term 131 for recognizeCandidate:f26e10ed-fb17-49e6-a903-eadc130d13d1
2019-10-30 11:52:48,834 [grpc-default-executor-6] INFO  impl.RaftServerImpl (RaftServerImpl.java:setRole(184)) - 4cc44201-a597-43af-a4ec-5b1b407a6250@group-83984122B78E: changes role from  FOLLOWER to FOLLOWER at term 131 for recognizeCandidate:f26e10ed-fb17-49e6-a903-eadc130d13d1
2019-10-30 11:52:48,835 [grpc-default-executor-8] INFO  impl.RoleInfo (RoleInfo.java:shutdownFollowerState(121)) - 4f16e274-8663-4a15-9c4c-c81f650ab979: shutdown FollowerState
2019-10-30 11:52:48,835 [grpc-default-executor-6] INFO  impl.RoleInfo (RoleInfo.java:shutdownFollowerState(121)) - 4cc44201-a597-43af-a4ec-5b1b407a6250: shutdown FollowerState
2019-10-30 11:52:48,835 [Thread-1975] INFO  impl.FollowerState (FollowerState.java:run(117)) - 4f16e274-8663-4a15-9c4c-c81f650ab979@group-83984122B78E-FollowerState was interrupted: java.lang.InterruptedException: sleep interrupted
2019-10-30 11:52:48,835 [grpc-default-executor-8] INFO  impl.RoleInfo (RoleInfo.java:updateAndGet(143)) - 4f16e274-8663-4a15-9c4c-c81f650ab979: start FollowerState
2019-10-30 11:52:48,835 [Thread-1974] INFO  impl.FollowerState (FollowerState.java:run(117)) - 4cc44201-a597-43af-a4ec-5b1b407a6250@group-83984122B78E-FollowerState was interrupted: java.lang.InterruptedException: sleep interrupted
2019-10-30 11:52:48,835 [grpc-default-executor-6] INFO  impl.RoleInfo (RoleInfo.java:updateAndGet(143)) - 4cc44201-a597-43af-a4ec-5b1b407a6250: start FollowerState
2019-10-30 11:52:48,858 [f26e10ed-fb17-49e6-a903-eadc130d13d1@group-83984122B78E-LeaderElection242] INFO  impl.LeaderElection (LeaderElection.java:logAndReturn(56)) - f26e10ed-fb17-49e6-a903-eadc130d13d1@group-83984122B78E-LeaderElection242: Election REJECTED; received 2 response(s) [f26e10ed-fb17-49e6-a903-eadc130d13d1<-4f16e274-8663-4a15-9c4c-c81f650ab979#0:FAIL-t131, f26e10ed-fb17-49e6-a903-eadc130d13d1<-4cc44201-a597-43af-a4ec-5b1b407a6250#0:FAIL-t131] and 0 exception(s); f26e10ed-fb17-49e6-a903-eadc130d13d1@group-83984122B78E:t131, leader=null, voted=f26e10ed-fb17-49e6-a903-eadc130d13d1, raftlog=f26e10ed-fb17-49e6-a903-eadc130d13d1@group-83984122B78E-SegmentedRaftLog:OPENED:c-1,f-1,i0, conf=-1: [4f16e274-8663-4a15-9c4c-c81f650ab979:192.168.157.220:38181, 4cc44201-a597-43af-a4ec-5b1b407a6250:192.168.157.220:36685, f26e10ed-fb17-49e6-a903-eadc130d13d1:192.168.157.220:32806], old=null
2019-10-30 11:52:48,858 [f26e10ed-fb17-49e6-a903-eadc130d13d1@group-83984122B78E-LeaderElection242] INFO  impl.RaftServerImpl (RaftServerImpl.java:setRole(184)) - f26e10ed-fb17-49e6-a903-eadc130d13d1@group-83984122B78E: changes role from CANDIDATE to FOLLOWER at term 131 for DISCOVERED_A_NEW_TERM
2019-10-30 11:52:48,858 [f26e10ed-fb17-49e6-a903-eadc130d13d1@group-83984122B78E-LeaderElection242] INFO  impl.RoleInfo (RoleInfo.java:shutdownLeaderElection(134)) - f26e10ed-fb17-49e6-a903-eadc130d13d1: shutdown LeaderElection
2019-10-30 11:52:48,858 [f26e10ed-fb17-49e6-a903-eadc130d13d1@group-83984122B78E-LeaderElection242] INFO  impl.RoleInfo (RoleInfo.java:updateAndGet(143)) - f26e10ed-fb17-49e6-a903-eadc130d13d1: start FollowerState
2019-10-30 11:52:48,929 [Thread-1977] INFO  impl.FollowerState (FollowerState.java:run(108)) - 9dbd5372-55c2-4532-b354-9494d3d545d2@group-F367C8FA5986-FollowerState: change to CANDIDATE, lastRpcTime:197ms, electionTimeout:197ms
2019-10-30 11:52:48,929 [Thread-1977] INFO  impl.RoleInfo (RoleInfo.java:shutdownFollowerState(121)) - 9dbd5372-55c2-4532-b354-9494d3d545d2: shutdown FollowerState
2019-10-30 11:52:48,929 [Thread-1977] INFO  impl.RaftServerImpl (RaftServerImpl.java:setRole(184)) - 9dbd5372-55c2-4532-b354-9494d3d545d2@group-F367C8FA5986: changes role from  FOLLOWER to CANDIDATE at term 122 for changeToCandidate
2019-10-30 11:52:48,929 [Thread-1977] INFO  impl.RoleInfo (RoleInfo.java:updateAndGet(143)) - 9dbd5372-55c2-4532-b354-9494d3d545d2: start LeaderElection
2019-10-30 11:52:48,937 [9dbd5372-55c2-4532-b354-9494d3d545d2@group-F367C8FA5986-LeaderElection243] INFO  impl.LeaderElection (LeaderElection.java:askForVotes(178)) - 9dbd5372-55c2-4532-b354-9494d3d545d2@group-F367C8FA5986-LeaderElection243: begin an election at term 123 for -1: [9b3ef6c9-0245-4756-bf80-45d41f7a4453:192.168.157.220:37058, cd11b2f5-3187-4d03-bd60-931991550c17:192.168.157.220:43236, 9dbd5372-55c2-4532-b354-9494d3d545d2:192.168.157.220:42993], old=null
2019-10-30 11:52:48,942 [grpc-default-executor-8] INFO  impl.RaftServerImpl (RaftServerImpl.java:setRole(184)) - cd11b2f5-3187-4d03-bd60-931991550c17@group-F367C8FA5986: changes role from  FOLLOWER to FOLLOWER at term 123 for recognizeCandidate:9dbd5372-55c2-4532-b354-9494d3d545d2
2019-10-30 11:52:48,942 [grpc-default-executor-8] INFO  impl.RoleInfo (RoleInfo.java:shutdownFollowerState(121)) - cd11b2f5-3187-4d03-bd60-931991550c17: shutdown FollowerState
2019-10-30 11:52:48,942 [grpc-default-executor-8] INFO  impl.RoleInfo (RoleInfo.java:updateAndGet(143)) - cd11b2f5-3187-4d03-bd60-931991550c17: start FollowerState
2019-10-30 11:52:48,942 [grpc-default-executor-6] INFO  impl.RaftServerImpl (RaftServerImpl.java:setRole(184)) - 9b3ef6c9-0245-4756-bf80-45d41f7a4453@group-F367C8FA5986: changes role from  FOLLOWER to FOLLOWER at term 123 for recognizeCandidate:9dbd5372-55c2-4532-b354-9494d3d545d2
2019-10-30 11:52:48,942 [grpc-default-executor-6] INFO  impl.RoleInfo (RoleInfo.java:shutdownFollowerState(121)) - 9b3ef6c9-0245-4756-bf80-45d41f7a4453: shutdown FollowerState
2019-10-30 11:52:48,942 [Thread-1972] INFO  impl.FollowerState (FollowerState.java:run(117)) - cd11b2f5-3187-4d03-bd60-931991550c17@group-F367C8FA5986-FollowerState was interrupted: java.lang.InterruptedException: sleep interrupted
2019-10-30 11:52:48,943 [Thread-1973] INFO  impl.FollowerState (FollowerState.java:run(117)) - 9b3ef6c9-0245-4756-bf80-45d41f7a4453@group-F367C8FA5986-FollowerState was interrupted: java.lang.InterruptedException: sleep interrupted
2019-10-30 11:52:48,943 [grpc-default-executor-6] INFO  impl.RoleInfo (RoleInfo.java:updateAndGet(143)) - 9b3ef6c9-0245-4756-bf80-45d41f7a4453: start FollowerState
2019-10-30 11:52:48,953 [9dbd5372-55c2-4532-b354-9494d3d545d2@group-F367C8FA5986-LeaderElection243] INFO  impl.LeaderElection (LeaderElection.java:logAndReturn(56)) - 9dbd5372-55c2-4532-b354-9494d3d545d2@group-F367C8FA5986-LeaderElection243: Election REJECTED; received 2 response(s) [9dbd5372-55c2-4532-b354-9494d3d545d2<-9b3ef6c9-0245-4756-bf80-45d41f7a4453#0:FAIL-t123, 9dbd5372-55c2-4532-b354-9494d3d545d2<-cd11b2f5-3187-4d03-bd60-931991550c17#0:FAIL-t123] and 0 exception(s); 9dbd5372-55c2-4532-b354-9494d3d545d2@group-F367C8FA5986:t123, leader=null, voted=9dbd5372-55c2-4532-b354-9494d3d545d2, raftlog=9dbd5372-55c2-4532-b354-9494d3d545d2@group-F367C8FA5986-SegmentedRaftLog:OPENED:c-1,f-1,i0, conf=-1: [9b3ef6c9-0245-4756-bf80-45d41f7a4453:192.168.157.220:37058, cd11b2f5-3187-4d03-bd60-931991550c17:192.168.157.220:43236, 9dbd5372-55c2-4532-b354-9494d3d545d2:192.168.157.220:42993], old=null
2019-10-30 11:52:48,953 [9dbd5372-55c2-4532-b354-9494d3d545d2@group-F367C8FA5986-LeaderElection243] INFO  impl.RaftServerImpl (RaftServerImpl.java:setRole(184)) - 9dbd5372-55c2-4532-b354-9494d3d545d2@group-F367C8FA5986: changes role from CANDIDATE to FOLLOWER at term 123 for DISCOVERED_A_NEW_TERM
2019-10-30 11:52:48,953 [9dbd5372-55c2-4532-b354-9494d3d545d2@group-F367C8FA5986-LeaderElection243] INFO  impl.RoleInfo (RoleInfo.java:shutdownLeaderElection(134)) - 9dbd5372-55c2-4532-b354-9494d3d545d2: shutdown LeaderElection
2019-10-30 11:52:48,953 [9dbd5372-55c2-4532-b354-9494d3d545d2@group-F367C8FA5986-LeaderElection243] INFO  impl.RoleInfo (RoleInfo.java:updateAndGet(143)) - 9dbd5372-55c2-4532-b354-9494d3d545d2: start FollowerState
2019-10-30 11:52:48,967 [Thread-1983] INFO  impl.FollowerState (FollowerState.java:run(108)) - f26e10ed-fb17-49e6-a903-eadc130d13d1@group-83984122B78E-FollowerState: change to CANDIDATE, lastRpcTime:109ms, electionTimeout:108ms
2019-10-30 11:52:48,967 [Thread-1983] INFO  impl.RoleInfo (RoleInfo.java:shutdownFollowerState(121)) - f26e10ed-fb17-49e6-a903-eadc130d13d1: shutdown FollowerState
2019-10-30 11:52:48,967 [Thread-1983] INFO  impl.RaftServerImpl (RaftServerImpl.java:setRole(184)) - f26e10ed-fb17-49e6-a903-eadc130d13d1@group-83984122B78E: changes role from  FOLLOWER to CANDIDATE at term 131 for changeToCandidate
2019-10-30 11:52:48,967 [Thread-1983] INFO  impl.RoleInfo (RoleInfo.java:updateAndGet(143)) - f26e10ed-fb17-49e6-a903-eadc130d13d1: start LeaderElection
2019-10-30 11:52:48,981 [f26e10ed-fb17-49e6-a903-eadc130d13d1@group-83984122B78E-LeaderElection244] INFO  impl.LeaderElection (LeaderElection.java:askForVotes(178)) - f26e10ed-fb17-49e6-a903-eadc130d13d1@group-83984122B78E-LeaderElection244: begin an election at term 132 for -1: [4f16e274-8663-4a15-9c4c-c81f650ab979:192.168.157.220:38181, 4cc44201-a597-43af-a4ec-5b1b407a6250:192.168.157.220:36685, f26e10ed-fb17-49e6-a903-eadc130d13d1:192.168.157.220:32806], old=null
2019-10-30 11:52:48,982 [grpc-default-executor-6] INFO  impl.RaftServerImpl (RaftServerImpl.java:setRole(184)) - 4f16e274-8663-4a15-9c4c-c81f650ab979@group-83984122B78E: changes role from  FOLLOWER to FOLLOWER at term 132 for recognizeCandidate:f26e10ed-fb17-49e6-a903-eadc130d13d1
2019-10-30 11:52:48,982 [grpc-default-executor-8] INFO  impl.RaftServerImpl (RaftServerImpl.java:setRole(184)) - 4cc44201-a597-43af-a4ec-5b1b407a6250@group-83984122B78E: changes role from  FOLLOWER to FOLLOWER at term 132 for recognizeCandidate:f26e10ed-fb17-49e6-a903-eadc130d13d1
2019-10-30 11:52:48,983 [grpc-default-executor-8] INFO  impl.RoleInfo (RoleInfo.java:shutdownFollowerState(121)) - 4cc44201-a597-43af-a4ec-5b1b407a6250: shutdown FollowerState
2019-10-30 11:52:48,983 [grpc-default-executor-6] INFO  impl.RoleInfo (RoleInfo.java:shutdownFollowerState(121)) - 4f16e274-8663-4a15-9c4c-c81f650ab979: shutdown FollowerState
2019-10-30 11:52:48,983 [Thread-1982] INFO  impl.FollowerState (FollowerState.java:run(117)) - 4cc44201-a597-43af-a4ec-5b1b407a6250@group-83984122B78E-FollowerState was interrupted: java.lang.InterruptedException: sleep interrupted
2019-10-30 11:52:48,983 [grpc-default-executor-8] INFO  impl.RoleInfo (RoleInfo.java:updateAndGet(143)) - 4cc44201-a597-43af-a4ec-5b1b407a6250: start FollowerState
2019-10-30 11:52:48,983 [Thread-1981] INFO  impl.FollowerState (FollowerState.java:run(117)) - 4f16e274-8663-4a15-9c4c-c81f650ab979@group-83984122B78E-FollowerState was interrupted: java.lang.InterruptedException: sleep interrupted
2019-10-30 11:52:48,983 [grpc-default-executor-6] INFO  impl.RoleInfo (RoleInfo.java:updateAndGet(143)) - 4f16e274-8663-4a15-9c4c-c81f650ab979: start FollowerState
2019-10-30 11:52:48,989 [f26e10ed-fb17-49e6-a903-eadc130d13d1@group-83984122B78E-LeaderElection244] INFO  impl.LeaderElection (LeaderElection.java:logAndReturn(56)) - f26e10ed-fb17-49e6-a903-eadc130d13d1@group-83984122B78E-LeaderElection244: Election REJECTED; received 2 response(s) [f26e10ed-fb17-49e6-a903-eadc130d13d1<-4f16e274-8663-4a15-9c4c-c81f650ab979#0:FAIL-t132, f26e10ed-fb17-49e6-a903-eadc130d13d1<-4cc44201-a597-43af-a4ec-5b1b407a6250#0:FAIL-t132] and 0 exception(s); f26e10ed-fb17-49e6-a903-eadc130d13d1@group-83984122B78E:t132, leader=null, voted=f26e10ed-fb17-49e6-a903-eadc130d13d1, raftlog=f26e10ed-fb17-49e6-a903-eadc130d13d1@group-83984122B78E-SegmentedRaftLog:OPENED:c-1,f-1,i0, conf=-1: [4f16e274-8663-4a15-9c4c-c81f650ab979:192.168.157.220:38181, 4cc44201-a597-43af-a4ec-5b1b407a6250:192.168.157.220:36685, f26e10ed-fb17-49e6-a903-eadc130d13d1:192.168.157.220:32806], old=null
2019-10-30 11:52:48,989 [f26e10ed-fb17-49e6-a903-eadc130d13d1@group-83984122B78E-LeaderElection244] INFO  impl.RaftServerImpl (RaftServerImpl.java:setRole(184)) - f26e10ed-fb17-49e6-a903-eadc130d13d1@group-83984122B78E: changes role from CANDIDATE to FOLLOWER at term 132 for DISCOVERED_A_NEW_TERM
2019-10-30 11:52:48,989 [f26e10ed-fb17-49e6-a903-eadc130d13d1@group-83984122B78E-LeaderElection244] INFO  impl.RoleInfo (RoleInfo.java:shutdownLeaderElection(134)) - f26e10ed-fb17-49e6-a903-eadc130d13d1: shutdown LeaderElection
2019-10-30 11:52:48,989 [f26e10ed-fb17-49e6-a903-eadc130d13d1@group-83984122B78E-LeaderElection244] INFO  impl.RoleInfo (RoleInfo.java:updateAndGet(143)) - f26e10ed-fb17-49e6-a903-eadc130d13d1: start FollowerState
2019-10-30 11:52:49,063 [Thread-1995] INFO  impl.FollowerState (FollowerState.java:run(108)) - f26e10ed-fb17-49e6-a903-eadc130d13d1@group-83984122B78E-FollowerState: change to CANDIDATE, lastRpcTime:74ms, electionTimeout:74ms
2019-10-30 11:52:49,063 [Thread-1995] INFO  impl.RoleInfo (RoleInfo.java:shutdownFollowerState(121)) - f26e10ed-fb17-49e6-a903-eadc130d13d1: shutdown FollowerState
2019-10-30 11:52:49,064 [Thread-1995] INFO  impl.RaftServerImpl (RaftServerImpl.java:setRole(184)) - f26e10ed-fb17-49e6-a903-eadc130d13d1@group-83984122B78E: changes role from  FOLLOWER to CANDIDATE at term 132 for changeToCandidate
2019-10-30 11:52:49,064 [Thread-1995] INFO  impl.RoleInfo (RoleInfo.java:updateAndGet(143)) - f26e10ed-fb17-49e6-a903-eadc130d13d1: start LeaderElection
2019-10-30 11:52:49,068 [f26e10ed-fb17-49e6-a903-eadc130d13d1@group-83984122B78E-LeaderElection245] INFO  impl.LeaderElection (LeaderElection.java:askForVotes(178)) - f26e10ed-fb17-49e6-a903-eadc130d13d1@group-83984122B78E-LeaderElection245: begin an election at term 133 for -1: [4f16e274-8663-4a15-9c4c-c81f650ab979:192.168.157.220:38181, 4cc44201-a597-43af-a4ec-5b1b407a6250:192.168.157.220:36685, f26e10ed-fb17-49e6-a903-eadc130d13d1:192.168.157.220:32806], old=null
2019-10-30 11:52:49,069 [grpc-default-executor-6] INFO  impl.RaftServerImpl (RaftServerImpl.java:setRole(184)) - 4f16e274-8663-4a15-9c4c-c81f650ab979@group-83984122B78E: changes role from  FOLLOWER to FOLLOWER at term 133 for recognizeCandidate:f26e10ed-fb17-49e6-a903-eadc130d13d1
2019-10-30 11:52:49,069 [grpc-default-executor-6] INFO  impl.RoleInfo (RoleInfo.java:shutdownFollowerState(121)) - 4f16e274-8663-4a15-9c4c-c81f650ab979: shutdown FollowerState
2019-10-30 11:52:49,069 [grpc-default-executor-6] INFO  impl.RoleInfo (RoleInfo.java:updateAndGet(143)) - 4f16e274-8663-4a15-9c4c-c81f650ab979: start FollowerState
2019-10-30 11:52:49,069 [Thread-1994] INFO  impl.FollowerState (FollowerState.java:run(117)) - 4f16e274-8663-4a15-9c4c-c81f650ab979@group-83984122B78E-FollowerState was interrupted: java.lang.InterruptedException: sleep interrupted
2019-10-30 11:52:49,069 [grpc-default-executor-8] INFO  impl.RaftServerImpl (RaftServerImpl.java:setRole(184)) - 4cc44201-a597-43af-a4ec-5b1b407a6250@group-83984122B78E: changes role from  FOLLOWER to FOLLOWER at term 133 for recognizeCandidate:f26e10ed-fb17-49e6-a903-eadc130d13d1
2019-10-30 11:52:49,070 [grpc-default-executor-8] INFO  impl.RoleInfo (RoleInfo.java:shutdownFollowerState(121)) - 4cc44201-a597-43af-a4ec-5b1b407a6250: shutdown FollowerState
2019-10-30 11:52:49,070 [grpc-default-executor-8] INFO  impl.RoleInfo (RoleInfo.java:updateAndGet(143)) - 4cc44201-a597-43af-a4ec-5b1b407a6250: start FollowerState
2019-10-30 11:52:49,070 [Thread-1993] INFO  impl.FollowerState (FollowerState.java:run(117)) - 4cc44201-a597-43af-a4ec-5b1b407a6250@group-83984122B78E-FollowerState was interrupted: java.lang.InterruptedException: sleep interrupted
2019-10-30 11:52:49,083 [f26e10ed-fb17-49e6-a903-eadc130d13d1@group-83984122B78E-LeaderElection245] INFO  impl.LeaderElection (LeaderElection.java:logAndReturn(56)) - f26e10ed-fb17-49e6-a903-eadc130d13d1@group-83984122B78E-LeaderElection245: Election REJECTED; received 2 response(s) [f26e10ed-fb17-49e6-a903-eadc130d13d1<-4f16e274-8663-4a15-9c4c-c81f650ab979#0:FAIL-t133, f26e10ed-fb17-49e6-a903-eadc130d13d1<-4cc44201-a597-43af-a4ec-5b1b407a6250#0:FAIL-t133] and 0 exception(s); f26e10ed-fb17-49e6-a903-eadc130d13d1@group-83984122B78E:t133, leader=null, voted=f26e10ed-fb17-49e6-a903-eadc130d13d1, raftlog=f26e10ed-fb17-49e6-a903-eadc130d13d1@group-83984122B78E-SegmentedRaftLog:OPENED:c-1,f-1,i0, conf=-1: [4f16e274-8663-4a15-9c4c-c81f650ab979:192.168.157.220:38181, 4cc44201-a597-43af-a4ec-5b1b407a6250:192.168.157.220:36685, f26e10ed-fb17-49e6-a903-eadc130d13d1:192.168.157.220:32806], old=null
2019-10-30 11:52:49,083 [f26e10ed-fb17-49e6-a903-eadc130d13d1@group-83984122B78E-LeaderElection245] INFO  impl.RaftServerImpl (RaftServerImpl.java:setRole(184)) - f26e10ed-fb17-49e6-a903-eadc130d13d1@group-83984122B78E: changes role from CANDIDATE to FOLLOWER at term 133 for DISCOVERED_A_NEW_TERM
2019-10-30 11:52:49,083 [f26e10ed-fb17-49e6-a903-eadc130d13d1@group-83984122B78E-LeaderElection245] INFO  impl.RoleInfo (RoleInfo.java:shutdownLeaderElection(134)) - f26e10ed-fb17-49e6-a903-eadc130d13d1: shutdown LeaderElection
2019-10-30 11:52:49,083 [f26e10ed-fb17-49e6-a903-eadc130d13d1@group-83984122B78E-LeaderElection245] INFO  impl.RoleInfo (RoleInfo.java:updateAndGet(143)) - f26e10ed-fb17-49e6-a903-eadc130d13d1: start FollowerState
2019-10-30 11:52:49,095 [Thread-1989] INFO  impl.FollowerState (FollowerState.java:run(108)) - 9dbd5372-55c2-4532-b354-9494d3d545d2@group-F367C8FA5986-FollowerState: change to CANDIDATE, lastRpcTime:141ms, electionTimeout:141ms
2019-10-30 11:52:49,095 [Thread-1989] INFO  impl.RoleInfo (RoleInfo.java:shutdownFollowerState(121)) - 9dbd5372-55c2-4532-b354-9494d3d545d2: shutdown FollowerState
2019-10-30 11:52:49,095 [Thread-1989] INFO  impl.RaftServerImpl (RaftServerImpl.java:setRole(184)) - 9dbd5372-55c2-4532-b354-9494d3d545d2@group-F367C8FA5986: changes role from  FOLLOWER to CANDIDATE at term 123 for changeToCandidate
2019-10-30 11:52:49,095 [Thread-1989] INFO  impl.RoleInfo (RoleInfo.java:updateAndGet(143)) - 9dbd5372-55c2-4532-b354-9494d3d545d2: start LeaderElection
2019-10-30 11:52:49,103 [9dbd5372-55c2-4532-b354-9494d3d545d2@group-F367C8FA5986-LeaderElection246] INFO  impl.LeaderElection (LeaderElection.java:askForVotes(178)) - 9dbd5372-55c2-4532-b354-9494d3d545d2@group-F367C8FA5986-LeaderElection246: begin an election at term 124 for -1: [9b3ef6c9-0245-4756-bf80-45d41f7a4453:192.168.157.220:37058, cd11b2f5-3187-4d03-bd60-931991550c17:192.168.157.220:43236, 9dbd5372-55c2-4532-b354-9494d3d545d2:192.168.157.220:42993], old=null
2019-10-30 11:52:49,106 [grpc-default-executor-6] INFO  impl.RaftServerImpl (RaftServerImpl.java:setRole(184)) - cd11b2f5-3187-4d03-bd60-931991550c17@group-F367C8FA5986: changes role from  FOLLOWER to FOLLOWER at term 124 for recognizeCandidate:9dbd5372-55c2-4532-b354-9494d3d545d2
2019-10-30 11:52:49,106 [grpc-default-executor-6] INFO  impl.RoleInfo (RoleInfo.java:shutdownFollowerState(121)) - cd11b2f5-3187-4d03-bd60-931991550c17: shutdown FollowerState
2019-10-30 11:52:49,106 [grpc-default-executor-6] INFO  impl.RoleInfo (RoleInfo.java:updateAndGet(143)) - cd11b2f5-3187-4d03-bd60-931991550c17: start FollowerState
2019-10-30 11:52:49,106 [Thread-1987] INFO  impl.FollowerState (FollowerState.java:run(117)) - cd11b2f5-3187-4d03-bd60-931991550c17@group-F367C8FA5986-FollowerState was interrupted: java.lang.InterruptedException: sleep interrupted
2019-10-30 11:52:49,108 [grpc-default-executor-8] INFO  impl.RaftServerImpl (RaftServerImpl.java:setRole(184)) - 9b3ef6c9-0245-4756-bf80-45d41f7a4453@group-F367C8FA5986: changes role from  FOLLOWER to FOLLOWER at term 124 for recognizeCandidate:9dbd5372-55c2-4532-b354-9494d3d545d2
2019-10-30 11:52:49,109 [grpc-default-executor-8] INFO  impl.RoleInfo (RoleInfo.java:shutdownFollowerState(121)) - 9b3ef6c9-0245-4756-bf80-45d41f7a4453: shutdown FollowerState
2019-10-30 11:52:49,109 [grpc-default-executor-8] INFO  impl.RoleInfo (RoleInfo.java:updateAndGet(143)) - 9b3ef6c9-0245-4756-bf80-45d41f7a4453: start FollowerState
2019-10-30 11:52:49,109 [Thread-1988] INFO  impl.FollowerState (FollowerState.java:run(117)) - 9b3ef6c9-0245-4756-bf80-45d41f7a4453@group-F367C8FA5986-FollowerState was interrupted: java.lang.InterruptedException: sleep interrupted
2019-10-30 11:52:49,118 [Thread-2003] INFO  impl.FollowerState (FollowerState.java:run(108)) - f26e10ed-fb17-49e6-a903-eadc130d13d1@group-83984122B78E-FollowerState: change to CANDIDATE, lastRpcTime:35ms, electionTimeout:35ms
2019-10-30 11:52:49,119 [Thread-2003] INFO  impl.RoleInfo (RoleInfo.java:shutdownFollowerState(121)) - f26e10ed-fb17-49e6-a903-eadc130d13d1: shutdown FollowerState
2019-10-30 11:52:49,119 [Thread-2003] INFO  impl.RaftServerImpl (RaftServerImpl.java:setRole(184)) - f26e10ed-fb17-49e6-a903-eadc130d13d1@group-83984122B78E: changes role from  FOLLOWER to CANDIDATE at term 133 for changeToCandidate
2019-10-30 11:52:49,119 [Thread-2003] INFO  impl.RoleInfo (RoleInfo.java:updateAndGet(143)) - f26e10ed-fb17-49e6-a903-eadc130d13d1: start LeaderElection
2019-10-30 11:52:49,125 [f26e10ed-fb17-49e6-a903-eadc130d13d1@group-83984122B78E-LeaderElection247] INFO  impl.LeaderElection (LeaderElection.java:askForVotes(178)) - f26e10ed-fb17-49e6-a903-eadc130d13d1@group-83984122B78E-LeaderElection247: begin an election at term 134 for -1: [4f16e274-8663-4a15-9c4c-c81f650ab979:192.168.157.220:38181, 4cc44201-a597-43af-a4ec-5b1b407a6250:192.168.157.220:36685, f26e10ed-fb17-49e6-a903-eadc130d13d1:192.168.157.220:32806], old=null
2019-10-30 11:52:49,126 [9dbd5372-55c2-4532-b354-9494d3d545d2@group-F367C8FA5986-LeaderElection246] INFO  impl.LeaderElection (LeaderElection.java:logAndReturn(56)) - 9dbd5372-55c2-4532-b354-9494d3d545d2@group-F367C8FA5986-LeaderElection246: Election REJECTED; received 2 response(s) [9dbd5372-55c2-4532-b354-9494d3d545d2<-9b3ef6c9-0245-4756-bf80-45d41f7a4453#0:FAIL-t124, 9dbd5372-55c2-4532-b354-9494d3d545d2<-cd11b2f5-3187-4d03-bd60-931991550c17#0:FAIL-t124] and 0 exception(s); 9dbd5372-55c2-4532-b354-9494d3d545d2@group-F367C8FA5986:t124, leader=null, voted=9dbd5372-55c2-4532-b354-9494d3d545d2, raftlog=9dbd5372-55c2-4532-b354-9494d3d545d2@group-F367C8FA5986-SegmentedRaftLog:OPENED:c-1,f-1,i0, conf=-1: [9b3ef6c9-0245-4756-bf80-45d41f7a4453:192.168.157.220:37058, cd11b2f5-3187-4d03-bd60-931991550c17:192.168.157.220:43236, 9dbd5372-55c2-4532-b354-9494d3d545d2:192.168.157.220:42993], old=null
2019-10-30 11:52:49,126 [9dbd5372-55c2-4532-b354-9494d3d545d2@group-F367C8FA5986-LeaderElection246] INFO  impl.RaftServerImpl (RaftServerImpl.java:setRole(184)) - 9dbd5372-55c2-4532-b354-9494d3d545d2@group-F367C8FA5986: changes role from CANDIDATE to FOLLOWER at term 124 for DISCOVERED_A_NEW_TERM
2019-10-30 11:52:49,126 [9dbd5372-55c2-4532-b354-9494d3d545d2@group-F367C8FA5986-LeaderElection246] INFO  impl.RoleInfo (RoleInfo.java:shutdownLeaderElection(134)) - 9dbd5372-55c2-4532-b354-9494d3d545d2: shutdown LeaderElection
2019-10-30 11:52:49,126 [9dbd5372-55c2-4532-b354-9494d3d545d2@group-F367C8FA5986-LeaderElection246] INFO  impl.RoleInfo (RoleInfo.java:updateAndGet(143)) - 9dbd5372-55c2-4532-b354-9494d3d545d2: start FollowerState
2019-10-30 11:52:49,126 [grpc-default-executor-6] INFO  impl.RaftServerImpl (RaftServerImpl.java:setRole(184)) - 4f16e274-8663-4a15-9c4c-c81f650ab979@group-83984122B78E: changes role from  FOLLOWER to FOLLOWER at term 134 for recognizeCandidate:f26e10ed-fb17-49e6-a903-eadc130d13d1
2019-10-30 11:52:49,126 [grpc-default-executor-8] INFO  impl.RaftServerImpl (RaftServerImpl.java:setRole(184)) - 4cc44201-a597-43af-a4ec-5b1b407a6250@group-83984122B78E: changes role from  FOLLOWER to FOLLOWER at term 134 for recognizeCandidate:f26e10ed-fb17-49e6-a903-eadc130d13d1
2019-10-30 11:52:49,126 [grpc-default-executor-6] INFO  impl.RoleInfo (RoleInfo.java:shutdownFollowerState(121)) - 4f16e274-8663-4a15-9c4c-c81f650ab979: shutdown FollowerState
2019-10-30 11:52:49,126 [grpc-default-executor-8] INFO  impl.RoleInfo (RoleInfo.java:shutdownFollowerState(121)) - 4cc44201-a597-43af-a4ec-5b1b407a6250: shutdown FollowerState
2019-10-30 11:52:49,126 [Thread-2001] INFO  impl.FollowerState (FollowerState.java:run(117)) - 4f16e274-8663-4a15-9c4c-c81f650ab979@group-83984122B78E-FollowerState was interrupted: java.lang.InterruptedException: sleep interrupted
2019-10-30 11:52:49,126 [Thread-2002] INFO  impl.FollowerState (FollowerState.java:run(117)) - 4cc44201-a597-43af-a4ec-5b1b407a6250@group-83984122B78E-FollowerState was interrupted: java.lang.InterruptedException: sleep interrupted
2019-10-30 11:52:49,126 [grpc-default-executor-6] INFO  impl.RoleInfo (RoleInfo.java:updateAndGet(143)) - 4f16e274-8663-4a15-9c4c-c81f650ab979: start FollowerState
2019-10-30 11:52:49,126 [grpc-default-executor-8] INFO  impl.RoleInfo (RoleInfo.java:updateAndGet(143)) - 4cc44201-a597-43af-a4ec-5b1b407a6250: start FollowerState
2019-10-30 11:52:49,155 [f26e10ed-fb17-49e6-a903-eadc130d13d1@group-83984122B78E-LeaderElection247] INFO  impl.LeaderElection (LeaderElection.java:logAndReturn(56)) - f26e10ed-fb17-49e6-a903-eadc130d13d1@group-83984122B78E-LeaderElection247: Election REJECTED; received 2 response(s) [f26e10ed-fb17-49e6-a903-eadc130d13d1<-4f16e274-8663-4a15-9c4c-c81f650ab979#0:FAIL-t134, f26e10ed-fb17-49e6-a903-eadc130d13d1<-4cc44201-a597-43af-a4ec-5b1b407a6250#0:FAIL-t134] and 0 exception(s); f26e10ed-fb17-49e6-a903-eadc130d13d1@group-83984122B78E:t134, leader=null, voted=f26e10ed-fb17-49e6-a903-eadc130d13d1, raftlog=f26e10ed-fb17-49e6-a903-eadc130d13d1@group-83984122B78E-SegmentedRaftLog:OPENED:c-1,f-1,i0, conf=-1: [4f16e274-8663-4a15-9c4c-c81f650ab979:192.168.157.220:38181, 4cc44201-a597-43af-a4ec-5b1b407a6250:192.168.157.220:36685, f26e10ed-fb17-49e6-a903-eadc130d13d1:192.168.157.220:32806], old=null
2019-10-30 11:52:49,155 [f26e10ed-fb17-49e6-a903-eadc130d13d1@group-83984122B78E-LeaderElection247] INFO  impl.RaftServerImpl (RaftServerImpl.java:setRole(184)) - f26e10ed-fb17-49e6-a903-eadc130d13d1@group-83984122B78E: changes role from CANDIDATE to FOLLOWER at term 134 for DISCOVERED_A_NEW_TERM
2019-10-30 11:52:49,156 [f26e10ed-fb17-49e6-a903-eadc130d13d1@group-83984122B78E-LeaderElection247] INFO  impl.RoleInfo (RoleInfo.java:shutdownLeaderElection(134)) - f26e10ed-fb17-49e6-a903-eadc130d13d1: shutdown LeaderElection
2019-10-30 11:52:49,156 [f26e10ed-fb17-49e6-a903-eadc130d13d1@group-83984122B78E-LeaderElection247] INFO  impl.RoleInfo (RoleInfo.java:updateAndGet(143)) - f26e10ed-fb17-49e6-a903-eadc130d13d1: start FollowerState
2019-10-30 11:52:49,158 [Thread-2015] INFO  impl.FollowerState (FollowerState.java:run(108)) - f26e10ed-fb17-49e6-a903-eadc130d13d1@group-83984122B78E-FollowerState: change to CANDIDATE, lastRpcTime:2ms, electionTimeout:2ms
2019-10-30 11:52:49,158 [Thread-2015] INFO  impl.RoleInfo (RoleInfo.java:shutdownFollowerState(121)) - f26e10ed-fb17-49e6-a903-eadc130d13d1: shutdown FollowerState
2019-10-30 11:52:49,158 [Thread-2015] INFO  impl.RaftServerImpl (RaftServerImpl.java:setRole(184)) - f26e10ed-fb17-49e6-a903-eadc130d13d1@group-83984122B78E: changes role from  FOLLOWER to CANDIDATE at term 134 for changeToCandidate
2019-10-30 11:52:49,158 [Thread-2015] INFO  impl.RoleInfo (RoleInfo.java:updateAndGet(143)) - f26e10ed-fb17-49e6-a903-eadc130d13d1: start LeaderElection
2019-10-30 11:52:49,172 [f26e10ed-fb17-49e6-a903-eadc130d13d1@group-83984122B78E-LeaderElection248] INFO  impl.LeaderElection (LeaderElection.java:askForVotes(178)) - f26e10ed-fb17-49e6-a903-eadc130d13d1@group-83984122B78E-LeaderElection248: begin an election at term 135 for -1: [4f16e274-8663-4a15-9c4c-c81f650ab979:192.168.157.220:38181, 4cc44201-a597-43af-a4ec-5b1b407a6250:192.168.157.220:36685, f26e10ed-fb17-49e6-a903-eadc130d13d1:192.168.157.220:32806], old=null
2019-10-30 11:52:49,174 [grpc-default-executor-8] INFO  impl.RaftServerImpl (RaftServerImpl.java:setRole(184)) - 4cc44201-a597-43af-a4ec-5b1b407a6250@group-83984122B78E: changes role from  FOLLOWER to FOLLOWER at term 135 for recognizeCandidate:f26e10ed-fb17-49e6-a903-eadc130d13d1
2019-10-30 11:52:49,174 [grpc-default-executor-8] INFO  impl.RoleInfo (RoleInfo.java:shutdownFollowerState(121)) - 4cc44201-a597-43af-a4ec-5b1b407a6250: shutdown FollowerState
2019-10-30 11:52:49,174 [grpc-default-executor-8] INFO  impl.RoleInfo (RoleInfo.java:updateAndGet(143)) - 4cc44201-a597-43af-a4ec-5b1b407a6250: start FollowerState
2019-10-30 11:52:49,175 [grpc-default-executor-6] INFO  impl.RaftServerImpl (RaftServerImpl.java:setRole(184)) - 4f16e274-8663-4a15-9c4c-c81f650ab979@group-83984122B78E: changes role from  FOLLOWER to FOLLOWER at term 135 for recognizeCandidate:f26e10ed-fb17-49e6-a903-eadc130d13d1
2019-10-30 11:52:49,175 [grpc-default-executor-6] INFO  impl.RoleInfo (RoleInfo.java:shutdownFollowerState(121)) - 4f16e274-8663-4a15-9c4c-c81f650ab979: shutdown FollowerState
2019-10-30 11:52:49,175 [grpc-default-executor-6] INFO  impl.RoleInfo (RoleInfo.java:updateAndGet(143)) - 4f16e274-8663-4a15-9c4c-c81f650ab979: start FollowerState
2019-10-30 11:52:49,174 [Thread-2014] INFO  impl.FollowerState (FollowerState.java:run(117)) - 4cc44201-a597-43af-a4ec-5b1b407a6250@group-83984122B78E-FollowerState was interrupted: java.lang.InterruptedException: sleep interrupted
2019-10-30 11:52:49,175 [Thread-2013] INFO  impl.FollowerState (FollowerState.java:run(117)) - 4f16e274-8663-4a15-9c4c-c81f650ab979@group-83984122B78E-FollowerState was interrupted: java.lang.InterruptedException: sleep interrupted
2019-10-30 11:52:49,198 [f26e10ed-fb17-49e6-a903-eadc130d13d1@group-83984122B78E-LeaderElection248] INFO  impl.LeaderElection (LeaderElection.java:logAndReturn(56)) - f26e10ed-fb17-49e6-a903-eadc130d13d1@group-83984122B78E-LeaderElection248: Election REJECTED; received 2 response(s) [f26e10ed-fb17-49e6-a903-eadc130d13d1<-4f16e274-8663-4a15-9c4c-c81f650ab979#0:FAIL-t135, f26e10ed-fb17-49e6-a903-eadc130d13d1<-4cc44201-a597-43af-a4ec-5b1b407a6250#0:FAIL-t135] and 0 exception(s); f26e10ed-fb17-49e6-a903-eadc130d13d1@group-83984122B78E:t135, leader=null, voted=f26e10ed-fb17-49e6-a903-eadc130d13d1, raftlog=f26e10ed-fb17-49e6-a903-eadc130d13d1@group-83984122B78E-SegmentedRaftLog:OPENED:c-1,f-1,i0, conf=-1: [4f16e274-8663-4a15-9c4c-c81f650ab979:192.168.157.220:38181, 4cc44201-a597-43af-a4ec-5b1b407a6250:192.168.157.220:36685, f26e10ed-fb17-49e6-a903-eadc130d13d1:192.168.157.220:32806], old=null
2019-10-30 11:52:49,198 [f26e10ed-fb17-49e6-a903-eadc130d13d1@group-83984122B78E-LeaderElection248] INFO  impl.RaftServerImpl (RaftServerImpl.java:setRole(184)) - f26e10ed-fb17-49e6-a903-eadc130d13d1@group-83984122B78E: changes role from CANDIDATE to FOLLOWER at term 135 for DISCOVERED_A_NEW_TERM
2019-10-30 11:52:49,198 [f26e10ed-fb17-49e6-a903-eadc130d13d1@group-83984122B78E-LeaderElection248] INFO  impl.RoleInfo (RoleInfo.java:shutdownLeaderElection(134)) - f26e10ed-fb17-49e6-a903-eadc130d13d1: shutdown LeaderElection
2019-10-30 11:52:49,198 [f26e10ed-fb17-49e6-a903-eadc130d13d1@group-83984122B78E-LeaderElection248] INFO  impl.RoleInfo (RoleInfo.java:updateAndGet(143)) - f26e10ed-fb17-49e6-a903-eadc130d13d1: start FollowerState
2019-10-30 11:52:49,263 [Thread-2021] INFO  impl.FollowerState (FollowerState.java:run(108)) - f26e10ed-fb17-49e6-a903-eadc130d13d1@group-83984122B78E-FollowerState: change to CANDIDATE, lastRpcTime:65ms, electionTimeout:65ms
2019-10-30 11:52:49,264 [Thread-2021] INFO  impl.RoleInfo (RoleInfo.java:shutdownFollowerState(121)) - f26e10ed-fb17-49e6-a903-eadc130d13d1: shutdown FollowerState
2019-10-30 11:52:49,264 [Thread-2021] INFO  impl.RaftServerImpl (RaftServerImpl.java:setRole(184)) - f26e10ed-fb17-49e6-a903-eadc130d13d1@group-83984122B78E: changes role from  FOLLOWER to CANDIDATE at term 135 for changeToCandidate
2019-10-30 11:52:49,264 [Thread-2021] INFO  impl.RoleInfo (RoleInfo.java:updateAndGet(143)) - f26e10ed-fb17-49e6-a903-eadc130d13d1: start LeaderElection
2019-10-30 11:52:49,293 [f26e10ed-fb17-49e6-a903-eadc130d13d1@group-83984122B78E-LeaderElection249] INFO  impl.LeaderElection (LeaderElection.java:askForVotes(178)) - f26e10ed-fb17-49e6-a903-eadc130d13d1@group-83984122B78E-LeaderElection249: begin an election at term 136 for -1: [4f16e274-8663-4a15-9c4c-c81f650ab979:192.168.157.220:38181, 4cc44201-a597-43af-a4ec-5b1b407a6250:192.168.157.220:36685, f26e10ed-fb17-49e6-a903-eadc130d13d1:192.168.157.220:32806], old=null
2019-10-30 11:52:49,302 [Thread-2012] INFO  impl.FollowerState (FollowerState.java:run(108)) - 9dbd5372-55c2-4532-b354-9494d3d545d2@group-F367C8FA5986-FollowerState: change to CANDIDATE, lastRpcTime:176ms, electionTimeout:176ms
2019-10-30 11:52:49,302 [Thread-2012] INFO  impl.RoleInfo (RoleInfo.java:shutdownFollowerState(121)) - 9dbd5372-55c2-4532-b354-9494d3d545d2: shutdown FollowerState
2019-10-30 11:52:49,302 [Thread-2012] INFO  impl.RaftServerImpl (RaftServerImpl.java:setRole(184)) - 9dbd5372-55c2-4532-b354-9494d3d545d2@group-F367C8FA5986: changes role from  FOLLOWER to CANDIDATE at term 124 for changeToCandidate
2019-10-30 11:52:49,303 [Thread-2012] INFO  impl.RoleInfo (RoleInfo.java:updateAndGet(143)) - 9dbd5372-55c2-4532-b354-9494d3d545d2: start LeaderElection
2019-10-30 11:52:49,303 [grpc-default-executor-8] INFO  impl.RaftServerImpl (RaftServerImpl.java:setRole(184)) - 4cc44201-a597-43af-a4ec-5b1b407a6250@group-83984122B78E: changes role from  FOLLOWER to FOLLOWER at term 136 for recognizeCandidate:f26e10ed-fb17-49e6-a903-eadc130d13d1
2019-10-30 11:52:49,303 [grpc-default-executor-6] INFO  impl.RaftServerImpl (RaftServerImpl.java:setRole(184)) - 4f16e274-8663-4a15-9c4c-c81f650ab979@group-83984122B78E: changes role from  FOLLOWER to FOLLOWER at term 136 for recognizeCandidate:f26e10ed-fb17-49e6-a903-eadc130d13d1
2019-10-30 11:52:49,303 [grpc-default-executor-8] INFO  impl.RoleInfo (RoleInfo.java:shutdownFollowerState(121)) - 4cc44201-a597-43af-a4ec-5b1b407a6250: shutdown FollowerState
2019-10-30 11:52:49,303 [grpc-default-executor-6] INFO  impl.RoleInfo (RoleInfo.java:shutdownFollowerState(121)) - 4f16e274-8663-4a15-9c4c-c81f650ab979: shutdown FollowerState
2019-10-30 11:52:49,303 [grpc-default-executor-8] INFO  impl.RoleInfo (RoleInfo.java:updateAndGet(143)) - 4cc44201-a597-43af-a4ec-5b1b407a6250: start FollowerState
2019-10-30 11:52:49,303 [grpc-default-executor-6] INFO  impl.RoleInfo (RoleInfo.java:updateAndGet(143)) - 4f16e274-8663-4a15-9c4c-c81f650ab979: start FollowerState
2019-10-30 11:52:49,303 [Thread-2020] INFO  impl.FollowerState (FollowerState.java:run(117)) - 4f16e274-8663-4a15-9c4c-c81f650ab979@group-83984122B78E-FollowerState was interrupted: java.lang.InterruptedException: sleep interrupted
2019-10-30 11:52:49,303 [Thread-2019] INFO  impl.FollowerState (FollowerState.java:run(117)) - 4cc44201-a597-43af-a4ec-5b1b407a6250@group-83984122B78E-FollowerState was interrupted: java.lang.InterruptedException: sleep interrupted
2019-10-30 11:52:49,325 [9dbd5372-55c2-4532-b354-9494d3d545d2@group-F367C8FA5986-LeaderElection250] INFO  impl.LeaderElection (LeaderElection.java:askForVotes(178)) - 9dbd5372-55c2-4532-b354-9494d3d545d2@group-F367C8FA5986-LeaderElection250: begin an election at term 125 for -1: [9b3ef6c9-0245-4756-bf80-45d41f7a4453:192.168.157.220:37058, cd11b2f5-3187-4d03-bd60-931991550c17:192.168.157.220:43236, 9dbd5372-55c2-4532-b354-9494d3d545d2:192.168.157.220:42993], old=null
2019-10-30 11:52:49,325 [f26e10ed-fb17-49e6-a903-eadc130d13d1@group-83984122B78E-LeaderElection249] INFO  impl.LeaderElection (LeaderElection.java:logAndReturn(56)) - f26e10ed-fb17-49e6-a903-eadc130d13d1@group-83984122B78E-LeaderElection249: Election REJECTED; received 2 response(s) [f26e10ed-fb17-49e6-a903-eadc130d13d1<-4f16e274-8663-4a15-9c4c-c81f650ab979#0:FAIL-t136, f26e10ed-fb17-49e6-a903-eadc130d13d1<-4cc44201-a597-43af-a4ec-5b1b407a6250#0:FAIL-t136] and 0 exception(s); f26e10ed-fb17-49e6-a903-eadc130d13d1@group-83984122B78E:t136, leader=null, voted=f26e10ed-fb17-49e6-a903-eadc130d13d1, raftlog=f26e10ed-fb17-49e6-a903-eadc130d13d1@group-83984122B78E-SegmentedRaftLog:OPENED:c-1,f-1,i0, conf=-1: [4f16e274-8663-4a15-9c4c-c81f650ab979:192.168.157.220:38181, 4cc44201-a597-43af-a4ec-5b1b407a6250:192.168.157.220:36685, f26e10ed-fb17-49e6-a903-eadc130d13d1:192.168.157.220:32806], old=null
2019-10-30 11:52:49,326 [f26e10ed-fb17-49e6-a903-eadc130d13d1@group-83984122B78E-LeaderElection249] INFO  impl.RaftServerImpl (RaftServerImpl.java:setRole(184)) - f26e10ed-fb17-49e6-a903-eadc130d13d1@group-83984122B78E: changes role from CANDIDATE to FOLLOWER at term 136 for DISCOVERED_A_NEW_TERM
2019-10-30 11:52:49,326 [f26e10ed-fb17-49e6-a903-eadc130d13d1@group-83984122B78E-LeaderElection249] INFO  impl.RoleInfo (RoleInfo.java:shutdownLeaderElection(134)) - f26e10ed-fb17-49e6-a903-eadc130d13d1: shutdown LeaderElection
2019-10-30 11:52:49,326 [f26e10ed-fb17-49e6-a903-eadc130d13d1@group-83984122B78E-LeaderElection249] INFO  impl.RoleInfo (RoleInfo.java:updateAndGet(143)) - f26e10ed-fb17-49e6-a903-eadc130d13d1: start FollowerState
2019-10-30 11:52:49,326 [grpc-default-executor-6] INFO  impl.RaftServerImpl (RaftServerImpl.java:setRole(184)) - cd11b2f5-3187-4d03-bd60-931991550c17@group-F367C8FA5986: changes role from  FOLLOWER to FOLLOWER at term 125 for recognizeCandidate:9dbd5372-55c2-4532-b354-9494d3d545d2
2019-10-30 11:52:49,326 [grpc-default-executor-8] INFO  impl.RaftServerImpl (RaftServerImpl.java:setRole(184)) - 9b3ef6c9-0245-4756-bf80-45d41f7a4453@group-F367C8FA5986: changes role from  FOLLOWER to FOLLOWER at term 125 for recognizeCandidate:9dbd5372-55c2-4532-b354-9494d3d545d2
2019-10-30 11:52:49,326 [grpc-default-executor-6] INFO  impl.RoleInfo (RoleInfo.java:shutdownFollowerState(121)) - cd11b2f5-3187-4d03-bd60-931991550c17: shutdown FollowerState
2019-10-30 11:52:49,327 [grpc-default-executor-8] INFO  impl.RoleInfo (RoleInfo.java:shutdownFollowerState(121)) - 9b3ef6c9-0245-4756-bf80-45d41f7a4453: shutdown FollowerState
2019-10-30 11:52:49,327 [Thread-2007] INFO  impl.FollowerState (FollowerState.java:run(117)) - cd11b2f5-3187-4d03-bd60-931991550c17@group-F367C8FA5986-FollowerState was interrupted: java.lang.InterruptedException: sleep interrupted
2019-10-30 11:52:49,327 [grpc-default-executor-6] INFO  impl.RoleInfo (RoleInfo.java:updateAndGet(143)) - cd11b2f5-3187-4d03-bd60-931991550c17: start FollowerState
2019-10-30 11:52:49,327 [grpc-default-executor-8] INFO  impl.RoleInfo (RoleInfo.java:updateAndGet(143)) - 9b3ef6c9-0245-4756-bf80-45d41f7a4453: start FollowerState
2019-10-30 11:52:49,327 [Thread-2008] INFO  impl.FollowerState (FollowerState.java:run(117)) - 9b3ef6c9-0245-4756-bf80-45d41f7a4453@group-F367C8FA5986-FollowerState was interrupted: java.lang.InterruptedException: sleep interrupted
2019-10-30 11:52:49,331 [9dbd5372-55c2-4532-b354-9494d3d545d2@group-F367C8FA5986-LeaderElection250] INFO  impl.LeaderElection (LeaderElection.java:logAndReturn(56)) - 9dbd5372-55c2-4532-b354-9494d3d545d2@group-F367C8FA5986-LeaderElection250: Election TIMEOUT; received 0 response(s) [] and 0 exception(s); 9dbd5372-55c2-4532-b354-9494d3d545d2@group-F367C8FA5986:t125, leader=null, voted=9dbd5372-55c2-4532-b354-9494d3d545d2, raftlog=9dbd5372-55c2-4532-b354-9494d3d545d2@group-F367C8FA5986-SegmentedRaftLog:OPENED:c-1,f-1,i0, conf=-1: [9b3ef6c9-0245-4756-bf80-45d41f7a4453:192.168.157.220:37058, cd11b2f5-3187-4d03-bd60-931991550c17:192.168.157.220:43236, 9dbd5372-55c2-4532-b354-9494d3d545d2:192.168.157.220:42993], old=null
2019-10-30 11:52:49,346 [9dbd5372-55c2-4532-b354-9494d3d545d2@group-F367C8FA5986-LeaderElection250] INFO  impl.LeaderElection (LeaderElection.java:askForVotes(178)) - 9dbd5372-55c2-4532-b354-9494d3d545d2@group-F367C8FA5986-LeaderElection250: begin an election at term 126 for -1: [9b3ef6c9-0245-4756-bf80-45d41f7a4453:192.168.157.220:37058, cd11b2f5-3187-4d03-bd60-931991550c17:192.168.157.220:43236, 9dbd5372-55c2-4532-b354-9494d3d545d2:192.168.157.220:42993], old=null
2019-10-30 11:52:49,347 [grpc-default-executor-6] INFO  impl.RaftServerImpl (RaftServerImpl.java:setRole(184)) - cd11b2f5-3187-4d03-bd60-931991550c17@group-F367C8FA5986: changes role from  FOLLOWER to FOLLOWER at term 126 for recognizeCandidate:9dbd5372-55c2-4532-b354-9494d3d545d2
2019-10-30 11:52:49,347 [grpc-default-executor-6] INFO  impl.RoleInfo (RoleInfo.java:shutdownFollowerState(121)) - cd11b2f5-3187-4d03-bd60-931991550c17: shutdown FollowerState
2019-10-30 11:52:49,347 [grpc-default-executor-8] INFO  impl.RaftServerImpl (RaftServerImpl.java:setRole(184)) - 9b3ef6c9-0245-4756-bf80-45d41f7a4453@group-F367C8FA5986: changes role from  FOLLOWER to FOLLOWER at term 126 for recognizeCandidate:9dbd5372-55c2-4532-b354-9494d3d545d2
2019-10-30 11:52:49,347 [grpc-default-executor-8] INFO  impl.RoleInfo (RoleInfo.java:shutdownFollowerState(121)) - 9b3ef6c9-0245-4756-bf80-45d41f7a4453: shutdown FollowerState
2019-10-30 11:52:49,347 [Thread-2033] INFO  impl.FollowerState (FollowerState.java:run(117)) - cd11b2f5-3187-4d03-bd60-931991550c17@group-F367C8FA5986-FollowerState was interrupted: java.lang.InterruptedException: sleep interrupted
2019-10-30 11:52:49,347 [grpc-default-executor-6] INFO  impl.RoleInfo (RoleInfo.java:updateAndGet(143)) - cd11b2f5-3187-4d03-bd60-931991550c17: start FollowerState
2019-10-30 11:52:49,347 [grpc-default-executor-8] INFO  impl.RoleInfo (RoleInfo.java:updateAndGet(143)) - 9b3ef6c9-0245-4756-bf80-45d41f7a4453: start FollowerState
2019-10-30 11:52:49,347 [Thread-2034] INFO  impl.FollowerState (FollowerState.java:run(117)) - 9b3ef6c9-0245-4756-bf80-45d41f7a4453@group-F367C8FA5986-FollowerState was interrupted: java.lang.InterruptedException: sleep interrupted
2019-10-30 11:52:49,352 [9dbd5372-55c2-4532-b354-9494d3d545d2@group-F367C8FA5986-LeaderElection250] INFO  impl.LeaderElection (LeaderElection.java:logAndReturn(56)) - 9dbd5372-55c2-4532-b354-9494d3d545d2@group-F367C8FA5986-LeaderElection250: Election REJECTED; received 2 response(s) [9dbd5372-55c2-4532-b354-9494d3d545d2<-9b3ef6c9-0245-4756-bf80-45d41f7a4453#0:FAIL-t126, 9dbd5372-55c2-4532-b354-9494d3d545d2<-cd11b2f5-3187-4d03-bd60-931991550c17#0:FAIL-t126] and 0 exception(s); 9dbd5372-55c2-4532-b354-9494d3d545d2@group-F367C8FA5986:t126, leader=null, voted=9dbd5372-55c2-4532-b354-9494d3d545d2, raftlog=9dbd5372-55c2-4532-b354-9494d3d545d2@group-F367C8FA5986-SegmentedRaftLog:OPENED:c-1,f-1,i0, conf=-1: [9b3ef6c9-0245-4756-bf80-45d41f7a4453:192.168.157.220:37058, cd11b2f5-3187-4d03-bd60-931991550c17:192.168.157.220:43236, 9dbd5372-55c2-4532-b354-9494d3d545d2:192.168.157.220:42993], old=null
2019-10-30 11:52:49,352 [9dbd5372-55c2-4532-b354-9494d3d545d2@group-F367C8FA5986-LeaderElection250] INFO  impl.RaftServerImpl (RaftServerImpl.java:setRole(184)) - 9dbd5372-55c2-4532-b354-9494d3d545d2@group-F367C8FA5986: changes role from CANDIDATE to FOLLOWER at term 126 for DISCOVERED_A_NEW_TERM
2019-10-30 11:52:49,352 [9dbd5372-55c2-4532-b354-9494d3d545d2@group-F367C8FA5986-LeaderElection250] INFO  impl.RoleInfo (RoleInfo.java:shutdownLeaderElection(134)) - 9dbd5372-55c2-4532-b354-9494d3d545d2: shutdown LeaderElection
2019-10-30 11:52:49,352 [9dbd5372-55c2-4532-b354-9494d3d545d2@group-F367C8FA5986-LeaderElection250] INFO  impl.RoleInfo (RoleInfo.java:updateAndGet(143)) - 9dbd5372-55c2-4532-b354-9494d3d545d2: start FollowerState
2019-10-30 11:52:49,374 [Thread-2039] INFO  impl.FollowerState (FollowerState.java:run(108)) - 9dbd5372-55c2-4532-b354-9494d3d545d2@group-F367C8FA5986-FollowerState: change to CANDIDATE, lastRpcTime:22ms, electionTimeout:22ms
2019-10-30 11:52:49,374 [Thread-2039] INFO  impl.RoleInfo (RoleInfo.java:shutdownFollowerState(121)) - 9dbd5372-55c2-4532-b354-9494d3d545d2: shutdown FollowerState
2019-10-30 11:52:49,374 [Thread-2039] INFO  impl.RaftServerImpl (RaftServerImpl.java:setRole(184)) - 9dbd5372-55c2-4532-b354-9494d3d545d2@group-F367C8FA5986: changes role from  FOLLOWER to CANDIDATE at term 126 for changeToCandidate
2019-10-30 11:52:49,375 [Thread-2039] INFO  impl.RoleInfo (RoleInfo.java:updateAndGet(143)) - 9dbd5372-55c2-4532-b354-9494d3d545d2: start LeaderElection
2019-10-30 11:52:49,387 [9dbd5372-55c2-4532-b354-9494d3d545d2@group-F367C8FA5986-LeaderElection251] INFO  impl.LeaderElection (LeaderElection.java:askForVotes(178)) - 9dbd5372-55c2-4532-b354-9494d3d545d2@group-F367C8FA5986-LeaderElection251: begin an election at term 127 for -1: [9b3ef6c9-0245-4756-bf80-45d41f7a4453:192.168.157.220:37058, cd11b2f5-3187-4d03-bd60-931991550c17:192.168.157.220:43236, 9dbd5372-55c2-4532-b354-9494d3d545d2:192.168.157.220:42993], old=null
2019-10-30 11:52:49,390 [grpc-default-executor-6] INFO  impl.RaftServerImpl (RaftServerImpl.java:setRole(184)) - 9b3ef6c9-0245-4756-bf80-45d41f7a4453@group-F367C8FA5986: changes role from  FOLLOWER to FOLLOWER at term 127 for recognizeCandidate:9dbd5372-55c2-4532-b354-9494d3d545d2
2019-10-30 11:52:49,390 [grpc-default-executor-6] INFO  impl.RoleInfo (RoleInfo.java:shutdownFollowerState(121)) - 9b3ef6c9-0245-4756-bf80-45d41f7a4453: shutdown FollowerState
2019-10-30 11:52:49,390 [grpc-default-executor-8] INFO  impl.RaftServerImpl (RaftServerImpl.java:setRole(184)) - cd11b2f5-3187-4d03-bd60-931991550c17@group-F367C8FA5986: changes role from  FOLLOWER to FOLLOWER at term 127 for recognizeCandidate:9dbd5372-55c2-4532-b354-9494d3d545d2
2019-10-30 11:52:49,390 [Thread-2038] INFO  impl.FollowerState (FollowerState.java:run(117)) - 9b3ef6c9-0245-4756-bf80-45d41f7a4453@group-F367C8FA5986-FollowerState was interrupted: java.lang.InterruptedException: sleep interrupted
2019-10-30 11:52:49,390 [grpc-default-executor-6] INFO  impl.RoleInfo (RoleInfo.java:updateAndGet(143)) - 9b3ef6c9-0245-4756-bf80-45d41f7a4453: start FollowerState
2019-10-30 11:52:49,390 [grpc-default-executor-8] INFO  impl.RoleInfo (RoleInfo.java:shutdownFollowerState(121)) - cd11b2f5-3187-4d03-bd60-931991550c17: shutdown FollowerState
2019-10-30 11:52:49,390 [grpc-default-executor-8] INFO  impl.RoleInfo (RoleInfo.java:updateAndGet(143)) - cd11b2f5-3187-4d03-bd60-931991550c17: start FollowerState
2019-10-30 11:52:49,391 [Thread-2037] INFO  impl.FollowerState (FollowerState.java:run(117)) - cd11b2f5-3187-4d03-bd60-931991550c17@group-F367C8FA5986-FollowerState was interrupted: java.lang.InterruptedException: sleep interrupted
2019-10-30 11:52:49,405 [9dbd5372-55c2-4532-b354-9494d3d545d2@group-F367C8FA5986-LeaderElection251] INFO  impl.LeaderElection (LeaderElection.java:logAndReturn(56)) - 9dbd5372-55c2-4532-b354-9494d3d545d2@group-F367C8FA5986-LeaderElection251: Election REJECTED; received 2 response(s) [9dbd5372-55c2-4532-b354-9494d3d545d2<-9b3ef6c9-0245-4756-bf80-45d41f7a4453#0:FAIL-t127, 9dbd5372-55c2-4532-b354-9494d3d545d2<-cd11b2f5-3187-4d03-bd60-931991550c17#0:FAIL-t127] and 0 exception(s); 9dbd5372-55c2-4532-b354-9494d3d545d2@group-F367C8FA5986:t127, leader=null, voted=9dbd5372-55c2-4532-b354-9494d3d545d2, raftlog=9dbd5372-55c2-4532-b354-9494d3d545d2@group-F367C8FA5986-SegmentedRaftLog:OPENED:c-1,f-1,i0, conf=-1: [9b3ef6c9-0245-4756-bf80-45d41f7a4453:192.168.157.220:37058, cd11b2f5-3187-4d03-bd60-931991550c17:192.168.157.220:43236, 9dbd5372-55c2-4532-b354-9494d3d545d2:192.168.157.220:42993], old=null
2019-10-30 11:52:49,405 [9dbd5372-55c2-4532-b354-9494d3d545d2@group-F367C8FA5986-LeaderElection251] INFO  impl.RaftServerImpl (RaftServerImpl.java:setRole(184)) - 9dbd5372-55c2-4532-b354-9494d3d545d2@group-F367C8FA5986: changes role from CANDIDATE to FOLLOWER at term 127 for DISCOVERED_A_NEW_TERM
2019-10-30 11:52:49,405 [9dbd5372-55c2-4532-b354-9494d3d545d2@group-F367C8FA5986-LeaderElection251] INFO  impl.RoleInfo (RoleInfo.java:shutdownLeaderElection(134)) - 9dbd5372-55c2-4532-b354-9494d3d545d2: shutdown LeaderElection
2019-10-30 11:52:49,405 [9dbd5372-55c2-4532-b354-9494d3d545d2@group-F367C8FA5986-LeaderElection251] INFO  impl.RoleInfo (RoleInfo.java:updateAndGet(143)) - 9dbd5372-55c2-4532-b354-9494d3d545d2: start FollowerState
2019-10-30 11:52:49,434 [Thread-2032] INFO  impl.FollowerState (FollowerState.java:run(108)) - f26e10ed-fb17-49e6-a903-eadc130d13d1@group-83984122B78E-FollowerState: change to CANDIDATE, lastRpcTime:108ms, electionTimeout:108ms
2019-10-30 11:52:49,435 [Thread-2032] INFO  impl.RoleInfo (RoleInfo.java:shutdownFollowerState(121)) - f26e10ed-fb17-49e6-a903-eadc130d13d1: shutdown FollowerState
2019-10-30 11:52:49,435 [Thread-2032] INFO  impl.RaftServerImpl (RaftServerImpl.java:setRole(184)) - f26e10ed-fb17-49e6-a903-eadc130d13d1@group-83984122B78E: changes role from  FOLLOWER to CANDIDATE at term 136 for changeToCandidate
2019-10-30 11:52:49,435 [Thread-2032] INFO  impl.RoleInfo (RoleInfo.java:updateAndGet(143)) - f26e10ed-fb17-49e6-a903-eadc130d13d1: start LeaderElection
2019-10-30 11:52:49,441 [f26e10ed-fb17-49e6-a903-eadc130d13d1@group-83984122B78E-LeaderElection252] INFO  impl.LeaderElection (LeaderElection.java:askForVotes(178)) - f26e10ed-fb17-49e6-a903-eadc130d13d1@group-83984122B78E-LeaderElection252: begin an election at term 137 for -1: [4f16e274-8663-4a15-9c4c-c81f650ab979:192.168.157.220:38181, 4cc44201-a597-43af-a4ec-5b1b407a6250:192.168.157.220:36685, f26e10ed-fb17-49e6-a903-eadc130d13d1:192.168.157.220:32806], old=null
2019-10-30 11:52:49,442 [grpc-default-executor-8] INFO  impl.RaftServerImpl (RaftServerImpl.java:setRole(184)) - 4cc44201-a597-43af-a4ec-5b1b407a6250@group-83984122B78E: changes role from  FOLLOWER to FOLLOWER at term 137 for recognizeCandidate:f26e10ed-fb17-49e6-a903-eadc130d13d1
2019-10-30 11:52:49,442 [grpc-default-executor-6] INFO  impl.RaftServerImpl (RaftServerImpl.java:setRole(184)) - 4f16e274-8663-4a15-9c4c-c81f650ab979@group-83984122B78E: changes role from  FOLLOWER to FOLLOWER at term 137 for recognizeCandidate:f26e10ed-fb17-49e6-a903-eadc130d13d1
2019-10-30 11:52:49,442 [grpc-default-executor-8] INFO  impl.RoleInfo (RoleInfo.java:shutdownFollowerState(121)) - 4cc44201-a597-43af-a4ec-5b1b407a6250: shutdown FollowerState
2019-10-30 11:52:49,442 [grpc-default-executor-6] INFO  impl.RoleInfo (RoleInfo.java:shutdownFollowerState(121)) - 4f16e274-8663-4a15-9c4c-c81f650ab979: shutdown FollowerState
2019-10-30 11:52:49,443 [Thread-2028] INFO  impl.FollowerState (FollowerState.java:run(117)) - 4cc44201-a597-43af-a4ec-5b1b407a6250@group-83984122B78E-FollowerState was interrupted: java.lang.InterruptedException: sleep interrupted
2019-10-30 11:52:49,443 [grpc-default-executor-8] INFO  impl.RoleInfo (RoleInfo.java:updateAndGet(143)) - 4cc44201-a597-43af-a4ec-5b1b407a6250: start FollowerState
2019-10-30 11:52:49,443 [Thread-2029] INFO  impl.FollowerState (FollowerState.java:run(117)) - 4f16e274-8663-4a15-9c4c-c81f650ab979@group-83984122B78E-FollowerState was interrupted: java.lang.InterruptedException: sleep interrupted
2019-10-30 11:52:49,443 [grpc-default-executor-6] INFO  impl.RoleInfo (RoleInfo.java:updateAndGet(143)) - 4f16e274-8663-4a15-9c4c-c81f650ab979: start FollowerState
2019-10-30 11:52:49,467 [f26e10ed-fb17-49e6-a903-eadc130d13d1@group-83984122B78E-LeaderElection252] INFO  impl.LeaderElection (LeaderElection.java:logAndReturn(56)) - f26e10ed-fb17-49e6-a903-eadc130d13d1@group-83984122B78E-LeaderElection252: Election REJECTED; received 2 response(s) [f26e10ed-fb17-49e6-a903-eadc130d13d1<-4f16e274-8663-4a15-9c4c-c81f650ab979#0:FAIL-t137, f26e10ed-fb17-49e6-a903-eadc130d13d1<-4cc44201-a597-43af-a4ec-5b1b407a6250#0:FAIL-t137] and 0 exception(s); f26e10ed-fb17-49e6-a903-eadc130d13d1@group-83984122B78E:t137, leader=null, voted=f26e10ed-fb17-49e6-a903-eadc130d13d1, raftlog=f26e10ed-fb17-49e6-a903-eadc130d13d1@group-83984122B78E-SegmentedRaftLog:OPENED:c-1,f-1,i0, conf=-1: [4f16e274-8663-4a15-9c4c-c81f650ab979:192.168.157.220:38181, 4cc44201-a597-43af-a4ec-5b1b407a6250:192.168.157.220:36685, f26e10ed-fb17-49e6-a903-eadc130d13d1:192.168.157.220:32806], old=null
2019-10-30 11:52:49,467 [f26e10ed-fb17-49e6-a903-eadc130d13d1@group-83984122B78E-LeaderElection252] INFO  impl.RaftServerImpl (RaftServerImpl.java:setRole(184)) - f26e10ed-fb17-49e6-a903-eadc130d13d1@group-83984122B78E: changes role from CANDIDATE to FOLLOWER at term 137 for DISCOVERED_A_NEW_TERM
2019-10-30 11:52:49,467 [f26e10ed-fb17-49e6-a903-eadc130d13d1@group-83984122B78E-LeaderElection252] INFO  impl.RoleInfo (RoleInfo.java:shutdownLeaderElection(134)) - f26e10ed-fb17-49e6-a903-eadc130d13d1: shutdown LeaderElection
2019-10-30 11:52:49,467 [f26e10ed-fb17-49e6-a903-eadc130d13d1@group-83984122B78E-LeaderElection252] INFO  impl.RoleInfo (RoleInfo.java:updateAndGet(143)) - f26e10ed-fb17-49e6-a903-eadc130d13d1: start FollowerState
2019-10-30 11:52:49,496 [Thread-2051] INFO  impl.FollowerState (FollowerState.java:run(108)) - f26e10ed-fb17-49e6-a903-eadc130d13d1@group-83984122B78E-FollowerState: change to CANDIDATE, lastRpcTime:28ms, electionTimeout:28ms
2019-10-30 11:52:49,496 [Thread-2051] INFO  impl.RoleInfo (RoleInfo.java:shutdownFollowerState(121)) - f26e10ed-fb17-49e6-a903-eadc130d13d1: shutdown FollowerState
2019-10-30 11:52:49,496 [Thread-2051] INFO  impl.RaftServerImpl (RaftServerImpl.java:setRole(184)) - f26e10ed-fb17-49e6-a903-eadc130d13d1@group-83984122B78E: changes role from  FOLLOWER to CANDIDATE at term 137 for changeToCandidate
2019-10-30 11:52:49,497 [Thread-2051] INFO  impl.RoleInfo (RoleInfo.java:updateAndGet(143)) - f26e10ed-fb17-49e6-a903-eadc130d13d1: start LeaderElection
2019-10-30 11:52:49,525 [f26e10ed-fb17-49e6-a903-eadc130d13d1@group-83984122B78E-LeaderElection253] INFO  impl.LeaderElection (LeaderElection.java:askForVotes(178)) - f26e10ed-fb17-49e6-a903-eadc130d13d1@group-83984122B78E-LeaderElection253: begin an election at term 138 for -1: [4f16e274-8663-4a15-9c4c-c81f650ab979:192.168.157.220:38181, 4cc44201-a597-43af-a4ec-5b1b407a6250:192.168.157.220:36685, f26e10ed-fb17-49e6-a903-eadc130d13d1:192.168.157.220:32806], old=null
2019-10-30 11:52:49,526 [grpc-default-executor-8] INFO  impl.RaftServerImpl (RaftServerImpl.java:setRole(184)) - 4f16e274-8663-4a15-9c4c-c81f650ab979@group-83984122B78E: changes role from  FOLLOWER to FOLLOWER at term 138 for recognizeCandidate:f26e10ed-fb17-49e6-a903-eadc130d13d1
2019-10-30 11:52:49,526 [grpc-default-executor-6] INFO  impl.RaftServerImpl (RaftServerImpl.java:setRole(184)) - 4cc44201-a597-43af-a4ec-5b1b407a6250@group-83984122B78E: changes role from  FOLLOWER to FOLLOWER at term 138 for recognizeCandidate:f26e10ed-fb17-49e6-a903-eadc130d13d1
2019-10-30 11:52:49,526 [grpc-default-executor-8] INFO  impl.RoleInfo (RoleInfo.java:shutdownFollowerState(121)) - 4f16e274-8663-4a15-9c4c-c81f650ab979: shutdown FollowerState
2019-10-30 11:52:49,526 [grpc-default-executor-6] INFO  impl.RoleInfo (RoleInfo.java:shutdownFollowerState(121)) - 4cc44201-a597-43af-a4ec-5b1b407a6250: shutdown FollowerState
2019-10-30 11:52:49,526 [Thread-2050] INFO  impl.FollowerState (FollowerState.java:run(117)) - 4f16e274-8663-4a15-9c4c-c81f650ab979@group-83984122B78E-FollowerState was interrupted: java.lang.InterruptedException: sleep interrupted
2019-10-30 11:52:49,526 [Thread-2049] INFO  impl.FollowerState (FollowerState.java:run(117)) - 4cc44201-a597-43af-a4ec-5b1b407a6250@group-83984122B78E-FollowerState was interrupted: java.lang.InterruptedException: sleep interrupted
2019-10-30 11:52:49,526 [grpc-default-executor-6] INFO  impl.RoleInfo (RoleInfo.java:updateAndGet(143)) - 4cc44201-a597-43af-a4ec-5b1b407a6250: start FollowerState
2019-10-30 11:52:49,526 [grpc-default-executor-8] INFO  impl.RoleInfo (RoleInfo.java:updateAndGet(143)) - 4f16e274-8663-4a15-9c4c-c81f650ab979: start FollowerState
2019-10-30 11:52:49,538 [f26e10ed-fb17-49e6-a903-eadc130d13d1@group-83984122B78E-LeaderElection253] INFO  impl.LeaderElection (LeaderElection.java:logAndReturn(56)) - f26e10ed-fb17-49e6-a903-eadc130d13d1@group-83984122B78E-LeaderElection253: Election REJECTED; received 2 response(s) [f26e10ed-fb17-49e6-a903-eadc130d13d1<-4f16e274-8663-4a15-9c4c-c81f650ab979#0:FAIL-t138, f26e10ed-fb17-49e6-a903-eadc130d13d1<-4cc44201-a597-43af-a4ec-5b1b407a6250#0:FAIL-t138] and 0 exception(s); f26e10ed-fb17-49e6-a903-eadc130d13d1@group-83984122B78E:t138, leader=null, voted=f26e10ed-fb17-49e6-a903-eadc130d13d1, raftlog=f26e10ed-fb17-49e6-a903-eadc130d13d1@group-83984122B78E-SegmentedRaftLog:OPENED:c-1,f-1,i0, conf=-1: [4f16e274-8663-4a15-9c4c-c81f650ab979:192.168.157.220:38181, 4cc44201-a597-43af-a4ec-5b1b407a6250:192.168.157.220:36685, f26e10ed-fb17-49e6-a903-eadc130d13d1:192.168.157.220:32806], old=null
2019-10-30 11:52:49,538 [f26e10ed-fb17-49e6-a903-eadc130d13d1@group-83984122B78E-LeaderElection253] INFO  impl.RaftServerImpl (RaftServerImpl.java:setRole(184)) - f26e10ed-fb17-49e6-a903-eadc130d13d1@group-83984122B78E: changes role from CANDIDATE to FOLLOWER at term 138 for DISCOVERED_A_NEW_TERM
2019-10-30 11:52:49,538 [f26e10ed-fb17-49e6-a903-eadc130d13d1@group-83984122B78E-LeaderElection253] INFO  impl.RoleInfo (RoleInfo.java:shutdownLeaderElection(134)) - f26e10ed-fb17-49e6-a903-eadc130d13d1: shutdown LeaderElection
2019-10-30 11:52:49,538 [f26e10ed-fb17-49e6-a903-eadc130d13d1@group-83984122B78E-LeaderElection253] INFO  impl.RoleInfo (RoleInfo.java:updateAndGet(143)) - f26e10ed-fb17-49e6-a903-eadc130d13d1: start FollowerState
2019-10-30 11:52:49,575 [Thread-2045] INFO  impl.FollowerState (FollowerState.java:run(108)) - 9dbd5372-55c2-4532-b354-9494d3d545d2@group-F367C8FA5986-FollowerState: change to CANDIDATE, lastRpcTime:169ms, electionTimeout:169ms
2019-10-30 11:52:49,575 [Thread-2045] INFO  impl.RoleInfo (RoleInfo.java:shutdownFollowerState(121)) - 9dbd5372-55c2-4532-b354-9494d3d545d2: shutdown FollowerState
2019-10-30 11:52:49,575 [Thread-2045] INFO  impl.RaftServerImpl (RaftServerImpl.java:setRole(184)) - 9dbd5372-55c2-4532-b354-9494d3d545d2@group-F367C8FA5986: changes role from  FOLLOWER to CANDIDATE at term 127 for changeToCandidate
2019-10-30 11:52:49,575 [Thread-2045] INFO  impl.RoleInfo (RoleInfo.java:updateAndGet(143)) - 9dbd5372-55c2-4532-b354-9494d3d545d2: start LeaderElection
2019-10-30 11:52:49,581 [9dbd5372-55c2-4532-b354-9494d3d545d2@group-F367C8FA5986-LeaderElection254] INFO  impl.LeaderElection (LeaderElection.java:askForVotes(178)) - 9dbd5372-55c2-4532-b354-9494d3d545d2@group-F367C8FA5986-LeaderElection254: begin an election at term 128 for -1: [9b3ef6c9-0245-4756-bf80-45d41f7a4453:192.168.157.220:37058, cd11b2f5-3187-4d03-bd60-931991550c17:192.168.157.220:43236, 9dbd5372-55c2-4532-b354-9494d3d545d2:192.168.157.220:42993], old=null
2019-10-30 11:52:49,583 [grpc-default-executor-6] INFO  impl.RaftServerImpl (RaftServerImpl.java:setRole(184)) - 9b3ef6c9-0245-4756-bf80-45d41f7a4453@group-F367C8FA5986: changes role from  FOLLOWER to FOLLOWER at term 128 for recognizeCandidate:9dbd5372-55c2-4532-b354-9494d3d545d2
2019-10-30 11:52:49,583 [grpc-default-executor-8] INFO  impl.RaftServerImpl (RaftServerImpl.java:setRole(184)) - cd11b2f5-3187-4d03-bd60-931991550c17@group-F367C8FA5986: changes role from  FOLLOWER to FOLLOWER at term 128 for recognizeCandidate:9dbd5372-55c2-4532-b354-9494d3d545d2
2019-10-30 11:52:49,583 [grpc-default-executor-6] INFO  impl.RoleInfo (RoleInfo.java:shutdownFollowerState(121)) - 9b3ef6c9-0245-4756-bf80-45d41f7a4453: shutdown FollowerState
2019-10-30 11:52:49,583 [grpc-default-executor-8] INFO  impl.RoleInfo (RoleInfo.java:shutdownFollowerState(121)) - cd11b2f5-3187-4d03-bd60-931991550c17: shutdown FollowerState
2019-10-30 11:52:49,583 [Thread-2043] INFO  impl.FollowerState (FollowerState.java:run(117)) - 9b3ef6c9-0245-4756-bf80-45d41f7a4453@group-F367C8FA5986-FollowerState was interrupted: java.lang.InterruptedException: sleep interrupted
2019-10-30 11:52:49,583 [grpc-default-executor-6] INFO  impl.RoleInfo (RoleInfo.java:updateAndGet(143)) - 9b3ef6c9-0245-4756-bf80-45d41f7a4453: start FollowerState
2019-10-30 11:52:49,583 [grpc-default-executor-8] INFO  impl.RoleInfo (RoleInfo.java:updateAndGet(143)) - cd11b2f5-3187-4d03-bd60-931991550c17: start FollowerState
2019-10-30 11:52:49,583 [Thread-2044] INFO  impl.FollowerState (FollowerState.java:run(117)) - cd11b2f5-3187-4d03-bd60-931991550c17@group-F367C8FA5986-FollowerState was interrupted: java.lang.InterruptedException: sleep interrupted
2019-10-30 11:52:49,587 [9dbd5372-55c2-4532-b354-9494d3d545d2@group-F367C8FA5986-LeaderElection254] INFO  impl.LeaderElection (LeaderElection.java:logAndReturn(56)) - 9dbd5372-55c2-4532-b354-9494d3d545d2@group-F367C8FA5986-LeaderElection254: Election REJECTED; received 2 response(s) [9dbd5372-55c2-4532-b354-9494d3d545d2<-9b3ef6c9-0245-4756-bf80-45d41f7a4453#0:FAIL-t128, 9dbd5372-55c2-4532-b354-9494d3d545d2<-cd11b2f5-3187-4d03-bd60-931991550c17#0:FAIL-t128] and 0 exception(s); 9dbd5372-55c2-4532-b354-9494d3d545d2@group-F367C8FA5986:t128, leader=null, voted=9dbd5372-55c2-4532-b354-9494d3d545d2, raftlog=9dbd5372-55c2-4532-b354-9494d3d545d2@group-F367C8FA5986-SegmentedRaftLog:OPENED:c-1,f-1,i0, conf=-1: [9b3ef6c9-0245-4756-bf80-45d41f7a4453:192.168.157.220:37058, cd11b2f5-3187-4d03-bd60-931991550c17:192.168.157.220:43236, 9dbd5372-55c2-4532-b354-9494d3d545d2:192.168.157.220:42993], old=null
2019-10-30 11:52:49,587 [9dbd5372-55c2-4532-b354-9494d3d545d2@group-F367C8FA5986-LeaderElection254] INFO  impl.RaftServerImpl (RaftServerImpl.java:setRole(184)) - 9dbd5372-55c2-4532-b354-9494d3d545d2@group-F367C8FA5986: changes role from CANDIDATE to FOLLOWER at term 128 for DISCOVERED_A_NEW_TERM
2019-10-30 11:52:49,587 [9dbd5372-55c2-4532-b354-9494d3d545d2@group-F367C8FA5986-LeaderElection254] INFO  impl.RoleInfo (RoleInfo.java:shutdownLeaderElection(134)) - 9dbd5372-55c2-4532-b354-9494d3d545d2: shutdown LeaderElection
2019-10-30 11:52:49,587 [9dbd5372-55c2-4532-b354-9494d3d545d2@group-F367C8FA5986-LeaderElection254] INFO  impl.RoleInfo (RoleInfo.java:updateAndGet(143)) - 9dbd5372-55c2-4532-b354-9494d3d545d2: start FollowerState
2019-10-30 11:52:49,645 [Thread-2065] INFO  impl.FollowerState (FollowerState.java:run(108)) - 9dbd5372-55c2-4532-b354-9494d3d545d2@group-F367C8FA5986-FollowerState: change to CANDIDATE, lastRpcTime:58ms, electionTimeout:58ms
2019-10-30 11:52:49,646 [Thread-2065] INFO  impl.RoleInfo (RoleInfo.java:shutdownFollowerState(121)) - 9dbd5372-55c2-4532-b354-9494d3d545d2: shutdown FollowerState
2019-10-30 11:52:49,646 [Thread-2065] INFO  impl.RaftServerImpl (RaftServerImpl.java:setRole(184)) - 9dbd5372-55c2-4532-b354-9494d3d545d2@group-F367C8FA5986: changes role from  FOLLOWER to CANDIDATE at term 128 for changeToCandidate
2019-10-30 11:52:49,646 [Thread-2065] INFO  impl.RoleInfo (RoleInfo.java:updateAndGet(143)) - 9dbd5372-55c2-4532-b354-9494d3d545d2: start LeaderElection
2019-10-30 11:52:49,657 [9dbd5372-55c2-4532-b354-9494d3d545d2@group-F367C8FA5986-LeaderElection255] INFO  impl.LeaderElection (LeaderElection.java:askForVotes(178)) - 9dbd5372-55c2-4532-b354-9494d3d545d2@group-F367C8FA5986-LeaderElection255: begin an election at term 129 for -1: [9b3ef6c9-0245-4756-bf80-45d41f7a4453:192.168.157.220:37058, cd11b2f5-3187-4d03-bd60-931991550c17:192.168.157.220:43236, 9dbd5372-55c2-4532-b354-9494d3d545d2:192.168.157.220:42993], old=null
2019-10-30 11:52:49,658 [grpc-default-executor-6] INFO  impl.RaftServerImpl (RaftServerImpl.java:setRole(184)) - 9b3ef6c9-0245-4756-bf80-45d41f7a4453@group-F367C8FA5986: changes role from  FOLLOWER to FOLLOWER at term 129 for recognizeCandidate:9dbd5372-55c2-4532-b354-9494d3d545d2
2019-10-30 11:52:49,658 [grpc-default-executor-8] INFO  impl.RaftServerImpl (RaftServerImpl.java:setRole(184)) - cd11b2f5-3187-4d03-bd60-931991550c17@group-F367C8FA5986: changes role from  FOLLOWER to FOLLOWER at term 129 for recognizeCandidate:9dbd5372-55c2-4532-b354-9494d3d545d2
2019-10-30 11:52:49,658 [grpc-default-executor-6] INFO  impl.RoleInfo (RoleInfo.java:shutdownFollowerState(121)) - 9b3ef6c9-0245-4756-bf80-45d41f7a4453: shutdown FollowerState
2019-10-30 11:52:49,658 [grpc-default-executor-8] INFO  impl.RoleInfo (RoleInfo.java:shutdownFollowerState(121)) - cd11b2f5-3187-4d03-bd60-931991550c17: shutdown FollowerState
2019-10-30 11:52:49,658 [Thread-2063] INFO  impl.FollowerState (FollowerState.java:run(117)) - 9b3ef6c9-0245-4756-bf80-45d41f7a4453@group-F367C8FA5986-FollowerState was interrupted: java.lang.InterruptedException: sleep interrupted
2019-10-30 11:52:49,658 [Thread-2064] INFO  impl.FollowerState (FollowerState.java:run(117)) - cd11b2f5-3187-4d03-bd60-931991550c17@group-F367C8FA5986-FollowerState was interrupted: java.lang.InterruptedException: sleep interrupted
2019-10-30 11:52:49,658 [grpc-default-executor-6] INFO  impl.RoleInfo (RoleInfo.java:updateAndGet(143)) - 9b3ef6c9-0245-4756-bf80-45d41f7a4453: start FollowerState
2019-10-30 11:52:49,658 [grpc-default-executor-8] INFO  impl.RoleInfo (RoleInfo.java:updateAndGet(143)) - cd11b2f5-3187-4d03-bd60-931991550c17: start FollowerState
2019-10-30 11:52:49,668 [9dbd5372-55c2-4532-b354-9494d3d545d2@group-F367C8FA5986-LeaderElection255] INFO  impl.LeaderElection (LeaderElection.java:logAndReturn(56)) - 9dbd5372-55c2-4532-b354-9494d3d545d2@group-F367C8FA5986-LeaderElection255: Election REJECTED; received 2 response(s) [9dbd5372-55c2-4532-b354-9494d3d545d2<-9b3ef6c9-0245-4756-bf80-45d41f7a4453#0:FAIL-t129, 9dbd5372-55c2-4532-b354-9494d3d545d2<-cd11b2f5-3187-4d03-bd60-931991550c17#0:FAIL-t129] and 0 exception(s); 9dbd5372-55c2-4532-b354-9494d3d545d2@group-F367C8FA5986:t129, leader=null, voted=9dbd5372-55c2-4532-b354-9494d3d545d2, raftlog=9dbd5372-55c2-4532-b354-9494d3d545d2@group-F367C8FA5986-SegmentedRaftLog:OPENED:c-1,f-1,i0, conf=-1: [9b3ef6c9-0245-4756-bf80-45d41f7a4453:192.168.157.220:37058, cd11b2f5-3187-4d03-bd60-931991550c17:192.168.157.220:43236, 9dbd5372-55c2-4532-b354-9494d3d545d2:192.168.157.220:42993], old=null
2019-10-30 11:52:49,668 [9dbd5372-55c2-4532-b354-9494d3d545d2@group-F367C8FA5986-LeaderElection255] INFO  impl.RaftServerImpl (RaftServerImpl.java:setRole(184)) - 9dbd5372-55c2-4532-b354-9494d3d545d2@group-F367C8FA5986: changes role from CANDIDATE to FOLLOWER at term 129 for DISCOVERED_A_NEW_TERM
2019-10-30 11:52:49,668 [9dbd5372-55c2-4532-b354-9494d3d545d2@group-F367C8FA5986-LeaderElection255] INFO  impl.RoleInfo (RoleInfo.java:shutdownLeaderElection(134)) - 9dbd5372-55c2-4532-b354-9494d3d545d2: shutdown LeaderElection
2019-10-30 11:52:49,668 [9dbd5372-55c2-4532-b354-9494d3d545d2@group-F367C8FA5986-LeaderElection255] INFO  impl.RoleInfo (RoleInfo.java:updateAndGet(143)) - 9dbd5372-55c2-4532-b354-9494d3d545d2: start FollowerState
2019-10-30 11:52:49,680 [Thread-2057] INFO  impl.FollowerState (FollowerState.java:run(108)) - f26e10ed-fb17-49e6-a903-eadc130d13d1@group-83984122B78E-FollowerState: change to CANDIDATE, lastRpcTime:142ms, electionTimeout:142ms
2019-10-30 11:52:49,681 [Thread-2057] INFO  impl.RoleInfo (RoleInfo.java:shutdownFollowerState(121)) - f26e10ed-fb17-49e6-a903-eadc130d13d1: shutdown FollowerState
2019-10-30 11:52:49,681 [Thread-2057] INFO  impl.RaftServerImpl (RaftServerImpl.java:setRole(184)) - f26e10ed-fb17-49e6-a903-eadc130d13d1@group-83984122B78E: changes role from  FOLLOWER to CANDIDATE at term 138 for changeToCandidate
2019-10-30 11:52:49,681 [Thread-2057] INFO  impl.RoleInfo (RoleInfo.java:updateAndGet(143)) - f26e10ed-fb17-49e6-a903-eadc130d13d1: start LeaderElection
2019-10-30 11:52:49,691 [f26e10ed-fb17-49e6-a903-eadc130d13d1@group-83984122B78E-LeaderElection256] INFO  impl.LeaderElection (LeaderElection.java:askForVotes(178)) - f26e10ed-fb17-49e6-a903-eadc130d13d1@group-83984122B78E-LeaderElection256: begin an election at term 139 for -1: [4f16e274-8663-4a15-9c4c-c81f650ab979:192.168.157.220:38181, 4cc44201-a597-43af-a4ec-5b1b407a6250:192.168.157.220:36685, f26e10ed-fb17-49e6-a903-eadc130d13d1:192.168.157.220:32806], old=null
2019-10-30 11:52:49,693 [grpc-default-executor-6] INFO  impl.RaftServerImpl (RaftServerImpl.java:setRole(184)) - 4cc44201-a597-43af-a4ec-5b1b407a6250@group-83984122B78E: changes role from  FOLLOWER to FOLLOWER at term 139 for recognizeCandidate:f26e10ed-fb17-49e6-a903-eadc130d13d1
2019-10-30 11:52:49,693 [grpc-default-executor-6] INFO  impl.RoleInfo (RoleInfo.java:shutdownFollowerState(121)) - 4cc44201-a597-43af-a4ec-5b1b407a6250: shutdown FollowerState
2019-10-30 11:52:49,693 [grpc-default-executor-8] INFO  impl.RaftServerImpl (RaftServerImpl.java:setRole(184)) - 4f16e274-8663-4a15-9c4c-c81f650ab979@group-83984122B78E: changes role from  FOLLOWER to FOLLOWER at term 139 for recognizeCandidate:f26e10ed-fb17-49e6-a903-eadc130d13d1
2019-10-30 11:52:49,693 [grpc-default-executor-8] INFO  impl.RoleInfo (RoleInfo.java:shutdownFollowerState(121)) - 4f16e274-8663-4a15-9c4c-c81f650ab979: shutdown FollowerState
2019-10-30 11:52:49,693 [grpc-default-executor-6] INFO  impl.RoleInfo (RoleInfo.java:updateAndGet(143)) - 4cc44201-a597-43af-a4ec-5b1b407a6250: start FollowerState
2019-10-30 11:52:49,693 [grpc-default-executor-8] INFO  impl.RoleInfo (RoleInfo.java:updateAndGet(143)) - 4f16e274-8663-4a15-9c4c-c81f650ab979: start FollowerState
2019-10-30 11:52:49,693 [Thread-2055] INFO  impl.FollowerState (FollowerState.java:run(117)) - 4f16e274-8663-4a15-9c4c-c81f650ab979@group-83984122B78E-FollowerState was interrupted: java.lang.InterruptedException: sleep interrupted
2019-10-30 11:52:49,693 [Thread-2056] INFO  impl.FollowerState (FollowerState.java:run(117)) - 4cc44201-a597-43af-a4ec-5b1b407a6250@group-83984122B78E-FollowerState was interrupted: java.lang.InterruptedException: sleep interrupted
2019-10-30 11:52:49,706 [f26e10ed-fb17-49e6-a903-eadc130d13d1@group-83984122B78E-LeaderElection256] INFO  impl.LeaderElection (LeaderElection.java:logAndReturn(56)) - f26e10ed-fb17-49e6-a903-eadc130d13d1@group-83984122B78E-LeaderElection256: Election REJECTED; received 2 response(s) [f26e10ed-fb17-49e6-a903-eadc130d13d1<-4f16e274-8663-4a15-9c4c-c81f650ab979#0:FAIL-t139, f26e10ed-fb17-49e6-a903-eadc130d13d1<-4cc44201-a597-43af-a4ec-5b1b407a6250#0:FAIL-t139] and 0 exception(s); f26e10ed-fb17-49e6-a903-eadc130d13d1@group-83984122B78E:t139, leader=null, voted=f26e10ed-fb17-49e6-a903-eadc130d13d1, raftlog=f26e10ed-fb17-49e6-a903-eadc130d13d1@group-83984122B78E-SegmentedRaftLog:OPENED:c-1,f-1,i0, conf=-1: [4f16e274-8663-4a15-9c4c-c81f650ab979:192.168.157.220:38181, 4cc44201-a597-43af-a4ec-5b1b407a6250:192.168.157.220:36685, f26e10ed-fb17-49e6-a903-eadc130d13d1:192.168.157.220:32806], old=null
2019-10-30 11:52:49,706 [f26e10ed-fb17-49e6-a903-eadc130d13d1@group-83984122B78E-LeaderElection256] INFO  impl.RaftServerImpl (RaftServerImpl.java:setRole(184)) - f26e10ed-fb17-49e6-a903-eadc130d13d1@group-83984122B78E: changes role from CANDIDATE to FOLLOWER at term 139 for DISCOVERED_A_NEW_TERM
2019-10-30 11:52:49,706 [f26e10ed-fb17-49e6-a903-eadc130d13d1@group-83984122B78E-LeaderElection256] INFO  impl.RoleInfo (RoleInfo.java:shutdownLeaderElection(134)) - f26e10ed-fb17-49e6-a903-eadc130d13d1: shutdown LeaderElection
2019-10-30 11:52:49,706 [f26e10ed-fb17-49e6-a903-eadc130d13d1@group-83984122B78E-LeaderElection256] INFO  impl.RoleInfo (RoleInfo.java:updateAndGet(143)) - f26e10ed-fb17-49e6-a903-eadc130d13d1: start FollowerState
2019-10-30 11:52:49,801 [Thread-2071] INFO  impl.FollowerState (FollowerState.java:run(108)) - 9dbd5372-55c2-4532-b354-9494d3d545d2@group-F367C8FA5986-FollowerState: change to CANDIDATE, lastRpcTime:133ms, electionTimeout:133ms
2019-10-30 11:52:49,802 [Thread-2071] INFO  impl.RoleInfo (RoleInfo.java:shutdownFollowerState(121)) - 9dbd5372-55c2-4532-b354-9494d3d545d2: shutdown FollowerState
2019-10-30 11:52:49,802 [Thread-2071] INFO  impl.RaftServerImpl (RaftServerImpl.java:setRole(184)) - 9dbd5372-55c2-4532-b354-9494d3d545d2@group-F367C8FA5986: changes role from  FOLLOWER to CANDIDATE at term 129 for changeToCandidate
2019-10-30 11:52:49,802 [Thread-2071] INFO  impl.RoleInfo (RoleInfo.java:updateAndGet(143)) - 9dbd5372-55c2-4532-b354-9494d3d545d2: start LeaderElection
2019-10-30 11:52:49,809 [9dbd5372-55c2-4532-b354-9494d3d545d2@group-F367C8FA5986-LeaderElection257] INFO  impl.LeaderElection (LeaderElection.java:askForVotes(178)) - 9dbd5372-55c2-4532-b354-9494d3d545d2@group-F367C8FA5986-LeaderElection257: begin an election at term 130 for -1: [9b3ef6c9-0245-4756-bf80-45d41f7a4453:192.168.157.220:37058, cd11b2f5-3187-4d03-bd60-931991550c17:192.168.157.220:43236, 9dbd5372-55c2-4532-b354-9494d3d545d2:192.168.157.220:42993], old=null
2019-10-30 11:52:49,811 [grpc-default-executor-6] INFO  impl.RaftServerImpl (RaftServerImpl.java:setRole(184)) - cd11b2f5-3187-4d03-bd60-931991550c17@group-F367C8FA5986: changes role from  FOLLOWER to FOLLOWER at term 130 for recognizeCandidate:9dbd5372-55c2-4532-b354-9494d3d545d2
2019-10-30 11:52:49,811 [grpc-default-executor-8] INFO  impl.RaftServerImpl (RaftServerImpl.java:setRole(184)) - 9b3ef6c9-0245-4756-bf80-45d41f7a4453@group-F367C8FA5986: changes role from  FOLLOWER to FOLLOWER at term 130 for recognizeCandidate:9dbd5372-55c2-4532-b354-9494d3d545d2
2019-10-30 11:52:49,811 [grpc-default-executor-6] INFO  impl.RoleInfo (RoleInfo.java:shutdownFollowerState(121)) - cd11b2f5-3187-4d03-bd60-931991550c17: shutdown FollowerState
2019-10-30 11:52:49,811 [grpc-default-executor-8] INFO  impl.RoleInfo (RoleInfo.java:shutdownFollowerState(121)) - 9b3ef6c9-0245-4756-bf80-45d41f7a4453: shutdown FollowerState
2019-10-30 11:52:49,811 [Thread-2070] INFO  impl.FollowerState (FollowerState.java:run(117)) - cd11b2f5-3187-4d03-bd60-931991550c17@group-F367C8FA5986-FollowerState was interrupted: java.lang.InterruptedException: sleep interrupted
2019-10-30 11:52:49,811 [Thread-2069] INFO  impl.FollowerState (FollowerState.java:run(117)) - 9b3ef6c9-0245-4756-bf80-45d41f7a4453@group-F367C8FA5986-FollowerState was interrupted: java.lang.InterruptedException: sleep interrupted
2019-10-30 11:52:49,811 [grpc-default-executor-8] INFO  impl.RoleInfo (RoleInfo.java:updateAndGet(143)) - 9b3ef6c9-0245-4756-bf80-45d41f7a4453: start FollowerState
2019-10-30 11:52:49,811 [grpc-default-executor-6] INFO  impl.RoleInfo (RoleInfo.java:updateAndGet(143)) - cd11b2f5-3187-4d03-bd60-931991550c17: start FollowerState
2019-10-30 11:52:49,826 [9dbd5372-55c2-4532-b354-9494d3d545d2@group-F367C8FA5986-LeaderElection257] INFO  impl.LeaderElection (LeaderElection.java:logAndReturn(56)) - 9dbd5372-55c2-4532-b354-9494d3d545d2@group-F367C8FA5986-LeaderElection257: Election REJECTED; received 2 response(s) [9dbd5372-55c2-4532-b354-9494d3d545d2<-9b3ef6c9-0245-4756-bf80-45d41f7a4453#0:FAIL-t130, 9dbd5372-55c2-4532-b354-9494d3d545d2<-cd11b2f5-3187-4d03-bd60-931991550c17#0:FAIL-t130] and 0 exception(s); 9dbd5372-55c2-4532-b354-9494d3d545d2@group-F367C8FA5986:t130, leader=null, voted=9dbd5372-55c2-4532-b354-9494d3d545d2, raftlog=9dbd5372-55c2-4532-b354-9494d3d545d2@group-F367C8FA5986-SegmentedRaftLog:OPENED:c-1,f-1,i0, conf=-1: [9b3ef6c9-0245-4756-bf80-45d41f7a4453:192.168.157.220:37058, cd11b2f5-3187-4d03-bd60-931991550c17:192.168.157.220:43236, 9dbd5372-55c2-4532-b354-9494d3d545d2:192.168.157.220:42993], old=null
2019-10-30 11:52:49,826 [9dbd5372-55c2-4532-b354-9494d3d545d2@group-F367C8FA5986-LeaderElection257] INFO  impl.RaftServerImpl (RaftServerImpl.java:setRole(184)) - 9dbd5372-55c2-4532-b354-9494d3d545d2@group-F367C8FA5986: changes role from CANDIDATE to FOLLOWER at term 130 for DISCOVERED_A_NEW_TERM
2019-10-30 11:52:49,826 [9dbd5372-55c2-4532-b354-9494d3d545d2@group-F367C8FA5986-LeaderElection257] INFO  impl.RoleInfo (RoleInfo.java:shutdownLeaderElection(134)) - 9dbd5372-55c2-4532-b354-9494d3d545d2: shutdown LeaderElection
2019-10-30 11:52:49,826 [9dbd5372-55c2-4532-b354-9494d3d545d2@group-F367C8FA5986-LeaderElection257] INFO  impl.RoleInfo (RoleInfo.java:updateAndGet(143)) - 9dbd5372-55c2-4532-b354-9494d3d545d2: start FollowerState
2019-10-30 11:52:49,845 [Thread-2077] INFO  impl.FollowerState (FollowerState.java:run(108)) - f26e10ed-fb17-49e6-a903-eadc130d13d1@group-83984122B78E-FollowerState: change to CANDIDATE, lastRpcTime:139ms, electionTimeout:139ms
2019-10-30 11:52:49,845 [Thread-2077] INFO  impl.RoleInfo (RoleInfo.java:shutdownFollowerState(121)) - f26e10ed-fb17-49e6-a903-eadc130d13d1: shutdown FollowerState
2019-10-30 11:52:49,845 [Thread-2077] INFO  impl.RaftServerImpl (RaftServerImpl.java:setRole(184)) - f26e10ed-fb17-49e6-a903-eadc130d13d1@group-83984122B78E: changes role from  FOLLOWER to CANDIDATE at term 139 for changeToCandidate
2019-10-30 11:52:49,846 [Thread-2077] INFO  impl.RoleInfo (RoleInfo.java:updateAndGet(143)) - f26e10ed-fb17-49e6-a903-eadc130d13d1: start LeaderElection
2019-10-30 11:52:49,858 [f26e10ed-fb17-49e6-a903-eadc130d13d1@group-83984122B78E-LeaderElection258] INFO  impl.LeaderElection (LeaderElection.java:askForVotes(178)) - f26e10ed-fb17-49e6-a903-eadc130d13d1@group-83984122B78E-LeaderElection258: begin an election at term 140 for -1: [4f16e274-8663-4a15-9c4c-c81f650ab979:192.168.157.220:38181, 4cc44201-a597-43af-a4ec-5b1b407a6250:192.168.157.220:36685, f26e10ed-fb17-49e6-a903-eadc130d13d1:192.168.157.220:32806], old=null
2019-10-30 11:52:49,861 [grpc-default-executor-8] INFO  impl.RaftServerImpl (RaftServerImpl.java:setRole(184)) - 4cc44201-a597-43af-a4ec-5b1b407a6250@group-83984122B78E: changes role from  FOLLOWER to FOLLOWER at term 140 for recognizeCandidate:f26e10ed-fb17-49e6-a903-eadc130d13d1
2019-10-30 11:52:49,862 [grpc-default-executor-8] INFO  impl.RoleInfo (RoleInfo.java:shutdownFollowerState(121)) - 4cc44201-a597-43af-a4ec-5b1b407a6250: shutdown FollowerState
2019-10-30 11:52:49,862 [grpc-default-executor-8] INFO  impl.RoleInfo (RoleInfo.java:updateAndGet(143)) - 4cc44201-a597-43af-a4ec-5b1b407a6250: start FollowerState
2019-10-30 11:52:49,862 [grpc-default-executor-6] INFO  impl.RaftServerImpl (RaftServerImpl.java:setRole(184)) - 4f16e274-8663-4a15-9c4c-c81f650ab979@group-83984122B78E: changes role from  FOLLOWER to FOLLOWER at term 140 for recognizeCandidate:f26e10ed-fb17-49e6-a903-eadc130d13d1
2019-10-30 11:52:49,862 [Thread-2075] INFO  impl.FollowerState (FollowerState.java:run(117)) - 4cc44201-a597-43af-a4ec-5b1b407a6250@group-83984122B78E-FollowerState was interrupted: java.lang.InterruptedException: sleep interrupted
2019-10-30 11:52:49,862 [grpc-default-executor-6] INFO  impl.RoleInfo (RoleInfo.java:shutdownFollowerState(121)) - 4f16e274-8663-4a15-9c4c-c81f650ab979: shutdown FollowerState
2019-10-30 11:52:49,862 [Thread-2076] INFO  impl.FollowerState (FollowerState.java:run(117)) - 4f16e274-8663-4a15-9c4c-c81f650ab979@group-83984122B78E-FollowerState was interrupted: java.lang.InterruptedException: sleep interrupted
2019-10-30 11:52:49,862 [grpc-default-executor-6] INFO  impl.RoleInfo (RoleInfo.java:updateAndGet(143)) - 4f16e274-8663-4a15-9c4c-c81f650ab979: start FollowerState
2019-10-30 11:52:49,875 [f26e10ed-fb17-49e6-a903-eadc130d13d1@group-83984122B78E-LeaderElection258] INFO  impl.LeaderElection (LeaderElection.java:logAndReturn(56)) - f26e10ed-fb17-49e6-a903-eadc130d13d1@group-83984122B78E-LeaderElection258: Election REJECTED; received 2 response(s) [f26e10ed-fb17-49e6-a903-eadc130d13d1<-4f16e274-8663-4a15-9c4c-c81f650ab979#0:FAIL-t140, f26e10ed-fb17-49e6-a903-eadc130d13d1<-4cc44201-a597-43af-a4ec-5b1b407a6250#0:FAIL-t140] and 0 exception(s); f26e10ed-fb17-49e6-a903-eadc130d13d1@group-83984122B78E:t140, leader=null, voted=f26e10ed-fb17-49e6-a903-eadc130d13d1, raftlog=f26e10ed-fb17-49e6-a903-eadc130d13d1@group-83984122B78E-SegmentedRaftLog:OPENED:c-1,f-1,i0, conf=-1: [4f16e274-8663-4a15-9c4c-c81f650ab979:192.168.157.220:38181, 4cc44201-a597-43af-a4ec-5b1b407a6250:192.168.157.220:36685, f26e10ed-fb17-49e6-a903-eadc130d13d1:192.168.157.220:32806], old=null
2019-10-30 11:52:49,875 [f26e10ed-fb17-49e6-a903-eadc130d13d1@group-83984122B78E-LeaderElection258] INFO  impl.RaftServerImpl (RaftServerImpl.java:setRole(184)) - f26e10ed-fb17-49e6-a903-eadc130d13d1@group-83984122B78E: changes role from CANDIDATE to FOLLOWER at term 140 for DISCOVERED_A_NEW_TERM
2019-10-30 11:52:49,875 [f26e10ed-fb17-49e6-a903-eadc130d13d1@group-83984122B78E-LeaderElection258] INFO  impl.RoleInfo (RoleInfo.java:shutdownLeaderElection(134)) - f26e10ed-fb17-49e6-a903-eadc130d13d1: shutdown LeaderElection
2019-10-30 11:52:49,875 [f26e10ed-fb17-49e6-a903-eadc130d13d1@group-83984122B78E-LeaderElection258] INFO  impl.RoleInfo (RoleInfo.java:updateAndGet(143)) - f26e10ed-fb17-49e6-a903-eadc130d13d1: start FollowerState
2019-10-30 11:52:49,880 [Thread-2083] INFO  impl.FollowerState (FollowerState.java:run(108)) - 9dbd5372-55c2-4532-b354-9494d3d545d2@group-F367C8FA5986-FollowerState: change to CANDIDATE, lastRpcTime:53ms, electionTimeout:52ms
2019-10-30 11:52:49,880 [Thread-2083] INFO  impl.RoleInfo (RoleInfo.java:shutdownFollowerState(121)) - 9dbd5372-55c2-4532-b354-9494d3d545d2: shutdown FollowerState
2019-10-30 11:52:49,880 [Thread-2083] INFO  impl.RaftServerImpl (RaftServerImpl.java:setRole(184)) - 9dbd5372-55c2-4532-b354-9494d3d545d2@group-F367C8FA5986: changes role from  FOLLOWER to CANDIDATE at term 130 for changeToCandidate
2019-10-30 11:52:49,880 [Thread-2083] INFO  impl.RoleInfo (RoleInfo.java:updateAndGet(143)) - 9dbd5372-55c2-4532-b354-9494d3d545d2: start LeaderElection
2019-10-30 11:52:49,888 [9dbd5372-55c2-4532-b354-9494d3d545d2@group-F367C8FA5986-LeaderElection259] INFO  impl.LeaderElection (LeaderElection.java:askForVotes(178)) - 9dbd5372-55c2-4532-b354-9494d3d545d2@group-F367C8FA5986-LeaderElection259: begin an election at term 131 for -1: [9b3ef6c9-0245-4756-bf80-45d41f7a4453:192.168.157.220:37058, cd11b2f5-3187-4d03-bd60-931991550c17:192.168.157.220:43236, 9dbd5372-55c2-4532-b354-9494d3d545d2:192.168.157.220:42993], old=null
2019-10-30 11:52:49,889 [grpc-default-executor-8] INFO  impl.RaftServerImpl (RaftServerImpl.java:setRole(184)) - cd11b2f5-3187-4d03-bd60-931991550c17@group-F367C8FA5986: changes role from  FOLLOWER to FOLLOWER at term 131 for recognizeCandidate:9dbd5372-55c2-4532-b354-9494d3d545d2
2019-10-30 11:52:49,889 [grpc-default-executor-6] INFO  impl.RaftServerImpl (RaftServerImpl.java:setRole(184)) - 9b3ef6c9-0245-4756-bf80-45d41f7a4453@group-F367C8FA5986: changes role from  FOLLOWER to FOLLOWER at term 131 for recognizeCandidate:9dbd5372-55c2-4532-b354-9494d3d545d2
2019-10-30 11:52:49,889 [grpc-default-executor-8] INFO  impl.RoleInfo (RoleInfo.java:shutdownFollowerState(121)) - cd11b2f5-3187-4d03-bd60-931991550c17: shutdown FollowerState
2019-10-30 11:52:49,889 [grpc-default-executor-6] INFO  impl.RoleInfo (RoleInfo.java:shutdownFollowerState(121)) - 9b3ef6c9-0245-4756-bf80-45d41f7a4453: shutdown FollowerState
2019-10-30 11:52:49,890 [Thread-2081] INFO  impl.FollowerState (FollowerState.java:run(117)) - cd11b2f5-3187-4d03-bd60-931991550c17@group-F367C8FA5986-FollowerState was interrupted: java.lang.InterruptedException: sleep interrupted
2019-10-30 11:52:49,890 [grpc-default-executor-8] INFO  impl.RoleInfo (RoleInfo.java:updateAndGet(143)) - cd11b2f5-3187-4d03-bd60-931991550c17: start FollowerState
2019-10-30 11:52:49,890 [Thread-2082] INFO  impl.FollowerState (FollowerState.java:run(117)) - 9b3ef6c9-0245-4756-bf80-45d41f7a4453@group-F367C8FA5986-FollowerState was interrupted: java.lang.InterruptedException: sleep interrupted
2019-10-30 11:52:49,890 [grpc-default-executor-6] INFO  impl.RoleInfo (RoleInfo.java:updateAndGet(143)) - 9b3ef6c9-0245-4756-bf80-45d41f7a4453: start FollowerState
2019-10-30 11:52:49,899 [9dbd5372-55c2-4532-b354-9494d3d545d2@group-F367C8FA5986-LeaderElection259] INFO  impl.LeaderElection (LeaderElection.java:logAndReturn(56)) - 9dbd5372-55c2-4532-b354-9494d3d545d2@group-F367C8FA5986-LeaderElection259: Election REJECTED; received 2 response(s) [9dbd5372-55c2-4532-b354-9494d3d545d2<-9b3ef6c9-0245-4756-bf80-45d41f7a4453#0:FAIL-t131, 9dbd5372-55c2-4532-b354-9494d3d545d2<-cd11b2f5-3187-4d03-bd60-931991550c17#0:FAIL-t131] and 0 exception(s); 9dbd5372-55c2-4532-b354-9494d3d545d2@group-F367C8FA5986:t131, leader=null, voted=9dbd5372-55c2-4532-b354-9494d3d545d2, raftlog=9dbd5372-55c2-4532-b354-9494d3d545d2@group-F367C8FA5986-SegmentedRaftLog:OPENED:c-1,f-1,i0, conf=-1: [9b3ef6c9-0245-4756-bf80-45d41f7a4453:192.168.157.220:37058, cd11b2f5-3187-4d03-bd60-931991550c17:192.168.157.220:43236, 9dbd5372-55c2-4532-b354-9494d3d545d2:192.168.157.220:42993], old=null
2019-10-30 11:52:49,899 [9dbd5372-55c2-4532-b354-9494d3d545d2@group-F367C8FA5986-LeaderElection259] INFO  impl.RaftServerImpl (RaftServerImpl.java:setRole(184)) - 9dbd5372-55c2-4532-b354-9494d3d545d2@group-F367C8FA5986: changes role from CANDIDATE to FOLLOWER at term 131 for DISCOVERED_A_NEW_TERM
2019-10-30 11:52:49,899 [9dbd5372-55c2-4532-b354-9494d3d545d2@group-F367C8FA5986-LeaderElection259] INFO  impl.RoleInfo (RoleInfo.java:shutdownLeaderElection(134)) - 9dbd5372-55c2-4532-b354-9494d3d545d2: shutdown LeaderElection
2019-10-30 11:52:49,899 [9dbd5372-55c2-4532-b354-9494d3d545d2@group-F367C8FA5986-LeaderElection259] INFO  impl.RoleInfo (RoleInfo.java:updateAndGet(143)) - 9dbd5372-55c2-4532-b354-9494d3d545d2: start FollowerState
2019-10-30 11:52:49,909 [Thread-2089] INFO  impl.FollowerState (FollowerState.java:run(108)) - f26e10ed-fb17-49e6-a903-eadc130d13d1@group-83984122B78E-FollowerState: change to CANDIDATE, lastRpcTime:33ms, electionTimeout:33ms
2019-10-30 11:52:49,909 [Thread-2089] INFO  impl.RoleInfo (RoleInfo.java:shutdownFollowerState(121)) - f26e10ed-fb17-49e6-a903-eadc130d13d1: shutdown FollowerState
2019-10-30 11:52:49,909 [Thread-2089] INFO  impl.RaftServerImpl (RaftServerImpl.java:setRole(184)) - f26e10ed-fb17-49e6-a903-eadc130d13d1@group-83984122B78E: changes role from  FOLLOWER to CANDIDATE at term 140 for changeToCandidate
2019-10-30 11:52:49,909 [Thread-2089] INFO  impl.RoleInfo (RoleInfo.java:updateAndGet(143)) - f26e10ed-fb17-49e6-a903-eadc130d13d1: start LeaderElection
2019-10-30 11:52:49,924 [f26e10ed-fb17-49e6-a903-eadc130d13d1@group-83984122B78E-LeaderElection260] INFO  impl.LeaderElection (LeaderElection.java:askForVotes(178)) - f26e10ed-fb17-49e6-a903-eadc130d13d1@group-83984122B78E-LeaderElection260: begin an election at term 141 for -1: [4f16e274-8663-4a15-9c4c-c81f650ab979:192.168.157.220:38181, 4cc44201-a597-43af-a4ec-5b1b407a6250:192.168.157.220:36685, f26e10ed-fb17-49e6-a903-eadc130d13d1:192.168.157.220:32806], old=null
2019-10-30 11:52:49,926 [grpc-default-executor-6] INFO  impl.RaftServerImpl (RaftServerImpl.java:setRole(184)) - 4cc44201-a597-43af-a4ec-5b1b407a6250@group-83984122B78E: changes role from  FOLLOWER to FOLLOWER at term 141 for recognizeCandidate:f26e10ed-fb17-49e6-a903-eadc130d13d1
2019-10-30 11:52:49,926 [grpc-default-executor-8] INFO  impl.RaftServerImpl (RaftServerImpl.java:setRole(184)) - 4f16e274-8663-4a15-9c4c-c81f650ab979@group-83984122B78E: changes role from  FOLLOWER to FOLLOWER at term 141 for recognizeCandidate:f26e10ed-fb17-49e6-a903-eadc130d13d1
2019-10-30 11:52:49,926 [grpc-default-executor-8] INFO  impl.RoleInfo (RoleInfo.java:shutdownFollowerState(121)) - 4f16e274-8663-4a15-9c4c-c81f650ab979: shutdown FollowerState
2019-10-30 11:52:49,926 [grpc-default-executor-6] INFO  impl.RoleInfo (RoleInfo.java:shutdownFollowerState(121)) - 4cc44201-a597-43af-a4ec-5b1b407a6250: shutdown FollowerState
2019-10-30 11:52:49,926 [Thread-2088] INFO  impl.FollowerState (FollowerState.java:run(117)) - 4f16e274-8663-4a15-9c4c-c81f650ab979@group-83984122B78E-FollowerState was interrupted: java.lang.InterruptedException: sleep interrupted
2019-10-30 11:52:49,926 [grpc-default-executor-8] INFO  impl.RoleInfo (RoleInfo.java:updateAndGet(143)) - 4f16e274-8663-4a15-9c4c-c81f650ab979: start FollowerState
2019-10-30 11:52:49,926 [Thread-2087] INFO  impl.FollowerState (FollowerState.java:run(117)) - 4cc44201-a597-43af-a4ec-5b1b407a6250@group-83984122B78E-FollowerState was interrupted: java.lang.InterruptedException: sleep interrupted
2019-10-30 11:52:49,926 [grpc-default-executor-6] INFO  impl.RoleInfo (RoleInfo.java:updateAndGet(143)) - 4cc44201-a597-43af-a4ec-5b1b407a6250: start FollowerState
2019-10-30 11:52:49,941 [f26e10ed-fb17-49e6-a903-eadc130d13d1@group-83984122B78E-LeaderElection260] INFO  impl.LeaderElection (LeaderElection.java:logAndReturn(56)) - f26e10ed-fb17-49e6-a903-eadc130d13d1@group-83984122B78E-LeaderElection260: Election REJECTED; received 2 response(s) [f26e10ed-fb17-49e6-a903-eadc130d13d1<-4f16e274-8663-4a15-9c4c-c81f650ab979#0:FAIL-t141, f26e10ed-fb17-49e6-a903-eadc130d13d1<-4cc44201-a597-43af-a4ec-5b1b407a6250#0:FAIL-t141] and 0 exception(s); f26e10ed-fb17-49e6-a903-eadc130d13d1@group-83984122B78E:t141, leader=null, voted=f26e10ed-fb17-49e6-a903-eadc130d13d1, raftlog=f26e10ed-fb17-49e6-a903-eadc130d13d1@group-83984122B78E-SegmentedRaftLog:OPENED:c-1,f-1,i0, conf=-1: [4f16e274-8663-4a15-9c4c-c81f650ab979:192.168.157.220:38181, 4cc44201-a597-43af-a4ec-5b1b407a6250:192.168.157.220:36685, f26e10ed-fb17-49e6-a903-eadc130d13d1:192.168.157.220:32806], old=null
2019-10-30 11:52:49,941 [f26e10ed-fb17-49e6-a903-eadc130d13d1@group-83984122B78E-LeaderElection260] INFO  impl.RaftServerImpl (RaftServerImpl.java:setRole(184)) - f26e10ed-fb17-49e6-a903-eadc130d13d1@group-83984122B78E: changes role from CANDIDATE to FOLLOWER at term 141 for DISCOVERED_A_NEW_TERM
2019-10-30 11:52:49,941 [f26e10ed-fb17-49e6-a903-eadc130d13d1@group-83984122B78E-LeaderElection260] INFO  impl.RoleInfo (RoleInfo.java:shutdownLeaderElection(134)) - f26e10ed-fb17-49e6-a903-eadc130d13d1: shutdown LeaderElection
2019-10-30 11:52:49,941 [f26e10ed-fb17-49e6-a903-eadc130d13d1@group-83984122B78E-LeaderElection260] INFO  impl.RoleInfo (RoleInfo.java:updateAndGet(143)) - f26e10ed-fb17-49e6-a903-eadc130d13d1: start FollowerState
2019-10-30 11:52:50,002 [Thread-2095] INFO  impl.FollowerState (FollowerState.java:run(108)) - 9dbd5372-55c2-4532-b354-9494d3d545d2@group-F367C8FA5986-FollowerState: change to CANDIDATE, lastRpcTime:103ms, electionTimeout:103ms
2019-10-30 11:52:50,003 [Thread-2095] INFO  impl.RoleInfo (RoleInfo.java:shutdownFollowerState(121)) - 9dbd5372-55c2-4532-b354-9494d3d545d2: shutdown FollowerState
2019-10-30 11:52:50,003 [Thread-2095] INFO  impl.RaftServerImpl (RaftServerImpl.java:setRole(184)) - 9dbd5372-55c2-4532-b354-9494d3d545d2@group-F367C8FA5986: changes role from  FOLLOWER to CANDIDATE at term 131 for changeToCandidate
2019-10-30 11:52:50,003 [Thread-2095] INFO  impl.RoleInfo (RoleInfo.java:updateAndGet(143)) - 9dbd5372-55c2-4532-b354-9494d3d545d2: start LeaderElection
2019-10-30 11:52:50,015 [9dbd5372-55c2-4532-b354-9494d3d545d2@group-F367C8FA5986-LeaderElection261] INFO  impl.LeaderElection (LeaderElection.java:askForVotes(178)) - 9dbd5372-55c2-4532-b354-9494d3d545d2@group-F367C8FA5986-LeaderElection261: begin an election at term 132 for -1: [9b3ef6c9-0245-4756-bf80-45d41f7a4453:192.168.157.220:37058, cd11b2f5-3187-4d03-bd60-931991550c17:192.168.157.220:43236, 9dbd5372-55c2-4532-b354-9494d3d545d2:192.168.157.220:42993], old=null
2019-10-30 11:52:50,017 [grpc-default-executor-8] INFO  impl.RaftServerImpl (RaftServerImpl.java:setRole(184)) - 9b3ef6c9-0245-4756-bf80-45d41f7a4453@group-F367C8FA5986: changes role from  FOLLOWER to FOLLOWER at term 132 for recognizeCandidate:9dbd5372-55c2-4532-b354-9494d3d545d2
2019-10-30 11:52:50,017 [grpc-default-executor-8] INFO  impl.RoleInfo (RoleInfo.java:shutdownFollowerState(121)) - 9b3ef6c9-0245-4756-bf80-45d41f7a4453: shutdown FollowerState
2019-10-30 11:52:50,017 [grpc-default-executor-8] INFO  impl.RoleInfo (RoleInfo.java:updateAndGet(143)) - 9b3ef6c9-0245-4756-bf80-45d41f7a4453: start FollowerState
2019-10-30 11:52:50,017 [Thread-2101] INFO  impl.FollowerState (FollowerState.java:run(108)) - f26e10ed-fb17-49e6-a903-eadc130d13d1@group-83984122B78E-FollowerState: change to CANDIDATE, lastRpcTime:75ms, electionTimeout:75ms
2019-10-30 11:52:50,017 [Thread-2094] INFO  impl.FollowerState (FollowerState.java:run(117)) - 9b3ef6c9-0245-4756-bf80-45d41f7a4453@group-F367C8FA5986-FollowerState was interrupted: java.lang.InterruptedException: sleep interrupted
2019-10-30 11:52:50,017 [Thread-2101] INFO  impl.RoleInfo (RoleInfo.java:shutdownFollowerState(121)) - f26e10ed-fb17-49e6-a903-eadc130d13d1: shutdown FollowerState
2019-10-30 11:52:50,017 [Thread-2101] INFO  impl.RaftServerImpl (RaftServerImpl.java:setRole(184)) - f26e10ed-fb17-49e6-a903-eadc130d13d1@group-83984122B78E: changes role from  FOLLOWER to CANDIDATE at term 141 for changeToCandidate
2019-10-30 11:52:50,018 [Thread-2101] INFO  impl.RoleInfo (RoleInfo.java:updateAndGet(143)) - f26e10ed-fb17-49e6-a903-eadc130d13d1: start LeaderElection
2019-10-30 11:52:50,021 [grpc-default-executor-6] INFO  impl.RaftServerImpl (RaftServerImpl.java:setRole(184)) - cd11b2f5-3187-4d03-bd60-931991550c17@group-F367C8FA5986: changes role from  FOLLOWER to FOLLOWER at term 132 for recognizeCandidate:9dbd5372-55c2-4532-b354-9494d3d545d2
2019-10-30 11:52:50,021 [grpc-default-executor-6] INFO  impl.RoleInfo (RoleInfo.java:shutdownFollowerState(121)) - cd11b2f5-3187-4d03-bd60-931991550c17: shutdown FollowerState
2019-10-30 11:52:50,021 [grpc-default-executor-6] INFO  impl.RoleInfo (RoleInfo.java:updateAndGet(143)) - cd11b2f5-3187-4d03-bd60-931991550c17: start FollowerState
2019-10-30 11:52:50,022 [Thread-2093] INFO  impl.FollowerState (FollowerState.java:run(117)) - cd11b2f5-3187-4d03-bd60-931991550c17@group-F367C8FA5986-FollowerState was interrupted: java.lang.InterruptedException: sleep interrupted
2019-10-30 11:52:50,049 [f26e10ed-fb17-49e6-a903-eadc130d13d1@group-83984122B78E-LeaderElection262] INFO  impl.LeaderElection (LeaderElection.java:askForVotes(178)) - f26e10ed-fb17-49e6-a903-eadc130d13d1@group-83984122B78E-LeaderElection262: begin an election at term 142 for -1: [4f16e274-8663-4a15-9c4c-c81f650ab979:192.168.157.220:38181, 4cc44201-a597-43af-a4ec-5b1b407a6250:192.168.157.220:36685, f26e10ed-fb17-49e6-a903-eadc130d13d1:192.168.157.220:32806], old=null
2019-10-30 11:52:50,053 [9dbd5372-55c2-4532-b354-9494d3d545d2@group-F367C8FA5986-LeaderElection261] INFO  impl.LeaderElection (LeaderElection.java:logAndReturn(56)) - 9dbd5372-55c2-4532-b354-9494d3d545d2@group-F367C8FA5986-LeaderElection261: Election REJECTED; received 2 response(s) [9dbd5372-55c2-4532-b354-9494d3d545d2<-9b3ef6c9-0245-4756-bf80-45d41f7a4453#0:FAIL-t132, 9dbd5372-55c2-4532-b354-9494d3d545d2<-cd11b2f5-3187-4d03-bd60-931991550c17#0:FAIL-t132] and 0 exception(s); 9dbd5372-55c2-4532-b354-9494d3d545d2@group-F367C8FA5986:t132, leader=null, voted=9dbd5372-55c2-4532-b354-9494d3d545d2, raftlog=9dbd5372-55c2-4532-b354-9494d3d545d2@group-F367C8FA5986-SegmentedRaftLog:OPENED:c-1,f-1,i0, conf=-1: [9b3ef6c9-0245-4756-bf80-45d41f7a4453:192.168.157.220:37058, cd11b2f5-3187-4d03-bd60-931991550c17:192.168.157.220:43236, 9dbd5372-55c2-4532-b354-9494d3d545d2:192.168.157.220:42993], old=null
2019-10-30 11:52:50,054 [grpc-default-executor-8] INFO  impl.RaftServerImpl (RaftServerImpl.java:setRole(184)) - 4f16e274-8663-4a15-9c4c-c81f650ab979@group-83984122B78E: changes role from  FOLLOWER to FOLLOWER at term 142 for recognizeCandidate:f26e10ed-fb17-49e6-a903-eadc130d13d1
2019-10-30 11:52:50,054 [grpc-default-executor-8] INFO  impl.RoleInfo (RoleInfo.java:shutdownFollowerState(121)) - 4f16e274-8663-4a15-9c4c-c81f650ab979: shutdown FollowerState
2019-10-30 11:52:50,056 [grpc-default-executor-8] INFO  impl.RoleInfo (RoleInfo.java:updateAndGet(143)) - 4f16e274-8663-4a15-9c4c-c81f650ab979: start FollowerState
2019-10-30 11:52:50,056 [Thread-2099] INFO  impl.FollowerState (FollowerState.java:run(117)) - 4f16e274-8663-4a15-9c4c-c81f650ab979@group-83984122B78E-FollowerState was interrupted: java.lang.InterruptedException: sleep interrupted
2019-10-30 11:52:50,056 [9dbd5372-55c2-4532-b354-9494d3d545d2@group-F367C8FA5986-LeaderElection261] INFO  impl.RaftServerImpl (RaftServerImpl.java:setRole(184)) - 9dbd5372-55c2-4532-b354-9494d3d545d2@group-F367C8FA5986: changes role from CANDIDATE to FOLLOWER at term 132 for DISCOVERED_A_NEW_TERM
2019-10-30 11:52:50,056 [9dbd5372-55c2-4532-b354-9494d3d545d2@group-F367C8FA5986-LeaderElection261] INFO  impl.RoleInfo (RoleInfo.java:shutdownLeaderElection(134)) - 9dbd5372-55c2-4532-b354-9494d3d545d2: shutdown LeaderElection
2019-10-30 11:52:50,057 [9dbd5372-55c2-4532-b354-9494d3d545d2@group-F367C8FA5986-LeaderElection261] INFO  impl.RoleInfo (RoleInfo.java:updateAndGet(143)) - 9dbd5372-55c2-4532-b354-9494d3d545d2: start FollowerState
2019-10-30 11:52:50,057 [grpc-default-executor-6] INFO  impl.RaftServerImpl (RaftServerImpl.java:setRole(184)) - 4cc44201-a597-43af-a4ec-5b1b407a6250@group-83984122B78E: changes role from  FOLLOWER to FOLLOWER at term 142 for recognizeCandidate:f26e10ed-fb17-49e6-a903-eadc130d13d1
2019-10-30 11:52:50,057 [grpc-default-executor-6] INFO  impl.RoleInfo (RoleInfo.java:shutdownFollowerState(121)) - 4cc44201-a597-43af-a4ec-5b1b407a6250: shutdown FollowerState
2019-10-30 11:52:50,057 [grpc-default-executor-6] INFO  impl.RoleInfo (RoleInfo.java:updateAndGet(143)) - 4cc44201-a597-43af-a4ec-5b1b407a6250: start FollowerState
2019-10-30 11:52:50,058 [Thread-2100] INFO  impl.FollowerState (FollowerState.java:run(117)) - 4cc44201-a597-43af-a4ec-5b1b407a6250@group-83984122B78E-FollowerState was interrupted: java.lang.InterruptedException: sleep interrupted
2019-10-30 11:52:50,073 [f26e10ed-fb17-49e6-a903-eadc130d13d1@group-83984122B78E-LeaderElection262] INFO  impl.LeaderElection (LeaderElection.java:logAndReturn(56)) - f26e10ed-fb17-49e6-a903-eadc130d13d1@group-83984122B78E-LeaderElection262: Election REJECTED; received 2 response(s) [f26e10ed-fb17-49e6-a903-eadc130d13d1<-4f16e274-8663-4a15-9c4c-c81f650ab979#0:FAIL-t142, f26e10ed-fb17-49e6-a903-eadc130d13d1<-4cc44201-a597-43af-a4ec-5b1b407a6250#0:FAIL-t142] and 0 exception(s); f26e10ed-fb17-49e6-a903-eadc130d13d1@group-83984122B78E:t142, leader=null, voted=f26e10ed-fb17-49e6-a903-eadc130d13d1, raftlog=f26e10ed-fb17-49e6-a903-eadc130d13d1@group-83984122B78E-SegmentedRaftLog:OPENED:c-1,f-1,i0, conf=-1: [4f16e274-8663-4a15-9c4c-c81f650ab979:192.168.157.220:38181, 4cc44201-a597-43af-a4ec-5b1b407a6250:192.168.157.220:36685, f26e10ed-fb17-49e6-a903-eadc130d13d1:192.168.157.220:32806], old=null
2019-10-30 11:52:50,073 [f26e10ed-fb17-49e6-a903-eadc130d13d1@group-83984122B78E-LeaderElection262] INFO  impl.RaftServerImpl (RaftServerImpl.java:setRole(184)) - f26e10ed-fb17-49e6-a903-eadc130d13d1@group-83984122B78E: changes role from CANDIDATE to FOLLOWER at term 142 for DISCOVERED_A_NEW_TERM
2019-10-30 11:52:50,073 [f26e10ed-fb17-49e6-a903-eadc130d13d1@group-83984122B78E-LeaderElection262] INFO  impl.RoleInfo (RoleInfo.java:shutdownLeaderElection(134)) - f26e10ed-fb17-49e6-a903-eadc130d13d1: shutdown LeaderElection
2019-10-30 11:52:50,073 [f26e10ed-fb17-49e6-a903-eadc130d13d1@group-83984122B78E-LeaderElection262] INFO  impl.RoleInfo (RoleInfo.java:updateAndGet(143)) - f26e10ed-fb17-49e6-a903-eadc130d13d1: start FollowerState
2019-10-30 11:52:50,201 [Thread-2115] INFO  impl.FollowerState (FollowerState.java:run(108)) - f26e10ed-fb17-49e6-a903-eadc130d13d1@group-83984122B78E-FollowerState: change to CANDIDATE, lastRpcTime:128ms, electionTimeout:128ms
2019-10-30 11:52:50,202 [Thread-2115] INFO  impl.RoleInfo (RoleInfo.java:shutdownFollowerState(121)) - f26e10ed-fb17-49e6-a903-eadc130d13d1: shutdown FollowerState
2019-10-30 11:52:50,202 [Thread-2115] INFO  impl.RaftServerImpl (RaftServerImpl.java:setRole(184)) - f26e10ed-fb17-49e6-a903-eadc130d13d1@group-83984122B78E: changes role from  FOLLOWER to CANDIDATE at term 142 for changeToCandidate
2019-10-30 11:52:50,202 [Thread-2115] INFO  impl.RoleInfo (RoleInfo.java:updateAndGet(143)) - f26e10ed-fb17-49e6-a903-eadc130d13d1: start LeaderElection
2019-10-30 11:52:50,232 [f26e10ed-fb17-49e6-a903-eadc130d13d1@group-83984122B78E-LeaderElection263] INFO  impl.LeaderElection (LeaderElection.java:askForVotes(178)) - f26e10ed-fb17-49e6-a903-eadc130d13d1@group-83984122B78E-LeaderElection263: begin an election at term 143 for -1: [4f16e274-8663-4a15-9c4c-c81f650ab979:192.168.157.220:38181, 4cc44201-a597-43af-a4ec-5b1b407a6250:192.168.157.220:36685, f26e10ed-fb17-49e6-a903-eadc130d13d1:192.168.157.220:32806], old=null
2019-10-30 11:52:50,234 [grpc-default-executor-8] INFO  impl.RaftServerImpl (RaftServerImpl.java:setRole(184)) - 4cc44201-a597-43af-a4ec-5b1b407a6250@group-83984122B78E: changes role from  FOLLOWER to FOLLOWER at term 143 for recognizeCandidate:f26e10ed-fb17-49e6-a903-eadc130d13d1
2019-10-30 11:52:50,234 [grpc-default-executor-8] INFO  impl.RoleInfo (RoleInfo.java:shutdownFollowerState(121)) - 4cc44201-a597-43af-a4ec-5b1b407a6250: shutdown FollowerState
2019-10-30 11:52:50,234 [grpc-default-executor-8] INFO  impl.RoleInfo (RoleInfo.java:updateAndGet(143)) - 4cc44201-a597-43af-a4ec-5b1b407a6250: start FollowerState
2019-10-30 11:52:50,234 [Thread-2114] INFO  impl.FollowerState (FollowerState.java:run(117)) - 4cc44201-a597-43af-a4ec-5b1b407a6250@group-83984122B78E-FollowerState was interrupted: java.lang.InterruptedException: sleep interrupted
2019-10-30 11:52:50,234 [grpc-default-executor-6] INFO  impl.RaftServerImpl (RaftServerImpl.java:setRole(184)) - 4f16e274-8663-4a15-9c4c-c81f650ab979@group-83984122B78E: changes role from  FOLLOWER to FOLLOWER at term 143 for recognizeCandidate:f26e10ed-fb17-49e6-a903-eadc130d13d1
2019-10-30 11:52:50,234 [grpc-default-executor-6] INFO  impl.RoleInfo (RoleInfo.java:shutdownFollowerState(121)) - 4f16e274-8663-4a15-9c4c-c81f650ab979: shutdown FollowerState
2019-10-30 11:52:50,234 [grpc-default-executor-6] INFO  impl.RoleInfo (RoleInfo.java:updateAndGet(143)) - 4f16e274-8663-4a15-9c4c-c81f650ab979: start FollowerState
2019-10-30 11:52:50,234 [Thread-2110] INFO  impl.FollowerState (FollowerState.java:run(117)) - 4f16e274-8663-4a15-9c4c-c81f650ab979@group-83984122B78E-FollowerState was interrupted: java.lang.InterruptedException: sleep interrupted
2019-10-30 11:52:50,246 [f26e10ed-fb17-49e6-a903-eadc130d13d1@group-83984122B78E-LeaderElection263] INFO  impl.LeaderElection (LeaderElection.java:logAndReturn(56)) - f26e10ed-fb17-49e6-a903-eadc130d13d1@group-83984122B78E-LeaderElection263: Election REJECTED; received 2 response(s) [f26e10ed-fb17-49e6-a903-eadc130d13d1<-4f16e274-8663-4a15-9c4c-c81f650ab979#0:FAIL-t143, f26e10ed-fb17-49e6-a903-eadc130d13d1<-4cc44201-a597-43af-a4ec-5b1b407a6250#0:FAIL-t143] and 0 exception(s); f26e10ed-fb17-49e6-a903-eadc130d13d1@group-83984122B78E:t143, leader=null, voted=f26e10ed-fb17-49e6-a903-eadc130d13d1, raftlog=f26e10ed-fb17-49e6-a903-eadc130d13d1@group-83984122B78E-SegmentedRaftLog:OPENED:c-1,f-1,i0, conf=-1: [4f16e274-8663-4a15-9c4c-c81f650ab979:192.168.157.220:38181, 4cc44201-a597-43af-a4ec-5b1b407a6250:192.168.157.220:36685, f26e10ed-fb17-49e6-a903-eadc130d13d1:192.168.157.220:32806], old=null
2019-10-30 11:52:50,246 [f26e10ed-fb17-49e6-a903-eadc130d13d1@group-83984122B78E-LeaderElection263] INFO  impl.RaftServerImpl (RaftServerImpl.java:setRole(184)) - f26e10ed-fb17-49e6-a903-eadc130d13d1@group-83984122B78E: changes role from CANDIDATE to FOLLOWER at term 143 for DISCOVERED_A_NEW_TERM
2019-10-30 11:52:50,246 [f26e10ed-fb17-49e6-a903-eadc130d13d1@group-83984122B78E-LeaderElection263] INFO  impl.RoleInfo (RoleInfo.java:shutdownLeaderElection(134)) - f26e10ed-fb17-49e6-a903-eadc130d13d1: shutdown LeaderElection
2019-10-30 11:52:50,246 [f26e10ed-fb17-49e6-a903-eadc130d13d1@group-83984122B78E-LeaderElection263] INFO  impl.RoleInfo (RoleInfo.java:updateAndGet(143)) - f26e10ed-fb17-49e6-a903-eadc130d13d1: start FollowerState
2019-10-30 11:52:50,258 [Thread-2112] INFO  impl.FollowerState (FollowerState.java:run(108)) - 9dbd5372-55c2-4532-b354-9494d3d545d2@group-F367C8FA5986-FollowerState: change to CANDIDATE, lastRpcTime:200ms, electionTimeout:200ms
2019-10-30 11:52:50,258 [Thread-2112] INFO  impl.RoleInfo (RoleInfo.java:shutdownFollowerState(121)) - 9dbd5372-55c2-4532-b354-9494d3d545d2: shutdown FollowerState
2019-10-30 11:52:50,258 [Thread-2112] INFO  impl.RaftServerImpl (RaftServerImpl.java:setRole(184)) - 9dbd5372-55c2-4532-b354-9494d3d545d2@group-F367C8FA5986: changes role from  FOLLOWER to CANDIDATE at term 132 for changeToCandidate
2019-10-30 11:52:50,258 [Thread-2112] INFO  impl.RoleInfo (RoleInfo.java:updateAndGet(143)) - 9dbd5372-55c2-4532-b354-9494d3d545d2: start LeaderElection
2019-10-30 11:52:50,261 [9dbd5372-55c2-4532-b354-9494d3d545d2@group-F367C8FA5986-LeaderElection264] INFO  impl.LeaderElection (LeaderElection.java:askForVotes(178)) - 9dbd5372-55c2-4532-b354-9494d3d545d2@group-F367C8FA5986-LeaderElection264: begin an election at term 133 for -1: [9b3ef6c9-0245-4756-bf80-45d41f7a4453:192.168.157.220:37058, cd11b2f5-3187-4d03-bd60-931991550c17:192.168.157.220:43236, 9dbd5372-55c2-4532-b354-9494d3d545d2:192.168.157.220:42993], old=null
2019-10-30 11:52:50,263 [grpc-default-executor-6] INFO  impl.RaftServerImpl (RaftServerImpl.java:setRole(184)) - 9b3ef6c9-0245-4756-bf80-45d41f7a4453@group-F367C8FA5986: changes role from  FOLLOWER to FOLLOWER at term 133 for recognizeCandidate:9dbd5372-55c2-4532-b354-9494d3d545d2
2019-10-30 11:52:50,263 [grpc-default-executor-8] INFO  impl.RaftServerImpl (RaftServerImpl.java:setRole(184)) - cd11b2f5-3187-4d03-bd60-931991550c17@group-F367C8FA5986: changes role from  FOLLOWER to FOLLOWER at term 133 for recognizeCandidate:9dbd5372-55c2-4532-b354-9494d3d545d2
2019-10-30 11:52:50,263 [grpc-default-executor-6] INFO  impl.RoleInfo (RoleInfo.java:shutdownFollowerState(121)) - 9b3ef6c9-0245-4756-bf80-45d41f7a4453: shutdown FollowerState
2019-10-30 11:52:50,263 [grpc-default-executor-8] INFO  impl.RoleInfo (RoleInfo.java:shutdownFollowerState(121)) - cd11b2f5-3187-4d03-bd60-931991550c17: shutdown FollowerState
2019-10-30 11:52:50,263 [Thread-2105] INFO  impl.FollowerState (FollowerState.java:run(117)) - 9b3ef6c9-0245-4756-bf80-45d41f7a4453@group-F367C8FA5986-FollowerState was interrupted: java.lang.InterruptedException: sleep interrupted
2019-10-30 11:52:50,263 [grpc-default-executor-6] INFO  impl.RoleInfo (RoleInfo.java:updateAndGet(143)) - 9b3ef6c9-0245-4756-bf80-45d41f7a4453: start FollowerState
2019-10-30 11:52:50,263 [Thread-2107] INFO  impl.FollowerState (FollowerState.java:run(117)) - cd11b2f5-3187-4d03-bd60-931991550c17@group-F367C8FA5986-FollowerState was interrupted: java.lang.InterruptedException: sleep interrupted
2019-10-30 11:52:50,263 [grpc-default-executor-8] INFO  impl.RoleInfo (RoleInfo.java:updateAndGet(143)) - cd11b2f5-3187-4d03-bd60-931991550c17: start FollowerState
2019-10-30 11:52:50,275 [9dbd5372-55c2-4532-b354-9494d3d545d2@group-F367C8FA5986-LeaderElection264] INFO  impl.LeaderElection (LeaderElection.java:logAndReturn(56)) - 9dbd5372-55c2-4532-b354-9494d3d545d2@group-F367C8FA5986-LeaderElection264: Election REJECTED; received 2 response(s) [9dbd5372-55c2-4532-b354-9494d3d545d2<-9b3ef6c9-0245-4756-bf80-45d41f7a4453#0:FAIL-t133, 9dbd5372-55c2-4532-b354-9494d3d545d2<-cd11b2f5-3187-4d03-bd60-931991550c17#0:FAIL-t133] and 0 exception(s); 9dbd5372-55c2-4532-b354-9494d3d545d2@group-F367C8FA5986:t133, leader=null, voted=9dbd5372-55c2-4532-b354-9494d3d545d2, raftlog=9dbd5372-55c2-4532-b354-9494d3d545d2@group-F367C8FA5986-SegmentedRaftLog:OPENED:c-1,f-1,i0, conf=-1: [9b3ef6c9-0245-4756-bf80-45d41f7a4453:192.168.157.220:37058, cd11b2f5-3187-4d03-bd60-931991550c17:192.168.157.220:43236, 9dbd5372-55c2-4532-b354-9494d3d545d2:192.168.157.220:42993], old=null
2019-10-30 11:52:50,275 [9dbd5372-55c2-4532-b354-9494d3d545d2@group-F367C8FA5986-LeaderElection264] INFO  impl.RaftServerImpl (RaftServerImpl.java:setRole(184)) - 9dbd5372-55c2-4532-b354-9494d3d545d2@group-F367C8FA5986: changes role from CANDIDATE to FOLLOWER at term 133 for DISCOVERED_A_NEW_TERM
2019-10-30 11:52:50,276 [9dbd5372-55c2-4532-b354-9494d3d545d2@group-F367C8FA5986-LeaderElection264] INFO  impl.RoleInfo (RoleInfo.java:shutdownLeaderElection(134)) - 9dbd5372-55c2-4532-b354-9494d3d545d2: shutdown LeaderElection
2019-10-30 11:52:50,276 [9dbd5372-55c2-4532-b354-9494d3d545d2@group-F367C8FA5986-LeaderElection264] INFO  impl.RoleInfo (RoleInfo.java:updateAndGet(143)) - 9dbd5372-55c2-4532-b354-9494d3d545d2: start FollowerState
2019-10-30 11:52:50,356 [Thread-2121] INFO  impl.FollowerState (FollowerState.java:run(108)) - f26e10ed-fb17-49e6-a903-eadc130d13d1@group-83984122B78E-FollowerState: change to CANDIDATE, lastRpcTime:109ms, electionTimeout:109ms
2019-10-30 11:52:50,356 [Thread-2121] INFO  impl.RoleInfo (RoleInfo.java:shutdownFollowerState(121)) - f26e10ed-fb17-49e6-a903-eadc130d13d1: shutdown FollowerState
2019-10-30 11:52:50,356 [Thread-2121] INFO  impl.RaftServerImpl (RaftServerImpl.java:setRole(184)) - f26e10ed-fb17-49e6-a903-eadc130d13d1@group-83984122B78E: changes role from  FOLLOWER to CANDIDATE at term 143 for changeToCandidate
2019-10-30 11:52:50,356 [Thread-2121] INFO  impl.RoleInfo (RoleInfo.java:updateAndGet(143)) - f26e10ed-fb17-49e6-a903-eadc130d13d1: start LeaderElection
2019-10-30 11:52:50,362 [Thread-2127] INFO  impl.FollowerState (FollowerState.java:run(108)) - 9dbd5372-55c2-4532-b354-9494d3d545d2@group-F367C8FA5986-FollowerState: change to CANDIDATE, lastRpcTime:86ms, electionTimeout:86ms
2019-10-30 11:52:50,362 [Thread-2127] INFO  impl.RoleInfo (RoleInfo.java:shutdownFollowerState(121)) - 9dbd5372-55c2-4532-b354-9494d3d545d2: shutdown FollowerState
2019-10-30 11:52:50,362 [Thread-2127] INFO  impl.RaftServerImpl (RaftServerImpl.java:setRole(184)) - 9dbd5372-55c2-4532-b354-9494d3d545d2@group-F367C8FA5986: changes role from  FOLLOWER to CANDIDATE at term 133 for changeToCandidate
2019-10-30 11:52:50,362 [Thread-2127] INFO  impl.RoleInfo (RoleInfo.java:updateAndGet(143)) - 9dbd5372-55c2-4532-b354-9494d3d545d2: start LeaderElection
2019-10-30 11:52:50,363 [f26e10ed-fb17-49e6-a903-eadc130d13d1@group-83984122B78E-LeaderElection265] INFO  impl.LeaderElection (LeaderElection.java:askForVotes(178)) - f26e10ed-fb17-49e6-a903-eadc130d13d1@group-83984122B78E-LeaderElection265: begin an election at term 144 for -1: [4f16e274-8663-4a15-9c4c-c81f650ab979:192.168.157.220:38181, 4cc44201-a597-43af-a4ec-5b1b407a6250:192.168.157.220:36685, f26e10ed-fb17-49e6-a903-eadc130d13d1:192.168.157.220:32806], old=null
2019-10-30 11:52:50,364 [grpc-default-executor-6] INFO  impl.RaftServerImpl (RaftServerImpl.java:setRole(184)) - 4f16e274-8663-4a15-9c4c-c81f650ab979@group-83984122B78E: changes role from  FOLLOWER to FOLLOWER at term 144 for recognizeCandidate:f26e10ed-fb17-49e6-a903-eadc130d13d1
2019-10-30 11:52:50,364 [grpc-default-executor-8] INFO  impl.RaftServerImpl (RaftServerImpl.java:setRole(184)) - 4cc44201-a597-43af-a4ec-5b1b407a6250@group-83984122B78E: changes role from  FOLLOWER to FOLLOWER at term 144 for recognizeCandidate:f26e10ed-fb17-49e6-a903-eadc130d13d1
2019-10-30 11:52:50,364 [grpc-default-executor-6] INFO  impl.RoleInfo (RoleInfo.java:shutdownFollowerState(121)) - 4f16e274-8663-4a15-9c4c-c81f650ab979: shutdown FollowerState
2019-10-30 11:52:50,364 [grpc-default-executor-8] INFO  impl.RoleInfo (RoleInfo.java:shutdownFollowerState(121)) - 4cc44201-a597-43af-a4ec-5b1b407a6250: shutdown FollowerState
2019-10-30 11:52:50,365 [Thread-2120] INFO  impl.FollowerState (FollowerState.java:run(117)) - 4f16e274-8663-4a15-9c4c-c81f650ab979@group-83984122B78E-FollowerState was interrupted: java.lang.InterruptedException: sleep interrupted
2019-10-30 11:52:50,365 [Thread-2119] INFO  impl.FollowerState (FollowerState.java:run(117)) - 4cc44201-a597-43af-a4ec-5b1b407a6250@group-83984122B78E-FollowerState was interrupted: java.lang.InterruptedException: sleep interrupted
2019-10-30 11:52:50,365 [grpc-default-executor-6] INFO  impl.RoleInfo (RoleInfo.java:updateAndGet(143)) - 4f16e274-8663-4a15-9c4c-c81f650ab979: start FollowerState
2019-10-30 11:52:50,365 [grpc-default-executor-8] INFO  impl.RoleInfo (RoleInfo.java:updateAndGet(143)) - 4cc44201-a597-43af-a4ec-5b1b407a6250: start FollowerState
2019-10-30 11:52:50,365 [9dbd5372-55c2-4532-b354-9494d3d545d2@group-F367C8FA5986-LeaderElection266] INFO  impl.LeaderElection (LeaderElection.java:askForVotes(178)) - 9dbd5372-55c2-4532-b354-9494d3d545d2@group-F367C8FA5986-LeaderElection266: begin an election at term 134 for -1: [9b3ef6c9-0245-4756-bf80-45d41f7a4453:192.168.157.220:37058, cd11b2f5-3187-4d03-bd60-931991550c17:192.168.157.220:43236, 9dbd5372-55c2-4532-b354-9494d3d545d2:192.168.157.220:42993], old=null
2019-10-30 11:52:50,367 [grpc-default-executor-7] INFO  impl.RaftServerImpl (RaftServerImpl.java:setRole(184)) - 9b3ef6c9-0245-4756-bf80-45d41f7a4453@group-F367C8FA5986: changes role from  FOLLOWER to FOLLOWER at term 134 for recognizeCandidate:9dbd5372-55c2-4532-b354-9494d3d545d2
2019-10-30 11:52:50,367 [grpc-default-executor-7] INFO  impl.RoleInfo (RoleInfo.java:shutdownFollowerState(121)) - 9b3ef6c9-0245-4756-bf80-45d41f7a4453: shutdown FollowerState
2019-10-30 11:52:50,367 [grpc-default-executor-7] INFO  impl.RoleInfo (RoleInfo.java:updateAndGet(143)) - 9b3ef6c9-0245-4756-bf80-45d41f7a4453: start FollowerState
2019-10-30 11:52:50,367 [Thread-2125] INFO  impl.FollowerState (FollowerState.java:run(117)) - 9b3ef6c9-0245-4756-bf80-45d41f7a4453@group-F367C8FA5986-FollowerState was interrupted: java.lang.InterruptedException: sleep interrupted
2019-10-30 11:52:50,369 [grpc-default-executor-1] INFO  impl.RaftServerImpl (RaftServerImpl.java:setRole(184)) - cd11b2f5-3187-4d03-bd60-931991550c17@group-F367C8FA5986: changes role from  FOLLOWER to FOLLOWER at term 134 for recognizeCandidate:9dbd5372-55c2-4532-b354-9494d3d545d2
2019-10-30 11:52:50,369 [grpc-default-executor-1] INFO  impl.RoleInfo (RoleInfo.java:shutdownFollowerState(121)) - cd11b2f5-3187-4d03-bd60-931991550c17: shutdown FollowerState
2019-10-30 11:52:50,369 [grpc-default-executor-1] INFO  impl.RoleInfo (RoleInfo.java:updateAndGet(143)) - cd11b2f5-3187-4d03-bd60-931991550c17: start FollowerState
2019-10-30 11:52:50,373 [Thread-2126] INFO  impl.FollowerState (FollowerState.java:run(117)) - cd11b2f5-3187-4d03-bd60-931991550c17@group-F367C8FA5986-FollowerState was interrupted: java.lang.InterruptedException: sleep interrupted
2019-10-30 11:52:50,389 [f26e10ed-fb17-49e6-a903-eadc130d13d1@group-83984122B78E-LeaderElection265] INFO  impl.LeaderElection (LeaderElection.java:logAndReturn(56)) - f26e10ed-fb17-49e6-a903-eadc130d13d1@group-83984122B78E-LeaderElection265: Election REJECTED; received 2 response(s) [f26e10ed-fb17-49e6-a903-eadc130d13d1<-4f16e274-8663-4a15-9c4c-c81f650ab979#0:FAIL-t144, f26e10ed-fb17-49e6-a903-eadc130d13d1<-4cc44201-a597-43af-a4ec-5b1b407a6250#0:FAIL-t144] and 0 exception(s); f26e10ed-fb17-49e6-a903-eadc130d13d1@group-83984122B78E:t144, leader=null, voted=f26e10ed-fb17-49e6-a903-eadc130d13d1, raftlog=f26e10ed-fb17-49e6-a903-eadc130d13d1@group-83984122B78E-SegmentedRaftLog:OPENED:c-1,f-1,i0, conf=-1: [4f16e274-8663-4a15-9c4c-c81f650ab979:192.168.157.220:38181, 4cc44201-a597-43af-a4ec-5b1b407a6250:192.168.157.220:36685, f26e10ed-fb17-49e6-a903-eadc130d13d1:192.168.157.220:32806], old=null
2019-10-30 11:52:50,389 [f26e10ed-fb17-49e6-a903-eadc130d13d1@group-83984122B78E-LeaderElection265] INFO  impl.RaftServerImpl (RaftServerImpl.java:setRole(184)) - f26e10ed-fb17-49e6-a903-eadc130d13d1@group-83984122B78E: changes role from CANDIDATE to FOLLOWER at term 144 for DISCOVERED_A_NEW_TERM
2019-10-30 11:52:50,389 [f26e10ed-fb17-49e6-a903-eadc130d13d1@group-83984122B78E-LeaderElection265] INFO  impl.RoleInfo (RoleInfo.java:shutdownLeaderElection(134)) - f26e10ed-fb17-49e6-a903-eadc130d13d1: shutdown LeaderElection
2019-10-30 11:52:50,389 [f26e10ed-fb17-49e6-a903-eadc130d13d1@group-83984122B78E-LeaderElection265] INFO  impl.RoleInfo (RoleInfo.java:updateAndGet(143)) - f26e10ed-fb17-49e6-a903-eadc130d13d1: start FollowerState
2019-10-30 11:52:50,389 [9dbd5372-55c2-4532-b354-9494d3d545d2@group-F367C8FA5986-LeaderElection266] INFO  impl.LeaderElection (LeaderElection.java:logAndReturn(56)) - 9dbd5372-55c2-4532-b354-9494d3d545d2@group-F367C8FA5986-LeaderElection266: Election REJECTED; received 2 response(s) [9dbd5372-55c2-4532-b354-9494d3d545d2<-9b3ef6c9-0245-4756-bf80-45d41f7a4453#0:FAIL-t134, 9dbd5372-55c2-4532-b354-9494d3d545d2<-cd11b2f5-3187-4d03-bd60-931991550c17#0:FAIL-t134] and 0 exception(s); 9dbd5372-55c2-4532-b354-9494d3d545d2@group-F367C8FA5986:t134, leader=null, voted=9dbd5372-55c2-4532-b354-9494d3d545d2, raftlog=9dbd5372-55c2-4532-b354-9494d3d545d2@group-F367C8FA5986-SegmentedRaftLog:OPENED:c-1,f-1,i0, conf=-1: [9b3ef6c9-0245-4756-bf80-45d41f7a4453:192.168.157.220:37058, cd11b2f5-3187-4d03-bd60-931991550c17:192.168.157.220:43236, 9dbd5372-55c2-4532-b354-9494d3d545d2:192.168.157.220:42993], old=null
2019-10-30 11:52:50,389 [9dbd5372-55c2-4532-b354-9494d3d545d2@group-F367C8FA5986-LeaderElection266] INFO  impl.RaftServerImpl (RaftServerImpl.java:setRole(184)) - 9dbd5372-55c2-4532-b354-9494d3d545d2@group-F367C8FA5986: changes role from CANDIDATE to FOLLOWER at term 134 for DISCOVERED_A_NEW_TERM
2019-10-30 11:52:50,389 [9dbd5372-55c2-4532-b354-9494d3d545d2@group-F367C8FA5986-LeaderElection266] INFO  impl.RoleInfo (RoleInfo.java:shutdownLeaderElection(134)) - 9dbd5372-55c2-4532-b354-9494d3d545d2: shutdown LeaderElection
2019-10-30 11:52:50,390 [9dbd5372-55c2-4532-b354-9494d3d545d2@group-F367C8FA5986-LeaderElection266] INFO  impl.RoleInfo (RoleInfo.java:updateAndGet(143)) - 9dbd5372-55c2-4532-b354-9494d3d545d2: start FollowerState
2019-10-30 11:52:50,444 [Thread-2140] INFO  impl.FollowerState (FollowerState.java:run(108)) - f26e10ed-fb17-49e6-a903-eadc130d13d1@group-83984122B78E-FollowerState: change to CANDIDATE, lastRpcTime:55ms, electionTimeout:55ms
2019-10-30 11:52:50,445 [Thread-2140] INFO  impl.RoleInfo (RoleInfo.java:shutdownFollowerState(121)) - f26e10ed-fb17-49e6-a903-eadc130d13d1: shutdown FollowerState
2019-10-30 11:52:50,445 [Thread-2140] INFO  impl.RaftServerImpl (RaftServerImpl.java:setRole(184)) - f26e10ed-fb17-49e6-a903-eadc130d13d1@group-83984122B78E: changes role from  FOLLOWER to CANDIDATE at term 144 for changeToCandidate
2019-10-30 11:52:50,445 [Thread-2140] INFO  impl.RoleInfo (RoleInfo.java:updateAndGet(143)) - f26e10ed-fb17-49e6-a903-eadc130d13d1: start LeaderElection
2019-10-30 11:52:50,455 [f26e10ed-fb17-49e6-a903-eadc130d13d1@group-83984122B78E-LeaderElection267] INFO  impl.LeaderElection (LeaderElection.java:askForVotes(178)) - f26e10ed-fb17-49e6-a903-eadc130d13d1@group-83984122B78E-LeaderElection267: begin an election at term 145 for -1: [4f16e274-8663-4a15-9c4c-c81f650ab979:192.168.157.220:38181, 4cc44201-a597-43af-a4ec-5b1b407a6250:192.168.157.220:36685, f26e10ed-fb17-49e6-a903-eadc130d13d1:192.168.157.220:32806], old=null
2019-10-30 11:52:50,457 [grpc-default-executor-8] INFO  impl.RaftServerImpl (RaftServerImpl.java:setRole(184)) - 4f16e274-8663-4a15-9c4c-c81f650ab979@group-83984122B78E: changes role from  FOLLOWER to FOLLOWER at term 145 for recognizeCandidate:f26e10ed-fb17-49e6-a903-eadc130d13d1
2019-10-30 11:52:50,457 [grpc-default-executor-8] INFO  impl.RoleInfo (RoleInfo.java:shutdownFollowerState(121)) - 4f16e274-8663-4a15-9c4c-c81f650ab979: shutdown FollowerState
2019-10-30 11:52:50,457 [grpc-default-executor-8] INFO  impl.RoleInfo (RoleInfo.java:updateAndGet(143)) - 4f16e274-8663-4a15-9c4c-c81f650ab979: start FollowerState
2019-10-30 11:52:50,457 [grpc-default-executor-7] INFO  impl.RaftServerImpl (RaftServerImpl.java:setRole(184)) - 4cc44201-a597-43af-a4ec-5b1b407a6250@group-83984122B78E: changes role from  FOLLOWER to FOLLOWER at term 145 for recognizeCandidate:f26e10ed-fb17-49e6-a903-eadc130d13d1
2019-10-30 11:52:50,457 [grpc-default-executor-7] INFO  impl.RoleInfo (RoleInfo.java:shutdownFollowerState(121)) - 4cc44201-a597-43af-a4ec-5b1b407a6250: shutdown FollowerState
2019-10-30 11:52:50,457 [grpc-default-executor-7] INFO  impl.RoleInfo (RoleInfo.java:updateAndGet(143)) - 4cc44201-a597-43af-a4ec-5b1b407a6250: start FollowerState
2019-10-30 11:52:50,457 [Thread-2135] INFO  impl.FollowerState (FollowerState.java:run(117)) - 4cc44201-a597-43af-a4ec-5b1b407a6250@group-83984122B78E-FollowerState was interrupted: java.lang.InterruptedException: sleep interrupted
2019-10-30 11:52:50,458 [Thread-2134] INFO  impl.FollowerState (FollowerState.java:run(117)) - 4f16e274-8663-4a15-9c4c-c81f650ab979@group-83984122B78E-FollowerState was interrupted: java.lang.InterruptedException: sleep interrupted
2019-10-30 11:52:50,463 [f26e10ed-fb17-49e6-a903-eadc130d13d1@group-83984122B78E-LeaderElection267] INFO  impl.LeaderElection (LeaderElection.java:logAndReturn(56)) - f26e10ed-fb17-49e6-a903-eadc130d13d1@group-83984122B78E-LeaderElection267: Election REJECTED; received 2 response(s) [f26e10ed-fb17-49e6-a903-eadc130d13d1<-4f16e274-8663-4a15-9c4c-c81f650ab979#0:FAIL-t145, f26e10ed-fb17-49e6-a903-eadc130d13d1<-4cc44201-a597-43af-a4ec-5b1b407a6250#0:FAIL-t145] and 0 exception(s); f26e10ed-fb17-49e6-a903-eadc130d13d1@group-83984122B78E:t145, leader=null, voted=f26e10ed-fb17-49e6-a903-eadc130d13d1, raftlog=f26e10ed-fb17-49e6-a903-eadc130d13d1@group-83984122B78E-SegmentedRaftLog:OPENED:c-1,f-1,i0, conf=-1: [4f16e274-8663-4a15-9c4c-c81f650ab979:192.168.157.220:38181, 4cc44201-a597-43af-a4ec-5b1b407a6250:192.168.157.220:36685, f26e10ed-fb17-49e6-a903-eadc130d13d1:192.168.157.220:32806], old=null
2019-10-30 11:52:50,463 [f26e10ed-fb17-49e6-a903-eadc130d13d1@group-83984122B78E-LeaderElection267] INFO  impl.RaftServerImpl (RaftServerImpl.java:setRole(184)) - f26e10ed-fb17-49e6-a903-eadc130d13d1@group-83984122B78E: changes role from CANDIDATE to FOLLOWER at term 145 for DISCOVERED_A_NEW_TERM
2019-10-30 11:52:50,463 [f26e10ed-fb17-49e6-a903-eadc130d13d1@group-83984122B78E-LeaderElection267] INFO  impl.RoleInfo (RoleInfo.java:shutdownLeaderElection(134)) - f26e10ed-fb17-49e6-a903-eadc130d13d1: shutdown LeaderElection
2019-10-30 11:52:50,463 [f26e10ed-fb17-49e6-a903-eadc130d13d1@group-83984122B78E-LeaderElection267] INFO  impl.RoleInfo (RoleInfo.java:updateAndGet(143)) - f26e10ed-fb17-49e6-a903-eadc130d13d1: start FollowerState
2019-10-30 11:52:50,471 [Thread-2147] INFO  impl.FollowerState (FollowerState.java:run(108)) - f26e10ed-fb17-49e6-a903-eadc130d13d1@group-83984122B78E-FollowerState: change to CANDIDATE, lastRpcTime:8ms, electionTimeout:8ms
2019-10-30 11:52:50,472 [Thread-2147] INFO  impl.RoleInfo (RoleInfo.java:shutdownFollowerState(121)) - f26e10ed-fb17-49e6-a903-eadc130d13d1: shutdown FollowerState
2019-10-30 11:52:50,472 [Thread-2147] INFO  impl.RaftServerImpl (RaftServerImpl.java:setRole(184)) - f26e10ed-fb17-49e6-a903-eadc130d13d1@group-83984122B78E: changes role from  FOLLOWER to CANDIDATE at term 145 for changeToCandidate
2019-10-30 11:52:50,472 [Thread-2147] INFO  impl.RoleInfo (RoleInfo.java:updateAndGet(143)) - f26e10ed-fb17-49e6-a903-eadc130d13d1: start LeaderElection
2019-10-30 11:52:50,476 [f26e10ed-fb17-49e6-a903-eadc130d13d1@group-83984122B78E-LeaderElection268] INFO  impl.LeaderElection (LeaderElection.java:askForVotes(178)) - f26e10ed-fb17-49e6-a903-eadc130d13d1@group-83984122B78E-LeaderElection268: begin an election at term 146 for -1: [4f16e274-8663-4a15-9c4c-c81f650ab979:192.168.157.220:38181, 4cc44201-a597-43af-a4ec-5b1b407a6250:192.168.157.220:36685, f26e10ed-fb17-49e6-a903-eadc130d13d1:192.168.157.220:32806], old=null
2019-10-30 11:52:50,477 [grpc-default-executor-8] INFO  impl.RaftServerImpl (RaftServerImpl.java:setRole(184)) - 4f16e274-8663-4a15-9c4c-c81f650ab979@group-83984122B78E: changes role from  FOLLOWER to FOLLOWER at term 146 for recognizeCandidate:f26e10ed-fb17-49e6-a903-eadc130d13d1
2019-10-30 11:52:50,477 [grpc-default-executor-7] INFO  impl.RaftServerImpl (RaftServerImpl.java:setRole(184)) - 4cc44201-a597-43af-a4ec-5b1b407a6250@group-83984122B78E: changes role from  FOLLOWER to FOLLOWER at term 146 for recognizeCandidate:f26e10ed-fb17-49e6-a903-eadc130d13d1
2019-10-30 11:52:50,477 [grpc-default-executor-8] INFO  impl.RoleInfo (RoleInfo.java:shutdownFollowerState(121)) - 4f16e274-8663-4a15-9c4c-c81f650ab979: shutdown FollowerState
2019-10-30 11:52:50,477 [grpc-default-executor-7] INFO  impl.RoleInfo (RoleInfo.java:shutdownFollowerState(121)) - 4cc44201-a597-43af-a4ec-5b1b407a6250: shutdown FollowerState
2019-10-30 11:52:50,478 [Thread-2145] INFO  impl.FollowerState (FollowerState.java:run(117)) - 4f16e274-8663-4a15-9c4c-c81f650ab979@group-83984122B78E-FollowerState was interrupted: java.lang.InterruptedException: sleep interrupted
2019-10-30 11:52:50,478 [grpc-default-executor-8] INFO  impl.RoleInfo (RoleInfo.java:updateAndGet(143)) - 4f16e274-8663-4a15-9c4c-c81f650ab979: start FollowerState
2019-10-30 11:52:50,478 [Thread-2146] INFO  impl.FollowerState (FollowerState.java:run(117)) - 4cc44201-a597-43af-a4ec-5b1b407a6250@group-83984122B78E-FollowerState was interrupted: java.lang.InterruptedException: sleep interrupted
2019-10-30 11:52:50,478 [grpc-default-executor-7] INFO  impl.RoleInfo (RoleInfo.java:updateAndGet(143)) - 4cc44201-a597-43af-a4ec-5b1b407a6250: start FollowerState
2019-10-30 11:52:50,493 [f26e10ed-fb17-49e6-a903-eadc130d13d1@group-83984122B78E-LeaderElection268] INFO  impl.LeaderElection (LeaderElection.java:logAndReturn(56)) - f26e10ed-fb17-49e6-a903-eadc130d13d1@group-83984122B78E-LeaderElection268: Election REJECTED; received 2 response(s) [f26e10ed-fb17-49e6-a903-eadc130d13d1<-4f16e274-8663-4a15-9c4c-c81f650ab979#0:FAIL-t146, f26e10ed-fb17-49e6-a903-eadc130d13d1<-4cc44201-a597-43af-a4ec-5b1b407a6250#0:FAIL-t146] and 0 exception(s); f26e10ed-fb17-49e6-a903-eadc130d13d1@group-83984122B78E:t146, leader=null, voted=f26e10ed-fb17-49e6-a903-eadc130d13d1, raftlog=f26e10ed-fb17-49e6-a903-eadc130d13d1@group-83984122B78E-SegmentedRaftLog:OPENED:c-1,f-1,i0, conf=-1: [4f16e274-8663-4a15-9c4c-c81f650ab979:192.168.157.220:38181, 4cc44201-a597-43af-a4ec-5b1b407a6250:192.168.157.220:36685, f26e10ed-fb17-49e6-a903-eadc130d13d1:192.168.157.220:32806], old=null
2019-10-30 11:52:50,493 [f26e10ed-fb17-49e6-a903-eadc130d13d1@group-83984122B78E-LeaderElection268] INFO  impl.RaftServerImpl (RaftServerImpl.java:setRole(184)) - f26e10ed-fb17-49e6-a903-eadc130d13d1@group-83984122B78E: changes role from CANDIDATE to FOLLOWER at term 146 for DISCOVERED_A_NEW_TERM
2019-10-30 11:52:50,493 [f26e10ed-fb17-49e6-a903-eadc130d13d1@group-83984122B78E-LeaderElection268] INFO  impl.RoleInfo (RoleInfo.java:shutdownLeaderElection(134)) - f26e10ed-fb17-49e6-a903-eadc130d13d1: shutdown LeaderElection
2019-10-30 11:52:50,493 [f26e10ed-fb17-49e6-a903-eadc130d13d1@group-83984122B78E-LeaderElection268] INFO  impl.RoleInfo (RoleInfo.java:updateAndGet(143)) - f26e10ed-fb17-49e6-a903-eadc130d13d1: start FollowerState
2019-10-30 11:52:50,500 [Thread-2141] INFO  impl.FollowerState (FollowerState.java:run(108)) - 9dbd5372-55c2-4532-b354-9494d3d545d2@group-F367C8FA5986-FollowerState: change to CANDIDATE, lastRpcTime:110ms, electionTimeout:110ms
2019-10-30 11:52:50,500 [Thread-2141] INFO  impl.RoleInfo (RoleInfo.java:shutdownFollowerState(121)) - 9dbd5372-55c2-4532-b354-9494d3d545d2: shutdown FollowerState
2019-10-30 11:52:50,500 [Thread-2141] INFO  impl.RaftServerImpl (RaftServerImpl.java:setRole(184)) - 9dbd5372-55c2-4532-b354-9494d3d545d2@group-F367C8FA5986: changes role from  FOLLOWER to CANDIDATE at term 134 for changeToCandidate
2019-10-30 11:52:50,500 [Thread-2141] INFO  impl.RoleInfo (RoleInfo.java:updateAndGet(143)) - 9dbd5372-55c2-4532-b354-9494d3d545d2: start LeaderElection
2019-10-30 11:52:50,507 [9dbd5372-55c2-4532-b354-9494d3d545d2@group-F367C8FA5986-LeaderElection269] INFO  impl.LeaderElection (LeaderElection.java:askForVotes(178)) - 9dbd5372-55c2-4532-b354-9494d3d545d2@group-F367C8FA5986-LeaderElection269: begin an election at term 135 for -1: [9b3ef6c9-0245-4756-bf80-45d41f7a4453:192.168.157.220:37058, cd11b2f5-3187-4d03-bd60-931991550c17:192.168.157.220:43236, 9dbd5372-55c2-4532-b354-9494d3d545d2:192.168.157.220:42993], old=null
2019-10-30 11:52:50,508 [grpc-default-executor-7] INFO  impl.RaftServerImpl (RaftServerImpl.java:setRole(184)) - 9b3ef6c9-0245-4756-bf80-45d41f7a4453@group-F367C8FA5986: changes role from  FOLLOWER to FOLLOWER at term 135 for recognizeCandidate:9dbd5372-55c2-4532-b354-9494d3d545d2
2019-10-30 11:52:50,508 [grpc-default-executor-7] INFO  impl.RoleInfo (RoleInfo.java:shutdownFollowerState(121)) - 9b3ef6c9-0245-4756-bf80-45d41f7a4453: shutdown FollowerState
2019-10-30 11:52:50,508 [grpc-default-executor-8] INFO  impl.RaftServerImpl (RaftServerImpl.java:setRole(184)) - cd11b2f5-3187-4d03-bd60-931991550c17@group-F367C8FA5986: changes role from  FOLLOWER to FOLLOWER at term 135 for recognizeCandidate:9dbd5372-55c2-4532-b354-9494d3d545d2
2019-10-30 11:52:50,509 [grpc-default-executor-8] INFO  impl.RoleInfo (RoleInfo.java:shutdownFollowerState(121)) - cd11b2f5-3187-4d03-bd60-931991550c17: shutdown FollowerState
2019-10-30 11:52:50,508 [Thread-2138] INFO  impl.FollowerState (FollowerState.java:run(117)) - 9b3ef6c9-0245-4756-bf80-45d41f7a4453@group-F367C8FA5986-FollowerState was interrupted: java.lang.InterruptedException: sleep interrupted
2019-10-30 11:52:50,508 [grpc-default-executor-7] INFO  impl.RoleInfo (RoleInfo.java:updateAndGet(143)) - 9b3ef6c9-0245-4756-bf80-45d41f7a4453: start FollowerState
2019-10-30 11:52:50,509 [Thread-2139] INFO  impl.FollowerState (FollowerState.java:run(117)) - cd11b2f5-3187-4d03-bd60-931991550c17@group-F367C8FA5986-FollowerState was interrupted: java.lang.InterruptedException: sleep interrupted
2019-10-30 11:52:50,509 [grpc-default-executor-8] INFO  impl.RoleInfo (RoleInfo.java:updateAndGet(143)) - cd11b2f5-3187-4d03-bd60-931991550c17: start FollowerState
2019-10-30 11:52:50,515 [9dbd5372-55c2-4532-b354-9494d3d545d2@group-F367C8FA5986-LeaderElection269] INFO  impl.LeaderElection (LeaderElection.java:logAndReturn(56)) - 9dbd5372-55c2-4532-b354-9494d3d545d2@group-F367C8FA5986-LeaderElection269: Election REJECTED; received 2 response(s) [9dbd5372-55c2-4532-b354-9494d3d545d2<-9b3ef6c9-0245-4756-bf80-45d41f7a4453#0:FAIL-t135, 9dbd5372-55c2-4532-b354-9494d3d545d2<-cd11b2f5-3187-4d03-bd60-931991550c17#0:FAIL-t135] and 0 exception(s); 9dbd5372-55c2-4532-b354-9494d3d545d2@group-F367C8FA5986:t135, leader=null, voted=9dbd5372-55c2-4532-b354-9494d3d545d2, raftlog=9dbd5372-55c2-4532-b354-9494d3d545d2@group-F367C8FA5986-SegmentedRaftLog:OPENED:c-1,f-1,i0, conf=-1: [9b3ef6c9-0245-4756-bf80-45d41f7a4453:192.168.157.220:37058, cd11b2f5-3187-4d03-bd60-931991550c17:192.168.157.220:43236, 9dbd5372-55c2-4532-b354-9494d3d545d2:192.168.157.220:42993], old=null
2019-10-30 11:52:50,515 [9dbd5372-55c2-4532-b354-9494d3d545d2@group-F367C8FA5986-LeaderElection269] INFO  impl.RaftServerImpl (RaftServerImpl.java:setRole(184)) - 9dbd5372-55c2-4532-b354-9494d3d545d2@group-F367C8FA5986: changes role from CANDIDATE to FOLLOWER at term 135 for DISCOVERED_A_NEW_TERM
2019-10-30 11:52:50,515 [9dbd5372-55c2-4532-b354-9494d3d545d2@group-F367C8FA5986-LeaderElection269] INFO  impl.RoleInfo (RoleInfo.java:shutdownLeaderElection(134)) - 9dbd5372-55c2-4532-b354-9494d3d545d2: shutdown LeaderElection
2019-10-30 11:52:50,515 [9dbd5372-55c2-4532-b354-9494d3d545d2@group-F367C8FA5986-LeaderElection269] INFO  impl.RoleInfo (RoleInfo.java:updateAndGet(143)) - 9dbd5372-55c2-4532-b354-9494d3d545d2: start FollowerState
2019-10-30 11:52:50,552 [Thread-2153] INFO  impl.FollowerState (FollowerState.java:run(108)) - f26e10ed-fb17-49e6-a903-eadc130d13d1@group-83984122B78E-FollowerState: change to CANDIDATE, lastRpcTime:58ms, electionTimeout:58ms
2019-10-30 11:52:50,552 [Thread-2153] INFO  impl.RoleInfo (RoleInfo.java:shutdownFollowerState(121)) - f26e10ed-fb17-49e6-a903-eadc130d13d1: shutdown FollowerState
2019-10-30 11:52:50,552 [Thread-2153] INFO  impl.RaftServerImpl (RaftServerImpl.java:setRole(184)) - f26e10ed-fb17-49e6-a903-eadc130d13d1@group-83984122B78E: changes role from  FOLLOWER to CANDIDATE at term 146 for changeToCandidate
2019-10-30 11:52:50,552 [Thread-2153] INFO  impl.RoleInfo (RoleInfo.java:updateAndGet(143)) - f26e10ed-fb17-49e6-a903-eadc130d13d1: start LeaderElection
2019-10-30 11:52:50,559 [f26e10ed-fb17-49e6-a903-eadc130d13d1@group-83984122B78E-LeaderElection270] INFO  impl.LeaderElection (LeaderElection.java:askForVotes(178)) - f26e10ed-fb17-49e6-a903-eadc130d13d1@group-83984122B78E-LeaderElection270: begin an election at term 147 for -1: [4f16e274-8663-4a15-9c4c-c81f650ab979:192.168.157.220:38181, 4cc44201-a597-43af-a4ec-5b1b407a6250:192.168.157.220:36685, f26e10ed-fb17-49e6-a903-eadc130d13d1:192.168.157.220:32806], old=null
2019-10-30 11:52:50,561 [grpc-default-executor-7] INFO  impl.RaftServerImpl (RaftServerImpl.java:setRole(184)) - 4cc44201-a597-43af-a4ec-5b1b407a6250@group-83984122B78E: changes role from  FOLLOWER to FOLLOWER at term 147 for recognizeCandidate:f26e10ed-fb17-49e6-a903-eadc130d13d1
2019-10-30 11:52:50,561 [grpc-default-executor-7] INFO  impl.RoleInfo (RoleInfo.java:shutdownFollowerState(121)) - 4cc44201-a597-43af-a4ec-5b1b407a6250: shutdown FollowerState
2019-10-30 11:52:50,561 [grpc-default-executor-8] INFO  impl.RaftServerImpl (RaftServerImpl.java:setRole(184)) - 4f16e274-8663-4a15-9c4c-c81f650ab979@group-83984122B78E: changes role from  FOLLOWER to FOLLOWER at term 147 for recognizeCandidate:f26e10ed-fb17-49e6-a903-eadc130d13d1
2019-10-30 11:52:50,561 [grpc-default-executor-7] INFO  impl.RoleInfo (RoleInfo.java:updateAndGet(143)) - 4cc44201-a597-43af-a4ec-5b1b407a6250: start FollowerState
2019-10-30 11:52:50,561 [Thread-2152] INFO  impl.FollowerState (FollowerState.java:run(117)) - 4cc44201-a597-43af-a4ec-5b1b407a6250@group-83984122B78E-FollowerState was interrupted: java.lang.InterruptedException: sleep interrupted
2019-10-30 11:52:50,561 [grpc-default-executor-8] INFO  impl.RoleInfo (RoleInfo.java:shutdownFollowerState(121)) - 4f16e274-8663-4a15-9c4c-c81f650ab979: shutdown FollowerState
2019-10-30 11:52:50,562 [grpc-default-executor-8] INFO  impl.RoleInfo (RoleInfo.java:updateAndGet(143)) - 4f16e274-8663-4a15-9c4c-c81f650ab979: start FollowerState
2019-10-30 11:52:50,562 [Thread-2151] INFO  impl.FollowerState (FollowerState.java:run(117)) - 4f16e274-8663-4a15-9c4c-c81f650ab979@group-83984122B78E-FollowerState was interrupted: java.lang.InterruptedException: sleep interrupted
2019-10-30 11:52:50,573 [f26e10ed-fb17-49e6-a903-eadc130d13d1@group-83984122B78E-LeaderElection270] INFO  impl.LeaderElection (LeaderElection.java:logAndReturn(56)) - f26e10ed-fb17-49e6-a903-eadc130d13d1@group-83984122B78E-LeaderElection270: Election REJECTED; received 2 response(s) [f26e10ed-fb17-49e6-a903-eadc130d13d1<-4f16e274-8663-4a15-9c4c-c81f650ab979#0:FAIL-t147, f26e10ed-fb17-49e6-a903-eadc130d13d1<-4cc44201-a597-43af-a4ec-5b1b407a6250#0:FAIL-t147] and 0 exception(s); f26e10ed-fb17-49e6-a903-eadc130d13d1@group-83984122B78E:t147, leader=null, voted=f26e10ed-fb17-49e6-a903-eadc130d13d1, raftlog=f26e10ed-fb17-49e6-a903-eadc130d13d1@group-83984122B78E-SegmentedRaftLog:OPENED:c-1,f-1,i0, conf=-1: [4f16e274-8663-4a15-9c4c-c81f650ab979:192.168.157.220:38181, 4cc44201-a597-43af-a4ec-5b1b407a6250:192.168.157.220:36685, f26e10ed-fb17-49e6-a903-eadc130d13d1:192.168.157.220:32806], old=null
2019-10-30 11:52:50,574 [f26e10ed-fb17-49e6-a903-eadc130d13d1@group-83984122B78E-LeaderElection270] INFO  impl.RaftServerImpl (RaftServerImpl.java:setRole(184)) - f26e10ed-fb17-49e6-a903-eadc130d13d1@group-83984122B78E: changes role from CANDIDATE to FOLLOWER at term 147 for DISCOVERED_A_NEW_TERM
2019-10-30 11:52:50,574 [f26e10ed-fb17-49e6-a903-eadc130d13d1@group-83984122B78E-LeaderElection270] INFO  impl.RoleInfo (RoleInfo.java:shutdownLeaderElection(134)) - f26e10ed-fb17-49e6-a903-eadc130d13d1: shutdown LeaderElection
2019-10-30 11:52:50,574 [f26e10ed-fb17-49e6-a903-eadc130d13d1@group-83984122B78E-LeaderElection270] INFO  impl.RoleInfo (RoleInfo.java:updateAndGet(143)) - f26e10ed-fb17-49e6-a903-eadc130d13d1: start FollowerState
2019-10-30 11:52:50,591 [Thread-2159] INFO  impl.FollowerState (FollowerState.java:run(108)) - 9dbd5372-55c2-4532-b354-9494d3d545d2@group-F367C8FA5986-FollowerState: change to CANDIDATE, lastRpcTime:75ms, electionTimeout:75ms
2019-10-30 11:52:50,591 [Thread-2159] INFO  impl.RoleInfo (RoleInfo.java:shutdownFollowerState(121)) - 9dbd5372-55c2-4532-b354-9494d3d545d2: shutdown FollowerState
2019-10-30 11:52:50,591 [Thread-2159] INFO  impl.RaftServerImpl (RaftServerImpl.java:setRole(184)) - 9dbd5372-55c2-4532-b354-9494d3d545d2@group-F367C8FA5986: changes role from  FOLLOWER to CANDIDATE at term 135 for changeToCandidate
2019-10-30 11:52:50,591 [Thread-2159] INFO  impl.RoleInfo (RoleInfo.java:updateAndGet(143)) - 9dbd5372-55c2-4532-b354-9494d3d545d2: start LeaderElection
2019-10-30 11:52:50,624 [9dbd5372-55c2-4532-b354-9494d3d545d2@group-F367C8FA5986-LeaderElection271] INFO  impl.LeaderElection (LeaderElection.java:askForVotes(178)) - 9dbd5372-55c2-4532-b354-9494d3d545d2@group-F367C8FA5986-LeaderElection271: begin an election at term 136 for -1: [9b3ef6c9-0245-4756-bf80-45d41f7a4453:192.168.157.220:37058, cd11b2f5-3187-4d03-bd60-931991550c17:192.168.157.220:43236, 9dbd5372-55c2-4532-b354-9494d3d545d2:192.168.157.220:42993], old=null
2019-10-30 11:52:50,625 [grpc-default-executor-8] INFO  impl.RaftServerImpl (RaftServerImpl.java:setRole(184)) - 9b3ef6c9-0245-4756-bf80-45d41f7a4453@group-F367C8FA5986: changes role from  FOLLOWER to FOLLOWER at term 136 for recognizeCandidate:9dbd5372-55c2-4532-b354-9494d3d545d2
2019-10-30 11:52:50,625 [grpc-default-executor-7] INFO  impl.RaftServerImpl (RaftServerImpl.java:setRole(184)) - cd11b2f5-3187-4d03-bd60-931991550c17@group-F367C8FA5986: changes role from  FOLLOWER to FOLLOWER at term 136 for recognizeCandidate:9dbd5372-55c2-4532-b354-9494d3d545d2
2019-10-30 11:52:50,626 [grpc-default-executor-8] INFO  impl.RoleInfo (RoleInfo.java:shutdownFollowerState(121)) - 9b3ef6c9-0245-4756-bf80-45d41f7a4453: shutdown FollowerState
2019-10-30 11:52:50,626 [grpc-default-executor-7] INFO  impl.RoleInfo (RoleInfo.java:shutdownFollowerState(121)) - cd11b2f5-3187-4d03-bd60-931991550c17: shutdown FollowerState
2019-10-30 11:52:50,626 [Thread-2157] INFO  impl.FollowerState (FollowerState.java:run(117)) - 9b3ef6c9-0245-4756-bf80-45d41f7a4453@group-F367C8FA5986-FollowerState was interrupted: java.lang.InterruptedException: sleep interrupted
2019-10-30 11:52:50,626 [grpc-default-executor-8] INFO  impl.RoleInfo (RoleInfo.java:updateAndGet(143)) - 9b3ef6c9-0245-4756-bf80-45d41f7a4453: start FollowerState
2019-10-30 11:52:50,626 [grpc-default-executor-7] INFO  impl.RoleInfo (RoleInfo.java:updateAndGet(143)) - cd11b2f5-3187-4d03-bd60-931991550c17: start FollowerState
2019-10-30 11:52:50,626 [Thread-2158] INFO  impl.FollowerState (FollowerState.java:run(117)) - cd11b2f5-3187-4d03-bd60-931991550c17@group-F367C8FA5986-FollowerState was interrupted: java.lang.InterruptedException: sleep interrupted
2019-10-30 11:52:50,639 [9dbd5372-55c2-4532-b354-9494d3d545d2@group-F367C8FA5986-LeaderElection271] INFO  impl.LeaderElection (LeaderElection.java:logAndReturn(56)) - 9dbd5372-55c2-4532-b354-9494d3d545d2@group-F367C8FA5986-LeaderElection271: Election REJECTED; received 2 response(s) [9dbd5372-55c2-4532-b354-9494d3d545d2<-9b3ef6c9-0245-4756-bf80-45d41f7a4453#0:FAIL-t136, 9dbd5372-55c2-4532-b354-9494d3d545d2<-cd11b2f5-3187-4d03-bd60-931991550c17#0:FAIL-t136] and 0 exception(s); 9dbd5372-55c2-4532-b354-9494d3d545d2@group-F367C8FA5986:t136, leader=null, voted=9dbd5372-55c2-4532-b354-9494d3d545d2, raftlog=9dbd5372-55c2-4532-b354-9494d3d545d2@group-F367C8FA5986-SegmentedRaftLog:OPENED:c-1,f-1,i0, conf=-1: [9b3ef6c9-0245-4756-bf80-45d41f7a4453:192.168.157.220:37058, cd11b2f5-3187-4d03-bd60-931991550c17:192.168.157.220:43236, 9dbd5372-55c2-4532-b354-9494d3d545d2:192.168.157.220:42993], old=null
2019-10-30 11:52:50,639 [9dbd5372-55c2-4532-b354-9494d3d545d2@group-F367C8FA5986-LeaderElection271] INFO  impl.RaftServerImpl (RaftServerImpl.java:setRole(184)) - 9dbd5372-55c2-4532-b354-9494d3d545d2@group-F367C8FA5986: changes role from CANDIDATE to FOLLOWER at term 136 for DISCOVERED_A_NEW_TERM
2019-10-30 11:52:50,639 [9dbd5372-55c2-4532-b354-9494d3d545d2@group-F367C8FA5986-LeaderElection271] INFO  impl.RoleInfo (RoleInfo.java:shutdownLeaderElection(134)) - 9dbd5372-55c2-4532-b354-9494d3d545d2: shutdown LeaderElection
2019-10-30 11:52:50,639 [9dbd5372-55c2-4532-b354-9494d3d545d2@group-F367C8FA5986-LeaderElection271] INFO  impl.RoleInfo (RoleInfo.java:updateAndGet(143)) - 9dbd5372-55c2-4532-b354-9494d3d545d2: start FollowerState
2019-10-30 11:52:50,738 [Thread-2167] INFO  impl.FollowerState (FollowerState.java:run(108)) - f26e10ed-fb17-49e6-a903-eadc130d13d1@group-83984122B78E-FollowerState: change to CANDIDATE, lastRpcTime:164ms, electionTimeout:164ms
2019-10-30 11:52:50,738 [Thread-2167] INFO  impl.RoleInfo (RoleInfo.java:shutdownFollowerState(121)) - f26e10ed-fb17-49e6-a903-eadc130d13d1: shutdown FollowerState
2019-10-30 11:52:50,738 [Thread-2167] INFO  impl.RaftServerImpl (RaftServerImpl.java:setRole(184)) - f26e10ed-fb17-49e6-a903-eadc130d13d1@group-83984122B78E: changes role from  FOLLOWER to CANDIDATE at term 147 for changeToCandidate
2019-10-30 11:52:50,738 [Thread-2167] INFO  impl.RoleInfo (RoleInfo.java:updateAndGet(143)) - f26e10ed-fb17-49e6-a903-eadc130d13d1: start LeaderElection
2019-10-30 11:52:50,742 [f26e10ed-fb17-49e6-a903-eadc130d13d1@group-83984122B78E-LeaderElection272] INFO  impl.LeaderElection (LeaderElection.java:askForVotes(178)) - f26e10ed-fb17-49e6-a903-eadc130d13d1@group-83984122B78E-LeaderElection272: begin an election at term 148 for -1: [4f16e274-8663-4a15-9c4c-c81f650ab979:192.168.157.220:38181, 4cc44201-a597-43af-a4ec-5b1b407a6250:192.168.157.220:36685, f26e10ed-fb17-49e6-a903-eadc130d13d1:192.168.157.220:32806], old=null
2019-10-30 11:52:50,744 [grpc-default-executor-8] INFO  impl.RaftServerImpl (RaftServerImpl.java:setRole(184)) - 4f16e274-8663-4a15-9c4c-c81f650ab979@group-83984122B78E: changes role from  FOLLOWER to FOLLOWER at term 148 for recognizeCandidate:f26e10ed-fb17-49e6-a903-eadc130d13d1
2019-10-30 11:52:50,744 [grpc-default-executor-8] INFO  impl.RoleInfo (RoleInfo.java:shutdownFollowerState(121)) - 4f16e274-8663-4a15-9c4c-c81f650ab979: shutdown FollowerState
2019-10-30 11:52:50,744 [grpc-default-executor-8] INFO  impl.RoleInfo (RoleInfo.java:updateAndGet(143)) - 4f16e274-8663-4a15-9c4c-c81f650ab979: start FollowerState
2019-10-30 11:52:50,744 [Thread-2166] INFO  impl.FollowerState (FollowerState.java:run(117)) - 4f16e274-8663-4a15-9c4c-c81f650ab979@group-83984122B78E-FollowerState was interrupted: java.lang.InterruptedException: sleep interrupted
2019-10-30 11:52:50,744 [grpc-default-executor-7] INFO  impl.RaftServerImpl (RaftServerImpl.java:setRole(184)) - 4cc44201-a597-43af-a4ec-5b1b407a6250@group-83984122B78E: changes role from  FOLLOWER to FOLLOWER at term 148 for recognizeCandidate:f26e10ed-fb17-49e6-a903-eadc130d13d1
2019-10-30 11:52:50,744 [grpc-default-executor-7] INFO  impl.RoleInfo (RoleInfo.java:shutdownFollowerState(121)) - 4cc44201-a597-43af-a4ec-5b1b407a6250: shutdown FollowerState
2019-10-30 11:52:50,744 [Thread-2165] INFO  impl.FollowerState (FollowerState.java:run(117)) - 4cc44201-a597-43af-a4ec-5b1b407a6250@group-83984122B78E-FollowerState was interrupted: java.lang.InterruptedException: sleep interrupted
2019-10-30 11:52:50,744 [grpc-default-executor-7] INFO  impl.RoleInfo (RoleInfo.java:updateAndGet(143)) - 4cc44201-a597-43af-a4ec-5b1b407a6250: start FollowerState
2019-10-30 11:52:50,750 [f26e10ed-fb17-49e6-a903-eadc130d13d1@group-83984122B78E-LeaderElection272] INFO  impl.LeaderElection (LeaderElection.java:logAndReturn(56)) - f26e10ed-fb17-49e6-a903-eadc130d13d1@group-83984122B78E-LeaderElection272: Election REJECTED; received 2 response(s) [f26e10ed-fb17-49e6-a903-eadc130d13d1<-4f16e274-8663-4a15-9c4c-c81f650ab979#0:FAIL-t148, f26e10ed-fb17-49e6-a903-eadc130d13d1<-4cc44201-a597-43af-a4ec-5b1b407a6250#0:FAIL-t148] and 0 exception(s); f26e10ed-fb17-49e6-a903-eadc130d13d1@group-83984122B78E:t148, leader=null, voted=f26e10ed-fb17-49e6-a903-eadc130d13d1, raftlog=f26e10ed-fb17-49e6-a903-eadc130d13d1@group-83984122B78E-SegmentedRaftLog:OPENED:c-1,f-1,i0, conf=-1: [4f16e274-8663-4a15-9c4c-c81f650ab979:192.168.157.220:38181, 4cc44201-a597-43af-a4ec-5b1b407a6250:192.168.157.220:36685, f26e10ed-fb17-49e6-a903-eadc130d13d1:192.168.157.220:32806], old=null
2019-10-30 11:52:50,750 [f26e10ed-fb17-49e6-a903-eadc130d13d1@group-83984122B78E-LeaderElection272] INFO  impl.RaftServerImpl (RaftServerImpl.java:setRole(184)) - f26e10ed-fb17-49e6-a903-eadc130d13d1@group-83984122B78E: changes role from CANDIDATE to FOLLOWER at term 148 for DISCOVERED_A_NEW_TERM
2019-10-30 11:52:50,750 [f26e10ed-fb17-49e6-a903-eadc130d13d1@group-83984122B78E-LeaderElection272] INFO  impl.RoleInfo (RoleInfo.java:shutdownLeaderElection(134)) - f26e10ed-fb17-49e6-a903-eadc130d13d1: shutdown LeaderElection
2019-10-30 11:52:50,750 [f26e10ed-fb17-49e6-a903-eadc130d13d1@group-83984122B78E-LeaderElection272] INFO  impl.RoleInfo (RoleInfo.java:updateAndGet(143)) - f26e10ed-fb17-49e6-a903-eadc130d13d1: start FollowerState
2019-10-30 11:52:50,797 [Thread-2173] INFO  impl.FollowerState (FollowerState.java:run(108)) - 9dbd5372-55c2-4532-b354-9494d3d545d2@group-F367C8FA5986-FollowerState: change to CANDIDATE, lastRpcTime:158ms, electionTimeout:158ms
2019-10-30 11:52:50,797 [Thread-2173] INFO  impl.RoleInfo (RoleInfo.java:shutdownFollowerState(121)) - 9dbd5372-55c2-4532-b354-9494d3d545d2: shutdown FollowerState
2019-10-30 11:52:50,798 [Thread-2173] INFO  impl.RaftServerImpl (RaftServerImpl.java:setRole(184)) - 9dbd5372-55c2-4532-b354-9494d3d545d2@group-F367C8FA5986: changes role from  FOLLOWER to CANDIDATE at term 136 for changeToCandidate
2019-10-30 11:52:50,798 [Thread-2173] INFO  impl.RoleInfo (RoleInfo.java:updateAndGet(143)) - 9dbd5372-55c2-4532-b354-9494d3d545d2: start LeaderElection
2019-10-30 11:52:50,811 [9dbd5372-55c2-4532-b354-9494d3d545d2@group-F367C8FA5986-LeaderElection273] INFO  impl.LeaderElection (LeaderElection.java:askForVotes(178)) - 9dbd5372-55c2-4532-b354-9494d3d545d2@group-F367C8FA5986-LeaderElection273: begin an election at term 137 for -1: [9b3ef6c9-0245-4756-bf80-45d41f7a4453:192.168.157.220:37058, cd11b2f5-3187-4d03-bd60-931991550c17:192.168.157.220:43236, 9dbd5372-55c2-4532-b354-9494d3d545d2:192.168.157.220:42993], old=null
2019-10-30 11:52:50,813 [grpc-default-executor-7] INFO  impl.RaftServerImpl (RaftServerImpl.java:setRole(184)) - 9b3ef6c9-0245-4756-bf80-45d41f7a4453@group-F367C8FA5986: changes role from  FOLLOWER to FOLLOWER at term 137 for recognizeCandidate:9dbd5372-55c2-4532-b354-9494d3d545d2
2019-10-30 11:52:50,813 [grpc-default-executor-7] INFO  impl.RoleInfo (RoleInfo.java:shutdownFollowerState(121)) - 9b3ef6c9-0245-4756-bf80-45d41f7a4453: shutdown FollowerState
2019-10-30 11:52:50,813 [grpc-default-executor-7] INFO  impl.RoleInfo (RoleInfo.java:updateAndGet(143)) - 9b3ef6c9-0245-4756-bf80-45d41f7a4453: start FollowerState
2019-10-30 11:52:50,813 [Thread-2171] INFO  impl.FollowerState (FollowerState.java:run(117)) - 9b3ef6c9-0245-4756-bf80-45d41f7a4453@group-F367C8FA5986-FollowerState was interrupted: java.lang.InterruptedException: sleep interrupted
2019-10-30 11:52:50,813 [grpc-default-executor-8] INFO  impl.RaftServerImpl (RaftServerImpl.java:setRole(184)) - cd11b2f5-3187-4d03-bd60-931991550c17@group-F367C8FA5986: changes role from  FOLLOWER to FOLLOWER at term 137 for recognizeCandidate:9dbd5372-55c2-4532-b354-9494d3d545d2
2019-10-30 11:52:50,813 [grpc-default-executor-8] INFO  impl.RoleInfo (RoleInfo.java:shutdownFollowerState(121)) - cd11b2f5-3187-4d03-bd60-931991550c17: shutdown FollowerState
2019-10-30 11:52:50,814 [grpc-default-executor-8] INFO  impl.RoleInfo (RoleInfo.java:updateAndGet(143)) - cd11b2f5-3187-4d03-bd60-931991550c17: start FollowerState
2019-10-30 11:52:50,814 [Thread-2172] INFO  impl.FollowerState (FollowerState.java:run(117)) - cd11b2f5-3187-4d03-bd60-931991550c17@group-F367C8FA5986-FollowerState was interrupted: java.lang.InterruptedException: sleep interrupted
2019-10-30 11:52:50,818 [9dbd5372-55c2-4532-b354-9494d3d545d2@group-F367C8FA5986-LeaderElection273] INFO  impl.LeaderElection (LeaderElection.java:logAndReturn(56)) - 9dbd5372-55c2-4532-b354-9494d3d545d2@group-F367C8FA5986-LeaderElection273: Election REJECTED; received 2 response(s) [9dbd5372-55c2-4532-b354-9494d3d545d2<-9b3ef6c9-0245-4756-bf80-45d41f7a4453#0:FAIL-t137, 9dbd5372-55c2-4532-b354-9494d3d545d2<-cd11b2f5-3187-4d03-bd60-931991550c17#0:FAIL-t137] and 0 exception(s); 9dbd5372-55c2-4532-b354-9494d3d545d2@group-F367C8FA5986:t137, leader=null, voted=9dbd5372-55c2-4532-b354-9494d3d545d2, raftlog=9dbd5372-55c2-4532-b354-9494d3d545d2@group-F367C8FA5986-SegmentedRaftLog:OPENED:c-1,f-1,i0, conf=-1: [9b3ef6c9-0245-4756-bf80-45d41f7a4453:192.168.157.220:37058, cd11b2f5-3187-4d03-bd60-931991550c17:192.168.157.220:43236, 9dbd5372-55c2-4532-b354-9494d3d545d2:192.168.157.220:42993], old=null
2019-10-30 11:52:50,818 [9dbd5372-55c2-4532-b354-9494d3d545d2@group-F367C8FA5986-LeaderElection273] INFO  impl.RaftServerImpl (RaftServerImpl.java:setRole(184)) - 9dbd5372-55c2-4532-b354-9494d3d545d2@group-F367C8FA5986: changes role from CANDIDATE to FOLLOWER at term 137 for DISCOVERED_A_NEW_TERM
2019-10-30 11:52:50,818 [9dbd5372-55c2-4532-b354-9494d3d545d2@group-F367C8FA5986-LeaderElection273] INFO  impl.RoleInfo (RoleInfo.java:shutdownLeaderElection(134)) - 9dbd5372-55c2-4532-b354-9494d3d545d2: shutdown LeaderElection
2019-10-30 11:52:50,819 [9dbd5372-55c2-4532-b354-9494d3d545d2@group-F367C8FA5986-LeaderElection273] INFO  impl.RoleInfo (RoleInfo.java:updateAndGet(143)) - 9dbd5372-55c2-4532-b354-9494d3d545d2: start FollowerState
2019-10-30 11:52:50,864 [Thread-2185] INFO  impl.FollowerState (FollowerState.java:run(108)) - 9dbd5372-55c2-4532-b354-9494d3d545d2@group-F367C8FA5986-FollowerState: change to CANDIDATE, lastRpcTime:45ms, electionTimeout:45ms
2019-10-30 11:52:50,864 [Thread-2185] INFO  impl.RoleInfo (RoleInfo.java:shutdownFollowerState(121)) - 9dbd5372-55c2-4532-b354-9494d3d545d2: shutdown FollowerState
2019-10-30 11:52:50,864 [Thread-2185] INFO  impl.RaftServerImpl (RaftServerImpl.java:setRole(184)) - 9dbd5372-55c2-4532-b354-9494d3d545d2@group-F367C8FA5986: changes role from  FOLLOWER to CANDIDATE at term 137 for changeToCandidate
2019-10-30 11:52:50,864 [Thread-2185] INFO  impl.RoleInfo (RoleInfo.java:updateAndGet(143)) - 9dbd5372-55c2-4532-b354-9494d3d545d2: start LeaderElection
2019-10-30 11:52:50,874 [9dbd5372-55c2-4532-b354-9494d3d545d2@group-F367C8FA5986-LeaderElection274] INFO  impl.LeaderElection (LeaderElection.java:askForVotes(178)) - 9dbd5372-55c2-4532-b354-9494d3d545d2@group-F367C8FA5986-LeaderElection274: begin an election at term 138 for -1: [9b3ef6c9-0245-4756-bf80-45d41f7a4453:192.168.157.220:37058, cd11b2f5-3187-4d03-bd60-931991550c17:192.168.157.220:43236, 9dbd5372-55c2-4532-b354-9494d3d545d2:192.168.157.220:42993], old=null
2019-10-30 11:52:50,876 [grpc-default-executor-7] INFO  impl.RaftServerImpl (RaftServerImpl.java:setRole(184)) - cd11b2f5-3187-4d03-bd60-931991550c17@group-F367C8FA5986: changes role from  FOLLOWER to FOLLOWER at term 138 for recognizeCandidate:9dbd5372-55c2-4532-b354-9494d3d545d2
2019-10-30 11:52:50,876 [grpc-default-executor-7] INFO  impl.RoleInfo (RoleInfo.java:shutdownFollowerState(121)) - cd11b2f5-3187-4d03-bd60-931991550c17: shutdown FollowerState
2019-10-30 11:52:50,876 [grpc-default-executor-7] INFO  impl.RoleInfo (RoleInfo.java:updateAndGet(143)) - cd11b2f5-3187-4d03-bd60-931991550c17: start FollowerState
2019-10-30 11:52:50,876 [grpc-default-executor-8] INFO  impl.RaftServerImpl (RaftServerImpl.java:setRole(184)) - 9b3ef6c9-0245-4756-bf80-45d41f7a4453@group-F367C8FA5986: changes role from  FOLLOWER to FOLLOWER at term 138 for recognizeCandidate:9dbd5372-55c2-4532-b354-9494d3d545d2
2019-10-30 11:52:50,877 [grpc-default-executor-8] INFO  impl.RoleInfo (RoleInfo.java:shutdownFollowerState(121)) - 9b3ef6c9-0245-4756-bf80-45d41f7a4453: shutdown FollowerState
2019-10-30 11:52:50,877 [Thread-2184] INFO  impl.FollowerState (FollowerState.java:run(117)) - cd11b2f5-3187-4d03-bd60-931991550c17@group-F367C8FA5986-FollowerState was interrupted: java.lang.InterruptedException: sleep interrupted
2019-10-30 11:52:50,877 [Thread-2183] INFO  impl.FollowerState (FollowerState.java:run(117)) - 9b3ef6c9-0245-4756-bf80-45d41f7a4453@group-F367C8FA5986-FollowerState was interrupted: java.lang.InterruptedException: sleep interrupted
2019-10-30 11:52:50,877 [grpc-default-executor-8] INFO  impl.RoleInfo (RoleInfo.java:updateAndGet(143)) - 9b3ef6c9-0245-4756-bf80-45d41f7a4453: start FollowerState
2019-10-30 11:52:50,884 [9dbd5372-55c2-4532-b354-9494d3d545d2@group-F367C8FA5986-LeaderElection274] INFO  impl.LeaderElection (LeaderElection.java:logAndReturn(56)) - 9dbd5372-55c2-4532-b354-9494d3d545d2@group-F367C8FA5986-LeaderElection274: Election REJECTED; received 2 response(s) [9dbd5372-55c2-4532-b354-9494d3d545d2<-9b3ef6c9-0245-4756-bf80-45d41f7a4453#0:FAIL-t138, 9dbd5372-55c2-4532-b354-9494d3d545d2<-cd11b2f5-3187-4d03-bd60-931991550c17#0:FAIL-t138] and 0 exception(s); 9dbd5372-55c2-4532-b354-9494d3d545d2@group-F367C8FA5986:t138, leader=null, voted=9dbd5372-55c2-4532-b354-9494d3d545d2, raftlog=9dbd5372-55c2-4532-b354-9494d3d545d2@group-F367C8FA5986-SegmentedRaftLog:OPENED:c-1,f-1,i0, conf=-1: [9b3ef6c9-0245-4756-bf80-45d41f7a4453:192.168.157.220:37058, cd11b2f5-3187-4d03-bd60-931991550c17:192.168.157.220:43236, 9dbd5372-55c2-4532-b354-9494d3d545d2:192.168.157.220:42993], old=null
2019-10-30 11:52:50,884 [9dbd5372-55c2-4532-b354-9494d3d545d2@group-F367C8FA5986-LeaderElection274] INFO  impl.RaftServerImpl (RaftServerImpl.java:setRole(184)) - 9dbd5372-55c2-4532-b354-9494d3d545d2@group-F367C8FA5986: changes role from CANDIDATE to FOLLOWER at term 138 for DISCOVERED_A_NEW_TERM
2019-10-30 11:52:50,884 [9dbd5372-55c2-4532-b354-9494d3d545d2@group-F367C8FA5986-LeaderElection274] INFO  impl.RoleInfo (RoleInfo.java:shutdownLeaderElection(134)) - 9dbd5372-55c2-4532-b354-9494d3d545d2: shutdown LeaderElection
2019-10-30 11:52:50,884 [9dbd5372-55c2-4532-b354-9494d3d545d2@group-F367C8FA5986-LeaderElection274] INFO  impl.RoleInfo (RoleInfo.java:updateAndGet(143)) - 9dbd5372-55c2-4532-b354-9494d3d545d2: start FollowerState
2019-10-30 11:52:50,912 [Thread-2179] INFO  impl.FollowerState (FollowerState.java:run(108)) - f26e10ed-fb17-49e6-a903-eadc130d13d1@group-83984122B78E-FollowerState: change to CANDIDATE, lastRpcTime:161ms, electionTimeout:160ms
2019-10-30 11:52:50,912 [Thread-2179] INFO  impl.RoleInfo (RoleInfo.java:shutdownFollowerState(121)) - f26e10ed-fb17-49e6-a903-eadc130d13d1: shutdown FollowerState
2019-10-30 11:52:50,912 [Thread-2179] INFO  impl.RaftServerImpl (RaftServerImpl.java:setRole(184)) - f26e10ed-fb17-49e6-a903-eadc130d13d1@group-83984122B78E: changes role from  FOLLOWER to CANDIDATE at term 148 for changeToCandidate
2019-10-30 11:52:50,912 [Thread-2179] INFO  impl.RoleInfo (RoleInfo.java:updateAndGet(143)) - f26e10ed-fb17-49e6-a903-eadc130d13d1: start LeaderElection
2019-10-30 11:52:50,922 [f26e10ed-fb17-49e6-a903-eadc130d13d1@group-83984122B78E-LeaderElection275] INFO  impl.LeaderElection (LeaderElection.java:askForVotes(178)) - f26e10ed-fb17-49e6-a903-eadc130d13d1@group-83984122B78E-LeaderElection275: begin an election at term 149 for -1: [4f16e274-8663-4a15-9c4c-c81f650ab979:192.168.157.220:38181, 4cc44201-a597-43af-a4ec-5b1b407a6250:192.168.157.220:36685, f26e10ed-fb17-49e6-a903-eadc130d13d1:192.168.157.220:32806], old=null
2019-10-30 11:52:50,924 [grpc-default-executor-8] INFO  impl.RaftServerImpl (RaftServerImpl.java:setRole(184)) - 4f16e274-8663-4a15-9c4c-c81f650ab979@group-83984122B78E: changes role from  FOLLOWER to FOLLOWER at term 149 for recognizeCandidate:f26e10ed-fb17-49e6-a903-eadc130d13d1
2019-10-30 11:52:50,924 [grpc-default-executor-7] INFO  impl.RaftServerImpl (RaftServerImpl.java:setRole(184)) - 4cc44201-a597-43af-a4ec-5b1b407a6250@group-83984122B78E: changes role from  FOLLOWER to FOLLOWER at term 149 for recognizeCandidate:f26e10ed-fb17-49e6-a903-eadc130d13d1
2019-10-30 11:52:50,924 [grpc-default-executor-7] INFO  impl.RoleInfo (RoleInfo.java:shutdownFollowerState(121)) - 4cc44201-a597-43af-a4ec-5b1b407a6250: shutdown FollowerState
2019-10-30 11:52:50,924 [grpc-default-executor-8] INFO  impl.RoleInfo (RoleInfo.java:shutdownFollowerState(121)) - 4f16e274-8663-4a15-9c4c-c81f650ab979: shutdown FollowerState
2019-10-30 11:52:50,925 [Thread-2178] INFO  impl.FollowerState (FollowerState.java:run(117)) - 4cc44201-a597-43af-a4ec-5b1b407a6250@group-83984122B78E-FollowerState was interrupted: java.lang.InterruptedException: sleep interrupted
2019-10-30 11:52:50,925 [grpc-default-executor-7] INFO  impl.RoleInfo (RoleInfo.java:updateAndGet(143)) - 4cc44201-a597-43af-a4ec-5b1b407a6250: start FollowerState
2019-10-30 11:52:50,925 [Thread-2177] INFO  impl.FollowerState (FollowerState.java:run(117)) - 4f16e274-8663-4a15-9c4c-c81f650ab979@group-83984122B78E-FollowerState was interrupted: java.lang.InterruptedException: sleep interrupted
2019-10-30 11:52:50,925 [grpc-default-executor-8] INFO  impl.RoleInfo (RoleInfo.java:updateAndGet(143)) - 4f16e274-8663-4a15-9c4c-c81f650ab979: start FollowerState
2019-10-30 11:52:50,933 [Thread-2191] INFO  impl.FollowerState (FollowerState.java:run(108)) - 9dbd5372-55c2-4532-b354-9494d3d545d2@group-F367C8FA5986-FollowerState: change to CANDIDATE, lastRpcTime:48ms, electionTimeout:48ms
2019-10-30 11:52:50,933 [Thread-2191] INFO  impl.RoleInfo (RoleInfo.java:shutdownFollowerState(121)) - 9dbd5372-55c2-4532-b354-9494d3d545d2: shutdown FollowerState
2019-10-30 11:52:50,933 [Thread-2191] INFO  impl.RaftServerImpl (RaftServerImpl.java:setRole(184)) - 9dbd5372-55c2-4532-b354-9494d3d545d2@group-F367C8FA5986: changes role from  FOLLOWER to CANDIDATE at term 138 for changeToCandidate
2019-10-30 11:52:50,933 [Thread-2191] INFO  impl.RoleInfo (RoleInfo.java:updateAndGet(143)) - 9dbd5372-55c2-4532-b354-9494d3d545d2: start LeaderElection
2019-10-30 11:52:50,936 [9dbd5372-55c2-4532-b354-9494d3d545d2@group-F367C8FA5986-LeaderElection276] INFO  impl.LeaderElection (LeaderElection.java:askForVotes(178)) - 9dbd5372-55c2-4532-b354-9494d3d545d2@group-F367C8FA5986-LeaderElection276: begin an election at term 139 for -1: [9b3ef6c9-0245-4756-bf80-45d41f7a4453:192.168.157.220:37058, cd11b2f5-3187-4d03-bd60-931991550c17:192.168.157.220:43236, 9dbd5372-55c2-4532-b354-9494d3d545d2:192.168.157.220:42993], old=null
2019-10-30 11:52:50,938 [grpc-default-executor-8] INFO  impl.RaftServerImpl (RaftServerImpl.java:setRole(184)) - 9b3ef6c9-0245-4756-bf80-45d41f7a4453@group-F367C8FA5986: changes role from  FOLLOWER to FOLLOWER at term 139 for recognizeCandidate:9dbd5372-55c2-4532-b354-9494d3d545d2
2019-10-30 11:52:50,938 [grpc-default-executor-8] INFO  impl.RoleInfo (RoleInfo.java:shutdownFollowerState(121)) - 9b3ef6c9-0245-4756-bf80-45d41f7a4453: shutdown FollowerState
2019-10-30 11:52:50,938 [grpc-default-executor-8] INFO  impl.RoleInfo (RoleInfo.java:updateAndGet(143)) - 9b3ef6c9-0245-4756-bf80-45d41f7a4453: start FollowerState
2019-10-30 11:52:50,938 [Thread-2190] INFO  impl.FollowerState (FollowerState.java:run(117)) - 9b3ef6c9-0245-4756-bf80-45d41f7a4453@group-F367C8FA5986-FollowerState was interrupted: java.lang.InterruptedException: sleep interrupted
2019-10-30 11:52:50,939 [grpc-default-executor-7] INFO  impl.RaftServerImpl (RaftServerImpl.java:setRole(184)) - cd11b2f5-3187-4d03-bd60-931991550c17@group-F367C8FA5986: changes role from  FOLLOWER to FOLLOWER at term 139 for recognizeCandidate:9dbd5372-55c2-4532-b354-9494d3d545d2
2019-10-30 11:52:50,939 [grpc-default-executor-7] INFO  impl.RoleInfo (RoleInfo.java:shutdownFollowerState(121)) - cd11b2f5-3187-4d03-bd60-931991550c17: shutdown FollowerState
2019-10-30 11:52:50,939 [grpc-default-executor-7] INFO  impl.RoleInfo (RoleInfo.java:updateAndGet(143)) - cd11b2f5-3187-4d03-bd60-931991550c17: start FollowerState
2019-10-30 11:52:50,939 [Thread-2189] INFO  impl.FollowerState (FollowerState.java:run(117)) - cd11b2f5-3187-4d03-bd60-931991550c17@group-F367C8FA5986-FollowerState was interrupted: java.lang.InterruptedException: sleep interrupted
2019-10-30 11:52:50,941 [f26e10ed-fb17-49e6-a903-eadc130d13d1@group-83984122B78E-LeaderElection275] INFO  impl.LeaderElection (LeaderElection.java:logAndReturn(56)) - f26e10ed-fb17-49e6-a903-eadc130d13d1@group-83984122B78E-LeaderElection275: Election REJECTED; received 2 response(s) [f26e10ed-fb17-49e6-a903-eadc130d13d1<-4f16e274-8663-4a15-9c4c-c81f650ab979#0:FAIL-t149, f26e10ed-fb17-49e6-a903-eadc130d13d1<-4cc44201-a597-43af-a4ec-5b1b407a6250#0:FAIL-t149] and 0 exception(s); f26e10ed-fb17-49e6-a903-eadc130d13d1@group-83984122B78E:t149, leader=null, voted=f26e10ed-fb17-49e6-a903-eadc130d13d1, raftlog=f26e10ed-fb17-49e6-a903-eadc130d13d1@group-83984122B78E-SegmentedRaftLog:OPENED:c-1,f-1,i0, conf=-1: [4f16e274-8663-4a15-9c4c-c81f650ab979:192.168.157.220:38181, 4cc44201-a597-43af-a4ec-5b1b407a6250:192.168.157.220:36685, f26e10ed-fb17-49e6-a903-eadc130d13d1:192.168.157.220:32806], old=null
2019-10-30 11:52:50,941 [f26e10ed-fb17-49e6-a903-eadc130d13d1@group-83984122B78E-LeaderElection275] INFO  impl.RaftServerImpl (RaftServerImpl.java:setRole(184)) - f26e10ed-fb17-49e6-a903-eadc130d13d1@group-83984122B78E: changes role from CANDIDATE to FOLLOWER at term 149 for DISCOVERED_A_NEW_TERM
2019-10-30 11:52:50,941 [f26e10ed-fb17-49e6-a903-eadc130d13d1@group-83984122B78E-LeaderElection275] INFO  impl.RoleInfo (RoleInfo.java:shutdownLeaderElection(134)) - f26e10ed-fb17-49e6-a903-eadc130d13d1: shutdown LeaderElection
2019-10-30 11:52:50,941 [f26e10ed-fb17-49e6-a903-eadc130d13d1@group-83984122B78E-LeaderElection275] INFO  impl.RoleInfo (RoleInfo.java:updateAndGet(143)) - f26e10ed-fb17-49e6-a903-eadc130d13d1: start FollowerState
2019-10-30 11:52:50,943 [9dbd5372-55c2-4532-b354-9494d3d545d2@group-F367C8FA5986-LeaderElection276] INFO  impl.LeaderElection (LeaderElection.java:logAndReturn(56)) - 9dbd5372-55c2-4532-b354-9494d3d545d2@group-F367C8FA5986-LeaderElection276: Election REJECTED; received 2 response(s) [9dbd5372-55c2-4532-b354-9494d3d545d2<-9b3ef6c9-0245-4756-bf80-45d41f7a4453#0:FAIL-t139, 9dbd5372-55c2-4532-b354-9494d3d545d2<-cd11b2f5-3187-4d03-bd60-931991550c17#0:FAIL-t139] and 0 exception(s); 9dbd5372-55c2-4532-b354-9494d3d545d2@group-F367C8FA5986:t139, leader=null, voted=9dbd5372-55c2-4532-b354-9494d3d545d2, raftlog=9dbd5372-55c2-4532-b354-9494d3d545d2@group-F367C8FA5986-SegmentedRaftLog:OPENED:c-1,f-1,i0, conf=-1: [9b3ef6c9-0245-4756-bf80-45d41f7a4453:192.168.157.220:37058, cd11b2f5-3187-4d03-bd60-931991550c17:192.168.157.220:43236, 9dbd5372-55c2-4532-b354-9494d3d545d2:192.168.157.220:42993], old=null
2019-10-30 11:52:50,944 [9dbd5372-55c2-4532-b354-9494d3d545d2@group-F367C8FA5986-LeaderElection276] INFO  impl.RaftServerImpl (RaftServerImpl.java:setRole(184)) - 9dbd5372-55c2-4532-b354-9494d3d545d2@group-F367C8FA5986: changes role from CANDIDATE to FOLLOWER at term 139 for DISCOVERED_A_NEW_TERM
2019-10-30 11:52:50,944 [9dbd5372-55c2-4532-b354-9494d3d545d2@group-F367C8FA5986-LeaderElection276] INFO  impl.RoleInfo (RoleInfo.java:shutdownLeaderElection(134)) - 9dbd5372-55c2-4532-b354-9494d3d545d2: shutdown LeaderElection
2019-10-30 11:52:50,944 [9dbd5372-55c2-4532-b354-9494d3d545d2@group-F367C8FA5986-LeaderElection276] INFO  impl.RoleInfo (RoleInfo.java:updateAndGet(143)) - 9dbd5372-55c2-4532-b354-9494d3d545d2: start FollowerState
2019-10-30 11:52:51,007 [Thread-2203] INFO  impl.FollowerState (FollowerState.java:run(108)) - 9dbd5372-55c2-4532-b354-9494d3d545d2@group-F367C8FA5986-FollowerState: change to CANDIDATE, lastRpcTime:63ms, electionTimeout:63ms
2019-10-30 11:52:51,007 [Thread-2203] INFO  impl.RoleInfo (RoleInfo.java:shutdownFollowerState(121)) - 9dbd5372-55c2-4532-b354-9494d3d545d2: shutdown FollowerState
2019-10-30 11:52:51,008 [Thread-2203] INFO  impl.RaftServerImpl (RaftServerImpl.java:setRole(184)) - 9dbd5372-55c2-4532-b354-9494d3d545d2@group-F367C8FA5986: changes role from  FOLLOWER to CANDIDATE at term 139 for changeToCandidate
2019-10-30 11:52:51,008 [Thread-2203] INFO  impl.RoleInfo (RoleInfo.java:updateAndGet(143)) - 9dbd5372-55c2-4532-b354-9494d3d545d2: start LeaderElection
2019-10-30 11:52:51,019 [9dbd5372-55c2-4532-b354-9494d3d545d2@group-F367C8FA5986-LeaderElection277] INFO  impl.LeaderElection (LeaderElection.java:askForVotes(178)) - 9dbd5372-55c2-4532-b354-9494d3d545d2@group-F367C8FA5986-LeaderElection277: begin an election at term 140 for -1: [9b3ef6c9-0245-4756-bf80-45d41f7a4453:192.168.157.220:37058, cd11b2f5-3187-4d03-bd60-931991550c17:192.168.157.220:43236, 9dbd5372-55c2-4532-b354-9494d3d545d2:192.168.157.220:42993], old=null
2019-10-30 11:52:51,022 [grpc-default-executor-7] INFO  impl.RaftServerImpl (RaftServerImpl.java:setRole(184)) - cd11b2f5-3187-4d03-bd60-931991550c17@group-F367C8FA5986: changes role from  FOLLOWER to FOLLOWER at term 140 for recognizeCandidate:9dbd5372-55c2-4532-b354-9494d3d545d2
2019-10-30 11:52:51,022 [grpc-default-executor-8] INFO  impl.RaftServerImpl (RaftServerImpl.java:setRole(184)) - 9b3ef6c9-0245-4756-bf80-45d41f7a4453@group-F367C8FA5986: changes role from  FOLLOWER to FOLLOWER at term 140 for recognizeCandidate:9dbd5372-55c2-4532-b354-9494d3d545d2
2019-10-30 11:52:51,022 [grpc-default-executor-8] INFO  impl.RoleInfo (RoleInfo.java:shutdownFollowerState(121)) - 9b3ef6c9-0245-4756-bf80-45d41f7a4453: shutdown FollowerState
2019-10-30 11:52:51,022 [grpc-default-executor-7] INFO  impl.RoleInfo (RoleInfo.java:shutdownFollowerState(121)) - cd11b2f5-3187-4d03-bd60-931991550c17: shutdown FollowerState
2019-10-30 11:52:51,022 [Thread-2200] INFO  impl.FollowerState (FollowerState.java:run(117)) - 9b3ef6c9-0245-4756-bf80-45d41f7a4453@group-F367C8FA5986-FollowerState was interrupted: java.lang.InterruptedException: sleep interrupted
2019-10-30 11:52:51,022 [grpc-default-executor-8] INFO  impl.RoleInfo (RoleInfo.java:updateAndGet(143)) - 9b3ef6c9-0245-4756-bf80-45d41f7a4453: start FollowerState
2019-10-30 11:52:51,022 [Thread-2201] INFO  impl.FollowerState (FollowerState.java:run(117)) - cd11b2f5-3187-4d03-bd60-931991550c17@group-F367C8FA5986-FollowerState was interrupted: java.lang.InterruptedException: sleep interrupted
2019-10-30 11:52:51,022 [grpc-default-executor-7] INFO  impl.RoleInfo (RoleInfo.java:updateAndGet(143)) - cd11b2f5-3187-4d03-bd60-931991550c17: start FollowerState
2019-10-30 11:52:51,035 [9dbd5372-55c2-4532-b354-9494d3d545d2@group-F367C8FA5986-LeaderElection277] INFO  impl.LeaderElection (LeaderElection.java:logAndReturn(56)) - 9dbd5372-55c2-4532-b354-9494d3d545d2@group-F367C8FA5986-LeaderElection277: Election REJECTED; received 2 response(s) [9dbd5372-55c2-4532-b354-9494d3d545d2<-9b3ef6c9-0245-4756-bf80-45d41f7a4453#0:FAIL-t140, 9dbd5372-55c2-4532-b354-9494d3d545d2<-cd11b2f5-3187-4d03-bd60-931991550c17#0:FAIL-t140] and 0 exception(s); 9dbd5372-55c2-4532-b354-9494d3d545d2@group-F367C8FA5986:t140, leader=null, voted=9dbd5372-55c2-4532-b354-9494d3d545d2, raftlog=9dbd5372-55c2-4532-b354-9494d3d545d2@group-F367C8FA5986-SegmentedRaftLog:OPENED:c-1,f-1,i0, conf=-1: [9b3ef6c9-0245-4756-bf80-45d41f7a4453:192.168.157.220:37058, cd11b2f5-3187-4d03-bd60-931991550c17:192.168.157.220:43236, 9dbd5372-55c2-4532-b354-9494d3d545d2:192.168.157.220:42993], old=null
2019-10-30 11:52:51,036 [9dbd5372-55c2-4532-b354-9494d3d545d2@group-F367C8FA5986-LeaderElection277] INFO  impl.RaftServerImpl (RaftServerImpl.java:setRole(184)) - 9dbd5372-55c2-4532-b354-9494d3d545d2@group-F367C8FA5986: changes role from CANDIDATE to FOLLOWER at term 140 for DISCOVERED_A_NEW_TERM
2019-10-30 11:52:51,036 [9dbd5372-55c2-4532-b354-9494d3d545d2@group-F367C8FA5986-LeaderElection277] INFO  impl.RoleInfo (RoleInfo.java:shutdownLeaderElection(134)) - 9dbd5372-55c2-4532-b354-9494d3d545d2: shutdown LeaderElection
2019-10-30 11:52:51,036 [9dbd5372-55c2-4532-b354-9494d3d545d2@group-F367C8FA5986-LeaderElection277] INFO  impl.RoleInfo (RoleInfo.java:updateAndGet(143)) - 9dbd5372-55c2-4532-b354-9494d3d545d2: start FollowerState
2019-10-30 11:52:51,054 [Thread-2202] INFO  impl.FollowerState (FollowerState.java:run(108)) - f26e10ed-fb17-49e6-a903-eadc130d13d1@group-83984122B78E-FollowerState: change to CANDIDATE, lastRpcTime:112ms, electionTimeout:112ms
2019-10-30 11:52:51,054 [Thread-2202] INFO  impl.RoleInfo (RoleInfo.java:shutdownFollowerState(121)) - f26e10ed-fb17-49e6-a903-eadc130d13d1: shutdown FollowerState
2019-10-30 11:52:51,054 [Thread-2202] INFO  impl.RaftServerImpl (RaftServerImpl.java:setRole(184)) - f26e10ed-fb17-49e6-a903-eadc130d13d1@group-83984122B78E: changes role from  FOLLOWER to CANDIDATE at term 149 for changeToCandidate
2019-10-30 11:52:51,054 [Thread-2202] INFO  impl.RoleInfo (RoleInfo.java:updateAndGet(143)) - f26e10ed-fb17-49e6-a903-eadc130d13d1: start LeaderElection
2019-10-30 11:52:51,079 [f26e10ed-fb17-49e6-a903-eadc130d13d1@group-83984122B78E-LeaderElection278] INFO  impl.LeaderElection (LeaderElection.java:askForVotes(178)) - f26e10ed-fb17-49e6-a903-eadc130d13d1@group-83984122B78E-LeaderElection278: begin an election at term 150 for -1: [4f16e274-8663-4a15-9c4c-c81f650ab979:192.168.157.220:38181, 4cc44201-a597-43af-a4ec-5b1b407a6250:192.168.157.220:36685, f26e10ed-fb17-49e6-a903-eadc130d13d1:192.168.157.220:32806], old=null
2019-10-30 11:52:51,082 [grpc-default-executor-8] INFO  impl.RaftServerImpl (RaftServerImpl.java:setRole(184)) - 4cc44201-a597-43af-a4ec-5b1b407a6250@group-83984122B78E: changes role from  FOLLOWER to FOLLOWER at term 150 for recognizeCandidate:f26e10ed-fb17-49e6-a903-eadc130d13d1
2019-10-30 11:52:51,082 [grpc-default-executor-7] INFO  impl.RaftServerImpl (RaftServerImpl.java:setRole(184)) - 4f16e274-8663-4a15-9c4c-c81f650ab979@group-83984122B78E: changes role from  FOLLOWER to FOLLOWER at term 150 for recognizeCandidate:f26e10ed-fb17-49e6-a903-eadc130d13d1
2019-10-30 11:52:51,082 [grpc-default-executor-7] INFO  impl.RoleInfo (RoleInfo.java:shutdownFollowerState(121)) - 4f16e274-8663-4a15-9c4c-c81f650ab979: shutdown FollowerState
2019-10-30 11:52:51,082 [grpc-default-executor-7] INFO  impl.RoleInfo (RoleInfo.java:updateAndGet(143)) - 4f16e274-8663-4a15-9c4c-c81f650ab979: start FollowerState
2019-10-30 11:52:51,082 [grpc-default-executor-8] INFO  impl.RoleInfo (RoleInfo.java:shutdownFollowerState(121)) - 4cc44201-a597-43af-a4ec-5b1b407a6250: shutdown FollowerState
2019-10-30 11:52:51,082 [Thread-2196] INFO  impl.FollowerState (FollowerState.java:run(117)) - 4f16e274-8663-4a15-9c4c-c81f650ab979@group-83984122B78E-FollowerState was interrupted: java.lang.InterruptedException: sleep interrupted
2019-10-30 11:52:51,084 [grpc-default-executor-8] INFO  impl.RoleInfo (RoleInfo.java:updateAndGet(143)) - 4cc44201-a597-43af-a4ec-5b1b407a6250: start FollowerState
2019-10-30 11:52:51,084 [Thread-2195] INFO  impl.FollowerState (FollowerState.java:run(117)) - 4cc44201-a597-43af-a4ec-5b1b407a6250@group-83984122B78E-FollowerState was interrupted: java.lang.InterruptedException: sleep interrupted
2019-10-30 11:52:51,091 [f26e10ed-fb17-49e6-a903-eadc130d13d1@group-83984122B78E-LeaderElection278] INFO  impl.LeaderElection (LeaderElection.java:logAndReturn(56)) - f26e10ed-fb17-49e6-a903-eadc130d13d1@group-83984122B78E-LeaderElection278: Election REJECTED; received 2 response(s) [f26e10ed-fb17-49e6-a903-eadc130d13d1<-4f16e274-8663-4a15-9c4c-c81f650ab979#0:FAIL-t150, f26e10ed-fb17-49e6-a903-eadc130d13d1<-4cc44201-a597-43af-a4ec-5b1b407a6250#0:FAIL-t150] and 0 exception(s); f26e10ed-fb17-49e6-a903-eadc130d13d1@group-83984122B78E:t150, leader=null, voted=f26e10ed-fb17-49e6-a903-eadc130d13d1, raftlog=f26e10ed-fb17-49e6-a903-eadc130d13d1@group-83984122B78E-SegmentedRaftLog:OPENED:c-1,f-1,i0, conf=-1: [4f16e274-8663-4a15-9c4c-c81f650ab979:192.168.157.220:38181, 4cc44201-a597-43af-a4ec-5b1b407a6250:192.168.157.220:36685, f26e10ed-fb17-49e6-a903-eadc130d13d1:192.168.157.220:32806], old=null
2019-10-30 11:52:51,092 [f26e10ed-fb17-49e6-a903-eadc130d13d1@group-83984122B78E-LeaderElection278] INFO  impl.RaftServerImpl (RaftServerImpl.java:setRole(184)) - f26e10ed-fb17-49e6-a903-eadc130d13d1@group-83984122B78E: changes role from CANDIDATE to FOLLOWER at term 150 for DISCOVERED_A_NEW_TERM
2019-10-30 11:52:51,092 [f26e10ed-fb17-49e6-a903-eadc130d13d1@group-83984122B78E-LeaderElection278] INFO  impl.RoleInfo (RoleInfo.java:shutdownLeaderElection(134)) - f26e10ed-fb17-49e6-a903-eadc130d13d1: shutdown LeaderElection
2019-10-30 11:52:51,092 [f26e10ed-fb17-49e6-a903-eadc130d13d1@group-83984122B78E-LeaderElection278] INFO  impl.RoleInfo (RoleInfo.java:updateAndGet(143)) - f26e10ed-fb17-49e6-a903-eadc130d13d1: start FollowerState
2019-10-30 11:52:51,198 [Thread-2209] INFO  impl.FollowerState (FollowerState.java:run(108)) - 9dbd5372-55c2-4532-b354-9494d3d545d2@group-F367C8FA5986-FollowerState: change to CANDIDATE, lastRpcTime:162ms, electionTimeout:162ms
2019-10-30 11:52:51,198 [Thread-2209] INFO  impl.RoleInfo (RoleInfo.java:shutdownFollowerState(121)) - 9dbd5372-55c2-4532-b354-9494d3d545d2: shutdown FollowerState
2019-10-30 11:52:51,199 [Thread-2209] INFO  impl.RaftServerImpl (RaftServerImpl.java:setRole(184)) - 9dbd5372-55c2-4532-b354-9494d3d545d2@group-F367C8FA5986: changes role from  FOLLOWER to CANDIDATE at term 140 for changeToCandidate
2019-10-30 11:52:51,199 [Thread-2209] INFO  impl.RoleInfo (RoleInfo.java:updateAndGet(143)) - 9dbd5372-55c2-4532-b354-9494d3d545d2: start LeaderElection
2019-10-30 11:52:51,208 [9dbd5372-55c2-4532-b354-9494d3d545d2@group-F367C8FA5986-LeaderElection279] INFO  impl.LeaderElection (LeaderElection.java:askForVotes(178)) - 9dbd5372-55c2-4532-b354-9494d3d545d2@group-F367C8FA5986-LeaderElection279: begin an election at term 141 for -1: [9b3ef6c9-0245-4756-bf80-45d41f7a4453:192.168.157.220:37058, cd11b2f5-3187-4d03-bd60-931991550c17:192.168.157.220:43236, 9dbd5372-55c2-4532-b354-9494d3d545d2:192.168.157.220:42993], old=null
2019-10-30 11:52:51,210 [grpc-default-executor-7] INFO  impl.RaftServerImpl (RaftServerImpl.java:setRole(184)) - 9b3ef6c9-0245-4756-bf80-45d41f7a4453@group-F367C8FA5986: changes role from  FOLLOWER to FOLLOWER at term 141 for recognizeCandidate:9dbd5372-55c2-4532-b354-9494d3d545d2
2019-10-30 11:52:51,210 [grpc-default-executor-7] INFO  impl.RoleInfo (RoleInfo.java:shutdownFollowerState(121)) - 9b3ef6c9-0245-4756-bf80-45d41f7a4453: shutdown FollowerState
2019-10-30 11:52:51,211 [grpc-default-executor-7] INFO  impl.RoleInfo (RoleInfo.java:updateAndGet(143)) - 9b3ef6c9-0245-4756-bf80-45d41f7a4453: start FollowerState
2019-10-30 11:52:51,211 [Thread-2207] INFO  impl.FollowerState (FollowerState.java:run(117)) - 9b3ef6c9-0245-4756-bf80-45d41f7a4453@group-F367C8FA5986-FollowerState was interrupted: java.lang.InterruptedException: sleep interrupted
2019-10-30 11:52:51,214 [grpc-default-executor-8] INFO  impl.RaftServerImpl (RaftServerImpl.java:setRole(184)) - cd11b2f5-3187-4d03-bd60-931991550c17@group-F367C8FA5986: changes role from  FOLLOWER to FOLLOWER at term 141 for recognizeCandidate:9dbd5372-55c2-4532-b354-9494d3d545d2
2019-10-30 11:52:51,214 [grpc-default-executor-8] INFO  impl.RoleInfo (RoleInfo.java:shutdownFollowerState(121)) - cd11b2f5-3187-4d03-bd60-931991550c17: shutdown FollowerState
2019-10-30 11:52:51,214 [grpc-default-executor-8] INFO  impl.RoleInfo (RoleInfo.java:updateAndGet(143)) - cd11b2f5-3187-4d03-bd60-931991550c17: start FollowerState
2019-10-30 11:52:51,214 [Thread-2208] INFO  impl.FollowerState (FollowerState.java:run(117)) - cd11b2f5-3187-4d03-bd60-931991550c17@group-F367C8FA5986-FollowerState was interrupted: java.lang.InterruptedException: sleep interrupted
2019-10-30 11:52:51,239 [Thread-2217] INFO  impl.FollowerState (FollowerState.java:run(108)) - f26e10ed-fb17-49e6-a903-eadc130d13d1@group-83984122B78E-FollowerState: change to CANDIDATE, lastRpcTime:147ms, electionTimeout:147ms
2019-10-30 11:52:51,239 [Thread-2217] INFO  impl.RoleInfo (RoleInfo.java:shutdownFollowerState(121)) - f26e10ed-fb17-49e6-a903-eadc130d13d1: shutdown FollowerState
2019-10-30 11:52:51,240 [Thread-2217] INFO  impl.RaftServerImpl (RaftServerImpl.java:setRole(184)) - f26e10ed-fb17-49e6-a903-eadc130d13d1@group-83984122B78E: changes role from  FOLLOWER to CANDIDATE at term 150 for changeToCandidate
2019-10-30 11:52:51,240 [Thread-2217] INFO  impl.RoleInfo (RoleInfo.java:updateAndGet(143)) - f26e10ed-fb17-49e6-a903-eadc130d13d1: start LeaderElection
2019-10-30 11:52:51,247 [f26e10ed-fb17-49e6-a903-eadc130d13d1@group-83984122B78E-LeaderElection280] INFO  impl.LeaderElection (LeaderElection.java:askForVotes(178)) - f26e10ed-fb17-49e6-a903-eadc130d13d1@group-83984122B78E-LeaderElection280: begin an election at term 151 for -1: [4f16e274-8663-4a15-9c4c-c81f650ab979:192.168.157.220:38181, 4cc44201-a597-43af-a4ec-5b1b407a6250:192.168.157.220:36685, f26e10ed-fb17-49e6-a903-eadc130d13d1:192.168.157.220:32806], old=null
2019-10-30 11:52:51,248 [grpc-default-executor-8] INFO  impl.RaftServerImpl (RaftServerImpl.java:setRole(184)) - 4cc44201-a597-43af-a4ec-5b1b407a6250@group-83984122B78E: changes role from  FOLLOWER to FOLLOWER at term 151 for recognizeCandidate:f26e10ed-fb17-49e6-a903-eadc130d13d1
2019-10-30 11:52:51,249 [grpc-default-executor-8] INFO  impl.RoleInfo (RoleInfo.java:shutdownFollowerState(121)) - 4cc44201-a597-43af-a4ec-5b1b407a6250: shutdown FollowerState
2019-10-30 11:52:51,249 [grpc-default-executor-8] INFO  impl.RoleInfo (RoleInfo.java:updateAndGet(143)) - 4cc44201-a597-43af-a4ec-5b1b407a6250: start FollowerState
2019-10-30 11:52:51,249 [Thread-2216] INFO  impl.FollowerState (FollowerState.java:run(117)) - 4cc44201-a597-43af-a4ec-5b1b407a6250@group-83984122B78E-FollowerState was interrupted: java.lang.InterruptedException: sleep interrupted
2019-10-30 11:52:51,249 [grpc-default-executor-1] INFO  impl.RaftServerImpl (RaftServerImpl.java:setRole(184)) - 4f16e274-8663-4a15-9c4c-c81f650ab979@group-83984122B78E: changes role from  FOLLOWER to FOLLOWER at term 151 for recognizeCandidate:f26e10ed-fb17-49e6-a903-eadc130d13d1
2019-10-30 11:52:51,249 [grpc-default-executor-1] INFO  impl.RoleInfo (RoleInfo.java:shutdownFollowerState(121)) - 4f16e274-8663-4a15-9c4c-c81f650ab979: shutdown FollowerState
2019-10-30 11:52:51,249 [Thread-2215] INFO  impl.FollowerState (FollowerState.java:run(117)) - 4f16e274-8663-4a15-9c4c-c81f650ab979@group-83984122B78E-FollowerState was interrupted: java.lang.InterruptedException: sleep interrupted
2019-10-30 11:52:51,250 [9dbd5372-55c2-4532-b354-9494d3d545d2@group-F367C8FA5986-LeaderElection279] INFO  impl.LeaderElection (LeaderElection.java:logAndReturn(56)) - 9dbd5372-55c2-4532-b354-9494d3d545d2@group-F367C8FA5986-LeaderElection279: Election REJECTED; received 2 response(s) [9dbd5372-55c2-4532-b354-9494d3d545d2<-9b3ef6c9-0245-4756-bf80-45d41f7a4453#0:FAIL-t141, 9dbd5372-55c2-4532-b354-9494d3d545d2<-cd11b2f5-3187-4d03-bd60-931991550c17#0:FAIL-t141] and 0 exception(s); 9dbd5372-55c2-4532-b354-9494d3d545d2@group-F367C8FA5986:t141, leader=null, voted=9dbd5372-55c2-4532-b354-9494d3d545d2, raftlog=9dbd5372-55c2-4532-b354-9494d3d545d2@group-F367C8FA5986-SegmentedRaftLog:OPENED:c-1,f-1,i0, conf=-1: [9b3ef6c9-0245-4756-bf80-45d41f7a4453:192.168.157.220:37058, cd11b2f5-3187-4d03-bd60-931991550c17:192.168.157.220:43236, 9dbd5372-55c2-4532-b354-9494d3d545d2:192.168.157.220:42993], old=null
2019-10-30 11:52:51,250 [9dbd5372-55c2-4532-b354-9494d3d545d2@group-F367C8FA5986-LeaderElection279] INFO  impl.RaftServerImpl (RaftServerImpl.java:setRole(184)) - 9dbd5372-55c2-4532-b354-9494d3d545d2@group-F367C8FA5986: changes role from CANDIDATE to FOLLOWER at term 141 for DISCOVERED_A_NEW_TERM
2019-10-30 11:52:51,250 [9dbd5372-55c2-4532-b354-9494d3d545d2@group-F367C8FA5986-LeaderElection279] INFO  impl.RoleInfo (RoleInfo.java:shutdownLeaderElection(134)) - 9dbd5372-55c2-4532-b354-9494d3d545d2: shutdown LeaderElection
2019-10-30 11:52:51,250 [9dbd5372-55c2-4532-b354-9494d3d545d2@group-F367C8FA5986-LeaderElection279] INFO  impl.RoleInfo (RoleInfo.java:updateAndGet(143)) - 9dbd5372-55c2-4532-b354-9494d3d545d2: start FollowerState
2019-10-30 11:52:51,249 [grpc-default-executor-1] INFO  impl.RoleInfo (RoleInfo.java:updateAndGet(143)) - 4f16e274-8663-4a15-9c4c-c81f650ab979: start FollowerState
2019-10-30 11:52:51,282 [f26e10ed-fb17-49e6-a903-eadc130d13d1@group-83984122B78E-LeaderElection280] INFO  impl.LeaderElection (LeaderElection.java:logAndReturn(56)) - f26e10ed-fb17-49e6-a903-eadc130d13d1@group-83984122B78E-LeaderElection280: Election REJECTED; received 2 response(s) [f26e10ed-fb17-49e6-a903-eadc130d13d1<-4f16e274-8663-4a15-9c4c-c81f650ab979#0:FAIL-t151, f26e10ed-fb17-49e6-a903-eadc130d13d1<-4cc44201-a597-43af-a4ec-5b1b407a6250#0:FAIL-t151] and 0 exception(s); f26e10ed-fb17-49e6-a903-eadc130d13d1@group-83984122B78E:t151, leader=null, voted=f26e10ed-fb17-49e6-a903-eadc130d13d1, raftlog=f26e10ed-fb17-49e6-a903-eadc130d13d1@group-83984122B78E-SegmentedRaftLog:OPENED:c-1,f-1,i0, conf=-1: [4f16e274-8663-4a15-9c4c-c81f650ab979:192.168.157.220:38181, 4cc44201-a597-43af-a4ec-5b1b407a6250:192.168.157.220:36685, f26e10ed-fb17-49e6-a903-eadc130d13d1:192.168.157.220:32806], old=null
2019-10-30 11:52:51,282 [f26e10ed-fb17-49e6-a903-eadc130d13d1@group-83984122B78E-LeaderElection280] INFO  impl.RaftServerImpl (RaftServerImpl.java:setRole(184)) - f26e10ed-fb17-49e6-a903-eadc130d13d1@group-83984122B78E: changes role from CANDIDATE to FOLLOWER at term 151 for DISCOVERED_A_NEW_TERM
2019-10-30 11:52:51,282 [f26e10ed-fb17-49e6-a903-eadc130d13d1@group-83984122B78E-LeaderElection280] INFO  impl.RoleInfo (RoleInfo.java:shutdownLeaderElection(134)) - f26e10ed-fb17-49e6-a903-eadc130d13d1: shutdown LeaderElection
2019-10-30 11:52:51,282 [f26e10ed-fb17-49e6-a903-eadc130d13d1@group-83984122B78E-LeaderElection280] INFO  impl.RoleInfo (RoleInfo.java:updateAndGet(143)) - f26e10ed-fb17-49e6-a903-eadc130d13d1: start FollowerState
2019-10-30 11:52:51,331 [Thread-2229] INFO  impl.FollowerState (FollowerState.java:run(108)) - f26e10ed-fb17-49e6-a903-eadc130d13d1@group-83984122B78E-FollowerState: change to CANDIDATE, lastRpcTime:49ms, electionTimeout:49ms
2019-10-30 11:52:51,332 [Thread-2229] INFO  impl.RoleInfo (RoleInfo.java:shutdownFollowerState(121)) - f26e10ed-fb17-49e6-a903-eadc130d13d1: shutdown FollowerState
2019-10-30 11:52:51,332 [Thread-2229] INFO  impl.RaftServerImpl (RaftServerImpl.java:setRole(184)) - f26e10ed-fb17-49e6-a903-eadc130d13d1@group-83984122B78E: changes role from  FOLLOWER to CANDIDATE at term 151 for changeToCandidate
2019-10-30 11:52:51,332 [Thread-2229] INFO  impl.RoleInfo (RoleInfo.java:updateAndGet(143)) - f26e10ed-fb17-49e6-a903-eadc130d13d1: start LeaderElection
2019-10-30 11:52:51,336 [f26e10ed-fb17-49e6-a903-eadc130d13d1@group-83984122B78E-LeaderElection281] INFO  impl.LeaderElection (LeaderElection.java:askForVotes(178)) - f26e10ed-fb17-49e6-a903-eadc130d13d1@group-83984122B78E-LeaderElection281: begin an election at term 152 for -1: [4f16e274-8663-4a15-9c4c-c81f650ab979:192.168.157.220:38181, 4cc44201-a597-43af-a4ec-5b1b407a6250:192.168.157.220:36685, f26e10ed-fb17-49e6-a903-eadc130d13d1:192.168.157.220:32806], old=null
2019-10-30 11:52:51,352 [grpc-default-executor-1] INFO  impl.RaftServerImpl (RaftServerImpl.java:setRole(184)) - 4f16e274-8663-4a15-9c4c-c81f650ab979@group-83984122B78E: changes role from  FOLLOWER to FOLLOWER at term 152 for recognizeCandidate:f26e10ed-fb17-49e6-a903-eadc130d13d1
2019-10-30 11:52:51,352 [grpc-default-executor-8] INFO  impl.RaftServerImpl (RaftServerImpl.java:setRole(184)) - 4cc44201-a597-43af-a4ec-5b1b407a6250@group-83984122B78E: changes role from  FOLLOWER to FOLLOWER at term 152 for recognizeCandidate:f26e10ed-fb17-49e6-a903-eadc130d13d1
2019-10-30 11:52:51,352 [grpc-default-executor-1] INFO  impl.RoleInfo (RoleInfo.java:shutdownFollowerState(121)) - 4f16e274-8663-4a15-9c4c-c81f650ab979: shutdown FollowerState
2019-10-30 11:52:51,353 [grpc-default-executor-8] INFO  impl.RoleInfo (RoleInfo.java:shutdownFollowerState(121)) - 4cc44201-a597-43af-a4ec-5b1b407a6250: shutdown FollowerState
2019-10-30 11:52:51,353 [grpc-default-executor-1] INFO  impl.RoleInfo (RoleInfo.java:updateAndGet(143)) - 4f16e274-8663-4a15-9c4c-c81f650ab979: start FollowerState
2019-10-30 11:52:51,353 [Thread-2227] INFO  impl.FollowerState (FollowerState.java:run(117)) - 4f16e274-8663-4a15-9c4c-c81f650ab979@group-83984122B78E-FollowerState was interrupted: java.lang.InterruptedException: sleep interrupted
2019-10-30 11:52:51,353 [grpc-default-executor-8] INFO  impl.RoleInfo (RoleInfo.java:updateAndGet(143)) - 4cc44201-a597-43af-a4ec-5b1b407a6250: start FollowerState
2019-10-30 11:52:51,353 [Thread-2226] INFO  impl.FollowerState (FollowerState.java:run(117)) - 4cc44201-a597-43af-a4ec-5b1b407a6250@group-83984122B78E-FollowerState was interrupted: java.lang.InterruptedException: sleep interrupted
2019-10-30 11:52:51,355 [Thread-2228] INFO  impl.FollowerState (FollowerState.java:run(108)) - 9dbd5372-55c2-4532-b354-9494d3d545d2@group-F367C8FA5986-FollowerState: change to CANDIDATE, lastRpcTime:104ms, electionTimeout:103ms
2019-10-30 11:52:51,355 [Thread-2228] INFO  impl.RoleInfo (RoleInfo.java:shutdownFollowerState(121)) - 9dbd5372-55c2-4532-b354-9494d3d545d2: shutdown FollowerState
2019-10-30 11:52:51,355 [Thread-2228] INFO  impl.RaftServerImpl (RaftServerImpl.java:setRole(184)) - 9dbd5372-55c2-4532-b354-9494d3d545d2@group-F367C8FA5986: changes role from  FOLLOWER to CANDIDATE at term 141 for changeToCandidate
2019-10-30 11:52:51,355 [Thread-2228] INFO  impl.RoleInfo (RoleInfo.java:updateAndGet(143)) - 9dbd5372-55c2-4532-b354-9494d3d545d2: start LeaderElection
2019-10-30 11:52:51,355 [f26e10ed-fb17-49e6-a903-eadc130d13d1@group-83984122B78E-LeaderElection281] INFO  impl.LeaderElection (LeaderElection.java:logAndReturn(56)) - f26e10ed-fb17-49e6-a903-eadc130d13d1@group-83984122B78E-LeaderElection281: Election TIMEOUT; received 0 response(s) [] and 0 exception(s); f26e10ed-fb17-49e6-a903-eadc130d13d1@group-83984122B78E:t152, leader=null, voted=f26e10ed-fb17-49e6-a903-eadc130d13d1, raftlog=f26e10ed-fb17-49e6-a903-eadc130d13d1@group-83984122B78E-SegmentedRaftLog:OPENED:c-1,f-1,i0, conf=-1: [4f16e274-8663-4a15-9c4c-c81f650ab979:192.168.157.220:38181, 4cc44201-a597-43af-a4ec-5b1b407a6250:192.168.157.220:36685, f26e10ed-fb17-49e6-a903-eadc130d13d1:192.168.157.220:32806], old=null
2019-10-30 11:52:51,366 [f26e10ed-fb17-49e6-a903-eadc130d13d1@group-83984122B78E-LeaderElection281] INFO  impl.LeaderElection (LeaderElection.java:askForVotes(178)) - f26e10ed-fb17-49e6-a903-eadc130d13d1@group-83984122B78E-LeaderElection281: begin an election at term 153 for -1: [4f16e274-8663-4a15-9c4c-c81f650ab979:192.168.157.220:38181, 4cc44201-a597-43af-a4ec-5b1b407a6250:192.168.157.220:36685, f26e10ed-fb17-49e6-a903-eadc130d13d1:192.168.157.220:32806], old=null
2019-10-30 11:52:51,366 [9dbd5372-55c2-4532-b354-9494d3d545d2@group-F367C8FA5986-LeaderElection282] INFO  impl.LeaderElection (LeaderElection.java:askForVotes(178)) - 9dbd5372-55c2-4532-b354-9494d3d545d2@group-F367C8FA5986-LeaderElection282: begin an election at term 142 for -1: [9b3ef6c9-0245-4756-bf80-45d41f7a4453:192.168.157.220:37058, cd11b2f5-3187-4d03-bd60-931991550c17:192.168.157.220:43236, 9dbd5372-55c2-4532-b354-9494d3d545d2:192.168.157.220:42993], old=null
2019-10-30 11:52:51,367 [grpc-default-executor-1] INFO  impl.RaftServerImpl (RaftServerImpl.java:setRole(184)) - 4f16e274-8663-4a15-9c4c-c81f650ab979@group-83984122B78E: changes role from  FOLLOWER to FOLLOWER at term 153 for recognizeCandidate:f26e10ed-fb17-49e6-a903-eadc130d13d1
2019-10-30 11:52:51,367 [grpc-default-executor-8] INFO  impl.RaftServerImpl (RaftServerImpl.java:setRole(184)) - cd11b2f5-3187-4d03-bd60-931991550c17@group-F367C8FA5986: changes role from  FOLLOWER to FOLLOWER at term 142 for recognizeCandidate:9dbd5372-55c2-4532-b354-9494d3d545d2
2019-10-30 11:52:51,367 [grpc-default-executor-8] INFO  impl.RoleInfo (RoleInfo.java:shutdownFollowerState(121)) - cd11b2f5-3187-4d03-bd60-931991550c17: shutdown FollowerState
2019-10-30 11:52:51,367 [grpc-default-executor-7] INFO  impl.RaftServerImpl (RaftServerImpl.java:setRole(184)) - 9b3ef6c9-0245-4756-bf80-45d41f7a4453@group-F367C8FA5986: changes role from  FOLLOWER to FOLLOWER at term 142 for recognizeCandidate:9dbd5372-55c2-4532-b354-9494d3d545d2
2019-10-30 11:52:51,367 [grpc-default-executor-1] INFO  impl.RoleInfo (RoleInfo.java:shutdownFollowerState(121)) - 4f16e274-8663-4a15-9c4c-c81f650ab979: shutdown FollowerState
2019-10-30 11:52:51,367 [grpc-default-executor-7] INFO  impl.RoleInfo (RoleInfo.java:shutdownFollowerState(121)) - 9b3ef6c9-0245-4756-bf80-45d41f7a4453: shutdown FollowerState
2019-10-30 11:52:51,367 [Thread-2222] INFO  impl.FollowerState (FollowerState.java:run(117)) - cd11b2f5-3187-4d03-bd60-931991550c17@group-F367C8FA5986-FollowerState was interrupted: java.lang.InterruptedException: sleep interrupted
2019-10-30 11:52:51,367 [grpc-default-executor-8] INFO  impl.RoleInfo (RoleInfo.java:updateAndGet(143)) - cd11b2f5-3187-4d03-bd60-931991550c17: start FollowerState
2019-10-30 11:52:51,367 [grpc-default-executor-7] INFO  impl.RoleInfo (RoleInfo.java:updateAndGet(143)) - 9b3ef6c9-0245-4756-bf80-45d41f7a4453: start FollowerState
2019-10-30 11:52:51,367 [Thread-2235] INFO  impl.FollowerState (FollowerState.java:run(117)) - 4f16e274-8663-4a15-9c4c-c81f650ab979@group-83984122B78E-FollowerState was interrupted: java.lang.InterruptedException: sleep interrupted
2019-10-30 11:52:51,367 [grpc-default-executor-1] INFO  impl.RoleInfo (RoleInfo.java:updateAndGet(143)) - 4f16e274-8663-4a15-9c4c-c81f650ab979: start FollowerState
2019-10-30 11:52:51,368 [grpc-default-executor-6] INFO  impl.RaftServerImpl (RaftServerImpl.java:setRole(184)) - 4cc44201-a597-43af-a4ec-5b1b407a6250@group-83984122B78E: changes role from  FOLLOWER to FOLLOWER at term 153 for recognizeCandidate:f26e10ed-fb17-49e6-a903-eadc130d13d1
2019-10-30 11:52:51,368 [Thread-2221] INFO  impl.FollowerState (FollowerState.java:run(117)) - 9b3ef6c9-0245-4756-bf80-45d41f7a4453@group-F367C8FA5986-FollowerState was interrupted: java.lang.InterruptedException: sleep interrupted
2019-10-30 11:52:51,368 [grpc-default-executor-6] INFO  impl.RoleInfo (RoleInfo.java:shutdownFollowerState(121)) - 4cc44201-a597-43af-a4ec-5b1b407a6250: shutdown FollowerState
2019-10-30 11:52:51,368 [grpc-default-executor-6] INFO  impl.RoleInfo (RoleInfo.java:updateAndGet(143)) - 4cc44201-a597-43af-a4ec-5b1b407a6250: start FollowerState
2019-10-30 11:52:51,368 [Thread-2236] INFO  impl.FollowerState (FollowerState.java:run(117)) - 4cc44201-a597-43af-a4ec-5b1b407a6250@group-83984122B78E-FollowerState was interrupted: java.lang.InterruptedException: sleep interrupted
2019-10-30 11:52:51,389 [f26e10ed-fb17-49e6-a903-eadc130d13d1@group-83984122B78E-LeaderElection281] INFO  impl.LeaderElection (LeaderElection.java:logAndReturn(56)) - f26e10ed-fb17-49e6-a903-eadc130d13d1@group-83984122B78E-LeaderElection281: Election REJECTED; received 2 response(s) [f26e10ed-fb17-49e6-a903-eadc130d13d1<-4f16e274-8663-4a15-9c4c-c81f650ab979#0:FAIL-t153, f26e10ed-fb17-49e6-a903-eadc130d13d1<-4cc44201-a597-43af-a4ec-5b1b407a6250#0:FAIL-t153] and 0 exception(s); f26e10ed-fb17-49e6-a903-eadc130d13d1@group-83984122B78E:t153, leader=null, voted=f26e10ed-fb17-49e6-a903-eadc130d13d1, raftlog=f26e10ed-fb17-49e6-a903-eadc130d13d1@group-83984122B78E-SegmentedRaftLog:OPENED:c-1,f-1,i0, conf=-1: [4f16e274-8663-4a15-9c4c-c81f650ab979:192.168.157.220:38181, 4cc44201-a597-43af-a4ec-5b1b407a6250:192.168.157.220:36685, f26e10ed-fb17-49e6-a903-eadc130d13d1:192.168.157.220:32806], old=null
2019-10-30 11:52:51,390 [9dbd5372-55c2-4532-b354-9494d3d545d2@group-F367C8FA5986-LeaderElection282] INFO  impl.LeaderElection (LeaderElection.java:logAndReturn(56)) - 9dbd5372-55c2-4532-b354-9494d3d545d2@group-F367C8FA5986-LeaderElection282: Election REJECTED; received 2 response(s) [9dbd5372-55c2-4532-b354-9494d3d545d2<-9b3ef6c9-0245-4756-bf80-45d41f7a4453#0:FAIL-t142, 9dbd5372-55c2-4532-b354-9494d3d545d2<-cd11b2f5-3187-4d03-bd60-931991550c17#0:FAIL-t142] and 0 exception(s); 9dbd5372-55c2-4532-b354-9494d3d545d2@group-F367C8FA5986:t142, leader=null, voted=9dbd5372-55c2-4532-b354-9494d3d545d2, raftlog=9dbd5372-55c2-4532-b354-9494d3d545d2@group-F367C8FA5986-SegmentedRaftLog:OPENED:c-1,f-1,i0, conf=-1: [9b3ef6c9-0245-4756-bf80-45d41f7a4453:192.168.157.220:37058, cd11b2f5-3187-4d03-bd60-931991550c17:192.168.157.220:43236, 9dbd5372-55c2-4532-b354-9494d3d545d2:192.168.157.220:42993], old=null
2019-10-30 11:52:51,390 [f26e10ed-fb17-49e6-a903-eadc130d13d1@group-83984122B78E-LeaderElection281] INFO  impl.RaftServerImpl (RaftServerImpl.java:setRole(184)) - f26e10ed-fb17-49e6-a903-eadc130d13d1@group-83984122B78E: changes role from CANDIDATE to FOLLOWER at term 153 for DISCOVERED_A_NEW_TERM
2019-10-30 11:52:51,390 [f26e10ed-fb17-49e6-a903-eadc130d13d1@group-83984122B78E-LeaderElection281] INFO  impl.RoleInfo (RoleInfo.java:shutdownLeaderElection(134)) - f26e10ed-fb17-49e6-a903-eadc130d13d1: shutdown LeaderElection
2019-10-30 11:52:51,390 [9dbd5372-55c2-4532-b354-9494d3d545d2@group-F367C8FA5986-LeaderElection282] INFO  impl.RaftServerImpl (RaftServerImpl.java:setRole(184)) - 9dbd5372-55c2-4532-b354-9494d3d545d2@group-F367C8FA5986: changes role from CANDIDATE to FOLLOWER at term 142 for DISCOVERED_A_NEW_TERM
2019-10-30 11:52:51,390 [f26e10ed-fb17-49e6-a903-eadc130d13d1@group-83984122B78E-LeaderElection281] INFO  impl.RoleInfo (RoleInfo.java:updateAndGet(143)) - f26e10ed-fb17-49e6-a903-eadc130d13d1: start FollowerState
2019-10-30 11:52:51,390 [9dbd5372-55c2-4532-b354-9494d3d545d2@group-F367C8FA5986-LeaderElection282] INFO  impl.RoleInfo (RoleInfo.java:shutdownLeaderElection(134)) - 9dbd5372-55c2-4532-b354-9494d3d545d2: shutdown LeaderElection
2019-10-30 11:52:51,390 [9dbd5372-55c2-4532-b354-9494d3d545d2@group-F367C8FA5986-LeaderElection282] INFO  impl.RoleInfo (RoleInfo.java:updateAndGet(143)) - 9dbd5372-55c2-4532-b354-9494d3d545d2: start FollowerState
2019-10-30 11:52:51,511 [Thread-2246] INFO  impl.FollowerState (FollowerState.java:run(108)) - f26e10ed-fb17-49e6-a903-eadc130d13d1@group-83984122B78E-FollowerState: change to CANDIDATE, lastRpcTime:121ms, electionTimeout:121ms
2019-10-30 11:52:51,511 [Thread-2246] INFO  impl.RoleInfo (RoleInfo.java:shutdownFollowerState(121)) - f26e10ed-fb17-49e6-a903-eadc130d13d1: shutdown FollowerState
2019-10-30 11:52:51,511 [Thread-2246] INFO  impl.RaftServerImpl (RaftServerImpl.java:setRole(184)) - f26e10ed-fb17-49e6-a903-eadc130d13d1@group-83984122B78E: changes role from  FOLLOWER to CANDIDATE at term 153 for changeToCandidate
2019-10-30 11:52:51,512 [Thread-2246] INFO  impl.RoleInfo (RoleInfo.java:updateAndGet(143)) - f26e10ed-fb17-49e6-a903-eadc130d13d1: start LeaderElection
2019-10-30 11:52:51,529 [f26e10ed-fb17-49e6-a903-eadc130d13d1@group-83984122B78E-LeaderElection283] INFO  impl.LeaderElection (LeaderElection.java:askForVotes(178)) - f26e10ed-fb17-49e6-a903-eadc130d13d1@group-83984122B78E-LeaderElection283: begin an election at term 154 for -1: [4f16e274-8663-4a15-9c4c-c81f650ab979:192.168.157.220:38181, 4cc44201-a597-43af-a4ec-5b1b407a6250:192.168.157.220:36685, f26e10ed-fb17-49e6-a903-eadc130d13d1:192.168.157.220:32806], old=null
2019-10-30 11:52:51,531 [grpc-default-executor-8] INFO  impl.RaftServerImpl (RaftServerImpl.java:setRole(184)) - 4cc44201-a597-43af-a4ec-5b1b407a6250@group-83984122B78E: changes role from  FOLLOWER to FOLLOWER at term 154 for recognizeCandidate:f26e10ed-fb17-49e6-a903-eadc130d13d1
2019-10-30 11:52:51,532 [grpc-default-executor-8] INFO  impl.RoleInfo (RoleInfo.java:shutdownFollowerState(121)) - 4cc44201-a597-43af-a4ec-5b1b407a6250: shutdown FollowerState
2019-10-30 11:52:51,532 [grpc-default-executor-7] INFO  impl.RaftServerImpl (RaftServerImpl.java:setRole(184)) - 4f16e274-8663-4a15-9c4c-c81f650ab979@group-83984122B78E: changes role from  FOLLOWER to FOLLOWER at term 154 for recognizeCandidate:f26e10ed-fb17-49e6-a903-eadc130d13d1
2019-10-30 11:52:51,532 [grpc-default-executor-7] INFO  impl.RoleInfo (RoleInfo.java:shutdownFollowerState(121)) - 4f16e274-8663-4a15-9c4c-c81f650ab979: shutdown FollowerState
2019-10-30 11:52:51,532 [Thread-2245] INFO  impl.FollowerState (FollowerState.java:run(117)) - 4cc44201-a597-43af-a4ec-5b1b407a6250@group-83984122B78E-FollowerState was interrupted: java.lang.InterruptedException: sleep interrupted
2019-10-30 11:52:51,532 [grpc-default-executor-8] INFO  impl.RoleInfo (RoleInfo.java:updateAndGet(143)) - 4cc44201-a597-43af-a4ec-5b1b407a6250: start FollowerState
2019-10-30 11:52:51,532 [Thread-2243] INFO  impl.FollowerState (FollowerState.java:run(117)) - 4f16e274-8663-4a15-9c4c-c81f650ab979@group-83984122B78E-FollowerState was interrupted: java.lang.InterruptedException: sleep interrupted
2019-10-30 11:52:51,532 [grpc-default-executor-7] INFO  impl.RoleInfo (RoleInfo.java:updateAndGet(143)) - 4f16e274-8663-4a15-9c4c-c81f650ab979: start FollowerState
2019-10-30 11:52:51,537 [f26e10ed-fb17-49e6-a903-eadc130d13d1@group-83984122B78E-LeaderElection283] INFO  impl.LeaderElection (LeaderElection.java:logAndReturn(56)) - f26e10ed-fb17-49e6-a903-eadc130d13d1@group-83984122B78E-LeaderElection283: Election REJECTED; received 2 response(s) [f26e10ed-fb17-49e6-a903-eadc130d13d1<-4f16e274-8663-4a15-9c4c-c81f650ab979#0:FAIL-t154, f26e10ed-fb17-49e6-a903-eadc130d13d1<-4cc44201-a597-43af-a4ec-5b1b407a6250#0:FAIL-t154] and 0 exception(s); f26e10ed-fb17-49e6-a903-eadc130d13d1@group-83984122B78E:t154, leader=null, voted=f26e10ed-fb17-49e6-a903-eadc130d13d1, raftlog=f26e10ed-fb17-49e6-a903-eadc130d13d1@group-83984122B78E-SegmentedRaftLog:OPENED:c-1,f-1,i0, conf=-1: [4f16e274-8663-4a15-9c4c-c81f650ab979:192.168.157.220:38181, 4cc44201-a597-43af-a4ec-5b1b407a6250:192.168.157.220:36685, f26e10ed-fb17-49e6-a903-eadc130d13d1:192.168.157.220:32806], old=null
2019-10-30 11:52:51,537 [f26e10ed-fb17-49e6-a903-eadc130d13d1@group-83984122B78E-LeaderElection283] INFO  impl.RaftServerImpl (RaftServerImpl.java:setRole(184)) - f26e10ed-fb17-49e6-a903-eadc130d13d1@group-83984122B78E: changes role from CANDIDATE to FOLLOWER at term 154 for DISCOVERED_A_NEW_TERM
2019-10-30 11:52:51,537 [f26e10ed-fb17-49e6-a903-eadc130d13d1@group-83984122B78E-LeaderElection283] INFO  impl.RoleInfo (RoleInfo.java:shutdownLeaderElection(134)) - f26e10ed-fb17-49e6-a903-eadc130d13d1: shutdown LeaderElection
2019-10-30 11:52:51,537 [f26e10ed-fb17-49e6-a903-eadc130d13d1@group-83984122B78E-LeaderElection283] INFO  impl.RoleInfo (RoleInfo.java:updateAndGet(143)) - f26e10ed-fb17-49e6-a903-eadc130d13d1: start FollowerState
2019-10-30 11:52:51,551 [Thread-2247] INFO  impl.FollowerState (FollowerState.java:run(108)) - 9dbd5372-55c2-4532-b354-9494d3d545d2@group-F367C8FA5986-FollowerState: change to CANDIDATE, lastRpcTime:161ms, electionTimeout:161ms
2019-10-30 11:52:51,551 [Thread-2247] INFO  impl.RoleInfo (RoleInfo.java:shutdownFollowerState(121)) - 9dbd5372-55c2-4532-b354-9494d3d545d2: shutdown FollowerState
2019-10-30 11:52:51,551 [Thread-2247] INFO  impl.RaftServerImpl (RaftServerImpl.java:setRole(184)) - 9dbd5372-55c2-4532-b354-9494d3d545d2@group-F367C8FA5986: changes role from  FOLLOWER to CANDIDATE at term 142 for changeToCandidate
2019-10-30 11:52:51,552 [Thread-2247] INFO  impl.RoleInfo (RoleInfo.java:updateAndGet(143)) - 9dbd5372-55c2-4532-b354-9494d3d545d2: start LeaderElection
2019-10-30 11:52:51,575 [9dbd5372-55c2-4532-b354-9494d3d545d2@group-F367C8FA5986-LeaderElection284] INFO  impl.LeaderElection (LeaderElection.java:askForVotes(178)) - 9dbd5372-55c2-4532-b354-9494d3d545d2@group-F367C8FA5986-LeaderElection284: begin an election at term 143 for -1: [9b3ef6c9-0245-4756-bf80-45d41f7a4453:192.168.157.220:37058, cd11b2f5-3187-4d03-bd60-931991550c17:192.168.157.220:43236, 9dbd5372-55c2-4532-b354-9494d3d545d2:192.168.157.220:42993], old=null
2019-10-30 11:52:51,576 [grpc-default-executor-6] INFO  impl.RaftServerImpl (RaftServerImpl.java:setRole(184)) - cd11b2f5-3187-4d03-bd60-931991550c17@group-F367C8FA5986: changes role from  FOLLOWER to FOLLOWER at term 143 for recognizeCandidate:9dbd5372-55c2-4532-b354-9494d3d545d2
2019-10-30 11:52:51,576 [grpc-default-executor-8] INFO  impl.RaftServerImpl (RaftServerImpl.java:setRole(184)) - 9b3ef6c9-0245-4756-bf80-45d41f7a4453@group-F367C8FA5986: changes role from  FOLLOWER to FOLLOWER at term 143 for recognizeCandidate:9dbd5372-55c2-4532-b354-9494d3d545d2
2019-10-30 11:52:51,576 [grpc-default-executor-6] INFO  impl.RoleInfo (RoleInfo.java:shutdownFollowerState(121)) - cd11b2f5-3187-4d03-bd60-931991550c17: shutdown FollowerState
2019-10-30 11:52:51,576 [grpc-default-executor-8] INFO  impl.RoleInfo (RoleInfo.java:shutdownFollowerState(121)) - 9b3ef6c9-0245-4756-bf80-45d41f7a4453: shutdown FollowerState
2019-10-30 11:52:51,576 [Thread-2242] INFO  impl.FollowerState (FollowerState.java:run(117)) - cd11b2f5-3187-4d03-bd60-931991550c17@group-F367C8FA5986-FollowerState was interrupted: java.lang.InterruptedException: sleep interrupted
2019-10-30 11:52:51,576 [grpc-default-executor-6] INFO  impl.RoleInfo (RoleInfo.java:updateAndGet(143)) - cd11b2f5-3187-4d03-bd60-931991550c17: start FollowerState
2019-10-30 11:52:51,576 [Thread-2244] INFO  impl.FollowerState (FollowerState.java:run(117)) - 9b3ef6c9-0245-4756-bf80-45d41f7a4453@group-F367C8FA5986-FollowerState was interrupted: java.lang.InterruptedException: sleep interrupted
2019-10-30 11:52:51,576 [grpc-default-executor-8] INFO  impl.RoleInfo (RoleInfo.java:updateAndGet(143)) - 9b3ef6c9-0245-4756-bf80-45d41f7a4453: start FollowerState
2019-10-30 11:52:51,587 [9dbd5372-55c2-4532-b354-9494d3d545d2@group-F367C8FA5986-LeaderElection284] INFO  impl.LeaderElection (LeaderElection.java:logAndReturn(56)) - 9dbd5372-55c2-4532-b354-9494d3d545d2@group-F367C8FA5986-LeaderElection284: Election REJECTED; received 2 response(s) [9dbd5372-55c2-4532-b354-9494d3d545d2<-9b3ef6c9-0245-4756-bf80-45d41f7a4453#0:FAIL-t143, 9dbd5372-55c2-4532-b354-9494d3d545d2<-cd11b2f5-3187-4d03-bd60-931991550c17#0:FAIL-t143] and 0 exception(s); 9dbd5372-55c2-4532-b354-9494d3d545d2@group-F367C8FA5986:t143, leader=null, voted=9dbd5372-55c2-4532-b354-9494d3d545d2, raftlog=9dbd5372-55c2-4532-b354-9494d3d545d2@group-F367C8FA5986-SegmentedRaftLog:OPENED:c-1,f-1,i0, conf=-1: [9b3ef6c9-0245-4756-bf80-45d41f7a4453:192.168.157.220:37058, cd11b2f5-3187-4d03-bd60-931991550c17:192.168.157.220:43236, 9dbd5372-55c2-4532-b354-9494d3d545d2:192.168.157.220:42993], old=null
2019-10-30 11:52:51,587 [9dbd5372-55c2-4532-b354-9494d3d545d2@group-F367C8FA5986-LeaderElection284] INFO  impl.RaftServerImpl (RaftServerImpl.java:setRole(184)) - 9dbd5372-55c2-4532-b354-9494d3d545d2@group-F367C8FA5986: changes role from CANDIDATE to FOLLOWER at term 143 for DISCOVERED_A_NEW_TERM
2019-10-30 11:52:51,588 [9dbd5372-55c2-4532-b354-9494d3d545d2@group-F367C8FA5986-LeaderElection284] INFO  impl.RoleInfo (RoleInfo.java:shutdownLeaderElection(134)) - 9dbd5372-55c2-4532-b354-9494d3d545d2: shutdown LeaderElection
2019-10-30 11:52:51,588 [9dbd5372-55c2-4532-b354-9494d3d545d2@group-F367C8FA5986-LeaderElection284] INFO  impl.RoleInfo (RoleInfo.java:updateAndGet(143)) - 9dbd5372-55c2-4532-b354-9494d3d545d2: start FollowerState
2019-10-30 11:52:51,687 [Thread-2253] INFO  impl.FollowerState (FollowerState.java:run(108)) - f26e10ed-fb17-49e6-a903-eadc130d13d1@group-83984122B78E-FollowerState: change to CANDIDATE, lastRpcTime:149ms, electionTimeout:149ms
2019-10-30 11:52:51,687 [Thread-2253] INFO  impl.RoleInfo (RoleInfo.java:shutdownFollowerState(121)) - f26e10ed-fb17-49e6-a903-eadc130d13d1: shutdown FollowerState
2019-10-30 11:52:51,687 [Thread-2253] INFO  impl.RaftServerImpl (RaftServerImpl.java:setRole(184)) - f26e10ed-fb17-49e6-a903-eadc130d13d1@group-83984122B78E: changes role from  FOLLOWER to CANDIDATE at term 154 for changeToCandidate
2019-10-30 11:52:51,687 [Thread-2253] INFO  impl.RoleInfo (RoleInfo.java:updateAndGet(143)) - f26e10ed-fb17-49e6-a903-eadc130d13d1: start LeaderElection
2019-10-30 11:52:51,724 [Thread-2261] INFO  impl.FollowerState (FollowerState.java:run(108)) - 9dbd5372-55c2-4532-b354-9494d3d545d2@group-F367C8FA5986-FollowerState: change to CANDIDATE, lastRpcTime:136ms, electionTimeout:136ms
2019-10-30 11:52:51,724 [Thread-2261] INFO  impl.RoleInfo (RoleInfo.java:shutdownFollowerState(121)) - 9dbd5372-55c2-4532-b354-9494d3d545d2: shutdown FollowerState
2019-10-30 11:52:51,724 [Thread-2261] INFO  impl.RaftServerImpl (RaftServerImpl.java:setRole(184)) - 9dbd5372-55c2-4532-b354-9494d3d545d2@group-F367C8FA5986: changes role from  FOLLOWER to CANDIDATE at term 143 for changeToCandidate
2019-10-30 11:52:51,725 [Thread-2261] INFO  impl.RoleInfo (RoleInfo.java:updateAndGet(143)) - 9dbd5372-55c2-4532-b354-9494d3d545d2: start LeaderElection
2019-10-30 11:52:51,740 [9dbd5372-55c2-4532-b354-9494d3d545d2@group-F367C8FA5986-LeaderElection286] INFO  impl.LeaderElection (LeaderElection.java:askForVotes(178)) - 9dbd5372-55c2-4532-b354-9494d3d545d2@group-F367C8FA5986-LeaderElection286: begin an election at term 144 for -1: [9b3ef6c9-0245-4756-bf80-45d41f7a4453:192.168.157.220:37058, cd11b2f5-3187-4d03-bd60-931991550c17:192.168.157.220:43236, 9dbd5372-55c2-4532-b354-9494d3d545d2:192.168.157.220:42993], old=null
2019-10-30 11:52:51,740 [f26e10ed-fb17-49e6-a903-eadc130d13d1@group-83984122B78E-LeaderElection285] INFO  impl.LeaderElection (LeaderElection.java:askForVotes(178)) - f26e10ed-fb17-49e6-a903-eadc130d13d1@group-83984122B78E-LeaderElection285: begin an election at term 155 for -1: [4f16e274-8663-4a15-9c4c-c81f650ab979:192.168.157.220:38181, 4cc44201-a597-43af-a4ec-5b1b407a6250:192.168.157.220:36685, f26e10ed-fb17-49e6-a903-eadc130d13d1:192.168.157.220:32806], old=null
2019-10-30 11:52:51,742 [grpc-default-executor-6] INFO  impl.RaftServerImpl (RaftServerImpl.java:setRole(184)) - 9b3ef6c9-0245-4756-bf80-45d41f7a4453@group-F367C8FA5986: changes role from  FOLLOWER to FOLLOWER at term 144 for recognizeCandidate:9dbd5372-55c2-4532-b354-9494d3d545d2
2019-10-30 11:52:51,743 [grpc-default-executor-1] INFO  impl.RaftServerImpl (RaftServerImpl.java:setRole(184)) - cd11b2f5-3187-4d03-bd60-931991550c17@group-F367C8FA5986: changes role from  FOLLOWER to FOLLOWER at term 144 for recognizeCandidate:9dbd5372-55c2-4532-b354-9494d3d545d2
2019-10-30 11:52:51,742 [grpc-default-executor-8] INFO  impl.RaftServerImpl (RaftServerImpl.java:setRole(184)) - 4f16e274-8663-4a15-9c4c-c81f650ab979@group-83984122B78E: changes role from  FOLLOWER to FOLLOWER at term 155 for recognizeCandidate:f26e10ed-fb17-49e6-a903-eadc130d13d1
2019-10-30 11:52:51,743 [grpc-default-executor-8] INFO  impl.RoleInfo (RoleInfo.java:shutdownFollowerState(121)) - 4f16e274-8663-4a15-9c4c-c81f650ab979: shutdown FollowerState
2019-10-30 11:52:51,742 [grpc-default-executor-7] INFO  impl.RaftServerImpl (RaftServerImpl.java:setRole(184)) - 4cc44201-a597-43af-a4ec-5b1b407a6250@group-83984122B78E: changes role from  FOLLOWER to FOLLOWER at term 155 for recognizeCandidate:f26e10ed-fb17-49e6-a903-eadc130d13d1
2019-10-30 11:52:51,743 [Thread-2252] INFO  impl.FollowerState (FollowerState.java:run(117)) - 4f16e274-8663-4a15-9c4c-c81f650ab979@group-83984122B78E-FollowerState was interrupted: java.lang.InterruptedException: sleep interrupted
2019-10-30 11:52:51,743 [grpc-default-executor-8] INFO  impl.RoleInfo (RoleInfo.java:updateAndGet(143)) - 4f16e274-8663-4a15-9c4c-c81f650ab979: start FollowerState
2019-10-30 11:52:51,743 [grpc-default-executor-1] INFO  impl.RoleInfo (RoleInfo.java:shutdownFollowerState(121)) - cd11b2f5-3187-4d03-bd60-931991550c17: shutdown FollowerState
2019-10-30 11:52:51,743 [grpc-default-executor-6] INFO  impl.RoleInfo (RoleInfo.java:shutdownFollowerState(121)) - 9b3ef6c9-0245-4756-bf80-45d41f7a4453: shutdown FollowerState
2019-10-30 11:52:51,743 [Thread-2259] INFO  impl.FollowerState (FollowerState.java:run(117)) - cd11b2f5-3187-4d03-bd60-931991550c17@group-F367C8FA5986-FollowerState was interrupted: java.lang.InterruptedException: sleep interrupted
2019-10-30 11:52:51,743 [grpc-default-executor-1] INFO  impl.RoleInfo (RoleInfo.java:updateAndGet(143)) - cd11b2f5-3187-4d03-bd60-931991550c17: start FollowerState
2019-10-30 11:52:51,743 [grpc-default-executor-7] INFO  impl.RoleInfo (RoleInfo.java:shutdownFollowerState(121)) - 4cc44201-a597-43af-a4ec-5b1b407a6250: shutdown FollowerState
2019-10-30 11:52:51,743 [Thread-2260] INFO  impl.FollowerState (FollowerState.java:run(117)) - 9b3ef6c9-0245-4756-bf80-45d41f7a4453@group-F367C8FA5986-FollowerState was interrupted: java.lang.InterruptedException: sleep interrupted
2019-10-30 11:52:51,743 [grpc-default-executor-6] INFO  impl.RoleInfo (RoleInfo.java:updateAndGet(143)) - 9b3ef6c9-0245-4756-bf80-45d41f7a4453: start FollowerState
2019-10-30 11:52:51,744 [Thread-2251] INFO  impl.FollowerState (FollowerState.java:run(117)) - 4cc44201-a597-43af-a4ec-5b1b407a6250@group-83984122B78E-FollowerState was interrupted: java.lang.InterruptedException: sleep interrupted
2019-10-30 11:52:51,744 [grpc-default-executor-7] INFO  impl.RoleInfo (RoleInfo.java:updateAndGet(143)) - 4cc44201-a597-43af-a4ec-5b1b407a6250: start FollowerState
2019-10-30 11:52:51,755 [f26e10ed-fb17-49e6-a903-eadc130d13d1@group-83984122B78E-LeaderElection285] INFO  impl.LeaderElection (LeaderElection.java:logAndReturn(56)) - f26e10ed-fb17-49e6-a903-eadc130d13d1@group-83984122B78E-LeaderElection285: Election REJECTED; received 2 response(s) [f26e10ed-fb17-49e6-a903-eadc130d13d1<-4f16e274-8663-4a15-9c4c-c81f650ab979#0:FAIL-t155, f26e10ed-fb17-49e6-a903-eadc130d13d1<-4cc44201-a597-43af-a4ec-5b1b407a6250#0:FAIL-t155] and 0 exception(s); f26e10ed-fb17-49e6-a903-eadc130d13d1@group-83984122B78E:t155, leader=null, voted=f26e10ed-fb17-49e6-a903-eadc130d13d1, raftlog=f26e10ed-fb17-49e6-a903-eadc130d13d1@group-83984122B78E-SegmentedRaftLog:OPENED:c-1,f-1,i0, conf=-1: [4f16e274-8663-4a15-9c4c-c81f650ab979:192.168.157.220:38181, 4cc44201-a597-43af-a4ec-5b1b407a6250:192.168.157.220:36685, f26e10ed-fb17-49e6-a903-eadc130d13d1:192.168.157.220:32806], old=null
2019-10-30 11:52:51,755 [9dbd5372-55c2-4532-b354-9494d3d545d2@group-F367C8FA5986-LeaderElection286] INFO  impl.LeaderElection (LeaderElection.java:logAndReturn(56)) - 9dbd5372-55c2-4532-b354-9494d3d545d2@group-F367C8FA5986-LeaderElection286: Election REJECTED; received 2 response(s) [9dbd5372-55c2-4532-b354-9494d3d545d2<-9b3ef6c9-0245-4756-bf80-45d41f7a4453#0:FAIL-t144, 9dbd5372-55c2-4532-b354-9494d3d545d2<-cd11b2f5-3187-4d03-bd60-931991550c17#0:FAIL-t144] and 0 exception(s); 9dbd5372-55c2-4532-b354-9494d3d545d2@group-F367C8FA5986:t144, leader=null, voted=9dbd5372-55c2-4532-b354-9494d3d545d2, raftlog=9dbd5372-55c2-4532-b354-9494d3d545d2@group-F367C8FA5986-SegmentedRaftLog:OPENED:c-1,f-1,i0, conf=-1: [9b3ef6c9-0245-4756-bf80-45d41f7a4453:192.168.157.220:37058, cd11b2f5-3187-4d03-bd60-931991550c17:192.168.157.220:43236, 9dbd5372-55c2-4532-b354-9494d3d545d2:192.168.157.220:42993], old=null
2019-10-30 11:52:51,755 [f26e10ed-fb17-49e6-a903-eadc130d13d1@group-83984122B78E-LeaderElection285] INFO  impl.RaftServerImpl (RaftServerImpl.java:setRole(184)) - f26e10ed-fb17-49e6-a903-eadc130d13d1@group-83984122B78E: changes role from CANDIDATE to FOLLOWER at term 155 for DISCOVERED_A_NEW_TERM
2019-10-30 11:52:51,755 [9dbd5372-55c2-4532-b354-9494d3d545d2@group-F367C8FA5986-LeaderElection286] INFO  impl.RaftServerImpl (RaftServerImpl.java:setRole(184)) - 9dbd5372-55c2-4532-b354-9494d3d545d2@group-F367C8FA5986: changes role from CANDIDATE to FOLLOWER at term 144 for DISCOVERED_A_NEW_TERM
2019-10-30 11:52:51,755 [f26e10ed-fb17-49e6-a903-eadc130d13d1@group-83984122B78E-LeaderElection285] INFO  impl.RoleInfo (RoleInfo.java:shutdownLeaderElection(134)) - f26e10ed-fb17-49e6-a903-eadc130d13d1: shutdown LeaderElection
2019-10-30 11:52:51,755 [9dbd5372-55c2-4532-b354-9494d3d545d2@group-F367C8FA5986-LeaderElection286] INFO  impl.RoleInfo (RoleInfo.java:shutdownLeaderElection(134)) - 9dbd5372-55c2-4532-b354-9494d3d545d2: shutdown LeaderElection
2019-10-30 11:52:51,755 [f26e10ed-fb17-49e6-a903-eadc130d13d1@group-83984122B78E-LeaderElection285] INFO  impl.RoleInfo (RoleInfo.java:updateAndGet(143)) - f26e10ed-fb17-49e6-a903-eadc130d13d1: start FollowerState
2019-10-30 11:52:51,755 [9dbd5372-55c2-4532-b354-9494d3d545d2@group-F367C8FA5986-LeaderElection286] INFO  impl.RoleInfo (RoleInfo.java:updateAndGet(143)) - 9dbd5372-55c2-4532-b354-9494d3d545d2: start FollowerState
2019-10-30 11:52:51,775 [Thread-2272] INFO  impl.FollowerState (FollowerState.java:run(108)) - f26e10ed-fb17-49e6-a903-eadc130d13d1@group-83984122B78E-FollowerState: change to CANDIDATE, lastRpcTime:19ms, electionTimeout:19ms
2019-10-30 11:52:51,775 [Thread-2272] INFO  impl.RoleInfo (RoleInfo.java:shutdownFollowerState(121)) - f26e10ed-fb17-49e6-a903-eadc130d13d1: shutdown FollowerState
2019-10-30 11:52:51,775 [Thread-2272] INFO  impl.RaftServerImpl (RaftServerImpl.java:setRole(184)) - f26e10ed-fb17-49e6-a903-eadc130d13d1@group-83984122B78E: changes role from  FOLLOWER to CANDIDATE at term 155 for changeToCandidate
2019-10-30 11:52:51,775 [Thread-2272] INFO  impl.RoleInfo (RoleInfo.java:updateAndGet(143)) - f26e10ed-fb17-49e6-a903-eadc130d13d1: start LeaderElection
2019-10-30 11:52:51,779 [f26e10ed-fb17-49e6-a903-eadc130d13d1@group-83984122B78E-LeaderElection287] INFO  impl.LeaderElection (LeaderElection.java:askForVotes(178)) - f26e10ed-fb17-49e6-a903-eadc130d13d1@group-83984122B78E-LeaderElection287: begin an election at term 156 for -1: [4f16e274-8663-4a15-9c4c-c81f650ab979:192.168.157.220:38181, 4cc44201-a597-43af-a4ec-5b1b407a6250:192.168.157.220:36685, f26e10ed-fb17-49e6-a903-eadc130d13d1:192.168.157.220:32806], old=null
2019-10-30 11:52:51,780 [grpc-default-executor-1] INFO  impl.RaftServerImpl (RaftServerImpl.java:setRole(184)) - 4cc44201-a597-43af-a4ec-5b1b407a6250@group-83984122B78E: changes role from  FOLLOWER to FOLLOWER at term 156 for recognizeCandidate:f26e10ed-fb17-49e6-a903-eadc130d13d1
2019-10-30 11:52:51,780 [grpc-default-executor-8] INFO  impl.RaftServerImpl (RaftServerImpl.java:setRole(184)) - 4f16e274-8663-4a15-9c4c-c81f650ab979@group-83984122B78E: changes role from  FOLLOWER to FOLLOWER at term 156 for recognizeCandidate:f26e10ed-fb17-49e6-a903-eadc130d13d1
2019-10-30 11:52:51,781 [grpc-default-executor-1] INFO  impl.RoleInfo (RoleInfo.java:shutdownFollowerState(121)) - 4cc44201-a597-43af-a4ec-5b1b407a6250: shutdown FollowerState
2019-10-30 11:52:51,781 [grpc-default-executor-8] INFO  impl.RoleInfo (RoleInfo.java:shutdownFollowerState(121)) - 4f16e274-8663-4a15-9c4c-c81f650ab979: shutdown FollowerState
2019-10-30 11:52:51,781 [Thread-2271] INFO  impl.FollowerState (FollowerState.java:run(117)) - 4cc44201-a597-43af-a4ec-5b1b407a6250@group-83984122B78E-FollowerState was interrupted: java.lang.InterruptedException: sleep interrupted
2019-10-30 11:52:51,781 [grpc-default-executor-1] INFO  impl.RoleInfo (RoleInfo.java:updateAndGet(143)) - 4cc44201-a597-43af-a4ec-5b1b407a6250: start FollowerState
2019-10-30 11:52:51,781 [Thread-2268] INFO  impl.FollowerState (FollowerState.java:run(117)) - 4f16e274-8663-4a15-9c4c-c81f650ab979@group-83984122B78E-FollowerState was interrupted: java.lang.InterruptedException: sleep interrupted
2019-10-30 11:52:51,781 [grpc-default-executor-8] INFO  impl.RoleInfo (RoleInfo.java:updateAndGet(143)) - 4f16e274-8663-4a15-9c4c-c81f650ab979: start FollowerState
2019-10-30 11:52:51,789 [f26e10ed-fb17-49e6-a903-eadc130d13d1@group-83984122B78E-LeaderElection287] INFO  impl.LeaderElection (LeaderElection.java:logAndReturn(56)) - f26e10ed-fb17-49e6-a903-eadc130d13d1@group-83984122B78E-LeaderElection287: Election REJECTED; received 2 response(s) [f26e10ed-fb17-49e6-a903-eadc130d13d1<-4f16e274-8663-4a15-9c4c-c81f650ab979#0:FAIL-t156, f26e10ed-fb17-49e6-a903-eadc130d13d1<-4cc44201-a597-43af-a4ec-5b1b407a6250#0:FAIL-t156] and 0 exception(s); f26e10ed-fb17-49e6-a903-eadc130d13d1@group-83984122B78E:t156, leader=null, voted=f26e10ed-fb17-49e6-a903-eadc130d13d1, raftlog=f26e10ed-fb17-49e6-a903-eadc130d13d1@group-83984122B78E-SegmentedRaftLog:OPENED:c-1,f-1,i0, conf=-1: [4f16e274-8663-4a15-9c4c-c81f650ab979:192.168.157.220:38181, 4cc44201-a597-43af-a4ec-5b1b407a6250:192.168.157.220:36685, f26e10ed-fb17-49e6-a903-eadc130d13d1:192.168.157.220:32806], old=null
2019-10-30 11:52:51,789 [f26e10ed-fb17-49e6-a903-eadc130d13d1@group-83984122B78E-LeaderElection287] INFO  impl.RaftServerImpl (RaftServerImpl.java:setRole(184)) - f26e10ed-fb17-49e6-a903-eadc130d13d1@group-83984122B78E: changes role from CANDIDATE to FOLLOWER at term 156 for DISCOVERED_A_NEW_TERM
2019-10-30 11:52:51,789 [f26e10ed-fb17-49e6-a903-eadc130d13d1@group-83984122B78E-LeaderElection287] INFO  impl.RoleInfo (RoleInfo.java:shutdownLeaderElection(134)) - f26e10ed-fb17-49e6-a903-eadc130d13d1: shutdown LeaderElection
2019-10-30 11:52:51,789 [f26e10ed-fb17-49e6-a903-eadc130d13d1@group-83984122B78E-LeaderElection287] INFO  impl.RoleInfo (RoleInfo.java:updateAndGet(143)) - f26e10ed-fb17-49e6-a903-eadc130d13d1: start FollowerState
2019-10-30 11:52:51,873 [Thread-2279] INFO  impl.FollowerState (FollowerState.java:run(108)) - f26e10ed-fb17-49e6-a903-eadc130d13d1@group-83984122B78E-FollowerState: change to CANDIDATE, lastRpcTime:83ms, electionTimeout:83ms
2019-10-30 11:52:51,873 [Thread-2279] INFO  impl.RoleInfo (RoleInfo.java:shutdownFollowerState(121)) - f26e10ed-fb17-49e6-a903-eadc130d13d1: shutdown FollowerState
2019-10-30 11:52:51,873 [Thread-2279] INFO  impl.RaftServerImpl (RaftServerImpl.java:setRole(184)) - f26e10ed-fb17-49e6-a903-eadc130d13d1@group-83984122B78E: changes role from  FOLLOWER to CANDIDATE at term 156 for changeToCandidate
2019-10-30 11:52:51,873 [Thread-2279] INFO  impl.RoleInfo (RoleInfo.java:updateAndGet(143)) - f26e10ed-fb17-49e6-a903-eadc130d13d1: start LeaderElection
2019-10-30 11:52:51,876 [f26e10ed-fb17-49e6-a903-eadc130d13d1@group-83984122B78E-LeaderElection288] INFO  impl.LeaderElection (LeaderElection.java:askForVotes(178)) - f26e10ed-fb17-49e6-a903-eadc130d13d1@group-83984122B78E-LeaderElection288: begin an election at term 157 for -1: [4f16e274-8663-4a15-9c4c-c81f650ab979:192.168.157.220:38181, 4cc44201-a597-43af-a4ec-5b1b407a6250:192.168.157.220:36685, f26e10ed-fb17-49e6-a903-eadc130d13d1:192.168.157.220:32806], old=null
2019-10-30 11:52:51,878 [grpc-default-executor-1] INFO  impl.RaftServerImpl (RaftServerImpl.java:setRole(184)) - 4f16e274-8663-4a15-9c4c-c81f650ab979@group-83984122B78E: changes role from  FOLLOWER to FOLLOWER at term 157 for recognizeCandidate:f26e10ed-fb17-49e6-a903-eadc130d13d1
2019-10-30 11:52:51,878 [grpc-default-executor-1] INFO  impl.RoleInfo (RoleInfo.java:shutdownFollowerState(121)) - 4f16e274-8663-4a15-9c4c-c81f650ab979: shutdown FollowerState
2019-10-30 11:52:51,878 [grpc-default-executor-1] INFO  impl.RoleInfo (RoleInfo.java:updateAndGet(143)) - 4f16e274-8663-4a15-9c4c-c81f650ab979: start FollowerState
2019-10-30 11:52:51,878 [Thread-2278] INFO  impl.FollowerState (FollowerState.java:run(117)) - 4f16e274-8663-4a15-9c4c-c81f650ab979@group-83984122B78E-FollowerState was interrupted: java.lang.InterruptedException: sleep interrupted
2019-10-30 11:52:51,880 [grpc-default-executor-8] INFO  impl.RaftServerImpl (RaftServerImpl.java:setRole(184)) - 4cc44201-a597-43af-a4ec-5b1b407a6250@group-83984122B78E: changes role from  FOLLOWER to FOLLOWER at term 157 for recognizeCandidate:f26e10ed-fb17-49e6-a903-eadc130d13d1
2019-10-30 11:52:51,880 [grpc-default-executor-8] INFO  impl.RoleInfo (RoleInfo.java:shutdownFollowerState(121)) - 4cc44201-a597-43af-a4ec-5b1b407a6250: shutdown FollowerState
2019-10-30 11:52:51,880 [grpc-default-executor-8] INFO  impl.RoleInfo (RoleInfo.java:updateAndGet(143)) - 4cc44201-a597-43af-a4ec-5b1b407a6250: start FollowerState
2019-10-30 11:52:51,880 [Thread-2277] INFO  impl.FollowerState (FollowerState.java:run(117)) - 4cc44201-a597-43af-a4ec-5b1b407a6250@group-83984122B78E-FollowerState was interrupted: java.lang.InterruptedException: sleep interrupted
2019-10-30 11:52:51,893 [Thread-2273] INFO  impl.FollowerState (FollowerState.java:run(108)) - 9dbd5372-55c2-4532-b354-9494d3d545d2@group-F367C8FA5986-FollowerState: change to CANDIDATE, lastRpcTime:137ms, electionTimeout:137ms
2019-10-30 11:52:51,893 [Thread-2273] INFO  impl.RoleInfo (RoleInfo.java:shutdownFollowerState(121)) - 9dbd5372-55c2-4532-b354-9494d3d545d2: shutdown FollowerState
2019-10-30 11:52:51,893 [Thread-2273] INFO  impl.RaftServerImpl (RaftServerImpl.java:setRole(184)) - 9dbd5372-55c2-4532-b354-9494d3d545d2@group-F367C8FA5986: changes role from  FOLLOWER to CANDIDATE at term 144 for changeToCandidate
2019-10-30 11:52:51,893 [Thread-2273] INFO  impl.RoleInfo (RoleInfo.java:updateAndGet(143)) - 9dbd5372-55c2-4532-b354-9494d3d545d2: start LeaderElection
2019-10-30 11:52:51,895 [f26e10ed-fb17-49e6-a903-eadc130d13d1@group-83984122B78E-LeaderElection288] INFO  impl.LeaderElection (LeaderElection.java:logAndReturn(56)) - f26e10ed-fb17-49e6-a903-eadc130d13d1@group-83984122B78E-LeaderElection288: Election REJECTED; received 2 response(s) [f26e10ed-fb17-49e6-a903-eadc130d13d1<-4f16e274-8663-4a15-9c4c-c81f650ab979#0:FAIL-t157, f26e10ed-fb17-49e6-a903-eadc130d13d1<-4cc44201-a597-43af-a4ec-5b1b407a6250#0:FAIL-t157] and 0 exception(s); f26e10ed-fb17-49e6-a903-eadc130d13d1@group-83984122B78E:t157, leader=null, voted=f26e10ed-fb17-49e6-a903-eadc130d13d1, raftlog=f26e10ed-fb17-49e6-a903-eadc130d13d1@group-83984122B78E-SegmentedRaftLog:OPENED:c-1,f-1,i0, conf=-1: [4f16e274-8663-4a15-9c4c-c81f650ab979:192.168.157.220:38181, 4cc44201-a597-43af-a4ec-5b1b407a6250:192.168.157.220:36685, f26e10ed-fb17-49e6-a903-eadc130d13d1:192.168.157.220:32806], old=null
2019-10-30 11:52:51,895 [f26e10ed-fb17-49e6-a903-eadc130d13d1@group-83984122B78E-LeaderElection288] INFO  impl.RaftServerImpl (RaftServerImpl.java:setRole(184)) - f26e10ed-fb17-49e6-a903-eadc130d13d1@group-83984122B78E: changes role from CANDIDATE to FOLLOWER at term 157 for DISCOVERED_A_NEW_TERM
2019-10-30 11:52:51,895 [f26e10ed-fb17-49e6-a903-eadc130d13d1@group-83984122B78E-LeaderElection288] INFO  impl.RoleInfo (RoleInfo.java:shutdownLeaderElection(134)) - f26e10ed-fb17-49e6-a903-eadc130d13d1: shutdown LeaderElection
2019-10-30 11:52:51,895 [f26e10ed-fb17-49e6-a903-eadc130d13d1@group-83984122B78E-LeaderElection288] INFO  impl.RoleInfo (RoleInfo.java:updateAndGet(143)) - f26e10ed-fb17-49e6-a903-eadc130d13d1: start FollowerState
2019-10-30 11:52:51,898 [9dbd5372-55c2-4532-b354-9494d3d545d2@group-F367C8FA5986-LeaderElection289] INFO  impl.LeaderElection (LeaderElection.java:askForVotes(178)) - 9dbd5372-55c2-4532-b354-9494d3d545d2@group-F367C8FA5986-LeaderElection289: begin an election at term 145 for -1: [9b3ef6c9-0245-4756-bf80-45d41f7a4453:192.168.157.220:37058, cd11b2f5-3187-4d03-bd60-931991550c17:192.168.157.220:43236, 9dbd5372-55c2-4532-b354-9494d3d545d2:192.168.157.220:42993], old=null
2019-10-30 11:52:51,899 [grpc-default-executor-8] INFO  impl.RaftServerImpl (RaftServerImpl.java:setRole(184)) - 9b3ef6c9-0245-4756-bf80-45d41f7a4453@group-F367C8FA5986: changes role from  FOLLOWER to FOLLOWER at term 145 for recognizeCandidate:9dbd5372-55c2-4532-b354-9494d3d545d2
2019-10-30 11:52:51,899 [grpc-default-executor-8] INFO  impl.RoleInfo (RoleInfo.java:shutdownFollowerState(121)) - 9b3ef6c9-0245-4756-bf80-45d41f7a4453: shutdown FollowerState
2019-10-30 11:52:51,899 [grpc-default-executor-1] INFO  impl.RaftServerImpl (RaftServerImpl.java:setRole(184)) - cd11b2f5-3187-4d03-bd60-931991550c17@group-F367C8FA5986: changes role from  FOLLOWER to FOLLOWER at term 145 for recognizeCandidate:9dbd5372-55c2-4532-b354-9494d3d545d2
2019-10-30 11:52:51,899 [grpc-default-executor-8] INFO  impl.RoleInfo (RoleInfo.java:updateAndGet(143)) - 9b3ef6c9-0245-4756-bf80-45d41f7a4453: start FollowerState
2019-10-30 11:52:51,899 [Thread-2270] INFO  impl.FollowerState (FollowerState.java:run(117)) - 9b3ef6c9-0245-4756-bf80-45d41f7a4453@group-F367C8FA5986-FollowerState was interrupted: java.lang.InterruptedException: sleep interrupted
2019-10-30 11:52:51,899 [grpc-default-executor-1] INFO  impl.RoleInfo (RoleInfo.java:shutdownFollowerState(121)) - cd11b2f5-3187-4d03-bd60-931991550c17: shutdown FollowerState
2019-10-30 11:52:51,899 [grpc-default-executor-1] INFO  impl.RoleInfo (RoleInfo.java:updateAndGet(143)) - cd11b2f5-3187-4d03-bd60-931991550c17: start FollowerState
2019-10-30 11:52:51,900 [Thread-2269] INFO  impl.FollowerState (FollowerState.java:run(117)) - cd11b2f5-3187-4d03-bd60-931991550c17@group-F367C8FA5986-FollowerState was interrupted: java.lang.InterruptedException: sleep interrupted
2019-10-30 11:52:51,912 [9dbd5372-55c2-4532-b354-9494d3d545d2@group-F367C8FA5986-LeaderElection289] INFO  impl.LeaderElection (LeaderElection.java:logAndReturn(56)) - 9dbd5372-55c2-4532-b354-9494d3d545d2@group-F367C8FA5986-LeaderElection289: Election REJECTED; received 2 response(s) [9dbd5372-55c2-4532-b354-9494d3d545d2<-9b3ef6c9-0245-4756-bf80-45d41f7a4453#0:FAIL-t145, 9dbd5372-55c2-4532-b354-9494d3d545d2<-cd11b2f5-3187-4d03-bd60-931991550c17#0:FAIL-t145] and 0 exception(s); 9dbd5372-55c2-4532-b354-9494d3d545d2@group-F367C8FA5986:t145, leader=null, voted=9dbd5372-55c2-4532-b354-9494d3d545d2, raftlog=9dbd5372-55c2-4532-b354-9494d3d545d2@group-F367C8FA5986-SegmentedRaftLog:OPENED:c-1,f-1,i0, conf=-1: [9b3ef6c9-0245-4756-bf80-45d41f7a4453:192.168.157.220:37058, cd11b2f5-3187-4d03-bd60-931991550c17:192.168.157.220:43236, 9dbd5372-55c2-4532-b354-9494d3d545d2:192.168.157.220:42993], old=null
2019-10-30 11:52:51,912 [9dbd5372-55c2-4532-b354-9494d3d545d2@group-F367C8FA5986-LeaderElection289] INFO  impl.RaftServerImpl (RaftServerImpl.java:setRole(184)) - 9dbd5372-55c2-4532-b354-9494d3d545d2@group-F367C8FA5986: changes role from CANDIDATE to FOLLOWER at term 145 for DISCOVERED_A_NEW_TERM
2019-10-30 11:52:51,912 [9dbd5372-55c2-4532-b354-9494d3d545d2@group-F367C8FA5986-LeaderElection289] INFO  impl.RoleInfo (RoleInfo.java:shutdownLeaderElection(134)) - 9dbd5372-55c2-4532-b354-9494d3d545d2: shutdown LeaderElection
2019-10-30 11:52:51,912 [9dbd5372-55c2-4532-b354-9494d3d545d2@group-F367C8FA5986-LeaderElection289] INFO  impl.RoleInfo (RoleInfo.java:updateAndGet(143)) - 9dbd5372-55c2-4532-b354-9494d3d545d2: start FollowerState
2019-10-30 11:52:51,956 [Thread-2286] INFO  impl.FollowerState (FollowerState.java:run(108)) - f26e10ed-fb17-49e6-a903-eadc130d13d1@group-83984122B78E-FollowerState: change to CANDIDATE, lastRpcTime:60ms, electionTimeout:60ms
2019-10-30 11:52:51,956 [Thread-2286] INFO  impl.RoleInfo (RoleInfo.java:shutdownFollowerState(121)) - f26e10ed-fb17-49e6-a903-eadc130d13d1: shutdown FollowerState
2019-10-30 11:52:51,956 [Thread-2286] INFO  impl.RaftServerImpl (RaftServerImpl.java:setRole(184)) - f26e10ed-fb17-49e6-a903-eadc130d13d1@group-83984122B78E: changes role from  FOLLOWER to CANDIDATE at term 157 for changeToCandidate
2019-10-30 11:52:51,956 [Thread-2286] INFO  impl.RoleInfo (RoleInfo.java:updateAndGet(143)) - f26e10ed-fb17-49e6-a903-eadc130d13d1: start LeaderElection
2019-10-30 11:52:51,961 [f26e10ed-fb17-49e6-a903-eadc130d13d1@group-83984122B78E-LeaderElection290] INFO  impl.LeaderElection (LeaderElection.java:askForVotes(178)) - f26e10ed-fb17-49e6-a903-eadc130d13d1@group-83984122B78E-LeaderElection290: begin an election at term 158 for -1: [4f16e274-8663-4a15-9c4c-c81f650ab979:192.168.157.220:38181, 4cc44201-a597-43af-a4ec-5b1b407a6250:192.168.157.220:36685, f26e10ed-fb17-49e6-a903-eadc130d13d1:192.168.157.220:32806], old=null
2019-10-30 11:52:51,961 [f26e10ed-fb17-49e6-a903-eadc130d13d1@group-83984122B78E-LeaderElection290] INFO  impl.LeaderElection (LeaderElection.java:logAndReturn(56)) - f26e10ed-fb17-49e6-a903-eadc130d13d1@group-83984122B78E-LeaderElection290: Election TIMEOUT; received 0 response(s) [] and 0 exception(s); f26e10ed-fb17-49e6-a903-eadc130d13d1@group-83984122B78E:t158, leader=null, voted=f26e10ed-fb17-49e6-a903-eadc130d13d1, raftlog=f26e10ed-fb17-49e6-a903-eadc130d13d1@group-83984122B78E-SegmentedRaftLog:OPENED:c-1,f-1,i0, conf=-1: [4f16e274-8663-4a15-9c4c-c81f650ab979:192.168.157.220:38181, 4cc44201-a597-43af-a4ec-5b1b407a6250:192.168.157.220:36685, f26e10ed-fb17-49e6-a903-eadc130d13d1:192.168.157.220:32806], old=null
2019-10-30 11:52:51,962 [grpc-default-executor-1] INFO  impl.RaftServerImpl (RaftServerImpl.java:setRole(184)) - 4cc44201-a597-43af-a4ec-5b1b407a6250@group-83984122B78E: changes role from  FOLLOWER to FOLLOWER at term 158 for recognizeCandidate:f26e10ed-fb17-49e6-a903-eadc130d13d1
2019-10-30 11:52:51,962 [grpc-default-executor-8] INFO  impl.RaftServerImpl (RaftServerImpl.java:setRole(184)) - 4f16e274-8663-4a15-9c4c-c81f650ab979@group-83984122B78E: changes role from  FOLLOWER to FOLLOWER at term 158 for recognizeCandidate:f26e10ed-fb17-49e6-a903-eadc130d13d1
2019-10-30 11:52:51,962 [grpc-default-executor-1] INFO  impl.RoleInfo (RoleInfo.java:shutdownFollowerState(121)) - 4cc44201-a597-43af-a4ec-5b1b407a6250: shutdown FollowerState
2019-10-30 11:52:51,962 [grpc-default-executor-8] INFO  impl.RoleInfo (RoleInfo.java:shutdownFollowerState(121)) - 4f16e274-8663-4a15-9c4c-c81f650ab979: shutdown FollowerState
2019-10-30 11:52:51,962 [Thread-2284] INFO  impl.FollowerState (FollowerState.java:run(117)) - 4cc44201-a597-43af-a4ec-5b1b407a6250@group-83984122B78E-FollowerState was interrupted: java.lang.InterruptedException: sleep interrupted
2019-10-30 11:52:51,962 [grpc-default-executor-1] INFO  impl.RoleInfo (RoleInfo.java:updateAndGet(143)) - 4cc44201-a597-43af-a4ec-5b1b407a6250: start FollowerState
2019-10-30 11:52:51,963 [Thread-2283] INFO  impl.FollowerState (FollowerState.java:run(117)) - 4f16e274-8663-4a15-9c4c-c81f650ab979@group-83984122B78E-FollowerState was interrupted: java.lang.InterruptedException: sleep interrupted
2019-10-30 11:52:51,963 [grpc-default-executor-8] INFO  impl.RoleInfo (RoleInfo.java:updateAndGet(143)) - 4f16e274-8663-4a15-9c4c-c81f650ab979: start FollowerState
2019-10-30 11:52:51,986 [f26e10ed-fb17-49e6-a903-eadc130d13d1@group-83984122B78E-LeaderElection290] INFO  impl.LeaderElection (LeaderElection.java:askForVotes(178)) - f26e10ed-fb17-49e6-a903-eadc130d13d1@group-83984122B78E-LeaderElection290: begin an election at term 159 for -1: [4f16e274-8663-4a15-9c4c-c81f650ab979:192.168.157.220:38181, 4cc44201-a597-43af-a4ec-5b1b407a6250:192.168.157.220:36685, f26e10ed-fb17-49e6-a903-eadc130d13d1:192.168.157.220:32806], old=null
2019-10-30 11:52:51,987 [grpc-default-executor-1] INFO  impl.RaftServerImpl (RaftServerImpl.java:setRole(184)) - 4cc44201-a597-43af-a4ec-5b1b407a6250@group-83984122B78E: changes role from  FOLLOWER to FOLLOWER at term 159 for recognizeCandidate:f26e10ed-fb17-49e6-a903-eadc130d13d1
2019-10-30 11:52:51,987 [grpc-default-executor-1] INFO  impl.RoleInfo (RoleInfo.java:shutdownFollowerState(121)) - 4cc44201-a597-43af-a4ec-5b1b407a6250: shutdown FollowerState
2019-10-30 11:52:51,987 [grpc-default-executor-8] INFO  impl.RaftServerImpl (RaftServerImpl.java:setRole(184)) - 4f16e274-8663-4a15-9c4c-c81f650ab979@group-83984122B78E: changes role from  FOLLOWER to FOLLOWER at term 159 for recognizeCandidate:f26e10ed-fb17-49e6-a903-eadc130d13d1
2019-10-30 11:52:51,987 [grpc-default-executor-1] INFO  impl.RoleInfo (RoleInfo.java:updateAndGet(143)) - 4cc44201-a597-43af-a4ec-5b1b407a6250: start FollowerState
2019-10-30 11:52:51,987 [grpc-default-executor-8] INFO  impl.RoleInfo (RoleInfo.java:shutdownFollowerState(121)) - 4f16e274-8663-4a15-9c4c-c81f650ab979: shutdown FollowerState
2019-10-30 11:52:51,988 [grpc-default-executor-8] INFO  impl.RoleInfo (RoleInfo.java:updateAndGet(143)) - 4f16e274-8663-4a15-9c4c-c81f650ab979: start FollowerState
2019-10-30 11:52:51,988 [Thread-2296] INFO  impl.FollowerState (FollowerState.java:run(117)) - 4f16e274-8663-4a15-9c4c-c81f650ab979@group-83984122B78E-FollowerState was interrupted: java.lang.InterruptedException: sleep interrupted
2019-10-30 11:52:51,988 [Thread-2295] INFO  impl.FollowerState (FollowerState.java:run(117)) - 4cc44201-a597-43af-a4ec-5b1b407a6250@group-83984122B78E-FollowerState was interrupted: java.lang.InterruptedException: sleep interrupted
2019-10-30 11:52:52,010 [f26e10ed-fb17-49e6-a903-eadc130d13d1@group-83984122B78E-LeaderElection290] INFO  impl.LeaderElection (LeaderElection.java:logAndReturn(56)) - f26e10ed-fb17-49e6-a903-eadc130d13d1@group-83984122B78E-LeaderElection290: Election REJECTED; received 2 response(s) [f26e10ed-fb17-49e6-a903-eadc130d13d1<-4f16e274-8663-4a15-9c4c-c81f650ab979#0:FAIL-t159, f26e10ed-fb17-49e6-a903-eadc130d13d1<-4cc44201-a597-43af-a4ec-5b1b407a6250#0:FAIL-t159] and 0 exception(s); f26e10ed-fb17-49e6-a903-eadc130d13d1@group-83984122B78E:t159, leader=null, voted=f26e10ed-fb17-49e6-a903-eadc130d13d1, raftlog=f26e10ed-fb17-49e6-a903-eadc130d13d1@group-83984122B78E-SegmentedRaftLog:OPENED:c-1,f-1,i0, conf=-1: [4f16e274-8663-4a15-9c4c-c81f650ab979:192.168.157.220:38181, 4cc44201-a597-43af-a4ec-5b1b407a6250:192.168.157.220:36685, f26e10ed-fb17-49e6-a903-eadc130d13d1:192.168.157.220:32806], old=null
2019-10-30 11:52:52,011 [f26e10ed-fb17-49e6-a903-eadc130d13d1@group-83984122B78E-LeaderElection290] INFO  impl.RaftServerImpl (RaftServerImpl.java:setRole(184)) - f26e10ed-fb17-49e6-a903-eadc130d13d1@group-83984122B78E: changes role from CANDIDATE to FOLLOWER at term 159 for DISCOVERED_A_NEW_TERM
2019-10-30 11:52:52,011 [f26e10ed-fb17-49e6-a903-eadc130d13d1@group-83984122B78E-LeaderElection290] INFO  impl.RoleInfo (RoleInfo.java:shutdownLeaderElection(134)) - f26e10ed-fb17-49e6-a903-eadc130d13d1: shutdown LeaderElection
2019-10-30 11:52:52,011 [f26e10ed-fb17-49e6-a903-eadc130d13d1@group-83984122B78E-LeaderElection290] INFO  impl.RoleInfo (RoleInfo.java:updateAndGet(143)) - f26e10ed-fb17-49e6-a903-eadc130d13d1: start FollowerState
2019-10-30 11:52:52,073 [Thread-2291] INFO  impl.FollowerState (FollowerState.java:run(108)) - 9dbd5372-55c2-4532-b354-9494d3d545d2@group-F367C8FA5986-FollowerState: change to CANDIDATE, lastRpcTime:161ms, electionTimeout:161ms
2019-10-30 11:52:52,073 [Thread-2291] INFO  impl.RoleInfo (RoleInfo.java:shutdownFollowerState(121)) - 9dbd5372-55c2-4532-b354-9494d3d545d2: shutdown FollowerState
2019-10-30 11:52:52,073 [Thread-2291] INFO  impl.RaftServerImpl (RaftServerImpl.java:setRole(184)) - 9dbd5372-55c2-4532-b354-9494d3d545d2@group-F367C8FA5986: changes role from  FOLLOWER to CANDIDATE at term 145 for changeToCandidate
2019-10-30 11:52:52,073 [Thread-2291] INFO  impl.RoleInfo (RoleInfo.java:updateAndGet(143)) - 9dbd5372-55c2-4532-b354-9494d3d545d2: start LeaderElection
2019-10-30 11:52:52,076 [9dbd5372-55c2-4532-b354-9494d3d545d2@group-F367C8FA5986-LeaderElection291] INFO  impl.LeaderElection (LeaderElection.java:askForVotes(178)) - 9dbd5372-55c2-4532-b354-9494d3d545d2@group-F367C8FA5986-LeaderElection291: begin an election at term 146 for -1: [9b3ef6c9-0245-4756-bf80-45d41f7a4453:192.168.157.220:37058, cd11b2f5-3187-4d03-bd60-931991550c17:192.168.157.220:43236, 9dbd5372-55c2-4532-b354-9494d3d545d2:192.168.157.220:42993], old=null
2019-10-30 11:52:52,078 [grpc-default-executor-8] INFO  impl.RaftServerImpl (RaftServerImpl.java:setRole(184)) - 9b3ef6c9-0245-4756-bf80-45d41f7a4453@group-F367C8FA5986: changes role from  FOLLOWER to FOLLOWER at term 146 for recognizeCandidate:9dbd5372-55c2-4532-b354-9494d3d545d2
2019-10-30 11:52:52,078 [grpc-default-executor-1] INFO  impl.RaftServerImpl (RaftServerImpl.java:setRole(184)) - cd11b2f5-3187-4d03-bd60-931991550c17@group-F367C8FA5986: changes role from  FOLLOWER to FOLLOWER at term 146 for recognizeCandidate:9dbd5372-55c2-4532-b354-9494d3d545d2
2019-10-30 11:52:52,078 [grpc-default-executor-1] INFO  impl.RoleInfo (RoleInfo.java:shutdownFollowerState(121)) - cd11b2f5-3187-4d03-bd60-931991550c17: shutdown FollowerState
2019-10-30 11:52:52,078 [grpc-default-executor-8] INFO  impl.RoleInfo (RoleInfo.java:shutdownFollowerState(121)) - 9b3ef6c9-0245-4756-bf80-45d41f7a4453: shutdown FollowerState
2019-10-30 11:52:52,078 [Thread-2290] INFO  impl.FollowerState (FollowerState.java:run(117)) - cd11b2f5-3187-4d03-bd60-931991550c17@group-F367C8FA5986-FollowerState was interrupted: java.lang.InterruptedException: sleep interrupted
2019-10-30 11:52:52,078 [grpc-default-executor-1] INFO  impl.RoleInfo (RoleInfo.java:updateAndGet(143)) - cd11b2f5-3187-4d03-bd60-931991550c17: start FollowerState
2019-10-30 11:52:52,078 [Thread-2289] INFO  impl.FollowerState (FollowerState.java:run(117)) - 9b3ef6c9-0245-4756-bf80-45d41f7a4453@group-F367C8FA5986-FollowerState was interrupted: java.lang.InterruptedException: sleep interrupted
2019-10-30 11:52:52,078 [grpc-default-executor-8] INFO  impl.RoleInfo (RoleInfo.java:updateAndGet(143)) - 9b3ef6c9-0245-4756-bf80-45d41f7a4453: start FollowerState
2019-10-30 11:52:52,087 [9dbd5372-55c2-4532-b354-9494d3d545d2@group-F367C8FA5986-LeaderElection291] INFO  impl.LeaderElection (LeaderElection.java:logAndReturn(56)) - 9dbd5372-55c2-4532-b354-9494d3d545d2@group-F367C8FA5986-LeaderElection291: Election REJECTED; received 2 response(s) [9dbd5372-55c2-4532-b354-9494d3d545d2<-9b3ef6c9-0245-4756-bf80-45d41f7a4453#0:FAIL-t146, 9dbd5372-55c2-4532-b354-9494d3d545d2<-cd11b2f5-3187-4d03-bd60-931991550c17#0:FAIL-t146] and 0 exception(s); 9dbd5372-55c2-4532-b354-9494d3d545d2@group-F367C8FA5986:t146, leader=null, voted=9dbd5372-55c2-4532-b354-9494d3d545d2, raftlog=9dbd5372-55c2-4532-b354-9494d3d545d2@group-F367C8FA5986-SegmentedRaftLog:OPENED:c-1,f-1,i0, conf=-1: [9b3ef6c9-0245-4756-bf80-45d41f7a4453:192.168.157.220:37058, cd11b2f5-3187-4d03-bd60-931991550c17:192.168.157.220:43236, 9dbd5372-55c2-4532-b354-9494d3d545d2:192.168.157.220:42993], old=null
2019-10-30 11:52:52,087 [9dbd5372-55c2-4532-b354-9494d3d545d2@group-F367C8FA5986-LeaderElection291] INFO  impl.RaftServerImpl (RaftServerImpl.java:setRole(184)) - 9dbd5372-55c2-4532-b354-9494d3d545d2@group-F367C8FA5986: changes role from CANDIDATE to FOLLOWER at term 146 for DISCOVERED_A_NEW_TERM
2019-10-30 11:52:52,087 [9dbd5372-55c2-4532-b354-9494d3d545d2@group-F367C8FA5986-LeaderElection291] INFO  impl.RoleInfo (RoleInfo.java:shutdownLeaderElection(134)) - 9dbd5372-55c2-4532-b354-9494d3d545d2: shutdown LeaderElection
2019-10-30 11:52:52,087 [9dbd5372-55c2-4532-b354-9494d3d545d2@group-F367C8FA5986-LeaderElection291] INFO  impl.RoleInfo (RoleInfo.java:updateAndGet(143)) - 9dbd5372-55c2-4532-b354-9494d3d545d2: start FollowerState
2019-10-30 11:52:52,146 [Thread-2301] INFO  impl.FollowerState (FollowerState.java:run(108)) - f26e10ed-fb17-49e6-a903-eadc130d13d1@group-83984122B78E-FollowerState: change to CANDIDATE, lastRpcTime:135ms, electionTimeout:135ms
2019-10-30 11:52:52,146 [Thread-2301] INFO  impl.RoleInfo (RoleInfo.java:shutdownFollowerState(121)) - f26e10ed-fb17-49e6-a903-eadc130d13d1: shutdown FollowerState
2019-10-30 11:52:52,147 [Thread-2301] INFO  impl.RaftServerImpl (RaftServerImpl.java:setRole(184)) - f26e10ed-fb17-49e6-a903-eadc130d13d1@group-83984122B78E: changes role from  FOLLOWER to CANDIDATE at term 159 for changeToCandidate
2019-10-30 11:52:52,147 [Thread-2301] INFO  impl.RoleInfo (RoleInfo.java:updateAndGet(143)) - f26e10ed-fb17-49e6-a903-eadc130d13d1: start LeaderElection
2019-10-30 11:52:52,150 [f26e10ed-fb17-49e6-a903-eadc130d13d1@group-83984122B78E-LeaderElection292] INFO  impl.LeaderElection (LeaderElection.java:askForVotes(178)) - f26e10ed-fb17-49e6-a903-eadc130d13d1@group-83984122B78E-LeaderElection292: begin an election at term 160 for -1: [4f16e274-8663-4a15-9c4c-c81f650ab979:192.168.157.220:38181, 4cc44201-a597-43af-a4ec-5b1b407a6250:192.168.157.220:36685, f26e10ed-fb17-49e6-a903-eadc130d13d1:192.168.157.220:32806], old=null
2019-10-30 11:52:52,152 [grpc-default-executor-8] INFO  impl.RaftServerImpl (RaftServerImpl.java:setRole(184)) - 4f16e274-8663-4a15-9c4c-c81f650ab979@group-83984122B78E: changes role from  FOLLOWER to FOLLOWER at term 160 for recognizeCandidate:f26e10ed-fb17-49e6-a903-eadc130d13d1
2019-10-30 11:52:52,152 [grpc-default-executor-1] INFO  impl.RaftServerImpl (RaftServerImpl.java:setRole(184)) - 4cc44201-a597-43af-a4ec-5b1b407a6250@group-83984122B78E: changes role from  FOLLOWER to FOLLOWER at term 160 for recognizeCandidate:f26e10ed-fb17-49e6-a903-eadc130d13d1
2019-10-30 11:52:52,152 [grpc-default-executor-1] INFO  impl.RoleInfo (RoleInfo.java:shutdownFollowerState(121)) - 4cc44201-a597-43af-a4ec-5b1b407a6250: shutdown FollowerState
2019-10-30 11:52:52,152 [grpc-default-executor-8] INFO  impl.RoleInfo (RoleInfo.java:shutdownFollowerState(121)) - 4f16e274-8663-4a15-9c4c-c81f650ab979: shutdown FollowerState
2019-10-30 11:52:52,153 [Thread-2299] INFO  impl.FollowerState (FollowerState.java:run(117)) - 4cc44201-a597-43af-a4ec-5b1b407a6250@group-83984122B78E-FollowerState was interrupted: java.lang.InterruptedException: sleep interrupted
2019-10-30 11:52:52,153 [grpc-default-executor-1] INFO  impl.RoleInfo (RoleInfo.java:updateAndGet(143)) - 4cc44201-a597-43af-a4ec-5b1b407a6250: start FollowerState
2019-10-30 11:52:52,153 [Thread-2300] INFO  impl.FollowerState (FollowerState.java:run(117)) - 4f16e274-8663-4a15-9c4c-c81f650ab979@group-83984122B78E-FollowerState was interrupted: java.lang.InterruptedException: sleep interrupted
2019-10-30 11:52:52,153 [grpc-default-executor-8] INFO  impl.RoleInfo (RoleInfo.java:updateAndGet(143)) - 4f16e274-8663-4a15-9c4c-c81f650ab979: start FollowerState
2019-10-30 11:52:52,158 [f26e10ed-fb17-49e6-a903-eadc130d13d1@group-83984122B78E-LeaderElection292] INFO  impl.LeaderElection (LeaderElection.java:logAndReturn(56)) - f26e10ed-fb17-49e6-a903-eadc130d13d1@group-83984122B78E-LeaderElection292: Election REJECTED; received 2 response(s) [f26e10ed-fb17-49e6-a903-eadc130d13d1<-4f16e274-8663-4a15-9c4c-c81f650ab979#0:FAIL-t160, f26e10ed-fb17-49e6-a903-eadc130d13d1<-4cc44201-a597-43af-a4ec-5b1b407a6250#0:FAIL-t160] and 0 exception(s); f26e10ed-fb17-49e6-a903-eadc130d13d1@group-83984122B78E:t160, leader=null, voted=f26e10ed-fb17-49e6-a903-eadc130d13d1, raftlog=f26e10ed-fb17-49e6-a903-eadc130d13d1@group-83984122B78E-SegmentedRaftLog:OPENED:c-1,f-1,i0, conf=-1: [4f16e274-8663-4a15-9c4c-c81f650ab979:192.168.157.220:38181, 4cc44201-a597-43af-a4ec-5b1b407a6250:192.168.157.220:36685, f26e10ed-fb17-49e6-a903-eadc130d13d1:192.168.157.220:32806], old=null
2019-10-30 11:52:52,158 [f26e10ed-fb17-49e6-a903-eadc130d13d1@group-83984122B78E-LeaderElection292] INFO  impl.RaftServerImpl (RaftServerImpl.java:setRole(184)) - f26e10ed-fb17-49e6-a903-eadc130d13d1@group-83984122B78E: changes role from CANDIDATE to FOLLOWER at term 160 for DISCOVERED_A_NEW_TERM
2019-10-30 11:52:52,158 [f26e10ed-fb17-49e6-a903-eadc130d13d1@group-83984122B78E-LeaderElection292] INFO  impl.RoleInfo (RoleInfo.java:shutdownLeaderElection(134)) - f26e10ed-fb17-49e6-a903-eadc130d13d1: shutdown LeaderElection
2019-10-30 11:52:52,159 [f26e10ed-fb17-49e6-a903-eadc130d13d1@group-83984122B78E-LeaderElection292] INFO  impl.RoleInfo (RoleInfo.java:updateAndGet(143)) - f26e10ed-fb17-49e6-a903-eadc130d13d1: start FollowerState
2019-10-30 11:52:52,178 [Thread-2309] INFO  impl.FollowerState (FollowerState.java:run(108)) - 9dbd5372-55c2-4532-b354-9494d3d545d2@group-F367C8FA5986-FollowerState: change to CANDIDATE, lastRpcTime:91ms, electionTimeout:91ms
2019-10-30 11:52:52,178 [Thread-2309] INFO  impl.RoleInfo (RoleInfo.java:shutdownFollowerState(121)) - 9dbd5372-55c2-4532-b354-9494d3d545d2: shutdown FollowerState
2019-10-30 11:52:52,178 [Thread-2309] INFO  impl.RaftServerImpl (RaftServerImpl.java:setRole(184)) - 9dbd5372-55c2-4532-b354-9494d3d545d2@group-F367C8FA5986: changes role from  FOLLOWER to CANDIDATE at term 146 for changeToCandidate
2019-10-30 11:52:52,179 [Thread-2309] INFO  impl.RoleInfo (RoleInfo.java:updateAndGet(143)) - 9dbd5372-55c2-4532-b354-9494d3d545d2: start LeaderElection
2019-10-30 11:52:52,190 [9dbd5372-55c2-4532-b354-9494d3d545d2@group-F367C8FA5986-LeaderElection293] INFO  impl.LeaderElection (LeaderElection.java:askForVotes(178)) - 9dbd5372-55c2-4532-b354-9494d3d545d2@group-F367C8FA5986-LeaderElection293: begin an election at term 147 for -1: [9b3ef6c9-0245-4756-bf80-45d41f7a4453:192.168.157.220:37058, cd11b2f5-3187-4d03-bd60-931991550c17:192.168.157.220:43236, 9dbd5372-55c2-4532-b354-9494d3d545d2:192.168.157.220:42993], old=null
2019-10-30 11:52:52,192 [grpc-default-executor-1] INFO  impl.RaftServerImpl (RaftServerImpl.java:setRole(184)) - 9b3ef6c9-0245-4756-bf80-45d41f7a4453@group-F367C8FA5986: changes role from  FOLLOWER to FOLLOWER at term 147 for recognizeCandidate:9dbd5372-55c2-4532-b354-9494d3d545d2
2019-10-30 11:52:52,192 [grpc-default-executor-1] INFO  impl.RoleInfo (RoleInfo.java:shutdownFollowerState(121)) - 9b3ef6c9-0245-4756-bf80-45d41f7a4453: shutdown FollowerState
2019-10-30 11:52:52,192 [grpc-default-executor-1] INFO  impl.RoleInfo (RoleInfo.java:updateAndGet(143)) - 9b3ef6c9-0245-4756-bf80-45d41f7a4453: start FollowerState
2019-10-30 11:52:52,192 [Thread-2308] INFO  impl.FollowerState (FollowerState.java:run(117)) - 9b3ef6c9-0245-4756-bf80-45d41f7a4453@group-F367C8FA5986-FollowerState was interrupted: java.lang.InterruptedException: sleep interrupted
2019-10-30 11:52:52,193 [grpc-default-executor-8] INFO  impl.RaftServerImpl (RaftServerImpl.java:setRole(184)) - cd11b2f5-3187-4d03-bd60-931991550c17@group-F367C8FA5986: changes role from  FOLLOWER to FOLLOWER at term 147 for recognizeCandidate:9dbd5372-55c2-4532-b354-9494d3d545d2
2019-10-30 11:52:52,193 [grpc-default-executor-8] INFO  impl.RoleInfo (RoleInfo.java:shutdownFollowerState(121)) - cd11b2f5-3187-4d03-bd60-931991550c17: shutdown FollowerState
2019-10-30 11:52:52,193 [grpc-default-executor-8] INFO  impl.RoleInfo (RoleInfo.java:updateAndGet(143)) - cd11b2f5-3187-4d03-bd60-931991550c17: start FollowerState
2019-10-30 11:52:52,193 [Thread-2307] INFO  impl.FollowerState (FollowerState.java:run(117)) - cd11b2f5-3187-4d03-bd60-931991550c17@group-F367C8FA5986-FollowerState was interrupted: java.lang.InterruptedException: sleep interrupted
2019-10-30 11:52:52,203 [9dbd5372-55c2-4532-b354-9494d3d545d2@group-F367C8FA5986-LeaderElection293] INFO  impl.LeaderElection (LeaderElection.java:logAndReturn(56)) - 9dbd5372-55c2-4532-b354-9494d3d545d2@group-F367C8FA5986-LeaderElection293: Election REJECTED; received 2 response(s) [9dbd5372-55c2-4532-b354-9494d3d545d2<-9b3ef6c9-0245-4756-bf80-45d41f7a4453#0:FAIL-t147, 9dbd5372-55c2-4532-b354-9494d3d545d2<-cd11b2f5-3187-4d03-bd60-931991550c17#0:FAIL-t147] and 0 exception(s); 9dbd5372-55c2-4532-b354-9494d3d545d2@group-F367C8FA5986:t147, leader=null, voted=9dbd5372-55c2-4532-b354-9494d3d545d2, raftlog=9dbd5372-55c2-4532-b354-9494d3d545d2@group-F367C8FA5986-SegmentedRaftLog:OPENED:c-1,f-1,i0, conf=-1: [9b3ef6c9-0245-4756-bf80-45d41f7a4453:192.168.157.220:37058, cd11b2f5-3187-4d03-bd60-931991550c17:192.168.157.220:43236, 9dbd5372-55c2-4532-b354-9494d3d545d2:192.168.157.220:42993], old=null
2019-10-30 11:52:52,203 [9dbd5372-55c2-4532-b354-9494d3d545d2@group-F367C8FA5986-LeaderElection293] INFO  impl.RaftServerImpl (RaftServerImpl.java:setRole(184)) - 9dbd5372-55c2-4532-b354-9494d3d545d2@group-F367C8FA5986: changes role from CANDIDATE to FOLLOWER at term 147 for DISCOVERED_A_NEW_TERM
2019-10-30 11:52:52,203 [9dbd5372-55c2-4532-b354-9494d3d545d2@group-F367C8FA5986-LeaderElection293] INFO  impl.RoleInfo (RoleInfo.java:shutdownLeaderElection(134)) - 9dbd5372-55c2-4532-b354-9494d3d545d2: shutdown LeaderElection
2019-10-30 11:52:52,203 [9dbd5372-55c2-4532-b354-9494d3d545d2@group-F367C8FA5986-LeaderElection293] INFO  impl.RoleInfo (RoleInfo.java:updateAndGet(143)) - 9dbd5372-55c2-4532-b354-9494d3d545d2: start FollowerState
2019-10-30 11:52:52,338 [Thread-2315] INFO  impl.FollowerState (FollowerState.java:run(108)) - f26e10ed-fb17-49e6-a903-eadc130d13d1@group-83984122B78E-FollowerState: change to CANDIDATE, lastRpcTime:179ms, electionTimeout:179ms
2019-10-30 11:52:52,338 [Thread-2315] INFO  impl.RoleInfo (RoleInfo.java:shutdownFollowerState(121)) - f26e10ed-fb17-49e6-a903-eadc130d13d1: shutdown FollowerState
2019-10-30 11:52:52,338 [Thread-2315] INFO  impl.RaftServerImpl (RaftServerImpl.java:setRole(184)) - f26e10ed-fb17-49e6-a903-eadc130d13d1@group-83984122B78E: changes role from  FOLLOWER to CANDIDATE at term 160 for changeToCandidate
2019-10-30 11:52:52,338 [Thread-2315] INFO  impl.RoleInfo (RoleInfo.java:updateAndGet(143)) - f26e10ed-fb17-49e6-a903-eadc130d13d1: start LeaderElection
2019-10-30 11:52:52,342 [f26e10ed-fb17-49e6-a903-eadc130d13d1@group-83984122B78E-LeaderElection294] INFO  impl.LeaderElection (LeaderElection.java:askForVotes(178)) - f26e10ed-fb17-49e6-a903-eadc130d13d1@group-83984122B78E-LeaderElection294: begin an election at term 161 for -1: [4f16e274-8663-4a15-9c4c-c81f650ab979:192.168.157.220:38181, 4cc44201-a597-43af-a4ec-5b1b407a6250:192.168.157.220:36685, f26e10ed-fb17-49e6-a903-eadc130d13d1:192.168.157.220:32806], old=null
2019-10-30 11:52:52,343 [grpc-default-executor-8] INFO  impl.RaftServerImpl (RaftServerImpl.java:setRole(184)) - 4f16e274-8663-4a15-9c4c-c81f650ab979@group-83984122B78E: changes role from  FOLLOWER to FOLLOWER at term 161 for recognizeCandidate:f26e10ed-fb17-49e6-a903-eadc130d13d1
2019-10-30 11:52:52,343 [grpc-default-executor-1] INFO  impl.RaftServerImpl (RaftServerImpl.java:setRole(184)) - 4cc44201-a597-43af-a4ec-5b1b407a6250@group-83984122B78E: changes role from  FOLLOWER to FOLLOWER at term 161 for recognizeCandidate:f26e10ed-fb17-49e6-a903-eadc130d13d1
2019-10-30 11:52:52,343 [grpc-default-executor-1] INFO  impl.RoleInfo (RoleInfo.java:shutdownFollowerState(121)) - 4cc44201-a597-43af-a4ec-5b1b407a6250: shutdown FollowerState
2019-10-30 11:52:52,343 [grpc-default-executor-8] INFO  impl.RoleInfo (RoleInfo.java:shutdownFollowerState(121)) - 4f16e274-8663-4a15-9c4c-c81f650ab979: shutdown FollowerState
2019-10-30 11:52:52,343 [Thread-2313] INFO  impl.FollowerState (FollowerState.java:run(117)) - 4cc44201-a597-43af-a4ec-5b1b407a6250@group-83984122B78E-FollowerState was interrupted: java.lang.InterruptedException: sleep interrupted
2019-10-30 11:52:52,343 [grpc-default-executor-1] INFO  impl.RoleInfo (RoleInfo.java:updateAndGet(143)) - 4cc44201-a597-43af-a4ec-5b1b407a6250: start FollowerState
2019-10-30 11:52:52,343 [Thread-2314] INFO  impl.FollowerState (FollowerState.java:run(117)) - 4f16e274-8663-4a15-9c4c-c81f650ab979@group-83984122B78E-FollowerState was interrupted: java.lang.InterruptedException: sleep interrupted
2019-10-30 11:52:52,343 [grpc-default-executor-8] INFO  impl.RoleInfo (RoleInfo.java:updateAndGet(143)) - 4f16e274-8663-4a15-9c4c-c81f650ab979: start FollowerState
2019-10-30 11:52:52,356 [Thread-2321] INFO  impl.FollowerState (FollowerState.java:run(108)) - 9dbd5372-55c2-4532-b354-9494d3d545d2@group-F367C8FA5986-FollowerState: change to CANDIDATE, lastRpcTime:153ms, electionTimeout:153ms
2019-10-30 11:52:52,356 [Thread-2321] INFO  impl.RoleInfo (RoleInfo.java:shutdownFollowerState(121)) - 9dbd5372-55c2-4532-b354-9494d3d545d2: shutdown FollowerState
2019-10-30 11:52:52,357 [Thread-2321] INFO  impl.RaftServerImpl (RaftServerImpl.java:setRole(184)) - 9dbd5372-55c2-4532-b354-9494d3d545d2@group-F367C8FA5986: changes role from  FOLLOWER to CANDIDATE at term 147 for changeToCandidate
2019-10-30 11:52:52,357 [Thread-2321] INFO  impl.RoleInfo (RoleInfo.java:updateAndGet(143)) - 9dbd5372-55c2-4532-b354-9494d3d545d2: start LeaderElection
2019-10-30 11:52:52,378 [9dbd5372-55c2-4532-b354-9494d3d545d2@group-F367C8FA5986-LeaderElection295] INFO  impl.LeaderElection (LeaderElection.java:askForVotes(178)) - 9dbd5372-55c2-4532-b354-9494d3d545d2@group-F367C8FA5986-LeaderElection295: begin an election at term 148 for -1: [9b3ef6c9-0245-4756-bf80-45d41f7a4453:192.168.157.220:37058, cd11b2f5-3187-4d03-bd60-931991550c17:192.168.157.220:43236, 9dbd5372-55c2-4532-b354-9494d3d545d2:192.168.157.220:42993], old=null
2019-10-30 11:52:52,386 [f26e10ed-fb17-49e6-a903-eadc130d13d1@group-83984122B78E-LeaderElection294] INFO  impl.LeaderElection (LeaderElection.java:logAndReturn(56)) - f26e10ed-fb17-49e6-a903-eadc130d13d1@group-83984122B78E-LeaderElection294: Election REJECTED; received 2 response(s) [f26e10ed-fb17-49e6-a903-eadc130d13d1<-4f16e274-8663-4a15-9c4c-c81f650ab979#0:FAIL-t161, f26e10ed-fb17-49e6-a903-eadc130d13d1<-4cc44201-a597-43af-a4ec-5b1b407a6250#0:FAIL-t161] and 0 exception(s); f26e10ed-fb17-49e6-a903-eadc130d13d1@group-83984122B78E:t161, leader=null, voted=f26e10ed-fb17-49e6-a903-eadc130d13d1, raftlog=f26e10ed-fb17-49e6-a903-eadc130d13d1@group-83984122B78E-SegmentedRaftLog:OPENED:c-1,f-1,i0, conf=-1: [4f16e274-8663-4a15-9c4c-c81f650ab979:192.168.157.220:38181, 4cc44201-a597-43af-a4ec-5b1b407a6250:192.168.157.220:36685, f26e10ed-fb17-49e6-a903-eadc130d13d1:192.168.157.220:32806], old=null
2019-10-30 11:52:52,386 [f26e10ed-fb17-49e6-a903-eadc130d13d1@group-83984122B78E-LeaderElection294] INFO  impl.RaftServerImpl (RaftServerImpl.java:setRole(184)) - f26e10ed-fb17-49e6-a903-eadc130d13d1@group-83984122B78E: changes role from CANDIDATE to FOLLOWER at term 161 for DISCOVERED_A_NEW_TERM
2019-10-30 11:52:52,386 [f26e10ed-fb17-49e6-a903-eadc130d13d1@group-83984122B78E-LeaderElection294] INFO  impl.RoleInfo (RoleInfo.java:shutdownLeaderElection(134)) - f26e10ed-fb17-49e6-a903-eadc130d13d1: shutdown LeaderElection
2019-10-30 11:52:52,386 [f26e10ed-fb17-49e6-a903-eadc130d13d1@group-83984122B78E-LeaderElection294] INFO  impl.RoleInfo (RoleInfo.java:updateAndGet(143)) - f26e10ed-fb17-49e6-a903-eadc130d13d1: start FollowerState
2019-10-30 11:52:52,387 [grpc-default-executor-1] INFO  impl.RaftServerImpl (RaftServerImpl.java:setRole(184)) - cd11b2f5-3187-4d03-bd60-931991550c17@group-F367C8FA5986: changes role from  FOLLOWER to FOLLOWER at term 148 for recognizeCandidate:9dbd5372-55c2-4532-b354-9494d3d545d2
2019-10-30 11:52:52,387 [grpc-default-executor-7] INFO  impl.RaftServerImpl (RaftServerImpl.java:setRole(184)) - 9b3ef6c9-0245-4756-bf80-45d41f7a4453@group-F367C8FA5986: changes role from  FOLLOWER to FOLLOWER at term 148 for recognizeCandidate:9dbd5372-55c2-4532-b354-9494d3d545d2
2019-10-30 11:52:52,387 [grpc-default-executor-1] INFO  impl.RoleInfo (RoleInfo.java:shutdownFollowerState(121)) - cd11b2f5-3187-4d03-bd60-931991550c17: shutdown FollowerState
2019-10-30 11:52:52,387 [grpc-default-executor-7] INFO  impl.RoleInfo (RoleInfo.java:shutdownFollowerState(121)) - 9b3ef6c9-0245-4756-bf80-45d41f7a4453: shutdown FollowerState
2019-10-30 11:52:52,388 [Thread-2320] INFO  impl.FollowerState (FollowerState.java:run(117)) - cd11b2f5-3187-4d03-bd60-931991550c17@group-F367C8FA5986-FollowerState was interrupted: java.lang.InterruptedException: sleep interrupted
2019-10-30 11:52:52,388 [grpc-default-executor-1] INFO  impl.RoleInfo (RoleInfo.java:updateAndGet(143)) - cd11b2f5-3187-4d03-bd60-931991550c17: start FollowerState
2019-10-30 11:52:52,388 [Thread-2319] INFO  impl.FollowerState (FollowerState.java:run(117)) - 9b3ef6c9-0245-4756-bf80-45d41f7a4453@group-F367C8FA5986-FollowerState was interrupted: java.lang.InterruptedException: sleep interrupted
2019-10-30 11:52:52,388 [grpc-default-executor-7] INFO  impl.RoleInfo (RoleInfo.java:updateAndGet(143)) - 9b3ef6c9-0245-4756-bf80-45d41f7a4453: start FollowerState
2019-10-30 11:52:52,394 [main] WARN  io.KeyOutputStream (KeyOutputStream.java:handleException(274)) - Encountered exception java.io.IOException: Unexpected Storage Container Exception: java.util.concurrent.CompletionException: java.util.concurrent.CompletionException: org.apache.ratis.protocol.RaftRetryFailureException: Failed RaftClientRequest:client-F6152867E139->4cc44201-a597-43af-a4ec-5b1b407a6250@group-83984122B78E, cid=23, seq=1*, RW, cmdType: WriteChunk
traceID: "5cf146dae78e7374:5cf146dae78e7374:0:0"
containerID: 2
datanodeUuid: "4cc44201-a597-43af-a4ec-5b1b407a6250"
writeChunk {
  blockID {
    containerID: 2
    localID: 103051188846002177
    blockCommitSequenceId: 0
  }
  chunkData {
    chunkName: "103051188846002177_chunk_1"
    offset: 0
    len: 1048576
    checksumData {
      type: CRC32
      bytesPerChecksum: 1048576
      checksums: "\361\003\002\247"
    }
  }
}
, data.size=1048576 for 10 attempts with RetryLimited(maxAttempts=10, sleepTime=1000ms) on the pipeline Pipeline[ Id: 14ac5ef5-3303-4585-9824-83984122b78e, Nodes: 4cc44201-a597-43af-a4ec-5b1b407a6250{ip: 192.168.157.220, host: pr-hdds-2359-w9s2w-3834556564, networkLocation: /default-rack, certSerialId: null}f26e10ed-fb17-49e6-a903-eadc130d13d1{ip: 192.168.157.220, host: pr-hdds-2359-w9s2w-3834556564, networkLocation: /default-rack, certSerialId: null}4f16e274-8663-4a15-9c4c-c81f650ab979{ip: 192.168.157.220, host: pr-hdds-2359-w9s2w-3834556564, networkLocation: /default-rack, certSerialId: null}, Type:RATIS, Factor:THREE, State:OPEN]. The last committed block length is 0, uncommitted data length is 2097152 retry count 1
2019-10-30 11:52:52,417 [9dbd5372-55c2-4532-b354-9494d3d545d2@group-F367C8FA5986-LeaderElection295] INFO  impl.LeaderElection (LeaderElection.java:logAndReturn(56)) - 9dbd5372-55c2-4532-b354-9494d3d545d2@group-F367C8FA5986-LeaderElection295: Election REJECTED; received 2 response(s) [9dbd5372-55c2-4532-b354-9494d3d545d2<-9b3ef6c9-0245-4756-bf80-45d41f7a4453#0:FAIL-t148, 9dbd5372-55c2-4532-b354-9494d3d545d2<-cd11b2f5-3187-4d03-bd60-931991550c17#0:FAIL-t148] and 0 exception(s); 9dbd5372-55c2-4532-b354-9494d3d545d2@group-F367C8FA5986:t148, leader=null, voted=9dbd5372-55c2-4532-b354-9494d3d545d2, raftlog=9dbd5372-55c2-4532-b354-9494d3d545d2@group-F367C8FA5986-SegmentedRaftLog:OPENED:c-1,f-1,i0, conf=-1: [9b3ef6c9-0245-4756-bf80-45d41f7a4453:192.168.157.220:37058, cd11b2f5-3187-4d03-bd60-931991550c17:192.168.157.220:43236, 9dbd5372-55c2-4532-b354-9494d3d545d2:192.168.157.220:42993], old=null
2019-10-30 11:52:52,417 [9dbd5372-55c2-4532-b354-9494d3d545d2@group-F367C8FA5986-LeaderElection295] INFO  impl.RaftServerImpl (RaftServerImpl.java:setRole(184)) - 9dbd5372-55c2-4532-b354-9494d3d545d2@group-F367C8FA5986: changes role from CANDIDATE to FOLLOWER at term 148 for DISCOVERED_A_NEW_TERM
2019-10-30 11:52:52,417 [9dbd5372-55c2-4532-b354-9494d3d545d2@group-F367C8FA5986-LeaderElection295] INFO  impl.RoleInfo (RoleInfo.java:shutdownLeaderElection(134)) - 9dbd5372-55c2-4532-b354-9494d3d545d2: shutdown LeaderElection
2019-10-30 11:52:52,417 [9dbd5372-55c2-4532-b354-9494d3d545d2@group-F367C8FA5986-LeaderElection295] INFO  impl.RoleInfo (RoleInfo.java:updateAndGet(143)) - 9dbd5372-55c2-4532-b354-9494d3d545d2: start FollowerState
2019-10-30 11:52:52,428 [Thread-2335] INFO  impl.FollowerState (FollowerState.java:run(108)) - 9dbd5372-55c2-4532-b354-9494d3d545d2@group-F367C8FA5986-FollowerState: change to CANDIDATE, lastRpcTime:11ms, electionTimeout:11ms
2019-10-30 11:52:52,428 [Thread-2335] INFO  impl.RoleInfo (RoleInfo.java:shutdownFollowerState(121)) - 9dbd5372-55c2-4532-b354-9494d3d545d2: shutdown FollowerState
2019-10-30 11:52:52,429 [Thread-2335] INFO  impl.RaftServerImpl (RaftServerImpl.java:setRole(184)) - 9dbd5372-55c2-4532-b354-9494d3d545d2@group-F367C8FA5986: changes role from  FOLLOWER to CANDIDATE at term 148 for changeToCandidate
2019-10-30 11:52:52,429 [Thread-2335] INFO  impl.RoleInfo (RoleInfo.java:updateAndGet(143)) - 9dbd5372-55c2-4532-b354-9494d3d545d2: start LeaderElection
2019-10-30 11:52:52,461 [9dbd5372-55c2-4532-b354-9494d3d545d2@group-F367C8FA5986-LeaderElection296] INFO  impl.LeaderElection (LeaderElection.java:askForVotes(178)) - 9dbd5372-55c2-4532-b354-9494d3d545d2@group-F367C8FA5986-LeaderElection296: begin an election at term 149 for -1: [9b3ef6c9-0245-4756-bf80-45d41f7a4453:192.168.157.220:37058, cd11b2f5-3187-4d03-bd60-931991550c17:192.168.157.220:43236, 9dbd5372-55c2-4532-b354-9494d3d545d2:192.168.157.220:42993], old=null
2019-10-30 11:52:52,463 [grpc-default-executor-1] INFO  impl.RaftServerImpl (RaftServerImpl.java:setRole(184)) - 9b3ef6c9-0245-4756-bf80-45d41f7a4453@group-F367C8FA5986: changes role from  FOLLOWER to FOLLOWER at term 149 for recognizeCandidate:9dbd5372-55c2-4532-b354-9494d3d545d2
2019-10-30 11:52:52,463 [grpc-default-executor-1] INFO  impl.RoleInfo (RoleInfo.java:shutdownFollowerState(121)) - 9b3ef6c9-0245-4756-bf80-45d41f7a4453: shutdown FollowerState
2019-10-30 11:52:52,463 [grpc-default-executor-7] INFO  impl.RaftServerImpl (RaftServerImpl.java:setRole(184)) - cd11b2f5-3187-4d03-bd60-931991550c17@group-F367C8FA5986: changes role from  FOLLOWER to FOLLOWER at term 149 for recognizeCandidate:9dbd5372-55c2-4532-b354-9494d3d545d2
2019-10-30 11:52:52,463 [Thread-2334] INFO  impl.FollowerState (FollowerState.java:run(117)) - 9b3ef6c9-0245-4756-bf80-45d41f7a4453@group-F367C8FA5986-FollowerState was interrupted: java.lang.InterruptedException: sleep interrupted
2019-10-30 11:52:52,463 [grpc-default-executor-1] INFO  impl.RoleInfo (RoleInfo.java:updateAndGet(143)) - 9b3ef6c9-0245-4756-bf80-45d41f7a4453: start FollowerState
2019-10-30 11:52:52,463 [grpc-default-executor-7] INFO  impl.RoleInfo (RoleInfo.java:shutdownFollowerState(121)) - cd11b2f5-3187-4d03-bd60-931991550c17: shutdown FollowerState
2019-10-30 11:52:52,463 [grpc-default-executor-7] INFO  impl.RoleInfo (RoleInfo.java:updateAndGet(143)) - cd11b2f5-3187-4d03-bd60-931991550c17: start FollowerState
2019-10-30 11:52:52,463 [Thread-2333] INFO  impl.FollowerState (FollowerState.java:run(117)) - cd11b2f5-3187-4d03-bd60-931991550c17@group-F367C8FA5986-FollowerState was interrupted: java.lang.InterruptedException: sleep interrupted
2019-10-30 11:52:52,476 [9dbd5372-55c2-4532-b354-9494d3d545d2@group-F367C8FA5986-LeaderElection296] INFO  impl.LeaderElection (LeaderElection.java:logAndReturn(56)) - 9dbd5372-55c2-4532-b354-9494d3d545d2@group-F367C8FA5986-LeaderElection296: Election REJECTED; received 2 response(s) [9dbd5372-55c2-4532-b354-9494d3d545d2<-9b3ef6c9-0245-4756-bf80-45d41f7a4453#0:FAIL-t149, 9dbd5372-55c2-4532-b354-9494d3d545d2<-cd11b2f5-3187-4d03-bd60-931991550c17#0:FAIL-t149] and 0 exception(s); 9dbd5372-55c2-4532-b354-9494d3d545d2@group-F367C8FA5986:t149, leader=null, voted=9dbd5372-55c2-4532-b354-9494d3d545d2, raftlog=9dbd5372-55c2-4532-b354-9494d3d545d2@group-F367C8FA5986-SegmentedRaftLog:OPENED:c-1,f-1,i0, conf=-1: [9b3ef6c9-0245-4756-bf80-45d41f7a4453:192.168.157.220:37058, cd11b2f5-3187-4d03-bd60-931991550c17:192.168.157.220:43236, 9dbd5372-55c2-4532-b354-9494d3d545d2:192.168.157.220:42993], old=null
2019-10-30 11:52:52,476 [9dbd5372-55c2-4532-b354-9494d3d545d2@group-F367C8FA5986-LeaderElection296] INFO  impl.RaftServerImpl (RaftServerImpl.java:setRole(184)) - 9dbd5372-55c2-4532-b354-9494d3d545d2@group-F367C8FA5986: changes role from CANDIDATE to FOLLOWER at term 149 for DISCOVERED_A_NEW_TERM
2019-10-30 11:52:52,476 [9dbd5372-55c2-4532-b354-9494d3d545d2@group-F367C8FA5986-LeaderElection296] INFO  impl.RoleInfo (RoleInfo.java:shutdownLeaderElection(134)) - 9dbd5372-55c2-4532-b354-9494d3d545d2: shutdown LeaderElection
2019-10-30 11:52:52,476 [9dbd5372-55c2-4532-b354-9494d3d545d2@group-F367C8FA5986-LeaderElection296] INFO  impl.RoleInfo (RoleInfo.java:updateAndGet(143)) - 9dbd5372-55c2-4532-b354-9494d3d545d2: start FollowerState
2019-10-30 11:52:52,497 [Thread-2332] INFO  impl.FollowerState (FollowerState.java:run(108)) - f26e10ed-fb17-49e6-a903-eadc130d13d1@group-83984122B78E-FollowerState: change to CANDIDATE, lastRpcTime:110ms, electionTimeout:110ms
2019-10-30 11:52:52,497 [Thread-2332] INFO  impl.RoleInfo (RoleInfo.java:shutdownFollowerState(121)) - f26e10ed-fb17-49e6-a903-eadc130d13d1: shutdown FollowerState
2019-10-30 11:52:52,497 [Thread-2332] INFO  impl.RaftServerImpl (RaftServerImpl.java:setRole(184)) - f26e10ed-fb17-49e6-a903-eadc130d13d1@group-83984122B78E: changes role from  FOLLOWER to CANDIDATE at term 161 for changeToCandidate
2019-10-30 11:52:52,497 [Thread-2332] INFO  impl.RoleInfo (RoleInfo.java:updateAndGet(143)) - f26e10ed-fb17-49e6-a903-eadc130d13d1: start LeaderElection
2019-10-30 11:52:52,511 [f26e10ed-fb17-49e6-a903-eadc130d13d1@group-83984122B78E-LeaderElection297] INFO  impl.LeaderElection (LeaderElection.java:askForVotes(178)) - f26e10ed-fb17-49e6-a903-eadc130d13d1@group-83984122B78E-LeaderElection297: begin an election at term 162 for -1: [4f16e274-8663-4a15-9c4c-c81f650ab979:192.168.157.220:38181, 4cc44201-a597-43af-a4ec-5b1b407a6250:192.168.157.220:36685, f26e10ed-fb17-49e6-a903-eadc130d13d1:192.168.157.220:32806], old=null
2019-10-30 11:52:52,513 [grpc-default-executor-1] INFO  impl.RaftServerImpl (RaftServerImpl.java:setRole(184)) - 4cc44201-a597-43af-a4ec-5b1b407a6250@group-83984122B78E: changes role from  FOLLOWER to FOLLOWER at term 162 for recognizeCandidate:f26e10ed-fb17-49e6-a903-eadc130d13d1
2019-10-30 11:52:52,513 [grpc-default-executor-1] INFO  impl.RoleInfo (RoleInfo.java:shutdownFollowerState(121)) - 4cc44201-a597-43af-a4ec-5b1b407a6250: shutdown FollowerState
2019-10-30 11:52:52,513 [grpc-default-executor-7] INFO  impl.RaftServerImpl (RaftServerImpl.java:setRole(184)) - 4f16e274-8663-4a15-9c4c-c81f650ab979@group-83984122B78E: changes role from  FOLLOWER to FOLLOWER at term 162 for recognizeCandidate:f26e10ed-fb17-49e6-a903-eadc130d13d1
2019-10-30 11:52:52,513 [Thread-2325] INFO  impl.FollowerState (FollowerState.java:run(117)) - 4cc44201-a597-43af-a4ec-5b1b407a6250@group-83984122B78E-FollowerState was interrupted: java.lang.InterruptedException: sleep interrupted
2019-10-30 11:52:52,513 [grpc-default-executor-1] INFO  impl.RoleInfo (RoleInfo.java:updateAndGet(143)) - 4cc44201-a597-43af-a4ec-5b1b407a6250: start FollowerState
2019-10-30 11:52:52,513 [grpc-default-executor-7] INFO  impl.RoleInfo (RoleInfo.java:shutdownFollowerState(121)) - 4f16e274-8663-4a15-9c4c-c81f650ab979: shutdown FollowerState
2019-10-30 11:52:52,513 [grpc-default-executor-7] INFO  impl.RoleInfo (RoleInfo.java:updateAndGet(143)) - 4f16e274-8663-4a15-9c4c-c81f650ab979: start FollowerState
2019-10-30 11:52:52,513 [Thread-2326] INFO  impl.FollowerState (FollowerState.java:run(117)) - 4f16e274-8663-4a15-9c4c-c81f650ab979@group-83984122B78E-FollowerState was interrupted: java.lang.InterruptedException: sleep interrupted
2019-10-30 11:52:52,518 [f26e10ed-fb17-49e6-a903-eadc130d13d1@group-83984122B78E-LeaderElection297] INFO  impl.LeaderElection (LeaderElection.java:logAndReturn(56)) - f26e10ed-fb17-49e6-a903-eadc130d13d1@group-83984122B78E-LeaderElection297: Election REJECTED; received 2 response(s) [f26e10ed-fb17-49e6-a903-eadc130d13d1<-4f16e274-8663-4a15-9c4c-c81f650ab979#0:FAIL-t162, f26e10ed-fb17-49e6-a903-eadc130d13d1<-4cc44201-a597-43af-a4ec-5b1b407a6250#0:FAIL-t162] and 0 exception(s); f26e10ed-fb17-49e6-a903-eadc130d13d1@group-83984122B78E:t162, leader=null, voted=f26e10ed-fb17-49e6-a903-eadc130d13d1, raftlog=f26e10ed-fb17-49e6-a903-eadc130d13d1@group-83984122B78E-SegmentedRaftLog:OPENED:c-1,f-1,i0, conf=-1: [4f16e274-8663-4a15-9c4c-c81f650ab979:192.168.157.220:38181, 4cc44201-a597-43af-a4ec-5b1b407a6250:192.168.157.220:36685, f26e10ed-fb17-49e6-a903-eadc130d13d1:192.168.157.220:32806], old=null
2019-10-30 11:52:52,518 [f26e10ed-fb17-49e6-a903-eadc130d13d1@group-83984122B78E-LeaderElection297] INFO  impl.RaftServerImpl (RaftServerImpl.java:setRole(184)) - f26e10ed-fb17-49e6-a903-eadc130d13d1@group-83984122B78E: changes role from CANDIDATE to FOLLOWER at term 162 for DISCOVERED_A_NEW_TERM
2019-10-30 11:52:52,518 [f26e10ed-fb17-49e6-a903-eadc130d13d1@group-83984122B78E-LeaderElection297] INFO  impl.RoleInfo (RoleInfo.java:shutdownLeaderElection(134)) - f26e10ed-fb17-49e6-a903-eadc130d13d1: shutdown LeaderElection
2019-10-30 11:52:52,518 [f26e10ed-fb17-49e6-a903-eadc130d13d1@group-83984122B78E-LeaderElection297] INFO  impl.RoleInfo (RoleInfo.java:updateAndGet(143)) - f26e10ed-fb17-49e6-a903-eadc130d13d1: start FollowerState
2019-10-30 11:52:52,604 [Thread-2345] INFO  impl.FollowerState (FollowerState.java:run(108)) - 9dbd5372-55c2-4532-b354-9494d3d545d2@group-F367C8FA5986-FollowerState: change to CANDIDATE, lastRpcTime:128ms, electionTimeout:128ms
2019-10-30 11:52:52,605 [Thread-2345] INFO  impl.RoleInfo (RoleInfo.java:shutdownFollowerState(121)) - 9dbd5372-55c2-4532-b354-9494d3d545d2: shutdown FollowerState
2019-10-30 11:52:52,605 [Thread-2345] INFO  impl.RaftServerImpl (RaftServerImpl.java:setRole(184)) - 9dbd5372-55c2-4532-b354-9494d3d545d2@group-F367C8FA5986: changes role from  FOLLOWER to CANDIDATE at term 149 for changeToCandidate
2019-10-30 11:52:52,605 [Thread-2345] INFO  impl.RoleInfo (RoleInfo.java:updateAndGet(143)) - 9dbd5372-55c2-4532-b354-9494d3d545d2: start LeaderElection
2019-10-30 11:52:52,612 [9dbd5372-55c2-4532-b354-9494d3d545d2@group-F367C8FA5986-LeaderElection298] INFO  impl.LeaderElection (LeaderElection.java:askForVotes(178)) - 9dbd5372-55c2-4532-b354-9494d3d545d2@group-F367C8FA5986-LeaderElection298: begin an election at term 150 for -1: [9b3ef6c9-0245-4756-bf80-45d41f7a4453:192.168.157.220:37058, cd11b2f5-3187-4d03-bd60-931991550c17:192.168.157.220:43236, 9dbd5372-55c2-4532-b354-9494d3d545d2:192.168.157.220:42993], old=null
2019-10-30 11:52:52,615 [grpc-default-executor-1] INFO  impl.RaftServerImpl (RaftServerImpl.java:setRole(184)) - 9b3ef6c9-0245-4756-bf80-45d41f7a4453@group-F367C8FA5986: changes role from  FOLLOWER to FOLLOWER at term 150 for recognizeCandidate:9dbd5372-55c2-4532-b354-9494d3d545d2
2019-10-30 11:52:52,616 [grpc-default-executor-1] INFO  impl.RoleInfo (RoleInfo.java:shutdownFollowerState(121)) - 9b3ef6c9-0245-4756-bf80-45d41f7a4453: shutdown FollowerState
2019-10-30 11:52:52,616 [grpc-default-executor-7] INFO  impl.RaftServerImpl (RaftServerImpl.java:setRole(184)) - cd11b2f5-3187-4d03-bd60-931991550c17@group-F367C8FA5986: changes role from  FOLLOWER to FOLLOWER at term 150 for recognizeCandidate:9dbd5372-55c2-4532-b354-9494d3d545d2
2019-10-30 11:52:52,616 [grpc-default-executor-1] INFO  impl.RoleInfo (RoleInfo.java:updateAndGet(143)) - 9b3ef6c9-0245-4756-bf80-45d41f7a4453: start FollowerState
2019-10-30 11:52:52,616 [Thread-2343] INFO  impl.FollowerState (FollowerState.java:run(117)) - 9b3ef6c9-0245-4756-bf80-45d41f7a4453@group-F367C8FA5986-FollowerState was interrupted: java.lang.InterruptedException: sleep interrupted
2019-10-30 11:52:52,616 [grpc-default-executor-7] INFO  impl.RoleInfo (RoleInfo.java:shutdownFollowerState(121)) - cd11b2f5-3187-4d03-bd60-931991550c17: shutdown FollowerState
2019-10-30 11:52:52,618 [grpc-default-executor-7] INFO  impl.RoleInfo (RoleInfo.java:updateAndGet(143)) - cd11b2f5-3187-4d03-bd60-931991550c17: start FollowerState
2019-10-30 11:52:52,618 [Thread-2344] INFO  impl.FollowerState (FollowerState.java:run(117)) - cd11b2f5-3187-4d03-bd60-931991550c17@group-F367C8FA5986-FollowerState was interrupted: java.lang.InterruptedException: sleep interrupted
2019-10-30 11:52:52,627 [9dbd5372-55c2-4532-b354-9494d3d545d2@group-F367C8FA5986-LeaderElection298] INFO  impl.LeaderElection (LeaderElection.java:logAndReturn(56)) - 9dbd5372-55c2-4532-b354-9494d3d545d2@group-F367C8FA5986-LeaderElection298: Election REJECTED; received 2 response(s) [9dbd5372-55c2-4532-b354-9494d3d545d2<-9b3ef6c9-0245-4756-bf80-45d41f7a4453#0:FAIL-t150, 9dbd5372-55c2-4532-b354-9494d3d545d2<-cd11b2f5-3187-4d03-bd60-931991550c17#0:FAIL-t150] and 0 exception(s); 9dbd5372-55c2-4532-b354-9494d3d545d2@group-F367C8FA5986:t150, leader=null, voted=9dbd5372-55c2-4532-b354-9494d3d545d2, raftlog=9dbd5372-55c2-4532-b354-9494d3d545d2@group-F367C8FA5986-SegmentedRaftLog:OPENED:c-1,f-1,i0, conf=-1: [9b3ef6c9-0245-4756-bf80-45d41f7a4453:192.168.157.220:37058, cd11b2f5-3187-4d03-bd60-931991550c17:192.168.157.220:43236, 9dbd5372-55c2-4532-b354-9494d3d545d2:192.168.157.220:42993], old=null
2019-10-30 11:52:52,627 [9dbd5372-55c2-4532-b354-9494d3d545d2@group-F367C8FA5986-LeaderElection298] INFO  impl.RaftServerImpl (RaftServerImpl.java:setRole(184)) - 9dbd5372-55c2-4532-b354-9494d3d545d2@group-F367C8FA5986: changes role from CANDIDATE to FOLLOWER at term 150 for DISCOVERED_A_NEW_TERM
2019-10-30 11:52:52,627 [9dbd5372-55c2-4532-b354-9494d3d545d2@group-F367C8FA5986-LeaderElection298] INFO  impl.RoleInfo (RoleInfo.java:shutdownLeaderElection(134)) - 9dbd5372-55c2-4532-b354-9494d3d545d2: shutdown LeaderElection
2019-10-30 11:52:52,628 [9dbd5372-55c2-4532-b354-9494d3d545d2@group-F367C8FA5986-LeaderElection298] INFO  impl.RoleInfo (RoleInfo.java:updateAndGet(143)) - 9dbd5372-55c2-4532-b354-9494d3d545d2: start FollowerState
2019-10-30 11:52:52,696 [Thread-2351] INFO  impl.FollowerState (FollowerState.java:run(108)) - f26e10ed-fb17-49e6-a903-eadc130d13d1@group-83984122B78E-FollowerState: change to CANDIDATE, lastRpcTime:177ms, electionTimeout:177ms
2019-10-30 11:52:52,696 [Thread-2351] INFO  impl.RoleInfo (RoleInfo.java:shutdownFollowerState(121)) - f26e10ed-fb17-49e6-a903-eadc130d13d1: shutdown FollowerState
2019-10-30 11:52:52,696 [Thread-2351] INFO  impl.RaftServerImpl (RaftServerImpl.java:setRole(184)) - f26e10ed-fb17-49e6-a903-eadc130d13d1@group-83984122B78E: changes role from  FOLLOWER to CANDIDATE at term 162 for changeToCandidate
2019-10-30 11:52:52,696 [Thread-2351] INFO  impl.RoleInfo (RoleInfo.java:updateAndGet(143)) - f26e10ed-fb17-49e6-a903-eadc130d13d1: start LeaderElection
2019-10-30 11:52:52,712 [f26e10ed-fb17-49e6-a903-eadc130d13d1@group-83984122B78E-LeaderElection299] INFO  impl.LeaderElection (LeaderElection.java:askForVotes(178)) - f26e10ed-fb17-49e6-a903-eadc130d13d1@group-83984122B78E-LeaderElection299: begin an election at term 163 for -1: [4f16e274-8663-4a15-9c4c-c81f650ab979:192.168.157.220:38181, 4cc44201-a597-43af-a4ec-5b1b407a6250:192.168.157.220:36685, f26e10ed-fb17-49e6-a903-eadc130d13d1:192.168.157.220:32806], old=null
2019-10-30 11:52:52,715 [grpc-default-executor-8] INFO  impl.RaftServerImpl (RaftServerImpl.java:setRole(184)) - 4f16e274-8663-4a15-9c4c-c81f650ab979@group-83984122B78E: changes role from  FOLLOWER to FOLLOWER at term 163 for recognizeCandidate:f26e10ed-fb17-49e6-a903-eadc130d13d1
2019-10-30 11:52:52,715 [grpc-default-executor-8] INFO  impl.RoleInfo (RoleInfo.java:shutdownFollowerState(121)) - 4f16e274-8663-4a15-9c4c-c81f650ab979: shutdown FollowerState
2019-10-30 11:52:52,715 [grpc-default-executor-8] INFO  impl.RoleInfo (RoleInfo.java:updateAndGet(143)) - 4f16e274-8663-4a15-9c4c-c81f650ab979: start FollowerState
2019-10-30 11:52:52,715 [Thread-2350] INFO  impl.FollowerState (FollowerState.java:run(117)) - 4f16e274-8663-4a15-9c4c-c81f650ab979@group-83984122B78E-FollowerState was interrupted: java.lang.InterruptedException: sleep interrupted
2019-10-30 11:52:52,716 [grpc-default-executor-6] INFO  impl.RaftServerImpl (RaftServerImpl.java:setRole(184)) - 4cc44201-a597-43af-a4ec-5b1b407a6250@group-83984122B78E: changes role from  FOLLOWER to FOLLOWER at term 163 for recognizeCandidate:f26e10ed-fb17-49e6-a903-eadc130d13d1
2019-10-30 11:52:52,716 [grpc-default-executor-6] INFO  impl.RoleInfo (RoleInfo.java:shutdownFollowerState(121)) - 4cc44201-a597-43af-a4ec-5b1b407a6250: shutdown FollowerState
2019-10-30 11:52:52,717 [grpc-default-executor-6] INFO  impl.RoleInfo (RoleInfo.java:updateAndGet(143)) - 4cc44201-a597-43af-a4ec-5b1b407a6250: start FollowerState
2019-10-30 11:52:52,717 [Thread-2349] INFO  impl.FollowerState (FollowerState.java:run(117)) - 4cc44201-a597-43af-a4ec-5b1b407a6250@group-83984122B78E-FollowerState was interrupted: java.lang.InterruptedException: sleep interrupted
2019-10-30 11:52:52,725 [f26e10ed-fb17-49e6-a903-eadc130d13d1@group-83984122B78E-LeaderElection299] INFO  impl.LeaderElection (LeaderElection.java:logAndReturn(56)) - f26e10ed-fb17-49e6-a903-eadc130d13d1@group-83984122B78E-LeaderElection299: Election REJECTED; received 2 response(s) [f26e10ed-fb17-49e6-a903-eadc130d13d1<-4f16e274-8663-4a15-9c4c-c81f650ab979#0:FAIL-t163, f26e10ed-fb17-49e6-a903-eadc130d13d1<-4cc44201-a597-43af-a4ec-5b1b407a6250#0:FAIL-t163] and 0 exception(s); f26e10ed-fb17-49e6-a903-eadc130d13d1@group-83984122B78E:t163, leader=null, voted=f26e10ed-fb17-49e6-a903-eadc130d13d1, raftlog=f26e10ed-fb17-49e6-a903-eadc130d13d1@group-83984122B78E-SegmentedRaftLog:OPENED:c-1,f-1,i0, conf=-1: [4f16e274-8663-4a15-9c4c-c81f650ab979:192.168.157.220:38181, 4cc44201-a597-43af-a4ec-5b1b407a6250:192.168.157.220:36685, f26e10ed-fb17-49e6-a903-eadc130d13d1:192.168.157.220:32806], old=null
2019-10-30 11:52:52,725 [f26e10ed-fb17-49e6-a903-eadc130d13d1@group-83984122B78E-LeaderElection299] INFO  impl.RaftServerImpl (RaftServerImpl.java:setRole(184)) - f26e10ed-fb17-49e6-a903-eadc130d13d1@group-83984122B78E: changes role from CANDIDATE to FOLLOWER at term 163 for DISCOVERED_A_NEW_TERM
2019-10-30 11:52:52,726 [f26e10ed-fb17-49e6-a903-eadc130d13d1@group-83984122B78E-LeaderElection299] INFO  impl.RoleInfo (RoleInfo.java:shutdownLeaderElection(134)) - f26e10ed-fb17-49e6-a903-eadc130d13d1: shutdown LeaderElection
2019-10-30 11:52:52,726 [f26e10ed-fb17-49e6-a903-eadc130d13d1@group-83984122B78E-LeaderElection299] INFO  impl.RoleInfo (RoleInfo.java:updateAndGet(143)) - f26e10ed-fb17-49e6-a903-eadc130d13d1: start FollowerState
2019-10-30 11:52:52,774 [Thread-2358] INFO  impl.FollowerState (FollowerState.java:run(108)) - 9dbd5372-55c2-4532-b354-9494d3d545d2@group-F367C8FA5986-FollowerState: change to CANDIDATE, lastRpcTime:146ms, electionTimeout:146ms
2019-10-30 11:52:52,774 [Thread-2358] INFO  impl.RoleInfo (RoleInfo.java:shutdownFollowerState(121)) - 9dbd5372-55c2-4532-b354-9494d3d545d2: shutdown FollowerState
2019-10-30 11:52:52,774 [Thread-2358] INFO  impl.RaftServerImpl (RaftServerImpl.java:setRole(184)) - 9dbd5372-55c2-4532-b354-9494d3d545d2@group-F367C8FA5986: changes role from  FOLLOWER to CANDIDATE at term 150 for changeToCandidate
2019-10-30 11:52:52,776 [Thread-2358] INFO  impl.RoleInfo (RoleInfo.java:updateAndGet(143)) - 9dbd5372-55c2-4532-b354-9494d3d545d2: start LeaderElection
2019-10-30 11:52:52,785 [9dbd5372-55c2-4532-b354-9494d3d545d2@group-F367C8FA5986-LeaderElection300] INFO  impl.LeaderElection (LeaderElection.java:askForVotes(178)) - 9dbd5372-55c2-4532-b354-9494d3d545d2@group-F367C8FA5986-LeaderElection300: begin an election at term 151 for -1: [9b3ef6c9-0245-4756-bf80-45d41f7a4453:192.168.157.220:37058, cd11b2f5-3187-4d03-bd60-931991550c17:192.168.157.220:43236, 9dbd5372-55c2-4532-b354-9494d3d545d2:192.168.157.220:42993], old=null
2019-10-30 11:52:52,787 [grpc-default-executor-6] INFO  impl.RaftServerImpl (RaftServerImpl.java:setRole(184)) - 9b3ef6c9-0245-4756-bf80-45d41f7a4453@group-F367C8FA5986: changes role from  FOLLOWER to FOLLOWER at term 151 for recognizeCandidate:9dbd5372-55c2-4532-b354-9494d3d545d2
2019-10-30 11:52:52,787 [grpc-default-executor-8] INFO  impl.RaftServerImpl (RaftServerImpl.java:setRole(184)) - cd11b2f5-3187-4d03-bd60-931991550c17@group-F367C8FA5986: changes role from  FOLLOWER to FOLLOWER at term 151 for recognizeCandidate:9dbd5372-55c2-4532-b354-9494d3d545d2
2019-10-30 11:52:52,787 [grpc-default-executor-6] INFO  impl.RoleInfo (RoleInfo.java:shutdownFollowerState(121)) - 9b3ef6c9-0245-4756-bf80-45d41f7a4453: shutdown FollowerState
2019-10-30 11:52:52,787 [grpc-default-executor-8] INFO  impl.RoleInfo (RoleInfo.java:shutdownFollowerState(121)) - cd11b2f5-3187-4d03-bd60-931991550c17: shutdown FollowerState
2019-10-30 11:52:52,787 [Thread-2355] INFO  impl.FollowerState (FollowerState.java:run(117)) - 9b3ef6c9-0245-4756-bf80-45d41f7a4453@group-F367C8FA5986-FollowerState was interrupted: java.lang.InterruptedException: sleep interrupted
2019-10-30 11:52:52,787 [grpc-default-executor-6] INFO  impl.RoleInfo (RoleInfo.java:updateAndGet(143)) - 9b3ef6c9-0245-4756-bf80-45d41f7a4453: start FollowerState
2019-10-30 11:52:52,787 [Thread-2356] INFO  impl.FollowerState (FollowerState.java:run(117)) - cd11b2f5-3187-4d03-bd60-931991550c17@group-F367C8FA5986-FollowerState was interrupted: java.lang.InterruptedException: sleep interrupted
2019-10-30 11:52:52,787 [grpc-default-executor-8] INFO  impl.RoleInfo (RoleInfo.java:updateAndGet(143)) - cd11b2f5-3187-4d03-bd60-931991550c17: start FollowerState
2019-10-30 11:52:52,792 [9dbd5372-55c2-4532-b354-9494d3d545d2@group-F367C8FA5986-LeaderElection300] INFO  impl.LeaderElection (LeaderElection.java:logAndReturn(56)) - 9dbd5372-55c2-4532-b354-9494d3d545d2@group-F367C8FA5986-LeaderElection300: Election REJECTED; received 2 response(s) [9dbd5372-55c2-4532-b354-9494d3d545d2<-9b3ef6c9-0245-4756-bf80-45d41f7a4453#0:FAIL-t151, 9dbd5372-55c2-4532-b354-9494d3d545d2<-cd11b2f5-3187-4d03-bd60-931991550c17#0:FAIL-t151] and 0 exception(s); 9dbd5372-55c2-4532-b354-9494d3d545d2@group-F367C8FA5986:t151, leader=null, voted=9dbd5372-55c2-4532-b354-9494d3d545d2, raftlog=9dbd5372-55c2-4532-b354-9494d3d545d2@group-F367C8FA5986-SegmentedRaftLog:OPENED:c-1,f-1,i0, conf=-1: [9b3ef6c9-0245-4756-bf80-45d41f7a4453:192.168.157.220:37058, cd11b2f5-3187-4d03-bd60-931991550c17:192.168.157.220:43236, 9dbd5372-55c2-4532-b354-9494d3d545d2:192.168.157.220:42993], old=null
2019-10-30 11:52:52,792 [9dbd5372-55c2-4532-b354-9494d3d545d2@group-F367C8FA5986-LeaderElection300] INFO  impl.RaftServerImpl (RaftServerImpl.java:setRole(184)) - 9dbd5372-55c2-4532-b354-9494d3d545d2@group-F367C8FA5986: changes role from CANDIDATE to FOLLOWER at term 151 for DISCOVERED_A_NEW_TERM
2019-10-30 11:52:52,792 [9dbd5372-55c2-4532-b354-9494d3d545d2@group-F367C8FA5986-LeaderElection300] INFO  impl.RoleInfo (RoleInfo.java:shutdownLeaderElection(134)) - 9dbd5372-55c2-4532-b354-9494d3d545d2: shutdown LeaderElection
2019-10-30 11:52:52,792 [9dbd5372-55c2-4532-b354-9494d3d545d2@group-F367C8FA5986-LeaderElection300] INFO  impl.RoleInfo (RoleInfo.java:updateAndGet(143)) - 9dbd5372-55c2-4532-b354-9494d3d545d2: start FollowerState
2019-10-30 11:52:52,848 [Thread-2384] INFO  impl.FollowerState (FollowerState.java:run(108)) - f26e10ed-fb17-49e6-a903-eadc130d13d1@group-83984122B78E-FollowerState: change to CANDIDATE, lastRpcTime:122ms, electionTimeout:122ms
2019-10-30 11:52:52,848 [Thread-2384] INFO  impl.RoleInfo (RoleInfo.java:shutdownFollowerState(121)) - f26e10ed-fb17-49e6-a903-eadc130d13d1: shutdown FollowerState
2019-10-30 11:52:52,848 [Thread-2384] INFO  impl.RaftServerImpl (RaftServerImpl.java:setRole(184)) - f26e10ed-fb17-49e6-a903-eadc130d13d1@group-83984122B78E: changes role from  FOLLOWER to CANDIDATE at term 163 for changeToCandidate
2019-10-30 11:52:52,848 [Thread-2384] INFO  impl.RoleInfo (RoleInfo.java:updateAndGet(143)) - f26e10ed-fb17-49e6-a903-eadc130d13d1: start LeaderElection
2019-10-30 11:52:52,859 [f26e10ed-fb17-49e6-a903-eadc130d13d1@group-83984122B78E-LeaderElection301] INFO  impl.LeaderElection (LeaderElection.java:askForVotes(178)) - f26e10ed-fb17-49e6-a903-eadc130d13d1@group-83984122B78E-LeaderElection301: begin an election at term 164 for -1: [4f16e274-8663-4a15-9c4c-c81f650ab979:192.168.157.220:38181, 4cc44201-a597-43af-a4ec-5b1b407a6250:192.168.157.220:36685, f26e10ed-fb17-49e6-a903-eadc130d13d1:192.168.157.220:32806], old=null
2019-10-30 11:52:52,866 [grpc-default-executor-8] INFO  impl.RaftServerImpl (RaftServerImpl.java:setRole(184)) - 4f16e274-8663-4a15-9c4c-c81f650ab979@group-83984122B78E: changes role from  FOLLOWER to FOLLOWER at term 164 for recognizeCandidate:f26e10ed-fb17-49e6-a903-eadc130d13d1
2019-10-30 11:52:52,866 [grpc-default-executor-8] INFO  impl.RoleInfo (RoleInfo.java:shutdownFollowerState(121)) - 4f16e274-8663-4a15-9c4c-c81f650ab979: shutdown FollowerState
2019-10-30 11:52:52,866 [grpc-default-executor-8] INFO  impl.RoleInfo (RoleInfo.java:updateAndGet(143)) - 4f16e274-8663-4a15-9c4c-c81f650ab979: start FollowerState
2019-10-30 11:52:52,867 [Thread-2378] INFO  impl.FollowerState (FollowerState.java:run(117)) - 4f16e274-8663-4a15-9c4c-c81f650ab979@group-83984122B78E-FollowerState was interrupted: java.lang.InterruptedException: sleep interrupted
2019-10-30 11:52:52,867 [grpc-default-executor-4] INFO  impl.RaftServerImpl (RaftServerImpl.java:setRole(184)) - 4cc44201-a597-43af-a4ec-5b1b407a6250@group-83984122B78E: changes role from  FOLLOWER to FOLLOWER at term 164 for recognizeCandidate:f26e10ed-fb17-49e6-a903-eadc130d13d1
2019-10-30 11:52:52,870 [grpc-default-executor-4] INFO  impl.RoleInfo (RoleInfo.java:shutdownFollowerState(121)) - 4cc44201-a597-43af-a4ec-5b1b407a6250: shutdown FollowerState
2019-10-30 11:52:52,870 [grpc-default-executor-4] INFO  impl.RoleInfo (RoleInfo.java:updateAndGet(143)) - 4cc44201-a597-43af-a4ec-5b1b407a6250: start FollowerState
2019-10-30 11:52:52,871 [Thread-2379] INFO  impl.FollowerState (FollowerState.java:run(117)) - 4cc44201-a597-43af-a4ec-5b1b407a6250@group-83984122B78E-FollowerState was interrupted: java.lang.InterruptedException: sleep interrupted
2019-10-30 11:52:52,888 [f26e10ed-fb17-49e6-a903-eadc130d13d1@group-83984122B78E-LeaderElection301] INFO  impl.LeaderElection (LeaderElection.java:logAndReturn(56)) - f26e10ed-fb17-49e6-a903-eadc130d13d1@group-83984122B78E-LeaderElection301: Election TIMEOUT; received 0 response(s) [] and 0 exception(s); f26e10ed-fb17-49e6-a903-eadc130d13d1@group-83984122B78E:t164, leader=null, voted=f26e10ed-fb17-49e6-a903-eadc130d13d1, raftlog=f26e10ed-fb17-49e6-a903-eadc130d13d1@group-83984122B78E-SegmentedRaftLog:OPENED:c-1,f-1,i0, conf=-1: [4f16e274-8663-4a15-9c4c-c81f650ab979:192.168.157.220:38181, 4cc44201-a597-43af-a4ec-5b1b407a6250:192.168.157.220:36685, f26e10ed-fb17-49e6-a903-eadc130d13d1:192.168.157.220:32806], old=null
2019-10-30 11:52:52,905 [main] INFO  ozone.MiniOzoneClusterImpl (MiniOzoneClusterImpl.java:shutdown(314)) - Shutting down the Mini Ozone Cluster
2019-10-30 11:52:52,905 [Thread-2392] INFO  impl.FollowerState (FollowerState.java:run(108)) - 9dbd5372-55c2-4532-b354-9494d3d545d2@group-F367C8FA5986-FollowerState: change to CANDIDATE, lastRpcTime:112ms, electionTimeout:112ms
2019-10-30 11:52:52,905 [Thread-2392] INFO  impl.RoleInfo (RoleInfo.java:shutdownFollowerState(121)) - 9dbd5372-55c2-4532-b354-9494d3d545d2: shutdown FollowerState
2019-10-30 11:52:52,905 [Thread-2392] INFO  impl.RaftServerImpl (RaftServerImpl.java:setRole(184)) - 9dbd5372-55c2-4532-b354-9494d3d545d2@group-F367C8FA5986: changes role from  FOLLOWER to CANDIDATE at term 151 for changeToCandidate
2019-10-30 11:52:52,905 [main] INFO  ozone.MiniOzoneClusterImpl (MiniOzoneClusterImpl.java:stop(330)) - Stopping the Mini Ozone Cluster
2019-10-30 11:52:52,905 [Thread-2392] INFO  impl.RoleInfo (RoleInfo.java:updateAndGet(143)) - 9dbd5372-55c2-4532-b354-9494d3d545d2: start LeaderElection
2019-10-30 11:52:52,905 [main] INFO  ozone.MiniOzoneClusterImpl (MiniOzoneClusterImpl.java:stopOM(400)) - Stopping the OzoneManager
2019-10-30 11:52:52,906 [main] INFO  ipc.Server (Server.java:stop(3082)) - Stopping server on 39519
2019-10-30 11:52:52,909 [IPC Server listener on 39519] INFO  ipc.Server (Server.java:run(1185)) - Stopping IPC Server listener on 39519
2019-10-30 11:52:52,913 [main] INFO  ratis.OzoneManagerDoubleBuffer (OzoneManagerDoubleBuffer.java:stop(250)) - Stopping OMDoubleBuffer flush thread
2019-10-30 11:52:52,913 [IPC Server Responder] INFO  ipc.Server (Server.java:run(1319)) - Stopping IPC Server Responder
2019-10-30 11:52:52,919 [f26e10ed-fb17-49e6-a903-eadc130d13d1@group-83984122B78E-LeaderElection301] INFO  impl.LeaderElection (LeaderElection.java:askForVotes(178)) - f26e10ed-fb17-49e6-a903-eadc130d13d1@group-83984122B78E-LeaderElection301: begin an election at term 165 for -1: [4f16e274-8663-4a15-9c4c-c81f650ab979:192.168.157.220:38181, 4cc44201-a597-43af-a4ec-5b1b407a6250:192.168.157.220:36685, f26e10ed-fb17-49e6-a903-eadc130d13d1:192.168.157.220:32806], old=null
2019-10-30 11:52:52,917 [OMDoubleBufferFlushThread] INFO  ratis.OzoneManagerDoubleBuffer (OzoneManagerDoubleBuffer.java:flushTransactions(193)) - OMDoubleBuffer flush thread OMDoubleBufferFlushThread is interrupted and will exit. OMDoubleBufferFlushThread
2019-10-30 11:52:52,919 [main] INFO  utils.BackgroundService (BackgroundService.java:shutdown(151)) - Shutting down service KeyDeletingService
2019-10-30 11:52:52,921 [9dbd5372-55c2-4532-b354-9494d3d545d2@group-F367C8FA5986-LeaderElection302] INFO  impl.LeaderElection (LeaderElection.java:askForVotes(178)) - 9dbd5372-55c2-4532-b354-9494d3d545d2@group-F367C8FA5986-LeaderElection302: begin an election at term 152 for -1: [9b3ef6c9-0245-4756-bf80-45d41f7a4453:192.168.157.220:37058, cd11b2f5-3187-4d03-bd60-931991550c17:192.168.157.220:43236, 9dbd5372-55c2-4532-b354-9494d3d545d2:192.168.157.220:42993], old=null
2019-10-30 11:52:52,927 [grpc-default-executor-4] INFO  impl.RaftServerImpl (RaftServerImpl.java:setRole(184)) - 4f16e274-8663-4a15-9c4c-c81f650ab979@group-83984122B78E: changes role from  FOLLOWER to FOLLOWER at term 165 for recognizeCandidate:f26e10ed-fb17-49e6-a903-eadc130d13d1
2019-10-30 11:52:52,928 [grpc-default-executor-4] INFO  impl.RoleInfo (RoleInfo.java:shutdownFollowerState(121)) - 4f16e274-8663-4a15-9c4c-c81f650ab979: shutdown FollowerState
2019-10-30 11:52:52,928 [grpc-default-executor-4] INFO  impl.RoleInfo (RoleInfo.java:updateAndGet(143)) - 4f16e274-8663-4a15-9c4c-c81f650ab979: start FollowerState
2019-10-30 11:52:52,928 [Thread-2408] INFO  impl.FollowerState (FollowerState.java:run(117)) - 4f16e274-8663-4a15-9c4c-c81f650ab979@group-83984122B78E-FollowerState was interrupted: java.lang.InterruptedException: sleep interrupted
2019-10-30 11:52:52,929 [grpc-default-executor-6] INFO  impl.RaftServerImpl (RaftServerImpl.java:setRole(184)) - cd11b2f5-3187-4d03-bd60-931991550c17@group-F367C8FA5986: changes role from  FOLLOWER to FOLLOWER at term 152 for recognizeCandidate:9dbd5372-55c2-4532-b354-9494d3d545d2
2019-10-30 11:52:52,929 [grpc-default-executor-6] INFO  impl.RoleInfo (RoleInfo.java:shutdownFollowerState(121)) - cd11b2f5-3187-4d03-bd60-931991550c17: shutdown FollowerState
2019-10-30 11:52:52,930 [grpc-default-executor-6] INFO  impl.RoleInfo (RoleInfo.java:updateAndGet(143)) - cd11b2f5-3187-4d03-bd60-931991550c17: start FollowerState
2019-10-30 11:52:52,930 [grpc-default-executor-7] INFO  impl.RaftServerImpl (RaftServerImpl.java:setRole(184)) - 4cc44201-a597-43af-a4ec-5b1b407a6250@group-83984122B78E: changes role from  FOLLOWER to FOLLOWER at term 165 for recognizeCandidate:f26e10ed-fb17-49e6-a903-eadc130d13d1
2019-10-30 11:52:52,930 [grpc-default-executor-7] INFO  impl.RoleInfo (RoleInfo.java:shutdownFollowerState(121)) - 4cc44201-a597-43af-a4ec-5b1b407a6250: shutdown FollowerState
2019-10-30 11:52:52,930 [grpc-default-executor-7] INFO  impl.RoleInfo (RoleInfo.java:updateAndGet(143)) - 4cc44201-a597-43af-a4ec-5b1b407a6250: start FollowerState
2019-10-30 11:52:52,931 [grpc-default-executor-8] INFO  impl.RaftServerImpl (RaftServerImpl.java:setRole(184)) - 9b3ef6c9-0245-4756-bf80-45d41f7a4453@group-F367C8FA5986: changes role from  FOLLOWER to FOLLOWER at term 152 for recognizeCandidate:9dbd5372-55c2-4532-b354-9494d3d545d2
2019-10-30 11:52:52,931 [grpc-default-executor-8] INFO  impl.RoleInfo (RoleInfo.java:shutdownFollowerState(121)) - 9b3ef6c9-0245-4756-bf80-45d41f7a4453: shutdown FollowerState
2019-10-30 11:52:52,931 [grpc-default-executor-8] INFO  impl.RoleInfo (RoleInfo.java:updateAndGet(143)) - 9b3ef6c9-0245-4756-bf80-45d41f7a4453: start FollowerState
2019-10-30 11:52:52,930 [Thread-2391] INFO  impl.FollowerState (FollowerState.java:run(117)) - cd11b2f5-3187-4d03-bd60-931991550c17@group-F367C8FA5986-FollowerState was interrupted: java.lang.InterruptedException: sleep interrupted
2019-10-30 11:52:52,931 [Thread-2390] INFO  impl.FollowerState (FollowerState.java:run(117)) - 9b3ef6c9-0245-4756-bf80-45d41f7a4453@group-F367C8FA5986-FollowerState was interrupted: java.lang.InterruptedException: sleep interrupted
2019-10-30 11:52:52,930 [Thread-2410] INFO  impl.FollowerState (FollowerState.java:run(117)) - 4cc44201-a597-43af-a4ec-5b1b407a6250@group-83984122B78E-FollowerState was interrupted: java.lang.InterruptedException: sleep interrupted
2019-10-30 11:52:52,939 [f26e10ed-fb17-49e6-a903-eadc130d13d1@group-83984122B78E-LeaderElection301] INFO  impl.LeaderElection (LeaderElection.java:logAndReturn(56)) - f26e10ed-fb17-49e6-a903-eadc130d13d1@group-83984122B78E-LeaderElection301: Election REJECTED; received 2 response(s) [f26e10ed-fb17-49e6-a903-eadc130d13d1<-4f16e274-8663-4a15-9c4c-c81f650ab979#0:FAIL-t165, f26e10ed-fb17-49e6-a903-eadc130d13d1<-4cc44201-a597-43af-a4ec-5b1b407a6250#0:FAIL-t165] and 0 exception(s); f26e10ed-fb17-49e6-a903-eadc130d13d1@group-83984122B78E:t165, leader=null, voted=f26e10ed-fb17-49e6-a903-eadc130d13d1, raftlog=f26e10ed-fb17-49e6-a903-eadc130d13d1@group-83984122B78E-SegmentedRaftLog:OPENED:c-1,f-1,i0, conf=-1: [4f16e274-8663-4a15-9c4c-c81f650ab979:192.168.157.220:38181, 4cc44201-a597-43af-a4ec-5b1b407a6250:192.168.157.220:36685, f26e10ed-fb17-49e6-a903-eadc130d13d1:192.168.157.220:32806], old=null
2019-10-30 11:52:52,940 [f26e10ed-fb17-49e6-a903-eadc130d13d1@group-83984122B78E-LeaderElection301] INFO  impl.RaftServerImpl (RaftServerImpl.java:setRole(184)) - f26e10ed-fb17-49e6-a903-eadc130d13d1@group-83984122B78E: changes role from CANDIDATE to FOLLOWER at term 165 for DISCOVERED_A_NEW_TERM
2019-10-30 11:52:52,940 [f26e10ed-fb17-49e6-a903-eadc130d13d1@group-83984122B78E-LeaderElection301] INFO  impl.RoleInfo (RoleInfo.java:shutdownLeaderElection(134)) - f26e10ed-fb17-49e6-a903-eadc130d13d1: shutdown LeaderElection
2019-10-30 11:52:52,940 [f26e10ed-fb17-49e6-a903-eadc130d13d1@group-83984122B78E-LeaderElection301] INFO  impl.RoleInfo (RoleInfo.java:updateAndGet(143)) - f26e10ed-fb17-49e6-a903-eadc130d13d1: start FollowerState
2019-10-30 11:52:52,940 [9dbd5372-55c2-4532-b354-9494d3d545d2@group-F367C8FA5986-LeaderElection302] INFO  impl.LeaderElection (LeaderElection.java:logAndReturn(56)) - 9dbd5372-55c2-4532-b354-9494d3d545d2@group-F367C8FA5986-LeaderElection302: Election REJECTED; received 2 response(s) [9dbd5372-55c2-4532-b354-9494d3d545d2<-9b3ef6c9-0245-4756-bf80-45d41f7a4453#0:FAIL-t152, 9dbd5372-55c2-4532-b354-9494d3d545d2<-cd11b2f5-3187-4d03-bd60-931991550c17#0:FAIL-t152] and 0 exception(s); 9dbd5372-55c2-4532-b354-9494d3d545d2@group-F367C8FA5986:t152, leader=null, voted=9dbd5372-55c2-4532-b354-9494d3d545d2, raftlog=9dbd5372-55c2-4532-b354-9494d3d545d2@group-F367C8FA5986-SegmentedRaftLog:OPENED:c-1,f-1,i0, conf=-1: [9b3ef6c9-0245-4756-bf80-45d41f7a4453:192.168.157.220:37058, cd11b2f5-3187-4d03-bd60-931991550c17:192.168.157.220:43236, 9dbd5372-55c2-4532-b354-9494d3d545d2:192.168.157.220:42993], old=null
2019-10-30 11:52:52,940 [9dbd5372-55c2-4532-b354-9494d3d545d2@group-F367C8FA5986-LeaderElection302] INFO  impl.RaftServerImpl (RaftServerImpl.java:setRole(184)) - 9dbd5372-55c2-4532-b354-9494d3d545d2@group-F367C8FA5986: changes role from CANDIDATE to FOLLOWER at term 152 for DISCOVERED_A_NEW_TERM
2019-10-30 11:52:52,941 [9dbd5372-55c2-4532-b354-9494d3d545d2@group-F367C8FA5986-LeaderElection302] INFO  impl.RoleInfo (RoleInfo.java:shutdownLeaderElection(134)) - 9dbd5372-55c2-4532-b354-9494d3d545d2: shutdown LeaderElection
2019-10-30 11:52:52,941 [main] INFO  handler.ContextHandler (ContextHandler.java:doStop(910)) - Stopped o.e.j.w.WebAppContext@2cfbeac4{/,null,UNAVAILABLE}{/ozoneManager}
2019-10-30 11:52:52,941 [9dbd5372-55c2-4532-b354-9494d3d545d2@group-F367C8FA5986-LeaderElection302] INFO  impl.RoleInfo (RoleInfo.java:updateAndGet(143)) - 9dbd5372-55c2-4532-b354-9494d3d545d2: start FollowerState
2019-10-30 11:52:52,945 [main] INFO  server.AbstractConnector (AbstractConnector.java:doStop(318)) - Stopped ServerConnector@12db3386{HTTP/1.1,[http/1.1]}{0.0.0.0:0}
2019-10-30 11:52:52,946 [main] INFO  handler.ContextHandler (ContextHandler.java:doStop(910)) - Stopped o.e.j.s.ServletContextHandler@7578e06a{/static,file:///workdir/hadoop-ozone/integration-test/target/test-classes/webapps/static,UNAVAILABLE}
2019-10-30 11:52:52,946 [main] INFO  handler.ContextHandler (ContextHandler.java:doStop(910)) - Stopped o.e.j.s.ServletContextHandler@7923f5b3{/logs,file:///workdir/hadoop-ozone/integration-test/target/log,UNAVAILABLE}
2019-10-30 11:52:52,952 [main] INFO  ozone.MiniOzoneClusterImpl (MiniOzoneClusterImpl.java:stopDatanodes(377)) - Stopping the HddsDatanodes
2019-10-30 11:52:52,972 [Thread-2427] INFO  impl.FollowerState (FollowerState.java:run(108)) - 9dbd5372-55c2-4532-b354-9494d3d545d2@group-F367C8FA5986-FollowerState: change to CANDIDATE, lastRpcTime:31ms, electionTimeout:31ms
2019-10-30 11:52:52,972 [Thread-2427] INFO  impl.RoleInfo (RoleInfo.java:shutdownFollowerState(121)) - 9dbd5372-55c2-4532-b354-9494d3d545d2: shutdown FollowerState
2019-10-30 11:52:52,972 [Thread-2427] INFO  impl.RaftServerImpl (RaftServerImpl.java:setRole(184)) - 9dbd5372-55c2-4532-b354-9494d3d545d2@group-F367C8FA5986: changes role from  FOLLOWER to CANDIDATE at term 152 for changeToCandidate
2019-10-30 11:52:52,972 [Thread-2427] INFO  impl.RoleInfo (RoleInfo.java:updateAndGet(143)) - 9dbd5372-55c2-4532-b354-9494d3d545d2: start LeaderElection
2019-10-30 11:52:52,980 [9dbd5372-55c2-4532-b354-9494d3d545d2@group-F367C8FA5986-LeaderElection303] INFO  impl.LeaderElection (LeaderElection.java:askForVotes(178)) - 9dbd5372-55c2-4532-b354-9494d3d545d2@group-F367C8FA5986-LeaderElection303: begin an election at term 153 for -1: [9b3ef6c9-0245-4756-bf80-45d41f7a4453:192.168.157.220:37058, cd11b2f5-3187-4d03-bd60-931991550c17:192.168.157.220:43236, 9dbd5372-55c2-4532-b354-9494d3d545d2:192.168.157.220:42993], old=null
2019-10-30 11:52:52,982 [grpc-default-executor-7] INFO  impl.RaftServerImpl (RaftServerImpl.java:setRole(184)) - 9b3ef6c9-0245-4756-bf80-45d41f7a4453@group-F367C8FA5986: changes role from  FOLLOWER to FOLLOWER at term 153 for recognizeCandidate:9dbd5372-55c2-4532-b354-9494d3d545d2
2019-10-30 11:52:52,982 [grpc-default-executor-7] INFO  impl.RoleInfo (RoleInfo.java:shutdownFollowerState(121)) - 9b3ef6c9-0245-4756-bf80-45d41f7a4453: shutdown FollowerState
2019-10-30 11:52:52,982 [Thread-2425] INFO  impl.FollowerState (FollowerState.java:run(117)) - 9b3ef6c9-0245-4756-bf80-45d41f7a4453@group-F367C8FA5986-FollowerState was interrupted: java.lang.InterruptedException: sleep interrupted
2019-10-30 11:52:52,982 [grpc-default-executor-7] INFO  impl.RoleInfo (RoleInfo.java:updateAndGet(143)) - 9b3ef6c9-0245-4756-bf80-45d41f7a4453: start FollowerState
2019-10-30 11:52:52,985 [grpc-default-executor-8] INFO  impl.RaftServerImpl (RaftServerImpl.java:setRole(184)) - cd11b2f5-3187-4d03-bd60-931991550c17@group-F367C8FA5986: changes role from  FOLLOWER to FOLLOWER at term 153 for recognizeCandidate:9dbd5372-55c2-4532-b354-9494d3d545d2
2019-10-30 11:52:52,985 [grpc-default-executor-8] INFO  impl.RoleInfo (RoleInfo.java:shutdownFollowerState(121)) - cd11b2f5-3187-4d03-bd60-931991550c17: shutdown FollowerState
2019-10-30 11:52:52,985 [grpc-default-executor-8] INFO  impl.RoleInfo (RoleInfo.java:updateAndGet(143)) - cd11b2f5-3187-4d03-bd60-931991550c17: start FollowerState
2019-10-30 11:52:52,985 [Thread-2423] INFO  impl.FollowerState (FollowerState.java:run(117)) - cd11b2f5-3187-4d03-bd60-931991550c17@group-F367C8FA5986-FollowerState was interrupted: java.lang.InterruptedException: sleep interrupted
2019-10-30 11:52:52,999 [9dbd5372-55c2-4532-b354-9494d3d545d2@group-F367C8FA5986-LeaderElection303] INFO  impl.LeaderElection (LeaderElection.java:logAndReturn(56)) - 9dbd5372-55c2-4532-b354-9494d3d545d2@group-F367C8FA5986-LeaderElection303: Election REJECTED; received 2 response(s) [9dbd5372-55c2-4532-b354-9494d3d545d2<-9b3ef6c9-0245-4756-bf80-45d41f7a4453#0:FAIL-t153, 9dbd5372-55c2-4532-b354-9494d3d545d2<-cd11b2f5-3187-4d03-bd60-931991550c17#0:FAIL-t153] and 0 exception(s); 9dbd5372-55c2-4532-b354-9494d3d545d2@group-F367C8FA5986:t153, leader=null, voted=9dbd5372-55c2-4532-b354-9494d3d545d2, raftlog=9dbd5372-55c2-4532-b354-9494d3d545d2@group-F367C8FA5986-SegmentedRaftLog:OPENED:c-1,f-1,i0, conf=-1: [9b3ef6c9-0245-4756-bf80-45d41f7a4453:192.168.157.220:37058, cd11b2f5-3187-4d03-bd60-931991550c17:192.168.157.220:43236, 9dbd5372-55c2-4532-b354-9494d3d545d2:192.168.157.220:42993], old=null
2019-10-30 11:52:52,999 [9dbd5372-55c2-4532-b354-9494d3d545d2@group-F367C8FA5986-LeaderElection303] INFO  impl.RaftServerImpl (RaftServerImpl.java:setRole(184)) - 9dbd5372-55c2-4532-b354-9494d3d545d2@group-F367C8FA5986: changes role from CANDIDATE to FOLLOWER at term 153 for DISCOVERED_A_NEW_TERM
2019-10-30 11:52:52,999 [9dbd5372-55c2-4532-b354-9494d3d545d2@group-F367C8FA5986-LeaderElection303] INFO  impl.RoleInfo (RoleInfo.java:shutdownLeaderElection(134)) - 9dbd5372-55c2-4532-b354-9494d3d545d2: shutdown LeaderElection
2019-10-30 11:52:53,006 [9dbd5372-55c2-4532-b354-9494d3d545d2@group-F367C8FA5986-LeaderElection303] INFO  impl.RoleInfo (RoleInfo.java:updateAndGet(143)) - 9dbd5372-55c2-4532-b354-9494d3d545d2: start FollowerState
2019-10-30 11:52:53,044 [Datanode State Machine Thread - 0] INFO  statemachine.DatanodeStateMachine (DatanodeStateMachine.java:lambda$startDaemon$0(350)) - Ozone container server started.
2019-10-30 11:52:53,113 [Thread-2433] INFO  impl.FollowerState (FollowerState.java:run(108)) - 9dbd5372-55c2-4532-b354-9494d3d545d2@group-F367C8FA5986-FollowerState: change to CANDIDATE, lastRpcTime:107ms, electionTimeout:106ms
2019-10-30 11:52:53,113 [Thread-2433] INFO  impl.RoleInfo (RoleInfo.java:shutdownFollowerState(121)) - 9dbd5372-55c2-4532-b354-9494d3d545d2: shutdown FollowerState
2019-10-30 11:52:53,113 [Thread-2433] INFO  impl.RaftServerImpl (RaftServerImpl.java:setRole(184)) - 9dbd5372-55c2-4532-b354-9494d3d545d2@group-F367C8FA5986: changes role from  FOLLOWER to CANDIDATE at term 153 for changeToCandidate
2019-10-30 11:52:53,113 [Thread-2433] INFO  impl.RoleInfo (RoleInfo.java:updateAndGet(143)) - 9dbd5372-55c2-4532-b354-9494d3d545d2: start LeaderElection
2019-10-30 11:52:53,130 [Thread-2426] INFO  impl.FollowerState (FollowerState.java:run(108)) - f26e10ed-fb17-49e6-a903-eadc130d13d1@group-83984122B78E-FollowerState: change to CANDIDATE, lastRpcTime:190ms, electionTimeout:189ms
2019-10-30 11:52:53,130 [Thread-2426] INFO  impl.RoleInfo (RoleInfo.java:shutdownFollowerState(121)) - f26e10ed-fb17-49e6-a903-eadc130d13d1: shutdown FollowerState
2019-10-30 11:52:53,130 [Thread-2426] INFO  impl.RaftServerImpl (RaftServerImpl.java:setRole(184)) - f26e10ed-fb17-49e6-a903-eadc130d13d1@group-83984122B78E: changes role from  FOLLOWER to CANDIDATE at term 165 for changeToCandidate
2019-10-30 11:52:53,130 [Thread-2426] INFO  impl.RoleInfo (RoleInfo.java:updateAndGet(143)) - f26e10ed-fb17-49e6-a903-eadc130d13d1: start LeaderElection
2019-10-30 11:52:53,133 [9dbd5372-55c2-4532-b354-9494d3d545d2@group-F367C8FA5986-LeaderElection304] INFO  impl.LeaderElection (LeaderElection.java:askForVotes(178)) - 9dbd5372-55c2-4532-b354-9494d3d545d2@group-F367C8FA5986-LeaderElection304: begin an election at term 154 for -1: [9b3ef6c9-0245-4756-bf80-45d41f7a4453:192.168.157.220:37058, cd11b2f5-3187-4d03-bd60-931991550c17:192.168.157.220:43236, 9dbd5372-55c2-4532-b354-9494d3d545d2:192.168.157.220:42993], old=null
2019-10-30 11:52:53,135 [grpc-default-executor-8] INFO  impl.RaftServerImpl (RaftServerImpl.java:setRole(184)) - 9b3ef6c9-0245-4756-bf80-45d41f7a4453@group-F367C8FA5986: changes role from  FOLLOWER to FOLLOWER at term 154 for recognizeCandidate:9dbd5372-55c2-4532-b354-9494d3d545d2
2019-10-30 11:52:53,135 [grpc-default-executor-6] INFO  impl.RaftServerImpl (RaftServerImpl.java:setRole(184)) - cd11b2f5-3187-4d03-bd60-931991550c17@group-F367C8FA5986: changes role from  FOLLOWER to FOLLOWER at term 154 for recognizeCandidate:9dbd5372-55c2-4532-b354-9494d3d545d2
2019-10-30 11:52:53,135 [grpc-default-executor-6] INFO  impl.RoleInfo (RoleInfo.java:shutdownFollowerState(121)) - cd11b2f5-3187-4d03-bd60-931991550c17: shutdown FollowerState
2019-10-30 11:52:53,135 [grpc-default-executor-8] INFO  impl.RoleInfo (RoleInfo.java:shutdownFollowerState(121)) - 9b3ef6c9-0245-4756-bf80-45d41f7a4453: shutdown FollowerState
2019-10-30 11:52:53,135 [Thread-2432] INFO  impl.FollowerState (FollowerState.java:run(117)) - cd11b2f5-3187-4d03-bd60-931991550c17@group-F367C8FA5986-FollowerState was interrupted: java.lang.InterruptedException: sleep interrupted
2019-10-30 11:52:53,135 [grpc-default-executor-6] INFO  impl.RoleInfo (RoleInfo.java:updateAndGet(143)) - cd11b2f5-3187-4d03-bd60-931991550c17: start FollowerState
2019-10-30 11:52:53,135 [Thread-2431] INFO  impl.FollowerState (FollowerState.java:run(117)) - 9b3ef6c9-0245-4756-bf80-45d41f7a4453@group-F367C8FA5986-FollowerState was interrupted: java.lang.InterruptedException: sleep interrupted
2019-10-30 11:52:53,135 [grpc-default-executor-8] INFO  impl.RoleInfo (RoleInfo.java:updateAndGet(143)) - 9b3ef6c9-0245-4756-bf80-45d41f7a4453: start FollowerState
2019-10-30 11:52:53,150 [f26e10ed-fb17-49e6-a903-eadc130d13d1@group-83984122B78E-LeaderElection305] INFO  impl.LeaderElection (LeaderElection.java:askForVotes(178)) - f26e10ed-fb17-49e6-a903-eadc130d13d1@group-83984122B78E-LeaderElection305: begin an election at term 166 for -1: [4f16e274-8663-4a15-9c4c-c81f650ab979:192.168.157.220:38181, 4cc44201-a597-43af-a4ec-5b1b407a6250:192.168.157.220:36685, f26e10ed-fb17-49e6-a903-eadc130d13d1:192.168.157.220:32806], old=null
2019-10-30 11:52:53,151 [9dbd5372-55c2-4532-b354-9494d3d545d2@group-F367C8FA5986-LeaderElection304] INFO  impl.LeaderElection (LeaderElection.java:logAndReturn(56)) - 9dbd5372-55c2-4532-b354-9494d3d545d2@group-F367C8FA5986-LeaderElection304: Election REJECTED; received 2 response(s) [9dbd5372-55c2-4532-b354-9494d3d545d2<-9b3ef6c9-0245-4756-bf80-45d41f7a4453#0:FAIL-t154, 9dbd5372-55c2-4532-b354-9494d3d545d2<-cd11b2f5-3187-4d03-bd60-931991550c17#0:FAIL-t154] and 0 exception(s); 9dbd5372-55c2-4532-b354-9494d3d545d2@group-F367C8FA5986:t154, leader=null, voted=9dbd5372-55c2-4532-b354-9494d3d545d2, raftlog=9dbd5372-55c2-4532-b354-9494d3d545d2@group-F367C8FA5986-SegmentedRaftLog:OPENED:c-1,f-1,i0, conf=-1: [9b3ef6c9-0245-4756-bf80-45d41f7a4453:192.168.157.220:37058, cd11b2f5-3187-4d03-bd60-931991550c17:192.168.157.220:43236, 9dbd5372-55c2-4532-b354-9494d3d545d2:192.168.157.220:42993], old=null
2019-10-30 11:52:53,151 [grpc-default-executor-8] INFO  impl.RaftServerImpl (RaftServerImpl.java:setRole(184)) - 4f16e274-8663-4a15-9c4c-c81f650ab979@group-83984122B78E: changes role from  FOLLOWER to FOLLOWER at term 166 for recognizeCandidate:f26e10ed-fb17-49e6-a903-eadc130d13d1
2019-10-30 11:52:53,151 [grpc-default-executor-6] INFO  impl.RaftServerImpl (RaftServerImpl.java:setRole(184)) - 4cc44201-a597-43af-a4ec-5b1b407a6250@group-83984122B78E: changes role from  FOLLOWER to FOLLOWER at term 166 for recognizeCandidate:f26e10ed-fb17-49e6-a903-eadc130d13d1
2019-10-30 11:52:53,152 [grpc-default-executor-6] INFO  impl.RoleInfo (RoleInfo.java:shutdownFollowerState(121)) - 4cc44201-a597-43af-a4ec-5b1b407a6250: shutdown FollowerState
2019-10-30 11:52:53,151 [9dbd5372-55c2-4532-b354-9494d3d545d2@group-F367C8FA5986-LeaderElection304] INFO  impl.RaftServerImpl (RaftServerImpl.java:setRole(184)) - 9dbd5372-55c2-4532-b354-9494d3d545d2@group-F367C8FA5986: changes role from CANDIDATE to FOLLOWER at term 154 for DISCOVERED_A_NEW_TERM
2019-10-30 11:52:53,152 [Thread-2424] INFO  impl.FollowerState (FollowerState.java:run(117)) - 4cc44201-a597-43af-a4ec-5b1b407a6250@group-83984122B78E-FollowerState was interrupted: java.lang.InterruptedException: sleep interrupted
2019-10-30 11:52:53,152 [grpc-default-executor-6] INFO  impl.RoleInfo (RoleInfo.java:updateAndGet(143)) - 4cc44201-a597-43af-a4ec-5b1b407a6250: start FollowerState
2019-10-30 11:52:53,151 [grpc-default-executor-8] INFO  impl.RoleInfo (RoleInfo.java:shutdownFollowerState(121)) - 4f16e274-8663-4a15-9c4c-c81f650ab979: shutdown FollowerState
2019-10-30 11:52:53,152 [9dbd5372-55c2-4532-b354-9494d3d545d2@group-F367C8FA5986-LeaderElection304] INFO  impl.RoleInfo (RoleInfo.java:shutdownLeaderElection(134)) - 9dbd5372-55c2-4532-b354-9494d3d545d2: shutdown LeaderElection
2019-10-30 11:52:53,152 [Thread-2422] INFO  impl.FollowerState (FollowerState.java:run(117)) - 4f16e274-8663-4a15-9c4c-c81f650ab979@group-83984122B78E-FollowerState was interrupted: java.lang.InterruptedException: sleep interrupted
2019-10-30 11:52:53,152 [grpc-default-executor-8] INFO  impl.RoleInfo (RoleInfo.java:updateAndGet(143)) - 4f16e274-8663-4a15-9c4c-c81f650ab979: start FollowerState
2019-10-30 11:52:53,152 [9dbd5372-55c2-4532-b354-9494d3d545d2@group-F367C8FA5986-LeaderElection304] INFO  impl.RoleInfo (RoleInfo.java:updateAndGet(143)) - 9dbd5372-55c2-4532-b354-9494d3d545d2: start FollowerState
2019-10-30 11:52:53,160 [f26e10ed-fb17-49e6-a903-eadc130d13d1@group-83984122B78E-LeaderElection305] INFO  impl.LeaderElection (LeaderElection.java:logAndReturn(56)) - f26e10ed-fb17-49e6-a903-eadc130d13d1@group-83984122B78E-LeaderElection305: Election REJECTED; received 2 response(s) [f26e10ed-fb17-49e6-a903-eadc130d13d1<-4f16e274-8663-4a15-9c4c-c81f650ab979#0:FAIL-t166, f26e10ed-fb17-49e6-a903-eadc130d13d1<-4cc44201-a597-43af-a4ec-5b1b407a6250#0:FAIL-t166] and 0 exception(s); f26e10ed-fb17-49e6-a903-eadc130d13d1@group-83984122B78E:t166, leader=null, voted=f26e10ed-fb17-49e6-a903-eadc130d13d1, raftlog=f26e10ed-fb17-49e6-a903-eadc130d13d1@group-83984122B78E-SegmentedRaftLog:OPENED:c-1,f-1,i0, conf=-1: [4f16e274-8663-4a15-9c4c-c81f650ab979:192.168.157.220:38181, 4cc44201-a597-43af-a4ec-5b1b407a6250:192.168.157.220:36685, f26e10ed-fb17-49e6-a903-eadc130d13d1:192.168.157.220:32806], old=null
2019-10-30 11:52:53,161 [f26e10ed-fb17-49e6-a903-eadc130d13d1@group-83984122B78E-LeaderElection305] INFO  impl.RaftServerImpl (RaftServerImpl.java:setRole(184)) - f26e10ed-fb17-49e6-a903-eadc130d13d1@group-83984122B78E: changes role from CANDIDATE to FOLLOWER at term 166 for DISCOVERED_A_NEW_TERM
2019-10-30 11:52:53,161 [f26e10ed-fb17-49e6-a903-eadc130d13d1@group-83984122B78E-LeaderElection305] INFO  impl.RoleInfo (RoleInfo.java:shutdownLeaderElection(134)) - f26e10ed-fb17-49e6-a903-eadc130d13d1: shutdown LeaderElection
2019-10-30 11:52:53,161 [f26e10ed-fb17-49e6-a903-eadc130d13d1@group-83984122B78E-LeaderElection305] INFO  impl.RoleInfo (RoleInfo.java:updateAndGet(143)) - f26e10ed-fb17-49e6-a903-eadc130d13d1: start FollowerState
2019-10-30 11:52:53,161 [Thread-2458] INFO  impl.FollowerState (FollowerState.java:run(108)) - f26e10ed-fb17-49e6-a903-eadc130d13d1@group-83984122B78E-FollowerState: change to CANDIDATE, lastRpcTime:0ms, electionTimeout:0ms
2019-10-30 11:52:53,161 [Thread-2458] INFO  impl.RoleInfo (RoleInfo.java:shutdownFollowerState(121)) - f26e10ed-fb17-49e6-a903-eadc130d13d1: shutdown FollowerState
2019-10-30 11:52:53,161 [Thread-2458] INFO  impl.RaftServerImpl (RaftServerImpl.java:setRole(184)) - f26e10ed-fb17-49e6-a903-eadc130d13d1@group-83984122B78E: changes role from  FOLLOWER to CANDIDATE at term 166 for changeToCandidate
2019-10-30 11:52:53,161 [Thread-2458] INFO  impl.RoleInfo (RoleInfo.java:updateAndGet(143)) - f26e10ed-fb17-49e6-a903-eadc130d13d1: start LeaderElection
2019-10-30 11:52:53,166 [f26e10ed-fb17-49e6-a903-eadc130d13d1@group-83984122B78E-LeaderElection306] INFO  impl.LeaderElection (LeaderElection.java:askForVotes(178)) - f26e10ed-fb17-49e6-a903-eadc130d13d1@group-83984122B78E-LeaderElection306: begin an election at term 167 for -1: [4f16e274-8663-4a15-9c4c-c81f650ab979:192.168.157.220:38181, 4cc44201-a597-43af-a4ec-5b1b407a6250:192.168.157.220:36685, f26e10ed-fb17-49e6-a903-eadc130d13d1:192.168.157.220:32806], old=null
2019-10-30 11:52:53,167 [grpc-default-executor-8] INFO  impl.RaftServerImpl (RaftServerImpl.java:setRole(184)) - 4cc44201-a597-43af-a4ec-5b1b407a6250@group-83984122B78E: changes role from  FOLLOWER to FOLLOWER at term 167 for recognizeCandidate:f26e10ed-fb17-49e6-a903-eadc130d13d1
2019-10-30 11:52:53,168 [grpc-default-executor-8] INFO  impl.RoleInfo (RoleInfo.java:shutdownFollowerState(121)) - 4cc44201-a597-43af-a4ec-5b1b407a6250: shutdown FollowerState
2019-10-30 11:52:53,168 [grpc-default-executor-6] INFO  impl.RaftServerImpl (RaftServerImpl.java:setRole(184)) - 4f16e274-8663-4a15-9c4c-c81f650ab979@group-83984122B78E: changes role from  FOLLOWER to FOLLOWER at term 167 for recognizeCandidate:f26e10ed-fb17-49e6-a903-eadc130d13d1
2019-10-30 11:52:53,168 [grpc-default-executor-8] INFO  impl.RoleInfo (RoleInfo.java:updateAndGet(143)) - 4cc44201-a597-43af-a4ec-5b1b407a6250: start FollowerState
2019-10-30 11:52:53,168 [Thread-2455] INFO  impl.FollowerState (FollowerState.java:run(117)) - 4cc44201-a597-43af-a4ec-5b1b407a6250@group-83984122B78E-FollowerState was interrupted: java.lang.InterruptedException: sleep interrupted
2019-10-30 11:52:53,168 [grpc-default-executor-6] INFO  impl.RoleInfo (RoleInfo.java:shutdownFollowerState(121)) - 4f16e274-8663-4a15-9c4c-c81f650ab979: shutdown FollowerState
2019-10-30 11:52:53,168 [grpc-default-executor-6] INFO  impl.RoleInfo (RoleInfo.java:updateAndGet(143)) - 4f16e274-8663-4a15-9c4c-c81f650ab979: start FollowerState
2019-10-30 11:52:53,168 [Thread-2456] INFO  impl.FollowerState (FollowerState.java:run(117)) - 4f16e274-8663-4a15-9c4c-c81f650ab979@group-83984122B78E-FollowerState was interrupted: java.lang.InterruptedException: sleep interrupted
2019-10-30 11:52:53,190 [f26e10ed-fb17-49e6-a903-eadc130d13d1@group-83984122B78E-LeaderElection306] INFO  impl.LeaderElection (LeaderElection.java:logAndReturn(56)) - f26e10ed-fb17-49e6-a903-eadc130d13d1@group-83984122B78E-LeaderElection306: Election REJECTED; received 2 response(s) [f26e10ed-fb17-49e6-a903-eadc130d13d1<-4f16e274-8663-4a15-9c4c-c81f650ab979#0:FAIL-t167, f26e10ed-fb17-49e6-a903-eadc130d13d1<-4cc44201-a597-43af-a4ec-5b1b407a6250#0:FAIL-t167] and 0 exception(s); f26e10ed-fb17-49e6-a903-eadc130d13d1@group-83984122B78E:t167, leader=null, voted=f26e10ed-fb17-49e6-a903-eadc130d13d1, raftlog=f26e10ed-fb17-49e6-a903-eadc130d13d1@group-83984122B78E-SegmentedRaftLog:OPENED:c-1,f-1,i0, conf=-1: [4f16e274-8663-4a15-9c4c-c81f650ab979:192.168.157.220:38181, 4cc44201-a597-43af-a4ec-5b1b407a6250:192.168.157.220:36685, f26e10ed-fb17-49e6-a903-eadc130d13d1:192.168.157.220:32806], old=null
2019-10-30 11:52:53,190 [f26e10ed-fb17-49e6-a903-eadc130d13d1@group-83984122B78E-LeaderElection306] INFO  impl.RaftServerImpl (RaftServerImpl.java:setRole(184)) - f26e10ed-fb17-49e6-a903-eadc130d13d1@group-83984122B78E: changes role from CANDIDATE to FOLLOWER at term 167 for DISCOVERED_A_NEW_TERM
2019-10-30 11:52:53,190 [f26e10ed-fb17-49e6-a903-eadc130d13d1@group-83984122B78E-LeaderElection306] INFO  impl.RoleInfo (RoleInfo.java:shutdownLeaderElection(134)) - f26e10ed-fb17-49e6-a903-eadc130d13d1: shutdown LeaderElection
2019-10-30 11:52:53,190 [f26e10ed-fb17-49e6-a903-eadc130d13d1@group-83984122B78E-LeaderElection306] INFO  impl.RoleInfo (RoleInfo.java:updateAndGet(143)) - f26e10ed-fb17-49e6-a903-eadc130d13d1: start FollowerState
2019-10-30 11:52:53,195 [Thread-2457] INFO  impl.FollowerState (FollowerState.java:run(108)) - 9dbd5372-55c2-4532-b354-9494d3d545d2@group-F367C8FA5986-FollowerState: change to CANDIDATE, lastRpcTime:42ms, electionTimeout:42ms
2019-10-30 11:52:53,195 [Thread-2457] INFO  impl.RoleInfo (RoleInfo.java:shutdownFollowerState(121)) - 9dbd5372-55c2-4532-b354-9494d3d545d2: shutdown FollowerState
2019-10-30 11:52:53,195 [Thread-2457] INFO  impl.RaftServerImpl (RaftServerImpl.java:setRole(184)) - 9dbd5372-55c2-4532-b354-9494d3d545d2@group-F367C8FA5986: changes role from  FOLLOWER to CANDIDATE at term 154 for changeToCandidate
2019-10-30 11:52:53,195 [Thread-2457] INFO  impl.RoleInfo (RoleInfo.java:updateAndGet(143)) - 9dbd5372-55c2-4532-b354-9494d3d545d2: start LeaderElection
2019-10-30 11:52:53,212 [9dbd5372-55c2-4532-b354-9494d3d545d2@group-F367C8FA5986-LeaderElection307] INFO  impl.LeaderElection (LeaderElection.java:askForVotes(178)) - 9dbd5372-55c2-4532-b354-9494d3d545d2@group-F367C8FA5986-LeaderElection307: begin an election at term 155 for -1: [9b3ef6c9-0245-4756-bf80-45d41f7a4453:192.168.157.220:37058, cd11b2f5-3187-4d03-bd60-931991550c17:192.168.157.220:43236, 9dbd5372-55c2-4532-b354-9494d3d545d2:192.168.157.220:42993], old=null
2019-10-30 11:52:53,214 [grpc-default-executor-6] INFO  impl.RaftServerImpl (RaftServerImpl.java:setRole(184)) - 9b3ef6c9-0245-4756-bf80-45d41f7a4453@group-F367C8FA5986: changes role from  FOLLOWER to FOLLOWER at term 155 for recognizeCandidate:9dbd5372-55c2-4532-b354-9494d3d545d2
2019-10-30 11:52:53,214 [grpc-default-executor-6] INFO  impl.RoleInfo (RoleInfo.java:shutdownFollowerState(121)) - 9b3ef6c9-0245-4756-bf80-45d41f7a4453: shutdown FollowerState
2019-10-30 11:52:53,214 [grpc-default-executor-6] INFO  impl.RoleInfo (RoleInfo.java:updateAndGet(143)) - 9b3ef6c9-0245-4756-bf80-45d41f7a4453: start FollowerState
2019-10-30 11:52:53,214 [grpc-default-executor-8] INFO  impl.RaftServerImpl (RaftServerImpl.java:setRole(184)) - cd11b2f5-3187-4d03-bd60-931991550c17@group-F367C8FA5986: changes role from  FOLLOWER to FOLLOWER at term 155 for recognizeCandidate:9dbd5372-55c2-4532-b354-9494d3d545d2
2019-10-30 11:52:53,214 [Thread-2452] INFO  impl.FollowerState (FollowerState.java:run(117)) - 9b3ef6c9-0245-4756-bf80-45d41f7a4453@group-F367C8FA5986-FollowerState was interrupted: java.lang.InterruptedException: sleep interrupted
2019-10-30 11:52:53,214 [grpc-default-executor-8] INFO  impl.RoleInfo (RoleInfo.java:shutdownFollowerState(121)) - cd11b2f5-3187-4d03-bd60-931991550c17: shutdown FollowerState
2019-10-30 11:52:53,214 [grpc-default-executor-8] INFO  impl.RoleInfo (RoleInfo.java:updateAndGet(143)) - cd11b2f5-3187-4d03-bd60-931991550c17: start FollowerState
2019-10-30 11:52:53,214 [Thread-2451] INFO  impl.FollowerState (FollowerState.java:run(117)) - cd11b2f5-3187-4d03-bd60-931991550c17@group-F367C8FA5986-FollowerState was interrupted: java.lang.InterruptedException: sleep interrupted
2019-10-30 11:52:53,228 [9dbd5372-55c2-4532-b354-9494d3d545d2@group-F367C8FA5986-LeaderElection307] INFO  impl.LeaderElection (LeaderElection.java:logAndReturn(56)) - 9dbd5372-55c2-4532-b354-9494d3d545d2@group-F367C8FA5986-LeaderElection307: Election REJECTED; received 2 response(s) [9dbd5372-55c2-4532-b354-9494d3d545d2<-9b3ef6c9-0245-4756-bf80-45d41f7a4453#0:FAIL-t155, 9dbd5372-55c2-4532-b354-9494d3d545d2<-cd11b2f5-3187-4d03-bd60-931991550c17#0:FAIL-t155] and 0 exception(s); 9dbd5372-55c2-4532-b354-9494d3d545d2@group-F367C8FA5986:t155, leader=null, voted=9dbd5372-55c2-4532-b354-9494d3d545d2, raftlog=9dbd5372-55c2-4532-b354-9494d3d545d2@group-F367C8FA5986-SegmentedRaftLog:OPENED:c-1,f-1,i0, conf=-1: [9b3ef6c9-0245-4756-bf80-45d41f7a4453:192.168.157.220:37058, cd11b2f5-3187-4d03-bd60-931991550c17:192.168.157.220:43236, 9dbd5372-55c2-4532-b354-9494d3d545d2:192.168.157.220:42993], old=null
2019-10-30 11:52:53,228 [9dbd5372-55c2-4532-b354-9494d3d545d2@group-F367C8FA5986-LeaderElection307] INFO  impl.RaftServerImpl (RaftServerImpl.java:setRole(184)) - 9dbd5372-55c2-4532-b354-9494d3d545d2@group-F367C8FA5986: changes role from CANDIDATE to FOLLOWER at term 155 for DISCOVERED_A_NEW_TERM
2019-10-30 11:52:53,228 [9dbd5372-55c2-4532-b354-9494d3d545d2@group-F367C8FA5986-LeaderElection307] INFO  impl.RoleInfo (RoleInfo.java:shutdownLeaderElection(134)) - 9dbd5372-55c2-4532-b354-9494d3d545d2: shutdown LeaderElection
2019-10-30 11:52:53,228 [9dbd5372-55c2-4532-b354-9494d3d545d2@group-F367C8FA5986-LeaderElection307] INFO  impl.RoleInfo (RoleInfo.java:updateAndGet(143)) - 9dbd5372-55c2-4532-b354-9494d3d545d2: start FollowerState
2019-10-30 11:52:53,274 [Datanode State Machine Thread - 0] INFO  statemachine.DatanodeStateMachine (DatanodeStateMachine.java:lambda$startDaemon$0(350)) - Ozone container server started.
2019-10-30 11:52:53,280 [Thread-2464] INFO  impl.FollowerState (FollowerState.java:run(108)) - f26e10ed-fb17-49e6-a903-eadc130d13d1@group-83984122B78E-FollowerState: change to CANDIDATE, lastRpcTime:89ms, electionTimeout:89ms
2019-10-30 11:52:53,280 [Thread-2464] INFO  impl.RoleInfo (RoleInfo.java:shutdownFollowerState(121)) - f26e10ed-fb17-49e6-a903-eadc130d13d1: shutdown FollowerState
2019-10-30 11:52:53,280 [Thread-2464] INFO  impl.RaftServerImpl (RaftServerImpl.java:setRole(184)) - f26e10ed-fb17-49e6-a903-eadc130d13d1@group-83984122B78E: changes role from  FOLLOWER to CANDIDATE at term 167 for changeToCandidate
2019-10-30 11:52:53,280 [Thread-2464] INFO  impl.RoleInfo (RoleInfo.java:updateAndGet(143)) - f26e10ed-fb17-49e6-a903-eadc130d13d1: start LeaderElection
2019-10-30 11:52:53,290 [f26e10ed-fb17-49e6-a903-eadc130d13d1@group-83984122B78E-LeaderElection308] INFO  impl.LeaderElection (LeaderElection.java:askForVotes(178)) - f26e10ed-fb17-49e6-a903-eadc130d13d1@group-83984122B78E-LeaderElection308: begin an election at term 168 for -1: [4f16e274-8663-4a15-9c4c-c81f650ab979:192.168.157.220:38181, 4cc44201-a597-43af-a4ec-5b1b407a6250:192.168.157.220:36685, f26e10ed-fb17-49e6-a903-eadc130d13d1:192.168.157.220:32806], old=null
2019-10-30 11:52:53,291 [grpc-default-executor-8] INFO  impl.RaftServerImpl (RaftServerImpl.java:setRole(184)) - 4cc44201-a597-43af-a4ec-5b1b407a6250@group-83984122B78E: changes role from  FOLLOWER to FOLLOWER at term 168 for recognizeCandidate:f26e10ed-fb17-49e6-a903-eadc130d13d1
2019-10-30 11:52:53,291 [grpc-default-executor-8] INFO  impl.RoleInfo (RoleInfo.java:shutdownFollowerState(121)) - 4cc44201-a597-43af-a4ec-5b1b407a6250: shutdown FollowerState
2019-10-30 11:52:53,291 [grpc-default-executor-6] INFO  impl.RaftServerImpl (RaftServerImpl.java:setRole(184)) - 4f16e274-8663-4a15-9c4c-c81f650ab979@group-83984122B78E: changes role from  FOLLOWER to FOLLOWER at term 168 for recognizeCandidate:f26e10ed-fb17-49e6-a903-eadc130d13d1
2019-10-30 11:52:53,291 [Thread-2462] INFO  impl.FollowerState (FollowerState.java:run(117)) - 4cc44201-a597-43af-a4ec-5b1b407a6250@group-83984122B78E-FollowerState was interrupted: java.lang.InterruptedException: sleep interrupted
2019-10-30 11:52:53,291 [grpc-default-executor-8] INFO  impl.RoleInfo (RoleInfo.java:updateAndGet(143)) - 4cc44201-a597-43af-a4ec-5b1b407a6250: start FollowerState
2019-10-30 11:52:53,292 [grpc-default-executor-6] INFO  impl.RoleInfo (RoleInfo.java:shutdownFollowerState(121)) - 4f16e274-8663-4a15-9c4c-c81f650ab979: shutdown FollowerState
2019-10-30 11:52:53,292 [grpc-default-executor-6] INFO  impl.RoleInfo (RoleInfo.java:updateAndGet(143)) - 4f16e274-8663-4a15-9c4c-c81f650ab979: start FollowerState
2019-10-30 11:52:53,293 [Thread-2463] INFO  impl.FollowerState (FollowerState.java:run(117)) - 4f16e274-8663-4a15-9c4c-c81f650ab979@group-83984122B78E-FollowerState was interrupted: java.lang.InterruptedException: sleep interrupted
2019-10-30 11:52:53,298 [f26e10ed-fb17-49e6-a903-eadc130d13d1@group-83984122B78E-LeaderElection308] INFO  impl.LeaderElection (LeaderElection.java:logAndReturn(56)) - f26e10ed-fb17-49e6-a903-eadc130d13d1@group-83984122B78E-LeaderElection308: Election REJECTED; received 2 response(s) [f26e10ed-fb17-49e6-a903-eadc130d13d1<-4f16e274-8663-4a15-9c4c-c81f650ab979#0:FAIL-t168, f26e10ed-fb17-49e6-a903-eadc130d13d1<-4cc44201-a597-43af-a4ec-5b1b407a6250#0:FAIL-t168] and 0 exception(s); f26e10ed-fb17-49e6-a903-eadc130d13d1@group-83984122B78E:t168, leader=null, voted=f26e10ed-fb17-49e6-a903-eadc130d13d1, raftlog=f26e10ed-fb17-49e6-a903-eadc130d13d1@group-83984122B78E-SegmentedRaftLog:OPENED:c-1,f-1,i0, conf=-1: [4f16e274-8663-4a15-9c4c-c81f650ab979:192.168.157.220:38181, 4cc44201-a597-43af-a4ec-5b1b407a6250:192.168.157.220:36685, f26e10ed-fb17-49e6-a903-eadc130d13d1:192.168.157.220:32806], old=null
2019-10-30 11:52:53,298 [f26e10ed-fb17-49e6-a903-eadc130d13d1@group-83984122B78E-LeaderElection308] INFO  impl.RaftServerImpl (RaftServerImpl.java:setRole(184)) - f26e10ed-fb17-49e6-a903-eadc130d13d1@group-83984122B78E: changes role from CANDIDATE to FOLLOWER at term 168 for DISCOVERED_A_NEW_TERM
2019-10-30 11:52:53,298 [f26e10ed-fb17-49e6-a903-eadc130d13d1@group-83984122B78E-LeaderElection308] INFO  impl.RoleInfo (RoleInfo.java:shutdownLeaderElection(134)) - f26e10ed-fb17-49e6-a903-eadc130d13d1: shutdown LeaderElection
2019-10-30 11:52:53,298 [f26e10ed-fb17-49e6-a903-eadc130d13d1@group-83984122B78E-LeaderElection308] INFO  impl.RoleInfo (RoleInfo.java:updateAndGet(143)) - f26e10ed-fb17-49e6-a903-eadc130d13d1: start FollowerState
2019-10-30 11:52:53,355 [Thread-2470] INFO  impl.FollowerState (FollowerState.java:run(108)) - 9dbd5372-55c2-4532-b354-9494d3d545d2@group-F367C8FA5986-FollowerState: change to CANDIDATE, lastRpcTime:127ms, electionTimeout:127ms
2019-10-30 11:52:53,355 [Thread-2470] INFO  impl.RoleInfo (RoleInfo.java:shutdownFollowerState(121)) - 9dbd5372-55c2-4532-b354-9494d3d545d2: shutdown FollowerState
2019-10-30 11:52:53,355 [Thread-2470] INFO  impl.RaftServerImpl (RaftServerImpl.java:setRole(184)) - 9dbd5372-55c2-4532-b354-9494d3d545d2@group-F367C8FA5986: changes role from  FOLLOWER to CANDIDATE at term 155 for changeToCandidate
2019-10-30 11:52:53,355 [Thread-2470] INFO  impl.RoleInfo (RoleInfo.java:updateAndGet(143)) - 9dbd5372-55c2-4532-b354-9494d3d545d2: start LeaderElection
2019-10-30 11:52:53,372 [9dbd5372-55c2-4532-b354-9494d3d545d2@group-F367C8FA5986-LeaderElection309] INFO  impl.LeaderElection (LeaderElection.java:askForVotes(178)) - 9dbd5372-55c2-4532-b354-9494d3d545d2@group-F367C8FA5986-LeaderElection309: begin an election at term 156 for -1: [9b3ef6c9-0245-4756-bf80-45d41f7a4453:192.168.157.220:37058, cd11b2f5-3187-4d03-bd60-931991550c17:192.168.157.220:43236, 9dbd5372-55c2-4532-b354-9494d3d545d2:192.168.157.220:42993], old=null
2019-10-30 11:52:53,374 [grpc-default-executor-8] INFO  impl.RaftServerImpl (RaftServerImpl.java:setRole(184)) - 9b3ef6c9-0245-4756-bf80-45d41f7a4453@group-F367C8FA5986: changes role from  FOLLOWER to FOLLOWER at term 156 for recognizeCandidate:9dbd5372-55c2-4532-b354-9494d3d545d2
2019-10-30 11:52:53,374 [grpc-default-executor-8] INFO  impl.RoleInfo (RoleInfo.java:shutdownFollowerState(121)) - 9b3ef6c9-0245-4756-bf80-45d41f7a4453: shutdown FollowerState
2019-10-30 11:52:53,374 [grpc-default-executor-6] INFO  impl.RaftServerImpl (RaftServerImpl.java:setRole(184)) - cd11b2f5-3187-4d03-bd60-931991550c17@group-F367C8FA5986: changes role from  FOLLOWER to FOLLOWER at term 156 for recognizeCandidate:9dbd5372-55c2-4532-b354-9494d3d545d2
2019-10-30 11:52:53,378 [grpc-default-executor-6] INFO  impl.RoleInfo (RoleInfo.java:shutdownFollowerState(121)) - cd11b2f5-3187-4d03-bd60-931991550c17: shutdown FollowerState
2019-10-30 11:52:53,378 [grpc-default-executor-6] INFO  impl.RoleInfo (RoleInfo.java:updateAndGet(143)) - cd11b2f5-3187-4d03-bd60-931991550c17: start FollowerState
2019-10-30 11:52:53,374 [Thread-2468] INFO  impl.FollowerState (FollowerState.java:run(117)) - 9b3ef6c9-0245-4756-bf80-45d41f7a4453@group-F367C8FA5986-FollowerState was interrupted: java.lang.InterruptedException: sleep interrupted
2019-10-30 11:52:53,374 [grpc-default-executor-8] INFO  impl.RoleInfo (RoleInfo.java:updateAndGet(143)) - 9b3ef6c9-0245-4756-bf80-45d41f7a4453: start FollowerState
2019-10-30 11:52:53,380 [Thread-2469] INFO  impl.FollowerState (FollowerState.java:run(117)) - cd11b2f5-3187-4d03-bd60-931991550c17@group-F367C8FA5986-FollowerState was interrupted: java.lang.InterruptedException: sleep interrupted
2019-10-30 11:52:53,388 [9dbd5372-55c2-4532-b354-9494d3d545d2@group-F367C8FA5986-LeaderElection309] INFO  impl.LeaderElection (LeaderElection.java:logAndReturn(56)) - 9dbd5372-55c2-4532-b354-9494d3d545d2@group-F367C8FA5986-LeaderElection309: Election REJECTED; received 2 response(s) [9dbd5372-55c2-4532-b354-9494d3d545d2<-9b3ef6c9-0245-4756-bf80-45d41f7a4453#0:FAIL-t156, 9dbd5372-55c2-4532-b354-9494d3d545d2<-cd11b2f5-3187-4d03-bd60-931991550c17#0:FAIL-t156] and 0 exception(s); 9dbd5372-55c2-4532-b354-9494d3d545d2@group-F367C8FA5986:t156, leader=null, voted=9dbd5372-55c2-4532-b354-9494d3d545d2, raftlog=9dbd5372-55c2-4532-b354-9494d3d545d2@group-F367C8FA5986-SegmentedRaftLog:OPENED:c-1,f-1,i0, conf=-1: [9b3ef6c9-0245-4756-bf80-45d41f7a4453:192.168.157.220:37058, cd11b2f5-3187-4d03-bd60-931991550c17:192.168.157.220:43236, 9dbd5372-55c2-4532-b354-9494d3d545d2:192.168.157.220:42993], old=null
2019-10-30 11:52:53,388 [9dbd5372-55c2-4532-b354-9494d3d545d2@group-F367C8FA5986-LeaderElection309] INFO  impl.RaftServerImpl (RaftServerImpl.java:setRole(184)) - 9dbd5372-55c2-4532-b354-9494d3d545d2@group-F367C8FA5986: changes role from CANDIDATE to FOLLOWER at term 156 for DISCOVERED_A_NEW_TERM
2019-10-30 11:52:53,388 [9dbd5372-55c2-4532-b354-9494d3d545d2@group-F367C8FA5986-LeaderElection309] INFO  impl.RoleInfo (RoleInfo.java:shutdownLeaderElection(134)) - 9dbd5372-55c2-4532-b354-9494d3d545d2: shutdown LeaderElection
2019-10-30 11:52:53,388 [9dbd5372-55c2-4532-b354-9494d3d545d2@group-F367C8FA5986-LeaderElection309] INFO  impl.RoleInfo (RoleInfo.java:updateAndGet(143)) - 9dbd5372-55c2-4532-b354-9494d3d545d2: start FollowerState
2019-10-30 11:52:53,455 [Thread-2482] INFO  impl.FollowerState (FollowerState.java:run(108)) - 9dbd5372-55c2-4532-b354-9494d3d545d2@group-F367C8FA5986-FollowerState: change to CANDIDATE, lastRpcTime:67ms, electionTimeout:67ms
2019-10-30 11:52:53,455 [Thread-2482] INFO  impl.RoleInfo (RoleInfo.java:shutdownFollowerState(121)) - 9dbd5372-55c2-4532-b354-9494d3d545d2: shutdown FollowerState
2019-10-30 11:52:53,455 [Thread-2482] INFO  impl.RaftServerImpl (RaftServerImpl.java:setRole(184)) - 9dbd5372-55c2-4532-b354-9494d3d545d2@group-F367C8FA5986: changes role from  FOLLOWER to CANDIDATE at term 156 for changeToCandidate
2019-10-30 11:52:53,455 [Thread-2482] INFO  impl.RoleInfo (RoleInfo.java:updateAndGet(143)) - 9dbd5372-55c2-4532-b354-9494d3d545d2: start LeaderElection
2019-10-30 11:52:53,474 [9dbd5372-55c2-4532-b354-9494d3d545d2@group-F367C8FA5986-LeaderElection310] INFO  impl.LeaderElection (LeaderElection.java:askForVotes(178)) - 9dbd5372-55c2-4532-b354-9494d3d545d2@group-F367C8FA5986-LeaderElection310: begin an election at term 157 for -1: [9b3ef6c9-0245-4756-bf80-45d41f7a4453:192.168.157.220:37058, cd11b2f5-3187-4d03-bd60-931991550c17:192.168.157.220:43236, 9dbd5372-55c2-4532-b354-9494d3d545d2:192.168.157.220:42993], old=null
2019-10-30 11:52:53,476 [grpc-default-executor-6] INFO  impl.RaftServerImpl (RaftServerImpl.java:setRole(184)) - 9b3ef6c9-0245-4756-bf80-45d41f7a4453@group-F367C8FA5986: changes role from  FOLLOWER to FOLLOWER at term 157 for recognizeCandidate:9dbd5372-55c2-4532-b354-9494d3d545d2
2019-10-30 11:52:53,476 [grpc-default-executor-6] INFO  impl.RoleInfo (RoleInfo.java:shutdownFollowerState(121)) - 9b3ef6c9-0245-4756-bf80-45d41f7a4453: shutdown FollowerState
2019-10-30 11:52:53,476 [grpc-default-executor-6] INFO  impl.RoleInfo (RoleInfo.java:updateAndGet(143)) - 9b3ef6c9-0245-4756-bf80-45d41f7a4453: start FollowerState
2019-10-30 11:52:53,476 [grpc-default-executor-8] INFO  impl.RaftServerImpl (RaftServerImpl.java:setRole(184)) - cd11b2f5-3187-4d03-bd60-931991550c17@group-F367C8FA5986: changes role from  FOLLOWER to FOLLOWER at term 157 for recognizeCandidate:9dbd5372-55c2-4532-b354-9494d3d545d2
2019-10-30 11:52:53,477 [grpc-default-executor-8] INFO  impl.RoleInfo (RoleInfo.java:shutdownFollowerState(121)) - cd11b2f5-3187-4d03-bd60-931991550c17: shutdown FollowerState
2019-10-30 11:52:53,477 [Thread-2480] INFO  impl.FollowerState (FollowerState.java:run(117)) - 9b3ef6c9-0245-4756-bf80-45d41f7a4453@group-F367C8FA5986-FollowerState was interrupted: java.lang.InterruptedException: sleep interrupted
2019-10-30 11:52:53,477 [grpc-default-executor-8] INFO  impl.RoleInfo (RoleInfo.java:updateAndGet(143)) - cd11b2f5-3187-4d03-bd60-931991550c17: start FollowerState
2019-10-30 11:52:53,478 [Thread-2481] INFO  impl.FollowerState (FollowerState.java:run(117)) - cd11b2f5-3187-4d03-bd60-931991550c17@group-F367C8FA5986-FollowerState was interrupted: java.lang.InterruptedException: sleep interrupted
2019-10-30 11:52:53,485 [Thread-2476] INFO  impl.FollowerState (FollowerState.java:run(108)) - f26e10ed-fb17-49e6-a903-eadc130d13d1@group-83984122B78E-FollowerState: change to CANDIDATE, lastRpcTime:187ms, electionTimeout:187ms
2019-10-30 11:52:53,485 [Thread-2476] INFO  impl.RoleInfo (RoleInfo.java:shutdownFollowerState(121)) - f26e10ed-fb17-49e6-a903-eadc130d13d1: shutdown FollowerState
2019-10-30 11:52:53,485 [Thread-2476] INFO  impl.RaftServerImpl (RaftServerImpl.java:setRole(184)) - f26e10ed-fb17-49e6-a903-eadc130d13d1@group-83984122B78E: changes role from  FOLLOWER to CANDIDATE at term 168 for changeToCandidate
2019-10-30 11:52:53,486 [Thread-2476] INFO  impl.RoleInfo (RoleInfo.java:updateAndGet(143)) - f26e10ed-fb17-49e6-a903-eadc130d13d1: start LeaderElection
2019-10-30 11:52:53,490 [f26e10ed-fb17-49e6-a903-eadc130d13d1@group-83984122B78E-LeaderElection311] INFO  impl.LeaderElection (LeaderElection.java:askForVotes(178)) - f26e10ed-fb17-49e6-a903-eadc130d13d1@group-83984122B78E-LeaderElection311: begin an election at term 169 for -1: [4f16e274-8663-4a15-9c4c-c81f650ab979:192.168.157.220:38181, 4cc44201-a597-43af-a4ec-5b1b407a6250:192.168.157.220:36685, f26e10ed-fb17-49e6-a903-eadc130d13d1:192.168.157.220:32806], old=null
2019-10-30 11:52:53,491 [9dbd5372-55c2-4532-b354-9494d3d545d2@group-F367C8FA5986-LeaderElection310] INFO  impl.LeaderElection (LeaderElection.java:logAndReturn(56)) - 9dbd5372-55c2-4532-b354-9494d3d545d2@group-F367C8FA5986-LeaderElection310: Election REJECTED; received 2 response(s) [9dbd5372-55c2-4532-b354-9494d3d545d2<-9b3ef6c9-0245-4756-bf80-45d41f7a4453#0:FAIL-t157, 9dbd5372-55c2-4532-b354-9494d3d545d2<-cd11b2f5-3187-4d03-bd60-931991550c17#0:FAIL-t157] and 0 exception(s); 9dbd5372-55c2-4532-b354-9494d3d545d2@group-F367C8FA5986:t157, leader=null, voted=9dbd5372-55c2-4532-b354-9494d3d545d2, raftlog=9dbd5372-55c2-4532-b354-9494d3d545d2@group-F367C8FA5986-SegmentedRaftLog:OPENED:c-1,f-1,i0, conf=-1: [9b3ef6c9-0245-4756-bf80-45d41f7a4453:192.168.157.220:37058, cd11b2f5-3187-4d03-bd60-931991550c17:192.168.157.220:43236, 9dbd5372-55c2-4532-b354-9494d3d545d2:192.168.157.220:42993], old=null
2019-10-30 11:52:53,491 [9dbd5372-55c2-4532-b354-9494d3d545d2@group-F367C8FA5986-LeaderElection310] INFO  impl.RaftServerImpl (RaftServerImpl.java:setRole(184)) - 9dbd5372-55c2-4532-b354-9494d3d545d2@group-F367C8FA5986: changes role from CANDIDATE to FOLLOWER at term 157 for DISCOVERED_A_NEW_TERM
2019-10-30 11:52:53,491 [9dbd5372-55c2-4532-b354-9494d3d545d2@group-F367C8FA5986-LeaderElection310] INFO  impl.RoleInfo (RoleInfo.java:shutdownLeaderElection(134)) - 9dbd5372-55c2-4532-b354-9494d3d545d2: shutdown LeaderElection
2019-10-30 11:52:53,491 [grpc-default-executor-6] INFO  impl.RaftServerImpl (RaftServerImpl.java:setRole(184)) - 4f16e274-8663-4a15-9c4c-c81f650ab979@group-83984122B78E: changes role from  FOLLOWER to FOLLOWER at term 169 for recognizeCandidate:f26e10ed-fb17-49e6-a903-eadc130d13d1
2019-10-30 11:52:53,491 [9dbd5372-55c2-4532-b354-9494d3d545d2@group-F367C8FA5986-LeaderElection310] INFO  impl.RoleInfo (RoleInfo.java:updateAndGet(143)) - 9dbd5372-55c2-4532-b354-9494d3d545d2: start FollowerState
2019-10-30 11:52:53,492 [grpc-default-executor-6] INFO  impl.RoleInfo (RoleInfo.java:shutdownFollowerState(121)) - 4f16e274-8663-4a15-9c4c-c81f650ab979: shutdown FollowerState
2019-10-30 11:52:53,492 [grpc-default-executor-8] INFO  impl.RaftServerImpl (RaftServerImpl.java:setRole(184)) - 4cc44201-a597-43af-a4ec-5b1b407a6250@group-83984122B78E: changes role from  FOLLOWER to FOLLOWER at term 169 for recognizeCandidate:f26e10ed-fb17-49e6-a903-eadc130d13d1
2019-10-30 11:52:53,492 [grpc-default-executor-8] INFO  impl.RoleInfo (RoleInfo.java:shutdownFollowerState(121)) - 4cc44201-a597-43af-a4ec-5b1b407a6250: shutdown FollowerState
2019-10-30 11:52:53,492 [grpc-default-executor-6] INFO  impl.RoleInfo (RoleInfo.java:updateAndGet(143)) - 4f16e274-8663-4a15-9c4c-c81f650ab979: start FollowerState
2019-10-30 11:52:53,492 [Thread-2474] INFO  impl.FollowerState (FollowerState.java:run(117)) - 4cc44201-a597-43af-a4ec-5b1b407a6250@group-83984122B78E-FollowerState was interrupted: java.lang.InterruptedException: sleep interrupted
2019-10-30 11:52:53,492 [Thread-2475] INFO  impl.FollowerState (FollowerState.java:run(117)) - 4f16e274-8663-4a15-9c4c-c81f650ab979@group-83984122B78E-FollowerState was interrupted: java.lang.InterruptedException: sleep interrupted
2019-10-30 11:52:53,492 [grpc-default-executor-8] INFO  impl.RoleInfo (RoleInfo.java:updateAndGet(143)) - 4cc44201-a597-43af-a4ec-5b1b407a6250: start FollowerState
2019-10-30 11:52:53,501 [f26e10ed-fb17-49e6-a903-eadc130d13d1@group-83984122B78E-LeaderElection311] INFO  impl.LeaderElection (LeaderElection.java:logAndReturn(56)) - f26e10ed-fb17-49e6-a903-eadc130d13d1@group-83984122B78E-LeaderElection311: Election REJECTED; received 2 response(s) [f26e10ed-fb17-49e6-a903-eadc130d13d1<-4f16e274-8663-4a15-9c4c-c81f650ab979#0:FAIL-t169, f26e10ed-fb17-49e6-a903-eadc130d13d1<-4cc44201-a597-43af-a4ec-5b1b407a6250#0:FAIL-t169] and 0 exception(s); f26e10ed-fb17-49e6-a903-eadc130d13d1@group-83984122B78E:t169, leader=null, voted=f26e10ed-fb17-49e6-a903-eadc130d13d1, raftlog=f26e10ed-fb17-49e6-a903-eadc130d13d1@group-83984122B78E-SegmentedRaftLog:OPENED:c-1,f-1,i0, conf=-1: [4f16e274-8663-4a15-9c4c-c81f650ab979:192.168.157.220:38181, 4cc44201-a597-43af-a4ec-5b1b407a6250:192.168.157.220:36685, f26e10ed-fb17-49e6-a903-eadc130d13d1:192.168.157.220:32806], old=null
2019-10-30 11:52:53,501 [f26e10ed-fb17-49e6-a903-eadc130d13d1@group-83984122B78E-LeaderElection311] INFO  impl.RaftServerImpl (RaftServerImpl.java:setRole(184)) - f26e10ed-fb17-49e6-a903-eadc130d13d1@group-83984122B78E: changes role from CANDIDATE to FOLLOWER at term 169 for DISCOVERED_A_NEW_TERM
2019-10-30 11:52:53,501 [f26e10ed-fb17-49e6-a903-eadc130d13d1@group-83984122B78E-LeaderElection311] INFO  impl.RoleInfo (RoleInfo.java:shutdownLeaderElection(134)) - f26e10ed-fb17-49e6-a903-eadc130d13d1: shutdown LeaderElection
2019-10-30 11:52:53,501 [f26e10ed-fb17-49e6-a903-eadc130d13d1@group-83984122B78E-LeaderElection311] INFO  impl.RoleInfo (RoleInfo.java:updateAndGet(143)) - f26e10ed-fb17-49e6-a903-eadc130d13d1: start FollowerState
2019-10-30 11:52:53,639 [Thread-2491] INFO  impl.FollowerState (FollowerState.java:run(108)) - 9dbd5372-55c2-4532-b354-9494d3d545d2@group-F367C8FA5986-FollowerState: change to CANDIDATE, lastRpcTime:147ms, electionTimeout:145ms
2019-10-30 11:52:53,639 [Thread-2491] INFO  impl.RoleInfo (RoleInfo.java:shutdownFollowerState(121)) - 9dbd5372-55c2-4532-b354-9494d3d545d2: shutdown FollowerState
2019-10-30 11:52:53,639 [Thread-2491] INFO  impl.RaftServerImpl (RaftServerImpl.java:setRole(184)) - 9dbd5372-55c2-4532-b354-9494d3d545d2@group-F367C8FA5986: changes role from  FOLLOWER to CANDIDATE at term 157 for changeToCandidate
2019-10-30 11:52:53,639 [Thread-2491] INFO  impl.RoleInfo (RoleInfo.java:updateAndGet(143)) - 9dbd5372-55c2-4532-b354-9494d3d545d2: start LeaderElection
2019-10-30 11:52:53,653 [9dbd5372-55c2-4532-b354-9494d3d545d2@group-F367C8FA5986-LeaderElection312] INFO  impl.LeaderElection (LeaderElection.java:askForVotes(178)) - 9dbd5372-55c2-4532-b354-9494d3d545d2@group-F367C8FA5986-LeaderElection312: begin an election at term 158 for -1: [9b3ef6c9-0245-4756-bf80-45d41f7a4453:192.168.157.220:37058, cd11b2f5-3187-4d03-bd60-931991550c17:192.168.157.220:43236, 9dbd5372-55c2-4532-b354-9494d3d545d2:192.168.157.220:42993], old=null
2019-10-30 11:52:53,656 [Thread-2494] INFO  impl.FollowerState (FollowerState.java:run(108)) - f26e10ed-fb17-49e6-a903-eadc130d13d1@group-83984122B78E-FollowerState: change to CANDIDATE, lastRpcTime:155ms, electionTimeout:155ms
2019-10-30 11:52:53,656 [Thread-2494] INFO  impl.RoleInfo (RoleInfo.java:shutdownFollowerState(121)) - f26e10ed-fb17-49e6-a903-eadc130d13d1: shutdown FollowerState
2019-10-30 11:52:53,656 [Thread-2494] INFO  impl.RaftServerImpl (RaftServerImpl.java:setRole(184)) - f26e10ed-fb17-49e6-a903-eadc130d13d1@group-83984122B78E: changes role from  FOLLOWER to CANDIDATE at term 169 for changeToCandidate
2019-10-30 11:52:53,657 [Thread-2494] INFO  impl.RoleInfo (RoleInfo.java:updateAndGet(143)) - f26e10ed-fb17-49e6-a903-eadc130d13d1: start LeaderElection
2019-10-30 11:52:53,659 [grpc-default-executor-8] INFO  impl.RaftServerImpl (RaftServerImpl.java:setRole(184)) - cd11b2f5-3187-4d03-bd60-931991550c17@group-F367C8FA5986: changes role from  FOLLOWER to FOLLOWER at term 158 for recognizeCandidate:9dbd5372-55c2-4532-b354-9494d3d545d2
2019-10-30 11:52:53,659 [grpc-default-executor-8] INFO  impl.RoleInfo (RoleInfo.java:shutdownFollowerState(121)) - cd11b2f5-3187-4d03-bd60-931991550c17: shutdown FollowerState
2019-10-30 11:52:53,661 [grpc-default-executor-8] INFO  impl.RoleInfo (RoleInfo.java:updateAndGet(143)) - cd11b2f5-3187-4d03-bd60-931991550c17: start FollowerState
2019-10-30 11:52:53,661 [Thread-2487] INFO  impl.FollowerState (FollowerState.java:run(117)) - cd11b2f5-3187-4d03-bd60-931991550c17@group-F367C8FA5986-FollowerState was interrupted: java.lang.InterruptedException: sleep interrupted
2019-10-30 11:52:53,662 [grpc-default-executor-6] INFO  impl.RaftServerImpl (RaftServerImpl.java:setRole(184)) - 9b3ef6c9-0245-4756-bf80-45d41f7a4453@group-F367C8FA5986: changes role from  FOLLOWER to FOLLOWER at term 158 for recognizeCandidate:9dbd5372-55c2-4532-b354-9494d3d545d2
2019-10-30 11:52:53,662 [grpc-default-executor-6] INFO  impl.RoleInfo (RoleInfo.java:shutdownFollowerState(121)) - 9b3ef6c9-0245-4756-bf80-45d41f7a4453: shutdown FollowerState
2019-10-30 11:52:53,665 [f26e10ed-fb17-49e6-a903-eadc130d13d1@group-83984122B78E-LeaderElection313] INFO  impl.LeaderElection (LeaderElection.java:askForVotes(178)) - f26e10ed-fb17-49e6-a903-eadc130d13d1@group-83984122B78E-LeaderElection313: begin an election at term 170 for -1: [4f16e274-8663-4a15-9c4c-c81f650ab979:192.168.157.220:38181, 4cc44201-a597-43af-a4ec-5b1b407a6250:192.168.157.220:36685, f26e10ed-fb17-49e6-a903-eadc130d13d1:192.168.157.220:32806], old=null
2019-10-30 11:52:53,667 [Thread-2486] INFO  impl.FollowerState (FollowerState.java:run(117)) - 9b3ef6c9-0245-4756-bf80-45d41f7a4453@group-F367C8FA5986-FollowerState was interrupted: java.lang.InterruptedException: sleep interrupted
2019-10-30 11:52:53,667 [grpc-default-executor-6] INFO  impl.RoleInfo (RoleInfo.java:updateAndGet(143)) - 9b3ef6c9-0245-4756-bf80-45d41f7a4453: start FollowerState
2019-10-30 11:52:53,668 [grpc-default-executor-7] INFO  impl.RaftServerImpl (RaftServerImpl.java:setRole(184)) - 4cc44201-a597-43af-a4ec-5b1b407a6250@group-83984122B78E: changes role from  FOLLOWER to FOLLOWER at term 170 for recognizeCandidate:f26e10ed-fb17-49e6-a903-eadc130d13d1
2019-10-30 11:52:53,668 [grpc-default-executor-7] INFO  impl.RoleInfo (RoleInfo.java:shutdownFollowerState(121)) - 4cc44201-a597-43af-a4ec-5b1b407a6250: shutdown FollowerState
2019-10-30 11:52:53,668 [Thread-2493] INFO  impl.FollowerState (FollowerState.java:run(117)) - 4cc44201-a597-43af-a4ec-5b1b407a6250@group-83984122B78E-FollowerState was interrupted: java.lang.InterruptedException: sleep interrupted
2019-10-30 11:52:53,668 [grpc-default-executor-7] INFO  impl.RoleInfo (RoleInfo.java:updateAndGet(143)) - 4cc44201-a597-43af-a4ec-5b1b407a6250: start FollowerState
2019-10-30 11:52:53,670 [grpc-default-executor-4] INFO  impl.RaftServerImpl (RaftServerImpl.java:setRole(184)) - 4f16e274-8663-4a15-9c4c-c81f650ab979@group-83984122B78E: changes role from  FOLLOWER to FOLLOWER at term 170 for recognizeCandidate:f26e10ed-fb17-49e6-a903-eadc130d13d1
2019-10-30 11:52:53,670 [grpc-default-executor-4] INFO  impl.RoleInfo (RoleInfo.java:shutdownFollowerState(121)) - 4f16e274-8663-4a15-9c4c-c81f650ab979: shutdown FollowerState
2019-10-30 11:52:53,670 [grpc-default-executor-4] INFO  impl.RoleInfo (RoleInfo.java:updateAndGet(143)) - 4f16e274-8663-4a15-9c4c-c81f650ab979: start FollowerState
2019-10-30 11:52:53,670 [Thread-2492] INFO  impl.FollowerState (FollowerState.java:run(117)) - 4f16e274-8663-4a15-9c4c-c81f650ab979@group-83984122B78E-FollowerState was interrupted: java.lang.InterruptedException: sleep interrupted
2019-10-30 11:52:53,689 [f26e10ed-fb17-49e6-a903-eadc130d13d1@group-83984122B78E-LeaderElection313] INFO  impl.LeaderElection (LeaderElection.java:logAndReturn(56)) - f26e10ed-fb17-49e6-a903-eadc130d13d1@group-83984122B78E-LeaderElection313: Election REJECTED; received 2 response(s) [f26e10ed-fb17-49e6-a903-eadc130d13d1<-4f16e274-8663-4a15-9c4c-c81f650ab979#0:FAIL-t170, f26e10ed-fb17-49e6-a903-eadc130d13d1<-4cc44201-a597-43af-a4ec-5b1b407a6250#0:FAIL-t170] and 0 exception(s); f26e10ed-fb17-49e6-a903-eadc130d13d1@group-83984122B78E:t170, leader=null, voted=f26e10ed-fb17-49e6-a903-eadc130d13d1, raftlog=f26e10ed-fb17-49e6-a903-eadc130d13d1@group-83984122B78E-SegmentedRaftLog:OPENED:c-1,f-1,i0, conf=-1: [4f16e274-8663-4a15-9c4c-c81f650ab979:192.168.157.220:38181, 4cc44201-a597-43af-a4ec-5b1b407a6250:192.168.157.220:36685, f26e10ed-fb17-49e6-a903-eadc130d13d1:192.168.157.220:32806], old=null
2019-10-30 11:52:53,689 [9dbd5372-55c2-4532-b354-9494d3d545d2@group-F367C8FA5986-LeaderElection312] INFO  impl.LeaderElection (LeaderElection.java:logAndReturn(56)) - 9dbd5372-55c2-4532-b354-9494d3d545d2@group-F367C8FA5986-LeaderElection312: Election REJECTED; received 2 response(s) [9dbd5372-55c2-4532-b354-9494d3d545d2<-9b3ef6c9-0245-4756-bf80-45d41f7a4453#0:FAIL-t158, 9dbd5372-55c2-4532-b354-9494d3d545d2<-cd11b2f5-3187-4d03-bd60-931991550c17#0:FAIL-t158] and 0 exception(s); 9dbd5372-55c2-4532-b354-9494d3d545d2@group-F367C8FA5986:t158, leader=null, voted=9dbd5372-55c2-4532-b354-9494d3d545d2, raftlog=9dbd5372-55c2-4532-b354-9494d3d545d2@group-F367C8FA5986-SegmentedRaftLog:OPENED:c-1,f-1,i0, conf=-1: [9b3ef6c9-0245-4756-bf80-45d41f7a4453:192.168.157.220:37058, cd11b2f5-3187-4d03-bd60-931991550c17:192.168.157.220:43236, 9dbd5372-55c2-4532-b354-9494d3d545d2:192.168.157.220:42993], old=null
2019-10-30 11:52:53,689 [9dbd5372-55c2-4532-b354-9494d3d545d2@group-F367C8FA5986-LeaderElection312] INFO  impl.RaftServerImpl (RaftServerImpl.java:setRole(184)) - 9dbd5372-55c2-4532-b354-9494d3d545d2@group-F367C8FA5986: changes role from CANDIDATE to FOLLOWER at term 158 for DISCOVERED_A_NEW_TERM
2019-10-30 11:52:53,690 [9dbd5372-55c2-4532-b354-9494d3d545d2@group-F367C8FA5986-LeaderElection312] INFO  impl.RoleInfo (RoleInfo.java:shutdownLeaderElection(134)) - 9dbd5372-55c2-4532-b354-9494d3d545d2: shutdown LeaderElection
2019-10-30 11:52:53,689 [f26e10ed-fb17-49e6-a903-eadc130d13d1@group-83984122B78E-LeaderElection313] INFO  impl.RaftServerImpl (RaftServerImpl.java:setRole(184)) - f26e10ed-fb17-49e6-a903-eadc130d13d1@group-83984122B78E: changes role from CANDIDATE to FOLLOWER at term 170 for DISCOVERED_A_NEW_TERM
2019-10-30 11:52:53,690 [f26e10ed-fb17-49e6-a903-eadc130d13d1@group-83984122B78E-LeaderElection313] INFO  impl.RoleInfo (RoleInfo.java:shutdownLeaderElection(134)) - f26e10ed-fb17-49e6-a903-eadc130d13d1: shutdown LeaderElection
2019-10-30 11:52:53,690 [f26e10ed-fb17-49e6-a903-eadc130d13d1@group-83984122B78E-LeaderElection313] INFO  impl.RoleInfo (RoleInfo.java:updateAndGet(143)) - f26e10ed-fb17-49e6-a903-eadc130d13d1: start FollowerState
2019-10-30 11:52:53,690 [9dbd5372-55c2-4532-b354-9494d3d545d2@group-F367C8FA5986-LeaderElection312] INFO  impl.RoleInfo (RoleInfo.java:updateAndGet(143)) - 9dbd5372-55c2-4532-b354-9494d3d545d2: start FollowerState
2019-10-30 11:52:53,816 [Thread-2508] INFO  impl.FollowerState (FollowerState.java:run(108)) - f26e10ed-fb17-49e6-a903-eadc130d13d1@group-83984122B78E-FollowerState: change to CANDIDATE, lastRpcTime:126ms, electionTimeout:125ms
2019-10-30 11:52:53,816 [Thread-2508] INFO  impl.RoleInfo (RoleInfo.java:shutdownFollowerState(121)) - f26e10ed-fb17-49e6-a903-eadc130d13d1: shutdown FollowerState
2019-10-30 11:52:53,816 [Thread-2508] INFO  impl.RaftServerImpl (RaftServerImpl.java:setRole(184)) - f26e10ed-fb17-49e6-a903-eadc130d13d1@group-83984122B78E: changes role from  FOLLOWER to CANDIDATE at term 170 for changeToCandidate
2019-10-30 11:52:53,829 [Thread-2508] INFO  impl.RoleInfo (RoleInfo.java:updateAndGet(143)) - f26e10ed-fb17-49e6-a903-eadc130d13d1: start LeaderElection
2019-10-30 11:52:53,841 [f26e10ed-fb17-49e6-a903-eadc130d13d1@group-83984122B78E-LeaderElection314] INFO  impl.LeaderElection (LeaderElection.java:askForVotes(178)) - f26e10ed-fb17-49e6-a903-eadc130d13d1@group-83984122B78E-LeaderElection314: begin an election at term 171 for -1: [4f16e274-8663-4a15-9c4c-c81f650ab979:192.168.157.220:38181, 4cc44201-a597-43af-a4ec-5b1b407a6250:192.168.157.220:36685, f26e10ed-fb17-49e6-a903-eadc130d13d1:192.168.157.220:32806], old=null
2019-10-30 11:52:53,853 [Thread-2507] INFO  impl.FollowerState (FollowerState.java:run(108)) - 9dbd5372-55c2-4532-b354-9494d3d545d2@group-F367C8FA5986-FollowerState: change to CANDIDATE, lastRpcTime:163ms, electionTimeout:162ms
2019-10-30 11:52:53,854 [Thread-2507] INFO  impl.RoleInfo (RoleInfo.java:shutdownFollowerState(121)) - 9dbd5372-55c2-4532-b354-9494d3d545d2: shutdown FollowerState
2019-10-30 11:52:53,854 [Thread-2507] INFO  impl.RaftServerImpl (RaftServerImpl.java:setRole(184)) - 9dbd5372-55c2-4532-b354-9494d3d545d2@group-F367C8FA5986: changes role from  FOLLOWER to CANDIDATE at term 158 for changeToCandidate
2019-10-30 11:52:53,856 [grpc-default-executor-8] INFO  impl.RaftServerImpl (RaftServerImpl.java:setRole(184)) - 4f16e274-8663-4a15-9c4c-c81f650ab979@group-83984122B78E: changes role from  FOLLOWER to FOLLOWER at term 171 for recognizeCandidate:f26e10ed-fb17-49e6-a903-eadc130d13d1
2019-10-30 11:52:53,856 [grpc-default-executor-8] INFO  impl.RoleInfo (RoleInfo.java:shutdownFollowerState(121)) - 4f16e274-8663-4a15-9c4c-c81f650ab979: shutdown FollowerState
2019-10-30 11:52:53,857 [Thread-2507] INFO  impl.RoleInfo (RoleInfo.java:updateAndGet(143)) - 9dbd5372-55c2-4532-b354-9494d3d545d2: start LeaderElection
2019-10-30 11:52:53,857 [grpc-default-executor-8] INFO  impl.RoleInfo (RoleInfo.java:updateAndGet(143)) - 4f16e274-8663-4a15-9c4c-c81f650ab979: start FollowerState
2019-10-30 11:52:53,858 [grpc-default-executor-7] INFO  impl.RaftServerImpl (RaftServerImpl.java:setRole(184)) - 4cc44201-a597-43af-a4ec-5b1b407a6250@group-83984122B78E: changes role from  FOLLOWER to FOLLOWER at term 171 for recognizeCandidate:f26e10ed-fb17-49e6-a903-eadc130d13d1
2019-10-30 11:52:53,858 [grpc-default-executor-7] INFO  impl.RoleInfo (RoleInfo.java:shutdownFollowerState(121)) - 4cc44201-a597-43af-a4ec-5b1b407a6250: shutdown FollowerState
2019-10-30 11:52:53,858 [Thread-2506] INFO  impl.FollowerState (FollowerState.java:run(117)) - 4f16e274-8663-4a15-9c4c-c81f650ab979@group-83984122B78E-FollowerState was interrupted: java.lang.InterruptedException: sleep interrupted
2019-10-30 11:52:53,876 [grpc-default-executor-7] INFO  impl.RoleInfo (RoleInfo.java:updateAndGet(143)) - 4cc44201-a597-43af-a4ec-5b1b407a6250: start FollowerState
2019-10-30 11:52:53,876 [Thread-2505] INFO  impl.FollowerState (FollowerState.java:run(117)) - 4cc44201-a597-43af-a4ec-5b1b407a6250@group-83984122B78E-FollowerState was interrupted: java.lang.InterruptedException: sleep interrupted
2019-10-30 11:52:53,883 [9dbd5372-55c2-4532-b354-9494d3d545d2@group-F367C8FA5986-LeaderElection315] INFO  impl.LeaderElection (LeaderElection.java:askForVotes(178)) - 9dbd5372-55c2-4532-b354-9494d3d545d2@group-F367C8FA5986-LeaderElection315: begin an election at term 159 for -1: [9b3ef6c9-0245-4756-bf80-45d41f7a4453:192.168.157.220:37058, cd11b2f5-3187-4d03-bd60-931991550c17:192.168.157.220:43236, 9dbd5372-55c2-4532-b354-9494d3d545d2:192.168.157.220:42993], old=null
2019-10-30 11:52:53,897 [f26e10ed-fb17-49e6-a903-eadc130d13d1@group-83984122B78E-LeaderElection314] INFO  impl.LeaderElection (LeaderElection.java:logAndReturn(56)) - f26e10ed-fb17-49e6-a903-eadc130d13d1@group-83984122B78E-LeaderElection314: Election REJECTED; received 2 response(s) [f26e10ed-fb17-49e6-a903-eadc130d13d1<-4f16e274-8663-4a15-9c4c-c81f650ab979#0:FAIL-t171, f26e10ed-fb17-49e6-a903-eadc130d13d1<-4cc44201-a597-43af-a4ec-5b1b407a6250#0:FAIL-t171] and 0 exception(s); f26e10ed-fb17-49e6-a903-eadc130d13d1@group-83984122B78E:t171, leader=null, voted=f26e10ed-fb17-49e6-a903-eadc130d13d1, raftlog=f26e10ed-fb17-49e6-a903-eadc130d13d1@group-83984122B78E-SegmentedRaftLog:OPENED:c-1,f-1,i0, conf=-1: [4f16e274-8663-4a15-9c4c-c81f650ab979:192.168.157.220:38181, 4cc44201-a597-43af-a4ec-5b1b407a6250:192.168.157.220:36685, f26e10ed-fb17-49e6-a903-eadc130d13d1:192.168.157.220:32806], old=null
2019-10-30 11:52:53,899 [grpc-default-executor-7] INFO  impl.RaftServerImpl (RaftServerImpl.java:setRole(184)) - 9b3ef6c9-0245-4756-bf80-45d41f7a4453@group-F367C8FA5986: changes role from  FOLLOWER to FOLLOWER at term 159 for recognizeCandidate:9dbd5372-55c2-4532-b354-9494d3d545d2
2019-10-30 11:52:53,899 [grpc-default-executor-7] INFO  impl.RoleInfo (RoleInfo.java:shutdownFollowerState(121)) - 9b3ef6c9-0245-4756-bf80-45d41f7a4453: shutdown FollowerState
2019-10-30 11:52:53,906 [grpc-default-executor-8] INFO  impl.RaftServerImpl (RaftServerImpl.java:setRole(184)) - cd11b2f5-3187-4d03-bd60-931991550c17@group-F367C8FA5986: changes role from  FOLLOWER to FOLLOWER at term 159 for recognizeCandidate:9dbd5372-55c2-4532-b354-9494d3d545d2
2019-10-30 11:52:53,906 [grpc-default-executor-8] INFO  impl.RoleInfo (RoleInfo.java:shutdownFollowerState(121)) - cd11b2f5-3187-4d03-bd60-931991550c17: shutdown FollowerState
2019-10-30 11:52:53,919 [f26e10ed-fb17-49e6-a903-eadc130d13d1@group-83984122B78E-LeaderElection314] INFO  impl.RaftServerImpl (RaftServerImpl.java:setRole(184)) - f26e10ed-fb17-49e6-a903-eadc130d13d1@group-83984122B78E: changes role from CANDIDATE to FOLLOWER at term 171 for DISCOVERED_A_NEW_TERM
2019-10-30 11:52:53,919 [f26e10ed-fb17-49e6-a903-eadc130d13d1@group-83984122B78E-LeaderElection314] INFO  impl.RoleInfo (RoleInfo.java:shutdownLeaderElection(134)) - f26e10ed-fb17-49e6-a903-eadc130d13d1: shutdown LeaderElection
2019-10-30 11:52:53,919 [grpc-default-executor-8] INFO  impl.RoleInfo (RoleInfo.java:updateAndGet(143)) - cd11b2f5-3187-4d03-bd60-931991550c17: start FollowerState
2019-10-30 11:52:53,920 [Thread-2501] INFO  impl.FollowerState (FollowerState.java:run(117)) - cd11b2f5-3187-4d03-bd60-931991550c17@group-F367C8FA5986-FollowerState was interrupted: java.lang.InterruptedException: sleep interrupted
2019-10-30 11:52:53,920 [grpc-default-executor-7] INFO  impl.RoleInfo (RoleInfo.java:updateAndGet(143)) - 9b3ef6c9-0245-4756-bf80-45d41f7a4453: start FollowerState
2019-10-30 11:52:53,921 [Thread-2504] INFO  impl.FollowerState (FollowerState.java:run(117)) - 9b3ef6c9-0245-4756-bf80-45d41f7a4453@group-F367C8FA5986-FollowerState was interrupted: java.lang.InterruptedException: sleep interrupted
2019-10-30 11:52:53,922 [f26e10ed-fb17-49e6-a903-eadc130d13d1@group-83984122B78E-LeaderElection314] INFO  impl.RoleInfo (RoleInfo.java:updateAndGet(143)) - f26e10ed-fb17-49e6-a903-eadc130d13d1: start FollowerState
2019-10-30 11:52:53,952 [9dbd5372-55c2-4532-b354-9494d3d545d2@group-F367C8FA5986-LeaderElection315] INFO  impl.LeaderElection (LeaderElection.java:logAndReturn(56)) - 9dbd5372-55c2-4532-b354-9494d3d545d2@group-F367C8FA5986-LeaderElection315: Election REJECTED; received 2 response(s) [9dbd5372-55c2-4532-b354-9494d3d545d2<-9b3ef6c9-0245-4756-bf80-45d41f7a4453#0:FAIL-t159, 9dbd5372-55c2-4532-b354-9494d3d545d2<-cd11b2f5-3187-4d03-bd60-931991550c17#0:FAIL-t159] and 0 exception(s); 9dbd5372-55c2-4532-b354-9494d3d545d2@group-F367C8FA5986:t159, leader=null, voted=9dbd5372-55c2-4532-b354-9494d3d545d2, raftlog=9dbd5372-55c2-4532-b354-9494d3d545d2@group-F367C8FA5986-SegmentedRaftLog:OPENED:c-1,f-1,i0, conf=-1: [9b3ef6c9-0245-4756-bf80-45d41f7a4453:192.168.157.220:37058, cd11b2f5-3187-4d03-bd60-931991550c17:192.168.157.220:43236, 9dbd5372-55c2-4532-b354-9494d3d545d2:192.168.157.220:42993], old=null
2019-10-30 11:52:53,952 [9dbd5372-55c2-4532-b354-9494d3d545d2@group-F367C8FA5986-LeaderElection315] INFO  impl.RaftServerImpl (RaftServerImpl.java:setRole(184)) - 9dbd5372-55c2-4532-b354-9494d3d545d2@group-F367C8FA5986: changes role from CANDIDATE to FOLLOWER at term 159 for DISCOVERED_A_NEW_TERM
2019-10-30 11:52:53,952 [9dbd5372-55c2-4532-b354-9494d3d545d2@group-F367C8FA5986-LeaderElection315] INFO  impl.RoleInfo (RoleInfo.java:shutdownLeaderElection(134)) - 9dbd5372-55c2-4532-b354-9494d3d545d2: shutdown LeaderElection
2019-10-30 11:52:53,952 [9dbd5372-55c2-4532-b354-9494d3d545d2@group-F367C8FA5986-LeaderElection315] INFO  impl.RoleInfo (RoleInfo.java:updateAndGet(143)) - 9dbd5372-55c2-4532-b354-9494d3d545d2: start FollowerState
2019-10-30 11:52:54,005 [Thread-2518] INFO  impl.FollowerState (FollowerState.java:run(108)) - f26e10ed-fb17-49e6-a903-eadc130d13d1@group-83984122B78E-FollowerState: change to CANDIDATE, lastRpcTime:86ms, electionTimeout:74ms
2019-10-30 11:52:54,006 [Thread-2518] INFO  impl.RoleInfo (RoleInfo.java:shutdownFollowerState(121)) - f26e10ed-fb17-49e6-a903-eadc130d13d1: shutdown FollowerState
2019-10-30 11:52:54,006 [Thread-2518] INFO  impl.RaftServerImpl (RaftServerImpl.java:setRole(184)) - f26e10ed-fb17-49e6-a903-eadc130d13d1@group-83984122B78E: changes role from  FOLLOWER to CANDIDATE at term 171 for changeToCandidate
2019-10-30 11:52:54,006 [Thread-2518] INFO  impl.RoleInfo (RoleInfo.java:updateAndGet(143)) - f26e10ed-fb17-49e6-a903-eadc130d13d1: start LeaderElection
2019-10-30 11:52:54,038 [f26e10ed-fb17-49e6-a903-eadc130d13d1@group-83984122B78E-LeaderElection316] INFO  impl.LeaderElection (LeaderElection.java:askForVotes(178)) - f26e10ed-fb17-49e6-a903-eadc130d13d1@group-83984122B78E-LeaderElection316: begin an election at term 172 for -1: [4f16e274-8663-4a15-9c4c-c81f650ab979:192.168.157.220:38181, 4cc44201-a597-43af-a4ec-5b1b407a6250:192.168.157.220:36685, f26e10ed-fb17-49e6-a903-eadc130d13d1:192.168.157.220:32806], old=null
2019-10-30 11:52:54,046 [grpc-default-executor-7] INFO  impl.RaftServerImpl (RaftServerImpl.java:setRole(184)) - 4cc44201-a597-43af-a4ec-5b1b407a6250@group-83984122B78E: changes role from  FOLLOWER to FOLLOWER at term 172 for recognizeCandidate:f26e10ed-fb17-49e6-a903-eadc130d13d1
2019-10-30 11:52:54,046 [grpc-default-executor-7] INFO  impl.RoleInfo (RoleInfo.java:shutdownFollowerState(121)) - 4cc44201-a597-43af-a4ec-5b1b407a6250: shutdown FollowerState
2019-10-30 11:52:54,046 [grpc-default-executor-7] INFO  impl.RoleInfo (RoleInfo.java:updateAndGet(143)) - 4cc44201-a597-43af-a4ec-5b1b407a6250: start FollowerState
2019-10-30 11:52:54,046 [Thread-2514] INFO  impl.FollowerState (FollowerState.java:run(117)) - 4cc44201-a597-43af-a4ec-5b1b407a6250@group-83984122B78E-FollowerState was interrupted: java.lang.InterruptedException: sleep interrupted
2019-10-30 11:52:54,046 [grpc-default-executor-8] INFO  impl.RaftServerImpl (RaftServerImpl.java:setRole(184)) - 4f16e274-8663-4a15-9c4c-c81f650ab979@group-83984122B78E: changes role from  FOLLOWER to FOLLOWER at term 172 for recognizeCandidate:f26e10ed-fb17-49e6-a903-eadc130d13d1
2019-10-30 11:52:54,046 [grpc-default-executor-8] INFO  impl.RoleInfo (RoleInfo.java:shutdownFollowerState(121)) - 4f16e274-8663-4a15-9c4c-c81f650ab979: shutdown FollowerState
2019-10-30 11:52:54,052 [grpc-default-executor-8] INFO  impl.RoleInfo (RoleInfo.java:updateAndGet(143)) - 4f16e274-8663-4a15-9c4c-c81f650ab979: start FollowerState
2019-10-30 11:52:54,052 [Thread-2513] INFO  impl.FollowerState (FollowerState.java:run(117)) - 4f16e274-8663-4a15-9c4c-c81f650ab979@group-83984122B78E-FollowerState was interrupted: java.lang.InterruptedException: sleep interrupted
2019-10-30 11:52:54,073 [Thread-2520] INFO  impl.FollowerState (FollowerState.java:run(108)) - 9dbd5372-55c2-4532-b354-9494d3d545d2@group-F367C8FA5986-FollowerState: change to CANDIDATE, lastRpcTime:121ms, electionTimeout:121ms
2019-10-30 11:52:54,073 [Thread-2520] INFO  impl.RoleInfo (RoleInfo.java:shutdownFollowerState(121)) - 9dbd5372-55c2-4532-b354-9494d3d545d2: shutdown FollowerState
2019-10-30 11:52:54,074 [Thread-2520] INFO  impl.RaftServerImpl (RaftServerImpl.java:setRole(184)) - 9dbd5372-55c2-4532-b354-9494d3d545d2@group-F367C8FA5986: changes role from  FOLLOWER to CANDIDATE at term 159 for changeToCandidate
2019-10-30 11:52:54,074 [Thread-2520] INFO  impl.RoleInfo (RoleInfo.java:updateAndGet(143)) - 9dbd5372-55c2-4532-b354-9494d3d545d2: start LeaderElection
2019-10-30 11:52:54,082 [f26e10ed-fb17-49e6-a903-eadc130d13d1@group-83984122B78E-LeaderElection316] INFO  impl.LeaderElection (LeaderElection.java:logAndReturn(56)) - f26e10ed-fb17-49e6-a903-eadc130d13d1@group-83984122B78E-LeaderElection316: Election REJECTED; received 2 response(s) [f26e10ed-fb17-49e6-a903-eadc130d13d1<-4f16e274-8663-4a15-9c4c-c81f650ab979#0:FAIL-t172, f26e10ed-fb17-49e6-a903-eadc130d13d1<-4cc44201-a597-43af-a4ec-5b1b407a6250#0:FAIL-t172] and 0 exception(s); f26e10ed-fb17-49e6-a903-eadc130d13d1@group-83984122B78E:t172, leader=null, voted=f26e10ed-fb17-49e6-a903-eadc130d13d1, raftlog=f26e10ed-fb17-49e6-a903-eadc130d13d1@group-83984122B78E-SegmentedRaftLog:OPENED:c-1,f-1,i0, conf=-1: [4f16e274-8663-4a15-9c4c-c81f650ab979:192.168.157.220:38181, 4cc44201-a597-43af-a4ec-5b1b407a6250:192.168.157.220:36685, f26e10ed-fb17-49e6-a903-eadc130d13d1:192.168.157.220:32806], old=null
2019-10-30 11:52:54,082 [f26e10ed-fb17-49e6-a903-eadc130d13d1@group-83984122B78E-LeaderElection316] INFO  impl.RaftServerImpl (RaftServerImpl.java:setRole(184)) - f26e10ed-fb17-49e6-a903-eadc130d13d1@group-83984122B78E: changes role from CANDIDATE to FOLLOWER at term 172 for DISCOVERED_A_NEW_TERM
2019-10-30 11:52:54,082 [f26e10ed-fb17-49e6-a903-eadc130d13d1@group-83984122B78E-LeaderElection316] INFO  impl.RoleInfo (RoleInfo.java:shutdownLeaderElection(134)) - f26e10ed-fb17-49e6-a903-eadc130d13d1: shutdown LeaderElection
2019-10-30 11:52:54,083 [f26e10ed-fb17-49e6-a903-eadc130d13d1@group-83984122B78E-LeaderElection316] INFO  impl.RoleInfo (RoleInfo.java:updateAndGet(143)) - f26e10ed-fb17-49e6-a903-eadc130d13d1: start FollowerState
2019-10-30 11:52:54,091 [9dbd5372-55c2-4532-b354-9494d3d545d2@group-F367C8FA5986-LeaderElection317] INFO  impl.LeaderElection (LeaderElection.java:askForVotes(178)) - 9dbd5372-55c2-4532-b354-9494d3d545d2@group-F367C8FA5986-LeaderElection317: begin an election at term 160 for -1: [9b3ef6c9-0245-4756-bf80-45d41f7a4453:192.168.157.220:37058, cd11b2f5-3187-4d03-bd60-931991550c17:192.168.157.220:43236, 9dbd5372-55c2-4532-b354-9494d3d545d2:192.168.157.220:42993], old=null
2019-10-30 11:52:54,095 [grpc-default-executor-7] INFO  impl.RaftServerImpl (RaftServerImpl.java:setRole(184)) - cd11b2f5-3187-4d03-bd60-931991550c17@group-F367C8FA5986: changes role from  FOLLOWER to FOLLOWER at term 160 for recognizeCandidate:9dbd5372-55c2-4532-b354-9494d3d545d2
2019-10-30 11:52:54,095 [grpc-default-executor-7] INFO  impl.RoleInfo (RoleInfo.java:shutdownFollowerState(121)) - cd11b2f5-3187-4d03-bd60-931991550c17: shutdown FollowerState
2019-10-30 11:52:54,095 [Thread-2517] INFO  impl.FollowerState (FollowerState.java:run(117)) - cd11b2f5-3187-4d03-bd60-931991550c17@group-F367C8FA5986-FollowerState was interrupted: java.lang.InterruptedException: sleep interrupted
2019-10-30 11:52:54,096 [grpc-default-executor-7] INFO  impl.RoleInfo (RoleInfo.java:updateAndGet(143)) - cd11b2f5-3187-4d03-bd60-931991550c17: start FollowerState
2019-10-30 11:52:54,096 [grpc-default-executor-8] INFO  impl.RaftServerImpl (RaftServerImpl.java:setRole(184)) - 9b3ef6c9-0245-4756-bf80-45d41f7a4453@group-F367C8FA5986: changes role from  FOLLOWER to FOLLOWER at term 160 for recognizeCandidate:9dbd5372-55c2-4532-b354-9494d3d545d2
2019-10-30 11:52:54,096 [grpc-default-executor-8] INFO  impl.RoleInfo (RoleInfo.java:shutdownFollowerState(121)) - 9b3ef6c9-0245-4756-bf80-45d41f7a4453: shutdown FollowerState
2019-10-30 11:52:54,096 [grpc-default-executor-8] INFO  impl.RoleInfo (RoleInfo.java:updateAndGet(143)) - 9b3ef6c9-0245-4756-bf80-45d41f7a4453: start FollowerState
2019-10-30 11:52:54,097 [Thread-2519] INFO  impl.FollowerState (FollowerState.java:run(117)) - 9b3ef6c9-0245-4756-bf80-45d41f7a4453@group-F367C8FA5986-FollowerState was interrupted: java.lang.InterruptedException: sleep interrupted
2019-10-30 11:52:54,113 [9dbd5372-55c2-4532-b354-9494d3d545d2@group-F367C8FA5986-LeaderElection317] INFO  impl.LeaderElection (LeaderElection.java:logAndReturn(56)) - 9dbd5372-55c2-4532-b354-9494d3d545d2@group-F367C8FA5986-LeaderElection317: Election REJECTED; received 2 response(s) [9dbd5372-55c2-4532-b354-9494d3d545d2<-9b3ef6c9-0245-4756-bf80-45d41f7a4453#0:FAIL-t160, 9dbd5372-55c2-4532-b354-9494d3d545d2<-cd11b2f5-3187-4d03-bd60-931991550c17#0:FAIL-t160] and 0 exception(s); 9dbd5372-55c2-4532-b354-9494d3d545d2@group-F367C8FA5986:t160, leader=null, voted=9dbd5372-55c2-4532-b354-9494d3d545d2, raftlog=9dbd5372-55c2-4532-b354-9494d3d545d2@group-F367C8FA5986-SegmentedRaftLog:OPENED:c-1,f-1,i0, conf=-1: [9b3ef6c9-0245-4756-bf80-45d41f7a4453:192.168.157.220:37058, cd11b2f5-3187-4d03-bd60-931991550c17:192.168.157.220:43236, 9dbd5372-55c2-4532-b354-9494d3d545d2:192.168.157.220:42993], old=null
2019-10-30 11:52:54,113 [9dbd5372-55c2-4532-b354-9494d3d545d2@group-F367C8FA5986-LeaderElection317] INFO  impl.RaftServerImpl (RaftServerImpl.java:setRole(184)) - 9dbd5372-55c2-4532-b354-9494d3d545d2@group-F367C8FA5986: changes role from CANDIDATE to FOLLOWER at term 160 for DISCOVERED_A_NEW_TERM
2019-10-30 11:52:54,113 [9dbd5372-55c2-4532-b354-9494d3d545d2@group-F367C8FA5986-LeaderElection317] INFO  impl.RoleInfo (RoleInfo.java:shutdownLeaderElection(134)) - 9dbd5372-55c2-4532-b354-9494d3d545d2: shutdown LeaderElection
2019-10-30 11:52:54,114 [9dbd5372-55c2-4532-b354-9494d3d545d2@group-F367C8FA5986-LeaderElection317] INFO  impl.RoleInfo (RoleInfo.java:updateAndGet(143)) - 9dbd5372-55c2-4532-b354-9494d3d545d2: start FollowerState
2019-10-30 11:52:54,225 [Thread-2534] INFO  impl.FollowerState (FollowerState.java:run(108)) - 9dbd5372-55c2-4532-b354-9494d3d545d2@group-F367C8FA5986-FollowerState: change to CANDIDATE, lastRpcTime:111ms, electionTimeout:111ms
2019-10-30 11:52:54,225 [Thread-2534] INFO  impl.RoleInfo (RoleInfo.java:shutdownFollowerState(121)) - 9dbd5372-55c2-4532-b354-9494d3d545d2: shutdown FollowerState
2019-10-30 11:52:54,225 [Thread-2534] INFO  impl.RaftServerImpl (RaftServerImpl.java:setRole(184)) - 9dbd5372-55c2-4532-b354-9494d3d545d2@group-F367C8FA5986: changes role from  FOLLOWER to CANDIDATE at term 160 for changeToCandidate
2019-10-30 11:52:54,226 [Thread-2534] INFO  impl.RoleInfo (RoleInfo.java:updateAndGet(143)) - 9dbd5372-55c2-4532-b354-9494d3d545d2: start LeaderElection
2019-10-30 11:52:54,237 [9dbd5372-55c2-4532-b354-9494d3d545d2@group-F367C8FA5986-LeaderElection318] INFO  impl.LeaderElection (LeaderElection.java:askForVotes(178)) - 9dbd5372-55c2-4532-b354-9494d3d545d2@group-F367C8FA5986-LeaderElection318: begin an election at term 161 for -1: [9b3ef6c9-0245-4756-bf80-45d41f7a4453:192.168.157.220:37058, cd11b2f5-3187-4d03-bd60-931991550c17:192.168.157.220:43236, 9dbd5372-55c2-4532-b354-9494d3d545d2:192.168.157.220:42993], old=null
2019-10-30 11:52:54,240 [grpc-default-executor-8] INFO  impl.RaftServerImpl (RaftServerImpl.java:setRole(184)) - 9b3ef6c9-0245-4756-bf80-45d41f7a4453@group-F367C8FA5986: changes role from  FOLLOWER to FOLLOWER at term 161 for recognizeCandidate:9dbd5372-55c2-4532-b354-9494d3d545d2
2019-10-30 11:52:54,240 [grpc-default-executor-8] INFO  impl.RoleInfo (RoleInfo.java:shutdownFollowerState(121)) - 9b3ef6c9-0245-4756-bf80-45d41f7a4453: shutdown FollowerState
2019-10-30 11:52:54,242 [grpc-default-executor-8] INFO  impl.RoleInfo (RoleInfo.java:updateAndGet(143)) - 9b3ef6c9-0245-4756-bf80-45d41f7a4453: start FollowerState
2019-10-30 11:52:54,243 [Thread-2533] INFO  impl.FollowerState (FollowerState.java:run(117)) - 9b3ef6c9-0245-4756-bf80-45d41f7a4453@group-F367C8FA5986-FollowerState was interrupted: java.lang.InterruptedException: sleep interrupted
2019-10-30 11:52:54,243 [grpc-default-executor-7] INFO  impl.RaftServerImpl (RaftServerImpl.java:setRole(184)) - cd11b2f5-3187-4d03-bd60-931991550c17@group-F367C8FA5986: changes role from  FOLLOWER to FOLLOWER at term 161 for recognizeCandidate:9dbd5372-55c2-4532-b354-9494d3d545d2
2019-10-30 11:52:54,244 [grpc-default-executor-7] INFO  impl.RoleInfo (RoleInfo.java:shutdownFollowerState(121)) - cd11b2f5-3187-4d03-bd60-931991550c17: shutdown FollowerState
2019-10-30 11:52:54,244 [Thread-2532] INFO  impl.FollowerState (FollowerState.java:run(117)) - cd11b2f5-3187-4d03-bd60-931991550c17@group-F367C8FA5986-FollowerState was interrupted: java.lang.InterruptedException: sleep interrupted
2019-10-30 11:52:54,244 [grpc-default-executor-7] INFO  impl.RoleInfo (RoleInfo.java:updateAndGet(143)) - cd11b2f5-3187-4d03-bd60-931991550c17: start FollowerState
2019-10-30 11:52:54,256 [Thread-2529] INFO  impl.FollowerState (FollowerState.java:run(108)) - f26e10ed-fb17-49e6-a903-eadc130d13d1@group-83984122B78E-FollowerState: change to CANDIDATE, lastRpcTime:173ms, electionTimeout:173ms
2019-10-30 11:52:54,257 [Thread-2529] INFO  impl.RoleInfo (RoleInfo.java:shutdownFollowerState(121)) - f26e10ed-fb17-49e6-a903-eadc130d13d1: shutdown FollowerState
2019-10-30 11:52:54,257 [Thread-2529] INFO  impl.RaftServerImpl (RaftServerImpl.java:setRole(184)) - f26e10ed-fb17-49e6-a903-eadc130d13d1@group-83984122B78E: changes role from  FOLLOWER to CANDIDATE at term 172 for changeToCandidate
2019-10-30 11:52:54,257 [Thread-2529] INFO  impl.RoleInfo (RoleInfo.java:updateAndGet(143)) - f26e10ed-fb17-49e6-a903-eadc130d13d1: start LeaderElection
2019-10-30 11:52:54,260 [9dbd5372-55c2-4532-b354-9494d3d545d2@group-F367C8FA5986-LeaderElection318] INFO  impl.LeaderElection (LeaderElection.java:logAndReturn(56)) - 9dbd5372-55c2-4532-b354-9494d3d545d2@group-F367C8FA5986-LeaderElection318: Election REJECTED; received 2 response(s) [9dbd5372-55c2-4532-b354-9494d3d545d2<-9b3ef6c9-0245-4756-bf80-45d41f7a4453#0:FAIL-t161, 9dbd5372-55c2-4532-b354-9494d3d545d2<-cd11b2f5-3187-4d03-bd60-931991550c17#0:FAIL-t161] and 0 exception(s); 9dbd5372-55c2-4532-b354-9494d3d545d2@group-F367C8FA5986:t161, leader=null, voted=9dbd5372-55c2-4532-b354-9494d3d545d2, raftlog=9dbd5372-55c2-4532-b354-9494d3d545d2@group-F367C8FA5986-SegmentedRaftLog:OPENED:c-1,f-1,i0, conf=-1: [9b3ef6c9-0245-4756-bf80-45d41f7a4453:192.168.157.220:37058, cd11b2f5-3187-4d03-bd60-931991550c17:192.168.157.220:43236, 9dbd5372-55c2-4532-b354-9494d3d545d2:192.168.157.220:42993], old=null
2019-10-30 11:52:54,260 [9dbd5372-55c2-4532-b354-9494d3d545d2@group-F367C8FA5986-LeaderElection318] INFO  impl.RaftServerImpl (RaftServerImpl.java:setRole(184)) - 9dbd5372-55c2-4532-b354-9494d3d545d2@group-F367C8FA5986: changes role from CANDIDATE to FOLLOWER at term 161 for DISCOVERED_A_NEW_TERM
2019-10-30 11:52:54,260 [9dbd5372-55c2-4532-b354-9494d3d545d2@group-F367C8FA5986-LeaderElection318] INFO  impl.RoleInfo (RoleInfo.java:shutdownLeaderElection(134)) - 9dbd5372-55c2-4532-b354-9494d3d545d2: shutdown LeaderElection
2019-10-30 11:52:54,261 [9dbd5372-55c2-4532-b354-9494d3d545d2@group-F367C8FA5986-LeaderElection318] INFO  impl.RoleInfo (RoleInfo.java:updateAndGet(143)) - 9dbd5372-55c2-4532-b354-9494d3d545d2: start FollowerState
2019-10-30 11:52:54,272 [f26e10ed-fb17-49e6-a903-eadc130d13d1@group-83984122B78E-LeaderElection319] INFO  impl.LeaderElection (LeaderElection.java:askForVotes(178)) - f26e10ed-fb17-49e6-a903-eadc130d13d1@group-83984122B78E-LeaderElection319: begin an election at term 173 for -1: [4f16e274-8663-4a15-9c4c-c81f650ab979:192.168.157.220:38181, 4cc44201-a597-43af-a4ec-5b1b407a6250:192.168.157.220:36685, f26e10ed-fb17-49e6-a903-eadc130d13d1:192.168.157.220:32806], old=null
2019-10-30 11:52:54,278 [grpc-default-executor-7] INFO  impl.RaftServerImpl (RaftServerImpl.java:setRole(184)) - 4cc44201-a597-43af-a4ec-5b1b407a6250@group-83984122B78E: changes role from  FOLLOWER to FOLLOWER at term 173 for recognizeCandidate:f26e10ed-fb17-49e6-a903-eadc130d13d1
2019-10-30 11:52:54,278 [grpc-default-executor-8] INFO  impl.RaftServerImpl (RaftServerImpl.java:setRole(184)) - 4f16e274-8663-4a15-9c4c-c81f650ab979@group-83984122B78E: changes role from  FOLLOWER to FOLLOWER at term 173 for recognizeCandidate:f26e10ed-fb17-49e6-a903-eadc130d13d1
2019-10-30 11:52:54,278 [grpc-default-executor-8] INFO  impl.RoleInfo (RoleInfo.java:shutdownFollowerState(121)) - 4f16e274-8663-4a15-9c4c-c81f650ab979: shutdown FollowerState
2019-10-30 11:52:54,278 [grpc-default-executor-7] INFO  impl.RoleInfo (RoleInfo.java:shutdownFollowerState(121)) - 4cc44201-a597-43af-a4ec-5b1b407a6250: shutdown FollowerState
2019-10-30 11:52:54,278 [Thread-2525] INFO  impl.FollowerState (FollowerState.java:run(117)) - 4f16e274-8663-4a15-9c4c-c81f650ab979@group-83984122B78E-FollowerState was interrupted: java.lang.InterruptedException: sleep interrupted
2019-10-30 11:52:54,278 [grpc-default-executor-8] INFO  impl.RoleInfo (RoleInfo.java:updateAndGet(143)) - 4f16e274-8663-4a15-9c4c-c81f650ab979: start FollowerState
2019-10-30 11:52:54,279 [grpc-default-executor-7] INFO  impl.RoleInfo (RoleInfo.java:updateAndGet(143)) - 4cc44201-a597-43af-a4ec-5b1b407a6250: start FollowerState
2019-10-30 11:52:54,279 [Thread-2524] INFO  impl.FollowerState (FollowerState.java:run(117)) - 4cc44201-a597-43af-a4ec-5b1b407a6250@group-83984122B78E-FollowerState was interrupted: java.lang.InterruptedException: sleep interrupted
2019-10-30 11:52:54,311 [f26e10ed-fb17-49e6-a903-eadc130d13d1@group-83984122B78E-LeaderElection319] INFO  impl.LeaderElection (LeaderElection.java:logAndReturn(56)) - f26e10ed-fb17-49e6-a903-eadc130d13d1@group-83984122B78E-LeaderElection319: Election REJECTED; received 2 response(s) [f26e10ed-fb17-49e6-a903-eadc130d13d1<-4f16e274-8663-4a15-9c4c-c81f650ab979#0:FAIL-t173, f26e10ed-fb17-49e6-a903-eadc130d13d1<-4cc44201-a597-43af-a4ec-5b1b407a6250#0:FAIL-t173] and 0 exception(s); f26e10ed-fb17-49e6-a903-eadc130d13d1@group-83984122B78E:t173, leader=null, voted=f26e10ed-fb17-49e6-a903-eadc130d13d1, raftlog=f26e10ed-fb17-49e6-a903-eadc130d13d1@group-83984122B78E-SegmentedRaftLog:OPENED:c-1,f-1,i0, conf=-1: [4f16e274-8663-4a15-9c4c-c81f650ab979:192.168.157.220:38181, 4cc44201-a597-43af-a4ec-5b1b407a6250:192.168.157.220:36685, f26e10ed-fb17-49e6-a903-eadc130d13d1:192.168.157.220:32806], old=null
2019-10-30 11:52:54,311 [f26e10ed-fb17-49e6-a903-eadc130d13d1@group-83984122B78E-LeaderElection319] INFO  impl.RaftServerImpl (RaftServerImpl.java:setRole(184)) - f26e10ed-fb17-49e6-a903-eadc130d13d1@group-83984122B78E: changes role from CANDIDATE to FOLLOWER at term 173 for DISCOVERED_A_NEW_TERM
2019-10-30 11:52:54,311 [f26e10ed-fb17-49e6-a903-eadc130d13d1@group-83984122B78E-LeaderElection319] INFO  impl.RoleInfo (RoleInfo.java:shutdownLeaderElection(134)) - f26e10ed-fb17-49e6-a903-eadc130d13d1: shutdown LeaderElection
2019-10-30 11:52:54,311 [f26e10ed-fb17-49e6-a903-eadc130d13d1@group-83984122B78E-LeaderElection319] INFO  impl.RoleInfo (RoleInfo.java:updateAndGet(143)) - f26e10ed-fb17-49e6-a903-eadc130d13d1: start FollowerState
2019-10-30 11:52:54,378 [Thread-2546] INFO  impl.FollowerState (FollowerState.java:run(108)) - f26e10ed-fb17-49e6-a903-eadc130d13d1@group-83984122B78E-FollowerState: change to CANDIDATE, lastRpcTime:67ms, electionTimeout:65ms
2019-10-30 11:52:54,378 [Thread-2546] INFO  impl.RoleInfo (RoleInfo.java:shutdownFollowerState(121)) - f26e10ed-fb17-49e6-a903-eadc130d13d1: shutdown FollowerState
2019-10-30 11:52:54,378 [Thread-2546] INFO  impl.RaftServerImpl (RaftServerImpl.java:setRole(184)) - f26e10ed-fb17-49e6-a903-eadc130d13d1@group-83984122B78E: changes role from  FOLLOWER to CANDIDATE at term 173 for changeToCandidate
2019-10-30 11:52:54,378 [Thread-2546] INFO  impl.RoleInfo (RoleInfo.java:updateAndGet(143)) - f26e10ed-fb17-49e6-a903-eadc130d13d1: start LeaderElection
2019-10-30 11:52:54,392 [f26e10ed-fb17-49e6-a903-eadc130d13d1@group-83984122B78E-LeaderElection320] INFO  impl.LeaderElection (LeaderElection.java:askForVotes(178)) - f26e10ed-fb17-49e6-a903-eadc130d13d1@group-83984122B78E-LeaderElection320: begin an election at term 174 for -1: [4f16e274-8663-4a15-9c4c-c81f650ab979:192.168.157.220:38181, 4cc44201-a597-43af-a4ec-5b1b407a6250:192.168.157.220:36685, f26e10ed-fb17-49e6-a903-eadc130d13d1:192.168.157.220:32806], old=null
2019-10-30 11:52:54,397 [grpc-default-executor-7] INFO  impl.RaftServerImpl (RaftServerImpl.java:setRole(184)) - 4f16e274-8663-4a15-9c4c-c81f650ab979@group-83984122B78E: changes role from  FOLLOWER to FOLLOWER at term 174 for recognizeCandidate:f26e10ed-fb17-49e6-a903-eadc130d13d1
2019-10-30 11:52:54,397 [grpc-default-executor-7] INFO  impl.RoleInfo (RoleInfo.java:shutdownFollowerState(121)) - 4f16e274-8663-4a15-9c4c-c81f650ab979: shutdown FollowerState
2019-10-30 11:52:54,397 [grpc-default-executor-7] INFO  impl.RoleInfo (RoleInfo.java:updateAndGet(143)) - 4f16e274-8663-4a15-9c4c-c81f650ab979: start FollowerState
2019-10-30 11:52:54,397 [Thread-2544] INFO  impl.FollowerState (FollowerState.java:run(117)) - 4f16e274-8663-4a15-9c4c-c81f650ab979@group-83984122B78E-FollowerState was interrupted: java.lang.InterruptedException: sleep interrupted
2019-10-30 11:52:54,401 [grpc-default-executor-8] INFO  impl.RaftServerImpl (RaftServerImpl.java:setRole(184)) - 4cc44201-a597-43af-a4ec-5b1b407a6250@group-83984122B78E: changes role from  FOLLOWER to FOLLOWER at term 174 for recognizeCandidate:f26e10ed-fb17-49e6-a903-eadc130d13d1
2019-10-30 11:52:54,401 [grpc-default-executor-8] INFO  impl.RoleInfo (RoleInfo.java:shutdownFollowerState(121)) - 4cc44201-a597-43af-a4ec-5b1b407a6250: shutdown FollowerState
2019-10-30 11:52:54,401 [grpc-default-executor-8] INFO  impl.RoleInfo (RoleInfo.java:updateAndGet(143)) - 4cc44201-a597-43af-a4ec-5b1b407a6250: start FollowerState
2019-10-30 11:52:54,401 [Thread-2545] INFO  impl.FollowerState (FollowerState.java:run(117)) - 4cc44201-a597-43af-a4ec-5b1b407a6250@group-83984122B78E-FollowerState was interrupted: java.lang.InterruptedException: sleep interrupted
2019-10-30 11:52:54,409 [f26e10ed-fb17-49e6-a903-eadc130d13d1@group-83984122B78E-LeaderElection320] INFO  impl.LeaderElection (LeaderElection.java:logAndReturn(56)) - f26e10ed-fb17-49e6-a903-eadc130d13d1@group-83984122B78E-LeaderElection320: Election REJECTED; received 2 response(s) [f26e10ed-fb17-49e6-a903-eadc130d13d1<-4f16e274-8663-4a15-9c4c-c81f650ab979#0:FAIL-t174, f26e10ed-fb17-49e6-a903-eadc130d13d1<-4cc44201-a597-43af-a4ec-5b1b407a6250#0:FAIL-t174] and 0 exception(s); f26e10ed-fb17-49e6-a903-eadc130d13d1@group-83984122B78E:t174, leader=null, voted=f26e10ed-fb17-49e6-a903-eadc130d13d1, raftlog=f26e10ed-fb17-49e6-a903-eadc130d13d1@group-83984122B78E-SegmentedRaftLog:OPENED:c-1,f-1,i0, conf=-1: [4f16e274-8663-4a15-9c4c-c81f650ab979:192.168.157.220:38181, 4cc44201-a597-43af-a4ec-5b1b407a6250:192.168.157.220:36685, f26e10ed-fb17-49e6-a903-eadc130d13d1:192.168.157.220:32806], old=null
2019-10-30 11:52:54,409 [f26e10ed-fb17-49e6-a903-eadc130d13d1@group-83984122B78E-LeaderElection320] INFO  impl.RaftServerImpl (RaftServerImpl.java:setRole(184)) - f26e10ed-fb17-49e6-a903-eadc130d13d1@group-83984122B78E: changes role from CANDIDATE to FOLLOWER at term 174 for DISCOVERED_A_NEW_TERM
2019-10-30 11:52:54,409 [f26e10ed-fb17-49e6-a903-eadc130d13d1@group-83984122B78E-LeaderElection320] INFO  impl.RoleInfo (RoleInfo.java:shutdownLeaderElection(134)) - f26e10ed-fb17-49e6-a903-eadc130d13d1: shutdown LeaderElection
2019-10-30 11:52:54,409 [f26e10ed-fb17-49e6-a903-eadc130d13d1@group-83984122B78E-LeaderElection320] INFO  impl.RoleInfo (RoleInfo.java:updateAndGet(143)) - f26e10ed-fb17-49e6-a903-eadc130d13d1: start FollowerState
2019-10-30 11:52:54,446 [Thread-2552] INFO  impl.FollowerState (FollowerState.java:run(108)) - f26e10ed-fb17-49e6-a903-eadc130d13d1@group-83984122B78E-FollowerState: change to CANDIDATE, lastRpcTime:36ms, electionTimeout:33ms
2019-10-30 11:52:54,446 [Thread-2552] INFO  impl.RoleInfo (RoleInfo.java:shutdownFollowerState(121)) - f26e10ed-fb17-49e6-a903-eadc130d13d1: shutdown FollowerState
2019-10-30 11:52:54,446 [Thread-2552] INFO  impl.RaftServerImpl (RaftServerImpl.java:setRole(184)) - f26e10ed-fb17-49e6-a903-eadc130d13d1@group-83984122B78E: changes role from  FOLLOWER to CANDIDATE at term 174 for changeToCandidate
2019-10-30 11:52:54,446 [Thread-2552] INFO  impl.RoleInfo (RoleInfo.java:updateAndGet(143)) - f26e10ed-fb17-49e6-a903-eadc130d13d1: start LeaderElection
2019-10-30 11:52:54,455 [f26e10ed-fb17-49e6-a903-eadc130d13d1@group-83984122B78E-LeaderElection321] INFO  impl.LeaderElection (LeaderElection.java:askForVotes(178)) - f26e10ed-fb17-49e6-a903-eadc130d13d1@group-83984122B78E-LeaderElection321: begin an election at term 175 for -1: [4f16e274-8663-4a15-9c4c-c81f650ab979:192.168.157.220:38181, 4cc44201-a597-43af-a4ec-5b1b407a6250:192.168.157.220:36685, f26e10ed-fb17-49e6-a903-eadc130d13d1:192.168.157.220:32806], old=null
2019-10-30 11:52:54,458 [Thread-2541] INFO  impl.FollowerState (FollowerState.java:run(108)) - 9dbd5372-55c2-4532-b354-9494d3d545d2@group-F367C8FA5986-FollowerState: change to CANDIDATE, lastRpcTime:197ms, electionTimeout:194ms
2019-10-30 11:52:54,458 [Thread-2541] INFO  impl.RoleInfo (RoleInfo.java:shutdownFollowerState(121)) - 9dbd5372-55c2-4532-b354-9494d3d545d2: shutdown FollowerState
2019-10-30 11:52:54,458 [Thread-2541] INFO  impl.RaftServerImpl (RaftServerImpl.java:setRole(184)) - 9dbd5372-55c2-4532-b354-9494d3d545d2@group-F367C8FA5986: changes role from  FOLLOWER to CANDIDATE at term 161 for changeToCandidate
2019-10-30 11:52:54,459 [Thread-2541] INFO  impl.RoleInfo (RoleInfo.java:updateAndGet(143)) - 9dbd5372-55c2-4532-b354-9494d3d545d2: start LeaderElection
2019-10-30 11:52:54,461 [grpc-default-executor-7] INFO  impl.RaftServerImpl (RaftServerImpl.java:setRole(184)) - 4cc44201-a597-43af-a4ec-5b1b407a6250@group-83984122B78E: changes role from  FOLLOWER to FOLLOWER at term 175 for recognizeCandidate:f26e10ed-fb17-49e6-a903-eadc130d13d1
2019-10-30 11:52:54,463 [grpc-default-executor-7] INFO  impl.RoleInfo (RoleInfo.java:shutdownFollowerState(121)) - 4cc44201-a597-43af-a4ec-5b1b407a6250: shutdown FollowerState
2019-10-30 11:52:54,463 [grpc-default-executor-7] INFO  impl.RoleInfo (RoleInfo.java:updateAndGet(143)) - 4cc44201-a597-43af-a4ec-5b1b407a6250: start FollowerState
2019-10-30 11:52:54,464 [Thread-2551] INFO  impl.FollowerState (FollowerState.java:run(117)) - 4cc44201-a597-43af-a4ec-5b1b407a6250@group-83984122B78E-FollowerState was interrupted: java.lang.InterruptedException: sleep interrupted
2019-10-30 11:52:54,466 [grpc-default-executor-8] INFO  impl.RaftServerImpl (RaftServerImpl.java:setRole(184)) - 4f16e274-8663-4a15-9c4c-c81f650ab979@group-83984122B78E: changes role from  FOLLOWER to FOLLOWER at term 175 for recognizeCandidate:f26e10ed-fb17-49e6-a903-eadc130d13d1
2019-10-30 11:52:54,466 [grpc-default-executor-8] INFO  impl.RoleInfo (RoleInfo.java:shutdownFollowerState(121)) - 4f16e274-8663-4a15-9c4c-c81f650ab979: shutdown FollowerState
2019-10-30 11:52:54,466 [grpc-default-executor-8] INFO  impl.RoleInfo (RoleInfo.java:updateAndGet(143)) - 4f16e274-8663-4a15-9c4c-c81f650ab979: start FollowerState
2019-10-30 11:52:54,466 [Thread-2550] INFO  impl.FollowerState (FollowerState.java:run(117)) - 4f16e274-8663-4a15-9c4c-c81f650ab979@group-83984122B78E-FollowerState was interrupted: java.lang.InterruptedException: sleep interrupted
2019-10-30 11:52:54,470 [9dbd5372-55c2-4532-b354-9494d3d545d2@group-F367C8FA5986-LeaderElection322] INFO  impl.LeaderElection (LeaderElection.java:askForVotes(178)) - 9dbd5372-55c2-4532-b354-9494d3d545d2@group-F367C8FA5986-LeaderElection322: begin an election at term 162 for -1: [9b3ef6c9-0245-4756-bf80-45d41f7a4453:192.168.157.220:37058, cd11b2f5-3187-4d03-bd60-931991550c17:192.168.157.220:43236, 9dbd5372-55c2-4532-b354-9494d3d545d2:192.168.157.220:42993], old=null
2019-10-30 11:52:54,472 [f26e10ed-fb17-49e6-a903-eadc130d13d1@group-83984122B78E-LeaderElection321] INFO  impl.LeaderElection (LeaderElection.java:logAndReturn(56)) - f26e10ed-fb17-49e6-a903-eadc130d13d1@group-83984122B78E-LeaderElection321: Election REJECTED; received 2 response(s) [f26e10ed-fb17-49e6-a903-eadc130d13d1<-4f16e274-8663-4a15-9c4c-c81f650ab979#0:FAIL-t175, f26e10ed-fb17-49e6-a903-eadc130d13d1<-4cc44201-a597-43af-a4ec-5b1b407a6250#0:FAIL-t175] and 0 exception(s); f26e10ed-fb17-49e6-a903-eadc130d13d1@group-83984122B78E:t175, leader=null, voted=f26e10ed-fb17-49e6-a903-eadc130d13d1, raftlog=f26e10ed-fb17-49e6-a903-eadc130d13d1@group-83984122B78E-SegmentedRaftLog:OPENED:c-1,f-1,i0, conf=-1: [4f16e274-8663-4a15-9c4c-c81f650ab979:192.168.157.220:38181, 4cc44201-a597-43af-a4ec-5b1b407a6250:192.168.157.220:36685, f26e10ed-fb17-49e6-a903-eadc130d13d1:192.168.157.220:32806], old=null
2019-10-30 11:52:54,472 [f26e10ed-fb17-49e6-a903-eadc130d13d1@group-83984122B78E-LeaderElection321] INFO  impl.RaftServerImpl (RaftServerImpl.java:setRole(184)) - f26e10ed-fb17-49e6-a903-eadc130d13d1@group-83984122B78E: changes role from CANDIDATE to FOLLOWER at term 175 for DISCOVERED_A_NEW_TERM
2019-10-30 11:52:54,472 [f26e10ed-fb17-49e6-a903-eadc130d13d1@group-83984122B78E-LeaderElection321] INFO  impl.RoleInfo (RoleInfo.java:shutdownLeaderElection(134)) - f26e10ed-fb17-49e6-a903-eadc130d13d1: shutdown LeaderElection
2019-10-30 11:52:54,472 [f26e10ed-fb17-49e6-a903-eadc130d13d1@group-83984122B78E-LeaderElection321] INFO  impl.RoleInfo (RoleInfo.java:updateAndGet(143)) - f26e10ed-fb17-49e6-a903-eadc130d13d1: start FollowerState
2019-10-30 11:52:54,476 [grpc-default-executor-7] INFO  impl.RaftServerImpl (RaftServerImpl.java:setRole(184)) - cd11b2f5-3187-4d03-bd60-931991550c17@group-F367C8FA5986: changes role from  FOLLOWER to FOLLOWER at term 162 for recognizeCandidate:9dbd5372-55c2-4532-b354-9494d3d545d2
2019-10-30 11:52:54,476 [grpc-default-executor-7] INFO  impl.RoleInfo (RoleInfo.java:shutdownFollowerState(121)) - cd11b2f5-3187-4d03-bd60-931991550c17: shutdown FollowerState
2019-10-30 11:52:54,476 [grpc-default-executor-7] INFO  impl.RoleInfo (RoleInfo.java:updateAndGet(143)) - cd11b2f5-3187-4d03-bd60-931991550c17: start FollowerState
2019-10-30 11:52:54,477 [grpc-default-executor-8] INFO  impl.RaftServerImpl (RaftServerImpl.java:setRole(184)) - 9b3ef6c9-0245-4756-bf80-45d41f7a4453@group-F367C8FA5986: changes role from  FOLLOWER to FOLLOWER at term 162 for recognizeCandidate:9dbd5372-55c2-4532-b354-9494d3d545d2
2019-10-30 11:52:54,477 [grpc-default-executor-8] INFO  impl.RoleInfo (RoleInfo.java:shutdownFollowerState(121)) - 9b3ef6c9-0245-4756-bf80-45d41f7a4453: shutdown FollowerState
2019-10-30 11:52:54,477 [Thread-2539] INFO  impl.FollowerState (FollowerState.java:run(117)) - cd11b2f5-3187-4d03-bd60-931991550c17@group-F367C8FA5986-FollowerState was interrupted: java.lang.InterruptedException: sleep interrupted
2019-10-30 11:52:54,483 [grpc-default-executor-8] INFO  impl.RoleInfo (RoleInfo.java:updateAndGet(143)) - 9b3ef6c9-0245-4756-bf80-45d41f7a4453: start FollowerState
2019-10-30 11:52:54,483 [Thread-2538] INFO  impl.FollowerState (FollowerState.java:run(117)) - 9b3ef6c9-0245-4756-bf80-45d41f7a4453@group-F367C8FA5986-FollowerState was interrupted: java.lang.InterruptedException: sleep interrupted
2019-10-30 11:52:54,499 [9dbd5372-55c2-4532-b354-9494d3d545d2@group-F367C8FA5986-LeaderElection322] INFO  impl.LeaderElection (LeaderElection.java:logAndReturn(56)) - 9dbd5372-55c2-4532-b354-9494d3d545d2@group-F367C8FA5986-LeaderElection322: Election REJECTED; received 2 response(s) [9dbd5372-55c2-4532-b354-9494d3d545d2<-9b3ef6c9-0245-4756-bf80-45d41f7a4453#0:FAIL-t162, 9dbd5372-55c2-4532-b354-9494d3d545d2<-cd11b2f5-3187-4d03-bd60-931991550c17#0:FAIL-t162] and 0 exception(s); 9dbd5372-55c2-4532-b354-9494d3d545d2@group-F367C8FA5986:t162, leader=null, voted=9dbd5372-55c2-4532-b354-9494d3d545d2, raftlog=9dbd5372-55c2-4532-b354-9494d3d545d2@group-F367C8FA5986-SegmentedRaftLog:OPENED:c-1,f-1,i0, conf=-1: [9b3ef6c9-0245-4756-bf80-45d41f7a4453:192.168.157.220:37058, cd11b2f5-3187-4d03-bd60-931991550c17:192.168.157.220:43236, 9dbd5372-55c2-4532-b354-9494d3d545d2:192.168.157.220:42993], old=null
2019-10-30 11:52:54,499 [9dbd5372-55c2-4532-b354-9494d3d545d2@group-F367C8FA5986-LeaderElection322] INFO  impl.RaftServerImpl (RaftServerImpl.java:setRole(184)) - 9dbd5372-55c2-4532-b354-9494d3d545d2@group-F367C8FA5986: changes role from CANDIDATE to FOLLOWER at term 162 for DISCOVERED_A_NEW_TERM
2019-10-30 11:52:54,499 [9dbd5372-55c2-4532-b354-9494d3d545d2@group-F367C8FA5986-LeaderElection322] INFO  impl.RoleInfo (RoleInfo.java:shutdownLeaderElection(134)) - 9dbd5372-55c2-4532-b354-9494d3d545d2: shutdown LeaderElection
2019-10-30 11:52:54,500 [9dbd5372-55c2-4532-b354-9494d3d545d2@group-F367C8FA5986-LeaderElection322] INFO  impl.RoleInfo (RoleInfo.java:updateAndGet(143)) - 9dbd5372-55c2-4532-b354-9494d3d545d2: start FollowerState
2019-10-30 11:52:54,626 [Thread-2561] INFO  impl.FollowerState (FollowerState.java:run(108)) - f26e10ed-fb17-49e6-a903-eadc130d13d1@group-83984122B78E-FollowerState: change to CANDIDATE, lastRpcTime:153ms, electionTimeout:150ms
2019-10-30 11:52:54,626 [Thread-2561] INFO  impl.RoleInfo (RoleInfo.java:shutdownFollowerState(121)) - f26e10ed-fb17-49e6-a903-eadc130d13d1: shutdown FollowerState
2019-10-30 11:52:54,626 [Thread-2561] INFO  impl.RaftServerImpl (RaftServerImpl.java:setRole(184)) - f26e10ed-fb17-49e6-a903-eadc130d13d1@group-83984122B78E: changes role from  FOLLOWER to CANDIDATE at term 175 for changeToCandidate
2019-10-30 11:52:54,626 [Thread-2561] INFO  impl.RoleInfo (RoleInfo.java:updateAndGet(143)) - f26e10ed-fb17-49e6-a903-eadc130d13d1: start LeaderElection
2019-10-30 11:52:54,653 [f26e10ed-fb17-49e6-a903-eadc130d13d1@group-83984122B78E-LeaderElection323] INFO  impl.LeaderElection (LeaderElection.java:askForVotes(178)) - f26e10ed-fb17-49e6-a903-eadc130d13d1@group-83984122B78E-LeaderElection323: begin an election at term 176 for -1: [4f16e274-8663-4a15-9c4c-c81f650ab979:192.168.157.220:38181, 4cc44201-a597-43af-a4ec-5b1b407a6250:192.168.157.220:36685, f26e10ed-fb17-49e6-a903-eadc130d13d1:192.168.157.220:32806], old=null
2019-10-30 11:52:54,655 [Thread-2564] INFO  impl.FollowerState (FollowerState.java:run(108)) - 9dbd5372-55c2-4532-b354-9494d3d545d2@group-F367C8FA5986-FollowerState: change to CANDIDATE, lastRpcTime:155ms, electionTimeout:150ms
2019-10-30 11:52:54,655 [Thread-2564] INFO  impl.RoleInfo (RoleInfo.java:shutdownFollowerState(121)) - 9dbd5372-55c2-4532-b354-9494d3d545d2: shutdown FollowerState
2019-10-30 11:52:54,655 [Thread-2564] INFO  impl.RaftServerImpl (RaftServerImpl.java:setRole(184)) - 9dbd5372-55c2-4532-b354-9494d3d545d2@group-F367C8FA5986: changes role from  FOLLOWER to CANDIDATE at term 162 for changeToCandidate
2019-10-30 11:52:54,655 [Thread-2564] INFO  impl.RoleInfo (RoleInfo.java:updateAndGet(143)) - 9dbd5372-55c2-4532-b354-9494d3d545d2: start LeaderElection
2019-10-30 11:52:54,656 [grpc-default-executor-8] INFO  impl.RaftServerImpl (RaftServerImpl.java:setRole(184)) - 4f16e274-8663-4a15-9c4c-c81f650ab979@group-83984122B78E: changes role from  FOLLOWER to FOLLOWER at term 176 for recognizeCandidate:f26e10ed-fb17-49e6-a903-eadc130d13d1
2019-10-30 11:52:54,656 [grpc-default-executor-8] INFO  impl.RoleInfo (RoleInfo.java:shutdownFollowerState(121)) - 4f16e274-8663-4a15-9c4c-c81f650ab979: shutdown FollowerState
2019-10-30 11:52:54,659 [grpc-default-executor-8] INFO  impl.RoleInfo (RoleInfo.java:updateAndGet(143)) - 4f16e274-8663-4a15-9c4c-c81f650ab979: start FollowerState
2019-10-30 11:52:54,659 [Thread-2558] INFO  impl.FollowerState (FollowerState.java:run(117)) - 4f16e274-8663-4a15-9c4c-c81f650ab979@group-83984122B78E-FollowerState was interrupted: java.lang.InterruptedException: sleep interrupted
2019-10-30 11:52:54,664 [grpc-default-executor-7] INFO  impl.RaftServerImpl (RaftServerImpl.java:setRole(184)) - 4cc44201-a597-43af-a4ec-5b1b407a6250@group-83984122B78E: changes role from  FOLLOWER to FOLLOWER at term 176 for recognizeCandidate:f26e10ed-fb17-49e6-a903-eadc130d13d1
2019-10-30 11:52:54,664 [grpc-default-executor-7] INFO  impl.RoleInfo (RoleInfo.java:shutdownFollowerState(121)) - 4cc44201-a597-43af-a4ec-5b1b407a6250: shutdown FollowerState
2019-10-30 11:52:54,664 [grpc-default-executor-7] INFO  impl.RoleInfo (RoleInfo.java:updateAndGet(143)) - 4cc44201-a597-43af-a4ec-5b1b407a6250: start FollowerState
2019-10-30 11:52:54,664 [Thread-2557] INFO  impl.FollowerState (FollowerState.java:run(117)) - 4cc44201-a597-43af-a4ec-5b1b407a6250@group-83984122B78E-FollowerState was interrupted: java.lang.InterruptedException: sleep interrupted
2019-10-30 11:52:54,672 [9dbd5372-55c2-4532-b354-9494d3d545d2@group-F367C8FA5986-LeaderElection324] INFO  impl.LeaderElection (LeaderElection.java:askForVotes(178)) - 9dbd5372-55c2-4532-b354-9494d3d545d2@group-F367C8FA5986-LeaderElection324: begin an election at term 163 for -1: [9b3ef6c9-0245-4756-bf80-45d41f7a4453:192.168.157.220:37058, cd11b2f5-3187-4d03-bd60-931991550c17:192.168.157.220:43236, 9dbd5372-55c2-4532-b354-9494d3d545d2:192.168.157.220:42993], old=null
2019-10-30 11:52:54,674 [f26e10ed-fb17-49e6-a903-eadc130d13d1@group-83984122B78E-LeaderElection323] INFO  impl.LeaderElection (LeaderElection.java:logAndReturn(56)) - f26e10ed-fb17-49e6-a903-eadc130d13d1@group-83984122B78E-LeaderElection323: Election REJECTED; received 2 response(s) [f26e10ed-fb17-49e6-a903-eadc130d13d1<-4f16e274-8663-4a15-9c4c-c81f650ab979#0:FAIL-t176, f26e10ed-fb17-49e6-a903-eadc130d13d1<-4cc44201-a597-43af-a4ec-5b1b407a6250#0:FAIL-t176] and 0 exception(s); f26e10ed-fb17-49e6-a903-eadc130d13d1@group-83984122B78E:t176, leader=null, voted=f26e10ed-fb17-49e6-a903-eadc130d13d1, raftlog=f26e10ed-fb17-49e6-a903-eadc130d13d1@group-83984122B78E-SegmentedRaftLog:OPENED:c-1,f-1,i0, conf=-1: [4f16e274-8663-4a15-9c4c-c81f650ab979:192.168.157.220:38181, 4cc44201-a597-43af-a4ec-5b1b407a6250:192.168.157.220:36685, f26e10ed-fb17-49e6-a903-eadc130d13d1:192.168.157.220:32806], old=null
2019-10-30 11:52:54,674 [f26e10ed-fb17-49e6-a903-eadc130d13d1@group-83984122B78E-LeaderElection323] INFO  impl.RaftServerImpl (RaftServerImpl.java:setRole(184)) - f26e10ed-fb17-49e6-a903-eadc130d13d1@group-83984122B78E: changes role from CANDIDATE to FOLLOWER at term 176 for DISCOVERED_A_NEW_TERM
2019-10-30 11:52:54,674 [f26e10ed-fb17-49e6-a903-eadc130d13d1@group-83984122B78E-LeaderElection323] INFO  impl.RoleInfo (RoleInfo.java:shutdownLeaderElection(134)) - f26e10ed-fb17-49e6-a903-eadc130d13d1: shutdown LeaderElection
2019-10-30 11:52:54,675 [f26e10ed-fb17-49e6-a903-eadc130d13d1@group-83984122B78E-LeaderElection323] INFO  impl.RoleInfo (RoleInfo.java:updateAndGet(143)) - f26e10ed-fb17-49e6-a903-eadc130d13d1: start FollowerState
2019-10-30 11:52:54,681 [grpc-default-executor-7] INFO  impl.RaftServerImpl (RaftServerImpl.java:setRole(184)) - 9b3ef6c9-0245-4756-bf80-45d41f7a4453@group-F367C8FA5986: changes role from  FOLLOWER to FOLLOWER at term 163 for recognizeCandidate:9dbd5372-55c2-4532-b354-9494d3d545d2
2019-10-30 11:52:54,681 [grpc-default-executor-7] INFO  impl.RoleInfo (RoleInfo.java:shutdownFollowerState(121)) - 9b3ef6c9-0245-4756-bf80-45d41f7a4453: shutdown FollowerState
2019-10-30 11:52:54,681 [grpc-default-executor-7] INFO  impl.RoleInfo (RoleInfo.java:updateAndGet(143)) - 9b3ef6c9-0245-4756-bf80-45d41f7a4453: start FollowerState
2019-10-30 11:52:54,682 [Thread-2563] INFO  impl.FollowerState (FollowerState.java:run(117)) - 9b3ef6c9-0245-4756-bf80-45d41f7a4453@group-F367C8FA5986-FollowerState was interrupted: java.lang.InterruptedException: sleep interrupted
2019-10-30 11:52:54,684 [grpc-default-executor-8] INFO  impl.RaftServerImpl (RaftServerImpl.java:setRole(184)) - cd11b2f5-3187-4d03-bd60-931991550c17@group-F367C8FA5986: changes role from  FOLLOWER to FOLLOWER at term 163 for recognizeCandidate:9dbd5372-55c2-4532-b354-9494d3d545d2
2019-10-30 11:52:54,686 [grpc-default-executor-8] INFO  impl.RoleInfo (RoleInfo.java:shutdownFollowerState(121)) - cd11b2f5-3187-4d03-bd60-931991550c17: shutdown FollowerState
2019-10-30 11:52:54,687 [grpc-default-executor-8] INFO  impl.RoleInfo (RoleInfo.java:updateAndGet(143)) - cd11b2f5-3187-4d03-bd60-931991550c17: start FollowerState
2019-10-30 11:52:54,687 [Thread-2562] INFO  impl.FollowerState (FollowerState.java:run(117)) - cd11b2f5-3187-4d03-bd60-931991550c17@group-F367C8FA5986-FollowerState was interrupted: java.lang.InterruptedException: sleep interrupted
2019-10-30 11:52:54,695 [9dbd5372-55c2-4532-b354-9494d3d545d2@group-F367C8FA5986-LeaderElection324] INFO  impl.LeaderElection (LeaderElection.java:logAndReturn(56)) - 9dbd5372-55c2-4532-b354-9494d3d545d2@group-F367C8FA5986-LeaderElection324: Election REJECTED; received 2 response(s) [9dbd5372-55c2-4532-b354-9494d3d545d2<-9b3ef6c9-0245-4756-bf80-45d41f7a4453#0:FAIL-t163, 9dbd5372-55c2-4532-b354-9494d3d545d2<-cd11b2f5-3187-4d03-bd60-931991550c17#0:FAIL-t163] and 0 exception(s); 9dbd5372-55c2-4532-b354-9494d3d545d2@group-F367C8FA5986:t163, leader=null, voted=9dbd5372-55c2-4532-b354-9494d3d545d2, raftlog=9dbd5372-55c2-4532-b354-9494d3d545d2@group-F367C8FA5986-SegmentedRaftLog:OPENED:c-1,f-1,i0, conf=-1: [9b3ef6c9-0245-4756-bf80-45d41f7a4453:192.168.157.220:37058, cd11b2f5-3187-4d03-bd60-931991550c17:192.168.157.220:43236, 9dbd5372-55c2-4532-b354-9494d3d545d2:192.168.157.220:42993], old=null
2019-10-30 11:52:54,695 [9dbd5372-55c2-4532-b354-9494d3d545d2@group-F367C8FA5986-LeaderElection324] INFO  impl.RaftServerImpl (RaftServerImpl.java:setRole(184)) - 9dbd5372-55c2-4532-b354-9494d3d545d2@group-F367C8FA5986: changes role from CANDIDATE to FOLLOWER at term 163 for DISCOVERED_A_NEW_TERM
2019-10-30 11:52:54,696 [9dbd5372-55c2-4532-b354-9494d3d545d2@group-F367C8FA5986-LeaderElection324] INFO  impl.RoleInfo (RoleInfo.java:shutdownLeaderElection(134)) - 9dbd5372-55c2-4532-b354-9494d3d545d2: shutdown LeaderElection
2019-10-30 11:52:54,696 [9dbd5372-55c2-4532-b354-9494d3d545d2@group-F367C8FA5986-LeaderElection324] INFO  impl.RoleInfo (RoleInfo.java:updateAndGet(143)) - 9dbd5372-55c2-4532-b354-9494d3d545d2: start FollowerState
2019-10-30 11:52:54,715 [Thread-2575] INFO  impl.FollowerState (FollowerState.java:run(108)) - f26e10ed-fb17-49e6-a903-eadc130d13d1@group-83984122B78E-FollowerState: change to CANDIDATE, lastRpcTime:40ms, electionTimeout:37ms
2019-10-30 11:52:54,715 [Thread-2575] INFO  impl.RoleInfo (RoleInfo.java:shutdownFollowerState(121)) - f26e10ed-fb17-49e6-a903-eadc130d13d1: shutdown FollowerState
2019-10-30 11:52:54,715 [Thread-2575] INFO  impl.RaftServerImpl (RaftServerImpl.java:setRole(184)) - f26e10ed-fb17-49e6-a903-eadc130d13d1@group-83984122B78E: changes role from  FOLLOWER to CANDIDATE at term 176 for changeToCandidate
2019-10-30 11:52:54,716 [Thread-2575] INFO  impl.RoleInfo (RoleInfo.java:updateAndGet(143)) - f26e10ed-fb17-49e6-a903-eadc130d13d1: start LeaderElection
2019-10-30 11:52:54,733 [f26e10ed-fb17-49e6-a903-eadc130d13d1@group-83984122B78E-LeaderElection325] INFO  impl.LeaderElection (LeaderElection.java:askForVotes(178)) - f26e10ed-fb17-49e6-a903-eadc130d13d1@group-83984122B78E-LeaderElection325: begin an election at term 177 for -1: [4f16e274-8663-4a15-9c4c-c81f650ab979:192.168.157.220:38181, 4cc44201-a597-43af-a4ec-5b1b407a6250:192.168.157.220:36685, f26e10ed-fb17-49e6-a903-eadc130d13d1:192.168.157.220:32806], old=null
2019-10-30 11:52:54,739 [grpc-default-executor-8] INFO  impl.RaftServerImpl (RaftServerImpl.java:setRole(184)) - 4cc44201-a597-43af-a4ec-5b1b407a6250@group-83984122B78E: changes role from  FOLLOWER to FOLLOWER at term 177 for recognizeCandidate:f26e10ed-fb17-49e6-a903-eadc130d13d1
2019-10-30 11:52:54,740 [grpc-default-executor-8] INFO  impl.RoleInfo (RoleInfo.java:shutdownFollowerState(121)) - 4cc44201-a597-43af-a4ec-5b1b407a6250: shutdown FollowerState
2019-10-30 11:52:54,740 [Thread-2572] INFO  impl.FollowerState (FollowerState.java:run(117)) - 4cc44201-a597-43af-a4ec-5b1b407a6250@group-83984122B78E-FollowerState was interrupted: java.lang.InterruptedException: sleep interrupted
2019-10-30 11:52:54,740 [grpc-default-executor-8] INFO  impl.RoleInfo (RoleInfo.java:updateAndGet(143)) - 4cc44201-a597-43af-a4ec-5b1b407a6250: start FollowerState
2019-10-30 11:52:54,744 [grpc-default-executor-7] INFO  impl.RaftServerImpl (RaftServerImpl.java:setRole(184)) - 4f16e274-8663-4a15-9c4c-c81f650ab979@group-83984122B78E: changes role from  FOLLOWER to FOLLOWER at term 177 for recognizeCandidate:f26e10ed-fb17-49e6-a903-eadc130d13d1
2019-10-30 11:52:54,744 [grpc-default-executor-7] INFO  impl.RoleInfo (RoleInfo.java:shutdownFollowerState(121)) - 4f16e274-8663-4a15-9c4c-c81f650ab979: shutdown FollowerState
2019-10-30 11:52:54,744 [grpc-default-executor-7] INFO  impl.RoleInfo (RoleInfo.java:updateAndGet(143)) - 4f16e274-8663-4a15-9c4c-c81f650ab979: start FollowerState
2019-10-30 11:52:54,745 [Thread-2571] INFO  impl.FollowerState (FollowerState.java:run(117)) - 4f16e274-8663-4a15-9c4c-c81f650ab979@group-83984122B78E-FollowerState was interrupted: java.lang.InterruptedException: sleep interrupted
2019-10-30 11:52:54,766 [f26e10ed-fb17-49e6-a903-eadc130d13d1@group-83984122B78E-LeaderElection325] INFO  impl.LeaderElection (LeaderElection.java:logAndReturn(56)) - f26e10ed-fb17-49e6-a903-eadc130d13d1@group-83984122B78E-LeaderElection325: Election REJECTED; received 2 response(s) [f26e10ed-fb17-49e6-a903-eadc130d13d1<-4f16e274-8663-4a15-9c4c-c81f650ab979#0:FAIL-t177, f26e10ed-fb17-49e6-a903-eadc130d13d1<-4cc44201-a597-43af-a4ec-5b1b407a6250#0:FAIL-t177] and 0 exception(s); f26e10ed-fb17-49e6-a903-eadc130d13d1@group-83984122B78E:t177, leader=null, voted=f26e10ed-fb17-49e6-a903-eadc130d13d1, raftlog=f26e10ed-fb17-49e6-a903-eadc130d13d1@group-83984122B78E-SegmentedRaftLog:OPENED:c-1,f-1,i0, conf=-1: [4f16e274-8663-4a15-9c4c-c81f650ab979:192.168.157.220:38181, 4cc44201-a597-43af-a4ec-5b1b407a6250:192.168.157.220:36685, f26e10ed-fb17-49e6-a903-eadc130d13d1:192.168.157.220:32806], old=null
2019-10-30 11:52:54,766 [f26e10ed-fb17-49e6-a903-eadc130d13d1@group-83984122B78E-LeaderElection325] INFO  impl.RaftServerImpl (RaftServerImpl.java:setRole(184)) - f26e10ed-fb17-49e6-a903-eadc130d13d1@group-83984122B78E: changes role from CANDIDATE to FOLLOWER at term 177 for DISCOVERED_A_NEW_TERM
2019-10-30 11:52:54,767 [f26e10ed-fb17-49e6-a903-eadc130d13d1@group-83984122B78E-LeaderElection325] INFO  impl.RoleInfo (RoleInfo.java:shutdownLeaderElection(134)) - f26e10ed-fb17-49e6-a903-eadc130d13d1: shutdown LeaderElection
2019-10-30 11:52:54,767 [f26e10ed-fb17-49e6-a903-eadc130d13d1@group-83984122B78E-LeaderElection325] INFO  impl.RoleInfo (RoleInfo.java:updateAndGet(143)) - f26e10ed-fb17-49e6-a903-eadc130d13d1: start FollowerState
2019-10-30 11:52:54,880 [Thread-2578] INFO  impl.FollowerState (FollowerState.java:run(108)) - 9dbd5372-55c2-4532-b354-9494d3d545d2@group-F367C8FA5986-FollowerState: change to CANDIDATE, lastRpcTime:184ms, electionTimeout:184ms
2019-10-30 11:52:54,880 [Thread-2578] INFO  impl.RoleInfo (RoleInfo.java:shutdownFollowerState(121)) - 9dbd5372-55c2-4532-b354-9494d3d545d2: shutdown FollowerState
2019-10-30 11:52:54,880 [Thread-2578] INFO  impl.RaftServerImpl (RaftServerImpl.java:setRole(184)) - 9dbd5372-55c2-4532-b354-9494d3d545d2@group-F367C8FA5986: changes role from  FOLLOWER to CANDIDATE at term 163 for changeToCandidate
2019-10-30 11:52:54,880 [Thread-2578] INFO  impl.RoleInfo (RoleInfo.java:updateAndGet(143)) - 9dbd5372-55c2-4532-b354-9494d3d545d2: start LeaderElection
2019-10-30 11:52:54,894 [9dbd5372-55c2-4532-b354-9494d3d545d2@group-F367C8FA5986-LeaderElection326] INFO  impl.LeaderElection (LeaderElection.java:askForVotes(178)) - 9dbd5372-55c2-4532-b354-9494d3d545d2@group-F367C8FA5986-LeaderElection326: begin an election at term 164 for -1: [9b3ef6c9-0245-4756-bf80-45d41f7a4453:192.168.157.220:37058, cd11b2f5-3187-4d03-bd60-931991550c17:192.168.157.220:43236, 9dbd5372-55c2-4532-b354-9494d3d545d2:192.168.157.220:42993], old=null
2019-10-30 11:52:54,901 [grpc-default-executor-8] INFO  impl.RaftServerImpl (RaftServerImpl.java:setRole(184)) - 9b3ef6c9-0245-4756-bf80-45d41f7a4453@group-F367C8FA5986: changes role from  FOLLOWER to FOLLOWER at term 164 for recognizeCandidate:9dbd5372-55c2-4532-b354-9494d3d545d2
2019-10-30 11:52:54,901 [grpc-default-executor-7] INFO  impl.RaftServerImpl (RaftServerImpl.java:setRole(184)) - cd11b2f5-3187-4d03-bd60-931991550c17@group-F367C8FA5986: changes role from  FOLLOWER to FOLLOWER at term 164 for recognizeCandidate:9dbd5372-55c2-4532-b354-9494d3d545d2
2019-10-30 11:52:54,901 [grpc-default-executor-8] INFO  impl.RoleInfo (RoleInfo.java:shutdownFollowerState(121)) - 9b3ef6c9-0245-4756-bf80-45d41f7a4453: shutdown FollowerState
2019-10-30 11:52:54,901 [grpc-default-executor-7] INFO  impl.RoleInfo (RoleInfo.java:shutdownFollowerState(121)) - cd11b2f5-3187-4d03-bd60-931991550c17: shutdown FollowerState
2019-10-30 11:52:54,901 [grpc-default-executor-8] INFO  impl.RoleInfo (RoleInfo.java:updateAndGet(143)) - 9b3ef6c9-0245-4756-bf80-45d41f7a4453: start FollowerState
2019-10-30 11:52:54,901 [Thread-2576] INFO  impl.FollowerState (FollowerState.java:run(117)) - 9b3ef6c9-0245-4756-bf80-45d41f7a4453@group-F367C8FA5986-FollowerState was interrupted: java.lang.InterruptedException: sleep interrupted
2019-10-30 11:52:54,903 [Thread-2584] INFO  impl.FollowerState (FollowerState.java:run(108)) - f26e10ed-fb17-49e6-a903-eadc130d13d1@group-83984122B78E-FollowerState: change to CANDIDATE, lastRpcTime:136ms, electionTimeout:135ms
2019-10-30 11:52:54,903 [Thread-2584] INFO  impl.RoleInfo (RoleInfo.java:shutdownFollowerState(121)) - f26e10ed-fb17-49e6-a903-eadc130d13d1: shutdown FollowerState
2019-10-30 11:52:54,901 [grpc-default-executor-7] INFO  impl.RoleInfo (RoleInfo.java:updateAndGet(143)) - cd11b2f5-3187-4d03-bd60-931991550c17: start FollowerState
2019-10-30 11:52:54,901 [Thread-2577] INFO  impl.FollowerState (FollowerState.java:run(117)) - cd11b2f5-3187-4d03-bd60-931991550c17@group-F367C8FA5986-FollowerState was interrupted: java.lang.InterruptedException: sleep interrupted
2019-10-30 11:52:54,907 [Thread-2584] INFO  impl.RaftServerImpl (RaftServerImpl.java:setRole(184)) - f26e10ed-fb17-49e6-a903-eadc130d13d1@group-83984122B78E: changes role from  FOLLOWER to CANDIDATE at term 177 for changeToCandidate
2019-10-30 11:52:54,907 [Thread-2584] INFO  impl.RoleInfo (RoleInfo.java:updateAndGet(143)) - f26e10ed-fb17-49e6-a903-eadc130d13d1: start LeaderElection
2019-10-30 11:52:54,911 [f26e10ed-fb17-49e6-a903-eadc130d13d1@group-83984122B78E-LeaderElection327] INFO  impl.LeaderElection (LeaderElection.java:askForVotes(178)) - f26e10ed-fb17-49e6-a903-eadc130d13d1@group-83984122B78E-LeaderElection327: begin an election at term 178 for -1: [4f16e274-8663-4a15-9c4c-c81f650ab979:192.168.157.220:38181, 4cc44201-a597-43af-a4ec-5b1b407a6250:192.168.157.220:36685, f26e10ed-fb17-49e6-a903-eadc130d13d1:192.168.157.220:32806], old=null
2019-10-30 11:52:54,914 [9dbd5372-55c2-4532-b354-9494d3d545d2@group-F367C8FA5986-LeaderElection326] INFO  impl.LeaderElection (LeaderElection.java:logAndReturn(56)) - 9dbd5372-55c2-4532-b354-9494d3d545d2@group-F367C8FA5986-LeaderElection326: Election REJECTED; received 2 response(s) [9dbd5372-55c2-4532-b354-9494d3d545d2<-9b3ef6c9-0245-4756-bf80-45d41f7a4453#0:FAIL-t164, 9dbd5372-55c2-4532-b354-9494d3d545d2<-cd11b2f5-3187-4d03-bd60-931991550c17#0:FAIL-t164] and 0 exception(s); 9dbd5372-55c2-4532-b354-9494d3d545d2@group-F367C8FA5986:t164, leader=null, voted=9dbd5372-55c2-4532-b354-9494d3d545d2, raftlog=9dbd5372-55c2-4532-b354-9494d3d545d2@group-F367C8FA5986-SegmentedRaftLog:OPENED:c-1,f-1,i0, conf=-1: [9b3ef6c9-0245-4756-bf80-45d41f7a4453:192.168.157.220:37058, cd11b2f5-3187-4d03-bd60-931991550c17:192.168.157.220:43236, 9dbd5372-55c2-4532-b354-9494d3d545d2:192.168.157.220:42993], old=null
2019-10-30 11:52:54,919 [grpc-default-executor-8] INFO  impl.RaftServerImpl (RaftServerImpl.java:setRole(184)) - 4f16e274-8663-4a15-9c4c-c81f650ab979@group-83984122B78E: changes role from  FOLLOWER to FOLLOWER at term 178 for recognizeCandidate:f26e10ed-fb17-49e6-a903-eadc130d13d1
2019-10-30 11:52:54,919 [grpc-default-executor-8] INFO  impl.RoleInfo (RoleInfo.java:shutdownFollowerState(121)) - 4f16e274-8663-4a15-9c4c-c81f650ab979: shutdown FollowerState
2019-10-30 11:52:54,919 [grpc-default-executor-8] INFO  impl.RoleInfo (RoleInfo.java:updateAndGet(143)) - 4f16e274-8663-4a15-9c4c-c81f650ab979: start FollowerState
2019-10-30 11:52:54,920 [Thread-2583] INFO  impl.FollowerState (FollowerState.java:run(117)) - 4f16e274-8663-4a15-9c4c-c81f650ab979@group-83984122B78E-FollowerState was interrupted: java.lang.InterruptedException: sleep interrupted
2019-10-30 11:52:54,921 [9dbd5372-55c2-4532-b354-9494d3d545d2@group-F367C8FA5986-LeaderElection326] INFO  impl.RaftServerImpl (RaftServerImpl.java:setRole(184)) - 9dbd5372-55c2-4532-b354-9494d3d545d2@group-F367C8FA5986: changes role from CANDIDATE to FOLLOWER at term 164 for DISCOVERED_A_NEW_TERM
2019-10-30 11:52:54,921 [9dbd5372-55c2-4532-b354-9494d3d545d2@group-F367C8FA5986-LeaderElection326] INFO  impl.RoleInfo (RoleInfo.java:shutdownLeaderElection(134)) - 9dbd5372-55c2-4532-b354-9494d3d545d2: shutdown LeaderElection
2019-10-30 11:52:54,921 [9dbd5372-55c2-4532-b354-9494d3d545d2@group-F367C8FA5986-LeaderElection326] INFO  impl.RoleInfo (RoleInfo.java:updateAndGet(143)) - 9dbd5372-55c2-4532-b354-9494d3d545d2: start FollowerState
2019-10-30 11:52:54,934 [grpc-default-executor-7] INFO  impl.RaftServerImpl (RaftServerImpl.java:setRole(184)) - 4cc44201-a597-43af-a4ec-5b1b407a6250@group-83984122B78E: changes role from  FOLLOWER to FOLLOWER at term 178 for recognizeCandidate:f26e10ed-fb17-49e6-a903-eadc130d13d1
2019-10-30 11:52:54,934 [grpc-default-executor-7] INFO  impl.RoleInfo (RoleInfo.java:shutdownFollowerState(121)) - 4cc44201-a597-43af-a4ec-5b1b407a6250: shutdown FollowerState
2019-10-30 11:52:54,934 [grpc-default-executor-7] INFO  impl.RoleInfo (RoleInfo.java:updateAndGet(143)) - 4cc44201-a597-43af-a4ec-5b1b407a6250: start FollowerState
2019-10-30 11:52:54,935 [Thread-2582] INFO  impl.FollowerState (FollowerState.java:run(117)) - 4cc44201-a597-43af-a4ec-5b1b407a6250@group-83984122B78E-FollowerState was interrupted: java.lang.InterruptedException: sleep interrupted
2019-10-30 11:52:54,978 [f26e10ed-fb17-49e6-a903-eadc130d13d1@group-83984122B78E-LeaderElection327] INFO  impl.LeaderElection (LeaderElection.java:logAndReturn(56)) - f26e10ed-fb17-49e6-a903-eadc130d13d1@group-83984122B78E-LeaderElection327: Election REJECTED; received 2 response(s) [f26e10ed-fb17-49e6-a903-eadc130d13d1<-4f16e274-8663-4a15-9c4c-c81f650ab979#0:FAIL-t178, f26e10ed-fb17-49e6-a903-eadc130d13d1<-4cc44201-a597-43af-a4ec-5b1b407a6250#0:FAIL-t178] and 0 exception(s); f26e10ed-fb17-49e6-a903-eadc130d13d1@group-83984122B78E:t178, leader=null, voted=f26e10ed-fb17-49e6-a903-eadc130d13d1, raftlog=f26e10ed-fb17-49e6-a903-eadc130d13d1@group-83984122B78E-SegmentedRaftLog:OPENED:c-1,f-1,i0, conf=-1: [4f16e274-8663-4a15-9c4c-c81f650ab979:192.168.157.220:38181, 4cc44201-a597-43af-a4ec-5b1b407a6250:192.168.157.220:36685, f26e10ed-fb17-49e6-a903-eadc130d13d1:192.168.157.220:32806], old=null
2019-10-30 11:52:54,978 [f26e10ed-fb17-49e6-a903-eadc130d13d1@group-83984122B78E-LeaderElection327] INFO  impl.RaftServerImpl (RaftServerImpl.java:setRole(184)) - f26e10ed-fb17-49e6-a903-eadc130d13d1@group-83984122B78E: changes role from CANDIDATE to FOLLOWER at term 178 for DISCOVERED_A_NEW_TERM
2019-10-30 11:52:54,978 [f26e10ed-fb17-49e6-a903-eadc130d13d1@group-83984122B78E-LeaderElection327] INFO  impl.RoleInfo (RoleInfo.java:shutdownLeaderElection(134)) - f26e10ed-fb17-49e6-a903-eadc130d13d1: shutdown LeaderElection
2019-10-30 11:52:54,979 [f26e10ed-fb17-49e6-a903-eadc130d13d1@group-83984122B78E-LeaderElection327] INFO  impl.RoleInfo (RoleInfo.java:updateAndGet(143)) - f26e10ed-fb17-49e6-a903-eadc130d13d1: start FollowerState
2019-10-30 11:52:55,003 [Thread-2594] INFO  impl.FollowerState (FollowerState.java:run(108)) - 9dbd5372-55c2-4532-b354-9494d3d545d2@group-F367C8FA5986-FollowerState: change to CANDIDATE, lastRpcTime:81ms, electionTimeout:76ms
2019-10-30 11:52:55,003 [Thread-2594] INFO  impl.RoleInfo (RoleInfo.java:shutdownFollowerState(121)) - 9dbd5372-55c2-4532-b354-9494d3d545d2: shutdown FollowerState
2019-10-30 11:52:55,003 [Thread-2594] INFO  impl.RaftServerImpl (RaftServerImpl.java:setRole(184)) - 9dbd5372-55c2-4532-b354-9494d3d545d2@group-F367C8FA5986: changes role from  FOLLOWER to CANDIDATE at term 164 for changeToCandidate
2019-10-30 11:52:55,003 [Thread-2594] INFO  impl.RoleInfo (RoleInfo.java:updateAndGet(143)) - 9dbd5372-55c2-4532-b354-9494d3d545d2: start LeaderElection
2019-10-30 11:52:55,018 [9dbd5372-55c2-4532-b354-9494d3d545d2@group-F367C8FA5986-LeaderElection328] INFO  impl.LeaderElection (LeaderElection.java:askForVotes(178)) - 9dbd5372-55c2-4532-b354-9494d3d545d2@group-F367C8FA5986-LeaderElection328: begin an election at term 165 for -1: [9b3ef6c9-0245-4756-bf80-45d41f7a4453:192.168.157.220:37058, cd11b2f5-3187-4d03-bd60-931991550c17:192.168.157.220:43236, 9dbd5372-55c2-4532-b354-9494d3d545d2:192.168.157.220:42993], old=null
2019-10-30 11:52:55,027 [grpc-default-executor-7] INFO  impl.RaftServerImpl (RaftServerImpl.java:setRole(184)) - 9b3ef6c9-0245-4756-bf80-45d41f7a4453@group-F367C8FA5986: changes role from  FOLLOWER to FOLLOWER at term 165 for recognizeCandidate:9dbd5372-55c2-4532-b354-9494d3d545d2
2019-10-30 11:52:55,027 [grpc-default-executor-8] INFO  impl.RaftServerImpl (RaftServerImpl.java:setRole(184)) - cd11b2f5-3187-4d03-bd60-931991550c17@group-F367C8FA5986: changes role from  FOLLOWER to FOLLOWER at term 165 for recognizeCandidate:9dbd5372-55c2-4532-b354-9494d3d545d2
2019-10-30 11:52:55,027 [grpc-default-executor-8] INFO  impl.RoleInfo (RoleInfo.java:shutdownFollowerState(121)) - cd11b2f5-3187-4d03-bd60-931991550c17: shutdown FollowerState
2019-10-30 11:52:55,027 [grpc-default-executor-8] INFO  impl.RoleInfo (RoleInfo.java:updateAndGet(143)) - cd11b2f5-3187-4d03-bd60-931991550c17: start FollowerState
2019-10-30 11:52:55,028 [Thread-2589] INFO  impl.FollowerState (FollowerState.java:run(117)) - cd11b2f5-3187-4d03-bd60-931991550c17@group-F367C8FA5986-FollowerState was interrupted: java.lang.InterruptedException: sleep interrupted
2019-10-30 11:52:55,027 [grpc-default-executor-7] INFO  impl.RoleInfo (RoleInfo.java:shutdownFollowerState(121)) - 9b3ef6c9-0245-4756-bf80-45d41f7a4453: shutdown FollowerState
2019-10-30 11:52:55,029 [grpc-default-executor-7] INFO  impl.RoleInfo (RoleInfo.java:updateAndGet(143)) - 9b3ef6c9-0245-4756-bf80-45d41f7a4453: start FollowerState
2019-10-30 11:52:55,030 [Thread-2588] INFO  impl.FollowerState (FollowerState.java:run(117)) - 9b3ef6c9-0245-4756-bf80-45d41f7a4453@group-F367C8FA5986-FollowerState was interrupted: java.lang.InterruptedException: sleep interrupted
2019-10-30 11:52:55,035 [9dbd5372-55c2-4532-b354-9494d3d545d2@group-F367C8FA5986-LeaderElection328] INFO  impl.LeaderElection (LeaderElection.java:logAndReturn(56)) - 9dbd5372-55c2-4532-b354-9494d3d545d2@group-F367C8FA5986-LeaderElection328: Election REJECTED; received 2 response(s) [9dbd5372-55c2-4532-b354-9494d3d545d2<-9b3ef6c9-0245-4756-bf80-45d41f7a4453#0:FAIL-t165, 9dbd5372-55c2-4532-b354-9494d3d545d2<-cd11b2f5-3187-4d03-bd60-931991550c17#0:FAIL-t165] and 0 exception(s); 9dbd5372-55c2-4532-b354-9494d3d545d2@group-F367C8FA5986:t165, leader=null, voted=9dbd5372-55c2-4532-b354-9494d3d545d2, raftlog=9dbd5372-55c2-4532-b354-9494d3d545d2@group-F367C8FA5986-SegmentedRaftLog:OPENED:c-1,f-1,i0, conf=-1: [9b3ef6c9-0245-4756-bf80-45d41f7a4453:192.168.157.220:37058, cd11b2f5-3187-4d03-bd60-931991550c17:192.168.157.220:43236, 9dbd5372-55c2-4532-b354-9494d3d545d2:192.168.157.220:42993], old=null
2019-10-30 11:52:55,035 [9dbd5372-55c2-4532-b354-9494d3d545d2@group-F367C8FA5986-LeaderElection328] INFO  impl.RaftServerImpl (RaftServerImpl.java:setRole(184)) - 9dbd5372-55c2-4532-b354-9494d3d545d2@group-F367C8FA5986: changes role from CANDIDATE to FOLLOWER at term 165 for DISCOVERED_A_NEW_TERM
2019-10-30 11:52:55,035 [9dbd5372-55c2-4532-b354-9494d3d545d2@group-F367C8FA5986-LeaderElection328] INFO  impl.RoleInfo (RoleInfo.java:shutdownLeaderElection(134)) - 9dbd5372-55c2-4532-b354-9494d3d545d2: shutdown LeaderElection
2019-10-30 11:52:55,035 [9dbd5372-55c2-4532-b354-9494d3d545d2@group-F367C8FA5986-LeaderElection328] INFO  impl.RoleInfo (RoleInfo.java:updateAndGet(143)) - 9dbd5372-55c2-4532-b354-9494d3d545d2: start FollowerState
2019-10-30 11:52:55,068 [Thread-2596] INFO  impl.FollowerState (FollowerState.java:run(108)) - f26e10ed-fb17-49e6-a903-eadc130d13d1@group-83984122B78E-FollowerState: change to CANDIDATE, lastRpcTime:89ms, electionTimeout:89ms
2019-10-30 11:52:55,068 [Thread-2596] INFO  impl.RoleInfo (RoleInfo.java:shutdownFollowerState(121)) - f26e10ed-fb17-49e6-a903-eadc130d13d1: shutdown FollowerState
2019-10-30 11:52:55,068 [Thread-2596] INFO  impl.RaftServerImpl (RaftServerImpl.java:setRole(184)) - f26e10ed-fb17-49e6-a903-eadc130d13d1@group-83984122B78E: changes role from  FOLLOWER to CANDIDATE at term 178 for changeToCandidate
2019-10-30 11:52:55,068 [Thread-2596] INFO  impl.RoleInfo (RoleInfo.java:updateAndGet(143)) - f26e10ed-fb17-49e6-a903-eadc130d13d1: start LeaderElection
2019-10-30 11:52:55,108 [f26e10ed-fb17-49e6-a903-eadc130d13d1@group-83984122B78E-LeaderElection329] INFO  impl.LeaderElection (LeaderElection.java:askForVotes(178)) - f26e10ed-fb17-49e6-a903-eadc130d13d1@group-83984122B78E-LeaderElection329: begin an election at term 179 for -1: [4f16e274-8663-4a15-9c4c-c81f650ab979:192.168.157.220:38181, 4cc44201-a597-43af-a4ec-5b1b407a6250:192.168.157.220:36685, f26e10ed-fb17-49e6-a903-eadc130d13d1:192.168.157.220:32806], old=null
2019-10-30 11:52:55,115 [grpc-default-executor-8] INFO  impl.RaftServerImpl (RaftServerImpl.java:setRole(184)) - 4f16e274-8663-4a15-9c4c-c81f650ab979@group-83984122B78E: changes role from  FOLLOWER to FOLLOWER at term 179 for recognizeCandidate:f26e10ed-fb17-49e6-a903-eadc130d13d1
2019-10-30 11:52:55,115 [grpc-default-executor-8] INFO  impl.RoleInfo (RoleInfo.java:shutdownFollowerState(121)) - 4f16e274-8663-4a15-9c4c-c81f650ab979: shutdown FollowerState
2019-10-30 11:52:55,115 [grpc-default-executor-8] INFO  impl.RoleInfo (RoleInfo.java:updateAndGet(143)) - 4f16e274-8663-4a15-9c4c-c81f650ab979: start FollowerState
2019-10-30 11:52:55,118 [grpc-default-executor-7] INFO  impl.RaftServerImpl (RaftServerImpl.java:setRole(184)) - 4cc44201-a597-43af-a4ec-5b1b407a6250@group-83984122B78E: changes role from  FOLLOWER to FOLLOWER at term 179 for recognizeCandidate:f26e10ed-fb17-49e6-a903-eadc130d13d1
2019-10-30 11:52:55,118 [grpc-default-executor-7] INFO  impl.RoleInfo (RoleInfo.java:shutdownFollowerState(121)) - 4cc44201-a597-43af-a4ec-5b1b407a6250: shutdown FollowerState
2019-10-30 11:52:55,115 [Thread-2593] INFO  impl.FollowerState (FollowerState.java:run(117)) - 4f16e274-8663-4a15-9c4c-c81f650ab979@group-83984122B78E-FollowerState was interrupted: java.lang.InterruptedException: sleep interrupted
2019-10-30 11:52:55,122 [grpc-default-executor-7] INFO  impl.RoleInfo (RoleInfo.java:updateAndGet(143)) - 4cc44201-a597-43af-a4ec-5b1b407a6250: start FollowerState
2019-10-30 11:52:55,123 [Thread-2595] INFO  impl.FollowerState (FollowerState.java:run(117)) - 4cc44201-a597-43af-a4ec-5b1b407a6250@group-83984122B78E-FollowerState was interrupted: java.lang.InterruptedException: sleep interrupted
2019-10-30 11:52:55,163 [f26e10ed-fb17-49e6-a903-eadc130d13d1@group-83984122B78E-LeaderElection329] INFO  impl.LeaderElection (LeaderElection.java:logAndReturn(56)) - f26e10ed-fb17-49e6-a903-eadc130d13d1@group-83984122B78E-LeaderElection329: Election REJECTED; received 2 response(s) [f26e10ed-fb17-49e6-a903-eadc130d13d1<-4f16e274-8663-4a15-9c4c-c81f650ab979#0:FAIL-t179, f26e10ed-fb17-49e6-a903-eadc130d13d1<-4cc44201-a597-43af-a4ec-5b1b407a6250#0:FAIL-t179] and 0 exception(s); f26e10ed-fb17-49e6-a903-eadc130d13d1@group-83984122B78E:t179, leader=null, voted=f26e10ed-fb17-49e6-a903-eadc130d13d1, raftlog=f26e10ed-fb17-49e6-a903-eadc130d13d1@group-83984122B78E-SegmentedRaftLog:OPENED:c-1,f-1,i0, conf=-1: [4f16e274-8663-4a15-9c4c-c81f650ab979:192.168.157.220:38181, 4cc44201-a597-43af-a4ec-5b1b407a6250:192.168.157.220:36685, f26e10ed-fb17-49e6-a903-eadc130d13d1:192.168.157.220:32806], old=null
2019-10-30 11:52:55,163 [f26e10ed-fb17-49e6-a903-eadc130d13d1@group-83984122B78E-LeaderElection329] INFO  impl.RaftServerImpl (RaftServerImpl.java:setRole(184)) - f26e10ed-fb17-49e6-a903-eadc130d13d1@group-83984122B78E: changes role from CANDIDATE to FOLLOWER at term 179 for DISCOVERED_A_NEW_TERM
2019-10-30 11:52:55,163 [f26e10ed-fb17-49e6-a903-eadc130d13d1@group-83984122B78E-LeaderElection329] INFO  impl.RoleInfo (RoleInfo.java:shutdownLeaderElection(134)) - f26e10ed-fb17-49e6-a903-eadc130d13d1: shutdown LeaderElection
2019-10-30 11:52:55,164 [f26e10ed-fb17-49e6-a903-eadc130d13d1@group-83984122B78E-LeaderElection329] INFO  impl.RoleInfo (RoleInfo.java:updateAndGet(143)) - f26e10ed-fb17-49e6-a903-eadc130d13d1: start FollowerState
2019-10-30 11:52:55,190 [Thread-2610] INFO  impl.FollowerState (FollowerState.java:run(108)) - f26e10ed-fb17-49e6-a903-eadc130d13d1@group-83984122B78E-FollowerState: change to CANDIDATE, lastRpcTime:26ms, electionTimeout:22ms
2019-10-30 11:52:55,190 [Thread-2610] INFO  impl.RoleInfo (RoleInfo.java:shutdownFollowerState(121)) - f26e10ed-fb17-49e6-a903-eadc130d13d1: shutdown FollowerState
2019-10-30 11:52:55,190 [Thread-2610] INFO  impl.RaftServerImpl (RaftServerImpl.java:setRole(184)) - f26e10ed-fb17-49e6-a903-eadc130d13d1@group-83984122B78E: changes role from  FOLLOWER to CANDIDATE at term 179 for changeToCandidate
2019-10-30 11:52:55,190 [Thread-2610] INFO  impl.RoleInfo (RoleInfo.java:updateAndGet(143)) - f26e10ed-fb17-49e6-a903-eadc130d13d1: start LeaderElection
2019-10-30 11:52:55,206 [f26e10ed-fb17-49e6-a903-eadc130d13d1@group-83984122B78E-LeaderElection330] INFO  impl.LeaderElection (LeaderElection.java:askForVotes(178)) - f26e10ed-fb17-49e6-a903-eadc130d13d1@group-83984122B78E-LeaderElection330: begin an election at term 180 for -1: [4f16e274-8663-4a15-9c4c-c81f650ab979:192.168.157.220:38181, 4cc44201-a597-43af-a4ec-5b1b407a6250:192.168.157.220:36685, f26e10ed-fb17-49e6-a903-eadc130d13d1:192.168.157.220:32806], old=null
2019-10-30 11:52:55,209 [grpc-default-executor-8] INFO  impl.RaftServerImpl (RaftServerImpl.java:setRole(184)) - 4f16e274-8663-4a15-9c4c-c81f650ab979@group-83984122B78E: changes role from  FOLLOWER to FOLLOWER at term 180 for recognizeCandidate:f26e10ed-fb17-49e6-a903-eadc130d13d1
2019-10-30 11:52:55,209 [grpc-default-executor-8] INFO  impl.RoleInfo (RoleInfo.java:shutdownFollowerState(121)) - 4f16e274-8663-4a15-9c4c-c81f650ab979: shutdown FollowerState
2019-10-30 11:52:55,209 [grpc-default-executor-8] INFO  impl.RoleInfo (RoleInfo.java:updateAndGet(143)) - 4f16e274-8663-4a15-9c4c-c81f650ab979: start FollowerState
2019-10-30 11:52:55,209 [Thread-2608] INFO  impl.FollowerState (FollowerState.java:run(117)) - 4f16e274-8663-4a15-9c4c-c81f650ab979@group-83984122B78E-FollowerState was interrupted: java.lang.InterruptedException: sleep interrupted
2019-10-30 11:52:55,212 [grpc-default-executor-7] INFO  impl.RaftServerImpl (RaftServerImpl.java:setRole(184)) - 4cc44201-a597-43af-a4ec-5b1b407a6250@group-83984122B78E: changes role from  FOLLOWER to FOLLOWER at term 180 for recognizeCandidate:f26e10ed-fb17-49e6-a903-eadc130d13d1
2019-10-30 11:52:55,213 [grpc-default-executor-7] INFO  impl.RoleInfo (RoleInfo.java:shutdownFollowerState(121)) - 4cc44201-a597-43af-a4ec-5b1b407a6250: shutdown FollowerState
2019-10-30 11:52:55,213 [grpc-default-executor-7] INFO  impl.RoleInfo (RoleInfo.java:updateAndGet(143)) - 4cc44201-a597-43af-a4ec-5b1b407a6250: start FollowerState
2019-10-30 11:52:55,215 [Thread-2609] INFO  impl.FollowerState (FollowerState.java:run(117)) - 4cc44201-a597-43af-a4ec-5b1b407a6250@group-83984122B78E-FollowerState was interrupted: java.lang.InterruptedException: sleep interrupted
2019-10-30 11:52:55,227 [f26e10ed-fb17-49e6-a903-eadc130d13d1@group-83984122B78E-LeaderElection330] INFO  impl.LeaderElection (LeaderElection.java:logAndReturn(56)) - f26e10ed-fb17-49e6-a903-eadc130d13d1@group-83984122B78E-LeaderElection330: Election REJECTED; received 2 response(s) [f26e10ed-fb17-49e6-a903-eadc130d13d1<-4f16e274-8663-4a15-9c4c-c81f650ab979#0:FAIL-t180, f26e10ed-fb17-49e6-a903-eadc130d13d1<-4cc44201-a597-43af-a4ec-5b1b407a6250#0:FAIL-t180] and 0 exception(s); f26e10ed-fb17-49e6-a903-eadc130d13d1@group-83984122B78E:t180, leader=null, voted=f26e10ed-fb17-49e6-a903-eadc130d13d1, raftlog=f26e10ed-fb17-49e6-a903-eadc130d13d1@group-83984122B78E-SegmentedRaftLog:OPENED:c-1,f-1,i0, conf=-1: [4f16e274-8663-4a15-9c4c-c81f650ab979:192.168.157.220:38181, 4cc44201-a597-43af-a4ec-5b1b407a6250:192.168.157.220:36685, f26e10ed-fb17-49e6-a903-eadc130d13d1:192.168.157.220:32806], old=null
2019-10-30 11:52:55,227 [f26e10ed-fb17-49e6-a903-eadc130d13d1@group-83984122B78E-LeaderElection330] INFO  impl.RaftServerImpl (RaftServerImpl.java:setRole(184)) - f26e10ed-fb17-49e6-a903-eadc130d13d1@group-83984122B78E: changes role from CANDIDATE to FOLLOWER at term 180 for DISCOVERED_A_NEW_TERM
2019-10-30 11:52:55,227 [f26e10ed-fb17-49e6-a903-eadc130d13d1@group-83984122B78E-LeaderElection330] INFO  impl.RoleInfo (RoleInfo.java:shutdownLeaderElection(134)) - f26e10ed-fb17-49e6-a903-eadc130d13d1: shutdown LeaderElection
2019-10-30 11:52:55,227 [f26e10ed-fb17-49e6-a903-eadc130d13d1@group-83984122B78E-LeaderElection330] INFO  impl.RoleInfo (RoleInfo.java:updateAndGet(143)) - f26e10ed-fb17-49e6-a903-eadc130d13d1: start FollowerState
2019-10-30 11:52:55,234 [Thread-2602] INFO  impl.FollowerState (FollowerState.java:run(108)) - 9dbd5372-55c2-4532-b354-9494d3d545d2@group-F367C8FA5986-FollowerState: change to CANDIDATE, lastRpcTime:198ms, electionTimeout:192ms
2019-10-30 11:52:55,234 [Thread-2602] INFO  impl.RoleInfo (RoleInfo.java:shutdownFollowerState(121)) - 9dbd5372-55c2-4532-b354-9494d3d545d2: shutdown FollowerState
2019-10-30 11:52:55,234 [Thread-2602] INFO  impl.RaftServerImpl (RaftServerImpl.java:setRole(184)) - 9dbd5372-55c2-4532-b354-9494d3d545d2@group-F367C8FA5986: changes role from  FOLLOWER to CANDIDATE at term 165 for changeToCandidate
2019-10-30 11:52:55,234 [Thread-2602] INFO  impl.RoleInfo (RoleInfo.java:updateAndGet(143)) - 9dbd5372-55c2-4532-b354-9494d3d545d2: start LeaderElection
2019-10-30 11:52:55,239 [9dbd5372-55c2-4532-b354-9494d3d545d2@group-F367C8FA5986-LeaderElection331] INFO  impl.LeaderElection (LeaderElection.java:askForVotes(178)) - 9dbd5372-55c2-4532-b354-9494d3d545d2@group-F367C8FA5986-LeaderElection331: begin an election at term 166 for -1: [9b3ef6c9-0245-4756-bf80-45d41f7a4453:192.168.157.220:37058, cd11b2f5-3187-4d03-bd60-931991550c17:192.168.157.220:43236, 9dbd5372-55c2-4532-b354-9494d3d545d2:192.168.157.220:42993], old=null
2019-10-30 11:52:55,240 [grpc-default-executor-7] INFO  impl.RaftServerImpl (RaftServerImpl.java:setRole(184)) - cd11b2f5-3187-4d03-bd60-931991550c17@group-F367C8FA5986: changes role from  FOLLOWER to FOLLOWER at term 166 for recognizeCandidate:9dbd5372-55c2-4532-b354-9494d3d545d2
2019-10-30 11:52:55,241 [grpc-default-executor-7] INFO  impl.RoleInfo (RoleInfo.java:shutdownFollowerState(121)) - cd11b2f5-3187-4d03-bd60-931991550c17: shutdown FollowerState
2019-10-30 11:52:55,241 [grpc-default-executor-7] INFO  impl.RoleInfo (RoleInfo.java:updateAndGet(143)) - cd11b2f5-3187-4d03-bd60-931991550c17: start FollowerState
2019-10-30 11:52:55,241 [Thread-2600] INFO  impl.FollowerState (FollowerState.java:run(117)) - cd11b2f5-3187-4d03-bd60-931991550c17@group-F367C8FA5986-FollowerState was interrupted: java.lang.InterruptedException: sleep interrupted
2019-10-30 11:52:55,242 [grpc-default-executor-8] INFO  impl.RaftServerImpl (RaftServerImpl.java:setRole(184)) - 9b3ef6c9-0245-4756-bf80-45d41f7a4453@group-F367C8FA5986: changes role from  FOLLOWER to FOLLOWER at term 166 for recognizeCandidate:9dbd5372-55c2-4532-b354-9494d3d545d2
2019-10-30 11:52:55,242 [grpc-default-executor-8] INFO  impl.RoleInfo (RoleInfo.java:shutdownFollowerState(121)) - 9b3ef6c9-0245-4756-bf80-45d41f7a4453: shutdown FollowerState
2019-10-30 11:52:55,242 [grpc-default-executor-8] INFO  impl.RoleInfo (RoleInfo.java:updateAndGet(143)) - 9b3ef6c9-0245-4756-bf80-45d41f7a4453: start FollowerState
2019-10-30 11:52:55,242 [Thread-2601] INFO  impl.FollowerState (FollowerState.java:run(117)) - 9b3ef6c9-0245-4756-bf80-45d41f7a4453@group-F367C8FA5986-FollowerState was interrupted: java.lang.InterruptedException: sleep interrupted
2019-10-30 11:52:55,246 [9dbd5372-55c2-4532-b354-9494d3d545d2@group-F367C8FA5986-LeaderElection331] INFO  impl.LeaderElection (LeaderElection.java:logAndReturn(56)) - 9dbd5372-55c2-4532-b354-9494d3d545d2@group-F367C8FA5986-LeaderElection331: Election TIMEOUT; received 0 response(s) [] and 0 exception(s); 9dbd5372-55c2-4532-b354-9494d3d545d2@group-F367C8FA5986:t166, leader=null, voted=9dbd5372-55c2-4532-b354-9494d3d545d2, raftlog=9dbd5372-55c2-4532-b354-9494d3d545d2@group-F367C8FA5986-SegmentedRaftLog:OPENED:c-1,f-1,i0, conf=-1: [9b3ef6c9-0245-4756-bf80-45d41f7a4453:192.168.157.220:37058, cd11b2f5-3187-4d03-bd60-931991550c17:192.168.157.220:43236, 9dbd5372-55c2-4532-b354-9494d3d545d2:192.168.157.220:42993], old=null
2019-10-30 11:52:55,251 [9dbd5372-55c2-4532-b354-9494d3d545d2@group-F367C8FA5986-LeaderElection331] INFO  impl.LeaderElection (LeaderElection.java:askForVotes(178)) - 9dbd5372-55c2-4532-b354-9494d3d545d2@group-F367C8FA5986-LeaderElection331: begin an election at term 167 for -1: [9b3ef6c9-0245-4756-bf80-45d41f7a4453:192.168.157.220:37058, cd11b2f5-3187-4d03-bd60-931991550c17:192.168.157.220:43236, 9dbd5372-55c2-4532-b354-9494d3d545d2:192.168.157.220:42993], old=null
2019-10-30 11:52:55,253 [grpc-default-executor-7] INFO  impl.RaftServerImpl (RaftServerImpl.java:setRole(184)) - 9b3ef6c9-0245-4756-bf80-45d41f7a4453@group-F367C8FA5986: changes role from  FOLLOWER to FOLLOWER at term 167 for recognizeCandidate:9dbd5372-55c2-4532-b354-9494d3d545d2
2019-10-30 11:52:55,253 [grpc-default-executor-7] INFO  impl.RoleInfo (RoleInfo.java:shutdownFollowerState(121)) - 9b3ef6c9-0245-4756-bf80-45d41f7a4453: shutdown FollowerState
2019-10-30 11:52:55,253 [grpc-default-executor-7] INFO  impl.RoleInfo (RoleInfo.java:updateAndGet(143)) - 9b3ef6c9-0245-4756-bf80-45d41f7a4453: start FollowerState
2019-10-30 11:52:55,253 [Thread-2621] INFO  impl.FollowerState (FollowerState.java:run(117)) - 9b3ef6c9-0245-4756-bf80-45d41f7a4453@group-F367C8FA5986-FollowerState was interrupted: java.lang.InterruptedException: sleep interrupted
2019-10-30 11:52:55,258 [grpc-default-executor-8] INFO  impl.RaftServerImpl (RaftServerImpl.java:setRole(184)) - cd11b2f5-3187-4d03-bd60-931991550c17@group-F367C8FA5986: changes role from  FOLLOWER to FOLLOWER at term 167 for recognizeCandidate:9dbd5372-55c2-4532-b354-9494d3d545d2
2019-10-30 11:52:55,258 [grpc-default-executor-8] INFO  impl.RoleInfo (RoleInfo.java:shutdownFollowerState(121)) - cd11b2f5-3187-4d03-bd60-931991550c17: shutdown FollowerState
2019-10-30 11:52:55,258 [grpc-default-executor-8] INFO  impl.RoleInfo (RoleInfo.java:updateAndGet(143)) - cd11b2f5-3187-4d03-bd60-931991550c17: start FollowerState
2019-10-30 11:52:55,258 [Thread-2620] INFO  impl.FollowerState (FollowerState.java:run(117)) - cd11b2f5-3187-4d03-bd60-931991550c17@group-F367C8FA5986-FollowerState was interrupted: java.lang.InterruptedException: sleep interrupted
2019-10-30 11:52:55,293 [9dbd5372-55c2-4532-b354-9494d3d545d2@group-F367C8FA5986-LeaderElection331] INFO  impl.LeaderElection (LeaderElection.java:logAndReturn(56)) - 9dbd5372-55c2-4532-b354-9494d3d545d2@group-F367C8FA5986-LeaderElection331: Election REJECTED; received 2 response(s) [9dbd5372-55c2-4532-b354-9494d3d545d2<-9b3ef6c9-0245-4756-bf80-45d41f7a4453#0:FAIL-t167, 9dbd5372-55c2-4532-b354-9494d3d545d2<-cd11b2f5-3187-4d03-bd60-931991550c17#0:FAIL-t167] and 0 exception(s); 9dbd5372-55c2-4532-b354-9494d3d545d2@group-F367C8FA5986:t167, leader=null, voted=9dbd5372-55c2-4532-b354-9494d3d545d2, raftlog=9dbd5372-55c2-4532-b354-9494d3d545d2@group-F367C8FA5986-SegmentedRaftLog:OPENED:c-1,f-1,i0, conf=-1: [9b3ef6c9-0245-4756-bf80-45d41f7a4453:192.168.157.220:37058, cd11b2f5-3187-4d03-bd60-931991550c17:192.168.157.220:43236, 9dbd5372-55c2-4532-b354-9494d3d545d2:192.168.157.220:42993], old=null
2019-10-30 11:52:55,293 [9dbd5372-55c2-4532-b354-9494d3d545d2@group-F367C8FA5986-LeaderElection331] INFO  impl.RaftServerImpl (RaftServerImpl.java:setRole(184)) - 9dbd5372-55c2-4532-b354-9494d3d545d2@group-F367C8FA5986: changes role from CANDIDATE to FOLLOWER at term 167 for DISCOVERED_A_NEW_TERM
2019-10-30 11:52:55,293 [9dbd5372-55c2-4532-b354-9494d3d545d2@group-F367C8FA5986-LeaderElection331] INFO  impl.RoleInfo (RoleInfo.java:shutdownLeaderElection(134)) - 9dbd5372-55c2-4532-b354-9494d3d545d2: shutdown LeaderElection
2019-10-30 11:52:55,293 [9dbd5372-55c2-4532-b354-9494d3d545d2@group-F367C8FA5986-LeaderElection331] INFO  impl.RoleInfo (RoleInfo.java:updateAndGet(143)) - 9dbd5372-55c2-4532-b354-9494d3d545d2: start FollowerState
2019-10-30 11:52:55,361 [Thread-2616] INFO  impl.FollowerState (FollowerState.java:run(108)) - f26e10ed-fb17-49e6-a903-eadc130d13d1@group-83984122B78E-FollowerState: change to CANDIDATE, lastRpcTime:133ms, electionTimeout:127ms
2019-10-30 11:52:55,361 [Thread-2616] INFO  impl.RoleInfo (RoleInfo.java:shutdownFollowerState(121)) - f26e10ed-fb17-49e6-a903-eadc130d13d1: shutdown FollowerState
2019-10-30 11:52:55,361 [Thread-2616] INFO  impl.RaftServerImpl (RaftServerImpl.java:setRole(184)) - f26e10ed-fb17-49e6-a903-eadc130d13d1@group-83984122B78E: changes role from  FOLLOWER to CANDIDATE at term 180 for changeToCandidate
2019-10-30 11:52:55,361 [Thread-2616] INFO  impl.RoleInfo (RoleInfo.java:updateAndGet(143)) - f26e10ed-fb17-49e6-a903-eadc130d13d1: start LeaderElection
2019-10-30 11:52:55,377 [f26e10ed-fb17-49e6-a903-eadc130d13d1@group-83984122B78E-LeaderElection332] INFO  impl.LeaderElection (LeaderElection.java:askForVotes(178)) - f26e10ed-fb17-49e6-a903-eadc130d13d1@group-83984122B78E-LeaderElection332: begin an election at term 181 for -1: [4f16e274-8663-4a15-9c4c-c81f650ab979:192.168.157.220:38181, 4cc44201-a597-43af-a4ec-5b1b407a6250:192.168.157.220:36685, f26e10ed-fb17-49e6-a903-eadc130d13d1:192.168.157.220:32806], old=null
2019-10-30 11:52:55,382 [grpc-default-executor-8] INFO  impl.RaftServerImpl (RaftServerImpl.java:setRole(184)) - 4cc44201-a597-43af-a4ec-5b1b407a6250@group-83984122B78E: changes role from  FOLLOWER to FOLLOWER at term 181 for recognizeCandidate:f26e10ed-fb17-49e6-a903-eadc130d13d1
2019-10-30 11:52:55,382 [grpc-default-executor-8] INFO  impl.RoleInfo (RoleInfo.java:shutdownFollowerState(121)) - 4cc44201-a597-43af-a4ec-5b1b407a6250: shutdown FollowerState
2019-10-30 11:52:55,383 [grpc-default-executor-8] INFO  impl.RoleInfo (RoleInfo.java:updateAndGet(143)) - 4cc44201-a597-43af-a4ec-5b1b407a6250: start FollowerState
2019-10-30 11:52:55,383 [Thread-2615] INFO  impl.FollowerState (FollowerState.java:run(117)) - 4cc44201-a597-43af-a4ec-5b1b407a6250@group-83984122B78E-FollowerState was interrupted: java.lang.InterruptedException: sleep interrupted
2019-10-30 11:52:55,383 [grpc-default-executor-7] INFO  impl.RaftServerImpl (RaftServerImpl.java:setRole(184)) - 4f16e274-8663-4a15-9c4c-c81f650ab979@group-83984122B78E: changes role from  FOLLOWER to FOLLOWER at term 181 for recognizeCandidate:f26e10ed-fb17-49e6-a903-eadc130d13d1
2019-10-30 11:52:55,383 [grpc-default-executor-7] INFO  impl.RoleInfo (RoleInfo.java:shutdownFollowerState(121)) - 4f16e274-8663-4a15-9c4c-c81f650ab979: shutdown FollowerState
2019-10-30 11:52:55,384 [grpc-default-executor-7] INFO  impl.RoleInfo (RoleInfo.java:updateAndGet(143)) - 4f16e274-8663-4a15-9c4c-c81f650ab979: start FollowerState
2019-10-30 11:52:55,384 [Thread-2614] INFO  impl.FollowerState (FollowerState.java:run(117)) - 4f16e274-8663-4a15-9c4c-c81f650ab979@group-83984122B78E-FollowerState was interrupted: java.lang.InterruptedException: sleep interrupted
2019-10-30 11:52:55,407 [f26e10ed-fb17-49e6-a903-eadc130d13d1@group-83984122B78E-LeaderElection332] INFO  impl.LeaderElection (LeaderElection.java:logAndReturn(56)) - f26e10ed-fb17-49e6-a903-eadc130d13d1@group-83984122B78E-LeaderElection332: Election TIMEOUT; received 0 response(s) [] and 0 exception(s); f26e10ed-fb17-49e6-a903-eadc130d13d1@group-83984122B78E:t181, leader=null, voted=f26e10ed-fb17-49e6-a903-eadc130d13d1, raftlog=f26e10ed-fb17-49e6-a903-eadc130d13d1@group-83984122B78E-SegmentedRaftLog:OPENED:c-1,f-1,i0, conf=-1: [4f16e274-8663-4a15-9c4c-c81f650ab979:192.168.157.220:38181, 4cc44201-a597-43af-a4ec-5b1b407a6250:192.168.157.220:36685, f26e10ed-fb17-49e6-a903-eadc130d13d1:192.168.157.220:32806], old=null
2019-10-30 11:52:55,427 [f26e10ed-fb17-49e6-a903-eadc130d13d1@group-83984122B78E-LeaderElection332] INFO  impl.LeaderElection (LeaderElection.java:askForVotes(178)) - f26e10ed-fb17-49e6-a903-eadc130d13d1@group-83984122B78E-LeaderElection332: begin an election at term 182 for -1: [4f16e274-8663-4a15-9c4c-c81f650ab979:192.168.157.220:38181, 4cc44201-a597-43af-a4ec-5b1b407a6250:192.168.157.220:36685, f26e10ed-fb17-49e6-a903-eadc130d13d1:192.168.157.220:32806], old=null
2019-10-30 11:52:55,430 [grpc-default-executor-8] INFO  impl.RaftServerImpl (RaftServerImpl.java:setRole(184)) - 4f16e274-8663-4a15-9c4c-c81f650ab979@group-83984122B78E: changes role from  FOLLOWER to FOLLOWER at term 182 for recognizeCandidate:f26e10ed-fb17-49e6-a903-eadc130d13d1
2019-10-30 11:52:55,430 [grpc-default-executor-8] INFO  impl.RoleInfo (RoleInfo.java:shutdownFollowerState(121)) - 4f16e274-8663-4a15-9c4c-c81f650ab979: shutdown FollowerState
2019-10-30 11:52:55,432 [grpc-default-executor-8] INFO  impl.RoleInfo (RoleInfo.java:updateAndGet(143)) - 4f16e274-8663-4a15-9c4c-c81f650ab979: start FollowerState
2019-10-30 11:52:55,432 [Thread-2631] INFO  impl.FollowerState (FollowerState.java:run(117)) - 4f16e274-8663-4a15-9c4c-c81f650ab979@group-83984122B78E-FollowerState was interrupted: java.lang.InterruptedException: sleep interrupted
2019-10-30 11:52:55,436 [grpc-default-executor-7] INFO  impl.RaftServerImpl (RaftServerImpl.java:setRole(184)) - 4cc44201-a597-43af-a4ec-5b1b407a6250@group-83984122B78E: changes role from  FOLLOWER to FOLLOWER at term 182 for recognizeCandidate:f26e10ed-fb17-49e6-a903-eadc130d13d1
2019-10-30 11:52:55,437 [grpc-default-executor-7] INFO  impl.RoleInfo (RoleInfo.java:shutdownFollowerState(121)) - 4cc44201-a597-43af-a4ec-5b1b407a6250: shutdown FollowerState
2019-10-30 11:52:55,437 [grpc-default-executor-7] INFO  impl.RoleInfo (RoleInfo.java:updateAndGet(143)) - 4cc44201-a597-43af-a4ec-5b1b407a6250: start FollowerState
2019-10-30 11:52:55,437 [Thread-2630] INFO  impl.FollowerState (FollowerState.java:run(117)) - 4cc44201-a597-43af-a4ec-5b1b407a6250@group-83984122B78E-FollowerState was interrupted: java.lang.InterruptedException: sleep interrupted
2019-10-30 11:52:55,439 [f26e10ed-fb17-49e6-a903-eadc130d13d1@group-83984122B78E-LeaderElection332] INFO  impl.LeaderElection (LeaderElection.java:logAndReturn(56)) - f26e10ed-fb17-49e6-a903-eadc130d13d1@group-83984122B78E-LeaderElection332: Election TIMEOUT; received 0 response(s) [] and 0 exception(s); f26e10ed-fb17-49e6-a903-eadc130d13d1@group-83984122B78E:t182, leader=null, voted=f26e10ed-fb17-49e6-a903-eadc130d13d1, raftlog=f26e10ed-fb17-49e6-a903-eadc130d13d1@group-83984122B78E-SegmentedRaftLog:OPENED:c-1,f-1,i0, conf=-1: [4f16e274-8663-4a15-9c4c-c81f650ab979:192.168.157.220:38181, 4cc44201-a597-43af-a4ec-5b1b407a6250:192.168.157.220:36685, f26e10ed-fb17-49e6-a903-eadc130d13d1:192.168.157.220:32806], old=null
2019-10-30 11:52:55,460 [f26e10ed-fb17-49e6-a903-eadc130d13d1@group-83984122B78E-LeaderElection332] INFO  impl.LeaderElection (LeaderElection.java:askForVotes(178)) - f26e10ed-fb17-49e6-a903-eadc130d13d1@group-83984122B78E-LeaderElection332: begin an election at term 183 for -1: [4f16e274-8663-4a15-9c4c-c81f650ab979:192.168.157.220:38181, 4cc44201-a597-43af-a4ec-5b1b407a6250:192.168.157.220:36685, f26e10ed-fb17-49e6-a903-eadc130d13d1:192.168.157.220:32806], old=null
2019-10-30 11:52:55,463 [grpc-default-executor-7] INFO  impl.RaftServerImpl (RaftServerImpl.java:setRole(184)) - 4f16e274-8663-4a15-9c4c-c81f650ab979@group-83984122B78E: changes role from  FOLLOWER to FOLLOWER at term 183 for recognizeCandidate:f26e10ed-fb17-49e6-a903-eadc130d13d1
2019-10-30 11:52:55,463 [grpc-default-executor-7] INFO  impl.RoleInfo (RoleInfo.java:shutdownFollowerState(121)) - 4f16e274-8663-4a15-9c4c-c81f650ab979: shutdown FollowerState
2019-10-30 11:52:55,463 [grpc-default-executor-7] INFO  impl.RoleInfo (RoleInfo.java:updateAndGet(143)) - 4f16e274-8663-4a15-9c4c-c81f650ab979: start FollowerState
2019-10-30 11:52:55,463 [grpc-default-executor-8] INFO  impl.RaftServerImpl (RaftServerImpl.java:setRole(184)) - 4cc44201-a597-43af-a4ec-5b1b407a6250@group-83984122B78E: changes role from  FOLLOWER to FOLLOWER at term 183 for recognizeCandidate:f26e10ed-fb17-49e6-a903-eadc130d13d1
2019-10-30 11:52:55,464 [grpc-default-executor-8] INFO  impl.RoleInfo (RoleInfo.java:shutdownFollowerState(121)) - 4cc44201-a597-43af-a4ec-5b1b407a6250: shutdown FollowerState
2019-10-30 11:52:55,464 [Thread-2634] INFO  impl.FollowerState (FollowerState.java:run(117)) - 4f16e274-8663-4a15-9c4c-c81f650ab979@group-83984122B78E-FollowerState was interrupted: java.lang.InterruptedException: sleep interrupted
2019-10-30 11:52:55,465 [grpc-default-executor-8] INFO  impl.RoleInfo (RoleInfo.java:updateAndGet(143)) - 4cc44201-a597-43af-a4ec-5b1b407a6250: start FollowerState
2019-10-30 11:52:55,465 [Thread-2635] INFO  impl.FollowerState (FollowerState.java:run(117)) - 4cc44201-a597-43af-a4ec-5b1b407a6250@group-83984122B78E-FollowerState was interrupted: java.lang.InterruptedException: sleep interrupted
2019-10-30 11:52:55,488 [Thread-2626] INFO  impl.FollowerState (FollowerState.java:run(108)) - 9dbd5372-55c2-4532-b354-9494d3d545d2@group-F367C8FA5986-FollowerState: change to CANDIDATE, lastRpcTime:194ms, electionTimeout:190ms
2019-10-30 11:52:55,488 [Thread-2626] INFO  impl.RoleInfo (RoleInfo.java:shutdownFollowerState(121)) - 9dbd5372-55c2-4532-b354-9494d3d545d2: shutdown FollowerState
2019-10-30 11:52:55,488 [Thread-2626] INFO  impl.RaftServerImpl (RaftServerImpl.java:setRole(184)) - 9dbd5372-55c2-4532-b354-9494d3d545d2@group-F367C8FA5986: changes role from  FOLLOWER to CANDIDATE at term 167 for changeToCandidate
2019-10-30 11:52:55,488 [Thread-2626] INFO  impl.RoleInfo (RoleInfo.java:updateAndGet(143)) - 9dbd5372-55c2-4532-b354-9494d3d545d2: start LeaderElection
2019-10-30 11:52:55,495 [f26e10ed-fb17-49e6-a903-eadc130d13d1@group-83984122B78E-LeaderElection332] INFO  impl.LeaderElection (LeaderElection.java:logAndReturn(56)) - f26e10ed-fb17-49e6-a903-eadc130d13d1@group-83984122B78E-LeaderElection332: Election REJECTED; received 2 response(s) [f26e10ed-fb17-49e6-a903-eadc130d13d1<-4f16e274-8663-4a15-9c4c-c81f650ab979#0:FAIL-t183, f26e10ed-fb17-49e6-a903-eadc130d13d1<-4cc44201-a597-43af-a4ec-5b1b407a6250#0:FAIL-t183] and 0 exception(s); f26e10ed-fb17-49e6-a903-eadc130d13d1@group-83984122B78E:t183, leader=null, voted=f26e10ed-fb17-49e6-a903-eadc130d13d1, raftlog=f26e10ed-fb17-49e6-a903-eadc130d13d1@group-83984122B78E-SegmentedRaftLog:OPENED:c-1,f-1,i0, conf=-1: [4f16e274-8663-4a15-9c4c-c81f650ab979:192.168.157.220:38181, 4cc44201-a597-43af-a4ec-5b1b407a6250:192.168.157.220:36685, f26e10ed-fb17-49e6-a903-eadc130d13d1:192.168.157.220:32806], old=null
2019-10-30 11:52:55,495 [f26e10ed-fb17-49e6-a903-eadc130d13d1@group-83984122B78E-LeaderElection332] INFO  impl.RaftServerImpl (RaftServerImpl.java:setRole(184)) - f26e10ed-fb17-49e6-a903-eadc130d13d1@group-83984122B78E: changes role from CANDIDATE to FOLLOWER at term 183 for DISCOVERED_A_NEW_TERM
2019-10-30 11:52:55,495 [f26e10ed-fb17-49e6-a903-eadc130d13d1@group-83984122B78E-LeaderElection332] INFO  impl.RoleInfo (RoleInfo.java:shutdownLeaderElection(134)) - f26e10ed-fb17-49e6-a903-eadc130d13d1: shutdown LeaderElection
2019-10-30 11:52:55,495 [f26e10ed-fb17-49e6-a903-eadc130d13d1@group-83984122B78E-LeaderElection332] INFO  impl.RoleInfo (RoleInfo.java:updateAndGet(143)) - f26e10ed-fb17-49e6-a903-eadc130d13d1: start FollowerState
2019-10-30 11:52:55,509 [9dbd5372-55c2-4532-b354-9494d3d545d2@group-F367C8FA5986-LeaderElection333] INFO  impl.LeaderElection (LeaderElection.java:askForVotes(178)) - 9dbd5372-55c2-4532-b354-9494d3d545d2@group-F367C8FA5986-LeaderElection333: begin an election at term 168 for -1: [9b3ef6c9-0245-4756-bf80-45d41f7a4453:192.168.157.220:37058, cd11b2f5-3187-4d03-bd60-931991550c17:192.168.157.220:43236, 9dbd5372-55c2-4532-b354-9494d3d545d2:192.168.157.220:42993], old=null
2019-10-30 11:52:55,513 [Thread-2641] INFO  impl.FollowerState (FollowerState.java:run(108)) - f26e10ed-fb17-49e6-a903-eadc130d13d1@group-83984122B78E-FollowerState: change to CANDIDATE, lastRpcTime:17ms, electionTimeout:15ms
2019-10-30 11:52:55,513 [Thread-2641] INFO  impl.RoleInfo (RoleInfo.java:shutdownFollowerState(121)) - f26e10ed-fb17-49e6-a903-eadc130d13d1: shutdown FollowerState
2019-10-30 11:52:55,513 [Thread-2641] INFO  impl.RaftServerImpl (RaftServerImpl.java:setRole(184)) - f26e10ed-fb17-49e6-a903-eadc130d13d1@group-83984122B78E: changes role from  FOLLOWER to CANDIDATE at term 183 for changeToCandidate
2019-10-30 11:52:55,513 [Thread-2641] INFO  impl.RoleInfo (RoleInfo.java:updateAndGet(143)) - f26e10ed-fb17-49e6-a903-eadc130d13d1: start LeaderElection
2019-10-30 11:52:55,520 [grpc-default-executor-8] INFO  impl.RaftServerImpl (RaftServerImpl.java:setRole(184)) - 9b3ef6c9-0245-4756-bf80-45d41f7a4453@group-F367C8FA5986: changes role from  FOLLOWER to FOLLOWER at term 168 for recognizeCandidate:9dbd5372-55c2-4532-b354-9494d3d545d2
2019-10-30 11:52:55,520 [grpc-default-executor-8] INFO  impl.RoleInfo (RoleInfo.java:shutdownFollowerState(121)) - 9b3ef6c9-0245-4756-bf80-45d41f7a4453: shutdown FollowerState
2019-10-30 11:52:55,520 [grpc-default-executor-8] INFO  impl.RoleInfo (RoleInfo.java:updateAndGet(143)) - 9b3ef6c9-0245-4756-bf80-45d41f7a4453: start FollowerState
2019-10-30 11:52:55,524 [Thread-2624] INFO  impl.FollowerState (FollowerState.java:run(117)) - 9b3ef6c9-0245-4756-bf80-45d41f7a4453@group-F367C8FA5986-FollowerState was interrupted: java.lang.InterruptedException: sleep interrupted
2019-10-30 11:52:55,524 [grpc-default-executor-7] INFO  impl.RaftServerImpl (RaftServerImpl.java:setRole(184)) - cd11b2f5-3187-4d03-bd60-931991550c17@group-F367C8FA5986: changes role from  FOLLOWER to FOLLOWER at term 168 for recognizeCandidate:9dbd5372-55c2-4532-b354-9494d3d545d2
2019-10-30 11:52:55,524 [grpc-default-executor-7] INFO  impl.RoleInfo (RoleInfo.java:shutdownFollowerState(121)) - cd11b2f5-3187-4d03-bd60-931991550c17: shutdown FollowerState
2019-10-30 11:52:55,524 [grpc-default-executor-7] INFO  impl.RoleInfo (RoleInfo.java:updateAndGet(143)) - cd11b2f5-3187-4d03-bd60-931991550c17: start FollowerState
2019-10-30 11:52:55,525 [Thread-2625] INFO  impl.FollowerState (FollowerState.java:run(117)) - cd11b2f5-3187-4d03-bd60-931991550c17@group-F367C8FA5986-FollowerState was interrupted: java.lang.InterruptedException: sleep interrupted
2019-10-30 11:52:55,530 [f26e10ed-fb17-49e6-a903-eadc130d13d1@group-83984122B78E-LeaderElection334] INFO  impl.LeaderElection (LeaderElection.java:askForVotes(178)) - f26e10ed-fb17-49e6-a903-eadc130d13d1@group-83984122B78E-LeaderElection334: begin an election at term 184 for -1: [4f16e274-8663-4a15-9c4c-c81f650ab979:192.168.157.220:38181, 4cc44201-a597-43af-a4ec-5b1b407a6250:192.168.157.220:36685, f26e10ed-fb17-49e6-a903-eadc130d13d1:192.168.157.220:32806], old=null
2019-10-30 11:52:55,531 [9dbd5372-55c2-4532-b354-9494d3d545d2@group-F367C8FA5986-LeaderElection333] INFO  impl.LeaderElection (LeaderElection.java:logAndReturn(56)) - 9dbd5372-55c2-4532-b354-9494d3d545d2@group-F367C8FA5986-LeaderElection333: Election REJECTED; received 2 response(s) [9dbd5372-55c2-4532-b354-9494d3d545d2<-9b3ef6c9-0245-4756-bf80-45d41f7a4453#0:FAIL-t168, 9dbd5372-55c2-4532-b354-9494d3d545d2<-cd11b2f5-3187-4d03-bd60-931991550c17#0:FAIL-t168] and 0 exception(s); 9dbd5372-55c2-4532-b354-9494d3d545d2@group-F367C8FA5986:t168, leader=null, voted=9dbd5372-55c2-4532-b354-9494d3d545d2, raftlog=9dbd5372-55c2-4532-b354-9494d3d545d2@group-F367C8FA5986-SegmentedRaftLog:OPENED:c-1,f-1,i0, conf=-1: [9b3ef6c9-0245-4756-bf80-45d41f7a4453:192.168.157.220:37058, cd11b2f5-3187-4d03-bd60-931991550c17:192.168.157.220:43236, 9dbd5372-55c2-4532-b354-9494d3d545d2:192.168.157.220:42993], old=null
2019-10-30 11:52:55,532 [9dbd5372-55c2-4532-b354-9494d3d545d2@group-F367C8FA5986-LeaderElection333] INFO  impl.RaftServerImpl (RaftServerImpl.java:setRole(184)) - 9dbd5372-55c2-4532-b354-9494d3d545d2@group-F367C8FA5986: changes role from CANDIDATE to FOLLOWER at term 168 for DISCOVERED_A_NEW_TERM
2019-10-30 11:52:55,533 [9dbd5372-55c2-4532-b354-9494d3d545d2@group-F367C8FA5986-LeaderElection333] INFO  impl.RoleInfo (RoleInfo.java:shutdownLeaderElection(134)) - 9dbd5372-55c2-4532-b354-9494d3d545d2: shutdown LeaderElection
2019-10-30 11:52:55,533 [9dbd5372-55c2-4532-b354-9494d3d545d2@group-F367C8FA5986-LeaderElection333] INFO  impl.RoleInfo (RoleInfo.java:updateAndGet(143)) - 9dbd5372-55c2-4532-b354-9494d3d545d2: start FollowerState
2019-10-30 11:52:55,536 [grpc-default-executor-7] INFO  impl.RaftServerImpl (RaftServerImpl.java:setRole(184)) - 4f16e274-8663-4a15-9c4c-c81f650ab979@group-83984122B78E: changes role from  FOLLOWER to FOLLOWER at term 184 for recognizeCandidate:f26e10ed-fb17-49e6-a903-eadc130d13d1
2019-10-30 11:52:55,538 [grpc-default-executor-7] INFO  impl.RoleInfo (RoleInfo.java:shutdownFollowerState(121)) - 4f16e274-8663-4a15-9c4c-c81f650ab979: shutdown FollowerState
2019-10-30 11:52:55,538 [Thread-2638] INFO  impl.FollowerState (FollowerState.java:run(117)) - 4f16e274-8663-4a15-9c4c-c81f650ab979@group-83984122B78E-FollowerState was interrupted: java.lang.InterruptedException: sleep interrupted
2019-10-30 11:52:55,538 [grpc-default-executor-7] INFO  impl.RoleInfo (RoleInfo.java:updateAndGet(143)) - 4f16e274-8663-4a15-9c4c-c81f650ab979: start FollowerState
2019-10-30 11:52:55,547 [grpc-default-executor-7] INFO  impl.RaftServerImpl (RaftServerImpl.java:setRole(184)) - 4cc44201-a597-43af-a4ec-5b1b407a6250@group-83984122B78E: changes role from  FOLLOWER to FOLLOWER at term 184 for recognizeCandidate:f26e10ed-fb17-49e6-a903-eadc130d13d1
2019-10-30 11:52:55,547 [grpc-default-executor-7] INFO  impl.RoleInfo (RoleInfo.java:shutdownFollowerState(121)) - 4cc44201-a597-43af-a4ec-5b1b407a6250: shutdown FollowerState
2019-10-30 11:52:55,547 [grpc-default-executor-7] INFO  impl.RoleInfo (RoleInfo.java:updateAndGet(143)) - 4cc44201-a597-43af-a4ec-5b1b407a6250: start FollowerState
2019-10-30 11:52:55,547 [Thread-2639] INFO  impl.FollowerState (FollowerState.java:run(117)) - 4cc44201-a597-43af-a4ec-5b1b407a6250@group-83984122B78E-FollowerState was interrupted: java.lang.InterruptedException: sleep interrupted
2019-10-30 11:52:55,560 [Thread-2649] INFO  impl.FollowerState (FollowerState.java:run(108)) - 9dbd5372-55c2-4532-b354-9494d3d545d2@group-F367C8FA5986-FollowerState: change to CANDIDATE, lastRpcTime:26ms, electionTimeout:24ms
2019-10-30 11:52:55,560 [Thread-2649] INFO  impl.RoleInfo (RoleInfo.java:shutdownFollowerState(121)) - 9dbd5372-55c2-4532-b354-9494d3d545d2: shutdown FollowerState
2019-10-30 11:52:55,560 [Thread-2649] INFO  impl.RaftServerImpl (RaftServerImpl.java:setRole(184)) - 9dbd5372-55c2-4532-b354-9494d3d545d2@group-F367C8FA5986: changes role from  FOLLOWER to CANDIDATE at term 168 for changeToCandidate
2019-10-30 11:52:55,560 [Thread-2649] INFO  impl.RoleInfo (RoleInfo.java:updateAndGet(143)) - 9dbd5372-55c2-4532-b354-9494d3d545d2: start LeaderElection
2019-10-30 11:52:55,579 [f26e10ed-fb17-49e6-a903-eadc130d13d1@group-83984122B78E-LeaderElection334] INFO  impl.LeaderElection (LeaderElection.java:logAndReturn(56)) - f26e10ed-fb17-49e6-a903-eadc130d13d1@group-83984122B78E-LeaderElection334: Election REJECTED; received 2 response(s) [f26e10ed-fb17-49e6-a903-eadc130d13d1<-4f16e274-8663-4a15-9c4c-c81f650ab979#0:FAIL-t184, f26e10ed-fb17-49e6-a903-eadc130d13d1<-4cc44201-a597-43af-a4ec-5b1b407a6250#0:FAIL-t184] and 0 exception(s); f26e10ed-fb17-49e6-a903-eadc130d13d1@group-83984122B78E:t184, leader=null, voted=f26e10ed-fb17-49e6-a903-eadc130d13d1, raftlog=f26e10ed-fb17-49e6-a903-eadc130d13d1@group-83984122B78E-SegmentedRaftLog:OPENED:c-1,f-1,i0, conf=-1: [4f16e274-8663-4a15-9c4c-c81f650ab979:192.168.157.220:38181, 4cc44201-a597-43af-a4ec-5b1b407a6250:192.168.157.220:36685, f26e10ed-fb17-49e6-a903-eadc130d13d1:192.168.157.220:32806], old=null
2019-10-30 11:52:55,579 [f26e10ed-fb17-49e6-a903-eadc130d13d1@group-83984122B78E-LeaderElection334] INFO  impl.RaftServerImpl (RaftServerImpl.java:setRole(184)) - f26e10ed-fb17-49e6-a903-eadc130d13d1@group-83984122B78E: changes role from CANDIDATE to FOLLOWER at term 184 for DISCOVERED_A_NEW_TERM
2019-10-30 11:52:55,579 [f26e10ed-fb17-49e6-a903-eadc130d13d1@group-83984122B78E-LeaderElection334] INFO  impl.RoleInfo (RoleInfo.java:shutdownLeaderElection(134)) - f26e10ed-fb17-49e6-a903-eadc130d13d1: shutdown LeaderElection
2019-10-30 11:52:55,579 [f26e10ed-fb17-49e6-a903-eadc130d13d1@group-83984122B78E-LeaderElection334] INFO  impl.RoleInfo (RoleInfo.java:updateAndGet(143)) - f26e10ed-fb17-49e6-a903-eadc130d13d1: start FollowerState
2019-10-30 11:52:55,589 [9dbd5372-55c2-4532-b354-9494d3d545d2@group-F367C8FA5986-LeaderElection335] INFO  impl.LeaderElection (LeaderElection.java:askForVotes(178)) - 9dbd5372-55c2-4532-b354-9494d3d545d2@group-F367C8FA5986-LeaderElection335: begin an election at term 169 for -1: [9b3ef6c9-0245-4756-bf80-45d41f7a4453:192.168.157.220:37058, cd11b2f5-3187-4d03-bd60-931991550c17:192.168.157.220:43236, 9dbd5372-55c2-4532-b354-9494d3d545d2:192.168.157.220:42993], old=null
2019-10-30 11:52:55,591 [grpc-default-executor-7] INFO  impl.RaftServerImpl (RaftServerImpl.java:setRole(184)) - 9b3ef6c9-0245-4756-bf80-45d41f7a4453@group-F367C8FA5986: changes role from  FOLLOWER to FOLLOWER at term 169 for recognizeCandidate:9dbd5372-55c2-4532-b354-9494d3d545d2
2019-10-30 11:52:55,591 [grpc-default-executor-7] INFO  impl.RoleInfo (RoleInfo.java:shutdownFollowerState(121)) - 9b3ef6c9-0245-4756-bf80-45d41f7a4453: shutdown FollowerState
2019-10-30 11:52:55,591 [grpc-default-executor-7] INFO  impl.RoleInfo (RoleInfo.java:updateAndGet(143)) - 9b3ef6c9-0245-4756-bf80-45d41f7a4453: start FollowerState
2019-10-30 11:52:55,592 [Thread-2645] INFO  impl.FollowerState (FollowerState.java:run(117)) - 9b3ef6c9-0245-4756-bf80-45d41f7a4453@group-F367C8FA5986-FollowerState was interrupted: java.lang.InterruptedException: sleep interrupted
2019-10-30 11:52:55,594 [9dbd5372-55c2-4532-b354-9494d3d545d2@group-F367C8FA5986-LeaderElection335] INFO  impl.LeaderElection (LeaderElection.java:logAndReturn(56)) - 9dbd5372-55c2-4532-b354-9494d3d545d2@group-F367C8FA5986-LeaderElection335: Election TIMEOUT; received 0 response(s) [] and 0 exception(s); 9dbd5372-55c2-4532-b354-9494d3d545d2@group-F367C8FA5986:t169, leader=null, voted=9dbd5372-55c2-4532-b354-9494d3d545d2, raftlog=9dbd5372-55c2-4532-b354-9494d3d545d2@group-F367C8FA5986-SegmentedRaftLog:OPENED:c-1,f-1,i0, conf=-1: [9b3ef6c9-0245-4756-bf80-45d41f7a4453:192.168.157.220:37058, cd11b2f5-3187-4d03-bd60-931991550c17:192.168.157.220:43236, 9dbd5372-55c2-4532-b354-9494d3d545d2:192.168.157.220:42993], old=null
2019-10-30 11:52:55,597 [grpc-default-executor-6] INFO  impl.RaftServerImpl (RaftServerImpl.java:setRole(184)) - cd11b2f5-3187-4d03-bd60-931991550c17@group-F367C8FA5986: changes role from  FOLLOWER to FOLLOWER at term 169 for recognizeCandidate:9dbd5372-55c2-4532-b354-9494d3d545d2
2019-10-30 11:52:55,598 [grpc-default-executor-6] INFO  impl.RoleInfo (RoleInfo.java:shutdownFollowerState(121)) - cd11b2f5-3187-4d03-bd60-931991550c17: shutdown FollowerState
2019-10-30 11:52:55,598 [grpc-default-executor-6] INFO  impl.RoleInfo (RoleInfo.java:updateAndGet(143)) - cd11b2f5-3187-4d03-bd60-931991550c17: start FollowerState
2019-10-30 11:52:55,598 [Thread-2646] INFO  impl.FollowerState (FollowerState.java:run(117)) - cd11b2f5-3187-4d03-bd60-931991550c17@group-F367C8FA5986-FollowerState was interrupted: java.lang.InterruptedException: sleep interrupted
2019-10-30 11:52:55,603 [9dbd5372-55c2-4532-b354-9494d3d545d2@group-F367C8FA5986-LeaderElection335] INFO  impl.LeaderElection (LeaderElection.java:askForVotes(178)) - 9dbd5372-55c2-4532-b354-9494d3d545d2@group-F367C8FA5986-LeaderElection335: begin an election at term 170 for -1: [9b3ef6c9-0245-4756-bf80-45d41f7a4453:192.168.157.220:37058, cd11b2f5-3187-4d03-bd60-931991550c17:192.168.157.220:43236, 9dbd5372-55c2-4532-b354-9494d3d545d2:192.168.157.220:42993], old=null
2019-10-30 11:52:55,607 [grpc-default-executor-6] INFO  impl.RaftServerImpl (RaftServerImpl.java:setRole(184)) - 9b3ef6c9-0245-4756-bf80-45d41f7a4453@group-F367C8FA5986: changes role from  FOLLOWER to FOLLOWER at term 170 for recognizeCandidate:9dbd5372-55c2-4532-b354-9494d3d545d2
2019-10-30 11:52:55,607 [grpc-default-executor-6] INFO  impl.RoleInfo (RoleInfo.java:shutdownFollowerState(121)) - 9b3ef6c9-0245-4756-bf80-45d41f7a4453: shutdown FollowerState
2019-10-30 11:52:55,607 [grpc-default-executor-6] INFO  impl.RoleInfo (RoleInfo.java:updateAndGet(143)) - 9b3ef6c9-0245-4756-bf80-45d41f7a4453: start FollowerState
2019-10-30 11:52:55,607 [grpc-default-executor-7] INFO  impl.RaftServerImpl (RaftServerImpl.java:setRole(184)) - cd11b2f5-3187-4d03-bd60-931991550c17@group-F367C8FA5986: changes role from  FOLLOWER to FOLLOWER at term 170 for recognizeCandidate:9dbd5372-55c2-4532-b354-9494d3d545d2
2019-10-30 11:52:55,607 [grpc-default-executor-7] INFO  impl.RoleInfo (RoleInfo.java:shutdownFollowerState(121)) - cd11b2f5-3187-4d03-bd60-931991550c17: shutdown FollowerState
2019-10-30 11:52:55,608 [Thread-2657] INFO  impl.FollowerState (FollowerState.java:run(117)) - 9b3ef6c9-0245-4756-bf80-45d41f7a4453@group-F367C8FA5986-FollowerState was interrupted: java.lang.InterruptedException: sleep interrupted
2019-10-30 11:52:55,608 [grpc-default-executor-7] INFO  impl.RoleInfo (RoleInfo.java:updateAndGet(143)) - cd11b2f5-3187-4d03-bd60-931991550c17: start FollowerState
2019-10-30 11:52:55,608 [Thread-2658] INFO  impl.FollowerState (FollowerState.java:run(117)) - cd11b2f5-3187-4d03-bd60-931991550c17@group-F367C8FA5986-FollowerState was interrupted: java.lang.InterruptedException: sleep interrupted
2019-10-30 11:52:55,625 [9dbd5372-55c2-4532-b354-9494d3d545d2@group-F367C8FA5986-LeaderElection335] INFO  impl.LeaderElection (LeaderElection.java:logAndReturn(56)) - 9dbd5372-55c2-4532-b354-9494d3d545d2@group-F367C8FA5986-LeaderElection335: Election REJECTED; received 2 response(s) [9dbd5372-55c2-4532-b354-9494d3d545d2<-9b3ef6c9-0245-4756-bf80-45d41f7a4453#0:FAIL-t170, 9dbd5372-55c2-4532-b354-9494d3d545d2<-cd11b2f5-3187-4d03-bd60-931991550c17#0:FAIL-t170] and 0 exception(s); 9dbd5372-55c2-4532-b354-9494d3d545d2@group-F367C8FA5986:t170, leader=null, voted=9dbd5372-55c2-4532-b354-9494d3d545d2, raftlog=9dbd5372-55c2-4532-b354-9494d3d545d2@group-F367C8FA5986-SegmentedRaftLog:OPENED:c-1,f-1,i0, conf=-1: [9b3ef6c9-0245-4756-bf80-45d41f7a4453:192.168.157.220:37058, cd11b2f5-3187-4d03-bd60-931991550c17:192.168.157.220:43236, 9dbd5372-55c2-4532-b354-9494d3d545d2:192.168.157.220:42993], old=null
2019-10-30 11:52:55,625 [9dbd5372-55c2-4532-b354-9494d3d545d2@group-F367C8FA5986-LeaderElection335] INFO  impl.RaftServerImpl (RaftServerImpl.java:setRole(184)) - 9dbd5372-55c2-4532-b354-9494d3d545d2@group-F367C8FA5986: changes role from CANDIDATE to FOLLOWER at term 170 for DISCOVERED_A_NEW_TERM
2019-10-30 11:52:55,625 [9dbd5372-55c2-4532-b354-9494d3d545d2@group-F367C8FA5986-LeaderElection335] INFO  impl.RoleInfo (RoleInfo.java:shutdownLeaderElection(134)) - 9dbd5372-55c2-4532-b354-9494d3d545d2: shutdown LeaderElection
2019-10-30 11:52:55,625 [9dbd5372-55c2-4532-b354-9494d3d545d2@group-F367C8FA5986-LeaderElection335] INFO  impl.RoleInfo (RoleInfo.java:updateAndGet(143)) - 9dbd5372-55c2-4532-b354-9494d3d545d2: start FollowerState
2019-10-30 11:52:55,668 [Thread-2653] INFO  impl.FollowerState (FollowerState.java:run(108)) - f26e10ed-fb17-49e6-a903-eadc130d13d1@group-83984122B78E-FollowerState: change to CANDIDATE, lastRpcTime:88ms, electionTimeout:85ms
2019-10-30 11:52:55,668 [Thread-2653] INFO  impl.RoleInfo (RoleInfo.java:shutdownFollowerState(121)) - f26e10ed-fb17-49e6-a903-eadc130d13d1: shutdown FollowerState
2019-10-30 11:52:55,668 [Thread-2653] INFO  impl.RaftServerImpl (RaftServerImpl.java:setRole(184)) - f26e10ed-fb17-49e6-a903-eadc130d13d1@group-83984122B78E: changes role from  FOLLOWER to CANDIDATE at term 184 for changeToCandidate
2019-10-30 11:52:55,669 [Thread-2653] INFO  impl.RoleInfo (RoleInfo.java:updateAndGet(143)) - f26e10ed-fb17-49e6-a903-eadc130d13d1: start LeaderElection
2019-10-30 11:52:55,682 [f26e10ed-fb17-49e6-a903-eadc130d13d1@group-83984122B78E-LeaderElection336] INFO  impl.LeaderElection (LeaderElection.java:askForVotes(178)) - f26e10ed-fb17-49e6-a903-eadc130d13d1@group-83984122B78E-LeaderElection336: begin an election at term 185 for -1: [4f16e274-8663-4a15-9c4c-c81f650ab979:192.168.157.220:38181, 4cc44201-a597-43af-a4ec-5b1b407a6250:192.168.157.220:36685, f26e10ed-fb17-49e6-a903-eadc130d13d1:192.168.157.220:32806], old=null
2019-10-30 11:52:55,684 [grpc-default-executor-7] INFO  impl.RaftServerImpl (RaftServerImpl.java:setRole(184)) - 4cc44201-a597-43af-a4ec-5b1b407a6250@group-83984122B78E: changes role from  FOLLOWER to FOLLOWER at term 185 for recognizeCandidate:f26e10ed-fb17-49e6-a903-eadc130d13d1
2019-10-30 11:52:55,684 [grpc-default-executor-6] INFO  impl.RaftServerImpl (RaftServerImpl.java:setRole(184)) - 4f16e274-8663-4a15-9c4c-c81f650ab979@group-83984122B78E: changes role from  FOLLOWER to FOLLOWER at term 185 for recognizeCandidate:f26e10ed-fb17-49e6-a903-eadc130d13d1
2019-10-30 11:52:55,684 [grpc-default-executor-6] INFO  impl.RoleInfo (RoleInfo.java:shutdownFollowerState(121)) - 4f16e274-8663-4a15-9c4c-c81f650ab979: shutdown FollowerState
2019-10-30 11:52:55,684 [grpc-default-executor-7] INFO  impl.RoleInfo (RoleInfo.java:shutdownFollowerState(121)) - 4cc44201-a597-43af-a4ec-5b1b407a6250: shutdown FollowerState
2019-10-30 11:52:55,684 [Thread-2650] INFO  impl.FollowerState (FollowerState.java:run(117)) - 4f16e274-8663-4a15-9c4c-c81f650ab979@group-83984122B78E-FollowerState was interrupted: java.lang.InterruptedException: sleep interrupted
2019-10-30 11:52:55,684 [grpc-default-executor-6] INFO  impl.RoleInfo (RoleInfo.java:updateAndGet(143)) - 4f16e274-8663-4a15-9c4c-c81f650ab979: start FollowerState
2019-10-30 11:52:55,684 [grpc-default-executor-7] INFO  impl.RoleInfo (RoleInfo.java:updateAndGet(143)) - 4cc44201-a597-43af-a4ec-5b1b407a6250: start FollowerState
2019-10-30 11:52:55,685 [Thread-2651] INFO  impl.FollowerState (FollowerState.java:run(117)) - 4cc44201-a597-43af-a4ec-5b1b407a6250@group-83984122B78E-FollowerState was interrupted: java.lang.InterruptedException: sleep interrupted
2019-10-30 11:52:55,704 [f26e10ed-fb17-49e6-a903-eadc130d13d1@group-83984122B78E-LeaderElection336] INFO  impl.LeaderElection (LeaderElection.java:logAndReturn(56)) - f26e10ed-fb17-49e6-a903-eadc130d13d1@group-83984122B78E-LeaderElection336: Election REJECTED; received 2 response(s) [f26e10ed-fb17-49e6-a903-eadc130d13d1<-4f16e274-8663-4a15-9c4c-c81f650ab979#0:FAIL-t185, f26e10ed-fb17-49e6-a903-eadc130d13d1<-4cc44201-a597-43af-a4ec-5b1b407a6250#0:FAIL-t185] and 0 exception(s); f26e10ed-fb17-49e6-a903-eadc130d13d1@group-83984122B78E:t185, leader=null, voted=f26e10ed-fb17-49e6-a903-eadc130d13d1, raftlog=f26e10ed-fb17-49e6-a903-eadc130d13d1@group-83984122B78E-SegmentedRaftLog:OPENED:c-1,f-1,i0, conf=-1: [4f16e274-8663-4a15-9c4c-c81f650ab979:192.168.157.220:38181, 4cc44201-a597-43af-a4ec-5b1b407a6250:192.168.157.220:36685, f26e10ed-fb17-49e6-a903-eadc130d13d1:192.168.157.220:32806], old=null
2019-10-30 11:52:55,704 [f26e10ed-fb17-49e6-a903-eadc130d13d1@group-83984122B78E-LeaderElection336] INFO  impl.RaftServerImpl (RaftServerImpl.java:setRole(184)) - f26e10ed-fb17-49e6-a903-eadc130d13d1@group-83984122B78E: changes role from CANDIDATE to FOLLOWER at term 185 for DISCOVERED_A_NEW_TERM
2019-10-30 11:52:55,704 [f26e10ed-fb17-49e6-a903-eadc130d13d1@group-83984122B78E-LeaderElection336] INFO  impl.RoleInfo (RoleInfo.java:shutdownLeaderElection(134)) - f26e10ed-fb17-49e6-a903-eadc130d13d1: shutdown LeaderElection
2019-10-30 11:52:55,704 [f26e10ed-fb17-49e6-a903-eadc130d13d1@group-83984122B78E-LeaderElection336] INFO  impl.RoleInfo (RoleInfo.java:updateAndGet(143)) - f26e10ed-fb17-49e6-a903-eadc130d13d1: start FollowerState
2019-10-30 11:52:55,738 [Thread-2664] INFO  impl.FollowerState (FollowerState.java:run(108)) - 9dbd5372-55c2-4532-b354-9494d3d545d2@group-F367C8FA5986-FollowerState: change to CANDIDATE, lastRpcTime:113ms, electionTimeout:112ms
2019-10-30 11:52:55,739 [Thread-2664] INFO  impl.RoleInfo (RoleInfo.java:shutdownFollowerState(121)) - 9dbd5372-55c2-4532-b354-9494d3d545d2: shutdown FollowerState
2019-10-30 11:52:55,739 [Thread-2664] INFO  impl.RaftServerImpl (RaftServerImpl.java:setRole(184)) - 9dbd5372-55c2-4532-b354-9494d3d545d2@group-F367C8FA5986: changes role from  FOLLOWER to CANDIDATE at term 170 for changeToCandidate
2019-10-30 11:52:55,739 [Thread-2664] INFO  impl.RoleInfo (RoleInfo.java:updateAndGet(143)) - 9dbd5372-55c2-4532-b354-9494d3d545d2: start LeaderElection
2019-10-30 11:52:55,760 [9dbd5372-55c2-4532-b354-9494d3d545d2@group-F367C8FA5986-LeaderElection337] INFO  impl.LeaderElection (LeaderElection.java:askForVotes(178)) - 9dbd5372-55c2-4532-b354-9494d3d545d2@group-F367C8FA5986-LeaderElection337: begin an election at term 171 for -1: [9b3ef6c9-0245-4756-bf80-45d41f7a4453:192.168.157.220:37058, cd11b2f5-3187-4d03-bd60-931991550c17:192.168.157.220:43236, 9dbd5372-55c2-4532-b354-9494d3d545d2:192.168.157.220:42993], old=null
2019-10-30 11:52:55,765 [grpc-default-executor-6] INFO  impl.RaftServerImpl (RaftServerImpl.java:setRole(184)) - 9b3ef6c9-0245-4756-bf80-45d41f7a4453@group-F367C8FA5986: changes role from  FOLLOWER to FOLLOWER at term 171 for recognizeCandidate:9dbd5372-55c2-4532-b354-9494d3d545d2
2019-10-30 11:52:55,765 [grpc-default-executor-6] INFO  impl.RoleInfo (RoleInfo.java:shutdownFollowerState(121)) - 9b3ef6c9-0245-4756-bf80-45d41f7a4453: shutdown FollowerState
2019-10-30 11:52:55,765 [grpc-default-executor-6] INFO  impl.RoleInfo (RoleInfo.java:updateAndGet(143)) - 9b3ef6c9-0245-4756-bf80-45d41f7a4453: start FollowerState
2019-10-30 11:52:55,765 [Thread-2662] INFO  impl.FollowerState (FollowerState.java:run(117)) - 9b3ef6c9-0245-4756-bf80-45d41f7a4453@group-F367C8FA5986-FollowerState was interrupted: java.lang.InterruptedException: sleep interrupted
2019-10-30 11:52:55,766 [grpc-default-executor-7] INFO  impl.RaftServerImpl (RaftServerImpl.java:setRole(184)) - cd11b2f5-3187-4d03-bd60-931991550c17@group-F367C8FA5986: changes role from  FOLLOWER to FOLLOWER at term 171 for recognizeCandidate:9dbd5372-55c2-4532-b354-9494d3d545d2
2019-10-30 11:52:55,766 [grpc-default-executor-7] INFO  impl.RoleInfo (RoleInfo.java:shutdownFollowerState(121)) - cd11b2f5-3187-4d03-bd60-931991550c17: shutdown FollowerState
2019-10-30 11:52:55,766 [grpc-default-executor-7] INFO  impl.RoleInfo (RoleInfo.java:updateAndGet(143)) - cd11b2f5-3187-4d03-bd60-931991550c17: start FollowerState
2019-10-30 11:52:55,766 [Thread-2663] INFO  impl.FollowerState (FollowerState.java:run(117)) - cd11b2f5-3187-4d03-bd60-931991550c17@group-F367C8FA5986-FollowerState was interrupted: java.lang.InterruptedException: sleep interrupted
2019-10-30 11:52:55,781 [9dbd5372-55c2-4532-b354-9494d3d545d2@group-F367C8FA5986-LeaderElection337] INFO  impl.LeaderElection (LeaderElection.java:logAndReturn(56)) - 9dbd5372-55c2-4532-b354-9494d3d545d2@group-F367C8FA5986-LeaderElection337: Election REJECTED; received 2 response(s) [9dbd5372-55c2-4532-b354-9494d3d545d2<-9b3ef6c9-0245-4756-bf80-45d41f7a4453#0:FAIL-t171, 9dbd5372-55c2-4532-b354-9494d3d545d2<-cd11b2f5-3187-4d03-bd60-931991550c17#0:FAIL-t171] and 0 exception(s); 9dbd5372-55c2-4532-b354-9494d3d545d2@group-F367C8FA5986:t171, leader=null, voted=9dbd5372-55c2-4532-b354-9494d3d545d2, raftlog=9dbd5372-55c2-4532-b354-9494d3d545d2@group-F367C8FA5986-SegmentedRaftLog:OPENED:c-1,f-1,i0, conf=-1: [9b3ef6c9-0245-4756-bf80-45d41f7a4453:192.168.157.220:37058, cd11b2f5-3187-4d03-bd60-931991550c17:192.168.157.220:43236, 9dbd5372-55c2-4532-b354-9494d3d545d2:192.168.157.220:42993], old=null
2019-10-30 11:52:55,781 [9dbd5372-55c2-4532-b354-9494d3d545d2@group-F367C8FA5986-LeaderElection337] INFO  impl.RaftServerImpl (RaftServerImpl.java:setRole(184)) - 9dbd5372-55c2-4532-b354-9494d3d545d2@group-F367C8FA5986: changes role from CANDIDATE to FOLLOWER at term 171 for DISCOVERED_A_NEW_TERM
2019-10-30 11:52:55,781 [9dbd5372-55c2-4532-b354-9494d3d545d2@group-F367C8FA5986-LeaderElection337] INFO  impl.RoleInfo (RoleInfo.java:shutdownLeaderElection(134)) - 9dbd5372-55c2-4532-b354-9494d3d545d2: shutdown LeaderElection
2019-10-30 11:52:55,781 [9dbd5372-55c2-4532-b354-9494d3d545d2@group-F367C8FA5986-LeaderElection337] INFO  impl.RoleInfo (RoleInfo.java:updateAndGet(143)) - 9dbd5372-55c2-4532-b354-9494d3d545d2: start FollowerState
2019-10-30 11:52:55,818 [Thread-2676] INFO  impl.FollowerState (FollowerState.java:run(108)) - 9dbd5372-55c2-4532-b354-9494d3d545d2@group-F367C8FA5986-FollowerState: change to CANDIDATE, lastRpcTime:36ms, electionTimeout:33ms
2019-10-30 11:52:55,818 [Thread-2676] INFO  impl.RoleInfo (RoleInfo.java:shutdownFollowerState(121)) - 9dbd5372-55c2-4532-b354-9494d3d545d2: shutdown FollowerState
2019-10-30 11:52:55,818 [Thread-2676] INFO  impl.RaftServerImpl (RaftServerImpl.java:setRole(184)) - 9dbd5372-55c2-4532-b354-9494d3d545d2@group-F367C8FA5986: changes role from  FOLLOWER to CANDIDATE at term 171 for changeToCandidate
2019-10-30 11:52:55,818 [Thread-2676] INFO  impl.RoleInfo (RoleInfo.java:updateAndGet(143)) - 9dbd5372-55c2-4532-b354-9494d3d545d2: start LeaderElection
2019-10-30 11:52:55,824 [9dbd5372-55c2-4532-b354-9494d3d545d2@group-F367C8FA5986-LeaderElection338] INFO  impl.LeaderElection (LeaderElection.java:askForVotes(178)) - 9dbd5372-55c2-4532-b354-9494d3d545d2@group-F367C8FA5986-LeaderElection338: begin an election at term 172 for -1: [9b3ef6c9-0245-4756-bf80-45d41f7a4453:192.168.157.220:37058, cd11b2f5-3187-4d03-bd60-931991550c17:192.168.157.220:43236, 9dbd5372-55c2-4532-b354-9494d3d545d2:192.168.157.220:42993], old=null
2019-10-30 11:52:55,829 [grpc-default-executor-6] INFO  impl.RaftServerImpl (RaftServerImpl.java:setRole(184)) - 9b3ef6c9-0245-4756-bf80-45d41f7a4453@group-F367C8FA5986: changes role from  FOLLOWER to FOLLOWER at term 172 for recognizeCandidate:9dbd5372-55c2-4532-b354-9494d3d545d2
2019-10-30 11:52:55,829 [grpc-default-executor-6] INFO  impl.RoleInfo (RoleInfo.java:shutdownFollowerState(121)) - 9b3ef6c9-0245-4756-bf80-45d41f7a4453: shutdown FollowerState
2019-10-30 11:52:55,830 [grpc-default-executor-6] INFO  impl.RoleInfo (RoleInfo.java:updateAndGet(143)) - 9b3ef6c9-0245-4756-bf80-45d41f7a4453: start FollowerState
2019-10-30 11:52:55,831 [Thread-2674] INFO  impl.FollowerState (FollowerState.java:run(117)) - 9b3ef6c9-0245-4756-bf80-45d41f7a4453@group-F367C8FA5986-FollowerState was interrupted: java.lang.InterruptedException: sleep interrupted
2019-10-30 11:52:55,837 [grpc-default-executor-7] INFO  impl.RaftServerImpl (RaftServerImpl.java:setRole(184)) - cd11b2f5-3187-4d03-bd60-931991550c17@group-F367C8FA5986: changes role from  FOLLOWER to FOLLOWER at term 172 for recognizeCandidate:9dbd5372-55c2-4532-b354-9494d3d545d2
2019-10-30 11:52:55,837 [grpc-default-executor-7] INFO  impl.RoleInfo (RoleInfo.java:shutdownFollowerState(121)) - cd11b2f5-3187-4d03-bd60-931991550c17: shutdown FollowerState
2019-10-30 11:52:55,837 [grpc-default-executor-7] INFO  impl.RoleInfo (RoleInfo.java:updateAndGet(143)) - cd11b2f5-3187-4d03-bd60-931991550c17: start FollowerState
2019-10-30 11:52:55,838 [Thread-2670] INFO  impl.FollowerState (FollowerState.java:run(108)) - f26e10ed-fb17-49e6-a903-eadc130d13d1@group-83984122B78E-FollowerState: change to CANDIDATE, lastRpcTime:133ms, electionTimeout:133ms
2019-10-30 11:52:55,838 [Thread-2670] INFO  impl.RoleInfo (RoleInfo.java:shutdownFollowerState(121)) - f26e10ed-fb17-49e6-a903-eadc130d13d1: shutdown FollowerState
2019-10-30 11:52:55,838 [Thread-2670] INFO  impl.RaftServerImpl (RaftServerImpl.java:setRole(184)) - f26e10ed-fb17-49e6-a903-eadc130d13d1@group-83984122B78E: changes role from  FOLLOWER to CANDIDATE at term 185 for changeToCandidate
2019-10-30 11:52:55,838 [Thread-2670] INFO  impl.RoleInfo (RoleInfo.java:updateAndGet(143)) - f26e10ed-fb17-49e6-a903-eadc130d13d1: start LeaderElection
2019-10-30 11:52:55,839 [Thread-2675] INFO  impl.FollowerState (FollowerState.java:run(117)) - cd11b2f5-3187-4d03-bd60-931991550c17@group-F367C8FA5986-FollowerState was interrupted: java.lang.InterruptedException: sleep interrupted
2019-10-30 11:52:55,851 [f26e10ed-fb17-49e6-a903-eadc130d13d1@group-83984122B78E-LeaderElection339] INFO  impl.LeaderElection (LeaderElection.java:askForVotes(178)) - f26e10ed-fb17-49e6-a903-eadc130d13d1@group-83984122B78E-LeaderElection339: begin an election at term 186 for -1: [4f16e274-8663-4a15-9c4c-c81f650ab979:192.168.157.220:38181, 4cc44201-a597-43af-a4ec-5b1b407a6250:192.168.157.220:36685, f26e10ed-fb17-49e6-a903-eadc130d13d1:192.168.157.220:32806], old=null
2019-10-30 11:52:55,852 [9dbd5372-55c2-4532-b354-9494d3d545d2@group-F367C8FA5986-LeaderElection338] INFO  impl.LeaderElection (LeaderElection.java:logAndReturn(56)) - 9dbd5372-55c2-4532-b354-9494d3d545d2@group-F367C8FA5986-LeaderElection338: Election REJECTED; received 2 response(s) [9dbd5372-55c2-4532-b354-9494d3d545d2<-9b3ef6c9-0245-4756-bf80-45d41f7a4453#0:FAIL-t172, 9dbd5372-55c2-4532-b354-9494d3d545d2<-cd11b2f5-3187-4d03-bd60-931991550c17#0:FAIL-t172] and 0 exception(s); 9dbd5372-55c2-4532-b354-9494d3d545d2@group-F367C8FA5986:t172, leader=null, voted=9dbd5372-55c2-4532-b354-9494d3d545d2, raftlog=9dbd5372-55c2-4532-b354-9494d3d545d2@group-F367C8FA5986-SegmentedRaftLog:OPENED:c-1,f-1,i0, conf=-1: [9b3ef6c9-0245-4756-bf80-45d41f7a4453:192.168.157.220:37058, cd11b2f5-3187-4d03-bd60-931991550c17:192.168.157.220:43236, 9dbd5372-55c2-4532-b354-9494d3d545d2:192.168.157.220:42993], old=null
2019-10-30 11:52:55,852 [9dbd5372-55c2-4532-b354-9494d3d545d2@group-F367C8FA5986-LeaderElection338] INFO  impl.RaftServerImpl (RaftServerImpl.java:setRole(184)) - 9dbd5372-55c2-4532-b354-9494d3d545d2@group-F367C8FA5986: changes role from CANDIDATE to FOLLOWER at term 172 for DISCOVERED_A_NEW_TERM
2019-10-30 11:52:55,852 [9dbd5372-55c2-4532-b354-9494d3d545d2@group-F367C8FA5986-LeaderElection338] INFO  impl.RoleInfo (RoleInfo.java:shutdownLeaderElection(134)) - 9dbd5372-55c2-4532-b354-9494d3d545d2: shutdown LeaderElection
2019-10-30 11:52:55,852 [9dbd5372-55c2-4532-b354-9494d3d545d2@group-F367C8FA5986-LeaderElection338] INFO  impl.RoleInfo (RoleInfo.java:updateAndGet(143)) - 9dbd5372-55c2-4532-b354-9494d3d545d2: start FollowerState
2019-10-30 11:52:55,852 [grpc-default-executor-7] INFO  impl.RaftServerImpl (RaftServerImpl.java:setRole(184)) - 4cc44201-a597-43af-a4ec-5b1b407a6250@group-83984122B78E: changes role from  FOLLOWER to FOLLOWER at term 186 for recognizeCandidate:f26e10ed-fb17-49e6-a903-eadc130d13d1
2019-10-30 11:52:55,852 [grpc-default-executor-7] INFO  impl.RoleInfo (RoleInfo.java:shutdownFollowerState(121)) - 4cc44201-a597-43af-a4ec-5b1b407a6250: shutdown FollowerState
2019-10-30 11:52:55,854 [grpc-default-executor-7] INFO  impl.RoleInfo (RoleInfo.java:updateAndGet(143)) - 4cc44201-a597-43af-a4ec-5b1b407a6250: start FollowerState
2019-10-30 11:52:55,854 [Thread-2669] INFO  impl.FollowerState (FollowerState.java:run(117)) - 4cc44201-a597-43af-a4ec-5b1b407a6250@group-83984122B78E-FollowerState was interrupted: java.lang.InterruptedException: sleep interrupted
2019-10-30 11:52:55,855 [grpc-default-executor-6] INFO  impl.RaftServerImpl (RaftServerImpl.java:setRole(184)) - 4f16e274-8663-4a15-9c4c-c81f650ab979@group-83984122B78E: changes role from  FOLLOWER to FOLLOWER at term 186 for recognizeCandidate:f26e10ed-fb17-49e6-a903-eadc130d13d1
2019-10-30 11:52:55,855 [grpc-default-executor-6] INFO  impl.RoleInfo (RoleInfo.java:shutdownFollowerState(121)) - 4f16e274-8663-4a15-9c4c-c81f650ab979: shutdown FollowerState
2019-10-30 11:52:55,855 [grpc-default-executor-6] INFO  impl.RoleInfo (RoleInfo.java:updateAndGet(143)) - 4f16e274-8663-4a15-9c4c-c81f650ab979: start FollowerState
2019-10-30 11:52:55,855 [Thread-2668] INFO  impl.FollowerState (FollowerState.java:run(117)) - 4f16e274-8663-4a15-9c4c-c81f650ab979@group-83984122B78E-FollowerState was interrupted: java.lang.InterruptedException: sleep interrupted
2019-10-30 11:52:55,886 [f26e10ed-fb17-49e6-a903-eadc130d13d1@group-83984122B78E-LeaderElection339] INFO  impl.LeaderElection (LeaderElection.java:logAndReturn(56)) - f26e10ed-fb17-49e6-a903-eadc130d13d1@group-83984122B78E-LeaderElection339: Election REJECTED; received 2 response(s) [f26e10ed-fb17-49e6-a903-eadc130d13d1<-4f16e274-8663-4a15-9c4c-c81f650ab979#0:FAIL-t186, f26e10ed-fb17-49e6-a903-eadc130d13d1<-4cc44201-a597-43af-a4ec-5b1b407a6250#0:FAIL-t186] and 0 exception(s); f26e10ed-fb17-49e6-a903-eadc130d13d1@group-83984122B78E:t186, leader=null, voted=f26e10ed-fb17-49e6-a903-eadc130d13d1, raftlog=f26e10ed-fb17-49e6-a903-eadc130d13d1@group-83984122B78E-SegmentedRaftLog:OPENED:c-1,f-1,i0, conf=-1: [4f16e274-8663-4a15-9c4c-c81f650ab979:192.168.157.220:38181, 4cc44201-a597-43af-a4ec-5b1b407a6250:192.168.157.220:36685, f26e10ed-fb17-49e6-a903-eadc130d13d1:192.168.157.220:32806], old=null
2019-10-30 11:52:55,887 [f26e10ed-fb17-49e6-a903-eadc130d13d1@group-83984122B78E-LeaderElection339] INFO  impl.RaftServerImpl (RaftServerImpl.java:setRole(184)) - f26e10ed-fb17-49e6-a903-eadc130d13d1@group-83984122B78E: changes role from CANDIDATE to FOLLOWER at term 186 for DISCOVERED_A_NEW_TERM
2019-10-30 11:52:55,887 [f26e10ed-fb17-49e6-a903-eadc130d13d1@group-83984122B78E-LeaderElection339] INFO  impl.RoleInfo (RoleInfo.java:shutdownLeaderElection(134)) - f26e10ed-fb17-49e6-a903-eadc130d13d1: shutdown LeaderElection
2019-10-30 11:52:55,887 [f26e10ed-fb17-49e6-a903-eadc130d13d1@group-83984122B78E-LeaderElection339] INFO  impl.RoleInfo (RoleInfo.java:updateAndGet(143)) - f26e10ed-fb17-49e6-a903-eadc130d13d1: start FollowerState
2019-10-30 11:52:55,984 [Thread-2688] INFO  impl.FollowerState (FollowerState.java:run(108)) - f26e10ed-fb17-49e6-a903-eadc130d13d1@group-83984122B78E-FollowerState: change to CANDIDATE, lastRpcTime:97ms, electionTimeout:91ms
2019-10-30 11:52:55,984 [Thread-2688] INFO  impl.RoleInfo (RoleInfo.java:shutdownFollowerState(121)) - f26e10ed-fb17-49e6-a903-eadc130d13d1: shutdown FollowerState
2019-10-30 11:52:55,984 [Thread-2688] INFO  impl.RaftServerImpl (RaftServerImpl.java:setRole(184)) - f26e10ed-fb17-49e6-a903-eadc130d13d1@group-83984122B78E: changes role from  FOLLOWER to CANDIDATE at term 186 for changeToCandidate
2019-10-30 11:52:55,985 [Thread-2688] INFO  impl.RoleInfo (RoleInfo.java:updateAndGet(143)) - f26e10ed-fb17-49e6-a903-eadc130d13d1: start LeaderElection
2019-10-30 11:52:55,993 [f26e10ed-fb17-49e6-a903-eadc130d13d1@group-83984122B78E-LeaderElection340] INFO  impl.LeaderElection (LeaderElection.java:askForVotes(178)) - f26e10ed-fb17-49e6-a903-eadc130d13d1@group-83984122B78E-LeaderElection340: begin an election at term 187 for -1: [4f16e274-8663-4a15-9c4c-c81f650ab979:192.168.157.220:38181, 4cc44201-a597-43af-a4ec-5b1b407a6250:192.168.157.220:36685, f26e10ed-fb17-49e6-a903-eadc130d13d1:192.168.157.220:32806], old=null
2019-10-30 11:52:55,997 [grpc-default-executor-6] INFO  impl.RaftServerImpl (RaftServerImpl.java:setRole(184)) - 4f16e274-8663-4a15-9c4c-c81f650ab979@group-83984122B78E: changes role from  FOLLOWER to FOLLOWER at term 187 for recognizeCandidate:f26e10ed-fb17-49e6-a903-eadc130d13d1
2019-10-30 11:52:55,997 [grpc-default-executor-6] INFO  impl.RoleInfo (RoleInfo.java:shutdownFollowerState(121)) - 4f16e274-8663-4a15-9c4c-c81f650ab979: shutdown FollowerState
2019-10-30 11:52:55,997 [grpc-default-executor-6] INFO  impl.RoleInfo (RoleInfo.java:updateAndGet(143)) - 4f16e274-8663-4a15-9c4c-c81f650ab979: start FollowerState
2019-10-30 11:52:55,998 [Thread-2687] INFO  impl.FollowerState (FollowerState.java:run(117)) - 4f16e274-8663-4a15-9c4c-c81f650ab979@group-83984122B78E-FollowerState was interrupted: java.lang.InterruptedException: sleep interrupted
2019-10-30 11:52:55,998 [grpc-default-executor-7] INFO  impl.RaftServerImpl (RaftServerImpl.java:setRole(184)) - 4cc44201-a597-43af-a4ec-5b1b407a6250@group-83984122B78E: changes role from  FOLLOWER to FOLLOWER at term 187 for recognizeCandidate:f26e10ed-fb17-49e6-a903-eadc130d13d1
2019-10-30 11:52:55,998 [grpc-default-executor-7] INFO  impl.RoleInfo (RoleInfo.java:shutdownFollowerState(121)) - 4cc44201-a597-43af-a4ec-5b1b407a6250: shutdown FollowerState
2019-10-30 11:52:55,999 [grpc-default-executor-7] INFO  impl.RoleInfo (RoleInfo.java:updateAndGet(143)) - 4cc44201-a597-43af-a4ec-5b1b407a6250: start FollowerState
2019-10-30 11:52:55,999 [Thread-2686] INFO  impl.FollowerState (FollowerState.java:run(117)) - 4cc44201-a597-43af-a4ec-5b1b407a6250@group-83984122B78E-FollowerState was interrupted: java.lang.InterruptedException: sleep interrupted
2019-10-30 11:52:56,032 [Thread-2685] INFO  impl.FollowerState (FollowerState.java:run(108)) - 9dbd5372-55c2-4532-b354-9494d3d545d2@group-F367C8FA5986-FollowerState: change to CANDIDATE, lastRpcTime:179ms, electionTimeout:177ms
2019-10-30 11:52:56,032 [Thread-2685] INFO  impl.RoleInfo (RoleInfo.java:shutdownFollowerState(121)) - 9dbd5372-55c2-4532-b354-9494d3d545d2: shutdown FollowerState
2019-10-30 11:52:56,032 [Thread-2685] INFO  impl.RaftServerImpl (RaftServerImpl.java:setRole(184)) - 9dbd5372-55c2-4532-b354-9494d3d545d2@group-F367C8FA5986: changes role from  FOLLOWER to CANDIDATE at term 172 for changeToCandidate
2019-10-30 11:52:56,032 [Thread-2685] INFO  impl.RoleInfo (RoleInfo.java:updateAndGet(143)) - 9dbd5372-55c2-4532-b354-9494d3d545d2: start LeaderElection
2019-10-30 11:52:56,053 [f26e10ed-fb17-49e6-a903-eadc130d13d1@group-83984122B78E-LeaderElection340] INFO  impl.LeaderElection (LeaderElection.java:logAndReturn(56)) - f26e10ed-fb17-49e6-a903-eadc130d13d1@group-83984122B78E-LeaderElection340: Election REJECTED; received 2 response(s) [f26e10ed-fb17-49e6-a903-eadc130d13d1<-4f16e274-8663-4a15-9c4c-c81f650ab979#0:FAIL-t187, f26e10ed-fb17-49e6-a903-eadc130d13d1<-4cc44201-a597-43af-a4ec-5b1b407a6250#0:FAIL-t187] and 0 exception(s); f26e10ed-fb17-49e6-a903-eadc130d13d1@group-83984122B78E:t187, leader=null, voted=f26e10ed-fb17-49e6-a903-eadc130d13d1, raftlog=f26e10ed-fb17-49e6-a903-eadc130d13d1@group-83984122B78E-SegmentedRaftLog:OPENED:c-1,f-1,i0, conf=-1: [4f16e274-8663-4a15-9c4c-c81f650ab979:192.168.157.220:38181, 4cc44201-a597-43af-a4ec-5b1b407a6250:192.168.157.220:36685, f26e10ed-fb17-49e6-a903-eadc130d13d1:192.168.157.220:32806], old=null
2019-10-30 11:52:56,053 [f26e10ed-fb17-49e6-a903-eadc130d13d1@group-83984122B78E-LeaderElection340] INFO  impl.RaftServerImpl (RaftServerImpl.java:setRole(184)) - f26e10ed-fb17-49e6-a903-eadc130d13d1@group-83984122B78E: changes role from CANDIDATE to FOLLOWER at term 187 for DISCOVERED_A_NEW_TERM
2019-10-30 11:52:56,053 [f26e10ed-fb17-49e6-a903-eadc130d13d1@group-83984122B78E-LeaderElection340] INFO  impl.RoleInfo (RoleInfo.java:shutdownLeaderElection(134)) - f26e10ed-fb17-49e6-a903-eadc130d13d1: shutdown LeaderElection
2019-10-30 11:52:56,053 [f26e10ed-fb17-49e6-a903-eadc130d13d1@group-83984122B78E-LeaderElection340] INFO  impl.RoleInfo (RoleInfo.java:updateAndGet(143)) - f26e10ed-fb17-49e6-a903-eadc130d13d1: start FollowerState
2019-10-30 11:52:56,064 [9dbd5372-55c2-4532-b354-9494d3d545d2@group-F367C8FA5986-LeaderElection341] INFO  impl.LeaderElection (LeaderElection.java:askForVotes(178)) - 9dbd5372-55c2-4532-b354-9494d3d545d2@group-F367C8FA5986-LeaderElection341: begin an election at term 173 for -1: [9b3ef6c9-0245-4756-bf80-45d41f7a4453:192.168.157.220:37058, cd11b2f5-3187-4d03-bd60-931991550c17:192.168.157.220:43236, 9dbd5372-55c2-4532-b354-9494d3d545d2:192.168.157.220:42993], old=null
2019-10-30 11:52:56,070 [grpc-default-executor-7] INFO  impl.RaftServerImpl (RaftServerImpl.java:setRole(184)) - 9b3ef6c9-0245-4756-bf80-45d41f7a4453@group-F367C8FA5986: changes role from  FOLLOWER to FOLLOWER at term 173 for recognizeCandidate:9dbd5372-55c2-4532-b354-9494d3d545d2
2019-10-30 11:52:56,070 [grpc-default-executor-7] INFO  impl.RoleInfo (RoleInfo.java:shutdownFollowerState(121)) - 9b3ef6c9-0245-4756-bf80-45d41f7a4453: shutdown FollowerState
2019-10-30 11:52:56,072 [grpc-default-executor-7] INFO  impl.RoleInfo (RoleInfo.java:updateAndGet(143)) - 9b3ef6c9-0245-4756-bf80-45d41f7a4453: start FollowerState
2019-10-30 11:52:56,072 [Thread-2680] INFO  impl.FollowerState (FollowerState.java:run(117)) - 9b3ef6c9-0245-4756-bf80-45d41f7a4453@group-F367C8FA5986-FollowerState was interrupted: java.lang.InterruptedException: sleep interrupted
2019-10-30 11:52:56,073 [grpc-default-executor-6] INFO  impl.RaftServerImpl (RaftServerImpl.java:setRole(184)) - cd11b2f5-3187-4d03-bd60-931991550c17@group-F367C8FA5986: changes role from  FOLLOWER to FOLLOWER at term 173 for recognizeCandidate:9dbd5372-55c2-4532-b354-9494d3d545d2
2019-10-30 11:52:56,073 [grpc-default-executor-6] INFO  impl.RoleInfo (RoleInfo.java:shutdownFollowerState(121)) - cd11b2f5-3187-4d03-bd60-931991550c17: shutdown FollowerState
2019-10-30 11:52:56,074 [grpc-default-executor-6] INFO  impl.RoleInfo (RoleInfo.java:updateAndGet(143)) - cd11b2f5-3187-4d03-bd60-931991550c17: start FollowerState
2019-10-30 11:52:56,074 [Thread-2681] INFO  impl.FollowerState (FollowerState.java:run(117)) - cd11b2f5-3187-4d03-bd60-931991550c17@group-F367C8FA5986-FollowerState was interrupted: java.lang.InterruptedException: sleep interrupted
2019-10-30 11:52:56,096 [9dbd5372-55c2-4532-b354-9494d3d545d2@group-F367C8FA5986-LeaderElection341] INFO  impl.LeaderElection (LeaderElection.java:logAndReturn(56)) - 9dbd5372-55c2-4532-b354-9494d3d545d2@group-F367C8FA5986-LeaderElection341: Election REJECTED; received 2 response(s) [9dbd5372-55c2-4532-b354-9494d3d545d2<-9b3ef6c9-0245-4756-bf80-45d41f7a4453#0:FAIL-t173, 9dbd5372-55c2-4532-b354-9494d3d545d2<-cd11b2f5-3187-4d03-bd60-931991550c17#0:FAIL-t173] and 0 exception(s); 9dbd5372-55c2-4532-b354-9494d3d545d2@group-F367C8FA5986:t173, leader=null, voted=9dbd5372-55c2-4532-b354-9494d3d545d2, raftlog=9dbd5372-55c2-4532-b354-9494d3d545d2@group-F367C8FA5986-SegmentedRaftLog:OPENED:c-1,f-1,i0, conf=-1: [9b3ef6c9-0245-4756-bf80-45d41f7a4453:192.168.157.220:37058, cd11b2f5-3187-4d03-bd60-931991550c17:192.168.157.220:43236, 9dbd5372-55c2-4532-b354-9494d3d545d2:192.168.157.220:42993], old=null
2019-10-30 11:52:56,096 [9dbd5372-55c2-4532-b354-9494d3d545d2@group-F367C8FA5986-LeaderElection341] INFO  impl.RaftServerImpl (RaftServerImpl.java:setRole(184)) - 9dbd5372-55c2-4532-b354-9494d3d545d2@group-F367C8FA5986: changes role from CANDIDATE to FOLLOWER at term 173 for DISCOVERED_A_NEW_TERM
2019-10-30 11:52:56,096 [9dbd5372-55c2-4532-b354-9494d3d545d2@group-F367C8FA5986-LeaderElection341] INFO  impl.RoleInfo (RoleInfo.java:shutdownLeaderElection(134)) - 9dbd5372-55c2-4532-b354-9494d3d545d2: shutdown LeaderElection
2019-10-30 11:52:56,096 [9dbd5372-55c2-4532-b354-9494d3d545d2@group-F367C8FA5986-LeaderElection341] INFO  impl.RoleInfo (RoleInfo.java:updateAndGet(143)) - 9dbd5372-55c2-4532-b354-9494d3d545d2: start FollowerState
2019-10-30 11:52:56,156 [Thread-2695] INFO  impl.FollowerState (FollowerState.java:run(108)) - f26e10ed-fb17-49e6-a903-eadc130d13d1@group-83984122B78E-FollowerState: change to CANDIDATE, lastRpcTime:102ms, electionTimeout:99ms
2019-10-30 11:52:56,156 [Thread-2695] INFO  impl.RoleInfo (RoleInfo.java:shutdownFollowerState(121)) - f26e10ed-fb17-49e6-a903-eadc130d13d1: shutdown FollowerState
2019-10-30 11:52:56,156 [Thread-2695] INFO  impl.RaftServerImpl (RaftServerImpl.java:setRole(184)) - f26e10ed-fb17-49e6-a903-eadc130d13d1@group-83984122B78E: changes role from  FOLLOWER to CANDIDATE at term 187 for changeToCandidate
2019-10-30 11:52:56,156 [Thread-2695] INFO  impl.RoleInfo (RoleInfo.java:updateAndGet(143)) - f26e10ed-fb17-49e6-a903-eadc130d13d1: start LeaderElection
2019-10-30 11:52:56,190 [f26e10ed-fb17-49e6-a903-eadc130d13d1@group-83984122B78E-LeaderElection342] INFO  impl.LeaderElection (LeaderElection.java:askForVotes(178)) - f26e10ed-fb17-49e6-a903-eadc130d13d1@group-83984122B78E-LeaderElection342: begin an election at term 188 for -1: [4f16e274-8663-4a15-9c4c-c81f650ab979:192.168.157.220:38181, 4cc44201-a597-43af-a4ec-5b1b407a6250:192.168.157.220:36685, f26e10ed-fb17-49e6-a903-eadc130d13d1:192.168.157.220:32806], old=null
2019-10-30 11:52:56,195 [grpc-default-executor-6] INFO  impl.RaftServerImpl (RaftServerImpl.java:setRole(184)) - 4f16e274-8663-4a15-9c4c-c81f650ab979@group-83984122B78E: changes role from  FOLLOWER to FOLLOWER at term 188 for recognizeCandidate:f26e10ed-fb17-49e6-a903-eadc130d13d1
2019-10-30 11:52:56,195 [grpc-default-executor-6] INFO  impl.RoleInfo (RoleInfo.java:shutdownFollowerState(121)) - 4f16e274-8663-4a15-9c4c-c81f650ab979: shutdown FollowerState
2019-10-30 11:52:56,196 [grpc-default-executor-6] INFO  impl.RoleInfo (RoleInfo.java:updateAndGet(143)) - 4f16e274-8663-4a15-9c4c-c81f650ab979: start FollowerState
2019-10-30 11:52:56,196 [Thread-2692] INFO  impl.FollowerState (FollowerState.java:run(117)) - 4f16e274-8663-4a15-9c4c-c81f650ab979@group-83984122B78E-FollowerState was interrupted: java.lang.InterruptedException: sleep interrupted
2019-10-30 11:52:56,198 [f26e10ed-fb17-49e6-a903-eadc130d13d1@group-83984122B78E-LeaderElection342] INFO  impl.LeaderElection (LeaderElection.java:logAndReturn(56)) - f26e10ed-fb17-49e6-a903-eadc130d13d1@group-83984122B78E-LeaderElection342: Election TIMEOUT; received 0 response(s) [] and 0 exception(s); f26e10ed-fb17-49e6-a903-eadc130d13d1@group-83984122B78E:t188, leader=null, voted=f26e10ed-fb17-49e6-a903-eadc130d13d1, raftlog=f26e10ed-fb17-49e6-a903-eadc130d13d1@group-83984122B78E-SegmentedRaftLog:OPENED:c-1,f-1,i0, conf=-1: [4f16e274-8663-4a15-9c4c-c81f650ab979:192.168.157.220:38181, 4cc44201-a597-43af-a4ec-5b1b407a6250:192.168.157.220:36685, f26e10ed-fb17-49e6-a903-eadc130d13d1:192.168.157.220:32806], old=null
2019-10-30 11:52:56,199 [grpc-default-executor-7] INFO  impl.RaftServerImpl (RaftServerImpl.java:setRole(184)) - 4cc44201-a597-43af-a4ec-5b1b407a6250@group-83984122B78E: changes role from  FOLLOWER to FOLLOWER at term 188 for recognizeCandidate:f26e10ed-fb17-49e6-a903-eadc130d13d1
2019-10-30 11:52:56,199 [grpc-default-executor-7] INFO  impl.RoleInfo (RoleInfo.java:shutdownFollowerState(121)) - 4cc44201-a597-43af-a4ec-5b1b407a6250: shutdown FollowerState
2019-10-30 11:52:56,200 [grpc-default-executor-7] INFO  impl.RoleInfo (RoleInfo.java:updateAndGet(143)) - 4cc44201-a597-43af-a4ec-5b1b407a6250: start FollowerState
2019-10-30 11:52:56,200 [Thread-2693] INFO  impl.FollowerState (FollowerState.java:run(117)) - 4cc44201-a597-43af-a4ec-5b1b407a6250@group-83984122B78E-FollowerState was interrupted: java.lang.InterruptedException: sleep interrupted
2019-10-30 11:52:56,209 [f26e10ed-fb17-49e6-a903-eadc130d13d1@group-83984122B78E-LeaderElection342] INFO  impl.LeaderElection (LeaderElection.java:askForVotes(178)) - f26e10ed-fb17-49e6-a903-eadc130d13d1@group-83984122B78E-LeaderElection342: begin an election at term 189 for -1: [4f16e274-8663-4a15-9c4c-c81f650ab979:192.168.157.220:38181, 4cc44201-a597-43af-a4ec-5b1b407a6250:192.168.157.220:36685, f26e10ed-fb17-49e6-a903-eadc130d13d1:192.168.157.220:32806], old=null
2019-10-30 11:52:56,214 [grpc-default-executor-6] INFO  impl.RaftServerImpl (RaftServerImpl.java:setRole(184)) - 4f16e274-8663-4a15-9c4c-c81f650ab979@group-83984122B78E: changes role from  FOLLOWER to FOLLOWER at term 189 for recognizeCandidate:f26e10ed-fb17-49e6-a903-eadc130d13d1
2019-10-30 11:52:56,214 [grpc-default-executor-6] INFO  impl.RoleInfo (RoleInfo.java:shutdownFollowerState(121)) - 4f16e274-8663-4a15-9c4c-c81f650ab979: shutdown FollowerState
2019-10-30 11:52:56,214 [grpc-default-executor-6] INFO  impl.RoleInfo (RoleInfo.java:updateAndGet(143)) - 4f16e274-8663-4a15-9c4c-c81f650ab979: start FollowerState
2019-10-30 11:52:56,215 [Thread-2706] INFO  impl.FollowerState (FollowerState.java:run(117)) - 4f16e274-8663-4a15-9c4c-c81f650ab979@group-83984122B78E-FollowerState was interrupted: java.lang.InterruptedException: sleep interrupted
2019-10-30 11:52:56,219 [grpc-default-executor-8] INFO  impl.RaftServerImpl (RaftServerImpl.java:setRole(184)) - 4cc44201-a597-43af-a4ec-5b1b407a6250@group-83984122B78E: changes role from  FOLLOWER to FOLLOWER at term 189 for recognizeCandidate:f26e10ed-fb17-49e6-a903-eadc130d13d1
2019-10-30 11:52:56,220 [grpc-default-executor-8] INFO  impl.RoleInfo (RoleInfo.java:shutdownFollowerState(121)) - 4cc44201-a597-43af-a4ec-5b1b407a6250: shutdown FollowerState
2019-10-30 11:52:56,220 [grpc-default-executor-8] INFO  impl.RoleInfo (RoleInfo.java:updateAndGet(143)) - 4cc44201-a597-43af-a4ec-5b1b407a6250: start FollowerState
2019-10-30 11:52:56,222 [Thread-2707] INFO  impl.FollowerState (FollowerState.java:run(117)) - 4cc44201-a597-43af-a4ec-5b1b407a6250@group-83984122B78E-FollowerState was interrupted: java.lang.InterruptedException: sleep interrupted
2019-10-30 11:52:56,238 [f26e10ed-fb17-49e6-a903-eadc130d13d1@group-83984122B78E-LeaderElection342] INFO  impl.LeaderElection (LeaderElection.java:logAndReturn(56)) - f26e10ed-fb17-49e6-a903-eadc130d13d1@group-83984122B78E-LeaderElection342: Election TIMEOUT; received 1 response(s) [f26e10ed-fb17-49e6-a903-eadc130d13d1<-4f16e274-8663-4a15-9c4c-c81f650ab979#0:FAIL-t189] and 0 exception(s); f26e10ed-fb17-49e6-a903-eadc130d13d1@group-83984122B78E:t189, leader=null, voted=f26e10ed-fb17-49e6-a903-eadc130d13d1, raftlog=f26e10ed-fb17-49e6-a903-eadc130d13d1@group-83984122B78E-SegmentedRaftLog:OPENED:c-1,f-1,i0, conf=-1: [4f16e274-8663-4a15-9c4c-c81f650ab979:192.168.157.220:38181, 4cc44201-a597-43af-a4ec-5b1b407a6250:192.168.157.220:36685, f26e10ed-fb17-49e6-a903-eadc130d13d1:192.168.157.220:32806], old=null
2019-10-30 11:52:56,256 [f26e10ed-fb17-49e6-a903-eadc130d13d1@group-83984122B78E-LeaderElection342] INFO  impl.LeaderElection (LeaderElection.java:askForVotes(178)) - f26e10ed-fb17-49e6-a903-eadc130d13d1@group-83984122B78E-LeaderElection342: begin an election at term 190 for -1: [4f16e274-8663-4a15-9c4c-c81f650ab979:192.168.157.220:38181, 4cc44201-a597-43af-a4ec-5b1b407a6250:192.168.157.220:36685, f26e10ed-fb17-49e6-a903-eadc130d13d1:192.168.157.220:32806], old=null
2019-10-30 11:52:56,261 [grpc-default-executor-6] INFO  impl.RaftServerImpl (RaftServerImpl.java:setRole(184)) - 4f16e274-8663-4a15-9c4c-c81f650ab979@group-83984122B78E: changes role from  FOLLOWER to FOLLOWER at term 190 for recognizeCandidate:f26e10ed-fb17-49e6-a903-eadc130d13d1
2019-10-30 11:52:56,261 [grpc-default-executor-6] INFO  impl.RoleInfo (RoleInfo.java:shutdownFollowerState(121)) - 4f16e274-8663-4a15-9c4c-c81f650ab979: shutdown FollowerState
2019-10-30 11:52:56,261 [grpc-default-executor-6] INFO  impl.RoleInfo (RoleInfo.java:updateAndGet(143)) - 4f16e274-8663-4a15-9c4c-c81f650ab979: start FollowerState
2019-10-30 11:52:56,261 [Thread-2710] INFO  impl.FollowerState (FollowerState.java:run(117)) - 4f16e274-8663-4a15-9c4c-c81f650ab979@group-83984122B78E-FollowerState was interrupted: java.lang.InterruptedException: sleep interrupted
2019-10-30 11:52:56,263 [grpc-default-executor-8] INFO  impl.RaftServerImpl (RaftServerImpl.java:setRole(184)) - 4cc44201-a597-43af-a4ec-5b1b407a6250@group-83984122B78E: changes role from  FOLLOWER to FOLLOWER at term 190 for recognizeCandidate:f26e10ed-fb17-49e6-a903-eadc130d13d1
2019-10-30 11:52:56,263 [grpc-default-executor-8] INFO  impl.RoleInfo (RoleInfo.java:shutdownFollowerState(121)) - 4cc44201-a597-43af-a4ec-5b1b407a6250: shutdown FollowerState
2019-10-30 11:52:56,264 [grpc-default-executor-8] INFO  impl.RoleInfo (RoleInfo.java:updateAndGet(143)) - 4cc44201-a597-43af-a4ec-5b1b407a6250: start FollowerState
2019-10-30 11:52:56,266 [Thread-2711] INFO  impl.FollowerState (FollowerState.java:run(117)) - 4cc44201-a597-43af-a4ec-5b1b407a6250@group-83984122B78E-FollowerState was interrupted: java.lang.InterruptedException: sleep interrupted
2019-10-30 11:52:56,277 [Thread-2700] INFO  impl.FollowerState (FollowerState.java:run(108)) - 9dbd5372-55c2-4532-b354-9494d3d545d2@group-F367C8FA5986-FollowerState: change to CANDIDATE, lastRpcTime:180ms, electionTimeout:167ms
2019-10-30 11:52:56,277 [Thread-2700] INFO  impl.RoleInfo (RoleInfo.java:shutdownFollowerState(121)) - 9dbd5372-55c2-4532-b354-9494d3d545d2: shutdown FollowerState
2019-10-30 11:52:56,277 [Thread-2700] INFO  impl.RaftServerImpl (RaftServerImpl.java:setRole(184)) - 9dbd5372-55c2-4532-b354-9494d3d545d2@group-F367C8FA5986: changes role from  FOLLOWER to CANDIDATE at term 173 for changeToCandidate
2019-10-30 11:52:56,277 [Thread-2700] INFO  impl.RoleInfo (RoleInfo.java:updateAndGet(143)) - 9dbd5372-55c2-4532-b354-9494d3d545d2: start LeaderElection
2019-10-30 11:52:56,291 [f26e10ed-fb17-49e6-a903-eadc130d13d1@group-83984122B78E-LeaderElection342] INFO  impl.LeaderElection (LeaderElection.java:logAndReturn(56)) - f26e10ed-fb17-49e6-a903-eadc130d13d1@group-83984122B78E-LeaderElection342: Election REJECTED; received 2 response(s) [f26e10ed-fb17-49e6-a903-eadc130d13d1<-4f16e274-8663-4a15-9c4c-c81f650ab979#0:FAIL-t190, f26e10ed-fb17-49e6-a903-eadc130d13d1<-4cc44201-a597-43af-a4ec-5b1b407a6250#0:FAIL-t190] and 0 exception(s); f26e10ed-fb17-49e6-a903-eadc130d13d1@group-83984122B78E:t190, leader=null, voted=f26e10ed-fb17-49e6-a903-eadc130d13d1, raftlog=f26e10ed-fb17-49e6-a903-eadc130d13d1@group-83984122B78E-SegmentedRaftLog:OPENED:c-1,f-1,i0, conf=-1: [4f16e274-8663-4a15-9c4c-c81f650ab979:192.168.157.220:38181, 4cc44201-a597-43af-a4ec-5b1b407a6250:192.168.157.220:36685, f26e10ed-fb17-49e6-a903-eadc130d13d1:192.168.157.220:32806], old=null
2019-10-30 11:52:56,291 [f26e10ed-fb17-49e6-a903-eadc130d13d1@group-83984122B78E-LeaderElection342] INFO  impl.RaftServerImpl (RaftServerImpl.java:setRole(184)) - f26e10ed-fb17-49e6-a903-eadc130d13d1@group-83984122B78E: changes role from CANDIDATE to FOLLOWER at term 190 for DISCOVERED_A_NEW_TERM
2019-10-30 11:52:56,291 [f26e10ed-fb17-49e6-a903-eadc130d13d1@group-83984122B78E-LeaderElection342] INFO  impl.RoleInfo (RoleInfo.java:shutdownLeaderElection(134)) - f26e10ed-fb17-49e6-a903-eadc130d13d1: shutdown LeaderElection
2019-10-30 11:52:56,291 [f26e10ed-fb17-49e6-a903-eadc130d13d1@group-83984122B78E-LeaderElection342] INFO  impl.RoleInfo (RoleInfo.java:updateAndGet(143)) - f26e10ed-fb17-49e6-a903-eadc130d13d1: start FollowerState
2019-10-30 11:52:56,294 [9dbd5372-55c2-4532-b354-9494d3d545d2@group-F367C8FA5986-LeaderElection343] INFO  impl.LeaderElection (LeaderElection.java:askForVotes(178)) - 9dbd5372-55c2-4532-b354-9494d3d545d2@group-F367C8FA5986-LeaderElection343: begin an election at term 174 for -1: [9b3ef6c9-0245-4756-bf80-45d41f7a4453:192.168.157.220:37058, cd11b2f5-3187-4d03-bd60-931991550c17:192.168.157.220:43236, 9dbd5372-55c2-4532-b354-9494d3d545d2:192.168.157.220:42993], old=null
2019-10-30 11:52:56,306 [grpc-default-executor-6] INFO  impl.RaftServerImpl (RaftServerImpl.java:setRole(184)) - 9b3ef6c9-0245-4756-bf80-45d41f7a4453@group-F367C8FA5986: changes role from  FOLLOWER to FOLLOWER at term 174 for recognizeCandidate:9dbd5372-55c2-4532-b354-9494d3d545d2
2019-10-30 11:52:56,306 [grpc-default-executor-6] INFO  impl.RoleInfo (RoleInfo.java:shutdownFollowerState(121)) - 9b3ef6c9-0245-4756-bf80-45d41f7a4453: shutdown FollowerState
2019-10-30 11:52:56,306 [grpc-default-executor-6] INFO  impl.RoleInfo (RoleInfo.java:updateAndGet(143)) - 9b3ef6c9-0245-4756-bf80-45d41f7a4453: start FollowerState
2019-10-30 11:52:56,306 [Thread-2698] INFO  impl.FollowerState (FollowerState.java:run(117)) - 9b3ef6c9-0245-4756-bf80-45d41f7a4453@group-F367C8FA5986-FollowerState was interrupted: java.lang.InterruptedException: sleep interrupted
2019-10-30 11:52:56,314 [Thread-2717] INFO  impl.FollowerState (FollowerState.java:run(108)) - f26e10ed-fb17-49e6-a903-eadc130d13d1@group-83984122B78E-FollowerState: change to CANDIDATE, lastRpcTime:22ms, electionTimeout:16ms
2019-10-30 11:52:56,314 [Thread-2717] INFO  impl.RoleInfo (RoleInfo.java:shutdownFollowerState(121)) - f26e10ed-fb17-49e6-a903-eadc130d13d1: shutdown FollowerState
2019-10-30 11:52:56,314 [Thread-2717] INFO  impl.RaftServerImpl (RaftServerImpl.java:setRole(184)) - f26e10ed-fb17-49e6-a903-eadc130d13d1@group-83984122B78E: changes role from  FOLLOWER to CANDIDATE at term 190 for changeToCandidate
2019-10-30 11:52:56,314 [Thread-2717] INFO  impl.RoleInfo (RoleInfo.java:updateAndGet(143)) - f26e10ed-fb17-49e6-a903-eadc130d13d1: start LeaderElection
2019-10-30 11:52:56,315 [grpc-default-executor-8] INFO  impl.RaftServerImpl (RaftServerImpl.java:setRole(184)) - cd11b2f5-3187-4d03-bd60-931991550c17@group-F367C8FA5986: changes role from  FOLLOWER to FOLLOWER at term 174 for recognizeCandidate:9dbd5372-55c2-4532-b354-9494d3d545d2
2019-10-30 11:52:56,315 [grpc-default-executor-8] INFO  impl.RoleInfo (RoleInfo.java:shutdownFollowerState(121)) - cd11b2f5-3187-4d03-bd60-931991550c17: shutdown FollowerState
2019-10-30 11:52:56,316 [Thread-2699] INFO  impl.FollowerState (FollowerState.java:run(117)) - cd11b2f5-3187-4d03-bd60-931991550c17@group-F367C8FA5986-FollowerState was interrupted: java.lang.InterruptedException: sleep interrupted
2019-10-30 11:52:56,318 [grpc-default-executor-8] INFO  impl.RoleInfo (RoleInfo.java:updateAndGet(143)) - cd11b2f5-3187-4d03-bd60-931991550c17: start FollowerState
2019-10-30 11:52:56,338 [f26e10ed-fb17-49e6-a903-eadc130d13d1@group-83984122B78E-LeaderElection344] INFO  impl.LeaderElection (LeaderElection.java:askForVotes(178)) - f26e10ed-fb17-49e6-a903-eadc130d13d1@group-83984122B78E-LeaderElection344: begin an election at term 191 for -1: [4f16e274-8663-4a15-9c4c-c81f650ab979:192.168.157.220:38181, 4cc44201-a597-43af-a4ec-5b1b407a6250:192.168.157.220:36685, f26e10ed-fb17-49e6-a903-eadc130d13d1:192.168.157.220:32806], old=null
2019-10-30 11:52:56,343 [9dbd5372-55c2-4532-b354-9494d3d545d2@group-F367C8FA5986-LeaderElection343] INFO  impl.LeaderElection (LeaderElection.java:logAndReturn(56)) - 9dbd5372-55c2-4532-b354-9494d3d545d2@group-F367C8FA5986-LeaderElection343: Election REJECTED; received 2 response(s) [9dbd5372-55c2-4532-b354-9494d3d545d2<-9b3ef6c9-0245-4756-bf80-45d41f7a4453#0:FAIL-t174, 9dbd5372-55c2-4532-b354-9494d3d545d2<-cd11b2f5-3187-4d03-bd60-931991550c17#0:FAIL-t174] and 0 exception(s); 9dbd5372-55c2-4532-b354-9494d3d545d2@group-F367C8FA5986:t174, leader=null, voted=9dbd5372-55c2-4532-b354-9494d3d545d2, raftlog=9dbd5372-55c2-4532-b354-9494d3d545d2@group-F367C8FA5986-SegmentedRaftLog:OPENED:c-1,f-1,i0, conf=-1: [9b3ef6c9-0245-4756-bf80-45d41f7a4453:192.168.157.220:37058, cd11b2f5-3187-4d03-bd60-931991550c17:192.168.157.220:43236, 9dbd5372-55c2-4532-b354-9494d3d545d2:192.168.157.220:42993], old=null
2019-10-30 11:52:56,344 [grpc-default-executor-8] INFO  impl.RaftServerImpl (RaftServerImpl.java:setRole(184)) - 4f16e274-8663-4a15-9c4c-c81f650ab979@group-83984122B78E: changes role from  FOLLOWER to FOLLOWER at term 191 for recognizeCandidate:f26e10ed-fb17-49e6-a903-eadc130d13d1
2019-10-30 11:52:56,344 [grpc-default-executor-8] INFO  impl.RoleInfo (RoleInfo.java:shutdownFollowerState(121)) - 4f16e274-8663-4a15-9c4c-c81f650ab979: shutdown FollowerState
2019-10-30 11:52:56,346 [grpc-default-executor-8] INFO  impl.RoleInfo (RoleInfo.java:updateAndGet(143)) - 4f16e274-8663-4a15-9c4c-c81f650ab979: start FollowerState
2019-10-30 11:52:56,348 [Thread-2714] INFO  impl.FollowerState (FollowerState.java:run(117)) - 4f16e274-8663-4a15-9c4c-c81f650ab979@group-83984122B78E-FollowerState was interrupted: java.lang.InterruptedException: sleep interrupted
2019-10-30 11:52:56,348 [grpc-default-executor-6] INFO  impl.RaftServerImpl (RaftServerImpl.java:setRole(184)) - 4cc44201-a597-43af-a4ec-5b1b407a6250@group-83984122B78E: changes role from  FOLLOWER to FOLLOWER at term 191 for recognizeCandidate:f26e10ed-fb17-49e6-a903-eadc130d13d1
2019-10-30 11:52:56,348 [grpc-default-executor-6] INFO  impl.RoleInfo (RoleInfo.java:shutdownFollowerState(121)) - 4cc44201-a597-43af-a4ec-5b1b407a6250: shutdown FollowerState
2019-10-30 11:52:56,348 [grpc-default-executor-6] INFO  impl.RoleInfo (RoleInfo.java:updateAndGet(143)) - 4cc44201-a597-43af-a4ec-5b1b407a6250: start FollowerState
2019-10-30 11:52:56,349 [Thread-2715] INFO  impl.FollowerState (FollowerState.java:run(117)) - 4cc44201-a597-43af-a4ec-5b1b407a6250@group-83984122B78E-FollowerState was interrupted: java.lang.InterruptedException: sleep interrupted
2019-10-30 11:52:56,349 [9dbd5372-55c2-4532-b354-9494d3d545d2@group-F367C8FA5986-LeaderElection343] INFO  impl.RaftServerImpl (RaftServerImpl.java:setRole(184)) - 9dbd5372-55c2-4532-b354-9494d3d545d2@group-F367C8FA5986: changes role from CANDIDATE to FOLLOWER at term 174 for DISCOVERED_A_NEW_TERM
2019-10-30 11:52:56,349 [9dbd5372-55c2-4532-b354-9494d3d545d2@group-F367C8FA5986-LeaderElection343] INFO  impl.RoleInfo (RoleInfo.java:shutdownLeaderElection(134)) - 9dbd5372-55c2-4532-b354-9494d3d545d2: shutdown LeaderElection
2019-10-30 11:52:56,349 [9dbd5372-55c2-4532-b354-9494d3d545d2@group-F367C8FA5986-LeaderElection343] INFO  impl.RoleInfo (RoleInfo.java:updateAndGet(143)) - 9dbd5372-55c2-4532-b354-9494d3d545d2: start FollowerState
2019-10-30 11:52:56,386 [f26e10ed-fb17-49e6-a903-eadc130d13d1@group-83984122B78E-LeaderElection344] INFO  impl.LeaderElection (LeaderElection.java:logAndReturn(56)) - f26e10ed-fb17-49e6-a903-eadc130d13d1@group-83984122B78E-LeaderElection344: Election REJECTED; received 2 response(s) [f26e10ed-fb17-49e6-a903-eadc130d13d1<-4f16e274-8663-4a15-9c4c-c81f650ab979#0:FAIL-t191, f26e10ed-fb17-49e6-a903-eadc130d13d1<-4cc44201-a597-43af-a4ec-5b1b407a6250#0:FAIL-t191] and 0 exception(s); f26e10ed-fb17-49e6-a903-eadc130d13d1@group-83984122B78E:t191, leader=null, voted=f26e10ed-fb17-49e6-a903-eadc130d13d1, raftlog=f26e10ed-fb17-49e6-a903-eadc130d13d1@group-83984122B78E-SegmentedRaftLog:OPENED:c-1,f-1,i0, conf=-1: [4f16e274-8663-4a15-9c4c-c81f650ab979:192.168.157.220:38181, 4cc44201-a597-43af-a4ec-5b1b407a6250:192.168.157.220:36685, f26e10ed-fb17-49e6-a903-eadc130d13d1:192.168.157.220:32806], old=null
2019-10-30 11:52:56,386 [f26e10ed-fb17-49e6-a903-eadc130d13d1@group-83984122B78E-LeaderElection344] INFO  impl.RaftServerImpl (RaftServerImpl.java:setRole(184)) - f26e10ed-fb17-49e6-a903-eadc130d13d1@group-83984122B78E: changes role from CANDIDATE to FOLLOWER at term 191 for DISCOVERED_A_NEW_TERM
2019-10-30 11:52:56,386 [f26e10ed-fb17-49e6-a903-eadc130d13d1@group-83984122B78E-LeaderElection344] INFO  impl.RoleInfo (RoleInfo.java:shutdownLeaderElection(134)) - f26e10ed-fb17-49e6-a903-eadc130d13d1: shutdown LeaderElection
2019-10-30 11:52:56,386 [f26e10ed-fb17-49e6-a903-eadc130d13d1@group-83984122B78E-LeaderElection344] INFO  impl.RoleInfo (RoleInfo.java:updateAndGet(143)) - f26e10ed-fb17-49e6-a903-eadc130d13d1: start FollowerState
2019-10-30 11:52:56,507 [Thread-2728] INFO  impl.FollowerState (FollowerState.java:run(108)) - f26e10ed-fb17-49e6-a903-eadc130d13d1@group-83984122B78E-FollowerState: change to CANDIDATE, lastRpcTime:121ms, electionTimeout:116ms
2019-10-30 11:52:56,508 [Thread-2728] INFO  impl.RoleInfo (RoleInfo.java:shutdownFollowerState(121)) - f26e10ed-fb17-49e6-a903-eadc130d13d1: shutdown FollowerState
2019-10-30 11:52:56,508 [Thread-2728] INFO  impl.RaftServerImpl (RaftServerImpl.java:setRole(184)) - f26e10ed-fb17-49e6-a903-eadc130d13d1@group-83984122B78E: changes role from  FOLLOWER to CANDIDATE at term 191 for changeToCandidate
2019-10-30 11:52:56,508 [Thread-2728] INFO  impl.RoleInfo (RoleInfo.java:updateAndGet(143)) - f26e10ed-fb17-49e6-a903-eadc130d13d1: start LeaderElection
2019-10-30 11:52:56,513 [Thread-2727] INFO  impl.FollowerState (FollowerState.java:run(108)) - 9dbd5372-55c2-4532-b354-9494d3d545d2@group-F367C8FA5986-FollowerState: change to CANDIDATE, lastRpcTime:163ms, electionTimeout:159ms
2019-10-30 11:52:56,513 [Thread-2727] INFO  impl.RoleInfo (RoleInfo.java:shutdownFollowerState(121)) - 9dbd5372-55c2-4532-b354-9494d3d545d2: shutdown FollowerState
2019-10-30 11:52:56,513 [Thread-2727] INFO  impl.RaftServerImpl (RaftServerImpl.java:setRole(184)) - 9dbd5372-55c2-4532-b354-9494d3d545d2@group-F367C8FA5986: changes role from  FOLLOWER to CANDIDATE at term 174 for changeToCandidate
2019-10-30 11:52:56,513 [Thread-2727] INFO  impl.RoleInfo (RoleInfo.java:updateAndGet(143)) - 9dbd5372-55c2-4532-b354-9494d3d545d2: start LeaderElection
2019-10-30 11:52:56,520 [f26e10ed-fb17-49e6-a903-eadc130d13d1@group-83984122B78E-LeaderElection345] INFO  impl.LeaderElection (LeaderElection.java:askForVotes(178)) - f26e10ed-fb17-49e6-a903-eadc130d13d1@group-83984122B78E-LeaderElection345: begin an election at term 192 for -1: [4f16e274-8663-4a15-9c4c-c81f650ab979:192.168.157.220:38181, 4cc44201-a597-43af-a4ec-5b1b407a6250:192.168.157.220:36685, f26e10ed-fb17-49e6-a903-eadc130d13d1:192.168.157.220:32806], old=null
2019-10-30 11:52:56,520 [9dbd5372-55c2-4532-b354-9494d3d545d2@group-F367C8FA5986-LeaderElection346] INFO  impl.LeaderElection (LeaderElection.java:askForVotes(178)) - 9dbd5372-55c2-4532-b354-9494d3d545d2@group-F367C8FA5986-LeaderElection346: begin an election at term 175 for -1: [9b3ef6c9-0245-4756-bf80-45d41f7a4453:192.168.157.220:37058, cd11b2f5-3187-4d03-bd60-931991550c17:192.168.157.220:43236, 9dbd5372-55c2-4532-b354-9494d3d545d2:192.168.157.220:42993], old=null
2019-10-30 11:52:56,534 [grpc-default-executor-6] INFO  impl.RaftServerImpl (RaftServerImpl.java:setRole(184)) - 4f16e274-8663-4a15-9c4c-c81f650ab979@group-83984122B78E: changes role from  FOLLOWER to FOLLOWER at term 192 for recognizeCandidate:f26e10ed-fb17-49e6-a903-eadc130d13d1
2019-10-30 11:52:56,534 [grpc-default-executor-6] INFO  impl.RoleInfo (RoleInfo.java:shutdownFollowerState(121)) - 4f16e274-8663-4a15-9c4c-c81f650ab979: shutdown FollowerState
2019-10-30 11:52:56,534 [grpc-default-executor-6] INFO  impl.RoleInfo (RoleInfo.java:updateAndGet(143)) - 4f16e274-8663-4a15-9c4c-c81f650ab979: start FollowerState
2019-10-30 11:52:56,534 [Thread-2725] INFO  impl.FollowerState (FollowerState.java:run(117)) - 4f16e274-8663-4a15-9c4c-c81f650ab979@group-83984122B78E-FollowerState was interrupted: java.lang.InterruptedException: sleep interrupted
2019-10-30 11:52:56,535 [grpc-default-executor-7] INFO  impl.RaftServerImpl (RaftServerImpl.java:setRole(184)) - 9b3ef6c9-0245-4756-bf80-45d41f7a4453@group-F367C8FA5986: changes role from  FOLLOWER to FOLLOWER at term 175 for recognizeCandidate:9dbd5372-55c2-4532-b354-9494d3d545d2
2019-10-30 11:52:56,535 [grpc-default-executor-7] INFO  impl.RoleInfo (RoleInfo.java:shutdownFollowerState(121)) - 9b3ef6c9-0245-4756-bf80-45d41f7a4453: shutdown FollowerState
2019-10-30 11:52:56,535 [grpc-default-executor-7] INFO  impl.RoleInfo (RoleInfo.java:updateAndGet(143)) - 9b3ef6c9-0245-4756-bf80-45d41f7a4453: start FollowerState
2019-10-30 11:52:56,535 [grpc-default-executor-4] INFO  impl.RaftServerImpl (RaftServerImpl.java:setRole(184)) - 4cc44201-a597-43af-a4ec-5b1b407a6250@group-83984122B78E: changes role from  FOLLOWER to FOLLOWER at term 192 for recognizeCandidate:f26e10ed-fb17-49e6-a903-eadc130d13d1
2019-10-30 11:52:56,535 [grpc-default-executor-4] INFO  impl.RoleInfo (RoleInfo.java:shutdownFollowerState(121)) - 4cc44201-a597-43af-a4ec-5b1b407a6250: shutdown FollowerState
2019-10-30 11:52:56,536 [grpc-default-executor-4] INFO  impl.RoleInfo (RoleInfo.java:updateAndGet(143)) - 4cc44201-a597-43af-a4ec-5b1b407a6250: start FollowerState
2019-10-30 11:52:56,536 [Thread-2720] INFO  impl.FollowerState (FollowerState.java:run(117)) - 9b3ef6c9-0245-4756-bf80-45d41f7a4453@group-F367C8FA5986-FollowerState was interrupted: java.lang.InterruptedException: sleep interrupted
2019-10-30 11:52:56,536 [grpc-default-executor-8] INFO  impl.RaftServerImpl (RaftServerImpl.java:setRole(184)) - cd11b2f5-3187-4d03-bd60-931991550c17@group-F367C8FA5986: changes role from  FOLLOWER to FOLLOWER at term 175 for recognizeCandidate:9dbd5372-55c2-4532-b354-9494d3d545d2
2019-10-30 11:52:56,536 [grpc-default-executor-8] INFO  impl.RoleInfo (RoleInfo.java:shutdownFollowerState(121)) - cd11b2f5-3187-4d03-bd60-931991550c17: shutdown FollowerState
2019-10-30 11:52:56,536 [Thread-2726] INFO  impl.FollowerState (FollowerState.java:run(117)) - 4cc44201-a597-43af-a4ec-5b1b407a6250@group-83984122B78E-FollowerState was interrupted: java.lang.InterruptedException: sleep interrupted
2019-10-30 11:52:56,537 [grpc-default-executor-8] INFO  impl.RoleInfo (RoleInfo.java:updateAndGet(143)) - cd11b2f5-3187-4d03-bd60-931991550c17: start FollowerState
2019-10-30 11:52:56,537 [Thread-2722] INFO  impl.FollowerState (FollowerState.java:run(117)) - cd11b2f5-3187-4d03-bd60-931991550c17@group-F367C8FA5986-FollowerState was interrupted: java.lang.InterruptedException: sleep interrupted
2019-10-30 11:52:56,540 [f26e10ed-fb17-49e6-a903-eadc130d13d1@group-83984122B78E-LeaderElection345] INFO  impl.LeaderElection (LeaderElection.java:logAndReturn(56)) - f26e10ed-fb17-49e6-a903-eadc130d13d1@group-83984122B78E-LeaderElection345: Election TIMEOUT; received 0 response(s) [] and 0 exception(s); f26e10ed-fb17-49e6-a903-eadc130d13d1@group-83984122B78E:t192, leader=null, voted=f26e10ed-fb17-49e6-a903-eadc130d13d1, raftlog=f26e10ed-fb17-49e6-a903-eadc130d13d1@group-83984122B78E-SegmentedRaftLog:OPENED:c-1,f-1,i0, conf=-1: [4f16e274-8663-4a15-9c4c-c81f650ab979:192.168.157.220:38181, 4cc44201-a597-43af-a4ec-5b1b407a6250:192.168.157.220:36685, f26e10ed-fb17-49e6-a903-eadc130d13d1:192.168.157.220:32806], old=null
2019-10-30 11:52:56,547 [f26e10ed-fb17-49e6-a903-eadc130d13d1@group-83984122B78E-LeaderElection345] INFO  impl.LeaderElection (LeaderElection.java:askForVotes(178)) - f26e10ed-fb17-49e6-a903-eadc130d13d1@group-83984122B78E-LeaderElection345: begin an election at term 193 for -1: [4f16e274-8663-4a15-9c4c-c81f650ab979:192.168.157.220:38181, 4cc44201-a597-43af-a4ec-5b1b407a6250:192.168.157.220:36685, f26e10ed-fb17-49e6-a903-eadc130d13d1:192.168.157.220:32806], old=null
2019-10-30 11:52:56,547 [9dbd5372-55c2-4532-b354-9494d3d545d2@group-F367C8FA5986-LeaderElection346] INFO  impl.LeaderElection (LeaderElection.java:logAndReturn(56)) - 9dbd5372-55c2-4532-b354-9494d3d545d2@group-F367C8FA5986-LeaderElection346: Election REJECTED; received 2 response(s) [9dbd5372-55c2-4532-b354-9494d3d545d2<-9b3ef6c9-0245-4756-bf80-45d41f7a4453#0:FAIL-t175, 9dbd5372-55c2-4532-b354-9494d3d545d2<-cd11b2f5-3187-4d03-bd60-931991550c17#0:FAIL-t175] and 0 exception(s); 9dbd5372-55c2-4532-b354-9494d3d545d2@group-F367C8FA5986:t175, leader=null, voted=9dbd5372-55c2-4532-b354-9494d3d545d2, raftlog=9dbd5372-55c2-4532-b354-9494d3d545d2@group-F367C8FA5986-SegmentedRaftLog:OPENED:c-1,f-1,i0, conf=-1: [9b3ef6c9-0245-4756-bf80-45d41f7a4453:192.168.157.220:37058, cd11b2f5-3187-4d03-bd60-931991550c17:192.168.157.220:43236, 9dbd5372-55c2-4532-b354-9494d3d545d2:192.168.157.220:42993], old=null
2019-10-30 11:52:56,548 [9dbd5372-55c2-4532-b354-9494d3d545d2@group-F367C8FA5986-LeaderElection346] INFO  impl.RaftServerImpl (RaftServerImpl.java:setRole(184)) - 9dbd5372-55c2-4532-b354-9494d3d545d2@group-F367C8FA5986: changes role from CANDIDATE to FOLLOWER at term 175 for DISCOVERED_A_NEW_TERM
2019-10-30 11:52:56,548 [9dbd5372-55c2-4532-b354-9494d3d545d2@group-F367C8FA5986-LeaderElection346] INFO  impl.RoleInfo (RoleInfo.java:shutdownLeaderElection(134)) - 9dbd5372-55c2-4532-b354-9494d3d545d2: shutdown LeaderElection
2019-10-30 11:52:56,548 [9dbd5372-55c2-4532-b354-9494d3d545d2@group-F367C8FA5986-LeaderElection346] INFO  impl.RoleInfo (RoleInfo.java:updateAndGet(143)) - 9dbd5372-55c2-4532-b354-9494d3d545d2: start FollowerState
2019-10-30 11:52:56,549 [grpc-default-executor-4] INFO  impl.RaftServerImpl (RaftServerImpl.java:setRole(184)) - 4f16e274-8663-4a15-9c4c-c81f650ab979@group-83984122B78E: changes role from  FOLLOWER to FOLLOWER at term 193 for recognizeCandidate:f26e10ed-fb17-49e6-a903-eadc130d13d1
2019-10-30 11:52:56,549 [grpc-default-executor-4] INFO  impl.RoleInfo (RoleInfo.java:shutdownFollowerState(121)) - 4f16e274-8663-4a15-9c4c-c81f650ab979: shutdown FollowerState
2019-10-30 11:52:56,549 [grpc-default-executor-4] INFO  impl.RoleInfo (RoleInfo.java:updateAndGet(143)) - 4f16e274-8663-4a15-9c4c-c81f650ab979: start FollowerState
2019-10-30 11:52:56,549 [Thread-2735] INFO  impl.FollowerState (FollowerState.java:run(117)) - 4f16e274-8663-4a15-9c4c-c81f650ab979@group-83984122B78E-FollowerState was interrupted: java.lang.InterruptedException: sleep interrupted
2019-10-30 11:52:56,552 [grpc-default-executor-8] INFO  impl.RaftServerImpl (RaftServerImpl.java:setRole(184)) - 4cc44201-a597-43af-a4ec-5b1b407a6250@group-83984122B78E: changes role from  FOLLOWER to FOLLOWER at term 193 for recognizeCandidate:f26e10ed-fb17-49e6-a903-eadc130d13d1
2019-10-30 11:52:56,552 [grpc-default-executor-8] INFO  impl.RoleInfo (RoleInfo.java:shutdownFollowerState(121)) - 4cc44201-a597-43af-a4ec-5b1b407a6250: shutdown FollowerState
2019-10-30 11:52:56,552 [grpc-default-executor-8] INFO  impl.RoleInfo (RoleInfo.java:updateAndGet(143)) - 4cc44201-a597-43af-a4ec-5b1b407a6250: start FollowerState
2019-10-30 11:52:56,552 [Thread-2737] INFO  impl.FollowerState (FollowerState.java:run(117)) - 4cc44201-a597-43af-a4ec-5b1b407a6250@group-83984122B78E-FollowerState was interrupted: java.lang.InterruptedException: sleep interrupted
2019-10-30 11:52:56,563 [f26e10ed-fb17-49e6-a903-eadc130d13d1@group-83984122B78E-LeaderElection345] INFO  impl.LeaderElection (LeaderElection.java:logAndReturn(56)) - f26e10ed-fb17-49e6-a903-eadc130d13d1@group-83984122B78E-LeaderElection345: Election REJECTED; received 2 response(s) [f26e10ed-fb17-49e6-a903-eadc130d13d1<-4f16e274-8663-4a15-9c4c-c81f650ab979#0:FAIL-t193, f26e10ed-fb17-49e6-a903-eadc130d13d1<-4cc44201-a597-43af-a4ec-5b1b407a6250#0:FAIL-t193] and 0 exception(s); f26e10ed-fb17-49e6-a903-eadc130d13d1@group-83984122B78E:t193, leader=null, voted=f26e10ed-fb17-49e6-a903-eadc130d13d1, raftlog=f26e10ed-fb17-49e6-a903-eadc130d13d1@group-83984122B78E-SegmentedRaftLog:OPENED:c-1,f-1,i0, conf=-1: [4f16e274-8663-4a15-9c4c-c81f650ab979:192.168.157.220:38181, 4cc44201-a597-43af-a4ec-5b1b407a6250:192.168.157.220:36685, f26e10ed-fb17-49e6-a903-eadc130d13d1:192.168.157.220:32806], old=null
2019-10-30 11:52:56,563 [f26e10ed-fb17-49e6-a903-eadc130d13d1@group-83984122B78E-LeaderElection345] INFO  impl.RaftServerImpl (RaftServerImpl.java:setRole(184)) - f26e10ed-fb17-49e6-a903-eadc130d13d1@group-83984122B78E: changes role from CANDIDATE to FOLLOWER at term 193 for DISCOVERED_A_NEW_TERM
2019-10-30 11:52:56,563 [f26e10ed-fb17-49e6-a903-eadc130d13d1@group-83984122B78E-LeaderElection345] INFO  impl.RoleInfo (RoleInfo.java:shutdownLeaderElection(134)) - f26e10ed-fb17-49e6-a903-eadc130d13d1: shutdown LeaderElection
2019-10-30 11:52:56,563 [f26e10ed-fb17-49e6-a903-eadc130d13d1@group-83984122B78E-LeaderElection345] INFO  impl.RoleInfo (RoleInfo.java:updateAndGet(143)) - f26e10ed-fb17-49e6-a903-eadc130d13d1: start FollowerState
2019-10-30 11:52:56,630 [Thread-2741] INFO  impl.FollowerState (FollowerState.java:run(108)) - 9dbd5372-55c2-4532-b354-9494d3d545d2@group-F367C8FA5986-FollowerState: change to CANDIDATE, lastRpcTime:81ms, electionTimeout:78ms
2019-10-30 11:52:56,630 [Thread-2741] INFO  impl.RoleInfo (RoleInfo.java:shutdownFollowerState(121)) - 9dbd5372-55c2-4532-b354-9494d3d545d2: shutdown FollowerState
2019-10-30 11:52:56,630 [Thread-2741] INFO  impl.RaftServerImpl (RaftServerImpl.java:setRole(184)) - 9dbd5372-55c2-4532-b354-9494d3d545d2@group-F367C8FA5986: changes role from  FOLLOWER to CANDIDATE at term 175 for changeToCandidate
2019-10-30 11:52:56,630 [Thread-2741] INFO  impl.RoleInfo (RoleInfo.java:updateAndGet(143)) - 9dbd5372-55c2-4532-b354-9494d3d545d2: start LeaderElection
2019-10-30 11:52:56,647 [9dbd5372-55c2-4532-b354-9494d3d545d2@group-F367C8FA5986-LeaderElection347] INFO  impl.LeaderElection (LeaderElection.java:askForVotes(178)) - 9dbd5372-55c2-4532-b354-9494d3d545d2@group-F367C8FA5986-LeaderElection347: begin an election at term 176 for -1: [9b3ef6c9-0245-4756-bf80-45d41f7a4453:192.168.157.220:37058, cd11b2f5-3187-4d03-bd60-931991550c17:192.168.157.220:43236, 9dbd5372-55c2-4532-b354-9494d3d545d2:192.168.157.220:42993], old=null
2019-10-30 11:52:56,650 [grpc-default-executor-8] INFO  impl.RaftServerImpl (RaftServerImpl.java:setRole(184)) - 9b3ef6c9-0245-4756-bf80-45d41f7a4453@group-F367C8FA5986: changes role from  FOLLOWER to FOLLOWER at term 176 for recognizeCandidate:9dbd5372-55c2-4532-b354-9494d3d545d2
2019-10-30 11:52:56,650 [grpc-default-executor-8] INFO  impl.RoleInfo (RoleInfo.java:shutdownFollowerState(121)) - 9b3ef6c9-0245-4756-bf80-45d41f7a4453: shutdown FollowerState
2019-10-30 11:52:56,650 [grpc-default-executor-8] INFO  impl.RoleInfo (RoleInfo.java:updateAndGet(143)) - 9b3ef6c9-0245-4756-bf80-45d41f7a4453: start FollowerState
2019-10-30 11:52:56,650 [Thread-2736] INFO  impl.FollowerState (FollowerState.java:run(117)) - 9b3ef6c9-0245-4756-bf80-45d41f7a4453@group-F367C8FA5986-FollowerState was interrupted: java.lang.InterruptedException: sleep interrupted
2019-10-30 11:52:56,652 [grpc-default-executor-4] INFO  impl.RaftServerImpl (RaftServerImpl.java:setRole(184)) - cd11b2f5-3187-4d03-bd60-931991550c17@group-F367C8FA5986: changes role from  FOLLOWER to FOLLOWER at term 176 for recognizeCandidate:9dbd5372-55c2-4532-b354-9494d3d545d2
2019-10-30 11:52:56,652 [grpc-default-executor-4] INFO  impl.RoleInfo (RoleInfo.java:shutdownFollowerState(121)) - cd11b2f5-3187-4d03-bd60-931991550c17: shutdown FollowerState
2019-10-30 11:52:56,652 [grpc-default-executor-4] INFO  impl.RoleInfo (RoleInfo.java:updateAndGet(143)) - cd11b2f5-3187-4d03-bd60-931991550c17: start FollowerState
2019-10-30 11:52:56,654 [Thread-2738] INFO  impl.FollowerState (FollowerState.java:run(117)) - cd11b2f5-3187-4d03-bd60-931991550c17@group-F367C8FA5986-FollowerState was interrupted: java.lang.InterruptedException: sleep interrupted
2019-10-30 11:52:56,662 [9dbd5372-55c2-4532-b354-9494d3d545d2@group-F367C8FA5986-LeaderElection347] INFO  impl.LeaderElection (LeaderElection.java:logAndReturn(56)) - 9dbd5372-55c2-4532-b354-9494d3d545d2@group-F367C8FA5986-LeaderElection347: Election TIMEOUT; received 0 response(s) [] and 0 exception(s); 9dbd5372-55c2-4532-b354-9494d3d545d2@group-F367C8FA5986:t176, leader=null, voted=9dbd5372-55c2-4532-b354-9494d3d545d2, raftlog=9dbd5372-55c2-4532-b354-9494d3d545d2@group-F367C8FA5986-SegmentedRaftLog:OPENED:c-1,f-1,i0, conf=-1: [9b3ef6c9-0245-4756-bf80-45d41f7a4453:192.168.157.220:37058, cd11b2f5-3187-4d03-bd60-931991550c17:192.168.157.220:43236, 9dbd5372-55c2-4532-b354-9494d3d545d2:192.168.157.220:42993], old=null
2019-10-30 11:52:56,667 [9dbd5372-55c2-4532-b354-9494d3d545d2@group-F367C8FA5986-LeaderElection347] INFO  impl.LeaderElection (LeaderElection.java:askForVotes(178)) - 9dbd5372-55c2-4532-b354-9494d3d545d2@group-F367C8FA5986-LeaderElection347: begin an election at term 177 for -1: [9b3ef6c9-0245-4756-bf80-45d41f7a4453:192.168.157.220:37058, cd11b2f5-3187-4d03-bd60-931991550c17:192.168.157.220:43236, 9dbd5372-55c2-4532-b354-9494d3d545d2:192.168.157.220:42993], old=null
2019-10-30 11:52:56,668 [grpc-default-executor-8] INFO  impl.RaftServerImpl (RaftServerImpl.java:setRole(184)) - 9b3ef6c9-0245-4756-bf80-45d41f7a4453@group-F367C8FA5986: changes role from  FOLLOWER to FOLLOWER at term 177 for recognizeCandidate:9dbd5372-55c2-4532-b354-9494d3d545d2
2019-10-30 11:52:56,669 [grpc-default-executor-8] INFO  impl.RoleInfo (RoleInfo.java:shutdownFollowerState(121)) - 9b3ef6c9-0245-4756-bf80-45d41f7a4453: shutdown FollowerState
2019-10-30 11:52:56,669 [grpc-default-executor-8] INFO  impl.RoleInfo (RoleInfo.java:updateAndGet(143)) - 9b3ef6c9-0245-4756-bf80-45d41f7a4453: start FollowerState
2019-10-30 11:52:56,669 [Thread-2750] INFO  impl.FollowerState (FollowerState.java:run(117)) - 9b3ef6c9-0245-4756-bf80-45d41f7a4453@group-F367C8FA5986-FollowerState was interrupted: java.lang.InterruptedException: sleep interrupted
2019-10-30 11:52:56,669 [grpc-default-executor-4] INFO  impl.RaftServerImpl (RaftServerImpl.java:setRole(184)) - cd11b2f5-3187-4d03-bd60-931991550c17@group-F367C8FA5986: changes role from  FOLLOWER to FOLLOWER at term 177 for recognizeCandidate:9dbd5372-55c2-4532-b354-9494d3d545d2
2019-10-30 11:52:56,669 [grpc-default-executor-4] INFO  impl.RoleInfo (RoleInfo.java:shutdownFollowerState(121)) - cd11b2f5-3187-4d03-bd60-931991550c17: shutdown FollowerState
2019-10-30 11:52:56,669 [grpc-default-executor-4] INFO  impl.RoleInfo (RoleInfo.java:updateAndGet(143)) - cd11b2f5-3187-4d03-bd60-931991550c17: start FollowerState
2019-10-30 11:52:56,669 [Thread-2751] INFO  impl.FollowerState (FollowerState.java:run(117)) - cd11b2f5-3187-4d03-bd60-931991550c17@group-F367C8FA5986-FollowerState was interrupted: java.lang.InterruptedException: sleep interrupted
2019-10-30 11:52:56,677 [9dbd5372-55c2-4532-b354-9494d3d545d2@group-F367C8FA5986-LeaderElection347] INFO  impl.LeaderElection (LeaderElection.java:logAndReturn(56)) - 9dbd5372-55c2-4532-b354-9494d3d545d2@group-F367C8FA5986-LeaderElection347: Election REJECTED; received 2 response(s) [9dbd5372-55c2-4532-b354-9494d3d545d2<-9b3ef6c9-0245-4756-bf80-45d41f7a4453#0:FAIL-t177, 9dbd5372-55c2-4532-b354-9494d3d545d2<-cd11b2f5-3187-4d03-bd60-931991550c17#0:FAIL-t177] and 0 exception(s); 9dbd5372-55c2-4532-b354-9494d3d545d2@group-F367C8FA5986:t177, leader=null, voted=9dbd5372-55c2-4532-b354-9494d3d545d2, raftlog=9dbd5372-55c2-4532-b354-9494d3d545d2@group-F367C8FA5986-SegmentedRaftLog:OPENED:c-1,f-1,i0, conf=-1: [9b3ef6c9-0245-4756-bf80-45d41f7a4453:192.168.157.220:37058, cd11b2f5-3187-4d03-bd60-931991550c17:192.168.157.220:43236, 9dbd5372-55c2-4532-b354-9494d3d545d2:192.168.157.220:42993], old=null
2019-10-30 11:52:56,677 [9dbd5372-55c2-4532-b354-9494d3d545d2@group-F367C8FA5986-LeaderElection347] INFO  impl.RaftServerImpl (RaftServerImpl.java:setRole(184)) - 9dbd5372-55c2-4532-b354-9494d3d545d2@group-F367C8FA5986: changes role from CANDIDATE to FOLLOWER at term 177 for DISCOVERED_A_NEW_TERM
2019-10-30 11:52:56,677 [9dbd5372-55c2-4532-b354-9494d3d545d2@group-F367C8FA5986-LeaderElection347] INFO  impl.RoleInfo (RoleInfo.java:shutdownLeaderElection(134)) - 9dbd5372-55c2-4532-b354-9494d3d545d2: shutdown LeaderElection
2019-10-30 11:52:56,677 [9dbd5372-55c2-4532-b354-9494d3d545d2@group-F367C8FA5986-LeaderElection347] INFO  impl.RoleInfo (RoleInfo.java:updateAndGet(143)) - 9dbd5372-55c2-4532-b354-9494d3d545d2: start FollowerState
2019-10-30 11:52:56,704 [Thread-2756] INFO  impl.FollowerState (FollowerState.java:run(108)) - 9dbd5372-55c2-4532-b354-9494d3d545d2@group-F367C8FA5986-FollowerState: change to CANDIDATE, lastRpcTime:27ms, electionTimeout:27ms
2019-10-30 11:52:56,705 [Thread-2756] INFO  impl.RoleInfo (RoleInfo.java:shutdownFollowerState(121)) - 9dbd5372-55c2-4532-b354-9494d3d545d2: shutdown FollowerState
2019-10-30 11:52:56,705 [Thread-2756] INFO  impl.RaftServerImpl (RaftServerImpl.java:setRole(184)) - 9dbd5372-55c2-4532-b354-9494d3d545d2@group-F367C8FA5986: changes role from  FOLLOWER to CANDIDATE at term 177 for changeToCandidate
2019-10-30 11:52:56,705 [Thread-2756] INFO  impl.RoleInfo (RoleInfo.java:updateAndGet(143)) - 9dbd5372-55c2-4532-b354-9494d3d545d2: start LeaderElection
2019-10-30 11:52:56,716 [Thread-2744] INFO  impl.FollowerState (FollowerState.java:run(108)) - f26e10ed-fb17-49e6-a903-eadc130d13d1@group-83984122B78E-FollowerState: change to CANDIDATE, lastRpcTime:152ms, electionTimeout:152ms
2019-10-30 11:52:56,716 [Thread-2744] INFO  impl.RoleInfo (RoleInfo.java:shutdownFollowerState(121)) - f26e10ed-fb17-49e6-a903-eadc130d13d1: shutdown FollowerState
2019-10-30 11:52:56,716 [Thread-2744] INFO  impl.RaftServerImpl (RaftServerImpl.java:setRole(184)) - f26e10ed-fb17-49e6-a903-eadc130d13d1@group-83984122B78E: changes role from  FOLLOWER to CANDIDATE at term 193 for changeToCandidate
2019-10-30 11:52:56,716 [Thread-2744] INFO  impl.RoleInfo (RoleInfo.java:updateAndGet(143)) - f26e10ed-fb17-49e6-a903-eadc130d13d1: start LeaderElection
2019-10-30 11:52:56,750 [f26e10ed-fb17-49e6-a903-eadc130d13d1@group-83984122B78E-LeaderElection349] INFO  impl.LeaderElection (LeaderElection.java:askForVotes(178)) - f26e10ed-fb17-49e6-a903-eadc130d13d1@group-83984122B78E-LeaderElection349: begin an election at term 194 for -1: [4f16e274-8663-4a15-9c4c-c81f650ab979:192.168.157.220:38181, 4cc44201-a597-43af-a4ec-5b1b407a6250:192.168.157.220:36685, f26e10ed-fb17-49e6-a903-eadc130d13d1:192.168.157.220:32806], old=null
2019-10-30 11:52:56,750 [9dbd5372-55c2-4532-b354-9494d3d545d2@group-F367C8FA5986-LeaderElection348] INFO  impl.LeaderElection (LeaderElection.java:askForVotes(178)) - 9dbd5372-55c2-4532-b354-9494d3d545d2@group-F367C8FA5986-LeaderElection348: begin an election at term 178 for -1: [9b3ef6c9-0245-4756-bf80-45d41f7a4453:192.168.157.220:37058, cd11b2f5-3187-4d03-bd60-931991550c17:192.168.157.220:43236, 9dbd5372-55c2-4532-b354-9494d3d545d2:192.168.157.220:42993], old=null
2019-10-30 11:52:56,754 [grpc-default-executor-4] INFO  impl.RaftServerImpl (RaftServerImpl.java:setRole(184)) - 4f16e274-8663-4a15-9c4c-c81f650ab979@group-83984122B78E: changes role from  FOLLOWER to FOLLOWER at term 194 for recognizeCandidate:f26e10ed-fb17-49e6-a903-eadc130d13d1
2019-10-30 11:52:56,754 [grpc-default-executor-4] INFO  impl.RoleInfo (RoleInfo.java:shutdownFollowerState(121)) - 4f16e274-8663-4a15-9c4c-c81f650ab979: shutdown FollowerState
2019-10-30 11:52:56,754 [grpc-default-executor-4] INFO  impl.RoleInfo (RoleInfo.java:updateAndGet(143)) - 4f16e274-8663-4a15-9c4c-c81f650ab979: start FollowerState
2019-10-30 11:52:56,754 [grpc-default-executor-8] INFO  impl.RaftServerImpl (RaftServerImpl.java:setRole(184)) - 4cc44201-a597-43af-a4ec-5b1b407a6250@group-83984122B78E: changes role from  FOLLOWER to FOLLOWER at term 194 for recognizeCandidate:f26e10ed-fb17-49e6-a903-eadc130d13d1
2019-10-30 11:52:56,754 [grpc-default-executor-8] INFO  impl.RoleInfo (RoleInfo.java:shutdownFollowerState(121)) - 4cc44201-a597-43af-a4ec-5b1b407a6250: shutdown FollowerState
2019-10-30 11:52:56,756 [Thread-2743] INFO  impl.FollowerState (FollowerState.java:run(117)) - 4cc44201-a597-43af-a4ec-5b1b407a6250@group-83984122B78E-FollowerState was interrupted: java.lang.InterruptedException: sleep interrupted
2019-10-30 11:52:56,756 [grpc-default-executor-6] INFO  impl.RaftServerImpl (RaftServerImpl.java:setRole(184)) - 9b3ef6c9-0245-4756-bf80-45d41f7a4453@group-F367C8FA5986: changes role from  FOLLOWER to FOLLOWER at term 178 for recognizeCandidate:9dbd5372-55c2-4532-b354-9494d3d545d2
2019-10-30 11:52:56,757 [grpc-default-executor-6] INFO  impl.RoleInfo (RoleInfo.java:shutdownFollowerState(121)) - 9b3ef6c9-0245-4756-bf80-45d41f7a4453: shutdown FollowerState
2019-10-30 11:52:56,757 [Thread-2742] INFO  impl.FollowerState (FollowerState.java:run(117)) - 4f16e274-8663-4a15-9c4c-c81f650ab979@group-83984122B78E-FollowerState was interrupted: java.lang.InterruptedException: sleep interrupted
2019-10-30 11:52:56,757 [f26e10ed-fb17-49e6-a903-eadc130d13d1@group-83984122B78E-LeaderElection349] INFO  impl.LeaderElection (LeaderElection.java:logAndReturn(56)) - f26e10ed-fb17-49e6-a903-eadc130d13d1@group-83984122B78E-LeaderElection349: Election TIMEOUT; received 0 response(s) [] and 0 exception(s); f26e10ed-fb17-49e6-a903-eadc130d13d1@group-83984122B78E:t194, leader=null, voted=f26e10ed-fb17-49e6-a903-eadc130d13d1, raftlog=f26e10ed-fb17-49e6-a903-eadc130d13d1@group-83984122B78E-SegmentedRaftLog:OPENED:c-1,f-1,i0, conf=-1: [4f16e274-8663-4a15-9c4c-c81f650ab979:192.168.157.220:38181, 4cc44201-a597-43af-a4ec-5b1b407a6250:192.168.157.220:36685, f26e10ed-fb17-49e6-a903-eadc130d13d1:192.168.157.220:32806], old=null
2019-10-30 11:52:56,761 [grpc-default-executor-8] INFO  impl.RoleInfo (RoleInfo.java:updateAndGet(143)) - 4cc44201-a597-43af-a4ec-5b1b407a6250: start FollowerState
2019-10-30 11:52:56,763 [Thread-2754] INFO  impl.FollowerState (FollowerState.java:run(117)) - 9b3ef6c9-0245-4756-bf80-45d41f7a4453@group-F367C8FA5986-FollowerState was interrupted: java.lang.InterruptedException: sleep interrupted
2019-10-30 11:52:56,761 [grpc-default-executor-6] INFO  impl.RoleInfo (RoleInfo.java:updateAndGet(143)) - 9b3ef6c9-0245-4756-bf80-45d41f7a4453: start FollowerState
2019-10-30 11:52:56,761 [grpc-default-executor-7] INFO  impl.RaftServerImpl (RaftServerImpl.java:setRole(184)) - cd11b2f5-3187-4d03-bd60-931991550c17@group-F367C8FA5986: changes role from  FOLLOWER to FOLLOWER at term 178 for recognizeCandidate:9dbd5372-55c2-4532-b354-9494d3d545d2
2019-10-30 11:52:56,765 [grpc-default-executor-7] INFO  impl.RoleInfo (RoleInfo.java:shutdownFollowerState(121)) - cd11b2f5-3187-4d03-bd60-931991550c17: shutdown FollowerState
2019-10-30 11:52:56,765 [grpc-default-executor-7] INFO  impl.RoleInfo (RoleInfo.java:updateAndGet(143)) - cd11b2f5-3187-4d03-bd60-931991550c17: start FollowerState
2019-10-30 11:52:56,765 [Thread-2755] INFO  impl.FollowerState (FollowerState.java:run(117)) - cd11b2f5-3187-4d03-bd60-931991550c17@group-F367C8FA5986-FollowerState was interrupted: java.lang.InterruptedException: sleep interrupted
2019-10-30 11:52:56,766 [f26e10ed-fb17-49e6-a903-eadc130d13d1@group-83984122B78E-LeaderElection349] INFO  impl.LeaderElection (LeaderElection.java:askForVotes(178)) - f26e10ed-fb17-49e6-a903-eadc130d13d1@group-83984122B78E-LeaderElection349: begin an election at term 195 for -1: [4f16e274-8663-4a15-9c4c-c81f650ab979:192.168.157.220:38181, 4cc44201-a597-43af-a4ec-5b1b407a6250:192.168.157.220:36685, f26e10ed-fb17-49e6-a903-eadc130d13d1:192.168.157.220:32806], old=null
2019-10-30 11:52:56,767 [grpc-default-executor-8] INFO  impl.RaftServerImpl (RaftServerImpl.java:setRole(184)) - 4cc44201-a597-43af-a4ec-5b1b407a6250@group-83984122B78E: changes role from  FOLLOWER to FOLLOWER at term 195 for recognizeCandidate:f26e10ed-fb17-49e6-a903-eadc130d13d1
2019-10-30 11:52:56,767 [grpc-default-executor-8] INFO  impl.RoleInfo (RoleInfo.java:shutdownFollowerState(121)) - 4cc44201-a597-43af-a4ec-5b1b407a6250: shutdown FollowerState
2019-10-30 11:52:56,767 [grpc-default-executor-8] INFO  impl.RoleInfo (RoleInfo.java:updateAndGet(143)) - 4cc44201-a597-43af-a4ec-5b1b407a6250: start FollowerState
2019-10-30 11:52:56,767 [Thread-2764] INFO  impl.FollowerState (FollowerState.java:run(117)) - 4cc44201-a597-43af-a4ec-5b1b407a6250@group-83984122B78E-FollowerState was interrupted: java.lang.InterruptedException: sleep interrupted
2019-10-30 11:52:56,771 [grpc-default-executor-6] INFO  impl.RaftServerImpl (RaftServerImpl.java:setRole(184)) - 4f16e274-8663-4a15-9c4c-c81f650ab979@group-83984122B78E: changes role from  FOLLOWER to FOLLOWER at term 195 for recognizeCandidate:f26e10ed-fb17-49e6-a903-eadc130d13d1
2019-10-30 11:52:56,771 [grpc-default-executor-6] INFO  impl.RoleInfo (RoleInfo.java:shutdownFollowerState(121)) - 4f16e274-8663-4a15-9c4c-c81f650ab979: shutdown FollowerState
2019-10-30 11:52:56,771 [grpc-default-executor-6] INFO  impl.RoleInfo (RoleInfo.java:updateAndGet(143)) - 4f16e274-8663-4a15-9c4c-c81f650ab979: start FollowerState
2019-10-30 11:52:56,771 [Thread-2763] INFO  impl.FollowerState (FollowerState.java:run(117)) - 4f16e274-8663-4a15-9c4c-c81f650ab979@group-83984122B78E-FollowerState was interrupted: java.lang.InterruptedException: sleep interrupted
2019-10-30 11:52:56,774 [9dbd5372-55c2-4532-b354-9494d3d545d2@group-F367C8FA5986-LeaderElection348] INFO  impl.LeaderElection (LeaderElection.java:logAndReturn(56)) - 9dbd5372-55c2-4532-b354-9494d3d545d2@group-F367C8FA5986-LeaderElection348: Election REJECTED; received 2 response(s) [9dbd5372-55c2-4532-b354-9494d3d545d2<-9b3ef6c9-0245-4756-bf80-45d41f7a4453#0:FAIL-t178, 9dbd5372-55c2-4532-b354-9494d3d545d2<-cd11b2f5-3187-4d03-bd60-931991550c17#0:FAIL-t178] and 0 exception(s); 9dbd5372-55c2-4532-b354-9494d3d545d2@group-F367C8FA5986:t178, leader=null, voted=9dbd5372-55c2-4532-b354-9494d3d545d2, raftlog=9dbd5372-55c2-4532-b354-9494d3d545d2@group-F367C8FA5986-SegmentedRaftLog:OPENED:c-1,f-1,i0, conf=-1: [9b3ef6c9-0245-4756-bf80-45d41f7a4453:192.168.157.220:37058, cd11b2f5-3187-4d03-bd60-931991550c17:192.168.157.220:43236, 9dbd5372-55c2-4532-b354-9494d3d545d2:192.168.157.220:42993], old=null
2019-10-30 11:52:56,774 [9dbd5372-55c2-4532-b354-9494d3d545d2@group-F367C8FA5986-LeaderElection348] INFO  impl.RaftServerImpl (RaftServerImpl.java:setRole(184)) - 9dbd5372-55c2-4532-b354-9494d3d545d2@group-F367C8FA5986: changes role from CANDIDATE to FOLLOWER at term 178 for DISCOVERED_A_NEW_TERM
2019-10-30 11:52:56,774 [9dbd5372-55c2-4532-b354-9494d3d545d2@group-F367C8FA5986-LeaderElection348] INFO  impl.RoleInfo (RoleInfo.java:shutdownLeaderElection(134)) - 9dbd5372-55c2-4532-b354-9494d3d545d2: shutdown LeaderElection
2019-10-30 11:52:56,774 [9dbd5372-55c2-4532-b354-9494d3d545d2@group-F367C8FA5986-LeaderElection348] INFO  impl.RoleInfo (RoleInfo.java:updateAndGet(143)) - 9dbd5372-55c2-4532-b354-9494d3d545d2: start FollowerState
2019-10-30 11:52:56,787 [f26e10ed-fb17-49e6-a903-eadc130d13d1@group-83984122B78E-LeaderElection349] INFO  impl.LeaderElection (LeaderElection.java:logAndReturn(56)) - f26e10ed-fb17-49e6-a903-eadc130d13d1@group-83984122B78E-LeaderElection349: Election REJECTED; received 2 response(s) [f26e10ed-fb17-49e6-a903-eadc130d13d1<-4f16e274-8663-4a15-9c4c-c81f650ab979#0:FAIL-t195, f26e10ed-fb17-49e6-a903-eadc130d13d1<-4cc44201-a597-43af-a4ec-5b1b407a6250#0:FAIL-t195] and 0 exception(s); f26e10ed-fb17-49e6-a903-eadc130d13d1@group-83984122B78E:t195, leader=null, voted=f26e10ed-fb17-49e6-a903-eadc130d13d1, raftlog=f26e10ed-fb17-49e6-a903-eadc130d13d1@group-83984122B78E-SegmentedRaftLog:OPENED:c-1,f-1,i0, conf=-1: [4f16e274-8663-4a15-9c4c-c81f650ab979:192.168.157.220:38181, 4cc44201-a597-43af-a4ec-5b1b407a6250:192.168.157.220:36685, f26e10ed-fb17-49e6-a903-eadc130d13d1:192.168.157.220:32806], old=null
2019-10-30 11:52:56,788 [f26e10ed-fb17-49e6-a903-eadc130d13d1@group-83984122B78E-LeaderElection349] INFO  impl.RaftServerImpl (RaftServerImpl.java:setRole(184)) - f26e10ed-fb17-49e6-a903-eadc130d13d1@group-83984122B78E: changes role from CANDIDATE to FOLLOWER at term 195 for DISCOVERED_A_NEW_TERM
2019-10-30 11:52:56,788 [f26e10ed-fb17-49e6-a903-eadc130d13d1@group-83984122B78E-LeaderElection349] INFO  impl.RoleInfo (RoleInfo.java:shutdownLeaderElection(134)) - f26e10ed-fb17-49e6-a903-eadc130d13d1: shutdown LeaderElection
2019-10-30 11:52:56,788 [f26e10ed-fb17-49e6-a903-eadc130d13d1@group-83984122B78E-LeaderElection349] INFO  impl.RoleInfo (RoleInfo.java:updateAndGet(143)) - f26e10ed-fb17-49e6-a903-eadc130d13d1: start FollowerState
2019-10-30 11:52:56,795 [Thread-2771] INFO  impl.FollowerState (FollowerState.java:run(108)) - 9dbd5372-55c2-4532-b354-9494d3d545d2@group-F367C8FA5986-FollowerState: change to CANDIDATE, lastRpcTime:20ms, electionTimeout:17ms
2019-10-30 11:52:56,795 [Thread-2771] INFO  impl.RoleInfo (RoleInfo.java:shutdownFollowerState(121)) - 9dbd5372-55c2-4532-b354-9494d3d545d2: shutdown FollowerState
2019-10-30 11:52:56,795 [Thread-2771] INFO  impl.RaftServerImpl (RaftServerImpl.java:setRole(184)) - 9dbd5372-55c2-4532-b354-9494d3d545d2@group-F367C8FA5986: changes role from  FOLLOWER to CANDIDATE at term 178 for changeToCandidate
2019-10-30 11:52:56,795 [Thread-2771] INFO  impl.RoleInfo (RoleInfo.java:updateAndGet(143)) - 9dbd5372-55c2-4532-b354-9494d3d545d2: start LeaderElection
2019-10-30 11:52:56,800 [Thread-2772] INFO  impl.FollowerState (FollowerState.java:run(108)) - f26e10ed-fb17-49e6-a903-eadc130d13d1@group-83984122B78E-FollowerState: change to CANDIDATE, lastRpcTime:11ms, electionTimeout:9ms
2019-10-30 11:52:56,800 [Thread-2772] INFO  impl.RoleInfo (RoleInfo.java:shutdownFollowerState(121)) - f26e10ed-fb17-49e6-a903-eadc130d13d1: shutdown FollowerState
2019-10-30 11:52:56,800 [Thread-2772] INFO  impl.RaftServerImpl (RaftServerImpl.java:setRole(184)) - f26e10ed-fb17-49e6-a903-eadc130d13d1@group-83984122B78E: changes role from  FOLLOWER to CANDIDATE at term 195 for changeToCandidate
2019-10-30 11:52:56,800 [Thread-2772] INFO  impl.RoleInfo (RoleInfo.java:updateAndGet(143)) - f26e10ed-fb17-49e6-a903-eadc130d13d1: start LeaderElection
2019-10-30 11:52:56,811 [9dbd5372-55c2-4532-b354-9494d3d545d2@group-F367C8FA5986-LeaderElection350] INFO  impl.LeaderElection (LeaderElection.java:askForVotes(178)) - 9dbd5372-55c2-4532-b354-9494d3d545d2@group-F367C8FA5986-LeaderElection350: begin an election at term 179 for -1: [9b3ef6c9-0245-4756-bf80-45d41f7a4453:192.168.157.220:37058, cd11b2f5-3187-4d03-bd60-931991550c17:192.168.157.220:43236, 9dbd5372-55c2-4532-b354-9494d3d545d2:192.168.157.220:42993], old=null
2019-10-30 11:52:56,811 [f26e10ed-fb17-49e6-a903-eadc130d13d1@group-83984122B78E-LeaderElection351] INFO  impl.LeaderElection (LeaderElection.java:askForVotes(178)) - f26e10ed-fb17-49e6-a903-eadc130d13d1@group-83984122B78E-LeaderElection351: begin an election at term 196 for -1: [4f16e274-8663-4a15-9c4c-c81f650ab979:192.168.157.220:38181, 4cc44201-a597-43af-a4ec-5b1b407a6250:192.168.157.220:36685, f26e10ed-fb17-49e6-a903-eadc130d13d1:192.168.157.220:32806], old=null
2019-10-30 11:52:56,812 [grpc-default-executor-6] INFO  impl.RaftServerImpl (RaftServerImpl.java:setRole(184)) - 9b3ef6c9-0245-4756-bf80-45d41f7a4453@group-F367C8FA5986: changes role from  FOLLOWER to FOLLOWER at term 179 for recognizeCandidate:9dbd5372-55c2-4532-b354-9494d3d545d2
2019-10-30 11:52:56,813 [grpc-default-executor-6] INFO  impl.RoleInfo (RoleInfo.java:shutdownFollowerState(121)) - 9b3ef6c9-0245-4756-bf80-45d41f7a4453: shutdown FollowerState
2019-10-30 11:52:56,813 [grpc-default-executor-6] INFO  impl.RoleInfo (RoleInfo.java:updateAndGet(143)) - 9b3ef6c9-0245-4756-bf80-45d41f7a4453: start FollowerState
2019-10-30 11:52:56,813 [Thread-2765] INFO  impl.FollowerState (FollowerState.java:run(117)) - 9b3ef6c9-0245-4756-bf80-45d41f7a4453@group-F367C8FA5986-FollowerState was interrupted: java.lang.InterruptedException: sleep interrupted
2019-10-30 11:52:56,813 [grpc-default-executor-8] INFO  impl.RaftServerImpl (RaftServerImpl.java:setRole(184)) - cd11b2f5-3187-4d03-bd60-931991550c17@group-F367C8FA5986: changes role from  FOLLOWER to FOLLOWER at term 179 for recognizeCandidate:9dbd5372-55c2-4532-b354-9494d3d545d2
2019-10-30 11:52:56,813 [grpc-default-executor-8] INFO  impl.RoleInfo (RoleInfo.java:shutdownFollowerState(121)) - cd11b2f5-3187-4d03-bd60-931991550c17: shutdown FollowerState
2019-10-30 11:52:56,813 [grpc-default-executor-7] INFO  impl.RaftServerImpl (RaftServerImpl.java:setRole(184)) - 4cc44201-a597-43af-a4ec-5b1b407a6250@group-83984122B78E: changes role from  FOLLOWER to FOLLOWER at term 196 for recognizeCandidate:f26e10ed-fb17-49e6-a903-eadc130d13d1
2019-10-30 11:52:56,813 [grpc-default-executor-7] INFO  impl.RoleInfo (RoleInfo.java:shutdownFollowerState(121)) - 4cc44201-a597-43af-a4ec-5b1b407a6250: shutdown FollowerState
2019-10-30 11:52:56,813 [grpc-default-executor-8] INFO  impl.RoleInfo (RoleInfo.java:updateAndGet(143)) - cd11b2f5-3187-4d03-bd60-931991550c17: start FollowerState
2019-10-30 11:52:56,813 [Thread-2766] INFO  impl.FollowerState (FollowerState.java:run(117)) - cd11b2f5-3187-4d03-bd60-931991550c17@group-F367C8FA5986-FollowerState was interrupted: java.lang.InterruptedException: sleep interrupted
2019-10-30 11:52:56,814 [Thread-2769] INFO  impl.FollowerState (FollowerState.java:run(117)) - 4cc44201-a597-43af-a4ec-5b1b407a6250@group-83984122B78E-FollowerState was interrupted: java.lang.InterruptedException: sleep interrupted
2019-10-30 11:52:56,814 [9dbd5372-55c2-4532-b354-9494d3d545d2@group-F367C8FA5986-LeaderElection350] INFO  impl.LeaderElection (LeaderElection.java:logAndReturn(56)) - 9dbd5372-55c2-4532-b354-9494d3d545d2@group-F367C8FA5986-LeaderElection350: Election TIMEOUT; received 0 response(s) [] and 0 exception(s); 9dbd5372-55c2-4532-b354-9494d3d545d2@group-F367C8FA5986:t179, leader=null, voted=9dbd5372-55c2-4532-b354-9494d3d545d2, raftlog=9dbd5372-55c2-4532-b354-9494d3d545d2@group-F367C8FA5986-SegmentedRaftLog:OPENED:c-1,f-1,i0, conf=-1: [9b3ef6c9-0245-4756-bf80-45d41f7a4453:192.168.157.220:37058, cd11b2f5-3187-4d03-bd60-931991550c17:192.168.157.220:43236, 9dbd5372-55c2-4532-b354-9494d3d545d2:192.168.157.220:42993], old=null
2019-10-30 11:52:56,814 [grpc-default-executor-7] INFO  impl.RoleInfo (RoleInfo.java:updateAndGet(143)) - 4cc44201-a597-43af-a4ec-5b1b407a6250: start FollowerState
2019-10-30 11:52:56,814 [grpc-default-executor-4] INFO  impl.RaftServerImpl (RaftServerImpl.java:setRole(184)) - 4f16e274-8663-4a15-9c4c-c81f650ab979@group-83984122B78E: changes role from  FOLLOWER to FOLLOWER at term 196 for recognizeCandidate:f26e10ed-fb17-49e6-a903-eadc130d13d1
2019-10-30 11:52:56,814 [grpc-default-executor-4] INFO  impl.RoleInfo (RoleInfo.java:shutdownFollowerState(121)) - 4f16e274-8663-4a15-9c4c-c81f650ab979: shutdown FollowerState
2019-10-30 11:52:56,815 [grpc-default-executor-4] INFO  impl.RoleInfo (RoleInfo.java:updateAndGet(143)) - 4f16e274-8663-4a15-9c4c-c81f650ab979: start FollowerState
2019-10-30 11:52:56,815 [Thread-2770] INFO  impl.FollowerState (FollowerState.java:run(117)) - 4f16e274-8663-4a15-9c4c-c81f650ab979@group-83984122B78E-FollowerState was interrupted: java.lang.InterruptedException: sleep interrupted
2019-10-30 11:52:56,821 [9dbd5372-55c2-4532-b354-9494d3d545d2@group-F367C8FA5986-LeaderElection350] INFO  impl.LeaderElection (LeaderElection.java:askForVotes(178)) - 9dbd5372-55c2-4532-b354-9494d3d545d2@group-F367C8FA5986-LeaderElection350: begin an election at term 180 for -1: [9b3ef6c9-0245-4756-bf80-45d41f7a4453:192.168.157.220:37058, cd11b2f5-3187-4d03-bd60-931991550c17:192.168.157.220:43236, 9dbd5372-55c2-4532-b354-9494d3d545d2:192.168.157.220:42993], old=null
2019-10-30 11:52:56,822 [f26e10ed-fb17-49e6-a903-eadc130d13d1@group-83984122B78E-LeaderElection351] INFO  impl.LeaderElection (LeaderElection.java:logAndReturn(56)) - f26e10ed-fb17-49e6-a903-eadc130d13d1@group-83984122B78E-LeaderElection351: Election REJECTED; received 2 response(s) [f26e10ed-fb17-49e6-a903-eadc130d13d1<-4f16e274-8663-4a15-9c4c-c81f650ab979#0:FAIL-t196, f26e10ed-fb17-49e6-a903-eadc130d13d1<-4cc44201-a597-43af-a4ec-5b1b407a6250#0:FAIL-t196] and 0 exception(s); f26e10ed-fb17-49e6-a903-eadc130d13d1@group-83984122B78E:t196, leader=null, voted=f26e10ed-fb17-49e6-a903-eadc130d13d1, raftlog=f26e10ed-fb17-49e6-a903-eadc130d13d1@group-83984122B78E-SegmentedRaftLog:OPENED:c-1,f-1,i0, conf=-1: [4f16e274-8663-4a15-9c4c-c81f650ab979:192.168.157.220:38181, 4cc44201-a597-43af-a4ec-5b1b407a6250:192.168.157.220:36685, f26e10ed-fb17-49e6-a903-eadc130d13d1:192.168.157.220:32806], old=null
2019-10-30 11:52:56,822 [f26e10ed-fb17-49e6-a903-eadc130d13d1@group-83984122B78E-LeaderElection351] INFO  impl.RaftServerImpl (RaftServerImpl.java:setRole(184)) - f26e10ed-fb17-49e6-a903-eadc130d13d1@group-83984122B78E: changes role from CANDIDATE to FOLLOWER at term 196 for DISCOVERED_A_NEW_TERM
2019-10-30 11:52:56,822 [grpc-default-executor-6] INFO  impl.RaftServerImpl (RaftServerImpl.java:setRole(184)) - 9b3ef6c9-0245-4756-bf80-45d41f7a4453@group-F367C8FA5986: changes role from  FOLLOWER to FOLLOWER at term 180 for recognizeCandidate:9dbd5372-55c2-4532-b354-9494d3d545d2
2019-10-30 11:52:56,822 [grpc-default-executor-6] INFO  impl.RoleInfo (RoleInfo.java:shutdownFollowerState(121)) - 9b3ef6c9-0245-4756-bf80-45d41f7a4453: shutdown FollowerState
2019-10-30 11:52:56,822 [f26e10ed-fb17-49e6-a903-eadc130d13d1@group-83984122B78E-LeaderElection351] INFO  impl.RoleInfo (RoleInfo.java:shutdownLeaderElection(134)) - f26e10ed-fb17-49e6-a903-eadc130d13d1: shutdown LeaderElection
2019-10-30 11:52:56,822 [Thread-2779] INFO  impl.FollowerState (FollowerState.java:run(117)) - 9b3ef6c9-0245-4756-bf80-45d41f7a4453@group-F367C8FA5986-FollowerState was interrupted: java.lang.InterruptedException: sleep interrupted
2019-10-30 11:52:56,822 [grpc-default-executor-6] INFO  impl.RoleInfo (RoleInfo.java:updateAndGet(143)) - 9b3ef6c9-0245-4756-bf80-45d41f7a4453: start FollowerState
2019-10-30 11:52:56,822 [f26e10ed-fb17-49e6-a903-eadc130d13d1@group-83984122B78E-LeaderElection351] INFO  impl.RoleInfo (RoleInfo.java:updateAndGet(143)) - f26e10ed-fb17-49e6-a903-eadc130d13d1: start FollowerState
2019-10-30 11:52:56,822 [grpc-default-executor-8] INFO  impl.RaftServerImpl (RaftServerImpl.java:setRole(184)) - cd11b2f5-3187-4d03-bd60-931991550c17@group-F367C8FA5986: changes role from  FOLLOWER to FOLLOWER at term 180 for recognizeCandidate:9dbd5372-55c2-4532-b354-9494d3d545d2
2019-10-30 11:52:56,823 [grpc-default-executor-8] INFO  impl.RoleInfo (RoleInfo.java:shutdownFollowerState(121)) - cd11b2f5-3187-4d03-bd60-931991550c17: shutdown FollowerState
2019-10-30 11:52:56,823 [grpc-default-executor-8] INFO  impl.RoleInfo (RoleInfo.java:updateAndGet(143)) - cd11b2f5-3187-4d03-bd60-931991550c17: start FollowerState
2019-10-30 11:52:56,823 [Thread-2780] INFO  impl.FollowerState (FollowerState.java:run(117)) - cd11b2f5-3187-4d03-bd60-931991550c17@group-F367C8FA5986-FollowerState was interrupted: java.lang.InterruptedException: sleep interrupted
2019-10-30 11:52:56,829 [9dbd5372-55c2-4532-b354-9494d3d545d2@group-F367C8FA5986-LeaderElection350] INFO  impl.LeaderElection (LeaderElection.java:logAndReturn(56)) - 9dbd5372-55c2-4532-b354-9494d3d545d2@group-F367C8FA5986-LeaderElection350: Election REJECTED; received 2 response(s) [9dbd5372-55c2-4532-b354-9494d3d545d2<-9b3ef6c9-0245-4756-bf80-45d41f7a4453#0:FAIL-t180, 9dbd5372-55c2-4532-b354-9494d3d545d2<-cd11b2f5-3187-4d03-bd60-931991550c17#0:FAIL-t180] and 0 exception(s); 9dbd5372-55c2-4532-b354-9494d3d545d2@group-F367C8FA5986:t180, leader=null, voted=9dbd5372-55c2-4532-b354-9494d3d545d2, raftlog=9dbd5372-55c2-4532-b354-9494d3d545d2@group-F367C8FA5986-SegmentedRaftLog:OPENED:c-1,f-1,i0, conf=-1: [9b3ef6c9-0245-4756-bf80-45d41f7a4453:192.168.157.220:37058, cd11b2f5-3187-4d03-bd60-931991550c17:192.168.157.220:43236, 9dbd5372-55c2-4532-b354-9494d3d545d2:192.168.157.220:42993], old=null
2019-10-30 11:52:56,829 [9dbd5372-55c2-4532-b354-9494d3d545d2@group-F367C8FA5986-LeaderElection350] INFO  impl.RaftServerImpl (RaftServerImpl.java:setRole(184)) - 9dbd5372-55c2-4532-b354-9494d3d545d2@group-F367C8FA5986: changes role from CANDIDATE to FOLLOWER at term 180 for DISCOVERED_A_NEW_TERM
2019-10-30 11:52:56,829 [9dbd5372-55c2-4532-b354-9494d3d545d2@group-F367C8FA5986-LeaderElection350] INFO  impl.RoleInfo (RoleInfo.java:shutdownLeaderElection(134)) - 9dbd5372-55c2-4532-b354-9494d3d545d2: shutdown LeaderElection
2019-10-30 11:52:56,830 [9dbd5372-55c2-4532-b354-9494d3d545d2@group-F367C8FA5986-LeaderElection350] INFO  impl.RoleInfo (RoleInfo.java:updateAndGet(143)) - 9dbd5372-55c2-4532-b354-9494d3d545d2: start FollowerState
2019-10-30 11:52:56,916 [Thread-2788] INFO  impl.FollowerState (FollowerState.java:run(108)) - 9dbd5372-55c2-4532-b354-9494d3d545d2@group-F367C8FA5986-FollowerState: change to CANDIDATE, lastRpcTime:86ms, electionTimeout:85ms
2019-10-30 11:52:56,916 [Thread-2788] INFO  impl.RoleInfo (RoleInfo.java:shutdownFollowerState(121)) - 9dbd5372-55c2-4532-b354-9494d3d545d2: shutdown FollowerState
2019-10-30 11:52:56,916 [Thread-2788] INFO  impl.RaftServerImpl (RaftServerImpl.java:setRole(184)) - 9dbd5372-55c2-4532-b354-9494d3d545d2@group-F367C8FA5986: changes role from  FOLLOWER to CANDIDATE at term 180 for changeToCandidate
2019-10-30 11:52:56,916 [Thread-2788] INFO  impl.RoleInfo (RoleInfo.java:updateAndGet(143)) - 9dbd5372-55c2-4532-b354-9494d3d545d2: start LeaderElection
2019-10-30 11:52:56,925 [9dbd5372-55c2-4532-b354-9494d3d545d2@group-F367C8FA5986-LeaderElection352] INFO  impl.LeaderElection (LeaderElection.java:askForVotes(178)) - 9dbd5372-55c2-4532-b354-9494d3d545d2@group-F367C8FA5986-LeaderElection352: begin an election at term 181 for -1: [9b3ef6c9-0245-4756-bf80-45d41f7a4453:192.168.157.220:37058, cd11b2f5-3187-4d03-bd60-931991550c17:192.168.157.220:43236, 9dbd5372-55c2-4532-b354-9494d3d545d2:192.168.157.220:42993], old=null
2019-10-30 11:52:56,930 [grpc-default-executor-8] INFO  impl.RaftServerImpl (RaftServerImpl.java:setRole(184)) - cd11b2f5-3187-4d03-bd60-931991550c17@group-F367C8FA5986: changes role from  FOLLOWER to FOLLOWER at term 181 for recognizeCandidate:9dbd5372-55c2-4532-b354-9494d3d545d2
2019-10-30 11:52:56,930 [grpc-default-executor-8] INFO  impl.RoleInfo (RoleInfo.java:shutdownFollowerState(121)) - cd11b2f5-3187-4d03-bd60-931991550c17: shutdown FollowerState
2019-10-30 11:52:56,930 [grpc-default-executor-8] INFO  impl.RoleInfo (RoleInfo.java:updateAndGet(143)) - cd11b2f5-3187-4d03-bd60-931991550c17: start FollowerState
2019-10-30 11:52:56,930 [Thread-2787] INFO  impl.FollowerState (FollowerState.java:run(117)) - cd11b2f5-3187-4d03-bd60-931991550c17@group-F367C8FA5986-FollowerState was interrupted: java.lang.InterruptedException: sleep interrupted
2019-10-30 11:52:56,932 [grpc-default-executor-6] INFO  impl.RaftServerImpl (RaftServerImpl.java:setRole(184)) - 9b3ef6c9-0245-4756-bf80-45d41f7a4453@group-F367C8FA5986: changes role from  FOLLOWER to FOLLOWER at term 181 for recognizeCandidate:9dbd5372-55c2-4532-b354-9494d3d545d2
2019-10-30 11:52:56,932 [grpc-default-executor-6] INFO  impl.RoleInfo (RoleInfo.java:shutdownFollowerState(121)) - 9b3ef6c9-0245-4756-bf80-45d41f7a4453: shutdown FollowerState
2019-10-30 11:52:56,932 [grpc-default-executor-6] INFO  impl.RoleInfo (RoleInfo.java:updateAndGet(143)) - 9b3ef6c9-0245-4756-bf80-45d41f7a4453: start FollowerState
2019-10-30 11:52:56,933 [Thread-2785] INFO  impl.FollowerState (FollowerState.java:run(117)) - 9b3ef6c9-0245-4756-bf80-45d41f7a4453@group-F367C8FA5986-FollowerState was interrupted: java.lang.InterruptedException: sleep interrupted
2019-10-30 11:52:56,943 [Thread-2786] INFO  impl.FollowerState (FollowerState.java:run(108)) - f26e10ed-fb17-49e6-a903-eadc130d13d1@group-83984122B78E-FollowerState: change to CANDIDATE, lastRpcTime:120ms, electionTimeout:120ms
2019-10-30 11:52:56,943 [Thread-2786] INFO  impl.RoleInfo (RoleInfo.java:shutdownFollowerState(121)) - f26e10ed-fb17-49e6-a903-eadc130d13d1: shutdown FollowerState
2019-10-30 11:52:56,943 [Thread-2786] INFO  impl.RaftServerImpl (RaftServerImpl.java:setRole(184)) - f26e10ed-fb17-49e6-a903-eadc130d13d1@group-83984122B78E: changes role from  FOLLOWER to CANDIDATE at term 196 for changeToCandidate
2019-10-30 11:52:56,943 [Thread-2786] INFO  impl.RoleInfo (RoleInfo.java:updateAndGet(143)) - f26e10ed-fb17-49e6-a903-eadc130d13d1: start LeaderElection
2019-10-30 11:52:56,956 [f26e10ed-fb17-49e6-a903-eadc130d13d1@group-83984122B78E-LeaderElection353] INFO  impl.LeaderElection (LeaderElection.java:askForVotes(178)) - f26e10ed-fb17-49e6-a903-eadc130d13d1@group-83984122B78E-LeaderElection353: begin an election at term 197 for -1: [4f16e274-8663-4a15-9c4c-c81f650ab979:192.168.157.220:38181, 4cc44201-a597-43af-a4ec-5b1b407a6250:192.168.157.220:36685, f26e10ed-fb17-49e6-a903-eadc130d13d1:192.168.157.220:32806], old=null
2019-10-30 11:52:56,956 [9dbd5372-55c2-4532-b354-9494d3d545d2@group-F367C8FA5986-LeaderElection352] INFO  impl.LeaderElection (LeaderElection.java:logAndReturn(56)) - 9dbd5372-55c2-4532-b354-9494d3d545d2@group-F367C8FA5986-LeaderElection352: Election REJECTED; received 2 response(s) [9dbd5372-55c2-4532-b354-9494d3d545d2<-9b3ef6c9-0245-4756-bf80-45d41f7a4453#0:FAIL-t181, 9dbd5372-55c2-4532-b354-9494d3d545d2<-cd11b2f5-3187-4d03-bd60-931991550c17#0:FAIL-t181] and 0 exception(s); 9dbd5372-55c2-4532-b354-9494d3d545d2@group-F367C8FA5986:t181, leader=null, voted=9dbd5372-55c2-4532-b354-9494d3d545d2, raftlog=9dbd5372-55c2-4532-b354-9494d3d545d2@group-F367C8FA5986-SegmentedRaftLog:OPENED:c-1,f-1,i0, conf=-1: [9b3ef6c9-0245-4756-bf80-45d41f7a4453:192.168.157.220:37058, cd11b2f5-3187-4d03-bd60-931991550c17:192.168.157.220:43236, 9dbd5372-55c2-4532-b354-9494d3d545d2:192.168.157.220:42993], old=null
2019-10-30 11:52:56,957 [9dbd5372-55c2-4532-b354-9494d3d545d2@group-F367C8FA5986-LeaderElection352] INFO  impl.RaftServerImpl (RaftServerImpl.java:setRole(184)) - 9dbd5372-55c2-4532-b354-9494d3d545d2@group-F367C8FA5986: changes role from CANDIDATE to FOLLOWER at term 181 for DISCOVERED_A_NEW_TERM
2019-10-30 11:52:56,957 [9dbd5372-55c2-4532-b354-9494d3d545d2@group-F367C8FA5986-LeaderElection352] INFO  impl.RoleInfo (RoleInfo.java:shutdownLeaderElection(134)) - 9dbd5372-55c2-4532-b354-9494d3d545d2: shutdown LeaderElection
2019-10-30 11:52:56,957 [9dbd5372-55c2-4532-b354-9494d3d545d2@group-F367C8FA5986-LeaderElection352] INFO  impl.RoleInfo (RoleInfo.java:updateAndGet(143)) - 9dbd5372-55c2-4532-b354-9494d3d545d2: start FollowerState
2019-10-30 11:52:56,958 [grpc-default-executor-6] INFO  impl.RaftServerImpl (RaftServerImpl.java:setRole(184)) - 4f16e274-8663-4a15-9c4c-c81f650ab979@group-83984122B78E: changes role from  FOLLOWER to FOLLOWER at term 197 for recognizeCandidate:f26e10ed-fb17-49e6-a903-eadc130d13d1
2019-10-30 11:52:56,958 [grpc-default-executor-6] INFO  impl.RoleInfo (RoleInfo.java:shutdownFollowerState(121)) - 4f16e274-8663-4a15-9c4c-c81f650ab979: shutdown FollowerState
2019-10-30 11:52:56,958 [grpc-default-executor-6] INFO  impl.RoleInfo (RoleInfo.java:updateAndGet(143)) - 4f16e274-8663-4a15-9c4c-c81f650ab979: start FollowerState
2019-10-30 11:52:56,958 [Thread-2782] INFO  impl.FollowerState (FollowerState.java:run(117)) - 4f16e274-8663-4a15-9c4c-c81f650ab979@group-83984122B78E-FollowerState was interrupted: java.lang.InterruptedException: sleep interrupted
2019-10-30 11:52:56,960 [grpc-default-executor-8] INFO  impl.RaftServerImpl (RaftServerImpl.java:setRole(184)) - 4cc44201-a597-43af-a4ec-5b1b407a6250@group-83984122B78E: changes role from  FOLLOWER to FOLLOWER at term 197 for recognizeCandidate:f26e10ed-fb17-49e6-a903-eadc130d13d1
2019-10-30 11:52:56,960 [grpc-default-executor-8] INFO  impl.RoleInfo (RoleInfo.java:shutdownFollowerState(121)) - 4cc44201-a597-43af-a4ec-5b1b407a6250: shutdown FollowerState
2019-10-30 11:52:56,960 [grpc-default-executor-8] INFO  impl.RoleInfo (RoleInfo.java:updateAndGet(143)) - 4cc44201-a597-43af-a4ec-5b1b407a6250: start FollowerState
2019-10-30 11:52:56,960 [Thread-2781] INFO  impl.FollowerState (FollowerState.java:run(117)) - 4cc44201-a597-43af-a4ec-5b1b407a6250@group-83984122B78E-FollowerState was interrupted: java.lang.InterruptedException: sleep interrupted
2019-10-30 11:52:56,972 [f26e10ed-fb17-49e6-a903-eadc130d13d1@group-83984122B78E-LeaderElection353] INFO  impl.LeaderElection (LeaderElection.java:logAndReturn(56)) - f26e10ed-fb17-49e6-a903-eadc130d13d1@group-83984122B78E-LeaderElection353: Election REJECTED; received 2 response(s) [f26e10ed-fb17-49e6-a903-eadc130d13d1<-4f16e274-8663-4a15-9c4c-c81f650ab979#0:FAIL-t197, f26e10ed-fb17-49e6-a903-eadc130d13d1<-4cc44201-a597-43af-a4ec-5b1b407a6250#0:FAIL-t197] and 0 exception(s); f26e10ed-fb17-49e6-a903-eadc130d13d1@group-83984122B78E:t197, leader=null, voted=f26e10ed-fb17-49e6-a903-eadc130d13d1, raftlog=f26e10ed-fb17-49e6-a903-eadc130d13d1@group-83984122B78E-SegmentedRaftLog:OPENED:c-1,f-1,i0, conf=-1: [4f16e274-8663-4a15-9c4c-c81f650ab979:192.168.157.220:38181, 4cc44201-a597-43af-a4ec-5b1b407a6250:192.168.157.220:36685, f26e10ed-fb17-49e6-a903-eadc130d13d1:192.168.157.220:32806], old=null
2019-10-30 11:52:56,972 [f26e10ed-fb17-49e6-a903-eadc130d13d1@group-83984122B78E-LeaderElection353] INFO  impl.RaftServerImpl (RaftServerImpl.java:setRole(184)) - f26e10ed-fb17-49e6-a903-eadc130d13d1@group-83984122B78E: changes role from CANDIDATE to FOLLOWER at term 197 for DISCOVERED_A_NEW_TERM
2019-10-30 11:52:56,972 [f26e10ed-fb17-49e6-a903-eadc130d13d1@group-83984122B78E-LeaderElection353] INFO  impl.RoleInfo (RoleInfo.java:shutdownLeaderElection(134)) - f26e10ed-fb17-49e6-a903-eadc130d13d1: shutdown LeaderElection
2019-10-30 11:52:56,972 [f26e10ed-fb17-49e6-a903-eadc130d13d1@group-83984122B78E-LeaderElection353] INFO  impl.RoleInfo (RoleInfo.java:updateAndGet(143)) - f26e10ed-fb17-49e6-a903-eadc130d13d1: start FollowerState
2019-10-30 11:52:57,053 [Thread-2800] INFO  impl.FollowerState (FollowerState.java:run(108)) - f26e10ed-fb17-49e6-a903-eadc130d13d1@group-83984122B78E-FollowerState: change to CANDIDATE, lastRpcTime:81ms, electionTimeout:79ms
2019-10-30 11:52:57,053 [Thread-2800] INFO  impl.RoleInfo (RoleInfo.java:shutdownFollowerState(121)) - f26e10ed-fb17-49e6-a903-eadc130d13d1: shutdown FollowerState
2019-10-30 11:52:57,054 [Thread-2800] INFO  impl.RaftServerImpl (RaftServerImpl.java:setRole(184)) - f26e10ed-fb17-49e6-a903-eadc130d13d1@group-83984122B78E: changes role from  FOLLOWER to CANDIDATE at term 197 for changeToCandidate
2019-10-30 11:52:57,054 [Thread-2800] INFO  impl.RoleInfo (RoleInfo.java:updateAndGet(143)) - f26e10ed-fb17-49e6-a903-eadc130d13d1: start LeaderElection
2019-10-30 11:52:57,059 [f26e10ed-fb17-49e6-a903-eadc130d13d1@group-83984122B78E-LeaderElection354] INFO  impl.LeaderElection (LeaderElection.java:askForVotes(178)) - f26e10ed-fb17-49e6-a903-eadc130d13d1@group-83984122B78E-LeaderElection354: begin an election at term 198 for -1: [4f16e274-8663-4a15-9c4c-c81f650ab979:192.168.157.220:38181, 4cc44201-a597-43af-a4ec-5b1b407a6250:192.168.157.220:36685, f26e10ed-fb17-49e6-a903-eadc130d13d1:192.168.157.220:32806], old=null
2019-10-30 11:52:57,061 [grpc-default-executor-8] INFO  impl.RaftServerImpl (RaftServerImpl.java:setRole(184)) - 4cc44201-a597-43af-a4ec-5b1b407a6250@group-83984122B78E: changes role from  FOLLOWER to FOLLOWER at term 198 for recognizeCandidate:f26e10ed-fb17-49e6-a903-eadc130d13d1
2019-10-30 11:52:57,061 [grpc-default-executor-8] INFO  impl.RoleInfo (RoleInfo.java:shutdownFollowerState(121)) - 4cc44201-a597-43af-a4ec-5b1b407a6250: shutdown FollowerState
2019-10-30 11:52:57,061 [grpc-default-executor-8] INFO  impl.RoleInfo (RoleInfo.java:updateAndGet(143)) - 4cc44201-a597-43af-a4ec-5b1b407a6250: start FollowerState
2019-10-30 11:52:57,062 [grpc-default-executor-6] INFO  impl.RaftServerImpl (RaftServerImpl.java:setRole(184)) - 4f16e274-8663-4a15-9c4c-c81f650ab979@group-83984122B78E: changes role from  FOLLOWER to FOLLOWER at term 198 for recognizeCandidate:f26e10ed-fb17-49e6-a903-eadc130d13d1
2019-10-30 11:52:57,062 [grpc-default-executor-6] INFO  impl.RoleInfo (RoleInfo.java:shutdownFollowerState(121)) - 4f16e274-8663-4a15-9c4c-c81f650ab979: shutdown FollowerState
2019-10-30 11:52:57,062 [Thread-2799] INFO  impl.FollowerState (FollowerState.java:run(117)) - 4cc44201-a597-43af-a4ec-5b1b407a6250@group-83984122B78E-FollowerState was interrupted: java.lang.InterruptedException: sleep interrupted
2019-10-30 11:52:57,062 [grpc-default-executor-6] INFO  impl.RoleInfo (RoleInfo.java:updateAndGet(143)) - 4f16e274-8663-4a15-9c4c-c81f650ab979: start FollowerState
2019-10-30 11:52:57,062 [Thread-2798] INFO  impl.FollowerState (FollowerState.java:run(117)) - 4f16e274-8663-4a15-9c4c-c81f650ab979@group-83984122B78E-FollowerState was interrupted: java.lang.InterruptedException: sleep interrupted
2019-10-30 11:52:57,078 [f26e10ed-fb17-49e6-a903-eadc130d13d1@group-83984122B78E-LeaderElection354] INFO  impl.LeaderElection (LeaderElection.java:logAndReturn(56)) - f26e10ed-fb17-49e6-a903-eadc130d13d1@group-83984122B78E-LeaderElection354: Election REJECTED; received 2 response(s) [f26e10ed-fb17-49e6-a903-eadc130d13d1<-4f16e274-8663-4a15-9c4c-c81f650ab979#0:FAIL-t198, f26e10ed-fb17-49e6-a903-eadc130d13d1<-4cc44201-a597-43af-a4ec-5b1b407a6250#0:FAIL-t198] and 0 exception(s); f26e10ed-fb17-49e6-a903-eadc130d13d1@group-83984122B78E:t198, leader=null, voted=f26e10ed-fb17-49e6-a903-eadc130d13d1, raftlog=f26e10ed-fb17-49e6-a903-eadc130d13d1@group-83984122B78E-SegmentedRaftLog:OPENED:c-1,f-1,i0, conf=-1: [4f16e274-8663-4a15-9c4c-c81f650ab979:192.168.157.220:38181, 4cc44201-a597-43af-a4ec-5b1b407a6250:192.168.157.220:36685, f26e10ed-fb17-49e6-a903-eadc130d13d1:192.168.157.220:32806], old=null
2019-10-30 11:52:57,078 [f26e10ed-fb17-49e6-a903-eadc130d13d1@group-83984122B78E-LeaderElection354] INFO  impl.RaftServerImpl (RaftServerImpl.java:setRole(184)) - f26e10ed-fb17-49e6-a903-eadc130d13d1@group-83984122B78E: changes role from CANDIDATE to FOLLOWER at term 198 for DISCOVERED_A_NEW_TERM
2019-10-30 11:52:57,079 [f26e10ed-fb17-49e6-a903-eadc130d13d1@group-83984122B78E-LeaderElection354] INFO  impl.RoleInfo (RoleInfo.java:shutdownLeaderElection(134)) - f26e10ed-fb17-49e6-a903-eadc130d13d1: shutdown LeaderElection
2019-10-30 11:52:57,079 [f26e10ed-fb17-49e6-a903-eadc130d13d1@group-83984122B78E-LeaderElection354] INFO  impl.RoleInfo (RoleInfo.java:updateAndGet(143)) - f26e10ed-fb17-49e6-a903-eadc130d13d1: start FollowerState
2019-10-30 11:52:57,151 [Thread-2797] INFO  impl.FollowerState (FollowerState.java:run(108)) - 9dbd5372-55c2-4532-b354-9494d3d545d2@group-F367C8FA5986-FollowerState: change to CANDIDATE, lastRpcTime:193ms, electionTimeout:192ms
2019-10-30 11:52:57,151 [Thread-2797] INFO  impl.RoleInfo (RoleInfo.java:shutdownFollowerState(121)) - 9dbd5372-55c2-4532-b354-9494d3d545d2: shutdown FollowerState
2019-10-30 11:52:57,151 [Thread-2797] INFO  impl.RaftServerImpl (RaftServerImpl.java:setRole(184)) - 9dbd5372-55c2-4532-b354-9494d3d545d2@group-F367C8FA5986: changes role from  FOLLOWER to CANDIDATE at term 181 for changeToCandidate
2019-10-30 11:52:57,151 [Thread-2797] INFO  impl.RoleInfo (RoleInfo.java:updateAndGet(143)) - 9dbd5372-55c2-4532-b354-9494d3d545d2: start LeaderElection
2019-10-30 11:52:57,207 [9dbd5372-55c2-4532-b354-9494d3d545d2@group-F367C8FA5986-LeaderElection355] INFO  impl.LeaderElection (LeaderElection.java:askForVotes(178)) - 9dbd5372-55c2-4532-b354-9494d3d545d2@group-F367C8FA5986-LeaderElection355: begin an election at term 182 for -1: [9b3ef6c9-0245-4756-bf80-45d41f7a4453:192.168.157.220:37058, cd11b2f5-3187-4d03-bd60-931991550c17:192.168.157.220:43236, 9dbd5372-55c2-4532-b354-9494d3d545d2:192.168.157.220:42993], old=null
2019-10-30 11:52:57,209 [grpc-default-executor-8] INFO  impl.RaftServerImpl (RaftServerImpl.java:setRole(184)) - 9b3ef6c9-0245-4756-bf80-45d41f7a4453@group-F367C8FA5986: changes role from  FOLLOWER to FOLLOWER at term 182 for recognizeCandidate:9dbd5372-55c2-4532-b354-9494d3d545d2
2019-10-30 11:52:57,209 [grpc-default-executor-6] INFO  impl.RaftServerImpl (RaftServerImpl.java:setRole(184)) - cd11b2f5-3187-4d03-bd60-931991550c17@group-F367C8FA5986: changes role from  FOLLOWER to FOLLOWER at term 182 for recognizeCandidate:9dbd5372-55c2-4532-b354-9494d3d545d2
2019-10-30 11:52:57,210 [grpc-default-executor-6] INFO  impl.RoleInfo (RoleInfo.java:shutdownFollowerState(121)) - cd11b2f5-3187-4d03-bd60-931991550c17: shutdown FollowerState
2019-10-30 11:52:57,210 [grpc-default-executor-6] INFO  impl.RoleInfo (RoleInfo.java:updateAndGet(143)) - cd11b2f5-3187-4d03-bd60-931991550c17: start FollowerState
2019-10-30 11:52:57,209 [grpc-default-executor-8] INFO  impl.RoleInfo (RoleInfo.java:shutdownFollowerState(121)) - 9b3ef6c9-0245-4756-bf80-45d41f7a4453: shutdown FollowerState
2019-10-30 11:52:57,210 [Thread-2792] INFO  impl.FollowerState (FollowerState.java:run(117)) - cd11b2f5-3187-4d03-bd60-931991550c17@group-F367C8FA5986-FollowerState was interrupted: java.lang.InterruptedException: sleep interrupted
2019-10-30 11:52:57,210 [grpc-default-executor-8] INFO  impl.RoleInfo (RoleInfo.java:updateAndGet(143)) - 9b3ef6c9-0245-4756-bf80-45d41f7a4453: start FollowerState
2019-10-30 11:52:57,211 [Thread-2793] INFO  impl.FollowerState (FollowerState.java:run(117)) - 9b3ef6c9-0245-4756-bf80-45d41f7a4453@group-F367C8FA5986-FollowerState was interrupted: java.lang.InterruptedException: sleep interrupted
2019-10-30 11:52:57,215 [Thread-2806] INFO  impl.FollowerState (FollowerState.java:run(108)) - f26e10ed-fb17-49e6-a903-eadc130d13d1@group-83984122B78E-FollowerState: change to CANDIDATE, lastRpcTime:136ms, electionTimeout:136ms
2019-10-30 11:52:57,215 [Thread-2806] INFO  impl.RoleInfo (RoleInfo.java:shutdownFollowerState(121)) - f26e10ed-fb17-49e6-a903-eadc130d13d1: shutdown FollowerState
2019-10-30 11:52:57,216 [Thread-2806] INFO  impl.RaftServerImpl (RaftServerImpl.java:setRole(184)) - f26e10ed-fb17-49e6-a903-eadc130d13d1@group-83984122B78E: changes role from  FOLLOWER to CANDIDATE at term 198 for changeToCandidate
2019-10-30 11:52:57,216 [Thread-2806] INFO  impl.RoleInfo (RoleInfo.java:updateAndGet(143)) - f26e10ed-fb17-49e6-a903-eadc130d13d1: start LeaderElection
2019-10-30 11:52:57,224 [f26e10ed-fb17-49e6-a903-eadc130d13d1@group-83984122B78E-LeaderElection356] INFO  impl.LeaderElection (LeaderElection.java:askForVotes(178)) - f26e10ed-fb17-49e6-a903-eadc130d13d1@group-83984122B78E-LeaderElection356: begin an election at term 199 for -1: [4f16e274-8663-4a15-9c4c-c81f650ab979:192.168.157.220:38181, 4cc44201-a597-43af-a4ec-5b1b407a6250:192.168.157.220:36685, f26e10ed-fb17-49e6-a903-eadc130d13d1:192.168.157.220:32806], old=null
2019-10-30 11:52:57,225 [grpc-default-executor-6] INFO  impl.RaftServerImpl (RaftServerImpl.java:setRole(184)) - 4f16e274-8663-4a15-9c4c-c81f650ab979@group-83984122B78E: changes role from  FOLLOWER to FOLLOWER at term 199 for recognizeCandidate:f26e10ed-fb17-49e6-a903-eadc130d13d1
2019-10-30 11:52:57,226 [grpc-default-executor-6] INFO  impl.RoleInfo (RoleInfo.java:shutdownFollowerState(121)) - 4f16e274-8663-4a15-9c4c-c81f650ab979: shutdown FollowerState
2019-10-30 11:52:57,226 [grpc-default-executor-6] INFO  impl.RoleInfo (RoleInfo.java:updateAndGet(143)) - 4f16e274-8663-4a15-9c4c-c81f650ab979: start FollowerState
2019-10-30 11:52:57,226 [Thread-2805] INFO  impl.FollowerState (FollowerState.java:run(117)) - 4f16e274-8663-4a15-9c4c-c81f650ab979@group-83984122B78E-FollowerState was interrupted: java.lang.InterruptedException: sleep interrupted
2019-10-30 11:52:57,226 [9dbd5372-55c2-4532-b354-9494d3d545d2@group-F367C8FA5986-LeaderElection355] INFO  impl.LeaderElection (LeaderElection.java:logAndReturn(56)) - 9dbd5372-55c2-4532-b354-9494d3d545d2@group-F367C8FA5986-LeaderElection355: Election REJECTED; received 2 response(s) [9dbd5372-55c2-4532-b354-9494d3d545d2<-9b3ef6c9-0245-4756-bf80-45d41f7a4453#0:FAIL-t182, 9dbd5372-55c2-4532-b354-9494d3d545d2<-cd11b2f5-3187-4d03-bd60-931991550c17#0:FAIL-t182] and 0 exception(s); 9dbd5372-55c2-4532-b354-9494d3d545d2@group-F367C8FA5986:t182, leader=null, voted=9dbd5372-55c2-4532-b354-9494d3d545d2, raftlog=9dbd5372-55c2-4532-b354-9494d3d545d2@group-F367C8FA5986-SegmentedRaftLog:OPENED:c-1,f-1,i0, conf=-1: [9b3ef6c9-0245-4756-bf80-45d41f7a4453:192.168.157.220:37058, cd11b2f5-3187-4d03-bd60-931991550c17:192.168.157.220:43236, 9dbd5372-55c2-4532-b354-9494d3d545d2:192.168.157.220:42993], old=null
2019-10-30 11:52:57,226 [9dbd5372-55c2-4532-b354-9494d3d545d2@group-F367C8FA5986-LeaderElection355] INFO  impl.RaftServerImpl (RaftServerImpl.java:setRole(184)) - 9dbd5372-55c2-4532-b354-9494d3d545d2@group-F367C8FA5986: changes role from CANDIDATE to FOLLOWER at term 182 for DISCOVERED_A_NEW_TERM
2019-10-30 11:52:57,226 [9dbd5372-55c2-4532-b354-9494d3d545d2@group-F367C8FA5986-LeaderElection355] INFO  impl.RoleInfo (RoleInfo.java:shutdownLeaderElection(134)) - 9dbd5372-55c2-4532-b354-9494d3d545d2: shutdown LeaderElection
2019-10-30 11:52:57,227 [9dbd5372-55c2-4532-b354-9494d3d545d2@group-F367C8FA5986-LeaderElection355] INFO  impl.RoleInfo (RoleInfo.java:updateAndGet(143)) - 9dbd5372-55c2-4532-b354-9494d3d545d2: start FollowerState
2019-10-30 11:52:57,227 [grpc-default-executor-8] INFO  impl.RaftServerImpl (RaftServerImpl.java:setRole(184)) - 4cc44201-a597-43af-a4ec-5b1b407a6250@group-83984122B78E: changes role from  FOLLOWER to FOLLOWER at term 199 for recognizeCandidate:f26e10ed-fb17-49e6-a903-eadc130d13d1
2019-10-30 11:52:57,228 [grpc-default-executor-8] INFO  impl.RoleInfo (RoleInfo.java:shutdownFollowerState(121)) - 4cc44201-a597-43af-a4ec-5b1b407a6250: shutdown FollowerState
2019-10-30 11:52:57,228 [grpc-default-executor-8] INFO  impl.RoleInfo (RoleInfo.java:updateAndGet(143)) - 4cc44201-a597-43af-a4ec-5b1b407a6250: start FollowerState
2019-10-30 11:52:57,228 [Thread-2804] INFO  impl.FollowerState (FollowerState.java:run(117)) - 4cc44201-a597-43af-a4ec-5b1b407a6250@group-83984122B78E-FollowerState was interrupted: java.lang.InterruptedException: sleep interrupted
2019-10-30 11:52:57,259 [f26e10ed-fb17-49e6-a903-eadc130d13d1@group-83984122B78E-LeaderElection356] INFO  impl.LeaderElection (LeaderElection.java:logAndReturn(56)) - f26e10ed-fb17-49e6-a903-eadc130d13d1@group-83984122B78E-LeaderElection356: Election REJECTED; received 2 response(s) [f26e10ed-fb17-49e6-a903-eadc130d13d1<-4f16e274-8663-4a15-9c4c-c81f650ab979#0:FAIL-t199, f26e10ed-fb17-49e6-a903-eadc130d13d1<-4cc44201-a597-43af-a4ec-5b1b407a6250#0:FAIL-t199] and 0 exception(s); f26e10ed-fb17-49e6-a903-eadc130d13d1@group-83984122B78E:t199, leader=null, voted=f26e10ed-fb17-49e6-a903-eadc130d13d1, raftlog=f26e10ed-fb17-49e6-a903-eadc130d13d1@group-83984122B78E-SegmentedRaftLog:OPENED:c-1,f-1,i0, conf=-1: [4f16e274-8663-4a15-9c4c-c81f650ab979:192.168.157.220:38181, 4cc44201-a597-43af-a4ec-5b1b407a6250:192.168.157.220:36685, f26e10ed-fb17-49e6-a903-eadc130d13d1:192.168.157.220:32806], old=null
2019-10-30 11:52:57,259 [f26e10ed-fb17-49e6-a903-eadc130d13d1@group-83984122B78E-LeaderElection356] INFO  impl.RaftServerImpl (RaftServerImpl.java:setRole(184)) - f26e10ed-fb17-49e6-a903-eadc130d13d1@group-83984122B78E: changes role from CANDIDATE to FOLLOWER at term 199 for DISCOVERED_A_NEW_TERM
2019-10-30 11:52:57,259 [f26e10ed-fb17-49e6-a903-eadc130d13d1@group-83984122B78E-LeaderElection356] INFO  impl.RoleInfo (RoleInfo.java:shutdownLeaderElection(134)) - f26e10ed-fb17-49e6-a903-eadc130d13d1: shutdown LeaderElection
2019-10-30 11:52:57,259 [f26e10ed-fb17-49e6-a903-eadc130d13d1@group-83984122B78E-LeaderElection356] INFO  impl.RoleInfo (RoleInfo.java:updateAndGet(143)) - f26e10ed-fb17-49e6-a903-eadc130d13d1: start FollowerState
2019-10-30 11:52:57,319 [Thread-2818] INFO  impl.FollowerState (FollowerState.java:run(108)) - 9dbd5372-55c2-4532-b354-9494d3d545d2@group-F367C8FA5986-FollowerState: change to CANDIDATE, lastRpcTime:92ms, electionTimeout:92ms
2019-10-30 11:52:57,319 [Thread-2818] INFO  impl.RoleInfo (RoleInfo.java:shutdownFollowerState(121)) - 9dbd5372-55c2-4532-b354-9494d3d545d2: shutdown FollowerState
2019-10-30 11:52:57,319 [Thread-2818] INFO  impl.RaftServerImpl (RaftServerImpl.java:setRole(184)) - 9dbd5372-55c2-4532-b354-9494d3d545d2@group-F367C8FA5986: changes role from  FOLLOWER to CANDIDATE at term 182 for changeToCandidate
2019-10-30 11:52:57,319 [Thread-2818] INFO  impl.RoleInfo (RoleInfo.java:updateAndGet(143)) - 9dbd5372-55c2-4532-b354-9494d3d545d2: start LeaderElection
2019-10-30 11:52:57,331 [9dbd5372-55c2-4532-b354-9494d3d545d2@group-F367C8FA5986-LeaderElection357] INFO  impl.LeaderElection (LeaderElection.java:askForVotes(178)) - 9dbd5372-55c2-4532-b354-9494d3d545d2@group-F367C8FA5986-LeaderElection357: begin an election at term 183 for -1: [9b3ef6c9-0245-4756-bf80-45d41f7a4453:192.168.157.220:37058, cd11b2f5-3187-4d03-bd60-931991550c17:192.168.157.220:43236, 9dbd5372-55c2-4532-b354-9494d3d545d2:192.168.157.220:42993], old=null
2019-10-30 11:52:57,334 [grpc-default-executor-8] INFO  impl.RaftServerImpl (RaftServerImpl.java:setRole(184)) - 9b3ef6c9-0245-4756-bf80-45d41f7a4453@group-F367C8FA5986: changes role from  FOLLOWER to FOLLOWER at term 183 for recognizeCandidate:9dbd5372-55c2-4532-b354-9494d3d545d2
2019-10-30 11:52:57,334 [grpc-default-executor-8] INFO  impl.RoleInfo (RoleInfo.java:shutdownFollowerState(121)) - 9b3ef6c9-0245-4756-bf80-45d41f7a4453: shutdown FollowerState
2019-10-30 11:52:57,334 [grpc-default-executor-8] INFO  impl.RoleInfo (RoleInfo.java:updateAndGet(143)) - 9b3ef6c9-0245-4756-bf80-45d41f7a4453: start FollowerState
2019-10-30 11:52:57,334 [Thread-2813] INFO  impl.FollowerState (FollowerState.java:run(117)) - 9b3ef6c9-0245-4756-bf80-45d41f7a4453@group-F367C8FA5986-FollowerState was interrupted: java.lang.InterruptedException: sleep interrupted
2019-10-30 11:52:57,336 [grpc-default-executor-6] INFO  impl.RaftServerImpl (RaftServerImpl.java:setRole(184)) - cd11b2f5-3187-4d03-bd60-931991550c17@group-F367C8FA5986: changes role from  FOLLOWER to FOLLOWER at term 183 for recognizeCandidate:9dbd5372-55c2-4532-b354-9494d3d545d2
2019-10-30 11:52:57,336 [grpc-default-executor-6] INFO  impl.RoleInfo (RoleInfo.java:shutdownFollowerState(121)) - cd11b2f5-3187-4d03-bd60-931991550c17: shutdown FollowerState
2019-10-30 11:52:57,337 [grpc-default-executor-6] INFO  impl.RoleInfo (RoleInfo.java:updateAndGet(143)) - cd11b2f5-3187-4d03-bd60-931991550c17: start FollowerState
2019-10-30 11:52:57,337 [Thread-2812] INFO  impl.FollowerState (FollowerState.java:run(117)) - cd11b2f5-3187-4d03-bd60-931991550c17@group-F367C8FA5986-FollowerState was interrupted: java.lang.InterruptedException: sleep interrupted
2019-10-30 11:52:57,362 [9dbd5372-55c2-4532-b354-9494d3d545d2@group-F367C8FA5986-LeaderElection357] INFO  impl.LeaderElection (LeaderElection.java:logAndReturn(56)) - 9dbd5372-55c2-4532-b354-9494d3d545d2@group-F367C8FA5986-LeaderElection357: Election REJECTED; received 2 response(s) [9dbd5372-55c2-4532-b354-9494d3d545d2<-9b3ef6c9-0245-4756-bf80-45d41f7a4453#0:FAIL-t183, 9dbd5372-55c2-4532-b354-9494d3d545d2<-cd11b2f5-3187-4d03-bd60-931991550c17#0:FAIL-t183] and 0 exception(s); 9dbd5372-55c2-4532-b354-9494d3d545d2@group-F367C8FA5986:t183, leader=null, voted=9dbd5372-55c2-4532-b354-9494d3d545d2, raftlog=9dbd5372-55c2-4532-b354-9494d3d545d2@group-F367C8FA5986-SegmentedRaftLog:OPENED:c-1,f-1,i0, conf=-1: [9b3ef6c9-0245-4756-bf80-45d41f7a4453:192.168.157.220:37058, cd11b2f5-3187-4d03-bd60-931991550c17:192.168.157.220:43236, 9dbd5372-55c2-4532-b354-9494d3d545d2:192.168.157.220:42993], old=null
2019-10-30 11:52:57,362 [9dbd5372-55c2-4532-b354-9494d3d545d2@group-F367C8FA5986-LeaderElection357] INFO  impl.RaftServerImpl (RaftServerImpl.java:setRole(184)) - 9dbd5372-55c2-4532-b354-9494d3d545d2@group-F367C8FA5986: changes role from CANDIDATE to FOLLOWER at term 183 for DISCOVERED_A_NEW_TERM
2019-10-30 11:52:57,362 [9dbd5372-55c2-4532-b354-9494d3d545d2@group-F367C8FA5986-LeaderElection357] INFO  impl.RoleInfo (RoleInfo.java:shutdownLeaderElection(134)) - 9dbd5372-55c2-4532-b354-9494d3d545d2: shutdown LeaderElection
2019-10-30 11:52:57,362 [9dbd5372-55c2-4532-b354-9494d3d545d2@group-F367C8FA5986-LeaderElection357] INFO  impl.RoleInfo (RoleInfo.java:updateAndGet(143)) - 9dbd5372-55c2-4532-b354-9494d3d545d2: start FollowerState
2019-10-30 11:52:57,377 [Thread-2826] INFO  impl.FollowerState (FollowerState.java:run(108)) - 9dbd5372-55c2-4532-b354-9494d3d545d2@group-F367C8FA5986-FollowerState: change to CANDIDATE, lastRpcTime:15ms, electionTimeout:15ms
2019-10-30 11:52:57,378 [Thread-2826] INFO  impl.RoleInfo (RoleInfo.java:shutdownFollowerState(121)) - 9dbd5372-55c2-4532-b354-9494d3d545d2: shutdown FollowerState
2019-10-30 11:52:57,378 [Thread-2826] INFO  impl.RaftServerImpl (RaftServerImpl.java:setRole(184)) - 9dbd5372-55c2-4532-b354-9494d3d545d2@group-F367C8FA5986: changes role from  FOLLOWER to CANDIDATE at term 183 for changeToCandidate
2019-10-30 11:52:57,378 [Thread-2826] INFO  impl.RoleInfo (RoleInfo.java:updateAndGet(143)) - 9dbd5372-55c2-4532-b354-9494d3d545d2: start LeaderElection
2019-10-30 11:52:57,392 [9dbd5372-55c2-4532-b354-9494d3d545d2@group-F367C8FA5986-LeaderElection358] INFO  impl.LeaderElection (LeaderElection.java:askForVotes(178)) - 9dbd5372-55c2-4532-b354-9494d3d545d2@group-F367C8FA5986-LeaderElection358: begin an election at term 184 for -1: [9b3ef6c9-0245-4756-bf80-45d41f7a4453:192.168.157.220:37058, cd11b2f5-3187-4d03-bd60-931991550c17:192.168.157.220:43236, 9dbd5372-55c2-4532-b354-9494d3d545d2:192.168.157.220:42993], old=null
2019-10-30 11:52:57,397 [grpc-default-executor-8] INFO  impl.RaftServerImpl (RaftServerImpl.java:setRole(184)) - 9b3ef6c9-0245-4756-bf80-45d41f7a4453@group-F367C8FA5986: changes role from  FOLLOWER to FOLLOWER at term 184 for recognizeCandidate:9dbd5372-55c2-4532-b354-9494d3d545d2
2019-10-30 11:52:57,397 [grpc-default-executor-8] INFO  impl.RoleInfo (RoleInfo.java:shutdownFollowerState(121)) - 9b3ef6c9-0245-4756-bf80-45d41f7a4453: shutdown FollowerState
2019-10-30 11:52:57,398 [grpc-default-executor-8] INFO  impl.RoleInfo (RoleInfo.java:updateAndGet(143)) - 9b3ef6c9-0245-4756-bf80-45d41f7a4453: start FollowerState
2019-10-30 11:52:57,399 [Thread-2824] INFO  impl.FollowerState (FollowerState.java:run(117)) - 9b3ef6c9-0245-4756-bf80-45d41f7a4453@group-F367C8FA5986-FollowerState was interrupted: java.lang.InterruptedException: sleep interrupted
2019-10-30 11:52:57,400 [grpc-default-executor-6] INFO  impl.RaftServerImpl (RaftServerImpl.java:setRole(184)) - cd11b2f5-3187-4d03-bd60-931991550c17@group-F367C8FA5986: changes role from  FOLLOWER to FOLLOWER at term 184 for recognizeCandidate:9dbd5372-55c2-4532-b354-9494d3d545d2
2019-10-30 11:52:57,401 [grpc-default-executor-6] INFO  impl.RoleInfo (RoleInfo.java:shutdownFollowerState(121)) - cd11b2f5-3187-4d03-bd60-931991550c17: shutdown FollowerState
2019-10-30 11:52:57,401 [grpc-default-executor-6] INFO  impl.RoleInfo (RoleInfo.java:updateAndGet(143)) - cd11b2f5-3187-4d03-bd60-931991550c17: start FollowerState
2019-10-30 11:52:57,401 [Thread-2825] INFO  impl.FollowerState (FollowerState.java:run(117)) - cd11b2f5-3187-4d03-bd60-931991550c17@group-F367C8FA5986-FollowerState was interrupted: java.lang.InterruptedException: sleep interrupted
2019-10-30 11:52:57,411 [Thread-2820] INFO  impl.FollowerState (FollowerState.java:run(108)) - f26e10ed-fb17-49e6-a903-eadc130d13d1@group-83984122B78E-FollowerState: change to CANDIDATE, lastRpcTime:151ms, electionTimeout:147ms
2019-10-30 11:52:57,411 [Thread-2820] INFO  impl.RoleInfo (RoleInfo.java:shutdownFollowerState(121)) - f26e10ed-fb17-49e6-a903-eadc130d13d1: shutdown FollowerState
2019-10-30 11:52:57,411 [Thread-2820] INFO  impl.RaftServerImpl (RaftServerImpl.java:setRole(184)) - f26e10ed-fb17-49e6-a903-eadc130d13d1@group-83984122B78E: changes role from  FOLLOWER to CANDIDATE at term 199 for changeToCandidate
2019-10-30 11:52:57,411 [Thread-2820] INFO  impl.RoleInfo (RoleInfo.java:updateAndGet(143)) - f26e10ed-fb17-49e6-a903-eadc130d13d1: start LeaderElection
2019-10-30 11:52:57,420 [9dbd5372-55c2-4532-b354-9494d3d545d2@group-F367C8FA5986-LeaderElection358] INFO  impl.LeaderElection (LeaderElection.java:logAndReturn(56)) - 9dbd5372-55c2-4532-b354-9494d3d545d2@group-F367C8FA5986-LeaderElection358: Election REJECTED; received 2 response(s) [9dbd5372-55c2-4532-b354-9494d3d545d2<-9b3ef6c9-0245-4756-bf80-45d41f7a4453#0:FAIL-t184, 9dbd5372-55c2-4532-b354-9494d3d545d2<-cd11b2f5-3187-4d03-bd60-931991550c17#0:FAIL-t184] and 0 exception(s); 9dbd5372-55c2-4532-b354-9494d3d545d2@group-F367C8FA5986:t184, leader=null, voted=9dbd5372-55c2-4532-b354-9494d3d545d2, raftlog=9dbd5372-55c2-4532-b354-9494d3d545d2@group-F367C8FA5986-SegmentedRaftLog:OPENED:c-1,f-1,i0, conf=-1: [9b3ef6c9-0245-4756-bf80-45d41f7a4453:192.168.157.220:37058, cd11b2f5-3187-4d03-bd60-931991550c17:192.168.157.220:43236, 9dbd5372-55c2-4532-b354-9494d3d545d2:192.168.157.220:42993], old=null
2019-10-30 11:52:57,420 [9dbd5372-55c2-4532-b354-9494d3d545d2@group-F367C8FA5986-LeaderElection358] INFO  impl.RaftServerImpl (RaftServerImpl.java:setRole(184)) - 9dbd5372-55c2-4532-b354-9494d3d545d2@group-F367C8FA5986: changes role from CANDIDATE to FOLLOWER at term 184 for DISCOVERED_A_NEW_TERM
2019-10-30 11:52:57,420 [9dbd5372-55c2-4532-b354-9494d3d545d2@group-F367C8FA5986-LeaderElection358] INFO  impl.RoleInfo (RoleInfo.java:shutdownLeaderElection(134)) - 9dbd5372-55c2-4532-b354-9494d3d545d2: shutdown LeaderElection
2019-10-30 11:52:57,420 [9dbd5372-55c2-4532-b354-9494d3d545d2@group-F367C8FA5986-LeaderElection358] INFO  impl.RoleInfo (RoleInfo.java:updateAndGet(143)) - 9dbd5372-55c2-4532-b354-9494d3d545d2: start FollowerState
2019-10-30 11:52:57,423 [f26e10ed-fb17-49e6-a903-eadc130d13d1@group-83984122B78E-LeaderElection359] INFO  impl.LeaderElection (LeaderElection.java:askForVotes(178)) - f26e10ed-fb17-49e6-a903-eadc130d13d1@group-83984122B78E-LeaderElection359: begin an election at term 200 for -1: [4f16e274-8663-4a15-9c4c-c81f650ab979:192.168.157.220:38181, 4cc44201-a597-43af-a4ec-5b1b407a6250:192.168.157.220:36685, f26e10ed-fb17-49e6-a903-eadc130d13d1:192.168.157.220:32806], old=null
2019-10-30 11:52:57,424 [grpc-default-executor-6] INFO  impl.RaftServerImpl (RaftServerImpl.java:setRole(184)) - 4f16e274-8663-4a15-9c4c-c81f650ab979@group-83984122B78E: changes role from  FOLLOWER to FOLLOWER at term 200 for recognizeCandidate:f26e10ed-fb17-49e6-a903-eadc130d13d1
2019-10-30 11:52:57,424 [grpc-default-executor-6] INFO  impl.RoleInfo (RoleInfo.java:shutdownFollowerState(121)) - 4f16e274-8663-4a15-9c4c-c81f650ab979: shutdown FollowerState
2019-10-30 11:52:57,425 [grpc-default-executor-6] INFO  impl.RoleInfo (RoleInfo.java:updateAndGet(143)) - 4f16e274-8663-4a15-9c4c-c81f650ab979: start FollowerState
2019-10-30 11:52:57,425 [Thread-2817] INFO  impl.FollowerState (FollowerState.java:run(117)) - 4f16e274-8663-4a15-9c4c-c81f650ab979@group-83984122B78E-FollowerState was interrupted: java.lang.InterruptedException: sleep interrupted
2019-10-30 11:52:57,428 [grpc-default-executor-8] INFO  impl.RaftServerImpl (RaftServerImpl.java:setRole(184)) - 4cc44201-a597-43af-a4ec-5b1b407a6250@group-83984122B78E: changes role from  FOLLOWER to FOLLOWER at term 200 for recognizeCandidate:f26e10ed-fb17-49e6-a903-eadc130d13d1
2019-10-30 11:52:57,428 [grpc-default-executor-8] INFO  impl.RoleInfo (RoleInfo.java:shutdownFollowerState(121)) - 4cc44201-a597-43af-a4ec-5b1b407a6250: shutdown FollowerState
2019-10-30 11:52:57,428 [grpc-default-executor-8] INFO  impl.RoleInfo (RoleInfo.java:updateAndGet(143)) - 4cc44201-a597-43af-a4ec-5b1b407a6250: start FollowerState
2019-10-30 11:52:57,428 [Thread-2819] INFO  impl.FollowerState (FollowerState.java:run(117)) - 4cc44201-a597-43af-a4ec-5b1b407a6250@group-83984122B78E-FollowerState was interrupted: java.lang.InterruptedException: sleep interrupted
2019-10-30 11:52:57,445 [f26e10ed-fb17-49e6-a903-eadc130d13d1@group-83984122B78E-LeaderElection359] INFO  impl.LeaderElection (LeaderElection.java:logAndReturn(56)) - f26e10ed-fb17-49e6-a903-eadc130d13d1@group-83984122B78E-LeaderElection359: Election REJECTED; received 2 response(s) [f26e10ed-fb17-49e6-a903-eadc130d13d1<-4f16e274-8663-4a15-9c4c-c81f650ab979#0:FAIL-t200, f26e10ed-fb17-49e6-a903-eadc130d13d1<-4cc44201-a597-43af-a4ec-5b1b407a6250#0:FAIL-t200] and 0 exception(s); f26e10ed-fb17-49e6-a903-eadc130d13d1@group-83984122B78E:t200, leader=null, voted=f26e10ed-fb17-49e6-a903-eadc130d13d1, raftlog=f26e10ed-fb17-49e6-a903-eadc130d13d1@group-83984122B78E-SegmentedRaftLog:OPENED:c-1,f-1,i0, conf=-1: [4f16e274-8663-4a15-9c4c-c81f650ab979:192.168.157.220:38181, 4cc44201-a597-43af-a4ec-5b1b407a6250:192.168.157.220:36685, f26e10ed-fb17-49e6-a903-eadc130d13d1:192.168.157.220:32806], old=null
2019-10-30 11:52:57,445 [f26e10ed-fb17-49e6-a903-eadc130d13d1@group-83984122B78E-LeaderElection359] INFO  impl.RaftServerImpl (RaftServerImpl.java:setRole(184)) - f26e10ed-fb17-49e6-a903-eadc130d13d1@group-83984122B78E: changes role from CANDIDATE to FOLLOWER at term 200 for DISCOVERED_A_NEW_TERM
2019-10-30 11:52:57,445 [f26e10ed-fb17-49e6-a903-eadc130d13d1@group-83984122B78E-LeaderElection359] INFO  impl.RoleInfo (RoleInfo.java:shutdownLeaderElection(134)) - f26e10ed-fb17-49e6-a903-eadc130d13d1: shutdown LeaderElection
2019-10-30 11:52:57,445 [f26e10ed-fb17-49e6-a903-eadc130d13d1@group-83984122B78E-LeaderElection359] INFO  impl.RoleInfo (RoleInfo.java:updateAndGet(143)) - f26e10ed-fb17-49e6-a903-eadc130d13d1: start FollowerState
2019-10-30 11:52:57,456 [Thread-2833] INFO  impl.FollowerState (FollowerState.java:run(108)) - 9dbd5372-55c2-4532-b354-9494d3d545d2@group-F367C8FA5986-FollowerState: change to CANDIDATE, lastRpcTime:35ms, electionTimeout:35ms
2019-10-30 11:52:57,456 [Thread-2833] INFO  impl.RoleInfo (RoleInfo.java:shutdownFollowerState(121)) - 9dbd5372-55c2-4532-b354-9494d3d545d2: shutdown FollowerState
2019-10-30 11:52:57,456 [Thread-2833] INFO  impl.RaftServerImpl (RaftServerImpl.java:setRole(184)) - 9dbd5372-55c2-4532-b354-9494d3d545d2@group-F367C8FA5986: changes role from  FOLLOWER to CANDIDATE at term 184 for changeToCandidate
2019-10-30 11:52:57,456 [Thread-2833] INFO  impl.RoleInfo (RoleInfo.java:updateAndGet(143)) - 9dbd5372-55c2-4532-b354-9494d3d545d2: start LeaderElection
2019-10-30 11:52:57,460 [9dbd5372-55c2-4532-b354-9494d3d545d2@group-F367C8FA5986-LeaderElection360] INFO  impl.LeaderElection (LeaderElection.java:askForVotes(178)) - 9dbd5372-55c2-4532-b354-9494d3d545d2@group-F367C8FA5986-LeaderElection360: begin an election at term 185 for -1: [9b3ef6c9-0245-4756-bf80-45d41f7a4453:192.168.157.220:37058, cd11b2f5-3187-4d03-bd60-931991550c17:192.168.157.220:43236, 9dbd5372-55c2-4532-b354-9494d3d545d2:192.168.157.220:42993], old=null
2019-10-30 11:52:57,462 [grpc-default-executor-8] INFO  impl.RaftServerImpl (RaftServerImpl.java:setRole(184)) - 9b3ef6c9-0245-4756-bf80-45d41f7a4453@group-F367C8FA5986: changes role from  FOLLOWER to FOLLOWER at term 185 for recognizeCandidate:9dbd5372-55c2-4532-b354-9494d3d545d2
2019-10-30 11:52:57,462 [grpc-default-executor-8] INFO  impl.RoleInfo (RoleInfo.java:shutdownFollowerState(121)) - 9b3ef6c9-0245-4756-bf80-45d41f7a4453: shutdown FollowerState
2019-10-30 11:52:57,462 [grpc-default-executor-8] INFO  impl.RoleInfo (RoleInfo.java:updateAndGet(143)) - 9b3ef6c9-0245-4756-bf80-45d41f7a4453: start FollowerState
2019-10-30 11:52:57,462 [Thread-2830] INFO  impl.FollowerState (FollowerState.java:run(117)) - 9b3ef6c9-0245-4756-bf80-45d41f7a4453@group-F367C8FA5986-FollowerState was interrupted: java.lang.InterruptedException: sleep interrupted
2019-10-30 11:52:57,463 [grpc-default-executor-6] INFO  impl.RaftServerImpl (RaftServerImpl.java:setRole(184)) - cd11b2f5-3187-4d03-bd60-931991550c17@group-F367C8FA5986: changes role from  FOLLOWER to FOLLOWER at term 185 for recognizeCandidate:9dbd5372-55c2-4532-b354-9494d3d545d2
2019-10-30 11:52:57,463 [grpc-default-executor-6] INFO  impl.RoleInfo (RoleInfo.java:shutdownFollowerState(121)) - cd11b2f5-3187-4d03-bd60-931991550c17: shutdown FollowerState
2019-10-30 11:52:57,463 [grpc-default-executor-6] INFO  impl.RoleInfo (RoleInfo.java:updateAndGet(143)) - cd11b2f5-3187-4d03-bd60-931991550c17: start FollowerState
2019-10-30 11:52:57,464 [Thread-2831] INFO  impl.FollowerState (FollowerState.java:run(117)) - cd11b2f5-3187-4d03-bd60-931991550c17@group-F367C8FA5986-FollowerState was interrupted: java.lang.InterruptedException: sleep interrupted
2019-10-30 11:52:57,507 [9dbd5372-55c2-4532-b354-9494d3d545d2@group-F367C8FA5986-LeaderElection360] INFO  impl.LeaderElection (LeaderElection.java:logAndReturn(56)) - 9dbd5372-55c2-4532-b354-9494d3d545d2@group-F367C8FA5986-LeaderElection360: Election REJECTED; received 2 response(s) [9dbd5372-55c2-4532-b354-9494d3d545d2<-9b3ef6c9-0245-4756-bf80-45d41f7a4453#0:FAIL-t185, 9dbd5372-55c2-4532-b354-9494d3d545d2<-cd11b2f5-3187-4d03-bd60-931991550c17#0:FAIL-t185] and 0 exception(s); 9dbd5372-55c2-4532-b354-9494d3d545d2@group-F367C8FA5986:t185, leader=null, voted=9dbd5372-55c2-4532-b354-9494d3d545d2, raftlog=9dbd5372-55c2-4532-b354-9494d3d545d2@group-F367C8FA5986-SegmentedRaftLog:OPENED:c-1,f-1,i0, conf=-1: [9b3ef6c9-0245-4756-bf80-45d41f7a4453:192.168.157.220:37058, cd11b2f5-3187-4d03-bd60-931991550c17:192.168.157.220:43236, 9dbd5372-55c2-4532-b354-9494d3d545d2:192.168.157.220:42993], old=null
2019-10-30 11:52:57,507 [9dbd5372-55c2-4532-b354-9494d3d545d2@group-F367C8FA5986-LeaderElection360] INFO  impl.RaftServerImpl (RaftServerImpl.java:setRole(184)) - 9dbd5372-55c2-4532-b354-9494d3d545d2@group-F367C8FA5986: changes role from CANDIDATE to FOLLOWER at term 185 for DISCOVERED_A_NEW_TERM
2019-10-30 11:52:57,508 [9dbd5372-55c2-4532-b354-9494d3d545d2@group-F367C8FA5986-LeaderElection360] INFO  impl.RoleInfo (RoleInfo.java:shutdownLeaderElection(134)) - 9dbd5372-55c2-4532-b354-9494d3d545d2: shutdown LeaderElection
2019-10-30 11:52:57,508 [9dbd5372-55c2-4532-b354-9494d3d545d2@group-F367C8FA5986-LeaderElection360] INFO  impl.RoleInfo (RoleInfo.java:updateAndGet(143)) - 9dbd5372-55c2-4532-b354-9494d3d545d2: start FollowerState
2019-10-30 11:52:57,608 [Thread-2844] INFO  impl.FollowerState (FollowerState.java:run(108)) - 9dbd5372-55c2-4532-b354-9494d3d545d2@group-F367C8FA5986-FollowerState: change to CANDIDATE, lastRpcTime:100ms, electionTimeout:100ms
2019-10-30 11:52:57,608 [Thread-2844] INFO  impl.RoleInfo (RoleInfo.java:shutdownFollowerState(121)) - 9dbd5372-55c2-4532-b354-9494d3d545d2: shutdown FollowerState
2019-10-30 11:52:57,608 [Thread-2844] INFO  impl.RaftServerImpl (RaftServerImpl.java:setRole(184)) - 9dbd5372-55c2-4532-b354-9494d3d545d2@group-F367C8FA5986: changes role from  FOLLOWER to CANDIDATE at term 185 for changeToCandidate
2019-10-30 11:52:57,608 [Thread-2844] INFO  impl.RoleInfo (RoleInfo.java:updateAndGet(143)) - 9dbd5372-55c2-4532-b354-9494d3d545d2: start LeaderElection
2019-10-30 11:52:57,617 [9dbd5372-55c2-4532-b354-9494d3d545d2@group-F367C8FA5986-LeaderElection361] INFO  impl.LeaderElection (LeaderElection.java:askForVotes(178)) - 9dbd5372-55c2-4532-b354-9494d3d545d2@group-F367C8FA5986-LeaderElection361: begin an election at term 186 for -1: [9b3ef6c9-0245-4756-bf80-45d41f7a4453:192.168.157.220:37058, cd11b2f5-3187-4d03-bd60-931991550c17:192.168.157.220:43236, 9dbd5372-55c2-4532-b354-9494d3d545d2:192.168.157.220:42993], old=null
2019-10-30 11:52:57,618 [grpc-default-executor-6] INFO  impl.RaftServerImpl (RaftServerImpl.java:setRole(184)) - cd11b2f5-3187-4d03-bd60-931991550c17@group-F367C8FA5986: changes role from  FOLLOWER to FOLLOWER at term 186 for recognizeCandidate:9dbd5372-55c2-4532-b354-9494d3d545d2
2019-10-30 11:52:57,618 [grpc-default-executor-6] INFO  impl.RoleInfo (RoleInfo.java:shutdownFollowerState(121)) - cd11b2f5-3187-4d03-bd60-931991550c17: shutdown FollowerState
2019-10-30 11:52:57,618 [grpc-default-executor-6] INFO  impl.RoleInfo (RoleInfo.java:updateAndGet(143)) - cd11b2f5-3187-4d03-bd60-931991550c17: start FollowerState
2019-10-30 11:52:57,618 [Thread-2843] INFO  impl.FollowerState (FollowerState.java:run(117)) - cd11b2f5-3187-4d03-bd60-931991550c17@group-F367C8FA5986-FollowerState was interrupted: java.lang.InterruptedException: sleep interrupted
2019-10-30 11:52:57,620 [grpc-default-executor-8] INFO  impl.RaftServerImpl (RaftServerImpl.java:setRole(184)) - 9b3ef6c9-0245-4756-bf80-45d41f7a4453@group-F367C8FA5986: changes role from  FOLLOWER to FOLLOWER at term 186 for recognizeCandidate:9dbd5372-55c2-4532-b354-9494d3d545d2
2019-10-30 11:52:57,620 [grpc-default-executor-8] INFO  impl.RoleInfo (RoleInfo.java:shutdownFollowerState(121)) - 9b3ef6c9-0245-4756-bf80-45d41f7a4453: shutdown FollowerState
2019-10-30 11:52:57,621 [grpc-default-executor-8] INFO  impl.RoleInfo (RoleInfo.java:updateAndGet(143)) - 9b3ef6c9-0245-4756-bf80-45d41f7a4453: start FollowerState
2019-10-30 11:52:57,621 [Thread-2842] INFO  impl.FollowerState (FollowerState.java:run(117)) - 9b3ef6c9-0245-4756-bf80-45d41f7a4453@group-F367C8FA5986-FollowerState was interrupted: java.lang.InterruptedException: sleep interrupted
2019-10-30 11:52:57,629 [9dbd5372-55c2-4532-b354-9494d3d545d2@group-F367C8FA5986-LeaderElection361] INFO  impl.LeaderElection (LeaderElection.java:logAndReturn(56)) - 9dbd5372-55c2-4532-b354-9494d3d545d2@group-F367C8FA5986-LeaderElection361: Election TIMEOUT; received 0 response(s) [] and 0 exception(s); 9dbd5372-55c2-4532-b354-9494d3d545d2@group-F367C8FA5986:t186, leader=null, voted=9dbd5372-55c2-4532-b354-9494d3d545d2, raftlog=9dbd5372-55c2-4532-b354-9494d3d545d2@group-F367C8FA5986-SegmentedRaftLog:OPENED:c-1,f-1,i0, conf=-1: [9b3ef6c9-0245-4756-bf80-45d41f7a4453:192.168.157.220:37058, cd11b2f5-3187-4d03-bd60-931991550c17:192.168.157.220:43236, 9dbd5372-55c2-4532-b354-9494d3d545d2:192.168.157.220:42993], old=null
2019-10-30 11:52:57,640 [Thread-2838] INFO  impl.FollowerState (FollowerState.java:run(108)) - f26e10ed-fb17-49e6-a903-eadc130d13d1@group-83984122B78E-FollowerState: change to CANDIDATE, lastRpcTime:195ms, electionTimeout:195ms
2019-10-30 11:52:57,641 [Thread-2838] INFO  impl.RoleInfo (RoleInfo.java:shutdownFollowerState(121)) - f26e10ed-fb17-49e6-a903-eadc130d13d1: shutdown FollowerState
2019-10-30 11:52:57,641 [Thread-2838] INFO  impl.RaftServerImpl (RaftServerImpl.java:setRole(184)) - f26e10ed-fb17-49e6-a903-eadc130d13d1@group-83984122B78E: changes role from  FOLLOWER to CANDIDATE at term 200 for changeToCandidate
2019-10-30 11:52:57,641 [Thread-2838] INFO  impl.RoleInfo (RoleInfo.java:updateAndGet(143)) - f26e10ed-fb17-49e6-a903-eadc130d13d1: start LeaderElection
2019-10-30 11:52:57,657 [9dbd5372-55c2-4532-b354-9494d3d545d2@group-F367C8FA5986-LeaderElection361] INFO  impl.LeaderElection (LeaderElection.java:askForVotes(178)) - 9dbd5372-55c2-4532-b354-9494d3d545d2@group-F367C8FA5986-LeaderElection361: begin an election at term 187 for -1: [9b3ef6c9-0245-4756-bf80-45d41f7a4453:192.168.157.220:37058, cd11b2f5-3187-4d03-bd60-931991550c17:192.168.157.220:43236, 9dbd5372-55c2-4532-b354-9494d3d545d2:192.168.157.220:42993], old=null
2019-10-30 11:52:57,657 [f26e10ed-fb17-49e6-a903-eadc130d13d1@group-83984122B78E-LeaderElection362] INFO  impl.LeaderElection (LeaderElection.java:askForVotes(178)) - f26e10ed-fb17-49e6-a903-eadc130d13d1@group-83984122B78E-LeaderElection362: begin an election at term 201 for -1: [4f16e274-8663-4a15-9c4c-c81f650ab979:192.168.157.220:38181, 4cc44201-a597-43af-a4ec-5b1b407a6250:192.168.157.220:36685, f26e10ed-fb17-49e6-a903-eadc130d13d1:192.168.157.220:32806], old=null
2019-10-30 11:52:57,658 [grpc-default-executor-6] INFO  impl.RaftServerImpl (RaftServerImpl.java:setRole(184)) - 9b3ef6c9-0245-4756-bf80-45d41f7a4453@group-F367C8FA5986: changes role from  FOLLOWER to FOLLOWER at term 187 for recognizeCandidate:9dbd5372-55c2-4532-b354-9494d3d545d2
2019-10-30 11:52:57,658 [grpc-default-executor-6] INFO  impl.RoleInfo (RoleInfo.java:shutdownFollowerState(121)) - 9b3ef6c9-0245-4756-bf80-45d41f7a4453: shutdown FollowerState
2019-10-30 11:52:57,659 [grpc-default-executor-6] INFO  impl.RoleInfo (RoleInfo.java:updateAndGet(143)) - 9b3ef6c9-0245-4756-bf80-45d41f7a4453: start FollowerState
2019-10-30 11:52:57,659 [grpc-default-executor-4] INFO  impl.RaftServerImpl (RaftServerImpl.java:setRole(184)) - cd11b2f5-3187-4d03-bd60-931991550c17@group-F367C8FA5986: changes role from  FOLLOWER to FOLLOWER at term 187 for recognizeCandidate:9dbd5372-55c2-4532-b354-9494d3d545d2
2019-10-30 11:52:57,659 [grpc-default-executor-4] INFO  impl.RoleInfo (RoleInfo.java:shutdownFollowerState(121)) - cd11b2f5-3187-4d03-bd60-931991550c17: shutdown FollowerState
2019-10-30 11:52:57,659 [grpc-default-executor-4] INFO  impl.RoleInfo (RoleInfo.java:updateAndGet(143)) - cd11b2f5-3187-4d03-bd60-931991550c17: start FollowerState
2019-10-30 11:52:57,659 [Thread-2848] INFO  impl.FollowerState (FollowerState.java:run(117)) - cd11b2f5-3187-4d03-bd60-931991550c17@group-F367C8FA5986-FollowerState was interrupted: java.lang.InterruptedException: sleep interrupted
2019-10-30 11:52:57,659 [grpc-default-executor-7] INFO  impl.RaftServerImpl (RaftServerImpl.java:setRole(184)) - 4cc44201-a597-43af-a4ec-5b1b407a6250@group-83984122B78E: changes role from  FOLLOWER to FOLLOWER at term 201 for recognizeCandidate:f26e10ed-fb17-49e6-a903-eadc130d13d1
2019-10-30 11:52:57,660 [grpc-default-executor-7] INFO  impl.RoleInfo (RoleInfo.java:shutdownFollowerState(121)) - 4cc44201-a597-43af-a4ec-5b1b407a6250: shutdown FollowerState
2019-10-30 11:52:57,660 [grpc-default-executor-7] INFO  impl.RoleInfo (RoleInfo.java:updateAndGet(143)) - 4cc44201-a597-43af-a4ec-5b1b407a6250: start FollowerState
2019-10-30 11:52:57,660 [Thread-2849] INFO  impl.FollowerState (FollowerState.java:run(117)) - 9b3ef6c9-0245-4756-bf80-45d41f7a4453@group-F367C8FA5986-FollowerState was interrupted: java.lang.InterruptedException: sleep interrupted
2019-10-30 11:52:57,660 [Thread-2837] INFO  impl.FollowerState (FollowerState.java:run(117)) - 4cc44201-a597-43af-a4ec-5b1b407a6250@group-83984122B78E-FollowerState was interrupted: java.lang.InterruptedException: sleep interrupted
2019-10-30 11:52:57,660 [grpc-default-executor-8] INFO  impl.RaftServerImpl (RaftServerImpl.java:setRole(184)) - 4f16e274-8663-4a15-9c4c-c81f650ab979@group-83984122B78E: changes role from  FOLLOWER to FOLLOWER at term 201 for recognizeCandidate:f26e10ed-fb17-49e6-a903-eadc130d13d1
2019-10-30 11:52:57,660 [grpc-default-executor-8] INFO  impl.RoleInfo (RoleInfo.java:shutdownFollowerState(121)) - 4f16e274-8663-4a15-9c4c-c81f650ab979: shutdown FollowerState
2019-10-30 11:52:57,660 [grpc-default-executor-8] INFO  impl.RoleInfo (RoleInfo.java:updateAndGet(143)) - 4f16e274-8663-4a15-9c4c-c81f650ab979: start FollowerState
2019-10-30 11:52:57,660 [Thread-2836] INFO  impl.FollowerState (FollowerState.java:run(117)) - 4f16e274-8663-4a15-9c4c-c81f650ab979@group-83984122B78E-FollowerState was interrupted: java.lang.InterruptedException: sleep interrupted
2019-10-30 11:52:57,665 [9dbd5372-55c2-4532-b354-9494d3d545d2@group-F367C8FA5986-LeaderElection361] INFO  impl.LeaderElection (LeaderElection.java:logAndReturn(56)) - 9dbd5372-55c2-4532-b354-9494d3d545d2@group-F367C8FA5986-LeaderElection361: Election REJECTED; received 2 response(s) [9dbd5372-55c2-4532-b354-9494d3d545d2<-9b3ef6c9-0245-4756-bf80-45d41f7a4453#0:FAIL-t187, 9dbd5372-55c2-4532-b354-9494d3d545d2<-cd11b2f5-3187-4d03-bd60-931991550c17#0:FAIL-t187] and 0 exception(s); 9dbd5372-55c2-4532-b354-9494d3d545d2@group-F367C8FA5986:t187, leader=null, voted=9dbd5372-55c2-4532-b354-9494d3d545d2, raftlog=9dbd5372-55c2-4532-b354-9494d3d545d2@group-F367C8FA5986-SegmentedRaftLog:OPENED:c-1,f-1,i0, conf=-1: [9b3ef6c9-0245-4756-bf80-45d41f7a4453:192.168.157.220:37058, cd11b2f5-3187-4d03-bd60-931991550c17:192.168.157.220:43236, 9dbd5372-55c2-4532-b354-9494d3d545d2:192.168.157.220:42993], old=null
2019-10-30 11:52:57,665 [9dbd5372-55c2-4532-b354-9494d3d545d2@group-F367C8FA5986-LeaderElection361] INFO  impl.RaftServerImpl (RaftServerImpl.java:setRole(184)) - 9dbd5372-55c2-4532-b354-9494d3d545d2@group-F367C8FA5986: changes role from CANDIDATE to FOLLOWER at term 187 for DISCOVERED_A_NEW_TERM
2019-10-30 11:52:57,665 [9dbd5372-55c2-4532-b354-9494d3d545d2@group-F367C8FA5986-LeaderElection361] INFO  impl.RoleInfo (RoleInfo.java:shutdownLeaderElection(134)) - 9dbd5372-55c2-4532-b354-9494d3d545d2: shutdown LeaderElection
2019-10-30 11:52:57,665 [9dbd5372-55c2-4532-b354-9494d3d545d2@group-F367C8FA5986-LeaderElection361] INFO  impl.RoleInfo (RoleInfo.java:updateAndGet(143)) - 9dbd5372-55c2-4532-b354-9494d3d545d2: start FollowerState
2019-10-30 11:52:57,666 [f26e10ed-fb17-49e6-a903-eadc130d13d1@group-83984122B78E-LeaderElection362] INFO  impl.LeaderElection (LeaderElection.java:logAndReturn(56)) - f26e10ed-fb17-49e6-a903-eadc130d13d1@group-83984122B78E-LeaderElection362: Election REJECTED; received 2 response(s) [f26e10ed-fb17-49e6-a903-eadc130d13d1<-4f16e274-8663-4a15-9c4c-c81f650ab979#0:FAIL-t201, f26e10ed-fb17-49e6-a903-eadc130d13d1<-4cc44201-a597-43af-a4ec-5b1b407a6250#0:FAIL-t201] and 0 exception(s); f26e10ed-fb17-49e6-a903-eadc130d13d1@group-83984122B78E:t201, leader=null, voted=f26e10ed-fb17-49e6-a903-eadc130d13d1, raftlog=f26e10ed-fb17-49e6-a903-eadc130d13d1@group-83984122B78E-SegmentedRaftLog:OPENED:c-1,f-1,i0, conf=-1: [4f16e274-8663-4a15-9c4c-c81f650ab979:192.168.157.220:38181, 4cc44201-a597-43af-a4ec-5b1b407a6250:192.168.157.220:36685, f26e10ed-fb17-49e6-a903-eadc130d13d1:192.168.157.220:32806], old=null
2019-10-30 11:52:57,666 [f26e10ed-fb17-49e6-a903-eadc130d13d1@group-83984122B78E-LeaderElection362] INFO  impl.RaftServerImpl (RaftServerImpl.java:setRole(184)) - f26e10ed-fb17-49e6-a903-eadc130d13d1@group-83984122B78E: changes role from CANDIDATE to FOLLOWER at term 201 for DISCOVERED_A_NEW_TERM
2019-10-30 11:52:57,666 [f26e10ed-fb17-49e6-a903-eadc130d13d1@group-83984122B78E-LeaderElection362] INFO  impl.RoleInfo (RoleInfo.java:shutdownLeaderElection(134)) - f26e10ed-fb17-49e6-a903-eadc130d13d1: shutdown LeaderElection
2019-10-30 11:52:57,666 [f26e10ed-fb17-49e6-a903-eadc130d13d1@group-83984122B78E-LeaderElection362] INFO  impl.RoleInfo (RoleInfo.java:updateAndGet(143)) - f26e10ed-fb17-49e6-a903-eadc130d13d1: start FollowerState
2019-10-30 11:52:57,673 [Thread-2862] INFO  impl.FollowerState (FollowerState.java:run(108)) - f26e10ed-fb17-49e6-a903-eadc130d13d1@group-83984122B78E-FollowerState: change to CANDIDATE, lastRpcTime:7ms, electionTimeout:7ms
2019-10-30 11:52:57,673 [Thread-2862] INFO  impl.RoleInfo (RoleInfo.java:shutdownFollowerState(121)) - f26e10ed-fb17-49e6-a903-eadc130d13d1: shutdown FollowerState
2019-10-30 11:52:57,673 [Thread-2862] INFO  impl.RaftServerImpl (RaftServerImpl.java:setRole(184)) - f26e10ed-fb17-49e6-a903-eadc130d13d1@group-83984122B78E: changes role from  FOLLOWER to CANDIDATE at term 201 for changeToCandidate
2019-10-30 11:52:57,673 [Thread-2862] INFO  impl.RoleInfo (RoleInfo.java:updateAndGet(143)) - f26e10ed-fb17-49e6-a903-eadc130d13d1: start LeaderElection
2019-10-30 11:52:57,678 [f26e10ed-fb17-49e6-a903-eadc130d13d1@group-83984122B78E-LeaderElection363] INFO  impl.LeaderElection (LeaderElection.java:askForVotes(178)) - f26e10ed-fb17-49e6-a903-eadc130d13d1@group-83984122B78E-LeaderElection363: begin an election at term 202 for -1: [4f16e274-8663-4a15-9c4c-c81f650ab979:192.168.157.220:38181, 4cc44201-a597-43af-a4ec-5b1b407a6250:192.168.157.220:36685, f26e10ed-fb17-49e6-a903-eadc130d13d1:192.168.157.220:32806], old=null
2019-10-30 11:52:57,678 [grpc-default-executor-7] INFO  impl.RaftServerImpl (RaftServerImpl.java:setRole(184)) - 4f16e274-8663-4a15-9c4c-c81f650ab979@group-83984122B78E: changes role from  FOLLOWER to FOLLOWER at term 202 for recognizeCandidate:f26e10ed-fb17-49e6-a903-eadc130d13d1
2019-10-30 11:52:57,678 [grpc-default-executor-7] INFO  impl.RoleInfo (RoleInfo.java:shutdownFollowerState(121)) - 4f16e274-8663-4a15-9c4c-c81f650ab979: shutdown FollowerState
2019-10-30 11:52:57,678 [grpc-default-executor-7] INFO  impl.RoleInfo (RoleInfo.java:updateAndGet(143)) - 4f16e274-8663-4a15-9c4c-c81f650ab979: start FollowerState
2019-10-30 11:52:57,678 [grpc-default-executor-8] INFO  impl.RaftServerImpl (RaftServerImpl.java:setRole(184)) - 4cc44201-a597-43af-a4ec-5b1b407a6250@group-83984122B78E: changes role from  FOLLOWER to FOLLOWER at term 202 for recognizeCandidate:f26e10ed-fb17-49e6-a903-eadc130d13d1
2019-10-30 11:52:57,679 [grpc-default-executor-8] INFO  impl.RoleInfo (RoleInfo.java:shutdownFollowerState(121)) - 4cc44201-a597-43af-a4ec-5b1b407a6250: shutdown FollowerState
2019-10-30 11:52:57,679 [grpc-default-executor-8] INFO  impl.RoleInfo (RoleInfo.java:updateAndGet(143)) - 4cc44201-a597-43af-a4ec-5b1b407a6250: start FollowerState
2019-10-30 11:52:57,679 [Thread-2859] INFO  impl.FollowerState (FollowerState.java:run(117)) - 4cc44201-a597-43af-a4ec-5b1b407a6250@group-83984122B78E-FollowerState was interrupted: java.lang.InterruptedException: sleep interrupted
2019-10-30 11:52:57,678 [Thread-2860] INFO  impl.FollowerState (FollowerState.java:run(117)) - 4f16e274-8663-4a15-9c4c-c81f650ab979@group-83984122B78E-FollowerState was interrupted: java.lang.InterruptedException: sleep interrupted
2019-10-30 11:52:57,683 [f26e10ed-fb17-49e6-a903-eadc130d13d1@group-83984122B78E-LeaderElection363] INFO  impl.LeaderElection (LeaderElection.java:logAndReturn(56)) - f26e10ed-fb17-49e6-a903-eadc130d13d1@group-83984122B78E-LeaderElection363: Election REJECTED; received 2 response(s) [f26e10ed-fb17-49e6-a903-eadc130d13d1<-4f16e274-8663-4a15-9c4c-c81f650ab979#0:FAIL-t202, f26e10ed-fb17-49e6-a903-eadc130d13d1<-4cc44201-a597-43af-a4ec-5b1b407a6250#0:FAIL-t202] and 0 exception(s); f26e10ed-fb17-49e6-a903-eadc130d13d1@group-83984122B78E:t202, leader=null, voted=f26e10ed-fb17-49e6-a903-eadc130d13d1, raftlog=f26e10ed-fb17-49e6-a903-eadc130d13d1@group-83984122B78E-SegmentedRaftLog:OPENED:c-1,f-1,i0, conf=-1: [4f16e274-8663-4a15-9c4c-c81f650ab979:192.168.157.220:38181, 4cc44201-a597-43af-a4ec-5b1b407a6250:192.168.157.220:36685, f26e10ed-fb17-49e6-a903-eadc130d13d1:192.168.157.220:32806], old=null
2019-10-30 11:52:57,683 [f26e10ed-fb17-49e6-a903-eadc130d13d1@group-83984122B78E-LeaderElection363] INFO  impl.RaftServerImpl (RaftServerImpl.java:setRole(184)) - f26e10ed-fb17-49e6-a903-eadc130d13d1@group-83984122B78E: changes role from CANDIDATE to FOLLOWER at term 202 for DISCOVERED_A_NEW_TERM
2019-10-30 11:52:57,683 [f26e10ed-fb17-49e6-a903-eadc130d13d1@group-83984122B78E-LeaderElection363] INFO  impl.RoleInfo (RoleInfo.java:shutdownLeaderElection(134)) - f26e10ed-fb17-49e6-a903-eadc130d13d1: shutdown LeaderElection
2019-10-30 11:52:57,683 [f26e10ed-fb17-49e6-a903-eadc130d13d1@group-83984122B78E-LeaderElection363] INFO  impl.RoleInfo (RoleInfo.java:updateAndGet(143)) - f26e10ed-fb17-49e6-a903-eadc130d13d1: start FollowerState
2019-10-30 11:52:57,744 [Thread-2861] INFO  impl.FollowerState (FollowerState.java:run(108)) - 9dbd5372-55c2-4532-b354-9494d3d545d2@group-F367C8FA5986-FollowerState: change to CANDIDATE, lastRpcTime:79ms, electionTimeout:79ms
2019-10-30 11:52:57,744 [Thread-2861] INFO  impl.RoleInfo (RoleInfo.java:shutdownFollowerState(121)) - 9dbd5372-55c2-4532-b354-9494d3d545d2: shutdown FollowerState
2019-10-30 11:52:57,744 [Thread-2861] INFO  impl.RaftServerImpl (RaftServerImpl.java:setRole(184)) - 9dbd5372-55c2-4532-b354-9494d3d545d2@group-F367C8FA5986: changes role from  FOLLOWER to CANDIDATE at term 187 for changeToCandidate
2019-10-30 11:52:57,744 [Thread-2861] INFO  impl.RoleInfo (RoleInfo.java:updateAndGet(143)) - 9dbd5372-55c2-4532-b354-9494d3d545d2: start LeaderElection
2019-10-30 11:52:57,750 [9dbd5372-55c2-4532-b354-9494d3d545d2@group-F367C8FA5986-LeaderElection364] INFO  impl.LeaderElection (LeaderElection.java:askForVotes(178)) - 9dbd5372-55c2-4532-b354-9494d3d545d2@group-F367C8FA5986-LeaderElection364: begin an election at term 188 for -1: [9b3ef6c9-0245-4756-bf80-45d41f7a4453:192.168.157.220:37058, cd11b2f5-3187-4d03-bd60-931991550c17:192.168.157.220:43236, 9dbd5372-55c2-4532-b354-9494d3d545d2:192.168.157.220:42993], old=null
2019-10-30 11:52:57,754 [grpc-default-executor-8] INFO  impl.RaftServerImpl (RaftServerImpl.java:setRole(184)) - 9b3ef6c9-0245-4756-bf80-45d41f7a4453@group-F367C8FA5986: changes role from  FOLLOWER to FOLLOWER at term 188 for recognizeCandidate:9dbd5372-55c2-4532-b354-9494d3d545d2
2019-10-30 11:52:57,755 [grpc-default-executor-8] INFO  impl.RoleInfo (RoleInfo.java:shutdownFollowerState(121)) - 9b3ef6c9-0245-4756-bf80-45d41f7a4453: shutdown FollowerState
2019-10-30 11:52:57,755 [grpc-default-executor-8] INFO  impl.RoleInfo (RoleInfo.java:updateAndGet(143)) - 9b3ef6c9-0245-4756-bf80-45d41f7a4453: start FollowerState
2019-10-30 11:52:57,755 [Thread-2857] INFO  impl.FollowerState (FollowerState.java:run(117)) - 9b3ef6c9-0245-4756-bf80-45d41f7a4453@group-F367C8FA5986-FollowerState was interrupted: java.lang.InterruptedException: sleep interrupted
2019-10-30 11:52:57,755 [grpc-default-executor-7] INFO  impl.RaftServerImpl (RaftServerImpl.java:setRole(184)) - cd11b2f5-3187-4d03-bd60-931991550c17@group-F367C8FA5986: changes role from  FOLLOWER to FOLLOWER at term 188 for recognizeCandidate:9dbd5372-55c2-4532-b354-9494d3d545d2
2019-10-30 11:52:57,756 [grpc-default-executor-7] INFO  impl.RoleInfo (RoleInfo.java:shutdownFollowerState(121)) - cd11b2f5-3187-4d03-bd60-931991550c17: shutdown FollowerState
2019-10-30 11:52:57,756 [grpc-default-executor-7] INFO  impl.RoleInfo (RoleInfo.java:updateAndGet(143)) - cd11b2f5-3187-4d03-bd60-931991550c17: start FollowerState
2019-10-30 11:52:57,756 [Thread-2858] INFO  impl.FollowerState (FollowerState.java:run(117)) - cd11b2f5-3187-4d03-bd60-931991550c17@group-F367C8FA5986-FollowerState was interrupted: java.lang.InterruptedException: sleep interrupted
2019-10-30 11:52:57,773 [9dbd5372-55c2-4532-b354-9494d3d545d2@group-F367C8FA5986-LeaderElection364] INFO  impl.LeaderElection (LeaderElection.java:logAndReturn(56)) - 9dbd5372-55c2-4532-b354-9494d3d545d2@group-F367C8FA5986-LeaderElection364: Election REJECTED; received 2 response(s) [9dbd5372-55c2-4532-b354-9494d3d545d2<-9b3ef6c9-0245-4756-bf80-45d41f7a4453#0:FAIL-t188, 9dbd5372-55c2-4532-b354-9494d3d545d2<-cd11b2f5-3187-4d03-bd60-931991550c17#0:FAIL-t188] and 0 exception(s); 9dbd5372-55c2-4532-b354-9494d3d545d2@group-F367C8FA5986:t188, leader=null, voted=9dbd5372-55c2-4532-b354-9494d3d545d2, raftlog=9dbd5372-55c2-4532-b354-9494d3d545d2@group-F367C8FA5986-SegmentedRaftLog:OPENED:c-1,f-1,i0, conf=-1: [9b3ef6c9-0245-4756-bf80-45d41f7a4453:192.168.157.220:37058, cd11b2f5-3187-4d03-bd60-931991550c17:192.168.157.220:43236, 9dbd5372-55c2-4532-b354-9494d3d545d2:192.168.157.220:42993], old=null
2019-10-30 11:52:57,773 [9dbd5372-55c2-4532-b354-9494d3d545d2@group-F367C8FA5986-LeaderElection364] INFO  impl.RaftServerImpl (RaftServerImpl.java:setRole(184)) - 9dbd5372-55c2-4532-b354-9494d3d545d2@group-F367C8FA5986: changes role from CANDIDATE to FOLLOWER at term 188 for DISCOVERED_A_NEW_TERM
2019-10-30 11:52:57,773 [9dbd5372-55c2-4532-b354-9494d3d545d2@group-F367C8FA5986-LeaderElection364] INFO  impl.RoleInfo (RoleInfo.java:shutdownLeaderElection(134)) - 9dbd5372-55c2-4532-b354-9494d3d545d2: shutdown LeaderElection
2019-10-30 11:52:57,773 [9dbd5372-55c2-4532-b354-9494d3d545d2@group-F367C8FA5986-LeaderElection364] INFO  impl.RoleInfo (RoleInfo.java:updateAndGet(143)) - 9dbd5372-55c2-4532-b354-9494d3d545d2: start FollowerState
2019-10-30 11:52:57,852 [Thread-2874] INFO  impl.FollowerState (FollowerState.java:run(108)) - 9dbd5372-55c2-4532-b354-9494d3d545d2@group-F367C8FA5986-FollowerState: change to CANDIDATE, lastRpcTime:79ms, electionTimeout:79ms
2019-10-30 11:52:57,852 [Thread-2874] INFO  impl.RoleInfo (RoleInfo.java:shutdownFollowerState(121)) - 9dbd5372-55c2-4532-b354-9494d3d545d2: shutdown FollowerState
2019-10-30 11:52:57,852 [Thread-2874] INFO  impl.RaftServerImpl (RaftServerImpl.java:setRole(184)) - 9dbd5372-55c2-4532-b354-9494d3d545d2@group-F367C8FA5986: changes role from  FOLLOWER to CANDIDATE at term 188 for changeToCandidate
2019-10-30 11:52:57,853 [Thread-2874] INFO  impl.RoleInfo (RoleInfo.java:updateAndGet(143)) - 9dbd5372-55c2-4532-b354-9494d3d545d2: start LeaderElection
2019-10-30 11:52:57,858 [Thread-2868] INFO  impl.FollowerState (FollowerState.java:run(108)) - f26e10ed-fb17-49e6-a903-eadc130d13d1@group-83984122B78E-FollowerState: change to CANDIDATE, lastRpcTime:174ms, electionTimeout:174ms
2019-10-30 11:52:57,858 [Thread-2868] INFO  impl.RoleInfo (RoleInfo.java:shutdownFollowerState(121)) - f26e10ed-fb17-49e6-a903-eadc130d13d1: shutdown FollowerState
2019-10-30 11:52:57,858 [Thread-2868] INFO  impl.RaftServerImpl (RaftServerImpl.java:setRole(184)) - f26e10ed-fb17-49e6-a903-eadc130d13d1@group-83984122B78E: changes role from  FOLLOWER to CANDIDATE at term 202 for changeToCandidate
2019-10-30 11:52:57,858 [Thread-2868] INFO  impl.RoleInfo (RoleInfo.java:updateAndGet(143)) - f26e10ed-fb17-49e6-a903-eadc130d13d1: start LeaderElection
2019-10-30 11:52:57,863 [9dbd5372-55c2-4532-b354-9494d3d545d2@group-F367C8FA5986-LeaderElection365] INFO  impl.LeaderElection (LeaderElection.java:askForVotes(178)) - 9dbd5372-55c2-4532-b354-9494d3d545d2@group-F367C8FA5986-LeaderElection365: begin an election at term 189 for -1: [9b3ef6c9-0245-4756-bf80-45d41f7a4453:192.168.157.220:37058, cd11b2f5-3187-4d03-bd60-931991550c17:192.168.157.220:43236, 9dbd5372-55c2-4532-b354-9494d3d545d2:192.168.157.220:42993], old=null
2019-10-30 11:52:57,863 [f26e10ed-fb17-49e6-a903-eadc130d13d1@group-83984122B78E-LeaderElection366] INFO  impl.LeaderElection (LeaderElection.java:askForVotes(178)) - f26e10ed-fb17-49e6-a903-eadc130d13d1@group-83984122B78E-LeaderElection366: begin an election at term 203 for -1: [4f16e274-8663-4a15-9c4c-c81f650ab979:192.168.157.220:38181, 4cc44201-a597-43af-a4ec-5b1b407a6250:192.168.157.220:36685, f26e10ed-fb17-49e6-a903-eadc130d13d1:192.168.157.220:32806], old=null
2019-10-30 11:52:57,864 [grpc-default-executor-8] INFO  impl.RaftServerImpl (RaftServerImpl.java:setRole(184)) - cd11b2f5-3187-4d03-bd60-931991550c17@group-F367C8FA5986: changes role from  FOLLOWER to FOLLOWER at term 189 for recognizeCandidate:9dbd5372-55c2-4532-b354-9494d3d545d2
2019-10-30 11:52:57,864 [grpc-default-executor-8] INFO  impl.RoleInfo (RoleInfo.java:shutdownFollowerState(121)) - cd11b2f5-3187-4d03-bd60-931991550c17: shutdown FollowerState
2019-10-30 11:52:57,864 [grpc-default-executor-8] INFO  impl.RoleInfo (RoleInfo.java:updateAndGet(143)) - cd11b2f5-3187-4d03-bd60-931991550c17: start FollowerState
2019-10-30 11:52:57,865 [Thread-2873] INFO  impl.FollowerState (FollowerState.java:run(117)) - cd11b2f5-3187-4d03-bd60-931991550c17@group-F367C8FA5986-FollowerState was interrupted: java.lang.InterruptedException: sleep interrupted
2019-10-30 11:52:57,866 [grpc-default-executor-4] INFO  impl.RaftServerImpl (RaftServerImpl.java:setRole(184)) - 4f16e274-8663-4a15-9c4c-c81f650ab979@group-83984122B78E: changes role from  FOLLOWER to FOLLOWER at term 203 for recognizeCandidate:f26e10ed-fb17-49e6-a903-eadc130d13d1
2019-10-30 11:52:57,866 [grpc-default-executor-7] INFO  impl.RaftServerImpl (RaftServerImpl.java:setRole(184)) - 9b3ef6c9-0245-4756-bf80-45d41f7a4453@group-F367C8FA5986: changes role from  FOLLOWER to FOLLOWER at term 189 for recognizeCandidate:9dbd5372-55c2-4532-b354-9494d3d545d2
2019-10-30 11:52:57,866 [grpc-default-executor-6] INFO  impl.RaftServerImpl (RaftServerImpl.java:setRole(184)) - 4cc44201-a597-43af-a4ec-5b1b407a6250@group-83984122B78E: changes role from  FOLLOWER to FOLLOWER at term 203 for recognizeCandidate:f26e10ed-fb17-49e6-a903-eadc130d13d1
2019-10-30 11:52:57,867 [grpc-default-executor-7] INFO  impl.RoleInfo (RoleInfo.java:shutdownFollowerState(121)) - 9b3ef6c9-0245-4756-bf80-45d41f7a4453: shutdown FollowerState
2019-10-30 11:52:57,867 [grpc-default-executor-4] INFO  impl.RoleInfo (RoleInfo.java:shutdownFollowerState(121)) - 4f16e274-8663-4a15-9c4c-c81f650ab979: shutdown FollowerState
2019-10-30 11:52:57,867 [grpc-default-executor-7] INFO  impl.RoleInfo (RoleInfo.java:updateAndGet(143)) - 9b3ef6c9-0245-4756-bf80-45d41f7a4453: start FollowerState
2019-10-30 11:52:57,867 [grpc-default-executor-6] INFO  impl.RoleInfo (RoleInfo.java:shutdownFollowerState(121)) - 4cc44201-a597-43af-a4ec-5b1b407a6250: shutdown FollowerState
2019-10-30 11:52:57,867 [Thread-2872] INFO  impl.FollowerState (FollowerState.java:run(117)) - 9b3ef6c9-0245-4756-bf80-45d41f7a4453@group-F367C8FA5986-FollowerState was interrupted: java.lang.InterruptedException: sleep interrupted
2019-10-30 11:52:57,867 [Thread-2867] INFO  impl.FollowerState (FollowerState.java:run(117)) - 4cc44201-a597-43af-a4ec-5b1b407a6250@group-83984122B78E-FollowerState was interrupted: java.lang.InterruptedException: sleep interrupted
2019-10-30 11:52:57,867 [Thread-2866] INFO  impl.FollowerState (FollowerState.java:run(117)) - 4f16e274-8663-4a15-9c4c-c81f650ab979@group-83984122B78E-FollowerState was interrupted: java.lang.InterruptedException: sleep interrupted
2019-10-30 11:52:57,867 [grpc-default-executor-4] INFO  impl.RoleInfo (RoleInfo.java:updateAndGet(143)) - 4f16e274-8663-4a15-9c4c-c81f650ab979: start FollowerState
2019-10-30 11:52:57,867 [grpc-default-executor-6] INFO  impl.RoleInfo (RoleInfo.java:updateAndGet(143)) - 4cc44201-a597-43af-a4ec-5b1b407a6250: start FollowerState
2019-10-30 11:52:57,872 [9dbd5372-55c2-4532-b354-9494d3d545d2@group-F367C8FA5986-LeaderElection365] INFO  impl.LeaderElection (LeaderElection.java:logAndReturn(56)) - 9dbd5372-55c2-4532-b354-9494d3d545d2@group-F367C8FA5986-LeaderElection365: Election REJECTED; received 2 response(s) [9dbd5372-55c2-4532-b354-9494d3d545d2<-9b3ef6c9-0245-4756-bf80-45d41f7a4453#0:FAIL-t189, 9dbd5372-55c2-4532-b354-9494d3d545d2<-cd11b2f5-3187-4d03-bd60-931991550c17#0:FAIL-t189] and 0 exception(s); 9dbd5372-55c2-4532-b354-9494d3d545d2@group-F367C8FA5986:t189, leader=null, voted=9dbd5372-55c2-4532-b354-9494d3d545d2, raftlog=9dbd5372-55c2-4532-b354-9494d3d545d2@group-F367C8FA5986-SegmentedRaftLog:OPENED:c-1,f-1,i0, conf=-1: [9b3ef6c9-0245-4756-bf80-45d41f7a4453:192.168.157.220:37058, cd11b2f5-3187-4d03-bd60-931991550c17:192.168.157.220:43236, 9dbd5372-55c2-4532-b354-9494d3d545d2:192.168.157.220:42993], old=null
2019-10-30 11:52:57,872 [9dbd5372-55c2-4532-b354-9494d3d545d2@group-F367C8FA5986-LeaderElection365] INFO  impl.RaftServerImpl (RaftServerImpl.java:setRole(184)) - 9dbd5372-55c2-4532-b354-9494d3d545d2@group-F367C8FA5986: changes role from CANDIDATE to FOLLOWER at term 189 for DISCOVERED_A_NEW_TERM
2019-10-30 11:52:57,872 [9dbd5372-55c2-4532-b354-9494d3d545d2@group-F367C8FA5986-LeaderElection365] INFO  impl.RoleInfo (RoleInfo.java:shutdownLeaderElection(134)) - 9dbd5372-55c2-4532-b354-9494d3d545d2: shutdown LeaderElection
2019-10-30 11:52:57,872 [9dbd5372-55c2-4532-b354-9494d3d545d2@group-F367C8FA5986-LeaderElection365] INFO  impl.RoleInfo (RoleInfo.java:updateAndGet(143)) - 9dbd5372-55c2-4532-b354-9494d3d545d2: start FollowerState
2019-10-30 11:52:57,874 [f26e10ed-fb17-49e6-a903-eadc130d13d1@group-83984122B78E-LeaderElection366] INFO  impl.LeaderElection (LeaderElection.java:logAndReturn(56)) - f26e10ed-fb17-49e6-a903-eadc130d13d1@group-83984122B78E-LeaderElection366: Election REJECTED; received 2 response(s) [f26e10ed-fb17-49e6-a903-eadc130d13d1<-4f16e274-8663-4a15-9c4c-c81f650ab979#0:FAIL-t203, f26e10ed-fb17-49e6-a903-eadc130d13d1<-4cc44201-a597-43af-a4ec-5b1b407a6250#0:FAIL-t203] and 0 exception(s); f26e10ed-fb17-49e6-a903-eadc130d13d1@group-83984122B78E:t203, leader=null, voted=f26e10ed-fb17-49e6-a903-eadc130d13d1, raftlog=f26e10ed-fb17-49e6-a903-eadc130d13d1@group-83984122B78E-SegmentedRaftLog:OPENED:c-1,f-1,i0, conf=-1: [4f16e274-8663-4a15-9c4c-c81f650ab979:192.168.157.220:38181, 4cc44201-a597-43af-a4ec-5b1b407a6250:192.168.157.220:36685, f26e10ed-fb17-49e6-a903-eadc130d13d1:192.168.157.220:32806], old=null
2019-10-30 11:52:57,874 [f26e10ed-fb17-49e6-a903-eadc130d13d1@group-83984122B78E-LeaderElection366] INFO  impl.RaftServerImpl (RaftServerImpl.java:setRole(184)) - f26e10ed-fb17-49e6-a903-eadc130d13d1@group-83984122B78E: changes role from CANDIDATE to FOLLOWER at term 203 for DISCOVERED_A_NEW_TERM
2019-10-30 11:52:57,874 [f26e10ed-fb17-49e6-a903-eadc130d13d1@group-83984122B78E-LeaderElection366] INFO  impl.RoleInfo (RoleInfo.java:shutdownLeaderElection(134)) - f26e10ed-fb17-49e6-a903-eadc130d13d1: shutdown LeaderElection
2019-10-30 11:52:57,874 [f26e10ed-fb17-49e6-a903-eadc130d13d1@group-83984122B78E-LeaderElection366] INFO  impl.RoleInfo (RoleInfo.java:updateAndGet(143)) - f26e10ed-fb17-49e6-a903-eadc130d13d1: start FollowerState
2019-10-30 11:52:57,954 [main] INFO  ozoneimpl.OzoneContainer (OzoneContainer.java:stop(227)) - Attempting to stop container services.
2019-10-30 11:52:57,954 [ForkJoinPool.commonPool-worker-0] INFO  ozoneimpl.OzoneContainer (OzoneContainer.java:stop(227)) - Attempting to stop container services.
2019-10-30 11:52:57,955 [ForkJoinPool.commonPool-worker-0] INFO  impl.RaftServerProxy (RaftServerProxy.java:lambda$close$4(314)) - cd11b2f5-3187-4d03-bd60-931991550c17: close
2019-10-30 11:52:57,955 [main] INFO  impl.RaftServerProxy (RaftServerProxy.java:lambda$close$4(314)) - 4f16e274-8663-4a15-9c4c-c81f650ab979: close
2019-10-30 11:52:57,956 [main] INFO  impl.RaftServerImpl (RaftServerImpl.java:lambda$shutdown$3(261)) - 4f16e274-8663-4a15-9c4c-c81f650ab979@group-95D7CACA124C: shutdown
2019-10-30 11:52:57,956 [ForkJoinPool.commonPool-worker-0] INFO  impl.RaftServerImpl (RaftServerImpl.java:lambda$shutdown$3(261)) - cd11b2f5-3187-4d03-bd60-931991550c17@group-F367C8FA5986: shutdown
2019-10-30 11:52:57,956 [main] INFO  util.JmxRegister (JmxRegister.java:unregister(73)) - Successfully un-registered JMX Bean with object name Ratis:service=RaftServer,group=group-95D7CACA124C,id=4f16e274-8663-4a15-9c4c-c81f650ab979
2019-10-30 11:52:57,956 [ForkJoinPool.commonPool-worker-0] INFO  util.JmxRegister (JmxRegister.java:unregister(73)) - Successfully un-registered JMX Bean with object name Ratis:service=RaftServer,group=group-F367C8FA5986,id=cd11b2f5-3187-4d03-bd60-931991550c17
2019-10-30 11:52:57,956 [main] INFO  impl.RoleInfo (RoleInfo.java:shutdownLeaderState(104)) - 4f16e274-8663-4a15-9c4c-c81f650ab979: shutdown LeaderState
2019-10-30 11:52:57,957 [ForkJoinPool.commonPool-worker-0] INFO  impl.RoleInfo (RoleInfo.java:shutdownFollowerState(121)) - cd11b2f5-3187-4d03-bd60-931991550c17: shutdown FollowerState
2019-10-30 11:52:57,957 [main] INFO  impl.PendingRequests (PendingRequests.java:sendNotLeaderResponses(202)) - 4f16e274-8663-4a15-9c4c-c81f650ab979@group-95D7CACA124C-PendingRequests: sendNotLeaderResponses
2019-10-30 11:52:57,957 [Thread-2881] INFO  impl.FollowerState (FollowerState.java:run(117)) - cd11b2f5-3187-4d03-bd60-931991550c17@group-F367C8FA5986-FollowerState was interrupted: java.lang.InterruptedException: sleep interrupted
2019-10-30 11:52:57,957 [ForkJoinPool.commonPool-worker-0] INFO  impl.StateMachineUpdater (StateMachineUpdater.java:stopAndJoin(136)) - cd11b2f5-3187-4d03-bd60-931991550c17@group-F367C8FA5986-StateMachineUpdater: set stopIndex = -1
2019-10-30 11:52:57,957 [main] INFO  impl.StateMachineUpdater (StateMachineUpdater.java:stopAndJoin(136)) - 4f16e274-8663-4a15-9c4c-c81f650ab979@group-95D7CACA124C-StateMachineUpdater: set stopIndex = 0
2019-10-30 11:52:57,960 [ForkJoinPool.commonPool-worker-0] INFO  impl.RaftServerImpl (ServerState.java:close(388)) - cd11b2f5-3187-4d03-bd60-931991550c17@group-F367C8FA5986: closes. applyIndex: -1
2019-10-30 11:52:57,960 [main] INFO  impl.RaftServerImpl (ServerState.java:close(388)) - 4f16e274-8663-4a15-9c4c-c81f650ab979@group-95D7CACA124C: closes. applyIndex: 0
2019-10-30 11:52:57,961 [cd11b2f5-3187-4d03-bd60-931991550c17@group-F367C8FA5986-SegmentedRaftLogWorker] INFO  segmented.SegmentedRaftLogWorker (SegmentedRaftLogWorker.java:run(316)) - cd11b2f5-3187-4d03-bd60-931991550c17@group-F367C8FA5986-SegmentedRaftLogWorker was interrupted, exiting. There are 0 tasks remaining in the queue.
2019-10-30 11:52:57,961 [4f16e274-8663-4a15-9c4c-c81f650ab979@group-95D7CACA124C-SegmentedRaftLogWorker] INFO  segmented.SegmentedRaftLogWorker (SegmentedRaftLogWorker.java:run(316)) - 4f16e274-8663-4a15-9c4c-c81f650ab979@group-95D7CACA124C-SegmentedRaftLogWorker was interrupted, exiting. There are 0 tasks remaining in the queue.
2019-10-30 11:52:57,962 [ForkJoinPool.commonPool-worker-0] INFO  segmented.SegmentedRaftLogWorker (SegmentedRaftLogWorker.java:close(224)) - cd11b2f5-3187-4d03-bd60-931991550c17@group-F367C8FA5986-SegmentedRaftLogWorker close()
2019-10-30 11:52:57,962 [main] INFO  segmented.SegmentedRaftLogWorker (SegmentedRaftLogWorker.java:close(224)) - 4f16e274-8663-4a15-9c4c-c81f650ab979@group-95D7CACA124C-SegmentedRaftLogWorker close()
2019-10-30 11:52:57,965 [ForkJoinPool.commonPool-worker-0] INFO  impl.RaftServerImpl (RaftServerImpl.java:lambda$shutdown$3(261)) - cd11b2f5-3187-4d03-bd60-931991550c17@group-9E196F3EDD32: shutdown
2019-10-30 11:52:57,967 [main] INFO  impl.RaftServerImpl (RaftServerImpl.java:lambda$shutdown$3(261)) - 4f16e274-8663-4a15-9c4c-c81f650ab979@group-83984122B78E: shutdown
2019-10-30 11:52:57,967 [ForkJoinPool.commonPool-worker-0] INFO  util.JmxRegister (JmxRegister.java:unregister(73)) - Successfully un-registered JMX Bean with object name Ratis:service=RaftServer,group=group-9E196F3EDD32,id=cd11b2f5-3187-4d03-bd60-931991550c17
2019-10-30 11:52:57,967 [ForkJoinPool.commonPool-worker-0] INFO  impl.RoleInfo (RoleInfo.java:shutdownLeaderState(104)) - cd11b2f5-3187-4d03-bd60-931991550c17: shutdown LeaderState
2019-10-30 11:52:57,967 [main] INFO  util.JmxRegister (JmxRegister.java:unregister(73)) - Successfully un-registered JMX Bean with object name Ratis:service=RaftServer,group=group-83984122B78E,id=4f16e274-8663-4a15-9c4c-c81f650ab979
2019-10-30 11:52:57,968 [main] INFO  impl.RoleInfo (RoleInfo.java:shutdownFollowerState(121)) - 4f16e274-8663-4a15-9c4c-c81f650ab979: shutdown FollowerState
2019-10-30 11:52:57,967 [ForkJoinPool.commonPool-worker-0] INFO  impl.PendingRequests (PendingRequests.java:sendNotLeaderResponses(202)) - cd11b2f5-3187-4d03-bd60-931991550c17@group-9E196F3EDD32-PendingRequests: sendNotLeaderResponses
2019-10-30 11:52:57,968 [Thread-2883] INFO  impl.FollowerState (FollowerState.java:run(117)) - 4f16e274-8663-4a15-9c4c-c81f650ab979@group-83984122B78E-FollowerState was interrupted: java.lang.InterruptedException: sleep interrupted
2019-10-30 11:52:57,968 [main] INFO  impl.StateMachineUpdater (StateMachineUpdater.java:stopAndJoin(136)) - 4f16e274-8663-4a15-9c4c-c81f650ab979@group-83984122B78E-StateMachineUpdater: set stopIndex = 0
2019-10-30 11:52:57,968 [main] INFO  impl.RaftServerImpl (ServerState.java:close(388)) - 4f16e274-8663-4a15-9c4c-c81f650ab979@group-83984122B78E: closes. applyIndex: 0
2019-10-30 11:52:57,968 [ForkJoinPool.commonPool-worker-0] INFO  impl.StateMachineUpdater (StateMachineUpdater.java:stopAndJoin(136)) - cd11b2f5-3187-4d03-bd60-931991550c17@group-9E196F3EDD32-StateMachineUpdater: set stopIndex = 0
2019-10-30 11:52:57,969 [ForkJoinPool.commonPool-worker-0] INFO  impl.RaftServerImpl (ServerState.java:close(388)) - cd11b2f5-3187-4d03-bd60-931991550c17@group-9E196F3EDD32: closes. applyIndex: 0
2019-10-30 11:52:57,969 [4f16e274-8663-4a15-9c4c-c81f650ab979@group-83984122B78E-SegmentedRaftLogWorker] INFO  segmented.SegmentedRaftLogWorker (SegmentedRaftLogWorker.java:run(316)) - 4f16e274-8663-4a15-9c4c-c81f650ab979@group-83984122B78E-SegmentedRaftLogWorker was interrupted, exiting. There are 0 tasks remaining in the queue.
2019-10-30 11:52:57,970 [cd11b2f5-3187-4d03-bd60-931991550c17@group-9E196F3EDD32-SegmentedRaftLogWorker] INFO  segmented.SegmentedRaftLogWorker (SegmentedRaftLogWorker.java:run(316)) - cd11b2f5-3187-4d03-bd60-931991550c17@group-9E196F3EDD32-SegmentedRaftLogWorker was interrupted, exiting. There are 0 tasks remaining in the queue.
2019-10-30 11:52:57,971 [main] INFO  segmented.SegmentedRaftLogWorker (SegmentedRaftLogWorker.java:close(224)) - 4f16e274-8663-4a15-9c4c-c81f650ab979@group-83984122B78E-SegmentedRaftLogWorker close()
2019-10-30 11:52:57,971 [ForkJoinPool.commonPool-worker-0] INFO  segmented.SegmentedRaftLogWorker (SegmentedRaftLogWorker.java:close(224)) - cd11b2f5-3187-4d03-bd60-931991550c17@group-9E196F3EDD32-SegmentedRaftLogWorker close()
2019-10-30 11:52:57,975 [main] INFO  server.GrpcService (GrpcService.java:closeImpl(164)) - 4f16e274-8663-4a15-9c4c-c81f650ab979: shutdown server with port 38181 now
2019-10-30 11:52:57,975 [ForkJoinPool.commonPool-worker-0] INFO  server.GrpcService (GrpcService.java:closeImpl(164)) - cd11b2f5-3187-4d03-bd60-931991550c17: shutdown server with port 43236 now
2019-10-30 11:52:57,978 [ForkJoinPool.commonPool-worker-0] INFO  server.GrpcService (GrpcService.java:closeImpl(172)) - cd11b2f5-3187-4d03-bd60-931991550c17: shutdown server with port 43236 successfully
2019-10-30 11:52:57,978 [main] INFO  server.GrpcService (GrpcService.java:closeImpl(172)) - 4f16e274-8663-4a15-9c4c-c81f650ab979: shutdown server with port 38181 successfully
2019-10-30 11:52:57,979 [Thread-2885] INFO  impl.FollowerState (FollowerState.java:run(108)) - 9dbd5372-55c2-4532-b354-9494d3d545d2@group-F367C8FA5986-FollowerState: change to CANDIDATE, lastRpcTime:106ms, electionTimeout:106ms
2019-10-30 11:52:57,979 [Thread-2885] INFO  impl.RoleInfo (RoleInfo.java:shutdownFollowerState(121)) - 9dbd5372-55c2-4532-b354-9494d3d545d2: shutdown FollowerState
2019-10-30 11:52:57,979 [Thread-2885] INFO  impl.RaftServerImpl (RaftServerImpl.java:setRole(184)) - 9dbd5372-55c2-4532-b354-9494d3d545d2@group-F367C8FA5986: changes role from  FOLLOWER to CANDIDATE at term 189 for changeToCandidate
2019-10-30 11:52:57,979 [Thread-2885] INFO  impl.RoleInfo (RoleInfo.java:updateAndGet(143)) - 9dbd5372-55c2-4532-b354-9494d3d545d2: start LeaderElection
2019-10-30 11:52:57,981 [refreshUsed-/workdir/hadoop-ozone/integration-test/target/test-dir/MiniOzoneClusterImpl-aaf233b5-8021-4449-9df2-227d87d78376/datanode-5/data/containers] WARN  fs.CachingGetSpaceUsed (CachingGetSpaceUsed.java:run(183)) - Thread Interrupted waiting to refresh disk information: sleep interrupted
2019-10-30 11:52:57,982 [refreshUsed-/workdir/hadoop-ozone/integration-test/target/test-dir/MiniOzoneClusterImpl-aaf233b5-8021-4449-9df2-227d87d78376/datanode-2/data/containers] WARN  fs.CachingGetSpaceUsed (CachingGetSpaceUsed.java:run(183)) - Thread Interrupted waiting to refresh disk information: sleep interrupted
2019-10-30 11:52:57,982 [9dbd5372-55c2-4532-b354-9494d3d545d2@group-F367C8FA5986-LeaderElection367] INFO  impl.LeaderElection (LeaderElection.java:askForVotes(178)) - 9dbd5372-55c2-4532-b354-9494d3d545d2@group-F367C8FA5986-LeaderElection367: begin an election at term 190 for -1: [9b3ef6c9-0245-4756-bf80-45d41f7a4453:192.168.157.220:37058, cd11b2f5-3187-4d03-bd60-931991550c17:192.168.157.220:43236, 9dbd5372-55c2-4532-b354-9494d3d545d2:192.168.157.220:42993], old=null
2019-10-30 11:52:57,985 [grpc-default-executor-4] INFO  impl.RaftServerImpl (RaftServerImpl.java:setRole(184)) - 9b3ef6c9-0245-4756-bf80-45d41f7a4453@group-F367C8FA5986: changes role from  FOLLOWER to FOLLOWER at term 190 for recognizeCandidate:9dbd5372-55c2-4532-b354-9494d3d545d2
2019-10-30 11:52:57,985 [grpc-default-executor-4] INFO  impl.RoleInfo (RoleInfo.java:shutdownFollowerState(121)) - 9b3ef6c9-0245-4756-bf80-45d41f7a4453: shutdown FollowerState
2019-10-30 11:52:57,985 [grpc-default-executor-4] INFO  impl.RoleInfo (RoleInfo.java:updateAndGet(143)) - 9b3ef6c9-0245-4756-bf80-45d41f7a4453: start FollowerState
2019-10-30 11:52:57,988 [Thread-2882] INFO  impl.FollowerState (FollowerState.java:run(117)) - 9b3ef6c9-0245-4756-bf80-45d41f7a4453@group-F367C8FA5986-FollowerState was interrupted: java.lang.InterruptedException: sleep interrupted
2019-10-30 11:52:58,009 [9dbd5372-55c2-4532-b354-9494d3d545d2@group-F367C8FA5986-LeaderElection367] INFO  impl.LeaderElection (LeaderElection.java:logAndReturn(56)) - 9dbd5372-55c2-4532-b354-9494d3d545d2@group-F367C8FA5986-LeaderElection367: Election TIMEOUT; received 0 response(s) [] and 0 exception(s); 9dbd5372-55c2-4532-b354-9494d3d545d2@group-F367C8FA5986:t190, leader=null, voted=9dbd5372-55c2-4532-b354-9494d3d545d2, raftlog=9dbd5372-55c2-4532-b354-9494d3d545d2@group-F367C8FA5986-SegmentedRaftLog:OPENED:c-1,f-1,i0, conf=-1: [9b3ef6c9-0245-4756-bf80-45d41f7a4453:192.168.157.220:37058, cd11b2f5-3187-4d03-bd60-931991550c17:192.168.157.220:43236, 9dbd5372-55c2-4532-b354-9494d3d545d2:192.168.157.220:42993], old=null
2019-10-30 11:52:58,030 [ForkJoinPool.commonPool-worker-0] INFO  utils.BackgroundService (BackgroundService.java:shutdown(151)) - Shutting down service BlockDeletingService
2019-10-30 11:52:58,040 [9dbd5372-55c2-4532-b354-9494d3d545d2@group-F367C8FA5986-LeaderElection367] INFO  impl.LeaderElection (LeaderElection.java:askForVotes(178)) - 9dbd5372-55c2-4532-b354-9494d3d545d2@group-F367C8FA5986-LeaderElection367: begin an election at term 191 for -1: [9b3ef6c9-0245-4756-bf80-45d41f7a4453:192.168.157.220:37058, cd11b2f5-3187-4d03-bd60-931991550c17:192.168.157.220:43236, 9dbd5372-55c2-4532-b354-9494d3d545d2:192.168.157.220:42993], old=null
2019-10-30 11:52:58,042 [main] INFO  utils.BackgroundService (BackgroundService.java:shutdown(151)) - Shutting down service BlockDeletingService
2019-10-30 11:52:58,056 [ForkJoinPool.commonPool-worker-0] INFO  statemachine.DatanodeStateMachine (DatanodeStateMachine.java:stopDaemon(395)) - Ozone container server stopped.
2019-10-30 11:52:58,059 [9dbd5372-55c2-4532-b354-9494d3d545d2@group-F367C8FA5986-LeaderElection367] INFO  impl.LeaderElection (LogUtils.java:infoOrTrace(149)) - 9dbd5372-55c2-4532-b354-9494d3d545d2@group-F367C8FA5986-LeaderElection367 got exception when requesting votes: {}
java.util.concurrent.ExecutionException: org.apache.ratis.thirdparty.io.grpc.StatusRuntimeException: UNAVAILABLE: io exception
	at java.util.concurrent.FutureTask.report(FutureTask.java:122)
	at java.util.concurrent.FutureTask.get(FutureTask.java:192)
	at org.apache.ratis.server.impl.LeaderElection.waitForResults(LeaderElection.java:259)
	at org.apache.ratis.server.impl.LeaderElection.askForVotes(LeaderElection.java:197)
	at org.apache.ratis.server.impl.LeaderElection.run(LeaderElection.java:133)
	at java.lang.Thread.run(Thread.java:748)
Caused by: org.apache.ratis.thirdparty.io.grpc.StatusRuntimeException: UNAVAILABLE: io exception
	at org.apache.ratis.thirdparty.io.grpc.stub.ClientCalls.toStatusRuntimeException(ClientCalls.java:233)
	at org.apache.ratis.thirdparty.io.grpc.stub.ClientCalls.getUnchecked(ClientCalls.java:214)
	at org.apache.ratis.thirdparty.io.grpc.stub.ClientCalls.blockingUnaryCall(ClientCalls.java:139)
	at org.apache.ratis.proto.grpc.RaftServerProtocolServiceGrpc$RaftServerProtocolServiceBlockingStub.requestVote(RaftServerProtocolServiceGrpc.java:265)
	at org.apache.ratis.grpc.server.GrpcServerProtocolClient.requestVote(GrpcServerProtocolClient.java:99)
	at org.apache.ratis.grpc.server.GrpcService.requestVote(GrpcService.java:204)
	at org.apache.ratis.server.impl.LeaderElection.lambda$submitRequests$1(LeaderElection.java:234)
	at java.util.concurrent.FutureTask.run(FutureTask.java:266)
	at java.util.concurrent.Executors$RunnableAdapter.call(Executors.java:511)
	at java.util.concurrent.FutureTask.run(FutureTask.java:266)
	at java.util.concurrent.ThreadPoolExecutor.runWorker(ThreadPoolExecutor.java:1149)
	at java.util.concurrent.ThreadPoolExecutor$Worker.run(ThreadPoolExecutor.java:624)
	... 1 more
Caused by: org.apache.ratis.thirdparty.io.netty.channel.AbstractChannel$AnnotatedConnectException: Connection refused: /192.168.157.220:43236
	at sun.nio.ch.SocketChannelImpl.checkConnect(Native Method)
	at sun.nio.ch.SocketChannelImpl.finishConnect(SocketChannelImpl.java:717)
	at org.apache.ratis.thirdparty.io.netty.channel.socket.nio.NioSocketChannel.doFinishConnect(NioSocketChannel.java:327)
	at org.apache.ratis.thirdparty.io.netty.channel.nio.AbstractNioChannel$AbstractNioUnsafe.finishConnect(AbstractNioChannel.java:340)
	at org.apache.ratis.thirdparty.io.netty.channel.nio.NioEventLoop.processSelectedKey(NioEventLoop.java:632)
	at org.apache.ratis.thirdparty.io.netty.channel.nio.NioEventLoop.processSelectedKeysOptimized(NioEventLoop.java:579)
	at org.apache.ratis.thirdparty.io.netty.channel.nio.NioEventLoop.processSelectedKeys(NioEventLoop.java:496)
	at org.apache.ratis.thirdparty.io.netty.channel.nio.NioEventLoop.run(NioEventLoop.java:458)
	at org.apache.ratis.thirdparty.io.netty.util.concurrent.SingleThreadEventExecutor$5.run(SingleThreadEventExecutor.java:897)
	at org.apache.ratis.thirdparty.io.netty.util.concurrent.FastThreadLocalRunnable.run(FastThreadLocalRunnable.java:30)
	... 1 more
Caused by: java.net.ConnectException: Connection refused
	... 11 more
2019-10-30 11:52:58,065 [grpc-default-executor-4] INFO  impl.RaftServerImpl (RaftServerImpl.java:setRole(184)) - 9b3ef6c9-0245-4756-bf80-45d41f7a4453@group-F367C8FA5986: changes role from  FOLLOWER to FOLLOWER at term 191 for recognizeCandidate:9dbd5372-55c2-4532-b354-9494d3d545d2
2019-10-30 11:52:58,066 [grpc-default-executor-4] INFO  impl.RoleInfo (RoleInfo.java:shutdownFollowerState(121)) - 9b3ef6c9-0245-4756-bf80-45d41f7a4453: shutdown FollowerState
2019-10-30 11:52:58,065 [ForkJoinPool.commonPool-worker-0] INFO  handler.ContextHandler (ContextHandler.java:doStop(910)) - Stopped o.e.j.w.WebAppContext@4c6007fb{/,null,UNAVAILABLE}{/hddsDatanode}
2019-10-30 11:52:58,063 [main] INFO  statemachine.DatanodeStateMachine (DatanodeStateMachine.java:stopDaemon(395)) - Ozone container server stopped.
2019-10-30 11:52:58,066 [grpc-default-executor-4] INFO  impl.RoleInfo (RoleInfo.java:updateAndGet(143)) - 9b3ef6c9-0245-4756-bf80-45d41f7a4453: start FollowerState
2019-10-30 11:52:58,066 [Thread-2890] INFO  impl.FollowerState (FollowerState.java:run(117)) - 9b3ef6c9-0245-4756-bf80-45d41f7a4453@group-F367C8FA5986-FollowerState was interrupted: java.lang.InterruptedException: sleep interrupted
2019-10-30 11:52:58,067 [ForkJoinPool.commonPool-worker-0] INFO  server.AbstractConnector (AbstractConnector.java:doStop(318)) - Stopped ServerConnector@3e33d73e{HTTP/1.1,[http/1.1]}{0.0.0.0:0}
2019-10-30 11:52:58,067 [main] INFO  handler.ContextHandler (ContextHandler.java:doStop(910)) - Stopped o.e.j.w.WebAppContext@7fb29ca9{/,null,UNAVAILABLE}{/hddsDatanode}
2019-10-30 11:52:58,069 [ForkJoinPool.commonPool-worker-0] INFO  handler.ContextHandler (ContextHandler.java:doStop(910)) - Stopped o.e.j.s.ServletContextHandler@26f46fa6{/static,jar:file:/home/user/.m2/repository/org/apache/hadoop/hadoop-hdds-container-service/0.5.0-SNAPSHOT/hadoop-hdds-container-service-0.5.0-SNAPSHOT.jar!/webapps/static,UNAVAILABLE}
2019-10-30 11:52:58,070 [ForkJoinPool.commonPool-worker-0] INFO  handler.ContextHandler (ContextHandler.java:doStop(910)) - Stopped o.e.j.s.ServletContextHandler@d109c4f{/logs,file:///workdir/hadoop-ozone/integration-test/target/log,UNAVAILABLE}
2019-10-30 11:52:58,071 [main] INFO  server.AbstractConnector (AbstractConnector.java:doStop(318)) - Stopped ServerConnector@1e253c9d{HTTP/1.1,[http/1.1]}{0.0.0.0:0}
2019-10-30 11:52:58,071 [main] INFO  handler.ContextHandler (ContextHandler.java:doStop(910)) - Stopped o.e.j.s.ServletContextHandler@762637be{/static,jar:file:/home/user/.m2/repository/org/apache/hadoop/hadoop-hdds-container-service/0.5.0-SNAPSHOT/hadoop-hdds-container-service-0.5.0-SNAPSHOT.jar!/webapps/static,UNAVAILABLE}
2019-10-30 11:52:58,071 [main] INFO  handler.ContextHandler (ContextHandler.java:doStop(910)) - Stopped o.e.j.s.ServletContextHandler@72f9f27c{/logs,file:///workdir/hadoop-ozone/integration-test/target/log,UNAVAILABLE}
2019-10-30 11:52:58,076 [Thread-2886] INFO  impl.FollowerState (FollowerState.java:run(108)) - f26e10ed-fb17-49e6-a903-eadc130d13d1@group-83984122B78E-FollowerState: change to CANDIDATE, lastRpcTime:197ms, electionTimeout:197ms
2019-10-30 11:52:58,076 [Thread-2886] INFO  impl.RoleInfo (RoleInfo.java:shutdownFollowerState(121)) - f26e10ed-fb17-49e6-a903-eadc130d13d1: shutdown FollowerState
2019-10-30 11:52:58,080 [Thread-2886] INFO  impl.RaftServerImpl (RaftServerImpl.java:setRole(184)) - f26e10ed-fb17-49e6-a903-eadc130d13d1@group-83984122B78E: changes role from  FOLLOWER to CANDIDATE at term 203 for changeToCandidate
2019-10-30 11:52:58,080 [Thread-2886] INFO  impl.RoleInfo (RoleInfo.java:updateAndGet(143)) - f26e10ed-fb17-49e6-a903-eadc130d13d1: start LeaderElection
2019-10-30 11:52:58,087 [9dbd5372-55c2-4532-b354-9494d3d545d2@group-F367C8FA5986-LeaderElection367] INFO  impl.LeaderElection (LeaderElection.java:logAndReturn(56)) - 9dbd5372-55c2-4532-b354-9494d3d545d2@group-F367C8FA5986-LeaderElection367: Election REJECTED; received 1 response(s) [9dbd5372-55c2-4532-b354-9494d3d545d2<-9b3ef6c9-0245-4756-bf80-45d41f7a4453#0:FAIL-t191] and 1 exception(s); 9dbd5372-55c2-4532-b354-9494d3d545d2@group-F367C8FA5986:t191, leader=null, voted=9dbd5372-55c2-4532-b354-9494d3d545d2, raftlog=9dbd5372-55c2-4532-b354-9494d3d545d2@group-F367C8FA5986-SegmentedRaftLog:OPENED:c-1,f-1,i0, conf=-1: [9b3ef6c9-0245-4756-bf80-45d41f7a4453:192.168.157.220:37058, cd11b2f5-3187-4d03-bd60-931991550c17:192.168.157.220:43236, 9dbd5372-55c2-4532-b354-9494d3d545d2:192.168.157.220:42993], old=null
2019-10-30 11:52:58,088 [9dbd5372-55c2-4532-b354-9494d3d545d2@group-F367C8FA5986-LeaderElection367] INFO  impl.LeaderElection (LogUtils.java:infoOrTrace(149)) -   Exception 0: {}
java.util.concurrent.ExecutionException: org.apache.ratis.thirdparty.io.grpc.StatusRuntimeException: UNAVAILABLE: io exception
	at java.util.concurrent.FutureTask.report(FutureTask.java:122)
	at java.util.concurrent.FutureTask.get(FutureTask.java:192)
	at org.apache.ratis.server.impl.LeaderElection.waitForResults(LeaderElection.java:259)
	at org.apache.ratis.server.impl.LeaderElection.askForVotes(LeaderElection.java:197)
	at org.apache.ratis.server.impl.LeaderElection.run(LeaderElection.java:133)
	at java.lang.Thread.run(Thread.java:748)
Caused by: org.apache.ratis.thirdparty.io.grpc.StatusRuntimeException: UNAVAILABLE: io exception
	at org.apache.ratis.thirdparty.io.grpc.stub.ClientCalls.toStatusRuntimeException(ClientCalls.java:233)
	at org.apache.ratis.thirdparty.io.grpc.stub.ClientCalls.getUnchecked(ClientCalls.java:214)
	at org.apache.ratis.thirdparty.io.grpc.stub.ClientCalls.blockingUnaryCall(ClientCalls.java:139)
	at org.apache.ratis.proto.grpc.RaftServerProtocolServiceGrpc$RaftServerProtocolServiceBlockingStub.requestVote(RaftServerProtocolServiceGrpc.java:265)
	at org.apache.ratis.grpc.server.GrpcServerProtocolClient.requestVote(GrpcServerProtocolClient.java:99)
	at org.apache.ratis.grpc.server.GrpcService.requestVote(GrpcService.java:204)
	at org.apache.ratis.server.impl.LeaderElection.lambda$submitRequests$1(LeaderElection.java:234)
	at java.util.concurrent.FutureTask.run(FutureTask.java:266)
	at java.util.concurrent.Executors$RunnableAdapter.call(Executors.java:511)
	at java.util.concurrent.FutureTask.run(FutureTask.java:266)
	at java.util.concurrent.ThreadPoolExecutor.runWorker(ThreadPoolExecutor.java:1149)
	at java.util.concurrent.ThreadPoolExecutor$Worker.run(ThreadPoolExecutor.java:624)
	... 1 more
Caused by: org.apache.ratis.thirdparty.io.netty.channel.AbstractChannel$AnnotatedConnectException: Connection refused: /192.168.157.220:43236
	at sun.nio.ch.SocketChannelImpl.checkConnect(Native Method)
	at sun.nio.ch.SocketChannelImpl.finishConnect(SocketChannelImpl.java:717)
	at org.apache.ratis.thirdparty.io.netty.channel.socket.nio.NioSocketChannel.doFinishConnect(NioSocketChannel.java:327)
	at org.apache.ratis.thirdparty.io.netty.channel.nio.AbstractNioChannel$AbstractNioUnsafe.finishConnect(AbstractNioChannel.java:340)
	at org.apache.ratis.thirdparty.io.netty.channel.nio.NioEventLoop.processSelectedKey(NioEventLoop.java:632)
	at org.apache.ratis.thirdparty.io.netty.channel.nio.NioEventLoop.processSelectedKeysOptimized(NioEventLoop.java:579)
	at org.apache.ratis.thirdparty.io.netty.channel.nio.NioEventLoop.processSelectedKeys(NioEventLoop.java:496)
	at org.apache.ratis.thirdparty.io.netty.channel.nio.NioEventLoop.run(NioEventLoop.java:458)
	at org.apache.ratis.thirdparty.io.netty.util.concurrent.SingleThreadEventExecutor$5.run(SingleThreadEventExecutor.java:897)
	at org.apache.ratis.thirdparty.io.netty.util.concurrent.FastThreadLocalRunnable.run(FastThreadLocalRunnable.java:30)
	... 1 more
Caused by: java.net.ConnectException: Connection refused
	... 11 more
2019-10-30 11:52:58,088 [9dbd5372-55c2-4532-b354-9494d3d545d2@group-F367C8FA5986-LeaderElection367] INFO  impl.RaftServerImpl (RaftServerImpl.java:setRole(184)) - 9dbd5372-55c2-4532-b354-9494d3d545d2@group-F367C8FA5986: changes role from CANDIDATE to FOLLOWER at term 191 for DISCOVERED_A_NEW_TERM
2019-10-30 11:52:58,088 [9dbd5372-55c2-4532-b354-9494d3d545d2@group-F367C8FA5986-LeaderElection367] INFO  impl.RoleInfo (RoleInfo.java:shutdownLeaderElection(134)) - 9dbd5372-55c2-4532-b354-9494d3d545d2: shutdown LeaderElection
2019-10-30 11:52:58,088 [9dbd5372-55c2-4532-b354-9494d3d545d2@group-F367C8FA5986-LeaderElection367] INFO  impl.RoleInfo (RoleInfo.java:updateAndGet(143)) - 9dbd5372-55c2-4532-b354-9494d3d545d2: start FollowerState
2019-10-30 11:52:58,089 [f26e10ed-fb17-49e6-a903-eadc130d13d1@group-83984122B78E-LeaderElection368] INFO  impl.LeaderElection (LeaderElection.java:askForVotes(178)) - f26e10ed-fb17-49e6-a903-eadc130d13d1@group-83984122B78E-LeaderElection368: begin an election at term 204 for -1: [4f16e274-8663-4a15-9c4c-c81f650ab979:192.168.157.220:38181, 4cc44201-a597-43af-a4ec-5b1b407a6250:192.168.157.220:36685, f26e10ed-fb17-49e6-a903-eadc130d13d1:192.168.157.220:32806], old=null
2019-10-30 11:52:58,092 [f26e10ed-fb17-49e6-a903-eadc130d13d1@group-83984122B78E-LeaderElection368] INFO  impl.LeaderElection (LogUtils.java:infoOrTrace(149)) - f26e10ed-fb17-49e6-a903-eadc130d13d1@group-83984122B78E-LeaderElection368 got exception when requesting votes: {}
java.util.concurrent.ExecutionException: org.apache.ratis.thirdparty.io.grpc.StatusRuntimeException: UNAVAILABLE: io exception
	at java.util.concurrent.FutureTask.report(FutureTask.java:122)
	at java.util.concurrent.FutureTask.get(FutureTask.java:192)
	at org.apache.ratis.server.impl.LeaderElection.waitForResults(LeaderElection.java:259)
	at org.apache.ratis.server.impl.LeaderElection.askForVotes(LeaderElection.java:197)
	at org.apache.ratis.server.impl.LeaderElection.run(LeaderElection.java:133)
	at java.lang.Thread.run(Thread.java:748)
Caused by: org.apache.ratis.thirdparty.io.grpc.StatusRuntimeException: UNAVAILABLE: io exception
	at org.apache.ratis.thirdparty.io.grpc.stub.ClientCalls.toStatusRuntimeException(ClientCalls.java:233)
	at org.apache.ratis.thirdparty.io.grpc.stub.ClientCalls.getUnchecked(ClientCalls.java:214)
	at org.apache.ratis.thirdparty.io.grpc.stub.ClientCalls.blockingUnaryCall(ClientCalls.java:139)
	at org.apache.ratis.proto.grpc.RaftServerProtocolServiceGrpc$RaftServerProtocolServiceBlockingStub.requestVote(RaftServerProtocolServiceGrpc.java:265)
	at org.apache.ratis.grpc.server.GrpcServerProtocolClient.requestVote(GrpcServerProtocolClient.java:99)
	at org.apache.ratis.grpc.server.GrpcService.requestVote(GrpcService.java:204)
	at org.apache.ratis.server.impl.LeaderElection.lambda$submitRequests$1(LeaderElection.java:234)
	at java.util.concurrent.FutureTask.run(FutureTask.java:266)
	at java.util.concurrent.Executors$RunnableAdapter.call(Executors.java:511)
	at java.util.concurrent.FutureTask.run(FutureTask.java:266)
	at java.util.concurrent.ThreadPoolExecutor.runWorker(ThreadPoolExecutor.java:1149)
	at java.util.concurrent.ThreadPoolExecutor$Worker.run(ThreadPoolExecutor.java:624)
	... 1 more
Caused by: org.apache.ratis.thirdparty.io.netty.channel.AbstractChannel$AnnotatedConnectException: Connection refused: /192.168.157.220:38181
	at sun.nio.ch.SocketChannelImpl.checkConnect(Native Method)
	at sun.nio.ch.SocketChannelImpl.finishConnect(SocketChannelImpl.java:717)
	at org.apache.ratis.thirdparty.io.netty.channel.socket.nio.NioSocketChannel.doFinishConnect(NioSocketChannel.java:327)
	at org.apache.ratis.thirdparty.io.netty.channel.nio.AbstractNioChannel$AbstractNioUnsafe.finishConnect(AbstractNioChannel.java:340)
	at org.apache.ratis.thirdparty.io.netty.channel.nio.NioEventLoop.processSelectedKey(NioEventLoop.java:632)
	at org.apache.ratis.thirdparty.io.netty.channel.nio.NioEventLoop.processSelectedKeysOptimized(NioEventLoop.java:579)
	at org.apache.ratis.thirdparty.io.netty.channel.nio.NioEventLoop.processSelectedKeys(NioEventLoop.java:496)
	at org.apache.ratis.thirdparty.io.netty.channel.nio.NioEventLoop.run(NioEventLoop.java:458)
	at org.apache.ratis.thirdparty.io.netty.util.concurrent.SingleThreadEventExecutor$5.run(SingleThreadEventExecutor.java:897)
	at org.apache.ratis.thirdparty.io.netty.util.concurrent.FastThreadLocalRunnable.run(FastThreadLocalRunnable.java:30)
	... 1 more
Caused by: java.net.ConnectException: Connection refused
	... 11 more
2019-10-30 11:52:58,096 [grpc-default-executor-4] INFO  impl.RaftServerImpl (RaftServerImpl.java:setRole(184)) - 4cc44201-a597-43af-a4ec-5b1b407a6250@group-83984122B78E: changes role from  FOLLOWER to FOLLOWER at term 204 for recognizeCandidate:f26e10ed-fb17-49e6-a903-eadc130d13d1
2019-10-30 11:52:58,096 [grpc-default-executor-4] INFO  impl.RoleInfo (RoleInfo.java:shutdownFollowerState(121)) - 4cc44201-a597-43af-a4ec-5b1b407a6250: shutdown FollowerState
2019-10-30 11:52:58,096 [grpc-default-executor-4] INFO  impl.RoleInfo (RoleInfo.java:updateAndGet(143)) - 4cc44201-a597-43af-a4ec-5b1b407a6250: start FollowerState
2019-10-30 11:52:58,097 [Thread-2884] INFO  impl.FollowerState (FollowerState.java:run(117)) - 4cc44201-a597-43af-a4ec-5b1b407a6250@group-83984122B78E-FollowerState was interrupted: java.lang.InterruptedException: sleep interrupted
2019-10-30 11:52:58,101 [f26e10ed-fb17-49e6-a903-eadc130d13d1@group-83984122B78E-LeaderElection368] INFO  impl.LeaderElection (LeaderElection.java:logAndReturn(56)) - f26e10ed-fb17-49e6-a903-eadc130d13d1@group-83984122B78E-LeaderElection368: Election REJECTED; received 1 response(s) [f26e10ed-fb17-49e6-a903-eadc130d13d1<-4cc44201-a597-43af-a4ec-5b1b407a6250#0:FAIL-t204] and 1 exception(s); f26e10ed-fb17-49e6-a903-eadc130d13d1@group-83984122B78E:t204, leader=null, voted=f26e10ed-fb17-49e6-a903-eadc130d13d1, raftlog=f26e10ed-fb17-49e6-a903-eadc130d13d1@group-83984122B78E-SegmentedRaftLog:OPENED:c-1,f-1,i0, conf=-1: [4f16e274-8663-4a15-9c4c-c81f650ab979:192.168.157.220:38181, 4cc44201-a597-43af-a4ec-5b1b407a6250:192.168.157.220:36685, f26e10ed-fb17-49e6-a903-eadc130d13d1:192.168.157.220:32806], old=null
2019-10-30 11:52:58,101 [f26e10ed-fb17-49e6-a903-eadc130d13d1@group-83984122B78E-LeaderElection368] INFO  impl.LeaderElection (LogUtils.java:infoOrTrace(149)) -   Exception 0: {}
java.util.concurrent.ExecutionException: org.apache.ratis.thirdparty.io.grpc.StatusRuntimeException: UNAVAILABLE: io exception
	at java.util.concurrent.FutureTask.report(FutureTask.java:122)
	at java.util.concurrent.FutureTask.get(FutureTask.java:192)
	at org.apache.ratis.server.impl.LeaderElection.waitForResults(LeaderElection.java:259)
	at org.apache.ratis.server.impl.LeaderElection.askForVotes(LeaderElection.java:197)
	at org.apache.ratis.server.impl.LeaderElection.run(LeaderElection.java:133)
	at java.lang.Thread.run(Thread.java:748)
Caused by: org.apache.ratis.thirdparty.io.grpc.StatusRuntimeException: UNAVAILABLE: io exception
	at org.apache.ratis.thirdparty.io.grpc.stub.ClientCalls.toStatusRuntimeException(ClientCalls.java:233)
	at org.apache.ratis.thirdparty.io.grpc.stub.ClientCalls.getUnchecked(ClientCalls.java:214)
	at org.apache.ratis.thirdparty.io.grpc.stub.ClientCalls.blockingUnaryCall(ClientCalls.java:139)
	at org.apache.ratis.proto.grpc.RaftServerProtocolServiceGrpc$RaftServerProtocolServiceBlockingStub.requestVote(RaftServerProtocolServiceGrpc.java:265)
	at org.apache.ratis.grpc.server.GrpcServerProtocolClient.requestVote(GrpcServerProtocolClient.java:99)
	at org.apache.ratis.grpc.server.GrpcService.requestVote(GrpcService.java:204)
	at org.apache.ratis.server.impl.LeaderElection.lambda$submitRequests$1(LeaderElection.java:234)
	at java.util.concurrent.FutureTask.run(FutureTask.java:266)
	at java.util.concurrent.Executors$RunnableAdapter.call(Executors.java:511)
	at java.util.concurrent.FutureTask.run(FutureTask.java:266)
	at java.util.concurrent.ThreadPoolExecutor.runWorker(ThreadPoolExecutor.java:1149)
	at java.util.concurrent.ThreadPoolExecutor$Worker.run(ThreadPoolExecutor.java:624)
	... 1 more
Caused by: org.apache.ratis.thirdparty.io.netty.channel.AbstractChannel$AnnotatedConnectException: Connection refused: /192.168.157.220:38181
	at sun.nio.ch.SocketChannelImpl.checkConnect(Native Method)
	at sun.nio.ch.SocketChannelImpl.finishConnect(SocketChannelImpl.java:717)
	at org.apache.ratis.thirdparty.io.netty.channel.socket.nio.NioSocketChannel.doFinishConnect(NioSocketChannel.java:327)
	at org.apache.ratis.thirdparty.io.netty.channel.nio.AbstractNioChannel$AbstractNioUnsafe.finishConnect(AbstractNioChannel.java:340)
	at org.apache.ratis.thirdparty.io.netty.channel.nio.NioEventLoop.processSelectedKey(NioEventLoop.java:632)
	at org.apache.ratis.thirdparty.io.netty.channel.nio.NioEventLoop.processSelectedKeysOptimized(NioEventLoop.java:579)
	at org.apache.ratis.thirdparty.io.netty.channel.nio.NioEventLoop.processSelectedKeys(NioEventLoop.java:496)
	at org.apache.ratis.thirdparty.io.netty.channel.nio.NioEventLoop.run(NioEventLoop.java:458)
	at org.apache.ratis.thirdparty.io.netty.util.concurrent.SingleThreadEventExecutor$5.run(SingleThreadEventExecutor.java:897)
	at org.apache.ratis.thirdparty.io.netty.util.concurrent.FastThreadLocalRunnable.run(FastThreadLocalRunnable.java:30)
	... 1 more
Caused by: java.net.ConnectException: Connection refused
	... 11 more
2019-10-30 11:52:58,102 [f26e10ed-fb17-49e6-a903-eadc130d13d1@group-83984122B78E-LeaderElection368] INFO  impl.RaftServerImpl (RaftServerImpl.java:setRole(184)) - f26e10ed-fb17-49e6-a903-eadc130d13d1@group-83984122B78E: changes role from CANDIDATE to FOLLOWER at term 204 for DISCOVERED_A_NEW_TERM
2019-10-30 11:52:58,102 [f26e10ed-fb17-49e6-a903-eadc130d13d1@group-83984122B78E-LeaderElection368] INFO  impl.RoleInfo (RoleInfo.java:shutdownLeaderElection(134)) - f26e10ed-fb17-49e6-a903-eadc130d13d1: shutdown LeaderElection
2019-10-30 11:52:58,102 [f26e10ed-fb17-49e6-a903-eadc130d13d1@group-83984122B78E-LeaderElection368] INFO  impl.RoleInfo (RoleInfo.java:updateAndGet(143)) - f26e10ed-fb17-49e6-a903-eadc130d13d1: start FollowerState
2019-10-30 11:52:58,111 [Thread-2895] INFO  impl.FollowerState (FollowerState.java:run(108)) - 9dbd5372-55c2-4532-b354-9494d3d545d2@group-F367C8FA5986-FollowerState: change to CANDIDATE, lastRpcTime:22ms, electionTimeout:22ms
2019-10-30 11:52:58,111 [Thread-2895] INFO  impl.RoleInfo (RoleInfo.java:shutdownFollowerState(121)) - 9dbd5372-55c2-4532-b354-9494d3d545d2: shutdown FollowerState
2019-10-30 11:52:58,111 [Thread-2895] INFO  impl.RaftServerImpl (RaftServerImpl.java:setRole(184)) - 9dbd5372-55c2-4532-b354-9494d3d545d2@group-F367C8FA5986: changes role from  FOLLOWER to CANDIDATE at term 191 for changeToCandidate
2019-10-30 11:52:58,111 [Thread-2895] INFO  impl.RoleInfo (RoleInfo.java:updateAndGet(143)) - 9dbd5372-55c2-4532-b354-9494d3d545d2: start LeaderElection
2019-10-30 11:52:58,119 [9dbd5372-55c2-4532-b354-9494d3d545d2@group-F367C8FA5986-LeaderElection369] INFO  impl.LeaderElection (LeaderElection.java:askForVotes(178)) - 9dbd5372-55c2-4532-b354-9494d3d545d2@group-F367C8FA5986-LeaderElection369: begin an election at term 192 for -1: [9b3ef6c9-0245-4756-bf80-45d41f7a4453:192.168.157.220:37058, cd11b2f5-3187-4d03-bd60-931991550c17:192.168.157.220:43236, 9dbd5372-55c2-4532-b354-9494d3d545d2:192.168.157.220:42993], old=null
2019-10-30 11:52:58,119 [9dbd5372-55c2-4532-b354-9494d3d545d2@group-F367C8FA5986-LeaderElection369] INFO  impl.LeaderElection (LogUtils.java:infoOrTrace(149)) - 9dbd5372-55c2-4532-b354-9494d3d545d2@group-F367C8FA5986-LeaderElection369 got exception when requesting votes: {}
java.util.concurrent.ExecutionException: org.apache.ratis.thirdparty.io.grpc.StatusRuntimeException: UNAVAILABLE: io exception
	at java.util.concurrent.FutureTask.report(FutureTask.java:122)
	at java.util.concurrent.FutureTask.get(FutureTask.java:192)
	at org.apache.ratis.server.impl.LeaderElection.waitForResults(LeaderElection.java:259)
	at org.apache.ratis.server.impl.LeaderElection.askForVotes(LeaderElection.java:197)
	at org.apache.ratis.server.impl.LeaderElection.run(LeaderElection.java:133)
	at java.lang.Thread.run(Thread.java:748)
Caused by: org.apache.ratis.thirdparty.io.grpc.StatusRuntimeException: UNAVAILABLE: io exception
	at org.apache.ratis.thirdparty.io.grpc.stub.ClientCalls.toStatusRuntimeException(ClientCalls.java:233)
	at org.apache.ratis.thirdparty.io.grpc.stub.ClientCalls.getUnchecked(ClientCalls.java:214)
	at org.apache.ratis.thirdparty.io.grpc.stub.ClientCalls.blockingUnaryCall(ClientCalls.java:139)
	at org.apache.ratis.proto.grpc.RaftServerProtocolServiceGrpc$RaftServerProtocolServiceBlockingStub.requestVote(RaftServerProtocolServiceGrpc.java:265)
	at org.apache.ratis.grpc.server.GrpcServerProtocolClient.requestVote(GrpcServerProtocolClient.java:99)
	at org.apache.ratis.grpc.server.GrpcService.requestVote(GrpcService.java:204)
	at org.apache.ratis.server.impl.LeaderElection.lambda$submitRequests$1(LeaderElection.java:234)
	at java.util.concurrent.FutureTask.run(FutureTask.java:266)
	at java.util.concurrent.Executors$RunnableAdapter.call(Executors.java:511)
	at java.util.concurrent.FutureTask.run(FutureTask.java:266)
	at java.util.concurrent.ThreadPoolExecutor.runWorker(ThreadPoolExecutor.java:1149)
	at java.util.concurrent.ThreadPoolExecutor$Worker.run(ThreadPoolExecutor.java:624)
	... 1 more
Caused by: org.apache.ratis.thirdparty.io.netty.channel.AbstractChannel$AnnotatedConnectException: Connection refused: /192.168.157.220:43236
	at sun.nio.ch.SocketChannelImpl.checkConnect(Native Method)
	at sun.nio.ch.SocketChannelImpl.finishConnect(SocketChannelImpl.java:717)
	at org.apache.ratis.thirdparty.io.netty.channel.socket.nio.NioSocketChannel.doFinishConnect(NioSocketChannel.java:327)
	at org.apache.ratis.thirdparty.io.netty.channel.nio.AbstractNioChannel$AbstractNioUnsafe.finishConnect(AbstractNioChannel.java:340)
	at org.apache.ratis.thirdparty.io.netty.channel.nio.NioEventLoop.processSelectedKey(NioEventLoop.java:632)
	at org.apache.ratis.thirdparty.io.netty.channel.nio.NioEventLoop.processSelectedKeysOptimized(NioEventLoop.java:579)
	at org.apache.ratis.thirdparty.io.netty.channel.nio.NioEventLoop.processSelectedKeys(NioEventLoop.java:496)
	at org.apache.ratis.thirdparty.io.netty.channel.nio.NioEventLoop.run(NioEventLoop.java:458)
	at org.apache.ratis.thirdparty.io.netty.util.concurrent.SingleThreadEventExecutor$5.run(SingleThreadEventExecutor.java:897)
	at org.apache.ratis.thirdparty.io.netty.util.concurrent.FastThreadLocalRunnable.run(FastThreadLocalRunnable.java:30)
	... 1 more
Caused by: java.net.ConnectException: Connection refused
	... 11 more
2019-10-30 11:52:58,123 [grpc-default-executor-4] INFO  impl.RaftServerImpl (RaftServerImpl.java:setRole(184)) - 9b3ef6c9-0245-4756-bf80-45d41f7a4453@group-F367C8FA5986: changes role from  FOLLOWER to FOLLOWER at term 192 for recognizeCandidate:9dbd5372-55c2-4532-b354-9494d3d545d2
2019-10-30 11:52:58,125 [grpc-default-executor-4] INFO  impl.RoleInfo (RoleInfo.java:shutdownFollowerState(121)) - 9b3ef6c9-0245-4756-bf80-45d41f7a4453: shutdown FollowerState
2019-10-30 11:52:58,124 [Datanode State Machine Thread - 0] INFO  statemachine.DatanodeStateMachine (DatanodeStateMachine.java:lambda$startDaemon$0(350)) - Ozone container server started.
2019-10-30 11:52:58,125 [Thread-2893] INFO  impl.FollowerState (FollowerState.java:run(117)) - 9b3ef6c9-0245-4756-bf80-45d41f7a4453@group-F367C8FA5986-FollowerState was interrupted: java.lang.InterruptedException: sleep interrupted
2019-10-30 11:52:58,125 [grpc-default-executor-4] INFO  impl.RoleInfo (RoleInfo.java:updateAndGet(143)) - 9b3ef6c9-0245-4756-bf80-45d41f7a4453: start FollowerState
2019-10-30 11:52:58,141 [9dbd5372-55c2-4532-b354-9494d3d545d2@group-F367C8FA5986-LeaderElection369] INFO  impl.LeaderElection (LeaderElection.java:logAndReturn(56)) - 9dbd5372-55c2-4532-b354-9494d3d545d2@group-F367C8FA5986-LeaderElection369: Election REJECTED; received 1 response(s) [9dbd5372-55c2-4532-b354-9494d3d545d2<-9b3ef6c9-0245-4756-bf80-45d41f7a4453#0:FAIL-t192] and 1 exception(s); 9dbd5372-55c2-4532-b354-9494d3d545d2@group-F367C8FA5986:t192, leader=null, voted=9dbd5372-55c2-4532-b354-9494d3d545d2, raftlog=9dbd5372-55c2-4532-b354-9494d3d545d2@group-F367C8FA5986-SegmentedRaftLog:OPENED:c-1,f-1,i0, conf=-1: [9b3ef6c9-0245-4756-bf80-45d41f7a4453:192.168.157.220:37058, cd11b2f5-3187-4d03-bd60-931991550c17:192.168.157.220:43236, 9dbd5372-55c2-4532-b354-9494d3d545d2:192.168.157.220:42993], old=null
2019-10-30 11:52:58,141 [9dbd5372-55c2-4532-b354-9494d3d545d2@group-F367C8FA5986-LeaderElection369] INFO  impl.LeaderElection (LogUtils.java:infoOrTrace(149)) -   Exception 0: {}
java.util.concurrent.ExecutionException: org.apache.ratis.thirdparty.io.grpc.StatusRuntimeException: UNAVAILABLE: io exception
	at java.util.concurrent.FutureTask.report(FutureTask.java:122)
	at java.util.concurrent.FutureTask.get(FutureTask.java:192)
	at org.apache.ratis.server.impl.LeaderElection.waitForResults(LeaderElection.java:259)
	at org.apache.ratis.server.impl.LeaderElection.askForVotes(LeaderElection.java:197)
	at org.apache.ratis.server.impl.LeaderElection.run(LeaderElection.java:133)
	at java.lang.Thread.run(Thread.java:748)
Caused by: org.apache.ratis.thirdparty.io.grpc.StatusRuntimeException: UNAVAILABLE: io exception
	at org.apache.ratis.thirdparty.io.grpc.stub.ClientCalls.toStatusRuntimeException(ClientCalls.java:233)
	at org.apache.ratis.thirdparty.io.grpc.stub.ClientCalls.getUnchecked(ClientCalls.java:214)
	at org.apache.ratis.thirdparty.io.grpc.stub.ClientCalls.blockingUnaryCall(ClientCalls.java:139)
	at org.apache.ratis.proto.grpc.RaftServerProtocolServiceGrpc$RaftServerProtocolServiceBlockingStub.requestVote(RaftServerProtocolServiceGrpc.java:265)
	at org.apache.ratis.grpc.server.GrpcServerProtocolClient.requestVote(GrpcServerProtocolClient.java:99)
	at org.apache.ratis.grpc.server.GrpcService.requestVote(GrpcService.java:204)
	at org.apache.ratis.server.impl.LeaderElection.lambda$submitRequests$1(LeaderElection.java:234)
	at java.util.concurrent.FutureTask.run(FutureTask.java:266)
	at java.util.concurrent.Executors$RunnableAdapter.call(Executors.java:511)
	at java.util.concurrent.FutureTask.run(FutureTask.java:266)
	at java.util.concurrent.ThreadPoolExecutor.runWorker(ThreadPoolExecutor.java:1149)
	at java.util.concurrent.ThreadPoolExecutor$Worker.run(ThreadPoolExecutor.java:624)
	... 1 more
Caused by: org.apache.ratis.thirdparty.io.netty.channel.AbstractChannel$AnnotatedConnectException: Connection refused: /192.168.157.220:43236
	at sun.nio.ch.SocketChannelImpl.checkConnect(Native Method)
	at sun.nio.ch.SocketChannelImpl.finishConnect(SocketChannelImpl.java:717)
	at org.apache.ratis.thirdparty.io.netty.channel.socket.nio.NioSocketChannel.doFinishConnect(NioSocketChannel.java:327)
	at org.apache.ratis.thirdparty.io.netty.channel.nio.AbstractNioChannel$AbstractNioUnsafe.finishConnect(AbstractNioChannel.java:340)
	at org.apache.ratis.thirdparty.io.netty.channel.nio.NioEventLoop.processSelectedKey(NioEventLoop.java:632)
	at org.apache.ratis.thirdparty.io.netty.channel.nio.NioEventLoop.processSelectedKeysOptimized(NioEventLoop.java:579)
	at org.apache.ratis.thirdparty.io.netty.channel.nio.NioEventLoop.processSelectedKeys(NioEventLoop.java:496)
	at org.apache.ratis.thirdparty.io.netty.channel.nio.NioEventLoop.run(NioEventLoop.java:458)
	at org.apache.ratis.thirdparty.io.netty.util.concurrent.SingleThreadEventExecutor$5.run(SingleThreadEventExecutor.java:897)
	at org.apache.ratis.thirdparty.io.netty.util.concurrent.FastThreadLocalRunnable.run(FastThreadLocalRunnable.java:30)
	... 1 more
Caused by: java.net.ConnectException: Connection refused
	... 11 more
2019-10-30 11:52:58,141 [Thread-2899] INFO  impl.FollowerState (FollowerState.java:run(108)) - f26e10ed-fb17-49e6-a903-eadc130d13d1@group-83984122B78E-FollowerState: change to CANDIDATE, lastRpcTime:39ms, electionTimeout:39ms
2019-10-30 11:52:58,142 [9dbd5372-55c2-4532-b354-9494d3d545d2@group-F367C8FA5986-LeaderElection369] INFO  impl.RaftServerImpl (RaftServerImpl.java:setRole(184)) - 9dbd5372-55c2-4532-b354-9494d3d545d2@group-F367C8FA5986: changes role from CANDIDATE to FOLLOWER at term 192 for DISCOVERED_A_NEW_TERM
2019-10-30 11:52:58,142 [Thread-2899] INFO  impl.RoleInfo (RoleInfo.java:shutdownFollowerState(121)) - f26e10ed-fb17-49e6-a903-eadc130d13d1: shutdown FollowerState
2019-10-30 11:52:58,142 [9dbd5372-55c2-4532-b354-9494d3d545d2@group-F367C8FA5986-LeaderElection369] INFO  impl.RoleInfo (RoleInfo.java:shutdownLeaderElection(134)) - 9dbd5372-55c2-4532-b354-9494d3d545d2: shutdown LeaderElection
2019-10-30 11:52:58,142 [Thread-2899] INFO  impl.RaftServerImpl (RaftServerImpl.java:setRole(184)) - f26e10ed-fb17-49e6-a903-eadc130d13d1@group-83984122B78E: changes role from  FOLLOWER to CANDIDATE at term 204 for changeToCandidate
2019-10-30 11:52:58,142 [9dbd5372-55c2-4532-b354-9494d3d545d2@group-F367C8FA5986-LeaderElection369] INFO  impl.RoleInfo (RoleInfo.java:updateAndGet(143)) - 9dbd5372-55c2-4532-b354-9494d3d545d2: start FollowerState
2019-10-30 11:52:58,142 [Thread-2899] INFO  impl.RoleInfo (RoleInfo.java:updateAndGet(143)) - f26e10ed-fb17-49e6-a903-eadc130d13d1: start LeaderElection
2019-10-30 11:52:58,150 [f26e10ed-fb17-49e6-a903-eadc130d13d1@group-83984122B78E-LeaderElection370] INFO  impl.LeaderElection (LeaderElection.java:askForVotes(178)) - f26e10ed-fb17-49e6-a903-eadc130d13d1@group-83984122B78E-LeaderElection370: begin an election at term 205 for -1: [4f16e274-8663-4a15-9c4c-c81f650ab979:192.168.157.220:38181, 4cc44201-a597-43af-a4ec-5b1b407a6250:192.168.157.220:36685, f26e10ed-fb17-49e6-a903-eadc130d13d1:192.168.157.220:32806], old=null
2019-10-30 11:52:58,150 [f26e10ed-fb17-49e6-a903-eadc130d13d1@group-83984122B78E-LeaderElection370] INFO  impl.LeaderElection (LogUtils.java:infoOrTrace(149)) - f26e10ed-fb17-49e6-a903-eadc130d13d1@group-83984122B78E-LeaderElection370 got exception when requesting votes: {}
java.util.concurrent.ExecutionException: org.apache.ratis.thirdparty.io.grpc.StatusRuntimeException: UNAVAILABLE: io exception
	at java.util.concurrent.FutureTask.report(FutureTask.java:122)
	at java.util.concurrent.FutureTask.get(FutureTask.java:192)
	at org.apache.ratis.server.impl.LeaderElection.waitForResults(LeaderElection.java:259)
	at org.apache.ratis.server.impl.LeaderElection.askForVotes(LeaderElection.java:197)
	at org.apache.ratis.server.impl.LeaderElection.run(LeaderElection.java:133)
	at java.lang.Thread.run(Thread.java:748)
Caused by: org.apache.ratis.thirdparty.io.grpc.StatusRuntimeException: UNAVAILABLE: io exception
	at org.apache.ratis.thirdparty.io.grpc.stub.ClientCalls.toStatusRuntimeException(ClientCalls.java:233)
	at org.apache.ratis.thirdparty.io.grpc.stub.ClientCalls.getUnchecked(ClientCalls.java:214)
	at org.apache.ratis.thirdparty.io.grpc.stub.ClientCalls.blockingUnaryCall(ClientCalls.java:139)
	at org.apache.ratis.proto.grpc.RaftServerProtocolServiceGrpc$RaftServerProtocolServiceBlockingStub.requestVote(RaftServerProtocolServiceGrpc.java:265)
	at org.apache.ratis.grpc.server.GrpcServerProtocolClient.requestVote(GrpcServerProtocolClient.java:99)
	at org.apache.ratis.grpc.server.GrpcService.requestVote(GrpcService.java:204)
	at org.apache.ratis.server.impl.LeaderElection.lambda$submitRequests$1(LeaderElection.java:234)
	at java.util.concurrent.FutureTask.run(FutureTask.java:266)
	at java.util.concurrent.Executors$RunnableAdapter.call(Executors.java:511)
	at java.util.concurrent.FutureTask.run(FutureTask.java:266)
	at java.util.concurrent.ThreadPoolExecutor.runWorker(ThreadPoolExecutor.java:1149)
	at java.util.concurrent.ThreadPoolExecutor$Worker.run(ThreadPoolExecutor.java:624)
	... 1 more
Caused by: org.apache.ratis.thirdparty.io.netty.channel.AbstractChannel$AnnotatedConnectException: Connection refused: /192.168.157.220:38181
	at sun.nio.ch.SocketChannelImpl.checkConnect(Native Method)
	at sun.nio.ch.SocketChannelImpl.finishConnect(SocketChannelImpl.java:717)
	at org.apache.ratis.thirdparty.io.netty.channel.socket.nio.NioSocketChannel.doFinishConnect(NioSocketChannel.java:327)
	at org.apache.ratis.thirdparty.io.netty.channel.nio.AbstractNioChannel$AbstractNioUnsafe.finishConnect(AbstractNioChannel.java:340)
	at org.apache.ratis.thirdparty.io.netty.channel.nio.NioEventLoop.processSelectedKey(NioEventLoop.java:632)
	at org.apache.ratis.thirdparty.io.netty.channel.nio.NioEventLoop.processSelectedKeysOptimized(NioEventLoop.java:579)
	at org.apache.ratis.thirdparty.io.netty.channel.nio.NioEventLoop.processSelectedKeys(NioEventLoop.java:496)
	at org.apache.ratis.thirdparty.io.netty.channel.nio.NioEventLoop.run(NioEventLoop.java:458)
	at org.apache.ratis.thirdparty.io.netty.util.concurrent.SingleThreadEventExecutor$5.run(SingleThreadEventExecutor.java:897)
	at org.apache.ratis.thirdparty.io.netty.util.concurrent.FastThreadLocalRunnable.run(FastThreadLocalRunnable.java:30)
	... 1 more
Caused by: java.net.ConnectException: Connection refused
	... 11 more
2019-10-30 11:52:58,153 [grpc-default-executor-4] INFO  impl.RaftServerImpl (RaftServerImpl.java:setRole(184)) - 4cc44201-a597-43af-a4ec-5b1b407a6250@group-83984122B78E: changes role from  FOLLOWER to FOLLOWER at term 205 for recognizeCandidate:f26e10ed-fb17-49e6-a903-eadc130d13d1
2019-10-30 11:52:58,154 [grpc-default-executor-4] INFO  impl.RoleInfo (RoleInfo.java:shutdownFollowerState(121)) - 4cc44201-a597-43af-a4ec-5b1b407a6250: shutdown FollowerState
2019-10-30 11:52:58,154 [grpc-default-executor-4] INFO  impl.RoleInfo (RoleInfo.java:updateAndGet(143)) - 4cc44201-a597-43af-a4ec-5b1b407a6250: start FollowerState
2019-10-30 11:52:58,154 [Thread-2898] INFO  impl.FollowerState (FollowerState.java:run(117)) - 4cc44201-a597-43af-a4ec-5b1b407a6250@group-83984122B78E-FollowerState was interrupted: java.lang.InterruptedException: sleep interrupted
2019-10-30 11:52:58,161 [f26e10ed-fb17-49e6-a903-eadc130d13d1@group-83984122B78E-LeaderElection370] INFO  impl.LeaderElection (LeaderElection.java:logAndReturn(56)) - f26e10ed-fb17-49e6-a903-eadc130d13d1@group-83984122B78E-LeaderElection370: Election REJECTED; received 1 response(s) [f26e10ed-fb17-49e6-a903-eadc130d13d1<-4cc44201-a597-43af-a4ec-5b1b407a6250#0:FAIL-t205] and 1 exception(s); f26e10ed-fb17-49e6-a903-eadc130d13d1@group-83984122B78E:t205, leader=null, voted=f26e10ed-fb17-49e6-a903-eadc130d13d1, raftlog=f26e10ed-fb17-49e6-a903-eadc130d13d1@group-83984122B78E-SegmentedRaftLog:OPENED:c-1,f-1,i0, conf=-1: [4f16e274-8663-4a15-9c4c-c81f650ab979:192.168.157.220:38181, 4cc44201-a597-43af-a4ec-5b1b407a6250:192.168.157.220:36685, f26e10ed-fb17-49e6-a903-eadc130d13d1:192.168.157.220:32806], old=null
2019-10-30 11:52:58,161 [f26e10ed-fb17-49e6-a903-eadc130d13d1@group-83984122B78E-LeaderElection370] INFO  impl.LeaderElection (LogUtils.java:infoOrTrace(149)) -   Exception 0: {}
java.util.concurrent.ExecutionException: org.apache.ratis.thirdparty.io.grpc.StatusRuntimeException: UNAVAILABLE: io exception
	at java.util.concurrent.FutureTask.report(FutureTask.java:122)
	at java.util.concurrent.FutureTask.get(FutureTask.java:192)
	at org.apache.ratis.server.impl.LeaderElection.waitForResults(LeaderElection.java:259)
	at org.apache.ratis.server.impl.LeaderElection.askForVotes(LeaderElection.java:197)
	at org.apache.ratis.server.impl.LeaderElection.run(LeaderElection.java:133)
	at java.lang.Thread.run(Thread.java:748)
Caused by: org.apache.ratis.thirdparty.io.grpc.StatusRuntimeException: UNAVAILABLE: io exception
	at org.apache.ratis.thirdparty.io.grpc.stub.ClientCalls.toStatusRuntimeException(ClientCalls.java:233)
	at org.apache.ratis.thirdparty.io.grpc.stub.ClientCalls.getUnchecked(ClientCalls.java:214)
	at org.apache.ratis.thirdparty.io.grpc.stub.ClientCalls.blockingUnaryCall(ClientCalls.java:139)
	at org.apache.ratis.proto.grpc.RaftServerProtocolServiceGrpc$RaftServerProtocolServiceBlockingStub.requestVote(RaftServerProtocolServiceGrpc.java:265)
	at org.apache.ratis.grpc.server.GrpcServerProtocolClient.requestVote(GrpcServerProtocolClient.java:99)
	at org.apache.ratis.grpc.server.GrpcService.requestVote(GrpcService.java:204)
	at org.apache.ratis.server.impl.LeaderElection.lambda$submitRequests$1(LeaderElection.java:234)
	at java.util.concurrent.FutureTask.run(FutureTask.java:266)
	at java.util.concurrent.Executors$RunnableAdapter.call(Executors.java:511)
	at java.util.concurrent.FutureTask.run(FutureTask.java:266)
	at java.util.concurrent.ThreadPoolExecutor.runWorker(ThreadPoolExecutor.java:1149)
	at java.util.concurrent.ThreadPoolExecutor$Worker.run(ThreadPoolExecutor.java:624)
	... 1 more
Caused by: org.apache.ratis.thirdparty.io.netty.channel.AbstractChannel$AnnotatedConnectException: Connection refused: /192.168.157.220:38181
	at sun.nio.ch.SocketChannelImpl.checkConnect(Native Method)
	at sun.nio.ch.SocketChannelImpl.finishConnect(SocketChannelImpl.java:717)
	at org.apache.ratis.thirdparty.io.netty.channel.socket.nio.NioSocketChannel.doFinishConnect(NioSocketChannel.java:327)
	at org.apache.ratis.thirdparty.io.netty.channel.nio.AbstractNioChannel$AbstractNioUnsafe.finishConnect(AbstractNioChannel.java:340)
	at org.apache.ratis.thirdparty.io.netty.channel.nio.NioEventLoop.processSelectedKey(NioEventLoop.java:632)
	at org.apache.ratis.thirdparty.io.netty.channel.nio.NioEventLoop.processSelectedKeysOptimized(NioEventLoop.java:579)
	at org.apache.ratis.thirdparty.io.netty.channel.nio.NioEventLoop.processSelectedKeys(NioEventLoop.java:496)
	at org.apache.ratis.thirdparty.io.netty.channel.nio.NioEventLoop.run(NioEventLoop.java:458)
	at org.apache.ratis.thirdparty.io.netty.util.concurrent.SingleThreadEventExecutor$5.run(SingleThreadEventExecutor.java:897)
	at org.apache.ratis.thirdparty.io.netty.util.concurrent.FastThreadLocalRunnable.run(FastThreadLocalRunnable.java:30)
	... 1 more
Caused by: java.net.ConnectException: Connection refused
	... 11 more
2019-10-30 11:52:58,161 [f26e10ed-fb17-49e6-a903-eadc130d13d1@group-83984122B78E-LeaderElection370] INFO  impl.RaftServerImpl (RaftServerImpl.java:setRole(184)) - f26e10ed-fb17-49e6-a903-eadc130d13d1@group-83984122B78E: changes role from CANDIDATE to FOLLOWER at term 205 for DISCOVERED_A_NEW_TERM
2019-10-30 11:52:58,161 [f26e10ed-fb17-49e6-a903-eadc130d13d1@group-83984122B78E-LeaderElection370] INFO  impl.RoleInfo (RoleInfo.java:shutdownLeaderElection(134)) - f26e10ed-fb17-49e6-a903-eadc130d13d1: shutdown LeaderElection
2019-10-30 11:52:58,161 [f26e10ed-fb17-49e6-a903-eadc130d13d1@group-83984122B78E-LeaderElection370] INFO  impl.RoleInfo (RoleInfo.java:updateAndGet(143)) - f26e10ed-fb17-49e6-a903-eadc130d13d1: start FollowerState
2019-10-30 11:52:58,306 [Thread-2911] INFO  impl.FollowerState (FollowerState.java:run(108)) - f26e10ed-fb17-49e6-a903-eadc130d13d1@group-83984122B78E-FollowerState: change to CANDIDATE, lastRpcTime:144ms, electionTimeout:144ms
2019-10-30 11:52:58,306 [Thread-2911] INFO  impl.RoleInfo (RoleInfo.java:shutdownFollowerState(121)) - f26e10ed-fb17-49e6-a903-eadc130d13d1: shutdown FollowerState
2019-10-30 11:52:58,306 [Thread-2911] INFO  impl.RaftServerImpl (RaftServerImpl.java:setRole(184)) - f26e10ed-fb17-49e6-a903-eadc130d13d1@group-83984122B78E: changes role from  FOLLOWER to CANDIDATE at term 205 for changeToCandidate
2019-10-30 11:52:58,306 [Thread-2911] INFO  impl.RoleInfo (RoleInfo.java:updateAndGet(143)) - f26e10ed-fb17-49e6-a903-eadc130d13d1: start LeaderElection
2019-10-30 11:52:58,313 [f26e10ed-fb17-49e6-a903-eadc130d13d1@group-83984122B78E-LeaderElection371] INFO  impl.LeaderElection (LeaderElection.java:askForVotes(178)) - f26e10ed-fb17-49e6-a903-eadc130d13d1@group-83984122B78E-LeaderElection371: begin an election at term 206 for -1: [4f16e274-8663-4a15-9c4c-c81f650ab979:192.168.157.220:38181, 4cc44201-a597-43af-a4ec-5b1b407a6250:192.168.157.220:36685, f26e10ed-fb17-49e6-a903-eadc130d13d1:192.168.157.220:32806], old=null
2019-10-30 11:52:58,314 [Thread-2906] INFO  impl.FollowerState (FollowerState.java:run(108)) - 9dbd5372-55c2-4532-b354-9494d3d545d2@group-F367C8FA5986-FollowerState: change to CANDIDATE, lastRpcTime:171ms, electionTimeout:171ms
2019-10-30 11:52:58,314 [Thread-2906] INFO  impl.RoleInfo (RoleInfo.java:shutdownFollowerState(121)) - 9dbd5372-55c2-4532-b354-9494d3d545d2: shutdown FollowerState
2019-10-30 11:52:58,314 [Thread-2906] INFO  impl.RaftServerImpl (RaftServerImpl.java:setRole(184)) - 9dbd5372-55c2-4532-b354-9494d3d545d2@group-F367C8FA5986: changes role from  FOLLOWER to CANDIDATE at term 192 for changeToCandidate
2019-10-30 11:52:58,314 [Thread-2906] INFO  impl.RoleInfo (RoleInfo.java:updateAndGet(143)) - 9dbd5372-55c2-4532-b354-9494d3d545d2: start LeaderElection
2019-10-30 11:52:58,314 [f26e10ed-fb17-49e6-a903-eadc130d13d1@group-83984122B78E-LeaderElection371] INFO  impl.LeaderElection (LogUtils.java:infoOrTrace(149)) - f26e10ed-fb17-49e6-a903-eadc130d13d1@group-83984122B78E-LeaderElection371 got exception when requesting votes: {}
java.util.concurrent.ExecutionException: org.apache.ratis.thirdparty.io.grpc.StatusRuntimeException: UNAVAILABLE: io exception
	at java.util.concurrent.FutureTask.report(FutureTask.java:122)
	at java.util.concurrent.FutureTask.get(FutureTask.java:192)
	at org.apache.ratis.server.impl.LeaderElection.waitForResults(LeaderElection.java:259)
	at org.apache.ratis.server.impl.LeaderElection.askForVotes(LeaderElection.java:197)
	at org.apache.ratis.server.impl.LeaderElection.run(LeaderElection.java:133)
	at java.lang.Thread.run(Thread.java:748)
Caused by: org.apache.ratis.thirdparty.io.grpc.StatusRuntimeException: UNAVAILABLE: io exception
	at org.apache.ratis.thirdparty.io.grpc.stub.ClientCalls.toStatusRuntimeException(ClientCalls.java:233)
	at org.apache.ratis.thirdparty.io.grpc.stub.ClientCalls.getUnchecked(ClientCalls.java:214)
	at org.apache.ratis.thirdparty.io.grpc.stub.ClientCalls.blockingUnaryCall(ClientCalls.java:139)
	at org.apache.ratis.proto.grpc.RaftServerProtocolServiceGrpc$RaftServerProtocolServiceBlockingStub.requestVote(RaftServerProtocolServiceGrpc.java:265)
	at org.apache.ratis.grpc.server.GrpcServerProtocolClient.requestVote(GrpcServerProtocolClient.java:99)
	at org.apache.ratis.grpc.server.GrpcService.requestVote(GrpcService.java:204)
	at org.apache.ratis.server.impl.LeaderElection.lambda$submitRequests$1(LeaderElection.java:234)
	at java.util.concurrent.FutureTask.run(FutureTask.java:266)
	at java.util.concurrent.Executors$RunnableAdapter.call(Executors.java:511)
	at java.util.concurrent.FutureTask.run(FutureTask.java:266)
	at java.util.concurrent.ThreadPoolExecutor.runWorker(ThreadPoolExecutor.java:1149)
	at java.util.concurrent.ThreadPoolExecutor$Worker.run(ThreadPoolExecutor.java:624)
	... 1 more
Caused by: org.apache.ratis.thirdparty.io.netty.channel.AbstractChannel$AnnotatedConnectException: Connection refused: /192.168.157.220:38181
	at sun.nio.ch.SocketChannelImpl.checkConnect(Native Method)
	at sun.nio.ch.SocketChannelImpl.finishConnect(SocketChannelImpl.java:717)
	at org.apache.ratis.thirdparty.io.netty.channel.socket.nio.NioSocketChannel.doFinishConnect(NioSocketChannel.java:327)
	at org.apache.ratis.thirdparty.io.netty.channel.nio.AbstractNioChannel$AbstractNioUnsafe.finishConnect(AbstractNioChannel.java:340)
	at org.apache.ratis.thirdparty.io.netty.channel.nio.NioEventLoop.processSelectedKey(NioEventLoop.java:632)
	at org.apache.ratis.thirdparty.io.netty.channel.nio.NioEventLoop.processSelectedKeysOptimized(NioEventLoop.java:579)
	at org.apache.ratis.thirdparty.io.netty.channel.nio.NioEventLoop.processSelectedKeys(NioEventLoop.java:496)
	at org.apache.ratis.thirdparty.io.netty.channel.nio.NioEventLoop.run(NioEventLoop.java:458)
	at org.apache.ratis.thirdparty.io.netty.util.concurrent.SingleThreadEventExecutor$5.run(SingleThreadEventExecutor.java:897)
	at org.apache.ratis.thirdparty.io.netty.util.concurrent.FastThreadLocalRunnable.run(FastThreadLocalRunnable.java:30)
	... 1 more
Caused by: java.net.ConnectException: Connection refused
	... 11 more
2019-10-30 11:52:58,318 [grpc-default-executor-4] INFO  impl.RaftServerImpl (RaftServerImpl.java:setRole(184)) - 4cc44201-a597-43af-a4ec-5b1b407a6250@group-83984122B78E: changes role from  FOLLOWER to FOLLOWER at term 206 for recognizeCandidate:f26e10ed-fb17-49e6-a903-eadc130d13d1
2019-10-30 11:52:58,319 [grpc-default-executor-4] INFO  impl.RoleInfo (RoleInfo.java:shutdownFollowerState(121)) - 4cc44201-a597-43af-a4ec-5b1b407a6250: shutdown FollowerState
2019-10-30 11:52:58,319 [grpc-default-executor-4] INFO  impl.RoleInfo (RoleInfo.java:updateAndGet(143)) - 4cc44201-a597-43af-a4ec-5b1b407a6250: start FollowerState
2019-10-30 11:52:58,319 [Thread-2910] INFO  impl.FollowerState (FollowerState.java:run(117)) - 4cc44201-a597-43af-a4ec-5b1b407a6250@group-83984122B78E-FollowerState was interrupted: java.lang.InterruptedException: sleep interrupted
2019-10-30 11:52:58,323 [9dbd5372-55c2-4532-b354-9494d3d545d2@group-F367C8FA5986-LeaderElection372] INFO  impl.LeaderElection (LeaderElection.java:askForVotes(178)) - 9dbd5372-55c2-4532-b354-9494d3d545d2@group-F367C8FA5986-LeaderElection372: begin an election at term 193 for -1: [9b3ef6c9-0245-4756-bf80-45d41f7a4453:192.168.157.220:37058, cd11b2f5-3187-4d03-bd60-931991550c17:192.168.157.220:43236, 9dbd5372-55c2-4532-b354-9494d3d545d2:192.168.157.220:42993], old=null
2019-10-30 11:52:58,324 [grpc-default-executor-4] INFO  impl.RaftServerImpl (RaftServerImpl.java:setRole(184)) - 9b3ef6c9-0245-4756-bf80-45d41f7a4453@group-F367C8FA5986: changes role from  FOLLOWER to FOLLOWER at term 193 for recognizeCandidate:9dbd5372-55c2-4532-b354-9494d3d545d2
2019-10-30 11:52:58,325 [grpc-default-executor-4] INFO  impl.RoleInfo (RoleInfo.java:shutdownFollowerState(121)) - 9b3ef6c9-0245-4756-bf80-45d41f7a4453: shutdown FollowerState
2019-10-30 11:52:58,325 [grpc-default-executor-4] INFO  impl.RoleInfo (RoleInfo.java:updateAndGet(143)) - 9b3ef6c9-0245-4756-bf80-45d41f7a4453: start FollowerState
2019-10-30 11:52:58,325 [Thread-2905] INFO  impl.FollowerState (FollowerState.java:run(117)) - 9b3ef6c9-0245-4756-bf80-45d41f7a4453@group-F367C8FA5986-FollowerState was interrupted: java.lang.InterruptedException: sleep interrupted
2019-10-30 11:52:58,325 [9dbd5372-55c2-4532-b354-9494d3d545d2@group-F367C8FA5986-LeaderElection372] INFO  impl.LeaderElection (LogUtils.java:infoOrTrace(149)) - 9dbd5372-55c2-4532-b354-9494d3d545d2@group-F367C8FA5986-LeaderElection372 got exception when requesting votes: {}
java.util.concurrent.ExecutionException: org.apache.ratis.thirdparty.io.grpc.StatusRuntimeException: UNAVAILABLE: io exception
	at java.util.concurrent.FutureTask.report(FutureTask.java:122)
	at java.util.concurrent.FutureTask.get(FutureTask.java:192)
	at org.apache.ratis.server.impl.LeaderElection.waitForResults(LeaderElection.java:259)
	at org.apache.ratis.server.impl.LeaderElection.askForVotes(LeaderElection.java:197)
	at org.apache.ratis.server.impl.LeaderElection.run(LeaderElection.java:133)
	at java.lang.Thread.run(Thread.java:748)
Caused by: org.apache.ratis.thirdparty.io.grpc.StatusRuntimeException: UNAVAILABLE: io exception
	at org.apache.ratis.thirdparty.io.grpc.stub.ClientCalls.toStatusRuntimeException(ClientCalls.java:233)
	at org.apache.ratis.thirdparty.io.grpc.stub.ClientCalls.getUnchecked(ClientCalls.java:214)
	at org.apache.ratis.thirdparty.io.grpc.stub.ClientCalls.blockingUnaryCall(ClientCalls.java:139)
	at org.apache.ratis.proto.grpc.RaftServerProtocolServiceGrpc$RaftServerProtocolServiceBlockingStub.requestVote(RaftServerProtocolServiceGrpc.java:265)
	at org.apache.ratis.grpc.server.GrpcServerProtocolClient.requestVote(GrpcServerProtocolClient.java:99)
	at org.apache.ratis.grpc.server.GrpcService.requestVote(GrpcService.java:204)
	at org.apache.ratis.server.impl.LeaderElection.lambda$submitRequests$1(LeaderElection.java:234)
	at java.util.concurrent.FutureTask.run(FutureTask.java:266)
	at java.util.concurrent.Executors$RunnableAdapter.call(Executors.java:511)
	at java.util.concurrent.FutureTask.run(FutureTask.java:266)
	at java.util.concurrent.ThreadPoolExecutor.runWorker(ThreadPoolExecutor.java:1149)
	at java.util.concurrent.ThreadPoolExecutor$Worker.run(ThreadPoolExecutor.java:624)
	... 1 more
Caused by: org.apache.ratis.thirdparty.io.netty.channel.AbstractChannel$AnnotatedConnectException: Connection refused: /192.168.157.220:43236
	at sun.nio.ch.SocketChannelImpl.checkConnect(Native Method)
	at sun.nio.ch.SocketChannelImpl.finishConnect(SocketChannelImpl.java:717)
	at org.apache.ratis.thirdparty.io.netty.channel.socket.nio.NioSocketChannel.doFinishConnect(NioSocketChannel.java:327)
	at org.apache.ratis.thirdparty.io.netty.channel.nio.AbstractNioChannel$AbstractNioUnsafe.finishConnect(AbstractNioChannel.java:340)
	at org.apache.ratis.thirdparty.io.netty.channel.nio.NioEventLoop.processSelectedKey(NioEventLoop.java:632)
	at org.apache.ratis.thirdparty.io.netty.channel.nio.NioEventLoop.processSelectedKeysOptimized(NioEventLoop.java:579)
	at org.apache.ratis.thirdparty.io.netty.channel.nio.NioEventLoop.processSelectedKeys(NioEventLoop.java:496)
	at org.apache.ratis.thirdparty.io.netty.channel.nio.NioEventLoop.run(NioEventLoop.java:458)
	at org.apache.ratis.thirdparty.io.netty.util.concurrent.SingleThreadEventExecutor$5.run(SingleThreadEventExecutor.java:897)
	at org.apache.ratis.thirdparty.io.netty.util.concurrent.FastThreadLocalRunnable.run(FastThreadLocalRunnable.java:30)
	... 1 more
Caused by: java.net.ConnectException: Connection refused
	... 11 more
2019-10-30 11:52:58,325 [f26e10ed-fb17-49e6-a903-eadc130d13d1@group-83984122B78E-LeaderElection371] INFO  impl.LeaderElection (LeaderElection.java:logAndReturn(56)) - f26e10ed-fb17-49e6-a903-eadc130d13d1@group-83984122B78E-LeaderElection371: Election REJECTED; received 1 response(s) [f26e10ed-fb17-49e6-a903-eadc130d13d1<-4cc44201-a597-43af-a4ec-5b1b407a6250#0:FAIL-t206] and 1 exception(s); f26e10ed-fb17-49e6-a903-eadc130d13d1@group-83984122B78E:t206, leader=null, voted=f26e10ed-fb17-49e6-a903-eadc130d13d1, raftlog=f26e10ed-fb17-49e6-a903-eadc130d13d1@group-83984122B78E-SegmentedRaftLog:OPENED:c-1,f-1,i0, conf=-1: [4f16e274-8663-4a15-9c4c-c81f650ab979:192.168.157.220:38181, 4cc44201-a597-43af-a4ec-5b1b407a6250:192.168.157.220:36685, f26e10ed-fb17-49e6-a903-eadc130d13d1:192.168.157.220:32806], old=null
2019-10-30 11:52:58,328 [f26e10ed-fb17-49e6-a903-eadc130d13d1@group-83984122B78E-LeaderElection371] INFO  impl.LeaderElection (LogUtils.java:infoOrTrace(149)) -   Exception 0: {}
java.util.concurrent.ExecutionException: org.apache.ratis.thirdparty.io.grpc.StatusRuntimeException: UNAVAILABLE: io exception
	at java.util.concurrent.FutureTask.report(FutureTask.java:122)
	at java.util.concurrent.FutureTask.get(FutureTask.java:192)
	at org.apache.ratis.server.impl.LeaderElection.waitForResults(LeaderElection.java:259)
	at org.apache.ratis.server.impl.LeaderElection.askForVotes(LeaderElection.java:197)
	at org.apache.ratis.server.impl.LeaderElection.run(LeaderElection.java:133)
	at java.lang.Thread.run(Thread.java:748)
Caused by: org.apache.ratis.thirdparty.io.grpc.StatusRuntimeException: UNAVAILABLE: io exception
	at org.apache.ratis.thirdparty.io.grpc.stub.ClientCalls.toStatusRuntimeException(ClientCalls.java:233)
	at org.apache.ratis.thirdparty.io.grpc.stub.ClientCalls.getUnchecked(ClientCalls.java:214)
	at org.apache.ratis.thirdparty.io.grpc.stub.ClientCalls.blockingUnaryCall(ClientCalls.java:139)
	at org.apache.ratis.proto.grpc.RaftServerProtocolServiceGrpc$RaftServerProtocolServiceBlockingStub.requestVote(RaftServerProtocolServiceGrpc.java:265)
	at org.apache.ratis.grpc.server.GrpcServerProtocolClient.requestVote(GrpcServerProtocolClient.java:99)
	at org.apache.ratis.grpc.server.GrpcService.requestVote(GrpcService.java:204)
	at org.apache.ratis.server.impl.LeaderElection.lambda$submitRequests$1(LeaderElection.java:234)
	at java.util.concurrent.FutureTask.run(FutureTask.java:266)
	at java.util.concurrent.Executors$RunnableAdapter.call(Executors.java:511)
	at java.util.concurrent.FutureTask.run(FutureTask.java:266)
	at java.util.concurrent.ThreadPoolExecutor.runWorker(ThreadPoolExecutor.java:1149)
	at java.util.concurrent.ThreadPoolExecutor$Worker.run(ThreadPoolExecutor.java:624)
	... 1 more
Caused by: org.apache.ratis.thirdparty.io.netty.channel.AbstractChannel$AnnotatedConnectException: Connection refused: /192.168.157.220:38181
	at sun.nio.ch.SocketChannelImpl.checkConnect(Native Method)
	at sun.nio.ch.SocketChannelImpl.finishConnect(SocketChannelImpl.java:717)
	at org.apache.ratis.thirdparty.io.netty.channel.socket.nio.NioSocketChannel.doFinishConnect(NioSocketChannel.java:327)
	at org.apache.ratis.thirdparty.io.netty.channel.nio.AbstractNioChannel$AbstractNioUnsafe.finishConnect(AbstractNioChannel.java:340)
	at org.apache.ratis.thirdparty.io.netty.channel.nio.NioEventLoop.processSelectedKey(NioEventLoop.java:632)
	at org.apache.ratis.thirdparty.io.netty.channel.nio.NioEventLoop.processSelectedKeysOptimized(NioEventLoop.java:579)
	at org.apache.ratis.thirdparty.io.netty.channel.nio.NioEventLoop.processSelectedKeys(NioEventLoop.java:496)
	at org.apache.ratis.thirdparty.io.netty.channel.nio.NioEventLoop.run(NioEventLoop.java:458)
	at org.apache.ratis.thirdparty.io.netty.util.concurrent.SingleThreadEventExecutor$5.run(SingleThreadEventExecutor.java:897)
	at org.apache.ratis.thirdparty.io.netty.util.concurrent.FastThreadLocalRunnable.run(FastThreadLocalRunnable.java:30)
	... 1 more
Caused by: java.net.ConnectException: Connection refused
	... 11 more
2019-10-30 11:52:58,328 [f26e10ed-fb17-49e6-a903-eadc130d13d1@group-83984122B78E-LeaderElection371] INFO  impl.RaftServerImpl (RaftServerImpl.java:setRole(184)) - f26e10ed-fb17-49e6-a903-eadc130d13d1@group-83984122B78E: changes role from CANDIDATE to FOLLOWER at term 206 for DISCOVERED_A_NEW_TERM
2019-10-30 11:52:58,328 [f26e10ed-fb17-49e6-a903-eadc130d13d1@group-83984122B78E-LeaderElection371] INFO  impl.RoleInfo (RoleInfo.java:shutdownLeaderElection(134)) - f26e10ed-fb17-49e6-a903-eadc130d13d1: shutdown LeaderElection
2019-10-30 11:52:58,328 [f26e10ed-fb17-49e6-a903-eadc130d13d1@group-83984122B78E-LeaderElection371] INFO  impl.RoleInfo (RoleInfo.java:updateAndGet(143)) - f26e10ed-fb17-49e6-a903-eadc130d13d1: start FollowerState
2019-10-30 11:52:58,334 [9dbd5372-55c2-4532-b354-9494d3d545d2@group-F367C8FA5986-LeaderElection372] INFO  impl.LeaderElection (LeaderElection.java:logAndReturn(56)) - 9dbd5372-55c2-4532-b354-9494d3d545d2@group-F367C8FA5986-LeaderElection372: Election REJECTED; received 1 response(s) [9dbd5372-55c2-4532-b354-9494d3d545d2<-9b3ef6c9-0245-4756-bf80-45d41f7a4453#0:FAIL-t193] and 1 exception(s); 9dbd5372-55c2-4532-b354-9494d3d545d2@group-F367C8FA5986:t193, leader=null, voted=9dbd5372-55c2-4532-b354-9494d3d545d2, raftlog=9dbd5372-55c2-4532-b354-9494d3d545d2@group-F367C8FA5986-SegmentedRaftLog:OPENED:c-1,f-1,i0, conf=-1: [9b3ef6c9-0245-4756-bf80-45d41f7a4453:192.168.157.220:37058, cd11b2f5-3187-4d03-bd60-931991550c17:192.168.157.220:43236, 9dbd5372-55c2-4532-b354-9494d3d545d2:192.168.157.220:42993], old=null
2019-10-30 11:52:58,334 [9dbd5372-55c2-4532-b354-9494d3d545d2@group-F367C8FA5986-LeaderElection372] INFO  impl.LeaderElection (LogUtils.java:infoOrTrace(149)) -   Exception 0: {}
java.util.concurrent.ExecutionException: org.apache.ratis.thirdparty.io.grpc.StatusRuntimeException: UNAVAILABLE: io exception
	at java.util.concurrent.FutureTask.report(FutureTask.java:122)
	at java.util.concurrent.FutureTask.get(FutureTask.java:192)
	at org.apache.ratis.server.impl.LeaderElection.waitForResults(LeaderElection.java:259)
	at org.apache.ratis.server.impl.LeaderElection.askForVotes(LeaderElection.java:197)
	at org.apache.ratis.server.impl.LeaderElection.run(LeaderElection.java:133)
	at java.lang.Thread.run(Thread.java:748)
Caused by: org.apache.ratis.thirdparty.io.grpc.StatusRuntimeException: UNAVAILABLE: io exception
	at org.apache.ratis.thirdparty.io.grpc.stub.ClientCalls.toStatusRuntimeException(ClientCalls.java:233)
	at org.apache.ratis.thirdparty.io.grpc.stub.ClientCalls.getUnchecked(ClientCalls.java:214)
	at org.apache.ratis.thirdparty.io.grpc.stub.ClientCalls.blockingUnaryCall(ClientCalls.java:139)
	at org.apache.ratis.proto.grpc.RaftServerProtocolServiceGrpc$RaftServerProtocolServiceBlockingStub.requestVote(RaftServerProtocolServiceGrpc.java:265)
	at org.apache.ratis.grpc.server.GrpcServerProtocolClient.requestVote(GrpcServerProtocolClient.java:99)
	at org.apache.ratis.grpc.server.GrpcService.requestVote(GrpcService.java:204)
	at org.apache.ratis.server.impl.LeaderElection.lambda$submitRequests$1(LeaderElection.java:234)
	at java.util.concurrent.FutureTask.run(FutureTask.java:266)
	at java.util.concurrent.Executors$RunnableAdapter.call(Executors.java:511)
	at java.util.concurrent.FutureTask.run(FutureTask.java:266)
	at java.util.concurrent.ThreadPoolExecutor.runWorker(ThreadPoolExecutor.java:1149)
	at java.util.concurrent.ThreadPoolExecutor$Worker.run(ThreadPoolExecutor.java:624)
	... 1 more
Caused by: org.apache.ratis.thirdparty.io.netty.channel.AbstractChannel$AnnotatedConnectException: Connection refused: /192.168.157.220:43236
	at sun.nio.ch.SocketChannelImpl.checkConnect(Native Method)
	at sun.nio.ch.SocketChannelImpl.finishConnect(SocketChannelImpl.java:717)
	at org.apache.ratis.thirdparty.io.netty.channel.socket.nio.NioSocketChannel.doFinishConnect(NioSocketChannel.java:327)
	at org.apache.ratis.thirdparty.io.netty.channel.nio.AbstractNioChannel$AbstractNioUnsafe.finishConnect(AbstractNioChannel.java:340)
	at org.apache.ratis.thirdparty.io.netty.channel.nio.NioEventLoop.processSelectedKey(NioEventLoop.java:632)
	at org.apache.ratis.thirdparty.io.netty.channel.nio.NioEventLoop.processSelectedKeysOptimized(NioEventLoop.java:579)
	at org.apache.ratis.thirdparty.io.netty.channel.nio.NioEventLoop.processSelectedKeys(NioEventLoop.java:496)
	at org.apache.ratis.thirdparty.io.netty.channel.nio.NioEventLoop.run(NioEventLoop.java:458)
	at org.apache.ratis.thirdparty.io.netty.util.concurrent.SingleThreadEventExecutor$5.run(SingleThreadEventExecutor.java:897)
	at org.apache.ratis.thirdparty.io.netty.util.concurrent.FastThreadLocalRunnable.run(FastThreadLocalRunnable.java:30)
	... 1 more
Caused by: java.net.ConnectException: Connection refused
	... 11 more
2019-10-30 11:52:58,334 [9dbd5372-55c2-4532-b354-9494d3d545d2@group-F367C8FA5986-LeaderElection372] INFO  impl.RaftServerImpl (RaftServerImpl.java:setRole(184)) - 9dbd5372-55c2-4532-b354-9494d3d545d2@group-F367C8FA5986: changes role from CANDIDATE to FOLLOWER at term 193 for DISCOVERED_A_NEW_TERM
2019-10-30 11:52:58,334 [9dbd5372-55c2-4532-b354-9494d3d545d2@group-F367C8FA5986-LeaderElection372] INFO  impl.RoleInfo (RoleInfo.java:shutdownLeaderElection(134)) - 9dbd5372-55c2-4532-b354-9494d3d545d2: shutdown LeaderElection
2019-10-30 11:52:58,334 [9dbd5372-55c2-4532-b354-9494d3d545d2@group-F367C8FA5986-LeaderElection372] INFO  impl.RoleInfo (RoleInfo.java:updateAndGet(143)) - 9dbd5372-55c2-4532-b354-9494d3d545d2: start FollowerState
2019-10-30 11:52:58,445 [Thread-2920] INFO  impl.FollowerState (FollowerState.java:run(108)) - f26e10ed-fb17-49e6-a903-eadc130d13d1@group-83984122B78E-FollowerState: change to CANDIDATE, lastRpcTime:116ms, electionTimeout:116ms
2019-10-30 11:52:58,445 [Thread-2920] INFO  impl.RoleInfo (RoleInfo.java:shutdownFollowerState(121)) - f26e10ed-fb17-49e6-a903-eadc130d13d1: shutdown FollowerState
2019-10-30 11:52:58,445 [Thread-2920] INFO  impl.RaftServerImpl (RaftServerImpl.java:setRole(184)) - f26e10ed-fb17-49e6-a903-eadc130d13d1@group-83984122B78E: changes role from  FOLLOWER to CANDIDATE at term 206 for changeToCandidate
2019-10-30 11:52:58,445 [Thread-2920] INFO  impl.RoleInfo (RoleInfo.java:updateAndGet(143)) - f26e10ed-fb17-49e6-a903-eadc130d13d1: start LeaderElection
2019-10-30 11:52:58,446 [Thread-2921] INFO  impl.FollowerState (FollowerState.java:run(108)) - 9dbd5372-55c2-4532-b354-9494d3d545d2@group-F367C8FA5986-FollowerState: change to CANDIDATE, lastRpcTime:111ms, electionTimeout:111ms
2019-10-30 11:52:58,446 [Thread-2921] INFO  impl.RoleInfo (RoleInfo.java:shutdownFollowerState(121)) - 9dbd5372-55c2-4532-b354-9494d3d545d2: shutdown FollowerState
2019-10-30 11:52:58,446 [Thread-2921] INFO  impl.RaftServerImpl (RaftServerImpl.java:setRole(184)) - 9dbd5372-55c2-4532-b354-9494d3d545d2@group-F367C8FA5986: changes role from  FOLLOWER to CANDIDATE at term 193 for changeToCandidate
2019-10-30 11:52:58,446 [Thread-2921] INFO  impl.RoleInfo (RoleInfo.java:updateAndGet(143)) - 9dbd5372-55c2-4532-b354-9494d3d545d2: start LeaderElection
2019-10-30 11:52:58,457 [f26e10ed-fb17-49e6-a903-eadc130d13d1@group-83984122B78E-LeaderElection373] INFO  impl.LeaderElection (LeaderElection.java:askForVotes(178)) - f26e10ed-fb17-49e6-a903-eadc130d13d1@group-83984122B78E-LeaderElection373: begin an election at term 207 for -1: [4f16e274-8663-4a15-9c4c-c81f650ab979:192.168.157.220:38181, 4cc44201-a597-43af-a4ec-5b1b407a6250:192.168.157.220:36685, f26e10ed-fb17-49e6-a903-eadc130d13d1:192.168.157.220:32806], old=null
2019-10-30 11:52:58,457 [9dbd5372-55c2-4532-b354-9494d3d545d2@group-F367C8FA5986-LeaderElection374] INFO  impl.LeaderElection (LeaderElection.java:askForVotes(178)) - 9dbd5372-55c2-4532-b354-9494d3d545d2@group-F367C8FA5986-LeaderElection374: begin an election at term 194 for -1: [9b3ef6c9-0245-4756-bf80-45d41f7a4453:192.168.157.220:37058, cd11b2f5-3187-4d03-bd60-931991550c17:192.168.157.220:43236, 9dbd5372-55c2-4532-b354-9494d3d545d2:192.168.157.220:42993], old=null
2019-10-30 11:52:58,458 [f26e10ed-fb17-49e6-a903-eadc130d13d1@group-83984122B78E-LeaderElection373] INFO  impl.LeaderElection (LogUtils.java:infoOrTrace(149)) - f26e10ed-fb17-49e6-a903-eadc130d13d1@group-83984122B78E-LeaderElection373 got exception when requesting votes: {}
java.util.concurrent.ExecutionException: org.apache.ratis.thirdparty.io.grpc.StatusRuntimeException: UNAVAILABLE: io exception
	at java.util.concurrent.FutureTask.report(FutureTask.java:122)
	at java.util.concurrent.FutureTask.get(FutureTask.java:192)
	at org.apache.ratis.server.impl.LeaderElection.waitForResults(LeaderElection.java:259)
	at org.apache.ratis.server.impl.LeaderElection.askForVotes(LeaderElection.java:197)
	at org.apache.ratis.server.impl.LeaderElection.run(LeaderElection.java:133)
	at java.lang.Thread.run(Thread.java:748)
Caused by: org.apache.ratis.thirdparty.io.grpc.StatusRuntimeException: UNAVAILABLE: io exception
	at org.apache.ratis.thirdparty.io.grpc.stub.ClientCalls.toStatusRuntimeException(ClientCalls.java:233)
	at org.apache.ratis.thirdparty.io.grpc.stub.ClientCalls.getUnchecked(ClientCalls.java:214)
	at org.apache.ratis.thirdparty.io.grpc.stub.ClientCalls.blockingUnaryCall(ClientCalls.java:139)
	at org.apache.ratis.proto.grpc.RaftServerProtocolServiceGrpc$RaftServerProtocolServiceBlockingStub.requestVote(RaftServerProtocolServiceGrpc.java:265)
	at org.apache.ratis.grpc.server.GrpcServerProtocolClient.requestVote(GrpcServerProtocolClient.java:99)
	at org.apache.ratis.grpc.server.GrpcService.requestVote(GrpcService.java:204)
	at org.apache.ratis.server.impl.LeaderElection.lambda$submitRequests$1(LeaderElection.java:234)
	at java.util.concurrent.FutureTask.run(FutureTask.java:266)
	at java.util.concurrent.Executors$RunnableAdapter.call(Executors.java:511)
	at java.util.concurrent.FutureTask.run(FutureTask.java:266)
	at java.util.concurrent.ThreadPoolExecutor.runWorker(ThreadPoolExecutor.java:1149)
	at java.util.concurrent.ThreadPoolExecutor$Worker.run(ThreadPoolExecutor.java:624)
	... 1 more
Caused by: org.apache.ratis.thirdparty.io.netty.channel.AbstractChannel$AnnotatedConnectException: Connection refused: /192.168.157.220:38181
	at sun.nio.ch.SocketChannelImpl.checkConnect(Native Method)
	at sun.nio.ch.SocketChannelImpl.finishConnect(SocketChannelImpl.java:717)
	at org.apache.ratis.thirdparty.io.netty.channel.socket.nio.NioSocketChannel.doFinishConnect(NioSocketChannel.java:327)
	at org.apache.ratis.thirdparty.io.netty.channel.nio.AbstractNioChannel$AbstractNioUnsafe.finishConnect(AbstractNioChannel.java:340)
	at org.apache.ratis.thirdparty.io.netty.channel.nio.NioEventLoop.processSelectedKey(NioEventLoop.java:632)
	at org.apache.ratis.thirdparty.io.netty.channel.nio.NioEventLoop.processSelectedKeysOptimized(NioEventLoop.java:579)
	at org.apache.ratis.thirdparty.io.netty.channel.nio.NioEventLoop.processSelectedKeys(NioEventLoop.java:496)
	at org.apache.ratis.thirdparty.io.netty.channel.nio.NioEventLoop.run(NioEventLoop.java:458)
	at org.apache.ratis.thirdparty.io.netty.util.concurrent.SingleThreadEventExecutor$5.run(SingleThreadEventExecutor.java:897)
	at org.apache.ratis.thirdparty.io.netty.util.concurrent.FastThreadLocalRunnable.run(FastThreadLocalRunnable.java:30)
	... 1 more
Caused by: java.net.ConnectException: Connection refused
	... 11 more
2019-10-30 11:52:58,463 [grpc-default-executor-4] INFO  impl.RaftServerImpl (RaftServerImpl.java:setRole(184)) - 4cc44201-a597-43af-a4ec-5b1b407a6250@group-83984122B78E: changes role from  FOLLOWER to FOLLOWER at term 207 for recognizeCandidate:f26e10ed-fb17-49e6-a903-eadc130d13d1
2019-10-30 11:52:58,463 [grpc-default-executor-4] INFO  impl.RoleInfo (RoleInfo.java:shutdownFollowerState(121)) - 4cc44201-a597-43af-a4ec-5b1b407a6250: shutdown FollowerState
2019-10-30 11:52:58,463 [grpc-default-executor-4] INFO  impl.RoleInfo (RoleInfo.java:updateAndGet(143)) - 4cc44201-a597-43af-a4ec-5b1b407a6250: start FollowerState
2019-10-30 11:52:58,463 [Thread-2916] INFO  impl.FollowerState (FollowerState.java:run(117)) - 4cc44201-a597-43af-a4ec-5b1b407a6250@group-83984122B78E-FollowerState was interrupted: java.lang.InterruptedException: sleep interrupted
2019-10-30 11:52:58,464 [9dbd5372-55c2-4532-b354-9494d3d545d2@group-F367C8FA5986-LeaderElection374] INFO  impl.LeaderElection (LogUtils.java:infoOrTrace(149)) - 9dbd5372-55c2-4532-b354-9494d3d545d2@group-F367C8FA5986-LeaderElection374 got exception when requesting votes: {}
java.util.concurrent.ExecutionException: org.apache.ratis.thirdparty.io.grpc.StatusRuntimeException: UNAVAILABLE: io exception
	at java.util.concurrent.FutureTask.report(FutureTask.java:122)
	at java.util.concurrent.FutureTask.get(FutureTask.java:192)
	at org.apache.ratis.server.impl.LeaderElection.waitForResults(LeaderElection.java:259)
	at org.apache.ratis.server.impl.LeaderElection.askForVotes(LeaderElection.java:197)
	at org.apache.ratis.server.impl.LeaderElection.run(LeaderElection.java:133)
	at java.lang.Thread.run(Thread.java:748)
Caused by: org.apache.ratis.thirdparty.io.grpc.StatusRuntimeException: UNAVAILABLE: io exception
	at org.apache.ratis.thirdparty.io.grpc.stub.ClientCalls.toStatusRuntimeException(ClientCalls.java:233)
	at org.apache.ratis.thirdparty.io.grpc.stub.ClientCalls.getUnchecked(ClientCalls.java:214)
	at org.apache.ratis.thirdparty.io.grpc.stub.ClientCalls.blockingUnaryCall(ClientCalls.java:139)
	at org.apache.ratis.proto.grpc.RaftServerProtocolServiceGrpc$RaftServerProtocolServiceBlockingStub.requestVote(RaftServerProtocolServiceGrpc.java:265)
	at org.apache.ratis.grpc.server.GrpcServerProtocolClient.requestVote(GrpcServerProtocolClient.java:99)
	at org.apache.ratis.grpc.server.GrpcService.requestVote(GrpcService.java:204)
	at org.apache.ratis.server.impl.LeaderElection.lambda$submitRequests$1(LeaderElection.java:234)
	at java.util.concurrent.FutureTask.run(FutureTask.java:266)
	at java.util.concurrent.Executors$RunnableAdapter.call(Executors.java:511)
	at java.util.concurrent.FutureTask.run(FutureTask.java:266)
	at java.util.concurrent.ThreadPoolExecutor.runWorker(ThreadPoolExecutor.java:1149)
	at java.util.concurrent.ThreadPoolExecutor$Worker.run(ThreadPoolExecutor.java:624)
	... 1 more
Caused by: org.apache.ratis.thirdparty.io.netty.channel.AbstractChannel$AnnotatedConnectException: Connection refused: /192.168.157.220:43236
	at sun.nio.ch.SocketChannelImpl.checkConnect(Native Method)
	at sun.nio.ch.SocketChannelImpl.finishConnect(SocketChannelImpl.java:717)
	at org.apache.ratis.thirdparty.io.netty.channel.socket.nio.NioSocketChannel.doFinishConnect(NioSocketChannel.java:327)
	at org.apache.ratis.thirdparty.io.netty.channel.nio.AbstractNioChannel$AbstractNioUnsafe.finishConnect(AbstractNioChannel.java:340)
	at org.apache.ratis.thirdparty.io.netty.channel.nio.NioEventLoop.processSelectedKey(NioEventLoop.java:632)
	at org.apache.ratis.thirdparty.io.netty.channel.nio.NioEventLoop.processSelectedKeysOptimized(NioEventLoop.java:579)
	at org.apache.ratis.thirdparty.io.netty.channel.nio.NioEventLoop.processSelectedKeys(NioEventLoop.java:496)
	at org.apache.ratis.thirdparty.io.netty.channel.nio.NioEventLoop.run(NioEventLoop.java:458)
	at org.apache.ratis.thirdparty.io.netty.util.concurrent.SingleThreadEventExecutor$5.run(SingleThreadEventExecutor.java:897)
	at org.apache.ratis.thirdparty.io.netty.util.concurrent.FastThreadLocalRunnable.run(FastThreadLocalRunnable.java:30)
	... 1 more
Caused by: java.net.ConnectException: Connection refused
	... 11 more
2019-10-30 11:52:58,468 [grpc-default-executor-8] INFO  impl.RaftServerImpl (RaftServerImpl.java:setRole(184)) - 9b3ef6c9-0245-4756-bf80-45d41f7a4453@group-F367C8FA5986: changes role from  FOLLOWER to FOLLOWER at term 194 for recognizeCandidate:9dbd5372-55c2-4532-b354-9494d3d545d2
2019-10-30 11:52:58,468 [grpc-default-executor-8] INFO  impl.RoleInfo (RoleInfo.java:shutdownFollowerState(121)) - 9b3ef6c9-0245-4756-bf80-45d41f7a4453: shutdown FollowerState
2019-10-30 11:52:58,468 [grpc-default-executor-8] INFO  impl.RoleInfo (RoleInfo.java:updateAndGet(143)) - 9b3ef6c9-0245-4756-bf80-45d41f7a4453: start FollowerState
2019-10-30 11:52:58,468 [Thread-2919] INFO  impl.FollowerState (FollowerState.java:run(117)) - 9b3ef6c9-0245-4756-bf80-45d41f7a4453@group-F367C8FA5986-FollowerState was interrupted: java.lang.InterruptedException: sleep interrupted
2019-10-30 11:52:58,471 [f26e10ed-fb17-49e6-a903-eadc130d13d1@group-83984122B78E-LeaderElection373] INFO  impl.LeaderElection (LeaderElection.java:logAndReturn(56)) - f26e10ed-fb17-49e6-a903-eadc130d13d1@group-83984122B78E-LeaderElection373: Election REJECTED; received 1 response(s) [f26e10ed-fb17-49e6-a903-eadc130d13d1<-4cc44201-a597-43af-a4ec-5b1b407a6250#0:FAIL-t207] and 1 exception(s); f26e10ed-fb17-49e6-a903-eadc130d13d1@group-83984122B78E:t207, leader=null, voted=f26e10ed-fb17-49e6-a903-eadc130d13d1, raftlog=f26e10ed-fb17-49e6-a903-eadc130d13d1@group-83984122B78E-SegmentedRaftLog:OPENED:c-1,f-1,i0, conf=-1: [4f16e274-8663-4a15-9c4c-c81f650ab979:192.168.157.220:38181, 4cc44201-a597-43af-a4ec-5b1b407a6250:192.168.157.220:36685, f26e10ed-fb17-49e6-a903-eadc130d13d1:192.168.157.220:32806], old=null
2019-10-30 11:52:58,471 [f26e10ed-fb17-49e6-a903-eadc130d13d1@group-83984122B78E-LeaderElection373] INFO  impl.LeaderElection (LogUtils.java:infoOrTrace(149)) -   Exception 0: {}
java.util.concurrent.ExecutionException: org.apache.ratis.thirdparty.io.grpc.StatusRuntimeException: UNAVAILABLE: io exception
	at java.util.concurrent.FutureTask.report(FutureTask.java:122)
	at java.util.concurrent.FutureTask.get(FutureTask.java:192)
	at org.apache.ratis.server.impl.LeaderElection.waitForResults(LeaderElection.java:259)
	at org.apache.ratis.server.impl.LeaderElection.askForVotes(LeaderElection.java:197)
	at org.apache.ratis.server.impl.LeaderElection.run(LeaderElection.java:133)
	at java.lang.Thread.run(Thread.java:748)
Caused by: org.apache.ratis.thirdparty.io.grpc.StatusRuntimeException: UNAVAILABLE: io exception
	at org.apache.ratis.thirdparty.io.grpc.stub.ClientCalls.toStatusRuntimeException(ClientCalls.java:233)
	at org.apache.ratis.thirdparty.io.grpc.stub.ClientCalls.getUnchecked(ClientCalls.java:214)
	at org.apache.ratis.thirdparty.io.grpc.stub.ClientCalls.blockingUnaryCall(ClientCalls.java:139)
	at org.apache.ratis.proto.grpc.RaftServerProtocolServiceGrpc$RaftServerProtocolServiceBlockingStub.requestVote(RaftServerProtocolServiceGrpc.java:265)
	at org.apache.ratis.grpc.server.GrpcServerProtocolClient.requestVote(GrpcServerProtocolClient.java:99)
	at org.apache.ratis.grpc.server.GrpcService.requestVote(GrpcService.java:204)
	at org.apache.ratis.server.impl.LeaderElection.lambda$submitRequests$1(LeaderElection.java:234)
	at java.util.concurrent.FutureTask.run(FutureTask.java:266)
	at java.util.concurrent.Executors$RunnableAdapter.call(Executors.java:511)
	at java.util.concurrent.FutureTask.run(FutureTask.java:266)
	at java.util.concurrent.ThreadPoolExecutor.runWorker(ThreadPoolExecutor.java:1149)
	at java.util.concurrent.ThreadPoolExecutor$Worker.run(ThreadPoolExecutor.java:624)
	... 1 more
Caused by: org.apache.ratis.thirdparty.io.netty.channel.AbstractChannel$AnnotatedConnectException: Connection refused: /192.168.157.220:38181
	at sun.nio.ch.SocketChannelImpl.checkConnect(Native Method)
	at sun.nio.ch.SocketChannelImpl.finishConnect(SocketChannelImpl.java:717)
	at org.apache.ratis.thirdparty.io.netty.channel.socket.nio.NioSocketChannel.doFinishConnect(NioSocketChannel.java:327)
	at org.apache.ratis.thirdparty.io.netty.channel.nio.AbstractNioChannel$AbstractNioUnsafe.finishConnect(AbstractNioChannel.java:340)
	at org.apache.ratis.thirdparty.io.netty.channel.nio.NioEventLoop.processSelectedKey(NioEventLoop.java:632)
	at org.apache.ratis.thirdparty.io.netty.channel.nio.NioEventLoop.processSelectedKeysOptimized(NioEventLoop.java:579)
	at org.apache.ratis.thirdparty.io.netty.channel.nio.NioEventLoop.processSelectedKeys(NioEventLoop.java:496)
	at org.apache.ratis.thirdparty.io.netty.channel.nio.NioEventLoop.run(NioEventLoop.java:458)
	at org.apache.ratis.thirdparty.io.netty.util.concurrent.SingleThreadEventExecutor$5.run(SingleThreadEventExecutor.java:897)
	at org.apache.ratis.thirdparty.io.netty.util.concurrent.FastThreadLocalRunnable.run(FastThreadLocalRunnable.java:30)
	... 1 more
Caused by: java.net.ConnectException: Connection refused
	... 11 more
2019-10-30 11:52:58,472 [f26e10ed-fb17-49e6-a903-eadc130d13d1@group-83984122B78E-LeaderElection373] INFO  impl.RaftServerImpl (RaftServerImpl.java:setRole(184)) - f26e10ed-fb17-49e6-a903-eadc130d13d1@group-83984122B78E: changes role from CANDIDATE to FOLLOWER at term 207 for DISCOVERED_A_NEW_TERM
2019-10-30 11:52:58,472 [f26e10ed-fb17-49e6-a903-eadc130d13d1@group-83984122B78E-LeaderElection373] INFO  impl.RoleInfo (RoleInfo.java:shutdownLeaderElection(134)) - f26e10ed-fb17-49e6-a903-eadc130d13d1: shutdown LeaderElection
2019-10-30 11:52:58,472 [f26e10ed-fb17-49e6-a903-eadc130d13d1@group-83984122B78E-LeaderElection373] INFO  impl.RoleInfo (RoleInfo.java:updateAndGet(143)) - f26e10ed-fb17-49e6-a903-eadc130d13d1: start FollowerState
2019-10-30 11:52:58,475 [9dbd5372-55c2-4532-b354-9494d3d545d2@group-F367C8FA5986-LeaderElection374] INFO  impl.LeaderElection (LeaderElection.java:logAndReturn(56)) - 9dbd5372-55c2-4532-b354-9494d3d545d2@group-F367C8FA5986-LeaderElection374: Election REJECTED; received 1 response(s) [9dbd5372-55c2-4532-b354-9494d3d545d2<-9b3ef6c9-0245-4756-bf80-45d41f7a4453#0:FAIL-t194] and 1 exception(s); 9dbd5372-55c2-4532-b354-9494d3d545d2@group-F367C8FA5986:t194, leader=null, voted=9dbd5372-55c2-4532-b354-9494d3d545d2, raftlog=9dbd5372-55c2-4532-b354-9494d3d545d2@group-F367C8FA5986-SegmentedRaftLog:OPENED:c-1,f-1,i0, conf=-1: [9b3ef6c9-0245-4756-bf80-45d41f7a4453:192.168.157.220:37058, cd11b2f5-3187-4d03-bd60-931991550c17:192.168.157.220:43236, 9dbd5372-55c2-4532-b354-9494d3d545d2:192.168.157.220:42993], old=null
2019-10-30 11:52:58,475 [9dbd5372-55c2-4532-b354-9494d3d545d2@group-F367C8FA5986-LeaderElection374] INFO  impl.LeaderElection (LogUtils.java:infoOrTrace(149)) -   Exception 0: {}
java.util.concurrent.ExecutionException: org.apache.ratis.thirdparty.io.grpc.StatusRuntimeException: UNAVAILABLE: io exception
	at java.util.concurrent.FutureTask.report(FutureTask.java:122)
	at java.util.concurrent.FutureTask.get(FutureTask.java:192)
	at org.apache.ratis.server.impl.LeaderElection.waitForResults(LeaderElection.java:259)
	at org.apache.ratis.server.impl.LeaderElection.askForVotes(LeaderElection.java:197)
	at org.apache.ratis.server.impl.LeaderElection.run(LeaderElection.java:133)
	at java.lang.Thread.run(Thread.java:748)
Caused by: org.apache.ratis.thirdparty.io.grpc.StatusRuntimeException: UNAVAILABLE: io exception
	at org.apache.ratis.thirdparty.io.grpc.stub.ClientCalls.toStatusRuntimeException(ClientCalls.java:233)
	at org.apache.ratis.thirdparty.io.grpc.stub.ClientCalls.getUnchecked(ClientCalls.java:214)
	at org.apache.ratis.thirdparty.io.grpc.stub.ClientCalls.blockingUnaryCall(ClientCalls.java:139)
	at org.apache.ratis.proto.grpc.RaftServerProtocolServiceGrpc$RaftServerProtocolServiceBlockingStub.requestVote(RaftServerProtocolServiceGrpc.java:265)
	at org.apache.ratis.grpc.server.GrpcServerProtocolClient.requestVote(GrpcServerProtocolClient.java:99)
	at org.apache.ratis.grpc.server.GrpcService.requestVote(GrpcService.java:204)
	at org.apache.ratis.server.impl.LeaderElection.lambda$submitRequests$1(LeaderElection.java:234)
	at java.util.concurrent.FutureTask.run(FutureTask.java:266)
	at java.util.concurrent.Executors$RunnableAdapter.call(Executors.java:511)
	at java.util.concurrent.FutureTask.run(FutureTask.java:266)
	at java.util.concurrent.ThreadPoolExecutor.runWorker(ThreadPoolExecutor.java:1149)
	at java.util.concurrent.ThreadPoolExecutor$Worker.run(ThreadPoolExecutor.java:624)
	... 1 more
Caused by: org.apache.ratis.thirdparty.io.netty.channel.AbstractChannel$AnnotatedConnectException: Connection refused: /192.168.157.220:43236
	at sun.nio.ch.SocketChannelImpl.checkConnect(Native Method)
	at sun.nio.ch.SocketChannelImpl.finishConnect(SocketChannelImpl.java:717)
	at org.apache.ratis.thirdparty.io.netty.channel.socket.nio.NioSocketChannel.doFinishConnect(NioSocketChannel.java:327)
	at org.apache.ratis.thirdparty.io.netty.channel.nio.AbstractNioChannel$AbstractNioUnsafe.finishConnect(AbstractNioChannel.java:340)
	at org.apache.ratis.thirdparty.io.netty.channel.nio.NioEventLoop.processSelectedKey(NioEventLoop.java:632)
	at org.apache.ratis.thirdparty.io.netty.channel.nio.NioEventLoop.processSelectedKeysOptimized(NioEventLoop.java:579)
	at org.apache.ratis.thirdparty.io.netty.channel.nio.NioEventLoop.processSelectedKeys(NioEventLoop.java:496)
	at org.apache.ratis.thirdparty.io.netty.channel.nio.NioEventLoop.run(NioEventLoop.java:458)
	at org.apache.ratis.thirdparty.io.netty.util.concurrent.SingleThreadEventExecutor$5.run(SingleThreadEventExecutor.java:897)
	at org.apache.ratis.thirdparty.io.netty.util.concurrent.FastThreadLocalRunnable.run(FastThreadLocalRunnable.java:30)
	... 1 more
Caused by: java.net.ConnectException: Connection refused
	... 11 more
2019-10-30 11:52:58,475 [9dbd5372-55c2-4532-b354-9494d3d545d2@group-F367C8FA5986-LeaderElection374] INFO  impl.RaftServerImpl (RaftServerImpl.java:setRole(184)) - 9dbd5372-55c2-4532-b354-9494d3d545d2@group-F367C8FA5986: changes role from CANDIDATE to FOLLOWER at term 194 for DISCOVERED_A_NEW_TERM
2019-10-30 11:52:58,475 [9dbd5372-55c2-4532-b354-9494d3d545d2@group-F367C8FA5986-LeaderElection374] INFO  impl.RoleInfo (RoleInfo.java:shutdownLeaderElection(134)) - 9dbd5372-55c2-4532-b354-9494d3d545d2: shutdown LeaderElection
2019-10-30 11:52:58,476 [9dbd5372-55c2-4532-b354-9494d3d545d2@group-F367C8FA5986-LeaderElection374] INFO  impl.RoleInfo (RoleInfo.java:updateAndGet(143)) - 9dbd5372-55c2-4532-b354-9494d3d545d2: start FollowerState
2019-10-30 11:52:58,514 [Thread-2930] INFO  impl.FollowerState (FollowerState.java:run(108)) - f26e10ed-fb17-49e6-a903-eadc130d13d1@group-83984122B78E-FollowerState: change to CANDIDATE, lastRpcTime:42ms, electionTimeout:42ms
2019-10-30 11:52:58,514 [Thread-2930] INFO  impl.RoleInfo (RoleInfo.java:shutdownFollowerState(121)) - f26e10ed-fb17-49e6-a903-eadc130d13d1: shutdown FollowerState
2019-10-30 11:52:58,514 [Thread-2930] INFO  impl.RaftServerImpl (RaftServerImpl.java:setRole(184)) - f26e10ed-fb17-49e6-a903-eadc130d13d1@group-83984122B78E: changes role from  FOLLOWER to CANDIDATE at term 207 for changeToCandidate
2019-10-30 11:52:58,514 [Thread-2930] INFO  impl.RoleInfo (RoleInfo.java:updateAndGet(143)) - f26e10ed-fb17-49e6-a903-eadc130d13d1: start LeaderElection
2019-10-30 11:52:58,524 [f26e10ed-fb17-49e6-a903-eadc130d13d1@group-83984122B78E-LeaderElection375] INFO  impl.LeaderElection (LeaderElection.java:askForVotes(178)) - f26e10ed-fb17-49e6-a903-eadc130d13d1@group-83984122B78E-LeaderElection375: begin an election at term 208 for -1: [4f16e274-8663-4a15-9c4c-c81f650ab979:192.168.157.220:38181, 4cc44201-a597-43af-a4ec-5b1b407a6250:192.168.157.220:36685, f26e10ed-fb17-49e6-a903-eadc130d13d1:192.168.157.220:32806], old=null
2019-10-30 11:52:58,525 [f26e10ed-fb17-49e6-a903-eadc130d13d1@group-83984122B78E-LeaderElection375] INFO  impl.LeaderElection (LogUtils.java:infoOrTrace(149)) - f26e10ed-fb17-49e6-a903-eadc130d13d1@group-83984122B78E-LeaderElection375 got exception when requesting votes: {}
java.util.concurrent.ExecutionException: org.apache.ratis.thirdparty.io.grpc.StatusRuntimeException: UNAVAILABLE: io exception
	at java.util.concurrent.FutureTask.report(FutureTask.java:122)
	at java.util.concurrent.FutureTask.get(FutureTask.java:192)
	at org.apache.ratis.server.impl.LeaderElection.waitForResults(LeaderElection.java:259)
	at org.apache.ratis.server.impl.LeaderElection.askForVotes(LeaderElection.java:197)
	at org.apache.ratis.server.impl.LeaderElection.run(LeaderElection.java:133)
	at java.lang.Thread.run(Thread.java:748)
Caused by: org.apache.ratis.thirdparty.io.grpc.StatusRuntimeException: UNAVAILABLE: io exception
	at org.apache.ratis.thirdparty.io.grpc.stub.ClientCalls.toStatusRuntimeException(ClientCalls.java:233)
	at org.apache.ratis.thirdparty.io.grpc.stub.ClientCalls.getUnchecked(ClientCalls.java:214)
	at org.apache.ratis.thirdparty.io.grpc.stub.ClientCalls.blockingUnaryCall(ClientCalls.java:139)
	at org.apache.ratis.proto.grpc.RaftServerProtocolServiceGrpc$RaftServerProtocolServiceBlockingStub.requestVote(RaftServerProtocolServiceGrpc.java:265)
	at org.apache.ratis.grpc.server.GrpcServerProtocolClient.requestVote(GrpcServerProtocolClient.java:99)
	at org.apache.ratis.grpc.server.GrpcService.requestVote(GrpcService.java:204)
	at org.apache.ratis.server.impl.LeaderElection.lambda$submitRequests$1(LeaderElection.java:234)
	at java.util.concurrent.FutureTask.run(FutureTask.java:266)
	at java.util.concurrent.Executors$RunnableAdapter.call(Executors.java:511)
	at java.util.concurrent.FutureTask.run(FutureTask.java:266)
	at java.util.concurrent.ThreadPoolExecutor.runWorker(ThreadPoolExecutor.java:1149)
	at java.util.concurrent.ThreadPoolExecutor$Worker.run(ThreadPoolExecutor.java:624)
	... 1 more
Caused by: org.apache.ratis.thirdparty.io.netty.channel.AbstractChannel$AnnotatedConnectException: Connection refused: /192.168.157.220:38181
	at sun.nio.ch.SocketChannelImpl.checkConnect(Native Method)
	at sun.nio.ch.SocketChannelImpl.finishConnect(SocketChannelImpl.java:717)
	at org.apache.ratis.thirdparty.io.netty.channel.socket.nio.NioSocketChannel.doFinishConnect(NioSocketChannel.java:327)
	at org.apache.ratis.thirdparty.io.netty.channel.nio.AbstractNioChannel$AbstractNioUnsafe.finishConnect(AbstractNioChannel.java:340)
	at org.apache.ratis.thirdparty.io.netty.channel.nio.NioEventLoop.processSelectedKey(NioEventLoop.java:632)
	at org.apache.ratis.thirdparty.io.netty.channel.nio.NioEventLoop.processSelectedKeysOptimized(NioEventLoop.java:579)
	at org.apache.ratis.thirdparty.io.netty.channel.nio.NioEventLoop.processSelectedKeys(NioEventLoop.java:496)
	at org.apache.ratis.thirdparty.io.netty.channel.nio.NioEventLoop.run(NioEventLoop.java:458)
	at org.apache.ratis.thirdparty.io.netty.util.concurrent.SingleThreadEventExecutor$5.run(SingleThreadEventExecutor.java:897)
	at org.apache.ratis.thirdparty.io.netty.util.concurrent.FastThreadLocalRunnable.run(FastThreadLocalRunnable.java:30)
	... 1 more
Caused by: java.net.ConnectException: Connection refused
	... 11 more
2019-10-30 11:52:58,528 [grpc-default-executor-8] INFO  impl.RaftServerImpl (RaftServerImpl.java:setRole(184)) - 4cc44201-a597-43af-a4ec-5b1b407a6250@group-83984122B78E: changes role from  FOLLOWER to FOLLOWER at term 208 for recognizeCandidate:f26e10ed-fb17-49e6-a903-eadc130d13d1
2019-10-30 11:52:58,528 [grpc-default-executor-8] INFO  impl.RoleInfo (RoleInfo.java:shutdownFollowerState(121)) - 4cc44201-a597-43af-a4ec-5b1b407a6250: shutdown FollowerState
2019-10-30 11:52:58,528 [grpc-default-executor-8] INFO  impl.RoleInfo (RoleInfo.java:updateAndGet(143)) - 4cc44201-a597-43af-a4ec-5b1b407a6250: start FollowerState
2019-10-30 11:52:58,528 [Thread-2928] INFO  impl.FollowerState (FollowerState.java:run(117)) - 4cc44201-a597-43af-a4ec-5b1b407a6250@group-83984122B78E-FollowerState was interrupted: java.lang.InterruptedException: sleep interrupted
2019-10-30 11:52:58,539 [f26e10ed-fb17-49e6-a903-eadc130d13d1@group-83984122B78E-LeaderElection375] INFO  impl.LeaderElection (LeaderElection.java:logAndReturn(56)) - f26e10ed-fb17-49e6-a903-eadc130d13d1@group-83984122B78E-LeaderElection375: Election REJECTED; received 1 response(s) [f26e10ed-fb17-49e6-a903-eadc130d13d1<-4cc44201-a597-43af-a4ec-5b1b407a6250#0:FAIL-t208] and 1 exception(s); f26e10ed-fb17-49e6-a903-eadc130d13d1@group-83984122B78E:t208, leader=null, voted=f26e10ed-fb17-49e6-a903-eadc130d13d1, raftlog=f26e10ed-fb17-49e6-a903-eadc130d13d1@group-83984122B78E-SegmentedRaftLog:OPENED:c-1,f-1,i0, conf=-1: [4f16e274-8663-4a15-9c4c-c81f650ab979:192.168.157.220:38181, 4cc44201-a597-43af-a4ec-5b1b407a6250:192.168.157.220:36685, f26e10ed-fb17-49e6-a903-eadc130d13d1:192.168.157.220:32806], old=null
2019-10-30 11:52:58,539 [f26e10ed-fb17-49e6-a903-eadc130d13d1@group-83984122B78E-LeaderElection375] INFO  impl.LeaderElection (LogUtils.java:infoOrTrace(149)) -   Exception 0: {}
java.util.concurrent.ExecutionException: org.apache.ratis.thirdparty.io.grpc.StatusRuntimeException: UNAVAILABLE: io exception
	at java.util.concurrent.FutureTask.report(FutureTask.java:122)
	at java.util.concurrent.FutureTask.get(FutureTask.java:192)
	at org.apache.ratis.server.impl.LeaderElection.waitForResults(LeaderElection.java:259)
	at org.apache.ratis.server.impl.LeaderElection.askForVotes(LeaderElection.java:197)
	at org.apache.ratis.server.impl.LeaderElection.run(LeaderElection.java:133)
	at java.lang.Thread.run(Thread.java:748)
Caused by: org.apache.ratis.thirdparty.io.grpc.StatusRuntimeException: UNAVAILABLE: io exception
	at org.apache.ratis.thirdparty.io.grpc.stub.ClientCalls.toStatusRuntimeException(ClientCalls.java:233)
	at org.apache.ratis.thirdparty.io.grpc.stub.ClientCalls.getUnchecked(ClientCalls.java:214)
	at org.apache.ratis.thirdparty.io.grpc.stub.ClientCalls.blockingUnaryCall(ClientCalls.java:139)
	at org.apache.ratis.proto.grpc.RaftServerProtocolServiceGrpc$RaftServerProtocolServiceBlockingStub.requestVote(RaftServerProtocolServiceGrpc.java:265)
	at org.apache.ratis.grpc.server.GrpcServerProtocolClient.requestVote(GrpcServerProtocolClient.java:99)
	at org.apache.ratis.grpc.server.GrpcService.requestVote(GrpcService.java:204)
	at org.apache.ratis.server.impl.LeaderElection.lambda$submitRequests$1(LeaderElection.java:234)
	at java.util.concurrent.FutureTask.run(FutureTask.java:266)
	at java.util.concurrent.Executors$RunnableAdapter.call(Executors.java:511)
	at java.util.concurrent.FutureTask.run(FutureTask.java:266)
	at java.util.concurrent.ThreadPoolExecutor.runWorker(ThreadPoolExecutor.java:1149)
	at java.util.concurrent.ThreadPoolExecutor$Worker.run(ThreadPoolExecutor.java:624)
	... 1 more
Caused by: org.apache.ratis.thirdparty.io.netty.channel.AbstractChannel$AnnotatedConnectException: Connection refused: /192.168.157.220:38181
	at sun.nio.ch.SocketChannelImpl.checkConnect(Native Method)
	at sun.nio.ch.SocketChannelImpl.finishConnect(SocketChannelImpl.java:717)
	at org.apache.ratis.thirdparty.io.netty.channel.socket.nio.NioSocketChannel.doFinishConnect(NioSocketChannel.java:327)
	at org.apache.ratis.thirdparty.io.netty.channel.nio.AbstractNioChannel$AbstractNioUnsafe.finishConnect(AbstractNioChannel.java:340)
	at org.apache.ratis.thirdparty.io.netty.channel.nio.NioEventLoop.processSelectedKey(NioEventLoop.java:632)
	at org.apache.ratis.thirdparty.io.netty.channel.nio.NioEventLoop.processSelectedKeysOptimized(NioEventLoop.java:579)
	at org.apache.ratis.thirdparty.io.netty.channel.nio.NioEventLoop.processSelectedKeys(NioEventLoop.java:496)
	at org.apache.ratis.thirdparty.io.netty.channel.nio.NioEventLoop.run(NioEventLoop.java:458)
	at org.apache.ratis.thirdparty.io.netty.util.concurrent.SingleThreadEventExecutor$5.run(SingleThreadEventExecutor.java:897)
	at org.apache.ratis.thirdparty.io.netty.util.concurrent.FastThreadLocalRunnable.run(FastThreadLocalRunnable.java:30)
	... 1 more
Caused by: java.net.ConnectException: Connection refused
	... 11 more
2019-10-30 11:52:58,539 [f26e10ed-fb17-49e6-a903-eadc130d13d1@group-83984122B78E-LeaderElection375] INFO  impl.RaftServerImpl (RaftServerImpl.java:setRole(184)) - f26e10ed-fb17-49e6-a903-eadc130d13d1@group-83984122B78E: changes role from CANDIDATE to FOLLOWER at term 208 for DISCOVERED_A_NEW_TERM
2019-10-30 11:52:58,539 [f26e10ed-fb17-49e6-a903-eadc130d13d1@group-83984122B78E-LeaderElection375] INFO  impl.RoleInfo (RoleInfo.java:shutdownLeaderElection(134)) - f26e10ed-fb17-49e6-a903-eadc130d13d1: shutdown LeaderElection
2019-10-30 11:52:58,540 [f26e10ed-fb17-49e6-a903-eadc130d13d1@group-83984122B78E-LeaderElection375] INFO  impl.RoleInfo (RoleInfo.java:updateAndGet(143)) - f26e10ed-fb17-49e6-a903-eadc130d13d1: start FollowerState
2019-10-30 11:52:58,621 [Thread-2931] INFO  impl.FollowerState (FollowerState.java:run(108)) - 9dbd5372-55c2-4532-b354-9494d3d545d2@group-F367C8FA5986-FollowerState: change to CANDIDATE, lastRpcTime:145ms, electionTimeout:145ms
2019-10-30 11:52:58,621 [Thread-2931] INFO  impl.RoleInfo (RoleInfo.java:shutdownFollowerState(121)) - 9dbd5372-55c2-4532-b354-9494d3d545d2: shutdown FollowerState
2019-10-30 11:52:58,621 [Thread-2931] INFO  impl.RaftServerImpl (RaftServerImpl.java:setRole(184)) - 9dbd5372-55c2-4532-b354-9494d3d545d2@group-F367C8FA5986: changes role from  FOLLOWER to CANDIDATE at term 194 for changeToCandidate
2019-10-30 11:52:58,621 [Thread-2931] INFO  impl.RoleInfo (RoleInfo.java:updateAndGet(143)) - 9dbd5372-55c2-4532-b354-9494d3d545d2: start LeaderElection
2019-10-30 11:52:58,626 [9dbd5372-55c2-4532-b354-9494d3d545d2@group-F367C8FA5986-LeaderElection376] INFO  impl.LeaderElection (LeaderElection.java:askForVotes(178)) - 9dbd5372-55c2-4532-b354-9494d3d545d2@group-F367C8FA5986-LeaderElection376: begin an election at term 195 for -1: [9b3ef6c9-0245-4756-bf80-45d41f7a4453:192.168.157.220:37058, cd11b2f5-3187-4d03-bd60-931991550c17:192.168.157.220:43236, 9dbd5372-55c2-4532-b354-9494d3d545d2:192.168.157.220:42993], old=null
2019-10-30 11:52:58,628 [grpc-default-executor-8] INFO  impl.RaftServerImpl (RaftServerImpl.java:setRole(184)) - 9b3ef6c9-0245-4756-bf80-45d41f7a4453@group-F367C8FA5986: changes role from  FOLLOWER to FOLLOWER at term 195 for recognizeCandidate:9dbd5372-55c2-4532-b354-9494d3d545d2
2019-10-30 11:52:58,628 [grpc-default-executor-8] INFO  impl.RoleInfo (RoleInfo.java:shutdownFollowerState(121)) - 9b3ef6c9-0245-4756-bf80-45d41f7a4453: shutdown FollowerState
2019-10-30 11:52:58,628 [grpc-default-executor-8] INFO  impl.RoleInfo (RoleInfo.java:updateAndGet(143)) - 9b3ef6c9-0245-4756-bf80-45d41f7a4453: start FollowerState
2019-10-30 11:52:58,628 [Thread-2929] INFO  impl.FollowerState (FollowerState.java:run(117)) - 9b3ef6c9-0245-4756-bf80-45d41f7a4453@group-F367C8FA5986-FollowerState was interrupted: java.lang.InterruptedException: sleep interrupted
2019-10-30 11:52:58,629 [9dbd5372-55c2-4532-b354-9494d3d545d2@group-F367C8FA5986-LeaderElection376] INFO  impl.LeaderElection (LogUtils.java:infoOrTrace(149)) - 9dbd5372-55c2-4532-b354-9494d3d545d2@group-F367C8FA5986-LeaderElection376 got exception when requesting votes: {}
java.util.concurrent.ExecutionException: org.apache.ratis.thirdparty.io.grpc.StatusRuntimeException: UNAVAILABLE: io exception
	at java.util.concurrent.FutureTask.report(FutureTask.java:122)
	at java.util.concurrent.FutureTask.get(FutureTask.java:192)
	at org.apache.ratis.server.impl.LeaderElection.waitForResults(LeaderElection.java:259)
	at org.apache.ratis.server.impl.LeaderElection.askForVotes(LeaderElection.java:197)
	at org.apache.ratis.server.impl.LeaderElection.run(LeaderElection.java:133)
	at java.lang.Thread.run(Thread.java:748)
Caused by: org.apache.ratis.thirdparty.io.grpc.StatusRuntimeException: UNAVAILABLE: io exception
	at org.apache.ratis.thirdparty.io.grpc.stub.ClientCalls.toStatusRuntimeException(ClientCalls.java:233)
	at org.apache.ratis.thirdparty.io.grpc.stub.ClientCalls.getUnchecked(ClientCalls.java:214)
	at org.apache.ratis.thirdparty.io.grpc.stub.ClientCalls.blockingUnaryCall(ClientCalls.java:139)
	at org.apache.ratis.proto.grpc.RaftServerProtocolServiceGrpc$RaftServerProtocolServiceBlockingStub.requestVote(RaftServerProtocolServiceGrpc.java:265)
	at org.apache.ratis.grpc.server.GrpcServerProtocolClient.requestVote(GrpcServerProtocolClient.java:99)
	at org.apache.ratis.grpc.server.GrpcService.requestVote(GrpcService.java:204)
	at org.apache.ratis.server.impl.LeaderElection.lambda$submitRequests$1(LeaderElection.java:234)
	at java.util.concurrent.FutureTask.run(FutureTask.java:266)
	at java.util.concurrent.Executors$RunnableAdapter.call(Executors.java:511)
	at java.util.concurrent.FutureTask.run(FutureTask.java:266)
	at java.util.concurrent.ThreadPoolExecutor.runWorker(ThreadPoolExecutor.java:1149)
	at java.util.concurrent.ThreadPoolExecutor$Worker.run(ThreadPoolExecutor.java:624)
	... 1 more
Caused by: org.apache.ratis.thirdparty.io.netty.channel.AbstractChannel$AnnotatedConnectException: Connection refused: /192.168.157.220:43236
	at sun.nio.ch.SocketChannelImpl.checkConnect(Native Method)
	at sun.nio.ch.SocketChannelImpl.finishConnect(SocketChannelImpl.java:717)
	at org.apache.ratis.thirdparty.io.netty.channel.socket.nio.NioSocketChannel.doFinishConnect(NioSocketChannel.java:327)
	at org.apache.ratis.thirdparty.io.netty.channel.nio.AbstractNioChannel$AbstractNioUnsafe.finishConnect(AbstractNioChannel.java:340)
	at org.apache.ratis.thirdparty.io.netty.channel.nio.NioEventLoop.processSelectedKey(NioEventLoop.java:632)
	at org.apache.ratis.thirdparty.io.netty.channel.nio.NioEventLoop.processSelectedKeysOptimized(NioEventLoop.java:579)
	at org.apache.ratis.thirdparty.io.netty.channel.nio.NioEventLoop.processSelectedKeys(NioEventLoop.java:496)
	at org.apache.ratis.thirdparty.io.netty.channel.nio.NioEventLoop.run(NioEventLoop.java:458)
	at org.apache.ratis.thirdparty.io.netty.util.concurrent.SingleThreadEventExecutor$5.run(SingleThreadEventExecutor.java:897)
	at org.apache.ratis.thirdparty.io.netty.util.concurrent.FastThreadLocalRunnable.run(FastThreadLocalRunnable.java:30)
	... 1 more
Caused by: java.net.ConnectException: Connection refused
	... 11 more
2019-10-30 11:52:58,639 [9dbd5372-55c2-4532-b354-9494d3d545d2@group-F367C8FA5986-LeaderElection376] INFO  impl.LeaderElection (LeaderElection.java:logAndReturn(56)) - 9dbd5372-55c2-4532-b354-9494d3d545d2@group-F367C8FA5986-LeaderElection376: Election REJECTED; received 1 response(s) [9dbd5372-55c2-4532-b354-9494d3d545d2<-9b3ef6c9-0245-4756-bf80-45d41f7a4453#0:FAIL-t195] and 1 exception(s); 9dbd5372-55c2-4532-b354-9494d3d545d2@group-F367C8FA5986:t195, leader=null, voted=9dbd5372-55c2-4532-b354-9494d3d545d2, raftlog=9dbd5372-55c2-4532-b354-9494d3d545d2@group-F367C8FA5986-SegmentedRaftLog:OPENED:c-1,f-1,i0, conf=-1: [9b3ef6c9-0245-4756-bf80-45d41f7a4453:192.168.157.220:37058, cd11b2f5-3187-4d03-bd60-931991550c17:192.168.157.220:43236, 9dbd5372-55c2-4532-b354-9494d3d545d2:192.168.157.220:42993], old=null
2019-10-30 11:52:58,639 [9dbd5372-55c2-4532-b354-9494d3d545d2@group-F367C8FA5986-LeaderElection376] INFO  impl.LeaderElection (LogUtils.java:infoOrTrace(149)) -   Exception 0: {}
java.util.concurrent.ExecutionException: org.apache.ratis.thirdparty.io.grpc.StatusRuntimeException: UNAVAILABLE: io exception
	at java.util.concurrent.FutureTask.report(FutureTask.java:122)
	at java.util.concurrent.FutureTask.get(FutureTask.java:192)
	at org.apache.ratis.server.impl.LeaderElection.waitForResults(LeaderElection.java:259)
	at org.apache.ratis.server.impl.LeaderElection.askForVotes(LeaderElection.java:197)
	at org.apache.ratis.server.impl.LeaderElection.run(LeaderElection.java:133)
	at java.lang.Thread.run(Thread.java:748)
Caused by: org.apache.ratis.thirdparty.io.grpc.StatusRuntimeException: UNAVAILABLE: io exception
	at org.apache.ratis.thirdparty.io.grpc.stub.ClientCalls.toStatusRuntimeException(ClientCalls.java:233)
	at org.apache.ratis.thirdparty.io.grpc.stub.ClientCalls.getUnchecked(ClientCalls.java:214)
	at org.apache.ratis.thirdparty.io.grpc.stub.ClientCalls.blockingUnaryCall(ClientCalls.java:139)
	at org.apache.ratis.proto.grpc.RaftServerProtocolServiceGrpc$RaftServerProtocolServiceBlockingStub.requestVote(RaftServerProtocolServiceGrpc.java:265)
	at org.apache.ratis.grpc.server.GrpcServerProtocolClient.requestVote(GrpcServerProtocolClient.java:99)
	at org.apache.ratis.grpc.server.GrpcService.requestVote(GrpcService.java:204)
	at org.apache.ratis.server.impl.LeaderElection.lambda$submitRequests$1(LeaderElection.java:234)
	at java.util.concurrent.FutureTask.run(FutureTask.java:266)
	at java.util.concurrent.Executors$RunnableAdapter.call(Executors.java:511)
	at java.util.concurrent.FutureTask.run(FutureTask.java:266)
	at java.util.concurrent.ThreadPoolExecutor.runWorker(ThreadPoolExecutor.java:1149)
	at java.util.concurrent.ThreadPoolExecutor$Worker.run(ThreadPoolExecutor.java:624)
	... 1 more
Caused by: org.apache.ratis.thirdparty.io.netty.channel.AbstractChannel$AnnotatedConnectException: Connection refused: /192.168.157.220:43236
	at sun.nio.ch.SocketChannelImpl.checkConnect(Native Method)
	at sun.nio.ch.SocketChannelImpl.finishConnect(SocketChannelImpl.java:717)
	at org.apache.ratis.thirdparty.io.netty.channel.socket.nio.NioSocketChannel.doFinishConnect(NioSocketChannel.java:327)
	at org.apache.ratis.thirdparty.io.netty.channel.nio.AbstractNioChannel$AbstractNioUnsafe.finishConnect(AbstractNioChannel.java:340)
	at org.apache.ratis.thirdparty.io.netty.channel.nio.NioEventLoop.processSelectedKey(NioEventLoop.java:632)
	at org.apache.ratis.thirdparty.io.netty.channel.nio.NioEventLoop.processSelectedKeysOptimized(NioEventLoop.java:579)
	at org.apache.ratis.thirdparty.io.netty.channel.nio.NioEventLoop.processSelectedKeys(NioEventLoop.java:496)
	at org.apache.ratis.thirdparty.io.netty.channel.nio.NioEventLoop.run(NioEventLoop.java:458)
	at org.apache.ratis.thirdparty.io.netty.util.concurrent.SingleThreadEventExecutor$5.run(SingleThreadEventExecutor.java:897)
	at org.apache.ratis.thirdparty.io.netty.util.concurrent.FastThreadLocalRunnable.run(FastThreadLocalRunnable.java:30)
	... 1 more
Caused by: java.net.ConnectException: Connection refused
	... 11 more
2019-10-30 11:52:58,639 [9dbd5372-55c2-4532-b354-9494d3d545d2@group-F367C8FA5986-LeaderElection376] INFO  impl.RaftServerImpl (RaftServerImpl.java:setRole(184)) - 9dbd5372-55c2-4532-b354-9494d3d545d2@group-F367C8FA5986: changes role from CANDIDATE to FOLLOWER at term 195 for DISCOVERED_A_NEW_TERM
2019-10-30 11:52:58,640 [9dbd5372-55c2-4532-b354-9494d3d545d2@group-F367C8FA5986-LeaderElection376] INFO  impl.RoleInfo (RoleInfo.java:shutdownLeaderElection(134)) - 9dbd5372-55c2-4532-b354-9494d3d545d2: shutdown LeaderElection
2019-10-30 11:52:58,640 [9dbd5372-55c2-4532-b354-9494d3d545d2@group-F367C8FA5986-LeaderElection376] INFO  impl.RoleInfo (RoleInfo.java:updateAndGet(143)) - 9dbd5372-55c2-4532-b354-9494d3d545d2: start FollowerState
2019-10-30 11:52:58,720 [Thread-2936] INFO  impl.FollowerState (FollowerState.java:run(108)) - f26e10ed-fb17-49e6-a903-eadc130d13d1@group-83984122B78E-FollowerState: change to CANDIDATE, lastRpcTime:180ms, electionTimeout:180ms
2019-10-30 11:52:58,720 [Thread-2936] INFO  impl.RoleInfo (RoleInfo.java:shutdownFollowerState(121)) - f26e10ed-fb17-49e6-a903-eadc130d13d1: shutdown FollowerState
2019-10-30 11:52:58,720 [Thread-2936] INFO  impl.RaftServerImpl (RaftServerImpl.java:setRole(184)) - f26e10ed-fb17-49e6-a903-eadc130d13d1@group-83984122B78E: changes role from  FOLLOWER to CANDIDATE at term 208 for changeToCandidate
2019-10-30 11:52:58,720 [Thread-2936] INFO  impl.RoleInfo (RoleInfo.java:updateAndGet(143)) - f26e10ed-fb17-49e6-a903-eadc130d13d1: start LeaderElection
2019-10-30 11:52:58,739 [f26e10ed-fb17-49e6-a903-eadc130d13d1@group-83984122B78E-LeaderElection377] INFO  impl.LeaderElection (LeaderElection.java:askForVotes(178)) - f26e10ed-fb17-49e6-a903-eadc130d13d1@group-83984122B78E-LeaderElection377: begin an election at term 209 for -1: [4f16e274-8663-4a15-9c4c-c81f650ab979:192.168.157.220:38181, 4cc44201-a597-43af-a4ec-5b1b407a6250:192.168.157.220:36685, f26e10ed-fb17-49e6-a903-eadc130d13d1:192.168.157.220:32806], old=null
2019-10-30 11:52:58,739 [f26e10ed-fb17-49e6-a903-eadc130d13d1@group-83984122B78E-LeaderElection377] INFO  impl.LeaderElection (LogUtils.java:infoOrTrace(149)) - f26e10ed-fb17-49e6-a903-eadc130d13d1@group-83984122B78E-LeaderElection377 got exception when requesting votes: {}
java.util.concurrent.ExecutionException: org.apache.ratis.thirdparty.io.grpc.StatusRuntimeException: UNAVAILABLE: io exception
	at java.util.concurrent.FutureTask.report(FutureTask.java:122)
	at java.util.concurrent.FutureTask.get(FutureTask.java:192)
	at org.apache.ratis.server.impl.LeaderElection.waitForResults(LeaderElection.java:259)
	at org.apache.ratis.server.impl.LeaderElection.askForVotes(LeaderElection.java:197)
	at org.apache.ratis.server.impl.LeaderElection.run(LeaderElection.java:133)
	at java.lang.Thread.run(Thread.java:748)
Caused by: org.apache.ratis.thirdparty.io.grpc.StatusRuntimeException: UNAVAILABLE: io exception
	at org.apache.ratis.thirdparty.io.grpc.stub.ClientCalls.toStatusRuntimeException(ClientCalls.java:233)
	at org.apache.ratis.thirdparty.io.grpc.stub.ClientCalls.getUnchecked(ClientCalls.java:214)
	at org.apache.ratis.thirdparty.io.grpc.stub.ClientCalls.blockingUnaryCall(ClientCalls.java:139)
	at org.apache.ratis.proto.grpc.RaftServerProtocolServiceGrpc$RaftServerProtocolServiceBlockingStub.requestVote(RaftServerProtocolServiceGrpc.java:265)
	at org.apache.ratis.grpc.server.GrpcServerProtocolClient.requestVote(GrpcServerProtocolClient.java:99)
	at org.apache.ratis.grpc.server.GrpcService.requestVote(GrpcService.java:204)
	at org.apache.ratis.server.impl.LeaderElection.lambda$submitRequests$1(LeaderElection.java:234)
	at java.util.concurrent.FutureTask.run(FutureTask.java:266)
	at java.util.concurrent.Executors$RunnableAdapter.call(Executors.java:511)
	at java.util.concurrent.FutureTask.run(FutureTask.java:266)
	at java.util.concurrent.ThreadPoolExecutor.runWorker(ThreadPoolExecutor.java:1149)
	at java.util.concurrent.ThreadPoolExecutor$Worker.run(ThreadPoolExecutor.java:624)
	... 1 more
Caused by: org.apache.ratis.thirdparty.io.netty.channel.AbstractChannel$AnnotatedConnectException: Connection refused: /192.168.157.220:38181
	at sun.nio.ch.SocketChannelImpl.checkConnect(Native Method)
	at sun.nio.ch.SocketChannelImpl.finishConnect(SocketChannelImpl.java:717)
	at org.apache.ratis.thirdparty.io.netty.channel.socket.nio.NioSocketChannel.doFinishConnect(NioSocketChannel.java:327)
	at org.apache.ratis.thirdparty.io.netty.channel.nio.AbstractNioChannel$AbstractNioUnsafe.finishConnect(AbstractNioChannel.java:340)
	at org.apache.ratis.thirdparty.io.netty.channel.nio.NioEventLoop.processSelectedKey(NioEventLoop.java:632)
	at org.apache.ratis.thirdparty.io.netty.channel.nio.NioEventLoop.processSelectedKeysOptimized(NioEventLoop.java:579)
	at org.apache.ratis.thirdparty.io.netty.channel.nio.NioEventLoop.processSelectedKeys(NioEventLoop.java:496)
	at org.apache.ratis.thirdparty.io.netty.channel.nio.NioEventLoop.run(NioEventLoop.java:458)
	at org.apache.ratis.thirdparty.io.netty.util.concurrent.SingleThreadEventExecutor$5.run(SingleThreadEventExecutor.java:897)
	at org.apache.ratis.thirdparty.io.netty.util.concurrent.FastThreadLocalRunnable.run(FastThreadLocalRunnable.java:30)
	... 1 more
Caused by: java.net.ConnectException: Connection refused
	... 11 more
2019-10-30 11:52:58,741 [grpc-default-executor-8] INFO  impl.RaftServerImpl (RaftServerImpl.java:setRole(184)) - 4cc44201-a597-43af-a4ec-5b1b407a6250@group-83984122B78E: changes role from  FOLLOWER to FOLLOWER at term 209 for recognizeCandidate:f26e10ed-fb17-49e6-a903-eadc130d13d1
2019-10-30 11:52:58,741 [grpc-default-executor-8] INFO  impl.RoleInfo (RoleInfo.java:shutdownFollowerState(121)) - 4cc44201-a597-43af-a4ec-5b1b407a6250: shutdown FollowerState
2019-10-30 11:52:58,742 [grpc-default-executor-8] INFO  impl.RoleInfo (RoleInfo.java:updateAndGet(143)) - 4cc44201-a597-43af-a4ec-5b1b407a6250: start FollowerState
2019-10-30 11:52:58,742 [Thread-2935] INFO  impl.FollowerState (FollowerState.java:run(117)) - 4cc44201-a597-43af-a4ec-5b1b407a6250@group-83984122B78E-FollowerState was interrupted: java.lang.InterruptedException: sleep interrupted
2019-10-30 11:52:58,746 [Thread-2943] INFO  impl.FollowerState (FollowerState.java:run(108)) - 9dbd5372-55c2-4532-b354-9494d3d545d2@group-F367C8FA5986-FollowerState: change to CANDIDATE, lastRpcTime:106ms, electionTimeout:101ms
2019-10-30 11:52:58,746 [Thread-2943] INFO  impl.RoleInfo (RoleInfo.java:shutdownFollowerState(121)) - 9dbd5372-55c2-4532-b354-9494d3d545d2: shutdown FollowerState
2019-10-30 11:52:58,746 [Thread-2943] INFO  impl.RaftServerImpl (RaftServerImpl.java:setRole(184)) - 9dbd5372-55c2-4532-b354-9494d3d545d2@group-F367C8FA5986: changes role from  FOLLOWER to CANDIDATE at term 195 for changeToCandidate
2019-10-30 11:52:58,746 [Thread-2943] INFO  impl.RoleInfo (RoleInfo.java:updateAndGet(143)) - 9dbd5372-55c2-4532-b354-9494d3d545d2: start LeaderElection
2019-10-30 11:52:58,752 [9dbd5372-55c2-4532-b354-9494d3d545d2@group-F367C8FA5986-LeaderElection378] INFO  impl.LeaderElection (LeaderElection.java:askForVotes(178)) - 9dbd5372-55c2-4532-b354-9494d3d545d2@group-F367C8FA5986-LeaderElection378: begin an election at term 196 for -1: [9b3ef6c9-0245-4756-bf80-45d41f7a4453:192.168.157.220:37058, cd11b2f5-3187-4d03-bd60-931991550c17:192.168.157.220:43236, 9dbd5372-55c2-4532-b354-9494d3d545d2:192.168.157.220:42993], old=null
2019-10-30 11:52:58,753 [grpc-default-executor-8] INFO  impl.RaftServerImpl (RaftServerImpl.java:setRole(184)) - 9b3ef6c9-0245-4756-bf80-45d41f7a4453@group-F367C8FA5986: changes role from  FOLLOWER to FOLLOWER at term 196 for recognizeCandidate:9dbd5372-55c2-4532-b354-9494d3d545d2
2019-10-30 11:52:58,753 [grpc-default-executor-8] INFO  impl.RoleInfo (RoleInfo.java:shutdownFollowerState(121)) - 9b3ef6c9-0245-4756-bf80-45d41f7a4453: shutdown FollowerState
2019-10-30 11:52:58,753 [f26e10ed-fb17-49e6-a903-eadc130d13d1@group-83984122B78E-LeaderElection377] INFO  impl.LeaderElection (LeaderElection.java:logAndReturn(56)) - f26e10ed-fb17-49e6-a903-eadc130d13d1@group-83984122B78E-LeaderElection377: Election REJECTED; received 1 response(s) [f26e10ed-fb17-49e6-a903-eadc130d13d1<-4cc44201-a597-43af-a4ec-5b1b407a6250#0:FAIL-t209] and 1 exception(s); f26e10ed-fb17-49e6-a903-eadc130d13d1@group-83984122B78E:t209, leader=null, voted=f26e10ed-fb17-49e6-a903-eadc130d13d1, raftlog=f26e10ed-fb17-49e6-a903-eadc130d13d1@group-83984122B78E-SegmentedRaftLog:OPENED:c-1,f-1,i0, conf=-1: [4f16e274-8663-4a15-9c4c-c81f650ab979:192.168.157.220:38181, 4cc44201-a597-43af-a4ec-5b1b407a6250:192.168.157.220:36685, f26e10ed-fb17-49e6-a903-eadc130d13d1:192.168.157.220:32806], old=null
2019-10-30 11:52:58,753 [9dbd5372-55c2-4532-b354-9494d3d545d2@group-F367C8FA5986-LeaderElection378] INFO  impl.LeaderElection (LogUtils.java:infoOrTrace(149)) - 9dbd5372-55c2-4532-b354-9494d3d545d2@group-F367C8FA5986-LeaderElection378 got exception when requesting votes: {}
java.util.concurrent.ExecutionException: org.apache.ratis.thirdparty.io.grpc.StatusRuntimeException: UNAVAILABLE: io exception
	at java.util.concurrent.FutureTask.report(FutureTask.java:122)
	at java.util.concurrent.FutureTask.get(FutureTask.java:192)
	at org.apache.ratis.server.impl.LeaderElection.waitForResults(LeaderElection.java:259)
	at org.apache.ratis.server.impl.LeaderElection.askForVotes(LeaderElection.java:197)
	at org.apache.ratis.server.impl.LeaderElection.run(LeaderElection.java:133)
	at java.lang.Thread.run(Thread.java:748)
Caused by: org.apache.ratis.thirdparty.io.grpc.StatusRuntimeException: UNAVAILABLE: io exception
	at org.apache.ratis.thirdparty.io.grpc.stub.ClientCalls.toStatusRuntimeException(ClientCalls.java:233)
	at org.apache.ratis.thirdparty.io.grpc.stub.ClientCalls.getUnchecked(ClientCalls.java:214)
	at org.apache.ratis.thirdparty.io.grpc.stub.ClientCalls.blockingUnaryCall(ClientCalls.java:139)
	at org.apache.ratis.proto.grpc.RaftServerProtocolServiceGrpc$RaftServerProtocolServiceBlockingStub.requestVote(RaftServerProtocolServiceGrpc.java:265)
	at org.apache.ratis.grpc.server.GrpcServerProtocolClient.requestVote(GrpcServerProtocolClient.java:99)
	at org.apache.ratis.grpc.server.GrpcService.requestVote(GrpcService.java:204)
	at org.apache.ratis.server.impl.LeaderElection.lambda$submitRequests$1(LeaderElection.java:234)
	at java.util.concurrent.FutureTask.run(FutureTask.java:266)
	at java.util.concurrent.Executors$RunnableAdapter.call(Executors.java:511)
	at java.util.concurrent.FutureTask.run(FutureTask.java:266)
	at java.util.concurrent.ThreadPoolExecutor.runWorker(ThreadPoolExecutor.java:1149)
	at java.util.concurrent.ThreadPoolExecutor$Worker.run(ThreadPoolExecutor.java:624)
	... 1 more
Caused by: org.apache.ratis.thirdparty.io.netty.channel.AbstractChannel$AnnotatedConnectException: Connection refused: /192.168.157.220:43236
	at sun.nio.ch.SocketChannelImpl.checkConnect(Native Method)
	at sun.nio.ch.SocketChannelImpl.finishConnect(SocketChannelImpl.java:717)
	at org.apache.ratis.thirdparty.io.netty.channel.socket.nio.NioSocketChannel.doFinishConnect(NioSocketChannel.java:327)
	at org.apache.ratis.thirdparty.io.netty.channel.nio.AbstractNioChannel$AbstractNioUnsafe.finishConnect(AbstractNioChannel.java:340)
	at org.apache.ratis.thirdparty.io.netty.channel.nio.NioEventLoop.processSelectedKey(NioEventLoop.java:632)
	at org.apache.ratis.thirdparty.io.netty.channel.nio.NioEventLoop.processSelectedKeysOptimized(NioEventLoop.java:579)
	at org.apache.ratis.thirdparty.io.netty.channel.nio.NioEventLoop.processSelectedKeys(NioEventLoop.java:496)
	at org.apache.ratis.thirdparty.io.netty.channel.nio.NioEventLoop.run(NioEventLoop.java:458)
	at org.apache.ratis.thirdparty.io.netty.util.concurrent.SingleThreadEventExecutor$5.run(SingleThreadEventExecutor.java:897)
	at org.apache.ratis.thirdparty.io.netty.util.concurrent.FastThreadLocalRunnable.run(FastThreadLocalRunnable.java:30)
	... 1 more
Caused by: java.net.ConnectException: Connection refused
	... 11 more
2019-10-30 11:52:58,753 [Thread-2942] INFO  impl.FollowerState (FollowerState.java:run(117)) - 9b3ef6c9-0245-4756-bf80-45d41f7a4453@group-F367C8FA5986-FollowerState was interrupted: java.lang.InterruptedException: sleep interrupted
2019-10-30 11:52:58,753 [grpc-default-executor-8] INFO  impl.RoleInfo (RoleInfo.java:updateAndGet(143)) - 9b3ef6c9-0245-4756-bf80-45d41f7a4453: start FollowerState
2019-10-30 11:52:58,753 [f26e10ed-fb17-49e6-a903-eadc130d13d1@group-83984122B78E-LeaderElection377] INFO  impl.LeaderElection (LogUtils.java:infoOrTrace(149)) -   Exception 0: {}
java.util.concurrent.ExecutionException: org.apache.ratis.thirdparty.io.grpc.StatusRuntimeException: UNAVAILABLE: io exception
	at java.util.concurrent.FutureTask.report(FutureTask.java:122)
	at java.util.concurrent.FutureTask.get(FutureTask.java:192)
	at org.apache.ratis.server.impl.LeaderElection.waitForResults(LeaderElection.java:259)
	at org.apache.ratis.server.impl.LeaderElection.askForVotes(LeaderElection.java:197)
	at org.apache.ratis.server.impl.LeaderElection.run(LeaderElection.java:133)
	at java.lang.Thread.run(Thread.java:748)
Caused by: org.apache.ratis.thirdparty.io.grpc.StatusRuntimeException: UNAVAILABLE: io exception
	at org.apache.ratis.thirdparty.io.grpc.stub.ClientCalls.toStatusRuntimeException(ClientCalls.java:233)
	at org.apache.ratis.thirdparty.io.grpc.stub.ClientCalls.getUnchecked(ClientCalls.java:214)
	at org.apache.ratis.thirdparty.io.grpc.stub.ClientCalls.blockingUnaryCall(ClientCalls.java:139)
	at org.apache.ratis.proto.grpc.RaftServerProtocolServiceGrpc$RaftServerProtocolServiceBlockingStub.requestVote(RaftServerProtocolServiceGrpc.java:265)
	at org.apache.ratis.grpc.server.GrpcServerProtocolClient.requestVote(GrpcServerProtocolClient.java:99)
	at org.apache.ratis.grpc.server.GrpcService.requestVote(GrpcService.java:204)
	at org.apache.ratis.server.impl.LeaderElection.lambda$submitRequests$1(LeaderElection.java:234)
	at java.util.concurrent.FutureTask.run(FutureTask.java:266)
	at java.util.concurrent.Executors$RunnableAdapter.call(Executors.java:511)
	at java.util.concurrent.FutureTask.run(FutureTask.java:266)
	at java.util.concurrent.ThreadPoolExecutor.runWorker(ThreadPoolExecutor.java:1149)
	at java.util.concurrent.ThreadPoolExecutor$Worker.run(ThreadPoolExecutor.java:624)
	... 1 more
Caused by: org.apache.ratis.thirdparty.io.netty.channel.AbstractChannel$AnnotatedConnectException: Connection refused: /192.168.157.220:38181
	at sun.nio.ch.SocketChannelImpl.checkConnect(Native Method)
	at sun.nio.ch.SocketChannelImpl.finishConnect(SocketChannelImpl.java:717)
	at org.apache.ratis.thirdparty.io.netty.channel.socket.nio.NioSocketChannel.doFinishConnect(NioSocketChannel.java:327)
	at org.apache.ratis.thirdparty.io.netty.channel.nio.AbstractNioChannel$AbstractNioUnsafe.finishConnect(AbstractNioChannel.java:340)
	at org.apache.ratis.thirdparty.io.netty.channel.nio.NioEventLoop.processSelectedKey(NioEventLoop.java:632)
	at org.apache.ratis.thirdparty.io.netty.channel.nio.NioEventLoop.processSelectedKeysOptimized(NioEventLoop.java:579)
	at org.apache.ratis.thirdparty.io.netty.channel.nio.NioEventLoop.processSelectedKeys(NioEventLoop.java:496)
	at org.apache.ratis.thirdparty.io.netty.channel.nio.NioEventLoop.run(NioEventLoop.java:458)
	at org.apache.ratis.thirdparty.io.netty.util.concurrent.SingleThreadEventExecutor$5.run(SingleThreadEventExecutor.java:897)
	at org.apache.ratis.thirdparty.io.netty.util.concurrent.FastThreadLocalRunnable.run(FastThreadLocalRunnable.java:30)
	... 1 more
Caused by: java.net.ConnectException: Connection refused
	... 11 more
2019-10-30 11:52:58,757 [f26e10ed-fb17-49e6-a903-eadc130d13d1@group-83984122B78E-LeaderElection377] INFO  impl.RaftServerImpl (RaftServerImpl.java:setRole(184)) - f26e10ed-fb17-49e6-a903-eadc130d13d1@group-83984122B78E: changes role from CANDIDATE to FOLLOWER at term 209 for DISCOVERED_A_NEW_TERM
2019-10-30 11:52:58,757 [f26e10ed-fb17-49e6-a903-eadc130d13d1@group-83984122B78E-LeaderElection377] INFO  impl.RoleInfo (RoleInfo.java:shutdownLeaderElection(134)) - f26e10ed-fb17-49e6-a903-eadc130d13d1: shutdown LeaderElection
2019-10-30 11:52:58,757 [f26e10ed-fb17-49e6-a903-eadc130d13d1@group-83984122B78E-LeaderElection377] INFO  impl.RoleInfo (RoleInfo.java:updateAndGet(143)) - f26e10ed-fb17-49e6-a903-eadc130d13d1: start FollowerState
2019-10-30 11:52:58,774 [9dbd5372-55c2-4532-b354-9494d3d545d2@group-F367C8FA5986-LeaderElection378] INFO  impl.LeaderElection (LeaderElection.java:logAndReturn(56)) - 9dbd5372-55c2-4532-b354-9494d3d545d2@group-F367C8FA5986-LeaderElection378: Election REJECTED; received 1 response(s) [9dbd5372-55c2-4532-b354-9494d3d545d2<-9b3ef6c9-0245-4756-bf80-45d41f7a4453#0:FAIL-t196] and 1 exception(s); 9dbd5372-55c2-4532-b354-9494d3d545d2@group-F367C8FA5986:t196, leader=null, voted=9dbd5372-55c2-4532-b354-9494d3d545d2, raftlog=9dbd5372-55c2-4532-b354-9494d3d545d2@group-F367C8FA5986-SegmentedRaftLog:OPENED:c-1,f-1,i0, conf=-1: [9b3ef6c9-0245-4756-bf80-45d41f7a4453:192.168.157.220:37058, cd11b2f5-3187-4d03-bd60-931991550c17:192.168.157.220:43236, 9dbd5372-55c2-4532-b354-9494d3d545d2:192.168.157.220:42993], old=null
2019-10-30 11:52:58,774 [9dbd5372-55c2-4532-b354-9494d3d545d2@group-F367C8FA5986-LeaderElection378] INFO  impl.LeaderElection (LogUtils.java:infoOrTrace(149)) -   Exception 0: {}
java.util.concurrent.ExecutionException: org.apache.ratis.thirdparty.io.grpc.StatusRuntimeException: UNAVAILABLE: io exception
	at java.util.concurrent.FutureTask.report(FutureTask.java:122)
	at java.util.concurrent.FutureTask.get(FutureTask.java:192)
	at org.apache.ratis.server.impl.LeaderElection.waitForResults(LeaderElection.java:259)
	at org.apache.ratis.server.impl.LeaderElection.askForVotes(LeaderElection.java:197)
	at org.apache.ratis.server.impl.LeaderElection.run(LeaderElection.java:133)
	at java.lang.Thread.run(Thread.java:748)
Caused by: org.apache.ratis.thirdparty.io.grpc.StatusRuntimeException: UNAVAILABLE: io exception
	at org.apache.ratis.thirdparty.io.grpc.stub.ClientCalls.toStatusRuntimeException(ClientCalls.java:233)
	at org.apache.ratis.thirdparty.io.grpc.stub.ClientCalls.getUnchecked(ClientCalls.java:214)
	at org.apache.ratis.thirdparty.io.grpc.stub.ClientCalls.blockingUnaryCall(ClientCalls.java:139)
	at org.apache.ratis.proto.grpc.RaftServerProtocolServiceGrpc$RaftServerProtocolServiceBlockingStub.requestVote(RaftServerProtocolServiceGrpc.java:265)
	at org.apache.ratis.grpc.server.GrpcServerProtocolClient.requestVote(GrpcServerProtocolClient.java:99)
	at org.apache.ratis.grpc.server.GrpcService.requestVote(GrpcService.java:204)
	at org.apache.ratis.server.impl.LeaderElection.lambda$submitRequests$1(LeaderElection.java:234)
	at java.util.concurrent.FutureTask.run(FutureTask.java:266)
	at java.util.concurrent.Executors$RunnableAdapter.call(Executors.java:511)
	at java.util.concurrent.FutureTask.run(FutureTask.java:266)
	at java.util.concurrent.ThreadPoolExecutor.runWorker(ThreadPoolExecutor.java:1149)
	at java.util.concurrent.ThreadPoolExecutor$Worker.run(ThreadPoolExecutor.java:624)
	... 1 more
Caused by: org.apache.ratis.thirdparty.io.netty.channel.AbstractChannel$AnnotatedConnectException: Connection refused: /192.168.157.220:43236
	at sun.nio.ch.SocketChannelImpl.checkConnect(Native Method)
	at sun.nio.ch.SocketChannelImpl.finishConnect(SocketChannelImpl.java:717)
	at org.apache.ratis.thirdparty.io.netty.channel.socket.nio.NioSocketChannel.doFinishConnect(NioSocketChannel.java:327)
	at org.apache.ratis.thirdparty.io.netty.channel.nio.AbstractNioChannel$AbstractNioUnsafe.finishConnect(AbstractNioChannel.java:340)
	at org.apache.ratis.thirdparty.io.netty.channel.nio.NioEventLoop.processSelectedKey(NioEventLoop.java:632)
	at org.apache.ratis.thirdparty.io.netty.channel.nio.NioEventLoop.processSelectedKeysOptimized(NioEventLoop.java:579)
	at org.apache.ratis.thirdparty.io.netty.channel.nio.NioEventLoop.processSelectedKeys(NioEventLoop.java:496)
	at org.apache.ratis.thirdparty.io.netty.channel.nio.NioEventLoop.run(NioEventLoop.java:458)
	at org.apache.ratis.thirdparty.io.netty.util.concurrent.SingleThreadEventExecutor$5.run(SingleThreadEventExecutor.java:897)
	at org.apache.ratis.thirdparty.io.netty.util.concurrent.FastThreadLocalRunnable.run(FastThreadLocalRunnable.java:30)
	... 1 more
Caused by: java.net.ConnectException: Connection refused
	... 11 more
2019-10-30 11:52:58,774 [9dbd5372-55c2-4532-b354-9494d3d545d2@group-F367C8FA5986-LeaderElection378] INFO  impl.RaftServerImpl (RaftServerImpl.java:setRole(184)) - 9dbd5372-55c2-4532-b354-9494d3d545d2@group-F367C8FA5986: changes role from CANDIDATE to FOLLOWER at term 196 for DISCOVERED_A_NEW_TERM
2019-10-30 11:52:58,774 [9dbd5372-55c2-4532-b354-9494d3d545d2@group-F367C8FA5986-LeaderElection378] INFO  impl.RoleInfo (RoleInfo.java:shutdownLeaderElection(134)) - 9dbd5372-55c2-4532-b354-9494d3d545d2: shutdown LeaderElection
2019-10-30 11:52:58,774 [9dbd5372-55c2-4532-b354-9494d3d545d2@group-F367C8FA5986-LeaderElection378] INFO  impl.RoleInfo (RoleInfo.java:updateAndGet(143)) - 9dbd5372-55c2-4532-b354-9494d3d545d2: start FollowerState
2019-10-30 11:52:58,792 [Thread-2953] INFO  impl.FollowerState (FollowerState.java:run(108)) - 9dbd5372-55c2-4532-b354-9494d3d545d2@group-F367C8FA5986-FollowerState: change to CANDIDATE, lastRpcTime:18ms, electionTimeout:18ms
2019-10-30 11:52:58,793 [Thread-2953] INFO  impl.RoleInfo (RoleInfo.java:shutdownFollowerState(121)) - 9dbd5372-55c2-4532-b354-9494d3d545d2: shutdown FollowerState
2019-10-30 11:52:58,793 [Thread-2953] INFO  impl.RaftServerImpl (RaftServerImpl.java:setRole(184)) - 9dbd5372-55c2-4532-b354-9494d3d545d2@group-F367C8FA5986: changes role from  FOLLOWER to CANDIDATE at term 196 for changeToCandidate
2019-10-30 11:52:58,793 [Thread-2953] INFO  impl.RoleInfo (RoleInfo.java:updateAndGet(143)) - 9dbd5372-55c2-4532-b354-9494d3d545d2: start LeaderElection
2019-10-30 11:52:58,825 [9dbd5372-55c2-4532-b354-9494d3d545d2@group-F367C8FA5986-LeaderElection379] INFO  impl.LeaderElection (LeaderElection.java:askForVotes(178)) - 9dbd5372-55c2-4532-b354-9494d3d545d2@group-F367C8FA5986-LeaderElection379: begin an election at term 197 for -1: [9b3ef6c9-0245-4756-bf80-45d41f7a4453:192.168.157.220:37058, cd11b2f5-3187-4d03-bd60-931991550c17:192.168.157.220:43236, 9dbd5372-55c2-4532-b354-9494d3d545d2:192.168.157.220:42993], old=null
2019-10-30 11:52:58,826 [grpc-default-executor-8] INFO  impl.RaftServerImpl (RaftServerImpl.java:setRole(184)) - 9b3ef6c9-0245-4756-bf80-45d41f7a4453@group-F367C8FA5986: changes role from  FOLLOWER to FOLLOWER at term 197 for recognizeCandidate:9dbd5372-55c2-4532-b354-9494d3d545d2
2019-10-30 11:52:58,827 [grpc-default-executor-8] INFO  impl.RoleInfo (RoleInfo.java:shutdownFollowerState(121)) - 9b3ef6c9-0245-4756-bf80-45d41f7a4453: shutdown FollowerState
2019-10-30 11:52:58,827 [grpc-default-executor-8] INFO  impl.RoleInfo (RoleInfo.java:updateAndGet(143)) - 9b3ef6c9-0245-4756-bf80-45d41f7a4453: start FollowerState
2019-10-30 11:52:58,827 [Thread-2951] INFO  impl.FollowerState (FollowerState.java:run(117)) - 9b3ef6c9-0245-4756-bf80-45d41f7a4453@group-F367C8FA5986-FollowerState was interrupted: java.lang.InterruptedException: sleep interrupted
2019-10-30 11:52:58,827 [9dbd5372-55c2-4532-b354-9494d3d545d2@group-F367C8FA5986-LeaderElection379] INFO  impl.LeaderElection (LogUtils.java:infoOrTrace(149)) - 9dbd5372-55c2-4532-b354-9494d3d545d2@group-F367C8FA5986-LeaderElection379 got exception when requesting votes: {}
java.util.concurrent.ExecutionException: org.apache.ratis.thirdparty.io.grpc.StatusRuntimeException: UNAVAILABLE: io exception
	at java.util.concurrent.FutureTask.report(FutureTask.java:122)
	at java.util.concurrent.FutureTask.get(FutureTask.java:192)
	at org.apache.ratis.server.impl.LeaderElection.waitForResults(LeaderElection.java:259)
	at org.apache.ratis.server.impl.LeaderElection.askForVotes(LeaderElection.java:197)
	at org.apache.ratis.server.impl.LeaderElection.run(LeaderElection.java:133)
	at java.lang.Thread.run(Thread.java:748)
Caused by: org.apache.ratis.thirdparty.io.grpc.StatusRuntimeException: UNAVAILABLE: io exception
	at org.apache.ratis.thirdparty.io.grpc.stub.ClientCalls.toStatusRuntimeException(ClientCalls.java:233)
	at org.apache.ratis.thirdparty.io.grpc.stub.ClientCalls.getUnchecked(ClientCalls.java:214)
	at org.apache.ratis.thirdparty.io.grpc.stub.ClientCalls.blockingUnaryCall(ClientCalls.java:139)
	at org.apache.ratis.proto.grpc.RaftServerProtocolServiceGrpc$RaftServerProtocolServiceBlockingStub.requestVote(RaftServerProtocolServiceGrpc.java:265)
	at org.apache.ratis.grpc.server.GrpcServerProtocolClient.requestVote(GrpcServerProtocolClient.java:99)
	at org.apache.ratis.grpc.server.GrpcService.requestVote(GrpcService.java:204)
	at org.apache.ratis.server.impl.LeaderElection.lambda$submitRequests$1(LeaderElection.java:234)
	at java.util.concurrent.FutureTask.run(FutureTask.java:266)
	at java.util.concurrent.Executors$RunnableAdapter.call(Executors.java:511)
	at java.util.concurrent.FutureTask.run(FutureTask.java:266)
	at java.util.concurrent.ThreadPoolExecutor.runWorker(ThreadPoolExecutor.java:1149)
	at java.util.concurrent.ThreadPoolExecutor$Worker.run(ThreadPoolExecutor.java:624)
	... 1 more
Caused by: org.apache.ratis.thirdparty.io.netty.channel.AbstractChannel$AnnotatedConnectException: Connection refused: /192.168.157.220:43236
	at sun.nio.ch.SocketChannelImpl.checkConnect(Native Method)
	at sun.nio.ch.SocketChannelImpl.finishConnect(SocketChannelImpl.java:717)
	at org.apache.ratis.thirdparty.io.netty.channel.socket.nio.NioSocketChannel.doFinishConnect(NioSocketChannel.java:327)
	at org.apache.ratis.thirdparty.io.netty.channel.nio.AbstractNioChannel$AbstractNioUnsafe.finishConnect(AbstractNioChannel.java:340)
	at org.apache.ratis.thirdparty.io.netty.channel.nio.NioEventLoop.processSelectedKey(NioEventLoop.java:632)
	at org.apache.ratis.thirdparty.io.netty.channel.nio.NioEventLoop.processSelectedKeysOptimized(NioEventLoop.java:579)
	at org.apache.ratis.thirdparty.io.netty.channel.nio.NioEventLoop.processSelectedKeys(NioEventLoop.java:496)
	at org.apache.ratis.thirdparty.io.netty.channel.nio.NioEventLoop.run(NioEventLoop.java:458)
	at org.apache.ratis.thirdparty.io.netty.util.concurrent.SingleThreadEventExecutor$5.run(SingleThreadEventExecutor.java:897)
	at org.apache.ratis.thirdparty.io.netty.util.concurrent.FastThreadLocalRunnable.run(FastThreadLocalRunnable.java:30)
	... 1 more
Caused by: java.net.ConnectException: Connection refused
	... 11 more
2019-10-30 11:52:58,841 [9dbd5372-55c2-4532-b354-9494d3d545d2@group-F367C8FA5986-LeaderElection379] INFO  impl.LeaderElection (LeaderElection.java:logAndReturn(56)) - 9dbd5372-55c2-4532-b354-9494d3d545d2@group-F367C8FA5986-LeaderElection379: Election REJECTED; received 1 response(s) [9dbd5372-55c2-4532-b354-9494d3d545d2<-9b3ef6c9-0245-4756-bf80-45d41f7a4453#0:FAIL-t197] and 1 exception(s); 9dbd5372-55c2-4532-b354-9494d3d545d2@group-F367C8FA5986:t197, leader=null, voted=9dbd5372-55c2-4532-b354-9494d3d545d2, raftlog=9dbd5372-55c2-4532-b354-9494d3d545d2@group-F367C8FA5986-SegmentedRaftLog:OPENED:c-1,f-1,i0, conf=-1: [9b3ef6c9-0245-4756-bf80-45d41f7a4453:192.168.157.220:37058, cd11b2f5-3187-4d03-bd60-931991550c17:192.168.157.220:43236, 9dbd5372-55c2-4532-b354-9494d3d545d2:192.168.157.220:42993], old=null
2019-10-30 11:52:58,842 [9dbd5372-55c2-4532-b354-9494d3d545d2@group-F367C8FA5986-LeaderElection379] INFO  impl.LeaderElection (LogUtils.java:infoOrTrace(149)) -   Exception 0: {}
java.util.concurrent.ExecutionException: org.apache.ratis.thirdparty.io.grpc.StatusRuntimeException: UNAVAILABLE: io exception
	at java.util.concurrent.FutureTask.report(FutureTask.java:122)
	at java.util.concurrent.FutureTask.get(FutureTask.java:192)
	at org.apache.ratis.server.impl.LeaderElection.waitForResults(LeaderElection.java:259)
	at org.apache.ratis.server.impl.LeaderElection.askForVotes(LeaderElection.java:197)
	at org.apache.ratis.server.impl.LeaderElection.run(LeaderElection.java:133)
	at java.lang.Thread.run(Thread.java:748)
Caused by: org.apache.ratis.thirdparty.io.grpc.StatusRuntimeException: UNAVAILABLE: io exception
	at org.apache.ratis.thirdparty.io.grpc.stub.ClientCalls.toStatusRuntimeException(ClientCalls.java:233)
	at org.apache.ratis.thirdparty.io.grpc.stub.ClientCalls.getUnchecked(ClientCalls.java:214)
	at org.apache.ratis.thirdparty.io.grpc.stub.ClientCalls.blockingUnaryCall(ClientCalls.java:139)
	at org.apache.ratis.proto.grpc.RaftServerProtocolServiceGrpc$RaftServerProtocolServiceBlockingStub.requestVote(RaftServerProtocolServiceGrpc.java:265)
	at org.apache.ratis.grpc.server.GrpcServerProtocolClient.requestVote(GrpcServerProtocolClient.java:99)
	at org.apache.ratis.grpc.server.GrpcService.requestVote(GrpcService.java:204)
	at org.apache.ratis.server.impl.LeaderElection.lambda$submitRequests$1(LeaderElection.java:234)
	at java.util.concurrent.FutureTask.run(FutureTask.java:266)
	at java.util.concurrent.Executors$RunnableAdapter.call(Executors.java:511)
	at java.util.concurrent.FutureTask.run(FutureTask.java:266)
	at java.util.concurrent.ThreadPoolExecutor.runWorker(ThreadPoolExecutor.java:1149)
	at java.util.concurrent.ThreadPoolExecutor$Worker.run(ThreadPoolExecutor.java:624)
	... 1 more
Caused by: org.apache.ratis.thirdparty.io.netty.channel.AbstractChannel$AnnotatedConnectException: Connection refused: /192.168.157.220:43236
	at sun.nio.ch.SocketChannelImpl.checkConnect(Native Method)
	at sun.nio.ch.SocketChannelImpl.finishConnect(SocketChannelImpl.java:717)
	at org.apache.ratis.thirdparty.io.netty.channel.socket.nio.NioSocketChannel.doFinishConnect(NioSocketChannel.java:327)
	at org.apache.ratis.thirdparty.io.netty.channel.nio.AbstractNioChannel$AbstractNioUnsafe.finishConnect(AbstractNioChannel.java:340)
	at org.apache.ratis.thirdparty.io.netty.channel.nio.NioEventLoop.processSelectedKey(NioEventLoop.java:632)
	at org.apache.ratis.thirdparty.io.netty.channel.nio.NioEventLoop.processSelectedKeysOptimized(NioEventLoop.java:579)
	at org.apache.ratis.thirdparty.io.netty.channel.nio.NioEventLoop.processSelectedKeys(NioEventLoop.java:496)
	at org.apache.ratis.thirdparty.io.netty.channel.nio.NioEventLoop.run(NioEventLoop.java:458)
	at org.apache.ratis.thirdparty.io.netty.util.concurrent.SingleThreadEventExecutor$5.run(SingleThreadEventExecutor.java:897)
	at org.apache.ratis.thirdparty.io.netty.util.concurrent.FastThreadLocalRunnable.run(FastThreadLocalRunnable.java:30)
	... 1 more
Caused by: java.net.ConnectException: Connection refused
	... 11 more
2019-10-30 11:52:58,842 [9dbd5372-55c2-4532-b354-9494d3d545d2@group-F367C8FA5986-LeaderElection379] INFO  impl.RaftServerImpl (RaftServerImpl.java:setRole(184)) - 9dbd5372-55c2-4532-b354-9494d3d545d2@group-F367C8FA5986: changes role from CANDIDATE to FOLLOWER at term 197 for DISCOVERED_A_NEW_TERM
2019-10-30 11:52:58,842 [9dbd5372-55c2-4532-b354-9494d3d545d2@group-F367C8FA5986-LeaderElection379] INFO  impl.RoleInfo (RoleInfo.java:shutdownLeaderElection(134)) - 9dbd5372-55c2-4532-b354-9494d3d545d2: shutdown LeaderElection
2019-10-30 11:52:58,842 [9dbd5372-55c2-4532-b354-9494d3d545d2@group-F367C8FA5986-LeaderElection379] INFO  impl.RoleInfo (RoleInfo.java:updateAndGet(143)) - 9dbd5372-55c2-4532-b354-9494d3d545d2: start FollowerState
2019-10-30 11:52:58,855 [Thread-2952] INFO  impl.FollowerState (FollowerState.java:run(108)) - f26e10ed-fb17-49e6-a903-eadc130d13d1@group-83984122B78E-FollowerState: change to CANDIDATE, lastRpcTime:97ms, electionTimeout:97ms
2019-10-30 11:52:58,855 [Thread-2952] INFO  impl.RoleInfo (RoleInfo.java:shutdownFollowerState(121)) - f26e10ed-fb17-49e6-a903-eadc130d13d1: shutdown FollowerState
2019-10-30 11:52:58,855 [Thread-2952] INFO  impl.RaftServerImpl (RaftServerImpl.java:setRole(184)) - f26e10ed-fb17-49e6-a903-eadc130d13d1@group-83984122B78E: changes role from  FOLLOWER to CANDIDATE at term 209 for changeToCandidate
2019-10-30 11:52:58,855 [Thread-2952] INFO  impl.RoleInfo (RoleInfo.java:updateAndGet(143)) - f26e10ed-fb17-49e6-a903-eadc130d13d1: start LeaderElection
2019-10-30 11:52:58,871 [f26e10ed-fb17-49e6-a903-eadc130d13d1@group-83984122B78E-LeaderElection380] INFO  impl.LeaderElection (LeaderElection.java:askForVotes(178)) - f26e10ed-fb17-49e6-a903-eadc130d13d1@group-83984122B78E-LeaderElection380: begin an election at term 210 for -1: [4f16e274-8663-4a15-9c4c-c81f650ab979:192.168.157.220:38181, 4cc44201-a597-43af-a4ec-5b1b407a6250:192.168.157.220:36685, f26e10ed-fb17-49e6-a903-eadc130d13d1:192.168.157.220:32806], old=null
2019-10-30 11:52:58,872 [f26e10ed-fb17-49e6-a903-eadc130d13d1@group-83984122B78E-LeaderElection380] INFO  impl.LeaderElection (LogUtils.java:infoOrTrace(149)) - f26e10ed-fb17-49e6-a903-eadc130d13d1@group-83984122B78E-LeaderElection380 got exception when requesting votes: {}
java.util.concurrent.ExecutionException: org.apache.ratis.thirdparty.io.grpc.StatusRuntimeException: UNAVAILABLE: io exception
	at java.util.concurrent.FutureTask.report(FutureTask.java:122)
	at java.util.concurrent.FutureTask.get(FutureTask.java:192)
	at org.apache.ratis.server.impl.LeaderElection.waitForResults(LeaderElection.java:259)
	at org.apache.ratis.server.impl.LeaderElection.askForVotes(LeaderElection.java:197)
	at org.apache.ratis.server.impl.LeaderElection.run(LeaderElection.java:133)
	at java.lang.Thread.run(Thread.java:748)
Caused by: org.apache.ratis.thirdparty.io.grpc.StatusRuntimeException: UNAVAILABLE: io exception
	at org.apache.ratis.thirdparty.io.grpc.stub.ClientCalls.toStatusRuntimeException(ClientCalls.java:233)
	at org.apache.ratis.thirdparty.io.grpc.stub.ClientCalls.getUnchecked(ClientCalls.java:214)
	at org.apache.ratis.thirdparty.io.grpc.stub.ClientCalls.blockingUnaryCall(ClientCalls.java:139)
	at org.apache.ratis.proto.grpc.RaftServerProtocolServiceGrpc$RaftServerProtocolServiceBlockingStub.requestVote(RaftServerProtocolServiceGrpc.java:265)
	at org.apache.ratis.grpc.server.GrpcServerProtocolClient.requestVote(GrpcServerProtocolClient.java:99)
	at org.apache.ratis.grpc.server.GrpcService.requestVote(GrpcService.java:204)
	at org.apache.ratis.server.impl.LeaderElection.lambda$submitRequests$1(LeaderElection.java:234)
	at java.util.concurrent.FutureTask.run(FutureTask.java:266)
	at java.util.concurrent.Executors$RunnableAdapter.call(Executors.java:511)
	at java.util.concurrent.FutureTask.run(FutureTask.java:266)
	at java.util.concurrent.ThreadPoolExecutor.runWorker(ThreadPoolExecutor.java:1149)
	at java.util.concurrent.ThreadPoolExecutor$Worker.run(ThreadPoolExecutor.java:624)
	... 1 more
Caused by: org.apache.ratis.thirdparty.io.netty.channel.AbstractChannel$AnnotatedConnectException: Connection refused: /192.168.157.220:38181
	at sun.nio.ch.SocketChannelImpl.checkConnect(Native Method)
	at sun.nio.ch.SocketChannelImpl.finishConnect(SocketChannelImpl.java:717)
	at org.apache.ratis.thirdparty.io.netty.channel.socket.nio.NioSocketChannel.doFinishConnect(NioSocketChannel.java:327)
	at org.apache.ratis.thirdparty.io.netty.channel.nio.AbstractNioChannel$AbstractNioUnsafe.finishConnect(AbstractNioChannel.java:340)
	at org.apache.ratis.thirdparty.io.netty.channel.nio.NioEventLoop.processSelectedKey(NioEventLoop.java:632)
	at org.apache.ratis.thirdparty.io.netty.channel.nio.NioEventLoop.processSelectedKeysOptimized(NioEventLoop.java:579)
	at org.apache.ratis.thirdparty.io.netty.channel.nio.NioEventLoop.processSelectedKeys(NioEventLoop.java:496)
	at org.apache.ratis.thirdparty.io.netty.channel.nio.NioEventLoop.run(NioEventLoop.java:458)
	at org.apache.ratis.thirdparty.io.netty.util.concurrent.SingleThreadEventExecutor$5.run(SingleThreadEventExecutor.java:897)
	at org.apache.ratis.thirdparty.io.netty.util.concurrent.FastThreadLocalRunnable.run(FastThreadLocalRunnable.java:30)
	... 1 more
Caused by: java.net.ConnectException: Connection refused
	... 11 more
2019-10-30 11:52:58,876 [grpc-default-executor-8] INFO  impl.RaftServerImpl (RaftServerImpl.java:setRole(184)) - 4cc44201-a597-43af-a4ec-5b1b407a6250@group-83984122B78E: changes role from  FOLLOWER to FOLLOWER at term 210 for recognizeCandidate:f26e10ed-fb17-49e6-a903-eadc130d13d1
2019-10-30 11:52:58,876 [grpc-default-executor-8] INFO  impl.RoleInfo (RoleInfo.java:shutdownFollowerState(121)) - 4cc44201-a597-43af-a4ec-5b1b407a6250: shutdown FollowerState
2019-10-30 11:52:58,876 [grpc-default-executor-8] INFO  impl.RoleInfo (RoleInfo.java:updateAndGet(143)) - 4cc44201-a597-43af-a4ec-5b1b407a6250: start FollowerState
2019-10-30 11:52:58,876 [Thread-2947] INFO  impl.FollowerState (FollowerState.java:run(117)) - 4cc44201-a597-43af-a4ec-5b1b407a6250@group-83984122B78E-FollowerState was interrupted: java.lang.InterruptedException: sleep interrupted
2019-10-30 11:52:58,892 [f26e10ed-fb17-49e6-a903-eadc130d13d1@group-83984122B78E-LeaderElection380] INFO  impl.LeaderElection (LeaderElection.java:logAndReturn(56)) - f26e10ed-fb17-49e6-a903-eadc130d13d1@group-83984122B78E-LeaderElection380: Election REJECTED; received 1 response(s) [f26e10ed-fb17-49e6-a903-eadc130d13d1<-4cc44201-a597-43af-a4ec-5b1b407a6250#0:FAIL-t210] and 1 exception(s); f26e10ed-fb17-49e6-a903-eadc130d13d1@group-83984122B78E:t210, leader=null, voted=f26e10ed-fb17-49e6-a903-eadc130d13d1, raftlog=f26e10ed-fb17-49e6-a903-eadc130d13d1@group-83984122B78E-SegmentedRaftLog:OPENED:c-1,f-1,i0, conf=-1: [4f16e274-8663-4a15-9c4c-c81f650ab979:192.168.157.220:38181, 4cc44201-a597-43af-a4ec-5b1b407a6250:192.168.157.220:36685, f26e10ed-fb17-49e6-a903-eadc130d13d1:192.168.157.220:32806], old=null
2019-10-30 11:52:58,892 [f26e10ed-fb17-49e6-a903-eadc130d13d1@group-83984122B78E-LeaderElection380] INFO  impl.LeaderElection (LogUtils.java:infoOrTrace(149)) -   Exception 0: {}
java.util.concurrent.ExecutionException: org.apache.ratis.thirdparty.io.grpc.StatusRuntimeException: UNAVAILABLE: io exception
	at java.util.concurrent.FutureTask.report(FutureTask.java:122)
	at java.util.concurrent.FutureTask.get(FutureTask.java:192)
	at org.apache.ratis.server.impl.LeaderElection.waitForResults(LeaderElection.java:259)
	at org.apache.ratis.server.impl.LeaderElection.askForVotes(LeaderElection.java:197)
	at org.apache.ratis.server.impl.LeaderElection.run(LeaderElection.java:133)
	at java.lang.Thread.run(Thread.java:748)
Caused by: org.apache.ratis.thirdparty.io.grpc.StatusRuntimeException: UNAVAILABLE: io exception
	at org.apache.ratis.thirdparty.io.grpc.stub.ClientCalls.toStatusRuntimeException(ClientCalls.java:233)
	at org.apache.ratis.thirdparty.io.grpc.stub.ClientCalls.getUnchecked(ClientCalls.java:214)
	at org.apache.ratis.thirdparty.io.grpc.stub.ClientCalls.blockingUnaryCall(ClientCalls.java:139)
	at org.apache.ratis.proto.grpc.RaftServerProtocolServiceGrpc$RaftServerProtocolServiceBlockingStub.requestVote(RaftServerProtocolServiceGrpc.java:265)
	at org.apache.ratis.grpc.server.GrpcServerProtocolClient.requestVote(GrpcServerProtocolClient.java:99)
	at org.apache.ratis.grpc.server.GrpcService.requestVote(GrpcService.java:204)
	at org.apache.ratis.server.impl.LeaderElection.lambda$submitRequests$1(LeaderElection.java:234)
	at java.util.concurrent.FutureTask.run(FutureTask.java:266)
	at java.util.concurrent.Executors$RunnableAdapter.call(Executors.java:511)
	at java.util.concurrent.FutureTask.run(FutureTask.java:266)
	at java.util.concurrent.ThreadPoolExecutor.runWorker(ThreadPoolExecutor.java:1149)
	at java.util.concurrent.ThreadPoolExecutor$Worker.run(ThreadPoolExecutor.java:624)
	... 1 more
Caused by: org.apache.ratis.thirdparty.io.netty.channel.AbstractChannel$AnnotatedConnectException: Connection refused: /192.168.157.220:38181
	at sun.nio.ch.SocketChannelImpl.checkConnect(Native Method)
	at sun.nio.ch.SocketChannelImpl.finishConnect(SocketChannelImpl.java:717)
	at org.apache.ratis.thirdparty.io.netty.channel.socket.nio.NioSocketChannel.doFinishConnect(NioSocketChannel.java:327)
	at org.apache.ratis.thirdparty.io.netty.channel.nio.AbstractNioChannel$AbstractNioUnsafe.finishConnect(AbstractNioChannel.java:340)
	at org.apache.ratis.thirdparty.io.netty.channel.nio.NioEventLoop.processSelectedKey(NioEventLoop.java:632)
	at org.apache.ratis.thirdparty.io.netty.channel.nio.NioEventLoop.processSelectedKeysOptimized(NioEventLoop.java:579)
	at org.apache.ratis.thirdparty.io.netty.channel.nio.NioEventLoop.processSelectedKeys(NioEventLoop.java:496)
	at org.apache.ratis.thirdparty.io.netty.channel.nio.NioEventLoop.run(NioEventLoop.java:458)
	at org.apache.ratis.thirdparty.io.netty.util.concurrent.SingleThreadEventExecutor$5.run(SingleThreadEventExecutor.java:897)
	at org.apache.ratis.thirdparty.io.netty.util.concurrent.FastThreadLocalRunnable.run(FastThreadLocalRunnable.java:30)
	... 1 more
Caused by: java.net.ConnectException: Connection refused
	... 11 more
2019-10-30 11:52:58,892 [f26e10ed-fb17-49e6-a903-eadc130d13d1@group-83984122B78E-LeaderElection380] INFO  impl.RaftServerImpl (RaftServerImpl.java:setRole(184)) - f26e10ed-fb17-49e6-a903-eadc130d13d1@group-83984122B78E: changes role from CANDIDATE to FOLLOWER at term 210 for DISCOVERED_A_NEW_TERM
2019-10-30 11:52:58,892 [f26e10ed-fb17-49e6-a903-eadc130d13d1@group-83984122B78E-LeaderElection380] INFO  impl.RoleInfo (RoleInfo.java:shutdownLeaderElection(134)) - f26e10ed-fb17-49e6-a903-eadc130d13d1: shutdown LeaderElection
2019-10-30 11:52:58,893 [f26e10ed-fb17-49e6-a903-eadc130d13d1@group-83984122B78E-LeaderElection380] INFO  impl.RoleInfo (RoleInfo.java:updateAndGet(143)) - f26e10ed-fb17-49e6-a903-eadc130d13d1: start FollowerState
2019-10-30 11:52:58,903 [Thread-2958] INFO  impl.FollowerState (FollowerState.java:run(108)) - 9dbd5372-55c2-4532-b354-9494d3d545d2@group-F367C8FA5986-FollowerState: change to CANDIDATE, lastRpcTime:60ms, electionTimeout:60ms
2019-10-30 11:52:58,903 [Thread-2958] INFO  impl.RoleInfo (RoleInfo.java:shutdownFollowerState(121)) - 9dbd5372-55c2-4532-b354-9494d3d545d2: shutdown FollowerState
2019-10-30 11:52:58,903 [Thread-2958] INFO  impl.RaftServerImpl (RaftServerImpl.java:setRole(184)) - 9dbd5372-55c2-4532-b354-9494d3d545d2@group-F367C8FA5986: changes role from  FOLLOWER to CANDIDATE at term 197 for changeToCandidate
2019-10-30 11:52:58,903 [Thread-2958] INFO  impl.RoleInfo (RoleInfo.java:updateAndGet(143)) - 9dbd5372-55c2-4532-b354-9494d3d545d2: start LeaderElection
2019-10-30 11:52:58,907 [9dbd5372-55c2-4532-b354-9494d3d545d2@group-F367C8FA5986-LeaderElection381] INFO  impl.LeaderElection (LeaderElection.java:askForVotes(178)) - 9dbd5372-55c2-4532-b354-9494d3d545d2@group-F367C8FA5986-LeaderElection381: begin an election at term 198 for -1: [9b3ef6c9-0245-4756-bf80-45d41f7a4453:192.168.157.220:37058, cd11b2f5-3187-4d03-bd60-931991550c17:192.168.157.220:43236, 9dbd5372-55c2-4532-b354-9494d3d545d2:192.168.157.220:42993], old=null
2019-10-30 11:52:58,907 [9dbd5372-55c2-4532-b354-9494d3d545d2@group-F367C8FA5986-LeaderElection381] INFO  impl.LeaderElection (LogUtils.java:infoOrTrace(149)) - 9dbd5372-55c2-4532-b354-9494d3d545d2@group-F367C8FA5986-LeaderElection381 got exception when requesting votes: {}
java.util.concurrent.ExecutionException: org.apache.ratis.thirdparty.io.grpc.StatusRuntimeException: UNAVAILABLE: io exception
	at java.util.concurrent.FutureTask.report(FutureTask.java:122)
	at java.util.concurrent.FutureTask.get(FutureTask.java:192)
	at org.apache.ratis.server.impl.LeaderElection.waitForResults(LeaderElection.java:259)
	at org.apache.ratis.server.impl.LeaderElection.askForVotes(LeaderElection.java:197)
	at org.apache.ratis.server.impl.LeaderElection.run(LeaderElection.java:133)
	at java.lang.Thread.run(Thread.java:748)
Caused by: org.apache.ratis.thirdparty.io.grpc.StatusRuntimeException: UNAVAILABLE: io exception
	at org.apache.ratis.thirdparty.io.grpc.stub.ClientCalls.toStatusRuntimeException(ClientCalls.java:233)
	at org.apache.ratis.thirdparty.io.grpc.stub.ClientCalls.getUnchecked(ClientCalls.java:214)
	at org.apache.ratis.thirdparty.io.grpc.stub.ClientCalls.blockingUnaryCall(ClientCalls.java:139)
	at org.apache.ratis.proto.grpc.RaftServerProtocolServiceGrpc$RaftServerProtocolServiceBlockingStub.requestVote(RaftServerProtocolServiceGrpc.java:265)
	at org.apache.ratis.grpc.server.GrpcServerProtocolClient.requestVote(GrpcServerProtocolClient.java:99)
	at org.apache.ratis.grpc.server.GrpcService.requestVote(GrpcService.java:204)
	at org.apache.ratis.server.impl.LeaderElection.lambda$submitRequests$1(LeaderElection.java:234)
	at java.util.concurrent.FutureTask.run(FutureTask.java:266)
	at java.util.concurrent.Executors$RunnableAdapter.call(Executors.java:511)
	at java.util.concurrent.FutureTask.run(FutureTask.java:266)
	at java.util.concurrent.ThreadPoolExecutor.runWorker(ThreadPoolExecutor.java:1149)
	at java.util.concurrent.ThreadPoolExecutor$Worker.run(ThreadPoolExecutor.java:624)
	... 1 more
Caused by: org.apache.ratis.thirdparty.io.netty.channel.AbstractChannel$AnnotatedConnectException: Connection refused: /192.168.157.220:43236
	at sun.nio.ch.SocketChannelImpl.checkConnect(Native Method)
	at sun.nio.ch.SocketChannelImpl.finishConnect(SocketChannelImpl.java:717)
	at org.apache.ratis.thirdparty.io.netty.channel.socket.nio.NioSocketChannel.doFinishConnect(NioSocketChannel.java:327)
	at org.apache.ratis.thirdparty.io.netty.channel.nio.AbstractNioChannel$AbstractNioUnsafe.finishConnect(AbstractNioChannel.java:340)
	at org.apache.ratis.thirdparty.io.netty.channel.nio.NioEventLoop.processSelectedKey(NioEventLoop.java:632)
	at org.apache.ratis.thirdparty.io.netty.channel.nio.NioEventLoop.processSelectedKeysOptimized(NioEventLoop.java:579)
	at org.apache.ratis.thirdparty.io.netty.channel.nio.NioEventLoop.processSelectedKeys(NioEventLoop.java:496)
	at org.apache.ratis.thirdparty.io.netty.channel.nio.NioEventLoop.run(NioEventLoop.java:458)
	at org.apache.ratis.thirdparty.io.netty.util.concurrent.SingleThreadEventExecutor$5.run(SingleThreadEventExecutor.java:897)
	at org.apache.ratis.thirdparty.io.netty.util.concurrent.FastThreadLocalRunnable.run(FastThreadLocalRunnable.java:30)
	... 1 more
Caused by: java.net.ConnectException: Connection refused
	... 11 more
2019-10-30 11:52:58,910 [grpc-default-executor-8] INFO  impl.RaftServerImpl (RaftServerImpl.java:setRole(184)) - 9b3ef6c9-0245-4756-bf80-45d41f7a4453@group-F367C8FA5986: changes role from  FOLLOWER to FOLLOWER at term 198 for recognizeCandidate:9dbd5372-55c2-4532-b354-9494d3d545d2
2019-10-30 11:52:58,911 [grpc-default-executor-8] INFO  impl.RoleInfo (RoleInfo.java:shutdownFollowerState(121)) - 9b3ef6c9-0245-4756-bf80-45d41f7a4453: shutdown FollowerState
2019-10-30 11:52:58,911 [grpc-default-executor-8] INFO  impl.RoleInfo (RoleInfo.java:updateAndGet(143)) - 9b3ef6c9-0245-4756-bf80-45d41f7a4453: start FollowerState
2019-10-30 11:52:58,911 [Thread-2957] INFO  impl.FollowerState (FollowerState.java:run(117)) - 9b3ef6c9-0245-4756-bf80-45d41f7a4453@group-F367C8FA5986-FollowerState was interrupted: java.lang.InterruptedException: sleep interrupted
2019-10-30 11:52:58,923 [Thread-2963] INFO  impl.FollowerState (FollowerState.java:run(108)) - f26e10ed-fb17-49e6-a903-eadc130d13d1@group-83984122B78E-FollowerState: change to CANDIDATE, lastRpcTime:30ms, electionTimeout:30ms
2019-10-30 11:52:58,923 [Thread-2963] INFO  impl.RoleInfo (RoleInfo.java:shutdownFollowerState(121)) - f26e10ed-fb17-49e6-a903-eadc130d13d1: shutdown FollowerState
2019-10-30 11:52:58,923 [Thread-2963] INFO  impl.RaftServerImpl (RaftServerImpl.java:setRole(184)) - f26e10ed-fb17-49e6-a903-eadc130d13d1@group-83984122B78E: changes role from  FOLLOWER to CANDIDATE at term 210 for changeToCandidate
2019-10-30 11:52:58,923 [Thread-2963] INFO  impl.RoleInfo (RoleInfo.java:updateAndGet(143)) - f26e10ed-fb17-49e6-a903-eadc130d13d1: start LeaderElection
2019-10-30 11:52:58,943 [f26e10ed-fb17-49e6-a903-eadc130d13d1@group-83984122B78E-LeaderElection382] INFO  impl.LeaderElection (LeaderElection.java:askForVotes(178)) - f26e10ed-fb17-49e6-a903-eadc130d13d1@group-83984122B78E-LeaderElection382: begin an election at term 211 for -1: [4f16e274-8663-4a15-9c4c-c81f650ab979:192.168.157.220:38181, 4cc44201-a597-43af-a4ec-5b1b407a6250:192.168.157.220:36685, f26e10ed-fb17-49e6-a903-eadc130d13d1:192.168.157.220:32806], old=null
2019-10-30 11:52:58,943 [f26e10ed-fb17-49e6-a903-eadc130d13d1@group-83984122B78E-LeaderElection382] INFO  impl.LeaderElection (LogUtils.java:infoOrTrace(149)) - f26e10ed-fb17-49e6-a903-eadc130d13d1@group-83984122B78E-LeaderElection382 got exception when requesting votes: {}
java.util.concurrent.ExecutionException: org.apache.ratis.thirdparty.io.grpc.StatusRuntimeException: UNAVAILABLE: io exception
	at java.util.concurrent.FutureTask.report(FutureTask.java:122)
	at java.util.concurrent.FutureTask.get(FutureTask.java:192)
	at org.apache.ratis.server.impl.LeaderElection.waitForResults(LeaderElection.java:259)
	at org.apache.ratis.server.impl.LeaderElection.askForVotes(LeaderElection.java:197)
	at org.apache.ratis.server.impl.LeaderElection.run(LeaderElection.java:133)
	at java.lang.Thread.run(Thread.java:748)
Caused by: org.apache.ratis.thirdparty.io.grpc.StatusRuntimeException: UNAVAILABLE: io exception
	at org.apache.ratis.thirdparty.io.grpc.stub.ClientCalls.toStatusRuntimeException(ClientCalls.java:233)
	at org.apache.ratis.thirdparty.io.grpc.stub.ClientCalls.getUnchecked(ClientCalls.java:214)
	at org.apache.ratis.thirdparty.io.grpc.stub.ClientCalls.blockingUnaryCall(ClientCalls.java:139)
	at org.apache.ratis.proto.grpc.RaftServerProtocolServiceGrpc$RaftServerProtocolServiceBlockingStub.requestVote(RaftServerProtocolServiceGrpc.java:265)
	at org.apache.ratis.grpc.server.GrpcServerProtocolClient.requestVote(GrpcServerProtocolClient.java:99)
	at org.apache.ratis.grpc.server.GrpcService.requestVote(GrpcService.java:204)
	at org.apache.ratis.server.impl.LeaderElection.lambda$submitRequests$1(LeaderElection.java:234)
	at java.util.concurrent.FutureTask.run(FutureTask.java:266)
	at java.util.concurrent.Executors$RunnableAdapter.call(Executors.java:511)
	at java.util.concurrent.FutureTask.run(FutureTask.java:266)
	at java.util.concurrent.ThreadPoolExecutor.runWorker(ThreadPoolExecutor.java:1149)
	at java.util.concurrent.ThreadPoolExecutor$Worker.run(ThreadPoolExecutor.java:624)
	... 1 more
Caused by: org.apache.ratis.thirdparty.io.netty.channel.AbstractChannel$AnnotatedConnectException: Connection refused: /192.168.157.220:38181
	at sun.nio.ch.SocketChannelImpl.checkConnect(Native Method)
	at sun.nio.ch.SocketChannelImpl.finishConnect(SocketChannelImpl.java:717)
	at org.apache.ratis.thirdparty.io.netty.channel.socket.nio.NioSocketChannel.doFinishConnect(NioSocketChannel.java:327)
	at org.apache.ratis.thirdparty.io.netty.channel.nio.AbstractNioChannel$AbstractNioUnsafe.finishConnect(AbstractNioChannel.java:340)
	at org.apache.ratis.thirdparty.io.netty.channel.nio.NioEventLoop.processSelectedKey(NioEventLoop.java:632)
	at org.apache.ratis.thirdparty.io.netty.channel.nio.NioEventLoop.processSelectedKeysOptimized(NioEventLoop.java:579)
	at org.apache.ratis.thirdparty.io.netty.channel.nio.NioEventLoop.processSelectedKeys(NioEventLoop.java:496)
	at org.apache.ratis.thirdparty.io.netty.channel.nio.NioEventLoop.run(NioEventLoop.java:458)
	at org.apache.ratis.thirdparty.io.netty.util.concurrent.SingleThreadEventExecutor$5.run(SingleThreadEventExecutor.java:897)
	at org.apache.ratis.thirdparty.io.netty.util.concurrent.FastThreadLocalRunnable.run(FastThreadLocalRunnable.java:30)
	... 1 more
Caused by: java.net.ConnectException: Connection refused
	... 11 more
2019-10-30 11:52:58,950 [9dbd5372-55c2-4532-b354-9494d3d545d2@group-F367C8FA5986-LeaderElection381] INFO  impl.LeaderElection (LeaderElection.java:logAndReturn(56)) - 9dbd5372-55c2-4532-b354-9494d3d545d2@group-F367C8FA5986-LeaderElection381: Election REJECTED; received 1 response(s) [9dbd5372-55c2-4532-b354-9494d3d545d2<-9b3ef6c9-0245-4756-bf80-45d41f7a4453#0:FAIL-t198] and 1 exception(s); 9dbd5372-55c2-4532-b354-9494d3d545d2@group-F367C8FA5986:t198, leader=null, voted=9dbd5372-55c2-4532-b354-9494d3d545d2, raftlog=9dbd5372-55c2-4532-b354-9494d3d545d2@group-F367C8FA5986-SegmentedRaftLog:OPENED:c-1,f-1,i0, conf=-1: [9b3ef6c9-0245-4756-bf80-45d41f7a4453:192.168.157.220:37058, cd11b2f5-3187-4d03-bd60-931991550c17:192.168.157.220:43236, 9dbd5372-55c2-4532-b354-9494d3d545d2:192.168.157.220:42993], old=null
2019-10-30 11:52:58,950 [9dbd5372-55c2-4532-b354-9494d3d545d2@group-F367C8FA5986-LeaderElection381] INFO  impl.LeaderElection (LogUtils.java:infoOrTrace(149)) -   Exception 0: {}
java.util.concurrent.ExecutionException: org.apache.ratis.thirdparty.io.grpc.StatusRuntimeException: UNAVAILABLE: io exception
	at java.util.concurrent.FutureTask.report(FutureTask.java:122)
	at java.util.concurrent.FutureTask.get(FutureTask.java:192)
	at org.apache.ratis.server.impl.LeaderElection.waitForResults(LeaderElection.java:259)
	at org.apache.ratis.server.impl.LeaderElection.askForVotes(LeaderElection.java:197)
	at org.apache.ratis.server.impl.LeaderElection.run(LeaderElection.java:133)
	at java.lang.Thread.run(Thread.java:748)
Caused by: org.apache.ratis.thirdparty.io.grpc.StatusRuntimeException: UNAVAILABLE: io exception
	at org.apache.ratis.thirdparty.io.grpc.stub.ClientCalls.toStatusRuntimeException(ClientCalls.java:233)
	at org.apache.ratis.thirdparty.io.grpc.stub.ClientCalls.getUnchecked(ClientCalls.java:214)
	at org.apache.ratis.thirdparty.io.grpc.stub.ClientCalls.blockingUnaryCall(ClientCalls.java:139)
	at org.apache.ratis.proto.grpc.RaftServerProtocolServiceGrpc$RaftServerProtocolServiceBlockingStub.requestVote(RaftServerProtocolServiceGrpc.java:265)
	at org.apache.ratis.grpc.server.GrpcServerProtocolClient.requestVote(GrpcServerProtocolClient.java:99)
	at org.apache.ratis.grpc.server.GrpcService.requestVote(GrpcService.java:204)
	at org.apache.ratis.server.impl.LeaderElection.lambda$submitRequests$1(LeaderElection.java:234)
	at java.util.concurrent.FutureTask.run(FutureTask.java:266)
	at java.util.concurrent.Executors$RunnableAdapter.call(Executors.java:511)
	at java.util.concurrent.FutureTask.run(FutureTask.java:266)
	at java.util.concurrent.ThreadPoolExecutor.runWorker(ThreadPoolExecutor.java:1149)
	at java.util.concurrent.ThreadPoolExecutor$Worker.run(ThreadPoolExecutor.java:624)
	... 1 more
Caused by: org.apache.ratis.thirdparty.io.netty.channel.AbstractChannel$AnnotatedConnectException: Connection refused: /192.168.157.220:43236
	at sun.nio.ch.SocketChannelImpl.checkConnect(Native Method)
	at sun.nio.ch.SocketChannelImpl.finishConnect(SocketChannelImpl.java:717)
	at org.apache.ratis.thirdparty.io.netty.channel.socket.nio.NioSocketChannel.doFinishConnect(NioSocketChannel.java:327)
	at org.apache.ratis.thirdparty.io.netty.channel.nio.AbstractNioChannel$AbstractNioUnsafe.finishConnect(AbstractNioChannel.java:340)
	at org.apache.ratis.thirdparty.io.netty.channel.nio.NioEventLoop.processSelectedKey(NioEventLoop.java:632)
	at org.apache.ratis.thirdparty.io.netty.channel.nio.NioEventLoop.processSelectedKeysOptimized(NioEventLoop.java:579)
	at org.apache.ratis.thirdparty.io.netty.channel.nio.NioEventLoop.processSelectedKeys(NioEventLoop.java:496)
	at org.apache.ratis.thirdparty.io.netty.channel.nio.NioEventLoop.run(NioEventLoop.java:458)
	at org.apache.ratis.thirdparty.io.netty.util.concurrent.SingleThreadEventExecutor$5.run(SingleThreadEventExecutor.java:897)
	at org.apache.ratis.thirdparty.io.netty.util.concurrent.FastThreadLocalRunnable.run(FastThreadLocalRunnable.java:30)
	... 1 more
Caused by: java.net.ConnectException: Connection refused
	... 11 more
2019-10-30 11:52:58,951 [9dbd5372-55c2-4532-b354-9494d3d545d2@group-F367C8FA5986-LeaderElection381] INFO  impl.RaftServerImpl (RaftServerImpl.java:setRole(184)) - 9dbd5372-55c2-4532-b354-9494d3d545d2@group-F367C8FA5986: changes role from CANDIDATE to FOLLOWER at term 198 for DISCOVERED_A_NEW_TERM
2019-10-30 11:52:58,951 [9dbd5372-55c2-4532-b354-9494d3d545d2@group-F367C8FA5986-LeaderElection381] INFO  impl.RoleInfo (RoleInfo.java:shutdownLeaderElection(134)) - 9dbd5372-55c2-4532-b354-9494d3d545d2: shutdown LeaderElection
2019-10-30 11:52:58,951 [grpc-default-executor-8] INFO  impl.RaftServerImpl (RaftServerImpl.java:setRole(184)) - 4cc44201-a597-43af-a4ec-5b1b407a6250@group-83984122B78E: changes role from  FOLLOWER to FOLLOWER at term 211 for recognizeCandidate:f26e10ed-fb17-49e6-a903-eadc130d13d1
2019-10-30 11:52:58,951 [grpc-default-executor-8] INFO  impl.RoleInfo (RoleInfo.java:shutdownFollowerState(121)) - 4cc44201-a597-43af-a4ec-5b1b407a6250: shutdown FollowerState
2019-10-30 11:52:58,951 [9dbd5372-55c2-4532-b354-9494d3d545d2@group-F367C8FA5986-LeaderElection381] INFO  impl.RoleInfo (RoleInfo.java:updateAndGet(143)) - 9dbd5372-55c2-4532-b354-9494d3d545d2: start FollowerState
2019-10-30 11:52:58,951 [Thread-2962] INFO  impl.FollowerState (FollowerState.java:run(117)) - 4cc44201-a597-43af-a4ec-5b1b407a6250@group-83984122B78E-FollowerState was interrupted: java.lang.InterruptedException: sleep interrupted
2019-10-30 11:52:58,951 [grpc-default-executor-8] INFO  impl.RoleInfo (RoleInfo.java:updateAndGet(143)) - 4cc44201-a597-43af-a4ec-5b1b407a6250: start FollowerState
2019-10-30 11:52:58,962 [f26e10ed-fb17-49e6-a903-eadc130d13d1@group-83984122B78E-LeaderElection382] INFO  impl.LeaderElection (LeaderElection.java:logAndReturn(56)) - f26e10ed-fb17-49e6-a903-eadc130d13d1@group-83984122B78E-LeaderElection382: Election REJECTED; received 1 response(s) [f26e10ed-fb17-49e6-a903-eadc130d13d1<-4cc44201-a597-43af-a4ec-5b1b407a6250#0:FAIL-t211] and 1 exception(s); f26e10ed-fb17-49e6-a903-eadc130d13d1@group-83984122B78E:t211, leader=null, voted=f26e10ed-fb17-49e6-a903-eadc130d13d1, raftlog=f26e10ed-fb17-49e6-a903-eadc130d13d1@group-83984122B78E-SegmentedRaftLog:OPENED:c-1,f-1,i0, conf=-1: [4f16e274-8663-4a15-9c4c-c81f650ab979:192.168.157.220:38181, 4cc44201-a597-43af-a4ec-5b1b407a6250:192.168.157.220:36685, f26e10ed-fb17-49e6-a903-eadc130d13d1:192.168.157.220:32806], old=null
2019-10-30 11:52:58,962 [f26e10ed-fb17-49e6-a903-eadc130d13d1@group-83984122B78E-LeaderElection382] INFO  impl.LeaderElection (LogUtils.java:infoOrTrace(149)) -   Exception 0: {}
java.util.concurrent.ExecutionException: org.apache.ratis.thirdparty.io.grpc.StatusRuntimeException: UNAVAILABLE: io exception
	at java.util.concurrent.FutureTask.report(FutureTask.java:122)
	at java.util.concurrent.FutureTask.get(FutureTask.java:192)
	at org.apache.ratis.server.impl.LeaderElection.waitForResults(LeaderElection.java:259)
	at org.apache.ratis.server.impl.LeaderElection.askForVotes(LeaderElection.java:197)
	at org.apache.ratis.server.impl.LeaderElection.run(LeaderElection.java:133)
	at java.lang.Thread.run(Thread.java:748)
Caused by: org.apache.ratis.thirdparty.io.grpc.StatusRuntimeException: UNAVAILABLE: io exception
	at org.apache.ratis.thirdparty.io.grpc.stub.ClientCalls.toStatusRuntimeException(ClientCalls.java:233)
	at org.apache.ratis.thirdparty.io.grpc.stub.ClientCalls.getUnchecked(ClientCalls.java:214)
	at org.apache.ratis.thirdparty.io.grpc.stub.ClientCalls.blockingUnaryCall(ClientCalls.java:139)
	at org.apache.ratis.proto.grpc.RaftServerProtocolServiceGrpc$RaftServerProtocolServiceBlockingStub.requestVote(RaftServerProtocolServiceGrpc.java:265)
	at org.apache.ratis.grpc.server.GrpcServerProtocolClient.requestVote(GrpcServerProtocolClient.java:99)
	at org.apache.ratis.grpc.server.GrpcService.requestVote(GrpcService.java:204)
	at org.apache.ratis.server.impl.LeaderElection.lambda$submitRequests$1(LeaderElection.java:234)
	at java.util.concurrent.FutureTask.run(FutureTask.java:266)
	at java.util.concurrent.Executors$RunnableAdapter.call(Executors.java:511)
	at java.util.concurrent.FutureTask.run(FutureTask.java:266)
	at java.util.concurrent.ThreadPoolExecutor.runWorker(ThreadPoolExecutor.java:1149)
	at java.util.concurrent.ThreadPoolExecutor$Worker.run(ThreadPoolExecutor.java:624)
	... 1 more
Caused by: org.apache.ratis.thirdparty.io.netty.channel.AbstractChannel$AnnotatedConnectException: Connection refused: /192.168.157.220:38181
	at sun.nio.ch.SocketChannelImpl.checkConnect(Native Method)
	at sun.nio.ch.SocketChannelImpl.finishConnect(SocketChannelImpl.java:717)
	at org.apache.ratis.thirdparty.io.netty.channel.socket.nio.NioSocketChannel.doFinishConnect(NioSocketChannel.java:327)
	at org.apache.ratis.thirdparty.io.netty.channel.nio.AbstractNioChannel$AbstractNioUnsafe.finishConnect(AbstractNioChannel.java:340)
	at org.apache.ratis.thirdparty.io.netty.channel.nio.NioEventLoop.processSelectedKey(NioEventLoop.java:632)
	at org.apache.ratis.thirdparty.io.netty.channel.nio.NioEventLoop.processSelectedKeysOptimized(NioEventLoop.java:579)
	at org.apache.ratis.thirdparty.io.netty.channel.nio.NioEventLoop.processSelectedKeys(NioEventLoop.java:496)
	at org.apache.ratis.thirdparty.io.netty.channel.nio.NioEventLoop.run(NioEventLoop.java:458)
	at org.apache.ratis.thirdparty.io.netty.util.concurrent.SingleThreadEventExecutor$5.run(SingleThreadEventExecutor.java:897)
	at org.apache.ratis.thirdparty.io.netty.util.concurrent.FastThreadLocalRunnable.run(FastThreadLocalRunnable.java:30)
	... 1 more
Caused by: java.net.ConnectException: Connection refused
	... 11 more
2019-10-30 11:52:58,963 [f26e10ed-fb17-49e6-a903-eadc130d13d1@group-83984122B78E-LeaderElection382] INFO  impl.RaftServerImpl (RaftServerImpl.java:setRole(184)) - f26e10ed-fb17-49e6-a903-eadc130d13d1@group-83984122B78E: changes role from CANDIDATE to FOLLOWER at term 211 for DISCOVERED_A_NEW_TERM
2019-10-30 11:52:58,963 [f26e10ed-fb17-49e6-a903-eadc130d13d1@group-83984122B78E-LeaderElection382] INFO  impl.RoleInfo (RoleInfo.java:shutdownLeaderElection(134)) - f26e10ed-fb17-49e6-a903-eadc130d13d1: shutdown LeaderElection
2019-10-30 11:52:58,963 [f26e10ed-fb17-49e6-a903-eadc130d13d1@group-83984122B78E-LeaderElection382] INFO  impl.RoleInfo (RoleInfo.java:updateAndGet(143)) - f26e10ed-fb17-49e6-a903-eadc130d13d1: start FollowerState
2019-10-30 11:52:59,007 [Thread-2971] INFO  impl.FollowerState (FollowerState.java:run(108)) - 9dbd5372-55c2-4532-b354-9494d3d545d2@group-F367C8FA5986-FollowerState: change to CANDIDATE, lastRpcTime:55ms, electionTimeout:55ms
2019-10-30 11:52:59,007 [Thread-2971] INFO  impl.RoleInfo (RoleInfo.java:shutdownFollowerState(121)) - 9dbd5372-55c2-4532-b354-9494d3d545d2: shutdown FollowerState
2019-10-30 11:52:59,007 [Thread-2971] INFO  impl.RaftServerImpl (RaftServerImpl.java:setRole(184)) - 9dbd5372-55c2-4532-b354-9494d3d545d2@group-F367C8FA5986: changes role from  FOLLOWER to CANDIDATE at term 198 for changeToCandidate
2019-10-30 11:52:59,007 [Thread-2971] INFO  impl.RoleInfo (RoleInfo.java:updateAndGet(143)) - 9dbd5372-55c2-4532-b354-9494d3d545d2: start LeaderElection
2019-10-30 11:52:59,012 [9dbd5372-55c2-4532-b354-9494d3d545d2@group-F367C8FA5986-LeaderElection383] INFO  impl.LeaderElection (LeaderElection.java:askForVotes(178)) - 9dbd5372-55c2-4532-b354-9494d3d545d2@group-F367C8FA5986-LeaderElection383: begin an election at term 199 for -1: [9b3ef6c9-0245-4756-bf80-45d41f7a4453:192.168.157.220:37058, cd11b2f5-3187-4d03-bd60-931991550c17:192.168.157.220:43236, 9dbd5372-55c2-4532-b354-9494d3d545d2:192.168.157.220:42993], old=null
2019-10-30 11:52:59,013 [9dbd5372-55c2-4532-b354-9494d3d545d2@group-F367C8FA5986-LeaderElection383] INFO  impl.LeaderElection (LogUtils.java:infoOrTrace(149)) - 9dbd5372-55c2-4532-b354-9494d3d545d2@group-F367C8FA5986-LeaderElection383 got exception when requesting votes: {}
java.util.concurrent.ExecutionException: org.apache.ratis.thirdparty.io.grpc.StatusRuntimeException: UNAVAILABLE: io exception
	at java.util.concurrent.FutureTask.report(FutureTask.java:122)
	at java.util.concurrent.FutureTask.get(FutureTask.java:192)
	at org.apache.ratis.server.impl.LeaderElection.waitForResults(LeaderElection.java:259)
	at org.apache.ratis.server.impl.LeaderElection.askForVotes(LeaderElection.java:197)
	at org.apache.ratis.server.impl.LeaderElection.run(LeaderElection.java:133)
	at java.lang.Thread.run(Thread.java:748)
Caused by: org.apache.ratis.thirdparty.io.grpc.StatusRuntimeException: UNAVAILABLE: io exception
	at org.apache.ratis.thirdparty.io.grpc.stub.ClientCalls.toStatusRuntimeException(ClientCalls.java:233)
	at org.apache.ratis.thirdparty.io.grpc.stub.ClientCalls.getUnchecked(ClientCalls.java:214)
	at org.apache.ratis.thirdparty.io.grpc.stub.ClientCalls.blockingUnaryCall(ClientCalls.java:139)
	at org.apache.ratis.proto.grpc.RaftServerProtocolServiceGrpc$RaftServerProtocolServiceBlockingStub.requestVote(RaftServerProtocolServiceGrpc.java:265)
	at org.apache.ratis.grpc.server.GrpcServerProtocolClient.requestVote(GrpcServerProtocolClient.java:99)
	at org.apache.ratis.grpc.server.GrpcService.requestVote(GrpcService.java:204)
	at org.apache.ratis.server.impl.LeaderElection.lambda$submitRequests$1(LeaderElection.java:234)
	at java.util.concurrent.FutureTask.run(FutureTask.java:266)
	at java.util.concurrent.Executors$RunnableAdapter.call(Executors.java:511)
	at java.util.concurrent.FutureTask.run(FutureTask.java:266)
	at java.util.concurrent.ThreadPoolExecutor.runWorker(ThreadPoolExecutor.java:1149)
	at java.util.concurrent.ThreadPoolExecutor$Worker.run(ThreadPoolExecutor.java:624)
	... 1 more
Caused by: org.apache.ratis.thirdparty.io.netty.channel.AbstractChannel$AnnotatedConnectException: Connection refused: /192.168.157.220:43236
	at sun.nio.ch.SocketChannelImpl.checkConnect(Native Method)
	at sun.nio.ch.SocketChannelImpl.finishConnect(SocketChannelImpl.java:717)
	at org.apache.ratis.thirdparty.io.netty.channel.socket.nio.NioSocketChannel.doFinishConnect(NioSocketChannel.java:327)
	at org.apache.ratis.thirdparty.io.netty.channel.nio.AbstractNioChannel$AbstractNioUnsafe.finishConnect(AbstractNioChannel.java:340)
	at org.apache.ratis.thirdparty.io.netty.channel.nio.NioEventLoop.processSelectedKey(NioEventLoop.java:632)
	at org.apache.ratis.thirdparty.io.netty.channel.nio.NioEventLoop.processSelectedKeysOptimized(NioEventLoop.java:579)
	at org.apache.ratis.thirdparty.io.netty.channel.nio.NioEventLoop.processSelectedKeys(NioEventLoop.java:496)
	at org.apache.ratis.thirdparty.io.netty.channel.nio.NioEventLoop.run(NioEventLoop.java:458)
	at org.apache.ratis.thirdparty.io.netty.util.concurrent.SingleThreadEventExecutor$5.run(SingleThreadEventExecutor.java:897)
	at org.apache.ratis.thirdparty.io.netty.util.concurrent.FastThreadLocalRunnable.run(FastThreadLocalRunnable.java:30)
	... 1 more
Caused by: java.net.ConnectException: Connection refused
	... 11 more
2019-10-30 11:52:59,018 [grpc-default-executor-8] INFO  impl.RaftServerImpl (RaftServerImpl.java:setRole(184)) - 9b3ef6c9-0245-4756-bf80-45d41f7a4453@group-F367C8FA5986: changes role from  FOLLOWER to FOLLOWER at term 199 for recognizeCandidate:9dbd5372-55c2-4532-b354-9494d3d545d2
2019-10-30 11:52:59,018 [grpc-default-executor-8] INFO  impl.RoleInfo (RoleInfo.java:shutdownFollowerState(121)) - 9b3ef6c9-0245-4756-bf80-45d41f7a4453: shutdown FollowerState
2019-10-30 11:52:59,018 [grpc-default-executor-8] INFO  impl.RoleInfo (RoleInfo.java:updateAndGet(143)) - 9b3ef6c9-0245-4756-bf80-45d41f7a4453: start FollowerState
2019-10-30 11:52:59,018 [Thread-2967] INFO  impl.FollowerState (FollowerState.java:run(117)) - 9b3ef6c9-0245-4756-bf80-45d41f7a4453@group-F367C8FA5986-FollowerState was interrupted: java.lang.InterruptedException: sleep interrupted
2019-10-30 11:52:59,033 [Datanode State Machine Thread - 0] INFO  statemachine.DatanodeStateMachine (DatanodeStateMachine.java:lambda$startDaemon$0(350)) - Ozone container server started.
2019-10-30 11:52:59,049 [9dbd5372-55c2-4532-b354-9494d3d545d2@group-F367C8FA5986-LeaderElection383] INFO  impl.LeaderElection (LeaderElection.java:logAndReturn(56)) - 9dbd5372-55c2-4532-b354-9494d3d545d2@group-F367C8FA5986-LeaderElection383: Election REJECTED; received 1 response(s) [9dbd5372-55c2-4532-b354-9494d3d545d2<-9b3ef6c9-0245-4756-bf80-45d41f7a4453#0:FAIL-t199] and 1 exception(s); 9dbd5372-55c2-4532-b354-9494d3d545d2@group-F367C8FA5986:t199, leader=null, voted=9dbd5372-55c2-4532-b354-9494d3d545d2, raftlog=9dbd5372-55c2-4532-b354-9494d3d545d2@group-F367C8FA5986-SegmentedRaftLog:OPENED:c-1,f-1,i0, conf=-1: [9b3ef6c9-0245-4756-bf80-45d41f7a4453:192.168.157.220:37058, cd11b2f5-3187-4d03-bd60-931991550c17:192.168.157.220:43236, 9dbd5372-55c2-4532-b354-9494d3d545d2:192.168.157.220:42993], old=null
2019-10-30 11:52:59,049 [9dbd5372-55c2-4532-b354-9494d3d545d2@group-F367C8FA5986-LeaderElection383] INFO  impl.LeaderElection (LogUtils.java:infoOrTrace(149)) -   Exception 0: {}
java.util.concurrent.ExecutionException: org.apache.ratis.thirdparty.io.grpc.StatusRuntimeException: UNAVAILABLE: io exception
	at java.util.concurrent.FutureTask.report(FutureTask.java:122)
	at java.util.concurrent.FutureTask.get(FutureTask.java:192)
	at org.apache.ratis.server.impl.LeaderElection.waitForResults(LeaderElection.java:259)
	at org.apache.ratis.server.impl.LeaderElection.askForVotes(LeaderElection.java:197)
	at org.apache.ratis.server.impl.LeaderElection.run(LeaderElection.java:133)
	at java.lang.Thread.run(Thread.java:748)
Caused by: org.apache.ratis.thirdparty.io.grpc.StatusRuntimeException: UNAVAILABLE: io exception
	at org.apache.ratis.thirdparty.io.grpc.stub.ClientCalls.toStatusRuntimeException(ClientCalls.java:233)
	at org.apache.ratis.thirdparty.io.grpc.stub.ClientCalls.getUnchecked(ClientCalls.java:214)
	at org.apache.ratis.thirdparty.io.grpc.stub.ClientCalls.blockingUnaryCall(ClientCalls.java:139)
	at org.apache.ratis.proto.grpc.RaftServerProtocolServiceGrpc$RaftServerProtocolServiceBlockingStub.requestVote(RaftServerProtocolServiceGrpc.java:265)
	at org.apache.ratis.grpc.server.GrpcServerProtocolClient.requestVote(GrpcServerProtocolClient.java:99)
	at org.apache.ratis.grpc.server.GrpcService.requestVote(GrpcService.java:204)
	at org.apache.ratis.server.impl.LeaderElection.lambda$submitRequests$1(LeaderElection.java:234)
	at java.util.concurrent.FutureTask.run(FutureTask.java:266)
	at java.util.concurrent.Executors$RunnableAdapter.call(Executors.java:511)
	at java.util.concurrent.FutureTask.run(FutureTask.java:266)
	at java.util.concurrent.ThreadPoolExecutor.runWorker(ThreadPoolExecutor.java:1149)
	at java.util.concurrent.ThreadPoolExecutor$Worker.run(ThreadPoolExecutor.java:624)
	... 1 more
Caused by: org.apache.ratis.thirdparty.io.netty.channel.AbstractChannel$AnnotatedConnectException: Connection refused: /192.168.157.220:43236
	at sun.nio.ch.SocketChannelImpl.checkConnect(Native Method)
	at sun.nio.ch.SocketChannelImpl.finishConnect(SocketChannelImpl.java:717)
	at org.apache.ratis.thirdparty.io.netty.channel.socket.nio.NioSocketChannel.doFinishConnect(NioSocketChannel.java:327)
	at org.apache.ratis.thirdparty.io.netty.channel.nio.AbstractNioChannel$AbstractNioUnsafe.finishConnect(AbstractNioChannel.java:340)
	at org.apache.ratis.thirdparty.io.netty.channel.nio.NioEventLoop.processSelectedKey(NioEventLoop.java:632)
	at org.apache.ratis.thirdparty.io.netty.channel.nio.NioEventLoop.processSelectedKeysOptimized(NioEventLoop.java:579)
	at org.apache.ratis.thirdparty.io.netty.channel.nio.NioEventLoop.processSelectedKeys(NioEventLoop.java:496)
	at org.apache.ratis.thirdparty.io.netty.channel.nio.NioEventLoop.run(NioEventLoop.java:458)
	at org.apache.ratis.thirdparty.io.netty.util.concurrent.SingleThreadEventExecutor$5.run(SingleThreadEventExecutor.java:897)
	at org.apache.ratis.thirdparty.io.netty.util.concurrent.FastThreadLocalRunnable.run(FastThreadLocalRunnable.java:30)
	... 1 more
Caused by: java.net.ConnectException: Connection refused
	... 11 more
2019-10-30 11:52:59,049 [9dbd5372-55c2-4532-b354-9494d3d545d2@group-F367C8FA5986-LeaderElection383] INFO  impl.RaftServerImpl (RaftServerImpl.java:setRole(184)) - 9dbd5372-55c2-4532-b354-9494d3d545d2@group-F367C8FA5986: changes role from CANDIDATE to FOLLOWER at term 199 for DISCOVERED_A_NEW_TERM
2019-10-30 11:52:59,050 [9dbd5372-55c2-4532-b354-9494d3d545d2@group-F367C8FA5986-LeaderElection383] INFO  impl.RoleInfo (RoleInfo.java:shutdownLeaderElection(134)) - 9dbd5372-55c2-4532-b354-9494d3d545d2: shutdown LeaderElection
2019-10-30 11:52:59,050 [9dbd5372-55c2-4532-b354-9494d3d545d2@group-F367C8FA5986-LeaderElection383] INFO  impl.RoleInfo (RoleInfo.java:updateAndGet(143)) - 9dbd5372-55c2-4532-b354-9494d3d545d2: start FollowerState
2019-10-30 11:52:59,054 [Thread-2978] INFO  impl.FollowerState (FollowerState.java:run(108)) - 9dbd5372-55c2-4532-b354-9494d3d545d2@group-F367C8FA5986-FollowerState: change to CANDIDATE, lastRpcTime:4ms, electionTimeout:4ms
2019-10-30 11:52:59,054 [Thread-2978] INFO  impl.RoleInfo (RoleInfo.java:shutdownFollowerState(121)) - 9dbd5372-55c2-4532-b354-9494d3d545d2: shutdown FollowerState
2019-10-30 11:52:59,054 [Thread-2978] INFO  impl.RaftServerImpl (RaftServerImpl.java:setRole(184)) - 9dbd5372-55c2-4532-b354-9494d3d545d2@group-F367C8FA5986: changes role from  FOLLOWER to CANDIDATE at term 199 for changeToCandidate
2019-10-30 11:52:59,055 [Thread-2978] INFO  impl.RoleInfo (RoleInfo.java:updateAndGet(143)) - 9dbd5372-55c2-4532-b354-9494d3d545d2: start LeaderElection
2019-10-30 11:52:59,062 [9dbd5372-55c2-4532-b354-9494d3d545d2@group-F367C8FA5986-LeaderElection384] INFO  impl.LeaderElection (LeaderElection.java:askForVotes(178)) - 9dbd5372-55c2-4532-b354-9494d3d545d2@group-F367C8FA5986-LeaderElection384: begin an election at term 200 for -1: [9b3ef6c9-0245-4756-bf80-45d41f7a4453:192.168.157.220:37058, cd11b2f5-3187-4d03-bd60-931991550c17:192.168.157.220:43236, 9dbd5372-55c2-4532-b354-9494d3d545d2:192.168.157.220:42993], old=null
2019-10-30 11:52:59,063 [9dbd5372-55c2-4532-b354-9494d3d545d2@group-F367C8FA5986-LeaderElection384] INFO  impl.LeaderElection (LogUtils.java:infoOrTrace(149)) - 9dbd5372-55c2-4532-b354-9494d3d545d2@group-F367C8FA5986-LeaderElection384 got exception when requesting votes: {}
java.util.concurrent.ExecutionException: org.apache.ratis.thirdparty.io.grpc.StatusRuntimeException: UNAVAILABLE: io exception
	at java.util.concurrent.FutureTask.report(FutureTask.java:122)
	at java.util.concurrent.FutureTask.get(FutureTask.java:192)
	at org.apache.ratis.server.impl.LeaderElection.waitForResults(LeaderElection.java:259)
	at org.apache.ratis.server.impl.LeaderElection.askForVotes(LeaderElection.java:197)
	at org.apache.ratis.server.impl.LeaderElection.run(LeaderElection.java:133)
	at java.lang.Thread.run(Thread.java:748)
Caused by: org.apache.ratis.thirdparty.io.grpc.StatusRuntimeException: UNAVAILABLE: io exception
	at org.apache.ratis.thirdparty.io.grpc.stub.ClientCalls.toStatusRuntimeException(ClientCalls.java:233)
	at org.apache.ratis.thirdparty.io.grpc.stub.ClientCalls.getUnchecked(ClientCalls.java:214)
	at org.apache.ratis.thirdparty.io.grpc.stub.ClientCalls.blockingUnaryCall(ClientCalls.java:139)
	at org.apache.ratis.proto.grpc.RaftServerProtocolServiceGrpc$RaftServerProtocolServiceBlockingStub.requestVote(RaftServerProtocolServiceGrpc.java:265)
	at org.apache.ratis.grpc.server.GrpcServerProtocolClient.requestVote(GrpcServerProtocolClient.java:99)
	at org.apache.ratis.grpc.server.GrpcService.requestVote(GrpcService.java:204)
	at org.apache.ratis.server.impl.LeaderElection.lambda$submitRequests$1(LeaderElection.java:234)
	at java.util.concurrent.FutureTask.run(FutureTask.java:266)
	at java.util.concurrent.Executors$RunnableAdapter.call(Executors.java:511)
	at java.util.concurrent.FutureTask.run(FutureTask.java:266)
	at java.util.concurrent.ThreadPoolExecutor.runWorker(ThreadPoolExecutor.java:1149)
	at java.util.concurrent.ThreadPoolExecutor$Worker.run(ThreadPoolExecutor.java:624)
	... 1 more
Caused by: org.apache.ratis.thirdparty.io.netty.channel.AbstractChannel$AnnotatedConnectException: Connection refused: /192.168.157.220:43236
	at sun.nio.ch.SocketChannelImpl.checkConnect(Native Method)
	at sun.nio.ch.SocketChannelImpl.finishConnect(SocketChannelImpl.java:717)
	at org.apache.ratis.thirdparty.io.netty.channel.socket.nio.NioSocketChannel.doFinishConnect(NioSocketChannel.java:327)
	at org.apache.ratis.thirdparty.io.netty.channel.nio.AbstractNioChannel$AbstractNioUnsafe.finishConnect(AbstractNioChannel.java:340)
	at org.apache.ratis.thirdparty.io.netty.channel.nio.NioEventLoop.processSelectedKey(NioEventLoop.java:632)
	at org.apache.ratis.thirdparty.io.netty.channel.nio.NioEventLoop.processSelectedKeysOptimized(NioEventLoop.java:579)
	at org.apache.ratis.thirdparty.io.netty.channel.nio.NioEventLoop.processSelectedKeys(NioEventLoop.java:496)
	at org.apache.ratis.thirdparty.io.netty.channel.nio.NioEventLoop.run(NioEventLoop.java:458)
	at org.apache.ratis.thirdparty.io.netty.util.concurrent.SingleThreadEventExecutor$5.run(SingleThreadEventExecutor.java:897)
	at org.apache.ratis.thirdparty.io.netty.util.concurrent.FastThreadLocalRunnable.run(FastThreadLocalRunnable.java:30)
	... 1 more
Caused by: java.net.ConnectException: Connection refused
	... 11 more
2019-10-30 11:52:59,071 [grpc-default-executor-8] INFO  impl.RaftServerImpl (RaftServerImpl.java:setRole(184)) - 9b3ef6c9-0245-4756-bf80-45d41f7a4453@group-F367C8FA5986: changes role from  FOLLOWER to FOLLOWER at term 200 for recognizeCandidate:9dbd5372-55c2-4532-b354-9494d3d545d2
2019-10-30 11:52:59,071 [grpc-default-executor-8] INFO  impl.RoleInfo (RoleInfo.java:shutdownFollowerState(121)) - 9b3ef6c9-0245-4756-bf80-45d41f7a4453: shutdown FollowerState
2019-10-30 11:52:59,071 [grpc-default-executor-8] INFO  impl.RoleInfo (RoleInfo.java:updateAndGet(143)) - 9b3ef6c9-0245-4756-bf80-45d41f7a4453: start FollowerState
2019-10-30 11:52:59,071 [Thread-2977] INFO  impl.FollowerState (FollowerState.java:run(117)) - 9b3ef6c9-0245-4756-bf80-45d41f7a4453@group-F367C8FA5986-FollowerState was interrupted: java.lang.InterruptedException: sleep interrupted
2019-10-30 11:52:59,079 [Thread-2973] INFO  impl.FollowerState (FollowerState.java:run(108)) - f26e10ed-fb17-49e6-a903-eadc130d13d1@group-83984122B78E-FollowerState: change to CANDIDATE, lastRpcTime:116ms, electionTimeout:115ms
2019-10-30 11:52:59,079 [Thread-2973] INFO  impl.RoleInfo (RoleInfo.java:shutdownFollowerState(121)) - f26e10ed-fb17-49e6-a903-eadc130d13d1: shutdown FollowerState
2019-10-30 11:52:59,079 [Thread-2973] INFO  impl.RaftServerImpl (RaftServerImpl.java:setRole(184)) - f26e10ed-fb17-49e6-a903-eadc130d13d1@group-83984122B78E: changes role from  FOLLOWER to CANDIDATE at term 211 for changeToCandidate
2019-10-30 11:52:59,079 [Thread-2973] INFO  impl.RoleInfo (RoleInfo.java:updateAndGet(143)) - f26e10ed-fb17-49e6-a903-eadc130d13d1: start LeaderElection
2019-10-30 11:52:59,080 [9dbd5372-55c2-4532-b354-9494d3d545d2@group-F367C8FA5986-LeaderElection384] INFO  impl.LeaderElection (LeaderElection.java:logAndReturn(56)) - 9dbd5372-55c2-4532-b354-9494d3d545d2@group-F367C8FA5986-LeaderElection384: Election REJECTED; received 1 response(s) [9dbd5372-55c2-4532-b354-9494d3d545d2<-9b3ef6c9-0245-4756-bf80-45d41f7a4453#0:FAIL-t200] and 1 exception(s); 9dbd5372-55c2-4532-b354-9494d3d545d2@group-F367C8FA5986:t200, leader=null, voted=9dbd5372-55c2-4532-b354-9494d3d545d2, raftlog=9dbd5372-55c2-4532-b354-9494d3d545d2@group-F367C8FA5986-SegmentedRaftLog:OPENED:c-1,f-1,i0, conf=-1: [9b3ef6c9-0245-4756-bf80-45d41f7a4453:192.168.157.220:37058, cd11b2f5-3187-4d03-bd60-931991550c17:192.168.157.220:43236, 9dbd5372-55c2-4532-b354-9494d3d545d2:192.168.157.220:42993], old=null
2019-10-30 11:52:59,080 [9dbd5372-55c2-4532-b354-9494d3d545d2@group-F367C8FA5986-LeaderElection384] INFO  impl.LeaderElection (LogUtils.java:infoOrTrace(149)) -   Exception 0: {}
java.util.concurrent.ExecutionException: org.apache.ratis.thirdparty.io.grpc.StatusRuntimeException: UNAVAILABLE: io exception
	at java.util.concurrent.FutureTask.report(FutureTask.java:122)
	at java.util.concurrent.FutureTask.get(FutureTask.java:192)
	at org.apache.ratis.server.impl.LeaderElection.waitForResults(LeaderElection.java:259)
	at org.apache.ratis.server.impl.LeaderElection.askForVotes(LeaderElection.java:197)
	at org.apache.ratis.server.impl.LeaderElection.run(LeaderElection.java:133)
	at java.lang.Thread.run(Thread.java:748)
Caused by: org.apache.ratis.thirdparty.io.grpc.StatusRuntimeException: UNAVAILABLE: io exception
	at org.apache.ratis.thirdparty.io.grpc.stub.ClientCalls.toStatusRuntimeException(ClientCalls.java:233)
	at org.apache.ratis.thirdparty.io.grpc.stub.ClientCalls.getUnchecked(ClientCalls.java:214)
	at org.apache.ratis.thirdparty.io.grpc.stub.ClientCalls.blockingUnaryCall(ClientCalls.java:139)
	at org.apache.ratis.proto.grpc.RaftServerProtocolServiceGrpc$RaftServerProtocolServiceBlockingStub.requestVote(RaftServerProtocolServiceGrpc.java:265)
	at org.apache.ratis.grpc.server.GrpcServerProtocolClient.requestVote(GrpcServerProtocolClient.java:99)
	at org.apache.ratis.grpc.server.GrpcService.requestVote(GrpcService.java:204)
	at org.apache.ratis.server.impl.LeaderElection.lambda$submitRequests$1(LeaderElection.java:234)
	at java.util.concurrent.FutureTask.run(FutureTask.java:266)
	at java.util.concurrent.Executors$RunnableAdapter.call(Executors.java:511)
	at java.util.concurrent.FutureTask.run(FutureTask.java:266)
	at java.util.concurrent.ThreadPoolExecutor.runWorker(ThreadPoolExecutor.java:1149)
	at java.util.concurrent.ThreadPoolExecutor$Worker.run(ThreadPoolExecutor.java:624)
	... 1 more
Caused by: org.apache.ratis.thirdparty.io.netty.channel.AbstractChannel$AnnotatedConnectException: Connection refused: /192.168.157.220:43236
	at sun.nio.ch.SocketChannelImpl.checkConnect(Native Method)
	at sun.nio.ch.SocketChannelImpl.finishConnect(SocketChannelImpl.java:717)
	at org.apache.ratis.thirdparty.io.netty.channel.socket.nio.NioSocketChannel.doFinishConnect(NioSocketChannel.java:327)
	at org.apache.ratis.thirdparty.io.netty.channel.nio.AbstractNioChannel$AbstractNioUnsafe.finishConnect(AbstractNioChannel.java:340)
	at org.apache.ratis.thirdparty.io.netty.channel.nio.NioEventLoop.processSelectedKey(NioEventLoop.java:632)
	at org.apache.ratis.thirdparty.io.netty.channel.nio.NioEventLoop.processSelectedKeysOptimized(NioEventLoop.java:579)
	at org.apache.ratis.thirdparty.io.netty.channel.nio.NioEventLoop.processSelectedKeys(NioEventLoop.java:496)
	at org.apache.ratis.thirdparty.io.netty.channel.nio.NioEventLoop.run(NioEventLoop.java:458)
	at org.apache.ratis.thirdparty.io.netty.util.concurrent.SingleThreadEventExecutor$5.run(SingleThreadEventExecutor.java:897)
	at org.apache.ratis.thirdparty.io.netty.util.concurrent.FastThreadLocalRunnable.run(FastThreadLocalRunnable.java:30)
	... 1 more
Caused by: java.net.ConnectException: Connection refused
	... 11 more
2019-10-30 11:52:59,081 [9dbd5372-55c2-4532-b354-9494d3d545d2@group-F367C8FA5986-LeaderElection384] INFO  impl.RaftServerImpl (RaftServerImpl.java:setRole(184)) - 9dbd5372-55c2-4532-b354-9494d3d545d2@group-F367C8FA5986: changes role from CANDIDATE to FOLLOWER at term 200 for DISCOVERED_A_NEW_TERM
2019-10-30 11:52:59,081 [9dbd5372-55c2-4532-b354-9494d3d545d2@group-F367C8FA5986-LeaderElection384] INFO  impl.RoleInfo (RoleInfo.java:shutdownLeaderElection(134)) - 9dbd5372-55c2-4532-b354-9494d3d545d2: shutdown LeaderElection
2019-10-30 11:52:59,081 [9dbd5372-55c2-4532-b354-9494d3d545d2@group-F367C8FA5986-LeaderElection384] INFO  impl.RoleInfo (RoleInfo.java:updateAndGet(143)) - 9dbd5372-55c2-4532-b354-9494d3d545d2: start FollowerState
2019-10-30 11:52:59,094 [f26e10ed-fb17-49e6-a903-eadc130d13d1@group-83984122B78E-LeaderElection385] INFO  impl.LeaderElection (LeaderElection.java:askForVotes(178)) - f26e10ed-fb17-49e6-a903-eadc130d13d1@group-83984122B78E-LeaderElection385: begin an election at term 212 for -1: [4f16e274-8663-4a15-9c4c-c81f650ab979:192.168.157.220:38181, 4cc44201-a597-43af-a4ec-5b1b407a6250:192.168.157.220:36685, f26e10ed-fb17-49e6-a903-eadc130d13d1:192.168.157.220:32806], old=null
2019-10-30 11:52:59,095 [f26e10ed-fb17-49e6-a903-eadc130d13d1@group-83984122B78E-LeaderElection385] INFO  impl.LeaderElection (LogUtils.java:infoOrTrace(149)) - f26e10ed-fb17-49e6-a903-eadc130d13d1@group-83984122B78E-LeaderElection385 got exception when requesting votes: {}
java.util.concurrent.ExecutionException: org.apache.ratis.thirdparty.io.grpc.StatusRuntimeException: UNAVAILABLE: io exception
	at java.util.concurrent.FutureTask.report(FutureTask.java:122)
	at java.util.concurrent.FutureTask.get(FutureTask.java:192)
	at org.apache.ratis.server.impl.LeaderElection.waitForResults(LeaderElection.java:259)
	at org.apache.ratis.server.impl.LeaderElection.askForVotes(LeaderElection.java:197)
	at org.apache.ratis.server.impl.LeaderElection.run(LeaderElection.java:133)
	at java.lang.Thread.run(Thread.java:748)
Caused by: org.apache.ratis.thirdparty.io.grpc.StatusRuntimeException: UNAVAILABLE: io exception
	at org.apache.ratis.thirdparty.io.grpc.stub.ClientCalls.toStatusRuntimeException(ClientCalls.java:233)
	at org.apache.ratis.thirdparty.io.grpc.stub.ClientCalls.getUnchecked(ClientCalls.java:214)
	at org.apache.ratis.thirdparty.io.grpc.stub.ClientCalls.blockingUnaryCall(ClientCalls.java:139)
	at org.apache.ratis.proto.grpc.RaftServerProtocolServiceGrpc$RaftServerProtocolServiceBlockingStub.requestVote(RaftServerProtocolServiceGrpc.java:265)
	at org.apache.ratis.grpc.server.GrpcServerProtocolClient.requestVote(GrpcServerProtocolClient.java:99)
	at org.apache.ratis.grpc.server.GrpcService.requestVote(GrpcService.java:204)
	at org.apache.ratis.server.impl.LeaderElection.lambda$submitRequests$1(LeaderElection.java:234)
	at java.util.concurrent.FutureTask.run(FutureTask.java:266)
	at java.util.concurrent.Executors$RunnableAdapter.call(Executors.java:511)
	at java.util.concurrent.FutureTask.run(FutureTask.java:266)
	at java.util.concurrent.ThreadPoolExecutor.runWorker(ThreadPoolExecutor.java:1149)
	at java.util.concurrent.ThreadPoolExecutor$Worker.run(ThreadPoolExecutor.java:624)
	... 1 more
Caused by: org.apache.ratis.thirdparty.io.netty.channel.AbstractChannel$AnnotatedConnectException: Connection refused: /192.168.157.220:38181
	at sun.nio.ch.SocketChannelImpl.checkConnect(Native Method)
	at sun.nio.ch.SocketChannelImpl.finishConnect(SocketChannelImpl.java:717)
	at org.apache.ratis.thirdparty.io.netty.channel.socket.nio.NioSocketChannel.doFinishConnect(NioSocketChannel.java:327)
	at org.apache.ratis.thirdparty.io.netty.channel.nio.AbstractNioChannel$AbstractNioUnsafe.finishConnect(AbstractNioChannel.java:340)
	at org.apache.ratis.thirdparty.io.netty.channel.nio.NioEventLoop.processSelectedKey(NioEventLoop.java:632)
	at org.apache.ratis.thirdparty.io.netty.channel.nio.NioEventLoop.processSelectedKeysOptimized(NioEventLoop.java:579)
	at org.apache.ratis.thirdparty.io.netty.channel.nio.NioEventLoop.processSelectedKeys(NioEventLoop.java:496)
	at org.apache.ratis.thirdparty.io.netty.channel.nio.NioEventLoop.run(NioEventLoop.java:458)
	at org.apache.ratis.thirdparty.io.netty.util.concurrent.SingleThreadEventExecutor$5.run(SingleThreadEventExecutor.java:897)
	at org.apache.ratis.thirdparty.io.netty.util.concurrent.FastThreadLocalRunnable.run(FastThreadLocalRunnable.java:30)
	... 1 more
Caused by: java.net.ConnectException: Connection refused
	... 11 more
2019-10-30 11:52:59,103 [grpc-default-executor-8] INFO  impl.RaftServerImpl (RaftServerImpl.java:setRole(184)) - 4cc44201-a597-43af-a4ec-5b1b407a6250@group-83984122B78E: changes role from  FOLLOWER to FOLLOWER at term 212 for recognizeCandidate:f26e10ed-fb17-49e6-a903-eadc130d13d1
2019-10-30 11:52:59,103 [grpc-default-executor-8] INFO  impl.RoleInfo (RoleInfo.java:shutdownFollowerState(121)) - 4cc44201-a597-43af-a4ec-5b1b407a6250: shutdown FollowerState
2019-10-30 11:52:59,103 [grpc-default-executor-8] INFO  impl.RoleInfo (RoleInfo.java:updateAndGet(143)) - 4cc44201-a597-43af-a4ec-5b1b407a6250: start FollowerState
2019-10-30 11:52:59,103 [Thread-2972] INFO  impl.FollowerState (FollowerState.java:run(117)) - 4cc44201-a597-43af-a4ec-5b1b407a6250@group-83984122B78E-FollowerState was interrupted: java.lang.InterruptedException: sleep interrupted
2019-10-30 11:52:59,104 [Thread-2984] INFO  impl.FollowerState (FollowerState.java:run(108)) - 9dbd5372-55c2-4532-b354-9494d3d545d2@group-F367C8FA5986-FollowerState: change to CANDIDATE, lastRpcTime:23ms, electionTimeout:23ms
2019-10-30 11:52:59,104 [Thread-2984] INFO  impl.RoleInfo (RoleInfo.java:shutdownFollowerState(121)) - 9dbd5372-55c2-4532-b354-9494d3d545d2: shutdown FollowerState
2019-10-30 11:52:59,104 [Thread-2984] INFO  impl.RaftServerImpl (RaftServerImpl.java:setRole(184)) - 9dbd5372-55c2-4532-b354-9494d3d545d2@group-F367C8FA5986: changes role from  FOLLOWER to CANDIDATE at term 200 for changeToCandidate
2019-10-30 11:52:59,105 [Thread-2984] INFO  impl.RoleInfo (RoleInfo.java:updateAndGet(143)) - 9dbd5372-55c2-4532-b354-9494d3d545d2: start LeaderElection
2019-10-30 11:52:59,131 [9dbd5372-55c2-4532-b354-9494d3d545d2@group-F367C8FA5986-LeaderElection386] INFO  impl.LeaderElection (LeaderElection.java:askForVotes(178)) - 9dbd5372-55c2-4532-b354-9494d3d545d2@group-F367C8FA5986-LeaderElection386: begin an election at term 201 for -1: [9b3ef6c9-0245-4756-bf80-45d41f7a4453:192.168.157.220:37058, cd11b2f5-3187-4d03-bd60-931991550c17:192.168.157.220:43236, 9dbd5372-55c2-4532-b354-9494d3d545d2:192.168.157.220:42993], old=null
2019-10-30 11:52:59,132 [f26e10ed-fb17-49e6-a903-eadc130d13d1@group-83984122B78E-LeaderElection385] INFO  impl.LeaderElection (LeaderElection.java:logAndReturn(56)) - f26e10ed-fb17-49e6-a903-eadc130d13d1@group-83984122B78E-LeaderElection385: Election REJECTED; received 1 response(s) [f26e10ed-fb17-49e6-a903-eadc130d13d1<-4cc44201-a597-43af-a4ec-5b1b407a6250#0:FAIL-t212] and 1 exception(s); f26e10ed-fb17-49e6-a903-eadc130d13d1@group-83984122B78E:t212, leader=null, voted=f26e10ed-fb17-49e6-a903-eadc130d13d1, raftlog=f26e10ed-fb17-49e6-a903-eadc130d13d1@group-83984122B78E-SegmentedRaftLog:OPENED:c-1,f-1,i0, conf=-1: [4f16e274-8663-4a15-9c4c-c81f650ab979:192.168.157.220:38181, 4cc44201-a597-43af-a4ec-5b1b407a6250:192.168.157.220:36685, f26e10ed-fb17-49e6-a903-eadc130d13d1:192.168.157.220:32806], old=null
2019-10-30 11:52:59,132 [f26e10ed-fb17-49e6-a903-eadc130d13d1@group-83984122B78E-LeaderElection385] INFO  impl.LeaderElection (LogUtils.java:infoOrTrace(149)) -   Exception 0: {}
java.util.concurrent.ExecutionException: org.apache.ratis.thirdparty.io.grpc.StatusRuntimeException: UNAVAILABLE: io exception
	at java.util.concurrent.FutureTask.report(FutureTask.java:122)
	at java.util.concurrent.FutureTask.get(FutureTask.java:192)
	at org.apache.ratis.server.impl.LeaderElection.waitForResults(LeaderElection.java:259)
	at org.apache.ratis.server.impl.LeaderElection.askForVotes(LeaderElection.java:197)
	at org.apache.ratis.server.impl.LeaderElection.run(LeaderElection.java:133)
	at java.lang.Thread.run(Thread.java:748)
Caused by: org.apache.ratis.thirdparty.io.grpc.StatusRuntimeException: UNAVAILABLE: io exception
	at org.apache.ratis.thirdparty.io.grpc.stub.ClientCalls.toStatusRuntimeException(ClientCalls.java:233)
	at org.apache.ratis.thirdparty.io.grpc.stub.ClientCalls.getUnchecked(ClientCalls.java:214)
	at org.apache.ratis.thirdparty.io.grpc.stub.ClientCalls.blockingUnaryCall(ClientCalls.java:139)
	at org.apache.ratis.proto.grpc.RaftServerProtocolServiceGrpc$RaftServerProtocolServiceBlockingStub.requestVote(RaftServerProtocolServiceGrpc.java:265)
	at org.apache.ratis.grpc.server.GrpcServerProtocolClient.requestVote(GrpcServerProtocolClient.java:99)
	at org.apache.ratis.grpc.server.GrpcService.requestVote(GrpcService.java:204)
	at org.apache.ratis.server.impl.LeaderElection.lambda$submitRequests$1(LeaderElection.java:234)
	at java.util.concurrent.FutureTask.run(FutureTask.java:266)
	at java.util.concurrent.Executors$RunnableAdapter.call(Executors.java:511)
	at java.util.concurrent.FutureTask.run(FutureTask.java:266)
	at java.util.concurrent.ThreadPoolExecutor.runWorker(ThreadPoolExecutor.java:1149)
	at java.util.concurrent.ThreadPoolExecutor$Worker.run(ThreadPoolExecutor.java:624)
	... 1 more
Caused by: org.apache.ratis.thirdparty.io.netty.channel.AbstractChannel$AnnotatedConnectException: Connection refused: /192.168.157.220:38181
	at sun.nio.ch.SocketChannelImpl.checkConnect(Native Method)
	at sun.nio.ch.SocketChannelImpl.finishConnect(SocketChannelImpl.java:717)
	at org.apache.ratis.thirdparty.io.netty.channel.socket.nio.NioSocketChannel.doFinishConnect(NioSocketChannel.java:327)
	at org.apache.ratis.thirdparty.io.netty.channel.nio.AbstractNioChannel$AbstractNioUnsafe.finishConnect(AbstractNioChannel.java:340)
	at org.apache.ratis.thirdparty.io.netty.channel.nio.NioEventLoop.processSelectedKey(NioEventLoop.java:632)
	at org.apache.ratis.thirdparty.io.netty.channel.nio.NioEventLoop.processSelectedKeysOptimized(NioEventLoop.java:579)
	at org.apache.ratis.thirdparty.io.netty.channel.nio.NioEventLoop.processSelectedKeys(NioEventLoop.java:496)
	at org.apache.ratis.thirdparty.io.netty.channel.nio.NioEventLoop.run(NioEventLoop.java:458)
	at org.apache.ratis.thirdparty.io.netty.util.concurrent.SingleThreadEventExecutor$5.run(SingleThreadEventExecutor.java:897)
	at org.apache.ratis.thirdparty.io.netty.util.concurrent.FastThreadLocalRunnable.run(FastThreadLocalRunnable.java:30)
	... 1 more
Caused by: java.net.ConnectException: Connection refused
	... 11 more
2019-10-30 11:52:59,132 [f26e10ed-fb17-49e6-a903-eadc130d13d1@group-83984122B78E-LeaderElection385] INFO  impl.RaftServerImpl (RaftServerImpl.java:setRole(184)) - f26e10ed-fb17-49e6-a903-eadc130d13d1@group-83984122B78E: changes role from CANDIDATE to FOLLOWER at term 212 for DISCOVERED_A_NEW_TERM
2019-10-30 11:52:59,133 [f26e10ed-fb17-49e6-a903-eadc130d13d1@group-83984122B78E-LeaderElection385] INFO  impl.RoleInfo (RoleInfo.java:shutdownLeaderElection(134)) - f26e10ed-fb17-49e6-a903-eadc130d13d1: shutdown LeaderElection
2019-10-30 11:52:59,133 [f26e10ed-fb17-49e6-a903-eadc130d13d1@group-83984122B78E-LeaderElection385] INFO  impl.RoleInfo (RoleInfo.java:updateAndGet(143)) - f26e10ed-fb17-49e6-a903-eadc130d13d1: start FollowerState
2019-10-30 11:52:59,133 [grpc-default-executor-8] INFO  impl.RaftServerImpl (RaftServerImpl.java:setRole(184)) - 9b3ef6c9-0245-4756-bf80-45d41f7a4453@group-F367C8FA5986: changes role from  FOLLOWER to FOLLOWER at term 201 for recognizeCandidate:9dbd5372-55c2-4532-b354-9494d3d545d2
2019-10-30 11:52:59,133 [grpc-default-executor-8] INFO  impl.RoleInfo (RoleInfo.java:shutdownFollowerState(121)) - 9b3ef6c9-0245-4756-bf80-45d41f7a4453: shutdown FollowerState
2019-10-30 11:52:59,133 [grpc-default-executor-8] INFO  impl.RoleInfo (RoleInfo.java:updateAndGet(143)) - 9b3ef6c9-0245-4756-bf80-45d41f7a4453: start FollowerState
2019-10-30 11:52:59,133 [Thread-2982] INFO  impl.FollowerState (FollowerState.java:run(117)) - 9b3ef6c9-0245-4756-bf80-45d41f7a4453@group-F367C8FA5986-FollowerState was interrupted: java.lang.InterruptedException: sleep interrupted
2019-10-30 11:52:59,135 [9dbd5372-55c2-4532-b354-9494d3d545d2@group-F367C8FA5986-LeaderElection386] INFO  impl.LeaderElection (LogUtils.java:infoOrTrace(149)) - 9dbd5372-55c2-4532-b354-9494d3d545d2@group-F367C8FA5986-LeaderElection386 got exception when requesting votes: {}
java.util.concurrent.ExecutionException: org.apache.ratis.thirdparty.io.grpc.StatusRuntimeException: UNAVAILABLE: io exception
	at java.util.concurrent.FutureTask.report(FutureTask.java:122)
	at java.util.concurrent.FutureTask.get(FutureTask.java:192)
	at org.apache.ratis.server.impl.LeaderElection.waitForResults(LeaderElection.java:259)
	at org.apache.ratis.server.impl.LeaderElection.askForVotes(LeaderElection.java:197)
	at org.apache.ratis.server.impl.LeaderElection.run(LeaderElection.java:133)
	at java.lang.Thread.run(Thread.java:748)
Caused by: org.apache.ratis.thirdparty.io.grpc.StatusRuntimeException: UNAVAILABLE: io exception
	at org.apache.ratis.thirdparty.io.grpc.stub.ClientCalls.toStatusRuntimeException(ClientCalls.java:233)
	at org.apache.ratis.thirdparty.io.grpc.stub.ClientCalls.getUnchecked(ClientCalls.java:214)
	at org.apache.ratis.thirdparty.io.grpc.stub.ClientCalls.blockingUnaryCall(ClientCalls.java:139)
	at org.apache.ratis.proto.grpc.RaftServerProtocolServiceGrpc$RaftServerProtocolServiceBlockingStub.requestVote(RaftServerProtocolServiceGrpc.java:265)
	at org.apache.ratis.grpc.server.GrpcServerProtocolClient.requestVote(GrpcServerProtocolClient.java:99)
	at org.apache.ratis.grpc.server.GrpcService.requestVote(GrpcService.java:204)
	at org.apache.ratis.server.impl.LeaderElection.lambda$submitRequests$1(LeaderElection.java:234)
	at java.util.concurrent.FutureTask.run(FutureTask.java:266)
	at java.util.concurrent.Executors$RunnableAdapter.call(Executors.java:511)
	at java.util.concurrent.FutureTask.run(FutureTask.java:266)
	at java.util.concurrent.ThreadPoolExecutor.runWorker(ThreadPoolExecutor.java:1149)
	at java.util.concurrent.ThreadPoolExecutor$Worker.run(ThreadPoolExecutor.java:624)
	... 1 more
Caused by: org.apache.ratis.thirdparty.io.netty.channel.AbstractChannel$AnnotatedConnectException: Connection refused: /192.168.157.220:43236
	at sun.nio.ch.SocketChannelImpl.checkConnect(Native Method)
	at sun.nio.ch.SocketChannelImpl.finishConnect(SocketChannelImpl.java:717)
	at org.apache.ratis.thirdparty.io.netty.channel.socket.nio.NioSocketChannel.doFinishConnect(NioSocketChannel.java:327)
	at org.apache.ratis.thirdparty.io.netty.channel.nio.AbstractNioChannel$AbstractNioUnsafe.finishConnect(AbstractNioChannel.java:340)
	at org.apache.ratis.thirdparty.io.netty.channel.nio.NioEventLoop.processSelectedKey(NioEventLoop.java:632)
	at org.apache.ratis.thirdparty.io.netty.channel.nio.NioEventLoop.processSelectedKeysOptimized(NioEventLoop.java:579)
	at org.apache.ratis.thirdparty.io.netty.channel.nio.NioEventLoop.processSelectedKeys(NioEventLoop.java:496)
	at org.apache.ratis.thirdparty.io.netty.channel.nio.NioEventLoop.run(NioEventLoop.java:458)
	at org.apache.ratis.thirdparty.io.netty.util.concurrent.SingleThreadEventExecutor$5.run(SingleThreadEventExecutor.java:897)
	at org.apache.ratis.thirdparty.io.netty.util.concurrent.FastThreadLocalRunnable.run(FastThreadLocalRunnable.java:30)
	... 1 more
Caused by: java.net.ConnectException: Connection refused
	... 11 more
2019-10-30 11:52:59,151 [9dbd5372-55c2-4532-b354-9494d3d545d2@group-F367C8FA5986-LeaderElection386] INFO  impl.LeaderElection (LeaderElection.java:logAndReturn(56)) - 9dbd5372-55c2-4532-b354-9494d3d545d2@group-F367C8FA5986-LeaderElection386: Election REJECTED; received 1 response(s) [9dbd5372-55c2-4532-b354-9494d3d545d2<-9b3ef6c9-0245-4756-bf80-45d41f7a4453#0:FAIL-t201] and 1 exception(s); 9dbd5372-55c2-4532-b354-9494d3d545d2@group-F367C8FA5986:t201, leader=null, voted=9dbd5372-55c2-4532-b354-9494d3d545d2, raftlog=9dbd5372-55c2-4532-b354-9494d3d545d2@group-F367C8FA5986-SegmentedRaftLog:OPENED:c-1,f-1,i0, conf=-1: [9b3ef6c9-0245-4756-bf80-45d41f7a4453:192.168.157.220:37058, cd11b2f5-3187-4d03-bd60-931991550c17:192.168.157.220:43236, 9dbd5372-55c2-4532-b354-9494d3d545d2:192.168.157.220:42993], old=null
2019-10-30 11:52:59,151 [9dbd5372-55c2-4532-b354-9494d3d545d2@group-F367C8FA5986-LeaderElection386] INFO  impl.LeaderElection (LogUtils.java:infoOrTrace(149)) -   Exception 0: {}
java.util.concurrent.ExecutionException: org.apache.ratis.thirdparty.io.grpc.StatusRuntimeException: UNAVAILABLE: io exception
	at java.util.concurrent.FutureTask.report(FutureTask.java:122)
	at java.util.concurrent.FutureTask.get(FutureTask.java:192)
	at org.apache.ratis.server.impl.LeaderElection.waitForResults(LeaderElection.java:259)
	at org.apache.ratis.server.impl.LeaderElection.askForVotes(LeaderElection.java:197)
	at org.apache.ratis.server.impl.LeaderElection.run(LeaderElection.java:133)
	at java.lang.Thread.run(Thread.java:748)
Caused by: org.apache.ratis.thirdparty.io.grpc.StatusRuntimeException: UNAVAILABLE: io exception
	at org.apache.ratis.thirdparty.io.grpc.stub.ClientCalls.toStatusRuntimeException(ClientCalls.java:233)
	at org.apache.ratis.thirdparty.io.grpc.stub.ClientCalls.getUnchecked(ClientCalls.java:214)
	at org.apache.ratis.thirdparty.io.grpc.stub.ClientCalls.blockingUnaryCall(ClientCalls.java:139)
	at org.apache.ratis.proto.grpc.RaftServerProtocolServiceGrpc$RaftServerProtocolServiceBlockingStub.requestVote(RaftServerProtocolServiceGrpc.java:265)
	at org.apache.ratis.grpc.server.GrpcServerProtocolClient.requestVote(GrpcServerProtocolClient.java:99)
	at org.apache.ratis.grpc.server.GrpcService.requestVote(GrpcService.java:204)
	at org.apache.ratis.server.impl.LeaderElection.lambda$submitRequests$1(LeaderElection.java:234)
	at java.util.concurrent.FutureTask.run(FutureTask.java:266)
	at java.util.concurrent.Executors$RunnableAdapter.call(Executors.java:511)
	at java.util.concurrent.FutureTask.run(FutureTask.java:266)
	at java.util.concurrent.ThreadPoolExecutor.runWorker(ThreadPoolExecutor.java:1149)
	at java.util.concurrent.ThreadPoolExecutor$Worker.run(ThreadPoolExecutor.java:624)
	... 1 more
Caused by: org.apache.ratis.thirdparty.io.netty.channel.AbstractChannel$AnnotatedConnectException: Connection refused: /192.168.157.220:43236
	at sun.nio.ch.SocketChannelImpl.checkConnect(Native Method)
	at sun.nio.ch.SocketChannelImpl.finishConnect(SocketChannelImpl.java:717)
	at org.apache.ratis.thirdparty.io.netty.channel.socket.nio.NioSocketChannel.doFinishConnect(NioSocketChannel.java:327)
	at org.apache.ratis.thirdparty.io.netty.channel.nio.AbstractNioChannel$AbstractNioUnsafe.finishConnect(AbstractNioChannel.java:340)
	at org.apache.ratis.thirdparty.io.netty.channel.nio.NioEventLoop.processSelectedKey(NioEventLoop.java:632)
	at org.apache.ratis.thirdparty.io.netty.channel.nio.NioEventLoop.processSelectedKeysOptimized(NioEventLoop.java:579)
	at org.apache.ratis.thirdparty.io.netty.channel.nio.NioEventLoop.processSelectedKeys(NioEventLoop.java:496)
	at org.apache.ratis.thirdparty.io.netty.channel.nio.NioEventLoop.run(NioEventLoop.java:458)
	at org.apache.ratis.thirdparty.io.netty.util.concurrent.SingleThreadEventExecutor$5.run(SingleThreadEventExecutor.java:897)
	at org.apache.ratis.thirdparty.io.netty.util.concurrent.FastThreadLocalRunnable.run(FastThreadLocalRunnable.java:30)
	... 1 more
Caused by: java.net.ConnectException: Connection refused
	... 11 more
2019-10-30 11:52:59,151 [9dbd5372-55c2-4532-b354-9494d3d545d2@group-F367C8FA5986-LeaderElection386] INFO  impl.RaftServerImpl (RaftServerImpl.java:setRole(184)) - 9dbd5372-55c2-4532-b354-9494d3d545d2@group-F367C8FA5986: changes role from CANDIDATE to FOLLOWER at term 201 for DISCOVERED_A_NEW_TERM
2019-10-30 11:52:59,151 [9dbd5372-55c2-4532-b354-9494d3d545d2@group-F367C8FA5986-LeaderElection386] INFO  impl.RoleInfo (RoleInfo.java:shutdownLeaderElection(134)) - 9dbd5372-55c2-4532-b354-9494d3d545d2: shutdown LeaderElection
2019-10-30 11:52:59,152 [9dbd5372-55c2-4532-b354-9494d3d545d2@group-F367C8FA5986-LeaderElection386] INFO  impl.RoleInfo (RoleInfo.java:updateAndGet(143)) - 9dbd5372-55c2-4532-b354-9494d3d545d2: start FollowerState
2019-10-30 11:52:59,213 [Thread-2995] INFO  impl.FollowerState (FollowerState.java:run(108)) - 9dbd5372-55c2-4532-b354-9494d3d545d2@group-F367C8FA5986-FollowerState: change to CANDIDATE, lastRpcTime:61ms, electionTimeout:61ms
2019-10-30 11:52:59,213 [Thread-2995] INFO  impl.RoleInfo (RoleInfo.java:shutdownFollowerState(121)) - 9dbd5372-55c2-4532-b354-9494d3d545d2: shutdown FollowerState
2019-10-30 11:52:59,213 [Thread-2995] INFO  impl.RaftServerImpl (RaftServerImpl.java:setRole(184)) - 9dbd5372-55c2-4532-b354-9494d3d545d2@group-F367C8FA5986: changes role from  FOLLOWER to CANDIDATE at term 201 for changeToCandidate
2019-10-30 11:52:59,214 [Thread-2995] INFO  impl.RoleInfo (RoleInfo.java:updateAndGet(143)) - 9dbd5372-55c2-4532-b354-9494d3d545d2: start LeaderElection
2019-10-30 11:52:59,220 [9dbd5372-55c2-4532-b354-9494d3d545d2@group-F367C8FA5986-LeaderElection387] INFO  impl.LeaderElection (LeaderElection.java:askForVotes(178)) - 9dbd5372-55c2-4532-b354-9494d3d545d2@group-F367C8FA5986-LeaderElection387: begin an election at term 202 for -1: [9b3ef6c9-0245-4756-bf80-45d41f7a4453:192.168.157.220:37058, cd11b2f5-3187-4d03-bd60-931991550c17:192.168.157.220:43236, 9dbd5372-55c2-4532-b354-9494d3d545d2:192.168.157.220:42993], old=null
2019-10-30 11:52:59,221 [9dbd5372-55c2-4532-b354-9494d3d545d2@group-F367C8FA5986-LeaderElection387] INFO  impl.LeaderElection (LogUtils.java:infoOrTrace(149)) - 9dbd5372-55c2-4532-b354-9494d3d545d2@group-F367C8FA5986-LeaderElection387 got exception when requesting votes: {}
java.util.concurrent.ExecutionException: org.apache.ratis.thirdparty.io.grpc.StatusRuntimeException: UNAVAILABLE: io exception
	at java.util.concurrent.FutureTask.report(FutureTask.java:122)
	at java.util.concurrent.FutureTask.get(FutureTask.java:192)
	at org.apache.ratis.server.impl.LeaderElection.waitForResults(LeaderElection.java:259)
	at org.apache.ratis.server.impl.LeaderElection.askForVotes(LeaderElection.java:197)
	at org.apache.ratis.server.impl.LeaderElection.run(LeaderElection.java:133)
	at java.lang.Thread.run(Thread.java:748)
Caused by: org.apache.ratis.thirdparty.io.grpc.StatusRuntimeException: UNAVAILABLE: io exception
	at org.apache.ratis.thirdparty.io.grpc.stub.ClientCalls.toStatusRuntimeException(ClientCalls.java:233)
	at org.apache.ratis.thirdparty.io.grpc.stub.ClientCalls.getUnchecked(ClientCalls.java:214)
	at org.apache.ratis.thirdparty.io.grpc.stub.ClientCalls.blockingUnaryCall(ClientCalls.java:139)
	at org.apache.ratis.proto.grpc.RaftServerProtocolServiceGrpc$RaftServerProtocolServiceBlockingStub.requestVote(RaftServerProtocolServiceGrpc.java:265)
	at org.apache.ratis.grpc.server.GrpcServerProtocolClient.requestVote(GrpcServerProtocolClient.java:99)
	at org.apache.ratis.grpc.server.GrpcService.requestVote(GrpcService.java:204)
	at org.apache.ratis.server.impl.LeaderElection.lambda$submitRequests$1(LeaderElection.java:234)
	at java.util.concurrent.FutureTask.run(FutureTask.java:266)
	at java.util.concurrent.Executors$RunnableAdapter.call(Executors.java:511)
	at java.util.concurrent.FutureTask.run(FutureTask.java:266)
	at java.util.concurrent.ThreadPoolExecutor.runWorker(ThreadPoolExecutor.java:1149)
	at java.util.concurrent.ThreadPoolExecutor$Worker.run(ThreadPoolExecutor.java:624)
	... 1 more
Caused by: org.apache.ratis.thirdparty.io.netty.channel.AbstractChannel$AnnotatedConnectException: Connection refused: /192.168.157.220:43236
	at sun.nio.ch.SocketChannelImpl.checkConnect(Native Method)
	at sun.nio.ch.SocketChannelImpl.finishConnect(SocketChannelImpl.java:717)
	at org.apache.ratis.thirdparty.io.netty.channel.socket.nio.NioSocketChannel.doFinishConnect(NioSocketChannel.java:327)
	at org.apache.ratis.thirdparty.io.netty.channel.nio.AbstractNioChannel$AbstractNioUnsafe.finishConnect(AbstractNioChannel.java:340)
	at org.apache.ratis.thirdparty.io.netty.channel.nio.NioEventLoop.processSelectedKey(NioEventLoop.java:632)
	at org.apache.ratis.thirdparty.io.netty.channel.nio.NioEventLoop.processSelectedKeysOptimized(NioEventLoop.java:579)
	at org.apache.ratis.thirdparty.io.netty.channel.nio.NioEventLoop.processSelectedKeys(NioEventLoop.java:496)
	at org.apache.ratis.thirdparty.io.netty.channel.nio.NioEventLoop.run(NioEventLoop.java:458)
	at org.apache.ratis.thirdparty.io.netty.util.concurrent.SingleThreadEventExecutor$5.run(SingleThreadEventExecutor.java:897)
	at org.apache.ratis.thirdparty.io.netty.util.concurrent.FastThreadLocalRunnable.run(FastThreadLocalRunnable.java:30)
	... 1 more
Caused by: java.net.ConnectException: Connection refused
	... 11 more
2019-10-30 11:52:59,224 [grpc-default-executor-8] INFO  impl.RaftServerImpl (RaftServerImpl.java:setRole(184)) - 9b3ef6c9-0245-4756-bf80-45d41f7a4453@group-F367C8FA5986: changes role from  FOLLOWER to FOLLOWER at term 202 for recognizeCandidate:9dbd5372-55c2-4532-b354-9494d3d545d2
2019-10-30 11:52:59,224 [grpc-default-executor-8] INFO  impl.RoleInfo (RoleInfo.java:shutdownFollowerState(121)) - 9b3ef6c9-0245-4756-bf80-45d41f7a4453: shutdown FollowerState
2019-10-30 11:52:59,224 [grpc-default-executor-8] INFO  impl.RoleInfo (RoleInfo.java:updateAndGet(143)) - 9b3ef6c9-0245-4756-bf80-45d41f7a4453: start FollowerState
2019-10-30 11:52:59,224 [Thread-2994] INFO  impl.FollowerState (FollowerState.java:run(117)) - 9b3ef6c9-0245-4756-bf80-45d41f7a4453@group-F367C8FA5986-FollowerState was interrupted: java.lang.InterruptedException: sleep interrupted
2019-10-30 11:52:59,245 [9dbd5372-55c2-4532-b354-9494d3d545d2@group-F367C8FA5986-LeaderElection387] INFO  impl.LeaderElection (LeaderElection.java:logAndReturn(56)) - 9dbd5372-55c2-4532-b354-9494d3d545d2@group-F367C8FA5986-LeaderElection387: Election REJECTED; received 1 response(s) [9dbd5372-55c2-4532-b354-9494d3d545d2<-9b3ef6c9-0245-4756-bf80-45d41f7a4453#0:FAIL-t202] and 1 exception(s); 9dbd5372-55c2-4532-b354-9494d3d545d2@group-F367C8FA5986:t202, leader=null, voted=9dbd5372-55c2-4532-b354-9494d3d545d2, raftlog=9dbd5372-55c2-4532-b354-9494d3d545d2@group-F367C8FA5986-SegmentedRaftLog:OPENED:c-1,f-1,i0, conf=-1: [9b3ef6c9-0245-4756-bf80-45d41f7a4453:192.168.157.220:37058, cd11b2f5-3187-4d03-bd60-931991550c17:192.168.157.220:43236, 9dbd5372-55c2-4532-b354-9494d3d545d2:192.168.157.220:42993], old=null
2019-10-30 11:52:59,245 [9dbd5372-55c2-4532-b354-9494d3d545d2@group-F367C8FA5986-LeaderElection387] INFO  impl.LeaderElection (LogUtils.java:infoOrTrace(149)) -   Exception 0: {}
java.util.concurrent.ExecutionException: org.apache.ratis.thirdparty.io.grpc.StatusRuntimeException: UNAVAILABLE: io exception
	at java.util.concurrent.FutureTask.report(FutureTask.java:122)
	at java.util.concurrent.FutureTask.get(FutureTask.java:192)
	at org.apache.ratis.server.impl.LeaderElection.waitForResults(LeaderElection.java:259)
	at org.apache.ratis.server.impl.LeaderElection.askForVotes(LeaderElection.java:197)
	at org.apache.ratis.server.impl.LeaderElection.run(LeaderElection.java:133)
	at java.lang.Thread.run(Thread.java:748)
Caused by: org.apache.ratis.thirdparty.io.grpc.StatusRuntimeException: UNAVAILABLE: io exception
	at org.apache.ratis.thirdparty.io.grpc.stub.ClientCalls.toStatusRuntimeException(ClientCalls.java:233)
	at org.apache.ratis.thirdparty.io.grpc.stub.ClientCalls.getUnchecked(ClientCalls.java:214)
	at org.apache.ratis.thirdparty.io.grpc.stub.ClientCalls.blockingUnaryCall(ClientCalls.java:139)
	at org.apache.ratis.proto.grpc.RaftServerProtocolServiceGrpc$RaftServerProtocolServiceBlockingStub.requestVote(RaftServerProtocolServiceGrpc.java:265)
	at org.apache.ratis.grpc.server.GrpcServerProtocolClient.requestVote(GrpcServerProtocolClient.java:99)
	at org.apache.ratis.grpc.server.GrpcService.requestVote(GrpcService.java:204)
	at org.apache.ratis.server.impl.LeaderElection.lambda$submitRequests$1(LeaderElection.java:234)
	at java.util.concurrent.FutureTask.run(FutureTask.java:266)
	at java.util.concurrent.Executors$RunnableAdapter.call(Executors.java:511)
	at java.util.concurrent.FutureTask.run(FutureTask.java:266)
	at java.util.concurrent.ThreadPoolExecutor.runWorker(ThreadPoolExecutor.java:1149)
	at java.util.concurrent.ThreadPoolExecutor$Worker.run(ThreadPoolExecutor.java:624)
	... 1 more
Caused by: org.apache.ratis.thirdparty.io.netty.channel.AbstractChannel$AnnotatedConnectException: Connection refused: /192.168.157.220:43236
	at sun.nio.ch.SocketChannelImpl.checkConnect(Native Method)
	at sun.nio.ch.SocketChannelImpl.finishConnect(SocketChannelImpl.java:717)
	at org.apache.ratis.thirdparty.io.netty.channel.socket.nio.NioSocketChannel.doFinishConnect(NioSocketChannel.java:327)
	at org.apache.ratis.thirdparty.io.netty.channel.nio.AbstractNioChannel$AbstractNioUnsafe.finishConnect(AbstractNioChannel.java:340)
	at org.apache.ratis.thirdparty.io.netty.channel.nio.NioEventLoop.processSelectedKey(NioEventLoop.java:632)
	at org.apache.ratis.thirdparty.io.netty.channel.nio.NioEventLoop.processSelectedKeysOptimized(NioEventLoop.java:579)
	at org.apache.ratis.thirdparty.io.netty.channel.nio.NioEventLoop.processSelectedKeys(NioEventLoop.java:496)
	at org.apache.ratis.thirdparty.io.netty.channel.nio.NioEventLoop.run(NioEventLoop.java:458)
	at org.apache.ratis.thirdparty.io.netty.util.concurrent.SingleThreadEventExecutor$5.run(SingleThreadEventExecutor.java:897)
	at org.apache.ratis.thirdparty.io.netty.util.concurrent.FastThreadLocalRunnable.run(FastThreadLocalRunnable.java:30)
	... 1 more
Caused by: java.net.ConnectException: Connection refused
	... 11 more
2019-10-30 11:52:59,246 [9dbd5372-55c2-4532-b354-9494d3d545d2@group-F367C8FA5986-LeaderElection387] INFO  impl.RaftServerImpl (RaftServerImpl.java:setRole(184)) - 9dbd5372-55c2-4532-b354-9494d3d545d2@group-F367C8FA5986: changes role from CANDIDATE to FOLLOWER at term 202 for DISCOVERED_A_NEW_TERM
2019-10-30 11:52:59,246 [9dbd5372-55c2-4532-b354-9494d3d545d2@group-F367C8FA5986-LeaderElection387] INFO  impl.RoleInfo (RoleInfo.java:shutdownLeaderElection(134)) - 9dbd5372-55c2-4532-b354-9494d3d545d2: shutdown LeaderElection
2019-10-30 11:52:59,246 [9dbd5372-55c2-4532-b354-9494d3d545d2@group-F367C8FA5986-LeaderElection387] INFO  impl.RoleInfo (RoleInfo.java:updateAndGet(143)) - 9dbd5372-55c2-4532-b354-9494d3d545d2: start FollowerState
2019-10-30 11:52:59,259 [Thread-3000] INFO  impl.FollowerState (FollowerState.java:run(108)) - 9dbd5372-55c2-4532-b354-9494d3d545d2@group-F367C8FA5986-FollowerState: change to CANDIDATE, lastRpcTime:13ms, electionTimeout:13ms
2019-10-30 11:52:59,260 [Thread-3000] INFO  impl.RoleInfo (RoleInfo.java:shutdownFollowerState(121)) - 9dbd5372-55c2-4532-b354-9494d3d545d2: shutdown FollowerState
2019-10-30 11:52:59,260 [Thread-3000] INFO  impl.RaftServerImpl (RaftServerImpl.java:setRole(184)) - 9dbd5372-55c2-4532-b354-9494d3d545d2@group-F367C8FA5986: changes role from  FOLLOWER to CANDIDATE at term 202 for changeToCandidate
2019-10-30 11:52:59,260 [Thread-3000] INFO  impl.RoleInfo (RoleInfo.java:updateAndGet(143)) - 9dbd5372-55c2-4532-b354-9494d3d545d2: start LeaderElection
2019-10-30 11:52:59,273 [9dbd5372-55c2-4532-b354-9494d3d545d2@group-F367C8FA5986-LeaderElection388] INFO  impl.LeaderElection (LeaderElection.java:askForVotes(178)) - 9dbd5372-55c2-4532-b354-9494d3d545d2@group-F367C8FA5986-LeaderElection388: begin an election at term 203 for -1: [9b3ef6c9-0245-4756-bf80-45d41f7a4453:192.168.157.220:37058, cd11b2f5-3187-4d03-bd60-931991550c17:192.168.157.220:43236, 9dbd5372-55c2-4532-b354-9494d3d545d2:192.168.157.220:42993], old=null
2019-10-30 11:52:59,275 [9dbd5372-55c2-4532-b354-9494d3d545d2@group-F367C8FA5986-LeaderElection388] INFO  impl.LeaderElection (LogUtils.java:infoOrTrace(149)) - 9dbd5372-55c2-4532-b354-9494d3d545d2@group-F367C8FA5986-LeaderElection388 got exception when requesting votes: {}
java.util.concurrent.ExecutionException: org.apache.ratis.thirdparty.io.grpc.StatusRuntimeException: UNAVAILABLE: io exception
	at java.util.concurrent.FutureTask.report(FutureTask.java:122)
	at java.util.concurrent.FutureTask.get(FutureTask.java:192)
	at org.apache.ratis.server.impl.LeaderElection.waitForResults(LeaderElection.java:259)
	at org.apache.ratis.server.impl.LeaderElection.askForVotes(LeaderElection.java:197)
	at org.apache.ratis.server.impl.LeaderElection.run(LeaderElection.java:133)
	at java.lang.Thread.run(Thread.java:748)
Caused by: org.apache.ratis.thirdparty.io.grpc.StatusRuntimeException: UNAVAILABLE: io exception
	at org.apache.ratis.thirdparty.io.grpc.stub.ClientCalls.toStatusRuntimeException(ClientCalls.java:233)
	at org.apache.ratis.thirdparty.io.grpc.stub.ClientCalls.getUnchecked(ClientCalls.java:214)
	at org.apache.ratis.thirdparty.io.grpc.stub.ClientCalls.blockingUnaryCall(ClientCalls.java:139)
	at org.apache.ratis.proto.grpc.RaftServerProtocolServiceGrpc$RaftServerProtocolServiceBlockingStub.requestVote(RaftServerProtocolServiceGrpc.java:265)
	at org.apache.ratis.grpc.server.GrpcServerProtocolClient.requestVote(GrpcServerProtocolClient.java:99)
	at org.apache.ratis.grpc.server.GrpcService.requestVote(GrpcService.java:204)
	at org.apache.ratis.server.impl.LeaderElection.lambda$submitRequests$1(LeaderElection.java:234)
	at java.util.concurrent.FutureTask.run(FutureTask.java:266)
	at java.util.concurrent.Executors$RunnableAdapter.call(Executors.java:511)
	at java.util.concurrent.FutureTask.run(FutureTask.java:266)
	at java.util.concurrent.ThreadPoolExecutor.runWorker(ThreadPoolExecutor.java:1149)
	at java.util.concurrent.ThreadPoolExecutor$Worker.run(ThreadPoolExecutor.java:624)
	... 1 more
Caused by: org.apache.ratis.thirdparty.io.netty.channel.AbstractChannel$AnnotatedConnectException: Connection refused: /192.168.157.220:43236
	at sun.nio.ch.SocketChannelImpl.checkConnect(Native Method)
	at sun.nio.ch.SocketChannelImpl.finishConnect(SocketChannelImpl.java:717)
	at org.apache.ratis.thirdparty.io.netty.channel.socket.nio.NioSocketChannel.doFinishConnect(NioSocketChannel.java:327)
	at org.apache.ratis.thirdparty.io.netty.channel.nio.AbstractNioChannel$AbstractNioUnsafe.finishConnect(AbstractNioChannel.java:340)
	at org.apache.ratis.thirdparty.io.netty.channel.nio.NioEventLoop.processSelectedKey(NioEventLoop.java:632)
	at org.apache.ratis.thirdparty.io.netty.channel.nio.NioEventLoop.processSelectedKeysOptimized(NioEventLoop.java:579)
	at org.apache.ratis.thirdparty.io.netty.channel.nio.NioEventLoop.processSelectedKeys(NioEventLoop.java:496)
	at org.apache.ratis.thirdparty.io.netty.channel.nio.NioEventLoop.run(NioEventLoop.java:458)
	at org.apache.ratis.thirdparty.io.netty.util.concurrent.SingleThreadEventExecutor$5.run(SingleThreadEventExecutor.java:897)
	at org.apache.ratis.thirdparty.io.netty.util.concurrent.FastThreadLocalRunnable.run(FastThreadLocalRunnable.java:30)
	... 1 more
Caused by: java.net.ConnectException: Connection refused
	... 11 more
2019-10-30 11:52:59,282 [grpc-default-executor-8] INFO  impl.RaftServerImpl (RaftServerImpl.java:setRole(184)) - 9b3ef6c9-0245-4756-bf80-45d41f7a4453@group-F367C8FA5986: changes role from  FOLLOWER to FOLLOWER at term 203 for recognizeCandidate:9dbd5372-55c2-4532-b354-9494d3d545d2
2019-10-30 11:52:59,282 [grpc-default-executor-8] INFO  impl.RoleInfo (RoleInfo.java:shutdownFollowerState(121)) - 9b3ef6c9-0245-4756-bf80-45d41f7a4453: shutdown FollowerState
2019-10-30 11:52:59,282 [grpc-default-executor-8] INFO  impl.RoleInfo (RoleInfo.java:updateAndGet(143)) - 9b3ef6c9-0245-4756-bf80-45d41f7a4453: start FollowerState
2019-10-30 11:52:59,282 [Thread-2999] INFO  impl.FollowerState (FollowerState.java:run(117)) - 9b3ef6c9-0245-4756-bf80-45d41f7a4453@group-F367C8FA5986-FollowerState was interrupted: java.lang.InterruptedException: sleep interrupted
2019-10-30 11:52:59,288 [9dbd5372-55c2-4532-b354-9494d3d545d2@group-F367C8FA5986-LeaderElection388] INFO  impl.LeaderElection (LeaderElection.java:logAndReturn(56)) - 9dbd5372-55c2-4532-b354-9494d3d545d2@group-F367C8FA5986-LeaderElection388: Election REJECTED; received 1 response(s) [9dbd5372-55c2-4532-b354-9494d3d545d2<-9b3ef6c9-0245-4756-bf80-45d41f7a4453#0:FAIL-t203] and 1 exception(s); 9dbd5372-55c2-4532-b354-9494d3d545d2@group-F367C8FA5986:t203, leader=null, voted=9dbd5372-55c2-4532-b354-9494d3d545d2, raftlog=9dbd5372-55c2-4532-b354-9494d3d545d2@group-F367C8FA5986-SegmentedRaftLog:OPENED:c-1,f-1,i0, conf=-1: [9b3ef6c9-0245-4756-bf80-45d41f7a4453:192.168.157.220:37058, cd11b2f5-3187-4d03-bd60-931991550c17:192.168.157.220:43236, 9dbd5372-55c2-4532-b354-9494d3d545d2:192.168.157.220:42993], old=null
2019-10-30 11:52:59,288 [9dbd5372-55c2-4532-b354-9494d3d545d2@group-F367C8FA5986-LeaderElection388] INFO  impl.LeaderElection (LogUtils.java:infoOrTrace(149)) -   Exception 0: {}
java.util.concurrent.ExecutionException: org.apache.ratis.thirdparty.io.grpc.StatusRuntimeException: UNAVAILABLE: io exception
	at java.util.concurrent.FutureTask.report(FutureTask.java:122)
	at java.util.concurrent.FutureTask.get(FutureTask.java:192)
	at org.apache.ratis.server.impl.LeaderElection.waitForResults(LeaderElection.java:259)
	at org.apache.ratis.server.impl.LeaderElection.askForVotes(LeaderElection.java:197)
	at org.apache.ratis.server.impl.LeaderElection.run(LeaderElection.java:133)
	at java.lang.Thread.run(Thread.java:748)
Caused by: org.apache.ratis.thirdparty.io.grpc.StatusRuntimeException: UNAVAILABLE: io exception
	at org.apache.ratis.thirdparty.io.grpc.stub.ClientCalls.toStatusRuntimeException(ClientCalls.java:233)
	at org.apache.ratis.thirdparty.io.grpc.stub.ClientCalls.getUnchecked(ClientCalls.java:214)
	at org.apache.ratis.thirdparty.io.grpc.stub.ClientCalls.blockingUnaryCall(ClientCalls.java:139)
	at org.apache.ratis.proto.grpc.RaftServerProtocolServiceGrpc$RaftServerProtocolServiceBlockingStub.requestVote(RaftServerProtocolServiceGrpc.java:265)
	at org.apache.ratis.grpc.server.GrpcServerProtocolClient.requestVote(GrpcServerProtocolClient.java:99)
	at org.apache.ratis.grpc.server.GrpcService.requestVote(GrpcService.java:204)
	at org.apache.ratis.server.impl.LeaderElection.lambda$submitRequests$1(LeaderElection.java:234)
	at java.util.concurrent.FutureTask.run(FutureTask.java:266)
	at java.util.concurrent.Executors$RunnableAdapter.call(Executors.java:511)
	at java.util.concurrent.FutureTask.run(FutureTask.java:266)
	at java.util.concurrent.ThreadPoolExecutor.runWorker(ThreadPoolExecutor.java:1149)
	at java.util.concurrent.ThreadPoolExecutor$Worker.run(ThreadPoolExecutor.java:624)
	... 1 more
Caused by: org.apache.ratis.thirdparty.io.netty.channel.AbstractChannel$AnnotatedConnectException: Connection refused: /192.168.157.220:43236
	at sun.nio.ch.SocketChannelImpl.checkConnect(Native Method)
	at sun.nio.ch.SocketChannelImpl.finishConnect(SocketChannelImpl.java:717)
	at org.apache.ratis.thirdparty.io.netty.channel.socket.nio.NioSocketChannel.doFinishConnect(NioSocketChannel.java:327)
	at org.apache.ratis.thirdparty.io.netty.channel.nio.AbstractNioChannel$AbstractNioUnsafe.finishConnect(AbstractNioChannel.java:340)
	at org.apache.ratis.thirdparty.io.netty.channel.nio.NioEventLoop.processSelectedKey(NioEventLoop.java:632)
	at org.apache.ratis.thirdparty.io.netty.channel.nio.NioEventLoop.processSelectedKeysOptimized(NioEventLoop.java:579)
	at org.apache.ratis.thirdparty.io.netty.channel.nio.NioEventLoop.processSelectedKeys(NioEventLoop.java:496)
	at org.apache.ratis.thirdparty.io.netty.channel.nio.NioEventLoop.run(NioEventLoop.java:458)
	at org.apache.ratis.thirdparty.io.netty.util.concurrent.SingleThreadEventExecutor$5.run(SingleThreadEventExecutor.java:897)
	at org.apache.ratis.thirdparty.io.netty.util.concurrent.FastThreadLocalRunnable.run(FastThreadLocalRunnable.java:30)
	... 1 more
Caused by: java.net.ConnectException: Connection refused
	... 11 more
2019-10-30 11:52:59,289 [9dbd5372-55c2-4532-b354-9494d3d545d2@group-F367C8FA5986-LeaderElection388] INFO  impl.RaftServerImpl (RaftServerImpl.java:setRole(184)) - 9dbd5372-55c2-4532-b354-9494d3d545d2@group-F367C8FA5986: changes role from CANDIDATE to FOLLOWER at term 203 for DISCOVERED_A_NEW_TERM
2019-10-30 11:52:59,289 [9dbd5372-55c2-4532-b354-9494d3d545d2@group-F367C8FA5986-LeaderElection388] INFO  impl.RoleInfo (RoleInfo.java:shutdownLeaderElection(134)) - 9dbd5372-55c2-4532-b354-9494d3d545d2: shutdown LeaderElection
2019-10-30 11:52:59,289 [9dbd5372-55c2-4532-b354-9494d3d545d2@group-F367C8FA5986-LeaderElection388] INFO  impl.RoleInfo (RoleInfo.java:updateAndGet(143)) - 9dbd5372-55c2-4532-b354-9494d3d545d2: start FollowerState
2019-10-30 11:52:59,303 [Thread-2993] INFO  impl.FollowerState (FollowerState.java:run(108)) - f26e10ed-fb17-49e6-a903-eadc130d13d1@group-83984122B78E-FollowerState: change to CANDIDATE, lastRpcTime:170ms, electionTimeout:168ms
2019-10-30 11:52:59,303 [Thread-2993] INFO  impl.RoleInfo (RoleInfo.java:shutdownFollowerState(121)) - f26e10ed-fb17-49e6-a903-eadc130d13d1: shutdown FollowerState
2019-10-30 11:52:59,303 [Thread-2993] INFO  impl.RaftServerImpl (RaftServerImpl.java:setRole(184)) - f26e10ed-fb17-49e6-a903-eadc130d13d1@group-83984122B78E: changes role from  FOLLOWER to CANDIDATE at term 212 for changeToCandidate
2019-10-30 11:52:59,303 [Thread-2993] INFO  impl.RoleInfo (RoleInfo.java:updateAndGet(143)) - f26e10ed-fb17-49e6-a903-eadc130d13d1: start LeaderElection
2019-10-30 11:52:59,312 [f26e10ed-fb17-49e6-a903-eadc130d13d1@group-83984122B78E-LeaderElection389] INFO  impl.LeaderElection (LeaderElection.java:askForVotes(178)) - f26e10ed-fb17-49e6-a903-eadc130d13d1@group-83984122B78E-LeaderElection389: begin an election at term 213 for -1: [4f16e274-8663-4a15-9c4c-c81f650ab979:192.168.157.220:38181, 4cc44201-a597-43af-a4ec-5b1b407a6250:192.168.157.220:36685, f26e10ed-fb17-49e6-a903-eadc130d13d1:192.168.157.220:32806], old=null
2019-10-30 11:52:59,313 [f26e10ed-fb17-49e6-a903-eadc130d13d1@group-83984122B78E-LeaderElection389] INFO  impl.LeaderElection (LogUtils.java:infoOrTrace(149)) - f26e10ed-fb17-49e6-a903-eadc130d13d1@group-83984122B78E-LeaderElection389 got exception when requesting votes: {}
java.util.concurrent.ExecutionException: org.apache.ratis.thirdparty.io.grpc.StatusRuntimeException: UNAVAILABLE: io exception
	at java.util.concurrent.FutureTask.report(FutureTask.java:122)
	at java.util.concurrent.FutureTask.get(FutureTask.java:192)
	at org.apache.ratis.server.impl.LeaderElection.waitForResults(LeaderElection.java:259)
	at org.apache.ratis.server.impl.LeaderElection.askForVotes(LeaderElection.java:197)
	at org.apache.ratis.server.impl.LeaderElection.run(LeaderElection.java:133)
	at java.lang.Thread.run(Thread.java:748)
Caused by: org.apache.ratis.thirdparty.io.grpc.StatusRuntimeException: UNAVAILABLE: io exception
	at org.apache.ratis.thirdparty.io.grpc.stub.ClientCalls.toStatusRuntimeException(ClientCalls.java:233)
	at org.apache.ratis.thirdparty.io.grpc.stub.ClientCalls.getUnchecked(ClientCalls.java:214)
	at org.apache.ratis.thirdparty.io.grpc.stub.ClientCalls.blockingUnaryCall(ClientCalls.java:139)
	at org.apache.ratis.proto.grpc.RaftServerProtocolServiceGrpc$RaftServerProtocolServiceBlockingStub.requestVote(RaftServerProtocolServiceGrpc.java:265)
	at org.apache.ratis.grpc.server.GrpcServerProtocolClient.requestVote(GrpcServerProtocolClient.java:99)
	at org.apache.ratis.grpc.server.GrpcService.requestVote(GrpcService.java:204)
	at org.apache.ratis.server.impl.LeaderElection.lambda$submitRequests$1(LeaderElection.java:234)
	at java.util.concurrent.FutureTask.run(FutureTask.java:266)
	at java.util.concurrent.Executors$RunnableAdapter.call(Executors.java:511)
	at java.util.concurrent.FutureTask.run(FutureTask.java:266)
	at java.util.concurrent.ThreadPoolExecutor.runWorker(ThreadPoolExecutor.java:1149)
	at java.util.concurrent.ThreadPoolExecutor$Worker.run(ThreadPoolExecutor.java:624)
	... 1 more
Caused by: org.apache.ratis.thirdparty.io.netty.channel.AbstractChannel$AnnotatedConnectException: Connection refused: /192.168.157.220:38181
	at sun.nio.ch.SocketChannelImpl.checkConnect(Native Method)
	at sun.nio.ch.SocketChannelImpl.finishConnect(SocketChannelImpl.java:717)
	at org.apache.ratis.thirdparty.io.netty.channel.socket.nio.NioSocketChannel.doFinishConnect(NioSocketChannel.java:327)
	at org.apache.ratis.thirdparty.io.netty.channel.nio.AbstractNioChannel$AbstractNioUnsafe.finishConnect(AbstractNioChannel.java:340)
	at org.apache.ratis.thirdparty.io.netty.channel.nio.NioEventLoop.processSelectedKey(NioEventLoop.java:632)
	at org.apache.ratis.thirdparty.io.netty.channel.nio.NioEventLoop.processSelectedKeysOptimized(NioEventLoop.java:579)
	at org.apache.ratis.thirdparty.io.netty.channel.nio.NioEventLoop.processSelectedKeys(NioEventLoop.java:496)
	at org.apache.ratis.thirdparty.io.netty.channel.nio.NioEventLoop.run(NioEventLoop.java:458)
	at org.apache.ratis.thirdparty.io.netty.util.concurrent.SingleThreadEventExecutor$5.run(SingleThreadEventExecutor.java:897)
	at org.apache.ratis.thirdparty.io.netty.util.concurrent.FastThreadLocalRunnable.run(FastThreadLocalRunnable.java:30)
	... 1 more
Caused by: java.net.ConnectException: Connection refused
	... 11 more
2019-10-30 11:52:59,317 [grpc-default-executor-8] INFO  impl.RaftServerImpl (RaftServerImpl.java:setRole(184)) - 4cc44201-a597-43af-a4ec-5b1b407a6250@group-83984122B78E: changes role from  FOLLOWER to FOLLOWER at term 213 for recognizeCandidate:f26e10ed-fb17-49e6-a903-eadc130d13d1
2019-10-30 11:52:59,317 [grpc-default-executor-8] INFO  impl.RoleInfo (RoleInfo.java:shutdownFollowerState(121)) - 4cc44201-a597-43af-a4ec-5b1b407a6250: shutdown FollowerState
2019-10-30 11:52:59,317 [grpc-default-executor-8] INFO  impl.RoleInfo (RoleInfo.java:updateAndGet(143)) - 4cc44201-a597-43af-a4ec-5b1b407a6250: start FollowerState
2019-10-30 11:52:59,317 [Thread-2987] INFO  impl.FollowerState (FollowerState.java:run(117)) - 4cc44201-a597-43af-a4ec-5b1b407a6250@group-83984122B78E-FollowerState was interrupted: java.lang.InterruptedException: sleep interrupted
2019-10-30 11:52:59,321 [f26e10ed-fb17-49e6-a903-eadc130d13d1@group-83984122B78E-LeaderElection389] INFO  impl.LeaderElection (LeaderElection.java:logAndReturn(56)) - f26e10ed-fb17-49e6-a903-eadc130d13d1@group-83984122B78E-LeaderElection389: Election REJECTED; received 1 response(s) [f26e10ed-fb17-49e6-a903-eadc130d13d1<-4cc44201-a597-43af-a4ec-5b1b407a6250#0:FAIL-t213] and 1 exception(s); f26e10ed-fb17-49e6-a903-eadc130d13d1@group-83984122B78E:t213, leader=null, voted=f26e10ed-fb17-49e6-a903-eadc130d13d1, raftlog=f26e10ed-fb17-49e6-a903-eadc130d13d1@group-83984122B78E-SegmentedRaftLog:OPENED:c-1,f-1,i0, conf=-1: [4f16e274-8663-4a15-9c4c-c81f650ab979:192.168.157.220:38181, 4cc44201-a597-43af-a4ec-5b1b407a6250:192.168.157.220:36685, f26e10ed-fb17-49e6-a903-eadc130d13d1:192.168.157.220:32806], old=null
2019-10-30 11:52:59,321 [f26e10ed-fb17-49e6-a903-eadc130d13d1@group-83984122B78E-LeaderElection389] INFO  impl.LeaderElection (LogUtils.java:infoOrTrace(149)) -   Exception 0: {}
java.util.concurrent.ExecutionException: org.apache.ratis.thirdparty.io.grpc.StatusRuntimeException: UNAVAILABLE: io exception
	at java.util.concurrent.FutureTask.report(FutureTask.java:122)
	at java.util.concurrent.FutureTask.get(FutureTask.java:192)
	at org.apache.ratis.server.impl.LeaderElection.waitForResults(LeaderElection.java:259)
	at org.apache.ratis.server.impl.LeaderElection.askForVotes(LeaderElection.java:197)
	at org.apache.ratis.server.impl.LeaderElection.run(LeaderElection.java:133)
	at java.lang.Thread.run(Thread.java:748)
Caused by: org.apache.ratis.thirdparty.io.grpc.StatusRuntimeException: UNAVAILABLE: io exception
	at org.apache.ratis.thirdparty.io.grpc.stub.ClientCalls.toStatusRuntimeException(ClientCalls.java:233)
	at org.apache.ratis.thirdparty.io.grpc.stub.ClientCalls.getUnchecked(ClientCalls.java:214)
	at org.apache.ratis.thirdparty.io.grpc.stub.ClientCalls.blockingUnaryCall(ClientCalls.java:139)
	at org.apache.ratis.proto.grpc.RaftServerProtocolServiceGrpc$RaftServerProtocolServiceBlockingStub.requestVote(RaftServerProtocolServiceGrpc.java:265)
	at org.apache.ratis.grpc.server.GrpcServerProtocolClient.requestVote(GrpcServerProtocolClient.java:99)
	at org.apache.ratis.grpc.server.GrpcService.requestVote(GrpcService.java:204)
	at org.apache.ratis.server.impl.LeaderElection.lambda$submitRequests$1(LeaderElection.java:234)
	at java.util.concurrent.FutureTask.run(FutureTask.java:266)
	at java.util.concurrent.Executors$RunnableAdapter.call(Executors.java:511)
	at java.util.concurrent.FutureTask.run(FutureTask.java:266)
	at java.util.concurrent.ThreadPoolExecutor.runWorker(ThreadPoolExecutor.java:1149)
	at java.util.concurrent.ThreadPoolExecutor$Worker.run(ThreadPoolExecutor.java:624)
	... 1 more
Caused by: org.apache.ratis.thirdparty.io.netty.channel.AbstractChannel$AnnotatedConnectException: Connection refused: /192.168.157.220:38181
	at sun.nio.ch.SocketChannelImpl.checkConnect(Native Method)
	at sun.nio.ch.SocketChannelImpl.finishConnect(SocketChannelImpl.java:717)
	at org.apache.ratis.thirdparty.io.netty.channel.socket.nio.NioSocketChannel.doFinishConnect(NioSocketChannel.java:327)
	at org.apache.ratis.thirdparty.io.netty.channel.nio.AbstractNioChannel$AbstractNioUnsafe.finishConnect(AbstractNioChannel.java:340)
	at org.apache.ratis.thirdparty.io.netty.channel.nio.NioEventLoop.processSelectedKey(NioEventLoop.java:632)
	at org.apache.ratis.thirdparty.io.netty.channel.nio.NioEventLoop.processSelectedKeysOptimized(NioEventLoop.java:579)
	at org.apache.ratis.thirdparty.io.netty.channel.nio.NioEventLoop.processSelectedKeys(NioEventLoop.java:496)
	at org.apache.ratis.thirdparty.io.netty.channel.nio.NioEventLoop.run(NioEventLoop.java:458)
	at org.apache.ratis.thirdparty.io.netty.util.concurrent.SingleThreadEventExecutor$5.run(SingleThreadEventExecutor.java:897)
	at org.apache.ratis.thirdparty.io.netty.util.concurrent.FastThreadLocalRunnable.run(FastThreadLocalRunnable.java:30)
	... 1 more
Caused by: java.net.ConnectException: Connection refused
	... 11 more
2019-10-30 11:52:59,321 [f26e10ed-fb17-49e6-a903-eadc130d13d1@group-83984122B78E-LeaderElection389] INFO  impl.RaftServerImpl (RaftServerImpl.java:setRole(184)) - f26e10ed-fb17-49e6-a903-eadc130d13d1@group-83984122B78E: changes role from CANDIDATE to FOLLOWER at term 213 for DISCOVERED_A_NEW_TERM
2019-10-30 11:52:59,321 [f26e10ed-fb17-49e6-a903-eadc130d13d1@group-83984122B78E-LeaderElection389] INFO  impl.RoleInfo (RoleInfo.java:shutdownLeaderElection(134)) - f26e10ed-fb17-49e6-a903-eadc130d13d1: shutdown LeaderElection
2019-10-30 11:52:59,321 [f26e10ed-fb17-49e6-a903-eadc130d13d1@group-83984122B78E-LeaderElection389] INFO  impl.RoleInfo (RoleInfo.java:updateAndGet(143)) - f26e10ed-fb17-49e6-a903-eadc130d13d1: start FollowerState
2019-10-30 11:52:59,414 [Thread-3005] INFO  impl.FollowerState (FollowerState.java:run(108)) - 9dbd5372-55c2-4532-b354-9494d3d545d2@group-F367C8FA5986-FollowerState: change to CANDIDATE, lastRpcTime:125ms, electionTimeout:125ms
2019-10-30 11:52:59,414 [Thread-3005] INFO  impl.RoleInfo (RoleInfo.java:shutdownFollowerState(121)) - 9dbd5372-55c2-4532-b354-9494d3d545d2: shutdown FollowerState
2019-10-30 11:52:59,415 [Thread-3005] INFO  impl.RaftServerImpl (RaftServerImpl.java:setRole(184)) - 9dbd5372-55c2-4532-b354-9494d3d545d2@group-F367C8FA5986: changes role from  FOLLOWER to CANDIDATE at term 203 for changeToCandidate
2019-10-30 11:52:59,415 [Thread-3005] INFO  impl.RoleInfo (RoleInfo.java:updateAndGet(143)) - 9dbd5372-55c2-4532-b354-9494d3d545d2: start LeaderElection
2019-10-30 11:52:59,421 [9dbd5372-55c2-4532-b354-9494d3d545d2@group-F367C8FA5986-LeaderElection390] INFO  impl.LeaderElection (LeaderElection.java:askForVotes(178)) - 9dbd5372-55c2-4532-b354-9494d3d545d2@group-F367C8FA5986-LeaderElection390: begin an election at term 204 for -1: [9b3ef6c9-0245-4756-bf80-45d41f7a4453:192.168.157.220:37058, cd11b2f5-3187-4d03-bd60-931991550c17:192.168.157.220:43236, 9dbd5372-55c2-4532-b354-9494d3d545d2:192.168.157.220:42993], old=null
2019-10-30 11:52:59,422 [9dbd5372-55c2-4532-b354-9494d3d545d2@group-F367C8FA5986-LeaderElection390] INFO  impl.LeaderElection (LogUtils.java:infoOrTrace(149)) - 9dbd5372-55c2-4532-b354-9494d3d545d2@group-F367C8FA5986-LeaderElection390 got exception when requesting votes: {}
java.util.concurrent.ExecutionException: org.apache.ratis.thirdparty.io.grpc.StatusRuntimeException: UNAVAILABLE: io exception
	at java.util.concurrent.FutureTask.report(FutureTask.java:122)
	at java.util.concurrent.FutureTask.get(FutureTask.java:192)
	at org.apache.ratis.server.impl.LeaderElection.waitForResults(LeaderElection.java:259)
	at org.apache.ratis.server.impl.LeaderElection.askForVotes(LeaderElection.java:197)
	at org.apache.ratis.server.impl.LeaderElection.run(LeaderElection.java:133)
	at java.lang.Thread.run(Thread.java:748)
Caused by: org.apache.ratis.thirdparty.io.grpc.StatusRuntimeException: UNAVAILABLE: io exception
	at org.apache.ratis.thirdparty.io.grpc.stub.ClientCalls.toStatusRuntimeException(ClientCalls.java:233)
	at org.apache.ratis.thirdparty.io.grpc.stub.ClientCalls.getUnchecked(ClientCalls.java:214)
	at org.apache.ratis.thirdparty.io.grpc.stub.ClientCalls.blockingUnaryCall(ClientCalls.java:139)
	at org.apache.ratis.proto.grpc.RaftServerProtocolServiceGrpc$RaftServerProtocolServiceBlockingStub.requestVote(RaftServerProtocolServiceGrpc.java:265)
	at org.apache.ratis.grpc.server.GrpcServerProtocolClient.requestVote(GrpcServerProtocolClient.java:99)
	at org.apache.ratis.grpc.server.GrpcService.requestVote(GrpcService.java:204)
	at org.apache.ratis.server.impl.LeaderElection.lambda$submitRequests$1(LeaderElection.java:234)
	at java.util.concurrent.FutureTask.run(FutureTask.java:266)
	at java.util.concurrent.Executors$RunnableAdapter.call(Executors.java:511)
	at java.util.concurrent.FutureTask.run(FutureTask.java:266)
	at java.util.concurrent.ThreadPoolExecutor.runWorker(ThreadPoolExecutor.java:1149)
	at java.util.concurrent.ThreadPoolExecutor$Worker.run(ThreadPoolExecutor.java:624)
	... 1 more
Caused by: org.apache.ratis.thirdparty.io.netty.channel.AbstractChannel$AnnotatedConnectException: Connection refused: /192.168.157.220:43236
	at sun.nio.ch.SocketChannelImpl.checkConnect(Native Method)
	at sun.nio.ch.SocketChannelImpl.finishConnect(SocketChannelImpl.java:717)
	at org.apache.ratis.thirdparty.io.netty.channel.socket.nio.NioSocketChannel.doFinishConnect(NioSocketChannel.java:327)
	at org.apache.ratis.thirdparty.io.netty.channel.nio.AbstractNioChannel$AbstractNioUnsafe.finishConnect(AbstractNioChannel.java:340)
	at org.apache.ratis.thirdparty.io.netty.channel.nio.NioEventLoop.processSelectedKey(NioEventLoop.java:632)
	at org.apache.ratis.thirdparty.io.netty.channel.nio.NioEventLoop.processSelectedKeysOptimized(NioEventLoop.java:579)
	at org.apache.ratis.thirdparty.io.netty.channel.nio.NioEventLoop.processSelectedKeys(NioEventLoop.java:496)
	at org.apache.ratis.thirdparty.io.netty.channel.nio.NioEventLoop.run(NioEventLoop.java:458)
	at org.apache.ratis.thirdparty.io.netty.util.concurrent.SingleThreadEventExecutor$5.run(SingleThreadEventExecutor.java:897)
	at org.apache.ratis.thirdparty.io.netty.util.concurrent.FastThreadLocalRunnable.run(FastThreadLocalRunnable.java:30)
	... 1 more
Caused by: java.net.ConnectException: Connection refused
	... 11 more
2019-10-30 11:52:59,422 [grpc-default-executor-8] INFO  impl.RaftServerImpl (RaftServerImpl.java:setRole(184)) - 9b3ef6c9-0245-4756-bf80-45d41f7a4453@group-F367C8FA5986: changes role from  FOLLOWER to FOLLOWER at term 204 for recognizeCandidate:9dbd5372-55c2-4532-b354-9494d3d545d2
2019-10-30 11:52:59,427 [grpc-default-executor-8] INFO  impl.RoleInfo (RoleInfo.java:shutdownFollowerState(121)) - 9b3ef6c9-0245-4756-bf80-45d41f7a4453: shutdown FollowerState
2019-10-30 11:52:59,427 [grpc-default-executor-8] INFO  impl.RoleInfo (RoleInfo.java:updateAndGet(143)) - 9b3ef6c9-0245-4756-bf80-45d41f7a4453: start FollowerState
2019-10-30 11:52:59,428 [Thread-3004] INFO  impl.FollowerState (FollowerState.java:run(117)) - 9b3ef6c9-0245-4756-bf80-45d41f7a4453@group-F367C8FA5986-FollowerState was interrupted: java.lang.InterruptedException: sleep interrupted
2019-10-30 11:52:59,456 [9dbd5372-55c2-4532-b354-9494d3d545d2@group-F367C8FA5986-LeaderElection390] INFO  impl.LeaderElection (LeaderElection.java:logAndReturn(56)) - 9dbd5372-55c2-4532-b354-9494d3d545d2@group-F367C8FA5986-LeaderElection390: Election REJECTED; received 1 response(s) [9dbd5372-55c2-4532-b354-9494d3d545d2<-9b3ef6c9-0245-4756-bf80-45d41f7a4453#0:FAIL-t204] and 1 exception(s); 9dbd5372-55c2-4532-b354-9494d3d545d2@group-F367C8FA5986:t204, leader=null, voted=9dbd5372-55c2-4532-b354-9494d3d545d2, raftlog=9dbd5372-55c2-4532-b354-9494d3d545d2@group-F367C8FA5986-SegmentedRaftLog:OPENED:c-1,f-1,i0, conf=-1: [9b3ef6c9-0245-4756-bf80-45d41f7a4453:192.168.157.220:37058, cd11b2f5-3187-4d03-bd60-931991550c17:192.168.157.220:43236, 9dbd5372-55c2-4532-b354-9494d3d545d2:192.168.157.220:42993], old=null
2019-10-30 11:52:59,457 [9dbd5372-55c2-4532-b354-9494d3d545d2@group-F367C8FA5986-LeaderElection390] INFO  impl.LeaderElection (LogUtils.java:infoOrTrace(149)) -   Exception 0: {}
java.util.concurrent.ExecutionException: org.apache.ratis.thirdparty.io.grpc.StatusRuntimeException: UNAVAILABLE: io exception
	at java.util.concurrent.FutureTask.report(FutureTask.java:122)
	at java.util.concurrent.FutureTask.get(FutureTask.java:192)
	at org.apache.ratis.server.impl.LeaderElection.waitForResults(LeaderElection.java:259)
	at org.apache.ratis.server.impl.LeaderElection.askForVotes(LeaderElection.java:197)
	at org.apache.ratis.server.impl.LeaderElection.run(LeaderElection.java:133)
	at java.lang.Thread.run(Thread.java:748)
Caused by: org.apache.ratis.thirdparty.io.grpc.StatusRuntimeException: UNAVAILABLE: io exception
	at org.apache.ratis.thirdparty.io.grpc.stub.ClientCalls.toStatusRuntimeException(ClientCalls.java:233)
	at org.apache.ratis.thirdparty.io.grpc.stub.ClientCalls.getUnchecked(ClientCalls.java:214)
	at org.apache.ratis.thirdparty.io.grpc.stub.ClientCalls.blockingUnaryCall(ClientCalls.java:139)
	at org.apache.ratis.proto.grpc.RaftServerProtocolServiceGrpc$RaftServerProtocolServiceBlockingStub.requestVote(RaftServerProtocolServiceGrpc.java:265)
	at org.apache.ratis.grpc.server.GrpcServerProtocolClient.requestVote(GrpcServerProtocolClient.java:99)
	at org.apache.ratis.grpc.server.GrpcService.requestVote(GrpcService.java:204)
	at org.apache.ratis.server.impl.LeaderElection.lambda$submitRequests$1(LeaderElection.java:234)
	at java.util.concurrent.FutureTask.run(FutureTask.java:266)
	at java.util.concurrent.Executors$RunnableAdapter.call(Executors.java:511)
	at java.util.concurrent.FutureTask.run(FutureTask.java:266)
	at java.util.concurrent.ThreadPoolExecutor.runWorker(ThreadPoolExecutor.java:1149)
	at java.util.concurrent.ThreadPoolExecutor$Worker.run(ThreadPoolExecutor.java:624)
	... 1 more
Caused by: org.apache.ratis.thirdparty.io.netty.channel.AbstractChannel$AnnotatedConnectException: Connection refused: /192.168.157.220:43236
	at sun.nio.ch.SocketChannelImpl.checkConnect(Native Method)
	at sun.nio.ch.SocketChannelImpl.finishConnect(SocketChannelImpl.java:717)
	at org.apache.ratis.thirdparty.io.netty.channel.socket.nio.NioSocketChannel.doFinishConnect(NioSocketChannel.java:327)
	at org.apache.ratis.thirdparty.io.netty.channel.nio.AbstractNioChannel$AbstractNioUnsafe.finishConnect(AbstractNioChannel.java:340)
	at org.apache.ratis.thirdparty.io.netty.channel.nio.NioEventLoop.processSelectedKey(NioEventLoop.java:632)
	at org.apache.ratis.thirdparty.io.netty.channel.nio.NioEventLoop.processSelectedKeysOptimized(NioEventLoop.java:579)
	at org.apache.ratis.thirdparty.io.netty.channel.nio.NioEventLoop.processSelectedKeys(NioEventLoop.java:496)
	at org.apache.ratis.thirdparty.io.netty.channel.nio.NioEventLoop.run(NioEventLoop.java:458)
	at org.apache.ratis.thirdparty.io.netty.util.concurrent.SingleThreadEventExecutor$5.run(SingleThreadEventExecutor.java:897)
	at org.apache.ratis.thirdparty.io.netty.util.concurrent.FastThreadLocalRunnable.run(FastThreadLocalRunnable.java:30)
	... 1 more
Caused by: java.net.ConnectException: Connection refused
	... 11 more
2019-10-30 11:52:59,457 [9dbd5372-55c2-4532-b354-9494d3d545d2@group-F367C8FA5986-LeaderElection390] INFO  impl.RaftServerImpl (RaftServerImpl.java:setRole(184)) - 9dbd5372-55c2-4532-b354-9494d3d545d2@group-F367C8FA5986: changes role from CANDIDATE to FOLLOWER at term 204 for DISCOVERED_A_NEW_TERM
2019-10-30 11:52:59,457 [9dbd5372-55c2-4532-b354-9494d3d545d2@group-F367C8FA5986-LeaderElection390] INFO  impl.RoleInfo (RoleInfo.java:shutdownLeaderElection(134)) - 9dbd5372-55c2-4532-b354-9494d3d545d2: shutdown LeaderElection
2019-10-30 11:52:59,457 [9dbd5372-55c2-4532-b354-9494d3d545d2@group-F367C8FA5986-LeaderElection390] INFO  impl.RoleInfo (RoleInfo.java:updateAndGet(143)) - 9dbd5372-55c2-4532-b354-9494d3d545d2: start FollowerState
2019-10-30 11:52:59,493 [Thread-3010] INFO  impl.FollowerState (FollowerState.java:run(108)) - f26e10ed-fb17-49e6-a903-eadc130d13d1@group-83984122B78E-FollowerState: change to CANDIDATE, lastRpcTime:171ms, electionTimeout:171ms
2019-10-30 11:52:59,493 [Thread-3010] INFO  impl.RoleInfo (RoleInfo.java:shutdownFollowerState(121)) - f26e10ed-fb17-49e6-a903-eadc130d13d1: shutdown FollowerState
2019-10-30 11:52:59,493 [Thread-3010] INFO  impl.RaftServerImpl (RaftServerImpl.java:setRole(184)) - f26e10ed-fb17-49e6-a903-eadc130d13d1@group-83984122B78E: changes role from  FOLLOWER to CANDIDATE at term 213 for changeToCandidate
2019-10-30 11:52:59,493 [Thread-3010] INFO  impl.RoleInfo (RoleInfo.java:updateAndGet(143)) - f26e10ed-fb17-49e6-a903-eadc130d13d1: start LeaderElection
2019-10-30 11:52:59,520 [f26e10ed-fb17-49e6-a903-eadc130d13d1@group-83984122B78E-LeaderElection391] INFO  impl.LeaderElection (LeaderElection.java:askForVotes(178)) - f26e10ed-fb17-49e6-a903-eadc130d13d1@group-83984122B78E-LeaderElection391: begin an election at term 214 for -1: [4f16e274-8663-4a15-9c4c-c81f650ab979:192.168.157.220:38181, 4cc44201-a597-43af-a4ec-5b1b407a6250:192.168.157.220:36685, f26e10ed-fb17-49e6-a903-eadc130d13d1:192.168.157.220:32806], old=null
2019-10-30 11:52:59,521 [f26e10ed-fb17-49e6-a903-eadc130d13d1@group-83984122B78E-LeaderElection391] INFO  impl.LeaderElection (LogUtils.java:infoOrTrace(149)) - f26e10ed-fb17-49e6-a903-eadc130d13d1@group-83984122B78E-LeaderElection391 got exception when requesting votes: {}
java.util.concurrent.ExecutionException: org.apache.ratis.thirdparty.io.grpc.StatusRuntimeException: UNAVAILABLE: io exception
	at java.util.concurrent.FutureTask.report(FutureTask.java:122)
	at java.util.concurrent.FutureTask.get(FutureTask.java:192)
	at org.apache.ratis.server.impl.LeaderElection.waitForResults(LeaderElection.java:259)
	at org.apache.ratis.server.impl.LeaderElection.askForVotes(LeaderElection.java:197)
	at org.apache.ratis.server.impl.LeaderElection.run(LeaderElection.java:133)
	at java.lang.Thread.run(Thread.java:748)
Caused by: org.apache.ratis.thirdparty.io.grpc.StatusRuntimeException: UNAVAILABLE: io exception
	at org.apache.ratis.thirdparty.io.grpc.stub.ClientCalls.toStatusRuntimeException(ClientCalls.java:233)
	at org.apache.ratis.thirdparty.io.grpc.stub.ClientCalls.getUnchecked(ClientCalls.java:214)
	at org.apache.ratis.thirdparty.io.grpc.stub.ClientCalls.blockingUnaryCall(ClientCalls.java:139)
	at org.apache.ratis.proto.grpc.RaftServerProtocolServiceGrpc$RaftServerProtocolServiceBlockingStub.requestVote(RaftServerProtocolServiceGrpc.java:265)
	at org.apache.ratis.grpc.server.GrpcServerProtocolClient.requestVote(GrpcServerProtocolClient.java:99)
	at org.apache.ratis.grpc.server.GrpcService.requestVote(GrpcService.java:204)
	at org.apache.ratis.server.impl.LeaderElection.lambda$submitRequests$1(LeaderElection.java:234)
	at java.util.concurrent.FutureTask.run(FutureTask.java:266)
	at java.util.concurrent.Executors$RunnableAdapter.call(Executors.java:511)
	at java.util.concurrent.FutureTask.run(FutureTask.java:266)
	at java.util.concurrent.ThreadPoolExecutor.runWorker(ThreadPoolExecutor.java:1149)
	at java.util.concurrent.ThreadPoolExecutor$Worker.run(ThreadPoolExecutor.java:624)
	... 1 more
Caused by: org.apache.ratis.thirdparty.io.netty.channel.AbstractChannel$AnnotatedConnectException: Connection refused: /192.168.157.220:38181
	at sun.nio.ch.SocketChannelImpl.checkConnect(Native Method)
	at sun.nio.ch.SocketChannelImpl.finishConnect(SocketChannelImpl.java:717)
	at org.apache.ratis.thirdparty.io.netty.channel.socket.nio.NioSocketChannel.doFinishConnect(NioSocketChannel.java:327)
	at org.apache.ratis.thirdparty.io.netty.channel.nio.AbstractNioChannel$AbstractNioUnsafe.finishConnect(AbstractNioChannel.java:340)
	at org.apache.ratis.thirdparty.io.netty.channel.nio.NioEventLoop.processSelectedKey(NioEventLoop.java:632)
	at org.apache.ratis.thirdparty.io.netty.channel.nio.NioEventLoop.processSelectedKeysOptimized(NioEventLoop.java:579)
	at org.apache.ratis.thirdparty.io.netty.channel.nio.NioEventLoop.processSelectedKeys(NioEventLoop.java:496)
	at org.apache.ratis.thirdparty.io.netty.channel.nio.NioEventLoop.run(NioEventLoop.java:458)
	at org.apache.ratis.thirdparty.io.netty.util.concurrent.SingleThreadEventExecutor$5.run(SingleThreadEventExecutor.java:897)
	at org.apache.ratis.thirdparty.io.netty.util.concurrent.FastThreadLocalRunnable.run(FastThreadLocalRunnable.java:30)
	... 1 more
Caused by: java.net.ConnectException: Connection refused
	... 11 more
2019-10-30 11:52:59,524 [grpc-default-executor-8] INFO  impl.RaftServerImpl (RaftServerImpl.java:setRole(184)) - 4cc44201-a597-43af-a4ec-5b1b407a6250@group-83984122B78E: changes role from  FOLLOWER to FOLLOWER at term 214 for recognizeCandidate:f26e10ed-fb17-49e6-a903-eadc130d13d1
2019-10-30 11:52:59,524 [grpc-default-executor-8] INFO  impl.RoleInfo (RoleInfo.java:shutdownFollowerState(121)) - 4cc44201-a597-43af-a4ec-5b1b407a6250: shutdown FollowerState
2019-10-30 11:52:59,524 [grpc-default-executor-8] INFO  impl.RoleInfo (RoleInfo.java:updateAndGet(143)) - 4cc44201-a597-43af-a4ec-5b1b407a6250: start FollowerState
2019-10-30 11:52:59,524 [Thread-3009] INFO  impl.FollowerState (FollowerState.java:run(117)) - 4cc44201-a597-43af-a4ec-5b1b407a6250@group-83984122B78E-FollowerState was interrupted: java.lang.InterruptedException: sleep interrupted
2019-10-30 11:52:59,533 [f26e10ed-fb17-49e6-a903-eadc130d13d1@group-83984122B78E-LeaderElection391] INFO  impl.LeaderElection (LeaderElection.java:logAndReturn(56)) - f26e10ed-fb17-49e6-a903-eadc130d13d1@group-83984122B78E-LeaderElection391: Election REJECTED; received 1 response(s) [f26e10ed-fb17-49e6-a903-eadc130d13d1<-4cc44201-a597-43af-a4ec-5b1b407a6250#0:FAIL-t214] and 1 exception(s); f26e10ed-fb17-49e6-a903-eadc130d13d1@group-83984122B78E:t214, leader=null, voted=f26e10ed-fb17-49e6-a903-eadc130d13d1, raftlog=f26e10ed-fb17-49e6-a903-eadc130d13d1@group-83984122B78E-SegmentedRaftLog:OPENED:c-1,f-1,i0, conf=-1: [4f16e274-8663-4a15-9c4c-c81f650ab979:192.168.157.220:38181, 4cc44201-a597-43af-a4ec-5b1b407a6250:192.168.157.220:36685, f26e10ed-fb17-49e6-a903-eadc130d13d1:192.168.157.220:32806], old=null
2019-10-30 11:52:59,533 [f26e10ed-fb17-49e6-a903-eadc130d13d1@group-83984122B78E-LeaderElection391] INFO  impl.LeaderElection (LogUtils.java:infoOrTrace(149)) -   Exception 0: {}
java.util.concurrent.ExecutionException: org.apache.ratis.thirdparty.io.grpc.StatusRuntimeException: UNAVAILABLE: io exception
	at java.util.concurrent.FutureTask.report(FutureTask.java:122)
	at java.util.concurrent.FutureTask.get(FutureTask.java:192)
	at org.apache.ratis.server.impl.LeaderElection.waitForResults(LeaderElection.java:259)
	at org.apache.ratis.server.impl.LeaderElection.askForVotes(LeaderElection.java:197)
	at org.apache.ratis.server.impl.LeaderElection.run(LeaderElection.java:133)
	at java.lang.Thread.run(Thread.java:748)
Caused by: org.apache.ratis.thirdparty.io.grpc.StatusRuntimeException: UNAVAILABLE: io exception
	at org.apache.ratis.thirdparty.io.grpc.stub.ClientCalls.toStatusRuntimeException(ClientCalls.java:233)
	at org.apache.ratis.thirdparty.io.grpc.stub.ClientCalls.getUnchecked(ClientCalls.java:214)
	at org.apache.ratis.thirdparty.io.grpc.stub.ClientCalls.blockingUnaryCall(ClientCalls.java:139)
	at org.apache.ratis.proto.grpc.RaftServerProtocolServiceGrpc$RaftServerProtocolServiceBlockingStub.requestVote(RaftServerProtocolServiceGrpc.java:265)
	at org.apache.ratis.grpc.server.GrpcServerProtocolClient.requestVote(GrpcServerProtocolClient.java:99)
	at org.apache.ratis.grpc.server.GrpcService.requestVote(GrpcService.java:204)
	at org.apache.ratis.server.impl.LeaderElection.lambda$submitRequests$1(LeaderElection.java:234)
	at java.util.concurrent.FutureTask.run(FutureTask.java:266)
	at java.util.concurrent.Executors$RunnableAdapter.call(Executors.java:511)
	at java.util.concurrent.FutureTask.run(FutureTask.java:266)
	at java.util.concurrent.ThreadPoolExecutor.runWorker(ThreadPoolExecutor.java:1149)
	at java.util.concurrent.ThreadPoolExecutor$Worker.run(ThreadPoolExecutor.java:624)
	... 1 more
Caused by: org.apache.ratis.thirdparty.io.netty.channel.AbstractChannel$AnnotatedConnectException: Connection refused: /192.168.157.220:38181
	at sun.nio.ch.SocketChannelImpl.checkConnect(Native Method)
	at sun.nio.ch.SocketChannelImpl.finishConnect(SocketChannelImpl.java:717)
	at org.apache.ratis.thirdparty.io.netty.channel.socket.nio.NioSocketChannel.doFinishConnect(NioSocketChannel.java:327)
	at org.apache.ratis.thirdparty.io.netty.channel.nio.AbstractNioChannel$AbstractNioUnsafe.finishConnect(AbstractNioChannel.java:340)
	at org.apache.ratis.thirdparty.io.netty.channel.nio.NioEventLoop.processSelectedKey(NioEventLoop.java:632)
	at org.apache.ratis.thirdparty.io.netty.channel.nio.NioEventLoop.processSelectedKeysOptimized(NioEventLoop.java:579)
	at org.apache.ratis.thirdparty.io.netty.channel.nio.NioEventLoop.processSelectedKeys(NioEventLoop.java:496)
	at org.apache.ratis.thirdparty.io.netty.channel.nio.NioEventLoop.run(NioEventLoop.java:458)
	at org.apache.ratis.thirdparty.io.netty.util.concurrent.SingleThreadEventExecutor$5.run(SingleThreadEventExecutor.java:897)
	at org.apache.ratis.thirdparty.io.netty.util.concurrent.FastThreadLocalRunnable.run(FastThreadLocalRunnable.java:30)
	... 1 more
Caused by: java.net.ConnectException: Connection refused
	... 11 more
2019-10-30 11:52:59,534 [f26e10ed-fb17-49e6-a903-eadc130d13d1@group-83984122B78E-LeaderElection391] INFO  impl.RaftServerImpl (RaftServerImpl.java:setRole(184)) - f26e10ed-fb17-49e6-a903-eadc130d13d1@group-83984122B78E: changes role from CANDIDATE to FOLLOWER at term 214 for DISCOVERED_A_NEW_TERM
2019-10-30 11:52:59,534 [f26e10ed-fb17-49e6-a903-eadc130d13d1@group-83984122B78E-LeaderElection391] INFO  impl.RoleInfo (RoleInfo.java:shutdownLeaderElection(134)) - f26e10ed-fb17-49e6-a903-eadc130d13d1: shutdown LeaderElection
2019-10-30 11:52:59,534 [f26e10ed-fb17-49e6-a903-eadc130d13d1@group-83984122B78E-LeaderElection391] INFO  impl.RoleInfo (RoleInfo.java:updateAndGet(143)) - f26e10ed-fb17-49e6-a903-eadc130d13d1: start FollowerState
2019-10-30 11:52:59,617 [Thread-3015] INFO  impl.FollowerState (FollowerState.java:run(108)) - 9dbd5372-55c2-4532-b354-9494d3d545d2@group-F367C8FA5986-FollowerState: change to CANDIDATE, lastRpcTime:159ms, electionTimeout:157ms
2019-10-30 11:52:59,618 [Thread-3015] INFO  impl.RoleInfo (RoleInfo.java:shutdownFollowerState(121)) - 9dbd5372-55c2-4532-b354-9494d3d545d2: shutdown FollowerState
2019-10-30 11:52:59,618 [Thread-3015] INFO  impl.RaftServerImpl (RaftServerImpl.java:setRole(184)) - 9dbd5372-55c2-4532-b354-9494d3d545d2@group-F367C8FA5986: changes role from  FOLLOWER to CANDIDATE at term 204 for changeToCandidate
2019-10-30 11:52:59,618 [Thread-3015] INFO  impl.RoleInfo (RoleInfo.java:updateAndGet(143)) - 9dbd5372-55c2-4532-b354-9494d3d545d2: start LeaderElection
2019-10-30 11:52:59,627 [9dbd5372-55c2-4532-b354-9494d3d545d2@group-F367C8FA5986-LeaderElection392] INFO  impl.LeaderElection (LeaderElection.java:askForVotes(178)) - 9dbd5372-55c2-4532-b354-9494d3d545d2@group-F367C8FA5986-LeaderElection392: begin an election at term 205 for -1: [9b3ef6c9-0245-4756-bf80-45d41f7a4453:192.168.157.220:37058, cd11b2f5-3187-4d03-bd60-931991550c17:192.168.157.220:43236, 9dbd5372-55c2-4532-b354-9494d3d545d2:192.168.157.220:42993], old=null
2019-10-30 11:52:59,628 [9dbd5372-55c2-4532-b354-9494d3d545d2@group-F367C8FA5986-LeaderElection392] INFO  impl.LeaderElection (LogUtils.java:infoOrTrace(149)) - 9dbd5372-55c2-4532-b354-9494d3d545d2@group-F367C8FA5986-LeaderElection392 got exception when requesting votes: {}
java.util.concurrent.ExecutionException: org.apache.ratis.thirdparty.io.grpc.StatusRuntimeException: UNAVAILABLE: io exception
	at java.util.concurrent.FutureTask.report(FutureTask.java:122)
	at java.util.concurrent.FutureTask.get(FutureTask.java:192)
	at org.apache.ratis.server.impl.LeaderElection.waitForResults(LeaderElection.java:259)
	at org.apache.ratis.server.impl.LeaderElection.askForVotes(LeaderElection.java:197)
	at org.apache.ratis.server.impl.LeaderElection.run(LeaderElection.java:133)
	at java.lang.Thread.run(Thread.java:748)
Caused by: org.apache.ratis.thirdparty.io.grpc.StatusRuntimeException: UNAVAILABLE: io exception
	at org.apache.ratis.thirdparty.io.grpc.stub.ClientCalls.toStatusRuntimeException(ClientCalls.java:233)
	at org.apache.ratis.thirdparty.io.grpc.stub.ClientCalls.getUnchecked(ClientCalls.java:214)
	at org.apache.ratis.thirdparty.io.grpc.stub.ClientCalls.blockingUnaryCall(ClientCalls.java:139)
	at org.apache.ratis.proto.grpc.RaftServerProtocolServiceGrpc$RaftServerProtocolServiceBlockingStub.requestVote(RaftServerProtocolServiceGrpc.java:265)
	at org.apache.ratis.grpc.server.GrpcServerProtocolClient.requestVote(GrpcServerProtocolClient.java:99)
	at org.apache.ratis.grpc.server.GrpcService.requestVote(GrpcService.java:204)
	at org.apache.ratis.server.impl.LeaderElection.lambda$submitRequests$1(LeaderElection.java:234)
	at java.util.concurrent.FutureTask.run(FutureTask.java:266)
	at java.util.concurrent.Executors$RunnableAdapter.call(Executors.java:511)
	at java.util.concurrent.FutureTask.run(FutureTask.java:266)
	at java.util.concurrent.ThreadPoolExecutor.runWorker(ThreadPoolExecutor.java:1149)
	at java.util.concurrent.ThreadPoolExecutor$Worker.run(ThreadPoolExecutor.java:624)
	... 1 more
Caused by: org.apache.ratis.thirdparty.io.netty.channel.AbstractChannel$AnnotatedConnectException: Connection refused: /192.168.157.220:43236
	at sun.nio.ch.SocketChannelImpl.checkConnect(Native Method)
	at sun.nio.ch.SocketChannelImpl.finishConnect(SocketChannelImpl.java:717)
	at org.apache.ratis.thirdparty.io.netty.channel.socket.nio.NioSocketChannel.doFinishConnect(NioSocketChannel.java:327)
	at org.apache.ratis.thirdparty.io.netty.channel.nio.AbstractNioChannel$AbstractNioUnsafe.finishConnect(AbstractNioChannel.java:340)
	at org.apache.ratis.thirdparty.io.netty.channel.nio.NioEventLoop.processSelectedKey(NioEventLoop.java:632)
	at org.apache.ratis.thirdparty.io.netty.channel.nio.NioEventLoop.processSelectedKeysOptimized(NioEventLoop.java:579)
	at org.apache.ratis.thirdparty.io.netty.channel.nio.NioEventLoop.processSelectedKeys(NioEventLoop.java:496)
	at org.apache.ratis.thirdparty.io.netty.channel.nio.NioEventLoop.run(NioEventLoop.java:458)
	at org.apache.ratis.thirdparty.io.netty.util.concurrent.SingleThreadEventExecutor$5.run(SingleThreadEventExecutor.java:897)
	at org.apache.ratis.thirdparty.io.netty.util.concurrent.FastThreadLocalRunnable.run(FastThreadLocalRunnable.java:30)
	... 1 more
Caused by: java.net.ConnectException: Connection refused
	... 11 more
2019-10-30 11:52:59,636 [grpc-default-executor-6] INFO  impl.RaftServerImpl (RaftServerImpl.java:setRole(184)) - 9b3ef6c9-0245-4756-bf80-45d41f7a4453@group-F367C8FA5986: changes role from  FOLLOWER to FOLLOWER at term 205 for recognizeCandidate:9dbd5372-55c2-4532-b354-9494d3d545d2
2019-10-30 11:52:59,636 [grpc-default-executor-6] INFO  impl.RoleInfo (RoleInfo.java:shutdownFollowerState(121)) - 9b3ef6c9-0245-4756-bf80-45d41f7a4453: shutdown FollowerState
2019-10-30 11:52:59,636 [grpc-default-executor-6] INFO  impl.RoleInfo (RoleInfo.java:updateAndGet(143)) - 9b3ef6c9-0245-4756-bf80-45d41f7a4453: start FollowerState
2019-10-30 11:52:59,636 [Thread-3014] INFO  impl.FollowerState (FollowerState.java:run(117)) - 9b3ef6c9-0245-4756-bf80-45d41f7a4453@group-F367C8FA5986-FollowerState was interrupted: java.lang.InterruptedException: sleep interrupted
2019-10-30 11:52:59,670 [9dbd5372-55c2-4532-b354-9494d3d545d2@group-F367C8FA5986-LeaderElection392] INFO  impl.LeaderElection (LeaderElection.java:logAndReturn(56)) - 9dbd5372-55c2-4532-b354-9494d3d545d2@group-F367C8FA5986-LeaderElection392: Election REJECTED; received 1 response(s) [9dbd5372-55c2-4532-b354-9494d3d545d2<-9b3ef6c9-0245-4756-bf80-45d41f7a4453#0:FAIL-t205] and 1 exception(s); 9dbd5372-55c2-4532-b354-9494d3d545d2@group-F367C8FA5986:t205, leader=null, voted=9dbd5372-55c2-4532-b354-9494d3d545d2, raftlog=9dbd5372-55c2-4532-b354-9494d3d545d2@group-F367C8FA5986-SegmentedRaftLog:OPENED:c-1,f-1,i0, conf=-1: [9b3ef6c9-0245-4756-bf80-45d41f7a4453:192.168.157.220:37058, cd11b2f5-3187-4d03-bd60-931991550c17:192.168.157.220:43236, 9dbd5372-55c2-4532-b354-9494d3d545d2:192.168.157.220:42993], old=null
2019-10-30 11:52:59,670 [9dbd5372-55c2-4532-b354-9494d3d545d2@group-F367C8FA5986-LeaderElection392] INFO  impl.LeaderElection (LogUtils.java:infoOrTrace(149)) -   Exception 0: {}
java.util.concurrent.ExecutionException: org.apache.ratis.thirdparty.io.grpc.StatusRuntimeException: UNAVAILABLE: io exception
	at java.util.concurrent.FutureTask.report(FutureTask.java:122)
	at java.util.concurrent.FutureTask.get(FutureTask.java:192)
	at org.apache.ratis.server.impl.LeaderElection.waitForResults(LeaderElection.java:259)
	at org.apache.ratis.server.impl.LeaderElection.askForVotes(LeaderElection.java:197)
	at org.apache.ratis.server.impl.LeaderElection.run(LeaderElection.java:133)
	at java.lang.Thread.run(Thread.java:748)
Caused by: org.apache.ratis.thirdparty.io.grpc.StatusRuntimeException: UNAVAILABLE: io exception
	at org.apache.ratis.thirdparty.io.grpc.stub.ClientCalls.toStatusRuntimeException(ClientCalls.java:233)
	at org.apache.ratis.thirdparty.io.grpc.stub.ClientCalls.getUnchecked(ClientCalls.java:214)
	at org.apache.ratis.thirdparty.io.grpc.stub.ClientCalls.blockingUnaryCall(ClientCalls.java:139)
	at org.apache.ratis.proto.grpc.RaftServerProtocolServiceGrpc$RaftServerProtocolServiceBlockingStub.requestVote(RaftServerProtocolServiceGrpc.java:265)
	at org.apache.ratis.grpc.server.GrpcServerProtocolClient.requestVote(GrpcServerProtocolClient.java:99)
	at org.apache.ratis.grpc.server.GrpcService.requestVote(GrpcService.java:204)
	at org.apache.ratis.server.impl.LeaderElection.lambda$submitRequests$1(LeaderElection.java:234)
	at java.util.concurrent.FutureTask.run(FutureTask.java:266)
	at java.util.concurrent.Executors$RunnableAdapter.call(Executors.java:511)
	at java.util.concurrent.FutureTask.run(FutureTask.java:266)
	at java.util.concurrent.ThreadPoolExecutor.runWorker(ThreadPoolExecutor.java:1149)
	at java.util.concurrent.ThreadPoolExecutor$Worker.run(ThreadPoolExecutor.java:624)
	... 1 more
Caused by: org.apache.ratis.thirdparty.io.netty.channel.AbstractChannel$AnnotatedConnectException: Connection refused: /192.168.157.220:43236
	at sun.nio.ch.SocketChannelImpl.checkConnect(Native Method)
	at sun.nio.ch.SocketChannelImpl.finishConnect(SocketChannelImpl.java:717)
	at org.apache.ratis.thirdparty.io.netty.channel.socket.nio.NioSocketChannel.doFinishConnect(NioSocketChannel.java:327)
	at org.apache.ratis.thirdparty.io.netty.channel.nio.AbstractNioChannel$AbstractNioUnsafe.finishConnect(AbstractNioChannel.java:340)
	at org.apache.ratis.thirdparty.io.netty.channel.nio.NioEventLoop.processSelectedKey(NioEventLoop.java:632)
	at org.apache.ratis.thirdparty.io.netty.channel.nio.NioEventLoop.processSelectedKeysOptimized(NioEventLoop.java:579)
	at org.apache.ratis.thirdparty.io.netty.channel.nio.NioEventLoop.processSelectedKeys(NioEventLoop.java:496)
	at org.apache.ratis.thirdparty.io.netty.channel.nio.NioEventLoop.run(NioEventLoop.java:458)
	at org.apache.ratis.thirdparty.io.netty.util.concurrent.SingleThreadEventExecutor$5.run(SingleThreadEventExecutor.java:897)
	at org.apache.ratis.thirdparty.io.netty.util.concurrent.FastThreadLocalRunnable.run(FastThreadLocalRunnable.java:30)
	... 1 more
Caused by: java.net.ConnectException: Connection refused
	... 11 more
2019-10-30 11:52:59,671 [9dbd5372-55c2-4532-b354-9494d3d545d2@group-F367C8FA5986-LeaderElection392] INFO  impl.RaftServerImpl (RaftServerImpl.java:setRole(184)) - 9dbd5372-55c2-4532-b354-9494d3d545d2@group-F367C8FA5986: changes role from CANDIDATE to FOLLOWER at term 205 for DISCOVERED_A_NEW_TERM
2019-10-30 11:52:59,671 [9dbd5372-55c2-4532-b354-9494d3d545d2@group-F367C8FA5986-LeaderElection392] INFO  impl.RoleInfo (RoleInfo.java:shutdownLeaderElection(134)) - 9dbd5372-55c2-4532-b354-9494d3d545d2: shutdown LeaderElection
2019-10-30 11:52:59,671 [9dbd5372-55c2-4532-b354-9494d3d545d2@group-F367C8FA5986-LeaderElection392] INFO  impl.RoleInfo (RoleInfo.java:updateAndGet(143)) - 9dbd5372-55c2-4532-b354-9494d3d545d2: start FollowerState
2019-10-30 11:52:59,695 [Thread-3027] INFO  impl.FollowerState (FollowerState.java:run(108)) - 9dbd5372-55c2-4532-b354-9494d3d545d2@group-F367C8FA5986-FollowerState: change to CANDIDATE, lastRpcTime:24ms, electionTimeout:24ms
2019-10-30 11:52:59,695 [Thread-3027] INFO  impl.RoleInfo (RoleInfo.java:shutdownFollowerState(121)) - 9dbd5372-55c2-4532-b354-9494d3d545d2: shutdown FollowerState
2019-10-30 11:52:59,695 [Thread-3027] INFO  impl.RaftServerImpl (RaftServerImpl.java:setRole(184)) - 9dbd5372-55c2-4532-b354-9494d3d545d2@group-F367C8FA5986: changes role from  FOLLOWER to CANDIDATE at term 205 for changeToCandidate
2019-10-30 11:52:59,696 [Thread-3027] INFO  impl.RoleInfo (RoleInfo.java:updateAndGet(143)) - 9dbd5372-55c2-4532-b354-9494d3d545d2: start LeaderElection
2019-10-30 11:52:59,702 [9dbd5372-55c2-4532-b354-9494d3d545d2@group-F367C8FA5986-LeaderElection393] INFO  impl.LeaderElection (LeaderElection.java:askForVotes(178)) - 9dbd5372-55c2-4532-b354-9494d3d545d2@group-F367C8FA5986-LeaderElection393: begin an election at term 206 for -1: [9b3ef6c9-0245-4756-bf80-45d41f7a4453:192.168.157.220:37058, cd11b2f5-3187-4d03-bd60-931991550c17:192.168.157.220:43236, 9dbd5372-55c2-4532-b354-9494d3d545d2:192.168.157.220:42993], old=null
2019-10-30 11:52:59,702 [9dbd5372-55c2-4532-b354-9494d3d545d2@group-F367C8FA5986-LeaderElection393] INFO  impl.LeaderElection (LogUtils.java:infoOrTrace(149)) - 9dbd5372-55c2-4532-b354-9494d3d545d2@group-F367C8FA5986-LeaderElection393 got exception when requesting votes: {}
java.util.concurrent.ExecutionException: org.apache.ratis.thirdparty.io.grpc.StatusRuntimeException: UNAVAILABLE: io exception
	at java.util.concurrent.FutureTask.report(FutureTask.java:122)
	at java.util.concurrent.FutureTask.get(FutureTask.java:192)
	at org.apache.ratis.server.impl.LeaderElection.waitForResults(LeaderElection.java:259)
	at org.apache.ratis.server.impl.LeaderElection.askForVotes(LeaderElection.java:197)
	at org.apache.ratis.server.impl.LeaderElection.run(LeaderElection.java:133)
	at java.lang.Thread.run(Thread.java:748)
Caused by: org.apache.ratis.thirdparty.io.grpc.StatusRuntimeException: UNAVAILABLE: io exception
	at org.apache.ratis.thirdparty.io.grpc.stub.ClientCalls.toStatusRuntimeException(ClientCalls.java:233)
	at org.apache.ratis.thirdparty.io.grpc.stub.ClientCalls.getUnchecked(ClientCalls.java:214)
	at org.apache.ratis.thirdparty.io.grpc.stub.ClientCalls.blockingUnaryCall(ClientCalls.java:139)
	at org.apache.ratis.proto.grpc.RaftServerProtocolServiceGrpc$RaftServerProtocolServiceBlockingStub.requestVote(RaftServerProtocolServiceGrpc.java:265)
	at org.apache.ratis.grpc.server.GrpcServerProtocolClient.requestVote(GrpcServerProtocolClient.java:99)
	at org.apache.ratis.grpc.server.GrpcService.requestVote(GrpcService.java:204)
	at org.apache.ratis.server.impl.LeaderElection.lambda$submitRequests$1(LeaderElection.java:234)
	at java.util.concurrent.FutureTask.run(FutureTask.java:266)
	at java.util.concurrent.Executors$RunnableAdapter.call(Executors.java:511)
	at java.util.concurrent.FutureTask.run(FutureTask.java:266)
	at java.util.concurrent.ThreadPoolExecutor.runWorker(ThreadPoolExecutor.java:1149)
	at java.util.concurrent.ThreadPoolExecutor$Worker.run(ThreadPoolExecutor.java:624)
	... 1 more
Caused by: org.apache.ratis.thirdparty.io.netty.channel.AbstractChannel$AnnotatedConnectException: Connection refused: /192.168.157.220:43236
	at sun.nio.ch.SocketChannelImpl.checkConnect(Native Method)
	at sun.nio.ch.SocketChannelImpl.finishConnect(SocketChannelImpl.java:717)
	at org.apache.ratis.thirdparty.io.netty.channel.socket.nio.NioSocketChannel.doFinishConnect(NioSocketChannel.java:327)
	at org.apache.ratis.thirdparty.io.netty.channel.nio.AbstractNioChannel$AbstractNioUnsafe.finishConnect(AbstractNioChannel.java:340)
	at org.apache.ratis.thirdparty.io.netty.channel.nio.NioEventLoop.processSelectedKey(NioEventLoop.java:632)
	at org.apache.ratis.thirdparty.io.netty.channel.nio.NioEventLoop.processSelectedKeysOptimized(NioEventLoop.java:579)
	at org.apache.ratis.thirdparty.io.netty.channel.nio.NioEventLoop.processSelectedKeys(NioEventLoop.java:496)
	at org.apache.ratis.thirdparty.io.netty.channel.nio.NioEventLoop.run(NioEventLoop.java:458)
	at org.apache.ratis.thirdparty.io.netty.util.concurrent.SingleThreadEventExecutor$5.run(SingleThreadEventExecutor.java:897)
	at org.apache.ratis.thirdparty.io.netty.util.concurrent.FastThreadLocalRunnable.run(FastThreadLocalRunnable.java:30)
	... 1 more
Caused by: java.net.ConnectException: Connection refused
	... 11 more
2019-10-30 11:52:59,707 [Thread-3020] INFO  impl.FollowerState (FollowerState.java:run(108)) - f26e10ed-fb17-49e6-a903-eadc130d13d1@group-83984122B78E-FollowerState: change to CANDIDATE, lastRpcTime:173ms, electionTimeout:173ms
2019-10-30 11:52:59,707 [Thread-3020] INFO  impl.RoleInfo (RoleInfo.java:shutdownFollowerState(121)) - f26e10ed-fb17-49e6-a903-eadc130d13d1: shutdown FollowerState
2019-10-30 11:52:59,707 [Thread-3020] INFO  impl.RaftServerImpl (RaftServerImpl.java:setRole(184)) - f26e10ed-fb17-49e6-a903-eadc130d13d1@group-83984122B78E: changes role from  FOLLOWER to CANDIDATE at term 214 for changeToCandidate
2019-10-30 11:52:59,707 [Thread-3020] INFO  impl.RoleInfo (RoleInfo.java:updateAndGet(143)) - f26e10ed-fb17-49e6-a903-eadc130d13d1: start LeaderElection
2019-10-30 11:52:59,709 [grpc-default-executor-6] INFO  impl.RaftServerImpl (RaftServerImpl.java:setRole(184)) - 9b3ef6c9-0245-4756-bf80-45d41f7a4453@group-F367C8FA5986: changes role from  FOLLOWER to FOLLOWER at term 206 for recognizeCandidate:9dbd5372-55c2-4532-b354-9494d3d545d2
2019-10-30 11:52:59,709 [grpc-default-executor-6] INFO  impl.RoleInfo (RoleInfo.java:shutdownFollowerState(121)) - 9b3ef6c9-0245-4756-bf80-45d41f7a4453: shutdown FollowerState
2019-10-30 11:52:59,709 [grpc-default-executor-6] INFO  impl.RoleInfo (RoleInfo.java:updateAndGet(143)) - 9b3ef6c9-0245-4756-bf80-45d41f7a4453: start FollowerState
2019-10-30 11:52:59,709 [Thread-3026] INFO  impl.FollowerState (FollowerState.java:run(117)) - 9b3ef6c9-0245-4756-bf80-45d41f7a4453@group-F367C8FA5986-FollowerState was interrupted: java.lang.InterruptedException: sleep interrupted
2019-10-30 11:52:59,720 [f26e10ed-fb17-49e6-a903-eadc130d13d1@group-83984122B78E-LeaderElection394] INFO  impl.LeaderElection (LeaderElection.java:askForVotes(178)) - f26e10ed-fb17-49e6-a903-eadc130d13d1@group-83984122B78E-LeaderElection394: begin an election at term 215 for -1: [4f16e274-8663-4a15-9c4c-c81f650ab979:192.168.157.220:38181, 4cc44201-a597-43af-a4ec-5b1b407a6250:192.168.157.220:36685, f26e10ed-fb17-49e6-a903-eadc130d13d1:192.168.157.220:32806], old=null
2019-10-30 11:52:59,721 [f26e10ed-fb17-49e6-a903-eadc130d13d1@group-83984122B78E-LeaderElection394] INFO  impl.LeaderElection (LogUtils.java:infoOrTrace(149)) - f26e10ed-fb17-49e6-a903-eadc130d13d1@group-83984122B78E-LeaderElection394 got exception when requesting votes: {}
java.util.concurrent.ExecutionException: org.apache.ratis.thirdparty.io.grpc.StatusRuntimeException: UNAVAILABLE: io exception
	at java.util.concurrent.FutureTask.report(FutureTask.java:122)
	at java.util.concurrent.FutureTask.get(FutureTask.java:192)
	at org.apache.ratis.server.impl.LeaderElection.waitForResults(LeaderElection.java:259)
	at org.apache.ratis.server.impl.LeaderElection.askForVotes(LeaderElection.java:197)
	at org.apache.ratis.server.impl.LeaderElection.run(LeaderElection.java:133)
	at java.lang.Thread.run(Thread.java:748)
Caused by: org.apache.ratis.thirdparty.io.grpc.StatusRuntimeException: UNAVAILABLE: io exception
	at org.apache.ratis.thirdparty.io.grpc.stub.ClientCalls.toStatusRuntimeException(ClientCalls.java:233)
	at org.apache.ratis.thirdparty.io.grpc.stub.ClientCalls.getUnchecked(ClientCalls.java:214)
	at org.apache.ratis.thirdparty.io.grpc.stub.ClientCalls.blockingUnaryCall(ClientCalls.java:139)
	at org.apache.ratis.proto.grpc.RaftServerProtocolServiceGrpc$RaftServerProtocolServiceBlockingStub.requestVote(RaftServerProtocolServiceGrpc.java:265)
	at org.apache.ratis.grpc.server.GrpcServerProtocolClient.requestVote(GrpcServerProtocolClient.java:99)
	at org.apache.ratis.grpc.server.GrpcService.requestVote(GrpcService.java:204)
	at org.apache.ratis.server.impl.LeaderElection.lambda$submitRequests$1(LeaderElection.java:234)
	at java.util.concurrent.FutureTask.run(FutureTask.java:266)
	at java.util.concurrent.Executors$RunnableAdapter.call(Executors.java:511)
	at java.util.concurrent.FutureTask.run(FutureTask.java:266)
	at java.util.concurrent.ThreadPoolExecutor.runWorker(ThreadPoolExecutor.java:1149)
	at java.util.concurrent.ThreadPoolExecutor$Worker.run(ThreadPoolExecutor.java:624)
	... 1 more
Caused by: org.apache.ratis.thirdparty.io.netty.channel.AbstractChannel$AnnotatedConnectException: Connection refused: /192.168.157.220:38181
	at sun.nio.ch.SocketChannelImpl.checkConnect(Native Method)
	at sun.nio.ch.SocketChannelImpl.finishConnect(SocketChannelImpl.java:717)
	at org.apache.ratis.thirdparty.io.netty.channel.socket.nio.NioSocketChannel.doFinishConnect(NioSocketChannel.java:327)
	at org.apache.ratis.thirdparty.io.netty.channel.nio.AbstractNioChannel$AbstractNioUnsafe.finishConnect(AbstractNioChannel.java:340)
	at org.apache.ratis.thirdparty.io.netty.channel.nio.NioEventLoop.processSelectedKey(NioEventLoop.java:632)
	at org.apache.ratis.thirdparty.io.netty.channel.nio.NioEventLoop.processSelectedKeysOptimized(NioEventLoop.java:579)
	at org.apache.ratis.thirdparty.io.netty.channel.nio.NioEventLoop.processSelectedKeys(NioEventLoop.java:496)
	at org.apache.ratis.thirdparty.io.netty.channel.nio.NioEventLoop.run(NioEventLoop.java:458)
	at org.apache.ratis.thirdparty.io.netty.util.concurrent.SingleThreadEventExecutor$5.run(SingleThreadEventExecutor.java:897)
	at org.apache.ratis.thirdparty.io.netty.util.concurrent.FastThreadLocalRunnable.run(FastThreadLocalRunnable.java:30)
	... 1 more
Caused by: java.net.ConnectException: Connection refused
	... 11 more
2019-10-30 11:52:59,725 [grpc-default-executor-6] INFO  impl.RaftServerImpl (RaftServerImpl.java:setRole(184)) - 4cc44201-a597-43af-a4ec-5b1b407a6250@group-83984122B78E: changes role from  FOLLOWER to FOLLOWER at term 215 for recognizeCandidate:f26e10ed-fb17-49e6-a903-eadc130d13d1
2019-10-30 11:52:59,725 [grpc-default-executor-6] INFO  impl.RoleInfo (RoleInfo.java:shutdownFollowerState(121)) - 4cc44201-a597-43af-a4ec-5b1b407a6250: shutdown FollowerState
2019-10-30 11:52:59,725 [grpc-default-executor-6] INFO  impl.RoleInfo (RoleInfo.java:updateAndGet(143)) - 4cc44201-a597-43af-a4ec-5b1b407a6250: start FollowerState
2019-10-30 11:52:59,726 [9dbd5372-55c2-4532-b354-9494d3d545d2@group-F367C8FA5986-LeaderElection393] INFO  impl.LeaderElection (LeaderElection.java:logAndReturn(56)) - 9dbd5372-55c2-4532-b354-9494d3d545d2@group-F367C8FA5986-LeaderElection393: Election REJECTED; received 1 response(s) [9dbd5372-55c2-4532-b354-9494d3d545d2<-9b3ef6c9-0245-4756-bf80-45d41f7a4453#0:FAIL-t206] and 1 exception(s); 9dbd5372-55c2-4532-b354-9494d3d545d2@group-F367C8FA5986:t206, leader=null, voted=9dbd5372-55c2-4532-b354-9494d3d545d2, raftlog=9dbd5372-55c2-4532-b354-9494d3d545d2@group-F367C8FA5986-SegmentedRaftLog:OPENED:c-1,f-1,i0, conf=-1: [9b3ef6c9-0245-4756-bf80-45d41f7a4453:192.168.157.220:37058, cd11b2f5-3187-4d03-bd60-931991550c17:192.168.157.220:43236, 9dbd5372-55c2-4532-b354-9494d3d545d2:192.168.157.220:42993], old=null
2019-10-30 11:52:59,726 [9dbd5372-55c2-4532-b354-9494d3d545d2@group-F367C8FA5986-LeaderElection393] INFO  impl.LeaderElection (LogUtils.java:infoOrTrace(149)) -   Exception 0: {}
java.util.concurrent.ExecutionException: org.apache.ratis.thirdparty.io.grpc.StatusRuntimeException: UNAVAILABLE: io exception
	at java.util.concurrent.FutureTask.report(FutureTask.java:122)
	at java.util.concurrent.FutureTask.get(FutureTask.java:192)
	at org.apache.ratis.server.impl.LeaderElection.waitForResults(LeaderElection.java:259)
	at org.apache.ratis.server.impl.LeaderElection.askForVotes(LeaderElection.java:197)
	at org.apache.ratis.server.impl.LeaderElection.run(LeaderElection.java:133)
	at java.lang.Thread.run(Thread.java:748)
Caused by: org.apache.ratis.thirdparty.io.grpc.StatusRuntimeException: UNAVAILABLE: io exception
	at org.apache.ratis.thirdparty.io.grpc.stub.ClientCalls.toStatusRuntimeException(ClientCalls.java:233)
	at org.apache.ratis.thirdparty.io.grpc.stub.ClientCalls.getUnchecked(ClientCalls.java:214)
	at org.apache.ratis.thirdparty.io.grpc.stub.ClientCalls.blockingUnaryCall(ClientCalls.java:139)
	at org.apache.ratis.proto.grpc.RaftServerProtocolServiceGrpc$RaftServerProtocolServiceBlockingStub.requestVote(RaftServerProtocolServiceGrpc.java:265)
	at org.apache.ratis.grpc.server.GrpcServerProtocolClient.requestVote(GrpcServerProtocolClient.java:99)
	at org.apache.ratis.grpc.server.GrpcService.requestVote(GrpcService.java:204)
	at org.apache.ratis.server.impl.LeaderElection.lambda$submitRequests$1(LeaderElection.java:234)
	at java.util.concurrent.FutureTask.run(FutureTask.java:266)
	at java.util.concurrent.Executors$RunnableAdapter.call(Executors.java:511)
	at java.util.concurrent.FutureTask.run(FutureTask.java:266)
	at java.util.concurrent.ThreadPoolExecutor.runWorker(ThreadPoolExecutor.java:1149)
	at java.util.concurrent.ThreadPoolExecutor$Worker.run(ThreadPoolExecutor.java:624)
	... 1 more
Caused by: org.apache.ratis.thirdparty.io.netty.channel.AbstractChannel$AnnotatedConnectException: Connection refused: /192.168.157.220:43236
	at sun.nio.ch.SocketChannelImpl.checkConnect(Native Method)
	at sun.nio.ch.SocketChannelImpl.finishConnect(SocketChannelImpl.java:717)
	at org.apache.ratis.thirdparty.io.netty.channel.socket.nio.NioSocketChannel.doFinishConnect(NioSocketChannel.java:327)
	at org.apache.ratis.thirdparty.io.netty.channel.nio.AbstractNioChannel$AbstractNioUnsafe.finishConnect(AbstractNioChannel.java:340)
	at org.apache.ratis.thirdparty.io.netty.channel.nio.NioEventLoop.processSelectedKey(NioEventLoop.java:632)
	at org.apache.ratis.thirdparty.io.netty.channel.nio.NioEventLoop.processSelectedKeysOptimized(NioEventLoop.java:579)
	at org.apache.ratis.thirdparty.io.netty.channel.nio.NioEventLoop.processSelectedKeys(NioEventLoop.java:496)
	at org.apache.ratis.thirdparty.io.netty.channel.nio.NioEventLoop.run(NioEventLoop.java:458)
	at org.apache.ratis.thirdparty.io.netty.util.concurrent.SingleThreadEventExecutor$5.run(SingleThreadEventExecutor.java:897)
	at org.apache.ratis.thirdparty.io.netty.util.concurrent.FastThreadLocalRunnable.run(FastThreadLocalRunnable.java:30)
	... 1 more
Caused by: java.net.ConnectException: Connection refused
	... 11 more
2019-10-30 11:52:59,727 [9dbd5372-55c2-4532-b354-9494d3d545d2@group-F367C8FA5986-LeaderElection393] INFO  impl.RaftServerImpl (RaftServerImpl.java:setRole(184)) - 9dbd5372-55c2-4532-b354-9494d3d545d2@group-F367C8FA5986: changes role from CANDIDATE to FOLLOWER at term 206 for DISCOVERED_A_NEW_TERM
2019-10-30 11:52:59,727 [9dbd5372-55c2-4532-b354-9494d3d545d2@group-F367C8FA5986-LeaderElection393] INFO  impl.RoleInfo (RoleInfo.java:shutdownLeaderElection(134)) - 9dbd5372-55c2-4532-b354-9494d3d545d2: shutdown LeaderElection
2019-10-30 11:52:59,727 [9dbd5372-55c2-4532-b354-9494d3d545d2@group-F367C8FA5986-LeaderElection393] INFO  impl.RoleInfo (RoleInfo.java:updateAndGet(143)) - 9dbd5372-55c2-4532-b354-9494d3d545d2: start FollowerState
2019-10-30 11:52:59,728 [Thread-3019] INFO  impl.FollowerState (FollowerState.java:run(117)) - 4cc44201-a597-43af-a4ec-5b1b407a6250@group-83984122B78E-FollowerState was interrupted: java.lang.InterruptedException: sleep interrupted
2019-10-30 11:52:59,731 [f26e10ed-fb17-49e6-a903-eadc130d13d1@group-83984122B78E-LeaderElection394] INFO  impl.LeaderElection (LeaderElection.java:logAndReturn(56)) - f26e10ed-fb17-49e6-a903-eadc130d13d1@group-83984122B78E-LeaderElection394: Election REJECTED; received 1 response(s) [f26e10ed-fb17-49e6-a903-eadc130d13d1<-4cc44201-a597-43af-a4ec-5b1b407a6250#0:FAIL-t215] and 1 exception(s); f26e10ed-fb17-49e6-a903-eadc130d13d1@group-83984122B78E:t215, leader=null, voted=f26e10ed-fb17-49e6-a903-eadc130d13d1, raftlog=f26e10ed-fb17-49e6-a903-eadc130d13d1@group-83984122B78E-SegmentedRaftLog:OPENED:c-1,f-1,i0, conf=-1: [4f16e274-8663-4a15-9c4c-c81f650ab979:192.168.157.220:38181, 4cc44201-a597-43af-a4ec-5b1b407a6250:192.168.157.220:36685, f26e10ed-fb17-49e6-a903-eadc130d13d1:192.168.157.220:32806], old=null
2019-10-30 11:52:59,731 [f26e10ed-fb17-49e6-a903-eadc130d13d1@group-83984122B78E-LeaderElection394] INFO  impl.LeaderElection (LogUtils.java:infoOrTrace(149)) -   Exception 0: {}
java.util.concurrent.ExecutionException: org.apache.ratis.thirdparty.io.grpc.StatusRuntimeException: UNAVAILABLE: io exception
	at java.util.concurrent.FutureTask.report(FutureTask.java:122)
	at java.util.concurrent.FutureTask.get(FutureTask.java:192)
	at org.apache.ratis.server.impl.LeaderElection.waitForResults(LeaderElection.java:259)
	at org.apache.ratis.server.impl.LeaderElection.askForVotes(LeaderElection.java:197)
	at org.apache.ratis.server.impl.LeaderElection.run(LeaderElection.java:133)
	at java.lang.Thread.run(Thread.java:748)
Caused by: org.apache.ratis.thirdparty.io.grpc.StatusRuntimeException: UNAVAILABLE: io exception
	at org.apache.ratis.thirdparty.io.grpc.stub.ClientCalls.toStatusRuntimeException(ClientCalls.java:233)
	at org.apache.ratis.thirdparty.io.grpc.stub.ClientCalls.getUnchecked(ClientCalls.java:214)
	at org.apache.ratis.thirdparty.io.grpc.stub.ClientCalls.blockingUnaryCall(ClientCalls.java:139)
	at org.apache.ratis.proto.grpc.RaftServerProtocolServiceGrpc$RaftServerProtocolServiceBlockingStub.requestVote(RaftServerProtocolServiceGrpc.java:265)
	at org.apache.ratis.grpc.server.GrpcServerProtocolClient.requestVote(GrpcServerProtocolClient.java:99)
	at org.apache.ratis.grpc.server.GrpcService.requestVote(GrpcService.java:204)
	at org.apache.ratis.server.impl.LeaderElection.lambda$submitRequests$1(LeaderElection.java:234)
	at java.util.concurrent.FutureTask.run(FutureTask.java:266)
	at java.util.concurrent.Executors$RunnableAdapter.call(Executors.java:511)
	at java.util.concurrent.FutureTask.run(FutureTask.java:266)
	at java.util.concurrent.ThreadPoolExecutor.runWorker(ThreadPoolExecutor.java:1149)
	at java.util.concurrent.ThreadPoolExecutor$Worker.run(ThreadPoolExecutor.java:624)
	... 1 more
Caused by: org.apache.ratis.thirdparty.io.netty.channel.AbstractChannel$AnnotatedConnectException: Connection refused: /192.168.157.220:38181
	at sun.nio.ch.SocketChannelImpl.checkConnect(Native Method)
	at sun.nio.ch.SocketChannelImpl.finishConnect(SocketChannelImpl.java:717)
	at org.apache.ratis.thirdparty.io.netty.channel.socket.nio.NioSocketChannel.doFinishConnect(NioSocketChannel.java:327)
	at org.apache.ratis.thirdparty.io.netty.channel.nio.AbstractNioChannel$AbstractNioUnsafe.finishConnect(AbstractNioChannel.java:340)
	at org.apache.ratis.thirdparty.io.netty.channel.nio.NioEventLoop.processSelectedKey(NioEventLoop.java:632)
	at org.apache.ratis.thirdparty.io.netty.channel.nio.NioEventLoop.processSelectedKeysOptimized(NioEventLoop.java:579)
	at org.apache.ratis.thirdparty.io.netty.channel.nio.NioEventLoop.processSelectedKeys(NioEventLoop.java:496)
	at org.apache.ratis.thirdparty.io.netty.channel.nio.NioEventLoop.run(NioEventLoop.java:458)
	at org.apache.ratis.thirdparty.io.netty.util.concurrent.SingleThreadEventExecutor$5.run(SingleThreadEventExecutor.java:897)
	at org.apache.ratis.thirdparty.io.netty.util.concurrent.FastThreadLocalRunnable.run(FastThreadLocalRunnable.java:30)
	... 1 more
Caused by: java.net.ConnectException: Connection refused
	... 11 more
2019-10-30 11:52:59,731 [f26e10ed-fb17-49e6-a903-eadc130d13d1@group-83984122B78E-LeaderElection394] INFO  impl.RaftServerImpl (RaftServerImpl.java:setRole(184)) - f26e10ed-fb17-49e6-a903-eadc130d13d1@group-83984122B78E: changes role from CANDIDATE to FOLLOWER at term 215 for DISCOVERED_A_NEW_TERM
2019-10-30 11:52:59,733 [f26e10ed-fb17-49e6-a903-eadc130d13d1@group-83984122B78E-LeaderElection394] INFO  impl.RoleInfo (RoleInfo.java:shutdownLeaderElection(134)) - f26e10ed-fb17-49e6-a903-eadc130d13d1: shutdown LeaderElection
2019-10-30 11:52:59,733 [f26e10ed-fb17-49e6-a903-eadc130d13d1@group-83984122B78E-LeaderElection394] INFO  impl.RoleInfo (RoleInfo.java:updateAndGet(143)) - f26e10ed-fb17-49e6-a903-eadc130d13d1: start FollowerState
2019-10-30 11:52:59,871 [Thread-3036] INFO  impl.FollowerState (FollowerState.java:run(108)) - 9dbd5372-55c2-4532-b354-9494d3d545d2@group-F367C8FA5986-FollowerState: change to CANDIDATE, lastRpcTime:143ms, electionTimeout:141ms
2019-10-30 11:52:59,871 [Thread-3036] INFO  impl.RoleInfo (RoleInfo.java:shutdownFollowerState(121)) - 9dbd5372-55c2-4532-b354-9494d3d545d2: shutdown FollowerState
2019-10-30 11:52:59,871 [Thread-3036] INFO  impl.RaftServerImpl (RaftServerImpl.java:setRole(184)) - 9dbd5372-55c2-4532-b354-9494d3d545d2@group-F367C8FA5986: changes role from  FOLLOWER to CANDIDATE at term 206 for changeToCandidate
2019-10-30 11:52:59,871 [Thread-3036] INFO  impl.RoleInfo (RoleInfo.java:updateAndGet(143)) - 9dbd5372-55c2-4532-b354-9494d3d545d2: start LeaderElection
2019-10-30 11:52:59,875 [Thread-3037] INFO  impl.FollowerState (FollowerState.java:run(108)) - f26e10ed-fb17-49e6-a903-eadc130d13d1@group-83984122B78E-FollowerState: change to CANDIDATE, lastRpcTime:141ms, electionTimeout:141ms
2019-10-30 11:52:59,875 [Thread-3037] INFO  impl.RoleInfo (RoleInfo.java:shutdownFollowerState(121)) - f26e10ed-fb17-49e6-a903-eadc130d13d1: shutdown FollowerState
2019-10-30 11:52:59,875 [Thread-3037] INFO  impl.RaftServerImpl (RaftServerImpl.java:setRole(184)) - f26e10ed-fb17-49e6-a903-eadc130d13d1@group-83984122B78E: changes role from  FOLLOWER to CANDIDATE at term 215 for changeToCandidate
2019-10-30 11:52:59,875 [Thread-3037] INFO  impl.RoleInfo (RoleInfo.java:updateAndGet(143)) - f26e10ed-fb17-49e6-a903-eadc130d13d1: start LeaderElection
2019-10-30 11:52:59,881 [9dbd5372-55c2-4532-b354-9494d3d545d2@group-F367C8FA5986-LeaderElection395] INFO  impl.LeaderElection (LeaderElection.java:askForVotes(178)) - 9dbd5372-55c2-4532-b354-9494d3d545d2@group-F367C8FA5986-LeaderElection395: begin an election at term 207 for -1: [9b3ef6c9-0245-4756-bf80-45d41f7a4453:192.168.157.220:37058, cd11b2f5-3187-4d03-bd60-931991550c17:192.168.157.220:43236, 9dbd5372-55c2-4532-b354-9494d3d545d2:192.168.157.220:42993], old=null
2019-10-30 11:52:59,881 [f26e10ed-fb17-49e6-a903-eadc130d13d1@group-83984122B78E-LeaderElection396] INFO  impl.LeaderElection (LeaderElection.java:askForVotes(178)) - f26e10ed-fb17-49e6-a903-eadc130d13d1@group-83984122B78E-LeaderElection396: begin an election at term 216 for -1: [4f16e274-8663-4a15-9c4c-c81f650ab979:192.168.157.220:38181, 4cc44201-a597-43af-a4ec-5b1b407a6250:192.168.157.220:36685, f26e10ed-fb17-49e6-a903-eadc130d13d1:192.168.157.220:32806], old=null
2019-10-30 11:52:59,882 [f26e10ed-fb17-49e6-a903-eadc130d13d1@group-83984122B78E-LeaderElection396] INFO  impl.LeaderElection (LogUtils.java:infoOrTrace(149)) - f26e10ed-fb17-49e6-a903-eadc130d13d1@group-83984122B78E-LeaderElection396 got exception when requesting votes: {}
java.util.concurrent.ExecutionException: org.apache.ratis.thirdparty.io.grpc.StatusRuntimeException: UNAVAILABLE: io exception
	at java.util.concurrent.FutureTask.report(FutureTask.java:122)
	at java.util.concurrent.FutureTask.get(FutureTask.java:192)
	at org.apache.ratis.server.impl.LeaderElection.waitForResults(LeaderElection.java:259)
	at org.apache.ratis.server.impl.LeaderElection.askForVotes(LeaderElection.java:197)
	at org.apache.ratis.server.impl.LeaderElection.run(LeaderElection.java:133)
	at java.lang.Thread.run(Thread.java:748)
Caused by: org.apache.ratis.thirdparty.io.grpc.StatusRuntimeException: UNAVAILABLE: io exception
	at org.apache.ratis.thirdparty.io.grpc.stub.ClientCalls.toStatusRuntimeException(ClientCalls.java:233)
	at org.apache.ratis.thirdparty.io.grpc.stub.ClientCalls.getUnchecked(ClientCalls.java:214)
	at org.apache.ratis.thirdparty.io.grpc.stub.ClientCalls.blockingUnaryCall(ClientCalls.java:139)
	at org.apache.ratis.proto.grpc.RaftServerProtocolServiceGrpc$RaftServerProtocolServiceBlockingStub.requestVote(RaftServerProtocolServiceGrpc.java:265)
	at org.apache.ratis.grpc.server.GrpcServerProtocolClient.requestVote(GrpcServerProtocolClient.java:99)
	at org.apache.ratis.grpc.server.GrpcService.requestVote(GrpcService.java:204)
	at org.apache.ratis.server.impl.LeaderElection.lambda$submitRequests$1(LeaderElection.java:234)
	at java.util.concurrent.FutureTask.run(FutureTask.java:266)
	at java.util.concurrent.Executors$RunnableAdapter.call(Executors.java:511)
	at java.util.concurrent.FutureTask.run(FutureTask.java:266)
	at java.util.concurrent.ThreadPoolExecutor.runWorker(ThreadPoolExecutor.java:1149)
	at java.util.concurrent.ThreadPoolExecutor$Worker.run(ThreadPoolExecutor.java:624)
	... 1 more
Caused by: org.apache.ratis.thirdparty.io.netty.channel.AbstractChannel$AnnotatedConnectException: Connection refused: /192.168.157.220:38181
	at sun.nio.ch.SocketChannelImpl.checkConnect(Native Method)
	at sun.nio.ch.SocketChannelImpl.finishConnect(SocketChannelImpl.java:717)
	at org.apache.ratis.thirdparty.io.netty.channel.socket.nio.NioSocketChannel.doFinishConnect(NioSocketChannel.java:327)
	at org.apache.ratis.thirdparty.io.netty.channel.nio.AbstractNioChannel$AbstractNioUnsafe.finishConnect(AbstractNioChannel.java:340)
	at org.apache.ratis.thirdparty.io.netty.channel.nio.NioEventLoop.processSelectedKey(NioEventLoop.java:632)
	at org.apache.ratis.thirdparty.io.netty.channel.nio.NioEventLoop.processSelectedKeysOptimized(NioEventLoop.java:579)
	at org.apache.ratis.thirdparty.io.netty.channel.nio.NioEventLoop.processSelectedKeys(NioEventLoop.java:496)
	at org.apache.ratis.thirdparty.io.netty.channel.nio.NioEventLoop.run(NioEventLoop.java:458)
	at org.apache.ratis.thirdparty.io.netty.util.concurrent.SingleThreadEventExecutor$5.run(SingleThreadEventExecutor.java:897)
	at org.apache.ratis.thirdparty.io.netty.util.concurrent.FastThreadLocalRunnable.run(FastThreadLocalRunnable.java:30)
	... 1 more
Caused by: java.net.ConnectException: Connection refused
	... 11 more
2019-10-30 11:52:59,885 [grpc-default-executor-6] INFO  impl.RaftServerImpl (RaftServerImpl.java:setRole(184)) - 9b3ef6c9-0245-4756-bf80-45d41f7a4453@group-F367C8FA5986: changes role from  FOLLOWER to FOLLOWER at term 207 for recognizeCandidate:9dbd5372-55c2-4532-b354-9494d3d545d2
2019-10-30 11:52:59,885 [grpc-default-executor-6] INFO  impl.RoleInfo (RoleInfo.java:shutdownFollowerState(121)) - 9b3ef6c9-0245-4756-bf80-45d41f7a4453: shutdown FollowerState
2019-10-30 11:52:59,885 [9dbd5372-55c2-4532-b354-9494d3d545d2@group-F367C8FA5986-LeaderElection395] INFO  impl.LeaderElection (LogUtils.java:infoOrTrace(149)) - 9dbd5372-55c2-4532-b354-9494d3d545d2@group-F367C8FA5986-LeaderElection395 got exception when requesting votes: {}
java.util.concurrent.ExecutionException: org.apache.ratis.thirdparty.io.grpc.StatusRuntimeException: UNAVAILABLE: io exception
	at java.util.concurrent.FutureTask.report(FutureTask.java:122)
	at java.util.concurrent.FutureTask.get(FutureTask.java:192)
	at org.apache.ratis.server.impl.LeaderElection.waitForResults(LeaderElection.java:259)
	at org.apache.ratis.server.impl.LeaderElection.askForVotes(LeaderElection.java:197)
	at org.apache.ratis.server.impl.LeaderElection.run(LeaderElection.java:133)
	at java.lang.Thread.run(Thread.java:748)
Caused by: org.apache.ratis.thirdparty.io.grpc.StatusRuntimeException: UNAVAILABLE: io exception
	at org.apache.ratis.thirdparty.io.grpc.stub.ClientCalls.toStatusRuntimeException(ClientCalls.java:233)
	at org.apache.ratis.thirdparty.io.grpc.stub.ClientCalls.getUnchecked(ClientCalls.java:214)
	at org.apache.ratis.thirdparty.io.grpc.stub.ClientCalls.blockingUnaryCall(ClientCalls.java:139)
	at org.apache.ratis.proto.grpc.RaftServerProtocolServiceGrpc$RaftServerProtocolServiceBlockingStub.requestVote(RaftServerProtocolServiceGrpc.java:265)
	at org.apache.ratis.grpc.server.GrpcServerProtocolClient.requestVote(GrpcServerProtocolClient.java:99)
	at org.apache.ratis.grpc.server.GrpcService.requestVote(GrpcService.java:204)
	at org.apache.ratis.server.impl.LeaderElection.lambda$submitRequests$1(LeaderElection.java:234)
	at java.util.concurrent.FutureTask.run(FutureTask.java:266)
	at java.util.concurrent.Executors$RunnableAdapter.call(Executors.java:511)
	at java.util.concurrent.FutureTask.run(FutureTask.java:266)
	at java.util.concurrent.ThreadPoolExecutor.runWorker(ThreadPoolExecutor.java:1149)
	at java.util.concurrent.ThreadPoolExecutor$Worker.run(ThreadPoolExecutor.java:624)
	... 1 more
Caused by: org.apache.ratis.thirdparty.io.netty.channel.AbstractChannel$AnnotatedConnectException: Connection refused: /192.168.157.220:43236
	at sun.nio.ch.SocketChannelImpl.checkConnect(Native Method)
	at sun.nio.ch.SocketChannelImpl.finishConnect(SocketChannelImpl.java:717)
	at org.apache.ratis.thirdparty.io.netty.channel.socket.nio.NioSocketChannel.doFinishConnect(NioSocketChannel.java:327)
	at org.apache.ratis.thirdparty.io.netty.channel.nio.AbstractNioChannel$AbstractNioUnsafe.finishConnect(AbstractNioChannel.java:340)
	at org.apache.ratis.thirdparty.io.netty.channel.nio.NioEventLoop.processSelectedKey(NioEventLoop.java:632)
	at org.apache.ratis.thirdparty.io.netty.channel.nio.NioEventLoop.processSelectedKeysOptimized(NioEventLoop.java:579)
	at org.apache.ratis.thirdparty.io.netty.channel.nio.NioEventLoop.processSelectedKeys(NioEventLoop.java:496)
	at org.apache.ratis.thirdparty.io.netty.channel.nio.NioEventLoop.run(NioEventLoop.java:458)
	at org.apache.ratis.thirdparty.io.netty.util.concurrent.SingleThreadEventExecutor$5.run(SingleThreadEventExecutor.java:897)
	at org.apache.ratis.thirdparty.io.netty.util.concurrent.FastThreadLocalRunnable.run(FastThreadLocalRunnable.java:30)
	... 1 more
Caused by: java.net.ConnectException: Connection refused
	... 11 more
2019-10-30 11:52:59,887 [Thread-3032] INFO  impl.FollowerState (FollowerState.java:run(117)) - 9b3ef6c9-0245-4756-bf80-45d41f7a4453@group-F367C8FA5986-FollowerState was interrupted: java.lang.InterruptedException: sleep interrupted
2019-10-30 11:52:59,886 [grpc-default-executor-6] INFO  impl.RoleInfo (RoleInfo.java:updateAndGet(143)) - 9b3ef6c9-0245-4756-bf80-45d41f7a4453: start FollowerState
2019-10-30 11:52:59,887 [grpc-default-executor-4] INFO  impl.RaftServerImpl (RaftServerImpl.java:setRole(184)) - 4cc44201-a597-43af-a4ec-5b1b407a6250@group-83984122B78E: changes role from  FOLLOWER to FOLLOWER at term 216 for recognizeCandidate:f26e10ed-fb17-49e6-a903-eadc130d13d1
2019-10-30 11:52:59,887 [grpc-default-executor-4] INFO  impl.RoleInfo (RoleInfo.java:shutdownFollowerState(121)) - 4cc44201-a597-43af-a4ec-5b1b407a6250: shutdown FollowerState
2019-10-30 11:52:59,887 [grpc-default-executor-4] INFO  impl.RoleInfo (RoleInfo.java:updateAndGet(143)) - 4cc44201-a597-43af-a4ec-5b1b407a6250: start FollowerState
2019-10-30 11:52:59,888 [Thread-3035] INFO  impl.FollowerState (FollowerState.java:run(117)) - 4cc44201-a597-43af-a4ec-5b1b407a6250@group-83984122B78E-FollowerState was interrupted: java.lang.InterruptedException: sleep interrupted
2019-10-30 11:52:59,901 [f26e10ed-fb17-49e6-a903-eadc130d13d1@group-83984122B78E-LeaderElection396] INFO  impl.LeaderElection (LeaderElection.java:logAndReturn(56)) - f26e10ed-fb17-49e6-a903-eadc130d13d1@group-83984122B78E-LeaderElection396: Election REJECTED; received 1 response(s) [f26e10ed-fb17-49e6-a903-eadc130d13d1<-4cc44201-a597-43af-a4ec-5b1b407a6250#0:FAIL-t216] and 1 exception(s); f26e10ed-fb17-49e6-a903-eadc130d13d1@group-83984122B78E:t216, leader=null, voted=f26e10ed-fb17-49e6-a903-eadc130d13d1, raftlog=f26e10ed-fb17-49e6-a903-eadc130d13d1@group-83984122B78E-SegmentedRaftLog:OPENED:c-1,f-1,i0, conf=-1: [4f16e274-8663-4a15-9c4c-c81f650ab979:192.168.157.220:38181, 4cc44201-a597-43af-a4ec-5b1b407a6250:192.168.157.220:36685, f26e10ed-fb17-49e6-a903-eadc130d13d1:192.168.157.220:32806], old=null
2019-10-30 11:52:59,901 [f26e10ed-fb17-49e6-a903-eadc130d13d1@group-83984122B78E-LeaderElection396] INFO  impl.LeaderElection (LogUtils.java:infoOrTrace(149)) -   Exception 0: {}
java.util.concurrent.ExecutionException: org.apache.ratis.thirdparty.io.grpc.StatusRuntimeException: UNAVAILABLE: io exception
	at java.util.concurrent.FutureTask.report(FutureTask.java:122)
	at java.util.concurrent.FutureTask.get(FutureTask.java:192)
	at org.apache.ratis.server.impl.LeaderElection.waitForResults(LeaderElection.java:259)
	at org.apache.ratis.server.impl.LeaderElection.askForVotes(LeaderElection.java:197)
	at org.apache.ratis.server.impl.LeaderElection.run(LeaderElection.java:133)
	at java.lang.Thread.run(Thread.java:748)
Caused by: org.apache.ratis.thirdparty.io.grpc.StatusRuntimeException: UNAVAILABLE: io exception
	at org.apache.ratis.thirdparty.io.grpc.stub.ClientCalls.toStatusRuntimeException(ClientCalls.java:233)
	at org.apache.ratis.thirdparty.io.grpc.stub.ClientCalls.getUnchecked(ClientCalls.java:214)
	at org.apache.ratis.thirdparty.io.grpc.stub.ClientCalls.blockingUnaryCall(ClientCalls.java:139)
	at org.apache.ratis.proto.grpc.RaftServerProtocolServiceGrpc$RaftServerProtocolServiceBlockingStub.requestVote(RaftServerProtocolServiceGrpc.java:265)
	at org.apache.ratis.grpc.server.GrpcServerProtocolClient.requestVote(GrpcServerProtocolClient.java:99)
	at org.apache.ratis.grpc.server.GrpcService.requestVote(GrpcService.java:204)
	at org.apache.ratis.server.impl.LeaderElection.lambda$submitRequests$1(LeaderElection.java:234)
	at java.util.concurrent.FutureTask.run(FutureTask.java:266)
	at java.util.concurrent.Executors$RunnableAdapter.call(Executors.java:511)
	at java.util.concurrent.FutureTask.run(FutureTask.java:266)
	at java.util.concurrent.ThreadPoolExecutor.runWorker(ThreadPoolExecutor.java:1149)
	at java.util.concurrent.ThreadPoolExecutor$Worker.run(ThreadPoolExecutor.java:624)
	... 1 more
Caused by: org.apache.ratis.thirdparty.io.netty.channel.AbstractChannel$AnnotatedConnectException: Connection refused: /192.168.157.220:38181
	at sun.nio.ch.SocketChannelImpl.checkConnect(Native Method)
	at sun.nio.ch.SocketChannelImpl.finishConnect(SocketChannelImpl.java:717)
	at org.apache.ratis.thirdparty.io.netty.channel.socket.nio.NioSocketChannel.doFinishConnect(NioSocketChannel.java:327)
	at org.apache.ratis.thirdparty.io.netty.channel.nio.AbstractNioChannel$AbstractNioUnsafe.finishConnect(AbstractNioChannel.java:340)
	at org.apache.ratis.thirdparty.io.netty.channel.nio.NioEventLoop.processSelectedKey(NioEventLoop.java:632)
	at org.apache.ratis.thirdparty.io.netty.channel.nio.NioEventLoop.processSelectedKeysOptimized(NioEventLoop.java:579)
	at org.apache.ratis.thirdparty.io.netty.channel.nio.NioEventLoop.processSelectedKeys(NioEventLoop.java:496)
	at org.apache.ratis.thirdparty.io.netty.channel.nio.NioEventLoop.run(NioEventLoop.java:458)
	at org.apache.ratis.thirdparty.io.netty.util.concurrent.SingleThreadEventExecutor$5.run(SingleThreadEventExecutor.java:897)
	at org.apache.ratis.thirdparty.io.netty.util.concurrent.FastThreadLocalRunnable.run(FastThreadLocalRunnable.java:30)
	... 1 more
Caused by: java.net.ConnectException: Connection refused
	... 11 more
2019-10-30 11:52:59,901 [f26e10ed-fb17-49e6-a903-eadc130d13d1@group-83984122B78E-LeaderElection396] INFO  impl.RaftServerImpl (RaftServerImpl.java:setRole(184)) - f26e10ed-fb17-49e6-a903-eadc130d13d1@group-83984122B78E: changes role from CANDIDATE to FOLLOWER at term 216 for DISCOVERED_A_NEW_TERM
2019-10-30 11:52:59,901 [9dbd5372-55c2-4532-b354-9494d3d545d2@group-F367C8FA5986-LeaderElection395] INFO  impl.LeaderElection (LeaderElection.java:logAndReturn(56)) - 9dbd5372-55c2-4532-b354-9494d3d545d2@group-F367C8FA5986-LeaderElection395: Election REJECTED; received 1 response(s) [9dbd5372-55c2-4532-b354-9494d3d545d2<-9b3ef6c9-0245-4756-bf80-45d41f7a4453#0:FAIL-t207] and 1 exception(s); 9dbd5372-55c2-4532-b354-9494d3d545d2@group-F367C8FA5986:t207, leader=null, voted=9dbd5372-55c2-4532-b354-9494d3d545d2, raftlog=9dbd5372-55c2-4532-b354-9494d3d545d2@group-F367C8FA5986-SegmentedRaftLog:OPENED:c-1,f-1,i0, conf=-1: [9b3ef6c9-0245-4756-bf80-45d41f7a4453:192.168.157.220:37058, cd11b2f5-3187-4d03-bd60-931991550c17:192.168.157.220:43236, 9dbd5372-55c2-4532-b354-9494d3d545d2:192.168.157.220:42993], old=null
2019-10-30 11:52:59,901 [9dbd5372-55c2-4532-b354-9494d3d545d2@group-F367C8FA5986-LeaderElection395] INFO  impl.LeaderElection (LogUtils.java:infoOrTrace(149)) -   Exception 0: {}
java.util.concurrent.ExecutionException: org.apache.ratis.thirdparty.io.grpc.StatusRuntimeException: UNAVAILABLE: io exception
	at java.util.concurrent.FutureTask.report(FutureTask.java:122)
	at java.util.concurrent.FutureTask.get(FutureTask.java:192)
	at org.apache.ratis.server.impl.LeaderElection.waitForResults(LeaderElection.java:259)
	at org.apache.ratis.server.impl.LeaderElection.askForVotes(LeaderElection.java:197)
	at org.apache.ratis.server.impl.LeaderElection.run(LeaderElection.java:133)
	at java.lang.Thread.run(Thread.java:748)
Caused by: org.apache.ratis.thirdparty.io.grpc.StatusRuntimeException: UNAVAILABLE: io exception
	at org.apache.ratis.thirdparty.io.grpc.stub.ClientCalls.toStatusRuntimeException(ClientCalls.java:233)
	at org.apache.ratis.thirdparty.io.grpc.stub.ClientCalls.getUnchecked(ClientCalls.java:214)
	at org.apache.ratis.thirdparty.io.grpc.stub.ClientCalls.blockingUnaryCall(ClientCalls.java:139)
	at org.apache.ratis.proto.grpc.RaftServerProtocolServiceGrpc$RaftServerProtocolServiceBlockingStub.requestVote(RaftServerProtocolServiceGrpc.java:265)
	at org.apache.ratis.grpc.server.GrpcServerProtocolClient.requestVote(GrpcServerProtocolClient.java:99)
	at org.apache.ratis.grpc.server.GrpcService.requestVote(GrpcService.java:204)
	at org.apache.ratis.server.impl.LeaderElection.lambda$submitRequests$1(LeaderElection.java:234)
	at java.util.concurrent.FutureTask.run(FutureTask.java:266)
	at java.util.concurrent.Executors$RunnableAdapter.call(Executors.java:511)
	at java.util.concurrent.FutureTask.run(FutureTask.java:266)
	at java.util.concurrent.ThreadPoolExecutor.runWorker(ThreadPoolExecutor.java:1149)
	at java.util.concurrent.ThreadPoolExecutor$Worker.run(ThreadPoolExecutor.java:624)
	... 1 more
Caused by: org.apache.ratis.thirdparty.io.netty.channel.AbstractChannel$AnnotatedConnectException: Connection refused: /192.168.157.220:43236
	at sun.nio.ch.SocketChannelImpl.checkConnect(Native Method)
	at sun.nio.ch.SocketChannelImpl.finishConnect(SocketChannelImpl.java:717)
	at org.apache.ratis.thirdparty.io.netty.channel.socket.nio.NioSocketChannel.doFinishConnect(NioSocketChannel.java:327)
	at org.apache.ratis.thirdparty.io.netty.channel.nio.AbstractNioChannel$AbstractNioUnsafe.finishConnect(AbstractNioChannel.java:340)
	at org.apache.ratis.thirdparty.io.netty.channel.nio.NioEventLoop.processSelectedKey(NioEventLoop.java:632)
	at org.apache.ratis.thirdparty.io.netty.channel.nio.NioEventLoop.processSelectedKeysOptimized(NioEventLoop.java:579)
	at org.apache.ratis.thirdparty.io.netty.channel.nio.NioEventLoop.processSelectedKeys(NioEventLoop.java:496)
	at org.apache.ratis.thirdparty.io.netty.channel.nio.NioEventLoop.run(NioEventLoop.java:458)
	at org.apache.ratis.thirdparty.io.netty.util.concurrent.SingleThreadEventExecutor$5.run(SingleThreadEventExecutor.java:897)
	at org.apache.ratis.thirdparty.io.netty.util.concurrent.FastThreadLocalRunnable.run(FastThreadLocalRunnable.java:30)
	... 1 more
Caused by: java.net.ConnectException: Connection refused
	... 11 more
2019-10-30 11:52:59,902 [9dbd5372-55c2-4532-b354-9494d3d545d2@group-F367C8FA5986-LeaderElection395] INFO  impl.RaftServerImpl (RaftServerImpl.java:setRole(184)) - 9dbd5372-55c2-4532-b354-9494d3d545d2@group-F367C8FA5986: changes role from CANDIDATE to FOLLOWER at term 207 for DISCOVERED_A_NEW_TERM
2019-10-30 11:52:59,902 [9dbd5372-55c2-4532-b354-9494d3d545d2@group-F367C8FA5986-LeaderElection395] INFO  impl.RoleInfo (RoleInfo.java:shutdownLeaderElection(134)) - 9dbd5372-55c2-4532-b354-9494d3d545d2: shutdown LeaderElection
2019-10-30 11:52:59,901 [f26e10ed-fb17-49e6-a903-eadc130d13d1@group-83984122B78E-LeaderElection396] INFO  impl.RoleInfo (RoleInfo.java:shutdownLeaderElection(134)) - f26e10ed-fb17-49e6-a903-eadc130d13d1: shutdown LeaderElection
2019-10-30 11:52:59,902 [f26e10ed-fb17-49e6-a903-eadc130d13d1@group-83984122B78E-LeaderElection396] INFO  impl.RoleInfo (RoleInfo.java:updateAndGet(143)) - f26e10ed-fb17-49e6-a903-eadc130d13d1: start FollowerState
2019-10-30 11:52:59,902 [9dbd5372-55c2-4532-b354-9494d3d545d2@group-F367C8FA5986-LeaderElection395] INFO  impl.RoleInfo (RoleInfo.java:updateAndGet(143)) - 9dbd5372-55c2-4532-b354-9494d3d545d2: start FollowerState
2019-10-30 11:53:00,074 [Thread-3046] INFO  impl.FollowerState (FollowerState.java:run(108)) - 9dbd5372-55c2-4532-b354-9494d3d545d2@group-F367C8FA5986-FollowerState: change to CANDIDATE, lastRpcTime:172ms, electionTimeout:172ms
2019-10-30 11:53:00,075 [Thread-3046] INFO  impl.RoleInfo (RoleInfo.java:shutdownFollowerState(121)) - 9dbd5372-55c2-4532-b354-9494d3d545d2: shutdown FollowerState
2019-10-30 11:53:00,075 [Thread-3046] INFO  impl.RaftServerImpl (RaftServerImpl.java:setRole(184)) - 9dbd5372-55c2-4532-b354-9494d3d545d2@group-F367C8FA5986: changes role from  FOLLOWER to CANDIDATE at term 207 for changeToCandidate
2019-10-30 11:53:00,075 [Thread-3046] INFO  impl.RoleInfo (RoleInfo.java:updateAndGet(143)) - 9dbd5372-55c2-4532-b354-9494d3d545d2: start LeaderElection
2019-10-30 11:53:00,085 [Thread-3047] INFO  impl.FollowerState (FollowerState.java:run(108)) - f26e10ed-fb17-49e6-a903-eadc130d13d1@group-83984122B78E-FollowerState: change to CANDIDATE, lastRpcTime:183ms, electionTimeout:183ms
2019-10-30 11:53:00,085 [Thread-3047] INFO  impl.RoleInfo (RoleInfo.java:shutdownFollowerState(121)) - f26e10ed-fb17-49e6-a903-eadc130d13d1: shutdown FollowerState
2019-10-30 11:53:00,085 [Thread-3047] INFO  impl.RaftServerImpl (RaftServerImpl.java:setRole(184)) - f26e10ed-fb17-49e6-a903-eadc130d13d1@group-83984122B78E: changes role from  FOLLOWER to CANDIDATE at term 216 for changeToCandidate
2019-10-30 11:53:00,085 [Thread-3047] INFO  impl.RoleInfo (RoleInfo.java:updateAndGet(143)) - f26e10ed-fb17-49e6-a903-eadc130d13d1: start LeaderElection
2019-10-30 11:53:00,088 [9dbd5372-55c2-4532-b354-9494d3d545d2@group-F367C8FA5986-LeaderElection397] INFO  impl.LeaderElection (LeaderElection.java:askForVotes(178)) - 9dbd5372-55c2-4532-b354-9494d3d545d2@group-F367C8FA5986-LeaderElection397: begin an election at term 208 for -1: [9b3ef6c9-0245-4756-bf80-45d41f7a4453:192.168.157.220:37058, cd11b2f5-3187-4d03-bd60-931991550c17:192.168.157.220:43236, 9dbd5372-55c2-4532-b354-9494d3d545d2:192.168.157.220:42993], old=null
2019-10-30 11:53:00,089 [9dbd5372-55c2-4532-b354-9494d3d545d2@group-F367C8FA5986-LeaderElection397] INFO  impl.LeaderElection (LogUtils.java:infoOrTrace(149)) - 9dbd5372-55c2-4532-b354-9494d3d545d2@group-F367C8FA5986-LeaderElection397 got exception when requesting votes: {}
java.util.concurrent.ExecutionException: org.apache.ratis.thirdparty.io.grpc.StatusRuntimeException: UNAVAILABLE: io exception
	at java.util.concurrent.FutureTask.report(FutureTask.java:122)
	at java.util.concurrent.FutureTask.get(FutureTask.java:192)
	at org.apache.ratis.server.impl.LeaderElection.waitForResults(LeaderElection.java:259)
	at org.apache.ratis.server.impl.LeaderElection.askForVotes(LeaderElection.java:197)
	at org.apache.ratis.server.impl.LeaderElection.run(LeaderElection.java:133)
	at java.lang.Thread.run(Thread.java:748)
Caused by: org.apache.ratis.thirdparty.io.grpc.StatusRuntimeException: UNAVAILABLE: io exception
	at org.apache.ratis.thirdparty.io.grpc.stub.ClientCalls.toStatusRuntimeException(ClientCalls.java:233)
	at org.apache.ratis.thirdparty.io.grpc.stub.ClientCalls.getUnchecked(ClientCalls.java:214)
	at org.apache.ratis.thirdparty.io.grpc.stub.ClientCalls.blockingUnaryCall(ClientCalls.java:139)
	at org.apache.ratis.proto.grpc.RaftServerProtocolServiceGrpc$RaftServerProtocolServiceBlockingStub.requestVote(RaftServerProtocolServiceGrpc.java:265)
	at org.apache.ratis.grpc.server.GrpcServerProtocolClient.requestVote(GrpcServerProtocolClient.java:99)
	at org.apache.ratis.grpc.server.GrpcService.requestVote(GrpcService.java:204)
	at org.apache.ratis.server.impl.LeaderElection.lambda$submitRequests$1(LeaderElection.java:234)
	at java.util.concurrent.FutureTask.run(FutureTask.java:266)
	at java.util.concurrent.Executors$RunnableAdapter.call(Executors.java:511)
	at java.util.concurrent.FutureTask.run(FutureTask.java:266)
	at java.util.concurrent.ThreadPoolExecutor.runWorker(ThreadPoolExecutor.java:1149)
	at java.util.concurrent.ThreadPoolExecutor$Worker.run(ThreadPoolExecutor.java:624)
	... 1 more
Caused by: org.apache.ratis.thirdparty.io.netty.channel.AbstractChannel$AnnotatedConnectException: Connection refused: /192.168.157.220:43236
	at sun.nio.ch.SocketChannelImpl.checkConnect(Native Method)
	at sun.nio.ch.SocketChannelImpl.finishConnect(SocketChannelImpl.java:717)
	at org.apache.ratis.thirdparty.io.netty.channel.socket.nio.NioSocketChannel.doFinishConnect(NioSocketChannel.java:327)
	at org.apache.ratis.thirdparty.io.netty.channel.nio.AbstractNioChannel$AbstractNioUnsafe.finishConnect(AbstractNioChannel.java:340)
	at org.apache.ratis.thirdparty.io.netty.channel.nio.NioEventLoop.processSelectedKey(NioEventLoop.java:632)
	at org.apache.ratis.thirdparty.io.netty.channel.nio.NioEventLoop.processSelectedKeysOptimized(NioEventLoop.java:579)
	at org.apache.ratis.thirdparty.io.netty.channel.nio.NioEventLoop.processSelectedKeys(NioEventLoop.java:496)
	at org.apache.ratis.thirdparty.io.netty.channel.nio.NioEventLoop.run(NioEventLoop.java:458)
	at org.apache.ratis.thirdparty.io.netty.util.concurrent.SingleThreadEventExecutor$5.run(SingleThreadEventExecutor.java:897)
	at org.apache.ratis.thirdparty.io.netty.util.concurrent.FastThreadLocalRunnable.run(FastThreadLocalRunnable.java:30)
	... 1 more
Caused by: java.net.ConnectException: Connection refused
	... 11 more
2019-10-30 11:53:00,091 [f26e10ed-fb17-49e6-a903-eadc130d13d1@group-83984122B78E-LeaderElection398] INFO  impl.LeaderElection (LeaderElection.java:askForVotes(178)) - f26e10ed-fb17-49e6-a903-eadc130d13d1@group-83984122B78E-LeaderElection398: begin an election at term 217 for -1: [4f16e274-8663-4a15-9c4c-c81f650ab979:192.168.157.220:38181, 4cc44201-a597-43af-a4ec-5b1b407a6250:192.168.157.220:36685, f26e10ed-fb17-49e6-a903-eadc130d13d1:192.168.157.220:32806], old=null
2019-10-30 11:53:00,092 [grpc-default-executor-4] INFO  impl.RaftServerImpl (RaftServerImpl.java:setRole(184)) - 9b3ef6c9-0245-4756-bf80-45d41f7a4453@group-F367C8FA5986: changes role from  FOLLOWER to FOLLOWER at term 208 for recognizeCandidate:9dbd5372-55c2-4532-b354-9494d3d545d2
2019-10-30 11:53:00,092 [grpc-default-executor-4] INFO  impl.RoleInfo (RoleInfo.java:shutdownFollowerState(121)) - 9b3ef6c9-0245-4756-bf80-45d41f7a4453: shutdown FollowerState
2019-10-30 11:53:00,092 [f26e10ed-fb17-49e6-a903-eadc130d13d1@group-83984122B78E-LeaderElection398] INFO  impl.LeaderElection (LogUtils.java:infoOrTrace(149)) - f26e10ed-fb17-49e6-a903-eadc130d13d1@group-83984122B78E-LeaderElection398 got exception when requesting votes: {}
java.util.concurrent.ExecutionException: org.apache.ratis.thirdparty.io.grpc.StatusRuntimeException: UNAVAILABLE: io exception
	at java.util.concurrent.FutureTask.report(FutureTask.java:122)
	at java.util.concurrent.FutureTask.get(FutureTask.java:192)
	at org.apache.ratis.server.impl.LeaderElection.waitForResults(LeaderElection.java:259)
	at org.apache.ratis.server.impl.LeaderElection.askForVotes(LeaderElection.java:197)
	at org.apache.ratis.server.impl.LeaderElection.run(LeaderElection.java:133)
	at java.lang.Thread.run(Thread.java:748)
Caused by: org.apache.ratis.thirdparty.io.grpc.StatusRuntimeException: UNAVAILABLE: io exception
	at org.apache.ratis.thirdparty.io.grpc.stub.ClientCalls.toStatusRuntimeException(ClientCalls.java:233)
	at org.apache.ratis.thirdparty.io.grpc.stub.ClientCalls.getUnchecked(ClientCalls.java:214)
	at org.apache.ratis.thirdparty.io.grpc.stub.ClientCalls.blockingUnaryCall(ClientCalls.java:139)
	at org.apache.ratis.proto.grpc.RaftServerProtocolServiceGrpc$RaftServerProtocolServiceBlockingStub.requestVote(RaftServerProtocolServiceGrpc.java:265)
	at org.apache.ratis.grpc.server.GrpcServerProtocolClient.requestVote(GrpcServerProtocolClient.java:99)
	at org.apache.ratis.grpc.server.GrpcService.requestVote(GrpcService.java:204)
	at org.apache.ratis.server.impl.LeaderElection.lambda$submitRequests$1(LeaderElection.java:234)
	at java.util.concurrent.FutureTask.run(FutureTask.java:266)
	at java.util.concurrent.Executors$RunnableAdapter.call(Executors.java:511)
	at java.util.concurrent.FutureTask.run(FutureTask.java:266)
	at java.util.concurrent.ThreadPoolExecutor.runWorker(ThreadPoolExecutor.java:1149)
	at java.util.concurrent.ThreadPoolExecutor$Worker.run(ThreadPoolExecutor.java:624)
	... 1 more
Caused by: org.apache.ratis.thirdparty.io.netty.channel.AbstractChannel$AnnotatedConnectException: Connection refused: /192.168.157.220:38181
	at sun.nio.ch.SocketChannelImpl.checkConnect(Native Method)
	at sun.nio.ch.SocketChannelImpl.finishConnect(SocketChannelImpl.java:717)
	at org.apache.ratis.thirdparty.io.netty.channel.socket.nio.NioSocketChannel.doFinishConnect(NioSocketChannel.java:327)
	at org.apache.ratis.thirdparty.io.netty.channel.nio.AbstractNioChannel$AbstractNioUnsafe.finishConnect(AbstractNioChannel.java:340)
	at org.apache.ratis.thirdparty.io.netty.channel.nio.NioEventLoop.processSelectedKey(NioEventLoop.java:632)
	at org.apache.ratis.thirdparty.io.netty.channel.nio.NioEventLoop.processSelectedKeysOptimized(NioEventLoop.java:579)
	at org.apache.ratis.thirdparty.io.netty.channel.nio.NioEventLoop.processSelectedKeys(NioEventLoop.java:496)
	at org.apache.ratis.thirdparty.io.netty.channel.nio.NioEventLoop.run(NioEventLoop.java:458)
	at org.apache.ratis.thirdparty.io.netty.util.concurrent.SingleThreadEventExecutor$5.run(SingleThreadEventExecutor.java:897)
	at org.apache.ratis.thirdparty.io.netty.util.concurrent.FastThreadLocalRunnable.run(FastThreadLocalRunnable.java:30)
	... 1 more
Caused by: java.net.ConnectException: Connection refused
	... 11 more
2019-10-30 11:53:00,094 [Thread-3044] INFO  impl.FollowerState (FollowerState.java:run(117)) - 9b3ef6c9-0245-4756-bf80-45d41f7a4453@group-F367C8FA5986-FollowerState was interrupted: java.lang.InterruptedException: sleep interrupted
2019-10-30 11:53:00,092 [grpc-default-executor-4] INFO  impl.RoleInfo (RoleInfo.java:updateAndGet(143)) - 9b3ef6c9-0245-4756-bf80-45d41f7a4453: start FollowerState
2019-10-30 11:53:00,094 [grpc-default-executor-6] INFO  impl.RaftServerImpl (RaftServerImpl.java:setRole(184)) - 4cc44201-a597-43af-a4ec-5b1b407a6250@group-83984122B78E: changes role from  FOLLOWER to FOLLOWER at term 217 for recognizeCandidate:f26e10ed-fb17-49e6-a903-eadc130d13d1
2019-10-30 11:53:00,094 [grpc-default-executor-6] INFO  impl.RoleInfo (RoleInfo.java:shutdownFollowerState(121)) - 4cc44201-a597-43af-a4ec-5b1b407a6250: shutdown FollowerState
2019-10-30 11:53:00,094 [grpc-default-executor-6] INFO  impl.RoleInfo (RoleInfo.java:updateAndGet(143)) - 4cc44201-a597-43af-a4ec-5b1b407a6250: start FollowerState
2019-10-30 11:53:00,095 [Thread-3045] INFO  impl.FollowerState (FollowerState.java:run(117)) - 4cc44201-a597-43af-a4ec-5b1b407a6250@group-83984122B78E-FollowerState was interrupted: java.lang.InterruptedException: sleep interrupted
2019-10-30 11:53:00,097 [9dbd5372-55c2-4532-b354-9494d3d545d2@group-F367C8FA5986-LeaderElection397] INFO  impl.LeaderElection (LeaderElection.java:logAndReturn(56)) - 9dbd5372-55c2-4532-b354-9494d3d545d2@group-F367C8FA5986-LeaderElection397: Election TIMEOUT; received 0 response(s) [] and 1 exception(s); 9dbd5372-55c2-4532-b354-9494d3d545d2@group-F367C8FA5986:t208, leader=null, voted=9dbd5372-55c2-4532-b354-9494d3d545d2, raftlog=9dbd5372-55c2-4532-b354-9494d3d545d2@group-F367C8FA5986-SegmentedRaftLog:OPENED:c-1,f-1,i0, conf=-1: [9b3ef6c9-0245-4756-bf80-45d41f7a4453:192.168.157.220:37058, cd11b2f5-3187-4d03-bd60-931991550c17:192.168.157.220:43236, 9dbd5372-55c2-4532-b354-9494d3d545d2:192.168.157.220:42993], old=null
2019-10-30 11:53:00,098 [9dbd5372-55c2-4532-b354-9494d3d545d2@group-F367C8FA5986-LeaderElection397] INFO  impl.LeaderElection (LogUtils.java:infoOrTrace(149)) -   Exception 0: {}
java.util.concurrent.ExecutionException: org.apache.ratis.thirdparty.io.grpc.StatusRuntimeException: UNAVAILABLE: io exception
	at java.util.concurrent.FutureTask.report(FutureTask.java:122)
	at java.util.concurrent.FutureTask.get(FutureTask.java:192)
	at org.apache.ratis.server.impl.LeaderElection.waitForResults(LeaderElection.java:259)
	at org.apache.ratis.server.impl.LeaderElection.askForVotes(LeaderElection.java:197)
	at org.apache.ratis.server.impl.LeaderElection.run(LeaderElection.java:133)
	at java.lang.Thread.run(Thread.java:748)
Caused by: org.apache.ratis.thirdparty.io.grpc.StatusRuntimeException: UNAVAILABLE: io exception
	at org.apache.ratis.thirdparty.io.grpc.stub.ClientCalls.toStatusRuntimeException(ClientCalls.java:233)
	at org.apache.ratis.thirdparty.io.grpc.stub.ClientCalls.getUnchecked(ClientCalls.java:214)
	at org.apache.ratis.thirdparty.io.grpc.stub.ClientCalls.blockingUnaryCall(ClientCalls.java:139)
	at org.apache.ratis.proto.grpc.RaftServerProtocolServiceGrpc$RaftServerProtocolServiceBlockingStub.requestVote(RaftServerProtocolServiceGrpc.java:265)
	at org.apache.ratis.grpc.server.GrpcServerProtocolClient.requestVote(GrpcServerProtocolClient.java:99)
	at org.apache.ratis.grpc.server.GrpcService.requestVote(GrpcService.java:204)
	at org.apache.ratis.server.impl.LeaderElection.lambda$submitRequests$1(LeaderElection.java:234)
	at java.util.concurrent.FutureTask.run(FutureTask.java:266)
	at java.util.concurrent.Executors$RunnableAdapter.call(Executors.java:511)
	at java.util.concurrent.FutureTask.run(FutureTask.java:266)
	at java.util.concurrent.ThreadPoolExecutor.runWorker(ThreadPoolExecutor.java:1149)
	at java.util.concurrent.ThreadPoolExecutor$Worker.run(ThreadPoolExecutor.java:624)
	... 1 more
Caused by: org.apache.ratis.thirdparty.io.netty.channel.AbstractChannel$AnnotatedConnectException: Connection refused: /192.168.157.220:43236
	at sun.nio.ch.SocketChannelImpl.checkConnect(Native Method)
	at sun.nio.ch.SocketChannelImpl.finishConnect(SocketChannelImpl.java:717)
	at org.apache.ratis.thirdparty.io.netty.channel.socket.nio.NioSocketChannel.doFinishConnect(NioSocketChannel.java:327)
	at org.apache.ratis.thirdparty.io.netty.channel.nio.AbstractNioChannel$AbstractNioUnsafe.finishConnect(AbstractNioChannel.java:340)
	at org.apache.ratis.thirdparty.io.netty.channel.nio.NioEventLoop.processSelectedKey(NioEventLoop.java:632)
	at org.apache.ratis.thirdparty.io.netty.channel.nio.NioEventLoop.processSelectedKeysOptimized(NioEventLoop.java:579)
	at org.apache.ratis.thirdparty.io.netty.channel.nio.NioEventLoop.processSelectedKeys(NioEventLoop.java:496)
	at org.apache.ratis.thirdparty.io.netty.channel.nio.NioEventLoop.run(NioEventLoop.java:458)
	at org.apache.ratis.thirdparty.io.netty.util.concurrent.SingleThreadEventExecutor$5.run(SingleThreadEventExecutor.java:897)
	at org.apache.ratis.thirdparty.io.netty.util.concurrent.FastThreadLocalRunnable.run(FastThreadLocalRunnable.java:30)
	... 1 more
Caused by: java.net.ConnectException: Connection refused
	... 11 more
2019-10-30 11:53:00,115 [9dbd5372-55c2-4532-b354-9494d3d545d2@group-F367C8FA5986-LeaderElection397] INFO  impl.LeaderElection (LeaderElection.java:askForVotes(178)) - 9dbd5372-55c2-4532-b354-9494d3d545d2@group-F367C8FA5986-LeaderElection397: begin an election at term 209 for -1: [9b3ef6c9-0245-4756-bf80-45d41f7a4453:192.168.157.220:37058, cd11b2f5-3187-4d03-bd60-931991550c17:192.168.157.220:43236, 9dbd5372-55c2-4532-b354-9494d3d545d2:192.168.157.220:42993], old=null
2019-10-30 11:53:00,115 [9dbd5372-55c2-4532-b354-9494d3d545d2@group-F367C8FA5986-LeaderElection397] INFO  impl.LeaderElection (LogUtils.java:infoOrTrace(149)) - 9dbd5372-55c2-4532-b354-9494d3d545d2@group-F367C8FA5986-LeaderElection397 got exception when requesting votes: {}
java.util.concurrent.ExecutionException: org.apache.ratis.thirdparty.io.grpc.StatusRuntimeException: UNAVAILABLE: io exception
	at java.util.concurrent.FutureTask.report(FutureTask.java:122)
	at java.util.concurrent.FutureTask.get(FutureTask.java:192)
	at org.apache.ratis.server.impl.LeaderElection.waitForResults(LeaderElection.java:259)
	at org.apache.ratis.server.impl.LeaderElection.askForVotes(LeaderElection.java:197)
	at org.apache.ratis.server.impl.LeaderElection.run(LeaderElection.java:133)
	at java.lang.Thread.run(Thread.java:748)
Caused by: org.apache.ratis.thirdparty.io.grpc.StatusRuntimeException: UNAVAILABLE: io exception
	at org.apache.ratis.thirdparty.io.grpc.stub.ClientCalls.toStatusRuntimeException(ClientCalls.java:233)
	at org.apache.ratis.thirdparty.io.grpc.stub.ClientCalls.getUnchecked(ClientCalls.java:214)
	at org.apache.ratis.thirdparty.io.grpc.stub.ClientCalls.blockingUnaryCall(ClientCalls.java:139)
	at org.apache.ratis.proto.grpc.RaftServerProtocolServiceGrpc$RaftServerProtocolServiceBlockingStub.requestVote(RaftServerProtocolServiceGrpc.java:265)
	at org.apache.ratis.grpc.server.GrpcServerProtocolClient.requestVote(GrpcServerProtocolClient.java:99)
	at org.apache.ratis.grpc.server.GrpcService.requestVote(GrpcService.java:204)
	at org.apache.ratis.server.impl.LeaderElection.lambda$submitRequests$1(LeaderElection.java:234)
	at java.util.concurrent.FutureTask.run(FutureTask.java:266)
	at java.util.concurrent.Executors$RunnableAdapter.call(Executors.java:511)
	at java.util.concurrent.FutureTask.run(FutureTask.java:266)
	at java.util.concurrent.ThreadPoolExecutor.runWorker(ThreadPoolExecutor.java:1149)
	at java.util.concurrent.ThreadPoolExecutor$Worker.run(ThreadPoolExecutor.java:624)
	... 1 more
Caused by: org.apache.ratis.thirdparty.io.netty.channel.AbstractChannel$AnnotatedConnectException: Connection refused: /192.168.157.220:43236
	at sun.nio.ch.SocketChannelImpl.checkConnect(Native Method)
	at sun.nio.ch.SocketChannelImpl.finishConnect(SocketChannelImpl.java:717)
	at org.apache.ratis.thirdparty.io.netty.channel.socket.nio.NioSocketChannel.doFinishConnect(NioSocketChannel.java:327)
	at org.apache.ratis.thirdparty.io.netty.channel.nio.AbstractNioChannel$AbstractNioUnsafe.finishConnect(AbstractNioChannel.java:340)
	at org.apache.ratis.thirdparty.io.netty.channel.nio.NioEventLoop.processSelectedKey(NioEventLoop.java:632)
	at org.apache.ratis.thirdparty.io.netty.channel.nio.NioEventLoop.processSelectedKeysOptimized(NioEventLoop.java:579)
	at org.apache.ratis.thirdparty.io.netty.channel.nio.NioEventLoop.processSelectedKeys(NioEventLoop.java:496)
	at org.apache.ratis.thirdparty.io.netty.channel.nio.NioEventLoop.run(NioEventLoop.java:458)
	at org.apache.ratis.thirdparty.io.netty.util.concurrent.SingleThreadEventExecutor$5.run(SingleThreadEventExecutor.java:897)
	at org.apache.ratis.thirdparty.io.netty.util.concurrent.FastThreadLocalRunnable.run(FastThreadLocalRunnable.java:30)
	... 1 more
Caused by: java.net.ConnectException: Connection refused
	... 11 more
2019-10-30 11:53:00,118 [f26e10ed-fb17-49e6-a903-eadc130d13d1@group-83984122B78E-LeaderElection398] INFO  impl.LeaderElection (LeaderElection.java:logAndReturn(56)) - f26e10ed-fb17-49e6-a903-eadc130d13d1@group-83984122B78E-LeaderElection398: Election REJECTED; received 1 response(s) [f26e10ed-fb17-49e6-a903-eadc130d13d1<-4cc44201-a597-43af-a4ec-5b1b407a6250#0:FAIL-t217] and 1 exception(s); f26e10ed-fb17-49e6-a903-eadc130d13d1@group-83984122B78E:t217, leader=null, voted=f26e10ed-fb17-49e6-a903-eadc130d13d1, raftlog=f26e10ed-fb17-49e6-a903-eadc130d13d1@group-83984122B78E-SegmentedRaftLog:OPENED:c-1,f-1,i0, conf=-1: [4f16e274-8663-4a15-9c4c-c81f650ab979:192.168.157.220:38181, 4cc44201-a597-43af-a4ec-5b1b407a6250:192.168.157.220:36685, f26e10ed-fb17-49e6-a903-eadc130d13d1:192.168.157.220:32806], old=null
2019-10-30 11:53:00,118 [f26e10ed-fb17-49e6-a903-eadc130d13d1@group-83984122B78E-LeaderElection398] INFO  impl.LeaderElection (LogUtils.java:infoOrTrace(149)) -   Exception 0: {}
java.util.concurrent.ExecutionException: org.apache.ratis.thirdparty.io.grpc.StatusRuntimeException: UNAVAILABLE: io exception
	at java.util.concurrent.FutureTask.report(FutureTask.java:122)
	at java.util.concurrent.FutureTask.get(FutureTask.java:192)
	at org.apache.ratis.server.impl.LeaderElection.waitForResults(LeaderElection.java:259)
	at org.apache.ratis.server.impl.LeaderElection.askForVotes(LeaderElection.java:197)
	at org.apache.ratis.server.impl.LeaderElection.run(LeaderElection.java:133)
	at java.lang.Thread.run(Thread.java:748)
Caused by: org.apache.ratis.thirdparty.io.grpc.StatusRuntimeException: UNAVAILABLE: io exception
	at org.apache.ratis.thirdparty.io.grpc.stub.ClientCalls.toStatusRuntimeException(ClientCalls.java:233)
	at org.apache.ratis.thirdparty.io.grpc.stub.ClientCalls.getUnchecked(ClientCalls.java:214)
	at org.apache.ratis.thirdparty.io.grpc.stub.ClientCalls.blockingUnaryCall(ClientCalls.java:139)
	at org.apache.ratis.proto.grpc.RaftServerProtocolServiceGrpc$RaftServerProtocolServiceBlockingStub.requestVote(RaftServerProtocolServiceGrpc.java:265)
	at org.apache.ratis.grpc.server.GrpcServerProtocolClient.requestVote(GrpcServerProtocolClient.java:99)
	at org.apache.ratis.grpc.server.GrpcService.requestVote(GrpcService.java:204)
	at org.apache.ratis.server.impl.LeaderElection.lambda$submitRequests$1(LeaderElection.java:234)
	at java.util.concurrent.FutureTask.run(FutureTask.java:266)
	at java.util.concurrent.Executors$RunnableAdapter.call(Executors.java:511)
	at java.util.concurrent.FutureTask.run(FutureTask.java:266)
	at java.util.concurrent.ThreadPoolExecutor.runWorker(ThreadPoolExecutor.java:1149)
	at java.util.concurrent.ThreadPoolExecutor$Worker.run(ThreadPoolExecutor.java:624)
	... 1 more
Caused by: org.apache.ratis.thirdparty.io.netty.channel.AbstractChannel$AnnotatedConnectException: Connection refused: /192.168.157.220:38181
	at sun.nio.ch.SocketChannelImpl.checkConnect(Native Method)
	at sun.nio.ch.SocketChannelImpl.finishConnect(SocketChannelImpl.java:717)
	at org.apache.ratis.thirdparty.io.netty.channel.socket.nio.NioSocketChannel.doFinishConnect(NioSocketChannel.java:327)
	at org.apache.ratis.thirdparty.io.netty.channel.nio.AbstractNioChannel$AbstractNioUnsafe.finishConnect(AbstractNioChannel.java:340)
	at org.apache.ratis.thirdparty.io.netty.channel.nio.NioEventLoop.processSelectedKey(NioEventLoop.java:632)
	at org.apache.ratis.thirdparty.io.netty.channel.nio.NioEventLoop.processSelectedKeysOptimized(NioEventLoop.java:579)
	at org.apache.ratis.thirdparty.io.netty.channel.nio.NioEventLoop.processSelectedKeys(NioEventLoop.java:496)
	at org.apache.ratis.thirdparty.io.netty.channel.nio.NioEventLoop.run(NioEventLoop.java:458)
	at org.apache.ratis.thirdparty.io.netty.util.concurrent.SingleThreadEventExecutor$5.run(SingleThreadEventExecutor.java:897)
	at org.apache.ratis.thirdparty.io.netty.util.concurrent.FastThreadLocalRunnable.run(FastThreadLocalRunnable.java:30)
	... 1 more
Caused by: java.net.ConnectException: Connection refused
	... 11 more
2019-10-30 11:53:00,118 [f26e10ed-fb17-49e6-a903-eadc130d13d1@group-83984122B78E-LeaderElection398] INFO  impl.RaftServerImpl (RaftServerImpl.java:setRole(184)) - f26e10ed-fb17-49e6-a903-eadc130d13d1@group-83984122B78E: changes role from CANDIDATE to FOLLOWER at term 217 for DISCOVERED_A_NEW_TERM
2019-10-30 11:53:00,118 [f26e10ed-fb17-49e6-a903-eadc130d13d1@group-83984122B78E-LeaderElection398] INFO  impl.RoleInfo (RoleInfo.java:shutdownLeaderElection(134)) - f26e10ed-fb17-49e6-a903-eadc130d13d1: shutdown LeaderElection
2019-10-30 11:53:00,118 [f26e10ed-fb17-49e6-a903-eadc130d13d1@group-83984122B78E-LeaderElection398] INFO  impl.RoleInfo (RoleInfo.java:updateAndGet(143)) - f26e10ed-fb17-49e6-a903-eadc130d13d1: start FollowerState
2019-10-30 11:53:00,119 [grpc-default-executor-6] INFO  impl.RaftServerImpl (RaftServerImpl.java:setRole(184)) - 9b3ef6c9-0245-4756-bf80-45d41f7a4453@group-F367C8FA5986: changes role from  FOLLOWER to FOLLOWER at term 209 for recognizeCandidate:9dbd5372-55c2-4532-b354-9494d3d545d2
2019-10-30 11:53:00,119 [grpc-default-executor-6] INFO  impl.RoleInfo (RoleInfo.java:shutdownFollowerState(121)) - 9b3ef6c9-0245-4756-bf80-45d41f7a4453: shutdown FollowerState
2019-10-30 11:53:00,119 [grpc-default-executor-6] INFO  impl.RoleInfo (RoleInfo.java:updateAndGet(143)) - 9b3ef6c9-0245-4756-bf80-45d41f7a4453: start FollowerState
2019-10-30 11:53:00,119 [Thread-3054] INFO  impl.FollowerState (FollowerState.java:run(117)) - 9b3ef6c9-0245-4756-bf80-45d41f7a4453@group-F367C8FA5986-FollowerState was interrupted: java.lang.InterruptedException: sleep interrupted
2019-10-30 11:53:00,137 [9dbd5372-55c2-4532-b354-9494d3d545d2@group-F367C8FA5986-LeaderElection397] INFO  impl.LeaderElection (LeaderElection.java:logAndReturn(56)) - 9dbd5372-55c2-4532-b354-9494d3d545d2@group-F367C8FA5986-LeaderElection397: Election REJECTED; received 1 response(s) [9dbd5372-55c2-4532-b354-9494d3d545d2<-9b3ef6c9-0245-4756-bf80-45d41f7a4453#0:FAIL-t209] and 1 exception(s); 9dbd5372-55c2-4532-b354-9494d3d545d2@group-F367C8FA5986:t209, leader=null, voted=9dbd5372-55c2-4532-b354-9494d3d545d2, raftlog=9dbd5372-55c2-4532-b354-9494d3d545d2@group-F367C8FA5986-SegmentedRaftLog:OPENED:c-1,f-1,i0, conf=-1: [9b3ef6c9-0245-4756-bf80-45d41f7a4453:192.168.157.220:37058, cd11b2f5-3187-4d03-bd60-931991550c17:192.168.157.220:43236, 9dbd5372-55c2-4532-b354-9494d3d545d2:192.168.157.220:42993], old=null
2019-10-30 11:53:00,137 [9dbd5372-55c2-4532-b354-9494d3d545d2@group-F367C8FA5986-LeaderElection397] INFO  impl.LeaderElection (LogUtils.java:infoOrTrace(149)) -   Exception 0: {}
java.util.concurrent.ExecutionException: org.apache.ratis.thirdparty.io.grpc.StatusRuntimeException: UNAVAILABLE: io exception
	at java.util.concurrent.FutureTask.report(FutureTask.java:122)
	at java.util.concurrent.FutureTask.get(FutureTask.java:192)
	at org.apache.ratis.server.impl.LeaderElection.waitForResults(LeaderElection.java:259)
	at org.apache.ratis.server.impl.LeaderElection.askForVotes(LeaderElection.java:197)
	at org.apache.ratis.server.impl.LeaderElection.run(LeaderElection.java:133)
	at java.lang.Thread.run(Thread.java:748)
Caused by: org.apache.ratis.thirdparty.io.grpc.StatusRuntimeException: UNAVAILABLE: io exception
	at org.apache.ratis.thirdparty.io.grpc.stub.ClientCalls.toStatusRuntimeException(ClientCalls.java:233)
	at org.apache.ratis.thirdparty.io.grpc.stub.ClientCalls.getUnchecked(ClientCalls.java:214)
	at org.apache.ratis.thirdparty.io.grpc.stub.ClientCalls.blockingUnaryCall(ClientCalls.java:139)
	at org.apache.ratis.proto.grpc.RaftServerProtocolServiceGrpc$RaftServerProtocolServiceBlockingStub.requestVote(RaftServerProtocolServiceGrpc.java:265)
	at org.apache.ratis.grpc.server.GrpcServerProtocolClient.requestVote(GrpcServerProtocolClient.java:99)
	at org.apache.ratis.grpc.server.GrpcService.requestVote(GrpcService.java:204)
	at org.apache.ratis.server.impl.LeaderElection.lambda$submitRequests$1(LeaderElection.java:234)
	at java.util.concurrent.FutureTask.run(FutureTask.java:266)
	at java.util.concurrent.Executors$RunnableAdapter.call(Executors.java:511)
	at java.util.concurrent.FutureTask.run(FutureTask.java:266)
	at java.util.concurrent.ThreadPoolExecutor.runWorker(ThreadPoolExecutor.java:1149)
	at java.util.concurrent.ThreadPoolExecutor$Worker.run(ThreadPoolExecutor.java:624)
	... 1 more
Caused by: org.apache.ratis.thirdparty.io.netty.channel.AbstractChannel$AnnotatedConnectException: Connection refused: /192.168.157.220:43236
	at sun.nio.ch.SocketChannelImpl.checkConnect(Native Method)
	at sun.nio.ch.SocketChannelImpl.finishConnect(SocketChannelImpl.java:717)
	at org.apache.ratis.thirdparty.io.netty.channel.socket.nio.NioSocketChannel.doFinishConnect(NioSocketChannel.java:327)
	at org.apache.ratis.thirdparty.io.netty.channel.nio.AbstractNioChannel$AbstractNioUnsafe.finishConnect(AbstractNioChannel.java:340)
	at org.apache.ratis.thirdparty.io.netty.channel.nio.NioEventLoop.processSelectedKey(NioEventLoop.java:632)
	at org.apache.ratis.thirdparty.io.netty.channel.nio.NioEventLoop.processSelectedKeysOptimized(NioEventLoop.java:579)
	at org.apache.ratis.thirdparty.io.netty.channel.nio.NioEventLoop.processSelectedKeys(NioEventLoop.java:496)
	at org.apache.ratis.thirdparty.io.netty.channel.nio.NioEventLoop.run(NioEventLoop.java:458)
	at org.apache.ratis.thirdparty.io.netty.util.concurrent.SingleThreadEventExecutor$5.run(SingleThreadEventExecutor.java:897)
	at org.apache.ratis.thirdparty.io.netty.util.concurrent.FastThreadLocalRunnable.run(FastThreadLocalRunnable.java:30)
	... 1 more
Caused by: java.net.ConnectException: Connection refused
	... 11 more
2019-10-30 11:53:00,138 [9dbd5372-55c2-4532-b354-9494d3d545d2@group-F367C8FA5986-LeaderElection397] INFO  impl.RaftServerImpl (RaftServerImpl.java:setRole(184)) - 9dbd5372-55c2-4532-b354-9494d3d545d2@group-F367C8FA5986: changes role from CANDIDATE to FOLLOWER at term 209 for DISCOVERED_A_NEW_TERM
2019-10-30 11:53:00,138 [9dbd5372-55c2-4532-b354-9494d3d545d2@group-F367C8FA5986-LeaderElection397] INFO  impl.RoleInfo (RoleInfo.java:shutdownLeaderElection(134)) - 9dbd5372-55c2-4532-b354-9494d3d545d2: shutdown LeaderElection
2019-10-30 11:53:00,138 [9dbd5372-55c2-4532-b354-9494d3d545d2@group-F367C8FA5986-LeaderElection397] INFO  impl.RoleInfo (RoleInfo.java:updateAndGet(143)) - 9dbd5372-55c2-4532-b354-9494d3d545d2: start FollowerState
2019-10-30 11:53:00,233 [Thread-3058] INFO  impl.FollowerState (FollowerState.java:run(108)) - f26e10ed-fb17-49e6-a903-eadc130d13d1@group-83984122B78E-FollowerState: change to CANDIDATE, lastRpcTime:114ms, electionTimeout:114ms
2019-10-30 11:53:00,233 [Thread-3058] INFO  impl.RoleInfo (RoleInfo.java:shutdownFollowerState(121)) - f26e10ed-fb17-49e6-a903-eadc130d13d1: shutdown FollowerState
2019-10-30 11:53:00,233 [Thread-3058] INFO  impl.RaftServerImpl (RaftServerImpl.java:setRole(184)) - f26e10ed-fb17-49e6-a903-eadc130d13d1@group-83984122B78E: changes role from  FOLLOWER to CANDIDATE at term 217 for changeToCandidate
2019-10-30 11:53:00,233 [Thread-3058] INFO  impl.RoleInfo (RoleInfo.java:updateAndGet(143)) - f26e10ed-fb17-49e6-a903-eadc130d13d1: start LeaderElection
2019-10-30 11:53:00,238 [f26e10ed-fb17-49e6-a903-eadc130d13d1@group-83984122B78E-LeaderElection399] INFO  impl.LeaderElection (LeaderElection.java:askForVotes(178)) - f26e10ed-fb17-49e6-a903-eadc130d13d1@group-83984122B78E-LeaderElection399: begin an election at term 218 for -1: [4f16e274-8663-4a15-9c4c-c81f650ab979:192.168.157.220:38181, 4cc44201-a597-43af-a4ec-5b1b407a6250:192.168.157.220:36685, f26e10ed-fb17-49e6-a903-eadc130d13d1:192.168.157.220:32806], old=null
2019-10-30 11:53:00,240 [f26e10ed-fb17-49e6-a903-eadc130d13d1@group-83984122B78E-LeaderElection399] INFO  impl.LeaderElection (LogUtils.java:infoOrTrace(149)) - f26e10ed-fb17-49e6-a903-eadc130d13d1@group-83984122B78E-LeaderElection399 got exception when requesting votes: {}
java.util.concurrent.ExecutionException: org.apache.ratis.thirdparty.io.grpc.StatusRuntimeException: UNAVAILABLE: io exception
	at java.util.concurrent.FutureTask.report(FutureTask.java:122)
	at java.util.concurrent.FutureTask.get(FutureTask.java:192)
	at org.apache.ratis.server.impl.LeaderElection.waitForResults(LeaderElection.java:259)
	at org.apache.ratis.server.impl.LeaderElection.askForVotes(LeaderElection.java:197)
	at org.apache.ratis.server.impl.LeaderElection.run(LeaderElection.java:133)
	at java.lang.Thread.run(Thread.java:748)
Caused by: org.apache.ratis.thirdparty.io.grpc.StatusRuntimeException: UNAVAILABLE: io exception
	at org.apache.ratis.thirdparty.io.grpc.stub.ClientCalls.toStatusRuntimeException(ClientCalls.java:233)
	at org.apache.ratis.thirdparty.io.grpc.stub.ClientCalls.getUnchecked(ClientCalls.java:214)
	at org.apache.ratis.thirdparty.io.grpc.stub.ClientCalls.blockingUnaryCall(ClientCalls.java:139)
	at org.apache.ratis.proto.grpc.RaftServerProtocolServiceGrpc$RaftServerProtocolServiceBlockingStub.requestVote(RaftServerProtocolServiceGrpc.java:265)
	at org.apache.ratis.grpc.server.GrpcServerProtocolClient.requestVote(GrpcServerProtocolClient.java:99)
	at org.apache.ratis.grpc.server.GrpcService.requestVote(GrpcService.java:204)
	at org.apache.ratis.server.impl.LeaderElection.lambda$submitRequests$1(LeaderElection.java:234)
	at java.util.concurrent.FutureTask.run(FutureTask.java:266)
	at java.util.concurrent.Executors$RunnableAdapter.call(Executors.java:511)
	at java.util.concurrent.FutureTask.run(FutureTask.java:266)
	at java.util.concurrent.ThreadPoolExecutor.runWorker(ThreadPoolExecutor.java:1149)
	at java.util.concurrent.ThreadPoolExecutor$Worker.run(ThreadPoolExecutor.java:624)
	... 1 more
Caused by: org.apache.ratis.thirdparty.io.netty.channel.AbstractChannel$AnnotatedConnectException: Connection refused: /192.168.157.220:38181
	at sun.nio.ch.SocketChannelImpl.checkConnect(Native Method)
	at sun.nio.ch.SocketChannelImpl.finishConnect(SocketChannelImpl.java:717)
	at org.apache.ratis.thirdparty.io.netty.channel.socket.nio.NioSocketChannel.doFinishConnect(NioSocketChannel.java:327)
	at org.apache.ratis.thirdparty.io.netty.channel.nio.AbstractNioChannel$AbstractNioUnsafe.finishConnect(AbstractNioChannel.java:340)
	at org.apache.ratis.thirdparty.io.netty.channel.nio.NioEventLoop.processSelectedKey(NioEventLoop.java:632)
	at org.apache.ratis.thirdparty.io.netty.channel.nio.NioEventLoop.processSelectedKeysOptimized(NioEventLoop.java:579)
	at org.apache.ratis.thirdparty.io.netty.channel.nio.NioEventLoop.processSelectedKeys(NioEventLoop.java:496)
	at org.apache.ratis.thirdparty.io.netty.channel.nio.NioEventLoop.run(NioEventLoop.java:458)
	at org.apache.ratis.thirdparty.io.netty.util.concurrent.SingleThreadEventExecutor$5.run(SingleThreadEventExecutor.java:897)
	at org.apache.ratis.thirdparty.io.netty.util.concurrent.FastThreadLocalRunnable.run(FastThreadLocalRunnable.java:30)
	... 1 more
Caused by: java.net.ConnectException: Connection refused
	... 11 more
2019-10-30 11:53:00,243 [grpc-default-executor-6] INFO  impl.RaftServerImpl (RaftServerImpl.java:setRole(184)) - 4cc44201-a597-43af-a4ec-5b1b407a6250@group-83984122B78E: changes role from  FOLLOWER to FOLLOWER at term 218 for recognizeCandidate:f26e10ed-fb17-49e6-a903-eadc130d13d1
2019-10-30 11:53:00,244 [grpc-default-executor-6] INFO  impl.RoleInfo (RoleInfo.java:shutdownFollowerState(121)) - 4cc44201-a597-43af-a4ec-5b1b407a6250: shutdown FollowerState
2019-10-30 11:53:00,244 [grpc-default-executor-6] INFO  impl.RoleInfo (RoleInfo.java:updateAndGet(143)) - 4cc44201-a597-43af-a4ec-5b1b407a6250: start FollowerState
2019-10-30 11:53:00,244 [Thread-3055] INFO  impl.FollowerState (FollowerState.java:run(117)) - 4cc44201-a597-43af-a4ec-5b1b407a6250@group-83984122B78E-FollowerState was interrupted: java.lang.InterruptedException: sleep interrupted
2019-10-30 11:53:00,256 [f26e10ed-fb17-49e6-a903-eadc130d13d1@group-83984122B78E-LeaderElection399] INFO  impl.LeaderElection (LeaderElection.java:logAndReturn(56)) - f26e10ed-fb17-49e6-a903-eadc130d13d1@group-83984122B78E-LeaderElection399: Election REJECTED; received 1 response(s) [f26e10ed-fb17-49e6-a903-eadc130d13d1<-4cc44201-a597-43af-a4ec-5b1b407a6250#0:FAIL-t218] and 1 exception(s); f26e10ed-fb17-49e6-a903-eadc130d13d1@group-83984122B78E:t218, leader=null, voted=f26e10ed-fb17-49e6-a903-eadc130d13d1, raftlog=f26e10ed-fb17-49e6-a903-eadc130d13d1@group-83984122B78E-SegmentedRaftLog:OPENED:c-1,f-1,i0, conf=-1: [4f16e274-8663-4a15-9c4c-c81f650ab979:192.168.157.220:38181, 4cc44201-a597-43af-a4ec-5b1b407a6250:192.168.157.220:36685, f26e10ed-fb17-49e6-a903-eadc130d13d1:192.168.157.220:32806], old=null
2019-10-30 11:53:00,256 [f26e10ed-fb17-49e6-a903-eadc130d13d1@group-83984122B78E-LeaderElection399] INFO  impl.LeaderElection (LogUtils.java:infoOrTrace(149)) -   Exception 0: {}
java.util.concurrent.ExecutionException: org.apache.ratis.thirdparty.io.grpc.StatusRuntimeException: UNAVAILABLE: io exception
	at java.util.concurrent.FutureTask.report(FutureTask.java:122)
	at java.util.concurrent.FutureTask.get(FutureTask.java:192)
	at org.apache.ratis.server.impl.LeaderElection.waitForResults(LeaderElection.java:259)
	at org.apache.ratis.server.impl.LeaderElection.askForVotes(LeaderElection.java:197)
	at org.apache.ratis.server.impl.LeaderElection.run(LeaderElection.java:133)
	at java.lang.Thread.run(Thread.java:748)
Caused by: org.apache.ratis.thirdparty.io.grpc.StatusRuntimeException: UNAVAILABLE: io exception
	at org.apache.ratis.thirdparty.io.grpc.stub.ClientCalls.toStatusRuntimeException(ClientCalls.java:233)
	at org.apache.ratis.thirdparty.io.grpc.stub.ClientCalls.getUnchecked(ClientCalls.java:214)
	at org.apache.ratis.thirdparty.io.grpc.stub.ClientCalls.blockingUnaryCall(ClientCalls.java:139)
	at org.apache.ratis.proto.grpc.RaftServerProtocolServiceGrpc$RaftServerProtocolServiceBlockingStub.requestVote(RaftServerProtocolServiceGrpc.java:265)
	at org.apache.ratis.grpc.server.GrpcServerProtocolClient.requestVote(GrpcServerProtocolClient.java:99)
	at org.apache.ratis.grpc.server.GrpcService.requestVote(GrpcService.java:204)
	at org.apache.ratis.server.impl.LeaderElection.lambda$submitRequests$1(LeaderElection.java:234)
	at java.util.concurrent.FutureTask.run(FutureTask.java:266)
	at java.util.concurrent.Executors$RunnableAdapter.call(Executors.java:511)
	at java.util.concurrent.FutureTask.run(FutureTask.java:266)
	at java.util.concurrent.ThreadPoolExecutor.runWorker(ThreadPoolExecutor.java:1149)
	at java.util.concurrent.ThreadPoolExecutor$Worker.run(ThreadPoolExecutor.java:624)
	... 1 more
Caused by: org.apache.ratis.thirdparty.io.netty.channel.AbstractChannel$AnnotatedConnectException: Connection refused: /192.168.157.220:38181
	at sun.nio.ch.SocketChannelImpl.checkConnect(Native Method)
	at sun.nio.ch.SocketChannelImpl.finishConnect(SocketChannelImpl.java:717)
	at org.apache.ratis.thirdparty.io.netty.channel.socket.nio.NioSocketChannel.doFinishConnect(NioSocketChannel.java:327)
	at org.apache.ratis.thirdparty.io.netty.channel.nio.AbstractNioChannel$AbstractNioUnsafe.finishConnect(AbstractNioChannel.java:340)
	at org.apache.ratis.thirdparty.io.netty.channel.nio.NioEventLoop.processSelectedKey(NioEventLoop.java:632)
	at org.apache.ratis.thirdparty.io.netty.channel.nio.NioEventLoop.processSelectedKeysOptimized(NioEventLoop.java:579)
	at org.apache.ratis.thirdparty.io.netty.channel.nio.NioEventLoop.processSelectedKeys(NioEventLoop.java:496)
	at org.apache.ratis.thirdparty.io.netty.channel.nio.NioEventLoop.run(NioEventLoop.java:458)
	at org.apache.ratis.thirdparty.io.netty.util.concurrent.SingleThreadEventExecutor$5.run(SingleThreadEventExecutor.java:897)
	at org.apache.ratis.thirdparty.io.netty.util.concurrent.FastThreadLocalRunnable.run(FastThreadLocalRunnable.java:30)
	... 1 more
Caused by: java.net.ConnectException: Connection refused
	... 11 more
2019-10-30 11:53:00,256 [f26e10ed-fb17-49e6-a903-eadc130d13d1@group-83984122B78E-LeaderElection399] INFO  impl.RaftServerImpl (RaftServerImpl.java:setRole(184)) - f26e10ed-fb17-49e6-a903-eadc130d13d1@group-83984122B78E: changes role from CANDIDATE to FOLLOWER at term 218 for DISCOVERED_A_NEW_TERM
2019-10-30 11:53:00,256 [f26e10ed-fb17-49e6-a903-eadc130d13d1@group-83984122B78E-LeaderElection399] INFO  impl.RoleInfo (RoleInfo.java:shutdownLeaderElection(134)) - f26e10ed-fb17-49e6-a903-eadc130d13d1: shutdown LeaderElection
2019-10-30 11:53:00,256 [f26e10ed-fb17-49e6-a903-eadc130d13d1@group-83984122B78E-LeaderElection399] INFO  impl.RoleInfo (RoleInfo.java:updateAndGet(143)) - f26e10ed-fb17-49e6-a903-eadc130d13d1: start FollowerState
2019-10-30 11:53:00,269 [Thread-3067] INFO  impl.FollowerState (FollowerState.java:run(108)) - f26e10ed-fb17-49e6-a903-eadc130d13d1@group-83984122B78E-FollowerState: change to CANDIDATE, lastRpcTime:13ms, electionTimeout:13ms
2019-10-30 11:53:00,269 [Thread-3067] INFO  impl.RoleInfo (RoleInfo.java:shutdownFollowerState(121)) - f26e10ed-fb17-49e6-a903-eadc130d13d1: shutdown FollowerState
2019-10-30 11:53:00,269 [Thread-3067] INFO  impl.RaftServerImpl (RaftServerImpl.java:setRole(184)) - f26e10ed-fb17-49e6-a903-eadc130d13d1@group-83984122B78E: changes role from  FOLLOWER to CANDIDATE at term 218 for changeToCandidate
2019-10-30 11:53:00,270 [Thread-3067] INFO  impl.RoleInfo (RoleInfo.java:updateAndGet(143)) - f26e10ed-fb17-49e6-a903-eadc130d13d1: start LeaderElection
2019-10-30 11:53:00,273 [f26e10ed-fb17-49e6-a903-eadc130d13d1@group-83984122B78E-LeaderElection400] INFO  impl.LeaderElection (LeaderElection.java:askForVotes(178)) - f26e10ed-fb17-49e6-a903-eadc130d13d1@group-83984122B78E-LeaderElection400: begin an election at term 219 for -1: [4f16e274-8663-4a15-9c4c-c81f650ab979:192.168.157.220:38181, 4cc44201-a597-43af-a4ec-5b1b407a6250:192.168.157.220:36685, f26e10ed-fb17-49e6-a903-eadc130d13d1:192.168.157.220:32806], old=null
2019-10-30 11:53:00,273 [f26e10ed-fb17-49e6-a903-eadc130d13d1@group-83984122B78E-LeaderElection400] INFO  impl.LeaderElection (LogUtils.java:infoOrTrace(149)) - f26e10ed-fb17-49e6-a903-eadc130d13d1@group-83984122B78E-LeaderElection400 got exception when requesting votes: {}
java.util.concurrent.ExecutionException: org.apache.ratis.thirdparty.io.grpc.StatusRuntimeException: UNAVAILABLE: io exception
	at java.util.concurrent.FutureTask.report(FutureTask.java:122)
	at java.util.concurrent.FutureTask.get(FutureTask.java:192)
	at org.apache.ratis.server.impl.LeaderElection.waitForResults(LeaderElection.java:259)
	at org.apache.ratis.server.impl.LeaderElection.askForVotes(LeaderElection.java:197)
	at org.apache.ratis.server.impl.LeaderElection.run(LeaderElection.java:133)
	at java.lang.Thread.run(Thread.java:748)
Caused by: org.apache.ratis.thirdparty.io.grpc.StatusRuntimeException: UNAVAILABLE: io exception
	at org.apache.ratis.thirdparty.io.grpc.stub.ClientCalls.toStatusRuntimeException(ClientCalls.java:233)
	at org.apache.ratis.thirdparty.io.grpc.stub.ClientCalls.getUnchecked(ClientCalls.java:214)
	at org.apache.ratis.thirdparty.io.grpc.stub.ClientCalls.blockingUnaryCall(ClientCalls.java:139)
	at org.apache.ratis.proto.grpc.RaftServerProtocolServiceGrpc$RaftServerProtocolServiceBlockingStub.requestVote(RaftServerProtocolServiceGrpc.java:265)
	at org.apache.ratis.grpc.server.GrpcServerProtocolClient.requestVote(GrpcServerProtocolClient.java:99)
	at org.apache.ratis.grpc.server.GrpcService.requestVote(GrpcService.java:204)
	at org.apache.ratis.server.impl.LeaderElection.lambda$submitRequests$1(LeaderElection.java:234)
	at java.util.concurrent.FutureTask.run(FutureTask.java:266)
	at java.util.concurrent.Executors$RunnableAdapter.call(Executors.java:511)
	at java.util.concurrent.FutureTask.run(FutureTask.java:266)
	at java.util.concurrent.ThreadPoolExecutor.runWorker(ThreadPoolExecutor.java:1149)
	at java.util.concurrent.ThreadPoolExecutor$Worker.run(ThreadPoolExecutor.java:624)
	... 1 more
Caused by: org.apache.ratis.thirdparty.io.netty.channel.AbstractChannel$AnnotatedConnectException: Connection refused: /192.168.157.220:38181
	at sun.nio.ch.SocketChannelImpl.checkConnect(Native Method)
	at sun.nio.ch.SocketChannelImpl.finishConnect(SocketChannelImpl.java:717)
	at org.apache.ratis.thirdparty.io.netty.channel.socket.nio.NioSocketChannel.doFinishConnect(NioSocketChannel.java:327)
	at org.apache.ratis.thirdparty.io.netty.channel.nio.AbstractNioChannel$AbstractNioUnsafe.finishConnect(AbstractNioChannel.java:340)
	at org.apache.ratis.thirdparty.io.netty.channel.nio.NioEventLoop.processSelectedKey(NioEventLoop.java:632)
	at org.apache.ratis.thirdparty.io.netty.channel.nio.NioEventLoop.processSelectedKeysOptimized(NioEventLoop.java:579)
	at org.apache.ratis.thirdparty.io.netty.channel.nio.NioEventLoop.processSelectedKeys(NioEventLoop.java:496)
	at org.apache.ratis.thirdparty.io.netty.channel.nio.NioEventLoop.run(NioEventLoop.java:458)
	at org.apache.ratis.thirdparty.io.netty.util.concurrent.SingleThreadEventExecutor$5.run(SingleThreadEventExecutor.java:897)
	at org.apache.ratis.thirdparty.io.netty.util.concurrent.FastThreadLocalRunnable.run(FastThreadLocalRunnable.java:30)
	... 1 more
Caused by: java.net.ConnectException: Connection refused
	... 11 more
2019-10-30 11:53:00,275 [Thread-3062] INFO  impl.FollowerState (FollowerState.java:run(108)) - 9dbd5372-55c2-4532-b354-9494d3d545d2@group-F367C8FA5986-FollowerState: change to CANDIDATE, lastRpcTime:137ms, electionTimeout:137ms
2019-10-30 11:53:00,276 [Thread-3062] INFO  impl.RoleInfo (RoleInfo.java:shutdownFollowerState(121)) - 9dbd5372-55c2-4532-b354-9494d3d545d2: shutdown FollowerState
2019-10-30 11:53:00,276 [grpc-default-executor-6] INFO  impl.RaftServerImpl (RaftServerImpl.java:setRole(184)) - 4cc44201-a597-43af-a4ec-5b1b407a6250@group-83984122B78E: changes role from  FOLLOWER to FOLLOWER at term 219 for recognizeCandidate:f26e10ed-fb17-49e6-a903-eadc130d13d1
2019-10-30 11:53:00,276 [grpc-default-executor-6] INFO  impl.RoleInfo (RoleInfo.java:shutdownFollowerState(121)) - 4cc44201-a597-43af-a4ec-5b1b407a6250: shutdown FollowerState
2019-10-30 11:53:00,276 [Thread-3062] INFO  impl.RaftServerImpl (RaftServerImpl.java:setRole(184)) - 9dbd5372-55c2-4532-b354-9494d3d545d2@group-F367C8FA5986: changes role from  FOLLOWER to CANDIDATE at term 209 for changeToCandidate
2019-10-30 11:53:00,276 [Thread-3066] INFO  impl.FollowerState (FollowerState.java:run(117)) - 4cc44201-a597-43af-a4ec-5b1b407a6250@group-83984122B78E-FollowerState was interrupted: java.lang.InterruptedException: sleep interrupted
2019-10-30 11:53:00,276 [grpc-default-executor-6] INFO  impl.RoleInfo (RoleInfo.java:updateAndGet(143)) - 4cc44201-a597-43af-a4ec-5b1b407a6250: start FollowerState
2019-10-30 11:53:00,276 [Thread-3062] INFO  impl.RoleInfo (RoleInfo.java:updateAndGet(143)) - 9dbd5372-55c2-4532-b354-9494d3d545d2: start LeaderElection
2019-10-30 11:53:00,285 [9dbd5372-55c2-4532-b354-9494d3d545d2@group-F367C8FA5986-LeaderElection401] INFO  impl.LeaderElection (LeaderElection.java:askForVotes(178)) - 9dbd5372-55c2-4532-b354-9494d3d545d2@group-F367C8FA5986-LeaderElection401: begin an election at term 210 for -1: [9b3ef6c9-0245-4756-bf80-45d41f7a4453:192.168.157.220:37058, cd11b2f5-3187-4d03-bd60-931991550c17:192.168.157.220:43236, 9dbd5372-55c2-4532-b354-9494d3d545d2:192.168.157.220:42993], old=null
2019-10-30 11:53:00,286 [f26e10ed-fb17-49e6-a903-eadc130d13d1@group-83984122B78E-LeaderElection400] INFO  impl.LeaderElection (LeaderElection.java:logAndReturn(56)) - f26e10ed-fb17-49e6-a903-eadc130d13d1@group-83984122B78E-LeaderElection400: Election REJECTED; received 1 response(s) [f26e10ed-fb17-49e6-a903-eadc130d13d1<-4cc44201-a597-43af-a4ec-5b1b407a6250#0:FAIL-t219] and 1 exception(s); f26e10ed-fb17-49e6-a903-eadc130d13d1@group-83984122B78E:t219, leader=null, voted=f26e10ed-fb17-49e6-a903-eadc130d13d1, raftlog=f26e10ed-fb17-49e6-a903-eadc130d13d1@group-83984122B78E-SegmentedRaftLog:OPENED:c-1,f-1,i0, conf=-1: [4f16e274-8663-4a15-9c4c-c81f650ab979:192.168.157.220:38181, 4cc44201-a597-43af-a4ec-5b1b407a6250:192.168.157.220:36685, f26e10ed-fb17-49e6-a903-eadc130d13d1:192.168.157.220:32806], old=null
2019-10-30 11:53:00,286 [f26e10ed-fb17-49e6-a903-eadc130d13d1@group-83984122B78E-LeaderElection400] INFO  impl.LeaderElection (LogUtils.java:infoOrTrace(149)) -   Exception 0: {}
java.util.concurrent.ExecutionException: org.apache.ratis.thirdparty.io.grpc.StatusRuntimeException: UNAVAILABLE: io exception
	at java.util.concurrent.FutureTask.report(FutureTask.java:122)
	at java.util.concurrent.FutureTask.get(FutureTask.java:192)
	at org.apache.ratis.server.impl.LeaderElection.waitForResults(LeaderElection.java:259)
	at org.apache.ratis.server.impl.LeaderElection.askForVotes(LeaderElection.java:197)
	at org.apache.ratis.server.impl.LeaderElection.run(LeaderElection.java:133)
	at java.lang.Thread.run(Thread.java:748)
Caused by: org.apache.ratis.thirdparty.io.grpc.StatusRuntimeException: UNAVAILABLE: io exception
	at org.apache.ratis.thirdparty.io.grpc.stub.ClientCalls.toStatusRuntimeException(ClientCalls.java:233)
	at org.apache.ratis.thirdparty.io.grpc.stub.ClientCalls.getUnchecked(ClientCalls.java:214)
	at org.apache.ratis.thirdparty.io.grpc.stub.ClientCalls.blockingUnaryCall(ClientCalls.java:139)
	at org.apache.ratis.proto.grpc.RaftServerProtocolServiceGrpc$RaftServerProtocolServiceBlockingStub.requestVote(RaftServerProtocolServiceGrpc.java:265)
	at org.apache.ratis.grpc.server.GrpcServerProtocolClient.requestVote(GrpcServerProtocolClient.java:99)
	at org.apache.ratis.grpc.server.GrpcService.requestVote(GrpcService.java:204)
	at org.apache.ratis.server.impl.LeaderElection.lambda$submitRequests$1(LeaderElection.java:234)
	at java.util.concurrent.FutureTask.run(FutureTask.java:266)
	at java.util.concurrent.Executors$RunnableAdapter.call(Executors.java:511)
	at java.util.concurrent.FutureTask.run(FutureTask.java:266)
	at java.util.concurrent.ThreadPoolExecutor.runWorker(ThreadPoolExecutor.java:1149)
	at java.util.concurrent.ThreadPoolExecutor$Worker.run(ThreadPoolExecutor.java:624)
	... 1 more
Caused by: org.apache.ratis.thirdparty.io.netty.channel.AbstractChannel$AnnotatedConnectException: Connection refused: /192.168.157.220:38181
	at sun.nio.ch.SocketChannelImpl.checkConnect(Native Method)
	at sun.nio.ch.SocketChannelImpl.finishConnect(SocketChannelImpl.java:717)
	at org.apache.ratis.thirdparty.io.netty.channel.socket.nio.NioSocketChannel.doFinishConnect(NioSocketChannel.java:327)
	at org.apache.ratis.thirdparty.io.netty.channel.nio.AbstractNioChannel$AbstractNioUnsafe.finishConnect(AbstractNioChannel.java:340)
	at org.apache.ratis.thirdparty.io.netty.channel.nio.NioEventLoop.processSelectedKey(NioEventLoop.java:632)
	at org.apache.ratis.thirdparty.io.netty.channel.nio.NioEventLoop.processSelectedKeysOptimized(NioEventLoop.java:579)
	at org.apache.ratis.thirdparty.io.netty.channel.nio.NioEventLoop.processSelectedKeys(NioEventLoop.java:496)
	at org.apache.ratis.thirdparty.io.netty.channel.nio.NioEventLoop.run(NioEventLoop.java:458)
	at org.apache.ratis.thirdparty.io.netty.util.concurrent.SingleThreadEventExecutor$5.run(SingleThreadEventExecutor.java:897)
	at org.apache.ratis.thirdparty.io.netty.util.concurrent.FastThreadLocalRunnable.run(FastThreadLocalRunnable.java:30)
	... 1 more
Caused by: java.net.ConnectException: Connection refused
	... 11 more
2019-10-30 11:53:00,286 [grpc-default-executor-6] INFO  impl.RaftServerImpl (RaftServerImpl.java:setRole(184)) - 9b3ef6c9-0245-4756-bf80-45d41f7a4453@group-F367C8FA5986: changes role from  FOLLOWER to FOLLOWER at term 210 for recognizeCandidate:9dbd5372-55c2-4532-b354-9494d3d545d2
2019-10-30 11:53:00,286 [grpc-default-executor-6] INFO  impl.RoleInfo (RoleInfo.java:shutdownFollowerState(121)) - 9b3ef6c9-0245-4756-bf80-45d41f7a4453: shutdown FollowerState
2019-10-30 11:53:00,286 [grpc-default-executor-6] INFO  impl.RoleInfo (RoleInfo.java:updateAndGet(143)) - 9b3ef6c9-0245-4756-bf80-45d41f7a4453: start FollowerState
2019-10-30 11:53:00,286 [9dbd5372-55c2-4532-b354-9494d3d545d2@group-F367C8FA5986-LeaderElection401] INFO  impl.LeaderElection (LogUtils.java:infoOrTrace(149)) - 9dbd5372-55c2-4532-b354-9494d3d545d2@group-F367C8FA5986-LeaderElection401 got exception when requesting votes: {}
java.util.concurrent.ExecutionException: org.apache.ratis.thirdparty.io.grpc.StatusRuntimeException: UNAVAILABLE: io exception
	at java.util.concurrent.FutureTask.report(FutureTask.java:122)
	at java.util.concurrent.FutureTask.get(FutureTask.java:192)
	at org.apache.ratis.server.impl.LeaderElection.waitForResults(LeaderElection.java:259)
	at org.apache.ratis.server.impl.LeaderElection.askForVotes(LeaderElection.java:197)
	at org.apache.ratis.server.impl.LeaderElection.run(LeaderElection.java:133)
	at java.lang.Thread.run(Thread.java:748)
Caused by: org.apache.ratis.thirdparty.io.grpc.StatusRuntimeException: UNAVAILABLE: io exception
	at org.apache.ratis.thirdparty.io.grpc.stub.ClientCalls.toStatusRuntimeException(ClientCalls.java:233)
	at org.apache.ratis.thirdparty.io.grpc.stub.ClientCalls.getUnchecked(ClientCalls.java:214)
	at org.apache.ratis.thirdparty.io.grpc.stub.ClientCalls.blockingUnaryCall(ClientCalls.java:139)
	at org.apache.ratis.proto.grpc.RaftServerProtocolServiceGrpc$RaftServerProtocolServiceBlockingStub.requestVote(RaftServerProtocolServiceGrpc.java:265)
	at org.apache.ratis.grpc.server.GrpcServerProtocolClient.requestVote(GrpcServerProtocolClient.java:99)
	at org.apache.ratis.grpc.server.GrpcService.requestVote(GrpcService.java:204)
	at org.apache.ratis.server.impl.LeaderElection.lambda$submitRequests$1(LeaderElection.java:234)
	at java.util.concurrent.FutureTask.run(FutureTask.java:266)
	at java.util.concurrent.Executors$RunnableAdapter.call(Executors.java:511)
	at java.util.concurrent.FutureTask.run(FutureTask.java:266)
	at java.util.concurrent.ThreadPoolExecutor.runWorker(ThreadPoolExecutor.java:1149)
	at java.util.concurrent.ThreadPoolExecutor$Worker.run(ThreadPoolExecutor.java:624)
	... 1 more
Caused by: org.apache.ratis.thirdparty.io.netty.channel.AbstractChannel$AnnotatedConnectException: Connection refused: /192.168.157.220:43236
	at sun.nio.ch.SocketChannelImpl.checkConnect(Native Method)
	at sun.nio.ch.SocketChannelImpl.finishConnect(SocketChannelImpl.java:717)
	at org.apache.ratis.thirdparty.io.netty.channel.socket.nio.NioSocketChannel.doFinishConnect(NioSocketChannel.java:327)
	at org.apache.ratis.thirdparty.io.netty.channel.nio.AbstractNioChannel$AbstractNioUnsafe.finishConnect(AbstractNioChannel.java:340)
	at org.apache.ratis.thirdparty.io.netty.channel.nio.NioEventLoop.processSelectedKey(NioEventLoop.java:632)
	at org.apache.ratis.thirdparty.io.netty.channel.nio.NioEventLoop.processSelectedKeysOptimized(NioEventLoop.java:579)
	at org.apache.ratis.thirdparty.io.netty.channel.nio.NioEventLoop.processSelectedKeys(NioEventLoop.java:496)
	at org.apache.ratis.thirdparty.io.netty.channel.nio.NioEventLoop.run(NioEventLoop.java:458)
	at org.apache.ratis.thirdparty.io.netty.util.concurrent.SingleThreadEventExecutor$5.run(SingleThreadEventExecutor.java:897)
	at org.apache.ratis.thirdparty.io.netty.util.concurrent.FastThreadLocalRunnable.run(FastThreadLocalRunnable.java:30)
	... 1 more
Caused by: java.net.ConnectException: Connection refused
	... 11 more
2019-10-30 11:53:00,288 [Thread-3059] INFO  impl.FollowerState (FollowerState.java:run(117)) - 9b3ef6c9-0245-4756-bf80-45d41f7a4453@group-F367C8FA5986-FollowerState was interrupted: java.lang.InterruptedException: sleep interrupted
2019-10-30 11:53:00,286 [f26e10ed-fb17-49e6-a903-eadc130d13d1@group-83984122B78E-LeaderElection400] INFO  impl.RaftServerImpl (RaftServerImpl.java:setRole(184)) - f26e10ed-fb17-49e6-a903-eadc130d13d1@group-83984122B78E: changes role from CANDIDATE to FOLLOWER at term 219 for DISCOVERED_A_NEW_TERM
2019-10-30 11:53:00,288 [f26e10ed-fb17-49e6-a903-eadc130d13d1@group-83984122B78E-LeaderElection400] INFO  impl.RoleInfo (RoleInfo.java:shutdownLeaderElection(134)) - f26e10ed-fb17-49e6-a903-eadc130d13d1: shutdown LeaderElection
2019-10-30 11:53:00,288 [f26e10ed-fb17-49e6-a903-eadc130d13d1@group-83984122B78E-LeaderElection400] INFO  impl.RoleInfo (RoleInfo.java:updateAndGet(143)) - f26e10ed-fb17-49e6-a903-eadc130d13d1: start FollowerState
2019-10-30 11:53:00,294 [Thread-3076] INFO  impl.FollowerState (FollowerState.java:run(108)) - f26e10ed-fb17-49e6-a903-eadc130d13d1@group-83984122B78E-FollowerState: change to CANDIDATE, lastRpcTime:5ms, electionTimeout:5ms
2019-10-30 11:53:00,294 [Thread-3076] INFO  impl.RoleInfo (RoleInfo.java:shutdownFollowerState(121)) - f26e10ed-fb17-49e6-a903-eadc130d13d1: shutdown FollowerState
2019-10-30 11:53:00,294 [9dbd5372-55c2-4532-b354-9494d3d545d2@group-F367C8FA5986-LeaderElection401] INFO  impl.LeaderElection (LeaderElection.java:logAndReturn(56)) - 9dbd5372-55c2-4532-b354-9494d3d545d2@group-F367C8FA5986-LeaderElection401: Election REJECTED; received 1 response(s) [9dbd5372-55c2-4532-b354-9494d3d545d2<-9b3ef6c9-0245-4756-bf80-45d41f7a4453#0:FAIL-t210] and 1 exception(s); 9dbd5372-55c2-4532-b354-9494d3d545d2@group-F367C8FA5986:t210, leader=null, voted=9dbd5372-55c2-4532-b354-9494d3d545d2, raftlog=9dbd5372-55c2-4532-b354-9494d3d545d2@group-F367C8FA5986-SegmentedRaftLog:OPENED:c-1,f-1,i0, conf=-1: [9b3ef6c9-0245-4756-bf80-45d41f7a4453:192.168.157.220:37058, cd11b2f5-3187-4d03-bd60-931991550c17:192.168.157.220:43236, 9dbd5372-55c2-4532-b354-9494d3d545d2:192.168.157.220:42993], old=null
2019-10-30 11:53:00,294 [Thread-3076] INFO  impl.RaftServerImpl (RaftServerImpl.java:setRole(184)) - f26e10ed-fb17-49e6-a903-eadc130d13d1@group-83984122B78E: changes role from  FOLLOWER to CANDIDATE at term 219 for changeToCandidate
2019-10-30 11:53:00,294 [9dbd5372-55c2-4532-b354-9494d3d545d2@group-F367C8FA5986-LeaderElection401] INFO  impl.LeaderElection (LogUtils.java:infoOrTrace(149)) -   Exception 0: {}
java.util.concurrent.ExecutionException: org.apache.ratis.thirdparty.io.grpc.StatusRuntimeException: UNAVAILABLE: io exception
	at java.util.concurrent.FutureTask.report(FutureTask.java:122)
	at java.util.concurrent.FutureTask.get(FutureTask.java:192)
	at org.apache.ratis.server.impl.LeaderElection.waitForResults(LeaderElection.java:259)
	at org.apache.ratis.server.impl.LeaderElection.askForVotes(LeaderElection.java:197)
	at org.apache.ratis.server.impl.LeaderElection.run(LeaderElection.java:133)
	at java.lang.Thread.run(Thread.java:748)
Caused by: org.apache.ratis.thirdparty.io.grpc.StatusRuntimeException: UNAVAILABLE: io exception
	at org.apache.ratis.thirdparty.io.grpc.stub.ClientCalls.toStatusRuntimeException(ClientCalls.java:233)
	at org.apache.ratis.thirdparty.io.grpc.stub.ClientCalls.getUnchecked(ClientCalls.java:214)
	at org.apache.ratis.thirdparty.io.grpc.stub.ClientCalls.blockingUnaryCall(ClientCalls.java:139)
	at org.apache.ratis.proto.grpc.RaftServerProtocolServiceGrpc$RaftServerProtocolServiceBlockingStub.requestVote(RaftServerProtocolServiceGrpc.java:265)
	at org.apache.ratis.grpc.server.GrpcServerProtocolClient.requestVote(GrpcServerProtocolClient.java:99)
	at org.apache.ratis.grpc.server.GrpcService.requestVote(GrpcService.java:204)
	at org.apache.ratis.server.impl.LeaderElection.lambda$submitRequests$1(LeaderElection.java:234)
	at java.util.concurrent.FutureTask.run(FutureTask.java:266)
	at java.util.concurrent.Executors$RunnableAdapter.call(Executors.java:511)
	at java.util.concurrent.FutureTask.run(FutureTask.java:266)
	at java.util.concurrent.ThreadPoolExecutor.runWorker(ThreadPoolExecutor.java:1149)
	at java.util.concurrent.ThreadPoolExecutor$Worker.run(ThreadPoolExecutor.java:624)
	... 1 more
Caused by: org.apache.ratis.thirdparty.io.netty.channel.AbstractChannel$AnnotatedConnectException: Connection refused: /192.168.157.220:43236
	at sun.nio.ch.SocketChannelImpl.checkConnect(Native Method)
	at sun.nio.ch.SocketChannelImpl.finishConnect(SocketChannelImpl.java:717)
	at org.apache.ratis.thirdparty.io.netty.channel.socket.nio.NioSocketChannel.doFinishConnect(NioSocketChannel.java:327)
	at org.apache.ratis.thirdparty.io.netty.channel.nio.AbstractNioChannel$AbstractNioUnsafe.finishConnect(AbstractNioChannel.java:340)
	at org.apache.ratis.thirdparty.io.netty.channel.nio.NioEventLoop.processSelectedKey(NioEventLoop.java:632)
	at org.apache.ratis.thirdparty.io.netty.channel.nio.NioEventLoop.processSelectedKeysOptimized(NioEventLoop.java:579)
	at org.apache.ratis.thirdparty.io.netty.channel.nio.NioEventLoop.processSelectedKeys(NioEventLoop.java:496)
	at org.apache.ratis.thirdparty.io.netty.channel.nio.NioEventLoop.run(NioEventLoop.java:458)
	at org.apache.ratis.thirdparty.io.netty.util.concurrent.SingleThreadEventExecutor$5.run(SingleThreadEventExecutor.java:897)
	at org.apache.ratis.thirdparty.io.netty.util.concurrent.FastThreadLocalRunnable.run(FastThreadLocalRunnable.java:30)
	... 1 more
Caused by: java.net.ConnectException: Connection refused
	... 11 more
2019-10-30 11:53:00,294 [9dbd5372-55c2-4532-b354-9494d3d545d2@group-F367C8FA5986-LeaderElection401] INFO  impl.RaftServerImpl (RaftServerImpl.java:setRole(184)) - 9dbd5372-55c2-4532-b354-9494d3d545d2@group-F367C8FA5986: changes role from CANDIDATE to FOLLOWER at term 210 for DISCOVERED_A_NEW_TERM
2019-10-30 11:53:00,294 [9dbd5372-55c2-4532-b354-9494d3d545d2@group-F367C8FA5986-LeaderElection401] INFO  impl.RoleInfo (RoleInfo.java:shutdownLeaderElection(134)) - 9dbd5372-55c2-4532-b354-9494d3d545d2: shutdown LeaderElection
2019-10-30 11:53:00,294 [Thread-3076] INFO  impl.RoleInfo (RoleInfo.java:updateAndGet(143)) - f26e10ed-fb17-49e6-a903-eadc130d13d1: start LeaderElection
2019-10-30 11:53:00,294 [9dbd5372-55c2-4532-b354-9494d3d545d2@group-F367C8FA5986-LeaderElection401] INFO  impl.RoleInfo (RoleInfo.java:updateAndGet(143)) - 9dbd5372-55c2-4532-b354-9494d3d545d2: start FollowerState
2019-10-30 11:53:00,300 [f26e10ed-fb17-49e6-a903-eadc130d13d1@group-83984122B78E-LeaderElection402] INFO  impl.LeaderElection (LeaderElection.java:askForVotes(178)) - f26e10ed-fb17-49e6-a903-eadc130d13d1@group-83984122B78E-LeaderElection402: begin an election at term 220 for -1: [4f16e274-8663-4a15-9c4c-c81f650ab979:192.168.157.220:38181, 4cc44201-a597-43af-a4ec-5b1b407a6250:192.168.157.220:36685, f26e10ed-fb17-49e6-a903-eadc130d13d1:192.168.157.220:32806], old=null
2019-10-30 11:53:00,301 [f26e10ed-fb17-49e6-a903-eadc130d13d1@group-83984122B78E-LeaderElection402] INFO  impl.LeaderElection (LogUtils.java:infoOrTrace(149)) - f26e10ed-fb17-49e6-a903-eadc130d13d1@group-83984122B78E-LeaderElection402 got exception when requesting votes: {}
java.util.concurrent.ExecutionException: org.apache.ratis.thirdparty.io.grpc.StatusRuntimeException: UNAVAILABLE: io exception
	at java.util.concurrent.FutureTask.report(FutureTask.java:122)
	at java.util.concurrent.FutureTask.get(FutureTask.java:192)
	at org.apache.ratis.server.impl.LeaderElection.waitForResults(LeaderElection.java:259)
	at org.apache.ratis.server.impl.LeaderElection.askForVotes(LeaderElection.java:197)
	at org.apache.ratis.server.impl.LeaderElection.run(LeaderElection.java:133)
	at java.lang.Thread.run(Thread.java:748)
Caused by: org.apache.ratis.thirdparty.io.grpc.StatusRuntimeException: UNAVAILABLE: io exception
	at org.apache.ratis.thirdparty.io.grpc.stub.ClientCalls.toStatusRuntimeException(ClientCalls.java:233)
	at org.apache.ratis.thirdparty.io.grpc.stub.ClientCalls.getUnchecked(ClientCalls.java:214)
	at org.apache.ratis.thirdparty.io.grpc.stub.ClientCalls.blockingUnaryCall(ClientCalls.java:139)
	at org.apache.ratis.proto.grpc.RaftServerProtocolServiceGrpc$RaftServerProtocolServiceBlockingStub.requestVote(RaftServerProtocolServiceGrpc.java:265)
	at org.apache.ratis.grpc.server.GrpcServerProtocolClient.requestVote(GrpcServerProtocolClient.java:99)
	at org.apache.ratis.grpc.server.GrpcService.requestVote(GrpcService.java:204)
	at org.apache.ratis.server.impl.LeaderElection.lambda$submitRequests$1(LeaderElection.java:234)
	at java.util.concurrent.FutureTask.run(FutureTask.java:266)
	at java.util.concurrent.Executors$RunnableAdapter.call(Executors.java:511)
	at java.util.concurrent.FutureTask.run(FutureTask.java:266)
	at java.util.concurrent.ThreadPoolExecutor.runWorker(ThreadPoolExecutor.java:1149)
	at java.util.concurrent.ThreadPoolExecutor$Worker.run(ThreadPoolExecutor.java:624)
	... 1 more
Caused by: org.apache.ratis.thirdparty.io.netty.channel.AbstractChannel$AnnotatedConnectException: Connection refused: /192.168.157.220:38181
	at sun.nio.ch.SocketChannelImpl.checkConnect(Native Method)
	at sun.nio.ch.SocketChannelImpl.finishConnect(SocketChannelImpl.java:717)
	at org.apache.ratis.thirdparty.io.netty.channel.socket.nio.NioSocketChannel.doFinishConnect(NioSocketChannel.java:327)
	at org.apache.ratis.thirdparty.io.netty.channel.nio.AbstractNioChannel$AbstractNioUnsafe.finishConnect(AbstractNioChannel.java:340)
	at org.apache.ratis.thirdparty.io.netty.channel.nio.NioEventLoop.processSelectedKey(NioEventLoop.java:632)
	at org.apache.ratis.thirdparty.io.netty.channel.nio.NioEventLoop.processSelectedKeysOptimized(NioEventLoop.java:579)
	at org.apache.ratis.thirdparty.io.netty.channel.nio.NioEventLoop.processSelectedKeys(NioEventLoop.java:496)
	at org.apache.ratis.thirdparty.io.netty.channel.nio.NioEventLoop.run(NioEventLoop.java:458)
	at org.apache.ratis.thirdparty.io.netty.util.concurrent.SingleThreadEventExecutor$5.run(SingleThreadEventExecutor.java:897)
	at org.apache.ratis.thirdparty.io.netty.util.concurrent.FastThreadLocalRunnable.run(FastThreadLocalRunnable.java:30)
	... 1 more
Caused by: java.net.ConnectException: Connection refused
	... 11 more
2019-10-30 11:53:00,302 [grpc-default-executor-6] INFO  impl.RaftServerImpl (RaftServerImpl.java:setRole(184)) - 4cc44201-a597-43af-a4ec-5b1b407a6250@group-83984122B78E: changes role from  FOLLOWER to FOLLOWER at term 220 for recognizeCandidate:f26e10ed-fb17-49e6-a903-eadc130d13d1
2019-10-30 11:53:00,302 [grpc-default-executor-6] INFO  impl.RoleInfo (RoleInfo.java:shutdownFollowerState(121)) - 4cc44201-a597-43af-a4ec-5b1b407a6250: shutdown FollowerState
2019-10-30 11:53:00,303 [grpc-default-executor-6] INFO  impl.RoleInfo (RoleInfo.java:updateAndGet(143)) - 4cc44201-a597-43af-a4ec-5b1b407a6250: start FollowerState
2019-10-30 11:53:00,303 [Thread-3071] INFO  impl.FollowerState (FollowerState.java:run(117)) - 4cc44201-a597-43af-a4ec-5b1b407a6250@group-83984122B78E-FollowerState was interrupted: java.lang.InterruptedException: sleep interrupted
2019-10-30 11:53:00,314 [f26e10ed-fb17-49e6-a903-eadc130d13d1@group-83984122B78E-LeaderElection402] INFO  impl.LeaderElection (LeaderElection.java:logAndReturn(56)) - f26e10ed-fb17-49e6-a903-eadc130d13d1@group-83984122B78E-LeaderElection402: Election REJECTED; received 1 response(s) [f26e10ed-fb17-49e6-a903-eadc130d13d1<-4cc44201-a597-43af-a4ec-5b1b407a6250#0:FAIL-t220] and 1 exception(s); f26e10ed-fb17-49e6-a903-eadc130d13d1@group-83984122B78E:t220, leader=null, voted=f26e10ed-fb17-49e6-a903-eadc130d13d1, raftlog=f26e10ed-fb17-49e6-a903-eadc130d13d1@group-83984122B78E-SegmentedRaftLog:OPENED:c-1,f-1,i0, conf=-1: [4f16e274-8663-4a15-9c4c-c81f650ab979:192.168.157.220:38181, 4cc44201-a597-43af-a4ec-5b1b407a6250:192.168.157.220:36685, f26e10ed-fb17-49e6-a903-eadc130d13d1:192.168.157.220:32806], old=null
2019-10-30 11:53:00,314 [f26e10ed-fb17-49e6-a903-eadc130d13d1@group-83984122B78E-LeaderElection402] INFO  impl.LeaderElection (LogUtils.java:infoOrTrace(149)) -   Exception 0: {}
java.util.concurrent.ExecutionException: org.apache.ratis.thirdparty.io.grpc.StatusRuntimeException: UNAVAILABLE: io exception
	at java.util.concurrent.FutureTask.report(FutureTask.java:122)
	at java.util.concurrent.FutureTask.get(FutureTask.java:192)
	at org.apache.ratis.server.impl.LeaderElection.waitForResults(LeaderElection.java:259)
	at org.apache.ratis.server.impl.LeaderElection.askForVotes(LeaderElection.java:197)
	at org.apache.ratis.server.impl.LeaderElection.run(LeaderElection.java:133)
	at java.lang.Thread.run(Thread.java:748)
Caused by: org.apache.ratis.thirdparty.io.grpc.StatusRuntimeException: UNAVAILABLE: io exception
	at org.apache.ratis.thirdparty.io.grpc.stub.ClientCalls.toStatusRuntimeException(ClientCalls.java:233)
	at org.apache.ratis.thirdparty.io.grpc.stub.ClientCalls.getUnchecked(ClientCalls.java:214)
	at org.apache.ratis.thirdparty.io.grpc.stub.ClientCalls.blockingUnaryCall(ClientCalls.java:139)
	at org.apache.ratis.proto.grpc.RaftServerProtocolServiceGrpc$RaftServerProtocolServiceBlockingStub.requestVote(RaftServerProtocolServiceGrpc.java:265)
	at org.apache.ratis.grpc.server.GrpcServerProtocolClient.requestVote(GrpcServerProtocolClient.java:99)
	at org.apache.ratis.grpc.server.GrpcService.requestVote(GrpcService.java:204)
	at org.apache.ratis.server.impl.LeaderElection.lambda$submitRequests$1(LeaderElection.java:234)
	at java.util.concurrent.FutureTask.run(FutureTask.java:266)
	at java.util.concurrent.Executors$RunnableAdapter.call(Executors.java:511)
	at java.util.concurrent.FutureTask.run(FutureTask.java:266)
	at java.util.concurrent.ThreadPoolExecutor.runWorker(ThreadPoolExecutor.java:1149)
	at java.util.concurrent.ThreadPoolExecutor$Worker.run(ThreadPoolExecutor.java:624)
	... 1 more
Caused by: org.apache.ratis.thirdparty.io.netty.channel.AbstractChannel$AnnotatedConnectException: Connection refused: /192.168.157.220:38181
	at sun.nio.ch.SocketChannelImpl.checkConnect(Native Method)
	at sun.nio.ch.SocketChannelImpl.finishConnect(SocketChannelImpl.java:717)
	at org.apache.ratis.thirdparty.io.netty.channel.socket.nio.NioSocketChannel.doFinishConnect(NioSocketChannel.java:327)
	at org.apache.ratis.thirdparty.io.netty.channel.nio.AbstractNioChannel$AbstractNioUnsafe.finishConnect(AbstractNioChannel.java:340)
	at org.apache.ratis.thirdparty.io.netty.channel.nio.NioEventLoop.processSelectedKey(NioEventLoop.java:632)
	at org.apache.ratis.thirdparty.io.netty.channel.nio.NioEventLoop.processSelectedKeysOptimized(NioEventLoop.java:579)
	at org.apache.ratis.thirdparty.io.netty.channel.nio.NioEventLoop.processSelectedKeys(NioEventLoop.java:496)
	at org.apache.ratis.thirdparty.io.netty.channel.nio.NioEventLoop.run(NioEventLoop.java:458)
	at org.apache.ratis.thirdparty.io.netty.util.concurrent.SingleThreadEventExecutor$5.run(SingleThreadEventExecutor.java:897)
	at org.apache.ratis.thirdparty.io.netty.util.concurrent.FastThreadLocalRunnable.run(FastThreadLocalRunnable.java:30)
	... 1 more
Caused by: java.net.ConnectException: Connection refused
	... 11 more
2019-10-30 11:53:00,315 [f26e10ed-fb17-49e6-a903-eadc130d13d1@group-83984122B78E-LeaderElection402] INFO  impl.RaftServerImpl (RaftServerImpl.java:setRole(184)) - f26e10ed-fb17-49e6-a903-eadc130d13d1@group-83984122B78E: changes role from CANDIDATE to FOLLOWER at term 220 for DISCOVERED_A_NEW_TERM
2019-10-30 11:53:00,315 [f26e10ed-fb17-49e6-a903-eadc130d13d1@group-83984122B78E-LeaderElection402] INFO  impl.RoleInfo (RoleInfo.java:shutdownLeaderElection(134)) - f26e10ed-fb17-49e6-a903-eadc130d13d1: shutdown LeaderElection
2019-10-30 11:53:00,315 [f26e10ed-fb17-49e6-a903-eadc130d13d1@group-83984122B78E-LeaderElection402] INFO  impl.RoleInfo (RoleInfo.java:updateAndGet(143)) - f26e10ed-fb17-49e6-a903-eadc130d13d1: start FollowerState
2019-10-30 11:53:00,440 [Thread-3078] INFO  impl.FollowerState (FollowerState.java:run(108)) - 9dbd5372-55c2-4532-b354-9494d3d545d2@group-F367C8FA5986-FollowerState: change to CANDIDATE, lastRpcTime:145ms, electionTimeout:145ms
2019-10-30 11:53:00,440 [Thread-3082] INFO  impl.FollowerState (FollowerState.java:run(108)) - f26e10ed-fb17-49e6-a903-eadc130d13d1@group-83984122B78E-FollowerState: change to CANDIDATE, lastRpcTime:125ms, electionTimeout:125ms
2019-10-30 11:53:00,440 [Thread-3078] INFO  impl.RoleInfo (RoleInfo.java:shutdownFollowerState(121)) - 9dbd5372-55c2-4532-b354-9494d3d545d2: shutdown FollowerState
2019-10-30 11:53:00,440 [Thread-3082] INFO  impl.RoleInfo (RoleInfo.java:shutdownFollowerState(121)) - f26e10ed-fb17-49e6-a903-eadc130d13d1: shutdown FollowerState
2019-10-30 11:53:00,440 [Thread-3078] INFO  impl.RaftServerImpl (RaftServerImpl.java:setRole(184)) - 9dbd5372-55c2-4532-b354-9494d3d545d2@group-F367C8FA5986: changes role from  FOLLOWER to CANDIDATE at term 210 for changeToCandidate
2019-10-30 11:53:00,440 [Thread-3082] INFO  impl.RaftServerImpl (RaftServerImpl.java:setRole(184)) - f26e10ed-fb17-49e6-a903-eadc130d13d1@group-83984122B78E: changes role from  FOLLOWER to CANDIDATE at term 220 for changeToCandidate
2019-10-30 11:53:00,441 [Thread-3078] INFO  impl.RoleInfo (RoleInfo.java:updateAndGet(143)) - 9dbd5372-55c2-4532-b354-9494d3d545d2: start LeaderElection
2019-10-30 11:53:00,441 [Thread-3082] INFO  impl.RoleInfo (RoleInfo.java:updateAndGet(143)) - f26e10ed-fb17-49e6-a903-eadc130d13d1: start LeaderElection
2019-10-30 11:53:00,447 [9dbd5372-55c2-4532-b354-9494d3d545d2@group-F367C8FA5986-LeaderElection403] INFO  impl.LeaderElection (LeaderElection.java:askForVotes(178)) - 9dbd5372-55c2-4532-b354-9494d3d545d2@group-F367C8FA5986-LeaderElection403: begin an election at term 211 for -1: [9b3ef6c9-0245-4756-bf80-45d41f7a4453:192.168.157.220:37058, cd11b2f5-3187-4d03-bd60-931991550c17:192.168.157.220:43236, 9dbd5372-55c2-4532-b354-9494d3d545d2:192.168.157.220:42993], old=null
2019-10-30 11:53:00,447 [f26e10ed-fb17-49e6-a903-eadc130d13d1@group-83984122B78E-LeaderElection404] INFO  impl.LeaderElection (LeaderElection.java:askForVotes(178)) - f26e10ed-fb17-49e6-a903-eadc130d13d1@group-83984122B78E-LeaderElection404: begin an election at term 221 for -1: [4f16e274-8663-4a15-9c4c-c81f650ab979:192.168.157.220:38181, 4cc44201-a597-43af-a4ec-5b1b407a6250:192.168.157.220:36685, f26e10ed-fb17-49e6-a903-eadc130d13d1:192.168.157.220:32806], old=null
2019-10-30 11:53:00,448 [9dbd5372-55c2-4532-b354-9494d3d545d2@group-F367C8FA5986-LeaderElection403] INFO  impl.LeaderElection (LogUtils.java:infoOrTrace(149)) - 9dbd5372-55c2-4532-b354-9494d3d545d2@group-F367C8FA5986-LeaderElection403 got exception when requesting votes: {}
java.util.concurrent.ExecutionException: org.apache.ratis.thirdparty.io.grpc.StatusRuntimeException: UNAVAILABLE: io exception
	at java.util.concurrent.FutureTask.report(FutureTask.java:122)
	at java.util.concurrent.FutureTask.get(FutureTask.java:192)
	at org.apache.ratis.server.impl.LeaderElection.waitForResults(LeaderElection.java:259)
	at org.apache.ratis.server.impl.LeaderElection.askForVotes(LeaderElection.java:197)
	at org.apache.ratis.server.impl.LeaderElection.run(LeaderElection.java:133)
	at java.lang.Thread.run(Thread.java:748)
Caused by: org.apache.ratis.thirdparty.io.grpc.StatusRuntimeException: UNAVAILABLE: io exception
	at org.apache.ratis.thirdparty.io.grpc.stub.ClientCalls.toStatusRuntimeException(ClientCalls.java:233)
	at org.apache.ratis.thirdparty.io.grpc.stub.ClientCalls.getUnchecked(ClientCalls.java:214)
	at org.apache.ratis.thirdparty.io.grpc.stub.ClientCalls.blockingUnaryCall(ClientCalls.java:139)
	at org.apache.ratis.proto.grpc.RaftServerProtocolServiceGrpc$RaftServerProtocolServiceBlockingStub.requestVote(RaftServerProtocolServiceGrpc.java:265)
	at org.apache.ratis.grpc.server.GrpcServerProtocolClient.requestVote(GrpcServerProtocolClient.java:99)
	at org.apache.ratis.grpc.server.GrpcService.requestVote(GrpcService.java:204)
	at org.apache.ratis.server.impl.LeaderElection.lambda$submitRequests$1(LeaderElection.java:234)
	at java.util.concurrent.FutureTask.run(FutureTask.java:266)
	at java.util.concurrent.Executors$RunnableAdapter.call(Executors.java:511)
	at java.util.concurrent.FutureTask.run(FutureTask.java:266)
	at java.util.concurrent.ThreadPoolExecutor.runWorker(ThreadPoolExecutor.java:1149)
	at java.util.concurrent.ThreadPoolExecutor$Worker.run(ThreadPoolExecutor.java:624)
	... 1 more
Caused by: org.apache.ratis.thirdparty.io.netty.channel.AbstractChannel$AnnotatedConnectException: Connection refused: /192.168.157.220:43236
	at sun.nio.ch.SocketChannelImpl.checkConnect(Native Method)
	at sun.nio.ch.SocketChannelImpl.finishConnect(SocketChannelImpl.java:717)
	at org.apache.ratis.thirdparty.io.netty.channel.socket.nio.NioSocketChannel.doFinishConnect(NioSocketChannel.java:327)
	at org.apache.ratis.thirdparty.io.netty.channel.nio.AbstractNioChannel$AbstractNioUnsafe.finishConnect(AbstractNioChannel.java:340)
	at org.apache.ratis.thirdparty.io.netty.channel.nio.NioEventLoop.processSelectedKey(NioEventLoop.java:632)
	at org.apache.ratis.thirdparty.io.netty.channel.nio.NioEventLoop.processSelectedKeysOptimized(NioEventLoop.java:579)
	at org.apache.ratis.thirdparty.io.netty.channel.nio.NioEventLoop.processSelectedKeys(NioEventLoop.java:496)
	at org.apache.ratis.thirdparty.io.netty.channel.nio.NioEventLoop.run(NioEventLoop.java:458)
	at org.apache.ratis.thirdparty.io.netty.util.concurrent.SingleThreadEventExecutor$5.run(SingleThreadEventExecutor.java:897)
	at org.apache.ratis.thirdparty.io.netty.util.concurrent.FastThreadLocalRunnable.run(FastThreadLocalRunnable.java:30)
	... 1 more
Caused by: java.net.ConnectException: Connection refused
	... 11 more
2019-10-30 11:53:00,448 [f26e10ed-fb17-49e6-a903-eadc130d13d1@group-83984122B78E-LeaderElection404] INFO  impl.LeaderElection (LogUtils.java:infoOrTrace(149)) - f26e10ed-fb17-49e6-a903-eadc130d13d1@group-83984122B78E-LeaderElection404 got exception when requesting votes: {}
java.util.concurrent.ExecutionException: org.apache.ratis.thirdparty.io.grpc.StatusRuntimeException: UNAVAILABLE: io exception
	at java.util.concurrent.FutureTask.report(FutureTask.java:122)
	at java.util.concurrent.FutureTask.get(FutureTask.java:192)
	at org.apache.ratis.server.impl.LeaderElection.waitForResults(LeaderElection.java:259)
	at org.apache.ratis.server.impl.LeaderElection.askForVotes(LeaderElection.java:197)
	at org.apache.ratis.server.impl.LeaderElection.run(LeaderElection.java:133)
	at java.lang.Thread.run(Thread.java:748)
Caused by: org.apache.ratis.thirdparty.io.grpc.StatusRuntimeException: UNAVAILABLE: io exception
	at org.apache.ratis.thirdparty.io.grpc.stub.ClientCalls.toStatusRuntimeException(ClientCalls.java:233)
	at org.apache.ratis.thirdparty.io.grpc.stub.ClientCalls.getUnchecked(ClientCalls.java:214)
	at org.apache.ratis.thirdparty.io.grpc.stub.ClientCalls.blockingUnaryCall(ClientCalls.java:139)
	at org.apache.ratis.proto.grpc.RaftServerProtocolServiceGrpc$RaftServerProtocolServiceBlockingStub.requestVote(RaftServerProtocolServiceGrpc.java:265)
	at org.apache.ratis.grpc.server.GrpcServerProtocolClient.requestVote(GrpcServerProtocolClient.java:99)
	at org.apache.ratis.grpc.server.GrpcService.requestVote(GrpcService.java:204)
	at org.apache.ratis.server.impl.LeaderElection.lambda$submitRequests$1(LeaderElection.java:234)
	at java.util.concurrent.FutureTask.run(FutureTask.java:266)
	at java.util.concurrent.Executors$RunnableAdapter.call(Executors.java:511)
	at java.util.concurrent.FutureTask.run(FutureTask.java:266)
	at java.util.concurrent.ThreadPoolExecutor.runWorker(ThreadPoolExecutor.java:1149)
	at java.util.concurrent.ThreadPoolExecutor$Worker.run(ThreadPoolExecutor.java:624)
	... 1 more
Caused by: org.apache.ratis.thirdparty.io.netty.channel.AbstractChannel$AnnotatedConnectException: Connection refused: /192.168.157.220:38181
	at sun.nio.ch.SocketChannelImpl.checkConnect(Native Method)
	at sun.nio.ch.SocketChannelImpl.finishConnect(SocketChannelImpl.java:717)
	at org.apache.ratis.thirdparty.io.netty.channel.socket.nio.NioSocketChannel.doFinishConnect(NioSocketChannel.java:327)
	at org.apache.ratis.thirdparty.io.netty.channel.nio.AbstractNioChannel$AbstractNioUnsafe.finishConnect(AbstractNioChannel.java:340)
	at org.apache.ratis.thirdparty.io.netty.channel.nio.NioEventLoop.processSelectedKey(NioEventLoop.java:632)
	at org.apache.ratis.thirdparty.io.netty.channel.nio.NioEventLoop.processSelectedKeysOptimized(NioEventLoop.java:579)
	at org.apache.ratis.thirdparty.io.netty.channel.nio.NioEventLoop.processSelectedKeys(NioEventLoop.java:496)
	at org.apache.ratis.thirdparty.io.netty.channel.nio.NioEventLoop.run(NioEventLoop.java:458)
	at org.apache.ratis.thirdparty.io.netty.util.concurrent.SingleThreadEventExecutor$5.run(SingleThreadEventExecutor.java:897)
	at org.apache.ratis.thirdparty.io.netty.util.concurrent.FastThreadLocalRunnable.run(FastThreadLocalRunnable.java:30)
	... 1 more
Caused by: java.net.ConnectException: Connection refused
	... 11 more
2019-10-30 11:53:00,452 [grpc-default-executor-6] INFO  impl.RaftServerImpl (RaftServerImpl.java:setRole(184)) - 9b3ef6c9-0245-4756-bf80-45d41f7a4453@group-F367C8FA5986: changes role from  FOLLOWER to FOLLOWER at term 211 for recognizeCandidate:9dbd5372-55c2-4532-b354-9494d3d545d2
2019-10-30 11:53:00,452 [grpc-default-executor-6] INFO  impl.RoleInfo (RoleInfo.java:shutdownFollowerState(121)) - 9b3ef6c9-0245-4756-bf80-45d41f7a4453: shutdown FollowerState
2019-10-30 11:53:00,452 [grpc-default-executor-8] INFO  impl.RaftServerImpl (RaftServerImpl.java:setRole(184)) - 4cc44201-a597-43af-a4ec-5b1b407a6250@group-83984122B78E: changes role from  FOLLOWER to FOLLOWER at term 221 for recognizeCandidate:f26e10ed-fb17-49e6-a903-eadc130d13d1
2019-10-30 11:53:00,452 [grpc-default-executor-8] INFO  impl.RoleInfo (RoleInfo.java:shutdownFollowerState(121)) - 4cc44201-a597-43af-a4ec-5b1b407a6250: shutdown FollowerState
2019-10-30 11:53:00,452 [grpc-default-executor-6] INFO  impl.RoleInfo (RoleInfo.java:updateAndGet(143)) - 9b3ef6c9-0245-4756-bf80-45d41f7a4453: start FollowerState
2019-10-30 11:53:00,452 [Thread-3081] INFO  impl.FollowerState (FollowerState.java:run(117)) - 4cc44201-a597-43af-a4ec-5b1b407a6250@group-83984122B78E-FollowerState was interrupted: java.lang.InterruptedException: sleep interrupted
2019-10-30 11:53:00,452 [grpc-default-executor-8] INFO  impl.RoleInfo (RoleInfo.java:updateAndGet(143)) - 4cc44201-a597-43af-a4ec-5b1b407a6250: start FollowerState
2019-10-30 11:53:00,452 [Thread-3075] INFO  impl.FollowerState (FollowerState.java:run(117)) - 9b3ef6c9-0245-4756-bf80-45d41f7a4453@group-F367C8FA5986-FollowerState was interrupted: java.lang.InterruptedException: sleep interrupted
2019-10-30 11:53:00,463 [9dbd5372-55c2-4532-b354-9494d3d545d2@group-F367C8FA5986-LeaderElection403] INFO  impl.LeaderElection (LeaderElection.java:logAndReturn(56)) - 9dbd5372-55c2-4532-b354-9494d3d545d2@group-F367C8FA5986-LeaderElection403: Election REJECTED; received 1 response(s) [9dbd5372-55c2-4532-b354-9494d3d545d2<-9b3ef6c9-0245-4756-bf80-45d41f7a4453#0:FAIL-t211] and 1 exception(s); 9dbd5372-55c2-4532-b354-9494d3d545d2@group-F367C8FA5986:t211, leader=null, voted=9dbd5372-55c2-4532-b354-9494d3d545d2, raftlog=9dbd5372-55c2-4532-b354-9494d3d545d2@group-F367C8FA5986-SegmentedRaftLog:OPENED:c-1,f-1,i0, conf=-1: [9b3ef6c9-0245-4756-bf80-45d41f7a4453:192.168.157.220:37058, cd11b2f5-3187-4d03-bd60-931991550c17:192.168.157.220:43236, 9dbd5372-55c2-4532-b354-9494d3d545d2:192.168.157.220:42993], old=null
2019-10-30 11:53:00,464 [9dbd5372-55c2-4532-b354-9494d3d545d2@group-F367C8FA5986-LeaderElection403] INFO  impl.LeaderElection (LogUtils.java:infoOrTrace(149)) -   Exception 0: {}
java.util.concurrent.ExecutionException: org.apache.ratis.thirdparty.io.grpc.StatusRuntimeException: UNAVAILABLE: io exception
	at java.util.concurrent.FutureTask.report(FutureTask.java:122)
	at java.util.concurrent.FutureTask.get(FutureTask.java:192)
	at org.apache.ratis.server.impl.LeaderElection.waitForResults(LeaderElection.java:259)
	at org.apache.ratis.server.impl.LeaderElection.askForVotes(LeaderElection.java:197)
	at org.apache.ratis.server.impl.LeaderElection.run(LeaderElection.java:133)
	at java.lang.Thread.run(Thread.java:748)
Caused by: org.apache.ratis.thirdparty.io.grpc.StatusRuntimeException: UNAVAILABLE: io exception
	at org.apache.ratis.thirdparty.io.grpc.stub.ClientCalls.toStatusRuntimeException(ClientCalls.java:233)
	at org.apache.ratis.thirdparty.io.grpc.stub.ClientCalls.getUnchecked(ClientCalls.java:214)
	at org.apache.ratis.thirdparty.io.grpc.stub.ClientCalls.blockingUnaryCall(ClientCalls.java:139)
	at org.apache.ratis.proto.grpc.RaftServerProtocolServiceGrpc$RaftServerProtocolServiceBlockingStub.requestVote(RaftServerProtocolServiceGrpc.java:265)
	at org.apache.ratis.grpc.server.GrpcServerProtocolClient.requestVote(GrpcServerProtocolClient.java:99)
	at org.apache.ratis.grpc.server.GrpcService.requestVote(GrpcService.java:204)
	at org.apache.ratis.server.impl.LeaderElection.lambda$submitRequests$1(LeaderElection.java:234)
	at java.util.concurrent.FutureTask.run(FutureTask.java:266)
	at java.util.concurrent.Executors$RunnableAdapter.call(Executors.java:511)
	at java.util.concurrent.FutureTask.run(FutureTask.java:266)
	at java.util.concurrent.ThreadPoolExecutor.runWorker(ThreadPoolExecutor.java:1149)
	at java.util.concurrent.ThreadPoolExecutor$Worker.run(ThreadPoolExecutor.java:624)
	... 1 more
Caused by: org.apache.ratis.thirdparty.io.netty.channel.AbstractChannel$AnnotatedConnectException: Connection refused: /192.168.157.220:43236
	at sun.nio.ch.SocketChannelImpl.checkConnect(Native Method)
	at sun.nio.ch.SocketChannelImpl.finishConnect(SocketChannelImpl.java:717)
	at org.apache.ratis.thirdparty.io.netty.channel.socket.nio.NioSocketChannel.doFinishConnect(NioSocketChannel.java:327)
	at org.apache.ratis.thirdparty.io.netty.channel.nio.AbstractNioChannel$AbstractNioUnsafe.finishConnect(AbstractNioChannel.java:340)
	at org.apache.ratis.thirdparty.io.netty.channel.nio.NioEventLoop.processSelectedKey(NioEventLoop.java:632)
	at org.apache.ratis.thirdparty.io.netty.channel.nio.NioEventLoop.processSelectedKeysOptimized(NioEventLoop.java:579)
	at org.apache.ratis.thirdparty.io.netty.channel.nio.NioEventLoop.processSelectedKeys(NioEventLoop.java:496)
	at org.apache.ratis.thirdparty.io.netty.channel.nio.NioEventLoop.run(NioEventLoop.java:458)
	at org.apache.ratis.thirdparty.io.netty.util.concurrent.SingleThreadEventExecutor$5.run(SingleThreadEventExecutor.java:897)
	at org.apache.ratis.thirdparty.io.netty.util.concurrent.FastThreadLocalRunnable.run(FastThreadLocalRunnable.java:30)
	... 1 more
Caused by: java.net.ConnectException: Connection refused
	... 11 more
2019-10-30 11:53:00,464 [9dbd5372-55c2-4532-b354-9494d3d545d2@group-F367C8FA5986-LeaderElection403] INFO  impl.RaftServerImpl (RaftServerImpl.java:setRole(184)) - 9dbd5372-55c2-4532-b354-9494d3d545d2@group-F367C8FA5986: changes role from CANDIDATE to FOLLOWER at term 211 for DISCOVERED_A_NEW_TERM
2019-10-30 11:53:00,464 [9dbd5372-55c2-4532-b354-9494d3d545d2@group-F367C8FA5986-LeaderElection403] INFO  impl.RoleInfo (RoleInfo.java:shutdownLeaderElection(134)) - 9dbd5372-55c2-4532-b354-9494d3d545d2: shutdown LeaderElection
2019-10-30 11:53:00,464 [9dbd5372-55c2-4532-b354-9494d3d545d2@group-F367C8FA5986-LeaderElection403] INFO  impl.RoleInfo (RoleInfo.java:updateAndGet(143)) - 9dbd5372-55c2-4532-b354-9494d3d545d2: start FollowerState
2019-10-30 11:53:00,466 [f26e10ed-fb17-49e6-a903-eadc130d13d1@group-83984122B78E-LeaderElection404] INFO  impl.LeaderElection (LeaderElection.java:logAndReturn(56)) - f26e10ed-fb17-49e6-a903-eadc130d13d1@group-83984122B78E-LeaderElection404: Election REJECTED; received 1 response(s) [f26e10ed-fb17-49e6-a903-eadc130d13d1<-4cc44201-a597-43af-a4ec-5b1b407a6250#0:FAIL-t221] and 1 exception(s); f26e10ed-fb17-49e6-a903-eadc130d13d1@group-83984122B78E:t221, leader=null, voted=f26e10ed-fb17-49e6-a903-eadc130d13d1, raftlog=f26e10ed-fb17-49e6-a903-eadc130d13d1@group-83984122B78E-SegmentedRaftLog:OPENED:c-1,f-1,i0, conf=-1: [4f16e274-8663-4a15-9c4c-c81f650ab979:192.168.157.220:38181, 4cc44201-a597-43af-a4ec-5b1b407a6250:192.168.157.220:36685, f26e10ed-fb17-49e6-a903-eadc130d13d1:192.168.157.220:32806], old=null
2019-10-30 11:53:00,466 [f26e10ed-fb17-49e6-a903-eadc130d13d1@group-83984122B78E-LeaderElection404] INFO  impl.LeaderElection (LogUtils.java:infoOrTrace(149)) -   Exception 0: {}
java.util.concurrent.ExecutionException: org.apache.ratis.thirdparty.io.grpc.StatusRuntimeException: UNAVAILABLE: io exception
	at java.util.concurrent.FutureTask.report(FutureTask.java:122)
	at java.util.concurrent.FutureTask.get(FutureTask.java:192)
	at org.apache.ratis.server.impl.LeaderElection.waitForResults(LeaderElection.java:259)
	at org.apache.ratis.server.impl.LeaderElection.askForVotes(LeaderElection.java:197)
	at org.apache.ratis.server.impl.LeaderElection.run(LeaderElection.java:133)
	at java.lang.Thread.run(Thread.java:748)
Caused by: org.apache.ratis.thirdparty.io.grpc.StatusRuntimeException: UNAVAILABLE: io exception
	at org.apache.ratis.thirdparty.io.grpc.stub.ClientCalls.toStatusRuntimeException(ClientCalls.java:233)
	at org.apache.ratis.thirdparty.io.grpc.stub.ClientCalls.getUnchecked(ClientCalls.java:214)
	at org.apache.ratis.thirdparty.io.grpc.stub.ClientCalls.blockingUnaryCall(ClientCalls.java:139)
	at org.apache.ratis.proto.grpc.RaftServerProtocolServiceGrpc$RaftServerProtocolServiceBlockingStub.requestVote(RaftServerProtocolServiceGrpc.java:265)
	at org.apache.ratis.grpc.server.GrpcServerProtocolClient.requestVote(GrpcServerProtocolClient.java:99)
	at org.apache.ratis.grpc.server.GrpcService.requestVote(GrpcService.java:204)
	at org.apache.ratis.server.impl.LeaderElection.lambda$submitRequests$1(LeaderElection.java:234)
	at java.util.concurrent.FutureTask.run(FutureTask.java:266)
	at java.util.concurrent.Executors$RunnableAdapter.call(Executors.java:511)
	at java.util.concurrent.FutureTask.run(FutureTask.java:266)
	at java.util.concurrent.ThreadPoolExecutor.runWorker(ThreadPoolExecutor.java:1149)
	at java.util.concurrent.ThreadPoolExecutor$Worker.run(ThreadPoolExecutor.java:624)
	... 1 more
Caused by: org.apache.ratis.thirdparty.io.netty.channel.AbstractChannel$AnnotatedConnectException: Connection refused: /192.168.157.220:38181
	at sun.nio.ch.SocketChannelImpl.checkConnect(Native Method)
	at sun.nio.ch.SocketChannelImpl.finishConnect(SocketChannelImpl.java:717)
	at org.apache.ratis.thirdparty.io.netty.channel.socket.nio.NioSocketChannel.doFinishConnect(NioSocketChannel.java:327)
	at org.apache.ratis.thirdparty.io.netty.channel.nio.AbstractNioChannel$AbstractNioUnsafe.finishConnect(AbstractNioChannel.java:340)
	at org.apache.ratis.thirdparty.io.netty.channel.nio.NioEventLoop.processSelectedKey(NioEventLoop.java:632)
	at org.apache.ratis.thirdparty.io.netty.channel.nio.NioEventLoop.processSelectedKeysOptimized(NioEventLoop.java:579)
	at org.apache.ratis.thirdparty.io.netty.channel.nio.NioEventLoop.processSelectedKeys(NioEventLoop.java:496)
	at org.apache.ratis.thirdparty.io.netty.channel.nio.NioEventLoop.run(NioEventLoop.java:458)
	at org.apache.ratis.thirdparty.io.netty.util.concurrent.SingleThreadEventExecutor$5.run(SingleThreadEventExecutor.java:897)
	at org.apache.ratis.thirdparty.io.netty.util.concurrent.FastThreadLocalRunnable.run(FastThreadLocalRunnable.java:30)
	... 1 more
Caused by: java.net.ConnectException: Connection refused
	... 11 more
2019-10-30 11:53:00,466 [f26e10ed-fb17-49e6-a903-eadc130d13d1@group-83984122B78E-LeaderElection404] INFO  impl.RaftServerImpl (RaftServerImpl.java:setRole(184)) - f26e10ed-fb17-49e6-a903-eadc130d13d1@group-83984122B78E: changes role from CANDIDATE to FOLLOWER at term 221 for DISCOVERED_A_NEW_TERM
2019-10-30 11:53:00,468 [f26e10ed-fb17-49e6-a903-eadc130d13d1@group-83984122B78E-LeaderElection404] INFO  impl.RoleInfo (RoleInfo.java:shutdownLeaderElection(134)) - f26e10ed-fb17-49e6-a903-eadc130d13d1: shutdown LeaderElection
2019-10-30 11:53:00,468 [f26e10ed-fb17-49e6-a903-eadc130d13d1@group-83984122B78E-LeaderElection404] INFO  impl.RoleInfo (RoleInfo.java:updateAndGet(143)) - f26e10ed-fb17-49e6-a903-eadc130d13d1: start FollowerState
2019-10-30 11:53:00,497 [Thread-3092] INFO  impl.FollowerState (FollowerState.java:run(108)) - f26e10ed-fb17-49e6-a903-eadc130d13d1@group-83984122B78E-FollowerState: change to CANDIDATE, lastRpcTime:28ms, electionTimeout:28ms
2019-10-30 11:53:00,497 [Thread-3092] INFO  impl.RoleInfo (RoleInfo.java:shutdownFollowerState(121)) - f26e10ed-fb17-49e6-a903-eadc130d13d1: shutdown FollowerState
2019-10-30 11:53:00,497 [Thread-3092] INFO  impl.RaftServerImpl (RaftServerImpl.java:setRole(184)) - f26e10ed-fb17-49e6-a903-eadc130d13d1@group-83984122B78E: changes role from  FOLLOWER to CANDIDATE at term 221 for changeToCandidate
2019-10-30 11:53:00,497 [Thread-3092] INFO  impl.RoleInfo (RoleInfo.java:updateAndGet(143)) - f26e10ed-fb17-49e6-a903-eadc130d13d1: start LeaderElection
2019-10-30 11:53:00,501 [f26e10ed-fb17-49e6-a903-eadc130d13d1@group-83984122B78E-LeaderElection405] INFO  impl.LeaderElection (LeaderElection.java:askForVotes(178)) - f26e10ed-fb17-49e6-a903-eadc130d13d1@group-83984122B78E-LeaderElection405: begin an election at term 222 for -1: [4f16e274-8663-4a15-9c4c-c81f650ab979:192.168.157.220:38181, 4cc44201-a597-43af-a4ec-5b1b407a6250:192.168.157.220:36685, f26e10ed-fb17-49e6-a903-eadc130d13d1:192.168.157.220:32806], old=null
2019-10-30 11:53:00,502 [f26e10ed-fb17-49e6-a903-eadc130d13d1@group-83984122B78E-LeaderElection405] INFO  impl.LeaderElection (LogUtils.java:infoOrTrace(149)) - f26e10ed-fb17-49e6-a903-eadc130d13d1@group-83984122B78E-LeaderElection405 got exception when requesting votes: {}
java.util.concurrent.ExecutionException: org.apache.ratis.thirdparty.io.grpc.StatusRuntimeException: UNAVAILABLE: io exception
	at java.util.concurrent.FutureTask.report(FutureTask.java:122)
	at java.util.concurrent.FutureTask.get(FutureTask.java:192)
	at org.apache.ratis.server.impl.LeaderElection.waitForResults(LeaderElection.java:259)
	at org.apache.ratis.server.impl.LeaderElection.askForVotes(LeaderElection.java:197)
	at org.apache.ratis.server.impl.LeaderElection.run(LeaderElection.java:133)
	at java.lang.Thread.run(Thread.java:748)
Caused by: org.apache.ratis.thirdparty.io.grpc.StatusRuntimeException: UNAVAILABLE: io exception
	at org.apache.ratis.thirdparty.io.grpc.stub.ClientCalls.toStatusRuntimeException(ClientCalls.java:233)
	at org.apache.ratis.thirdparty.io.grpc.stub.ClientCalls.getUnchecked(ClientCalls.java:214)
	at org.apache.ratis.thirdparty.io.grpc.stub.ClientCalls.blockingUnaryCall(ClientCalls.java:139)
	at org.apache.ratis.proto.grpc.RaftServerProtocolServiceGrpc$RaftServerProtocolServiceBlockingStub.requestVote(RaftServerProtocolServiceGrpc.java:265)
	at org.apache.ratis.grpc.server.GrpcServerProtocolClient.requestVote(GrpcServerProtocolClient.java:99)
	at org.apache.ratis.grpc.server.GrpcService.requestVote(GrpcService.java:204)
	at org.apache.ratis.server.impl.LeaderElection.lambda$submitRequests$1(LeaderElection.java:234)
	at java.util.concurrent.FutureTask.run(FutureTask.java:266)
	at java.util.concurrent.Executors$RunnableAdapter.call(Executors.java:511)
	at java.util.concurrent.FutureTask.run(FutureTask.java:266)
	at java.util.concurrent.ThreadPoolExecutor.runWorker(ThreadPoolExecutor.java:1149)
	at java.util.concurrent.ThreadPoolExecutor$Worker.run(ThreadPoolExecutor.java:624)
	... 1 more
Caused by: org.apache.ratis.thirdparty.io.netty.channel.AbstractChannel$AnnotatedConnectException: Connection refused: /192.168.157.220:38181
	at sun.nio.ch.SocketChannelImpl.checkConnect(Native Method)
	at sun.nio.ch.SocketChannelImpl.finishConnect(SocketChannelImpl.java:717)
	at org.apache.ratis.thirdparty.io.netty.channel.socket.nio.NioSocketChannel.doFinishConnect(NioSocketChannel.java:327)
	at org.apache.ratis.thirdparty.io.netty.channel.nio.AbstractNioChannel$AbstractNioUnsafe.finishConnect(AbstractNioChannel.java:340)
	at org.apache.ratis.thirdparty.io.netty.channel.nio.NioEventLoop.processSelectedKey(NioEventLoop.java:632)
	at org.apache.ratis.thirdparty.io.netty.channel.nio.NioEventLoop.processSelectedKeysOptimized(NioEventLoop.java:579)
	at org.apache.ratis.thirdparty.io.netty.channel.nio.NioEventLoop.processSelectedKeys(NioEventLoop.java:496)
	at org.apache.ratis.thirdparty.io.netty.channel.nio.NioEventLoop.run(NioEventLoop.java:458)
	at org.apache.ratis.thirdparty.io.netty.util.concurrent.SingleThreadEventExecutor$5.run(SingleThreadEventExecutor.java:897)
	at org.apache.ratis.thirdparty.io.netty.util.concurrent.FastThreadLocalRunnable.run(FastThreadLocalRunnable.java:30)
	... 1 more
Caused by: java.net.ConnectException: Connection refused
	... 11 more
2019-10-30 11:53:00,514 [grpc-default-executor-8] INFO  impl.RaftServerImpl (RaftServerImpl.java:setRole(184)) - 4cc44201-a597-43af-a4ec-5b1b407a6250@group-83984122B78E: changes role from  FOLLOWER to FOLLOWER at term 222 for recognizeCandidate:f26e10ed-fb17-49e6-a903-eadc130d13d1
2019-10-30 11:53:00,514 [grpc-default-executor-8] INFO  impl.RoleInfo (RoleInfo.java:shutdownFollowerState(121)) - 4cc44201-a597-43af-a4ec-5b1b407a6250: shutdown FollowerState
2019-10-30 11:53:00,514 [grpc-default-executor-8] INFO  impl.RoleInfo (RoleInfo.java:updateAndGet(143)) - 4cc44201-a597-43af-a4ec-5b1b407a6250: start FollowerState
2019-10-30 11:53:00,514 [Thread-3090] INFO  impl.FollowerState (FollowerState.java:run(117)) - 4cc44201-a597-43af-a4ec-5b1b407a6250@group-83984122B78E-FollowerState was interrupted: java.lang.InterruptedException: sleep interrupted
2019-10-30 11:53:00,555 [f26e10ed-fb17-49e6-a903-eadc130d13d1@group-83984122B78E-LeaderElection405] INFO  impl.LeaderElection (LeaderElection.java:logAndReturn(56)) - f26e10ed-fb17-49e6-a903-eadc130d13d1@group-83984122B78E-LeaderElection405: Election REJECTED; received 1 response(s) [f26e10ed-fb17-49e6-a903-eadc130d13d1<-4cc44201-a597-43af-a4ec-5b1b407a6250#0:FAIL-t222] and 1 exception(s); f26e10ed-fb17-49e6-a903-eadc130d13d1@group-83984122B78E:t222, leader=null, voted=f26e10ed-fb17-49e6-a903-eadc130d13d1, raftlog=f26e10ed-fb17-49e6-a903-eadc130d13d1@group-83984122B78E-SegmentedRaftLog:OPENED:c-1,f-1,i0, conf=-1: [4f16e274-8663-4a15-9c4c-c81f650ab979:192.168.157.220:38181, 4cc44201-a597-43af-a4ec-5b1b407a6250:192.168.157.220:36685, f26e10ed-fb17-49e6-a903-eadc130d13d1:192.168.157.220:32806], old=null
2019-10-30 11:53:00,555 [f26e10ed-fb17-49e6-a903-eadc130d13d1@group-83984122B78E-LeaderElection405] INFO  impl.LeaderElection (LogUtils.java:infoOrTrace(149)) -   Exception 0: {}
java.util.concurrent.ExecutionException: org.apache.ratis.thirdparty.io.grpc.StatusRuntimeException: UNAVAILABLE: io exception
	at java.util.concurrent.FutureTask.report(FutureTask.java:122)
	at java.util.concurrent.FutureTask.get(FutureTask.java:192)
	at org.apache.ratis.server.impl.LeaderElection.waitForResults(LeaderElection.java:259)
	at org.apache.ratis.server.impl.LeaderElection.askForVotes(LeaderElection.java:197)
	at org.apache.ratis.server.impl.LeaderElection.run(LeaderElection.java:133)
	at java.lang.Thread.run(Thread.java:748)
Caused by: org.apache.ratis.thirdparty.io.grpc.StatusRuntimeException: UNAVAILABLE: io exception
	at org.apache.ratis.thirdparty.io.grpc.stub.ClientCalls.toStatusRuntimeException(ClientCalls.java:233)
	at org.apache.ratis.thirdparty.io.grpc.stub.ClientCalls.getUnchecked(ClientCalls.java:214)
	at org.apache.ratis.thirdparty.io.grpc.stub.ClientCalls.blockingUnaryCall(ClientCalls.java:139)
	at org.apache.ratis.proto.grpc.RaftServerProtocolServiceGrpc$RaftServerProtocolServiceBlockingStub.requestVote(RaftServerProtocolServiceGrpc.java:265)
	at org.apache.ratis.grpc.server.GrpcServerProtocolClient.requestVote(GrpcServerProtocolClient.java:99)
	at org.apache.ratis.grpc.server.GrpcService.requestVote(GrpcService.java:204)
	at org.apache.ratis.server.impl.LeaderElection.lambda$submitRequests$1(LeaderElection.java:234)
	at java.util.concurrent.FutureTask.run(FutureTask.java:266)
	at java.util.concurrent.Executors$RunnableAdapter.call(Executors.java:511)
	at java.util.concurrent.FutureTask.run(FutureTask.java:266)
	at java.util.concurrent.ThreadPoolExecutor.runWorker(ThreadPoolExecutor.java:1149)
	at java.util.concurrent.ThreadPoolExecutor$Worker.run(ThreadPoolExecutor.java:624)
	... 1 more
Caused by: org.apache.ratis.thirdparty.io.netty.channel.AbstractChannel$AnnotatedConnectException: Connection refused: /192.168.157.220:38181
	at sun.nio.ch.SocketChannelImpl.checkConnect(Native Method)
	at sun.nio.ch.SocketChannelImpl.finishConnect(SocketChannelImpl.java:717)
	at org.apache.ratis.thirdparty.io.netty.channel.socket.nio.NioSocketChannel.doFinishConnect(NioSocketChannel.java:327)
	at org.apache.ratis.thirdparty.io.netty.channel.nio.AbstractNioChannel$AbstractNioUnsafe.finishConnect(AbstractNioChannel.java:340)
	at org.apache.ratis.thirdparty.io.netty.channel.nio.NioEventLoop.processSelectedKey(NioEventLoop.java:632)
	at org.apache.ratis.thirdparty.io.netty.channel.nio.NioEventLoop.processSelectedKeysOptimized(NioEventLoop.java:579)
	at org.apache.ratis.thirdparty.io.netty.channel.nio.NioEventLoop.processSelectedKeys(NioEventLoop.java:496)
	at org.apache.ratis.thirdparty.io.netty.channel.nio.NioEventLoop.run(NioEventLoop.java:458)
	at org.apache.ratis.thirdparty.io.netty.util.concurrent.SingleThreadEventExecutor$5.run(SingleThreadEventExecutor.java:897)
	at org.apache.ratis.thirdparty.io.netty.util.concurrent.FastThreadLocalRunnable.run(FastThreadLocalRunnable.java:30)
	... 1 more
Caused by: java.net.ConnectException: Connection refused
	... 11 more
2019-10-30 11:53:00,555 [f26e10ed-fb17-49e6-a903-eadc130d13d1@group-83984122B78E-LeaderElection405] INFO  impl.RaftServerImpl (RaftServerImpl.java:setRole(184)) - f26e10ed-fb17-49e6-a903-eadc130d13d1@group-83984122B78E: changes role from CANDIDATE to FOLLOWER at term 222 for DISCOVERED_A_NEW_TERM
2019-10-30 11:53:00,555 [f26e10ed-fb17-49e6-a903-eadc130d13d1@group-83984122B78E-LeaderElection405] INFO  impl.RoleInfo (RoleInfo.java:shutdownLeaderElection(134)) - f26e10ed-fb17-49e6-a903-eadc130d13d1: shutdown LeaderElection
2019-10-30 11:53:00,555 [f26e10ed-fb17-49e6-a903-eadc130d13d1@group-83984122B78E-LeaderElection405] INFO  impl.RoleInfo (RoleInfo.java:updateAndGet(143)) - f26e10ed-fb17-49e6-a903-eadc130d13d1: start FollowerState
2019-10-30 11:53:00,561 [Thread-3091] INFO  impl.FollowerState (FollowerState.java:run(108)) - 9dbd5372-55c2-4532-b354-9494d3d545d2@group-F367C8FA5986-FollowerState: change to CANDIDATE, lastRpcTime:97ms, electionTimeout:97ms
2019-10-30 11:53:00,562 [Thread-3091] INFO  impl.RoleInfo (RoleInfo.java:shutdownFollowerState(121)) - 9dbd5372-55c2-4532-b354-9494d3d545d2: shutdown FollowerState
2019-10-30 11:53:00,562 [Thread-3091] INFO  impl.RaftServerImpl (RaftServerImpl.java:setRole(184)) - 9dbd5372-55c2-4532-b354-9494d3d545d2@group-F367C8FA5986: changes role from  FOLLOWER to CANDIDATE at term 211 for changeToCandidate
2019-10-30 11:53:00,562 [Thread-3091] INFO  impl.RoleInfo (RoleInfo.java:updateAndGet(143)) - 9dbd5372-55c2-4532-b354-9494d3d545d2: start LeaderElection
2019-10-30 11:53:00,566 [9dbd5372-55c2-4532-b354-9494d3d545d2@group-F367C8FA5986-LeaderElection406] INFO  impl.LeaderElection (LeaderElection.java:askForVotes(178)) - 9dbd5372-55c2-4532-b354-9494d3d545d2@group-F367C8FA5986-LeaderElection406: begin an election at term 212 for -1: [9b3ef6c9-0245-4756-bf80-45d41f7a4453:192.168.157.220:37058, cd11b2f5-3187-4d03-bd60-931991550c17:192.168.157.220:43236, 9dbd5372-55c2-4532-b354-9494d3d545d2:192.168.157.220:42993], old=null
2019-10-30 11:53:00,571 [9dbd5372-55c2-4532-b354-9494d3d545d2@group-F367C8FA5986-LeaderElection406] INFO  impl.LeaderElection (LogUtils.java:infoOrTrace(149)) - 9dbd5372-55c2-4532-b354-9494d3d545d2@group-F367C8FA5986-LeaderElection406 got exception when requesting votes: {}
java.util.concurrent.ExecutionException: org.apache.ratis.thirdparty.io.grpc.StatusRuntimeException: UNAVAILABLE: io exception
	at java.util.concurrent.FutureTask.report(FutureTask.java:122)
	at java.util.concurrent.FutureTask.get(FutureTask.java:192)
	at org.apache.ratis.server.impl.LeaderElection.waitForResults(LeaderElection.java:259)
	at org.apache.ratis.server.impl.LeaderElection.askForVotes(LeaderElection.java:197)
	at org.apache.ratis.server.impl.LeaderElection.run(LeaderElection.java:133)
	at java.lang.Thread.run(Thread.java:748)
Caused by: org.apache.ratis.thirdparty.io.grpc.StatusRuntimeException: UNAVAILABLE: io exception
	at org.apache.ratis.thirdparty.io.grpc.stub.ClientCalls.toStatusRuntimeException(ClientCalls.java:233)
	at org.apache.ratis.thirdparty.io.grpc.stub.ClientCalls.getUnchecked(ClientCalls.java:214)
	at org.apache.ratis.thirdparty.io.grpc.stub.ClientCalls.blockingUnaryCall(ClientCalls.java:139)
	at org.apache.ratis.proto.grpc.RaftServerProtocolServiceGrpc$RaftServerProtocolServiceBlockingStub.requestVote(RaftServerProtocolServiceGrpc.java:265)
	at org.apache.ratis.grpc.server.GrpcServerProtocolClient.requestVote(GrpcServerProtocolClient.java:99)
	at org.apache.ratis.grpc.server.GrpcService.requestVote(GrpcService.java:204)
	at org.apache.ratis.server.impl.LeaderElection.lambda$submitRequests$1(LeaderElection.java:234)
	at java.util.concurrent.FutureTask.run(FutureTask.java:266)
	at java.util.concurrent.Executors$RunnableAdapter.call(Executors.java:511)
	at java.util.concurrent.FutureTask.run(FutureTask.java:266)
	at java.util.concurrent.ThreadPoolExecutor.runWorker(ThreadPoolExecutor.java:1149)
	at java.util.concurrent.ThreadPoolExecutor$Worker.run(ThreadPoolExecutor.java:624)
	... 1 more
Caused by: org.apache.ratis.thirdparty.io.netty.channel.AbstractChannel$AnnotatedConnectException: Connection refused: /192.168.157.220:43236
	at sun.nio.ch.SocketChannelImpl.checkConnect(Native Method)
	at sun.nio.ch.SocketChannelImpl.finishConnect(SocketChannelImpl.java:717)
	at org.apache.ratis.thirdparty.io.netty.channel.socket.nio.NioSocketChannel.doFinishConnect(NioSocketChannel.java:327)
	at org.apache.ratis.thirdparty.io.netty.channel.nio.AbstractNioChannel$AbstractNioUnsafe.finishConnect(AbstractNioChannel.java:340)
	at org.apache.ratis.thirdparty.io.netty.channel.nio.NioEventLoop.processSelectedKey(NioEventLoop.java:632)
	at org.apache.ratis.thirdparty.io.netty.channel.nio.NioEventLoop.processSelectedKeysOptimized(NioEventLoop.java:579)
	at org.apache.ratis.thirdparty.io.netty.channel.nio.NioEventLoop.processSelectedKeys(NioEventLoop.java:496)
	at org.apache.ratis.thirdparty.io.netty.channel.nio.NioEventLoop.run(NioEventLoop.java:458)
	at org.apache.ratis.thirdparty.io.netty.util.concurrent.SingleThreadEventExecutor$5.run(SingleThreadEventExecutor.java:897)
	at org.apache.ratis.thirdparty.io.netty.util.concurrent.FastThreadLocalRunnable.run(FastThreadLocalRunnable.java:30)
	... 1 more
Caused by: java.net.ConnectException: Connection refused
	... 11 more
2019-10-30 11:53:00,573 [grpc-default-executor-8] INFO  impl.RaftServerImpl (RaftServerImpl.java:setRole(184)) - 9b3ef6c9-0245-4756-bf80-45d41f7a4453@group-F367C8FA5986: changes role from  FOLLOWER to FOLLOWER at term 212 for recognizeCandidate:9dbd5372-55c2-4532-b354-9494d3d545d2
2019-10-30 11:53:00,573 [grpc-default-executor-8] INFO  impl.RoleInfo (RoleInfo.java:shutdownFollowerState(121)) - 9b3ef6c9-0245-4756-bf80-45d41f7a4453: shutdown FollowerState
2019-10-30 11:53:00,573 [grpc-default-executor-8] INFO  impl.RoleInfo (RoleInfo.java:updateAndGet(143)) - 9b3ef6c9-0245-4756-bf80-45d41f7a4453: start FollowerState
2019-10-30 11:53:00,573 [Thread-3089] INFO  impl.FollowerState (FollowerState.java:run(117)) - 9b3ef6c9-0245-4756-bf80-45d41f7a4453@group-F367C8FA5986-FollowerState was interrupted: java.lang.InterruptedException: sleep interrupted
2019-10-30 11:53:00,584 [9dbd5372-55c2-4532-b354-9494d3d545d2@group-F367C8FA5986-LeaderElection406] INFO  impl.LeaderElection (LeaderElection.java:logAndReturn(56)) - 9dbd5372-55c2-4532-b354-9494d3d545d2@group-F367C8FA5986-LeaderElection406: Election REJECTED; received 1 response(s) [9dbd5372-55c2-4532-b354-9494d3d545d2<-9b3ef6c9-0245-4756-bf80-45d41f7a4453#0:FAIL-t212] and 1 exception(s); 9dbd5372-55c2-4532-b354-9494d3d545d2@group-F367C8FA5986:t212, leader=null, voted=9dbd5372-55c2-4532-b354-9494d3d545d2, raftlog=9dbd5372-55c2-4532-b354-9494d3d545d2@group-F367C8FA5986-SegmentedRaftLog:OPENED:c-1,f-1,i0, conf=-1: [9b3ef6c9-0245-4756-bf80-45d41f7a4453:192.168.157.220:37058, cd11b2f5-3187-4d03-bd60-931991550c17:192.168.157.220:43236, 9dbd5372-55c2-4532-b354-9494d3d545d2:192.168.157.220:42993], old=null
2019-10-30 11:53:00,584 [9dbd5372-55c2-4532-b354-9494d3d545d2@group-F367C8FA5986-LeaderElection406] INFO  impl.LeaderElection (LogUtils.java:infoOrTrace(149)) -   Exception 0: {}
java.util.concurrent.ExecutionException: org.apache.ratis.thirdparty.io.grpc.StatusRuntimeException: UNAVAILABLE: io exception
	at java.util.concurrent.FutureTask.report(FutureTask.java:122)
	at java.util.concurrent.FutureTask.get(FutureTask.java:192)
	at org.apache.ratis.server.impl.LeaderElection.waitForResults(LeaderElection.java:259)
	at org.apache.ratis.server.impl.LeaderElection.askForVotes(LeaderElection.java:197)
	at org.apache.ratis.server.impl.LeaderElection.run(LeaderElection.java:133)
	at java.lang.Thread.run(Thread.java:748)
Caused by: org.apache.ratis.thirdparty.io.grpc.StatusRuntimeException: UNAVAILABLE: io exception
	at org.apache.ratis.thirdparty.io.grpc.stub.ClientCalls.toStatusRuntimeException(ClientCalls.java:233)
	at org.apache.ratis.thirdparty.io.grpc.stub.ClientCalls.getUnchecked(ClientCalls.java:214)
	at org.apache.ratis.thirdparty.io.grpc.stub.ClientCalls.blockingUnaryCall(ClientCalls.java:139)
	at org.apache.ratis.proto.grpc.RaftServerProtocolServiceGrpc$RaftServerProtocolServiceBlockingStub.requestVote(RaftServerProtocolServiceGrpc.java:265)
	at org.apache.ratis.grpc.server.GrpcServerProtocolClient.requestVote(GrpcServerProtocolClient.java:99)
	at org.apache.ratis.grpc.server.GrpcService.requestVote(GrpcService.java:204)
	at org.apache.ratis.server.impl.LeaderElection.lambda$submitRequests$1(LeaderElection.java:234)
	at java.util.concurrent.FutureTask.run(FutureTask.java:266)
	at java.util.concurrent.Executors$RunnableAdapter.call(Executors.java:511)
	at java.util.concurrent.FutureTask.run(FutureTask.java:266)
	at java.util.concurrent.ThreadPoolExecutor.runWorker(ThreadPoolExecutor.java:1149)
	at java.util.concurrent.ThreadPoolExecutor$Worker.run(ThreadPoolExecutor.java:624)
	... 1 more
Caused by: org.apache.ratis.thirdparty.io.netty.channel.AbstractChannel$AnnotatedConnectException: Connection refused: /192.168.157.220:43236
	at sun.nio.ch.SocketChannelImpl.checkConnect(Native Method)
	at sun.nio.ch.SocketChannelImpl.finishConnect(SocketChannelImpl.java:717)
	at org.apache.ratis.thirdparty.io.netty.channel.socket.nio.NioSocketChannel.doFinishConnect(NioSocketChannel.java:327)
	at org.apache.ratis.thirdparty.io.netty.channel.nio.AbstractNioChannel$AbstractNioUnsafe.finishConnect(AbstractNioChannel.java:340)
	at org.apache.ratis.thirdparty.io.netty.channel.nio.NioEventLoop.processSelectedKey(NioEventLoop.java:632)
	at org.apache.ratis.thirdparty.io.netty.channel.nio.NioEventLoop.processSelectedKeysOptimized(NioEventLoop.java:579)
	at org.apache.ratis.thirdparty.io.netty.channel.nio.NioEventLoop.processSelectedKeys(NioEventLoop.java:496)
	at org.apache.ratis.thirdparty.io.netty.channel.nio.NioEventLoop.run(NioEventLoop.java:458)
	at org.apache.ratis.thirdparty.io.netty.util.concurrent.SingleThreadEventExecutor$5.run(SingleThreadEventExecutor.java:897)
	at org.apache.ratis.thirdparty.io.netty.util.concurrent.FastThreadLocalRunnable.run(FastThreadLocalRunnable.java:30)
	... 1 more
Caused by: java.net.ConnectException: Connection refused
	... 11 more
2019-10-30 11:53:00,584 [9dbd5372-55c2-4532-b354-9494d3d545d2@group-F367C8FA5986-LeaderElection406] INFO  impl.RaftServerImpl (RaftServerImpl.java:setRole(184)) - 9dbd5372-55c2-4532-b354-9494d3d545d2@group-F367C8FA5986: changes role from CANDIDATE to FOLLOWER at term 212 for DISCOVERED_A_NEW_TERM
2019-10-30 11:53:00,585 [9dbd5372-55c2-4532-b354-9494d3d545d2@group-F367C8FA5986-LeaderElection406] INFO  impl.RoleInfo (RoleInfo.java:shutdownLeaderElection(134)) - 9dbd5372-55c2-4532-b354-9494d3d545d2: shutdown LeaderElection
2019-10-30 11:53:00,585 [9dbd5372-55c2-4532-b354-9494d3d545d2@group-F367C8FA5986-LeaderElection406] INFO  impl.RoleInfo (RoleInfo.java:updateAndGet(143)) - 9dbd5372-55c2-4532-b354-9494d3d545d2: start FollowerState
2019-10-30 11:53:00,680 [Thread-3102] INFO  impl.FollowerState (FollowerState.java:run(108)) - 9dbd5372-55c2-4532-b354-9494d3d545d2@group-F367C8FA5986-FollowerState: change to CANDIDATE, lastRpcTime:95ms, electionTimeout:91ms
2019-10-30 11:53:00,680 [Thread-3102] INFO  impl.RoleInfo (RoleInfo.java:shutdownFollowerState(121)) - 9dbd5372-55c2-4532-b354-9494d3d545d2: shutdown FollowerState
2019-10-30 11:53:00,680 [Thread-3102] INFO  impl.RaftServerImpl (RaftServerImpl.java:setRole(184)) - 9dbd5372-55c2-4532-b354-9494d3d545d2@group-F367C8FA5986: changes role from  FOLLOWER to CANDIDATE at term 212 for changeToCandidate
2019-10-30 11:53:00,680 [Thread-3102] INFO  impl.RoleInfo (RoleInfo.java:updateAndGet(143)) - 9dbd5372-55c2-4532-b354-9494d3d545d2: start LeaderElection
2019-10-30 11:53:00,702 [9dbd5372-55c2-4532-b354-9494d3d545d2@group-F367C8FA5986-LeaderElection407] INFO  impl.LeaderElection (LeaderElection.java:askForVotes(178)) - 9dbd5372-55c2-4532-b354-9494d3d545d2@group-F367C8FA5986-LeaderElection407: begin an election at term 213 for -1: [9b3ef6c9-0245-4756-bf80-45d41f7a4453:192.168.157.220:37058, cd11b2f5-3187-4d03-bd60-931991550c17:192.168.157.220:43236, 9dbd5372-55c2-4532-b354-9494d3d545d2:192.168.157.220:42993], old=null
2019-10-30 11:53:00,703 [9dbd5372-55c2-4532-b354-9494d3d545d2@group-F367C8FA5986-LeaderElection407] INFO  impl.LeaderElection (LogUtils.java:infoOrTrace(149)) - 9dbd5372-55c2-4532-b354-9494d3d545d2@group-F367C8FA5986-LeaderElection407 got exception when requesting votes: {}
java.util.concurrent.ExecutionException: org.apache.ratis.thirdparty.io.grpc.StatusRuntimeException: UNAVAILABLE: io exception
	at java.util.concurrent.FutureTask.report(FutureTask.java:122)
	at java.util.concurrent.FutureTask.get(FutureTask.java:192)
	at org.apache.ratis.server.impl.LeaderElection.waitForResults(LeaderElection.java:259)
	at org.apache.ratis.server.impl.LeaderElection.askForVotes(LeaderElection.java:197)
	at org.apache.ratis.server.impl.LeaderElection.run(LeaderElection.java:133)
	at java.lang.Thread.run(Thread.java:748)
Caused by: org.apache.ratis.thirdparty.io.grpc.StatusRuntimeException: UNAVAILABLE: io exception
	at org.apache.ratis.thirdparty.io.grpc.stub.ClientCalls.toStatusRuntimeException(ClientCalls.java:233)
	at org.apache.ratis.thirdparty.io.grpc.stub.ClientCalls.getUnchecked(ClientCalls.java:214)
	at org.apache.ratis.thirdparty.io.grpc.stub.ClientCalls.blockingUnaryCall(ClientCalls.java:139)
	at org.apache.ratis.proto.grpc.RaftServerProtocolServiceGrpc$RaftServerProtocolServiceBlockingStub.requestVote(RaftServerProtocolServiceGrpc.java:265)
	at org.apache.ratis.grpc.server.GrpcServerProtocolClient.requestVote(GrpcServerProtocolClient.java:99)
	at org.apache.ratis.grpc.server.GrpcService.requestVote(GrpcService.java:204)
	at org.apache.ratis.server.impl.LeaderElection.lambda$submitRequests$1(LeaderElection.java:234)
	at java.util.concurrent.FutureTask.run(FutureTask.java:266)
	at java.util.concurrent.Executors$RunnableAdapter.call(Executors.java:511)
	at java.util.concurrent.FutureTask.run(FutureTask.java:266)
	at java.util.concurrent.ThreadPoolExecutor.runWorker(ThreadPoolExecutor.java:1149)
	at java.util.concurrent.ThreadPoolExecutor$Worker.run(ThreadPoolExecutor.java:624)
	... 1 more
Caused by: org.apache.ratis.thirdparty.io.netty.channel.AbstractChannel$AnnotatedConnectException: Connection refused: /192.168.157.220:43236
	at sun.nio.ch.SocketChannelImpl.checkConnect(Native Method)
	at sun.nio.ch.SocketChannelImpl.finishConnect(SocketChannelImpl.java:717)
	at org.apache.ratis.thirdparty.io.netty.channel.socket.nio.NioSocketChannel.doFinishConnect(NioSocketChannel.java:327)
	at org.apache.ratis.thirdparty.io.netty.channel.nio.AbstractNioChannel$AbstractNioUnsafe.finishConnect(AbstractNioChannel.java:340)
	at org.apache.ratis.thirdparty.io.netty.channel.nio.NioEventLoop.processSelectedKey(NioEventLoop.java:632)
	at org.apache.ratis.thirdparty.io.netty.channel.nio.NioEventLoop.processSelectedKeysOptimized(NioEventLoop.java:579)
	at org.apache.ratis.thirdparty.io.netty.channel.nio.NioEventLoop.processSelectedKeys(NioEventLoop.java:496)
	at org.apache.ratis.thirdparty.io.netty.channel.nio.NioEventLoop.run(NioEventLoop.java:458)
	at org.apache.ratis.thirdparty.io.netty.util.concurrent.SingleThreadEventExecutor$5.run(SingleThreadEventExecutor.java:897)
	at org.apache.ratis.thirdparty.io.netty.util.concurrent.FastThreadLocalRunnable.run(FastThreadLocalRunnable.java:30)
	... 1 more
Caused by: java.net.ConnectException: Connection refused
	... 11 more
2019-10-30 11:53:00,705 [grpc-default-executor-8] INFO  impl.RaftServerImpl (RaftServerImpl.java:setRole(184)) - 9b3ef6c9-0245-4756-bf80-45d41f7a4453@group-F367C8FA5986: changes role from  FOLLOWER to FOLLOWER at term 213 for recognizeCandidate:9dbd5372-55c2-4532-b354-9494d3d545d2
2019-10-30 11:53:00,705 [grpc-default-executor-8] INFO  impl.RoleInfo (RoleInfo.java:shutdownFollowerState(121)) - 9b3ef6c9-0245-4756-bf80-45d41f7a4453: shutdown FollowerState
2019-10-30 11:53:00,705 [grpc-default-executor-8] INFO  impl.RoleInfo (RoleInfo.java:updateAndGet(143)) - 9b3ef6c9-0245-4756-bf80-45d41f7a4453: start FollowerState
2019-10-30 11:53:00,705 [Thread-3101] INFO  impl.FollowerState (FollowerState.java:run(117)) - 9b3ef6c9-0245-4756-bf80-45d41f7a4453@group-F367C8FA5986-FollowerState was interrupted: java.lang.InterruptedException: sleep interrupted
2019-10-30 11:53:00,731 [9dbd5372-55c2-4532-b354-9494d3d545d2@group-F367C8FA5986-LeaderElection407] INFO  impl.LeaderElection (LeaderElection.java:logAndReturn(56)) - 9dbd5372-55c2-4532-b354-9494d3d545d2@group-F367C8FA5986-LeaderElection407: Election REJECTED; received 1 response(s) [9dbd5372-55c2-4532-b354-9494d3d545d2<-9b3ef6c9-0245-4756-bf80-45d41f7a4453#0:FAIL-t213] and 1 exception(s); 9dbd5372-55c2-4532-b354-9494d3d545d2@group-F367C8FA5986:t213, leader=null, voted=9dbd5372-55c2-4532-b354-9494d3d545d2, raftlog=9dbd5372-55c2-4532-b354-9494d3d545d2@group-F367C8FA5986-SegmentedRaftLog:OPENED:c-1,f-1,i0, conf=-1: [9b3ef6c9-0245-4756-bf80-45d41f7a4453:192.168.157.220:37058, cd11b2f5-3187-4d03-bd60-931991550c17:192.168.157.220:43236, 9dbd5372-55c2-4532-b354-9494d3d545d2:192.168.157.220:42993], old=null
2019-10-30 11:53:00,731 [9dbd5372-55c2-4532-b354-9494d3d545d2@group-F367C8FA5986-LeaderElection407] INFO  impl.LeaderElection (LogUtils.java:infoOrTrace(149)) -   Exception 0: {}
java.util.concurrent.ExecutionException: org.apache.ratis.thirdparty.io.grpc.StatusRuntimeException: UNAVAILABLE: io exception
	at java.util.concurrent.FutureTask.report(FutureTask.java:122)
	at java.util.concurrent.FutureTask.get(FutureTask.java:192)
	at org.apache.ratis.server.impl.LeaderElection.waitForResults(LeaderElection.java:259)
	at org.apache.ratis.server.impl.LeaderElection.askForVotes(LeaderElection.java:197)
	at org.apache.ratis.server.impl.LeaderElection.run(LeaderElection.java:133)
	at java.lang.Thread.run(Thread.java:748)
Caused by: org.apache.ratis.thirdparty.io.grpc.StatusRuntimeException: UNAVAILABLE: io exception
	at org.apache.ratis.thirdparty.io.grpc.stub.ClientCalls.toStatusRuntimeException(ClientCalls.java:233)
	at org.apache.ratis.thirdparty.io.grpc.stub.ClientCalls.getUnchecked(ClientCalls.java:214)
	at org.apache.ratis.thirdparty.io.grpc.stub.ClientCalls.blockingUnaryCall(ClientCalls.java:139)
	at org.apache.ratis.proto.grpc.RaftServerProtocolServiceGrpc$RaftServerProtocolServiceBlockingStub.requestVote(RaftServerProtocolServiceGrpc.java:265)
	at org.apache.ratis.grpc.server.GrpcServerProtocolClient.requestVote(GrpcServerProtocolClient.java:99)
	at org.apache.ratis.grpc.server.GrpcService.requestVote(GrpcService.java:204)
	at org.apache.ratis.server.impl.LeaderElection.lambda$submitRequests$1(LeaderElection.java:234)
	at java.util.concurrent.FutureTask.run(FutureTask.java:266)
	at java.util.concurrent.Executors$RunnableAdapter.call(Executors.java:511)
	at java.util.concurrent.FutureTask.run(FutureTask.java:266)
	at java.util.concurrent.ThreadPoolExecutor.runWorker(ThreadPoolExecutor.java:1149)
	at java.util.concurrent.ThreadPoolExecutor$Worker.run(ThreadPoolExecutor.java:624)
	... 1 more
Caused by: org.apache.ratis.thirdparty.io.netty.channel.AbstractChannel$AnnotatedConnectException: Connection refused: /192.168.157.220:43236
	at sun.nio.ch.SocketChannelImpl.checkConnect(Native Method)
	at sun.nio.ch.SocketChannelImpl.finishConnect(SocketChannelImpl.java:717)
	at org.apache.ratis.thirdparty.io.netty.channel.socket.nio.NioSocketChannel.doFinishConnect(NioSocketChannel.java:327)
	at org.apache.ratis.thirdparty.io.netty.channel.nio.AbstractNioChannel$AbstractNioUnsafe.finishConnect(AbstractNioChannel.java:340)
	at org.apache.ratis.thirdparty.io.netty.channel.nio.NioEventLoop.processSelectedKey(NioEventLoop.java:632)
	at org.apache.ratis.thirdparty.io.netty.channel.nio.NioEventLoop.processSelectedKeysOptimized(NioEventLoop.java:579)
	at org.apache.ratis.thirdparty.io.netty.channel.nio.NioEventLoop.processSelectedKeys(NioEventLoop.java:496)
	at org.apache.ratis.thirdparty.io.netty.channel.nio.NioEventLoop.run(NioEventLoop.java:458)
	at org.apache.ratis.thirdparty.io.netty.util.concurrent.SingleThreadEventExecutor$5.run(SingleThreadEventExecutor.java:897)
	at org.apache.ratis.thirdparty.io.netty.util.concurrent.FastThreadLocalRunnable.run(FastThreadLocalRunnable.java:30)
	... 1 more
Caused by: java.net.ConnectException: Connection refused
	... 11 more
2019-10-30 11:53:00,732 [9dbd5372-55c2-4532-b354-9494d3d545d2@group-F367C8FA5986-LeaderElection407] INFO  impl.RaftServerImpl (RaftServerImpl.java:setRole(184)) - 9dbd5372-55c2-4532-b354-9494d3d545d2@group-F367C8FA5986: changes role from CANDIDATE to FOLLOWER at term 213 for DISCOVERED_A_NEW_TERM
2019-10-30 11:53:00,732 [9dbd5372-55c2-4532-b354-9494d3d545d2@group-F367C8FA5986-LeaderElection407] INFO  impl.RoleInfo (RoleInfo.java:shutdownLeaderElection(134)) - 9dbd5372-55c2-4532-b354-9494d3d545d2: shutdown LeaderElection
2019-10-30 11:53:00,732 [9dbd5372-55c2-4532-b354-9494d3d545d2@group-F367C8FA5986-LeaderElection407] INFO  impl.RoleInfo (RoleInfo.java:updateAndGet(143)) - 9dbd5372-55c2-4532-b354-9494d3d545d2: start FollowerState
2019-10-30 11:53:00,735 [Thread-3097] INFO  impl.FollowerState (FollowerState.java:run(108)) - f26e10ed-fb17-49e6-a903-eadc130d13d1@group-83984122B78E-FollowerState: change to CANDIDATE, lastRpcTime:179ms, electionTimeout:179ms
2019-10-30 11:53:00,735 [Thread-3097] INFO  impl.RoleInfo (RoleInfo.java:shutdownFollowerState(121)) - f26e10ed-fb17-49e6-a903-eadc130d13d1: shutdown FollowerState
2019-10-30 11:53:00,735 [Thread-3097] INFO  impl.RaftServerImpl (RaftServerImpl.java:setRole(184)) - f26e10ed-fb17-49e6-a903-eadc130d13d1@group-83984122B78E: changes role from  FOLLOWER to CANDIDATE at term 222 for changeToCandidate
2019-10-30 11:53:00,735 [Thread-3097] INFO  impl.RoleInfo (RoleInfo.java:updateAndGet(143)) - f26e10ed-fb17-49e6-a903-eadc130d13d1: start LeaderElection
2019-10-30 11:53:00,752 [f26e10ed-fb17-49e6-a903-eadc130d13d1@group-83984122B78E-LeaderElection408] INFO  impl.LeaderElection (LeaderElection.java:askForVotes(178)) - f26e10ed-fb17-49e6-a903-eadc130d13d1@group-83984122B78E-LeaderElection408: begin an election at term 223 for -1: [4f16e274-8663-4a15-9c4c-c81f650ab979:192.168.157.220:38181, 4cc44201-a597-43af-a4ec-5b1b407a6250:192.168.157.220:36685, f26e10ed-fb17-49e6-a903-eadc130d13d1:192.168.157.220:32806], old=null
2019-10-30 11:53:00,752 [f26e10ed-fb17-49e6-a903-eadc130d13d1@group-83984122B78E-LeaderElection408] INFO  impl.LeaderElection (LogUtils.java:infoOrTrace(149)) - f26e10ed-fb17-49e6-a903-eadc130d13d1@group-83984122B78E-LeaderElection408 got exception when requesting votes: {}
java.util.concurrent.ExecutionException: org.apache.ratis.thirdparty.io.grpc.StatusRuntimeException: UNAVAILABLE: io exception
	at java.util.concurrent.FutureTask.report(FutureTask.java:122)
	at java.util.concurrent.FutureTask.get(FutureTask.java:192)
	at org.apache.ratis.server.impl.LeaderElection.waitForResults(LeaderElection.java:259)
	at org.apache.ratis.server.impl.LeaderElection.askForVotes(LeaderElection.java:197)
	at org.apache.ratis.server.impl.LeaderElection.run(LeaderElection.java:133)
	at java.lang.Thread.run(Thread.java:748)
Caused by: org.apache.ratis.thirdparty.io.grpc.StatusRuntimeException: UNAVAILABLE: io exception
	at org.apache.ratis.thirdparty.io.grpc.stub.ClientCalls.toStatusRuntimeException(ClientCalls.java:233)
	at org.apache.ratis.thirdparty.io.grpc.stub.ClientCalls.getUnchecked(ClientCalls.java:214)
	at org.apache.ratis.thirdparty.io.grpc.stub.ClientCalls.blockingUnaryCall(ClientCalls.java:139)
	at org.apache.ratis.proto.grpc.RaftServerProtocolServiceGrpc$RaftServerProtocolServiceBlockingStub.requestVote(RaftServerProtocolServiceGrpc.java:265)
	at org.apache.ratis.grpc.server.GrpcServerProtocolClient.requestVote(GrpcServerProtocolClient.java:99)
	at org.apache.ratis.grpc.server.GrpcService.requestVote(GrpcService.java:204)
	at org.apache.ratis.server.impl.LeaderElection.lambda$submitRequests$1(LeaderElection.java:234)
	at java.util.concurrent.FutureTask.run(FutureTask.java:266)
	at java.util.concurrent.Executors$RunnableAdapter.call(Executors.java:511)
	at java.util.concurrent.FutureTask.run(FutureTask.java:266)
	at java.util.concurrent.ThreadPoolExecutor.runWorker(ThreadPoolExecutor.java:1149)
	at java.util.concurrent.ThreadPoolExecutor$Worker.run(ThreadPoolExecutor.java:624)
	... 1 more
Caused by: org.apache.ratis.thirdparty.io.netty.channel.AbstractChannel$AnnotatedConnectException: Connection refused: /192.168.157.220:38181
	at sun.nio.ch.SocketChannelImpl.checkConnect(Native Method)
	at sun.nio.ch.SocketChannelImpl.finishConnect(SocketChannelImpl.java:717)
	at org.apache.ratis.thirdparty.io.netty.channel.socket.nio.NioSocketChannel.doFinishConnect(NioSocketChannel.java:327)
	at org.apache.ratis.thirdparty.io.netty.channel.nio.AbstractNioChannel$AbstractNioUnsafe.finishConnect(AbstractNioChannel.java:340)
	at org.apache.ratis.thirdparty.io.netty.channel.nio.NioEventLoop.processSelectedKey(NioEventLoop.java:632)
	at org.apache.ratis.thirdparty.io.netty.channel.nio.NioEventLoop.processSelectedKeysOptimized(NioEventLoop.java:579)
	at org.apache.ratis.thirdparty.io.netty.channel.nio.NioEventLoop.processSelectedKeys(NioEventLoop.java:496)
	at org.apache.ratis.thirdparty.io.netty.channel.nio.NioEventLoop.run(NioEventLoop.java:458)
	at org.apache.ratis.thirdparty.io.netty.util.concurrent.SingleThreadEventExecutor$5.run(SingleThreadEventExecutor.java:897)
	at org.apache.ratis.thirdparty.io.netty.util.concurrent.FastThreadLocalRunnable.run(FastThreadLocalRunnable.java:30)
	... 1 more
Caused by: java.net.ConnectException: Connection refused
	... 11 more
2019-10-30 11:53:00,753 [grpc-default-executor-8] INFO  impl.RaftServerImpl (RaftServerImpl.java:setRole(184)) - 4cc44201-a597-43af-a4ec-5b1b407a6250@group-83984122B78E: changes role from  FOLLOWER to FOLLOWER at term 223 for recognizeCandidate:f26e10ed-fb17-49e6-a903-eadc130d13d1
2019-10-30 11:53:00,753 [grpc-default-executor-8] INFO  impl.RoleInfo (RoleInfo.java:shutdownFollowerState(121)) - 4cc44201-a597-43af-a4ec-5b1b407a6250: shutdown FollowerState
2019-10-30 11:53:00,753 [Thread-3096] INFO  impl.FollowerState (FollowerState.java:run(117)) - 4cc44201-a597-43af-a4ec-5b1b407a6250@group-83984122B78E-FollowerState was interrupted: java.lang.InterruptedException: sleep interrupted
2019-10-30 11:53:00,753 [grpc-default-executor-8] INFO  impl.RoleInfo (RoleInfo.java:updateAndGet(143)) - 4cc44201-a597-43af-a4ec-5b1b407a6250: start FollowerState
2019-10-30 11:53:00,766 [f26e10ed-fb17-49e6-a903-eadc130d13d1@group-83984122B78E-LeaderElection408] INFO  impl.LeaderElection (LeaderElection.java:logAndReturn(56)) - f26e10ed-fb17-49e6-a903-eadc130d13d1@group-83984122B78E-LeaderElection408: Election REJECTED; received 1 response(s) [f26e10ed-fb17-49e6-a903-eadc130d13d1<-4cc44201-a597-43af-a4ec-5b1b407a6250#0:FAIL-t223] and 1 exception(s); f26e10ed-fb17-49e6-a903-eadc130d13d1@group-83984122B78E:t223, leader=null, voted=f26e10ed-fb17-49e6-a903-eadc130d13d1, raftlog=f26e10ed-fb17-49e6-a903-eadc130d13d1@group-83984122B78E-SegmentedRaftLog:OPENED:c-1,f-1,i0, conf=-1: [4f16e274-8663-4a15-9c4c-c81f650ab979:192.168.157.220:38181, 4cc44201-a597-43af-a4ec-5b1b407a6250:192.168.157.220:36685, f26e10ed-fb17-49e6-a903-eadc130d13d1:192.168.157.220:32806], old=null
2019-10-30 11:53:00,766 [f26e10ed-fb17-49e6-a903-eadc130d13d1@group-83984122B78E-LeaderElection408] INFO  impl.LeaderElection (LogUtils.java:infoOrTrace(149)) -   Exception 0: {}
java.util.concurrent.ExecutionException: org.apache.ratis.thirdparty.io.grpc.StatusRuntimeException: UNAVAILABLE: io exception
	at java.util.concurrent.FutureTask.report(FutureTask.java:122)
	at java.util.concurrent.FutureTask.get(FutureTask.java:192)
	at org.apache.ratis.server.impl.LeaderElection.waitForResults(LeaderElection.java:259)
	at org.apache.ratis.server.impl.LeaderElection.askForVotes(LeaderElection.java:197)
	at org.apache.ratis.server.impl.LeaderElection.run(LeaderElection.java:133)
	at java.lang.Thread.run(Thread.java:748)
Caused by: org.apache.ratis.thirdparty.io.grpc.StatusRuntimeException: UNAVAILABLE: io exception
	at org.apache.ratis.thirdparty.io.grpc.stub.ClientCalls.toStatusRuntimeException(ClientCalls.java:233)
	at org.apache.ratis.thirdparty.io.grpc.stub.ClientCalls.getUnchecked(ClientCalls.java:214)
	at org.apache.ratis.thirdparty.io.grpc.stub.ClientCalls.blockingUnaryCall(ClientCalls.java:139)
	at org.apache.ratis.proto.grpc.RaftServerProtocolServiceGrpc$RaftServerProtocolServiceBlockingStub.requestVote(RaftServerProtocolServiceGrpc.java:265)
	at org.apache.ratis.grpc.server.GrpcServerProtocolClient.requestVote(GrpcServerProtocolClient.java:99)
	at org.apache.ratis.grpc.server.GrpcService.requestVote(GrpcService.java:204)
	at org.apache.ratis.server.impl.LeaderElection.lambda$submitRequests$1(LeaderElection.java:234)
	at java.util.concurrent.FutureTask.run(FutureTask.java:266)
	at java.util.concurrent.Executors$RunnableAdapter.call(Executors.java:511)
	at java.util.concurrent.FutureTask.run(FutureTask.java:266)
	at java.util.concurrent.ThreadPoolExecutor.runWorker(ThreadPoolExecutor.java:1149)
	at java.util.concurrent.ThreadPoolExecutor$Worker.run(ThreadPoolExecutor.java:624)
	... 1 more
Caused by: org.apache.ratis.thirdparty.io.netty.channel.AbstractChannel$AnnotatedConnectException: Connection refused: /192.168.157.220:38181
	at sun.nio.ch.SocketChannelImpl.checkConnect(Native Method)
	at sun.nio.ch.SocketChannelImpl.finishConnect(SocketChannelImpl.java:717)
	at org.apache.ratis.thirdparty.io.netty.channel.socket.nio.NioSocketChannel.doFinishConnect(NioSocketChannel.java:327)
	at org.apache.ratis.thirdparty.io.netty.channel.nio.AbstractNioChannel$AbstractNioUnsafe.finishConnect(AbstractNioChannel.java:340)
	at org.apache.ratis.thirdparty.io.netty.channel.nio.NioEventLoop.processSelectedKey(NioEventLoop.java:632)
	at org.apache.ratis.thirdparty.io.netty.channel.nio.NioEventLoop.processSelectedKeysOptimized(NioEventLoop.java:579)
	at org.apache.ratis.thirdparty.io.netty.channel.nio.NioEventLoop.processSelectedKeys(NioEventLoop.java:496)
	at org.apache.ratis.thirdparty.io.netty.channel.nio.NioEventLoop.run(NioEventLoop.java:458)
	at org.apache.ratis.thirdparty.io.netty.util.concurrent.SingleThreadEventExecutor$5.run(SingleThreadEventExecutor.java:897)
	at org.apache.ratis.thirdparty.io.netty.util.concurrent.FastThreadLocalRunnable.run(FastThreadLocalRunnable.java:30)
	... 1 more
Caused by: java.net.ConnectException: Connection refused
	... 11 more
2019-10-30 11:53:00,766 [f26e10ed-fb17-49e6-a903-eadc130d13d1@group-83984122B78E-LeaderElection408] INFO  impl.RaftServerImpl (RaftServerImpl.java:setRole(184)) - f26e10ed-fb17-49e6-a903-eadc130d13d1@group-83984122B78E: changes role from CANDIDATE to FOLLOWER at term 223 for DISCOVERED_A_NEW_TERM
2019-10-30 11:53:00,766 [f26e10ed-fb17-49e6-a903-eadc130d13d1@group-83984122B78E-LeaderElection408] INFO  impl.RoleInfo (RoleInfo.java:shutdownLeaderElection(134)) - f26e10ed-fb17-49e6-a903-eadc130d13d1: shutdown LeaderElection
2019-10-30 11:53:00,766 [f26e10ed-fb17-49e6-a903-eadc130d13d1@group-83984122B78E-LeaderElection408] INFO  impl.RoleInfo (RoleInfo.java:updateAndGet(143)) - f26e10ed-fb17-49e6-a903-eadc130d13d1: start FollowerState
2019-10-30 11:53:00,817 [Thread-3109] INFO  impl.FollowerState (FollowerState.java:run(108)) - 9dbd5372-55c2-4532-b354-9494d3d545d2@group-F367C8FA5986-FollowerState: change to CANDIDATE, lastRpcTime:85ms, electionTimeout:85ms
2019-10-30 11:53:00,817 [Thread-3109] INFO  impl.RoleInfo (RoleInfo.java:shutdownFollowerState(121)) - 9dbd5372-55c2-4532-b354-9494d3d545d2: shutdown FollowerState
2019-10-30 11:53:00,817 [Thread-3109] INFO  impl.RaftServerImpl (RaftServerImpl.java:setRole(184)) - 9dbd5372-55c2-4532-b354-9494d3d545d2@group-F367C8FA5986: changes role from  FOLLOWER to CANDIDATE at term 213 for changeToCandidate
2019-10-30 11:53:00,817 [Thread-3109] INFO  impl.RoleInfo (RoleInfo.java:updateAndGet(143)) - 9dbd5372-55c2-4532-b354-9494d3d545d2: start LeaderElection
2019-10-30 11:53:00,860 [Thread-3114] INFO  impl.FollowerState (FollowerState.java:run(108)) - f26e10ed-fb17-49e6-a903-eadc130d13d1@group-83984122B78E-FollowerState: change to CANDIDATE, lastRpcTime:94ms, electionTimeout:94ms
2019-10-30 11:53:00,861 [Thread-3114] INFO  impl.RoleInfo (RoleInfo.java:shutdownFollowerState(121)) - f26e10ed-fb17-49e6-a903-eadc130d13d1: shutdown FollowerState
2019-10-30 11:53:00,861 [Thread-3114] INFO  impl.RaftServerImpl (RaftServerImpl.java:setRole(184)) - f26e10ed-fb17-49e6-a903-eadc130d13d1@group-83984122B78E: changes role from  FOLLOWER to CANDIDATE at term 223 for changeToCandidate
2019-10-30 11:53:00,861 [Thread-3114] INFO  impl.RoleInfo (RoleInfo.java:updateAndGet(143)) - f26e10ed-fb17-49e6-a903-eadc130d13d1: start LeaderElection
2019-10-30 11:53:00,866 [9dbd5372-55c2-4532-b354-9494d3d545d2@group-F367C8FA5986-LeaderElection409] INFO  impl.LeaderElection (LeaderElection.java:askForVotes(178)) - 9dbd5372-55c2-4532-b354-9494d3d545d2@group-F367C8FA5986-LeaderElection409: begin an election at term 214 for -1: [9b3ef6c9-0245-4756-bf80-45d41f7a4453:192.168.157.220:37058, cd11b2f5-3187-4d03-bd60-931991550c17:192.168.157.220:43236, 9dbd5372-55c2-4532-b354-9494d3d545d2:192.168.157.220:42993], old=null
2019-10-30 11:53:00,867 [9dbd5372-55c2-4532-b354-9494d3d545d2@group-F367C8FA5986-LeaderElection409] INFO  impl.LeaderElection (LogUtils.java:infoOrTrace(149)) - 9dbd5372-55c2-4532-b354-9494d3d545d2@group-F367C8FA5986-LeaderElection409 got exception when requesting votes: {}
java.util.concurrent.ExecutionException: org.apache.ratis.thirdparty.io.grpc.StatusRuntimeException: UNAVAILABLE: io exception
	at java.util.concurrent.FutureTask.report(FutureTask.java:122)
	at java.util.concurrent.FutureTask.get(FutureTask.java:192)
	at org.apache.ratis.server.impl.LeaderElection.waitForResults(LeaderElection.java:259)
	at org.apache.ratis.server.impl.LeaderElection.askForVotes(LeaderElection.java:197)
	at org.apache.ratis.server.impl.LeaderElection.run(LeaderElection.java:133)
	at java.lang.Thread.run(Thread.java:748)
Caused by: org.apache.ratis.thirdparty.io.grpc.StatusRuntimeException: UNAVAILABLE: io exception
	at org.apache.ratis.thirdparty.io.grpc.stub.ClientCalls.toStatusRuntimeException(ClientCalls.java:233)
	at org.apache.ratis.thirdparty.io.grpc.stub.ClientCalls.getUnchecked(ClientCalls.java:214)
	at org.apache.ratis.thirdparty.io.grpc.stub.ClientCalls.blockingUnaryCall(ClientCalls.java:139)
	at org.apache.ratis.proto.grpc.RaftServerProtocolServiceGrpc$RaftServerProtocolServiceBlockingStub.requestVote(RaftServerProtocolServiceGrpc.java:265)
	at org.apache.ratis.grpc.server.GrpcServerProtocolClient.requestVote(GrpcServerProtocolClient.java:99)
	at org.apache.ratis.grpc.server.GrpcService.requestVote(GrpcService.java:204)
	at org.apache.ratis.server.impl.LeaderElection.lambda$submitRequests$1(LeaderElection.java:234)
	at java.util.concurrent.FutureTask.run(FutureTask.java:266)
	at java.util.concurrent.Executors$RunnableAdapter.call(Executors.java:511)
	at java.util.concurrent.FutureTask.run(FutureTask.java:266)
	at java.util.concurrent.ThreadPoolExecutor.runWorker(ThreadPoolExecutor.java:1149)
	at java.util.concurrent.ThreadPoolExecutor$Worker.run(ThreadPoolExecutor.java:624)
	... 1 more
Caused by: org.apache.ratis.thirdparty.io.netty.channel.AbstractChannel$AnnotatedConnectException: Connection refused: /192.168.157.220:43236
	at sun.nio.ch.SocketChannelImpl.checkConnect(Native Method)
	at sun.nio.ch.SocketChannelImpl.finishConnect(SocketChannelImpl.java:717)
	at org.apache.ratis.thirdparty.io.netty.channel.socket.nio.NioSocketChannel.doFinishConnect(NioSocketChannel.java:327)
	at org.apache.ratis.thirdparty.io.netty.channel.nio.AbstractNioChannel$AbstractNioUnsafe.finishConnect(AbstractNioChannel.java:340)
	at org.apache.ratis.thirdparty.io.netty.channel.nio.NioEventLoop.processSelectedKey(NioEventLoop.java:632)
	at org.apache.ratis.thirdparty.io.netty.channel.nio.NioEventLoop.processSelectedKeysOptimized(NioEventLoop.java:579)
	at org.apache.ratis.thirdparty.io.netty.channel.nio.NioEventLoop.processSelectedKeys(NioEventLoop.java:496)
	at org.apache.ratis.thirdparty.io.netty.channel.nio.NioEventLoop.run(NioEventLoop.java:458)
	at org.apache.ratis.thirdparty.io.netty.util.concurrent.SingleThreadEventExecutor$5.run(SingleThreadEventExecutor.java:897)
	at org.apache.ratis.thirdparty.io.netty.util.concurrent.FastThreadLocalRunnable.run(FastThreadLocalRunnable.java:30)
	... 1 more
Caused by: java.net.ConnectException: Connection refused
	... 11 more
2019-10-30 11:53:00,871 [grpc-default-executor-8] INFO  impl.RaftServerImpl (RaftServerImpl.java:setRole(184)) - 9b3ef6c9-0245-4756-bf80-45d41f7a4453@group-F367C8FA5986: changes role from  FOLLOWER to FOLLOWER at term 214 for recognizeCandidate:9dbd5372-55c2-4532-b354-9494d3d545d2
2019-10-30 11:53:00,871 [grpc-default-executor-8] INFO  impl.RoleInfo (RoleInfo.java:shutdownFollowerState(121)) - 9b3ef6c9-0245-4756-bf80-45d41f7a4453: shutdown FollowerState
2019-10-30 11:53:00,871 [grpc-default-executor-8] INFO  impl.RoleInfo (RoleInfo.java:updateAndGet(143)) - 9b3ef6c9-0245-4756-bf80-45d41f7a4453: start FollowerState
2019-10-30 11:53:00,871 [Thread-3108] INFO  impl.FollowerState (FollowerState.java:run(117)) - 9b3ef6c9-0245-4756-bf80-45d41f7a4453@group-F367C8FA5986-FollowerState was interrupted: java.lang.InterruptedException: sleep interrupted
2019-10-30 11:53:00,876 [f26e10ed-fb17-49e6-a903-eadc130d13d1@group-83984122B78E-LeaderElection410] INFO  impl.LeaderElection (LeaderElection.java:askForVotes(178)) - f26e10ed-fb17-49e6-a903-eadc130d13d1@group-83984122B78E-LeaderElection410: begin an election at term 224 for -1: [4f16e274-8663-4a15-9c4c-c81f650ab979:192.168.157.220:38181, 4cc44201-a597-43af-a4ec-5b1b407a6250:192.168.157.220:36685, f26e10ed-fb17-49e6-a903-eadc130d13d1:192.168.157.220:32806], old=null
2019-10-30 11:53:00,877 [f26e10ed-fb17-49e6-a903-eadc130d13d1@group-83984122B78E-LeaderElection410] INFO  impl.LeaderElection (LogUtils.java:infoOrTrace(149)) - f26e10ed-fb17-49e6-a903-eadc130d13d1@group-83984122B78E-LeaderElection410 got exception when requesting votes: {}
java.util.concurrent.ExecutionException: org.apache.ratis.thirdparty.io.grpc.StatusRuntimeException: UNAVAILABLE: io exception
	at java.util.concurrent.FutureTask.report(FutureTask.java:122)
	at java.util.concurrent.FutureTask.get(FutureTask.java:192)
	at org.apache.ratis.server.impl.LeaderElection.waitForResults(LeaderElection.java:259)
	at org.apache.ratis.server.impl.LeaderElection.askForVotes(LeaderElection.java:197)
	at org.apache.ratis.server.impl.LeaderElection.run(LeaderElection.java:133)
	at java.lang.Thread.run(Thread.java:748)
Caused by: org.apache.ratis.thirdparty.io.grpc.StatusRuntimeException: UNAVAILABLE: io exception
	at org.apache.ratis.thirdparty.io.grpc.stub.ClientCalls.toStatusRuntimeException(ClientCalls.java:233)
	at org.apache.ratis.thirdparty.io.grpc.stub.ClientCalls.getUnchecked(ClientCalls.java:214)
	at org.apache.ratis.thirdparty.io.grpc.stub.ClientCalls.blockingUnaryCall(ClientCalls.java:139)
	at org.apache.ratis.proto.grpc.RaftServerProtocolServiceGrpc$RaftServerProtocolServiceBlockingStub.requestVote(RaftServerProtocolServiceGrpc.java:265)
	at org.apache.ratis.grpc.server.GrpcServerProtocolClient.requestVote(GrpcServerProtocolClient.java:99)
	at org.apache.ratis.grpc.server.GrpcService.requestVote(GrpcService.java:204)
	at org.apache.ratis.server.impl.LeaderElection.lambda$submitRequests$1(LeaderElection.java:234)
	at java.util.concurrent.FutureTask.run(FutureTask.java:266)
	at java.util.concurrent.Executors$RunnableAdapter.call(Executors.java:511)
	at java.util.concurrent.FutureTask.run(FutureTask.java:266)
	at java.util.concurrent.ThreadPoolExecutor.runWorker(ThreadPoolExecutor.java:1149)
	at java.util.concurrent.ThreadPoolExecutor$Worker.run(ThreadPoolExecutor.java:624)
	... 1 more
Caused by: org.apache.ratis.thirdparty.io.netty.channel.AbstractChannel$AnnotatedConnectException: Connection refused: /192.168.157.220:38181
	at sun.nio.ch.SocketChannelImpl.checkConnect(Native Method)
	at sun.nio.ch.SocketChannelImpl.finishConnect(SocketChannelImpl.java:717)
	at org.apache.ratis.thirdparty.io.netty.channel.socket.nio.NioSocketChannel.doFinishConnect(NioSocketChannel.java:327)
	at org.apache.ratis.thirdparty.io.netty.channel.nio.AbstractNioChannel$AbstractNioUnsafe.finishConnect(AbstractNioChannel.java:340)
	at org.apache.ratis.thirdparty.io.netty.channel.nio.NioEventLoop.processSelectedKey(NioEventLoop.java:632)
	at org.apache.ratis.thirdparty.io.netty.channel.nio.NioEventLoop.processSelectedKeysOptimized(NioEventLoop.java:579)
	at org.apache.ratis.thirdparty.io.netty.channel.nio.NioEventLoop.processSelectedKeys(NioEventLoop.java:496)
	at org.apache.ratis.thirdparty.io.netty.channel.nio.NioEventLoop.run(NioEventLoop.java:458)
	at org.apache.ratis.thirdparty.io.netty.util.concurrent.SingleThreadEventExecutor$5.run(SingleThreadEventExecutor.java:897)
	at org.apache.ratis.thirdparty.io.netty.util.concurrent.FastThreadLocalRunnable.run(FastThreadLocalRunnable.java:30)
	... 1 more
Caused by: java.net.ConnectException: Connection refused
	... 11 more
2019-10-30 11:53:00,878 [grpc-default-executor-6] INFO  impl.RaftServerImpl (RaftServerImpl.java:setRole(184)) - 4cc44201-a597-43af-a4ec-5b1b407a6250@group-83984122B78E: changes role from  FOLLOWER to FOLLOWER at term 224 for recognizeCandidate:f26e10ed-fb17-49e6-a903-eadc130d13d1
2019-10-30 11:53:00,878 [grpc-default-executor-6] INFO  impl.RoleInfo (RoleInfo.java:shutdownFollowerState(121)) - 4cc44201-a597-43af-a4ec-5b1b407a6250: shutdown FollowerState
2019-10-30 11:53:00,878 [grpc-default-executor-6] INFO  impl.RoleInfo (RoleInfo.java:updateAndGet(143)) - 4cc44201-a597-43af-a4ec-5b1b407a6250: start FollowerState
2019-10-30 11:53:00,879 [Thread-3113] INFO  impl.FollowerState (FollowerState.java:run(117)) - 4cc44201-a597-43af-a4ec-5b1b407a6250@group-83984122B78E-FollowerState was interrupted: java.lang.InterruptedException: sleep interrupted
2019-10-30 11:53:00,882 [9dbd5372-55c2-4532-b354-9494d3d545d2@group-F367C8FA5986-LeaderElection409] INFO  impl.LeaderElection (LeaderElection.java:logAndReturn(56)) - 9dbd5372-55c2-4532-b354-9494d3d545d2@group-F367C8FA5986-LeaderElection409: Election REJECTED; received 1 response(s) [9dbd5372-55c2-4532-b354-9494d3d545d2<-9b3ef6c9-0245-4756-bf80-45d41f7a4453#0:FAIL-t214] and 1 exception(s); 9dbd5372-55c2-4532-b354-9494d3d545d2@group-F367C8FA5986:t214, leader=null, voted=9dbd5372-55c2-4532-b354-9494d3d545d2, raftlog=9dbd5372-55c2-4532-b354-9494d3d545d2@group-F367C8FA5986-SegmentedRaftLog:OPENED:c-1,f-1,i0, conf=-1: [9b3ef6c9-0245-4756-bf80-45d41f7a4453:192.168.157.220:37058, cd11b2f5-3187-4d03-bd60-931991550c17:192.168.157.220:43236, 9dbd5372-55c2-4532-b354-9494d3d545d2:192.168.157.220:42993], old=null
2019-10-30 11:53:00,882 [9dbd5372-55c2-4532-b354-9494d3d545d2@group-F367C8FA5986-LeaderElection409] INFO  impl.LeaderElection (LogUtils.java:infoOrTrace(149)) -   Exception 0: {}
java.util.concurrent.ExecutionException: org.apache.ratis.thirdparty.io.grpc.StatusRuntimeException: UNAVAILABLE: io exception
	at java.util.concurrent.FutureTask.report(FutureTask.java:122)
	at java.util.concurrent.FutureTask.get(FutureTask.java:192)
	at org.apache.ratis.server.impl.LeaderElection.waitForResults(LeaderElection.java:259)
	at org.apache.ratis.server.impl.LeaderElection.askForVotes(LeaderElection.java:197)
	at org.apache.ratis.server.impl.LeaderElection.run(LeaderElection.java:133)
	at java.lang.Thread.run(Thread.java:748)
Caused by: org.apache.ratis.thirdparty.io.grpc.StatusRuntimeException: UNAVAILABLE: io exception
	at org.apache.ratis.thirdparty.io.grpc.stub.ClientCalls.toStatusRuntimeException(ClientCalls.java:233)
	at org.apache.ratis.thirdparty.io.grpc.stub.ClientCalls.getUnchecked(ClientCalls.java:214)
	at org.apache.ratis.thirdparty.io.grpc.stub.ClientCalls.blockingUnaryCall(ClientCalls.java:139)
	at org.apache.ratis.proto.grpc.RaftServerProtocolServiceGrpc$RaftServerProtocolServiceBlockingStub.requestVote(RaftServerProtocolServiceGrpc.java:265)
	at org.apache.ratis.grpc.server.GrpcServerProtocolClient.requestVote(GrpcServerProtocolClient.java:99)
	at org.apache.ratis.grpc.server.GrpcService.requestVote(GrpcService.java:204)
	at org.apache.ratis.server.impl.LeaderElection.lambda$submitRequests$1(LeaderElection.java:234)
	at java.util.concurrent.FutureTask.run(FutureTask.java:266)
	at java.util.concurrent.Executors$RunnableAdapter.call(Executors.java:511)
	at java.util.concurrent.FutureTask.run(FutureTask.java:266)
	at java.util.concurrent.ThreadPoolExecutor.runWorker(ThreadPoolExecutor.java:1149)
	at java.util.concurrent.ThreadPoolExecutor$Worker.run(ThreadPoolExecutor.java:624)
	... 1 more
Caused by: org.apache.ratis.thirdparty.io.netty.channel.AbstractChannel$AnnotatedConnectException: Connection refused: /192.168.157.220:43236
	at sun.nio.ch.SocketChannelImpl.checkConnect(Native Method)
	at sun.nio.ch.SocketChannelImpl.finishConnect(SocketChannelImpl.java:717)
	at org.apache.ratis.thirdparty.io.netty.channel.socket.nio.NioSocketChannel.doFinishConnect(NioSocketChannel.java:327)
	at org.apache.ratis.thirdparty.io.netty.channel.nio.AbstractNioChannel$AbstractNioUnsafe.finishConnect(AbstractNioChannel.java:340)
	at org.apache.ratis.thirdparty.io.netty.channel.nio.NioEventLoop.processSelectedKey(NioEventLoop.java:632)
	at org.apache.ratis.thirdparty.io.netty.channel.nio.NioEventLoop.processSelectedKeysOptimized(NioEventLoop.java:579)
	at org.apache.ratis.thirdparty.io.netty.channel.nio.NioEventLoop.processSelectedKeys(NioEventLoop.java:496)
	at org.apache.ratis.thirdparty.io.netty.channel.nio.NioEventLoop.run(NioEventLoop.java:458)
	at org.apache.ratis.thirdparty.io.netty.util.concurrent.SingleThreadEventExecutor$5.run(SingleThreadEventExecutor.java:897)
	at org.apache.ratis.thirdparty.io.netty.util.concurrent.FastThreadLocalRunnable.run(FastThreadLocalRunnable.java:30)
	... 1 more
Caused by: java.net.ConnectException: Connection refused
	... 11 more
2019-10-30 11:53:00,883 [9dbd5372-55c2-4532-b354-9494d3d545d2@group-F367C8FA5986-LeaderElection409] INFO  impl.RaftServerImpl (RaftServerImpl.java:setRole(184)) - 9dbd5372-55c2-4532-b354-9494d3d545d2@group-F367C8FA5986: changes role from CANDIDATE to FOLLOWER at term 214 for DISCOVERED_A_NEW_TERM
2019-10-30 11:53:00,883 [9dbd5372-55c2-4532-b354-9494d3d545d2@group-F367C8FA5986-LeaderElection409] INFO  impl.RoleInfo (RoleInfo.java:shutdownLeaderElection(134)) - 9dbd5372-55c2-4532-b354-9494d3d545d2: shutdown LeaderElection
2019-10-30 11:53:00,883 [9dbd5372-55c2-4532-b354-9494d3d545d2@group-F367C8FA5986-LeaderElection409] INFO  impl.RoleInfo (RoleInfo.java:updateAndGet(143)) - 9dbd5372-55c2-4532-b354-9494d3d545d2: start FollowerState
2019-10-30 11:53:00,883 [f26e10ed-fb17-49e6-a903-eadc130d13d1@group-83984122B78E-LeaderElection410] INFO  impl.LeaderElection (LeaderElection.java:logAndReturn(56)) - f26e10ed-fb17-49e6-a903-eadc130d13d1@group-83984122B78E-LeaderElection410: Election REJECTED; received 1 response(s) [f26e10ed-fb17-49e6-a903-eadc130d13d1<-4cc44201-a597-43af-a4ec-5b1b407a6250#0:FAIL-t224] and 1 exception(s); f26e10ed-fb17-49e6-a903-eadc130d13d1@group-83984122B78E:t224, leader=null, voted=f26e10ed-fb17-49e6-a903-eadc130d13d1, raftlog=f26e10ed-fb17-49e6-a903-eadc130d13d1@group-83984122B78E-SegmentedRaftLog:OPENED:c-1,f-1,i0, conf=-1: [4f16e274-8663-4a15-9c4c-c81f650ab979:192.168.157.220:38181, 4cc44201-a597-43af-a4ec-5b1b407a6250:192.168.157.220:36685, f26e10ed-fb17-49e6-a903-eadc130d13d1:192.168.157.220:32806], old=null
2019-10-30 11:53:00,883 [f26e10ed-fb17-49e6-a903-eadc130d13d1@group-83984122B78E-LeaderElection410] INFO  impl.LeaderElection (LogUtils.java:infoOrTrace(149)) -   Exception 0: {}
java.util.concurrent.ExecutionException: org.apache.ratis.thirdparty.io.grpc.StatusRuntimeException: UNAVAILABLE: io exception
	at java.util.concurrent.FutureTask.report(FutureTask.java:122)
	at java.util.concurrent.FutureTask.get(FutureTask.java:192)
	at org.apache.ratis.server.impl.LeaderElection.waitForResults(LeaderElection.java:259)
	at org.apache.ratis.server.impl.LeaderElection.askForVotes(LeaderElection.java:197)
	at org.apache.ratis.server.impl.LeaderElection.run(LeaderElection.java:133)
	at java.lang.Thread.run(Thread.java:748)
Caused by: org.apache.ratis.thirdparty.io.grpc.StatusRuntimeException: UNAVAILABLE: io exception
	at org.apache.ratis.thirdparty.io.grpc.stub.ClientCalls.toStatusRuntimeException(ClientCalls.java:233)
	at org.apache.ratis.thirdparty.io.grpc.stub.ClientCalls.getUnchecked(ClientCalls.java:214)
	at org.apache.ratis.thirdparty.io.grpc.stub.ClientCalls.blockingUnaryCall(ClientCalls.java:139)
	at org.apache.ratis.proto.grpc.RaftServerProtocolServiceGrpc$RaftServerProtocolServiceBlockingStub.requestVote(RaftServerProtocolServiceGrpc.java:265)
	at org.apache.ratis.grpc.server.GrpcServerProtocolClient.requestVote(GrpcServerProtocolClient.java:99)
	at org.apache.ratis.grpc.server.GrpcService.requestVote(GrpcService.java:204)
	at org.apache.ratis.server.impl.LeaderElection.lambda$submitRequests$1(LeaderElection.java:234)
	at java.util.concurrent.FutureTask.run(FutureTask.java:266)
	at java.util.concurrent.Executors$RunnableAdapter.call(Executors.java:511)
	at java.util.concurrent.FutureTask.run(FutureTask.java:266)
	at java.util.concurrent.ThreadPoolExecutor.runWorker(ThreadPoolExecutor.java:1149)
	at java.util.concurrent.ThreadPoolExecutor$Worker.run(ThreadPoolExecutor.java:624)
	... 1 more
Caused by: org.apache.ratis.thirdparty.io.netty.channel.AbstractChannel$AnnotatedConnectException: Connection refused: /192.168.157.220:38181
	at sun.nio.ch.SocketChannelImpl.checkConnect(Native Method)
	at sun.nio.ch.SocketChannelImpl.finishConnect(SocketChannelImpl.java:717)
	at org.apache.ratis.thirdparty.io.netty.channel.socket.nio.NioSocketChannel.doFinishConnect(NioSocketChannel.java:327)
	at org.apache.ratis.thirdparty.io.netty.channel.nio.AbstractNioChannel$AbstractNioUnsafe.finishConnect(AbstractNioChannel.java:340)
	at org.apache.ratis.thirdparty.io.netty.channel.nio.NioEventLoop.processSelectedKey(NioEventLoop.java:632)
	at org.apache.ratis.thirdparty.io.netty.channel.nio.NioEventLoop.processSelectedKeysOptimized(NioEventLoop.java:579)
	at org.apache.ratis.thirdparty.io.netty.channel.nio.NioEventLoop.processSelectedKeys(NioEventLoop.java:496)
	at org.apache.ratis.thirdparty.io.netty.channel.nio.NioEventLoop.run(NioEventLoop.java:458)
	at org.apache.ratis.thirdparty.io.netty.util.concurrent.SingleThreadEventExecutor$5.run(SingleThreadEventExecutor.java:897)
	at org.apache.ratis.thirdparty.io.netty.util.concurrent.FastThreadLocalRunnable.run(FastThreadLocalRunnable.java:30)
	... 1 more
Caused by: java.net.ConnectException: Connection refused
	... 11 more
2019-10-30 11:53:00,884 [f26e10ed-fb17-49e6-a903-eadc130d13d1@group-83984122B78E-LeaderElection410] INFO  impl.RaftServerImpl (RaftServerImpl.java:setRole(184)) - f26e10ed-fb17-49e6-a903-eadc130d13d1@group-83984122B78E: changes role from CANDIDATE to FOLLOWER at term 224 for DISCOVERED_A_NEW_TERM
2019-10-30 11:53:00,884 [f26e10ed-fb17-49e6-a903-eadc130d13d1@group-83984122B78E-LeaderElection410] INFO  impl.RoleInfo (RoleInfo.java:shutdownLeaderElection(134)) - f26e10ed-fb17-49e6-a903-eadc130d13d1: shutdown LeaderElection
2019-10-30 11:53:00,884 [f26e10ed-fb17-49e6-a903-eadc130d13d1@group-83984122B78E-LeaderElection410] INFO  impl.RoleInfo (RoleInfo.java:updateAndGet(143)) - f26e10ed-fb17-49e6-a903-eadc130d13d1: start FollowerState
2019-10-30 11:53:01,015 [Thread-3123] INFO  impl.FollowerState (FollowerState.java:run(108)) - 9dbd5372-55c2-4532-b354-9494d3d545d2@group-F367C8FA5986-FollowerState: change to CANDIDATE, lastRpcTime:132ms, electionTimeout:132ms
2019-10-30 11:53:01,016 [Thread-3123] INFO  impl.RoleInfo (RoleInfo.java:shutdownFollowerState(121)) - 9dbd5372-55c2-4532-b354-9494d3d545d2: shutdown FollowerState
2019-10-30 11:53:01,016 [Thread-3123] INFO  impl.RaftServerImpl (RaftServerImpl.java:setRole(184)) - 9dbd5372-55c2-4532-b354-9494d3d545d2@group-F367C8FA5986: changes role from  FOLLOWER to CANDIDATE at term 214 for changeToCandidate
2019-10-30 11:53:01,016 [Thread-3123] INFO  impl.RoleInfo (RoleInfo.java:updateAndGet(143)) - 9dbd5372-55c2-4532-b354-9494d3d545d2: start LeaderElection
2019-10-30 11:53:01,023 [Thread-3124] INFO  impl.FollowerState (FollowerState.java:run(108)) - f26e10ed-fb17-49e6-a903-eadc130d13d1@group-83984122B78E-FollowerState: change to CANDIDATE, lastRpcTime:139ms, electionTimeout:139ms
2019-10-30 11:53:01,023 [Thread-3124] INFO  impl.RoleInfo (RoleInfo.java:shutdownFollowerState(121)) - f26e10ed-fb17-49e6-a903-eadc130d13d1: shutdown FollowerState
2019-10-30 11:53:01,023 [Thread-3124] INFO  impl.RaftServerImpl (RaftServerImpl.java:setRole(184)) - f26e10ed-fb17-49e6-a903-eadc130d13d1@group-83984122B78E: changes role from  FOLLOWER to CANDIDATE at term 224 for changeToCandidate
2019-10-30 11:53:01,024 [Thread-3124] INFO  impl.RoleInfo (RoleInfo.java:updateAndGet(143)) - f26e10ed-fb17-49e6-a903-eadc130d13d1: start LeaderElection
2019-10-30 11:53:01,050 [9dbd5372-55c2-4532-b354-9494d3d545d2@group-F367C8FA5986-LeaderElection411] INFO  impl.LeaderElection (LeaderElection.java:askForVotes(178)) - 9dbd5372-55c2-4532-b354-9494d3d545d2@group-F367C8FA5986-LeaderElection411: begin an election at term 215 for -1: [9b3ef6c9-0245-4756-bf80-45d41f7a4453:192.168.157.220:37058, cd11b2f5-3187-4d03-bd60-931991550c17:192.168.157.220:43236, 9dbd5372-55c2-4532-b354-9494d3d545d2:192.168.157.220:42993], old=null
2019-10-30 11:53:01,050 [f26e10ed-fb17-49e6-a903-eadc130d13d1@group-83984122B78E-LeaderElection412] INFO  impl.LeaderElection (LeaderElection.java:askForVotes(178)) - f26e10ed-fb17-49e6-a903-eadc130d13d1@group-83984122B78E-LeaderElection412: begin an election at term 225 for -1: [4f16e274-8663-4a15-9c4c-c81f650ab979:192.168.157.220:38181, 4cc44201-a597-43af-a4ec-5b1b407a6250:192.168.157.220:36685, f26e10ed-fb17-49e6-a903-eadc130d13d1:192.168.157.220:32806], old=null
2019-10-30 11:53:01,051 [f26e10ed-fb17-49e6-a903-eadc130d13d1@group-83984122B78E-LeaderElection412] INFO  impl.LeaderElection (LogUtils.java:infoOrTrace(149)) - f26e10ed-fb17-49e6-a903-eadc130d13d1@group-83984122B78E-LeaderElection412 got exception when requesting votes: {}
java.util.concurrent.ExecutionException: org.apache.ratis.thirdparty.io.grpc.StatusRuntimeException: UNAVAILABLE: io exception
	at java.util.concurrent.FutureTask.report(FutureTask.java:122)
	at java.util.concurrent.FutureTask.get(FutureTask.java:192)
	at org.apache.ratis.server.impl.LeaderElection.waitForResults(LeaderElection.java:259)
	at org.apache.ratis.server.impl.LeaderElection.askForVotes(LeaderElection.java:197)
	at org.apache.ratis.server.impl.LeaderElection.run(LeaderElection.java:133)
	at java.lang.Thread.run(Thread.java:748)
Caused by: org.apache.ratis.thirdparty.io.grpc.StatusRuntimeException: UNAVAILABLE: io exception
	at org.apache.ratis.thirdparty.io.grpc.stub.ClientCalls.toStatusRuntimeException(ClientCalls.java:233)
	at org.apache.ratis.thirdparty.io.grpc.stub.ClientCalls.getUnchecked(ClientCalls.java:214)
	at org.apache.ratis.thirdparty.io.grpc.stub.ClientCalls.blockingUnaryCall(ClientCalls.java:139)
	at org.apache.ratis.proto.grpc.RaftServerProtocolServiceGrpc$RaftServerProtocolServiceBlockingStub.requestVote(RaftServerProtocolServiceGrpc.java:265)
	at org.apache.ratis.grpc.server.GrpcServerProtocolClient.requestVote(GrpcServerProtocolClient.java:99)
	at org.apache.ratis.grpc.server.GrpcService.requestVote(GrpcService.java:204)
	at org.apache.ratis.server.impl.LeaderElection.lambda$submitRequests$1(LeaderElection.java:234)
	at java.util.concurrent.FutureTask.run(FutureTask.java:266)
	at java.util.concurrent.Executors$RunnableAdapter.call(Executors.java:511)
	at java.util.concurrent.FutureTask.run(FutureTask.java:266)
	at java.util.concurrent.ThreadPoolExecutor.runWorker(ThreadPoolExecutor.java:1149)
	at java.util.concurrent.ThreadPoolExecutor$Worker.run(ThreadPoolExecutor.java:624)
	... 1 more
Caused by: org.apache.ratis.thirdparty.io.netty.channel.AbstractChannel$AnnotatedConnectException: Connection refused: /192.168.157.220:38181
	at sun.nio.ch.SocketChannelImpl.checkConnect(Native Method)
	at sun.nio.ch.SocketChannelImpl.finishConnect(SocketChannelImpl.java:717)
	at org.apache.ratis.thirdparty.io.netty.channel.socket.nio.NioSocketChannel.doFinishConnect(NioSocketChannel.java:327)
	at org.apache.ratis.thirdparty.io.netty.channel.nio.AbstractNioChannel$AbstractNioUnsafe.finishConnect(AbstractNioChannel.java:340)
	at org.apache.ratis.thirdparty.io.netty.channel.nio.NioEventLoop.processSelectedKey(NioEventLoop.java:632)
	at org.apache.ratis.thirdparty.io.netty.channel.nio.NioEventLoop.processSelectedKeysOptimized(NioEventLoop.java:579)
	at org.apache.ratis.thirdparty.io.netty.channel.nio.NioEventLoop.processSelectedKeys(NioEventLoop.java:496)
	at org.apache.ratis.thirdparty.io.netty.channel.nio.NioEventLoop.run(NioEventLoop.java:458)
	at org.apache.ratis.thirdparty.io.netty.util.concurrent.SingleThreadEventExecutor$5.run(SingleThreadEventExecutor.java:897)
	at org.apache.ratis.thirdparty.io.netty.util.concurrent.FastThreadLocalRunnable.run(FastThreadLocalRunnable.java:30)
	... 1 more
Caused by: java.net.ConnectException: Connection refused
	... 11 more
2019-10-30 11:53:01,051 [9dbd5372-55c2-4532-b354-9494d3d545d2@group-F367C8FA5986-LeaderElection411] INFO  impl.LeaderElection (LogUtils.java:infoOrTrace(149)) - 9dbd5372-55c2-4532-b354-9494d3d545d2@group-F367C8FA5986-LeaderElection411 got exception when requesting votes: {}
java.util.concurrent.ExecutionException: org.apache.ratis.thirdparty.io.grpc.StatusRuntimeException: UNAVAILABLE: io exception
	at java.util.concurrent.FutureTask.report(FutureTask.java:122)
	at java.util.concurrent.FutureTask.get(FutureTask.java:192)
	at org.apache.ratis.server.impl.LeaderElection.waitForResults(LeaderElection.java:259)
	at org.apache.ratis.server.impl.LeaderElection.askForVotes(LeaderElection.java:197)
	at org.apache.ratis.server.impl.LeaderElection.run(LeaderElection.java:133)
	at java.lang.Thread.run(Thread.java:748)
Caused by: org.apache.ratis.thirdparty.io.grpc.StatusRuntimeException: UNAVAILABLE: io exception
	at org.apache.ratis.thirdparty.io.grpc.stub.ClientCalls.toStatusRuntimeException(ClientCalls.java:233)
	at org.apache.ratis.thirdparty.io.grpc.stub.ClientCalls.getUnchecked(ClientCalls.java:214)
	at org.apache.ratis.thirdparty.io.grpc.stub.ClientCalls.blockingUnaryCall(ClientCalls.java:139)
	at org.apache.ratis.proto.grpc.RaftServerProtocolServiceGrpc$RaftServerProtocolServiceBlockingStub.requestVote(RaftServerProtocolServiceGrpc.java:265)
	at org.apache.ratis.grpc.server.GrpcServerProtocolClient.requestVote(GrpcServerProtocolClient.java:99)
	at org.apache.ratis.grpc.server.GrpcService.requestVote(GrpcService.java:204)
	at org.apache.ratis.server.impl.LeaderElection.lambda$submitRequests$1(LeaderElection.java:234)
	at java.util.concurrent.FutureTask.run(FutureTask.java:266)
	at java.util.concurrent.Executors$RunnableAdapter.call(Executors.java:511)
	at java.util.concurrent.FutureTask.run(FutureTask.java:266)
	at java.util.concurrent.ThreadPoolExecutor.runWorker(ThreadPoolExecutor.java:1149)
	at java.util.concurrent.ThreadPoolExecutor$Worker.run(ThreadPoolExecutor.java:624)
	... 1 more
Caused by: org.apache.ratis.thirdparty.io.netty.channel.AbstractChannel$AnnotatedConnectException: Connection refused: /192.168.157.220:43236
	at sun.nio.ch.SocketChannelImpl.checkConnect(Native Method)
	at sun.nio.ch.SocketChannelImpl.finishConnect(SocketChannelImpl.java:717)
	at org.apache.ratis.thirdparty.io.netty.channel.socket.nio.NioSocketChannel.doFinishConnect(NioSocketChannel.java:327)
	at org.apache.ratis.thirdparty.io.netty.channel.nio.AbstractNioChannel$AbstractNioUnsafe.finishConnect(AbstractNioChannel.java:340)
	at org.apache.ratis.thirdparty.io.netty.channel.nio.NioEventLoop.processSelectedKey(NioEventLoop.java:632)
	at org.apache.ratis.thirdparty.io.netty.channel.nio.NioEventLoop.processSelectedKeysOptimized(NioEventLoop.java:579)
	at org.apache.ratis.thirdparty.io.netty.channel.nio.NioEventLoop.processSelectedKeys(NioEventLoop.java:496)
	at org.apache.ratis.thirdparty.io.netty.channel.nio.NioEventLoop.run(NioEventLoop.java:458)
	at org.apache.ratis.thirdparty.io.netty.util.concurrent.SingleThreadEventExecutor$5.run(SingleThreadEventExecutor.java:897)
	at org.apache.ratis.thirdparty.io.netty.util.concurrent.FastThreadLocalRunnable.run(FastThreadLocalRunnable.java:30)
	... 1 more
Caused by: java.net.ConnectException: Connection refused
	... 11 more
2019-10-30 11:53:01,055 [grpc-default-executor-6] INFO  impl.RaftServerImpl (RaftServerImpl.java:setRole(184)) - 4cc44201-a597-43af-a4ec-5b1b407a6250@group-83984122B78E: changes role from  FOLLOWER to FOLLOWER at term 225 for recognizeCandidate:f26e10ed-fb17-49e6-a903-eadc130d13d1
2019-10-30 11:53:01,055 [grpc-default-executor-6] INFO  impl.RoleInfo (RoleInfo.java:shutdownFollowerState(121)) - 4cc44201-a597-43af-a4ec-5b1b407a6250: shutdown FollowerState
2019-10-30 11:53:01,055 [grpc-default-executor-6] INFO  impl.RoleInfo (RoleInfo.java:updateAndGet(143)) - 4cc44201-a597-43af-a4ec-5b1b407a6250: start FollowerState
2019-10-30 11:53:01,056 [Thread-3122] INFO  impl.FollowerState (FollowerState.java:run(117)) - 4cc44201-a597-43af-a4ec-5b1b407a6250@group-83984122B78E-FollowerState was interrupted: java.lang.InterruptedException: sleep interrupted
2019-10-30 11:53:01,055 [grpc-default-executor-8] INFO  impl.RaftServerImpl (RaftServerImpl.java:setRole(184)) - 9b3ef6c9-0245-4756-bf80-45d41f7a4453@group-F367C8FA5986: changes role from  FOLLOWER to FOLLOWER at term 215 for recognizeCandidate:9dbd5372-55c2-4532-b354-9494d3d545d2
2019-10-30 11:53:01,059 [grpc-default-executor-8] INFO  impl.RoleInfo (RoleInfo.java:shutdownFollowerState(121)) - 9b3ef6c9-0245-4756-bf80-45d41f7a4453: shutdown FollowerState
2019-10-30 11:53:01,059 [grpc-default-executor-8] INFO  impl.RoleInfo (RoleInfo.java:updateAndGet(143)) - 9b3ef6c9-0245-4756-bf80-45d41f7a4453: start FollowerState
2019-10-30 11:53:01,059 [Thread-3119] INFO  impl.FollowerState (FollowerState.java:run(117)) - 9b3ef6c9-0245-4756-bf80-45d41f7a4453@group-F367C8FA5986-FollowerState was interrupted: java.lang.InterruptedException: sleep interrupted
2019-10-30 11:53:01,062 [f26e10ed-fb17-49e6-a903-eadc130d13d1@group-83984122B78E-LeaderElection412] INFO  impl.LeaderElection (LeaderElection.java:logAndReturn(56)) - f26e10ed-fb17-49e6-a903-eadc130d13d1@group-83984122B78E-LeaderElection412: Election REJECTED; received 1 response(s) [f26e10ed-fb17-49e6-a903-eadc130d13d1<-4cc44201-a597-43af-a4ec-5b1b407a6250#0:FAIL-t225] and 1 exception(s); f26e10ed-fb17-49e6-a903-eadc130d13d1@group-83984122B78E:t225, leader=null, voted=f26e10ed-fb17-49e6-a903-eadc130d13d1, raftlog=f26e10ed-fb17-49e6-a903-eadc130d13d1@group-83984122B78E-SegmentedRaftLog:OPENED:c-1,f-1,i0, conf=-1: [4f16e274-8663-4a15-9c4c-c81f650ab979:192.168.157.220:38181, 4cc44201-a597-43af-a4ec-5b1b407a6250:192.168.157.220:36685, f26e10ed-fb17-49e6-a903-eadc130d13d1:192.168.157.220:32806], old=null
2019-10-30 11:53:01,062 [f26e10ed-fb17-49e6-a903-eadc130d13d1@group-83984122B78E-LeaderElection412] INFO  impl.LeaderElection (LogUtils.java:infoOrTrace(149)) -   Exception 0: {}
java.util.concurrent.ExecutionException: org.apache.ratis.thirdparty.io.grpc.StatusRuntimeException: UNAVAILABLE: io exception
	at java.util.concurrent.FutureTask.report(FutureTask.java:122)
	at java.util.concurrent.FutureTask.get(FutureTask.java:192)
	at org.apache.ratis.server.impl.LeaderElection.waitForResults(LeaderElection.java:259)
	at org.apache.ratis.server.impl.LeaderElection.askForVotes(LeaderElection.java:197)
	at org.apache.ratis.server.impl.LeaderElection.run(LeaderElection.java:133)
	at java.lang.Thread.run(Thread.java:748)
Caused by: org.apache.ratis.thirdparty.io.grpc.StatusRuntimeException: UNAVAILABLE: io exception
	at org.apache.ratis.thirdparty.io.grpc.stub.ClientCalls.toStatusRuntimeException(ClientCalls.java:233)
	at org.apache.ratis.thirdparty.io.grpc.stub.ClientCalls.getUnchecked(ClientCalls.java:214)
	at org.apache.ratis.thirdparty.io.grpc.stub.ClientCalls.blockingUnaryCall(ClientCalls.java:139)
	at org.apache.ratis.proto.grpc.RaftServerProtocolServiceGrpc$RaftServerProtocolServiceBlockingStub.requestVote(RaftServerProtocolServiceGrpc.java:265)
	at org.apache.ratis.grpc.server.GrpcServerProtocolClient.requestVote(GrpcServerProtocolClient.java:99)
	at org.apache.ratis.grpc.server.GrpcService.requestVote(GrpcService.java:204)
	at org.apache.ratis.server.impl.LeaderElection.lambda$submitRequests$1(LeaderElection.java:234)
	at java.util.concurrent.FutureTask.run(FutureTask.java:266)
	at java.util.concurrent.Executors$RunnableAdapter.call(Executors.java:511)
	at java.util.concurrent.FutureTask.run(FutureTask.java:266)
	at java.util.concurrent.ThreadPoolExecutor.runWorker(ThreadPoolExecutor.java:1149)
	at java.util.concurrent.ThreadPoolExecutor$Worker.run(ThreadPoolExecutor.java:624)
	... 1 more
Caused by: org.apache.ratis.thirdparty.io.netty.channel.AbstractChannel$AnnotatedConnectException: Connection refused: /192.168.157.220:38181
	at sun.nio.ch.SocketChannelImpl.checkConnect(Native Method)
	at sun.nio.ch.SocketChannelImpl.finishConnect(SocketChannelImpl.java:717)
	at org.apache.ratis.thirdparty.io.netty.channel.socket.nio.NioSocketChannel.doFinishConnect(NioSocketChannel.java:327)
	at org.apache.ratis.thirdparty.io.netty.channel.nio.AbstractNioChannel$AbstractNioUnsafe.finishConnect(AbstractNioChannel.java:340)
	at org.apache.ratis.thirdparty.io.netty.channel.nio.NioEventLoop.processSelectedKey(NioEventLoop.java:632)
	at org.apache.ratis.thirdparty.io.netty.channel.nio.NioEventLoop.processSelectedKeysOptimized(NioEventLoop.java:579)
	at org.apache.ratis.thirdparty.io.netty.channel.nio.NioEventLoop.processSelectedKeys(NioEventLoop.java:496)
	at org.apache.ratis.thirdparty.io.netty.channel.nio.NioEventLoop.run(NioEventLoop.java:458)
	at org.apache.ratis.thirdparty.io.netty.util.concurrent.SingleThreadEventExecutor$5.run(SingleThreadEventExecutor.java:897)
	at org.apache.ratis.thirdparty.io.netty.util.concurrent.FastThreadLocalRunnable.run(FastThreadLocalRunnable.java:30)
	... 1 more
Caused by: java.net.ConnectException: Connection refused
	... 11 more
2019-10-30 11:53:01,062 [f26e10ed-fb17-49e6-a903-eadc130d13d1@group-83984122B78E-LeaderElection412] INFO  impl.RaftServerImpl (RaftServerImpl.java:setRole(184)) - f26e10ed-fb17-49e6-a903-eadc130d13d1@group-83984122B78E: changes role from CANDIDATE to FOLLOWER at term 225 for DISCOVERED_A_NEW_TERM
2019-10-30 11:53:01,062 [f26e10ed-fb17-49e6-a903-eadc130d13d1@group-83984122B78E-LeaderElection412] INFO  impl.RoleInfo (RoleInfo.java:shutdownLeaderElection(134)) - f26e10ed-fb17-49e6-a903-eadc130d13d1: shutdown LeaderElection
2019-10-30 11:53:01,063 [f26e10ed-fb17-49e6-a903-eadc130d13d1@group-83984122B78E-LeaderElection412] INFO  impl.RoleInfo (RoleInfo.java:updateAndGet(143)) - f26e10ed-fb17-49e6-a903-eadc130d13d1: start FollowerState
2019-10-30 11:53:01,068 [9dbd5372-55c2-4532-b354-9494d3d545d2@group-F367C8FA5986-LeaderElection411] INFO  impl.LeaderElection (LeaderElection.java:logAndReturn(56)) - 9dbd5372-55c2-4532-b354-9494d3d545d2@group-F367C8FA5986-LeaderElection411: Election REJECTED; received 1 response(s) [9dbd5372-55c2-4532-b354-9494d3d545d2<-9b3ef6c9-0245-4756-bf80-45d41f7a4453#0:FAIL-t215] and 1 exception(s); 9dbd5372-55c2-4532-b354-9494d3d545d2@group-F367C8FA5986:t215, leader=null, voted=9dbd5372-55c2-4532-b354-9494d3d545d2, raftlog=9dbd5372-55c2-4532-b354-9494d3d545d2@group-F367C8FA5986-SegmentedRaftLog:OPENED:c-1,f-1,i0, conf=-1: [9b3ef6c9-0245-4756-bf80-45d41f7a4453:192.168.157.220:37058, cd11b2f5-3187-4d03-bd60-931991550c17:192.168.157.220:43236, 9dbd5372-55c2-4532-b354-9494d3d545d2:192.168.157.220:42993], old=null
2019-10-30 11:53:01,068 [9dbd5372-55c2-4532-b354-9494d3d545d2@group-F367C8FA5986-LeaderElection411] INFO  impl.LeaderElection (LogUtils.java:infoOrTrace(149)) -   Exception 0: {}
java.util.concurrent.ExecutionException: org.apache.ratis.thirdparty.io.grpc.StatusRuntimeException: UNAVAILABLE: io exception
	at java.util.concurrent.FutureTask.report(FutureTask.java:122)
	at java.util.concurrent.FutureTask.get(FutureTask.java:192)
	at org.apache.ratis.server.impl.LeaderElection.waitForResults(LeaderElection.java:259)
	at org.apache.ratis.server.impl.LeaderElection.askForVotes(LeaderElection.java:197)
	at org.apache.ratis.server.impl.LeaderElection.run(LeaderElection.java:133)
	at java.lang.Thread.run(Thread.java:748)
Caused by: org.apache.ratis.thirdparty.io.grpc.StatusRuntimeException: UNAVAILABLE: io exception
	at org.apache.ratis.thirdparty.io.grpc.stub.ClientCalls.toStatusRuntimeException(ClientCalls.java:233)
	at org.apache.ratis.thirdparty.io.grpc.stub.ClientCalls.getUnchecked(ClientCalls.java:214)
	at org.apache.ratis.thirdparty.io.grpc.stub.ClientCalls.blockingUnaryCall(ClientCalls.java:139)
	at org.apache.ratis.proto.grpc.RaftServerProtocolServiceGrpc$RaftServerProtocolServiceBlockingStub.requestVote(RaftServerProtocolServiceGrpc.java:265)
	at org.apache.ratis.grpc.server.GrpcServerProtocolClient.requestVote(GrpcServerProtocolClient.java:99)
	at org.apache.ratis.grpc.server.GrpcService.requestVote(GrpcService.java:204)
	at org.apache.ratis.server.impl.LeaderElection.lambda$submitRequests$1(LeaderElection.java:234)
	at java.util.concurrent.FutureTask.run(FutureTask.java:266)
	at java.util.concurrent.Executors$RunnableAdapter.call(Executors.java:511)
	at java.util.concurrent.FutureTask.run(FutureTask.java:266)
	at java.util.concurrent.ThreadPoolExecutor.runWorker(ThreadPoolExecutor.java:1149)
	at java.util.concurrent.ThreadPoolExecutor$Worker.run(ThreadPoolExecutor.java:624)
	... 1 more
Caused by: org.apache.ratis.thirdparty.io.netty.channel.AbstractChannel$AnnotatedConnectException: Connection refused: /192.168.157.220:43236
	at sun.nio.ch.SocketChannelImpl.checkConnect(Native Method)
	at sun.nio.ch.SocketChannelImpl.finishConnect(SocketChannelImpl.java:717)
	at org.apache.ratis.thirdparty.io.netty.channel.socket.nio.NioSocketChannel.doFinishConnect(NioSocketChannel.java:327)
	at org.apache.ratis.thirdparty.io.netty.channel.nio.AbstractNioChannel$AbstractNioUnsafe.finishConnect(AbstractNioChannel.java:340)
	at org.apache.ratis.thirdparty.io.netty.channel.nio.NioEventLoop.processSelectedKey(NioEventLoop.java:632)
	at org.apache.ratis.thirdparty.io.netty.channel.nio.NioEventLoop.processSelectedKeysOptimized(NioEventLoop.java:579)
	at org.apache.ratis.thirdparty.io.netty.channel.nio.NioEventLoop.processSelectedKeys(NioEventLoop.java:496)
	at org.apache.ratis.thirdparty.io.netty.channel.nio.NioEventLoop.run(NioEventLoop.java:458)
	at org.apache.ratis.thirdparty.io.netty.util.concurrent.SingleThreadEventExecutor$5.run(SingleThreadEventExecutor.java:897)
	at org.apache.ratis.thirdparty.io.netty.util.concurrent.FastThreadLocalRunnable.run(FastThreadLocalRunnable.java:30)
	... 1 more
Caused by: java.net.ConnectException: Connection refused
	... 11 more
2019-10-30 11:53:01,069 [9dbd5372-55c2-4532-b354-9494d3d545d2@group-F367C8FA5986-LeaderElection411] INFO  impl.RaftServerImpl (RaftServerImpl.java:setRole(184)) - 9dbd5372-55c2-4532-b354-9494d3d545d2@group-F367C8FA5986: changes role from CANDIDATE to FOLLOWER at term 215 for DISCOVERED_A_NEW_TERM
2019-10-30 11:53:01,069 [9dbd5372-55c2-4532-b354-9494d3d545d2@group-F367C8FA5986-LeaderElection411] INFO  impl.RoleInfo (RoleInfo.java:shutdownLeaderElection(134)) - 9dbd5372-55c2-4532-b354-9494d3d545d2: shutdown LeaderElection
2019-10-30 11:53:01,069 [9dbd5372-55c2-4532-b354-9494d3d545d2@group-F367C8FA5986-LeaderElection411] INFO  impl.RoleInfo (RoleInfo.java:updateAndGet(143)) - 9dbd5372-55c2-4532-b354-9494d3d545d2: start FollowerState
2019-10-30 11:53:01,167 [Thread-3133] INFO  impl.FollowerState (FollowerState.java:run(108)) - f26e10ed-fb17-49e6-a903-eadc130d13d1@group-83984122B78E-FollowerState: change to CANDIDATE, lastRpcTime:104ms, electionTimeout:104ms
2019-10-30 11:53:01,167 [Thread-3133] INFO  impl.RoleInfo (RoleInfo.java:shutdownFollowerState(121)) - f26e10ed-fb17-49e6-a903-eadc130d13d1: shutdown FollowerState
2019-10-30 11:53:01,167 [Thread-3133] INFO  impl.RaftServerImpl (RaftServerImpl.java:setRole(184)) - f26e10ed-fb17-49e6-a903-eadc130d13d1@group-83984122B78E: changes role from  FOLLOWER to CANDIDATE at term 225 for changeToCandidate
2019-10-30 11:53:01,167 [Thread-3133] INFO  impl.RoleInfo (RoleInfo.java:updateAndGet(143)) - f26e10ed-fb17-49e6-a903-eadc130d13d1: start LeaderElection
2019-10-30 11:53:01,177 [f26e10ed-fb17-49e6-a903-eadc130d13d1@group-83984122B78E-LeaderElection413] INFO  impl.LeaderElection (LeaderElection.java:askForVotes(178)) - f26e10ed-fb17-49e6-a903-eadc130d13d1@group-83984122B78E-LeaderElection413: begin an election at term 226 for -1: [4f16e274-8663-4a15-9c4c-c81f650ab979:192.168.157.220:38181, 4cc44201-a597-43af-a4ec-5b1b407a6250:192.168.157.220:36685, f26e10ed-fb17-49e6-a903-eadc130d13d1:192.168.157.220:32806], old=null
2019-10-30 11:53:01,178 [f26e10ed-fb17-49e6-a903-eadc130d13d1@group-83984122B78E-LeaderElection413] INFO  impl.LeaderElection (LogUtils.java:infoOrTrace(149)) - f26e10ed-fb17-49e6-a903-eadc130d13d1@group-83984122B78E-LeaderElection413 got exception when requesting votes: {}
java.util.concurrent.ExecutionException: org.apache.ratis.thirdparty.io.grpc.StatusRuntimeException: UNAVAILABLE: io exception
	at java.util.concurrent.FutureTask.report(FutureTask.java:122)
	at java.util.concurrent.FutureTask.get(FutureTask.java:192)
	at org.apache.ratis.server.impl.LeaderElection.waitForResults(LeaderElection.java:259)
	at org.apache.ratis.server.impl.LeaderElection.askForVotes(LeaderElection.java:197)
	at org.apache.ratis.server.impl.LeaderElection.run(LeaderElection.java:133)
	at java.lang.Thread.run(Thread.java:748)
Caused by: org.apache.ratis.thirdparty.io.grpc.StatusRuntimeException: UNAVAILABLE: io exception
	at org.apache.ratis.thirdparty.io.grpc.stub.ClientCalls.toStatusRuntimeException(ClientCalls.java:233)
	at org.apache.ratis.thirdparty.io.grpc.stub.ClientCalls.getUnchecked(ClientCalls.java:214)
	at org.apache.ratis.thirdparty.io.grpc.stub.ClientCalls.blockingUnaryCall(ClientCalls.java:139)
	at org.apache.ratis.proto.grpc.RaftServerProtocolServiceGrpc$RaftServerProtocolServiceBlockingStub.requestVote(RaftServerProtocolServiceGrpc.java:265)
	at org.apache.ratis.grpc.server.GrpcServerProtocolClient.requestVote(GrpcServerProtocolClient.java:99)
	at org.apache.ratis.grpc.server.GrpcService.requestVote(GrpcService.java:204)
	at org.apache.ratis.server.impl.LeaderElection.lambda$submitRequests$1(LeaderElection.java:234)
	at java.util.concurrent.FutureTask.run(FutureTask.java:266)
	at java.util.concurrent.Executors$RunnableAdapter.call(Executors.java:511)
	at java.util.concurrent.FutureTask.run(FutureTask.java:266)
	at java.util.concurrent.ThreadPoolExecutor.runWorker(ThreadPoolExecutor.java:1149)
	at java.util.concurrent.ThreadPoolExecutor$Worker.run(ThreadPoolExecutor.java:624)
	... 1 more
Caused by: org.apache.ratis.thirdparty.io.netty.channel.AbstractChannel$AnnotatedConnectException: Connection refused: /192.168.157.220:38181
	at sun.nio.ch.SocketChannelImpl.checkConnect(Native Method)
	at sun.nio.ch.SocketChannelImpl.finishConnect(SocketChannelImpl.java:717)
	at org.apache.ratis.thirdparty.io.netty.channel.socket.nio.NioSocketChannel.doFinishConnect(NioSocketChannel.java:327)
	at org.apache.ratis.thirdparty.io.netty.channel.nio.AbstractNioChannel$AbstractNioUnsafe.finishConnect(AbstractNioChannel.java:340)
	at org.apache.ratis.thirdparty.io.netty.channel.nio.NioEventLoop.processSelectedKey(NioEventLoop.java:632)
	at org.apache.ratis.thirdparty.io.netty.channel.nio.NioEventLoop.processSelectedKeysOptimized(NioEventLoop.java:579)
	at org.apache.ratis.thirdparty.io.netty.channel.nio.NioEventLoop.processSelectedKeys(NioEventLoop.java:496)
	at org.apache.ratis.thirdparty.io.netty.channel.nio.NioEventLoop.run(NioEventLoop.java:458)
	at org.apache.ratis.thirdparty.io.netty.util.concurrent.SingleThreadEventExecutor$5.run(SingleThreadEventExecutor.java:897)
	at org.apache.ratis.thirdparty.io.netty.util.concurrent.FastThreadLocalRunnable.run(FastThreadLocalRunnable.java:30)
	... 1 more
Caused by: java.net.ConnectException: Connection refused
	... 11 more
2019-10-30 11:53:01,182 [grpc-default-executor-8] INFO  impl.RaftServerImpl (RaftServerImpl.java:setRole(184)) - 4cc44201-a597-43af-a4ec-5b1b407a6250@group-83984122B78E: changes role from  FOLLOWER to FOLLOWER at term 226 for recognizeCandidate:f26e10ed-fb17-49e6-a903-eadc130d13d1
2019-10-30 11:53:01,182 [grpc-default-executor-8] INFO  impl.RoleInfo (RoleInfo.java:shutdownFollowerState(121)) - 4cc44201-a597-43af-a4ec-5b1b407a6250: shutdown FollowerState
2019-10-30 11:53:01,182 [grpc-default-executor-8] INFO  impl.RoleInfo (RoleInfo.java:updateAndGet(143)) - 4cc44201-a597-43af-a4ec-5b1b407a6250: start FollowerState
2019-10-30 11:53:01,182 [Thread-3131] INFO  impl.FollowerState (FollowerState.java:run(117)) - 4cc44201-a597-43af-a4ec-5b1b407a6250@group-83984122B78E-FollowerState was interrupted: java.lang.InterruptedException: sleep interrupted
2019-10-30 11:53:01,191 [f26e10ed-fb17-49e6-a903-eadc130d13d1@group-83984122B78E-LeaderElection413] INFO  impl.LeaderElection (LeaderElection.java:logAndReturn(56)) - f26e10ed-fb17-49e6-a903-eadc130d13d1@group-83984122B78E-LeaderElection413: Election REJECTED; received 1 response(s) [f26e10ed-fb17-49e6-a903-eadc130d13d1<-4cc44201-a597-43af-a4ec-5b1b407a6250#0:FAIL-t226] and 1 exception(s); f26e10ed-fb17-49e6-a903-eadc130d13d1@group-83984122B78E:t226, leader=null, voted=f26e10ed-fb17-49e6-a903-eadc130d13d1, raftlog=f26e10ed-fb17-49e6-a903-eadc130d13d1@group-83984122B78E-SegmentedRaftLog:OPENED:c-1,f-1,i0, conf=-1: [4f16e274-8663-4a15-9c4c-c81f650ab979:192.168.157.220:38181, 4cc44201-a597-43af-a4ec-5b1b407a6250:192.168.157.220:36685, f26e10ed-fb17-49e6-a903-eadc130d13d1:192.168.157.220:32806], old=null
2019-10-30 11:53:01,191 [f26e10ed-fb17-49e6-a903-eadc130d13d1@group-83984122B78E-LeaderElection413] INFO  impl.LeaderElection (LogUtils.java:infoOrTrace(149)) -   Exception 0: {}
java.util.concurrent.ExecutionException: org.apache.ratis.thirdparty.io.grpc.StatusRuntimeException: UNAVAILABLE: io exception
	at java.util.concurrent.FutureTask.report(FutureTask.java:122)
	at java.util.concurrent.FutureTask.get(FutureTask.java:192)
	at org.apache.ratis.server.impl.LeaderElection.waitForResults(LeaderElection.java:259)
	at org.apache.ratis.server.impl.LeaderElection.askForVotes(LeaderElection.java:197)
	at org.apache.ratis.server.impl.LeaderElection.run(LeaderElection.java:133)
	at java.lang.Thread.run(Thread.java:748)
Caused by: org.apache.ratis.thirdparty.io.grpc.StatusRuntimeException: UNAVAILABLE: io exception
	at org.apache.ratis.thirdparty.io.grpc.stub.ClientCalls.toStatusRuntimeException(ClientCalls.java:233)
	at org.apache.ratis.thirdparty.io.grpc.stub.ClientCalls.getUnchecked(ClientCalls.java:214)
	at org.apache.ratis.thirdparty.io.grpc.stub.ClientCalls.blockingUnaryCall(ClientCalls.java:139)
	at org.apache.ratis.proto.grpc.RaftServerProtocolServiceGrpc$RaftServerProtocolServiceBlockingStub.requestVote(RaftServerProtocolServiceGrpc.java:265)
	at org.apache.ratis.grpc.server.GrpcServerProtocolClient.requestVote(GrpcServerProtocolClient.java:99)
	at org.apache.ratis.grpc.server.GrpcService.requestVote(GrpcService.java:204)
	at org.apache.ratis.server.impl.LeaderElection.lambda$submitRequests$1(LeaderElection.java:234)
	at java.util.concurrent.FutureTask.run(FutureTask.java:266)
	at java.util.concurrent.Executors$RunnableAdapter.call(Executors.java:511)
	at java.util.concurrent.FutureTask.run(FutureTask.java:266)
	at java.util.concurrent.ThreadPoolExecutor.runWorker(ThreadPoolExecutor.java:1149)
	at java.util.concurrent.ThreadPoolExecutor$Worker.run(ThreadPoolExecutor.java:624)
	... 1 more
Caused by: org.apache.ratis.thirdparty.io.netty.channel.AbstractChannel$AnnotatedConnectException: Connection refused: /192.168.157.220:38181
	at sun.nio.ch.SocketChannelImpl.checkConnect(Native Method)
	at sun.nio.ch.SocketChannelImpl.finishConnect(SocketChannelImpl.java:717)
	at org.apache.ratis.thirdparty.io.netty.channel.socket.nio.NioSocketChannel.doFinishConnect(NioSocketChannel.java:327)
	at org.apache.ratis.thirdparty.io.netty.channel.nio.AbstractNioChannel$AbstractNioUnsafe.finishConnect(AbstractNioChannel.java:340)
	at org.apache.ratis.thirdparty.io.netty.channel.nio.NioEventLoop.processSelectedKey(NioEventLoop.java:632)
	at org.apache.ratis.thirdparty.io.netty.channel.nio.NioEventLoop.processSelectedKeysOptimized(NioEventLoop.java:579)
	at org.apache.ratis.thirdparty.io.netty.channel.nio.NioEventLoop.processSelectedKeys(NioEventLoop.java:496)
	at org.apache.ratis.thirdparty.io.netty.channel.nio.NioEventLoop.run(NioEventLoop.java:458)
	at org.apache.ratis.thirdparty.io.netty.util.concurrent.SingleThreadEventExecutor$5.run(SingleThreadEventExecutor.java:897)
	at org.apache.ratis.thirdparty.io.netty.util.concurrent.FastThreadLocalRunnable.run(FastThreadLocalRunnable.java:30)
	... 1 more
Caused by: java.net.ConnectException: Connection refused
	... 11 more
2019-10-30 11:53:01,192 [f26e10ed-fb17-49e6-a903-eadc130d13d1@group-83984122B78E-LeaderElection413] INFO  impl.RaftServerImpl (RaftServerImpl.java:setRole(184)) - f26e10ed-fb17-49e6-a903-eadc130d13d1@group-83984122B78E: changes role from CANDIDATE to FOLLOWER at term 226 for DISCOVERED_A_NEW_TERM
2019-10-30 11:53:01,192 [f26e10ed-fb17-49e6-a903-eadc130d13d1@group-83984122B78E-LeaderElection413] INFO  impl.RoleInfo (RoleInfo.java:shutdownLeaderElection(134)) - f26e10ed-fb17-49e6-a903-eadc130d13d1: shutdown LeaderElection
2019-10-30 11:53:01,192 [f26e10ed-fb17-49e6-a903-eadc130d13d1@group-83984122B78E-LeaderElection413] INFO  impl.RoleInfo (RoleInfo.java:updateAndGet(143)) - f26e10ed-fb17-49e6-a903-eadc130d13d1: start FollowerState
2019-10-30 11:53:01,245 [Thread-3134] INFO  impl.FollowerState (FollowerState.java:run(108)) - 9dbd5372-55c2-4532-b354-9494d3d545d2@group-F367C8FA5986-FollowerState: change to CANDIDATE, lastRpcTime:176ms, electionTimeout:176ms
2019-10-30 11:53:01,246 [Thread-3134] INFO  impl.RoleInfo (RoleInfo.java:shutdownFollowerState(121)) - 9dbd5372-55c2-4532-b354-9494d3d545d2: shutdown FollowerState
2019-10-30 11:53:01,246 [Thread-3134] INFO  impl.RaftServerImpl (RaftServerImpl.java:setRole(184)) - 9dbd5372-55c2-4532-b354-9494d3d545d2@group-F367C8FA5986: changes role from  FOLLOWER to CANDIDATE at term 215 for changeToCandidate
2019-10-30 11:53:01,246 [Thread-3134] INFO  impl.RoleInfo (RoleInfo.java:updateAndGet(143)) - 9dbd5372-55c2-4532-b354-9494d3d545d2: start LeaderElection
2019-10-30 11:53:01,257 [9dbd5372-55c2-4532-b354-9494d3d545d2@group-F367C8FA5986-LeaderElection414] INFO  impl.LeaderElection (LeaderElection.java:askForVotes(178)) - 9dbd5372-55c2-4532-b354-9494d3d545d2@group-F367C8FA5986-LeaderElection414: begin an election at term 216 for -1: [9b3ef6c9-0245-4756-bf80-45d41f7a4453:192.168.157.220:37058, cd11b2f5-3187-4d03-bd60-931991550c17:192.168.157.220:43236, 9dbd5372-55c2-4532-b354-9494d3d545d2:192.168.157.220:42993], old=null
2019-10-30 11:53:01,259 [9dbd5372-55c2-4532-b354-9494d3d545d2@group-F367C8FA5986-LeaderElection414] INFO  impl.LeaderElection (LogUtils.java:infoOrTrace(149)) - 9dbd5372-55c2-4532-b354-9494d3d545d2@group-F367C8FA5986-LeaderElection414 got exception when requesting votes: {}
java.util.concurrent.ExecutionException: org.apache.ratis.thirdparty.io.grpc.StatusRuntimeException: UNAVAILABLE: io exception
	at java.util.concurrent.FutureTask.report(FutureTask.java:122)
	at java.util.concurrent.FutureTask.get(FutureTask.java:192)
	at org.apache.ratis.server.impl.LeaderElection.waitForResults(LeaderElection.java:259)
	at org.apache.ratis.server.impl.LeaderElection.askForVotes(LeaderElection.java:197)
	at org.apache.ratis.server.impl.LeaderElection.run(LeaderElection.java:133)
	at java.lang.Thread.run(Thread.java:748)
Caused by: org.apache.ratis.thirdparty.io.grpc.StatusRuntimeException: UNAVAILABLE: io exception
	at org.apache.ratis.thirdparty.io.grpc.stub.ClientCalls.toStatusRuntimeException(ClientCalls.java:233)
	at org.apache.ratis.thirdparty.io.grpc.stub.ClientCalls.getUnchecked(ClientCalls.java:214)
	at org.apache.ratis.thirdparty.io.grpc.stub.ClientCalls.blockingUnaryCall(ClientCalls.java:139)
	at org.apache.ratis.proto.grpc.RaftServerProtocolServiceGrpc$RaftServerProtocolServiceBlockingStub.requestVote(RaftServerProtocolServiceGrpc.java:265)
	at org.apache.ratis.grpc.server.GrpcServerProtocolClient.requestVote(GrpcServerProtocolClient.java:99)
	at org.apache.ratis.grpc.server.GrpcService.requestVote(GrpcService.java:204)
	at org.apache.ratis.server.impl.LeaderElection.lambda$submitRequests$1(LeaderElection.java:234)
	at java.util.concurrent.FutureTask.run(FutureTask.java:266)
	at java.util.concurrent.Executors$RunnableAdapter.call(Executors.java:511)
	at java.util.concurrent.FutureTask.run(FutureTask.java:266)
	at java.util.concurrent.ThreadPoolExecutor.runWorker(ThreadPoolExecutor.java:1149)
	at java.util.concurrent.ThreadPoolExecutor$Worker.run(ThreadPoolExecutor.java:624)
	... 1 more
Caused by: org.apache.ratis.thirdparty.io.netty.channel.AbstractChannel$AnnotatedConnectException: Connection refused: /192.168.157.220:43236
	at sun.nio.ch.SocketChannelImpl.checkConnect(Native Method)
	at sun.nio.ch.SocketChannelImpl.finishConnect(SocketChannelImpl.java:717)
	at org.apache.ratis.thirdparty.io.netty.channel.socket.nio.NioSocketChannel.doFinishConnect(NioSocketChannel.java:327)
	at org.apache.ratis.thirdparty.io.netty.channel.nio.AbstractNioChannel$AbstractNioUnsafe.finishConnect(AbstractNioChannel.java:340)
	at org.apache.ratis.thirdparty.io.netty.channel.nio.NioEventLoop.processSelectedKey(NioEventLoop.java:632)
	at org.apache.ratis.thirdparty.io.netty.channel.nio.NioEventLoop.processSelectedKeysOptimized(NioEventLoop.java:579)
	at org.apache.ratis.thirdparty.io.netty.channel.nio.NioEventLoop.processSelectedKeys(NioEventLoop.java:496)
	at org.apache.ratis.thirdparty.io.netty.channel.nio.NioEventLoop.run(NioEventLoop.java:458)
	at org.apache.ratis.thirdparty.io.netty.util.concurrent.SingleThreadEventExecutor$5.run(SingleThreadEventExecutor.java:897)
	at org.apache.ratis.thirdparty.io.netty.util.concurrent.FastThreadLocalRunnable.run(FastThreadLocalRunnable.java:30)
	... 1 more
Caused by: java.net.ConnectException: Connection refused
	... 11 more
2019-10-30 11:53:01,267 [grpc-default-executor-8] INFO  impl.RaftServerImpl (RaftServerImpl.java:setRole(184)) - 9b3ef6c9-0245-4756-bf80-45d41f7a4453@group-F367C8FA5986: changes role from  FOLLOWER to FOLLOWER at term 216 for recognizeCandidate:9dbd5372-55c2-4532-b354-9494d3d545d2
2019-10-30 11:53:01,267 [grpc-default-executor-8] INFO  impl.RoleInfo (RoleInfo.java:shutdownFollowerState(121)) - 9b3ef6c9-0245-4756-bf80-45d41f7a4453: shutdown FollowerState
2019-10-30 11:53:01,267 [grpc-default-executor-8] INFO  impl.RoleInfo (RoleInfo.java:updateAndGet(143)) - 9b3ef6c9-0245-4756-bf80-45d41f7a4453: start FollowerState
2019-10-30 11:53:01,268 [Thread-3132] INFO  impl.FollowerState (FollowerState.java:run(117)) - 9b3ef6c9-0245-4756-bf80-45d41f7a4453@group-F367C8FA5986-FollowerState was interrupted: java.lang.InterruptedException: sleep interrupted
2019-10-30 11:53:01,299 [9dbd5372-55c2-4532-b354-9494d3d545d2@group-F367C8FA5986-LeaderElection414] INFO  impl.LeaderElection (LeaderElection.java:logAndReturn(56)) - 9dbd5372-55c2-4532-b354-9494d3d545d2@group-F367C8FA5986-LeaderElection414: Election REJECTED; received 1 response(s) [9dbd5372-55c2-4532-b354-9494d3d545d2<-9b3ef6c9-0245-4756-bf80-45d41f7a4453#0:FAIL-t216] and 1 exception(s); 9dbd5372-55c2-4532-b354-9494d3d545d2@group-F367C8FA5986:t216, leader=null, voted=9dbd5372-55c2-4532-b354-9494d3d545d2, raftlog=9dbd5372-55c2-4532-b354-9494d3d545d2@group-F367C8FA5986-SegmentedRaftLog:OPENED:c-1,f-1,i0, conf=-1: [9b3ef6c9-0245-4756-bf80-45d41f7a4453:192.168.157.220:37058, cd11b2f5-3187-4d03-bd60-931991550c17:192.168.157.220:43236, 9dbd5372-55c2-4532-b354-9494d3d545d2:192.168.157.220:42993], old=null
2019-10-30 11:53:01,299 [9dbd5372-55c2-4532-b354-9494d3d545d2@group-F367C8FA5986-LeaderElection414] INFO  impl.LeaderElection (LogUtils.java:infoOrTrace(149)) -   Exception 0: {}
java.util.concurrent.ExecutionException: org.apache.ratis.thirdparty.io.grpc.StatusRuntimeException: UNAVAILABLE: io exception
	at java.util.concurrent.FutureTask.report(FutureTask.java:122)
	at java.util.concurrent.FutureTask.get(FutureTask.java:192)
	at org.apache.ratis.server.impl.LeaderElection.waitForResults(LeaderElection.java:259)
	at org.apache.ratis.server.impl.LeaderElection.askForVotes(LeaderElection.java:197)
	at org.apache.ratis.server.impl.LeaderElection.run(LeaderElection.java:133)
	at java.lang.Thread.run(Thread.java:748)
Caused by: org.apache.ratis.thirdparty.io.grpc.StatusRuntimeException: UNAVAILABLE: io exception
	at org.apache.ratis.thirdparty.io.grpc.stub.ClientCalls.toStatusRuntimeException(ClientCalls.java:233)
	at org.apache.ratis.thirdparty.io.grpc.stub.ClientCalls.getUnchecked(ClientCalls.java:214)
	at org.apache.ratis.thirdparty.io.grpc.stub.ClientCalls.blockingUnaryCall(ClientCalls.java:139)
	at org.apache.ratis.proto.grpc.RaftServerProtocolServiceGrpc$RaftServerProtocolServiceBlockingStub.requestVote(RaftServerProtocolServiceGrpc.java:265)
	at org.apache.ratis.grpc.server.GrpcServerProtocolClient.requestVote(GrpcServerProtocolClient.java:99)
	at org.apache.ratis.grpc.server.GrpcService.requestVote(GrpcService.java:204)
	at org.apache.ratis.server.impl.LeaderElection.lambda$submitRequests$1(LeaderElection.java:234)
	at java.util.concurrent.FutureTask.run(FutureTask.java:266)
	at java.util.concurrent.Executors$RunnableAdapter.call(Executors.java:511)
	at java.util.concurrent.FutureTask.run(FutureTask.java:266)
	at java.util.concurrent.ThreadPoolExecutor.runWorker(ThreadPoolExecutor.java:1149)
	at java.util.concurrent.ThreadPoolExecutor$Worker.run(ThreadPoolExecutor.java:624)
	... 1 more
Caused by: org.apache.ratis.thirdparty.io.netty.channel.AbstractChannel$AnnotatedConnectException: Connection refused: /192.168.157.220:43236
	at sun.nio.ch.SocketChannelImpl.checkConnect(Native Method)
	at sun.nio.ch.SocketChannelImpl.finishConnect(SocketChannelImpl.java:717)
	at org.apache.ratis.thirdparty.io.netty.channel.socket.nio.NioSocketChannel.doFinishConnect(NioSocketChannel.java:327)
	at org.apache.ratis.thirdparty.io.netty.channel.nio.AbstractNioChannel$AbstractNioUnsafe.finishConnect(AbstractNioChannel.java:340)
	at org.apache.ratis.thirdparty.io.netty.channel.nio.NioEventLoop.processSelectedKey(NioEventLoop.java:632)
	at org.apache.ratis.thirdparty.io.netty.channel.nio.NioEventLoop.processSelectedKeysOptimized(NioEventLoop.java:579)
	at org.apache.ratis.thirdparty.io.netty.channel.nio.NioEventLoop.processSelectedKeys(NioEventLoop.java:496)
	at org.apache.ratis.thirdparty.io.netty.channel.nio.NioEventLoop.run(NioEventLoop.java:458)
	at org.apache.ratis.thirdparty.io.netty.util.concurrent.SingleThreadEventExecutor$5.run(SingleThreadEventExecutor.java:897)
	at org.apache.ratis.thirdparty.io.netty.util.concurrent.FastThreadLocalRunnable.run(FastThreadLocalRunnable.java:30)
	... 1 more
Caused by: java.net.ConnectException: Connection refused
	... 11 more
2019-10-30 11:53:01,300 [9dbd5372-55c2-4532-b354-9494d3d545d2@group-F367C8FA5986-LeaderElection414] INFO  impl.RaftServerImpl (RaftServerImpl.java:setRole(184)) - 9dbd5372-55c2-4532-b354-9494d3d545d2@group-F367C8FA5986: changes role from CANDIDATE to FOLLOWER at term 216 for DISCOVERED_A_NEW_TERM
2019-10-30 11:53:01,300 [9dbd5372-55c2-4532-b354-9494d3d545d2@group-F367C8FA5986-LeaderElection414] INFO  impl.RoleInfo (RoleInfo.java:shutdownLeaderElection(134)) - 9dbd5372-55c2-4532-b354-9494d3d545d2: shutdown LeaderElection
2019-10-30 11:53:01,300 [9dbd5372-55c2-4532-b354-9494d3d545d2@group-F367C8FA5986-LeaderElection414] INFO  impl.RoleInfo (RoleInfo.java:updateAndGet(143)) - 9dbd5372-55c2-4532-b354-9494d3d545d2: start FollowerState
2019-10-30 11:53:01,330 [Thread-3141] INFO  impl.FollowerState (FollowerState.java:run(108)) - f26e10ed-fb17-49e6-a903-eadc130d13d1@group-83984122B78E-FollowerState: change to CANDIDATE, lastRpcTime:138ms, electionTimeout:138ms
2019-10-30 11:53:01,330 [Thread-3141] INFO  impl.RoleInfo (RoleInfo.java:shutdownFollowerState(121)) - f26e10ed-fb17-49e6-a903-eadc130d13d1: shutdown FollowerState
2019-10-30 11:53:01,330 [Thread-3141] INFO  impl.RaftServerImpl (RaftServerImpl.java:setRole(184)) - f26e10ed-fb17-49e6-a903-eadc130d13d1@group-83984122B78E: changes role from  FOLLOWER to CANDIDATE at term 226 for changeToCandidate
2019-10-30 11:53:01,330 [Thread-3141] INFO  impl.RoleInfo (RoleInfo.java:updateAndGet(143)) - f26e10ed-fb17-49e6-a903-eadc130d13d1: start LeaderElection
2019-10-30 11:53:01,336 [f26e10ed-fb17-49e6-a903-eadc130d13d1@group-83984122B78E-LeaderElection415] INFO  impl.LeaderElection (LeaderElection.java:askForVotes(178)) - f26e10ed-fb17-49e6-a903-eadc130d13d1@group-83984122B78E-LeaderElection415: begin an election at term 227 for -1: [4f16e274-8663-4a15-9c4c-c81f650ab979:192.168.157.220:38181, 4cc44201-a597-43af-a4ec-5b1b407a6250:192.168.157.220:36685, f26e10ed-fb17-49e6-a903-eadc130d13d1:192.168.157.220:32806], old=null
2019-10-30 11:53:01,342 [f26e10ed-fb17-49e6-a903-eadc130d13d1@group-83984122B78E-LeaderElection415] INFO  impl.LeaderElection (LogUtils.java:infoOrTrace(149)) - f26e10ed-fb17-49e6-a903-eadc130d13d1@group-83984122B78E-LeaderElection415 got exception when requesting votes: {}
java.util.concurrent.ExecutionException: org.apache.ratis.thirdparty.io.grpc.StatusRuntimeException: UNAVAILABLE: io exception
	at java.util.concurrent.FutureTask.report(FutureTask.java:122)
	at java.util.concurrent.FutureTask.get(FutureTask.java:192)
	at org.apache.ratis.server.impl.LeaderElection.waitForResults(LeaderElection.java:259)
	at org.apache.ratis.server.impl.LeaderElection.askForVotes(LeaderElection.java:197)
	at org.apache.ratis.server.impl.LeaderElection.run(LeaderElection.java:133)
	at java.lang.Thread.run(Thread.java:748)
Caused by: org.apache.ratis.thirdparty.io.grpc.StatusRuntimeException: UNAVAILABLE: io exception
	at org.apache.ratis.thirdparty.io.grpc.stub.ClientCalls.toStatusRuntimeException(ClientCalls.java:233)
	at org.apache.ratis.thirdparty.io.grpc.stub.ClientCalls.getUnchecked(ClientCalls.java:214)
	at org.apache.ratis.thirdparty.io.grpc.stub.ClientCalls.blockingUnaryCall(ClientCalls.java:139)
	at org.apache.ratis.proto.grpc.RaftServerProtocolServiceGrpc$RaftServerProtocolServiceBlockingStub.requestVote(RaftServerProtocolServiceGrpc.java:265)
	at org.apache.ratis.grpc.server.GrpcServerProtocolClient.requestVote(GrpcServerProtocolClient.java:99)
	at org.apache.ratis.grpc.server.GrpcService.requestVote(GrpcService.java:204)
	at org.apache.ratis.server.impl.LeaderElection.lambda$submitRequests$1(LeaderElection.java:234)
	at java.util.concurrent.FutureTask.run(FutureTask.java:266)
	at java.util.concurrent.Executors$RunnableAdapter.call(Executors.java:511)
	at java.util.concurrent.FutureTask.run(FutureTask.java:266)
	at java.util.concurrent.ThreadPoolExecutor.runWorker(ThreadPoolExecutor.java:1149)
	at java.util.concurrent.ThreadPoolExecutor$Worker.run(ThreadPoolExecutor.java:624)
	... 1 more
Caused by: org.apache.ratis.thirdparty.io.netty.channel.AbstractChannel$AnnotatedConnectException: Connection refused: /192.168.157.220:38181
	at sun.nio.ch.SocketChannelImpl.checkConnect(Native Method)
	at sun.nio.ch.SocketChannelImpl.finishConnect(SocketChannelImpl.java:717)
	at org.apache.ratis.thirdparty.io.netty.channel.socket.nio.NioSocketChannel.doFinishConnect(NioSocketChannel.java:327)
	at org.apache.ratis.thirdparty.io.netty.channel.nio.AbstractNioChannel$AbstractNioUnsafe.finishConnect(AbstractNioChannel.java:340)
	at org.apache.ratis.thirdparty.io.netty.channel.nio.NioEventLoop.processSelectedKey(NioEventLoop.java:632)
	at org.apache.ratis.thirdparty.io.netty.channel.nio.NioEventLoop.processSelectedKeysOptimized(NioEventLoop.java:579)
	at org.apache.ratis.thirdparty.io.netty.channel.nio.NioEventLoop.processSelectedKeys(NioEventLoop.java:496)
	at org.apache.ratis.thirdparty.io.netty.channel.nio.NioEventLoop.run(NioEventLoop.java:458)
	at org.apache.ratis.thirdparty.io.netty.util.concurrent.SingleThreadEventExecutor$5.run(SingleThreadEventExecutor.java:897)
	at org.apache.ratis.thirdparty.io.netty.util.concurrent.FastThreadLocalRunnable.run(FastThreadLocalRunnable.java:30)
	... 1 more
Caused by: java.net.ConnectException: Connection refused
	... 11 more
2019-10-30 11:53:01,343 [grpc-default-executor-8] INFO  impl.RaftServerImpl (RaftServerImpl.java:setRole(184)) - 4cc44201-a597-43af-a4ec-5b1b407a6250@group-83984122B78E: changes role from  FOLLOWER to FOLLOWER at term 227 for recognizeCandidate:f26e10ed-fb17-49e6-a903-eadc130d13d1
2019-10-30 11:53:01,343 [grpc-default-executor-8] INFO  impl.RoleInfo (RoleInfo.java:shutdownFollowerState(121)) - 4cc44201-a597-43af-a4ec-5b1b407a6250: shutdown FollowerState
2019-10-30 11:53:01,344 [grpc-default-executor-8] INFO  impl.RoleInfo (RoleInfo.java:updateAndGet(143)) - 4cc44201-a597-43af-a4ec-5b1b407a6250: start FollowerState
2019-10-30 11:53:01,344 [Thread-3140] INFO  impl.FollowerState (FollowerState.java:run(117)) - 4cc44201-a597-43af-a4ec-5b1b407a6250@group-83984122B78E-FollowerState was interrupted: java.lang.InterruptedException: sleep interrupted
2019-10-30 11:53:01,364 [f26e10ed-fb17-49e6-a903-eadc130d13d1@group-83984122B78E-LeaderElection415] INFO  impl.LeaderElection (LeaderElection.java:logAndReturn(56)) - f26e10ed-fb17-49e6-a903-eadc130d13d1@group-83984122B78E-LeaderElection415: Election REJECTED; received 1 response(s) [f26e10ed-fb17-49e6-a903-eadc130d13d1<-4cc44201-a597-43af-a4ec-5b1b407a6250#0:FAIL-t227] and 1 exception(s); f26e10ed-fb17-49e6-a903-eadc130d13d1@group-83984122B78E:t227, leader=null, voted=f26e10ed-fb17-49e6-a903-eadc130d13d1, raftlog=f26e10ed-fb17-49e6-a903-eadc130d13d1@group-83984122B78E-SegmentedRaftLog:OPENED:c-1,f-1,i0, conf=-1: [4f16e274-8663-4a15-9c4c-c81f650ab979:192.168.157.220:38181, 4cc44201-a597-43af-a4ec-5b1b407a6250:192.168.157.220:36685, f26e10ed-fb17-49e6-a903-eadc130d13d1:192.168.157.220:32806], old=null
2019-10-30 11:53:01,364 [f26e10ed-fb17-49e6-a903-eadc130d13d1@group-83984122B78E-LeaderElection415] INFO  impl.LeaderElection (LogUtils.java:infoOrTrace(149)) -   Exception 0: {}
java.util.concurrent.ExecutionException: org.apache.ratis.thirdparty.io.grpc.StatusRuntimeException: UNAVAILABLE: io exception
	at java.util.concurrent.FutureTask.report(FutureTask.java:122)
	at java.util.concurrent.FutureTask.get(FutureTask.java:192)
	at org.apache.ratis.server.impl.LeaderElection.waitForResults(LeaderElection.java:259)
	at org.apache.ratis.server.impl.LeaderElection.askForVotes(LeaderElection.java:197)
	at org.apache.ratis.server.impl.LeaderElection.run(LeaderElection.java:133)
	at java.lang.Thread.run(Thread.java:748)
Caused by: org.apache.ratis.thirdparty.io.grpc.StatusRuntimeException: UNAVAILABLE: io exception
	at org.apache.ratis.thirdparty.io.grpc.stub.ClientCalls.toStatusRuntimeException(ClientCalls.java:233)
	at org.apache.ratis.thirdparty.io.grpc.stub.ClientCalls.getUnchecked(ClientCalls.java:214)
	at org.apache.ratis.thirdparty.io.grpc.stub.ClientCalls.blockingUnaryCall(ClientCalls.java:139)
	at org.apache.ratis.proto.grpc.RaftServerProtocolServiceGrpc$RaftServerProtocolServiceBlockingStub.requestVote(RaftServerProtocolServiceGrpc.java:265)
	at org.apache.ratis.grpc.server.GrpcServerProtocolClient.requestVote(GrpcServerProtocolClient.java:99)
	at org.apache.ratis.grpc.server.GrpcService.requestVote(GrpcService.java:204)
	at org.apache.ratis.server.impl.LeaderElection.lambda$submitRequests$1(LeaderElection.java:234)
	at java.util.concurrent.FutureTask.run(FutureTask.java:266)
	at java.util.concurrent.Executors$RunnableAdapter.call(Executors.java:511)
	at java.util.concurrent.FutureTask.run(FutureTask.java:266)
	at java.util.concurrent.ThreadPoolExecutor.runWorker(ThreadPoolExecutor.java:1149)
	at java.util.concurrent.ThreadPoolExecutor$Worker.run(ThreadPoolExecutor.java:624)
	... 1 more
Caused by: org.apache.ratis.thirdparty.io.netty.channel.AbstractChannel$AnnotatedConnectException: Connection refused: /192.168.157.220:38181
	at sun.nio.ch.SocketChannelImpl.checkConnect(Native Method)
	at sun.nio.ch.SocketChannelImpl.finishConnect(SocketChannelImpl.java:717)
	at org.apache.ratis.thirdparty.io.netty.channel.socket.nio.NioSocketChannel.doFinishConnect(NioSocketChannel.java:327)
	at org.apache.ratis.thirdparty.io.netty.channel.nio.AbstractNioChannel$AbstractNioUnsafe.finishConnect(AbstractNioChannel.java:340)
	at org.apache.ratis.thirdparty.io.netty.channel.nio.NioEventLoop.processSelectedKey(NioEventLoop.java:632)
	at org.apache.ratis.thirdparty.io.netty.channel.nio.NioEventLoop.processSelectedKeysOptimized(NioEventLoop.java:579)
	at org.apache.ratis.thirdparty.io.netty.channel.nio.NioEventLoop.processSelectedKeys(NioEventLoop.java:496)
	at org.apache.ratis.thirdparty.io.netty.channel.nio.NioEventLoop.run(NioEventLoop.java:458)
	at org.apache.ratis.thirdparty.io.netty.util.concurrent.SingleThreadEventExecutor$5.run(SingleThreadEventExecutor.java:897)
	at org.apache.ratis.thirdparty.io.netty.util.concurrent.FastThreadLocalRunnable.run(FastThreadLocalRunnable.java:30)
	... 1 more
Caused by: java.net.ConnectException: Connection refused
	... 11 more
2019-10-30 11:53:01,364 [f26e10ed-fb17-49e6-a903-eadc130d13d1@group-83984122B78E-LeaderElection415] INFO  impl.RaftServerImpl (RaftServerImpl.java:setRole(184)) - f26e10ed-fb17-49e6-a903-eadc130d13d1@group-83984122B78E: changes role from CANDIDATE to FOLLOWER at term 227 for DISCOVERED_A_NEW_TERM
2019-10-30 11:53:01,364 [f26e10ed-fb17-49e6-a903-eadc130d13d1@group-83984122B78E-LeaderElection415] INFO  impl.RoleInfo (RoleInfo.java:shutdownLeaderElection(134)) - f26e10ed-fb17-49e6-a903-eadc130d13d1: shutdown LeaderElection
2019-10-30 11:53:01,364 [f26e10ed-fb17-49e6-a903-eadc130d13d1@group-83984122B78E-LeaderElection415] INFO  impl.RoleInfo (RoleInfo.java:updateAndGet(143)) - f26e10ed-fb17-49e6-a903-eadc130d13d1: start FollowerState
2019-10-30 11:53:01,413 [Thread-3146] INFO  impl.FollowerState (FollowerState.java:run(108)) - 9dbd5372-55c2-4532-b354-9494d3d545d2@group-F367C8FA5986-FollowerState: change to CANDIDATE, lastRpcTime:112ms, electionTimeout:109ms
2019-10-30 11:53:01,413 [Thread-3146] INFO  impl.RoleInfo (RoleInfo.java:shutdownFollowerState(121)) - 9dbd5372-55c2-4532-b354-9494d3d545d2: shutdown FollowerState
2019-10-30 11:53:01,413 [Thread-3146] INFO  impl.RaftServerImpl (RaftServerImpl.java:setRole(184)) - 9dbd5372-55c2-4532-b354-9494d3d545d2@group-F367C8FA5986: changes role from  FOLLOWER to CANDIDATE at term 216 for changeToCandidate
2019-10-30 11:53:01,413 [Thread-3146] INFO  impl.RoleInfo (RoleInfo.java:updateAndGet(143)) - 9dbd5372-55c2-4532-b354-9494d3d545d2: start LeaderElection
2019-10-30 11:53:01,418 [9dbd5372-55c2-4532-b354-9494d3d545d2@group-F367C8FA5986-LeaderElection416] INFO  impl.LeaderElection (LeaderElection.java:askForVotes(178)) - 9dbd5372-55c2-4532-b354-9494d3d545d2@group-F367C8FA5986-LeaderElection416: begin an election at term 217 for -1: [9b3ef6c9-0245-4756-bf80-45d41f7a4453:192.168.157.220:37058, cd11b2f5-3187-4d03-bd60-931991550c17:192.168.157.220:43236, 9dbd5372-55c2-4532-b354-9494d3d545d2:192.168.157.220:42993], old=null
2019-10-30 11:53:01,423 [grpc-default-executor-8] INFO  impl.RaftServerImpl (RaftServerImpl.java:setRole(184)) - 9b3ef6c9-0245-4756-bf80-45d41f7a4453@group-F367C8FA5986: changes role from  FOLLOWER to FOLLOWER at term 217 for recognizeCandidate:9dbd5372-55c2-4532-b354-9494d3d545d2
2019-10-30 11:53:01,424 [grpc-default-executor-8] INFO  impl.RoleInfo (RoleInfo.java:shutdownFollowerState(121)) - 9b3ef6c9-0245-4756-bf80-45d41f7a4453: shutdown FollowerState
2019-10-30 11:53:01,424 [grpc-default-executor-8] INFO  impl.RoleInfo (RoleInfo.java:updateAndGet(143)) - 9b3ef6c9-0245-4756-bf80-45d41f7a4453: start FollowerState
2019-10-30 11:53:01,424 [9dbd5372-55c2-4532-b354-9494d3d545d2@group-F367C8FA5986-LeaderElection416] INFO  impl.LeaderElection (LogUtils.java:infoOrTrace(149)) - 9dbd5372-55c2-4532-b354-9494d3d545d2@group-F367C8FA5986-LeaderElection416 got exception when requesting votes: {}
java.util.concurrent.ExecutionException: org.apache.ratis.thirdparty.io.grpc.StatusRuntimeException: UNAVAILABLE: io exception
	at java.util.concurrent.FutureTask.report(FutureTask.java:122)
	at java.util.concurrent.FutureTask.get(FutureTask.java:192)
	at org.apache.ratis.server.impl.LeaderElection.waitForResults(LeaderElection.java:259)
	at org.apache.ratis.server.impl.LeaderElection.askForVotes(LeaderElection.java:197)
	at org.apache.ratis.server.impl.LeaderElection.run(LeaderElection.java:133)
	at java.lang.Thread.run(Thread.java:748)
Caused by: org.apache.ratis.thirdparty.io.grpc.StatusRuntimeException: UNAVAILABLE: io exception
	at org.apache.ratis.thirdparty.io.grpc.stub.ClientCalls.toStatusRuntimeException(ClientCalls.java:233)
	at org.apache.ratis.thirdparty.io.grpc.stub.ClientCalls.getUnchecked(ClientCalls.java:214)
	at org.apache.ratis.thirdparty.io.grpc.stub.ClientCalls.blockingUnaryCall(ClientCalls.java:139)
	at org.apache.ratis.proto.grpc.RaftServerProtocolServiceGrpc$RaftServerProtocolServiceBlockingStub.requestVote(RaftServerProtocolServiceGrpc.java:265)
	at org.apache.ratis.grpc.server.GrpcServerProtocolClient.requestVote(GrpcServerProtocolClient.java:99)
	at org.apache.ratis.grpc.server.GrpcService.requestVote(GrpcService.java:204)
	at org.apache.ratis.server.impl.LeaderElection.lambda$submitRequests$1(LeaderElection.java:234)
	at java.util.concurrent.FutureTask.run(FutureTask.java:266)
	at java.util.concurrent.Executors$RunnableAdapter.call(Executors.java:511)
	at java.util.concurrent.FutureTask.run(FutureTask.java:266)
	at java.util.concurrent.ThreadPoolExecutor.runWorker(ThreadPoolExecutor.java:1149)
	at java.util.concurrent.ThreadPoolExecutor$Worker.run(ThreadPoolExecutor.java:624)
	... 1 more
Caused by: org.apache.ratis.thirdparty.io.netty.channel.AbstractChannel$AnnotatedConnectException: Connection refused: /192.168.157.220:43236
	at sun.nio.ch.SocketChannelImpl.checkConnect(Native Method)
	at sun.nio.ch.SocketChannelImpl.finishConnect(SocketChannelImpl.java:717)
	at org.apache.ratis.thirdparty.io.netty.channel.socket.nio.NioSocketChannel.doFinishConnect(NioSocketChannel.java:327)
	at org.apache.ratis.thirdparty.io.netty.channel.nio.AbstractNioChannel$AbstractNioUnsafe.finishConnect(AbstractNioChannel.java:340)
	at org.apache.ratis.thirdparty.io.netty.channel.nio.NioEventLoop.processSelectedKey(NioEventLoop.java:632)
	at org.apache.ratis.thirdparty.io.netty.channel.nio.NioEventLoop.processSelectedKeysOptimized(NioEventLoop.java:579)
	at org.apache.ratis.thirdparty.io.netty.channel.nio.NioEventLoop.processSelectedKeys(NioEventLoop.java:496)
	at org.apache.ratis.thirdparty.io.netty.channel.nio.NioEventLoop.run(NioEventLoop.java:458)
	at org.apache.ratis.thirdparty.io.netty.util.concurrent.SingleThreadEventExecutor$5.run(SingleThreadEventExecutor.java:897)
	at org.apache.ratis.thirdparty.io.netty.util.concurrent.FastThreadLocalRunnable.run(FastThreadLocalRunnable.java:30)
	... 1 more
Caused by: java.net.ConnectException: Connection refused
	... 11 more
2019-10-30 11:53:01,426 [Thread-3151] INFO  impl.FollowerState (FollowerState.java:run(108)) - f26e10ed-fb17-49e6-a903-eadc130d13d1@group-83984122B78E-FollowerState: change to CANDIDATE, lastRpcTime:61ms, electionTimeout:57ms
2019-10-30 11:53:01,426 [Thread-3151] INFO  impl.RoleInfo (RoleInfo.java:shutdownFollowerState(121)) - f26e10ed-fb17-49e6-a903-eadc130d13d1: shutdown FollowerState
2019-10-30 11:53:01,426 [Thread-3151] INFO  impl.RaftServerImpl (RaftServerImpl.java:setRole(184)) - f26e10ed-fb17-49e6-a903-eadc130d13d1@group-83984122B78E: changes role from  FOLLOWER to CANDIDATE at term 227 for changeToCandidate
2019-10-30 11:53:01,424 [Thread-3145] INFO  impl.FollowerState (FollowerState.java:run(117)) - 9b3ef6c9-0245-4756-bf80-45d41f7a4453@group-F367C8FA5986-FollowerState was interrupted: java.lang.InterruptedException: sleep interrupted
2019-10-30 11:53:01,430 [Thread-3151] INFO  impl.RoleInfo (RoleInfo.java:updateAndGet(143)) - f26e10ed-fb17-49e6-a903-eadc130d13d1: start LeaderElection
2019-10-30 11:53:01,441 [9dbd5372-55c2-4532-b354-9494d3d545d2@group-F367C8FA5986-LeaderElection416] INFO  impl.LeaderElection (LeaderElection.java:logAndReturn(56)) - 9dbd5372-55c2-4532-b354-9494d3d545d2@group-F367C8FA5986-LeaderElection416: Election REJECTED; received 1 response(s) [9dbd5372-55c2-4532-b354-9494d3d545d2<-9b3ef6c9-0245-4756-bf80-45d41f7a4453#0:FAIL-t217] and 1 exception(s); 9dbd5372-55c2-4532-b354-9494d3d545d2@group-F367C8FA5986:t217, leader=null, voted=9dbd5372-55c2-4532-b354-9494d3d545d2, raftlog=9dbd5372-55c2-4532-b354-9494d3d545d2@group-F367C8FA5986-SegmentedRaftLog:OPENED:c-1,f-1,i0, conf=-1: [9b3ef6c9-0245-4756-bf80-45d41f7a4453:192.168.157.220:37058, cd11b2f5-3187-4d03-bd60-931991550c17:192.168.157.220:43236, 9dbd5372-55c2-4532-b354-9494d3d545d2:192.168.157.220:42993], old=null
2019-10-30 11:53:01,441 [9dbd5372-55c2-4532-b354-9494d3d545d2@group-F367C8FA5986-LeaderElection416] INFO  impl.LeaderElection (LogUtils.java:infoOrTrace(149)) -   Exception 0: {}
java.util.concurrent.ExecutionException: org.apache.ratis.thirdparty.io.grpc.StatusRuntimeException: UNAVAILABLE: io exception
	at java.util.concurrent.FutureTask.report(FutureTask.java:122)
	at java.util.concurrent.FutureTask.get(FutureTask.java:192)
	at org.apache.ratis.server.impl.LeaderElection.waitForResults(LeaderElection.java:259)
	at org.apache.ratis.server.impl.LeaderElection.askForVotes(LeaderElection.java:197)
	at org.apache.ratis.server.impl.LeaderElection.run(LeaderElection.java:133)
	at java.lang.Thread.run(Thread.java:748)
Caused by: org.apache.ratis.thirdparty.io.grpc.StatusRuntimeException: UNAVAILABLE: io exception
	at org.apache.ratis.thirdparty.io.grpc.stub.ClientCalls.toStatusRuntimeException(ClientCalls.java:233)
	at org.apache.ratis.thirdparty.io.grpc.stub.ClientCalls.getUnchecked(ClientCalls.java:214)
	at org.apache.ratis.thirdparty.io.grpc.stub.ClientCalls.blockingUnaryCall(ClientCalls.java:139)
	at org.apache.ratis.proto.grpc.RaftServerProtocolServiceGrpc$RaftServerProtocolServiceBlockingStub.requestVote(RaftServerProtocolServiceGrpc.java:265)
	at org.apache.ratis.grpc.server.GrpcServerProtocolClient.requestVote(GrpcServerProtocolClient.java:99)
	at org.apache.ratis.grpc.server.GrpcService.requestVote(GrpcService.java:204)
	at org.apache.ratis.server.impl.LeaderElection.lambda$submitRequests$1(LeaderElection.java:234)
	at java.util.concurrent.FutureTask.run(FutureTask.java:266)
	at java.util.concurrent.Executors$RunnableAdapter.call(Executors.java:511)
	at java.util.concurrent.FutureTask.run(FutureTask.java:266)
	at java.util.concurrent.ThreadPoolExecutor.runWorker(ThreadPoolExecutor.java:1149)
	at java.util.concurrent.ThreadPoolExecutor$Worker.run(ThreadPoolExecutor.java:624)
	... 1 more
Caused by: org.apache.ratis.thirdparty.io.netty.channel.AbstractChannel$AnnotatedConnectException: Connection refused: /192.168.157.220:43236
	at sun.nio.ch.SocketChannelImpl.checkConnect(Native Method)
	at sun.nio.ch.SocketChannelImpl.finishConnect(SocketChannelImpl.java:717)
	at org.apache.ratis.thirdparty.io.netty.channel.socket.nio.NioSocketChannel.doFinishConnect(NioSocketChannel.java:327)
	at org.apache.ratis.thirdparty.io.netty.channel.nio.AbstractNioChannel$AbstractNioUnsafe.finishConnect(AbstractNioChannel.java:340)
	at org.apache.ratis.thirdparty.io.netty.channel.nio.NioEventLoop.processSelectedKey(NioEventLoop.java:632)
	at org.apache.ratis.thirdparty.io.netty.channel.nio.NioEventLoop.processSelectedKeysOptimized(NioEventLoop.java:579)
	at org.apache.ratis.thirdparty.io.netty.channel.nio.NioEventLoop.processSelectedKeys(NioEventLoop.java:496)
	at org.apache.ratis.thirdparty.io.netty.channel.nio.NioEventLoop.run(NioEventLoop.java:458)
	at org.apache.ratis.thirdparty.io.netty.util.concurrent.SingleThreadEventExecutor$5.run(SingleThreadEventExecutor.java:897)
	at org.apache.ratis.thirdparty.io.netty.util.concurrent.FastThreadLocalRunnable.run(FastThreadLocalRunnable.java:30)
	... 1 more
Caused by: java.net.ConnectException: Connection refused
	... 11 more
2019-10-30 11:53:01,442 [9dbd5372-55c2-4532-b354-9494d3d545d2@group-F367C8FA5986-LeaderElection416] INFO  impl.RaftServerImpl (RaftServerImpl.java:setRole(184)) - 9dbd5372-55c2-4532-b354-9494d3d545d2@group-F367C8FA5986: changes role from CANDIDATE to FOLLOWER at term 217 for DISCOVERED_A_NEW_TERM
2019-10-30 11:53:01,442 [9dbd5372-55c2-4532-b354-9494d3d545d2@group-F367C8FA5986-LeaderElection416] INFO  impl.RoleInfo (RoleInfo.java:shutdownLeaderElection(134)) - 9dbd5372-55c2-4532-b354-9494d3d545d2: shutdown LeaderElection
2019-10-30 11:53:01,442 [9dbd5372-55c2-4532-b354-9494d3d545d2@group-F367C8FA5986-LeaderElection416] INFO  impl.RoleInfo (RoleInfo.java:updateAndGet(143)) - 9dbd5372-55c2-4532-b354-9494d3d545d2: start FollowerState
2019-10-30 11:53:01,447 [f26e10ed-fb17-49e6-a903-eadc130d13d1@group-83984122B78E-LeaderElection417] INFO  impl.LeaderElection (LeaderElection.java:askForVotes(178)) - f26e10ed-fb17-49e6-a903-eadc130d13d1@group-83984122B78E-LeaderElection417: begin an election at term 228 for -1: [4f16e274-8663-4a15-9c4c-c81f650ab979:192.168.157.220:38181, 4cc44201-a597-43af-a4ec-5b1b407a6250:192.168.157.220:36685, f26e10ed-fb17-49e6-a903-eadc130d13d1:192.168.157.220:32806], old=null
2019-10-30 11:53:01,451 [f26e10ed-fb17-49e6-a903-eadc130d13d1@group-83984122B78E-LeaderElection417] INFO  impl.LeaderElection (LogUtils.java:infoOrTrace(149)) - f26e10ed-fb17-49e6-a903-eadc130d13d1@group-83984122B78E-LeaderElection417 got exception when requesting votes: {}
java.util.concurrent.ExecutionException: org.apache.ratis.thirdparty.io.grpc.StatusRuntimeException: UNAVAILABLE: io exception
	at java.util.concurrent.FutureTask.report(FutureTask.java:122)
	at java.util.concurrent.FutureTask.get(FutureTask.java:192)
	at org.apache.ratis.server.impl.LeaderElection.waitForResults(LeaderElection.java:259)
	at org.apache.ratis.server.impl.LeaderElection.askForVotes(LeaderElection.java:197)
	at org.apache.ratis.server.impl.LeaderElection.run(LeaderElection.java:133)
	at java.lang.Thread.run(Thread.java:748)
Caused by: org.apache.ratis.thirdparty.io.grpc.StatusRuntimeException: UNAVAILABLE: io exception
	at org.apache.ratis.thirdparty.io.grpc.stub.ClientCalls.toStatusRuntimeException(ClientCalls.java:233)
	at org.apache.ratis.thirdparty.io.grpc.stub.ClientCalls.getUnchecked(ClientCalls.java:214)
	at org.apache.ratis.thirdparty.io.grpc.stub.ClientCalls.blockingUnaryCall(ClientCalls.java:139)
	at org.apache.ratis.proto.grpc.RaftServerProtocolServiceGrpc$RaftServerProtocolServiceBlockingStub.requestVote(RaftServerProtocolServiceGrpc.java:265)
	at org.apache.ratis.grpc.server.GrpcServerProtocolClient.requestVote(GrpcServerProtocolClient.java:99)
	at org.apache.ratis.grpc.server.GrpcService.requestVote(GrpcService.java:204)
	at org.apache.ratis.server.impl.LeaderElection.lambda$submitRequests$1(LeaderElection.java:234)
	at java.util.concurrent.FutureTask.run(FutureTask.java:266)
	at java.util.concurrent.Executors$RunnableAdapter.call(Executors.java:511)
	at java.util.concurrent.FutureTask.run(FutureTask.java:266)
	at java.util.concurrent.ThreadPoolExecutor.runWorker(ThreadPoolExecutor.java:1149)
	at java.util.concurrent.ThreadPoolExecutor$Worker.run(ThreadPoolExecutor.java:624)
	... 1 more
Caused by: org.apache.ratis.thirdparty.io.netty.channel.AbstractChannel$AnnotatedConnectException: Connection refused: /192.168.157.220:38181
	at sun.nio.ch.SocketChannelImpl.checkConnect(Native Method)
	at sun.nio.ch.SocketChannelImpl.finishConnect(SocketChannelImpl.java:717)
	at org.apache.ratis.thirdparty.io.netty.channel.socket.nio.NioSocketChannel.doFinishConnect(NioSocketChannel.java:327)
	at org.apache.ratis.thirdparty.io.netty.channel.nio.AbstractNioChannel$AbstractNioUnsafe.finishConnect(AbstractNioChannel.java:340)
	at org.apache.ratis.thirdparty.io.netty.channel.nio.NioEventLoop.processSelectedKey(NioEventLoop.java:632)
	at org.apache.ratis.thirdparty.io.netty.channel.nio.NioEventLoop.processSelectedKeysOptimized(NioEventLoop.java:579)
	at org.apache.ratis.thirdparty.io.netty.channel.nio.NioEventLoop.processSelectedKeys(NioEventLoop.java:496)
	at org.apache.ratis.thirdparty.io.netty.channel.nio.NioEventLoop.run(NioEventLoop.java:458)
	at org.apache.ratis.thirdparty.io.netty.util.concurrent.SingleThreadEventExecutor$5.run(SingleThreadEventExecutor.java:897)
	at org.apache.ratis.thirdparty.io.netty.util.concurrent.FastThreadLocalRunnable.run(FastThreadLocalRunnable.java:30)
	... 1 more
Caused by: java.net.ConnectException: Connection refused
	... 11 more
2019-10-30 11:53:01,461 [Thread-3157] INFO  impl.FollowerState (FollowerState.java:run(108)) - 9dbd5372-55c2-4532-b354-9494d3d545d2@group-F367C8FA5986-FollowerState: change to CANDIDATE, lastRpcTime:18ms, electionTimeout:13ms
2019-10-30 11:53:01,461 [Thread-3157] INFO  impl.RoleInfo (RoleInfo.java:shutdownFollowerState(121)) - 9dbd5372-55c2-4532-b354-9494d3d545d2: shutdown FollowerState
2019-10-30 11:53:01,461 [Thread-3157] INFO  impl.RaftServerImpl (RaftServerImpl.java:setRole(184)) - 9dbd5372-55c2-4532-b354-9494d3d545d2@group-F367C8FA5986: changes role from  FOLLOWER to CANDIDATE at term 217 for changeToCandidate
2019-10-30 11:53:01,461 [Thread-3157] INFO  impl.RoleInfo (RoleInfo.java:updateAndGet(143)) - 9dbd5372-55c2-4532-b354-9494d3d545d2: start LeaderElection
2019-10-30 11:53:01,462 [grpc-default-executor-8] INFO  impl.RaftServerImpl (RaftServerImpl.java:setRole(184)) - 4cc44201-a597-43af-a4ec-5b1b407a6250@group-83984122B78E: changes role from  FOLLOWER to FOLLOWER at term 228 for recognizeCandidate:f26e10ed-fb17-49e6-a903-eadc130d13d1
2019-10-30 11:53:01,462 [grpc-default-executor-8] INFO  impl.RoleInfo (RoleInfo.java:shutdownFollowerState(121)) - 4cc44201-a597-43af-a4ec-5b1b407a6250: shutdown FollowerState
2019-10-30 11:53:01,466 [grpc-default-executor-8] INFO  impl.RoleInfo (RoleInfo.java:updateAndGet(143)) - 4cc44201-a597-43af-a4ec-5b1b407a6250: start FollowerState
2019-10-30 11:53:01,467 [Thread-3150] INFO  impl.FollowerState (FollowerState.java:run(117)) - 4cc44201-a597-43af-a4ec-5b1b407a6250@group-83984122B78E-FollowerState was interrupted: java.lang.InterruptedException: sleep interrupted
2019-10-30 11:53:01,485 [9dbd5372-55c2-4532-b354-9494d3d545d2@group-F367C8FA5986-LeaderElection418] INFO  impl.LeaderElection (LeaderElection.java:askForVotes(178)) - 9dbd5372-55c2-4532-b354-9494d3d545d2@group-F367C8FA5986-LeaderElection418: begin an election at term 218 for -1: [9b3ef6c9-0245-4756-bf80-45d41f7a4453:192.168.157.220:37058, cd11b2f5-3187-4d03-bd60-931991550c17:192.168.157.220:43236, 9dbd5372-55c2-4532-b354-9494d3d545d2:192.168.157.220:42993], old=null
2019-10-30 11:53:01,487 [9dbd5372-55c2-4532-b354-9494d3d545d2@group-F367C8FA5986-LeaderElection418] INFO  impl.LeaderElection (LogUtils.java:infoOrTrace(149)) - 9dbd5372-55c2-4532-b354-9494d3d545d2@group-F367C8FA5986-LeaderElection418 got exception when requesting votes: {}
java.util.concurrent.ExecutionException: org.apache.ratis.thirdparty.io.grpc.StatusRuntimeException: UNAVAILABLE: io exception
	at java.util.concurrent.FutureTask.report(FutureTask.java:122)
	at java.util.concurrent.FutureTask.get(FutureTask.java:192)
	at org.apache.ratis.server.impl.LeaderElection.waitForResults(LeaderElection.java:259)
	at org.apache.ratis.server.impl.LeaderElection.askForVotes(LeaderElection.java:197)
	at org.apache.ratis.server.impl.LeaderElection.run(LeaderElection.java:133)
	at java.lang.Thread.run(Thread.java:748)
Caused by: org.apache.ratis.thirdparty.io.grpc.StatusRuntimeException: UNAVAILABLE: io exception
	at org.apache.ratis.thirdparty.io.grpc.stub.ClientCalls.toStatusRuntimeException(ClientCalls.java:233)
	at org.apache.ratis.thirdparty.io.grpc.stub.ClientCalls.getUnchecked(ClientCalls.java:214)
	at org.apache.ratis.thirdparty.io.grpc.stub.ClientCalls.blockingUnaryCall(ClientCalls.java:139)
	at org.apache.ratis.proto.grpc.RaftServerProtocolServiceGrpc$RaftServerProtocolServiceBlockingStub.requestVote(RaftServerProtocolServiceGrpc.java:265)
	at org.apache.ratis.grpc.server.GrpcServerProtocolClient.requestVote(GrpcServerProtocolClient.java:99)
	at org.apache.ratis.grpc.server.GrpcService.requestVote(GrpcService.java:204)
	at org.apache.ratis.server.impl.LeaderElection.lambda$submitRequests$1(LeaderElection.java:234)
	at java.util.concurrent.FutureTask.run(FutureTask.java:266)
	at java.util.concurrent.Executors$RunnableAdapter.call(Executors.java:511)
	at java.util.concurrent.FutureTask.run(FutureTask.java:266)
	at java.util.concurrent.ThreadPoolExecutor.runWorker(ThreadPoolExecutor.java:1149)
	at java.util.concurrent.ThreadPoolExecutor$Worker.run(ThreadPoolExecutor.java:624)
	... 1 more
Caused by: org.apache.ratis.thirdparty.io.netty.channel.AbstractChannel$AnnotatedConnectException: Connection refused: /192.168.157.220:43236
	at sun.nio.ch.SocketChannelImpl.checkConnect(Native Method)
	at sun.nio.ch.SocketChannelImpl.finishConnect(SocketChannelImpl.java:717)
	at org.apache.ratis.thirdparty.io.netty.channel.socket.nio.NioSocketChannel.doFinishConnect(NioSocketChannel.java:327)
	at org.apache.ratis.thirdparty.io.netty.channel.nio.AbstractNioChannel$AbstractNioUnsafe.finishConnect(AbstractNioChannel.java:340)
	at org.apache.ratis.thirdparty.io.netty.channel.nio.NioEventLoop.processSelectedKey(NioEventLoop.java:632)
	at org.apache.ratis.thirdparty.io.netty.channel.nio.NioEventLoop.processSelectedKeysOptimized(NioEventLoop.java:579)
	at org.apache.ratis.thirdparty.io.netty.channel.nio.NioEventLoop.processSelectedKeys(NioEventLoop.java:496)
	at org.apache.ratis.thirdparty.io.netty.channel.nio.NioEventLoop.run(NioEventLoop.java:458)
	at org.apache.ratis.thirdparty.io.netty.util.concurrent.SingleThreadEventExecutor$5.run(SingleThreadEventExecutor.java:897)
	at org.apache.ratis.thirdparty.io.netty.util.concurrent.FastThreadLocalRunnable.run(FastThreadLocalRunnable.java:30)
	... 1 more
Caused by: java.net.ConnectException: Connection refused
	... 11 more
2019-10-30 11:53:01,487 [f26e10ed-fb17-49e6-a903-eadc130d13d1@group-83984122B78E-LeaderElection417] INFO  impl.LeaderElection (LeaderElection.java:logAndReturn(56)) - f26e10ed-fb17-49e6-a903-eadc130d13d1@group-83984122B78E-LeaderElection417: Election REJECTED; received 1 response(s) [f26e10ed-fb17-49e6-a903-eadc130d13d1<-4cc44201-a597-43af-a4ec-5b1b407a6250#0:FAIL-t228] and 1 exception(s); f26e10ed-fb17-49e6-a903-eadc130d13d1@group-83984122B78E:t228, leader=null, voted=f26e10ed-fb17-49e6-a903-eadc130d13d1, raftlog=f26e10ed-fb17-49e6-a903-eadc130d13d1@group-83984122B78E-SegmentedRaftLog:OPENED:c-1,f-1,i0, conf=-1: [4f16e274-8663-4a15-9c4c-c81f650ab979:192.168.157.220:38181, 4cc44201-a597-43af-a4ec-5b1b407a6250:192.168.157.220:36685, f26e10ed-fb17-49e6-a903-eadc130d13d1:192.168.157.220:32806], old=null
2019-10-30 11:53:01,487 [f26e10ed-fb17-49e6-a903-eadc130d13d1@group-83984122B78E-LeaderElection417] INFO  impl.LeaderElection (LogUtils.java:infoOrTrace(149)) -   Exception 0: {}
java.util.concurrent.ExecutionException: org.apache.ratis.thirdparty.io.grpc.StatusRuntimeException: UNAVAILABLE: io exception
	at java.util.concurrent.FutureTask.report(FutureTask.java:122)
	at java.util.concurrent.FutureTask.get(FutureTask.java:192)
	at org.apache.ratis.server.impl.LeaderElection.waitForResults(LeaderElection.java:259)
	at org.apache.ratis.server.impl.LeaderElection.askForVotes(LeaderElection.java:197)
	at org.apache.ratis.server.impl.LeaderElection.run(LeaderElection.java:133)
	at java.lang.Thread.run(Thread.java:748)
Caused by: org.apache.ratis.thirdparty.io.grpc.StatusRuntimeException: UNAVAILABLE: io exception
	at org.apache.ratis.thirdparty.io.grpc.stub.ClientCalls.toStatusRuntimeException(ClientCalls.java:233)
	at org.apache.ratis.thirdparty.io.grpc.stub.ClientCalls.getUnchecked(ClientCalls.java:214)
	at org.apache.ratis.thirdparty.io.grpc.stub.ClientCalls.blockingUnaryCall(ClientCalls.java:139)
	at org.apache.ratis.proto.grpc.RaftServerProtocolServiceGrpc$RaftServerProtocolServiceBlockingStub.requestVote(RaftServerProtocolServiceGrpc.java:265)
	at org.apache.ratis.grpc.server.GrpcServerProtocolClient.requestVote(GrpcServerProtocolClient.java:99)
	at org.apache.ratis.grpc.server.GrpcService.requestVote(GrpcService.java:204)
	at org.apache.ratis.server.impl.LeaderElection.lambda$submitRequests$1(LeaderElection.java:234)
	at java.util.concurrent.FutureTask.run(FutureTask.java:266)
	at java.util.concurrent.Executors$RunnableAdapter.call(Executors.java:511)
	at java.util.concurrent.FutureTask.run(FutureTask.java:266)
	at java.util.concurrent.ThreadPoolExecutor.runWorker(ThreadPoolExecutor.java:1149)
	at java.util.concurrent.ThreadPoolExecutor$Worker.run(ThreadPoolExecutor.java:624)
	... 1 more
Caused by: org.apache.ratis.thirdparty.io.netty.channel.AbstractChannel$AnnotatedConnectException: Connection refused: /192.168.157.220:38181
	at sun.nio.ch.SocketChannelImpl.checkConnect(Native Method)
	at sun.nio.ch.SocketChannelImpl.finishConnect(SocketChannelImpl.java:717)
	at org.apache.ratis.thirdparty.io.netty.channel.socket.nio.NioSocketChannel.doFinishConnect(NioSocketChannel.java:327)
	at org.apache.ratis.thirdparty.io.netty.channel.nio.AbstractNioChannel$AbstractNioUnsafe.finishConnect(AbstractNioChannel.java:340)
	at org.apache.ratis.thirdparty.io.netty.channel.nio.NioEventLoop.processSelectedKey(NioEventLoop.java:632)
	at org.apache.ratis.thirdparty.io.netty.channel.nio.NioEventLoop.processSelectedKeysOptimized(NioEventLoop.java:579)
	at org.apache.ratis.thirdparty.io.netty.channel.nio.NioEventLoop.processSelectedKeys(NioEventLoop.java:496)
	at org.apache.ratis.thirdparty.io.netty.channel.nio.NioEventLoop.run(NioEventLoop.java:458)
	at org.apache.ratis.thirdparty.io.netty.util.concurrent.SingleThreadEventExecutor$5.run(SingleThreadEventExecutor.java:897)
	at org.apache.ratis.thirdparty.io.netty.util.concurrent.FastThreadLocalRunnable.run(FastThreadLocalRunnable.java:30)
	... 1 more
Caused by: java.net.ConnectException: Connection refused
	... 11 more
2019-10-30 11:53:01,488 [f26e10ed-fb17-49e6-a903-eadc130d13d1@group-83984122B78E-LeaderElection417] INFO  impl.RaftServerImpl (RaftServerImpl.java:setRole(184)) - f26e10ed-fb17-49e6-a903-eadc130d13d1@group-83984122B78E: changes role from CANDIDATE to FOLLOWER at term 228 for DISCOVERED_A_NEW_TERM
2019-10-30 11:53:01,488 [f26e10ed-fb17-49e6-a903-eadc130d13d1@group-83984122B78E-LeaderElection417] INFO  impl.RoleInfo (RoleInfo.java:shutdownLeaderElection(134)) - f26e10ed-fb17-49e6-a903-eadc130d13d1: shutdown LeaderElection
2019-10-30 11:53:01,488 [f26e10ed-fb17-49e6-a903-eadc130d13d1@group-83984122B78E-LeaderElection417] INFO  impl.RoleInfo (RoleInfo.java:updateAndGet(143)) - f26e10ed-fb17-49e6-a903-eadc130d13d1: start FollowerState
2019-10-30 11:53:01,487 [grpc-default-executor-8] INFO  impl.RaftServerImpl (RaftServerImpl.java:setRole(184)) - 9b3ef6c9-0245-4756-bf80-45d41f7a4453@group-F367C8FA5986: changes role from  FOLLOWER to FOLLOWER at term 218 for recognizeCandidate:9dbd5372-55c2-4532-b354-9494d3d545d2
2019-10-30 11:53:01,491 [grpc-default-executor-8] INFO  impl.RoleInfo (RoleInfo.java:shutdownFollowerState(121)) - 9b3ef6c9-0245-4756-bf80-45d41f7a4453: shutdown FollowerState
2019-10-30 11:53:01,491 [grpc-default-executor-8] INFO  impl.RoleInfo (RoleInfo.java:updateAndGet(143)) - 9b3ef6c9-0245-4756-bf80-45d41f7a4453: start FollowerState
2019-10-30 11:53:01,491 [Thread-3155] INFO  impl.FollowerState (FollowerState.java:run(117)) - 9b3ef6c9-0245-4756-bf80-45d41f7a4453@group-F367C8FA5986-FollowerState was interrupted: java.lang.InterruptedException: sleep interrupted
2019-10-30 11:53:01,509 [9dbd5372-55c2-4532-b354-9494d3d545d2@group-F367C8FA5986-LeaderElection418] INFO  impl.LeaderElection (LeaderElection.java:logAndReturn(56)) - 9dbd5372-55c2-4532-b354-9494d3d545d2@group-F367C8FA5986-LeaderElection418: Election REJECTED; received 1 response(s) [9dbd5372-55c2-4532-b354-9494d3d545d2<-9b3ef6c9-0245-4756-bf80-45d41f7a4453#0:FAIL-t218] and 1 exception(s); 9dbd5372-55c2-4532-b354-9494d3d545d2@group-F367C8FA5986:t218, leader=null, voted=9dbd5372-55c2-4532-b354-9494d3d545d2, raftlog=9dbd5372-55c2-4532-b354-9494d3d545d2@group-F367C8FA5986-SegmentedRaftLog:OPENED:c-1,f-1,i0, conf=-1: [9b3ef6c9-0245-4756-bf80-45d41f7a4453:192.168.157.220:37058, cd11b2f5-3187-4d03-bd60-931991550c17:192.168.157.220:43236, 9dbd5372-55c2-4532-b354-9494d3d545d2:192.168.157.220:42993], old=null
2019-10-30 11:53:01,509 [9dbd5372-55c2-4532-b354-9494d3d545d2@group-F367C8FA5986-LeaderElection418] INFO  impl.LeaderElection (LogUtils.java:infoOrTrace(149)) -   Exception 0: {}
java.util.concurrent.ExecutionException: org.apache.ratis.thirdparty.io.grpc.StatusRuntimeException: UNAVAILABLE: io exception
	at java.util.concurrent.FutureTask.report(FutureTask.java:122)
	at java.util.concurrent.FutureTask.get(FutureTask.java:192)
	at org.apache.ratis.server.impl.LeaderElection.waitForResults(LeaderElection.java:259)
	at org.apache.ratis.server.impl.LeaderElection.askForVotes(LeaderElection.java:197)
	at org.apache.ratis.server.impl.LeaderElection.run(LeaderElection.java:133)
	at java.lang.Thread.run(Thread.java:748)
Caused by: org.apache.ratis.thirdparty.io.grpc.StatusRuntimeException: UNAVAILABLE: io exception
	at org.apache.ratis.thirdparty.io.grpc.stub.ClientCalls.toStatusRuntimeException(ClientCalls.java:233)
	at org.apache.ratis.thirdparty.io.grpc.stub.ClientCalls.getUnchecked(ClientCalls.java:214)
	at org.apache.ratis.thirdparty.io.grpc.stub.ClientCalls.blockingUnaryCall(ClientCalls.java:139)
	at org.apache.ratis.proto.grpc.RaftServerProtocolServiceGrpc$RaftServerProtocolServiceBlockingStub.requestVote(RaftServerProtocolServiceGrpc.java:265)
	at org.apache.ratis.grpc.server.GrpcServerProtocolClient.requestVote(GrpcServerProtocolClient.java:99)
	at org.apache.ratis.grpc.server.GrpcService.requestVote(GrpcService.java:204)
	at org.apache.ratis.server.impl.LeaderElection.lambda$submitRequests$1(LeaderElection.java:234)
	at java.util.concurrent.FutureTask.run(FutureTask.java:266)
	at java.util.concurrent.Executors$RunnableAdapter.call(Executors.java:511)
	at java.util.concurrent.FutureTask.run(FutureTask.java:266)
	at java.util.concurrent.ThreadPoolExecutor.runWorker(ThreadPoolExecutor.java:1149)
	at java.util.concurrent.ThreadPoolExecutor$Worker.run(ThreadPoolExecutor.java:624)
	... 1 more
Caused by: org.apache.ratis.thirdparty.io.netty.channel.AbstractChannel$AnnotatedConnectException: Connection refused: /192.168.157.220:43236
	at sun.nio.ch.SocketChannelImpl.checkConnect(Native Method)
	at sun.nio.ch.SocketChannelImpl.finishConnect(SocketChannelImpl.java:717)
	at org.apache.ratis.thirdparty.io.netty.channel.socket.nio.NioSocketChannel.doFinishConnect(NioSocketChannel.java:327)
	at org.apache.ratis.thirdparty.io.netty.channel.nio.AbstractNioChannel$AbstractNioUnsafe.finishConnect(AbstractNioChannel.java:340)
	at org.apache.ratis.thirdparty.io.netty.channel.nio.NioEventLoop.processSelectedKey(NioEventLoop.java:632)
	at org.apache.ratis.thirdparty.io.netty.channel.nio.NioEventLoop.processSelectedKeysOptimized(NioEventLoop.java:579)
	at org.apache.ratis.thirdparty.io.netty.channel.nio.NioEventLoop.processSelectedKeys(NioEventLoop.java:496)
	at org.apache.ratis.thirdparty.io.netty.channel.nio.NioEventLoop.run(NioEventLoop.java:458)
	at org.apache.ratis.thirdparty.io.netty.util.concurrent.SingleThreadEventExecutor$5.run(SingleThreadEventExecutor.java:897)
	at org.apache.ratis.thirdparty.io.netty.util.concurrent.FastThreadLocalRunnable.run(FastThreadLocalRunnable.java:30)
	... 1 more
Caused by: java.net.ConnectException: Connection refused
	... 11 more
2019-10-30 11:53:01,509 [9dbd5372-55c2-4532-b354-9494d3d545d2@group-F367C8FA5986-LeaderElection418] INFO  impl.RaftServerImpl (RaftServerImpl.java:setRole(184)) - 9dbd5372-55c2-4532-b354-9494d3d545d2@group-F367C8FA5986: changes role from CANDIDATE to FOLLOWER at term 218 for DISCOVERED_A_NEW_TERM
2019-10-30 11:53:01,509 [9dbd5372-55c2-4532-b354-9494d3d545d2@group-F367C8FA5986-LeaderElection418] INFO  impl.RoleInfo (RoleInfo.java:shutdownLeaderElection(134)) - 9dbd5372-55c2-4532-b354-9494d3d545d2: shutdown LeaderElection
2019-10-30 11:53:01,509 [9dbd5372-55c2-4532-b354-9494d3d545d2@group-F367C8FA5986-LeaderElection418] INFO  impl.RoleInfo (RoleInfo.java:updateAndGet(143)) - 9dbd5372-55c2-4532-b354-9494d3d545d2: start FollowerState
2019-10-30 11:53:01,523 [Thread-3164] INFO  impl.FollowerState (FollowerState.java:run(108)) - f26e10ed-fb17-49e6-a903-eadc130d13d1@group-83984122B78E-FollowerState: change to CANDIDATE, lastRpcTime:35ms, electionTimeout:35ms
2019-10-30 11:53:01,524 [Thread-3164] INFO  impl.RoleInfo (RoleInfo.java:shutdownFollowerState(121)) - f26e10ed-fb17-49e6-a903-eadc130d13d1: shutdown FollowerState
2019-10-30 11:53:01,524 [Thread-3164] INFO  impl.RaftServerImpl (RaftServerImpl.java:setRole(184)) - f26e10ed-fb17-49e6-a903-eadc130d13d1@group-83984122B78E: changes role from  FOLLOWER to CANDIDATE at term 228 for changeToCandidate
2019-10-30 11:53:01,524 [Thread-3164] INFO  impl.RoleInfo (RoleInfo.java:updateAndGet(143)) - f26e10ed-fb17-49e6-a903-eadc130d13d1: start LeaderElection
2019-10-30 11:53:01,537 [f26e10ed-fb17-49e6-a903-eadc130d13d1@group-83984122B78E-LeaderElection419] INFO  impl.LeaderElection (LeaderElection.java:askForVotes(178)) - f26e10ed-fb17-49e6-a903-eadc130d13d1@group-83984122B78E-LeaderElection419: begin an election at term 229 for -1: [4f16e274-8663-4a15-9c4c-c81f650ab979:192.168.157.220:38181, 4cc44201-a597-43af-a4ec-5b1b407a6250:192.168.157.220:36685, f26e10ed-fb17-49e6-a903-eadc130d13d1:192.168.157.220:32806], old=null
2019-10-30 11:53:01,537 [f26e10ed-fb17-49e6-a903-eadc130d13d1@group-83984122B78E-LeaderElection419] INFO  impl.LeaderElection (LogUtils.java:infoOrTrace(149)) - f26e10ed-fb17-49e6-a903-eadc130d13d1@group-83984122B78E-LeaderElection419 got exception when requesting votes: {}
java.util.concurrent.ExecutionException: org.apache.ratis.thirdparty.io.grpc.StatusRuntimeException: UNAVAILABLE: io exception
	at java.util.concurrent.FutureTask.report(FutureTask.java:122)
	at java.util.concurrent.FutureTask.get(FutureTask.java:192)
	at org.apache.ratis.server.impl.LeaderElection.waitForResults(LeaderElection.java:259)
	at org.apache.ratis.server.impl.LeaderElection.askForVotes(LeaderElection.java:197)
	at org.apache.ratis.server.impl.LeaderElection.run(LeaderElection.java:133)
	at java.lang.Thread.run(Thread.java:748)
Caused by: org.apache.ratis.thirdparty.io.grpc.StatusRuntimeException: UNAVAILABLE: io exception
	at org.apache.ratis.thirdparty.io.grpc.stub.ClientCalls.toStatusRuntimeException(ClientCalls.java:233)
	at org.apache.ratis.thirdparty.io.grpc.stub.ClientCalls.getUnchecked(ClientCalls.java:214)
	at org.apache.ratis.thirdparty.io.grpc.stub.ClientCalls.blockingUnaryCall(ClientCalls.java:139)
	at org.apache.ratis.proto.grpc.RaftServerProtocolServiceGrpc$RaftServerProtocolServiceBlockingStub.requestVote(RaftServerProtocolServiceGrpc.java:265)
	at org.apache.ratis.grpc.server.GrpcServerProtocolClient.requestVote(GrpcServerProtocolClient.java:99)
	at org.apache.ratis.grpc.server.GrpcService.requestVote(GrpcService.java:204)
	at org.apache.ratis.server.impl.LeaderElection.lambda$submitRequests$1(LeaderElection.java:234)
	at java.util.concurrent.FutureTask.run(FutureTask.java:266)
	at java.util.concurrent.Executors$RunnableAdapter.call(Executors.java:511)
	at java.util.concurrent.FutureTask.run(FutureTask.java:266)
	at java.util.concurrent.ThreadPoolExecutor.runWorker(ThreadPoolExecutor.java:1149)
	at java.util.concurrent.ThreadPoolExecutor$Worker.run(ThreadPoolExecutor.java:624)
	... 1 more
Caused by: org.apache.ratis.thirdparty.io.netty.channel.AbstractChannel$AnnotatedConnectException: Connection refused: /192.168.157.220:38181
	at sun.nio.ch.SocketChannelImpl.checkConnect(Native Method)
	at sun.nio.ch.SocketChannelImpl.finishConnect(SocketChannelImpl.java:717)
	at org.apache.ratis.thirdparty.io.netty.channel.socket.nio.NioSocketChannel.doFinishConnect(NioSocketChannel.java:327)
	at org.apache.ratis.thirdparty.io.netty.channel.nio.AbstractNioChannel$AbstractNioUnsafe.finishConnect(AbstractNioChannel.java:340)
	at org.apache.ratis.thirdparty.io.netty.channel.nio.NioEventLoop.processSelectedKey(NioEventLoop.java:632)
	at org.apache.ratis.thirdparty.io.netty.channel.nio.NioEventLoop.processSelectedKeysOptimized(NioEventLoop.java:579)
	at org.apache.ratis.thirdparty.io.netty.channel.nio.NioEventLoop.processSelectedKeys(NioEventLoop.java:496)
	at org.apache.ratis.thirdparty.io.netty.channel.nio.NioEventLoop.run(NioEventLoop.java:458)
	at org.apache.ratis.thirdparty.io.netty.util.concurrent.SingleThreadEventExecutor$5.run(SingleThreadEventExecutor.java:897)
	at org.apache.ratis.thirdparty.io.netty.util.concurrent.FastThreadLocalRunnable.run(FastThreadLocalRunnable.java:30)
	... 1 more
Caused by: java.net.ConnectException: Connection refused
	... 11 more
2019-10-30 11:53:01,538 [grpc-default-executor-8] INFO  impl.RaftServerImpl (RaftServerImpl.java:setRole(184)) - 4cc44201-a597-43af-a4ec-5b1b407a6250@group-83984122B78E: changes role from  FOLLOWER to FOLLOWER at term 229 for recognizeCandidate:f26e10ed-fb17-49e6-a903-eadc130d13d1
2019-10-30 11:53:01,538 [grpc-default-executor-8] INFO  impl.RoleInfo (RoleInfo.java:shutdownFollowerState(121)) - 4cc44201-a597-43af-a4ec-5b1b407a6250: shutdown FollowerState
2019-10-30 11:53:01,538 [grpc-default-executor-8] INFO  impl.RoleInfo (RoleInfo.java:updateAndGet(143)) - 4cc44201-a597-43af-a4ec-5b1b407a6250: start FollowerState
2019-10-30 11:53:01,538 [Thread-3161] INFO  impl.FollowerState (FollowerState.java:run(117)) - 4cc44201-a597-43af-a4ec-5b1b407a6250@group-83984122B78E-FollowerState was interrupted: java.lang.InterruptedException: sleep interrupted
2019-10-30 11:53:01,549 [f26e10ed-fb17-49e6-a903-eadc130d13d1@group-83984122B78E-LeaderElection419] INFO  impl.LeaderElection (LeaderElection.java:logAndReturn(56)) - f26e10ed-fb17-49e6-a903-eadc130d13d1@group-83984122B78E-LeaderElection419: Election TIMEOUT; received 0 response(s) [] and 1 exception(s); f26e10ed-fb17-49e6-a903-eadc130d13d1@group-83984122B78E:t229, leader=null, voted=f26e10ed-fb17-49e6-a903-eadc130d13d1, raftlog=f26e10ed-fb17-49e6-a903-eadc130d13d1@group-83984122B78E-SegmentedRaftLog:OPENED:c-1,f-1,i0, conf=-1: [4f16e274-8663-4a15-9c4c-c81f650ab979:192.168.157.220:38181, 4cc44201-a597-43af-a4ec-5b1b407a6250:192.168.157.220:36685, f26e10ed-fb17-49e6-a903-eadc130d13d1:192.168.157.220:32806], old=null
2019-10-30 11:53:01,549 [f26e10ed-fb17-49e6-a903-eadc130d13d1@group-83984122B78E-LeaderElection419] INFO  impl.LeaderElection (LogUtils.java:infoOrTrace(149)) -   Exception 0: {}
java.util.concurrent.ExecutionException: org.apache.ratis.thirdparty.io.grpc.StatusRuntimeException: UNAVAILABLE: io exception
	at java.util.concurrent.FutureTask.report(FutureTask.java:122)
	at java.util.concurrent.FutureTask.get(FutureTask.java:192)
	at org.apache.ratis.server.impl.LeaderElection.waitForResults(LeaderElection.java:259)
	at org.apache.ratis.server.impl.LeaderElection.askForVotes(LeaderElection.java:197)
	at org.apache.ratis.server.impl.LeaderElection.run(LeaderElection.java:133)
	at java.lang.Thread.run(Thread.java:748)
Caused by: org.apache.ratis.thirdparty.io.grpc.StatusRuntimeException: UNAVAILABLE: io exception
	at org.apache.ratis.thirdparty.io.grpc.stub.ClientCalls.toStatusRuntimeException(ClientCalls.java:233)
	at org.apache.ratis.thirdparty.io.grpc.stub.ClientCalls.getUnchecked(ClientCalls.java:214)
	at org.apache.ratis.thirdparty.io.grpc.stub.ClientCalls.blockingUnaryCall(ClientCalls.java:139)
	at org.apache.ratis.proto.grpc.RaftServerProtocolServiceGrpc$RaftServerProtocolServiceBlockingStub.requestVote(RaftServerProtocolServiceGrpc.java:265)
	at org.apache.ratis.grpc.server.GrpcServerProtocolClient.requestVote(GrpcServerProtocolClient.java:99)
	at org.apache.ratis.grpc.server.GrpcService.requestVote(GrpcService.java:204)
	at org.apache.ratis.server.impl.LeaderElection.lambda$submitRequests$1(LeaderElection.java:234)
	at java.util.concurrent.FutureTask.run(FutureTask.java:266)
	at java.util.concurrent.Executors$RunnableAdapter.call(Executors.java:511)
	at java.util.concurrent.FutureTask.run(FutureTask.java:266)
	at java.util.concurrent.ThreadPoolExecutor.runWorker(ThreadPoolExecutor.java:1149)
	at java.util.concurrent.ThreadPoolExecutor$Worker.run(ThreadPoolExecutor.java:624)
	... 1 more
Caused by: org.apache.ratis.thirdparty.io.netty.channel.AbstractChannel$AnnotatedConnectException: Connection refused: /192.168.157.220:38181
	at sun.nio.ch.SocketChannelImpl.checkConnect(Native Method)
	at sun.nio.ch.SocketChannelImpl.finishConnect(SocketChannelImpl.java:717)
	at org.apache.ratis.thirdparty.io.netty.channel.socket.nio.NioSocketChannel.doFinishConnect(NioSocketChannel.java:327)
	at org.apache.ratis.thirdparty.io.netty.channel.nio.AbstractNioChannel$AbstractNioUnsafe.finishConnect(AbstractNioChannel.java:340)
	at org.apache.ratis.thirdparty.io.netty.channel.nio.NioEventLoop.processSelectedKey(NioEventLoop.java:632)
	at org.apache.ratis.thirdparty.io.netty.channel.nio.NioEventLoop.processSelectedKeysOptimized(NioEventLoop.java:579)
	at org.apache.ratis.thirdparty.io.netty.channel.nio.NioEventLoop.processSelectedKeys(NioEventLoop.java:496)
	at org.apache.ratis.thirdparty.io.netty.channel.nio.NioEventLoop.run(NioEventLoop.java:458)
	at org.apache.ratis.thirdparty.io.netty.util.concurrent.SingleThreadEventExecutor$5.run(SingleThreadEventExecutor.java:897)
	at org.apache.ratis.thirdparty.io.netty.util.concurrent.FastThreadLocalRunnable.run(FastThreadLocalRunnable.java:30)
	... 1 more
Caused by: java.net.ConnectException: Connection refused
	... 11 more
2019-10-30 11:53:01,574 [f26e10ed-fb17-49e6-a903-eadc130d13d1@group-83984122B78E-LeaderElection419] INFO  impl.LeaderElection (LeaderElection.java:askForVotes(178)) - f26e10ed-fb17-49e6-a903-eadc130d13d1@group-83984122B78E-LeaderElection419: begin an election at term 230 for -1: [4f16e274-8663-4a15-9c4c-c81f650ab979:192.168.157.220:38181, 4cc44201-a597-43af-a4ec-5b1b407a6250:192.168.157.220:36685, f26e10ed-fb17-49e6-a903-eadc130d13d1:192.168.157.220:32806], old=null
2019-10-30 11:53:01,574 [f26e10ed-fb17-49e6-a903-eadc130d13d1@group-83984122B78E-LeaderElection419] INFO  impl.LeaderElection (LogUtils.java:infoOrTrace(149)) - f26e10ed-fb17-49e6-a903-eadc130d13d1@group-83984122B78E-LeaderElection419 got exception when requesting votes: {}
java.util.concurrent.ExecutionException: org.apache.ratis.thirdparty.io.grpc.StatusRuntimeException: UNAVAILABLE: io exception
	at java.util.concurrent.FutureTask.report(FutureTask.java:122)
	at java.util.concurrent.FutureTask.get(FutureTask.java:192)
	at org.apache.ratis.server.impl.LeaderElection.waitForResults(LeaderElection.java:259)
	at org.apache.ratis.server.impl.LeaderElection.askForVotes(LeaderElection.java:197)
	at org.apache.ratis.server.impl.LeaderElection.run(LeaderElection.java:133)
	at java.lang.Thread.run(Thread.java:748)
Caused by: org.apache.ratis.thirdparty.io.grpc.StatusRuntimeException: UNAVAILABLE: io exception
	at org.apache.ratis.thirdparty.io.grpc.stub.ClientCalls.toStatusRuntimeException(ClientCalls.java:233)
	at org.apache.ratis.thirdparty.io.grpc.stub.ClientCalls.getUnchecked(ClientCalls.java:214)
	at org.apache.ratis.thirdparty.io.grpc.stub.ClientCalls.blockingUnaryCall(ClientCalls.java:139)
	at org.apache.ratis.proto.grpc.RaftServerProtocolServiceGrpc$RaftServerProtocolServiceBlockingStub.requestVote(RaftServerProtocolServiceGrpc.java:265)
	at org.apache.ratis.grpc.server.GrpcServerProtocolClient.requestVote(GrpcServerProtocolClient.java:99)
	at org.apache.ratis.grpc.server.GrpcService.requestVote(GrpcService.java:204)
	at org.apache.ratis.server.impl.LeaderElection.lambda$submitRequests$1(LeaderElection.java:234)
	at java.util.concurrent.FutureTask.run(FutureTask.java:266)
	at java.util.concurrent.Executors$RunnableAdapter.call(Executors.java:511)
	at java.util.concurrent.FutureTask.run(FutureTask.java:266)
	at java.util.concurrent.ThreadPoolExecutor.runWorker(ThreadPoolExecutor.java:1149)
	at java.util.concurrent.ThreadPoolExecutor$Worker.run(ThreadPoolExecutor.java:624)
	... 1 more
Caused by: org.apache.ratis.thirdparty.io.netty.channel.AbstractChannel$AnnotatedConnectException: Connection refused: /192.168.157.220:38181
	at sun.nio.ch.SocketChannelImpl.checkConnect(Native Method)
	at sun.nio.ch.SocketChannelImpl.finishConnect(SocketChannelImpl.java:717)
	at org.apache.ratis.thirdparty.io.netty.channel.socket.nio.NioSocketChannel.doFinishConnect(NioSocketChannel.java:327)
	at org.apache.ratis.thirdparty.io.netty.channel.nio.AbstractNioChannel$AbstractNioUnsafe.finishConnect(AbstractNioChannel.java:340)
	at org.apache.ratis.thirdparty.io.netty.channel.nio.NioEventLoop.processSelectedKey(NioEventLoop.java:632)
	at org.apache.ratis.thirdparty.io.netty.channel.nio.NioEventLoop.processSelectedKeysOptimized(NioEventLoop.java:579)
	at org.apache.ratis.thirdparty.io.netty.channel.nio.NioEventLoop.processSelectedKeys(NioEventLoop.java:496)
	at org.apache.ratis.thirdparty.io.netty.channel.nio.NioEventLoop.run(NioEventLoop.java:458)
	at org.apache.ratis.thirdparty.io.netty.util.concurrent.SingleThreadEventExecutor$5.run(SingleThreadEventExecutor.java:897)
	at org.apache.ratis.thirdparty.io.netty.util.concurrent.FastThreadLocalRunnable.run(FastThreadLocalRunnable.java:30)
	... 1 more
Caused by: java.net.ConnectException: Connection refused
	... 11 more
2019-10-30 11:53:01,575 [grpc-default-executor-8] INFO  impl.RaftServerImpl (RaftServerImpl.java:setRole(184)) - 4cc44201-a597-43af-a4ec-5b1b407a6250@group-83984122B78E: changes role from  FOLLOWER to FOLLOWER at term 230 for recognizeCandidate:f26e10ed-fb17-49e6-a903-eadc130d13d1
2019-10-30 11:53:01,575 [grpc-default-executor-8] INFO  impl.RoleInfo (RoleInfo.java:shutdownFollowerState(121)) - 4cc44201-a597-43af-a4ec-5b1b407a6250: shutdown FollowerState
2019-10-30 11:53:01,575 [grpc-default-executor-8] INFO  impl.RoleInfo (RoleInfo.java:updateAndGet(143)) - 4cc44201-a597-43af-a4ec-5b1b407a6250: start FollowerState
2019-10-30 11:53:01,575 [Thread-3170] INFO  impl.FollowerState (FollowerState.java:run(117)) - 4cc44201-a597-43af-a4ec-5b1b407a6250@group-83984122B78E-FollowerState was interrupted: java.lang.InterruptedException: sleep interrupted
2019-10-30 11:53:01,588 [f26e10ed-fb17-49e6-a903-eadc130d13d1@group-83984122B78E-LeaderElection419] INFO  impl.LeaderElection (LeaderElection.java:logAndReturn(56)) - f26e10ed-fb17-49e6-a903-eadc130d13d1@group-83984122B78E-LeaderElection419: Election REJECTED; received 1 response(s) [f26e10ed-fb17-49e6-a903-eadc130d13d1<-4cc44201-a597-43af-a4ec-5b1b407a6250#0:FAIL-t230] and 1 exception(s); f26e10ed-fb17-49e6-a903-eadc130d13d1@group-83984122B78E:t230, leader=null, voted=f26e10ed-fb17-49e6-a903-eadc130d13d1, raftlog=f26e10ed-fb17-49e6-a903-eadc130d13d1@group-83984122B78E-SegmentedRaftLog:OPENED:c-1,f-1,i0, conf=-1: [4f16e274-8663-4a15-9c4c-c81f650ab979:192.168.157.220:38181, 4cc44201-a597-43af-a4ec-5b1b407a6250:192.168.157.220:36685, f26e10ed-fb17-49e6-a903-eadc130d13d1:192.168.157.220:32806], old=null
2019-10-30 11:53:01,588 [f26e10ed-fb17-49e6-a903-eadc130d13d1@group-83984122B78E-LeaderElection419] INFO  impl.LeaderElection (LogUtils.java:infoOrTrace(149)) -   Exception 0: {}
java.util.concurrent.ExecutionException: org.apache.ratis.thirdparty.io.grpc.StatusRuntimeException: UNAVAILABLE: io exception
	at java.util.concurrent.FutureTask.report(FutureTask.java:122)
	at java.util.concurrent.FutureTask.get(FutureTask.java:192)
	at org.apache.ratis.server.impl.LeaderElection.waitForResults(LeaderElection.java:259)
	at org.apache.ratis.server.impl.LeaderElection.askForVotes(LeaderElection.java:197)
	at org.apache.ratis.server.impl.LeaderElection.run(LeaderElection.java:133)
	at java.lang.Thread.run(Thread.java:748)
Caused by: org.apache.ratis.thirdparty.io.grpc.StatusRuntimeException: UNAVAILABLE: io exception
	at org.apache.ratis.thirdparty.io.grpc.stub.ClientCalls.toStatusRuntimeException(ClientCalls.java:233)
	at org.apache.ratis.thirdparty.io.grpc.stub.ClientCalls.getUnchecked(ClientCalls.java:214)
	at org.apache.ratis.thirdparty.io.grpc.stub.ClientCalls.blockingUnaryCall(ClientCalls.java:139)
	at org.apache.ratis.proto.grpc.RaftServerProtocolServiceGrpc$RaftServerProtocolServiceBlockingStub.requestVote(RaftServerProtocolServiceGrpc.java:265)
	at org.apache.ratis.grpc.server.GrpcServerProtocolClient.requestVote(GrpcServerProtocolClient.java:99)
	at org.apache.ratis.grpc.server.GrpcService.requestVote(GrpcService.java:204)
	at org.apache.ratis.server.impl.LeaderElection.lambda$submitRequests$1(LeaderElection.java:234)
	at java.util.concurrent.FutureTask.run(FutureTask.java:266)
	at java.util.concurrent.Executors$RunnableAdapter.call(Executors.java:511)
	at java.util.concurrent.FutureTask.run(FutureTask.java:266)
	at java.util.concurrent.ThreadPoolExecutor.runWorker(ThreadPoolExecutor.java:1149)
	at java.util.concurrent.ThreadPoolExecutor$Worker.run(ThreadPoolExecutor.java:624)
	... 1 more
Caused by: org.apache.ratis.thirdparty.io.netty.channel.AbstractChannel$AnnotatedConnectException: Connection refused: /192.168.157.220:38181
	at sun.nio.ch.SocketChannelImpl.checkConnect(Native Method)
	at sun.nio.ch.SocketChannelImpl.finishConnect(SocketChannelImpl.java:717)
	at org.apache.ratis.thirdparty.io.netty.channel.socket.nio.NioSocketChannel.doFinishConnect(NioSocketChannel.java:327)
	at org.apache.ratis.thirdparty.io.netty.channel.nio.AbstractNioChannel$AbstractNioUnsafe.finishConnect(AbstractNioChannel.java:340)
	at org.apache.ratis.thirdparty.io.netty.channel.nio.NioEventLoop.processSelectedKey(NioEventLoop.java:632)
	at org.apache.ratis.thirdparty.io.netty.channel.nio.NioEventLoop.processSelectedKeysOptimized(NioEventLoop.java:579)
	at org.apache.ratis.thirdparty.io.netty.channel.nio.NioEventLoop.processSelectedKeys(NioEventLoop.java:496)
	at org.apache.ratis.thirdparty.io.netty.channel.nio.NioEventLoop.run(NioEventLoop.java:458)
	at org.apache.ratis.thirdparty.io.netty.util.concurrent.SingleThreadEventExecutor$5.run(SingleThreadEventExecutor.java:897)
	at org.apache.ratis.thirdparty.io.netty.util.concurrent.FastThreadLocalRunnable.run(FastThreadLocalRunnable.java:30)
	... 1 more
Caused by: java.net.ConnectException: Connection refused
	... 11 more
2019-10-30 11:53:01,588 [f26e10ed-fb17-49e6-a903-eadc130d13d1@group-83984122B78E-LeaderElection419] INFO  impl.RaftServerImpl (RaftServerImpl.java:setRole(184)) - f26e10ed-fb17-49e6-a903-eadc130d13d1@group-83984122B78E: changes role from CANDIDATE to FOLLOWER at term 230 for DISCOVERED_A_NEW_TERM
2019-10-30 11:53:01,589 [f26e10ed-fb17-49e6-a903-eadc130d13d1@group-83984122B78E-LeaderElection419] INFO  impl.RoleInfo (RoleInfo.java:shutdownLeaderElection(134)) - f26e10ed-fb17-49e6-a903-eadc130d13d1: shutdown LeaderElection
2019-10-30 11:53:01,589 [f26e10ed-fb17-49e6-a903-eadc130d13d1@group-83984122B78E-LeaderElection419] INFO  impl.RoleInfo (RoleInfo.java:updateAndGet(143)) - f26e10ed-fb17-49e6-a903-eadc130d13d1: start FollowerState
2019-10-30 11:53:01,684 [Thread-3174] INFO  impl.FollowerState (FollowerState.java:run(108)) - f26e10ed-fb17-49e6-a903-eadc130d13d1@group-83984122B78E-FollowerState: change to CANDIDATE, lastRpcTime:95ms, electionTimeout:95ms
2019-10-30 11:53:01,684 [Thread-3174] INFO  impl.RoleInfo (RoleInfo.java:shutdownFollowerState(121)) - f26e10ed-fb17-49e6-a903-eadc130d13d1: shutdown FollowerState
2019-10-30 11:53:01,684 [Thread-3174] INFO  impl.RaftServerImpl (RaftServerImpl.java:setRole(184)) - f26e10ed-fb17-49e6-a903-eadc130d13d1@group-83984122B78E: changes role from  FOLLOWER to CANDIDATE at term 230 for changeToCandidate
2019-10-30 11:53:01,685 [Thread-3174] INFO  impl.RoleInfo (RoleInfo.java:updateAndGet(143)) - f26e10ed-fb17-49e6-a903-eadc130d13d1: start LeaderElection
2019-10-30 11:53:01,706 [Thread-3166] INFO  impl.FollowerState (FollowerState.java:run(108)) - 9dbd5372-55c2-4532-b354-9494d3d545d2@group-F367C8FA5986-FollowerState: change to CANDIDATE, lastRpcTime:197ms, electionTimeout:197ms
2019-10-30 11:53:01,707 [Thread-3166] INFO  impl.RoleInfo (RoleInfo.java:shutdownFollowerState(121)) - 9dbd5372-55c2-4532-b354-9494d3d545d2: shutdown FollowerState
2019-10-30 11:53:01,707 [Thread-3166] INFO  impl.RaftServerImpl (RaftServerImpl.java:setRole(184)) - 9dbd5372-55c2-4532-b354-9494d3d545d2@group-F367C8FA5986: changes role from  FOLLOWER to CANDIDATE at term 218 for changeToCandidate
2019-10-30 11:53:01,707 [Thread-3166] INFO  impl.RoleInfo (RoleInfo.java:updateAndGet(143)) - 9dbd5372-55c2-4532-b354-9494d3d545d2: start LeaderElection
2019-10-30 11:53:01,718 [9dbd5372-55c2-4532-b354-9494d3d545d2@group-F367C8FA5986-LeaderElection421] INFO  impl.LeaderElection (LeaderElection.java:askForVotes(178)) - 9dbd5372-55c2-4532-b354-9494d3d545d2@group-F367C8FA5986-LeaderElection421: begin an election at term 219 for -1: [9b3ef6c9-0245-4756-bf80-45d41f7a4453:192.168.157.220:37058, cd11b2f5-3187-4d03-bd60-931991550c17:192.168.157.220:43236, 9dbd5372-55c2-4532-b354-9494d3d545d2:192.168.157.220:42993], old=null
2019-10-30 11:53:01,718 [f26e10ed-fb17-49e6-a903-eadc130d13d1@group-83984122B78E-LeaderElection420] INFO  impl.LeaderElection (LeaderElection.java:askForVotes(178)) - f26e10ed-fb17-49e6-a903-eadc130d13d1@group-83984122B78E-LeaderElection420: begin an election at term 231 for -1: [4f16e274-8663-4a15-9c4c-c81f650ab979:192.168.157.220:38181, 4cc44201-a597-43af-a4ec-5b1b407a6250:192.168.157.220:36685, f26e10ed-fb17-49e6-a903-eadc130d13d1:192.168.157.220:32806], old=null
2019-10-30 11:53:01,720 [grpc-default-executor-6] INFO  impl.RaftServerImpl (RaftServerImpl.java:setRole(184)) - 9b3ef6c9-0245-4756-bf80-45d41f7a4453@group-F367C8FA5986: changes role from  FOLLOWER to FOLLOWER at term 219 for recognizeCandidate:9dbd5372-55c2-4532-b354-9494d3d545d2
2019-10-30 11:53:01,720 [grpc-default-executor-6] INFO  impl.RoleInfo (RoleInfo.java:shutdownFollowerState(121)) - 9b3ef6c9-0245-4756-bf80-45d41f7a4453: shutdown FollowerState
2019-10-30 11:53:01,722 [grpc-default-executor-6] INFO  impl.RoleInfo (RoleInfo.java:updateAndGet(143)) - 9b3ef6c9-0245-4756-bf80-45d41f7a4453: start FollowerState
2019-10-30 11:53:01,722 [Thread-3165] INFO  impl.FollowerState (FollowerState.java:run(117)) - 9b3ef6c9-0245-4756-bf80-45d41f7a4453@group-F367C8FA5986-FollowerState was interrupted: java.lang.InterruptedException: sleep interrupted
2019-10-30 11:53:01,722 [f26e10ed-fb17-49e6-a903-eadc130d13d1@group-83984122B78E-LeaderElection420] INFO  impl.LeaderElection (LogUtils.java:infoOrTrace(149)) - f26e10ed-fb17-49e6-a903-eadc130d13d1@group-83984122B78E-LeaderElection420 got exception when requesting votes: {}
java.util.concurrent.ExecutionException: org.apache.ratis.thirdparty.io.grpc.StatusRuntimeException: UNAVAILABLE: io exception
	at java.util.concurrent.FutureTask.report(FutureTask.java:122)
	at java.util.concurrent.FutureTask.get(FutureTask.java:192)
	at org.apache.ratis.server.impl.LeaderElection.waitForResults(LeaderElection.java:259)
	at org.apache.ratis.server.impl.LeaderElection.askForVotes(LeaderElection.java:197)
	at org.apache.ratis.server.impl.LeaderElection.run(LeaderElection.java:133)
	at java.lang.Thread.run(Thread.java:748)
Caused by: org.apache.ratis.thirdparty.io.grpc.StatusRuntimeException: UNAVAILABLE: io exception
	at org.apache.ratis.thirdparty.io.grpc.stub.ClientCalls.toStatusRuntimeException(ClientCalls.java:233)
	at org.apache.ratis.thirdparty.io.grpc.stub.ClientCalls.getUnchecked(ClientCalls.java:214)
	at org.apache.ratis.thirdparty.io.grpc.stub.ClientCalls.blockingUnaryCall(ClientCalls.java:139)
	at org.apache.ratis.proto.grpc.RaftServerProtocolServiceGrpc$RaftServerProtocolServiceBlockingStub.requestVote(RaftServerProtocolServiceGrpc.java:265)
	at org.apache.ratis.grpc.server.GrpcServerProtocolClient.requestVote(GrpcServerProtocolClient.java:99)
	at org.apache.ratis.grpc.server.GrpcService.requestVote(GrpcService.java:204)
	at org.apache.ratis.server.impl.LeaderElection.lambda$submitRequests$1(LeaderElection.java:234)
	at java.util.concurrent.FutureTask.run(FutureTask.java:266)
	at java.util.concurrent.Executors$RunnableAdapter.call(Executors.java:511)
	at java.util.concurrent.FutureTask.run(FutureTask.java:266)
	at java.util.concurrent.ThreadPoolExecutor.runWorker(ThreadPoolExecutor.java:1149)
	at java.util.concurrent.ThreadPoolExecutor$Worker.run(ThreadPoolExecutor.java:624)
	... 1 more
Caused by: org.apache.ratis.thirdparty.io.netty.channel.AbstractChannel$AnnotatedConnectException: Connection refused: /192.168.157.220:38181
	at sun.nio.ch.SocketChannelImpl.checkConnect(Native Method)
	at sun.nio.ch.SocketChannelImpl.finishConnect(SocketChannelImpl.java:717)
	at org.apache.ratis.thirdparty.io.netty.channel.socket.nio.NioSocketChannel.doFinishConnect(NioSocketChannel.java:327)
	at org.apache.ratis.thirdparty.io.netty.channel.nio.AbstractNioChannel$AbstractNioUnsafe.finishConnect(AbstractNioChannel.java:340)
	at org.apache.ratis.thirdparty.io.netty.channel.nio.NioEventLoop.processSelectedKey(NioEventLoop.java:632)
	at org.apache.ratis.thirdparty.io.netty.channel.nio.NioEventLoop.processSelectedKeysOptimized(NioEventLoop.java:579)
	at org.apache.ratis.thirdparty.io.netty.channel.nio.NioEventLoop.processSelectedKeys(NioEventLoop.java:496)
	at org.apache.ratis.thirdparty.io.netty.channel.nio.NioEventLoop.run(NioEventLoop.java:458)
	at org.apache.ratis.thirdparty.io.netty.util.concurrent.SingleThreadEventExecutor$5.run(SingleThreadEventExecutor.java:897)
	at org.apache.ratis.thirdparty.io.netty.util.concurrent.FastThreadLocalRunnable.run(FastThreadLocalRunnable.java:30)
	... 1 more
Caused by: java.net.ConnectException: Connection refused
	... 11 more
2019-10-30 11:53:01,725 [grpc-default-executor-8] INFO  impl.RaftServerImpl (RaftServerImpl.java:setRole(184)) - 4cc44201-a597-43af-a4ec-5b1b407a6250@group-83984122B78E: changes role from  FOLLOWER to FOLLOWER at term 231 for recognizeCandidate:f26e10ed-fb17-49e6-a903-eadc130d13d1
2019-10-30 11:53:01,725 [grpc-default-executor-8] INFO  impl.RoleInfo (RoleInfo.java:shutdownFollowerState(121)) - 4cc44201-a597-43af-a4ec-5b1b407a6250: shutdown FollowerState
2019-10-30 11:53:01,729 [grpc-default-executor-8] INFO  impl.RoleInfo (RoleInfo.java:updateAndGet(143)) - 4cc44201-a597-43af-a4ec-5b1b407a6250: start FollowerState
2019-10-30 11:53:01,729 [Thread-3173] INFO  impl.FollowerState (FollowerState.java:run(117)) - 4cc44201-a597-43af-a4ec-5b1b407a6250@group-83984122B78E-FollowerState was interrupted: java.lang.InterruptedException: sleep interrupted
2019-10-30 11:53:01,732 [9dbd5372-55c2-4532-b354-9494d3d545d2@group-F367C8FA5986-LeaderElection421] INFO  impl.LeaderElection (LogUtils.java:infoOrTrace(149)) - 9dbd5372-55c2-4532-b354-9494d3d545d2@group-F367C8FA5986-LeaderElection421 got exception when requesting votes: {}
java.util.concurrent.ExecutionException: org.apache.ratis.thirdparty.io.grpc.StatusRuntimeException: UNAVAILABLE: io exception
	at java.util.concurrent.FutureTask.report(FutureTask.java:122)
	at java.util.concurrent.FutureTask.get(FutureTask.java:192)
	at org.apache.ratis.server.impl.LeaderElection.waitForResults(LeaderElection.java:259)
	at org.apache.ratis.server.impl.LeaderElection.askForVotes(LeaderElection.java:197)
	at org.apache.ratis.server.impl.LeaderElection.run(LeaderElection.java:133)
	at java.lang.Thread.run(Thread.java:748)
Caused by: org.apache.ratis.thirdparty.io.grpc.StatusRuntimeException: UNAVAILABLE: io exception
	at org.apache.ratis.thirdparty.io.grpc.stub.ClientCalls.toStatusRuntimeException(ClientCalls.java:233)
	at org.apache.ratis.thirdparty.io.grpc.stub.ClientCalls.getUnchecked(ClientCalls.java:214)
	at org.apache.ratis.thirdparty.io.grpc.stub.ClientCalls.blockingUnaryCall(ClientCalls.java:139)
	at org.apache.ratis.proto.grpc.RaftServerProtocolServiceGrpc$RaftServerProtocolServiceBlockingStub.requestVote(RaftServerProtocolServiceGrpc.java:265)
	at org.apache.ratis.grpc.server.GrpcServerProtocolClient.requestVote(GrpcServerProtocolClient.java:99)
	at org.apache.ratis.grpc.server.GrpcService.requestVote(GrpcService.java:204)
	at org.apache.ratis.server.impl.LeaderElection.lambda$submitRequests$1(LeaderElection.java:234)
	at java.util.concurrent.FutureTask.run(FutureTask.java:266)
	at java.util.concurrent.Executors$RunnableAdapter.call(Executors.java:511)
	at java.util.concurrent.FutureTask.run(FutureTask.java:266)
	at java.util.concurrent.ThreadPoolExecutor.runWorker(ThreadPoolExecutor.java:1149)
	at java.util.concurrent.ThreadPoolExecutor$Worker.run(ThreadPoolExecutor.java:624)
	... 1 more
Caused by: org.apache.ratis.thirdparty.io.netty.channel.AbstractChannel$AnnotatedConnectException: Connection refused: /192.168.157.220:43236
	at sun.nio.ch.SocketChannelImpl.checkConnect(Native Method)
	at sun.nio.ch.SocketChannelImpl.finishConnect(SocketChannelImpl.java:717)
	at org.apache.ratis.thirdparty.io.netty.channel.socket.nio.NioSocketChannel.doFinishConnect(NioSocketChannel.java:327)
	at org.apache.ratis.thirdparty.io.netty.channel.nio.AbstractNioChannel$AbstractNioUnsafe.finishConnect(AbstractNioChannel.java:340)
	at org.apache.ratis.thirdparty.io.netty.channel.nio.NioEventLoop.processSelectedKey(NioEventLoop.java:632)
	at org.apache.ratis.thirdparty.io.netty.channel.nio.NioEventLoop.processSelectedKeysOptimized(NioEventLoop.java:579)
	at org.apache.ratis.thirdparty.io.netty.channel.nio.NioEventLoop.processSelectedKeys(NioEventLoop.java:496)
	at org.apache.ratis.thirdparty.io.netty.channel.nio.NioEventLoop.run(NioEventLoop.java:458)
	at org.apache.ratis.thirdparty.io.netty.util.concurrent.SingleThreadEventExecutor$5.run(SingleThreadEventExecutor.java:897)
	at org.apache.ratis.thirdparty.io.netty.util.concurrent.FastThreadLocalRunnable.run(FastThreadLocalRunnable.java:30)
	... 1 more
Caused by: java.net.ConnectException: Connection refused
	... 11 more
2019-10-30 11:53:01,732 [9dbd5372-55c2-4532-b354-9494d3d545d2@group-F367C8FA5986-LeaderElection421] INFO  impl.LeaderElection (LeaderElection.java:logAndReturn(56)) - 9dbd5372-55c2-4532-b354-9494d3d545d2@group-F367C8FA5986-LeaderElection421: Election REJECTED; received 1 response(s) [9dbd5372-55c2-4532-b354-9494d3d545d2<-9b3ef6c9-0245-4756-bf80-45d41f7a4453#0:FAIL-t219] and 1 exception(s); 9dbd5372-55c2-4532-b354-9494d3d545d2@group-F367C8FA5986:t219, leader=null, voted=9dbd5372-55c2-4532-b354-9494d3d545d2, raftlog=9dbd5372-55c2-4532-b354-9494d3d545d2@group-F367C8FA5986-SegmentedRaftLog:OPENED:c-1,f-1,i0, conf=-1: [9b3ef6c9-0245-4756-bf80-45d41f7a4453:192.168.157.220:37058, cd11b2f5-3187-4d03-bd60-931991550c17:192.168.157.220:43236, 9dbd5372-55c2-4532-b354-9494d3d545d2:192.168.157.220:42993], old=null
2019-10-30 11:53:01,732 [9dbd5372-55c2-4532-b354-9494d3d545d2@group-F367C8FA5986-LeaderElection421] INFO  impl.LeaderElection (LogUtils.java:infoOrTrace(149)) -   Exception 0: {}
java.util.concurrent.ExecutionException: org.apache.ratis.thirdparty.io.grpc.StatusRuntimeException: UNAVAILABLE: io exception
	at java.util.concurrent.FutureTask.report(FutureTask.java:122)
	at java.util.concurrent.FutureTask.get(FutureTask.java:192)
	at org.apache.ratis.server.impl.LeaderElection.waitForResults(LeaderElection.java:259)
	at org.apache.ratis.server.impl.LeaderElection.askForVotes(LeaderElection.java:197)
	at org.apache.ratis.server.impl.LeaderElection.run(LeaderElection.java:133)
	at java.lang.Thread.run(Thread.java:748)
Caused by: org.apache.ratis.thirdparty.io.grpc.StatusRuntimeException: UNAVAILABLE: io exception
	at org.apache.ratis.thirdparty.io.grpc.stub.ClientCalls.toStatusRuntimeException(ClientCalls.java:233)
	at org.apache.ratis.thirdparty.io.grpc.stub.ClientCalls.getUnchecked(ClientCalls.java:214)
	at org.apache.ratis.thirdparty.io.grpc.stub.ClientCalls.blockingUnaryCall(ClientCalls.java:139)
	at org.apache.ratis.proto.grpc.RaftServerProtocolServiceGrpc$RaftServerProtocolServiceBlockingStub.requestVote(RaftServerProtocolServiceGrpc.java:265)
	at org.apache.ratis.grpc.server.GrpcServerProtocolClient.requestVote(GrpcServerProtocolClient.java:99)
	at org.apache.ratis.grpc.server.GrpcService.requestVote(GrpcService.java:204)
	at org.apache.ratis.server.impl.LeaderElection.lambda$submitRequests$1(LeaderElection.java:234)
	at java.util.concurrent.FutureTask.run(FutureTask.java:266)
	at java.util.concurrent.Executors$RunnableAdapter.call(Executors.java:511)
	at java.util.concurrent.FutureTask.run(FutureTask.java:266)
	at java.util.concurrent.ThreadPoolExecutor.runWorker(ThreadPoolExecutor.java:1149)
	at java.util.concurrent.ThreadPoolExecutor$Worker.run(ThreadPoolExecutor.java:624)
	... 1 more
Caused by: org.apache.ratis.thirdparty.io.netty.channel.AbstractChannel$AnnotatedConnectException: Connection refused: /192.168.157.220:43236
	at sun.nio.ch.SocketChannelImpl.checkConnect(Native Method)
	at sun.nio.ch.SocketChannelImpl.finishConnect(SocketChannelImpl.java:717)
	at org.apache.ratis.thirdparty.io.netty.channel.socket.nio.NioSocketChannel.doFinishConnect(NioSocketChannel.java:327)
	at org.apache.ratis.thirdparty.io.netty.channel.nio.AbstractNioChannel$AbstractNioUnsafe.finishConnect(AbstractNioChannel.java:340)
	at org.apache.ratis.thirdparty.io.netty.channel.nio.NioEventLoop.processSelectedKey(NioEventLoop.java:632)
	at org.apache.ratis.thirdparty.io.netty.channel.nio.NioEventLoop.processSelectedKeysOptimized(NioEventLoop.java:579)
	at org.apache.ratis.thirdparty.io.netty.channel.nio.NioEventLoop.processSelectedKeys(NioEventLoop.java:496)
	at org.apache.ratis.thirdparty.io.netty.channel.nio.NioEventLoop.run(NioEventLoop.java:458)
	at org.apache.ratis.thirdparty.io.netty.util.concurrent.SingleThreadEventExecutor$5.run(SingleThreadEventExecutor.java:897)
	at org.apache.ratis.thirdparty.io.netty.util.concurrent.FastThreadLocalRunnable.run(FastThreadLocalRunnable.java:30)
	... 1 more
Caused by: java.net.ConnectException: Connection refused
	... 11 more
2019-10-30 11:53:01,733 [9dbd5372-55c2-4532-b354-9494d3d545d2@group-F367C8FA5986-LeaderElection421] INFO  impl.RaftServerImpl (RaftServerImpl.java:setRole(184)) - 9dbd5372-55c2-4532-b354-9494d3d545d2@group-F367C8FA5986: changes role from CANDIDATE to FOLLOWER at term 219 for DISCOVERED_A_NEW_TERM
2019-10-30 11:53:01,733 [9dbd5372-55c2-4532-b354-9494d3d545d2@group-F367C8FA5986-LeaderElection421] INFO  impl.RoleInfo (RoleInfo.java:shutdownLeaderElection(134)) - 9dbd5372-55c2-4532-b354-9494d3d545d2: shutdown LeaderElection
2019-10-30 11:53:01,733 [9dbd5372-55c2-4532-b354-9494d3d545d2@group-F367C8FA5986-LeaderElection421] INFO  impl.RoleInfo (RoleInfo.java:updateAndGet(143)) - 9dbd5372-55c2-4532-b354-9494d3d545d2: start FollowerState
2019-10-30 11:53:01,736 [f26e10ed-fb17-49e6-a903-eadc130d13d1@group-83984122B78E-LeaderElection420] INFO  impl.LeaderElection (LeaderElection.java:logAndReturn(56)) - f26e10ed-fb17-49e6-a903-eadc130d13d1@group-83984122B78E-LeaderElection420: Election REJECTED; received 1 response(s) [f26e10ed-fb17-49e6-a903-eadc130d13d1<-4cc44201-a597-43af-a4ec-5b1b407a6250#0:FAIL-t231] and 1 exception(s); f26e10ed-fb17-49e6-a903-eadc130d13d1@group-83984122B78E:t231, leader=null, voted=f26e10ed-fb17-49e6-a903-eadc130d13d1, raftlog=f26e10ed-fb17-49e6-a903-eadc130d13d1@group-83984122B78E-SegmentedRaftLog:OPENED:c-1,f-1,i0, conf=-1: [4f16e274-8663-4a15-9c4c-c81f650ab979:192.168.157.220:38181, 4cc44201-a597-43af-a4ec-5b1b407a6250:192.168.157.220:36685, f26e10ed-fb17-49e6-a903-eadc130d13d1:192.168.157.220:32806], old=null
2019-10-30 11:53:01,736 [f26e10ed-fb17-49e6-a903-eadc130d13d1@group-83984122B78E-LeaderElection420] INFO  impl.LeaderElection (LogUtils.java:infoOrTrace(149)) -   Exception 0: {}
java.util.concurrent.ExecutionException: org.apache.ratis.thirdparty.io.grpc.StatusRuntimeException: UNAVAILABLE: io exception
	at java.util.concurrent.FutureTask.report(FutureTask.java:122)
	at java.util.concurrent.FutureTask.get(FutureTask.java:192)
	at org.apache.ratis.server.impl.LeaderElection.waitForResults(LeaderElection.java:259)
	at org.apache.ratis.server.impl.LeaderElection.askForVotes(LeaderElection.java:197)
	at org.apache.ratis.server.impl.LeaderElection.run(LeaderElection.java:133)
	at java.lang.Thread.run(Thread.java:748)
Caused by: org.apache.ratis.thirdparty.io.grpc.StatusRuntimeException: UNAVAILABLE: io exception
	at org.apache.ratis.thirdparty.io.grpc.stub.ClientCalls.toStatusRuntimeException(ClientCalls.java:233)
	at org.apache.ratis.thirdparty.io.grpc.stub.ClientCalls.getUnchecked(ClientCalls.java:214)
	at org.apache.ratis.thirdparty.io.grpc.stub.ClientCalls.blockingUnaryCall(ClientCalls.java:139)
	at org.apache.ratis.proto.grpc.RaftServerProtocolServiceGrpc$RaftServerProtocolServiceBlockingStub.requestVote(RaftServerProtocolServiceGrpc.java:265)
	at org.apache.ratis.grpc.server.GrpcServerProtocolClient.requestVote(GrpcServerProtocolClient.java:99)
	at org.apache.ratis.grpc.server.GrpcService.requestVote(GrpcService.java:204)
	at org.apache.ratis.server.impl.LeaderElection.lambda$submitRequests$1(LeaderElection.java:234)
	at java.util.concurrent.FutureTask.run(FutureTask.java:266)
	at java.util.concurrent.Executors$RunnableAdapter.call(Executors.java:511)
	at java.util.concurrent.FutureTask.run(FutureTask.java:266)
	at java.util.concurrent.ThreadPoolExecutor.runWorker(ThreadPoolExecutor.java:1149)
	at java.util.concurrent.ThreadPoolExecutor$Worker.run(ThreadPoolExecutor.java:624)
	... 1 more
Caused by: org.apache.ratis.thirdparty.io.netty.channel.AbstractChannel$AnnotatedConnectException: Connection refused: /192.168.157.220:38181
	at sun.nio.ch.SocketChannelImpl.checkConnect(Native Method)
	at sun.nio.ch.SocketChannelImpl.finishConnect(SocketChannelImpl.java:717)
	at org.apache.ratis.thirdparty.io.netty.channel.socket.nio.NioSocketChannel.doFinishConnect(NioSocketChannel.java:327)
	at org.apache.ratis.thirdparty.io.netty.channel.nio.AbstractNioChannel$AbstractNioUnsafe.finishConnect(AbstractNioChannel.java:340)
	at org.apache.ratis.thirdparty.io.netty.channel.nio.NioEventLoop.processSelectedKey(NioEventLoop.java:632)
	at org.apache.ratis.thirdparty.io.netty.channel.nio.NioEventLoop.processSelectedKeysOptimized(NioEventLoop.java:579)
	at org.apache.ratis.thirdparty.io.netty.channel.nio.NioEventLoop.processSelectedKeys(NioEventLoop.java:496)
	at org.apache.ratis.thirdparty.io.netty.channel.nio.NioEventLoop.run(NioEventLoop.java:458)
	at org.apache.ratis.thirdparty.io.netty.util.concurrent.SingleThreadEventExecutor$5.run(SingleThreadEventExecutor.java:897)
	at org.apache.ratis.thirdparty.io.netty.util.concurrent.FastThreadLocalRunnable.run(FastThreadLocalRunnable.java:30)
	... 1 more
Caused by: java.net.ConnectException: Connection refused
	... 11 more
2019-10-30 11:53:01,737 [f26e10ed-fb17-49e6-a903-eadc130d13d1@group-83984122B78E-LeaderElection420] INFO  impl.RaftServerImpl (RaftServerImpl.java:setRole(184)) - f26e10ed-fb17-49e6-a903-eadc130d13d1@group-83984122B78E: changes role from CANDIDATE to FOLLOWER at term 231 for DISCOVERED_A_NEW_TERM
2019-10-30 11:53:01,737 [f26e10ed-fb17-49e6-a903-eadc130d13d1@group-83984122B78E-LeaderElection420] INFO  impl.RoleInfo (RoleInfo.java:shutdownLeaderElection(134)) - f26e10ed-fb17-49e6-a903-eadc130d13d1: shutdown LeaderElection
2019-10-30 11:53:01,738 [f26e10ed-fb17-49e6-a903-eadc130d13d1@group-83984122B78E-LeaderElection420] INFO  impl.RoleInfo (RoleInfo.java:updateAndGet(143)) - f26e10ed-fb17-49e6-a903-eadc130d13d1: start FollowerState
2019-10-30 11:53:01,828 [Thread-3185] INFO  impl.FollowerState (FollowerState.java:run(108)) - 9dbd5372-55c2-4532-b354-9494d3d545d2@group-F367C8FA5986-FollowerState: change to CANDIDATE, lastRpcTime:95ms, electionTimeout:95ms
2019-10-30 11:53:01,829 [Thread-3185] INFO  impl.RoleInfo (RoleInfo.java:shutdownFollowerState(121)) - 9dbd5372-55c2-4532-b354-9494d3d545d2: shutdown FollowerState
2019-10-30 11:53:01,829 [Thread-3185] INFO  impl.RaftServerImpl (RaftServerImpl.java:setRole(184)) - 9dbd5372-55c2-4532-b354-9494d3d545d2@group-F367C8FA5986: changes role from  FOLLOWER to CANDIDATE at term 219 for changeToCandidate
2019-10-30 11:53:01,829 [Thread-3185] INFO  impl.RoleInfo (RoleInfo.java:updateAndGet(143)) - 9dbd5372-55c2-4532-b354-9494d3d545d2: start LeaderElection
2019-10-30 11:53:01,833 [9dbd5372-55c2-4532-b354-9494d3d545d2@group-F367C8FA5986-LeaderElection422] INFO  impl.LeaderElection (LeaderElection.java:askForVotes(178)) - 9dbd5372-55c2-4532-b354-9494d3d545d2@group-F367C8FA5986-LeaderElection422: begin an election at term 220 for -1: [9b3ef6c9-0245-4756-bf80-45d41f7a4453:192.168.157.220:37058, cd11b2f5-3187-4d03-bd60-931991550c17:192.168.157.220:43236, 9dbd5372-55c2-4532-b354-9494d3d545d2:192.168.157.220:42993], old=null
2019-10-30 11:53:01,838 [9dbd5372-55c2-4532-b354-9494d3d545d2@group-F367C8FA5986-LeaderElection422] INFO  impl.LeaderElection (LogUtils.java:infoOrTrace(149)) - 9dbd5372-55c2-4532-b354-9494d3d545d2@group-F367C8FA5986-LeaderElection422 got exception when requesting votes: {}
java.util.concurrent.ExecutionException: org.apache.ratis.thirdparty.io.grpc.StatusRuntimeException: UNAVAILABLE: io exception
	at java.util.concurrent.FutureTask.report(FutureTask.java:122)
	at java.util.concurrent.FutureTask.get(FutureTask.java:192)
	at org.apache.ratis.server.impl.LeaderElection.waitForResults(LeaderElection.java:259)
	at org.apache.ratis.server.impl.LeaderElection.askForVotes(LeaderElection.java:197)
	at org.apache.ratis.server.impl.LeaderElection.run(LeaderElection.java:133)
	at java.lang.Thread.run(Thread.java:748)
Caused by: org.apache.ratis.thirdparty.io.grpc.StatusRuntimeException: UNAVAILABLE: io exception
	at org.apache.ratis.thirdparty.io.grpc.stub.ClientCalls.toStatusRuntimeException(ClientCalls.java:233)
	at org.apache.ratis.thirdparty.io.grpc.stub.ClientCalls.getUnchecked(ClientCalls.java:214)
	at org.apache.ratis.thirdparty.io.grpc.stub.ClientCalls.blockingUnaryCall(ClientCalls.java:139)
	at org.apache.ratis.proto.grpc.RaftServerProtocolServiceGrpc$RaftServerProtocolServiceBlockingStub.requestVote(RaftServerProtocolServiceGrpc.java:265)
	at org.apache.ratis.grpc.server.GrpcServerProtocolClient.requestVote(GrpcServerProtocolClient.java:99)
	at org.apache.ratis.grpc.server.GrpcService.requestVote(GrpcService.java:204)
	at org.apache.ratis.server.impl.LeaderElection.lambda$submitRequests$1(LeaderElection.java:234)
	at java.util.concurrent.FutureTask.run(FutureTask.java:266)
	at java.util.concurrent.Executors$RunnableAdapter.call(Executors.java:511)
	at java.util.concurrent.FutureTask.run(FutureTask.java:266)
	at java.util.concurrent.ThreadPoolExecutor.runWorker(ThreadPoolExecutor.java:1149)
	at java.util.concurrent.ThreadPoolExecutor$Worker.run(ThreadPoolExecutor.java:624)
	... 1 more
Caused by: org.apache.ratis.thirdparty.io.netty.channel.AbstractChannel$AnnotatedConnectException: Connection refused: /192.168.157.220:43236
	at sun.nio.ch.SocketChannelImpl.checkConnect(Native Method)
	at sun.nio.ch.SocketChannelImpl.finishConnect(SocketChannelImpl.java:717)
	at org.apache.ratis.thirdparty.io.netty.channel.socket.nio.NioSocketChannel.doFinishConnect(NioSocketChannel.java:327)
	at org.apache.ratis.thirdparty.io.netty.channel.nio.AbstractNioChannel$AbstractNioUnsafe.finishConnect(AbstractNioChannel.java:340)
	at org.apache.ratis.thirdparty.io.netty.channel.nio.NioEventLoop.processSelectedKey(NioEventLoop.java:632)
	at org.apache.ratis.thirdparty.io.netty.channel.nio.NioEventLoop.processSelectedKeysOptimized(NioEventLoop.java:579)
	at org.apache.ratis.thirdparty.io.netty.channel.nio.NioEventLoop.processSelectedKeys(NioEventLoop.java:496)
	at org.apache.ratis.thirdparty.io.netty.channel.nio.NioEventLoop.run(NioEventLoop.java:458)
	at org.apache.ratis.thirdparty.io.netty.util.concurrent.SingleThreadEventExecutor$5.run(SingleThreadEventExecutor.java:897)
	at org.apache.ratis.thirdparty.io.netty.util.concurrent.FastThreadLocalRunnable.run(FastThreadLocalRunnable.java:30)
	... 1 more
Caused by: java.net.ConnectException: Connection refused
	... 11 more
2019-10-30 11:53:01,839 [grpc-default-executor-8] INFO  impl.RaftServerImpl (RaftServerImpl.java:setRole(184)) - 9b3ef6c9-0245-4756-bf80-45d41f7a4453@group-F367C8FA5986: changes role from  FOLLOWER to FOLLOWER at term 220 for recognizeCandidate:9dbd5372-55c2-4532-b354-9494d3d545d2
2019-10-30 11:53:01,839 [grpc-default-executor-8] INFO  impl.RoleInfo (RoleInfo.java:shutdownFollowerState(121)) - 9b3ef6c9-0245-4756-bf80-45d41f7a4453: shutdown FollowerState
2019-10-30 11:53:01,839 [grpc-default-executor-8] INFO  impl.RoleInfo (RoleInfo.java:updateAndGet(143)) - 9b3ef6c9-0245-4756-bf80-45d41f7a4453: start FollowerState
2019-10-30 11:53:01,839 [Thread-3183] INFO  impl.FollowerState (FollowerState.java:run(117)) - 9b3ef6c9-0245-4756-bf80-45d41f7a4453@group-F367C8FA5986-FollowerState was interrupted: java.lang.InterruptedException: sleep interrupted
2019-10-30 11:53:01,858 [9dbd5372-55c2-4532-b354-9494d3d545d2@group-F367C8FA5986-LeaderElection422] INFO  impl.LeaderElection (LeaderElection.java:logAndReturn(56)) - 9dbd5372-55c2-4532-b354-9494d3d545d2@group-F367C8FA5986-LeaderElection422: Election REJECTED; received 1 response(s) [9dbd5372-55c2-4532-b354-9494d3d545d2<-9b3ef6c9-0245-4756-bf80-45d41f7a4453#0:FAIL-t220] and 1 exception(s); 9dbd5372-55c2-4532-b354-9494d3d545d2@group-F367C8FA5986:t220, leader=null, voted=9dbd5372-55c2-4532-b354-9494d3d545d2, raftlog=9dbd5372-55c2-4532-b354-9494d3d545d2@group-F367C8FA5986-SegmentedRaftLog:OPENED:c-1,f-1,i0, conf=-1: [9b3ef6c9-0245-4756-bf80-45d41f7a4453:192.168.157.220:37058, cd11b2f5-3187-4d03-bd60-931991550c17:192.168.157.220:43236, 9dbd5372-55c2-4532-b354-9494d3d545d2:192.168.157.220:42993], old=null
2019-10-30 11:53:01,858 [9dbd5372-55c2-4532-b354-9494d3d545d2@group-F367C8FA5986-LeaderElection422] INFO  impl.LeaderElection (LogUtils.java:infoOrTrace(149)) -   Exception 0: {}
java.util.concurrent.ExecutionException: org.apache.ratis.thirdparty.io.grpc.StatusRuntimeException: UNAVAILABLE: io exception
	at java.util.concurrent.FutureTask.report(FutureTask.java:122)
	at java.util.concurrent.FutureTask.get(FutureTask.java:192)
	at org.apache.ratis.server.impl.LeaderElection.waitForResults(LeaderElection.java:259)
	at org.apache.ratis.server.impl.LeaderElection.askForVotes(LeaderElection.java:197)
	at org.apache.ratis.server.impl.LeaderElection.run(LeaderElection.java:133)
	at java.lang.Thread.run(Thread.java:748)
Caused by: org.apache.ratis.thirdparty.io.grpc.StatusRuntimeException: UNAVAILABLE: io exception
	at org.apache.ratis.thirdparty.io.grpc.stub.ClientCalls.toStatusRuntimeException(ClientCalls.java:233)
	at org.apache.ratis.thirdparty.io.grpc.stub.ClientCalls.getUnchecked(ClientCalls.java:214)
	at org.apache.ratis.thirdparty.io.grpc.stub.ClientCalls.blockingUnaryCall(ClientCalls.java:139)
	at org.apache.ratis.proto.grpc.RaftServerProtocolServiceGrpc$RaftServerProtocolServiceBlockingStub.requestVote(RaftServerProtocolServiceGrpc.java:265)
	at org.apache.ratis.grpc.server.GrpcServerProtocolClient.requestVote(GrpcServerProtocolClient.java:99)
	at org.apache.ratis.grpc.server.GrpcService.requestVote(GrpcService.java:204)
	at org.apache.ratis.server.impl.LeaderElection.lambda$submitRequests$1(LeaderElection.java:234)
	at java.util.concurrent.FutureTask.run(FutureTask.java:266)
	at java.util.concurrent.Executors$RunnableAdapter.call(Executors.java:511)
	at java.util.concurrent.FutureTask.run(FutureTask.java:266)
	at java.util.concurrent.ThreadPoolExecutor.runWorker(ThreadPoolExecutor.java:1149)
	at java.util.concurrent.ThreadPoolExecutor$Worker.run(ThreadPoolExecutor.java:624)
	... 1 more
Caused by: org.apache.ratis.thirdparty.io.netty.channel.AbstractChannel$AnnotatedConnectException: Connection refused: /192.168.157.220:43236
	at sun.nio.ch.SocketChannelImpl.checkConnect(Native Method)
	at sun.nio.ch.SocketChannelImpl.finishConnect(SocketChannelImpl.java:717)
	at org.apache.ratis.thirdparty.io.netty.channel.socket.nio.NioSocketChannel.doFinishConnect(NioSocketChannel.java:327)
	at org.apache.ratis.thirdparty.io.netty.channel.nio.AbstractNioChannel$AbstractNioUnsafe.finishConnect(AbstractNioChannel.java:340)
	at org.apache.ratis.thirdparty.io.netty.channel.nio.NioEventLoop.processSelectedKey(NioEventLoop.java:632)
	at org.apache.ratis.thirdparty.io.netty.channel.nio.NioEventLoop.processSelectedKeysOptimized(NioEventLoop.java:579)
	at org.apache.ratis.thirdparty.io.netty.channel.nio.NioEventLoop.processSelectedKeys(NioEventLoop.java:496)
	at org.apache.ratis.thirdparty.io.netty.channel.nio.NioEventLoop.run(NioEventLoop.java:458)
	at org.apache.ratis.thirdparty.io.netty.util.concurrent.SingleThreadEventExecutor$5.run(SingleThreadEventExecutor.java:897)
	at org.apache.ratis.thirdparty.io.netty.util.concurrent.FastThreadLocalRunnable.run(FastThreadLocalRunnable.java:30)
	... 1 more
Caused by: java.net.ConnectException: Connection refused
	... 11 more
2019-10-30 11:53:01,858 [9dbd5372-55c2-4532-b354-9494d3d545d2@group-F367C8FA5986-LeaderElection422] INFO  impl.RaftServerImpl (RaftServerImpl.java:setRole(184)) - 9dbd5372-55c2-4532-b354-9494d3d545d2@group-F367C8FA5986: changes role from CANDIDATE to FOLLOWER at term 220 for DISCOVERED_A_NEW_TERM
2019-10-30 11:53:01,859 [9dbd5372-55c2-4532-b354-9494d3d545d2@group-F367C8FA5986-LeaderElection422] INFO  impl.RoleInfo (RoleInfo.java:shutdownLeaderElection(134)) - 9dbd5372-55c2-4532-b354-9494d3d545d2: shutdown LeaderElection
2019-10-30 11:53:01,859 [9dbd5372-55c2-4532-b354-9494d3d545d2@group-F367C8FA5986-LeaderElection422] INFO  impl.RoleInfo (RoleInfo.java:updateAndGet(143)) - 9dbd5372-55c2-4532-b354-9494d3d545d2: start FollowerState
2019-10-30 11:53:01,870 [Thread-3186] INFO  impl.FollowerState (FollowerState.java:run(108)) - f26e10ed-fb17-49e6-a903-eadc130d13d1@group-83984122B78E-FollowerState: change to CANDIDATE, lastRpcTime:132ms, electionTimeout:131ms
2019-10-30 11:53:01,870 [Thread-3186] INFO  impl.RoleInfo (RoleInfo.java:shutdownFollowerState(121)) - f26e10ed-fb17-49e6-a903-eadc130d13d1: shutdown FollowerState
2019-10-30 11:53:01,870 [Thread-3186] INFO  impl.RaftServerImpl (RaftServerImpl.java:setRole(184)) - f26e10ed-fb17-49e6-a903-eadc130d13d1@group-83984122B78E: changes role from  FOLLOWER to CANDIDATE at term 231 for changeToCandidate
2019-10-30 11:53:01,870 [Thread-3186] INFO  impl.RoleInfo (RoleInfo.java:updateAndGet(143)) - f26e10ed-fb17-49e6-a903-eadc130d13d1: start LeaderElection
2019-10-30 11:53:01,885 [f26e10ed-fb17-49e6-a903-eadc130d13d1@group-83984122B78E-LeaderElection423] INFO  impl.LeaderElection (LeaderElection.java:askForVotes(178)) - f26e10ed-fb17-49e6-a903-eadc130d13d1@group-83984122B78E-LeaderElection423: begin an election at term 232 for -1: [4f16e274-8663-4a15-9c4c-c81f650ab979:192.168.157.220:38181, 4cc44201-a597-43af-a4ec-5b1b407a6250:192.168.157.220:36685, f26e10ed-fb17-49e6-a903-eadc130d13d1:192.168.157.220:32806], old=null
2019-10-30 11:53:01,893 [f26e10ed-fb17-49e6-a903-eadc130d13d1@group-83984122B78E-LeaderElection423] INFO  impl.LeaderElection (LogUtils.java:infoOrTrace(149)) - f26e10ed-fb17-49e6-a903-eadc130d13d1@group-83984122B78E-LeaderElection423 got exception when requesting votes: {}
java.util.concurrent.ExecutionException: org.apache.ratis.thirdparty.io.grpc.StatusRuntimeException: UNAVAILABLE: io exception
	at java.util.concurrent.FutureTask.report(FutureTask.java:122)
	at java.util.concurrent.FutureTask.get(FutureTask.java:192)
	at org.apache.ratis.server.impl.LeaderElection.waitForResults(LeaderElection.java:259)
	at org.apache.ratis.server.impl.LeaderElection.askForVotes(LeaderElection.java:197)
	at org.apache.ratis.server.impl.LeaderElection.run(LeaderElection.java:133)
	at java.lang.Thread.run(Thread.java:748)
Caused by: org.apache.ratis.thirdparty.io.grpc.StatusRuntimeException: UNAVAILABLE: io exception
	at org.apache.ratis.thirdparty.io.grpc.stub.ClientCalls.toStatusRuntimeException(ClientCalls.java:233)
	at org.apache.ratis.thirdparty.io.grpc.stub.ClientCalls.getUnchecked(ClientCalls.java:214)
	at org.apache.ratis.thirdparty.io.grpc.stub.ClientCalls.blockingUnaryCall(ClientCalls.java:139)
	at org.apache.ratis.proto.grpc.RaftServerProtocolServiceGrpc$RaftServerProtocolServiceBlockingStub.requestVote(RaftServerProtocolServiceGrpc.java:265)
	at org.apache.ratis.grpc.server.GrpcServerProtocolClient.requestVote(GrpcServerProtocolClient.java:99)
	at org.apache.ratis.grpc.server.GrpcService.requestVote(GrpcService.java:204)
	at org.apache.ratis.server.impl.LeaderElection.lambda$submitRequests$1(LeaderElection.java:234)
	at java.util.concurrent.FutureTask.run(FutureTask.java:266)
	at java.util.concurrent.Executors$RunnableAdapter.call(Executors.java:511)
	at java.util.concurrent.FutureTask.run(FutureTask.java:266)
	at java.util.concurrent.ThreadPoolExecutor.runWorker(ThreadPoolExecutor.java:1149)
	at java.util.concurrent.ThreadPoolExecutor$Worker.run(ThreadPoolExecutor.java:624)
	... 1 more
Caused by: org.apache.ratis.thirdparty.io.netty.channel.AbstractChannel$AnnotatedConnectException: Connection refused: /192.168.157.220:38181
	at sun.nio.ch.SocketChannelImpl.checkConnect(Native Method)
	at sun.nio.ch.SocketChannelImpl.finishConnect(SocketChannelImpl.java:717)
	at org.apache.ratis.thirdparty.io.netty.channel.socket.nio.NioSocketChannel.doFinishConnect(NioSocketChannel.java:327)
	at org.apache.ratis.thirdparty.io.netty.channel.nio.AbstractNioChannel$AbstractNioUnsafe.finishConnect(AbstractNioChannel.java:340)
	at org.apache.ratis.thirdparty.io.netty.channel.nio.NioEventLoop.processSelectedKey(NioEventLoop.java:632)
	at org.apache.ratis.thirdparty.io.netty.channel.nio.NioEventLoop.processSelectedKeysOptimized(NioEventLoop.java:579)
	at org.apache.ratis.thirdparty.io.netty.channel.nio.NioEventLoop.processSelectedKeys(NioEventLoop.java:496)
	at org.apache.ratis.thirdparty.io.netty.channel.nio.NioEventLoop.run(NioEventLoop.java:458)
	at org.apache.ratis.thirdparty.io.netty.util.concurrent.SingleThreadEventExecutor$5.run(SingleThreadEventExecutor.java:897)
	at org.apache.ratis.thirdparty.io.netty.util.concurrent.FastThreadLocalRunnable.run(FastThreadLocalRunnable.java:30)
	... 1 more
Caused by: java.net.ConnectException: Connection refused
	... 11 more
2019-10-30 11:53:01,898 [grpc-default-executor-8] INFO  impl.RaftServerImpl (RaftServerImpl.java:setRole(184)) - 4cc44201-a597-43af-a4ec-5b1b407a6250@group-83984122B78E: changes role from  FOLLOWER to FOLLOWER at term 232 for recognizeCandidate:f26e10ed-fb17-49e6-a903-eadc130d13d1
2019-10-30 11:53:01,898 [grpc-default-executor-8] INFO  impl.RoleInfo (RoleInfo.java:shutdownFollowerState(121)) - 4cc44201-a597-43af-a4ec-5b1b407a6250: shutdown FollowerState
2019-10-30 11:53:01,898 [grpc-default-executor-8] INFO  impl.RoleInfo (RoleInfo.java:updateAndGet(143)) - 4cc44201-a597-43af-a4ec-5b1b407a6250: start FollowerState
2019-10-30 11:53:01,898 [Thread-3184] INFO  impl.FollowerState (FollowerState.java:run(117)) - 4cc44201-a597-43af-a4ec-5b1b407a6250@group-83984122B78E-FollowerState was interrupted: java.lang.InterruptedException: sleep interrupted
2019-10-30 11:53:01,903 [f26e10ed-fb17-49e6-a903-eadc130d13d1@group-83984122B78E-LeaderElection423] INFO  impl.LeaderElection (LeaderElection.java:logAndReturn(56)) - f26e10ed-fb17-49e6-a903-eadc130d13d1@group-83984122B78E-LeaderElection423: Election REJECTED; received 1 response(s) [f26e10ed-fb17-49e6-a903-eadc130d13d1<-4cc44201-a597-43af-a4ec-5b1b407a6250#0:FAIL-t232] and 1 exception(s); f26e10ed-fb17-49e6-a903-eadc130d13d1@group-83984122B78E:t232, leader=null, voted=f26e10ed-fb17-49e6-a903-eadc130d13d1, raftlog=f26e10ed-fb17-49e6-a903-eadc130d13d1@group-83984122B78E-SegmentedRaftLog:OPENED:c-1,f-1,i0, conf=-1: [4f16e274-8663-4a15-9c4c-c81f650ab979:192.168.157.220:38181, 4cc44201-a597-43af-a4ec-5b1b407a6250:192.168.157.220:36685, f26e10ed-fb17-49e6-a903-eadc130d13d1:192.168.157.220:32806], old=null
2019-10-30 11:53:01,903 [f26e10ed-fb17-49e6-a903-eadc130d13d1@group-83984122B78E-LeaderElection423] INFO  impl.LeaderElection (LogUtils.java:infoOrTrace(149)) -   Exception 0: {}
java.util.concurrent.ExecutionException: org.apache.ratis.thirdparty.io.grpc.StatusRuntimeException: UNAVAILABLE: io exception
	at java.util.concurrent.FutureTask.report(FutureTask.java:122)
	at java.util.concurrent.FutureTask.get(FutureTask.java:192)
	at org.apache.ratis.server.impl.LeaderElection.waitForResults(LeaderElection.java:259)
	at org.apache.ratis.server.impl.LeaderElection.askForVotes(LeaderElection.java:197)
	at org.apache.ratis.server.impl.LeaderElection.run(LeaderElection.java:133)
	at java.lang.Thread.run(Thread.java:748)
Caused by: org.apache.ratis.thirdparty.io.grpc.StatusRuntimeException: UNAVAILABLE: io exception
	at org.apache.ratis.thirdparty.io.grpc.stub.ClientCalls.toStatusRuntimeException(ClientCalls.java:233)
	at org.apache.ratis.thirdparty.io.grpc.stub.ClientCalls.getUnchecked(ClientCalls.java:214)
	at org.apache.ratis.thirdparty.io.grpc.stub.ClientCalls.blockingUnaryCall(ClientCalls.java:139)
	at org.apache.ratis.proto.grpc.RaftServerProtocolServiceGrpc$RaftServerProtocolServiceBlockingStub.requestVote(RaftServerProtocolServiceGrpc.java:265)
	at org.apache.ratis.grpc.server.GrpcServerProtocolClient.requestVote(GrpcServerProtocolClient.java:99)
	at org.apache.ratis.grpc.server.GrpcService.requestVote(GrpcService.java:204)
	at org.apache.ratis.server.impl.LeaderElection.lambda$submitRequests$1(LeaderElection.java:234)
	at java.util.concurrent.FutureTask.run(FutureTask.java:266)
	at java.util.concurrent.Executors$RunnableAdapter.call(Executors.java:511)
	at java.util.concurrent.FutureTask.run(FutureTask.java:266)
	at java.util.concurrent.ThreadPoolExecutor.runWorker(ThreadPoolExecutor.java:1149)
	at java.util.concurrent.ThreadPoolExecutor$Worker.run(ThreadPoolExecutor.java:624)
	... 1 more
Caused by: org.apache.ratis.thirdparty.io.netty.channel.AbstractChannel$AnnotatedConnectException: Connection refused: /192.168.157.220:38181
	at sun.nio.ch.SocketChannelImpl.checkConnect(Native Method)
	at sun.nio.ch.SocketChannelImpl.finishConnect(SocketChannelImpl.java:717)
	at org.apache.ratis.thirdparty.io.netty.channel.socket.nio.NioSocketChannel.doFinishConnect(NioSocketChannel.java:327)
	at org.apache.ratis.thirdparty.io.netty.channel.nio.AbstractNioChannel$AbstractNioUnsafe.finishConnect(AbstractNioChannel.java:340)
	at org.apache.ratis.thirdparty.io.netty.channel.nio.NioEventLoop.processSelectedKey(NioEventLoop.java:632)
	at org.apache.ratis.thirdparty.io.netty.channel.nio.NioEventLoop.processSelectedKeysOptimized(NioEventLoop.java:579)
	at org.apache.ratis.thirdparty.io.netty.channel.nio.NioEventLoop.processSelectedKeys(NioEventLoop.java:496)
	at org.apache.ratis.thirdparty.io.netty.channel.nio.NioEventLoop.run(NioEventLoop.java:458)
	at org.apache.ratis.thirdparty.io.netty.util.concurrent.SingleThreadEventExecutor$5.run(SingleThreadEventExecutor.java:897)
	at org.apache.ratis.thirdparty.io.netty.util.concurrent.FastThreadLocalRunnable.run(FastThreadLocalRunnable.java:30)
	... 1 more
Caused by: java.net.ConnectException: Connection refused
	... 11 more
2019-10-30 11:53:01,904 [f26e10ed-fb17-49e6-a903-eadc130d13d1@group-83984122B78E-LeaderElection423] INFO  impl.RaftServerImpl (RaftServerImpl.java:setRole(184)) - f26e10ed-fb17-49e6-a903-eadc130d13d1@group-83984122B78E: changes role from CANDIDATE to FOLLOWER at term 232 for DISCOVERED_A_NEW_TERM
2019-10-30 11:53:01,904 [f26e10ed-fb17-49e6-a903-eadc130d13d1@group-83984122B78E-LeaderElection423] INFO  impl.RoleInfo (RoleInfo.java:shutdownLeaderElection(134)) - f26e10ed-fb17-49e6-a903-eadc130d13d1: shutdown LeaderElection
2019-10-30 11:53:01,904 [f26e10ed-fb17-49e6-a903-eadc130d13d1@group-83984122B78E-LeaderElection423] INFO  impl.RoleInfo (RoleInfo.java:updateAndGet(143)) - f26e10ed-fb17-49e6-a903-eadc130d13d1: start FollowerState
2019-10-30 11:53:01,938 [Thread-3191] INFO  impl.FollowerState (FollowerState.java:run(108)) - 9dbd5372-55c2-4532-b354-9494d3d545d2@group-F367C8FA5986-FollowerState: change to CANDIDATE, lastRpcTime:79ms, electionTimeout:76ms
2019-10-30 11:53:01,938 [Thread-3191] INFO  impl.RoleInfo (RoleInfo.java:shutdownFollowerState(121)) - 9dbd5372-55c2-4532-b354-9494d3d545d2: shutdown FollowerState
2019-10-30 11:53:01,938 [Thread-3191] INFO  impl.RaftServerImpl (RaftServerImpl.java:setRole(184)) - 9dbd5372-55c2-4532-b354-9494d3d545d2@group-F367C8FA5986: changes role from  FOLLOWER to CANDIDATE at term 220 for changeToCandidate
2019-10-30 11:53:01,938 [Thread-3191] INFO  impl.RoleInfo (RoleInfo.java:updateAndGet(143)) - 9dbd5372-55c2-4532-b354-9494d3d545d2: start LeaderElection
2019-10-30 11:53:01,945 [9dbd5372-55c2-4532-b354-9494d3d545d2@group-F367C8FA5986-LeaderElection424] INFO  impl.LeaderElection (LeaderElection.java:askForVotes(178)) - 9dbd5372-55c2-4532-b354-9494d3d545d2@group-F367C8FA5986-LeaderElection424: begin an election at term 221 for -1: [9b3ef6c9-0245-4756-bf80-45d41f7a4453:192.168.157.220:37058, cd11b2f5-3187-4d03-bd60-931991550c17:192.168.157.220:43236, 9dbd5372-55c2-4532-b354-9494d3d545d2:192.168.157.220:42993], old=null
2019-10-30 11:53:01,948 [9dbd5372-55c2-4532-b354-9494d3d545d2@group-F367C8FA5986-LeaderElection424] INFO  impl.LeaderElection (LogUtils.java:infoOrTrace(149)) - 9dbd5372-55c2-4532-b354-9494d3d545d2@group-F367C8FA5986-LeaderElection424 got exception when requesting votes: {}
java.util.concurrent.ExecutionException: org.apache.ratis.thirdparty.io.grpc.StatusRuntimeException: UNAVAILABLE: io exception
	at java.util.concurrent.FutureTask.report(FutureTask.java:122)
	at java.util.concurrent.FutureTask.get(FutureTask.java:192)
	at org.apache.ratis.server.impl.LeaderElection.waitForResults(LeaderElection.java:259)
	at org.apache.ratis.server.impl.LeaderElection.askForVotes(LeaderElection.java:197)
	at org.apache.ratis.server.impl.LeaderElection.run(LeaderElection.java:133)
	at java.lang.Thread.run(Thread.java:748)
Caused by: org.apache.ratis.thirdparty.io.grpc.StatusRuntimeException: UNAVAILABLE: io exception
	at org.apache.ratis.thirdparty.io.grpc.stub.ClientCalls.toStatusRuntimeException(ClientCalls.java:233)
	at org.apache.ratis.thirdparty.io.grpc.stub.ClientCalls.getUnchecked(ClientCalls.java:214)
	at org.apache.ratis.thirdparty.io.grpc.stub.ClientCalls.blockingUnaryCall(ClientCalls.java:139)
	at org.apache.ratis.proto.grpc.RaftServerProtocolServiceGrpc$RaftServerProtocolServiceBlockingStub.requestVote(RaftServerProtocolServiceGrpc.java:265)
	at org.apache.ratis.grpc.server.GrpcServerProtocolClient.requestVote(GrpcServerProtocolClient.java:99)
	at org.apache.ratis.grpc.server.GrpcService.requestVote(GrpcService.java:204)
	at org.apache.ratis.server.impl.LeaderElection.lambda$submitRequests$1(LeaderElection.java:234)
	at java.util.concurrent.FutureTask.run(FutureTask.java:266)
	at java.util.concurrent.Executors$RunnableAdapter.call(Executors.java:511)
	at java.util.concurrent.FutureTask.run(FutureTask.java:266)
	at java.util.concurrent.ThreadPoolExecutor.runWorker(ThreadPoolExecutor.java:1149)
	at java.util.concurrent.ThreadPoolExecutor$Worker.run(ThreadPoolExecutor.java:624)
	... 1 more
Caused by: org.apache.ratis.thirdparty.io.netty.channel.AbstractChannel$AnnotatedConnectException: Connection refused: /192.168.157.220:43236
	at sun.nio.ch.SocketChannelImpl.checkConnect(Native Method)
	at sun.nio.ch.SocketChannelImpl.finishConnect(SocketChannelImpl.java:717)
	at org.apache.ratis.thirdparty.io.netty.channel.socket.nio.NioSocketChannel.doFinishConnect(NioSocketChannel.java:327)
	at org.apache.ratis.thirdparty.io.netty.channel.nio.AbstractNioChannel$AbstractNioUnsafe.finishConnect(AbstractNioChannel.java:340)
	at org.apache.ratis.thirdparty.io.netty.channel.nio.NioEventLoop.processSelectedKey(NioEventLoop.java:632)
	at org.apache.ratis.thirdparty.io.netty.channel.nio.NioEventLoop.processSelectedKeysOptimized(NioEventLoop.java:579)
	at org.apache.ratis.thirdparty.io.netty.channel.nio.NioEventLoop.processSelectedKeys(NioEventLoop.java:496)
	at org.apache.ratis.thirdparty.io.netty.channel.nio.NioEventLoop.run(NioEventLoop.java:458)
	at org.apache.ratis.thirdparty.io.netty.util.concurrent.SingleThreadEventExecutor$5.run(SingleThreadEventExecutor.java:897)
	at org.apache.ratis.thirdparty.io.netty.util.concurrent.FastThreadLocalRunnable.run(FastThreadLocalRunnable.java:30)
	... 1 more
Caused by: java.net.ConnectException: Connection refused
	... 11 more
2019-10-30 11:53:01,948 [grpc-default-executor-8] INFO  impl.RaftServerImpl (RaftServerImpl.java:setRole(184)) - 9b3ef6c9-0245-4756-bf80-45d41f7a4453@group-F367C8FA5986: changes role from  FOLLOWER to FOLLOWER at term 221 for recognizeCandidate:9dbd5372-55c2-4532-b354-9494d3d545d2
2019-10-30 11:53:01,949 [grpc-default-executor-8] INFO  impl.RoleInfo (RoleInfo.java:shutdownFollowerState(121)) - 9b3ef6c9-0245-4756-bf80-45d41f7a4453: shutdown FollowerState
2019-10-30 11:53:01,949 [grpc-default-executor-8] INFO  impl.RoleInfo (RoleInfo.java:updateAndGet(143)) - 9b3ef6c9-0245-4756-bf80-45d41f7a4453: start FollowerState
2019-10-30 11:53:01,949 [Thread-3190] INFO  impl.FollowerState (FollowerState.java:run(117)) - 9b3ef6c9-0245-4756-bf80-45d41f7a4453@group-F367C8FA5986-FollowerState was interrupted: java.lang.InterruptedException: sleep interrupted
2019-10-30 11:53:01,972 [9dbd5372-55c2-4532-b354-9494d3d545d2@group-F367C8FA5986-LeaderElection424] INFO  impl.LeaderElection (LeaderElection.java:logAndReturn(56)) - 9dbd5372-55c2-4532-b354-9494d3d545d2@group-F367C8FA5986-LeaderElection424: Election REJECTED; received 1 response(s) [9dbd5372-55c2-4532-b354-9494d3d545d2<-9b3ef6c9-0245-4756-bf80-45d41f7a4453#0:FAIL-t221] and 1 exception(s); 9dbd5372-55c2-4532-b354-9494d3d545d2@group-F367C8FA5986:t221, leader=null, voted=9dbd5372-55c2-4532-b354-9494d3d545d2, raftlog=9dbd5372-55c2-4532-b354-9494d3d545d2@group-F367C8FA5986-SegmentedRaftLog:OPENED:c-1,f-1,i0, conf=-1: [9b3ef6c9-0245-4756-bf80-45d41f7a4453:192.168.157.220:37058, cd11b2f5-3187-4d03-bd60-931991550c17:192.168.157.220:43236, 9dbd5372-55c2-4532-b354-9494d3d545d2:192.168.157.220:42993], old=null
2019-10-30 11:53:01,972 [9dbd5372-55c2-4532-b354-9494d3d545d2@group-F367C8FA5986-LeaderElection424] INFO  impl.LeaderElection (LogUtils.java:infoOrTrace(149)) -   Exception 0: {}
java.util.concurrent.ExecutionException: org.apache.ratis.thirdparty.io.grpc.StatusRuntimeException: UNAVAILABLE: io exception
	at java.util.concurrent.FutureTask.report(FutureTask.java:122)
	at java.util.concurrent.FutureTask.get(FutureTask.java:192)
	at org.apache.ratis.server.impl.LeaderElection.waitForResults(LeaderElection.java:259)
	at org.apache.ratis.server.impl.LeaderElection.askForVotes(LeaderElection.java:197)
	at org.apache.ratis.server.impl.LeaderElection.run(LeaderElection.java:133)
	at java.lang.Thread.run(Thread.java:748)
Caused by: org.apache.ratis.thirdparty.io.grpc.StatusRuntimeException: UNAVAILABLE: io exception
	at org.apache.ratis.thirdparty.io.grpc.stub.ClientCalls.toStatusRuntimeException(ClientCalls.java:233)
	at org.apache.ratis.thirdparty.io.grpc.stub.ClientCalls.getUnchecked(ClientCalls.java:214)
	at org.apache.ratis.thirdparty.io.grpc.stub.ClientCalls.blockingUnaryCall(ClientCalls.java:139)
	at org.apache.ratis.proto.grpc.RaftServerProtocolServiceGrpc$RaftServerProtocolServiceBlockingStub.requestVote(RaftServerProtocolServiceGrpc.java:265)
	at org.apache.ratis.grpc.server.GrpcServerProtocolClient.requestVote(GrpcServerProtocolClient.java:99)
	at org.apache.ratis.grpc.server.GrpcService.requestVote(GrpcService.java:204)
	at org.apache.ratis.server.impl.LeaderElection.lambda$submitRequests$1(LeaderElection.java:234)
	at java.util.concurrent.FutureTask.run(FutureTask.java:266)
	at java.util.concurrent.Executors$RunnableAdapter.call(Executors.java:511)
	at java.util.concurrent.FutureTask.run(FutureTask.java:266)
	at java.util.concurrent.ThreadPoolExecutor.runWorker(ThreadPoolExecutor.java:1149)
	at java.util.concurrent.ThreadPoolExecutor$Worker.run(ThreadPoolExecutor.java:624)
	... 1 more
Caused by: org.apache.ratis.thirdparty.io.netty.channel.AbstractChannel$AnnotatedConnectException: Connection refused: /192.168.157.220:43236
	at sun.nio.ch.SocketChannelImpl.checkConnect(Native Method)
	at sun.nio.ch.SocketChannelImpl.finishConnect(SocketChannelImpl.java:717)
	at org.apache.ratis.thirdparty.io.netty.channel.socket.nio.NioSocketChannel.doFinishConnect(NioSocketChannel.java:327)
	at org.apache.ratis.thirdparty.io.netty.channel.nio.AbstractNioChannel$AbstractNioUnsafe.finishConnect(AbstractNioChannel.java:340)
	at org.apache.ratis.thirdparty.io.netty.channel.nio.NioEventLoop.processSelectedKey(NioEventLoop.java:632)
	at org.apache.ratis.thirdparty.io.netty.channel.nio.NioEventLoop.processSelectedKeysOptimized(NioEventLoop.java:579)
	at org.apache.ratis.thirdparty.io.netty.channel.nio.NioEventLoop.processSelectedKeys(NioEventLoop.java:496)
	at org.apache.ratis.thirdparty.io.netty.channel.nio.NioEventLoop.run(NioEventLoop.java:458)
	at org.apache.ratis.thirdparty.io.netty.util.concurrent.SingleThreadEventExecutor$5.run(SingleThreadEventExecutor.java:897)
	at org.apache.ratis.thirdparty.io.netty.util.concurrent.FastThreadLocalRunnable.run(FastThreadLocalRunnable.java:30)
	... 1 more
Caused by: java.net.ConnectException: Connection refused
	... 11 more
2019-10-30 11:53:01,973 [9dbd5372-55c2-4532-b354-9494d3d545d2@group-F367C8FA5986-LeaderElection424] INFO  impl.RaftServerImpl (RaftServerImpl.java:setRole(184)) - 9dbd5372-55c2-4532-b354-9494d3d545d2@group-F367C8FA5986: changes role from CANDIDATE to FOLLOWER at term 221 for DISCOVERED_A_NEW_TERM
2019-10-30 11:53:01,973 [9dbd5372-55c2-4532-b354-9494d3d545d2@group-F367C8FA5986-LeaderElection424] INFO  impl.RoleInfo (RoleInfo.java:shutdownLeaderElection(134)) - 9dbd5372-55c2-4532-b354-9494d3d545d2: shutdown LeaderElection
2019-10-30 11:53:01,973 [9dbd5372-55c2-4532-b354-9494d3d545d2@group-F367C8FA5986-LeaderElection424] INFO  impl.RoleInfo (RoleInfo.java:updateAndGet(143)) - 9dbd5372-55c2-4532-b354-9494d3d545d2: start FollowerState
2019-10-30 11:53:02,035 [Thread-3201] INFO  impl.FollowerState (FollowerState.java:run(108)) - 9dbd5372-55c2-4532-b354-9494d3d545d2@group-F367C8FA5986-FollowerState: change to CANDIDATE, lastRpcTime:61ms, electionTimeout:61ms
2019-10-30 11:53:02,035 [Thread-3201] INFO  impl.RoleInfo (RoleInfo.java:shutdownFollowerState(121)) - 9dbd5372-55c2-4532-b354-9494d3d545d2: shutdown FollowerState
2019-10-30 11:53:02,035 [Thread-3201] INFO  impl.RaftServerImpl (RaftServerImpl.java:setRole(184)) - 9dbd5372-55c2-4532-b354-9494d3d545d2@group-F367C8FA5986: changes role from  FOLLOWER to CANDIDATE at term 221 for changeToCandidate
2019-10-30 11:53:02,035 [Thread-3201] INFO  impl.RoleInfo (RoleInfo.java:updateAndGet(143)) - 9dbd5372-55c2-4532-b354-9494d3d545d2: start LeaderElection
2019-10-30 11:53:02,081 [Thread-3196] INFO  impl.FollowerState (FollowerState.java:run(108)) - f26e10ed-fb17-49e6-a903-eadc130d13d1@group-83984122B78E-FollowerState: change to CANDIDATE, lastRpcTime:176ms, electionTimeout:172ms
2019-10-30 11:53:02,081 [Thread-3196] INFO  impl.RoleInfo (RoleInfo.java:shutdownFollowerState(121)) - f26e10ed-fb17-49e6-a903-eadc130d13d1: shutdown FollowerState
2019-10-30 11:53:02,081 [Thread-3196] INFO  impl.RaftServerImpl (RaftServerImpl.java:setRole(184)) - f26e10ed-fb17-49e6-a903-eadc130d13d1@group-83984122B78E: changes role from  FOLLOWER to CANDIDATE at term 232 for changeToCandidate
2019-10-30 11:53:02,081 [Thread-3196] INFO  impl.RoleInfo (RoleInfo.java:updateAndGet(143)) - f26e10ed-fb17-49e6-a903-eadc130d13d1: start LeaderElection
2019-10-30 11:53:02,238 [9dbd5372-55c2-4532-b354-9494d3d545d2@group-F367C8FA5986-LeaderElection425] INFO  impl.LeaderElection (LeaderElection.java:askForVotes(178)) - 9dbd5372-55c2-4532-b354-9494d3d545d2@group-F367C8FA5986-LeaderElection425: begin an election at term 222 for -1: [9b3ef6c9-0245-4756-bf80-45d41f7a4453:192.168.157.220:37058, cd11b2f5-3187-4d03-bd60-931991550c17:192.168.157.220:43236, 9dbd5372-55c2-4532-b354-9494d3d545d2:192.168.157.220:42993], old=null
2019-10-30 11:53:02,238 [f26e10ed-fb17-49e6-a903-eadc130d13d1@group-83984122B78E-LeaderElection426] INFO  impl.LeaderElection (LeaderElection.java:askForVotes(178)) - f26e10ed-fb17-49e6-a903-eadc130d13d1@group-83984122B78E-LeaderElection426: begin an election at term 233 for -1: [4f16e274-8663-4a15-9c4c-c81f650ab979:192.168.157.220:38181, 4cc44201-a597-43af-a4ec-5b1b407a6250:192.168.157.220:36685, f26e10ed-fb17-49e6-a903-eadc130d13d1:192.168.157.220:32806], old=null
2019-10-30 11:53:02,243 [grpc-default-executor-8] INFO  impl.RaftServerImpl (RaftServerImpl.java:setRole(184)) - 9b3ef6c9-0245-4756-bf80-45d41f7a4453@group-F367C8FA5986: changes role from  FOLLOWER to FOLLOWER at term 222 for recognizeCandidate:9dbd5372-55c2-4532-b354-9494d3d545d2
2019-10-30 11:53:02,244 [grpc-default-executor-8] INFO  impl.RoleInfo (RoleInfo.java:shutdownFollowerState(121)) - 9b3ef6c9-0245-4756-bf80-45d41f7a4453: shutdown FollowerState
2019-10-30 11:53:02,244 [f26e10ed-fb17-49e6-a903-eadc130d13d1@group-83984122B78E-LeaderElection426] INFO  impl.LeaderElection (LogUtils.java:infoOrTrace(149)) - f26e10ed-fb17-49e6-a903-eadc130d13d1@group-83984122B78E-LeaderElection426 got exception when requesting votes: {}
java.util.concurrent.ExecutionException: org.apache.ratis.thirdparty.io.grpc.StatusRuntimeException: UNAVAILABLE: io exception
	at java.util.concurrent.FutureTask.report(FutureTask.java:122)
	at java.util.concurrent.FutureTask.get(FutureTask.java:192)
	at org.apache.ratis.server.impl.LeaderElection.waitForResults(LeaderElection.java:259)
	at org.apache.ratis.server.impl.LeaderElection.askForVotes(LeaderElection.java:197)
	at org.apache.ratis.server.impl.LeaderElection.run(LeaderElection.java:133)
	at java.lang.Thread.run(Thread.java:748)
Caused by: org.apache.ratis.thirdparty.io.grpc.StatusRuntimeException: UNAVAILABLE: io exception
	at org.apache.ratis.thirdparty.io.grpc.stub.ClientCalls.toStatusRuntimeException(ClientCalls.java:233)
	at org.apache.ratis.thirdparty.io.grpc.stub.ClientCalls.getUnchecked(ClientCalls.java:214)
	at org.apache.ratis.thirdparty.io.grpc.stub.ClientCalls.blockingUnaryCall(ClientCalls.java:139)
	at org.apache.ratis.proto.grpc.RaftServerProtocolServiceGrpc$RaftServerProtocolServiceBlockingStub.requestVote(RaftServerProtocolServiceGrpc.java:265)
	at org.apache.ratis.grpc.server.GrpcServerProtocolClient.requestVote(GrpcServerProtocolClient.java:99)
	at org.apache.ratis.grpc.server.GrpcService.requestVote(GrpcService.java:204)
	at org.apache.ratis.server.impl.LeaderElection.lambda$submitRequests$1(LeaderElection.java:234)
	at java.util.concurrent.FutureTask.run(FutureTask.java:266)
	at java.util.concurrent.Executors$RunnableAdapter.call(Executors.java:511)
	at java.util.concurrent.FutureTask.run(FutureTask.java:266)
	at java.util.concurrent.ThreadPoolExecutor.runWorker(ThreadPoolExecutor.java:1149)
	at java.util.concurrent.ThreadPoolExecutor$Worker.run(ThreadPoolExecutor.java:624)
	... 1 more
Caused by: org.apache.ratis.thirdparty.io.netty.channel.AbstractChannel$AnnotatedConnectException: Connection refused: /192.168.157.220:38181
	at sun.nio.ch.SocketChannelImpl.checkConnect(Native Method)
	at sun.nio.ch.SocketChannelImpl.finishConnect(SocketChannelImpl.java:717)
	at org.apache.ratis.thirdparty.io.netty.channel.socket.nio.NioSocketChannel.doFinishConnect(NioSocketChannel.java:327)
	at org.apache.ratis.thirdparty.io.netty.channel.nio.AbstractNioChannel$AbstractNioUnsafe.finishConnect(AbstractNioChannel.java:340)
	at org.apache.ratis.thirdparty.io.netty.channel.nio.NioEventLoop.processSelectedKey(NioEventLoop.java:632)
	at org.apache.ratis.thirdparty.io.netty.channel.nio.NioEventLoop.processSelectedKeysOptimized(NioEventLoop.java:579)
	at org.apache.ratis.thirdparty.io.netty.channel.nio.NioEventLoop.processSelectedKeys(NioEventLoop.java:496)
	at org.apache.ratis.thirdparty.io.netty.channel.nio.NioEventLoop.run(NioEventLoop.java:458)
	at org.apache.ratis.thirdparty.io.netty.util.concurrent.SingleThreadEventExecutor$5.run(SingleThreadEventExecutor.java:897)
	at org.apache.ratis.thirdparty.io.netty.util.concurrent.FastThreadLocalRunnable.run(FastThreadLocalRunnable.java:30)
	... 1 more
Caused by: java.net.ConnectException: Connection refused
	... 11 more
2019-10-30 11:53:02,245 [grpc-default-executor-6] INFO  impl.RaftServerImpl (RaftServerImpl.java:setRole(184)) - 4cc44201-a597-43af-a4ec-5b1b407a6250@group-83984122B78E: changes role from  FOLLOWER to FOLLOWER at term 233 for recognizeCandidate:f26e10ed-fb17-49e6-a903-eadc130d13d1
2019-10-30 11:53:02,244 [9dbd5372-55c2-4532-b354-9494d3d545d2@group-F367C8FA5986-LeaderElection425] INFO  impl.LeaderElection (LogUtils.java:infoOrTrace(149)) - 9dbd5372-55c2-4532-b354-9494d3d545d2@group-F367C8FA5986-LeaderElection425 got exception when requesting votes: {}
java.util.concurrent.ExecutionException: org.apache.ratis.thirdparty.io.grpc.StatusRuntimeException: UNAVAILABLE: io exception
	at java.util.concurrent.FutureTask.report(FutureTask.java:122)
	at java.util.concurrent.FutureTask.get(FutureTask.java:192)
	at org.apache.ratis.server.impl.LeaderElection.waitForResults(LeaderElection.java:259)
	at org.apache.ratis.server.impl.LeaderElection.askForVotes(LeaderElection.java:197)
	at org.apache.ratis.server.impl.LeaderElection.run(LeaderElection.java:133)
	at java.lang.Thread.run(Thread.java:748)
Caused by: org.apache.ratis.thirdparty.io.grpc.StatusRuntimeException: UNAVAILABLE: io exception
	at org.apache.ratis.thirdparty.io.grpc.stub.ClientCalls.toStatusRuntimeException(ClientCalls.java:233)
	at org.apache.ratis.thirdparty.io.grpc.stub.ClientCalls.getUnchecked(ClientCalls.java:214)
	at org.apache.ratis.thirdparty.io.grpc.stub.ClientCalls.blockingUnaryCall(ClientCalls.java:139)
	at org.apache.ratis.proto.grpc.RaftServerProtocolServiceGrpc$RaftServerProtocolServiceBlockingStub.requestVote(RaftServerProtocolServiceGrpc.java:265)
	at org.apache.ratis.grpc.server.GrpcServerProtocolClient.requestVote(GrpcServerProtocolClient.java:99)
	at org.apache.ratis.grpc.server.GrpcService.requestVote(GrpcService.java:204)
	at org.apache.ratis.server.impl.LeaderElection.lambda$submitRequests$1(LeaderElection.java:234)
	at java.util.concurrent.FutureTask.run(FutureTask.java:266)
	at java.util.concurrent.Executors$RunnableAdapter.call(Executors.java:511)
	at java.util.concurrent.FutureTask.run(FutureTask.java:266)
	at java.util.concurrent.ThreadPoolExecutor.runWorker(ThreadPoolExecutor.java:1149)
	at java.util.concurrent.ThreadPoolExecutor$Worker.run(ThreadPoolExecutor.java:624)
	... 1 more
Caused by: org.apache.ratis.thirdparty.io.netty.channel.AbstractChannel$AnnotatedConnectException: Connection refused: /192.168.157.220:43236
	at sun.nio.ch.SocketChannelImpl.checkConnect(Native Method)
	at sun.nio.ch.SocketChannelImpl.finishConnect(SocketChannelImpl.java:717)
	at org.apache.ratis.thirdparty.io.netty.channel.socket.nio.NioSocketChannel.doFinishConnect(NioSocketChannel.java:327)
	at org.apache.ratis.thirdparty.io.netty.channel.nio.AbstractNioChannel$AbstractNioUnsafe.finishConnect(AbstractNioChannel.java:340)
	at org.apache.ratis.thirdparty.io.netty.channel.nio.NioEventLoop.processSelectedKey(NioEventLoop.java:632)
	at org.apache.ratis.thirdparty.io.netty.channel.nio.NioEventLoop.processSelectedKeysOptimized(NioEventLoop.java:579)
	at org.apache.ratis.thirdparty.io.netty.channel.nio.NioEventLoop.processSelectedKeys(NioEventLoop.java:496)
	at org.apache.ratis.thirdparty.io.netty.channel.nio.NioEventLoop.run(NioEventLoop.java:458)
	at org.apache.ratis.thirdparty.io.netty.util.concurrent.SingleThreadEventExecutor$5.run(SingleThreadEventExecutor.java:897)
	at org.apache.ratis.thirdparty.io.netty.util.concurrent.FastThreadLocalRunnable.run(FastThreadLocalRunnable.java:30)
	... 1 more
Caused by: java.net.ConnectException: Connection refused
	... 11 more
2019-10-30 11:53:02,244 [Thread-3200] INFO  impl.FollowerState (FollowerState.java:run(117)) - 9b3ef6c9-0245-4756-bf80-45d41f7a4453@group-F367C8FA5986-FollowerState was interrupted: java.lang.InterruptedException: sleep interrupted
2019-10-30 11:53:02,244 [grpc-default-executor-8] INFO  impl.RoleInfo (RoleInfo.java:updateAndGet(143)) - 9b3ef6c9-0245-4756-bf80-45d41f7a4453: start FollowerState
2019-10-30 11:53:02,245 [grpc-default-executor-6] INFO  impl.RoleInfo (RoleInfo.java:shutdownFollowerState(121)) - 4cc44201-a597-43af-a4ec-5b1b407a6250: shutdown FollowerState
2019-10-30 11:53:02,249 [grpc-default-executor-6] INFO  impl.RoleInfo (RoleInfo.java:updateAndGet(143)) - 4cc44201-a597-43af-a4ec-5b1b407a6250: start FollowerState
2019-10-30 11:53:02,249 [Thread-3195] INFO  impl.FollowerState (FollowerState.java:run(117)) - 4cc44201-a597-43af-a4ec-5b1b407a6250@group-83984122B78E-FollowerState was interrupted: java.lang.InterruptedException: sleep interrupted
2019-10-30 11:53:02,261 [9dbd5372-55c2-4532-b354-9494d3d545d2@group-F367C8FA5986-LeaderElection425] INFO  impl.LeaderElection (LeaderElection.java:logAndReturn(56)) - 9dbd5372-55c2-4532-b354-9494d3d545d2@group-F367C8FA5986-LeaderElection425: Election REJECTED; received 1 response(s) [9dbd5372-55c2-4532-b354-9494d3d545d2<-9b3ef6c9-0245-4756-bf80-45d41f7a4453#0:FAIL-t222] and 1 exception(s); 9dbd5372-55c2-4532-b354-9494d3d545d2@group-F367C8FA5986:t222, leader=null, voted=9dbd5372-55c2-4532-b354-9494d3d545d2, raftlog=9dbd5372-55c2-4532-b354-9494d3d545d2@group-F367C8FA5986-SegmentedRaftLog:OPENED:c-1,f-1,i0, conf=-1: [9b3ef6c9-0245-4756-bf80-45d41f7a4453:192.168.157.220:37058, cd11b2f5-3187-4d03-bd60-931991550c17:192.168.157.220:43236, 9dbd5372-55c2-4532-b354-9494d3d545d2:192.168.157.220:42993], old=null
2019-10-30 11:53:02,261 [9dbd5372-55c2-4532-b354-9494d3d545d2@group-F367C8FA5986-LeaderElection425] INFO  impl.LeaderElection (LogUtils.java:infoOrTrace(149)) -   Exception 0: {}
java.util.concurrent.ExecutionException: org.apache.ratis.thirdparty.io.grpc.StatusRuntimeException: UNAVAILABLE: io exception
	at java.util.concurrent.FutureTask.report(FutureTask.java:122)
	at java.util.concurrent.FutureTask.get(FutureTask.java:192)
	at org.apache.ratis.server.impl.LeaderElection.waitForResults(LeaderElection.java:259)
	at org.apache.ratis.server.impl.LeaderElection.askForVotes(LeaderElection.java:197)
	at org.apache.ratis.server.impl.LeaderElection.run(LeaderElection.java:133)
	at java.lang.Thread.run(Thread.java:748)
Caused by: org.apache.ratis.thirdparty.io.grpc.StatusRuntimeException: UNAVAILABLE: io exception
	at org.apache.ratis.thirdparty.io.grpc.stub.ClientCalls.toStatusRuntimeException(ClientCalls.java:233)
	at org.apache.ratis.thirdparty.io.grpc.stub.ClientCalls.getUnchecked(ClientCalls.java:214)
	at org.apache.ratis.thirdparty.io.grpc.stub.ClientCalls.blockingUnaryCall(ClientCalls.java:139)
	at org.apache.ratis.proto.grpc.RaftServerProtocolServiceGrpc$RaftServerProtocolServiceBlockingStub.requestVote(RaftServerProtocolServiceGrpc.java:265)
	at org.apache.ratis.grpc.server.GrpcServerProtocolClient.requestVote(GrpcServerProtocolClient.java:99)
	at org.apache.ratis.grpc.server.GrpcService.requestVote(GrpcService.java:204)
	at org.apache.ratis.server.impl.LeaderElection.lambda$submitRequests$1(LeaderElection.java:234)
	at java.util.concurrent.FutureTask.run(FutureTask.java:266)
	at java.util.concurrent.Executors$RunnableAdapter.call(Executors.java:511)
	at java.util.concurrent.FutureTask.run(FutureTask.java:266)
	at java.util.concurrent.ThreadPoolExecutor.runWorker(ThreadPoolExecutor.java:1149)
	at java.util.concurrent.ThreadPoolExecutor$Worker.run(ThreadPoolExecutor.java:624)
	... 1 more
Caused by: org.apache.ratis.thirdparty.io.netty.channel.AbstractChannel$AnnotatedConnectException: Connection refused: /192.168.157.220:43236
	at sun.nio.ch.SocketChannelImpl.checkConnect(Native Method)
	at sun.nio.ch.SocketChannelImpl.finishConnect(SocketChannelImpl.java:717)
	at org.apache.ratis.thirdparty.io.netty.channel.socket.nio.NioSocketChannel.doFinishConnect(NioSocketChannel.java:327)
	at org.apache.ratis.thirdparty.io.netty.channel.nio.AbstractNioChannel$AbstractNioUnsafe.finishConnect(AbstractNioChannel.java:340)
	at org.apache.ratis.thirdparty.io.netty.channel.nio.NioEventLoop.processSelectedKey(NioEventLoop.java:632)
	at org.apache.ratis.thirdparty.io.netty.channel.nio.NioEventLoop.processSelectedKeysOptimized(NioEventLoop.java:579)
	at org.apache.ratis.thirdparty.io.netty.channel.nio.NioEventLoop.processSelectedKeys(NioEventLoop.java:496)
	at org.apache.ratis.thirdparty.io.netty.channel.nio.NioEventLoop.run(NioEventLoop.java:458)
	at org.apache.ratis.thirdparty.io.netty.util.concurrent.SingleThreadEventExecutor$5.run(SingleThreadEventExecutor.java:897)
	at org.apache.ratis.thirdparty.io.netty.util.concurrent.FastThreadLocalRunnable.run(FastThreadLocalRunnable.java:30)
	... 1 more
Caused by: java.net.ConnectException: Connection refused
	... 11 more
2019-10-30 11:53:02,262 [9dbd5372-55c2-4532-b354-9494d3d545d2@group-F367C8FA5986-LeaderElection425] INFO  impl.RaftServerImpl (RaftServerImpl.java:setRole(184)) - 9dbd5372-55c2-4532-b354-9494d3d545d2@group-F367C8FA5986: changes role from CANDIDATE to FOLLOWER at term 222 for DISCOVERED_A_NEW_TERM
2019-10-30 11:53:02,266 [9dbd5372-55c2-4532-b354-9494d3d545d2@group-F367C8FA5986-LeaderElection425] INFO  impl.RoleInfo (RoleInfo.java:shutdownLeaderElection(134)) - 9dbd5372-55c2-4532-b354-9494d3d545d2: shutdown LeaderElection
2019-10-30 11:53:02,266 [9dbd5372-55c2-4532-b354-9494d3d545d2@group-F367C8FA5986-LeaderElection425] INFO  impl.RoleInfo (RoleInfo.java:updateAndGet(143)) - 9dbd5372-55c2-4532-b354-9494d3d545d2: start FollowerState
2019-10-30 11:53:02,264 [f26e10ed-fb17-49e6-a903-eadc130d13d1@group-83984122B78E-LeaderElection426] INFO  impl.LeaderElection (LeaderElection.java:logAndReturn(56)) - f26e10ed-fb17-49e6-a903-eadc130d13d1@group-83984122B78E-LeaderElection426: Election REJECTED; received 1 response(s) [f26e10ed-fb17-49e6-a903-eadc130d13d1<-4cc44201-a597-43af-a4ec-5b1b407a6250#0:FAIL-t233] and 1 exception(s); f26e10ed-fb17-49e6-a903-eadc130d13d1@group-83984122B78E:t233, leader=null, voted=f26e10ed-fb17-49e6-a903-eadc130d13d1, raftlog=f26e10ed-fb17-49e6-a903-eadc130d13d1@group-83984122B78E-SegmentedRaftLog:OPENED:c-1,f-1,i0, conf=-1: [4f16e274-8663-4a15-9c4c-c81f650ab979:192.168.157.220:38181, 4cc44201-a597-43af-a4ec-5b1b407a6250:192.168.157.220:36685, f26e10ed-fb17-49e6-a903-eadc130d13d1:192.168.157.220:32806], old=null
2019-10-30 11:53:02,268 [f26e10ed-fb17-49e6-a903-eadc130d13d1@group-83984122B78E-LeaderElection426] INFO  impl.LeaderElection (LogUtils.java:infoOrTrace(149)) -   Exception 0: {}
java.util.concurrent.ExecutionException: org.apache.ratis.thirdparty.io.grpc.StatusRuntimeException: UNAVAILABLE: io exception
	at java.util.concurrent.FutureTask.report(FutureTask.java:122)
	at java.util.concurrent.FutureTask.get(FutureTask.java:192)
	at org.apache.ratis.server.impl.LeaderElection.waitForResults(LeaderElection.java:259)
	at org.apache.ratis.server.impl.LeaderElection.askForVotes(LeaderElection.java:197)
	at org.apache.ratis.server.impl.LeaderElection.run(LeaderElection.java:133)
	at java.lang.Thread.run(Thread.java:748)
Caused by: org.apache.ratis.thirdparty.io.grpc.StatusRuntimeException: UNAVAILABLE: io exception
	at org.apache.ratis.thirdparty.io.grpc.stub.ClientCalls.toStatusRuntimeException(ClientCalls.java:233)
	at org.apache.ratis.thirdparty.io.grpc.stub.ClientCalls.getUnchecked(ClientCalls.java:214)
	at org.apache.ratis.thirdparty.io.grpc.stub.ClientCalls.blockingUnaryCall(ClientCalls.java:139)
	at org.apache.ratis.proto.grpc.RaftServerProtocolServiceGrpc$RaftServerProtocolServiceBlockingStub.requestVote(RaftServerProtocolServiceGrpc.java:265)
	at org.apache.ratis.grpc.server.GrpcServerProtocolClient.requestVote(GrpcServerProtocolClient.java:99)
	at org.apache.ratis.grpc.server.GrpcService.requestVote(GrpcService.java:204)
	at org.apache.ratis.server.impl.LeaderElection.lambda$submitRequests$1(LeaderElection.java:234)
	at java.util.concurrent.FutureTask.run(FutureTask.java:266)
	at java.util.concurrent.Executors$RunnableAdapter.call(Executors.java:511)
	at java.util.concurrent.FutureTask.run(FutureTask.java:266)
	at java.util.concurrent.ThreadPoolExecutor.runWorker(ThreadPoolExecutor.java:1149)
	at java.util.concurrent.ThreadPoolExecutor$Worker.run(ThreadPoolExecutor.java:624)
	... 1 more
Caused by: org.apache.ratis.thirdparty.io.netty.channel.AbstractChannel$AnnotatedConnectException: Connection refused: /192.168.157.220:38181
	at sun.nio.ch.SocketChannelImpl.checkConnect(Native Method)
	at sun.nio.ch.SocketChannelImpl.finishConnect(SocketChannelImpl.java:717)
	at org.apache.ratis.thirdparty.io.netty.channel.socket.nio.NioSocketChannel.doFinishConnect(NioSocketChannel.java:327)
	at org.apache.ratis.thirdparty.io.netty.channel.nio.AbstractNioChannel$AbstractNioUnsafe.finishConnect(AbstractNioChannel.java:340)
	at org.apache.ratis.thirdparty.io.netty.channel.nio.NioEventLoop.processSelectedKey(NioEventLoop.java:632)
	at org.apache.ratis.thirdparty.io.netty.channel.nio.NioEventLoop.processSelectedKeysOptimized(NioEventLoop.java:579)
	at org.apache.ratis.thirdparty.io.netty.channel.nio.NioEventLoop.processSelectedKeys(NioEventLoop.java:496)
	at org.apache.ratis.thirdparty.io.netty.channel.nio.NioEventLoop.run(NioEventLoop.java:458)
	at org.apache.ratis.thirdparty.io.netty.util.concurrent.SingleThreadEventExecutor$5.run(SingleThreadEventExecutor.java:897)
	at org.apache.ratis.thirdparty.io.netty.util.concurrent.FastThreadLocalRunnable.run(FastThreadLocalRunnable.java:30)
	... 1 more
Caused by: java.net.ConnectException: Connection refused
	... 11 more
2019-10-30 11:53:02,272 [f26e10ed-fb17-49e6-a903-eadc130d13d1@group-83984122B78E-LeaderElection426] INFO  impl.RaftServerImpl (RaftServerImpl.java:setRole(184)) - f26e10ed-fb17-49e6-a903-eadc130d13d1@group-83984122B78E: changes role from CANDIDATE to FOLLOWER at term 233 for DISCOVERED_A_NEW_TERM
2019-10-30 11:53:02,272 [f26e10ed-fb17-49e6-a903-eadc130d13d1@group-83984122B78E-LeaderElection426] INFO  impl.RoleInfo (RoleInfo.java:shutdownLeaderElection(134)) - f26e10ed-fb17-49e6-a903-eadc130d13d1: shutdown LeaderElection
2019-10-30 11:53:02,272 [f26e10ed-fb17-49e6-a903-eadc130d13d1@group-83984122B78E-LeaderElection426] INFO  impl.RoleInfo (RoleInfo.java:updateAndGet(143)) - f26e10ed-fb17-49e6-a903-eadc130d13d1: start FollowerState
2019-10-30 11:53:02,330 [Thread-3212] INFO  impl.FollowerState (FollowerState.java:run(108)) - 9dbd5372-55c2-4532-b354-9494d3d545d2@group-F367C8FA5986-FollowerState: change to CANDIDATE, lastRpcTime:63ms, electionTimeout:58ms
2019-10-30 11:53:02,330 [Thread-3212] INFO  impl.RoleInfo (RoleInfo.java:shutdownFollowerState(121)) - 9dbd5372-55c2-4532-b354-9494d3d545d2: shutdown FollowerState
2019-10-30 11:53:02,330 [Thread-3212] INFO  impl.RaftServerImpl (RaftServerImpl.java:setRole(184)) - 9dbd5372-55c2-4532-b354-9494d3d545d2@group-F367C8FA5986: changes role from  FOLLOWER to CANDIDATE at term 222 for changeToCandidate
2019-10-30 11:53:02,330 [Thread-3212] INFO  impl.RoleInfo (RoleInfo.java:updateAndGet(143)) - 9dbd5372-55c2-4532-b354-9494d3d545d2: start LeaderElection
2019-10-30 11:53:02,335 [9dbd5372-55c2-4532-b354-9494d3d545d2@group-F367C8FA5986-LeaderElection427] INFO  impl.LeaderElection (LeaderElection.java:askForVotes(178)) - 9dbd5372-55c2-4532-b354-9494d3d545d2@group-F367C8FA5986-LeaderElection427: begin an election at term 223 for -1: [9b3ef6c9-0245-4756-bf80-45d41f7a4453:192.168.157.220:37058, cd11b2f5-3187-4d03-bd60-931991550c17:192.168.157.220:43236, 9dbd5372-55c2-4532-b354-9494d3d545d2:192.168.157.220:42993], old=null
2019-10-30 11:53:02,341 [grpc-default-executor-8] INFO  impl.RaftServerImpl (RaftServerImpl.java:setRole(184)) - 9b3ef6c9-0245-4756-bf80-45d41f7a4453@group-F367C8FA5986: changes role from  FOLLOWER to FOLLOWER at term 223 for recognizeCandidate:9dbd5372-55c2-4532-b354-9494d3d545d2
2019-10-30 11:53:02,341 [grpc-default-executor-8] INFO  impl.RoleInfo (RoleInfo.java:shutdownFollowerState(121)) - 9b3ef6c9-0245-4756-bf80-45d41f7a4453: shutdown FollowerState
2019-10-30 11:53:02,343 [grpc-default-executor-8] INFO  impl.RoleInfo (RoleInfo.java:updateAndGet(143)) - 9b3ef6c9-0245-4756-bf80-45d41f7a4453: start FollowerState
2019-10-30 11:53:02,343 [Thread-3210] INFO  impl.FollowerState (FollowerState.java:run(117)) - 9b3ef6c9-0245-4756-bf80-45d41f7a4453@group-F367C8FA5986-FollowerState was interrupted: java.lang.InterruptedException: sleep interrupted
2019-10-30 11:53:02,343 [9dbd5372-55c2-4532-b354-9494d3d545d2@group-F367C8FA5986-LeaderElection427] INFO  impl.LeaderElection (LogUtils.java:infoOrTrace(149)) - 9dbd5372-55c2-4532-b354-9494d3d545d2@group-F367C8FA5986-LeaderElection427 got exception when requesting votes: {}
java.util.concurrent.ExecutionException: org.apache.ratis.thirdparty.io.grpc.StatusRuntimeException: UNAVAILABLE: io exception
	at java.util.concurrent.FutureTask.report(FutureTask.java:122)
	at java.util.concurrent.FutureTask.get(FutureTask.java:192)
	at org.apache.ratis.server.impl.LeaderElection.waitForResults(LeaderElection.java:259)
	at org.apache.ratis.server.impl.LeaderElection.askForVotes(LeaderElection.java:197)
	at org.apache.ratis.server.impl.LeaderElection.run(LeaderElection.java:133)
	at java.lang.Thread.run(Thread.java:748)
Caused by: org.apache.ratis.thirdparty.io.grpc.StatusRuntimeException: UNAVAILABLE: io exception
	at org.apache.ratis.thirdparty.io.grpc.stub.ClientCalls.toStatusRuntimeException(ClientCalls.java:233)
	at org.apache.ratis.thirdparty.io.grpc.stub.ClientCalls.getUnchecked(ClientCalls.java:214)
	at org.apache.ratis.thirdparty.io.grpc.stub.ClientCalls.blockingUnaryCall(ClientCalls.java:139)
	at org.apache.ratis.proto.grpc.RaftServerProtocolServiceGrpc$RaftServerProtocolServiceBlockingStub.requestVote(RaftServerProtocolServiceGrpc.java:265)
	at org.apache.ratis.grpc.server.GrpcServerProtocolClient.requestVote(GrpcServerProtocolClient.java:99)
	at org.apache.ratis.grpc.server.GrpcService.requestVote(GrpcService.java:204)
	at org.apache.ratis.server.impl.LeaderElection.lambda$submitRequests$1(LeaderElection.java:234)
	at java.util.concurrent.FutureTask.run(FutureTask.java:266)
	at java.util.concurrent.Executors$RunnableAdapter.call(Executors.java:511)
	at java.util.concurrent.FutureTask.run(FutureTask.java:266)
	at java.util.concurrent.ThreadPoolExecutor.runWorker(ThreadPoolExecutor.java:1149)
	at java.util.concurrent.ThreadPoolExecutor$Worker.run(ThreadPoolExecutor.java:624)
	... 1 more
Caused by: org.apache.ratis.thirdparty.io.netty.channel.AbstractChannel$AnnotatedConnectException: Connection refused: /192.168.157.220:43236
	at sun.nio.ch.SocketChannelImpl.checkConnect(Native Method)
	at sun.nio.ch.SocketChannelImpl.finishConnect(SocketChannelImpl.java:717)
	at org.apache.ratis.thirdparty.io.netty.channel.socket.nio.NioSocketChannel.doFinishConnect(NioSocketChannel.java:327)
	at org.apache.ratis.thirdparty.io.netty.channel.nio.AbstractNioChannel$AbstractNioUnsafe.finishConnect(AbstractNioChannel.java:340)
	at org.apache.ratis.thirdparty.io.netty.channel.nio.NioEventLoop.processSelectedKey(NioEventLoop.java:632)
	at org.apache.ratis.thirdparty.io.netty.channel.nio.NioEventLoop.processSelectedKeysOptimized(NioEventLoop.java:579)
	at org.apache.ratis.thirdparty.io.netty.channel.nio.NioEventLoop.processSelectedKeys(NioEventLoop.java:496)
	at org.apache.ratis.thirdparty.io.netty.channel.nio.NioEventLoop.run(NioEventLoop.java:458)
	at org.apache.ratis.thirdparty.io.netty.util.concurrent.SingleThreadEventExecutor$5.run(SingleThreadEventExecutor.java:897)
	at org.apache.ratis.thirdparty.io.netty.util.concurrent.FastThreadLocalRunnable.run(FastThreadLocalRunnable.java:30)
	... 1 more
Caused by: java.net.ConnectException: Connection refused
	... 11 more
2019-10-30 11:53:02,355 [9dbd5372-55c2-4532-b354-9494d3d545d2@group-F367C8FA5986-LeaderElection427] INFO  impl.LeaderElection (LeaderElection.java:logAndReturn(56)) - 9dbd5372-55c2-4532-b354-9494d3d545d2@group-F367C8FA5986-LeaderElection427: Election REJECTED; received 1 response(s) [9dbd5372-55c2-4532-b354-9494d3d545d2<-9b3ef6c9-0245-4756-bf80-45d41f7a4453#0:FAIL-t223] and 1 exception(s); 9dbd5372-55c2-4532-b354-9494d3d545d2@group-F367C8FA5986:t223, leader=null, voted=9dbd5372-55c2-4532-b354-9494d3d545d2, raftlog=9dbd5372-55c2-4532-b354-9494d3d545d2@group-F367C8FA5986-SegmentedRaftLog:OPENED:c-1,f-1,i0, conf=-1: [9b3ef6c9-0245-4756-bf80-45d41f7a4453:192.168.157.220:37058, cd11b2f5-3187-4d03-bd60-931991550c17:192.168.157.220:43236, 9dbd5372-55c2-4532-b354-9494d3d545d2:192.168.157.220:42993], old=null
2019-10-30 11:53:02,356 [9dbd5372-55c2-4532-b354-9494d3d545d2@group-F367C8FA5986-LeaderElection427] INFO  impl.LeaderElection (LogUtils.java:infoOrTrace(149)) -   Exception 0: {}
java.util.concurrent.ExecutionException: org.apache.ratis.thirdparty.io.grpc.StatusRuntimeException: UNAVAILABLE: io exception
	at java.util.concurrent.FutureTask.report(FutureTask.java:122)
	at java.util.concurrent.FutureTask.get(FutureTask.java:192)
	at org.apache.ratis.server.impl.LeaderElection.waitForResults(LeaderElection.java:259)
	at org.apache.ratis.server.impl.LeaderElection.askForVotes(LeaderElection.java:197)
	at org.apache.ratis.server.impl.LeaderElection.run(LeaderElection.java:133)
	at java.lang.Thread.run(Thread.java:748)
Caused by: org.apache.ratis.thirdparty.io.grpc.StatusRuntimeException: UNAVAILABLE: io exception
	at org.apache.ratis.thirdparty.io.grpc.stub.ClientCalls.toStatusRuntimeException(ClientCalls.java:233)
	at org.apache.ratis.thirdparty.io.grpc.stub.ClientCalls.getUnchecked(ClientCalls.java:214)
	at org.apache.ratis.thirdparty.io.grpc.stub.ClientCalls.blockingUnaryCall(ClientCalls.java:139)
	at org.apache.ratis.proto.grpc.RaftServerProtocolServiceGrpc$RaftServerProtocolServiceBlockingStub.requestVote(RaftServerProtocolServiceGrpc.java:265)
	at org.apache.ratis.grpc.server.GrpcServerProtocolClient.requestVote(GrpcServerProtocolClient.java:99)
	at org.apache.ratis.grpc.server.GrpcService.requestVote(GrpcService.java:204)
	at org.apache.ratis.server.impl.LeaderElection.lambda$submitRequests$1(LeaderElection.java:234)
	at java.util.concurrent.FutureTask.run(FutureTask.java:266)
	at java.util.concurrent.Executors$RunnableAdapter.call(Executors.java:511)
	at java.util.concurrent.FutureTask.run(FutureTask.java:266)
	at java.util.concurrent.ThreadPoolExecutor.runWorker(ThreadPoolExecutor.java:1149)
	at java.util.concurrent.ThreadPoolExecutor$Worker.run(ThreadPoolExecutor.java:624)
	... 1 more
Caused by: org.apache.ratis.thirdparty.io.netty.channel.AbstractChannel$AnnotatedConnectException: Connection refused: /192.168.157.220:43236
	at sun.nio.ch.SocketChannelImpl.checkConnect(Native Method)
	at sun.nio.ch.SocketChannelImpl.finishConnect(SocketChannelImpl.java:717)
	at org.apache.ratis.thirdparty.io.netty.channel.socket.nio.NioSocketChannel.doFinishConnect(NioSocketChannel.java:327)
	at org.apache.ratis.thirdparty.io.netty.channel.nio.AbstractNioChannel$AbstractNioUnsafe.finishConnect(AbstractNioChannel.java:340)
	at org.apache.ratis.thirdparty.io.netty.channel.nio.NioEventLoop.processSelectedKey(NioEventLoop.java:632)
	at org.apache.ratis.thirdparty.io.netty.channel.nio.NioEventLoop.processSelectedKeysOptimized(NioEventLoop.java:579)
	at org.apache.ratis.thirdparty.io.netty.channel.nio.NioEventLoop.processSelectedKeys(NioEventLoop.java:496)
	at org.apache.ratis.thirdparty.io.netty.channel.nio.NioEventLoop.run(NioEventLoop.java:458)
	at org.apache.ratis.thirdparty.io.netty.util.concurrent.SingleThreadEventExecutor$5.run(SingleThreadEventExecutor.java:897)
	at org.apache.ratis.thirdparty.io.netty.util.concurrent.FastThreadLocalRunnable.run(FastThreadLocalRunnable.java:30)
	... 1 more
Caused by: java.net.ConnectException: Connection refused
	... 11 more
2019-10-30 11:53:02,356 [9dbd5372-55c2-4532-b354-9494d3d545d2@group-F367C8FA5986-LeaderElection427] INFO  impl.RaftServerImpl (RaftServerImpl.java:setRole(184)) - 9dbd5372-55c2-4532-b354-9494d3d545d2@group-F367C8FA5986: changes role from CANDIDATE to FOLLOWER at term 223 for DISCOVERED_A_NEW_TERM
2019-10-30 11:53:02,356 [9dbd5372-55c2-4532-b354-9494d3d545d2@group-F367C8FA5986-LeaderElection427] INFO  impl.RoleInfo (RoleInfo.java:shutdownLeaderElection(134)) - 9dbd5372-55c2-4532-b354-9494d3d545d2: shutdown LeaderElection
2019-10-30 11:53:02,356 [9dbd5372-55c2-4532-b354-9494d3d545d2@group-F367C8FA5986-LeaderElection427] INFO  impl.RoleInfo (RoleInfo.java:updateAndGet(143)) - 9dbd5372-55c2-4532-b354-9494d3d545d2: start FollowerState
2019-10-30 11:53:02,419 [Thread-3213] INFO  impl.FollowerState (FollowerState.java:run(108)) - f26e10ed-fb17-49e6-a903-eadc130d13d1@group-83984122B78E-FollowerState: change to CANDIDATE, lastRpcTime:146ms, electionTimeout:146ms
2019-10-30 11:53:02,419 [Thread-3213] INFO  impl.RoleInfo (RoleInfo.java:shutdownFollowerState(121)) - f26e10ed-fb17-49e6-a903-eadc130d13d1: shutdown FollowerState
2019-10-30 11:53:02,419 [Thread-3213] INFO  impl.RaftServerImpl (RaftServerImpl.java:setRole(184)) - f26e10ed-fb17-49e6-a903-eadc130d13d1@group-83984122B78E: changes role from  FOLLOWER to CANDIDATE at term 233 for changeToCandidate
2019-10-30 11:53:02,419 [Thread-3213] INFO  impl.RoleInfo (RoleInfo.java:updateAndGet(143)) - f26e10ed-fb17-49e6-a903-eadc130d13d1: start LeaderElection
2019-10-30 11:53:02,423 [f26e10ed-fb17-49e6-a903-eadc130d13d1@group-83984122B78E-LeaderElection428] INFO  impl.LeaderElection (LeaderElection.java:askForVotes(178)) - f26e10ed-fb17-49e6-a903-eadc130d13d1@group-83984122B78E-LeaderElection428: begin an election at term 234 for -1: [4f16e274-8663-4a15-9c4c-c81f650ab979:192.168.157.220:38181, 4cc44201-a597-43af-a4ec-5b1b407a6250:192.168.157.220:36685, f26e10ed-fb17-49e6-a903-eadc130d13d1:192.168.157.220:32806], old=null
2019-10-30 11:53:02,428 [f26e10ed-fb17-49e6-a903-eadc130d13d1@group-83984122B78E-LeaderElection428] INFO  impl.LeaderElection (LogUtils.java:infoOrTrace(149)) - f26e10ed-fb17-49e6-a903-eadc130d13d1@group-83984122B78E-LeaderElection428 got exception when requesting votes: {}
java.util.concurrent.ExecutionException: org.apache.ratis.thirdparty.io.grpc.StatusRuntimeException: UNAVAILABLE: io exception
	at java.util.concurrent.FutureTask.report(FutureTask.java:122)
	at java.util.concurrent.FutureTask.get(FutureTask.java:192)
	at org.apache.ratis.server.impl.LeaderElection.waitForResults(LeaderElection.java:259)
	at org.apache.ratis.server.impl.LeaderElection.askForVotes(LeaderElection.java:197)
	at org.apache.ratis.server.impl.LeaderElection.run(LeaderElection.java:133)
	at java.lang.Thread.run(Thread.java:748)
Caused by: org.apache.ratis.thirdparty.io.grpc.StatusRuntimeException: UNAVAILABLE: io exception
	at org.apache.ratis.thirdparty.io.grpc.stub.ClientCalls.toStatusRuntimeException(ClientCalls.java:233)
	at org.apache.ratis.thirdparty.io.grpc.stub.ClientCalls.getUnchecked(ClientCalls.java:214)
	at org.apache.ratis.thirdparty.io.grpc.stub.ClientCalls.blockingUnaryCall(ClientCalls.java:139)
	at org.apache.ratis.proto.grpc.RaftServerProtocolServiceGrpc$RaftServerProtocolServiceBlockingStub.requestVote(RaftServerProtocolServiceGrpc.java:265)
	at org.apache.ratis.grpc.server.GrpcServerProtocolClient.requestVote(GrpcServerProtocolClient.java:99)
	at org.apache.ratis.grpc.server.GrpcService.requestVote(GrpcService.java:204)
	at org.apache.ratis.server.impl.LeaderElection.lambda$submitRequests$1(LeaderElection.java:234)
	at java.util.concurrent.FutureTask.run(FutureTask.java:266)
	at java.util.concurrent.Executors$RunnableAdapter.call(Executors.java:511)
	at java.util.concurrent.FutureTask.run(FutureTask.java:266)
	at java.util.concurrent.ThreadPoolExecutor.runWorker(ThreadPoolExecutor.java:1149)
	at java.util.concurrent.ThreadPoolExecutor$Worker.run(ThreadPoolExecutor.java:624)
	... 1 more
Caused by: org.apache.ratis.thirdparty.io.netty.channel.AbstractChannel$AnnotatedConnectException: Connection refused: /192.168.157.220:38181
	at sun.nio.ch.SocketChannelImpl.checkConnect(Native Method)
	at sun.nio.ch.SocketChannelImpl.finishConnect(SocketChannelImpl.java:717)
	at org.apache.ratis.thirdparty.io.netty.channel.socket.nio.NioSocketChannel.doFinishConnect(NioSocketChannel.java:327)
	at org.apache.ratis.thirdparty.io.netty.channel.nio.AbstractNioChannel$AbstractNioUnsafe.finishConnect(AbstractNioChannel.java:340)
	at org.apache.ratis.thirdparty.io.netty.channel.nio.NioEventLoop.processSelectedKey(NioEventLoop.java:632)
	at org.apache.ratis.thirdparty.io.netty.channel.nio.NioEventLoop.processSelectedKeysOptimized(NioEventLoop.java:579)
	at org.apache.ratis.thirdparty.io.netty.channel.nio.NioEventLoop.processSelectedKeys(NioEventLoop.java:496)
	at org.apache.ratis.thirdparty.io.netty.channel.nio.NioEventLoop.run(NioEventLoop.java:458)
	at org.apache.ratis.thirdparty.io.netty.util.concurrent.SingleThreadEventExecutor$5.run(SingleThreadEventExecutor.java:897)
	at org.apache.ratis.thirdparty.io.netty.util.concurrent.FastThreadLocalRunnable.run(FastThreadLocalRunnable.java:30)
	... 1 more
Caused by: java.net.ConnectException: Connection refused
	... 11 more
2019-10-30 11:53:02,431 [grpc-default-executor-8] INFO  impl.RaftServerImpl (RaftServerImpl.java:setRole(184)) - 4cc44201-a597-43af-a4ec-5b1b407a6250@group-83984122B78E: changes role from  FOLLOWER to FOLLOWER at term 234 for recognizeCandidate:f26e10ed-fb17-49e6-a903-eadc130d13d1
2019-10-30 11:53:02,431 [grpc-default-executor-8] INFO  impl.RoleInfo (RoleInfo.java:shutdownFollowerState(121)) - 4cc44201-a597-43af-a4ec-5b1b407a6250: shutdown FollowerState
2019-10-30 11:53:02,431 [grpc-default-executor-8] INFO  impl.RoleInfo (RoleInfo.java:updateAndGet(143)) - 4cc44201-a597-43af-a4ec-5b1b407a6250: start FollowerState
2019-10-30 11:53:02,431 [Thread-3211] INFO  impl.FollowerState (FollowerState.java:run(117)) - 4cc44201-a597-43af-a4ec-5b1b407a6250@group-83984122B78E-FollowerState was interrupted: java.lang.InterruptedException: sleep interrupted
2019-10-30 11:53:02,446 [f26e10ed-fb17-49e6-a903-eadc130d13d1@group-83984122B78E-LeaderElection428] INFO  impl.LeaderElection (LeaderElection.java:logAndReturn(56)) - f26e10ed-fb17-49e6-a903-eadc130d13d1@group-83984122B78E-LeaderElection428: Election REJECTED; received 1 response(s) [f26e10ed-fb17-49e6-a903-eadc130d13d1<-4cc44201-a597-43af-a4ec-5b1b407a6250#0:FAIL-t234] and 1 exception(s); f26e10ed-fb17-49e6-a903-eadc130d13d1@group-83984122B78E:t234, leader=null, voted=f26e10ed-fb17-49e6-a903-eadc130d13d1, raftlog=f26e10ed-fb17-49e6-a903-eadc130d13d1@group-83984122B78E-SegmentedRaftLog:OPENED:c-1,f-1,i0, conf=-1: [4f16e274-8663-4a15-9c4c-c81f650ab979:192.168.157.220:38181, 4cc44201-a597-43af-a4ec-5b1b407a6250:192.168.157.220:36685, f26e10ed-fb17-49e6-a903-eadc130d13d1:192.168.157.220:32806], old=null
2019-10-30 11:53:02,446 [f26e10ed-fb17-49e6-a903-eadc130d13d1@group-83984122B78E-LeaderElection428] INFO  impl.LeaderElection (LogUtils.java:infoOrTrace(149)) -   Exception 0: {}
java.util.concurrent.ExecutionException: org.apache.ratis.thirdparty.io.grpc.StatusRuntimeException: UNAVAILABLE: io exception
	at java.util.concurrent.FutureTask.report(FutureTask.java:122)
	at java.util.concurrent.FutureTask.get(FutureTask.java:192)
	at org.apache.ratis.server.impl.LeaderElection.waitForResults(LeaderElection.java:259)
	at org.apache.ratis.server.impl.LeaderElection.askForVotes(LeaderElection.java:197)
	at org.apache.ratis.server.impl.LeaderElection.run(LeaderElection.java:133)
	at java.lang.Thread.run(Thread.java:748)
Caused by: org.apache.ratis.thirdparty.io.grpc.StatusRuntimeException: UNAVAILABLE: io exception
	at org.apache.ratis.thirdparty.io.grpc.stub.ClientCalls.toStatusRuntimeException(ClientCalls.java:233)
	at org.apache.ratis.thirdparty.io.grpc.stub.ClientCalls.getUnchecked(ClientCalls.java:214)
	at org.apache.ratis.thirdparty.io.grpc.stub.ClientCalls.blockingUnaryCall(ClientCalls.java:139)
	at org.apache.ratis.proto.grpc.RaftServerProtocolServiceGrpc$RaftServerProtocolServiceBlockingStub.requestVote(RaftServerProtocolServiceGrpc.java:265)
	at org.apache.ratis.grpc.server.GrpcServerProtocolClient.requestVote(GrpcServerProtocolClient.java:99)
	at org.apache.ratis.grpc.server.GrpcService.requestVote(GrpcService.java:204)
	at org.apache.ratis.server.impl.LeaderElection.lambda$submitRequests$1(LeaderElection.java:234)
	at java.util.concurrent.FutureTask.run(FutureTask.java:266)
	at java.util.concurrent.Executors$RunnableAdapter.call(Executors.java:511)
	at java.util.concurrent.FutureTask.run(FutureTask.java:266)
	at java.util.concurrent.ThreadPoolExecutor.runWorker(ThreadPoolExecutor.java:1149)
	at java.util.concurrent.ThreadPoolExecutor$Worker.run(ThreadPoolExecutor.java:624)
	... 1 more
Caused by: org.apache.ratis.thirdparty.io.netty.channel.AbstractChannel$AnnotatedConnectException: Connection refused: /192.168.157.220:38181
	at sun.nio.ch.SocketChannelImpl.checkConnect(Native Method)
	at sun.nio.ch.SocketChannelImpl.finishConnect(SocketChannelImpl.java:717)
	at org.apache.ratis.thirdparty.io.netty.channel.socket.nio.NioSocketChannel.doFinishConnect(NioSocketChannel.java:327)
	at org.apache.ratis.thirdparty.io.netty.channel.nio.AbstractNioChannel$AbstractNioUnsafe.finishConnect(AbstractNioChannel.java:340)
	at org.apache.ratis.thirdparty.io.netty.channel.nio.NioEventLoop.processSelectedKey(NioEventLoop.java:632)
	at org.apache.ratis.thirdparty.io.netty.channel.nio.NioEventLoop.processSelectedKeysOptimized(NioEventLoop.java:579)
	at org.apache.ratis.thirdparty.io.netty.channel.nio.NioEventLoop.processSelectedKeys(NioEventLoop.java:496)
	at org.apache.ratis.thirdparty.io.netty.channel.nio.NioEventLoop.run(NioEventLoop.java:458)
	at org.apache.ratis.thirdparty.io.netty.util.concurrent.SingleThreadEventExecutor$5.run(SingleThreadEventExecutor.java:897)
	at org.apache.ratis.thirdparty.io.netty.util.concurrent.FastThreadLocalRunnable.run(FastThreadLocalRunnable.java:30)
	... 1 more
Caused by: java.net.ConnectException: Connection refused
	... 11 more
2019-10-30 11:53:02,447 [f26e10ed-fb17-49e6-a903-eadc130d13d1@group-83984122B78E-LeaderElection428] INFO  impl.RaftServerImpl (RaftServerImpl.java:setRole(184)) - f26e10ed-fb17-49e6-a903-eadc130d13d1@group-83984122B78E: changes role from CANDIDATE to FOLLOWER at term 234 for DISCOVERED_A_NEW_TERM
2019-10-30 11:53:02,447 [f26e10ed-fb17-49e6-a903-eadc130d13d1@group-83984122B78E-LeaderElection428] INFO  impl.RoleInfo (RoleInfo.java:shutdownLeaderElection(134)) - f26e10ed-fb17-49e6-a903-eadc130d13d1: shutdown LeaderElection
2019-10-30 11:53:02,447 [f26e10ed-fb17-49e6-a903-eadc130d13d1@group-83984122B78E-LeaderElection428] INFO  impl.RoleInfo (RoleInfo.java:updateAndGet(143)) - f26e10ed-fb17-49e6-a903-eadc130d13d1: start FollowerState
2019-10-30 11:53:02,479 [Thread-3223] INFO  impl.FollowerState (FollowerState.java:run(108)) - f26e10ed-fb17-49e6-a903-eadc130d13d1@group-83984122B78E-FollowerState: change to CANDIDATE, lastRpcTime:32ms, electionTimeout:32ms
2019-10-30 11:53:02,479 [Thread-3223] INFO  impl.RoleInfo (RoleInfo.java:shutdownFollowerState(121)) - f26e10ed-fb17-49e6-a903-eadc130d13d1: shutdown FollowerState
2019-10-30 11:53:02,479 [Thread-3223] INFO  impl.RaftServerImpl (RaftServerImpl.java:setRole(184)) - f26e10ed-fb17-49e6-a903-eadc130d13d1@group-83984122B78E: changes role from  FOLLOWER to CANDIDATE at term 234 for changeToCandidate
2019-10-30 11:53:02,480 [Thread-3223] INFO  impl.RoleInfo (RoleInfo.java:updateAndGet(143)) - f26e10ed-fb17-49e6-a903-eadc130d13d1: start LeaderElection
2019-10-30 11:53:02,489 [f26e10ed-fb17-49e6-a903-eadc130d13d1@group-83984122B78E-LeaderElection429] INFO  impl.LeaderElection (LeaderElection.java:askForVotes(178)) - f26e10ed-fb17-49e6-a903-eadc130d13d1@group-83984122B78E-LeaderElection429: begin an election at term 235 for -1: [4f16e274-8663-4a15-9c4c-c81f650ab979:192.168.157.220:38181, 4cc44201-a597-43af-a4ec-5b1b407a6250:192.168.157.220:36685, f26e10ed-fb17-49e6-a903-eadc130d13d1:192.168.157.220:32806], old=null
2019-10-30 11:53:02,495 [f26e10ed-fb17-49e6-a903-eadc130d13d1@group-83984122B78E-LeaderElection429] INFO  impl.LeaderElection (LogUtils.java:infoOrTrace(149)) - f26e10ed-fb17-49e6-a903-eadc130d13d1@group-83984122B78E-LeaderElection429 got exception when requesting votes: {}
java.util.concurrent.ExecutionException: org.apache.ratis.thirdparty.io.grpc.StatusRuntimeException: UNAVAILABLE: io exception
	at java.util.concurrent.FutureTask.report(FutureTask.java:122)
	at java.util.concurrent.FutureTask.get(FutureTask.java:192)
	at org.apache.ratis.server.impl.LeaderElection.waitForResults(LeaderElection.java:259)
	at org.apache.ratis.server.impl.LeaderElection.askForVotes(LeaderElection.java:197)
	at org.apache.ratis.server.impl.LeaderElection.run(LeaderElection.java:133)
	at java.lang.Thread.run(Thread.java:748)
Caused by: org.apache.ratis.thirdparty.io.grpc.StatusRuntimeException: UNAVAILABLE: io exception
	at org.apache.ratis.thirdparty.io.grpc.stub.ClientCalls.toStatusRuntimeException(ClientCalls.java:233)
	at org.apache.ratis.thirdparty.io.grpc.stub.ClientCalls.getUnchecked(ClientCalls.java:214)
	at org.apache.ratis.thirdparty.io.grpc.stub.ClientCalls.blockingUnaryCall(ClientCalls.java:139)
	at org.apache.ratis.proto.grpc.RaftServerProtocolServiceGrpc$RaftServerProtocolServiceBlockingStub.requestVote(RaftServerProtocolServiceGrpc.java:265)
	at org.apache.ratis.grpc.server.GrpcServerProtocolClient.requestVote(GrpcServerProtocolClient.java:99)
	at org.apache.ratis.grpc.server.GrpcService.requestVote(GrpcService.java:204)
	at org.apache.ratis.server.impl.LeaderElection.lambda$submitRequests$1(LeaderElection.java:234)
	at java.util.concurrent.FutureTask.run(FutureTask.java:266)
	at java.util.concurrent.Executors$RunnableAdapter.call(Executors.java:511)
	at java.util.concurrent.FutureTask.run(FutureTask.java:266)
	at java.util.concurrent.ThreadPoolExecutor.runWorker(ThreadPoolExecutor.java:1149)
	at java.util.concurrent.ThreadPoolExecutor$Worker.run(ThreadPoolExecutor.java:624)
	... 1 more
Caused by: org.apache.ratis.thirdparty.io.netty.channel.AbstractChannel$AnnotatedConnectException: Connection refused: /192.168.157.220:38181
	at sun.nio.ch.SocketChannelImpl.checkConnect(Native Method)
	at sun.nio.ch.SocketChannelImpl.finishConnect(SocketChannelImpl.java:717)
	at org.apache.ratis.thirdparty.io.netty.channel.socket.nio.NioSocketChannel.doFinishConnect(NioSocketChannel.java:327)
	at org.apache.ratis.thirdparty.io.netty.channel.nio.AbstractNioChannel$AbstractNioUnsafe.finishConnect(AbstractNioChannel.java:340)
	at org.apache.ratis.thirdparty.io.netty.channel.nio.NioEventLoop.processSelectedKey(NioEventLoop.java:632)
	at org.apache.ratis.thirdparty.io.netty.channel.nio.NioEventLoop.processSelectedKeysOptimized(NioEventLoop.java:579)
	at org.apache.ratis.thirdparty.io.netty.channel.nio.NioEventLoop.processSelectedKeys(NioEventLoop.java:496)
	at org.apache.ratis.thirdparty.io.netty.channel.nio.NioEventLoop.run(NioEventLoop.java:458)
	at org.apache.ratis.thirdparty.io.netty.util.concurrent.SingleThreadEventExecutor$5.run(SingleThreadEventExecutor.java:897)
	at org.apache.ratis.thirdparty.io.netty.util.concurrent.FastThreadLocalRunnable.run(FastThreadLocalRunnable.java:30)
	... 1 more
Caused by: java.net.ConnectException: Connection refused
	... 11 more
2019-10-30 11:53:02,500 [grpc-default-executor-8] INFO  impl.RaftServerImpl (RaftServerImpl.java:setRole(184)) - 4cc44201-a597-43af-a4ec-5b1b407a6250@group-83984122B78E: changes role from  FOLLOWER to FOLLOWER at term 235 for recognizeCandidate:f26e10ed-fb17-49e6-a903-eadc130d13d1
2019-10-30 11:53:02,500 [grpc-default-executor-8] INFO  impl.RoleInfo (RoleInfo.java:shutdownFollowerState(121)) - 4cc44201-a597-43af-a4ec-5b1b407a6250: shutdown FollowerState
2019-10-30 11:53:02,500 [grpc-default-executor-8] INFO  impl.RoleInfo (RoleInfo.java:updateAndGet(143)) - 4cc44201-a597-43af-a4ec-5b1b407a6250: start FollowerState
2019-10-30 11:53:02,501 [Thread-3222] INFO  impl.FollowerState (FollowerState.java:run(117)) - 4cc44201-a597-43af-a4ec-5b1b407a6250@group-83984122B78E-FollowerState was interrupted: java.lang.InterruptedException: sleep interrupted
2019-10-30 11:53:02,531 [f26e10ed-fb17-49e6-a903-eadc130d13d1@group-83984122B78E-LeaderElection429] INFO  impl.LeaderElection (LeaderElection.java:logAndReturn(56)) - f26e10ed-fb17-49e6-a903-eadc130d13d1@group-83984122B78E-LeaderElection429: Election REJECTED; received 1 response(s) [f26e10ed-fb17-49e6-a903-eadc130d13d1<-4cc44201-a597-43af-a4ec-5b1b407a6250#0:FAIL-t235] and 1 exception(s); f26e10ed-fb17-49e6-a903-eadc130d13d1@group-83984122B78E:t235, leader=null, voted=f26e10ed-fb17-49e6-a903-eadc130d13d1, raftlog=f26e10ed-fb17-49e6-a903-eadc130d13d1@group-83984122B78E-SegmentedRaftLog:OPENED:c-1,f-1,i0, conf=-1: [4f16e274-8663-4a15-9c4c-c81f650ab979:192.168.157.220:38181, 4cc44201-a597-43af-a4ec-5b1b407a6250:192.168.157.220:36685, f26e10ed-fb17-49e6-a903-eadc130d13d1:192.168.157.220:32806], old=null
2019-10-30 11:53:02,531 [f26e10ed-fb17-49e6-a903-eadc130d13d1@group-83984122B78E-LeaderElection429] INFO  impl.LeaderElection (LogUtils.java:infoOrTrace(149)) -   Exception 0: {}
java.util.concurrent.ExecutionException: org.apache.ratis.thirdparty.io.grpc.StatusRuntimeException: UNAVAILABLE: io exception
	at java.util.concurrent.FutureTask.report(FutureTask.java:122)
	at java.util.concurrent.FutureTask.get(FutureTask.java:192)
	at org.apache.ratis.server.impl.LeaderElection.waitForResults(LeaderElection.java:259)
	at org.apache.ratis.server.impl.LeaderElection.askForVotes(LeaderElection.java:197)
	at org.apache.ratis.server.impl.LeaderElection.run(LeaderElection.java:133)
	at java.lang.Thread.run(Thread.java:748)
Caused by: org.apache.ratis.thirdparty.io.grpc.StatusRuntimeException: UNAVAILABLE: io exception
	at org.apache.ratis.thirdparty.io.grpc.stub.ClientCalls.toStatusRuntimeException(ClientCalls.java:233)
	at org.apache.ratis.thirdparty.io.grpc.stub.ClientCalls.getUnchecked(ClientCalls.java:214)
	at org.apache.ratis.thirdparty.io.grpc.stub.ClientCalls.blockingUnaryCall(ClientCalls.java:139)
	at org.apache.ratis.proto.grpc.RaftServerProtocolServiceGrpc$RaftServerProtocolServiceBlockingStub.requestVote(RaftServerProtocolServiceGrpc.java:265)
	at org.apache.ratis.grpc.server.GrpcServerProtocolClient.requestVote(GrpcServerProtocolClient.java:99)
	at org.apache.ratis.grpc.server.GrpcService.requestVote(GrpcService.java:204)
	at org.apache.ratis.server.impl.LeaderElection.lambda$submitRequests$1(LeaderElection.java:234)
	at java.util.concurrent.FutureTask.run(FutureTask.java:266)
	at java.util.concurrent.Executors$RunnableAdapter.call(Executors.java:511)
	at java.util.concurrent.FutureTask.run(FutureTask.java:266)
	at java.util.concurrent.ThreadPoolExecutor.runWorker(ThreadPoolExecutor.java:1149)
	at java.util.concurrent.ThreadPoolExecutor$Worker.run(ThreadPoolExecutor.java:624)
	... 1 more
Caused by: org.apache.ratis.thirdparty.io.netty.channel.AbstractChannel$AnnotatedConnectException: Connection refused: /192.168.157.220:38181
	at sun.nio.ch.SocketChannelImpl.checkConnect(Native Method)
	at sun.nio.ch.SocketChannelImpl.finishConnect(SocketChannelImpl.java:717)
	at org.apache.ratis.thirdparty.io.netty.channel.socket.nio.NioSocketChannel.doFinishConnect(NioSocketChannel.java:327)
	at org.apache.ratis.thirdparty.io.netty.channel.nio.AbstractNioChannel$AbstractNioUnsafe.finishConnect(AbstractNioChannel.java:340)
	at org.apache.ratis.thirdparty.io.netty.channel.nio.NioEventLoop.processSelectedKey(NioEventLoop.java:632)
	at org.apache.ratis.thirdparty.io.netty.channel.nio.NioEventLoop.processSelectedKeysOptimized(NioEventLoop.java:579)
	at org.apache.ratis.thirdparty.io.netty.channel.nio.NioEventLoop.processSelectedKeys(NioEventLoop.java:496)
	at org.apache.ratis.thirdparty.io.netty.channel.nio.NioEventLoop.run(NioEventLoop.java:458)
	at org.apache.ratis.thirdparty.io.netty.util.concurrent.SingleThreadEventExecutor$5.run(SingleThreadEventExecutor.java:897)
	at org.apache.ratis.thirdparty.io.netty.util.concurrent.FastThreadLocalRunnable.run(FastThreadLocalRunnable.java:30)
	... 1 more
Caused by: java.net.ConnectException: Connection refused
	... 11 more
2019-10-30 11:53:02,532 [f26e10ed-fb17-49e6-a903-eadc130d13d1@group-83984122B78E-LeaderElection429] INFO  impl.RaftServerImpl (RaftServerImpl.java:setRole(184)) - f26e10ed-fb17-49e6-a903-eadc130d13d1@group-83984122B78E: changes role from CANDIDATE to FOLLOWER at term 235 for DISCOVERED_A_NEW_TERM
2019-10-30 11:53:02,532 [f26e10ed-fb17-49e6-a903-eadc130d13d1@group-83984122B78E-LeaderElection429] INFO  impl.RoleInfo (RoleInfo.java:shutdownLeaderElection(134)) - f26e10ed-fb17-49e6-a903-eadc130d13d1: shutdown LeaderElection
2019-10-30 11:53:02,532 [f26e10ed-fb17-49e6-a903-eadc130d13d1@group-83984122B78E-LeaderElection429] INFO  impl.RoleInfo (RoleInfo.java:updateAndGet(143)) - f26e10ed-fb17-49e6-a903-eadc130d13d1: start FollowerState
2019-10-30 11:53:02,546 [Thread-3218] INFO  impl.FollowerState (FollowerState.java:run(108)) - 9dbd5372-55c2-4532-b354-9494d3d545d2@group-F367C8FA5986-FollowerState: change to CANDIDATE, lastRpcTime:189ms, electionTimeout:186ms
2019-10-30 11:53:02,546 [Thread-3218] INFO  impl.RoleInfo (RoleInfo.java:shutdownFollowerState(121)) - 9dbd5372-55c2-4532-b354-9494d3d545d2: shutdown FollowerState
2019-10-30 11:53:02,546 [Thread-3218] INFO  impl.RaftServerImpl (RaftServerImpl.java:setRole(184)) - 9dbd5372-55c2-4532-b354-9494d3d545d2@group-F367C8FA5986: changes role from  FOLLOWER to CANDIDATE at term 223 for changeToCandidate
2019-10-30 11:53:02,546 [Thread-3218] INFO  impl.RoleInfo (RoleInfo.java:updateAndGet(143)) - 9dbd5372-55c2-4532-b354-9494d3d545d2: start LeaderElection
2019-10-30 11:53:02,557 [9dbd5372-55c2-4532-b354-9494d3d545d2@group-F367C8FA5986-LeaderElection430] INFO  impl.LeaderElection (LeaderElection.java:askForVotes(178)) - 9dbd5372-55c2-4532-b354-9494d3d545d2@group-F367C8FA5986-LeaderElection430: begin an election at term 224 for -1: [9b3ef6c9-0245-4756-bf80-45d41f7a4453:192.168.157.220:37058, cd11b2f5-3187-4d03-bd60-931991550c17:192.168.157.220:43236, 9dbd5372-55c2-4532-b354-9494d3d545d2:192.168.157.220:42993], old=null
2019-10-30 11:53:02,559 [9dbd5372-55c2-4532-b354-9494d3d545d2@group-F367C8FA5986-LeaderElection430] INFO  impl.LeaderElection (LogUtils.java:infoOrTrace(149)) - 9dbd5372-55c2-4532-b354-9494d3d545d2@group-F367C8FA5986-LeaderElection430 got exception when requesting votes: {}
java.util.concurrent.ExecutionException: org.apache.ratis.thirdparty.io.grpc.StatusRuntimeException: UNAVAILABLE: io exception
	at java.util.concurrent.FutureTask.report(FutureTask.java:122)
	at java.util.concurrent.FutureTask.get(FutureTask.java:192)
	at org.apache.ratis.server.impl.LeaderElection.waitForResults(LeaderElection.java:259)
	at org.apache.ratis.server.impl.LeaderElection.askForVotes(LeaderElection.java:197)
	at org.apache.ratis.server.impl.LeaderElection.run(LeaderElection.java:133)
	at java.lang.Thread.run(Thread.java:748)
Caused by: org.apache.ratis.thirdparty.io.grpc.StatusRuntimeException: UNAVAILABLE: io exception
	at org.apache.ratis.thirdparty.io.grpc.stub.ClientCalls.toStatusRuntimeException(ClientCalls.java:233)
	at org.apache.ratis.thirdparty.io.grpc.stub.ClientCalls.getUnchecked(ClientCalls.java:214)
	at org.apache.ratis.thirdparty.io.grpc.stub.ClientCalls.blockingUnaryCall(ClientCalls.java:139)
	at org.apache.ratis.proto.grpc.RaftServerProtocolServiceGrpc$RaftServerProtocolServiceBlockingStub.requestVote(RaftServerProtocolServiceGrpc.java:265)
	at org.apache.ratis.grpc.server.GrpcServerProtocolClient.requestVote(GrpcServerProtocolClient.java:99)
	at org.apache.ratis.grpc.server.GrpcService.requestVote(GrpcService.java:204)
	at org.apache.ratis.server.impl.LeaderElection.lambda$submitRequests$1(LeaderElection.java:234)
	at java.util.concurrent.FutureTask.run(FutureTask.java:266)
	at java.util.concurrent.Executors$RunnableAdapter.call(Executors.java:511)
	at java.util.concurrent.FutureTask.run(FutureTask.java:266)
	at java.util.concurrent.ThreadPoolExecutor.runWorker(ThreadPoolExecutor.java:1149)
	at java.util.concurrent.ThreadPoolExecutor$Worker.run(ThreadPoolExecutor.java:624)
	... 1 more
Caused by: org.apache.ratis.thirdparty.io.netty.channel.AbstractChannel$AnnotatedConnectException: Connection refused: /192.168.157.220:43236
	at sun.nio.ch.SocketChannelImpl.checkConnect(Native Method)
	at sun.nio.ch.SocketChannelImpl.finishConnect(SocketChannelImpl.java:717)
	at org.apache.ratis.thirdparty.io.netty.channel.socket.nio.NioSocketChannel.doFinishConnect(NioSocketChannel.java:327)
	at org.apache.ratis.thirdparty.io.netty.channel.nio.AbstractNioChannel$AbstractNioUnsafe.finishConnect(AbstractNioChannel.java:340)
	at org.apache.ratis.thirdparty.io.netty.channel.nio.NioEventLoop.processSelectedKey(NioEventLoop.java:632)
	at org.apache.ratis.thirdparty.io.netty.channel.nio.NioEventLoop.processSelectedKeysOptimized(NioEventLoop.java:579)
	at org.apache.ratis.thirdparty.io.netty.channel.nio.NioEventLoop.processSelectedKeys(NioEventLoop.java:496)
	at org.apache.ratis.thirdparty.io.netty.channel.nio.NioEventLoop.run(NioEventLoop.java:458)
	at org.apache.ratis.thirdparty.io.netty.util.concurrent.SingleThreadEventExecutor$5.run(SingleThreadEventExecutor.java:897)
	at org.apache.ratis.thirdparty.io.netty.util.concurrent.FastThreadLocalRunnable.run(FastThreadLocalRunnable.java:30)
	... 1 more
Caused by: java.net.ConnectException: Connection refused
	... 11 more
2019-10-30 11:53:02,561 [grpc-default-executor-8] INFO  impl.RaftServerImpl (RaftServerImpl.java:setRole(184)) - 9b3ef6c9-0245-4756-bf80-45d41f7a4453@group-F367C8FA5986: changes role from  FOLLOWER to FOLLOWER at term 224 for recognizeCandidate:9dbd5372-55c2-4532-b354-9494d3d545d2
2019-10-30 11:53:02,561 [grpc-default-executor-8] INFO  impl.RoleInfo (RoleInfo.java:shutdownFollowerState(121)) - 9b3ef6c9-0245-4756-bf80-45d41f7a4453: shutdown FollowerState
2019-10-30 11:53:02,561 [grpc-default-executor-8] INFO  impl.RoleInfo (RoleInfo.java:updateAndGet(143)) - 9b3ef6c9-0245-4756-bf80-45d41f7a4453: start FollowerState
2019-10-30 11:53:02,561 [Thread-3217] INFO  impl.FollowerState (FollowerState.java:run(117)) - 9b3ef6c9-0245-4756-bf80-45d41f7a4453@group-F367C8FA5986-FollowerState was interrupted: java.lang.InterruptedException: sleep interrupted
2019-10-30 11:53:02,577 [9dbd5372-55c2-4532-b354-9494d3d545d2@group-F367C8FA5986-LeaderElection430] INFO  impl.LeaderElection (LeaderElection.java:logAndReturn(56)) - 9dbd5372-55c2-4532-b354-9494d3d545d2@group-F367C8FA5986-LeaderElection430: Election REJECTED; received 1 response(s) [9dbd5372-55c2-4532-b354-9494d3d545d2<-9b3ef6c9-0245-4756-bf80-45d41f7a4453#0:FAIL-t224] and 1 exception(s); 9dbd5372-55c2-4532-b354-9494d3d545d2@group-F367C8FA5986:t224, leader=null, voted=9dbd5372-55c2-4532-b354-9494d3d545d2, raftlog=9dbd5372-55c2-4532-b354-9494d3d545d2@group-F367C8FA5986-SegmentedRaftLog:OPENED:c-1,f-1,i0, conf=-1: [9b3ef6c9-0245-4756-bf80-45d41f7a4453:192.168.157.220:37058, cd11b2f5-3187-4d03-bd60-931991550c17:192.168.157.220:43236, 9dbd5372-55c2-4532-b354-9494d3d545d2:192.168.157.220:42993], old=null
2019-10-30 11:53:02,577 [9dbd5372-55c2-4532-b354-9494d3d545d2@group-F367C8FA5986-LeaderElection430] INFO  impl.LeaderElection (LogUtils.java:infoOrTrace(149)) -   Exception 0: {}
java.util.concurrent.ExecutionException: org.apache.ratis.thirdparty.io.grpc.StatusRuntimeException: UNAVAILABLE: io exception
	at java.util.concurrent.FutureTask.report(FutureTask.java:122)
	at java.util.concurrent.FutureTask.get(FutureTask.java:192)
	at org.apache.ratis.server.impl.LeaderElection.waitForResults(LeaderElection.java:259)
	at org.apache.ratis.server.impl.LeaderElection.askForVotes(LeaderElection.java:197)
	at org.apache.ratis.server.impl.LeaderElection.run(LeaderElection.java:133)
	at java.lang.Thread.run(Thread.java:748)
Caused by: org.apache.ratis.thirdparty.io.grpc.StatusRuntimeException: UNAVAILABLE: io exception
	at org.apache.ratis.thirdparty.io.grpc.stub.ClientCalls.toStatusRuntimeException(ClientCalls.java:233)
	at org.apache.ratis.thirdparty.io.grpc.stub.ClientCalls.getUnchecked(ClientCalls.java:214)
	at org.apache.ratis.thirdparty.io.grpc.stub.ClientCalls.blockingUnaryCall(ClientCalls.java:139)
	at org.apache.ratis.proto.grpc.RaftServerProtocolServiceGrpc$RaftServerProtocolServiceBlockingStub.requestVote(RaftServerProtocolServiceGrpc.java:265)
	at org.apache.ratis.grpc.server.GrpcServerProtocolClient.requestVote(GrpcServerProtocolClient.java:99)
	at org.apache.ratis.grpc.server.GrpcService.requestVote(GrpcService.java:204)
	at org.apache.ratis.server.impl.LeaderElection.lambda$submitRequests$1(LeaderElection.java:234)
	at java.util.concurrent.FutureTask.run(FutureTask.java:266)
	at java.util.concurrent.Executors$RunnableAdapter.call(Executors.java:511)
	at java.util.concurrent.FutureTask.run(FutureTask.java:266)
	at java.util.concurrent.ThreadPoolExecutor.runWorker(ThreadPoolExecutor.java:1149)
	at java.util.concurrent.ThreadPoolExecutor$Worker.run(ThreadPoolExecutor.java:624)
	... 1 more
Caused by: org.apache.ratis.thirdparty.io.netty.channel.AbstractChannel$AnnotatedConnectException: Connection refused: /192.168.157.220:43236
	at sun.nio.ch.SocketChannelImpl.checkConnect(Native Method)
	at sun.nio.ch.SocketChannelImpl.finishConnect(SocketChannelImpl.java:717)
	at org.apache.ratis.thirdparty.io.netty.channel.socket.nio.NioSocketChannel.doFinishConnect(NioSocketChannel.java:327)
	at org.apache.ratis.thirdparty.io.netty.channel.nio.AbstractNioChannel$AbstractNioUnsafe.finishConnect(AbstractNioChannel.java:340)
	at org.apache.ratis.thirdparty.io.netty.channel.nio.NioEventLoop.processSelectedKey(NioEventLoop.java:632)
	at org.apache.ratis.thirdparty.io.netty.channel.nio.NioEventLoop.processSelectedKeysOptimized(NioEventLoop.java:579)
	at org.apache.ratis.thirdparty.io.netty.channel.nio.NioEventLoop.processSelectedKeys(NioEventLoop.java:496)
	at org.apache.ratis.thirdparty.io.netty.channel.nio.NioEventLoop.run(NioEventLoop.java:458)
	at org.apache.ratis.thirdparty.io.netty.util.concurrent.SingleThreadEventExecutor$5.run(SingleThreadEventExecutor.java:897)
	at org.apache.ratis.thirdparty.io.netty.util.concurrent.FastThreadLocalRunnable.run(FastThreadLocalRunnable.java:30)
	... 1 more
Caused by: java.net.ConnectException: Connection refused
	... 11 more
2019-10-30 11:53:02,577 [9dbd5372-55c2-4532-b354-9494d3d545d2@group-F367C8FA5986-LeaderElection430] INFO  impl.RaftServerImpl (RaftServerImpl.java:setRole(184)) - 9dbd5372-55c2-4532-b354-9494d3d545d2@group-F367C8FA5986: changes role from CANDIDATE to FOLLOWER at term 224 for DISCOVERED_A_NEW_TERM
2019-10-30 11:53:02,577 [9dbd5372-55c2-4532-b354-9494d3d545d2@group-F367C8FA5986-LeaderElection430] INFO  impl.RoleInfo (RoleInfo.java:shutdownLeaderElection(134)) - 9dbd5372-55c2-4532-b354-9494d3d545d2: shutdown LeaderElection
2019-10-30 11:53:02,577 [9dbd5372-55c2-4532-b354-9494d3d545d2@group-F367C8FA5986-LeaderElection430] INFO  impl.RoleInfo (RoleInfo.java:updateAndGet(143)) - 9dbd5372-55c2-4532-b354-9494d3d545d2: start FollowerState
2019-10-30 11:53:02,611 [Thread-3228] INFO  impl.FollowerState (FollowerState.java:run(108)) - f26e10ed-fb17-49e6-a903-eadc130d13d1@group-83984122B78E-FollowerState: change to CANDIDATE, lastRpcTime:79ms, electionTimeout:68ms
2019-10-30 11:53:02,611 [Thread-3228] INFO  impl.RoleInfo (RoleInfo.java:shutdownFollowerState(121)) - f26e10ed-fb17-49e6-a903-eadc130d13d1: shutdown FollowerState
2019-10-30 11:53:02,611 [Thread-3228] INFO  impl.RaftServerImpl (RaftServerImpl.java:setRole(184)) - f26e10ed-fb17-49e6-a903-eadc130d13d1@group-83984122B78E: changes role from  FOLLOWER to CANDIDATE at term 235 for changeToCandidate
2019-10-30 11:53:02,612 [Thread-3228] INFO  impl.RoleInfo (RoleInfo.java:updateAndGet(143)) - f26e10ed-fb17-49e6-a903-eadc130d13d1: start LeaderElection
2019-10-30 11:53:02,617 [f26e10ed-fb17-49e6-a903-eadc130d13d1@group-83984122B78E-LeaderElection431] INFO  impl.LeaderElection (LeaderElection.java:askForVotes(178)) - f26e10ed-fb17-49e6-a903-eadc130d13d1@group-83984122B78E-LeaderElection431: begin an election at term 236 for -1: [4f16e274-8663-4a15-9c4c-c81f650ab979:192.168.157.220:38181, 4cc44201-a597-43af-a4ec-5b1b407a6250:192.168.157.220:36685, f26e10ed-fb17-49e6-a903-eadc130d13d1:192.168.157.220:32806], old=null
2019-10-30 11:53:02,617 [f26e10ed-fb17-49e6-a903-eadc130d13d1@group-83984122B78E-LeaderElection431] INFO  impl.LeaderElection (LogUtils.java:infoOrTrace(149)) - f26e10ed-fb17-49e6-a903-eadc130d13d1@group-83984122B78E-LeaderElection431 got exception when requesting votes: {}
java.util.concurrent.ExecutionException: org.apache.ratis.thirdparty.io.grpc.StatusRuntimeException: UNAVAILABLE: io exception
	at java.util.concurrent.FutureTask.report(FutureTask.java:122)
	at java.util.concurrent.FutureTask.get(FutureTask.java:192)
	at org.apache.ratis.server.impl.LeaderElection.waitForResults(LeaderElection.java:259)
	at org.apache.ratis.server.impl.LeaderElection.askForVotes(LeaderElection.java:197)
	at org.apache.ratis.server.impl.LeaderElection.run(LeaderElection.java:133)
	at java.lang.Thread.run(Thread.java:748)
Caused by: org.apache.ratis.thirdparty.io.grpc.StatusRuntimeException: UNAVAILABLE: io exception
	at org.apache.ratis.thirdparty.io.grpc.stub.ClientCalls.toStatusRuntimeException(ClientCalls.java:233)
	at org.apache.ratis.thirdparty.io.grpc.stub.ClientCalls.getUnchecked(ClientCalls.java:214)
	at org.apache.ratis.thirdparty.io.grpc.stub.ClientCalls.blockingUnaryCall(ClientCalls.java:139)
	at org.apache.ratis.proto.grpc.RaftServerProtocolServiceGrpc$RaftServerProtocolServiceBlockingStub.requestVote(RaftServerProtocolServiceGrpc.java:265)
	at org.apache.ratis.grpc.server.GrpcServerProtocolClient.requestVote(GrpcServerProtocolClient.java:99)
	at org.apache.ratis.grpc.server.GrpcService.requestVote(GrpcService.java:204)
	at org.apache.ratis.server.impl.LeaderElection.lambda$submitRequests$1(LeaderElection.java:234)
	at java.util.concurrent.FutureTask.run(FutureTask.java:266)
	at java.util.concurrent.Executors$RunnableAdapter.call(Executors.java:511)
	at java.util.concurrent.FutureTask.run(FutureTask.java:266)
	at java.util.concurrent.ThreadPoolExecutor.runWorker(ThreadPoolExecutor.java:1149)
	at java.util.concurrent.ThreadPoolExecutor$Worker.run(ThreadPoolExecutor.java:624)
	... 1 more
Caused by: org.apache.ratis.thirdparty.io.netty.channel.AbstractChannel$AnnotatedConnectException: Connection refused: /192.168.157.220:38181
	at sun.nio.ch.SocketChannelImpl.checkConnect(Native Method)
	at sun.nio.ch.SocketChannelImpl.finishConnect(SocketChannelImpl.java:717)
	at org.apache.ratis.thirdparty.io.netty.channel.socket.nio.NioSocketChannel.doFinishConnect(NioSocketChannel.java:327)
	at org.apache.ratis.thirdparty.io.netty.channel.nio.AbstractNioChannel$AbstractNioUnsafe.finishConnect(AbstractNioChannel.java:340)
	at org.apache.ratis.thirdparty.io.netty.channel.nio.NioEventLoop.processSelectedKey(NioEventLoop.java:632)
	at org.apache.ratis.thirdparty.io.netty.channel.nio.NioEventLoop.processSelectedKeysOptimized(NioEventLoop.java:579)
	at org.apache.ratis.thirdparty.io.netty.channel.nio.NioEventLoop.processSelectedKeys(NioEventLoop.java:496)
	at org.apache.ratis.thirdparty.io.netty.channel.nio.NioEventLoop.run(NioEventLoop.java:458)
	at org.apache.ratis.thirdparty.io.netty.util.concurrent.SingleThreadEventExecutor$5.run(SingleThreadEventExecutor.java:897)
	at org.apache.ratis.thirdparty.io.netty.util.concurrent.FastThreadLocalRunnable.run(FastThreadLocalRunnable.java:30)
	... 1 more
Caused by: java.net.ConnectException: Connection refused
	... 11 more
2019-10-30 11:53:02,622 [grpc-default-executor-8] INFO  impl.RaftServerImpl (RaftServerImpl.java:setRole(184)) - 4cc44201-a597-43af-a4ec-5b1b407a6250@group-83984122B78E: changes role from  FOLLOWER to FOLLOWER at term 236 for recognizeCandidate:f26e10ed-fb17-49e6-a903-eadc130d13d1
2019-10-30 11:53:02,623 [grpc-default-executor-8] INFO  impl.RoleInfo (RoleInfo.java:shutdownFollowerState(121)) - 4cc44201-a597-43af-a4ec-5b1b407a6250: shutdown FollowerState
2019-10-30 11:53:02,623 [grpc-default-executor-8] INFO  impl.RoleInfo (RoleInfo.java:updateAndGet(143)) - 4cc44201-a597-43af-a4ec-5b1b407a6250: start FollowerState
2019-10-30 11:53:02,623 [Thread-3227] INFO  impl.FollowerState (FollowerState.java:run(117)) - 4cc44201-a597-43af-a4ec-5b1b407a6250@group-83984122B78E-FollowerState was interrupted: java.lang.InterruptedException: sleep interrupted
2019-10-30 11:53:02,641 [f26e10ed-fb17-49e6-a903-eadc130d13d1@group-83984122B78E-LeaderElection431] INFO  impl.LeaderElection (LeaderElection.java:logAndReturn(56)) - f26e10ed-fb17-49e6-a903-eadc130d13d1@group-83984122B78E-LeaderElection431: Election REJECTED; received 1 response(s) [f26e10ed-fb17-49e6-a903-eadc130d13d1<-4cc44201-a597-43af-a4ec-5b1b407a6250#0:FAIL-t236] and 1 exception(s); f26e10ed-fb17-49e6-a903-eadc130d13d1@group-83984122B78E:t236, leader=null, voted=f26e10ed-fb17-49e6-a903-eadc130d13d1, raftlog=f26e10ed-fb17-49e6-a903-eadc130d13d1@group-83984122B78E-SegmentedRaftLog:OPENED:c-1,f-1,i0, conf=-1: [4f16e274-8663-4a15-9c4c-c81f650ab979:192.168.157.220:38181, 4cc44201-a597-43af-a4ec-5b1b407a6250:192.168.157.220:36685, f26e10ed-fb17-49e6-a903-eadc130d13d1:192.168.157.220:32806], old=null
2019-10-30 11:53:02,641 [f26e10ed-fb17-49e6-a903-eadc130d13d1@group-83984122B78E-LeaderElection431] INFO  impl.LeaderElection (LogUtils.java:infoOrTrace(149)) -   Exception 0: {}
java.util.concurrent.ExecutionException: org.apache.ratis.thirdparty.io.grpc.StatusRuntimeException: UNAVAILABLE: io exception
	at java.util.concurrent.FutureTask.report(FutureTask.java:122)
	at java.util.concurrent.FutureTask.get(FutureTask.java:192)
	at org.apache.ratis.server.impl.LeaderElection.waitForResults(LeaderElection.java:259)
	at org.apache.ratis.server.impl.LeaderElection.askForVotes(LeaderElection.java:197)
	at org.apache.ratis.server.impl.LeaderElection.run(LeaderElection.java:133)
	at java.lang.Thread.run(Thread.java:748)
Caused by: org.apache.ratis.thirdparty.io.grpc.StatusRuntimeException: UNAVAILABLE: io exception
	at org.apache.ratis.thirdparty.io.grpc.stub.ClientCalls.toStatusRuntimeException(ClientCalls.java:233)
	at org.apache.ratis.thirdparty.io.grpc.stub.ClientCalls.getUnchecked(ClientCalls.java:214)
	at org.apache.ratis.thirdparty.io.grpc.stub.ClientCalls.blockingUnaryCall(ClientCalls.java:139)
	at org.apache.ratis.proto.grpc.RaftServerProtocolServiceGrpc$RaftServerProtocolServiceBlockingStub.requestVote(RaftServerProtocolServiceGrpc.java:265)
	at org.apache.ratis.grpc.server.GrpcServerProtocolClient.requestVote(GrpcServerProtocolClient.java:99)
	at org.apache.ratis.grpc.server.GrpcService.requestVote(GrpcService.java:204)
	at org.apache.ratis.server.impl.LeaderElection.lambda$submitRequests$1(LeaderElection.java:234)
	at java.util.concurrent.FutureTask.run(FutureTask.java:266)
	at java.util.concurrent.Executors$RunnableAdapter.call(Executors.java:511)
	at java.util.concurrent.FutureTask.run(FutureTask.java:266)
	at java.util.concurrent.ThreadPoolExecutor.runWorker(ThreadPoolExecutor.java:1149)
	at java.util.concurrent.ThreadPoolExecutor$Worker.run(ThreadPoolExecutor.java:624)
	... 1 more
Caused by: org.apache.ratis.thirdparty.io.netty.channel.AbstractChannel$AnnotatedConnectException: Connection refused: /192.168.157.220:38181
	at sun.nio.ch.SocketChannelImpl.checkConnect(Native Method)
	at sun.nio.ch.SocketChannelImpl.finishConnect(SocketChannelImpl.java:717)
	at org.apache.ratis.thirdparty.io.netty.channel.socket.nio.NioSocketChannel.doFinishConnect(NioSocketChannel.java:327)
	at org.apache.ratis.thirdparty.io.netty.channel.nio.AbstractNioChannel$AbstractNioUnsafe.finishConnect(AbstractNioChannel.java:340)
	at org.apache.ratis.thirdparty.io.netty.channel.nio.NioEventLoop.processSelectedKey(NioEventLoop.java:632)
	at org.apache.ratis.thirdparty.io.netty.channel.nio.NioEventLoop.processSelectedKeysOptimized(NioEventLoop.java:579)
	at org.apache.ratis.thirdparty.io.netty.channel.nio.NioEventLoop.processSelectedKeys(NioEventLoop.java:496)
	at org.apache.ratis.thirdparty.io.netty.channel.nio.NioEventLoop.run(NioEventLoop.java:458)
	at org.apache.ratis.thirdparty.io.netty.util.concurrent.SingleThreadEventExecutor$5.run(SingleThreadEventExecutor.java:897)
	at org.apache.ratis.thirdparty.io.netty.util.concurrent.FastThreadLocalRunnable.run(FastThreadLocalRunnable.java:30)
	... 1 more
Caused by: java.net.ConnectException: Connection refused
	... 11 more
2019-10-30 11:53:02,642 [f26e10ed-fb17-49e6-a903-eadc130d13d1@group-83984122B78E-LeaderElection431] INFO  impl.RaftServerImpl (RaftServerImpl.java:setRole(184)) - f26e10ed-fb17-49e6-a903-eadc130d13d1@group-83984122B78E: changes role from CANDIDATE to FOLLOWER at term 236 for DISCOVERED_A_NEW_TERM
2019-10-30 11:53:02,642 [f26e10ed-fb17-49e6-a903-eadc130d13d1@group-83984122B78E-LeaderElection431] INFO  impl.RoleInfo (RoleInfo.java:shutdownLeaderElection(134)) - f26e10ed-fb17-49e6-a903-eadc130d13d1: shutdown LeaderElection
2019-10-30 11:53:02,642 [f26e10ed-fb17-49e6-a903-eadc130d13d1@group-83984122B78E-LeaderElection431] INFO  impl.RoleInfo (RoleInfo.java:updateAndGet(143)) - f26e10ed-fb17-49e6-a903-eadc130d13d1: start FollowerState
2019-10-30 11:53:02,740 [Thread-3238] INFO  impl.FollowerState (FollowerState.java:run(108)) - f26e10ed-fb17-49e6-a903-eadc130d13d1@group-83984122B78E-FollowerState: change to CANDIDATE, lastRpcTime:98ms, electionTimeout:98ms
2019-10-30 11:53:02,740 [Thread-3238] INFO  impl.RoleInfo (RoleInfo.java:shutdownFollowerState(121)) - f26e10ed-fb17-49e6-a903-eadc130d13d1: shutdown FollowerState
2019-10-30 11:53:02,741 [Thread-3238] INFO  impl.RaftServerImpl (RaftServerImpl.java:setRole(184)) - f26e10ed-fb17-49e6-a903-eadc130d13d1@group-83984122B78E: changes role from  FOLLOWER to CANDIDATE at term 236 for changeToCandidate
2019-10-30 11:53:02,741 [Thread-3238] INFO  impl.RoleInfo (RoleInfo.java:updateAndGet(143)) - f26e10ed-fb17-49e6-a903-eadc130d13d1: start LeaderElection
2019-10-30 11:53:02,754 [f26e10ed-fb17-49e6-a903-eadc130d13d1@group-83984122B78E-LeaderElection432] INFO  impl.LeaderElection (LeaderElection.java:askForVotes(178)) - f26e10ed-fb17-49e6-a903-eadc130d13d1@group-83984122B78E-LeaderElection432: begin an election at term 237 for -1: [4f16e274-8663-4a15-9c4c-c81f650ab979:192.168.157.220:38181, 4cc44201-a597-43af-a4ec-5b1b407a6250:192.168.157.220:36685, f26e10ed-fb17-49e6-a903-eadc130d13d1:192.168.157.220:32806], old=null
2019-10-30 11:53:02,755 [f26e10ed-fb17-49e6-a903-eadc130d13d1@group-83984122B78E-LeaderElection432] INFO  impl.LeaderElection (LogUtils.java:infoOrTrace(149)) - f26e10ed-fb17-49e6-a903-eadc130d13d1@group-83984122B78E-LeaderElection432 got exception when requesting votes: {}
java.util.concurrent.ExecutionException: org.apache.ratis.thirdparty.io.grpc.StatusRuntimeException: UNAVAILABLE: io exception
	at java.util.concurrent.FutureTask.report(FutureTask.java:122)
	at java.util.concurrent.FutureTask.get(FutureTask.java:192)
	at org.apache.ratis.server.impl.LeaderElection.waitForResults(LeaderElection.java:259)
	at org.apache.ratis.server.impl.LeaderElection.askForVotes(LeaderElection.java:197)
	at org.apache.ratis.server.impl.LeaderElection.run(LeaderElection.java:133)
	at java.lang.Thread.run(Thread.java:748)
Caused by: org.apache.ratis.thirdparty.io.grpc.StatusRuntimeException: UNAVAILABLE: io exception
	at org.apache.ratis.thirdparty.io.grpc.stub.ClientCalls.toStatusRuntimeException(ClientCalls.java:233)
	at org.apache.ratis.thirdparty.io.grpc.stub.ClientCalls.getUnchecked(ClientCalls.java:214)
	at org.apache.ratis.thirdparty.io.grpc.stub.ClientCalls.blockingUnaryCall(ClientCalls.java:139)
	at org.apache.ratis.proto.grpc.RaftServerProtocolServiceGrpc$RaftServerProtocolServiceBlockingStub.requestVote(RaftServerProtocolServiceGrpc.java:265)
	at org.apache.ratis.grpc.server.GrpcServerProtocolClient.requestVote(GrpcServerProtocolClient.java:99)
	at org.apache.ratis.grpc.server.GrpcService.requestVote(GrpcService.java:204)
	at org.apache.ratis.server.impl.LeaderElection.lambda$submitRequests$1(LeaderElection.java:234)
	at java.util.concurrent.FutureTask.run(FutureTask.java:266)
	at java.util.concurrent.Executors$RunnableAdapter.call(Executors.java:511)
	at java.util.concurrent.FutureTask.run(FutureTask.java:266)
	at java.util.concurrent.ThreadPoolExecutor.runWorker(ThreadPoolExecutor.java:1149)
	at java.util.concurrent.ThreadPoolExecutor$Worker.run(ThreadPoolExecutor.java:624)
	... 1 more
Caused by: org.apache.ratis.thirdparty.io.netty.channel.AbstractChannel$AnnotatedConnectException: Connection refused: /192.168.157.220:38181
	at sun.nio.ch.SocketChannelImpl.checkConnect(Native Method)
	at sun.nio.ch.SocketChannelImpl.finishConnect(SocketChannelImpl.java:717)
	at org.apache.ratis.thirdparty.io.netty.channel.socket.nio.NioSocketChannel.doFinishConnect(NioSocketChannel.java:327)
	at org.apache.ratis.thirdparty.io.netty.channel.nio.AbstractNioChannel$AbstractNioUnsafe.finishConnect(AbstractNioChannel.java:340)
	at org.apache.ratis.thirdparty.io.netty.channel.nio.NioEventLoop.processSelectedKey(NioEventLoop.java:632)
	at org.apache.ratis.thirdparty.io.netty.channel.nio.NioEventLoop.processSelectedKeysOptimized(NioEventLoop.java:579)
	at org.apache.ratis.thirdparty.io.netty.channel.nio.NioEventLoop.processSelectedKeys(NioEventLoop.java:496)
	at org.apache.ratis.thirdparty.io.netty.channel.nio.NioEventLoop.run(NioEventLoop.java:458)
	at org.apache.ratis.thirdparty.io.netty.util.concurrent.SingleThreadEventExecutor$5.run(SingleThreadEventExecutor.java:897)
	at org.apache.ratis.thirdparty.io.netty.util.concurrent.FastThreadLocalRunnable.run(FastThreadLocalRunnable.java:30)
	... 1 more
Caused by: java.net.ConnectException: Connection refused
	... 11 more
2019-10-30 11:53:02,759 [grpc-default-executor-8] INFO  impl.RaftServerImpl (RaftServerImpl.java:setRole(184)) - 4cc44201-a597-43af-a4ec-5b1b407a6250@group-83984122B78E: changes role from  FOLLOWER to FOLLOWER at term 237 for recognizeCandidate:f26e10ed-fb17-49e6-a903-eadc130d13d1
2019-10-30 11:53:02,759 [grpc-default-executor-8] INFO  impl.RoleInfo (RoleInfo.java:shutdownFollowerState(121)) - 4cc44201-a597-43af-a4ec-5b1b407a6250: shutdown FollowerState
2019-10-30 11:53:02,760 [grpc-default-executor-8] INFO  impl.RoleInfo (RoleInfo.java:updateAndGet(143)) - 4cc44201-a597-43af-a4ec-5b1b407a6250: start FollowerState
2019-10-30 11:53:02,760 [Thread-3237] INFO  impl.FollowerState (FollowerState.java:run(117)) - 4cc44201-a597-43af-a4ec-5b1b407a6250@group-83984122B78E-FollowerState was interrupted: java.lang.InterruptedException: sleep interrupted
2019-10-30 11:53:02,774 [f26e10ed-fb17-49e6-a903-eadc130d13d1@group-83984122B78E-LeaderElection432] INFO  impl.LeaderElection (LeaderElection.java:logAndReturn(56)) - f26e10ed-fb17-49e6-a903-eadc130d13d1@group-83984122B78E-LeaderElection432: Election REJECTED; received 1 response(s) [f26e10ed-fb17-49e6-a903-eadc130d13d1<-4cc44201-a597-43af-a4ec-5b1b407a6250#0:FAIL-t237] and 1 exception(s); f26e10ed-fb17-49e6-a903-eadc130d13d1@group-83984122B78E:t237, leader=null, voted=f26e10ed-fb17-49e6-a903-eadc130d13d1, raftlog=f26e10ed-fb17-49e6-a903-eadc130d13d1@group-83984122B78E-SegmentedRaftLog:OPENED:c-1,f-1,i0, conf=-1: [4f16e274-8663-4a15-9c4c-c81f650ab979:192.168.157.220:38181, 4cc44201-a597-43af-a4ec-5b1b407a6250:192.168.157.220:36685, f26e10ed-fb17-49e6-a903-eadc130d13d1:192.168.157.220:32806], old=null
2019-10-30 11:53:02,774 [f26e10ed-fb17-49e6-a903-eadc130d13d1@group-83984122B78E-LeaderElection432] INFO  impl.LeaderElection (LogUtils.java:infoOrTrace(149)) -   Exception 0: {}
java.util.concurrent.ExecutionException: org.apache.ratis.thirdparty.io.grpc.StatusRuntimeException: UNAVAILABLE: io exception
	at java.util.concurrent.FutureTask.report(FutureTask.java:122)
	at java.util.concurrent.FutureTask.get(FutureTask.java:192)
	at org.apache.ratis.server.impl.LeaderElection.waitForResults(LeaderElection.java:259)
	at org.apache.ratis.server.impl.LeaderElection.askForVotes(LeaderElection.java:197)
	at org.apache.ratis.server.impl.LeaderElection.run(LeaderElection.java:133)
	at java.lang.Thread.run(Thread.java:748)
Caused by: org.apache.ratis.thirdparty.io.grpc.StatusRuntimeException: UNAVAILABLE: io exception
	at org.apache.ratis.thirdparty.io.grpc.stub.ClientCalls.toStatusRuntimeException(ClientCalls.java:233)
	at org.apache.ratis.thirdparty.io.grpc.stub.ClientCalls.getUnchecked(ClientCalls.java:214)
	at org.apache.ratis.thirdparty.io.grpc.stub.ClientCalls.blockingUnaryCall(ClientCalls.java:139)
	at org.apache.ratis.proto.grpc.RaftServerProtocolServiceGrpc$RaftServerProtocolServiceBlockingStub.requestVote(RaftServerProtocolServiceGrpc.java:265)
	at org.apache.ratis.grpc.server.GrpcServerProtocolClient.requestVote(GrpcServerProtocolClient.java:99)
	at org.apache.ratis.grpc.server.GrpcService.requestVote(GrpcService.java:204)
	at org.apache.ratis.server.impl.LeaderElection.lambda$submitRequests$1(LeaderElection.java:234)
	at java.util.concurrent.FutureTask.run(FutureTask.java:266)
	at java.util.concurrent.Executors$RunnableAdapter.call(Executors.java:511)
	at java.util.concurrent.FutureTask.run(FutureTask.java:266)
	at java.util.concurrent.ThreadPoolExecutor.runWorker(ThreadPoolExecutor.java:1149)
	at java.util.concurrent.ThreadPoolExecutor$Worker.run(ThreadPoolExecutor.java:624)
	... 1 more
Caused by: org.apache.ratis.thirdparty.io.netty.channel.AbstractChannel$AnnotatedConnectException: Connection refused: /192.168.157.220:38181
	at sun.nio.ch.SocketChannelImpl.checkConnect(Native Method)
	at sun.nio.ch.SocketChannelImpl.finishConnect(SocketChannelImpl.java:717)
	at org.apache.ratis.thirdparty.io.netty.channel.socket.nio.NioSocketChannel.doFinishConnect(NioSocketChannel.java:327)
	at org.apache.ratis.thirdparty.io.netty.channel.nio.AbstractNioChannel$AbstractNioUnsafe.finishConnect(AbstractNioChannel.java:340)
	at org.apache.ratis.thirdparty.io.netty.channel.nio.NioEventLoop.processSelectedKey(NioEventLoop.java:632)
	at org.apache.ratis.thirdparty.io.netty.channel.nio.NioEventLoop.processSelectedKeysOptimized(NioEventLoop.java:579)
	at org.apache.ratis.thirdparty.io.netty.channel.nio.NioEventLoop.processSelectedKeys(NioEventLoop.java:496)
	at org.apache.ratis.thirdparty.io.netty.channel.nio.NioEventLoop.run(NioEventLoop.java:458)
	at org.apache.ratis.thirdparty.io.netty.util.concurrent.SingleThreadEventExecutor$5.run(SingleThreadEventExecutor.java:897)
	at org.apache.ratis.thirdparty.io.netty.util.concurrent.FastThreadLocalRunnable.run(FastThreadLocalRunnable.java:30)
	... 1 more
Caused by: java.net.ConnectException: Connection refused
	... 11 more
2019-10-30 11:53:02,774 [f26e10ed-fb17-49e6-a903-eadc130d13d1@group-83984122B78E-LeaderElection432] INFO  impl.RaftServerImpl (RaftServerImpl.java:setRole(184)) - f26e10ed-fb17-49e6-a903-eadc130d13d1@group-83984122B78E: changes role from CANDIDATE to FOLLOWER at term 237 for DISCOVERED_A_NEW_TERM
2019-10-30 11:53:02,775 [f26e10ed-fb17-49e6-a903-eadc130d13d1@group-83984122B78E-LeaderElection432] INFO  impl.RoleInfo (RoleInfo.java:shutdownLeaderElection(134)) - f26e10ed-fb17-49e6-a903-eadc130d13d1: shutdown LeaderElection
2019-10-30 11:53:02,775 [f26e10ed-fb17-49e6-a903-eadc130d13d1@group-83984122B78E-LeaderElection432] INFO  impl.RoleInfo (RoleInfo.java:updateAndGet(143)) - f26e10ed-fb17-49e6-a903-eadc130d13d1: start FollowerState
2019-10-30 11:53:02,777 [Thread-3233] INFO  impl.FollowerState (FollowerState.java:run(108)) - 9dbd5372-55c2-4532-b354-9494d3d545d2@group-F367C8FA5986-FollowerState: change to CANDIDATE, lastRpcTime:199ms, electionTimeout:196ms
2019-10-30 11:53:02,777 [Thread-3233] INFO  impl.RoleInfo (RoleInfo.java:shutdownFollowerState(121)) - 9dbd5372-55c2-4532-b354-9494d3d545d2: shutdown FollowerState
2019-10-30 11:53:02,777 [Thread-3233] INFO  impl.RaftServerImpl (RaftServerImpl.java:setRole(184)) - 9dbd5372-55c2-4532-b354-9494d3d545d2@group-F367C8FA5986: changes role from  FOLLOWER to CANDIDATE at term 224 for changeToCandidate
2019-10-30 11:53:02,777 [Thread-3233] INFO  impl.RoleInfo (RoleInfo.java:updateAndGet(143)) - 9dbd5372-55c2-4532-b354-9494d3d545d2: start LeaderElection
2019-10-30 11:53:02,794 [Thread-3245] INFO  impl.FollowerState (FollowerState.java:run(108)) - f26e10ed-fb17-49e6-a903-eadc130d13d1@group-83984122B78E-FollowerState: change to CANDIDATE, lastRpcTime:18ms, electionTimeout:15ms
2019-10-30 11:53:02,794 [Thread-3245] INFO  impl.RoleInfo (RoleInfo.java:shutdownFollowerState(121)) - f26e10ed-fb17-49e6-a903-eadc130d13d1: shutdown FollowerState
2019-10-30 11:53:02,794 [Thread-3245] INFO  impl.RaftServerImpl (RaftServerImpl.java:setRole(184)) - f26e10ed-fb17-49e6-a903-eadc130d13d1@group-83984122B78E: changes role from  FOLLOWER to CANDIDATE at term 237 for changeToCandidate
2019-10-30 11:53:02,794 [9dbd5372-55c2-4532-b354-9494d3d545d2@group-F367C8FA5986-LeaderElection433] INFO  impl.LeaderElection (LeaderElection.java:askForVotes(178)) - 9dbd5372-55c2-4532-b354-9494d3d545d2@group-F367C8FA5986-LeaderElection433: begin an election at term 225 for -1: [9b3ef6c9-0245-4756-bf80-45d41f7a4453:192.168.157.220:37058, cd11b2f5-3187-4d03-bd60-931991550c17:192.168.157.220:43236, 9dbd5372-55c2-4532-b354-9494d3d545d2:192.168.157.220:42993], old=null
2019-10-30 11:53:02,794 [Thread-3245] INFO  impl.RoleInfo (RoleInfo.java:updateAndGet(143)) - f26e10ed-fb17-49e6-a903-eadc130d13d1: start LeaderElection
2019-10-30 11:53:02,807 [9dbd5372-55c2-4532-b354-9494d3d545d2@group-F367C8FA5986-LeaderElection433] INFO  impl.LeaderElection (LogUtils.java:infoOrTrace(149)) - 9dbd5372-55c2-4532-b354-9494d3d545d2@group-F367C8FA5986-LeaderElection433 got exception when requesting votes: {}
java.util.concurrent.ExecutionException: org.apache.ratis.thirdparty.io.grpc.StatusRuntimeException: UNAVAILABLE: io exception
	at java.util.concurrent.FutureTask.report(FutureTask.java:122)
	at java.util.concurrent.FutureTask.get(FutureTask.java:192)
	at org.apache.ratis.server.impl.LeaderElection.waitForResults(LeaderElection.java:259)
	at org.apache.ratis.server.impl.LeaderElection.askForVotes(LeaderElection.java:197)
	at org.apache.ratis.server.impl.LeaderElection.run(LeaderElection.java:133)
	at java.lang.Thread.run(Thread.java:748)
Caused by: org.apache.ratis.thirdparty.io.grpc.StatusRuntimeException: UNAVAILABLE: io exception
	at org.apache.ratis.thirdparty.io.grpc.stub.ClientCalls.toStatusRuntimeException(ClientCalls.java:233)
	at org.apache.ratis.thirdparty.io.grpc.stub.ClientCalls.getUnchecked(ClientCalls.java:214)
	at org.apache.ratis.thirdparty.io.grpc.stub.ClientCalls.blockingUnaryCall(ClientCalls.java:139)
	at org.apache.ratis.proto.grpc.RaftServerProtocolServiceGrpc$RaftServerProtocolServiceBlockingStub.requestVote(RaftServerProtocolServiceGrpc.java:265)
	at org.apache.ratis.grpc.server.GrpcServerProtocolClient.requestVote(GrpcServerProtocolClient.java:99)
	at org.apache.ratis.grpc.server.GrpcService.requestVote(GrpcService.java:204)
	at org.apache.ratis.server.impl.LeaderElection.lambda$submitRequests$1(LeaderElection.java:234)
	at java.util.concurrent.FutureTask.run(FutureTask.java:266)
	at java.util.concurrent.Executors$RunnableAdapter.call(Executors.java:511)
	at java.util.concurrent.FutureTask.run(FutureTask.java:266)
	at java.util.concurrent.ThreadPoolExecutor.runWorker(ThreadPoolExecutor.java:1149)
	at java.util.concurrent.ThreadPoolExecutor$Worker.run(ThreadPoolExecutor.java:624)
	... 1 more
Caused by: org.apache.ratis.thirdparty.io.netty.channel.AbstractChannel$AnnotatedConnectException: Connection refused: /192.168.157.220:43236
	at sun.nio.ch.SocketChannelImpl.checkConnect(Native Method)
	at sun.nio.ch.SocketChannelImpl.finishConnect(SocketChannelImpl.java:717)
	at org.apache.ratis.thirdparty.io.netty.channel.socket.nio.NioSocketChannel.doFinishConnect(NioSocketChannel.java:327)
	at org.apache.ratis.thirdparty.io.netty.channel.nio.AbstractNioChannel$AbstractNioUnsafe.finishConnect(AbstractNioChannel.java:340)
	at org.apache.ratis.thirdparty.io.netty.channel.nio.NioEventLoop.processSelectedKey(NioEventLoop.java:632)
	at org.apache.ratis.thirdparty.io.netty.channel.nio.NioEventLoop.processSelectedKeysOptimized(NioEventLoop.java:579)
	at org.apache.ratis.thirdparty.io.netty.channel.nio.NioEventLoop.processSelectedKeys(NioEventLoop.java:496)
	at org.apache.ratis.thirdparty.io.netty.channel.nio.NioEventLoop.run(NioEventLoop.java:458)
	at org.apache.ratis.thirdparty.io.netty.util.concurrent.SingleThreadEventExecutor$5.run(SingleThreadEventExecutor.java:897)
	at org.apache.ratis.thirdparty.io.netty.util.concurrent.FastThreadLocalRunnable.run(FastThreadLocalRunnable.java:30)
	... 1 more
Caused by: java.net.ConnectException: Connection refused
	... 11 more
2019-10-30 11:53:02,809 [grpc-default-executor-8] INFO  impl.RaftServerImpl (RaftServerImpl.java:setRole(184)) - 9b3ef6c9-0245-4756-bf80-45d41f7a4453@group-F367C8FA5986: changes role from  FOLLOWER to FOLLOWER at term 225 for recognizeCandidate:9dbd5372-55c2-4532-b354-9494d3d545d2
2019-10-30 11:53:02,813 [grpc-default-executor-8] INFO  impl.RoleInfo (RoleInfo.java:shutdownFollowerState(121)) - 9b3ef6c9-0245-4756-bf80-45d41f7a4453: shutdown FollowerState
2019-10-30 11:53:02,813 [grpc-default-executor-8] INFO  impl.RoleInfo (RoleInfo.java:updateAndGet(143)) - 9b3ef6c9-0245-4756-bf80-45d41f7a4453: start FollowerState
2019-10-30 11:53:02,816 [Thread-3232] INFO  impl.FollowerState (FollowerState.java:run(117)) - 9b3ef6c9-0245-4756-bf80-45d41f7a4453@group-F367C8FA5986-FollowerState was interrupted: java.lang.InterruptedException: sleep interrupted
2019-10-30 11:53:02,824 [f26e10ed-fb17-49e6-a903-eadc130d13d1@group-83984122B78E-LeaderElection434] INFO  impl.LeaderElection (LeaderElection.java:askForVotes(178)) - f26e10ed-fb17-49e6-a903-eadc130d13d1@group-83984122B78E-LeaderElection434: begin an election at term 238 for -1: [4f16e274-8663-4a15-9c4c-c81f650ab979:192.168.157.220:38181, 4cc44201-a597-43af-a4ec-5b1b407a6250:192.168.157.220:36685, f26e10ed-fb17-49e6-a903-eadc130d13d1:192.168.157.220:32806], old=null
2019-10-30 11:53:02,830 [f26e10ed-fb17-49e6-a903-eadc130d13d1@group-83984122B78E-LeaderElection434] INFO  impl.LeaderElection (LogUtils.java:infoOrTrace(149)) - f26e10ed-fb17-49e6-a903-eadc130d13d1@group-83984122B78E-LeaderElection434 got exception when requesting votes: {}
java.util.concurrent.ExecutionException: org.apache.ratis.thirdparty.io.grpc.StatusRuntimeException: UNAVAILABLE: io exception
	at java.util.concurrent.FutureTask.report(FutureTask.java:122)
	at java.util.concurrent.FutureTask.get(FutureTask.java:192)
	at org.apache.ratis.server.impl.LeaderElection.waitForResults(LeaderElection.java:259)
	at org.apache.ratis.server.impl.LeaderElection.askForVotes(LeaderElection.java:197)
	at org.apache.ratis.server.impl.LeaderElection.run(LeaderElection.java:133)
	at java.lang.Thread.run(Thread.java:748)
Caused by: org.apache.ratis.thirdparty.io.grpc.StatusRuntimeException: UNAVAILABLE: io exception
	at org.apache.ratis.thirdparty.io.grpc.stub.ClientCalls.toStatusRuntimeException(ClientCalls.java:233)
	at org.apache.ratis.thirdparty.io.grpc.stub.ClientCalls.getUnchecked(ClientCalls.java:214)
	at org.apache.ratis.thirdparty.io.grpc.stub.ClientCalls.blockingUnaryCall(ClientCalls.java:139)
	at org.apache.ratis.proto.grpc.RaftServerProtocolServiceGrpc$RaftServerProtocolServiceBlockingStub.requestVote(RaftServerProtocolServiceGrpc.java:265)
	at org.apache.ratis.grpc.server.GrpcServerProtocolClient.requestVote(GrpcServerProtocolClient.java:99)
	at org.apache.ratis.grpc.server.GrpcService.requestVote(GrpcService.java:204)
	at org.apache.ratis.server.impl.LeaderElection.lambda$submitRequests$1(LeaderElection.java:234)
	at java.util.concurrent.FutureTask.run(FutureTask.java:266)
	at java.util.concurrent.Executors$RunnableAdapter.call(Executors.java:511)
	at java.util.concurrent.FutureTask.run(FutureTask.java:266)
	at java.util.concurrent.ThreadPoolExecutor.runWorker(ThreadPoolExecutor.java:1149)
	at java.util.concurrent.ThreadPoolExecutor$Worker.run(ThreadPoolExecutor.java:624)
	... 1 more
Caused by: org.apache.ratis.thirdparty.io.netty.channel.AbstractChannel$AnnotatedConnectException: Connection refused: /192.168.157.220:38181
	at sun.nio.ch.SocketChannelImpl.checkConnect(Native Method)
	at sun.nio.ch.SocketChannelImpl.finishConnect(SocketChannelImpl.java:717)
	at org.apache.ratis.thirdparty.io.netty.channel.socket.nio.NioSocketChannel.doFinishConnect(NioSocketChannel.java:327)
	at org.apache.ratis.thirdparty.io.netty.channel.nio.AbstractNioChannel$AbstractNioUnsafe.finishConnect(AbstractNioChannel.java:340)
	at org.apache.ratis.thirdparty.io.netty.channel.nio.NioEventLoop.processSelectedKey(NioEventLoop.java:632)
	at org.apache.ratis.thirdparty.io.netty.channel.nio.NioEventLoop.processSelectedKeysOptimized(NioEventLoop.java:579)
	at org.apache.ratis.thirdparty.io.netty.channel.nio.NioEventLoop.processSelectedKeys(NioEventLoop.java:496)
	at org.apache.ratis.thirdparty.io.netty.channel.nio.NioEventLoop.run(NioEventLoop.java:458)
	at org.apache.ratis.thirdparty.io.netty.util.concurrent.SingleThreadEventExecutor$5.run(SingleThreadEventExecutor.java:897)
	at org.apache.ratis.thirdparty.io.netty.util.concurrent.FastThreadLocalRunnable.run(FastThreadLocalRunnable.java:30)
	... 1 more
Caused by: java.net.ConnectException: Connection refused
	... 11 more
2019-10-30 11:53:02,834 [grpc-default-executor-6] INFO  impl.RaftServerImpl (RaftServerImpl.java:setRole(184)) - 4cc44201-a597-43af-a4ec-5b1b407a6250@group-83984122B78E: changes role from  FOLLOWER to FOLLOWER at term 238 for recognizeCandidate:f26e10ed-fb17-49e6-a903-eadc130d13d1
2019-10-30 11:53:02,834 [grpc-default-executor-6] INFO  impl.RoleInfo (RoleInfo.java:shutdownFollowerState(121)) - 4cc44201-a597-43af-a4ec-5b1b407a6250: shutdown FollowerState
2019-10-30 11:53:02,834 [grpc-default-executor-6] INFO  impl.RoleInfo (RoleInfo.java:updateAndGet(143)) - 4cc44201-a597-43af-a4ec-5b1b407a6250: start FollowerState
2019-10-30 11:53:02,834 [Thread-3244] INFO  impl.FollowerState (FollowerState.java:run(117)) - 4cc44201-a597-43af-a4ec-5b1b407a6250@group-83984122B78E-FollowerState was interrupted: java.lang.InterruptedException: sleep interrupted
2019-10-30 11:53:02,841 [9dbd5372-55c2-4532-b354-9494d3d545d2@group-F367C8FA5986-LeaderElection433] INFO  impl.LeaderElection (LeaderElection.java:logAndReturn(56)) - 9dbd5372-55c2-4532-b354-9494d3d545d2@group-F367C8FA5986-LeaderElection433: Election TIMEOUT; received 0 response(s) [] and 1 exception(s); 9dbd5372-55c2-4532-b354-9494d3d545d2@group-F367C8FA5986:t225, leader=null, voted=9dbd5372-55c2-4532-b354-9494d3d545d2, raftlog=9dbd5372-55c2-4532-b354-9494d3d545d2@group-F367C8FA5986-SegmentedRaftLog:OPENED:c-1,f-1,i0, conf=-1: [9b3ef6c9-0245-4756-bf80-45d41f7a4453:192.168.157.220:37058, cd11b2f5-3187-4d03-bd60-931991550c17:192.168.157.220:43236, 9dbd5372-55c2-4532-b354-9494d3d545d2:192.168.157.220:42993], old=null
2019-10-30 11:53:02,841 [9dbd5372-55c2-4532-b354-9494d3d545d2@group-F367C8FA5986-LeaderElection433] INFO  impl.LeaderElection (LogUtils.java:infoOrTrace(149)) -   Exception 0: {}
java.util.concurrent.ExecutionException: org.apache.ratis.thirdparty.io.grpc.StatusRuntimeException: UNAVAILABLE: io exception
	at java.util.concurrent.FutureTask.report(FutureTask.java:122)
	at java.util.concurrent.FutureTask.get(FutureTask.java:192)
	at org.apache.ratis.server.impl.LeaderElection.waitForResults(LeaderElection.java:259)
	at org.apache.ratis.server.impl.LeaderElection.askForVotes(LeaderElection.java:197)
	at org.apache.ratis.server.impl.LeaderElection.run(LeaderElection.java:133)
	at java.lang.Thread.run(Thread.java:748)
Caused by: org.apache.ratis.thirdparty.io.grpc.StatusRuntimeException: UNAVAILABLE: io exception
	at org.apache.ratis.thirdparty.io.grpc.stub.ClientCalls.toStatusRuntimeException(ClientCalls.java:233)
	at org.apache.ratis.thirdparty.io.grpc.stub.ClientCalls.getUnchecked(ClientCalls.java:214)
	at org.apache.ratis.thirdparty.io.grpc.stub.ClientCalls.blockingUnaryCall(ClientCalls.java:139)
	at org.apache.ratis.proto.grpc.RaftServerProtocolServiceGrpc$RaftServerProtocolServiceBlockingStub.requestVote(RaftServerProtocolServiceGrpc.java:265)
	at org.apache.ratis.grpc.server.GrpcServerProtocolClient.requestVote(GrpcServerProtocolClient.java:99)
	at org.apache.ratis.grpc.server.GrpcService.requestVote(GrpcService.java:204)
	at org.apache.ratis.server.impl.LeaderElection.lambda$submitRequests$1(LeaderElection.java:234)
	at java.util.concurrent.FutureTask.run(FutureTask.java:266)
	at java.util.concurrent.Executors$RunnableAdapter.call(Executors.java:511)
	at java.util.concurrent.FutureTask.run(FutureTask.java:266)
	at java.util.concurrent.ThreadPoolExecutor.runWorker(ThreadPoolExecutor.java:1149)
	at java.util.concurrent.ThreadPoolExecutor$Worker.run(ThreadPoolExecutor.java:624)
	... 1 more
Caused by: org.apache.ratis.thirdparty.io.netty.channel.AbstractChannel$AnnotatedConnectException: Connection refused: /192.168.157.220:43236
	at sun.nio.ch.SocketChannelImpl.checkConnect(Native Method)
	at sun.nio.ch.SocketChannelImpl.finishConnect(SocketChannelImpl.java:717)
	at org.apache.ratis.thirdparty.io.netty.channel.socket.nio.NioSocketChannel.doFinishConnect(NioSocketChannel.java:327)
	at org.apache.ratis.thirdparty.io.netty.channel.nio.AbstractNioChannel$AbstractNioUnsafe.finishConnect(AbstractNioChannel.java:340)
	at org.apache.ratis.thirdparty.io.netty.channel.nio.NioEventLoop.processSelectedKey(NioEventLoop.java:632)
	at org.apache.ratis.thirdparty.io.netty.channel.nio.NioEventLoop.processSelectedKeysOptimized(NioEventLoop.java:579)
	at org.apache.ratis.thirdparty.io.netty.channel.nio.NioEventLoop.processSelectedKeys(NioEventLoop.java:496)
	at org.apache.ratis.thirdparty.io.netty.channel.nio.NioEventLoop.run(NioEventLoop.java:458)
	at org.apache.ratis.thirdparty.io.netty.util.concurrent.SingleThreadEventExecutor$5.run(SingleThreadEventExecutor.java:897)
	at org.apache.ratis.thirdparty.io.netty.util.concurrent.FastThreadLocalRunnable.run(FastThreadLocalRunnable.java:30)
	... 1 more
Caused by: java.net.ConnectException: Connection refused
	... 11 more
2019-10-30 11:53:02,849 [f26e10ed-fb17-49e6-a903-eadc130d13d1@group-83984122B78E-LeaderElection434] INFO  impl.LeaderElection (LeaderElection.java:logAndReturn(56)) - f26e10ed-fb17-49e6-a903-eadc130d13d1@group-83984122B78E-LeaderElection434: Election REJECTED; received 1 response(s) [f26e10ed-fb17-49e6-a903-eadc130d13d1<-4cc44201-a597-43af-a4ec-5b1b407a6250#0:FAIL-t238] and 1 exception(s); f26e10ed-fb17-49e6-a903-eadc130d13d1@group-83984122B78E:t238, leader=null, voted=f26e10ed-fb17-49e6-a903-eadc130d13d1, raftlog=f26e10ed-fb17-49e6-a903-eadc130d13d1@group-83984122B78E-SegmentedRaftLog:OPENED:c-1,f-1,i0, conf=-1: [4f16e274-8663-4a15-9c4c-c81f650ab979:192.168.157.220:38181, 4cc44201-a597-43af-a4ec-5b1b407a6250:192.168.157.220:36685, f26e10ed-fb17-49e6-a903-eadc130d13d1:192.168.157.220:32806], old=null
2019-10-30 11:53:02,850 [f26e10ed-fb17-49e6-a903-eadc130d13d1@group-83984122B78E-LeaderElection434] INFO  impl.LeaderElection (LogUtils.java:infoOrTrace(149)) -   Exception 0: {}
java.util.concurrent.ExecutionException: org.apache.ratis.thirdparty.io.grpc.StatusRuntimeException: UNAVAILABLE: io exception
	at java.util.concurrent.FutureTask.report(FutureTask.java:122)
	at java.util.concurrent.FutureTask.get(FutureTask.java:192)
	at org.apache.ratis.server.impl.LeaderElection.waitForResults(LeaderElection.java:259)
	at org.apache.ratis.server.impl.LeaderElection.askForVotes(LeaderElection.java:197)
	at org.apache.ratis.server.impl.LeaderElection.run(LeaderElection.java:133)
	at java.lang.Thread.run(Thread.java:748)
Caused by: org.apache.ratis.thirdparty.io.grpc.StatusRuntimeException: UNAVAILABLE: io exception
	at org.apache.ratis.thirdparty.io.grpc.stub.ClientCalls.toStatusRuntimeException(ClientCalls.java:233)
	at org.apache.ratis.thirdparty.io.grpc.stub.ClientCalls.getUnchecked(ClientCalls.java:214)
	at org.apache.ratis.thirdparty.io.grpc.stub.ClientCalls.blockingUnaryCall(ClientCalls.java:139)
	at org.apache.ratis.proto.grpc.RaftServerProtocolServiceGrpc$RaftServerProtocolServiceBlockingStub.requestVote(RaftServerProtocolServiceGrpc.java:265)
	at org.apache.ratis.grpc.server.GrpcServerProtocolClient.requestVote(GrpcServerProtocolClient.java:99)
	at org.apache.ratis.grpc.server.GrpcService.requestVote(GrpcService.java:204)
	at org.apache.ratis.server.impl.LeaderElection.lambda$submitRequests$1(LeaderElection.java:234)
	at java.util.concurrent.FutureTask.run(FutureTask.java:266)
	at java.util.concurrent.Executors$RunnableAdapter.call(Executors.java:511)
	at java.util.concurrent.FutureTask.run(FutureTask.java:266)
	at java.util.concurrent.ThreadPoolExecutor.runWorker(ThreadPoolExecutor.java:1149)
	at java.util.concurrent.ThreadPoolExecutor$Worker.run(ThreadPoolExecutor.java:624)
	... 1 more
Caused by: org.apache.ratis.thirdparty.io.netty.channel.AbstractChannel$AnnotatedConnectException: Connection refused: /192.168.157.220:38181
	at sun.nio.ch.SocketChannelImpl.checkConnect(Native Method)
	at sun.nio.ch.SocketChannelImpl.finishConnect(SocketChannelImpl.java:717)
	at org.apache.ratis.thirdparty.io.netty.channel.socket.nio.NioSocketChannel.doFinishConnect(NioSocketChannel.java:327)
	at org.apache.ratis.thirdparty.io.netty.channel.nio.AbstractNioChannel$AbstractNioUnsafe.finishConnect(AbstractNioChannel.java:340)
	at org.apache.ratis.thirdparty.io.netty.channel.nio.NioEventLoop.processSelectedKey(NioEventLoop.java:632)
	at org.apache.ratis.thirdparty.io.netty.channel.nio.NioEventLoop.processSelectedKeysOptimized(NioEventLoop.java:579)
	at org.apache.ratis.thirdparty.io.netty.channel.nio.NioEventLoop.processSelectedKeys(NioEventLoop.java:496)
	at org.apache.ratis.thirdparty.io.netty.channel.nio.NioEventLoop.run(NioEventLoop.java:458)
	at org.apache.ratis.thirdparty.io.netty.util.concurrent.SingleThreadEventExecutor$5.run(SingleThreadEventExecutor.java:897)
	at org.apache.ratis.thirdparty.io.netty.util.concurrent.FastThreadLocalRunnable.run(FastThreadLocalRunnable.java:30)
	... 1 more
Caused by: java.net.ConnectException: Connection refused
	... 11 more
2019-10-30 11:53:02,850 [f26e10ed-fb17-49e6-a903-eadc130d13d1@group-83984122B78E-LeaderElection434] INFO  impl.RaftServerImpl (RaftServerImpl.java:setRole(184)) - f26e10ed-fb17-49e6-a903-eadc130d13d1@group-83984122B78E: changes role from CANDIDATE to FOLLOWER at term 238 for DISCOVERED_A_NEW_TERM
2019-10-30 11:53:02,850 [f26e10ed-fb17-49e6-a903-eadc130d13d1@group-83984122B78E-LeaderElection434] INFO  impl.RoleInfo (RoleInfo.java:shutdownLeaderElection(134)) - f26e10ed-fb17-49e6-a903-eadc130d13d1: shutdown LeaderElection
2019-10-30 11:53:02,851 [f26e10ed-fb17-49e6-a903-eadc130d13d1@group-83984122B78E-LeaderElection434] INFO  impl.RoleInfo (RoleInfo.java:updateAndGet(143)) - f26e10ed-fb17-49e6-a903-eadc130d13d1: start FollowerState
2019-10-30 11:53:02,863 [Thread-3254] INFO  impl.FollowerState (FollowerState.java:run(108)) - f26e10ed-fb17-49e6-a903-eadc130d13d1@group-83984122B78E-FollowerState: change to CANDIDATE, lastRpcTime:12ms, electionTimeout:9ms
2019-10-30 11:53:02,863 [Thread-3254] INFO  impl.RoleInfo (RoleInfo.java:shutdownFollowerState(121)) - f26e10ed-fb17-49e6-a903-eadc130d13d1: shutdown FollowerState
2019-10-30 11:53:02,863 [Thread-3254] INFO  impl.RaftServerImpl (RaftServerImpl.java:setRole(184)) - f26e10ed-fb17-49e6-a903-eadc130d13d1@group-83984122B78E: changes role from  FOLLOWER to CANDIDATE at term 238 for changeToCandidate
2019-10-30 11:53:02,863 [Thread-3254] INFO  impl.RoleInfo (RoleInfo.java:updateAndGet(143)) - f26e10ed-fb17-49e6-a903-eadc130d13d1: start LeaderElection
2019-10-30 11:53:02,877 [f26e10ed-fb17-49e6-a903-eadc130d13d1@group-83984122B78E-LeaderElection435] INFO  impl.LeaderElection (LeaderElection.java:askForVotes(178)) - f26e10ed-fb17-49e6-a903-eadc130d13d1@group-83984122B78E-LeaderElection435: begin an election at term 239 for -1: [4f16e274-8663-4a15-9c4c-c81f650ab979:192.168.157.220:38181, 4cc44201-a597-43af-a4ec-5b1b407a6250:192.168.157.220:36685, f26e10ed-fb17-49e6-a903-eadc130d13d1:192.168.157.220:32806], old=null
2019-10-30 11:53:02,884 [9dbd5372-55c2-4532-b354-9494d3d545d2@group-F367C8FA5986-LeaderElection433] INFO  impl.LeaderElection (LeaderElection.java:askForVotes(178)) - 9dbd5372-55c2-4532-b354-9494d3d545d2@group-F367C8FA5986-LeaderElection433: begin an election at term 226 for -1: [9b3ef6c9-0245-4756-bf80-45d41f7a4453:192.168.157.220:37058, cd11b2f5-3187-4d03-bd60-931991550c17:192.168.157.220:43236, 9dbd5372-55c2-4532-b354-9494d3d545d2:192.168.157.220:42993], old=null
2019-10-30 11:53:02,887 [grpc-default-executor-6] INFO  impl.RaftServerImpl (RaftServerImpl.java:setRole(184)) - 4cc44201-a597-43af-a4ec-5b1b407a6250@group-83984122B78E: changes role from  FOLLOWER to FOLLOWER at term 239 for recognizeCandidate:f26e10ed-fb17-49e6-a903-eadc130d13d1
2019-10-30 11:53:02,888 [grpc-default-executor-6] INFO  impl.RoleInfo (RoleInfo.java:shutdownFollowerState(121)) - 4cc44201-a597-43af-a4ec-5b1b407a6250: shutdown FollowerState
2019-10-30 11:53:02,887 [f26e10ed-fb17-49e6-a903-eadc130d13d1@group-83984122B78E-LeaderElection435] INFO  impl.LeaderElection (LogUtils.java:infoOrTrace(149)) - f26e10ed-fb17-49e6-a903-eadc130d13d1@group-83984122B78E-LeaderElection435 got exception when requesting votes: {}
java.util.concurrent.ExecutionException: org.apache.ratis.thirdparty.io.grpc.StatusRuntimeException: UNAVAILABLE: io exception
	at java.util.concurrent.FutureTask.report(FutureTask.java:122)
	at java.util.concurrent.FutureTask.get(FutureTask.java:192)
	at org.apache.ratis.server.impl.LeaderElection.waitForResults(LeaderElection.java:259)
	at org.apache.ratis.server.impl.LeaderElection.askForVotes(LeaderElection.java:197)
	at org.apache.ratis.server.impl.LeaderElection.run(LeaderElection.java:133)
	at java.lang.Thread.run(Thread.java:748)
Caused by: org.apache.ratis.thirdparty.io.grpc.StatusRuntimeException: UNAVAILABLE: io exception
	at org.apache.ratis.thirdparty.io.grpc.stub.ClientCalls.toStatusRuntimeException(ClientCalls.java:233)
	at org.apache.ratis.thirdparty.io.grpc.stub.ClientCalls.getUnchecked(ClientCalls.java:214)
	at org.apache.ratis.thirdparty.io.grpc.stub.ClientCalls.blockingUnaryCall(ClientCalls.java:139)
	at org.apache.ratis.proto.grpc.RaftServerProtocolServiceGrpc$RaftServerProtocolServiceBlockingStub.requestVote(RaftServerProtocolServiceGrpc.java:265)
	at org.apache.ratis.grpc.server.GrpcServerProtocolClient.requestVote(GrpcServerProtocolClient.java:99)
	at org.apache.ratis.grpc.server.GrpcService.requestVote(GrpcService.java:204)
	at org.apache.ratis.server.impl.LeaderElection.lambda$submitRequests$1(LeaderElection.java:234)
	at java.util.concurrent.FutureTask.run(FutureTask.java:266)
	at java.util.concurrent.Executors$RunnableAdapter.call(Executors.java:511)
	at java.util.concurrent.FutureTask.run(FutureTask.java:266)
	at java.util.concurrent.ThreadPoolExecutor.runWorker(ThreadPoolExecutor.java:1149)
	at java.util.concurrent.ThreadPoolExecutor$Worker.run(ThreadPoolExecutor.java:624)
	... 1 more
Caused by: org.apache.ratis.thirdparty.io.netty.channel.AbstractChannel$AnnotatedConnectException: Connection refused: /192.168.157.220:38181
	at sun.nio.ch.SocketChannelImpl.checkConnect(Native Method)
	at sun.nio.ch.SocketChannelImpl.finishConnect(SocketChannelImpl.java:717)
	at org.apache.ratis.thirdparty.io.netty.channel.socket.nio.NioSocketChannel.doFinishConnect(NioSocketChannel.java:327)
	at org.apache.ratis.thirdparty.io.netty.channel.nio.AbstractNioChannel$AbstractNioUnsafe.finishConnect(AbstractNioChannel.java:340)
	at org.apache.ratis.thirdparty.io.netty.channel.nio.NioEventLoop.processSelectedKey(NioEventLoop.java:632)
	at org.apache.ratis.thirdparty.io.netty.channel.nio.NioEventLoop.processSelectedKeysOptimized(NioEventLoop.java:579)
	at org.apache.ratis.thirdparty.io.netty.channel.nio.NioEventLoop.processSelectedKeys(NioEventLoop.java:496)
	at org.apache.ratis.thirdparty.io.netty.channel.nio.NioEventLoop.run(NioEventLoop.java:458)
	at org.apache.ratis.thirdparty.io.netty.util.concurrent.SingleThreadEventExecutor$5.run(SingleThreadEventExecutor.java:897)
	at org.apache.ratis.thirdparty.io.netty.util.concurrent.FastThreadLocalRunnable.run(FastThreadLocalRunnable.java:30)
	... 1 more
Caused by: java.net.ConnectException: Connection refused
	... 11 more
2019-10-30 11:53:02,894 [grpc-default-executor-8] INFO  impl.RaftServerImpl (RaftServerImpl.java:setRole(184)) - 9b3ef6c9-0245-4756-bf80-45d41f7a4453@group-F367C8FA5986: changes role from  FOLLOWER to FOLLOWER at term 226 for recognizeCandidate:9dbd5372-55c2-4532-b354-9494d3d545d2
2019-10-30 11:53:02,894 [grpc-default-executor-8] INFO  impl.RoleInfo (RoleInfo.java:shutdownFollowerState(121)) - 9b3ef6c9-0245-4756-bf80-45d41f7a4453: shutdown FollowerState
2019-10-30 11:53:02,896 [grpc-default-executor-6] INFO  impl.RoleInfo (RoleInfo.java:updateAndGet(143)) - 4cc44201-a597-43af-a4ec-5b1b407a6250: start FollowerState
2019-10-30 11:53:02,896 [Thread-3253] INFO  impl.FollowerState (FollowerState.java:run(117)) - 4cc44201-a597-43af-a4ec-5b1b407a6250@group-83984122B78E-FollowerState was interrupted: java.lang.InterruptedException: sleep interrupted
2019-10-30 11:53:02,899 [9dbd5372-55c2-4532-b354-9494d3d545d2@group-F367C8FA5986-LeaderElection433] INFO  impl.LeaderElection (LogUtils.java:infoOrTrace(149)) - 9dbd5372-55c2-4532-b354-9494d3d545d2@group-F367C8FA5986-LeaderElection433 got exception when requesting votes: {}
java.util.concurrent.ExecutionException: org.apache.ratis.thirdparty.io.grpc.StatusRuntimeException: UNAVAILABLE: io exception
	at java.util.concurrent.FutureTask.report(FutureTask.java:122)
	at java.util.concurrent.FutureTask.get(FutureTask.java:192)
	at org.apache.ratis.server.impl.LeaderElection.waitForResults(LeaderElection.java:259)
	at org.apache.ratis.server.impl.LeaderElection.askForVotes(LeaderElection.java:197)
	at org.apache.ratis.server.impl.LeaderElection.run(LeaderElection.java:133)
	at java.lang.Thread.run(Thread.java:748)
Caused by: org.apache.ratis.thirdparty.io.grpc.StatusRuntimeException: UNAVAILABLE: io exception
	at org.apache.ratis.thirdparty.io.grpc.stub.ClientCalls.toStatusRuntimeException(ClientCalls.java:233)
	at org.apache.ratis.thirdparty.io.grpc.stub.ClientCalls.getUnchecked(ClientCalls.java:214)
	at org.apache.ratis.thirdparty.io.grpc.stub.ClientCalls.blockingUnaryCall(ClientCalls.java:139)
	at org.apache.ratis.proto.grpc.RaftServerProtocolServiceGrpc$RaftServerProtocolServiceBlockingStub.requestVote(RaftServerProtocolServiceGrpc.java:265)
	at org.apache.ratis.grpc.server.GrpcServerProtocolClient.requestVote(GrpcServerProtocolClient.java:99)
	at org.apache.ratis.grpc.server.GrpcService.requestVote(GrpcService.java:204)
	at org.apache.ratis.server.impl.LeaderElection.lambda$submitRequests$1(LeaderElection.java:234)
	at java.util.concurrent.FutureTask.run(FutureTask.java:266)
	at java.util.concurrent.Executors$RunnableAdapter.call(Executors.java:511)
	at java.util.concurrent.FutureTask.run(FutureTask.java:266)
	at java.util.concurrent.ThreadPoolExecutor.runWorker(ThreadPoolExecutor.java:1149)
	at java.util.concurrent.ThreadPoolExecutor$Worker.run(ThreadPoolExecutor.java:624)
	... 1 more
Caused by: org.apache.ratis.thirdparty.io.netty.channel.AbstractChannel$AnnotatedConnectException: Connection refused: /192.168.157.220:43236
	at sun.nio.ch.SocketChannelImpl.checkConnect(Native Method)
	at sun.nio.ch.SocketChannelImpl.finishConnect(SocketChannelImpl.java:717)
	at org.apache.ratis.thirdparty.io.netty.channel.socket.nio.NioSocketChannel.doFinishConnect(NioSocketChannel.java:327)
	at org.apache.ratis.thirdparty.io.netty.channel.nio.AbstractNioChannel$AbstractNioUnsafe.finishConnect(AbstractNioChannel.java:340)
	at org.apache.ratis.thirdparty.io.netty.channel.nio.NioEventLoop.processSelectedKey(NioEventLoop.java:632)
	at org.apache.ratis.thirdparty.io.netty.channel.nio.NioEventLoop.processSelectedKeysOptimized(NioEventLoop.java:579)
	at org.apache.ratis.thirdparty.io.netty.channel.nio.NioEventLoop.processSelectedKeys(NioEventLoop.java:496)
	at org.apache.ratis.thirdparty.io.netty.channel.nio.NioEventLoop.run(NioEventLoop.java:458)
	at org.apache.ratis.thirdparty.io.netty.util.concurrent.SingleThreadEventExecutor$5.run(SingleThreadEventExecutor.java:897)
	at org.apache.ratis.thirdparty.io.netty.util.concurrent.FastThreadLocalRunnable.run(FastThreadLocalRunnable.java:30)
	... 1 more
Caused by: java.net.ConnectException: Connection refused
	... 11 more
2019-10-30 11:53:02,899 [grpc-default-executor-8] INFO  impl.RoleInfo (RoleInfo.java:updateAndGet(143)) - 9b3ef6c9-0245-4756-bf80-45d41f7a4453: start FollowerState
2019-10-30 11:53:02,900 [Thread-3250] INFO  impl.FollowerState (FollowerState.java:run(117)) - 9b3ef6c9-0245-4756-bf80-45d41f7a4453@group-F367C8FA5986-FollowerState was interrupted: java.lang.InterruptedException: sleep interrupted
2019-10-30 11:53:02,907 [9dbd5372-55c2-4532-b354-9494d3d545d2@group-F367C8FA5986-LeaderElection433] INFO  impl.LeaderElection (LeaderElection.java:logAndReturn(56)) - 9dbd5372-55c2-4532-b354-9494d3d545d2@group-F367C8FA5986-LeaderElection433: Election TIMEOUT; received 0 response(s) [] and 1 exception(s); 9dbd5372-55c2-4532-b354-9494d3d545d2@group-F367C8FA5986:t226, leader=null, voted=9dbd5372-55c2-4532-b354-9494d3d545d2, raftlog=9dbd5372-55c2-4532-b354-9494d3d545d2@group-F367C8FA5986-SegmentedRaftLog:OPENED:c-1,f-1,i0, conf=-1: [9b3ef6c9-0245-4756-bf80-45d41f7a4453:192.168.157.220:37058, cd11b2f5-3187-4d03-bd60-931991550c17:192.168.157.220:43236, 9dbd5372-55c2-4532-b354-9494d3d545d2:192.168.157.220:42993], old=null
2019-10-30 11:53:02,907 [9dbd5372-55c2-4532-b354-9494d3d545d2@group-F367C8FA5986-LeaderElection433] INFO  impl.LeaderElection (LogUtils.java:infoOrTrace(149)) -   Exception 0: {}
java.util.concurrent.ExecutionException: org.apache.ratis.thirdparty.io.grpc.StatusRuntimeException: UNAVAILABLE: io exception
	at java.util.concurrent.FutureTask.report(FutureTask.java:122)
	at java.util.concurrent.FutureTask.get(FutureTask.java:192)
	at org.apache.ratis.server.impl.LeaderElection.waitForResults(LeaderElection.java:259)
	at org.apache.ratis.server.impl.LeaderElection.askForVotes(LeaderElection.java:197)
	at org.apache.ratis.server.impl.LeaderElection.run(LeaderElection.java:133)
	at java.lang.Thread.run(Thread.java:748)
Caused by: org.apache.ratis.thirdparty.io.grpc.StatusRuntimeException: UNAVAILABLE: io exception
	at org.apache.ratis.thirdparty.io.grpc.stub.ClientCalls.toStatusRuntimeException(ClientCalls.java:233)
	at org.apache.ratis.thirdparty.io.grpc.stub.ClientCalls.getUnchecked(ClientCalls.java:214)
	at org.apache.ratis.thirdparty.io.grpc.stub.ClientCalls.blockingUnaryCall(ClientCalls.java:139)
	at org.apache.ratis.proto.grpc.RaftServerProtocolServiceGrpc$RaftServerProtocolServiceBlockingStub.requestVote(RaftServerProtocolServiceGrpc.java:265)
	at org.apache.ratis.grpc.server.GrpcServerProtocolClient.requestVote(GrpcServerProtocolClient.java:99)
	at org.apache.ratis.grpc.server.GrpcService.requestVote(GrpcService.java:204)
	at org.apache.ratis.server.impl.LeaderElection.lambda$submitRequests$1(LeaderElection.java:234)
	at java.util.concurrent.FutureTask.run(FutureTask.java:266)
	at java.util.concurrent.Executors$RunnableAdapter.call(Executors.java:511)
	at java.util.concurrent.FutureTask.run(FutureTask.java:266)
	at java.util.concurrent.ThreadPoolExecutor.runWorker(ThreadPoolExecutor.java:1149)
	at java.util.concurrent.ThreadPoolExecutor$Worker.run(ThreadPoolExecutor.java:624)
	... 1 more
Caused by: org.apache.ratis.thirdparty.io.netty.channel.AbstractChannel$AnnotatedConnectException: Connection refused: /192.168.157.220:43236
	at sun.nio.ch.SocketChannelImpl.checkConnect(Native Method)
	at sun.nio.ch.SocketChannelImpl.finishConnect(SocketChannelImpl.java:717)
	at org.apache.ratis.thirdparty.io.netty.channel.socket.nio.NioSocketChannel.doFinishConnect(NioSocketChannel.java:327)
	at org.apache.ratis.thirdparty.io.netty.channel.nio.AbstractNioChannel$AbstractNioUnsafe.finishConnect(AbstractNioChannel.java:340)
	at org.apache.ratis.thirdparty.io.netty.channel.nio.NioEventLoop.processSelectedKey(NioEventLoop.java:632)
	at org.apache.ratis.thirdparty.io.netty.channel.nio.NioEventLoop.processSelectedKeysOptimized(NioEventLoop.java:579)
	at org.apache.ratis.thirdparty.io.netty.channel.nio.NioEventLoop.processSelectedKeys(NioEventLoop.java:496)
	at org.apache.ratis.thirdparty.io.netty.channel.nio.NioEventLoop.run(NioEventLoop.java:458)
	at org.apache.ratis.thirdparty.io.netty.util.concurrent.SingleThreadEventExecutor$5.run(SingleThreadEventExecutor.java:897)
	at org.apache.ratis.thirdparty.io.netty.util.concurrent.FastThreadLocalRunnable.run(FastThreadLocalRunnable.java:30)
	... 1 more
Caused by: java.net.ConnectException: Connection refused
	... 11 more
2019-10-30 11:53:02,919 [f26e10ed-fb17-49e6-a903-eadc130d13d1@group-83984122B78E-LeaderElection435] INFO  impl.LeaderElection (LeaderElection.java:logAndReturn(56)) - f26e10ed-fb17-49e6-a903-eadc130d13d1@group-83984122B78E-LeaderElection435: Election REJECTED; received 1 response(s) [f26e10ed-fb17-49e6-a903-eadc130d13d1<-4cc44201-a597-43af-a4ec-5b1b407a6250#0:FAIL-t239] and 1 exception(s); f26e10ed-fb17-49e6-a903-eadc130d13d1@group-83984122B78E:t239, leader=null, voted=f26e10ed-fb17-49e6-a903-eadc130d13d1, raftlog=f26e10ed-fb17-49e6-a903-eadc130d13d1@group-83984122B78E-SegmentedRaftLog:OPENED:c-1,f-1,i0, conf=-1: [4f16e274-8663-4a15-9c4c-c81f650ab979:192.168.157.220:38181, 4cc44201-a597-43af-a4ec-5b1b407a6250:192.168.157.220:36685, f26e10ed-fb17-49e6-a903-eadc130d13d1:192.168.157.220:32806], old=null
2019-10-30 11:53:02,919 [f26e10ed-fb17-49e6-a903-eadc130d13d1@group-83984122B78E-LeaderElection435] INFO  impl.LeaderElection (LogUtils.java:infoOrTrace(149)) -   Exception 0: {}
java.util.concurrent.ExecutionException: org.apache.ratis.thirdparty.io.grpc.StatusRuntimeException: UNAVAILABLE: io exception
	at java.util.concurrent.FutureTask.report(FutureTask.java:122)
	at java.util.concurrent.FutureTask.get(FutureTask.java:192)
	at org.apache.ratis.server.impl.LeaderElection.waitForResults(LeaderElection.java:259)
	at org.apache.ratis.server.impl.LeaderElection.askForVotes(LeaderElection.java:197)
	at org.apache.ratis.server.impl.LeaderElection.run(LeaderElection.java:133)
	at java.lang.Thread.run(Thread.java:748)
Caused by: org.apache.ratis.thirdparty.io.grpc.StatusRuntimeException: UNAVAILABLE: io exception
	at org.apache.ratis.thirdparty.io.grpc.stub.ClientCalls.toStatusRuntimeException(ClientCalls.java:233)
	at org.apache.ratis.thirdparty.io.grpc.stub.ClientCalls.getUnchecked(ClientCalls.java:214)
	at org.apache.ratis.thirdparty.io.grpc.stub.ClientCalls.blockingUnaryCall(ClientCalls.java:139)
	at org.apache.ratis.proto.grpc.RaftServerProtocolServiceGrpc$RaftServerProtocolServiceBlockingStub.requestVote(RaftServerProtocolServiceGrpc.java:265)
	at org.apache.ratis.grpc.server.GrpcServerProtocolClient.requestVote(GrpcServerProtocolClient.java:99)
	at org.apache.ratis.grpc.server.GrpcService.requestVote(GrpcService.java:204)
	at org.apache.ratis.server.impl.LeaderElection.lambda$submitRequests$1(LeaderElection.java:234)
	at java.util.concurrent.FutureTask.run(FutureTask.java:266)
	at java.util.concurrent.Executors$RunnableAdapter.call(Executors.java:511)
	at java.util.concurrent.FutureTask.run(FutureTask.java:266)
	at java.util.concurrent.ThreadPoolExecutor.runWorker(ThreadPoolExecutor.java:1149)
	at java.util.concurrent.ThreadPoolExecutor$Worker.run(ThreadPoolExecutor.java:624)
	... 1 more
Caused by: org.apache.ratis.thirdparty.io.netty.channel.AbstractChannel$AnnotatedConnectException: Connection refused: /192.168.157.220:38181
	at sun.nio.ch.SocketChannelImpl.checkConnect(Native Method)
	at sun.nio.ch.SocketChannelImpl.finishConnect(SocketChannelImpl.java:717)
	at org.apache.ratis.thirdparty.io.netty.channel.socket.nio.NioSocketChannel.doFinishConnect(NioSocketChannel.java:327)
	at org.apache.ratis.thirdparty.io.netty.channel.nio.AbstractNioChannel$AbstractNioUnsafe.finishConnect(AbstractNioChannel.java:340)
	at org.apache.ratis.thirdparty.io.netty.channel.nio.NioEventLoop.processSelectedKey(NioEventLoop.java:632)
	at org.apache.ratis.thirdparty.io.netty.channel.nio.NioEventLoop.processSelectedKeysOptimized(NioEventLoop.java:579)
	at org.apache.ratis.thirdparty.io.netty.channel.nio.NioEventLoop.processSelectedKeys(NioEventLoop.java:496)
	at org.apache.ratis.thirdparty.io.netty.channel.nio.NioEventLoop.run(NioEventLoop.java:458)
	at org.apache.ratis.thirdparty.io.netty.util.concurrent.SingleThreadEventExecutor$5.run(SingleThreadEventExecutor.java:897)
	at org.apache.ratis.thirdparty.io.netty.util.concurrent.FastThreadLocalRunnable.run(FastThreadLocalRunnable.java:30)
	... 1 more
Caused by: java.net.ConnectException: Connection refused
	... 11 more
2019-10-30 11:53:02,919 [f26e10ed-fb17-49e6-a903-eadc130d13d1@group-83984122B78E-LeaderElection435] INFO  impl.RaftServerImpl (RaftServerImpl.java:setRole(184)) - f26e10ed-fb17-49e6-a903-eadc130d13d1@group-83984122B78E: changes role from CANDIDATE to FOLLOWER at term 239 for DISCOVERED_A_NEW_TERM
2019-10-30 11:53:02,919 [f26e10ed-fb17-49e6-a903-eadc130d13d1@group-83984122B78E-LeaderElection435] INFO  impl.RoleInfo (RoleInfo.java:shutdownLeaderElection(134)) - f26e10ed-fb17-49e6-a903-eadc130d13d1: shutdown LeaderElection
2019-10-30 11:53:02,920 [f26e10ed-fb17-49e6-a903-eadc130d13d1@group-83984122B78E-LeaderElection435] INFO  impl.RoleInfo (RoleInfo.java:updateAndGet(143)) - f26e10ed-fb17-49e6-a903-eadc130d13d1: start FollowerState
2019-10-30 11:53:02,920 [9dbd5372-55c2-4532-b354-9494d3d545d2@group-F367C8FA5986-LeaderElection433] INFO  impl.LeaderElection (LeaderElection.java:askForVotes(178)) - 9dbd5372-55c2-4532-b354-9494d3d545d2@group-F367C8FA5986-LeaderElection433: begin an election at term 227 for -1: [9b3ef6c9-0245-4756-bf80-45d41f7a4453:192.168.157.220:37058, cd11b2f5-3187-4d03-bd60-931991550c17:192.168.157.220:43236, 9dbd5372-55c2-4532-b354-9494d3d545d2:192.168.157.220:42993], old=null
2019-10-30 11:53:02,929 [9dbd5372-55c2-4532-b354-9494d3d545d2@group-F367C8FA5986-LeaderElection433] INFO  impl.LeaderElection (LogUtils.java:infoOrTrace(149)) - 9dbd5372-55c2-4532-b354-9494d3d545d2@group-F367C8FA5986-LeaderElection433 got exception when requesting votes: {}
java.util.concurrent.ExecutionException: org.apache.ratis.thirdparty.io.grpc.StatusRuntimeException: UNAVAILABLE: io exception
	at java.util.concurrent.FutureTask.report(FutureTask.java:122)
	at java.util.concurrent.FutureTask.get(FutureTask.java:192)
	at org.apache.ratis.server.impl.LeaderElection.waitForResults(LeaderElection.java:259)
	at org.apache.ratis.server.impl.LeaderElection.askForVotes(LeaderElection.java:197)
	at org.apache.ratis.server.impl.LeaderElection.run(LeaderElection.java:133)
	at java.lang.Thread.run(Thread.java:748)
Caused by: org.apache.ratis.thirdparty.io.grpc.StatusRuntimeException: UNAVAILABLE: io exception
	at org.apache.ratis.thirdparty.io.grpc.stub.ClientCalls.toStatusRuntimeException(ClientCalls.java:233)
	at org.apache.ratis.thirdparty.io.grpc.stub.ClientCalls.getUnchecked(ClientCalls.java:214)
	at org.apache.ratis.thirdparty.io.grpc.stub.ClientCalls.blockingUnaryCall(ClientCalls.java:139)
	at org.apache.ratis.proto.grpc.RaftServerProtocolServiceGrpc$RaftServerProtocolServiceBlockingStub.requestVote(RaftServerProtocolServiceGrpc.java:265)
	at org.apache.ratis.grpc.server.GrpcServerProtocolClient.requestVote(GrpcServerProtocolClient.java:99)
	at org.apache.ratis.grpc.server.GrpcService.requestVote(GrpcService.java:204)
	at org.apache.ratis.server.impl.LeaderElection.lambda$submitRequests$1(LeaderElection.java:234)
	at java.util.concurrent.FutureTask.run(FutureTask.java:266)
	at java.util.concurrent.Executors$RunnableAdapter.call(Executors.java:511)
	at java.util.concurrent.FutureTask.run(FutureTask.java:266)
	at java.util.concurrent.ThreadPoolExecutor.runWorker(ThreadPoolExecutor.java:1149)
	at java.util.concurrent.ThreadPoolExecutor$Worker.run(ThreadPoolExecutor.java:624)
	... 1 more
Caused by: org.apache.ratis.thirdparty.io.netty.channel.AbstractChannel$AnnotatedConnectException: Connection refused: /192.168.157.220:43236
	at sun.nio.ch.SocketChannelImpl.checkConnect(Native Method)
	at sun.nio.ch.SocketChannelImpl.finishConnect(SocketChannelImpl.java:717)
	at org.apache.ratis.thirdparty.io.netty.channel.socket.nio.NioSocketChannel.doFinishConnect(NioSocketChannel.java:327)
	at org.apache.ratis.thirdparty.io.netty.channel.nio.AbstractNioChannel$AbstractNioUnsafe.finishConnect(AbstractNioChannel.java:340)
	at org.apache.ratis.thirdparty.io.netty.channel.nio.NioEventLoop.processSelectedKey(NioEventLoop.java:632)
	at org.apache.ratis.thirdparty.io.netty.channel.nio.NioEventLoop.processSelectedKeysOptimized(NioEventLoop.java:579)
	at org.apache.ratis.thirdparty.io.netty.channel.nio.NioEventLoop.processSelectedKeys(NioEventLoop.java:496)
	at org.apache.ratis.thirdparty.io.netty.channel.nio.NioEventLoop.run(NioEventLoop.java:458)
	at org.apache.ratis.thirdparty.io.netty.util.concurrent.SingleThreadEventExecutor$5.run(SingleThreadEventExecutor.java:897)
	at org.apache.ratis.thirdparty.io.netty.util.concurrent.FastThreadLocalRunnable.run(FastThreadLocalRunnable.java:30)
	... 1 more
Caused by: java.net.ConnectException: Connection refused
	... 11 more
2019-10-30 11:53:02,930 [grpc-default-executor-8] INFO  impl.RaftServerImpl (RaftServerImpl.java:setRole(184)) - 9b3ef6c9-0245-4756-bf80-45d41f7a4453@group-F367C8FA5986: changes role from  FOLLOWER to FOLLOWER at term 227 for recognizeCandidate:9dbd5372-55c2-4532-b354-9494d3d545d2
2019-10-30 11:53:02,930 [grpc-default-executor-8] INFO  impl.RoleInfo (RoleInfo.java:shutdownFollowerState(121)) - 9b3ef6c9-0245-4756-bf80-45d41f7a4453: shutdown FollowerState
2019-10-30 11:53:02,930 [grpc-default-executor-8] INFO  impl.RoleInfo (RoleInfo.java:updateAndGet(143)) - 9b3ef6c9-0245-4756-bf80-45d41f7a4453: start FollowerState
2019-10-30 11:53:02,930 [Thread-3261] INFO  impl.FollowerState (FollowerState.java:run(117)) - 9b3ef6c9-0245-4756-bf80-45d41f7a4453@group-F367C8FA5986-FollowerState was interrupted: java.lang.InterruptedException: sleep interrupted
2019-10-30 11:53:02,938 [9dbd5372-55c2-4532-b354-9494d3d545d2@group-F367C8FA5986-LeaderElection433] INFO  impl.LeaderElection (LeaderElection.java:logAndReturn(56)) - 9dbd5372-55c2-4532-b354-9494d3d545d2@group-F367C8FA5986-LeaderElection433: Election REJECTED; received 1 response(s) [9dbd5372-55c2-4532-b354-9494d3d545d2<-9b3ef6c9-0245-4756-bf80-45d41f7a4453#0:FAIL-t227] and 1 exception(s); 9dbd5372-55c2-4532-b354-9494d3d545d2@group-F367C8FA5986:t227, leader=null, voted=9dbd5372-55c2-4532-b354-9494d3d545d2, raftlog=9dbd5372-55c2-4532-b354-9494d3d545d2@group-F367C8FA5986-SegmentedRaftLog:OPENED:c-1,f-1,i0, conf=-1: [9b3ef6c9-0245-4756-bf80-45d41f7a4453:192.168.157.220:37058, cd11b2f5-3187-4d03-bd60-931991550c17:192.168.157.220:43236, 9dbd5372-55c2-4532-b354-9494d3d545d2:192.168.157.220:42993], old=null
2019-10-30 11:53:02,939 [9dbd5372-55c2-4532-b354-9494d3d545d2@group-F367C8FA5986-LeaderElection433] INFO  impl.LeaderElection (LogUtils.java:infoOrTrace(149)) -   Exception 0: {}
java.util.concurrent.ExecutionException: org.apache.ratis.thirdparty.io.grpc.StatusRuntimeException: UNAVAILABLE: io exception
	at java.util.concurrent.FutureTask.report(FutureTask.java:122)
	at java.util.concurrent.FutureTask.get(FutureTask.java:192)
	at org.apache.ratis.server.impl.LeaderElection.waitForResults(LeaderElection.java:259)
	at org.apache.ratis.server.impl.LeaderElection.askForVotes(LeaderElection.java:197)
	at org.apache.ratis.server.impl.LeaderElection.run(LeaderElection.java:133)
	at java.lang.Thread.run(Thread.java:748)
Caused by: org.apache.ratis.thirdparty.io.grpc.StatusRuntimeException: UNAVAILABLE: io exception
	at org.apache.ratis.thirdparty.io.grpc.stub.ClientCalls.toStatusRuntimeException(ClientCalls.java:233)
	at org.apache.ratis.thirdparty.io.grpc.stub.ClientCalls.getUnchecked(ClientCalls.java:214)
	at org.apache.ratis.thirdparty.io.grpc.stub.ClientCalls.blockingUnaryCall(ClientCalls.java:139)
	at org.apache.ratis.proto.grpc.RaftServerProtocolServiceGrpc$RaftServerProtocolServiceBlockingStub.requestVote(RaftServerProtocolServiceGrpc.java:265)
	at org.apache.ratis.grpc.server.GrpcServerProtocolClient.requestVote(GrpcServerProtocolClient.java:99)
	at org.apache.ratis.grpc.server.GrpcService.requestVote(GrpcService.java:204)
	at org.apache.ratis.server.impl.LeaderElection.lambda$submitRequests$1(LeaderElection.java:234)
	at java.util.concurrent.FutureTask.run(FutureTask.java:266)
	at java.util.concurrent.Executors$RunnableAdapter.call(Executors.java:511)
	at java.util.concurrent.FutureTask.run(FutureTask.java:266)
	at java.util.concurrent.ThreadPoolExecutor.runWorker(ThreadPoolExecutor.java:1149)
	at java.util.concurrent.ThreadPoolExecutor$Worker.run(ThreadPoolExecutor.java:624)
	... 1 more
Caused by: org.apache.ratis.thirdparty.io.netty.channel.AbstractChannel$AnnotatedConnectException: Connection refused: /192.168.157.220:43236
	at sun.nio.ch.SocketChannelImpl.checkConnect(Native Method)
	at sun.nio.ch.SocketChannelImpl.finishConnect(SocketChannelImpl.java:717)
	at org.apache.ratis.thirdparty.io.netty.channel.socket.nio.NioSocketChannel.doFinishConnect(NioSocketChannel.java:327)
	at org.apache.ratis.thirdparty.io.netty.channel.nio.AbstractNioChannel$AbstractNioUnsafe.finishConnect(AbstractNioChannel.java:340)
	at org.apache.ratis.thirdparty.io.netty.channel.nio.NioEventLoop.processSelectedKey(NioEventLoop.java:632)
	at org.apache.ratis.thirdparty.io.netty.channel.nio.NioEventLoop.processSelectedKeysOptimized(NioEventLoop.java:579)
	at org.apache.ratis.thirdparty.io.netty.channel.nio.NioEventLoop.processSelectedKeys(NioEventLoop.java:496)
	at org.apache.ratis.thirdparty.io.netty.channel.nio.NioEventLoop.run(NioEventLoop.java:458)
	at org.apache.ratis.thirdparty.io.netty.util.concurrent.SingleThreadEventExecutor$5.run(SingleThreadEventExecutor.java:897)
	at org.apache.ratis.thirdparty.io.netty.util.concurrent.FastThreadLocalRunnable.run(FastThreadLocalRunnable.java:30)
	... 1 more
Caused by: java.net.ConnectException: Connection refused
	... 11 more
2019-10-30 11:53:02,939 [9dbd5372-55c2-4532-b354-9494d3d545d2@group-F367C8FA5986-LeaderElection433] INFO  impl.RaftServerImpl (RaftServerImpl.java:setRole(184)) - 9dbd5372-55c2-4532-b354-9494d3d545d2@group-F367C8FA5986: changes role from CANDIDATE to FOLLOWER at term 227 for DISCOVERED_A_NEW_TERM
2019-10-30 11:53:02,939 [9dbd5372-55c2-4532-b354-9494d3d545d2@group-F367C8FA5986-LeaderElection433] INFO  impl.RoleInfo (RoleInfo.java:shutdownLeaderElection(134)) - 9dbd5372-55c2-4532-b354-9494d3d545d2: shutdown LeaderElection
2019-10-30 11:53:02,939 [9dbd5372-55c2-4532-b354-9494d3d545d2@group-F367C8FA5986-LeaderElection433] INFO  impl.RoleInfo (RoleInfo.java:updateAndGet(143)) - 9dbd5372-55c2-4532-b354-9494d3d545d2: start FollowerState
2019-10-30 11:53:03,034 [Thread-3262] INFO  impl.FollowerState (FollowerState.java:run(108)) - f26e10ed-fb17-49e6-a903-eadc130d13d1@group-83984122B78E-FollowerState: change to CANDIDATE, lastRpcTime:114ms, electionTimeout:114ms
2019-10-30 11:53:03,034 [Thread-3262] INFO  impl.RoleInfo (RoleInfo.java:shutdownFollowerState(121)) - f26e10ed-fb17-49e6-a903-eadc130d13d1: shutdown FollowerState
2019-10-30 11:53:03,034 [Thread-3262] INFO  impl.RaftServerImpl (RaftServerImpl.java:setRole(184)) - f26e10ed-fb17-49e6-a903-eadc130d13d1@group-83984122B78E: changes role from  FOLLOWER to CANDIDATE at term 239 for changeToCandidate
2019-10-30 11:53:03,034 [Thread-3262] INFO  impl.RoleInfo (RoleInfo.java:updateAndGet(143)) - f26e10ed-fb17-49e6-a903-eadc130d13d1: start LeaderElection
2019-10-30 11:53:03,049 [f26e10ed-fb17-49e6-a903-eadc130d13d1@group-83984122B78E-LeaderElection436] INFO  impl.LeaderElection (LeaderElection.java:askForVotes(178)) - f26e10ed-fb17-49e6-a903-eadc130d13d1@group-83984122B78E-LeaderElection436: begin an election at term 240 for -1: [4f16e274-8663-4a15-9c4c-c81f650ab979:192.168.157.220:38181, 4cc44201-a597-43af-a4ec-5b1b407a6250:192.168.157.220:36685, f26e10ed-fb17-49e6-a903-eadc130d13d1:192.168.157.220:32806], old=null
2019-10-30 11:53:03,053 [f26e10ed-fb17-49e6-a903-eadc130d13d1@group-83984122B78E-LeaderElection436] INFO  impl.LeaderElection (LogUtils.java:infoOrTrace(149)) - f26e10ed-fb17-49e6-a903-eadc130d13d1@group-83984122B78E-LeaderElection436 got exception when requesting votes: {}
java.util.concurrent.ExecutionException: org.apache.ratis.thirdparty.io.grpc.StatusRuntimeException: UNAVAILABLE: io exception
	at java.util.concurrent.FutureTask.report(FutureTask.java:122)
	at java.util.concurrent.FutureTask.get(FutureTask.java:192)
	at org.apache.ratis.server.impl.LeaderElection.waitForResults(LeaderElection.java:259)
	at org.apache.ratis.server.impl.LeaderElection.askForVotes(LeaderElection.java:197)
	at org.apache.ratis.server.impl.LeaderElection.run(LeaderElection.java:133)
	at java.lang.Thread.run(Thread.java:748)
Caused by: org.apache.ratis.thirdparty.io.grpc.StatusRuntimeException: UNAVAILABLE: io exception
	at org.apache.ratis.thirdparty.io.grpc.stub.ClientCalls.toStatusRuntimeException(ClientCalls.java:233)
	at org.apache.ratis.thirdparty.io.grpc.stub.ClientCalls.getUnchecked(ClientCalls.java:214)
	at org.apache.ratis.thirdparty.io.grpc.stub.ClientCalls.blockingUnaryCall(ClientCalls.java:139)
	at org.apache.ratis.proto.grpc.RaftServerProtocolServiceGrpc$RaftServerProtocolServiceBlockingStub.requestVote(RaftServerProtocolServiceGrpc.java:265)
	at org.apache.ratis.grpc.server.GrpcServerProtocolClient.requestVote(GrpcServerProtocolClient.java:99)
	at org.apache.ratis.grpc.server.GrpcService.requestVote(GrpcService.java:204)
	at org.apache.ratis.server.impl.LeaderElection.lambda$submitRequests$1(LeaderElection.java:234)
	at java.util.concurrent.FutureTask.run(FutureTask.java:266)
	at java.util.concurrent.Executors$RunnableAdapter.call(Executors.java:511)
	at java.util.concurrent.FutureTask.run(FutureTask.java:266)
	at java.util.concurrent.ThreadPoolExecutor.runWorker(ThreadPoolExecutor.java:1149)
	at java.util.concurrent.ThreadPoolExecutor$Worker.run(ThreadPoolExecutor.java:624)
	... 1 more
Caused by: org.apache.ratis.thirdparty.io.netty.channel.AbstractChannel$AnnotatedConnectException: Connection refused: /192.168.157.220:38181
	at sun.nio.ch.SocketChannelImpl.checkConnect(Native Method)
	at sun.nio.ch.SocketChannelImpl.finishConnect(SocketChannelImpl.java:717)
	at org.apache.ratis.thirdparty.io.netty.channel.socket.nio.NioSocketChannel.doFinishConnect(NioSocketChannel.java:327)
	at org.apache.ratis.thirdparty.io.netty.channel.nio.AbstractNioChannel$AbstractNioUnsafe.finishConnect(AbstractNioChannel.java:340)
	at org.apache.ratis.thirdparty.io.netty.channel.nio.NioEventLoop.processSelectedKey(NioEventLoop.java:632)
	at org.apache.ratis.thirdparty.io.netty.channel.nio.NioEventLoop.processSelectedKeysOptimized(NioEventLoop.java:579)
	at org.apache.ratis.thirdparty.io.netty.channel.nio.NioEventLoop.processSelectedKeys(NioEventLoop.java:496)
	at org.apache.ratis.thirdparty.io.netty.channel.nio.NioEventLoop.run(NioEventLoop.java:458)
	at org.apache.ratis.thirdparty.io.netty.util.concurrent.SingleThreadEventExecutor$5.run(SingleThreadEventExecutor.java:897)
	at org.apache.ratis.thirdparty.io.netty.util.concurrent.FastThreadLocalRunnable.run(FastThreadLocalRunnable.java:30)
	... 1 more
Caused by: java.net.ConnectException: Connection refused
	... 11 more
2019-10-30 11:53:03,054 [grpc-default-executor-8] INFO  impl.RaftServerImpl (RaftServerImpl.java:setRole(184)) - 4cc44201-a597-43af-a4ec-5b1b407a6250@group-83984122B78E: changes role from  FOLLOWER to FOLLOWER at term 240 for recognizeCandidate:f26e10ed-fb17-49e6-a903-eadc130d13d1
2019-10-30 11:53:03,054 [grpc-default-executor-8] INFO  impl.RoleInfo (RoleInfo.java:shutdownFollowerState(121)) - 4cc44201-a597-43af-a4ec-5b1b407a6250: shutdown FollowerState
2019-10-30 11:53:03,054 [grpc-default-executor-8] INFO  impl.RoleInfo (RoleInfo.java:updateAndGet(143)) - 4cc44201-a597-43af-a4ec-5b1b407a6250: start FollowerState
2019-10-30 11:53:03,054 [Thread-3260] INFO  impl.FollowerState (FollowerState.java:run(117)) - 4cc44201-a597-43af-a4ec-5b1b407a6250@group-83984122B78E-FollowerState was interrupted: java.lang.InterruptedException: sleep interrupted
2019-10-30 11:53:03,063 [Thread-3266] INFO  impl.FollowerState (FollowerState.java:run(108)) - 9dbd5372-55c2-4532-b354-9494d3d545d2@group-F367C8FA5986-FollowerState: change to CANDIDATE, lastRpcTime:123ms, electionTimeout:123ms
2019-10-30 11:53:03,063 [Thread-3266] INFO  impl.RoleInfo (RoleInfo.java:shutdownFollowerState(121)) - 9dbd5372-55c2-4532-b354-9494d3d545d2: shutdown FollowerState
2019-10-30 11:53:03,063 [Thread-3266] INFO  impl.RaftServerImpl (RaftServerImpl.java:setRole(184)) - 9dbd5372-55c2-4532-b354-9494d3d545d2@group-F367C8FA5986: changes role from  FOLLOWER to CANDIDATE at term 227 for changeToCandidate
2019-10-30 11:53:03,063 [Thread-3266] INFO  impl.RoleInfo (RoleInfo.java:updateAndGet(143)) - 9dbd5372-55c2-4532-b354-9494d3d545d2: start LeaderElection
2019-10-30 11:53:03,071 [f26e10ed-fb17-49e6-a903-eadc130d13d1@group-83984122B78E-LeaderElection436] INFO  impl.LeaderElection (LeaderElection.java:logAndReturn(56)) - f26e10ed-fb17-49e6-a903-eadc130d13d1@group-83984122B78E-LeaderElection436: Election REJECTED; received 1 response(s) [f26e10ed-fb17-49e6-a903-eadc130d13d1<-4cc44201-a597-43af-a4ec-5b1b407a6250#0:FAIL-t240] and 1 exception(s); f26e10ed-fb17-49e6-a903-eadc130d13d1@group-83984122B78E:t240, leader=null, voted=f26e10ed-fb17-49e6-a903-eadc130d13d1, raftlog=f26e10ed-fb17-49e6-a903-eadc130d13d1@group-83984122B78E-SegmentedRaftLog:OPENED:c-1,f-1,i0, conf=-1: [4f16e274-8663-4a15-9c4c-c81f650ab979:192.168.157.220:38181, 4cc44201-a597-43af-a4ec-5b1b407a6250:192.168.157.220:36685, f26e10ed-fb17-49e6-a903-eadc130d13d1:192.168.157.220:32806], old=null
2019-10-30 11:53:03,071 [f26e10ed-fb17-49e6-a903-eadc130d13d1@group-83984122B78E-LeaderElection436] INFO  impl.LeaderElection (LogUtils.java:infoOrTrace(149)) -   Exception 0: {}
java.util.concurrent.ExecutionException: org.apache.ratis.thirdparty.io.grpc.StatusRuntimeException: UNAVAILABLE: io exception
	at java.util.concurrent.FutureTask.report(FutureTask.java:122)
	at java.util.concurrent.FutureTask.get(FutureTask.java:192)
	at org.apache.ratis.server.impl.LeaderElection.waitForResults(LeaderElection.java:259)
	at org.apache.ratis.server.impl.LeaderElection.askForVotes(LeaderElection.java:197)
	at org.apache.ratis.server.impl.LeaderElection.run(LeaderElection.java:133)
	at java.lang.Thread.run(Thread.java:748)
Caused by: org.apache.ratis.thirdparty.io.grpc.StatusRuntimeException: UNAVAILABLE: io exception
	at org.apache.ratis.thirdparty.io.grpc.stub.ClientCalls.toStatusRuntimeException(ClientCalls.java:233)
	at org.apache.ratis.thirdparty.io.grpc.stub.ClientCalls.getUnchecked(ClientCalls.java:214)
	at org.apache.ratis.thirdparty.io.grpc.stub.ClientCalls.blockingUnaryCall(ClientCalls.java:139)
	at org.apache.ratis.proto.grpc.RaftServerProtocolServiceGrpc$RaftServerProtocolServiceBlockingStub.requestVote(RaftServerProtocolServiceGrpc.java:265)
	at org.apache.ratis.grpc.server.GrpcServerProtocolClient.requestVote(GrpcServerProtocolClient.java:99)
	at org.apache.ratis.grpc.server.GrpcService.requestVote(GrpcService.java:204)
	at org.apache.ratis.server.impl.LeaderElection.lambda$submitRequests$1(LeaderElection.java:234)
	at java.util.concurrent.FutureTask.run(FutureTask.java:266)
	at java.util.concurrent.Executors$RunnableAdapter.call(Executors.java:511)
	at java.util.concurrent.FutureTask.run(FutureTask.java:266)
	at java.util.concurrent.ThreadPoolExecutor.runWorker(ThreadPoolExecutor.java:1149)
	at java.util.concurrent.ThreadPoolExecutor$Worker.run(ThreadPoolExecutor.java:624)
	... 1 more
Caused by: org.apache.ratis.thirdparty.io.netty.channel.AbstractChannel$AnnotatedConnectException: Connection refused: /192.168.157.220:38181
	at sun.nio.ch.SocketChannelImpl.checkConnect(Native Method)
	at sun.nio.ch.SocketChannelImpl.finishConnect(SocketChannelImpl.java:717)
	at org.apache.ratis.thirdparty.io.netty.channel.socket.nio.NioSocketChannel.doFinishConnect(NioSocketChannel.java:327)
	at org.apache.ratis.thirdparty.io.netty.channel.nio.AbstractNioChannel$AbstractNioUnsafe.finishConnect(AbstractNioChannel.java:340)
	at org.apache.ratis.thirdparty.io.netty.channel.nio.NioEventLoop.processSelectedKey(NioEventLoop.java:632)
	at org.apache.ratis.thirdparty.io.netty.channel.nio.NioEventLoop.processSelectedKeysOptimized(NioEventLoop.java:579)
	at org.apache.ratis.thirdparty.io.netty.channel.nio.NioEventLoop.processSelectedKeys(NioEventLoop.java:496)
	at org.apache.ratis.thirdparty.io.netty.channel.nio.NioEventLoop.run(NioEventLoop.java:458)
	at org.apache.ratis.thirdparty.io.netty.util.concurrent.SingleThreadEventExecutor$5.run(SingleThreadEventExecutor.java:897)
	at org.apache.ratis.thirdparty.io.netty.util.concurrent.FastThreadLocalRunnable.run(FastThreadLocalRunnable.java:30)
	... 1 more
Caused by: java.net.ConnectException: Connection refused
	... 11 more
2019-10-30 11:53:03,072 [f26e10ed-fb17-49e6-a903-eadc130d13d1@group-83984122B78E-LeaderElection436] INFO  impl.RaftServerImpl (RaftServerImpl.java:setRole(184)) - f26e10ed-fb17-49e6-a903-eadc130d13d1@group-83984122B78E: changes role from CANDIDATE to FOLLOWER at term 240 for DISCOVERED_A_NEW_TERM
2019-10-30 11:53:03,072 [f26e10ed-fb17-49e6-a903-eadc130d13d1@group-83984122B78E-LeaderElection436] INFO  impl.RoleInfo (RoleInfo.java:shutdownLeaderElection(134)) - f26e10ed-fb17-49e6-a903-eadc130d13d1: shutdown LeaderElection
2019-10-30 11:53:03,072 [f26e10ed-fb17-49e6-a903-eadc130d13d1@group-83984122B78E-LeaderElection436] INFO  impl.RoleInfo (RoleInfo.java:updateAndGet(143)) - f26e10ed-fb17-49e6-a903-eadc130d13d1: start FollowerState
2019-10-30 11:53:03,075 [9dbd5372-55c2-4532-b354-9494d3d545d2@group-F367C8FA5986-LeaderElection437] INFO  impl.LeaderElection (LeaderElection.java:askForVotes(178)) - 9dbd5372-55c2-4532-b354-9494d3d545d2@group-F367C8FA5986-LeaderElection437: begin an election at term 228 for -1: [9b3ef6c9-0245-4756-bf80-45d41f7a4453:192.168.157.220:37058, cd11b2f5-3187-4d03-bd60-931991550c17:192.168.157.220:43236, 9dbd5372-55c2-4532-b354-9494d3d545d2:192.168.157.220:42993], old=null
2019-10-30 11:53:03,081 [grpc-default-executor-8] INFO  impl.RaftServerImpl (RaftServerImpl.java:setRole(184)) - 9b3ef6c9-0245-4756-bf80-45d41f7a4453@group-F367C8FA5986: changes role from  FOLLOWER to FOLLOWER at term 228 for recognizeCandidate:9dbd5372-55c2-4532-b354-9494d3d545d2
2019-10-30 11:53:03,082 [grpc-default-executor-8] INFO  impl.RoleInfo (RoleInfo.java:shutdownFollowerState(121)) - 9b3ef6c9-0245-4756-bf80-45d41f7a4453: shutdown FollowerState
2019-10-30 11:53:03,083 [grpc-default-executor-8] INFO  impl.RoleInfo (RoleInfo.java:updateAndGet(143)) - 9b3ef6c9-0245-4756-bf80-45d41f7a4453: start FollowerState
2019-10-30 11:53:03,084 [Thread-3265] INFO  impl.FollowerState (FollowerState.java:run(117)) - 9b3ef6c9-0245-4756-bf80-45d41f7a4453@group-F367C8FA5986-FollowerState was interrupted: java.lang.InterruptedException: sleep interrupted
2019-10-30 11:53:03,087 [ForkJoinPool.commonPool-worker-0] INFO  ozoneimpl.OzoneContainer (OzoneContainer.java:stop(227)) - Attempting to stop container services.
2019-10-30 11:53:03,087 [9dbd5372-55c2-4532-b354-9494d3d545d2@group-F367C8FA5986-LeaderElection437] INFO  impl.LeaderElection (LogUtils.java:infoOrTrace(149)) - 9dbd5372-55c2-4532-b354-9494d3d545d2@group-F367C8FA5986-LeaderElection437 got exception when requesting votes: {}
java.util.concurrent.ExecutionException: org.apache.ratis.thirdparty.io.grpc.StatusRuntimeException: UNAVAILABLE: io exception
	at java.util.concurrent.FutureTask.report(FutureTask.java:122)
	at java.util.concurrent.FutureTask.get(FutureTask.java:192)
	at org.apache.ratis.server.impl.LeaderElection.waitForResults(LeaderElection.java:259)
	at org.apache.ratis.server.impl.LeaderElection.askForVotes(LeaderElection.java:197)
	at org.apache.ratis.server.impl.LeaderElection.run(LeaderElection.java:133)
	at java.lang.Thread.run(Thread.java:748)
Caused by: org.apache.ratis.thirdparty.io.grpc.StatusRuntimeException: UNAVAILABLE: io exception
	at org.apache.ratis.thirdparty.io.grpc.stub.ClientCalls.toStatusRuntimeException(ClientCalls.java:233)
	at org.apache.ratis.thirdparty.io.grpc.stub.ClientCalls.getUnchecked(ClientCalls.java:214)
	at org.apache.ratis.thirdparty.io.grpc.stub.ClientCalls.blockingUnaryCall(ClientCalls.java:139)
	at org.apache.ratis.proto.grpc.RaftServerProtocolServiceGrpc$RaftServerProtocolServiceBlockingStub.requestVote(RaftServerProtocolServiceGrpc.java:265)
	at org.apache.ratis.grpc.server.GrpcServerProtocolClient.requestVote(GrpcServerProtocolClient.java:99)
	at org.apache.ratis.grpc.server.GrpcService.requestVote(GrpcService.java:204)
	at org.apache.ratis.server.impl.LeaderElection.lambda$submitRequests$1(LeaderElection.java:234)
	at java.util.concurrent.FutureTask.run(FutureTask.java:266)
	at java.util.concurrent.Executors$RunnableAdapter.call(Executors.java:511)
	at java.util.concurrent.FutureTask.run(FutureTask.java:266)
	at java.util.concurrent.ThreadPoolExecutor.runWorker(ThreadPoolExecutor.java:1149)
	at java.util.concurrent.ThreadPoolExecutor$Worker.run(ThreadPoolExecutor.java:624)
	... 1 more
Caused by: org.apache.ratis.thirdparty.io.netty.channel.AbstractChannel$AnnotatedConnectException: Connection refused: /192.168.157.220:43236
	at sun.nio.ch.SocketChannelImpl.checkConnect(Native Method)
	at sun.nio.ch.SocketChannelImpl.finishConnect(SocketChannelImpl.java:717)
	at org.apache.ratis.thirdparty.io.netty.channel.socket.nio.NioSocketChannel.doFinishConnect(NioSocketChannel.java:327)
	at org.apache.ratis.thirdparty.io.netty.channel.nio.AbstractNioChannel$AbstractNioUnsafe.finishConnect(AbstractNioChannel.java:340)
	at org.apache.ratis.thirdparty.io.netty.channel.nio.NioEventLoop.processSelectedKey(NioEventLoop.java:632)
	at org.apache.ratis.thirdparty.io.netty.channel.nio.NioEventLoop.processSelectedKeysOptimized(NioEventLoop.java:579)
	at org.apache.ratis.thirdparty.io.netty.channel.nio.NioEventLoop.processSelectedKeys(NioEventLoop.java:496)
	at org.apache.ratis.thirdparty.io.netty.channel.nio.NioEventLoop.run(NioEventLoop.java:458)
	at org.apache.ratis.thirdparty.io.netty.util.concurrent.SingleThreadEventExecutor$5.run(SingleThreadEventExecutor.java:897)
	at org.apache.ratis.thirdparty.io.netty.util.concurrent.FastThreadLocalRunnable.run(FastThreadLocalRunnable.java:30)
	... 1 more
Caused by: java.net.ConnectException: Connection refused
	... 11 more
2019-10-30 11:53:03,088 [ForkJoinPool.commonPool-worker-0] INFO  impl.RaftServerProxy (RaftServerProxy.java:lambda$close$4(314)) - f26e10ed-fb17-49e6-a903-eadc130d13d1: close
2019-10-30 11:53:03,088 [ForkJoinPool.commonPool-worker-0] INFO  impl.RaftServerImpl (RaftServerImpl.java:lambda$shutdown$3(261)) - f26e10ed-fb17-49e6-a903-eadc130d13d1@group-99AEE0773025: shutdown
2019-10-30 11:53:03,088 [ForkJoinPool.commonPool-worker-0] INFO  util.JmxRegister (JmxRegister.java:unregister(73)) - Successfully un-registered JMX Bean with object name Ratis:service=RaftServer,group=group-99AEE0773025,id=f26e10ed-fb17-49e6-a903-eadc130d13d1
2019-10-30 11:53:03,089 [ForkJoinPool.commonPool-worker-0] INFO  impl.RoleInfo (RoleInfo.java:shutdownLeaderState(104)) - f26e10ed-fb17-49e6-a903-eadc130d13d1: shutdown LeaderState
2019-10-30 11:53:03,089 [ForkJoinPool.commonPool-worker-0] INFO  impl.PendingRequests (PendingRequests.java:sendNotLeaderResponses(202)) - f26e10ed-fb17-49e6-a903-eadc130d13d1@group-99AEE0773025-PendingRequests: sendNotLeaderResponses
2019-10-30 11:53:03,089 [ForkJoinPool.commonPool-worker-0] INFO  impl.StateMachineUpdater (StateMachineUpdater.java:stopAndJoin(136)) - f26e10ed-fb17-49e6-a903-eadc130d13d1@group-99AEE0773025-StateMachineUpdater: set stopIndex = 0
2019-10-30 11:53:03,090 [ForkJoinPool.commonPool-worker-0] INFO  impl.RaftServerImpl (ServerState.java:close(388)) - f26e10ed-fb17-49e6-a903-eadc130d13d1@group-99AEE0773025: closes. applyIndex: 0
2019-10-30 11:53:03,091 [main] INFO  ozoneimpl.OzoneContainer (OzoneContainer.java:stop(227)) - Attempting to stop container services.
2019-10-30 11:53:03,092 [main] INFO  impl.RaftServerProxy (RaftServerProxy.java:lambda$close$4(314)) - 36879b23-b325-4015-ba59-8656331c6f4b: close
2019-10-30 11:53:03,093 [main] INFO  impl.RaftServerImpl (RaftServerImpl.java:lambda$shutdown$3(261)) - 36879b23-b325-4015-ba59-8656331c6f4b@group-7E3180B1D79A: shutdown
2019-10-30 11:53:03,093 [main] INFO  util.JmxRegister (JmxRegister.java:unregister(73)) - Successfully un-registered JMX Bean with object name Ratis:service=RaftServer,group=group-7E3180B1D79A,id=36879b23-b325-4015-ba59-8656331c6f4b
2019-10-30 11:53:03,094 [main] INFO  impl.RoleInfo (RoleInfo.java:shutdownLeaderState(104)) - 36879b23-b325-4015-ba59-8656331c6f4b: shutdown LeaderState
2019-10-30 11:53:03,094 [main] INFO  impl.PendingRequests (PendingRequests.java:sendNotLeaderResponses(202)) - 36879b23-b325-4015-ba59-8656331c6f4b@group-7E3180B1D79A-PendingRequests: sendNotLeaderResponses
2019-10-30 11:53:03,094 [main] INFO  impl.StateMachineUpdater (StateMachineUpdater.java:stopAndJoin(136)) - 36879b23-b325-4015-ba59-8656331c6f4b@group-7E3180B1D79A-StateMachineUpdater: set stopIndex = 0
2019-10-30 11:53:03,094 [main] INFO  impl.RaftServerImpl (ServerState.java:close(388)) - 36879b23-b325-4015-ba59-8656331c6f4b@group-7E3180B1D79A: closes. applyIndex: 0
2019-10-30 11:53:03,100 [36879b23-b325-4015-ba59-8656331c6f4b@group-7E3180B1D79A-SegmentedRaftLogWorker] INFO  segmented.SegmentedRaftLogWorker (SegmentedRaftLogWorker.java:run(316)) - 36879b23-b325-4015-ba59-8656331c6f4b@group-7E3180B1D79A-SegmentedRaftLogWorker was interrupted, exiting. There are 0 tasks remaining in the queue.
2019-10-30 11:53:03,121 [main] INFO  segmented.SegmentedRaftLogWorker (SegmentedRaftLogWorker.java:close(224)) - 36879b23-b325-4015-ba59-8656331c6f4b@group-7E3180B1D79A-SegmentedRaftLogWorker close()
2019-10-30 11:53:03,125 [f26e10ed-fb17-49e6-a903-eadc130d13d1@group-99AEE0773025-SegmentedRaftLogWorker] INFO  segmented.SegmentedRaftLogWorker (SegmentedRaftLogWorker.java:run(316)) - f26e10ed-fb17-49e6-a903-eadc130d13d1@group-99AEE0773025-SegmentedRaftLogWorker was interrupted, exiting. There are 0 tasks remaining in the queue.
2019-10-30 11:53:03,132 [Thread-3272] INFO  impl.FollowerState (FollowerState.java:run(108)) - f26e10ed-fb17-49e6-a903-eadc130d13d1@group-83984122B78E-FollowerState: change to CANDIDATE, lastRpcTime:60ms, electionTimeout:60ms
2019-10-30 11:53:03,126 [main] INFO  impl.RaftServerImpl (RaftServerImpl.java:lambda$shutdown$3(261)) - 36879b23-b325-4015-ba59-8656331c6f4b@group-6C94BA02685B: shutdown
2019-10-30 11:53:03,138 [Thread-3272] INFO  impl.RoleInfo (RoleInfo.java:shutdownFollowerState(121)) - f26e10ed-fb17-49e6-a903-eadc130d13d1: shutdown FollowerState
2019-10-30 11:53:03,141 [main] INFO  util.JmxRegister (JmxRegister.java:unregister(73)) - Successfully un-registered JMX Bean with object name Ratis:service=RaftServer,group=group-6C94BA02685B,id=36879b23-b325-4015-ba59-8656331c6f4b
2019-10-30 11:53:03,141 [Thread-3272] INFO  impl.RaftServerImpl (RaftServerImpl.java:setRole(184)) - f26e10ed-fb17-49e6-a903-eadc130d13d1@group-83984122B78E: changes role from  FOLLOWER to CANDIDATE at term 240 for changeToCandidate
2019-10-30 11:53:03,141 [main] INFO  impl.RoleInfo (RoleInfo.java:shutdownLeaderState(104)) - 36879b23-b325-4015-ba59-8656331c6f4b: shutdown LeaderState
2019-10-30 11:53:03,141 [Thread-3272] INFO  impl.RoleInfo (RoleInfo.java:updateAndGet(143)) - f26e10ed-fb17-49e6-a903-eadc130d13d1: start LeaderElection
2019-10-30 11:53:03,145 [org.apache.ratis.server.impl.LogAppender$AppenderDaemon$$Lambda$420/1739398863@c4840a0] WARN  server.GrpcLogAppender (GrpcLogAppender.java:mayWait(149)) - 36879b23-b325-4015-ba59-8656331c6f4b@group-6C94BA02685B->a12d6b9e-ec23-449e-8b58-135e3e67eb04-GrpcLogAppender: Wait interrupted by java.lang.InterruptedException
2019-10-30 11:53:03,145 [main] INFO  impl.PendingRequests (PendingRequests.java:sendNotLeaderResponses(202)) - 36879b23-b325-4015-ba59-8656331c6f4b@group-6C94BA02685B-PendingRequests: sendNotLeaderResponses
2019-10-30 11:53:03,146 [org.apache.ratis.server.impl.LogAppender$AppenderDaemon$$Lambda$420/1739398863@3dbf3d2c] WARN  server.GrpcLogAppender (GrpcLogAppender.java:mayWait(149)) - 36879b23-b325-4015-ba59-8656331c6f4b@group-6C94BA02685B->6ed35211-36a6-405a-b1db-549f65da443e-GrpcLogAppender: Wait interrupted by java.lang.InterruptedException
2019-10-30 11:53:03,150 [grpc-default-executor-8] INFO  server.GrpcServerProtocolService (GrpcServerProtocolService.java:onCompleted(113)) - a12d6b9e-ec23-449e-8b58-135e3e67eb04: Completed APPEND_ENTRIES, lastRequest: 36879b23-b325-4015-ba59-8656331c6f4b->a12d6b9e-ec23-449e-8b58-135e3e67eb04#77-t2, previous=(t:2, i:19), leaderCommit=19, initializing? false, entries: <empty>
2019-10-30 11:53:03,152 [9dbd5372-55c2-4532-b354-9494d3d545d2@group-F367C8FA5986-LeaderElection437] INFO  impl.LeaderElection (LeaderElection.java:logAndReturn(56)) - 9dbd5372-55c2-4532-b354-9494d3d545d2@group-F367C8FA5986-LeaderElection437: Election REJECTED; received 1 response(s) [9dbd5372-55c2-4532-b354-9494d3d545d2<-9b3ef6c9-0245-4756-bf80-45d41f7a4453#0:FAIL-t228] and 1 exception(s); 9dbd5372-55c2-4532-b354-9494d3d545d2@group-F367C8FA5986:t228, leader=null, voted=9dbd5372-55c2-4532-b354-9494d3d545d2, raftlog=9dbd5372-55c2-4532-b354-9494d3d545d2@group-F367C8FA5986-SegmentedRaftLog:OPENED:c-1,f-1,i0, conf=-1: [9b3ef6c9-0245-4756-bf80-45d41f7a4453:192.168.157.220:37058, cd11b2f5-3187-4d03-bd60-931991550c17:192.168.157.220:43236, 9dbd5372-55c2-4532-b354-9494d3d545d2:192.168.157.220:42993], old=null
2019-10-30 11:53:03,153 [9dbd5372-55c2-4532-b354-9494d3d545d2@group-F367C8FA5986-LeaderElection437] INFO  impl.LeaderElection (LogUtils.java:infoOrTrace(149)) -   Exception 0: {}
java.util.concurrent.ExecutionException: org.apache.ratis.thirdparty.io.grpc.StatusRuntimeException: UNAVAILABLE: io exception
	at java.util.concurrent.FutureTask.report(FutureTask.java:122)
	at java.util.concurrent.FutureTask.get(FutureTask.java:192)
	at org.apache.ratis.server.impl.LeaderElection.waitForResults(LeaderElection.java:259)
	at org.apache.ratis.server.impl.LeaderElection.askForVotes(LeaderElection.java:197)
	at org.apache.ratis.server.impl.LeaderElection.run(LeaderElection.java:133)
	at java.lang.Thread.run(Thread.java:748)
Caused by: org.apache.ratis.thirdparty.io.grpc.StatusRuntimeException: UNAVAILABLE: io exception
	at org.apache.ratis.thirdparty.io.grpc.stub.ClientCalls.toStatusRuntimeException(ClientCalls.java:233)
	at org.apache.ratis.thirdparty.io.grpc.stub.ClientCalls.getUnchecked(ClientCalls.java:214)
	at org.apache.ratis.thirdparty.io.grpc.stub.ClientCalls.blockingUnaryCall(ClientCalls.java:139)
	at org.apache.ratis.proto.grpc.RaftServerProtocolServiceGrpc$RaftServerProtocolServiceBlockingStub.requestVote(RaftServerProtocolServiceGrpc.java:265)
	at org.apache.ratis.grpc.server.GrpcServerProtocolClient.requestVote(GrpcServerProtocolClient.java:99)
	at org.apache.ratis.grpc.server.GrpcService.requestVote(GrpcService.java:204)
	at org.apache.ratis.server.impl.LeaderElection.lambda$submitRequests$1(LeaderElection.java:234)
	at java.util.concurrent.FutureTask.run(FutureTask.java:266)
	at java.util.concurrent.Executors$RunnableAdapter.call(Executors.java:511)
	at java.util.concurrent.FutureTask.run(FutureTask.java:266)
	at java.util.concurrent.ThreadPoolExecutor.runWorker(ThreadPoolExecutor.java:1149)
	at java.util.concurrent.ThreadPoolExecutor$Worker.run(ThreadPoolExecutor.java:624)
	... 1 more
Caused by: org.apache.ratis.thirdparty.io.netty.channel.AbstractChannel$AnnotatedConnectException: Connection refused: /192.168.157.220:43236
	at sun.nio.ch.SocketChannelImpl.checkConnect(Native Method)
	at sun.nio.ch.SocketChannelImpl.finishConnect(SocketChannelImpl.java:717)
	at org.apache.ratis.thirdparty.io.netty.channel.socket.nio.NioSocketChannel.doFinishConnect(NioSocketChannel.java:327)
	at org.apache.ratis.thirdparty.io.netty.channel.nio.AbstractNioChannel$AbstractNioUnsafe.finishConnect(AbstractNioChannel.java:340)
	at org.apache.ratis.thirdparty.io.netty.channel.nio.NioEventLoop.processSelectedKey(NioEventLoop.java:632)
	at org.apache.ratis.thirdparty.io.netty.channel.nio.NioEventLoop.processSelectedKeysOptimized(NioEventLoop.java:579)
	at org.apache.ratis.thirdparty.io.netty.channel.nio.NioEventLoop.processSelectedKeys(NioEventLoop.java:496)
	at org.apache.ratis.thirdparty.io.netty.channel.nio.NioEventLoop.run(NioEventLoop.java:458)
	at org.apache.ratis.thirdparty.io.netty.util.concurrent.SingleThreadEventExecutor$5.run(SingleThreadEventExecutor.java:897)
	at org.apache.ratis.thirdparty.io.netty.util.concurrent.FastThreadLocalRunnable.run(FastThreadLocalRunnable.java:30)
	... 1 more
Caused by: java.net.ConnectException: Connection refused
	... 11 more
2019-10-30 11:53:03,150 [ForkJoinPool.commonPool-worker-0] INFO  segmented.SegmentedRaftLogWorker (SegmentedRaftLogWorker.java:close(224)) - f26e10ed-fb17-49e6-a903-eadc130d13d1@group-99AEE0773025-SegmentedRaftLogWorker close()
2019-10-30 11:53:03,153 [9dbd5372-55c2-4532-b354-9494d3d545d2@group-F367C8FA5986-LeaderElection437] INFO  impl.RaftServerImpl (RaftServerImpl.java:setRole(184)) - 9dbd5372-55c2-4532-b354-9494d3d545d2@group-F367C8FA5986: changes role from CANDIDATE to FOLLOWER at term 228 for DISCOVERED_A_NEW_TERM
2019-10-30 11:53:03,153 [36879b23-b325-4015-ba59-8656331c6f4b@group-6C94BA02685B-StateMachineUpdater] INFO  ratis.ContainerStateMachine (ContainerStateMachine.java:takeSnapshot(294)) - group-6C94BA02685B: Taking a snapshot at:(t:2, i:19) file /workdir/hadoop-ozone/integration-test/target/test-dir/MiniOzoneClusterImpl-aaf233b5-8021-4449-9df2-227d87d78376/datanode-6/data/ratis/c2bfa153-54fb-4653-be57-6c94ba02685b/sm/snapshot.2_19
2019-10-30 11:53:03,152 [main] INFO  impl.StateMachineUpdater (StateMachineUpdater.java:stopAndJoin(136)) - 36879b23-b325-4015-ba59-8656331c6f4b@group-6C94BA02685B-StateMachineUpdater: set stopIndex = 19
2019-10-30 11:53:03,157 [grpc-default-executor-6] INFO  server.GrpcLogAppender (GrpcLogAppender.java:onCompleted(308)) - 36879b23-b325-4015-ba59-8656331c6f4b@group-6C94BA02685B->a12d6b9e-ec23-449e-8b58-135e3e67eb04-AppendLogResponseHandler: follower responses appendEntries COMPLETED
2019-10-30 11:53:03,157 [9dbd5372-55c2-4532-b354-9494d3d545d2@group-F367C8FA5986-LeaderElection437] INFO  impl.RoleInfo (RoleInfo.java:shutdownLeaderElection(134)) - 9dbd5372-55c2-4532-b354-9494d3d545d2: shutdown LeaderElection
2019-10-30 11:53:03,156 [grpc-default-executor-8] INFO  server.GrpcServerProtocolService (GrpcServerProtocolService.java:onCompleted(113)) - 6ed35211-36a6-405a-b1db-549f65da443e: Completed APPEND_ENTRIES, lastRequest: 36879b23-b325-4015-ba59-8656331c6f4b->6ed35211-36a6-405a-b1db-549f65da443e#77-t2, previous=(t:2, i:19), leaderCommit=19, initializing? false, entries: <empty>
2019-10-30 11:53:03,156 [ForkJoinPool.commonPool-worker-0] INFO  impl.RaftServerImpl (RaftServerImpl.java:lambda$shutdown$3(261)) - f26e10ed-fb17-49e6-a903-eadc130d13d1@group-83984122B78E: shutdown
2019-10-30 11:53:03,158 [grpc-default-executor-8] INFO  server.GrpcLogAppender (GrpcLogAppender.java:onCompleted(308)) - 36879b23-b325-4015-ba59-8656331c6f4b@group-6C94BA02685B->6ed35211-36a6-405a-b1db-549f65da443e-AppendLogResponseHandler: follower responses appendEntries COMPLETED
2019-10-30 11:53:03,158 [9dbd5372-55c2-4532-b354-9494d3d545d2@group-F367C8FA5986-LeaderElection437] INFO  impl.RoleInfo (RoleInfo.java:updateAndGet(143)) - 9dbd5372-55c2-4532-b354-9494d3d545d2: start FollowerState
2019-10-30 11:53:03,158 [ForkJoinPool.commonPool-worker-0] INFO  util.JmxRegister (JmxRegister.java:unregister(73)) - Successfully un-registered JMX Bean with object name Ratis:service=RaftServer,group=group-83984122B78E,id=f26e10ed-fb17-49e6-a903-eadc130d13d1
2019-10-30 11:53:03,159 [ForkJoinPool.commonPool-worker-0] INFO  impl.RoleInfo (RoleInfo.java:shutdownLeaderElection(134)) - f26e10ed-fb17-49e6-a903-eadc130d13d1: shutdown LeaderElection
2019-10-30 11:53:03,159 [ForkJoinPool.commonPool-worker-0] INFO  impl.StateMachineUpdater (StateMachineUpdater.java:stopAndJoin(136)) - f26e10ed-fb17-49e6-a903-eadc130d13d1@group-83984122B78E-StateMachineUpdater: set stopIndex = -1
2019-10-30 11:53:03,161 [ForkJoinPool.commonPool-worker-0] INFO  impl.RaftServerImpl (ServerState.java:close(388)) - f26e10ed-fb17-49e6-a903-eadc130d13d1@group-83984122B78E: closes. applyIndex: -1
2019-10-30 11:53:03,161 [grpc-default-executor-8] INFO  impl.FollowerInfo (FollowerInfo.java:lambda$new$0(51)) - 36879b23-b325-4015-ba59-8656331c6f4b@group-6C94BA02685B->6ed35211-36a6-405a-b1db-549f65da443e: nextIndex: updateUnconditionally 20 -> 19
2019-10-30 11:53:03,159 [grpc-default-executor-6] INFO  impl.FollowerInfo (FollowerInfo.java:lambda$new$0(51)) - 36879b23-b325-4015-ba59-8656331c6f4b@group-6C94BA02685B->a12d6b9e-ec23-449e-8b58-135e3e67eb04: nextIndex: updateUnconditionally 20 -> 19
2019-10-30 11:53:03,162 [f26e10ed-fb17-49e6-a903-eadc130d13d1@group-83984122B78E-LeaderElection438] INFO  impl.LeaderElection (LeaderElection.java:askForVotes(178)) - f26e10ed-fb17-49e6-a903-eadc130d13d1@group-83984122B78E-LeaderElection438: begin an election at term 241 for -1: [4f16e274-8663-4a15-9c4c-c81f650ab979:192.168.157.220:38181, 4cc44201-a597-43af-a4ec-5b1b407a6250:192.168.157.220:36685, f26e10ed-fb17-49e6-a903-eadc130d13d1:192.168.157.220:32806], old=null
2019-10-30 11:53:03,162 [f26e10ed-fb17-49e6-a903-eadc130d13d1@group-83984122B78E-SegmentedRaftLogWorker] INFO  segmented.SegmentedRaftLogWorker (SegmentedRaftLogWorker.java:run(316)) - f26e10ed-fb17-49e6-a903-eadc130d13d1@group-83984122B78E-SegmentedRaftLogWorker was interrupted, exiting. There are 0 tasks remaining in the queue.
2019-10-30 11:53:03,162 [ForkJoinPool.commonPool-worker-0] INFO  segmented.SegmentedRaftLogWorker (SegmentedRaftLogWorker.java:close(224)) - f26e10ed-fb17-49e6-a903-eadc130d13d1@group-83984122B78E-SegmentedRaftLogWorker close()
2019-10-30 11:53:03,162 [f26e10ed-fb17-49e6-a903-eadc130d13d1@group-83984122B78E-LeaderElection438] INFO  impl.LeaderElection (LeaderElection.java:run(137)) - f26e10ed-fb17-49e6-a903-eadc130d13d1@group-83984122B78E-LeaderElection438: IllegalArgumentException is safely ignored since this is already CLOSING
java.lang.IllegalArgumentException: f26e10ed-fb17-49e6-a903-eadc130d13d1@group-83984122B78E-SegmentedRaftLog is expected to be opened but it is CLOSED
	at org.apache.ratis.util.OpenCloseState.assertOpen(OpenCloseState.java:63)
	at org.apache.ratis.server.raftlog.RaftLog.checkLogState(RaftLog.java:102)
	at org.apache.ratis.server.raftlog.segmented.SegmentedRaftLog.getLastEntryTermIndex(SegmentedRaftLog.java:345)
	at org.apache.ratis.server.impl.LeaderElection.askForVotes(LeaderElection.java:180)
	at org.apache.ratis.server.impl.LeaderElection.run(LeaderElection.java:133)
	at java.lang.Thread.run(Thread.java:748)
Caused by: org.apache.ratis.util.OpenCloseState$CloseTrace: Close f26e10ed-fb17-49e6-a903-eadc130d13d1@group-83984122B78E-SegmentedRaftLog
	at org.apache.ratis.util.OpenCloseState.lambda$close$1(OpenCloseState.java:109)
	at java.util.concurrent.atomic.AtomicReference.getAndUpdate(AtomicReference.java:160)
	at org.apache.ratis.util.OpenCloseState.close(OpenCloseState.java:109)
	at org.apache.ratis.server.raftlog.RaftLog.close(RaftLog.java:437)
	at org.apache.ratis.server.raftlog.segmented.SegmentedRaftLog.close(SegmentedRaftLog.java:500)
	at org.apache.ratis.server.impl.ServerState.close(ServerState.java:390)
	at org.apache.ratis.server.impl.RaftServerImpl.lambda$shutdown$3(RaftServerImpl.java:283)
	at org.apache.ratis.util.LifeCycle.lambda$checkStateAndClose$2(LifeCycle.java:231)
	at org.apache.ratis.util.LifeCycle.checkStateAndClose(LifeCycle.java:251)
	at org.apache.ratis.util.LifeCycle.checkStateAndClose(LifeCycle.java:229)
	at org.apache.ratis.server.impl.RaftServerImpl.shutdown(RaftServerImpl.java:260)
	at org.apache.ratis.server.impl.RaftServerProxy$ImplMap.lambda$close$0(RaftServerProxy.java:107)
	at java.util.stream.ForEachOps$ForEachOp$OfRef.accept(ForEachOps.java:183)
	at java.util.stream.ReferencePipeline$3$1.accept(ReferencePipeline.java:193)
	at java.util.concurrent.ConcurrentHashMap$ValueSpliterator.forEachRemaining(ConcurrentHashMap.java:3566)
	at java.util.stream.AbstractPipeline.copyInto(AbstractPipeline.java:482)
	at java.util.stream.ForEachOps$ForEachTask.compute(ForEachOps.java:290)
	at java.util.concurrent.CountedCompleter.exec(CountedCompleter.java:731)
	at java.util.concurrent.ForkJoinTask.doExec(ForkJoinTask.java:289)
	at java.util.concurrent.ForkJoinPool.helpComplete(ForkJoinPool.java:1870)
	at java.util.concurrent.ForkJoinPool.awaitJoin(ForkJoinPool.java:2045)
	at java.util.concurrent.ForkJoinTask.doInvoke(ForkJoinTask.java:404)
	at java.util.concurrent.ForkJoinTask.invoke(ForkJoinTask.java:734)
	at java.util.stream.ForEachOps$ForEachOp.evaluateParallel(ForEachOps.java:159)
	at java.util.stream.ForEachOps$ForEachOp$OfRef.evaluateParallel(ForEachOps.java:173)
	at java.util.stream.AbstractPipeline.evaluate(AbstractPipeline.java:233)
	at java.util.stream.ReferencePipeline.forEach(ReferencePipeline.java:485)
	at org.apache.ratis.server.impl.RaftServerProxy$ImplMap.close(RaftServerProxy.java:107)
	at org.apache.ratis.server.impl.RaftServerProxy.lambda$close$4(RaftServerProxy.java:315)
	at org.apache.ratis.util.LifeCycle.lambda$checkStateAndClose$2(LifeCycle.java:231)
	at org.apache.ratis.util.LifeCycle.checkStateAndClose(LifeCycle.java:251)
	at org.apache.ratis.util.LifeCycle.checkStateAndClose(LifeCycle.java:229)
	at org.apache.ratis.server.impl.RaftServerProxy.close(RaftServerProxy.java:313)
	at org.apache.hadoop.ozone.container.common.transport.server.ratis.XceiverServerRatis.stop(XceiverServerRatis.java:448)
	at org.apache.hadoop.ozone.container.ozoneimpl.OzoneContainer.stop(OzoneContainer.java:229)
	at org.apache.hadoop.ozone.container.common.statemachine.DatanodeStateMachine.close(DatanodeStateMachine.java:270)
	at org.apache.hadoop.ozone.container.common.statemachine.DatanodeStateMachine.stopDaemon(DatanodeStateMachine.java:394)
	at org.apache.hadoop.ozone.HddsDatanodeService.stop(HddsDatanodeService.java:457)
	at org.apache.hadoop.ozone.MiniOzoneClusterImpl.stopDatanode(MiniOzoneClusterImpl.java:385)
	at java.util.stream.ForEachOps$ForEachOp$OfRef.accept(ForEachOps.java:183)
	at java.util.ArrayList$ArrayListSpliterator.forEachRemaining(ArrayList.java:1382)
	at java.util.stream.AbstractPipeline.copyInto(AbstractPipeline.java:482)
	at java.util.stream.ForEachOps$ForEachTask.compute(ForEachOps.java:290)
	at java.util.concurrent.CountedCompleter.exec(CountedCompleter.java:731)
	at java.util.concurrent.ForkJoinTask.doExec(ForkJoinTask.java:289)
	at java.util.concurrent.ForkJoinPool$WorkQueue.execLocalTasks(ForkJoinPool.java:1040)
	at java.util.concurrent.ForkJoinPool$WorkQueue.runTask(ForkJoinPool.java:1058)
	at java.util.concurrent.ForkJoinPool.runWorker(ForkJoinPool.java:1692)
	at java.util.concurrent.ForkJoinWorkerThread.run(ForkJoinWorkerThread.java:157)
2019-10-30 11:53:03,184 [ForkJoinPool.commonPool-worker-0] INFO  server.GrpcService (GrpcService.java:closeImpl(164)) - f26e10ed-fb17-49e6-a903-eadc130d13d1: shutdown server with port 32806 now
2019-10-30 11:53:03,186 [ForkJoinPool.commonPool-worker-0] INFO  server.GrpcService (GrpcService.java:closeImpl(172)) - f26e10ed-fb17-49e6-a903-eadc130d13d1: shutdown server with port 32806 successfully
2019-10-30 11:53:03,203 [refreshUsed-/workdir/hadoop-ozone/integration-test/target/test-dir/MiniOzoneClusterImpl-aaf233b5-8021-4449-9df2-227d87d78376/datanode-3/data/containers] WARN  fs.CachingGetSpaceUsed (CachingGetSpaceUsed.java:run(183)) - Thread Interrupted waiting to refresh disk information: sleep interrupted
2019-10-30 11:53:03,205 [36879b23-b325-4015-ba59-8656331c6f4b@group-6C94BA02685B-StateMachineUpdater] INFO  ratis.ContainerStateMachine (ContainerStateMachine.java:takeSnapshot(305)) - group-6C94BA02685B: Finished taking a snapshot at:(t:2, i:19) file:/workdir/hadoop-ozone/integration-test/target/test-dir/MiniOzoneClusterImpl-aaf233b5-8021-4449-9df2-227d87d78376/datanode-6/data/ratis/c2bfa153-54fb-4653-be57-6c94ba02685b/sm/snapshot.2_19 time:52
2019-10-30 11:53:03,239 [36879b23-b325-4015-ba59-8656331c6f4b@group-6C94BA02685B-StateMachineUpdater] INFO  impl.StateMachineUpdater (StateMachineUpdater.java:takeSnapshot(269)) - 36879b23-b325-4015-ba59-8656331c6f4b@group-6C94BA02685B-StateMachineUpdater: Took a snapshot at index 19
2019-10-30 11:53:03,246 [36879b23-b325-4015-ba59-8656331c6f4b@group-6C94BA02685B-StateMachineUpdater] INFO  impl.StateMachineUpdater (StateMachineUpdater.java:lambda$new$0(84)) - 36879b23-b325-4015-ba59-8656331c6f4b@group-6C94BA02685B-StateMachineUpdater: snapshotIndex: updateIncreasingly -1 -> 19
2019-10-30 11:53:03,252 [ForkJoinPool.commonPool-worker-0] INFO  utils.BackgroundService (BackgroundService.java:shutdown(151)) - Shutting down service BlockDeletingService
2019-10-30 11:53:03,257 [main] INFO  impl.RaftServerImpl (ServerState.java:close(388)) - 36879b23-b325-4015-ba59-8656331c6f4b@group-6C94BA02685B: closes. applyIndex: 19
2019-10-30 11:53:03,259 [36879b23-b325-4015-ba59-8656331c6f4b@group-6C94BA02685B-SegmentedRaftLogWorker] INFO  segmented.SegmentedRaftLogWorker (SegmentedRaftLogWorker.java:run(316)) - 36879b23-b325-4015-ba59-8656331c6f4b@group-6C94BA02685B-SegmentedRaftLogWorker was interrupted, exiting. There are 0 tasks remaining in the queue.
2019-10-30 11:53:03,260 [ForkJoinPool.commonPool-worker-0] INFO  statemachine.DatanodeStateMachine (DatanodeStateMachine.java:stopDaemon(395)) - Ozone container server stopped.
2019-10-30 11:53:03,262 [main] INFO  segmented.SegmentedRaftLogWorker (SegmentedRaftLogWorker.java:close(224)) - 36879b23-b325-4015-ba59-8656331c6f4b@group-6C94BA02685B-SegmentedRaftLogWorker close()
2019-10-30 11:53:03,275 [main] INFO  server.GrpcService (GrpcService.java:closeImpl(164)) - 36879b23-b325-4015-ba59-8656331c6f4b: shutdown server with port 36123 now
2019-10-30 11:53:03,277 [ForkJoinPool.commonPool-worker-0] INFO  handler.ContextHandler (ContextHandler.java:doStop(910)) - Stopped o.e.j.w.WebAppContext@4da6d664{/,null,UNAVAILABLE}{/hddsDatanode}
2019-10-30 11:53:03,278 [ForkJoinPool.commonPool-worker-0] INFO  server.AbstractConnector (AbstractConnector.java:doStop(318)) - Stopped ServerConnector@5e5af8e1{HTTP/1.1,[http/1.1]}{0.0.0.0:0}
2019-10-30 11:53:03,278 [main] INFO  server.GrpcService (GrpcService.java:closeImpl(172)) - 36879b23-b325-4015-ba59-8656331c6f4b: shutdown server with port 36123 successfully
2019-10-30 11:53:03,280 [ForkJoinPool.commonPool-worker-0] INFO  handler.ContextHandler (ContextHandler.java:doStop(910)) - Stopped o.e.j.s.ServletContextHandler@68d7a2df{/static,jar:file:/home/user/.m2/repository/org/apache/hadoop/hadoop-hdds-container-service/0.5.0-SNAPSHOT/hadoop-hdds-container-service-0.5.0-SNAPSHOT.jar!/webapps/static,UNAVAILABLE}
2019-10-30 11:53:03,282 [ForkJoinPool.commonPool-worker-0] INFO  handler.ContextHandler (ContextHandler.java:doStop(910)) - Stopped o.e.j.s.ServletContextHandler@4b200971{/logs,file:///workdir/hadoop-ozone/integration-test/target/log,UNAVAILABLE}
2019-10-30 11:53:03,284 [refreshUsed-/workdir/hadoop-ozone/integration-test/target/test-dir/MiniOzoneClusterImpl-aaf233b5-8021-4449-9df2-227d87d78376/datanode-6/data/containers] WARN  fs.CachingGetSpaceUsed (CachingGetSpaceUsed.java:run(183)) - Thread Interrupted waiting to refresh disk information: sleep interrupted
2019-10-30 11:53:03,303 [main] INFO  utils.BackgroundService (BackgroundService.java:shutdown(151)) - Shutting down service BlockDeletingService
2019-10-30 11:53:03,311 [main] INFO  statemachine.DatanodeStateMachine (DatanodeStateMachine.java:stopDaemon(395)) - Ozone container server stopped.
2019-10-30 11:53:03,312 [main] INFO  handler.ContextHandler (ContextHandler.java:doStop(910)) - Stopped o.e.j.w.WebAppContext@2630dbc4{/,null,UNAVAILABLE}{/hddsDatanode}
2019-10-30 11:53:03,313 [main] INFO  server.AbstractConnector (AbstractConnector.java:doStop(318)) - Stopped ServerConnector@5ea4300e{HTTP/1.1,[http/1.1]}{0.0.0.0:0}
2019-10-30 11:53:03,313 [main] INFO  handler.ContextHandler (ContextHandler.java:doStop(910)) - Stopped o.e.j.s.ServletContextHandler@68b9834c{/static,jar:file:/home/user/.m2/repository/org/apache/hadoop/hadoop-hdds-container-service/0.5.0-SNAPSHOT/hadoop-hdds-container-service-0.5.0-SNAPSHOT.jar!/webapps/static,UNAVAILABLE}
2019-10-30 11:53:03,314 [main] INFO  handler.ContextHandler (ContextHandler.java:doStop(910)) - Stopped o.e.j.s.ServletContextHandler@17fa1336{/logs,file:///workdir/hadoop-ozone/integration-test/target/log,UNAVAILABLE}
2019-10-30 11:53:03,319 [Thread-3277] INFO  impl.FollowerState (FollowerState.java:run(108)) - 9dbd5372-55c2-4532-b354-9494d3d545d2@group-F367C8FA5986-FollowerState: change to CANDIDATE, lastRpcTime:160ms, electionTimeout:157ms
2019-10-30 11:53:03,319 [Thread-3277] INFO  impl.RoleInfo (RoleInfo.java:shutdownFollowerState(121)) - 9dbd5372-55c2-4532-b354-9494d3d545d2: shutdown FollowerState
2019-10-30 11:53:03,319 [Thread-3277] INFO  impl.RaftServerImpl (RaftServerImpl.java:setRole(184)) - 9dbd5372-55c2-4532-b354-9494d3d545d2@group-F367C8FA5986: changes role from  FOLLOWER to CANDIDATE at term 228 for changeToCandidate
2019-10-30 11:53:03,319 [Thread-3277] INFO  impl.RoleInfo (RoleInfo.java:updateAndGet(143)) - 9dbd5372-55c2-4532-b354-9494d3d545d2: start LeaderElection
2019-10-30 11:53:03,351 [9dbd5372-55c2-4532-b354-9494d3d545d2@group-F367C8FA5986-LeaderElection439] INFO  impl.LeaderElection (LeaderElection.java:askForVotes(178)) - 9dbd5372-55c2-4532-b354-9494d3d545d2@group-F367C8FA5986-LeaderElection439: begin an election at term 229 for -1: [9b3ef6c9-0245-4756-bf80-45d41f7a4453:192.168.157.220:37058, cd11b2f5-3187-4d03-bd60-931991550c17:192.168.157.220:43236, 9dbd5372-55c2-4532-b354-9494d3d545d2:192.168.157.220:42993], old=null
2019-10-30 11:53:03,353 [grpc-default-executor-6] INFO  impl.RaftServerImpl (RaftServerImpl.java:setRole(184)) - 9b3ef6c9-0245-4756-bf80-45d41f7a4453@group-F367C8FA5986: changes role from  FOLLOWER to FOLLOWER at term 229 for recognizeCandidate:9dbd5372-55c2-4532-b354-9494d3d545d2
2019-10-30 11:53:03,353 [grpc-default-executor-6] INFO  impl.RoleInfo (RoleInfo.java:shutdownFollowerState(121)) - 9b3ef6c9-0245-4756-bf80-45d41f7a4453: shutdown FollowerState
2019-10-30 11:53:03,353 [grpc-default-executor-6] INFO  impl.RoleInfo (RoleInfo.java:updateAndGet(143)) - 9b3ef6c9-0245-4756-bf80-45d41f7a4453: start FollowerState
2019-10-30 11:53:03,353 [Thread-3275] INFO  impl.FollowerState (FollowerState.java:run(117)) - 9b3ef6c9-0245-4756-bf80-45d41f7a4453@group-F367C8FA5986-FollowerState was interrupted: java.lang.InterruptedException: sleep interrupted
2019-10-30 11:53:03,354 [9dbd5372-55c2-4532-b354-9494d3d545d2@group-F367C8FA5986-LeaderElection439] INFO  impl.LeaderElection (LogUtils.java:infoOrTrace(149)) - 9dbd5372-55c2-4532-b354-9494d3d545d2@group-F367C8FA5986-LeaderElection439 got exception when requesting votes: {}
java.util.concurrent.ExecutionException: org.apache.ratis.thirdparty.io.grpc.StatusRuntimeException: UNAVAILABLE: io exception
	at java.util.concurrent.FutureTask.report(FutureTask.java:122)
	at java.util.concurrent.FutureTask.get(FutureTask.java:192)
	at org.apache.ratis.server.impl.LeaderElection.waitForResults(LeaderElection.java:259)
	at org.apache.ratis.server.impl.LeaderElection.askForVotes(LeaderElection.java:197)
	at org.apache.ratis.server.impl.LeaderElection.run(LeaderElection.java:133)
	at java.lang.Thread.run(Thread.java:748)
Caused by: org.apache.ratis.thirdparty.io.grpc.StatusRuntimeException: UNAVAILABLE: io exception
	at org.apache.ratis.thirdparty.io.grpc.stub.ClientCalls.toStatusRuntimeException(ClientCalls.java:233)
	at org.apache.ratis.thirdparty.io.grpc.stub.ClientCalls.getUnchecked(ClientCalls.java:214)
	at org.apache.ratis.thirdparty.io.grpc.stub.ClientCalls.blockingUnaryCall(ClientCalls.java:139)
	at org.apache.ratis.proto.grpc.RaftServerProtocolServiceGrpc$RaftServerProtocolServiceBlockingStub.requestVote(RaftServerProtocolServiceGrpc.java:265)
	at org.apache.ratis.grpc.server.GrpcServerProtocolClient.requestVote(GrpcServerProtocolClient.java:99)
	at org.apache.ratis.grpc.server.GrpcService.requestVote(GrpcService.java:204)
	at org.apache.ratis.server.impl.LeaderElection.lambda$submitRequests$1(LeaderElection.java:234)
	at java.util.concurrent.FutureTask.run(FutureTask.java:266)
	at java.util.concurrent.Executors$RunnableAdapter.call(Executors.java:511)
	at java.util.concurrent.FutureTask.run(FutureTask.java:266)
	at java.util.concurrent.ThreadPoolExecutor.runWorker(ThreadPoolExecutor.java:1149)
	at java.util.concurrent.ThreadPoolExecutor$Worker.run(ThreadPoolExecutor.java:624)
	... 1 more
Caused by: org.apache.ratis.thirdparty.io.netty.channel.AbstractChannel$AnnotatedConnectException: Connection refused: /192.168.157.220:43236
	at sun.nio.ch.SocketChannelImpl.checkConnect(Native Method)
	at sun.nio.ch.SocketChannelImpl.finishConnect(SocketChannelImpl.java:717)
	at org.apache.ratis.thirdparty.io.netty.channel.socket.nio.NioSocketChannel.doFinishConnect(NioSocketChannel.java:327)
	at org.apache.ratis.thirdparty.io.netty.channel.nio.AbstractNioChannel$AbstractNioUnsafe.finishConnect(AbstractNioChannel.java:340)
	at org.apache.ratis.thirdparty.io.netty.channel.nio.NioEventLoop.processSelectedKey(NioEventLoop.java:632)
	at org.apache.ratis.thirdparty.io.netty.channel.nio.NioEventLoop.processSelectedKeysOptimized(NioEventLoop.java:579)
	at org.apache.ratis.thirdparty.io.netty.channel.nio.NioEventLoop.processSelectedKeys(NioEventLoop.java:496)
	at org.apache.ratis.thirdparty.io.netty.channel.nio.NioEventLoop.run(NioEventLoop.java:458)
	at org.apache.ratis.thirdparty.io.netty.util.concurrent.SingleThreadEventExecutor$5.run(SingleThreadEventExecutor.java:897)
	at org.apache.ratis.thirdparty.io.netty.util.concurrent.FastThreadLocalRunnable.run(FastThreadLocalRunnable.java:30)
	... 1 more
Caused by: java.net.ConnectException: Connection refused
	... 11 more
2019-10-30 11:53:03,366 [9dbd5372-55c2-4532-b354-9494d3d545d2@group-F367C8FA5986-LeaderElection439] INFO  impl.LeaderElection (LeaderElection.java:logAndReturn(56)) - 9dbd5372-55c2-4532-b354-9494d3d545d2@group-F367C8FA5986-LeaderElection439: Election REJECTED; received 1 response(s) [9dbd5372-55c2-4532-b354-9494d3d545d2<-9b3ef6c9-0245-4756-bf80-45d41f7a4453#0:FAIL-t229] and 1 exception(s); 9dbd5372-55c2-4532-b354-9494d3d545d2@group-F367C8FA5986:t229, leader=null, voted=9dbd5372-55c2-4532-b354-9494d3d545d2, raftlog=9dbd5372-55c2-4532-b354-9494d3d545d2@group-F367C8FA5986-SegmentedRaftLog:OPENED:c-1,f-1,i0, conf=-1: [9b3ef6c9-0245-4756-bf80-45d41f7a4453:192.168.157.220:37058, cd11b2f5-3187-4d03-bd60-931991550c17:192.168.157.220:43236, 9dbd5372-55c2-4532-b354-9494d3d545d2:192.168.157.220:42993], old=null
2019-10-30 11:53:03,366 [9dbd5372-55c2-4532-b354-9494d3d545d2@group-F367C8FA5986-LeaderElection439] INFO  impl.LeaderElection (LogUtils.java:infoOrTrace(149)) -   Exception 0: {}
java.util.concurrent.ExecutionException: org.apache.ratis.thirdparty.io.grpc.StatusRuntimeException: UNAVAILABLE: io exception
	at java.util.concurrent.FutureTask.report(FutureTask.java:122)
	at java.util.concurrent.FutureTask.get(FutureTask.java:192)
	at org.apache.ratis.server.impl.LeaderElection.waitForResults(LeaderElection.java:259)
	at org.apache.ratis.server.impl.LeaderElection.askForVotes(LeaderElection.java:197)
	at org.apache.ratis.server.impl.LeaderElection.run(LeaderElection.java:133)
	at java.lang.Thread.run(Thread.java:748)
Caused by: org.apache.ratis.thirdparty.io.grpc.StatusRuntimeException: UNAVAILABLE: io exception
	at org.apache.ratis.thirdparty.io.grpc.stub.ClientCalls.toStatusRuntimeException(ClientCalls.java:233)
	at org.apache.ratis.thirdparty.io.grpc.stub.ClientCalls.getUnchecked(ClientCalls.java:214)
	at org.apache.ratis.thirdparty.io.grpc.stub.ClientCalls.blockingUnaryCall(ClientCalls.java:139)
	at org.apache.ratis.proto.grpc.RaftServerProtocolServiceGrpc$RaftServerProtocolServiceBlockingStub.requestVote(RaftServerProtocolServiceGrpc.java:265)
	at org.apache.ratis.grpc.server.GrpcServerProtocolClient.requestVote(GrpcServerProtocolClient.java:99)
	at org.apache.ratis.grpc.server.GrpcService.requestVote(GrpcService.java:204)
	at org.apache.ratis.server.impl.LeaderElection.lambda$submitRequests$1(LeaderElection.java:234)
	at java.util.concurrent.FutureTask.run(FutureTask.java:266)
	at java.util.concurrent.Executors$RunnableAdapter.call(Executors.java:511)
	at java.util.concurrent.FutureTask.run(FutureTask.java:266)
	at java.util.concurrent.ThreadPoolExecutor.runWorker(ThreadPoolExecutor.java:1149)
	at java.util.concurrent.ThreadPoolExecutor$Worker.run(ThreadPoolExecutor.java:624)
	... 1 more
Caused by: org.apache.ratis.thirdparty.io.netty.channel.AbstractChannel$AnnotatedConnectException: Connection refused: /192.168.157.220:43236
	at sun.nio.ch.SocketChannelImpl.checkConnect(Native Method)
	at sun.nio.ch.SocketChannelImpl.finishConnect(SocketChannelImpl.java:717)
	at org.apache.ratis.thirdparty.io.netty.channel.socket.nio.NioSocketChannel.doFinishConnect(NioSocketChannel.java:327)
	at org.apache.ratis.thirdparty.io.netty.channel.nio.AbstractNioChannel$AbstractNioUnsafe.finishConnect(AbstractNioChannel.java:340)
	at org.apache.ratis.thirdparty.io.netty.channel.nio.NioEventLoop.processSelectedKey(NioEventLoop.java:632)
	at org.apache.ratis.thirdparty.io.netty.channel.nio.NioEventLoop.processSelectedKeysOptimized(NioEventLoop.java:579)
	at org.apache.ratis.thirdparty.io.netty.channel.nio.NioEventLoop.processSelectedKeys(NioEventLoop.java:496)
	at org.apache.ratis.thirdparty.io.netty.channel.nio.NioEventLoop.run(NioEventLoop.java:458)
	at org.apache.ratis.thirdparty.io.netty.util.concurrent.SingleThreadEventExecutor$5.run(SingleThreadEventExecutor.java:897)
	at org.apache.ratis.thirdparty.io.netty.util.concurrent.FastThreadLocalRunnable.run(FastThreadLocalRunnable.java:30)
	... 1 more
Caused by: java.net.ConnectException: Connection refused
	... 11 more
2019-10-30 11:53:03,366 [9dbd5372-55c2-4532-b354-9494d3d545d2@group-F367C8FA5986-LeaderElection439] INFO  impl.RaftServerImpl (RaftServerImpl.java:setRole(184)) - 9dbd5372-55c2-4532-b354-9494d3d545d2@group-F367C8FA5986: changes role from CANDIDATE to FOLLOWER at term 229 for DISCOVERED_A_NEW_TERM
2019-10-30 11:53:03,366 [9dbd5372-55c2-4532-b354-9494d3d545d2@group-F367C8FA5986-LeaderElection439] INFO  impl.RoleInfo (RoleInfo.java:shutdownLeaderElection(134)) - 9dbd5372-55c2-4532-b354-9494d3d545d2: shutdown LeaderElection
2019-10-30 11:53:03,366 [9dbd5372-55c2-4532-b354-9494d3d545d2@group-F367C8FA5986-LeaderElection439] INFO  impl.RoleInfo (RoleInfo.java:updateAndGet(143)) - 9dbd5372-55c2-4532-b354-9494d3d545d2: start FollowerState
2019-10-30 11:53:03,478 [Thread-3282] INFO  impl.FollowerState (FollowerState.java:run(108)) - 9dbd5372-55c2-4532-b354-9494d3d545d2@group-F367C8FA5986-FollowerState: change to CANDIDATE, lastRpcTime:111ms, electionTimeout:111ms
2019-10-30 11:53:03,478 [Thread-3282] INFO  impl.RoleInfo (RoleInfo.java:shutdownFollowerState(121)) - 9dbd5372-55c2-4532-b354-9494d3d545d2: shutdown FollowerState
2019-10-30 11:53:03,478 [Thread-3282] INFO  impl.RaftServerImpl (RaftServerImpl.java:setRole(184)) - 9dbd5372-55c2-4532-b354-9494d3d545d2@group-F367C8FA5986: changes role from  FOLLOWER to CANDIDATE at term 229 for changeToCandidate
2019-10-30 11:53:03,478 [Thread-3282] INFO  impl.RoleInfo (RoleInfo.java:updateAndGet(143)) - 9dbd5372-55c2-4532-b354-9494d3d545d2: start LeaderElection
2019-10-30 11:53:03,513 [9dbd5372-55c2-4532-b354-9494d3d545d2@group-F367C8FA5986-LeaderElection440] INFO  impl.LeaderElection (LeaderElection.java:askForVotes(178)) - 9dbd5372-55c2-4532-b354-9494d3d545d2@group-F367C8FA5986-LeaderElection440: begin an election at term 230 for -1: [9b3ef6c9-0245-4756-bf80-45d41f7a4453:192.168.157.220:37058, cd11b2f5-3187-4d03-bd60-931991550c17:192.168.157.220:43236, 9dbd5372-55c2-4532-b354-9494d3d545d2:192.168.157.220:42993], old=null
2019-10-30 11:53:03,520 [grpc-default-executor-6] INFO  impl.RaftServerImpl (RaftServerImpl.java:setRole(184)) - 9b3ef6c9-0245-4756-bf80-45d41f7a4453@group-F367C8FA5986: changes role from  FOLLOWER to FOLLOWER at term 230 for recognizeCandidate:9dbd5372-55c2-4532-b354-9494d3d545d2
2019-10-30 11:53:03,521 [grpc-default-executor-6] INFO  impl.RoleInfo (RoleInfo.java:shutdownFollowerState(121)) - 9b3ef6c9-0245-4756-bf80-45d41f7a4453: shutdown FollowerState
2019-10-30 11:53:03,521 [grpc-default-executor-6] INFO  impl.RoleInfo (RoleInfo.java:updateAndGet(143)) - 9b3ef6c9-0245-4756-bf80-45d41f7a4453: start FollowerState
2019-10-30 11:53:03,521 [Thread-3281] INFO  impl.FollowerState (FollowerState.java:run(117)) - 9b3ef6c9-0245-4756-bf80-45d41f7a4453@group-F367C8FA5986-FollowerState was interrupted: java.lang.InterruptedException: sleep interrupted
2019-10-30 11:53:03,522 [9dbd5372-55c2-4532-b354-9494d3d545d2@group-F367C8FA5986-LeaderElection440] INFO  impl.LeaderElection (LogUtils.java:infoOrTrace(149)) - 9dbd5372-55c2-4532-b354-9494d3d545d2@group-F367C8FA5986-LeaderElection440 got exception when requesting votes: {}
java.util.concurrent.ExecutionException: org.apache.ratis.thirdparty.io.grpc.StatusRuntimeException: UNAVAILABLE: io exception
	at java.util.concurrent.FutureTask.report(FutureTask.java:122)
	at java.util.concurrent.FutureTask.get(FutureTask.java:192)
	at org.apache.ratis.server.impl.LeaderElection.waitForResults(LeaderElection.java:259)
	at org.apache.ratis.server.impl.LeaderElection.askForVotes(LeaderElection.java:197)
	at org.apache.ratis.server.impl.LeaderElection.run(LeaderElection.java:133)
	at java.lang.Thread.run(Thread.java:748)
Caused by: org.apache.ratis.thirdparty.io.grpc.StatusRuntimeException: UNAVAILABLE: io exception
	at org.apache.ratis.thirdparty.io.grpc.stub.ClientCalls.toStatusRuntimeException(ClientCalls.java:233)
	at org.apache.ratis.thirdparty.io.grpc.stub.ClientCalls.getUnchecked(ClientCalls.java:214)
	at org.apache.ratis.thirdparty.io.grpc.stub.ClientCalls.blockingUnaryCall(ClientCalls.java:139)
	at org.apache.ratis.proto.grpc.RaftServerProtocolServiceGrpc$RaftServerProtocolServiceBlockingStub.requestVote(RaftServerProtocolServiceGrpc.java:265)
	at org.apache.ratis.grpc.server.GrpcServerProtocolClient.requestVote(GrpcServerProtocolClient.java:99)
	at org.apache.ratis.grpc.server.GrpcService.requestVote(GrpcService.java:204)
	at org.apache.ratis.server.impl.LeaderElection.lambda$submitRequests$1(LeaderElection.java:234)
	at java.util.concurrent.FutureTask.run(FutureTask.java:266)
	at java.util.concurrent.Executors$RunnableAdapter.call(Executors.java:511)
	at java.util.concurrent.FutureTask.run(FutureTask.java:266)
	at java.util.concurrent.ThreadPoolExecutor.runWorker(ThreadPoolExecutor.java:1149)
	at java.util.concurrent.ThreadPoolExecutor$Worker.run(ThreadPoolExecutor.java:624)
	... 1 more
Caused by: org.apache.ratis.thirdparty.io.netty.channel.AbstractChannel$AnnotatedConnectException: Connection refused: /192.168.157.220:43236
	at sun.nio.ch.SocketChannelImpl.checkConnect(Native Method)
	at sun.nio.ch.SocketChannelImpl.finishConnect(SocketChannelImpl.java:717)
	at org.apache.ratis.thirdparty.io.netty.channel.socket.nio.NioSocketChannel.doFinishConnect(NioSocketChannel.java:327)
	at org.apache.ratis.thirdparty.io.netty.channel.nio.AbstractNioChannel$AbstractNioUnsafe.finishConnect(AbstractNioChannel.java:340)
	at org.apache.ratis.thirdparty.io.netty.channel.nio.NioEventLoop.processSelectedKey(NioEventLoop.java:632)
	at org.apache.ratis.thirdparty.io.netty.channel.nio.NioEventLoop.processSelectedKeysOptimized(NioEventLoop.java:579)
	at org.apache.ratis.thirdparty.io.netty.channel.nio.NioEventLoop.processSelectedKeys(NioEventLoop.java:496)
	at org.apache.ratis.thirdparty.io.netty.channel.nio.NioEventLoop.run(NioEventLoop.java:458)
	at org.apache.ratis.thirdparty.io.netty.util.concurrent.SingleThreadEventExecutor$5.run(SingleThreadEventExecutor.java:897)
	at org.apache.ratis.thirdparty.io.netty.util.concurrent.FastThreadLocalRunnable.run(FastThreadLocalRunnable.java:30)
	... 1 more
Caused by: java.net.ConnectException: Connection refused
	... 11 more
2019-10-30 11:53:03,535 [9dbd5372-55c2-4532-b354-9494d3d545d2@group-F367C8FA5986-LeaderElection440] INFO  impl.LeaderElection (LeaderElection.java:logAndReturn(56)) - 9dbd5372-55c2-4532-b354-9494d3d545d2@group-F367C8FA5986-LeaderElection440: Election REJECTED; received 1 response(s) [9dbd5372-55c2-4532-b354-9494d3d545d2<-9b3ef6c9-0245-4756-bf80-45d41f7a4453#0:FAIL-t230] and 1 exception(s); 9dbd5372-55c2-4532-b354-9494d3d545d2@group-F367C8FA5986:t230, leader=null, voted=9dbd5372-55c2-4532-b354-9494d3d545d2, raftlog=9dbd5372-55c2-4532-b354-9494d3d545d2@group-F367C8FA5986-SegmentedRaftLog:OPENED:c-1,f-1,i0, conf=-1: [9b3ef6c9-0245-4756-bf80-45d41f7a4453:192.168.157.220:37058, cd11b2f5-3187-4d03-bd60-931991550c17:192.168.157.220:43236, 9dbd5372-55c2-4532-b354-9494d3d545d2:192.168.157.220:42993], old=null
2019-10-30 11:53:03,535 [9dbd5372-55c2-4532-b354-9494d3d545d2@group-F367C8FA5986-LeaderElection440] INFO  impl.LeaderElection (LogUtils.java:infoOrTrace(149)) -   Exception 0: {}
java.util.concurrent.ExecutionException: org.apache.ratis.thirdparty.io.grpc.StatusRuntimeException: UNAVAILABLE: io exception
	at java.util.concurrent.FutureTask.report(FutureTask.java:122)
	at java.util.concurrent.FutureTask.get(FutureTask.java:192)
	at org.apache.ratis.server.impl.LeaderElection.waitForResults(LeaderElection.java:259)
	at org.apache.ratis.server.impl.LeaderElection.askForVotes(LeaderElection.java:197)
	at org.apache.ratis.server.impl.LeaderElection.run(LeaderElection.java:133)
	at java.lang.Thread.run(Thread.java:748)
Caused by: org.apache.ratis.thirdparty.io.grpc.StatusRuntimeException: UNAVAILABLE: io exception
	at org.apache.ratis.thirdparty.io.grpc.stub.ClientCalls.toStatusRuntimeException(ClientCalls.java:233)
	at org.apache.ratis.thirdparty.io.grpc.stub.ClientCalls.getUnchecked(ClientCalls.java:214)
	at org.apache.ratis.thirdparty.io.grpc.stub.ClientCalls.blockingUnaryCall(ClientCalls.java:139)
	at org.apache.ratis.proto.grpc.RaftServerProtocolServiceGrpc$RaftServerProtocolServiceBlockingStub.requestVote(RaftServerProtocolServiceGrpc.java:265)
	at org.apache.ratis.grpc.server.GrpcServerProtocolClient.requestVote(GrpcServerProtocolClient.java:99)
	at org.apache.ratis.grpc.server.GrpcService.requestVote(GrpcService.java:204)
	at org.apache.ratis.server.impl.LeaderElection.lambda$submitRequests$1(LeaderElection.java:234)
	at java.util.concurrent.FutureTask.run(FutureTask.java:266)
	at java.util.concurrent.Executors$RunnableAdapter.call(Executors.java:511)
	at java.util.concurrent.FutureTask.run(FutureTask.java:266)
	at java.util.concurrent.ThreadPoolExecutor.runWorker(ThreadPoolExecutor.java:1149)
	at java.util.concurrent.ThreadPoolExecutor$Worker.run(ThreadPoolExecutor.java:624)
	... 1 more
Caused by: org.apache.ratis.thirdparty.io.netty.channel.AbstractChannel$AnnotatedConnectException: Connection refused: /192.168.157.220:43236
	at sun.nio.ch.SocketChannelImpl.checkConnect(Native Method)
	at sun.nio.ch.SocketChannelImpl.finishConnect(SocketChannelImpl.java:717)
	at org.apache.ratis.thirdparty.io.netty.channel.socket.nio.NioSocketChannel.doFinishConnect(NioSocketChannel.java:327)
	at org.apache.ratis.thirdparty.io.netty.channel.nio.AbstractNioChannel$AbstractNioUnsafe.finishConnect(AbstractNioChannel.java:340)
	at org.apache.ratis.thirdparty.io.netty.channel.nio.NioEventLoop.processSelectedKey(NioEventLoop.java:632)
	at org.apache.ratis.thirdparty.io.netty.channel.nio.NioEventLoop.processSelectedKeysOptimized(NioEventLoop.java:579)
	at org.apache.ratis.thirdparty.io.netty.channel.nio.NioEventLoop.processSelectedKeys(NioEventLoop.java:496)
	at org.apache.ratis.thirdparty.io.netty.channel.nio.NioEventLoop.run(NioEventLoop.java:458)
	at org.apache.ratis.thirdparty.io.netty.util.concurrent.SingleThreadEventExecutor$5.run(SingleThreadEventExecutor.java:897)
	at org.apache.ratis.thirdparty.io.netty.util.concurrent.FastThreadLocalRunnable.run(FastThreadLocalRunnable.java:30)
	... 1 more
Caused by: java.net.ConnectException: Connection refused
	... 11 more
2019-10-30 11:53:03,535 [9dbd5372-55c2-4532-b354-9494d3d545d2@group-F367C8FA5986-LeaderElection440] INFO  impl.RaftServerImpl (RaftServerImpl.java:setRole(184)) - 9dbd5372-55c2-4532-b354-9494d3d545d2@group-F367C8FA5986: changes role from CANDIDATE to FOLLOWER at term 230 for DISCOVERED_A_NEW_TERM
2019-10-30 11:53:03,535 [9dbd5372-55c2-4532-b354-9494d3d545d2@group-F367C8FA5986-LeaderElection440] INFO  impl.RoleInfo (RoleInfo.java:shutdownLeaderElection(134)) - 9dbd5372-55c2-4532-b354-9494d3d545d2: shutdown LeaderElection
2019-10-30 11:53:03,535 [9dbd5372-55c2-4532-b354-9494d3d545d2@group-F367C8FA5986-LeaderElection440] INFO  impl.RoleInfo (RoleInfo.java:updateAndGet(143)) - 9dbd5372-55c2-4532-b354-9494d3d545d2: start FollowerState
2019-10-30 11:53:03,611 [Thread-3287] INFO  impl.FollowerState (FollowerState.java:run(108)) - 9dbd5372-55c2-4532-b354-9494d3d545d2@group-F367C8FA5986-FollowerState: change to CANDIDATE, lastRpcTime:75ms, electionTimeout:72ms
2019-10-30 11:53:03,611 [Thread-3287] INFO  impl.RoleInfo (RoleInfo.java:shutdownFollowerState(121)) - 9dbd5372-55c2-4532-b354-9494d3d545d2: shutdown FollowerState
2019-10-30 11:53:03,611 [Thread-3287] INFO  impl.RaftServerImpl (RaftServerImpl.java:setRole(184)) - 9dbd5372-55c2-4532-b354-9494d3d545d2@group-F367C8FA5986: changes role from  FOLLOWER to CANDIDATE at term 230 for changeToCandidate
2019-10-30 11:53:03,612 [Thread-3287] INFO  impl.RoleInfo (RoleInfo.java:updateAndGet(143)) - 9dbd5372-55c2-4532-b354-9494d3d545d2: start LeaderElection
2019-10-30 11:53:03,619 [9dbd5372-55c2-4532-b354-9494d3d545d2@group-F367C8FA5986-LeaderElection441] INFO  impl.LeaderElection (LeaderElection.java:askForVotes(178)) - 9dbd5372-55c2-4532-b354-9494d3d545d2@group-F367C8FA5986-LeaderElection441: begin an election at term 231 for -1: [9b3ef6c9-0245-4756-bf80-45d41f7a4453:192.168.157.220:37058, cd11b2f5-3187-4d03-bd60-931991550c17:192.168.157.220:43236, 9dbd5372-55c2-4532-b354-9494d3d545d2:192.168.157.220:42993], old=null
2019-10-30 11:53:03,623 [9dbd5372-55c2-4532-b354-9494d3d545d2@group-F367C8FA5986-LeaderElection441] INFO  impl.LeaderElection (LogUtils.java:infoOrTrace(149)) - 9dbd5372-55c2-4532-b354-9494d3d545d2@group-F367C8FA5986-LeaderElection441 got exception when requesting votes: {}
java.util.concurrent.ExecutionException: org.apache.ratis.thirdparty.io.grpc.StatusRuntimeException: UNAVAILABLE: io exception
	at java.util.concurrent.FutureTask.report(FutureTask.java:122)
	at java.util.concurrent.FutureTask.get(FutureTask.java:192)
	at org.apache.ratis.server.impl.LeaderElection.waitForResults(LeaderElection.java:259)
	at org.apache.ratis.server.impl.LeaderElection.askForVotes(LeaderElection.java:197)
	at org.apache.ratis.server.impl.LeaderElection.run(LeaderElection.java:133)
	at java.lang.Thread.run(Thread.java:748)
Caused by: org.apache.ratis.thirdparty.io.grpc.StatusRuntimeException: UNAVAILABLE: io exception
	at org.apache.ratis.thirdparty.io.grpc.stub.ClientCalls.toStatusRuntimeException(ClientCalls.java:233)
	at org.apache.ratis.thirdparty.io.grpc.stub.ClientCalls.getUnchecked(ClientCalls.java:214)
	at org.apache.ratis.thirdparty.io.grpc.stub.ClientCalls.blockingUnaryCall(ClientCalls.java:139)
	at org.apache.ratis.proto.grpc.RaftServerProtocolServiceGrpc$RaftServerProtocolServiceBlockingStub.requestVote(RaftServerProtocolServiceGrpc.java:265)
	at org.apache.ratis.grpc.server.GrpcServerProtocolClient.requestVote(GrpcServerProtocolClient.java:99)
	at org.apache.ratis.grpc.server.GrpcService.requestVote(GrpcService.java:204)
	at org.apache.ratis.server.impl.LeaderElection.lambda$submitRequests$1(LeaderElection.java:234)
	at java.util.concurrent.FutureTask.run(FutureTask.java:266)
	at java.util.concurrent.Executors$RunnableAdapter.call(Executors.java:511)
	at java.util.concurrent.FutureTask.run(FutureTask.java:266)
	at java.util.concurrent.ThreadPoolExecutor.runWorker(ThreadPoolExecutor.java:1149)
	at java.util.concurrent.ThreadPoolExecutor$Worker.run(ThreadPoolExecutor.java:624)
	... 1 more
Caused by: org.apache.ratis.thirdparty.io.netty.channel.AbstractChannel$AnnotatedConnectException: Connection refused: /192.168.157.220:43236
	at sun.nio.ch.SocketChannelImpl.checkConnect(Native Method)
	at sun.nio.ch.SocketChannelImpl.finishConnect(SocketChannelImpl.java:717)
	at org.apache.ratis.thirdparty.io.netty.channel.socket.nio.NioSocketChannel.doFinishConnect(NioSocketChannel.java:327)
	at org.apache.ratis.thirdparty.io.netty.channel.nio.AbstractNioChannel$AbstractNioUnsafe.finishConnect(AbstractNioChannel.java:340)
	at org.apache.ratis.thirdparty.io.netty.channel.nio.NioEventLoop.processSelectedKey(NioEventLoop.java:632)
	at org.apache.ratis.thirdparty.io.netty.channel.nio.NioEventLoop.processSelectedKeysOptimized(NioEventLoop.java:579)
	at org.apache.ratis.thirdparty.io.netty.channel.nio.NioEventLoop.processSelectedKeys(NioEventLoop.java:496)
	at org.apache.ratis.thirdparty.io.netty.channel.nio.NioEventLoop.run(NioEventLoop.java:458)
	at org.apache.ratis.thirdparty.io.netty.util.concurrent.SingleThreadEventExecutor$5.run(SingleThreadEventExecutor.java:897)
	at org.apache.ratis.thirdparty.io.netty.util.concurrent.FastThreadLocalRunnable.run(FastThreadLocalRunnable.java:30)
	... 1 more
Caused by: java.net.ConnectException: Connection refused
	... 11 more
2019-10-30 11:53:03,624 [grpc-default-executor-6] INFO  impl.RaftServerImpl (RaftServerImpl.java:setRole(184)) - 9b3ef6c9-0245-4756-bf80-45d41f7a4453@group-F367C8FA5986: changes role from  FOLLOWER to FOLLOWER at term 231 for recognizeCandidate:9dbd5372-55c2-4532-b354-9494d3d545d2
2019-10-30 11:53:03,625 [grpc-default-executor-6] INFO  impl.RoleInfo (RoleInfo.java:shutdownFollowerState(121)) - 9b3ef6c9-0245-4756-bf80-45d41f7a4453: shutdown FollowerState
2019-10-30 11:53:03,625 [grpc-default-executor-6] INFO  impl.RoleInfo (RoleInfo.java:updateAndGet(143)) - 9b3ef6c9-0245-4756-bf80-45d41f7a4453: start FollowerState
2019-10-30 11:53:03,627 [Thread-3286] INFO  impl.FollowerState (FollowerState.java:run(117)) - 9b3ef6c9-0245-4756-bf80-45d41f7a4453@group-F367C8FA5986-FollowerState was interrupted: java.lang.InterruptedException: sleep interrupted
2019-10-30 11:53:03,645 [9dbd5372-55c2-4532-b354-9494d3d545d2@group-F367C8FA5986-LeaderElection441] INFO  impl.LeaderElection (LeaderElection.java:logAndReturn(56)) - 9dbd5372-55c2-4532-b354-9494d3d545d2@group-F367C8FA5986-LeaderElection441: Election REJECTED; received 1 response(s) [9dbd5372-55c2-4532-b354-9494d3d545d2<-9b3ef6c9-0245-4756-bf80-45d41f7a4453#0:FAIL-t231] and 1 exception(s); 9dbd5372-55c2-4532-b354-9494d3d545d2@group-F367C8FA5986:t231, leader=null, voted=9dbd5372-55c2-4532-b354-9494d3d545d2, raftlog=9dbd5372-55c2-4532-b354-9494d3d545d2@group-F367C8FA5986-SegmentedRaftLog:OPENED:c-1,f-1,i0, conf=-1: [9b3ef6c9-0245-4756-bf80-45d41f7a4453:192.168.157.220:37058, cd11b2f5-3187-4d03-bd60-931991550c17:192.168.157.220:43236, 9dbd5372-55c2-4532-b354-9494d3d545d2:192.168.157.220:42993], old=null
2019-10-30 11:53:03,645 [9dbd5372-55c2-4532-b354-9494d3d545d2@group-F367C8FA5986-LeaderElection441] INFO  impl.LeaderElection (LogUtils.java:infoOrTrace(149)) -   Exception 0: {}
java.util.concurrent.ExecutionException: org.apache.ratis.thirdparty.io.grpc.StatusRuntimeException: UNAVAILABLE: io exception
	at java.util.concurrent.FutureTask.report(FutureTask.java:122)
	at java.util.concurrent.FutureTask.get(FutureTask.java:192)
	at org.apache.ratis.server.impl.LeaderElection.waitForResults(LeaderElection.java:259)
	at org.apache.ratis.server.impl.LeaderElection.askForVotes(LeaderElection.java:197)
	at org.apache.ratis.server.impl.LeaderElection.run(LeaderElection.java:133)
	at java.lang.Thread.run(Thread.java:748)
Caused by: org.apache.ratis.thirdparty.io.grpc.StatusRuntimeException: UNAVAILABLE: io exception
	at org.apache.ratis.thirdparty.io.grpc.stub.ClientCalls.toStatusRuntimeException(ClientCalls.java:233)
	at org.apache.ratis.thirdparty.io.grpc.stub.ClientCalls.getUnchecked(ClientCalls.java:214)
	at org.apache.ratis.thirdparty.io.grpc.stub.ClientCalls.blockingUnaryCall(ClientCalls.java:139)
	at org.apache.ratis.proto.grpc.RaftServerProtocolServiceGrpc$RaftServerProtocolServiceBlockingStub.requestVote(RaftServerProtocolServiceGrpc.java:265)
	at org.apache.ratis.grpc.server.GrpcServerProtocolClient.requestVote(GrpcServerProtocolClient.java:99)
	at org.apache.ratis.grpc.server.GrpcService.requestVote(GrpcService.java:204)
	at org.apache.ratis.server.impl.LeaderElection.lambda$submitRequests$1(LeaderElection.java:234)
	at java.util.concurrent.FutureTask.run(FutureTask.java:266)
	at java.util.concurrent.Executors$RunnableAdapter.call(Executors.java:511)
	at java.util.concurrent.FutureTask.run(FutureTask.java:266)
	at java.util.concurrent.ThreadPoolExecutor.runWorker(ThreadPoolExecutor.java:1149)
	at java.util.concurrent.ThreadPoolExecutor$Worker.run(ThreadPoolExecutor.java:624)
	... 1 more
Caused by: org.apache.ratis.thirdparty.io.netty.channel.AbstractChannel$AnnotatedConnectException: Connection refused: /192.168.157.220:43236
	at sun.nio.ch.SocketChannelImpl.checkConnect(Native Method)
	at sun.nio.ch.SocketChannelImpl.finishConnect(SocketChannelImpl.java:717)
	at org.apache.ratis.thirdparty.io.netty.channel.socket.nio.NioSocketChannel.doFinishConnect(NioSocketChannel.java:327)
	at org.apache.ratis.thirdparty.io.netty.channel.nio.AbstractNioChannel$AbstractNioUnsafe.finishConnect(AbstractNioChannel.java:340)
	at org.apache.ratis.thirdparty.io.netty.channel.nio.NioEventLoop.processSelectedKey(NioEventLoop.java:632)
	at org.apache.ratis.thirdparty.io.netty.channel.nio.NioEventLoop.processSelectedKeysOptimized(NioEventLoop.java:579)
	at org.apache.ratis.thirdparty.io.netty.channel.nio.NioEventLoop.processSelectedKeys(NioEventLoop.java:496)
	at org.apache.ratis.thirdparty.io.netty.channel.nio.NioEventLoop.run(NioEventLoop.java:458)
	at org.apache.ratis.thirdparty.io.netty.util.concurrent.SingleThreadEventExecutor$5.run(SingleThreadEventExecutor.java:897)
	at org.apache.ratis.thirdparty.io.netty.util.concurrent.FastThreadLocalRunnable.run(FastThreadLocalRunnable.java:30)
	... 1 more
Caused by: java.net.ConnectException: Connection refused
	... 11 more
2019-10-30 11:53:03,646 [9dbd5372-55c2-4532-b354-9494d3d545d2@group-F367C8FA5986-LeaderElection441] INFO  impl.RaftServerImpl (RaftServerImpl.java:setRole(184)) - 9dbd5372-55c2-4532-b354-9494d3d545d2@group-F367C8FA5986: changes role from CANDIDATE to FOLLOWER at term 231 for DISCOVERED_A_NEW_TERM
2019-10-30 11:53:03,646 [9dbd5372-55c2-4532-b354-9494d3d545d2@group-F367C8FA5986-LeaderElection441] INFO  impl.RoleInfo (RoleInfo.java:shutdownLeaderElection(134)) - 9dbd5372-55c2-4532-b354-9494d3d545d2: shutdown LeaderElection
2019-10-30 11:53:03,646 [9dbd5372-55c2-4532-b354-9494d3d545d2@group-F367C8FA5986-LeaderElection441] INFO  impl.RoleInfo (RoleInfo.java:updateAndGet(143)) - 9dbd5372-55c2-4532-b354-9494d3d545d2: start FollowerState
2019-10-30 11:53:03,680 [Thread-3292] INFO  impl.FollowerState (FollowerState.java:run(108)) - 9dbd5372-55c2-4532-b354-9494d3d545d2@group-F367C8FA5986-FollowerState: change to CANDIDATE, lastRpcTime:34ms, electionTimeout:34ms
2019-10-30 11:53:03,681 [Thread-3292] INFO  impl.RoleInfo (RoleInfo.java:shutdownFollowerState(121)) - 9dbd5372-55c2-4532-b354-9494d3d545d2: shutdown FollowerState
2019-10-30 11:53:03,681 [Thread-3292] INFO  impl.RaftServerImpl (RaftServerImpl.java:setRole(184)) - 9dbd5372-55c2-4532-b354-9494d3d545d2@group-F367C8FA5986: changes role from  FOLLOWER to CANDIDATE at term 231 for changeToCandidate
2019-10-30 11:53:03,681 [Thread-3292] INFO  impl.RoleInfo (RoleInfo.java:updateAndGet(143)) - 9dbd5372-55c2-4532-b354-9494d3d545d2: start LeaderElection
2019-10-30 11:53:03,689 [9dbd5372-55c2-4532-b354-9494d3d545d2@group-F367C8FA5986-LeaderElection442] INFO  impl.LeaderElection (LeaderElection.java:askForVotes(178)) - 9dbd5372-55c2-4532-b354-9494d3d545d2@group-F367C8FA5986-LeaderElection442: begin an election at term 232 for -1: [9b3ef6c9-0245-4756-bf80-45d41f7a4453:192.168.157.220:37058, cd11b2f5-3187-4d03-bd60-931991550c17:192.168.157.220:43236, 9dbd5372-55c2-4532-b354-9494d3d545d2:192.168.157.220:42993], old=null
2019-10-30 11:53:03,690 [9dbd5372-55c2-4532-b354-9494d3d545d2@group-F367C8FA5986-LeaderElection442] INFO  impl.LeaderElection (LogUtils.java:infoOrTrace(149)) - 9dbd5372-55c2-4532-b354-9494d3d545d2@group-F367C8FA5986-LeaderElection442 got exception when requesting votes: {}
java.util.concurrent.ExecutionException: org.apache.ratis.thirdparty.io.grpc.StatusRuntimeException: UNAVAILABLE: io exception
	at java.util.concurrent.FutureTask.report(FutureTask.java:122)
	at java.util.concurrent.FutureTask.get(FutureTask.java:192)
	at org.apache.ratis.server.impl.LeaderElection.waitForResults(LeaderElection.java:259)
	at org.apache.ratis.server.impl.LeaderElection.askForVotes(LeaderElection.java:197)
	at org.apache.ratis.server.impl.LeaderElection.run(LeaderElection.java:133)
	at java.lang.Thread.run(Thread.java:748)
Caused by: org.apache.ratis.thirdparty.io.grpc.StatusRuntimeException: UNAVAILABLE: io exception
	at org.apache.ratis.thirdparty.io.grpc.stub.ClientCalls.toStatusRuntimeException(ClientCalls.java:233)
	at org.apache.ratis.thirdparty.io.grpc.stub.ClientCalls.getUnchecked(ClientCalls.java:214)
	at org.apache.ratis.thirdparty.io.grpc.stub.ClientCalls.blockingUnaryCall(ClientCalls.java:139)
	at org.apache.ratis.proto.grpc.RaftServerProtocolServiceGrpc$RaftServerProtocolServiceBlockingStub.requestVote(RaftServerProtocolServiceGrpc.java:265)
	at org.apache.ratis.grpc.server.GrpcServerProtocolClient.requestVote(GrpcServerProtocolClient.java:99)
	at org.apache.ratis.grpc.server.GrpcService.requestVote(GrpcService.java:204)
	at org.apache.ratis.server.impl.LeaderElection.lambda$submitRequests$1(LeaderElection.java:234)
	at java.util.concurrent.FutureTask.run(FutureTask.java:266)
	at java.util.concurrent.Executors$RunnableAdapter.call(Executors.java:511)
	at java.util.concurrent.FutureTask.run(FutureTask.java:266)
	at java.util.concurrent.ThreadPoolExecutor.runWorker(ThreadPoolExecutor.java:1149)
	at java.util.concurrent.ThreadPoolExecutor$Worker.run(ThreadPoolExecutor.java:624)
	... 1 more
Caused by: org.apache.ratis.thirdparty.io.netty.channel.AbstractChannel$AnnotatedConnectException: Connection refused: /192.168.157.220:43236
	at sun.nio.ch.SocketChannelImpl.checkConnect(Native Method)
	at sun.nio.ch.SocketChannelImpl.finishConnect(SocketChannelImpl.java:717)
	at org.apache.ratis.thirdparty.io.netty.channel.socket.nio.NioSocketChannel.doFinishConnect(NioSocketChannel.java:327)
	at org.apache.ratis.thirdparty.io.netty.channel.nio.AbstractNioChannel$AbstractNioUnsafe.finishConnect(AbstractNioChannel.java:340)
	at org.apache.ratis.thirdparty.io.netty.channel.nio.NioEventLoop.processSelectedKey(NioEventLoop.java:632)
	at org.apache.ratis.thirdparty.io.netty.channel.nio.NioEventLoop.processSelectedKeysOptimized(NioEventLoop.java:579)
	at org.apache.ratis.thirdparty.io.netty.channel.nio.NioEventLoop.processSelectedKeys(NioEventLoop.java:496)
	at org.apache.ratis.thirdparty.io.netty.channel.nio.NioEventLoop.run(NioEventLoop.java:458)
	at org.apache.ratis.thirdparty.io.netty.util.concurrent.SingleThreadEventExecutor$5.run(SingleThreadEventExecutor.java:897)
	at org.apache.ratis.thirdparty.io.netty.util.concurrent.FastThreadLocalRunnable.run(FastThreadLocalRunnable.java:30)
	... 1 more
Caused by: java.net.ConnectException: Connection refused
	... 11 more
2019-10-30 11:53:03,691 [grpc-default-executor-6] INFO  impl.RaftServerImpl (RaftServerImpl.java:setRole(184)) - 9b3ef6c9-0245-4756-bf80-45d41f7a4453@group-F367C8FA5986: changes role from  FOLLOWER to FOLLOWER at term 232 for recognizeCandidate:9dbd5372-55c2-4532-b354-9494d3d545d2
2019-10-30 11:53:03,691 [grpc-default-executor-6] INFO  impl.RoleInfo (RoleInfo.java:shutdownFollowerState(121)) - 9b3ef6c9-0245-4756-bf80-45d41f7a4453: shutdown FollowerState
2019-10-30 11:53:03,691 [grpc-default-executor-6] INFO  impl.RoleInfo (RoleInfo.java:updateAndGet(143)) - 9b3ef6c9-0245-4756-bf80-45d41f7a4453: start FollowerState
2019-10-30 11:53:03,692 [Thread-3291] INFO  impl.FollowerState (FollowerState.java:run(117)) - 9b3ef6c9-0245-4756-bf80-45d41f7a4453@group-F367C8FA5986-FollowerState was interrupted: java.lang.InterruptedException: sleep interrupted
2019-10-30 11:53:03,709 [9dbd5372-55c2-4532-b354-9494d3d545d2@group-F367C8FA5986-LeaderElection442] INFO  impl.LeaderElection (LeaderElection.java:logAndReturn(56)) - 9dbd5372-55c2-4532-b354-9494d3d545d2@group-F367C8FA5986-LeaderElection442: Election REJECTED; received 1 response(s) [9dbd5372-55c2-4532-b354-9494d3d545d2<-9b3ef6c9-0245-4756-bf80-45d41f7a4453#0:FAIL-t232] and 1 exception(s); 9dbd5372-55c2-4532-b354-9494d3d545d2@group-F367C8FA5986:t232, leader=null, voted=9dbd5372-55c2-4532-b354-9494d3d545d2, raftlog=9dbd5372-55c2-4532-b354-9494d3d545d2@group-F367C8FA5986-SegmentedRaftLog:OPENED:c-1,f-1,i0, conf=-1: [9b3ef6c9-0245-4756-bf80-45d41f7a4453:192.168.157.220:37058, cd11b2f5-3187-4d03-bd60-931991550c17:192.168.157.220:43236, 9dbd5372-55c2-4532-b354-9494d3d545d2:192.168.157.220:42993], old=null
2019-10-30 11:53:03,709 [9dbd5372-55c2-4532-b354-9494d3d545d2@group-F367C8FA5986-LeaderElection442] INFO  impl.LeaderElection (LogUtils.java:infoOrTrace(149)) -   Exception 0: {}
java.util.concurrent.ExecutionException: org.apache.ratis.thirdparty.io.grpc.StatusRuntimeException: UNAVAILABLE: io exception
	at java.util.concurrent.FutureTask.report(FutureTask.java:122)
	at java.util.concurrent.FutureTask.get(FutureTask.java:192)
	at org.apache.ratis.server.impl.LeaderElection.waitForResults(LeaderElection.java:259)
	at org.apache.ratis.server.impl.LeaderElection.askForVotes(LeaderElection.java:197)
	at org.apache.ratis.server.impl.LeaderElection.run(LeaderElection.java:133)
	at java.lang.Thread.run(Thread.java:748)
Caused by: org.apache.ratis.thirdparty.io.grpc.StatusRuntimeException: UNAVAILABLE: io exception
	at org.apache.ratis.thirdparty.io.grpc.stub.ClientCalls.toStatusRuntimeException(ClientCalls.java:233)
	at org.apache.ratis.thirdparty.io.grpc.stub.ClientCalls.getUnchecked(ClientCalls.java:214)
	at org.apache.ratis.thirdparty.io.grpc.stub.ClientCalls.blockingUnaryCall(ClientCalls.java:139)
	at org.apache.ratis.proto.grpc.RaftServerProtocolServiceGrpc$RaftServerProtocolServiceBlockingStub.requestVote(RaftServerProtocolServiceGrpc.java:265)
	at org.apache.ratis.grpc.server.GrpcServerProtocolClient.requestVote(GrpcServerProtocolClient.java:99)
	at org.apache.ratis.grpc.server.GrpcService.requestVote(GrpcService.java:204)
	at org.apache.ratis.server.impl.LeaderElection.lambda$submitRequests$1(LeaderElection.java:234)
	at java.util.concurrent.FutureTask.run(FutureTask.java:266)
	at java.util.concurrent.Executors$RunnableAdapter.call(Executors.java:511)
	at java.util.concurrent.FutureTask.run(FutureTask.java:266)
	at java.util.concurrent.ThreadPoolExecutor.runWorker(ThreadPoolExecutor.java:1149)
	at java.util.concurrent.ThreadPoolExecutor$Worker.run(ThreadPoolExecutor.java:624)
	... 1 more
Caused by: org.apache.ratis.thirdparty.io.netty.channel.AbstractChannel$AnnotatedConnectException: Connection refused: /192.168.157.220:43236
	at sun.nio.ch.SocketChannelImpl.checkConnect(Native Method)
	at sun.nio.ch.SocketChannelImpl.finishConnect(SocketChannelImpl.java:717)
	at org.apache.ratis.thirdparty.io.netty.channel.socket.nio.NioSocketChannel.doFinishConnect(NioSocketChannel.java:327)
	at org.apache.ratis.thirdparty.io.netty.channel.nio.AbstractNioChannel$AbstractNioUnsafe.finishConnect(AbstractNioChannel.java:340)
	at org.apache.ratis.thirdparty.io.netty.channel.nio.NioEventLoop.processSelectedKey(NioEventLoop.java:632)
	at org.apache.ratis.thirdparty.io.netty.channel.nio.NioEventLoop.processSelectedKeysOptimized(NioEventLoop.java:579)
	at org.apache.ratis.thirdparty.io.netty.channel.nio.NioEventLoop.processSelectedKeys(NioEventLoop.java:496)
	at org.apache.ratis.thirdparty.io.netty.channel.nio.NioEventLoop.run(NioEventLoop.java:458)
	at org.apache.ratis.thirdparty.io.netty.util.concurrent.SingleThreadEventExecutor$5.run(SingleThreadEventExecutor.java:897)
	at org.apache.ratis.thirdparty.io.netty.util.concurrent.FastThreadLocalRunnable.run(FastThreadLocalRunnable.java:30)
	... 1 more
Caused by: java.net.ConnectException: Connection refused
	... 11 more
2019-10-30 11:53:03,715 [9dbd5372-55c2-4532-b354-9494d3d545d2@group-F367C8FA5986-LeaderElection442] INFO  impl.RaftServerImpl (RaftServerImpl.java:setRole(184)) - 9dbd5372-55c2-4532-b354-9494d3d545d2@group-F367C8FA5986: changes role from CANDIDATE to FOLLOWER at term 232 for DISCOVERED_A_NEW_TERM
2019-10-30 11:53:03,716 [9dbd5372-55c2-4532-b354-9494d3d545d2@group-F367C8FA5986-LeaderElection442] INFO  impl.RoleInfo (RoleInfo.java:shutdownLeaderElection(134)) - 9dbd5372-55c2-4532-b354-9494d3d545d2: shutdown LeaderElection
2019-10-30 11:53:03,716 [9dbd5372-55c2-4532-b354-9494d3d545d2@group-F367C8FA5986-LeaderElection442] INFO  impl.RoleInfo (RoleInfo.java:updateAndGet(143)) - 9dbd5372-55c2-4532-b354-9494d3d545d2: start FollowerState
2019-10-30 11:53:03,753 [Thread-3297] INFO  impl.FollowerState (FollowerState.java:run(108)) - 9dbd5372-55c2-4532-b354-9494d3d545d2@group-F367C8FA5986-FollowerState: change to CANDIDATE, lastRpcTime:37ms, electionTimeout:37ms
2019-10-30 11:53:03,753 [Thread-3297] INFO  impl.RoleInfo (RoleInfo.java:shutdownFollowerState(121)) - 9dbd5372-55c2-4532-b354-9494d3d545d2: shutdown FollowerState
2019-10-30 11:53:03,753 [Thread-3297] INFO  impl.RaftServerImpl (RaftServerImpl.java:setRole(184)) - 9dbd5372-55c2-4532-b354-9494d3d545d2@group-F367C8FA5986: changes role from  FOLLOWER to CANDIDATE at term 232 for changeToCandidate
2019-10-30 11:53:03,758 [Thread-3297] INFO  impl.RoleInfo (RoleInfo.java:updateAndGet(143)) - 9dbd5372-55c2-4532-b354-9494d3d545d2: start LeaderElection
2019-10-30 11:53:03,767 [9dbd5372-55c2-4532-b354-9494d3d545d2@group-F367C8FA5986-LeaderElection443] INFO  impl.LeaderElection (LeaderElection.java:askForVotes(178)) - 9dbd5372-55c2-4532-b354-9494d3d545d2@group-F367C8FA5986-LeaderElection443: begin an election at term 233 for -1: [9b3ef6c9-0245-4756-bf80-45d41f7a4453:192.168.157.220:37058, cd11b2f5-3187-4d03-bd60-931991550c17:192.168.157.220:43236, 9dbd5372-55c2-4532-b354-9494d3d545d2:192.168.157.220:42993], old=null
2019-10-30 11:53:03,770 [9dbd5372-55c2-4532-b354-9494d3d545d2@group-F367C8FA5986-LeaderElection443] INFO  impl.LeaderElection (LogUtils.java:infoOrTrace(149)) - 9dbd5372-55c2-4532-b354-9494d3d545d2@group-F367C8FA5986-LeaderElection443 got exception when requesting votes: {}
java.util.concurrent.ExecutionException: org.apache.ratis.thirdparty.io.grpc.StatusRuntimeException: UNAVAILABLE: io exception
	at java.util.concurrent.FutureTask.report(FutureTask.java:122)
	at java.util.concurrent.FutureTask.get(FutureTask.java:192)
	at org.apache.ratis.server.impl.LeaderElection.waitForResults(LeaderElection.java:259)
	at org.apache.ratis.server.impl.LeaderElection.askForVotes(LeaderElection.java:197)
	at org.apache.ratis.server.impl.LeaderElection.run(LeaderElection.java:133)
	at java.lang.Thread.run(Thread.java:748)
Caused by: org.apache.ratis.thirdparty.io.grpc.StatusRuntimeException: UNAVAILABLE: io exception
	at org.apache.ratis.thirdparty.io.grpc.stub.ClientCalls.toStatusRuntimeException(ClientCalls.java:233)
	at org.apache.ratis.thirdparty.io.grpc.stub.ClientCalls.getUnchecked(ClientCalls.java:214)
	at org.apache.ratis.thirdparty.io.grpc.stub.ClientCalls.blockingUnaryCall(ClientCalls.java:139)
	at org.apache.ratis.proto.grpc.RaftServerProtocolServiceGrpc$RaftServerProtocolServiceBlockingStub.requestVote(RaftServerProtocolServiceGrpc.java:265)
	at org.apache.ratis.grpc.server.GrpcServerProtocolClient.requestVote(GrpcServerProtocolClient.java:99)
	at org.apache.ratis.grpc.server.GrpcService.requestVote(GrpcService.java:204)
	at org.apache.ratis.server.impl.LeaderElection.lambda$submitRequests$1(LeaderElection.java:234)
	at java.util.concurrent.FutureTask.run(FutureTask.java:266)
	at java.util.concurrent.Executors$RunnableAdapter.call(Executors.java:511)
	at java.util.concurrent.FutureTask.run(FutureTask.java:266)
	at java.util.concurrent.ThreadPoolExecutor.runWorker(ThreadPoolExecutor.java:1149)
	at java.util.concurrent.ThreadPoolExecutor$Worker.run(ThreadPoolExecutor.java:624)
	... 1 more
Caused by: org.apache.ratis.thirdparty.io.netty.channel.AbstractChannel$AnnotatedConnectException: Connection refused: /192.168.157.220:43236
	at sun.nio.ch.SocketChannelImpl.checkConnect(Native Method)
	at sun.nio.ch.SocketChannelImpl.finishConnect(SocketChannelImpl.java:717)
	at org.apache.ratis.thirdparty.io.netty.channel.socket.nio.NioSocketChannel.doFinishConnect(NioSocketChannel.java:327)
	at org.apache.ratis.thirdparty.io.netty.channel.nio.AbstractNioChannel$AbstractNioUnsafe.finishConnect(AbstractNioChannel.java:340)
	at org.apache.ratis.thirdparty.io.netty.channel.nio.NioEventLoop.processSelectedKey(NioEventLoop.java:632)
	at org.apache.ratis.thirdparty.io.netty.channel.nio.NioEventLoop.processSelectedKeysOptimized(NioEventLoop.java:579)
	at org.apache.ratis.thirdparty.io.netty.channel.nio.NioEventLoop.processSelectedKeys(NioEventLoop.java:496)
	at org.apache.ratis.thirdparty.io.netty.channel.nio.NioEventLoop.run(NioEventLoop.java:458)
	at org.apache.ratis.thirdparty.io.netty.util.concurrent.SingleThreadEventExecutor$5.run(SingleThreadEventExecutor.java:897)
	at org.apache.ratis.thirdparty.io.netty.util.concurrent.FastThreadLocalRunnable.run(FastThreadLocalRunnable.java:30)
	... 1 more
Caused by: java.net.ConnectException: Connection refused
	... 11 more
2019-10-30 11:53:03,779 [9dbd5372-55c2-4532-b354-9494d3d545d2@group-F367C8FA5986-LeaderElection443] INFO  impl.LeaderElection (LeaderElection.java:logAndReturn(56)) - 9dbd5372-55c2-4532-b354-9494d3d545d2@group-F367C8FA5986-LeaderElection443: Election TIMEOUT; received 0 response(s) [] and 1 exception(s); 9dbd5372-55c2-4532-b354-9494d3d545d2@group-F367C8FA5986:t233, leader=null, voted=9dbd5372-55c2-4532-b354-9494d3d545d2, raftlog=9dbd5372-55c2-4532-b354-9494d3d545d2@group-F367C8FA5986-SegmentedRaftLog:OPENED:c-1,f-1,i0, conf=-1: [9b3ef6c9-0245-4756-bf80-45d41f7a4453:192.168.157.220:37058, cd11b2f5-3187-4d03-bd60-931991550c17:192.168.157.220:43236, 9dbd5372-55c2-4532-b354-9494d3d545d2:192.168.157.220:42993], old=null
2019-10-30 11:53:03,779 [9dbd5372-55c2-4532-b354-9494d3d545d2@group-F367C8FA5986-LeaderElection443] INFO  impl.LeaderElection (LogUtils.java:infoOrTrace(149)) -   Exception 0: {}
java.util.concurrent.ExecutionException: org.apache.ratis.thirdparty.io.grpc.StatusRuntimeException: UNAVAILABLE: io exception
	at java.util.concurrent.FutureTask.report(FutureTask.java:122)
	at java.util.concurrent.FutureTask.get(FutureTask.java:192)
	at org.apache.ratis.server.impl.LeaderElection.waitForResults(LeaderElection.java:259)
	at org.apache.ratis.server.impl.LeaderElection.askForVotes(LeaderElection.java:197)
	at org.apache.ratis.server.impl.LeaderElection.run(LeaderElection.java:133)
	at java.lang.Thread.run(Thread.java:748)
Caused by: org.apache.ratis.thirdparty.io.grpc.StatusRuntimeException: UNAVAILABLE: io exception
	at org.apache.ratis.thirdparty.io.grpc.stub.ClientCalls.toStatusRuntimeException(ClientCalls.java:233)
	at org.apache.ratis.thirdparty.io.grpc.stub.ClientCalls.getUnchecked(ClientCalls.java:214)
	at org.apache.ratis.thirdparty.io.grpc.stub.ClientCalls.blockingUnaryCall(ClientCalls.java:139)
	at org.apache.ratis.proto.grpc.RaftServerProtocolServiceGrpc$RaftServerProtocolServiceBlockingStub.requestVote(RaftServerProtocolServiceGrpc.java:265)
	at org.apache.ratis.grpc.server.GrpcServerProtocolClient.requestVote(GrpcServerProtocolClient.java:99)
	at org.apache.ratis.grpc.server.GrpcService.requestVote(GrpcService.java:204)
	at org.apache.ratis.server.impl.LeaderElection.lambda$submitRequests$1(LeaderElection.java:234)
	at java.util.concurrent.FutureTask.run(FutureTask.java:266)
	at java.util.concurrent.Executors$RunnableAdapter.call(Executors.java:511)
	at java.util.concurrent.FutureTask.run(FutureTask.java:266)
	at java.util.concurrent.ThreadPoolExecutor.runWorker(ThreadPoolExecutor.java:1149)
	at java.util.concurrent.ThreadPoolExecutor$Worker.run(ThreadPoolExecutor.java:624)
	... 1 more
Caused by: org.apache.ratis.thirdparty.io.netty.channel.AbstractChannel$AnnotatedConnectException: Connection refused: /192.168.157.220:43236
	at sun.nio.ch.SocketChannelImpl.checkConnect(Native Method)
	at sun.nio.ch.SocketChannelImpl.finishConnect(SocketChannelImpl.java:717)
	at org.apache.ratis.thirdparty.io.netty.channel.socket.nio.NioSocketChannel.doFinishConnect(NioSocketChannel.java:327)
	at org.apache.ratis.thirdparty.io.netty.channel.nio.AbstractNioChannel$AbstractNioUnsafe.finishConnect(AbstractNioChannel.java:340)
	at org.apache.ratis.thirdparty.io.netty.channel.nio.NioEventLoop.processSelectedKey(NioEventLoop.java:632)
	at org.apache.ratis.thirdparty.io.netty.channel.nio.NioEventLoop.processSelectedKeysOptimized(NioEventLoop.java:579)
	at org.apache.ratis.thirdparty.io.netty.channel.nio.NioEventLoop.processSelectedKeys(NioEventLoop.java:496)
	at org.apache.ratis.thirdparty.io.netty.channel.nio.NioEventLoop.run(NioEventLoop.java:458)
	at org.apache.ratis.thirdparty.io.netty.util.concurrent.SingleThreadEventExecutor$5.run(SingleThreadEventExecutor.java:897)
	at org.apache.ratis.thirdparty.io.netty.util.concurrent.FastThreadLocalRunnable.run(FastThreadLocalRunnable.java:30)
	... 1 more
Caused by: java.net.ConnectException: Connection refused
	... 11 more
2019-10-30 11:53:03,781 [grpc-default-executor-6] INFO  impl.RaftServerImpl (RaftServerImpl.java:setRole(184)) - 9b3ef6c9-0245-4756-bf80-45d41f7a4453@group-F367C8FA5986: changes role from  FOLLOWER to FOLLOWER at term 233 for recognizeCandidate:9dbd5372-55c2-4532-b354-9494d3d545d2
2019-10-30 11:53:03,781 [grpc-default-executor-6] INFO  impl.RoleInfo (RoleInfo.java:shutdownFollowerState(121)) - 9b3ef6c9-0245-4756-bf80-45d41f7a4453: shutdown FollowerState
2019-10-30 11:53:03,781 [grpc-default-executor-6] INFO  impl.RoleInfo (RoleInfo.java:updateAndGet(143)) - 9b3ef6c9-0245-4756-bf80-45d41f7a4453: start FollowerState
2019-10-30 11:53:03,781 [Thread-3296] INFO  impl.FollowerState (FollowerState.java:run(117)) - 9b3ef6c9-0245-4756-bf80-45d41f7a4453@group-F367C8FA5986-FollowerState was interrupted: java.lang.InterruptedException: sleep interrupted
2019-10-30 11:53:03,785 [9dbd5372-55c2-4532-b354-9494d3d545d2@group-F367C8FA5986-LeaderElection443] INFO  impl.LeaderElection (LeaderElection.java:askForVotes(178)) - 9dbd5372-55c2-4532-b354-9494d3d545d2@group-F367C8FA5986-LeaderElection443: begin an election at term 234 for -1: [9b3ef6c9-0245-4756-bf80-45d41f7a4453:192.168.157.220:37058, cd11b2f5-3187-4d03-bd60-931991550c17:192.168.157.220:43236, 9dbd5372-55c2-4532-b354-9494d3d545d2:192.168.157.220:42993], old=null
2019-10-30 11:53:03,797 [grpc-default-executor-8] INFO  impl.RaftServerImpl (RaftServerImpl.java:setRole(184)) - 9b3ef6c9-0245-4756-bf80-45d41f7a4453@group-F367C8FA5986: changes role from  FOLLOWER to FOLLOWER at term 234 for recognizeCandidate:9dbd5372-55c2-4532-b354-9494d3d545d2
2019-10-30 11:53:03,797 [grpc-default-executor-8] INFO  impl.RoleInfo (RoleInfo.java:shutdownFollowerState(121)) - 9b3ef6c9-0245-4756-bf80-45d41f7a4453: shutdown FollowerState
2019-10-30 11:53:03,808 [9dbd5372-55c2-4532-b354-9494d3d545d2@group-F367C8FA5986-LeaderElection443] INFO  impl.LeaderElection (LogUtils.java:infoOrTrace(149)) - 9dbd5372-55c2-4532-b354-9494d3d545d2@group-F367C8FA5986-LeaderElection443 got exception when requesting votes: {}
java.util.concurrent.ExecutionException: org.apache.ratis.thirdparty.io.grpc.StatusRuntimeException: UNAVAILABLE: io exception
	at java.util.concurrent.FutureTask.report(FutureTask.java:122)
	at java.util.concurrent.FutureTask.get(FutureTask.java:192)
	at org.apache.ratis.server.impl.LeaderElection.waitForResults(LeaderElection.java:259)
	at org.apache.ratis.server.impl.LeaderElection.askForVotes(LeaderElection.java:197)
	at org.apache.ratis.server.impl.LeaderElection.run(LeaderElection.java:133)
	at java.lang.Thread.run(Thread.java:748)
Caused by: org.apache.ratis.thirdparty.io.grpc.StatusRuntimeException: UNAVAILABLE: io exception
	at org.apache.ratis.thirdparty.io.grpc.stub.ClientCalls.toStatusRuntimeException(ClientCalls.java:233)
	at org.apache.ratis.thirdparty.io.grpc.stub.ClientCalls.getUnchecked(ClientCalls.java:214)
	at org.apache.ratis.thirdparty.io.grpc.stub.ClientCalls.blockingUnaryCall(ClientCalls.java:139)
	at org.apache.ratis.proto.grpc.RaftServerProtocolServiceGrpc$RaftServerProtocolServiceBlockingStub.requestVote(RaftServerProtocolServiceGrpc.java:265)
	at org.apache.ratis.grpc.server.GrpcServerProtocolClient.requestVote(GrpcServerProtocolClient.java:99)
	at org.apache.ratis.grpc.server.GrpcService.requestVote(GrpcService.java:204)
	at org.apache.ratis.server.impl.LeaderElection.lambda$submitRequests$1(LeaderElection.java:234)
	at java.util.concurrent.FutureTask.run(FutureTask.java:266)
	at java.util.concurrent.Executors$RunnableAdapter.call(Executors.java:511)
	at java.util.concurrent.FutureTask.run(FutureTask.java:266)
	at java.util.concurrent.ThreadPoolExecutor.runWorker(ThreadPoolExecutor.java:1149)
	at java.util.concurrent.ThreadPoolExecutor$Worker.run(ThreadPoolExecutor.java:624)
	... 1 more
Caused by: org.apache.ratis.thirdparty.io.netty.channel.AbstractChannel$AnnotatedConnectException: Connection refused: /192.168.157.220:43236
	at sun.nio.ch.SocketChannelImpl.checkConnect(Native Method)
	at sun.nio.ch.SocketChannelImpl.finishConnect(SocketChannelImpl.java:717)
	at org.apache.ratis.thirdparty.io.netty.channel.socket.nio.NioSocketChannel.doFinishConnect(NioSocketChannel.java:327)
	at org.apache.ratis.thirdparty.io.netty.channel.nio.AbstractNioChannel$AbstractNioUnsafe.finishConnect(AbstractNioChannel.java:340)
	at org.apache.ratis.thirdparty.io.netty.channel.nio.NioEventLoop.processSelectedKey(NioEventLoop.java:632)
	at org.apache.ratis.thirdparty.io.netty.channel.nio.NioEventLoop.processSelectedKeysOptimized(NioEventLoop.java:579)
	at org.apache.ratis.thirdparty.io.netty.channel.nio.NioEventLoop.processSelectedKeys(NioEventLoop.java:496)
	at org.apache.ratis.thirdparty.io.netty.channel.nio.NioEventLoop.run(NioEventLoop.java:458)
	at org.apache.ratis.thirdparty.io.netty.util.concurrent.SingleThreadEventExecutor$5.run(SingleThreadEventExecutor.java:897)
	at org.apache.ratis.thirdparty.io.netty.util.concurrent.FastThreadLocalRunnable.run(FastThreadLocalRunnable.java:30)
	... 1 more
Caused by: java.net.ConnectException: Connection refused
	... 11 more
2019-10-30 11:53:03,814 [Thread-3301] INFO  impl.FollowerState (FollowerState.java:run(117)) - 9b3ef6c9-0245-4756-bf80-45d41f7a4453@group-F367C8FA5986-FollowerState was interrupted: java.lang.InterruptedException: sleep interrupted
2019-10-30 11:53:03,814 [grpc-default-executor-8] INFO  impl.RoleInfo (RoleInfo.java:updateAndGet(143)) - 9b3ef6c9-0245-4756-bf80-45d41f7a4453: start FollowerState
2019-10-30 11:53:03,821 [9dbd5372-55c2-4532-b354-9494d3d545d2@group-F367C8FA5986-LeaderElection443] INFO  impl.LeaderElection (LeaderElection.java:logAndReturn(56)) - 9dbd5372-55c2-4532-b354-9494d3d545d2@group-F367C8FA5986-LeaderElection443: Election REJECTED; received 1 response(s) [9dbd5372-55c2-4532-b354-9494d3d545d2<-9b3ef6c9-0245-4756-bf80-45d41f7a4453#0:FAIL-t234] and 1 exception(s); 9dbd5372-55c2-4532-b354-9494d3d545d2@group-F367C8FA5986:t234, leader=null, voted=9dbd5372-55c2-4532-b354-9494d3d545d2, raftlog=9dbd5372-55c2-4532-b354-9494d3d545d2@group-F367C8FA5986-SegmentedRaftLog:OPENED:c-1,f-1,i0, conf=-1: [9b3ef6c9-0245-4756-bf80-45d41f7a4453:192.168.157.220:37058, cd11b2f5-3187-4d03-bd60-931991550c17:192.168.157.220:43236, 9dbd5372-55c2-4532-b354-9494d3d545d2:192.168.157.220:42993], old=null
2019-10-30 11:53:03,821 [9dbd5372-55c2-4532-b354-9494d3d545d2@group-F367C8FA5986-LeaderElection443] INFO  impl.LeaderElection (LogUtils.java:infoOrTrace(149)) -   Exception 0: {}
java.util.concurrent.ExecutionException: org.apache.ratis.thirdparty.io.grpc.StatusRuntimeException: UNAVAILABLE: io exception
	at java.util.concurrent.FutureTask.report(FutureTask.java:122)
	at java.util.concurrent.FutureTask.get(FutureTask.java:192)
	at org.apache.ratis.server.impl.LeaderElection.waitForResults(LeaderElection.java:259)
	at org.apache.ratis.server.impl.LeaderElection.askForVotes(LeaderElection.java:197)
	at org.apache.ratis.server.impl.LeaderElection.run(LeaderElection.java:133)
	at java.lang.Thread.run(Thread.java:748)
Caused by: org.apache.ratis.thirdparty.io.grpc.StatusRuntimeException: UNAVAILABLE: io exception
	at org.apache.ratis.thirdparty.io.grpc.stub.ClientCalls.toStatusRuntimeException(ClientCalls.java:233)
	at org.apache.ratis.thirdparty.io.grpc.stub.ClientCalls.getUnchecked(ClientCalls.java:214)
	at org.apache.ratis.thirdparty.io.grpc.stub.ClientCalls.blockingUnaryCall(ClientCalls.java:139)
	at org.apache.ratis.proto.grpc.RaftServerProtocolServiceGrpc$RaftServerProtocolServiceBlockingStub.requestVote(RaftServerProtocolServiceGrpc.java:265)
	at org.apache.ratis.grpc.server.GrpcServerProtocolClient.requestVote(GrpcServerProtocolClient.java:99)
	at org.apache.ratis.grpc.server.GrpcService.requestVote(GrpcService.java:204)
	at org.apache.ratis.server.impl.LeaderElection.lambda$submitRequests$1(LeaderElection.java:234)
	at java.util.concurrent.FutureTask.run(FutureTask.java:266)
	at java.util.concurrent.Executors$RunnableAdapter.call(Executors.java:511)
	at java.util.concurrent.FutureTask.run(FutureTask.java:266)
	at java.util.concurrent.ThreadPoolExecutor.runWorker(ThreadPoolExecutor.java:1149)
	at java.util.concurrent.ThreadPoolExecutor$Worker.run(ThreadPoolExecutor.java:624)
	... 1 more
Caused by: org.apache.ratis.thirdparty.io.netty.channel.AbstractChannel$AnnotatedConnectException: Connection refused: /192.168.157.220:43236
	at sun.nio.ch.SocketChannelImpl.checkConnect(Native Method)
	at sun.nio.ch.SocketChannelImpl.finishConnect(SocketChannelImpl.java:717)
	at org.apache.ratis.thirdparty.io.netty.channel.socket.nio.NioSocketChannel.doFinishConnect(NioSocketChannel.java:327)
	at org.apache.ratis.thirdparty.io.netty.channel.nio.AbstractNioChannel$AbstractNioUnsafe.finishConnect(AbstractNioChannel.java:340)
	at org.apache.ratis.thirdparty.io.netty.channel.nio.NioEventLoop.processSelectedKey(NioEventLoop.java:632)
	at org.apache.ratis.thirdparty.io.netty.channel.nio.NioEventLoop.processSelectedKeysOptimized(NioEventLoop.java:579)
	at org.apache.ratis.thirdparty.io.netty.channel.nio.NioEventLoop.processSelectedKeys(NioEventLoop.java:496)
	at org.apache.ratis.thirdparty.io.netty.channel.nio.NioEventLoop.run(NioEventLoop.java:458)
	at org.apache.ratis.thirdparty.io.netty.util.concurrent.SingleThreadEventExecutor$5.run(SingleThreadEventExecutor.java:897)
	at org.apache.ratis.thirdparty.io.netty.util.concurrent.FastThreadLocalRunnable.run(FastThreadLocalRunnable.java:30)
	... 1 more
Caused by: java.net.ConnectException: Connection refused
	... 11 more
2019-10-30 11:53:03,822 [9dbd5372-55c2-4532-b354-9494d3d545d2@group-F367C8FA5986-LeaderElection443] INFO  impl.RaftServerImpl (RaftServerImpl.java:setRole(184)) - 9dbd5372-55c2-4532-b354-9494d3d545d2@group-F367C8FA5986: changes role from CANDIDATE to FOLLOWER at term 234 for DISCOVERED_A_NEW_TERM
2019-10-30 11:53:03,822 [9dbd5372-55c2-4532-b354-9494d3d545d2@group-F367C8FA5986-LeaderElection443] INFO  impl.RoleInfo (RoleInfo.java:shutdownLeaderElection(134)) - 9dbd5372-55c2-4532-b354-9494d3d545d2: shutdown LeaderElection
2019-10-30 11:53:03,822 [9dbd5372-55c2-4532-b354-9494d3d545d2@group-F367C8FA5986-LeaderElection443] INFO  impl.RoleInfo (RoleInfo.java:updateAndGet(143)) - 9dbd5372-55c2-4532-b354-9494d3d545d2: start FollowerState
2019-10-30 11:53:03,892 [Thread-3305] INFO  impl.FollowerState (FollowerState.java:run(108)) - 9dbd5372-55c2-4532-b354-9494d3d545d2@group-F367C8FA5986-FollowerState: change to CANDIDATE, lastRpcTime:70ms, electionTimeout:55ms
2019-10-30 11:53:03,892 [Thread-3305] INFO  impl.RoleInfo (RoleInfo.java:shutdownFollowerState(121)) - 9dbd5372-55c2-4532-b354-9494d3d545d2: shutdown FollowerState
2019-10-30 11:53:03,892 [Thread-3305] INFO  impl.RaftServerImpl (RaftServerImpl.java:setRole(184)) - 9dbd5372-55c2-4532-b354-9494d3d545d2@group-F367C8FA5986: changes role from  FOLLOWER to CANDIDATE at term 234 for changeToCandidate
2019-10-30 11:53:03,892 [Thread-3305] INFO  impl.RoleInfo (RoleInfo.java:updateAndGet(143)) - 9dbd5372-55c2-4532-b354-9494d3d545d2: start LeaderElection
2019-10-30 11:53:03,900 [9dbd5372-55c2-4532-b354-9494d3d545d2@group-F367C8FA5986-LeaderElection444] INFO  impl.LeaderElection (LeaderElection.java:askForVotes(178)) - 9dbd5372-55c2-4532-b354-9494d3d545d2@group-F367C8FA5986-LeaderElection444: begin an election at term 235 for -1: [9b3ef6c9-0245-4756-bf80-45d41f7a4453:192.168.157.220:37058, cd11b2f5-3187-4d03-bd60-931991550c17:192.168.157.220:43236, 9dbd5372-55c2-4532-b354-9494d3d545d2:192.168.157.220:42993], old=null
2019-10-30 11:53:03,904 [9dbd5372-55c2-4532-b354-9494d3d545d2@group-F367C8FA5986-LeaderElection444] INFO  impl.LeaderElection (LogUtils.java:infoOrTrace(149)) - 9dbd5372-55c2-4532-b354-9494d3d545d2@group-F367C8FA5986-LeaderElection444 got exception when requesting votes: {}
java.util.concurrent.ExecutionException: org.apache.ratis.thirdparty.io.grpc.StatusRuntimeException: UNAVAILABLE: io exception
	at java.util.concurrent.FutureTask.report(FutureTask.java:122)
	at java.util.concurrent.FutureTask.get(FutureTask.java:192)
	at org.apache.ratis.server.impl.LeaderElection.waitForResults(LeaderElection.java:259)
	at org.apache.ratis.server.impl.LeaderElection.askForVotes(LeaderElection.java:197)
	at org.apache.ratis.server.impl.LeaderElection.run(LeaderElection.java:133)
	at java.lang.Thread.run(Thread.java:748)
Caused by: org.apache.ratis.thirdparty.io.grpc.StatusRuntimeException: UNAVAILABLE: io exception
	at org.apache.ratis.thirdparty.io.grpc.stub.ClientCalls.toStatusRuntimeException(ClientCalls.java:233)
	at org.apache.ratis.thirdparty.io.grpc.stub.ClientCalls.getUnchecked(ClientCalls.java:214)
	at org.apache.ratis.thirdparty.io.grpc.stub.ClientCalls.blockingUnaryCall(ClientCalls.java:139)
	at org.apache.ratis.proto.grpc.RaftServerProtocolServiceGrpc$RaftServerProtocolServiceBlockingStub.requestVote(RaftServerProtocolServiceGrpc.java:265)
	at org.apache.ratis.grpc.server.GrpcServerProtocolClient.requestVote(GrpcServerProtocolClient.java:99)
	at org.apache.ratis.grpc.server.GrpcService.requestVote(GrpcService.java:204)
	at org.apache.ratis.server.impl.LeaderElection.lambda$submitRequests$1(LeaderElection.java:234)
	at java.util.concurrent.FutureTask.run(FutureTask.java:266)
	at java.util.concurrent.Executors$RunnableAdapter.call(Executors.java:511)
	at java.util.concurrent.FutureTask.run(FutureTask.java:266)
	at java.util.concurrent.ThreadPoolExecutor.runWorker(ThreadPoolExecutor.java:1149)
	at java.util.concurrent.ThreadPoolExecutor$Worker.run(ThreadPoolExecutor.java:624)
	... 1 more
Caused by: org.apache.ratis.thirdparty.io.netty.channel.AbstractChannel$AnnotatedConnectException: Connection refused: /192.168.157.220:43236
	at sun.nio.ch.SocketChannelImpl.checkConnect(Native Method)
	at sun.nio.ch.SocketChannelImpl.finishConnect(SocketChannelImpl.java:717)
	at org.apache.ratis.thirdparty.io.netty.channel.socket.nio.NioSocketChannel.doFinishConnect(NioSocketChannel.java:327)
	at org.apache.ratis.thirdparty.io.netty.channel.nio.AbstractNioChannel$AbstractNioUnsafe.finishConnect(AbstractNioChannel.java:340)
	at org.apache.ratis.thirdparty.io.netty.channel.nio.NioEventLoop.processSelectedKey(NioEventLoop.java:632)
	at org.apache.ratis.thirdparty.io.netty.channel.nio.NioEventLoop.processSelectedKeysOptimized(NioEventLoop.java:579)
	at org.apache.ratis.thirdparty.io.netty.channel.nio.NioEventLoop.processSelectedKeys(NioEventLoop.java:496)
	at org.apache.ratis.thirdparty.io.netty.channel.nio.NioEventLoop.run(NioEventLoop.java:458)
	at org.apache.ratis.thirdparty.io.netty.util.concurrent.SingleThreadEventExecutor$5.run(SingleThreadEventExecutor.java:897)
	at org.apache.ratis.thirdparty.io.netty.util.concurrent.FastThreadLocalRunnable.run(FastThreadLocalRunnable.java:30)
	... 1 more
Caused by: java.net.ConnectException: Connection refused
	... 11 more
2019-10-30 11:53:03,905 [grpc-default-executor-8] INFO  impl.RaftServerImpl (RaftServerImpl.java:setRole(184)) - 9b3ef6c9-0245-4756-bf80-45d41f7a4453@group-F367C8FA5986: changes role from  FOLLOWER to FOLLOWER at term 235 for recognizeCandidate:9dbd5372-55c2-4532-b354-9494d3d545d2
2019-10-30 11:53:03,905 [grpc-default-executor-8] INFO  impl.RoleInfo (RoleInfo.java:shutdownFollowerState(121)) - 9b3ef6c9-0245-4756-bf80-45d41f7a4453: shutdown FollowerState
2019-10-30 11:53:03,905 [grpc-default-executor-8] INFO  impl.RoleInfo (RoleInfo.java:updateAndGet(143)) - 9b3ef6c9-0245-4756-bf80-45d41f7a4453: start FollowerState
2019-10-30 11:53:03,905 [Thread-3304] INFO  impl.FollowerState (FollowerState.java:run(117)) - 9b3ef6c9-0245-4756-bf80-45d41f7a4453@group-F367C8FA5986-FollowerState was interrupted: java.lang.InterruptedException: sleep interrupted
2019-10-30 11:53:03,917 [9dbd5372-55c2-4532-b354-9494d3d545d2@group-F367C8FA5986-LeaderElection444] INFO  impl.LeaderElection (LeaderElection.java:logAndReturn(56)) - 9dbd5372-55c2-4532-b354-9494d3d545d2@group-F367C8FA5986-LeaderElection444: Election REJECTED; received 1 response(s) [9dbd5372-55c2-4532-b354-9494d3d545d2<-9b3ef6c9-0245-4756-bf80-45d41f7a4453#0:FAIL-t235] and 1 exception(s); 9dbd5372-55c2-4532-b354-9494d3d545d2@group-F367C8FA5986:t235, leader=null, voted=9dbd5372-55c2-4532-b354-9494d3d545d2, raftlog=9dbd5372-55c2-4532-b354-9494d3d545d2@group-F367C8FA5986-SegmentedRaftLog:OPENED:c-1,f-1,i0, conf=-1: [9b3ef6c9-0245-4756-bf80-45d41f7a4453:192.168.157.220:37058, cd11b2f5-3187-4d03-bd60-931991550c17:192.168.157.220:43236, 9dbd5372-55c2-4532-b354-9494d3d545d2:192.168.157.220:42993], old=null
2019-10-30 11:53:03,917 [9dbd5372-55c2-4532-b354-9494d3d545d2@group-F367C8FA5986-LeaderElection444] INFO  impl.LeaderElection (LogUtils.java:infoOrTrace(149)) -   Exception 0: {}
java.util.concurrent.ExecutionException: org.apache.ratis.thirdparty.io.grpc.StatusRuntimeException: UNAVAILABLE: io exception
	at java.util.concurrent.FutureTask.report(FutureTask.java:122)
	at java.util.concurrent.FutureTask.get(FutureTask.java:192)
	at org.apache.ratis.server.impl.LeaderElection.waitForResults(LeaderElection.java:259)
	at org.apache.ratis.server.impl.LeaderElection.askForVotes(LeaderElection.java:197)
	at org.apache.ratis.server.impl.LeaderElection.run(LeaderElection.java:133)
	at java.lang.Thread.run(Thread.java:748)
Caused by: org.apache.ratis.thirdparty.io.grpc.StatusRuntimeException: UNAVAILABLE: io exception
	at org.apache.ratis.thirdparty.io.grpc.stub.ClientCalls.toStatusRuntimeException(ClientCalls.java:233)
	at org.apache.ratis.thirdparty.io.grpc.stub.ClientCalls.getUnchecked(ClientCalls.java:214)
	at org.apache.ratis.thirdparty.io.grpc.stub.ClientCalls.blockingUnaryCall(ClientCalls.java:139)
	at org.apache.ratis.proto.grpc.RaftServerProtocolServiceGrpc$RaftServerProtocolServiceBlockingStub.requestVote(RaftServerProtocolServiceGrpc.java:265)
	at org.apache.ratis.grpc.server.GrpcServerProtocolClient.requestVote(GrpcServerProtocolClient.java:99)
	at org.apache.ratis.grpc.server.GrpcService.requestVote(GrpcService.java:204)
	at org.apache.ratis.server.impl.LeaderElection.lambda$submitRequests$1(LeaderElection.java:234)
	at java.util.concurrent.FutureTask.run(FutureTask.java:266)
	at java.util.concurrent.Executors$RunnableAdapter.call(Executors.java:511)
	at java.util.concurrent.FutureTask.run(FutureTask.java:266)
	at java.util.concurrent.ThreadPoolExecutor.runWorker(ThreadPoolExecutor.java:1149)
	at java.util.concurrent.ThreadPoolExecutor$Worker.run(ThreadPoolExecutor.java:624)
	... 1 more
Caused by: org.apache.ratis.thirdparty.io.netty.channel.AbstractChannel$AnnotatedConnectException: Connection refused: /192.168.157.220:43236
	at sun.nio.ch.SocketChannelImpl.checkConnect(Native Method)
	at sun.nio.ch.SocketChannelImpl.finishConnect(SocketChannelImpl.java:717)
	at org.apache.ratis.thirdparty.io.netty.channel.socket.nio.NioSocketChannel.doFinishConnect(NioSocketChannel.java:327)
	at org.apache.ratis.thirdparty.io.netty.channel.nio.AbstractNioChannel$AbstractNioUnsafe.finishConnect(AbstractNioChannel.java:340)
	at org.apache.ratis.thirdparty.io.netty.channel.nio.NioEventLoop.processSelectedKey(NioEventLoop.java:632)
	at org.apache.ratis.thirdparty.io.netty.channel.nio.NioEventLoop.processSelectedKeysOptimized(NioEventLoop.java:579)
	at org.apache.ratis.thirdparty.io.netty.channel.nio.NioEventLoop.processSelectedKeys(NioEventLoop.java:496)
	at org.apache.ratis.thirdparty.io.netty.channel.nio.NioEventLoop.run(NioEventLoop.java:458)
	at org.apache.ratis.thirdparty.io.netty.util.concurrent.SingleThreadEventExecutor$5.run(SingleThreadEventExecutor.java:897)
	at org.apache.ratis.thirdparty.io.netty.util.concurrent.FastThreadLocalRunnable.run(FastThreadLocalRunnable.java:30)
	... 1 more
Caused by: java.net.ConnectException: Connection refused
	... 11 more
2019-10-30 11:53:03,917 [9dbd5372-55c2-4532-b354-9494d3d545d2@group-F367C8FA5986-LeaderElection444] INFO  impl.RaftServerImpl (RaftServerImpl.java:setRole(184)) - 9dbd5372-55c2-4532-b354-9494d3d545d2@group-F367C8FA5986: changes role from CANDIDATE to FOLLOWER at term 235 for DISCOVERED_A_NEW_TERM
2019-10-30 11:53:03,918 [9dbd5372-55c2-4532-b354-9494d3d545d2@group-F367C8FA5986-LeaderElection444] INFO  impl.RoleInfo (RoleInfo.java:shutdownLeaderElection(134)) - 9dbd5372-55c2-4532-b354-9494d3d545d2: shutdown LeaderElection
2019-10-30 11:53:03,918 [9dbd5372-55c2-4532-b354-9494d3d545d2@group-F367C8FA5986-LeaderElection444] INFO  impl.RoleInfo (RoleInfo.java:updateAndGet(143)) - 9dbd5372-55c2-4532-b354-9494d3d545d2: start FollowerState
2019-10-30 11:53:03,996 [Thread-3310] INFO  impl.FollowerState (FollowerState.java:run(108)) - 9dbd5372-55c2-4532-b354-9494d3d545d2@group-F367C8FA5986-FollowerState: change to CANDIDATE, lastRpcTime:78ms, electionTimeout:66ms
2019-10-30 11:53:03,996 [Thread-3310] INFO  impl.RoleInfo (RoleInfo.java:shutdownFollowerState(121)) - 9dbd5372-55c2-4532-b354-9494d3d545d2: shutdown FollowerState
2019-10-30 11:53:03,996 [Thread-3310] INFO  impl.RaftServerImpl (RaftServerImpl.java:setRole(184)) - 9dbd5372-55c2-4532-b354-9494d3d545d2@group-F367C8FA5986: changes role from  FOLLOWER to CANDIDATE at term 235 for changeToCandidate
2019-10-30 11:53:03,996 [Thread-3310] INFO  impl.RoleInfo (RoleInfo.java:updateAndGet(143)) - 9dbd5372-55c2-4532-b354-9494d3d545d2: start LeaderElection
2019-10-30 11:53:04,007 [9dbd5372-55c2-4532-b354-9494d3d545d2@group-F367C8FA5986-LeaderElection445] INFO  impl.LeaderElection (LeaderElection.java:askForVotes(178)) - 9dbd5372-55c2-4532-b354-9494d3d545d2@group-F367C8FA5986-LeaderElection445: begin an election at term 236 for -1: [9b3ef6c9-0245-4756-bf80-45d41f7a4453:192.168.157.220:37058, cd11b2f5-3187-4d03-bd60-931991550c17:192.168.157.220:43236, 9dbd5372-55c2-4532-b354-9494d3d545d2:192.168.157.220:42993], old=null
2019-10-30 11:53:04,019 [9dbd5372-55c2-4532-b354-9494d3d545d2@group-F367C8FA5986-LeaderElection445] INFO  impl.LeaderElection (LogUtils.java:infoOrTrace(149)) - 9dbd5372-55c2-4532-b354-9494d3d545d2@group-F367C8FA5986-LeaderElection445 got exception when requesting votes: {}
java.util.concurrent.ExecutionException: org.apache.ratis.thirdparty.io.grpc.StatusRuntimeException: UNAVAILABLE: io exception
	at java.util.concurrent.FutureTask.report(FutureTask.java:122)
	at java.util.concurrent.FutureTask.get(FutureTask.java:192)
	at org.apache.ratis.server.impl.LeaderElection.waitForResults(LeaderElection.java:259)
	at org.apache.ratis.server.impl.LeaderElection.askForVotes(LeaderElection.java:197)
	at org.apache.ratis.server.impl.LeaderElection.run(LeaderElection.java:133)
	at java.lang.Thread.run(Thread.java:748)
Caused by: org.apache.ratis.thirdparty.io.grpc.StatusRuntimeException: UNAVAILABLE: io exception
	at org.apache.ratis.thirdparty.io.grpc.stub.ClientCalls.toStatusRuntimeException(ClientCalls.java:233)
	at org.apache.ratis.thirdparty.io.grpc.stub.ClientCalls.getUnchecked(ClientCalls.java:214)
	at org.apache.ratis.thirdparty.io.grpc.stub.ClientCalls.blockingUnaryCall(ClientCalls.java:139)
	at org.apache.ratis.proto.grpc.RaftServerProtocolServiceGrpc$RaftServerProtocolServiceBlockingStub.requestVote(RaftServerProtocolServiceGrpc.java:265)
	at org.apache.ratis.grpc.server.GrpcServerProtocolClient.requestVote(GrpcServerProtocolClient.java:99)
	at org.apache.ratis.grpc.server.GrpcService.requestVote(GrpcService.java:204)
	at org.apache.ratis.server.impl.LeaderElection.lambda$submitRequests$1(LeaderElection.java:234)
	at java.util.concurrent.FutureTask.run(FutureTask.java:266)
	at java.util.concurrent.Executors$RunnableAdapter.call(Executors.java:511)
	at java.util.concurrent.FutureTask.run(FutureTask.java:266)
	at java.util.concurrent.ThreadPoolExecutor.runWorker(ThreadPoolExecutor.java:1149)
	at java.util.concurrent.ThreadPoolExecutor$Worker.run(ThreadPoolExecutor.java:624)
	... 1 more
Caused by: org.apache.ratis.thirdparty.io.netty.channel.AbstractChannel$AnnotatedConnectException: Connection refused: /192.168.157.220:43236
	at sun.nio.ch.SocketChannelImpl.checkConnect(Native Method)
	at sun.nio.ch.SocketChannelImpl.finishConnect(SocketChannelImpl.java:717)
	at org.apache.ratis.thirdparty.io.netty.channel.socket.nio.NioSocketChannel.doFinishConnect(NioSocketChannel.java:327)
	at org.apache.ratis.thirdparty.io.netty.channel.nio.AbstractNioChannel$AbstractNioUnsafe.finishConnect(AbstractNioChannel.java:340)
	at org.apache.ratis.thirdparty.io.netty.channel.nio.NioEventLoop.processSelectedKey(NioEventLoop.java:632)
	at org.apache.ratis.thirdparty.io.netty.channel.nio.NioEventLoop.processSelectedKeysOptimized(NioEventLoop.java:579)
	at org.apache.ratis.thirdparty.io.netty.channel.nio.NioEventLoop.processSelectedKeys(NioEventLoop.java:496)
	at org.apache.ratis.thirdparty.io.netty.channel.nio.NioEventLoop.run(NioEventLoop.java:458)
	at org.apache.ratis.thirdparty.io.netty.util.concurrent.SingleThreadEventExecutor$5.run(SingleThreadEventExecutor.java:897)
	at org.apache.ratis.thirdparty.io.netty.util.concurrent.FastThreadLocalRunnable.run(FastThreadLocalRunnable.java:30)
	... 1 more
Caused by: java.net.ConnectException: Connection refused
	... 11 more
2019-10-30 11:53:04,023 [grpc-default-executor-8] INFO  impl.RaftServerImpl (RaftServerImpl.java:setRole(184)) - 9b3ef6c9-0245-4756-bf80-45d41f7a4453@group-F367C8FA5986: changes role from  FOLLOWER to FOLLOWER at term 236 for recognizeCandidate:9dbd5372-55c2-4532-b354-9494d3d545d2
2019-10-30 11:53:04,023 [grpc-default-executor-8] INFO  impl.RoleInfo (RoleInfo.java:shutdownFollowerState(121)) - 9b3ef6c9-0245-4756-bf80-45d41f7a4453: shutdown FollowerState
2019-10-30 11:53:04,023 [grpc-default-executor-8] INFO  impl.RoleInfo (RoleInfo.java:updateAndGet(143)) - 9b3ef6c9-0245-4756-bf80-45d41f7a4453: start FollowerState
2019-10-30 11:53:04,024 [Thread-3309] INFO  impl.FollowerState (FollowerState.java:run(117)) - 9b3ef6c9-0245-4756-bf80-45d41f7a4453@group-F367C8FA5986-FollowerState was interrupted: java.lang.InterruptedException: sleep interrupted
2019-10-30 11:53:04,032 [9dbd5372-55c2-4532-b354-9494d3d545d2@group-F367C8FA5986-LeaderElection445] INFO  impl.LeaderElection (LeaderElection.java:logAndReturn(56)) - 9dbd5372-55c2-4532-b354-9494d3d545d2@group-F367C8FA5986-LeaderElection445: Election REJECTED; received 1 response(s) [9dbd5372-55c2-4532-b354-9494d3d545d2<-9b3ef6c9-0245-4756-bf80-45d41f7a4453#0:FAIL-t236] and 1 exception(s); 9dbd5372-55c2-4532-b354-9494d3d545d2@group-F367C8FA5986:t236, leader=null, voted=9dbd5372-55c2-4532-b354-9494d3d545d2, raftlog=9dbd5372-55c2-4532-b354-9494d3d545d2@group-F367C8FA5986-SegmentedRaftLog:OPENED:c-1,f-1,i0, conf=-1: [9b3ef6c9-0245-4756-bf80-45d41f7a4453:192.168.157.220:37058, cd11b2f5-3187-4d03-bd60-931991550c17:192.168.157.220:43236, 9dbd5372-55c2-4532-b354-9494d3d545d2:192.168.157.220:42993], old=null
2019-10-30 11:53:04,033 [9dbd5372-55c2-4532-b354-9494d3d545d2@group-F367C8FA5986-LeaderElection445] INFO  impl.LeaderElection (LogUtils.java:infoOrTrace(149)) -   Exception 0: {}
java.util.concurrent.ExecutionException: org.apache.ratis.thirdparty.io.grpc.StatusRuntimeException: UNAVAILABLE: io exception
	at java.util.concurrent.FutureTask.report(FutureTask.java:122)
	at java.util.concurrent.FutureTask.get(FutureTask.java:192)
	at org.apache.ratis.server.impl.LeaderElection.waitForResults(LeaderElection.java:259)
	at org.apache.ratis.server.impl.LeaderElection.askForVotes(LeaderElection.java:197)
	at org.apache.ratis.server.impl.LeaderElection.run(LeaderElection.java:133)
	at java.lang.Thread.run(Thread.java:748)
Caused by: org.apache.ratis.thirdparty.io.grpc.StatusRuntimeException: UNAVAILABLE: io exception
	at org.apache.ratis.thirdparty.io.grpc.stub.ClientCalls.toStatusRuntimeException(ClientCalls.java:233)
	at org.apache.ratis.thirdparty.io.grpc.stub.ClientCalls.getUnchecked(ClientCalls.java:214)
	at org.apache.ratis.thirdparty.io.grpc.stub.ClientCalls.blockingUnaryCall(ClientCalls.java:139)
	at org.apache.ratis.proto.grpc.RaftServerProtocolServiceGrpc$RaftServerProtocolServiceBlockingStub.requestVote(RaftServerProtocolServiceGrpc.java:265)
	at org.apache.ratis.grpc.server.GrpcServerProtocolClient.requestVote(GrpcServerProtocolClient.java:99)
	at org.apache.ratis.grpc.server.GrpcService.requestVote(GrpcService.java:204)
	at org.apache.ratis.server.impl.LeaderElection.lambda$submitRequests$1(LeaderElection.java:234)
	at java.util.concurrent.FutureTask.run(FutureTask.java:266)
	at java.util.concurrent.Executors$RunnableAdapter.call(Executors.java:511)
	at java.util.concurrent.FutureTask.run(FutureTask.java:266)
	at java.util.concurrent.ThreadPoolExecutor.runWorker(ThreadPoolExecutor.java:1149)
	at java.util.concurrent.ThreadPoolExecutor$Worker.run(ThreadPoolExecutor.java:624)
	... 1 more
Caused by: org.apache.ratis.thirdparty.io.netty.channel.AbstractChannel$AnnotatedConnectException: Connection refused: /192.168.157.220:43236
	at sun.nio.ch.SocketChannelImpl.checkConnect(Native Method)
	at sun.nio.ch.SocketChannelImpl.finishConnect(SocketChannelImpl.java:717)
	at org.apache.ratis.thirdparty.io.netty.channel.socket.nio.NioSocketChannel.doFinishConnect(NioSocketChannel.java:327)
	at org.apache.ratis.thirdparty.io.netty.channel.nio.AbstractNioChannel$AbstractNioUnsafe.finishConnect(AbstractNioChannel.java:340)
	at org.apache.ratis.thirdparty.io.netty.channel.nio.NioEventLoop.processSelectedKey(NioEventLoop.java:632)
	at org.apache.ratis.thirdparty.io.netty.channel.nio.NioEventLoop.processSelectedKeysOptimized(NioEventLoop.java:579)
	at org.apache.ratis.thirdparty.io.netty.channel.nio.NioEventLoop.processSelectedKeys(NioEventLoop.java:496)
	at org.apache.ratis.thirdparty.io.netty.channel.nio.NioEventLoop.run(NioEventLoop.java:458)
	at org.apache.ratis.thirdparty.io.netty.util.concurrent.SingleThreadEventExecutor$5.run(SingleThreadEventExecutor.java:897)
	at org.apache.ratis.thirdparty.io.netty.util.concurrent.FastThreadLocalRunnable.run(FastThreadLocalRunnable.java:30)
	... 1 more
Caused by: java.net.ConnectException: Connection refused
	... 11 more
2019-10-30 11:53:04,033 [9dbd5372-55c2-4532-b354-9494d3d545d2@group-F367C8FA5986-LeaderElection445] INFO  impl.RaftServerImpl (RaftServerImpl.java:setRole(184)) - 9dbd5372-55c2-4532-b354-9494d3d545d2@group-F367C8FA5986: changes role from CANDIDATE to FOLLOWER at term 236 for DISCOVERED_A_NEW_TERM
2019-10-30 11:53:04,033 [9dbd5372-55c2-4532-b354-9494d3d545d2@group-F367C8FA5986-LeaderElection445] INFO  impl.RoleInfo (RoleInfo.java:shutdownLeaderElection(134)) - 9dbd5372-55c2-4532-b354-9494d3d545d2: shutdown LeaderElection
2019-10-30 11:53:04,033 [9dbd5372-55c2-4532-b354-9494d3d545d2@group-F367C8FA5986-LeaderElection445] INFO  impl.RoleInfo (RoleInfo.java:updateAndGet(143)) - 9dbd5372-55c2-4532-b354-9494d3d545d2: start FollowerState
2019-10-30 11:53:04,042 [Datanode State Machine Thread - 0] INFO  statemachine.DatanodeStateMachine (DatanodeStateMachine.java:lambda$startDaemon$0(350)) - Ozone container server started.
2019-10-30 11:53:04,059 [Thread-3315] INFO  impl.FollowerState (FollowerState.java:run(108)) - 9dbd5372-55c2-4532-b354-9494d3d545d2@group-F367C8FA5986-FollowerState: change to CANDIDATE, lastRpcTime:25ms, electionTimeout:25ms
2019-10-30 11:53:04,059 [Thread-3315] INFO  impl.RoleInfo (RoleInfo.java:shutdownFollowerState(121)) - 9dbd5372-55c2-4532-b354-9494d3d545d2: shutdown FollowerState
2019-10-30 11:53:04,059 [Thread-3315] INFO  impl.RaftServerImpl (RaftServerImpl.java:setRole(184)) - 9dbd5372-55c2-4532-b354-9494d3d545d2@group-F367C8FA5986: changes role from  FOLLOWER to CANDIDATE at term 236 for changeToCandidate
2019-10-30 11:53:04,059 [Thread-3315] INFO  impl.RoleInfo (RoleInfo.java:updateAndGet(143)) - 9dbd5372-55c2-4532-b354-9494d3d545d2: start LeaderElection
2019-10-30 11:53:04,067 [9dbd5372-55c2-4532-b354-9494d3d545d2@group-F367C8FA5986-LeaderElection446] INFO  impl.LeaderElection (LeaderElection.java:askForVotes(178)) - 9dbd5372-55c2-4532-b354-9494d3d545d2@group-F367C8FA5986-LeaderElection446: begin an election at term 237 for -1: [9b3ef6c9-0245-4756-bf80-45d41f7a4453:192.168.157.220:37058, cd11b2f5-3187-4d03-bd60-931991550c17:192.168.157.220:43236, 9dbd5372-55c2-4532-b354-9494d3d545d2:192.168.157.220:42993], old=null
2019-10-30 11:53:04,069 [grpc-default-executor-8] INFO  impl.RaftServerImpl (RaftServerImpl.java:setRole(184)) - 9b3ef6c9-0245-4756-bf80-45d41f7a4453@group-F367C8FA5986: changes role from  FOLLOWER to FOLLOWER at term 237 for recognizeCandidate:9dbd5372-55c2-4532-b354-9494d3d545d2
2019-10-30 11:53:04,069 [grpc-default-executor-8] INFO  impl.RoleInfo (RoleInfo.java:shutdownFollowerState(121)) - 9b3ef6c9-0245-4756-bf80-45d41f7a4453: shutdown FollowerState
2019-10-30 11:53:04,069 [grpc-default-executor-8] INFO  impl.RoleInfo (RoleInfo.java:updateAndGet(143)) - 9b3ef6c9-0245-4756-bf80-45d41f7a4453: start FollowerState
2019-10-30 11:53:04,070 [Thread-3314] INFO  impl.FollowerState (FollowerState.java:run(117)) - 9b3ef6c9-0245-4756-bf80-45d41f7a4453@group-F367C8FA5986-FollowerState was interrupted: java.lang.InterruptedException: sleep interrupted
2019-10-30 11:53:04,072 [9dbd5372-55c2-4532-b354-9494d3d545d2@group-F367C8FA5986-LeaderElection446] INFO  impl.LeaderElection (LogUtils.java:infoOrTrace(149)) - 9dbd5372-55c2-4532-b354-9494d3d545d2@group-F367C8FA5986-LeaderElection446 got exception when requesting votes: {}
java.util.concurrent.ExecutionException: org.apache.ratis.thirdparty.io.grpc.StatusRuntimeException: UNAVAILABLE: io exception
	at java.util.concurrent.FutureTask.report(FutureTask.java:122)
	at java.util.concurrent.FutureTask.get(FutureTask.java:192)
	at org.apache.ratis.server.impl.LeaderElection.waitForResults(LeaderElection.java:259)
	at org.apache.ratis.server.impl.LeaderElection.askForVotes(LeaderElection.java:197)
	at org.apache.ratis.server.impl.LeaderElection.run(LeaderElection.java:133)
	at java.lang.Thread.run(Thread.java:748)
Caused by: org.apache.ratis.thirdparty.io.grpc.StatusRuntimeException: UNAVAILABLE: io exception
	at org.apache.ratis.thirdparty.io.grpc.stub.ClientCalls.toStatusRuntimeException(ClientCalls.java:233)
	at org.apache.ratis.thirdparty.io.grpc.stub.ClientCalls.getUnchecked(ClientCalls.java:214)
	at org.apache.ratis.thirdparty.io.grpc.stub.ClientCalls.blockingUnaryCall(ClientCalls.java:139)
	at org.apache.ratis.proto.grpc.RaftServerProtocolServiceGrpc$RaftServerProtocolServiceBlockingStub.requestVote(RaftServerProtocolServiceGrpc.java:265)
	at org.apache.ratis.grpc.server.GrpcServerProtocolClient.requestVote(GrpcServerProtocolClient.java:99)
	at org.apache.ratis.grpc.server.GrpcService.requestVote(GrpcService.java:204)
	at org.apache.ratis.server.impl.LeaderElection.lambda$submitRequests$1(LeaderElection.java:234)
	at java.util.concurrent.FutureTask.run(FutureTask.java:266)
	at java.util.concurrent.Executors$RunnableAdapter.call(Executors.java:511)
	at java.util.concurrent.FutureTask.run(FutureTask.java:266)
	at java.util.concurrent.ThreadPoolExecutor.runWorker(ThreadPoolExecutor.java:1149)
	at java.util.concurrent.ThreadPoolExecutor$Worker.run(ThreadPoolExecutor.java:624)
	... 1 more
Caused by: org.apache.ratis.thirdparty.io.netty.channel.AbstractChannel$AnnotatedConnectException: Connection refused: /192.168.157.220:43236
	at sun.nio.ch.SocketChannelImpl.checkConnect(Native Method)
	at sun.nio.ch.SocketChannelImpl.finishConnect(SocketChannelImpl.java:717)
	at org.apache.ratis.thirdparty.io.netty.channel.socket.nio.NioSocketChannel.doFinishConnect(NioSocketChannel.java:327)
	at org.apache.ratis.thirdparty.io.netty.channel.nio.AbstractNioChannel$AbstractNioUnsafe.finishConnect(AbstractNioChannel.java:340)
	at org.apache.ratis.thirdparty.io.netty.channel.nio.NioEventLoop.processSelectedKey(NioEventLoop.java:632)
	at org.apache.ratis.thirdparty.io.netty.channel.nio.NioEventLoop.processSelectedKeysOptimized(NioEventLoop.java:579)
	at org.apache.ratis.thirdparty.io.netty.channel.nio.NioEventLoop.processSelectedKeys(NioEventLoop.java:496)
	at org.apache.ratis.thirdparty.io.netty.channel.nio.NioEventLoop.run(NioEventLoop.java:458)
	at org.apache.ratis.thirdparty.io.netty.util.concurrent.SingleThreadEventExecutor$5.run(SingleThreadEventExecutor.java:897)
	at org.apache.ratis.thirdparty.io.netty.util.concurrent.FastThreadLocalRunnable.run(FastThreadLocalRunnable.java:30)
	... 1 more
Caused by: java.net.ConnectException: Connection refused
	... 11 more
2019-10-30 11:53:04,089 [9dbd5372-55c2-4532-b354-9494d3d545d2@group-F367C8FA5986-LeaderElection446] INFO  impl.LeaderElection (LeaderElection.java:logAndReturn(56)) - 9dbd5372-55c2-4532-b354-9494d3d545d2@group-F367C8FA5986-LeaderElection446: Election REJECTED; received 1 response(s) [9dbd5372-55c2-4532-b354-9494d3d545d2<-9b3ef6c9-0245-4756-bf80-45d41f7a4453#0:FAIL-t237] and 1 exception(s); 9dbd5372-55c2-4532-b354-9494d3d545d2@group-F367C8FA5986:t237, leader=null, voted=9dbd5372-55c2-4532-b354-9494d3d545d2, raftlog=9dbd5372-55c2-4532-b354-9494d3d545d2@group-F367C8FA5986-SegmentedRaftLog:OPENED:c-1,f-1,i0, conf=-1: [9b3ef6c9-0245-4756-bf80-45d41f7a4453:192.168.157.220:37058, cd11b2f5-3187-4d03-bd60-931991550c17:192.168.157.220:43236, 9dbd5372-55c2-4532-b354-9494d3d545d2:192.168.157.220:42993], old=null
2019-10-30 11:53:04,090 [9dbd5372-55c2-4532-b354-9494d3d545d2@group-F367C8FA5986-LeaderElection446] INFO  impl.LeaderElection (LogUtils.java:infoOrTrace(149)) -   Exception 0: {}
java.util.concurrent.ExecutionException: org.apache.ratis.thirdparty.io.grpc.StatusRuntimeException: UNAVAILABLE: io exception
	at java.util.concurrent.FutureTask.report(FutureTask.java:122)
	at java.util.concurrent.FutureTask.get(FutureTask.java:192)
	at org.apache.ratis.server.impl.LeaderElection.waitForResults(LeaderElection.java:259)
	at org.apache.ratis.server.impl.LeaderElection.askForVotes(LeaderElection.java:197)
	at org.apache.ratis.server.impl.LeaderElection.run(LeaderElection.java:133)
	at java.lang.Thread.run(Thread.java:748)
Caused by: org.apache.ratis.thirdparty.io.grpc.StatusRuntimeException: UNAVAILABLE: io exception
	at org.apache.ratis.thirdparty.io.grpc.stub.ClientCalls.toStatusRuntimeException(ClientCalls.java:233)
	at org.apache.ratis.thirdparty.io.grpc.stub.ClientCalls.getUnchecked(ClientCalls.java:214)
	at org.apache.ratis.thirdparty.io.grpc.stub.ClientCalls.blockingUnaryCall(ClientCalls.java:139)
	at org.apache.ratis.proto.grpc.RaftServerProtocolServiceGrpc$RaftServerProtocolServiceBlockingStub.requestVote(RaftServerProtocolServiceGrpc.java:265)
	at org.apache.ratis.grpc.server.GrpcServerProtocolClient.requestVote(GrpcServerProtocolClient.java:99)
	at org.apache.ratis.grpc.server.GrpcService.requestVote(GrpcService.java:204)
	at org.apache.ratis.server.impl.LeaderElection.lambda$submitRequests$1(LeaderElection.java:234)
	at java.util.concurrent.FutureTask.run(FutureTask.java:266)
	at java.util.concurrent.Executors$RunnableAdapter.call(Executors.java:511)
	at java.util.concurrent.FutureTask.run(FutureTask.java:266)
	at java.util.concurrent.ThreadPoolExecutor.runWorker(ThreadPoolExecutor.java:1149)
	at java.util.concurrent.ThreadPoolExecutor$Worker.run(ThreadPoolExecutor.java:624)
	... 1 more
Caused by: org.apache.ratis.thirdparty.io.netty.channel.AbstractChannel$AnnotatedConnectException: Connection refused: /192.168.157.220:43236
	at sun.nio.ch.SocketChannelImpl.checkConnect(Native Method)
	at sun.nio.ch.SocketChannelImpl.finishConnect(SocketChannelImpl.java:717)
	at org.apache.ratis.thirdparty.io.netty.channel.socket.nio.NioSocketChannel.doFinishConnect(NioSocketChannel.java:327)
	at org.apache.ratis.thirdparty.io.netty.channel.nio.AbstractNioChannel$AbstractNioUnsafe.finishConnect(AbstractNioChannel.java:340)
	at org.apache.ratis.thirdparty.io.netty.channel.nio.NioEventLoop.processSelectedKey(NioEventLoop.java:632)
	at org.apache.ratis.thirdparty.io.netty.channel.nio.NioEventLoop.processSelectedKeysOptimized(NioEventLoop.java:579)
	at org.apache.ratis.thirdparty.io.netty.channel.nio.NioEventLoop.processSelectedKeys(NioEventLoop.java:496)
	at org.apache.ratis.thirdparty.io.netty.channel.nio.NioEventLoop.run(NioEventLoop.java:458)
	at org.apache.ratis.thirdparty.io.netty.util.concurrent.SingleThreadEventExecutor$5.run(SingleThreadEventExecutor.java:897)
	at org.apache.ratis.thirdparty.io.netty.util.concurrent.FastThreadLocalRunnable.run(FastThreadLocalRunnable.java:30)
	... 1 more
Caused by: java.net.ConnectException: Connection refused
	... 11 more
2019-10-30 11:53:04,090 [9dbd5372-55c2-4532-b354-9494d3d545d2@group-F367C8FA5986-LeaderElection446] INFO  impl.RaftServerImpl (RaftServerImpl.java:setRole(184)) - 9dbd5372-55c2-4532-b354-9494d3d545d2@group-F367C8FA5986: changes role from CANDIDATE to FOLLOWER at term 237 for DISCOVERED_A_NEW_TERM
2019-10-30 11:53:04,090 [9dbd5372-55c2-4532-b354-9494d3d545d2@group-F367C8FA5986-LeaderElection446] INFO  impl.RoleInfo (RoleInfo.java:shutdownLeaderElection(134)) - 9dbd5372-55c2-4532-b354-9494d3d545d2: shutdown LeaderElection
2019-10-30 11:53:04,090 [9dbd5372-55c2-4532-b354-9494d3d545d2@group-F367C8FA5986-LeaderElection446] INFO  impl.RoleInfo (RoleInfo.java:updateAndGet(143)) - 9dbd5372-55c2-4532-b354-9494d3d545d2: start FollowerState
2019-10-30 11:53:04,107 [Thread-3320] INFO  impl.FollowerState (FollowerState.java:run(108)) - 9dbd5372-55c2-4532-b354-9494d3d545d2@group-F367C8FA5986-FollowerState: change to CANDIDATE, lastRpcTime:16ms, electionTimeout:16ms
2019-10-30 11:53:04,108 [Thread-3320] INFO  impl.RoleInfo (RoleInfo.java:shutdownFollowerState(121)) - 9dbd5372-55c2-4532-b354-9494d3d545d2: shutdown FollowerState
2019-10-30 11:53:04,108 [Thread-3320] INFO  impl.RaftServerImpl (RaftServerImpl.java:setRole(184)) - 9dbd5372-55c2-4532-b354-9494d3d545d2@group-F367C8FA5986: changes role from  FOLLOWER to CANDIDATE at term 237 for changeToCandidate
2019-10-30 11:53:04,108 [Thread-3320] INFO  impl.RoleInfo (RoleInfo.java:updateAndGet(143)) - 9dbd5372-55c2-4532-b354-9494d3d545d2: start LeaderElection
2019-10-30 11:53:04,118 [9dbd5372-55c2-4532-b354-9494d3d545d2@group-F367C8FA5986-LeaderElection447] INFO  impl.LeaderElection (LeaderElection.java:askForVotes(178)) - 9dbd5372-55c2-4532-b354-9494d3d545d2@group-F367C8FA5986-LeaderElection447: begin an election at term 238 for -1: [9b3ef6c9-0245-4756-bf80-45d41f7a4453:192.168.157.220:37058, cd11b2f5-3187-4d03-bd60-931991550c17:192.168.157.220:43236, 9dbd5372-55c2-4532-b354-9494d3d545d2:192.168.157.220:42993], old=null
2019-10-30 11:53:04,119 [9dbd5372-55c2-4532-b354-9494d3d545d2@group-F367C8FA5986-LeaderElection447] INFO  impl.LeaderElection (LogUtils.java:infoOrTrace(149)) - 9dbd5372-55c2-4532-b354-9494d3d545d2@group-F367C8FA5986-LeaderElection447 got exception when requesting votes: {}
java.util.concurrent.ExecutionException: org.apache.ratis.thirdparty.io.grpc.StatusRuntimeException: UNAVAILABLE: io exception
	at java.util.concurrent.FutureTask.report(FutureTask.java:122)
	at java.util.concurrent.FutureTask.get(FutureTask.java:192)
	at org.apache.ratis.server.impl.LeaderElection.waitForResults(LeaderElection.java:259)
	at org.apache.ratis.server.impl.LeaderElection.askForVotes(LeaderElection.java:197)
	at org.apache.ratis.server.impl.LeaderElection.run(LeaderElection.java:133)
	at java.lang.Thread.run(Thread.java:748)
Caused by: org.apache.ratis.thirdparty.io.grpc.StatusRuntimeException: UNAVAILABLE: io exception
	at org.apache.ratis.thirdparty.io.grpc.stub.ClientCalls.toStatusRuntimeException(ClientCalls.java:233)
	at org.apache.ratis.thirdparty.io.grpc.stub.ClientCalls.getUnchecked(ClientCalls.java:214)
	at org.apache.ratis.thirdparty.io.grpc.stub.ClientCalls.blockingUnaryCall(ClientCalls.java:139)
	at org.apache.ratis.proto.grpc.RaftServerProtocolServiceGrpc$RaftServerProtocolServiceBlockingStub.requestVote(RaftServerProtocolServiceGrpc.java:265)
	at org.apache.ratis.grpc.server.GrpcServerProtocolClient.requestVote(GrpcServerProtocolClient.java:99)
	at org.apache.ratis.grpc.server.GrpcService.requestVote(GrpcService.java:204)
	at org.apache.ratis.server.impl.LeaderElection.lambda$submitRequests$1(LeaderElection.java:234)
	at java.util.concurrent.FutureTask.run(FutureTask.java:266)
	at java.util.concurrent.Executors$RunnableAdapter.call(Executors.java:511)
	at java.util.concurrent.FutureTask.run(FutureTask.java:266)
	at java.util.concurrent.ThreadPoolExecutor.runWorker(ThreadPoolExecutor.java:1149)
	at java.util.concurrent.ThreadPoolExecutor$Worker.run(ThreadPoolExecutor.java:624)
	... 1 more
Caused by: org.apache.ratis.thirdparty.io.netty.channel.AbstractChannel$AnnotatedConnectException: Connection refused: /192.168.157.220:43236
	at sun.nio.ch.SocketChannelImpl.checkConnect(Native Method)
	at sun.nio.ch.SocketChannelImpl.finishConnect(SocketChannelImpl.java:717)
	at org.apache.ratis.thirdparty.io.netty.channel.socket.nio.NioSocketChannel.doFinishConnect(NioSocketChannel.java:327)
	at org.apache.ratis.thirdparty.io.netty.channel.nio.AbstractNioChannel$AbstractNioUnsafe.finishConnect(AbstractNioChannel.java:340)
	at org.apache.ratis.thirdparty.io.netty.channel.nio.NioEventLoop.processSelectedKey(NioEventLoop.java:632)
	at org.apache.ratis.thirdparty.io.netty.channel.nio.NioEventLoop.processSelectedKeysOptimized(NioEventLoop.java:579)
	at org.apache.ratis.thirdparty.io.netty.channel.nio.NioEventLoop.processSelectedKeys(NioEventLoop.java:496)
	at org.apache.ratis.thirdparty.io.netty.channel.nio.NioEventLoop.run(NioEventLoop.java:458)
	at org.apache.ratis.thirdparty.io.netty.util.concurrent.SingleThreadEventExecutor$5.run(SingleThreadEventExecutor.java:897)
	at org.apache.ratis.thirdparty.io.netty.util.concurrent.FastThreadLocalRunnable.run(FastThreadLocalRunnable.java:30)
	... 1 more
Caused by: java.net.ConnectException: Connection refused
	... 11 more
2019-10-30 11:53:04,121 [grpc-default-executor-8] INFO  impl.RaftServerImpl (RaftServerImpl.java:setRole(184)) - 9b3ef6c9-0245-4756-bf80-45d41f7a4453@group-F367C8FA5986: changes role from  FOLLOWER to FOLLOWER at term 238 for recognizeCandidate:9dbd5372-55c2-4532-b354-9494d3d545d2
2019-10-30 11:53:04,121 [grpc-default-executor-8] INFO  impl.RoleInfo (RoleInfo.java:shutdownFollowerState(121)) - 9b3ef6c9-0245-4756-bf80-45d41f7a4453: shutdown FollowerState
2019-10-30 11:53:04,121 [grpc-default-executor-8] INFO  impl.RoleInfo (RoleInfo.java:updateAndGet(143)) - 9b3ef6c9-0245-4756-bf80-45d41f7a4453: start FollowerState
2019-10-30 11:53:04,122 [Thread-3319] INFO  impl.FollowerState (FollowerState.java:run(117)) - 9b3ef6c9-0245-4756-bf80-45d41f7a4453@group-F367C8FA5986-FollowerState was interrupted: java.lang.InterruptedException: sleep interrupted
2019-10-30 11:53:04,123 [Thread-3270] INFO  impl.FollowerState (FollowerState.java:run(108)) - 4cc44201-a597-43af-a4ec-5b1b407a6250@group-83984122B78E-FollowerState: change to CANDIDATE, lastRpcTime:1069ms, electionTimeout:1067ms
2019-10-30 11:53:04,123 [Thread-3270] INFO  impl.RoleInfo (RoleInfo.java:shutdownFollowerState(121)) - 4cc44201-a597-43af-a4ec-5b1b407a6250: shutdown FollowerState
2019-10-30 11:53:04,123 [Thread-3270] INFO  impl.RaftServerImpl (RaftServerImpl.java:setRole(184)) - 4cc44201-a597-43af-a4ec-5b1b407a6250@group-83984122B78E: changes role from  FOLLOWER to CANDIDATE at term 240 for changeToCandidate
2019-10-30 11:53:04,123 [Thread-3270] INFO  impl.RoleInfo (RoleInfo.java:updateAndGet(143)) - 4cc44201-a597-43af-a4ec-5b1b407a6250: start LeaderElection
2019-10-30 11:53:04,131 [4cc44201-a597-43af-a4ec-5b1b407a6250@group-83984122B78E-LeaderElection448] INFO  impl.LeaderElection (LeaderElection.java:askForVotes(178)) - 4cc44201-a597-43af-a4ec-5b1b407a6250@group-83984122B78E-LeaderElection448: begin an election at term 241 for 0: [4f16e274-8663-4a15-9c4c-c81f650ab979:192.168.157.220:38181, 4cc44201-a597-43af-a4ec-5b1b407a6250:192.168.157.220:36685, f26e10ed-fb17-49e6-a903-eadc130d13d1:192.168.157.220:32806], old=null
2019-10-30 11:53:04,133 [9dbd5372-55c2-4532-b354-9494d3d545d2@group-F367C8FA5986-LeaderElection447] INFO  impl.LeaderElection (LeaderElection.java:logAndReturn(56)) - 9dbd5372-55c2-4532-b354-9494d3d545d2@group-F367C8FA5986-LeaderElection447: Election REJECTED; received 1 response(s) [9dbd5372-55c2-4532-b354-9494d3d545d2<-9b3ef6c9-0245-4756-bf80-45d41f7a4453#0:FAIL-t238] and 1 exception(s); 9dbd5372-55c2-4532-b354-9494d3d545d2@group-F367C8FA5986:t238, leader=null, voted=9dbd5372-55c2-4532-b354-9494d3d545d2, raftlog=9dbd5372-55c2-4532-b354-9494d3d545d2@group-F367C8FA5986-SegmentedRaftLog:OPENED:c-1,f-1,i0, conf=-1: [9b3ef6c9-0245-4756-bf80-45d41f7a4453:192.168.157.220:37058, cd11b2f5-3187-4d03-bd60-931991550c17:192.168.157.220:43236, 9dbd5372-55c2-4532-b354-9494d3d545d2:192.168.157.220:42993], old=null
2019-10-30 11:53:04,134 [9dbd5372-55c2-4532-b354-9494d3d545d2@group-F367C8FA5986-LeaderElection447] INFO  impl.LeaderElection (LogUtils.java:infoOrTrace(149)) -   Exception 0: {}
java.util.concurrent.ExecutionException: org.apache.ratis.thirdparty.io.grpc.StatusRuntimeException: UNAVAILABLE: io exception
	at java.util.concurrent.FutureTask.report(FutureTask.java:122)
	at java.util.concurrent.FutureTask.get(FutureTask.java:192)
	at org.apache.ratis.server.impl.LeaderElection.waitForResults(LeaderElection.java:259)
	at org.apache.ratis.server.impl.LeaderElection.askForVotes(LeaderElection.java:197)
	at org.apache.ratis.server.impl.LeaderElection.run(LeaderElection.java:133)
	at java.lang.Thread.run(Thread.java:748)
Caused by: org.apache.ratis.thirdparty.io.grpc.StatusRuntimeException: UNAVAILABLE: io exception
	at org.apache.ratis.thirdparty.io.grpc.stub.ClientCalls.toStatusRuntimeException(ClientCalls.java:233)
	at org.apache.ratis.thirdparty.io.grpc.stub.ClientCalls.getUnchecked(ClientCalls.java:214)
	at org.apache.ratis.thirdparty.io.grpc.stub.ClientCalls.blockingUnaryCall(ClientCalls.java:139)
	at org.apache.ratis.proto.grpc.RaftServerProtocolServiceGrpc$RaftServerProtocolServiceBlockingStub.requestVote(RaftServerProtocolServiceGrpc.java:265)
	at org.apache.ratis.grpc.server.GrpcServerProtocolClient.requestVote(GrpcServerProtocolClient.java:99)
	at org.apache.ratis.grpc.server.GrpcService.requestVote(GrpcService.java:204)
	at org.apache.ratis.server.impl.LeaderElection.lambda$submitRequests$1(LeaderElection.java:234)
	at java.util.concurrent.FutureTask.run(FutureTask.java:266)
	at java.util.concurrent.Executors$RunnableAdapter.call(Executors.java:511)
	at java.util.concurrent.FutureTask.run(FutureTask.java:266)
	at java.util.concurrent.ThreadPoolExecutor.runWorker(ThreadPoolExecutor.java:1149)
	at java.util.concurrent.ThreadPoolExecutor$Worker.run(ThreadPoolExecutor.java:624)
	... 1 more
Caused by: org.apache.ratis.thirdparty.io.netty.channel.AbstractChannel$AnnotatedConnectException: Connection refused: /192.168.157.220:43236
	at sun.nio.ch.SocketChannelImpl.checkConnect(Native Method)
	at sun.nio.ch.SocketChannelImpl.finishConnect(SocketChannelImpl.java:717)
	at org.apache.ratis.thirdparty.io.netty.channel.socket.nio.NioSocketChannel.doFinishConnect(NioSocketChannel.java:327)
	at org.apache.ratis.thirdparty.io.netty.channel.nio.AbstractNioChannel$AbstractNioUnsafe.finishConnect(AbstractNioChannel.java:340)
	at org.apache.ratis.thirdparty.io.netty.channel.nio.NioEventLoop.processSelectedKey(NioEventLoop.java:632)
	at org.apache.ratis.thirdparty.io.netty.channel.nio.NioEventLoop.processSelectedKeysOptimized(NioEventLoop.java:579)
	at org.apache.ratis.thirdparty.io.netty.channel.nio.NioEventLoop.processSelectedKeys(NioEventLoop.java:496)
	at org.apache.ratis.thirdparty.io.netty.channel.nio.NioEventLoop.run(NioEventLoop.java:458)
	at org.apache.ratis.thirdparty.io.netty.util.concurrent.SingleThreadEventExecutor$5.run(SingleThreadEventExecutor.java:897)
	at org.apache.ratis.thirdparty.io.netty.util.concurrent.FastThreadLocalRunnable.run(FastThreadLocalRunnable.java:30)
	... 1 more
Caused by: java.net.ConnectException: Connection refused
	... 11 more
2019-10-30 11:53:04,134 [9dbd5372-55c2-4532-b354-9494d3d545d2@group-F367C8FA5986-LeaderElection447] INFO  impl.RaftServerImpl (RaftServerImpl.java:setRole(184)) - 9dbd5372-55c2-4532-b354-9494d3d545d2@group-F367C8FA5986: changes role from CANDIDATE to FOLLOWER at term 238 for DISCOVERED_A_NEW_TERM
2019-10-30 11:53:04,134 [9dbd5372-55c2-4532-b354-9494d3d545d2@group-F367C8FA5986-LeaderElection447] INFO  impl.RoleInfo (RoleInfo.java:shutdownLeaderElection(134)) - 9dbd5372-55c2-4532-b354-9494d3d545d2: shutdown LeaderElection
2019-10-30 11:53:04,134 [9dbd5372-55c2-4532-b354-9494d3d545d2@group-F367C8FA5986-LeaderElection447] INFO  impl.RoleInfo (RoleInfo.java:updateAndGet(143)) - 9dbd5372-55c2-4532-b354-9494d3d545d2: start FollowerState
2019-10-30 11:53:04,136 [4cc44201-a597-43af-a4ec-5b1b407a6250@group-83984122B78E-LeaderElection448] INFO  impl.LeaderElection (LogUtils.java:infoOrTrace(149)) - 4cc44201-a597-43af-a4ec-5b1b407a6250@group-83984122B78E-LeaderElection448 got exception when requesting votes: {}
java.util.concurrent.ExecutionException: org.apache.ratis.thirdparty.io.grpc.StatusRuntimeException: UNAVAILABLE: io exception
	at java.util.concurrent.FutureTask.report(FutureTask.java:122)
	at java.util.concurrent.FutureTask.get(FutureTask.java:192)
	at org.apache.ratis.server.impl.LeaderElection.waitForResults(LeaderElection.java:259)
	at org.apache.ratis.server.impl.LeaderElection.askForVotes(LeaderElection.java:197)
	at org.apache.ratis.server.impl.LeaderElection.run(LeaderElection.java:133)
	at java.lang.Thread.run(Thread.java:748)
Caused by: org.apache.ratis.thirdparty.io.grpc.StatusRuntimeException: UNAVAILABLE: io exception
	at org.apache.ratis.thirdparty.io.grpc.stub.ClientCalls.toStatusRuntimeException(ClientCalls.java:233)
	at org.apache.ratis.thirdparty.io.grpc.stub.ClientCalls.getUnchecked(ClientCalls.java:214)
	at org.apache.ratis.thirdparty.io.grpc.stub.ClientCalls.blockingUnaryCall(ClientCalls.java:139)
	at org.apache.ratis.proto.grpc.RaftServerProtocolServiceGrpc$RaftServerProtocolServiceBlockingStub.requestVote(RaftServerProtocolServiceGrpc.java:265)
	at org.apache.ratis.grpc.server.GrpcServerProtocolClient.requestVote(GrpcServerProtocolClient.java:99)
	at org.apache.ratis.grpc.server.GrpcService.requestVote(GrpcService.java:204)
	at org.apache.ratis.server.impl.LeaderElection.lambda$submitRequests$1(LeaderElection.java:234)
	at java.util.concurrent.FutureTask.run(FutureTask.java:266)
	at java.util.concurrent.Executors$RunnableAdapter.call(Executors.java:511)
	at java.util.concurrent.FutureTask.run(FutureTask.java:266)
	at java.util.concurrent.ThreadPoolExecutor.runWorker(ThreadPoolExecutor.java:1149)
	at java.util.concurrent.ThreadPoolExecutor$Worker.run(ThreadPoolExecutor.java:624)
	... 1 more
Caused by: org.apache.ratis.thirdparty.io.netty.channel.AbstractChannel$AnnotatedConnectException: Connection refused: /192.168.157.220:32806
	at sun.nio.ch.SocketChannelImpl.checkConnect(Native Method)
	at sun.nio.ch.SocketChannelImpl.finishConnect(SocketChannelImpl.java:717)
	at org.apache.ratis.thirdparty.io.netty.channel.socket.nio.NioSocketChannel.doFinishConnect(NioSocketChannel.java:327)
	at org.apache.ratis.thirdparty.io.netty.channel.nio.AbstractNioChannel$AbstractNioUnsafe.finishConnect(AbstractNioChannel.java:340)
	at org.apache.ratis.thirdparty.io.netty.channel.nio.NioEventLoop.processSelectedKey(NioEventLoop.java:632)
	at org.apache.ratis.thirdparty.io.netty.channel.nio.NioEventLoop.processSelectedKeysOptimized(NioEventLoop.java:579)
	at org.apache.ratis.thirdparty.io.netty.channel.nio.NioEventLoop.processSelectedKeys(NioEventLoop.java:496)
	at org.apache.ratis.thirdparty.io.netty.channel.nio.NioEventLoop.run(NioEventLoop.java:458)
	at org.apache.ratis.thirdparty.io.netty.util.concurrent.SingleThreadEventExecutor$5.run(SingleThreadEventExecutor.java:897)
	at org.apache.ratis.thirdparty.io.netty.util.concurrent.FastThreadLocalRunnable.run(FastThreadLocalRunnable.java:30)
	... 1 more
Caused by: java.net.ConnectException: Connection refused
	... 11 more
2019-10-30 11:53:04,137 [4cc44201-a597-43af-a4ec-5b1b407a6250@group-83984122B78E-LeaderElection448] INFO  impl.LeaderElection (LogUtils.java:infoOrTrace(149)) - 4cc44201-a597-43af-a4ec-5b1b407a6250@group-83984122B78E-LeaderElection448 got exception when requesting votes: {}
java.util.concurrent.ExecutionException: org.apache.ratis.thirdparty.io.grpc.StatusRuntimeException: UNAVAILABLE: io exception
	at java.util.concurrent.FutureTask.report(FutureTask.java:122)
	at java.util.concurrent.FutureTask.get(FutureTask.java:192)
	at org.apache.ratis.server.impl.LeaderElection.waitForResults(LeaderElection.java:259)
	at org.apache.ratis.server.impl.LeaderElection.askForVotes(LeaderElection.java:197)
	at org.apache.ratis.server.impl.LeaderElection.run(LeaderElection.java:133)
	at java.lang.Thread.run(Thread.java:748)
Caused by: org.apache.ratis.thirdparty.io.grpc.StatusRuntimeException: UNAVAILABLE: io exception
	at org.apache.ratis.thirdparty.io.grpc.stub.ClientCalls.toStatusRuntimeException(ClientCalls.java:233)
	at org.apache.ratis.thirdparty.io.grpc.stub.ClientCalls.getUnchecked(ClientCalls.java:214)
	at org.apache.ratis.thirdparty.io.grpc.stub.ClientCalls.blockingUnaryCall(ClientCalls.java:139)
	at org.apache.ratis.proto.grpc.RaftServerProtocolServiceGrpc$RaftServerProtocolServiceBlockingStub.requestVote(RaftServerProtocolServiceGrpc.java:265)
	at org.apache.ratis.grpc.server.GrpcServerProtocolClient.requestVote(GrpcServerProtocolClient.java:99)
	at org.apache.ratis.grpc.server.GrpcService.requestVote(GrpcService.java:204)
	at org.apache.ratis.server.impl.LeaderElection.lambda$submitRequests$1(LeaderElection.java:234)
	at java.util.concurrent.FutureTask.run(FutureTask.java:266)
	at java.util.concurrent.Executors$RunnableAdapter.call(Executors.java:511)
	at java.util.concurrent.FutureTask.run(FutureTask.java:266)
	at java.util.concurrent.ThreadPoolExecutor.runWorker(ThreadPoolExecutor.java:1149)
	at java.util.concurrent.ThreadPoolExecutor$Worker.run(ThreadPoolExecutor.java:624)
	... 1 more
Caused by: org.apache.ratis.thirdparty.io.netty.channel.AbstractChannel$AnnotatedConnectException: Connection refused: /192.168.157.220:38181
	at sun.nio.ch.SocketChannelImpl.checkConnect(Native Method)
	at sun.nio.ch.SocketChannelImpl.finishConnect(SocketChannelImpl.java:717)
	at org.apache.ratis.thirdparty.io.netty.channel.socket.nio.NioSocketChannel.doFinishConnect(NioSocketChannel.java:327)
	at org.apache.ratis.thirdparty.io.netty.channel.nio.AbstractNioChannel$AbstractNioUnsafe.finishConnect(AbstractNioChannel.java:340)
	at org.apache.ratis.thirdparty.io.netty.channel.nio.NioEventLoop.processSelectedKey(NioEventLoop.java:632)
	at org.apache.ratis.thirdparty.io.netty.channel.nio.NioEventLoop.processSelectedKeysOptimized(NioEventLoop.java:579)
	at org.apache.ratis.thirdparty.io.netty.channel.nio.NioEventLoop.processSelectedKeys(NioEventLoop.java:496)
	at org.apache.ratis.thirdparty.io.netty.channel.nio.NioEventLoop.run(NioEventLoop.java:458)
	at org.apache.ratis.thirdparty.io.netty.util.concurrent.SingleThreadEventExecutor$5.run(SingleThreadEventExecutor.java:897)
	at org.apache.ratis.thirdparty.io.netty.util.concurrent.FastThreadLocalRunnable.run(FastThreadLocalRunnable.java:30)
	... 1 more
Caused by: java.net.ConnectException: Connection refused
	... 11 more
2019-10-30 11:53:04,137 [4cc44201-a597-43af-a4ec-5b1b407a6250@group-83984122B78E-LeaderElection448] INFO  impl.LeaderElection (LeaderElection.java:logAndReturn(56)) - 4cc44201-a597-43af-a4ec-5b1b407a6250@group-83984122B78E-LeaderElection448: Election REJECTED; received 0 response(s) [] and 2 exception(s); 4cc44201-a597-43af-a4ec-5b1b407a6250@group-83984122B78E:t241, leader=null, voted=4cc44201-a597-43af-a4ec-5b1b407a6250, raftlog=4cc44201-a597-43af-a4ec-5b1b407a6250@group-83984122B78E-SegmentedRaftLog:OPENED:c-1,f0,i0, conf=0: [4f16e274-8663-4a15-9c4c-c81f650ab979:192.168.157.220:38181, 4cc44201-a597-43af-a4ec-5b1b407a6250:192.168.157.220:36685, f26e10ed-fb17-49e6-a903-eadc130d13d1:192.168.157.220:32806], old=null
2019-10-30 11:53:04,137 [4cc44201-a597-43af-a4ec-5b1b407a6250@group-83984122B78E-LeaderElection448] INFO  impl.LeaderElection (LogUtils.java:infoOrTrace(149)) -   Exception 0: {}
java.util.concurrent.ExecutionException: org.apache.ratis.thirdparty.io.grpc.StatusRuntimeException: UNAVAILABLE: io exception
	at java.util.concurrent.FutureTask.report(FutureTask.java:122)
	at java.util.concurrent.FutureTask.get(FutureTask.java:192)
	at org.apache.ratis.server.impl.LeaderElection.waitForResults(LeaderElection.java:259)
	at org.apache.ratis.server.impl.LeaderElection.askForVotes(LeaderElection.java:197)
	at org.apache.ratis.server.impl.LeaderElection.run(LeaderElection.java:133)
	at java.lang.Thread.run(Thread.java:748)
Caused by: org.apache.ratis.thirdparty.io.grpc.StatusRuntimeException: UNAVAILABLE: io exception
	at org.apache.ratis.thirdparty.io.grpc.stub.ClientCalls.toStatusRuntimeException(ClientCalls.java:233)
	at org.apache.ratis.thirdparty.io.grpc.stub.ClientCalls.getUnchecked(ClientCalls.java:214)
	at org.apache.ratis.thirdparty.io.grpc.stub.ClientCalls.blockingUnaryCall(ClientCalls.java:139)
	at org.apache.ratis.proto.grpc.RaftServerProtocolServiceGrpc$RaftServerProtocolServiceBlockingStub.requestVote(RaftServerProtocolServiceGrpc.java:265)
	at org.apache.ratis.grpc.server.GrpcServerProtocolClient.requestVote(GrpcServerProtocolClient.java:99)
	at org.apache.ratis.grpc.server.GrpcService.requestVote(GrpcService.java:204)
	at org.apache.ratis.server.impl.LeaderElection.lambda$submitRequests$1(LeaderElection.java:234)
	at java.util.concurrent.FutureTask.run(FutureTask.java:266)
	at java.util.concurrent.Executors$RunnableAdapter.call(Executors.java:511)
	at java.util.concurrent.FutureTask.run(FutureTask.java:266)
	at java.util.concurrent.ThreadPoolExecutor.runWorker(ThreadPoolExecutor.java:1149)
	at java.util.concurrent.ThreadPoolExecutor$Worker.run(ThreadPoolExecutor.java:624)
	... 1 more
Caused by: org.apache.ratis.thirdparty.io.netty.channel.AbstractChannel$AnnotatedConnectException: Connection refused: /192.168.157.220:32806
	at sun.nio.ch.SocketChannelImpl.checkConnect(Native Method)
	at sun.nio.ch.SocketChannelImpl.finishConnect(SocketChannelImpl.java:717)
	at org.apache.ratis.thirdparty.io.netty.channel.socket.nio.NioSocketChannel.doFinishConnect(NioSocketChannel.java:327)
	at org.apache.ratis.thirdparty.io.netty.channel.nio.AbstractNioChannel$AbstractNioUnsafe.finishConnect(AbstractNioChannel.java:340)
	at org.apache.ratis.thirdparty.io.netty.channel.nio.NioEventLoop.processSelectedKey(NioEventLoop.java:632)
	at org.apache.ratis.thirdparty.io.netty.channel.nio.NioEventLoop.processSelectedKeysOptimized(NioEventLoop.java:579)
	at org.apache.ratis.thirdparty.io.netty.channel.nio.NioEventLoop.processSelectedKeys(NioEventLoop.java:496)
	at org.apache.ratis.thirdparty.io.netty.channel.nio.NioEventLoop.run(NioEventLoop.java:458)
	at org.apache.ratis.thirdparty.io.netty.util.concurrent.SingleThreadEventExecutor$5.run(SingleThreadEventExecutor.java:897)
	at org.apache.ratis.thirdparty.io.netty.util.concurrent.FastThreadLocalRunnable.run(FastThreadLocalRunnable.java:30)
	... 1 more
Caused by: java.net.ConnectException: Connection refused
	... 11 more
2019-10-30 11:53:04,137 [4cc44201-a597-43af-a4ec-5b1b407a6250@group-83984122B78E-LeaderElection448] INFO  impl.LeaderElection (LogUtils.java:infoOrTrace(149)) -   Exception 1: {}
java.util.concurrent.ExecutionException: org.apache.ratis.thirdparty.io.grpc.StatusRuntimeException: UNAVAILABLE: io exception
	at java.util.concurrent.FutureTask.report(FutureTask.java:122)
	at java.util.concurrent.FutureTask.get(FutureTask.java:192)
	at org.apache.ratis.server.impl.LeaderElection.waitForResults(LeaderElection.java:259)
	at org.apache.ratis.server.impl.LeaderElection.askForVotes(LeaderElection.java:197)
	at org.apache.ratis.server.impl.LeaderElection.run(LeaderElection.java:133)
	at java.lang.Thread.run(Thread.java:748)
Caused by: org.apache.ratis.thirdparty.io.grpc.StatusRuntimeException: UNAVAILABLE: io exception
	at org.apache.ratis.thirdparty.io.grpc.stub.ClientCalls.toStatusRuntimeException(ClientCalls.java:233)
	at org.apache.ratis.thirdparty.io.grpc.stub.ClientCalls.getUnchecked(ClientCalls.java:214)
	at org.apache.ratis.thirdparty.io.grpc.stub.ClientCalls.blockingUnaryCall(ClientCalls.java:139)
	at org.apache.ratis.proto.grpc.RaftServerProtocolServiceGrpc$RaftServerProtocolServiceBlockingStub.requestVote(RaftServerProtocolServiceGrpc.java:265)
	at org.apache.ratis.grpc.server.GrpcServerProtocolClient.requestVote(GrpcServerProtocolClient.java:99)
	at org.apache.ratis.grpc.server.GrpcService.requestVote(GrpcService.java:204)
	at org.apache.ratis.server.impl.LeaderElection.lambda$submitRequests$1(LeaderElection.java:234)
	at java.util.concurrent.FutureTask.run(FutureTask.java:266)
	at java.util.concurrent.Executors$RunnableAdapter.call(Executors.java:511)
	at java.util.concurrent.FutureTask.run(FutureTask.java:266)
	at java.util.concurrent.ThreadPoolExecutor.runWorker(ThreadPoolExecutor.java:1149)
	at java.util.concurrent.ThreadPoolExecutor$Worker.run(ThreadPoolExecutor.java:624)
	... 1 more
Caused by: org.apache.ratis.thirdparty.io.netty.channel.AbstractChannel$AnnotatedConnectException: Connection refused: /192.168.157.220:38181
	at sun.nio.ch.SocketChannelImpl.checkConnect(Native Method)
	at sun.nio.ch.SocketChannelImpl.finishConnect(SocketChannelImpl.java:717)
	at org.apache.ratis.thirdparty.io.netty.channel.socket.nio.NioSocketChannel.doFinishConnect(NioSocketChannel.java:327)
	at org.apache.ratis.thirdparty.io.netty.channel.nio.AbstractNioChannel$AbstractNioUnsafe.finishConnect(AbstractNioChannel.java:340)
	at org.apache.ratis.thirdparty.io.netty.channel.nio.NioEventLoop.processSelectedKey(NioEventLoop.java:632)
	at org.apache.ratis.thirdparty.io.netty.channel.nio.NioEventLoop.processSelectedKeysOptimized(NioEventLoop.java:579)
	at org.apache.ratis.thirdparty.io.netty.channel.nio.NioEventLoop.processSelectedKeys(NioEventLoop.java:496)
	at org.apache.ratis.thirdparty.io.netty.channel.nio.NioEventLoop.run(NioEventLoop.java:458)
	at org.apache.ratis.thirdparty.io.netty.util.concurrent.SingleThreadEventExecutor$5.run(SingleThreadEventExecutor.java:897)
	at org.apache.ratis.thirdparty.io.netty.util.concurrent.FastThreadLocalRunnable.run(FastThreadLocalRunnable.java:30)
	... 1 more
Caused by: java.net.ConnectException: Connection refused
	... 11 more
2019-10-30 11:53:04,137 [Thread-3328] INFO  impl.FollowerState (FollowerState.java:run(108)) - 9dbd5372-55c2-4532-b354-9494d3d545d2@group-F367C8FA5986-FollowerState: change to CANDIDATE, lastRpcTime:3ms, electionTimeout:1ms
2019-10-30 11:53:04,138 [Thread-3328] INFO  impl.RoleInfo (RoleInfo.java:shutdownFollowerState(121)) - 9dbd5372-55c2-4532-b354-9494d3d545d2: shutdown FollowerState
2019-10-30 11:53:04,138 [Thread-3328] INFO  impl.RaftServerImpl (RaftServerImpl.java:setRole(184)) - 9dbd5372-55c2-4532-b354-9494d3d545d2@group-F367C8FA5986: changes role from  FOLLOWER to CANDIDATE at term 238 for changeToCandidate
2019-10-30 11:53:04,138 [4cc44201-a597-43af-a4ec-5b1b407a6250@group-83984122B78E-LeaderElection448] INFO  impl.RaftServerImpl (RaftServerImpl.java:setRole(184)) - 4cc44201-a597-43af-a4ec-5b1b407a6250@group-83984122B78E: changes role from CANDIDATE to FOLLOWER at term 241 for DISCOVERED_A_NEW_TERM
2019-10-30 11:53:04,138 [Thread-3328] INFO  impl.RoleInfo (RoleInfo.java:updateAndGet(143)) - 9dbd5372-55c2-4532-b354-9494d3d545d2: start LeaderElection
2019-10-30 11:53:04,138 [4cc44201-a597-43af-a4ec-5b1b407a6250@group-83984122B78E-LeaderElection448] INFO  impl.RoleInfo (RoleInfo.java:shutdownLeaderElection(134)) - 4cc44201-a597-43af-a4ec-5b1b407a6250: shutdown LeaderElection
2019-10-30 11:53:04,138 [4cc44201-a597-43af-a4ec-5b1b407a6250@group-83984122B78E-LeaderElection448] INFO  impl.RoleInfo (RoleInfo.java:updateAndGet(143)) - 4cc44201-a597-43af-a4ec-5b1b407a6250: start FollowerState
2019-10-30 11:53:04,160 [9dbd5372-55c2-4532-b354-9494d3d545d2@group-F367C8FA5986-LeaderElection449] INFO  impl.LeaderElection (LeaderElection.java:askForVotes(178)) - 9dbd5372-55c2-4532-b354-9494d3d545d2@group-F367C8FA5986-LeaderElection449: begin an election at term 239 for -1: [9b3ef6c9-0245-4756-bf80-45d41f7a4453:192.168.157.220:37058, cd11b2f5-3187-4d03-bd60-931991550c17:192.168.157.220:43236, 9dbd5372-55c2-4532-b354-9494d3d545d2:192.168.157.220:42993], old=null
2019-10-30 11:53:04,162 [grpc-default-executor-6] INFO  impl.RaftServerImpl (RaftServerImpl.java:setRole(184)) - 9b3ef6c9-0245-4756-bf80-45d41f7a4453@group-F367C8FA5986: changes role from  FOLLOWER to FOLLOWER at term 239 for recognizeCandidate:9dbd5372-55c2-4532-b354-9494d3d545d2
2019-10-30 11:53:04,162 [grpc-default-executor-6] INFO  impl.RoleInfo (RoleInfo.java:shutdownFollowerState(121)) - 9b3ef6c9-0245-4756-bf80-45d41f7a4453: shutdown FollowerState
2019-10-30 11:53:04,162 [grpc-default-executor-6] INFO  impl.RoleInfo (RoleInfo.java:updateAndGet(143)) - 9b3ef6c9-0245-4756-bf80-45d41f7a4453: start FollowerState
2019-10-30 11:53:04,163 [Thread-3324] INFO  impl.FollowerState (FollowerState.java:run(117)) - 9b3ef6c9-0245-4756-bf80-45d41f7a4453@group-F367C8FA5986-FollowerState was interrupted: java.lang.InterruptedException: sleep interrupted
2019-10-30 11:53:04,163 [9dbd5372-55c2-4532-b354-9494d3d545d2@group-F367C8FA5986-LeaderElection449] INFO  impl.LeaderElection (LogUtils.java:infoOrTrace(149)) - 9dbd5372-55c2-4532-b354-9494d3d545d2@group-F367C8FA5986-LeaderElection449 got exception when requesting votes: {}
java.util.concurrent.ExecutionException: org.apache.ratis.thirdparty.io.grpc.StatusRuntimeException: UNAVAILABLE: io exception
	at java.util.concurrent.FutureTask.report(FutureTask.java:122)
	at java.util.concurrent.FutureTask.get(FutureTask.java:192)
	at org.apache.ratis.server.impl.LeaderElection.waitForResults(LeaderElection.java:259)
	at org.apache.ratis.server.impl.LeaderElection.askForVotes(LeaderElection.java:197)
	at org.apache.ratis.server.impl.LeaderElection.run(LeaderElection.java:133)
	at java.lang.Thread.run(Thread.java:748)
Caused by: org.apache.ratis.thirdparty.io.grpc.StatusRuntimeException: UNAVAILABLE: io exception
	at org.apache.ratis.thirdparty.io.grpc.stub.ClientCalls.toStatusRuntimeException(ClientCalls.java:233)
	at org.apache.ratis.thirdparty.io.grpc.stub.ClientCalls.getUnchecked(ClientCalls.java:214)
	at org.apache.ratis.thirdparty.io.grpc.stub.ClientCalls.blockingUnaryCall(ClientCalls.java:139)
	at org.apache.ratis.proto.grpc.RaftServerProtocolServiceGrpc$RaftServerProtocolServiceBlockingStub.requestVote(RaftServerProtocolServiceGrpc.java:265)
	at org.apache.ratis.grpc.server.GrpcServerProtocolClient.requestVote(GrpcServerProtocolClient.java:99)
	at org.apache.ratis.grpc.server.GrpcService.requestVote(GrpcService.java:204)
	at org.apache.ratis.server.impl.LeaderElection.lambda$submitRequests$1(LeaderElection.java:234)
	at java.util.concurrent.FutureTask.run(FutureTask.java:266)
	at java.util.concurrent.Executors$RunnableAdapter.call(Executors.java:511)
	at java.util.concurrent.FutureTask.run(FutureTask.java:266)
	at java.util.concurrent.ThreadPoolExecutor.runWorker(ThreadPoolExecutor.java:1149)
	at java.util.concurrent.ThreadPoolExecutor$Worker.run(ThreadPoolExecutor.java:624)
	... 1 more
Caused by: org.apache.ratis.thirdparty.io.netty.channel.AbstractChannel$AnnotatedConnectException: Connection refused: /192.168.157.220:43236
	at sun.nio.ch.SocketChannelImpl.checkConnect(Native Method)
	at sun.nio.ch.SocketChannelImpl.finishConnect(SocketChannelImpl.java:717)
	at org.apache.ratis.thirdparty.io.netty.channel.socket.nio.NioSocketChannel.doFinishConnect(NioSocketChannel.java:327)
	at org.apache.ratis.thirdparty.io.netty.channel.nio.AbstractNioChannel$AbstractNioUnsafe.finishConnect(AbstractNioChannel.java:340)
	at org.apache.ratis.thirdparty.io.netty.channel.nio.NioEventLoop.processSelectedKey(NioEventLoop.java:632)
	at org.apache.ratis.thirdparty.io.netty.channel.nio.NioEventLoop.processSelectedKeysOptimized(NioEventLoop.java:579)
	at org.apache.ratis.thirdparty.io.netty.channel.nio.NioEventLoop.processSelectedKeys(NioEventLoop.java:496)
	at org.apache.ratis.thirdparty.io.netty.channel.nio.NioEventLoop.run(NioEventLoop.java:458)
	at org.apache.ratis.thirdparty.io.netty.util.concurrent.SingleThreadEventExecutor$5.run(SingleThreadEventExecutor.java:897)
	at org.apache.ratis.thirdparty.io.netty.util.concurrent.FastThreadLocalRunnable.run(FastThreadLocalRunnable.java:30)
	... 1 more
Caused by: java.net.ConnectException: Connection refused
	... 11 more
2019-10-30 11:53:04,188 [9dbd5372-55c2-4532-b354-9494d3d545d2@group-F367C8FA5986-LeaderElection449] INFO  impl.LeaderElection (LeaderElection.java:logAndReturn(56)) - 9dbd5372-55c2-4532-b354-9494d3d545d2@group-F367C8FA5986-LeaderElection449: Election REJECTED; received 1 response(s) [9dbd5372-55c2-4532-b354-9494d3d545d2<-9b3ef6c9-0245-4756-bf80-45d41f7a4453#0:FAIL-t239] and 1 exception(s); 9dbd5372-55c2-4532-b354-9494d3d545d2@group-F367C8FA5986:t239, leader=null, voted=9dbd5372-55c2-4532-b354-9494d3d545d2, raftlog=9dbd5372-55c2-4532-b354-9494d3d545d2@group-F367C8FA5986-SegmentedRaftLog:OPENED:c-1,f-1,i0, conf=-1: [9b3ef6c9-0245-4756-bf80-45d41f7a4453:192.168.157.220:37058, cd11b2f5-3187-4d03-bd60-931991550c17:192.168.157.220:43236, 9dbd5372-55c2-4532-b354-9494d3d545d2:192.168.157.220:42993], old=null
2019-10-30 11:53:04,188 [9dbd5372-55c2-4532-b354-9494d3d545d2@group-F367C8FA5986-LeaderElection449] INFO  impl.LeaderElection (LogUtils.java:infoOrTrace(149)) -   Exception 0: {}
java.util.concurrent.ExecutionException: org.apache.ratis.thirdparty.io.grpc.StatusRuntimeException: UNAVAILABLE: io exception
	at java.util.concurrent.FutureTask.report(FutureTask.java:122)
	at java.util.concurrent.FutureTask.get(FutureTask.java:192)
	at org.apache.ratis.server.impl.LeaderElection.waitForResults(LeaderElection.java:259)
	at org.apache.ratis.server.impl.LeaderElection.askForVotes(LeaderElection.java:197)
	at org.apache.ratis.server.impl.LeaderElection.run(LeaderElection.java:133)
	at java.lang.Thread.run(Thread.java:748)
Caused by: org.apache.ratis.thirdparty.io.grpc.StatusRuntimeException: UNAVAILABLE: io exception
	at org.apache.ratis.thirdparty.io.grpc.stub.ClientCalls.toStatusRuntimeException(ClientCalls.java:233)
	at org.apache.ratis.thirdparty.io.grpc.stub.ClientCalls.getUnchecked(ClientCalls.java:214)
	at org.apache.ratis.thirdparty.io.grpc.stub.ClientCalls.blockingUnaryCall(ClientCalls.java:139)
	at org.apache.ratis.proto.grpc.RaftServerProtocolServiceGrpc$RaftServerProtocolServiceBlockingStub.requestVote(RaftServerProtocolServiceGrpc.java:265)
	at org.apache.ratis.grpc.server.GrpcServerProtocolClient.requestVote(GrpcServerProtocolClient.java:99)
	at org.apache.ratis.grpc.server.GrpcService.requestVote(GrpcService.java:204)
	at org.apache.ratis.server.impl.LeaderElection.lambda$submitRequests$1(LeaderElection.java:234)
	at java.util.concurrent.FutureTask.run(FutureTask.java:266)
	at java.util.concurrent.Executors$RunnableAdapter.call(Executors.java:511)
	at java.util.concurrent.FutureTask.run(FutureTask.java:266)
	at java.util.concurrent.ThreadPoolExecutor.runWorker(ThreadPoolExecutor.java:1149)
	at java.util.concurrent.ThreadPoolExecutor$Worker.run(ThreadPoolExecutor.java:624)
	... 1 more
Caused by: org.apache.ratis.thirdparty.io.netty.channel.AbstractChannel$AnnotatedConnectException: Connection refused: /192.168.157.220:43236
	at sun.nio.ch.SocketChannelImpl.checkConnect(Native Method)
	at sun.nio.ch.SocketChannelImpl.finishConnect(SocketChannelImpl.java:717)
	at org.apache.ratis.thirdparty.io.netty.channel.socket.nio.NioSocketChannel.doFinishConnect(NioSocketChannel.java:327)
	at org.apache.ratis.thirdparty.io.netty.channel.nio.AbstractNioChannel$AbstractNioUnsafe.finishConnect(AbstractNioChannel.java:340)
	at org.apache.ratis.thirdparty.io.netty.channel.nio.NioEventLoop.processSelectedKey(NioEventLoop.java:632)
	at org.apache.ratis.thirdparty.io.netty.channel.nio.NioEventLoop.processSelectedKeysOptimized(NioEventLoop.java:579)
	at org.apache.ratis.thirdparty.io.netty.channel.nio.NioEventLoop.processSelectedKeys(NioEventLoop.java:496)
	at org.apache.ratis.thirdparty.io.netty.channel.nio.NioEventLoop.run(NioEventLoop.java:458)
	at org.apache.ratis.thirdparty.io.netty.util.concurrent.SingleThreadEventExecutor$5.run(SingleThreadEventExecutor.java:897)
	at org.apache.ratis.thirdparty.io.netty.util.concurrent.FastThreadLocalRunnable.run(FastThreadLocalRunnable.java:30)
	... 1 more
Caused by: java.net.ConnectException: Connection refused
	... 11 more
2019-10-30 11:53:04,189 [9dbd5372-55c2-4532-b354-9494d3d545d2@group-F367C8FA5986-LeaderElection449] INFO  impl.RaftServerImpl (RaftServerImpl.java:setRole(184)) - 9dbd5372-55c2-4532-b354-9494d3d545d2@group-F367C8FA5986: changes role from CANDIDATE to FOLLOWER at term 239 for DISCOVERED_A_NEW_TERM
2019-10-30 11:53:04,189 [9dbd5372-55c2-4532-b354-9494d3d545d2@group-F367C8FA5986-LeaderElection449] INFO  impl.RoleInfo (RoleInfo.java:shutdownLeaderElection(134)) - 9dbd5372-55c2-4532-b354-9494d3d545d2: shutdown LeaderElection
2019-10-30 11:53:04,189 [9dbd5372-55c2-4532-b354-9494d3d545d2@group-F367C8FA5986-LeaderElection449] INFO  impl.RoleInfo (RoleInfo.java:updateAndGet(143)) - 9dbd5372-55c2-4532-b354-9494d3d545d2: start FollowerState
2019-10-30 11:53:04,216 [Thread-462] INFO  impl.FollowerState (FollowerState.java:run(108)) - a12d6b9e-ec23-449e-8b58-135e3e67eb04@group-6C94BA02685B-FollowerState: change to CANDIDATE, lastRpcTime:1555ms, electionTimeout:1147ms
2019-10-30 11:53:04,216 [Thread-462] INFO  impl.RoleInfo (RoleInfo.java:shutdownFollowerState(121)) - a12d6b9e-ec23-449e-8b58-135e3e67eb04: shutdown FollowerState
2019-10-30 11:53:04,216 [Thread-462] INFO  impl.RaftServerImpl (RaftServerImpl.java:setRole(184)) - a12d6b9e-ec23-449e-8b58-135e3e67eb04@group-6C94BA02685B: changes role from  FOLLOWER to CANDIDATE at term 2 for changeToCandidate
2019-10-30 11:53:04,216 [Thread-462] INFO  impl.RoleInfo (RoleInfo.java:updateAndGet(143)) - a12d6b9e-ec23-449e-8b58-135e3e67eb04: start LeaderElection
2019-10-30 11:53:04,217 [a12d6b9e-ec23-449e-8b58-135e3e67eb04@group-6C94BA02685B-LeaderElection450] INFO  impl.RaftServerImpl (ServerState.java:setLeader(256)) - a12d6b9e-ec23-449e-8b58-135e3e67eb04@group-6C94BA02685B: change Leader from 36879b23-b325-4015-ba59-8656331c6f4b to null at term 2 for initElection
2019-10-30 11:53:04,223 [a12d6b9e-ec23-449e-8b58-135e3e67eb04@group-6C94BA02685B-LeaderElection450] INFO  impl.LeaderElection (LeaderElection.java:askForVotes(178)) - a12d6b9e-ec23-449e-8b58-135e3e67eb04@group-6C94BA02685B-LeaderElection450: begin an election at term 3 for 0: [6ed35211-36a6-405a-b1db-549f65da443e:192.168.157.220:41613, a12d6b9e-ec23-449e-8b58-135e3e67eb04:192.168.157.220:40337, 36879b23-b325-4015-ba59-8656331c6f4b:192.168.157.220:36123], old=null
2019-10-30 11:53:04,229 [Datanode State Machine Thread - 0] INFO  statemachine.DatanodeStateMachine (DatanodeStateMachine.java:lambda$startDaemon$0(350)) - Ozone container server started.
2019-10-30 11:53:04,231 [grpc-default-executor-6] INFO  impl.RaftServerImpl (ServerState.java:setLeader(256)) - 6ed35211-36a6-405a-b1db-549f65da443e@group-6C94BA02685B: change Leader from 36879b23-b325-4015-ba59-8656331c6f4b to null at term 3 for updateCurrentTerm
2019-10-30 11:53:04,231 [grpc-default-executor-6] INFO  impl.RaftServerImpl (RaftServerImpl.java:setRole(184)) - 6ed35211-36a6-405a-b1db-549f65da443e@group-6C94BA02685B: changes role from  FOLLOWER to FOLLOWER at term 3 for recognizeCandidate:a12d6b9e-ec23-449e-8b58-135e3e67eb04
2019-10-30 11:53:04,231 [grpc-default-executor-6] INFO  impl.RoleInfo (RoleInfo.java:shutdownFollowerState(121)) - 6ed35211-36a6-405a-b1db-549f65da443e: shutdown FollowerState
2019-10-30 11:53:04,231 [grpc-default-executor-6] INFO  impl.RoleInfo (RoleInfo.java:updateAndGet(143)) - 6ed35211-36a6-405a-b1db-549f65da443e: start FollowerState
2019-10-30 11:53:04,232 [Thread-460] INFO  impl.FollowerState (FollowerState.java:run(117)) - 6ed35211-36a6-405a-b1db-549f65da443e@group-6C94BA02685B-FollowerState was interrupted: java.lang.InterruptedException: sleep interrupted
2019-10-30 11:53:04,236 [a12d6b9e-ec23-449e-8b58-135e3e67eb04@group-6C94BA02685B-LeaderElection450] INFO  impl.LeaderElection (LogUtils.java:infoOrTrace(149)) - a12d6b9e-ec23-449e-8b58-135e3e67eb04@group-6C94BA02685B-LeaderElection450 got exception when requesting votes: {}
java.util.concurrent.ExecutionException: org.apache.ratis.thirdparty.io.grpc.StatusRuntimeException: UNAVAILABLE: io exception
	at java.util.concurrent.FutureTask.report(FutureTask.java:122)
	at java.util.concurrent.FutureTask.get(FutureTask.java:192)
	at org.apache.ratis.server.impl.LeaderElection.waitForResults(LeaderElection.java:259)
	at org.apache.ratis.server.impl.LeaderElection.askForVotes(LeaderElection.java:197)
	at org.apache.ratis.server.impl.LeaderElection.run(LeaderElection.java:133)
	at java.lang.Thread.run(Thread.java:748)
Caused by: org.apache.ratis.thirdparty.io.grpc.StatusRuntimeException: UNAVAILABLE: io exception
	at org.apache.ratis.thirdparty.io.grpc.stub.ClientCalls.toStatusRuntimeException(ClientCalls.java:233)
	at org.apache.ratis.thirdparty.io.grpc.stub.ClientCalls.getUnchecked(ClientCalls.java:214)
	at org.apache.ratis.thirdparty.io.grpc.stub.ClientCalls.blockingUnaryCall(ClientCalls.java:139)
	at org.apache.ratis.proto.grpc.RaftServerProtocolServiceGrpc$RaftServerProtocolServiceBlockingStub.requestVote(RaftServerProtocolServiceGrpc.java:265)
	at org.apache.ratis.grpc.server.GrpcServerProtocolClient.requestVote(GrpcServerProtocolClient.java:99)
	at org.apache.ratis.grpc.server.GrpcService.requestVote(GrpcService.java:204)
	at org.apache.ratis.server.impl.LeaderElection.lambda$submitRequests$1(LeaderElection.java:234)
	at java.util.concurrent.FutureTask.run(FutureTask.java:266)
	at java.util.concurrent.Executors$RunnableAdapter.call(Executors.java:511)
	at java.util.concurrent.FutureTask.run(FutureTask.java:266)
	at java.util.concurrent.ThreadPoolExecutor.runWorker(ThreadPoolExecutor.java:1149)
	at java.util.concurrent.ThreadPoolExecutor$Worker.run(ThreadPoolExecutor.java:624)
	... 1 more
Caused by: org.apache.ratis.thirdparty.io.netty.channel.AbstractChannel$AnnotatedConnectException: Connection refused: /192.168.157.220:36123
	at sun.nio.ch.SocketChannelImpl.checkConnect(Native Method)
	at sun.nio.ch.SocketChannelImpl.finishConnect(SocketChannelImpl.java:717)
	at org.apache.ratis.thirdparty.io.netty.channel.socket.nio.NioSocketChannel.doFinishConnect(NioSocketChannel.java:327)
	at org.apache.ratis.thirdparty.io.netty.channel.nio.AbstractNioChannel$AbstractNioUnsafe.finishConnect(AbstractNioChannel.java:340)
	at org.apache.ratis.thirdparty.io.netty.channel.nio.NioEventLoop.processSelectedKey(NioEventLoop.java:632)
	at org.apache.ratis.thirdparty.io.netty.channel.nio.NioEventLoop.processSelectedKeysOptimized(NioEventLoop.java:579)
	at org.apache.ratis.thirdparty.io.netty.channel.nio.NioEventLoop.processSelectedKeys(NioEventLoop.java:496)
	at org.apache.ratis.thirdparty.io.netty.channel.nio.NioEventLoop.run(NioEventLoop.java:458)
	at org.apache.ratis.thirdparty.io.netty.util.concurrent.SingleThreadEventExecutor$5.run(SingleThreadEventExecutor.java:897)
	at org.apache.ratis.thirdparty.io.netty.util.concurrent.FastThreadLocalRunnable.run(FastThreadLocalRunnable.java:30)
	... 1 more
Caused by: java.net.ConnectException: Connection refused
	... 11 more
2019-10-30 11:53:04,250 [a12d6b9e-ec23-449e-8b58-135e3e67eb04@group-6C94BA02685B-LeaderElection450] INFO  impl.LeaderElection (LeaderElection.java:logAndReturn(56)) - a12d6b9e-ec23-449e-8b58-135e3e67eb04@group-6C94BA02685B-LeaderElection450: Election PASSED; received 1 response(s) [a12d6b9e-ec23-449e-8b58-135e3e67eb04<-6ed35211-36a6-405a-b1db-549f65da443e#0:OK-t3] and 1 exception(s); a12d6b9e-ec23-449e-8b58-135e3e67eb04@group-6C94BA02685B:t3, leader=null, voted=a12d6b9e-ec23-449e-8b58-135e3e67eb04, raftlog=a12d6b9e-ec23-449e-8b58-135e3e67eb04@group-6C94BA02685B-SegmentedRaftLog:OPENED:c19,f19,i19, conf=0: [6ed35211-36a6-405a-b1db-549f65da443e:192.168.157.220:41613, a12d6b9e-ec23-449e-8b58-135e3e67eb04:192.168.157.220:40337, 36879b23-b325-4015-ba59-8656331c6f4b:192.168.157.220:36123], old=null
2019-10-30 11:53:04,251 [a12d6b9e-ec23-449e-8b58-135e3e67eb04@group-6C94BA02685B-LeaderElection450] INFO  impl.LeaderElection (LogUtils.java:infoOrTrace(149)) -   Exception 0: {}
java.util.concurrent.ExecutionException: org.apache.ratis.thirdparty.io.grpc.StatusRuntimeException: UNAVAILABLE: io exception
	at java.util.concurrent.FutureTask.report(FutureTask.java:122)
	at java.util.concurrent.FutureTask.get(FutureTask.java:192)
	at org.apache.ratis.server.impl.LeaderElection.waitForResults(LeaderElection.java:259)
	at org.apache.ratis.server.impl.LeaderElection.askForVotes(LeaderElection.java:197)
	at org.apache.ratis.server.impl.LeaderElection.run(LeaderElection.java:133)
	at java.lang.Thread.run(Thread.java:748)
Caused by: org.apache.ratis.thirdparty.io.grpc.StatusRuntimeException: UNAVAILABLE: io exception
	at org.apache.ratis.thirdparty.io.grpc.stub.ClientCalls.toStatusRuntimeException(ClientCalls.java:233)
	at org.apache.ratis.thirdparty.io.grpc.stub.ClientCalls.getUnchecked(ClientCalls.java:214)
	at org.apache.ratis.thirdparty.io.grpc.stub.ClientCalls.blockingUnaryCall(ClientCalls.java:139)
	at org.apache.ratis.proto.grpc.RaftServerProtocolServiceGrpc$RaftServerProtocolServiceBlockingStub.requestVote(RaftServerProtocolServiceGrpc.java:265)
	at org.apache.ratis.grpc.server.GrpcServerProtocolClient.requestVote(GrpcServerProtocolClient.java:99)
	at org.apache.ratis.grpc.server.GrpcService.requestVote(GrpcService.java:204)
	at org.apache.ratis.server.impl.LeaderElection.lambda$submitRequests$1(LeaderElection.java:234)
	at java.util.concurrent.FutureTask.run(FutureTask.java:266)
	at java.util.concurrent.Executors$RunnableAdapter.call(Executors.java:511)
	at java.util.concurrent.FutureTask.run(FutureTask.java:266)
	at java.util.concurrent.ThreadPoolExecutor.runWorker(ThreadPoolExecutor.java:1149)
	at java.util.concurrent.ThreadPoolExecutor$Worker.run(ThreadPoolExecutor.java:624)
	... 1 more
Caused by: org.apache.ratis.thirdparty.io.netty.channel.AbstractChannel$AnnotatedConnectException: Connection refused: /192.168.157.220:36123
	at sun.nio.ch.SocketChannelImpl.checkConnect(Native Method)
	at sun.nio.ch.SocketChannelImpl.finishConnect(SocketChannelImpl.java:717)
	at org.apache.ratis.thirdparty.io.netty.channel.socket.nio.NioSocketChannel.doFinishConnect(NioSocketChannel.java:327)
	at org.apache.ratis.thirdparty.io.netty.channel.nio.AbstractNioChannel$AbstractNioUnsafe.finishConnect(AbstractNioChannel.java:340)
	at org.apache.ratis.thirdparty.io.netty.channel.nio.NioEventLoop.processSelectedKey(NioEventLoop.java:632)
	at org.apache.ratis.thirdparty.io.netty.channel.nio.NioEventLoop.processSelectedKeysOptimized(NioEventLoop.java:579)
	at org.apache.ratis.thirdparty.io.netty.channel.nio.NioEventLoop.processSelectedKeys(NioEventLoop.java:496)
	at org.apache.ratis.thirdparty.io.netty.channel.nio.NioEventLoop.run(NioEventLoop.java:458)
	at org.apache.ratis.thirdparty.io.netty.util.concurrent.SingleThreadEventExecutor$5.run(SingleThreadEventExecutor.java:897)
	at org.apache.ratis.thirdparty.io.netty.util.concurrent.FastThreadLocalRunnable.run(FastThreadLocalRunnable.java:30)
	... 1 more
Caused by: java.net.ConnectException: Connection refused
	... 11 more
2019-10-30 11:53:04,251 [a12d6b9e-ec23-449e-8b58-135e3e67eb04@group-6C94BA02685B-LeaderElection450] INFO  impl.RoleInfo (RoleInfo.java:shutdownLeaderElection(134)) - a12d6b9e-ec23-449e-8b58-135e3e67eb04: shutdown LeaderElection
2019-10-30 11:53:04,251 [a12d6b9e-ec23-449e-8b58-135e3e67eb04@group-6C94BA02685B-LeaderElection450] INFO  impl.RaftServerImpl (RaftServerImpl.java:setRole(184)) - a12d6b9e-ec23-449e-8b58-135e3e67eb04@group-6C94BA02685B: changes role from CANDIDATE to LEADER at term 3 for changeToLeader
2019-10-30 11:53:04,251 [a12d6b9e-ec23-449e-8b58-135e3e67eb04@group-6C94BA02685B-LeaderElection450] INFO  impl.RaftServerImpl (ServerState.java:setLeader(256)) - a12d6b9e-ec23-449e-8b58-135e3e67eb04@group-6C94BA02685B: change Leader from null to a12d6b9e-ec23-449e-8b58-135e3e67eb04 at term 3 for becomeLeader, leader elected after 34ms
2019-10-30 11:53:04,251 [a12d6b9e-ec23-449e-8b58-135e3e67eb04@group-6C94BA02685B-LeaderElection450] INFO  server.RaftServerConfigKeys (ConfUtils.java:logGet(43)) - raft.server.staging.catchup.gap = 1000 (default)
2019-10-30 11:53:04,252 [a12d6b9e-ec23-449e-8b58-135e3e67eb04@group-6C94BA02685B-LeaderElection450] INFO  server.RaftServerConfigKeys (ConfUtils.java:logGet(43)) - raft.server.rpc.sleep.time = 25ms (default)
2019-10-30 11:53:04,252 [a12d6b9e-ec23-449e-8b58-135e3e67eb04@group-6C94BA02685B-LeaderElection450] INFO  server.RaftServerConfigKeys (ConfUtils.java:logGet(43)) - raft.server.write.element-limit = 4096 (default)
2019-10-30 11:53:04,252 [a12d6b9e-ec23-449e-8b58-135e3e67eb04@group-6C94BA02685B-LeaderElection450] INFO  server.RaftServerConfigKeys (ConfUtils.java:logGet(43)) - raft.server.watch.timeout = 10s (default)
2019-10-30 11:53:04,252 [a12d6b9e-ec23-449e-8b58-135e3e67eb04@group-6C94BA02685B-LeaderElection450] INFO  server.RaftServerConfigKeys (ConfUtils.java:logGet(43)) - raft.server.watch.timeout.denomination = 1s (default)
2019-10-30 11:53:04,252 [a12d6b9e-ec23-449e-8b58-135e3e67eb04@group-6C94BA02685B-LeaderElection450] INFO  server.RaftServerConfigKeys (ConfUtils.java:logGet(43)) - raft.server.watch.element-limit = 65536 (default)
2019-10-30 11:53:04,256 [a12d6b9e-ec23-449e-8b58-135e3e67eb04@group-6C94BA02685B-LeaderElection450] INFO  server.RaftServerConfigKeys (ConfUtils.java:logGet(43)) - raft.server.log.appender.snapshot.chunk.size.max = 16MB (=16777216) (default)
2019-10-30 11:53:04,256 [a12d6b9e-ec23-449e-8b58-135e3e67eb04@group-6C94BA02685B-LeaderElection450] INFO  server.RaftServerConfigKeys (ConfUtils.java:logGet(43)) - raft.server.log.appender.buffer.byte-limit = 33554432 (custom)
2019-10-30 11:53:04,256 [a12d6b9e-ec23-449e-8b58-135e3e67eb04@group-6C94BA02685B-LeaderElection450] INFO  server.RaftServerConfigKeys (ConfUtils.java:logGet(43)) - raft.server.log.appender.buffer.element-limit = 1 (custom)
2019-10-30 11:53:04,256 [a12d6b9e-ec23-449e-8b58-135e3e67eb04@group-6C94BA02685B-LeaderElection450] INFO  grpc.GrpcConfigKeys$Server (ConfUtils.java:logGet(43)) - raft.grpc.server.leader.outstanding.appends.max = 128 (default)
2019-10-30 11:53:04,256 [a12d6b9e-ec23-449e-8b58-135e3e67eb04@group-6C94BA02685B-LeaderElection450] INFO  server.RaftServerConfigKeys (ConfUtils.java:logGet(43)) - raft.server.rpc.request.timeout = 3000ms (default)
2019-10-30 11:53:04,257 [a12d6b9e-ec23-449e-8b58-135e3e67eb04@group-6C94BA02685B-LeaderElection450] INFO  server.RaftServerConfigKeys (ConfUtils.java:logGet(43)) - raft.server.log.appender.install.snapshot.enabled = false (custom)
2019-10-30 11:53:04,258 [Thread-3334] INFO  impl.FollowerState (FollowerState.java:run(108)) - 9dbd5372-55c2-4532-b354-9494d3d545d2@group-F367C8FA5986-FollowerState: change to CANDIDATE, lastRpcTime:68ms, electionTimeout:68ms
2019-10-30 11:53:04,258 [Thread-3334] INFO  impl.RoleInfo (RoleInfo.java:shutdownFollowerState(121)) - 9dbd5372-55c2-4532-b354-9494d3d545d2: shutdown FollowerState
2019-10-30 11:53:04,258 [Thread-3334] INFO  impl.RaftServerImpl (RaftServerImpl.java:setRole(184)) - 9dbd5372-55c2-4532-b354-9494d3d545d2@group-F367C8FA5986: changes role from  FOLLOWER to CANDIDATE at term 239 for changeToCandidate
2019-10-30 11:53:04,258 [Thread-3334] INFO  impl.RoleInfo (RoleInfo.java:updateAndGet(143)) - 9dbd5372-55c2-4532-b354-9494d3d545d2: start LeaderElection
2019-10-30 11:53:04,259 [a12d6b9e-ec23-449e-8b58-135e3e67eb04@group-6C94BA02685B-LeaderElection450] INFO  server.RaftServerConfigKeys (ConfUtils.java:logGet(43)) - raft.server.log.appender.snapshot.chunk.size.max = 16MB (=16777216) (default)
2019-10-30 11:53:04,259 [a12d6b9e-ec23-449e-8b58-135e3e67eb04@group-6C94BA02685B-LeaderElection450] INFO  server.RaftServerConfigKeys (ConfUtils.java:logGet(43)) - raft.server.log.appender.buffer.byte-limit = 33554432 (custom)
2019-10-30 11:53:04,259 [a12d6b9e-ec23-449e-8b58-135e3e67eb04@group-6C94BA02685B-LeaderElection450] INFO  server.RaftServerConfigKeys (ConfUtils.java:logGet(43)) - raft.server.log.appender.buffer.element-limit = 1 (custom)
2019-10-30 11:53:04,260 [a12d6b9e-ec23-449e-8b58-135e3e67eb04@group-6C94BA02685B-LeaderElection450] INFO  grpc.GrpcConfigKeys$Server (ConfUtils.java:logGet(43)) - raft.grpc.server.leader.outstanding.appends.max = 128 (default)
2019-10-30 11:53:04,260 [a12d6b9e-ec23-449e-8b58-135e3e67eb04@group-6C94BA02685B-LeaderElection450] INFO  server.RaftServerConfigKeys (ConfUtils.java:logGet(43)) - raft.server.rpc.request.timeout = 3000ms (default)
2019-10-30 11:53:04,260 [a12d6b9e-ec23-449e-8b58-135e3e67eb04@group-6C94BA02685B-LeaderElection450] INFO  server.RaftServerConfigKeys (ConfUtils.java:logGet(43)) - raft.server.log.appender.install.snapshot.enabled = false (custom)
2019-10-30 11:53:04,262 [a12d6b9e-ec23-449e-8b58-135e3e67eb04@group-6C94BA02685B-LeaderElection450] INFO  impl.RoleInfo (RoleInfo.java:updateAndGet(143)) - a12d6b9e-ec23-449e-8b58-135e3e67eb04: start LeaderState
2019-10-30 11:53:04,262 [a12d6b9e-ec23-449e-8b58-135e3e67eb04@group-6C94BA02685B-LeaderElection450] INFO  segmented.SegmentedRaftLogWorker (SegmentedRaftLogWorker.java:rollLogSegment(390)) - a12d6b9e-ec23-449e-8b58-135e3e67eb04@group-6C94BA02685B-SegmentedRaftLogWorker: Rolling segment log-0_19 to index:19
2019-10-30 11:53:04,265 [a12d6b9e-ec23-449e-8b58-135e3e67eb04@group-6C94BA02685B-LeaderElection450] INFO  impl.RaftServerImpl (ServerState.java:setRaftConf(357)) - a12d6b9e-ec23-449e-8b58-135e3e67eb04@group-6C94BA02685B: set configuration 20: [6ed35211-36a6-405a-b1db-549f65da443e:192.168.157.220:41613, a12d6b9e-ec23-449e-8b58-135e3e67eb04:192.168.157.220:40337, 36879b23-b325-4015-ba59-8656331c6f4b:192.168.157.220:36123], old=null at 20
2019-10-30 11:53:04,267 [grpc-default-executor-6] WARN  server.GrpcLogAppender (LogUtils.java:warn(134)) - a12d6b9e-ec23-449e-8b58-135e3e67eb04@group-6C94BA02685B->36879b23-b325-4015-ba59-8656331c6f4b-AppendLogResponseHandler: Failed appendEntries: org.apache.ratis.thirdparty.io.grpc.StatusRuntimeException: UNAVAILABLE: io exception
2019-10-30 11:53:04,267 [a12d6b9e-ec23-449e-8b58-135e3e67eb04@group-6C94BA02685B-SegmentedRaftLogWorker] INFO  segmented.SegmentedRaftLogWorker (SegmentedRaftLogWorker.java:execute(533)) - a12d6b9e-ec23-449e-8b58-135e3e67eb04@group-6C94BA02685B-SegmentedRaftLogWorker: Rolled log segment from /workdir/hadoop-ozone/integration-test/target/test-dir/MiniOzoneClusterImpl-aaf233b5-8021-4449-9df2-227d87d78376/datanode-8/data/ratis/c2bfa153-54fb-4653-be57-6c94ba02685b/current/log_inprogress_0 to /workdir/hadoop-ozone/integration-test/target/test-dir/MiniOzoneClusterImpl-aaf233b5-8021-4449-9df2-227d87d78376/datanode-8/data/ratis/c2bfa153-54fb-4653-be57-6c94ba02685b/current/log_0-19
2019-10-30 11:53:04,268 [9dbd5372-55c2-4532-b354-9494d3d545d2@group-F367C8FA5986-LeaderElection451] INFO  impl.LeaderElection (LeaderElection.java:askForVotes(178)) - 9dbd5372-55c2-4532-b354-9494d3d545d2@group-F367C8FA5986-LeaderElection451: begin an election at term 240 for -1: [9b3ef6c9-0245-4756-bf80-45d41f7a4453:192.168.157.220:37058, cd11b2f5-3187-4d03-bd60-931991550c17:192.168.157.220:43236, 9dbd5372-55c2-4532-b354-9494d3d545d2:192.168.157.220:42993], old=null
2019-10-30 11:53:04,309 [grpc-default-executor-4] INFO  impl.RaftServerImpl (ServerState.java:setLeader(256)) - 6ed35211-36a6-405a-b1db-549f65da443e@group-6C94BA02685B: change Leader from null to a12d6b9e-ec23-449e-8b58-135e3e67eb04 at term 3 for appendEntries, leader elected after 77ms
2019-10-30 11:53:04,309 [9dbd5372-55c2-4532-b354-9494d3d545d2@group-F367C8FA5986-LeaderElection451] INFO  impl.LeaderElection (LogUtils.java:infoOrTrace(149)) - 9dbd5372-55c2-4532-b354-9494d3d545d2@group-F367C8FA5986-LeaderElection451 got exception when requesting votes: {}
java.util.concurrent.ExecutionException: org.apache.ratis.thirdparty.io.grpc.StatusRuntimeException: UNAVAILABLE: io exception
	at java.util.concurrent.FutureTask.report(FutureTask.java:122)
	at java.util.concurrent.FutureTask.get(FutureTask.java:192)
	at org.apache.ratis.server.impl.LeaderElection.waitForResults(LeaderElection.java:259)
	at org.apache.ratis.server.impl.LeaderElection.askForVotes(LeaderElection.java:197)
	at org.apache.ratis.server.impl.LeaderElection.run(LeaderElection.java:133)
	at java.lang.Thread.run(Thread.java:748)
Caused by: org.apache.ratis.thirdparty.io.grpc.StatusRuntimeException: UNAVAILABLE: io exception
	at org.apache.ratis.thirdparty.io.grpc.stub.ClientCalls.toStatusRuntimeException(ClientCalls.java:233)
	at org.apache.ratis.thirdparty.io.grpc.stub.ClientCalls.getUnchecked(ClientCalls.java:214)
	at org.apache.ratis.thirdparty.io.grpc.stub.ClientCalls.blockingUnaryCall(ClientCalls.java:139)
	at org.apache.ratis.proto.grpc.RaftServerProtocolServiceGrpc$RaftServerProtocolServiceBlockingStub.requestVote(RaftServerProtocolServiceGrpc.java:265)
	at org.apache.ratis.grpc.server.GrpcServerProtocolClient.requestVote(GrpcServerProtocolClient.java:99)
	at org.apache.ratis.grpc.server.GrpcService.requestVote(GrpcService.java:204)
	at org.apache.ratis.server.impl.LeaderElection.lambda$submitRequests$1(LeaderElection.java:234)
	at java.util.concurrent.FutureTask.run(FutureTask.java:266)
	at java.util.concurrent.Executors$RunnableAdapter.call(Executors.java:511)
	at java.util.concurrent.FutureTask.run(FutureTask.java:266)
	at java.util.concurrent.ThreadPoolExecutor.runWorker(ThreadPoolExecutor.java:1149)
	at java.util.concurrent.ThreadPoolExecutor$Worker.run(ThreadPoolExecutor.java:624)
	... 1 more
Caused by: org.apache.ratis.thirdparty.io.netty.channel.AbstractChannel$AnnotatedConnectException: Connection refused: /192.168.157.220:43236
	at sun.nio.ch.SocketChannelImpl.checkConnect(Native Method)
	at sun.nio.ch.SocketChannelImpl.finishConnect(SocketChannelImpl.java:717)
	at org.apache.ratis.thirdparty.io.netty.channel.socket.nio.NioSocketChannel.doFinishConnect(NioSocketChannel.java:327)
	at org.apache.ratis.thirdparty.io.netty.channel.nio.AbstractNioChannel$AbstractNioUnsafe.finishConnect(AbstractNioChannel.java:340)
	at org.apache.ratis.thirdparty.io.netty.channel.nio.NioEventLoop.processSelectedKey(NioEventLoop.java:632)
	at org.apache.ratis.thirdparty.io.netty.channel.nio.NioEventLoop.processSelectedKeysOptimized(NioEventLoop.java:579)
	at org.apache.ratis.thirdparty.io.netty.channel.nio.NioEventLoop.processSelectedKeys(NioEventLoop.java:496)
	at org.apache.ratis.thirdparty.io.netty.channel.nio.NioEventLoop.run(NioEventLoop.java:458)
	at org.apache.ratis.thirdparty.io.netty.util.concurrent.SingleThreadEventExecutor$5.run(SingleThreadEventExecutor.java:897)
	at org.apache.ratis.thirdparty.io.netty.util.concurrent.FastThreadLocalRunnable.run(FastThreadLocalRunnable.java:30)
	... 1 more
Caused by: java.net.ConnectException: Connection refused
	... 11 more
2019-10-30 11:53:04,312 [grpc-default-executor-6] INFO  impl.RaftServerImpl (RaftServerImpl.java:setRole(184)) - 9b3ef6c9-0245-4756-bf80-45d41f7a4453@group-F367C8FA5986: changes role from  FOLLOWER to FOLLOWER at term 240 for recognizeCandidate:9dbd5372-55c2-4532-b354-9494d3d545d2
2019-10-30 11:53:04,313 [grpc-default-executor-6] INFO  impl.RoleInfo (RoleInfo.java:shutdownFollowerState(121)) - 9b3ef6c9-0245-4756-bf80-45d41f7a4453: shutdown FollowerState
2019-10-30 11:53:04,313 [grpc-default-executor-6] INFO  impl.RoleInfo (RoleInfo.java:updateAndGet(143)) - 9b3ef6c9-0245-4756-bf80-45d41f7a4453: start FollowerState
2019-10-30 11:53:04,313 [Thread-3333] INFO  impl.FollowerState (FollowerState.java:run(117)) - 9b3ef6c9-0245-4756-bf80-45d41f7a4453@group-F367C8FA5986-FollowerState was interrupted: java.lang.InterruptedException: sleep interrupted
2019-10-30 11:53:04,314 [grpc-default-executor-4] INFO  impl.RaftServerImpl (ServerState.java:setRaftConf(357)) - 6ed35211-36a6-405a-b1db-549f65da443e@group-6C94BA02685B: set configuration 20: [6ed35211-36a6-405a-b1db-549f65da443e:192.168.157.220:41613, a12d6b9e-ec23-449e-8b58-135e3e67eb04:192.168.157.220:40337, 36879b23-b325-4015-ba59-8656331c6f4b:192.168.157.220:36123], old=null at 20
2019-10-30 11:53:04,315 [grpc-default-executor-4] INFO  segmented.SegmentedRaftLogWorker (SegmentedRaftLogWorker.java:rollLogSegment(390)) - 6ed35211-36a6-405a-b1db-549f65da443e@group-6C94BA02685B-SegmentedRaftLogWorker: Rolling segment log-0_19 to index:19
2019-10-30 11:53:04,316 [6ed35211-36a6-405a-b1db-549f65da443e@group-6C94BA02685B-SegmentedRaftLogWorker] INFO  segmented.SegmentedRaftLogWorker (SegmentedRaftLogWorker.java:execute(533)) - 6ed35211-36a6-405a-b1db-549f65da443e@group-6C94BA02685B-SegmentedRaftLogWorker: Rolled log segment from /workdir/hadoop-ozone/integration-test/target/test-dir/MiniOzoneClusterImpl-aaf233b5-8021-4449-9df2-227d87d78376/datanode-1/data/ratis/c2bfa153-54fb-4653-be57-6c94ba02685b/current/log_inprogress_0 to /workdir/hadoop-ozone/integration-test/target/test-dir/MiniOzoneClusterImpl-aaf233b5-8021-4449-9df2-227d87d78376/datanode-1/data/ratis/c2bfa153-54fb-4653-be57-6c94ba02685b/current/log_0-19
2019-10-30 11:53:04,321 [a12d6b9e-ec23-449e-8b58-135e3e67eb04@group-6C94BA02685B-SegmentedRaftLogWorker] INFO  segmented.SegmentedRaftLogWorker (SegmentedRaftLogWorker.java:execute(576)) - a12d6b9e-ec23-449e-8b58-135e3e67eb04@group-6C94BA02685B-SegmentedRaftLogWorker: created new log segment /workdir/hadoop-ozone/integration-test/target/test-dir/MiniOzoneClusterImpl-aaf233b5-8021-4449-9df2-227d87d78376/datanode-8/data/ratis/c2bfa153-54fb-4653-be57-6c94ba02685b/current/log_inprogress_20
2019-10-30 11:53:04,322 [9dbd5372-55c2-4532-b354-9494d3d545d2@group-F367C8FA5986-LeaderElection451] INFO  impl.LeaderElection (LeaderElection.java:logAndReturn(56)) - 9dbd5372-55c2-4532-b354-9494d3d545d2@group-F367C8FA5986-LeaderElection451: Election REJECTED; received 1 response(s) [9dbd5372-55c2-4532-b354-9494d3d545d2<-9b3ef6c9-0245-4756-bf80-45d41f7a4453#0:FAIL-t240] and 1 exception(s); 9dbd5372-55c2-4532-b354-9494d3d545d2@group-F367C8FA5986:t240, leader=null, voted=9dbd5372-55c2-4532-b354-9494d3d545d2, raftlog=9dbd5372-55c2-4532-b354-9494d3d545d2@group-F367C8FA5986-SegmentedRaftLog:OPENED:c-1,f-1,i0, conf=-1: [9b3ef6c9-0245-4756-bf80-45d41f7a4453:192.168.157.220:37058, cd11b2f5-3187-4d03-bd60-931991550c17:192.168.157.220:43236, 9dbd5372-55c2-4532-b354-9494d3d545d2:192.168.157.220:42993], old=null
2019-10-30 11:53:04,322 [9dbd5372-55c2-4532-b354-9494d3d545d2@group-F367C8FA5986-LeaderElection451] INFO  impl.LeaderElection (LogUtils.java:infoOrTrace(149)) -   Exception 0: {}
java.util.concurrent.ExecutionException: org.apache.ratis.thirdparty.io.grpc.StatusRuntimeException: UNAVAILABLE: io exception
	at java.util.concurrent.FutureTask.report(FutureTask.java:122)
	at java.util.concurrent.FutureTask.get(FutureTask.java:192)
	at org.apache.ratis.server.impl.LeaderElection.waitForResults(LeaderElection.java:259)
	at org.apache.ratis.server.impl.LeaderElection.askForVotes(LeaderElection.java:197)
	at org.apache.ratis.server.impl.LeaderElection.run(LeaderElection.java:133)
	at java.lang.Thread.run(Thread.java:748)
Caused by: org.apache.ratis.thirdparty.io.grpc.StatusRuntimeException: UNAVAILABLE: io exception
	at org.apache.ratis.thirdparty.io.grpc.stub.ClientCalls.toStatusRuntimeException(ClientCalls.java:233)
	at org.apache.ratis.thirdparty.io.grpc.stub.ClientCalls.getUnchecked(ClientCalls.java:214)
	at org.apache.ratis.thirdparty.io.grpc.stub.ClientCalls.blockingUnaryCall(ClientCalls.java:139)
	at org.apache.ratis.proto.grpc.RaftServerProtocolServiceGrpc$RaftServerProtocolServiceBlockingStub.requestVote(RaftServerProtocolServiceGrpc.java:265)
	at org.apache.ratis.grpc.server.GrpcServerProtocolClient.requestVote(GrpcServerProtocolClient.java:99)
	at org.apache.ratis.grpc.server.GrpcService.requestVote(GrpcService.java:204)
	at org.apache.ratis.server.impl.LeaderElection.lambda$submitRequests$1(LeaderElection.java:234)
	at java.util.concurrent.FutureTask.run(FutureTask.java:266)
	at java.util.concurrent.Executors$RunnableAdapter.call(Executors.java:511)
	at java.util.concurrent.FutureTask.run(FutureTask.java:266)
	at java.util.concurrent.ThreadPoolExecutor.runWorker(ThreadPoolExecutor.java:1149)
	at java.util.concurrent.ThreadPoolExecutor$Worker.run(ThreadPoolExecutor.java:624)
	... 1 more
Caused by: org.apache.ratis.thirdparty.io.netty.channel.AbstractChannel$AnnotatedConnectException: Connection refused: /192.168.157.220:43236
	at sun.nio.ch.SocketChannelImpl.checkConnect(Native Method)
	at sun.nio.ch.SocketChannelImpl.finishConnect(SocketChannelImpl.java:717)
	at org.apache.ratis.thirdparty.io.netty.channel.socket.nio.NioSocketChannel.doFinishConnect(NioSocketChannel.java:327)
	at org.apache.ratis.thirdparty.io.netty.channel.nio.AbstractNioChannel$AbstractNioUnsafe.finishConnect(AbstractNioChannel.java:340)
	at org.apache.ratis.thirdparty.io.netty.channel.nio.NioEventLoop.processSelectedKey(NioEventLoop.java:632)
	at org.apache.ratis.thirdparty.io.netty.channel.nio.NioEventLoop.processSelectedKeysOptimized(NioEventLoop.java:579)
	at org.apache.ratis.thirdparty.io.netty.channel.nio.NioEventLoop.processSelectedKeys(NioEventLoop.java:496)
	at org.apache.ratis.thirdparty.io.netty.channel.nio.NioEventLoop.run(NioEventLoop.java:458)
	at org.apache.ratis.thirdparty.io.netty.util.concurrent.SingleThreadEventExecutor$5.run(SingleThreadEventExecutor.java:897)
	at org.apache.ratis.thirdparty.io.netty.util.concurrent.FastThreadLocalRunnable.run(FastThreadLocalRunnable.java:30)
	... 1 more
Caused by: java.net.ConnectException: Connection refused
	... 11 more
2019-10-30 11:53:04,323 [9dbd5372-55c2-4532-b354-9494d3d545d2@group-F367C8FA5986-LeaderElection451] INFO  impl.RaftServerImpl (RaftServerImpl.java:setRole(184)) - 9dbd5372-55c2-4532-b354-9494d3d545d2@group-F367C8FA5986: changes role from CANDIDATE to FOLLOWER at term 240 for DISCOVERED_A_NEW_TERM
2019-10-30 11:53:04,323 [9dbd5372-55c2-4532-b354-9494d3d545d2@group-F367C8FA5986-LeaderElection451] INFO  impl.RoleInfo (RoleInfo.java:shutdownLeaderElection(134)) - 9dbd5372-55c2-4532-b354-9494d3d545d2: shutdown LeaderElection
2019-10-30 11:53:04,323 [9dbd5372-55c2-4532-b354-9494d3d545d2@group-F367C8FA5986-LeaderElection451] INFO  impl.RoleInfo (RoleInfo.java:updateAndGet(143)) - 9dbd5372-55c2-4532-b354-9494d3d545d2: start FollowerState
2019-10-30 11:53:04,340 [Thread-3349] INFO  impl.FollowerState (FollowerState.java:run(108)) - 9dbd5372-55c2-4532-b354-9494d3d545d2@group-F367C8FA5986-FollowerState: change to CANDIDATE, lastRpcTime:17ms, electionTimeout:17ms
2019-10-30 11:53:04,340 [Thread-3349] INFO  impl.RoleInfo (RoleInfo.java:shutdownFollowerState(121)) - 9dbd5372-55c2-4532-b354-9494d3d545d2: shutdown FollowerState
2019-10-30 11:53:04,341 [Thread-3349] INFO  impl.RaftServerImpl (RaftServerImpl.java:setRole(184)) - 9dbd5372-55c2-4532-b354-9494d3d545d2@group-F367C8FA5986: changes role from  FOLLOWER to CANDIDATE at term 240 for changeToCandidate
2019-10-30 11:53:04,341 [Thread-3349] INFO  impl.RoleInfo (RoleInfo.java:updateAndGet(143)) - 9dbd5372-55c2-4532-b354-9494d3d545d2: start LeaderElection
2019-10-30 11:53:04,362 [6ed35211-36a6-405a-b1db-549f65da443e@group-6C94BA02685B-SegmentedRaftLogWorker] INFO  segmented.SegmentedRaftLogWorker (SegmentedRaftLogWorker.java:execute(576)) - 6ed35211-36a6-405a-b1db-549f65da443e@group-6C94BA02685B-SegmentedRaftLogWorker: created new log segment /workdir/hadoop-ozone/integration-test/target/test-dir/MiniOzoneClusterImpl-aaf233b5-8021-4449-9df2-227d87d78376/datanode-1/data/ratis/c2bfa153-54fb-4653-be57-6c94ba02685b/current/log_inprogress_20
2019-10-30 11:53:04,362 [9dbd5372-55c2-4532-b354-9494d3d545d2@group-F367C8FA5986-LeaderElection452] INFO  impl.LeaderElection (LeaderElection.java:askForVotes(178)) - 9dbd5372-55c2-4532-b354-9494d3d545d2@group-F367C8FA5986-LeaderElection452: begin an election at term 241 for -1: [9b3ef6c9-0245-4756-bf80-45d41f7a4453:192.168.157.220:37058, cd11b2f5-3187-4d03-bd60-931991550c17:192.168.157.220:43236, 9dbd5372-55c2-4532-b354-9494d3d545d2:192.168.157.220:42993], old=null
2019-10-30 11:53:04,363 [9dbd5372-55c2-4532-b354-9494d3d545d2@group-F367C8FA5986-LeaderElection452] INFO  impl.LeaderElection (LogUtils.java:infoOrTrace(149)) - 9dbd5372-55c2-4532-b354-9494d3d545d2@group-F367C8FA5986-LeaderElection452 got exception when requesting votes: {}
java.util.concurrent.ExecutionException: org.apache.ratis.thirdparty.io.grpc.StatusRuntimeException: UNAVAILABLE: io exception
	at java.util.concurrent.FutureTask.report(FutureTask.java:122)
	at java.util.concurrent.FutureTask.get(FutureTask.java:192)
	at org.apache.ratis.server.impl.LeaderElection.waitForResults(LeaderElection.java:259)
	at org.apache.ratis.server.impl.LeaderElection.askForVotes(LeaderElection.java:197)
	at org.apache.ratis.server.impl.LeaderElection.run(LeaderElection.java:133)
	at java.lang.Thread.run(Thread.java:748)
Caused by: org.apache.ratis.thirdparty.io.grpc.StatusRuntimeException: UNAVAILABLE: io exception
	at org.apache.ratis.thirdparty.io.grpc.stub.ClientCalls.toStatusRuntimeException(ClientCalls.java:233)
	at org.apache.ratis.thirdparty.io.grpc.stub.ClientCalls.getUnchecked(ClientCalls.java:214)
	at org.apache.ratis.thirdparty.io.grpc.stub.ClientCalls.blockingUnaryCall(ClientCalls.java:139)
	at org.apache.ratis.proto.grpc.RaftServerProtocolServiceGrpc$RaftServerProtocolServiceBlockingStub.requestVote(RaftServerProtocolServiceGrpc.java:265)
	at org.apache.ratis.grpc.server.GrpcServerProtocolClient.requestVote(GrpcServerProtocolClient.java:99)
	at org.apache.ratis.grpc.server.GrpcService.requestVote(GrpcService.java:204)
	at org.apache.ratis.server.impl.LeaderElection.lambda$submitRequests$1(LeaderElection.java:234)
	at java.util.concurrent.FutureTask.run(FutureTask.java:266)
	at java.util.concurrent.Executors$RunnableAdapter.call(Executors.java:511)
	at java.util.concurrent.FutureTask.run(FutureTask.java:266)
	at java.util.concurrent.ThreadPoolExecutor.runWorker(ThreadPoolExecutor.java:1149)
	at java.util.concurrent.ThreadPoolExecutor$Worker.run(ThreadPoolExecutor.java:624)
	... 1 more
Caused by: org.apache.ratis.thirdparty.io.netty.channel.AbstractChannel$AnnotatedConnectException: Connection refused: /192.168.157.220:43236
	at sun.nio.ch.SocketChannelImpl.checkConnect(Native Method)
	at sun.nio.ch.SocketChannelImpl.finishConnect(SocketChannelImpl.java:717)
	at org.apache.ratis.thirdparty.io.netty.channel.socket.nio.NioSocketChannel.doFinishConnect(NioSocketChannel.java:327)
	at org.apache.ratis.thirdparty.io.netty.channel.nio.AbstractNioChannel$AbstractNioUnsafe.finishConnect(AbstractNioChannel.java:340)
	at org.apache.ratis.thirdparty.io.netty.channel.nio.NioEventLoop.processSelectedKey(NioEventLoop.java:632)
	at org.apache.ratis.thirdparty.io.netty.channel.nio.NioEventLoop.processSelectedKeysOptimized(NioEventLoop.java:579)
	at org.apache.ratis.thirdparty.io.netty.channel.nio.NioEventLoop.processSelectedKeys(NioEventLoop.java:496)
	at org.apache.ratis.thirdparty.io.netty.channel.nio.NioEventLoop.run(NioEventLoop.java:458)
	at org.apache.ratis.thirdparty.io.netty.util.concurrent.SingleThreadEventExecutor$5.run(SingleThreadEventExecutor.java:897)
	at org.apache.ratis.thirdparty.io.netty.util.concurrent.FastThreadLocalRunnable.run(FastThreadLocalRunnable.java:30)
	... 1 more
Caused by: java.net.ConnectException: Connection refused
	... 11 more
2019-10-30 11:53:04,364 [grpc-default-executor-6] INFO  impl.RaftServerImpl (RaftServerImpl.java:setRole(184)) - 9b3ef6c9-0245-4756-bf80-45d41f7a4453@group-F367C8FA5986: changes role from  FOLLOWER to FOLLOWER at term 241 for recognizeCandidate:9dbd5372-55c2-4532-b354-9494d3d545d2
2019-10-30 11:53:04,364 [grpc-default-executor-6] INFO  impl.RoleInfo (RoleInfo.java:shutdownFollowerState(121)) - 9b3ef6c9-0245-4756-bf80-45d41f7a4453: shutdown FollowerState
2019-10-30 11:53:04,364 [grpc-default-executor-6] INFO  impl.RoleInfo (RoleInfo.java:updateAndGet(143)) - 9b3ef6c9-0245-4756-bf80-45d41f7a4453: start FollowerState
2019-10-30 11:53:04,366 [Thread-3348] INFO  impl.FollowerState (FollowerState.java:run(117)) - 9b3ef6c9-0245-4756-bf80-45d41f7a4453@group-F367C8FA5986-FollowerState was interrupted: java.lang.InterruptedException: sleep interrupted
2019-10-30 11:53:04,382 [9dbd5372-55c2-4532-b354-9494d3d545d2@group-F367C8FA5986-LeaderElection452] INFO  impl.LeaderElection (LeaderElection.java:logAndReturn(56)) - 9dbd5372-55c2-4532-b354-9494d3d545d2@group-F367C8FA5986-LeaderElection452: Election REJECTED; received 1 response(s) [9dbd5372-55c2-4532-b354-9494d3d545d2<-9b3ef6c9-0245-4756-bf80-45d41f7a4453#0:FAIL-t241] and 1 exception(s); 9dbd5372-55c2-4532-b354-9494d3d545d2@group-F367C8FA5986:t241, leader=null, voted=9dbd5372-55c2-4532-b354-9494d3d545d2, raftlog=9dbd5372-55c2-4532-b354-9494d3d545d2@group-F367C8FA5986-SegmentedRaftLog:OPENED:c-1,f-1,i0, conf=-1: [9b3ef6c9-0245-4756-bf80-45d41f7a4453:192.168.157.220:37058, cd11b2f5-3187-4d03-bd60-931991550c17:192.168.157.220:43236, 9dbd5372-55c2-4532-b354-9494d3d545d2:192.168.157.220:42993], old=null
2019-10-30 11:53:04,382 [9dbd5372-55c2-4532-b354-9494d3d545d2@group-F367C8FA5986-LeaderElection452] INFO  impl.LeaderElection (LogUtils.java:infoOrTrace(149)) -   Exception 0: {}
java.util.concurrent.ExecutionException: org.apache.ratis.thirdparty.io.grpc.StatusRuntimeException: UNAVAILABLE: io exception
	at java.util.concurrent.FutureTask.report(FutureTask.java:122)
	at java.util.concurrent.FutureTask.get(FutureTask.java:192)
	at org.apache.ratis.server.impl.LeaderElection.waitForResults(LeaderElection.java:259)
	at org.apache.ratis.server.impl.LeaderElection.askForVotes(LeaderElection.java:197)
	at org.apache.ratis.server.impl.LeaderElection.run(LeaderElection.java:133)
	at java.lang.Thread.run(Thread.java:748)
Caused by: org.apache.ratis.thirdparty.io.grpc.StatusRuntimeException: UNAVAILABLE: io exception
	at org.apache.ratis.thirdparty.io.grpc.stub.ClientCalls.toStatusRuntimeException(ClientCalls.java:233)
	at org.apache.ratis.thirdparty.io.grpc.stub.ClientCalls.getUnchecked(ClientCalls.java:214)
	at org.apache.ratis.thirdparty.io.grpc.stub.ClientCalls.blockingUnaryCall(ClientCalls.java:139)
	at org.apache.ratis.proto.grpc.RaftServerProtocolServiceGrpc$RaftServerProtocolServiceBlockingStub.requestVote(RaftServerProtocolServiceGrpc.java:265)
	at org.apache.ratis.grpc.server.GrpcServerProtocolClient.requestVote(GrpcServerProtocolClient.java:99)
	at org.apache.ratis.grpc.server.GrpcService.requestVote(GrpcService.java:204)
	at org.apache.ratis.server.impl.LeaderElection.lambda$submitRequests$1(LeaderElection.java:234)
	at java.util.concurrent.FutureTask.run(FutureTask.java:266)
	at java.util.concurrent.Executors$RunnableAdapter.call(Executors.java:511)
	at java.util.concurrent.FutureTask.run(FutureTask.java:266)
	at java.util.concurrent.ThreadPoolExecutor.runWorker(ThreadPoolExecutor.java:1149)
	at java.util.concurrent.ThreadPoolExecutor$Worker.run(ThreadPoolExecutor.java:624)
	... 1 more
Caused by: org.apache.ratis.thirdparty.io.netty.channel.AbstractChannel$AnnotatedConnectException: Connection refused: /192.168.157.220:43236
	at sun.nio.ch.SocketChannelImpl.checkConnect(Native Method)
	at sun.nio.ch.SocketChannelImpl.finishConnect(SocketChannelImpl.java:717)
	at org.apache.ratis.thirdparty.io.netty.channel.socket.nio.NioSocketChannel.doFinishConnect(NioSocketChannel.java:327)
	at org.apache.ratis.thirdparty.io.netty.channel.nio.AbstractNioChannel$AbstractNioUnsafe.finishConnect(AbstractNioChannel.java:340)
	at org.apache.ratis.thirdparty.io.netty.channel.nio.NioEventLoop.processSelectedKey(NioEventLoop.java:632)
	at org.apache.ratis.thirdparty.io.netty.channel.nio.NioEventLoop.processSelectedKeysOptimized(NioEventLoop.java:579)
	at org.apache.ratis.thirdparty.io.netty.channel.nio.NioEventLoop.processSelectedKeys(NioEventLoop.java:496)
	at org.apache.ratis.thirdparty.io.netty.channel.nio.NioEventLoop.run(NioEventLoop.java:458)
	at org.apache.ratis.thirdparty.io.netty.util.concurrent.SingleThreadEventExecutor$5.run(SingleThreadEventExecutor.java:897)
	at org.apache.ratis.thirdparty.io.netty.util.concurrent.FastThreadLocalRunnable.run(FastThreadLocalRunnable.java:30)
	... 1 more
Caused by: java.net.ConnectException: Connection refused
	... 11 more
2019-10-30 11:53:04,382 [9dbd5372-55c2-4532-b354-9494d3d545d2@group-F367C8FA5986-LeaderElection452] INFO  impl.RaftServerImpl (RaftServerImpl.java:setRole(184)) - 9dbd5372-55c2-4532-b354-9494d3d545d2@group-F367C8FA5986: changes role from CANDIDATE to FOLLOWER at term 241 for DISCOVERED_A_NEW_TERM
2019-10-30 11:53:04,382 [9dbd5372-55c2-4532-b354-9494d3d545d2@group-F367C8FA5986-LeaderElection452] INFO  impl.RoleInfo (RoleInfo.java:shutdownLeaderElection(134)) - 9dbd5372-55c2-4532-b354-9494d3d545d2: shutdown LeaderElection
2019-10-30 11:53:04,383 [9dbd5372-55c2-4532-b354-9494d3d545d2@group-F367C8FA5986-LeaderElection452] INFO  impl.RoleInfo (RoleInfo.java:updateAndGet(143)) - 9dbd5372-55c2-4532-b354-9494d3d545d2: start FollowerState
2019-10-30 11:53:04,409 [Thread-3356] INFO  impl.FollowerState (FollowerState.java:run(108)) - 9dbd5372-55c2-4532-b354-9494d3d545d2@group-F367C8FA5986-FollowerState: change to CANDIDATE, lastRpcTime:26ms, electionTimeout:26ms
2019-10-30 11:53:04,409 [Thread-3356] INFO  impl.RoleInfo (RoleInfo.java:shutdownFollowerState(121)) - 9dbd5372-55c2-4532-b354-9494d3d545d2: shutdown FollowerState
2019-10-30 11:53:04,409 [Thread-3356] INFO  impl.RaftServerImpl (RaftServerImpl.java:setRole(184)) - 9dbd5372-55c2-4532-b354-9494d3d545d2@group-F367C8FA5986: changes role from  FOLLOWER to CANDIDATE at term 241 for changeToCandidate
2019-10-30 11:53:04,409 [Thread-3356] INFO  impl.RoleInfo (RoleInfo.java:updateAndGet(143)) - 9dbd5372-55c2-4532-b354-9494d3d545d2: start LeaderElection
2019-10-30 11:53:04,426 [9dbd5372-55c2-4532-b354-9494d3d545d2@group-F367C8FA5986-LeaderElection453] INFO  impl.LeaderElection (LeaderElection.java:askForVotes(178)) - 9dbd5372-55c2-4532-b354-9494d3d545d2@group-F367C8FA5986-LeaderElection453: begin an election at term 242 for -1: [9b3ef6c9-0245-4756-bf80-45d41f7a4453:192.168.157.220:37058, cd11b2f5-3187-4d03-bd60-931991550c17:192.168.157.220:43236, 9dbd5372-55c2-4532-b354-9494d3d545d2:192.168.157.220:42993], old=null
2019-10-30 11:53:04,427 [9dbd5372-55c2-4532-b354-9494d3d545d2@group-F367C8FA5986-LeaderElection453] INFO  impl.LeaderElection (LogUtils.java:infoOrTrace(149)) - 9dbd5372-55c2-4532-b354-9494d3d545d2@group-F367C8FA5986-LeaderElection453 got exception when requesting votes: {}
java.util.concurrent.ExecutionException: org.apache.ratis.thirdparty.io.grpc.StatusRuntimeException: UNAVAILABLE: io exception
	at java.util.concurrent.FutureTask.report(FutureTask.java:122)
	at java.util.concurrent.FutureTask.get(FutureTask.java:192)
	at org.apache.ratis.server.impl.LeaderElection.waitForResults(LeaderElection.java:259)
	at org.apache.ratis.server.impl.LeaderElection.askForVotes(LeaderElection.java:197)
	at org.apache.ratis.server.impl.LeaderElection.run(LeaderElection.java:133)
	at java.lang.Thread.run(Thread.java:748)
Caused by: org.apache.ratis.thirdparty.io.grpc.StatusRuntimeException: UNAVAILABLE: io exception
	at org.apache.ratis.thirdparty.io.grpc.stub.ClientCalls.toStatusRuntimeException(ClientCalls.java:233)
	at org.apache.ratis.thirdparty.io.grpc.stub.ClientCalls.getUnchecked(ClientCalls.java:214)
	at org.apache.ratis.thirdparty.io.grpc.stub.ClientCalls.blockingUnaryCall(ClientCalls.java:139)
	at org.apache.ratis.proto.grpc.RaftServerProtocolServiceGrpc$RaftServerProtocolServiceBlockingStub.requestVote(RaftServerProtocolServiceGrpc.java:265)
	at org.apache.ratis.grpc.server.GrpcServerProtocolClient.requestVote(GrpcServerProtocolClient.java:99)
	at org.apache.ratis.grpc.server.GrpcService.requestVote(GrpcService.java:204)
	at org.apache.ratis.server.impl.LeaderElection.lambda$submitRequests$1(LeaderElection.java:234)
	at java.util.concurrent.FutureTask.run(FutureTask.java:266)
	at java.util.concurrent.Executors$RunnableAdapter.call(Executors.java:511)
	at java.util.concurrent.FutureTask.run(FutureTask.java:266)
	at java.util.concurrent.ThreadPoolExecutor.runWorker(ThreadPoolExecutor.java:1149)
	at java.util.concurrent.ThreadPoolExecutor$Worker.run(ThreadPoolExecutor.java:624)
	... 1 more
Caused by: org.apache.ratis.thirdparty.io.netty.channel.AbstractChannel$AnnotatedConnectException: Connection refused: /192.168.157.220:43236
	at sun.nio.ch.SocketChannelImpl.checkConnect(Native Method)
	at sun.nio.ch.SocketChannelImpl.finishConnect(SocketChannelImpl.java:717)
	at org.apache.ratis.thirdparty.io.netty.channel.socket.nio.NioSocketChannel.doFinishConnect(NioSocketChannel.java:327)
	at org.apache.ratis.thirdparty.io.netty.channel.nio.AbstractNioChannel$AbstractNioUnsafe.finishConnect(AbstractNioChannel.java:340)
	at org.apache.ratis.thirdparty.io.netty.channel.nio.NioEventLoop.processSelectedKey(NioEventLoop.java:632)
	at org.apache.ratis.thirdparty.io.netty.channel.nio.NioEventLoop.processSelectedKeysOptimized(NioEventLoop.java:579)
	at org.apache.ratis.thirdparty.io.netty.channel.nio.NioEventLoop.processSelectedKeys(NioEventLoop.java:496)
	at org.apache.ratis.thirdparty.io.netty.channel.nio.NioEventLoop.run(NioEventLoop.java:458)
	at org.apache.ratis.thirdparty.io.netty.util.concurrent.SingleThreadEventExecutor$5.run(SingleThreadEventExecutor.java:897)
	at org.apache.ratis.thirdparty.io.netty.util.concurrent.FastThreadLocalRunnable.run(FastThreadLocalRunnable.java:30)
	... 1 more
Caused by: java.net.ConnectException: Connection refused
	... 11 more
2019-10-30 11:53:04,427 [grpc-default-executor-6] INFO  impl.RaftServerImpl (RaftServerImpl.java:setRole(184)) - 9b3ef6c9-0245-4756-bf80-45d41f7a4453@group-F367C8FA5986: changes role from  FOLLOWER to FOLLOWER at term 242 for recognizeCandidate:9dbd5372-55c2-4532-b354-9494d3d545d2
2019-10-30 11:53:04,428 [grpc-default-executor-6] INFO  impl.RoleInfo (RoleInfo.java:shutdownFollowerState(121)) - 9b3ef6c9-0245-4756-bf80-45d41f7a4453: shutdown FollowerState
2019-10-30 11:53:04,428 [grpc-default-executor-6] INFO  impl.RoleInfo (RoleInfo.java:updateAndGet(143)) - 9b3ef6c9-0245-4756-bf80-45d41f7a4453: start FollowerState
2019-10-30 11:53:04,428 [Thread-3354] INFO  impl.FollowerState (FollowerState.java:run(117)) - 9b3ef6c9-0245-4756-bf80-45d41f7a4453@group-F367C8FA5986-FollowerState was interrupted: java.lang.InterruptedException: sleep interrupted
2019-10-30 11:53:04,438 [9dbd5372-55c2-4532-b354-9494d3d545d2@group-F367C8FA5986-LeaderElection453] INFO  impl.LeaderElection (LeaderElection.java:logAndReturn(56)) - 9dbd5372-55c2-4532-b354-9494d3d545d2@group-F367C8FA5986-LeaderElection453: Election REJECTED; received 1 response(s) [9dbd5372-55c2-4532-b354-9494d3d545d2<-9b3ef6c9-0245-4756-bf80-45d41f7a4453#0:FAIL-t242] and 1 exception(s); 9dbd5372-55c2-4532-b354-9494d3d545d2@group-F367C8FA5986:t242, leader=null, voted=9dbd5372-55c2-4532-b354-9494d3d545d2, raftlog=9dbd5372-55c2-4532-b354-9494d3d545d2@group-F367C8FA5986-SegmentedRaftLog:OPENED:c-1,f-1,i0, conf=-1: [9b3ef6c9-0245-4756-bf80-45d41f7a4453:192.168.157.220:37058, cd11b2f5-3187-4d03-bd60-931991550c17:192.168.157.220:43236, 9dbd5372-55c2-4532-b354-9494d3d545d2:192.168.157.220:42993], old=null
2019-10-30 11:53:04,438 [9dbd5372-55c2-4532-b354-9494d3d545d2@group-F367C8FA5986-LeaderElection453] INFO  impl.LeaderElection (LogUtils.java:infoOrTrace(149)) -   Exception 0: {}
java.util.concurrent.ExecutionException: org.apache.ratis.thirdparty.io.grpc.StatusRuntimeException: UNAVAILABLE: io exception
	at java.util.concurrent.FutureTask.report(FutureTask.java:122)
	at java.util.concurrent.FutureTask.get(FutureTask.java:192)
	at org.apache.ratis.server.impl.LeaderElection.waitForResults(LeaderElection.java:259)
	at org.apache.ratis.server.impl.LeaderElection.askForVotes(LeaderElection.java:197)
	at org.apache.ratis.server.impl.LeaderElection.run(LeaderElection.java:133)
	at java.lang.Thread.run(Thread.java:748)
Caused by: org.apache.ratis.thirdparty.io.grpc.StatusRuntimeException: UNAVAILABLE: io exception
	at org.apache.ratis.thirdparty.io.grpc.stub.ClientCalls.toStatusRuntimeException(ClientCalls.java:233)
	at org.apache.ratis.thirdparty.io.grpc.stub.ClientCalls.getUnchecked(ClientCalls.java:214)
	at org.apache.ratis.thirdparty.io.grpc.stub.ClientCalls.blockingUnaryCall(ClientCalls.java:139)
	at org.apache.ratis.proto.grpc.RaftServerProtocolServiceGrpc$RaftServerProtocolServiceBlockingStub.requestVote(RaftServerProtocolServiceGrpc.java:265)
	at org.apache.ratis.grpc.server.GrpcServerProtocolClient.requestVote(GrpcServerProtocolClient.java:99)
	at org.apache.ratis.grpc.server.GrpcService.requestVote(GrpcService.java:204)
	at org.apache.ratis.server.impl.LeaderElection.lambda$submitRequests$1(LeaderElection.java:234)
	at java.util.concurrent.FutureTask.run(FutureTask.java:266)
	at java.util.concurrent.Executors$RunnableAdapter.call(Executors.java:511)
	at java.util.concurrent.FutureTask.run(FutureTask.java:266)
	at java.util.concurrent.ThreadPoolExecutor.runWorker(ThreadPoolExecutor.java:1149)
	at java.util.concurrent.ThreadPoolExecutor$Worker.run(ThreadPoolExecutor.java:624)
	... 1 more
Caused by: org.apache.ratis.thirdparty.io.netty.channel.AbstractChannel$AnnotatedConnectException: Connection refused: /192.168.157.220:43236
	at sun.nio.ch.SocketChannelImpl.checkConnect(Native Method)
	at sun.nio.ch.SocketChannelImpl.finishConnect(SocketChannelImpl.java:717)
	at org.apache.ratis.thirdparty.io.netty.channel.socket.nio.NioSocketChannel.doFinishConnect(NioSocketChannel.java:327)
	at org.apache.ratis.thirdparty.io.netty.channel.nio.AbstractNioChannel$AbstractNioUnsafe.finishConnect(AbstractNioChannel.java:340)
	at org.apache.ratis.thirdparty.io.netty.channel.nio.NioEventLoop.processSelectedKey(NioEventLoop.java:632)
	at org.apache.ratis.thirdparty.io.netty.channel.nio.NioEventLoop.processSelectedKeysOptimized(NioEventLoop.java:579)
	at org.apache.ratis.thirdparty.io.netty.channel.nio.NioEventLoop.processSelectedKeys(NioEventLoop.java:496)
	at org.apache.ratis.thirdparty.io.netty.channel.nio.NioEventLoop.run(NioEventLoop.java:458)
	at org.apache.ratis.thirdparty.io.netty.util.concurrent.SingleThreadEventExecutor$5.run(SingleThreadEventExecutor.java:897)
	at org.apache.ratis.thirdparty.io.netty.util.concurrent.FastThreadLocalRunnable.run(FastThreadLocalRunnable.java:30)
	... 1 more
Caused by: java.net.ConnectException: Connection refused
	... 11 more
2019-10-30 11:53:04,438 [9dbd5372-55c2-4532-b354-9494d3d545d2@group-F367C8FA5986-LeaderElection453] INFO  impl.RaftServerImpl (RaftServerImpl.java:setRole(184)) - 9dbd5372-55c2-4532-b354-9494d3d545d2@group-F367C8FA5986: changes role from CANDIDATE to FOLLOWER at term 242 for DISCOVERED_A_NEW_TERM
2019-10-30 11:53:04,438 [9dbd5372-55c2-4532-b354-9494d3d545d2@group-F367C8FA5986-LeaderElection453] INFO  impl.RoleInfo (RoleInfo.java:shutdownLeaderElection(134)) - 9dbd5372-55c2-4532-b354-9494d3d545d2: shutdown LeaderElection
2019-10-30 11:53:04,438 [9dbd5372-55c2-4532-b354-9494d3d545d2@group-F367C8FA5986-LeaderElection453] INFO  impl.RoleInfo (RoleInfo.java:updateAndGet(143)) - 9dbd5372-55c2-4532-b354-9494d3d545d2: start FollowerState
2019-10-30 11:53:04,493 [Thread-3361] INFO  impl.FollowerState (FollowerState.java:run(108)) - 9dbd5372-55c2-4532-b354-9494d3d545d2@group-F367C8FA5986-FollowerState: change to CANDIDATE, lastRpcTime:54ms, electionTimeout:54ms
2019-10-30 11:53:04,493 [Thread-3361] INFO  impl.RoleInfo (RoleInfo.java:shutdownFollowerState(121)) - 9dbd5372-55c2-4532-b354-9494d3d545d2: shutdown FollowerState
2019-10-30 11:53:04,493 [Thread-3361] INFO  impl.RaftServerImpl (RaftServerImpl.java:setRole(184)) - 9dbd5372-55c2-4532-b354-9494d3d545d2@group-F367C8FA5986: changes role from  FOLLOWER to CANDIDATE at term 242 for changeToCandidate
2019-10-30 11:53:04,493 [Thread-3361] INFO  impl.RoleInfo (RoleInfo.java:updateAndGet(143)) - 9dbd5372-55c2-4532-b354-9494d3d545d2: start LeaderElection
2019-10-30 11:53:04,514 [9dbd5372-55c2-4532-b354-9494d3d545d2@group-F367C8FA5986-LeaderElection454] INFO  impl.LeaderElection (LeaderElection.java:askForVotes(178)) - 9dbd5372-55c2-4532-b354-9494d3d545d2@group-F367C8FA5986-LeaderElection454: begin an election at term 243 for -1: [9b3ef6c9-0245-4756-bf80-45d41f7a4453:192.168.157.220:37058, cd11b2f5-3187-4d03-bd60-931991550c17:192.168.157.220:43236, 9dbd5372-55c2-4532-b354-9494d3d545d2:192.168.157.220:42993], old=null
2019-10-30 11:53:04,515 [9dbd5372-55c2-4532-b354-9494d3d545d2@group-F367C8FA5986-LeaderElection454] INFO  impl.LeaderElection (LogUtils.java:infoOrTrace(149)) - 9dbd5372-55c2-4532-b354-9494d3d545d2@group-F367C8FA5986-LeaderElection454 got exception when requesting votes: {}
java.util.concurrent.ExecutionException: org.apache.ratis.thirdparty.io.grpc.StatusRuntimeException: UNAVAILABLE: io exception
	at java.util.concurrent.FutureTask.report(FutureTask.java:122)
	at java.util.concurrent.FutureTask.get(FutureTask.java:192)
	at org.apache.ratis.server.impl.LeaderElection.waitForResults(LeaderElection.java:259)
	at org.apache.ratis.server.impl.LeaderElection.askForVotes(LeaderElection.java:197)
	at org.apache.ratis.server.impl.LeaderElection.run(LeaderElection.java:133)
	at java.lang.Thread.run(Thread.java:748)
Caused by: org.apache.ratis.thirdparty.io.grpc.StatusRuntimeException: UNAVAILABLE: io exception
	at org.apache.ratis.thirdparty.io.grpc.stub.ClientCalls.toStatusRuntimeException(ClientCalls.java:233)
	at org.apache.ratis.thirdparty.io.grpc.stub.ClientCalls.getUnchecked(ClientCalls.java:214)
	at org.apache.ratis.thirdparty.io.grpc.stub.ClientCalls.blockingUnaryCall(ClientCalls.java:139)
	at org.apache.ratis.proto.grpc.RaftServerProtocolServiceGrpc$RaftServerProtocolServiceBlockingStub.requestVote(RaftServerProtocolServiceGrpc.java:265)
	at org.apache.ratis.grpc.server.GrpcServerProtocolClient.requestVote(GrpcServerProtocolClient.java:99)
	at org.apache.ratis.grpc.server.GrpcService.requestVote(GrpcService.java:204)
	at org.apache.ratis.server.impl.LeaderElection.lambda$submitRequests$1(LeaderElection.java:234)
	at java.util.concurrent.FutureTask.run(FutureTask.java:266)
	at java.util.concurrent.Executors$RunnableAdapter.call(Executors.java:511)
	at java.util.concurrent.FutureTask.run(FutureTask.java:266)
	at java.util.concurrent.ThreadPoolExecutor.runWorker(ThreadPoolExecutor.java:1149)
	at java.util.concurrent.ThreadPoolExecutor$Worker.run(ThreadPoolExecutor.java:624)
	... 1 more
Caused by: org.apache.ratis.thirdparty.io.netty.channel.AbstractChannel$AnnotatedConnectException: Connection refused: /192.168.157.220:43236
	at sun.nio.ch.SocketChannelImpl.checkConnect(Native Method)
	at sun.nio.ch.SocketChannelImpl.finishConnect(SocketChannelImpl.java:717)
	at org.apache.ratis.thirdparty.io.netty.channel.socket.nio.NioSocketChannel.doFinishConnect(NioSocketChannel.java:327)
	at org.apache.ratis.thirdparty.io.netty.channel.nio.AbstractNioChannel$AbstractNioUnsafe.finishConnect(AbstractNioChannel.java:340)
	at org.apache.ratis.thirdparty.io.netty.channel.nio.NioEventLoop.processSelectedKey(NioEventLoop.java:632)
	at org.apache.ratis.thirdparty.io.netty.channel.nio.NioEventLoop.processSelectedKeysOptimized(NioEventLoop.java:579)
	at org.apache.ratis.thirdparty.io.netty.channel.nio.NioEventLoop.processSelectedKeys(NioEventLoop.java:496)
	at org.apache.ratis.thirdparty.io.netty.channel.nio.NioEventLoop.run(NioEventLoop.java:458)
	at org.apache.ratis.thirdparty.io.netty.util.concurrent.SingleThreadEventExecutor$5.run(SingleThreadEventExecutor.java:897)
	at org.apache.ratis.thirdparty.io.netty.util.concurrent.FastThreadLocalRunnable.run(FastThreadLocalRunnable.java:30)
	... 1 more
Caused by: java.net.ConnectException: Connection refused
	... 11 more
2019-10-30 11:53:04,518 [grpc-default-executor-6] INFO  impl.RaftServerImpl (RaftServerImpl.java:setRole(184)) - 9b3ef6c9-0245-4756-bf80-45d41f7a4453@group-F367C8FA5986: changes role from  FOLLOWER to FOLLOWER at term 243 for recognizeCandidate:9dbd5372-55c2-4532-b354-9494d3d545d2
2019-10-30 11:53:04,519 [grpc-default-executor-6] INFO  impl.RoleInfo (RoleInfo.java:shutdownFollowerState(121)) - 9b3ef6c9-0245-4756-bf80-45d41f7a4453: shutdown FollowerState
2019-10-30 11:53:04,519 [grpc-default-executor-6] INFO  impl.RoleInfo (RoleInfo.java:updateAndGet(143)) - 9b3ef6c9-0245-4756-bf80-45d41f7a4453: start FollowerState
2019-10-30 11:53:04,519 [Thread-3360] INFO  impl.FollowerState (FollowerState.java:run(117)) - 9b3ef6c9-0245-4756-bf80-45d41f7a4453@group-F367C8FA5986-FollowerState was interrupted: java.lang.InterruptedException: sleep interrupted
2019-10-30 11:53:04,526 [9dbd5372-55c2-4532-b354-9494d3d545d2@group-F367C8FA5986-LeaderElection454] INFO  impl.LeaderElection (LeaderElection.java:logAndReturn(56)) - 9dbd5372-55c2-4532-b354-9494d3d545d2@group-F367C8FA5986-LeaderElection454: Election REJECTED; received 1 response(s) [9dbd5372-55c2-4532-b354-9494d3d545d2<-9b3ef6c9-0245-4756-bf80-45d41f7a4453#0:FAIL-t243] and 1 exception(s); 9dbd5372-55c2-4532-b354-9494d3d545d2@group-F367C8FA5986:t243, leader=null, voted=9dbd5372-55c2-4532-b354-9494d3d545d2, raftlog=9dbd5372-55c2-4532-b354-9494d3d545d2@group-F367C8FA5986-SegmentedRaftLog:OPENED:c-1,f-1,i0, conf=-1: [9b3ef6c9-0245-4756-bf80-45d41f7a4453:192.168.157.220:37058, cd11b2f5-3187-4d03-bd60-931991550c17:192.168.157.220:43236, 9dbd5372-55c2-4532-b354-9494d3d545d2:192.168.157.220:42993], old=null
2019-10-30 11:53:04,527 [9dbd5372-55c2-4532-b354-9494d3d545d2@group-F367C8FA5986-LeaderElection454] INFO  impl.LeaderElection (LogUtils.java:infoOrTrace(149)) -   Exception 0: {}
java.util.concurrent.ExecutionException: org.apache.ratis.thirdparty.io.grpc.StatusRuntimeException: UNAVAILABLE: io exception
	at java.util.concurrent.FutureTask.report(FutureTask.java:122)
	at java.util.concurrent.FutureTask.get(FutureTask.java:192)
	at org.apache.ratis.server.impl.LeaderElection.waitForResults(LeaderElection.java:259)
	at org.apache.ratis.server.impl.LeaderElection.askForVotes(LeaderElection.java:197)
	at org.apache.ratis.server.impl.LeaderElection.run(LeaderElection.java:133)
	at java.lang.Thread.run(Thread.java:748)
Caused by: org.apache.ratis.thirdparty.io.grpc.StatusRuntimeException: UNAVAILABLE: io exception
	at org.apache.ratis.thirdparty.io.grpc.stub.ClientCalls.toStatusRuntimeException(ClientCalls.java:233)
	at org.apache.ratis.thirdparty.io.grpc.stub.ClientCalls.getUnchecked(ClientCalls.java:214)
	at org.apache.ratis.thirdparty.io.grpc.stub.ClientCalls.blockingUnaryCall(ClientCalls.java:139)
	at org.apache.ratis.proto.grpc.RaftServerProtocolServiceGrpc$RaftServerProtocolServiceBlockingStub.requestVote(RaftServerProtocolServiceGrpc.java:265)
	at org.apache.ratis.grpc.server.GrpcServerProtocolClient.requestVote(GrpcServerProtocolClient.java:99)
	at org.apache.ratis.grpc.server.GrpcService.requestVote(GrpcService.java:204)
	at org.apache.ratis.server.impl.LeaderElection.lambda$submitRequests$1(LeaderElection.java:234)
	at java.util.concurrent.FutureTask.run(FutureTask.java:266)
	at java.util.concurrent.Executors$RunnableAdapter.call(Executors.java:511)
	at java.util.concurrent.FutureTask.run(FutureTask.java:266)
	at java.util.concurrent.ThreadPoolExecutor.runWorker(ThreadPoolExecutor.java:1149)
	at java.util.concurrent.ThreadPoolExecutor$Worker.run(ThreadPoolExecutor.java:624)
	... 1 more
Caused by: org.apache.ratis.thirdparty.io.netty.channel.AbstractChannel$AnnotatedConnectException: Connection refused: /192.168.157.220:43236
	at sun.nio.ch.SocketChannelImpl.checkConnect(Native Method)
	at sun.nio.ch.SocketChannelImpl.finishConnect(SocketChannelImpl.java:717)
	at org.apache.ratis.thirdparty.io.netty.channel.socket.nio.NioSocketChannel.doFinishConnect(NioSocketChannel.java:327)
	at org.apache.ratis.thirdparty.io.netty.channel.nio.AbstractNioChannel$AbstractNioUnsafe.finishConnect(AbstractNioChannel.java:340)
	at org.apache.ratis.thirdparty.io.netty.channel.nio.NioEventLoop.processSelectedKey(NioEventLoop.java:632)
	at org.apache.ratis.thirdparty.io.netty.channel.nio.NioEventLoop.processSelectedKeysOptimized(NioEventLoop.java:579)
	at org.apache.ratis.thirdparty.io.netty.channel.nio.NioEventLoop.processSelectedKeys(NioEventLoop.java:496)
	at org.apache.ratis.thirdparty.io.netty.channel.nio.NioEventLoop.run(NioEventLoop.java:458)
	at org.apache.ratis.thirdparty.io.netty.util.concurrent.SingleThreadEventExecutor$5.run(SingleThreadEventExecutor.java:897)
	at org.apache.ratis.thirdparty.io.netty.util.concurrent.FastThreadLocalRunnable.run(FastThreadLocalRunnable.java:30)
	... 1 more
Caused by: java.net.ConnectException: Connection refused
	... 11 more
2019-10-30 11:53:04,527 [9dbd5372-55c2-4532-b354-9494d3d545d2@group-F367C8FA5986-LeaderElection454] INFO  impl.RaftServerImpl (RaftServerImpl.java:setRole(184)) - 9dbd5372-55c2-4532-b354-9494d3d545d2@group-F367C8FA5986: changes role from CANDIDATE to FOLLOWER at term 243 for DISCOVERED_A_NEW_TERM
2019-10-30 11:53:04,527 [9dbd5372-55c2-4532-b354-9494d3d545d2@group-F367C8FA5986-LeaderElection454] INFO  impl.RoleInfo (RoleInfo.java:shutdownLeaderElection(134)) - 9dbd5372-55c2-4532-b354-9494d3d545d2: shutdown LeaderElection
2019-10-30 11:53:04,527 [9dbd5372-55c2-4532-b354-9494d3d545d2@group-F367C8FA5986-LeaderElection454] INFO  impl.RoleInfo (RoleInfo.java:updateAndGet(143)) - 9dbd5372-55c2-4532-b354-9494d3d545d2: start FollowerState
2019-10-30 11:53:04,706 [Thread-3366] INFO  impl.FollowerState (FollowerState.java:run(108)) - 9dbd5372-55c2-4532-b354-9494d3d545d2@group-F367C8FA5986-FollowerState: change to CANDIDATE, lastRpcTime:178ms, electionTimeout:178ms
2019-10-30 11:53:04,706 [Thread-3366] INFO  impl.RoleInfo (RoleInfo.java:shutdownFollowerState(121)) - 9dbd5372-55c2-4532-b354-9494d3d545d2: shutdown FollowerState
2019-10-30 11:53:04,706 [Thread-3366] INFO  impl.RaftServerImpl (RaftServerImpl.java:setRole(184)) - 9dbd5372-55c2-4532-b354-9494d3d545d2@group-F367C8FA5986: changes role from  FOLLOWER to CANDIDATE at term 243 for changeToCandidate
2019-10-30 11:53:04,706 [Thread-3366] INFO  impl.RoleInfo (RoleInfo.java:updateAndGet(143)) - 9dbd5372-55c2-4532-b354-9494d3d545d2: start LeaderElection
2019-10-30 11:53:04,722 [9dbd5372-55c2-4532-b354-9494d3d545d2@group-F367C8FA5986-LeaderElection455] INFO  impl.LeaderElection (LeaderElection.java:askForVotes(178)) - 9dbd5372-55c2-4532-b354-9494d3d545d2@group-F367C8FA5986-LeaderElection455: begin an election at term 244 for -1: [9b3ef6c9-0245-4756-bf80-45d41f7a4453:192.168.157.220:37058, cd11b2f5-3187-4d03-bd60-931991550c17:192.168.157.220:43236, 9dbd5372-55c2-4532-b354-9494d3d545d2:192.168.157.220:42993], old=null
2019-10-30 11:53:04,724 [grpc-default-executor-6] INFO  impl.RaftServerImpl (RaftServerImpl.java:setRole(184)) - 9b3ef6c9-0245-4756-bf80-45d41f7a4453@group-F367C8FA5986: changes role from  FOLLOWER to FOLLOWER at term 244 for recognizeCandidate:9dbd5372-55c2-4532-b354-9494d3d545d2
2019-10-30 11:53:04,724 [grpc-default-executor-6] INFO  impl.RoleInfo (RoleInfo.java:shutdownFollowerState(121)) - 9b3ef6c9-0245-4756-bf80-45d41f7a4453: shutdown FollowerState
2019-10-30 11:53:04,724 [grpc-default-executor-6] INFO  impl.RoleInfo (RoleInfo.java:updateAndGet(143)) - 9b3ef6c9-0245-4756-bf80-45d41f7a4453: start FollowerState
2019-10-30 11:53:04,724 [Thread-3365] INFO  impl.FollowerState (FollowerState.java:run(117)) - 9b3ef6c9-0245-4756-bf80-45d41f7a4453@group-F367C8FA5986-FollowerState was interrupted: java.lang.InterruptedException: sleep interrupted
2019-10-30 11:53:04,724 [9dbd5372-55c2-4532-b354-9494d3d545d2@group-F367C8FA5986-LeaderElection455] INFO  impl.LeaderElection (LogUtils.java:infoOrTrace(149)) - 9dbd5372-55c2-4532-b354-9494d3d545d2@group-F367C8FA5986-LeaderElection455 got exception when requesting votes: {}
java.util.concurrent.ExecutionException: org.apache.ratis.thirdparty.io.grpc.StatusRuntimeException: UNAVAILABLE: io exception
	at java.util.concurrent.FutureTask.report(FutureTask.java:122)
	at java.util.concurrent.FutureTask.get(FutureTask.java:192)
	at org.apache.ratis.server.impl.LeaderElection.waitForResults(LeaderElection.java:259)
	at org.apache.ratis.server.impl.LeaderElection.askForVotes(LeaderElection.java:197)
	at org.apache.ratis.server.impl.LeaderElection.run(LeaderElection.java:133)
	at java.lang.Thread.run(Thread.java:748)
Caused by: org.apache.ratis.thirdparty.io.grpc.StatusRuntimeException: UNAVAILABLE: io exception
	at org.apache.ratis.thirdparty.io.grpc.stub.ClientCalls.toStatusRuntimeException(ClientCalls.java:233)
	at org.apache.ratis.thirdparty.io.grpc.stub.ClientCalls.getUnchecked(ClientCalls.java:214)
	at org.apache.ratis.thirdparty.io.grpc.stub.ClientCalls.blockingUnaryCall(ClientCalls.java:139)
	at org.apache.ratis.proto.grpc.RaftServerProtocolServiceGrpc$RaftServerProtocolServiceBlockingStub.requestVote(RaftServerProtocolServiceGrpc.java:265)
	at org.apache.ratis.grpc.server.GrpcServerProtocolClient.requestVote(GrpcServerProtocolClient.java:99)
	at org.apache.ratis.grpc.server.GrpcService.requestVote(GrpcService.java:204)
	at org.apache.ratis.server.impl.LeaderElection.lambda$submitRequests$1(LeaderElection.java:234)
	at java.util.concurrent.FutureTask.run(FutureTask.java:266)
	at java.util.concurrent.Executors$RunnableAdapter.call(Executors.java:511)
	at java.util.concurrent.FutureTask.run(FutureTask.java:266)
	at java.util.concurrent.ThreadPoolExecutor.runWorker(ThreadPoolExecutor.java:1149)
	at java.util.concurrent.ThreadPoolExecutor$Worker.run(ThreadPoolExecutor.java:624)
	... 1 more
Caused by: org.apache.ratis.thirdparty.io.netty.channel.AbstractChannel$AnnotatedConnectException: Connection refused: /192.168.157.220:43236
	at sun.nio.ch.SocketChannelImpl.checkConnect(Native Method)
	at sun.nio.ch.SocketChannelImpl.finishConnect(SocketChannelImpl.java:717)
	at org.apache.ratis.thirdparty.io.netty.channel.socket.nio.NioSocketChannel.doFinishConnect(NioSocketChannel.java:327)
	at org.apache.ratis.thirdparty.io.netty.channel.nio.AbstractNioChannel$AbstractNioUnsafe.finishConnect(AbstractNioChannel.java:340)
	at org.apache.ratis.thirdparty.io.netty.channel.nio.NioEventLoop.processSelectedKey(NioEventLoop.java:632)
	at org.apache.ratis.thirdparty.io.netty.channel.nio.NioEventLoop.processSelectedKeysOptimized(NioEventLoop.java:579)
	at org.apache.ratis.thirdparty.io.netty.channel.nio.NioEventLoop.processSelectedKeys(NioEventLoop.java:496)
	at org.apache.ratis.thirdparty.io.netty.channel.nio.NioEventLoop.run(NioEventLoop.java:458)
	at org.apache.ratis.thirdparty.io.netty.util.concurrent.SingleThreadEventExecutor$5.run(SingleThreadEventExecutor.java:897)
	at org.apache.ratis.thirdparty.io.netty.util.concurrent.FastThreadLocalRunnable.run(FastThreadLocalRunnable.java:30)
	... 1 more
Caused by: java.net.ConnectException: Connection refused
	... 11 more
2019-10-30 11:53:04,737 [9dbd5372-55c2-4532-b354-9494d3d545d2@group-F367C8FA5986-LeaderElection455] INFO  impl.LeaderElection (LeaderElection.java:logAndReturn(56)) - 9dbd5372-55c2-4532-b354-9494d3d545d2@group-F367C8FA5986-LeaderElection455: Election REJECTED; received 1 response(s) [9dbd5372-55c2-4532-b354-9494d3d545d2<-9b3ef6c9-0245-4756-bf80-45d41f7a4453#0:FAIL-t244] and 1 exception(s); 9dbd5372-55c2-4532-b354-9494d3d545d2@group-F367C8FA5986:t244, leader=null, voted=9dbd5372-55c2-4532-b354-9494d3d545d2, raftlog=9dbd5372-55c2-4532-b354-9494d3d545d2@group-F367C8FA5986-SegmentedRaftLog:OPENED:c-1,f-1,i0, conf=-1: [9b3ef6c9-0245-4756-bf80-45d41f7a4453:192.168.157.220:37058, cd11b2f5-3187-4d03-bd60-931991550c17:192.168.157.220:43236, 9dbd5372-55c2-4532-b354-9494d3d545d2:192.168.157.220:42993], old=null
2019-10-30 11:53:04,737 [9dbd5372-55c2-4532-b354-9494d3d545d2@group-F367C8FA5986-LeaderElection455] INFO  impl.LeaderElection (LogUtils.java:infoOrTrace(149)) -   Exception 0: {}
java.util.concurrent.ExecutionException: org.apache.ratis.thirdparty.io.grpc.StatusRuntimeException: UNAVAILABLE: io exception
	at java.util.concurrent.FutureTask.report(FutureTask.java:122)
	at java.util.concurrent.FutureTask.get(FutureTask.java:192)
	at org.apache.ratis.server.impl.LeaderElection.waitForResults(LeaderElection.java:259)
	at org.apache.ratis.server.impl.LeaderElection.askForVotes(LeaderElection.java:197)
	at org.apache.ratis.server.impl.LeaderElection.run(LeaderElection.java:133)
	at java.lang.Thread.run(Thread.java:748)
Caused by: org.apache.ratis.thirdparty.io.grpc.StatusRuntimeException: UNAVAILABLE: io exception
	at org.apache.ratis.thirdparty.io.grpc.stub.ClientCalls.toStatusRuntimeException(ClientCalls.java:233)
	at org.apache.ratis.thirdparty.io.grpc.stub.ClientCalls.getUnchecked(ClientCalls.java:214)
	at org.apache.ratis.thirdparty.io.grpc.stub.ClientCalls.blockingUnaryCall(ClientCalls.java:139)
	at org.apache.ratis.proto.grpc.RaftServerProtocolServiceGrpc$RaftServerProtocolServiceBlockingStub.requestVote(RaftServerProtocolServiceGrpc.java:265)
	at org.apache.ratis.grpc.server.GrpcServerProtocolClient.requestVote(GrpcServerProtocolClient.java:99)
	at org.apache.ratis.grpc.server.GrpcService.requestVote(GrpcService.java:204)
	at org.apache.ratis.server.impl.LeaderElection.lambda$submitRequests$1(LeaderElection.java:234)
	at java.util.concurrent.FutureTask.run(FutureTask.java:266)
	at java.util.concurrent.Executors$RunnableAdapter.call(Executors.java:511)
	at java.util.concurrent.FutureTask.run(FutureTask.java:266)
	at java.util.concurrent.ThreadPoolExecutor.runWorker(ThreadPoolExecutor.java:1149)
	at java.util.concurrent.ThreadPoolExecutor$Worker.run(ThreadPoolExecutor.java:624)
	... 1 more
Caused by: org.apache.ratis.thirdparty.io.netty.channel.AbstractChannel$AnnotatedConnectException: Connection refused: /192.168.157.220:43236
	at sun.nio.ch.SocketChannelImpl.checkConnect(Native Method)
	at sun.nio.ch.SocketChannelImpl.finishConnect(SocketChannelImpl.java:717)
	at org.apache.ratis.thirdparty.io.netty.channel.socket.nio.NioSocketChannel.doFinishConnect(NioSocketChannel.java:327)
	at org.apache.ratis.thirdparty.io.netty.channel.nio.AbstractNioChannel$AbstractNioUnsafe.finishConnect(AbstractNioChannel.java:340)
	at org.apache.ratis.thirdparty.io.netty.channel.nio.NioEventLoop.processSelectedKey(NioEventLoop.java:632)
	at org.apache.ratis.thirdparty.io.netty.channel.nio.NioEventLoop.processSelectedKeysOptimized(NioEventLoop.java:579)
	at org.apache.ratis.thirdparty.io.netty.channel.nio.NioEventLoop.processSelectedKeys(NioEventLoop.java:496)
	at org.apache.ratis.thirdparty.io.netty.channel.nio.NioEventLoop.run(NioEventLoop.java:458)
	at org.apache.ratis.thirdparty.io.netty.util.concurrent.SingleThreadEventExecutor$5.run(SingleThreadEventExecutor.java:897)
	at org.apache.ratis.thirdparty.io.netty.util.concurrent.FastThreadLocalRunnable.run(FastThreadLocalRunnable.java:30)
	... 1 more
Caused by: java.net.ConnectException: Connection refused
	... 11 more
2019-10-30 11:53:04,737 [9dbd5372-55c2-4532-b354-9494d3d545d2@group-F367C8FA5986-LeaderElection455] INFO  impl.RaftServerImpl (RaftServerImpl.java:setRole(184)) - 9dbd5372-55c2-4532-b354-9494d3d545d2@group-F367C8FA5986: changes role from CANDIDATE to FOLLOWER at term 244 for DISCOVERED_A_NEW_TERM
2019-10-30 11:53:04,737 [9dbd5372-55c2-4532-b354-9494d3d545d2@group-F367C8FA5986-LeaderElection455] INFO  impl.RoleInfo (RoleInfo.java:shutdownLeaderElection(134)) - 9dbd5372-55c2-4532-b354-9494d3d545d2: shutdown LeaderElection
2019-10-30 11:53:04,737 [9dbd5372-55c2-4532-b354-9494d3d545d2@group-F367C8FA5986-LeaderElection455] INFO  impl.RoleInfo (RoleInfo.java:updateAndGet(143)) - 9dbd5372-55c2-4532-b354-9494d3d545d2: start FollowerState
2019-10-30 11:53:04,835 [Thread-3371] INFO  impl.FollowerState (FollowerState.java:run(108)) - 9dbd5372-55c2-4532-b354-9494d3d545d2@group-F367C8FA5986-FollowerState: change to CANDIDATE, lastRpcTime:97ms, electionTimeout:97ms
2019-10-30 11:53:04,835 [Thread-3371] INFO  impl.RoleInfo (RoleInfo.java:shutdownFollowerState(121)) - 9dbd5372-55c2-4532-b354-9494d3d545d2: shutdown FollowerState
2019-10-30 11:53:04,835 [Thread-3371] INFO  impl.RaftServerImpl (RaftServerImpl.java:setRole(184)) - 9dbd5372-55c2-4532-b354-9494d3d545d2@group-F367C8FA5986: changes role from  FOLLOWER to CANDIDATE at term 244 for changeToCandidate
2019-10-30 11:53:04,835 [Thread-3371] INFO  impl.RoleInfo (RoleInfo.java:updateAndGet(143)) - 9dbd5372-55c2-4532-b354-9494d3d545d2: start LeaderElection
2019-10-30 11:53:04,849 [9dbd5372-55c2-4532-b354-9494d3d545d2@group-F367C8FA5986-LeaderElection456] INFO  impl.LeaderElection (LeaderElection.java:askForVotes(178)) - 9dbd5372-55c2-4532-b354-9494d3d545d2@group-F367C8FA5986-LeaderElection456: begin an election at term 245 for -1: [9b3ef6c9-0245-4756-bf80-45d41f7a4453:192.168.157.220:37058, cd11b2f5-3187-4d03-bd60-931991550c17:192.168.157.220:43236, 9dbd5372-55c2-4532-b354-9494d3d545d2:192.168.157.220:42993], old=null
2019-10-30 11:53:04,850 [9dbd5372-55c2-4532-b354-9494d3d545d2@group-F367C8FA5986-LeaderElection456] INFO  impl.LeaderElection (LogUtils.java:infoOrTrace(149)) - 9dbd5372-55c2-4532-b354-9494d3d545d2@group-F367C8FA5986-LeaderElection456 got exception when requesting votes: {}
java.util.concurrent.ExecutionException: org.apache.ratis.thirdparty.io.grpc.StatusRuntimeException: UNAVAILABLE: io exception
	at java.util.concurrent.FutureTask.report(FutureTask.java:122)
	at java.util.concurrent.FutureTask.get(FutureTask.java:192)
	at org.apache.ratis.server.impl.LeaderElection.waitForResults(LeaderElection.java:259)
	at org.apache.ratis.server.impl.LeaderElection.askForVotes(LeaderElection.java:197)
	at org.apache.ratis.server.impl.LeaderElection.run(LeaderElection.java:133)
	at java.lang.Thread.run(Thread.java:748)
Caused by: org.apache.ratis.thirdparty.io.grpc.StatusRuntimeException: UNAVAILABLE: io exception
	at org.apache.ratis.thirdparty.io.grpc.stub.ClientCalls.toStatusRuntimeException(ClientCalls.java:233)
	at org.apache.ratis.thirdparty.io.grpc.stub.ClientCalls.getUnchecked(ClientCalls.java:214)
	at org.apache.ratis.thirdparty.io.grpc.stub.ClientCalls.blockingUnaryCall(ClientCalls.java:139)
	at org.apache.ratis.proto.grpc.RaftServerProtocolServiceGrpc$RaftServerProtocolServiceBlockingStub.requestVote(RaftServerProtocolServiceGrpc.java:265)
	at org.apache.ratis.grpc.server.GrpcServerProtocolClient.requestVote(GrpcServerProtocolClient.java:99)
	at org.apache.ratis.grpc.server.GrpcService.requestVote(GrpcService.java:204)
	at org.apache.ratis.server.impl.LeaderElection.lambda$submitRequests$1(LeaderElection.java:234)
	at java.util.concurrent.FutureTask.run(FutureTask.java:266)
	at java.util.concurrent.Executors$RunnableAdapter.call(Executors.java:511)
	at java.util.concurrent.FutureTask.run(FutureTask.java:266)
	at java.util.concurrent.ThreadPoolExecutor.runWorker(ThreadPoolExecutor.java:1149)
	at java.util.concurrent.ThreadPoolExecutor$Worker.run(ThreadPoolExecutor.java:624)
	... 1 more
Caused by: org.apache.ratis.thirdparty.io.netty.channel.AbstractChannel$AnnotatedConnectException: Connection refused: /192.168.157.220:43236
	at sun.nio.ch.SocketChannelImpl.checkConnect(Native Method)
	at sun.nio.ch.SocketChannelImpl.finishConnect(SocketChannelImpl.java:717)
	at org.apache.ratis.thirdparty.io.netty.channel.socket.nio.NioSocketChannel.doFinishConnect(NioSocketChannel.java:327)
	at org.apache.ratis.thirdparty.io.netty.channel.nio.AbstractNioChannel$AbstractNioUnsafe.finishConnect(AbstractNioChannel.java:340)
	at org.apache.ratis.thirdparty.io.netty.channel.nio.NioEventLoop.processSelectedKey(NioEventLoop.java:632)
	at org.apache.ratis.thirdparty.io.netty.channel.nio.NioEventLoop.processSelectedKeysOptimized(NioEventLoop.java:579)
	at org.apache.ratis.thirdparty.io.netty.channel.nio.NioEventLoop.processSelectedKeys(NioEventLoop.java:496)
	at org.apache.ratis.thirdparty.io.netty.channel.nio.NioEventLoop.run(NioEventLoop.java:458)
	at org.apache.ratis.thirdparty.io.netty.util.concurrent.SingleThreadEventExecutor$5.run(SingleThreadEventExecutor.java:897)
	at org.apache.ratis.thirdparty.io.netty.util.concurrent.FastThreadLocalRunnable.run(FastThreadLocalRunnable.java:30)
	... 1 more
Caused by: java.net.ConnectException: Connection refused
	... 11 more
2019-10-30 11:53:04,851 [grpc-default-executor-6] INFO  impl.RaftServerImpl (RaftServerImpl.java:setRole(184)) - 9b3ef6c9-0245-4756-bf80-45d41f7a4453@group-F367C8FA5986: changes role from  FOLLOWER to FOLLOWER at term 245 for recognizeCandidate:9dbd5372-55c2-4532-b354-9494d3d545d2
2019-10-30 11:53:04,851 [grpc-default-executor-6] INFO  impl.RoleInfo (RoleInfo.java:shutdownFollowerState(121)) - 9b3ef6c9-0245-4756-bf80-45d41f7a4453: shutdown FollowerState
2019-10-30 11:53:04,852 [grpc-default-executor-6] INFO  impl.RoleInfo (RoleInfo.java:updateAndGet(143)) - 9b3ef6c9-0245-4756-bf80-45d41f7a4453: start FollowerState
2019-10-30 11:53:04,852 [Thread-3370] INFO  impl.FollowerState (FollowerState.java:run(117)) - 9b3ef6c9-0245-4756-bf80-45d41f7a4453@group-F367C8FA5986-FollowerState was interrupted: java.lang.InterruptedException: sleep interrupted
2019-10-30 11:53:04,865 [9dbd5372-55c2-4532-b354-9494d3d545d2@group-F367C8FA5986-LeaderElection456] INFO  impl.LeaderElection (LeaderElection.java:logAndReturn(56)) - 9dbd5372-55c2-4532-b354-9494d3d545d2@group-F367C8FA5986-LeaderElection456: Election REJECTED; received 1 response(s) [9dbd5372-55c2-4532-b354-9494d3d545d2<-9b3ef6c9-0245-4756-bf80-45d41f7a4453#0:FAIL-t245] and 1 exception(s); 9dbd5372-55c2-4532-b354-9494d3d545d2@group-F367C8FA5986:t245, leader=null, voted=9dbd5372-55c2-4532-b354-9494d3d545d2, raftlog=9dbd5372-55c2-4532-b354-9494d3d545d2@group-F367C8FA5986-SegmentedRaftLog:OPENED:c-1,f-1,i0, conf=-1: [9b3ef6c9-0245-4756-bf80-45d41f7a4453:192.168.157.220:37058, cd11b2f5-3187-4d03-bd60-931991550c17:192.168.157.220:43236, 9dbd5372-55c2-4532-b354-9494d3d545d2:192.168.157.220:42993], old=null
2019-10-30 11:53:04,865 [9dbd5372-55c2-4532-b354-9494d3d545d2@group-F367C8FA5986-LeaderElection456] INFO  impl.LeaderElection (LogUtils.java:infoOrTrace(149)) -   Exception 0: {}
java.util.concurrent.ExecutionException: org.apache.ratis.thirdparty.io.grpc.StatusRuntimeException: UNAVAILABLE: io exception
	at java.util.concurrent.FutureTask.report(FutureTask.java:122)
	at java.util.concurrent.FutureTask.get(FutureTask.java:192)
	at org.apache.ratis.server.impl.LeaderElection.waitForResults(LeaderElection.java:259)
	at org.apache.ratis.server.impl.LeaderElection.askForVotes(LeaderElection.java:197)
	at org.apache.ratis.server.impl.LeaderElection.run(LeaderElection.java:133)
	at java.lang.Thread.run(Thread.java:748)
Caused by: org.apache.ratis.thirdparty.io.grpc.StatusRuntimeException: UNAVAILABLE: io exception
	at org.apache.ratis.thirdparty.io.grpc.stub.ClientCalls.toStatusRuntimeException(ClientCalls.java:233)
	at org.apache.ratis.thirdparty.io.grpc.stub.ClientCalls.getUnchecked(ClientCalls.java:214)
	at org.apache.ratis.thirdparty.io.grpc.stub.ClientCalls.blockingUnaryCall(ClientCalls.java:139)
	at org.apache.ratis.proto.grpc.RaftServerProtocolServiceGrpc$RaftServerProtocolServiceBlockingStub.requestVote(RaftServerProtocolServiceGrpc.java:265)
	at org.apache.ratis.grpc.server.GrpcServerProtocolClient.requestVote(GrpcServerProtocolClient.java:99)
	at org.apache.ratis.grpc.server.GrpcService.requestVote(GrpcService.java:204)
	at org.apache.ratis.server.impl.LeaderElection.lambda$submitRequests$1(LeaderElection.java:234)
	at java.util.concurrent.FutureTask.run(FutureTask.java:266)
	at java.util.concurrent.Executors$RunnableAdapter.call(Executors.java:511)
	at java.util.concurrent.FutureTask.run(FutureTask.java:266)
	at java.util.concurrent.ThreadPoolExecutor.runWorker(ThreadPoolExecutor.java:1149)
	at java.util.concurrent.ThreadPoolExecutor$Worker.run(ThreadPoolExecutor.java:624)
	... 1 more
Caused by: org.apache.ratis.thirdparty.io.netty.channel.AbstractChannel$AnnotatedConnectException: Connection refused: /192.168.157.220:43236
	at sun.nio.ch.SocketChannelImpl.checkConnect(Native Method)
	at sun.nio.ch.SocketChannelImpl.finishConnect(SocketChannelImpl.java:717)
	at org.apache.ratis.thirdparty.io.netty.channel.socket.nio.NioSocketChannel.doFinishConnect(NioSocketChannel.java:327)
	at org.apache.ratis.thirdparty.io.netty.channel.nio.AbstractNioChannel$AbstractNioUnsafe.finishConnect(AbstractNioChannel.java:340)
	at org.apache.ratis.thirdparty.io.netty.channel.nio.NioEventLoop.processSelectedKey(NioEventLoop.java:632)
	at org.apache.ratis.thirdparty.io.netty.channel.nio.NioEventLoop.processSelectedKeysOptimized(NioEventLoop.java:579)
	at org.apache.ratis.thirdparty.io.netty.channel.nio.NioEventLoop.processSelectedKeys(NioEventLoop.java:496)
	at org.apache.ratis.thirdparty.io.netty.channel.nio.NioEventLoop.run(NioEventLoop.java:458)
	at org.apache.ratis.thirdparty.io.netty.util.concurrent.SingleThreadEventExecutor$5.run(SingleThreadEventExecutor.java:897)
	at org.apache.ratis.thirdparty.io.netty.util.concurrent.FastThreadLocalRunnable.run(FastThreadLocalRunnable.java:30)
	... 1 more
Caused by: java.net.ConnectException: Connection refused
	... 11 more
2019-10-30 11:53:04,865 [9dbd5372-55c2-4532-b354-9494d3d545d2@group-F367C8FA5986-LeaderElection456] INFO  impl.RaftServerImpl (RaftServerImpl.java:setRole(184)) - 9dbd5372-55c2-4532-b354-9494d3d545d2@group-F367C8FA5986: changes role from CANDIDATE to FOLLOWER at term 245 for DISCOVERED_A_NEW_TERM
2019-10-30 11:53:04,865 [9dbd5372-55c2-4532-b354-9494d3d545d2@group-F367C8FA5986-LeaderElection456] INFO  impl.RoleInfo (RoleInfo.java:shutdownLeaderElection(134)) - 9dbd5372-55c2-4532-b354-9494d3d545d2: shutdown LeaderElection
2019-10-30 11:53:04,866 [9dbd5372-55c2-4532-b354-9494d3d545d2@group-F367C8FA5986-LeaderElection456] INFO  impl.RoleInfo (RoleInfo.java:updateAndGet(143)) - 9dbd5372-55c2-4532-b354-9494d3d545d2: start FollowerState
2019-10-30 11:53:04,917 [Thread-3376] INFO  impl.FollowerState (FollowerState.java:run(108)) - 9dbd5372-55c2-4532-b354-9494d3d545d2@group-F367C8FA5986-FollowerState: change to CANDIDATE, lastRpcTime:51ms, electionTimeout:51ms
2019-10-30 11:53:04,917 [Thread-3376] INFO  impl.RoleInfo (RoleInfo.java:shutdownFollowerState(121)) - 9dbd5372-55c2-4532-b354-9494d3d545d2: shutdown FollowerState
2019-10-30 11:53:04,917 [Thread-3376] INFO  impl.RaftServerImpl (RaftServerImpl.java:setRole(184)) - 9dbd5372-55c2-4532-b354-9494d3d545d2@group-F367C8FA5986: changes role from  FOLLOWER to CANDIDATE at term 245 for changeToCandidate
2019-10-30 11:53:04,918 [Thread-3376] INFO  impl.RoleInfo (RoleInfo.java:updateAndGet(143)) - 9dbd5372-55c2-4532-b354-9494d3d545d2: start LeaderElection
2019-10-30 11:53:04,931 [9dbd5372-55c2-4532-b354-9494d3d545d2@group-F367C8FA5986-LeaderElection457] INFO  impl.LeaderElection (LeaderElection.java:askForVotes(178)) - 9dbd5372-55c2-4532-b354-9494d3d545d2@group-F367C8FA5986-LeaderElection457: begin an election at term 246 for -1: [9b3ef6c9-0245-4756-bf80-45d41f7a4453:192.168.157.220:37058, cd11b2f5-3187-4d03-bd60-931991550c17:192.168.157.220:43236, 9dbd5372-55c2-4532-b354-9494d3d545d2:192.168.157.220:42993], old=null
2019-10-30 11:53:04,931 [9dbd5372-55c2-4532-b354-9494d3d545d2@group-F367C8FA5986-LeaderElection457] INFO  impl.LeaderElection (LogUtils.java:infoOrTrace(149)) - 9dbd5372-55c2-4532-b354-9494d3d545d2@group-F367C8FA5986-LeaderElection457 got exception when requesting votes: {}
java.util.concurrent.ExecutionException: org.apache.ratis.thirdparty.io.grpc.StatusRuntimeException: UNAVAILABLE: io exception
	at java.util.concurrent.FutureTask.report(FutureTask.java:122)
	at java.util.concurrent.FutureTask.get(FutureTask.java:192)
	at org.apache.ratis.server.impl.LeaderElection.waitForResults(LeaderElection.java:259)
	at org.apache.ratis.server.impl.LeaderElection.askForVotes(LeaderElection.java:197)
	at org.apache.ratis.server.impl.LeaderElection.run(LeaderElection.java:133)
	at java.lang.Thread.run(Thread.java:748)
Caused by: org.apache.ratis.thirdparty.io.grpc.StatusRuntimeException: UNAVAILABLE: io exception
	at org.apache.ratis.thirdparty.io.grpc.stub.ClientCalls.toStatusRuntimeException(ClientCalls.java:233)
	at org.apache.ratis.thirdparty.io.grpc.stub.ClientCalls.getUnchecked(ClientCalls.java:214)
	at org.apache.ratis.thirdparty.io.grpc.stub.ClientCalls.blockingUnaryCall(ClientCalls.java:139)
	at org.apache.ratis.proto.grpc.RaftServerProtocolServiceGrpc$RaftServerProtocolServiceBlockingStub.requestVote(RaftServerProtocolServiceGrpc.java:265)
	at org.apache.ratis.grpc.server.GrpcServerProtocolClient.requestVote(GrpcServerProtocolClient.java:99)
	at org.apache.ratis.grpc.server.GrpcService.requestVote(GrpcService.java:204)
	at org.apache.ratis.server.impl.LeaderElection.lambda$submitRequests$1(LeaderElection.java:234)
	at java.util.concurrent.FutureTask.run(FutureTask.java:266)
	at java.util.concurrent.Executors$RunnableAdapter.call(Executors.java:511)
	at java.util.concurrent.FutureTask.run(FutureTask.java:266)
	at java.util.concurrent.ThreadPoolExecutor.runWorker(ThreadPoolExecutor.java:1149)
	at java.util.concurrent.ThreadPoolExecutor$Worker.run(ThreadPoolExecutor.java:624)
	... 1 more
Caused by: org.apache.ratis.thirdparty.io.netty.channel.AbstractChannel$AnnotatedConnectException: Connection refused: /192.168.157.220:43236
	at sun.nio.ch.SocketChannelImpl.checkConnect(Native Method)
	at sun.nio.ch.SocketChannelImpl.finishConnect(SocketChannelImpl.java:717)
	at org.apache.ratis.thirdparty.io.netty.channel.socket.nio.NioSocketChannel.doFinishConnect(NioSocketChannel.java:327)
	at org.apache.ratis.thirdparty.io.netty.channel.nio.AbstractNioChannel$AbstractNioUnsafe.finishConnect(AbstractNioChannel.java:340)
	at org.apache.ratis.thirdparty.io.netty.channel.nio.NioEventLoop.processSelectedKey(NioEventLoop.java:632)
	at org.apache.ratis.thirdparty.io.netty.channel.nio.NioEventLoop.processSelectedKeysOptimized(NioEventLoop.java:579)
	at org.apache.ratis.thirdparty.io.netty.channel.nio.NioEventLoop.processSelectedKeys(NioEventLoop.java:496)
	at org.apache.ratis.thirdparty.io.netty.channel.nio.NioEventLoop.run(NioEventLoop.java:458)
	at org.apache.ratis.thirdparty.io.netty.util.concurrent.SingleThreadEventExecutor$5.run(SingleThreadEventExecutor.java:897)
	at org.apache.ratis.thirdparty.io.netty.util.concurrent.FastThreadLocalRunnable.run(FastThreadLocalRunnable.java:30)
	... 1 more
Caused by: java.net.ConnectException: Connection refused
	... 11 more
2019-10-30 11:53:04,933 [grpc-default-executor-6] INFO  impl.RaftServerImpl (RaftServerImpl.java:setRole(184)) - 9b3ef6c9-0245-4756-bf80-45d41f7a4453@group-F367C8FA5986: changes role from  FOLLOWER to FOLLOWER at term 246 for recognizeCandidate:9dbd5372-55c2-4532-b354-9494d3d545d2
2019-10-30 11:53:04,933 [grpc-default-executor-6] INFO  impl.RoleInfo (RoleInfo.java:shutdownFollowerState(121)) - 9b3ef6c9-0245-4756-bf80-45d41f7a4453: shutdown FollowerState
2019-10-30 11:53:04,933 [grpc-default-executor-6] INFO  impl.RoleInfo (RoleInfo.java:updateAndGet(143)) - 9b3ef6c9-0245-4756-bf80-45d41f7a4453: start FollowerState
2019-10-30 11:53:04,933 [Thread-3375] INFO  impl.FollowerState (FollowerState.java:run(117)) - 9b3ef6c9-0245-4756-bf80-45d41f7a4453@group-F367C8FA5986-FollowerState was interrupted: java.lang.InterruptedException: sleep interrupted
2019-10-30 11:53:04,946 [9dbd5372-55c2-4532-b354-9494d3d545d2@group-F367C8FA5986-LeaderElection457] INFO  impl.LeaderElection (LeaderElection.java:logAndReturn(56)) - 9dbd5372-55c2-4532-b354-9494d3d545d2@group-F367C8FA5986-LeaderElection457: Election REJECTED; received 1 response(s) [9dbd5372-55c2-4532-b354-9494d3d545d2<-9b3ef6c9-0245-4756-bf80-45d41f7a4453#0:FAIL-t246] and 1 exception(s); 9dbd5372-55c2-4532-b354-9494d3d545d2@group-F367C8FA5986:t246, leader=null, voted=9dbd5372-55c2-4532-b354-9494d3d545d2, raftlog=9dbd5372-55c2-4532-b354-9494d3d545d2@group-F367C8FA5986-SegmentedRaftLog:OPENED:c-1,f-1,i0, conf=-1: [9b3ef6c9-0245-4756-bf80-45d41f7a4453:192.168.157.220:37058, cd11b2f5-3187-4d03-bd60-931991550c17:192.168.157.220:43236, 9dbd5372-55c2-4532-b354-9494d3d545d2:192.168.157.220:42993], old=null
2019-10-30 11:53:04,946 [9dbd5372-55c2-4532-b354-9494d3d545d2@group-F367C8FA5986-LeaderElection457] INFO  impl.LeaderElection (LogUtils.java:infoOrTrace(149)) -   Exception 0: {}
java.util.concurrent.ExecutionException: org.apache.ratis.thirdparty.io.grpc.StatusRuntimeException: UNAVAILABLE: io exception
	at java.util.concurrent.FutureTask.report(FutureTask.java:122)
	at java.util.concurrent.FutureTask.get(FutureTask.java:192)
	at org.apache.ratis.server.impl.LeaderElection.waitForResults(LeaderElection.java:259)
	at org.apache.ratis.server.impl.LeaderElection.askForVotes(LeaderElection.java:197)
	at org.apache.ratis.server.impl.LeaderElection.run(LeaderElection.java:133)
	at java.lang.Thread.run(Thread.java:748)
Caused by: org.apache.ratis.thirdparty.io.grpc.StatusRuntimeException: UNAVAILABLE: io exception
	at org.apache.ratis.thirdparty.io.grpc.stub.ClientCalls.toStatusRuntimeException(ClientCalls.java:233)
	at org.apache.ratis.thirdparty.io.grpc.stub.ClientCalls.getUnchecked(ClientCalls.java:214)
	at org.apache.ratis.thirdparty.io.grpc.stub.ClientCalls.blockingUnaryCall(ClientCalls.java:139)
	at org.apache.ratis.proto.grpc.RaftServerProtocolServiceGrpc$RaftServerProtocolServiceBlockingStub.requestVote(RaftServerProtocolServiceGrpc.java:265)
	at org.apache.ratis.grpc.server.GrpcServerProtocolClient.requestVote(GrpcServerProtocolClient.java:99)
	at org.apache.ratis.grpc.server.GrpcService.requestVote(GrpcService.java:204)
	at org.apache.ratis.server.impl.LeaderElection.lambda$submitRequests$1(LeaderElection.java:234)
	at java.util.concurrent.FutureTask.run(FutureTask.java:266)
	at java.util.concurrent.Executors$RunnableAdapter.call(Executors.java:511)
	at java.util.concurrent.FutureTask.run(FutureTask.java:266)
	at java.util.concurrent.ThreadPoolExecutor.runWorker(ThreadPoolExecutor.java:1149)
	at java.util.concurrent.ThreadPoolExecutor$Worker.run(ThreadPoolExecutor.java:624)
	... 1 more
Caused by: org.apache.ratis.thirdparty.io.netty.channel.AbstractChannel$AnnotatedConnectException: Connection refused: /192.168.157.220:43236
	at sun.nio.ch.SocketChannelImpl.checkConnect(Native Method)
	at sun.nio.ch.SocketChannelImpl.finishConnect(SocketChannelImpl.java:717)
	at org.apache.ratis.thirdparty.io.netty.channel.socket.nio.NioSocketChannel.doFinishConnect(NioSocketChannel.java:327)
	at org.apache.ratis.thirdparty.io.netty.channel.nio.AbstractNioChannel$AbstractNioUnsafe.finishConnect(AbstractNioChannel.java:340)
	at org.apache.ratis.thirdparty.io.netty.channel.nio.NioEventLoop.processSelectedKey(NioEventLoop.java:632)
	at org.apache.ratis.thirdparty.io.netty.channel.nio.NioEventLoop.processSelectedKeysOptimized(NioEventLoop.java:579)
	at org.apache.ratis.thirdparty.io.netty.channel.nio.NioEventLoop.processSelectedKeys(NioEventLoop.java:496)
	at org.apache.ratis.thirdparty.io.netty.channel.nio.NioEventLoop.run(NioEventLoop.java:458)
	at org.apache.ratis.thirdparty.io.netty.util.concurrent.SingleThreadEventExecutor$5.run(SingleThreadEventExecutor.java:897)
	at org.apache.ratis.thirdparty.io.netty.util.concurrent.FastThreadLocalRunnable.run(FastThreadLocalRunnable.java:30)
	... 1 more
Caused by: java.net.ConnectException: Connection refused
	... 11 more
2019-10-30 11:53:04,946 [9dbd5372-55c2-4532-b354-9494d3d545d2@group-F367C8FA5986-LeaderElection457] INFO  impl.RaftServerImpl (RaftServerImpl.java:setRole(184)) - 9dbd5372-55c2-4532-b354-9494d3d545d2@group-F367C8FA5986: changes role from CANDIDATE to FOLLOWER at term 246 for DISCOVERED_A_NEW_TERM
2019-10-30 11:53:04,947 [9dbd5372-55c2-4532-b354-9494d3d545d2@group-F367C8FA5986-LeaderElection457] INFO  impl.RoleInfo (RoleInfo.java:shutdownLeaderElection(134)) - 9dbd5372-55c2-4532-b354-9494d3d545d2: shutdown LeaderElection
2019-10-30 11:53:04,947 [9dbd5372-55c2-4532-b354-9494d3d545d2@group-F367C8FA5986-LeaderElection457] INFO  impl.RoleInfo (RoleInfo.java:updateAndGet(143)) - 9dbd5372-55c2-4532-b354-9494d3d545d2: start FollowerState
2019-10-30 11:53:04,951 [Thread-3382] INFO  impl.FollowerState (FollowerState.java:run(108)) - 9dbd5372-55c2-4532-b354-9494d3d545d2@group-F367C8FA5986-FollowerState: change to CANDIDATE, lastRpcTime:4ms, electionTimeout:4ms
2019-10-30 11:53:04,951 [Thread-3382] INFO  impl.RoleInfo (RoleInfo.java:shutdownFollowerState(121)) - 9dbd5372-55c2-4532-b354-9494d3d545d2: shutdown FollowerState
2019-10-30 11:53:04,951 [Thread-3382] INFO  impl.RaftServerImpl (RaftServerImpl.java:setRole(184)) - 9dbd5372-55c2-4532-b354-9494d3d545d2@group-F367C8FA5986: changes role from  FOLLOWER to CANDIDATE at term 246 for changeToCandidate
2019-10-30 11:53:04,951 [Thread-3382] INFO  impl.RoleInfo (RoleInfo.java:updateAndGet(143)) - 9dbd5372-55c2-4532-b354-9494d3d545d2: start LeaderElection
2019-10-30 11:53:04,962 [9dbd5372-55c2-4532-b354-9494d3d545d2@group-F367C8FA5986-LeaderElection458] INFO  impl.LeaderElection (LeaderElection.java:askForVotes(178)) - 9dbd5372-55c2-4532-b354-9494d3d545d2@group-F367C8FA5986-LeaderElection458: begin an election at term 247 for -1: [9b3ef6c9-0245-4756-bf80-45d41f7a4453:192.168.157.220:37058, cd11b2f5-3187-4d03-bd60-931991550c17:192.168.157.220:43236, 9dbd5372-55c2-4532-b354-9494d3d545d2:192.168.157.220:42993], old=null
2019-10-30 11:53:04,963 [9dbd5372-55c2-4532-b354-9494d3d545d2@group-F367C8FA5986-LeaderElection458] INFO  impl.LeaderElection (LogUtils.java:infoOrTrace(149)) - 9dbd5372-55c2-4532-b354-9494d3d545d2@group-F367C8FA5986-LeaderElection458 got exception when requesting votes: {}
java.util.concurrent.ExecutionException: org.apache.ratis.thirdparty.io.grpc.StatusRuntimeException: UNAVAILABLE: io exception
	at java.util.concurrent.FutureTask.report(FutureTask.java:122)
	at java.util.concurrent.FutureTask.get(FutureTask.java:192)
	at org.apache.ratis.server.impl.LeaderElection.waitForResults(LeaderElection.java:259)
	at org.apache.ratis.server.impl.LeaderElection.askForVotes(LeaderElection.java:197)
	at org.apache.ratis.server.impl.LeaderElection.run(LeaderElection.java:133)
	at java.lang.Thread.run(Thread.java:748)
Caused by: org.apache.ratis.thirdparty.io.grpc.StatusRuntimeException: UNAVAILABLE: io exception
	at org.apache.ratis.thirdparty.io.grpc.stub.ClientCalls.toStatusRuntimeException(ClientCalls.java:233)
	at org.apache.ratis.thirdparty.io.grpc.stub.ClientCalls.getUnchecked(ClientCalls.java:214)
	at org.apache.ratis.thirdparty.io.grpc.stub.ClientCalls.blockingUnaryCall(ClientCalls.java:139)
	at org.apache.ratis.proto.grpc.RaftServerProtocolServiceGrpc$RaftServerProtocolServiceBlockingStub.requestVote(RaftServerProtocolServiceGrpc.java:265)
	at org.apache.ratis.grpc.server.GrpcServerProtocolClient.requestVote(GrpcServerProtocolClient.java:99)
	at org.apache.ratis.grpc.server.GrpcService.requestVote(GrpcService.java:204)
	at org.apache.ratis.server.impl.LeaderElection.lambda$submitRequests$1(LeaderElection.java:234)
	at java.util.concurrent.FutureTask.run(FutureTask.java:266)
	at java.util.concurrent.Executors$RunnableAdapter.call(Executors.java:511)
	at java.util.concurrent.FutureTask.run(FutureTask.java:266)
	at java.util.concurrent.ThreadPoolExecutor.runWorker(ThreadPoolExecutor.java:1149)
	at java.util.concurrent.ThreadPoolExecutor$Worker.run(ThreadPoolExecutor.java:624)
	... 1 more
Caused by: org.apache.ratis.thirdparty.io.netty.channel.AbstractChannel$AnnotatedConnectException: Connection refused: /192.168.157.220:43236
	at sun.nio.ch.SocketChannelImpl.checkConnect(Native Method)
	at sun.nio.ch.SocketChannelImpl.finishConnect(SocketChannelImpl.java:717)
	at org.apache.ratis.thirdparty.io.netty.channel.socket.nio.NioSocketChannel.doFinishConnect(NioSocketChannel.java:327)
	at org.apache.ratis.thirdparty.io.netty.channel.nio.AbstractNioChannel$AbstractNioUnsafe.finishConnect(AbstractNioChannel.java:340)
	at org.apache.ratis.thirdparty.io.netty.channel.nio.NioEventLoop.processSelectedKey(NioEventLoop.java:632)
	at org.apache.ratis.thirdparty.io.netty.channel.nio.NioEventLoop.processSelectedKeysOptimized(NioEventLoop.java:579)
	at org.apache.ratis.thirdparty.io.netty.channel.nio.NioEventLoop.processSelectedKeys(NioEventLoop.java:496)
	at org.apache.ratis.thirdparty.io.netty.channel.nio.NioEventLoop.run(NioEventLoop.java:458)
	at org.apache.ratis.thirdparty.io.netty.util.concurrent.SingleThreadEventExecutor$5.run(SingleThreadEventExecutor.java:897)
	at org.apache.ratis.thirdparty.io.netty.util.concurrent.FastThreadLocalRunnable.run(FastThreadLocalRunnable.java:30)
	... 1 more
Caused by: java.net.ConnectException: Connection refused
	... 11 more
2019-10-30 11:53:04,963 [grpc-default-executor-6] INFO  impl.RaftServerImpl (RaftServerImpl.java:setRole(184)) - 9b3ef6c9-0245-4756-bf80-45d41f7a4453@group-F367C8FA5986: changes role from  FOLLOWER to FOLLOWER at term 247 for recognizeCandidate:9dbd5372-55c2-4532-b354-9494d3d545d2
2019-10-30 11:53:04,964 [grpc-default-executor-6] INFO  impl.RoleInfo (RoleInfo.java:shutdownFollowerState(121)) - 9b3ef6c9-0245-4756-bf80-45d41f7a4453: shutdown FollowerState
2019-10-30 11:53:04,964 [grpc-default-executor-6] INFO  impl.RoleInfo (RoleInfo.java:updateAndGet(143)) - 9b3ef6c9-0245-4756-bf80-45d41f7a4453: start FollowerState
2019-10-30 11:53:04,964 [Thread-3381] INFO  impl.FollowerState (FollowerState.java:run(117)) - 9b3ef6c9-0245-4756-bf80-45d41f7a4453@group-F367C8FA5986-FollowerState was interrupted: java.lang.InterruptedException: sleep interrupted
2019-10-30 11:53:04,977 [9dbd5372-55c2-4532-b354-9494d3d545d2@group-F367C8FA5986-LeaderElection458] INFO  impl.LeaderElection (LeaderElection.java:logAndReturn(56)) - 9dbd5372-55c2-4532-b354-9494d3d545d2@group-F367C8FA5986-LeaderElection458: Election REJECTED; received 1 response(s) [9dbd5372-55c2-4532-b354-9494d3d545d2<-9b3ef6c9-0245-4756-bf80-45d41f7a4453#0:FAIL-t247] and 1 exception(s); 9dbd5372-55c2-4532-b354-9494d3d545d2@group-F367C8FA5986:t247, leader=null, voted=9dbd5372-55c2-4532-b354-9494d3d545d2, raftlog=9dbd5372-55c2-4532-b354-9494d3d545d2@group-F367C8FA5986-SegmentedRaftLog:OPENED:c-1,f-1,i0, conf=-1: [9b3ef6c9-0245-4756-bf80-45d41f7a4453:192.168.157.220:37058, cd11b2f5-3187-4d03-bd60-931991550c17:192.168.157.220:43236, 9dbd5372-55c2-4532-b354-9494d3d545d2:192.168.157.220:42993], old=null
2019-10-30 11:53:04,978 [9dbd5372-55c2-4532-b354-9494d3d545d2@group-F367C8FA5986-LeaderElection458] INFO  impl.LeaderElection (LogUtils.java:infoOrTrace(149)) -   Exception 0: {}
java.util.concurrent.ExecutionException: org.apache.ratis.thirdparty.io.grpc.StatusRuntimeException: UNAVAILABLE: io exception
	at java.util.concurrent.FutureTask.report(FutureTask.java:122)
	at java.util.concurrent.FutureTask.get(FutureTask.java:192)
	at org.apache.ratis.server.impl.LeaderElection.waitForResults(LeaderElection.java:259)
	at org.apache.ratis.server.impl.LeaderElection.askForVotes(LeaderElection.java:197)
	at org.apache.ratis.server.impl.LeaderElection.run(LeaderElection.java:133)
	at java.lang.Thread.run(Thread.java:748)
Caused by: org.apache.ratis.thirdparty.io.grpc.StatusRuntimeException: UNAVAILABLE: io exception
	at org.apache.ratis.thirdparty.io.grpc.stub.ClientCalls.toStatusRuntimeException(ClientCalls.java:233)
	at org.apache.ratis.thirdparty.io.grpc.stub.ClientCalls.getUnchecked(ClientCalls.java:214)
	at org.apache.ratis.thirdparty.io.grpc.stub.ClientCalls.blockingUnaryCall(ClientCalls.java:139)
	at org.apache.ratis.proto.grpc.RaftServerProtocolServiceGrpc$RaftServerProtocolServiceBlockingStub.requestVote(RaftServerProtocolServiceGrpc.java:265)
	at org.apache.ratis.grpc.server.GrpcServerProtocolClient.requestVote(GrpcServerProtocolClient.java:99)
	at org.apache.ratis.grpc.server.GrpcService.requestVote(GrpcService.java:204)
	at org.apache.ratis.server.impl.LeaderElection.lambda$submitRequests$1(LeaderElection.java:234)
	at java.util.concurrent.FutureTask.run(FutureTask.java:266)
	at java.util.concurrent.Executors$RunnableAdapter.call(Executors.java:511)
	at java.util.concurrent.FutureTask.run(FutureTask.java:266)
	at java.util.concurrent.ThreadPoolExecutor.runWorker(ThreadPoolExecutor.java:1149)
	at java.util.concurrent.ThreadPoolExecutor$Worker.run(ThreadPoolExecutor.java:624)
	... 1 more
Caused by: org.apache.ratis.thirdparty.io.netty.channel.AbstractChannel$AnnotatedConnectException: Connection refused: /192.168.157.220:43236
	at sun.nio.ch.SocketChannelImpl.checkConnect(Native Method)
	at sun.nio.ch.SocketChannelImpl.finishConnect(SocketChannelImpl.java:717)
	at org.apache.ratis.thirdparty.io.netty.channel.socket.nio.NioSocketChannel.doFinishConnect(NioSocketChannel.java:327)
	at org.apache.ratis.thirdparty.io.netty.channel.nio.AbstractNioChannel$AbstractNioUnsafe.finishConnect(AbstractNioChannel.java:340)
	at org.apache.ratis.thirdparty.io.netty.channel.nio.NioEventLoop.processSelectedKey(NioEventLoop.java:632)
	at org.apache.ratis.thirdparty.io.netty.channel.nio.NioEventLoop.processSelectedKeysOptimized(NioEventLoop.java:579)
	at org.apache.ratis.thirdparty.io.netty.channel.nio.NioEventLoop.processSelectedKeys(NioEventLoop.java:496)
	at org.apache.ratis.thirdparty.io.netty.channel.nio.NioEventLoop.run(NioEventLoop.java:458)
	at org.apache.ratis.thirdparty.io.netty.util.concurrent.SingleThreadEventExecutor$5.run(SingleThreadEventExecutor.java:897)
	at org.apache.ratis.thirdparty.io.netty.util.concurrent.FastThreadLocalRunnable.run(FastThreadLocalRunnable.java:30)
	... 1 more
Caused by: java.net.ConnectException: Connection refused
	... 11 more
2019-10-30 11:53:04,978 [9dbd5372-55c2-4532-b354-9494d3d545d2@group-F367C8FA5986-LeaderElection458] INFO  impl.RaftServerImpl (RaftServerImpl.java:setRole(184)) - 9dbd5372-55c2-4532-b354-9494d3d545d2@group-F367C8FA5986: changes role from CANDIDATE to FOLLOWER at term 247 for DISCOVERED_A_NEW_TERM
2019-10-30 11:53:04,978 [9dbd5372-55c2-4532-b354-9494d3d545d2@group-F367C8FA5986-LeaderElection458] INFO  impl.RoleInfo (RoleInfo.java:shutdownLeaderElection(134)) - 9dbd5372-55c2-4532-b354-9494d3d545d2: shutdown LeaderElection
2019-10-30 11:53:04,978 [9dbd5372-55c2-4532-b354-9494d3d545d2@group-F367C8FA5986-LeaderElection458] INFO  impl.RoleInfo (RoleInfo.java:updateAndGet(143)) - 9dbd5372-55c2-4532-b354-9494d3d545d2: start FollowerState
2019-10-30 11:53:05,103 [Thread-3387] INFO  impl.FollowerState (FollowerState.java:run(108)) - 9dbd5372-55c2-4532-b354-9494d3d545d2@group-F367C8FA5986-FollowerState: change to CANDIDATE, lastRpcTime:124ms, electionTimeout:124ms
2019-10-30 11:53:05,103 [Thread-3387] INFO  impl.RoleInfo (RoleInfo.java:shutdownFollowerState(121)) - 9dbd5372-55c2-4532-b354-9494d3d545d2: shutdown FollowerState
2019-10-30 11:53:05,103 [Thread-3387] INFO  impl.RaftServerImpl (RaftServerImpl.java:setRole(184)) - 9dbd5372-55c2-4532-b354-9494d3d545d2@group-F367C8FA5986: changes role from  FOLLOWER to CANDIDATE at term 247 for changeToCandidate
2019-10-30 11:53:05,103 [Thread-3387] INFO  impl.RoleInfo (RoleInfo.java:updateAndGet(143)) - 9dbd5372-55c2-4532-b354-9494d3d545d2: start LeaderElection
2019-10-30 11:53:05,116 [9dbd5372-55c2-4532-b354-9494d3d545d2@group-F367C8FA5986-LeaderElection459] INFO  impl.LeaderElection (LeaderElection.java:askForVotes(178)) - 9dbd5372-55c2-4532-b354-9494d3d545d2@group-F367C8FA5986-LeaderElection459: begin an election at term 248 for -1: [9b3ef6c9-0245-4756-bf80-45d41f7a4453:192.168.157.220:37058, cd11b2f5-3187-4d03-bd60-931991550c17:192.168.157.220:43236, 9dbd5372-55c2-4532-b354-9494d3d545d2:192.168.157.220:42993], old=null
2019-10-30 11:53:05,120 [grpc-default-executor-6] INFO  impl.RaftServerImpl (RaftServerImpl.java:setRole(184)) - 9b3ef6c9-0245-4756-bf80-45d41f7a4453@group-F367C8FA5986: changes role from  FOLLOWER to FOLLOWER at term 248 for recognizeCandidate:9dbd5372-55c2-4532-b354-9494d3d545d2
2019-10-30 11:53:05,121 [grpc-default-executor-6] INFO  impl.RoleInfo (RoleInfo.java:shutdownFollowerState(121)) - 9b3ef6c9-0245-4756-bf80-45d41f7a4453: shutdown FollowerState
2019-10-30 11:53:05,121 [grpc-default-executor-6] INFO  impl.RoleInfo (RoleInfo.java:updateAndGet(143)) - 9b3ef6c9-0245-4756-bf80-45d41f7a4453: start FollowerState
2019-10-30 11:53:05,121 [Thread-3386] INFO  impl.FollowerState (FollowerState.java:run(117)) - 9b3ef6c9-0245-4756-bf80-45d41f7a4453@group-F367C8FA5986-FollowerState was interrupted: java.lang.InterruptedException: sleep interrupted
2019-10-30 11:53:05,123 [9dbd5372-55c2-4532-b354-9494d3d545d2@group-F367C8FA5986-LeaderElection459] INFO  impl.LeaderElection (LogUtils.java:infoOrTrace(149)) - 9dbd5372-55c2-4532-b354-9494d3d545d2@group-F367C8FA5986-LeaderElection459 got exception when requesting votes: {}
java.util.concurrent.ExecutionException: org.apache.ratis.thirdparty.io.grpc.StatusRuntimeException: UNAVAILABLE: io exception
	at java.util.concurrent.FutureTask.report(FutureTask.java:122)
	at java.util.concurrent.FutureTask.get(FutureTask.java:192)
	at org.apache.ratis.server.impl.LeaderElection.waitForResults(LeaderElection.java:259)
	at org.apache.ratis.server.impl.LeaderElection.askForVotes(LeaderElection.java:197)
	at org.apache.ratis.server.impl.LeaderElection.run(LeaderElection.java:133)
	at java.lang.Thread.run(Thread.java:748)
Caused by: org.apache.ratis.thirdparty.io.grpc.StatusRuntimeException: UNAVAILABLE: io exception
	at org.apache.ratis.thirdparty.io.grpc.stub.ClientCalls.toStatusRuntimeException(ClientCalls.java:233)
	at org.apache.ratis.thirdparty.io.grpc.stub.ClientCalls.getUnchecked(ClientCalls.java:214)
	at org.apache.ratis.thirdparty.io.grpc.stub.ClientCalls.blockingUnaryCall(ClientCalls.java:139)
	at org.apache.ratis.proto.grpc.RaftServerProtocolServiceGrpc$RaftServerProtocolServiceBlockingStub.requestVote(RaftServerProtocolServiceGrpc.java:265)
	at org.apache.ratis.grpc.server.GrpcServerProtocolClient.requestVote(GrpcServerProtocolClient.java:99)
	at org.apache.ratis.grpc.server.GrpcService.requestVote(GrpcService.java:204)
	at org.apache.ratis.server.impl.LeaderElection.lambda$submitRequests$1(LeaderElection.java:234)
	at java.util.concurrent.FutureTask.run(FutureTask.java:266)
	at java.util.concurrent.Executors$RunnableAdapter.call(Executors.java:511)
	at java.util.concurrent.FutureTask.run(FutureTask.java:266)
	at java.util.concurrent.ThreadPoolExecutor.runWorker(ThreadPoolExecutor.java:1149)
	at java.util.concurrent.ThreadPoolExecutor$Worker.run(ThreadPoolExecutor.java:624)
	... 1 more
Caused by: org.apache.ratis.thirdparty.io.netty.channel.AbstractChannel$AnnotatedConnectException: Connection refused: /192.168.157.220:43236
	at sun.nio.ch.SocketChannelImpl.checkConnect(Native Method)
	at sun.nio.ch.SocketChannelImpl.finishConnect(SocketChannelImpl.java:717)
	at org.apache.ratis.thirdparty.io.netty.channel.socket.nio.NioSocketChannel.doFinishConnect(NioSocketChannel.java:327)
	at org.apache.ratis.thirdparty.io.netty.channel.nio.AbstractNioChannel$AbstractNioUnsafe.finishConnect(AbstractNioChannel.java:340)
	at org.apache.ratis.thirdparty.io.netty.channel.nio.NioEventLoop.processSelectedKey(NioEventLoop.java:632)
	at org.apache.ratis.thirdparty.io.netty.channel.nio.NioEventLoop.processSelectedKeysOptimized(NioEventLoop.java:579)
	at org.apache.ratis.thirdparty.io.netty.channel.nio.NioEventLoop.processSelectedKeys(NioEventLoop.java:496)
	at org.apache.ratis.thirdparty.io.netty.channel.nio.NioEventLoop.run(NioEventLoop.java:458)
	at org.apache.ratis.thirdparty.io.netty.util.concurrent.SingleThreadEventExecutor$5.run(SingleThreadEventExecutor.java:897)
	at org.apache.ratis.thirdparty.io.netty.util.concurrent.FastThreadLocalRunnable.run(FastThreadLocalRunnable.java:30)
	... 1 more
Caused by: java.net.ConnectException: Connection refused
	... 11 more
2019-10-30 11:53:05,138 [9dbd5372-55c2-4532-b354-9494d3d545d2@group-F367C8FA5986-LeaderElection459] INFO  impl.LeaderElection (LeaderElection.java:logAndReturn(56)) - 9dbd5372-55c2-4532-b354-9494d3d545d2@group-F367C8FA5986-LeaderElection459: Election REJECTED; received 1 response(s) [9dbd5372-55c2-4532-b354-9494d3d545d2<-9b3ef6c9-0245-4756-bf80-45d41f7a4453#0:FAIL-t248] and 1 exception(s); 9dbd5372-55c2-4532-b354-9494d3d545d2@group-F367C8FA5986:t248, leader=null, voted=9dbd5372-55c2-4532-b354-9494d3d545d2, raftlog=9dbd5372-55c2-4532-b354-9494d3d545d2@group-F367C8FA5986-SegmentedRaftLog:OPENED:c-1,f-1,i0, conf=-1: [9b3ef6c9-0245-4756-bf80-45d41f7a4453:192.168.157.220:37058, cd11b2f5-3187-4d03-bd60-931991550c17:192.168.157.220:43236, 9dbd5372-55c2-4532-b354-9494d3d545d2:192.168.157.220:42993], old=null
2019-10-30 11:53:05,139 [9dbd5372-55c2-4532-b354-9494d3d545d2@group-F367C8FA5986-LeaderElection459] INFO  impl.LeaderElection (LogUtils.java:infoOrTrace(149)) -   Exception 0: {}
java.util.concurrent.ExecutionException: org.apache.ratis.thirdparty.io.grpc.StatusRuntimeException: UNAVAILABLE: io exception
	at java.util.concurrent.FutureTask.report(FutureTask.java:122)
	at java.util.concurrent.FutureTask.get(FutureTask.java:192)
	at org.apache.ratis.server.impl.LeaderElection.waitForResults(LeaderElection.java:259)
	at org.apache.ratis.server.impl.LeaderElection.askForVotes(LeaderElection.java:197)
	at org.apache.ratis.server.impl.LeaderElection.run(LeaderElection.java:133)
	at java.lang.Thread.run(Thread.java:748)
Caused by: org.apache.ratis.thirdparty.io.grpc.StatusRuntimeException: UNAVAILABLE: io exception
	at org.apache.ratis.thirdparty.io.grpc.stub.ClientCalls.toStatusRuntimeException(ClientCalls.java:233)
	at org.apache.ratis.thirdparty.io.grpc.stub.ClientCalls.getUnchecked(ClientCalls.java:214)
	at org.apache.ratis.thirdparty.io.grpc.stub.ClientCalls.blockingUnaryCall(ClientCalls.java:139)
	at org.apache.ratis.proto.grpc.RaftServerProtocolServiceGrpc$RaftServerProtocolServiceBlockingStub.requestVote(RaftServerProtocolServiceGrpc.java:265)
	at org.apache.ratis.grpc.server.GrpcServerProtocolClient.requestVote(GrpcServerProtocolClient.java:99)
	at org.apache.ratis.grpc.server.GrpcService.requestVote(GrpcService.java:204)
	at org.apache.ratis.server.impl.LeaderElection.lambda$submitRequests$1(LeaderElection.java:234)
	at java.util.concurrent.FutureTask.run(FutureTask.java:266)
	at java.util.concurrent.Executors$RunnableAdapter.call(Executors.java:511)
	at java.util.concurrent.FutureTask.run(FutureTask.java:266)
	at java.util.concurrent.ThreadPoolExecutor.runWorker(ThreadPoolExecutor.java:1149)
	at java.util.concurrent.ThreadPoolExecutor$Worker.run(ThreadPoolExecutor.java:624)
	... 1 more
Caused by: org.apache.ratis.thirdparty.io.netty.channel.AbstractChannel$AnnotatedConnectException: Connection refused: /192.168.157.220:43236
	at sun.nio.ch.SocketChannelImpl.checkConnect(Native Method)
	at sun.nio.ch.SocketChannelImpl.finishConnect(SocketChannelImpl.java:717)
	at org.apache.ratis.thirdparty.io.netty.channel.socket.nio.NioSocketChannel.doFinishConnect(NioSocketChannel.java:327)
	at org.apache.ratis.thirdparty.io.netty.channel.nio.AbstractNioChannel$AbstractNioUnsafe.finishConnect(AbstractNioChannel.java:340)
	at org.apache.ratis.thirdparty.io.netty.channel.nio.NioEventLoop.processSelectedKey(NioEventLoop.java:632)
	at org.apache.ratis.thirdparty.io.netty.channel.nio.NioEventLoop.processSelectedKeysOptimized(NioEventLoop.java:579)
	at org.apache.ratis.thirdparty.io.netty.channel.nio.NioEventLoop.processSelectedKeys(NioEventLoop.java:496)
	at org.apache.ratis.thirdparty.io.netty.channel.nio.NioEventLoop.run(NioEventLoop.java:458)
	at org.apache.ratis.thirdparty.io.netty.util.concurrent.SingleThreadEventExecutor$5.run(SingleThreadEventExecutor.java:897)
	at org.apache.ratis.thirdparty.io.netty.util.concurrent.FastThreadLocalRunnable.run(FastThreadLocalRunnable.java:30)
	... 1 more
Caused by: java.net.ConnectException: Connection refused
	... 11 more
2019-10-30 11:53:05,139 [9dbd5372-55c2-4532-b354-9494d3d545d2@group-F367C8FA5986-LeaderElection459] INFO  impl.RaftServerImpl (RaftServerImpl.java:setRole(184)) - 9dbd5372-55c2-4532-b354-9494d3d545d2@group-F367C8FA5986: changes role from CANDIDATE to FOLLOWER at term 248 for DISCOVERED_A_NEW_TERM
2019-10-30 11:53:05,139 [9dbd5372-55c2-4532-b354-9494d3d545d2@group-F367C8FA5986-LeaderElection459] INFO  impl.RoleInfo (RoleInfo.java:shutdownLeaderElection(134)) - 9dbd5372-55c2-4532-b354-9494d3d545d2: shutdown LeaderElection
2019-10-30 11:53:05,140 [9dbd5372-55c2-4532-b354-9494d3d545d2@group-F367C8FA5986-LeaderElection459] INFO  impl.RoleInfo (RoleInfo.java:updateAndGet(143)) - 9dbd5372-55c2-4532-b354-9494d3d545d2: start FollowerState
2019-10-30 11:53:05,146 [Thread-3392] INFO  impl.FollowerState (FollowerState.java:run(108)) - 9dbd5372-55c2-4532-b354-9494d3d545d2@group-F367C8FA5986-FollowerState: change to CANDIDATE, lastRpcTime:6ms, electionTimeout:3ms
2019-10-30 11:53:05,146 [Thread-3392] INFO  impl.RoleInfo (RoleInfo.java:shutdownFollowerState(121)) - 9dbd5372-55c2-4532-b354-9494d3d545d2: shutdown FollowerState
2019-10-30 11:53:05,146 [Thread-3392] INFO  impl.RaftServerImpl (RaftServerImpl.java:setRole(184)) - 9dbd5372-55c2-4532-b354-9494d3d545d2@group-F367C8FA5986: changes role from  FOLLOWER to CANDIDATE at term 248 for changeToCandidate
2019-10-30 11:53:05,147 [Thread-3392] INFO  impl.RoleInfo (RoleInfo.java:updateAndGet(143)) - 9dbd5372-55c2-4532-b354-9494d3d545d2: start LeaderElection
2019-10-30 11:53:05,160 [9dbd5372-55c2-4532-b354-9494d3d545d2@group-F367C8FA5986-LeaderElection460] INFO  impl.LeaderElection (LeaderElection.java:askForVotes(178)) - 9dbd5372-55c2-4532-b354-9494d3d545d2@group-F367C8FA5986-LeaderElection460: begin an election at term 249 for -1: [9b3ef6c9-0245-4756-bf80-45d41f7a4453:192.168.157.220:37058, cd11b2f5-3187-4d03-bd60-931991550c17:192.168.157.220:43236, 9dbd5372-55c2-4532-b354-9494d3d545d2:192.168.157.220:42993], old=null
2019-10-30 11:53:05,161 [9dbd5372-55c2-4532-b354-9494d3d545d2@group-F367C8FA5986-LeaderElection460] INFO  impl.LeaderElection (LogUtils.java:infoOrTrace(149)) - 9dbd5372-55c2-4532-b354-9494d3d545d2@group-F367C8FA5986-LeaderElection460 got exception when requesting votes: {}
java.util.concurrent.ExecutionException: org.apache.ratis.thirdparty.io.grpc.StatusRuntimeException: UNAVAILABLE: io exception
	at java.util.concurrent.FutureTask.report(FutureTask.java:122)
	at java.util.concurrent.FutureTask.get(FutureTask.java:192)
	at org.apache.ratis.server.impl.LeaderElection.waitForResults(LeaderElection.java:259)
	at org.apache.ratis.server.impl.LeaderElection.askForVotes(LeaderElection.java:197)
	at org.apache.ratis.server.impl.LeaderElection.run(LeaderElection.java:133)
	at java.lang.Thread.run(Thread.java:748)
Caused by: org.apache.ratis.thirdparty.io.grpc.StatusRuntimeException: UNAVAILABLE: io exception
	at org.apache.ratis.thirdparty.io.grpc.stub.ClientCalls.toStatusRuntimeException(ClientCalls.java:233)
	at org.apache.ratis.thirdparty.io.grpc.stub.ClientCalls.getUnchecked(ClientCalls.java:214)
	at org.apache.ratis.thirdparty.io.grpc.stub.ClientCalls.blockingUnaryCall(ClientCalls.java:139)
	at org.apache.ratis.proto.grpc.RaftServerProtocolServiceGrpc$RaftServerProtocolServiceBlockingStub.requestVote(RaftServerProtocolServiceGrpc.java:265)
	at org.apache.ratis.grpc.server.GrpcServerProtocolClient.requestVote(GrpcServerProtocolClient.java:99)
	at org.apache.ratis.grpc.server.GrpcService.requestVote(GrpcService.java:204)
	at org.apache.ratis.server.impl.LeaderElection.lambda$submitRequests$1(LeaderElection.java:234)
	at java.util.concurrent.FutureTask.run(FutureTask.java:266)
	at java.util.concurrent.Executors$RunnableAdapter.call(Executors.java:511)
	at java.util.concurrent.FutureTask.run(FutureTask.java:266)
	at java.util.concurrent.ThreadPoolExecutor.runWorker(ThreadPoolExecutor.java:1149)
	at java.util.concurrent.ThreadPoolExecutor$Worker.run(ThreadPoolExecutor.java:624)
	... 1 more
Caused by: org.apache.ratis.thirdparty.io.netty.channel.AbstractChannel$AnnotatedConnectException: Connection refused: /192.168.157.220:43236
	at sun.nio.ch.SocketChannelImpl.checkConnect(Native Method)
	at sun.nio.ch.SocketChannelImpl.finishConnect(SocketChannelImpl.java:717)
	at org.apache.ratis.thirdparty.io.netty.channel.socket.nio.NioSocketChannel.doFinishConnect(NioSocketChannel.java:327)
	at org.apache.ratis.thirdparty.io.netty.channel.nio.AbstractNioChannel$AbstractNioUnsafe.finishConnect(AbstractNioChannel.java:340)
	at org.apache.ratis.thirdparty.io.netty.channel.nio.NioEventLoop.processSelectedKey(NioEventLoop.java:632)
	at org.apache.ratis.thirdparty.io.netty.channel.nio.NioEventLoop.processSelectedKeysOptimized(NioEventLoop.java:579)
	at org.apache.ratis.thirdparty.io.netty.channel.nio.NioEventLoop.processSelectedKeys(NioEventLoop.java:496)
	at org.apache.ratis.thirdparty.io.netty.channel.nio.NioEventLoop.run(NioEventLoop.java:458)
	at org.apache.ratis.thirdparty.io.netty.util.concurrent.SingleThreadEventExecutor$5.run(SingleThreadEventExecutor.java:897)
	at org.apache.ratis.thirdparty.io.netty.util.concurrent.FastThreadLocalRunnable.run(FastThreadLocalRunnable.java:30)
	... 1 more
Caused by: java.net.ConnectException: Connection refused
	... 11 more
2019-10-30 11:53:05,168 [grpc-default-executor-6] INFO  impl.RaftServerImpl (RaftServerImpl.java:setRole(184)) - 9b3ef6c9-0245-4756-bf80-45d41f7a4453@group-F367C8FA5986: changes role from  FOLLOWER to FOLLOWER at term 249 for recognizeCandidate:9dbd5372-55c2-4532-b354-9494d3d545d2
2019-10-30 11:53:05,168 [grpc-default-executor-6] INFO  impl.RoleInfo (RoleInfo.java:shutdownFollowerState(121)) - 9b3ef6c9-0245-4756-bf80-45d41f7a4453: shutdown FollowerState
2019-10-30 11:53:05,168 [grpc-default-executor-6] INFO  impl.RoleInfo (RoleInfo.java:updateAndGet(143)) - 9b3ef6c9-0245-4756-bf80-45d41f7a4453: start FollowerState
2019-10-30 11:53:05,168 [Thread-3391] INFO  impl.FollowerState (FollowerState.java:run(117)) - 9b3ef6c9-0245-4756-bf80-45d41f7a4453@group-F367C8FA5986-FollowerState was interrupted: java.lang.InterruptedException: sleep interrupted
2019-10-30 11:53:05,181 [9dbd5372-55c2-4532-b354-9494d3d545d2@group-F367C8FA5986-LeaderElection460] INFO  impl.LeaderElection (LeaderElection.java:logAndReturn(56)) - 9dbd5372-55c2-4532-b354-9494d3d545d2@group-F367C8FA5986-LeaderElection460: Election REJECTED; received 1 response(s) [9dbd5372-55c2-4532-b354-9494d3d545d2<-9b3ef6c9-0245-4756-bf80-45d41f7a4453#0:FAIL-t249] and 1 exception(s); 9dbd5372-55c2-4532-b354-9494d3d545d2@group-F367C8FA5986:t249, leader=null, voted=9dbd5372-55c2-4532-b354-9494d3d545d2, raftlog=9dbd5372-55c2-4532-b354-9494d3d545d2@group-F367C8FA5986-SegmentedRaftLog:OPENED:c-1,f-1,i0, conf=-1: [9b3ef6c9-0245-4756-bf80-45d41f7a4453:192.168.157.220:37058, cd11b2f5-3187-4d03-bd60-931991550c17:192.168.157.220:43236, 9dbd5372-55c2-4532-b354-9494d3d545d2:192.168.157.220:42993], old=null
2019-10-30 11:53:05,181 [9dbd5372-55c2-4532-b354-9494d3d545d2@group-F367C8FA5986-LeaderElection460] INFO  impl.LeaderElection (LogUtils.java:infoOrTrace(149)) -   Exception 0: {}
java.util.concurrent.ExecutionException: org.apache.ratis.thirdparty.io.grpc.StatusRuntimeException: UNAVAILABLE: io exception
	at java.util.concurrent.FutureTask.report(FutureTask.java:122)
	at java.util.concurrent.FutureTask.get(FutureTask.java:192)
	at org.apache.ratis.server.impl.LeaderElection.waitForResults(LeaderElection.java:259)
	at org.apache.ratis.server.impl.LeaderElection.askForVotes(LeaderElection.java:197)
	at org.apache.ratis.server.impl.LeaderElection.run(LeaderElection.java:133)
	at java.lang.Thread.run(Thread.java:748)
Caused by: org.apache.ratis.thirdparty.io.grpc.StatusRuntimeException: UNAVAILABLE: io exception
	at org.apache.ratis.thirdparty.io.grpc.stub.ClientCalls.toStatusRuntimeException(ClientCalls.java:233)
	at org.apache.ratis.thirdparty.io.grpc.stub.ClientCalls.getUnchecked(ClientCalls.java:214)
	at org.apache.ratis.thirdparty.io.grpc.stub.ClientCalls.blockingUnaryCall(ClientCalls.java:139)
	at org.apache.ratis.proto.grpc.RaftServerProtocolServiceGrpc$RaftServerProtocolServiceBlockingStub.requestVote(RaftServerProtocolServiceGrpc.java:265)
	at org.apache.ratis.grpc.server.GrpcServerProtocolClient.requestVote(GrpcServerProtocolClient.java:99)
	at org.apache.ratis.grpc.server.GrpcService.requestVote(GrpcService.java:204)
	at org.apache.ratis.server.impl.LeaderElection.lambda$submitRequests$1(LeaderElection.java:234)
	at java.util.concurrent.FutureTask.run(FutureTask.java:266)
	at java.util.concurrent.Executors$RunnableAdapter.call(Executors.java:511)
	at java.util.concurrent.FutureTask.run(FutureTask.java:266)
	at java.util.concurrent.ThreadPoolExecutor.runWorker(ThreadPoolExecutor.java:1149)
	at java.util.concurrent.ThreadPoolExecutor$Worker.run(ThreadPoolExecutor.java:624)
	... 1 more
Caused by: org.apache.ratis.thirdparty.io.netty.channel.AbstractChannel$AnnotatedConnectException: Connection refused: /192.168.157.220:43236
	at sun.nio.ch.SocketChannelImpl.checkConnect(Native Method)
	at sun.nio.ch.SocketChannelImpl.finishConnect(SocketChannelImpl.java:717)
	at org.apache.ratis.thirdparty.io.netty.channel.socket.nio.NioSocketChannel.doFinishConnect(NioSocketChannel.java:327)
	at org.apache.ratis.thirdparty.io.netty.channel.nio.AbstractNioChannel$AbstractNioUnsafe.finishConnect(AbstractNioChannel.java:340)
	at org.apache.ratis.thirdparty.io.netty.channel.nio.NioEventLoop.processSelectedKey(NioEventLoop.java:632)
	at org.apache.ratis.thirdparty.io.netty.channel.nio.NioEventLoop.processSelectedKeysOptimized(NioEventLoop.java:579)
	at org.apache.ratis.thirdparty.io.netty.channel.nio.NioEventLoop.processSelectedKeys(NioEventLoop.java:496)
	at org.apache.ratis.thirdparty.io.netty.channel.nio.NioEventLoop.run(NioEventLoop.java:458)
	at org.apache.ratis.thirdparty.io.netty.util.concurrent.SingleThreadEventExecutor$5.run(SingleThreadEventExecutor.java:897)
	at org.apache.ratis.thirdparty.io.netty.util.concurrent.FastThreadLocalRunnable.run(FastThreadLocalRunnable.java:30)
	... 1 more
Caused by: java.net.ConnectException: Connection refused
	... 11 more
2019-10-30 11:53:05,181 [9dbd5372-55c2-4532-b354-9494d3d545d2@group-F367C8FA5986-LeaderElection460] INFO  impl.RaftServerImpl (RaftServerImpl.java:setRole(184)) - 9dbd5372-55c2-4532-b354-9494d3d545d2@group-F367C8FA5986: changes role from CANDIDATE to FOLLOWER at term 249 for DISCOVERED_A_NEW_TERM
2019-10-30 11:53:05,182 [9dbd5372-55c2-4532-b354-9494d3d545d2@group-F367C8FA5986-LeaderElection460] INFO  impl.RoleInfo (RoleInfo.java:shutdownLeaderElection(134)) - 9dbd5372-55c2-4532-b354-9494d3d545d2: shutdown LeaderElection
2019-10-30 11:53:05,182 [9dbd5372-55c2-4532-b354-9494d3d545d2@group-F367C8FA5986-LeaderElection460] INFO  impl.RoleInfo (RoleInfo.java:updateAndGet(143)) - 9dbd5372-55c2-4532-b354-9494d3d545d2: start FollowerState
2019-10-30 11:53:05,232 [Thread-3397] INFO  impl.FollowerState (FollowerState.java:run(108)) - 9dbd5372-55c2-4532-b354-9494d3d545d2@group-F367C8FA5986-FollowerState: change to CANDIDATE, lastRpcTime:50ms, electionTimeout:50ms
2019-10-30 11:53:05,232 [Thread-3397] INFO  impl.RoleInfo (RoleInfo.java:shutdownFollowerState(121)) - 9dbd5372-55c2-4532-b354-9494d3d545d2: shutdown FollowerState
2019-10-30 11:53:05,232 [Thread-3397] INFO  impl.RaftServerImpl (RaftServerImpl.java:setRole(184)) - 9dbd5372-55c2-4532-b354-9494d3d545d2@group-F367C8FA5986: changes role from  FOLLOWER to CANDIDATE at term 249 for changeToCandidate
2019-10-30 11:53:05,232 [Thread-3397] INFO  impl.RoleInfo (RoleInfo.java:updateAndGet(143)) - 9dbd5372-55c2-4532-b354-9494d3d545d2: start LeaderElection
2019-10-30 11:53:05,246 [9dbd5372-55c2-4532-b354-9494d3d545d2@group-F367C8FA5986-LeaderElection461] INFO  impl.LeaderElection (LeaderElection.java:askForVotes(178)) - 9dbd5372-55c2-4532-b354-9494d3d545d2@group-F367C8FA5986-LeaderElection461: begin an election at term 250 for -1: [9b3ef6c9-0245-4756-bf80-45d41f7a4453:192.168.157.220:37058, cd11b2f5-3187-4d03-bd60-931991550c17:192.168.157.220:43236, 9dbd5372-55c2-4532-b354-9494d3d545d2:192.168.157.220:42993], old=null
2019-10-30 11:53:05,247 [9dbd5372-55c2-4532-b354-9494d3d545d2@group-F367C8FA5986-LeaderElection461] INFO  impl.LeaderElection (LogUtils.java:infoOrTrace(149)) - 9dbd5372-55c2-4532-b354-9494d3d545d2@group-F367C8FA5986-LeaderElection461 got exception when requesting votes: {}
java.util.concurrent.ExecutionException: org.apache.ratis.thirdparty.io.grpc.StatusRuntimeException: UNAVAILABLE: io exception
	at java.util.concurrent.FutureTask.report(FutureTask.java:122)
	at java.util.concurrent.FutureTask.get(FutureTask.java:192)
	at org.apache.ratis.server.impl.LeaderElection.waitForResults(LeaderElection.java:259)
	at org.apache.ratis.server.impl.LeaderElection.askForVotes(LeaderElection.java:197)
	at org.apache.ratis.server.impl.LeaderElection.run(LeaderElection.java:133)
	at java.lang.Thread.run(Thread.java:748)
Caused by: org.apache.ratis.thirdparty.io.grpc.StatusRuntimeException: UNAVAILABLE: io exception
	at org.apache.ratis.thirdparty.io.grpc.stub.ClientCalls.toStatusRuntimeException(ClientCalls.java:233)
	at org.apache.ratis.thirdparty.io.grpc.stub.ClientCalls.getUnchecked(ClientCalls.java:214)
	at org.apache.ratis.thirdparty.io.grpc.stub.ClientCalls.blockingUnaryCall(ClientCalls.java:139)
	at org.apache.ratis.proto.grpc.RaftServerProtocolServiceGrpc$RaftServerProtocolServiceBlockingStub.requestVote(RaftServerProtocolServiceGrpc.java:265)
	at org.apache.ratis.grpc.server.GrpcServerProtocolClient.requestVote(GrpcServerProtocolClient.java:99)
	at org.apache.ratis.grpc.server.GrpcService.requestVote(GrpcService.java:204)
	at org.apache.ratis.server.impl.LeaderElection.lambda$submitRequests$1(LeaderElection.java:234)
	at java.util.concurrent.FutureTask.run(FutureTask.java:266)
	at java.util.concurrent.Executors$RunnableAdapter.call(Executors.java:511)
	at java.util.concurrent.FutureTask.run(FutureTask.java:266)
	at java.util.concurrent.ThreadPoolExecutor.runWorker(ThreadPoolExecutor.java:1149)
	at java.util.concurrent.ThreadPoolExecutor$Worker.run(ThreadPoolExecutor.java:624)
	... 1 more
Caused by: org.apache.ratis.thirdparty.io.netty.channel.AbstractChannel$AnnotatedConnectException: Connection refused: /192.168.157.220:43236
	at sun.nio.ch.SocketChannelImpl.checkConnect(Native Method)
	at sun.nio.ch.SocketChannelImpl.finishConnect(SocketChannelImpl.java:717)
	at org.apache.ratis.thirdparty.io.netty.channel.socket.nio.NioSocketChannel.doFinishConnect(NioSocketChannel.java:327)
	at org.apache.ratis.thirdparty.io.netty.channel.nio.AbstractNioChannel$AbstractNioUnsafe.finishConnect(AbstractNioChannel.java:340)
	at org.apache.ratis.thirdparty.io.netty.channel.nio.NioEventLoop.processSelectedKey(NioEventLoop.java:632)
	at org.apache.ratis.thirdparty.io.netty.channel.nio.NioEventLoop.processSelectedKeysOptimized(NioEventLoop.java:579)
	at org.apache.ratis.thirdparty.io.netty.channel.nio.NioEventLoop.processSelectedKeys(NioEventLoop.java:496)
	at org.apache.ratis.thirdparty.io.netty.channel.nio.NioEventLoop.run(NioEventLoop.java:458)
	at org.apache.ratis.thirdparty.io.netty.util.concurrent.SingleThreadEventExecutor$5.run(SingleThreadEventExecutor.java:897)
	at org.apache.ratis.thirdparty.io.netty.util.concurrent.FastThreadLocalRunnable.run(FastThreadLocalRunnable.java:30)
	... 1 more
Caused by: java.net.ConnectException: Connection refused
	... 11 more
2019-10-30 11:53:05,248 [grpc-default-executor-6] INFO  impl.RaftServerImpl (RaftServerImpl.java:setRole(184)) - 9b3ef6c9-0245-4756-bf80-45d41f7a4453@group-F367C8FA5986: changes role from  FOLLOWER to FOLLOWER at term 250 for recognizeCandidate:9dbd5372-55c2-4532-b354-9494d3d545d2
2019-10-30 11:53:05,249 [grpc-default-executor-6] INFO  impl.RoleInfo (RoleInfo.java:shutdownFollowerState(121)) - 9b3ef6c9-0245-4756-bf80-45d41f7a4453: shutdown FollowerState
2019-10-30 11:53:05,249 [grpc-default-executor-6] INFO  impl.RoleInfo (RoleInfo.java:updateAndGet(143)) - 9b3ef6c9-0245-4756-bf80-45d41f7a4453: start FollowerState
2019-10-30 11:53:05,249 [Thread-3396] INFO  impl.FollowerState (FollowerState.java:run(117)) - 9b3ef6c9-0245-4756-bf80-45d41f7a4453@group-F367C8FA5986-FollowerState was interrupted: java.lang.InterruptedException: sleep interrupted
2019-10-30 11:53:05,275 [9dbd5372-55c2-4532-b354-9494d3d545d2@group-F367C8FA5986-LeaderElection461] INFO  impl.LeaderElection (LeaderElection.java:logAndReturn(56)) - 9dbd5372-55c2-4532-b354-9494d3d545d2@group-F367C8FA5986-LeaderElection461: Election REJECTED; received 1 response(s) [9dbd5372-55c2-4532-b354-9494d3d545d2<-9b3ef6c9-0245-4756-bf80-45d41f7a4453#0:FAIL-t250] and 1 exception(s); 9dbd5372-55c2-4532-b354-9494d3d545d2@group-F367C8FA5986:t250, leader=null, voted=9dbd5372-55c2-4532-b354-9494d3d545d2, raftlog=9dbd5372-55c2-4532-b354-9494d3d545d2@group-F367C8FA5986-SegmentedRaftLog:OPENED:c-1,f-1,i0, conf=-1: [9b3ef6c9-0245-4756-bf80-45d41f7a4453:192.168.157.220:37058, cd11b2f5-3187-4d03-bd60-931991550c17:192.168.157.220:43236, 9dbd5372-55c2-4532-b354-9494d3d545d2:192.168.157.220:42993], old=null
2019-10-30 11:53:05,275 [9dbd5372-55c2-4532-b354-9494d3d545d2@group-F367C8FA5986-LeaderElection461] INFO  impl.LeaderElection (LogUtils.java:infoOrTrace(149)) -   Exception 0: {}
java.util.concurrent.ExecutionException: org.apache.ratis.thirdparty.io.grpc.StatusRuntimeException: UNAVAILABLE: io exception
	at java.util.concurrent.FutureTask.report(FutureTask.java:122)
	at java.util.concurrent.FutureTask.get(FutureTask.java:192)
	at org.apache.ratis.server.impl.LeaderElection.waitForResults(LeaderElection.java:259)
	at org.apache.ratis.server.impl.LeaderElection.askForVotes(LeaderElection.java:197)
	at org.apache.ratis.server.impl.LeaderElection.run(LeaderElection.java:133)
	at java.lang.Thread.run(Thread.java:748)
Caused by: org.apache.ratis.thirdparty.io.grpc.StatusRuntimeException: UNAVAILABLE: io exception
	at org.apache.ratis.thirdparty.io.grpc.stub.ClientCalls.toStatusRuntimeException(ClientCalls.java:233)
	at org.apache.ratis.thirdparty.io.grpc.stub.ClientCalls.getUnchecked(ClientCalls.java:214)
	at org.apache.ratis.thirdparty.io.grpc.stub.ClientCalls.blockingUnaryCall(ClientCalls.java:139)
	at org.apache.ratis.proto.grpc.RaftServerProtocolServiceGrpc$RaftServerProtocolServiceBlockingStub.requestVote(RaftServerProtocolServiceGrpc.java:265)
	at org.apache.ratis.grpc.server.GrpcServerProtocolClient.requestVote(GrpcServerProtocolClient.java:99)
	at org.apache.ratis.grpc.server.GrpcService.requestVote(GrpcService.java:204)
	at org.apache.ratis.server.impl.LeaderElection.lambda$submitRequests$1(LeaderElection.java:234)
	at java.util.concurrent.FutureTask.run(FutureTask.java:266)
	at java.util.concurrent.Executors$RunnableAdapter.call(Executors.java:511)
	at java.util.concurrent.FutureTask.run(FutureTask.java:266)
	at java.util.concurrent.ThreadPoolExecutor.runWorker(ThreadPoolExecutor.java:1149)
	at java.util.concurrent.ThreadPoolExecutor$Worker.run(ThreadPoolExecutor.java:624)
	... 1 more
Caused by: org.apache.ratis.thirdparty.io.netty.channel.AbstractChannel$AnnotatedConnectException: Connection refused: /192.168.157.220:43236
	at sun.nio.ch.SocketChannelImpl.checkConnect(Native Method)
	at sun.nio.ch.SocketChannelImpl.finishConnect(SocketChannelImpl.java:717)
	at org.apache.ratis.thirdparty.io.netty.channel.socket.nio.NioSocketChannel.doFinishConnect(NioSocketChannel.java:327)
	at org.apache.ratis.thirdparty.io.netty.channel.nio.AbstractNioChannel$AbstractNioUnsafe.finishConnect(AbstractNioChannel.java:340)
	at org.apache.ratis.thirdparty.io.netty.channel.nio.NioEventLoop.processSelectedKey(NioEventLoop.java:632)
	at org.apache.ratis.thirdparty.io.netty.channel.nio.NioEventLoop.processSelectedKeysOptimized(NioEventLoop.java:579)
	at org.apache.ratis.thirdparty.io.netty.channel.nio.NioEventLoop.processSelectedKeys(NioEventLoop.java:496)
	at org.apache.ratis.thirdparty.io.netty.channel.nio.NioEventLoop.run(NioEventLoop.java:458)
	at org.apache.ratis.thirdparty.io.netty.util.concurrent.SingleThreadEventExecutor$5.run(SingleThreadEventExecutor.java:897)
	at org.apache.ratis.thirdparty.io.netty.util.concurrent.FastThreadLocalRunnable.run(FastThreadLocalRunnable.java:30)
	... 1 more
Caused by: java.net.ConnectException: Connection refused
	... 11 more
2019-10-30 11:53:05,276 [9dbd5372-55c2-4532-b354-9494d3d545d2@group-F367C8FA5986-LeaderElection461] INFO  impl.RaftServerImpl (RaftServerImpl.java:setRole(184)) - 9dbd5372-55c2-4532-b354-9494d3d545d2@group-F367C8FA5986: changes role from CANDIDATE to FOLLOWER at term 250 for DISCOVERED_A_NEW_TERM
2019-10-30 11:53:05,276 [9dbd5372-55c2-4532-b354-9494d3d545d2@group-F367C8FA5986-LeaderElection461] INFO  impl.RoleInfo (RoleInfo.java:shutdownLeaderElection(134)) - 9dbd5372-55c2-4532-b354-9494d3d545d2: shutdown LeaderElection
2019-10-30 11:53:05,276 [9dbd5372-55c2-4532-b354-9494d3d545d2@group-F367C8FA5986-LeaderElection461] INFO  impl.RoleInfo (RoleInfo.java:updateAndGet(143)) - 9dbd5372-55c2-4532-b354-9494d3d545d2: start FollowerState
2019-10-30 11:53:05,276 [Thread-3330] INFO  impl.FollowerState (FollowerState.java:run(108)) - 4cc44201-a597-43af-a4ec-5b1b407a6250@group-83984122B78E-FollowerState: change to CANDIDATE, lastRpcTime:1138ms, electionTimeout:1138ms
2019-10-30 11:53:05,277 [Thread-3330] INFO  impl.RoleInfo (RoleInfo.java:shutdownFollowerState(121)) - 4cc44201-a597-43af-a4ec-5b1b407a6250: shutdown FollowerState
2019-10-30 11:53:05,277 [Thread-3330] INFO  impl.RaftServerImpl (RaftServerImpl.java:setRole(184)) - 4cc44201-a597-43af-a4ec-5b1b407a6250@group-83984122B78E: changes role from  FOLLOWER to CANDIDATE at term 241 for changeToCandidate
2019-10-30 11:53:05,277 [Thread-3330] INFO  impl.RoleInfo (RoleInfo.java:updateAndGet(143)) - 4cc44201-a597-43af-a4ec-5b1b407a6250: start LeaderElection
2019-10-30 11:53:05,301 [4cc44201-a597-43af-a4ec-5b1b407a6250@group-83984122B78E-LeaderElection462] INFO  impl.LeaderElection (LeaderElection.java:askForVotes(178)) - 4cc44201-a597-43af-a4ec-5b1b407a6250@group-83984122B78E-LeaderElection462: begin an election at term 242 for 0: [4f16e274-8663-4a15-9c4c-c81f650ab979:192.168.157.220:38181, 4cc44201-a597-43af-a4ec-5b1b407a6250:192.168.157.220:36685, f26e10ed-fb17-49e6-a903-eadc130d13d1:192.168.157.220:32806], old=null
2019-10-30 11:53:05,301 [4cc44201-a597-43af-a4ec-5b1b407a6250@group-83984122B78E-LeaderElection462] INFO  impl.LeaderElection (LogUtils.java:infoOrTrace(149)) - 4cc44201-a597-43af-a4ec-5b1b407a6250@group-83984122B78E-LeaderElection462 got exception when requesting votes: {}
java.util.concurrent.ExecutionException: org.apache.ratis.thirdparty.io.grpc.StatusRuntimeException: UNAVAILABLE: io exception
	at java.util.concurrent.FutureTask.report(FutureTask.java:122)
	at java.util.concurrent.FutureTask.get(FutureTask.java:192)
	at org.apache.ratis.server.impl.LeaderElection.waitForResults(LeaderElection.java:259)
	at org.apache.ratis.server.impl.LeaderElection.askForVotes(LeaderElection.java:197)
	at org.apache.ratis.server.impl.LeaderElection.run(LeaderElection.java:133)
	at java.lang.Thread.run(Thread.java:748)
Caused by: org.apache.ratis.thirdparty.io.grpc.StatusRuntimeException: UNAVAILABLE: io exception
	at org.apache.ratis.thirdparty.io.grpc.stub.ClientCalls.toStatusRuntimeException(ClientCalls.java:233)
	at org.apache.ratis.thirdparty.io.grpc.stub.ClientCalls.getUnchecked(ClientCalls.java:214)
	at org.apache.ratis.thirdparty.io.grpc.stub.ClientCalls.blockingUnaryCall(ClientCalls.java:139)
	at org.apache.ratis.proto.grpc.RaftServerProtocolServiceGrpc$RaftServerProtocolServiceBlockingStub.requestVote(RaftServerProtocolServiceGrpc.java:265)
	at org.apache.ratis.grpc.server.GrpcServerProtocolClient.requestVote(GrpcServerProtocolClient.java:99)
	at org.apache.ratis.grpc.server.GrpcService.requestVote(GrpcService.java:204)
	at org.apache.ratis.server.impl.LeaderElection.lambda$submitRequests$1(LeaderElection.java:234)
	at java.util.concurrent.FutureTask.run(FutureTask.java:266)
	at java.util.concurrent.Executors$RunnableAdapter.call(Executors.java:511)
	at java.util.concurrent.FutureTask.run(FutureTask.java:266)
	at java.util.concurrent.ThreadPoolExecutor.runWorker(ThreadPoolExecutor.java:1149)
	at java.util.concurrent.ThreadPoolExecutor$Worker.run(ThreadPoolExecutor.java:624)
	... 1 more
Caused by: org.apache.ratis.thirdparty.io.netty.channel.AbstractChannel$AnnotatedConnectException: Connection refused: /192.168.157.220:38181
	at sun.nio.ch.SocketChannelImpl.checkConnect(Native Method)
	at sun.nio.ch.SocketChannelImpl.finishConnect(SocketChannelImpl.java:717)
	at org.apache.ratis.thirdparty.io.netty.channel.socket.nio.NioSocketChannel.doFinishConnect(NioSocketChannel.java:327)
	at org.apache.ratis.thirdparty.io.netty.channel.nio.AbstractNioChannel$AbstractNioUnsafe.finishConnect(AbstractNioChannel.java:340)
	at org.apache.ratis.thirdparty.io.netty.channel.nio.NioEventLoop.processSelectedKey(NioEventLoop.java:632)
	at org.apache.ratis.thirdparty.io.netty.channel.nio.NioEventLoop.processSelectedKeysOptimized(NioEventLoop.java:579)
	at org.apache.ratis.thirdparty.io.netty.channel.nio.NioEventLoop.processSelectedKeys(NioEventLoop.java:496)
	at org.apache.ratis.thirdparty.io.netty.channel.nio.NioEventLoop.run(NioEventLoop.java:458)
	at org.apache.ratis.thirdparty.io.netty.util.concurrent.SingleThreadEventExecutor$5.run(SingleThreadEventExecutor.java:897)
	at org.apache.ratis.thirdparty.io.netty.util.concurrent.FastThreadLocalRunnable.run(FastThreadLocalRunnable.java:30)
	... 1 more
Caused by: java.net.ConnectException: Connection refused
	... 11 more
2019-10-30 11:53:05,302 [4cc44201-a597-43af-a4ec-5b1b407a6250@group-83984122B78E-LeaderElection462] INFO  impl.LeaderElection (LogUtils.java:infoOrTrace(149)) - 4cc44201-a597-43af-a4ec-5b1b407a6250@group-83984122B78E-LeaderElection462 got exception when requesting votes: {}
java.util.concurrent.ExecutionException: org.apache.ratis.thirdparty.io.grpc.StatusRuntimeException: UNAVAILABLE: io exception
	at java.util.concurrent.FutureTask.report(FutureTask.java:122)
	at java.util.concurrent.FutureTask.get(FutureTask.java:192)
	at org.apache.ratis.server.impl.LeaderElection.waitForResults(LeaderElection.java:259)
	at org.apache.ratis.server.impl.LeaderElection.askForVotes(LeaderElection.java:197)
	at org.apache.ratis.server.impl.LeaderElection.run(LeaderElection.java:133)
	at java.lang.Thread.run(Thread.java:748)
Caused by: org.apache.ratis.thirdparty.io.grpc.StatusRuntimeException: UNAVAILABLE: io exception
	at org.apache.ratis.thirdparty.io.grpc.stub.ClientCalls.toStatusRuntimeException(ClientCalls.java:233)
	at org.apache.ratis.thirdparty.io.grpc.stub.ClientCalls.getUnchecked(ClientCalls.java:214)
	at org.apache.ratis.thirdparty.io.grpc.stub.ClientCalls.blockingUnaryCall(ClientCalls.java:139)
	at org.apache.ratis.proto.grpc.RaftServerProtocolServiceGrpc$RaftServerProtocolServiceBlockingStub.requestVote(RaftServerProtocolServiceGrpc.java:265)
	at org.apache.ratis.grpc.server.GrpcServerProtocolClient.requestVote(GrpcServerProtocolClient.java:99)
	at org.apache.ratis.grpc.server.GrpcService.requestVote(GrpcService.java:204)
	at org.apache.ratis.server.impl.LeaderElection.lambda$submitRequests$1(LeaderElection.java:234)
	at java.util.concurrent.FutureTask.run(FutureTask.java:266)
	at java.util.concurrent.Executors$RunnableAdapter.call(Executors.java:511)
	at java.util.concurrent.FutureTask.run(FutureTask.java:266)
	at java.util.concurrent.ThreadPoolExecutor.runWorker(ThreadPoolExecutor.java:1149)
	at java.util.concurrent.ThreadPoolExecutor$Worker.run(ThreadPoolExecutor.java:624)
	... 1 more
Caused by: org.apache.ratis.thirdparty.io.netty.channel.AbstractChannel$AnnotatedConnectException: Connection refused: /192.168.157.220:32806
	at sun.nio.ch.SocketChannelImpl.checkConnect(Native Method)
	at sun.nio.ch.SocketChannelImpl.finishConnect(SocketChannelImpl.java:717)
	at org.apache.ratis.thirdparty.io.netty.channel.socket.nio.NioSocketChannel.doFinishConnect(NioSocketChannel.java:327)
	at org.apache.ratis.thirdparty.io.netty.channel.nio.AbstractNioChannel$AbstractNioUnsafe.finishConnect(AbstractNioChannel.java:340)
	at org.apache.ratis.thirdparty.io.netty.channel.nio.NioEventLoop.processSelectedKey(NioEventLoop.java:632)
	at org.apache.ratis.thirdparty.io.netty.channel.nio.NioEventLoop.processSelectedKeysOptimized(NioEventLoop.java:579)
	at org.apache.ratis.thirdparty.io.netty.channel.nio.NioEventLoop.processSelectedKeys(NioEventLoop.java:496)
	at org.apache.ratis.thirdparty.io.netty.channel.nio.NioEventLoop.run(NioEventLoop.java:458)
	at org.apache.ratis.thirdparty.io.netty.util.concurrent.SingleThreadEventExecutor$5.run(SingleThreadEventExecutor.java:897)
	at org.apache.ratis.thirdparty.io.netty.util.concurrent.FastThreadLocalRunnable.run(FastThreadLocalRunnable.java:30)
	... 1 more
Caused by: java.net.ConnectException: Connection refused
	... 11 more
2019-10-30 11:53:05,302 [4cc44201-a597-43af-a4ec-5b1b407a6250@group-83984122B78E-LeaderElection462] INFO  impl.LeaderElection (LeaderElection.java:logAndReturn(56)) - 4cc44201-a597-43af-a4ec-5b1b407a6250@group-83984122B78E-LeaderElection462: Election REJECTED; received 0 response(s) [] and 2 exception(s); 4cc44201-a597-43af-a4ec-5b1b407a6250@group-83984122B78E:t242, leader=null, voted=4cc44201-a597-43af-a4ec-5b1b407a6250, raftlog=4cc44201-a597-43af-a4ec-5b1b407a6250@group-83984122B78E-SegmentedRaftLog:OPENED:c-1,f0,i0, conf=0: [4f16e274-8663-4a15-9c4c-c81f650ab979:192.168.157.220:38181, 4cc44201-a597-43af-a4ec-5b1b407a6250:192.168.157.220:36685, f26e10ed-fb17-49e6-a903-eadc130d13d1:192.168.157.220:32806], old=null
2019-10-30 11:53:05,302 [4cc44201-a597-43af-a4ec-5b1b407a6250@group-83984122B78E-LeaderElection462] INFO  impl.LeaderElection (LogUtils.java:infoOrTrace(149)) -   Exception 0: {}
java.util.concurrent.ExecutionException: org.apache.ratis.thirdparty.io.grpc.StatusRuntimeException: UNAVAILABLE: io exception
	at java.util.concurrent.FutureTask.report(FutureTask.java:122)
	at java.util.concurrent.FutureTask.get(FutureTask.java:192)
	at org.apache.ratis.server.impl.LeaderElection.waitForResults(LeaderElection.java:259)
	at org.apache.ratis.server.impl.LeaderElection.askForVotes(LeaderElection.java:197)
	at org.apache.ratis.server.impl.LeaderElection.run(LeaderElection.java:133)
	at java.lang.Thread.run(Thread.java:748)
Caused by: org.apache.ratis.thirdparty.io.grpc.StatusRuntimeException: UNAVAILABLE: io exception
	at org.apache.ratis.thirdparty.io.grpc.stub.ClientCalls.toStatusRuntimeException(ClientCalls.java:233)
	at org.apache.ratis.thirdparty.io.grpc.stub.ClientCalls.getUnchecked(ClientCalls.java:214)
	at org.apache.ratis.thirdparty.io.grpc.stub.ClientCalls.blockingUnaryCall(ClientCalls.java:139)
	at org.apache.ratis.proto.grpc.RaftServerProtocolServiceGrpc$RaftServerProtocolServiceBlockingStub.requestVote(RaftServerProtocolServiceGrpc.java:265)
	at org.apache.ratis.grpc.server.GrpcServerProtocolClient.requestVote(GrpcServerProtocolClient.java:99)
	at org.apache.ratis.grpc.server.GrpcService.requestVote(GrpcService.java:204)
	at org.apache.ratis.server.impl.LeaderElection.lambda$submitRequests$1(LeaderElection.java:234)
	at java.util.concurrent.FutureTask.run(FutureTask.java:266)
	at java.util.concurrent.Executors$RunnableAdapter.call(Executors.java:511)
	at java.util.concurrent.FutureTask.run(FutureTask.java:266)
	at java.util.concurrent.ThreadPoolExecutor.runWorker(ThreadPoolExecutor.java:1149)
	at java.util.concurrent.ThreadPoolExecutor$Worker.run(ThreadPoolExecutor.java:624)
	... 1 more
Caused by: org.apache.ratis.thirdparty.io.netty.channel.AbstractChannel$AnnotatedConnectException: Connection refused: /192.168.157.220:38181
	at sun.nio.ch.SocketChannelImpl.checkConnect(Native Method)
	at sun.nio.ch.SocketChannelImpl.finishConnect(SocketChannelImpl.java:717)
	at org.apache.ratis.thirdparty.io.netty.channel.socket.nio.NioSocketChannel.doFinishConnect(NioSocketChannel.java:327)
	at org.apache.ratis.thirdparty.io.netty.channel.nio.AbstractNioChannel$AbstractNioUnsafe.finishConnect(AbstractNioChannel.java:340)
	at org.apache.ratis.thirdparty.io.netty.channel.nio.NioEventLoop.processSelectedKey(NioEventLoop.java:632)
	at org.apache.ratis.thirdparty.io.netty.channel.nio.NioEventLoop.processSelectedKeysOptimized(NioEventLoop.java:579)
	at org.apache.ratis.thirdparty.io.netty.channel.nio.NioEventLoop.processSelectedKeys(NioEventLoop.java:496)
	at org.apache.ratis.thirdparty.io.netty.channel.nio.NioEventLoop.run(NioEventLoop.java:458)
	at org.apache.ratis.thirdparty.io.netty.util.concurrent.SingleThreadEventExecutor$5.run(SingleThreadEventExecutor.java:897)
	at org.apache.ratis.thirdparty.io.netty.util.concurrent.FastThreadLocalRunnable.run(FastThreadLocalRunnable.java:30)
	... 1 more
Caused by: java.net.ConnectException: Connection refused
	... 11 more
2019-10-30 11:53:05,303 [4cc44201-a597-43af-a4ec-5b1b407a6250@group-83984122B78E-LeaderElection462] INFO  impl.LeaderElection (LogUtils.java:infoOrTrace(149)) -   Exception 1: {}
java.util.concurrent.ExecutionException: org.apache.ratis.thirdparty.io.grpc.StatusRuntimeException: UNAVAILABLE: io exception
	at java.util.concurrent.FutureTask.report(FutureTask.java:122)
	at java.util.concurrent.FutureTask.get(FutureTask.java:192)
	at org.apache.ratis.server.impl.LeaderElection.waitForResults(LeaderElection.java:259)
	at org.apache.ratis.server.impl.LeaderElection.askForVotes(LeaderElection.java:197)
	at org.apache.ratis.server.impl.LeaderElection.run(LeaderElection.java:133)
	at java.lang.Thread.run(Thread.java:748)
Caused by: org.apache.ratis.thirdparty.io.grpc.StatusRuntimeException: UNAVAILABLE: io exception
	at org.apache.ratis.thirdparty.io.grpc.stub.ClientCalls.toStatusRuntimeException(ClientCalls.java:233)
	at org.apache.ratis.thirdparty.io.grpc.stub.ClientCalls.getUnchecked(ClientCalls.java:214)
	at org.apache.ratis.thirdparty.io.grpc.stub.ClientCalls.blockingUnaryCall(ClientCalls.java:139)
	at org.apache.ratis.proto.grpc.RaftServerProtocolServiceGrpc$RaftServerProtocolServiceBlockingStub.requestVote(RaftServerProtocolServiceGrpc.java:265)
	at org.apache.ratis.grpc.server.GrpcServerProtocolClient.requestVote(GrpcServerProtocolClient.java:99)
	at org.apache.ratis.grpc.server.GrpcService.requestVote(GrpcService.java:204)
	at org.apache.ratis.server.impl.LeaderElection.lambda$submitRequests$1(LeaderElection.java:234)
	at java.util.concurrent.FutureTask.run(FutureTask.java:266)
	at java.util.concurrent.Executors$RunnableAdapter.call(Executors.java:511)
	at java.util.concurrent.FutureTask.run(FutureTask.java:266)
	at java.util.concurrent.ThreadPoolExecutor.runWorker(ThreadPoolExecutor.java:1149)
	at java.util.concurrent.ThreadPoolExecutor$Worker.run(ThreadPoolExecutor.java:624)
	... 1 more
Caused by: org.apache.ratis.thirdparty.io.netty.channel.AbstractChannel$AnnotatedConnectException: Connection refused: /192.168.157.220:32806
	at sun.nio.ch.SocketChannelImpl.checkConnect(Native Method)
	at sun.nio.ch.SocketChannelImpl.finishConnect(SocketChannelImpl.java:717)
	at org.apache.ratis.thirdparty.io.netty.channel.socket.nio.NioSocketChannel.doFinishConnect(NioSocketChannel.java:327)
	at org.apache.ratis.thirdparty.io.netty.channel.nio.AbstractNioChannel$AbstractNioUnsafe.finishConnect(AbstractNioChannel.java:340)
	at org.apache.ratis.thirdparty.io.netty.channel.nio.NioEventLoop.processSelectedKey(NioEventLoop.java:632)
	at org.apache.ratis.thirdparty.io.netty.channel.nio.NioEventLoop.processSelectedKeysOptimized(NioEventLoop.java:579)
	at org.apache.ratis.thirdparty.io.netty.channel.nio.NioEventLoop.processSelectedKeys(NioEventLoop.java:496)
	at org.apache.ratis.thirdparty.io.netty.channel.nio.NioEventLoop.run(NioEventLoop.java:458)
	at org.apache.ratis.thirdparty.io.netty.util.concurrent.SingleThreadEventExecutor$5.run(SingleThreadEventExecutor.java:897)
	at org.apache.ratis.thirdparty.io.netty.util.concurrent.FastThreadLocalRunnable.run(FastThreadLocalRunnable.java:30)
	... 1 more
Caused by: java.net.ConnectException: Connection refused
	... 11 more
2019-10-30 11:53:05,303 [4cc44201-a597-43af-a4ec-5b1b407a6250@group-83984122B78E-LeaderElection462] INFO  impl.RaftServerImpl (RaftServerImpl.java:setRole(184)) - 4cc44201-a597-43af-a4ec-5b1b407a6250@group-83984122B78E: changes role from CANDIDATE to FOLLOWER at term 242 for DISCOVERED_A_NEW_TERM
2019-10-30 11:53:05,303 [4cc44201-a597-43af-a4ec-5b1b407a6250@group-83984122B78E-LeaderElection462] INFO  impl.RoleInfo (RoleInfo.java:shutdownLeaderElection(134)) - 4cc44201-a597-43af-a4ec-5b1b407a6250: shutdown LeaderElection
2019-10-30 11:53:05,303 [4cc44201-a597-43af-a4ec-5b1b407a6250@group-83984122B78E-LeaderElection462] INFO  impl.RoleInfo (RoleInfo.java:updateAndGet(143)) - 4cc44201-a597-43af-a4ec-5b1b407a6250: start FollowerState
2019-10-30 11:53:05,457 [Thread-3402] INFO  impl.FollowerState (FollowerState.java:run(108)) - 9dbd5372-55c2-4532-b354-9494d3d545d2@group-F367C8FA5986-FollowerState: change to CANDIDATE, lastRpcTime:181ms, electionTimeout:181ms
2019-10-30 11:53:05,458 [Thread-3402] INFO  impl.RoleInfo (RoleInfo.java:shutdownFollowerState(121)) - 9dbd5372-55c2-4532-b354-9494d3d545d2: shutdown FollowerState
2019-10-30 11:53:05,458 [Thread-3402] INFO  impl.RaftServerImpl (RaftServerImpl.java:setRole(184)) - 9dbd5372-55c2-4532-b354-9494d3d545d2@group-F367C8FA5986: changes role from  FOLLOWER to CANDIDATE at term 250 for changeToCandidate
2019-10-30 11:53:05,458 [Thread-3402] INFO  impl.RoleInfo (RoleInfo.java:updateAndGet(143)) - 9dbd5372-55c2-4532-b354-9494d3d545d2: start LeaderElection
2019-10-30 11:53:05,472 [9dbd5372-55c2-4532-b354-9494d3d545d2@group-F367C8FA5986-LeaderElection463] INFO  impl.LeaderElection (LeaderElection.java:askForVotes(178)) - 9dbd5372-55c2-4532-b354-9494d3d545d2@group-F367C8FA5986-LeaderElection463: begin an election at term 251 for -1: [9b3ef6c9-0245-4756-bf80-45d41f7a4453:192.168.157.220:37058, cd11b2f5-3187-4d03-bd60-931991550c17:192.168.157.220:43236, 9dbd5372-55c2-4532-b354-9494d3d545d2:192.168.157.220:42993], old=null
2019-10-30 11:53:05,474 [9dbd5372-55c2-4532-b354-9494d3d545d2@group-F367C8FA5986-LeaderElection463] INFO  impl.LeaderElection (LogUtils.java:infoOrTrace(149)) - 9dbd5372-55c2-4532-b354-9494d3d545d2@group-F367C8FA5986-LeaderElection463 got exception when requesting votes: {}
java.util.concurrent.ExecutionException: org.apache.ratis.thirdparty.io.grpc.StatusRuntimeException: UNAVAILABLE: io exception
	at java.util.concurrent.FutureTask.report(FutureTask.java:122)
	at java.util.concurrent.FutureTask.get(FutureTask.java:192)
	at org.apache.ratis.server.impl.LeaderElection.waitForResults(LeaderElection.java:259)
	at org.apache.ratis.server.impl.LeaderElection.askForVotes(LeaderElection.java:197)
	at org.apache.ratis.server.impl.LeaderElection.run(LeaderElection.java:133)
	at java.lang.Thread.run(Thread.java:748)
Caused by: org.apache.ratis.thirdparty.io.grpc.StatusRuntimeException: UNAVAILABLE: io exception
	at org.apache.ratis.thirdparty.io.grpc.stub.ClientCalls.toStatusRuntimeException(ClientCalls.java:233)
	at org.apache.ratis.thirdparty.io.grpc.stub.ClientCalls.getUnchecked(ClientCalls.java:214)
	at org.apache.ratis.thirdparty.io.grpc.stub.ClientCalls.blockingUnaryCall(ClientCalls.java:139)
	at org.apache.ratis.proto.grpc.RaftServerProtocolServiceGrpc$RaftServerProtocolServiceBlockingStub.requestVote(RaftServerProtocolServiceGrpc.java:265)
	at org.apache.ratis.grpc.server.GrpcServerProtocolClient.requestVote(GrpcServerProtocolClient.java:99)
	at org.apache.ratis.grpc.server.GrpcService.requestVote(GrpcService.java:204)
	at org.apache.ratis.server.impl.LeaderElection.lambda$submitRequests$1(LeaderElection.java:234)
	at java.util.concurrent.FutureTask.run(FutureTask.java:266)
	at java.util.concurrent.Executors$RunnableAdapter.call(Executors.java:511)
	at java.util.concurrent.FutureTask.run(FutureTask.java:266)
	at java.util.concurrent.ThreadPoolExecutor.runWorker(ThreadPoolExecutor.java:1149)
	at java.util.concurrent.ThreadPoolExecutor$Worker.run(ThreadPoolExecutor.java:624)
	... 1 more
Caused by: org.apache.ratis.thirdparty.io.netty.channel.AbstractChannel$AnnotatedConnectException: Connection refused: /192.168.157.220:43236
	at sun.nio.ch.SocketChannelImpl.checkConnect(Native Method)
	at sun.nio.ch.SocketChannelImpl.finishConnect(SocketChannelImpl.java:717)
	at org.apache.ratis.thirdparty.io.netty.channel.socket.nio.NioSocketChannel.doFinishConnect(NioSocketChannel.java:327)
	at org.apache.ratis.thirdparty.io.netty.channel.nio.AbstractNioChannel$AbstractNioUnsafe.finishConnect(AbstractNioChannel.java:340)
	at org.apache.ratis.thirdparty.io.netty.channel.nio.NioEventLoop.processSelectedKey(NioEventLoop.java:632)
	at org.apache.ratis.thirdparty.io.netty.channel.nio.NioEventLoop.processSelectedKeysOptimized(NioEventLoop.java:579)
	at org.apache.ratis.thirdparty.io.netty.channel.nio.NioEventLoop.processSelectedKeys(NioEventLoop.java:496)
	at org.apache.ratis.thirdparty.io.netty.channel.nio.NioEventLoop.run(NioEventLoop.java:458)
	at org.apache.ratis.thirdparty.io.netty.util.concurrent.SingleThreadEventExecutor$5.run(SingleThreadEventExecutor.java:897)
	at org.apache.ratis.thirdparty.io.netty.util.concurrent.FastThreadLocalRunnable.run(FastThreadLocalRunnable.java:30)
	... 1 more
Caused by: java.net.ConnectException: Connection refused
	... 11 more
2019-10-30 11:53:05,475 [grpc-default-executor-6] INFO  impl.RaftServerImpl (RaftServerImpl.java:setRole(184)) - 9b3ef6c9-0245-4756-bf80-45d41f7a4453@group-F367C8FA5986: changes role from  FOLLOWER to FOLLOWER at term 251 for recognizeCandidate:9dbd5372-55c2-4532-b354-9494d3d545d2
2019-10-30 11:53:05,475 [grpc-default-executor-6] INFO  impl.RoleInfo (RoleInfo.java:shutdownFollowerState(121)) - 9b3ef6c9-0245-4756-bf80-45d41f7a4453: shutdown FollowerState
2019-10-30 11:53:05,475 [grpc-default-executor-6] INFO  impl.RoleInfo (RoleInfo.java:updateAndGet(143)) - 9b3ef6c9-0245-4756-bf80-45d41f7a4453: start FollowerState
2019-10-30 11:53:05,475 [Thread-3401] INFO  impl.FollowerState (FollowerState.java:run(117)) - 9b3ef6c9-0245-4756-bf80-45d41f7a4453@group-F367C8FA5986-FollowerState was interrupted: java.lang.InterruptedException: sleep interrupted
2019-10-30 11:53:05,489 [9dbd5372-55c2-4532-b354-9494d3d545d2@group-F367C8FA5986-LeaderElection463] INFO  impl.LeaderElection (LeaderElection.java:logAndReturn(56)) - 9dbd5372-55c2-4532-b354-9494d3d545d2@group-F367C8FA5986-LeaderElection463: Election REJECTED; received 1 response(s) [9dbd5372-55c2-4532-b354-9494d3d545d2<-9b3ef6c9-0245-4756-bf80-45d41f7a4453#0:FAIL-t251] and 1 exception(s); 9dbd5372-55c2-4532-b354-9494d3d545d2@group-F367C8FA5986:t251, leader=null, voted=9dbd5372-55c2-4532-b354-9494d3d545d2, raftlog=9dbd5372-55c2-4532-b354-9494d3d545d2@group-F367C8FA5986-SegmentedRaftLog:OPENED:c-1,f-1,i0, conf=-1: [9b3ef6c9-0245-4756-bf80-45d41f7a4453:192.168.157.220:37058, cd11b2f5-3187-4d03-bd60-931991550c17:192.168.157.220:43236, 9dbd5372-55c2-4532-b354-9494d3d545d2:192.168.157.220:42993], old=null
2019-10-30 11:53:05,489 [9dbd5372-55c2-4532-b354-9494d3d545d2@group-F367C8FA5986-LeaderElection463] INFO  impl.LeaderElection (LogUtils.java:infoOrTrace(149)) -   Exception 0: {}
java.util.concurrent.ExecutionException: org.apache.ratis.thirdparty.io.grpc.StatusRuntimeException: UNAVAILABLE: io exception
	at java.util.concurrent.FutureTask.report(FutureTask.java:122)
	at java.util.concurrent.FutureTask.get(FutureTask.java:192)
	at org.apache.ratis.server.impl.LeaderElection.waitForResults(LeaderElection.java:259)
	at org.apache.ratis.server.impl.LeaderElection.askForVotes(LeaderElection.java:197)
	at org.apache.ratis.server.impl.LeaderElection.run(LeaderElection.java:133)
	at java.lang.Thread.run(Thread.java:748)
Caused by: org.apache.ratis.thirdparty.io.grpc.StatusRuntimeException: UNAVAILABLE: io exception
	at org.apache.ratis.thirdparty.io.grpc.stub.ClientCalls.toStatusRuntimeException(ClientCalls.java:233)
	at org.apache.ratis.thirdparty.io.grpc.stub.ClientCalls.getUnchecked(ClientCalls.java:214)
	at org.apache.ratis.thirdparty.io.grpc.stub.ClientCalls.blockingUnaryCall(ClientCalls.java:139)
	at org.apache.ratis.proto.grpc.RaftServerProtocolServiceGrpc$RaftServerProtocolServiceBlockingStub.requestVote(RaftServerProtocolServiceGrpc.java:265)
	at org.apache.ratis.grpc.server.GrpcServerProtocolClient.requestVote(GrpcServerProtocolClient.java:99)
	at org.apache.ratis.grpc.server.GrpcService.requestVote(GrpcService.java:204)
	at org.apache.ratis.server.impl.LeaderElection.lambda$submitRequests$1(LeaderElection.java:234)
	at java.util.concurrent.FutureTask.run(FutureTask.java:266)
	at java.util.concurrent.Executors$RunnableAdapter.call(Executors.java:511)
	at java.util.concurrent.FutureTask.run(FutureTask.java:266)
	at java.util.concurrent.ThreadPoolExecutor.runWorker(ThreadPoolExecutor.java:1149)
	at java.util.concurrent.ThreadPoolExecutor$Worker.run(ThreadPoolExecutor.java:624)
	... 1 more
Caused by: org.apache.ratis.thirdparty.io.netty.channel.AbstractChannel$AnnotatedConnectException: Connection refused: /192.168.157.220:43236
	at sun.nio.ch.SocketChannelImpl.checkConnect(Native Method)
	at sun.nio.ch.SocketChannelImpl.finishConnect(SocketChannelImpl.java:717)
	at org.apache.ratis.thirdparty.io.netty.channel.socket.nio.NioSocketChannel.doFinishConnect(NioSocketChannel.java:327)
	at org.apache.ratis.thirdparty.io.netty.channel.nio.AbstractNioChannel$AbstractNioUnsafe.finishConnect(AbstractNioChannel.java:340)
	at org.apache.ratis.thirdparty.io.netty.channel.nio.NioEventLoop.processSelectedKey(NioEventLoop.java:632)
	at org.apache.ratis.thirdparty.io.netty.channel.nio.NioEventLoop.processSelectedKeysOptimized(NioEventLoop.java:579)
	at org.apache.ratis.thirdparty.io.netty.channel.nio.NioEventLoop.processSelectedKeys(NioEventLoop.java:496)
	at org.apache.ratis.thirdparty.io.netty.channel.nio.NioEventLoop.run(NioEventLoop.java:458)
	at org.apache.ratis.thirdparty.io.netty.util.concurrent.SingleThreadEventExecutor$5.run(SingleThreadEventExecutor.java:897)
	at org.apache.ratis.thirdparty.io.netty.util.concurrent.FastThreadLocalRunnable.run(FastThreadLocalRunnable.java:30)
	... 1 more
Caused by: java.net.ConnectException: Connection refused
	... 11 more
2019-10-30 11:53:05,489 [9dbd5372-55c2-4532-b354-9494d3d545d2@group-F367C8FA5986-LeaderElection463] INFO  impl.RaftServerImpl (RaftServerImpl.java:setRole(184)) - 9dbd5372-55c2-4532-b354-9494d3d545d2@group-F367C8FA5986: changes role from CANDIDATE to FOLLOWER at term 251 for DISCOVERED_A_NEW_TERM
2019-10-30 11:53:05,489 [9dbd5372-55c2-4532-b354-9494d3d545d2@group-F367C8FA5986-LeaderElection463] INFO  impl.RoleInfo (RoleInfo.java:shutdownLeaderElection(134)) - 9dbd5372-55c2-4532-b354-9494d3d545d2: shutdown LeaderElection
2019-10-30 11:53:05,489 [9dbd5372-55c2-4532-b354-9494d3d545d2@group-F367C8FA5986-LeaderElection463] INFO  impl.RoleInfo (RoleInfo.java:updateAndGet(143)) - 9dbd5372-55c2-4532-b354-9494d3d545d2: start FollowerState
2019-10-30 11:53:05,571 [Thread-3412] INFO  impl.FollowerState (FollowerState.java:run(108)) - 9dbd5372-55c2-4532-b354-9494d3d545d2@group-F367C8FA5986-FollowerState: change to CANDIDATE, lastRpcTime:81ms, electionTimeout:81ms
2019-10-30 11:53:05,571 [Thread-3412] INFO  impl.RoleInfo (RoleInfo.java:shutdownFollowerState(121)) - 9dbd5372-55c2-4532-b354-9494d3d545d2: shutdown FollowerState
2019-10-30 11:53:05,571 [Thread-3412] INFO  impl.RaftServerImpl (RaftServerImpl.java:setRole(184)) - 9dbd5372-55c2-4532-b354-9494d3d545d2@group-F367C8FA5986: changes role from  FOLLOWER to CANDIDATE at term 251 for changeToCandidate
2019-10-30 11:53:05,571 [Thread-3412] INFO  impl.RoleInfo (RoleInfo.java:updateAndGet(143)) - 9dbd5372-55c2-4532-b354-9494d3d545d2: start LeaderElection
2019-10-30 11:53:05,584 [9dbd5372-55c2-4532-b354-9494d3d545d2@group-F367C8FA5986-LeaderElection464] INFO  impl.LeaderElection (LeaderElection.java:askForVotes(178)) - 9dbd5372-55c2-4532-b354-9494d3d545d2@group-F367C8FA5986-LeaderElection464: begin an election at term 252 for -1: [9b3ef6c9-0245-4756-bf80-45d41f7a4453:192.168.157.220:37058, cd11b2f5-3187-4d03-bd60-931991550c17:192.168.157.220:43236, 9dbd5372-55c2-4532-b354-9494d3d545d2:192.168.157.220:42993], old=null
2019-10-30 11:53:05,585 [9dbd5372-55c2-4532-b354-9494d3d545d2@group-F367C8FA5986-LeaderElection464] INFO  impl.LeaderElection (LogUtils.java:infoOrTrace(149)) - 9dbd5372-55c2-4532-b354-9494d3d545d2@group-F367C8FA5986-LeaderElection464 got exception when requesting votes: {}
java.util.concurrent.ExecutionException: org.apache.ratis.thirdparty.io.grpc.StatusRuntimeException: UNAVAILABLE: io exception
	at java.util.concurrent.FutureTask.report(FutureTask.java:122)
	at java.util.concurrent.FutureTask.get(FutureTask.java:192)
	at org.apache.ratis.server.impl.LeaderElection.waitForResults(LeaderElection.java:259)
	at org.apache.ratis.server.impl.LeaderElection.askForVotes(LeaderElection.java:197)
	at org.apache.ratis.server.impl.LeaderElection.run(LeaderElection.java:133)
	at java.lang.Thread.run(Thread.java:748)
Caused by: org.apache.ratis.thirdparty.io.grpc.StatusRuntimeException: UNAVAILABLE: io exception
	at org.apache.ratis.thirdparty.io.grpc.stub.ClientCalls.toStatusRuntimeException(ClientCalls.java:233)
	at org.apache.ratis.thirdparty.io.grpc.stub.ClientCalls.getUnchecked(ClientCalls.java:214)
	at org.apache.ratis.thirdparty.io.grpc.stub.ClientCalls.blockingUnaryCall(ClientCalls.java:139)
	at org.apache.ratis.proto.grpc.RaftServerProtocolServiceGrpc$RaftServerProtocolServiceBlockingStub.requestVote(RaftServerProtocolServiceGrpc.java:265)
	at org.apache.ratis.grpc.server.GrpcServerProtocolClient.requestVote(GrpcServerProtocolClient.java:99)
	at org.apache.ratis.grpc.server.GrpcService.requestVote(GrpcService.java:204)
	at org.apache.ratis.server.impl.LeaderElection.lambda$submitRequests$1(LeaderElection.java:234)
	at java.util.concurrent.FutureTask.run(FutureTask.java:266)
	at java.util.concurrent.Executors$RunnableAdapter.call(Executors.java:511)
	at java.util.concurrent.FutureTask.run(FutureTask.java:266)
	at java.util.concurrent.ThreadPoolExecutor.runWorker(ThreadPoolExecutor.java:1149)
	at java.util.concurrent.ThreadPoolExecutor$Worker.run(ThreadPoolExecutor.java:624)
	... 1 more
Caused by: org.apache.ratis.thirdparty.io.netty.channel.AbstractChannel$AnnotatedConnectException: Connection refused: /192.168.157.220:43236
	at sun.nio.ch.SocketChannelImpl.checkConnect(Native Method)
	at sun.nio.ch.SocketChannelImpl.finishConnect(SocketChannelImpl.java:717)
	at org.apache.ratis.thirdparty.io.netty.channel.socket.nio.NioSocketChannel.doFinishConnect(NioSocketChannel.java:327)
	at org.apache.ratis.thirdparty.io.netty.channel.nio.AbstractNioChannel$AbstractNioUnsafe.finishConnect(AbstractNioChannel.java:340)
	at org.apache.ratis.thirdparty.io.netty.channel.nio.NioEventLoop.processSelectedKey(NioEventLoop.java:632)
	at org.apache.ratis.thirdparty.io.netty.channel.nio.NioEventLoop.processSelectedKeysOptimized(NioEventLoop.java:579)
	at org.apache.ratis.thirdparty.io.netty.channel.nio.NioEventLoop.processSelectedKeys(NioEventLoop.java:496)
	at org.apache.ratis.thirdparty.io.netty.channel.nio.NioEventLoop.run(NioEventLoop.java:458)
	at org.apache.ratis.thirdparty.io.netty.util.concurrent.SingleThreadEventExecutor$5.run(SingleThreadEventExecutor.java:897)
	at org.apache.ratis.thirdparty.io.netty.util.concurrent.FastThreadLocalRunnable.run(FastThreadLocalRunnable.java:30)
	... 1 more
Caused by: java.net.ConnectException: Connection refused
	... 11 more
2019-10-30 11:53:05,589 [grpc-default-executor-6] INFO  impl.RaftServerImpl (RaftServerImpl.java:setRole(184)) - 9b3ef6c9-0245-4756-bf80-45d41f7a4453@group-F367C8FA5986: changes role from  FOLLOWER to FOLLOWER at term 252 for recognizeCandidate:9dbd5372-55c2-4532-b354-9494d3d545d2
2019-10-30 11:53:05,589 [grpc-default-executor-6] INFO  impl.RoleInfo (RoleInfo.java:shutdownFollowerState(121)) - 9b3ef6c9-0245-4756-bf80-45d41f7a4453: shutdown FollowerState
2019-10-30 11:53:05,590 [grpc-default-executor-6] INFO  impl.RoleInfo (RoleInfo.java:updateAndGet(143)) - 9b3ef6c9-0245-4756-bf80-45d41f7a4453: start FollowerState
2019-10-30 11:53:05,590 [Thread-3411] INFO  impl.FollowerState (FollowerState.java:run(117)) - 9b3ef6c9-0245-4756-bf80-45d41f7a4453@group-F367C8FA5986-FollowerState was interrupted: java.lang.InterruptedException: sleep interrupted
2019-10-30 11:53:05,603 [9dbd5372-55c2-4532-b354-9494d3d545d2@group-F367C8FA5986-LeaderElection464] INFO  impl.LeaderElection (LeaderElection.java:logAndReturn(56)) - 9dbd5372-55c2-4532-b354-9494d3d545d2@group-F367C8FA5986-LeaderElection464: Election REJECTED; received 1 response(s) [9dbd5372-55c2-4532-b354-9494d3d545d2<-9b3ef6c9-0245-4756-bf80-45d41f7a4453#0:FAIL-t252] and 1 exception(s); 9dbd5372-55c2-4532-b354-9494d3d545d2@group-F367C8FA5986:t252, leader=null, voted=9dbd5372-55c2-4532-b354-9494d3d545d2, raftlog=9dbd5372-55c2-4532-b354-9494d3d545d2@group-F367C8FA5986-SegmentedRaftLog:OPENED:c-1,f-1,i0, conf=-1: [9b3ef6c9-0245-4756-bf80-45d41f7a4453:192.168.157.220:37058, cd11b2f5-3187-4d03-bd60-931991550c17:192.168.157.220:43236, 9dbd5372-55c2-4532-b354-9494d3d545d2:192.168.157.220:42993], old=null
2019-10-30 11:53:05,603 [9dbd5372-55c2-4532-b354-9494d3d545d2@group-F367C8FA5986-LeaderElection464] INFO  impl.LeaderElection (LogUtils.java:infoOrTrace(149)) -   Exception 0: {}
java.util.concurrent.ExecutionException: org.apache.ratis.thirdparty.io.grpc.StatusRuntimeException: UNAVAILABLE: io exception
	at java.util.concurrent.FutureTask.report(FutureTask.java:122)
	at java.util.concurrent.FutureTask.get(FutureTask.java:192)
	at org.apache.ratis.server.impl.LeaderElection.waitForResults(LeaderElection.java:259)
	at org.apache.ratis.server.impl.LeaderElection.askForVotes(LeaderElection.java:197)
	at org.apache.ratis.server.impl.LeaderElection.run(LeaderElection.java:133)
	at java.lang.Thread.run(Thread.java:748)
Caused by: org.apache.ratis.thirdparty.io.grpc.StatusRuntimeException: UNAVAILABLE: io exception
	at org.apache.ratis.thirdparty.io.grpc.stub.ClientCalls.toStatusRuntimeException(ClientCalls.java:233)
	at org.apache.ratis.thirdparty.io.grpc.stub.ClientCalls.getUnchecked(ClientCalls.java:214)
	at org.apache.ratis.thirdparty.io.grpc.stub.ClientCalls.blockingUnaryCall(ClientCalls.java:139)
	at org.apache.ratis.proto.grpc.RaftServerProtocolServiceGrpc$RaftServerProtocolServiceBlockingStub.requestVote(RaftServerProtocolServiceGrpc.java:265)
	at org.apache.ratis.grpc.server.GrpcServerProtocolClient.requestVote(GrpcServerProtocolClient.java:99)
	at org.apache.ratis.grpc.server.GrpcService.requestVote(GrpcService.java:204)
	at org.apache.ratis.server.impl.LeaderElection.lambda$submitRequests$1(LeaderElection.java:234)
	at java.util.concurrent.FutureTask.run(FutureTask.java:266)
	at java.util.concurrent.Executors$RunnableAdapter.call(Executors.java:511)
	at java.util.concurrent.FutureTask.run(FutureTask.java:266)
	at java.util.concurrent.ThreadPoolExecutor.runWorker(ThreadPoolExecutor.java:1149)
	at java.util.concurrent.ThreadPoolExecutor$Worker.run(ThreadPoolExecutor.java:624)
	... 1 more
Caused by: org.apache.ratis.thirdparty.io.netty.channel.AbstractChannel$AnnotatedConnectException: Connection refused: /192.168.157.220:43236
	at sun.nio.ch.SocketChannelImpl.checkConnect(Native Method)
	at sun.nio.ch.SocketChannelImpl.finishConnect(SocketChannelImpl.java:717)
	at org.apache.ratis.thirdparty.io.netty.channel.socket.nio.NioSocketChannel.doFinishConnect(NioSocketChannel.java:327)
	at org.apache.ratis.thirdparty.io.netty.channel.nio.AbstractNioChannel$AbstractNioUnsafe.finishConnect(AbstractNioChannel.java:340)
	at org.apache.ratis.thirdparty.io.netty.channel.nio.NioEventLoop.processSelectedKey(NioEventLoop.java:632)
	at org.apache.ratis.thirdparty.io.netty.channel.nio.NioEventLoop.processSelectedKeysOptimized(NioEventLoop.java:579)
	at org.apache.ratis.thirdparty.io.netty.channel.nio.NioEventLoop.processSelectedKeys(NioEventLoop.java:496)
	at org.apache.ratis.thirdparty.io.netty.channel.nio.NioEventLoop.run(NioEventLoop.java:458)
	at org.apache.ratis.thirdparty.io.netty.util.concurrent.SingleThreadEventExecutor$5.run(SingleThreadEventExecutor.java:897)
	at org.apache.ratis.thirdparty.io.netty.util.concurrent.FastThreadLocalRunnable.run(FastThreadLocalRunnable.java:30)
	... 1 more
Caused by: java.net.ConnectException: Connection refused
	... 11 more
2019-10-30 11:53:05,603 [9dbd5372-55c2-4532-b354-9494d3d545d2@group-F367C8FA5986-LeaderElection464] INFO  impl.RaftServerImpl (RaftServerImpl.java:setRole(184)) - 9dbd5372-55c2-4532-b354-9494d3d545d2@group-F367C8FA5986: changes role from CANDIDATE to FOLLOWER at term 252 for DISCOVERED_A_NEW_TERM
2019-10-30 11:53:05,603 [9dbd5372-55c2-4532-b354-9494d3d545d2@group-F367C8FA5986-LeaderElection464] INFO  impl.RoleInfo (RoleInfo.java:shutdownLeaderElection(134)) - 9dbd5372-55c2-4532-b354-9494d3d545d2: shutdown LeaderElection
2019-10-30 11:53:05,604 [9dbd5372-55c2-4532-b354-9494d3d545d2@group-F367C8FA5986-LeaderElection464] INFO  impl.RoleInfo (RoleInfo.java:updateAndGet(143)) - 9dbd5372-55c2-4532-b354-9494d3d545d2: start FollowerState
2019-10-30 11:53:05,789 [Thread-3417] INFO  impl.FollowerState (FollowerState.java:run(108)) - 9dbd5372-55c2-4532-b354-9494d3d545d2@group-F367C8FA5986-FollowerState: change to CANDIDATE, lastRpcTime:185ms, electionTimeout:185ms
2019-10-30 11:53:05,789 [Thread-3417] INFO  impl.RoleInfo (RoleInfo.java:shutdownFollowerState(121)) - 9dbd5372-55c2-4532-b354-9494d3d545d2: shutdown FollowerState
2019-10-30 11:53:05,789 [Thread-3417] INFO  impl.RaftServerImpl (RaftServerImpl.java:setRole(184)) - 9dbd5372-55c2-4532-b354-9494d3d545d2@group-F367C8FA5986: changes role from  FOLLOWER to CANDIDATE at term 252 for changeToCandidate
2019-10-30 11:53:05,789 [Thread-3417] INFO  impl.RoleInfo (RoleInfo.java:updateAndGet(143)) - 9dbd5372-55c2-4532-b354-9494d3d545d2: start LeaderElection
2019-10-30 11:53:05,803 [9dbd5372-55c2-4532-b354-9494d3d545d2@group-F367C8FA5986-LeaderElection465] INFO  impl.LeaderElection (LeaderElection.java:askForVotes(178)) - 9dbd5372-55c2-4532-b354-9494d3d545d2@group-F367C8FA5986-LeaderElection465: begin an election at term 253 for -1: [9b3ef6c9-0245-4756-bf80-45d41f7a4453:192.168.157.220:37058, cd11b2f5-3187-4d03-bd60-931991550c17:192.168.157.220:43236, 9dbd5372-55c2-4532-b354-9494d3d545d2:192.168.157.220:42993], old=null
2019-10-30 11:53:05,804 [9dbd5372-55c2-4532-b354-9494d3d545d2@group-F367C8FA5986-LeaderElection465] INFO  impl.LeaderElection (LogUtils.java:infoOrTrace(149)) - 9dbd5372-55c2-4532-b354-9494d3d545d2@group-F367C8FA5986-LeaderElection465 got exception when requesting votes: {}
java.util.concurrent.ExecutionException: org.apache.ratis.thirdparty.io.grpc.StatusRuntimeException: UNAVAILABLE: io exception
	at java.util.concurrent.FutureTask.report(FutureTask.java:122)
	at java.util.concurrent.FutureTask.get(FutureTask.java:192)
	at org.apache.ratis.server.impl.LeaderElection.waitForResults(LeaderElection.java:259)
	at org.apache.ratis.server.impl.LeaderElection.askForVotes(LeaderElection.java:197)
	at org.apache.ratis.server.impl.LeaderElection.run(LeaderElection.java:133)
	at java.lang.Thread.run(Thread.java:748)
Caused by: org.apache.ratis.thirdparty.io.grpc.StatusRuntimeException: UNAVAILABLE: io exception
	at org.apache.ratis.thirdparty.io.grpc.stub.ClientCalls.toStatusRuntimeException(ClientCalls.java:233)
	at org.apache.ratis.thirdparty.io.grpc.stub.ClientCalls.getUnchecked(ClientCalls.java:214)
	at org.apache.ratis.thirdparty.io.grpc.stub.ClientCalls.blockingUnaryCall(ClientCalls.java:139)
	at org.apache.ratis.proto.grpc.RaftServerProtocolServiceGrpc$RaftServerProtocolServiceBlockingStub.requestVote(RaftServerProtocolServiceGrpc.java:265)
	at org.apache.ratis.grpc.server.GrpcServerProtocolClient.requestVote(GrpcServerProtocolClient.java:99)
	at org.apache.ratis.grpc.server.GrpcService.requestVote(GrpcService.java:204)
	at org.apache.ratis.server.impl.LeaderElection.lambda$submitRequests$1(LeaderElection.java:234)
	at java.util.concurrent.FutureTask.run(FutureTask.java:266)
	at java.util.concurrent.Executors$RunnableAdapter.call(Executors.java:511)
	at java.util.concurrent.FutureTask.run(FutureTask.java:266)
	at java.util.concurrent.ThreadPoolExecutor.runWorker(ThreadPoolExecutor.java:1149)
	at java.util.concurrent.ThreadPoolExecutor$Worker.run(ThreadPoolExecutor.java:624)
	... 1 more
Caused by: org.apache.ratis.thirdparty.io.netty.channel.AbstractChannel$AnnotatedConnectException: Connection refused: /192.168.157.220:43236
	at sun.nio.ch.SocketChannelImpl.checkConnect(Native Method)
	at sun.nio.ch.SocketChannelImpl.finishConnect(SocketChannelImpl.java:717)
	at org.apache.ratis.thirdparty.io.netty.channel.socket.nio.NioSocketChannel.doFinishConnect(NioSocketChannel.java:327)
	at org.apache.ratis.thirdparty.io.netty.channel.nio.AbstractNioChannel$AbstractNioUnsafe.finishConnect(AbstractNioChannel.java:340)
	at org.apache.ratis.thirdparty.io.netty.channel.nio.NioEventLoop.processSelectedKey(NioEventLoop.java:632)
	at org.apache.ratis.thirdparty.io.netty.channel.nio.NioEventLoop.processSelectedKeysOptimized(NioEventLoop.java:579)
	at org.apache.ratis.thirdparty.io.netty.channel.nio.NioEventLoop.processSelectedKeys(NioEventLoop.java:496)
	at org.apache.ratis.thirdparty.io.netty.channel.nio.NioEventLoop.run(NioEventLoop.java:458)
	at org.apache.ratis.thirdparty.io.netty.util.concurrent.SingleThreadEventExecutor$5.run(SingleThreadEventExecutor.java:897)
	at org.apache.ratis.thirdparty.io.netty.util.concurrent.FastThreadLocalRunnable.run(FastThreadLocalRunnable.java:30)
	... 1 more
Caused by: java.net.ConnectException: Connection refused
	... 11 more
2019-10-30 11:53:05,808 [grpc-default-executor-6] INFO  impl.RaftServerImpl (RaftServerImpl.java:setRole(184)) - 9b3ef6c9-0245-4756-bf80-45d41f7a4453@group-F367C8FA5986: changes role from  FOLLOWER to FOLLOWER at term 253 for recognizeCandidate:9dbd5372-55c2-4532-b354-9494d3d545d2
2019-10-30 11:53:05,808 [grpc-default-executor-6] INFO  impl.RoleInfo (RoleInfo.java:shutdownFollowerState(121)) - 9b3ef6c9-0245-4756-bf80-45d41f7a4453: shutdown FollowerState
2019-10-30 11:53:05,808 [grpc-default-executor-6] INFO  impl.RoleInfo (RoleInfo.java:updateAndGet(143)) - 9b3ef6c9-0245-4756-bf80-45d41f7a4453: start FollowerState
2019-10-30 11:53:05,808 [Thread-3416] INFO  impl.FollowerState (FollowerState.java:run(117)) - 9b3ef6c9-0245-4756-bf80-45d41f7a4453@group-F367C8FA5986-FollowerState was interrupted: java.lang.InterruptedException: sleep interrupted
2019-10-30 11:53:05,823 [9dbd5372-55c2-4532-b354-9494d3d545d2@group-F367C8FA5986-LeaderElection465] INFO  impl.LeaderElection (LeaderElection.java:logAndReturn(56)) - 9dbd5372-55c2-4532-b354-9494d3d545d2@group-F367C8FA5986-LeaderElection465: Election REJECTED; received 1 response(s) [9dbd5372-55c2-4532-b354-9494d3d545d2<-9b3ef6c9-0245-4756-bf80-45d41f7a4453#0:FAIL-t253] and 1 exception(s); 9dbd5372-55c2-4532-b354-9494d3d545d2@group-F367C8FA5986:t253, leader=null, voted=9dbd5372-55c2-4532-b354-9494d3d545d2, raftlog=9dbd5372-55c2-4532-b354-9494d3d545d2@group-F367C8FA5986-SegmentedRaftLog:OPENED:c-1,f-1,i0, conf=-1: [9b3ef6c9-0245-4756-bf80-45d41f7a4453:192.168.157.220:37058, cd11b2f5-3187-4d03-bd60-931991550c17:192.168.157.220:43236, 9dbd5372-55c2-4532-b354-9494d3d545d2:192.168.157.220:42993], old=null
2019-10-30 11:53:05,824 [9dbd5372-55c2-4532-b354-9494d3d545d2@group-F367C8FA5986-LeaderElection465] INFO  impl.LeaderElection (LogUtils.java:infoOrTrace(149)) -   Exception 0: {}
java.util.concurrent.ExecutionException: org.apache.ratis.thirdparty.io.grpc.StatusRuntimeException: UNAVAILABLE: io exception
	at java.util.concurrent.FutureTask.report(FutureTask.java:122)
	at java.util.concurrent.FutureTask.get(FutureTask.java:192)
	at org.apache.ratis.server.impl.LeaderElection.waitForResults(LeaderElection.java:259)
	at org.apache.ratis.server.impl.LeaderElection.askForVotes(LeaderElection.java:197)
	at org.apache.ratis.server.impl.LeaderElection.run(LeaderElection.java:133)
	at java.lang.Thread.run(Thread.java:748)
Caused by: org.apache.ratis.thirdparty.io.grpc.StatusRuntimeException: UNAVAILABLE: io exception
	at org.apache.ratis.thirdparty.io.grpc.stub.ClientCalls.toStatusRuntimeException(ClientCalls.java:233)
	at org.apache.ratis.thirdparty.io.grpc.stub.ClientCalls.getUnchecked(ClientCalls.java:214)
	at org.apache.ratis.thirdparty.io.grpc.stub.ClientCalls.blockingUnaryCall(ClientCalls.java:139)
	at org.apache.ratis.proto.grpc.RaftServerProtocolServiceGrpc$RaftServerProtocolServiceBlockingStub.requestVote(RaftServerProtocolServiceGrpc.java:265)
	at org.apache.ratis.grpc.server.GrpcServerProtocolClient.requestVote(GrpcServerProtocolClient.java:99)
	at org.apache.ratis.grpc.server.GrpcService.requestVote(GrpcService.java:204)
	at org.apache.ratis.server.impl.LeaderElection.lambda$submitRequests$1(LeaderElection.java:234)
	at java.util.concurrent.FutureTask.run(FutureTask.java:266)
	at java.util.concurrent.Executors$RunnableAdapter.call(Executors.java:511)
	at java.util.concurrent.FutureTask.run(FutureTask.java:266)
	at java.util.concurrent.ThreadPoolExecutor.runWorker(ThreadPoolExecutor.java:1149)
	at java.util.concurrent.ThreadPoolExecutor$Worker.run(ThreadPoolExecutor.java:624)
	... 1 more
Caused by: org.apache.ratis.thirdparty.io.netty.channel.AbstractChannel$AnnotatedConnectException: Connection refused: /192.168.157.220:43236
	at sun.nio.ch.SocketChannelImpl.checkConnect(Native Method)
	at sun.nio.ch.SocketChannelImpl.finishConnect(SocketChannelImpl.java:717)
	at org.apache.ratis.thirdparty.io.netty.channel.socket.nio.NioSocketChannel.doFinishConnect(NioSocketChannel.java:327)
	at org.apache.ratis.thirdparty.io.netty.channel.nio.AbstractNioChannel$AbstractNioUnsafe.finishConnect(AbstractNioChannel.java:340)
	at org.apache.ratis.thirdparty.io.netty.channel.nio.NioEventLoop.processSelectedKey(NioEventLoop.java:632)
	at org.apache.ratis.thirdparty.io.netty.channel.nio.NioEventLoop.processSelectedKeysOptimized(NioEventLoop.java:579)
	at org.apache.ratis.thirdparty.io.netty.channel.nio.NioEventLoop.processSelectedKeys(NioEventLoop.java:496)
	at org.apache.ratis.thirdparty.io.netty.channel.nio.NioEventLoop.run(NioEventLoop.java:458)
	at org.apache.ratis.thirdparty.io.netty.util.concurrent.SingleThreadEventExecutor$5.run(SingleThreadEventExecutor.java:897)
	at org.apache.ratis.thirdparty.io.netty.util.concurrent.FastThreadLocalRunnable.run(FastThreadLocalRunnable.java:30)
	... 1 more
Caused by: java.net.ConnectException: Connection refused
	... 11 more
2019-10-30 11:53:05,824 [9dbd5372-55c2-4532-b354-9494d3d545d2@group-F367C8FA5986-LeaderElection465] INFO  impl.RaftServerImpl (RaftServerImpl.java:setRole(184)) - 9dbd5372-55c2-4532-b354-9494d3d545d2@group-F367C8FA5986: changes role from CANDIDATE to FOLLOWER at term 253 for DISCOVERED_A_NEW_TERM
2019-10-30 11:53:05,824 [9dbd5372-55c2-4532-b354-9494d3d545d2@group-F367C8FA5986-LeaderElection465] INFO  impl.RoleInfo (RoleInfo.java:shutdownLeaderElection(134)) - 9dbd5372-55c2-4532-b354-9494d3d545d2: shutdown LeaderElection
2019-10-30 11:53:05,825 [9dbd5372-55c2-4532-b354-9494d3d545d2@group-F367C8FA5986-LeaderElection465] INFO  impl.RoleInfo (RoleInfo.java:updateAndGet(143)) - 9dbd5372-55c2-4532-b354-9494d3d545d2: start FollowerState
2019-10-30 11:53:05,833 [Thread-3422] INFO  impl.FollowerState (FollowerState.java:run(108)) - 9dbd5372-55c2-4532-b354-9494d3d545d2@group-F367C8FA5986-FollowerState: change to CANDIDATE, lastRpcTime:8ms, electionTimeout:8ms
2019-10-30 11:53:05,833 [Thread-3422] INFO  impl.RoleInfo (RoleInfo.java:shutdownFollowerState(121)) - 9dbd5372-55c2-4532-b354-9494d3d545d2: shutdown FollowerState
2019-10-30 11:53:05,833 [Thread-3422] INFO  impl.RaftServerImpl (RaftServerImpl.java:setRole(184)) - 9dbd5372-55c2-4532-b354-9494d3d545d2@group-F367C8FA5986: changes role from  FOLLOWER to CANDIDATE at term 253 for changeToCandidate
2019-10-30 11:53:05,833 [Thread-3422] INFO  impl.RoleInfo (RoleInfo.java:updateAndGet(143)) - 9dbd5372-55c2-4532-b354-9494d3d545d2: start LeaderElection
2019-10-30 11:53:05,847 [9dbd5372-55c2-4532-b354-9494d3d545d2@group-F367C8FA5986-LeaderElection466] INFO  impl.LeaderElection (LeaderElection.java:askForVotes(178)) - 9dbd5372-55c2-4532-b354-9494d3d545d2@group-F367C8FA5986-LeaderElection466: begin an election at term 254 for -1: [9b3ef6c9-0245-4756-bf80-45d41f7a4453:192.168.157.220:37058, cd11b2f5-3187-4d03-bd60-931991550c17:192.168.157.220:43236, 9dbd5372-55c2-4532-b354-9494d3d545d2:192.168.157.220:42993], old=null
2019-10-30 11:53:05,847 [9dbd5372-55c2-4532-b354-9494d3d545d2@group-F367C8FA5986-LeaderElection466] INFO  impl.LeaderElection (LogUtils.java:infoOrTrace(149)) - 9dbd5372-55c2-4532-b354-9494d3d545d2@group-F367C8FA5986-LeaderElection466 got exception when requesting votes: {}
java.util.concurrent.ExecutionException: org.apache.ratis.thirdparty.io.grpc.StatusRuntimeException: UNAVAILABLE: io exception
	at java.util.concurrent.FutureTask.report(FutureTask.java:122)
	at java.util.concurrent.FutureTask.get(FutureTask.java:192)
	at org.apache.ratis.server.impl.LeaderElection.waitForResults(LeaderElection.java:259)
	at org.apache.ratis.server.impl.LeaderElection.askForVotes(LeaderElection.java:197)
	at org.apache.ratis.server.impl.LeaderElection.run(LeaderElection.java:133)
	at java.lang.Thread.run(Thread.java:748)
Caused by: org.apache.ratis.thirdparty.io.grpc.StatusRuntimeException: UNAVAILABLE: io exception
	at org.apache.ratis.thirdparty.io.grpc.stub.ClientCalls.toStatusRuntimeException(ClientCalls.java:233)
	at org.apache.ratis.thirdparty.io.grpc.stub.ClientCalls.getUnchecked(ClientCalls.java:214)
	at org.apache.ratis.thirdparty.io.grpc.stub.ClientCalls.blockingUnaryCall(ClientCalls.java:139)
	at org.apache.ratis.proto.grpc.RaftServerProtocolServiceGrpc$RaftServerProtocolServiceBlockingStub.requestVote(RaftServerProtocolServiceGrpc.java:265)
	at org.apache.ratis.grpc.server.GrpcServerProtocolClient.requestVote(GrpcServerProtocolClient.java:99)
	at org.apache.ratis.grpc.server.GrpcService.requestVote(GrpcService.java:204)
	at org.apache.ratis.server.impl.LeaderElection.lambda$submitRequests$1(LeaderElection.java:234)
	at java.util.concurrent.FutureTask.run(FutureTask.java:266)
	at java.util.concurrent.Executors$RunnableAdapter.call(Executors.java:511)
	at java.util.concurrent.FutureTask.run(FutureTask.java:266)
	at java.util.concurrent.ThreadPoolExecutor.runWorker(ThreadPoolExecutor.java:1149)
	at java.util.concurrent.ThreadPoolExecutor$Worker.run(ThreadPoolExecutor.java:624)
	... 1 more
Caused by: org.apache.ratis.thirdparty.io.netty.channel.AbstractChannel$AnnotatedConnectException: Connection refused: /192.168.157.220:43236
	at sun.nio.ch.SocketChannelImpl.checkConnect(Native Method)
	at sun.nio.ch.SocketChannelImpl.finishConnect(SocketChannelImpl.java:717)
	at org.apache.ratis.thirdparty.io.netty.channel.socket.nio.NioSocketChannel.doFinishConnect(NioSocketChannel.java:327)
	at org.apache.ratis.thirdparty.io.netty.channel.nio.AbstractNioChannel$AbstractNioUnsafe.finishConnect(AbstractNioChannel.java:340)
	at org.apache.ratis.thirdparty.io.netty.channel.nio.NioEventLoop.processSelectedKey(NioEventLoop.java:632)
	at org.apache.ratis.thirdparty.io.netty.channel.nio.NioEventLoop.processSelectedKeysOptimized(NioEventLoop.java:579)
	at org.apache.ratis.thirdparty.io.netty.channel.nio.NioEventLoop.processSelectedKeys(NioEventLoop.java:496)
	at org.apache.ratis.thirdparty.io.netty.channel.nio.NioEventLoop.run(NioEventLoop.java:458)
	at org.apache.ratis.thirdparty.io.netty.util.concurrent.SingleThreadEventExecutor$5.run(SingleThreadEventExecutor.java:897)
	at org.apache.ratis.thirdparty.io.netty.util.concurrent.FastThreadLocalRunnable.run(FastThreadLocalRunnable.java:30)
	... 1 more
Caused by: java.net.ConnectException: Connection refused
	... 11 more
2019-10-30 11:53:05,848 [grpc-default-executor-6] INFO  impl.RaftServerImpl (RaftServerImpl.java:setRole(184)) - 9b3ef6c9-0245-4756-bf80-45d41f7a4453@group-F367C8FA5986: changes role from  FOLLOWER to FOLLOWER at term 254 for recognizeCandidate:9dbd5372-55c2-4532-b354-9494d3d545d2
2019-10-30 11:53:05,849 [grpc-default-executor-6] INFO  impl.RoleInfo (RoleInfo.java:shutdownFollowerState(121)) - 9b3ef6c9-0245-4756-bf80-45d41f7a4453: shutdown FollowerState
2019-10-30 11:53:05,849 [grpc-default-executor-6] INFO  impl.RoleInfo (RoleInfo.java:updateAndGet(143)) - 9b3ef6c9-0245-4756-bf80-45d41f7a4453: start FollowerState
2019-10-30 11:53:05,849 [Thread-3421] INFO  impl.FollowerState (FollowerState.java:run(117)) - 9b3ef6c9-0245-4756-bf80-45d41f7a4453@group-F367C8FA5986-FollowerState was interrupted: java.lang.InterruptedException: sleep interrupted
2019-10-30 11:53:05,862 [9dbd5372-55c2-4532-b354-9494d3d545d2@group-F367C8FA5986-LeaderElection466] INFO  impl.LeaderElection (LeaderElection.java:logAndReturn(56)) - 9dbd5372-55c2-4532-b354-9494d3d545d2@group-F367C8FA5986-LeaderElection466: Election REJECTED; received 1 response(s) [9dbd5372-55c2-4532-b354-9494d3d545d2<-9b3ef6c9-0245-4756-bf80-45d41f7a4453#0:FAIL-t254] and 1 exception(s); 9dbd5372-55c2-4532-b354-9494d3d545d2@group-F367C8FA5986:t254, leader=null, voted=9dbd5372-55c2-4532-b354-9494d3d545d2, raftlog=9dbd5372-55c2-4532-b354-9494d3d545d2@group-F367C8FA5986-SegmentedRaftLog:OPENED:c-1,f-1,i0, conf=-1: [9b3ef6c9-0245-4756-bf80-45d41f7a4453:192.168.157.220:37058, cd11b2f5-3187-4d03-bd60-931991550c17:192.168.157.220:43236, 9dbd5372-55c2-4532-b354-9494d3d545d2:192.168.157.220:42993], old=null
2019-10-30 11:53:05,862 [9dbd5372-55c2-4532-b354-9494d3d545d2@group-F367C8FA5986-LeaderElection466] INFO  impl.LeaderElection (LogUtils.java:infoOrTrace(149)) -   Exception 0: {}
java.util.concurrent.ExecutionException: org.apache.ratis.thirdparty.io.grpc.StatusRuntimeException: UNAVAILABLE: io exception
	at java.util.concurrent.FutureTask.report(FutureTask.java:122)
	at java.util.concurrent.FutureTask.get(FutureTask.java:192)
	at org.apache.ratis.server.impl.LeaderElection.waitForResults(LeaderElection.java:259)
	at org.apache.ratis.server.impl.LeaderElection.askForVotes(LeaderElection.java:197)
	at org.apache.ratis.server.impl.LeaderElection.run(LeaderElection.java:133)
	at java.lang.Thread.run(Thread.java:748)
Caused by: org.apache.ratis.thirdparty.io.grpc.StatusRuntimeException: UNAVAILABLE: io exception
	at org.apache.ratis.thirdparty.io.grpc.stub.ClientCalls.toStatusRuntimeException(ClientCalls.java:233)
	at org.apache.ratis.thirdparty.io.grpc.stub.ClientCalls.getUnchecked(ClientCalls.java:214)
	at org.apache.ratis.thirdparty.io.grpc.stub.ClientCalls.blockingUnaryCall(ClientCalls.java:139)
	at org.apache.ratis.proto.grpc.RaftServerProtocolServiceGrpc$RaftServerProtocolServiceBlockingStub.requestVote(RaftServerProtocolServiceGrpc.java:265)
	at org.apache.ratis.grpc.server.GrpcServerProtocolClient.requestVote(GrpcServerProtocolClient.java:99)
	at org.apache.ratis.grpc.server.GrpcService.requestVote(GrpcService.java:204)
	at org.apache.ratis.server.impl.LeaderElection.lambda$submitRequests$1(LeaderElection.java:234)
	at java.util.concurrent.FutureTask.run(FutureTask.java:266)
	at java.util.concurrent.Executors$RunnableAdapter.call(Executors.java:511)
	at java.util.concurrent.FutureTask.run(FutureTask.java:266)
	at java.util.concurrent.ThreadPoolExecutor.runWorker(ThreadPoolExecutor.java:1149)
	at java.util.concurrent.ThreadPoolExecutor$Worker.run(ThreadPoolExecutor.java:624)
	... 1 more
Caused by: org.apache.ratis.thirdparty.io.netty.channel.AbstractChannel$AnnotatedConnectException: Connection refused: /192.168.157.220:43236
	at sun.nio.ch.SocketChannelImpl.checkConnect(Native Method)
	at sun.nio.ch.SocketChannelImpl.finishConnect(SocketChannelImpl.java:717)
	at org.apache.ratis.thirdparty.io.netty.channel.socket.nio.NioSocketChannel.doFinishConnect(NioSocketChannel.java:327)
	at org.apache.ratis.thirdparty.io.netty.channel.nio.AbstractNioChannel$AbstractNioUnsafe.finishConnect(AbstractNioChannel.java:340)
	at org.apache.ratis.thirdparty.io.netty.channel.nio.NioEventLoop.processSelectedKey(NioEventLoop.java:632)
	at org.apache.ratis.thirdparty.io.netty.channel.nio.NioEventLoop.processSelectedKeysOptimized(NioEventLoop.java:579)
	at org.apache.ratis.thirdparty.io.netty.channel.nio.NioEventLoop.processSelectedKeys(NioEventLoop.java:496)
	at org.apache.ratis.thirdparty.io.netty.channel.nio.NioEventLoop.run(NioEventLoop.java:458)
	at org.apache.ratis.thirdparty.io.netty.util.concurrent.SingleThreadEventExecutor$5.run(SingleThreadEventExecutor.java:897)
	at org.apache.ratis.thirdparty.io.netty.util.concurrent.FastThreadLocalRunnable.run(FastThreadLocalRunnable.java:30)
	... 1 more
Caused by: java.net.ConnectException: Connection refused
	... 11 more
2019-10-30 11:53:05,863 [9dbd5372-55c2-4532-b354-9494d3d545d2@group-F367C8FA5986-LeaderElection466] INFO  impl.RaftServerImpl (RaftServerImpl.java:setRole(184)) - 9dbd5372-55c2-4532-b354-9494d3d545d2@group-F367C8FA5986: changes role from CANDIDATE to FOLLOWER at term 254 for DISCOVERED_A_NEW_TERM
2019-10-30 11:53:05,863 [9dbd5372-55c2-4532-b354-9494d3d545d2@group-F367C8FA5986-LeaderElection466] INFO  impl.RoleInfo (RoleInfo.java:shutdownLeaderElection(134)) - 9dbd5372-55c2-4532-b354-9494d3d545d2: shutdown LeaderElection
2019-10-30 11:53:05,863 [9dbd5372-55c2-4532-b354-9494d3d545d2@group-F367C8FA5986-LeaderElection466] INFO  impl.RoleInfo (RoleInfo.java:updateAndGet(143)) - 9dbd5372-55c2-4532-b354-9494d3d545d2: start FollowerState
2019-10-30 11:53:05,940 [Thread-3427] INFO  impl.FollowerState (FollowerState.java:run(108)) - 9dbd5372-55c2-4532-b354-9494d3d545d2@group-F367C8FA5986-FollowerState: change to CANDIDATE, lastRpcTime:77ms, electionTimeout:77ms
2019-10-30 11:53:05,941 [Thread-3427] INFO  impl.RoleInfo (RoleInfo.java:shutdownFollowerState(121)) - 9dbd5372-55c2-4532-b354-9494d3d545d2: shutdown FollowerState
2019-10-30 11:53:05,941 [Thread-3427] INFO  impl.RaftServerImpl (RaftServerImpl.java:setRole(184)) - 9dbd5372-55c2-4532-b354-9494d3d545d2@group-F367C8FA5986: changes role from  FOLLOWER to CANDIDATE at term 254 for changeToCandidate
2019-10-30 11:53:05,941 [Thread-3427] INFO  impl.RoleInfo (RoleInfo.java:updateAndGet(143)) - 9dbd5372-55c2-4532-b354-9494d3d545d2: start LeaderElection
2019-10-30 11:53:05,954 [9dbd5372-55c2-4532-b354-9494d3d545d2@group-F367C8FA5986-LeaderElection467] INFO  impl.LeaderElection (LeaderElection.java:askForVotes(178)) - 9dbd5372-55c2-4532-b354-9494d3d545d2@group-F367C8FA5986-LeaderElection467: begin an election at term 255 for -1: [9b3ef6c9-0245-4756-bf80-45d41f7a4453:192.168.157.220:37058, cd11b2f5-3187-4d03-bd60-931991550c17:192.168.157.220:43236, 9dbd5372-55c2-4532-b354-9494d3d545d2:192.168.157.220:42993], old=null
2019-10-30 11:53:05,955 [9dbd5372-55c2-4532-b354-9494d3d545d2@group-F367C8FA5986-LeaderElection467] INFO  impl.LeaderElection (LogUtils.java:infoOrTrace(149)) - 9dbd5372-55c2-4532-b354-9494d3d545d2@group-F367C8FA5986-LeaderElection467 got exception when requesting votes: {}
java.util.concurrent.ExecutionException: org.apache.ratis.thirdparty.io.grpc.StatusRuntimeException: UNAVAILABLE: io exception
	at java.util.concurrent.FutureTask.report(FutureTask.java:122)
	at java.util.concurrent.FutureTask.get(FutureTask.java:192)
	at org.apache.ratis.server.impl.LeaderElection.waitForResults(LeaderElection.java:259)
	at org.apache.ratis.server.impl.LeaderElection.askForVotes(LeaderElection.java:197)
	at org.apache.ratis.server.impl.LeaderElection.run(LeaderElection.java:133)
	at java.lang.Thread.run(Thread.java:748)
Caused by: org.apache.ratis.thirdparty.io.grpc.StatusRuntimeException: UNAVAILABLE: io exception
	at org.apache.ratis.thirdparty.io.grpc.stub.ClientCalls.toStatusRuntimeException(ClientCalls.java:233)
	at org.apache.ratis.thirdparty.io.grpc.stub.ClientCalls.getUnchecked(ClientCalls.java:214)
	at org.apache.ratis.thirdparty.io.grpc.stub.ClientCalls.blockingUnaryCall(ClientCalls.java:139)
	at org.apache.ratis.proto.grpc.RaftServerProtocolServiceGrpc$RaftServerProtocolServiceBlockingStub.requestVote(RaftServerProtocolServiceGrpc.java:265)
	at org.apache.ratis.grpc.server.GrpcServerProtocolClient.requestVote(GrpcServerProtocolClient.java:99)
	at org.apache.ratis.grpc.server.GrpcService.requestVote(GrpcService.java:204)
	at org.apache.ratis.server.impl.LeaderElection.lambda$submitRequests$1(LeaderElection.java:234)
	at java.util.concurrent.FutureTask.run(FutureTask.java:266)
	at java.util.concurrent.Executors$RunnableAdapter.call(Executors.java:511)
	at java.util.concurrent.FutureTask.run(FutureTask.java:266)
	at java.util.concurrent.ThreadPoolExecutor.runWorker(ThreadPoolExecutor.java:1149)
	at java.util.concurrent.ThreadPoolExecutor$Worker.run(ThreadPoolExecutor.java:624)
	... 1 more
Caused by: org.apache.ratis.thirdparty.io.netty.channel.AbstractChannel$AnnotatedConnectException: Connection refused: /192.168.157.220:43236
	at sun.nio.ch.SocketChannelImpl.checkConnect(Native Method)
	at sun.nio.ch.SocketChannelImpl.finishConnect(SocketChannelImpl.java:717)
	at org.apache.ratis.thirdparty.io.netty.channel.socket.nio.NioSocketChannel.doFinishConnect(NioSocketChannel.java:327)
	at org.apache.ratis.thirdparty.io.netty.channel.nio.AbstractNioChannel$AbstractNioUnsafe.finishConnect(AbstractNioChannel.java:340)
	at org.apache.ratis.thirdparty.io.netty.channel.nio.NioEventLoop.processSelectedKey(NioEventLoop.java:632)
	at org.apache.ratis.thirdparty.io.netty.channel.nio.NioEventLoop.processSelectedKeysOptimized(NioEventLoop.java:579)
	at org.apache.ratis.thirdparty.io.netty.channel.nio.NioEventLoop.processSelectedKeys(NioEventLoop.java:496)
	at org.apache.ratis.thirdparty.io.netty.channel.nio.NioEventLoop.run(NioEventLoop.java:458)
	at org.apache.ratis.thirdparty.io.netty.util.concurrent.SingleThreadEventExecutor$5.run(SingleThreadEventExecutor.java:897)
	at org.apache.ratis.thirdparty.io.netty.util.concurrent.FastThreadLocalRunnable.run(FastThreadLocalRunnable.java:30)
	... 1 more
Caused by: java.net.ConnectException: Connection refused
	... 11 more
2019-10-30 11:53:05,961 [grpc-default-executor-6] INFO  impl.RaftServerImpl (RaftServerImpl.java:setRole(184)) - 9b3ef6c9-0245-4756-bf80-45d41f7a4453@group-F367C8FA5986: changes role from  FOLLOWER to FOLLOWER at term 255 for recognizeCandidate:9dbd5372-55c2-4532-b354-9494d3d545d2
2019-10-30 11:53:05,961 [grpc-default-executor-6] INFO  impl.RoleInfo (RoleInfo.java:shutdownFollowerState(121)) - 9b3ef6c9-0245-4756-bf80-45d41f7a4453: shutdown FollowerState
2019-10-30 11:53:05,961 [grpc-default-executor-6] INFO  impl.RoleInfo (RoleInfo.java:updateAndGet(143)) - 9b3ef6c9-0245-4756-bf80-45d41f7a4453: start FollowerState
2019-10-30 11:53:05,962 [Thread-3426] INFO  impl.FollowerState (FollowerState.java:run(117)) - 9b3ef6c9-0245-4756-bf80-45d41f7a4453@group-F367C8FA5986-FollowerState was interrupted: java.lang.InterruptedException: sleep interrupted
2019-10-30 11:53:05,977 [9dbd5372-55c2-4532-b354-9494d3d545d2@group-F367C8FA5986-LeaderElection467] INFO  impl.LeaderElection (LeaderElection.java:logAndReturn(56)) - 9dbd5372-55c2-4532-b354-9494d3d545d2@group-F367C8FA5986-LeaderElection467: Election REJECTED; received 1 response(s) [9dbd5372-55c2-4532-b354-9494d3d545d2<-9b3ef6c9-0245-4756-bf80-45d41f7a4453#0:FAIL-t255] and 1 exception(s); 9dbd5372-55c2-4532-b354-9494d3d545d2@group-F367C8FA5986:t255, leader=null, voted=9dbd5372-55c2-4532-b354-9494d3d545d2, raftlog=9dbd5372-55c2-4532-b354-9494d3d545d2@group-F367C8FA5986-SegmentedRaftLog:OPENED:c-1,f-1,i0, conf=-1: [9b3ef6c9-0245-4756-bf80-45d41f7a4453:192.168.157.220:37058, cd11b2f5-3187-4d03-bd60-931991550c17:192.168.157.220:43236, 9dbd5372-55c2-4532-b354-9494d3d545d2:192.168.157.220:42993], old=null
2019-10-30 11:53:05,977 [9dbd5372-55c2-4532-b354-9494d3d545d2@group-F367C8FA5986-LeaderElection467] INFO  impl.LeaderElection (LogUtils.java:infoOrTrace(149)) -   Exception 0: {}
java.util.concurrent.ExecutionException: org.apache.ratis.thirdparty.io.grpc.StatusRuntimeException: UNAVAILABLE: io exception
	at java.util.concurrent.FutureTask.report(FutureTask.java:122)
	at java.util.concurrent.FutureTask.get(FutureTask.java:192)
	at org.apache.ratis.server.impl.LeaderElection.waitForResults(LeaderElection.java:259)
	at org.apache.ratis.server.impl.LeaderElection.askForVotes(LeaderElection.java:197)
	at org.apache.ratis.server.impl.LeaderElection.run(LeaderElection.java:133)
	at java.lang.Thread.run(Thread.java:748)
Caused by: org.apache.ratis.thirdparty.io.grpc.StatusRuntimeException: UNAVAILABLE: io exception
	at org.apache.ratis.thirdparty.io.grpc.stub.ClientCalls.toStatusRuntimeException(ClientCalls.java:233)
	at org.apache.ratis.thirdparty.io.grpc.stub.ClientCalls.getUnchecked(ClientCalls.java:214)
	at org.apache.ratis.thirdparty.io.grpc.stub.ClientCalls.blockingUnaryCall(ClientCalls.java:139)
	at org.apache.ratis.proto.grpc.RaftServerProtocolServiceGrpc$RaftServerProtocolServiceBlockingStub.requestVote(RaftServerProtocolServiceGrpc.java:265)
	at org.apache.ratis.grpc.server.GrpcServerProtocolClient.requestVote(GrpcServerProtocolClient.java:99)
	at org.apache.ratis.grpc.server.GrpcService.requestVote(GrpcService.java:204)
	at org.apache.ratis.server.impl.LeaderElection.lambda$submitRequests$1(LeaderElection.java:234)
	at java.util.concurrent.FutureTask.run(FutureTask.java:266)
	at java.util.concurrent.Executors$RunnableAdapter.call(Executors.java:511)
	at java.util.concurrent.FutureTask.run(FutureTask.java:266)
	at java.util.concurrent.ThreadPoolExecutor.runWorker(ThreadPoolExecutor.java:1149)
	at java.util.concurrent.ThreadPoolExecutor$Worker.run(ThreadPoolExecutor.java:624)
	... 1 more
Caused by: org.apache.ratis.thirdparty.io.netty.channel.AbstractChannel$AnnotatedConnectException: Connection refused: /192.168.157.220:43236
	at sun.nio.ch.SocketChannelImpl.checkConnect(Native Method)
	at sun.nio.ch.SocketChannelImpl.finishConnect(SocketChannelImpl.java:717)
	at org.apache.ratis.thirdparty.io.netty.channel.socket.nio.NioSocketChannel.doFinishConnect(NioSocketChannel.java:327)
	at org.apache.ratis.thirdparty.io.netty.channel.nio.AbstractNioChannel$AbstractNioUnsafe.finishConnect(AbstractNioChannel.java:340)
	at org.apache.ratis.thirdparty.io.netty.channel.nio.NioEventLoop.processSelectedKey(NioEventLoop.java:632)
	at org.apache.ratis.thirdparty.io.netty.channel.nio.NioEventLoop.processSelectedKeysOptimized(NioEventLoop.java:579)
	at org.apache.ratis.thirdparty.io.netty.channel.nio.NioEventLoop.processSelectedKeys(NioEventLoop.java:496)
	at org.apache.ratis.thirdparty.io.netty.channel.nio.NioEventLoop.run(NioEventLoop.java:458)
	at org.apache.ratis.thirdparty.io.netty.util.concurrent.SingleThreadEventExecutor$5.run(SingleThreadEventExecutor.java:897)
	at org.apache.ratis.thirdparty.io.netty.util.concurrent.FastThreadLocalRunnable.run(FastThreadLocalRunnable.java:30)
	... 1 more
Caused by: java.net.ConnectException: Connection refused
	... 11 more
2019-10-30 11:53:05,978 [9dbd5372-55c2-4532-b354-9494d3d545d2@group-F367C8FA5986-LeaderElection467] INFO  impl.RaftServerImpl (RaftServerImpl.java:setRole(184)) - 9dbd5372-55c2-4532-b354-9494d3d545d2@group-F367C8FA5986: changes role from CANDIDATE to FOLLOWER at term 255 for DISCOVERED_A_NEW_TERM
2019-10-30 11:53:05,978 [9dbd5372-55c2-4532-b354-9494d3d545d2@group-F367C8FA5986-LeaderElection467] INFO  impl.RoleInfo (RoleInfo.java:shutdownLeaderElection(134)) - 9dbd5372-55c2-4532-b354-9494d3d545d2: shutdown LeaderElection
2019-10-30 11:53:05,978 [9dbd5372-55c2-4532-b354-9494d3d545d2@group-F367C8FA5986-LeaderElection467] INFO  impl.RoleInfo (RoleInfo.java:updateAndGet(143)) - 9dbd5372-55c2-4532-b354-9494d3d545d2: start FollowerState
2019-10-30 11:53:05,983 [Thread-3433] INFO  impl.FollowerState (FollowerState.java:run(108)) - 9dbd5372-55c2-4532-b354-9494d3d545d2@group-F367C8FA5986-FollowerState: change to CANDIDATE, lastRpcTime:5ms, electionTimeout:1ms
2019-10-30 11:53:05,983 [Thread-3433] INFO  impl.RoleInfo (RoleInfo.java:shutdownFollowerState(121)) - 9dbd5372-55c2-4532-b354-9494d3d545d2: shutdown FollowerState
2019-10-30 11:53:05,983 [Thread-3433] INFO  impl.RaftServerImpl (RaftServerImpl.java:setRole(184)) - 9dbd5372-55c2-4532-b354-9494d3d545d2@group-F367C8FA5986: changes role from  FOLLOWER to CANDIDATE at term 255 for changeToCandidate
2019-10-30 11:53:05,983 [Thread-3433] INFO  impl.RoleInfo (RoleInfo.java:updateAndGet(143)) - 9dbd5372-55c2-4532-b354-9494d3d545d2: start LeaderElection
2019-10-30 11:53:05,995 [9dbd5372-55c2-4532-b354-9494d3d545d2@group-F367C8FA5986-LeaderElection468] INFO  impl.LeaderElection (LeaderElection.java:askForVotes(178)) - 9dbd5372-55c2-4532-b354-9494d3d545d2@group-F367C8FA5986-LeaderElection468: begin an election at term 256 for -1: [9b3ef6c9-0245-4756-bf80-45d41f7a4453:192.168.157.220:37058, cd11b2f5-3187-4d03-bd60-931991550c17:192.168.157.220:43236, 9dbd5372-55c2-4532-b354-9494d3d545d2:192.168.157.220:42993], old=null
2019-10-30 11:53:06,000 [9dbd5372-55c2-4532-b354-9494d3d545d2@group-F367C8FA5986-LeaderElection468] INFO  impl.LeaderElection (LogUtils.java:infoOrTrace(149)) - 9dbd5372-55c2-4532-b354-9494d3d545d2@group-F367C8FA5986-LeaderElection468 got exception when requesting votes: {}
java.util.concurrent.ExecutionException: org.apache.ratis.thirdparty.io.grpc.StatusRuntimeException: UNAVAILABLE: io exception
	at java.util.concurrent.FutureTask.report(FutureTask.java:122)
	at java.util.concurrent.FutureTask.get(FutureTask.java:192)
	at org.apache.ratis.server.impl.LeaderElection.waitForResults(LeaderElection.java:259)
	at org.apache.ratis.server.impl.LeaderElection.askForVotes(LeaderElection.java:197)
	at org.apache.ratis.server.impl.LeaderElection.run(LeaderElection.java:133)
	at java.lang.Thread.run(Thread.java:748)
Caused by: org.apache.ratis.thirdparty.io.grpc.StatusRuntimeException: UNAVAILABLE: io exception
	at org.apache.ratis.thirdparty.io.grpc.stub.ClientCalls.toStatusRuntimeException(ClientCalls.java:233)
	at org.apache.ratis.thirdparty.io.grpc.stub.ClientCalls.getUnchecked(ClientCalls.java:214)
	at org.apache.ratis.thirdparty.io.grpc.stub.ClientCalls.blockingUnaryCall(ClientCalls.java:139)
	at org.apache.ratis.proto.grpc.RaftServerProtocolServiceGrpc$RaftServerProtocolServiceBlockingStub.requestVote(RaftServerProtocolServiceGrpc.java:265)
	at org.apache.ratis.grpc.server.GrpcServerProtocolClient.requestVote(GrpcServerProtocolClient.java:99)
	at org.apache.ratis.grpc.server.GrpcService.requestVote(GrpcService.java:204)
	at org.apache.ratis.server.impl.LeaderElection.lambda$submitRequests$1(LeaderElection.java:234)
	at java.util.concurrent.FutureTask.run(FutureTask.java:266)
	at java.util.concurrent.Executors$RunnableAdapter.call(Executors.java:511)
	at java.util.concurrent.FutureTask.run(FutureTask.java:266)
	at java.util.concurrent.ThreadPoolExecutor.runWorker(ThreadPoolExecutor.java:1149)
	at java.util.concurrent.ThreadPoolExecutor$Worker.run(ThreadPoolExecutor.java:624)
	... 1 more
Caused by: org.apache.ratis.thirdparty.io.netty.channel.AbstractChannel$AnnotatedConnectException: Connection refused: /192.168.157.220:43236
	at sun.nio.ch.SocketChannelImpl.checkConnect(Native Method)
	at sun.nio.ch.SocketChannelImpl.finishConnect(SocketChannelImpl.java:717)
	at org.apache.ratis.thirdparty.io.netty.channel.socket.nio.NioSocketChannel.doFinishConnect(NioSocketChannel.java:327)
	at org.apache.ratis.thirdparty.io.netty.channel.nio.AbstractNioChannel$AbstractNioUnsafe.finishConnect(AbstractNioChannel.java:340)
	at org.apache.ratis.thirdparty.io.netty.channel.nio.NioEventLoop.processSelectedKey(NioEventLoop.java:632)
	at org.apache.ratis.thirdparty.io.netty.channel.nio.NioEventLoop.processSelectedKeysOptimized(NioEventLoop.java:579)
	at org.apache.ratis.thirdparty.io.netty.channel.nio.NioEventLoop.processSelectedKeys(NioEventLoop.java:496)
	at org.apache.ratis.thirdparty.io.netty.channel.nio.NioEventLoop.run(NioEventLoop.java:458)
	at org.apache.ratis.thirdparty.io.netty.util.concurrent.SingleThreadEventExecutor$5.run(SingleThreadEventExecutor.java:897)
	at org.apache.ratis.thirdparty.io.netty.util.concurrent.FastThreadLocalRunnable.run(FastThreadLocalRunnable.java:30)
	... 1 more
Caused by: java.net.ConnectException: Connection refused
	... 11 more
2019-10-30 11:53:06,000 [grpc-default-executor-6] INFO  impl.RaftServerImpl (RaftServerImpl.java:setRole(184)) - 9b3ef6c9-0245-4756-bf80-45d41f7a4453@group-F367C8FA5986: changes role from  FOLLOWER to FOLLOWER at term 256 for recognizeCandidate:9dbd5372-55c2-4532-b354-9494d3d545d2
2019-10-30 11:53:06,001 [grpc-default-executor-6] INFO  impl.RoleInfo (RoleInfo.java:shutdownFollowerState(121)) - 9b3ef6c9-0245-4756-bf80-45d41f7a4453: shutdown FollowerState
2019-10-30 11:53:06,001 [grpc-default-executor-6] INFO  impl.RoleInfo (RoleInfo.java:updateAndGet(143)) - 9b3ef6c9-0245-4756-bf80-45d41f7a4453: start FollowerState
2019-10-30 11:53:06,001 [Thread-3432] INFO  impl.FollowerState (FollowerState.java:run(117)) - 9b3ef6c9-0245-4756-bf80-45d41f7a4453@group-F367C8FA5986-FollowerState was interrupted: java.lang.InterruptedException: sleep interrupted
2019-10-30 11:53:06,027 [9dbd5372-55c2-4532-b354-9494d3d545d2@group-F367C8FA5986-LeaderElection468] INFO  impl.LeaderElection (LeaderElection.java:logAndReturn(56)) - 9dbd5372-55c2-4532-b354-9494d3d545d2@group-F367C8FA5986-LeaderElection468: Election REJECTED; received 1 response(s) [9dbd5372-55c2-4532-b354-9494d3d545d2<-9b3ef6c9-0245-4756-bf80-45d41f7a4453#0:FAIL-t256] and 1 exception(s); 9dbd5372-55c2-4532-b354-9494d3d545d2@group-F367C8FA5986:t256, leader=null, voted=9dbd5372-55c2-4532-b354-9494d3d545d2, raftlog=9dbd5372-55c2-4532-b354-9494d3d545d2@group-F367C8FA5986-SegmentedRaftLog:OPENED:c-1,f-1,i0, conf=-1: [9b3ef6c9-0245-4756-bf80-45d41f7a4453:192.168.157.220:37058, cd11b2f5-3187-4d03-bd60-931991550c17:192.168.157.220:43236, 9dbd5372-55c2-4532-b354-9494d3d545d2:192.168.157.220:42993], old=null
2019-10-30 11:53:06,027 [9dbd5372-55c2-4532-b354-9494d3d545d2@group-F367C8FA5986-LeaderElection468] INFO  impl.LeaderElection (LogUtils.java:infoOrTrace(149)) -   Exception 0: {}
java.util.concurrent.ExecutionException: org.apache.ratis.thirdparty.io.grpc.StatusRuntimeException: UNAVAILABLE: io exception
	at java.util.concurrent.FutureTask.report(FutureTask.java:122)
	at java.util.concurrent.FutureTask.get(FutureTask.java:192)
	at org.apache.ratis.server.impl.LeaderElection.waitForResults(LeaderElection.java:259)
	at org.apache.ratis.server.impl.LeaderElection.askForVotes(LeaderElection.java:197)
	at org.apache.ratis.server.impl.LeaderElection.run(LeaderElection.java:133)
	at java.lang.Thread.run(Thread.java:748)
Caused by: org.apache.ratis.thirdparty.io.grpc.StatusRuntimeException: UNAVAILABLE: io exception
	at org.apache.ratis.thirdparty.io.grpc.stub.ClientCalls.toStatusRuntimeException(ClientCalls.java:233)
	at org.apache.ratis.thirdparty.io.grpc.stub.ClientCalls.getUnchecked(ClientCalls.java:214)
	at org.apache.ratis.thirdparty.io.grpc.stub.ClientCalls.blockingUnaryCall(ClientCalls.java:139)
	at org.apache.ratis.proto.grpc.RaftServerProtocolServiceGrpc$RaftServerProtocolServiceBlockingStub.requestVote(RaftServerProtocolServiceGrpc.java:265)
	at org.apache.ratis.grpc.server.GrpcServerProtocolClient.requestVote(GrpcServerProtocolClient.java:99)
	at org.apache.ratis.grpc.server.GrpcService.requestVote(GrpcService.java:204)
	at org.apache.ratis.server.impl.LeaderElection.lambda$submitRequests$1(LeaderElection.java:234)
	at java.util.concurrent.FutureTask.run(FutureTask.java:266)
	at java.util.concurrent.Executors$RunnableAdapter.call(Executors.java:511)
	at java.util.concurrent.FutureTask.run(FutureTask.java:266)
	at java.util.concurrent.ThreadPoolExecutor.runWorker(ThreadPoolExecutor.java:1149)
	at java.util.concurrent.ThreadPoolExecutor$Worker.run(ThreadPoolExecutor.java:624)
	... 1 more
Caused by: org.apache.ratis.thirdparty.io.netty.channel.AbstractChannel$AnnotatedConnectException: Connection refused: /192.168.157.220:43236
	at sun.nio.ch.SocketChannelImpl.checkConnect(Native Method)
	at sun.nio.ch.SocketChannelImpl.finishConnect(SocketChannelImpl.java:717)
	at org.apache.ratis.thirdparty.io.netty.channel.socket.nio.NioSocketChannel.doFinishConnect(NioSocketChannel.java:327)
	at org.apache.ratis.thirdparty.io.netty.channel.nio.AbstractNioChannel$AbstractNioUnsafe.finishConnect(AbstractNioChannel.java:340)
	at org.apache.ratis.thirdparty.io.netty.channel.nio.NioEventLoop.processSelectedKey(NioEventLoop.java:632)
	at org.apache.ratis.thirdparty.io.netty.channel.nio.NioEventLoop.processSelectedKeysOptimized(NioEventLoop.java:579)
	at org.apache.ratis.thirdparty.io.netty.channel.nio.NioEventLoop.processSelectedKeys(NioEventLoop.java:496)
	at org.apache.ratis.thirdparty.io.netty.channel.nio.NioEventLoop.run(NioEventLoop.java:458)
	at org.apache.ratis.thirdparty.io.netty.util.concurrent.SingleThreadEventExecutor$5.run(SingleThreadEventExecutor.java:897)
	at org.apache.ratis.thirdparty.io.netty.util.concurrent.FastThreadLocalRunnable.run(FastThreadLocalRunnable.java:30)
	... 1 more
Caused by: java.net.ConnectException: Connection refused
	... 11 more
2019-10-30 11:53:06,027 [9dbd5372-55c2-4532-b354-9494d3d545d2@group-F367C8FA5986-LeaderElection468] INFO  impl.RaftServerImpl (RaftServerImpl.java:setRole(184)) - 9dbd5372-55c2-4532-b354-9494d3d545d2@group-F367C8FA5986: changes role from CANDIDATE to FOLLOWER at term 256 for DISCOVERED_A_NEW_TERM
2019-10-30 11:53:06,027 [9dbd5372-55c2-4532-b354-9494d3d545d2@group-F367C8FA5986-LeaderElection468] INFO  impl.RoleInfo (RoleInfo.java:shutdownLeaderElection(134)) - 9dbd5372-55c2-4532-b354-9494d3d545d2: shutdown LeaderElection
2019-10-30 11:53:06,027 [9dbd5372-55c2-4532-b354-9494d3d545d2@group-F367C8FA5986-LeaderElection468] INFO  impl.RoleInfo (RoleInfo.java:updateAndGet(143)) - 9dbd5372-55c2-4532-b354-9494d3d545d2: start FollowerState
2019-10-30 11:53:06,182 [Thread-3438] INFO  impl.FollowerState (FollowerState.java:run(108)) - 9dbd5372-55c2-4532-b354-9494d3d545d2@group-F367C8FA5986-FollowerState: change to CANDIDATE, lastRpcTime:154ms, electionTimeout:150ms
2019-10-30 11:53:06,182 [Thread-3438] INFO  impl.RoleInfo (RoleInfo.java:shutdownFollowerState(121)) - 9dbd5372-55c2-4532-b354-9494d3d545d2: shutdown FollowerState
2019-10-30 11:53:06,182 [Thread-3438] INFO  impl.RaftServerImpl (RaftServerImpl.java:setRole(184)) - 9dbd5372-55c2-4532-b354-9494d3d545d2@group-F367C8FA5986: changes role from  FOLLOWER to CANDIDATE at term 256 for changeToCandidate
2019-10-30 11:53:06,182 [Thread-3438] INFO  impl.RoleInfo (RoleInfo.java:updateAndGet(143)) - 9dbd5372-55c2-4532-b354-9494d3d545d2: start LeaderElection
2019-10-30 11:53:06,199 [9dbd5372-55c2-4532-b354-9494d3d545d2@group-F367C8FA5986-LeaderElection469] INFO  impl.LeaderElection (LeaderElection.java:askForVotes(178)) - 9dbd5372-55c2-4532-b354-9494d3d545d2@group-F367C8FA5986-LeaderElection469: begin an election at term 257 for -1: [9b3ef6c9-0245-4756-bf80-45d41f7a4453:192.168.157.220:37058, cd11b2f5-3187-4d03-bd60-931991550c17:192.168.157.220:43236, 9dbd5372-55c2-4532-b354-9494d3d545d2:192.168.157.220:42993], old=null
2019-10-30 11:53:06,203 [9dbd5372-55c2-4532-b354-9494d3d545d2@group-F367C8FA5986-LeaderElection469] INFO  impl.LeaderElection (LogUtils.java:infoOrTrace(149)) - 9dbd5372-55c2-4532-b354-9494d3d545d2@group-F367C8FA5986-LeaderElection469 got exception when requesting votes: {}
java.util.concurrent.ExecutionException: org.apache.ratis.thirdparty.io.grpc.StatusRuntimeException: UNAVAILABLE: io exception
	at java.util.concurrent.FutureTask.report(FutureTask.java:122)
	at java.util.concurrent.FutureTask.get(FutureTask.java:192)
	at org.apache.ratis.server.impl.LeaderElection.waitForResults(LeaderElection.java:259)
	at org.apache.ratis.server.impl.LeaderElection.askForVotes(LeaderElection.java:197)
	at org.apache.ratis.server.impl.LeaderElection.run(LeaderElection.java:133)
	at java.lang.Thread.run(Thread.java:748)
Caused by: org.apache.ratis.thirdparty.io.grpc.StatusRuntimeException: UNAVAILABLE: io exception
	at org.apache.ratis.thirdparty.io.grpc.stub.ClientCalls.toStatusRuntimeException(ClientCalls.java:233)
	at org.apache.ratis.thirdparty.io.grpc.stub.ClientCalls.getUnchecked(ClientCalls.java:214)
	at org.apache.ratis.thirdparty.io.grpc.stub.ClientCalls.blockingUnaryCall(ClientCalls.java:139)
	at org.apache.ratis.proto.grpc.RaftServerProtocolServiceGrpc$RaftServerProtocolServiceBlockingStub.requestVote(RaftServerProtocolServiceGrpc.java:265)
	at org.apache.ratis.grpc.server.GrpcServerProtocolClient.requestVote(GrpcServerProtocolClient.java:99)
	at org.apache.ratis.grpc.server.GrpcService.requestVote(GrpcService.java:204)
	at org.apache.ratis.server.impl.LeaderElection.lambda$submitRequests$1(LeaderElection.java:234)
	at java.util.concurrent.FutureTask.run(FutureTask.java:266)
	at java.util.concurrent.Executors$RunnableAdapter.call(Executors.java:511)
	at java.util.concurrent.FutureTask.run(FutureTask.java:266)
	at java.util.concurrent.ThreadPoolExecutor.runWorker(ThreadPoolExecutor.java:1149)
	at java.util.concurrent.ThreadPoolExecutor$Worker.run(ThreadPoolExecutor.java:624)
	... 1 more
Caused by: org.apache.ratis.thirdparty.io.netty.channel.AbstractChannel$AnnotatedConnectException: Connection refused: /192.168.157.220:43236
	at sun.nio.ch.SocketChannelImpl.checkConnect(Native Method)
	at sun.nio.ch.SocketChannelImpl.finishConnect(SocketChannelImpl.java:717)
	at org.apache.ratis.thirdparty.io.netty.channel.socket.nio.NioSocketChannel.doFinishConnect(NioSocketChannel.java:327)
	at org.apache.ratis.thirdparty.io.netty.channel.nio.AbstractNioChannel$AbstractNioUnsafe.finishConnect(AbstractNioChannel.java:340)
	at org.apache.ratis.thirdparty.io.netty.channel.nio.NioEventLoop.processSelectedKey(NioEventLoop.java:632)
	at org.apache.ratis.thirdparty.io.netty.channel.nio.NioEventLoop.processSelectedKeysOptimized(NioEventLoop.java:579)
	at org.apache.ratis.thirdparty.io.netty.channel.nio.NioEventLoop.processSelectedKeys(NioEventLoop.java:496)
	at org.apache.ratis.thirdparty.io.netty.channel.nio.NioEventLoop.run(NioEventLoop.java:458)
	at org.apache.ratis.thirdparty.io.netty.util.concurrent.SingleThreadEventExecutor$5.run(SingleThreadEventExecutor.java:897)
	at org.apache.ratis.thirdparty.io.netty.util.concurrent.FastThreadLocalRunnable.run(FastThreadLocalRunnable.java:30)
	... 1 more
Caused by: java.net.ConnectException: Connection refused
	... 11 more
2019-10-30 11:53:06,203 [grpc-default-executor-6] INFO  impl.RaftServerImpl (RaftServerImpl.java:setRole(184)) - 9b3ef6c9-0245-4756-bf80-45d41f7a4453@group-F367C8FA5986: changes role from  FOLLOWER to FOLLOWER at term 257 for recognizeCandidate:9dbd5372-55c2-4532-b354-9494d3d545d2
2019-10-30 11:53:06,204 [grpc-default-executor-6] INFO  impl.RoleInfo (RoleInfo.java:shutdownFollowerState(121)) - 9b3ef6c9-0245-4756-bf80-45d41f7a4453: shutdown FollowerState
2019-10-30 11:53:06,204 [grpc-default-executor-6] INFO  impl.RoleInfo (RoleInfo.java:updateAndGet(143)) - 9b3ef6c9-0245-4756-bf80-45d41f7a4453: start FollowerState
2019-10-30 11:53:06,205 [Thread-3437] INFO  impl.FollowerState (FollowerState.java:run(117)) - 9b3ef6c9-0245-4756-bf80-45d41f7a4453@group-F367C8FA5986-FollowerState was interrupted: java.lang.InterruptedException: sleep interrupted
2019-10-30 11:53:06,219 [9dbd5372-55c2-4532-b354-9494d3d545d2@group-F367C8FA5986-LeaderElection469] INFO  impl.LeaderElection (LeaderElection.java:logAndReturn(56)) - 9dbd5372-55c2-4532-b354-9494d3d545d2@group-F367C8FA5986-LeaderElection469: Election REJECTED; received 1 response(s) [9dbd5372-55c2-4532-b354-9494d3d545d2<-9b3ef6c9-0245-4756-bf80-45d41f7a4453#0:FAIL-t257] and 1 exception(s); 9dbd5372-55c2-4532-b354-9494d3d545d2@group-F367C8FA5986:t257, leader=null, voted=9dbd5372-55c2-4532-b354-9494d3d545d2, raftlog=9dbd5372-55c2-4532-b354-9494d3d545d2@group-F367C8FA5986-SegmentedRaftLog:OPENED:c-1,f-1,i0, conf=-1: [9b3ef6c9-0245-4756-bf80-45d41f7a4453:192.168.157.220:37058, cd11b2f5-3187-4d03-bd60-931991550c17:192.168.157.220:43236, 9dbd5372-55c2-4532-b354-9494d3d545d2:192.168.157.220:42993], old=null
2019-10-30 11:53:06,219 [9dbd5372-55c2-4532-b354-9494d3d545d2@group-F367C8FA5986-LeaderElection469] INFO  impl.LeaderElection (LogUtils.java:infoOrTrace(149)) -   Exception 0: {}
java.util.concurrent.ExecutionException: org.apache.ratis.thirdparty.io.grpc.StatusRuntimeException: UNAVAILABLE: io exception
	at java.util.concurrent.FutureTask.report(FutureTask.java:122)
	at java.util.concurrent.FutureTask.get(FutureTask.java:192)
	at org.apache.ratis.server.impl.LeaderElection.waitForResults(LeaderElection.java:259)
	at org.apache.ratis.server.impl.LeaderElection.askForVotes(LeaderElection.java:197)
	at org.apache.ratis.server.impl.LeaderElection.run(LeaderElection.java:133)
	at java.lang.Thread.run(Thread.java:748)
Caused by: org.apache.ratis.thirdparty.io.grpc.StatusRuntimeException: UNAVAILABLE: io exception
	at org.apache.ratis.thirdparty.io.grpc.stub.ClientCalls.toStatusRuntimeException(ClientCalls.java:233)
	at org.apache.ratis.thirdparty.io.grpc.stub.ClientCalls.getUnchecked(ClientCalls.java:214)
	at org.apache.ratis.thirdparty.io.grpc.stub.ClientCalls.blockingUnaryCall(ClientCalls.java:139)
	at org.apache.ratis.proto.grpc.RaftServerProtocolServiceGrpc$RaftServerProtocolServiceBlockingStub.requestVote(RaftServerProtocolServiceGrpc.java:265)
	at org.apache.ratis.grpc.server.GrpcServerProtocolClient.requestVote(GrpcServerProtocolClient.java:99)
	at org.apache.ratis.grpc.server.GrpcService.requestVote(GrpcService.java:204)
	at org.apache.ratis.server.impl.LeaderElection.lambda$submitRequests$1(LeaderElection.java:234)
	at java.util.concurrent.FutureTask.run(FutureTask.java:266)
	at java.util.concurrent.Executors$RunnableAdapter.call(Executors.java:511)
	at java.util.concurrent.FutureTask.run(FutureTask.java:266)
	at java.util.concurrent.ThreadPoolExecutor.runWorker(ThreadPoolExecutor.java:1149)
	at java.util.concurrent.ThreadPoolExecutor$Worker.run(ThreadPoolExecutor.java:624)
	... 1 more
Caused by: org.apache.ratis.thirdparty.io.netty.channel.AbstractChannel$AnnotatedConnectException: Connection refused: /192.168.157.220:43236
	at sun.nio.ch.SocketChannelImpl.checkConnect(Native Method)
	at sun.nio.ch.SocketChannelImpl.finishConnect(SocketChannelImpl.java:717)
	at org.apache.ratis.thirdparty.io.netty.channel.socket.nio.NioSocketChannel.doFinishConnect(NioSocketChannel.java:327)
	at org.apache.ratis.thirdparty.io.netty.channel.nio.AbstractNioChannel$AbstractNioUnsafe.finishConnect(AbstractNioChannel.java:340)
	at org.apache.ratis.thirdparty.io.netty.channel.nio.NioEventLoop.processSelectedKey(NioEventLoop.java:632)
	at org.apache.ratis.thirdparty.io.netty.channel.nio.NioEventLoop.processSelectedKeysOptimized(NioEventLoop.java:579)
	at org.apache.ratis.thirdparty.io.netty.channel.nio.NioEventLoop.processSelectedKeys(NioEventLoop.java:496)
	at org.apache.ratis.thirdparty.io.netty.channel.nio.NioEventLoop.run(NioEventLoop.java:458)
	at org.apache.ratis.thirdparty.io.netty.util.concurrent.SingleThreadEventExecutor$5.run(SingleThreadEventExecutor.java:897)
	at org.apache.ratis.thirdparty.io.netty.util.concurrent.FastThreadLocalRunnable.run(FastThreadLocalRunnable.java:30)
	... 1 more
Caused by: java.net.ConnectException: Connection refused
	... 11 more
2019-10-30 11:53:06,219 [9dbd5372-55c2-4532-b354-9494d3d545d2@group-F367C8FA5986-LeaderElection469] INFO  impl.RaftServerImpl (RaftServerImpl.java:setRole(184)) - 9dbd5372-55c2-4532-b354-9494d3d545d2@group-F367C8FA5986: changes role from CANDIDATE to FOLLOWER at term 257 for DISCOVERED_A_NEW_TERM
2019-10-30 11:53:06,219 [9dbd5372-55c2-4532-b354-9494d3d545d2@group-F367C8FA5986-LeaderElection469] INFO  impl.RoleInfo (RoleInfo.java:shutdownLeaderElection(134)) - 9dbd5372-55c2-4532-b354-9494d3d545d2: shutdown LeaderElection
2019-10-30 11:53:06,220 [9dbd5372-55c2-4532-b354-9494d3d545d2@group-F367C8FA5986-LeaderElection469] INFO  impl.RoleInfo (RoleInfo.java:updateAndGet(143)) - 9dbd5372-55c2-4532-b354-9494d3d545d2: start FollowerState
2019-10-30 11:53:06,292 [Thread-3443] INFO  impl.FollowerState (FollowerState.java:run(108)) - 9dbd5372-55c2-4532-b354-9494d3d545d2@group-F367C8FA5986-FollowerState: change to CANDIDATE, lastRpcTime:72ms, electionTimeout:72ms
2019-10-30 11:53:06,292 [Thread-3443] INFO  impl.RoleInfo (RoleInfo.java:shutdownFollowerState(121)) - 9dbd5372-55c2-4532-b354-9494d3d545d2: shutdown FollowerState
2019-10-30 11:53:06,292 [Thread-3443] INFO  impl.RaftServerImpl (RaftServerImpl.java:setRole(184)) - 9dbd5372-55c2-4532-b354-9494d3d545d2@group-F367C8FA5986: changes role from  FOLLOWER to CANDIDATE at term 257 for changeToCandidate
2019-10-30 11:53:06,293 [Thread-3443] INFO  impl.RoleInfo (RoleInfo.java:updateAndGet(143)) - 9dbd5372-55c2-4532-b354-9494d3d545d2: start LeaderElection
2019-10-30 11:53:06,316 [9dbd5372-55c2-4532-b354-9494d3d545d2@group-F367C8FA5986-LeaderElection470] INFO  impl.LeaderElection (LeaderElection.java:askForVotes(178)) - 9dbd5372-55c2-4532-b354-9494d3d545d2@group-F367C8FA5986-LeaderElection470: begin an election at term 258 for -1: [9b3ef6c9-0245-4756-bf80-45d41f7a4453:192.168.157.220:37058, cd11b2f5-3187-4d03-bd60-931991550c17:192.168.157.220:43236, 9dbd5372-55c2-4532-b354-9494d3d545d2:192.168.157.220:42993], old=null
2019-10-30 11:53:06,322 [grpc-default-executor-6] INFO  impl.RaftServerImpl (RaftServerImpl.java:setRole(184)) - 9b3ef6c9-0245-4756-bf80-45d41f7a4453@group-F367C8FA5986: changes role from  FOLLOWER to FOLLOWER at term 258 for recognizeCandidate:9dbd5372-55c2-4532-b354-9494d3d545d2
2019-10-30 11:53:06,322 [grpc-default-executor-6] INFO  impl.RoleInfo (RoleInfo.java:shutdownFollowerState(121)) - 9b3ef6c9-0245-4756-bf80-45d41f7a4453: shutdown FollowerState
2019-10-30 11:53:06,322 [grpc-default-executor-6] INFO  impl.RoleInfo (RoleInfo.java:updateAndGet(143)) - 9b3ef6c9-0245-4756-bf80-45d41f7a4453: start FollowerState
2019-10-30 11:53:06,322 [Thread-3442] INFO  impl.FollowerState (FollowerState.java:run(117)) - 9b3ef6c9-0245-4756-bf80-45d41f7a4453@group-F367C8FA5986-FollowerState was interrupted: java.lang.InterruptedException: sleep interrupted
2019-10-30 11:53:06,327 [9dbd5372-55c2-4532-b354-9494d3d545d2@group-F367C8FA5986-LeaderElection470] INFO  impl.LeaderElection (LogUtils.java:infoOrTrace(149)) - 9dbd5372-55c2-4532-b354-9494d3d545d2@group-F367C8FA5986-LeaderElection470 got exception when requesting votes: {}
java.util.concurrent.ExecutionException: org.apache.ratis.thirdparty.io.grpc.StatusRuntimeException: UNAVAILABLE: io exception
	at java.util.concurrent.FutureTask.report(FutureTask.java:122)
	at java.util.concurrent.FutureTask.get(FutureTask.java:192)
	at org.apache.ratis.server.impl.LeaderElection.waitForResults(LeaderElection.java:259)
	at org.apache.ratis.server.impl.LeaderElection.askForVotes(LeaderElection.java:197)
	at org.apache.ratis.server.impl.LeaderElection.run(LeaderElection.java:133)
	at java.lang.Thread.run(Thread.java:748)
Caused by: org.apache.ratis.thirdparty.io.grpc.StatusRuntimeException: UNAVAILABLE: io exception
	at org.apache.ratis.thirdparty.io.grpc.stub.ClientCalls.toStatusRuntimeException(ClientCalls.java:233)
	at org.apache.ratis.thirdparty.io.grpc.stub.ClientCalls.getUnchecked(ClientCalls.java:214)
	at org.apache.ratis.thirdparty.io.grpc.stub.ClientCalls.blockingUnaryCall(ClientCalls.java:139)
	at org.apache.ratis.proto.grpc.RaftServerProtocolServiceGrpc$RaftServerProtocolServiceBlockingStub.requestVote(RaftServerProtocolServiceGrpc.java:265)
	at org.apache.ratis.grpc.server.GrpcServerProtocolClient.requestVote(GrpcServerProtocolClient.java:99)
	at org.apache.ratis.grpc.server.GrpcService.requestVote(GrpcService.java:204)
	at org.apache.ratis.server.impl.LeaderElection.lambda$submitRequests$1(LeaderElection.java:234)
	at java.util.concurrent.FutureTask.run(FutureTask.java:266)
	at java.util.concurrent.Executors$RunnableAdapter.call(Executors.java:511)
	at java.util.concurrent.FutureTask.run(FutureTask.java:266)
	at java.util.concurrent.ThreadPoolExecutor.runWorker(ThreadPoolExecutor.java:1149)
	at java.util.concurrent.ThreadPoolExecutor$Worker.run(ThreadPoolExecutor.java:624)
	... 1 more
Caused by: org.apache.ratis.thirdparty.io.netty.channel.AbstractChannel$AnnotatedConnectException: Connection refused: /192.168.157.220:43236
	at sun.nio.ch.SocketChannelImpl.checkConnect(Native Method)
	at sun.nio.ch.SocketChannelImpl.finishConnect(SocketChannelImpl.java:717)
	at org.apache.ratis.thirdparty.io.netty.channel.socket.nio.NioSocketChannel.doFinishConnect(NioSocketChannel.java:327)
	at org.apache.ratis.thirdparty.io.netty.channel.nio.AbstractNioChannel$AbstractNioUnsafe.finishConnect(AbstractNioChannel.java:340)
	at org.apache.ratis.thirdparty.io.netty.channel.nio.NioEventLoop.processSelectedKey(NioEventLoop.java:632)
	at org.apache.ratis.thirdparty.io.netty.channel.nio.NioEventLoop.processSelectedKeysOptimized(NioEventLoop.java:579)
	at org.apache.ratis.thirdparty.io.netty.channel.nio.NioEventLoop.processSelectedKeys(NioEventLoop.java:496)
	at org.apache.ratis.thirdparty.io.netty.channel.nio.NioEventLoop.run(NioEventLoop.java:458)
	at org.apache.ratis.thirdparty.io.netty.util.concurrent.SingleThreadEventExecutor$5.run(SingleThreadEventExecutor.java:897)
	at org.apache.ratis.thirdparty.io.netty.util.concurrent.FastThreadLocalRunnable.run(FastThreadLocalRunnable.java:30)
	... 1 more
Caused by: java.net.ConnectException: Connection refused
	... 11 more
2019-10-30 11:53:06,349 [9dbd5372-55c2-4532-b354-9494d3d545d2@group-F367C8FA5986-LeaderElection470] INFO  impl.LeaderElection (LeaderElection.java:logAndReturn(56)) - 9dbd5372-55c2-4532-b354-9494d3d545d2@group-F367C8FA5986-LeaderElection470: Election REJECTED; received 1 response(s) [9dbd5372-55c2-4532-b354-9494d3d545d2<-9b3ef6c9-0245-4756-bf80-45d41f7a4453#0:FAIL-t258] and 1 exception(s); 9dbd5372-55c2-4532-b354-9494d3d545d2@group-F367C8FA5986:t258, leader=null, voted=9dbd5372-55c2-4532-b354-9494d3d545d2, raftlog=9dbd5372-55c2-4532-b354-9494d3d545d2@group-F367C8FA5986-SegmentedRaftLog:OPENED:c-1,f-1,i0, conf=-1: [9b3ef6c9-0245-4756-bf80-45d41f7a4453:192.168.157.220:37058, cd11b2f5-3187-4d03-bd60-931991550c17:192.168.157.220:43236, 9dbd5372-55c2-4532-b354-9494d3d545d2:192.168.157.220:42993], old=null
2019-10-30 11:53:06,349 [9dbd5372-55c2-4532-b354-9494d3d545d2@group-F367C8FA5986-LeaderElection470] INFO  impl.LeaderElection (LogUtils.java:infoOrTrace(149)) -   Exception 0: {}
java.util.concurrent.ExecutionException: org.apache.ratis.thirdparty.io.grpc.StatusRuntimeException: UNAVAILABLE: io exception
	at java.util.concurrent.FutureTask.report(FutureTask.java:122)
	at java.util.concurrent.FutureTask.get(FutureTask.java:192)
	at org.apache.ratis.server.impl.LeaderElection.waitForResults(LeaderElection.java:259)
	at org.apache.ratis.server.impl.LeaderElection.askForVotes(LeaderElection.java:197)
	at org.apache.ratis.server.impl.LeaderElection.run(LeaderElection.java:133)
	at java.lang.Thread.run(Thread.java:748)
Caused by: org.apache.ratis.thirdparty.io.grpc.StatusRuntimeException: UNAVAILABLE: io exception
	at org.apache.ratis.thirdparty.io.grpc.stub.ClientCalls.toStatusRuntimeException(ClientCalls.java:233)
	at org.apache.ratis.thirdparty.io.grpc.stub.ClientCalls.getUnchecked(ClientCalls.java:214)
	at org.apache.ratis.thirdparty.io.grpc.stub.ClientCalls.blockingUnaryCall(ClientCalls.java:139)
	at org.apache.ratis.proto.grpc.RaftServerProtocolServiceGrpc$RaftServerProtocolServiceBlockingStub.requestVote(RaftServerProtocolServiceGrpc.java:265)
	at org.apache.ratis.grpc.server.GrpcServerProtocolClient.requestVote(GrpcServerProtocolClient.java:99)
	at org.apache.ratis.grpc.server.GrpcService.requestVote(GrpcService.java:204)
	at org.apache.ratis.server.impl.LeaderElection.lambda$submitRequests$1(LeaderElection.java:234)
	at java.util.concurrent.FutureTask.run(FutureTask.java:266)
	at java.util.concurrent.Executors$RunnableAdapter.call(Executors.java:511)
	at java.util.concurrent.FutureTask.run(FutureTask.java:266)
	at java.util.concurrent.ThreadPoolExecutor.runWorker(ThreadPoolExecutor.java:1149)
	at java.util.concurrent.ThreadPoolExecutor$Worker.run(ThreadPoolExecutor.java:624)
	... 1 more
Caused by: org.apache.ratis.thirdparty.io.netty.channel.AbstractChannel$AnnotatedConnectException: Connection refused: /192.168.157.220:43236
	at sun.nio.ch.SocketChannelImpl.checkConnect(Native Method)
	at sun.nio.ch.SocketChannelImpl.finishConnect(SocketChannelImpl.java:717)
	at org.apache.ratis.thirdparty.io.netty.channel.socket.nio.NioSocketChannel.doFinishConnect(NioSocketChannel.java:327)
	at org.apache.ratis.thirdparty.io.netty.channel.nio.AbstractNioChannel$AbstractNioUnsafe.finishConnect(AbstractNioChannel.java:340)
	at org.apache.ratis.thirdparty.io.netty.channel.nio.NioEventLoop.processSelectedKey(NioEventLoop.java:632)
	at org.apache.ratis.thirdparty.io.netty.channel.nio.NioEventLoop.processSelectedKeysOptimized(NioEventLoop.java:579)
	at org.apache.ratis.thirdparty.io.netty.channel.nio.NioEventLoop.processSelectedKeys(NioEventLoop.java:496)
	at org.apache.ratis.thirdparty.io.netty.channel.nio.NioEventLoop.run(NioEventLoop.java:458)
	at org.apache.ratis.thirdparty.io.netty.util.concurrent.SingleThreadEventExecutor$5.run(SingleThreadEventExecutor.java:897)
	at org.apache.ratis.thirdparty.io.netty.util.concurrent.FastThreadLocalRunnable.run(FastThreadLocalRunnable.java:30)
	... 1 more
Caused by: java.net.ConnectException: Connection refused
	... 11 more
2019-10-30 11:53:06,349 [9dbd5372-55c2-4532-b354-9494d3d545d2@group-F367C8FA5986-LeaderElection470] INFO  impl.RaftServerImpl (RaftServerImpl.java:setRole(184)) - 9dbd5372-55c2-4532-b354-9494d3d545d2@group-F367C8FA5986: changes role from CANDIDATE to FOLLOWER at term 258 for DISCOVERED_A_NEW_TERM
2019-10-30 11:53:06,349 [9dbd5372-55c2-4532-b354-9494d3d545d2@group-F367C8FA5986-LeaderElection470] INFO  impl.RoleInfo (RoleInfo.java:shutdownLeaderElection(134)) - 9dbd5372-55c2-4532-b354-9494d3d545d2: shutdown LeaderElection
2019-10-30 11:53:06,349 [9dbd5372-55c2-4532-b354-9494d3d545d2@group-F367C8FA5986-LeaderElection470] INFO  impl.RoleInfo (RoleInfo.java:updateAndGet(143)) - 9dbd5372-55c2-4532-b354-9494d3d545d2: start FollowerState
2019-10-30 11:53:06,414 [Thread-3406] INFO  impl.FollowerState (FollowerState.java:run(108)) - 4cc44201-a597-43af-a4ec-5b1b407a6250@group-83984122B78E-FollowerState: change to CANDIDATE, lastRpcTime:1110ms, electionTimeout:1110ms
2019-10-30 11:53:06,414 [Thread-3406] INFO  impl.RoleInfo (RoleInfo.java:shutdownFollowerState(121)) - 4cc44201-a597-43af-a4ec-5b1b407a6250: shutdown FollowerState
2019-10-30 11:53:06,414 [Thread-3406] INFO  impl.RaftServerImpl (RaftServerImpl.java:setRole(184)) - 4cc44201-a597-43af-a4ec-5b1b407a6250@group-83984122B78E: changes role from  FOLLOWER to CANDIDATE at term 242 for changeToCandidate
2019-10-30 11:53:06,414 [Thread-3406] INFO  impl.RoleInfo (RoleInfo.java:updateAndGet(143)) - 4cc44201-a597-43af-a4ec-5b1b407a6250: start LeaderElection
2019-10-30 11:53:06,432 [4cc44201-a597-43af-a4ec-5b1b407a6250@group-83984122B78E-LeaderElection471] INFO  impl.LeaderElection (LeaderElection.java:askForVotes(178)) - 4cc44201-a597-43af-a4ec-5b1b407a6250@group-83984122B78E-LeaderElection471: begin an election at term 243 for 0: [4f16e274-8663-4a15-9c4c-c81f650ab979:192.168.157.220:38181, 4cc44201-a597-43af-a4ec-5b1b407a6250:192.168.157.220:36685, f26e10ed-fb17-49e6-a903-eadc130d13d1:192.168.157.220:32806], old=null
2019-10-30 11:53:06,433 [4cc44201-a597-43af-a4ec-5b1b407a6250@group-83984122B78E-LeaderElection471] INFO  impl.LeaderElection (LogUtils.java:infoOrTrace(149)) - 4cc44201-a597-43af-a4ec-5b1b407a6250@group-83984122B78E-LeaderElection471 got exception when requesting votes: {}
java.util.concurrent.ExecutionException: org.apache.ratis.thirdparty.io.grpc.StatusRuntimeException: UNAVAILABLE: io exception
	at java.util.concurrent.FutureTask.report(FutureTask.java:122)
	at java.util.concurrent.FutureTask.get(FutureTask.java:192)
	at org.apache.ratis.server.impl.LeaderElection.waitForResults(LeaderElection.java:259)
	at org.apache.ratis.server.impl.LeaderElection.askForVotes(LeaderElection.java:197)
	at org.apache.ratis.server.impl.LeaderElection.run(LeaderElection.java:133)
	at java.lang.Thread.run(Thread.java:748)
Caused by: org.apache.ratis.thirdparty.io.grpc.StatusRuntimeException: UNAVAILABLE: io exception
	at org.apache.ratis.thirdparty.io.grpc.stub.ClientCalls.toStatusRuntimeException(ClientCalls.java:233)
	at org.apache.ratis.thirdparty.io.grpc.stub.ClientCalls.getUnchecked(ClientCalls.java:214)
	at org.apache.ratis.thirdparty.io.grpc.stub.ClientCalls.blockingUnaryCall(ClientCalls.java:139)
	at org.apache.ratis.proto.grpc.RaftServerProtocolServiceGrpc$RaftServerProtocolServiceBlockingStub.requestVote(RaftServerProtocolServiceGrpc.java:265)
	at org.apache.ratis.grpc.server.GrpcServerProtocolClient.requestVote(GrpcServerProtocolClient.java:99)
	at org.apache.ratis.grpc.server.GrpcService.requestVote(GrpcService.java:204)
	at org.apache.ratis.server.impl.LeaderElection.lambda$submitRequests$1(LeaderElection.java:234)
	at java.util.concurrent.FutureTask.run(FutureTask.java:266)
	at java.util.concurrent.Executors$RunnableAdapter.call(Executors.java:511)
	at java.util.concurrent.FutureTask.run(FutureTask.java:266)
	at java.util.concurrent.ThreadPoolExecutor.runWorker(ThreadPoolExecutor.java:1149)
	at java.util.concurrent.ThreadPoolExecutor$Worker.run(ThreadPoolExecutor.java:624)
	... 1 more
Caused by: org.apache.ratis.thirdparty.io.netty.channel.AbstractChannel$AnnotatedConnectException: Connection refused: /192.168.157.220:38181
	at sun.nio.ch.SocketChannelImpl.checkConnect(Native Method)
	at sun.nio.ch.SocketChannelImpl.finishConnect(SocketChannelImpl.java:717)
	at org.apache.ratis.thirdparty.io.netty.channel.socket.nio.NioSocketChannel.doFinishConnect(NioSocketChannel.java:327)
	at org.apache.ratis.thirdparty.io.netty.channel.nio.AbstractNioChannel$AbstractNioUnsafe.finishConnect(AbstractNioChannel.java:340)
	at org.apache.ratis.thirdparty.io.netty.channel.nio.NioEventLoop.processSelectedKey(NioEventLoop.java:632)
	at org.apache.ratis.thirdparty.io.netty.channel.nio.NioEventLoop.processSelectedKeysOptimized(NioEventLoop.java:579)
	at org.apache.ratis.thirdparty.io.netty.channel.nio.NioEventLoop.processSelectedKeys(NioEventLoop.java:496)
	at org.apache.ratis.thirdparty.io.netty.channel.nio.NioEventLoop.run(NioEventLoop.java:458)
	at org.apache.ratis.thirdparty.io.netty.util.concurrent.SingleThreadEventExecutor$5.run(SingleThreadEventExecutor.java:897)
	at org.apache.ratis.thirdparty.io.netty.util.concurrent.FastThreadLocalRunnable.run(FastThreadLocalRunnable.java:30)
	... 1 more
Caused by: java.net.ConnectException: Connection refused
	... 11 more
2019-10-30 11:53:06,433 [4cc44201-a597-43af-a4ec-5b1b407a6250@group-83984122B78E-LeaderElection471] INFO  impl.LeaderElection (LogUtils.java:infoOrTrace(149)) - 4cc44201-a597-43af-a4ec-5b1b407a6250@group-83984122B78E-LeaderElection471 got exception when requesting votes: {}
java.util.concurrent.ExecutionException: org.apache.ratis.thirdparty.io.grpc.StatusRuntimeException: UNAVAILABLE: io exception
	at java.util.concurrent.FutureTask.report(FutureTask.java:122)
	at java.util.concurrent.FutureTask.get(FutureTask.java:192)
	at org.apache.ratis.server.impl.LeaderElection.waitForResults(LeaderElection.java:259)
	at org.apache.ratis.server.impl.LeaderElection.askForVotes(LeaderElection.java:197)
	at org.apache.ratis.server.impl.LeaderElection.run(LeaderElection.java:133)
	at java.lang.Thread.run(Thread.java:748)
Caused by: org.apache.ratis.thirdparty.io.grpc.StatusRuntimeException: UNAVAILABLE: io exception
	at org.apache.ratis.thirdparty.io.grpc.stub.ClientCalls.toStatusRuntimeException(ClientCalls.java:233)
	at org.apache.ratis.thirdparty.io.grpc.stub.ClientCalls.getUnchecked(ClientCalls.java:214)
	at org.apache.ratis.thirdparty.io.grpc.stub.ClientCalls.blockingUnaryCall(ClientCalls.java:139)
	at org.apache.ratis.proto.grpc.RaftServerProtocolServiceGrpc$RaftServerProtocolServiceBlockingStub.requestVote(RaftServerProtocolServiceGrpc.java:265)
	at org.apache.ratis.grpc.server.GrpcServerProtocolClient.requestVote(GrpcServerProtocolClient.java:99)
	at org.apache.ratis.grpc.server.GrpcService.requestVote(GrpcService.java:204)
	at org.apache.ratis.server.impl.LeaderElection.lambda$submitRequests$1(LeaderElection.java:234)
	at java.util.concurrent.FutureTask.run(FutureTask.java:266)
	at java.util.concurrent.Executors$RunnableAdapter.call(Executors.java:511)
	at java.util.concurrent.FutureTask.run(FutureTask.java:266)
	at java.util.concurrent.ThreadPoolExecutor.runWorker(ThreadPoolExecutor.java:1149)
	at java.util.concurrent.ThreadPoolExecutor$Worker.run(ThreadPoolExecutor.java:624)
	... 1 more
Caused by: org.apache.ratis.thirdparty.io.netty.channel.AbstractChannel$AnnotatedConnectException: Connection refused: /192.168.157.220:32806
	at sun.nio.ch.SocketChannelImpl.checkConnect(Native Method)
	at sun.nio.ch.SocketChannelImpl.finishConnect(SocketChannelImpl.java:717)
	at org.apache.ratis.thirdparty.io.netty.channel.socket.nio.NioSocketChannel.doFinishConnect(NioSocketChannel.java:327)
	at org.apache.ratis.thirdparty.io.netty.channel.nio.AbstractNioChannel$AbstractNioUnsafe.finishConnect(AbstractNioChannel.java:340)
	at org.apache.ratis.thirdparty.io.netty.channel.nio.NioEventLoop.processSelectedKey(NioEventLoop.java:632)
	at org.apache.ratis.thirdparty.io.netty.channel.nio.NioEventLoop.processSelectedKeysOptimized(NioEventLoop.java:579)
	at org.apache.ratis.thirdparty.io.netty.channel.nio.NioEventLoop.processSelectedKeys(NioEventLoop.java:496)
	at org.apache.ratis.thirdparty.io.netty.channel.nio.NioEventLoop.run(NioEventLoop.java:458)
	at org.apache.ratis.thirdparty.io.netty.util.concurrent.SingleThreadEventExecutor$5.run(SingleThreadEventExecutor.java:897)
	at org.apache.ratis.thirdparty.io.netty.util.concurrent.FastThreadLocalRunnable.run(FastThreadLocalRunnable.java:30)
	... 1 more
Caused by: java.net.ConnectException: Connection refused
	... 11 more
2019-10-30 11:53:06,434 [4cc44201-a597-43af-a4ec-5b1b407a6250@group-83984122B78E-LeaderElection471] INFO  impl.LeaderElection (LeaderElection.java:logAndReturn(56)) - 4cc44201-a597-43af-a4ec-5b1b407a6250@group-83984122B78E-LeaderElection471: Election REJECTED; received 0 response(s) [] and 2 exception(s); 4cc44201-a597-43af-a4ec-5b1b407a6250@group-83984122B78E:t243, leader=null, voted=4cc44201-a597-43af-a4ec-5b1b407a6250, raftlog=4cc44201-a597-43af-a4ec-5b1b407a6250@group-83984122B78E-SegmentedRaftLog:OPENED:c-1,f0,i0, conf=0: [4f16e274-8663-4a15-9c4c-c81f650ab979:192.168.157.220:38181, 4cc44201-a597-43af-a4ec-5b1b407a6250:192.168.157.220:36685, f26e10ed-fb17-49e6-a903-eadc130d13d1:192.168.157.220:32806], old=null
2019-10-30 11:53:06,434 [4cc44201-a597-43af-a4ec-5b1b407a6250@group-83984122B78E-LeaderElection471] INFO  impl.LeaderElection (LogUtils.java:infoOrTrace(149)) -   Exception 0: {}
java.util.concurrent.ExecutionException: org.apache.ratis.thirdparty.io.grpc.StatusRuntimeException: UNAVAILABLE: io exception
	at java.util.concurrent.FutureTask.report(FutureTask.java:122)
	at java.util.concurrent.FutureTask.get(FutureTask.java:192)
	at org.apache.ratis.server.impl.LeaderElection.waitForResults(LeaderElection.java:259)
	at org.apache.ratis.server.impl.LeaderElection.askForVotes(LeaderElection.java:197)
	at org.apache.ratis.server.impl.LeaderElection.run(LeaderElection.java:133)
	at java.lang.Thread.run(Thread.java:748)
Caused by: org.apache.ratis.thirdparty.io.grpc.StatusRuntimeException: UNAVAILABLE: io exception
	at org.apache.ratis.thirdparty.io.grpc.stub.ClientCalls.toStatusRuntimeException(ClientCalls.java:233)
	at org.apache.ratis.thirdparty.io.grpc.stub.ClientCalls.getUnchecked(ClientCalls.java:214)
	at org.apache.ratis.thirdparty.io.grpc.stub.ClientCalls.blockingUnaryCall(ClientCalls.java:139)
	at org.apache.ratis.proto.grpc.RaftServerProtocolServiceGrpc$RaftServerProtocolServiceBlockingStub.requestVote(RaftServerProtocolServiceGrpc.java:265)
	at org.apache.ratis.grpc.server.GrpcServerProtocolClient.requestVote(GrpcServerProtocolClient.java:99)
	at org.apache.ratis.grpc.server.GrpcService.requestVote(GrpcService.java:204)
	at org.apache.ratis.server.impl.LeaderElection.lambda$submitRequests$1(LeaderElection.java:234)
	at java.util.concurrent.FutureTask.run(FutureTask.java:266)
	at java.util.concurrent.Executors$RunnableAdapter.call(Executors.java:511)
	at java.util.concurrent.FutureTask.run(FutureTask.java:266)
	at java.util.concurrent.ThreadPoolExecutor.runWorker(ThreadPoolExecutor.java:1149)
	at java.util.concurrent.ThreadPoolExecutor$Worker.run(ThreadPoolExecutor.java:624)
	... 1 more
Caused by: org.apache.ratis.thirdparty.io.netty.channel.AbstractChannel$AnnotatedConnectException: Connection refused: /192.168.157.220:38181
	at sun.nio.ch.SocketChannelImpl.checkConnect(Native Method)
	at sun.nio.ch.SocketChannelImpl.finishConnect(SocketChannelImpl.java:717)
	at org.apache.ratis.thirdparty.io.netty.channel.socket.nio.NioSocketChannel.doFinishConnect(NioSocketChannel.java:327)
	at org.apache.ratis.thirdparty.io.netty.channel.nio.AbstractNioChannel$AbstractNioUnsafe.finishConnect(AbstractNioChannel.java:340)
	at org.apache.ratis.thirdparty.io.netty.channel.nio.NioEventLoop.processSelectedKey(NioEventLoop.java:632)
	at org.apache.ratis.thirdparty.io.netty.channel.nio.NioEventLoop.processSelectedKeysOptimized(NioEventLoop.java:579)
	at org.apache.ratis.thirdparty.io.netty.channel.nio.NioEventLoop.processSelectedKeys(NioEventLoop.java:496)
	at org.apache.ratis.thirdparty.io.netty.channel.nio.NioEventLoop.run(NioEventLoop.java:458)
	at org.apache.ratis.thirdparty.io.netty.util.concurrent.SingleThreadEventExecutor$5.run(SingleThreadEventExecutor.java:897)
	at org.apache.ratis.thirdparty.io.netty.util.concurrent.FastThreadLocalRunnable.run(FastThreadLocalRunnable.java:30)
	... 1 more
Caused by: java.net.ConnectException: Connection refused
	... 11 more
2019-10-30 11:53:06,434 [4cc44201-a597-43af-a4ec-5b1b407a6250@group-83984122B78E-LeaderElection471] INFO  impl.LeaderElection (LogUtils.java:infoOrTrace(149)) -   Exception 1: {}
java.util.concurrent.ExecutionException: org.apache.ratis.thirdparty.io.grpc.StatusRuntimeException: UNAVAILABLE: io exception
	at java.util.concurrent.FutureTask.report(FutureTask.java:122)
	at java.util.concurrent.FutureTask.get(FutureTask.java:192)
	at org.apache.ratis.server.impl.LeaderElection.waitForResults(LeaderElection.java:259)
	at org.apache.ratis.server.impl.LeaderElection.askForVotes(LeaderElection.java:197)
	at org.apache.ratis.server.impl.LeaderElection.run(LeaderElection.java:133)
	at java.lang.Thread.run(Thread.java:748)
Caused by: org.apache.ratis.thirdparty.io.grpc.StatusRuntimeException: UNAVAILABLE: io exception
	at org.apache.ratis.thirdparty.io.grpc.stub.ClientCalls.toStatusRuntimeException(ClientCalls.java:233)
	at org.apache.ratis.thirdparty.io.grpc.stub.ClientCalls.getUnchecked(ClientCalls.java:214)
	at org.apache.ratis.thirdparty.io.grpc.stub.ClientCalls.blockingUnaryCall(ClientCalls.java:139)
	at org.apache.ratis.proto.grpc.RaftServerProtocolServiceGrpc$RaftServerProtocolServiceBlockingStub.requestVote(RaftServerProtocolServiceGrpc.java:265)
	at org.apache.ratis.grpc.server.GrpcServerProtocolClient.requestVote(GrpcServerProtocolClient.java:99)
	at org.apache.ratis.grpc.server.GrpcService.requestVote(GrpcService.java:204)
	at org.apache.ratis.server.impl.LeaderElection.lambda$submitRequests$1(LeaderElection.java:234)
	at java.util.concurrent.FutureTask.run(FutureTask.java:266)
	at java.util.concurrent.Executors$RunnableAdapter.call(Executors.java:511)
	at java.util.concurrent.FutureTask.run(FutureTask.java:266)
	at java.util.concurrent.ThreadPoolExecutor.runWorker(ThreadPoolExecutor.java:1149)
	at java.util.concurrent.ThreadPoolExecutor$Worker.run(ThreadPoolExecutor.java:624)
	... 1 more
Caused by: org.apache.ratis.thirdparty.io.netty.channel.AbstractChannel$AnnotatedConnectException: Connection refused: /192.168.157.220:32806
	at sun.nio.ch.SocketChannelImpl.checkConnect(Native Method)
	at sun.nio.ch.SocketChannelImpl.finishConnect(SocketChannelImpl.java:717)
	at org.apache.ratis.thirdparty.io.netty.channel.socket.nio.NioSocketChannel.doFinishConnect(NioSocketChannel.java:327)
	at org.apache.ratis.thirdparty.io.netty.channel.nio.AbstractNioChannel$AbstractNioUnsafe.finishConnect(AbstractNioChannel.java:340)
	at org.apache.ratis.thirdparty.io.netty.channel.nio.NioEventLoop.processSelectedKey(NioEventLoop.java:632)
	at org.apache.ratis.thirdparty.io.netty.channel.nio.NioEventLoop.processSelectedKeysOptimized(NioEventLoop.java:579)
	at org.apache.ratis.thirdparty.io.netty.channel.nio.NioEventLoop.processSelectedKeys(NioEventLoop.java:496)
	at org.apache.ratis.thirdparty.io.netty.channel.nio.NioEventLoop.run(NioEventLoop.java:458)
	at org.apache.ratis.thirdparty.io.netty.util.concurrent.SingleThreadEventExecutor$5.run(SingleThreadEventExecutor.java:897)
	at org.apache.ratis.thirdparty.io.netty.util.concurrent.FastThreadLocalRunnable.run(FastThreadLocalRunnable.java:30)
	... 1 more
Caused by: java.net.ConnectException: Connection refused
	... 11 more
2019-10-30 11:53:06,435 [4cc44201-a597-43af-a4ec-5b1b407a6250@group-83984122B78E-LeaderElection471] INFO  impl.RaftServerImpl (RaftServerImpl.java:setRole(184)) - 4cc44201-a597-43af-a4ec-5b1b407a6250@group-83984122B78E: changes role from CANDIDATE to FOLLOWER at term 243 for DISCOVERED_A_NEW_TERM
2019-10-30 11:53:06,435 [4cc44201-a597-43af-a4ec-5b1b407a6250@group-83984122B78E-LeaderElection471] INFO  impl.RoleInfo (RoleInfo.java:shutdownLeaderElection(134)) - 4cc44201-a597-43af-a4ec-5b1b407a6250: shutdown LeaderElection
2019-10-30 11:53:06,435 [4cc44201-a597-43af-a4ec-5b1b407a6250@group-83984122B78E-LeaderElection471] INFO  impl.RoleInfo (RoleInfo.java:updateAndGet(143)) - 4cc44201-a597-43af-a4ec-5b1b407a6250: start FollowerState
2019-10-30 11:53:06,527 [Thread-3448] INFO  impl.FollowerState (FollowerState.java:run(108)) - 9dbd5372-55c2-4532-b354-9494d3d545d2@group-F367C8FA5986-FollowerState: change to CANDIDATE, lastRpcTime:177ms, electionTimeout:176ms
2019-10-30 11:53:06,527 [Thread-3448] INFO  impl.RoleInfo (RoleInfo.java:shutdownFollowerState(121)) - 9dbd5372-55c2-4532-b354-9494d3d545d2: shutdown FollowerState
2019-10-30 11:53:06,527 [Thread-3448] INFO  impl.RaftServerImpl (RaftServerImpl.java:setRole(184)) - 9dbd5372-55c2-4532-b354-9494d3d545d2@group-F367C8FA5986: changes role from  FOLLOWER to CANDIDATE at term 258 for changeToCandidate
2019-10-30 11:53:06,528 [Thread-3448] INFO  impl.RoleInfo (RoleInfo.java:updateAndGet(143)) - 9dbd5372-55c2-4532-b354-9494d3d545d2: start LeaderElection
2019-10-30 11:53:06,541 [9dbd5372-55c2-4532-b354-9494d3d545d2@group-F367C8FA5986-LeaderElection472] INFO  impl.LeaderElection (LeaderElection.java:askForVotes(178)) - 9dbd5372-55c2-4532-b354-9494d3d545d2@group-F367C8FA5986-LeaderElection472: begin an election at term 259 for -1: [9b3ef6c9-0245-4756-bf80-45d41f7a4453:192.168.157.220:37058, cd11b2f5-3187-4d03-bd60-931991550c17:192.168.157.220:43236, 9dbd5372-55c2-4532-b354-9494d3d545d2:192.168.157.220:42993], old=null
2019-10-30 11:53:06,542 [9dbd5372-55c2-4532-b354-9494d3d545d2@group-F367C8FA5986-LeaderElection472] INFO  impl.LeaderElection (LogUtils.java:infoOrTrace(149)) - 9dbd5372-55c2-4532-b354-9494d3d545d2@group-F367C8FA5986-LeaderElection472 got exception when requesting votes: {}
java.util.concurrent.ExecutionException: org.apache.ratis.thirdparty.io.grpc.StatusRuntimeException: UNAVAILABLE: io exception
	at java.util.concurrent.FutureTask.report(FutureTask.java:122)
	at java.util.concurrent.FutureTask.get(FutureTask.java:192)
	at org.apache.ratis.server.impl.LeaderElection.waitForResults(LeaderElection.java:259)
	at org.apache.ratis.server.impl.LeaderElection.askForVotes(LeaderElection.java:197)
	at org.apache.ratis.server.impl.LeaderElection.run(LeaderElection.java:133)
	at java.lang.Thread.run(Thread.java:748)
Caused by: org.apache.ratis.thirdparty.io.grpc.StatusRuntimeException: UNAVAILABLE: io exception
	at org.apache.ratis.thirdparty.io.grpc.stub.ClientCalls.toStatusRuntimeException(ClientCalls.java:233)
	at org.apache.ratis.thirdparty.io.grpc.stub.ClientCalls.getUnchecked(ClientCalls.java:214)
	at org.apache.ratis.thirdparty.io.grpc.stub.ClientCalls.blockingUnaryCall(ClientCalls.java:139)
	at org.apache.ratis.proto.grpc.RaftServerProtocolServiceGrpc$RaftServerProtocolServiceBlockingStub.requestVote(RaftServerProtocolServiceGrpc.java:265)
	at org.apache.ratis.grpc.server.GrpcServerProtocolClient.requestVote(GrpcServerProtocolClient.java:99)
	at org.apache.ratis.grpc.server.GrpcService.requestVote(GrpcService.java:204)
	at org.apache.ratis.server.impl.LeaderElection.lambda$submitRequests$1(LeaderElection.java:234)
	at java.util.concurrent.FutureTask.run(FutureTask.java:266)
	at java.util.concurrent.Executors$RunnableAdapter.call(Executors.java:511)
	at java.util.concurrent.FutureTask.run(FutureTask.java:266)
	at java.util.concurrent.ThreadPoolExecutor.runWorker(ThreadPoolExecutor.java:1149)
	at java.util.concurrent.ThreadPoolExecutor$Worker.run(ThreadPoolExecutor.java:624)
	... 1 more
Caused by: org.apache.ratis.thirdparty.io.netty.channel.AbstractChannel$AnnotatedConnectException: Connection refused: /192.168.157.220:43236
	at sun.nio.ch.SocketChannelImpl.checkConnect(Native Method)
	at sun.nio.ch.SocketChannelImpl.finishConnect(SocketChannelImpl.java:717)
	at org.apache.ratis.thirdparty.io.netty.channel.socket.nio.NioSocketChannel.doFinishConnect(NioSocketChannel.java:327)
	at org.apache.ratis.thirdparty.io.netty.channel.nio.AbstractNioChannel$AbstractNioUnsafe.finishConnect(AbstractNioChannel.java:340)
	at org.apache.ratis.thirdparty.io.netty.channel.nio.NioEventLoop.processSelectedKey(NioEventLoop.java:632)
	at org.apache.ratis.thirdparty.io.netty.channel.nio.NioEventLoop.processSelectedKeysOptimized(NioEventLoop.java:579)
	at org.apache.ratis.thirdparty.io.netty.channel.nio.NioEventLoop.processSelectedKeys(NioEventLoop.java:496)
	at org.apache.ratis.thirdparty.io.netty.channel.nio.NioEventLoop.run(NioEventLoop.java:458)
	at org.apache.ratis.thirdparty.io.netty.util.concurrent.SingleThreadEventExecutor$5.run(SingleThreadEventExecutor.java:897)
	at org.apache.ratis.thirdparty.io.netty.util.concurrent.FastThreadLocalRunnable.run(FastThreadLocalRunnable.java:30)
	... 1 more
Caused by: java.net.ConnectException: Connection refused
	... 11 more
2019-10-30 11:53:06,543 [grpc-default-executor-6] INFO  impl.RaftServerImpl (RaftServerImpl.java:setRole(184)) - 9b3ef6c9-0245-4756-bf80-45d41f7a4453@group-F367C8FA5986: changes role from  FOLLOWER to FOLLOWER at term 259 for recognizeCandidate:9dbd5372-55c2-4532-b354-9494d3d545d2
2019-10-30 11:53:06,543 [grpc-default-executor-6] INFO  impl.RoleInfo (RoleInfo.java:shutdownFollowerState(121)) - 9b3ef6c9-0245-4756-bf80-45d41f7a4453: shutdown FollowerState
2019-10-30 11:53:06,543 [grpc-default-executor-6] INFO  impl.RoleInfo (RoleInfo.java:updateAndGet(143)) - 9b3ef6c9-0245-4756-bf80-45d41f7a4453: start FollowerState
2019-10-30 11:53:06,545 [Thread-3447] INFO  impl.FollowerState (FollowerState.java:run(117)) - 9b3ef6c9-0245-4756-bf80-45d41f7a4453@group-F367C8FA5986-FollowerState was interrupted: java.lang.InterruptedException: sleep interrupted
2019-10-30 11:53:06,555 [9dbd5372-55c2-4532-b354-9494d3d545d2@group-F367C8FA5986-LeaderElection472] INFO  impl.LeaderElection (LeaderElection.java:logAndReturn(56)) - 9dbd5372-55c2-4532-b354-9494d3d545d2@group-F367C8FA5986-LeaderElection472: Election REJECTED; received 1 response(s) [9dbd5372-55c2-4532-b354-9494d3d545d2<-9b3ef6c9-0245-4756-bf80-45d41f7a4453#0:FAIL-t259] and 1 exception(s); 9dbd5372-55c2-4532-b354-9494d3d545d2@group-F367C8FA5986:t259, leader=null, voted=9dbd5372-55c2-4532-b354-9494d3d545d2, raftlog=9dbd5372-55c2-4532-b354-9494d3d545d2@group-F367C8FA5986-SegmentedRaftLog:OPENED:c-1,f-1,i0, conf=-1: [9b3ef6c9-0245-4756-bf80-45d41f7a4453:192.168.157.220:37058, cd11b2f5-3187-4d03-bd60-931991550c17:192.168.157.220:43236, 9dbd5372-55c2-4532-b354-9494d3d545d2:192.168.157.220:42993], old=null
2019-10-30 11:53:06,555 [9dbd5372-55c2-4532-b354-9494d3d545d2@group-F367C8FA5986-LeaderElection472] INFO  impl.LeaderElection (LogUtils.java:infoOrTrace(149)) -   Exception 0: {}
java.util.concurrent.ExecutionException: org.apache.ratis.thirdparty.io.grpc.StatusRuntimeException: UNAVAILABLE: io exception
	at java.util.concurrent.FutureTask.report(FutureTask.java:122)
	at java.util.concurrent.FutureTask.get(FutureTask.java:192)
	at org.apache.ratis.server.impl.LeaderElection.waitForResults(LeaderElection.java:259)
	at org.apache.ratis.server.impl.LeaderElection.askForVotes(LeaderElection.java:197)
	at org.apache.ratis.server.impl.LeaderElection.run(LeaderElection.java:133)
	at java.lang.Thread.run(Thread.java:748)
Caused by: org.apache.ratis.thirdparty.io.grpc.StatusRuntimeException: UNAVAILABLE: io exception
	at org.apache.ratis.thirdparty.io.grpc.stub.ClientCalls.toStatusRuntimeException(ClientCalls.java:233)
	at org.apache.ratis.thirdparty.io.grpc.stub.ClientCalls.getUnchecked(ClientCalls.java:214)
	at org.apache.ratis.thirdparty.io.grpc.stub.ClientCalls.blockingUnaryCall(ClientCalls.java:139)
	at org.apache.ratis.proto.grpc.RaftServerProtocolServiceGrpc$RaftServerProtocolServiceBlockingStub.requestVote(RaftServerProtocolServiceGrpc.java:265)
	at org.apache.ratis.grpc.server.GrpcServerProtocolClient.requestVote(GrpcServerProtocolClient.java:99)
	at org.apache.ratis.grpc.server.GrpcService.requestVote(GrpcService.java:204)
	at org.apache.ratis.server.impl.LeaderElection.lambda$submitRequests$1(LeaderElection.java:234)
	at java.util.concurrent.FutureTask.run(FutureTask.java:266)
	at java.util.concurrent.Executors$RunnableAdapter.call(Executors.java:511)
	at java.util.concurrent.FutureTask.run(FutureTask.java:266)
	at java.util.concurrent.ThreadPoolExecutor.runWorker(ThreadPoolExecutor.java:1149)
	at java.util.concurrent.ThreadPoolExecutor$Worker.run(ThreadPoolExecutor.java:624)
	... 1 more
Caused by: org.apache.ratis.thirdparty.io.netty.channel.AbstractChannel$AnnotatedConnectException: Connection refused: /192.168.157.220:43236
	at sun.nio.ch.SocketChannelImpl.checkConnect(Native Method)
	at sun.nio.ch.SocketChannelImpl.finishConnect(SocketChannelImpl.java:717)
	at org.apache.ratis.thirdparty.io.netty.channel.socket.nio.NioSocketChannel.doFinishConnect(NioSocketChannel.java:327)
	at org.apache.ratis.thirdparty.io.netty.channel.nio.AbstractNioChannel$AbstractNioUnsafe.finishConnect(AbstractNioChannel.java:340)
	at org.apache.ratis.thirdparty.io.netty.channel.nio.NioEventLoop.processSelectedKey(NioEventLoop.java:632)
	at org.apache.ratis.thirdparty.io.netty.channel.nio.NioEventLoop.processSelectedKeysOptimized(NioEventLoop.java:579)
	at org.apache.ratis.thirdparty.io.netty.channel.nio.NioEventLoop.processSelectedKeys(NioEventLoop.java:496)
	at org.apache.ratis.thirdparty.io.netty.channel.nio.NioEventLoop.run(NioEventLoop.java:458)
	at org.apache.ratis.thirdparty.io.netty.util.concurrent.SingleThreadEventExecutor$5.run(SingleThreadEventExecutor.java:897)
	at org.apache.ratis.thirdparty.io.netty.util.concurrent.FastThreadLocalRunnable.run(FastThreadLocalRunnable.java:30)
	... 1 more
Caused by: java.net.ConnectException: Connection refused
	... 11 more
2019-10-30 11:53:06,556 [9dbd5372-55c2-4532-b354-9494d3d545d2@group-F367C8FA5986-LeaderElection472] INFO  impl.RaftServerImpl (RaftServerImpl.java:setRole(184)) - 9dbd5372-55c2-4532-b354-9494d3d545d2@group-F367C8FA5986: changes role from CANDIDATE to FOLLOWER at term 259 for DISCOVERED_A_NEW_TERM
2019-10-30 11:53:06,556 [9dbd5372-55c2-4532-b354-9494d3d545d2@group-F367C8FA5986-LeaderElection472] INFO  impl.RoleInfo (RoleInfo.java:shutdownLeaderElection(134)) - 9dbd5372-55c2-4532-b354-9494d3d545d2: shutdown LeaderElection
2019-10-30 11:53:06,556 [9dbd5372-55c2-4532-b354-9494d3d545d2@group-F367C8FA5986-LeaderElection472] INFO  impl.RoleInfo (RoleInfo.java:updateAndGet(143)) - 9dbd5372-55c2-4532-b354-9494d3d545d2: start FollowerState
2019-10-30 11:53:06,714 [Thread-3458] INFO  impl.FollowerState (FollowerState.java:run(108)) - 9dbd5372-55c2-4532-b354-9494d3d545d2@group-F367C8FA5986-FollowerState: change to CANDIDATE, lastRpcTime:158ms, electionTimeout:158ms
2019-10-30 11:53:06,715 [Thread-3458] INFO  impl.RoleInfo (RoleInfo.java:shutdownFollowerState(121)) - 9dbd5372-55c2-4532-b354-9494d3d545d2: shutdown FollowerState
2019-10-30 11:53:06,715 [Thread-3458] INFO  impl.RaftServerImpl (RaftServerImpl.java:setRole(184)) - 9dbd5372-55c2-4532-b354-9494d3d545d2@group-F367C8FA5986: changes role from  FOLLOWER to CANDIDATE at term 259 for changeToCandidate
2019-10-30 11:53:06,715 [Thread-3458] INFO  impl.RoleInfo (RoleInfo.java:updateAndGet(143)) - 9dbd5372-55c2-4532-b354-9494d3d545d2: start LeaderElection
2019-10-30 11:53:06,728 [9dbd5372-55c2-4532-b354-9494d3d545d2@group-F367C8FA5986-LeaderElection473] INFO  impl.LeaderElection (LeaderElection.java:askForVotes(178)) - 9dbd5372-55c2-4532-b354-9494d3d545d2@group-F367C8FA5986-LeaderElection473: begin an election at term 260 for -1: [9b3ef6c9-0245-4756-bf80-45d41f7a4453:192.168.157.220:37058, cd11b2f5-3187-4d03-bd60-931991550c17:192.168.157.220:43236, 9dbd5372-55c2-4532-b354-9494d3d545d2:192.168.157.220:42993], old=null
2019-10-30 11:53:06,732 [9dbd5372-55c2-4532-b354-9494d3d545d2@group-F367C8FA5986-LeaderElection473] INFO  impl.LeaderElection (LogUtils.java:infoOrTrace(149)) - 9dbd5372-55c2-4532-b354-9494d3d545d2@group-F367C8FA5986-LeaderElection473 got exception when requesting votes: {}
java.util.concurrent.ExecutionException: org.apache.ratis.thirdparty.io.grpc.StatusRuntimeException: UNAVAILABLE: io exception
	at java.util.concurrent.FutureTask.report(FutureTask.java:122)
	at java.util.concurrent.FutureTask.get(FutureTask.java:192)
	at org.apache.ratis.server.impl.LeaderElection.waitForResults(LeaderElection.java:259)
	at org.apache.ratis.server.impl.LeaderElection.askForVotes(LeaderElection.java:197)
	at org.apache.ratis.server.impl.LeaderElection.run(LeaderElection.java:133)
	at java.lang.Thread.run(Thread.java:748)
Caused by: org.apache.ratis.thirdparty.io.grpc.StatusRuntimeException: UNAVAILABLE: io exception
	at org.apache.ratis.thirdparty.io.grpc.stub.ClientCalls.toStatusRuntimeException(ClientCalls.java:233)
	at org.apache.ratis.thirdparty.io.grpc.stub.ClientCalls.getUnchecked(ClientCalls.java:214)
	at org.apache.ratis.thirdparty.io.grpc.stub.ClientCalls.blockingUnaryCall(ClientCalls.java:139)
	at org.apache.ratis.proto.grpc.RaftServerProtocolServiceGrpc$RaftServerProtocolServiceBlockingStub.requestVote(RaftServerProtocolServiceGrpc.java:265)
	at org.apache.ratis.grpc.server.GrpcServerProtocolClient.requestVote(GrpcServerProtocolClient.java:99)
	at org.apache.ratis.grpc.server.GrpcService.requestVote(GrpcService.java:204)
	at org.apache.ratis.server.impl.LeaderElection.lambda$submitRequests$1(LeaderElection.java:234)
	at java.util.concurrent.FutureTask.run(FutureTask.java:266)
	at java.util.concurrent.Executors$RunnableAdapter.call(Executors.java:511)
	at java.util.concurrent.FutureTask.run(FutureTask.java:266)
	at java.util.concurrent.ThreadPoolExecutor.runWorker(ThreadPoolExecutor.java:1149)
	at java.util.concurrent.ThreadPoolExecutor$Worker.run(ThreadPoolExecutor.java:624)
	... 1 more
Caused by: org.apache.ratis.thirdparty.io.netty.channel.AbstractChannel$AnnotatedConnectException: Connection refused: /192.168.157.220:43236
	at sun.nio.ch.SocketChannelImpl.checkConnect(Native Method)
	at sun.nio.ch.SocketChannelImpl.finishConnect(SocketChannelImpl.java:717)
	at org.apache.ratis.thirdparty.io.netty.channel.socket.nio.NioSocketChannel.doFinishConnect(NioSocketChannel.java:327)
	at org.apache.ratis.thirdparty.io.netty.channel.nio.AbstractNioChannel$AbstractNioUnsafe.finishConnect(AbstractNioChannel.java:340)
	at org.apache.ratis.thirdparty.io.netty.channel.nio.NioEventLoop.processSelectedKey(NioEventLoop.java:632)
	at org.apache.ratis.thirdparty.io.netty.channel.nio.NioEventLoop.processSelectedKeysOptimized(NioEventLoop.java:579)
	at org.apache.ratis.thirdparty.io.netty.channel.nio.NioEventLoop.processSelectedKeys(NioEventLoop.java:496)
	at org.apache.ratis.thirdparty.io.netty.channel.nio.NioEventLoop.run(NioEventLoop.java:458)
	at org.apache.ratis.thirdparty.io.netty.util.concurrent.SingleThreadEventExecutor$5.run(SingleThreadEventExecutor.java:897)
	at org.apache.ratis.thirdparty.io.netty.util.concurrent.FastThreadLocalRunnable.run(FastThreadLocalRunnable.java:30)
	... 1 more
Caused by: java.net.ConnectException: Connection refused
	... 11 more
2019-10-30 11:53:06,733 [grpc-default-executor-6] INFO  impl.RaftServerImpl (RaftServerImpl.java:setRole(184)) - 9b3ef6c9-0245-4756-bf80-45d41f7a4453@group-F367C8FA5986: changes role from  FOLLOWER to FOLLOWER at term 260 for recognizeCandidate:9dbd5372-55c2-4532-b354-9494d3d545d2
2019-10-30 11:53:06,733 [grpc-default-executor-6] INFO  impl.RoleInfo (RoleInfo.java:shutdownFollowerState(121)) - 9b3ef6c9-0245-4756-bf80-45d41f7a4453: shutdown FollowerState
2019-10-30 11:53:06,734 [grpc-default-executor-6] INFO  impl.RoleInfo (RoleInfo.java:updateAndGet(143)) - 9b3ef6c9-0245-4756-bf80-45d41f7a4453: start FollowerState
2019-10-30 11:53:06,734 [Thread-3457] INFO  impl.FollowerState (FollowerState.java:run(117)) - 9b3ef6c9-0245-4756-bf80-45d41f7a4453@group-F367C8FA5986-FollowerState was interrupted: java.lang.InterruptedException: sleep interrupted
2019-10-30 11:53:06,743 [9dbd5372-55c2-4532-b354-9494d3d545d2@group-F367C8FA5986-LeaderElection473] INFO  impl.LeaderElection (LeaderElection.java:logAndReturn(56)) - 9dbd5372-55c2-4532-b354-9494d3d545d2@group-F367C8FA5986-LeaderElection473: Election TIMEOUT; received 0 response(s) [] and 1 exception(s); 9dbd5372-55c2-4532-b354-9494d3d545d2@group-F367C8FA5986:t260, leader=null, voted=9dbd5372-55c2-4532-b354-9494d3d545d2, raftlog=9dbd5372-55c2-4532-b354-9494d3d545d2@group-F367C8FA5986-SegmentedRaftLog:OPENED:c-1,f-1,i0, conf=-1: [9b3ef6c9-0245-4756-bf80-45d41f7a4453:192.168.157.220:37058, cd11b2f5-3187-4d03-bd60-931991550c17:192.168.157.220:43236, 9dbd5372-55c2-4532-b354-9494d3d545d2:192.168.157.220:42993], old=null
2019-10-30 11:53:06,881 [9dbd5372-55c2-4532-b354-9494d3d545d2@group-F367C8FA5986-LeaderElection473] INFO  impl.LeaderElection (LogUtils.java:infoOrTrace(149)) -   Exception 0: {}
java.util.concurrent.ExecutionException: org.apache.ratis.thirdparty.io.grpc.StatusRuntimeException: UNAVAILABLE: io exception
	at java.util.concurrent.FutureTask.report(FutureTask.java:122)
	at java.util.concurrent.FutureTask.get(FutureTask.java:192)
	at org.apache.ratis.server.impl.LeaderElection.waitForResults(LeaderElection.java:259)
	at org.apache.ratis.server.impl.LeaderElection.askForVotes(LeaderElection.java:197)
	at org.apache.ratis.server.impl.LeaderElection.run(LeaderElection.java:133)
	at java.lang.Thread.run(Thread.java:748)
Caused by: org.apache.ratis.thirdparty.io.grpc.StatusRuntimeException: UNAVAILABLE: io exception
	at org.apache.ratis.thirdparty.io.grpc.stub.ClientCalls.toStatusRuntimeException(ClientCalls.java:233)
	at org.apache.ratis.thirdparty.io.grpc.stub.ClientCalls.getUnchecked(ClientCalls.java:214)
	at org.apache.ratis.thirdparty.io.grpc.stub.ClientCalls.blockingUnaryCall(ClientCalls.java:139)
	at org.apache.ratis.proto.grpc.RaftServerProtocolServiceGrpc$RaftServerProtocolServiceBlockingStub.requestVote(RaftServerProtocolServiceGrpc.java:265)
	at org.apache.ratis.grpc.server.GrpcServerProtocolClient.requestVote(GrpcServerProtocolClient.java:99)
	at org.apache.ratis.grpc.server.GrpcService.requestVote(GrpcService.java:204)
	at org.apache.ratis.server.impl.LeaderElection.lambda$submitRequests$1(LeaderElection.java:234)
	at java.util.concurrent.FutureTask.run(FutureTask.java:266)
	at java.util.concurrent.Executors$RunnableAdapter.call(Executors.java:511)
	at java.util.concurrent.FutureTask.run(FutureTask.java:266)
	at java.util.concurrent.ThreadPoolExecutor.runWorker(ThreadPoolExecutor.java:1149)
	at java.util.concurrent.ThreadPoolExecutor$Worker.run(ThreadPoolExecutor.java:624)
	... 1 more
Caused by: org.apache.ratis.thirdparty.io.netty.channel.AbstractChannel$AnnotatedConnectException: Connection refused: /192.168.157.220:43236
	at sun.nio.ch.SocketChannelImpl.checkConnect(Native Method)
	at sun.nio.ch.SocketChannelImpl.finishConnect(SocketChannelImpl.java:717)
	at org.apache.ratis.thirdparty.io.netty.channel.socket.nio.NioSocketChannel.doFinishConnect(NioSocketChannel.java:327)
	at org.apache.ratis.thirdparty.io.netty.channel.nio.AbstractNioChannel$AbstractNioUnsafe.finishConnect(AbstractNioChannel.java:340)
	at org.apache.ratis.thirdparty.io.netty.channel.nio.NioEventLoop.processSelectedKey(NioEventLoop.java:632)
	at org.apache.ratis.thirdparty.io.netty.channel.nio.NioEventLoop.processSelectedKeysOptimized(NioEventLoop.java:579)
	at org.apache.ratis.thirdparty.io.netty.channel.nio.NioEventLoop.processSelectedKeys(NioEventLoop.java:496)
	at org.apache.ratis.thirdparty.io.netty.channel.nio.NioEventLoop.run(NioEventLoop.java:458)
	at org.apache.ratis.thirdparty.io.netty.util.concurrent.SingleThreadEventExecutor$5.run(SingleThreadEventExecutor.java:897)
	at org.apache.ratis.thirdparty.io.netty.util.concurrent.FastThreadLocalRunnable.run(FastThreadLocalRunnable.java:30)
	... 1 more
Caused by: java.net.ConnectException: Connection refused
	... 11 more
2019-10-30 11:53:06,913 [9dbd5372-55c2-4532-b354-9494d3d545d2@group-F367C8FA5986-LeaderElection473] INFO  impl.LeaderElection (LeaderElection.java:askForVotes(178)) - 9dbd5372-55c2-4532-b354-9494d3d545d2@group-F367C8FA5986-LeaderElection473: begin an election at term 261 for -1: [9b3ef6c9-0245-4756-bf80-45d41f7a4453:192.168.157.220:37058, cd11b2f5-3187-4d03-bd60-931991550c17:192.168.157.220:43236, 9dbd5372-55c2-4532-b354-9494d3d545d2:192.168.157.220:42993], old=null
2019-10-30 11:53:06,914 [9dbd5372-55c2-4532-b354-9494d3d545d2@group-F367C8FA5986-LeaderElection473] INFO  impl.LeaderElection (LogUtils.java:infoOrTrace(149)) - 9dbd5372-55c2-4532-b354-9494d3d545d2@group-F367C8FA5986-LeaderElection473 got exception when requesting votes: {}
java.util.concurrent.ExecutionException: org.apache.ratis.thirdparty.io.grpc.StatusRuntimeException: UNAVAILABLE: io exception
	at java.util.concurrent.FutureTask.report(FutureTask.java:122)
	at java.util.concurrent.FutureTask.get(FutureTask.java:192)
	at org.apache.ratis.server.impl.LeaderElection.waitForResults(LeaderElection.java:259)
	at org.apache.ratis.server.impl.LeaderElection.askForVotes(LeaderElection.java:197)
	at org.apache.ratis.server.impl.LeaderElection.run(LeaderElection.java:133)
	at java.lang.Thread.run(Thread.java:748)
Caused by: org.apache.ratis.thirdparty.io.grpc.StatusRuntimeException: UNAVAILABLE: io exception
	at org.apache.ratis.thirdparty.io.grpc.stub.ClientCalls.toStatusRuntimeException(ClientCalls.java:233)
	at org.apache.ratis.thirdparty.io.grpc.stub.ClientCalls.getUnchecked(ClientCalls.java:214)
	at org.apache.ratis.thirdparty.io.grpc.stub.ClientCalls.blockingUnaryCall(ClientCalls.java:139)
	at org.apache.ratis.proto.grpc.RaftServerProtocolServiceGrpc$RaftServerProtocolServiceBlockingStub.requestVote(RaftServerProtocolServiceGrpc.java:265)
	at org.apache.ratis.grpc.server.GrpcServerProtocolClient.requestVote(GrpcServerProtocolClient.java:99)
	at org.apache.ratis.grpc.server.GrpcService.requestVote(GrpcService.java:204)
	at org.apache.ratis.server.impl.LeaderElection.lambda$submitRequests$1(LeaderElection.java:234)
	at java.util.concurrent.FutureTask.run(FutureTask.java:266)
	at java.util.concurrent.Executors$RunnableAdapter.call(Executors.java:511)
	at java.util.concurrent.FutureTask.run(FutureTask.java:266)
	at java.util.concurrent.ThreadPoolExecutor.runWorker(ThreadPoolExecutor.java:1149)
	at java.util.concurrent.ThreadPoolExecutor$Worker.run(ThreadPoolExecutor.java:624)
	... 1 more
Caused by: org.apache.ratis.thirdparty.io.netty.channel.AbstractChannel$AnnotatedConnectException: Connection refused: /192.168.157.220:43236
	at sun.nio.ch.SocketChannelImpl.checkConnect(Native Method)
	at sun.nio.ch.SocketChannelImpl.finishConnect(SocketChannelImpl.java:717)
	at org.apache.ratis.thirdparty.io.netty.channel.socket.nio.NioSocketChannel.doFinishConnect(NioSocketChannel.java:327)
	at org.apache.ratis.thirdparty.io.netty.channel.nio.AbstractNioChannel$AbstractNioUnsafe.finishConnect(AbstractNioChannel.java:340)
	at org.apache.ratis.thirdparty.io.netty.channel.nio.NioEventLoop.processSelectedKey(NioEventLoop.java:632)
	at org.apache.ratis.thirdparty.io.netty.channel.nio.NioEventLoop.processSelectedKeysOptimized(NioEventLoop.java:579)
	at org.apache.ratis.thirdparty.io.netty.channel.nio.NioEventLoop.processSelectedKeys(NioEventLoop.java:496)
	at org.apache.ratis.thirdparty.io.netty.channel.nio.NioEventLoop.run(NioEventLoop.java:458)
	at org.apache.ratis.thirdparty.io.netty.util.concurrent.SingleThreadEventExecutor$5.run(SingleThreadEventExecutor.java:897)
	at org.apache.ratis.thirdparty.io.netty.util.concurrent.FastThreadLocalRunnable.run(FastThreadLocalRunnable.java:30)
	... 1 more
Caused by: java.net.ConnectException: Connection refused
	... 11 more
2019-10-30 11:53:06,915 [grpc-default-executor-6] INFO  impl.RaftServerImpl (RaftServerImpl.java:setRole(184)) - 9b3ef6c9-0245-4756-bf80-45d41f7a4453@group-F367C8FA5986: changes role from  FOLLOWER to FOLLOWER at term 261 for recognizeCandidate:9dbd5372-55c2-4532-b354-9494d3d545d2
2019-10-30 11:53:06,915 [grpc-default-executor-6] INFO  impl.RoleInfo (RoleInfo.java:shutdownFollowerState(121)) - 9b3ef6c9-0245-4756-bf80-45d41f7a4453: shutdown FollowerState
2019-10-30 11:53:06,915 [grpc-default-executor-6] INFO  impl.RoleInfo (RoleInfo.java:updateAndGet(143)) - 9b3ef6c9-0245-4756-bf80-45d41f7a4453: start FollowerState
2019-10-30 11:53:06,916 [Thread-3462] INFO  impl.FollowerState (FollowerState.java:run(117)) - 9b3ef6c9-0245-4756-bf80-45d41f7a4453@group-F367C8FA5986-FollowerState was interrupted: java.lang.InterruptedException: sleep interrupted
2019-10-30 11:53:06,929 [9dbd5372-55c2-4532-b354-9494d3d545d2@group-F367C8FA5986-LeaderElection473] INFO  impl.LeaderElection (LeaderElection.java:logAndReturn(56)) - 9dbd5372-55c2-4532-b354-9494d3d545d2@group-F367C8FA5986-LeaderElection473: Election REJECTED; received 1 response(s) [9dbd5372-55c2-4532-b354-9494d3d545d2<-9b3ef6c9-0245-4756-bf80-45d41f7a4453#0:FAIL-t261] and 1 exception(s); 9dbd5372-55c2-4532-b354-9494d3d545d2@group-F367C8FA5986:t261, leader=null, voted=9dbd5372-55c2-4532-b354-9494d3d545d2, raftlog=9dbd5372-55c2-4532-b354-9494d3d545d2@group-F367C8FA5986-SegmentedRaftLog:OPENED:c-1,f-1,i0, conf=-1: [9b3ef6c9-0245-4756-bf80-45d41f7a4453:192.168.157.220:37058, cd11b2f5-3187-4d03-bd60-931991550c17:192.168.157.220:43236, 9dbd5372-55c2-4532-b354-9494d3d545d2:192.168.157.220:42993], old=null
2019-10-30 11:53:06,929 [9dbd5372-55c2-4532-b354-9494d3d545d2@group-F367C8FA5986-LeaderElection473] INFO  impl.LeaderElection (LogUtils.java:infoOrTrace(149)) -   Exception 0: {}
java.util.concurrent.ExecutionException: org.apache.ratis.thirdparty.io.grpc.StatusRuntimeException: UNAVAILABLE: io exception
	at java.util.concurrent.FutureTask.report(FutureTask.java:122)
	at java.util.concurrent.FutureTask.get(FutureTask.java:192)
	at org.apache.ratis.server.impl.LeaderElection.waitForResults(LeaderElection.java:259)
	at org.apache.ratis.server.impl.LeaderElection.askForVotes(LeaderElection.java:197)
	at org.apache.ratis.server.impl.LeaderElection.run(LeaderElection.java:133)
	at java.lang.Thread.run(Thread.java:748)
Caused by: org.apache.ratis.thirdparty.io.grpc.StatusRuntimeException: UNAVAILABLE: io exception
	at org.apache.ratis.thirdparty.io.grpc.stub.ClientCalls.toStatusRuntimeException(ClientCalls.java:233)
	at org.apache.ratis.thirdparty.io.grpc.stub.ClientCalls.getUnchecked(ClientCalls.java:214)
	at org.apache.ratis.thirdparty.io.grpc.stub.ClientCalls.blockingUnaryCall(ClientCalls.java:139)
	at org.apache.ratis.proto.grpc.RaftServerProtocolServiceGrpc$RaftServerProtocolServiceBlockingStub.requestVote(RaftServerProtocolServiceGrpc.java:265)
	at org.apache.ratis.grpc.server.GrpcServerProtocolClient.requestVote(GrpcServerProtocolClient.java:99)
	at org.apache.ratis.grpc.server.GrpcService.requestVote(GrpcService.java:204)
	at org.apache.ratis.server.impl.LeaderElection.lambda$submitRequests$1(LeaderElection.java:234)
	at java.util.concurrent.FutureTask.run(FutureTask.java:266)
	at java.util.concurrent.Executors$RunnableAdapter.call(Executors.java:511)
	at java.util.concurrent.FutureTask.run(FutureTask.java:266)
	at java.util.concurrent.ThreadPoolExecutor.runWorker(ThreadPoolExecutor.java:1149)
	at java.util.concurrent.ThreadPoolExecutor$Worker.run(ThreadPoolExecutor.java:624)
	... 1 more
Caused by: org.apache.ratis.thirdparty.io.netty.channel.AbstractChannel$AnnotatedConnectException: Connection refused: /192.168.157.220:43236
	at sun.nio.ch.SocketChannelImpl.checkConnect(Native Method)
	at sun.nio.ch.SocketChannelImpl.finishConnect(SocketChannelImpl.java:717)
	at org.apache.ratis.thirdparty.io.netty.channel.socket.nio.NioSocketChannel.doFinishConnect(NioSocketChannel.java:327)
	at org.apache.ratis.thirdparty.io.netty.channel.nio.AbstractNioChannel$AbstractNioUnsafe.finishConnect(AbstractNioChannel.java:340)
	at org.apache.ratis.thirdparty.io.netty.channel.nio.NioEventLoop.processSelectedKey(NioEventLoop.java:632)
	at org.apache.ratis.thirdparty.io.netty.channel.nio.NioEventLoop.processSelectedKeysOptimized(NioEventLoop.java:579)
	at org.apache.ratis.thirdparty.io.netty.channel.nio.NioEventLoop.processSelectedKeys(NioEventLoop.java:496)
	at org.apache.ratis.thirdparty.io.netty.channel.nio.NioEventLoop.run(NioEventLoop.java:458)
	at org.apache.ratis.thirdparty.io.netty.util.concurrent.SingleThreadEventExecutor$5.run(SingleThreadEventExecutor.java:897)
	at org.apache.ratis.thirdparty.io.netty.util.concurrent.FastThreadLocalRunnable.run(FastThreadLocalRunnable.java:30)
	... 1 more
Caused by: java.net.ConnectException: Connection refused
	... 11 more
2019-10-30 11:53:06,929 [9dbd5372-55c2-4532-b354-9494d3d545d2@group-F367C8FA5986-LeaderElection473] INFO  impl.RaftServerImpl (RaftServerImpl.java:setRole(184)) - 9dbd5372-55c2-4532-b354-9494d3d545d2@group-F367C8FA5986: changes role from CANDIDATE to FOLLOWER at term 261 for DISCOVERED_A_NEW_TERM
2019-10-30 11:53:06,929 [9dbd5372-55c2-4532-b354-9494d3d545d2@group-F367C8FA5986-LeaderElection473] INFO  impl.RoleInfo (RoleInfo.java:shutdownLeaderElection(134)) - 9dbd5372-55c2-4532-b354-9494d3d545d2: shutdown LeaderElection
2019-10-30 11:53:06,929 [9dbd5372-55c2-4532-b354-9494d3d545d2@group-F367C8FA5986-LeaderElection473] INFO  impl.RoleInfo (RoleInfo.java:updateAndGet(143)) - 9dbd5372-55c2-4532-b354-9494d3d545d2: start FollowerState
2019-10-30 11:53:07,009 [Thread-3467] INFO  impl.FollowerState (FollowerState.java:run(108)) - 9dbd5372-55c2-4532-b354-9494d3d545d2@group-F367C8FA5986-FollowerState: change to CANDIDATE, lastRpcTime:79ms, electionTimeout:79ms
2019-10-30 11:53:07,009 [Thread-3467] INFO  impl.RoleInfo (RoleInfo.java:shutdownFollowerState(121)) - 9dbd5372-55c2-4532-b354-9494d3d545d2: shutdown FollowerState
2019-10-30 11:53:07,009 [Thread-3467] INFO  impl.RaftServerImpl (RaftServerImpl.java:setRole(184)) - 9dbd5372-55c2-4532-b354-9494d3d545d2@group-F367C8FA5986: changes role from  FOLLOWER to CANDIDATE at term 261 for changeToCandidate
2019-10-30 11:53:07,009 [Thread-3467] INFO  impl.RoleInfo (RoleInfo.java:updateAndGet(143)) - 9dbd5372-55c2-4532-b354-9494d3d545d2: start LeaderElection
2019-10-30 11:53:07,023 [9dbd5372-55c2-4532-b354-9494d3d545d2@group-F367C8FA5986-LeaderElection474] INFO  impl.LeaderElection (LeaderElection.java:askForVotes(178)) - 9dbd5372-55c2-4532-b354-9494d3d545d2@group-F367C8FA5986-LeaderElection474: begin an election at term 262 for -1: [9b3ef6c9-0245-4756-bf80-45d41f7a4453:192.168.157.220:37058, cd11b2f5-3187-4d03-bd60-931991550c17:192.168.157.220:43236, 9dbd5372-55c2-4532-b354-9494d3d545d2:192.168.157.220:42993], old=null
2019-10-30 11:53:07,024 [9dbd5372-55c2-4532-b354-9494d3d545d2@group-F367C8FA5986-LeaderElection474] INFO  impl.LeaderElection (LogUtils.java:infoOrTrace(149)) - 9dbd5372-55c2-4532-b354-9494d3d545d2@group-F367C8FA5986-LeaderElection474 got exception when requesting votes: {}
java.util.concurrent.ExecutionException: org.apache.ratis.thirdparty.io.grpc.StatusRuntimeException: UNAVAILABLE: io exception
	at java.util.concurrent.FutureTask.report(FutureTask.java:122)
	at java.util.concurrent.FutureTask.get(FutureTask.java:192)
	at org.apache.ratis.server.impl.LeaderElection.waitForResults(LeaderElection.java:259)
	at org.apache.ratis.server.impl.LeaderElection.askForVotes(LeaderElection.java:197)
	at org.apache.ratis.server.impl.LeaderElection.run(LeaderElection.java:133)
	at java.lang.Thread.run(Thread.java:748)
Caused by: org.apache.ratis.thirdparty.io.grpc.StatusRuntimeException: UNAVAILABLE: io exception
	at org.apache.ratis.thirdparty.io.grpc.stub.ClientCalls.toStatusRuntimeException(ClientCalls.java:233)
	at org.apache.ratis.thirdparty.io.grpc.stub.ClientCalls.getUnchecked(ClientCalls.java:214)
	at org.apache.ratis.thirdparty.io.grpc.stub.ClientCalls.blockingUnaryCall(ClientCalls.java:139)
	at org.apache.ratis.proto.grpc.RaftServerProtocolServiceGrpc$RaftServerProtocolServiceBlockingStub.requestVote(RaftServerProtocolServiceGrpc.java:265)
	at org.apache.ratis.grpc.server.GrpcServerProtocolClient.requestVote(GrpcServerProtocolClient.java:99)
	at org.apache.ratis.grpc.server.GrpcService.requestVote(GrpcService.java:204)
	at org.apache.ratis.server.impl.LeaderElection.lambda$submitRequests$1(LeaderElection.java:234)
	at java.util.concurrent.FutureTask.run(FutureTask.java:266)
	at java.util.concurrent.Executors$RunnableAdapter.call(Executors.java:511)
	at java.util.concurrent.FutureTask.run(FutureTask.java:266)
	at java.util.concurrent.ThreadPoolExecutor.runWorker(ThreadPoolExecutor.java:1149)
	at java.util.concurrent.ThreadPoolExecutor$Worker.run(ThreadPoolExecutor.java:624)
	... 1 more
Caused by: org.apache.ratis.thirdparty.io.netty.channel.AbstractChannel$AnnotatedConnectException: Connection refused: /192.168.157.220:43236
	at sun.nio.ch.SocketChannelImpl.checkConnect(Native Method)
	at sun.nio.ch.SocketChannelImpl.finishConnect(SocketChannelImpl.java:717)
	at org.apache.ratis.thirdparty.io.netty.channel.socket.nio.NioSocketChannel.doFinishConnect(NioSocketChannel.java:327)
	at org.apache.ratis.thirdparty.io.netty.channel.nio.AbstractNioChannel$AbstractNioUnsafe.finishConnect(AbstractNioChannel.java:340)
	at org.apache.ratis.thirdparty.io.netty.channel.nio.NioEventLoop.processSelectedKey(NioEventLoop.java:632)
	at org.apache.ratis.thirdparty.io.netty.channel.nio.NioEventLoop.processSelectedKeysOptimized(NioEventLoop.java:579)
	at org.apache.ratis.thirdparty.io.netty.channel.nio.NioEventLoop.processSelectedKeys(NioEventLoop.java:496)
	at org.apache.ratis.thirdparty.io.netty.channel.nio.NioEventLoop.run(NioEventLoop.java:458)
	at org.apache.ratis.thirdparty.io.netty.util.concurrent.SingleThreadEventExecutor$5.run(SingleThreadEventExecutor.java:897)
	at org.apache.ratis.thirdparty.io.netty.util.concurrent.FastThreadLocalRunnable.run(FastThreadLocalRunnable.java:30)
	... 1 more
Caused by: java.net.ConnectException: Connection refused
	... 11 more
2019-10-30 11:53:07,028 [grpc-default-executor-6] INFO  impl.RaftServerImpl (RaftServerImpl.java:setRole(184)) - 9b3ef6c9-0245-4756-bf80-45d41f7a4453@group-F367C8FA5986: changes role from  FOLLOWER to FOLLOWER at term 262 for recognizeCandidate:9dbd5372-55c2-4532-b354-9494d3d545d2
2019-10-30 11:53:07,028 [grpc-default-executor-6] INFO  impl.RoleInfo (RoleInfo.java:shutdownFollowerState(121)) - 9b3ef6c9-0245-4756-bf80-45d41f7a4453: shutdown FollowerState
2019-10-30 11:53:07,029 [grpc-default-executor-6] INFO  impl.RoleInfo (RoleInfo.java:updateAndGet(143)) - 9b3ef6c9-0245-4756-bf80-45d41f7a4453: start FollowerState
2019-10-30 11:53:07,029 [Thread-3466] INFO  impl.FollowerState (FollowerState.java:run(117)) - 9b3ef6c9-0245-4756-bf80-45d41f7a4453@group-F367C8FA5986-FollowerState was interrupted: java.lang.InterruptedException: sleep interrupted
2019-10-30 11:53:07,043 [9dbd5372-55c2-4532-b354-9494d3d545d2@group-F367C8FA5986-LeaderElection474] INFO  impl.LeaderElection (LeaderElection.java:logAndReturn(56)) - 9dbd5372-55c2-4532-b354-9494d3d545d2@group-F367C8FA5986-LeaderElection474: Election REJECTED; received 1 response(s) [9dbd5372-55c2-4532-b354-9494d3d545d2<-9b3ef6c9-0245-4756-bf80-45d41f7a4453#0:FAIL-t262] and 1 exception(s); 9dbd5372-55c2-4532-b354-9494d3d545d2@group-F367C8FA5986:t262, leader=null, voted=9dbd5372-55c2-4532-b354-9494d3d545d2, raftlog=9dbd5372-55c2-4532-b354-9494d3d545d2@group-F367C8FA5986-SegmentedRaftLog:OPENED:c-1,f-1,i0, conf=-1: [9b3ef6c9-0245-4756-bf80-45d41f7a4453:192.168.157.220:37058, cd11b2f5-3187-4d03-bd60-931991550c17:192.168.157.220:43236, 9dbd5372-55c2-4532-b354-9494d3d545d2:192.168.157.220:42993], old=null
2019-10-30 11:53:07,043 [9dbd5372-55c2-4532-b354-9494d3d545d2@group-F367C8FA5986-LeaderElection474] INFO  impl.LeaderElection (LogUtils.java:infoOrTrace(149)) -   Exception 0: {}
java.util.concurrent.ExecutionException: org.apache.ratis.thirdparty.io.grpc.StatusRuntimeException: UNAVAILABLE: io exception
	at java.util.concurrent.FutureTask.report(FutureTask.java:122)
	at java.util.concurrent.FutureTask.get(FutureTask.java:192)
	at org.apache.ratis.server.impl.LeaderElection.waitForResults(LeaderElection.java:259)
	at org.apache.ratis.server.impl.LeaderElection.askForVotes(LeaderElection.java:197)
	at org.apache.ratis.server.impl.LeaderElection.run(LeaderElection.java:133)
	at java.lang.Thread.run(Thread.java:748)
Caused by: org.apache.ratis.thirdparty.io.grpc.StatusRuntimeException: UNAVAILABLE: io exception
	at org.apache.ratis.thirdparty.io.grpc.stub.ClientCalls.toStatusRuntimeException(ClientCalls.java:233)
	at org.apache.ratis.thirdparty.io.grpc.stub.ClientCalls.getUnchecked(ClientCalls.java:214)
	at org.apache.ratis.thirdparty.io.grpc.stub.ClientCalls.blockingUnaryCall(ClientCalls.java:139)
	at org.apache.ratis.proto.grpc.RaftServerProtocolServiceGrpc$RaftServerProtocolServiceBlockingStub.requestVote(RaftServerProtocolServiceGrpc.java:265)
	at org.apache.ratis.grpc.server.GrpcServerProtocolClient.requestVote(GrpcServerProtocolClient.java:99)
	at org.apache.ratis.grpc.server.GrpcService.requestVote(GrpcService.java:204)
	at org.apache.ratis.server.impl.LeaderElection.lambda$submitRequests$1(LeaderElection.java:234)
	at java.util.concurrent.FutureTask.run(FutureTask.java:266)
	at java.util.concurrent.Executors$RunnableAdapter.call(Executors.java:511)
	at java.util.concurrent.FutureTask.run(FutureTask.java:266)
	at java.util.concurrent.ThreadPoolExecutor.runWorker(ThreadPoolExecutor.java:1149)
	at java.util.concurrent.ThreadPoolExecutor$Worker.run(ThreadPoolExecutor.java:624)
	... 1 more
Caused by: org.apache.ratis.thirdparty.io.netty.channel.AbstractChannel$AnnotatedConnectException: Connection refused: /192.168.157.220:43236
	at sun.nio.ch.SocketChannelImpl.checkConnect(Native Method)
	at sun.nio.ch.SocketChannelImpl.finishConnect(SocketChannelImpl.java:717)
	at org.apache.ratis.thirdparty.io.netty.channel.socket.nio.NioSocketChannel.doFinishConnect(NioSocketChannel.java:327)
	at org.apache.ratis.thirdparty.io.netty.channel.nio.AbstractNioChannel$AbstractNioUnsafe.finishConnect(AbstractNioChannel.java:340)
	at org.apache.ratis.thirdparty.io.netty.channel.nio.NioEventLoop.processSelectedKey(NioEventLoop.java:632)
	at org.apache.ratis.thirdparty.io.netty.channel.nio.NioEventLoop.processSelectedKeysOptimized(NioEventLoop.java:579)
	at org.apache.ratis.thirdparty.io.netty.channel.nio.NioEventLoop.processSelectedKeys(NioEventLoop.java:496)
	at org.apache.ratis.thirdparty.io.netty.channel.nio.NioEventLoop.run(NioEventLoop.java:458)
	at org.apache.ratis.thirdparty.io.netty.util.concurrent.SingleThreadEventExecutor$5.run(SingleThreadEventExecutor.java:897)
	at org.apache.ratis.thirdparty.io.netty.util.concurrent.FastThreadLocalRunnable.run(FastThreadLocalRunnable.java:30)
	... 1 more
Caused by: java.net.ConnectException: Connection refused
	... 11 more
2019-10-30 11:53:07,043 [9dbd5372-55c2-4532-b354-9494d3d545d2@group-F367C8FA5986-LeaderElection474] INFO  impl.RaftServerImpl (RaftServerImpl.java:setRole(184)) - 9dbd5372-55c2-4532-b354-9494d3d545d2@group-F367C8FA5986: changes role from CANDIDATE to FOLLOWER at term 262 for DISCOVERED_A_NEW_TERM
2019-10-30 11:53:07,043 [9dbd5372-55c2-4532-b354-9494d3d545d2@group-F367C8FA5986-LeaderElection474] INFO  impl.RoleInfo (RoleInfo.java:shutdownLeaderElection(134)) - 9dbd5372-55c2-4532-b354-9494d3d545d2: shutdown LeaderElection
2019-10-30 11:53:07,043 [9dbd5372-55c2-4532-b354-9494d3d545d2@group-F367C8FA5986-LeaderElection474] INFO  impl.RoleInfo (RoleInfo.java:updateAndGet(143)) - 9dbd5372-55c2-4532-b354-9494d3d545d2: start FollowerState
2019-10-30 11:53:07,243 [Thread-3472] INFO  impl.FollowerState (FollowerState.java:run(108)) - 9dbd5372-55c2-4532-b354-9494d3d545d2@group-F367C8FA5986-FollowerState: change to CANDIDATE, lastRpcTime:199ms, electionTimeout:199ms
2019-10-30 11:53:07,243 [Thread-3472] INFO  impl.RoleInfo (RoleInfo.java:shutdownFollowerState(121)) - 9dbd5372-55c2-4532-b354-9494d3d545d2: shutdown FollowerState
2019-10-30 11:53:07,243 [Thread-3472] INFO  impl.RaftServerImpl (RaftServerImpl.java:setRole(184)) - 9dbd5372-55c2-4532-b354-9494d3d545d2@group-F367C8FA5986: changes role from  FOLLOWER to CANDIDATE at term 262 for changeToCandidate
2019-10-30 11:53:07,243 [Thread-3472] INFO  impl.RoleInfo (RoleInfo.java:updateAndGet(143)) - 9dbd5372-55c2-4532-b354-9494d3d545d2: start LeaderElection
2019-10-30 11:53:07,266 [java.util.concurrent.ThreadPoolExecutor$Worker@193073c0[State = -1, empty queue]] WARN  server.GrpcLogAppender (GrpcLogAppender.java:timeoutAppendRequest(209)) - a12d6b9e-ec23-449e-8b58-135e3e67eb04@group-6C94BA02685B->36879b23-b325-4015-ba59-8656331c6f4b-GrpcLogAppender: appendEntries Timeout, request=a12d6b9e-ec23-449e-8b58-135e3e67eb04->36879b23-b325-4015-ba59-8656331c6f4b#0-t3, previous=(t:2, i:19), leaderCommit=19, initializing? false, entries: <empty>
2019-10-30 11:53:07,506 [Thread-3453] INFO  impl.FollowerState (FollowerState.java:run(108)) - 4cc44201-a597-43af-a4ec-5b1b407a6250@group-83984122B78E-FollowerState: change to CANDIDATE, lastRpcTime:1070ms, electionTimeout:1070ms
2019-10-30 11:53:07,506 [Thread-3453] INFO  impl.RoleInfo (RoleInfo.java:shutdownFollowerState(121)) - 4cc44201-a597-43af-a4ec-5b1b407a6250: shutdown FollowerState
2019-10-30 11:53:07,506 [Thread-3453] INFO  impl.RaftServerImpl (RaftServerImpl.java:setRole(184)) - 4cc44201-a597-43af-a4ec-5b1b407a6250@group-83984122B78E: changes role from  FOLLOWER to CANDIDATE at term 243 for changeToCandidate
2019-10-30 11:53:07,506 [Thread-3453] INFO  impl.RoleInfo (RoleInfo.java:updateAndGet(143)) - 4cc44201-a597-43af-a4ec-5b1b407a6250: start LeaderElection
2019-10-30 11:53:07,607 [9dbd5372-55c2-4532-b354-9494d3d545d2@group-F367C8FA5986-LeaderElection475] INFO  impl.LeaderElection (LeaderElection.java:askForVotes(178)) - 9dbd5372-55c2-4532-b354-9494d3d545d2@group-F367C8FA5986-LeaderElection475: begin an election at term 263 for -1: [9b3ef6c9-0245-4756-bf80-45d41f7a4453:192.168.157.220:37058, cd11b2f5-3187-4d03-bd60-931991550c17:192.168.157.220:43236, 9dbd5372-55c2-4532-b354-9494d3d545d2:192.168.157.220:42993], old=null
2019-10-30 11:53:07,607 [4cc44201-a597-43af-a4ec-5b1b407a6250@group-83984122B78E-LeaderElection476] INFO  impl.LeaderElection (LeaderElection.java:askForVotes(178)) - 4cc44201-a597-43af-a4ec-5b1b407a6250@group-83984122B78E-LeaderElection476: begin an election at term 244 for 0: [4f16e274-8663-4a15-9c4c-c81f650ab979:192.168.157.220:38181, 4cc44201-a597-43af-a4ec-5b1b407a6250:192.168.157.220:36685, f26e10ed-fb17-49e6-a903-eadc130d13d1:192.168.157.220:32806], old=null
2019-10-30 11:53:07,611 [grpc-default-executor-6] INFO  impl.RaftServerImpl (RaftServerImpl.java:setRole(184)) - 9b3ef6c9-0245-4756-bf80-45d41f7a4453@group-F367C8FA5986: changes role from  FOLLOWER to FOLLOWER at term 263 for recognizeCandidate:9dbd5372-55c2-4532-b354-9494d3d545d2
2019-10-30 11:53:07,611 [grpc-default-executor-6] INFO  impl.RoleInfo (RoleInfo.java:shutdownFollowerState(121)) - 9b3ef6c9-0245-4756-bf80-45d41f7a4453: shutdown FollowerState
2019-10-30 11:53:07,611 [grpc-default-executor-6] INFO  impl.RoleInfo (RoleInfo.java:updateAndGet(143)) - 9b3ef6c9-0245-4756-bf80-45d41f7a4453: start FollowerState
2019-10-30 11:53:07,611 [Thread-3471] INFO  impl.FollowerState (FollowerState.java:run(117)) - 9b3ef6c9-0245-4756-bf80-45d41f7a4453@group-F367C8FA5986-FollowerState was interrupted: java.lang.InterruptedException: sleep interrupted
2019-10-30 11:53:07,616 [9dbd5372-55c2-4532-b354-9494d3d545d2@group-F367C8FA5986-LeaderElection475] INFO  impl.LeaderElection (LogUtils.java:infoOrTrace(149)) - 9dbd5372-55c2-4532-b354-9494d3d545d2@group-F367C8FA5986-LeaderElection475 got exception when requesting votes: {}
java.util.concurrent.ExecutionException: org.apache.ratis.thirdparty.io.grpc.StatusRuntimeException: UNAVAILABLE: io exception
	at java.util.concurrent.FutureTask.report(FutureTask.java:122)
	at java.util.concurrent.FutureTask.get(FutureTask.java:192)
	at org.apache.ratis.server.impl.LeaderElection.waitForResults(LeaderElection.java:259)
	at org.apache.ratis.server.impl.LeaderElection.askForVotes(LeaderElection.java:197)
	at org.apache.ratis.server.impl.LeaderElection.run(LeaderElection.java:133)
	at java.lang.Thread.run(Thread.java:748)
Caused by: org.apache.ratis.thirdparty.io.grpc.StatusRuntimeException: UNAVAILABLE: io exception
	at org.apache.ratis.thirdparty.io.grpc.stub.ClientCalls.toStatusRuntimeException(ClientCalls.java:233)
	at org.apache.ratis.thirdparty.io.grpc.stub.ClientCalls.getUnchecked(ClientCalls.java:214)
	at org.apache.ratis.thirdparty.io.grpc.stub.ClientCalls.blockingUnaryCall(ClientCalls.java:139)
	at org.apache.ratis.proto.grpc.RaftServerProtocolServiceGrpc$RaftServerProtocolServiceBlockingStub.requestVote(RaftServerProtocolServiceGrpc.java:265)
	at org.apache.ratis.grpc.server.GrpcServerProtocolClient.requestVote(GrpcServerProtocolClient.java:99)
	at org.apache.ratis.grpc.server.GrpcService.requestVote(GrpcService.java:204)
	at org.apache.ratis.server.impl.LeaderElection.lambda$submitRequests$1(LeaderElection.java:234)
	at java.util.concurrent.FutureTask.run(FutureTask.java:266)
	at java.util.concurrent.Executors$RunnableAdapter.call(Executors.java:511)
	at java.util.concurrent.FutureTask.run(FutureTask.java:266)
	at java.util.concurrent.ThreadPoolExecutor.runWorker(ThreadPoolExecutor.java:1149)
	at java.util.concurrent.ThreadPoolExecutor$Worker.run(ThreadPoolExecutor.java:624)
	... 1 more
Caused by: org.apache.ratis.thirdparty.io.netty.channel.AbstractChannel$AnnotatedConnectException: Connection refused: /192.168.157.220:43236
	at sun.nio.ch.SocketChannelImpl.checkConnect(Native Method)
	at sun.nio.ch.SocketChannelImpl.finishConnect(SocketChannelImpl.java:717)
	at org.apache.ratis.thirdparty.io.netty.channel.socket.nio.NioSocketChannel.doFinishConnect(NioSocketChannel.java:327)
	at org.apache.ratis.thirdparty.io.netty.channel.nio.AbstractNioChannel$AbstractNioUnsafe.finishConnect(AbstractNioChannel.java:340)
	at org.apache.ratis.thirdparty.io.netty.channel.nio.NioEventLoop.processSelectedKey(NioEventLoop.java:632)
	at org.apache.ratis.thirdparty.io.netty.channel.nio.NioEventLoop.processSelectedKeysOptimized(NioEventLoop.java:579)
	at org.apache.ratis.thirdparty.io.netty.channel.nio.NioEventLoop.processSelectedKeys(NioEventLoop.java:496)
	at org.apache.ratis.thirdparty.io.netty.channel.nio.NioEventLoop.run(NioEventLoop.java:458)
	at org.apache.ratis.thirdparty.io.netty.util.concurrent.SingleThreadEventExecutor$5.run(SingleThreadEventExecutor.java:897)
	at org.apache.ratis.thirdparty.io.netty.util.concurrent.FastThreadLocalRunnable.run(FastThreadLocalRunnable.java:30)
	... 1 more
Caused by: java.net.ConnectException: Connection refused
	... 11 more
2019-10-30 11:53:07,616 [4cc44201-a597-43af-a4ec-5b1b407a6250@group-83984122B78E-LeaderElection476] INFO  impl.LeaderElection (LogUtils.java:infoOrTrace(149)) - 4cc44201-a597-43af-a4ec-5b1b407a6250@group-83984122B78E-LeaderElection476 got exception when requesting votes: {}
java.util.concurrent.ExecutionException: org.apache.ratis.thirdparty.io.grpc.StatusRuntimeException: UNAVAILABLE: io exception
	at java.util.concurrent.FutureTask.report(FutureTask.java:122)
	at java.util.concurrent.FutureTask.get(FutureTask.java:192)
	at org.apache.ratis.server.impl.LeaderElection.waitForResults(LeaderElection.java:259)
	at org.apache.ratis.server.impl.LeaderElection.askForVotes(LeaderElection.java:197)
	at org.apache.ratis.server.impl.LeaderElection.run(LeaderElection.java:133)
	at java.lang.Thread.run(Thread.java:748)
Caused by: org.apache.ratis.thirdparty.io.grpc.StatusRuntimeException: UNAVAILABLE: io exception
	at org.apache.ratis.thirdparty.io.grpc.stub.ClientCalls.toStatusRuntimeException(ClientCalls.java:233)
	at org.apache.ratis.thirdparty.io.grpc.stub.ClientCalls.getUnchecked(ClientCalls.java:214)
	at org.apache.ratis.thirdparty.io.grpc.stub.ClientCalls.blockingUnaryCall(ClientCalls.java:139)
	at org.apache.ratis.proto.grpc.RaftServerProtocolServiceGrpc$RaftServerProtocolServiceBlockingStub.requestVote(RaftServerProtocolServiceGrpc.java:265)
	at org.apache.ratis.grpc.server.GrpcServerProtocolClient.requestVote(GrpcServerProtocolClient.java:99)
	at org.apache.ratis.grpc.server.GrpcService.requestVote(GrpcService.java:204)
	at org.apache.ratis.server.impl.LeaderElection.lambda$submitRequests$1(LeaderElection.java:234)
	at java.util.concurrent.FutureTask.run(FutureTask.java:266)
	at java.util.concurrent.Executors$RunnableAdapter.call(Executors.java:511)
	at java.util.concurrent.FutureTask.run(FutureTask.java:266)
	at java.util.concurrent.ThreadPoolExecutor.runWorker(ThreadPoolExecutor.java:1149)
	at java.util.concurrent.ThreadPoolExecutor$Worker.run(ThreadPoolExecutor.java:624)
	... 1 more
Caused by: org.apache.ratis.thirdparty.io.netty.channel.AbstractChannel$AnnotatedConnectException: Connection refused: /192.168.157.220:32806
	at sun.nio.ch.SocketChannelImpl.checkConnect(Native Method)
	at sun.nio.ch.SocketChannelImpl.finishConnect(SocketChannelImpl.java:717)
	at org.apache.ratis.thirdparty.io.netty.channel.socket.nio.NioSocketChannel.doFinishConnect(NioSocketChannel.java:327)
	at org.apache.ratis.thirdparty.io.netty.channel.nio.AbstractNioChannel$AbstractNioUnsafe.finishConnect(AbstractNioChannel.java:340)
	at org.apache.ratis.thirdparty.io.netty.channel.nio.NioEventLoop.processSelectedKey(NioEventLoop.java:632)
	at org.apache.ratis.thirdparty.io.netty.channel.nio.NioEventLoop.processSelectedKeysOptimized(NioEventLoop.java:579)
	at org.apache.ratis.thirdparty.io.netty.channel.nio.NioEventLoop.processSelectedKeys(NioEventLoop.java:496)
	at org.apache.ratis.thirdparty.io.netty.channel.nio.NioEventLoop.run(NioEventLoop.java:458)
	at org.apache.ratis.thirdparty.io.netty.util.concurrent.SingleThreadEventExecutor$5.run(SingleThreadEventExecutor.java:897)
	at org.apache.ratis.thirdparty.io.netty.util.concurrent.FastThreadLocalRunnable.run(FastThreadLocalRunnable.java:30)
	... 1 more
Caused by: java.net.ConnectException: Connection refused
	... 11 more
2019-10-30 11:53:07,617 [4cc44201-a597-43af-a4ec-5b1b407a6250@group-83984122B78E-LeaderElection476] INFO  impl.LeaderElection (LogUtils.java:infoOrTrace(149)) - 4cc44201-a597-43af-a4ec-5b1b407a6250@group-83984122B78E-LeaderElection476 got exception when requesting votes: {}
java.util.concurrent.ExecutionException: org.apache.ratis.thirdparty.io.grpc.StatusRuntimeException: UNAVAILABLE: io exception
	at java.util.concurrent.FutureTask.report(FutureTask.java:122)
	at java.util.concurrent.FutureTask.get(FutureTask.java:192)
	at org.apache.ratis.server.impl.LeaderElection.waitForResults(LeaderElection.java:259)
	at org.apache.ratis.server.impl.LeaderElection.askForVotes(LeaderElection.java:197)
	at org.apache.ratis.server.impl.LeaderElection.run(LeaderElection.java:133)
	at java.lang.Thread.run(Thread.java:748)
Caused by: org.apache.ratis.thirdparty.io.grpc.StatusRuntimeException: UNAVAILABLE: io exception
	at org.apache.ratis.thirdparty.io.grpc.stub.ClientCalls.toStatusRuntimeException(ClientCalls.java:233)
	at org.apache.ratis.thirdparty.io.grpc.stub.ClientCalls.getUnchecked(ClientCalls.java:214)
	at org.apache.ratis.thirdparty.io.grpc.stub.ClientCalls.blockingUnaryCall(ClientCalls.java:139)
	at org.apache.ratis.proto.grpc.RaftServerProtocolServiceGrpc$RaftServerProtocolServiceBlockingStub.requestVote(RaftServerProtocolServiceGrpc.java:265)
	at org.apache.ratis.grpc.server.GrpcServerProtocolClient.requestVote(GrpcServerProtocolClient.java:99)
	at org.apache.ratis.grpc.server.GrpcService.requestVote(GrpcService.java:204)
	at org.apache.ratis.server.impl.LeaderElection.lambda$submitRequests$1(LeaderElection.java:234)
	at java.util.concurrent.FutureTask.run(FutureTask.java:266)
	at java.util.concurrent.Executors$RunnableAdapter.call(Executors.java:511)
	at java.util.concurrent.FutureTask.run(FutureTask.java:266)
	at java.util.concurrent.ThreadPoolExecutor.runWorker(ThreadPoolExecutor.java:1149)
	at java.util.concurrent.ThreadPoolExecutor$Worker.run(ThreadPoolExecutor.java:624)
	... 1 more
Caused by: org.apache.ratis.thirdparty.io.netty.channel.AbstractChannel$AnnotatedConnectException: Connection refused: /192.168.157.220:38181
	at sun.nio.ch.SocketChannelImpl.checkConnect(Native Method)
	at sun.nio.ch.SocketChannelImpl.finishConnect(SocketChannelImpl.java:717)
	at org.apache.ratis.thirdparty.io.netty.channel.socket.nio.NioSocketChannel.doFinishConnect(NioSocketChannel.java:327)
	at org.apache.ratis.thirdparty.io.netty.channel.nio.AbstractNioChannel$AbstractNioUnsafe.finishConnect(AbstractNioChannel.java:340)
	at org.apache.ratis.thirdparty.io.netty.channel.nio.NioEventLoop.processSelectedKey(NioEventLoop.java:632)
	at org.apache.ratis.thirdparty.io.netty.channel.nio.NioEventLoop.processSelectedKeysOptimized(NioEventLoop.java:579)
	at org.apache.ratis.thirdparty.io.netty.channel.nio.NioEventLoop.processSelectedKeys(NioEventLoop.java:496)
	at org.apache.ratis.thirdparty.io.netty.channel.nio.NioEventLoop.run(NioEventLoop.java:458)
	at org.apache.ratis.thirdparty.io.netty.util.concurrent.SingleThreadEventExecutor$5.run(SingleThreadEventExecutor.java:897)
	at org.apache.ratis.thirdparty.io.netty.util.concurrent.FastThreadLocalRunnable.run(FastThreadLocalRunnable.java:30)
	... 1 more
Caused by: java.net.ConnectException: Connection refused
	... 11 more
2019-10-30 11:53:07,617 [4cc44201-a597-43af-a4ec-5b1b407a6250@group-83984122B78E-LeaderElection476] INFO  impl.LeaderElection (LeaderElection.java:logAndReturn(56)) - 4cc44201-a597-43af-a4ec-5b1b407a6250@group-83984122B78E-LeaderElection476: Election REJECTED; received 0 response(s) [] and 2 exception(s); 4cc44201-a597-43af-a4ec-5b1b407a6250@group-83984122B78E:t244, leader=null, voted=4cc44201-a597-43af-a4ec-5b1b407a6250, raftlog=4cc44201-a597-43af-a4ec-5b1b407a6250@group-83984122B78E-SegmentedRaftLog:OPENED:c-1,f0,i0, conf=0: [4f16e274-8663-4a15-9c4c-c81f650ab979:192.168.157.220:38181, 4cc44201-a597-43af-a4ec-5b1b407a6250:192.168.157.220:36685, f26e10ed-fb17-49e6-a903-eadc130d13d1:192.168.157.220:32806], old=null
2019-10-30 11:53:07,617 [4cc44201-a597-43af-a4ec-5b1b407a6250@group-83984122B78E-LeaderElection476] INFO  impl.LeaderElection (LogUtils.java:infoOrTrace(149)) -   Exception 0: {}
java.util.concurrent.ExecutionException: org.apache.ratis.thirdparty.io.grpc.StatusRuntimeException: UNAVAILABLE: io exception
	at java.util.concurrent.FutureTask.report(FutureTask.java:122)
	at java.util.concurrent.FutureTask.get(FutureTask.java:192)
	at org.apache.ratis.server.impl.LeaderElection.waitForResults(LeaderElection.java:259)
	at org.apache.ratis.server.impl.LeaderElection.askForVotes(LeaderElection.java:197)
	at org.apache.ratis.server.impl.LeaderElection.run(LeaderElection.java:133)
	at java.lang.Thread.run(Thread.java:748)
Caused by: org.apache.ratis.thirdparty.io.grpc.StatusRuntimeException: UNAVAILABLE: io exception
	at org.apache.ratis.thirdparty.io.grpc.stub.ClientCalls.toStatusRuntimeException(ClientCalls.java:233)
	at org.apache.ratis.thirdparty.io.grpc.stub.ClientCalls.getUnchecked(ClientCalls.java:214)
	at org.apache.ratis.thirdparty.io.grpc.stub.ClientCalls.blockingUnaryCall(ClientCalls.java:139)
	at org.apache.ratis.proto.grpc.RaftServerProtocolServiceGrpc$RaftServerProtocolServiceBlockingStub.requestVote(RaftServerProtocolServiceGrpc.java:265)
	at org.apache.ratis.grpc.server.GrpcServerProtocolClient.requestVote(GrpcServerProtocolClient.java:99)
	at org.apache.ratis.grpc.server.GrpcService.requestVote(GrpcService.java:204)
	at org.apache.ratis.server.impl.LeaderElection.lambda$submitRequests$1(LeaderElection.java:234)
	at java.util.concurrent.FutureTask.run(FutureTask.java:266)
	at java.util.concurrent.Executors$RunnableAdapter.call(Executors.java:511)
	at java.util.concurrent.FutureTask.run(FutureTask.java:266)
	at java.util.concurrent.ThreadPoolExecutor.runWorker(ThreadPoolExecutor.java:1149)
	at java.util.concurrent.ThreadPoolExecutor$Worker.run(ThreadPoolExecutor.java:624)
	... 1 more
Caused by: org.apache.ratis.thirdparty.io.netty.channel.AbstractChannel$AnnotatedConnectException: Connection refused: /192.168.157.220:32806
	at sun.nio.ch.SocketChannelImpl.checkConnect(Native Method)
	at sun.nio.ch.SocketChannelImpl.finishConnect(SocketChannelImpl.java:717)
	at org.apache.ratis.thirdparty.io.netty.channel.socket.nio.NioSocketChannel.doFinishConnect(NioSocketChannel.java:327)
	at org.apache.ratis.thirdparty.io.netty.channel.nio.AbstractNioChannel$AbstractNioUnsafe.finishConnect(AbstractNioChannel.java:340)
	at org.apache.ratis.thirdparty.io.netty.channel.nio.NioEventLoop.processSelectedKey(NioEventLoop.java:632)
	at org.apache.ratis.thirdparty.io.netty.channel.nio.NioEventLoop.processSelectedKeysOptimized(NioEventLoop.java:579)
	at org.apache.ratis.thirdparty.io.netty.channel.nio.NioEventLoop.processSelectedKeys(NioEventLoop.java:496)
	at org.apache.ratis.thirdparty.io.netty.channel.nio.NioEventLoop.run(NioEventLoop.java:458)
	at org.apache.ratis.thirdparty.io.netty.util.concurrent.SingleThreadEventExecutor$5.run(SingleThreadEventExecutor.java:897)
	at org.apache.ratis.thirdparty.io.netty.util.concurrent.FastThreadLocalRunnable.run(FastThreadLocalRunnable.java:30)
	... 1 more
Caused by: java.net.ConnectException: Connection refused
	... 11 more
2019-10-30 11:53:07,617 [4cc44201-a597-43af-a4ec-5b1b407a6250@group-83984122B78E-LeaderElection476] INFO  impl.LeaderElection (LogUtils.java:infoOrTrace(149)) -   Exception 1: {}
java.util.concurrent.ExecutionException: org.apache.ratis.thirdparty.io.grpc.StatusRuntimeException: UNAVAILABLE: io exception
	at java.util.concurrent.FutureTask.report(FutureTask.java:122)
	at java.util.concurrent.FutureTask.get(FutureTask.java:192)
	at org.apache.ratis.server.impl.LeaderElection.waitForResults(LeaderElection.java:259)
	at org.apache.ratis.server.impl.LeaderElection.askForVotes(LeaderElection.java:197)
	at org.apache.ratis.server.impl.LeaderElection.run(LeaderElection.java:133)
	at java.lang.Thread.run(Thread.java:748)
Caused by: org.apache.ratis.thirdparty.io.grpc.StatusRuntimeException: UNAVAILABLE: io exception
	at org.apache.ratis.thirdparty.io.grpc.stub.ClientCalls.toStatusRuntimeException(ClientCalls.java:233)
	at org.apache.ratis.thirdparty.io.grpc.stub.ClientCalls.getUnchecked(ClientCalls.java:214)
	at org.apache.ratis.thirdparty.io.grpc.stub.ClientCalls.blockingUnaryCall(ClientCalls.java:139)
	at org.apache.ratis.proto.grpc.RaftServerProtocolServiceGrpc$RaftServerProtocolServiceBlockingStub.requestVote(RaftServerProtocolServiceGrpc.java:265)
	at org.apache.ratis.grpc.server.GrpcServerProtocolClient.requestVote(GrpcServerProtocolClient.java:99)
	at org.apache.ratis.grpc.server.GrpcService.requestVote(GrpcService.java:204)
	at org.apache.ratis.server.impl.LeaderElection.lambda$submitRequests$1(LeaderElection.java:234)
	at java.util.concurrent.FutureTask.run(FutureTask.java:266)
	at java.util.concurrent.Executors$RunnableAdapter.call(Executors.java:511)
	at java.util.concurrent.FutureTask.run(FutureTask.java:266)
	at java.util.concurrent.ThreadPoolExecutor.runWorker(ThreadPoolExecutor.java:1149)
	at java.util.concurrent.ThreadPoolExecutor$Worker.run(ThreadPoolExecutor.java:624)
	... 1 more
Caused by: org.apache.ratis.thirdparty.io.netty.channel.AbstractChannel$AnnotatedConnectException: Connection refused: /192.168.157.220:38181
	at sun.nio.ch.SocketChannelImpl.checkConnect(Native Method)
	at sun.nio.ch.SocketChannelImpl.finishConnect(SocketChannelImpl.java:717)
	at org.apache.ratis.thirdparty.io.netty.channel.socket.nio.NioSocketChannel.doFinishConnect(NioSocketChannel.java:327)
	at org.apache.ratis.thirdparty.io.netty.channel.nio.AbstractNioChannel$AbstractNioUnsafe.finishConnect(AbstractNioChannel.java:340)
	at org.apache.ratis.thirdparty.io.netty.channel.nio.NioEventLoop.processSelectedKey(NioEventLoop.java:632)
	at org.apache.ratis.thirdparty.io.netty.channel.nio.NioEventLoop.processSelectedKeysOptimized(NioEventLoop.java:579)
	at org.apache.ratis.thirdparty.io.netty.channel.nio.NioEventLoop.processSelectedKeys(NioEventLoop.java:496)
	at org.apache.ratis.thirdparty.io.netty.channel.nio.NioEventLoop.run(NioEventLoop.java:458)
	at org.apache.ratis.thirdparty.io.netty.util.concurrent.SingleThreadEventExecutor$5.run(SingleThreadEventExecutor.java:897)
	at org.apache.ratis.thirdparty.io.netty.util.concurrent.FastThreadLocalRunnable.run(FastThreadLocalRunnable.java:30)
	... 1 more
Caused by: java.net.ConnectException: Connection refused
	... 11 more
2019-10-30 11:53:07,618 [4cc44201-a597-43af-a4ec-5b1b407a6250@group-83984122B78E-LeaderElection476] INFO  impl.RaftServerImpl (RaftServerImpl.java:setRole(184)) - 4cc44201-a597-43af-a4ec-5b1b407a6250@group-83984122B78E: changes role from CANDIDATE to FOLLOWER at term 244 for DISCOVERED_A_NEW_TERM
2019-10-30 11:53:07,618 [4cc44201-a597-43af-a4ec-5b1b407a6250@group-83984122B78E-LeaderElection476] INFO  impl.RoleInfo (RoleInfo.java:shutdownLeaderElection(134)) - 4cc44201-a597-43af-a4ec-5b1b407a6250: shutdown LeaderElection
2019-10-30 11:53:07,618 [4cc44201-a597-43af-a4ec-5b1b407a6250@group-83984122B78E-LeaderElection476] INFO  impl.RoleInfo (RoleInfo.java:updateAndGet(143)) - 4cc44201-a597-43af-a4ec-5b1b407a6250: start FollowerState
2019-10-30 11:53:07,624 [9dbd5372-55c2-4532-b354-9494d3d545d2@group-F367C8FA5986-LeaderElection475] INFO  impl.LeaderElection (LeaderElection.java:logAndReturn(56)) - 9dbd5372-55c2-4532-b354-9494d3d545d2@group-F367C8FA5986-LeaderElection475: Election REJECTED; received 1 response(s) [9dbd5372-55c2-4532-b354-9494d3d545d2<-9b3ef6c9-0245-4756-bf80-45d41f7a4453#0:FAIL-t263] and 1 exception(s); 9dbd5372-55c2-4532-b354-9494d3d545d2@group-F367C8FA5986:t263, leader=null, voted=9dbd5372-55c2-4532-b354-9494d3d545d2, raftlog=9dbd5372-55c2-4532-b354-9494d3d545d2@group-F367C8FA5986-SegmentedRaftLog:OPENED:c-1,f-1,i0, conf=-1: [9b3ef6c9-0245-4756-bf80-45d41f7a4453:192.168.157.220:37058, cd11b2f5-3187-4d03-bd60-931991550c17:192.168.157.220:43236, 9dbd5372-55c2-4532-b354-9494d3d545d2:192.168.157.220:42993], old=null
2019-10-30 11:53:07,624 [9dbd5372-55c2-4532-b354-9494d3d545d2@group-F367C8FA5986-LeaderElection475] INFO  impl.LeaderElection (LogUtils.java:infoOrTrace(149)) -   Exception 0: {}
java.util.concurrent.ExecutionException: org.apache.ratis.thirdparty.io.grpc.StatusRuntimeException: UNAVAILABLE: io exception
	at java.util.concurrent.FutureTask.report(FutureTask.java:122)
	at java.util.concurrent.FutureTask.get(FutureTask.java:192)
	at org.apache.ratis.server.impl.LeaderElection.waitForResults(LeaderElection.java:259)
	at org.apache.ratis.server.impl.LeaderElection.askForVotes(LeaderElection.java:197)
	at org.apache.ratis.server.impl.LeaderElection.run(LeaderElection.java:133)
	at java.lang.Thread.run(Thread.java:748)
Caused by: org.apache.ratis.thirdparty.io.grpc.StatusRuntimeException: UNAVAILABLE: io exception
	at org.apache.ratis.thirdparty.io.grpc.stub.ClientCalls.toStatusRuntimeException(ClientCalls.java:233)
	at org.apache.ratis.thirdparty.io.grpc.stub.ClientCalls.getUnchecked(ClientCalls.java:214)
	at org.apache.ratis.thirdparty.io.grpc.stub.ClientCalls.blockingUnaryCall(ClientCalls.java:139)
	at org.apache.ratis.proto.grpc.RaftServerProtocolServiceGrpc$RaftServerProtocolServiceBlockingStub.requestVote(RaftServerProtocolServiceGrpc.java:265)
	at org.apache.ratis.grpc.server.GrpcServerProtocolClient.requestVote(GrpcServerProtocolClient.java:99)
	at org.apache.ratis.grpc.server.GrpcService.requestVote(GrpcService.java:204)
	at org.apache.ratis.server.impl.LeaderElection.lambda$submitRequests$1(LeaderElection.java:234)
	at java.util.concurrent.FutureTask.run(FutureTask.java:266)
	at java.util.concurrent.Executors$RunnableAdapter.call(Executors.java:511)
	at java.util.concurrent.FutureTask.run(FutureTask.java:266)
	at java.util.concurrent.ThreadPoolExecutor.runWorker(ThreadPoolExecutor.java:1149)
	at java.util.concurrent.ThreadPoolExecutor$Worker.run(ThreadPoolExecutor.java:624)
	... 1 more
Caused by: org.apache.ratis.thirdparty.io.netty.channel.AbstractChannel$AnnotatedConnectException: Connection refused: /192.168.157.220:43236
	at sun.nio.ch.SocketChannelImpl.checkConnect(Native Method)
	at sun.nio.ch.SocketChannelImpl.finishConnect(SocketChannelImpl.java:717)
	at org.apache.ratis.thirdparty.io.netty.channel.socket.nio.NioSocketChannel.doFinishConnect(NioSocketChannel.java:327)
	at org.apache.ratis.thirdparty.io.netty.channel.nio.AbstractNioChannel$AbstractNioUnsafe.finishConnect(AbstractNioChannel.java:340)
	at org.apache.ratis.thirdparty.io.netty.channel.nio.NioEventLoop.processSelectedKey(NioEventLoop.java:632)
	at org.apache.ratis.thirdparty.io.netty.channel.nio.NioEventLoop.processSelectedKeysOptimized(NioEventLoop.java:579)
	at org.apache.ratis.thirdparty.io.netty.channel.nio.NioEventLoop.processSelectedKeys(NioEventLoop.java:496)
	at org.apache.ratis.thirdparty.io.netty.channel.nio.NioEventLoop.run(NioEventLoop.java:458)
	at org.apache.ratis.thirdparty.io.netty.util.concurrent.SingleThreadEventExecutor$5.run(SingleThreadEventExecutor.java:897)
	at org.apache.ratis.thirdparty.io.netty.util.concurrent.FastThreadLocalRunnable.run(FastThreadLocalRunnable.java:30)
	... 1 more
Caused by: java.net.ConnectException: Connection refused
	... 11 more
2019-10-30 11:53:07,624 [9dbd5372-55c2-4532-b354-9494d3d545d2@group-F367C8FA5986-LeaderElection475] INFO  impl.RaftServerImpl (RaftServerImpl.java:setRole(184)) - 9dbd5372-55c2-4532-b354-9494d3d545d2@group-F367C8FA5986: changes role from CANDIDATE to FOLLOWER at term 263 for DISCOVERED_A_NEW_TERM
2019-10-30 11:53:07,624 [9dbd5372-55c2-4532-b354-9494d3d545d2@group-F367C8FA5986-LeaderElection475] INFO  impl.RoleInfo (RoleInfo.java:shutdownLeaderElection(134)) - 9dbd5372-55c2-4532-b354-9494d3d545d2: shutdown LeaderElection
2019-10-30 11:53:07,624 [9dbd5372-55c2-4532-b354-9494d3d545d2@group-F367C8FA5986-LeaderElection475] INFO  impl.RoleInfo (RoleInfo.java:updateAndGet(143)) - 9dbd5372-55c2-4532-b354-9494d3d545d2: start FollowerState
2019-10-30 11:53:07,674 [Thread-3482] INFO  impl.FollowerState (FollowerState.java:run(108)) - 9dbd5372-55c2-4532-b354-9494d3d545d2@group-F367C8FA5986-FollowerState: change to CANDIDATE, lastRpcTime:50ms, electionTimeout:50ms
2019-10-30 11:53:07,675 [Thread-3482] INFO  impl.RoleInfo (RoleInfo.java:shutdownFollowerState(121)) - 9dbd5372-55c2-4532-b354-9494d3d545d2: shutdown FollowerState
2019-10-30 11:53:07,675 [Thread-3482] INFO  impl.RaftServerImpl (RaftServerImpl.java:setRole(184)) - 9dbd5372-55c2-4532-b354-9494d3d545d2@group-F367C8FA5986: changes role from  FOLLOWER to CANDIDATE at term 263 for changeToCandidate
2019-10-30 11:53:07,675 [Thread-3482] INFO  impl.RoleInfo (RoleInfo.java:updateAndGet(143)) - 9dbd5372-55c2-4532-b354-9494d3d545d2: start LeaderElection
2019-10-30 11:53:07,680 [9dbd5372-55c2-4532-b354-9494d3d545d2@group-F367C8FA5986-LeaderElection477] INFO  impl.LeaderElection (LeaderElection.java:askForVotes(178)) - 9dbd5372-55c2-4532-b354-9494d3d545d2@group-F367C8FA5986-LeaderElection477: begin an election at term 264 for -1: [9b3ef6c9-0245-4756-bf80-45d41f7a4453:192.168.157.220:37058, cd11b2f5-3187-4d03-bd60-931991550c17:192.168.157.220:43236, 9dbd5372-55c2-4532-b354-9494d3d545d2:192.168.157.220:42993], old=null
2019-10-30 11:53:07,681 [grpc-default-executor-6] INFO  impl.RaftServerImpl (RaftServerImpl.java:setRole(184)) - 9b3ef6c9-0245-4756-bf80-45d41f7a4453@group-F367C8FA5986: changes role from  FOLLOWER to FOLLOWER at term 264 for recognizeCandidate:9dbd5372-55c2-4532-b354-9494d3d545d2
2019-10-30 11:53:07,681 [grpc-default-executor-6] INFO  impl.RoleInfo (RoleInfo.java:shutdownFollowerState(121)) - 9b3ef6c9-0245-4756-bf80-45d41f7a4453: shutdown FollowerState
2019-10-30 11:53:07,681 [grpc-default-executor-6] INFO  impl.RoleInfo (RoleInfo.java:updateAndGet(143)) - 9b3ef6c9-0245-4756-bf80-45d41f7a4453: start FollowerState
2019-10-30 11:53:07,682 [Thread-3479] INFO  impl.FollowerState (FollowerState.java:run(117)) - 9b3ef6c9-0245-4756-bf80-45d41f7a4453@group-F367C8FA5986-FollowerState was interrupted: java.lang.InterruptedException: sleep interrupted
2019-10-30 11:53:07,683 [9dbd5372-55c2-4532-b354-9494d3d545d2@group-F367C8FA5986-LeaderElection477] INFO  impl.LeaderElection (LogUtils.java:infoOrTrace(149)) - 9dbd5372-55c2-4532-b354-9494d3d545d2@group-F367C8FA5986-LeaderElection477 got exception when requesting votes: {}
java.util.concurrent.ExecutionException: org.apache.ratis.thirdparty.io.grpc.StatusRuntimeException: UNAVAILABLE: io exception
	at java.util.concurrent.FutureTask.report(FutureTask.java:122)
	at java.util.concurrent.FutureTask.get(FutureTask.java:192)
	at org.apache.ratis.server.impl.LeaderElection.waitForResults(LeaderElection.java:259)
	at org.apache.ratis.server.impl.LeaderElection.askForVotes(LeaderElection.java:197)
	at org.apache.ratis.server.impl.LeaderElection.run(LeaderElection.java:133)
	at java.lang.Thread.run(Thread.java:748)
Caused by: org.apache.ratis.thirdparty.io.grpc.StatusRuntimeException: UNAVAILABLE: io exception
	at org.apache.ratis.thirdparty.io.grpc.stub.ClientCalls.toStatusRuntimeException(ClientCalls.java:233)
	at org.apache.ratis.thirdparty.io.grpc.stub.ClientCalls.getUnchecked(ClientCalls.java:214)
	at org.apache.ratis.thirdparty.io.grpc.stub.ClientCalls.blockingUnaryCall(ClientCalls.java:139)
	at org.apache.ratis.proto.grpc.RaftServerProtocolServiceGrpc$RaftServerProtocolServiceBlockingStub.requestVote(RaftServerProtocolServiceGrpc.java:265)
	at org.apache.ratis.grpc.server.GrpcServerProtocolClient.requestVote(GrpcServerProtocolClient.java:99)
	at org.apache.ratis.grpc.server.GrpcService.requestVote(GrpcService.java:204)
	at org.apache.ratis.server.impl.LeaderElection.lambda$submitRequests$1(LeaderElection.java:234)
	at java.util.concurrent.FutureTask.run(FutureTask.java:266)
	at java.util.concurrent.Executors$RunnableAdapter.call(Executors.java:511)
	at java.util.concurrent.FutureTask.run(FutureTask.java:266)
	at java.util.concurrent.ThreadPoolExecutor.runWorker(ThreadPoolExecutor.java:1149)
	at java.util.concurrent.ThreadPoolExecutor$Worker.run(ThreadPoolExecutor.java:624)
	... 1 more
Caused by: org.apache.ratis.thirdparty.io.netty.channel.AbstractChannel$AnnotatedConnectException: Connection refused: /192.168.157.220:43236
	at sun.nio.ch.SocketChannelImpl.checkConnect(Native Method)
	at sun.nio.ch.SocketChannelImpl.finishConnect(SocketChannelImpl.java:717)
	at org.apache.ratis.thirdparty.io.netty.channel.socket.nio.NioSocketChannel.doFinishConnect(NioSocketChannel.java:327)
	at org.apache.ratis.thirdparty.io.netty.channel.nio.AbstractNioChannel$AbstractNioUnsafe.finishConnect(AbstractNioChannel.java:340)
	at org.apache.ratis.thirdparty.io.netty.channel.nio.NioEventLoop.processSelectedKey(NioEventLoop.java:632)
	at org.apache.ratis.thirdparty.io.netty.channel.nio.NioEventLoop.processSelectedKeysOptimized(NioEventLoop.java:579)
	at org.apache.ratis.thirdparty.io.netty.channel.nio.NioEventLoop.processSelectedKeys(NioEventLoop.java:496)
	at org.apache.ratis.thirdparty.io.netty.channel.nio.NioEventLoop.run(NioEventLoop.java:458)
	at org.apache.ratis.thirdparty.io.netty.util.concurrent.SingleThreadEventExecutor$5.run(SingleThreadEventExecutor.java:897)
	at org.apache.ratis.thirdparty.io.netty.util.concurrent.FastThreadLocalRunnable.run(FastThreadLocalRunnable.java:30)
	... 1 more
Caused by: java.net.ConnectException: Connection refused
	... 11 more
2019-10-30 11:53:07,690 [9dbd5372-55c2-4532-b354-9494d3d545d2@group-F367C8FA5986-LeaderElection477] INFO  impl.LeaderElection (LeaderElection.java:logAndReturn(56)) - 9dbd5372-55c2-4532-b354-9494d3d545d2@group-F367C8FA5986-LeaderElection477: Election REJECTED; received 1 response(s) [9dbd5372-55c2-4532-b354-9494d3d545d2<-9b3ef6c9-0245-4756-bf80-45d41f7a4453#0:FAIL-t264] and 1 exception(s); 9dbd5372-55c2-4532-b354-9494d3d545d2@group-F367C8FA5986:t264, leader=null, voted=9dbd5372-55c2-4532-b354-9494d3d545d2, raftlog=9dbd5372-55c2-4532-b354-9494d3d545d2@group-F367C8FA5986-SegmentedRaftLog:OPENED:c-1,f-1,i0, conf=-1: [9b3ef6c9-0245-4756-bf80-45d41f7a4453:192.168.157.220:37058, cd11b2f5-3187-4d03-bd60-931991550c17:192.168.157.220:43236, 9dbd5372-55c2-4532-b354-9494d3d545d2:192.168.157.220:42993], old=null
2019-10-30 11:53:07,690 [9dbd5372-55c2-4532-b354-9494d3d545d2@group-F367C8FA5986-LeaderElection477] INFO  impl.LeaderElection (LogUtils.java:infoOrTrace(149)) -   Exception 0: {}
java.util.concurrent.ExecutionException: org.apache.ratis.thirdparty.io.grpc.StatusRuntimeException: UNAVAILABLE: io exception
	at java.util.concurrent.FutureTask.report(FutureTask.java:122)
	at java.util.concurrent.FutureTask.get(FutureTask.java:192)
	at org.apache.ratis.server.impl.LeaderElection.waitForResults(LeaderElection.java:259)
	at org.apache.ratis.server.impl.LeaderElection.askForVotes(LeaderElection.java:197)
	at org.apache.ratis.server.impl.LeaderElection.run(LeaderElection.java:133)
	at java.lang.Thread.run(Thread.java:748)
Caused by: org.apache.ratis.thirdparty.io.grpc.StatusRuntimeException: UNAVAILABLE: io exception
	at org.apache.ratis.thirdparty.io.grpc.stub.ClientCalls.toStatusRuntimeException(ClientCalls.java:233)
	at org.apache.ratis.thirdparty.io.grpc.stub.ClientCalls.getUnchecked(ClientCalls.java:214)
	at org.apache.ratis.thirdparty.io.grpc.stub.ClientCalls.blockingUnaryCall(ClientCalls.java:139)
	at org.apache.ratis.proto.grpc.RaftServerProtocolServiceGrpc$RaftServerProtocolServiceBlockingStub.requestVote(RaftServerProtocolServiceGrpc.java:265)
	at org.apache.ratis.grpc.server.GrpcServerProtocolClient.requestVote(GrpcServerProtocolClient.java:99)
	at org.apache.ratis.grpc.server.GrpcService.requestVote(GrpcService.java:204)
	at org.apache.ratis.server.impl.LeaderElection.lambda$submitRequests$1(LeaderElection.java:234)
	at java.util.concurrent.FutureTask.run(FutureTask.java:266)
	at java.util.concurrent.Executors$RunnableAdapter.call(Executors.java:511)
	at java.util.concurrent.FutureTask.run(FutureTask.java:266)
	at java.util.concurrent.ThreadPoolExecutor.runWorker(ThreadPoolExecutor.java:1149)
	at java.util.concurrent.ThreadPoolExecutor$Worker.run(ThreadPoolExecutor.java:624)
	... 1 more
Caused by: org.apache.ratis.thirdparty.io.netty.channel.AbstractChannel$AnnotatedConnectException: Connection refused: /192.168.157.220:43236
	at sun.nio.ch.SocketChannelImpl.checkConnect(Native Method)
	at sun.nio.ch.SocketChannelImpl.finishConnect(SocketChannelImpl.java:717)
	at org.apache.ratis.thirdparty.io.netty.channel.socket.nio.NioSocketChannel.doFinishConnect(NioSocketChannel.java:327)
	at org.apache.ratis.thirdparty.io.netty.channel.nio.AbstractNioChannel$AbstractNioUnsafe.finishConnect(AbstractNioChannel.java:340)
	at org.apache.ratis.thirdparty.io.netty.channel.nio.NioEventLoop.processSelectedKey(NioEventLoop.java:632)
	at org.apache.ratis.thirdparty.io.netty.channel.nio.NioEventLoop.processSelectedKeysOptimized(NioEventLoop.java:579)
	at org.apache.ratis.thirdparty.io.netty.channel.nio.NioEventLoop.processSelectedKeys(NioEventLoop.java:496)
	at org.apache.ratis.thirdparty.io.netty.channel.nio.NioEventLoop.run(NioEventLoop.java:458)
	at org.apache.ratis.thirdparty.io.netty.util.concurrent.SingleThreadEventExecutor$5.run(SingleThreadEventExecutor.java:897)
	at org.apache.ratis.thirdparty.io.netty.util.concurrent.FastThreadLocalRunnable.run(FastThreadLocalRunnable.java:30)
	... 1 more
Caused by: java.net.ConnectException: Connection refused
	... 11 more
2019-10-30 11:53:07,690 [9dbd5372-55c2-4532-b354-9494d3d545d2@group-F367C8FA5986-LeaderElection477] INFO  impl.RaftServerImpl (RaftServerImpl.java:setRole(184)) - 9dbd5372-55c2-4532-b354-9494d3d545d2@group-F367C8FA5986: changes role from CANDIDATE to FOLLOWER at term 264 for DISCOVERED_A_NEW_TERM
2019-10-30 11:53:07,691 [9dbd5372-55c2-4532-b354-9494d3d545d2@group-F367C8FA5986-LeaderElection477] INFO  impl.RoleInfo (RoleInfo.java:shutdownLeaderElection(134)) - 9dbd5372-55c2-4532-b354-9494d3d545d2: shutdown LeaderElection
2019-10-30 11:53:07,691 [9dbd5372-55c2-4532-b354-9494d3d545d2@group-F367C8FA5986-LeaderElection477] INFO  impl.RoleInfo (RoleInfo.java:updateAndGet(143)) - 9dbd5372-55c2-4532-b354-9494d3d545d2: start FollowerState
2019-10-30 11:53:07,709 [Thread-3487] INFO  impl.FollowerState (FollowerState.java:run(108)) - 9dbd5372-55c2-4532-b354-9494d3d545d2@group-F367C8FA5986-FollowerState: change to CANDIDATE, lastRpcTime:18ms, electionTimeout:14ms
2019-10-30 11:53:07,709 [Thread-3487] INFO  impl.RoleInfo (RoleInfo.java:shutdownFollowerState(121)) - 9dbd5372-55c2-4532-b354-9494d3d545d2: shutdown FollowerState
2019-10-30 11:53:07,709 [Thread-3487] INFO  impl.RaftServerImpl (RaftServerImpl.java:setRole(184)) - 9dbd5372-55c2-4532-b354-9494d3d545d2@group-F367C8FA5986: changes role from  FOLLOWER to CANDIDATE at term 264 for changeToCandidate
2019-10-30 11:53:07,709 [Thread-3487] INFO  impl.RoleInfo (RoleInfo.java:updateAndGet(143)) - 9dbd5372-55c2-4532-b354-9494d3d545d2: start LeaderElection
2019-10-30 11:53:07,731 [9dbd5372-55c2-4532-b354-9494d3d545d2@group-F367C8FA5986-LeaderElection478] INFO  impl.LeaderElection (LeaderElection.java:askForVotes(178)) - 9dbd5372-55c2-4532-b354-9494d3d545d2@group-F367C8FA5986-LeaderElection478: begin an election at term 265 for -1: [9b3ef6c9-0245-4756-bf80-45d41f7a4453:192.168.157.220:37058, cd11b2f5-3187-4d03-bd60-931991550c17:192.168.157.220:43236, 9dbd5372-55c2-4532-b354-9494d3d545d2:192.168.157.220:42993], old=null
2019-10-30 11:53:07,732 [9dbd5372-55c2-4532-b354-9494d3d545d2@group-F367C8FA5986-LeaderElection478] INFO  impl.LeaderElection (LogUtils.java:infoOrTrace(149)) - 9dbd5372-55c2-4532-b354-9494d3d545d2@group-F367C8FA5986-LeaderElection478 got exception when requesting votes: {}
java.util.concurrent.ExecutionException: org.apache.ratis.thirdparty.io.grpc.StatusRuntimeException: UNAVAILABLE: io exception
	at java.util.concurrent.FutureTask.report(FutureTask.java:122)
	at java.util.concurrent.FutureTask.get(FutureTask.java:192)
	at org.apache.ratis.server.impl.LeaderElection.waitForResults(LeaderElection.java:259)
	at org.apache.ratis.server.impl.LeaderElection.askForVotes(LeaderElection.java:197)
	at org.apache.ratis.server.impl.LeaderElection.run(LeaderElection.java:133)
	at java.lang.Thread.run(Thread.java:748)
Caused by: org.apache.ratis.thirdparty.io.grpc.StatusRuntimeException: UNAVAILABLE: io exception
	at org.apache.ratis.thirdparty.io.grpc.stub.ClientCalls.toStatusRuntimeException(ClientCalls.java:233)
	at org.apache.ratis.thirdparty.io.grpc.stub.ClientCalls.getUnchecked(ClientCalls.java:214)
	at org.apache.ratis.thirdparty.io.grpc.stub.ClientCalls.blockingUnaryCall(ClientCalls.java:139)
	at org.apache.ratis.proto.grpc.RaftServerProtocolServiceGrpc$RaftServerProtocolServiceBlockingStub.requestVote(RaftServerProtocolServiceGrpc.java:265)
	at org.apache.ratis.grpc.server.GrpcServerProtocolClient.requestVote(GrpcServerProtocolClient.java:99)
	at org.apache.ratis.grpc.server.GrpcService.requestVote(GrpcService.java:204)
	at org.apache.ratis.server.impl.LeaderElection.lambda$submitRequests$1(LeaderElection.java:234)
	at java.util.concurrent.FutureTask.run(FutureTask.java:266)
	at java.util.concurrent.Executors$RunnableAdapter.call(Executors.java:511)
	at java.util.concurrent.FutureTask.run(FutureTask.java:266)
	at java.util.concurrent.ThreadPoolExecutor.runWorker(ThreadPoolExecutor.java:1149)
	at java.util.concurrent.ThreadPoolExecutor$Worker.run(ThreadPoolExecutor.java:624)
	... 1 more
Caused by: org.apache.ratis.thirdparty.io.netty.channel.AbstractChannel$AnnotatedConnectException: Connection refused: /192.168.157.220:43236
	at sun.nio.ch.SocketChannelImpl.checkConnect(Native Method)
	at sun.nio.ch.SocketChannelImpl.finishConnect(SocketChannelImpl.java:717)
	at org.apache.ratis.thirdparty.io.netty.channel.socket.nio.NioSocketChannel.doFinishConnect(NioSocketChannel.java:327)
	at org.apache.ratis.thirdparty.io.netty.channel.nio.AbstractNioChannel$AbstractNioUnsafe.finishConnect(AbstractNioChannel.java:340)
	at org.apache.ratis.thirdparty.io.netty.channel.nio.NioEventLoop.processSelectedKey(NioEventLoop.java:632)
	at org.apache.ratis.thirdparty.io.netty.channel.nio.NioEventLoop.processSelectedKeysOptimized(NioEventLoop.java:579)
	at org.apache.ratis.thirdparty.io.netty.channel.nio.NioEventLoop.processSelectedKeys(NioEventLoop.java:496)
	at org.apache.ratis.thirdparty.io.netty.channel.nio.NioEventLoop.run(NioEventLoop.java:458)
	at org.apache.ratis.thirdparty.io.netty.util.concurrent.SingleThreadEventExecutor$5.run(SingleThreadEventExecutor.java:897)
	at org.apache.ratis.thirdparty.io.netty.util.concurrent.FastThreadLocalRunnable.run(FastThreadLocalRunnable.java:30)
	... 1 more
Caused by: java.net.ConnectException: Connection refused
	... 11 more
2019-10-30 11:53:07,734 [grpc-default-executor-6] INFO  impl.RaftServerImpl (RaftServerImpl.java:setRole(184)) - 9b3ef6c9-0245-4756-bf80-45d41f7a4453@group-F367C8FA5986: changes role from  FOLLOWER to FOLLOWER at term 265 for recognizeCandidate:9dbd5372-55c2-4532-b354-9494d3d545d2
2019-10-30 11:53:07,734 [grpc-default-executor-6] INFO  impl.RoleInfo (RoleInfo.java:shutdownFollowerState(121)) - 9b3ef6c9-0245-4756-bf80-45d41f7a4453: shutdown FollowerState
2019-10-30 11:53:07,735 [grpc-default-executor-6] INFO  impl.RoleInfo (RoleInfo.java:updateAndGet(143)) - 9b3ef6c9-0245-4756-bf80-45d41f7a4453: start FollowerState
2019-10-30 11:53:07,735 [Thread-3486] INFO  impl.FollowerState (FollowerState.java:run(117)) - 9b3ef6c9-0245-4756-bf80-45d41f7a4453@group-F367C8FA5986-FollowerState was interrupted: java.lang.InterruptedException: sleep interrupted
2019-10-30 11:53:07,745 [9dbd5372-55c2-4532-b354-9494d3d545d2@group-F367C8FA5986-LeaderElection478] INFO  impl.LeaderElection (LeaderElection.java:logAndReturn(56)) - 9dbd5372-55c2-4532-b354-9494d3d545d2@group-F367C8FA5986-LeaderElection478: Election REJECTED; received 1 response(s) [9dbd5372-55c2-4532-b354-9494d3d545d2<-9b3ef6c9-0245-4756-bf80-45d41f7a4453#0:FAIL-t265] and 1 exception(s); 9dbd5372-55c2-4532-b354-9494d3d545d2@group-F367C8FA5986:t265, leader=null, voted=9dbd5372-55c2-4532-b354-9494d3d545d2, raftlog=9dbd5372-55c2-4532-b354-9494d3d545d2@group-F367C8FA5986-SegmentedRaftLog:OPENED:c-1,f-1,i0, conf=-1: [9b3ef6c9-0245-4756-bf80-45d41f7a4453:192.168.157.220:37058, cd11b2f5-3187-4d03-bd60-931991550c17:192.168.157.220:43236, 9dbd5372-55c2-4532-b354-9494d3d545d2:192.168.157.220:42993], old=null
2019-10-30 11:53:07,745 [9dbd5372-55c2-4532-b354-9494d3d545d2@group-F367C8FA5986-LeaderElection478] INFO  impl.LeaderElection (LogUtils.java:infoOrTrace(149)) -   Exception 0: {}
java.util.concurrent.ExecutionException: org.apache.ratis.thirdparty.io.grpc.StatusRuntimeException: UNAVAILABLE: io exception
	at java.util.concurrent.FutureTask.report(FutureTask.java:122)
	at java.util.concurrent.FutureTask.get(FutureTask.java:192)
	at org.apache.ratis.server.impl.LeaderElection.waitForResults(LeaderElection.java:259)
	at org.apache.ratis.server.impl.LeaderElection.askForVotes(LeaderElection.java:197)
	at org.apache.ratis.server.impl.LeaderElection.run(LeaderElection.java:133)
	at java.lang.Thread.run(Thread.java:748)
Caused by: org.apache.ratis.thirdparty.io.grpc.StatusRuntimeException: UNAVAILABLE: io exception
	at org.apache.ratis.thirdparty.io.grpc.stub.ClientCalls.toStatusRuntimeException(ClientCalls.java:233)
	at org.apache.ratis.thirdparty.io.grpc.stub.ClientCalls.getUnchecked(ClientCalls.java:214)
	at org.apache.ratis.thirdparty.io.grpc.stub.ClientCalls.blockingUnaryCall(ClientCalls.java:139)
	at org.apache.ratis.proto.grpc.RaftServerProtocolServiceGrpc$RaftServerProtocolServiceBlockingStub.requestVote(RaftServerProtocolServiceGrpc.java:265)
	at org.apache.ratis.grpc.server.GrpcServerProtocolClient.requestVote(GrpcServerProtocolClient.java:99)
	at org.apache.ratis.grpc.server.GrpcService.requestVote(GrpcService.java:204)
	at org.apache.ratis.server.impl.LeaderElection.lambda$submitRequests$1(LeaderElection.java:234)
	at java.util.concurrent.FutureTask.run(FutureTask.java:266)
	at java.util.concurrent.Executors$RunnableAdapter.call(Executors.java:511)
	at java.util.concurrent.FutureTask.run(FutureTask.java:266)
	at java.util.concurrent.ThreadPoolExecutor.runWorker(ThreadPoolExecutor.java:1149)
	at java.util.concurrent.ThreadPoolExecutor$Worker.run(ThreadPoolExecutor.java:624)
	... 1 more
Caused by: org.apache.ratis.thirdparty.io.netty.channel.AbstractChannel$AnnotatedConnectException: Connection refused: /192.168.157.220:43236
	at sun.nio.ch.SocketChannelImpl.checkConnect(Native Method)
	at sun.nio.ch.SocketChannelImpl.finishConnect(SocketChannelImpl.java:717)
	at org.apache.ratis.thirdparty.io.netty.channel.socket.nio.NioSocketChannel.doFinishConnect(NioSocketChannel.java:327)
	at org.apache.ratis.thirdparty.io.netty.channel.nio.AbstractNioChannel$AbstractNioUnsafe.finishConnect(AbstractNioChannel.java:340)
	at org.apache.ratis.thirdparty.io.netty.channel.nio.NioEventLoop.processSelectedKey(NioEventLoop.java:632)
	at org.apache.ratis.thirdparty.io.netty.channel.nio.NioEventLoop.processSelectedKeysOptimized(NioEventLoop.java:579)
	at org.apache.ratis.thirdparty.io.netty.channel.nio.NioEventLoop.processSelectedKeys(NioEventLoop.java:496)
	at org.apache.ratis.thirdparty.io.netty.channel.nio.NioEventLoop.run(NioEventLoop.java:458)
	at org.apache.ratis.thirdparty.io.netty.util.concurrent.SingleThreadEventExecutor$5.run(SingleThreadEventExecutor.java:897)
	at org.apache.ratis.thirdparty.io.netty.util.concurrent.FastThreadLocalRunnable.run(FastThreadLocalRunnable.java:30)
	... 1 more
Caused by: java.net.ConnectException: Connection refused
	... 11 more
2019-10-30 11:53:07,745 [9dbd5372-55c2-4532-b354-9494d3d545d2@group-F367C8FA5986-LeaderElection478] INFO  impl.RaftServerImpl (RaftServerImpl.java:setRole(184)) - 9dbd5372-55c2-4532-b354-9494d3d545d2@group-F367C8FA5986: changes role from CANDIDATE to FOLLOWER at term 265 for DISCOVERED_A_NEW_TERM
2019-10-30 11:53:07,745 [9dbd5372-55c2-4532-b354-9494d3d545d2@group-F367C8FA5986-LeaderElection478] INFO  impl.RoleInfo (RoleInfo.java:shutdownLeaderElection(134)) - 9dbd5372-55c2-4532-b354-9494d3d545d2: shutdown LeaderElection
2019-10-30 11:53:07,745 [9dbd5372-55c2-4532-b354-9494d3d545d2@group-F367C8FA5986-LeaderElection478] INFO  impl.RoleInfo (RoleInfo.java:updateAndGet(143)) - 9dbd5372-55c2-4532-b354-9494d3d545d2: start FollowerState
2019-10-30 11:53:07,935 [Thread-3492] INFO  impl.FollowerState (FollowerState.java:run(108)) - 9dbd5372-55c2-4532-b354-9494d3d545d2@group-F367C8FA5986-FollowerState: change to CANDIDATE, lastRpcTime:189ms, electionTimeout:189ms
2019-10-30 11:53:07,935 [Thread-3492] INFO  impl.RoleInfo (RoleInfo.java:shutdownFollowerState(121)) - 9dbd5372-55c2-4532-b354-9494d3d545d2: shutdown FollowerState
2019-10-30 11:53:07,935 [Thread-3492] INFO  impl.RaftServerImpl (RaftServerImpl.java:setRole(184)) - 9dbd5372-55c2-4532-b354-9494d3d545d2@group-F367C8FA5986: changes role from  FOLLOWER to CANDIDATE at term 265 for changeToCandidate
2019-10-30 11:53:07,935 [Thread-3492] INFO  impl.RoleInfo (RoleInfo.java:updateAndGet(143)) - 9dbd5372-55c2-4532-b354-9494d3d545d2: start LeaderElection
2019-10-30 11:53:07,940 [9dbd5372-55c2-4532-b354-9494d3d545d2@group-F367C8FA5986-LeaderElection479] INFO  impl.LeaderElection (LeaderElection.java:askForVotes(178)) - 9dbd5372-55c2-4532-b354-9494d3d545d2@group-F367C8FA5986-LeaderElection479: begin an election at term 266 for -1: [9b3ef6c9-0245-4756-bf80-45d41f7a4453:192.168.157.220:37058, cd11b2f5-3187-4d03-bd60-931991550c17:192.168.157.220:43236, 9dbd5372-55c2-4532-b354-9494d3d545d2:192.168.157.220:42993], old=null
2019-10-30 11:53:07,941 [9dbd5372-55c2-4532-b354-9494d3d545d2@group-F367C8FA5986-LeaderElection479] INFO  impl.LeaderElection (LogUtils.java:infoOrTrace(149)) - 9dbd5372-55c2-4532-b354-9494d3d545d2@group-F367C8FA5986-LeaderElection479 got exception when requesting votes: {}
java.util.concurrent.ExecutionException: org.apache.ratis.thirdparty.io.grpc.StatusRuntimeException: UNAVAILABLE: io exception
	at java.util.concurrent.FutureTask.report(FutureTask.java:122)
	at java.util.concurrent.FutureTask.get(FutureTask.java:192)
	at org.apache.ratis.server.impl.LeaderElection.waitForResults(LeaderElection.java:259)
	at org.apache.ratis.server.impl.LeaderElection.askForVotes(LeaderElection.java:197)
	at org.apache.ratis.server.impl.LeaderElection.run(LeaderElection.java:133)
	at java.lang.Thread.run(Thread.java:748)
Caused by: org.apache.ratis.thirdparty.io.grpc.StatusRuntimeException: UNAVAILABLE: io exception
	at org.apache.ratis.thirdparty.io.grpc.stub.ClientCalls.toStatusRuntimeException(ClientCalls.java:233)
	at org.apache.ratis.thirdparty.io.grpc.stub.ClientCalls.getUnchecked(ClientCalls.java:214)
	at org.apache.ratis.thirdparty.io.grpc.stub.ClientCalls.blockingUnaryCall(ClientCalls.java:139)
	at org.apache.ratis.proto.grpc.RaftServerProtocolServiceGrpc$RaftServerProtocolServiceBlockingStub.requestVote(RaftServerProtocolServiceGrpc.java:265)
	at org.apache.ratis.grpc.server.GrpcServerProtocolClient.requestVote(GrpcServerProtocolClient.java:99)
	at org.apache.ratis.grpc.server.GrpcService.requestVote(GrpcService.java:204)
	at org.apache.ratis.server.impl.LeaderElection.lambda$submitRequests$1(LeaderElection.java:234)
	at java.util.concurrent.FutureTask.run(FutureTask.java:266)
	at java.util.concurrent.Executors$RunnableAdapter.call(Executors.java:511)
	at java.util.concurrent.FutureTask.run(FutureTask.java:266)
	at java.util.concurrent.ThreadPoolExecutor.runWorker(ThreadPoolExecutor.java:1149)
	at java.util.concurrent.ThreadPoolExecutor$Worker.run(ThreadPoolExecutor.java:624)
	... 1 more
Caused by: org.apache.ratis.thirdparty.io.netty.channel.AbstractChannel$AnnotatedConnectException: Connection refused: /192.168.157.220:43236
	at sun.nio.ch.SocketChannelImpl.checkConnect(Native Method)
	at sun.nio.ch.SocketChannelImpl.finishConnect(SocketChannelImpl.java:717)
	at org.apache.ratis.thirdparty.io.netty.channel.socket.nio.NioSocketChannel.doFinishConnect(NioSocketChannel.java:327)
	at org.apache.ratis.thirdparty.io.netty.channel.nio.AbstractNioChannel$AbstractNioUnsafe.finishConnect(AbstractNioChannel.java:340)
	at org.apache.ratis.thirdparty.io.netty.channel.nio.NioEventLoop.processSelectedKey(NioEventLoop.java:632)
	at org.apache.ratis.thirdparty.io.netty.channel.nio.NioEventLoop.processSelectedKeysOptimized(NioEventLoop.java:579)
	at org.apache.ratis.thirdparty.io.netty.channel.nio.NioEventLoop.processSelectedKeys(NioEventLoop.java:496)
	at org.apache.ratis.thirdparty.io.netty.channel.nio.NioEventLoop.run(NioEventLoop.java:458)
	at org.apache.ratis.thirdparty.io.netty.util.concurrent.SingleThreadEventExecutor$5.run(SingleThreadEventExecutor.java:897)
	at org.apache.ratis.thirdparty.io.netty.util.concurrent.FastThreadLocalRunnable.run(FastThreadLocalRunnable.java:30)
	... 1 more
Caused by: java.net.ConnectException: Connection refused
	... 11 more
2019-10-30 11:53:07,944 [grpc-default-executor-6] INFO  impl.RaftServerImpl (RaftServerImpl.java:setRole(184)) - 9b3ef6c9-0245-4756-bf80-45d41f7a4453@group-F367C8FA5986: changes role from  FOLLOWER to FOLLOWER at term 266 for recognizeCandidate:9dbd5372-55c2-4532-b354-9494d3d545d2
2019-10-30 11:53:07,944 [grpc-default-executor-6] INFO  impl.RoleInfo (RoleInfo.java:shutdownFollowerState(121)) - 9b3ef6c9-0245-4756-bf80-45d41f7a4453: shutdown FollowerState
2019-10-30 11:53:07,945 [grpc-default-executor-6] INFO  impl.RoleInfo (RoleInfo.java:updateAndGet(143)) - 9b3ef6c9-0245-4756-bf80-45d41f7a4453: start FollowerState
2019-10-30 11:53:07,945 [Thread-3491] INFO  impl.FollowerState (FollowerState.java:run(117)) - 9b3ef6c9-0245-4756-bf80-45d41f7a4453@group-F367C8FA5986-FollowerState was interrupted: java.lang.InterruptedException: sleep interrupted
2019-10-30 11:53:07,970 [9dbd5372-55c2-4532-b354-9494d3d545d2@group-F367C8FA5986-LeaderElection479] INFO  impl.LeaderElection (LeaderElection.java:logAndReturn(56)) - 9dbd5372-55c2-4532-b354-9494d3d545d2@group-F367C8FA5986-LeaderElection479: Election REJECTED; received 1 response(s) [9dbd5372-55c2-4532-b354-9494d3d545d2<-9b3ef6c9-0245-4756-bf80-45d41f7a4453#0:FAIL-t266] and 1 exception(s); 9dbd5372-55c2-4532-b354-9494d3d545d2@group-F367C8FA5986:t266, leader=null, voted=9dbd5372-55c2-4532-b354-9494d3d545d2, raftlog=9dbd5372-55c2-4532-b354-9494d3d545d2@group-F367C8FA5986-SegmentedRaftLog:OPENED:c-1,f-1,i0, conf=-1: [9b3ef6c9-0245-4756-bf80-45d41f7a4453:192.168.157.220:37058, cd11b2f5-3187-4d03-bd60-931991550c17:192.168.157.220:43236, 9dbd5372-55c2-4532-b354-9494d3d545d2:192.168.157.220:42993], old=null
2019-10-30 11:53:07,970 [9dbd5372-55c2-4532-b354-9494d3d545d2@group-F367C8FA5986-LeaderElection479] INFO  impl.LeaderElection (LogUtils.java:infoOrTrace(149)) -   Exception 0: {}
java.util.concurrent.ExecutionException: org.apache.ratis.thirdparty.io.grpc.StatusRuntimeException: UNAVAILABLE: io exception
	at java.util.concurrent.FutureTask.report(FutureTask.java:122)
	at java.util.concurrent.FutureTask.get(FutureTask.java:192)
	at org.apache.ratis.server.impl.LeaderElection.waitForResults(LeaderElection.java:259)
	at org.apache.ratis.server.impl.LeaderElection.askForVotes(LeaderElection.java:197)
	at org.apache.ratis.server.impl.LeaderElection.run(LeaderElection.java:133)
	at java.lang.Thread.run(Thread.java:748)
Caused by: org.apache.ratis.thirdparty.io.grpc.StatusRuntimeException: UNAVAILABLE: io exception
	at org.apache.ratis.thirdparty.io.grpc.stub.ClientCalls.toStatusRuntimeException(ClientCalls.java:233)
	at org.apache.ratis.thirdparty.io.grpc.stub.ClientCalls.getUnchecked(ClientCalls.java:214)
	at org.apache.ratis.thirdparty.io.grpc.stub.ClientCalls.blockingUnaryCall(ClientCalls.java:139)
	at org.apache.ratis.proto.grpc.RaftServerProtocolServiceGrpc$RaftServerProtocolServiceBlockingStub.requestVote(RaftServerProtocolServiceGrpc.java:265)
	at org.apache.ratis.grpc.server.GrpcServerProtocolClient.requestVote(GrpcServerProtocolClient.java:99)
	at org.apache.ratis.grpc.server.GrpcService.requestVote(GrpcService.java:204)
	at org.apache.ratis.server.impl.LeaderElection.lambda$submitRequests$1(LeaderElection.java:234)
	at java.util.concurrent.FutureTask.run(FutureTask.java:266)
	at java.util.concurrent.Executors$RunnableAdapter.call(Executors.java:511)
	at java.util.concurrent.FutureTask.run(FutureTask.java:266)
	at java.util.concurrent.ThreadPoolExecutor.runWorker(ThreadPoolExecutor.java:1149)
	at java.util.concurrent.ThreadPoolExecutor$Worker.run(ThreadPoolExecutor.java:624)
	... 1 more
Caused by: org.apache.ratis.thirdparty.io.netty.channel.AbstractChannel$AnnotatedConnectException: Connection refused: /192.168.157.220:43236
	at sun.nio.ch.SocketChannelImpl.checkConnect(Native Method)
	at sun.nio.ch.SocketChannelImpl.finishConnect(SocketChannelImpl.java:717)
	at org.apache.ratis.thirdparty.io.netty.channel.socket.nio.NioSocketChannel.doFinishConnect(NioSocketChannel.java:327)
	at org.apache.ratis.thirdparty.io.netty.channel.nio.AbstractNioChannel$AbstractNioUnsafe.finishConnect(AbstractNioChannel.java:340)
	at org.apache.ratis.thirdparty.io.netty.channel.nio.NioEventLoop.processSelectedKey(NioEventLoop.java:632)
	at org.apache.ratis.thirdparty.io.netty.channel.nio.NioEventLoop.processSelectedKeysOptimized(NioEventLoop.java:579)
	at org.apache.ratis.thirdparty.io.netty.channel.nio.NioEventLoop.processSelectedKeys(NioEventLoop.java:496)
	at org.apache.ratis.thirdparty.io.netty.channel.nio.NioEventLoop.run(NioEventLoop.java:458)
	at org.apache.ratis.thirdparty.io.netty.util.concurrent.SingleThreadEventExecutor$5.run(SingleThreadEventExecutor.java:897)
	at org.apache.ratis.thirdparty.io.netty.util.concurrent.FastThreadLocalRunnable.run(FastThreadLocalRunnable.java:30)
	... 1 more
Caused by: java.net.ConnectException: Connection refused
	... 11 more
2019-10-30 11:53:07,970 [9dbd5372-55c2-4532-b354-9494d3d545d2@group-F367C8FA5986-LeaderElection479] INFO  impl.RaftServerImpl (RaftServerImpl.java:setRole(184)) - 9dbd5372-55c2-4532-b354-9494d3d545d2@group-F367C8FA5986: changes role from CANDIDATE to FOLLOWER at term 266 for DISCOVERED_A_NEW_TERM
2019-10-30 11:53:07,970 [9dbd5372-55c2-4532-b354-9494d3d545d2@group-F367C8FA5986-LeaderElection479] INFO  impl.RoleInfo (RoleInfo.java:shutdownLeaderElection(134)) - 9dbd5372-55c2-4532-b354-9494d3d545d2: shutdown LeaderElection
2019-10-30 11:53:07,970 [9dbd5372-55c2-4532-b354-9494d3d545d2@group-F367C8FA5986-LeaderElection479] INFO  impl.RoleInfo (RoleInfo.java:updateAndGet(143)) - 9dbd5372-55c2-4532-b354-9494d3d545d2: start FollowerState
2019-10-30 11:53:08,166 [Thread-3498] INFO  impl.FollowerState (FollowerState.java:run(108)) - 9dbd5372-55c2-4532-b354-9494d3d545d2@group-F367C8FA5986-FollowerState: change to CANDIDATE, lastRpcTime:195ms, electionTimeout:195ms
2019-10-30 11:53:08,166 [Thread-3498] INFO  impl.RoleInfo (RoleInfo.java:shutdownFollowerState(121)) - 9dbd5372-55c2-4532-b354-9494d3d545d2: shutdown FollowerState
2019-10-30 11:53:08,166 [Thread-3498] INFO  impl.RaftServerImpl (RaftServerImpl.java:setRole(184)) - 9dbd5372-55c2-4532-b354-9494d3d545d2@group-F367C8FA5986: changes role from  FOLLOWER to CANDIDATE at term 266 for changeToCandidate
2019-10-30 11:53:08,166 [Thread-3498] INFO  impl.RoleInfo (RoleInfo.java:updateAndGet(143)) - 9dbd5372-55c2-4532-b354-9494d3d545d2: start LeaderElection
2019-10-30 11:53:08,172 [9dbd5372-55c2-4532-b354-9494d3d545d2@group-F367C8FA5986-LeaderElection480] INFO  impl.LeaderElection (LeaderElection.java:askForVotes(178)) - 9dbd5372-55c2-4532-b354-9494d3d545d2@group-F367C8FA5986-LeaderElection480: begin an election at term 267 for -1: [9b3ef6c9-0245-4756-bf80-45d41f7a4453:192.168.157.220:37058, cd11b2f5-3187-4d03-bd60-931991550c17:192.168.157.220:43236, 9dbd5372-55c2-4532-b354-9494d3d545d2:192.168.157.220:42993], old=null
2019-10-30 11:53:08,175 [9dbd5372-55c2-4532-b354-9494d3d545d2@group-F367C8FA5986-LeaderElection480] INFO  impl.LeaderElection (LogUtils.java:infoOrTrace(149)) - 9dbd5372-55c2-4532-b354-9494d3d545d2@group-F367C8FA5986-LeaderElection480 got exception when requesting votes: {}
java.util.concurrent.ExecutionException: org.apache.ratis.thirdparty.io.grpc.StatusRuntimeException: UNAVAILABLE: io exception
	at java.util.concurrent.FutureTask.report(FutureTask.java:122)
	at java.util.concurrent.FutureTask.get(FutureTask.java:192)
	at org.apache.ratis.server.impl.LeaderElection.waitForResults(LeaderElection.java:259)
	at org.apache.ratis.server.impl.LeaderElection.askForVotes(LeaderElection.java:197)
	at org.apache.ratis.server.impl.LeaderElection.run(LeaderElection.java:133)
	at java.lang.Thread.run(Thread.java:748)
Caused by: org.apache.ratis.thirdparty.io.grpc.StatusRuntimeException: UNAVAILABLE: io exception
	at org.apache.ratis.thirdparty.io.grpc.stub.ClientCalls.toStatusRuntimeException(ClientCalls.java:233)
	at org.apache.ratis.thirdparty.io.grpc.stub.ClientCalls.getUnchecked(ClientCalls.java:214)
	at org.apache.ratis.thirdparty.io.grpc.stub.ClientCalls.blockingUnaryCall(ClientCalls.java:139)
	at org.apache.ratis.proto.grpc.RaftServerProtocolServiceGrpc$RaftServerProtocolServiceBlockingStub.requestVote(RaftServerProtocolServiceGrpc.java:265)
	at org.apache.ratis.grpc.server.GrpcServerProtocolClient.requestVote(GrpcServerProtocolClient.java:99)
	at org.apache.ratis.grpc.server.GrpcService.requestVote(GrpcService.java:204)
	at org.apache.ratis.server.impl.LeaderElection.lambda$submitRequests$1(LeaderElection.java:234)
	at java.util.concurrent.FutureTask.run(FutureTask.java:266)
	at java.util.concurrent.Executors$RunnableAdapter.call(Executors.java:511)
	at java.util.concurrent.FutureTask.run(FutureTask.java:266)
	at java.util.concurrent.ThreadPoolExecutor.runWorker(ThreadPoolExecutor.java:1149)
	at java.util.concurrent.ThreadPoolExecutor$Worker.run(ThreadPoolExecutor.java:624)
	... 1 more
Caused by: org.apache.ratis.thirdparty.io.netty.channel.AbstractChannel$AnnotatedConnectException: Connection refused: /192.168.157.220:43236
	at sun.nio.ch.SocketChannelImpl.checkConnect(Native Method)
	at sun.nio.ch.SocketChannelImpl.finishConnect(SocketChannelImpl.java:717)
	at org.apache.ratis.thirdparty.io.netty.channel.socket.nio.NioSocketChannel.doFinishConnect(NioSocketChannel.java:327)
	at org.apache.ratis.thirdparty.io.netty.channel.nio.AbstractNioChannel$AbstractNioUnsafe.finishConnect(AbstractNioChannel.java:340)
	at org.apache.ratis.thirdparty.io.netty.channel.nio.NioEventLoop.processSelectedKey(NioEventLoop.java:632)
	at org.apache.ratis.thirdparty.io.netty.channel.nio.NioEventLoop.processSelectedKeysOptimized(NioEventLoop.java:579)
	at org.apache.ratis.thirdparty.io.netty.channel.nio.NioEventLoop.processSelectedKeys(NioEventLoop.java:496)
	at org.apache.ratis.thirdparty.io.netty.channel.nio.NioEventLoop.run(NioEventLoop.java:458)
	at org.apache.ratis.thirdparty.io.netty.util.concurrent.SingleThreadEventExecutor$5.run(SingleThreadEventExecutor.java:897)
	at org.apache.ratis.thirdparty.io.netty.util.concurrent.FastThreadLocalRunnable.run(FastThreadLocalRunnable.java:30)
	... 1 more
Caused by: java.net.ConnectException: Connection refused
	... 11 more
2019-10-30 11:53:08,180 [grpc-default-executor-6] INFO  impl.RaftServerImpl (RaftServerImpl.java:setRole(184)) - 9b3ef6c9-0245-4756-bf80-45d41f7a4453@group-F367C8FA5986: changes role from  FOLLOWER to FOLLOWER at term 267 for recognizeCandidate:9dbd5372-55c2-4532-b354-9494d3d545d2
2019-10-30 11:53:08,180 [grpc-default-executor-6] INFO  impl.RoleInfo (RoleInfo.java:shutdownFollowerState(121)) - 9b3ef6c9-0245-4756-bf80-45d41f7a4453: shutdown FollowerState
2019-10-30 11:53:08,180 [grpc-default-executor-6] INFO  impl.RoleInfo (RoleInfo.java:updateAndGet(143)) - 9b3ef6c9-0245-4756-bf80-45d41f7a4453: start FollowerState
2019-10-30 11:53:08,181 [Thread-3497] INFO  impl.FollowerState (FollowerState.java:run(117)) - 9b3ef6c9-0245-4756-bf80-45d41f7a4453@group-F367C8FA5986-FollowerState was interrupted: java.lang.InterruptedException: sleep interrupted
2019-10-30 11:53:08,194 [9dbd5372-55c2-4532-b354-9494d3d545d2@group-F367C8FA5986-LeaderElection480] INFO  impl.LeaderElection (LeaderElection.java:logAndReturn(56)) - 9dbd5372-55c2-4532-b354-9494d3d545d2@group-F367C8FA5986-LeaderElection480: Election REJECTED; received 1 response(s) [9dbd5372-55c2-4532-b354-9494d3d545d2<-9b3ef6c9-0245-4756-bf80-45d41f7a4453#0:FAIL-t267] and 1 exception(s); 9dbd5372-55c2-4532-b354-9494d3d545d2@group-F367C8FA5986:t267, leader=null, voted=9dbd5372-55c2-4532-b354-9494d3d545d2, raftlog=9dbd5372-55c2-4532-b354-9494d3d545d2@group-F367C8FA5986-SegmentedRaftLog:OPENED:c-1,f-1,i0, conf=-1: [9b3ef6c9-0245-4756-bf80-45d41f7a4453:192.168.157.220:37058, cd11b2f5-3187-4d03-bd60-931991550c17:192.168.157.220:43236, 9dbd5372-55c2-4532-b354-9494d3d545d2:192.168.157.220:42993], old=null
2019-10-30 11:53:08,194 [9dbd5372-55c2-4532-b354-9494d3d545d2@group-F367C8FA5986-LeaderElection480] INFO  impl.LeaderElection (LogUtils.java:infoOrTrace(149)) -   Exception 0: {}
java.util.concurrent.ExecutionException: org.apache.ratis.thirdparty.io.grpc.StatusRuntimeException: UNAVAILABLE: io exception
	at java.util.concurrent.FutureTask.report(FutureTask.java:122)
	at java.util.concurrent.FutureTask.get(FutureTask.java:192)
	at org.apache.ratis.server.impl.LeaderElection.waitForResults(LeaderElection.java:259)
	at org.apache.ratis.server.impl.LeaderElection.askForVotes(LeaderElection.java:197)
	at org.apache.ratis.server.impl.LeaderElection.run(LeaderElection.java:133)
	at java.lang.Thread.run(Thread.java:748)
Caused by: org.apache.ratis.thirdparty.io.grpc.StatusRuntimeException: UNAVAILABLE: io exception
	at org.apache.ratis.thirdparty.io.grpc.stub.ClientCalls.toStatusRuntimeException(ClientCalls.java:233)
	at org.apache.ratis.thirdparty.io.grpc.stub.ClientCalls.getUnchecked(ClientCalls.java:214)
	at org.apache.ratis.thirdparty.io.grpc.stub.ClientCalls.blockingUnaryCall(ClientCalls.java:139)
	at org.apache.ratis.proto.grpc.RaftServerProtocolServiceGrpc$RaftServerProtocolServiceBlockingStub.requestVote(RaftServerProtocolServiceGrpc.java:265)
	at org.apache.ratis.grpc.server.GrpcServerProtocolClient.requestVote(GrpcServerProtocolClient.java:99)
	at org.apache.ratis.grpc.server.GrpcService.requestVote(GrpcService.java:204)
	at org.apache.ratis.server.impl.LeaderElection.lambda$submitRequests$1(LeaderElection.java:234)
	at java.util.concurrent.FutureTask.run(FutureTask.java:266)
	at java.util.concurrent.Executors$RunnableAdapter.call(Executors.java:511)
	at java.util.concurrent.FutureTask.run(FutureTask.java:266)
	at java.util.concurrent.ThreadPoolExecutor.runWorker(ThreadPoolExecutor.java:1149)
	at java.util.concurrent.ThreadPoolExecutor$Worker.run(ThreadPoolExecutor.java:624)
	... 1 more
Caused by: org.apache.ratis.thirdparty.io.netty.channel.AbstractChannel$AnnotatedConnectException: Connection refused: /192.168.157.220:43236
	at sun.nio.ch.SocketChannelImpl.checkConnect(Native Method)
	at sun.nio.ch.SocketChannelImpl.finishConnect(SocketChannelImpl.java:717)
	at org.apache.ratis.thirdparty.io.netty.channel.socket.nio.NioSocketChannel.doFinishConnect(NioSocketChannel.java:327)
	at org.apache.ratis.thirdparty.io.netty.channel.nio.AbstractNioChannel$AbstractNioUnsafe.finishConnect(AbstractNioChannel.java:340)
	at org.apache.ratis.thirdparty.io.netty.channel.nio.NioEventLoop.processSelectedKey(NioEventLoop.java:632)
	at org.apache.ratis.thirdparty.io.netty.channel.nio.NioEventLoop.processSelectedKeysOptimized(NioEventLoop.java:579)
	at org.apache.ratis.thirdparty.io.netty.channel.nio.NioEventLoop.processSelectedKeys(NioEventLoop.java:496)
	at org.apache.ratis.thirdparty.io.netty.channel.nio.NioEventLoop.run(NioEventLoop.java:458)
	at org.apache.ratis.thirdparty.io.netty.util.concurrent.SingleThreadEventExecutor$5.run(SingleThreadEventExecutor.java:897)
	at org.apache.ratis.thirdparty.io.netty.util.concurrent.FastThreadLocalRunnable.run(FastThreadLocalRunnable.java:30)
	... 1 more
Caused by: java.net.ConnectException: Connection refused
	... 11 more
2019-10-30 11:53:08,194 [9dbd5372-55c2-4532-b354-9494d3d545d2@group-F367C8FA5986-LeaderElection480] INFO  impl.RaftServerImpl (RaftServerImpl.java:setRole(184)) - 9dbd5372-55c2-4532-b354-9494d3d545d2@group-F367C8FA5986: changes role from CANDIDATE to FOLLOWER at term 267 for DISCOVERED_A_NEW_TERM
2019-10-30 11:53:08,195 [9dbd5372-55c2-4532-b354-9494d3d545d2@group-F367C8FA5986-LeaderElection480] INFO  impl.RoleInfo (RoleInfo.java:shutdownLeaderElection(134)) - 9dbd5372-55c2-4532-b354-9494d3d545d2: shutdown LeaderElection
2019-10-30 11:53:08,195 [9dbd5372-55c2-4532-b354-9494d3d545d2@group-F367C8FA5986-LeaderElection480] INFO  impl.RoleInfo (RoleInfo.java:updateAndGet(143)) - 9dbd5372-55c2-4532-b354-9494d3d545d2: start FollowerState
2019-10-30 11:53:08,264 [Thread-3503] INFO  impl.FollowerState (FollowerState.java:run(108)) - 9dbd5372-55c2-4532-b354-9494d3d545d2@group-F367C8FA5986-FollowerState: change to CANDIDATE, lastRpcTime:68ms, electionTimeout:65ms
2019-10-30 11:53:08,264 [Thread-3503] INFO  impl.RoleInfo (RoleInfo.java:shutdownFollowerState(121)) - 9dbd5372-55c2-4532-b354-9494d3d545d2: shutdown FollowerState
2019-10-30 11:53:08,264 [Thread-3503] INFO  impl.RaftServerImpl (RaftServerImpl.java:setRole(184)) - 9dbd5372-55c2-4532-b354-9494d3d545d2@group-F367C8FA5986: changes role from  FOLLOWER to CANDIDATE at term 267 for changeToCandidate
2019-10-30 11:53:08,264 [Thread-3503] INFO  impl.RoleInfo (RoleInfo.java:updateAndGet(143)) - 9dbd5372-55c2-4532-b354-9494d3d545d2: start LeaderElection
2019-10-30 11:53:08,270 [9dbd5372-55c2-4532-b354-9494d3d545d2@group-F367C8FA5986-LeaderElection481] INFO  impl.LeaderElection (LeaderElection.java:askForVotes(178)) - 9dbd5372-55c2-4532-b354-9494d3d545d2@group-F367C8FA5986-LeaderElection481: begin an election at term 268 for -1: [9b3ef6c9-0245-4756-bf80-45d41f7a4453:192.168.157.220:37058, cd11b2f5-3187-4d03-bd60-931991550c17:192.168.157.220:43236, 9dbd5372-55c2-4532-b354-9494d3d545d2:192.168.157.220:42993], old=null
2019-10-30 11:53:08,278 [9dbd5372-55c2-4532-b354-9494d3d545d2@group-F367C8FA5986-LeaderElection481] INFO  impl.LeaderElection (LogUtils.java:infoOrTrace(149)) - 9dbd5372-55c2-4532-b354-9494d3d545d2@group-F367C8FA5986-LeaderElection481 got exception when requesting votes: {}
java.util.concurrent.ExecutionException: org.apache.ratis.thirdparty.io.grpc.StatusRuntimeException: UNAVAILABLE: io exception
	at java.util.concurrent.FutureTask.report(FutureTask.java:122)
	at java.util.concurrent.FutureTask.get(FutureTask.java:192)
	at org.apache.ratis.server.impl.LeaderElection.waitForResults(LeaderElection.java:259)
	at org.apache.ratis.server.impl.LeaderElection.askForVotes(LeaderElection.java:197)
	at org.apache.ratis.server.impl.LeaderElection.run(LeaderElection.java:133)
	at java.lang.Thread.run(Thread.java:748)
Caused by: org.apache.ratis.thirdparty.io.grpc.StatusRuntimeException: UNAVAILABLE: io exception
	at org.apache.ratis.thirdparty.io.grpc.stub.ClientCalls.toStatusRuntimeException(ClientCalls.java:233)
	at org.apache.ratis.thirdparty.io.grpc.stub.ClientCalls.getUnchecked(ClientCalls.java:214)
	at org.apache.ratis.thirdparty.io.grpc.stub.ClientCalls.blockingUnaryCall(ClientCalls.java:139)
	at org.apache.ratis.proto.grpc.RaftServerProtocolServiceGrpc$RaftServerProtocolServiceBlockingStub.requestVote(RaftServerProtocolServiceGrpc.java:265)
	at org.apache.ratis.grpc.server.GrpcServerProtocolClient.requestVote(GrpcServerProtocolClient.java:99)
	at org.apache.ratis.grpc.server.GrpcService.requestVote(GrpcService.java:204)
	at org.apache.ratis.server.impl.LeaderElection.lambda$submitRequests$1(LeaderElection.java:234)
	at java.util.concurrent.FutureTask.run(FutureTask.java:266)
	at java.util.concurrent.Executors$RunnableAdapter.call(Executors.java:511)
	at java.util.concurrent.FutureTask.run(FutureTask.java:266)
	at java.util.concurrent.ThreadPoolExecutor.runWorker(ThreadPoolExecutor.java:1149)
	at java.util.concurrent.ThreadPoolExecutor$Worker.run(ThreadPoolExecutor.java:624)
	... 1 more
Caused by: org.apache.ratis.thirdparty.io.netty.channel.AbstractChannel$AnnotatedConnectException: Connection refused: /192.168.157.220:43236
	at sun.nio.ch.SocketChannelImpl.checkConnect(Native Method)
	at sun.nio.ch.SocketChannelImpl.finishConnect(SocketChannelImpl.java:717)
	at org.apache.ratis.thirdparty.io.netty.channel.socket.nio.NioSocketChannel.doFinishConnect(NioSocketChannel.java:327)
	at org.apache.ratis.thirdparty.io.netty.channel.nio.AbstractNioChannel$AbstractNioUnsafe.finishConnect(AbstractNioChannel.java:340)
	at org.apache.ratis.thirdparty.io.netty.channel.nio.NioEventLoop.processSelectedKey(NioEventLoop.java:632)
	at org.apache.ratis.thirdparty.io.netty.channel.nio.NioEventLoop.processSelectedKeysOptimized(NioEventLoop.java:579)
	at org.apache.ratis.thirdparty.io.netty.channel.nio.NioEventLoop.processSelectedKeys(NioEventLoop.java:496)
	at org.apache.ratis.thirdparty.io.netty.channel.nio.NioEventLoop.run(NioEventLoop.java:458)
	at org.apache.ratis.thirdparty.io.netty.util.concurrent.SingleThreadEventExecutor$5.run(SingleThreadEventExecutor.java:897)
	at org.apache.ratis.thirdparty.io.netty.util.concurrent.FastThreadLocalRunnable.run(FastThreadLocalRunnable.java:30)
	... 1 more
Caused by: java.net.ConnectException: Connection refused
	... 11 more
2019-10-30 11:53:08,279 [grpc-default-executor-6] INFO  impl.RaftServerImpl (RaftServerImpl.java:setRole(184)) - 9b3ef6c9-0245-4756-bf80-45d41f7a4453@group-F367C8FA5986: changes role from  FOLLOWER to FOLLOWER at term 268 for recognizeCandidate:9dbd5372-55c2-4532-b354-9494d3d545d2
2019-10-30 11:53:08,279 [grpc-default-executor-6] INFO  impl.RoleInfo (RoleInfo.java:shutdownFollowerState(121)) - 9b3ef6c9-0245-4756-bf80-45d41f7a4453: shutdown FollowerState
2019-10-30 11:53:08,279 [grpc-default-executor-6] INFO  impl.RoleInfo (RoleInfo.java:updateAndGet(143)) - 9b3ef6c9-0245-4756-bf80-45d41f7a4453: start FollowerState
2019-10-30 11:53:08,279 [Thread-3502] INFO  impl.FollowerState (FollowerState.java:run(117)) - 9b3ef6c9-0245-4756-bf80-45d41f7a4453@group-F367C8FA5986-FollowerState was interrupted: java.lang.InterruptedException: sleep interrupted
2019-10-30 11:53:08,285 [ForkJoinPool.commonPool-worker-0] INFO  ozoneimpl.OzoneContainer (OzoneContainer.java:stop(227)) - Attempting to stop container services.
2019-10-30 11:53:08,286 [ForkJoinPool.commonPool-worker-0] INFO  impl.RaftServerProxy (RaftServerProxy.java:lambda$close$4(314)) - 9dbd5372-55c2-4532-b354-9494d3d545d2: close
2019-10-30 11:53:08,286 [ForkJoinPool.commonPool-worker-0] INFO  impl.RaftServerImpl (RaftServerImpl.java:lambda$shutdown$3(261)) - 9dbd5372-55c2-4532-b354-9494d3d545d2@group-F367C8FA5986: shutdown
2019-10-30 11:53:08,286 [ForkJoinPool.commonPool-worker-0] INFO  util.JmxRegister (JmxRegister.java:unregister(73)) - Successfully un-registered JMX Bean with object name Ratis:service=RaftServer,group=group-F367C8FA5986,id=9dbd5372-55c2-4532-b354-9494d3d545d2
2019-10-30 11:53:08,286 [ForkJoinPool.commonPool-worker-0] INFO  impl.RoleInfo (RoleInfo.java:shutdownLeaderElection(134)) - 9dbd5372-55c2-4532-b354-9494d3d545d2: shutdown LeaderElection
2019-10-30 11:53:08,286 [ForkJoinPool.commonPool-worker-0] INFO  impl.StateMachineUpdater (StateMachineUpdater.java:stopAndJoin(136)) - 9dbd5372-55c2-4532-b354-9494d3d545d2@group-F367C8FA5986-StateMachineUpdater: set stopIndex = -1
2019-10-30 11:53:08,287 [ForkJoinPool.commonPool-worker-0] INFO  impl.RaftServerImpl (ServerState.java:close(388)) - 9dbd5372-55c2-4532-b354-9494d3d545d2@group-F367C8FA5986: closes. applyIndex: -1
2019-10-30 11:53:08,287 [9dbd5372-55c2-4532-b354-9494d3d545d2@group-F367C8FA5986-SegmentedRaftLogWorker] INFO  segmented.SegmentedRaftLogWorker (SegmentedRaftLogWorker.java:run(316)) - 9dbd5372-55c2-4532-b354-9494d3d545d2@group-F367C8FA5986-SegmentedRaftLogWorker was interrupted, exiting. There are 0 tasks remaining in the queue.
2019-10-30 11:53:08,287 [ForkJoinPool.commonPool-worker-0] INFO  segmented.SegmentedRaftLogWorker (SegmentedRaftLogWorker.java:close(224)) - 9dbd5372-55c2-4532-b354-9494d3d545d2@group-F367C8FA5986-SegmentedRaftLogWorker close()
2019-10-30 11:53:08,290 [ForkJoinPool.commonPool-worker-0] INFO  impl.RaftServerImpl (RaftServerImpl.java:lambda$shutdown$3(261)) - 9dbd5372-55c2-4532-b354-9494d3d545d2@group-21BC6F026591: shutdown
2019-10-30 11:53:08,291 [ForkJoinPool.commonPool-worker-0] INFO  util.JmxRegister (JmxRegister.java:unregister(73)) - Successfully un-registered JMX Bean with object name Ratis:service=RaftServer,group=group-21BC6F026591,id=9dbd5372-55c2-4532-b354-9494d3d545d2
2019-10-30 11:53:08,291 [ForkJoinPool.commonPool-worker-0] INFO  impl.RoleInfo (RoleInfo.java:shutdownLeaderState(104)) - 9dbd5372-55c2-4532-b354-9494d3d545d2: shutdown LeaderState
2019-10-30 11:53:08,291 [ForkJoinPool.commonPool-worker-0] INFO  impl.PendingRequests (PendingRequests.java:sendNotLeaderResponses(202)) - 9dbd5372-55c2-4532-b354-9494d3d545d2@group-21BC6F026591-PendingRequests: sendNotLeaderResponses
2019-10-30 11:53:08,291 [ForkJoinPool.commonPool-worker-0] INFO  impl.StateMachineUpdater (StateMachineUpdater.java:stopAndJoin(136)) - 9dbd5372-55c2-4532-b354-9494d3d545d2@group-21BC6F026591-StateMachineUpdater: set stopIndex = 0
2019-10-30 11:53:08,291 [ForkJoinPool.commonPool-worker-0] INFO  impl.RaftServerImpl (ServerState.java:close(388)) - 9dbd5372-55c2-4532-b354-9494d3d545d2@group-21BC6F026591: closes. applyIndex: 0
2019-10-30 11:53:08,292 [9dbd5372-55c2-4532-b354-9494d3d545d2@group-F367C8FA5986-LeaderElection481] INFO  impl.LeaderElection (LeaderElection.java:logAndReturn(56)) - 9dbd5372-55c2-4532-b354-9494d3d545d2@group-F367C8FA5986-LeaderElection481: Election REJECTED; received 1 response(s) [9dbd5372-55c2-4532-b354-9494d3d545d2<-9b3ef6c9-0245-4756-bf80-45d41f7a4453#0:FAIL-t268] and 1 exception(s); 9dbd5372-55c2-4532-b354-9494d3d545d2@group-F367C8FA5986:t268, leader=null, voted=9dbd5372-55c2-4532-b354-9494d3d545d2, raftlog=9dbd5372-55c2-4532-b354-9494d3d545d2@group-F367C8FA5986-SegmentedRaftLog:CLOSED:c-1, conf=-1: [9b3ef6c9-0245-4756-bf80-45d41f7a4453:192.168.157.220:37058, cd11b2f5-3187-4d03-bd60-931991550c17:192.168.157.220:43236, 9dbd5372-55c2-4532-b354-9494d3d545d2:192.168.157.220:42993], old=null
2019-10-30 11:53:08,292 [9dbd5372-55c2-4532-b354-9494d3d545d2@group-F367C8FA5986-LeaderElection481] INFO  impl.LeaderElection (LogUtils.java:infoOrTrace(149)) -   Exception 0: {}
java.util.concurrent.ExecutionException: org.apache.ratis.thirdparty.io.grpc.StatusRuntimeException: UNAVAILABLE: io exception
	at java.util.concurrent.FutureTask.report(FutureTask.java:122)
	at java.util.concurrent.FutureTask.get(FutureTask.java:192)
	at org.apache.ratis.server.impl.LeaderElection.waitForResults(LeaderElection.java:259)
	at org.apache.ratis.server.impl.LeaderElection.askForVotes(LeaderElection.java:197)
	at org.apache.ratis.server.impl.LeaderElection.run(LeaderElection.java:133)
	at java.lang.Thread.run(Thread.java:748)
Caused by: org.apache.ratis.thirdparty.io.grpc.StatusRuntimeException: UNAVAILABLE: io exception
	at org.apache.ratis.thirdparty.io.grpc.stub.ClientCalls.toStatusRuntimeException(ClientCalls.java:233)
	at org.apache.ratis.thirdparty.io.grpc.stub.ClientCalls.getUnchecked(ClientCalls.java:214)
	at org.apache.ratis.thirdparty.io.grpc.stub.ClientCalls.blockingUnaryCall(ClientCalls.java:139)
	at org.apache.ratis.proto.grpc.RaftServerProtocolServiceGrpc$RaftServerProtocolServiceBlockingStub.requestVote(RaftServerProtocolServiceGrpc.java:265)
	at org.apache.ratis.grpc.server.GrpcServerProtocolClient.requestVote(GrpcServerProtocolClient.java:99)
	at org.apache.ratis.grpc.server.GrpcService.requestVote(GrpcService.java:204)
	at org.apache.ratis.server.impl.LeaderElection.lambda$submitRequests$1(LeaderElection.java:234)
	at java.util.concurrent.FutureTask.run(FutureTask.java:266)
	at java.util.concurrent.Executors$RunnableAdapter.call(Executors.java:511)
	at java.util.concurrent.FutureTask.run(FutureTask.java:266)
	at java.util.concurrent.ThreadPoolExecutor.runWorker(ThreadPoolExecutor.java:1149)
	at java.util.concurrent.ThreadPoolExecutor$Worker.run(ThreadPoolExecutor.java:624)
	... 1 more
Caused by: org.apache.ratis.thirdparty.io.netty.channel.AbstractChannel$AnnotatedConnectException: Connection refused: /192.168.157.220:43236
	at sun.nio.ch.SocketChannelImpl.checkConnect(Native Method)
	at sun.nio.ch.SocketChannelImpl.finishConnect(SocketChannelImpl.java:717)
	at org.apache.ratis.thirdparty.io.netty.channel.socket.nio.NioSocketChannel.doFinishConnect(NioSocketChannel.java:327)
	at org.apache.ratis.thirdparty.io.netty.channel.nio.AbstractNioChannel$AbstractNioUnsafe.finishConnect(AbstractNioChannel.java:340)
	at org.apache.ratis.thirdparty.io.netty.channel.nio.NioEventLoop.processSelectedKey(NioEventLoop.java:632)
	at org.apache.ratis.thirdparty.io.netty.channel.nio.NioEventLoop.processSelectedKeysOptimized(NioEventLoop.java:579)
	at org.apache.ratis.thirdparty.io.netty.channel.nio.NioEventLoop.processSelectedKeys(NioEventLoop.java:496)
	at org.apache.ratis.thirdparty.io.netty.channel.nio.NioEventLoop.run(NioEventLoop.java:458)
	at org.apache.ratis.thirdparty.io.netty.util.concurrent.SingleThreadEventExecutor$5.run(SingleThreadEventExecutor.java:897)
	at org.apache.ratis.thirdparty.io.netty.util.concurrent.FastThreadLocalRunnable.run(FastThreadLocalRunnable.java:30)
	... 1 more
Caused by: java.net.ConnectException: Connection refused
	... 11 more
2019-10-30 11:53:08,292 [9dbd5372-55c2-4532-b354-9494d3d545d2@group-21BC6F026591-SegmentedRaftLogWorker] INFO  segmented.SegmentedRaftLogWorker (SegmentedRaftLogWorker.java:run(316)) - 9dbd5372-55c2-4532-b354-9494d3d545d2@group-21BC6F026591-SegmentedRaftLogWorker was interrupted, exiting. There are 0 tasks remaining in the queue.
2019-10-30 11:53:08,293 [ForkJoinPool.commonPool-worker-0] INFO  segmented.SegmentedRaftLogWorker (SegmentedRaftLogWorker.java:close(224)) - 9dbd5372-55c2-4532-b354-9494d3d545d2@group-21BC6F026591-SegmentedRaftLogWorker close()
2019-10-30 11:53:08,296 [ForkJoinPool.commonPool-worker-0] INFO  server.GrpcService (GrpcService.java:closeImpl(164)) - 9dbd5372-55c2-4532-b354-9494d3d545d2: shutdown server with port 42993 now
2019-10-30 11:53:08,297 [ForkJoinPool.commonPool-worker-0] INFO  server.GrpcService (GrpcService.java:closeImpl(172)) - 9dbd5372-55c2-4532-b354-9494d3d545d2: shutdown server with port 42993 successfully
2019-10-30 11:53:08,298 [refreshUsed-/workdir/hadoop-ozone/integration-test/target/test-dir/MiniOzoneClusterImpl-aaf233b5-8021-4449-9df2-227d87d78376/datanode-4/data/containers] WARN  fs.CachingGetSpaceUsed (CachingGetSpaceUsed.java:run(183)) - Thread Interrupted waiting to refresh disk information: sleep interrupted
2019-10-30 11:53:08,311 [ForkJoinPool.commonPool-worker-0] INFO  utils.BackgroundService (BackgroundService.java:shutdown(151)) - Shutting down service BlockDeletingService
2019-10-30 11:53:08,315 [ForkJoinPool.commonPool-worker-0] INFO  statemachine.DatanodeStateMachine (DatanodeStateMachine.java:stopDaemon(395)) - Ozone container server stopped.
2019-10-30 11:53:08,316 [main] INFO  ozoneimpl.OzoneContainer (OzoneContainer.java:stop(227)) - Attempting to stop container services.
2019-10-30 11:53:08,318 [main] INFO  impl.RaftServerProxy (RaftServerProxy.java:lambda$close$4(314)) - a12d6b9e-ec23-449e-8b58-135e3e67eb04: close
2019-10-30 11:53:08,318 [ForkJoinPool.commonPool-worker-0] INFO  handler.ContextHandler (ContextHandler.java:doStop(910)) - Stopped o.e.j.w.WebAppContext@5a6fa56e{/,null,UNAVAILABLE}{/hddsDatanode}
2019-10-30 11:53:08,318 [main] INFO  impl.RaftServerImpl (RaftServerImpl.java:lambda$shutdown$3(261)) - a12d6b9e-ec23-449e-8b58-135e3e67eb04@group-F4754498887B: shutdown
2019-10-30 11:53:08,318 [main] INFO  util.JmxRegister (JmxRegister.java:unregister(73)) - Successfully un-registered JMX Bean with object name Ratis:service=RaftServer,group=group-F4754498887B,id=a12d6b9e-ec23-449e-8b58-135e3e67eb04
2019-10-30 11:53:08,318 [ForkJoinPool.commonPool-worker-0] INFO  server.AbstractConnector (AbstractConnector.java:doStop(318)) - Stopped ServerConnector@1981d861{HTTP/1.1,[http/1.1]}{0.0.0.0:0}
2019-10-30 11:53:08,319 [main] INFO  impl.RoleInfo (RoleInfo.java:shutdownLeaderState(104)) - a12d6b9e-ec23-449e-8b58-135e3e67eb04: shutdown LeaderState
2019-10-30 11:53:08,320 [ForkJoinPool.commonPool-worker-0] INFO  handler.ContextHandler (ContextHandler.java:doStop(910)) - Stopped o.e.j.s.ServletContextHandler@15639440{/static,jar:file:/home/user/.m2/repository/org/apache/hadoop/hadoop-hdds-container-service/0.5.0-SNAPSHOT/hadoop-hdds-container-service-0.5.0-SNAPSHOT.jar!/webapps/static,UNAVAILABLE}
2019-10-30 11:53:08,320 [main] INFO  impl.PendingRequests (PendingRequests.java:sendNotLeaderResponses(202)) - a12d6b9e-ec23-449e-8b58-135e3e67eb04@group-F4754498887B-PendingRequests: sendNotLeaderResponses
2019-10-30 11:53:08,321 [ForkJoinPool.commonPool-worker-0] INFO  handler.ContextHandler (ContextHandler.java:doStop(910)) - Stopped o.e.j.s.ServletContextHandler@712cfb63{/logs,file:///workdir/hadoop-ozone/integration-test/target/log,UNAVAILABLE}
2019-10-30 11:53:08,321 [main] INFO  impl.StateMachineUpdater (StateMachineUpdater.java:stopAndJoin(136)) - a12d6b9e-ec23-449e-8b58-135e3e67eb04@group-F4754498887B-StateMachineUpdater: set stopIndex = 0
2019-10-30 11:53:08,322 [main] INFO  impl.RaftServerImpl (ServerState.java:close(388)) - a12d6b9e-ec23-449e-8b58-135e3e67eb04@group-F4754498887B: closes. applyIndex: 0
2019-10-30 11:53:08,322 [a12d6b9e-ec23-449e-8b58-135e3e67eb04@group-F4754498887B-SegmentedRaftLogWorker] INFO  segmented.SegmentedRaftLogWorker (SegmentedRaftLogWorker.java:run(316)) - a12d6b9e-ec23-449e-8b58-135e3e67eb04@group-F4754498887B-SegmentedRaftLogWorker was interrupted, exiting. There are 0 tasks remaining in the queue.
2019-10-30 11:53:08,323 [main] INFO  segmented.SegmentedRaftLogWorker (SegmentedRaftLogWorker.java:close(224)) - a12d6b9e-ec23-449e-8b58-135e3e67eb04@group-F4754498887B-SegmentedRaftLogWorker close()
2019-10-30 11:53:08,333 [main] INFO  impl.RaftServerImpl (RaftServerImpl.java:lambda$shutdown$3(261)) - a12d6b9e-ec23-449e-8b58-135e3e67eb04@group-6C94BA02685B: shutdown
2019-10-30 11:53:08,333 [main] INFO  util.JmxRegister (JmxRegister.java:unregister(73)) - Successfully un-registered JMX Bean with object name Ratis:service=RaftServer,group=group-6C94BA02685B,id=a12d6b9e-ec23-449e-8b58-135e3e67eb04
2019-10-30 11:53:08,334 [main] INFO  impl.RoleInfo (RoleInfo.java:shutdownLeaderState(104)) - a12d6b9e-ec23-449e-8b58-135e3e67eb04: shutdown LeaderState
2019-10-30 11:53:08,336 [main] INFO  impl.PendingRequests (PendingRequests.java:sendNotLeaderResponses(202)) - a12d6b9e-ec23-449e-8b58-135e3e67eb04@group-6C94BA02685B-PendingRequests: sendNotLeaderResponses
2019-10-30 11:53:08,336 [main] INFO  impl.StateMachineUpdater (StateMachineUpdater.java:stopAndJoin(136)) - a12d6b9e-ec23-449e-8b58-135e3e67eb04@group-6C94BA02685B-StateMachineUpdater: set stopIndex = 21
2019-10-30 11:53:08,336 [org.apache.ratis.server.impl.LogAppender$AppenderDaemon$$Lambda$420/1739398863@36e7e001] WARN  server.GrpcLogAppender (GrpcLogAppender.java:mayWait(149)) - a12d6b9e-ec23-449e-8b58-135e3e67eb04@group-6C94BA02685B->36879b23-b325-4015-ba59-8656331c6f4b-GrpcLogAppender: Wait interrupted by java.lang.InterruptedException
2019-10-30 11:53:08,336 [org.apache.ratis.server.impl.LogAppender$AppenderDaemon$$Lambda$420/1739398863@67546e8a] WARN  server.GrpcLogAppender (GrpcLogAppender.java:mayWait(149)) - a12d6b9e-ec23-449e-8b58-135e3e67eb04@group-6C94BA02685B->6ed35211-36a6-405a-b1db-549f65da443e-GrpcLogAppender: Wait interrupted by java.lang.InterruptedException
2019-10-30 11:53:08,336 [a12d6b9e-ec23-449e-8b58-135e3e67eb04@group-6C94BA02685B-StateMachineUpdater] INFO  ratis.ContainerStateMachine (ContainerStateMachine.java:takeSnapshot(294)) - group-6C94BA02685B: Taking a snapshot at:(t:2, i:17) file /workdir/hadoop-ozone/integration-test/target/test-dir/MiniOzoneClusterImpl-aaf233b5-8021-4449-9df2-227d87d78376/datanode-8/data/ratis/c2bfa153-54fb-4653-be57-6c94ba02685b/sm/snapshot.2_17
2019-10-30 11:53:08,341 [grpc-default-executor-6] INFO  server.GrpcServerProtocolService (GrpcServerProtocolService.java:onCompleted(113)) - 6ed35211-36a6-405a-b1db-549f65da443e: Completed APPEND_ENTRIES, lastRequest: a12d6b9e-ec23-449e-8b58-135e3e67eb04->6ed35211-36a6-405a-b1db-549f65da443e#9-t3, previous=(t:3, i:21), leaderCommit=21, initializing? false, entries: <empty>
2019-10-30 11:53:08,341 [grpc-default-executor-4] INFO  server.GrpcLogAppender (GrpcLogAppender.java:onCompleted(308)) - a12d6b9e-ec23-449e-8b58-135e3e67eb04@group-6C94BA02685B->6ed35211-36a6-405a-b1db-549f65da443e-AppendLogResponseHandler: follower responses appendEntries COMPLETED
2019-10-30 11:53:08,342 [grpc-default-executor-4] INFO  impl.FollowerInfo (FollowerInfo.java:lambda$new$0(51)) - a12d6b9e-ec23-449e-8b58-135e3e67eb04@group-6C94BA02685B->6ed35211-36a6-405a-b1db-549f65da443e: nextIndex: updateUnconditionally 22 -> 21
2019-10-30 11:53:08,365 [a12d6b9e-ec23-449e-8b58-135e3e67eb04@group-6C94BA02685B-StateMachineUpdater] INFO  ratis.ContainerStateMachine (ContainerStateMachine.java:takeSnapshot(305)) - group-6C94BA02685B: Finished taking a snapshot at:(t:2, i:17) file:/workdir/hadoop-ozone/integration-test/target/test-dir/MiniOzoneClusterImpl-aaf233b5-8021-4449-9df2-227d87d78376/datanode-8/data/ratis/c2bfa153-54fb-4653-be57-6c94ba02685b/sm/snapshot.2_17 time:29
2019-10-30 11:53:08,366 [a12d6b9e-ec23-449e-8b58-135e3e67eb04@group-6C94BA02685B-StateMachineUpdater] INFO  impl.StateMachineUpdater (StateMachineUpdater.java:takeSnapshot(269)) - a12d6b9e-ec23-449e-8b58-135e3e67eb04@group-6C94BA02685B-StateMachineUpdater: Took a snapshot at index 17
2019-10-30 11:53:08,366 [a12d6b9e-ec23-449e-8b58-135e3e67eb04@group-6C94BA02685B-StateMachineUpdater] INFO  impl.StateMachineUpdater (StateMachineUpdater.java:lambda$new$0(84)) - a12d6b9e-ec23-449e-8b58-135e3e67eb04@group-6C94BA02685B-StateMachineUpdater: snapshotIndex: updateIncreasingly -1 -> 17
2019-10-30 11:53:08,366 [a12d6b9e-ec23-449e-8b58-135e3e67eb04@group-6C94BA02685B-StateMachineUpdater] INFO  ratis.ContainerStateMachine (ContainerStateMachine.java:takeSnapshot(294)) - group-6C94BA02685B: Taking a snapshot at:(t:2, i:17) file /workdir/hadoop-ozone/integration-test/target/test-dir/MiniOzoneClusterImpl-aaf233b5-8021-4449-9df2-227d87d78376/datanode-8/data/ratis/c2bfa153-54fb-4653-be57-6c94ba02685b/sm/snapshot.2_17
2019-10-30 11:53:08,377 [a12d6b9e-ec23-449e-8b58-135e3e67eb04@group-6C94BA02685B-StateMachineUpdater] INFO  ratis.ContainerStateMachine (ContainerStateMachine.java:takeSnapshot(305)) - group-6C94BA02685B: Finished taking a snapshot at:(t:2, i:17) file:/workdir/hadoop-ozone/integration-test/target/test-dir/MiniOzoneClusterImpl-aaf233b5-8021-4449-9df2-227d87d78376/datanode-8/data/ratis/c2bfa153-54fb-4653-be57-6c94ba02685b/sm/snapshot.2_17 time:11
2019-10-30 11:53:08,377 [a12d6b9e-ec23-449e-8b58-135e3e67eb04@group-6C94BA02685B-StateMachineUpdater] INFO  impl.StateMachineUpdater (StateMachineUpdater.java:takeSnapshot(269)) - a12d6b9e-ec23-449e-8b58-135e3e67eb04@group-6C94BA02685B-StateMachineUpdater: Took a snapshot at index 17
2019-10-30 11:53:08,377 [a12d6b9e-ec23-449e-8b58-135e3e67eb04@group-6C94BA02685B-StateMachineUpdater] INFO  impl.StateMachineUpdater (StateMachineUpdater.java:lambda$new$0(84)) - a12d6b9e-ec23-449e-8b58-135e3e67eb04@group-6C94BA02685B-StateMachineUpdater: snapshotIndex: updateIncreasingly 17 -> 17
2019-10-30 11:53:08,378 [main] INFO  impl.RaftServerImpl (ServerState.java:close(388)) - a12d6b9e-ec23-449e-8b58-135e3e67eb04@group-6C94BA02685B: closes. applyIndex: 21
2019-10-30 11:53:08,378 [a12d6b9e-ec23-449e-8b58-135e3e67eb04@group-6C94BA02685B-SegmentedRaftLogWorker] INFO  segmented.SegmentedRaftLogWorker (SegmentedRaftLogWorker.java:run(316)) - a12d6b9e-ec23-449e-8b58-135e3e67eb04@group-6C94BA02685B-SegmentedRaftLogWorker was interrupted, exiting. There are 0 tasks remaining in the queue.
2019-10-30 11:53:08,378 [main] INFO  segmented.SegmentedRaftLogWorker (SegmentedRaftLogWorker.java:close(224)) - a12d6b9e-ec23-449e-8b58-135e3e67eb04@group-6C94BA02685B-SegmentedRaftLogWorker close()
2019-10-30 11:53:08,380 [main] INFO  server.GrpcService (GrpcService.java:closeImpl(164)) - a12d6b9e-ec23-449e-8b58-135e3e67eb04: shutdown server with port 40337 now
2019-10-30 11:53:08,381 [main] INFO  server.GrpcService (GrpcService.java:closeImpl(172)) - a12d6b9e-ec23-449e-8b58-135e3e67eb04: shutdown server with port 40337 successfully
2019-10-30 11:53:08,385 [refreshUsed-/workdir/hadoop-ozone/integration-test/target/test-dir/MiniOzoneClusterImpl-aaf233b5-8021-4449-9df2-227d87d78376/datanode-8/data/containers] WARN  fs.CachingGetSpaceUsed (CachingGetSpaceUsed.java:run(183)) - Thread Interrupted waiting to refresh disk information: sleep interrupted
2019-10-30 11:53:08,406 [main] INFO  utils.BackgroundService (BackgroundService.java:shutdown(151)) - Shutting down service BlockDeletingService
2019-10-30 11:53:08,411 [main] INFO  statemachine.DatanodeStateMachine (DatanodeStateMachine.java:stopDaemon(395)) - Ozone container server stopped.
2019-10-30 11:53:08,417 [main] INFO  handler.ContextHandler (ContextHandler.java:doStop(910)) - Stopped o.e.j.w.WebAppContext@59696551{/,null,UNAVAILABLE}{/hddsDatanode}
2019-10-30 11:53:08,417 [main] INFO  server.AbstractConnector (AbstractConnector.java:doStop(318)) - Stopped ServerConnector@648d0e6d{HTTP/1.1,[http/1.1]}{0.0.0.0:0}
2019-10-30 11:53:08,418 [main] INFO  handler.ContextHandler (ContextHandler.java:doStop(910)) - Stopped o.e.j.s.ServletContextHandler@53311681{/static,jar:file:/home/user/.m2/repository/org/apache/hadoop/hadoop-hdds-container-service/0.5.0-SNAPSHOT/hadoop-hdds-container-service-0.5.0-SNAPSHOT.jar!/webapps/static,UNAVAILABLE}
2019-10-30 11:53:08,418 [main] INFO  handler.ContextHandler (ContextHandler.java:doStop(910)) - Stopped o.e.j.s.ServletContextHandler@79a04e5f{/logs,file:///workdir/hadoop-ozone/integration-test/target/log,UNAVAILABLE}
2019-10-30 11:53:08,665 [Thread-3481] INFO  impl.FollowerState (FollowerState.java:run(108)) - 4cc44201-a597-43af-a4ec-5b1b407a6250@group-83984122B78E-FollowerState: change to CANDIDATE, lastRpcTime:1046ms, electionTimeout:1046ms
2019-10-30 11:53:08,665 [Thread-3481] INFO  impl.RoleInfo (RoleInfo.java:shutdownFollowerState(121)) - 4cc44201-a597-43af-a4ec-5b1b407a6250: shutdown FollowerState
2019-10-30 11:53:08,665 [Thread-3481] INFO  impl.RaftServerImpl (RaftServerImpl.java:setRole(184)) - 4cc44201-a597-43af-a4ec-5b1b407a6250@group-83984122B78E: changes role from  FOLLOWER to CANDIDATE at term 244 for changeToCandidate
2019-10-30 11:53:08,665 [Thread-3481] INFO  impl.RoleInfo (RoleInfo.java:updateAndGet(143)) - 4cc44201-a597-43af-a4ec-5b1b407a6250: start LeaderElection
2019-10-30 11:53:08,681 [4cc44201-a597-43af-a4ec-5b1b407a6250@group-83984122B78E-LeaderElection482] INFO  impl.LeaderElection (LeaderElection.java:askForVotes(178)) - 4cc44201-a597-43af-a4ec-5b1b407a6250@group-83984122B78E-LeaderElection482: begin an election at term 245 for 0: [4f16e274-8663-4a15-9c4c-c81f650ab979:192.168.157.220:38181, 4cc44201-a597-43af-a4ec-5b1b407a6250:192.168.157.220:36685, f26e10ed-fb17-49e6-a903-eadc130d13d1:192.168.157.220:32806], old=null
2019-10-30 11:53:08,689 [4cc44201-a597-43af-a4ec-5b1b407a6250@group-83984122B78E-LeaderElection482] INFO  impl.LeaderElection (LogUtils.java:infoOrTrace(149)) - 4cc44201-a597-43af-a4ec-5b1b407a6250@group-83984122B78E-LeaderElection482 got exception when requesting votes: {}
java.util.concurrent.ExecutionException: org.apache.ratis.thirdparty.io.grpc.StatusRuntimeException: UNAVAILABLE: io exception
	at java.util.concurrent.FutureTask.report(FutureTask.java:122)
	at java.util.concurrent.FutureTask.get(FutureTask.java:192)
	at org.apache.ratis.server.impl.LeaderElection.waitForResults(LeaderElection.java:259)
	at org.apache.ratis.server.impl.LeaderElection.askForVotes(LeaderElection.java:197)
	at org.apache.ratis.server.impl.LeaderElection.run(LeaderElection.java:133)
	at java.lang.Thread.run(Thread.java:748)
Caused by: org.apache.ratis.thirdparty.io.grpc.StatusRuntimeException: UNAVAILABLE: io exception
	at org.apache.ratis.thirdparty.io.grpc.stub.ClientCalls.toStatusRuntimeException(ClientCalls.java:233)
	at org.apache.ratis.thirdparty.io.grpc.stub.ClientCalls.getUnchecked(ClientCalls.java:214)
	at org.apache.ratis.thirdparty.io.grpc.stub.ClientCalls.blockingUnaryCall(ClientCalls.java:139)
	at org.apache.ratis.proto.grpc.RaftServerProtocolServiceGrpc$RaftServerProtocolServiceBlockingStub.requestVote(RaftServerProtocolServiceGrpc.java:265)
	at org.apache.ratis.grpc.server.GrpcServerProtocolClient.requestVote(GrpcServerProtocolClient.java:99)
	at org.apache.ratis.grpc.server.GrpcService.requestVote(GrpcService.java:204)
	at org.apache.ratis.server.impl.LeaderElection.lambda$submitRequests$1(LeaderElection.java:234)
	at java.util.concurrent.FutureTask.run(FutureTask.java:266)
	at java.util.concurrent.Executors$RunnableAdapter.call(Executors.java:511)
	at java.util.concurrent.FutureTask.run(FutureTask.java:266)
	at java.util.concurrent.ThreadPoolExecutor.runWorker(ThreadPoolExecutor.java:1149)
	at java.util.concurrent.ThreadPoolExecutor$Worker.run(ThreadPoolExecutor.java:624)
	... 1 more
Caused by: org.apache.ratis.thirdparty.io.netty.channel.AbstractChannel$AnnotatedConnectException: Connection refused: /192.168.157.220:38181
	at sun.nio.ch.SocketChannelImpl.checkConnect(Native Method)
	at sun.nio.ch.SocketChannelImpl.finishConnect(SocketChannelImpl.java:717)
	at org.apache.ratis.thirdparty.io.netty.channel.socket.nio.NioSocketChannel.doFinishConnect(NioSocketChannel.java:327)
	at org.apache.ratis.thirdparty.io.netty.channel.nio.AbstractNioChannel$AbstractNioUnsafe.finishConnect(AbstractNioChannel.java:340)
	at org.apache.ratis.thirdparty.io.netty.channel.nio.NioEventLoop.processSelectedKey(NioEventLoop.java:632)
	at org.apache.ratis.thirdparty.io.netty.channel.nio.NioEventLoop.processSelectedKeysOptimized(NioEventLoop.java:579)
	at org.apache.ratis.thirdparty.io.netty.channel.nio.NioEventLoop.processSelectedKeys(NioEventLoop.java:496)
	at org.apache.ratis.thirdparty.io.netty.channel.nio.NioEventLoop.run(NioEventLoop.java:458)
	at org.apache.ratis.thirdparty.io.netty.util.concurrent.SingleThreadEventExecutor$5.run(SingleThreadEventExecutor.java:897)
	at org.apache.ratis.thirdparty.io.netty.util.concurrent.FastThreadLocalRunnable.run(FastThreadLocalRunnable.java:30)
	... 1 more
Caused by: java.net.ConnectException: Connection refused
	... 11 more
2019-10-30 11:53:08,689 [4cc44201-a597-43af-a4ec-5b1b407a6250@group-83984122B78E-LeaderElection482] INFO  impl.LeaderElection (LogUtils.java:infoOrTrace(149)) - 4cc44201-a597-43af-a4ec-5b1b407a6250@group-83984122B78E-LeaderElection482 got exception when requesting votes: {}
java.util.concurrent.ExecutionException: org.apache.ratis.thirdparty.io.grpc.StatusRuntimeException: UNAVAILABLE: io exception
	at java.util.concurrent.FutureTask.report(FutureTask.java:122)
	at java.util.concurrent.FutureTask.get(FutureTask.java:192)
	at org.apache.ratis.server.impl.LeaderElection.waitForResults(LeaderElection.java:259)
	at org.apache.ratis.server.impl.LeaderElection.askForVotes(LeaderElection.java:197)
	at org.apache.ratis.server.impl.LeaderElection.run(LeaderElection.java:133)
	at java.lang.Thread.run(Thread.java:748)
Caused by: org.apache.ratis.thirdparty.io.grpc.StatusRuntimeException: UNAVAILABLE: io exception
	at org.apache.ratis.thirdparty.io.grpc.stub.ClientCalls.toStatusRuntimeException(ClientCalls.java:233)
	at org.apache.ratis.thirdparty.io.grpc.stub.ClientCalls.getUnchecked(ClientCalls.java:214)
	at org.apache.ratis.thirdparty.io.grpc.stub.ClientCalls.blockingUnaryCall(ClientCalls.java:139)
	at org.apache.ratis.proto.grpc.RaftServerProtocolServiceGrpc$RaftServerProtocolServiceBlockingStub.requestVote(RaftServerProtocolServiceGrpc.java:265)
	at org.apache.ratis.grpc.server.GrpcServerProtocolClient.requestVote(GrpcServerProtocolClient.java:99)
	at org.apache.ratis.grpc.server.GrpcService.requestVote(GrpcService.java:204)
	at org.apache.ratis.server.impl.LeaderElection.lambda$submitRequests$1(LeaderElection.java:234)
	at java.util.concurrent.FutureTask.run(FutureTask.java:266)
	at java.util.concurrent.Executors$RunnableAdapter.call(Executors.java:511)
	at java.util.concurrent.FutureTask.run(FutureTask.java:266)
	at java.util.concurrent.ThreadPoolExecutor.runWorker(ThreadPoolExecutor.java:1149)
	at java.util.concurrent.ThreadPoolExecutor$Worker.run(ThreadPoolExecutor.java:624)
	... 1 more
Caused by: org.apache.ratis.thirdparty.io.netty.channel.AbstractChannel$AnnotatedConnectException: Connection refused: /192.168.157.220:32806
	at sun.nio.ch.SocketChannelImpl.checkConnect(Native Method)
	at sun.nio.ch.SocketChannelImpl.finishConnect(SocketChannelImpl.java:717)
	at org.apache.ratis.thirdparty.io.netty.channel.socket.nio.NioSocketChannel.doFinishConnect(NioSocketChannel.java:327)
	at org.apache.ratis.thirdparty.io.netty.channel.nio.AbstractNioChannel$AbstractNioUnsafe.finishConnect(AbstractNioChannel.java:340)
	at org.apache.ratis.thirdparty.io.netty.channel.nio.NioEventLoop.processSelectedKey(NioEventLoop.java:632)
	at org.apache.ratis.thirdparty.io.netty.channel.nio.NioEventLoop.processSelectedKeysOptimized(NioEventLoop.java:579)
	at org.apache.ratis.thirdparty.io.netty.channel.nio.NioEventLoop.processSelectedKeys(NioEventLoop.java:496)
	at org.apache.ratis.thirdparty.io.netty.channel.nio.NioEventLoop.run(NioEventLoop.java:458)
	at org.apache.ratis.thirdparty.io.netty.util.concurrent.SingleThreadEventExecutor$5.run(SingleThreadEventExecutor.java:897)
	at org.apache.ratis.thirdparty.io.netty.util.concurrent.FastThreadLocalRunnable.run(FastThreadLocalRunnable.java:30)
	... 1 more
Caused by: java.net.ConnectException: Connection refused
	... 11 more
2019-10-30 11:53:08,690 [4cc44201-a597-43af-a4ec-5b1b407a6250@group-83984122B78E-LeaderElection482] INFO  impl.LeaderElection (LeaderElection.java:logAndReturn(56)) - 4cc44201-a597-43af-a4ec-5b1b407a6250@group-83984122B78E-LeaderElection482: Election REJECTED; received 0 response(s) [] and 2 exception(s); 4cc44201-a597-43af-a4ec-5b1b407a6250@group-83984122B78E:t245, leader=null, voted=4cc44201-a597-43af-a4ec-5b1b407a6250, raftlog=4cc44201-a597-43af-a4ec-5b1b407a6250@group-83984122B78E-SegmentedRaftLog:OPENED:c-1,f0,i0, conf=0: [4f16e274-8663-4a15-9c4c-c81f650ab979:192.168.157.220:38181, 4cc44201-a597-43af-a4ec-5b1b407a6250:192.168.157.220:36685, f26e10ed-fb17-49e6-a903-eadc130d13d1:192.168.157.220:32806], old=null
2019-10-30 11:53:08,690 [4cc44201-a597-43af-a4ec-5b1b407a6250@group-83984122B78E-LeaderElection482] INFO  impl.LeaderElection (LogUtils.java:infoOrTrace(149)) -   Exception 0: {}
java.util.concurrent.ExecutionException: org.apache.ratis.thirdparty.io.grpc.StatusRuntimeException: UNAVAILABLE: io exception
	at java.util.concurrent.FutureTask.report(FutureTask.java:122)
	at java.util.concurrent.FutureTask.get(FutureTask.java:192)
	at org.apache.ratis.server.impl.LeaderElection.waitForResults(LeaderElection.java:259)
	at org.apache.ratis.server.impl.LeaderElection.askForVotes(LeaderElection.java:197)
	at org.apache.ratis.server.impl.LeaderElection.run(LeaderElection.java:133)
	at java.lang.Thread.run(Thread.java:748)
Caused by: org.apache.ratis.thirdparty.io.grpc.StatusRuntimeException: UNAVAILABLE: io exception
	at org.apache.ratis.thirdparty.io.grpc.stub.ClientCalls.toStatusRuntimeException(ClientCalls.java:233)
	at org.apache.ratis.thirdparty.io.grpc.stub.ClientCalls.getUnchecked(ClientCalls.java:214)
	at org.apache.ratis.thirdparty.io.grpc.stub.ClientCalls.blockingUnaryCall(ClientCalls.java:139)
	at org.apache.ratis.proto.grpc.RaftServerProtocolServiceGrpc$RaftServerProtocolServiceBlockingStub.requestVote(RaftServerProtocolServiceGrpc.java:265)
	at org.apache.ratis.grpc.server.GrpcServerProtocolClient.requestVote(GrpcServerProtocolClient.java:99)
	at org.apache.ratis.grpc.server.GrpcService.requestVote(GrpcService.java:204)
	at org.apache.ratis.server.impl.LeaderElection.lambda$submitRequests$1(LeaderElection.java:234)
	at java.util.concurrent.FutureTask.run(FutureTask.java:266)
	at java.util.concurrent.Executors$RunnableAdapter.call(Executors.java:511)
	at java.util.concurrent.FutureTask.run(FutureTask.java:266)
	at java.util.concurrent.ThreadPoolExecutor.runWorker(ThreadPoolExecutor.java:1149)
	at java.util.concurrent.ThreadPoolExecutor$Worker.run(ThreadPoolExecutor.java:624)
	... 1 more
Caused by: org.apache.ratis.thirdparty.io.netty.channel.AbstractChannel$AnnotatedConnectException: Connection refused: /192.168.157.220:38181
	at sun.nio.ch.SocketChannelImpl.checkConnect(Native Method)
	at sun.nio.ch.SocketChannelImpl.finishConnect(SocketChannelImpl.java:717)
	at org.apache.ratis.thirdparty.io.netty.channel.socket.nio.NioSocketChannel.doFinishConnect(NioSocketChannel.java:327)
	at org.apache.ratis.thirdparty.io.netty.channel.nio.AbstractNioChannel$AbstractNioUnsafe.finishConnect(AbstractNioChannel.java:340)
	at org.apache.ratis.thirdparty.io.netty.channel.nio.NioEventLoop.processSelectedKey(NioEventLoop.java:632)
	at org.apache.ratis.thirdparty.io.netty.channel.nio.NioEventLoop.processSelectedKeysOptimized(NioEventLoop.java:579)
	at org.apache.ratis.thirdparty.io.netty.channel.nio.NioEventLoop.processSelectedKeys(NioEventLoop.java:496)
	at org.apache.ratis.thirdparty.io.netty.channel.nio.NioEventLoop.run(NioEventLoop.java:458)
	at org.apache.ratis.thirdparty.io.netty.util.concurrent.SingleThreadEventExecutor$5.run(SingleThreadEventExecutor.java:897)
	at org.apache.ratis.thirdparty.io.netty.util.concurrent.FastThreadLocalRunnable.run(FastThreadLocalRunnable.java:30)
	... 1 more
Caused by: java.net.ConnectException: Connection refused
	... 11 more
2019-10-30 11:53:08,690 [4cc44201-a597-43af-a4ec-5b1b407a6250@group-83984122B78E-LeaderElection482] INFO  impl.LeaderElection (LogUtils.java:infoOrTrace(149)) -   Exception 1: {}
java.util.concurrent.ExecutionException: org.apache.ratis.thirdparty.io.grpc.StatusRuntimeException: UNAVAILABLE: io exception
	at java.util.concurrent.FutureTask.report(FutureTask.java:122)
	at java.util.concurrent.FutureTask.get(FutureTask.java:192)
	at org.apache.ratis.server.impl.LeaderElection.waitForResults(LeaderElection.java:259)
	at org.apache.ratis.server.impl.LeaderElection.askForVotes(LeaderElection.java:197)
	at org.apache.ratis.server.impl.LeaderElection.run(LeaderElection.java:133)
	at java.lang.Thread.run(Thread.java:748)
Caused by: org.apache.ratis.thirdparty.io.grpc.StatusRuntimeException: UNAVAILABLE: io exception
	at org.apache.ratis.thirdparty.io.grpc.stub.ClientCalls.toStatusRuntimeException(ClientCalls.java:233)
	at org.apache.ratis.thirdparty.io.grpc.stub.ClientCalls.getUnchecked(ClientCalls.java:214)
	at org.apache.ratis.thirdparty.io.grpc.stub.ClientCalls.blockingUnaryCall(ClientCalls.java:139)
	at org.apache.ratis.proto.grpc.RaftServerProtocolServiceGrpc$RaftServerProtocolServiceBlockingStub.requestVote(RaftServerProtocolServiceGrpc.java:265)
	at org.apache.ratis.grpc.server.GrpcServerProtocolClient.requestVote(GrpcServerProtocolClient.java:99)
	at org.apache.ratis.grpc.server.GrpcService.requestVote(GrpcService.java:204)
	at org.apache.ratis.server.impl.LeaderElection.lambda$submitRequests$1(LeaderElection.java:234)
	at java.util.concurrent.FutureTask.run(FutureTask.java:266)
	at java.util.concurrent.Executors$RunnableAdapter.call(Executors.java:511)
	at java.util.concurrent.FutureTask.run(FutureTask.java:266)
	at java.util.concurrent.ThreadPoolExecutor.runWorker(ThreadPoolExecutor.java:1149)
	at java.util.concurrent.ThreadPoolExecutor$Worker.run(ThreadPoolExecutor.java:624)
	... 1 more
Caused by: org.apache.ratis.thirdparty.io.netty.channel.AbstractChannel$AnnotatedConnectException: Connection refused: /192.168.157.220:32806
	at sun.nio.ch.SocketChannelImpl.checkConnect(Native Method)
	at sun.nio.ch.SocketChannelImpl.finishConnect(SocketChannelImpl.java:717)
	at org.apache.ratis.thirdparty.io.netty.channel.socket.nio.NioSocketChannel.doFinishConnect(NioSocketChannel.java:327)
	at org.apache.ratis.thirdparty.io.netty.channel.nio.AbstractNioChannel$AbstractNioUnsafe.finishConnect(AbstractNioChannel.java:340)
	at org.apache.ratis.thirdparty.io.netty.channel.nio.NioEventLoop.processSelectedKey(NioEventLoop.java:632)
	at org.apache.ratis.thirdparty.io.netty.channel.nio.NioEventLoop.processSelectedKeysOptimized(NioEventLoop.java:579)
	at org.apache.ratis.thirdparty.io.netty.channel.nio.NioEventLoop.processSelectedKeys(NioEventLoop.java:496)
	at org.apache.ratis.thirdparty.io.netty.channel.nio.NioEventLoop.run(NioEventLoop.java:458)
	at org.apache.ratis.thirdparty.io.netty.util.concurrent.SingleThreadEventExecutor$5.run(SingleThreadEventExecutor.java:897)
	at org.apache.ratis.thirdparty.io.netty.util.concurrent.FastThreadLocalRunnable.run(FastThreadLocalRunnable.java:30)
	... 1 more
Caused by: java.net.ConnectException: Connection refused
	... 11 more
2019-10-30 11:53:08,690 [4cc44201-a597-43af-a4ec-5b1b407a6250@group-83984122B78E-LeaderElection482] INFO  impl.RaftServerImpl (RaftServerImpl.java:setRole(184)) - 4cc44201-a597-43af-a4ec-5b1b407a6250@group-83984122B78E: changes role from CANDIDATE to FOLLOWER at term 245 for DISCOVERED_A_NEW_TERM
2019-10-30 11:53:08,690 [4cc44201-a597-43af-a4ec-5b1b407a6250@group-83984122B78E-LeaderElection482] INFO  impl.RoleInfo (RoleInfo.java:shutdownLeaderElection(134)) - 4cc44201-a597-43af-a4ec-5b1b407a6250: shutdown LeaderElection
2019-10-30 11:53:08,690 [4cc44201-a597-43af-a4ec-5b1b407a6250@group-83984122B78E-LeaderElection482] INFO  impl.RoleInfo (RoleInfo.java:updateAndGet(143)) - 4cc44201-a597-43af-a4ec-5b1b407a6250: start FollowerState
2019-10-30 11:53:08,883 [Datanode State Machine Thread - 0] INFO  statemachine.DatanodeStateMachine (DatanodeStateMachine.java:lambda$startDaemon$0(350)) - Ozone container server started.
2019-10-30 11:53:09,043 [Datanode State Machine Thread - 0] INFO  statemachine.DatanodeStateMachine (DatanodeStateMachine.java:lambda$startDaemon$0(350)) - Ozone container server started.
2019-10-30 11:53:09,309 [Thread-3507] INFO  impl.FollowerState (FollowerState.java:run(108)) - 9b3ef6c9-0245-4756-bf80-45d41f7a4453@group-F367C8FA5986-FollowerState: change to CANDIDATE, lastRpcTime:1029ms, electionTimeout:1026ms
2019-10-30 11:53:09,309 [Thread-3507] INFO  impl.RoleInfo (RoleInfo.java:shutdownFollowerState(121)) - 9b3ef6c9-0245-4756-bf80-45d41f7a4453: shutdown FollowerState
2019-10-30 11:53:09,309 [Thread-3507] INFO  impl.RaftServerImpl (RaftServerImpl.java:setRole(184)) - 9b3ef6c9-0245-4756-bf80-45d41f7a4453@group-F367C8FA5986: changes role from  FOLLOWER to CANDIDATE at term 268 for changeToCandidate
2019-10-30 11:53:09,309 [Thread-3507] INFO  impl.RoleInfo (RoleInfo.java:updateAndGet(143)) - 9b3ef6c9-0245-4756-bf80-45d41f7a4453: start LeaderElection
2019-10-30 11:53:09,344 [9b3ef6c9-0245-4756-bf80-45d41f7a4453@group-F367C8FA5986-LeaderElection483] INFO  impl.LeaderElection (LeaderElection.java:askForVotes(178)) - 9b3ef6c9-0245-4756-bf80-45d41f7a4453@group-F367C8FA5986-LeaderElection483: begin an election at term 269 for 0: [9b3ef6c9-0245-4756-bf80-45d41f7a4453:192.168.157.220:37058, cd11b2f5-3187-4d03-bd60-931991550c17:192.168.157.220:43236, 9dbd5372-55c2-4532-b354-9494d3d545d2:192.168.157.220:42993], old=null
2019-10-30 11:53:09,364 [9b3ef6c9-0245-4756-bf80-45d41f7a4453@group-F367C8FA5986-LeaderElection483] INFO  impl.LeaderElection (LogUtils.java:infoOrTrace(149)) - 9b3ef6c9-0245-4756-bf80-45d41f7a4453@group-F367C8FA5986-LeaderElection483 got exception when requesting votes: {}
java.util.concurrent.ExecutionException: org.apache.ratis.thirdparty.io.grpc.StatusRuntimeException: UNAVAILABLE: io exception
	at java.util.concurrent.FutureTask.report(FutureTask.java:122)
	at java.util.concurrent.FutureTask.get(FutureTask.java:192)
	at org.apache.ratis.server.impl.LeaderElection.waitForResults(LeaderElection.java:259)
	at org.apache.ratis.server.impl.LeaderElection.askForVotes(LeaderElection.java:197)
	at org.apache.ratis.server.impl.LeaderElection.run(LeaderElection.java:133)
	at java.lang.Thread.run(Thread.java:748)
Caused by: org.apache.ratis.thirdparty.io.grpc.StatusRuntimeException: UNAVAILABLE: io exception
	at org.apache.ratis.thirdparty.io.grpc.stub.ClientCalls.toStatusRuntimeException(ClientCalls.java:233)
	at org.apache.ratis.thirdparty.io.grpc.stub.ClientCalls.getUnchecked(ClientCalls.java:214)
	at org.apache.ratis.thirdparty.io.grpc.stub.ClientCalls.blockingUnaryCall(ClientCalls.java:139)
	at org.apache.ratis.proto.grpc.RaftServerProtocolServiceGrpc$RaftServerProtocolServiceBlockingStub.requestVote(RaftServerProtocolServiceGrpc.java:265)
	at org.apache.ratis.grpc.server.GrpcServerProtocolClient.requestVote(GrpcServerProtocolClient.java:99)
	at org.apache.ratis.grpc.server.GrpcService.requestVote(GrpcService.java:204)
	at org.apache.ratis.server.impl.LeaderElection.lambda$submitRequests$1(LeaderElection.java:234)
	at java.util.concurrent.FutureTask.run(FutureTask.java:266)
	at java.util.concurrent.Executors$RunnableAdapter.call(Executors.java:511)
	at java.util.concurrent.FutureTask.run(FutureTask.java:266)
	at java.util.concurrent.ThreadPoolExecutor.runWorker(ThreadPoolExecutor.java:1149)
	at java.util.concurrent.ThreadPoolExecutor$Worker.run(ThreadPoolExecutor.java:624)
	... 1 more
Caused by: org.apache.ratis.thirdparty.io.netty.channel.AbstractChannel$AnnotatedConnectException: Connection refused: /192.168.157.220:43236
	at sun.nio.ch.SocketChannelImpl.checkConnect(Native Method)
	at sun.nio.ch.SocketChannelImpl.finishConnect(SocketChannelImpl.java:717)
	at org.apache.ratis.thirdparty.io.netty.channel.socket.nio.NioSocketChannel.doFinishConnect(NioSocketChannel.java:327)
	at org.apache.ratis.thirdparty.io.netty.channel.nio.AbstractNioChannel$AbstractNioUnsafe.finishConnect(AbstractNioChannel.java:340)
	at org.apache.ratis.thirdparty.io.netty.channel.nio.NioEventLoop.processSelectedKey(NioEventLoop.java:632)
	at org.apache.ratis.thirdparty.io.netty.channel.nio.NioEventLoop.processSelectedKeysOptimized(NioEventLoop.java:579)
	at org.apache.ratis.thirdparty.io.netty.channel.nio.NioEventLoop.processSelectedKeys(NioEventLoop.java:496)
	at org.apache.ratis.thirdparty.io.netty.channel.nio.NioEventLoop.run(NioEventLoop.java:458)
	at org.apache.ratis.thirdparty.io.netty.util.concurrent.SingleThreadEventExecutor$5.run(SingleThreadEventExecutor.java:897)
	at org.apache.ratis.thirdparty.io.netty.util.concurrent.FastThreadLocalRunnable.run(FastThreadLocalRunnable.java:30)
	... 1 more
Caused by: java.net.ConnectException: Connection refused
	... 11 more
2019-10-30 11:53:09,365 [9b3ef6c9-0245-4756-bf80-45d41f7a4453@group-F367C8FA5986-LeaderElection483] INFO  impl.LeaderElection (LogUtils.java:infoOrTrace(149)) - 9b3ef6c9-0245-4756-bf80-45d41f7a4453@group-F367C8FA5986-LeaderElection483 got exception when requesting votes: {}
java.util.concurrent.ExecutionException: org.apache.ratis.thirdparty.io.grpc.StatusRuntimeException: UNAVAILABLE: io exception
	at java.util.concurrent.FutureTask.report(FutureTask.java:122)
	at java.util.concurrent.FutureTask.get(FutureTask.java:192)
	at org.apache.ratis.server.impl.LeaderElection.waitForResults(LeaderElection.java:259)
	at org.apache.ratis.server.impl.LeaderElection.askForVotes(LeaderElection.java:197)
	at org.apache.ratis.server.impl.LeaderElection.run(LeaderElection.java:133)
	at java.lang.Thread.run(Thread.java:748)
Caused by: org.apache.ratis.thirdparty.io.grpc.StatusRuntimeException: UNAVAILABLE: io exception
	at org.apache.ratis.thirdparty.io.grpc.stub.ClientCalls.toStatusRuntimeException(ClientCalls.java:233)
	at org.apache.ratis.thirdparty.io.grpc.stub.ClientCalls.getUnchecked(ClientCalls.java:214)
	at org.apache.ratis.thirdparty.io.grpc.stub.ClientCalls.blockingUnaryCall(ClientCalls.java:139)
	at org.apache.ratis.proto.grpc.RaftServerProtocolServiceGrpc$RaftServerProtocolServiceBlockingStub.requestVote(RaftServerProtocolServiceGrpc.java:265)
	at org.apache.ratis.grpc.server.GrpcServerProtocolClient.requestVote(GrpcServerProtocolClient.java:99)
	at org.apache.ratis.grpc.server.GrpcService.requestVote(GrpcService.java:204)
	at org.apache.ratis.server.impl.LeaderElection.lambda$submitRequests$1(LeaderElection.java:234)
	at java.util.concurrent.FutureTask.run(FutureTask.java:266)
	at java.util.concurrent.Executors$RunnableAdapter.call(Executors.java:511)
	at java.util.concurrent.FutureTask.run(FutureTask.java:266)
	at java.util.concurrent.ThreadPoolExecutor.runWorker(ThreadPoolExecutor.java:1149)
	at java.util.concurrent.ThreadPoolExecutor$Worker.run(ThreadPoolExecutor.java:624)
	... 1 more
Caused by: org.apache.ratis.thirdparty.io.netty.channel.AbstractChannel$AnnotatedConnectException: Connection refused: /192.168.157.220:42993
	at sun.nio.ch.SocketChannelImpl.checkConnect(Native Method)
	at sun.nio.ch.SocketChannelImpl.finishConnect(SocketChannelImpl.java:717)
	at org.apache.ratis.thirdparty.io.netty.channel.socket.nio.NioSocketChannel.doFinishConnect(NioSocketChannel.java:327)
	at org.apache.ratis.thirdparty.io.netty.channel.nio.AbstractNioChannel$AbstractNioUnsafe.finishConnect(AbstractNioChannel.java:340)
	at org.apache.ratis.thirdparty.io.netty.channel.nio.NioEventLoop.processSelectedKey(NioEventLoop.java:632)
	at org.apache.ratis.thirdparty.io.netty.channel.nio.NioEventLoop.processSelectedKeysOptimized(NioEventLoop.java:579)
	at org.apache.ratis.thirdparty.io.netty.channel.nio.NioEventLoop.processSelectedKeys(NioEventLoop.java:496)
	at org.apache.ratis.thirdparty.io.netty.channel.nio.NioEventLoop.run(NioEventLoop.java:458)
	at org.apache.ratis.thirdparty.io.netty.util.concurrent.SingleThreadEventExecutor$5.run(SingleThreadEventExecutor.java:897)
	at org.apache.ratis.thirdparty.io.netty.util.concurrent.FastThreadLocalRunnable.run(FastThreadLocalRunnable.java:30)
	... 1 more
Caused by: java.net.ConnectException: Connection refused
	... 11 more
2019-10-30 11:53:09,365 [9b3ef6c9-0245-4756-bf80-45d41f7a4453@group-F367C8FA5986-LeaderElection483] INFO  impl.LeaderElection (LeaderElection.java:logAndReturn(56)) - 9b3ef6c9-0245-4756-bf80-45d41f7a4453@group-F367C8FA5986-LeaderElection483: Election REJECTED; received 0 response(s) [] and 2 exception(s); 9b3ef6c9-0245-4756-bf80-45d41f7a4453@group-F367C8FA5986:t269, leader=null, voted=9b3ef6c9-0245-4756-bf80-45d41f7a4453, raftlog=9b3ef6c9-0245-4756-bf80-45d41f7a4453@group-F367C8FA5986-SegmentedRaftLog:OPENED:c0,f0,i0, conf=0: [9b3ef6c9-0245-4756-bf80-45d41f7a4453:192.168.157.220:37058, cd11b2f5-3187-4d03-bd60-931991550c17:192.168.157.220:43236, 9dbd5372-55c2-4532-b354-9494d3d545d2:192.168.157.220:42993], old=null
2019-10-30 11:53:09,365 [9b3ef6c9-0245-4756-bf80-45d41f7a4453@group-F367C8FA5986-LeaderElection483] INFO  impl.LeaderElection (LogUtils.java:infoOrTrace(149)) -   Exception 0: {}
java.util.concurrent.ExecutionException: org.apache.ratis.thirdparty.io.grpc.StatusRuntimeException: UNAVAILABLE: io exception
	at java.util.concurrent.FutureTask.report(FutureTask.java:122)
	at java.util.concurrent.FutureTask.get(FutureTask.java:192)
	at org.apache.ratis.server.impl.LeaderElection.waitForResults(LeaderElection.java:259)
	at org.apache.ratis.server.impl.LeaderElection.askForVotes(LeaderElection.java:197)
	at org.apache.ratis.server.impl.LeaderElection.run(LeaderElection.java:133)
	at java.lang.Thread.run(Thread.java:748)
Caused by: org.apache.ratis.thirdparty.io.grpc.StatusRuntimeException: UNAVAILABLE: io exception
	at org.apache.ratis.thirdparty.io.grpc.stub.ClientCalls.toStatusRuntimeException(ClientCalls.java:233)
	at org.apache.ratis.thirdparty.io.grpc.stub.ClientCalls.getUnchecked(ClientCalls.java:214)
	at org.apache.ratis.thirdparty.io.grpc.stub.ClientCalls.blockingUnaryCall(ClientCalls.java:139)
	at org.apache.ratis.proto.grpc.RaftServerProtocolServiceGrpc$RaftServerProtocolServiceBlockingStub.requestVote(RaftServerProtocolServiceGrpc.java:265)
	at org.apache.ratis.grpc.server.GrpcServerProtocolClient.requestVote(GrpcServerProtocolClient.java:99)
	at org.apache.ratis.grpc.server.GrpcService.requestVote(GrpcService.java:204)
	at org.apache.ratis.server.impl.LeaderElection.lambda$submitRequests$1(LeaderElection.java:234)
	at java.util.concurrent.FutureTask.run(FutureTask.java:266)
	at java.util.concurrent.Executors$RunnableAdapter.call(Executors.java:511)
	at java.util.concurrent.FutureTask.run(FutureTask.java:266)
	at java.util.concurrent.ThreadPoolExecutor.runWorker(ThreadPoolExecutor.java:1149)
	at java.util.concurrent.ThreadPoolExecutor$Worker.run(ThreadPoolExecutor.java:624)
	... 1 more
Caused by: org.apache.ratis.thirdparty.io.netty.channel.AbstractChannel$AnnotatedConnectException: Connection refused: /192.168.157.220:43236
	at sun.nio.ch.SocketChannelImpl.checkConnect(Native Method)
	at sun.nio.ch.SocketChannelImpl.finishConnect(SocketChannelImpl.java:717)
	at org.apache.ratis.thirdparty.io.netty.channel.socket.nio.NioSocketChannel.doFinishConnect(NioSocketChannel.java:327)
	at org.apache.ratis.thirdparty.io.netty.channel.nio.AbstractNioChannel$AbstractNioUnsafe.finishConnect(AbstractNioChannel.java:340)
	at org.apache.ratis.thirdparty.io.netty.channel.nio.NioEventLoop.processSelectedKey(NioEventLoop.java:632)
	at org.apache.ratis.thirdparty.io.netty.channel.nio.NioEventLoop.processSelectedKeysOptimized(NioEventLoop.java:579)
	at org.apache.ratis.thirdparty.io.netty.channel.nio.NioEventLoop.processSelectedKeys(NioEventLoop.java:496)
	at org.apache.ratis.thirdparty.io.netty.channel.nio.NioEventLoop.run(NioEventLoop.java:458)
	at org.apache.ratis.thirdparty.io.netty.util.concurrent.SingleThreadEventExecutor$5.run(SingleThreadEventExecutor.java:897)
	at org.apache.ratis.thirdparty.io.netty.util.concurrent.FastThreadLocalRunnable.run(FastThreadLocalRunnable.java:30)
	... 1 more
Caused by: java.net.ConnectException: Connection refused
	... 11 more
2019-10-30 11:53:09,366 [9b3ef6c9-0245-4756-bf80-45d41f7a4453@group-F367C8FA5986-LeaderElection483] INFO  impl.LeaderElection (LogUtils.java:infoOrTrace(149)) -   Exception 1: {}
java.util.concurrent.ExecutionException: org.apache.ratis.thirdparty.io.grpc.StatusRuntimeException: UNAVAILABLE: io exception
	at java.util.concurrent.FutureTask.report(FutureTask.java:122)
	at java.util.concurrent.FutureTask.get(FutureTask.java:192)
	at org.apache.ratis.server.impl.LeaderElection.waitForResults(LeaderElection.java:259)
	at org.apache.ratis.server.impl.LeaderElection.askForVotes(LeaderElection.java:197)
	at org.apache.ratis.server.impl.LeaderElection.run(LeaderElection.java:133)
	at java.lang.Thread.run(Thread.java:748)
Caused by: org.apache.ratis.thirdparty.io.grpc.StatusRuntimeException: UNAVAILABLE: io exception
	at org.apache.ratis.thirdparty.io.grpc.stub.ClientCalls.toStatusRuntimeException(ClientCalls.java:233)
	at org.apache.ratis.thirdparty.io.grpc.stub.ClientCalls.getUnchecked(ClientCalls.java:214)
	at org.apache.ratis.thirdparty.io.grpc.stub.ClientCalls.blockingUnaryCall(ClientCalls.java:139)
	at org.apache.ratis.proto.grpc.RaftServerProtocolServiceGrpc$RaftServerProtocolServiceBlockingStub.requestVote(RaftServerProtocolServiceGrpc.java:265)
	at org.apache.ratis.grpc.server.GrpcServerProtocolClient.requestVote(GrpcServerProtocolClient.java:99)
	at org.apache.ratis.grpc.server.GrpcService.requestVote(GrpcService.java:204)
	at org.apache.ratis.server.impl.LeaderElection.lambda$submitRequests$1(LeaderElection.java:234)
	at java.util.concurrent.FutureTask.run(FutureTask.java:266)
	at java.util.concurrent.Executors$RunnableAdapter.call(Executors.java:511)
	at java.util.concurrent.FutureTask.run(FutureTask.java:266)
	at java.util.concurrent.ThreadPoolExecutor.runWorker(ThreadPoolExecutor.java:1149)
	at java.util.concurrent.ThreadPoolExecutor$Worker.run(ThreadPoolExecutor.java:624)
	... 1 more
Caused by: org.apache.ratis.thirdparty.io.netty.channel.AbstractChannel$AnnotatedConnectException: Connection refused: /192.168.157.220:42993
	at sun.nio.ch.SocketChannelImpl.checkConnect(Native Method)
	at sun.nio.ch.SocketChannelImpl.finishConnect(SocketChannelImpl.java:717)
	at org.apache.ratis.thirdparty.io.netty.channel.socket.nio.NioSocketChannel.doFinishConnect(NioSocketChannel.java:327)
	at org.apache.ratis.thirdparty.io.netty.channel.nio.AbstractNioChannel$AbstractNioUnsafe.finishConnect(AbstractNioChannel.java:340)
	at org.apache.ratis.thirdparty.io.netty.channel.nio.NioEventLoop.processSelectedKey(NioEventLoop.java:632)
	at org.apache.ratis.thirdparty.io.netty.channel.nio.NioEventLoop.processSelectedKeysOptimized(NioEventLoop.java:579)
	at org.apache.ratis.thirdparty.io.netty.channel.nio.NioEventLoop.processSelectedKeys(NioEventLoop.java:496)
	at org.apache.ratis.thirdparty.io.netty.channel.nio.NioEventLoop.run(NioEventLoop.java:458)
	at org.apache.ratis.thirdparty.io.netty.util.concurrent.SingleThreadEventExecutor$5.run(SingleThreadEventExecutor.java:897)
	at org.apache.ratis.thirdparty.io.netty.util.concurrent.FastThreadLocalRunnable.run(FastThreadLocalRunnable.java:30)
	... 1 more
Caused by: java.net.ConnectException: Connection refused
	... 11 more
2019-10-30 11:53:09,366 [9b3ef6c9-0245-4756-bf80-45d41f7a4453@group-F367C8FA5986-LeaderElection483] INFO  impl.RaftServerImpl (RaftServerImpl.java:setRole(184)) - 9b3ef6c9-0245-4756-bf80-45d41f7a4453@group-F367C8FA5986: changes role from CANDIDATE to FOLLOWER at term 269 for DISCOVERED_A_NEW_TERM
2019-10-30 11:53:09,366 [9b3ef6c9-0245-4756-bf80-45d41f7a4453@group-F367C8FA5986-LeaderElection483] INFO  impl.RoleInfo (RoleInfo.java:shutdownLeaderElection(134)) - 9b3ef6c9-0245-4756-bf80-45d41f7a4453: shutdown LeaderElection
2019-10-30 11:53:09,366 [9b3ef6c9-0245-4756-bf80-45d41f7a4453@group-F367C8FA5986-LeaderElection483] INFO  impl.RoleInfo (RoleInfo.java:updateAndGet(143)) - 9b3ef6c9-0245-4756-bf80-45d41f7a4453: start FollowerState
2019-10-30 11:53:09,710 [Thread-3338] INFO  impl.FollowerState (FollowerState.java:run(108)) - 6ed35211-36a6-405a-b1db-549f65da443e@group-6C94BA02685B-FollowerState: change to CANDIDATE, lastRpcTime:1791ms, electionTimeout:1101ms
2019-10-30 11:53:09,711 [Thread-3338] INFO  impl.RoleInfo (RoleInfo.java:shutdownFollowerState(121)) - 6ed35211-36a6-405a-b1db-549f65da443e: shutdown FollowerState
2019-10-30 11:53:09,711 [Thread-3338] INFO  impl.RaftServerImpl (RaftServerImpl.java:setRole(184)) - 6ed35211-36a6-405a-b1db-549f65da443e@group-6C94BA02685B: changes role from  FOLLOWER to CANDIDATE at term 3 for changeToCandidate
2019-10-30 11:53:09,711 [Thread-3338] INFO  impl.RoleInfo (RoleInfo.java:updateAndGet(143)) - 6ed35211-36a6-405a-b1db-549f65da443e: start LeaderElection
2019-10-30 11:53:09,711 [6ed35211-36a6-405a-b1db-549f65da443e@group-6C94BA02685B-LeaderElection484] INFO  impl.RaftServerImpl (ServerState.java:setLeader(256)) - 6ed35211-36a6-405a-b1db-549f65da443e@group-6C94BA02685B: change Leader from a12d6b9e-ec23-449e-8b58-135e3e67eb04 to null at term 3 for initElection
2019-10-30 11:53:09,724 [6ed35211-36a6-405a-b1db-549f65da443e@group-6C94BA02685B-LeaderElection484] INFO  impl.LeaderElection (LeaderElection.java:askForVotes(178)) - 6ed35211-36a6-405a-b1db-549f65da443e@group-6C94BA02685B-LeaderElection484: begin an election at term 4 for 20: [6ed35211-36a6-405a-b1db-549f65da443e:192.168.157.220:41613, a12d6b9e-ec23-449e-8b58-135e3e67eb04:192.168.157.220:40337, 36879b23-b325-4015-ba59-8656331c6f4b:192.168.157.220:36123], old=null
2019-10-30 11:53:09,728 [6ed35211-36a6-405a-b1db-549f65da443e@group-6C94BA02685B-LeaderElection484] INFO  impl.LeaderElection (LogUtils.java:infoOrTrace(149)) - 6ed35211-36a6-405a-b1db-549f65da443e@group-6C94BA02685B-LeaderElection484 got exception when requesting votes: {}
java.util.concurrent.ExecutionException: org.apache.ratis.thirdparty.io.grpc.StatusRuntimeException: UNAVAILABLE: io exception
	at java.util.concurrent.FutureTask.report(FutureTask.java:122)
	at java.util.concurrent.FutureTask.get(FutureTask.java:192)
	at org.apache.ratis.server.impl.LeaderElection.waitForResults(LeaderElection.java:259)
	at org.apache.ratis.server.impl.LeaderElection.askForVotes(LeaderElection.java:197)
	at org.apache.ratis.server.impl.LeaderElection.run(LeaderElection.java:133)
	at java.lang.Thread.run(Thread.java:748)
Caused by: org.apache.ratis.thirdparty.io.grpc.StatusRuntimeException: UNAVAILABLE: io exception
	at org.apache.ratis.thirdparty.io.grpc.stub.ClientCalls.toStatusRuntimeException(ClientCalls.java:233)
	at org.apache.ratis.thirdparty.io.grpc.stub.ClientCalls.getUnchecked(ClientCalls.java:214)
	at org.apache.ratis.thirdparty.io.grpc.stub.ClientCalls.blockingUnaryCall(ClientCalls.java:139)
	at org.apache.ratis.proto.grpc.RaftServerProtocolServiceGrpc$RaftServerProtocolServiceBlockingStub.requestVote(RaftServerProtocolServiceGrpc.java:265)
	at org.apache.ratis.grpc.server.GrpcServerProtocolClient.requestVote(GrpcServerProtocolClient.java:99)
	at org.apache.ratis.grpc.server.GrpcService.requestVote(GrpcService.java:204)
	at org.apache.ratis.server.impl.LeaderElection.lambda$submitRequests$1(LeaderElection.java:234)
	at java.util.concurrent.FutureTask.run(FutureTask.java:266)
	at java.util.concurrent.Executors$RunnableAdapter.call(Executors.java:511)
	at java.util.concurrent.FutureTask.run(FutureTask.java:266)
	at java.util.concurrent.ThreadPoolExecutor.runWorker(ThreadPoolExecutor.java:1149)
	at java.util.concurrent.ThreadPoolExecutor$Worker.run(ThreadPoolExecutor.java:624)
	... 1 more
Caused by: org.apache.ratis.thirdparty.io.netty.channel.AbstractChannel$AnnotatedConnectException: Connection refused: /192.168.157.220:40337
	at sun.nio.ch.SocketChannelImpl.checkConnect(Native Method)
	at sun.nio.ch.SocketChannelImpl.finishConnect(SocketChannelImpl.java:717)
	at org.apache.ratis.thirdparty.io.netty.channel.socket.nio.NioSocketChannel.doFinishConnect(NioSocketChannel.java:327)
	at org.apache.ratis.thirdparty.io.netty.channel.nio.AbstractNioChannel$AbstractNioUnsafe.finishConnect(AbstractNioChannel.java:340)
	at org.apache.ratis.thirdparty.io.netty.channel.nio.NioEventLoop.processSelectedKey(NioEventLoop.java:632)
	at org.apache.ratis.thirdparty.io.netty.channel.nio.NioEventLoop.processSelectedKeysOptimized(NioEventLoop.java:579)
	at org.apache.ratis.thirdparty.io.netty.channel.nio.NioEventLoop.processSelectedKeys(NioEventLoop.java:496)
	at org.apache.ratis.thirdparty.io.netty.channel.nio.NioEventLoop.run(NioEventLoop.java:458)
	at org.apache.ratis.thirdparty.io.netty.util.concurrent.SingleThreadEventExecutor$5.run(SingleThreadEventExecutor.java:897)
	at org.apache.ratis.thirdparty.io.netty.util.concurrent.FastThreadLocalRunnable.run(FastThreadLocalRunnable.java:30)
	... 1 more
Caused by: java.net.ConnectException: Connection refused
	... 11 more
2019-10-30 11:53:09,731 [6ed35211-36a6-405a-b1db-549f65da443e@group-6C94BA02685B-LeaderElection484] INFO  impl.LeaderElection (LogUtils.java:infoOrTrace(149)) - 6ed35211-36a6-405a-b1db-549f65da443e@group-6C94BA02685B-LeaderElection484 got exception when requesting votes: {}
java.util.concurrent.ExecutionException: org.apache.ratis.thirdparty.io.grpc.StatusRuntimeException: UNAVAILABLE: io exception
	at java.util.concurrent.FutureTask.report(FutureTask.java:122)
	at java.util.concurrent.FutureTask.get(FutureTask.java:192)
	at org.apache.ratis.server.impl.LeaderElection.waitForResults(LeaderElection.java:259)
	at org.apache.ratis.server.impl.LeaderElection.askForVotes(LeaderElection.java:197)
	at org.apache.ratis.server.impl.LeaderElection.run(LeaderElection.java:133)
	at java.lang.Thread.run(Thread.java:748)
Caused by: org.apache.ratis.thirdparty.io.grpc.StatusRuntimeException: UNAVAILABLE: io exception
	at org.apache.ratis.thirdparty.io.grpc.stub.ClientCalls.toStatusRuntimeException(ClientCalls.java:233)
	at org.apache.ratis.thirdparty.io.grpc.stub.ClientCalls.getUnchecked(ClientCalls.java:214)
	at org.apache.ratis.thirdparty.io.grpc.stub.ClientCalls.blockingUnaryCall(ClientCalls.java:139)
	at org.apache.ratis.proto.grpc.RaftServerProtocolServiceGrpc$RaftServerProtocolServiceBlockingStub.requestVote(RaftServerProtocolServiceGrpc.java:265)
	at org.apache.ratis.grpc.server.GrpcServerProtocolClient.requestVote(GrpcServerProtocolClient.java:99)
	at org.apache.ratis.grpc.server.GrpcService.requestVote(GrpcService.java:204)
	at org.apache.ratis.server.impl.LeaderElection.lambda$submitRequests$1(LeaderElection.java:234)
	at java.util.concurrent.FutureTask.run(FutureTask.java:266)
	at java.util.concurrent.Executors$RunnableAdapter.call(Executors.java:511)
	at java.util.concurrent.FutureTask.run(FutureTask.java:266)
	at java.util.concurrent.ThreadPoolExecutor.runWorker(ThreadPoolExecutor.java:1149)
	at java.util.concurrent.ThreadPoolExecutor$Worker.run(ThreadPoolExecutor.java:624)
	... 1 more
Caused by: org.apache.ratis.thirdparty.io.netty.channel.AbstractChannel$AnnotatedConnectException: Connection refused: /192.168.157.220:36123
	at sun.nio.ch.SocketChannelImpl.checkConnect(Native Method)
	at sun.nio.ch.SocketChannelImpl.finishConnect(SocketChannelImpl.java:717)
	at org.apache.ratis.thirdparty.io.netty.channel.socket.nio.NioSocketChannel.doFinishConnect(NioSocketChannel.java:327)
	at org.apache.ratis.thirdparty.io.netty.channel.nio.AbstractNioChannel$AbstractNioUnsafe.finishConnect(AbstractNioChannel.java:340)
	at org.apache.ratis.thirdparty.io.netty.channel.nio.NioEventLoop.processSelectedKey(NioEventLoop.java:632)
	at org.apache.ratis.thirdparty.io.netty.channel.nio.NioEventLoop.processSelectedKeysOptimized(NioEventLoop.java:579)
	at org.apache.ratis.thirdparty.io.netty.channel.nio.NioEventLoop.processSelectedKeys(NioEventLoop.java:496)
	at org.apache.ratis.thirdparty.io.netty.channel.nio.NioEventLoop.run(NioEventLoop.java:458)
	at org.apache.ratis.thirdparty.io.netty.util.concurrent.SingleThreadEventExecutor$5.run(SingleThreadEventExecutor.java:897)
	at org.apache.ratis.thirdparty.io.netty.util.concurrent.FastThreadLocalRunnable.run(FastThreadLocalRunnable.java:30)
	... 1 more
Caused by: java.net.ConnectException: Connection refused
	... 11 more
2019-10-30 11:53:09,731 [6ed35211-36a6-405a-b1db-549f65da443e@group-6C94BA02685B-LeaderElection484] INFO  impl.LeaderElection (LeaderElection.java:logAndReturn(56)) - 6ed35211-36a6-405a-b1db-549f65da443e@group-6C94BA02685B-LeaderElection484: Election REJECTED; received 0 response(s) [] and 2 exception(s); 6ed35211-36a6-405a-b1db-549f65da443e@group-6C94BA02685B:t4, leader=null, voted=6ed35211-36a6-405a-b1db-549f65da443e, raftlog=6ed35211-36a6-405a-b1db-549f65da443e@group-6C94BA02685B-SegmentedRaftLog:OPENED:c21,f21,i21, conf=20: [6ed35211-36a6-405a-b1db-549f65da443e:192.168.157.220:41613, a12d6b9e-ec23-449e-8b58-135e3e67eb04:192.168.157.220:40337, 36879b23-b325-4015-ba59-8656331c6f4b:192.168.157.220:36123], old=null
2019-10-30 11:53:09,731 [6ed35211-36a6-405a-b1db-549f65da443e@group-6C94BA02685B-LeaderElection484] INFO  impl.LeaderElection (LogUtils.java:infoOrTrace(149)) -   Exception 0: {}
java.util.concurrent.ExecutionException: org.apache.ratis.thirdparty.io.grpc.StatusRuntimeException: UNAVAILABLE: io exception
	at java.util.concurrent.FutureTask.report(FutureTask.java:122)
	at java.util.concurrent.FutureTask.get(FutureTask.java:192)
	at org.apache.ratis.server.impl.LeaderElection.waitForResults(LeaderElection.java:259)
	at org.apache.ratis.server.impl.LeaderElection.askForVotes(LeaderElection.java:197)
	at org.apache.ratis.server.impl.LeaderElection.run(LeaderElection.java:133)
	at java.lang.Thread.run(Thread.java:748)
Caused by: org.apache.ratis.thirdparty.io.grpc.StatusRuntimeException: UNAVAILABLE: io exception
	at org.apache.ratis.thirdparty.io.grpc.stub.ClientCalls.toStatusRuntimeException(ClientCalls.java:233)
	at org.apache.ratis.thirdparty.io.grpc.stub.ClientCalls.getUnchecked(ClientCalls.java:214)
	at org.apache.ratis.thirdparty.io.grpc.stub.ClientCalls.blockingUnaryCall(ClientCalls.java:139)
	at org.apache.ratis.proto.grpc.RaftServerProtocolServiceGrpc$RaftServerProtocolServiceBlockingStub.requestVote(RaftServerProtocolServiceGrpc.java:265)
	at org.apache.ratis.grpc.server.GrpcServerProtocolClient.requestVote(GrpcServerProtocolClient.java:99)
	at org.apache.ratis.grpc.server.GrpcService.requestVote(GrpcService.java:204)
	at org.apache.ratis.server.impl.LeaderElection.lambda$submitRequests$1(LeaderElection.java:234)
	at java.util.concurrent.FutureTask.run(FutureTask.java:266)
	at java.util.concurrent.Executors$RunnableAdapter.call(Executors.java:511)
	at java.util.concurrent.FutureTask.run(FutureTask.java:266)
	at java.util.concurrent.ThreadPoolExecutor.runWorker(ThreadPoolExecutor.java:1149)
	at java.util.concurrent.ThreadPoolExecutor$Worker.run(ThreadPoolExecutor.java:624)
	... 1 more
Caused by: org.apache.ratis.thirdparty.io.netty.channel.AbstractChannel$AnnotatedConnectException: Connection refused: /192.168.157.220:40337
	at sun.nio.ch.SocketChannelImpl.checkConnect(Native Method)
	at sun.nio.ch.SocketChannelImpl.finishConnect(SocketChannelImpl.java:717)
	at org.apache.ratis.thirdparty.io.netty.channel.socket.nio.NioSocketChannel.doFinishConnect(NioSocketChannel.java:327)
	at org.apache.ratis.thirdparty.io.netty.channel.nio.AbstractNioChannel$AbstractNioUnsafe.finishConnect(AbstractNioChannel.java:340)
	at org.apache.ratis.thirdparty.io.netty.channel.nio.NioEventLoop.processSelectedKey(NioEventLoop.java:632)
	at org.apache.ratis.thirdparty.io.netty.channel.nio.NioEventLoop.processSelectedKeysOptimized(NioEventLoop.java:579)
	at org.apache.ratis.thirdparty.io.netty.channel.nio.NioEventLoop.processSelectedKeys(NioEventLoop.java:496)
	at org.apache.ratis.thirdparty.io.netty.channel.nio.NioEventLoop.run(NioEventLoop.java:458)
	at org.apache.ratis.thirdparty.io.netty.util.concurrent.SingleThreadEventExecutor$5.run(SingleThreadEventExecutor.java:897)
	at org.apache.ratis.thirdparty.io.netty.util.concurrent.FastThreadLocalRunnable.run(FastThreadLocalRunnable.java:30)
	... 1 more
Caused by: java.net.ConnectException: Connection refused
	... 11 more
2019-10-30 11:53:09,732 [6ed35211-36a6-405a-b1db-549f65da443e@group-6C94BA02685B-LeaderElection484] INFO  impl.LeaderElection (LogUtils.java:infoOrTrace(149)) -   Exception 1: {}
java.util.concurrent.ExecutionException: org.apache.ratis.thirdparty.io.grpc.StatusRuntimeException: UNAVAILABLE: io exception
	at java.util.concurrent.FutureTask.report(FutureTask.java:122)
	at java.util.concurrent.FutureTask.get(FutureTask.java:192)
	at org.apache.ratis.server.impl.LeaderElection.waitForResults(LeaderElection.java:259)
	at org.apache.ratis.server.impl.LeaderElection.askForVotes(LeaderElection.java:197)
	at org.apache.ratis.server.impl.LeaderElection.run(LeaderElection.java:133)
	at java.lang.Thread.run(Thread.java:748)
Caused by: org.apache.ratis.thirdparty.io.grpc.StatusRuntimeException: UNAVAILABLE: io exception
	at org.apache.ratis.thirdparty.io.grpc.stub.ClientCalls.toStatusRuntimeException(ClientCalls.java:233)
	at org.apache.ratis.thirdparty.io.grpc.stub.ClientCalls.getUnchecked(ClientCalls.java:214)
	at org.apache.ratis.thirdparty.io.grpc.stub.ClientCalls.blockingUnaryCall(ClientCalls.java:139)
	at org.apache.ratis.proto.grpc.RaftServerProtocolServiceGrpc$RaftServerProtocolServiceBlockingStub.requestVote(RaftServerProtocolServiceGrpc.java:265)
	at org.apache.ratis.grpc.server.GrpcServerProtocolClient.requestVote(GrpcServerProtocolClient.java:99)
	at org.apache.ratis.grpc.server.GrpcService.requestVote(GrpcService.java:204)
	at org.apache.ratis.server.impl.LeaderElection.lambda$submitRequests$1(LeaderElection.java:234)
	at java.util.concurrent.FutureTask.run(FutureTask.java:266)
	at java.util.concurrent.Executors$RunnableAdapter.call(Executors.java:511)
	at java.util.concurrent.FutureTask.run(FutureTask.java:266)
	at java.util.concurrent.ThreadPoolExecutor.runWorker(ThreadPoolExecutor.java:1149)
	at java.util.concurrent.ThreadPoolExecutor$Worker.run(ThreadPoolExecutor.java:624)
	... 1 more
Caused by: org.apache.ratis.thirdparty.io.netty.channel.AbstractChannel$AnnotatedConnectException: Connection refused: /192.168.157.220:36123
	at sun.nio.ch.SocketChannelImpl.checkConnect(Native Method)
	at sun.nio.ch.SocketChannelImpl.finishConnect(SocketChannelImpl.java:717)
	at org.apache.ratis.thirdparty.io.netty.channel.socket.nio.NioSocketChannel.doFinishConnect(NioSocketChannel.java:327)
	at org.apache.ratis.thirdparty.io.netty.channel.nio.AbstractNioChannel$AbstractNioUnsafe.finishConnect(AbstractNioChannel.java:340)
	at org.apache.ratis.thirdparty.io.netty.channel.nio.NioEventLoop.processSelectedKey(NioEventLoop.java:632)
	at org.apache.ratis.thirdparty.io.netty.channel.nio.NioEventLoop.processSelectedKeysOptimized(NioEventLoop.java:579)
	at org.apache.ratis.thirdparty.io.netty.channel.nio.NioEventLoop.processSelectedKeys(NioEventLoop.java:496)
	at org.apache.ratis.thirdparty.io.netty.channel.nio.NioEventLoop.run(NioEventLoop.java:458)
	at org.apache.ratis.thirdparty.io.netty.util.concurrent.SingleThreadEventExecutor$5.run(SingleThreadEventExecutor.java:897)
	at org.apache.ratis.thirdparty.io.netty.util.concurrent.FastThreadLocalRunnable.run(FastThreadLocalRunnable.java:30)
	... 1 more
Caused by: java.net.ConnectException: Connection refused
	... 11 more
2019-10-30 11:53:09,732 [6ed35211-36a6-405a-b1db-549f65da443e@group-6C94BA02685B-LeaderElection484] INFO  impl.RaftServerImpl (RaftServerImpl.java:setRole(184)) - 6ed35211-36a6-405a-b1db-549f65da443e@group-6C94BA02685B: changes role from CANDIDATE to FOLLOWER at term 4 for DISCOVERED_A_NEW_TERM
2019-10-30 11:53:09,732 [6ed35211-36a6-405a-b1db-549f65da443e@group-6C94BA02685B-LeaderElection484] INFO  impl.RoleInfo (RoleInfo.java:shutdownLeaderElection(134)) - 6ed35211-36a6-405a-b1db-549f65da443e: shutdown LeaderElection
2019-10-30 11:53:09,732 [6ed35211-36a6-405a-b1db-549f65da443e@group-6C94BA02685B-LeaderElection484] INFO  impl.RoleInfo (RoleInfo.java:updateAndGet(143)) - 6ed35211-36a6-405a-b1db-549f65da443e: start FollowerState
2019-10-30 11:53:09,789 [Thread-3511] INFO  impl.FollowerState (FollowerState.java:run(108)) - 4cc44201-a597-43af-a4ec-5b1b407a6250@group-83984122B78E-FollowerState: change to CANDIDATE, lastRpcTime:1098ms, electionTimeout:1095ms
2019-10-30 11:53:09,789 [Thread-3511] INFO  impl.RoleInfo (RoleInfo.java:shutdownFollowerState(121)) - 4cc44201-a597-43af-a4ec-5b1b407a6250: shutdown FollowerState
2019-10-30 11:53:09,789 [Thread-3511] INFO  impl.RaftServerImpl (RaftServerImpl.java:setRole(184)) - 4cc44201-a597-43af-a4ec-5b1b407a6250@group-83984122B78E: changes role from  FOLLOWER to CANDIDATE at term 245 for changeToCandidate
2019-10-30 11:53:09,789 [Thread-3511] INFO  impl.RoleInfo (RoleInfo.java:updateAndGet(143)) - 4cc44201-a597-43af-a4ec-5b1b407a6250: start LeaderElection
2019-10-30 11:53:09,803 [4cc44201-a597-43af-a4ec-5b1b407a6250@group-83984122B78E-LeaderElection485] INFO  impl.LeaderElection (LeaderElection.java:askForVotes(178)) - 4cc44201-a597-43af-a4ec-5b1b407a6250@group-83984122B78E-LeaderElection485: begin an election at term 246 for 0: [4f16e274-8663-4a15-9c4c-c81f650ab979:192.168.157.220:38181, 4cc44201-a597-43af-a4ec-5b1b407a6250:192.168.157.220:36685, f26e10ed-fb17-49e6-a903-eadc130d13d1:192.168.157.220:32806], old=null
2019-10-30 11:53:09,804 [4cc44201-a597-43af-a4ec-5b1b407a6250@group-83984122B78E-LeaderElection485] INFO  impl.LeaderElection (LogUtils.java:infoOrTrace(149)) - 4cc44201-a597-43af-a4ec-5b1b407a6250@group-83984122B78E-LeaderElection485 got exception when requesting votes: {}
java.util.concurrent.ExecutionException: org.apache.ratis.thirdparty.io.grpc.StatusRuntimeException: UNAVAILABLE: io exception
	at java.util.concurrent.FutureTask.report(FutureTask.java:122)
	at java.util.concurrent.FutureTask.get(FutureTask.java:192)
	at org.apache.ratis.server.impl.LeaderElection.waitForResults(LeaderElection.java:259)
	at org.apache.ratis.server.impl.LeaderElection.askForVotes(LeaderElection.java:197)
	at org.apache.ratis.server.impl.LeaderElection.run(LeaderElection.java:133)
	at java.lang.Thread.run(Thread.java:748)
Caused by: org.apache.ratis.thirdparty.io.grpc.StatusRuntimeException: UNAVAILABLE: io exception
	at org.apache.ratis.thirdparty.io.grpc.stub.ClientCalls.toStatusRuntimeException(ClientCalls.java:233)
	at org.apache.ratis.thirdparty.io.grpc.stub.ClientCalls.getUnchecked(ClientCalls.java:214)
	at org.apache.ratis.thirdparty.io.grpc.stub.ClientCalls.blockingUnaryCall(ClientCalls.java:139)
	at org.apache.ratis.proto.grpc.RaftServerProtocolServiceGrpc$RaftServerProtocolServiceBlockingStub.requestVote(RaftServerProtocolServiceGrpc.java:265)
	at org.apache.ratis.grpc.server.GrpcServerProtocolClient.requestVote(GrpcServerProtocolClient.java:99)
	at org.apache.ratis.grpc.server.GrpcService.requestVote(GrpcService.java:204)
	at org.apache.ratis.server.impl.LeaderElection.lambda$submitRequests$1(LeaderElection.java:234)
	at java.util.concurrent.FutureTask.run(FutureTask.java:266)
	at java.util.concurrent.Executors$RunnableAdapter.call(Executors.java:511)
	at java.util.concurrent.FutureTask.run(FutureTask.java:266)
	at java.util.concurrent.ThreadPoolExecutor.runWorker(ThreadPoolExecutor.java:1149)
	at java.util.concurrent.ThreadPoolExecutor$Worker.run(ThreadPoolExecutor.java:624)
	... 1 more
Caused by: org.apache.ratis.thirdparty.io.netty.channel.AbstractChannel$AnnotatedConnectException: Connection refused: /192.168.157.220:38181
	at sun.nio.ch.SocketChannelImpl.checkConnect(Native Method)
	at sun.nio.ch.SocketChannelImpl.finishConnect(SocketChannelImpl.java:717)
	at org.apache.ratis.thirdparty.io.netty.channel.socket.nio.NioSocketChannel.doFinishConnect(NioSocketChannel.java:327)
	at org.apache.ratis.thirdparty.io.netty.channel.nio.AbstractNioChannel$AbstractNioUnsafe.finishConnect(AbstractNioChannel.java:340)
	at org.apache.ratis.thirdparty.io.netty.channel.nio.NioEventLoop.processSelectedKey(NioEventLoop.java:632)
	at org.apache.ratis.thirdparty.io.netty.channel.nio.NioEventLoop.processSelectedKeysOptimized(NioEventLoop.java:579)
	at org.apache.ratis.thirdparty.io.netty.channel.nio.NioEventLoop.processSelectedKeys(NioEventLoop.java:496)
	at org.apache.ratis.thirdparty.io.netty.channel.nio.NioEventLoop.run(NioEventLoop.java:458)
	at org.apache.ratis.thirdparty.io.netty.util.concurrent.SingleThreadEventExecutor$5.run(SingleThreadEventExecutor.java:897)
	at org.apache.ratis.thirdparty.io.netty.util.concurrent.FastThreadLocalRunnable.run(FastThreadLocalRunnable.java:30)
	... 1 more
Caused by: java.net.ConnectException: Connection refused
	... 11 more
2019-10-30 11:53:09,804 [4cc44201-a597-43af-a4ec-5b1b407a6250@group-83984122B78E-LeaderElection485] INFO  impl.LeaderElection (LogUtils.java:infoOrTrace(149)) - 4cc44201-a597-43af-a4ec-5b1b407a6250@group-83984122B78E-LeaderElection485 got exception when requesting votes: {}
java.util.concurrent.ExecutionException: org.apache.ratis.thirdparty.io.grpc.StatusRuntimeException: UNAVAILABLE: io exception
	at java.util.concurrent.FutureTask.report(FutureTask.java:122)
	at java.util.concurrent.FutureTask.get(FutureTask.java:192)
	at org.apache.ratis.server.impl.LeaderElection.waitForResults(LeaderElection.java:259)
	at org.apache.ratis.server.impl.LeaderElection.askForVotes(LeaderElection.java:197)
	at org.apache.ratis.server.impl.LeaderElection.run(LeaderElection.java:133)
	at java.lang.Thread.run(Thread.java:748)
Caused by: org.apache.ratis.thirdparty.io.grpc.StatusRuntimeException: UNAVAILABLE: io exception
	at org.apache.ratis.thirdparty.io.grpc.stub.ClientCalls.toStatusRuntimeException(ClientCalls.java:233)
	at org.apache.ratis.thirdparty.io.grpc.stub.ClientCalls.getUnchecked(ClientCalls.java:214)
	at org.apache.ratis.thirdparty.io.grpc.stub.ClientCalls.blockingUnaryCall(ClientCalls.java:139)
	at org.apache.ratis.proto.grpc.RaftServerProtocolServiceGrpc$RaftServerProtocolServiceBlockingStub.requestVote(RaftServerProtocolServiceGrpc.java:265)
	at org.apache.ratis.grpc.server.GrpcServerProtocolClient.requestVote(GrpcServerProtocolClient.java:99)
	at org.apache.ratis.grpc.server.GrpcService.requestVote(GrpcService.java:204)
	at org.apache.ratis.server.impl.LeaderElection.lambda$submitRequests$1(LeaderElection.java:234)
	at java.util.concurrent.FutureTask.run(FutureTask.java:266)
	at java.util.concurrent.Executors$RunnableAdapter.call(Executors.java:511)
	at java.util.concurrent.FutureTask.run(FutureTask.java:266)
	at java.util.concurrent.ThreadPoolExecutor.runWorker(ThreadPoolExecutor.java:1149)
	at java.util.concurrent.ThreadPoolExecutor$Worker.run(ThreadPoolExecutor.java:624)
	... 1 more
Caused by: org.apache.ratis.thirdparty.io.netty.channel.AbstractChannel$AnnotatedConnectException: Connection refused: /192.168.157.220:32806
	at sun.nio.ch.SocketChannelImpl.checkConnect(Native Method)
	at sun.nio.ch.SocketChannelImpl.finishConnect(SocketChannelImpl.java:717)
	at org.apache.ratis.thirdparty.io.netty.channel.socket.nio.NioSocketChannel.doFinishConnect(NioSocketChannel.java:327)
	at org.apache.ratis.thirdparty.io.netty.channel.nio.AbstractNioChannel$AbstractNioUnsafe.finishConnect(AbstractNioChannel.java:340)
	at org.apache.ratis.thirdparty.io.netty.channel.nio.NioEventLoop.processSelectedKey(NioEventLoop.java:632)
	at org.apache.ratis.thirdparty.io.netty.channel.nio.NioEventLoop.processSelectedKeysOptimized(NioEventLoop.java:579)
	at org.apache.ratis.thirdparty.io.netty.channel.nio.NioEventLoop.processSelectedKeys(NioEventLoop.java:496)
	at org.apache.ratis.thirdparty.io.netty.channel.nio.NioEventLoop.run(NioEventLoop.java:458)
	at org.apache.ratis.thirdparty.io.netty.util.concurrent.SingleThreadEventExecutor$5.run(SingleThreadEventExecutor.java:897)
	at org.apache.ratis.thirdparty.io.netty.util.concurrent.FastThreadLocalRunnable.run(FastThreadLocalRunnable.java:30)
	... 1 more
Caused by: java.net.ConnectException: Connection refused
	... 11 more
2019-10-30 11:53:09,804 [4cc44201-a597-43af-a4ec-5b1b407a6250@group-83984122B78E-LeaderElection485] INFO  impl.LeaderElection (LeaderElection.java:logAndReturn(56)) - 4cc44201-a597-43af-a4ec-5b1b407a6250@group-83984122B78E-LeaderElection485: Election REJECTED; received 0 response(s) [] and 2 exception(s); 4cc44201-a597-43af-a4ec-5b1b407a6250@group-83984122B78E:t246, leader=null, voted=4cc44201-a597-43af-a4ec-5b1b407a6250, raftlog=4cc44201-a597-43af-a4ec-5b1b407a6250@group-83984122B78E-SegmentedRaftLog:OPENED:c-1,f0,i0, conf=0: [4f16e274-8663-4a15-9c4c-c81f650ab979:192.168.157.220:38181, 4cc44201-a597-43af-a4ec-5b1b407a6250:192.168.157.220:36685, f26e10ed-fb17-49e6-a903-eadc130d13d1:192.168.157.220:32806], old=null
2019-10-30 11:53:09,805 [4cc44201-a597-43af-a4ec-5b1b407a6250@group-83984122B78E-LeaderElection485] INFO  impl.LeaderElection (LogUtils.java:infoOrTrace(149)) -   Exception 0: {}
java.util.concurrent.ExecutionException: org.apache.ratis.thirdparty.io.grpc.StatusRuntimeException: UNAVAILABLE: io exception
	at java.util.concurrent.FutureTask.report(FutureTask.java:122)
	at java.util.concurrent.FutureTask.get(FutureTask.java:192)
	at org.apache.ratis.server.impl.LeaderElection.waitForResults(LeaderElection.java:259)
	at org.apache.ratis.server.impl.LeaderElection.askForVotes(LeaderElection.java:197)
	at org.apache.ratis.server.impl.LeaderElection.run(LeaderElection.java:133)
	at java.lang.Thread.run(Thread.java:748)
Caused by: org.apache.ratis.thirdparty.io.grpc.StatusRuntimeException: UNAVAILABLE: io exception
	at org.apache.ratis.thirdparty.io.grpc.stub.ClientCalls.toStatusRuntimeException(ClientCalls.java:233)
	at org.apache.ratis.thirdparty.io.grpc.stub.ClientCalls.getUnchecked(ClientCalls.java:214)
	at org.apache.ratis.thirdparty.io.grpc.stub.ClientCalls.blockingUnaryCall(ClientCalls.java:139)
	at org.apache.ratis.proto.grpc.RaftServerProtocolServiceGrpc$RaftServerProtocolServiceBlockingStub.requestVote(RaftServerProtocolServiceGrpc.java:265)
	at org.apache.ratis.grpc.server.GrpcServerProtocolClient.requestVote(GrpcServerProtocolClient.java:99)
	at org.apache.ratis.grpc.server.GrpcService.requestVote(GrpcService.java:204)
	at org.apache.ratis.server.impl.LeaderElection.lambda$submitRequests$1(LeaderElection.java:234)
	at java.util.concurrent.FutureTask.run(FutureTask.java:266)
	at java.util.concurrent.Executors$RunnableAdapter.call(Executors.java:511)
	at java.util.concurrent.FutureTask.run(FutureTask.java:266)
	at java.util.concurrent.ThreadPoolExecutor.runWorker(ThreadPoolExecutor.java:1149)
	at java.util.concurrent.ThreadPoolExecutor$Worker.run(ThreadPoolExecutor.java:624)
	... 1 more
Caused by: org.apache.ratis.thirdparty.io.netty.channel.AbstractChannel$AnnotatedConnectException: Connection refused: /192.168.157.220:38181
	at sun.nio.ch.SocketChannelImpl.checkConnect(Native Method)
	at sun.nio.ch.SocketChannelImpl.finishConnect(SocketChannelImpl.java:717)
	at org.apache.ratis.thirdparty.io.netty.channel.socket.nio.NioSocketChannel.doFinishConnect(NioSocketChannel.java:327)
	at org.apache.ratis.thirdparty.io.netty.channel.nio.AbstractNioChannel$AbstractNioUnsafe.finishConnect(AbstractNioChannel.java:340)
	at org.apache.ratis.thirdparty.io.netty.channel.nio.NioEventLoop.processSelectedKey(NioEventLoop.java:632)
	at org.apache.ratis.thirdparty.io.netty.channel.nio.NioEventLoop.processSelectedKeysOptimized(NioEventLoop.java:579)
	at org.apache.ratis.thirdparty.io.netty.channel.nio.NioEventLoop.processSelectedKeys(NioEventLoop.java:496)
	at org.apache.ratis.thirdparty.io.netty.channel.nio.NioEventLoop.run(NioEventLoop.java:458)
	at org.apache.ratis.thirdparty.io.netty.util.concurrent.SingleThreadEventExecutor$5.run(SingleThreadEventExecutor.java:897)
	at org.apache.ratis.thirdparty.io.netty.util.concurrent.FastThreadLocalRunnable.run(FastThreadLocalRunnable.java:30)
	... 1 more
Caused by: java.net.ConnectException: Connection refused
	... 11 more
2019-10-30 11:53:09,805 [4cc44201-a597-43af-a4ec-5b1b407a6250@group-83984122B78E-LeaderElection485] INFO  impl.LeaderElection (LogUtils.java:infoOrTrace(149)) -   Exception 1: {}
java.util.concurrent.ExecutionException: org.apache.ratis.thirdparty.io.grpc.StatusRuntimeException: UNAVAILABLE: io exception
	at java.util.concurrent.FutureTask.report(FutureTask.java:122)
	at java.util.concurrent.FutureTask.get(FutureTask.java:192)
	at org.apache.ratis.server.impl.LeaderElection.waitForResults(LeaderElection.java:259)
	at org.apache.ratis.server.impl.LeaderElection.askForVotes(LeaderElection.java:197)
	at org.apache.ratis.server.impl.LeaderElection.run(LeaderElection.java:133)
	at java.lang.Thread.run(Thread.java:748)
Caused by: org.apache.ratis.thirdparty.io.grpc.StatusRuntimeException: UNAVAILABLE: io exception
	at org.apache.ratis.thirdparty.io.grpc.stub.ClientCalls.toStatusRuntimeException(ClientCalls.java:233)
	at org.apache.ratis.thirdparty.io.grpc.stub.ClientCalls.getUnchecked(ClientCalls.java:214)
	at org.apache.ratis.thirdparty.io.grpc.stub.ClientCalls.blockingUnaryCall(ClientCalls.java:139)
	at org.apache.ratis.proto.grpc.RaftServerProtocolServiceGrpc$RaftServerProtocolServiceBlockingStub.requestVote(RaftServerProtocolServiceGrpc.java:265)
	at org.apache.ratis.grpc.server.GrpcServerProtocolClient.requestVote(GrpcServerProtocolClient.java:99)
	at org.apache.ratis.grpc.server.GrpcService.requestVote(GrpcService.java:204)
	at org.apache.ratis.server.impl.LeaderElection.lambda$submitRequests$1(LeaderElection.java:234)
	at java.util.concurrent.FutureTask.run(FutureTask.java:266)
	at java.util.concurrent.Executors$RunnableAdapter.call(Executors.java:511)
	at java.util.concurrent.FutureTask.run(FutureTask.java:266)
	at java.util.concurrent.ThreadPoolExecutor.runWorker(ThreadPoolExecutor.java:1149)
	at java.util.concurrent.ThreadPoolExecutor$Worker.run(ThreadPoolExecutor.java:624)
	... 1 more
Caused by: org.apache.ratis.thirdparty.io.netty.channel.AbstractChannel$AnnotatedConnectException: Connection refused: /192.168.157.220:32806
	at sun.nio.ch.SocketChannelImpl.checkConnect(Native Method)
	at sun.nio.ch.SocketChannelImpl.finishConnect(SocketChannelImpl.java:717)
	at org.apache.ratis.thirdparty.io.netty.channel.socket.nio.NioSocketChannel.doFinishConnect(NioSocketChannel.java:327)
	at org.apache.ratis.thirdparty.io.netty.channel.nio.AbstractNioChannel$AbstractNioUnsafe.finishConnect(AbstractNioChannel.java:340)
	at org.apache.ratis.thirdparty.io.netty.channel.nio.NioEventLoop.processSelectedKey(NioEventLoop.java:632)
	at org.apache.ratis.thirdparty.io.netty.channel.nio.NioEventLoop.processSelectedKeysOptimized(NioEventLoop.java:579)
	at org.apache.ratis.thirdparty.io.netty.channel.nio.NioEventLoop.processSelectedKeys(NioEventLoop.java:496)
	at org.apache.ratis.thirdparty.io.netty.channel.nio.NioEventLoop.run(NioEventLoop.java:458)
	at org.apache.ratis.thirdparty.io.netty.util.concurrent.SingleThreadEventExecutor$5.run(SingleThreadEventExecutor.java:897)
	at org.apache.ratis.thirdparty.io.netty.util.concurrent.FastThreadLocalRunnable.run(FastThreadLocalRunnable.java:30)
	... 1 more
Caused by: java.net.ConnectException: Connection refused
	... 11 more
2019-10-30 11:53:09,805 [4cc44201-a597-43af-a4ec-5b1b407a6250@group-83984122B78E-LeaderElection485] INFO  impl.RaftServerImpl (RaftServerImpl.java:setRole(184)) - 4cc44201-a597-43af-a4ec-5b1b407a6250@group-83984122B78E: changes role from CANDIDATE to FOLLOWER at term 246 for DISCOVERED_A_NEW_TERM
2019-10-30 11:53:09,805 [4cc44201-a597-43af-a4ec-5b1b407a6250@group-83984122B78E-LeaderElection485] INFO  impl.RoleInfo (RoleInfo.java:shutdownLeaderElection(134)) - 4cc44201-a597-43af-a4ec-5b1b407a6250: shutdown LeaderElection
2019-10-30 11:53:09,805 [4cc44201-a597-43af-a4ec-5b1b407a6250@group-83984122B78E-LeaderElection485] INFO  impl.RoleInfo (RoleInfo.java:updateAndGet(143)) - 4cc44201-a597-43af-a4ec-5b1b407a6250: start FollowerState
2019-10-30 11:53:10,381 [Thread-3515] INFO  impl.FollowerState (FollowerState.java:run(108)) - 9b3ef6c9-0245-4756-bf80-45d41f7a4453@group-F367C8FA5986-FollowerState: change to CANDIDATE, lastRpcTime:1014ms, electionTimeout:1014ms
2019-10-30 11:53:10,381 [Thread-3515] INFO  impl.RoleInfo (RoleInfo.java:shutdownFollowerState(121)) - 9b3ef6c9-0245-4756-bf80-45d41f7a4453: shutdown FollowerState
2019-10-30 11:53:10,381 [Thread-3515] INFO  impl.RaftServerImpl (RaftServerImpl.java:setRole(184)) - 9b3ef6c9-0245-4756-bf80-45d41f7a4453@group-F367C8FA5986: changes role from  FOLLOWER to CANDIDATE at term 269 for changeToCandidate
2019-10-30 11:53:10,381 [Thread-3515] INFO  impl.RoleInfo (RoleInfo.java:updateAndGet(143)) - 9b3ef6c9-0245-4756-bf80-45d41f7a4453: start LeaderElection
2019-10-30 11:53:10,387 [java.util.concurrent.ThreadPoolExecutor$Worker@193073c0[State = -1, empty queue]] WARN  server.GrpcLogAppender (GrpcLogAppender.java:timeoutAppendRequest(209)) - a12d6b9e-ec23-449e-8b58-135e3e67eb04@group-6C94BA02685B->36879b23-b325-4015-ba59-8656331c6f4b-GrpcLogAppender: appendEntries Timeout, request=a12d6b9e-ec23-449e-8b58-135e3e67eb04->36879b23-b325-4015-ba59-8656331c6f4b#1-t3, previous=(t:2, i:19), leaderCommit=21, initializing? false, entries: <empty>
2019-10-30 11:53:10,394 [9b3ef6c9-0245-4756-bf80-45d41f7a4453@group-F367C8FA5986-LeaderElection486] INFO  impl.LeaderElection (LeaderElection.java:askForVotes(178)) - 9b3ef6c9-0245-4756-bf80-45d41f7a4453@group-F367C8FA5986-LeaderElection486: begin an election at term 270 for 0: [9b3ef6c9-0245-4756-bf80-45d41f7a4453:192.168.157.220:37058, cd11b2f5-3187-4d03-bd60-931991550c17:192.168.157.220:43236, 9dbd5372-55c2-4532-b354-9494d3d545d2:192.168.157.220:42993], old=null
2019-10-30 11:53:10,398 [9b3ef6c9-0245-4756-bf80-45d41f7a4453@group-F367C8FA5986-LeaderElection486] INFO  impl.LeaderElection (LogUtils.java:infoOrTrace(149)) - 9b3ef6c9-0245-4756-bf80-45d41f7a4453@group-F367C8FA5986-LeaderElection486 got exception when requesting votes: {}
java.util.concurrent.ExecutionException: org.apache.ratis.thirdparty.io.grpc.StatusRuntimeException: UNAVAILABLE: io exception
	at java.util.concurrent.FutureTask.report(FutureTask.java:122)
	at java.util.concurrent.FutureTask.get(FutureTask.java:192)
	at org.apache.ratis.server.impl.LeaderElection.waitForResults(LeaderElection.java:259)
	at org.apache.ratis.server.impl.LeaderElection.askForVotes(LeaderElection.java:197)
	at org.apache.ratis.server.impl.LeaderElection.run(LeaderElection.java:133)
	at java.lang.Thread.run(Thread.java:748)
Caused by: org.apache.ratis.thirdparty.io.grpc.StatusRuntimeException: UNAVAILABLE: io exception
	at org.apache.ratis.thirdparty.io.grpc.stub.ClientCalls.toStatusRuntimeException(ClientCalls.java:233)
	at org.apache.ratis.thirdparty.io.grpc.stub.ClientCalls.getUnchecked(ClientCalls.java:214)
	at org.apache.ratis.thirdparty.io.grpc.stub.ClientCalls.blockingUnaryCall(ClientCalls.java:139)
	at org.apache.ratis.proto.grpc.RaftServerProtocolServiceGrpc$RaftServerProtocolServiceBlockingStub.requestVote(RaftServerProtocolServiceGrpc.java:265)
	at org.apache.ratis.grpc.server.GrpcServerProtocolClient.requestVote(GrpcServerProtocolClient.java:99)
	at org.apache.ratis.grpc.server.GrpcService.requestVote(GrpcService.java:204)
	at org.apache.ratis.server.impl.LeaderElection.lambda$submitRequests$1(LeaderElection.java:234)
	at java.util.concurrent.FutureTask.run(FutureTask.java:266)
	at java.util.concurrent.Executors$RunnableAdapter.call(Executors.java:511)
	at java.util.concurrent.FutureTask.run(FutureTask.java:266)
	at java.util.concurrent.ThreadPoolExecutor.runWorker(ThreadPoolExecutor.java:1149)
	at java.util.concurrent.ThreadPoolExecutor$Worker.run(ThreadPoolExecutor.java:624)
	... 1 more
Caused by: org.apache.ratis.thirdparty.io.netty.channel.AbstractChannel$AnnotatedConnectException: Connection refused: /192.168.157.220:43236
	at sun.nio.ch.SocketChannelImpl.checkConnect(Native Method)
	at sun.nio.ch.SocketChannelImpl.finishConnect(SocketChannelImpl.java:717)
	at org.apache.ratis.thirdparty.io.netty.channel.socket.nio.NioSocketChannel.doFinishConnect(NioSocketChannel.java:327)
	at org.apache.ratis.thirdparty.io.netty.channel.nio.AbstractNioChannel$AbstractNioUnsafe.finishConnect(AbstractNioChannel.java:340)
	at org.apache.ratis.thirdparty.io.netty.channel.nio.NioEventLoop.processSelectedKey(NioEventLoop.java:632)
	at org.apache.ratis.thirdparty.io.netty.channel.nio.NioEventLoop.processSelectedKeysOptimized(NioEventLoop.java:579)
	at org.apache.ratis.thirdparty.io.netty.channel.nio.NioEventLoop.processSelectedKeys(NioEventLoop.java:496)
	at org.apache.ratis.thirdparty.io.netty.channel.nio.NioEventLoop.run(NioEventLoop.java:458)
	at org.apache.ratis.thirdparty.io.netty.util.concurrent.SingleThreadEventExecutor$5.run(SingleThreadEventExecutor.java:897)
	at org.apache.ratis.thirdparty.io.netty.util.concurrent.FastThreadLocalRunnable.run(FastThreadLocalRunnable.java:30)
	... 1 more
Caused by: java.net.ConnectException: Connection refused
	... 11 more
2019-10-30 11:53:10,398 [9b3ef6c9-0245-4756-bf80-45d41f7a4453@group-F367C8FA5986-LeaderElection486] INFO  impl.LeaderElection (LogUtils.java:infoOrTrace(149)) - 9b3ef6c9-0245-4756-bf80-45d41f7a4453@group-F367C8FA5986-LeaderElection486 got exception when requesting votes: {}
java.util.concurrent.ExecutionException: org.apache.ratis.thirdparty.io.grpc.StatusRuntimeException: UNAVAILABLE: io exception
	at java.util.concurrent.FutureTask.report(FutureTask.java:122)
	at java.util.concurrent.FutureTask.get(FutureTask.java:192)
	at org.apache.ratis.server.impl.LeaderElection.waitForResults(LeaderElection.java:259)
	at org.apache.ratis.server.impl.LeaderElection.askForVotes(LeaderElection.java:197)
	at org.apache.ratis.server.impl.LeaderElection.run(LeaderElection.java:133)
	at java.lang.Thread.run(Thread.java:748)
Caused by: org.apache.ratis.thirdparty.io.grpc.StatusRuntimeException: UNAVAILABLE: io exception
	at org.apache.ratis.thirdparty.io.grpc.stub.ClientCalls.toStatusRuntimeException(ClientCalls.java:233)
	at org.apache.ratis.thirdparty.io.grpc.stub.ClientCalls.getUnchecked(ClientCalls.java:214)
	at org.apache.ratis.thirdparty.io.grpc.stub.ClientCalls.blockingUnaryCall(ClientCalls.java:139)
	at org.apache.ratis.proto.grpc.RaftServerProtocolServiceGrpc$RaftServerProtocolServiceBlockingStub.requestVote(RaftServerProtocolServiceGrpc.java:265)
	at org.apache.ratis.grpc.server.GrpcServerProtocolClient.requestVote(GrpcServerProtocolClient.java:99)
	at org.apache.ratis.grpc.server.GrpcService.requestVote(GrpcService.java:204)
	at org.apache.ratis.server.impl.LeaderElection.lambda$submitRequests$1(LeaderElection.java:234)
	at java.util.concurrent.FutureTask.run(FutureTask.java:266)
	at java.util.concurrent.Executors$RunnableAdapter.call(Executors.java:511)
	at java.util.concurrent.FutureTask.run(FutureTask.java:266)
	at java.util.concurrent.ThreadPoolExecutor.runWorker(ThreadPoolExecutor.java:1149)
	at java.util.concurrent.ThreadPoolExecutor$Worker.run(ThreadPoolExecutor.java:624)
	... 1 more
Caused by: org.apache.ratis.thirdparty.io.netty.channel.AbstractChannel$AnnotatedConnectException: Connection refused: /192.168.157.220:42993
	at sun.nio.ch.SocketChannelImpl.checkConnect(Native Method)
	at sun.nio.ch.SocketChannelImpl.finishConnect(SocketChannelImpl.java:717)
	at org.apache.ratis.thirdparty.io.netty.channel.socket.nio.NioSocketChannel.doFinishConnect(NioSocketChannel.java:327)
	at org.apache.ratis.thirdparty.io.netty.channel.nio.AbstractNioChannel$AbstractNioUnsafe.finishConnect(AbstractNioChannel.java:340)
	at org.apache.ratis.thirdparty.io.netty.channel.nio.NioEventLoop.processSelectedKey(NioEventLoop.java:632)
	at org.apache.ratis.thirdparty.io.netty.channel.nio.NioEventLoop.processSelectedKeysOptimized(NioEventLoop.java:579)
	at org.apache.ratis.thirdparty.io.netty.channel.nio.NioEventLoop.processSelectedKeys(NioEventLoop.java:496)
	at org.apache.ratis.thirdparty.io.netty.channel.nio.NioEventLoop.run(NioEventLoop.java:458)
	at org.apache.ratis.thirdparty.io.netty.util.concurrent.SingleThreadEventExecutor$5.run(SingleThreadEventExecutor.java:897)
	at org.apache.ratis.thirdparty.io.netty.util.concurrent.FastThreadLocalRunnable.run(FastThreadLocalRunnable.java:30)
	... 1 more
Caused by: java.net.ConnectException: Connection refused
	... 11 more
2019-10-30 11:53:10,399 [9b3ef6c9-0245-4756-bf80-45d41f7a4453@group-F367C8FA5986-LeaderElection486] INFO  impl.LeaderElection (LeaderElection.java:logAndReturn(56)) - 9b3ef6c9-0245-4756-bf80-45d41f7a4453@group-F367C8FA5986-LeaderElection486: Election REJECTED; received 0 response(s) [] and 2 exception(s); 9b3ef6c9-0245-4756-bf80-45d41f7a4453@group-F367C8FA5986:t270, leader=null, voted=9b3ef6c9-0245-4756-bf80-45d41f7a4453, raftlog=9b3ef6c9-0245-4756-bf80-45d41f7a4453@group-F367C8FA5986-SegmentedRaftLog:OPENED:c0,f0,i0, conf=0: [9b3ef6c9-0245-4756-bf80-45d41f7a4453:192.168.157.220:37058, cd11b2f5-3187-4d03-bd60-931991550c17:192.168.157.220:43236, 9dbd5372-55c2-4532-b354-9494d3d545d2:192.168.157.220:42993], old=null
2019-10-30 11:53:10,399 [9b3ef6c9-0245-4756-bf80-45d41f7a4453@group-F367C8FA5986-LeaderElection486] INFO  impl.LeaderElection (LogUtils.java:infoOrTrace(149)) -   Exception 0: {}
java.util.concurrent.ExecutionException: org.apache.ratis.thirdparty.io.grpc.StatusRuntimeException: UNAVAILABLE: io exception
	at java.util.concurrent.FutureTask.report(FutureTask.java:122)
	at java.util.concurrent.FutureTask.get(FutureTask.java:192)
	at org.apache.ratis.server.impl.LeaderElection.waitForResults(LeaderElection.java:259)
	at org.apache.ratis.server.impl.LeaderElection.askForVotes(LeaderElection.java:197)
	at org.apache.ratis.server.impl.LeaderElection.run(LeaderElection.java:133)
	at java.lang.Thread.run(Thread.java:748)
Caused by: org.apache.ratis.thirdparty.io.grpc.StatusRuntimeException: UNAVAILABLE: io exception
	at org.apache.ratis.thirdparty.io.grpc.stub.ClientCalls.toStatusRuntimeException(ClientCalls.java:233)
	at org.apache.ratis.thirdparty.io.grpc.stub.ClientCalls.getUnchecked(ClientCalls.java:214)
	at org.apache.ratis.thirdparty.io.grpc.stub.ClientCalls.blockingUnaryCall(ClientCalls.java:139)
	at org.apache.ratis.proto.grpc.RaftServerProtocolServiceGrpc$RaftServerProtocolServiceBlockingStub.requestVote(RaftServerProtocolServiceGrpc.java:265)
	at org.apache.ratis.grpc.server.GrpcServerProtocolClient.requestVote(GrpcServerProtocolClient.java:99)
	at org.apache.ratis.grpc.server.GrpcService.requestVote(GrpcService.java:204)
	at org.apache.ratis.server.impl.LeaderElection.lambda$submitRequests$1(LeaderElection.java:234)
	at java.util.concurrent.FutureTask.run(FutureTask.java:266)
	at java.util.concurrent.Executors$RunnableAdapter.call(Executors.java:511)
	at java.util.concurrent.FutureTask.run(FutureTask.java:266)
	at java.util.concurrent.ThreadPoolExecutor.runWorker(ThreadPoolExecutor.java:1149)
	at java.util.concurrent.ThreadPoolExecutor$Worker.run(ThreadPoolExecutor.java:624)
	... 1 more
Caused by: org.apache.ratis.thirdparty.io.netty.channel.AbstractChannel$AnnotatedConnectException: Connection refused: /192.168.157.220:43236
	at sun.nio.ch.SocketChannelImpl.checkConnect(Native Method)
	at sun.nio.ch.SocketChannelImpl.finishConnect(SocketChannelImpl.java:717)
	at org.apache.ratis.thirdparty.io.netty.channel.socket.nio.NioSocketChannel.doFinishConnect(NioSocketChannel.java:327)
	at org.apache.ratis.thirdparty.io.netty.channel.nio.AbstractNioChannel$AbstractNioUnsafe.finishConnect(AbstractNioChannel.java:340)
	at org.apache.ratis.thirdparty.io.netty.channel.nio.NioEventLoop.processSelectedKey(NioEventLoop.java:632)
	at org.apache.ratis.thirdparty.io.netty.channel.nio.NioEventLoop.processSelectedKeysOptimized(NioEventLoop.java:579)
	at org.apache.ratis.thirdparty.io.netty.channel.nio.NioEventLoop.processSelectedKeys(NioEventLoop.java:496)
	at org.apache.ratis.thirdparty.io.netty.channel.nio.NioEventLoop.run(NioEventLoop.java:458)
	at org.apache.ratis.thirdparty.io.netty.util.concurrent.SingleThreadEventExecutor$5.run(SingleThreadEventExecutor.java:897)
	at org.apache.ratis.thirdparty.io.netty.util.concurrent.FastThreadLocalRunnable.run(FastThreadLocalRunnable.java:30)
	... 1 more
Caused by: java.net.ConnectException: Connection refused
	... 11 more
2019-10-30 11:53:10,399 [9b3ef6c9-0245-4756-bf80-45d41f7a4453@group-F367C8FA5986-LeaderElection486] INFO  impl.LeaderElection (LogUtils.java:infoOrTrace(149)) -   Exception 1: {}
java.util.concurrent.ExecutionException: org.apache.ratis.thirdparty.io.grpc.StatusRuntimeException: UNAVAILABLE: io exception
	at java.util.concurrent.FutureTask.report(FutureTask.java:122)
	at java.util.concurrent.FutureTask.get(FutureTask.java:192)
	at org.apache.ratis.server.impl.LeaderElection.waitForResults(LeaderElection.java:259)
	at org.apache.ratis.server.impl.LeaderElection.askForVotes(LeaderElection.java:197)
	at org.apache.ratis.server.impl.LeaderElection.run(LeaderElection.java:133)
	at java.lang.Thread.run(Thread.java:748)
Caused by: org.apache.ratis.thirdparty.io.grpc.StatusRuntimeException: UNAVAILABLE: io exception
	at org.apache.ratis.thirdparty.io.grpc.stub.ClientCalls.toStatusRuntimeException(ClientCalls.java:233)
	at org.apache.ratis.thirdparty.io.grpc.stub.ClientCalls.getUnchecked(ClientCalls.java:214)
	at org.apache.ratis.thirdparty.io.grpc.stub.ClientCalls.blockingUnaryCall(ClientCalls.java:139)
	at org.apache.ratis.proto.grpc.RaftServerProtocolServiceGrpc$RaftServerProtocolServiceBlockingStub.requestVote(RaftServerProtocolServiceGrpc.java:265)
	at org.apache.ratis.grpc.server.GrpcServerProtocolClient.requestVote(GrpcServerProtocolClient.java:99)
	at org.apache.ratis.grpc.server.GrpcService.requestVote(GrpcService.java:204)
	at org.apache.ratis.server.impl.LeaderElection.lambda$submitRequests$1(LeaderElection.java:234)
	at java.util.concurrent.FutureTask.run(FutureTask.java:266)
	at java.util.concurrent.Executors$RunnableAdapter.call(Executors.java:511)
	at java.util.concurrent.FutureTask.run(FutureTask.java:266)
	at java.util.concurrent.ThreadPoolExecutor.runWorker(ThreadPoolExecutor.java:1149)
	at java.util.concurrent.ThreadPoolExecutor$Worker.run(ThreadPoolExecutor.java:624)
	... 1 more
Caused by: org.apache.ratis.thirdparty.io.netty.channel.AbstractChannel$AnnotatedConnectException: Connection refused: /192.168.157.220:42993
	at sun.nio.ch.SocketChannelImpl.checkConnect(Native Method)
	at sun.nio.ch.SocketChannelImpl.finishConnect(SocketChannelImpl.java:717)
	at org.apache.ratis.thirdparty.io.netty.channel.socket.nio.NioSocketChannel.doFinishConnect(NioSocketChannel.java:327)
	at org.apache.ratis.thirdparty.io.netty.channel.nio.AbstractNioChannel$AbstractNioUnsafe.finishConnect(AbstractNioChannel.java:340)
	at org.apache.ratis.thirdparty.io.netty.channel.nio.NioEventLoop.processSelectedKey(NioEventLoop.java:632)
	at org.apache.ratis.thirdparty.io.netty.channel.nio.NioEventLoop.processSelectedKeysOptimized(NioEventLoop.java:579)
	at org.apache.ratis.thirdparty.io.netty.channel.nio.NioEventLoop.processSelectedKeys(NioEventLoop.java:496)
	at org.apache.ratis.thirdparty.io.netty.channel.nio.NioEventLoop.run(NioEventLoop.java:458)
	at org.apache.ratis.thirdparty.io.netty.util.concurrent.SingleThreadEventExecutor$5.run(SingleThreadEventExecutor.java:897)
	at org.apache.ratis.thirdparty.io.netty.util.concurrent.FastThreadLocalRunnable.run(FastThreadLocalRunnable.java:30)
	... 1 more
Caused by: java.net.ConnectException: Connection refused
	... 11 more
2019-10-30 11:53:10,399 [9b3ef6c9-0245-4756-bf80-45d41f7a4453@group-F367C8FA5986-LeaderElection486] INFO  impl.RaftServerImpl (RaftServerImpl.java:setRole(184)) - 9b3ef6c9-0245-4756-bf80-45d41f7a4453@group-F367C8FA5986: changes role from CANDIDATE to FOLLOWER at term 270 for DISCOVERED_A_NEW_TERM
2019-10-30 11:53:10,399 [9b3ef6c9-0245-4756-bf80-45d41f7a4453@group-F367C8FA5986-LeaderElection486] INFO  impl.RoleInfo (RoleInfo.java:shutdownLeaderElection(134)) - 9b3ef6c9-0245-4756-bf80-45d41f7a4453: shutdown LeaderElection
2019-10-30 11:53:10,399 [9b3ef6c9-0245-4756-bf80-45d41f7a4453@group-F367C8FA5986-LeaderElection486] INFO  impl.RoleInfo (RoleInfo.java:updateAndGet(143)) - 9b3ef6c9-0245-4756-bf80-45d41f7a4453: start FollowerState
2019-10-30 11:53:10,863 [Thread-3519] INFO  impl.FollowerState (FollowerState.java:run(108)) - 6ed35211-36a6-405a-b1db-549f65da443e@group-6C94BA02685B-FollowerState: change to CANDIDATE, lastRpcTime:1130ms, electionTimeout:1130ms
2019-10-30 11:53:10,863 [Thread-3519] INFO  impl.RoleInfo (RoleInfo.java:shutdownFollowerState(121)) - 6ed35211-36a6-405a-b1db-549f65da443e: shutdown FollowerState
2019-10-30 11:53:10,863 [Thread-3519] INFO  impl.RaftServerImpl (RaftServerImpl.java:setRole(184)) - 6ed35211-36a6-405a-b1db-549f65da443e@group-6C94BA02685B: changes role from  FOLLOWER to CANDIDATE at term 4 for changeToCandidate
2019-10-30 11:53:10,863 [Thread-3519] INFO  impl.RoleInfo (RoleInfo.java:updateAndGet(143)) - 6ed35211-36a6-405a-b1db-549f65da443e: start LeaderElection
2019-10-30 11:53:10,877 [6ed35211-36a6-405a-b1db-549f65da443e@group-6C94BA02685B-LeaderElection487] INFO  impl.LeaderElection (LeaderElection.java:askForVotes(178)) - 6ed35211-36a6-405a-b1db-549f65da443e@group-6C94BA02685B-LeaderElection487: begin an election at term 5 for 20: [6ed35211-36a6-405a-b1db-549f65da443e:192.168.157.220:41613, a12d6b9e-ec23-449e-8b58-135e3e67eb04:192.168.157.220:40337, 36879b23-b325-4015-ba59-8656331c6f4b:192.168.157.220:36123], old=null
2019-10-30 11:53:10,878 [6ed35211-36a6-405a-b1db-549f65da443e@group-6C94BA02685B-LeaderElection487] INFO  impl.LeaderElection (LogUtils.java:infoOrTrace(149)) - 6ed35211-36a6-405a-b1db-549f65da443e@group-6C94BA02685B-LeaderElection487 got exception when requesting votes: {}
java.util.concurrent.ExecutionException: org.apache.ratis.thirdparty.io.grpc.StatusRuntimeException: UNAVAILABLE: io exception
	at java.util.concurrent.FutureTask.report(FutureTask.java:122)
	at java.util.concurrent.FutureTask.get(FutureTask.java:192)
	at org.apache.ratis.server.impl.LeaderElection.waitForResults(LeaderElection.java:259)
	at org.apache.ratis.server.impl.LeaderElection.askForVotes(LeaderElection.java:197)
	at org.apache.ratis.server.impl.LeaderElection.run(LeaderElection.java:133)
	at java.lang.Thread.run(Thread.java:748)
Caused by: org.apache.ratis.thirdparty.io.grpc.StatusRuntimeException: UNAVAILABLE: io exception
	at org.apache.ratis.thirdparty.io.grpc.stub.ClientCalls.toStatusRuntimeException(ClientCalls.java:233)
	at org.apache.ratis.thirdparty.io.grpc.stub.ClientCalls.getUnchecked(ClientCalls.java:214)
	at org.apache.ratis.thirdparty.io.grpc.stub.ClientCalls.blockingUnaryCall(ClientCalls.java:139)
	at org.apache.ratis.proto.grpc.RaftServerProtocolServiceGrpc$RaftServerProtocolServiceBlockingStub.requestVote(RaftServerProtocolServiceGrpc.java:265)
	at org.apache.ratis.grpc.server.GrpcServerProtocolClient.requestVote(GrpcServerProtocolClient.java:99)
	at org.apache.ratis.grpc.server.GrpcService.requestVote(GrpcService.java:204)
	at org.apache.ratis.server.impl.LeaderElection.lambda$submitRequests$1(LeaderElection.java:234)
	at java.util.concurrent.FutureTask.run(FutureTask.java:266)
	at java.util.concurrent.Executors$RunnableAdapter.call(Executors.java:511)
	at java.util.concurrent.FutureTask.run(FutureTask.java:266)
	at java.util.concurrent.ThreadPoolExecutor.runWorker(ThreadPoolExecutor.java:1149)
	at java.util.concurrent.ThreadPoolExecutor$Worker.run(ThreadPoolExecutor.java:624)
	... 1 more
Caused by: org.apache.ratis.thirdparty.io.netty.channel.AbstractChannel$AnnotatedConnectException: Connection refused: /192.168.157.220:40337
	at sun.nio.ch.SocketChannelImpl.checkConnect(Native Method)
	at sun.nio.ch.SocketChannelImpl.finishConnect(SocketChannelImpl.java:717)
	at org.apache.ratis.thirdparty.io.netty.channel.socket.nio.NioSocketChannel.doFinishConnect(NioSocketChannel.java:327)
	at org.apache.ratis.thirdparty.io.netty.channel.nio.AbstractNioChannel$AbstractNioUnsafe.finishConnect(AbstractNioChannel.java:340)
	at org.apache.ratis.thirdparty.io.netty.channel.nio.NioEventLoop.processSelectedKey(NioEventLoop.java:632)
	at org.apache.ratis.thirdparty.io.netty.channel.nio.NioEventLoop.processSelectedKeysOptimized(NioEventLoop.java:579)
	at org.apache.ratis.thirdparty.io.netty.channel.nio.NioEventLoop.processSelectedKeys(NioEventLoop.java:496)
	at org.apache.ratis.thirdparty.io.netty.channel.nio.NioEventLoop.run(NioEventLoop.java:458)
	at org.apache.ratis.thirdparty.io.netty.util.concurrent.SingleThreadEventExecutor$5.run(SingleThreadEventExecutor.java:897)
	at org.apache.ratis.thirdparty.io.netty.util.concurrent.FastThreadLocalRunnable.run(FastThreadLocalRunnable.java:30)
	... 1 more
Caused by: java.net.ConnectException: Connection refused
	... 11 more
2019-10-30 11:53:10,878 [6ed35211-36a6-405a-b1db-549f65da443e@group-6C94BA02685B-LeaderElection487] INFO  impl.LeaderElection (LogUtils.java:infoOrTrace(149)) - 6ed35211-36a6-405a-b1db-549f65da443e@group-6C94BA02685B-LeaderElection487 got exception when requesting votes: {}
java.util.concurrent.ExecutionException: org.apache.ratis.thirdparty.io.grpc.StatusRuntimeException: UNAVAILABLE: io exception
	at java.util.concurrent.FutureTask.report(FutureTask.java:122)
	at java.util.concurrent.FutureTask.get(FutureTask.java:192)
	at org.apache.ratis.server.impl.LeaderElection.waitForResults(LeaderElection.java:259)
	at org.apache.ratis.server.impl.LeaderElection.askForVotes(LeaderElection.java:197)
	at org.apache.ratis.server.impl.LeaderElection.run(LeaderElection.java:133)
	at java.lang.Thread.run(Thread.java:748)
Caused by: org.apache.ratis.thirdparty.io.grpc.StatusRuntimeException: UNAVAILABLE: io exception
	at org.apache.ratis.thirdparty.io.grpc.stub.ClientCalls.toStatusRuntimeException(ClientCalls.java:233)
	at org.apache.ratis.thirdparty.io.grpc.stub.ClientCalls.getUnchecked(ClientCalls.java:214)
	at org.apache.ratis.thirdparty.io.grpc.stub.ClientCalls.blockingUnaryCall(ClientCalls.java:139)
	at org.apache.ratis.proto.grpc.RaftServerProtocolServiceGrpc$RaftServerProtocolServiceBlockingStub.requestVote(RaftServerProtocolServiceGrpc.java:265)
	at org.apache.ratis.grpc.server.GrpcServerProtocolClient.requestVote(GrpcServerProtocolClient.java:99)
	at org.apache.ratis.grpc.server.GrpcService.requestVote(GrpcService.java:204)
	at org.apache.ratis.server.impl.LeaderElection.lambda$submitRequests$1(LeaderElection.java:234)
	at java.util.concurrent.FutureTask.run(FutureTask.java:266)
	at java.util.concurrent.Executors$RunnableAdapter.call(Executors.java:511)
	at java.util.concurrent.FutureTask.run(FutureTask.java:266)
	at java.util.concurrent.ThreadPoolExecutor.runWorker(ThreadPoolExecutor.java:1149)
	at java.util.concurrent.ThreadPoolExecutor$Worker.run(ThreadPoolExecutor.java:624)
	... 1 more
Caused by: org.apache.ratis.thirdparty.io.netty.channel.AbstractChannel$AnnotatedConnectException: Connection refused: /192.168.157.220:36123
	at sun.nio.ch.SocketChannelImpl.checkConnect(Native Method)
	at sun.nio.ch.SocketChannelImpl.finishConnect(SocketChannelImpl.java:717)
	at org.apache.ratis.thirdparty.io.netty.channel.socket.nio.NioSocketChannel.doFinishConnect(NioSocketChannel.java:327)
	at org.apache.ratis.thirdparty.io.netty.channel.nio.AbstractNioChannel$AbstractNioUnsafe.finishConnect(AbstractNioChannel.java:340)
	at org.apache.ratis.thirdparty.io.netty.channel.nio.NioEventLoop.processSelectedKey(NioEventLoop.java:632)
	at org.apache.ratis.thirdparty.io.netty.channel.nio.NioEventLoop.processSelectedKeysOptimized(NioEventLoop.java:579)
	at org.apache.ratis.thirdparty.io.netty.channel.nio.NioEventLoop.processSelectedKeys(NioEventLoop.java:496)
	at org.apache.ratis.thirdparty.io.netty.channel.nio.NioEventLoop.run(NioEventLoop.java:458)
	at org.apache.ratis.thirdparty.io.netty.util.concurrent.SingleThreadEventExecutor$5.run(SingleThreadEventExecutor.java:897)
	at org.apache.ratis.thirdparty.io.netty.util.concurrent.FastThreadLocalRunnable.run(FastThreadLocalRunnable.java:30)
	... 1 more
Caused by: java.net.ConnectException: Connection refused
	... 11 more
2019-10-30 11:53:10,879 [6ed35211-36a6-405a-b1db-549f65da443e@group-6C94BA02685B-LeaderElection487] INFO  impl.LeaderElection (LeaderElection.java:logAndReturn(56)) - 6ed35211-36a6-405a-b1db-549f65da443e@group-6C94BA02685B-LeaderElection487: Election REJECTED; received 0 response(s) [] and 2 exception(s); 6ed35211-36a6-405a-b1db-549f65da443e@group-6C94BA02685B:t5, leader=null, voted=6ed35211-36a6-405a-b1db-549f65da443e, raftlog=6ed35211-36a6-405a-b1db-549f65da443e@group-6C94BA02685B-SegmentedRaftLog:OPENED:c21,f21,i21, conf=20: [6ed35211-36a6-405a-b1db-549f65da443e:192.168.157.220:41613, a12d6b9e-ec23-449e-8b58-135e3e67eb04:192.168.157.220:40337, 36879b23-b325-4015-ba59-8656331c6f4b:192.168.157.220:36123], old=null
2019-10-30 11:53:10,879 [6ed35211-36a6-405a-b1db-549f65da443e@group-6C94BA02685B-LeaderElection487] INFO  impl.LeaderElection (LogUtils.java:infoOrTrace(149)) -   Exception 0: {}
java.util.concurrent.ExecutionException: org.apache.ratis.thirdparty.io.grpc.StatusRuntimeException: UNAVAILABLE: io exception
	at java.util.concurrent.FutureTask.report(FutureTask.java:122)
	at java.util.concurrent.FutureTask.get(FutureTask.java:192)
	at org.apache.ratis.server.impl.LeaderElection.waitForResults(LeaderElection.java:259)
	at org.apache.ratis.server.impl.LeaderElection.askForVotes(LeaderElection.java:197)
	at org.apache.ratis.server.impl.LeaderElection.run(LeaderElection.java:133)
	at java.lang.Thread.run(Thread.java:748)
Caused by: org.apache.ratis.thirdparty.io.grpc.StatusRuntimeException: UNAVAILABLE: io exception
	at org.apache.ratis.thirdparty.io.grpc.stub.ClientCalls.toStatusRuntimeException(ClientCalls.java:233)
	at org.apache.ratis.thirdparty.io.grpc.stub.ClientCalls.getUnchecked(ClientCalls.java:214)
	at org.apache.ratis.thirdparty.io.grpc.stub.ClientCalls.blockingUnaryCall(ClientCalls.java:139)
	at org.apache.ratis.proto.grpc.RaftServerProtocolServiceGrpc$RaftServerProtocolServiceBlockingStub.requestVote(RaftServerProtocolServiceGrpc.java:265)
	at org.apache.ratis.grpc.server.GrpcServerProtocolClient.requestVote(GrpcServerProtocolClient.java:99)
	at org.apache.ratis.grpc.server.GrpcService.requestVote(GrpcService.java:204)
	at org.apache.ratis.server.impl.LeaderElection.lambda$submitRequests$1(LeaderElection.java:234)
	at java.util.concurrent.FutureTask.run(FutureTask.java:266)
	at java.util.concurrent.Executors$RunnableAdapter.call(Executors.java:511)
	at java.util.concurrent.FutureTask.run(FutureTask.java:266)
	at java.util.concurrent.ThreadPoolExecutor.runWorker(ThreadPoolExecutor.java:1149)
	at java.util.concurrent.ThreadPoolExecutor$Worker.run(ThreadPoolExecutor.java:624)
	... 1 more
Caused by: org.apache.ratis.thirdparty.io.netty.channel.AbstractChannel$AnnotatedConnectException: Connection refused: /192.168.157.220:40337
	at sun.nio.ch.SocketChannelImpl.checkConnect(Native Method)
	at sun.nio.ch.SocketChannelImpl.finishConnect(SocketChannelImpl.java:717)
	at org.apache.ratis.thirdparty.io.netty.channel.socket.nio.NioSocketChannel.doFinishConnect(NioSocketChannel.java:327)
	at org.apache.ratis.thirdparty.io.netty.channel.nio.AbstractNioChannel$AbstractNioUnsafe.finishConnect(AbstractNioChannel.java:340)
	at org.apache.ratis.thirdparty.io.netty.channel.nio.NioEventLoop.processSelectedKey(NioEventLoop.java:632)
	at org.apache.ratis.thirdparty.io.netty.channel.nio.NioEventLoop.processSelectedKeysOptimized(NioEventLoop.java:579)
	at org.apache.ratis.thirdparty.io.netty.channel.nio.NioEventLoop.processSelectedKeys(NioEventLoop.java:496)
	at org.apache.ratis.thirdparty.io.netty.channel.nio.NioEventLoop.run(NioEventLoop.java:458)
	at org.apache.ratis.thirdparty.io.netty.util.concurrent.SingleThreadEventExecutor$5.run(SingleThreadEventExecutor.java:897)
	at org.apache.ratis.thirdparty.io.netty.util.concurrent.FastThreadLocalRunnable.run(FastThreadLocalRunnable.java:30)
	... 1 more
Caused by: java.net.ConnectException: Connection refused
	... 11 more
2019-10-30 11:53:10,879 [6ed35211-36a6-405a-b1db-549f65da443e@group-6C94BA02685B-LeaderElection487] INFO  impl.LeaderElection (LogUtils.java:infoOrTrace(149)) -   Exception 1: {}
java.util.concurrent.ExecutionException: org.apache.ratis.thirdparty.io.grpc.StatusRuntimeException: UNAVAILABLE: io exception
	at java.util.concurrent.FutureTask.report(FutureTask.java:122)
	at java.util.concurrent.FutureTask.get(FutureTask.java:192)
	at org.apache.ratis.server.impl.LeaderElection.waitForResults(LeaderElection.java:259)
	at org.apache.ratis.server.impl.LeaderElection.askForVotes(LeaderElection.java:197)
	at org.apache.ratis.server.impl.LeaderElection.run(LeaderElection.java:133)
	at java.lang.Thread.run(Thread.java:748)
Caused by: org.apache.ratis.thirdparty.io.grpc.StatusRuntimeException: UNAVAILABLE: io exception
	at org.apache.ratis.thirdparty.io.grpc.stub.ClientCalls.toStatusRuntimeException(ClientCalls.java:233)
	at org.apache.ratis.thirdparty.io.grpc.stub.ClientCalls.getUnchecked(ClientCalls.java:214)
	at org.apache.ratis.thirdparty.io.grpc.stub.ClientCalls.blockingUnaryCall(ClientCalls.java:139)
	at org.apache.ratis.proto.grpc.RaftServerProtocolServiceGrpc$RaftServerProtocolServiceBlockingStub.requestVote(RaftServerProtocolServiceGrpc.java:265)
	at org.apache.ratis.grpc.server.GrpcServerProtocolClient.requestVote(GrpcServerProtocolClient.java:99)
	at org.apache.ratis.grpc.server.GrpcService.requestVote(GrpcService.java:204)
	at org.apache.ratis.server.impl.LeaderElection.lambda$submitRequests$1(LeaderElection.java:234)
	at java.util.concurrent.FutureTask.run(FutureTask.java:266)
	at java.util.concurrent.Executors$RunnableAdapter.call(Executors.java:511)
	at java.util.concurrent.FutureTask.run(FutureTask.java:266)
	at java.util.concurrent.ThreadPoolExecutor.runWorker(ThreadPoolExecutor.java:1149)
	at java.util.concurrent.ThreadPoolExecutor$Worker.run(ThreadPoolExecutor.java:624)
	... 1 more
Caused by: org.apache.ratis.thirdparty.io.netty.channel.AbstractChannel$AnnotatedConnectException: Connection refused: /192.168.157.220:36123
	at sun.nio.ch.SocketChannelImpl.checkConnect(Native Method)
	at sun.nio.ch.SocketChannelImpl.finishConnect(SocketChannelImpl.java:717)
	at org.apache.ratis.thirdparty.io.netty.channel.socket.nio.NioSocketChannel.doFinishConnect(NioSocketChannel.java:327)
	at org.apache.ratis.thirdparty.io.netty.channel.nio.AbstractNioChannel$AbstractNioUnsafe.finishConnect(AbstractNioChannel.java:340)
	at org.apache.ratis.thirdparty.io.netty.channel.nio.NioEventLoop.processSelectedKey(NioEventLoop.java:632)
	at org.apache.ratis.thirdparty.io.netty.channel.nio.NioEventLoop.processSelectedKeysOptimized(NioEventLoop.java:579)
	at org.apache.ratis.thirdparty.io.netty.channel.nio.NioEventLoop.processSelectedKeys(NioEventLoop.java:496)
	at org.apache.ratis.thirdparty.io.netty.channel.nio.NioEventLoop.run(NioEventLoop.java:458)
	at org.apache.ratis.thirdparty.io.netty.util.concurrent.SingleThreadEventExecutor$5.run(SingleThreadEventExecutor.java:897)
	at org.apache.ratis.thirdparty.io.netty.util.concurrent.FastThreadLocalRunnable.run(FastThreadLocalRunnable.java:30)
	... 1 more
Caused by: java.net.ConnectException: Connection refused
	... 11 more
2019-10-30 11:53:10,880 [6ed35211-36a6-405a-b1db-549f65da443e@group-6C94BA02685B-LeaderElection487] INFO  impl.RaftServerImpl (RaftServerImpl.java:setRole(184)) - 6ed35211-36a6-405a-b1db-549f65da443e@group-6C94BA02685B: changes role from CANDIDATE to FOLLOWER at term 5 for DISCOVERED_A_NEW_TERM
2019-10-30 11:53:10,880 [6ed35211-36a6-405a-b1db-549f65da443e@group-6C94BA02685B-LeaderElection487] INFO  impl.RoleInfo (RoleInfo.java:shutdownLeaderElection(134)) - 6ed35211-36a6-405a-b1db-549f65da443e: shutdown LeaderElection
2019-10-30 11:53:10,880 [6ed35211-36a6-405a-b1db-549f65da443e@group-6C94BA02685B-LeaderElection487] INFO  impl.RoleInfo (RoleInfo.java:updateAndGet(143)) - 6ed35211-36a6-405a-b1db-549f65da443e: start FollowerState
2019-10-30 11:53:10,912 [Thread-3523] INFO  impl.FollowerState (FollowerState.java:run(108)) - 4cc44201-a597-43af-a4ec-5b1b407a6250@group-83984122B78E-FollowerState: change to CANDIDATE, lastRpcTime:1106ms, electionTimeout:1106ms
2019-10-30 11:53:10,912 [Thread-3523] INFO  impl.RoleInfo (RoleInfo.java:shutdownFollowerState(121)) - 4cc44201-a597-43af-a4ec-5b1b407a6250: shutdown FollowerState
2019-10-30 11:53:10,912 [Thread-3523] INFO  impl.RaftServerImpl (RaftServerImpl.java:setRole(184)) - 4cc44201-a597-43af-a4ec-5b1b407a6250@group-83984122B78E: changes role from  FOLLOWER to CANDIDATE at term 246 for changeToCandidate
2019-10-30 11:53:10,912 [Thread-3523] INFO  impl.RoleInfo (RoleInfo.java:updateAndGet(143)) - 4cc44201-a597-43af-a4ec-5b1b407a6250: start LeaderElection
2019-10-30 11:53:10,928 [4cc44201-a597-43af-a4ec-5b1b407a6250@group-83984122B78E-LeaderElection488] INFO  impl.LeaderElection (LeaderElection.java:askForVotes(178)) - 4cc44201-a597-43af-a4ec-5b1b407a6250@group-83984122B78E-LeaderElection488: begin an election at term 247 for 0: [4f16e274-8663-4a15-9c4c-c81f650ab979:192.168.157.220:38181, 4cc44201-a597-43af-a4ec-5b1b407a6250:192.168.157.220:36685, f26e10ed-fb17-49e6-a903-eadc130d13d1:192.168.157.220:32806], old=null
2019-10-30 11:53:10,928 [4cc44201-a597-43af-a4ec-5b1b407a6250@group-83984122B78E-LeaderElection488] INFO  impl.LeaderElection (LogUtils.java:infoOrTrace(149)) - 4cc44201-a597-43af-a4ec-5b1b407a6250@group-83984122B78E-LeaderElection488 got exception when requesting votes: {}
java.util.concurrent.ExecutionException: org.apache.ratis.thirdparty.io.grpc.StatusRuntimeException: UNAVAILABLE: io exception
	at java.util.concurrent.FutureTask.report(FutureTask.java:122)
	at java.util.concurrent.FutureTask.get(FutureTask.java:192)
	at org.apache.ratis.server.impl.LeaderElection.waitForResults(LeaderElection.java:259)
	at org.apache.ratis.server.impl.LeaderElection.askForVotes(LeaderElection.java:197)
	at org.apache.ratis.server.impl.LeaderElection.run(LeaderElection.java:133)
	at java.lang.Thread.run(Thread.java:748)
Caused by: org.apache.ratis.thirdparty.io.grpc.StatusRuntimeException: UNAVAILABLE: io exception
	at org.apache.ratis.thirdparty.io.grpc.stub.ClientCalls.toStatusRuntimeException(ClientCalls.java:233)
	at org.apache.ratis.thirdparty.io.grpc.stub.ClientCalls.getUnchecked(ClientCalls.java:214)
	at org.apache.ratis.thirdparty.io.grpc.stub.ClientCalls.blockingUnaryCall(ClientCalls.java:139)
	at org.apache.ratis.proto.grpc.RaftServerProtocolServiceGrpc$RaftServerProtocolServiceBlockingStub.requestVote(RaftServerProtocolServiceGrpc.java:265)
	at org.apache.ratis.grpc.server.GrpcServerProtocolClient.requestVote(GrpcServerProtocolClient.java:99)
	at org.apache.ratis.grpc.server.GrpcService.requestVote(GrpcService.java:204)
	at org.apache.ratis.server.impl.LeaderElection.lambda$submitRequests$1(LeaderElection.java:234)
	at java.util.concurrent.FutureTask.run(FutureTask.java:266)
	at java.util.concurrent.Executors$RunnableAdapter.call(Executors.java:511)
	at java.util.concurrent.FutureTask.run(FutureTask.java:266)
	at java.util.concurrent.ThreadPoolExecutor.runWorker(ThreadPoolExecutor.java:1149)
	at java.util.concurrent.ThreadPoolExecutor$Worker.run(ThreadPoolExecutor.java:624)
	... 1 more
Caused by: org.apache.ratis.thirdparty.io.netty.channel.AbstractChannel$AnnotatedConnectException: Connection refused: /192.168.157.220:38181
	at sun.nio.ch.SocketChannelImpl.checkConnect(Native Method)
	at sun.nio.ch.SocketChannelImpl.finishConnect(SocketChannelImpl.java:717)
	at org.apache.ratis.thirdparty.io.netty.channel.socket.nio.NioSocketChannel.doFinishConnect(NioSocketChannel.java:327)
	at org.apache.ratis.thirdparty.io.netty.channel.nio.AbstractNioChannel$AbstractNioUnsafe.finishConnect(AbstractNioChannel.java:340)
	at org.apache.ratis.thirdparty.io.netty.channel.nio.NioEventLoop.processSelectedKey(NioEventLoop.java:632)
	at org.apache.ratis.thirdparty.io.netty.channel.nio.NioEventLoop.processSelectedKeysOptimized(NioEventLoop.java:579)
	at org.apache.ratis.thirdparty.io.netty.channel.nio.NioEventLoop.processSelectedKeys(NioEventLoop.java:496)
	at org.apache.ratis.thirdparty.io.netty.channel.nio.NioEventLoop.run(NioEventLoop.java:458)
	at org.apache.ratis.thirdparty.io.netty.util.concurrent.SingleThreadEventExecutor$5.run(SingleThreadEventExecutor.java:897)
	at org.apache.ratis.thirdparty.io.netty.util.concurrent.FastThreadLocalRunnable.run(FastThreadLocalRunnable.java:30)
	... 1 more
Caused by: java.net.ConnectException: Connection refused
	... 11 more
2019-10-30 11:53:10,929 [4cc44201-a597-43af-a4ec-5b1b407a6250@group-83984122B78E-LeaderElection488] INFO  impl.LeaderElection (LogUtils.java:infoOrTrace(149)) - 4cc44201-a597-43af-a4ec-5b1b407a6250@group-83984122B78E-LeaderElection488 got exception when requesting votes: {}
java.util.concurrent.ExecutionException: org.apache.ratis.thirdparty.io.grpc.StatusRuntimeException: UNAVAILABLE: io exception
	at java.util.concurrent.FutureTask.report(FutureTask.java:122)
	at java.util.concurrent.FutureTask.get(FutureTask.java:192)
	at org.apache.ratis.server.impl.LeaderElection.waitForResults(LeaderElection.java:259)
	at org.apache.ratis.server.impl.LeaderElection.askForVotes(LeaderElection.java:197)
	at org.apache.ratis.server.impl.LeaderElection.run(LeaderElection.java:133)
	at java.lang.Thread.run(Thread.java:748)
Caused by: org.apache.ratis.thirdparty.io.grpc.StatusRuntimeException: UNAVAILABLE: io exception
	at org.apache.ratis.thirdparty.io.grpc.stub.ClientCalls.toStatusRuntimeException(ClientCalls.java:233)
	at org.apache.ratis.thirdparty.io.grpc.stub.ClientCalls.getUnchecked(ClientCalls.java:214)
	at org.apache.ratis.thirdparty.io.grpc.stub.ClientCalls.blockingUnaryCall(ClientCalls.java:139)
	at org.apache.ratis.proto.grpc.RaftServerProtocolServiceGrpc$RaftServerProtocolServiceBlockingStub.requestVote(RaftServerProtocolServiceGrpc.java:265)
	at org.apache.ratis.grpc.server.GrpcServerProtocolClient.requestVote(GrpcServerProtocolClient.java:99)
	at org.apache.ratis.grpc.server.GrpcService.requestVote(GrpcService.java:204)
	at org.apache.ratis.server.impl.LeaderElection.lambda$submitRequests$1(LeaderElection.java:234)
	at java.util.concurrent.FutureTask.run(FutureTask.java:266)
	at java.util.concurrent.Executors$RunnableAdapter.call(Executors.java:511)
	at java.util.concurrent.FutureTask.run(FutureTask.java:266)
	at java.util.concurrent.ThreadPoolExecutor.runWorker(ThreadPoolExecutor.java:1149)
	at java.util.concurrent.ThreadPoolExecutor$Worker.run(ThreadPoolExecutor.java:624)
	... 1 more
Caused by: org.apache.ratis.thirdparty.io.netty.channel.AbstractChannel$AnnotatedConnectException: Connection refused: /192.168.157.220:32806
	at sun.nio.ch.SocketChannelImpl.checkConnect(Native Method)
	at sun.nio.ch.SocketChannelImpl.finishConnect(SocketChannelImpl.java:717)
	at org.apache.ratis.thirdparty.io.netty.channel.socket.nio.NioSocketChannel.doFinishConnect(NioSocketChannel.java:327)
	at org.apache.ratis.thirdparty.io.netty.channel.nio.AbstractNioChannel$AbstractNioUnsafe.finishConnect(AbstractNioChannel.java:340)
	at org.apache.ratis.thirdparty.io.netty.channel.nio.NioEventLoop.processSelectedKey(NioEventLoop.java:632)
	at org.apache.ratis.thirdparty.io.netty.channel.nio.NioEventLoop.processSelectedKeysOptimized(NioEventLoop.java:579)
	at org.apache.ratis.thirdparty.io.netty.channel.nio.NioEventLoop.processSelectedKeys(NioEventLoop.java:496)
	at org.apache.ratis.thirdparty.io.netty.channel.nio.NioEventLoop.run(NioEventLoop.java:458)
	at org.apache.ratis.thirdparty.io.netty.util.concurrent.SingleThreadEventExecutor$5.run(SingleThreadEventExecutor.java:897)
	at org.apache.ratis.thirdparty.io.netty.util.concurrent.FastThreadLocalRunnable.run(FastThreadLocalRunnable.java:30)
	... 1 more
Caused by: java.net.ConnectException: Connection refused
	... 11 more
2019-10-30 11:53:10,929 [4cc44201-a597-43af-a4ec-5b1b407a6250@group-83984122B78E-LeaderElection488] INFO  impl.LeaderElection (LeaderElection.java:logAndReturn(56)) - 4cc44201-a597-43af-a4ec-5b1b407a6250@group-83984122B78E-LeaderElection488: Election REJECTED; received 0 response(s) [] and 2 exception(s); 4cc44201-a597-43af-a4ec-5b1b407a6250@group-83984122B78E:t247, leader=null, voted=4cc44201-a597-43af-a4ec-5b1b407a6250, raftlog=4cc44201-a597-43af-a4ec-5b1b407a6250@group-83984122B78E-SegmentedRaftLog:OPENED:c-1,f0,i0, conf=0: [4f16e274-8663-4a15-9c4c-c81f650ab979:192.168.157.220:38181, 4cc44201-a597-43af-a4ec-5b1b407a6250:192.168.157.220:36685, f26e10ed-fb17-49e6-a903-eadc130d13d1:192.168.157.220:32806], old=null
2019-10-30 11:53:10,929 [4cc44201-a597-43af-a4ec-5b1b407a6250@group-83984122B78E-LeaderElection488] INFO  impl.LeaderElection (LogUtils.java:infoOrTrace(149)) -   Exception 0: {}
java.util.concurrent.ExecutionException: org.apache.ratis.thirdparty.io.grpc.StatusRuntimeException: UNAVAILABLE: io exception
	at java.util.concurrent.FutureTask.report(FutureTask.java:122)
	at java.util.concurrent.FutureTask.get(FutureTask.java:192)
	at org.apache.ratis.server.impl.LeaderElection.waitForResults(LeaderElection.java:259)
	at org.apache.ratis.server.impl.LeaderElection.askForVotes(LeaderElection.java:197)
	at org.apache.ratis.server.impl.LeaderElection.run(LeaderElection.java:133)
	at java.lang.Thread.run(Thread.java:748)
Caused by: org.apache.ratis.thirdparty.io.grpc.StatusRuntimeException: UNAVAILABLE: io exception
	at org.apache.ratis.thirdparty.io.grpc.stub.ClientCalls.toStatusRuntimeException(ClientCalls.java:233)
	at org.apache.ratis.thirdparty.io.grpc.stub.ClientCalls.getUnchecked(ClientCalls.java:214)
	at org.apache.ratis.thirdparty.io.grpc.stub.ClientCalls.blockingUnaryCall(ClientCalls.java:139)
	at org.apache.ratis.proto.grpc.RaftServerProtocolServiceGrpc$RaftServerProtocolServiceBlockingStub.requestVote(RaftServerProtocolServiceGrpc.java:265)
	at org.apache.ratis.grpc.server.GrpcServerProtocolClient.requestVote(GrpcServerProtocolClient.java:99)
	at org.apache.ratis.grpc.server.GrpcService.requestVote(GrpcService.java:204)
	at org.apache.ratis.server.impl.LeaderElection.lambda$submitRequests$1(LeaderElection.java:234)
	at java.util.concurrent.FutureTask.run(FutureTask.java:266)
	at java.util.concurrent.Executors$RunnableAdapter.call(Executors.java:511)
	at java.util.concurrent.FutureTask.run(FutureTask.java:266)
	at java.util.concurrent.ThreadPoolExecutor.runWorker(ThreadPoolExecutor.java:1149)
	at java.util.concurrent.ThreadPoolExecutor$Worker.run(ThreadPoolExecutor.java:624)
	... 1 more
Caused by: org.apache.ratis.thirdparty.io.netty.channel.AbstractChannel$AnnotatedConnectException: Connection refused: /192.168.157.220:38181
	at sun.nio.ch.SocketChannelImpl.checkConnect(Native Method)
	at sun.nio.ch.SocketChannelImpl.finishConnect(SocketChannelImpl.java:717)
	at org.apache.ratis.thirdparty.io.netty.channel.socket.nio.NioSocketChannel.doFinishConnect(NioSocketChannel.java:327)
	at org.apache.ratis.thirdparty.io.netty.channel.nio.AbstractNioChannel$AbstractNioUnsafe.finishConnect(AbstractNioChannel.java:340)
	at org.apache.ratis.thirdparty.io.netty.channel.nio.NioEventLoop.processSelectedKey(NioEventLoop.java:632)
	at org.apache.ratis.thirdparty.io.netty.channel.nio.NioEventLoop.processSelectedKeysOptimized(NioEventLoop.java:579)
	at org.apache.ratis.thirdparty.io.netty.channel.nio.NioEventLoop.processSelectedKeys(NioEventLoop.java:496)
	at org.apache.ratis.thirdparty.io.netty.channel.nio.NioEventLoop.run(NioEventLoop.java:458)
	at org.apache.ratis.thirdparty.io.netty.util.concurrent.SingleThreadEventExecutor$5.run(SingleThreadEventExecutor.java:897)
	at org.apache.ratis.thirdparty.io.netty.util.concurrent.FastThreadLocalRunnable.run(FastThreadLocalRunnable.java:30)
	... 1 more
Caused by: java.net.ConnectException: Connection refused
	... 11 more
2019-10-30 11:53:10,929 [4cc44201-a597-43af-a4ec-5b1b407a6250@group-83984122B78E-LeaderElection488] INFO  impl.LeaderElection (LogUtils.java:infoOrTrace(149)) -   Exception 1: {}
java.util.concurrent.ExecutionException: org.apache.ratis.thirdparty.io.grpc.StatusRuntimeException: UNAVAILABLE: io exception
	at java.util.concurrent.FutureTask.report(FutureTask.java:122)
	at java.util.concurrent.FutureTask.get(FutureTask.java:192)
	at org.apache.ratis.server.impl.LeaderElection.waitForResults(LeaderElection.java:259)
	at org.apache.ratis.server.impl.LeaderElection.askForVotes(LeaderElection.java:197)
	at org.apache.ratis.server.impl.LeaderElection.run(LeaderElection.java:133)
	at java.lang.Thread.run(Thread.java:748)
Caused by: org.apache.ratis.thirdparty.io.grpc.StatusRuntimeException: UNAVAILABLE: io exception
	at org.apache.ratis.thirdparty.io.grpc.stub.ClientCalls.toStatusRuntimeException(ClientCalls.java:233)
	at org.apache.ratis.thirdparty.io.grpc.stub.ClientCalls.getUnchecked(ClientCalls.java:214)
	at org.apache.ratis.thirdparty.io.grpc.stub.ClientCalls.blockingUnaryCall(ClientCalls.java:139)
	at org.apache.ratis.proto.grpc.RaftServerProtocolServiceGrpc$RaftServerProtocolServiceBlockingStub.requestVote(RaftServerProtocolServiceGrpc.java:265)
	at org.apache.ratis.grpc.server.GrpcServerProtocolClient.requestVote(GrpcServerProtocolClient.java:99)
	at org.apache.ratis.grpc.server.GrpcService.requestVote(GrpcService.java:204)
	at org.apache.ratis.server.impl.LeaderElection.lambda$submitRequests$1(LeaderElection.java:234)
	at java.util.concurrent.FutureTask.run(FutureTask.java:266)
	at java.util.concurrent.Executors$RunnableAdapter.call(Executors.java:511)
	at java.util.concurrent.FutureTask.run(FutureTask.java:266)
	at java.util.concurrent.ThreadPoolExecutor.runWorker(ThreadPoolExecutor.java:1149)
	at java.util.concurrent.ThreadPoolExecutor$Worker.run(ThreadPoolExecutor.java:624)
	... 1 more
Caused by: org.apache.ratis.thirdparty.io.netty.channel.AbstractChannel$AnnotatedConnectException: Connection refused: /192.168.157.220:32806
	at sun.nio.ch.SocketChannelImpl.checkConnect(Native Method)
	at sun.nio.ch.SocketChannelImpl.finishConnect(SocketChannelImpl.java:717)
	at org.apache.ratis.thirdparty.io.netty.channel.socket.nio.NioSocketChannel.doFinishConnect(NioSocketChannel.java:327)
	at org.apache.ratis.thirdparty.io.netty.channel.nio.AbstractNioChannel$AbstractNioUnsafe.finishConnect(AbstractNioChannel.java:340)
	at org.apache.ratis.thirdparty.io.netty.channel.nio.NioEventLoop.processSelectedKey(NioEventLoop.java:632)
	at org.apache.ratis.thirdparty.io.netty.channel.nio.NioEventLoop.processSelectedKeysOptimized(NioEventLoop.java:579)
	at org.apache.ratis.thirdparty.io.netty.channel.nio.NioEventLoop.processSelectedKeys(NioEventLoop.java:496)
	at org.apache.ratis.thirdparty.io.netty.channel.nio.NioEventLoop.run(NioEventLoop.java:458)
	at org.apache.ratis.thirdparty.io.netty.util.concurrent.SingleThreadEventExecutor$5.run(SingleThreadEventExecutor.java:897)
	at org.apache.ratis.thirdparty.io.netty.util.concurrent.FastThreadLocalRunnable.run(FastThreadLocalRunnable.java:30)
	... 1 more
Caused by: java.net.ConnectException: Connection refused
	... 11 more
2019-10-30 11:53:10,930 [4cc44201-a597-43af-a4ec-5b1b407a6250@group-83984122B78E-LeaderElection488] INFO  impl.RaftServerImpl (RaftServerImpl.java:setRole(184)) - 4cc44201-a597-43af-a4ec-5b1b407a6250@group-83984122B78E: changes role from CANDIDATE to FOLLOWER at term 247 for DISCOVERED_A_NEW_TERM
2019-10-30 11:53:10,930 [4cc44201-a597-43af-a4ec-5b1b407a6250@group-83984122B78E-LeaderElection488] INFO  impl.RoleInfo (RoleInfo.java:shutdownLeaderElection(134)) - 4cc44201-a597-43af-a4ec-5b1b407a6250: shutdown LeaderElection
2019-10-30 11:53:10,930 [4cc44201-a597-43af-a4ec-5b1b407a6250@group-83984122B78E-LeaderElection488] INFO  impl.RoleInfo (RoleInfo.java:updateAndGet(143)) - 4cc44201-a597-43af-a4ec-5b1b407a6250: start FollowerState
2019-10-30 11:53:11,463 [Thread-3527] INFO  impl.FollowerState (FollowerState.java:run(108)) - 9b3ef6c9-0245-4756-bf80-45d41f7a4453@group-F367C8FA5986-FollowerState: change to CANDIDATE, lastRpcTime:1063ms, electionTimeout:1063ms
2019-10-30 11:53:11,463 [Thread-3527] INFO  impl.RoleInfo (RoleInfo.java:shutdownFollowerState(121)) - 9b3ef6c9-0245-4756-bf80-45d41f7a4453: shutdown FollowerState
2019-10-30 11:53:11,463 [Thread-3527] INFO  impl.RaftServerImpl (RaftServerImpl.java:setRole(184)) - 9b3ef6c9-0245-4756-bf80-45d41f7a4453@group-F367C8FA5986: changes role from  FOLLOWER to CANDIDATE at term 270 for changeToCandidate
2019-10-30 11:53:11,463 [Thread-3527] INFO  impl.RoleInfo (RoleInfo.java:updateAndGet(143)) - 9b3ef6c9-0245-4756-bf80-45d41f7a4453: start LeaderElection
2019-10-30 11:53:11,478 [9b3ef6c9-0245-4756-bf80-45d41f7a4453@group-F367C8FA5986-LeaderElection489] INFO  impl.LeaderElection (LeaderElection.java:askForVotes(178)) - 9b3ef6c9-0245-4756-bf80-45d41f7a4453@group-F367C8FA5986-LeaderElection489: begin an election at term 271 for 0: [9b3ef6c9-0245-4756-bf80-45d41f7a4453:192.168.157.220:37058, cd11b2f5-3187-4d03-bd60-931991550c17:192.168.157.220:43236, 9dbd5372-55c2-4532-b354-9494d3d545d2:192.168.157.220:42993], old=null
2019-10-30 11:53:11,479 [9b3ef6c9-0245-4756-bf80-45d41f7a4453@group-F367C8FA5986-LeaderElection489] INFO  impl.LeaderElection (LogUtils.java:infoOrTrace(149)) - 9b3ef6c9-0245-4756-bf80-45d41f7a4453@group-F367C8FA5986-LeaderElection489 got exception when requesting votes: {}
java.util.concurrent.ExecutionException: org.apache.ratis.thirdparty.io.grpc.StatusRuntimeException: UNAVAILABLE: io exception
	at java.util.concurrent.FutureTask.report(FutureTask.java:122)
	at java.util.concurrent.FutureTask.get(FutureTask.java:192)
	at org.apache.ratis.server.impl.LeaderElection.waitForResults(LeaderElection.java:259)
	at org.apache.ratis.server.impl.LeaderElection.askForVotes(LeaderElection.java:197)
	at org.apache.ratis.server.impl.LeaderElection.run(LeaderElection.java:133)
	at java.lang.Thread.run(Thread.java:748)
Caused by: org.apache.ratis.thirdparty.io.grpc.StatusRuntimeException: UNAVAILABLE: io exception
	at org.apache.ratis.thirdparty.io.grpc.stub.ClientCalls.toStatusRuntimeException(ClientCalls.java:233)
	at org.apache.ratis.thirdparty.io.grpc.stub.ClientCalls.getUnchecked(ClientCalls.java:214)
	at org.apache.ratis.thirdparty.io.grpc.stub.ClientCalls.blockingUnaryCall(ClientCalls.java:139)
	at org.apache.ratis.proto.grpc.RaftServerProtocolServiceGrpc$RaftServerProtocolServiceBlockingStub.requestVote(RaftServerProtocolServiceGrpc.java:265)
	at org.apache.ratis.grpc.server.GrpcServerProtocolClient.requestVote(GrpcServerProtocolClient.java:99)
	at org.apache.ratis.grpc.server.GrpcService.requestVote(GrpcService.java:204)
	at org.apache.ratis.server.impl.LeaderElection.lambda$submitRequests$1(LeaderElection.java:234)
	at java.util.concurrent.FutureTask.run(FutureTask.java:266)
	at java.util.concurrent.Executors$RunnableAdapter.call(Executors.java:511)
	at java.util.concurrent.FutureTask.run(FutureTask.java:266)
	at java.util.concurrent.ThreadPoolExecutor.runWorker(ThreadPoolExecutor.java:1149)
	at java.util.concurrent.ThreadPoolExecutor$Worker.run(ThreadPoolExecutor.java:624)
	... 1 more
Caused by: org.apache.ratis.thirdparty.io.netty.channel.AbstractChannel$AnnotatedConnectException: Connection refused: /192.168.157.220:42993
	at sun.nio.ch.SocketChannelImpl.checkConnect(Native Method)
	at sun.nio.ch.SocketChannelImpl.finishConnect(SocketChannelImpl.java:717)
	at org.apache.ratis.thirdparty.io.netty.channel.socket.nio.NioSocketChannel.doFinishConnect(NioSocketChannel.java:327)
	at org.apache.ratis.thirdparty.io.netty.channel.nio.AbstractNioChannel$AbstractNioUnsafe.finishConnect(AbstractNioChannel.java:340)
	at org.apache.ratis.thirdparty.io.netty.channel.nio.NioEventLoop.processSelectedKey(NioEventLoop.java:632)
	at org.apache.ratis.thirdparty.io.netty.channel.nio.NioEventLoop.processSelectedKeysOptimized(NioEventLoop.java:579)
	at org.apache.ratis.thirdparty.io.netty.channel.nio.NioEventLoop.processSelectedKeys(NioEventLoop.java:496)
	at org.apache.ratis.thirdparty.io.netty.channel.nio.NioEventLoop.run(NioEventLoop.java:458)
	at org.apache.ratis.thirdparty.io.netty.util.concurrent.SingleThreadEventExecutor$5.run(SingleThreadEventExecutor.java:897)
	at org.apache.ratis.thirdparty.io.netty.util.concurrent.FastThreadLocalRunnable.run(FastThreadLocalRunnable.java:30)
	... 1 more
Caused by: java.net.ConnectException: Connection refused
	... 11 more
2019-10-30 11:53:11,479 [9b3ef6c9-0245-4756-bf80-45d41f7a4453@group-F367C8FA5986-LeaderElection489] INFO  impl.LeaderElection (LogUtils.java:infoOrTrace(149)) - 9b3ef6c9-0245-4756-bf80-45d41f7a4453@group-F367C8FA5986-LeaderElection489 got exception when requesting votes: {}
java.util.concurrent.ExecutionException: org.apache.ratis.thirdparty.io.grpc.StatusRuntimeException: UNAVAILABLE: io exception
	at java.util.concurrent.FutureTask.report(FutureTask.java:122)
	at java.util.concurrent.FutureTask.get(FutureTask.java:192)
	at org.apache.ratis.server.impl.LeaderElection.waitForResults(LeaderElection.java:259)
	at org.apache.ratis.server.impl.LeaderElection.askForVotes(LeaderElection.java:197)
	at org.apache.ratis.server.impl.LeaderElection.run(LeaderElection.java:133)
	at java.lang.Thread.run(Thread.java:748)
Caused by: org.apache.ratis.thirdparty.io.grpc.StatusRuntimeException: UNAVAILABLE: io exception
	at org.apache.ratis.thirdparty.io.grpc.stub.ClientCalls.toStatusRuntimeException(ClientCalls.java:233)
	at org.apache.ratis.thirdparty.io.grpc.stub.ClientCalls.getUnchecked(ClientCalls.java:214)
	at org.apache.ratis.thirdparty.io.grpc.stub.ClientCalls.blockingUnaryCall(ClientCalls.java:139)
	at org.apache.ratis.proto.grpc.RaftServerProtocolServiceGrpc$RaftServerProtocolServiceBlockingStub.requestVote(RaftServerProtocolServiceGrpc.java:265)
	at org.apache.ratis.grpc.server.GrpcServerProtocolClient.requestVote(GrpcServerProtocolClient.java:99)
	at org.apache.ratis.grpc.server.GrpcService.requestVote(GrpcService.java:204)
	at org.apache.ratis.server.impl.LeaderElection.lambda$submitRequests$1(LeaderElection.java:234)
	at java.util.concurrent.FutureTask.run(FutureTask.java:266)
	at java.util.concurrent.Executors$RunnableAdapter.call(Executors.java:511)
	at java.util.concurrent.FutureTask.run(FutureTask.java:266)
	at java.util.concurrent.ThreadPoolExecutor.runWorker(ThreadPoolExecutor.java:1149)
	at java.util.concurrent.ThreadPoolExecutor$Worker.run(ThreadPoolExecutor.java:624)
	... 1 more
Caused by: org.apache.ratis.thirdparty.io.netty.channel.AbstractChannel$AnnotatedConnectException: Connection refused: /192.168.157.220:43236
	at sun.nio.ch.SocketChannelImpl.checkConnect(Native Method)
	at sun.nio.ch.SocketChannelImpl.finishConnect(SocketChannelImpl.java:717)
	at org.apache.ratis.thirdparty.io.netty.channel.socket.nio.NioSocketChannel.doFinishConnect(NioSocketChannel.java:327)
	at org.apache.ratis.thirdparty.io.netty.channel.nio.AbstractNioChannel$AbstractNioUnsafe.finishConnect(AbstractNioChannel.java:340)
	at org.apache.ratis.thirdparty.io.netty.channel.nio.NioEventLoop.processSelectedKey(NioEventLoop.java:632)
	at org.apache.ratis.thirdparty.io.netty.channel.nio.NioEventLoop.processSelectedKeysOptimized(NioEventLoop.java:579)
	at org.apache.ratis.thirdparty.io.netty.channel.nio.NioEventLoop.processSelectedKeys(NioEventLoop.java:496)
	at org.apache.ratis.thirdparty.io.netty.channel.nio.NioEventLoop.run(NioEventLoop.java:458)
	at org.apache.ratis.thirdparty.io.netty.util.concurrent.SingleThreadEventExecutor$5.run(SingleThreadEventExecutor.java:897)
	at org.apache.ratis.thirdparty.io.netty.util.concurrent.FastThreadLocalRunnable.run(FastThreadLocalRunnable.java:30)
	... 1 more
Caused by: java.net.ConnectException: Connection refused
	... 11 more
2019-10-30 11:53:11,480 [9b3ef6c9-0245-4756-bf80-45d41f7a4453@group-F367C8FA5986-LeaderElection489] INFO  impl.LeaderElection (LeaderElection.java:logAndReturn(56)) - 9b3ef6c9-0245-4756-bf80-45d41f7a4453@group-F367C8FA5986-LeaderElection489: Election REJECTED; received 0 response(s) [] and 2 exception(s); 9b3ef6c9-0245-4756-bf80-45d41f7a4453@group-F367C8FA5986:t271, leader=null, voted=9b3ef6c9-0245-4756-bf80-45d41f7a4453, raftlog=9b3ef6c9-0245-4756-bf80-45d41f7a4453@group-F367C8FA5986-SegmentedRaftLog:OPENED:c0,f0,i0, conf=0: [9b3ef6c9-0245-4756-bf80-45d41f7a4453:192.168.157.220:37058, cd11b2f5-3187-4d03-bd60-931991550c17:192.168.157.220:43236, 9dbd5372-55c2-4532-b354-9494d3d545d2:192.168.157.220:42993], old=null
2019-10-30 11:53:11,480 [9b3ef6c9-0245-4756-bf80-45d41f7a4453@group-F367C8FA5986-LeaderElection489] INFO  impl.LeaderElection (LogUtils.java:infoOrTrace(149)) -   Exception 0: {}
java.util.concurrent.ExecutionException: org.apache.ratis.thirdparty.io.grpc.StatusRuntimeException: UNAVAILABLE: io exception
	at java.util.concurrent.FutureTask.report(FutureTask.java:122)
	at java.util.concurrent.FutureTask.get(FutureTask.java:192)
	at org.apache.ratis.server.impl.LeaderElection.waitForResults(LeaderElection.java:259)
	at org.apache.ratis.server.impl.LeaderElection.askForVotes(LeaderElection.java:197)
	at org.apache.ratis.server.impl.LeaderElection.run(LeaderElection.java:133)
	at java.lang.Thread.run(Thread.java:748)
Caused by: org.apache.ratis.thirdparty.io.grpc.StatusRuntimeException: UNAVAILABLE: io exception
	at org.apache.ratis.thirdparty.io.grpc.stub.ClientCalls.toStatusRuntimeException(ClientCalls.java:233)
	at org.apache.ratis.thirdparty.io.grpc.stub.ClientCalls.getUnchecked(ClientCalls.java:214)
	at org.apache.ratis.thirdparty.io.grpc.stub.ClientCalls.blockingUnaryCall(ClientCalls.java:139)
	at org.apache.ratis.proto.grpc.RaftServerProtocolServiceGrpc$RaftServerProtocolServiceBlockingStub.requestVote(RaftServerProtocolServiceGrpc.java:265)
	at org.apache.ratis.grpc.server.GrpcServerProtocolClient.requestVote(GrpcServerProtocolClient.java:99)
	at org.apache.ratis.grpc.server.GrpcService.requestVote(GrpcService.java:204)
	at org.apache.ratis.server.impl.LeaderElection.lambda$submitRequests$1(LeaderElection.java:234)
	at java.util.concurrent.FutureTask.run(FutureTask.java:266)
	at java.util.concurrent.Executors$RunnableAdapter.call(Executors.java:511)
	at java.util.concurrent.FutureTask.run(FutureTask.java:266)
	at java.util.concurrent.ThreadPoolExecutor.runWorker(ThreadPoolExecutor.java:1149)
	at java.util.concurrent.ThreadPoolExecutor$Worker.run(ThreadPoolExecutor.java:624)
	... 1 more
Caused by: org.apache.ratis.thirdparty.io.netty.channel.AbstractChannel$AnnotatedConnectException: Connection refused: /192.168.157.220:42993
	at sun.nio.ch.SocketChannelImpl.checkConnect(Native Method)
	at sun.nio.ch.SocketChannelImpl.finishConnect(SocketChannelImpl.java:717)
	at org.apache.ratis.thirdparty.io.netty.channel.socket.nio.NioSocketChannel.doFinishConnect(NioSocketChannel.java:327)
	at org.apache.ratis.thirdparty.io.netty.channel.nio.AbstractNioChannel$AbstractNioUnsafe.finishConnect(AbstractNioChannel.java:340)
	at org.apache.ratis.thirdparty.io.netty.channel.nio.NioEventLoop.processSelectedKey(NioEventLoop.java:632)
	at org.apache.ratis.thirdparty.io.netty.channel.nio.NioEventLoop.processSelectedKeysOptimized(NioEventLoop.java:579)
	at org.apache.ratis.thirdparty.io.netty.channel.nio.NioEventLoop.processSelectedKeys(NioEventLoop.java:496)
	at org.apache.ratis.thirdparty.io.netty.channel.nio.NioEventLoop.run(NioEventLoop.java:458)
	at org.apache.ratis.thirdparty.io.netty.util.concurrent.SingleThreadEventExecutor$5.run(SingleThreadEventExecutor.java:897)
	at org.apache.ratis.thirdparty.io.netty.util.concurrent.FastThreadLocalRunnable.run(FastThreadLocalRunnable.java:30)
	... 1 more
Caused by: java.net.ConnectException: Connection refused
	... 11 more
2019-10-30 11:53:11,480 [9b3ef6c9-0245-4756-bf80-45d41f7a4453@group-F367C8FA5986-LeaderElection489] INFO  impl.LeaderElection (LogUtils.java:infoOrTrace(149)) -   Exception 1: {}
java.util.concurrent.ExecutionException: org.apache.ratis.thirdparty.io.grpc.StatusRuntimeException: UNAVAILABLE: io exception
	at java.util.concurrent.FutureTask.report(FutureTask.java:122)
	at java.util.concurrent.FutureTask.get(FutureTask.java:192)
	at org.apache.ratis.server.impl.LeaderElection.waitForResults(LeaderElection.java:259)
	at org.apache.ratis.server.impl.LeaderElection.askForVotes(LeaderElection.java:197)
	at org.apache.ratis.server.impl.LeaderElection.run(LeaderElection.java:133)
	at java.lang.Thread.run(Thread.java:748)
Caused by: org.apache.ratis.thirdparty.io.grpc.StatusRuntimeException: UNAVAILABLE: io exception
	at org.apache.ratis.thirdparty.io.grpc.stub.ClientCalls.toStatusRuntimeException(ClientCalls.java:233)
	at org.apache.ratis.thirdparty.io.grpc.stub.ClientCalls.getUnchecked(ClientCalls.java:214)
	at org.apache.ratis.thirdparty.io.grpc.stub.ClientCalls.blockingUnaryCall(ClientCalls.java:139)
	at org.apache.ratis.proto.grpc.RaftServerProtocolServiceGrpc$RaftServerProtocolServiceBlockingStub.requestVote(RaftServerProtocolServiceGrpc.java:265)
	at org.apache.ratis.grpc.server.GrpcServerProtocolClient.requestVote(GrpcServerProtocolClient.java:99)
	at org.apache.ratis.grpc.server.GrpcService.requestVote(GrpcService.java:204)
	at org.apache.ratis.server.impl.LeaderElection.lambda$submitRequests$1(LeaderElection.java:234)
	at java.util.concurrent.FutureTask.run(FutureTask.java:266)
	at java.util.concurrent.Executors$RunnableAdapter.call(Executors.java:511)
	at java.util.concurrent.FutureTask.run(FutureTask.java:266)
	at java.util.concurrent.ThreadPoolExecutor.runWorker(ThreadPoolExecutor.java:1149)
	at java.util.concurrent.ThreadPoolExecutor$Worker.run(ThreadPoolExecutor.java:624)
	... 1 more
Caused by: org.apache.ratis.thirdparty.io.netty.channel.AbstractChannel$AnnotatedConnectException: Connection refused: /192.168.157.220:43236
	at sun.nio.ch.SocketChannelImpl.checkConnect(Native Method)
	at sun.nio.ch.SocketChannelImpl.finishConnect(SocketChannelImpl.java:717)
	at org.apache.ratis.thirdparty.io.netty.channel.socket.nio.NioSocketChannel.doFinishConnect(NioSocketChannel.java:327)
	at org.apache.ratis.thirdparty.io.netty.channel.nio.AbstractNioChannel$AbstractNioUnsafe.finishConnect(AbstractNioChannel.java:340)
	at org.apache.ratis.thirdparty.io.netty.channel.nio.NioEventLoop.processSelectedKey(NioEventLoop.java:632)
	at org.apache.ratis.thirdparty.io.netty.channel.nio.NioEventLoop.processSelectedKeysOptimized(NioEventLoop.java:579)
	at org.apache.ratis.thirdparty.io.netty.channel.nio.NioEventLoop.processSelectedKeys(NioEventLoop.java:496)
	at org.apache.ratis.thirdparty.io.netty.channel.nio.NioEventLoop.run(NioEventLoop.java:458)
	at org.apache.ratis.thirdparty.io.netty.util.concurrent.SingleThreadEventExecutor$5.run(SingleThreadEventExecutor.java:897)
	at org.apache.ratis.thirdparty.io.netty.util.concurrent.FastThreadLocalRunnable.run(FastThreadLocalRunnable.java:30)
	... 1 more
Caused by: java.net.ConnectException: Connection refused
	... 11 more
2019-10-30 11:53:11,480 [9b3ef6c9-0245-4756-bf80-45d41f7a4453@group-F367C8FA5986-LeaderElection489] INFO  impl.RaftServerImpl (RaftServerImpl.java:setRole(184)) - 9b3ef6c9-0245-4756-bf80-45d41f7a4453@group-F367C8FA5986: changes role from CANDIDATE to FOLLOWER at term 271 for DISCOVERED_A_NEW_TERM
2019-10-30 11:53:11,480 [9b3ef6c9-0245-4756-bf80-45d41f7a4453@group-F367C8FA5986-LeaderElection489] INFO  impl.RoleInfo (RoleInfo.java:shutdownLeaderElection(134)) - 9b3ef6c9-0245-4756-bf80-45d41f7a4453: shutdown LeaderElection
2019-10-30 11:53:11,480 [9b3ef6c9-0245-4756-bf80-45d41f7a4453@group-F367C8FA5986-LeaderElection489] INFO  impl.RoleInfo (RoleInfo.java:updateAndGet(143)) - 9b3ef6c9-0245-4756-bf80-45d41f7a4453: start FollowerState
2019-10-30 11:53:12,023 [Thread-3531] INFO  impl.FollowerState (FollowerState.java:run(108)) - 6ed35211-36a6-405a-b1db-549f65da443e@group-6C94BA02685B-FollowerState: change to CANDIDATE, lastRpcTime:1143ms, electionTimeout:1143ms
2019-10-30 11:53:12,023 [Thread-3531] INFO  impl.RoleInfo (RoleInfo.java:shutdownFollowerState(121)) - 6ed35211-36a6-405a-b1db-549f65da443e: shutdown FollowerState
2019-10-30 11:53:12,024 [Thread-3531] INFO  impl.RaftServerImpl (RaftServerImpl.java:setRole(184)) - 6ed35211-36a6-405a-b1db-549f65da443e@group-6C94BA02685B: changes role from  FOLLOWER to CANDIDATE at term 5 for changeToCandidate
2019-10-30 11:53:12,024 [Thread-3531] INFO  impl.RoleInfo (RoleInfo.java:updateAndGet(143)) - 6ed35211-36a6-405a-b1db-549f65da443e: start LeaderElection
2019-10-30 11:53:12,038 [6ed35211-36a6-405a-b1db-549f65da443e@group-6C94BA02685B-LeaderElection490] INFO  impl.LeaderElection (LeaderElection.java:askForVotes(178)) - 6ed35211-36a6-405a-b1db-549f65da443e@group-6C94BA02685B-LeaderElection490: begin an election at term 6 for 20: [6ed35211-36a6-405a-b1db-549f65da443e:192.168.157.220:41613, a12d6b9e-ec23-449e-8b58-135e3e67eb04:192.168.157.220:40337, 36879b23-b325-4015-ba59-8656331c6f4b:192.168.157.220:36123], old=null
2019-10-30 11:53:12,042 [6ed35211-36a6-405a-b1db-549f65da443e@group-6C94BA02685B-LeaderElection490] INFO  impl.LeaderElection (LogUtils.java:infoOrTrace(149)) - 6ed35211-36a6-405a-b1db-549f65da443e@group-6C94BA02685B-LeaderElection490 got exception when requesting votes: {}
java.util.concurrent.ExecutionException: org.apache.ratis.thirdparty.io.grpc.StatusRuntimeException: UNAVAILABLE: io exception
	at java.util.concurrent.FutureTask.report(FutureTask.java:122)
	at java.util.concurrent.FutureTask.get(FutureTask.java:192)
	at org.apache.ratis.server.impl.LeaderElection.waitForResults(LeaderElection.java:259)
	at org.apache.ratis.server.impl.LeaderElection.askForVotes(LeaderElection.java:197)
	at org.apache.ratis.server.impl.LeaderElection.run(LeaderElection.java:133)
	at java.lang.Thread.run(Thread.java:748)
Caused by: org.apache.ratis.thirdparty.io.grpc.StatusRuntimeException: UNAVAILABLE: io exception
	at org.apache.ratis.thirdparty.io.grpc.stub.ClientCalls.toStatusRuntimeException(ClientCalls.java:233)
	at org.apache.ratis.thirdparty.io.grpc.stub.ClientCalls.getUnchecked(ClientCalls.java:214)
	at org.apache.ratis.thirdparty.io.grpc.stub.ClientCalls.blockingUnaryCall(ClientCalls.java:139)
	at org.apache.ratis.proto.grpc.RaftServerProtocolServiceGrpc$RaftServerProtocolServiceBlockingStub.requestVote(RaftServerProtocolServiceGrpc.java:265)
	at org.apache.ratis.grpc.server.GrpcServerProtocolClient.requestVote(GrpcServerProtocolClient.java:99)
	at org.apache.ratis.grpc.server.GrpcService.requestVote(GrpcService.java:204)
	at org.apache.ratis.server.impl.LeaderElection.lambda$submitRequests$1(LeaderElection.java:234)
	at java.util.concurrent.FutureTask.run(FutureTask.java:266)
	at java.util.concurrent.Executors$RunnableAdapter.call(Executors.java:511)
	at java.util.concurrent.FutureTask.run(FutureTask.java:266)
	at java.util.concurrent.ThreadPoolExecutor.runWorker(ThreadPoolExecutor.java:1149)
	at java.util.concurrent.ThreadPoolExecutor$Worker.run(ThreadPoolExecutor.java:624)
	... 1 more
Caused by: org.apache.ratis.thirdparty.io.netty.channel.AbstractChannel$AnnotatedConnectException: Connection refused: /192.168.157.220:36123
	at sun.nio.ch.SocketChannelImpl.checkConnect(Native Method)
	at sun.nio.ch.SocketChannelImpl.finishConnect(SocketChannelImpl.java:717)
	at org.apache.ratis.thirdparty.io.netty.channel.socket.nio.NioSocketChannel.doFinishConnect(NioSocketChannel.java:327)
	at org.apache.ratis.thirdparty.io.netty.channel.nio.AbstractNioChannel$AbstractNioUnsafe.finishConnect(AbstractNioChannel.java:340)
	at org.apache.ratis.thirdparty.io.netty.channel.nio.NioEventLoop.processSelectedKey(NioEventLoop.java:632)
	at org.apache.ratis.thirdparty.io.netty.channel.nio.NioEventLoop.processSelectedKeysOptimized(NioEventLoop.java:579)
	at org.apache.ratis.thirdparty.io.netty.channel.nio.NioEventLoop.processSelectedKeys(NioEventLoop.java:496)
	at org.apache.ratis.thirdparty.io.netty.channel.nio.NioEventLoop.run(NioEventLoop.java:458)
	at org.apache.ratis.thirdparty.io.netty.util.concurrent.SingleThreadEventExecutor$5.run(SingleThreadEventExecutor.java:897)
	at org.apache.ratis.thirdparty.io.netty.util.concurrent.FastThreadLocalRunnable.run(FastThreadLocalRunnable.java:30)
	... 1 more
Caused by: java.net.ConnectException: Connection refused
	... 11 more
2019-10-30 11:53:12,043 [6ed35211-36a6-405a-b1db-549f65da443e@group-6C94BA02685B-LeaderElection490] INFO  impl.LeaderElection (LogUtils.java:infoOrTrace(149)) - 6ed35211-36a6-405a-b1db-549f65da443e@group-6C94BA02685B-LeaderElection490 got exception when requesting votes: {}
java.util.concurrent.ExecutionException: org.apache.ratis.thirdparty.io.grpc.StatusRuntimeException: UNAVAILABLE: io exception
	at java.util.concurrent.FutureTask.report(FutureTask.java:122)
	at java.util.concurrent.FutureTask.get(FutureTask.java:192)
	at org.apache.ratis.server.impl.LeaderElection.waitForResults(LeaderElection.java:259)
	at org.apache.ratis.server.impl.LeaderElection.askForVotes(LeaderElection.java:197)
	at org.apache.ratis.server.impl.LeaderElection.run(LeaderElection.java:133)
	at java.lang.Thread.run(Thread.java:748)
Caused by: org.apache.ratis.thirdparty.io.grpc.StatusRuntimeException: UNAVAILABLE: io exception
	at org.apache.ratis.thirdparty.io.grpc.stub.ClientCalls.toStatusRuntimeException(ClientCalls.java:233)
	at org.apache.ratis.thirdparty.io.grpc.stub.ClientCalls.getUnchecked(ClientCalls.java:214)
	at org.apache.ratis.thirdparty.io.grpc.stub.ClientCalls.blockingUnaryCall(ClientCalls.java:139)
	at org.apache.ratis.proto.grpc.RaftServerProtocolServiceGrpc$RaftServerProtocolServiceBlockingStub.requestVote(RaftServerProtocolServiceGrpc.java:265)
	at org.apache.ratis.grpc.server.GrpcServerProtocolClient.requestVote(GrpcServerProtocolClient.java:99)
	at org.apache.ratis.grpc.server.GrpcService.requestVote(GrpcService.java:204)
	at org.apache.ratis.server.impl.LeaderElection.lambda$submitRequests$1(LeaderElection.java:234)
	at java.util.concurrent.FutureTask.run(FutureTask.java:266)
	at java.util.concurrent.Executors$RunnableAdapter.call(Executors.java:511)
	at java.util.concurrent.FutureTask.run(FutureTask.java:266)
	at java.util.concurrent.ThreadPoolExecutor.runWorker(ThreadPoolExecutor.java:1149)
	at java.util.concurrent.ThreadPoolExecutor$Worker.run(ThreadPoolExecutor.java:624)
	... 1 more
Caused by: org.apache.ratis.thirdparty.io.netty.channel.AbstractChannel$AnnotatedConnectException: Connection refused: /192.168.157.220:40337
	at sun.nio.ch.SocketChannelImpl.checkConnect(Native Method)
	at sun.nio.ch.SocketChannelImpl.finishConnect(SocketChannelImpl.java:717)
	at org.apache.ratis.thirdparty.io.netty.channel.socket.nio.NioSocketChannel.doFinishConnect(NioSocketChannel.java:327)
	at org.apache.ratis.thirdparty.io.netty.channel.nio.AbstractNioChannel$AbstractNioUnsafe.finishConnect(AbstractNioChannel.java:340)
	at org.apache.ratis.thirdparty.io.netty.channel.nio.NioEventLoop.processSelectedKey(NioEventLoop.java:632)
	at org.apache.ratis.thirdparty.io.netty.channel.nio.NioEventLoop.processSelectedKeysOptimized(NioEventLoop.java:579)
	at org.apache.ratis.thirdparty.io.netty.channel.nio.NioEventLoop.processSelectedKeys(NioEventLoop.java:496)
	at org.apache.ratis.thirdparty.io.netty.channel.nio.NioEventLoop.run(NioEventLoop.java:458)
	at org.apache.ratis.thirdparty.io.netty.util.concurrent.SingleThreadEventExecutor$5.run(SingleThreadEventExecutor.java:897)
	at org.apache.ratis.thirdparty.io.netty.util.concurrent.FastThreadLocalRunnable.run(FastThreadLocalRunnable.java:30)
	... 1 more
Caused by: java.net.ConnectException: Connection refused
	... 11 more
2019-10-30 11:53:12,043 [6ed35211-36a6-405a-b1db-549f65da443e@group-6C94BA02685B-LeaderElection490] INFO  impl.LeaderElection (LeaderElection.java:logAndReturn(56)) - 6ed35211-36a6-405a-b1db-549f65da443e@group-6C94BA02685B-LeaderElection490: Election REJECTED; received 0 response(s) [] and 2 exception(s); 6ed35211-36a6-405a-b1db-549f65da443e@group-6C94BA02685B:t6, leader=null, voted=6ed35211-36a6-405a-b1db-549f65da443e, raftlog=6ed35211-36a6-405a-b1db-549f65da443e@group-6C94BA02685B-SegmentedRaftLog:OPENED:c21,f21,i21, conf=20: [6ed35211-36a6-405a-b1db-549f65da443e:192.168.157.220:41613, a12d6b9e-ec23-449e-8b58-135e3e67eb04:192.168.157.220:40337, 36879b23-b325-4015-ba59-8656331c6f4b:192.168.157.220:36123], old=null
2019-10-30 11:53:12,043 [6ed35211-36a6-405a-b1db-549f65da443e@group-6C94BA02685B-LeaderElection490] INFO  impl.LeaderElection (LogUtils.java:infoOrTrace(149)) -   Exception 0: {}
java.util.concurrent.ExecutionException: org.apache.ratis.thirdparty.io.grpc.StatusRuntimeException: UNAVAILABLE: io exception
	at java.util.concurrent.FutureTask.report(FutureTask.java:122)
	at java.util.concurrent.FutureTask.get(FutureTask.java:192)
	at org.apache.ratis.server.impl.LeaderElection.waitForResults(LeaderElection.java:259)
	at org.apache.ratis.server.impl.LeaderElection.askForVotes(LeaderElection.java:197)
	at org.apache.ratis.server.impl.LeaderElection.run(LeaderElection.java:133)
	at java.lang.Thread.run(Thread.java:748)
Caused by: org.apache.ratis.thirdparty.io.grpc.StatusRuntimeException: UNAVAILABLE: io exception
	at org.apache.ratis.thirdparty.io.grpc.stub.ClientCalls.toStatusRuntimeException(ClientCalls.java:233)
	at org.apache.ratis.thirdparty.io.grpc.stub.ClientCalls.getUnchecked(ClientCalls.java:214)
	at org.apache.ratis.thirdparty.io.grpc.stub.ClientCalls.blockingUnaryCall(ClientCalls.java:139)
	at org.apache.ratis.proto.grpc.RaftServerProtocolServiceGrpc$RaftServerProtocolServiceBlockingStub.requestVote(RaftServerProtocolServiceGrpc.java:265)
	at org.apache.ratis.grpc.server.GrpcServerProtocolClient.requestVote(GrpcServerProtocolClient.java:99)
	at org.apache.ratis.grpc.server.GrpcService.requestVote(GrpcService.java:204)
	at org.apache.ratis.server.impl.LeaderElection.lambda$submitRequests$1(LeaderElection.java:234)
	at java.util.concurrent.FutureTask.run(FutureTask.java:266)
	at java.util.concurrent.Executors$RunnableAdapter.call(Executors.java:511)
	at java.util.concurrent.FutureTask.run(FutureTask.java:266)
	at java.util.concurrent.ThreadPoolExecutor.runWorker(ThreadPoolExecutor.java:1149)
	at java.util.concurrent.ThreadPoolExecutor$Worker.run(ThreadPoolExecutor.java:624)
	... 1 more
Caused by: org.apache.ratis.thirdparty.io.netty.channel.AbstractChannel$AnnotatedConnectException: Connection refused: /192.168.157.220:36123
	at sun.nio.ch.SocketChannelImpl.checkConnect(Native Method)
	at sun.nio.ch.SocketChannelImpl.finishConnect(SocketChannelImpl.java:717)
	at org.apache.ratis.thirdparty.io.netty.channel.socket.nio.NioSocketChannel.doFinishConnect(NioSocketChannel.java:327)
	at org.apache.ratis.thirdparty.io.netty.channel.nio.AbstractNioChannel$AbstractNioUnsafe.finishConnect(AbstractNioChannel.java:340)
	at org.apache.ratis.thirdparty.io.netty.channel.nio.NioEventLoop.processSelectedKey(NioEventLoop.java:632)
	at org.apache.ratis.thirdparty.io.netty.channel.nio.NioEventLoop.processSelectedKeysOptimized(NioEventLoop.java:579)
	at org.apache.ratis.thirdparty.io.netty.channel.nio.NioEventLoop.processSelectedKeys(NioEventLoop.java:496)
	at org.apache.ratis.thirdparty.io.netty.channel.nio.NioEventLoop.run(NioEventLoop.java:458)
	at org.apache.ratis.thirdparty.io.netty.util.concurrent.SingleThreadEventExecutor$5.run(SingleThreadEventExecutor.java:897)
	at org.apache.ratis.thirdparty.io.netty.util.concurrent.FastThreadLocalRunnable.run(FastThreadLocalRunnable.java:30)
	... 1 more
Caused by: java.net.ConnectException: Connection refused
	... 11 more
2019-10-30 11:53:12,044 [6ed35211-36a6-405a-b1db-549f65da443e@group-6C94BA02685B-LeaderElection490] INFO  impl.LeaderElection (LogUtils.java:infoOrTrace(149)) -   Exception 1: {}
java.util.concurrent.ExecutionException: org.apache.ratis.thirdparty.io.grpc.StatusRuntimeException: UNAVAILABLE: io exception
	at java.util.concurrent.FutureTask.report(FutureTask.java:122)
	at java.util.concurrent.FutureTask.get(FutureTask.java:192)
	at org.apache.ratis.server.impl.LeaderElection.waitForResults(LeaderElection.java:259)
	at org.apache.ratis.server.impl.LeaderElection.askForVotes(LeaderElection.java:197)
	at org.apache.ratis.server.impl.LeaderElection.run(LeaderElection.java:133)
	at java.lang.Thread.run(Thread.java:748)
Caused by: org.apache.ratis.thirdparty.io.grpc.StatusRuntimeException: UNAVAILABLE: io exception
	at org.apache.ratis.thirdparty.io.grpc.stub.ClientCalls.toStatusRuntimeException(ClientCalls.java:233)
	at org.apache.ratis.thirdparty.io.grpc.stub.ClientCalls.getUnchecked(ClientCalls.java:214)
	at org.apache.ratis.thirdparty.io.grpc.stub.ClientCalls.blockingUnaryCall(ClientCalls.java:139)
	at org.apache.ratis.proto.grpc.RaftServerProtocolServiceGrpc$RaftServerProtocolServiceBlockingStub.requestVote(RaftServerProtocolServiceGrpc.java:265)
	at org.apache.ratis.grpc.server.GrpcServerProtocolClient.requestVote(GrpcServerProtocolClient.java:99)
	at org.apache.ratis.grpc.server.GrpcService.requestVote(GrpcService.java:204)
	at org.apache.ratis.server.impl.LeaderElection.lambda$submitRequests$1(LeaderElection.java:234)
	at java.util.concurrent.FutureTask.run(FutureTask.java:266)
	at java.util.concurrent.Executors$RunnableAdapter.call(Executors.java:511)
	at java.util.concurrent.FutureTask.run(FutureTask.java:266)
	at java.util.concurrent.ThreadPoolExecutor.runWorker(ThreadPoolExecutor.java:1149)
	at java.util.concurrent.ThreadPoolExecutor$Worker.run(ThreadPoolExecutor.java:624)
	... 1 more
Caused by: org.apache.ratis.thirdparty.io.netty.channel.AbstractChannel$AnnotatedConnectException: Connection refused: /192.168.157.220:40337
	at sun.nio.ch.SocketChannelImpl.checkConnect(Native Method)
	at sun.nio.ch.SocketChannelImpl.finishConnect(SocketChannelImpl.java:717)
	at org.apache.ratis.thirdparty.io.netty.channel.socket.nio.NioSocketChannel.doFinishConnect(NioSocketChannel.java:327)
	at org.apache.ratis.thirdparty.io.netty.channel.nio.AbstractNioChannel$AbstractNioUnsafe.finishConnect(AbstractNioChannel.java:340)
	at org.apache.ratis.thirdparty.io.netty.channel.nio.NioEventLoop.processSelectedKey(NioEventLoop.java:632)
	at org.apache.ratis.thirdparty.io.netty.channel.nio.NioEventLoop.processSelectedKeysOptimized(NioEventLoop.java:579)
	at org.apache.ratis.thirdparty.io.netty.channel.nio.NioEventLoop.processSelectedKeys(NioEventLoop.java:496)
	at org.apache.ratis.thirdparty.io.netty.channel.nio.NioEventLoop.run(NioEventLoop.java:458)
	at org.apache.ratis.thirdparty.io.netty.util.concurrent.SingleThreadEventExecutor$5.run(SingleThreadEventExecutor.java:897)
	at org.apache.ratis.thirdparty.io.netty.util.concurrent.FastThreadLocalRunnable.run(FastThreadLocalRunnable.java:30)
	... 1 more
Caused by: java.net.ConnectException: Connection refused
	... 11 more
2019-10-30 11:53:12,044 [6ed35211-36a6-405a-b1db-549f65da443e@group-6C94BA02685B-LeaderElection490] INFO  impl.RaftServerImpl (RaftServerImpl.java:setRole(184)) - 6ed35211-36a6-405a-b1db-549f65da443e@group-6C94BA02685B: changes role from CANDIDATE to FOLLOWER at term 6 for DISCOVERED_A_NEW_TERM
2019-10-30 11:53:12,044 [6ed35211-36a6-405a-b1db-549f65da443e@group-6C94BA02685B-LeaderElection490] INFO  impl.RoleInfo (RoleInfo.java:shutdownLeaderElection(134)) - 6ed35211-36a6-405a-b1db-549f65da443e: shutdown LeaderElection
2019-10-30 11:53:12,044 [6ed35211-36a6-405a-b1db-549f65da443e@group-6C94BA02685B-LeaderElection490] INFO  impl.RoleInfo (RoleInfo.java:updateAndGet(143)) - 6ed35211-36a6-405a-b1db-549f65da443e: start FollowerState
2019-10-30 11:53:12,089 [Thread-3535] INFO  impl.FollowerState (FollowerState.java:run(108)) - 4cc44201-a597-43af-a4ec-5b1b407a6250@group-83984122B78E-FollowerState: change to CANDIDATE, lastRpcTime:1159ms, electionTimeout:1159ms
2019-10-30 11:53:12,089 [Thread-3535] INFO  impl.RoleInfo (RoleInfo.java:shutdownFollowerState(121)) - 4cc44201-a597-43af-a4ec-5b1b407a6250: shutdown FollowerState
2019-10-30 11:53:12,089 [Thread-3535] INFO  impl.RaftServerImpl (RaftServerImpl.java:setRole(184)) - 4cc44201-a597-43af-a4ec-5b1b407a6250@group-83984122B78E: changes role from  FOLLOWER to CANDIDATE at term 247 for changeToCandidate
2019-10-30 11:53:12,089 [Thread-3535] INFO  impl.RoleInfo (RoleInfo.java:updateAndGet(143)) - 4cc44201-a597-43af-a4ec-5b1b407a6250: start LeaderElection
2019-10-30 11:53:12,103 [4cc44201-a597-43af-a4ec-5b1b407a6250@group-83984122B78E-LeaderElection491] INFO  impl.LeaderElection (LeaderElection.java:askForVotes(178)) - 4cc44201-a597-43af-a4ec-5b1b407a6250@group-83984122B78E-LeaderElection491: begin an election at term 248 for 0: [4f16e274-8663-4a15-9c4c-c81f650ab979:192.168.157.220:38181, 4cc44201-a597-43af-a4ec-5b1b407a6250:192.168.157.220:36685, f26e10ed-fb17-49e6-a903-eadc130d13d1:192.168.157.220:32806], old=null
2019-10-30 11:53:12,104 [4cc44201-a597-43af-a4ec-5b1b407a6250@group-83984122B78E-LeaderElection491] INFO  impl.LeaderElection (LogUtils.java:infoOrTrace(149)) - 4cc44201-a597-43af-a4ec-5b1b407a6250@group-83984122B78E-LeaderElection491 got exception when requesting votes: {}
java.util.concurrent.ExecutionException: org.apache.ratis.thirdparty.io.grpc.StatusRuntimeException: UNAVAILABLE: io exception
	at java.util.concurrent.FutureTask.report(FutureTask.java:122)
	at java.util.concurrent.FutureTask.get(FutureTask.java:192)
	at org.apache.ratis.server.impl.LeaderElection.waitForResults(LeaderElection.java:259)
	at org.apache.ratis.server.impl.LeaderElection.askForVotes(LeaderElection.java:197)
	at org.apache.ratis.server.impl.LeaderElection.run(LeaderElection.java:133)
	at java.lang.Thread.run(Thread.java:748)
Caused by: org.apache.ratis.thirdparty.io.grpc.StatusRuntimeException: UNAVAILABLE: io exception
	at org.apache.ratis.thirdparty.io.grpc.stub.ClientCalls.toStatusRuntimeException(ClientCalls.java:233)
	at org.apache.ratis.thirdparty.io.grpc.stub.ClientCalls.getUnchecked(ClientCalls.java:214)
	at org.apache.ratis.thirdparty.io.grpc.stub.ClientCalls.blockingUnaryCall(ClientCalls.java:139)
	at org.apache.ratis.proto.grpc.RaftServerProtocolServiceGrpc$RaftServerProtocolServiceBlockingStub.requestVote(RaftServerProtocolServiceGrpc.java:265)
	at org.apache.ratis.grpc.server.GrpcServerProtocolClient.requestVote(GrpcServerProtocolClient.java:99)
	at org.apache.ratis.grpc.server.GrpcService.requestVote(GrpcService.java:204)
	at org.apache.ratis.server.impl.LeaderElection.lambda$submitRequests$1(LeaderElection.java:234)
	at java.util.concurrent.FutureTask.run(FutureTask.java:266)
	at java.util.concurrent.Executors$RunnableAdapter.call(Executors.java:511)
	at java.util.concurrent.FutureTask.run(FutureTask.java:266)
	at java.util.concurrent.ThreadPoolExecutor.runWorker(ThreadPoolExecutor.java:1149)
	at java.util.concurrent.ThreadPoolExecutor$Worker.run(ThreadPoolExecutor.java:624)
	... 1 more
Caused by: org.apache.ratis.thirdparty.io.netty.channel.AbstractChannel$AnnotatedConnectException: Connection refused: /192.168.157.220:38181
	at sun.nio.ch.SocketChannelImpl.checkConnect(Native Method)
	at sun.nio.ch.SocketChannelImpl.finishConnect(SocketChannelImpl.java:717)
	at org.apache.ratis.thirdparty.io.netty.channel.socket.nio.NioSocketChannel.doFinishConnect(NioSocketChannel.java:327)
	at org.apache.ratis.thirdparty.io.netty.channel.nio.AbstractNioChannel$AbstractNioUnsafe.finishConnect(AbstractNioChannel.java:340)
	at org.apache.ratis.thirdparty.io.netty.channel.nio.NioEventLoop.processSelectedKey(NioEventLoop.java:632)
	at org.apache.ratis.thirdparty.io.netty.channel.nio.NioEventLoop.processSelectedKeysOptimized(NioEventLoop.java:579)
	at org.apache.ratis.thirdparty.io.netty.channel.nio.NioEventLoop.processSelectedKeys(NioEventLoop.java:496)
	at org.apache.ratis.thirdparty.io.netty.channel.nio.NioEventLoop.run(NioEventLoop.java:458)
	at org.apache.ratis.thirdparty.io.netty.util.concurrent.SingleThreadEventExecutor$5.run(SingleThreadEventExecutor.java:897)
	at org.apache.ratis.thirdparty.io.netty.util.concurrent.FastThreadLocalRunnable.run(FastThreadLocalRunnable.java:30)
	... 1 more
Caused by: java.net.ConnectException: Connection refused
	... 11 more
2019-10-30 11:53:12,105 [4cc44201-a597-43af-a4ec-5b1b407a6250@group-83984122B78E-LeaderElection491] INFO  impl.LeaderElection (LogUtils.java:infoOrTrace(149)) - 4cc44201-a597-43af-a4ec-5b1b407a6250@group-83984122B78E-LeaderElection491 got exception when requesting votes: {}
java.util.concurrent.ExecutionException: org.apache.ratis.thirdparty.io.grpc.StatusRuntimeException: UNAVAILABLE: io exception
	at java.util.concurrent.FutureTask.report(FutureTask.java:122)
	at java.util.concurrent.FutureTask.get(FutureTask.java:192)
	at org.apache.ratis.server.impl.LeaderElection.waitForResults(LeaderElection.java:259)
	at org.apache.ratis.server.impl.LeaderElection.askForVotes(LeaderElection.java:197)
	at org.apache.ratis.server.impl.LeaderElection.run(LeaderElection.java:133)
	at java.lang.Thread.run(Thread.java:748)
Caused by: org.apache.ratis.thirdparty.io.grpc.StatusRuntimeException: UNAVAILABLE: io exception
	at org.apache.ratis.thirdparty.io.grpc.stub.ClientCalls.toStatusRuntimeException(ClientCalls.java:233)
	at org.apache.ratis.thirdparty.io.grpc.stub.ClientCalls.getUnchecked(ClientCalls.java:214)
	at org.apache.ratis.thirdparty.io.grpc.stub.ClientCalls.blockingUnaryCall(ClientCalls.java:139)
	at org.apache.ratis.proto.grpc.RaftServerProtocolServiceGrpc$RaftServerProtocolServiceBlockingStub.requestVote(RaftServerProtocolServiceGrpc.java:265)
	at org.apache.ratis.grpc.server.GrpcServerProtocolClient.requestVote(GrpcServerProtocolClient.java:99)
	at org.apache.ratis.grpc.server.GrpcService.requestVote(GrpcService.java:204)
	at org.apache.ratis.server.impl.LeaderElection.lambda$submitRequests$1(LeaderElection.java:234)
	at java.util.concurrent.FutureTask.run(FutureTask.java:266)
	at java.util.concurrent.Executors$RunnableAdapter.call(Executors.java:511)
	at java.util.concurrent.FutureTask.run(FutureTask.java:266)
	at java.util.concurrent.ThreadPoolExecutor.runWorker(ThreadPoolExecutor.java:1149)
	at java.util.concurrent.ThreadPoolExecutor$Worker.run(ThreadPoolExecutor.java:624)
	... 1 more
Caused by: org.apache.ratis.thirdparty.io.netty.channel.AbstractChannel$AnnotatedConnectException: Connection refused: /192.168.157.220:32806
	at sun.nio.ch.SocketChannelImpl.checkConnect(Native Method)
	at sun.nio.ch.SocketChannelImpl.finishConnect(SocketChannelImpl.java:717)
	at org.apache.ratis.thirdparty.io.netty.channel.socket.nio.NioSocketChannel.doFinishConnect(NioSocketChannel.java:327)
	at org.apache.ratis.thirdparty.io.netty.channel.nio.AbstractNioChannel$AbstractNioUnsafe.finishConnect(AbstractNioChannel.java:340)
	at org.apache.ratis.thirdparty.io.netty.channel.nio.NioEventLoop.processSelectedKey(NioEventLoop.java:632)
	at org.apache.ratis.thirdparty.io.netty.channel.nio.NioEventLoop.processSelectedKeysOptimized(NioEventLoop.java:579)
	at org.apache.ratis.thirdparty.io.netty.channel.nio.NioEventLoop.processSelectedKeys(NioEventLoop.java:496)
	at org.apache.ratis.thirdparty.io.netty.channel.nio.NioEventLoop.run(NioEventLoop.java:458)
	at org.apache.ratis.thirdparty.io.netty.util.concurrent.SingleThreadEventExecutor$5.run(SingleThreadEventExecutor.java:897)
	at org.apache.ratis.thirdparty.io.netty.util.concurrent.FastThreadLocalRunnable.run(FastThreadLocalRunnable.java:30)
	... 1 more
Caused by: java.net.ConnectException: Connection refused
	... 11 more
2019-10-30 11:53:12,105 [4cc44201-a597-43af-a4ec-5b1b407a6250@group-83984122B78E-LeaderElection491] INFO  impl.LeaderElection (LeaderElection.java:logAndReturn(56)) - 4cc44201-a597-43af-a4ec-5b1b407a6250@group-83984122B78E-LeaderElection491: Election REJECTED; received 0 response(s) [] and 2 exception(s); 4cc44201-a597-43af-a4ec-5b1b407a6250@group-83984122B78E:t248, leader=null, voted=4cc44201-a597-43af-a4ec-5b1b407a6250, raftlog=4cc44201-a597-43af-a4ec-5b1b407a6250@group-83984122B78E-SegmentedRaftLog:OPENED:c-1,f0,i0, conf=0: [4f16e274-8663-4a15-9c4c-c81f650ab979:192.168.157.220:38181, 4cc44201-a597-43af-a4ec-5b1b407a6250:192.168.157.220:36685, f26e10ed-fb17-49e6-a903-eadc130d13d1:192.168.157.220:32806], old=null
2019-10-30 11:53:12,105 [4cc44201-a597-43af-a4ec-5b1b407a6250@group-83984122B78E-LeaderElection491] INFO  impl.LeaderElection (LogUtils.java:infoOrTrace(149)) -   Exception 0: {}
java.util.concurrent.ExecutionException: org.apache.ratis.thirdparty.io.grpc.StatusRuntimeException: UNAVAILABLE: io exception
	at java.util.concurrent.FutureTask.report(FutureTask.java:122)
	at java.util.concurrent.FutureTask.get(FutureTask.java:192)
	at org.apache.ratis.server.impl.LeaderElection.waitForResults(LeaderElection.java:259)
	at org.apache.ratis.server.impl.LeaderElection.askForVotes(LeaderElection.java:197)
	at org.apache.ratis.server.impl.LeaderElection.run(LeaderElection.java:133)
	at java.lang.Thread.run(Thread.java:748)
Caused by: org.apache.ratis.thirdparty.io.grpc.StatusRuntimeException: UNAVAILABLE: io exception
	at org.apache.ratis.thirdparty.io.grpc.stub.ClientCalls.toStatusRuntimeException(ClientCalls.java:233)
	at org.apache.ratis.thirdparty.io.grpc.stub.ClientCalls.getUnchecked(ClientCalls.java:214)
	at org.apache.ratis.thirdparty.io.grpc.stub.ClientCalls.blockingUnaryCall(ClientCalls.java:139)
	at org.apache.ratis.proto.grpc.RaftServerProtocolServiceGrpc$RaftServerProtocolServiceBlockingStub.requestVote(RaftServerProtocolServiceGrpc.java:265)
	at org.apache.ratis.grpc.server.GrpcServerProtocolClient.requestVote(GrpcServerProtocolClient.java:99)
	at org.apache.ratis.grpc.server.GrpcService.requestVote(GrpcService.java:204)
	at org.apache.ratis.server.impl.LeaderElection.lambda$submitRequests$1(LeaderElection.java:234)
	at java.util.concurrent.FutureTask.run(FutureTask.java:266)
	at java.util.concurrent.Executors$RunnableAdapter.call(Executors.java:511)
	at java.util.concurrent.FutureTask.run(FutureTask.java:266)
	at java.util.concurrent.ThreadPoolExecutor.runWorker(ThreadPoolExecutor.java:1149)
	at java.util.concurrent.ThreadPoolExecutor$Worker.run(ThreadPoolExecutor.java:624)
	... 1 more
Caused by: org.apache.ratis.thirdparty.io.netty.channel.AbstractChannel$AnnotatedConnectException: Connection refused: /192.168.157.220:38181
	at sun.nio.ch.SocketChannelImpl.checkConnect(Native Method)
	at sun.nio.ch.SocketChannelImpl.finishConnect(SocketChannelImpl.java:717)
	at org.apache.ratis.thirdparty.io.netty.channel.socket.nio.NioSocketChannel.doFinishConnect(NioSocketChannel.java:327)
	at org.apache.ratis.thirdparty.io.netty.channel.nio.AbstractNioChannel$AbstractNioUnsafe.finishConnect(AbstractNioChannel.java:340)
	at org.apache.ratis.thirdparty.io.netty.channel.nio.NioEventLoop.processSelectedKey(NioEventLoop.java:632)
	at org.apache.ratis.thirdparty.io.netty.channel.nio.NioEventLoop.processSelectedKeysOptimized(NioEventLoop.java:579)
	at org.apache.ratis.thirdparty.io.netty.channel.nio.NioEventLoop.processSelectedKeys(NioEventLoop.java:496)
	at org.apache.ratis.thirdparty.io.netty.channel.nio.NioEventLoop.run(NioEventLoop.java:458)
	at org.apache.ratis.thirdparty.io.netty.util.concurrent.SingleThreadEventExecutor$5.run(SingleThreadEventExecutor.java:897)
	at org.apache.ratis.thirdparty.io.netty.util.concurrent.FastThreadLocalRunnable.run(FastThreadLocalRunnable.java:30)
	... 1 more
Caused by: java.net.ConnectException: Connection refused
	... 11 more
2019-10-30 11:53:12,106 [4cc44201-a597-43af-a4ec-5b1b407a6250@group-83984122B78E-LeaderElection491] INFO  impl.LeaderElection (LogUtils.java:infoOrTrace(149)) -   Exception 1: {}
java.util.concurrent.ExecutionException: org.apache.ratis.thirdparty.io.grpc.StatusRuntimeException: UNAVAILABLE: io exception
	at java.util.concurrent.FutureTask.report(FutureTask.java:122)
	at java.util.concurrent.FutureTask.get(FutureTask.java:192)
	at org.apache.ratis.server.impl.LeaderElection.waitForResults(LeaderElection.java:259)
	at org.apache.ratis.server.impl.LeaderElection.askForVotes(LeaderElection.java:197)
	at org.apache.ratis.server.impl.LeaderElection.run(LeaderElection.java:133)
	at java.lang.Thread.run(Thread.java:748)
Caused by: org.apache.ratis.thirdparty.io.grpc.StatusRuntimeException: UNAVAILABLE: io exception
	at org.apache.ratis.thirdparty.io.grpc.stub.ClientCalls.toStatusRuntimeException(ClientCalls.java:233)
	at org.apache.ratis.thirdparty.io.grpc.stub.ClientCalls.getUnchecked(ClientCalls.java:214)
	at org.apache.ratis.thirdparty.io.grpc.stub.ClientCalls.blockingUnaryCall(ClientCalls.java:139)
	at org.apache.ratis.proto.grpc.RaftServerProtocolServiceGrpc$RaftServerProtocolServiceBlockingStub.requestVote(RaftServerProtocolServiceGrpc.java:265)
	at org.apache.ratis.grpc.server.GrpcServerProtocolClient.requestVote(GrpcServerProtocolClient.java:99)
	at org.apache.ratis.grpc.server.GrpcService.requestVote(GrpcService.java:204)
	at org.apache.ratis.server.impl.LeaderElection.lambda$submitRequests$1(LeaderElection.java:234)
	at java.util.concurrent.FutureTask.run(FutureTask.java:266)
	at java.util.concurrent.Executors$RunnableAdapter.call(Executors.java:511)
	at java.util.concurrent.FutureTask.run(FutureTask.java:266)
	at java.util.concurrent.ThreadPoolExecutor.runWorker(ThreadPoolExecutor.java:1149)
	at java.util.concurrent.ThreadPoolExecutor$Worker.run(ThreadPoolExecutor.java:624)
	... 1 more
Caused by: org.apache.ratis.thirdparty.io.netty.channel.AbstractChannel$AnnotatedConnectException: Connection refused: /192.168.157.220:32806
	at sun.nio.ch.SocketChannelImpl.checkConnect(Native Method)
	at sun.nio.ch.SocketChannelImpl.finishConnect(SocketChannelImpl.java:717)
	at org.apache.ratis.thirdparty.io.netty.channel.socket.nio.NioSocketChannel.doFinishConnect(NioSocketChannel.java:327)
	at org.apache.ratis.thirdparty.io.netty.channel.nio.AbstractNioChannel$AbstractNioUnsafe.finishConnect(AbstractNioChannel.java:340)
	at org.apache.ratis.thirdparty.io.netty.channel.nio.NioEventLoop.processSelectedKey(NioEventLoop.java:632)
	at org.apache.ratis.thirdparty.io.netty.channel.nio.NioEventLoop.processSelectedKeysOptimized(NioEventLoop.java:579)
	at org.apache.ratis.thirdparty.io.netty.channel.nio.NioEventLoop.processSelectedKeys(NioEventLoop.java:496)
	at org.apache.ratis.thirdparty.io.netty.channel.nio.NioEventLoop.run(NioEventLoop.java:458)
	at org.apache.ratis.thirdparty.io.netty.util.concurrent.SingleThreadEventExecutor$5.run(SingleThreadEventExecutor.java:897)
	at org.apache.ratis.thirdparty.io.netty.util.concurrent.FastThreadLocalRunnable.run(FastThreadLocalRunnable.java:30)
	... 1 more
Caused by: java.net.ConnectException: Connection refused
	... 11 more
2019-10-30 11:53:12,106 [4cc44201-a597-43af-a4ec-5b1b407a6250@group-83984122B78E-LeaderElection491] INFO  impl.RaftServerImpl (RaftServerImpl.java:setRole(184)) - 4cc44201-a597-43af-a4ec-5b1b407a6250@group-83984122B78E: changes role from CANDIDATE to FOLLOWER at term 248 for DISCOVERED_A_NEW_TERM
2019-10-30 11:53:12,106 [4cc44201-a597-43af-a4ec-5b1b407a6250@group-83984122B78E-LeaderElection491] INFO  impl.RoleInfo (RoleInfo.java:shutdownLeaderElection(134)) - 4cc44201-a597-43af-a4ec-5b1b407a6250: shutdown LeaderElection
2019-10-30 11:53:12,106 [4cc44201-a597-43af-a4ec-5b1b407a6250@group-83984122B78E-LeaderElection491] INFO  impl.RoleInfo (RoleInfo.java:updateAndGet(143)) - 4cc44201-a597-43af-a4ec-5b1b407a6250: start FollowerState
2019-10-30 11:53:12,671 [Thread-3539] INFO  impl.FollowerState (FollowerState.java:run(108)) - 9b3ef6c9-0245-4756-bf80-45d41f7a4453@group-F367C8FA5986-FollowerState: change to CANDIDATE, lastRpcTime:1190ms, electionTimeout:1190ms
2019-10-30 11:53:12,671 [Thread-3539] INFO  impl.RoleInfo (RoleInfo.java:shutdownFollowerState(121)) - 9b3ef6c9-0245-4756-bf80-45d41f7a4453: shutdown FollowerState
2019-10-30 11:53:12,671 [Thread-3539] INFO  impl.RaftServerImpl (RaftServerImpl.java:setRole(184)) - 9b3ef6c9-0245-4756-bf80-45d41f7a4453@group-F367C8FA5986: changes role from  FOLLOWER to CANDIDATE at term 271 for changeToCandidate
2019-10-30 11:53:12,671 [Thread-3539] INFO  impl.RoleInfo (RoleInfo.java:updateAndGet(143)) - 9b3ef6c9-0245-4756-bf80-45d41f7a4453: start LeaderElection
2019-10-30 11:53:12,685 [9b3ef6c9-0245-4756-bf80-45d41f7a4453@group-F367C8FA5986-LeaderElection492] INFO  impl.LeaderElection (LeaderElection.java:askForVotes(178)) - 9b3ef6c9-0245-4756-bf80-45d41f7a4453@group-F367C8FA5986-LeaderElection492: begin an election at term 272 for 0: [9b3ef6c9-0245-4756-bf80-45d41f7a4453:192.168.157.220:37058, cd11b2f5-3187-4d03-bd60-931991550c17:192.168.157.220:43236, 9dbd5372-55c2-4532-b354-9494d3d545d2:192.168.157.220:42993], old=null
2019-10-30 11:53:12,686 [9b3ef6c9-0245-4756-bf80-45d41f7a4453@group-F367C8FA5986-LeaderElection492] INFO  impl.LeaderElection (LogUtils.java:infoOrTrace(149)) - 9b3ef6c9-0245-4756-bf80-45d41f7a4453@group-F367C8FA5986-LeaderElection492 got exception when requesting votes: {}
java.util.concurrent.ExecutionException: org.apache.ratis.thirdparty.io.grpc.StatusRuntimeException: UNAVAILABLE: io exception
	at java.util.concurrent.FutureTask.report(FutureTask.java:122)
	at java.util.concurrent.FutureTask.get(FutureTask.java:192)
	at org.apache.ratis.server.impl.LeaderElection.waitForResults(LeaderElection.java:259)
	at org.apache.ratis.server.impl.LeaderElection.askForVotes(LeaderElection.java:197)
	at org.apache.ratis.server.impl.LeaderElection.run(LeaderElection.java:133)
	at java.lang.Thread.run(Thread.java:748)
Caused by: org.apache.ratis.thirdparty.io.grpc.StatusRuntimeException: UNAVAILABLE: io exception
	at org.apache.ratis.thirdparty.io.grpc.stub.ClientCalls.toStatusRuntimeException(ClientCalls.java:233)
	at org.apache.ratis.thirdparty.io.grpc.stub.ClientCalls.getUnchecked(ClientCalls.java:214)
	at org.apache.ratis.thirdparty.io.grpc.stub.ClientCalls.blockingUnaryCall(ClientCalls.java:139)
	at org.apache.ratis.proto.grpc.RaftServerProtocolServiceGrpc$RaftServerProtocolServiceBlockingStub.requestVote(RaftServerProtocolServiceGrpc.java:265)
	at org.apache.ratis.grpc.server.GrpcServerProtocolClient.requestVote(GrpcServerProtocolClient.java:99)
	at org.apache.ratis.grpc.server.GrpcService.requestVote(GrpcService.java:204)
	at org.apache.ratis.server.impl.LeaderElection.lambda$submitRequests$1(LeaderElection.java:234)
	at java.util.concurrent.FutureTask.run(FutureTask.java:266)
	at java.util.concurrent.Executors$RunnableAdapter.call(Executors.java:511)
	at java.util.concurrent.FutureTask.run(FutureTask.java:266)
	at java.util.concurrent.ThreadPoolExecutor.runWorker(ThreadPoolExecutor.java:1149)
	at java.util.concurrent.ThreadPoolExecutor$Worker.run(ThreadPoolExecutor.java:624)
	... 1 more
Caused by: org.apache.ratis.thirdparty.io.netty.channel.AbstractChannel$AnnotatedConnectException: Connection refused: /192.168.157.220:42993
	at sun.nio.ch.SocketChannelImpl.checkConnect(Native Method)
	at sun.nio.ch.SocketChannelImpl.finishConnect(SocketChannelImpl.java:717)
	at org.apache.ratis.thirdparty.io.netty.channel.socket.nio.NioSocketChannel.doFinishConnect(NioSocketChannel.java:327)
	at org.apache.ratis.thirdparty.io.netty.channel.nio.AbstractNioChannel$AbstractNioUnsafe.finishConnect(AbstractNioChannel.java:340)
	at org.apache.ratis.thirdparty.io.netty.channel.nio.NioEventLoop.processSelectedKey(NioEventLoop.java:632)
	at org.apache.ratis.thirdparty.io.netty.channel.nio.NioEventLoop.processSelectedKeysOptimized(NioEventLoop.java:579)
	at org.apache.ratis.thirdparty.io.netty.channel.nio.NioEventLoop.processSelectedKeys(NioEventLoop.java:496)
	at org.apache.ratis.thirdparty.io.netty.channel.nio.NioEventLoop.run(NioEventLoop.java:458)
	at org.apache.ratis.thirdparty.io.netty.util.concurrent.SingleThreadEventExecutor$5.run(SingleThreadEventExecutor.java:897)
	at org.apache.ratis.thirdparty.io.netty.util.concurrent.FastThreadLocalRunnable.run(FastThreadLocalRunnable.java:30)
	... 1 more
Caused by: java.net.ConnectException: Connection refused
	... 11 more
2019-10-30 11:53:12,686 [9b3ef6c9-0245-4756-bf80-45d41f7a4453@group-F367C8FA5986-LeaderElection492] INFO  impl.LeaderElection (LogUtils.java:infoOrTrace(149)) - 9b3ef6c9-0245-4756-bf80-45d41f7a4453@group-F367C8FA5986-LeaderElection492 got exception when requesting votes: {}
java.util.concurrent.ExecutionException: org.apache.ratis.thirdparty.io.grpc.StatusRuntimeException: UNAVAILABLE: io exception
	at java.util.concurrent.FutureTask.report(FutureTask.java:122)
	at java.util.concurrent.FutureTask.get(FutureTask.java:192)
	at org.apache.ratis.server.impl.LeaderElection.waitForResults(LeaderElection.java:259)
	at org.apache.ratis.server.impl.LeaderElection.askForVotes(LeaderElection.java:197)
	at org.apache.ratis.server.impl.LeaderElection.run(LeaderElection.java:133)
	at java.lang.Thread.run(Thread.java:748)
Caused by: org.apache.ratis.thirdparty.io.grpc.StatusRuntimeException: UNAVAILABLE: io exception
	at org.apache.ratis.thirdparty.io.grpc.stub.ClientCalls.toStatusRuntimeException(ClientCalls.java:233)
	at org.apache.ratis.thirdparty.io.grpc.stub.ClientCalls.getUnchecked(ClientCalls.java:214)
	at org.apache.ratis.thirdparty.io.grpc.stub.ClientCalls.blockingUnaryCall(ClientCalls.java:139)
	at org.apache.ratis.proto.grpc.RaftServerProtocolServiceGrpc$RaftServerProtocolServiceBlockingStub.requestVote(RaftServerProtocolServiceGrpc.java:265)
	at org.apache.ratis.grpc.server.GrpcServerProtocolClient.requestVote(GrpcServerProtocolClient.java:99)
	at org.apache.ratis.grpc.server.GrpcService.requestVote(GrpcService.java:204)
	at org.apache.ratis.server.impl.LeaderElection.lambda$submitRequests$1(LeaderElection.java:234)
	at java.util.concurrent.FutureTask.run(FutureTask.java:266)
	at java.util.concurrent.Executors$RunnableAdapter.call(Executors.java:511)
	at java.util.concurrent.FutureTask.run(FutureTask.java:266)
	at java.util.concurrent.ThreadPoolExecutor.runWorker(ThreadPoolExecutor.java:1149)
	at java.util.concurrent.ThreadPoolExecutor$Worker.run(ThreadPoolExecutor.java:624)
	... 1 more
Caused by: org.apache.ratis.thirdparty.io.netty.channel.AbstractChannel$AnnotatedConnectException: Connection refused: /192.168.157.220:43236
	at sun.nio.ch.SocketChannelImpl.checkConnect(Native Method)
	at sun.nio.ch.SocketChannelImpl.finishConnect(SocketChannelImpl.java:717)
	at org.apache.ratis.thirdparty.io.netty.channel.socket.nio.NioSocketChannel.doFinishConnect(NioSocketChannel.java:327)
	at org.apache.ratis.thirdparty.io.netty.channel.nio.AbstractNioChannel$AbstractNioUnsafe.finishConnect(AbstractNioChannel.java:340)
	at org.apache.ratis.thirdparty.io.netty.channel.nio.NioEventLoop.processSelectedKey(NioEventLoop.java:632)
	at org.apache.ratis.thirdparty.io.netty.channel.nio.NioEventLoop.processSelectedKeysOptimized(NioEventLoop.java:579)
	at org.apache.ratis.thirdparty.io.netty.channel.nio.NioEventLoop.processSelectedKeys(NioEventLoop.java:496)
	at org.apache.ratis.thirdparty.io.netty.channel.nio.NioEventLoop.run(NioEventLoop.java:458)
	at org.apache.ratis.thirdparty.io.netty.util.concurrent.SingleThreadEventExecutor$5.run(SingleThreadEventExecutor.java:897)
	at org.apache.ratis.thirdparty.io.netty.util.concurrent.FastThreadLocalRunnable.run(FastThreadLocalRunnable.java:30)
	... 1 more
Caused by: java.net.ConnectException: Connection refused
	... 11 more
2019-10-30 11:53:12,686 [9b3ef6c9-0245-4756-bf80-45d41f7a4453@group-F367C8FA5986-LeaderElection492] INFO  impl.LeaderElection (LeaderElection.java:logAndReturn(56)) - 9b3ef6c9-0245-4756-bf80-45d41f7a4453@group-F367C8FA5986-LeaderElection492: Election REJECTED; received 0 response(s) [] and 2 exception(s); 9b3ef6c9-0245-4756-bf80-45d41f7a4453@group-F367C8FA5986:t272, leader=null, voted=9b3ef6c9-0245-4756-bf80-45d41f7a4453, raftlog=9b3ef6c9-0245-4756-bf80-45d41f7a4453@group-F367C8FA5986-SegmentedRaftLog:OPENED:c0,f0,i0, conf=0: [9b3ef6c9-0245-4756-bf80-45d41f7a4453:192.168.157.220:37058, cd11b2f5-3187-4d03-bd60-931991550c17:192.168.157.220:43236, 9dbd5372-55c2-4532-b354-9494d3d545d2:192.168.157.220:42993], old=null
2019-10-30 11:53:12,686 [9b3ef6c9-0245-4756-bf80-45d41f7a4453@group-F367C8FA5986-LeaderElection492] INFO  impl.LeaderElection (LogUtils.java:infoOrTrace(149)) -   Exception 0: {}
java.util.concurrent.ExecutionException: org.apache.ratis.thirdparty.io.grpc.StatusRuntimeException: UNAVAILABLE: io exception
	at java.util.concurrent.FutureTask.report(FutureTask.java:122)
	at java.util.concurrent.FutureTask.get(FutureTask.java:192)
	at org.apache.ratis.server.impl.LeaderElection.waitForResults(LeaderElection.java:259)
	at org.apache.ratis.server.impl.LeaderElection.askForVotes(LeaderElection.java:197)
	at org.apache.ratis.server.impl.LeaderElection.run(LeaderElection.java:133)
	at java.lang.Thread.run(Thread.java:748)
Caused by: org.apache.ratis.thirdparty.io.grpc.StatusRuntimeException: UNAVAILABLE: io exception
	at org.apache.ratis.thirdparty.io.grpc.stub.ClientCalls.toStatusRuntimeException(ClientCalls.java:233)
	at org.apache.ratis.thirdparty.io.grpc.stub.ClientCalls.getUnchecked(ClientCalls.java:214)
	at org.apache.ratis.thirdparty.io.grpc.stub.ClientCalls.blockingUnaryCall(ClientCalls.java:139)
	at org.apache.ratis.proto.grpc.RaftServerProtocolServiceGrpc$RaftServerProtocolServiceBlockingStub.requestVote(RaftServerProtocolServiceGrpc.java:265)
	at org.apache.ratis.grpc.server.GrpcServerProtocolClient.requestVote(GrpcServerProtocolClient.java:99)
	at org.apache.ratis.grpc.server.GrpcService.requestVote(GrpcService.java:204)
	at org.apache.ratis.server.impl.LeaderElection.lambda$submitRequests$1(LeaderElection.java:234)
	at java.util.concurrent.FutureTask.run(FutureTask.java:266)
	at java.util.concurrent.Executors$RunnableAdapter.call(Executors.java:511)
	at java.util.concurrent.FutureTask.run(FutureTask.java:266)
	at java.util.concurrent.ThreadPoolExecutor.runWorker(ThreadPoolExecutor.java:1149)
	at java.util.concurrent.ThreadPoolExecutor$Worker.run(ThreadPoolExecutor.java:624)
	... 1 more
Caused by: org.apache.ratis.thirdparty.io.netty.channel.AbstractChannel$AnnotatedConnectException: Connection refused: /192.168.157.220:42993
	at sun.nio.ch.SocketChannelImpl.checkConnect(Native Method)
	at sun.nio.ch.SocketChannelImpl.finishConnect(SocketChannelImpl.java:717)
	at org.apache.ratis.thirdparty.io.netty.channel.socket.nio.NioSocketChannel.doFinishConnect(NioSocketChannel.java:327)
	at org.apache.ratis.thirdparty.io.netty.channel.nio.AbstractNioChannel$AbstractNioUnsafe.finishConnect(AbstractNioChannel.java:340)
	at org.apache.ratis.thirdparty.io.netty.channel.nio.NioEventLoop.processSelectedKey(NioEventLoop.java:632)
	at org.apache.ratis.thirdparty.io.netty.channel.nio.NioEventLoop.processSelectedKeysOptimized(NioEventLoop.java:579)
	at org.apache.ratis.thirdparty.io.netty.channel.nio.NioEventLoop.processSelectedKeys(NioEventLoop.java:496)
	at org.apache.ratis.thirdparty.io.netty.channel.nio.NioEventLoop.run(NioEventLoop.java:458)
	at org.apache.ratis.thirdparty.io.netty.util.concurrent.SingleThreadEventExecutor$5.run(SingleThreadEventExecutor.java:897)
	at org.apache.ratis.thirdparty.io.netty.util.concurrent.FastThreadLocalRunnable.run(FastThreadLocalRunnable.java:30)
	... 1 more
Caused by: java.net.ConnectException: Connection refused
	... 11 more
2019-10-30 11:53:12,687 [9b3ef6c9-0245-4756-bf80-45d41f7a4453@group-F367C8FA5986-LeaderElection492] INFO  impl.LeaderElection (LogUtils.java:infoOrTrace(149)) -   Exception 1: {}
java.util.concurrent.ExecutionException: org.apache.ratis.thirdparty.io.grpc.StatusRuntimeException: UNAVAILABLE: io exception
	at java.util.concurrent.FutureTask.report(FutureTask.java:122)
	at java.util.concurrent.FutureTask.get(FutureTask.java:192)
	at org.apache.ratis.server.impl.LeaderElection.waitForResults(LeaderElection.java:259)
	at org.apache.ratis.server.impl.LeaderElection.askForVotes(LeaderElection.java:197)
	at org.apache.ratis.server.impl.LeaderElection.run(LeaderElection.java:133)
	at java.lang.Thread.run(Thread.java:748)
Caused by: org.apache.ratis.thirdparty.io.grpc.StatusRuntimeException: UNAVAILABLE: io exception
	at org.apache.ratis.thirdparty.io.grpc.stub.ClientCalls.toStatusRuntimeException(ClientCalls.java:233)
	at org.apache.ratis.thirdparty.io.grpc.stub.ClientCalls.getUnchecked(ClientCalls.java:214)
	at org.apache.ratis.thirdparty.io.grpc.stub.ClientCalls.blockingUnaryCall(ClientCalls.java:139)
	at org.apache.ratis.proto.grpc.RaftServerProtocolServiceGrpc$RaftServerProtocolServiceBlockingStub.requestVote(RaftServerProtocolServiceGrpc.java:265)
	at org.apache.ratis.grpc.server.GrpcServerProtocolClient.requestVote(GrpcServerProtocolClient.java:99)
	at org.apache.ratis.grpc.server.GrpcService.requestVote(GrpcService.java:204)
	at org.apache.ratis.server.impl.LeaderElection.lambda$submitRequests$1(LeaderElection.java:234)
	at java.util.concurrent.FutureTask.run(FutureTask.java:266)
	at java.util.concurrent.Executors$RunnableAdapter.call(Executors.java:511)
	at java.util.concurrent.FutureTask.run(FutureTask.java:266)
	at java.util.concurrent.ThreadPoolExecutor.runWorker(ThreadPoolExecutor.java:1149)
	at java.util.concurrent.ThreadPoolExecutor$Worker.run(ThreadPoolExecutor.java:624)
	... 1 more
Caused by: org.apache.ratis.thirdparty.io.netty.channel.AbstractChannel$AnnotatedConnectException: Connection refused: /192.168.157.220:43236
	at sun.nio.ch.SocketChannelImpl.checkConnect(Native Method)
	at sun.nio.ch.SocketChannelImpl.finishConnect(SocketChannelImpl.java:717)
	at org.apache.ratis.thirdparty.io.netty.channel.socket.nio.NioSocketChannel.doFinishConnect(NioSocketChannel.java:327)
	at org.apache.ratis.thirdparty.io.netty.channel.nio.AbstractNioChannel$AbstractNioUnsafe.finishConnect(AbstractNioChannel.java:340)
	at org.apache.ratis.thirdparty.io.netty.channel.nio.NioEventLoop.processSelectedKey(NioEventLoop.java:632)
	at org.apache.ratis.thirdparty.io.netty.channel.nio.NioEventLoop.processSelectedKeysOptimized(NioEventLoop.java:579)
	at org.apache.ratis.thirdparty.io.netty.channel.nio.NioEventLoop.processSelectedKeys(NioEventLoop.java:496)
	at org.apache.ratis.thirdparty.io.netty.channel.nio.NioEventLoop.run(NioEventLoop.java:458)
	at org.apache.ratis.thirdparty.io.netty.util.concurrent.SingleThreadEventExecutor$5.run(SingleThreadEventExecutor.java:897)
	at org.apache.ratis.thirdparty.io.netty.util.concurrent.FastThreadLocalRunnable.run(FastThreadLocalRunnable.java:30)
	... 1 more
Caused by: java.net.ConnectException: Connection refused
	... 11 more
2019-10-30 11:53:12,687 [9b3ef6c9-0245-4756-bf80-45d41f7a4453@group-F367C8FA5986-LeaderElection492] INFO  impl.RaftServerImpl (RaftServerImpl.java:setRole(184)) - 9b3ef6c9-0245-4756-bf80-45d41f7a4453@group-F367C8FA5986: changes role from CANDIDATE to FOLLOWER at term 272 for DISCOVERED_A_NEW_TERM
2019-10-30 11:53:12,687 [9b3ef6c9-0245-4756-bf80-45d41f7a4453@group-F367C8FA5986-LeaderElection492] INFO  impl.RoleInfo (RoleInfo.java:shutdownLeaderElection(134)) - 9b3ef6c9-0245-4756-bf80-45d41f7a4453: shutdown LeaderElection
2019-10-30 11:53:12,687 [9b3ef6c9-0245-4756-bf80-45d41f7a4453@group-F367C8FA5986-LeaderElection492] INFO  impl.RoleInfo (RoleInfo.java:updateAndGet(143)) - 9b3ef6c9-0245-4756-bf80-45d41f7a4453: start FollowerState
2019-10-30 11:53:13,159 [Thread-3547] INFO  impl.FollowerState (FollowerState.java:run(108)) - 4cc44201-a597-43af-a4ec-5b1b407a6250@group-83984122B78E-FollowerState: change to CANDIDATE, lastRpcTime:1053ms, electionTimeout:1053ms
2019-10-30 11:53:13,160 [Thread-3547] INFO  impl.RoleInfo (RoleInfo.java:shutdownFollowerState(121)) - 4cc44201-a597-43af-a4ec-5b1b407a6250: shutdown FollowerState
2019-10-30 11:53:13,160 [Thread-3547] INFO  impl.RaftServerImpl (RaftServerImpl.java:setRole(184)) - 4cc44201-a597-43af-a4ec-5b1b407a6250@group-83984122B78E: changes role from  FOLLOWER to CANDIDATE at term 248 for changeToCandidate
2019-10-30 11:53:13,160 [Thread-3547] INFO  impl.RoleInfo (RoleInfo.java:updateAndGet(143)) - 4cc44201-a597-43af-a4ec-5b1b407a6250: start LeaderElection
2019-10-30 11:53:13,161 [Thread-3543] INFO  impl.FollowerState (FollowerState.java:run(108)) - 6ed35211-36a6-405a-b1db-549f65da443e@group-6C94BA02685B-FollowerState: change to CANDIDATE, lastRpcTime:1117ms, electionTimeout:1117ms
2019-10-30 11:53:13,161 [Thread-3543] INFO  impl.RoleInfo (RoleInfo.java:shutdownFollowerState(121)) - 6ed35211-36a6-405a-b1db-549f65da443e: shutdown FollowerState
2019-10-30 11:53:13,162 [Thread-3543] INFO  impl.RaftServerImpl (RaftServerImpl.java:setRole(184)) - 6ed35211-36a6-405a-b1db-549f65da443e@group-6C94BA02685B: changes role from  FOLLOWER to CANDIDATE at term 6 for changeToCandidate
2019-10-30 11:53:13,162 [Thread-3543] INFO  impl.RoleInfo (RoleInfo.java:updateAndGet(143)) - 6ed35211-36a6-405a-b1db-549f65da443e: start LeaderElection
2019-10-30 11:53:13,174 [4cc44201-a597-43af-a4ec-5b1b407a6250@group-83984122B78E-LeaderElection493] INFO  impl.LeaderElection (LeaderElection.java:askForVotes(178)) - 4cc44201-a597-43af-a4ec-5b1b407a6250@group-83984122B78E-LeaderElection493: begin an election at term 249 for 0: [4f16e274-8663-4a15-9c4c-c81f650ab979:192.168.157.220:38181, 4cc44201-a597-43af-a4ec-5b1b407a6250:192.168.157.220:36685, f26e10ed-fb17-49e6-a903-eadc130d13d1:192.168.157.220:32806], old=null
2019-10-30 11:53:13,175 [6ed35211-36a6-405a-b1db-549f65da443e@group-6C94BA02685B-LeaderElection494] INFO  impl.LeaderElection (LeaderElection.java:askForVotes(178)) - 6ed35211-36a6-405a-b1db-549f65da443e@group-6C94BA02685B-LeaderElection494: begin an election at term 7 for 20: [6ed35211-36a6-405a-b1db-549f65da443e:192.168.157.220:41613, a12d6b9e-ec23-449e-8b58-135e3e67eb04:192.168.157.220:40337, 36879b23-b325-4015-ba59-8656331c6f4b:192.168.157.220:36123], old=null
2019-10-30 11:53:13,176 [6ed35211-36a6-405a-b1db-549f65da443e@group-6C94BA02685B-LeaderElection494] INFO  impl.LeaderElection (LogUtils.java:infoOrTrace(149)) - 6ed35211-36a6-405a-b1db-549f65da443e@group-6C94BA02685B-LeaderElection494 got exception when requesting votes: {}
java.util.concurrent.ExecutionException: org.apache.ratis.thirdparty.io.grpc.StatusRuntimeException: UNAVAILABLE: io exception
	at java.util.concurrent.FutureTask.report(FutureTask.java:122)
	at java.util.concurrent.FutureTask.get(FutureTask.java:192)
	at org.apache.ratis.server.impl.LeaderElection.waitForResults(LeaderElection.java:259)
	at org.apache.ratis.server.impl.LeaderElection.askForVotes(LeaderElection.java:197)
	at org.apache.ratis.server.impl.LeaderElection.run(LeaderElection.java:133)
	at java.lang.Thread.run(Thread.java:748)
Caused by: org.apache.ratis.thirdparty.io.grpc.StatusRuntimeException: UNAVAILABLE: io exception
	at org.apache.ratis.thirdparty.io.grpc.stub.ClientCalls.toStatusRuntimeException(ClientCalls.java:233)
	at org.apache.ratis.thirdparty.io.grpc.stub.ClientCalls.getUnchecked(ClientCalls.java:214)
	at org.apache.ratis.thirdparty.io.grpc.stub.ClientCalls.blockingUnaryCall(ClientCalls.java:139)
	at org.apache.ratis.proto.grpc.RaftServerProtocolServiceGrpc$RaftServerProtocolServiceBlockingStub.requestVote(RaftServerProtocolServiceGrpc.java:265)
	at org.apache.ratis.grpc.server.GrpcServerProtocolClient.requestVote(GrpcServerProtocolClient.java:99)
	at org.apache.ratis.grpc.server.GrpcService.requestVote(GrpcService.java:204)
	at org.apache.ratis.server.impl.LeaderElection.lambda$submitRequests$1(LeaderElection.java:234)
	at java.util.concurrent.FutureTask.run(FutureTask.java:266)
	at java.util.concurrent.Executors$RunnableAdapter.call(Executors.java:511)
	at java.util.concurrent.FutureTask.run(FutureTask.java:266)
	at java.util.concurrent.ThreadPoolExecutor.runWorker(ThreadPoolExecutor.java:1149)
	at java.util.concurrent.ThreadPoolExecutor$Worker.run(ThreadPoolExecutor.java:624)
	... 1 more
Caused by: org.apache.ratis.thirdparty.io.netty.channel.AbstractChannel$AnnotatedConnectException: Connection refused: /192.168.157.220:36123
	at sun.nio.ch.SocketChannelImpl.checkConnect(Native Method)
	at sun.nio.ch.SocketChannelImpl.finishConnect(SocketChannelImpl.java:717)
	at org.apache.ratis.thirdparty.io.netty.channel.socket.nio.NioSocketChannel.doFinishConnect(NioSocketChannel.java:327)
	at org.apache.ratis.thirdparty.io.netty.channel.nio.AbstractNioChannel$AbstractNioUnsafe.finishConnect(AbstractNioChannel.java:340)
	at org.apache.ratis.thirdparty.io.netty.channel.nio.NioEventLoop.processSelectedKey(NioEventLoop.java:632)
	at org.apache.ratis.thirdparty.io.netty.channel.nio.NioEventLoop.processSelectedKeysOptimized(NioEventLoop.java:579)
	at org.apache.ratis.thirdparty.io.netty.channel.nio.NioEventLoop.processSelectedKeys(NioEventLoop.java:496)
	at org.apache.ratis.thirdparty.io.netty.channel.nio.NioEventLoop.run(NioEventLoop.java:458)
	at org.apache.ratis.thirdparty.io.netty.util.concurrent.SingleThreadEventExecutor$5.run(SingleThreadEventExecutor.java:897)
	at org.apache.ratis.thirdparty.io.netty.util.concurrent.FastThreadLocalRunnable.run(FastThreadLocalRunnable.java:30)
	... 1 more
Caused by: java.net.ConnectException: Connection refused
	... 11 more
2019-10-30 11:53:13,177 [6ed35211-36a6-405a-b1db-549f65da443e@group-6C94BA02685B-LeaderElection494] INFO  impl.LeaderElection (LogUtils.java:infoOrTrace(149)) - 6ed35211-36a6-405a-b1db-549f65da443e@group-6C94BA02685B-LeaderElection494 got exception when requesting votes: {}
java.util.concurrent.ExecutionException: org.apache.ratis.thirdparty.io.grpc.StatusRuntimeException: UNAVAILABLE: io exception
	at java.util.concurrent.FutureTask.report(FutureTask.java:122)
	at java.util.concurrent.FutureTask.get(FutureTask.java:192)
	at org.apache.ratis.server.impl.LeaderElection.waitForResults(LeaderElection.java:259)
	at org.apache.ratis.server.impl.LeaderElection.askForVotes(LeaderElection.java:197)
	at org.apache.ratis.server.impl.LeaderElection.run(LeaderElection.java:133)
	at java.lang.Thread.run(Thread.java:748)
Caused by: org.apache.ratis.thirdparty.io.grpc.StatusRuntimeException: UNAVAILABLE: io exception
	at org.apache.ratis.thirdparty.io.grpc.stub.ClientCalls.toStatusRuntimeException(ClientCalls.java:233)
	at org.apache.ratis.thirdparty.io.grpc.stub.ClientCalls.getUnchecked(ClientCalls.java:214)
	at org.apache.ratis.thirdparty.io.grpc.stub.ClientCalls.blockingUnaryCall(ClientCalls.java:139)
	at org.apache.ratis.proto.grpc.RaftServerProtocolServiceGrpc$RaftServerProtocolServiceBlockingStub.requestVote(RaftServerProtocolServiceGrpc.java:265)
	at org.apache.ratis.grpc.server.GrpcServerProtocolClient.requestVote(GrpcServerProtocolClient.java:99)
	at org.apache.ratis.grpc.server.GrpcService.requestVote(GrpcService.java:204)
	at org.apache.ratis.server.impl.LeaderElection.lambda$submitRequests$1(LeaderElection.java:234)
	at java.util.concurrent.FutureTask.run(FutureTask.java:266)
	at java.util.concurrent.Executors$RunnableAdapter.call(Executors.java:511)
	at java.util.concurrent.FutureTask.run(FutureTask.java:266)
	at java.util.concurrent.ThreadPoolExecutor.runWorker(ThreadPoolExecutor.java:1149)
	at java.util.concurrent.ThreadPoolExecutor$Worker.run(ThreadPoolExecutor.java:624)
	... 1 more
Caused by: org.apache.ratis.thirdparty.io.netty.channel.AbstractChannel$AnnotatedConnectException: Connection refused: /192.168.157.220:40337
	at sun.nio.ch.SocketChannelImpl.checkConnect(Native Method)
	at sun.nio.ch.SocketChannelImpl.finishConnect(SocketChannelImpl.java:717)
	at org.apache.ratis.thirdparty.io.netty.channel.socket.nio.NioSocketChannel.doFinishConnect(NioSocketChannel.java:327)
	at org.apache.ratis.thirdparty.io.netty.channel.nio.AbstractNioChannel$AbstractNioUnsafe.finishConnect(AbstractNioChannel.java:340)
	at org.apache.ratis.thirdparty.io.netty.channel.nio.NioEventLoop.processSelectedKey(NioEventLoop.java:632)
	at org.apache.ratis.thirdparty.io.netty.channel.nio.NioEventLoop.processSelectedKeysOptimized(NioEventLoop.java:579)
	at org.apache.ratis.thirdparty.io.netty.channel.nio.NioEventLoop.processSelectedKeys(NioEventLoop.java:496)
	at org.apache.ratis.thirdparty.io.netty.channel.nio.NioEventLoop.run(NioEventLoop.java:458)
	at org.apache.ratis.thirdparty.io.netty.util.concurrent.SingleThreadEventExecutor$5.run(SingleThreadEventExecutor.java:897)
	at org.apache.ratis.thirdparty.io.netty.util.concurrent.FastThreadLocalRunnable.run(FastThreadLocalRunnable.java:30)
	... 1 more
Caused by: java.net.ConnectException: Connection refused
	... 11 more
2019-10-30 11:53:13,177 [4cc44201-a597-43af-a4ec-5b1b407a6250@group-83984122B78E-LeaderElection493] INFO  impl.LeaderElection (LogUtils.java:infoOrTrace(149)) - 4cc44201-a597-43af-a4ec-5b1b407a6250@group-83984122B78E-LeaderElection493 got exception when requesting votes: {}
java.util.concurrent.ExecutionException: org.apache.ratis.thirdparty.io.grpc.StatusRuntimeException: UNAVAILABLE: io exception
	at java.util.concurrent.FutureTask.report(FutureTask.java:122)
	at java.util.concurrent.FutureTask.get(FutureTask.java:192)
	at org.apache.ratis.server.impl.LeaderElection.waitForResults(LeaderElection.java:259)
	at org.apache.ratis.server.impl.LeaderElection.askForVotes(LeaderElection.java:197)
	at org.apache.ratis.server.impl.LeaderElection.run(LeaderElection.java:133)
	at java.lang.Thread.run(Thread.java:748)
Caused by: org.apache.ratis.thirdparty.io.grpc.StatusRuntimeException: UNAVAILABLE: io exception
	at org.apache.ratis.thirdparty.io.grpc.stub.ClientCalls.toStatusRuntimeException(ClientCalls.java:233)
	at org.apache.ratis.thirdparty.io.grpc.stub.ClientCalls.getUnchecked(ClientCalls.java:214)
	at org.apache.ratis.thirdparty.io.grpc.stub.ClientCalls.blockingUnaryCall(ClientCalls.java:139)
	at org.apache.ratis.proto.grpc.RaftServerProtocolServiceGrpc$RaftServerProtocolServiceBlockingStub.requestVote(RaftServerProtocolServiceGrpc.java:265)
	at org.apache.ratis.grpc.server.GrpcServerProtocolClient.requestVote(GrpcServerProtocolClient.java:99)
	at org.apache.ratis.grpc.server.GrpcService.requestVote(GrpcService.java:204)
	at org.apache.ratis.server.impl.LeaderElection.lambda$submitRequests$1(LeaderElection.java:234)
	at java.util.concurrent.FutureTask.run(FutureTask.java:266)
	at java.util.concurrent.Executors$RunnableAdapter.call(Executors.java:511)
	at java.util.concurrent.FutureTask.run(FutureTask.java:266)
	at java.util.concurrent.ThreadPoolExecutor.runWorker(ThreadPoolExecutor.java:1149)
	at java.util.concurrent.ThreadPoolExecutor$Worker.run(ThreadPoolExecutor.java:624)
	... 1 more
Caused by: org.apache.ratis.thirdparty.io.netty.channel.AbstractChannel$AnnotatedConnectException: Connection refused: /192.168.157.220:32806
	at sun.nio.ch.SocketChannelImpl.checkConnect(Native Method)
	at sun.nio.ch.SocketChannelImpl.finishConnect(SocketChannelImpl.java:717)
	at org.apache.ratis.thirdparty.io.netty.channel.socket.nio.NioSocketChannel.doFinishConnect(NioSocketChannel.java:327)
	at org.apache.ratis.thirdparty.io.netty.channel.nio.AbstractNioChannel$AbstractNioUnsafe.finishConnect(AbstractNioChannel.java:340)
	at org.apache.ratis.thirdparty.io.netty.channel.nio.NioEventLoop.processSelectedKey(NioEventLoop.java:632)
	at org.apache.ratis.thirdparty.io.netty.channel.nio.NioEventLoop.processSelectedKeysOptimized(NioEventLoop.java:579)
	at org.apache.ratis.thirdparty.io.netty.channel.nio.NioEventLoop.processSelectedKeys(NioEventLoop.java:496)
	at org.apache.ratis.thirdparty.io.netty.channel.nio.NioEventLoop.run(NioEventLoop.java:458)
	at org.apache.ratis.thirdparty.io.netty.util.concurrent.SingleThreadEventExecutor$5.run(SingleThreadEventExecutor.java:897)
	at org.apache.ratis.thirdparty.io.netty.util.concurrent.FastThreadLocalRunnable.run(FastThreadLocalRunnable.java:30)
	... 1 more
Caused by: java.net.ConnectException: Connection refused
	... 11 more
2019-10-30 11:53:13,177 [4cc44201-a597-43af-a4ec-5b1b407a6250@group-83984122B78E-LeaderElection493] INFO  impl.LeaderElection (LogUtils.java:infoOrTrace(149)) - 4cc44201-a597-43af-a4ec-5b1b407a6250@group-83984122B78E-LeaderElection493 got exception when requesting votes: {}
java.util.concurrent.ExecutionException: org.apache.ratis.thirdparty.io.grpc.StatusRuntimeException: UNAVAILABLE: io exception
	at java.util.concurrent.FutureTask.report(FutureTask.java:122)
	at java.util.concurrent.FutureTask.get(FutureTask.java:192)
	at org.apache.ratis.server.impl.LeaderElection.waitForResults(LeaderElection.java:259)
	at org.apache.ratis.server.impl.LeaderElection.askForVotes(LeaderElection.java:197)
	at org.apache.ratis.server.impl.LeaderElection.run(LeaderElection.java:133)
	at java.lang.Thread.run(Thread.java:748)
Caused by: org.apache.ratis.thirdparty.io.grpc.StatusRuntimeException: UNAVAILABLE: io exception
	at org.apache.ratis.thirdparty.io.grpc.stub.ClientCalls.toStatusRuntimeException(ClientCalls.java:233)
	at org.apache.ratis.thirdparty.io.grpc.stub.ClientCalls.getUnchecked(ClientCalls.java:214)
	at org.apache.ratis.thirdparty.io.grpc.stub.ClientCalls.blockingUnaryCall(ClientCalls.java:139)
	at org.apache.ratis.proto.grpc.RaftServerProtocolServiceGrpc$RaftServerProtocolServiceBlockingStub.requestVote(RaftServerProtocolServiceGrpc.java:265)
	at org.apache.ratis.grpc.server.GrpcServerProtocolClient.requestVote(GrpcServerProtocolClient.java:99)
	at org.apache.ratis.grpc.server.GrpcService.requestVote(GrpcService.java:204)
	at org.apache.ratis.server.impl.LeaderElection.lambda$submitRequests$1(LeaderElection.java:234)
	at java.util.concurrent.FutureTask.run(FutureTask.java:266)
	at java.util.concurrent.Executors$RunnableAdapter.call(Executors.java:511)
	at java.util.concurrent.FutureTask.run(FutureTask.java:266)
	at java.util.concurrent.ThreadPoolExecutor.runWorker(ThreadPoolExecutor.java:1149)
	at java.util.concurrent.ThreadPoolExecutor$Worker.run(ThreadPoolExecutor.java:624)
	... 1 more
Caused by: org.apache.ratis.thirdparty.io.netty.channel.AbstractChannel$AnnotatedConnectException: Connection refused: /192.168.157.220:38181
	at sun.nio.ch.SocketChannelImpl.checkConnect(Native Method)
	at sun.nio.ch.SocketChannelImpl.finishConnect(SocketChannelImpl.java:717)
	at org.apache.ratis.thirdparty.io.netty.channel.socket.nio.NioSocketChannel.doFinishConnect(NioSocketChannel.java:327)
	at org.apache.ratis.thirdparty.io.netty.channel.nio.AbstractNioChannel$AbstractNioUnsafe.finishConnect(AbstractNioChannel.java:340)
	at org.apache.ratis.thirdparty.io.netty.channel.nio.NioEventLoop.processSelectedKey(NioEventLoop.java:632)
	at org.apache.ratis.thirdparty.io.netty.channel.nio.NioEventLoop.processSelectedKeysOptimized(NioEventLoop.java:579)
	at org.apache.ratis.thirdparty.io.netty.channel.nio.NioEventLoop.processSelectedKeys(NioEventLoop.java:496)
	at org.apache.ratis.thirdparty.io.netty.channel.nio.NioEventLoop.run(NioEventLoop.java:458)
	at org.apache.ratis.thirdparty.io.netty.util.concurrent.SingleThreadEventExecutor$5.run(SingleThreadEventExecutor.java:897)
	at org.apache.ratis.thirdparty.io.netty.util.concurrent.FastThreadLocalRunnable.run(FastThreadLocalRunnable.java:30)
	... 1 more
Caused by: java.net.ConnectException: Connection refused
	... 11 more
2019-10-30 11:53:13,178 [4cc44201-a597-43af-a4ec-5b1b407a6250@group-83984122B78E-LeaderElection493] INFO  impl.LeaderElection (LeaderElection.java:logAndReturn(56)) - 4cc44201-a597-43af-a4ec-5b1b407a6250@group-83984122B78E-LeaderElection493: Election REJECTED; received 0 response(s) [] and 2 exception(s); 4cc44201-a597-43af-a4ec-5b1b407a6250@group-83984122B78E:t249, leader=null, voted=4cc44201-a597-43af-a4ec-5b1b407a6250, raftlog=4cc44201-a597-43af-a4ec-5b1b407a6250@group-83984122B78E-SegmentedRaftLog:OPENED:c-1,f0,i0, conf=0: [4f16e274-8663-4a15-9c4c-c81f650ab979:192.168.157.220:38181, 4cc44201-a597-43af-a4ec-5b1b407a6250:192.168.157.220:36685, f26e10ed-fb17-49e6-a903-eadc130d13d1:192.168.157.220:32806], old=null
2019-10-30 11:53:13,178 [4cc44201-a597-43af-a4ec-5b1b407a6250@group-83984122B78E-LeaderElection493] INFO  impl.LeaderElection (LogUtils.java:infoOrTrace(149)) -   Exception 0: {}
java.util.concurrent.ExecutionException: org.apache.ratis.thirdparty.io.grpc.StatusRuntimeException: UNAVAILABLE: io exception
	at java.util.concurrent.FutureTask.report(FutureTask.java:122)
	at java.util.concurrent.FutureTask.get(FutureTask.java:192)
	at org.apache.ratis.server.impl.LeaderElection.waitForResults(LeaderElection.java:259)
	at org.apache.ratis.server.impl.LeaderElection.askForVotes(LeaderElection.java:197)
	at org.apache.ratis.server.impl.LeaderElection.run(LeaderElection.java:133)
	at java.lang.Thread.run(Thread.java:748)
Caused by: org.apache.ratis.thirdparty.io.grpc.StatusRuntimeException: UNAVAILABLE: io exception
	at org.apache.ratis.thirdparty.io.grpc.stub.ClientCalls.toStatusRuntimeException(ClientCalls.java:233)
	at org.apache.ratis.thirdparty.io.grpc.stub.ClientCalls.getUnchecked(ClientCalls.java:214)
	at org.apache.ratis.thirdparty.io.grpc.stub.ClientCalls.blockingUnaryCall(ClientCalls.java:139)
	at org.apache.ratis.proto.grpc.RaftServerProtocolServiceGrpc$RaftServerProtocolServiceBlockingStub.requestVote(RaftServerProtocolServiceGrpc.java:265)
	at org.apache.ratis.grpc.server.GrpcServerProtocolClient.requestVote(GrpcServerProtocolClient.java:99)
	at org.apache.ratis.grpc.server.GrpcService.requestVote(GrpcService.java:204)
	at org.apache.ratis.server.impl.LeaderElection.lambda$submitRequests$1(LeaderElection.java:234)
	at java.util.concurrent.FutureTask.run(FutureTask.java:266)
	at java.util.concurrent.Executors$RunnableAdapter.call(Executors.java:511)
	at java.util.concurrent.FutureTask.run(FutureTask.java:266)
	at java.util.concurrent.ThreadPoolExecutor.runWorker(ThreadPoolExecutor.java:1149)
	at java.util.concurrent.ThreadPoolExecutor$Worker.run(ThreadPoolExecutor.java:624)
	... 1 more
Caused by: org.apache.ratis.thirdparty.io.netty.channel.AbstractChannel$AnnotatedConnectException: Connection refused: /192.168.157.220:32806
	at sun.nio.ch.SocketChannelImpl.checkConnect(Native Method)
	at sun.nio.ch.SocketChannelImpl.finishConnect(SocketChannelImpl.java:717)
	at org.apache.ratis.thirdparty.io.netty.channel.socket.nio.NioSocketChannel.doFinishConnect(NioSocketChannel.java:327)
	at org.apache.ratis.thirdparty.io.netty.channel.nio.AbstractNioChannel$AbstractNioUnsafe.finishConnect(AbstractNioChannel.java:340)
	at org.apache.ratis.thirdparty.io.netty.channel.nio.NioEventLoop.processSelectedKey(NioEventLoop.java:632)
	at org.apache.ratis.thirdparty.io.netty.channel.nio.NioEventLoop.processSelectedKeysOptimized(NioEventLoop.java:579)
	at org.apache.ratis.thirdparty.io.netty.channel.nio.NioEventLoop.processSelectedKeys(NioEventLoop.java:496)
	at org.apache.ratis.thirdparty.io.netty.channel.nio.NioEventLoop.run(NioEventLoop.java:458)
	at org.apache.ratis.thirdparty.io.netty.util.concurrent.SingleThreadEventExecutor$5.run(SingleThreadEventExecutor.java:897)
	at org.apache.ratis.thirdparty.io.netty.util.concurrent.FastThreadLocalRunnable.run(FastThreadLocalRunnable.java:30)
	... 1 more
Caused by: java.net.ConnectException: Connection refused
	... 11 more
2019-10-30 11:53:13,178 [4cc44201-a597-43af-a4ec-5b1b407a6250@group-83984122B78E-LeaderElection493] INFO  impl.LeaderElection (LogUtils.java:infoOrTrace(149)) -   Exception 1: {}
java.util.concurrent.ExecutionException: org.apache.ratis.thirdparty.io.grpc.StatusRuntimeException: UNAVAILABLE: io exception
	at java.util.concurrent.FutureTask.report(FutureTask.java:122)
	at java.util.concurrent.FutureTask.get(FutureTask.java:192)
	at org.apache.ratis.server.impl.LeaderElection.waitForResults(LeaderElection.java:259)
	at org.apache.ratis.server.impl.LeaderElection.askForVotes(LeaderElection.java:197)
	at org.apache.ratis.server.impl.LeaderElection.run(LeaderElection.java:133)
	at java.lang.Thread.run(Thread.java:748)
Caused by: org.apache.ratis.thirdparty.io.grpc.StatusRuntimeException: UNAVAILABLE: io exception
	at org.apache.ratis.thirdparty.io.grpc.stub.ClientCalls.toStatusRuntimeException(ClientCalls.java:233)
	at org.apache.ratis.thirdparty.io.grpc.stub.ClientCalls.getUnchecked(ClientCalls.java:214)
	at org.apache.ratis.thirdparty.io.grpc.stub.ClientCalls.blockingUnaryCall(ClientCalls.java:139)
	at org.apache.ratis.proto.grpc.RaftServerProtocolServiceGrpc$RaftServerProtocolServiceBlockingStub.requestVote(RaftServerProtocolServiceGrpc.java:265)
	at org.apache.ratis.grpc.server.GrpcServerProtocolClient.requestVote(GrpcServerProtocolClient.java:99)
	at org.apache.ratis.grpc.server.GrpcService.requestVote(GrpcService.java:204)
	at org.apache.ratis.server.impl.LeaderElection.lambda$submitRequests$1(LeaderElection.java:234)
	at java.util.concurrent.FutureTask.run(FutureTask.java:266)
	at java.util.concurrent.Executors$RunnableAdapter.call(Executors.java:511)
	at java.util.concurrent.FutureTask.run(FutureTask.java:266)
	at java.util.concurrent.ThreadPoolExecutor.runWorker(ThreadPoolExecutor.java:1149)
	at java.util.concurrent.ThreadPoolExecutor$Worker.run(ThreadPoolExecutor.java:624)
	... 1 more
Caused by: org.apache.ratis.thirdparty.io.netty.channel.AbstractChannel$AnnotatedConnectException: Connection refused: /192.168.157.220:38181
	at sun.nio.ch.SocketChannelImpl.checkConnect(Native Method)
	at sun.nio.ch.SocketChannelImpl.finishConnect(SocketChannelImpl.java:717)
	at org.apache.ratis.thirdparty.io.netty.channel.socket.nio.NioSocketChannel.doFinishConnect(NioSocketChannel.java:327)
	at org.apache.ratis.thirdparty.io.netty.channel.nio.AbstractNioChannel$AbstractNioUnsafe.finishConnect(AbstractNioChannel.java:340)
	at org.apache.ratis.thirdparty.io.netty.channel.nio.NioEventLoop.processSelectedKey(NioEventLoop.java:632)
	at org.apache.ratis.thirdparty.io.netty.channel.nio.NioEventLoop.processSelectedKeysOptimized(NioEventLoop.java:579)
	at org.apache.ratis.thirdparty.io.netty.channel.nio.NioEventLoop.processSelectedKeys(NioEventLoop.java:496)
	at org.apache.ratis.thirdparty.io.netty.channel.nio.NioEventLoop.run(NioEventLoop.java:458)
	at org.apache.ratis.thirdparty.io.netty.util.concurrent.SingleThreadEventExecutor$5.run(SingleThreadEventExecutor.java:897)
	at org.apache.ratis.thirdparty.io.netty.util.concurrent.FastThreadLocalRunnable.run(FastThreadLocalRunnable.java:30)
	... 1 more
Caused by: java.net.ConnectException: Connection refused
	... 11 more
2019-10-30 11:53:13,178 [4cc44201-a597-43af-a4ec-5b1b407a6250@group-83984122B78E-LeaderElection493] INFO  impl.RaftServerImpl (RaftServerImpl.java:setRole(184)) - 4cc44201-a597-43af-a4ec-5b1b407a6250@group-83984122B78E: changes role from CANDIDATE to FOLLOWER at term 249 for DISCOVERED_A_NEW_TERM
2019-10-30 11:53:13,178 [4cc44201-a597-43af-a4ec-5b1b407a6250@group-83984122B78E-LeaderElection493] INFO  impl.RoleInfo (RoleInfo.java:shutdownLeaderElection(134)) - 4cc44201-a597-43af-a4ec-5b1b407a6250: shutdown LeaderElection
2019-10-30 11:53:13,179 [4cc44201-a597-43af-a4ec-5b1b407a6250@group-83984122B78E-LeaderElection493] INFO  impl.RoleInfo (RoleInfo.java:updateAndGet(143)) - 4cc44201-a597-43af-a4ec-5b1b407a6250: start FollowerState
2019-10-30 11:53:13,179 [6ed35211-36a6-405a-b1db-549f65da443e@group-6C94BA02685B-LeaderElection494] INFO  impl.LeaderElection (LeaderElection.java:logAndReturn(56)) - 6ed35211-36a6-405a-b1db-549f65da443e@group-6C94BA02685B-LeaderElection494: Election REJECTED; received 0 response(s) [] and 2 exception(s); 6ed35211-36a6-405a-b1db-549f65da443e@group-6C94BA02685B:t7, leader=null, voted=6ed35211-36a6-405a-b1db-549f65da443e, raftlog=6ed35211-36a6-405a-b1db-549f65da443e@group-6C94BA02685B-SegmentedRaftLog:OPENED:c21,f21,i21, conf=20: [6ed35211-36a6-405a-b1db-549f65da443e:192.168.157.220:41613, a12d6b9e-ec23-449e-8b58-135e3e67eb04:192.168.157.220:40337, 36879b23-b325-4015-ba59-8656331c6f4b:192.168.157.220:36123], old=null
2019-10-30 11:53:13,179 [6ed35211-36a6-405a-b1db-549f65da443e@group-6C94BA02685B-LeaderElection494] INFO  impl.LeaderElection (LogUtils.java:infoOrTrace(149)) -   Exception 0: {}
java.util.concurrent.ExecutionException: org.apache.ratis.thirdparty.io.grpc.StatusRuntimeException: UNAVAILABLE: io exception
	at java.util.concurrent.FutureTask.report(FutureTask.java:122)
	at java.util.concurrent.FutureTask.get(FutureTask.java:192)
	at org.apache.ratis.server.impl.LeaderElection.waitForResults(LeaderElection.java:259)
	at org.apache.ratis.server.impl.LeaderElection.askForVotes(LeaderElection.java:197)
	at org.apache.ratis.server.impl.LeaderElection.run(LeaderElection.java:133)
	at java.lang.Thread.run(Thread.java:748)
Caused by: org.apache.ratis.thirdparty.io.grpc.StatusRuntimeException: UNAVAILABLE: io exception
	at org.apache.ratis.thirdparty.io.grpc.stub.ClientCalls.toStatusRuntimeException(ClientCalls.java:233)
	at org.apache.ratis.thirdparty.io.grpc.stub.ClientCalls.getUnchecked(ClientCalls.java:214)
	at org.apache.ratis.thirdparty.io.grpc.stub.ClientCalls.blockingUnaryCall(ClientCalls.java:139)
	at org.apache.ratis.proto.grpc.RaftServerProtocolServiceGrpc$RaftServerProtocolServiceBlockingStub.requestVote(RaftServerProtocolServiceGrpc.java:265)
	at org.apache.ratis.grpc.server.GrpcServerProtocolClient.requestVote(GrpcServerProtocolClient.java:99)
	at org.apache.ratis.grpc.server.GrpcService.requestVote(GrpcService.java:204)
	at org.apache.ratis.server.impl.LeaderElection.lambda$submitRequests$1(LeaderElection.java:234)
	at java.util.concurrent.FutureTask.run(FutureTask.java:266)
	at java.util.concurrent.Executors$RunnableAdapter.call(Executors.java:511)
	at java.util.concurrent.FutureTask.run(FutureTask.java:266)
	at java.util.concurrent.ThreadPoolExecutor.runWorker(ThreadPoolExecutor.java:1149)
	at java.util.concurrent.ThreadPoolExecutor$Worker.run(ThreadPoolExecutor.java:624)
	... 1 more
Caused by: org.apache.ratis.thirdparty.io.netty.channel.AbstractChannel$AnnotatedConnectException: Connection refused: /192.168.157.220:36123
	at sun.nio.ch.SocketChannelImpl.checkConnect(Native Method)
	at sun.nio.ch.SocketChannelImpl.finishConnect(SocketChannelImpl.java:717)
	at org.apache.ratis.thirdparty.io.netty.channel.socket.nio.NioSocketChannel.doFinishConnect(NioSocketChannel.java:327)
	at org.apache.ratis.thirdparty.io.netty.channel.nio.AbstractNioChannel$AbstractNioUnsafe.finishConnect(AbstractNioChannel.java:340)
	at org.apache.ratis.thirdparty.io.netty.channel.nio.NioEventLoop.processSelectedKey(NioEventLoop.java:632)
	at org.apache.ratis.thirdparty.io.netty.channel.nio.NioEventLoop.processSelectedKeysOptimized(NioEventLoop.java:579)
	at org.apache.ratis.thirdparty.io.netty.channel.nio.NioEventLoop.processSelectedKeys(NioEventLoop.java:496)
	at org.apache.ratis.thirdparty.io.netty.channel.nio.NioEventLoop.run(NioEventLoop.java:458)
	at org.apache.ratis.thirdparty.io.netty.util.concurrent.SingleThreadEventExecutor$5.run(SingleThreadEventExecutor.java:897)
	at org.apache.ratis.thirdparty.io.netty.util.concurrent.FastThreadLocalRunnable.run(FastThreadLocalRunnable.java:30)
	... 1 more
Caused by: java.net.ConnectException: Connection refused
	... 11 more
2019-10-30 11:53:13,179 [6ed35211-36a6-405a-b1db-549f65da443e@group-6C94BA02685B-LeaderElection494] INFO  impl.LeaderElection (LogUtils.java:infoOrTrace(149)) -   Exception 1: {}
java.util.concurrent.ExecutionException: org.apache.ratis.thirdparty.io.grpc.StatusRuntimeException: UNAVAILABLE: io exception
	at java.util.concurrent.FutureTask.report(FutureTask.java:122)
	at java.util.concurrent.FutureTask.get(FutureTask.java:192)
	at org.apache.ratis.server.impl.LeaderElection.waitForResults(LeaderElection.java:259)
	at org.apache.ratis.server.impl.LeaderElection.askForVotes(LeaderElection.java:197)
	at org.apache.ratis.server.impl.LeaderElection.run(LeaderElection.java:133)
	at java.lang.Thread.run(Thread.java:748)
Caused by: org.apache.ratis.thirdparty.io.grpc.StatusRuntimeException: UNAVAILABLE: io exception
	at org.apache.ratis.thirdparty.io.grpc.stub.ClientCalls.toStatusRuntimeException(ClientCalls.java:233)
	at org.apache.ratis.thirdparty.io.grpc.stub.ClientCalls.getUnchecked(ClientCalls.java:214)
	at org.apache.ratis.thirdparty.io.grpc.stub.ClientCalls.blockingUnaryCall(ClientCalls.java:139)
	at org.apache.ratis.proto.grpc.RaftServerProtocolServiceGrpc$RaftServerProtocolServiceBlockingStub.requestVote(RaftServerProtocolServiceGrpc.java:265)
	at org.apache.ratis.grpc.server.GrpcServerProtocolClient.requestVote(GrpcServerProtocolClient.java:99)
	at org.apache.ratis.grpc.server.GrpcService.requestVote(GrpcService.java:204)
	at org.apache.ratis.server.impl.LeaderElection.lambda$submitRequests$1(LeaderElection.java:234)
	at java.util.concurrent.FutureTask.run(FutureTask.java:266)
	at java.util.concurrent.Executors$RunnableAdapter.call(Executors.java:511)
	at java.util.concurrent.FutureTask.run(FutureTask.java:266)
	at java.util.concurrent.ThreadPoolExecutor.runWorker(ThreadPoolExecutor.java:1149)
	at java.util.concurrent.ThreadPoolExecutor$Worker.run(ThreadPoolExecutor.java:624)
	... 1 more
Caused by: org.apache.ratis.thirdparty.io.netty.channel.AbstractChannel$AnnotatedConnectException: Connection refused: /192.168.157.220:40337
	at sun.nio.ch.SocketChannelImpl.checkConnect(Native Method)
	at sun.nio.ch.SocketChannelImpl.finishConnect(SocketChannelImpl.java:717)
	at org.apache.ratis.thirdparty.io.netty.channel.socket.nio.NioSocketChannel.doFinishConnect(NioSocketChannel.java:327)
	at org.apache.ratis.thirdparty.io.netty.channel.nio.AbstractNioChannel$AbstractNioUnsafe.finishConnect(AbstractNioChannel.java:340)
	at org.apache.ratis.thirdparty.io.netty.channel.nio.NioEventLoop.processSelectedKey(NioEventLoop.java:632)
	at org.apache.ratis.thirdparty.io.netty.channel.nio.NioEventLoop.processSelectedKeysOptimized(NioEventLoop.java:579)
	at org.apache.ratis.thirdparty.io.netty.channel.nio.NioEventLoop.processSelectedKeys(NioEventLoop.java:496)
	at org.apache.ratis.thirdparty.io.netty.channel.nio.NioEventLoop.run(NioEventLoop.java:458)
	at org.apache.ratis.thirdparty.io.netty.util.concurrent.SingleThreadEventExecutor$5.run(SingleThreadEventExecutor.java:897)
	at org.apache.ratis.thirdparty.io.netty.util.concurrent.FastThreadLocalRunnable.run(FastThreadLocalRunnable.java:30)
	... 1 more
Caused by: java.net.ConnectException: Connection refused
	... 11 more
2019-10-30 11:53:13,179 [6ed35211-36a6-405a-b1db-549f65da443e@group-6C94BA02685B-LeaderElection494] INFO  impl.RaftServerImpl (RaftServerImpl.java:setRole(184)) - 6ed35211-36a6-405a-b1db-549f65da443e@group-6C94BA02685B: changes role from CANDIDATE to FOLLOWER at term 7 for DISCOVERED_A_NEW_TERM
2019-10-30 11:53:13,179 [6ed35211-36a6-405a-b1db-549f65da443e@group-6C94BA02685B-LeaderElection494] INFO  impl.RoleInfo (RoleInfo.java:shutdownLeaderElection(134)) - 6ed35211-36a6-405a-b1db-549f65da443e: shutdown LeaderElection
2019-10-30 11:53:13,180 [6ed35211-36a6-405a-b1db-549f65da443e@group-6C94BA02685B-LeaderElection494] INFO  impl.RoleInfo (RoleInfo.java:updateAndGet(143)) - 6ed35211-36a6-405a-b1db-549f65da443e: start FollowerState
2019-10-30 11:53:13,323 [ForkJoinPool.commonPool-worker-0] INFO  ozoneimpl.OzoneContainer (OzoneContainer.java:stop(227)) - Attempting to stop container services.
2019-10-30 11:53:13,323 [ForkJoinPool.commonPool-worker-0] INFO  impl.RaftServerProxy (RaftServerProxy.java:lambda$close$4(314)) - 523c7eff-a1f5-464b-b597-b785df970f97: close
2019-10-30 11:53:13,324 [ForkJoinPool.commonPool-worker-0] INFO  impl.RaftServerImpl (RaftServerImpl.java:lambda$shutdown$3(261)) - 523c7eff-a1f5-464b-b597-b785df970f97@group-89D5B82EF0A0: shutdown
2019-10-30 11:53:13,324 [ForkJoinPool.commonPool-worker-0] INFO  util.JmxRegister (JmxRegister.java:unregister(73)) - Successfully un-registered JMX Bean with object name Ratis:service=RaftServer,group=group-89D5B82EF0A0,id=523c7eff-a1f5-464b-b597-b785df970f97
2019-10-30 11:53:13,324 [ForkJoinPool.commonPool-worker-0] INFO  impl.RoleInfo (RoleInfo.java:shutdownLeaderState(104)) - 523c7eff-a1f5-464b-b597-b785df970f97: shutdown LeaderState
2019-10-30 11:53:13,325 [ForkJoinPool.commonPool-worker-0] INFO  impl.PendingRequests (PendingRequests.java:sendNotLeaderResponses(202)) - 523c7eff-a1f5-464b-b597-b785df970f97@group-89D5B82EF0A0-PendingRequests: sendNotLeaderResponses
2019-10-30 11:53:13,325 [ForkJoinPool.commonPool-worker-0] INFO  impl.StateMachineUpdater (StateMachineUpdater.java:stopAndJoin(136)) - 523c7eff-a1f5-464b-b597-b785df970f97@group-89D5B82EF0A0-StateMachineUpdater: set stopIndex = 0
2019-10-30 11:53:13,326 [ForkJoinPool.commonPool-worker-0] INFO  impl.RaftServerImpl (ServerState.java:close(388)) - 523c7eff-a1f5-464b-b597-b785df970f97@group-89D5B82EF0A0: closes. applyIndex: 0
2019-10-30 11:53:13,326 [523c7eff-a1f5-464b-b597-b785df970f97@group-89D5B82EF0A0-SegmentedRaftLogWorker] INFO  segmented.SegmentedRaftLogWorker (SegmentedRaftLogWorker.java:run(316)) - 523c7eff-a1f5-464b-b597-b785df970f97@group-89D5B82EF0A0-SegmentedRaftLogWorker was interrupted, exiting. There are 0 tasks remaining in the queue.
2019-10-30 11:53:13,326 [ForkJoinPool.commonPool-worker-0] INFO  segmented.SegmentedRaftLogWorker (SegmentedRaftLogWorker.java:close(224)) - 523c7eff-a1f5-464b-b597-b785df970f97@group-89D5B82EF0A0-SegmentedRaftLogWorker close()
2019-10-30 11:53:13,329 [ForkJoinPool.commonPool-worker-0] INFO  server.GrpcService (GrpcService.java:closeImpl(164)) - 523c7eff-a1f5-464b-b597-b785df970f97: shutdown server with port 34455 now
2019-10-30 11:53:13,331 [ForkJoinPool.commonPool-worker-0] INFO  server.GrpcService (GrpcService.java:closeImpl(172)) - 523c7eff-a1f5-464b-b597-b785df970f97: shutdown server with port 34455 successfully
2019-10-30 11:53:13,333 [refreshUsed-/workdir/hadoop-ozone/integration-test/target/test-dir/MiniOzoneClusterImpl-aaf233b5-8021-4449-9df2-227d87d78376/datanode-0/data/containers] WARN  fs.CachingGetSpaceUsed (CachingGetSpaceUsed.java:run(183)) - Thread Interrupted waiting to refresh disk information: sleep interrupted
2019-10-30 11:53:13,356 [ForkJoinPool.commonPool-worker-0] INFO  utils.BackgroundService (BackgroundService.java:shutdown(151)) - Shutting down service BlockDeletingService
2019-10-30 11:53:13,359 [ForkJoinPool.commonPool-worker-0] INFO  statemachine.DatanodeStateMachine (DatanodeStateMachine.java:stopDaemon(395)) - Ozone container server stopped.
2019-10-30 11:53:13,363 [ForkJoinPool.commonPool-worker-0] INFO  handler.ContextHandler (ContextHandler.java:doStop(910)) - Stopped o.e.j.w.WebAppContext@62db3891{/,null,UNAVAILABLE}{/hddsDatanode}
2019-10-30 11:53:13,364 [ForkJoinPool.commonPool-worker-0] INFO  server.AbstractConnector (AbstractConnector.java:doStop(318)) - Stopped ServerConnector@61cd1c71{HTTP/1.1,[http/1.1]}{0.0.0.0:0}
2019-10-30 11:53:13,366 [ForkJoinPool.commonPool-worker-0] INFO  handler.ContextHandler (ContextHandler.java:doStop(910)) - Stopped o.e.j.s.ServletContextHandler@5292ceca{/static,jar:file:/home/user/.m2/repository/org/apache/hadoop/hadoop-hdds-container-service/0.5.0-SNAPSHOT/hadoop-hdds-container-service-0.5.0-SNAPSHOT.jar!/webapps/static,UNAVAILABLE}
2019-10-30 11:53:13,367 [ForkJoinPool.commonPool-worker-0] INFO  handler.ContextHandler (ContextHandler.java:doStop(910)) - Stopped o.e.j.s.ServletContextHandler@1bc0d349{/logs,file:///workdir/hadoop-ozone/integration-test/target/log,UNAVAILABLE}
2019-10-30 11:53:13,424 [main] INFO  ozoneimpl.OzoneContainer (OzoneContainer.java:stop(227)) - Attempting to stop container services.
2019-10-30 11:53:13,424 [main] INFO  impl.RaftServerProxy (RaftServerProxy.java:lambda$close$4(314)) - 9b3ef6c9-0245-4756-bf80-45d41f7a4453: close
2019-10-30 11:53:13,424 [main] INFO  impl.RaftServerImpl (RaftServerImpl.java:lambda$shutdown$3(261)) - 9b3ef6c9-0245-4756-bf80-45d41f7a4453@group-F367C8FA5986: shutdown
2019-10-30 11:53:13,425 [main] INFO  util.JmxRegister (JmxRegister.java:unregister(73)) - Successfully un-registered JMX Bean with object name Ratis:service=RaftServer,group=group-F367C8FA5986,id=9b3ef6c9-0245-4756-bf80-45d41f7a4453
2019-10-30 11:53:13,425 [main] INFO  impl.RoleInfo (RoleInfo.java:shutdownFollowerState(121)) - 9b3ef6c9-0245-4756-bf80-45d41f7a4453: shutdown FollowerState
2019-10-30 11:53:13,425 [main] INFO  impl.StateMachineUpdater (StateMachineUpdater.java:stopAndJoin(136)) - 9b3ef6c9-0245-4756-bf80-45d41f7a4453@group-F367C8FA5986-StateMachineUpdater: set stopIndex = 0
2019-10-30 11:53:13,425 [Thread-3551] INFO  impl.FollowerState (FollowerState.java:run(117)) - 9b3ef6c9-0245-4756-bf80-45d41f7a4453@group-F367C8FA5986-FollowerState was interrupted: java.lang.InterruptedException: sleep interrupted
2019-10-30 11:53:13,425 [main] INFO  impl.RaftServerImpl (ServerState.java:close(388)) - 9b3ef6c9-0245-4756-bf80-45d41f7a4453@group-F367C8FA5986: closes. applyIndex: 0
2019-10-30 11:53:13,426 [9b3ef6c9-0245-4756-bf80-45d41f7a4453@group-F367C8FA5986-SegmentedRaftLogWorker] INFO  segmented.SegmentedRaftLogWorker (SegmentedRaftLogWorker.java:run(316)) - 9b3ef6c9-0245-4756-bf80-45d41f7a4453@group-F367C8FA5986-SegmentedRaftLogWorker was interrupted, exiting. There are 0 tasks remaining in the queue.
2019-10-30 11:53:13,426 [main] INFO  segmented.SegmentedRaftLogWorker (SegmentedRaftLogWorker.java:close(224)) - 9b3ef6c9-0245-4756-bf80-45d41f7a4453@group-F367C8FA5986-SegmentedRaftLogWorker close()
2019-10-30 11:53:13,428 [main] INFO  impl.RaftServerImpl (RaftServerImpl.java:lambda$shutdown$3(261)) - 9b3ef6c9-0245-4756-bf80-45d41f7a4453@group-CF30666E523F: shutdown
2019-10-30 11:53:13,428 [main] INFO  util.JmxRegister (JmxRegister.java:unregister(73)) - Successfully un-registered JMX Bean with object name Ratis:service=RaftServer,group=group-CF30666E523F,id=9b3ef6c9-0245-4756-bf80-45d41f7a4453
2019-10-30 11:53:13,428 [main] INFO  impl.RoleInfo (RoleInfo.java:shutdownLeaderState(104)) - 9b3ef6c9-0245-4756-bf80-45d41f7a4453: shutdown LeaderState
2019-10-30 11:53:13,428 [main] INFO  impl.PendingRequests (PendingRequests.java:sendNotLeaderResponses(202)) - 9b3ef6c9-0245-4756-bf80-45d41f7a4453@group-CF30666E523F-PendingRequests: sendNotLeaderResponses
2019-10-30 11:53:13,429 [main] INFO  impl.StateMachineUpdater (StateMachineUpdater.java:stopAndJoin(136)) - 9b3ef6c9-0245-4756-bf80-45d41f7a4453@group-CF30666E523F-StateMachineUpdater: set stopIndex = 0
2019-10-30 11:53:13,429 [main] INFO  impl.RaftServerImpl (ServerState.java:close(388)) - 9b3ef6c9-0245-4756-bf80-45d41f7a4453@group-CF30666E523F: closes. applyIndex: 0
2019-10-30 11:53:13,429 [9b3ef6c9-0245-4756-bf80-45d41f7a4453@group-CF30666E523F-SegmentedRaftLogWorker] INFO  segmented.SegmentedRaftLogWorker (SegmentedRaftLogWorker.java:run(316)) - 9b3ef6c9-0245-4756-bf80-45d41f7a4453@group-CF30666E523F-SegmentedRaftLogWorker was interrupted, exiting. There are 0 tasks remaining in the queue.
2019-10-30 11:53:13,430 [main] INFO  segmented.SegmentedRaftLogWorker (SegmentedRaftLogWorker.java:close(224)) - 9b3ef6c9-0245-4756-bf80-45d41f7a4453@group-CF30666E523F-SegmentedRaftLogWorker close()
2019-10-30 11:53:13,435 [main] INFO  server.GrpcService (GrpcService.java:closeImpl(164)) - 9b3ef6c9-0245-4756-bf80-45d41f7a4453: shutdown server with port 37058 now
2019-10-30 11:53:13,437 [main] INFO  server.GrpcService (GrpcService.java:closeImpl(172)) - 9b3ef6c9-0245-4756-bf80-45d41f7a4453: shutdown server with port 37058 successfully
2019-10-30 11:53:13,439 [refreshUsed-/workdir/hadoop-ozone/integration-test/target/test-dir/MiniOzoneClusterImpl-aaf233b5-8021-4449-9df2-227d87d78376/datanode-9/data/containers] WARN  fs.CachingGetSpaceUsed (CachingGetSpaceUsed.java:run(183)) - Thread Interrupted waiting to refresh disk information: sleep interrupted
2019-10-30 11:53:13,453 [main] INFO  utils.BackgroundService (BackgroundService.java:shutdown(151)) - Shutting down service BlockDeletingService
2019-10-30 11:53:13,458 [main] INFO  statemachine.DatanodeStateMachine (DatanodeStateMachine.java:stopDaemon(395)) - Ozone container server stopped.
2019-10-30 11:53:13,459 [main] INFO  handler.ContextHandler (ContextHandler.java:doStop(910)) - Stopped o.e.j.w.WebAppContext@10c72a6f{/,null,UNAVAILABLE}{/hddsDatanode}
2019-10-30 11:53:13,460 [main] INFO  server.AbstractConnector (AbstractConnector.java:doStop(318)) - Stopped ServerConnector@70e94ecb{HTTP/1.1,[http/1.1]}{0.0.0.0:0}
2019-10-30 11:53:13,460 [main] INFO  handler.ContextHandler (ContextHandler.java:doStop(910)) - Stopped o.e.j.s.ServletContextHandler@19a64eae{/static,jar:file:/home/user/.m2/repository/org/apache/hadoop/hadoop-hdds-container-service/0.5.0-SNAPSHOT/hadoop-hdds-container-service-0.5.0-SNAPSHOT.jar!/webapps/static,UNAVAILABLE}
2019-10-30 11:53:13,460 [main] INFO  handler.ContextHandler (ContextHandler.java:doStop(910)) - Stopped o.e.j.s.ServletContextHandler@6cbd0674{/logs,file:///workdir/hadoop-ozone/integration-test/target/log,UNAVAILABLE}
2019-10-30 11:53:13,471 [Datanode State Machine Thread - 0] INFO  statemachine.DatanodeStateMachine (DatanodeStateMachine.java:lambda$startDaemon$0(350)) - Ozone container server started.
2019-10-30 11:53:14,038 [Datanode State Machine Thread - 0] INFO  statemachine.DatanodeStateMachine (DatanodeStateMachine.java:lambda$startDaemon$0(350)) - Ozone container server started.
2019-10-30 11:53:14,265 [Thread-3558] INFO  impl.FollowerState (FollowerState.java:run(108)) - 4cc44201-a597-43af-a4ec-5b1b407a6250@group-83984122B78E-FollowerState: change to CANDIDATE, lastRpcTime:1086ms, electionTimeout:1086ms
2019-10-30 11:53:14,265 [Thread-3558] INFO  impl.RoleInfo (RoleInfo.java:shutdownFollowerState(121)) - 4cc44201-a597-43af-a4ec-5b1b407a6250: shutdown FollowerState
2019-10-30 11:53:14,265 [Thread-3558] INFO  impl.RaftServerImpl (RaftServerImpl.java:setRole(184)) - 4cc44201-a597-43af-a4ec-5b1b407a6250@group-83984122B78E: changes role from  FOLLOWER to CANDIDATE at term 249 for changeToCandidate
2019-10-30 11:53:14,265 [Thread-3558] INFO  impl.RoleInfo (RoleInfo.java:updateAndGet(143)) - 4cc44201-a597-43af-a4ec-5b1b407a6250: start LeaderElection
2019-10-30 11:53:14,276 [Thread-3559] INFO  impl.FollowerState (FollowerState.java:run(108)) - 6ed35211-36a6-405a-b1db-549f65da443e@group-6C94BA02685B-FollowerState: change to CANDIDATE, lastRpcTime:1096ms, electionTimeout:1096ms
2019-10-30 11:53:14,276 [Thread-3559] INFO  impl.RoleInfo (RoleInfo.java:shutdownFollowerState(121)) - 6ed35211-36a6-405a-b1db-549f65da443e: shutdown FollowerState
2019-10-30 11:53:14,276 [Thread-3559] INFO  impl.RaftServerImpl (RaftServerImpl.java:setRole(184)) - 6ed35211-36a6-405a-b1db-549f65da443e@group-6C94BA02685B: changes role from  FOLLOWER to CANDIDATE at term 7 for changeToCandidate
2019-10-30 11:53:14,276 [Thread-3559] INFO  impl.RoleInfo (RoleInfo.java:updateAndGet(143)) - 6ed35211-36a6-405a-b1db-549f65da443e: start LeaderElection
2019-10-30 11:53:14,281 [4cc44201-a597-43af-a4ec-5b1b407a6250@group-83984122B78E-LeaderElection495] INFO  impl.LeaderElection (LeaderElection.java:askForVotes(178)) - 4cc44201-a597-43af-a4ec-5b1b407a6250@group-83984122B78E-LeaderElection495: begin an election at term 250 for 0: [4f16e274-8663-4a15-9c4c-c81f650ab979:192.168.157.220:38181, 4cc44201-a597-43af-a4ec-5b1b407a6250:192.168.157.220:36685, f26e10ed-fb17-49e6-a903-eadc130d13d1:192.168.157.220:32806], old=null
2019-10-30 11:53:14,282 [4cc44201-a597-43af-a4ec-5b1b407a6250@group-83984122B78E-LeaderElection495] INFO  impl.LeaderElection (LogUtils.java:infoOrTrace(149)) - 4cc44201-a597-43af-a4ec-5b1b407a6250@group-83984122B78E-LeaderElection495 got exception when requesting votes: {}
java.util.concurrent.ExecutionException: org.apache.ratis.thirdparty.io.grpc.StatusRuntimeException: UNAVAILABLE: io exception
	at java.util.concurrent.FutureTask.report(FutureTask.java:122)
	at java.util.concurrent.FutureTask.get(FutureTask.java:192)
	at org.apache.ratis.server.impl.LeaderElection.waitForResults(LeaderElection.java:259)
	at org.apache.ratis.server.impl.LeaderElection.askForVotes(LeaderElection.java:197)
	at org.apache.ratis.server.impl.LeaderElection.run(LeaderElection.java:133)
	at java.lang.Thread.run(Thread.java:748)
Caused by: org.apache.ratis.thirdparty.io.grpc.StatusRuntimeException: UNAVAILABLE: io exception
	at org.apache.ratis.thirdparty.io.grpc.stub.ClientCalls.toStatusRuntimeException(ClientCalls.java:233)
	at org.apache.ratis.thirdparty.io.grpc.stub.ClientCalls.getUnchecked(ClientCalls.java:214)
	at org.apache.ratis.thirdparty.io.grpc.stub.ClientCalls.blockingUnaryCall(ClientCalls.java:139)
	at org.apache.ratis.proto.grpc.RaftServerProtocolServiceGrpc$RaftServerProtocolServiceBlockingStub.requestVote(RaftServerProtocolServiceGrpc.java:265)
	at org.apache.ratis.grpc.server.GrpcServerProtocolClient.requestVote(GrpcServerProtocolClient.java:99)
	at org.apache.ratis.grpc.server.GrpcService.requestVote(GrpcService.java:204)
	at org.apache.ratis.server.impl.LeaderElection.lambda$submitRequests$1(LeaderElection.java:234)
	at java.util.concurrent.FutureTask.run(FutureTask.java:266)
	at java.util.concurrent.Executors$RunnableAdapter.call(Executors.java:511)
	at java.util.concurrent.FutureTask.run(FutureTask.java:266)
	at java.util.concurrent.ThreadPoolExecutor.runWorker(ThreadPoolExecutor.java:1149)
	at java.util.concurrent.ThreadPoolExecutor$Worker.run(ThreadPoolExecutor.java:624)
	... 1 more
Caused by: org.apache.ratis.thirdparty.io.netty.channel.AbstractChannel$AnnotatedConnectException: Connection refused: /192.168.157.220:38181
	at sun.nio.ch.SocketChannelImpl.checkConnect(Native Method)
	at sun.nio.ch.SocketChannelImpl.finishConnect(SocketChannelImpl.java:717)
	at org.apache.ratis.thirdparty.io.netty.channel.socket.nio.NioSocketChannel.doFinishConnect(NioSocketChannel.java:327)
	at org.apache.ratis.thirdparty.io.netty.channel.nio.AbstractNioChannel$AbstractNioUnsafe.finishConnect(AbstractNioChannel.java:340)
	at org.apache.ratis.thirdparty.io.netty.channel.nio.NioEventLoop.processSelectedKey(NioEventLoop.java:632)
	at org.apache.ratis.thirdparty.io.netty.channel.nio.NioEventLoop.processSelectedKeysOptimized(NioEventLoop.java:579)
	at org.apache.ratis.thirdparty.io.netty.channel.nio.NioEventLoop.processSelectedKeys(NioEventLoop.java:496)
	at org.apache.ratis.thirdparty.io.netty.channel.nio.NioEventLoop.run(NioEventLoop.java:458)
	at org.apache.ratis.thirdparty.io.netty.util.concurrent.SingleThreadEventExecutor$5.run(SingleThreadEventExecutor.java:897)
	at org.apache.ratis.thirdparty.io.netty.util.concurrent.FastThreadLocalRunnable.run(FastThreadLocalRunnable.java:30)
	... 1 more
Caused by: java.net.ConnectException: Connection refused
	... 11 more
2019-10-30 11:53:14,283 [4cc44201-a597-43af-a4ec-5b1b407a6250@group-83984122B78E-LeaderElection495] INFO  impl.LeaderElection (LogUtils.java:infoOrTrace(149)) - 4cc44201-a597-43af-a4ec-5b1b407a6250@group-83984122B78E-LeaderElection495 got exception when requesting votes: {}
java.util.concurrent.ExecutionException: org.apache.ratis.thirdparty.io.grpc.StatusRuntimeException: UNAVAILABLE: io exception
	at java.util.concurrent.FutureTask.report(FutureTask.java:122)
	at java.util.concurrent.FutureTask.get(FutureTask.java:192)
	at org.apache.ratis.server.impl.LeaderElection.waitForResults(LeaderElection.java:259)
	at org.apache.ratis.server.impl.LeaderElection.askForVotes(LeaderElection.java:197)
	at org.apache.ratis.server.impl.LeaderElection.run(LeaderElection.java:133)
	at java.lang.Thread.run(Thread.java:748)
Caused by: org.apache.ratis.thirdparty.io.grpc.StatusRuntimeException: UNAVAILABLE: io exception
	at org.apache.ratis.thirdparty.io.grpc.stub.ClientCalls.toStatusRuntimeException(ClientCalls.java:233)
	at org.apache.ratis.thirdparty.io.grpc.stub.ClientCalls.getUnchecked(ClientCalls.java:214)
	at org.apache.ratis.thirdparty.io.grpc.stub.ClientCalls.blockingUnaryCall(ClientCalls.java:139)
	at org.apache.ratis.proto.grpc.RaftServerProtocolServiceGrpc$RaftServerProtocolServiceBlockingStub.requestVote(RaftServerProtocolServiceGrpc.java:265)
	at org.apache.ratis.grpc.server.GrpcServerProtocolClient.requestVote(GrpcServerProtocolClient.java:99)
	at org.apache.ratis.grpc.server.GrpcService.requestVote(GrpcService.java:204)
	at org.apache.ratis.server.impl.LeaderElection.lambda$submitRequests$1(LeaderElection.java:234)
	at java.util.concurrent.FutureTask.run(FutureTask.java:266)
	at java.util.concurrent.Executors$RunnableAdapter.call(Executors.java:511)
	at java.util.concurrent.FutureTask.run(FutureTask.java:266)
	at java.util.concurrent.ThreadPoolExecutor.runWorker(ThreadPoolExecutor.java:1149)
	at java.util.concurrent.ThreadPoolExecutor$Worker.run(ThreadPoolExecutor.java:624)
	... 1 more
Caused by: org.apache.ratis.thirdparty.io.netty.channel.AbstractChannel$AnnotatedConnectException: Connection refused: /192.168.157.220:32806
	at sun.nio.ch.SocketChannelImpl.checkConnect(Native Method)
	at sun.nio.ch.SocketChannelImpl.finishConnect(SocketChannelImpl.java:717)
	at org.apache.ratis.thirdparty.io.netty.channel.socket.nio.NioSocketChannel.doFinishConnect(NioSocketChannel.java:327)
	at org.apache.ratis.thirdparty.io.netty.channel.nio.AbstractNioChannel$AbstractNioUnsafe.finishConnect(AbstractNioChannel.java:340)
	at org.apache.ratis.thirdparty.io.netty.channel.nio.NioEventLoop.processSelectedKey(NioEventLoop.java:632)
	at org.apache.ratis.thirdparty.io.netty.channel.nio.NioEventLoop.processSelectedKeysOptimized(NioEventLoop.java:579)
	at org.apache.ratis.thirdparty.io.netty.channel.nio.NioEventLoop.processSelectedKeys(NioEventLoop.java:496)
	at org.apache.ratis.thirdparty.io.netty.channel.nio.NioEventLoop.run(NioEventLoop.java:458)
	at org.apache.ratis.thirdparty.io.netty.util.concurrent.SingleThreadEventExecutor$5.run(SingleThreadEventExecutor.java:897)
	at org.apache.ratis.thirdparty.io.netty.util.concurrent.FastThreadLocalRunnable.run(FastThreadLocalRunnable.java:30)
	... 1 more
Caused by: java.net.ConnectException: Connection refused
	... 11 more
2019-10-30 11:53:14,283 [4cc44201-a597-43af-a4ec-5b1b407a6250@group-83984122B78E-LeaderElection495] INFO  impl.LeaderElection (LeaderElection.java:logAndReturn(56)) - 4cc44201-a597-43af-a4ec-5b1b407a6250@group-83984122B78E-LeaderElection495: Election REJECTED; received 0 response(s) [] and 2 exception(s); 4cc44201-a597-43af-a4ec-5b1b407a6250@group-83984122B78E:t250, leader=null, voted=4cc44201-a597-43af-a4ec-5b1b407a6250, raftlog=4cc44201-a597-43af-a4ec-5b1b407a6250@group-83984122B78E-SegmentedRaftLog:OPENED:c-1,f0,i0, conf=0: [4f16e274-8663-4a15-9c4c-c81f650ab979:192.168.157.220:38181, 4cc44201-a597-43af-a4ec-5b1b407a6250:192.168.157.220:36685, f26e10ed-fb17-49e6-a903-eadc130d13d1:192.168.157.220:32806], old=null
2019-10-30 11:53:14,283 [4cc44201-a597-43af-a4ec-5b1b407a6250@group-83984122B78E-LeaderElection495] INFO  impl.LeaderElection (LogUtils.java:infoOrTrace(149)) -   Exception 0: {}
java.util.concurrent.ExecutionException: org.apache.ratis.thirdparty.io.grpc.StatusRuntimeException: UNAVAILABLE: io exception
	at java.util.concurrent.FutureTask.report(FutureTask.java:122)
	at java.util.concurrent.FutureTask.get(FutureTask.java:192)
	at org.apache.ratis.server.impl.LeaderElection.waitForResults(LeaderElection.java:259)
	at org.apache.ratis.server.impl.LeaderElection.askForVotes(LeaderElection.java:197)
	at org.apache.ratis.server.impl.LeaderElection.run(LeaderElection.java:133)
	at java.lang.Thread.run(Thread.java:748)
Caused by: org.apache.ratis.thirdparty.io.grpc.StatusRuntimeException: UNAVAILABLE: io exception
	at org.apache.ratis.thirdparty.io.grpc.stub.ClientCalls.toStatusRuntimeException(ClientCalls.java:233)
	at org.apache.ratis.thirdparty.io.grpc.stub.ClientCalls.getUnchecked(ClientCalls.java:214)
	at org.apache.ratis.thirdparty.io.grpc.stub.ClientCalls.blockingUnaryCall(ClientCalls.java:139)
	at org.apache.ratis.proto.grpc.RaftServerProtocolServiceGrpc$RaftServerProtocolServiceBlockingStub.requestVote(RaftServerProtocolServiceGrpc.java:265)
	at org.apache.ratis.grpc.server.GrpcServerProtocolClient.requestVote(GrpcServerProtocolClient.java:99)
	at org.apache.ratis.grpc.server.GrpcService.requestVote(GrpcService.java:204)
	at org.apache.ratis.server.impl.LeaderElection.lambda$submitRequests$1(LeaderElection.java:234)
	at java.util.concurrent.FutureTask.run(FutureTask.java:266)
	at java.util.concurrent.Executors$RunnableAdapter.call(Executors.java:511)
	at java.util.concurrent.FutureTask.run(FutureTask.java:266)
	at java.util.concurrent.ThreadPoolExecutor.runWorker(ThreadPoolExecutor.java:1149)
	at java.util.concurrent.ThreadPoolExecutor$Worker.run(ThreadPoolExecutor.java:624)
	... 1 more
Caused by: org.apache.ratis.thirdparty.io.netty.channel.AbstractChannel$AnnotatedConnectException: Connection refused: /192.168.157.220:38181
	at sun.nio.ch.SocketChannelImpl.checkConnect(Native Method)
	at sun.nio.ch.SocketChannelImpl.finishConnect(SocketChannelImpl.java:717)
	at org.apache.ratis.thirdparty.io.netty.channel.socket.nio.NioSocketChannel.doFinishConnect(NioSocketChannel.java:327)
	at org.apache.ratis.thirdparty.io.netty.channel.nio.AbstractNioChannel$AbstractNioUnsafe.finishConnect(AbstractNioChannel.java:340)
	at org.apache.ratis.thirdparty.io.netty.channel.nio.NioEventLoop.processSelectedKey(NioEventLoop.java:632)
	at org.apache.ratis.thirdparty.io.netty.channel.nio.NioEventLoop.processSelectedKeysOptimized(NioEventLoop.java:579)
	at org.apache.ratis.thirdparty.io.netty.channel.nio.NioEventLoop.processSelectedKeys(NioEventLoop.java:496)
	at org.apache.ratis.thirdparty.io.netty.channel.nio.NioEventLoop.run(NioEventLoop.java:458)
	at org.apache.ratis.thirdparty.io.netty.util.concurrent.SingleThreadEventExecutor$5.run(SingleThreadEventExecutor.java:897)
	at org.apache.ratis.thirdparty.io.netty.util.concurrent.FastThreadLocalRunnable.run(FastThreadLocalRunnable.java:30)
	... 1 more
Caused by: java.net.ConnectException: Connection refused
	... 11 more
2019-10-30 11:53:14,283 [4cc44201-a597-43af-a4ec-5b1b407a6250@group-83984122B78E-LeaderElection495] INFO  impl.LeaderElection (LogUtils.java:infoOrTrace(149)) -   Exception 1: {}
java.util.concurrent.ExecutionException: org.apache.ratis.thirdparty.io.grpc.StatusRuntimeException: UNAVAILABLE: io exception
	at java.util.concurrent.FutureTask.report(FutureTask.java:122)
	at java.util.concurrent.FutureTask.get(FutureTask.java:192)
	at org.apache.ratis.server.impl.LeaderElection.waitForResults(LeaderElection.java:259)
	at org.apache.ratis.server.impl.LeaderElection.askForVotes(LeaderElection.java:197)
	at org.apache.ratis.server.impl.LeaderElection.run(LeaderElection.java:133)
	at java.lang.Thread.run(Thread.java:748)
Caused by: org.apache.ratis.thirdparty.io.grpc.StatusRuntimeException: UNAVAILABLE: io exception
	at org.apache.ratis.thirdparty.io.grpc.stub.ClientCalls.toStatusRuntimeException(ClientCalls.java:233)
	at org.apache.ratis.thirdparty.io.grpc.stub.ClientCalls.getUnchecked(ClientCalls.java:214)
	at org.apache.ratis.thirdparty.io.grpc.stub.ClientCalls.blockingUnaryCall(ClientCalls.java:139)
	at org.apache.ratis.proto.grpc.RaftServerProtocolServiceGrpc$RaftServerProtocolServiceBlockingStub.requestVote(RaftServerProtocolServiceGrpc.java:265)
	at org.apache.ratis.grpc.server.GrpcServerProtocolClient.requestVote(GrpcServerProtocolClient.java:99)
	at org.apache.ratis.grpc.server.GrpcService.requestVote(GrpcService.java:204)
	at org.apache.ratis.server.impl.LeaderElection.lambda$submitRequests$1(LeaderElection.java:234)
	at java.util.concurrent.FutureTask.run(FutureTask.java:266)
	at java.util.concurrent.Executors$RunnableAdapter.call(Executors.java:511)
	at java.util.concurrent.FutureTask.run(FutureTask.java:266)
	at java.util.concurrent.ThreadPoolExecutor.runWorker(ThreadPoolExecutor.java:1149)
	at java.util.concurrent.ThreadPoolExecutor$Worker.run(ThreadPoolExecutor.java:624)
	... 1 more
Caused by: org.apache.ratis.thirdparty.io.netty.channel.AbstractChannel$AnnotatedConnectException: Connection refused: /192.168.157.220:32806
	at sun.nio.ch.SocketChannelImpl.checkConnect(Native Method)
	at sun.nio.ch.SocketChannelImpl.finishConnect(SocketChannelImpl.java:717)
	at org.apache.ratis.thirdparty.io.netty.channel.socket.nio.NioSocketChannel.doFinishConnect(NioSocketChannel.java:327)
	at org.apache.ratis.thirdparty.io.netty.channel.nio.AbstractNioChannel$AbstractNioUnsafe.finishConnect(AbstractNioChannel.java:340)
	at org.apache.ratis.thirdparty.io.netty.channel.nio.NioEventLoop.processSelectedKey(NioEventLoop.java:632)
	at org.apache.ratis.thirdparty.io.netty.channel.nio.NioEventLoop.processSelectedKeysOptimized(NioEventLoop.java:579)
	at org.apache.ratis.thirdparty.io.netty.channel.nio.NioEventLoop.processSelectedKeys(NioEventLoop.java:496)
	at org.apache.ratis.thirdparty.io.netty.channel.nio.NioEventLoop.run(NioEventLoop.java:458)
	at org.apache.ratis.thirdparty.io.netty.util.concurrent.SingleThreadEventExecutor$5.run(SingleThreadEventExecutor.java:897)
	at org.apache.ratis.thirdparty.io.netty.util.concurrent.FastThreadLocalRunnable.run(FastThreadLocalRunnable.java:30)
	... 1 more
Caused by: java.net.ConnectException: Connection refused
	... 11 more
2019-10-30 11:53:14,284 [4cc44201-a597-43af-a4ec-5b1b407a6250@group-83984122B78E-LeaderElection495] INFO  impl.RaftServerImpl (RaftServerImpl.java:setRole(184)) - 4cc44201-a597-43af-a4ec-5b1b407a6250@group-83984122B78E: changes role from CANDIDATE to FOLLOWER at term 250 for DISCOVERED_A_NEW_TERM
2019-10-30 11:53:14,284 [4cc44201-a597-43af-a4ec-5b1b407a6250@group-83984122B78E-LeaderElection495] INFO  impl.RoleInfo (RoleInfo.java:shutdownLeaderElection(134)) - 4cc44201-a597-43af-a4ec-5b1b407a6250: shutdown LeaderElection
2019-10-30 11:53:14,284 [4cc44201-a597-43af-a4ec-5b1b407a6250@group-83984122B78E-LeaderElection495] INFO  impl.RoleInfo (RoleInfo.java:updateAndGet(143)) - 4cc44201-a597-43af-a4ec-5b1b407a6250: start FollowerState
2019-10-30 11:53:14,292 [6ed35211-36a6-405a-b1db-549f65da443e@group-6C94BA02685B-LeaderElection496] INFO  impl.LeaderElection (LeaderElection.java:askForVotes(178)) - 6ed35211-36a6-405a-b1db-549f65da443e@group-6C94BA02685B-LeaderElection496: begin an election at term 8 for 20: [6ed35211-36a6-405a-b1db-549f65da443e:192.168.157.220:41613, a12d6b9e-ec23-449e-8b58-135e3e67eb04:192.168.157.220:40337, 36879b23-b325-4015-ba59-8656331c6f4b:192.168.157.220:36123], old=null
2019-10-30 11:53:14,293 [6ed35211-36a6-405a-b1db-549f65da443e@group-6C94BA02685B-LeaderElection496] INFO  impl.LeaderElection (LogUtils.java:infoOrTrace(149)) - 6ed35211-36a6-405a-b1db-549f65da443e@group-6C94BA02685B-LeaderElection496 got exception when requesting votes: {}
java.util.concurrent.ExecutionException: org.apache.ratis.thirdparty.io.grpc.StatusRuntimeException: UNAVAILABLE: io exception
	at java.util.concurrent.FutureTask.report(FutureTask.java:122)
	at java.util.concurrent.FutureTask.get(FutureTask.java:192)
	at org.apache.ratis.server.impl.LeaderElection.waitForResults(LeaderElection.java:259)
	at org.apache.ratis.server.impl.LeaderElection.askForVotes(LeaderElection.java:197)
	at org.apache.ratis.server.impl.LeaderElection.run(LeaderElection.java:133)
	at java.lang.Thread.run(Thread.java:748)
Caused by: org.apache.ratis.thirdparty.io.grpc.StatusRuntimeException: UNAVAILABLE: io exception
	at org.apache.ratis.thirdparty.io.grpc.stub.ClientCalls.toStatusRuntimeException(ClientCalls.java:233)
	at org.apache.ratis.thirdparty.io.grpc.stub.ClientCalls.getUnchecked(ClientCalls.java:214)
	at org.apache.ratis.thirdparty.io.grpc.stub.ClientCalls.blockingUnaryCall(ClientCalls.java:139)
	at org.apache.ratis.proto.grpc.RaftServerProtocolServiceGrpc$RaftServerProtocolServiceBlockingStub.requestVote(RaftServerProtocolServiceGrpc.java:265)
	at org.apache.ratis.grpc.server.GrpcServerProtocolClient.requestVote(GrpcServerProtocolClient.java:99)
	at org.apache.ratis.grpc.server.GrpcService.requestVote(GrpcService.java:204)
	at org.apache.ratis.server.impl.LeaderElection.lambda$submitRequests$1(LeaderElection.java:234)
	at java.util.concurrent.FutureTask.run(FutureTask.java:266)
	at java.util.concurrent.Executors$RunnableAdapter.call(Executors.java:511)
	at java.util.concurrent.FutureTask.run(FutureTask.java:266)
	at java.util.concurrent.ThreadPoolExecutor.runWorker(ThreadPoolExecutor.java:1149)
	at java.util.concurrent.ThreadPoolExecutor$Worker.run(ThreadPoolExecutor.java:624)
	... 1 more
Caused by: org.apache.ratis.thirdparty.io.netty.channel.AbstractChannel$AnnotatedConnectException: Connection refused: /192.168.157.220:40337
	at sun.nio.ch.SocketChannelImpl.checkConnect(Native Method)
	at sun.nio.ch.SocketChannelImpl.finishConnect(SocketChannelImpl.java:717)
	at org.apache.ratis.thirdparty.io.netty.channel.socket.nio.NioSocketChannel.doFinishConnect(NioSocketChannel.java:327)
	at org.apache.ratis.thirdparty.io.netty.channel.nio.AbstractNioChannel$AbstractNioUnsafe.finishConnect(AbstractNioChannel.java:340)
	at org.apache.ratis.thirdparty.io.netty.channel.nio.NioEventLoop.processSelectedKey(NioEventLoop.java:632)
	at org.apache.ratis.thirdparty.io.netty.channel.nio.NioEventLoop.processSelectedKeysOptimized(NioEventLoop.java:579)
	at org.apache.ratis.thirdparty.io.netty.channel.nio.NioEventLoop.processSelectedKeys(NioEventLoop.java:496)
	at org.apache.ratis.thirdparty.io.netty.channel.nio.NioEventLoop.run(NioEventLoop.java:458)
	at org.apache.ratis.thirdparty.io.netty.util.concurrent.SingleThreadEventExecutor$5.run(SingleThreadEventExecutor.java:897)
	at org.apache.ratis.thirdparty.io.netty.util.concurrent.FastThreadLocalRunnable.run(FastThreadLocalRunnable.java:30)
	... 1 more
Caused by: java.net.ConnectException: Connection refused
	... 11 more
2019-10-30 11:53:14,293 [6ed35211-36a6-405a-b1db-549f65da443e@group-6C94BA02685B-LeaderElection496] INFO  impl.LeaderElection (LogUtils.java:infoOrTrace(149)) - 6ed35211-36a6-405a-b1db-549f65da443e@group-6C94BA02685B-LeaderElection496 got exception when requesting votes: {}
java.util.concurrent.ExecutionException: org.apache.ratis.thirdparty.io.grpc.StatusRuntimeException: UNAVAILABLE: io exception
	at java.util.concurrent.FutureTask.report(FutureTask.java:122)
	at java.util.concurrent.FutureTask.get(FutureTask.java:192)
	at org.apache.ratis.server.impl.LeaderElection.waitForResults(LeaderElection.java:259)
	at org.apache.ratis.server.impl.LeaderElection.askForVotes(LeaderElection.java:197)
	at org.apache.ratis.server.impl.LeaderElection.run(LeaderElection.java:133)
	at java.lang.Thread.run(Thread.java:748)
Caused by: org.apache.ratis.thirdparty.io.grpc.StatusRuntimeException: UNAVAILABLE: io exception
	at org.apache.ratis.thirdparty.io.grpc.stub.ClientCalls.toStatusRuntimeException(ClientCalls.java:233)
	at org.apache.ratis.thirdparty.io.grpc.stub.ClientCalls.getUnchecked(ClientCalls.java:214)
	at org.apache.ratis.thirdparty.io.grpc.stub.ClientCalls.blockingUnaryCall(ClientCalls.java:139)
	at org.apache.ratis.proto.grpc.RaftServerProtocolServiceGrpc$RaftServerProtocolServiceBlockingStub.requestVote(RaftServerProtocolServiceGrpc.java:265)
	at org.apache.ratis.grpc.server.GrpcServerProtocolClient.requestVote(GrpcServerProtocolClient.java:99)
	at org.apache.ratis.grpc.server.GrpcService.requestVote(GrpcService.java:204)
	at org.apache.ratis.server.impl.LeaderElection.lambda$submitRequests$1(LeaderElection.java:234)
	at java.util.concurrent.FutureTask.run(FutureTask.java:266)
	at java.util.concurrent.Executors$RunnableAdapter.call(Executors.java:511)
	at java.util.concurrent.FutureTask.run(FutureTask.java:266)
	at java.util.concurrent.ThreadPoolExecutor.runWorker(ThreadPoolExecutor.java:1149)
	at java.util.concurrent.ThreadPoolExecutor$Worker.run(ThreadPoolExecutor.java:624)
	... 1 more
Caused by: org.apache.ratis.thirdparty.io.netty.channel.AbstractChannel$AnnotatedConnectException: Connection refused: /192.168.157.220:36123
	at sun.nio.ch.SocketChannelImpl.checkConnect(Native Method)
	at sun.nio.ch.SocketChannelImpl.finishConnect(SocketChannelImpl.java:717)
	at org.apache.ratis.thirdparty.io.netty.channel.socket.nio.NioSocketChannel.doFinishConnect(NioSocketChannel.java:327)
	at org.apache.ratis.thirdparty.io.netty.channel.nio.AbstractNioChannel$AbstractNioUnsafe.finishConnect(AbstractNioChannel.java:340)
	at org.apache.ratis.thirdparty.io.netty.channel.nio.NioEventLoop.processSelectedKey(NioEventLoop.java:632)
	at org.apache.ratis.thirdparty.io.netty.channel.nio.NioEventLoop.processSelectedKeysOptimized(NioEventLoop.java:579)
	at org.apache.ratis.thirdparty.io.netty.channel.nio.NioEventLoop.processSelectedKeys(NioEventLoop.java:496)
	at org.apache.ratis.thirdparty.io.netty.channel.nio.NioEventLoop.run(NioEventLoop.java:458)
	at org.apache.ratis.thirdparty.io.netty.util.concurrent.SingleThreadEventExecutor$5.run(SingleThreadEventExecutor.java:897)
	at org.apache.ratis.thirdparty.io.netty.util.concurrent.FastThreadLocalRunnable.run(FastThreadLocalRunnable.java:30)
	... 1 more
Caused by: java.net.ConnectException: Connection refused
	... 11 more
2019-10-30 11:53:14,294 [6ed35211-36a6-405a-b1db-549f65da443e@group-6C94BA02685B-LeaderElection496] INFO  impl.LeaderElection (LeaderElection.java:logAndReturn(56)) - 6ed35211-36a6-405a-b1db-549f65da443e@group-6C94BA02685B-LeaderElection496: Election REJECTED; received 0 response(s) [] and 2 exception(s); 6ed35211-36a6-405a-b1db-549f65da443e@group-6C94BA02685B:t8, leader=null, voted=6ed35211-36a6-405a-b1db-549f65da443e, raftlog=6ed35211-36a6-405a-b1db-549f65da443e@group-6C94BA02685B-SegmentedRaftLog:OPENED:c21,f21,i21, conf=20: [6ed35211-36a6-405a-b1db-549f65da443e:192.168.157.220:41613, a12d6b9e-ec23-449e-8b58-135e3e67eb04:192.168.157.220:40337, 36879b23-b325-4015-ba59-8656331c6f4b:192.168.157.220:36123], old=null
2019-10-30 11:53:14,294 [6ed35211-36a6-405a-b1db-549f65da443e@group-6C94BA02685B-LeaderElection496] INFO  impl.LeaderElection (LogUtils.java:infoOrTrace(149)) -   Exception 0: {}
java.util.concurrent.ExecutionException: org.apache.ratis.thirdparty.io.grpc.StatusRuntimeException: UNAVAILABLE: io exception
	at java.util.concurrent.FutureTask.report(FutureTask.java:122)
	at java.util.concurrent.FutureTask.get(FutureTask.java:192)
	at org.apache.ratis.server.impl.LeaderElection.waitForResults(LeaderElection.java:259)
	at org.apache.ratis.server.impl.LeaderElection.askForVotes(LeaderElection.java:197)
	at org.apache.ratis.server.impl.LeaderElection.run(LeaderElection.java:133)
	at java.lang.Thread.run(Thread.java:748)
Caused by: org.apache.ratis.thirdparty.io.grpc.StatusRuntimeException: UNAVAILABLE: io exception
	at org.apache.ratis.thirdparty.io.grpc.stub.ClientCalls.toStatusRuntimeException(ClientCalls.java:233)
	at org.apache.ratis.thirdparty.io.grpc.stub.ClientCalls.getUnchecked(ClientCalls.java:214)
	at org.apache.ratis.thirdparty.io.grpc.stub.ClientCalls.blockingUnaryCall(ClientCalls.java:139)
	at org.apache.ratis.proto.grpc.RaftServerProtocolServiceGrpc$RaftServerProtocolServiceBlockingStub.requestVote(RaftServerProtocolServiceGrpc.java:265)
	at org.apache.ratis.grpc.server.GrpcServerProtocolClient.requestVote(GrpcServerProtocolClient.java:99)
	at org.apache.ratis.grpc.server.GrpcService.requestVote(GrpcService.java:204)
	at org.apache.ratis.server.impl.LeaderElection.lambda$submitRequests$1(LeaderElection.java:234)
	at java.util.concurrent.FutureTask.run(FutureTask.java:266)
	at java.util.concurrent.Executors$RunnableAdapter.call(Executors.java:511)
	at java.util.concurrent.FutureTask.run(FutureTask.java:266)
	at java.util.concurrent.ThreadPoolExecutor.runWorker(ThreadPoolExecutor.java:1149)
	at java.util.concurrent.ThreadPoolExecutor$Worker.run(ThreadPoolExecutor.java:624)
	... 1 more
Caused by: org.apache.ratis.thirdparty.io.netty.channel.AbstractChannel$AnnotatedConnectException: Connection refused: /192.168.157.220:40337
	at sun.nio.ch.SocketChannelImpl.checkConnect(Native Method)
	at sun.nio.ch.SocketChannelImpl.finishConnect(SocketChannelImpl.java:717)
	at org.apache.ratis.thirdparty.io.netty.channel.socket.nio.NioSocketChannel.doFinishConnect(NioSocketChannel.java:327)
	at org.apache.ratis.thirdparty.io.netty.channel.nio.AbstractNioChannel$AbstractNioUnsafe.finishConnect(AbstractNioChannel.java:340)
	at org.apache.ratis.thirdparty.io.netty.channel.nio.NioEventLoop.processSelectedKey(NioEventLoop.java:632)
	at org.apache.ratis.thirdparty.io.netty.channel.nio.NioEventLoop.processSelectedKeysOptimized(NioEventLoop.java:579)
	at org.apache.ratis.thirdparty.io.netty.channel.nio.NioEventLoop.processSelectedKeys(NioEventLoop.java:496)
	at org.apache.ratis.thirdparty.io.netty.channel.nio.NioEventLoop.run(NioEventLoop.java:458)
	at org.apache.ratis.thirdparty.io.netty.util.concurrent.SingleThreadEventExecutor$5.run(SingleThreadEventExecutor.java:897)
	at org.apache.ratis.thirdparty.io.netty.util.concurrent.FastThreadLocalRunnable.run(FastThreadLocalRunnable.java:30)
	... 1 more
Caused by: java.net.ConnectException: Connection refused
	... 11 more
2019-10-30 11:53:14,294 [6ed35211-36a6-405a-b1db-549f65da443e@group-6C94BA02685B-LeaderElection496] INFO  impl.LeaderElection (LogUtils.java:infoOrTrace(149)) -   Exception 1: {}
java.util.concurrent.ExecutionException: org.apache.ratis.thirdparty.io.grpc.StatusRuntimeException: UNAVAILABLE: io exception
	at java.util.concurrent.FutureTask.report(FutureTask.java:122)
	at java.util.concurrent.FutureTask.get(FutureTask.java:192)
	at org.apache.ratis.server.impl.LeaderElection.waitForResults(LeaderElection.java:259)
	at org.apache.ratis.server.impl.LeaderElection.askForVotes(LeaderElection.java:197)
	at org.apache.ratis.server.impl.LeaderElection.run(LeaderElection.java:133)
	at java.lang.Thread.run(Thread.java:748)
Caused by: org.apache.ratis.thirdparty.io.grpc.StatusRuntimeException: UNAVAILABLE: io exception
	at org.apache.ratis.thirdparty.io.grpc.stub.ClientCalls.toStatusRuntimeException(ClientCalls.java:233)
	at org.apache.ratis.thirdparty.io.grpc.stub.ClientCalls.getUnchecked(ClientCalls.java:214)
	at org.apache.ratis.thirdparty.io.grpc.stub.ClientCalls.blockingUnaryCall(ClientCalls.java:139)
	at org.apache.ratis.proto.grpc.RaftServerProtocolServiceGrpc$RaftServerProtocolServiceBlockingStub.requestVote(RaftServerProtocolServiceGrpc.java:265)
	at org.apache.ratis.grpc.server.GrpcServerProtocolClient.requestVote(GrpcServerProtocolClient.java:99)
	at org.apache.ratis.grpc.server.GrpcService.requestVote(GrpcService.java:204)
	at org.apache.ratis.server.impl.LeaderElection.lambda$submitRequests$1(LeaderElection.java:234)
	at java.util.concurrent.FutureTask.run(FutureTask.java:266)
	at java.util.concurrent.Executors$RunnableAdapter.call(Executors.java:511)
	at java.util.concurrent.FutureTask.run(FutureTask.java:266)
	at java.util.concurrent.ThreadPoolExecutor.runWorker(ThreadPoolExecutor.java:1149)
	at java.util.concurrent.ThreadPoolExecutor$Worker.run(ThreadPoolExecutor.java:624)
	... 1 more
Caused by: org.apache.ratis.thirdparty.io.netty.channel.AbstractChannel$AnnotatedConnectException: Connection refused: /192.168.157.220:36123
	at sun.nio.ch.SocketChannelImpl.checkConnect(Native Method)
	at sun.nio.ch.SocketChannelImpl.finishConnect(SocketChannelImpl.java:717)
	at org.apache.ratis.thirdparty.io.netty.channel.socket.nio.NioSocketChannel.doFinishConnect(NioSocketChannel.java:327)
	at org.apache.ratis.thirdparty.io.netty.channel.nio.AbstractNioChannel$AbstractNioUnsafe.finishConnect(AbstractNioChannel.java:340)
	at org.apache.ratis.thirdparty.io.netty.channel.nio.NioEventLoop.processSelectedKey(NioEventLoop.java:632)
	at org.apache.ratis.thirdparty.io.netty.channel.nio.NioEventLoop.processSelectedKeysOptimized(NioEventLoop.java:579)
	at org.apache.ratis.thirdparty.io.netty.channel.nio.NioEventLoop.processSelectedKeys(NioEventLoop.java:496)
	at org.apache.ratis.thirdparty.io.netty.channel.nio.NioEventLoop.run(NioEventLoop.java:458)
	at org.apache.ratis.thirdparty.io.netty.util.concurrent.SingleThreadEventExecutor$5.run(SingleThreadEventExecutor.java:897)
	at org.apache.ratis.thirdparty.io.netty.util.concurrent.FastThreadLocalRunnable.run(FastThreadLocalRunnable.java:30)
	... 1 more
Caused by: java.net.ConnectException: Connection refused
	... 11 more
2019-10-30 11:53:14,294 [6ed35211-36a6-405a-b1db-549f65da443e@group-6C94BA02685B-LeaderElection496] INFO  impl.RaftServerImpl (RaftServerImpl.java:setRole(184)) - 6ed35211-36a6-405a-b1db-549f65da443e@group-6C94BA02685B: changes role from CANDIDATE to FOLLOWER at term 8 for DISCOVERED_A_NEW_TERM
2019-10-30 11:53:14,295 [6ed35211-36a6-405a-b1db-549f65da443e@group-6C94BA02685B-LeaderElection496] INFO  impl.RoleInfo (RoleInfo.java:shutdownLeaderElection(134)) - 6ed35211-36a6-405a-b1db-549f65da443e: shutdown LeaderElection
2019-10-30 11:53:14,295 [6ed35211-36a6-405a-b1db-549f65da443e@group-6C94BA02685B-LeaderElection496] INFO  impl.RoleInfo (RoleInfo.java:updateAndGet(143)) - 6ed35211-36a6-405a-b1db-549f65da443e: start FollowerState
2019-10-30 11:53:15,388 [Thread-3564] INFO  impl.FollowerState (FollowerState.java:run(108)) - 4cc44201-a597-43af-a4ec-5b1b407a6250@group-83984122B78E-FollowerState: change to CANDIDATE, lastRpcTime:1104ms, electionTimeout:1104ms
2019-10-30 11:53:15,389 [Thread-3564] INFO  impl.RoleInfo (RoleInfo.java:shutdownFollowerState(121)) - 4cc44201-a597-43af-a4ec-5b1b407a6250: shutdown FollowerState
2019-10-30 11:53:15,389 [Thread-3564] INFO  impl.RaftServerImpl (RaftServerImpl.java:setRole(184)) - 4cc44201-a597-43af-a4ec-5b1b407a6250@group-83984122B78E: changes role from  FOLLOWER to CANDIDATE at term 250 for changeToCandidate
2019-10-30 11:53:15,389 [Thread-3564] INFO  impl.RoleInfo (RoleInfo.java:updateAndGet(143)) - 4cc44201-a597-43af-a4ec-5b1b407a6250: start LeaderElection
2019-10-30 11:53:15,402 [Thread-3567] INFO  impl.FollowerState (FollowerState.java:run(108)) - 6ed35211-36a6-405a-b1db-549f65da443e@group-6C94BA02685B-FollowerState: change to CANDIDATE, lastRpcTime:1107ms, electionTimeout:1107ms
2019-10-30 11:53:15,402 [Thread-3567] INFO  impl.RoleInfo (RoleInfo.java:shutdownFollowerState(121)) - 6ed35211-36a6-405a-b1db-549f65da443e: shutdown FollowerState
2019-10-30 11:53:15,402 [Thread-3567] INFO  impl.RaftServerImpl (RaftServerImpl.java:setRole(184)) - 6ed35211-36a6-405a-b1db-549f65da443e@group-6C94BA02685B: changes role from  FOLLOWER to CANDIDATE at term 8 for changeToCandidate
2019-10-30 11:53:15,402 [Thread-3567] INFO  impl.RoleInfo (RoleInfo.java:updateAndGet(143)) - 6ed35211-36a6-405a-b1db-549f65da443e: start LeaderElection
2019-10-30 11:53:15,407 [6ed35211-36a6-405a-b1db-549f65da443e@group-6C94BA02685B-LeaderElection498] INFO  impl.LeaderElection (LeaderElection.java:askForVotes(178)) - 6ed35211-36a6-405a-b1db-549f65da443e@group-6C94BA02685B-LeaderElection498: begin an election at term 9 for 20: [6ed35211-36a6-405a-b1db-549f65da443e:192.168.157.220:41613, a12d6b9e-ec23-449e-8b58-135e3e67eb04:192.168.157.220:40337, 36879b23-b325-4015-ba59-8656331c6f4b:192.168.157.220:36123], old=null
2019-10-30 11:53:15,407 [4cc44201-a597-43af-a4ec-5b1b407a6250@group-83984122B78E-LeaderElection497] INFO  impl.LeaderElection (LeaderElection.java:askForVotes(178)) - 4cc44201-a597-43af-a4ec-5b1b407a6250@group-83984122B78E-LeaderElection497: begin an election at term 251 for 0: [4f16e274-8663-4a15-9c4c-c81f650ab979:192.168.157.220:38181, 4cc44201-a597-43af-a4ec-5b1b407a6250:192.168.157.220:36685, f26e10ed-fb17-49e6-a903-eadc130d13d1:192.168.157.220:32806], old=null
2019-10-30 11:53:15,411 [6ed35211-36a6-405a-b1db-549f65da443e@group-6C94BA02685B-LeaderElection498] INFO  impl.LeaderElection (LogUtils.java:infoOrTrace(149)) - 6ed35211-36a6-405a-b1db-549f65da443e@group-6C94BA02685B-LeaderElection498 got exception when requesting votes: {}
java.util.concurrent.ExecutionException: org.apache.ratis.thirdparty.io.grpc.StatusRuntimeException: UNAVAILABLE: io exception
	at java.util.concurrent.FutureTask.report(FutureTask.java:122)
	at java.util.concurrent.FutureTask.get(FutureTask.java:192)
	at org.apache.ratis.server.impl.LeaderElection.waitForResults(LeaderElection.java:259)
	at org.apache.ratis.server.impl.LeaderElection.askForVotes(LeaderElection.java:197)
	at org.apache.ratis.server.impl.LeaderElection.run(LeaderElection.java:133)
	at java.lang.Thread.run(Thread.java:748)
Caused by: org.apache.ratis.thirdparty.io.grpc.StatusRuntimeException: UNAVAILABLE: io exception
	at org.apache.ratis.thirdparty.io.grpc.stub.ClientCalls.toStatusRuntimeException(ClientCalls.java:233)
	at org.apache.ratis.thirdparty.io.grpc.stub.ClientCalls.getUnchecked(ClientCalls.java:214)
	at org.apache.ratis.thirdparty.io.grpc.stub.ClientCalls.blockingUnaryCall(ClientCalls.java:139)
	at org.apache.ratis.proto.grpc.RaftServerProtocolServiceGrpc$RaftServerProtocolServiceBlockingStub.requestVote(RaftServerProtocolServiceGrpc.java:265)
	at org.apache.ratis.grpc.server.GrpcServerProtocolClient.requestVote(GrpcServerProtocolClient.java:99)
	at org.apache.ratis.grpc.server.GrpcService.requestVote(GrpcService.java:204)
	at org.apache.ratis.server.impl.LeaderElection.lambda$submitRequests$1(LeaderElection.java:234)
	at java.util.concurrent.FutureTask.run(FutureTask.java:266)
	at java.util.concurrent.Executors$RunnableAdapter.call(Executors.java:511)
	at java.util.concurrent.FutureTask.run(FutureTask.java:266)
	at java.util.concurrent.ThreadPoolExecutor.runWorker(ThreadPoolExecutor.java:1149)
	at java.util.concurrent.ThreadPoolExecutor$Worker.run(ThreadPoolExecutor.java:624)
	... 1 more
Caused by: org.apache.ratis.thirdparty.io.netty.channel.AbstractChannel$AnnotatedConnectException: Connection refused: /192.168.157.220:40337
	at sun.nio.ch.SocketChannelImpl.checkConnect(Native Method)
	at sun.nio.ch.SocketChannelImpl.finishConnect(SocketChannelImpl.java:717)
	at org.apache.ratis.thirdparty.io.netty.channel.socket.nio.NioSocketChannel.doFinishConnect(NioSocketChannel.java:327)
	at org.apache.ratis.thirdparty.io.netty.channel.nio.AbstractNioChannel$AbstractNioUnsafe.finishConnect(AbstractNioChannel.java:340)
	at org.apache.ratis.thirdparty.io.netty.channel.nio.NioEventLoop.processSelectedKey(NioEventLoop.java:632)
	at org.apache.ratis.thirdparty.io.netty.channel.nio.NioEventLoop.processSelectedKeysOptimized(NioEventLoop.java:579)
	at org.apache.ratis.thirdparty.io.netty.channel.nio.NioEventLoop.processSelectedKeys(NioEventLoop.java:496)
	at org.apache.ratis.thirdparty.io.netty.channel.nio.NioEventLoop.run(NioEventLoop.java:458)
	at org.apache.ratis.thirdparty.io.netty.util.concurrent.SingleThreadEventExecutor$5.run(SingleThreadEventExecutor.java:897)
	at org.apache.ratis.thirdparty.io.netty.util.concurrent.FastThreadLocalRunnable.run(FastThreadLocalRunnable.java:30)
	... 1 more
Caused by: java.net.ConnectException: Connection refused
	... 11 more
2019-10-30 11:53:15,419 [4cc44201-a597-43af-a4ec-5b1b407a6250@group-83984122B78E-LeaderElection497] INFO  impl.LeaderElection (LogUtils.java:infoOrTrace(149)) - 4cc44201-a597-43af-a4ec-5b1b407a6250@group-83984122B78E-LeaderElection497 got exception when requesting votes: {}
java.util.concurrent.ExecutionException: org.apache.ratis.thirdparty.io.grpc.StatusRuntimeException: UNAVAILABLE: io exception
	at java.util.concurrent.FutureTask.report(FutureTask.java:122)
	at java.util.concurrent.FutureTask.get(FutureTask.java:192)
	at org.apache.ratis.server.impl.LeaderElection.waitForResults(LeaderElection.java:259)
	at org.apache.ratis.server.impl.LeaderElection.askForVotes(LeaderElection.java:197)
	at org.apache.ratis.server.impl.LeaderElection.run(LeaderElection.java:133)
	at java.lang.Thread.run(Thread.java:748)
Caused by: org.apache.ratis.thirdparty.io.grpc.StatusRuntimeException: UNAVAILABLE: io exception
	at org.apache.ratis.thirdparty.io.grpc.stub.ClientCalls.toStatusRuntimeException(ClientCalls.java:233)
	at org.apache.ratis.thirdparty.io.grpc.stub.ClientCalls.getUnchecked(ClientCalls.java:214)
	at org.apache.ratis.thirdparty.io.grpc.stub.ClientCalls.blockingUnaryCall(ClientCalls.java:139)
	at org.apache.ratis.proto.grpc.RaftServerProtocolServiceGrpc$RaftServerProtocolServiceBlockingStub.requestVote(RaftServerProtocolServiceGrpc.java:265)
	at org.apache.ratis.grpc.server.GrpcServerProtocolClient.requestVote(GrpcServerProtocolClient.java:99)
	at org.apache.ratis.grpc.server.GrpcService.requestVote(GrpcService.java:204)
	at org.apache.ratis.server.impl.LeaderElection.lambda$submitRequests$1(LeaderElection.java:234)
	at java.util.concurrent.FutureTask.run(FutureTask.java:266)
	at java.util.concurrent.Executors$RunnableAdapter.call(Executors.java:511)
	at java.util.concurrent.FutureTask.run(FutureTask.java:266)
	at java.util.concurrent.ThreadPoolExecutor.runWorker(ThreadPoolExecutor.java:1149)
	at java.util.concurrent.ThreadPoolExecutor$Worker.run(ThreadPoolExecutor.java:624)
	... 1 more
Caused by: org.apache.ratis.thirdparty.io.netty.channel.AbstractChannel$AnnotatedConnectException: Connection refused: /192.168.157.220:32806
	at sun.nio.ch.SocketChannelImpl.checkConnect(Native Method)
	at sun.nio.ch.SocketChannelImpl.finishConnect(SocketChannelImpl.java:717)
	at org.apache.ratis.thirdparty.io.netty.channel.socket.nio.NioSocketChannel.doFinishConnect(NioSocketChannel.java:327)
	at org.apache.ratis.thirdparty.io.netty.channel.nio.AbstractNioChannel$AbstractNioUnsafe.finishConnect(AbstractNioChannel.java:340)
	at org.apache.ratis.thirdparty.io.netty.channel.nio.NioEventLoop.processSelectedKey(NioEventLoop.java:632)
	at org.apache.ratis.thirdparty.io.netty.channel.nio.NioEventLoop.processSelectedKeysOptimized(NioEventLoop.java:579)
	at org.apache.ratis.thirdparty.io.netty.channel.nio.NioEventLoop.processSelectedKeys(NioEventLoop.java:496)
	at org.apache.ratis.thirdparty.io.netty.channel.nio.NioEventLoop.run(NioEventLoop.java:458)
	at org.apache.ratis.thirdparty.io.netty.util.concurrent.SingleThreadEventExecutor$5.run(SingleThreadEventExecutor.java:897)
	at org.apache.ratis.thirdparty.io.netty.util.concurrent.FastThreadLocalRunnable.run(FastThreadLocalRunnable.java:30)
	... 1 more
Caused by: java.net.ConnectException: Connection refused
	... 11 more
2019-10-30 11:53:15,420 [4cc44201-a597-43af-a4ec-5b1b407a6250@group-83984122B78E-LeaderElection497] INFO  impl.LeaderElection (LogUtils.java:infoOrTrace(149)) - 4cc44201-a597-43af-a4ec-5b1b407a6250@group-83984122B78E-LeaderElection497 got exception when requesting votes: {}
java.util.concurrent.ExecutionException: org.apache.ratis.thirdparty.io.grpc.StatusRuntimeException: UNAVAILABLE: io exception
	at java.util.concurrent.FutureTask.report(FutureTask.java:122)
	at java.util.concurrent.FutureTask.get(FutureTask.java:192)
	at org.apache.ratis.server.impl.LeaderElection.waitForResults(LeaderElection.java:259)
	at org.apache.ratis.server.impl.LeaderElection.askForVotes(LeaderElection.java:197)
	at org.apache.ratis.server.impl.LeaderElection.run(LeaderElection.java:133)
	at java.lang.Thread.run(Thread.java:748)
Caused by: org.apache.ratis.thirdparty.io.grpc.StatusRuntimeException: UNAVAILABLE: io exception
	at org.apache.ratis.thirdparty.io.grpc.stub.ClientCalls.toStatusRuntimeException(ClientCalls.java:233)
	at org.apache.ratis.thirdparty.io.grpc.stub.ClientCalls.getUnchecked(ClientCalls.java:214)
	at org.apache.ratis.thirdparty.io.grpc.stub.ClientCalls.blockingUnaryCall(ClientCalls.java:139)
	at org.apache.ratis.proto.grpc.RaftServerProtocolServiceGrpc$RaftServerProtocolServiceBlockingStub.requestVote(RaftServerProtocolServiceGrpc.java:265)
	at org.apache.ratis.grpc.server.GrpcServerProtocolClient.requestVote(GrpcServerProtocolClient.java:99)
	at org.apache.ratis.grpc.server.GrpcService.requestVote(GrpcService.java:204)
	at org.apache.ratis.server.impl.LeaderElection.lambda$submitRequests$1(LeaderElection.java:234)
	at java.util.concurrent.FutureTask.run(FutureTask.java:266)
	at java.util.concurrent.Executors$RunnableAdapter.call(Executors.java:511)
	at java.util.concurrent.FutureTask.run(FutureTask.java:266)
	at java.util.concurrent.ThreadPoolExecutor.runWorker(ThreadPoolExecutor.java:1149)
	at java.util.concurrent.ThreadPoolExecutor$Worker.run(ThreadPoolExecutor.java:624)
	... 1 more
Caused by: org.apache.ratis.thirdparty.io.netty.channel.AbstractChannel$AnnotatedConnectException: Connection refused: /192.168.157.220:38181
	at sun.nio.ch.SocketChannelImpl.checkConnect(Native Method)
	at sun.nio.ch.SocketChannelImpl.finishConnect(SocketChannelImpl.java:717)
	at org.apache.ratis.thirdparty.io.netty.channel.socket.nio.NioSocketChannel.doFinishConnect(NioSocketChannel.java:327)
	at org.apache.ratis.thirdparty.io.netty.channel.nio.AbstractNioChannel$AbstractNioUnsafe.finishConnect(AbstractNioChannel.java:340)
	at org.apache.ratis.thirdparty.io.netty.channel.nio.NioEventLoop.processSelectedKey(NioEventLoop.java:632)
	at org.apache.ratis.thirdparty.io.netty.channel.nio.NioEventLoop.processSelectedKeysOptimized(NioEventLoop.java:579)
	at org.apache.ratis.thirdparty.io.netty.channel.nio.NioEventLoop.processSelectedKeys(NioEventLoop.java:496)
	at org.apache.ratis.thirdparty.io.netty.channel.nio.NioEventLoop.run(NioEventLoop.java:458)
	at org.apache.ratis.thirdparty.io.netty.util.concurrent.SingleThreadEventExecutor$5.run(SingleThreadEventExecutor.java:897)
	at org.apache.ratis.thirdparty.io.netty.util.concurrent.FastThreadLocalRunnable.run(FastThreadLocalRunnable.java:30)
	... 1 more
Caused by: java.net.ConnectException: Connection refused
	... 11 more
2019-10-30 11:53:15,420 [4cc44201-a597-43af-a4ec-5b1b407a6250@group-83984122B78E-LeaderElection497] INFO  impl.LeaderElection (LeaderElection.java:logAndReturn(56)) - 4cc44201-a597-43af-a4ec-5b1b407a6250@group-83984122B78E-LeaderElection497: Election REJECTED; received 0 response(s) [] and 2 exception(s); 4cc44201-a597-43af-a4ec-5b1b407a6250@group-83984122B78E:t251, leader=null, voted=4cc44201-a597-43af-a4ec-5b1b407a6250, raftlog=4cc44201-a597-43af-a4ec-5b1b407a6250@group-83984122B78E-SegmentedRaftLog:OPENED:c-1,f0,i0, conf=0: [4f16e274-8663-4a15-9c4c-c81f650ab979:192.168.157.220:38181, 4cc44201-a597-43af-a4ec-5b1b407a6250:192.168.157.220:36685, f26e10ed-fb17-49e6-a903-eadc130d13d1:192.168.157.220:32806], old=null
2019-10-30 11:53:15,420 [4cc44201-a597-43af-a4ec-5b1b407a6250@group-83984122B78E-LeaderElection497] INFO  impl.LeaderElection (LogUtils.java:infoOrTrace(149)) -   Exception 0: {}
java.util.concurrent.ExecutionException: org.apache.ratis.thirdparty.io.grpc.StatusRuntimeException: UNAVAILABLE: io exception
	at java.util.concurrent.FutureTask.report(FutureTask.java:122)
	at java.util.concurrent.FutureTask.get(FutureTask.java:192)
	at org.apache.ratis.server.impl.LeaderElection.waitForResults(LeaderElection.java:259)
	at org.apache.ratis.server.impl.LeaderElection.askForVotes(LeaderElection.java:197)
	at org.apache.ratis.server.impl.LeaderElection.run(LeaderElection.java:133)
	at java.lang.Thread.run(Thread.java:748)
Caused by: org.apache.ratis.thirdparty.io.grpc.StatusRuntimeException: UNAVAILABLE: io exception
	at org.apache.ratis.thirdparty.io.grpc.stub.ClientCalls.toStatusRuntimeException(ClientCalls.java:233)
	at org.apache.ratis.thirdparty.io.grpc.stub.ClientCalls.getUnchecked(ClientCalls.java:214)
	at org.apache.ratis.thirdparty.io.grpc.stub.ClientCalls.blockingUnaryCall(ClientCalls.java:139)
	at org.apache.ratis.proto.grpc.RaftServerProtocolServiceGrpc$RaftServerProtocolServiceBlockingStub.requestVote(RaftServerProtocolServiceGrpc.java:265)
	at org.apache.ratis.grpc.server.GrpcServerProtocolClient.requestVote(GrpcServerProtocolClient.java:99)
	at org.apache.ratis.grpc.server.GrpcService.requestVote(GrpcService.java:204)
	at org.apache.ratis.server.impl.LeaderElection.lambda$submitRequests$1(LeaderElection.java:234)
	at java.util.concurrent.FutureTask.run(FutureTask.java:266)
	at java.util.concurrent.Executors$RunnableAdapter.call(Executors.java:511)
	at java.util.concurrent.FutureTask.run(FutureTask.java:266)
	at java.util.concurrent.ThreadPoolExecutor.runWorker(ThreadPoolExecutor.java:1149)
	at java.util.concurrent.ThreadPoolExecutor$Worker.run(ThreadPoolExecutor.java:624)
	... 1 more
Caused by: org.apache.ratis.thirdparty.io.netty.channel.AbstractChannel$AnnotatedConnectException: Connection refused: /192.168.157.220:32806
	at sun.nio.ch.SocketChannelImpl.checkConnect(Native Method)
	at sun.nio.ch.SocketChannelImpl.finishConnect(SocketChannelImpl.java:717)
	at org.apache.ratis.thirdparty.io.netty.channel.socket.nio.NioSocketChannel.doFinishConnect(NioSocketChannel.java:327)
	at org.apache.ratis.thirdparty.io.netty.channel.nio.AbstractNioChannel$AbstractNioUnsafe.finishConnect(AbstractNioChannel.java:340)
	at org.apache.ratis.thirdparty.io.netty.channel.nio.NioEventLoop.processSelectedKey(NioEventLoop.java:632)
	at org.apache.ratis.thirdparty.io.netty.channel.nio.NioEventLoop.processSelectedKeysOptimized(NioEventLoop.java:579)
	at org.apache.ratis.thirdparty.io.netty.channel.nio.NioEventLoop.processSelectedKeys(NioEventLoop.java:496)
	at org.apache.ratis.thirdparty.io.netty.channel.nio.NioEventLoop.run(NioEventLoop.java:458)
	at org.apache.ratis.thirdparty.io.netty.util.concurrent.SingleThreadEventExecutor$5.run(SingleThreadEventExecutor.java:897)
	at org.apache.ratis.thirdparty.io.netty.util.concurrent.FastThreadLocalRunnable.run(FastThreadLocalRunnable.java:30)
	... 1 more
Caused by: java.net.ConnectException: Connection refused
	... 11 more
2019-10-30 11:53:15,421 [4cc44201-a597-43af-a4ec-5b1b407a6250@group-83984122B78E-LeaderElection497] INFO  impl.LeaderElection (LogUtils.java:infoOrTrace(149)) -   Exception 1: {}
java.util.concurrent.ExecutionException: org.apache.ratis.thirdparty.io.grpc.StatusRuntimeException: UNAVAILABLE: io exception
	at java.util.concurrent.FutureTask.report(FutureTask.java:122)
	at java.util.concurrent.FutureTask.get(FutureTask.java:192)
	at org.apache.ratis.server.impl.LeaderElection.waitForResults(LeaderElection.java:259)
	at org.apache.ratis.server.impl.LeaderElection.askForVotes(LeaderElection.java:197)
	at org.apache.ratis.server.impl.LeaderElection.run(LeaderElection.java:133)
	at java.lang.Thread.run(Thread.java:748)
Caused by: org.apache.ratis.thirdparty.io.grpc.StatusRuntimeException: UNAVAILABLE: io exception
	at org.apache.ratis.thirdparty.io.grpc.stub.ClientCalls.toStatusRuntimeException(ClientCalls.java:233)
	at org.apache.ratis.thirdparty.io.grpc.stub.ClientCalls.getUnchecked(ClientCalls.java:214)
	at org.apache.ratis.thirdparty.io.grpc.stub.ClientCalls.blockingUnaryCall(ClientCalls.java:139)
	at org.apache.ratis.proto.grpc.RaftServerProtocolServiceGrpc$RaftServerProtocolServiceBlockingStub.requestVote(RaftServerProtocolServiceGrpc.java:265)
	at org.apache.ratis.grpc.server.GrpcServerProtocolClient.requestVote(GrpcServerProtocolClient.java:99)
	at org.apache.ratis.grpc.server.GrpcService.requestVote(GrpcService.java:204)
	at org.apache.ratis.server.impl.LeaderElection.lambda$submitRequests$1(LeaderElection.java:234)
	at java.util.concurrent.FutureTask.run(FutureTask.java:266)
	at java.util.concurrent.Executors$RunnableAdapter.call(Executors.java:511)
	at java.util.concurrent.FutureTask.run(FutureTask.java:266)
	at java.util.concurrent.ThreadPoolExecutor.runWorker(ThreadPoolExecutor.java:1149)
	at java.util.concurrent.ThreadPoolExecutor$Worker.run(ThreadPoolExecutor.java:624)
	... 1 more
Caused by: org.apache.ratis.thirdparty.io.netty.channel.AbstractChannel$AnnotatedConnectException: Connection refused: /192.168.157.220:38181
	at sun.nio.ch.SocketChannelImpl.checkConnect(Native Method)
	at sun.nio.ch.SocketChannelImpl.finishConnect(SocketChannelImpl.java:717)
	at org.apache.ratis.thirdparty.io.netty.channel.socket.nio.NioSocketChannel.doFinishConnect(NioSocketChannel.java:327)
	at org.apache.ratis.thirdparty.io.netty.channel.nio.AbstractNioChannel$AbstractNioUnsafe.finishConnect(AbstractNioChannel.java:340)
	at org.apache.ratis.thirdparty.io.netty.channel.nio.NioEventLoop.processSelectedKey(NioEventLoop.java:632)
	at org.apache.ratis.thirdparty.io.netty.channel.nio.NioEventLoop.processSelectedKeysOptimized(NioEventLoop.java:579)
	at org.apache.ratis.thirdparty.io.netty.channel.nio.NioEventLoop.processSelectedKeys(NioEventLoop.java:496)
	at org.apache.ratis.thirdparty.io.netty.channel.nio.NioEventLoop.run(NioEventLoop.java:458)
	at org.apache.ratis.thirdparty.io.netty.util.concurrent.SingleThreadEventExecutor$5.run(SingleThreadEventExecutor.java:897)
	at org.apache.ratis.thirdparty.io.netty.util.concurrent.FastThreadLocalRunnable.run(FastThreadLocalRunnable.java:30)
	... 1 more
Caused by: java.net.ConnectException: Connection refused
	... 11 more
2019-10-30 11:53:15,421 [4cc44201-a597-43af-a4ec-5b1b407a6250@group-83984122B78E-LeaderElection497] INFO  impl.RaftServerImpl (RaftServerImpl.java:setRole(184)) - 4cc44201-a597-43af-a4ec-5b1b407a6250@group-83984122B78E: changes role from CANDIDATE to FOLLOWER at term 251 for DISCOVERED_A_NEW_TERM
2019-10-30 11:53:15,421 [4cc44201-a597-43af-a4ec-5b1b407a6250@group-83984122B78E-LeaderElection497] INFO  impl.RoleInfo (RoleInfo.java:shutdownLeaderElection(134)) - 4cc44201-a597-43af-a4ec-5b1b407a6250: shutdown LeaderElection
2019-10-30 11:53:15,419 [6ed35211-36a6-405a-b1db-549f65da443e@group-6C94BA02685B-LeaderElection498] INFO  impl.LeaderElection (LogUtils.java:infoOrTrace(149)) - 6ed35211-36a6-405a-b1db-549f65da443e@group-6C94BA02685B-LeaderElection498 got exception when requesting votes: {}
java.util.concurrent.ExecutionException: org.apache.ratis.thirdparty.io.grpc.StatusRuntimeException: UNAVAILABLE: io exception
	at java.util.concurrent.FutureTask.report(FutureTask.java:122)
	at java.util.concurrent.FutureTask.get(FutureTask.java:192)
	at org.apache.ratis.server.impl.LeaderElection.waitForResults(LeaderElection.java:259)
	at org.apache.ratis.server.impl.LeaderElection.askForVotes(LeaderElection.java:197)
	at org.apache.ratis.server.impl.LeaderElection.run(LeaderElection.java:133)
	at java.lang.Thread.run(Thread.java:748)
Caused by: org.apache.ratis.thirdparty.io.grpc.StatusRuntimeException: UNAVAILABLE: io exception
	at org.apache.ratis.thirdparty.io.grpc.stub.ClientCalls.toStatusRuntimeException(ClientCalls.java:233)
	at org.apache.ratis.thirdparty.io.grpc.stub.ClientCalls.getUnchecked(ClientCalls.java:214)
	at org.apache.ratis.thirdparty.io.grpc.stub.ClientCalls.blockingUnaryCall(ClientCalls.java:139)
	at org.apache.ratis.proto.grpc.RaftServerProtocolServiceGrpc$RaftServerProtocolServiceBlockingStub.requestVote(RaftServerProtocolServiceGrpc.java:265)
	at org.apache.ratis.grpc.server.GrpcServerProtocolClient.requestVote(GrpcServerProtocolClient.java:99)
	at org.apache.ratis.grpc.server.GrpcService.requestVote(GrpcService.java:204)
	at org.apache.ratis.server.impl.LeaderElection.lambda$submitRequests$1(LeaderElection.java:234)
	at java.util.concurrent.FutureTask.run(FutureTask.java:266)
	at java.util.concurrent.Executors$RunnableAdapter.call(Executors.java:511)
	at java.util.concurrent.FutureTask.run(FutureTask.java:266)
	at java.util.concurrent.ThreadPoolExecutor.runWorker(ThreadPoolExecutor.java:1149)
	at java.util.concurrent.ThreadPoolExecutor$Worker.run(ThreadPoolExecutor.java:624)
	... 1 more
Caused by: org.apache.ratis.thirdparty.io.netty.channel.AbstractChannel$AnnotatedConnectException: Connection refused: /192.168.157.220:36123
	at sun.nio.ch.SocketChannelImpl.checkConnect(Native Method)
	at sun.nio.ch.SocketChannelImpl.finishConnect(SocketChannelImpl.java:717)
	at org.apache.ratis.thirdparty.io.netty.channel.socket.nio.NioSocketChannel.doFinishConnect(NioSocketChannel.java:327)
	at org.apache.ratis.thirdparty.io.netty.channel.nio.AbstractNioChannel$AbstractNioUnsafe.finishConnect(AbstractNioChannel.java:340)
	at org.apache.ratis.thirdparty.io.netty.channel.nio.NioEventLoop.processSelectedKey(NioEventLoop.java:632)
	at org.apache.ratis.thirdparty.io.netty.channel.nio.NioEventLoop.processSelectedKeysOptimized(NioEventLoop.java:579)
	at org.apache.ratis.thirdparty.io.netty.channel.nio.NioEventLoop.processSelectedKeys(NioEventLoop.java:496)
	at org.apache.ratis.thirdparty.io.netty.channel.nio.NioEventLoop.run(NioEventLoop.java:458)
	at org.apache.ratis.thirdparty.io.netty.util.concurrent.SingleThreadEventExecutor$5.run(SingleThreadEventExecutor.java:897)
	at org.apache.ratis.thirdparty.io.netty.util.concurrent.FastThreadLocalRunnable.run(FastThreadLocalRunnable.java:30)
	... 1 more
Caused by: java.net.ConnectException: Connection refused
	... 11 more
2019-10-30 11:53:15,421 [4cc44201-a597-43af-a4ec-5b1b407a6250@group-83984122B78E-LeaderElection497] INFO  impl.RoleInfo (RoleInfo.java:updateAndGet(143)) - 4cc44201-a597-43af-a4ec-5b1b407a6250: start FollowerState
2019-10-30 11:53:15,422 [6ed35211-36a6-405a-b1db-549f65da443e@group-6C94BA02685B-LeaderElection498] INFO  impl.LeaderElection (LeaderElection.java:logAndReturn(56)) - 6ed35211-36a6-405a-b1db-549f65da443e@group-6C94BA02685B-LeaderElection498: Election REJECTED; received 0 response(s) [] and 2 exception(s); 6ed35211-36a6-405a-b1db-549f65da443e@group-6C94BA02685B:t9, leader=null, voted=6ed35211-36a6-405a-b1db-549f65da443e, raftlog=6ed35211-36a6-405a-b1db-549f65da443e@group-6C94BA02685B-SegmentedRaftLog:OPENED:c21,f21,i21, conf=20: [6ed35211-36a6-405a-b1db-549f65da443e:192.168.157.220:41613, a12d6b9e-ec23-449e-8b58-135e3e67eb04:192.168.157.220:40337, 36879b23-b325-4015-ba59-8656331c6f4b:192.168.157.220:36123], old=null
2019-10-30 11:53:15,422 [6ed35211-36a6-405a-b1db-549f65da443e@group-6C94BA02685B-LeaderElection498] INFO  impl.LeaderElection (LogUtils.java:infoOrTrace(149)) -   Exception 0: {}
java.util.concurrent.ExecutionException: org.apache.ratis.thirdparty.io.grpc.StatusRuntimeException: UNAVAILABLE: io exception
	at java.util.concurrent.FutureTask.report(FutureTask.java:122)
	at java.util.concurrent.FutureTask.get(FutureTask.java:192)
	at org.apache.ratis.server.impl.LeaderElection.waitForResults(LeaderElection.java:259)
	at org.apache.ratis.server.impl.LeaderElection.askForVotes(LeaderElection.java:197)
	at org.apache.ratis.server.impl.LeaderElection.run(LeaderElection.java:133)
	at java.lang.Thread.run(Thread.java:748)
Caused by: org.apache.ratis.thirdparty.io.grpc.StatusRuntimeException: UNAVAILABLE: io exception
	at org.apache.ratis.thirdparty.io.grpc.stub.ClientCalls.toStatusRuntimeException(ClientCalls.java:233)
	at org.apache.ratis.thirdparty.io.grpc.stub.ClientCalls.getUnchecked(ClientCalls.java:214)
	at org.apache.ratis.thirdparty.io.grpc.stub.ClientCalls.blockingUnaryCall(ClientCalls.java:139)
	at org.apache.ratis.proto.grpc.RaftServerProtocolServiceGrpc$RaftServerProtocolServiceBlockingStub.requestVote(RaftServerProtocolServiceGrpc.java:265)
	at org.apache.ratis.grpc.server.GrpcServerProtocolClient.requestVote(GrpcServerProtocolClient.java:99)
	at org.apache.ratis.grpc.server.GrpcService.requestVote(GrpcService.java:204)
	at org.apache.ratis.server.impl.LeaderElection.lambda$submitRequests$1(LeaderElection.java:234)
	at java.util.concurrent.FutureTask.run(FutureTask.java:266)
	at java.util.concurrent.Executors$RunnableAdapter.call(Executors.java:511)
	at java.util.concurrent.FutureTask.run(FutureTask.java:266)
	at java.util.concurrent.ThreadPoolExecutor.runWorker(ThreadPoolExecutor.java:1149)
	at java.util.concurrent.ThreadPoolExecutor$Worker.run(ThreadPoolExecutor.java:624)
	... 1 more
Caused by: org.apache.ratis.thirdparty.io.netty.channel.AbstractChannel$AnnotatedConnectException: Connection refused: /192.168.157.220:40337
	at sun.nio.ch.SocketChannelImpl.checkConnect(Native Method)
	at sun.nio.ch.SocketChannelImpl.finishConnect(SocketChannelImpl.java:717)
	at org.apache.ratis.thirdparty.io.netty.channel.socket.nio.NioSocketChannel.doFinishConnect(NioSocketChannel.java:327)
	at org.apache.ratis.thirdparty.io.netty.channel.nio.AbstractNioChannel$AbstractNioUnsafe.finishConnect(AbstractNioChannel.java:340)
	at org.apache.ratis.thirdparty.io.netty.channel.nio.NioEventLoop.processSelectedKey(NioEventLoop.java:632)
	at org.apache.ratis.thirdparty.io.netty.channel.nio.NioEventLoop.processSelectedKeysOptimized(NioEventLoop.java:579)
	at org.apache.ratis.thirdparty.io.netty.channel.nio.NioEventLoop.processSelectedKeys(NioEventLoop.java:496)
	at org.apache.ratis.thirdparty.io.netty.channel.nio.NioEventLoop.run(NioEventLoop.java:458)
	at org.apache.ratis.thirdparty.io.netty.util.concurrent.SingleThreadEventExecutor$5.run(SingleThreadEventExecutor.java:897)
	at org.apache.ratis.thirdparty.io.netty.util.concurrent.FastThreadLocalRunnable.run(FastThreadLocalRunnable.java:30)
	... 1 more
Caused by: java.net.ConnectException: Connection refused
	... 11 more
2019-10-30 11:53:15,422 [6ed35211-36a6-405a-b1db-549f65da443e@group-6C94BA02685B-LeaderElection498] INFO  impl.LeaderElection (LogUtils.java:infoOrTrace(149)) -   Exception 1: {}
java.util.concurrent.ExecutionException: org.apache.ratis.thirdparty.io.grpc.StatusRuntimeException: UNAVAILABLE: io exception
	at java.util.concurrent.FutureTask.report(FutureTask.java:122)
	at java.util.concurrent.FutureTask.get(FutureTask.java:192)
	at org.apache.ratis.server.impl.LeaderElection.waitForResults(LeaderElection.java:259)
	at org.apache.ratis.server.impl.LeaderElection.askForVotes(LeaderElection.java:197)
	at org.apache.ratis.server.impl.LeaderElection.run(LeaderElection.java:133)
	at java.lang.Thread.run(Thread.java:748)
Caused by: org.apache.ratis.thirdparty.io.grpc.StatusRuntimeException: UNAVAILABLE: io exception
	at org.apache.ratis.thirdparty.io.grpc.stub.ClientCalls.toStatusRuntimeException(ClientCalls.java:233)
	at org.apache.ratis.thirdparty.io.grpc.stub.ClientCalls.getUnchecked(ClientCalls.java:214)
	at org.apache.ratis.thirdparty.io.grpc.stub.ClientCalls.blockingUnaryCall(ClientCalls.java:139)
	at org.apache.ratis.proto.grpc.RaftServerProtocolServiceGrpc$RaftServerProtocolServiceBlockingStub.requestVote(RaftServerProtocolServiceGrpc.java:265)
	at org.apache.ratis.grpc.server.GrpcServerProtocolClient.requestVote(GrpcServerProtocolClient.java:99)
	at org.apache.ratis.grpc.server.GrpcService.requestVote(GrpcService.java:204)
	at org.apache.ratis.server.impl.LeaderElection.lambda$submitRequests$1(LeaderElection.java:234)
	at java.util.concurrent.FutureTask.run(FutureTask.java:266)
	at java.util.concurrent.Executors$RunnableAdapter.call(Executors.java:511)
	at java.util.concurrent.FutureTask.run(FutureTask.java:266)
	at java.util.concurrent.ThreadPoolExecutor.runWorker(ThreadPoolExecutor.java:1149)
	at java.util.concurrent.ThreadPoolExecutor$Worker.run(ThreadPoolExecutor.java:624)
	... 1 more
Caused by: org.apache.ratis.thirdparty.io.netty.channel.AbstractChannel$AnnotatedConnectException: Connection refused: /192.168.157.220:36123
	at sun.nio.ch.SocketChannelImpl.checkConnect(Native Method)
	at sun.nio.ch.SocketChannelImpl.finishConnect(SocketChannelImpl.java:717)
	at org.apache.ratis.thirdparty.io.netty.channel.socket.nio.NioSocketChannel.doFinishConnect(NioSocketChannel.java:327)
	at org.apache.ratis.thirdparty.io.netty.channel.nio.AbstractNioChannel$AbstractNioUnsafe.finishConnect(AbstractNioChannel.java:340)
	at org.apache.ratis.thirdparty.io.netty.channel.nio.NioEventLoop.processSelectedKey(NioEventLoop.java:632)
	at org.apache.ratis.thirdparty.io.netty.channel.nio.NioEventLoop.processSelectedKeysOptimized(NioEventLoop.java:579)
	at org.apache.ratis.thirdparty.io.netty.channel.nio.NioEventLoop.processSelectedKeys(NioEventLoop.java:496)
	at org.apache.ratis.thirdparty.io.netty.channel.nio.NioEventLoop.run(NioEventLoop.java:458)
	at org.apache.ratis.thirdparty.io.netty.util.concurrent.SingleThreadEventExecutor$5.run(SingleThreadEventExecutor.java:897)
	at org.apache.ratis.thirdparty.io.netty.util.concurrent.FastThreadLocalRunnable.run(FastThreadLocalRunnable.java:30)
	... 1 more
Caused by: java.net.ConnectException: Connection refused
	... 11 more
2019-10-30 11:53:15,423 [6ed35211-36a6-405a-b1db-549f65da443e@group-6C94BA02685B-LeaderElection498] INFO  impl.RaftServerImpl (RaftServerImpl.java:setRole(184)) - 6ed35211-36a6-405a-b1db-549f65da443e@group-6C94BA02685B: changes role from CANDIDATE to FOLLOWER at term 9 for DISCOVERED_A_NEW_TERM
2019-10-30 11:53:15,423 [6ed35211-36a6-405a-b1db-549f65da443e@group-6C94BA02685B-LeaderElection498] INFO  impl.RoleInfo (RoleInfo.java:shutdownLeaderElection(134)) - 6ed35211-36a6-405a-b1db-549f65da443e: shutdown LeaderElection
2019-10-30 11:53:15,423 [6ed35211-36a6-405a-b1db-549f65da443e@group-6C94BA02685B-LeaderElection498] INFO  impl.RoleInfo (RoleInfo.java:updateAndGet(143)) - 6ed35211-36a6-405a-b1db-549f65da443e: start FollowerState
2019-10-30 11:53:16,452 [Thread-3574] INFO  impl.FollowerState (FollowerState.java:run(108)) - 4cc44201-a597-43af-a4ec-5b1b407a6250@group-83984122B78E-FollowerState: change to CANDIDATE, lastRpcTime:1030ms, electionTimeout:1026ms
2019-10-30 11:53:16,452 [Thread-3574] INFO  impl.RoleInfo (RoleInfo.java:shutdownFollowerState(121)) - 4cc44201-a597-43af-a4ec-5b1b407a6250: shutdown FollowerState
2019-10-30 11:53:16,452 [Thread-3574] INFO  impl.RaftServerImpl (RaftServerImpl.java:setRole(184)) - 4cc44201-a597-43af-a4ec-5b1b407a6250@group-83984122B78E: changes role from  FOLLOWER to CANDIDATE at term 251 for changeToCandidate
2019-10-30 11:53:16,452 [Thread-3574] INFO  impl.RoleInfo (RoleInfo.java:updateAndGet(143)) - 4cc44201-a597-43af-a4ec-5b1b407a6250: start LeaderElection
2019-10-30 11:53:16,465 [4cc44201-a597-43af-a4ec-5b1b407a6250@group-83984122B78E-LeaderElection499] INFO  impl.LeaderElection (LeaderElection.java:askForVotes(178)) - 4cc44201-a597-43af-a4ec-5b1b407a6250@group-83984122B78E-LeaderElection499: begin an election at term 252 for 0: [4f16e274-8663-4a15-9c4c-c81f650ab979:192.168.157.220:38181, 4cc44201-a597-43af-a4ec-5b1b407a6250:192.168.157.220:36685, f26e10ed-fb17-49e6-a903-eadc130d13d1:192.168.157.220:32806], old=null
2019-10-30 11:53:16,466 [4cc44201-a597-43af-a4ec-5b1b407a6250@group-83984122B78E-LeaderElection499] INFO  impl.LeaderElection (LogUtils.java:infoOrTrace(149)) - 4cc44201-a597-43af-a4ec-5b1b407a6250@group-83984122B78E-LeaderElection499 got exception when requesting votes: {}
java.util.concurrent.ExecutionException: org.apache.ratis.thirdparty.io.grpc.StatusRuntimeException: UNAVAILABLE: io exception
	at java.util.concurrent.FutureTask.report(FutureTask.java:122)
	at java.util.concurrent.FutureTask.get(FutureTask.java:192)
	at org.apache.ratis.server.impl.LeaderElection.waitForResults(LeaderElection.java:259)
	at org.apache.ratis.server.impl.LeaderElection.askForVotes(LeaderElection.java:197)
	at org.apache.ratis.server.impl.LeaderElection.run(LeaderElection.java:133)
	at java.lang.Thread.run(Thread.java:748)
Caused by: org.apache.ratis.thirdparty.io.grpc.StatusRuntimeException: UNAVAILABLE: io exception
	at org.apache.ratis.thirdparty.io.grpc.stub.ClientCalls.toStatusRuntimeException(ClientCalls.java:233)
	at org.apache.ratis.thirdparty.io.grpc.stub.ClientCalls.getUnchecked(ClientCalls.java:214)
	at org.apache.ratis.thirdparty.io.grpc.stub.ClientCalls.blockingUnaryCall(ClientCalls.java:139)
	at org.apache.ratis.proto.grpc.RaftServerProtocolServiceGrpc$RaftServerProtocolServiceBlockingStub.requestVote(RaftServerProtocolServiceGrpc.java:265)
	at org.apache.ratis.grpc.server.GrpcServerProtocolClient.requestVote(GrpcServerProtocolClient.java:99)
	at org.apache.ratis.grpc.server.GrpcService.requestVote(GrpcService.java:204)
	at org.apache.ratis.server.impl.LeaderElection.lambda$submitRequests$1(LeaderElection.java:234)
	at java.util.concurrent.FutureTask.run(FutureTask.java:266)
	at java.util.concurrent.Executors$RunnableAdapter.call(Executors.java:511)
	at java.util.concurrent.FutureTask.run(FutureTask.java:266)
	at java.util.concurrent.ThreadPoolExecutor.runWorker(ThreadPoolExecutor.java:1149)
	at java.util.concurrent.ThreadPoolExecutor$Worker.run(ThreadPoolExecutor.java:624)
	... 1 more
Caused by: org.apache.ratis.thirdparty.io.netty.channel.AbstractChannel$AnnotatedConnectException: Connection refused: /192.168.157.220:32806
	at sun.nio.ch.SocketChannelImpl.checkConnect(Native Method)
	at sun.nio.ch.SocketChannelImpl.finishConnect(SocketChannelImpl.java:717)
	at org.apache.ratis.thirdparty.io.netty.channel.socket.nio.NioSocketChannel.doFinishConnect(NioSocketChannel.java:327)
	at org.apache.ratis.thirdparty.io.netty.channel.nio.AbstractNioChannel$AbstractNioUnsafe.finishConnect(AbstractNioChannel.java:340)
	at org.apache.ratis.thirdparty.io.netty.channel.nio.NioEventLoop.processSelectedKey(NioEventLoop.java:632)
	at org.apache.ratis.thirdparty.io.netty.channel.nio.NioEventLoop.processSelectedKeysOptimized(NioEventLoop.java:579)
	at org.apache.ratis.thirdparty.io.netty.channel.nio.NioEventLoop.processSelectedKeys(NioEventLoop.java:496)
	at org.apache.ratis.thirdparty.io.netty.channel.nio.NioEventLoop.run(NioEventLoop.java:458)
	at org.apache.ratis.thirdparty.io.netty.util.concurrent.SingleThreadEventExecutor$5.run(SingleThreadEventExecutor.java:897)
	at org.apache.ratis.thirdparty.io.netty.util.concurrent.FastThreadLocalRunnable.run(FastThreadLocalRunnable.java:30)
	... 1 more
Caused by: java.net.ConnectException: Connection refused
	... 11 more
2019-10-30 11:53:16,467 [4cc44201-a597-43af-a4ec-5b1b407a6250@group-83984122B78E-LeaderElection499] INFO  impl.LeaderElection (LogUtils.java:infoOrTrace(149)) - 4cc44201-a597-43af-a4ec-5b1b407a6250@group-83984122B78E-LeaderElection499 got exception when requesting votes: {}
java.util.concurrent.ExecutionException: org.apache.ratis.thirdparty.io.grpc.StatusRuntimeException: UNAVAILABLE: io exception
	at java.util.concurrent.FutureTask.report(FutureTask.java:122)
	at java.util.concurrent.FutureTask.get(FutureTask.java:192)
	at org.apache.ratis.server.impl.LeaderElection.waitForResults(LeaderElection.java:259)
	at org.apache.ratis.server.impl.LeaderElection.askForVotes(LeaderElection.java:197)
	at org.apache.ratis.server.impl.LeaderElection.run(LeaderElection.java:133)
	at java.lang.Thread.run(Thread.java:748)
Caused by: org.apache.ratis.thirdparty.io.grpc.StatusRuntimeException: UNAVAILABLE: io exception
	at org.apache.ratis.thirdparty.io.grpc.stub.ClientCalls.toStatusRuntimeException(ClientCalls.java:233)
	at org.apache.ratis.thirdparty.io.grpc.stub.ClientCalls.getUnchecked(ClientCalls.java:214)
	at org.apache.ratis.thirdparty.io.grpc.stub.ClientCalls.blockingUnaryCall(ClientCalls.java:139)
	at org.apache.ratis.proto.grpc.RaftServerProtocolServiceGrpc$RaftServerProtocolServiceBlockingStub.requestVote(RaftServerProtocolServiceGrpc.java:265)
	at org.apache.ratis.grpc.server.GrpcServerProtocolClient.requestVote(GrpcServerProtocolClient.java:99)
	at org.apache.ratis.grpc.server.GrpcService.requestVote(GrpcService.java:204)
	at org.apache.ratis.server.impl.LeaderElection.lambda$submitRequests$1(LeaderElection.java:234)
	at java.util.concurrent.FutureTask.run(FutureTask.java:266)
	at java.util.concurrent.Executors$RunnableAdapter.call(Executors.java:511)
	at java.util.concurrent.FutureTask.run(FutureTask.java:266)
	at java.util.concurrent.ThreadPoolExecutor.runWorker(ThreadPoolExecutor.java:1149)
	at java.util.concurrent.ThreadPoolExecutor$Worker.run(ThreadPoolExecutor.java:624)
	... 1 more
Caused by: org.apache.ratis.thirdparty.io.netty.channel.AbstractChannel$AnnotatedConnectException: Connection refused: /192.168.157.220:38181
	at sun.nio.ch.SocketChannelImpl.checkConnect(Native Method)
	at sun.nio.ch.SocketChannelImpl.finishConnect(SocketChannelImpl.java:717)
	at org.apache.ratis.thirdparty.io.netty.channel.socket.nio.NioSocketChannel.doFinishConnect(NioSocketChannel.java:327)
	at org.apache.ratis.thirdparty.io.netty.channel.nio.AbstractNioChannel$AbstractNioUnsafe.finishConnect(AbstractNioChannel.java:340)
	at org.apache.ratis.thirdparty.io.netty.channel.nio.NioEventLoop.processSelectedKey(NioEventLoop.java:632)
	at org.apache.ratis.thirdparty.io.netty.channel.nio.NioEventLoop.processSelectedKeysOptimized(NioEventLoop.java:579)
	at org.apache.ratis.thirdparty.io.netty.channel.nio.NioEventLoop.processSelectedKeys(NioEventLoop.java:496)
	at org.apache.ratis.thirdparty.io.netty.channel.nio.NioEventLoop.run(NioEventLoop.java:458)
	at org.apache.ratis.thirdparty.io.netty.util.concurrent.SingleThreadEventExecutor$5.run(SingleThreadEventExecutor.java:897)
	at org.apache.ratis.thirdparty.io.netty.util.concurrent.FastThreadLocalRunnable.run(FastThreadLocalRunnable.java:30)
	... 1 more
Caused by: java.net.ConnectException: Connection refused
	... 11 more
2019-10-30 11:53:16,467 [4cc44201-a597-43af-a4ec-5b1b407a6250@group-83984122B78E-LeaderElection499] INFO  impl.LeaderElection (LeaderElection.java:logAndReturn(56)) - 4cc44201-a597-43af-a4ec-5b1b407a6250@group-83984122B78E-LeaderElection499: Election REJECTED; received 0 response(s) [] and 2 exception(s); 4cc44201-a597-43af-a4ec-5b1b407a6250@group-83984122B78E:t252, leader=null, voted=4cc44201-a597-43af-a4ec-5b1b407a6250, raftlog=4cc44201-a597-43af-a4ec-5b1b407a6250@group-83984122B78E-SegmentedRaftLog:OPENED:c-1,f0,i0, conf=0: [4f16e274-8663-4a15-9c4c-c81f650ab979:192.168.157.220:38181, 4cc44201-a597-43af-a4ec-5b1b407a6250:192.168.157.220:36685, f26e10ed-fb17-49e6-a903-eadc130d13d1:192.168.157.220:32806], old=null
2019-10-30 11:53:16,467 [4cc44201-a597-43af-a4ec-5b1b407a6250@group-83984122B78E-LeaderElection499] INFO  impl.LeaderElection (LogUtils.java:infoOrTrace(149)) -   Exception 0: {}
java.util.concurrent.ExecutionException: org.apache.ratis.thirdparty.io.grpc.StatusRuntimeException: UNAVAILABLE: io exception
	at java.util.concurrent.FutureTask.report(FutureTask.java:122)
	at java.util.concurrent.FutureTask.get(FutureTask.java:192)
	at org.apache.ratis.server.impl.LeaderElection.waitForResults(LeaderElection.java:259)
	at org.apache.ratis.server.impl.LeaderElection.askForVotes(LeaderElection.java:197)
	at org.apache.ratis.server.impl.LeaderElection.run(LeaderElection.java:133)
	at java.lang.Thread.run(Thread.java:748)
Caused by: org.apache.ratis.thirdparty.io.grpc.StatusRuntimeException: UNAVAILABLE: io exception
	at org.apache.ratis.thirdparty.io.grpc.stub.ClientCalls.toStatusRuntimeException(ClientCalls.java:233)
	at org.apache.ratis.thirdparty.io.grpc.stub.ClientCalls.getUnchecked(ClientCalls.java:214)
	at org.apache.ratis.thirdparty.io.grpc.stub.ClientCalls.blockingUnaryCall(ClientCalls.java:139)
	at org.apache.ratis.proto.grpc.RaftServerProtocolServiceGrpc$RaftServerProtocolServiceBlockingStub.requestVote(RaftServerProtocolServiceGrpc.java:265)
	at org.apache.ratis.grpc.server.GrpcServerProtocolClient.requestVote(GrpcServerProtocolClient.java:99)
	at org.apache.ratis.grpc.server.GrpcService.requestVote(GrpcService.java:204)
	at org.apache.ratis.server.impl.LeaderElection.lambda$submitRequests$1(LeaderElection.java:234)
	at java.util.concurrent.FutureTask.run(FutureTask.java:266)
	at java.util.concurrent.Executors$RunnableAdapter.call(Executors.java:511)
	at java.util.concurrent.FutureTask.run(FutureTask.java:266)
	at java.util.concurrent.ThreadPoolExecutor.runWorker(ThreadPoolExecutor.java:1149)
	at java.util.concurrent.ThreadPoolExecutor$Worker.run(ThreadPoolExecutor.java:624)
	... 1 more
Caused by: org.apache.ratis.thirdparty.io.netty.channel.AbstractChannel$AnnotatedConnectException: Connection refused: /192.168.157.220:32806
	at sun.nio.ch.SocketChannelImpl.checkConnect(Native Method)
	at sun.nio.ch.SocketChannelImpl.finishConnect(SocketChannelImpl.java:717)
	at org.apache.ratis.thirdparty.io.netty.channel.socket.nio.NioSocketChannel.doFinishConnect(NioSocketChannel.java:327)
	at org.apache.ratis.thirdparty.io.netty.channel.nio.AbstractNioChannel$AbstractNioUnsafe.finishConnect(AbstractNioChannel.java:340)
	at org.apache.ratis.thirdparty.io.netty.channel.nio.NioEventLoop.processSelectedKey(NioEventLoop.java:632)
	at org.apache.ratis.thirdparty.io.netty.channel.nio.NioEventLoop.processSelectedKeysOptimized(NioEventLoop.java:579)
	at org.apache.ratis.thirdparty.io.netty.channel.nio.NioEventLoop.processSelectedKeys(NioEventLoop.java:496)
	at org.apache.ratis.thirdparty.io.netty.channel.nio.NioEventLoop.run(NioEventLoop.java:458)
	at org.apache.ratis.thirdparty.io.netty.util.concurrent.SingleThreadEventExecutor$5.run(SingleThreadEventExecutor.java:897)
	at org.apache.ratis.thirdparty.io.netty.util.concurrent.FastThreadLocalRunnable.run(FastThreadLocalRunnable.java:30)
	... 1 more
Caused by: java.net.ConnectException: Connection refused
	... 11 more
2019-10-30 11:53:16,467 [4cc44201-a597-43af-a4ec-5b1b407a6250@group-83984122B78E-LeaderElection499] INFO  impl.LeaderElection (LogUtils.java:infoOrTrace(149)) -   Exception 1: {}
java.util.concurrent.ExecutionException: org.apache.ratis.thirdparty.io.grpc.StatusRuntimeException: UNAVAILABLE: io exception
	at java.util.concurrent.FutureTask.report(FutureTask.java:122)
	at java.util.concurrent.FutureTask.get(FutureTask.java:192)
	at org.apache.ratis.server.impl.LeaderElection.waitForResults(LeaderElection.java:259)
	at org.apache.ratis.server.impl.LeaderElection.askForVotes(LeaderElection.java:197)
	at org.apache.ratis.server.impl.LeaderElection.run(LeaderElection.java:133)
	at java.lang.Thread.run(Thread.java:748)
Caused by: org.apache.ratis.thirdparty.io.grpc.StatusRuntimeException: UNAVAILABLE: io exception
	at org.apache.ratis.thirdparty.io.grpc.stub.ClientCalls.toStatusRuntimeException(ClientCalls.java:233)
	at org.apache.ratis.thirdparty.io.grpc.stub.ClientCalls.getUnchecked(ClientCalls.java:214)
	at org.apache.ratis.thirdparty.io.grpc.stub.ClientCalls.blockingUnaryCall(ClientCalls.java:139)
	at org.apache.ratis.proto.grpc.RaftServerProtocolServiceGrpc$RaftServerProtocolServiceBlockingStub.requestVote(RaftServerProtocolServiceGrpc.java:265)
	at org.apache.ratis.grpc.server.GrpcServerProtocolClient.requestVote(GrpcServerProtocolClient.java:99)
	at org.apache.ratis.grpc.server.GrpcService.requestVote(GrpcService.java:204)
	at org.apache.ratis.server.impl.LeaderElection.lambda$submitRequests$1(LeaderElection.java:234)
	at java.util.concurrent.FutureTask.run(FutureTask.java:266)
	at java.util.concurrent.Executors$RunnableAdapter.call(Executors.java:511)
	at java.util.concurrent.FutureTask.run(FutureTask.java:266)
	at java.util.concurrent.ThreadPoolExecutor.runWorker(ThreadPoolExecutor.java:1149)
	at java.util.concurrent.ThreadPoolExecutor$Worker.run(ThreadPoolExecutor.java:624)
	... 1 more
Caused by: org.apache.ratis.thirdparty.io.netty.channel.AbstractChannel$AnnotatedConnectException: Connection refused: /192.168.157.220:38181
	at sun.nio.ch.SocketChannelImpl.checkConnect(Native Method)
	at sun.nio.ch.SocketChannelImpl.finishConnect(SocketChannelImpl.java:717)
	at org.apache.ratis.thirdparty.io.netty.channel.socket.nio.NioSocketChannel.doFinishConnect(NioSocketChannel.java:327)
	at org.apache.ratis.thirdparty.io.netty.channel.nio.AbstractNioChannel$AbstractNioUnsafe.finishConnect(AbstractNioChannel.java:340)
	at org.apache.ratis.thirdparty.io.netty.channel.nio.NioEventLoop.processSelectedKey(NioEventLoop.java:632)
	at org.apache.ratis.thirdparty.io.netty.channel.nio.NioEventLoop.processSelectedKeysOptimized(NioEventLoop.java:579)
	at org.apache.ratis.thirdparty.io.netty.channel.nio.NioEventLoop.processSelectedKeys(NioEventLoop.java:496)
	at org.apache.ratis.thirdparty.io.netty.channel.nio.NioEventLoop.run(NioEventLoop.java:458)
	at org.apache.ratis.thirdparty.io.netty.util.concurrent.SingleThreadEventExecutor$5.run(SingleThreadEventExecutor.java:897)
	at org.apache.ratis.thirdparty.io.netty.util.concurrent.FastThreadLocalRunnable.run(FastThreadLocalRunnable.java:30)
	... 1 more
Caused by: java.net.ConnectException: Connection refused
	... 11 more
2019-10-30 11:53:16,468 [4cc44201-a597-43af-a4ec-5b1b407a6250@group-83984122B78E-LeaderElection499] INFO  impl.RaftServerImpl (RaftServerImpl.java:setRole(184)) - 4cc44201-a597-43af-a4ec-5b1b407a6250@group-83984122B78E: changes role from CANDIDATE to FOLLOWER at term 252 for DISCOVERED_A_NEW_TERM
2019-10-30 11:53:16,468 [4cc44201-a597-43af-a4ec-5b1b407a6250@group-83984122B78E-LeaderElection499] INFO  impl.RoleInfo (RoleInfo.java:shutdownLeaderElection(134)) - 4cc44201-a597-43af-a4ec-5b1b407a6250: shutdown LeaderElection
2019-10-30 11:53:16,468 [4cc44201-a597-43af-a4ec-5b1b407a6250@group-83984122B78E-LeaderElection499] INFO  impl.RoleInfo (RoleInfo.java:updateAndGet(143)) - 4cc44201-a597-43af-a4ec-5b1b407a6250: start FollowerState
2019-10-30 11:53:16,569 [Thread-3575] INFO  impl.FollowerState (FollowerState.java:run(108)) - 6ed35211-36a6-405a-b1db-549f65da443e@group-6C94BA02685B-FollowerState: change to CANDIDATE, lastRpcTime:1146ms, electionTimeout:1142ms
2019-10-30 11:53:16,569 [Thread-3575] INFO  impl.RoleInfo (RoleInfo.java:shutdownFollowerState(121)) - 6ed35211-36a6-405a-b1db-549f65da443e: shutdown FollowerState
2019-10-30 11:53:16,569 [Thread-3575] INFO  impl.RaftServerImpl (RaftServerImpl.java:setRole(184)) - 6ed35211-36a6-405a-b1db-549f65da443e@group-6C94BA02685B: changes role from  FOLLOWER to CANDIDATE at term 9 for changeToCandidate
2019-10-30 11:53:16,570 [Thread-3575] INFO  impl.RoleInfo (RoleInfo.java:updateAndGet(143)) - 6ed35211-36a6-405a-b1db-549f65da443e: start LeaderElection
2019-10-30 11:53:16,574 [6ed35211-36a6-405a-b1db-549f65da443e@group-6C94BA02685B-LeaderElection500] INFO  impl.LeaderElection (LeaderElection.java:askForVotes(178)) - 6ed35211-36a6-405a-b1db-549f65da443e@group-6C94BA02685B-LeaderElection500: begin an election at term 10 for 20: [6ed35211-36a6-405a-b1db-549f65da443e:192.168.157.220:41613, a12d6b9e-ec23-449e-8b58-135e3e67eb04:192.168.157.220:40337, 36879b23-b325-4015-ba59-8656331c6f4b:192.168.157.220:36123], old=null
2019-10-30 11:53:16,578 [6ed35211-36a6-405a-b1db-549f65da443e@group-6C94BA02685B-LeaderElection500] INFO  impl.LeaderElection (LogUtils.java:infoOrTrace(149)) - 6ed35211-36a6-405a-b1db-549f65da443e@group-6C94BA02685B-LeaderElection500 got exception when requesting votes: {}
java.util.concurrent.ExecutionException: org.apache.ratis.thirdparty.io.grpc.StatusRuntimeException: UNAVAILABLE: io exception
	at java.util.concurrent.FutureTask.report(FutureTask.java:122)
	at java.util.concurrent.FutureTask.get(FutureTask.java:192)
	at org.apache.ratis.server.impl.LeaderElection.waitForResults(LeaderElection.java:259)
	at org.apache.ratis.server.impl.LeaderElection.askForVotes(LeaderElection.java:197)
	at org.apache.ratis.server.impl.LeaderElection.run(LeaderElection.java:133)
	at java.lang.Thread.run(Thread.java:748)
Caused by: org.apache.ratis.thirdparty.io.grpc.StatusRuntimeException: UNAVAILABLE: io exception
	at org.apache.ratis.thirdparty.io.grpc.stub.ClientCalls.toStatusRuntimeException(ClientCalls.java:233)
	at org.apache.ratis.thirdparty.io.grpc.stub.ClientCalls.getUnchecked(ClientCalls.java:214)
	at org.apache.ratis.thirdparty.io.grpc.stub.ClientCalls.blockingUnaryCall(ClientCalls.java:139)
	at org.apache.ratis.proto.grpc.RaftServerProtocolServiceGrpc$RaftServerProtocolServiceBlockingStub.requestVote(RaftServerProtocolServiceGrpc.java:265)
	at org.apache.ratis.grpc.server.GrpcServerProtocolClient.requestVote(GrpcServerProtocolClient.java:99)
	at org.apache.ratis.grpc.server.GrpcService.requestVote(GrpcService.java:204)
	at org.apache.ratis.server.impl.LeaderElection.lambda$submitRequests$1(LeaderElection.java:234)
	at java.util.concurrent.FutureTask.run(FutureTask.java:266)
	at java.util.concurrent.Executors$RunnableAdapter.call(Executors.java:511)
	at java.util.concurrent.FutureTask.run(FutureTask.java:266)
	at java.util.concurrent.ThreadPoolExecutor.runWorker(ThreadPoolExecutor.java:1149)
	at java.util.concurrent.ThreadPoolExecutor$Worker.run(ThreadPoolExecutor.java:624)
	... 1 more
Caused by: org.apache.ratis.thirdparty.io.netty.channel.AbstractChannel$AnnotatedConnectException: Connection refused: /192.168.157.220:40337
	at sun.nio.ch.SocketChannelImpl.checkConnect(Native Method)
	at sun.nio.ch.SocketChannelImpl.finishConnect(SocketChannelImpl.java:717)
	at org.apache.ratis.thirdparty.io.netty.channel.socket.nio.NioSocketChannel.doFinishConnect(NioSocketChannel.java:327)
	at org.apache.ratis.thirdparty.io.netty.channel.nio.AbstractNioChannel$AbstractNioUnsafe.finishConnect(AbstractNioChannel.java:340)
	at org.apache.ratis.thirdparty.io.netty.channel.nio.NioEventLoop.processSelectedKey(NioEventLoop.java:632)
	at org.apache.ratis.thirdparty.io.netty.channel.nio.NioEventLoop.processSelectedKeysOptimized(NioEventLoop.java:579)
	at org.apache.ratis.thirdparty.io.netty.channel.nio.NioEventLoop.processSelectedKeys(NioEventLoop.java:496)
	at org.apache.ratis.thirdparty.io.netty.channel.nio.NioEventLoop.run(NioEventLoop.java:458)
	at org.apache.ratis.thirdparty.io.netty.util.concurrent.SingleThreadEventExecutor$5.run(SingleThreadEventExecutor.java:897)
	at org.apache.ratis.thirdparty.io.netty.util.concurrent.FastThreadLocalRunnable.run(FastThreadLocalRunnable.java:30)
	... 1 more
Caused by: java.net.ConnectException: Connection refused
	... 11 more
2019-10-30 11:53:16,578 [6ed35211-36a6-405a-b1db-549f65da443e@group-6C94BA02685B-LeaderElection500] INFO  impl.LeaderElection (LogUtils.java:infoOrTrace(149)) - 6ed35211-36a6-405a-b1db-549f65da443e@group-6C94BA02685B-LeaderElection500 got exception when requesting votes: {}
java.util.concurrent.ExecutionException: org.apache.ratis.thirdparty.io.grpc.StatusRuntimeException: UNAVAILABLE: io exception
	at java.util.concurrent.FutureTask.report(FutureTask.java:122)
	at java.util.concurrent.FutureTask.get(FutureTask.java:192)
	at org.apache.ratis.server.impl.LeaderElection.waitForResults(LeaderElection.java:259)
	at org.apache.ratis.server.impl.LeaderElection.askForVotes(LeaderElection.java:197)
	at org.apache.ratis.server.impl.LeaderElection.run(LeaderElection.java:133)
	at java.lang.Thread.run(Thread.java:748)
Caused by: org.apache.ratis.thirdparty.io.grpc.StatusRuntimeException: UNAVAILABLE: io exception
	at org.apache.ratis.thirdparty.io.grpc.stub.ClientCalls.toStatusRuntimeException(ClientCalls.java:233)
	at org.apache.ratis.thirdparty.io.grpc.stub.ClientCalls.getUnchecked(ClientCalls.java:214)
	at org.apache.ratis.thirdparty.io.grpc.stub.ClientCalls.blockingUnaryCall(ClientCalls.java:139)
	at org.apache.ratis.proto.grpc.RaftServerProtocolServiceGrpc$RaftServerProtocolServiceBlockingStub.requestVote(RaftServerProtocolServiceGrpc.java:265)
	at org.apache.ratis.grpc.server.GrpcServerProtocolClient.requestVote(GrpcServerProtocolClient.java:99)
	at org.apache.ratis.grpc.server.GrpcService.requestVote(GrpcService.java:204)
	at org.apache.ratis.server.impl.LeaderElection.lambda$submitRequests$1(LeaderElection.java:234)
	at java.util.concurrent.FutureTask.run(FutureTask.java:266)
	at java.util.concurrent.Executors$RunnableAdapter.call(Executors.java:511)
	at java.util.concurrent.FutureTask.run(FutureTask.java:266)
	at java.util.concurrent.ThreadPoolExecutor.runWorker(ThreadPoolExecutor.java:1149)
	at java.util.concurrent.ThreadPoolExecutor$Worker.run(ThreadPoolExecutor.java:624)
	... 1 more
Caused by: org.apache.ratis.thirdparty.io.netty.channel.AbstractChannel$AnnotatedConnectException: Connection refused: /192.168.157.220:36123
	at sun.nio.ch.SocketChannelImpl.checkConnect(Native Method)
	at sun.nio.ch.SocketChannelImpl.finishConnect(SocketChannelImpl.java:717)
	at org.apache.ratis.thirdparty.io.netty.channel.socket.nio.NioSocketChannel.doFinishConnect(NioSocketChannel.java:327)
	at org.apache.ratis.thirdparty.io.netty.channel.nio.AbstractNioChannel$AbstractNioUnsafe.finishConnect(AbstractNioChannel.java:340)
	at org.apache.ratis.thirdparty.io.netty.channel.nio.NioEventLoop.processSelectedKey(NioEventLoop.java:632)
	at org.apache.ratis.thirdparty.io.netty.channel.nio.NioEventLoop.processSelectedKeysOptimized(NioEventLoop.java:579)
	at org.apache.ratis.thirdparty.io.netty.channel.nio.NioEventLoop.processSelectedKeys(NioEventLoop.java:496)
	at org.apache.ratis.thirdparty.io.netty.channel.nio.NioEventLoop.run(NioEventLoop.java:458)
	at org.apache.ratis.thirdparty.io.netty.util.concurrent.SingleThreadEventExecutor$5.run(SingleThreadEventExecutor.java:897)
	at org.apache.ratis.thirdparty.io.netty.util.concurrent.FastThreadLocalRunnable.run(FastThreadLocalRunnable.java:30)
	... 1 more
Caused by: java.net.ConnectException: Connection refused
	... 11 more
2019-10-30 11:53:16,579 [6ed35211-36a6-405a-b1db-549f65da443e@group-6C94BA02685B-LeaderElection500] INFO  impl.LeaderElection (LeaderElection.java:logAndReturn(56)) - 6ed35211-36a6-405a-b1db-549f65da443e@group-6C94BA02685B-LeaderElection500: Election REJECTED; received 0 response(s) [] and 2 exception(s); 6ed35211-36a6-405a-b1db-549f65da443e@group-6C94BA02685B:t10, leader=null, voted=6ed35211-36a6-405a-b1db-549f65da443e, raftlog=6ed35211-36a6-405a-b1db-549f65da443e@group-6C94BA02685B-SegmentedRaftLog:OPENED:c21,f21,i21, conf=20: [6ed35211-36a6-405a-b1db-549f65da443e:192.168.157.220:41613, a12d6b9e-ec23-449e-8b58-135e3e67eb04:192.168.157.220:40337, 36879b23-b325-4015-ba59-8656331c6f4b:192.168.157.220:36123], old=null
2019-10-30 11:53:16,579 [6ed35211-36a6-405a-b1db-549f65da443e@group-6C94BA02685B-LeaderElection500] INFO  impl.LeaderElection (LogUtils.java:infoOrTrace(149)) -   Exception 0: {}
java.util.concurrent.ExecutionException: org.apache.ratis.thirdparty.io.grpc.StatusRuntimeException: UNAVAILABLE: io exception
	at java.util.concurrent.FutureTask.report(FutureTask.java:122)
	at java.util.concurrent.FutureTask.get(FutureTask.java:192)
	at org.apache.ratis.server.impl.LeaderElection.waitForResults(LeaderElection.java:259)
	at org.apache.ratis.server.impl.LeaderElection.askForVotes(LeaderElection.java:197)
	at org.apache.ratis.server.impl.LeaderElection.run(LeaderElection.java:133)
	at java.lang.Thread.run(Thread.java:748)
Caused by: org.apache.ratis.thirdparty.io.grpc.StatusRuntimeException: UNAVAILABLE: io exception
	at org.apache.ratis.thirdparty.io.grpc.stub.ClientCalls.toStatusRuntimeException(ClientCalls.java:233)
	at org.apache.ratis.thirdparty.io.grpc.stub.ClientCalls.getUnchecked(ClientCalls.java:214)
	at org.apache.ratis.thirdparty.io.grpc.stub.ClientCalls.blockingUnaryCall(ClientCalls.java:139)
	at org.apache.ratis.proto.grpc.RaftServerProtocolServiceGrpc$RaftServerProtocolServiceBlockingStub.requestVote(RaftServerProtocolServiceGrpc.java:265)
	at org.apache.ratis.grpc.server.GrpcServerProtocolClient.requestVote(GrpcServerProtocolClient.java:99)
	at org.apache.ratis.grpc.server.GrpcService.requestVote(GrpcService.java:204)
	at org.apache.ratis.server.impl.LeaderElection.lambda$submitRequests$1(LeaderElection.java:234)
	at java.util.concurrent.FutureTask.run(FutureTask.java:266)
	at java.util.concurrent.Executors$RunnableAdapter.call(Executors.java:511)
	at java.util.concurrent.FutureTask.run(FutureTask.java:266)
	at java.util.concurrent.ThreadPoolExecutor.runWorker(ThreadPoolExecutor.java:1149)
	at java.util.concurrent.ThreadPoolExecutor$Worker.run(ThreadPoolExecutor.java:624)
	... 1 more
Caused by: org.apache.ratis.thirdparty.io.netty.channel.AbstractChannel$AnnotatedConnectException: Connection refused: /192.168.157.220:40337
	at sun.nio.ch.SocketChannelImpl.checkConnect(Native Method)
	at sun.nio.ch.SocketChannelImpl.finishConnect(SocketChannelImpl.java:717)
	at org.apache.ratis.thirdparty.io.netty.channel.socket.nio.NioSocketChannel.doFinishConnect(NioSocketChannel.java:327)
	at org.apache.ratis.thirdparty.io.netty.channel.nio.AbstractNioChannel$AbstractNioUnsafe.finishConnect(AbstractNioChannel.java:340)
	at org.apache.ratis.thirdparty.io.netty.channel.nio.NioEventLoop.processSelectedKey(NioEventLoop.java:632)
	at org.apache.ratis.thirdparty.io.netty.channel.nio.NioEventLoop.processSelectedKeysOptimized(NioEventLoop.java:579)
	at org.apache.ratis.thirdparty.io.netty.channel.nio.NioEventLoop.processSelectedKeys(NioEventLoop.java:496)
	at org.apache.ratis.thirdparty.io.netty.channel.nio.NioEventLoop.run(NioEventLoop.java:458)
	at org.apache.ratis.thirdparty.io.netty.util.concurrent.SingleThreadEventExecutor$5.run(SingleThreadEventExecutor.java:897)
	at org.apache.ratis.thirdparty.io.netty.util.concurrent.FastThreadLocalRunnable.run(FastThreadLocalRunnable.java:30)
	... 1 more
Caused by: java.net.ConnectException: Connection refused
	... 11 more
2019-10-30 11:53:16,579 [6ed35211-36a6-405a-b1db-549f65da443e@group-6C94BA02685B-LeaderElection500] INFO  impl.LeaderElection (LogUtils.java:infoOrTrace(149)) -   Exception 1: {}
java.util.concurrent.ExecutionException: org.apache.ratis.thirdparty.io.grpc.StatusRuntimeException: UNAVAILABLE: io exception
	at java.util.concurrent.FutureTask.report(FutureTask.java:122)
	at java.util.concurrent.FutureTask.get(FutureTask.java:192)
	at org.apache.ratis.server.impl.LeaderElection.waitForResults(LeaderElection.java:259)
	at org.apache.ratis.server.impl.LeaderElection.askForVotes(LeaderElection.java:197)
	at org.apache.ratis.server.impl.LeaderElection.run(LeaderElection.java:133)
	at java.lang.Thread.run(Thread.java:748)
Caused by: org.apache.ratis.thirdparty.io.grpc.StatusRuntimeException: UNAVAILABLE: io exception
	at org.apache.ratis.thirdparty.io.grpc.stub.ClientCalls.toStatusRuntimeException(ClientCalls.java:233)
	at org.apache.ratis.thirdparty.io.grpc.stub.ClientCalls.getUnchecked(ClientCalls.java:214)
	at org.apache.ratis.thirdparty.io.grpc.stub.ClientCalls.blockingUnaryCall(ClientCalls.java:139)
	at org.apache.ratis.proto.grpc.RaftServerProtocolServiceGrpc$RaftServerProtocolServiceBlockingStub.requestVote(RaftServerProtocolServiceGrpc.java:265)
	at org.apache.ratis.grpc.server.GrpcServerProtocolClient.requestVote(GrpcServerProtocolClient.java:99)
	at org.apache.ratis.grpc.server.GrpcService.requestVote(GrpcService.java:204)
	at org.apache.ratis.server.impl.LeaderElection.lambda$submitRequests$1(LeaderElection.java:234)
	at java.util.concurrent.FutureTask.run(FutureTask.java:266)
	at java.util.concurrent.Executors$RunnableAdapter.call(Executors.java:511)
	at java.util.concurrent.FutureTask.run(FutureTask.java:266)
	at java.util.concurrent.ThreadPoolExecutor.runWorker(ThreadPoolExecutor.java:1149)
	at java.util.concurrent.ThreadPoolExecutor$Worker.run(ThreadPoolExecutor.java:624)
	... 1 more
Caused by: org.apache.ratis.thirdparty.io.netty.channel.AbstractChannel$AnnotatedConnectException: Connection refused: /192.168.157.220:36123
	at sun.nio.ch.SocketChannelImpl.checkConnect(Native Method)
	at sun.nio.ch.SocketChannelImpl.finishConnect(SocketChannelImpl.java:717)
	at org.apache.ratis.thirdparty.io.netty.channel.socket.nio.NioSocketChannel.doFinishConnect(NioSocketChannel.java:327)
	at org.apache.ratis.thirdparty.io.netty.channel.nio.AbstractNioChannel$AbstractNioUnsafe.finishConnect(AbstractNioChannel.java:340)
	at org.apache.ratis.thirdparty.io.netty.channel.nio.NioEventLoop.processSelectedKey(NioEventLoop.java:632)
	at org.apache.ratis.thirdparty.io.netty.channel.nio.NioEventLoop.processSelectedKeysOptimized(NioEventLoop.java:579)
	at org.apache.ratis.thirdparty.io.netty.channel.nio.NioEventLoop.processSelectedKeys(NioEventLoop.java:496)
	at org.apache.ratis.thirdparty.io.netty.channel.nio.NioEventLoop.run(NioEventLoop.java:458)
	at org.apache.ratis.thirdparty.io.netty.util.concurrent.SingleThreadEventExecutor$5.run(SingleThreadEventExecutor.java:897)
	at org.apache.ratis.thirdparty.io.netty.util.concurrent.FastThreadLocalRunnable.run(FastThreadLocalRunnable.java:30)
	... 1 more
Caused by: java.net.ConnectException: Connection refused
	... 11 more
2019-10-30 11:53:16,579 [6ed35211-36a6-405a-b1db-549f65da443e@group-6C94BA02685B-LeaderElection500] INFO  impl.RaftServerImpl (RaftServerImpl.java:setRole(184)) - 6ed35211-36a6-405a-b1db-549f65da443e@group-6C94BA02685B: changes role from CANDIDATE to FOLLOWER at term 10 for DISCOVERED_A_NEW_TERM
2019-10-30 11:53:16,579 [6ed35211-36a6-405a-b1db-549f65da443e@group-6C94BA02685B-LeaderElection500] INFO  impl.RoleInfo (RoleInfo.java:shutdownLeaderElection(134)) - 6ed35211-36a6-405a-b1db-549f65da443e: shutdown LeaderElection
2019-10-30 11:53:16,580 [6ed35211-36a6-405a-b1db-549f65da443e@group-6C94BA02685B-LeaderElection500] INFO  impl.RoleInfo (RoleInfo.java:updateAndGet(143)) - 6ed35211-36a6-405a-b1db-549f65da443e: start FollowerState
2019-10-30 11:53:17,515 [Thread-3579] INFO  impl.FollowerState (FollowerState.java:run(108)) - 4cc44201-a597-43af-a4ec-5b1b407a6250@group-83984122B78E-FollowerState: change to CANDIDATE, lastRpcTime:1047ms, electionTimeout:1047ms
2019-10-30 11:53:17,516 [Thread-3579] INFO  impl.RoleInfo (RoleInfo.java:shutdownFollowerState(121)) - 4cc44201-a597-43af-a4ec-5b1b407a6250: shutdown FollowerState
2019-10-30 11:53:17,517 [Thread-3579] INFO  impl.RaftServerImpl (RaftServerImpl.java:setRole(184)) - 4cc44201-a597-43af-a4ec-5b1b407a6250@group-83984122B78E: changes role from  FOLLOWER to CANDIDATE at term 252 for changeToCandidate
2019-10-30 11:53:17,517 [Thread-3579] INFO  impl.RoleInfo (RoleInfo.java:updateAndGet(143)) - 4cc44201-a597-43af-a4ec-5b1b407a6250: start LeaderElection
2019-10-30 11:53:17,534 [4cc44201-a597-43af-a4ec-5b1b407a6250@group-83984122B78E-LeaderElection501] INFO  impl.LeaderElection (LeaderElection.java:askForVotes(178)) - 4cc44201-a597-43af-a4ec-5b1b407a6250@group-83984122B78E-LeaderElection501: begin an election at term 253 for 0: [4f16e274-8663-4a15-9c4c-c81f650ab979:192.168.157.220:38181, 4cc44201-a597-43af-a4ec-5b1b407a6250:192.168.157.220:36685, f26e10ed-fb17-49e6-a903-eadc130d13d1:192.168.157.220:32806], old=null
2019-10-30 11:53:17,536 [4cc44201-a597-43af-a4ec-5b1b407a6250@group-83984122B78E-LeaderElection501] INFO  impl.LeaderElection (LogUtils.java:infoOrTrace(149)) - 4cc44201-a597-43af-a4ec-5b1b407a6250@group-83984122B78E-LeaderElection501 got exception when requesting votes: {}
java.util.concurrent.ExecutionException: org.apache.ratis.thirdparty.io.grpc.StatusRuntimeException: UNAVAILABLE: io exception
	at java.util.concurrent.FutureTask.report(FutureTask.java:122)
	at java.util.concurrent.FutureTask.get(FutureTask.java:192)
	at org.apache.ratis.server.impl.LeaderElection.waitForResults(LeaderElection.java:259)
	at org.apache.ratis.server.impl.LeaderElection.askForVotes(LeaderElection.java:197)
	at org.apache.ratis.server.impl.LeaderElection.run(LeaderElection.java:133)
	at java.lang.Thread.run(Thread.java:748)
Caused by: org.apache.ratis.thirdparty.io.grpc.StatusRuntimeException: UNAVAILABLE: io exception
	at org.apache.ratis.thirdparty.io.grpc.stub.ClientCalls.toStatusRuntimeException(ClientCalls.java:233)
	at org.apache.ratis.thirdparty.io.grpc.stub.ClientCalls.getUnchecked(ClientCalls.java:214)
	at org.apache.ratis.thirdparty.io.grpc.stub.ClientCalls.blockingUnaryCall(ClientCalls.java:139)
	at org.apache.ratis.proto.grpc.RaftServerProtocolServiceGrpc$RaftServerProtocolServiceBlockingStub.requestVote(RaftServerProtocolServiceGrpc.java:265)
	at org.apache.ratis.grpc.server.GrpcServerProtocolClient.requestVote(GrpcServerProtocolClient.java:99)
	at org.apache.ratis.grpc.server.GrpcService.requestVote(GrpcService.java:204)
	at org.apache.ratis.server.impl.LeaderElection.lambda$submitRequests$1(LeaderElection.java:234)
	at java.util.concurrent.FutureTask.run(FutureTask.java:266)
	at java.util.concurrent.Executors$RunnableAdapter.call(Executors.java:511)
	at java.util.concurrent.FutureTask.run(FutureTask.java:266)
	at java.util.concurrent.ThreadPoolExecutor.runWorker(ThreadPoolExecutor.java:1149)
	at java.util.concurrent.ThreadPoolExecutor$Worker.run(ThreadPoolExecutor.java:624)
	... 1 more
Caused by: org.apache.ratis.thirdparty.io.netty.channel.AbstractChannel$AnnotatedConnectException: Connection refused: /192.168.157.220:38181
	at sun.nio.ch.SocketChannelImpl.checkConnect(Native Method)
	at sun.nio.ch.SocketChannelImpl.finishConnect(SocketChannelImpl.java:717)
	at org.apache.ratis.thirdparty.io.netty.channel.socket.nio.NioSocketChannel.doFinishConnect(NioSocketChannel.java:327)
	at org.apache.ratis.thirdparty.io.netty.channel.nio.AbstractNioChannel$AbstractNioUnsafe.finishConnect(AbstractNioChannel.java:340)
	at org.apache.ratis.thirdparty.io.netty.channel.nio.NioEventLoop.processSelectedKey(NioEventLoop.java:632)
	at org.apache.ratis.thirdparty.io.netty.channel.nio.NioEventLoop.processSelectedKeysOptimized(NioEventLoop.java:579)
	at org.apache.ratis.thirdparty.io.netty.channel.nio.NioEventLoop.processSelectedKeys(NioEventLoop.java:496)
	at org.apache.ratis.thirdparty.io.netty.channel.nio.NioEventLoop.run(NioEventLoop.java:458)
	at org.apache.ratis.thirdparty.io.netty.util.concurrent.SingleThreadEventExecutor$5.run(SingleThreadEventExecutor.java:897)
	at org.apache.ratis.thirdparty.io.netty.util.concurrent.FastThreadLocalRunnable.run(FastThreadLocalRunnable.java:30)
	... 1 more
Caused by: java.net.ConnectException: Connection refused
	... 11 more
2019-10-30 11:53:17,536 [4cc44201-a597-43af-a4ec-5b1b407a6250@group-83984122B78E-LeaderElection501] INFO  impl.LeaderElection (LogUtils.java:infoOrTrace(149)) - 4cc44201-a597-43af-a4ec-5b1b407a6250@group-83984122B78E-LeaderElection501 got exception when requesting votes: {}
java.util.concurrent.ExecutionException: org.apache.ratis.thirdparty.io.grpc.StatusRuntimeException: UNAVAILABLE: io exception
	at java.util.concurrent.FutureTask.report(FutureTask.java:122)
	at java.util.concurrent.FutureTask.get(FutureTask.java:192)
	at org.apache.ratis.server.impl.LeaderElection.waitForResults(LeaderElection.java:259)
	at org.apache.ratis.server.impl.LeaderElection.askForVotes(LeaderElection.java:197)
	at org.apache.ratis.server.impl.LeaderElection.run(LeaderElection.java:133)
	at java.lang.Thread.run(Thread.java:748)
Caused by: org.apache.ratis.thirdparty.io.grpc.StatusRuntimeException: UNAVAILABLE: io exception
	at org.apache.ratis.thirdparty.io.grpc.stub.ClientCalls.toStatusRuntimeException(ClientCalls.java:233)
	at org.apache.ratis.thirdparty.io.grpc.stub.ClientCalls.getUnchecked(ClientCalls.java:214)
	at org.apache.ratis.thirdparty.io.grpc.stub.ClientCalls.blockingUnaryCall(ClientCalls.java:139)
	at org.apache.ratis.proto.grpc.RaftServerProtocolServiceGrpc$RaftServerProtocolServiceBlockingStub.requestVote(RaftServerProtocolServiceGrpc.java:265)
	at org.apache.ratis.grpc.server.GrpcServerProtocolClient.requestVote(GrpcServerProtocolClient.java:99)
	at org.apache.ratis.grpc.server.GrpcService.requestVote(GrpcService.java:204)
	at org.apache.ratis.server.impl.LeaderElection.lambda$submitRequests$1(LeaderElection.java:234)
	at java.util.concurrent.FutureTask.run(FutureTask.java:266)
	at java.util.concurrent.Executors$RunnableAdapter.call(Executors.java:511)
	at java.util.concurrent.FutureTask.run(FutureTask.java:266)
	at java.util.concurrent.ThreadPoolExecutor.runWorker(ThreadPoolExecutor.java:1149)
	at java.util.concurrent.ThreadPoolExecutor$Worker.run(ThreadPoolExecutor.java:624)
	... 1 more
Caused by: org.apache.ratis.thirdparty.io.netty.channel.AbstractChannel$AnnotatedConnectException: Connection refused: /192.168.157.220:32806
	at sun.nio.ch.SocketChannelImpl.checkConnect(Native Method)
	at sun.nio.ch.SocketChannelImpl.finishConnect(SocketChannelImpl.java:717)
	at org.apache.ratis.thirdparty.io.netty.channel.socket.nio.NioSocketChannel.doFinishConnect(NioSocketChannel.java:327)
	at org.apache.ratis.thirdparty.io.netty.channel.nio.AbstractNioChannel$AbstractNioUnsafe.finishConnect(AbstractNioChannel.java:340)
	at org.apache.ratis.thirdparty.io.netty.channel.nio.NioEventLoop.processSelectedKey(NioEventLoop.java:632)
	at org.apache.ratis.thirdparty.io.netty.channel.nio.NioEventLoop.processSelectedKeysOptimized(NioEventLoop.java:579)
	at org.apache.ratis.thirdparty.io.netty.channel.nio.NioEventLoop.processSelectedKeys(NioEventLoop.java:496)
	at org.apache.ratis.thirdparty.io.netty.channel.nio.NioEventLoop.run(NioEventLoop.java:458)
	at org.apache.ratis.thirdparty.io.netty.util.concurrent.SingleThreadEventExecutor$5.run(SingleThreadEventExecutor.java:897)
	at org.apache.ratis.thirdparty.io.netty.util.concurrent.FastThreadLocalRunnable.run(FastThreadLocalRunnable.java:30)
	... 1 more
Caused by: java.net.ConnectException: Connection refused
	... 11 more
2019-10-30 11:53:17,537 [4cc44201-a597-43af-a4ec-5b1b407a6250@group-83984122B78E-LeaderElection501] INFO  impl.LeaderElection (LeaderElection.java:logAndReturn(56)) - 4cc44201-a597-43af-a4ec-5b1b407a6250@group-83984122B78E-LeaderElection501: Election REJECTED; received 0 response(s) [] and 2 exception(s); 4cc44201-a597-43af-a4ec-5b1b407a6250@group-83984122B78E:t253, leader=null, voted=4cc44201-a597-43af-a4ec-5b1b407a6250, raftlog=4cc44201-a597-43af-a4ec-5b1b407a6250@group-83984122B78E-SegmentedRaftLog:OPENED:c-1,f0,i0, conf=0: [4f16e274-8663-4a15-9c4c-c81f650ab979:192.168.157.220:38181, 4cc44201-a597-43af-a4ec-5b1b407a6250:192.168.157.220:36685, f26e10ed-fb17-49e6-a903-eadc130d13d1:192.168.157.220:32806], old=null
2019-10-30 11:53:17,537 [4cc44201-a597-43af-a4ec-5b1b407a6250@group-83984122B78E-LeaderElection501] INFO  impl.LeaderElection (LogUtils.java:infoOrTrace(149)) -   Exception 0: {}
java.util.concurrent.ExecutionException: org.apache.ratis.thirdparty.io.grpc.StatusRuntimeException: UNAVAILABLE: io exception
	at java.util.concurrent.FutureTask.report(FutureTask.java:122)
	at java.util.concurrent.FutureTask.get(FutureTask.java:192)
	at org.apache.ratis.server.impl.LeaderElection.waitForResults(LeaderElection.java:259)
	at org.apache.ratis.server.impl.LeaderElection.askForVotes(LeaderElection.java:197)
	at org.apache.ratis.server.impl.LeaderElection.run(LeaderElection.java:133)
	at java.lang.Thread.run(Thread.java:748)
Caused by: org.apache.ratis.thirdparty.io.grpc.StatusRuntimeException: UNAVAILABLE: io exception
	at org.apache.ratis.thirdparty.io.grpc.stub.ClientCalls.toStatusRuntimeException(ClientCalls.java:233)
	at org.apache.ratis.thirdparty.io.grpc.stub.ClientCalls.getUnchecked(ClientCalls.java:214)
	at org.apache.ratis.thirdparty.io.grpc.stub.ClientCalls.blockingUnaryCall(ClientCalls.java:139)
	at org.apache.ratis.proto.grpc.RaftServerProtocolServiceGrpc$RaftServerProtocolServiceBlockingStub.requestVote(RaftServerProtocolServiceGrpc.java:265)
	at org.apache.ratis.grpc.server.GrpcServerProtocolClient.requestVote(GrpcServerProtocolClient.java:99)
	at org.apache.ratis.grpc.server.GrpcService.requestVote(GrpcService.java:204)
	at org.apache.ratis.server.impl.LeaderElection.lambda$submitRequests$1(LeaderElection.java:234)
	at java.util.concurrent.FutureTask.run(FutureTask.java:266)
	at java.util.concurrent.Executors$RunnableAdapter.call(Executors.java:511)
	at java.util.concurrent.FutureTask.run(FutureTask.java:266)
	at java.util.concurrent.ThreadPoolExecutor.runWorker(ThreadPoolExecutor.java:1149)
	at java.util.concurrent.ThreadPoolExecutor$Worker.run(ThreadPoolExecutor.java:624)
	... 1 more
Caused by: org.apache.ratis.thirdparty.io.netty.channel.AbstractChannel$AnnotatedConnectException: Connection refused: /192.168.157.220:38181
	at sun.nio.ch.SocketChannelImpl.checkConnect(Native Method)
	at sun.nio.ch.SocketChannelImpl.finishConnect(SocketChannelImpl.java:717)
	at org.apache.ratis.thirdparty.io.netty.channel.socket.nio.NioSocketChannel.doFinishConnect(NioSocketChannel.java:327)
	at org.apache.ratis.thirdparty.io.netty.channel.nio.AbstractNioChannel$AbstractNioUnsafe.finishConnect(AbstractNioChannel.java:340)
	at org.apache.ratis.thirdparty.io.netty.channel.nio.NioEventLoop.processSelectedKey(NioEventLoop.java:632)
	at org.apache.ratis.thirdparty.io.netty.channel.nio.NioEventLoop.processSelectedKeysOptimized(NioEventLoop.java:579)
	at org.apache.ratis.thirdparty.io.netty.channel.nio.NioEventLoop.processSelectedKeys(NioEventLoop.java:496)
	at org.apache.ratis.thirdparty.io.netty.channel.nio.NioEventLoop.run(NioEventLoop.java:458)
	at org.apache.ratis.thirdparty.io.netty.util.concurrent.SingleThreadEventExecutor$5.run(SingleThreadEventExecutor.java:897)
	at org.apache.ratis.thirdparty.io.netty.util.concurrent.FastThreadLocalRunnable.run(FastThreadLocalRunnable.java:30)
	... 1 more
Caused by: java.net.ConnectException: Connection refused
	... 11 more
2019-10-30 11:53:17,537 [4cc44201-a597-43af-a4ec-5b1b407a6250@group-83984122B78E-LeaderElection501] INFO  impl.LeaderElection (LogUtils.java:infoOrTrace(149)) -   Exception 1: {}
java.util.concurrent.ExecutionException: org.apache.ratis.thirdparty.io.grpc.StatusRuntimeException: UNAVAILABLE: io exception
	at java.util.concurrent.FutureTask.report(FutureTask.java:122)
	at java.util.concurrent.FutureTask.get(FutureTask.java:192)
	at org.apache.ratis.server.impl.LeaderElection.waitForResults(LeaderElection.java:259)
	at org.apache.ratis.server.impl.LeaderElection.askForVotes(LeaderElection.java:197)
	at org.apache.ratis.server.impl.LeaderElection.run(LeaderElection.java:133)
	at java.lang.Thread.run(Thread.java:748)
Caused by: org.apache.ratis.thirdparty.io.grpc.StatusRuntimeException: UNAVAILABLE: io exception
	at org.apache.ratis.thirdparty.io.grpc.stub.ClientCalls.toStatusRuntimeException(ClientCalls.java:233)
	at org.apache.ratis.thirdparty.io.grpc.stub.ClientCalls.getUnchecked(ClientCalls.java:214)
	at org.apache.ratis.thirdparty.io.grpc.stub.ClientCalls.blockingUnaryCall(ClientCalls.java:139)
	at org.apache.ratis.proto.grpc.RaftServerProtocolServiceGrpc$RaftServerProtocolServiceBlockingStub.requestVote(RaftServerProtocolServiceGrpc.java:265)
	at org.apache.ratis.grpc.server.GrpcServerProtocolClient.requestVote(GrpcServerProtocolClient.java:99)
	at org.apache.ratis.grpc.server.GrpcService.requestVote(GrpcService.java:204)
	at org.apache.ratis.server.impl.LeaderElection.lambda$submitRequests$1(LeaderElection.java:234)
	at java.util.concurrent.FutureTask.run(FutureTask.java:266)
	at java.util.concurrent.Executors$RunnableAdapter.call(Executors.java:511)
	at java.util.concurrent.FutureTask.run(FutureTask.java:266)
	at java.util.concurrent.ThreadPoolExecutor.runWorker(ThreadPoolExecutor.java:1149)
	at java.util.concurrent.ThreadPoolExecutor$Worker.run(ThreadPoolExecutor.java:624)
	... 1 more
Caused by: org.apache.ratis.thirdparty.io.netty.channel.AbstractChannel$AnnotatedConnectException: Connection refused: /192.168.157.220:32806
	at sun.nio.ch.SocketChannelImpl.checkConnect(Native Method)
	at sun.nio.ch.SocketChannelImpl.finishConnect(SocketChannelImpl.java:717)
	at org.apache.ratis.thirdparty.io.netty.channel.socket.nio.NioSocketChannel.doFinishConnect(NioSocketChannel.java:327)
	at org.apache.ratis.thirdparty.io.netty.channel.nio.AbstractNioChannel$AbstractNioUnsafe.finishConnect(AbstractNioChannel.java:340)
	at org.apache.ratis.thirdparty.io.netty.channel.nio.NioEventLoop.processSelectedKey(NioEventLoop.java:632)
	at org.apache.ratis.thirdparty.io.netty.channel.nio.NioEventLoop.processSelectedKeysOptimized(NioEventLoop.java:579)
	at org.apache.ratis.thirdparty.io.netty.channel.nio.NioEventLoop.processSelectedKeys(NioEventLoop.java:496)
	at org.apache.ratis.thirdparty.io.netty.channel.nio.NioEventLoop.run(NioEventLoop.java:458)
	at org.apache.ratis.thirdparty.io.netty.util.concurrent.SingleThreadEventExecutor$5.run(SingleThreadEventExecutor.java:897)
	at org.apache.ratis.thirdparty.io.netty.util.concurrent.FastThreadLocalRunnable.run(FastThreadLocalRunnable.java:30)
	... 1 more
Caused by: java.net.ConnectException: Connection refused
	... 11 more
2019-10-30 11:53:17,537 [4cc44201-a597-43af-a4ec-5b1b407a6250@group-83984122B78E-LeaderElection501] INFO  impl.RaftServerImpl (RaftServerImpl.java:setRole(184)) - 4cc44201-a597-43af-a4ec-5b1b407a6250@group-83984122B78E: changes role from CANDIDATE to FOLLOWER at term 253 for DISCOVERED_A_NEW_TERM
2019-10-30 11:53:17,537 [4cc44201-a597-43af-a4ec-5b1b407a6250@group-83984122B78E-LeaderElection501] INFO  impl.RoleInfo (RoleInfo.java:shutdownLeaderElection(134)) - 4cc44201-a597-43af-a4ec-5b1b407a6250: shutdown LeaderElection
2019-10-30 11:53:17,537 [4cc44201-a597-43af-a4ec-5b1b407a6250@group-83984122B78E-LeaderElection501] INFO  impl.RoleInfo (RoleInfo.java:updateAndGet(143)) - 4cc44201-a597-43af-a4ec-5b1b407a6250: start FollowerState
2019-10-30 11:53:17,620 [Thread-3583] INFO  impl.FollowerState (FollowerState.java:run(108)) - 6ed35211-36a6-405a-b1db-549f65da443e@group-6C94BA02685B-FollowerState: change to CANDIDATE, lastRpcTime:1040ms, electionTimeout:1040ms
2019-10-30 11:53:17,620 [Thread-3583] INFO  impl.RoleInfo (RoleInfo.java:shutdownFollowerState(121)) - 6ed35211-36a6-405a-b1db-549f65da443e: shutdown FollowerState
2019-10-30 11:53:17,620 [Thread-3583] INFO  impl.RaftServerImpl (RaftServerImpl.java:setRole(184)) - 6ed35211-36a6-405a-b1db-549f65da443e@group-6C94BA02685B: changes role from  FOLLOWER to CANDIDATE at term 10 for changeToCandidate
2019-10-30 11:53:17,620 [Thread-3583] INFO  impl.RoleInfo (RoleInfo.java:updateAndGet(143)) - 6ed35211-36a6-405a-b1db-549f65da443e: start LeaderElection
2019-10-30 11:53:17,631 [6ed35211-36a6-405a-b1db-549f65da443e@group-6C94BA02685B-LeaderElection502] INFO  impl.LeaderElection (LeaderElection.java:askForVotes(178)) - 6ed35211-36a6-405a-b1db-549f65da443e@group-6C94BA02685B-LeaderElection502: begin an election at term 11 for 20: [6ed35211-36a6-405a-b1db-549f65da443e:192.168.157.220:41613, a12d6b9e-ec23-449e-8b58-135e3e67eb04:192.168.157.220:40337, 36879b23-b325-4015-ba59-8656331c6f4b:192.168.157.220:36123], old=null
2019-10-30 11:53:17,631 [6ed35211-36a6-405a-b1db-549f65da443e@group-6C94BA02685B-LeaderElection502] INFO  impl.LeaderElection (LogUtils.java:infoOrTrace(149)) - 6ed35211-36a6-405a-b1db-549f65da443e@group-6C94BA02685B-LeaderElection502 got exception when requesting votes: {}
java.util.concurrent.ExecutionException: org.apache.ratis.thirdparty.io.grpc.StatusRuntimeException: UNAVAILABLE: io exception
	at java.util.concurrent.FutureTask.report(FutureTask.java:122)
	at java.util.concurrent.FutureTask.get(FutureTask.java:192)
	at org.apache.ratis.server.impl.LeaderElection.waitForResults(LeaderElection.java:259)
	at org.apache.ratis.server.impl.LeaderElection.askForVotes(LeaderElection.java:197)
	at org.apache.ratis.server.impl.LeaderElection.run(LeaderElection.java:133)
	at java.lang.Thread.run(Thread.java:748)
Caused by: org.apache.ratis.thirdparty.io.grpc.StatusRuntimeException: UNAVAILABLE: io exception
	at org.apache.ratis.thirdparty.io.grpc.stub.ClientCalls.toStatusRuntimeException(ClientCalls.java:233)
	at org.apache.ratis.thirdparty.io.grpc.stub.ClientCalls.getUnchecked(ClientCalls.java:214)
	at org.apache.ratis.thirdparty.io.grpc.stub.ClientCalls.blockingUnaryCall(ClientCalls.java:139)
	at org.apache.ratis.proto.grpc.RaftServerProtocolServiceGrpc$RaftServerProtocolServiceBlockingStub.requestVote(RaftServerProtocolServiceGrpc.java:265)
	at org.apache.ratis.grpc.server.GrpcServerProtocolClient.requestVote(GrpcServerProtocolClient.java:99)
	at org.apache.ratis.grpc.server.GrpcService.requestVote(GrpcService.java:204)
	at org.apache.ratis.server.impl.LeaderElection.lambda$submitRequests$1(LeaderElection.java:234)
	at java.util.concurrent.FutureTask.run(FutureTask.java:266)
	at java.util.concurrent.Executors$RunnableAdapter.call(Executors.java:511)
	at java.util.concurrent.FutureTask.run(FutureTask.java:266)
	at java.util.concurrent.ThreadPoolExecutor.runWorker(ThreadPoolExecutor.java:1149)
	at java.util.concurrent.ThreadPoolExecutor$Worker.run(ThreadPoolExecutor.java:624)
	... 1 more
Caused by: org.apache.ratis.thirdparty.io.netty.channel.AbstractChannel$AnnotatedConnectException: Connection refused: /192.168.157.220:36123
	at sun.nio.ch.SocketChannelImpl.checkConnect(Native Method)
	at sun.nio.ch.SocketChannelImpl.finishConnect(SocketChannelImpl.java:717)
	at org.apache.ratis.thirdparty.io.netty.channel.socket.nio.NioSocketChannel.doFinishConnect(NioSocketChannel.java:327)
	at org.apache.ratis.thirdparty.io.netty.channel.nio.AbstractNioChannel$AbstractNioUnsafe.finishConnect(AbstractNioChannel.java:340)
	at org.apache.ratis.thirdparty.io.netty.channel.nio.NioEventLoop.processSelectedKey(NioEventLoop.java:632)
	at org.apache.ratis.thirdparty.io.netty.channel.nio.NioEventLoop.processSelectedKeysOptimized(NioEventLoop.java:579)
	at org.apache.ratis.thirdparty.io.netty.channel.nio.NioEventLoop.processSelectedKeys(NioEventLoop.java:496)
	at org.apache.ratis.thirdparty.io.netty.channel.nio.NioEventLoop.run(NioEventLoop.java:458)
	at org.apache.ratis.thirdparty.io.netty.util.concurrent.SingleThreadEventExecutor$5.run(SingleThreadEventExecutor.java:897)
	at org.apache.ratis.thirdparty.io.netty.util.concurrent.FastThreadLocalRunnable.run(FastThreadLocalRunnable.java:30)
	... 1 more
Caused by: java.net.ConnectException: Connection refused
	... 11 more
2019-10-30 11:53:17,632 [6ed35211-36a6-405a-b1db-549f65da443e@group-6C94BA02685B-LeaderElection502] INFO  impl.LeaderElection (LogUtils.java:infoOrTrace(149)) - 6ed35211-36a6-405a-b1db-549f65da443e@group-6C94BA02685B-LeaderElection502 got exception when requesting votes: {}
java.util.concurrent.ExecutionException: org.apache.ratis.thirdparty.io.grpc.StatusRuntimeException: UNAVAILABLE: io exception
	at java.util.concurrent.FutureTask.report(FutureTask.java:122)
	at java.util.concurrent.FutureTask.get(FutureTask.java:192)
	at org.apache.ratis.server.impl.LeaderElection.waitForResults(LeaderElection.java:259)
	at org.apache.ratis.server.impl.LeaderElection.askForVotes(LeaderElection.java:197)
	at org.apache.ratis.server.impl.LeaderElection.run(LeaderElection.java:133)
	at java.lang.Thread.run(Thread.java:748)
Caused by: org.apache.ratis.thirdparty.io.grpc.StatusRuntimeException: UNAVAILABLE: io exception
	at org.apache.ratis.thirdparty.io.grpc.stub.ClientCalls.toStatusRuntimeException(ClientCalls.java:233)
	at org.apache.ratis.thirdparty.io.grpc.stub.ClientCalls.getUnchecked(ClientCalls.java:214)
	at org.apache.ratis.thirdparty.io.grpc.stub.ClientCalls.blockingUnaryCall(ClientCalls.java:139)
	at org.apache.ratis.proto.grpc.RaftServerProtocolServiceGrpc$RaftServerProtocolServiceBlockingStub.requestVote(RaftServerProtocolServiceGrpc.java:265)
	at org.apache.ratis.grpc.server.GrpcServerProtocolClient.requestVote(GrpcServerProtocolClient.java:99)
	at org.apache.ratis.grpc.server.GrpcService.requestVote(GrpcService.java:204)
	at org.apache.ratis.server.impl.LeaderElection.lambda$submitRequests$1(LeaderElection.java:234)
	at java.util.concurrent.FutureTask.run(FutureTask.java:266)
	at java.util.concurrent.Executors$RunnableAdapter.call(Executors.java:511)
	at java.util.concurrent.FutureTask.run(FutureTask.java:266)
	at java.util.concurrent.ThreadPoolExecutor.runWorker(ThreadPoolExecutor.java:1149)
	at java.util.concurrent.ThreadPoolExecutor$Worker.run(ThreadPoolExecutor.java:624)
	... 1 more
Caused by: org.apache.ratis.thirdparty.io.netty.channel.AbstractChannel$AnnotatedConnectException: Connection refused: /192.168.157.220:40337
	at sun.nio.ch.SocketChannelImpl.checkConnect(Native Method)
	at sun.nio.ch.SocketChannelImpl.finishConnect(SocketChannelImpl.java:717)
	at org.apache.ratis.thirdparty.io.netty.channel.socket.nio.NioSocketChannel.doFinishConnect(NioSocketChannel.java:327)
	at org.apache.ratis.thirdparty.io.netty.channel.nio.AbstractNioChannel$AbstractNioUnsafe.finishConnect(AbstractNioChannel.java:340)
	at org.apache.ratis.thirdparty.io.netty.channel.nio.NioEventLoop.processSelectedKey(NioEventLoop.java:632)
	at org.apache.ratis.thirdparty.io.netty.channel.nio.NioEventLoop.processSelectedKeysOptimized(NioEventLoop.java:579)
	at org.apache.ratis.thirdparty.io.netty.channel.nio.NioEventLoop.processSelectedKeys(NioEventLoop.java:496)
	at org.apache.ratis.thirdparty.io.netty.channel.nio.NioEventLoop.run(NioEventLoop.java:458)
	at org.apache.ratis.thirdparty.io.netty.util.concurrent.SingleThreadEventExecutor$5.run(SingleThreadEventExecutor.java:897)
	at org.apache.ratis.thirdparty.io.netty.util.concurrent.FastThreadLocalRunnable.run(FastThreadLocalRunnable.java:30)
	... 1 more
Caused by: java.net.ConnectException: Connection refused
	... 11 more
2019-10-30 11:53:17,632 [6ed35211-36a6-405a-b1db-549f65da443e@group-6C94BA02685B-LeaderElection502] INFO  impl.LeaderElection (LeaderElection.java:logAndReturn(56)) - 6ed35211-36a6-405a-b1db-549f65da443e@group-6C94BA02685B-LeaderElection502: Election REJECTED; received 0 response(s) [] and 2 exception(s); 6ed35211-36a6-405a-b1db-549f65da443e@group-6C94BA02685B:t11, leader=null, voted=6ed35211-36a6-405a-b1db-549f65da443e, raftlog=6ed35211-36a6-405a-b1db-549f65da443e@group-6C94BA02685B-SegmentedRaftLog:OPENED:c21,f21,i21, conf=20: [6ed35211-36a6-405a-b1db-549f65da443e:192.168.157.220:41613, a12d6b9e-ec23-449e-8b58-135e3e67eb04:192.168.157.220:40337, 36879b23-b325-4015-ba59-8656331c6f4b:192.168.157.220:36123], old=null
2019-10-30 11:53:17,633 [6ed35211-36a6-405a-b1db-549f65da443e@group-6C94BA02685B-LeaderElection502] INFO  impl.LeaderElection (LogUtils.java:infoOrTrace(149)) -   Exception 0: {}
java.util.concurrent.ExecutionException: org.apache.ratis.thirdparty.io.grpc.StatusRuntimeException: UNAVAILABLE: io exception
	at java.util.concurrent.FutureTask.report(FutureTask.java:122)
	at java.util.concurrent.FutureTask.get(FutureTask.java:192)
	at org.apache.ratis.server.impl.LeaderElection.waitForResults(LeaderElection.java:259)
	at org.apache.ratis.server.impl.LeaderElection.askForVotes(LeaderElection.java:197)
	at org.apache.ratis.server.impl.LeaderElection.run(LeaderElection.java:133)
	at java.lang.Thread.run(Thread.java:748)
Caused by: org.apache.ratis.thirdparty.io.grpc.StatusRuntimeException: UNAVAILABLE: io exception
	at org.apache.ratis.thirdparty.io.grpc.stub.ClientCalls.toStatusRuntimeException(ClientCalls.java:233)
	at org.apache.ratis.thirdparty.io.grpc.stub.ClientCalls.getUnchecked(ClientCalls.java:214)
	at org.apache.ratis.thirdparty.io.grpc.stub.ClientCalls.blockingUnaryCall(ClientCalls.java:139)
	at org.apache.ratis.proto.grpc.RaftServerProtocolServiceGrpc$RaftServerProtocolServiceBlockingStub.requestVote(RaftServerProtocolServiceGrpc.java:265)
	at org.apache.ratis.grpc.server.GrpcServerProtocolClient.requestVote(GrpcServerProtocolClient.java:99)
	at org.apache.ratis.grpc.server.GrpcService.requestVote(GrpcService.java:204)
	at org.apache.ratis.server.impl.LeaderElection.lambda$submitRequests$1(LeaderElection.java:234)
	at java.util.concurrent.FutureTask.run(FutureTask.java:266)
	at java.util.concurrent.Executors$RunnableAdapter.call(Executors.java:511)
	at java.util.concurrent.FutureTask.run(FutureTask.java:266)
	at java.util.concurrent.ThreadPoolExecutor.runWorker(ThreadPoolExecutor.java:1149)
	at java.util.concurrent.ThreadPoolExecutor$Worker.run(ThreadPoolExecutor.java:624)
	... 1 more
Caused by: org.apache.ratis.thirdparty.io.netty.channel.AbstractChannel$AnnotatedConnectException: Connection refused: /192.168.157.220:36123
	at sun.nio.ch.SocketChannelImpl.checkConnect(Native Method)
	at sun.nio.ch.SocketChannelImpl.finishConnect(SocketChannelImpl.java:717)
	at org.apache.ratis.thirdparty.io.netty.channel.socket.nio.NioSocketChannel.doFinishConnect(NioSocketChannel.java:327)
	at org.apache.ratis.thirdparty.io.netty.channel.nio.AbstractNioChannel$AbstractNioUnsafe.finishConnect(AbstractNioChannel.java:340)
	at org.apache.ratis.thirdparty.io.netty.channel.nio.NioEventLoop.processSelectedKey(NioEventLoop.java:632)
	at org.apache.ratis.thirdparty.io.netty.channel.nio.NioEventLoop.processSelectedKeysOptimized(NioEventLoop.java:579)
	at org.apache.ratis.thirdparty.io.netty.channel.nio.NioEventLoop.processSelectedKeys(NioEventLoop.java:496)
	at org.apache.ratis.thirdparty.io.netty.channel.nio.NioEventLoop.run(NioEventLoop.java:458)
	at org.apache.ratis.thirdparty.io.netty.util.concurrent.SingleThreadEventExecutor$5.run(SingleThreadEventExecutor.java:897)
	at org.apache.ratis.thirdparty.io.netty.util.concurrent.FastThreadLocalRunnable.run(FastThreadLocalRunnable.java:30)
	... 1 more
Caused by: java.net.ConnectException: Connection refused
	... 11 more
2019-10-30 11:53:17,633 [6ed35211-36a6-405a-b1db-549f65da443e@group-6C94BA02685B-LeaderElection502] INFO  impl.LeaderElection (LogUtils.java:infoOrTrace(149)) -   Exception 1: {}
java.util.concurrent.ExecutionException: org.apache.ratis.thirdparty.io.grpc.StatusRuntimeException: UNAVAILABLE: io exception
	at java.util.concurrent.FutureTask.report(FutureTask.java:122)
	at java.util.concurrent.FutureTask.get(FutureTask.java:192)
	at org.apache.ratis.server.impl.LeaderElection.waitForResults(LeaderElection.java:259)
	at org.apache.ratis.server.impl.LeaderElection.askForVotes(LeaderElection.java:197)
	at org.apache.ratis.server.impl.LeaderElection.run(LeaderElection.java:133)
	at java.lang.Thread.run(Thread.java:748)
Caused by: org.apache.ratis.thirdparty.io.grpc.StatusRuntimeException: UNAVAILABLE: io exception
	at org.apache.ratis.thirdparty.io.grpc.stub.ClientCalls.toStatusRuntimeException(ClientCalls.java:233)
	at org.apache.ratis.thirdparty.io.grpc.stub.ClientCalls.getUnchecked(ClientCalls.java:214)
	at org.apache.ratis.thirdparty.io.grpc.stub.ClientCalls.blockingUnaryCall(ClientCalls.java:139)
	at org.apache.ratis.proto.grpc.RaftServerProtocolServiceGrpc$RaftServerProtocolServiceBlockingStub.requestVote(RaftServerProtocolServiceGrpc.java:265)
	at org.apache.ratis.grpc.server.GrpcServerProtocolClient.requestVote(GrpcServerProtocolClient.java:99)
	at org.apache.ratis.grpc.server.GrpcService.requestVote(GrpcService.java:204)
	at org.apache.ratis.server.impl.LeaderElection.lambda$submitRequests$1(LeaderElection.java:234)
	at java.util.concurrent.FutureTask.run(FutureTask.java:266)
	at java.util.concurrent.Executors$RunnableAdapter.call(Executors.java:511)
	at java.util.concurrent.FutureTask.run(FutureTask.java:266)
	at java.util.concurrent.ThreadPoolExecutor.runWorker(ThreadPoolExecutor.java:1149)
	at java.util.concurrent.ThreadPoolExecutor$Worker.run(ThreadPoolExecutor.java:624)
	... 1 more
Caused by: org.apache.ratis.thirdparty.io.netty.channel.AbstractChannel$AnnotatedConnectException: Connection refused: /192.168.157.220:40337
	at sun.nio.ch.SocketChannelImpl.checkConnect(Native Method)
	at sun.nio.ch.SocketChannelImpl.finishConnect(SocketChannelImpl.java:717)
	at org.apache.ratis.thirdparty.io.netty.channel.socket.nio.NioSocketChannel.doFinishConnect(NioSocketChannel.java:327)
	at org.apache.ratis.thirdparty.io.netty.channel.nio.AbstractNioChannel$AbstractNioUnsafe.finishConnect(AbstractNioChannel.java:340)
	at org.apache.ratis.thirdparty.io.netty.channel.nio.NioEventLoop.processSelectedKey(NioEventLoop.java:632)
	at org.apache.ratis.thirdparty.io.netty.channel.nio.NioEventLoop.processSelectedKeysOptimized(NioEventLoop.java:579)
	at org.apache.ratis.thirdparty.io.netty.channel.nio.NioEventLoop.processSelectedKeys(NioEventLoop.java:496)
	at org.apache.ratis.thirdparty.io.netty.channel.nio.NioEventLoop.run(NioEventLoop.java:458)
	at org.apache.ratis.thirdparty.io.netty.util.concurrent.SingleThreadEventExecutor$5.run(SingleThreadEventExecutor.java:897)
	at org.apache.ratis.thirdparty.io.netty.util.concurrent.FastThreadLocalRunnable.run(FastThreadLocalRunnable.java:30)
	... 1 more
Caused by: java.net.ConnectException: Connection refused
	... 11 more
2019-10-30 11:53:17,633 [6ed35211-36a6-405a-b1db-549f65da443e@group-6C94BA02685B-LeaderElection502] INFO  impl.RaftServerImpl (RaftServerImpl.java:setRole(184)) - 6ed35211-36a6-405a-b1db-549f65da443e@group-6C94BA02685B: changes role from CANDIDATE to FOLLOWER at term 11 for DISCOVERED_A_NEW_TERM
2019-10-30 11:53:17,633 [6ed35211-36a6-405a-b1db-549f65da443e@group-6C94BA02685B-LeaderElection502] INFO  impl.RoleInfo (RoleInfo.java:shutdownLeaderElection(134)) - 6ed35211-36a6-405a-b1db-549f65da443e: shutdown LeaderElection
2019-10-30 11:53:17,634 [6ed35211-36a6-405a-b1db-549f65da443e@group-6C94BA02685B-LeaderElection502] INFO  impl.RoleInfo (RoleInfo.java:updateAndGet(143)) - 6ed35211-36a6-405a-b1db-549f65da443e: start FollowerState
2019-10-30 11:53:18,371 [ForkJoinPool.commonPool-worker-0] INFO  ozoneimpl.OzoneContainer (OzoneContainer.java:stop(227)) - Attempting to stop container services.
2019-10-30 11:53:18,371 [ForkJoinPool.commonPool-worker-0] INFO  impl.RaftServerProxy (RaftServerProxy.java:lambda$close$4(314)) - 6ed35211-36a6-405a-b1db-549f65da443e: close
2019-10-30 11:53:18,372 [ForkJoinPool.commonPool-worker-0] INFO  impl.RaftServerImpl (RaftServerImpl.java:lambda$shutdown$3(261)) - 6ed35211-36a6-405a-b1db-549f65da443e@group-57B25F63BB04: shutdown
2019-10-30 11:53:18,372 [ForkJoinPool.commonPool-worker-0] INFO  util.JmxRegister (JmxRegister.java:unregister(73)) - Successfully un-registered JMX Bean with object name Ratis:service=RaftServer,group=group-57B25F63BB04,id=6ed35211-36a6-405a-b1db-549f65da443e
2019-10-30 11:53:18,372 [ForkJoinPool.commonPool-worker-0] INFO  impl.RoleInfo (RoleInfo.java:shutdownLeaderState(104)) - 6ed35211-36a6-405a-b1db-549f65da443e: shutdown LeaderState
2019-10-30 11:53:18,372 [ForkJoinPool.commonPool-worker-0] INFO  impl.PendingRequests (PendingRequests.java:sendNotLeaderResponses(202)) - 6ed35211-36a6-405a-b1db-549f65da443e@group-57B25F63BB04-PendingRequests: sendNotLeaderResponses
2019-10-30 11:53:18,373 [ForkJoinPool.commonPool-worker-0] INFO  impl.StateMachineUpdater (StateMachineUpdater.java:stopAndJoin(136)) - 6ed35211-36a6-405a-b1db-549f65da443e@group-57B25F63BB04-StateMachineUpdater: set stopIndex = 0
2019-10-30 11:53:18,373 [ForkJoinPool.commonPool-worker-0] INFO  impl.RaftServerImpl (ServerState.java:close(388)) - 6ed35211-36a6-405a-b1db-549f65da443e@group-57B25F63BB04: closes. applyIndex: 0
2019-10-30 11:53:18,374 [6ed35211-36a6-405a-b1db-549f65da443e@group-57B25F63BB04-SegmentedRaftLogWorker] INFO  segmented.SegmentedRaftLogWorker (SegmentedRaftLogWorker.java:run(316)) - 6ed35211-36a6-405a-b1db-549f65da443e@group-57B25F63BB04-SegmentedRaftLogWorker was interrupted, exiting. There are 0 tasks remaining in the queue.
2019-10-30 11:53:18,374 [ForkJoinPool.commonPool-worker-0] INFO  segmented.SegmentedRaftLogWorker (SegmentedRaftLogWorker.java:close(224)) - 6ed35211-36a6-405a-b1db-549f65da443e@group-57B25F63BB04-SegmentedRaftLogWorker close()
2019-10-30 11:53:18,376 [ForkJoinPool.commonPool-worker-0] INFO  impl.RaftServerImpl (RaftServerImpl.java:lambda$shutdown$3(261)) - 6ed35211-36a6-405a-b1db-549f65da443e@group-6C94BA02685B: shutdown
2019-10-30 11:53:18,376 [ForkJoinPool.commonPool-worker-0] INFO  util.JmxRegister (JmxRegister.java:unregister(73)) - Successfully un-registered JMX Bean with object name Ratis:service=RaftServer,group=group-6C94BA02685B,id=6ed35211-36a6-405a-b1db-549f65da443e
2019-10-30 11:53:18,376 [ForkJoinPool.commonPool-worker-0] INFO  impl.RoleInfo (RoleInfo.java:shutdownFollowerState(121)) - 6ed35211-36a6-405a-b1db-549f65da443e: shutdown FollowerState
2019-10-30 11:53:18,376 [ForkJoinPool.commonPool-worker-0] INFO  impl.StateMachineUpdater (StateMachineUpdater.java:stopAndJoin(136)) - 6ed35211-36a6-405a-b1db-549f65da443e@group-6C94BA02685B-StateMachineUpdater: set stopIndex = 21
2019-10-30 11:53:18,376 [Thread-3591] INFO  impl.FollowerState (FollowerState.java:run(117)) - 6ed35211-36a6-405a-b1db-549f65da443e@group-6C94BA02685B-FollowerState was interrupted: java.lang.InterruptedException: sleep interrupted
2019-10-30 11:53:18,376 [6ed35211-36a6-405a-b1db-549f65da443e@group-6C94BA02685B-StateMachineUpdater] INFO  ratis.ContainerStateMachine (ContainerStateMachine.java:takeSnapshot(294)) - group-6C94BA02685B: Taking a snapshot at:(t:2, i:17) file /workdir/hadoop-ozone/integration-test/target/test-dir/MiniOzoneClusterImpl-aaf233b5-8021-4449-9df2-227d87d78376/datanode-1/data/ratis/c2bfa153-54fb-4653-be57-6c94ba02685b/sm/snapshot.2_17
2019-10-30 11:53:18,391 [6ed35211-36a6-405a-b1db-549f65da443e@group-6C94BA02685B-StateMachineUpdater] INFO  ratis.ContainerStateMachine (ContainerStateMachine.java:takeSnapshot(305)) - group-6C94BA02685B: Finished taking a snapshot at:(t:2, i:17) file:/workdir/hadoop-ozone/integration-test/target/test-dir/MiniOzoneClusterImpl-aaf233b5-8021-4449-9df2-227d87d78376/datanode-1/data/ratis/c2bfa153-54fb-4653-be57-6c94ba02685b/sm/snapshot.2_17 time:14
2019-10-30 11:53:18,391 [6ed35211-36a6-405a-b1db-549f65da443e@group-6C94BA02685B-StateMachineUpdater] INFO  impl.StateMachineUpdater (StateMachineUpdater.java:takeSnapshot(269)) - 6ed35211-36a6-405a-b1db-549f65da443e@group-6C94BA02685B-StateMachineUpdater: Took a snapshot at index 17
2019-10-30 11:53:18,391 [6ed35211-36a6-405a-b1db-549f65da443e@group-6C94BA02685B-StateMachineUpdater] INFO  impl.StateMachineUpdater (StateMachineUpdater.java:lambda$new$0(84)) - 6ed35211-36a6-405a-b1db-549f65da443e@group-6C94BA02685B-StateMachineUpdater: snapshotIndex: updateIncreasingly -1 -> 17
2019-10-30 11:53:18,392 [6ed35211-36a6-405a-b1db-549f65da443e@group-6C94BA02685B-StateMachineUpdater] INFO  ratis.ContainerStateMachine (ContainerStateMachine.java:takeSnapshot(294)) - group-6C94BA02685B: Taking a snapshot at:(t:2, i:17) file /workdir/hadoop-ozone/integration-test/target/test-dir/MiniOzoneClusterImpl-aaf233b5-8021-4449-9df2-227d87d78376/datanode-1/data/ratis/c2bfa153-54fb-4653-be57-6c94ba02685b/sm/snapshot.2_17
2019-10-30 11:53:18,404 [6ed35211-36a6-405a-b1db-549f65da443e@group-6C94BA02685B-StateMachineUpdater] INFO  ratis.ContainerStateMachine (ContainerStateMachine.java:takeSnapshot(305)) - group-6C94BA02685B: Finished taking a snapshot at:(t:2, i:17) file:/workdir/hadoop-ozone/integration-test/target/test-dir/MiniOzoneClusterImpl-aaf233b5-8021-4449-9df2-227d87d78376/datanode-1/data/ratis/c2bfa153-54fb-4653-be57-6c94ba02685b/sm/snapshot.2_17 time:12
2019-10-30 11:53:18,404 [6ed35211-36a6-405a-b1db-549f65da443e@group-6C94BA02685B-StateMachineUpdater] INFO  impl.StateMachineUpdater (StateMachineUpdater.java:takeSnapshot(269)) - 6ed35211-36a6-405a-b1db-549f65da443e@group-6C94BA02685B-StateMachineUpdater: Took a snapshot at index 17
2019-10-30 11:53:18,404 [6ed35211-36a6-405a-b1db-549f65da443e@group-6C94BA02685B-StateMachineUpdater] INFO  impl.StateMachineUpdater (StateMachineUpdater.java:lambda$new$0(84)) - 6ed35211-36a6-405a-b1db-549f65da443e@group-6C94BA02685B-StateMachineUpdater: snapshotIndex: updateIncreasingly 17 -> 17
2019-10-30 11:53:18,404 [ForkJoinPool.commonPool-worker-0] INFO  impl.RaftServerImpl (ServerState.java:close(388)) - 6ed35211-36a6-405a-b1db-549f65da443e@group-6C94BA02685B: closes. applyIndex: 21
2019-10-30 11:53:18,405 [6ed35211-36a6-405a-b1db-549f65da443e@group-6C94BA02685B-SegmentedRaftLogWorker] INFO  segmented.SegmentedRaftLogWorker (SegmentedRaftLogWorker.java:run(316)) - 6ed35211-36a6-405a-b1db-549f65da443e@group-6C94BA02685B-SegmentedRaftLogWorker was interrupted, exiting. There are 0 tasks remaining in the queue.
2019-10-30 11:53:18,405 [ForkJoinPool.commonPool-worker-0] INFO  segmented.SegmentedRaftLogWorker (SegmentedRaftLogWorker.java:close(224)) - 6ed35211-36a6-405a-b1db-549f65da443e@group-6C94BA02685B-SegmentedRaftLogWorker close()
2019-10-30 11:53:18,407 [ForkJoinPool.commonPool-worker-0] INFO  server.GrpcService (GrpcService.java:closeImpl(164)) - 6ed35211-36a6-405a-b1db-549f65da443e: shutdown server with port 41613 now
2019-10-30 11:53:18,415 [ForkJoinPool.commonPool-worker-0] INFO  server.GrpcService (GrpcService.java:closeImpl(172)) - 6ed35211-36a6-405a-b1db-549f65da443e: shutdown server with port 41613 successfully
2019-10-30 11:53:18,419 [refreshUsed-/workdir/hadoop-ozone/integration-test/target/test-dir/MiniOzoneClusterImpl-aaf233b5-8021-4449-9df2-227d87d78376/datanode-1/data/containers] WARN  fs.CachingGetSpaceUsed (CachingGetSpaceUsed.java:run(183)) - Thread Interrupted waiting to refresh disk information: sleep interrupted
2019-10-30 11:53:18,438 [ForkJoinPool.commonPool-worker-0] INFO  utils.BackgroundService (BackgroundService.java:shutdown(151)) - Shutting down service BlockDeletingService
2019-10-30 11:53:18,444 [ForkJoinPool.commonPool-worker-0] INFO  statemachine.DatanodeStateMachine (DatanodeStateMachine.java:stopDaemon(395)) - Ozone container server stopped.
2019-10-30 11:53:18,447 [ForkJoinPool.commonPool-worker-0] INFO  handler.ContextHandler (ContextHandler.java:doStop(910)) - Stopped o.e.j.w.WebAppContext@17f2dd85{/,null,UNAVAILABLE}{/hddsDatanode}
2019-10-30 11:53:18,447 [ForkJoinPool.commonPool-worker-0] INFO  server.AbstractConnector (AbstractConnector.java:doStop(318)) - Stopped ServerConnector@1e58512c{HTTP/1.1,[http/1.1]}{0.0.0.0:0}
2019-10-30 11:53:18,454 [ForkJoinPool.commonPool-worker-0] INFO  handler.ContextHandler (ContextHandler.java:doStop(910)) - Stopped o.e.j.s.ServletContextHandler@65bdd558{/static,jar:file:/home/user/.m2/repository/org/apache/hadoop/hadoop-hdds-container-service/0.5.0-SNAPSHOT/hadoop-hdds-container-service-0.5.0-SNAPSHOT.jar!/webapps/static,UNAVAILABLE}
2019-10-30 11:53:18,462 [ForkJoinPool.commonPool-worker-0] INFO  handler.ContextHandler (ContextHandler.java:doStop(910)) - Stopped o.e.j.s.ServletContextHandler@fab35b1{/logs,file:///workdir/hadoop-ozone/integration-test/target/log,UNAVAILABLE}
2019-10-30 11:53:18,462 [main] INFO  ozoneimpl.OzoneContainer (OzoneContainer.java:stop(227)) - Attempting to stop container services.
2019-10-30 11:53:18,463 [main] INFO  impl.RaftServerProxy (RaftServerProxy.java:lambda$close$4(314)) - 4cc44201-a597-43af-a4ec-5b1b407a6250: close
2019-10-30 11:53:18,463 [ForkJoinPool.commonPool-worker-0] INFO  impl.RaftServerImpl (RaftServerImpl.java:lambda$shutdown$3(261)) - 4cc44201-a597-43af-a4ec-5b1b407a6250@group-5A46F1C3153D: shutdown
2019-10-30 11:53:18,464 [ForkJoinPool.commonPool-worker-0] INFO  util.JmxRegister (JmxRegister.java:unregister(73)) - Successfully un-registered JMX Bean with object name Ratis:service=RaftServer,group=group-5A46F1C3153D,id=4cc44201-a597-43af-a4ec-5b1b407a6250
2019-10-30 11:53:18,464 [ForkJoinPool.commonPool-worker-0] INFO  impl.RoleInfo (RoleInfo.java:shutdownLeaderState(104)) - 4cc44201-a597-43af-a4ec-5b1b407a6250: shutdown LeaderState
2019-10-30 11:53:18,464 [ForkJoinPool.commonPool-worker-0] INFO  impl.PendingRequests (PendingRequests.java:sendNotLeaderResponses(202)) - 4cc44201-a597-43af-a4ec-5b1b407a6250@group-5A46F1C3153D-PendingRequests: sendNotLeaderResponses
2019-10-30 11:53:18,464 [ForkJoinPool.commonPool-worker-0] INFO  impl.StateMachineUpdater (StateMachineUpdater.java:stopAndJoin(136)) - 4cc44201-a597-43af-a4ec-5b1b407a6250@group-5A46F1C3153D-StateMachineUpdater: set stopIndex = 0
2019-10-30 11:53:18,464 [ForkJoinPool.commonPool-worker-0] INFO  impl.RaftServerImpl (ServerState.java:close(388)) - 4cc44201-a597-43af-a4ec-5b1b407a6250@group-5A46F1C3153D: closes. applyIndex: 0
2019-10-30 11:53:18,465 [4cc44201-a597-43af-a4ec-5b1b407a6250@group-5A46F1C3153D-SegmentedRaftLogWorker] INFO  segmented.SegmentedRaftLogWorker (SegmentedRaftLogWorker.java:run(316)) - 4cc44201-a597-43af-a4ec-5b1b407a6250@group-5A46F1C3153D-SegmentedRaftLogWorker was interrupted, exiting. There are 0 tasks remaining in the queue.
2019-10-30 11:53:18,465 [ForkJoinPool.commonPool-worker-0] INFO  segmented.SegmentedRaftLogWorker (SegmentedRaftLogWorker.java:close(224)) - 4cc44201-a597-43af-a4ec-5b1b407a6250@group-5A46F1C3153D-SegmentedRaftLogWorker close()
2019-10-30 11:53:18,466 [ForkJoinPool.commonPool-worker-0] INFO  impl.RaftServerImpl (RaftServerImpl.java:lambda$shutdown$3(261)) - 4cc44201-a597-43af-a4ec-5b1b407a6250@group-83984122B78E: shutdown
2019-10-30 11:53:18,466 [ForkJoinPool.commonPool-worker-0] INFO  util.JmxRegister (JmxRegister.java:unregister(73)) - Successfully un-registered JMX Bean with object name Ratis:service=RaftServer,group=group-83984122B78E,id=4cc44201-a597-43af-a4ec-5b1b407a6250
2019-10-30 11:53:18,466 [ForkJoinPool.commonPool-worker-0] INFO  impl.RoleInfo (RoleInfo.java:shutdownFollowerState(121)) - 4cc44201-a597-43af-a4ec-5b1b407a6250: shutdown FollowerState
2019-10-30 11:53:18,466 [ForkJoinPool.commonPool-worker-0] INFO  impl.StateMachineUpdater (StateMachineUpdater.java:stopAndJoin(136)) - 4cc44201-a597-43af-a4ec-5b1b407a6250@group-83984122B78E-StateMachineUpdater: set stopIndex = -1
2019-10-30 11:53:18,466 [Thread-3587] INFO  impl.FollowerState (FollowerState.java:run(117)) - 4cc44201-a597-43af-a4ec-5b1b407a6250@group-83984122B78E-FollowerState was interrupted: java.lang.InterruptedException: sleep interrupted
2019-10-30 11:53:18,467 [ForkJoinPool.commonPool-worker-0] INFO  impl.RaftServerImpl (ServerState.java:close(388)) - 4cc44201-a597-43af-a4ec-5b1b407a6250@group-83984122B78E: closes. applyIndex: -1
2019-10-30 11:53:18,467 [4cc44201-a597-43af-a4ec-5b1b407a6250@group-83984122B78E-SegmentedRaftLogWorker] INFO  segmented.SegmentedRaftLogWorker (SegmentedRaftLogWorker.java:run(316)) - 4cc44201-a597-43af-a4ec-5b1b407a6250@group-83984122B78E-SegmentedRaftLogWorker was interrupted, exiting. There are 0 tasks remaining in the queue.
2019-10-30 11:53:18,467 [ForkJoinPool.commonPool-worker-0] INFO  segmented.SegmentedRaftLogWorker (SegmentedRaftLogWorker.java:close(224)) - 4cc44201-a597-43af-a4ec-5b1b407a6250@group-83984122B78E-SegmentedRaftLogWorker close()
2019-10-30 11:53:18,471 [main] INFO  server.GrpcService (GrpcService.java:closeImpl(164)) - 4cc44201-a597-43af-a4ec-5b1b407a6250: shutdown server with port 36685 now
2019-10-30 11:53:18,473 [main] INFO  server.GrpcService (GrpcService.java:closeImpl(172)) - 4cc44201-a597-43af-a4ec-5b1b407a6250: shutdown server with port 36685 successfully
2019-10-30 11:53:18,474 [refreshUsed-/workdir/hadoop-ozone/integration-test/target/test-dir/MiniOzoneClusterImpl-aaf233b5-8021-4449-9df2-227d87d78376/datanode-7/data/containers] WARN  fs.CachingGetSpaceUsed (CachingGetSpaceUsed.java:run(183)) - Thread Interrupted waiting to refresh disk information: sleep interrupted
2019-10-30 11:53:18,543 [main] INFO  utils.BackgroundService (BackgroundService.java:shutdown(151)) - Shutting down service BlockDeletingService
2019-10-30 11:53:18,555 [main] INFO  statemachine.DatanodeStateMachine (DatanodeStateMachine.java:stopDaemon(395)) - Ozone container server stopped.
2019-10-30 11:53:18,561 [main] INFO  handler.ContextHandler (ContextHandler.java:doStop(910)) - Stopped o.e.j.w.WebAppContext@10f7918f{/,null,UNAVAILABLE}{/hddsDatanode}
2019-10-30 11:53:18,561 [main] INFO  server.AbstractConnector (AbstractConnector.java:doStop(318)) - Stopped ServerConnector@64d4f7c7{HTTP/1.1,[http/1.1]}{0.0.0.0:0}
2019-10-30 11:53:18,562 [main] INFO  handler.ContextHandler (ContextHandler.java:doStop(910)) - Stopped o.e.j.s.ServletContextHandler@1352434e{/static,jar:file:/home/user/.m2/repository/org/apache/hadoop/hadoop-hdds-container-service/0.5.0-SNAPSHOT/hadoop-hdds-container-service-0.5.0-SNAPSHOT.jar!/webapps/static,UNAVAILABLE}
2019-10-30 11:53:18,562 [main] INFO  handler.ContextHandler (ContextHandler.java:doStop(910)) - Stopped o.e.j.s.ServletContextHandler@12eedfee{/logs,file:///workdir/hadoop-ozone/integration-test/target/log,UNAVAILABLE}
2019-10-30 11:53:18,563 [main] INFO  ozone.MiniOzoneClusterImpl (MiniOzoneClusterImpl.java:stopSCM(392)) - Stopping the StorageContainerManager
2019-10-30 11:53:18,563 [main] INFO  server.StorageContainerManager (StorageContainerManager.java:stop(810)) - Stopping Replication Manager Service.
2019-10-30 11:53:18,564 [main] INFO  container.ReplicationManager (ReplicationManager.java:stop(203)) - Stopping Replication Monitor Thread.
2019-10-30 11:53:18,564 [main] INFO  server.StorageContainerManager (StorageContainerManager.java:stop(817)) - Stopping Lease Manager of the command watchers
2019-10-30 11:53:18,567 [main] INFO  server.StorageContainerManager (StorageContainerManager.java:stop(824)) - Stopping datanode service RPC server
2019-10-30 11:53:18,567 [main] INFO  server.SCMDatanodeProtocolServer (SCMDatanodeProtocolServer.java:stop(346)) - Stopping the RPC server for DataNodes
2019-10-30 11:53:18,568 [main] INFO  ipc.Server (Server.java:stop(3082)) - Stopping server on 45375
2019-10-30 11:53:18,570 [IPC Server listener on 45375] INFO  ipc.Server (Server.java:run(1185)) - Stopping IPC Server listener on 45375
2019-10-30 11:53:18,571 [IPC Server Responder] INFO  ipc.Server (Server.java:run(1319)) - Stopping IPC Server Responder
2019-10-30 11:53:18,610 [SCM Heartbeat Processing Thread - 0] WARN  node.NodeStateManager (NodeStateManager.java:scheduleNextHealthCheck(646)) - Current Thread is interrupted, shutting down HB processing thread for Node Manager.
2019-10-30 11:53:18,611 [main] INFO  server.StorageContainerManager (StorageContainerManager.java:stop(832)) - Stopping block service RPC server
2019-10-30 11:53:18,611 [main] INFO  server.SCMBlockProtocolServer (SCMBlockProtocolServer.java:stop(155)) - Stopping the RPC server for Block Protocol
2019-10-30 11:53:18,611 [main] INFO  ipc.Server (Server.java:stop(3082)) - Stopping server on 41400
2019-10-30 11:53:18,612 [IPC Server listener on 41400] INFO  ipc.Server (Server.java:run(1185)) - Stopping IPC Server listener on 41400
2019-10-30 11:53:18,612 [main] INFO  server.StorageContainerManager (StorageContainerManager.java:stop(839)) - Stopping the StorageContainerLocationProtocol RPC server
2019-10-30 11:53:18,613 [IPC Server Responder] INFO  ipc.Server (Server.java:run(1319)) - Stopping IPC Server Responder
2019-10-30 11:53:18,613 [main] INFO  server.SCMClientProtocolServer (SCMClientProtocolServer.java:stop(168)) - Stopping the RPC server for Client Protocol
2019-10-30 11:53:18,613 [main] INFO  ipc.Server (Server.java:stop(3082)) - Stopping server on 33337
2019-10-30 11:53:18,615 [main] INFO  server.StorageContainerManager (StorageContainerManager.java:stop(846)) - Stopping Storage Container Manager HTTP server.
2019-10-30 11:53:18,615 [IPC Server Responder] INFO  ipc.Server (Server.java:run(1319)) - Stopping IPC Server Responder
2019-10-30 11:53:18,615 [IPC Server listener on 33337] INFO  ipc.Server (Server.java:run(1185)) - Stopping IPC Server listener on 33337
2019-10-30 11:53:18,617 [main] INFO  handler.ContextHandler (ContextHandler.java:doStop(910)) - Stopped o.e.j.w.WebAppContext@3b366632{/,null,UNAVAILABLE}{/scm}
2019-10-30 11:53:18,617 [main] INFO  server.AbstractConnector (AbstractConnector.java:doStop(318)) - Stopped ServerConnector@bc2e055{HTTP/1.1,[http/1.1]}{0.0.0.0:0}
2019-10-30 11:53:18,618 [main] INFO  handler.ContextHandler (ContextHandler.java:doStop(910)) - Stopped o.e.j.s.ServletContextHandler@37052337{/static,file:///workdir/hadoop-ozone/integration-test/target/test-classes/webapps/static,UNAVAILABLE}
2019-10-30 11:53:18,618 [main] INFO  handler.ContextHandler (ContextHandler.java:doStop(910)) - Stopped o.e.j.s.ServletContextHandler@340da44c{/logs,file:///workdir/hadoop-ozone/integration-test/target/log,UNAVAILABLE}
2019-10-30 11:53:18,619 [main] INFO  server.StorageContainerManager (StorageContainerManager.java:stop(857)) - Stopping Block Manager Service.
2019-10-30 11:53:18,619 [main] INFO  utils.BackgroundService (BackgroundService.java:shutdown(151)) - Shutting down service SCMBlockDeletingService
2019-10-30 11:53:18,620 [main] INFO  utils.BackgroundService (BackgroundService.java:shutdown(151)) - Shutting down service SCMBlockDeletingService
2019-10-30 11:53:18,621 [main] INFO  server.StorageContainerManager (StorageContainerManager.java:stop(879)) - Stopping SCM Event Queue.
2019-10-30 11:53:18,634 [main] INFO  impl.MetricsSystemImpl (MetricsSystemImpl.java:stop(210)) - Stopping XceiverClientMetrics metrics system...
2019-10-30 11:53:18,668 [prometheus] INFO  impl.MetricsSinkAdapter (MetricsSinkAdapter.java:publishMetricsFromQueue(141)) - prometheus thread interrupted.
2019-10-30 11:53:18,669 [main] INFO  impl.MetricsSystemImpl (MetricsSystemImpl.java:stop(216)) - XceiverClientMetrics metrics system stopped.
]]></system-out>
    <system-err><![CDATA[ERROR StatusLogger No Log4j 2 configuration file found. Using default configuration (logging only errors to the console), or user programmatically provided configurations. Set system property 'log4j2.debug' to show Log4j 2 internal initialization logging. See https://logging.apache.org/log4j/2.x/manual/configuration.html for instructions on how to configure Log4j 2
Oct 30, 2019 11:53:04 AM org.apache.ratis.thirdparty.io.grpc.internal.SerializingExecutor run
SEVERE: Exception while executing runnable org.apache.ratis.thirdparty.io.grpc.internal.ClientCallImpl$ClientStreamListenerImpl$1StreamClosed@10b97980
java.lang.NullPointerException
	at org.apache.ratis.grpc.server.GrpcLogAppender$AppendLogResponseHandler.onError(GrpcLogAppender.java:303)
	at org.apache.ratis.thirdparty.io.grpc.stub.ClientCalls$StreamObserverToCallListenerAdapter.onClose(ClientCalls.java:434)
	at org.apache.ratis.thirdparty.io.grpc.PartialForwardingClientCallListener.onClose(PartialForwardingClientCallListener.java:39)
	at org.apache.ratis.thirdparty.io.grpc.ForwardingClientCallListener.onClose(ForwardingClientCallListener.java:23)
	at org.apache.ratis.thirdparty.io.grpc.ForwardingClientCallListener$SimpleForwardingClientCallListener.onClose(ForwardingClientCallListener.java:40)
	at org.apache.ratis.thirdparty.io.grpc.internal.CensusStatsModule$StatsClientInterceptor$1$1.onClose(CensusStatsModule.java:678)
	at org.apache.ratis.thirdparty.io.grpc.PartialForwardingClientCallListener.onClose(PartialForwardingClientCallListener.java:39)
	at org.apache.ratis.thirdparty.io.grpc.ForwardingClientCallListener.onClose(ForwardingClientCallListener.java:23)
	at org.apache.ratis.thirdparty.io.grpc.ForwardingClientCallListener$SimpleForwardingClientCallListener.onClose(ForwardingClientCallListener.java:40)
	at org.apache.ratis.thirdparty.io.grpc.internal.CensusTracingModule$TracingClientInterceptor$1$1.onClose(CensusTracingModule.java:397)
	at org.apache.ratis.thirdparty.io.grpc.internal.ClientCallImpl.closeObserver(ClientCallImpl.java:459)
	at org.apache.ratis.thirdparty.io.grpc.internal.ClientCallImpl.access$300(ClientCallImpl.java:63)
	at org.apache.ratis.thirdparty.io.grpc.internal.ClientCallImpl$ClientStreamListenerImpl.close(ClientCallImpl.java:546)
	at org.apache.ratis.thirdparty.io.grpc.internal.ClientCallImpl$ClientStreamListenerImpl.access$600(ClientCallImpl.java:467)
	at org.apache.ratis.thirdparty.io.grpc.internal.ClientCallImpl$ClientStreamListenerImpl$1StreamClosed.runInContext(ClientCallImpl.java:584)
	at org.apache.ratis.thirdparty.io.grpc.internal.ContextRunnable.run(ContextRunnable.java:37)
	at org.apache.ratis.thirdparty.io.grpc.internal.SerializingExecutor.run(SerializingExecutor.java:123)
	at java.util.concurrent.ThreadPoolExecutor.runWorker(ThreadPoolExecutor.java:1149)
	at java.util.concurrent.ThreadPoolExecutor$Worker.run(ThreadPoolExecutor.java:624)
	at java.lang.Thread.run(Thread.java:748)

]]></system-err>
  </testcase>
  <testcase name="testMultiBlockWritesWithDnFailures" classname="org.apache.hadoop.ozone.client.rpc.TestMultiBlockWritesWithDnFailures" time="62.761"/>
</testsuite>