<?xml version="1.0" encoding="UTF-8"?>
<testsuite xmlns:xsi="http://www.w3.org/2001/XMLSchema-instance" xsi:noNamespaceSchemaLocation="https://maven.apache.org/surefire/maven-surefire-plugin/xsd/surefire-test-report.xsd" name="org.apache.hadoop.ozone.client.rpc.TestReadRetries" time="51.314" tests="1" errors="1" skipped="0" failures="0">
  <properties>
    <property name="awt.toolkit" value="sun.awt.X11.XToolkit"/>
    <property name="file.encoding.pkg" value="sun.io"/>
    <property name="java.specification.version" value="1.8"/>
    <property name="sun.cpu.isalist" value=""/>
    <property name="sun.jnu.encoding" value="ANSI_X3.4-1968"/>
    <property name="java.class.path" value="/workdir/hadoop-ozone/integration-test/target/test-classes:/workdir/hadoop-ozone/integration-test/target/classes:/home/user/.m2/repository/org/apache/hadoop/hadoop-ozone-common/0.5.0-SNAPSHOT/hadoop-ozone-common-0.5.0-SNAPSHOT.jar:/home/user/.m2/repository/org/apache/commons/commons-compress/1.4.1/commons-compress-1.4.1.jar:/home/user/.m2/repository/org/tukaani/xz/1.0/xz-1.0.jar:/home/user/.m2/repository/org/apache/hadoop/hadoop-common/3.2.0/hadoop-common-3.2.0.jar:/home/user/.m2/repository/org/apache/hadoop/hadoop-hdfs/3.2.0/hadoop-hdfs-3.2.0.jar:/home/user/.m2/repository/org/apache/hadoop/hadoop-hdfs-client/3.2.0/hadoop-hdfs-client-3.2.0.jar:/home/user/.m2/repository/com/fasterxml/jackson/core/jackson-annotations/2.9.9/jackson-annotations-2.9.9.jar:/home/user/.m2/repository/org/apache/hadoop/hadoop-hdds-common/0.5.0-SNAPSHOT/hadoop-hdds-common-0.5.0-SNAPSHOT.jar:/home/user/.m2/repository/javax/annotation/javax.annotation-api/1.2/javax.annotation-api-1.2.jar:/home/user/.m2/repository/org/apache/ratis/ratis-server/0.5.0-d6d58d0-SNAPSHOT/ratis-server-0.5.0-d6d58d0-SNAPSHOT.jar:/home/user/.m2/repository/org/apache/ratis/ratis-thirdparty-misc/0.2.0/ratis-thirdparty-misc-0.2.0.jar:/home/user/.m2/repository/org/apache/ratis/ratis-proto/0.5.0-d6d58d0-SNAPSHOT/ratis-proto-0.5.0-d6d58d0-SNAPSHOT.jar:/home/user/.m2/repository/org/apache/ratis/ratis-common/0.5.0-d6d58d0-SNAPSHOT/ratis-common-0.5.0-d6d58d0-SNAPSHOT.jar:/home/user/.m2/repository/org/apache/ratis/ratis-client/0.5.0-d6d58d0-SNAPSHOT/ratis-client-0.5.0-d6d58d0-SNAPSHOT.jar:/home/user/.m2/repository/org/apache/ratis/ratis-metrics/0.5.0-d6d58d0-SNAPSHOT/ratis-metrics-0.5.0-d6d58d0-SNAPSHOT.jar:/home/user/.m2/repository/org/apache/ratis/ratis-netty/0.5.0-d6d58d0-SNAPSHOT/ratis-netty-0.5.0-d6d58d0-SNAPSHOT.jar:/home/user/.m2/repository/org/apache/ratis/ratis-grpc/0.5.0-d6d58d0-SNAPSHOT/ratis-grpc-0.5.0-d6d58d0-SNAPSHOT.jar:/home/user/.m2/repository/org/rocksdb/rocksdbjni/6.0.1/rocksdbjni-6.0.1.jar:/home/user/.m2/repository/org/apache/logging/log4j/log4j-api/2.11.0/log4j-api-2.11.0.jar:/home/user/.m2/repository/org/apache/logging/log4j/log4j-core/2.11.0/log4j-core-2.11.0.jar:/home/user/.m2/repository/com/lmax/disruptor/3.4.2/disruptor-3.4.2.jar:/home/user/.m2/repository/org/apache/commons/commons-pool2/2.6.0/commons-pool2-2.6.0.jar:/home/user/.m2/repository/org/bouncycastle/bcpkix-jdk15on/1.60/bcpkix-jdk15on-1.60.jar:/home/user/.m2/repository/commons-validator/commons-validator/1.6/commons-validator-1.6.jar:/home/user/.m2/repository/commons-digester/commons-digester/1.8.1/commons-digester-1.8.1.jar:/home/user/.m2/repository/io/jaegertracing/jaeger-client/0.34.0/jaeger-client-0.34.0.jar:/home/user/.m2/repository/io/jaegertracing/jaeger-thrift/0.34.0/jaeger-thrift-0.34.0.jar:/home/user/.m2/repository/org/apache/thrift/libthrift/0.12.0/libthrift-0.12.0.jar:/home/user/.m2/repository/com/squareup/okhttp3/okhttp/3.9.0/okhttp-3.9.0.jar:/home/user/.m2/repository/com/squareup/okio/okio/1.13.0/okio-1.13.0.jar:/home/user/.m2/repository/io/jaegertracing/jaeger-core/0.34.0/jaeger-core-0.34.0.jar:/home/user/.m2/repository/io/jaegertracing/jaeger-tracerresolver/0.34.0/jaeger-tracerresolver-0.34.0.jar:/home/user/.m2/repository/io/opentracing/contrib/opentracing-tracerresolver/0.1.5/opentracing-tracerresolver-0.1.5.jar:/home/user/.m2/repository/io/opentracing/opentracing-util/0.31.0/opentracing-util-0.31.0.jar:/home/user/.m2/repository/io/opentracing/opentracing-api/0.31.0/opentracing-api-0.31.0.jar:/home/user/.m2/repository/io/opentracing/opentracing-noop/0.31.0/opentracing-noop-0.31.0.jar:/home/user/.m2/repository/org/apache/hadoop/hadoop-hdds-server-framework/0.5.0-SNAPSHOT/hadoop-hdds-server-framework-0.5.0-SNAPSHOT.jar:/home/user/.m2/repository/org/apache/hadoop/hadoop-hdds-container-service/0.5.0-SNAPSHOT/hadoop-hdds-container-service-0.5.0-SNAPSHOT.jar:/home/user/.m2/repository/org/apache/hadoop/hadoop-hdds-client/0.5.0-SNAPSHOT/hadoop-hdds-client-0.5.0-SNAPSHOT.jar:/home/user/.m2/repository/org/apache/hadoop/hadoop-hdds-tools/0.5.0-SNAPSHOT/hadoop-hdds-tools-0.5.0-SNAPSHOT.jar:/home/user/.m2/repository/org/apache/hadoop/hadoop-hdds-server-scm/0.5.0-SNAPSHOT/hadoop-hdds-server-scm-0.5.0-SNAPSHOT.jar:/home/user/.m2/repository/org/apache/hadoop/hadoop-hdds-docs/0.5.0-SNAPSHOT/hadoop-hdds-docs-0.5.0-SNAPSHOT.jar:/home/user/.m2/repository/io/dropwizard/metrics/metrics-core/3.2.4/metrics-core-3.2.4.jar:/home/user/.m2/repository/org/hamcrest/hamcrest-all/1.3/hamcrest-all-1.3.jar:/home/user/.m2/repository/org/bouncycastle/bcprov-jdk15on/1.60/bcprov-jdk15on-1.60.jar:/home/user/.m2/repository/info/picocli/picocli/3.9.6/picocli-3.9.6.jar:/home/user/.m2/repository/com/google/protobuf/protobuf-java/2.5.0/protobuf-java-2.5.0.jar:/home/user/.m2/repository/com/google/guava/guava/11.0.2/guava-11.0.2.jar:/home/user/.m2/repository/org/apache/hadoop/hadoop-ozone-ozone-manager/0.5.0-SNAPSHOT/hadoop-ozone-ozone-manager-0.5.0-SNAPSHOT.jar:/home/user/.m2/repository/org/apache/hadoop/hadoop-minikdc/3.2.0/hadoop-minikdc-3.2.0.jar:/home/user/.m2/repository/commons-io/commons-io/2.5/commons-io-2.5.jar:/home/user/.m2/repository/org/apache/kerby/kerb-simplekdc/1.0.1/kerb-simplekdc-1.0.1.jar:/home/user/.m2/repository/org/apache/kerby/kerb-client/1.0.1/kerb-client-1.0.1.jar:/home/user/.m2/repository/org/apache/kerby/kerby-config/1.0.1/kerby-config-1.0.1.jar:/home/user/.m2/repository/org/apache/kerby/kerb-core/1.0.1/kerb-core-1.0.1.jar:/home/user/.m2/repository/org/apache/kerby/kerby-pkix/1.0.1/kerby-pkix-1.0.1.jar:/home/user/.m2/repository/org/apache/kerby/kerby-asn1/1.0.1/kerby-asn1-1.0.1.jar:/home/user/.m2/repository/org/apache/kerby/kerby-util/1.0.1/kerby-util-1.0.1.jar:/home/user/.m2/repository/org/apache/kerby/kerb-common/1.0.1/kerb-common-1.0.1.jar:/home/user/.m2/repository/org/apache/kerby/kerb-crypto/1.0.1/kerb-crypto-1.0.1.jar:/home/user/.m2/repository/org/apache/kerby/kerb-util/1.0.1/kerb-util-1.0.1.jar:/home/user/.m2/repository/org/apache/kerby/token-provider/1.0.1/token-provider-1.0.1.jar:/home/user/.m2/repository/org/apache/kerby/kerb-admin/1.0.1/kerb-admin-1.0.1.jar:/home/user/.m2/repository/org/apache/kerby/kerb-server/1.0.1/kerb-server-1.0.1.jar:/home/user/.m2/repository/org/apache/kerby/kerb-identity/1.0.1/kerb-identity-1.0.1.jar:/home/user/.m2/repository/org/apache/kerby/kerby-xdr/1.0.1/kerby-xdr-1.0.1.jar:/home/user/.m2/repository/org/slf4j/slf4j-log4j12/1.7.25/slf4j-log4j12-1.7.25.jar:/home/user/.m2/repository/org/apache/hadoop/hadoop-ozone-s3gateway/0.5.0-SNAPSHOT/hadoop-ozone-s3gateway-0.5.0-SNAPSHOT.jar:/home/user/.m2/repository/org/jboss/weld/servlet/weld-servlet/2.4.7.Final/weld-servlet-2.4.7.Final.jar:/home/user/.m2/repository/org/glassfish/jersey/containers/jersey-container-servlet-core/2.27/jersey-container-servlet-core-2.27.jar:/home/user/.m2/repository/org/glassfish/hk2/external/javax.inject/2.5.0-b42/javax.inject-2.5.0-b42.jar:/home/user/.m2/repository/org/glassfish/jersey/core/jersey-common/2.27/jersey-common-2.27.jar:/home/user/.m2/repository/org/glassfish/hk2/osgi-resource-locator/1.0.1/osgi-resource-locator-1.0.1.jar:/home/user/.m2/repository/javax/ws/rs/javax.ws.rs-api/2.1/javax.ws.rs-api-2.1.jar:/home/user/.m2/repository/org/glassfish/jersey/ext/cdi/jersey-cdi1x/2.27/jersey-cdi1x-2.27.jar:/home/user/.m2/repository/org/glassfish/jersey/inject/jersey-hk2/2.27/jersey-hk2-2.27.jar:/home/user/.m2/repository/org/glassfish/hk2/hk2-locator/2.5.0-b42/hk2-locator-2.5.0-b42.jar:/home/user/.m2/repository/org/javassist/javassist/3.22.0-CR2/javassist-3.22.0-CR2.jar:/home/user/.m2/repository/org/glassfish/hk2/hk2-api/2.5.0/hk2-api-2.5.0.jar:/home/user/.m2/repository/org/glassfish/hk2/external/jakarta.inject/2.5.0/jakarta.inject-2.5.0.jar:/home/user/.m2/repository/org/glassfish/hk2/hk2-utils/2.5.0/hk2-utils-2.5.0.jar:/home/user/.m2/repository/jakarta/annotation/jakarta.annotation-api/1.3.4/jakarta.annotation-api-1.3.4.jar:/home/user/.m2/repository/org/glassfish/hk2/external/aopalliance-repackaged/2.5.0/aopalliance-repackaged-2.5.0.jar:/home/user/.m2/repository/com/fasterxml/jackson/dataformat/jackson-dataformat-xml/2.9.0/jackson-dataformat-xml-2.9.0.jar:/home/user/.m2/repository/com/fasterxml/jackson/core/jackson-core/2.9.9/jackson-core-2.9.9.jar:/home/user/.m2/repository/com/fasterxml/jackson/module/jackson-module-jaxb-annotations/2.9.9/jackson-module-jaxb-annotations-2.9.9.jar:/home/user/.m2/repository/javax/enterprise/cdi-api/1.2/cdi-api-1.2.jar:/home/user/.m2/repository/javax/el/javax.el-api/3.0.0/javax.el-api-3.0.0.jar:/home/user/.m2/repository/javax/interceptor/javax.interceptor-api/1.2/javax.interceptor-api-1.2.jar:/home/user/.m2/repository/javax/inject/javax.inject/1/javax.inject-1.jar:/home/user/.m2/repository/com/sun/xml/bind/jaxb-impl/2.3.0.1/jaxb-impl-2.3.0.1.jar:/home/user/.m2/repository/com/sun/xml/bind/jaxb-core/2.3.0.1/jaxb-core-2.3.0.1.jar:/home/user/.m2/repository/javax/xml/bind/jaxb-api/2.3.0/jaxb-api-2.3.0.jar:/home/user/.m2/repository/javax/activation/activation/1.1.1/activation-1.1.1.jar:/home/user/.m2/repository/org/apache/hadoop/hadoop-ozone-csi/0.5.0-SNAPSHOT/hadoop-ozone-csi-0.5.0-SNAPSHOT.jar:/home/user/.m2/repository/com/google/protobuf/protobuf-java-util/3.5.1/protobuf-java-util-3.5.1.jar:/home/user/.m2/repository/org/apache/hadoop/hadoop-hdds-config/0.5.0-SNAPSHOT/hadoop-hdds-config-0.5.0-SNAPSHOT.jar:/home/user/.m2/repository/io/grpc/grpc-netty/1.17.1/grpc-netty-1.17.1.jar:/home/user/.m2/repository/io/grpc/grpc-core/1.17.1/grpc-core-1.17.1.jar:/home/user/.m2/repository/io/grpc/grpc-context/1.17.1/grpc-context-1.17.1.jar:/home/user/.m2/repository/com/google/errorprone/error_prone_annotations/2.2.0/error_prone_annotations-2.2.0.jar:/home/user/.m2/repository/org/codehaus/mojo/animal-sniffer-annotations/1.17/animal-sniffer-annotations-1.17.jar:/home/user/.m2/repository/io/opencensus/opencensus-api/0.17.0/opencensus-api-0.17.0.jar:/home/user/.m2/repository/io/opencensus/opencensus-contrib-grpc-metrics/0.17.0/opencensus-contrib-grpc-metrics-0.17.0.jar:/home/user/.m2/repository/io/netty/netty-codec-http2/4.1.30.Final/netty-codec-http2-4.1.30.Final.jar:/home/user/.m2/repository/io/netty/netty-codec-http/4.1.30.Final/netty-codec-http-4.1.30.Final.jar:/home/user/.m2/repository/io/netty/netty-codec/4.1.30.Final/netty-codec-4.1.30.Final.jar:/home/user/.m2/repository/io/netty/netty-handler/4.1.30.Final/netty-handler-4.1.30.Final.jar:/home/user/.m2/repository/io/netty/netty-handler-proxy/4.1.30.Final/netty-handler-proxy-4.1.30.Final.jar:/home/user/.m2/repository/io/netty/netty-codec-socks/4.1.30.Final/netty-codec-socks-4.1.30.Final.jar:/home/user/.m2/repository/io/netty/netty-transport-native-epoll/4.1.30.Final/netty-transport-native-epoll-4.1.30.Final.jar:/home/user/.m2/repository/io/netty/netty-common/4.1.30.Final/netty-common-4.1.30.Final.jar:/home/user/.m2/repository/io/netty/netty-buffer/4.1.30.Final/netty-buffer-4.1.30.Final.jar:/home/user/.m2/repository/io/netty/netty-transport/4.1.30.Final/netty-transport-4.1.30.Final.jar:/home/user/.m2/repository/io/netty/netty-resolver/4.1.30.Final/netty-resolver-4.1.30.Final.jar:/home/user/.m2/repository/io/netty/netty-transport-native-unix-common/4.1.30.Final/netty-transport-native-unix-common-4.1.30.Final.jar:/home/user/.m2/repository/io/grpc/grpc-protobuf/1.17.1/grpc-protobuf-1.17.1.jar:/home/user/.m2/repository/com/google/api/grpc/proto-google-common-protos/1.0.0/proto-google-common-protos-1.0.0.jar:/home/user/.m2/repository/io/grpc/grpc-protobuf-lite/1.17.1/grpc-protobuf-lite-1.17.1.jar:/home/user/.m2/repository/io/grpc/grpc-stub/1.17.1/grpc-stub-1.17.1.jar:/home/user/.m2/repository/org/apache/hadoop/hadoop-ozone-recon/0.5.0-SNAPSHOT/hadoop-ozone-recon-0.5.0-SNAPSHOT.jar:/home/user/.m2/repository/org/apache/hadoop/hadoop-ozone-reconcodegen/0.5.0-SNAPSHOT/hadoop-ozone-reconcodegen-0.5.0-SNAPSHOT.jar:/home/user/.m2/repository/com/google/inject/extensions/guice-multibindings/4.0/guice-multibindings-4.0.jar:/home/user/.m2/repository/com/google/inject/guice/4.0/guice-4.0.jar:/home/user/.m2/repository/aopalliance/aopalliance/1.0/aopalliance-1.0.jar:/home/user/.m2/repository/com/google/inject/extensions/guice-servlet/4.0/guice-servlet-4.0.jar:/home/user/.m2/repository/org/glassfish/jersey/containers/jersey-container-servlet/2.27/jersey-container-servlet-2.27.jar:/home/user/.m2/repository/org/glassfish/hk2/guice-bridge/2.5.0/guice-bridge-2.5.0.jar:/home/user/.m2/repository/org/glassfish/jersey/core/jersey-server/2.27/jersey-server-2.27.jar:/home/user/.m2/repository/org/glassfish/jersey/core/jersey-client/2.27/jersey-client-2.27.jar:/home/user/.m2/repository/org/glassfish/jersey/media/jersey-media-jaxb/2.27/jersey-media-jaxb-2.27.jar:/home/user/.m2/repository/javax/validation/validation-api/1.1.0.Final/validation-api-1.1.0.Final.jar:/home/user/.m2/repository/org/glassfish/jersey/media/jersey-media-json-jackson/2.27/jersey-media-json-jackson-2.27.jar:/home/user/.m2/repository/org/glassfish/jersey/ext/jersey-entity-filtering/2.27/jersey-entity-filtering-2.27.jar:/home/user/.m2/repository/com/google/inject/extensions/guice-assistedinject/4.0/guice-assistedinject-4.0.jar:/home/user/.m2/repository/org/jooq/jooq/3.11.10/jooq-3.11.10.jar:/home/user/.m2/repository/org/jooq/jooq-meta/3.11.10/jooq-meta-3.11.10.jar:/home/user/.m2/repository/org/jooq/jooq-codegen/3.11.10/jooq-codegen-3.11.10.jar:/home/user/.m2/repository/com/jolbox/bonecp/0.8.0.RELEASE/bonecp-0.8.0.RELEASE.jar:/home/user/.m2/repository/org/xerial/sqlite-jdbc/3.25.2/sqlite-jdbc-3.25.2.jar:/home/user/.m2/repository/org/springframework/spring-jdbc/5.1.3.RELEASE/spring-jdbc-5.1.3.RELEASE.jar:/home/user/.m2/repository/org/springframework/spring-beans/5.1.3.RELEASE/spring-beans-5.1.3.RELEASE.jar:/home/user/.m2/repository/org/springframework/spring-core/5.1.3.RELEASE/spring-core-5.1.3.RELEASE.jar:/home/user/.m2/repository/org/springframework/spring-jcl/5.1.3.RELEASE/spring-jcl-5.1.3.RELEASE.jar:/home/user/.m2/repository/org/springframework/spring-tx/5.1.3.RELEASE/spring-tx-5.1.3.RELEASE.jar:/home/user/.m2/repository/org/apache/hadoop/hadoop-ozone-client/0.5.0-SNAPSHOT/hadoop-ozone-client-0.5.0-SNAPSHOT.jar:/home/user/.m2/repository/commons-lang/commons-lang/2.6/commons-lang-2.6.jar:/home/user/.m2/repository/org/apache/hadoop/hadoop-ozone-ozone-manager/0.5.0-SNAPSHOT/hadoop-ozone-ozone-manager-0.5.0-SNAPSHOT-tests.jar:/home/user/.m2/repository/junit/junit/4.11/junit-4.11.jar:/home/user/.m2/repository/org/hamcrest/hamcrest-core/1.3/hamcrest-core-1.3.jar:/home/user/.m2/repository/org/openjdk/jmh/jmh-core/1.19/jmh-core-1.19.jar:/home/user/.m2/repository/net/sf/jopt-simple/jopt-simple/4.6/jopt-simple-4.6.jar:/home/user/.m2/repository/org/apache/commons/commons-math3/3.1.1/commons-math3-3.1.1.jar:/home/user/.m2/repository/org/openjdk/jmh/jmh-generator-annprocess/1.19/jmh-generator-annprocess-1.19.jar:/home/user/.m2/repository/org/mockito/mockito-all/1.8.5/mockito-all-1.8.5.jar:/home/user/.m2/repository/org/apache/hadoop/hadoop-kms/3.2.0/hadoop-kms-3.2.0.jar:/home/user/.m2/repository/org/apache/hadoop/hadoop-auth/3.2.0/hadoop-auth-3.2.0.jar:/home/user/.m2/repository/com/nimbusds/nimbus-jose-jwt/4.41.1/nimbus-jose-jwt-4.41.1.jar:/home/user/.m2/repository/com/github/stephenc/jcip/jcip-annotations/1.0-1/jcip-annotations-1.0-1.jar:/home/user/.m2/repository/net/minidev/json-smart/2.3/json-smart-2.3.jar:/home/user/.m2/repository/net/minidev/accessors-smart/1.2/accessors-smart-1.2.jar:/home/user/.m2/repository/org/ow2/asm/asm/5.0.4/asm-5.0.4.jar:/home/user/.m2/repository/org/apache/curator/curator-framework/2.12.0/curator-framework-2.12.0.jar:/home/user/.m2/repository/com/sun/jersey/jersey-core/1.19/jersey-core-1.19.jar:/home/user/.m2/repository/javax/ws/rs/jsr311-api/1.1.1/jsr311-api-1.1.1.jar:/home/user/.m2/repository/com/sun/jersey/jersey-server/1.19/jersey-server-1.19.jar:/home/user/.m2/repository/javax/servlet/javax.servlet-api/3.1.0/javax.servlet-api-3.1.0.jar:/home/user/.m2/repository/org/eclipse/jetty/jetty-server/9.3.25.v20180904/jetty-server-9.3.25.v20180904.jar:/home/user/.m2/repository/org/eclipse/jetty/jetty-http/9.3.25.v20180904/jetty-http-9.3.25.v20180904.jar:/home/user/.m2/repository/org/eclipse/jetty/jetty-io/9.3.25.v20180904/jetty-io-9.3.25.v20180904.jar:/home/user/.m2/repository/org/eclipse/jetty/jetty-webapp/9.3.25.v20180904/jetty-webapp-9.3.25.v20180904.jar:/home/user/.m2/repository/org/eclipse/jetty/jetty-xml/9.3.25.v20180904/jetty-xml-9.3.25.v20180904.jar:/home/user/.m2/repository/log4j/log4j/1.2.17/log4j-1.2.17.jar:/home/user/.m2/repository/org/slf4j/slf4j-api/1.7.25/slf4j-api-1.7.25.jar:/home/user/.m2/repository/org/slf4j/jul-to-slf4j/1.7.25/jul-to-slf4j-1.7.25.jar:/home/user/.m2/repository/org/eclipse/jetty/jetty-util/9.3.25.v20180904/jetty-util-9.3.25.v20180904.jar:/home/user/.m2/repository/com/fasterxml/jackson/core/jackson-databind/2.9.9/jackson-databind-2.9.9.jar:/home/user/.m2/repository/org/apache/hadoop/hadoop-kms/3.2.0/hadoop-kms-3.2.0-tests.jar:/home/user/.m2/repository/org/apache/hadoop/hadoop-hdds-server-scm/0.5.0-SNAPSHOT/hadoop-hdds-server-scm-0.5.0-SNAPSHOT-tests.jar:/home/user/.m2/repository/org/apache/hadoop/hadoop-hdds-container-service/0.5.0-SNAPSHOT/hadoop-hdds-container-service-0.5.0-SNAPSHOT-tests.jar:/home/user/.m2/repository/org/yaml/snakeyaml/1.16/snakeyaml-1.16.jar:/home/user/.m2/repository/org/apache/hadoop/hadoop-common/3.2.0/hadoop-common-3.2.0-tests.jar:/home/user/.m2/repository/org/apache/hadoop/hadoop-annotations/3.2.0/hadoop-annotations-3.2.0.jar:/usr/lib/jvm/java-1.8.0-openjdk-1.8.0.222.b10-1.el7_7.x86_64/jre/../lib/tools.jar:/home/user/.m2/repository/commons-cli/commons-cli/1.2/commons-cli-1.2.jar:/home/user/.m2/repository/org/apache/httpcomponents/httpclient/4.5.2/httpclient-4.5.2.jar:/home/user/.m2/repository/org/apache/httpcomponents/httpcore/4.4.4/httpcore-4.4.4.jar:/home/user/.m2/repository/commons-codec/commons-codec/1.11/commons-codec-1.11.jar:/home/user/.m2/repository/commons-net/commons-net/3.6/commons-net-3.6.jar:/home/user/.m2/repository/commons-collections/commons-collections/3.2.2/commons-collections-3.2.2.jar:/home/user/.m2/repository/org/eclipse/jetty/jetty-servlet/9.3.25.v20180904/jetty-servlet-9.3.25.v20180904.jar:/home/user/.m2/repository/org/eclipse/jetty/jetty-security/9.3.25.v20180904/jetty-security-9.3.25.v20180904.jar:/home/user/.m2/repository/javax/servlet/jsp/jsp-api/2.1/jsp-api-2.1.jar:/home/user/.m2/repository/com/sun/jersey/jersey-servlet/1.19/jersey-servlet-1.19.jar:/home/user/.m2/repository/com/sun/jersey/jersey-json/1.19/jersey-json-1.19.jar:/home/user/.m2/repository/org/codehaus/jettison/jettison/1.1/jettison-1.1.jar:/home/user/.m2/repository/org/codehaus/jackson/jackson-core-asl/1.9.13/jackson-core-asl-1.9.13.jar:/home/user/.m2/repository/org/codehaus/jackson/jackson-mapper-asl/1.9.13/jackson-mapper-asl-1.9.13.jar:/home/user/.m2/repository/org/codehaus/jackson/jackson-jaxrs/1.9.13/jackson-jaxrs-1.9.13.jar:/home/user/.m2/repository/org/codehaus/jackson/jackson-xc/1.9.13/jackson-xc-1.9.13.jar:/home/user/.m2/repository/commons-logging/commons-logging/1.1.3/commons-logging-1.1.3.jar:/home/user/.m2/repository/commons-beanutils/commons-beanutils/1.9.4/commons-beanutils-1.9.4.jar:/home/user/.m2/repository/org/apache/commons/commons-configuration2/2.1.1/commons-configuration2-2.1.1.jar:/home/user/.m2/repository/org/apache/commons/commons-lang3/3.7/commons-lang3-3.7.jar:/home/user/.m2/repository/org/apache/commons/commons-text/1.4/commons-text-1.4.jar:/home/user/.m2/repository/org/apache/avro/avro/1.7.7/avro-1.7.7.jar:/home/user/.m2/repository/com/thoughtworks/paranamer/paranamer/2.3/paranamer-2.3.jar:/home/user/.m2/repository/org/xerial/snappy/snappy-java/1.0.5/snappy-java-1.0.5.jar:/home/user/.m2/repository/com/google/re2j/re2j/1.1/re2j-1.1.jar:/home/user/.m2/repository/com/google/code/gson/gson/2.2.4/gson-2.2.4.jar:/home/user/.m2/repository/com/jcraft/jsch/0.1.54/jsch-0.1.54.jar:/home/user/.m2/repository/org/apache/curator/curator-client/2.12.0/curator-client-2.12.0.jar:/home/user/.m2/repository/org/apache/curator/curator-recipes/2.12.0/curator-recipes-2.12.0.jar:/home/user/.m2/repository/com/google/code/findbugs/jsr305/3.0.0/jsr305-3.0.0.jar:/home/user/.m2/repository/org/apache/htrace/htrace-core4/4.1.0-incubating/htrace-core4-4.1.0-incubating.jar:/home/user/.m2/repository/org/apache/zookeeper/zookeeper/3.4.13/zookeeper-3.4.13.jar:/home/user/.m2/repository/jline/jline/0.9.94/jline-0.9.94.jar:/home/user/.m2/repository/org/apache/yetus/audience-annotations/0.5.0/audience-annotations-0.5.0.jar:/home/user/.m2/repository/org/codehaus/woodstox/stax2-api/3.1.4/stax2-api-3.1.4.jar:/home/user/.m2/repository/com/fasterxml/woodstox/woodstox-core/5.0.3/woodstox-core-5.0.3.jar:/home/user/.m2/repository/dnsjava/dnsjava/2.1.7/dnsjava-2.1.7.jar:/home/user/.m2/repository/org/apache/hadoop/hadoop-hdfs/3.2.0/hadoop-hdfs-3.2.0-tests.jar:/home/user/.m2/repository/org/eclipse/jetty/jetty-util-ajax/9.3.25.v20180904/jetty-util-ajax-9.3.25.v20180904.jar:/home/user/.m2/repository/commons-daemon/commons-daemon/1.0.13/commons-daemon-1.0.13.jar:/home/user/.m2/repository/io/netty/netty/3.10.5.Final/netty-3.10.5.Final.jar:/home/user/.m2/repository/io/netty/netty-all/4.0.52.Final/netty-all-4.0.52.Final.jar:/home/user/.m2/repository/org/fusesource/leveldbjni/leveldbjni-all/1.8/leveldbjni-all-1.8.jar:"/>
    <property name="java.vm.vendor" value="Oracle Corporation"/>
    <property name="sun.arch.data.model" value="64"/>
    <property name="test.build.dir" value="/workdir/hadoop-ozone/integration-test/target/test-dir"/>
    <property name="test.cache.data" value=""/>
    <property name="java.vendor.url" value="http://java.oracle.com/"/>
    <property name="user.timezone" value=""/>
    <property name="java.vm.specification.version" value="1.8"/>
    <property name="os.name" value="Linux"/>
    <property name="test.build.data" value="/workdir/hadoop-ozone/integration-test/target/test-dir"/>
    <property name="user.country" value="US"/>
    <property name="sun.java.launcher" value="SUN_STANDARD"/>
    <property name="sun.boot.library.path" value="/usr/lib/jvm/java-1.8.0-openjdk-1.8.0.222.b10-1.el7_7.x86_64/jre/lib/amd64"/>
    <property name="sun.java.command" value="/workdir/hadoop-ozone/integration-test/target/surefire/surefirebooter6468665934753648884.jar /workdir/hadoop-ozone/integration-test/target/surefire 2019-11-18T23-39-27_525-jvmRun1 surefire2937992531995756876tmp surefire_342658907578274215322tmp"/>
    <property name="surefire.test.class.path" value="/workdir/hadoop-ozone/integration-test/target/test-classes:/workdir/hadoop-ozone/integration-test/target/classes:/home/user/.m2/repository/org/apache/hadoop/hadoop-ozone-common/0.5.0-SNAPSHOT/hadoop-ozone-common-0.5.0-SNAPSHOT.jar:/home/user/.m2/repository/org/apache/commons/commons-compress/1.4.1/commons-compress-1.4.1.jar:/home/user/.m2/repository/org/tukaani/xz/1.0/xz-1.0.jar:/home/user/.m2/repository/org/apache/hadoop/hadoop-common/3.2.0/hadoop-common-3.2.0.jar:/home/user/.m2/repository/org/apache/hadoop/hadoop-hdfs/3.2.0/hadoop-hdfs-3.2.0.jar:/home/user/.m2/repository/org/apache/hadoop/hadoop-hdfs-client/3.2.0/hadoop-hdfs-client-3.2.0.jar:/home/user/.m2/repository/com/fasterxml/jackson/core/jackson-annotations/2.9.9/jackson-annotations-2.9.9.jar:/home/user/.m2/repository/org/apache/hadoop/hadoop-hdds-common/0.5.0-SNAPSHOT/hadoop-hdds-common-0.5.0-SNAPSHOT.jar:/home/user/.m2/repository/javax/annotation/javax.annotation-api/1.2/javax.annotation-api-1.2.jar:/home/user/.m2/repository/org/apache/ratis/ratis-server/0.5.0-d6d58d0-SNAPSHOT/ratis-server-0.5.0-d6d58d0-SNAPSHOT.jar:/home/user/.m2/repository/org/apache/ratis/ratis-thirdparty-misc/0.2.0/ratis-thirdparty-misc-0.2.0.jar:/home/user/.m2/repository/org/apache/ratis/ratis-proto/0.5.0-d6d58d0-SNAPSHOT/ratis-proto-0.5.0-d6d58d0-SNAPSHOT.jar:/home/user/.m2/repository/org/apache/ratis/ratis-common/0.5.0-d6d58d0-SNAPSHOT/ratis-common-0.5.0-d6d58d0-SNAPSHOT.jar:/home/user/.m2/repository/org/apache/ratis/ratis-client/0.5.0-d6d58d0-SNAPSHOT/ratis-client-0.5.0-d6d58d0-SNAPSHOT.jar:/home/user/.m2/repository/org/apache/ratis/ratis-metrics/0.5.0-d6d58d0-SNAPSHOT/ratis-metrics-0.5.0-d6d58d0-SNAPSHOT.jar:/home/user/.m2/repository/org/apache/ratis/ratis-netty/0.5.0-d6d58d0-SNAPSHOT/ratis-netty-0.5.0-d6d58d0-SNAPSHOT.jar:/home/user/.m2/repository/org/apache/ratis/ratis-grpc/0.5.0-d6d58d0-SNAPSHOT/ratis-grpc-0.5.0-d6d58d0-SNAPSHOT.jar:/home/user/.m2/repository/org/rocksdb/rocksdbjni/6.0.1/rocksdbjni-6.0.1.jar:/home/user/.m2/repository/org/apache/logging/log4j/log4j-api/2.11.0/log4j-api-2.11.0.jar:/home/user/.m2/repository/org/apache/logging/log4j/log4j-core/2.11.0/log4j-core-2.11.0.jar:/home/user/.m2/repository/com/lmax/disruptor/3.4.2/disruptor-3.4.2.jar:/home/user/.m2/repository/org/apache/commons/commons-pool2/2.6.0/commons-pool2-2.6.0.jar:/home/user/.m2/repository/org/bouncycastle/bcpkix-jdk15on/1.60/bcpkix-jdk15on-1.60.jar:/home/user/.m2/repository/commons-validator/commons-validator/1.6/commons-validator-1.6.jar:/home/user/.m2/repository/commons-digester/commons-digester/1.8.1/commons-digester-1.8.1.jar:/home/user/.m2/repository/io/jaegertracing/jaeger-client/0.34.0/jaeger-client-0.34.0.jar:/home/user/.m2/repository/io/jaegertracing/jaeger-thrift/0.34.0/jaeger-thrift-0.34.0.jar:/home/user/.m2/repository/org/apache/thrift/libthrift/0.12.0/libthrift-0.12.0.jar:/home/user/.m2/repository/com/squareup/okhttp3/okhttp/3.9.0/okhttp-3.9.0.jar:/home/user/.m2/repository/com/squareup/okio/okio/1.13.0/okio-1.13.0.jar:/home/user/.m2/repository/io/jaegertracing/jaeger-core/0.34.0/jaeger-core-0.34.0.jar:/home/user/.m2/repository/io/jaegertracing/jaeger-tracerresolver/0.34.0/jaeger-tracerresolver-0.34.0.jar:/home/user/.m2/repository/io/opentracing/contrib/opentracing-tracerresolver/0.1.5/opentracing-tracerresolver-0.1.5.jar:/home/user/.m2/repository/io/opentracing/opentracing-util/0.31.0/opentracing-util-0.31.0.jar:/home/user/.m2/repository/io/opentracing/opentracing-api/0.31.0/opentracing-api-0.31.0.jar:/home/user/.m2/repository/io/opentracing/opentracing-noop/0.31.0/opentracing-noop-0.31.0.jar:/home/user/.m2/repository/org/apache/hadoop/hadoop-hdds-server-framework/0.5.0-SNAPSHOT/hadoop-hdds-server-framework-0.5.0-SNAPSHOT.jar:/home/user/.m2/repository/org/apache/hadoop/hadoop-hdds-container-service/0.5.0-SNAPSHOT/hadoop-hdds-container-service-0.5.0-SNAPSHOT.jar:/home/user/.m2/repository/org/apache/hadoop/hadoop-hdds-client/0.5.0-SNAPSHOT/hadoop-hdds-client-0.5.0-SNAPSHOT.jar:/home/user/.m2/repository/org/apache/hadoop/hadoop-hdds-tools/0.5.0-SNAPSHOT/hadoop-hdds-tools-0.5.0-SNAPSHOT.jar:/home/user/.m2/repository/org/apache/hadoop/hadoop-hdds-server-scm/0.5.0-SNAPSHOT/hadoop-hdds-server-scm-0.5.0-SNAPSHOT.jar:/home/user/.m2/repository/org/apache/hadoop/hadoop-hdds-docs/0.5.0-SNAPSHOT/hadoop-hdds-docs-0.5.0-SNAPSHOT.jar:/home/user/.m2/repository/io/dropwizard/metrics/metrics-core/3.2.4/metrics-core-3.2.4.jar:/home/user/.m2/repository/org/hamcrest/hamcrest-all/1.3/hamcrest-all-1.3.jar:/home/user/.m2/repository/org/bouncycastle/bcprov-jdk15on/1.60/bcprov-jdk15on-1.60.jar:/home/user/.m2/repository/info/picocli/picocli/3.9.6/picocli-3.9.6.jar:/home/user/.m2/repository/com/google/protobuf/protobuf-java/2.5.0/protobuf-java-2.5.0.jar:/home/user/.m2/repository/com/google/guava/guava/11.0.2/guava-11.0.2.jar:/home/user/.m2/repository/org/apache/hadoop/hadoop-ozone-ozone-manager/0.5.0-SNAPSHOT/hadoop-ozone-ozone-manager-0.5.0-SNAPSHOT.jar:/home/user/.m2/repository/org/apache/hadoop/hadoop-minikdc/3.2.0/hadoop-minikdc-3.2.0.jar:/home/user/.m2/repository/commons-io/commons-io/2.5/commons-io-2.5.jar:/home/user/.m2/repository/org/apache/kerby/kerb-simplekdc/1.0.1/kerb-simplekdc-1.0.1.jar:/home/user/.m2/repository/org/apache/kerby/kerb-client/1.0.1/kerb-client-1.0.1.jar:/home/user/.m2/repository/org/apache/kerby/kerby-config/1.0.1/kerby-config-1.0.1.jar:/home/user/.m2/repository/org/apache/kerby/kerb-core/1.0.1/kerb-core-1.0.1.jar:/home/user/.m2/repository/org/apache/kerby/kerby-pkix/1.0.1/kerby-pkix-1.0.1.jar:/home/user/.m2/repository/org/apache/kerby/kerby-asn1/1.0.1/kerby-asn1-1.0.1.jar:/home/user/.m2/repository/org/apache/kerby/kerby-util/1.0.1/kerby-util-1.0.1.jar:/home/user/.m2/repository/org/apache/kerby/kerb-common/1.0.1/kerb-common-1.0.1.jar:/home/user/.m2/repository/org/apache/kerby/kerb-crypto/1.0.1/kerb-crypto-1.0.1.jar:/home/user/.m2/repository/org/apache/kerby/kerb-util/1.0.1/kerb-util-1.0.1.jar:/home/user/.m2/repository/org/apache/kerby/token-provider/1.0.1/token-provider-1.0.1.jar:/home/user/.m2/repository/org/apache/kerby/kerb-admin/1.0.1/kerb-admin-1.0.1.jar:/home/user/.m2/repository/org/apache/kerby/kerb-server/1.0.1/kerb-server-1.0.1.jar:/home/user/.m2/repository/org/apache/kerby/kerb-identity/1.0.1/kerb-identity-1.0.1.jar:/home/user/.m2/repository/org/apache/kerby/kerby-xdr/1.0.1/kerby-xdr-1.0.1.jar:/home/user/.m2/repository/org/slf4j/slf4j-log4j12/1.7.25/slf4j-log4j12-1.7.25.jar:/home/user/.m2/repository/org/apache/hadoop/hadoop-ozone-s3gateway/0.5.0-SNAPSHOT/hadoop-ozone-s3gateway-0.5.0-SNAPSHOT.jar:/home/user/.m2/repository/org/jboss/weld/servlet/weld-servlet/2.4.7.Final/weld-servlet-2.4.7.Final.jar:/home/user/.m2/repository/org/glassfish/jersey/containers/jersey-container-servlet-core/2.27/jersey-container-servlet-core-2.27.jar:/home/user/.m2/repository/org/glassfish/hk2/external/javax.inject/2.5.0-b42/javax.inject-2.5.0-b42.jar:/home/user/.m2/repository/org/glassfish/jersey/core/jersey-common/2.27/jersey-common-2.27.jar:/home/user/.m2/repository/org/glassfish/hk2/osgi-resource-locator/1.0.1/osgi-resource-locator-1.0.1.jar:/home/user/.m2/repository/javax/ws/rs/javax.ws.rs-api/2.1/javax.ws.rs-api-2.1.jar:/home/user/.m2/repository/org/glassfish/jersey/ext/cdi/jersey-cdi1x/2.27/jersey-cdi1x-2.27.jar:/home/user/.m2/repository/org/glassfish/jersey/inject/jersey-hk2/2.27/jersey-hk2-2.27.jar:/home/user/.m2/repository/org/glassfish/hk2/hk2-locator/2.5.0-b42/hk2-locator-2.5.0-b42.jar:/home/user/.m2/repository/org/javassist/javassist/3.22.0-CR2/javassist-3.22.0-CR2.jar:/home/user/.m2/repository/org/glassfish/hk2/hk2-api/2.5.0/hk2-api-2.5.0.jar:/home/user/.m2/repository/org/glassfish/hk2/external/jakarta.inject/2.5.0/jakarta.inject-2.5.0.jar:/home/user/.m2/repository/org/glassfish/hk2/hk2-utils/2.5.0/hk2-utils-2.5.0.jar:/home/user/.m2/repository/jakarta/annotation/jakarta.annotation-api/1.3.4/jakarta.annotation-api-1.3.4.jar:/home/user/.m2/repository/org/glassfish/hk2/external/aopalliance-repackaged/2.5.0/aopalliance-repackaged-2.5.0.jar:/home/user/.m2/repository/com/fasterxml/jackson/dataformat/jackson-dataformat-xml/2.9.0/jackson-dataformat-xml-2.9.0.jar:/home/user/.m2/repository/com/fasterxml/jackson/core/jackson-core/2.9.9/jackson-core-2.9.9.jar:/home/user/.m2/repository/com/fasterxml/jackson/module/jackson-module-jaxb-annotations/2.9.9/jackson-module-jaxb-annotations-2.9.9.jar:/home/user/.m2/repository/javax/enterprise/cdi-api/1.2/cdi-api-1.2.jar:/home/user/.m2/repository/javax/el/javax.el-api/3.0.0/javax.el-api-3.0.0.jar:/home/user/.m2/repository/javax/interceptor/javax.interceptor-api/1.2/javax.interceptor-api-1.2.jar:/home/user/.m2/repository/javax/inject/javax.inject/1/javax.inject-1.jar:/home/user/.m2/repository/com/sun/xml/bind/jaxb-impl/2.3.0.1/jaxb-impl-2.3.0.1.jar:/home/user/.m2/repository/com/sun/xml/bind/jaxb-core/2.3.0.1/jaxb-core-2.3.0.1.jar:/home/user/.m2/repository/javax/xml/bind/jaxb-api/2.3.0/jaxb-api-2.3.0.jar:/home/user/.m2/repository/javax/activation/activation/1.1.1/activation-1.1.1.jar:/home/user/.m2/repository/org/apache/hadoop/hadoop-ozone-csi/0.5.0-SNAPSHOT/hadoop-ozone-csi-0.5.0-SNAPSHOT.jar:/home/user/.m2/repository/com/google/protobuf/protobuf-java-util/3.5.1/protobuf-java-util-3.5.1.jar:/home/user/.m2/repository/org/apache/hadoop/hadoop-hdds-config/0.5.0-SNAPSHOT/hadoop-hdds-config-0.5.0-SNAPSHOT.jar:/home/user/.m2/repository/io/grpc/grpc-netty/1.17.1/grpc-netty-1.17.1.jar:/home/user/.m2/repository/io/grpc/grpc-core/1.17.1/grpc-core-1.17.1.jar:/home/user/.m2/repository/io/grpc/grpc-context/1.17.1/grpc-context-1.17.1.jar:/home/user/.m2/repository/com/google/errorprone/error_prone_annotations/2.2.0/error_prone_annotations-2.2.0.jar:/home/user/.m2/repository/org/codehaus/mojo/animal-sniffer-annotations/1.17/animal-sniffer-annotations-1.17.jar:/home/user/.m2/repository/io/opencensus/opencensus-api/0.17.0/opencensus-api-0.17.0.jar:/home/user/.m2/repository/io/opencensus/opencensus-contrib-grpc-metrics/0.17.0/opencensus-contrib-grpc-metrics-0.17.0.jar:/home/user/.m2/repository/io/netty/netty-codec-http2/4.1.30.Final/netty-codec-http2-4.1.30.Final.jar:/home/user/.m2/repository/io/netty/netty-codec-http/4.1.30.Final/netty-codec-http-4.1.30.Final.jar:/home/user/.m2/repository/io/netty/netty-codec/4.1.30.Final/netty-codec-4.1.30.Final.jar:/home/user/.m2/repository/io/netty/netty-handler/4.1.30.Final/netty-handler-4.1.30.Final.jar:/home/user/.m2/repository/io/netty/netty-handler-proxy/4.1.30.Final/netty-handler-proxy-4.1.30.Final.jar:/home/user/.m2/repository/io/netty/netty-codec-socks/4.1.30.Final/netty-codec-socks-4.1.30.Final.jar:/home/user/.m2/repository/io/netty/netty-transport-native-epoll/4.1.30.Final/netty-transport-native-epoll-4.1.30.Final.jar:/home/user/.m2/repository/io/netty/netty-common/4.1.30.Final/netty-common-4.1.30.Final.jar:/home/user/.m2/repository/io/netty/netty-buffer/4.1.30.Final/netty-buffer-4.1.30.Final.jar:/home/user/.m2/repository/io/netty/netty-transport/4.1.30.Final/netty-transport-4.1.30.Final.jar:/home/user/.m2/repository/io/netty/netty-resolver/4.1.30.Final/netty-resolver-4.1.30.Final.jar:/home/user/.m2/repository/io/netty/netty-transport-native-unix-common/4.1.30.Final/netty-transport-native-unix-common-4.1.30.Final.jar:/home/user/.m2/repository/io/grpc/grpc-protobuf/1.17.1/grpc-protobuf-1.17.1.jar:/home/user/.m2/repository/com/google/api/grpc/proto-google-common-protos/1.0.0/proto-google-common-protos-1.0.0.jar:/home/user/.m2/repository/io/grpc/grpc-protobuf-lite/1.17.1/grpc-protobuf-lite-1.17.1.jar:/home/user/.m2/repository/io/grpc/grpc-stub/1.17.1/grpc-stub-1.17.1.jar:/home/user/.m2/repository/org/apache/hadoop/hadoop-ozone-recon/0.5.0-SNAPSHOT/hadoop-ozone-recon-0.5.0-SNAPSHOT.jar:/home/user/.m2/repository/org/apache/hadoop/hadoop-ozone-reconcodegen/0.5.0-SNAPSHOT/hadoop-ozone-reconcodegen-0.5.0-SNAPSHOT.jar:/home/user/.m2/repository/com/google/inject/extensions/guice-multibindings/4.0/guice-multibindings-4.0.jar:/home/user/.m2/repository/com/google/inject/guice/4.0/guice-4.0.jar:/home/user/.m2/repository/aopalliance/aopalliance/1.0/aopalliance-1.0.jar:/home/user/.m2/repository/com/google/inject/extensions/guice-servlet/4.0/guice-servlet-4.0.jar:/home/user/.m2/repository/org/glassfish/jersey/containers/jersey-container-servlet/2.27/jersey-container-servlet-2.27.jar:/home/user/.m2/repository/org/glassfish/hk2/guice-bridge/2.5.0/guice-bridge-2.5.0.jar:/home/user/.m2/repository/org/glassfish/jersey/core/jersey-server/2.27/jersey-server-2.27.jar:/home/user/.m2/repository/org/glassfish/jersey/core/jersey-client/2.27/jersey-client-2.27.jar:/home/user/.m2/repository/org/glassfish/jersey/media/jersey-media-jaxb/2.27/jersey-media-jaxb-2.27.jar:/home/user/.m2/repository/javax/validation/validation-api/1.1.0.Final/validation-api-1.1.0.Final.jar:/home/user/.m2/repository/org/glassfish/jersey/media/jersey-media-json-jackson/2.27/jersey-media-json-jackson-2.27.jar:/home/user/.m2/repository/org/glassfish/jersey/ext/jersey-entity-filtering/2.27/jersey-entity-filtering-2.27.jar:/home/user/.m2/repository/com/google/inject/extensions/guice-assistedinject/4.0/guice-assistedinject-4.0.jar:/home/user/.m2/repository/org/jooq/jooq/3.11.10/jooq-3.11.10.jar:/home/user/.m2/repository/org/jooq/jooq-meta/3.11.10/jooq-meta-3.11.10.jar:/home/user/.m2/repository/org/jooq/jooq-codegen/3.11.10/jooq-codegen-3.11.10.jar:/home/user/.m2/repository/com/jolbox/bonecp/0.8.0.RELEASE/bonecp-0.8.0.RELEASE.jar:/home/user/.m2/repository/org/xerial/sqlite-jdbc/3.25.2/sqlite-jdbc-3.25.2.jar:/home/user/.m2/repository/org/springframework/spring-jdbc/5.1.3.RELEASE/spring-jdbc-5.1.3.RELEASE.jar:/home/user/.m2/repository/org/springframework/spring-beans/5.1.3.RELEASE/spring-beans-5.1.3.RELEASE.jar:/home/user/.m2/repository/org/springframework/spring-core/5.1.3.RELEASE/spring-core-5.1.3.RELEASE.jar:/home/user/.m2/repository/org/springframework/spring-jcl/5.1.3.RELEASE/spring-jcl-5.1.3.RELEASE.jar:/home/user/.m2/repository/org/springframework/spring-tx/5.1.3.RELEASE/spring-tx-5.1.3.RELEASE.jar:/home/user/.m2/repository/org/apache/hadoop/hadoop-ozone-client/0.5.0-SNAPSHOT/hadoop-ozone-client-0.5.0-SNAPSHOT.jar:/home/user/.m2/repository/commons-lang/commons-lang/2.6/commons-lang-2.6.jar:/home/user/.m2/repository/org/apache/hadoop/hadoop-ozone-ozone-manager/0.5.0-SNAPSHOT/hadoop-ozone-ozone-manager-0.5.0-SNAPSHOT-tests.jar:/home/user/.m2/repository/junit/junit/4.11/junit-4.11.jar:/home/user/.m2/repository/org/hamcrest/hamcrest-core/1.3/hamcrest-core-1.3.jar:/home/user/.m2/repository/org/openjdk/jmh/jmh-core/1.19/jmh-core-1.19.jar:/home/user/.m2/repository/net/sf/jopt-simple/jopt-simple/4.6/jopt-simple-4.6.jar:/home/user/.m2/repository/org/apache/commons/commons-math3/3.1.1/commons-math3-3.1.1.jar:/home/user/.m2/repository/org/openjdk/jmh/jmh-generator-annprocess/1.19/jmh-generator-annprocess-1.19.jar:/home/user/.m2/repository/org/mockito/mockito-all/1.8.5/mockito-all-1.8.5.jar:/home/user/.m2/repository/org/apache/hadoop/hadoop-kms/3.2.0/hadoop-kms-3.2.0.jar:/home/user/.m2/repository/org/apache/hadoop/hadoop-auth/3.2.0/hadoop-auth-3.2.0.jar:/home/user/.m2/repository/com/nimbusds/nimbus-jose-jwt/4.41.1/nimbus-jose-jwt-4.41.1.jar:/home/user/.m2/repository/com/github/stephenc/jcip/jcip-annotations/1.0-1/jcip-annotations-1.0-1.jar:/home/user/.m2/repository/net/minidev/json-smart/2.3/json-smart-2.3.jar:/home/user/.m2/repository/net/minidev/accessors-smart/1.2/accessors-smart-1.2.jar:/home/user/.m2/repository/org/ow2/asm/asm/5.0.4/asm-5.0.4.jar:/home/user/.m2/repository/org/apache/curator/curator-framework/2.12.0/curator-framework-2.12.0.jar:/home/user/.m2/repository/com/sun/jersey/jersey-core/1.19/jersey-core-1.19.jar:/home/user/.m2/repository/javax/ws/rs/jsr311-api/1.1.1/jsr311-api-1.1.1.jar:/home/user/.m2/repository/com/sun/jersey/jersey-server/1.19/jersey-server-1.19.jar:/home/user/.m2/repository/javax/servlet/javax.servlet-api/3.1.0/javax.servlet-api-3.1.0.jar:/home/user/.m2/repository/org/eclipse/jetty/jetty-server/9.3.25.v20180904/jetty-server-9.3.25.v20180904.jar:/home/user/.m2/repository/org/eclipse/jetty/jetty-http/9.3.25.v20180904/jetty-http-9.3.25.v20180904.jar:/home/user/.m2/repository/org/eclipse/jetty/jetty-io/9.3.25.v20180904/jetty-io-9.3.25.v20180904.jar:/home/user/.m2/repository/org/eclipse/jetty/jetty-webapp/9.3.25.v20180904/jetty-webapp-9.3.25.v20180904.jar:/home/user/.m2/repository/org/eclipse/jetty/jetty-xml/9.3.25.v20180904/jetty-xml-9.3.25.v20180904.jar:/home/user/.m2/repository/log4j/log4j/1.2.17/log4j-1.2.17.jar:/home/user/.m2/repository/org/slf4j/slf4j-api/1.7.25/slf4j-api-1.7.25.jar:/home/user/.m2/repository/org/slf4j/jul-to-slf4j/1.7.25/jul-to-slf4j-1.7.25.jar:/home/user/.m2/repository/org/eclipse/jetty/jetty-util/9.3.25.v20180904/jetty-util-9.3.25.v20180904.jar:/home/user/.m2/repository/com/fasterxml/jackson/core/jackson-databind/2.9.9/jackson-databind-2.9.9.jar:/home/user/.m2/repository/org/apache/hadoop/hadoop-kms/3.2.0/hadoop-kms-3.2.0-tests.jar:/home/user/.m2/repository/org/apache/hadoop/hadoop-hdds-server-scm/0.5.0-SNAPSHOT/hadoop-hdds-server-scm-0.5.0-SNAPSHOT-tests.jar:/home/user/.m2/repository/org/apache/hadoop/hadoop-hdds-container-service/0.5.0-SNAPSHOT/hadoop-hdds-container-service-0.5.0-SNAPSHOT-tests.jar:/home/user/.m2/repository/org/yaml/snakeyaml/1.16/snakeyaml-1.16.jar:/home/user/.m2/repository/org/apache/hadoop/hadoop-common/3.2.0/hadoop-common-3.2.0-tests.jar:/home/user/.m2/repository/org/apache/hadoop/hadoop-annotations/3.2.0/hadoop-annotations-3.2.0.jar:/usr/lib/jvm/java-1.8.0-openjdk-1.8.0.222.b10-1.el7_7.x86_64/jre/../lib/tools.jar:/home/user/.m2/repository/commons-cli/commons-cli/1.2/commons-cli-1.2.jar:/home/user/.m2/repository/org/apache/httpcomponents/httpclient/4.5.2/httpclient-4.5.2.jar:/home/user/.m2/repository/org/apache/httpcomponents/httpcore/4.4.4/httpcore-4.4.4.jar:/home/user/.m2/repository/commons-codec/commons-codec/1.11/commons-codec-1.11.jar:/home/user/.m2/repository/commons-net/commons-net/3.6/commons-net-3.6.jar:/home/user/.m2/repository/commons-collections/commons-collections/3.2.2/commons-collections-3.2.2.jar:/home/user/.m2/repository/org/eclipse/jetty/jetty-servlet/9.3.25.v20180904/jetty-servlet-9.3.25.v20180904.jar:/home/user/.m2/repository/org/eclipse/jetty/jetty-security/9.3.25.v20180904/jetty-security-9.3.25.v20180904.jar:/home/user/.m2/repository/javax/servlet/jsp/jsp-api/2.1/jsp-api-2.1.jar:/home/user/.m2/repository/com/sun/jersey/jersey-servlet/1.19/jersey-servlet-1.19.jar:/home/user/.m2/repository/com/sun/jersey/jersey-json/1.19/jersey-json-1.19.jar:/home/user/.m2/repository/org/codehaus/jettison/jettison/1.1/jettison-1.1.jar:/home/user/.m2/repository/org/codehaus/jackson/jackson-core-asl/1.9.13/jackson-core-asl-1.9.13.jar:/home/user/.m2/repository/org/codehaus/jackson/jackson-mapper-asl/1.9.13/jackson-mapper-asl-1.9.13.jar:/home/user/.m2/repository/org/codehaus/jackson/jackson-jaxrs/1.9.13/jackson-jaxrs-1.9.13.jar:/home/user/.m2/repository/org/codehaus/jackson/jackson-xc/1.9.13/jackson-xc-1.9.13.jar:/home/user/.m2/repository/commons-logging/commons-logging/1.1.3/commons-logging-1.1.3.jar:/home/user/.m2/repository/commons-beanutils/commons-beanutils/1.9.4/commons-beanutils-1.9.4.jar:/home/user/.m2/repository/org/apache/commons/commons-configuration2/2.1.1/commons-configuration2-2.1.1.jar:/home/user/.m2/repository/org/apache/commons/commons-lang3/3.7/commons-lang3-3.7.jar:/home/user/.m2/repository/org/apache/commons/commons-text/1.4/commons-text-1.4.jar:/home/user/.m2/repository/org/apache/avro/avro/1.7.7/avro-1.7.7.jar:/home/user/.m2/repository/com/thoughtworks/paranamer/paranamer/2.3/paranamer-2.3.jar:/home/user/.m2/repository/org/xerial/snappy/snappy-java/1.0.5/snappy-java-1.0.5.jar:/home/user/.m2/repository/com/google/re2j/re2j/1.1/re2j-1.1.jar:/home/user/.m2/repository/com/google/code/gson/gson/2.2.4/gson-2.2.4.jar:/home/user/.m2/repository/com/jcraft/jsch/0.1.54/jsch-0.1.54.jar:/home/user/.m2/repository/org/apache/curator/curator-client/2.12.0/curator-client-2.12.0.jar:/home/user/.m2/repository/org/apache/curator/curator-recipes/2.12.0/curator-recipes-2.12.0.jar:/home/user/.m2/repository/com/google/code/findbugs/jsr305/3.0.0/jsr305-3.0.0.jar:/home/user/.m2/repository/org/apache/htrace/htrace-core4/4.1.0-incubating/htrace-core4-4.1.0-incubating.jar:/home/user/.m2/repository/org/apache/zookeeper/zookeeper/3.4.13/zookeeper-3.4.13.jar:/home/user/.m2/repository/jline/jline/0.9.94/jline-0.9.94.jar:/home/user/.m2/repository/org/apache/yetus/audience-annotations/0.5.0/audience-annotations-0.5.0.jar:/home/user/.m2/repository/org/codehaus/woodstox/stax2-api/3.1.4/stax2-api-3.1.4.jar:/home/user/.m2/repository/com/fasterxml/woodstox/woodstox-core/5.0.3/woodstox-core-5.0.3.jar:/home/user/.m2/repository/dnsjava/dnsjava/2.1.7/dnsjava-2.1.7.jar:/home/user/.m2/repository/org/apache/hadoop/hadoop-hdfs/3.2.0/hadoop-hdfs-3.2.0-tests.jar:/home/user/.m2/repository/org/eclipse/jetty/jetty-util-ajax/9.3.25.v20180904/jetty-util-ajax-9.3.25.v20180904.jar:/home/user/.m2/repository/commons-daemon/commons-daemon/1.0.13/commons-daemon-1.0.13.jar:/home/user/.m2/repository/io/netty/netty/3.10.5.Final/netty-3.10.5.Final.jar:/home/user/.m2/repository/io/netty/netty-all/4.0.52.Final/netty-all-4.0.52.Final.jar:/home/user/.m2/repository/org/fusesource/leveldbjni/leveldbjni-all/1.8/leveldbjni-all-1.8.jar:"/>
    <property name="sun.cpu.endian" value="little"/>
    <property name="user.home" value="/home/user"/>
    <property name="user.language" value="en"/>
    <property name="java.specification.vendor" value="Oracle Corporation"/>
    <property name="java.home" value="/usr/lib/jvm/java-1.8.0-openjdk-1.8.0.222.b10-1.el7_7.x86_64/jre"/>
    <property name="surefire.excludesFile" value="/tools/ozone-bad-unit-tests"/>
    <property name="java.security.krb5.conf" value="/workdir/hadoop-ozone/integration-test/target/test-classes/krb5.conf"/>
    <property name="basedir" value="/workdir/hadoop-ozone/integration-test"/>
    <property name="file.separator" value="/"/>
    <property name="line.separator" value="&#10;"/>
    <property name="java.vm.specification.vendor" value="Oracle Corporation"/>
    <property name="java.specification.name" value="Java Platform API Specification"/>
    <property name="java.awt.graphicsenv" value="sun.awt.X11GraphicsEnvironment"/>
    <property name="surefire.real.class.path" value="/workdir/hadoop-ozone/integration-test/target/surefire/surefirebooter6468665934753648884.jar"/>
    <property name="hadoop.log.dir" value="/workdir/hadoop-ozone/integration-test/target/log"/>
    <property name="sun.boot.class.path" value="/usr/lib/jvm/java-1.8.0-openjdk-1.8.0.222.b10-1.el7_7.x86_64/jre/lib/resources.jar:/usr/lib/jvm/java-1.8.0-openjdk-1.8.0.222.b10-1.el7_7.x86_64/jre/lib/rt.jar:/usr/lib/jvm/java-1.8.0-openjdk-1.8.0.222.b10-1.el7_7.x86_64/jre/lib/sunrsasign.jar:/usr/lib/jvm/java-1.8.0-openjdk-1.8.0.222.b10-1.el7_7.x86_64/jre/lib/jsse.jar:/usr/lib/jvm/java-1.8.0-openjdk-1.8.0.222.b10-1.el7_7.x86_64/jre/lib/jce.jar:/usr/lib/jvm/java-1.8.0-openjdk-1.8.0.222.b10-1.el7_7.x86_64/jre/lib/charsets.jar:/usr/lib/jvm/java-1.8.0-openjdk-1.8.0.222.b10-1.el7_7.x86_64/jre/lib/jfr.jar:/usr/lib/jvm/java-1.8.0-openjdk-1.8.0.222.b10-1.el7_7.x86_64/jre/classes"/>
    <property name="sun.management.compiler" value="HotSpot 64-Bit Tiered Compilers"/>
    <property name="java.runtime.version" value="1.8.0_222-b10"/>
    <property name="java.net.preferIPv4Stack" value="true"/>
    <property name="user.name" value="jenkins1000"/>
    <property name="path.separator" value=":"/>
    <property name="java.security.egd" value="file:///dev/urandom"/>
    <property name="os.version" value="3.10.0-957.12.2.el7.x86_64"/>
    <property name="java.endorsed.dirs" value="/usr/lib/jvm/java-1.8.0-openjdk-1.8.0.222.b10-1.el7_7.x86_64/jre/lib/endorsed"/>
    <property name="java.runtime.name" value="OpenJDK Runtime Environment"/>
    <property name="file.encoding" value="ANSI_X3.4-1968"/>
    <property name="java.vm.name" value="OpenJDK 64-Bit Server VM"/>
    <property name="test.build.webapps" value=""/>
    <property name="localRepository" value="/home/user/.m2/repository"/>
    <property name="java.vendor.url.bug" value="http://bugreport.sun.com/bugreport/"/>
    <property name="java.io.tmpdir" value="/tmp"/>
    <property name="require.test.libhadoop" value=""/>
    <property name="java.version" value="1.8.0_222"/>
    <property name="user.dir" value="/workdir/hadoop-ozone/integration-test"/>
    <property name="os.arch" value="amd64"/>
    <property name="java.vm.specification.name" value="Java Virtual Machine Specification"/>
    <property name="test.build.classes" value="/workdir/hadoop-ozone/integration-test/target/test-classes"/>
    <property name="java.awt.printerjob" value="sun.print.PSPrinterJob"/>
    <property name="sun.os.patch.level" value="unknown"/>
    <property name="hadoop.tmp.dir" value="/workdir/hadoop-ozone/integration-test/target/tmp"/>
    <property name="java.library.path" value="/usr/lib:/workdir/hadoop-ozone/integration-test/target/native/target/usr/local/lib:/workdir/hadoop-ozone/integration-test/../../hadoop-common-project/hadoop-common/target/native/target/usr/local/lib:/usr/java/packages/lib/amd64:/usr/lib64:/lib64:/lib:/usr/lib"/>
    <property name="java.vm.info" value="mixed mode"/>
    <property name="java.vendor" value="Oracle Corporation"/>
    <property name="java.vm.version" value="25.222-b10"/>
    <property name="java.ext.dirs" value="/usr/lib/jvm/java-1.8.0-openjdk-1.8.0.222.b10-1.el7_7.x86_64/jre/lib/ext:/usr/java/packages/lib/ext"/>
    <property name="sun.io.unicode.encoding" value="UnicodeLittle"/>
    <property name="java.class.version" value="52.0"/>
  </properties>
  <testcase name="testPutKeyAndGetKeyThreeNodes" classname="org.apache.hadoop.ozone.client.rpc.TestReadRetries" time="0.923">
    <error type="java.lang.NullPointerException">java.lang.NullPointerException
	at org.apache.hadoop.ozone.om.KeyManagerImpl.refreshPipeline(KeyManagerImpl.java:689)
	at org.apache.hadoop.ozone.om.KeyManagerImpl.lookupKey(KeyManagerImpl.java:651)
	at org.apache.hadoop.ozone.om.OzoneManager.lookupKey(OzoneManager.java:2149)
	at org.apache.hadoop.ozone.client.rpc.TestReadRetries.testPutKeyAndGetKeyThreeNodes(TestReadRetries.java:148)
	at sun.reflect.NativeMethodAccessorImpl.invoke0(Native Method)
	at sun.reflect.NativeMethodAccessorImpl.invoke(NativeMethodAccessorImpl.java:62)
	at sun.reflect.DelegatingMethodAccessorImpl.invoke(DelegatingMethodAccessorImpl.java:43)
	at java.lang.reflect.Method.invoke(Method.java:498)
	at org.junit.runners.model.FrameworkMethod$1.runReflectiveCall(FrameworkMethod.java:47)
	at org.junit.internal.runners.model.ReflectiveCallable.run(ReflectiveCallable.java:12)
	at org.junit.runners.model.FrameworkMethod.invokeExplosively(FrameworkMethod.java:44)
	at org.junit.internal.runners.statements.InvokeMethod.evaluate(InvokeMethod.java:17)
	at org.junit.rules.ExpectedException$ExpectedExceptionStatement.evaluate(ExpectedException.java:168)
	at org.junit.rules.RunRules.evaluate(RunRules.java:20)
	at org.junit.runners.ParentRunner.runLeaf(ParentRunner.java:271)
	at org.junit.runners.BlockJUnit4ClassRunner.runChild(BlockJUnit4ClassRunner.java:70)
	at org.junit.runners.BlockJUnit4ClassRunner.runChild(BlockJUnit4ClassRunner.java:50)
	at org.junit.runners.ParentRunner$3.run(ParentRunner.java:238)
	at org.junit.runners.ParentRunner$1.schedule(ParentRunner.java:63)
	at org.junit.runners.ParentRunner.runChildren(ParentRunner.java:236)
	at org.junit.runners.ParentRunner.access$000(ParentRunner.java:53)
	at org.junit.runners.ParentRunner$2.evaluate(ParentRunner.java:229)
	at org.junit.internal.runners.statements.RunBefores.evaluate(RunBefores.java:26)
	at org.junit.internal.runners.statements.RunAfters.evaluate(RunAfters.java:27)
	at org.junit.runners.ParentRunner.run(ParentRunner.java:309)
	at org.apache.maven.surefire.junit4.JUnit4Provider.execute(JUnit4Provider.java:365)
	at org.apache.maven.surefire.junit4.JUnit4Provider.executeWithRerun(JUnit4Provider.java:273)
	at org.apache.maven.surefire.junit4.JUnit4Provider.executeTestSet(JUnit4Provider.java:238)
	at org.apache.maven.surefire.junit4.JUnit4Provider.invoke(JUnit4Provider.java:159)
	at org.apache.maven.surefire.booter.ForkedBooter.invokeProviderInSameClassLoader(ForkedBooter.java:384)
	at org.apache.maven.surefire.booter.ForkedBooter.runSuitesInProcess(ForkedBooter.java:345)
	at org.apache.maven.surefire.booter.ForkedBooter.execute(ForkedBooter.java:126)
	at org.apache.maven.surefire.booter.ForkedBooter.main(ForkedBooter.java:418)
</error>
    <system-out><![CDATA[2019-11-19 00:12:23,065 [main] WARN  server.ServerUtils (ServerUtils.java:getScmDbDir(145)) - ozone.scm.db.dirs is not configured. We recommend adding this setting. Falling back to ozone.metadata.dirs instead.
2019-11-19 00:12:23,169 [main] WARN  server.ServerUtils (ServerUtils.java:getScmDbDir(145)) - ozone.scm.db.dirs is not configured. We recommend adding this setting. Falling back to ozone.metadata.dirs instead.
2019-11-19 00:12:23,172 [main] WARN  server.ServerUtils (ServerUtils.java:getScmDbDir(145)) - ozone.scm.db.dirs is not configured. We recommend adding this setting. Falling back to ozone.metadata.dirs instead.
2019-11-19 00:12:23,196 [main] INFO  util.log (Log.java:initialized(192)) - Logging initialized @820ms
2019-11-19 00:12:23,290 [main] INFO  db.DBStoreBuilder (DBStoreBuilder.java:addTable(127)) - using custom profile for table: deletedBlocks
2019-11-19 00:12:23,290 [main] INFO  db.DBStoreBuilder (DBStoreBuilder.java:processTables(183)) - Using default column profile:DBProfile.DISK for Table:deletedBlocks
2019-11-19 00:12:23,291 [main] INFO  db.DBStoreBuilder (DBStoreBuilder.java:addTable(127)) - using custom profile for table: validCerts
2019-11-19 00:12:23,291 [main] INFO  db.DBStoreBuilder (DBStoreBuilder.java:processTables(183)) - Using default column profile:DBProfile.DISK for Table:validCerts
2019-11-19 00:12:23,291 [main] INFO  db.DBStoreBuilder (DBStoreBuilder.java:addTable(127)) - using custom profile for table: revokedCerts
2019-11-19 00:12:23,291 [main] INFO  db.DBStoreBuilder (DBStoreBuilder.java:processTables(183)) - Using default column profile:DBProfile.DISK for Table:revokedCerts
2019-11-19 00:12:23,302 [main] INFO  db.DBStoreBuilder (DBStoreBuilder.java:addTable(127)) - using custom profile for table: default
2019-11-19 00:12:23,302 [main] INFO  db.DBStoreBuilder (DBStoreBuilder.java:processTables(189)) - Using default column profile:DBProfile.DISK for Table:default
2019-11-19 00:12:23,304 [main] INFO  db.DBStoreBuilder (DBStoreBuilder.java:getDbProfile(220)) - Using default options. DBProfile.DISK
2019-11-19 00:12:23,680 [main] INFO  net.NodeSchemaLoader (NodeSchemaLoader.java:loadSchemaFromFile(125)) - Loading file from sun.misc.CompoundEnumeration@557caf28
2019-11-19 00:12:23,681 [main] INFO  net.NodeSchemaLoader (NodeSchemaLoader.java:loadSchema(171)) - Loading network topology layer schema file
2019-11-19 00:12:23,744 [main] WARN  server.ServerUtils (ServerUtils.java:sanitizeUserArgs(70)) - ozone.scm.stale.node.interval value = 300000 is larger than max = 100000 based on the key value of ozone.scm.heartbeat.thread.interval, reset to the max value 100000.
2019-11-19 00:12:23,746 [main] WARN  server.ServerUtils (ServerUtils.java:sanitizeUserArgs(70)) - ozone.scm.stale.node.interval value = 300000 is larger than max = 100000 based on the key value of ozone.scm.heartbeat.thread.interval, reset to the max value 100000.
2019-11-19 00:12:23,748 [main] INFO  node.SCMNodeManager (SCMNodeManager.java:<init>(116)) - Entering startup safe mode.
2019-11-19 00:12:23,813 [main] INFO  algorithms.ContainerPlacementPolicyFactory (ContainerPlacementPolicyFactory.java:getPolicy(57)) - Create container placement policy of type org.apache.hadoop.hdds.scm.container.placement.algorithms.SCMContainerPlacementRandom
2019-11-19 00:12:23,827 [main] WARN  server.ServerUtils (ServerUtils.java:getScmDbDir(145)) - ozone.scm.db.dirs is not configured. We recommend adding this setting. Falling back to ozone.metadata.dirs instead.
2019-11-19 00:12:23,916 [main] INFO  pipeline.SCMPipelineManager (SCMPipelineManager.java:initializePipelineState(136)) - No pipeline exists in current db
2019-11-19 00:12:23,918 [main] WARN  server.ServerUtils (ServerUtils.java:getScmDbDir(145)) - ozone.scm.db.dirs is not configured. We recommend adding this setting. Falling back to ozone.metadata.dirs instead.
2019-11-19 00:12:24,039 [main] INFO  safemode.HealthyPipelineSafeModeRule (HealthyPipelineSafeModeRule.java:<init>(92)) -  Total pipeline count is 0, healthy pipeline threshold count is 1
2019-11-19 00:12:24,042 [main] INFO  safemode.OneReplicaPipelineSafeModeRule (OneReplicaPipelineSafeModeRule.java:<init>(79)) - Total pipeline count is 0, pipeline's with at least one datanode reported threshold count is 0
2019-11-19 00:12:24,043 [main] WARN  events.EventQueue (EventQueue.java:fireEvent(183)) - No event handler registered for event TypedEvent{payloadType=SafeModeStatus, name='SafeModeStatus'}
2019-11-19 00:12:24,392 [main] INFO  ipc.CallQueueManager (CallQueueManager.java:<init>(84)) - Using callQueue: class java.util.concurrent.LinkedBlockingQueue, queueCapacity: 2000, scheduler: class org.apache.hadoop.ipc.DefaultRpcScheduler, ipcBackoff: false.
2019-11-19 00:12:24,502 [Socket Reader #1 for port 46217] INFO  ipc.Server (Server.java:run(1074)) - Starting Socket Reader #1 for port 46217
2019-11-19 00:12:24,524 [main] INFO  ipc.CallQueueManager (CallQueueManager.java:<init>(84)) - Using callQueue: class java.util.concurrent.LinkedBlockingQueue, queueCapacity: 2000, scheduler: class org.apache.hadoop.ipc.DefaultRpcScheduler, ipcBackoff: false.
2019-11-19 00:12:24,525 [Socket Reader #1 for port 45187] INFO  ipc.Server (Server.java:run(1074)) - Starting Socket Reader #1 for port 45187
2019-11-19 00:12:24,531 [main] INFO  ipc.CallQueueManager (CallQueueManager.java:<init>(84)) - Using callQueue: class java.util.concurrent.LinkedBlockingQueue, queueCapacity: 2000, scheduler: class org.apache.hadoop.ipc.DefaultRpcScheduler, ipcBackoff: false.
2019-11-19 00:12:24,532 [Socket Reader #1 for port 44759] INFO  ipc.Server (Server.java:run(1074)) - Starting Socket Reader #1 for port 44759
2019-11-19 00:12:24,551 [main] INFO  hdfs.DFSUtil (DFSUtil.java:httpServerTemplateForNNAndJN(1641)) - Starting Web-server for scm at: http://0.0.0.0:0
2019-11-19 00:12:24,745 [main] INFO  server.AuthenticationFilter (AuthenticationFilter.java:constructSecretProvider(240)) - Unable to initialize FileSignerSecretProvider, falling back to use random secrets.
2019-11-19 00:12:24,758 [main] WARN  http.HttpRequestLog (HttpRequestLog.java:getRequestLog(97)) - Jetty request log can only be enabled using Log4j
2019-11-19 00:12:24,768 [main] INFO  http.HttpServer2 (HttpServer2.java:addGlobalFilter(975)) - Added global filter 'safety' (class=org.apache.hadoop.http.HttpServer2$QuotingInputFilter)
2019-11-19 00:12:24,771 [main] INFO  http.HttpServer2 (HttpServer2.java:addFilter(948)) - Added filter static_user_filter (class=org.apache.hadoop.http.lib.StaticUserWebFilter$StaticUserFilter) to context scm
2019-11-19 00:12:24,771 [main] INFO  http.HttpServer2 (HttpServer2.java:addFilter(958)) - Added filter static_user_filter (class=org.apache.hadoop.http.lib.StaticUserWebFilter$StaticUserFilter) to context logs
2019-11-19 00:12:24,771 [main] INFO  http.HttpServer2 (HttpServer2.java:addFilter(958)) - Added filter static_user_filter (class=org.apache.hadoop.http.lib.StaticUserWebFilter$StaticUserFilter) to context static
2019-11-19 00:12:24,807 [main] INFO  server.StorageContainerManager (StorageContainerManager.java:start(765)) - StorageContainerLocationProtocol RPC server is listening at /0.0.0.0:44759
2019-11-19 00:12:24,878 [main] WARN  impl.MetricsConfig (MetricsConfig.java:loadFirst(134)) - Cannot locate configuration: tried hadoop-metrics2-storagecontainermanager.properties,hadoop-metrics2.properties
2019-11-19 00:12:24,892 [main] INFO  impl.MetricsSystemImpl (MetricsSystemImpl.java:startTimer(374)) - Scheduled Metric snapshot period at 10 second(s).
2019-11-19 00:12:24,893 [main] INFO  impl.MetricsSystemImpl (MetricsSystemImpl.java:start(191)) - StorageContainerManager metrics system started
2019-11-19 00:12:25,135 [main] INFO  server.SCMClientProtocolServer (SCMClientProtocolServer.java:start(160)) - RPC server for Client  is listening at /0.0.0.0:44759
2019-11-19 00:12:25,136 [IPC Server Responder] INFO  ipc.Server (Server.java:run(1314)) - IPC Server Responder: starting
2019-11-19 00:12:25,136 [IPC Server listener on 44759] INFO  ipc.Server (Server.java:run(1153)) - IPC Server listener on 44759: starting
2019-11-19 00:12:25,139 [main] INFO  server.StorageContainerManager (StorageContainerManager.java:start(775)) - ScmBlockLocationProtocol RPC server is listening at /0.0.0.0:45187
2019-11-19 00:12:25,139 [main] INFO  server.SCMBlockProtocolServer (SCMBlockProtocolServer.java:start(146)) - RPC server for Block Protocol is listening at /0.0.0.0:45187
2019-11-19 00:12:25,140 [IPC Server Responder] INFO  ipc.Server (Server.java:run(1314)) - IPC Server Responder: starting
2019-11-19 00:12:25,140 [IPC Server listener on 45187] INFO  ipc.Server (Server.java:run(1153)) - IPC Server listener on 45187: starting
2019-11-19 00:12:25,142 [main] INFO  server.StorageContainerManager (StorageContainerManager.java:start(779)) - ScmDatanodeProtocl RPC server is listening at /0.0.0.0:46217
2019-11-19 00:12:25,142 [main] INFO  server.SCMDatanodeProtocolServer (SCMDatanodeProtocolServer.java:start(177)) - RPC server for DataNodes is listening at /0.0.0.0:46217
2019-11-19 00:12:25,143 [IPC Server Responder] INFO  ipc.Server (Server.java:run(1314)) - IPC Server Responder: starting
2019-11-19 00:12:25,143 [IPC Server listener on 46217] INFO  ipc.Server (Server.java:run(1153)) - IPC Server listener on 46217: starting
2019-11-19 00:12:25,147 [main] INFO  http.HttpServer2 (HttpServer2.java:bindListener(1191)) - Jetty bound to port 33125
2019-11-19 00:12:25,149 [main] INFO  server.Server (Server.java:doStart(351)) - jetty-9.3.25.v20180904, build timestamp: 2018-09-04T21:11:46Z, git hash: 3ce520221d0240229c862b122d2b06c12a625732
2019-11-19 00:12:25,185 [main] INFO  handler.ContextHandler (ContextHandler.java:doStart(781)) - Started o.e.j.s.ServletContextHandler@4cf8b2dc{/logs,file:///workdir/hadoop-ozone/integration-test/target/log,AVAILABLE}
2019-11-19 00:12:25,185 [main] INFO  handler.ContextHandler (ContextHandler.java:doStart(781)) - Started o.e.j.s.ServletContextHandler@5829e4f4{/static,file:///workdir/hadoop-ozone/integration-test/target/test-classes/webapps/static,AVAILABLE}
2019-11-19 00:12:25,216 [main] INFO  handler.ContextHandler (ContextHandler.java:doStart(781)) - Started o.e.j.w.WebAppContext@4b629f13{/,file:///workdir/hadoop-ozone/integration-test/target/test-classes/webapps/scm/,AVAILABLE}{/scm}
2019-11-19 00:12:25,222 [main] INFO  server.AbstractConnector (AbstractConnector.java:doStart(278)) - Started ServerConnector@27cf3151{HTTP/1.1,[http/1.1]}{0.0.0.0:33125}
2019-11-19 00:12:25,222 [main] INFO  server.Server (Server.java:doStart(419)) - Started @2847ms
2019-11-19 00:12:25,224 [main] INFO  impl.MetricsSinkAdapter (MetricsSinkAdapter.java:start(204)) - Sink prometheus started
2019-11-19 00:12:25,224 [main] INFO  impl.MetricsSystemImpl (MetricsSystemImpl.java:registerSink(301)) - Registered sink prometheus
2019-11-19 00:12:25,225 [main] INFO  server.BaseHttpServer (BaseHttpServer.java:updateConnectorAddress(215)) - HTTP server of SCM is listening at http://0.0.0.0:33125
2019-11-19 00:12:25,230 [org.apache.hadoop.util.JvmPauseMonitor$Monitor@2427e004] INFO  util.JvmPauseMonitor (JvmPauseMonitor.java:run(188)) - Starting JVM pause monitor
2019-11-19 00:12:25,233 [main] WARN  server.ServerUtils (ServerUtils.java:getDBPath(222)) - ozone.om.db.dirs is not configured. We recommend adding this setting. Falling back to ozone.metadata.dirs instead.
2019-11-19 00:12:25,349 [main] INFO  ha.OMHANodeDetails (OMHANodeDetails.java:loadOMHAConfig(190)) - Configuration either no ozone.om.address set. Falling back to the default OM address /127.0.0.1:0
2019-11-19 00:12:25,349 [main] INFO  ha.OMHANodeDetails (OMHANodeDetails.java:getOMNodeDetails(220)) - OM Service ID is not set. Setting it to the default ID: omServiceIdDefault
2019-11-19 00:12:25,351 [main] WARN  server.ServerUtils (ServerUtils.java:getDBPath(222)) - ozone.om.db.dirs is not configured. We recommend adding this setting. Falling back to ozone.metadata.dirs instead.
2019-11-19 00:12:25,351 [main] WARN  server.ServerUtils (ServerUtils.java:getDBPath(222)) - ozone.om.db.dirs is not configured. We recommend adding this setting. Falling back to ozone.metadata.dirs instead.
2019-11-19 00:12:25,975 [main] WARN  server.ServerUtils (ServerUtils.java:getDBPath(222)) - ozone.om.db.dirs is not configured. We recommend adding this setting. Falling back to ozone.metadata.dirs instead.
2019-11-19 00:12:25,983 [main] INFO  db.DBStoreBuilder (DBStoreBuilder.java:addTable(127)) - using custom profile for table: userTable
2019-11-19 00:12:25,983 [main] INFO  db.DBStoreBuilder (DBStoreBuilder.java:processTables(183)) - Using default column profile:DBProfile.DISK for Table:userTable
2019-11-19 00:12:25,983 [main] INFO  db.DBStoreBuilder (DBStoreBuilder.java:addTable(127)) - using custom profile for table: volumeTable
2019-11-19 00:12:25,983 [main] INFO  db.DBStoreBuilder (DBStoreBuilder.java:processTables(183)) - Using default column profile:DBProfile.DISK for Table:volumeTable
2019-11-19 00:12:25,984 [main] INFO  db.DBStoreBuilder (DBStoreBuilder.java:addTable(127)) - using custom profile for table: bucketTable
2019-11-19 00:12:25,984 [main] INFO  db.DBStoreBuilder (DBStoreBuilder.java:processTables(183)) - Using default column profile:DBProfile.DISK for Table:bucketTable
2019-11-19 00:12:25,984 [main] INFO  db.DBStoreBuilder (DBStoreBuilder.java:addTable(127)) - using custom profile for table: keyTable
2019-11-19 00:12:25,984 [main] INFO  db.DBStoreBuilder (DBStoreBuilder.java:processTables(183)) - Using default column profile:DBProfile.DISK for Table:keyTable
2019-11-19 00:12:25,984 [main] INFO  db.DBStoreBuilder (DBStoreBuilder.java:addTable(127)) - using custom profile for table: deletedTable
2019-11-19 00:12:25,985 [main] INFO  db.DBStoreBuilder (DBStoreBuilder.java:processTables(183)) - Using default column profile:DBProfile.DISK for Table:deletedTable
2019-11-19 00:12:25,985 [main] INFO  db.DBStoreBuilder (DBStoreBuilder.java:addTable(127)) - using custom profile for table: openKeyTable
2019-11-19 00:12:25,985 [main] INFO  db.DBStoreBuilder (DBStoreBuilder.java:processTables(183)) - Using default column profile:DBProfile.DISK for Table:openKeyTable
2019-11-19 00:12:25,985 [main] INFO  db.DBStoreBuilder (DBStoreBuilder.java:addTable(127)) - using custom profile for table: s3Table
2019-11-19 00:12:25,985 [main] INFO  db.DBStoreBuilder (DBStoreBuilder.java:processTables(183)) - Using default column profile:DBProfile.DISK for Table:s3Table
2019-11-19 00:12:25,986 [main] INFO  db.DBStoreBuilder (DBStoreBuilder.java:addTable(127)) - using custom profile for table: multipartInfoTable
2019-11-19 00:12:25,986 [main] INFO  db.DBStoreBuilder (DBStoreBuilder.java:processTables(183)) - Using default column profile:DBProfile.DISK for Table:multipartInfoTable
2019-11-19 00:12:25,986 [main] INFO  db.DBStoreBuilder (DBStoreBuilder.java:addTable(127)) - using custom profile for table: dTokenTable
2019-11-19 00:12:25,986 [main] INFO  db.DBStoreBuilder (DBStoreBuilder.java:processTables(183)) - Using default column profile:DBProfile.DISK for Table:dTokenTable
2019-11-19 00:12:25,987 [main] INFO  db.DBStoreBuilder (DBStoreBuilder.java:addTable(127)) - using custom profile for table: s3SecretTable
2019-11-19 00:12:25,987 [main] INFO  db.DBStoreBuilder (DBStoreBuilder.java:processTables(183)) - Using default column profile:DBProfile.DISK for Table:s3SecretTable
2019-11-19 00:12:25,987 [main] INFO  db.DBStoreBuilder (DBStoreBuilder.java:addTable(127)) - using custom profile for table: prefixTable
2019-11-19 00:12:25,987 [main] INFO  db.DBStoreBuilder (DBStoreBuilder.java:processTables(183)) - Using default column profile:DBProfile.DISK for Table:prefixTable
2019-11-19 00:12:25,988 [main] INFO  db.DBStoreBuilder (DBStoreBuilder.java:addTable(127)) - using custom profile for table: default
2019-11-19 00:12:25,988 [main] INFO  db.DBStoreBuilder (DBStoreBuilder.java:processTables(189)) - Using default column profile:DBProfile.DISK for Table:default
2019-11-19 00:12:25,988 [main] INFO  db.DBStoreBuilder (DBStoreBuilder.java:getDbProfile(220)) - Using default options. DBProfile.DISK
2019-11-19 00:12:26,720 [main] INFO  ipc.CallQueueManager (CallQueueManager.java:<init>(84)) - Using callQueue: class java.util.concurrent.LinkedBlockingQueue, queueCapacity: 2000, scheduler: class org.apache.hadoop.ipc.DefaultRpcScheduler, ipcBackoff: false.
2019-11-19 00:12:26,721 [Socket Reader #1 for port 38814] INFO  ipc.Server (Server.java:run(1074)) - Starting Socket Reader #1 for port 38814
2019-11-19 00:12:26,755 [main] INFO  om.OzoneManager (OzoneManager.java:start(1077)) - OzoneManager RPC server is listening at localhost/127.0.0.1:38814
2019-11-19 00:12:26,756 [main] INFO  impl.MetricsSystemImpl (MetricsSystemImpl.java:init(158)) - OzoneManager metrics system started (again)
2019-11-19 00:12:26,766 [IPC Server Responder] INFO  ipc.Server (Server.java:run(1314)) - IPC Server Responder: starting
2019-11-19 00:12:26,766 [IPC Server listener on 38814] INFO  ipc.Server (Server.java:run(1153)) - IPC Server listener on 38814: starting
2019-11-19 00:12:26,779 [main] INFO  hdfs.DFSUtil (DFSUtil.java:httpServerTemplateForNNAndJN(1641)) - Starting Web-server for ozoneManager at: http://0.0.0.0:0
2019-11-19 00:12:26,780 [main] INFO  server.AuthenticationFilter (AuthenticationFilter.java:constructSecretProvider(240)) - Unable to initialize FileSignerSecretProvider, falling back to use random secrets.
2019-11-19 00:12:26,781 [main] WARN  http.HttpRequestLog (HttpRequestLog.java:getRequestLog(97)) - Jetty request log can only be enabled using Log4j
2019-11-19 00:12:26,783 [main] INFO  http.HttpServer2 (HttpServer2.java:addGlobalFilter(975)) - Added global filter 'safety' (class=org.apache.hadoop.http.HttpServer2$QuotingInputFilter)
2019-11-19 00:12:26,784 [main] INFO  http.HttpServer2 (HttpServer2.java:addFilter(948)) - Added filter static_user_filter (class=org.apache.hadoop.http.lib.StaticUserWebFilter$StaticUserFilter) to context ozoneManager
2019-11-19 00:12:26,784 [main] INFO  http.HttpServer2 (HttpServer2.java:addFilter(958)) - Added filter static_user_filter (class=org.apache.hadoop.http.lib.StaticUserWebFilter$StaticUserFilter) to context logs
2019-11-19 00:12:26,784 [main] INFO  http.HttpServer2 (HttpServer2.java:addFilter(958)) - Added filter static_user_filter (class=org.apache.hadoop.http.lib.StaticUserWebFilter$StaticUserFilter) to context static
2019-11-19 00:12:26,786 [main] INFO  http.HttpServer2 (HttpServer2.java:bindListener(1191)) - Jetty bound to port 34585
2019-11-19 00:12:26,787 [main] INFO  server.Server (Server.java:doStart(351)) - jetty-9.3.25.v20180904, build timestamp: 2018-09-04T21:11:46Z, git hash: 3ce520221d0240229c862b122d2b06c12a625732
2019-11-19 00:12:26,789 [main] INFO  handler.ContextHandler (ContextHandler.java:doStart(781)) - Started o.e.j.s.ServletContextHandler@43826ec{/logs,file:///workdir/hadoop-ozone/integration-test/target/log,AVAILABLE}
2019-11-19 00:12:26,789 [main] INFO  handler.ContextHandler (ContextHandler.java:doStart(781)) - Started o.e.j.s.ServletContextHandler@6b63d445{/static,file:///workdir/hadoop-ozone/integration-test/target/test-classes/webapps/static,AVAILABLE}
2019-11-19 00:12:26,794 [main] INFO  handler.ContextHandler (ContextHandler.java:doStart(781)) - Started o.e.j.w.WebAppContext@71391b3f{/,file:///workdir/hadoop-ozone/integration-test/target/test-classes/webapps/ozoneManager/,AVAILABLE}{/ozoneManager}
2019-11-19 00:12:26,795 [main] INFO  server.AbstractConnector (AbstractConnector.java:doStart(278)) - Started ServerConnector@2cfbeac4{HTTP/1.1,[http/1.1]}{0.0.0.0:34585}
2019-11-19 00:12:26,795 [main] INFO  server.Server (Server.java:doStart(419)) - Started @4420ms
2019-11-19 00:12:26,795 [main] WARN  impl.MetricsSystemImpl (MetricsSystemImpl.java:register(276)) - Sink prometheus already exists!
2019-11-19 00:12:26,796 [main] INFO  server.BaseHttpServer (BaseHttpServer.java:updateConnectorAddress(215)) - HTTP server of OZONEMANAGER is listening at http://0.0.0.0:34585
2019-11-19 00:12:27,111 [main] INFO  impl.MetricsSystemImpl (MetricsSystemImpl.java:init(158)) - HddsDatanode metrics system started (again)
2019-11-19 00:12:27,159 [main] INFO  ozone.HddsDatanodeService (HddsDatanodeService.java:start(186)) - HddsDatanodeService host:pr-hdds-2241-master-j9rj8-2432081592 ip:192.168.157.213
2019-11-19 00:12:27,194 [main] INFO  volume.HddsVolume (HddsVolume.java:<init>(176)) - Creating Volume: /workdir/hadoop-ozone/integration-test/target/test-dir/MiniOzoneClusterImpl-44984baa-697f-41c4-9b49-b72e5718b1cd/datanode-0/data/containers/hdds of  storage type : DISK and capacity : 1482555576320
2019-11-19 00:12:27,196 [main] INFO  volume.VolumeSet (VolumeSet.java:initializeVolumeSet(170)) - Added Volume : /workdir/hadoop-ozone/integration-test/target/test-dir/MiniOzoneClusterImpl-44984baa-697f-41c4-9b49-b72e5718b1cd/datanode-0/data/containers/hdds to VolumeSet
2019-11-19 00:12:27,199 [main] INFO  volume.ThrottledAsyncChecker (ThrottledAsyncChecker.java:schedule(141)) - Scheduling a check for /workdir/hadoop-ozone/integration-test/target/test-dir/MiniOzoneClusterImpl-44984baa-697f-41c4-9b49-b72e5718b1cd/datanode-0/data/containers/hdds
2019-11-19 00:12:27,215 [main] INFO  volume.HddsVolumeChecker (HddsVolumeChecker.java:checkAllVolumes(204)) - Scheduled health check for volume /workdir/hadoop-ozone/integration-test/target/test-dir/MiniOzoneClusterImpl-44984baa-697f-41c4-9b49-b72e5718b1cd/datanode-0/data/containers/hdds
2019-11-19 00:12:27,320 [main] INFO  impl.RaftServerProxy (ConfUtils.java:logGet(43)) - raft.rpc.type = GRPC (default)
2019-11-19 00:12:27,381 [main] INFO  grpc.GrpcFactory (GrpcFactory.java:checkPooledByteBufAllocatorUseCacheForAllThreads(45)) - PERFORMANCE WARNING: useCacheForAllThreads is true that may cause Netty to create a lot garbage objects and, as a result, trigger GC.
	It is recommended to disable useCacheForAllThreads by setting -Dorg.apache.ratis.thirdparty.io.netty.allocator.useCacheForAllThreads=false in command line.
2019-11-19 00:12:27,386 [main] INFO  grpc.GrpcConfigKeys$Server (ConfUtils.java:logGet(43)) - raft.grpc.server.port = 0 (default)
2019-11-19 00:12:27,387 [main] INFO  server.GrpcService (ConfUtils.java:logGet(43)) - raft.grpc.message.size.max = 33570816 (custom)
2019-11-19 00:12:27,389 [main] INFO  server.RaftServerConfigKeys (ConfUtils.java:logGet(43)) - raft.server.log.appender.buffer.byte-limit = 33554432 (custom)
2019-11-19 00:12:27,390 [main] INFO  server.GrpcService (ConfUtils.java:logGet(43)) - raft.grpc.flow.control.window = 1MB (=1048576) (default)
2019-11-19 00:12:27,390 [main] INFO  server.RaftServerConfigKeys (ConfUtils.java:logGet(43)) - raft.server.rpc.request.timeout = 3000ms (default)
2019-11-19 00:12:27,544 [main] INFO  server.RaftServerConfigKeys (ConfUtils.java:logGet(43)) - raft.server.storage.dir = [/workdir/hadoop-ozone/integration-test/target/test-dir/MiniOzoneClusterImpl-44984baa-697f-41c4-9b49-b72e5718b1cd/datanode-0/data/ratis] (custom)
2019-11-19 00:12:27,598 [main] INFO  hdfs.DFSUtil (DFSUtil.java:httpServerTemplateForNNAndJN(1641)) - Starting Web-server for hddsDatanode at: http://0.0.0.0:0
2019-11-19 00:12:27,601 [main] INFO  server.AuthenticationFilter (AuthenticationFilter.java:constructSecretProvider(240)) - Unable to initialize FileSignerSecretProvider, falling back to use random secrets.
2019-11-19 00:12:27,602 [main] WARN  http.HttpRequestLog (HttpRequestLog.java:getRequestLog(97)) - Jetty request log can only be enabled using Log4j
2019-11-19 00:12:27,604 [main] INFO  http.HttpServer2 (HttpServer2.java:addGlobalFilter(975)) - Added global filter 'safety' (class=org.apache.hadoop.http.HttpServer2$QuotingInputFilter)
2019-11-19 00:12:27,606 [main] INFO  http.HttpServer2 (HttpServer2.java:addFilter(948)) - Added filter static_user_filter (class=org.apache.hadoop.http.lib.StaticUserWebFilter$StaticUserFilter) to context hddsDatanode
2019-11-19 00:12:27,606 [main] INFO  http.HttpServer2 (HttpServer2.java:addFilter(958)) - Added filter static_user_filter (class=org.apache.hadoop.http.lib.StaticUserWebFilter$StaticUserFilter) to context static
2019-11-19 00:12:27,606 [main] INFO  http.HttpServer2 (HttpServer2.java:addFilter(958)) - Added filter static_user_filter (class=org.apache.hadoop.http.lib.StaticUserWebFilter$StaticUserFilter) to context logs
2019-11-19 00:12:27,607 [main] INFO  http.HttpServer2 (HttpServer2.java:bindListener(1191)) - Jetty bound to port 34129
2019-11-19 00:12:27,608 [main] INFO  server.Server (Server.java:doStart(351)) - jetty-9.3.25.v20180904, build timestamp: 2018-09-04T21:11:46Z, git hash: 3ce520221d0240229c862b122d2b06c12a625732
2019-11-19 00:12:27,611 [main] INFO  handler.ContextHandler (ContextHandler.java:doStart(781)) - Started o.e.j.s.ServletContextHandler@323f3c96{/logs,file:///workdir/hadoop-ozone/integration-test/target/log,AVAILABLE}
2019-11-19 00:12:27,612 [main] INFO  handler.ContextHandler (ContextHandler.java:doStart(781)) - Started o.e.j.s.ServletContextHandler@4b6d92e{/static,jar:file:/home/user/.m2/repository/org/apache/hadoop/hadoop-hdds-container-service/0.5.0-SNAPSHOT/hadoop-hdds-container-service-0.5.0-SNAPSHOT.jar!/webapps/static,AVAILABLE}
2019-11-19 00:12:27,661 [main] INFO  handler.ContextHandler (ContextHandler.java:doStart(781)) - Started o.e.j.w.WebAppContext@7e19755a{/,file:///tmp/jetty-0.0.0.0-34129-hddsDatanode-_-any-7871279008419454239.dir/webapp/,AVAILABLE}{/hddsDatanode}
2019-11-19 00:12:27,662 [main] INFO  server.AbstractConnector (AbstractConnector.java:doStart(278)) - Started ServerConnector@5d5c04f9{HTTP/1.1,[http/1.1]}{0.0.0.0:34129}
2019-11-19 00:12:27,662 [main] INFO  server.Server (Server.java:doStart(419)) - Started @5287ms
2019-11-19 00:12:27,663 [main] WARN  impl.MetricsSystemImpl (MetricsSystemImpl.java:register(276)) - Sink prometheus already exists!
2019-11-19 00:12:27,665 [main] INFO  server.BaseHttpServer (BaseHttpServer.java:updateConnectorAddress(215)) - HTTP server of HDDSDATANODE is listening at http://0.0.0.0:34129
2019-11-19 00:12:27,666 [main] INFO  impl.MetricsSystemImpl (MetricsSystemImpl.java:init(158)) - HddsDatanode metrics system started (again)
2019-11-19 00:12:27,669 [main] INFO  ozone.HddsDatanodeService (HddsDatanodeService.java:start(186)) - HddsDatanodeService host:pr-hdds-2241-master-j9rj8-2432081592 ip:192.168.157.213
2019-11-19 00:12:27,671 [org.apache.hadoop.util.JvmPauseMonitor$Monitor@45b8e081] INFO  util.JvmPauseMonitor (JvmPauseMonitor.java:run(188)) - Starting JVM pause monitor
2019-11-19 00:12:27,679 [main] INFO  volume.HddsVolume (HddsVolume.java:<init>(176)) - Creating Volume: /workdir/hadoop-ozone/integration-test/target/test-dir/MiniOzoneClusterImpl-44984baa-697f-41c4-9b49-b72e5718b1cd/datanode-1/data/containers/hdds of  storage type : DISK and capacity : 1482555576320
2019-11-19 00:12:27,679 [main] INFO  volume.VolumeSet (VolumeSet.java:initializeVolumeSet(170)) - Added Volume : /workdir/hadoop-ozone/integration-test/target/test-dir/MiniOzoneClusterImpl-44984baa-697f-41c4-9b49-b72e5718b1cd/datanode-1/data/containers/hdds to VolumeSet
2019-11-19 00:12:27,680 [main] INFO  volume.ThrottledAsyncChecker (ThrottledAsyncChecker.java:schedule(141)) - Scheduling a check for /workdir/hadoop-ozone/integration-test/target/test-dir/MiniOzoneClusterImpl-44984baa-697f-41c4-9b49-b72e5718b1cd/datanode-1/data/containers/hdds
2019-11-19 00:12:27,680 [main] INFO  volume.HddsVolumeChecker (HddsVolumeChecker.java:checkAllVolumes(204)) - Scheduled health check for volume /workdir/hadoop-ozone/integration-test/target/test-dir/MiniOzoneClusterImpl-44984baa-697f-41c4-9b49-b72e5718b1cd/datanode-1/data/containers/hdds
2019-11-19 00:12:27,695 [main] INFO  impl.RaftServerProxy (ConfUtils.java:logGet(43)) - raft.rpc.type = GRPC (default)
2019-11-19 00:12:27,696 [main] INFO  grpc.GrpcFactory (GrpcFactory.java:checkPooledByteBufAllocatorUseCacheForAllThreads(45)) - PERFORMANCE WARNING: useCacheForAllThreads is true that may cause Netty to create a lot garbage objects and, as a result, trigger GC.
	It is recommended to disable useCacheForAllThreads by setting -Dorg.apache.ratis.thirdparty.io.netty.allocator.useCacheForAllThreads=false in command line.
2019-11-19 00:12:27,696 [main] INFO  grpc.GrpcConfigKeys$Server (ConfUtils.java:logGet(43)) - raft.grpc.server.port = 0 (default)
2019-11-19 00:12:27,696 [main] INFO  server.GrpcService (ConfUtils.java:logGet(43)) - raft.grpc.message.size.max = 33570816 (custom)
2019-11-19 00:12:27,697 [main] INFO  server.RaftServerConfigKeys (ConfUtils.java:logGet(43)) - raft.server.log.appender.buffer.byte-limit = 33554432 (custom)
2019-11-19 00:12:27,697 [main] INFO  server.GrpcService (ConfUtils.java:logGet(43)) - raft.grpc.flow.control.window = 1MB (=1048576) (default)
2019-11-19 00:12:27,698 [main] INFO  server.RaftServerConfigKeys (ConfUtils.java:logGet(43)) - raft.server.rpc.request.timeout = 3000ms (default)
2019-11-19 00:12:27,699 [main] INFO  server.RaftServerConfigKeys (ConfUtils.java:logGet(43)) - raft.server.storage.dir = [/workdir/hadoop-ozone/integration-test/target/test-dir/MiniOzoneClusterImpl-44984baa-697f-41c4-9b49-b72e5718b1cd/datanode-1/data/ratis] (custom)
2019-11-19 00:12:27,701 [main] INFO  hdfs.DFSUtil (DFSUtil.java:httpServerTemplateForNNAndJN(1641)) - Starting Web-server for hddsDatanode at: http://0.0.0.0:0
2019-11-19 00:12:27,704 [main] INFO  server.AuthenticationFilter (AuthenticationFilter.java:constructSecretProvider(240)) - Unable to initialize FileSignerSecretProvider, falling back to use random secrets.
2019-11-19 00:12:27,704 [main] WARN  http.HttpRequestLog (HttpRequestLog.java:getRequestLog(97)) - Jetty request log can only be enabled using Log4j
2019-11-19 00:12:27,707 [main] INFO  http.HttpServer2 (HttpServer2.java:addGlobalFilter(975)) - Added global filter 'safety' (class=org.apache.hadoop.http.HttpServer2$QuotingInputFilter)
2019-11-19 00:12:27,708 [main] INFO  http.HttpServer2 (HttpServer2.java:addFilter(948)) - Added filter static_user_filter (class=org.apache.hadoop.http.lib.StaticUserWebFilter$StaticUserFilter) to context hddsDatanode
2019-11-19 00:12:27,708 [main] INFO  http.HttpServer2 (HttpServer2.java:addFilter(958)) - Added filter static_user_filter (class=org.apache.hadoop.http.lib.StaticUserWebFilter$StaticUserFilter) to context logs
2019-11-19 00:12:27,708 [main] INFO  http.HttpServer2 (HttpServer2.java:addFilter(958)) - Added filter static_user_filter (class=org.apache.hadoop.http.lib.StaticUserWebFilter$StaticUserFilter) to context static
2019-11-19 00:12:27,710 [main] INFO  http.HttpServer2 (HttpServer2.java:bindListener(1191)) - Jetty bound to port 35947
2019-11-19 00:12:27,710 [main] INFO  server.Server (Server.java:doStart(351)) - jetty-9.3.25.v20180904, build timestamp: 2018-09-04T21:11:46Z, git hash: 3ce520221d0240229c862b122d2b06c12a625732
2019-11-19 00:12:27,714 [main] INFO  handler.ContextHandler (ContextHandler.java:doStart(781)) - Started o.e.j.s.ServletContextHandler@767191b1{/logs,file:///workdir/hadoop-ozone/integration-test/target/log,AVAILABLE}
2019-11-19 00:12:27,715 [main] INFO  handler.ContextHandler (ContextHandler.java:doStart(781)) - Started o.e.j.s.ServletContextHandler@5d21202d{/static,jar:file:/home/user/.m2/repository/org/apache/hadoop/hadoop-hdds-container-service/0.5.0-SNAPSHOT/hadoop-hdds-container-service-0.5.0-SNAPSHOT.jar!/webapps/static,AVAILABLE}
2019-11-19 00:12:27,763 [main] INFO  handler.ContextHandler (ContextHandler.java:doStart(781)) - Started o.e.j.w.WebAppContext@35c12c7a{/,file:///tmp/jetty-0.0.0.0-35947-hddsDatanode-_-any-1916087339694506935.dir/webapp/,AVAILABLE}{/hddsDatanode}
2019-11-19 00:12:27,764 [main] INFO  server.AbstractConnector (AbstractConnector.java:doStart(278)) - Started ServerConnector@658255aa{HTTP/1.1,[http/1.1]}{0.0.0.0:35947}
2019-11-19 00:12:27,764 [main] INFO  server.Server (Server.java:doStart(419)) - Started @5389ms
2019-11-19 00:12:27,765 [main] WARN  impl.MetricsSystemImpl (MetricsSystemImpl.java:register(276)) - Sink prometheus already exists!
2019-11-19 00:12:27,766 [main] INFO  server.BaseHttpServer (BaseHttpServer.java:updateConnectorAddress(215)) - HTTP server of HDDSDATANODE is listening at http://0.0.0.0:35947
2019-11-19 00:12:27,767 [main] INFO  impl.MetricsSystemImpl (MetricsSystemImpl.java:init(158)) - HddsDatanode metrics system started (again)
2019-11-19 00:12:27,770 [main] INFO  ozone.HddsDatanodeService (HddsDatanodeService.java:start(186)) - HddsDatanodeService host:pr-hdds-2241-master-j9rj8-2432081592 ip:192.168.157.213
2019-11-19 00:12:27,770 [org.apache.hadoop.util.JvmPauseMonitor$Monitor@4b8d4db9] INFO  util.JvmPauseMonitor (JvmPauseMonitor.java:run(188)) - Starting JVM pause monitor
2019-11-19 00:12:27,778 [main] INFO  volume.HddsVolume (HddsVolume.java:<init>(176)) - Creating Volume: /workdir/hadoop-ozone/integration-test/target/test-dir/MiniOzoneClusterImpl-44984baa-697f-41c4-9b49-b72e5718b1cd/datanode-2/data/containers/hdds of  storage type : DISK and capacity : 1482555576320
2019-11-19 00:12:27,779 [main] INFO  volume.VolumeSet (VolumeSet.java:initializeVolumeSet(170)) - Added Volume : /workdir/hadoop-ozone/integration-test/target/test-dir/MiniOzoneClusterImpl-44984baa-697f-41c4-9b49-b72e5718b1cd/datanode-2/data/containers/hdds to VolumeSet
2019-11-19 00:12:27,780 [main] INFO  volume.ThrottledAsyncChecker (ThrottledAsyncChecker.java:schedule(141)) - Scheduling a check for /workdir/hadoop-ozone/integration-test/target/test-dir/MiniOzoneClusterImpl-44984baa-697f-41c4-9b49-b72e5718b1cd/datanode-2/data/containers/hdds
2019-11-19 00:12:27,780 [main] INFO  volume.HddsVolumeChecker (HddsVolumeChecker.java:checkAllVolumes(204)) - Scheduled health check for volume /workdir/hadoop-ozone/integration-test/target/test-dir/MiniOzoneClusterImpl-44984baa-697f-41c4-9b49-b72e5718b1cd/datanode-2/data/containers/hdds
2019-11-19 00:12:27,798 [main] INFO  impl.RaftServerProxy (ConfUtils.java:logGet(43)) - raft.rpc.type = GRPC (default)
2019-11-19 00:12:27,798 [Datanode State Machine Thread - 0] INFO  datanode.InitDatanodeState (InitDatanodeState.java:persistContainerDatanodeDetails(140)) - DatanodeDetails is persisted to /workdir/hadoop-ozone/integration-test/target/test-dir/MiniOzoneClusterImpl-44984baa-697f-41c4-9b49-b72e5718b1cd/datanode-0/meta/datanode.id
2019-11-19 00:12:27,799 [main] INFO  grpc.GrpcFactory (GrpcFactory.java:checkPooledByteBufAllocatorUseCacheForAllThreads(45)) - PERFORMANCE WARNING: useCacheForAllThreads is true that may cause Netty to create a lot garbage objects and, as a result, trigger GC.
	It is recommended to disable useCacheForAllThreads by setting -Dorg.apache.ratis.thirdparty.io.netty.allocator.useCacheForAllThreads=false in command line.
2019-11-19 00:12:27,801 [main] INFO  grpc.GrpcConfigKeys$Server (ConfUtils.java:logGet(43)) - raft.grpc.server.port = 0 (default)
2019-11-19 00:12:27,802 [main] INFO  server.GrpcService (ConfUtils.java:logGet(43)) - raft.grpc.message.size.max = 33570816 (custom)
2019-11-19 00:12:27,802 [main] INFO  server.RaftServerConfigKeys (ConfUtils.java:logGet(43)) - raft.server.log.appender.buffer.byte-limit = 33554432 (custom)
2019-11-19 00:12:27,802 [main] INFO  server.GrpcService (ConfUtils.java:logGet(43)) - raft.grpc.flow.control.window = 1MB (=1048576) (default)
2019-11-19 00:12:27,803 [Datanode State Machine Thread - 0] INFO  datanode.InitDatanodeState (InitDatanodeState.java:persistContainerDatanodeDetails(140)) - DatanodeDetails is persisted to /workdir/hadoop-ozone/integration-test/target/test-dir/MiniOzoneClusterImpl-44984baa-697f-41c4-9b49-b72e5718b1cd/datanode-1/meta/datanode.id
2019-11-19 00:12:27,803 [main] INFO  server.RaftServerConfigKeys (ConfUtils.java:logGet(43)) - raft.server.rpc.request.timeout = 3000ms (default)
2019-11-19 00:12:27,804 [main] INFO  server.RaftServerConfigKeys (ConfUtils.java:logGet(43)) - raft.server.storage.dir = [/workdir/hadoop-ozone/integration-test/target/test-dir/MiniOzoneClusterImpl-44984baa-697f-41c4-9b49-b72e5718b1cd/datanode-2/data/ratis] (custom)
2019-11-19 00:12:27,808 [main] INFO  hdfs.DFSUtil (DFSUtil.java:httpServerTemplateForNNAndJN(1641)) - Starting Web-server for hddsDatanode at: http://0.0.0.0:0
2019-11-19 00:12:27,809 [main] INFO  server.AuthenticationFilter (AuthenticationFilter.java:constructSecretProvider(240)) - Unable to initialize FileSignerSecretProvider, falling back to use random secrets.
2019-11-19 00:12:27,809 [main] WARN  http.HttpRequestLog (HttpRequestLog.java:getRequestLog(97)) - Jetty request log can only be enabled using Log4j
2019-11-19 00:12:27,811 [main] INFO  http.HttpServer2 (HttpServer2.java:addGlobalFilter(975)) - Added global filter 'safety' (class=org.apache.hadoop.http.HttpServer2$QuotingInputFilter)
2019-11-19 00:12:27,812 [main] INFO  http.HttpServer2 (HttpServer2.java:addFilter(948)) - Added filter static_user_filter (class=org.apache.hadoop.http.lib.StaticUserWebFilter$StaticUserFilter) to context hddsDatanode
2019-11-19 00:12:27,812 [main] INFO  http.HttpServer2 (HttpServer2.java:addFilter(958)) - Added filter static_user_filter (class=org.apache.hadoop.http.lib.StaticUserWebFilter$StaticUserFilter) to context static
2019-11-19 00:12:27,812 [main] INFO  http.HttpServer2 (HttpServer2.java:addFilter(958)) - Added filter static_user_filter (class=org.apache.hadoop.http.lib.StaticUserWebFilter$StaticUserFilter) to context logs
2019-11-19 00:12:27,813 [main] INFO  http.HttpServer2 (HttpServer2.java:bindListener(1191)) - Jetty bound to port 44997
2019-11-19 00:12:27,813 [main] INFO  server.Server (Server.java:doStart(351)) - jetty-9.3.25.v20180904, build timestamp: 2018-09-04T21:11:46Z, git hash: 3ce520221d0240229c862b122d2b06c12a625732
2019-11-19 00:12:27,815 [main] INFO  handler.ContextHandler (ContextHandler.java:doStart(781)) - Started o.e.j.s.ServletContextHandler@252dc8c4{/logs,file:///workdir/hadoop-ozone/integration-test/target/log,AVAILABLE}
2019-11-19 00:12:27,815 [main] INFO  handler.ContextHandler (ContextHandler.java:doStart(781)) - Started o.e.j.s.ServletContextHandler@2643d762{/static,jar:file:/home/user/.m2/repository/org/apache/hadoop/hadoop-hdds-container-service/0.5.0-SNAPSHOT/hadoop-hdds-container-service-0.5.0-SNAPSHOT.jar!/webapps/static,AVAILABLE}
2019-11-19 00:12:27,849 [main] INFO  handler.ContextHandler (ContextHandler.java:doStart(781)) - Started o.e.j.w.WebAppContext@122d6c22{/,file:///tmp/jetty-0.0.0.0-44997-hddsDatanode-_-any-7360574025503817561.dir/webapp/,AVAILABLE}{/hddsDatanode}
2019-11-19 00:12:27,850 [main] INFO  server.AbstractConnector (AbstractConnector.java:doStart(278)) - Started ServerConnector@2f5ac102{HTTP/1.1,[http/1.1]}{0.0.0.0:44997}
2019-11-19 00:12:27,851 [main] INFO  server.Server (Server.java:doStart(419)) - Started @5476ms
2019-11-19 00:12:27,851 [main] WARN  impl.MetricsSystemImpl (MetricsSystemImpl.java:register(276)) - Sink prometheus already exists!
2019-11-19 00:12:27,852 [main] INFO  server.BaseHttpServer (BaseHttpServer.java:updateConnectorAddress(215)) - HTTP server of HDDSDATANODE is listening at http://0.0.0.0:44997
2019-11-19 00:12:27,853 [main] INFO  impl.MetricsSystemImpl (MetricsSystemImpl.java:init(158)) - HddsDatanode metrics system started (again)
2019-11-19 00:12:27,856 [org.apache.hadoop.util.JvmPauseMonitor$Monitor@45b3988c] INFO  util.JvmPauseMonitor (JvmPauseMonitor.java:run(188)) - Starting JVM pause monitor
2019-11-19 00:12:27,857 [main] INFO  ozone.HddsDatanodeService (HddsDatanodeService.java:start(186)) - HddsDatanodeService host:pr-hdds-2241-master-j9rj8-2432081592 ip:192.168.157.213
2019-11-19 00:12:27,860 [Datanode State Machine Thread - 0] INFO  datanode.InitDatanodeState (InitDatanodeState.java:persistContainerDatanodeDetails(140)) - DatanodeDetails is persisted to /workdir/hadoop-ozone/integration-test/target/test-dir/MiniOzoneClusterImpl-44984baa-697f-41c4-9b49-b72e5718b1cd/datanode-2/meta/datanode.id
2019-11-19 00:12:27,864 [main] INFO  volume.HddsVolume (HddsVolume.java:<init>(176)) - Creating Volume: /workdir/hadoop-ozone/integration-test/target/test-dir/MiniOzoneClusterImpl-44984baa-697f-41c4-9b49-b72e5718b1cd/datanode-3/data/containers/hdds of  storage type : DISK and capacity : 1482555576320
2019-11-19 00:12:27,865 [main] INFO  volume.VolumeSet (VolumeSet.java:initializeVolumeSet(170)) - Added Volume : /workdir/hadoop-ozone/integration-test/target/test-dir/MiniOzoneClusterImpl-44984baa-697f-41c4-9b49-b72e5718b1cd/datanode-3/data/containers/hdds to VolumeSet
2019-11-19 00:12:27,865 [main] INFO  volume.ThrottledAsyncChecker (ThrottledAsyncChecker.java:schedule(141)) - Scheduling a check for /workdir/hadoop-ozone/integration-test/target/test-dir/MiniOzoneClusterImpl-44984baa-697f-41c4-9b49-b72e5718b1cd/datanode-3/data/containers/hdds
2019-11-19 00:12:27,866 [main] INFO  volume.HddsVolumeChecker (HddsVolumeChecker.java:checkAllVolumes(204)) - Scheduled health check for volume /workdir/hadoop-ozone/integration-test/target/test-dir/MiniOzoneClusterImpl-44984baa-697f-41c4-9b49-b72e5718b1cd/datanode-3/data/containers/hdds
2019-11-19 00:12:27,881 [main] INFO  impl.RaftServerProxy (ConfUtils.java:logGet(43)) - raft.rpc.type = GRPC (default)
2019-11-19 00:12:27,881 [main] INFO  grpc.GrpcFactory (GrpcFactory.java:checkPooledByteBufAllocatorUseCacheForAllThreads(45)) - PERFORMANCE WARNING: useCacheForAllThreads is true that may cause Netty to create a lot garbage objects and, as a result, trigger GC.
	It is recommended to disable useCacheForAllThreads by setting -Dorg.apache.ratis.thirdparty.io.netty.allocator.useCacheForAllThreads=false in command line.
2019-11-19 00:12:27,881 [main] INFO  grpc.GrpcConfigKeys$Server (ConfUtils.java:logGet(43)) - raft.grpc.server.port = 0 (default)
2019-11-19 00:12:27,882 [main] INFO  server.GrpcService (ConfUtils.java:logGet(43)) - raft.grpc.message.size.max = 33570816 (custom)
2019-11-19 00:12:27,882 [main] INFO  server.RaftServerConfigKeys (ConfUtils.java:logGet(43)) - raft.server.log.appender.buffer.byte-limit = 33554432 (custom)
2019-11-19 00:12:27,882 [main] INFO  server.GrpcService (ConfUtils.java:logGet(43)) - raft.grpc.flow.control.window = 1MB (=1048576) (default)
2019-11-19 00:12:27,882 [main] INFO  server.RaftServerConfigKeys (ConfUtils.java:logGet(43)) - raft.server.rpc.request.timeout = 3000ms (default)
2019-11-19 00:12:27,884 [main] INFO  server.RaftServerConfigKeys (ConfUtils.java:logGet(43)) - raft.server.storage.dir = [/workdir/hadoop-ozone/integration-test/target/test-dir/MiniOzoneClusterImpl-44984baa-697f-41c4-9b49-b72e5718b1cd/datanode-3/data/ratis] (custom)
2019-11-19 00:12:27,886 [main] INFO  hdfs.DFSUtil (DFSUtil.java:httpServerTemplateForNNAndJN(1641)) - Starting Web-server for hddsDatanode at: http://0.0.0.0:0
2019-11-19 00:12:27,888 [main] INFO  server.AuthenticationFilter (AuthenticationFilter.java:constructSecretProvider(240)) - Unable to initialize FileSignerSecretProvider, falling back to use random secrets.
2019-11-19 00:12:27,888 [main] WARN  http.HttpRequestLog (HttpRequestLog.java:getRequestLog(97)) - Jetty request log can only be enabled using Log4j
2019-11-19 00:12:27,890 [main] INFO  http.HttpServer2 (HttpServer2.java:addGlobalFilter(975)) - Added global filter 'safety' (class=org.apache.hadoop.http.HttpServer2$QuotingInputFilter)
2019-11-19 00:12:27,890 [main] INFO  http.HttpServer2 (HttpServer2.java:addFilter(948)) - Added filter static_user_filter (class=org.apache.hadoop.http.lib.StaticUserWebFilter$StaticUserFilter) to context hddsDatanode
2019-11-19 00:12:27,890 [main] INFO  http.HttpServer2 (HttpServer2.java:addFilter(958)) - Added filter static_user_filter (class=org.apache.hadoop.http.lib.StaticUserWebFilter$StaticUserFilter) to context static
2019-11-19 00:12:27,891 [main] INFO  http.HttpServer2 (HttpServer2.java:addFilter(958)) - Added filter static_user_filter (class=org.apache.hadoop.http.lib.StaticUserWebFilter$StaticUserFilter) to context logs
2019-11-19 00:12:27,892 [main] INFO  http.HttpServer2 (HttpServer2.java:bindListener(1191)) - Jetty bound to port 33173
2019-11-19 00:12:27,892 [main] INFO  server.Server (Server.java:doStart(351)) - jetty-9.3.25.v20180904, build timestamp: 2018-09-04T21:11:46Z, git hash: 3ce520221d0240229c862b122d2b06c12a625732
2019-11-19 00:12:27,897 [main] INFO  handler.ContextHandler (ContextHandler.java:doStart(781)) - Started o.e.j.s.ServletContextHandler@277b8fa4{/logs,file:///workdir/hadoop-ozone/integration-test/target/log,AVAILABLE}
2019-11-19 00:12:27,898 [main] INFO  handler.ContextHandler (ContextHandler.java:doStart(781)) - Started o.e.j.s.ServletContextHandler@620c8641{/static,jar:file:/home/user/.m2/repository/org/apache/hadoop/hadoop-hdds-container-service/0.5.0-SNAPSHOT/hadoop-hdds-container-service-0.5.0-SNAPSHOT.jar!/webapps/static,AVAILABLE}
2019-11-19 00:12:27,952 [main] INFO  handler.ContextHandler (ContextHandler.java:doStart(781)) - Started o.e.j.w.WebAppContext@7bc44ce8{/,file:///tmp/jetty-0.0.0.0-33173-hddsDatanode-_-any-1402048432609728220.dir/webapp/,AVAILABLE}{/hddsDatanode}
2019-11-19 00:12:27,952 [main] INFO  server.AbstractConnector (AbstractConnector.java:doStart(278)) - Started ServerConnector@59072e9d{HTTP/1.1,[http/1.1]}{0.0.0.0:33173}
2019-11-19 00:12:27,953 [main] INFO  server.Server (Server.java:doStart(419)) - Started @5578ms
2019-11-19 00:12:27,954 [main] WARN  impl.MetricsSystemImpl (MetricsSystemImpl.java:register(276)) - Sink prometheus already exists!
2019-11-19 00:12:27,955 [main] INFO  server.BaseHttpServer (BaseHttpServer.java:updateConnectorAddress(215)) - HTTP server of HDDSDATANODE is listening at http://0.0.0.0:33173
2019-11-19 00:12:27,956 [main] INFO  impl.MetricsSystemImpl (MetricsSystemImpl.java:init(158)) - HddsDatanode metrics system started (again)
2019-11-19 00:12:27,960 [org.apache.hadoop.util.JvmPauseMonitor$Monitor@40426df2] INFO  util.JvmPauseMonitor (JvmPauseMonitor.java:run(188)) - Starting JVM pause monitor
2019-11-19 00:12:27,960 [main] INFO  ozone.HddsDatanodeService (HddsDatanodeService.java:start(186)) - HddsDatanodeService host:pr-hdds-2241-master-j9rj8-2432081592 ip:192.168.157.213
2019-11-19 00:12:27,962 [Datanode State Machine Thread - 0] INFO  datanode.InitDatanodeState (InitDatanodeState.java:persistContainerDatanodeDetails(140)) - DatanodeDetails is persisted to /workdir/hadoop-ozone/integration-test/target/test-dir/MiniOzoneClusterImpl-44984baa-697f-41c4-9b49-b72e5718b1cd/datanode-3/meta/datanode.id
2019-11-19 00:12:27,970 [main] INFO  volume.HddsVolume (HddsVolume.java:<init>(176)) - Creating Volume: /workdir/hadoop-ozone/integration-test/target/test-dir/MiniOzoneClusterImpl-44984baa-697f-41c4-9b49-b72e5718b1cd/datanode-4/data/containers/hdds of  storage type : DISK and capacity : 1482555576320
2019-11-19 00:12:27,971 [main] INFO  volume.VolumeSet (VolumeSet.java:initializeVolumeSet(170)) - Added Volume : /workdir/hadoop-ozone/integration-test/target/test-dir/MiniOzoneClusterImpl-44984baa-697f-41c4-9b49-b72e5718b1cd/datanode-4/data/containers/hdds to VolumeSet
2019-11-19 00:12:27,971 [main] INFO  volume.ThrottledAsyncChecker (ThrottledAsyncChecker.java:schedule(141)) - Scheduling a check for /workdir/hadoop-ozone/integration-test/target/test-dir/MiniOzoneClusterImpl-44984baa-697f-41c4-9b49-b72e5718b1cd/datanode-4/data/containers/hdds
2019-11-19 00:12:27,972 [main] INFO  volume.HddsVolumeChecker (HddsVolumeChecker.java:checkAllVolumes(204)) - Scheduled health check for volume /workdir/hadoop-ozone/integration-test/target/test-dir/MiniOzoneClusterImpl-44984baa-697f-41c4-9b49-b72e5718b1cd/datanode-4/data/containers/hdds
2019-11-19 00:12:27,991 [main] INFO  impl.RaftServerProxy (ConfUtils.java:logGet(43)) - raft.rpc.type = GRPC (default)
2019-11-19 00:12:27,991 [main] INFO  grpc.GrpcFactory (GrpcFactory.java:checkPooledByteBufAllocatorUseCacheForAllThreads(45)) - PERFORMANCE WARNING: useCacheForAllThreads is true that may cause Netty to create a lot garbage objects and, as a result, trigger GC.
	It is recommended to disable useCacheForAllThreads by setting -Dorg.apache.ratis.thirdparty.io.netty.allocator.useCacheForAllThreads=false in command line.
2019-11-19 00:12:27,991 [main] INFO  grpc.GrpcConfigKeys$Server (ConfUtils.java:logGet(43)) - raft.grpc.server.port = 0 (default)
2019-11-19 00:12:27,991 [main] INFO  server.GrpcService (ConfUtils.java:logGet(43)) - raft.grpc.message.size.max = 33570816 (custom)
2019-11-19 00:12:27,992 [main] INFO  server.RaftServerConfigKeys (ConfUtils.java:logGet(43)) - raft.server.log.appender.buffer.byte-limit = 33554432 (custom)
2019-11-19 00:12:27,992 [main] INFO  server.GrpcService (ConfUtils.java:logGet(43)) - raft.grpc.flow.control.window = 1MB (=1048576) (default)
2019-11-19 00:12:27,992 [main] INFO  server.RaftServerConfigKeys (ConfUtils.java:logGet(43)) - raft.server.rpc.request.timeout = 3000ms (default)
2019-11-19 00:12:27,993 [main] INFO  server.RaftServerConfigKeys (ConfUtils.java:logGet(43)) - raft.server.storage.dir = [/workdir/hadoop-ozone/integration-test/target/test-dir/MiniOzoneClusterImpl-44984baa-697f-41c4-9b49-b72e5718b1cd/datanode-4/data/ratis] (custom)
2019-11-19 00:12:27,995 [main] INFO  hdfs.DFSUtil (DFSUtil.java:httpServerTemplateForNNAndJN(1641)) - Starting Web-server for hddsDatanode at: http://0.0.0.0:0
2019-11-19 00:12:27,997 [main] INFO  server.AuthenticationFilter (AuthenticationFilter.java:constructSecretProvider(240)) - Unable to initialize FileSignerSecretProvider, falling back to use random secrets.
2019-11-19 00:12:27,998 [main] WARN  http.HttpRequestLog (HttpRequestLog.java:getRequestLog(97)) - Jetty request log can only be enabled using Log4j
2019-11-19 00:12:28,000 [main] INFO  http.HttpServer2 (HttpServer2.java:addGlobalFilter(975)) - Added global filter 'safety' (class=org.apache.hadoop.http.HttpServer2$QuotingInputFilter)
2019-11-19 00:12:28,001 [main] INFO  http.HttpServer2 (HttpServer2.java:addFilter(948)) - Added filter static_user_filter (class=org.apache.hadoop.http.lib.StaticUserWebFilter$StaticUserFilter) to context hddsDatanode
2019-11-19 00:12:28,002 [main] INFO  http.HttpServer2 (HttpServer2.java:addFilter(958)) - Added filter static_user_filter (class=org.apache.hadoop.http.lib.StaticUserWebFilter$StaticUserFilter) to context logs
2019-11-19 00:12:28,002 [main] INFO  http.HttpServer2 (HttpServer2.java:addFilter(958)) - Added filter static_user_filter (class=org.apache.hadoop.http.lib.StaticUserWebFilter$StaticUserFilter) to context static
2019-11-19 00:12:28,003 [main] INFO  http.HttpServer2 (HttpServer2.java:bindListener(1191)) - Jetty bound to port 40069
2019-11-19 00:12:28,003 [main] INFO  server.Server (Server.java:doStart(351)) - jetty-9.3.25.v20180904, build timestamp: 2018-09-04T21:11:46Z, git hash: 3ce520221d0240229c862b122d2b06c12a625732
2019-11-19 00:12:28,006 [main] INFO  handler.ContextHandler (ContextHandler.java:doStart(781)) - Started o.e.j.s.ServletContextHandler@28da7d11{/logs,file:///workdir/hadoop-ozone/integration-test/target/log,AVAILABLE}
2019-11-19 00:12:28,006 [main] INFO  handler.ContextHandler (ContextHandler.java:doStart(781)) - Started o.e.j.s.ServletContextHandler@5624657a{/static,jar:file:/home/user/.m2/repository/org/apache/hadoop/hadoop-hdds-container-service/0.5.0-SNAPSHOT/hadoop-hdds-container-service-0.5.0-SNAPSHOT.jar!/webapps/static,AVAILABLE}
2019-11-19 00:12:28,048 [main] INFO  handler.ContextHandler (ContextHandler.java:doStart(781)) - Started o.e.j.w.WebAppContext@5dd903be{/,file:///tmp/jetty-0.0.0.0-40069-hddsDatanode-_-any-5639271048718847489.dir/webapp/,AVAILABLE}{/hddsDatanode}
2019-11-19 00:12:28,048 [main] INFO  server.AbstractConnector (AbstractConnector.java:doStart(278)) - Started ServerConnector@12e0f1cb{HTTP/1.1,[http/1.1]}{0.0.0.0:40069}
2019-11-19 00:12:28,049 [main] INFO  server.Server (Server.java:doStart(419)) - Started @5674ms
2019-11-19 00:12:28,049 [main] WARN  impl.MetricsSystemImpl (MetricsSystemImpl.java:register(276)) - Sink prometheus already exists!
2019-11-19 00:12:28,050 [main] INFO  server.BaseHttpServer (BaseHttpServer.java:updateConnectorAddress(215)) - HTTP server of HDDSDATANODE is listening at http://0.0.0.0:40069
2019-11-19 00:12:28,050 [main] INFO  impl.MetricsSystemImpl (MetricsSystemImpl.java:init(158)) - HddsDatanode metrics system started (again)
2019-11-19 00:12:28,053 [main] INFO  ozone.HddsDatanodeService (HddsDatanodeService.java:start(186)) - HddsDatanodeService host:pr-hdds-2241-master-j9rj8-2432081592 ip:192.168.157.213
2019-11-19 00:12:28,054 [org.apache.hadoop.util.JvmPauseMonitor$Monitor@554a1ed1] INFO  util.JvmPauseMonitor (JvmPauseMonitor.java:run(188)) - Starting JVM pause monitor
2019-11-19 00:12:28,057 [Datanode State Machine Thread - 0] INFO  datanode.InitDatanodeState (InitDatanodeState.java:persistContainerDatanodeDetails(140)) - DatanodeDetails is persisted to /workdir/hadoop-ozone/integration-test/target/test-dir/MiniOzoneClusterImpl-44984baa-697f-41c4-9b49-b72e5718b1cd/datanode-4/meta/datanode.id
2019-11-19 00:12:28,061 [main] INFO  volume.HddsVolume (HddsVolume.java:<init>(176)) - Creating Volume: /workdir/hadoop-ozone/integration-test/target/test-dir/MiniOzoneClusterImpl-44984baa-697f-41c4-9b49-b72e5718b1cd/datanode-5/data/containers/hdds of  storage type : DISK and capacity : 1482555576320
2019-11-19 00:12:28,061 [main] INFO  volume.VolumeSet (VolumeSet.java:initializeVolumeSet(170)) - Added Volume : /workdir/hadoop-ozone/integration-test/target/test-dir/MiniOzoneClusterImpl-44984baa-697f-41c4-9b49-b72e5718b1cd/datanode-5/data/containers/hdds to VolumeSet
2019-11-19 00:12:28,062 [main] INFO  volume.ThrottledAsyncChecker (ThrottledAsyncChecker.java:schedule(141)) - Scheduling a check for /workdir/hadoop-ozone/integration-test/target/test-dir/MiniOzoneClusterImpl-44984baa-697f-41c4-9b49-b72e5718b1cd/datanode-5/data/containers/hdds
2019-11-19 00:12:28,062 [main] INFO  volume.HddsVolumeChecker (HddsVolumeChecker.java:checkAllVolumes(204)) - Scheduled health check for volume /workdir/hadoop-ozone/integration-test/target/test-dir/MiniOzoneClusterImpl-44984baa-697f-41c4-9b49-b72e5718b1cd/datanode-5/data/containers/hdds
2019-11-19 00:12:28,078 [main] INFO  impl.RaftServerProxy (ConfUtils.java:logGet(43)) - raft.rpc.type = GRPC (default)
2019-11-19 00:12:28,078 [main] INFO  grpc.GrpcFactory (GrpcFactory.java:checkPooledByteBufAllocatorUseCacheForAllThreads(45)) - PERFORMANCE WARNING: useCacheForAllThreads is true that may cause Netty to create a lot garbage objects and, as a result, trigger GC.
	It is recommended to disable useCacheForAllThreads by setting -Dorg.apache.ratis.thirdparty.io.netty.allocator.useCacheForAllThreads=false in command line.
2019-11-19 00:12:28,078 [main] INFO  grpc.GrpcConfigKeys$Server (ConfUtils.java:logGet(43)) - raft.grpc.server.port = 0 (default)
2019-11-19 00:12:28,079 [main] INFO  server.GrpcService (ConfUtils.java:logGet(43)) - raft.grpc.message.size.max = 33570816 (custom)
2019-11-19 00:12:28,079 [main] INFO  server.RaftServerConfigKeys (ConfUtils.java:logGet(43)) - raft.server.log.appender.buffer.byte-limit = 33554432 (custom)
2019-11-19 00:12:28,079 [main] INFO  server.GrpcService (ConfUtils.java:logGet(43)) - raft.grpc.flow.control.window = 1MB (=1048576) (default)
2019-11-19 00:12:28,079 [main] INFO  server.RaftServerConfigKeys (ConfUtils.java:logGet(43)) - raft.server.rpc.request.timeout = 3000ms (default)
2019-11-19 00:12:28,080 [main] INFO  server.RaftServerConfigKeys (ConfUtils.java:logGet(43)) - raft.server.storage.dir = [/workdir/hadoop-ozone/integration-test/target/test-dir/MiniOzoneClusterImpl-44984baa-697f-41c4-9b49-b72e5718b1cd/datanode-5/data/ratis] (custom)
2019-11-19 00:12:28,081 [main] INFO  hdfs.DFSUtil (DFSUtil.java:httpServerTemplateForNNAndJN(1641)) - Starting Web-server for hddsDatanode at: http://0.0.0.0:0
2019-11-19 00:12:28,082 [main] INFO  server.AuthenticationFilter (AuthenticationFilter.java:constructSecretProvider(240)) - Unable to initialize FileSignerSecretProvider, falling back to use random secrets.
2019-11-19 00:12:28,083 [main] WARN  http.HttpRequestLog (HttpRequestLog.java:getRequestLog(97)) - Jetty request log can only be enabled using Log4j
2019-11-19 00:12:28,085 [main] INFO  http.HttpServer2 (HttpServer2.java:addGlobalFilter(975)) - Added global filter 'safety' (class=org.apache.hadoop.http.HttpServer2$QuotingInputFilter)
2019-11-19 00:12:28,085 [main] INFO  http.HttpServer2 (HttpServer2.java:addFilter(948)) - Added filter static_user_filter (class=org.apache.hadoop.http.lib.StaticUserWebFilter$StaticUserFilter) to context hddsDatanode
2019-11-19 00:12:28,085 [main] INFO  http.HttpServer2 (HttpServer2.java:addFilter(958)) - Added filter static_user_filter (class=org.apache.hadoop.http.lib.StaticUserWebFilter$StaticUserFilter) to context logs
2019-11-19 00:12:28,085 [main] INFO  http.HttpServer2 (HttpServer2.java:addFilter(958)) - Added filter static_user_filter (class=org.apache.hadoop.http.lib.StaticUserWebFilter$StaticUserFilter) to context static
2019-11-19 00:12:28,086 [main] INFO  http.HttpServer2 (HttpServer2.java:bindListener(1191)) - Jetty bound to port 42361
2019-11-19 00:12:28,086 [main] INFO  server.Server (Server.java:doStart(351)) - jetty-9.3.25.v20180904, build timestamp: 2018-09-04T21:11:46Z, git hash: 3ce520221d0240229c862b122d2b06c12a625732
2019-11-19 00:12:28,088 [main] INFO  handler.ContextHandler (ContextHandler.java:doStart(781)) - Started o.e.j.s.ServletContextHandler@27d33393{/logs,file:///workdir/hadoop-ozone/integration-test/target/log,AVAILABLE}
2019-11-19 00:12:28,089 [main] INFO  handler.ContextHandler (ContextHandler.java:doStart(781)) - Started o.e.j.s.ServletContextHandler@41eb94bc{/static,jar:file:/home/user/.m2/repository/org/apache/hadoop/hadoop-hdds-container-service/0.5.0-SNAPSHOT/hadoop-hdds-container-service-0.5.0-SNAPSHOT.jar!/webapps/static,AVAILABLE}
2019-11-19 00:12:28,120 [main] INFO  handler.ContextHandler (ContextHandler.java:doStart(781)) - Started o.e.j.w.WebAppContext@181b8c4b{/,file:///tmp/jetty-0.0.0.0-42361-hddsDatanode-_-any-8156262247008392729.dir/webapp/,AVAILABLE}{/hddsDatanode}
2019-11-19 00:12:28,121 [main] INFO  server.AbstractConnector (AbstractConnector.java:doStart(278)) - Started ServerConnector@38eb0f4d{HTTP/1.1,[http/1.1]}{0.0.0.0:42361}
2019-11-19 00:12:28,121 [main] INFO  server.Server (Server.java:doStart(419)) - Started @5746ms
2019-11-19 00:12:28,122 [main] WARN  impl.MetricsSystemImpl (MetricsSystemImpl.java:register(276)) - Sink prometheus already exists!
2019-11-19 00:12:28,122 [main] INFO  server.BaseHttpServer (BaseHttpServer.java:updateConnectorAddress(215)) - HTTP server of HDDSDATANODE is listening at http://0.0.0.0:42361
2019-11-19 00:12:28,123 [main] INFO  impl.MetricsSystemImpl (MetricsSystemImpl.java:init(158)) - HddsDatanode metrics system started (again)
2019-11-19 00:12:28,126 [main] INFO  ozone.HddsDatanodeService (HddsDatanodeService.java:start(186)) - HddsDatanodeService host:pr-hdds-2241-master-j9rj8-2432081592 ip:192.168.157.213
2019-11-19 00:12:28,126 [org.apache.hadoop.util.JvmPauseMonitor$Monitor@7f585103] INFO  util.JvmPauseMonitor (JvmPauseMonitor.java:run(188)) - Starting JVM pause monitor
2019-11-19 00:12:28,129 [Datanode State Machine Thread - 0] INFO  datanode.InitDatanodeState (InitDatanodeState.java:persistContainerDatanodeDetails(140)) - DatanodeDetails is persisted to /workdir/hadoop-ozone/integration-test/target/test-dir/MiniOzoneClusterImpl-44984baa-697f-41c4-9b49-b72e5718b1cd/datanode-5/meta/datanode.id
2019-11-19 00:12:28,133 [main] INFO  volume.HddsVolume (HddsVolume.java:<init>(176)) - Creating Volume: /workdir/hadoop-ozone/integration-test/target/test-dir/MiniOzoneClusterImpl-44984baa-697f-41c4-9b49-b72e5718b1cd/datanode-6/data/containers/hdds of  storage type : DISK and capacity : 1482555576320
2019-11-19 00:12:28,133 [main] INFO  volume.VolumeSet (VolumeSet.java:initializeVolumeSet(170)) - Added Volume : /workdir/hadoop-ozone/integration-test/target/test-dir/MiniOzoneClusterImpl-44984baa-697f-41c4-9b49-b72e5718b1cd/datanode-6/data/containers/hdds to VolumeSet
2019-11-19 00:12:28,134 [main] INFO  volume.ThrottledAsyncChecker (ThrottledAsyncChecker.java:schedule(141)) - Scheduling a check for /workdir/hadoop-ozone/integration-test/target/test-dir/MiniOzoneClusterImpl-44984baa-697f-41c4-9b49-b72e5718b1cd/datanode-6/data/containers/hdds
2019-11-19 00:12:28,134 [main] INFO  volume.HddsVolumeChecker (HddsVolumeChecker.java:checkAllVolumes(204)) - Scheduled health check for volume /workdir/hadoop-ozone/integration-test/target/test-dir/MiniOzoneClusterImpl-44984baa-697f-41c4-9b49-b72e5718b1cd/datanode-6/data/containers/hdds
2019-11-19 00:12:28,147 [main] INFO  impl.RaftServerProxy (ConfUtils.java:logGet(43)) - raft.rpc.type = GRPC (default)
2019-11-19 00:12:28,147 [main] INFO  grpc.GrpcFactory (GrpcFactory.java:checkPooledByteBufAllocatorUseCacheForAllThreads(45)) - PERFORMANCE WARNING: useCacheForAllThreads is true that may cause Netty to create a lot garbage objects and, as a result, trigger GC.
	It is recommended to disable useCacheForAllThreads by setting -Dorg.apache.ratis.thirdparty.io.netty.allocator.useCacheForAllThreads=false in command line.
2019-11-19 00:12:28,148 [main] INFO  grpc.GrpcConfigKeys$Server (ConfUtils.java:logGet(43)) - raft.grpc.server.port = 0 (default)
2019-11-19 00:12:28,148 [main] INFO  server.GrpcService (ConfUtils.java:logGet(43)) - raft.grpc.message.size.max = 33570816 (custom)
2019-11-19 00:12:28,148 [main] INFO  server.RaftServerConfigKeys (ConfUtils.java:logGet(43)) - raft.server.log.appender.buffer.byte-limit = 33554432 (custom)
2019-11-19 00:12:28,149 [main] INFO  server.GrpcService (ConfUtils.java:logGet(43)) - raft.grpc.flow.control.window = 1MB (=1048576) (default)
2019-11-19 00:12:28,149 [main] INFO  server.RaftServerConfigKeys (ConfUtils.java:logGet(43)) - raft.server.rpc.request.timeout = 3000ms (default)
2019-11-19 00:12:28,150 [main] INFO  server.RaftServerConfigKeys (ConfUtils.java:logGet(43)) - raft.server.storage.dir = [/workdir/hadoop-ozone/integration-test/target/test-dir/MiniOzoneClusterImpl-44984baa-697f-41c4-9b49-b72e5718b1cd/datanode-6/data/ratis] (custom)
2019-11-19 00:12:28,153 [main] INFO  hdfs.DFSUtil (DFSUtil.java:httpServerTemplateForNNAndJN(1641)) - Starting Web-server for hddsDatanode at: http://0.0.0.0:0
2019-11-19 00:12:28,155 [main] INFO  server.AuthenticationFilter (AuthenticationFilter.java:constructSecretProvider(240)) - Unable to initialize FileSignerSecretProvider, falling back to use random secrets.
2019-11-19 00:12:28,155 [main] WARN  http.HttpRequestLog (HttpRequestLog.java:getRequestLog(97)) - Jetty request log can only be enabled using Log4j
2019-11-19 00:12:28,158 [main] INFO  http.HttpServer2 (HttpServer2.java:addGlobalFilter(975)) - Added global filter 'safety' (class=org.apache.hadoop.http.HttpServer2$QuotingInputFilter)
2019-11-19 00:12:28,158 [main] INFO  http.HttpServer2 (HttpServer2.java:addFilter(948)) - Added filter static_user_filter (class=org.apache.hadoop.http.lib.StaticUserWebFilter$StaticUserFilter) to context hddsDatanode
2019-11-19 00:12:28,159 [main] INFO  http.HttpServer2 (HttpServer2.java:addFilter(958)) - Added filter static_user_filter (class=org.apache.hadoop.http.lib.StaticUserWebFilter$StaticUserFilter) to context logs
2019-11-19 00:12:28,159 [main] INFO  http.HttpServer2 (HttpServer2.java:addFilter(958)) - Added filter static_user_filter (class=org.apache.hadoop.http.lib.StaticUserWebFilter$StaticUserFilter) to context static
2019-11-19 00:12:28,160 [main] INFO  http.HttpServer2 (HttpServer2.java:bindListener(1191)) - Jetty bound to port 33267
2019-11-19 00:12:28,160 [main] INFO  server.Server (Server.java:doStart(351)) - jetty-9.3.25.v20180904, build timestamp: 2018-09-04T21:11:46Z, git hash: 3ce520221d0240229c862b122d2b06c12a625732
2019-11-19 00:12:28,163 [main] INFO  handler.ContextHandler (ContextHandler.java:doStart(781)) - Started o.e.j.s.ServletContextHandler@1cc680e{/logs,file:///workdir/hadoop-ozone/integration-test/target/log,AVAILABLE}
2019-11-19 00:12:28,163 [main] INFO  handler.ContextHandler (ContextHandler.java:doStart(781)) - Started o.e.j.s.ServletContextHandler@6a1d3225{/static,jar:file:/home/user/.m2/repository/org/apache/hadoop/hadoop-hdds-container-service/0.5.0-SNAPSHOT/hadoop-hdds-container-service-0.5.0-SNAPSHOT.jar!/webapps/static,AVAILABLE}
2019-11-19 00:12:28,209 [main] INFO  handler.ContextHandler (ContextHandler.java:doStart(781)) - Started o.e.j.w.WebAppContext@1d9bd4da{/,file:///tmp/jetty-0.0.0.0-33267-hddsDatanode-_-any-5837656679818097930.dir/webapp/,AVAILABLE}{/hddsDatanode}
2019-11-19 00:12:28,210 [main] INFO  server.AbstractConnector (AbstractConnector.java:doStart(278)) - Started ServerConnector@4c58255{HTTP/1.1,[http/1.1]}{0.0.0.0:33267}
2019-11-19 00:12:28,210 [main] INFO  server.Server (Server.java:doStart(419)) - Started @5835ms
2019-11-19 00:12:28,210 [main] WARN  impl.MetricsSystemImpl (MetricsSystemImpl.java:register(276)) - Sink prometheus already exists!
2019-11-19 00:12:28,211 [main] INFO  server.BaseHttpServer (BaseHttpServer.java:updateConnectorAddress(215)) - HTTP server of HDDSDATANODE is listening at http://0.0.0.0:33267
2019-11-19 00:12:28,212 [main] INFO  impl.MetricsSystemImpl (MetricsSystemImpl.java:init(158)) - HddsDatanode metrics system started (again)
2019-11-19 00:12:28,216 [org.apache.hadoop.util.JvmPauseMonitor$Monitor@3f99b067] INFO  util.JvmPauseMonitor (JvmPauseMonitor.java:run(188)) - Starting JVM pause monitor
2019-11-19 00:12:28,216 [main] INFO  ozone.HddsDatanodeService (HddsDatanodeService.java:start(186)) - HddsDatanodeService host:pr-hdds-2241-master-j9rj8-2432081592 ip:192.168.157.213
2019-11-19 00:12:28,220 [Datanode State Machine Thread - 0] INFO  datanode.InitDatanodeState (InitDatanodeState.java:persistContainerDatanodeDetails(140)) - DatanodeDetails is persisted to /workdir/hadoop-ozone/integration-test/target/test-dir/MiniOzoneClusterImpl-44984baa-697f-41c4-9b49-b72e5718b1cd/datanode-6/meta/datanode.id
2019-11-19 00:12:28,225 [main] INFO  volume.HddsVolume (HddsVolume.java:<init>(176)) - Creating Volume: /workdir/hadoop-ozone/integration-test/target/test-dir/MiniOzoneClusterImpl-44984baa-697f-41c4-9b49-b72e5718b1cd/datanode-7/data/containers/hdds of  storage type : DISK and capacity : 1482555576320
2019-11-19 00:12:28,225 [main] INFO  volume.VolumeSet (VolumeSet.java:initializeVolumeSet(170)) - Added Volume : /workdir/hadoop-ozone/integration-test/target/test-dir/MiniOzoneClusterImpl-44984baa-697f-41c4-9b49-b72e5718b1cd/datanode-7/data/containers/hdds to VolumeSet
2019-11-19 00:12:28,225 [main] INFO  volume.ThrottledAsyncChecker (ThrottledAsyncChecker.java:schedule(141)) - Scheduling a check for /workdir/hadoop-ozone/integration-test/target/test-dir/MiniOzoneClusterImpl-44984baa-697f-41c4-9b49-b72e5718b1cd/datanode-7/data/containers/hdds
2019-11-19 00:12:28,226 [main] INFO  volume.HddsVolumeChecker (HddsVolumeChecker.java:checkAllVolumes(204)) - Scheduled health check for volume /workdir/hadoop-ozone/integration-test/target/test-dir/MiniOzoneClusterImpl-44984baa-697f-41c4-9b49-b72e5718b1cd/datanode-7/data/containers/hdds
2019-11-19 00:12:28,241 [main] INFO  impl.RaftServerProxy (ConfUtils.java:logGet(43)) - raft.rpc.type = GRPC (default)
2019-11-19 00:12:28,241 [main] INFO  grpc.GrpcFactory (GrpcFactory.java:checkPooledByteBufAllocatorUseCacheForAllThreads(45)) - PERFORMANCE WARNING: useCacheForAllThreads is true that may cause Netty to create a lot garbage objects and, as a result, trigger GC.
	It is recommended to disable useCacheForAllThreads by setting -Dorg.apache.ratis.thirdparty.io.netty.allocator.useCacheForAllThreads=false in command line.
2019-11-19 00:12:28,241 [main] INFO  grpc.GrpcConfigKeys$Server (ConfUtils.java:logGet(43)) - raft.grpc.server.port = 0 (default)
2019-11-19 00:12:28,242 [main] INFO  server.GrpcService (ConfUtils.java:logGet(43)) - raft.grpc.message.size.max = 33570816 (custom)
2019-11-19 00:12:28,242 [main] INFO  server.RaftServerConfigKeys (ConfUtils.java:logGet(43)) - raft.server.log.appender.buffer.byte-limit = 33554432 (custom)
2019-11-19 00:12:28,242 [main] INFO  server.GrpcService (ConfUtils.java:logGet(43)) - raft.grpc.flow.control.window = 1MB (=1048576) (default)
2019-11-19 00:12:28,242 [main] INFO  server.RaftServerConfigKeys (ConfUtils.java:logGet(43)) - raft.server.rpc.request.timeout = 3000ms (default)
2019-11-19 00:12:28,243 [main] INFO  server.RaftServerConfigKeys (ConfUtils.java:logGet(43)) - raft.server.storage.dir = [/workdir/hadoop-ozone/integration-test/target/test-dir/MiniOzoneClusterImpl-44984baa-697f-41c4-9b49-b72e5718b1cd/datanode-7/data/ratis] (custom)
2019-11-19 00:12:28,246 [main] INFO  hdfs.DFSUtil (DFSUtil.java:httpServerTemplateForNNAndJN(1641)) - Starting Web-server for hddsDatanode at: http://0.0.0.0:0
2019-11-19 00:12:28,247 [main] INFO  server.AuthenticationFilter (AuthenticationFilter.java:constructSecretProvider(240)) - Unable to initialize FileSignerSecretProvider, falling back to use random secrets.
2019-11-19 00:12:28,248 [main] WARN  http.HttpRequestLog (HttpRequestLog.java:getRequestLog(97)) - Jetty request log can only be enabled using Log4j
2019-11-19 00:12:28,250 [main] INFO  http.HttpServer2 (HttpServer2.java:addGlobalFilter(975)) - Added global filter 'safety' (class=org.apache.hadoop.http.HttpServer2$QuotingInputFilter)
2019-11-19 00:12:28,251 [main] INFO  http.HttpServer2 (HttpServer2.java:addFilter(948)) - Added filter static_user_filter (class=org.apache.hadoop.http.lib.StaticUserWebFilter$StaticUserFilter) to context hddsDatanode
2019-11-19 00:12:28,251 [main] INFO  http.HttpServer2 (HttpServer2.java:addFilter(958)) - Added filter static_user_filter (class=org.apache.hadoop.http.lib.StaticUserWebFilter$StaticUserFilter) to context logs
2019-11-19 00:12:28,251 [main] INFO  http.HttpServer2 (HttpServer2.java:addFilter(958)) - Added filter static_user_filter (class=org.apache.hadoop.http.lib.StaticUserWebFilter$StaticUserFilter) to context static
2019-11-19 00:12:28,252 [main] INFO  http.HttpServer2 (HttpServer2.java:bindListener(1191)) - Jetty bound to port 41040
2019-11-19 00:12:28,253 [main] INFO  server.Server (Server.java:doStart(351)) - jetty-9.3.25.v20180904, build timestamp: 2018-09-04T21:11:46Z, git hash: 3ce520221d0240229c862b122d2b06c12a625732
2019-11-19 00:12:28,255 [main] INFO  handler.ContextHandler (ContextHandler.java:doStart(781)) - Started o.e.j.s.ServletContextHandler@51d387d3{/logs,file:///workdir/hadoop-ozone/integration-test/target/log,AVAILABLE}
2019-11-19 00:12:28,255 [main] INFO  handler.ContextHandler (ContextHandler.java:doStart(781)) - Started o.e.j.s.ServletContextHandler@534180a2{/static,jar:file:/home/user/.m2/repository/org/apache/hadoop/hadoop-hdds-container-service/0.5.0-SNAPSHOT/hadoop-hdds-container-service-0.5.0-SNAPSHOT.jar!/webapps/static,AVAILABLE}
2019-11-19 00:12:28,297 [main] INFO  handler.ContextHandler (ContextHandler.java:doStart(781)) - Started o.e.j.w.WebAppContext@1c26273d{/,file:///tmp/jetty-0.0.0.0-41040-hddsDatanode-_-any-6331391037252224311.dir/webapp/,AVAILABLE}{/hddsDatanode}
2019-11-19 00:12:28,298 [main] INFO  server.AbstractConnector (AbstractConnector.java:doStart(278)) - Started ServerConnector@3a37a501{HTTP/1.1,[http/1.1]}{0.0.0.0:41040}
2019-11-19 00:12:28,298 [main] INFO  server.Server (Server.java:doStart(419)) - Started @5923ms
2019-11-19 00:12:28,298 [main] WARN  impl.MetricsSystemImpl (MetricsSystemImpl.java:register(276)) - Sink prometheus already exists!
2019-11-19 00:12:28,299 [main] INFO  server.BaseHttpServer (BaseHttpServer.java:updateConnectorAddress(215)) - HTTP server of HDDSDATANODE is listening at http://0.0.0.0:41040
2019-11-19 00:12:28,299 [main] INFO  impl.MetricsSystemImpl (MetricsSystemImpl.java:init(158)) - HddsDatanode metrics system started (again)
2019-11-19 00:12:28,304 [org.apache.hadoop.util.JvmPauseMonitor$Monitor@315565a1] INFO  util.JvmPauseMonitor (JvmPauseMonitor.java:run(188)) - Starting JVM pause monitor
2019-11-19 00:12:28,306 [main] INFO  ozone.HddsDatanodeService (HddsDatanodeService.java:start(186)) - HddsDatanodeService host:pr-hdds-2241-master-j9rj8-2432081592 ip:192.168.157.213
2019-11-19 00:12:28,308 [Datanode State Machine Thread - 0] INFO  datanode.InitDatanodeState (InitDatanodeState.java:persistContainerDatanodeDetails(140)) - DatanodeDetails is persisted to /workdir/hadoop-ozone/integration-test/target/test-dir/MiniOzoneClusterImpl-44984baa-697f-41c4-9b49-b72e5718b1cd/datanode-7/meta/datanode.id
2019-11-19 00:12:28,317 [main] INFO  volume.HddsVolume (HddsVolume.java:<init>(176)) - Creating Volume: /workdir/hadoop-ozone/integration-test/target/test-dir/MiniOzoneClusterImpl-44984baa-697f-41c4-9b49-b72e5718b1cd/datanode-8/data/containers/hdds of  storage type : DISK and capacity : 1482555576320
2019-11-19 00:12:28,317 [main] INFO  volume.VolumeSet (VolumeSet.java:initializeVolumeSet(170)) - Added Volume : /workdir/hadoop-ozone/integration-test/target/test-dir/MiniOzoneClusterImpl-44984baa-697f-41c4-9b49-b72e5718b1cd/datanode-8/data/containers/hdds to VolumeSet
2019-11-19 00:12:28,317 [main] INFO  volume.ThrottledAsyncChecker (ThrottledAsyncChecker.java:schedule(141)) - Scheduling a check for /workdir/hadoop-ozone/integration-test/target/test-dir/MiniOzoneClusterImpl-44984baa-697f-41c4-9b49-b72e5718b1cd/datanode-8/data/containers/hdds
2019-11-19 00:12:28,318 [main] INFO  volume.HddsVolumeChecker (HddsVolumeChecker.java:checkAllVolumes(204)) - Scheduled health check for volume /workdir/hadoop-ozone/integration-test/target/test-dir/MiniOzoneClusterImpl-44984baa-697f-41c4-9b49-b72e5718b1cd/datanode-8/data/containers/hdds
2019-11-19 00:12:28,341 [main] INFO  impl.RaftServerProxy (ConfUtils.java:logGet(43)) - raft.rpc.type = GRPC (default)
2019-11-19 00:12:28,341 [main] INFO  grpc.GrpcFactory (GrpcFactory.java:checkPooledByteBufAllocatorUseCacheForAllThreads(45)) - PERFORMANCE WARNING: useCacheForAllThreads is true that may cause Netty to create a lot garbage objects and, as a result, trigger GC.
	It is recommended to disable useCacheForAllThreads by setting -Dorg.apache.ratis.thirdparty.io.netty.allocator.useCacheForAllThreads=false in command line.
2019-11-19 00:12:28,341 [main] INFO  grpc.GrpcConfigKeys$Server (ConfUtils.java:logGet(43)) - raft.grpc.server.port = 0 (default)
2019-11-19 00:12:28,342 [main] INFO  server.GrpcService (ConfUtils.java:logGet(43)) - raft.grpc.message.size.max = 33570816 (custom)
2019-11-19 00:12:28,342 [main] INFO  server.RaftServerConfigKeys (ConfUtils.java:logGet(43)) - raft.server.log.appender.buffer.byte-limit = 33554432 (custom)
2019-11-19 00:12:28,342 [main] INFO  server.GrpcService (ConfUtils.java:logGet(43)) - raft.grpc.flow.control.window = 1MB (=1048576) (default)
2019-11-19 00:12:28,343 [main] INFO  server.RaftServerConfigKeys (ConfUtils.java:logGet(43)) - raft.server.rpc.request.timeout = 3000ms (default)
2019-11-19 00:12:28,343 [main] INFO  server.RaftServerConfigKeys (ConfUtils.java:logGet(43)) - raft.server.storage.dir = [/workdir/hadoop-ozone/integration-test/target/test-dir/MiniOzoneClusterImpl-44984baa-697f-41c4-9b49-b72e5718b1cd/datanode-8/data/ratis] (custom)
2019-11-19 00:12:28,346 [main] INFO  hdfs.DFSUtil (DFSUtil.java:httpServerTemplateForNNAndJN(1641)) - Starting Web-server for hddsDatanode at: http://0.0.0.0:0
2019-11-19 00:12:28,348 [main] INFO  server.AuthenticationFilter (AuthenticationFilter.java:constructSecretProvider(240)) - Unable to initialize FileSignerSecretProvider, falling back to use random secrets.
2019-11-19 00:12:28,348 [main] WARN  http.HttpRequestLog (HttpRequestLog.java:getRequestLog(97)) - Jetty request log can only be enabled using Log4j
2019-11-19 00:12:28,351 [main] INFO  http.HttpServer2 (HttpServer2.java:addGlobalFilter(975)) - Added global filter 'safety' (class=org.apache.hadoop.http.HttpServer2$QuotingInputFilter)
2019-11-19 00:12:28,352 [main] INFO  http.HttpServer2 (HttpServer2.java:addFilter(948)) - Added filter static_user_filter (class=org.apache.hadoop.http.lib.StaticUserWebFilter$StaticUserFilter) to context hddsDatanode
2019-11-19 00:12:28,353 [main] INFO  http.HttpServer2 (HttpServer2.java:addFilter(958)) - Added filter static_user_filter (class=org.apache.hadoop.http.lib.StaticUserWebFilter$StaticUserFilter) to context logs
2019-11-19 00:12:28,353 [main] INFO  http.HttpServer2 (HttpServer2.java:addFilter(958)) - Added filter static_user_filter (class=org.apache.hadoop.http.lib.StaticUserWebFilter$StaticUserFilter) to context static
2019-11-19 00:12:28,354 [main] INFO  http.HttpServer2 (HttpServer2.java:bindListener(1191)) - Jetty bound to port 33140
2019-11-19 00:12:28,354 [main] INFO  server.Server (Server.java:doStart(351)) - jetty-9.3.25.v20180904, build timestamp: 2018-09-04T21:11:46Z, git hash: 3ce520221d0240229c862b122d2b06c12a625732
2019-11-19 00:12:28,357 [main] INFO  handler.ContextHandler (ContextHandler.java:doStart(781)) - Started o.e.j.s.ServletContextHandler@72fd8a3c{/logs,file:///workdir/hadoop-ozone/integration-test/target/log,AVAILABLE}
2019-11-19 00:12:28,357 [main] INFO  handler.ContextHandler (ContextHandler.java:doStart(781)) - Started o.e.j.s.ServletContextHandler@34780cd9{/static,jar:file:/home/user/.m2/repository/org/apache/hadoop/hadoop-hdds-container-service/0.5.0-SNAPSHOT/hadoop-hdds-container-service-0.5.0-SNAPSHOT.jar!/webapps/static,AVAILABLE}
2019-11-19 00:12:28,406 [main] INFO  handler.ContextHandler (ContextHandler.java:doStart(781)) - Started o.e.j.w.WebAppContext@7a485a36{/,file:///tmp/jetty-0.0.0.0-33140-hddsDatanode-_-any-319518651476409368.dir/webapp/,AVAILABLE}{/hddsDatanode}
2019-11-19 00:12:28,406 [main] INFO  server.AbstractConnector (AbstractConnector.java:doStart(278)) - Started ServerConnector@5cf3157b{HTTP/1.1,[http/1.1]}{0.0.0.0:33140}
2019-11-19 00:12:28,407 [main] INFO  server.Server (Server.java:doStart(419)) - Started @6032ms
2019-11-19 00:12:28,407 [main] WARN  impl.MetricsSystemImpl (MetricsSystemImpl.java:register(276)) - Sink prometheus already exists!
2019-11-19 00:12:28,408 [main] INFO  server.BaseHttpServer (BaseHttpServer.java:updateConnectorAddress(215)) - HTTP server of HDDSDATANODE is listening at http://0.0.0.0:33140
2019-11-19 00:12:28,408 [main] INFO  impl.MetricsSystemImpl (MetricsSystemImpl.java:init(158)) - HddsDatanode metrics system started (again)
2019-11-19 00:12:28,413 [org.apache.hadoop.util.JvmPauseMonitor$Monitor@374da4e1] INFO  util.JvmPauseMonitor (JvmPauseMonitor.java:run(188)) - Starting JVM pause monitor
2019-11-19 00:12:28,413 [main] INFO  ozone.HddsDatanodeService (HddsDatanodeService.java:start(186)) - HddsDatanodeService host:pr-hdds-2241-master-j9rj8-2432081592 ip:192.168.157.213
2019-11-19 00:12:28,416 [Datanode State Machine Thread - 0] INFO  datanode.InitDatanodeState (InitDatanodeState.java:persistContainerDatanodeDetails(140)) - DatanodeDetails is persisted to /workdir/hadoop-ozone/integration-test/target/test-dir/MiniOzoneClusterImpl-44984baa-697f-41c4-9b49-b72e5718b1cd/datanode-8/meta/datanode.id
2019-11-19 00:12:28,423 [main] INFO  volume.HddsVolume (HddsVolume.java:<init>(176)) - Creating Volume: /workdir/hadoop-ozone/integration-test/target/test-dir/MiniOzoneClusterImpl-44984baa-697f-41c4-9b49-b72e5718b1cd/datanode-9/data/containers/hdds of  storage type : DISK and capacity : 1482555576320
2019-11-19 00:12:28,424 [main] INFO  volume.VolumeSet (VolumeSet.java:initializeVolumeSet(170)) - Added Volume : /workdir/hadoop-ozone/integration-test/target/test-dir/MiniOzoneClusterImpl-44984baa-697f-41c4-9b49-b72e5718b1cd/datanode-9/data/containers/hdds to VolumeSet
2019-11-19 00:12:28,424 [main] INFO  volume.ThrottledAsyncChecker (ThrottledAsyncChecker.java:schedule(141)) - Scheduling a check for /workdir/hadoop-ozone/integration-test/target/test-dir/MiniOzoneClusterImpl-44984baa-697f-41c4-9b49-b72e5718b1cd/datanode-9/data/containers/hdds
2019-11-19 00:12:28,425 [main] INFO  volume.HddsVolumeChecker (HddsVolumeChecker.java:checkAllVolumes(204)) - Scheduled health check for volume /workdir/hadoop-ozone/integration-test/target/test-dir/MiniOzoneClusterImpl-44984baa-697f-41c4-9b49-b72e5718b1cd/datanode-9/data/containers/hdds
2019-11-19 00:12:28,440 [main] INFO  impl.RaftServerProxy (ConfUtils.java:logGet(43)) - raft.rpc.type = GRPC (default)
2019-11-19 00:12:28,440 [main] INFO  grpc.GrpcFactory (GrpcFactory.java:checkPooledByteBufAllocatorUseCacheForAllThreads(45)) - PERFORMANCE WARNING: useCacheForAllThreads is true that may cause Netty to create a lot garbage objects and, as a result, trigger GC.
	It is recommended to disable useCacheForAllThreads by setting -Dorg.apache.ratis.thirdparty.io.netty.allocator.useCacheForAllThreads=false in command line.
2019-11-19 00:12:28,441 [main] INFO  grpc.GrpcConfigKeys$Server (ConfUtils.java:logGet(43)) - raft.grpc.server.port = 0 (default)
2019-11-19 00:12:28,441 [main] INFO  server.GrpcService (ConfUtils.java:logGet(43)) - raft.grpc.message.size.max = 33570816 (custom)
2019-11-19 00:12:28,441 [main] INFO  server.RaftServerConfigKeys (ConfUtils.java:logGet(43)) - raft.server.log.appender.buffer.byte-limit = 33554432 (custom)
2019-11-19 00:12:28,441 [main] INFO  server.GrpcService (ConfUtils.java:logGet(43)) - raft.grpc.flow.control.window = 1MB (=1048576) (default)
2019-11-19 00:12:28,441 [main] INFO  server.RaftServerConfigKeys (ConfUtils.java:logGet(43)) - raft.server.rpc.request.timeout = 3000ms (default)
2019-11-19 00:12:28,442 [main] INFO  server.RaftServerConfigKeys (ConfUtils.java:logGet(43)) - raft.server.storage.dir = [/workdir/hadoop-ozone/integration-test/target/test-dir/MiniOzoneClusterImpl-44984baa-697f-41c4-9b49-b72e5718b1cd/datanode-9/data/ratis] (custom)
2019-11-19 00:12:28,444 [main] INFO  hdfs.DFSUtil (DFSUtil.java:httpServerTemplateForNNAndJN(1641)) - Starting Web-server for hddsDatanode at: http://0.0.0.0:0
2019-11-19 00:12:28,446 [main] INFO  server.AuthenticationFilter (AuthenticationFilter.java:constructSecretProvider(240)) - Unable to initialize FileSignerSecretProvider, falling back to use random secrets.
2019-11-19 00:12:28,446 [main] WARN  http.HttpRequestLog (HttpRequestLog.java:getRequestLog(97)) - Jetty request log can only be enabled using Log4j
2019-11-19 00:12:28,448 [main] INFO  http.HttpServer2 (HttpServer2.java:addGlobalFilter(975)) - Added global filter 'safety' (class=org.apache.hadoop.http.HttpServer2$QuotingInputFilter)
2019-11-19 00:12:28,449 [main] INFO  http.HttpServer2 (HttpServer2.java:addFilter(948)) - Added filter static_user_filter (class=org.apache.hadoop.http.lib.StaticUserWebFilter$StaticUserFilter) to context hddsDatanode
2019-11-19 00:12:28,450 [main] INFO  http.HttpServer2 (HttpServer2.java:addFilter(958)) - Added filter static_user_filter (class=org.apache.hadoop.http.lib.StaticUserWebFilter$StaticUserFilter) to context logs
2019-11-19 00:12:28,450 [main] INFO  http.HttpServer2 (HttpServer2.java:addFilter(958)) - Added filter static_user_filter (class=org.apache.hadoop.http.lib.StaticUserWebFilter$StaticUserFilter) to context static
2019-11-19 00:12:28,451 [main] INFO  http.HttpServer2 (HttpServer2.java:bindListener(1191)) - Jetty bound to port 46306
2019-11-19 00:12:28,451 [main] INFO  server.Server (Server.java:doStart(351)) - jetty-9.3.25.v20180904, build timestamp: 2018-09-04T21:11:46Z, git hash: 3ce520221d0240229c862b122d2b06c12a625732
2019-11-19 00:12:28,453 [main] INFO  handler.ContextHandler (ContextHandler.java:doStart(781)) - Started o.e.j.s.ServletContextHandler@75181b50{/logs,file:///workdir/hadoop-ozone/integration-test/target/log,AVAILABLE}
2019-11-19 00:12:28,454 [main] INFO  handler.ContextHandler (ContextHandler.java:doStart(781)) - Started o.e.j.s.ServletContextHandler@5f254608{/static,jar:file:/home/user/.m2/repository/org/apache/hadoop/hadoop-hdds-container-service/0.5.0-SNAPSHOT/hadoop-hdds-container-service-0.5.0-SNAPSHOT.jar!/webapps/static,AVAILABLE}
2019-11-19 00:12:28,499 [main] INFO  handler.ContextHandler (ContextHandler.java:doStart(781)) - Started o.e.j.w.WebAppContext@7e5843db{/,file:///tmp/jetty-0.0.0.0-46306-hddsDatanode-_-any-6353357320142187168.dir/webapp/,AVAILABLE}{/hddsDatanode}
2019-11-19 00:12:28,500 [main] INFO  server.AbstractConnector (AbstractConnector.java:doStart(278)) - Started ServerConnector@459f703f{HTTP/1.1,[http/1.1]}{0.0.0.0:46306}
2019-11-19 00:12:28,501 [main] INFO  server.Server (Server.java:doStart(419)) - Started @6125ms
2019-11-19 00:12:28,501 [main] WARN  impl.MetricsSystemImpl (MetricsSystemImpl.java:register(276)) - Sink prometheus already exists!
2019-11-19 00:12:28,502 [main] INFO  server.BaseHttpServer (BaseHttpServer.java:updateConnectorAddress(215)) - HTTP server of HDDSDATANODE is listening at http://0.0.0.0:46306
2019-11-19 00:12:28,506 [main] INFO  ozone.MiniOzoneClusterImpl (MiniOzoneClusterImpl.java:lambda$waitForClusterToBeReady$0(150)) - Waiting for nodes to be ready. Got 0 of 10 DN Heartbeats.
2019-11-19 00:12:28,506 [main] INFO  ozone.MiniOzoneClusterImpl (MiniOzoneClusterImpl.java:lambda$waitForClusterToBeReady$0(153)) - Waiting for cluster to exit safe mode
2019-11-19 00:12:28,507 [org.apache.hadoop.util.JvmPauseMonitor$Monitor@5559fea3] INFO  util.JvmPauseMonitor (JvmPauseMonitor.java:run(188)) - Starting JVM pause monitor
2019-11-19 00:12:28,510 [Datanode State Machine Thread - 0] INFO  datanode.InitDatanodeState (InitDatanodeState.java:persistContainerDatanodeDetails(140)) - DatanodeDetails is persisted to /workdir/hadoop-ozone/integration-test/target/test-dir/MiniOzoneClusterImpl-44984baa-697f-41c4-9b49-b72e5718b1cd/datanode-9/meta/datanode.id
2019-11-19 00:12:29,507 [main] INFO  ozone.MiniOzoneClusterImpl (MiniOzoneClusterImpl.java:lambda$waitForClusterToBeReady$0(150)) - Waiting for nodes to be ready. Got 0 of 10 DN Heartbeats.
2019-11-19 00:12:29,507 [main] INFO  ozone.MiniOzoneClusterImpl (MiniOzoneClusterImpl.java:lambda$waitForClusterToBeReady$0(153)) - Waiting for cluster to exit safe mode
2019-11-19 00:12:29,993 [Datanode State Machine Thread - 0] INFO  ozoneimpl.OzoneContainer (OzoneContainer.java:start(230)) - Attempting to start container services.
2019-11-19 00:12:29,993 [Datanode State Machine Thread - 0] INFO  ozoneimpl.OzoneContainer (OzoneContainer.java:start(230)) - Attempting to start container services.
2019-11-19 00:12:29,993 [Datanode State Machine Thread - 0] INFO  ozoneimpl.OzoneContainer (OzoneContainer.java:start(230)) - Attempting to start container services.
2019-11-19 00:12:29,993 [Datanode State Machine Thread - 0] INFO  ozoneimpl.OzoneContainer (OzoneContainer.java:start(230)) - Attempting to start container services.
2019-11-19 00:12:29,997 [Datanode State Machine Thread - 0] INFO  ozoneimpl.OzoneContainer (OzoneContainer.java:startContainerScrub(194)) - Background container scanner has been disabled.
2019-11-19 00:12:29,998 [Datanode State Machine Thread - 0] INFO  ratis.XceiverServerRatis (XceiverServerRatis.java:start(422)) - Starting XceiverServerRatis 766ea7d6-3a2a-43e6-adde-0551acbf0307 at port 0
2019-11-19 00:12:29,998 [Datanode State Machine Thread - 0] INFO  ozoneimpl.OzoneContainer (OzoneContainer.java:startContainerScrub(194)) - Background container scanner has been disabled.
2019-11-19 00:12:29,998 [Datanode State Machine Thread - 0] INFO  ratis.XceiverServerRatis (XceiverServerRatis.java:start(422)) - Starting XceiverServerRatis 64badc5b-1d26-4295-aeac-475b93178eb2 at port 0
2019-11-19 00:12:29,999 [Datanode State Machine Thread - 0] INFO  ozoneimpl.OzoneContainer (OzoneContainer.java:startContainerScrub(194)) - Background container scanner has been disabled.
2019-11-19 00:12:29,999 [Datanode State Machine Thread - 0] INFO  ozoneimpl.OzoneContainer (OzoneContainer.java:startContainerScrub(194)) - Background container scanner has been disabled.
2019-11-19 00:12:29,999 [Datanode State Machine Thread - 0] INFO  ratis.XceiverServerRatis (XceiverServerRatis.java:start(422)) - Starting XceiverServerRatis 0268f058-fb11-4548-aa1f-192ad2abf2d8 at port 0
2019-11-19 00:12:29,999 [Datanode State Machine Thread - 0] INFO  ratis.XceiverServerRatis (XceiverServerRatis.java:start(422)) - Starting XceiverServerRatis 8678c500-2e6c-4337-9c3b-475f5e833751 at port 0
2019-11-19 00:12:30,046 [Datanode State Machine Thread - 0] INFO  impl.RaftServerProxy (RaftServerProxy.java:lambda$start$3(299)) - 64badc5b-1d26-4295-aeac-475b93178eb2: start RPC server
2019-11-19 00:12:30,046 [Datanode State Machine Thread - 0] INFO  impl.RaftServerProxy (RaftServerProxy.java:lambda$start$3(299)) - 8678c500-2e6c-4337-9c3b-475f5e833751: start RPC server
2019-11-19 00:12:30,046 [Datanode State Machine Thread - 0] INFO  impl.RaftServerProxy (RaftServerProxy.java:lambda$start$3(299)) - 766ea7d6-3a2a-43e6-adde-0551acbf0307: start RPC server
2019-11-19 00:12:30,046 [Datanode State Machine Thread - 0] INFO  impl.RaftServerProxy (RaftServerProxy.java:lambda$start$3(299)) - 0268f058-fb11-4548-aa1f-192ad2abf2d8: start RPC server
2019-11-19 00:12:30,079 [Datanode State Machine Thread - 0] INFO  ozoneimpl.OzoneContainer (OzoneContainer.java:start(230)) - Attempting to start container services.
2019-11-19 00:12:30,085 [Datanode State Machine Thread - 0] INFO  ozoneimpl.OzoneContainer (OzoneContainer.java:startContainerScrub(194)) - Background container scanner has been disabled.
2019-11-19 00:12:30,085 [Datanode State Machine Thread - 0] INFO  ratis.XceiverServerRatis (XceiverServerRatis.java:start(422)) - Starting XceiverServerRatis 384d2f4f-0571-4804-9846-a20995c60033 at port 0
2019-11-19 00:12:30,094 [Datanode State Machine Thread - 0] INFO  impl.RaftServerProxy (RaftServerProxy.java:lambda$start$3(299)) - 384d2f4f-0571-4804-9846-a20995c60033: start RPC server
2019-11-19 00:12:30,155 [Datanode State Machine Thread - 0] INFO  ozoneimpl.OzoneContainer (OzoneContainer.java:start(230)) - Attempting to start container services.
2019-11-19 00:12:30,155 [Datanode State Machine Thread - 0] INFO  ozoneimpl.OzoneContainer (OzoneContainer.java:startContainerScrub(194)) - Background container scanner has been disabled.
2019-11-19 00:12:30,155 [Datanode State Machine Thread - 0] INFO  ratis.XceiverServerRatis (XceiverServerRatis.java:start(422)) - Starting XceiverServerRatis 6ab0ccde-a1c3-4dcb-8bf2-e9547ffb2a27 at port 0
2019-11-19 00:12:30,164 [Datanode State Machine Thread - 0] INFO  impl.RaftServerProxy (RaftServerProxy.java:lambda$start$3(299)) - 6ab0ccde-a1c3-4dcb-8bf2-e9547ffb2a27: start RPC server
2019-11-19 00:12:30,212 [Datanode State Machine Thread - 0] INFO  server.GrpcService (GrpcService.java:startImpl(158)) - 766ea7d6-3a2a-43e6-adde-0551acbf0307: GrpcService started, listening on 0.0.0.0/0.0.0.0:35450
2019-11-19 00:12:30,212 [Datanode State Machine Thread - 0] INFO  server.GrpcService (GrpcService.java:startImpl(158)) - 64badc5b-1d26-4295-aeac-475b93178eb2: GrpcService started, listening on 0.0.0.0/0.0.0.0:38652
2019-11-19 00:12:30,213 [Datanode State Machine Thread - 0] INFO  ratis.XceiverServerRatis (XceiverServerRatis.java:start(432)) - XceiverServerRatis 766ea7d6-3a2a-43e6-adde-0551acbf0307 is started using port 35450
2019-11-19 00:12:30,212 [Datanode State Machine Thread - 0] INFO  server.GrpcService (GrpcService.java:startImpl(158)) - 6ab0ccde-a1c3-4dcb-8bf2-e9547ffb2a27: GrpcService started, listening on 0.0.0.0/0.0.0.0:34614
2019-11-19 00:12:30,212 [Datanode State Machine Thread - 0] INFO  server.GrpcService (GrpcService.java:startImpl(158)) - 0268f058-fb11-4548-aa1f-192ad2abf2d8: GrpcService started, listening on 0.0.0.0/0.0.0.0:42263
2019-11-19 00:12:30,212 [Datanode State Machine Thread - 0] INFO  server.GrpcService (GrpcService.java:startImpl(158)) - 8678c500-2e6c-4337-9c3b-475f5e833751: GrpcService started, listening on 0.0.0.0/0.0.0.0:38785
2019-11-19 00:12:30,212 [Datanode State Machine Thread - 0] INFO  server.GrpcService (GrpcService.java:startImpl(158)) - 384d2f4f-0571-4804-9846-a20995c60033: GrpcService started, listening on 0.0.0.0/0.0.0.0:36640
2019-11-19 00:12:30,214 [Datanode State Machine Thread - 0] INFO  ratis.XceiverServerRatis (XceiverServerRatis.java:start(432)) - XceiverServerRatis 8678c500-2e6c-4337-9c3b-475f5e833751 is started using port 38785
2019-11-19 00:12:30,214 [Datanode State Machine Thread - 0] INFO  ratis.XceiverServerRatis (XceiverServerRatis.java:start(432)) - XceiverServerRatis 0268f058-fb11-4548-aa1f-192ad2abf2d8 is started using port 42263
2019-11-19 00:12:30,214 [Datanode State Machine Thread - 0] INFO  ratis.XceiverServerRatis (XceiverServerRatis.java:start(432)) - XceiverServerRatis 6ab0ccde-a1c3-4dcb-8bf2-e9547ffb2a27 is started using port 34614
2019-11-19 00:12:30,213 [Datanode State Machine Thread - 0] INFO  ratis.XceiverServerRatis (XceiverServerRatis.java:start(432)) - XceiverServerRatis 64badc5b-1d26-4295-aeac-475b93178eb2 is started using port 38652
2019-11-19 00:12:30,214 [Datanode State Machine Thread - 0] INFO  ratis.XceiverServerRatis (XceiverServerRatis.java:start(432)) - XceiverServerRatis 384d2f4f-0571-4804-9846-a20995c60033 is started using port 36640
2019-11-19 00:12:30,228 [Datanode State Machine Thread - 0] INFO  server.XceiverServerGrpc (XceiverServerGrpc.java:start(145)) - XceiverServerGrpc 8678c500-2e6c-4337-9c3b-475f5e833751 is started using port 45540
2019-11-19 00:12:30,229 [Datanode State Machine Thread - 0] INFO  server.XceiverServerGrpc (XceiverServerGrpc.java:start(145)) - XceiverServerGrpc 0268f058-fb11-4548-aa1f-192ad2abf2d8 is started using port 38911
2019-11-19 00:12:30,230 [Datanode State Machine Thread - 0] INFO  server.XceiverServerGrpc (XceiverServerGrpc.java:start(145)) - XceiverServerGrpc 766ea7d6-3a2a-43e6-adde-0551acbf0307 is started using port 34533
2019-11-19 00:12:30,230 [Datanode State Machine Thread - 0] INFO  server.XceiverServerGrpc (XceiverServerGrpc.java:start(145)) - XceiverServerGrpc 64badc5b-1d26-4295-aeac-475b93178eb2 is started using port 33355
2019-11-19 00:12:30,230 [Datanode State Machine Thread - 0] INFO  server.XceiverServerGrpc (XceiverServerGrpc.java:start(145)) - XceiverServerGrpc 6ab0ccde-a1c3-4dcb-8bf2-e9547ffb2a27 is started using port 34301
2019-11-19 00:12:30,230 [Datanode State Machine Thread - 0] INFO  server.XceiverServerGrpc (XceiverServerGrpc.java:start(145)) - XceiverServerGrpc 384d2f4f-0571-4804-9846-a20995c60033 is started using port 36768
2019-11-19 00:12:30,278 [Datanode State Machine Thread - 0] INFO  ozoneimpl.OzoneContainer (OzoneContainer.java:start(230)) - Attempting to start container services.
2019-11-19 00:12:30,278 [Datanode State Machine Thread - 0] INFO  ozoneimpl.OzoneContainer (OzoneContainer.java:startContainerScrub(194)) - Background container scanner has been disabled.
2019-11-19 00:12:30,278 [Datanode State Machine Thread - 0] INFO  ratis.XceiverServerRatis (XceiverServerRatis.java:start(422)) - Starting XceiverServerRatis d1ad36f3-e0f7-4bd2-8d80-c82e74335b3b at port 0
2019-11-19 00:12:30,286 [Datanode State Machine Thread - 0] INFO  impl.RaftServerProxy (RaftServerProxy.java:lambda$start$3(299)) - d1ad36f3-e0f7-4bd2-8d80-c82e74335b3b: start RPC server
2019-11-19 00:12:30,289 [Datanode State Machine Thread - 0] INFO  server.GrpcService (GrpcService.java:startImpl(158)) - d1ad36f3-e0f7-4bd2-8d80-c82e74335b3b: GrpcService started, listening on 0.0.0.0/0.0.0.0:43236
2019-11-19 00:12:30,290 [Datanode State Machine Thread - 0] INFO  ratis.XceiverServerRatis (XceiverServerRatis.java:start(432)) - XceiverServerRatis d1ad36f3-e0f7-4bd2-8d80-c82e74335b3b is started using port 43236
2019-11-19 00:12:30,292 [Datanode State Machine Thread - 0] INFO  server.XceiverServerGrpc (XceiverServerGrpc.java:start(145)) - XceiverServerGrpc d1ad36f3-e0f7-4bd2-8d80-c82e74335b3b is started using port 42029
2019-11-19 00:12:30,329 [Datanode State Machine Thread - 0] INFO  ozoneimpl.OzoneContainer (OzoneContainer.java:start(230)) - Attempting to start container services.
2019-11-19 00:12:30,329 [Datanode State Machine Thread - 0] INFO  ozoneimpl.OzoneContainer (OzoneContainer.java:startContainerScrub(194)) - Background container scanner has been disabled.
2019-11-19 00:12:30,329 [Datanode State Machine Thread - 0] INFO  ratis.XceiverServerRatis (XceiverServerRatis.java:start(422)) - Starting XceiverServerRatis 88d9a86c-91a8-4958-be80-19dc6d27632d at port 0
2019-11-19 00:12:30,337 [Datanode State Machine Thread - 0] INFO  impl.RaftServerProxy (RaftServerProxy.java:lambda$start$3(299)) - 88d9a86c-91a8-4958-be80-19dc6d27632d: start RPC server
2019-11-19 00:12:30,341 [Datanode State Machine Thread - 0] INFO  server.GrpcService (GrpcService.java:startImpl(158)) - 88d9a86c-91a8-4958-be80-19dc6d27632d: GrpcService started, listening on 0.0.0.0/0.0.0.0:42465
2019-11-19 00:12:30,341 [Datanode State Machine Thread - 0] INFO  ratis.XceiverServerRatis (XceiverServerRatis.java:start(432)) - XceiverServerRatis 88d9a86c-91a8-4958-be80-19dc6d27632d is started using port 42465
2019-11-19 00:12:30,344 [Datanode State Machine Thread - 0] INFO  server.XceiverServerGrpc (XceiverServerGrpc.java:start(145)) - XceiverServerGrpc 88d9a86c-91a8-4958-be80-19dc6d27632d is started using port 33684
2019-11-19 00:12:30,440 [Datanode State Machine Thread - 0] INFO  ozoneimpl.OzoneContainer (OzoneContainer.java:start(230)) - Attempting to start container services.
2019-11-19 00:12:30,440 [Datanode State Machine Thread - 0] INFO  ozoneimpl.OzoneContainer (OzoneContainer.java:startContainerScrub(194)) - Background container scanner has been disabled.
2019-11-19 00:12:30,440 [Datanode State Machine Thread - 0] INFO  ratis.XceiverServerRatis (XceiverServerRatis.java:start(422)) - Starting XceiverServerRatis 4ef12a2f-5b98-4782-89eb-d41a56677dfd at port 0
2019-11-19 00:12:30,447 [Datanode State Machine Thread - 0] INFO  impl.RaftServerProxy (RaftServerProxy.java:lambda$start$3(299)) - 4ef12a2f-5b98-4782-89eb-d41a56677dfd: start RPC server
2019-11-19 00:12:30,451 [Datanode State Machine Thread - 0] INFO  server.GrpcService (GrpcService.java:startImpl(158)) - 4ef12a2f-5b98-4782-89eb-d41a56677dfd: GrpcService started, listening on 0.0.0.0/0.0.0.0:37821
2019-11-19 00:12:30,451 [Datanode State Machine Thread - 0] INFO  ratis.XceiverServerRatis (XceiverServerRatis.java:start(432)) - XceiverServerRatis 4ef12a2f-5b98-4782-89eb-d41a56677dfd is started using port 37821
2019-11-19 00:12:30,454 [Datanode State Machine Thread - 0] INFO  server.XceiverServerGrpc (XceiverServerGrpc.java:start(145)) - XceiverServerGrpc 4ef12a2f-5b98-4782-89eb-d41a56677dfd is started using port 44741
2019-11-19 00:12:30,509 [main] INFO  ozone.MiniOzoneClusterImpl (MiniOzoneClusterImpl.java:lambda$waitForClusterToBeReady$0(150)) - Waiting for nodes to be ready. Got 0 of 10 DN Heartbeats.
2019-11-19 00:12:30,509 [main] INFO  ozone.MiniOzoneClusterImpl (MiniOzoneClusterImpl.java:lambda$waitForClusterToBeReady$0(153)) - Waiting for cluster to exit safe mode
2019-11-19 00:12:30,533 [Datanode State Machine Thread - 0] INFO  ozoneimpl.OzoneContainer (OzoneContainer.java:start(230)) - Attempting to start container services.
2019-11-19 00:12:30,533 [Datanode State Machine Thread - 0] INFO  ozoneimpl.OzoneContainer (OzoneContainer.java:startContainerScrub(194)) - Background container scanner has been disabled.
2019-11-19 00:12:30,534 [Datanode State Machine Thread - 0] INFO  ratis.XceiverServerRatis (XceiverServerRatis.java:start(422)) - Starting XceiverServerRatis a5a92831-5c8a-4a5e-a8c5-430d74eea1c2 at port 0
2019-11-19 00:12:30,542 [Datanode State Machine Thread - 0] INFO  impl.RaftServerProxy (RaftServerProxy.java:lambda$start$3(299)) - a5a92831-5c8a-4a5e-a8c5-430d74eea1c2: start RPC server
2019-11-19 00:12:30,546 [Datanode State Machine Thread - 0] INFO  server.GrpcService (GrpcService.java:startImpl(158)) - a5a92831-5c8a-4a5e-a8c5-430d74eea1c2: GrpcService started, listening on 0.0.0.0/0.0.0.0:38403
2019-11-19 00:12:30,546 [Datanode State Machine Thread - 0] INFO  ratis.XceiverServerRatis (XceiverServerRatis.java:start(432)) - XceiverServerRatis a5a92831-5c8a-4a5e-a8c5-430d74eea1c2 is started using port 38403
2019-11-19 00:12:30,568 [Datanode State Machine Thread - 0] INFO  server.XceiverServerGrpc (XceiverServerGrpc.java:start(145)) - XceiverServerGrpc a5a92831-5c8a-4a5e-a8c5-430d74eea1c2 is started using port 45848
2019-11-19 00:12:31,510 [main] INFO  ozone.MiniOzoneClusterImpl (MiniOzoneClusterImpl.java:lambda$waitForClusterToBeReady$0(150)) - Waiting for nodes to be ready. Got 0 of 10 DN Heartbeats.
2019-11-19 00:12:31,510 [main] INFO  ozone.MiniOzoneClusterImpl (MiniOzoneClusterImpl.java:lambda$waitForClusterToBeReady$0(153)) - Waiting for cluster to exit safe mode
2019-11-19 00:12:31,717 [IPC Server handler 3 on 46217] INFO  net.NetworkTopology (NetworkTopologyImpl.java:add(111)) - Added a new node: /default-rack/64badc5b-1d26-4295-aeac-475b93178eb2
2019-11-19 00:12:31,718 [IPC Server handler 3 on 46217] INFO  node.SCMNodeManager (SCMNodeManager.java:register(267)) - Registered Data node : 64badc5b-1d26-4295-aeac-475b93178eb2{ip: 192.168.157.213, host: pr-hdds-2241-master-j9rj8-2432081592, networkLocation: /default-rack, certSerialId: null}
2019-11-19 00:12:31,720 [EventQueue-NodeRegistrationContainerReportForContainerSafeModeRule] INFO  safemode.SCMSafeModeManager (SCMSafeModeManager.java:validateSafeModeExitRules(176)) - ContainerSafeModeRule rule is successfully validated
2019-11-19 00:12:31,720 [EventQueue-NodeRegistrationContainerReportForDataNodeSafeModeRule] INFO  safemode.SCMSafeModeManager (DataNodeSafeModeRule.java:process(71)) - SCM in safe mode. 1 DataNodes registered, 1 required.
2019-11-19 00:12:31,721 [EventQueue-NodeRegistrationContainerReportForDataNodeSafeModeRule] INFO  safemode.SCMSafeModeManager (SCMSafeModeManager.java:validateSafeModeExitRules(176)) - DataNodeSafeModeRule rule is successfully validated
2019-11-19 00:12:31,724 [RatisPipelineUtilsThread] INFO  pipeline.RatisPipelineProvider (RatisPipelineProvider.java:lambda$create$4(163)) - Send pipeline:PipelineID=f607925e-f2c9-4e84-af67-33e211c2426b create command to datanode 64badc5b-1d26-4295-aeac-475b93178eb2
2019-11-19 00:12:31,736 [RatisPipelineUtilsThread] INFO  pipeline.PipelineStateManager (PipelineStateManager.java:addPipeline(55)) - Created pipeline Pipeline[ Id: f607925e-f2c9-4e84-af67-33e211c2426b, Nodes: 64badc5b-1d26-4295-aeac-475b93178eb2{ip: 192.168.157.213, host: pr-hdds-2241-master-j9rj8-2432081592, networkLocation: /default-rack, certSerialId: null}, Type:RATIS, Factor:ONE, State:ALLOCATED]
2019-11-19 00:12:31,782 [IPC Server handler 5 on 46217] INFO  net.NetworkTopology (NetworkTopologyImpl.java:add(111)) - Added a new node: /default-rack/0268f058-fb11-4548-aa1f-192ad2abf2d8
2019-11-19 00:12:31,783 [IPC Server handler 5 on 46217] INFO  node.SCMNodeManager (SCMNodeManager.java:register(267)) - Registered Data node : 0268f058-fb11-4548-aa1f-192ad2abf2d8{ip: 192.168.157.213, host: pr-hdds-2241-master-j9rj8-2432081592, networkLocation: /default-rack, certSerialId: null}
2019-11-19 00:12:31,784 [RatisPipelineUtilsThread] INFO  pipeline.RatisPipelineProvider (RatisPipelineProvider.java:lambda$create$4(163)) - Send pipeline:PipelineID=9561c9b0-a1ae-4a3d-843a-0b3ee1f2558b create command to datanode 0268f058-fb11-4548-aa1f-192ad2abf2d8
2019-11-19 00:12:31,784 [EventQueue-NodeRegistrationContainerReportForDataNodeSafeModeRule] INFO  safemode.SCMSafeModeManager (SCMSafeModeManager.java:validateSafeModeExitRules(176)) - DataNodeSafeModeRule rule is successfully validated
2019-11-19 00:12:31,784 [EventQueue-NodeRegistrationContainerReportForContainerSafeModeRule] INFO  safemode.SCMSafeModeManager (SCMSafeModeManager.java:validateSafeModeExitRules(176)) - ContainerSafeModeRule rule is successfully validated
2019-11-19 00:12:31,784 [RatisPipelineUtilsThread] INFO  pipeline.PipelineStateManager (PipelineStateManager.java:addPipeline(55)) - Created pipeline Pipeline[ Id: 9561c9b0-a1ae-4a3d-843a-0b3ee1f2558b, Nodes: 0268f058-fb11-4548-aa1f-192ad2abf2d8{ip: 192.168.157.213, host: pr-hdds-2241-master-j9rj8-2432081592, networkLocation: /default-rack, certSerialId: null}, Type:RATIS, Factor:ONE, State:ALLOCATED]
2019-11-19 00:12:31,868 [IPC Server handler 6 on 46217] INFO  net.NetworkTopology (NetworkTopologyImpl.java:add(111)) - Added a new node: /default-rack/8678c500-2e6c-4337-9c3b-475f5e833751
2019-11-19 00:12:31,869 [IPC Server handler 6 on 46217] INFO  node.SCMNodeManager (SCMNodeManager.java:register(267)) - Registered Data node : 8678c500-2e6c-4337-9c3b-475f5e833751{ip: 192.168.157.213, host: pr-hdds-2241-master-j9rj8-2432081592, networkLocation: /default-rack, certSerialId: null}
2019-11-19 00:12:31,869 [EventQueue-NodeRegistrationContainerReportForContainerSafeModeRule] INFO  safemode.SCMSafeModeManager (SCMSafeModeManager.java:validateSafeModeExitRules(176)) - ContainerSafeModeRule rule is successfully validated
2019-11-19 00:12:31,869 [RatisPipelineUtilsThread] INFO  pipeline.RatisPipelineProvider (RatisPipelineProvider.java:lambda$create$4(163)) - Send pipeline:PipelineID=51352e16-48cd-493d-8d62-9f8176da0c06 create command to datanode 8678c500-2e6c-4337-9c3b-475f5e833751
2019-11-19 00:12:31,869 [EventQueue-NodeRegistrationContainerReportForDataNodeSafeModeRule] INFO  safemode.SCMSafeModeManager (SCMSafeModeManager.java:validateSafeModeExitRules(176)) - DataNodeSafeModeRule rule is successfully validated
2019-11-19 00:12:31,870 [RatisPipelineUtilsThread] INFO  pipeline.PipelineStateManager (PipelineStateManager.java:addPipeline(55)) - Created pipeline Pipeline[ Id: 51352e16-48cd-493d-8d62-9f8176da0c06, Nodes: 8678c500-2e6c-4337-9c3b-475f5e833751{ip: 192.168.157.213, host: pr-hdds-2241-master-j9rj8-2432081592, networkLocation: /default-rack, certSerialId: null}, Type:RATIS, Factor:ONE, State:ALLOCATED]
2019-11-19 00:12:31,871 [RatisPipelineUtilsThread] INFO  pipeline.RatisPipelineProvider (RatisPipelineProvider.java:lambda$create$4(163)) - Send pipeline:PipelineID=a25894c6-e5b1-484a-87d6-36af27d05186 create command to datanode 64badc5b-1d26-4295-aeac-475b93178eb2
2019-11-19 00:12:31,871 [RatisPipelineUtilsThread] INFO  pipeline.RatisPipelineProvider (RatisPipelineProvider.java:lambda$create$4(163)) - Send pipeline:PipelineID=a25894c6-e5b1-484a-87d6-36af27d05186 create command to datanode 8678c500-2e6c-4337-9c3b-475f5e833751
2019-11-19 00:12:31,871 [RatisPipelineUtilsThread] INFO  pipeline.RatisPipelineProvider (RatisPipelineProvider.java:lambda$create$4(163)) - Send pipeline:PipelineID=a25894c6-e5b1-484a-87d6-36af27d05186 create command to datanode 0268f058-fb11-4548-aa1f-192ad2abf2d8
2019-11-19 00:12:31,872 [RatisPipelineUtilsThread] INFO  pipeline.PipelineStateManager (PipelineStateManager.java:addPipeline(55)) - Created pipeline Pipeline[ Id: a25894c6-e5b1-484a-87d6-36af27d05186, Nodes: 64badc5b-1d26-4295-aeac-475b93178eb2{ip: 192.168.157.213, host: pr-hdds-2241-master-j9rj8-2432081592, networkLocation: /default-rack, certSerialId: null}8678c500-2e6c-4337-9c3b-475f5e833751{ip: 192.168.157.213, host: pr-hdds-2241-master-j9rj8-2432081592, networkLocation: /default-rack, certSerialId: null}0268f058-fb11-4548-aa1f-192ad2abf2d8{ip: 192.168.157.213, host: pr-hdds-2241-master-j9rj8-2432081592, networkLocation: /default-rack, certSerialId: null}, Type:RATIS, Factor:THREE, State:ALLOCATED]
2019-11-19 00:12:31,964 [IPC Server handler 7 on 46217] INFO  net.NetworkTopology (NetworkTopologyImpl.java:add(111)) - Added a new node: /default-rack/766ea7d6-3a2a-43e6-adde-0551acbf0307
2019-11-19 00:12:31,964 [IPC Server handler 7 on 46217] INFO  node.SCMNodeManager (SCMNodeManager.java:register(267)) - Registered Data node : 766ea7d6-3a2a-43e6-adde-0551acbf0307{ip: 192.168.157.213, host: pr-hdds-2241-master-j9rj8-2432081592, networkLocation: /default-rack, certSerialId: null}
2019-11-19 00:12:31,965 [EventQueue-NodeRegistrationContainerReportForContainerSafeModeRule] INFO  safemode.SCMSafeModeManager (SCMSafeModeManager.java:validateSafeModeExitRules(176)) - ContainerSafeModeRule rule is successfully validated
2019-11-19 00:12:31,967 [EventQueue-NodeRegistrationContainerReportForDataNodeSafeModeRule] INFO  safemode.SCMSafeModeManager (SCMSafeModeManager.java:validateSafeModeExitRules(176)) - DataNodeSafeModeRule rule is successfully validated
2019-11-19 00:12:31,967 [RatisPipelineUtilsThread] INFO  pipeline.RatisPipelineProvider (RatisPipelineProvider.java:lambda$create$4(163)) - Send pipeline:PipelineID=aa5998e8-b89f-46b0-9ed6-0dcc06137a71 create command to datanode 766ea7d6-3a2a-43e6-adde-0551acbf0307
2019-11-19 00:12:31,968 [RatisPipelineUtilsThread] INFO  pipeline.PipelineStateManager (PipelineStateManager.java:addPipeline(55)) - Created pipeline Pipeline[ Id: aa5998e8-b89f-46b0-9ed6-0dcc06137a71, Nodes: 766ea7d6-3a2a-43e6-adde-0551acbf0307{ip: 192.168.157.213, host: pr-hdds-2241-master-j9rj8-2432081592, networkLocation: /default-rack, certSerialId: null}, Type:RATIS, Factor:ONE, State:ALLOCATED]
2019-11-19 00:12:32,059 [IPC Server handler 8 on 46217] INFO  net.NetworkTopology (NetworkTopologyImpl.java:add(111)) - Added a new node: /default-rack/384d2f4f-0571-4804-9846-a20995c60033
2019-11-19 00:12:32,060 [IPC Server handler 8 on 46217] INFO  node.SCMNodeManager (SCMNodeManager.java:register(267)) - Registered Data node : 384d2f4f-0571-4804-9846-a20995c60033{ip: 192.168.157.213, host: pr-hdds-2241-master-j9rj8-2432081592, networkLocation: /default-rack, certSerialId: null}
2019-11-19 00:12:32,060 [RatisPipelineUtilsThread] INFO  pipeline.RatisPipelineProvider (RatisPipelineProvider.java:lambda$create$4(163)) - Send pipeline:PipelineID=c3f3754b-64bc-41d9-9d28-049a2157e156 create command to datanode 384d2f4f-0571-4804-9846-a20995c60033
2019-11-19 00:12:32,060 [EventQueue-NodeRegistrationContainerReportForContainerSafeModeRule] INFO  safemode.SCMSafeModeManager (SCMSafeModeManager.java:validateSafeModeExitRules(176)) - ContainerSafeModeRule rule is successfully validated
2019-11-19 00:12:32,060 [EventQueue-NodeRegistrationContainerReportForDataNodeSafeModeRule] INFO  safemode.SCMSafeModeManager (SCMSafeModeManager.java:validateSafeModeExitRules(176)) - DataNodeSafeModeRule rule is successfully validated
2019-11-19 00:12:32,061 [RatisPipelineUtilsThread] INFO  pipeline.PipelineStateManager (PipelineStateManager.java:addPipeline(55)) - Created pipeline Pipeline[ Id: c3f3754b-64bc-41d9-9d28-049a2157e156, Nodes: 384d2f4f-0571-4804-9846-a20995c60033{ip: 192.168.157.213, host: pr-hdds-2241-master-j9rj8-2432081592, networkLocation: /default-rack, certSerialId: null}, Type:RATIS, Factor:ONE, State:ALLOCATED]
2019-11-19 00:12:32,131 [IPC Server handler 9 on 46217] INFO  net.NetworkTopology (NetworkTopologyImpl.java:add(111)) - Added a new node: /default-rack/6ab0ccde-a1c3-4dcb-8bf2-e9547ffb2a27
2019-11-19 00:12:32,131 [IPC Server handler 9 on 46217] INFO  node.SCMNodeManager (SCMNodeManager.java:register(267)) - Registered Data node : 6ab0ccde-a1c3-4dcb-8bf2-e9547ffb2a27{ip: 192.168.157.213, host: pr-hdds-2241-master-j9rj8-2432081592, networkLocation: /default-rack, certSerialId: null}
2019-11-19 00:12:32,131 [EventQueue-NodeRegistrationContainerReportForDataNodeSafeModeRule] INFO  safemode.SCMSafeModeManager (SCMSafeModeManager.java:validateSafeModeExitRules(176)) - DataNodeSafeModeRule rule is successfully validated
2019-11-19 00:12:32,131 [RatisPipelineUtilsThread] INFO  pipeline.RatisPipelineProvider (RatisPipelineProvider.java:lambda$create$4(163)) - Send pipeline:PipelineID=1bd3256c-a8aa-4bb0-9b2b-56767ede43f8 create command to datanode 6ab0ccde-a1c3-4dcb-8bf2-e9547ffb2a27
2019-11-19 00:12:32,131 [EventQueue-NodeRegistrationContainerReportForContainerSafeModeRule] INFO  safemode.SCMSafeModeManager (SCMSafeModeManager.java:validateSafeModeExitRules(176)) - ContainerSafeModeRule rule is successfully validated
2019-11-19 00:12:32,132 [RatisPipelineUtilsThread] INFO  pipeline.PipelineStateManager (PipelineStateManager.java:addPipeline(55)) - Created pipeline Pipeline[ Id: 1bd3256c-a8aa-4bb0-9b2b-56767ede43f8, Nodes: 6ab0ccde-a1c3-4dcb-8bf2-e9547ffb2a27{ip: 192.168.157.213, host: pr-hdds-2241-master-j9rj8-2432081592, networkLocation: /default-rack, certSerialId: null}, Type:RATIS, Factor:ONE, State:ALLOCATED]
2019-11-19 00:12:32,133 [RatisPipelineUtilsThread] INFO  pipeline.RatisPipelineProvider (RatisPipelineProvider.java:lambda$create$4(163)) - Send pipeline:PipelineID=1a7d0b34-c700-43c0-9c00-0864f1baa98e create command to datanode 766ea7d6-3a2a-43e6-adde-0551acbf0307
2019-11-19 00:12:32,134 [RatisPipelineUtilsThread] INFO  pipeline.RatisPipelineProvider (RatisPipelineProvider.java:lambda$create$4(163)) - Send pipeline:PipelineID=1a7d0b34-c700-43c0-9c00-0864f1baa98e create command to datanode 6ab0ccde-a1c3-4dcb-8bf2-e9547ffb2a27
2019-11-19 00:12:32,134 [RatisPipelineUtilsThread] INFO  pipeline.RatisPipelineProvider (RatisPipelineProvider.java:lambda$create$4(163)) - Send pipeline:PipelineID=1a7d0b34-c700-43c0-9c00-0864f1baa98e create command to datanode 384d2f4f-0571-4804-9846-a20995c60033
2019-11-19 00:12:32,135 [RatisPipelineUtilsThread] INFO  pipeline.PipelineStateManager (PipelineStateManager.java:addPipeline(55)) - Created pipeline Pipeline[ Id: 1a7d0b34-c700-43c0-9c00-0864f1baa98e, Nodes: 766ea7d6-3a2a-43e6-adde-0551acbf0307{ip: 192.168.157.213, host: pr-hdds-2241-master-j9rj8-2432081592, networkLocation: /default-rack, certSerialId: null}6ab0ccde-a1c3-4dcb-8bf2-e9547ffb2a27{ip: 192.168.157.213, host: pr-hdds-2241-master-j9rj8-2432081592, networkLocation: /default-rack, certSerialId: null}384d2f4f-0571-4804-9846-a20995c60033{ip: 192.168.157.213, host: pr-hdds-2241-master-j9rj8-2432081592, networkLocation: /default-rack, certSerialId: null}, Type:RATIS, Factor:THREE, State:ALLOCATED]
2019-11-19 00:12:32,220 [IPC Server handler 0 on 46217] INFO  net.NetworkTopology (NetworkTopologyImpl.java:add(111)) - Added a new node: /default-rack/d1ad36f3-e0f7-4bd2-8d80-c82e74335b3b
2019-11-19 00:12:32,220 [IPC Server handler 0 on 46217] INFO  node.SCMNodeManager (SCMNodeManager.java:register(267)) - Registered Data node : d1ad36f3-e0f7-4bd2-8d80-c82e74335b3b{ip: 192.168.157.213, host: pr-hdds-2241-master-j9rj8-2432081592, networkLocation: /default-rack, certSerialId: null}
2019-11-19 00:12:32,220 [EventQueue-NodeRegistrationContainerReportForContainerSafeModeRule] INFO  safemode.SCMSafeModeManager (SCMSafeModeManager.java:validateSafeModeExitRules(176)) - ContainerSafeModeRule rule is successfully validated
2019-11-19 00:12:32,222 [EventQueue-NodeRegistrationContainerReportForDataNodeSafeModeRule] INFO  safemode.SCMSafeModeManager (SCMSafeModeManager.java:validateSafeModeExitRules(176)) - DataNodeSafeModeRule rule is successfully validated
2019-11-19 00:12:32,223 [RatisPipelineUtilsThread] INFO  pipeline.RatisPipelineProvider (RatisPipelineProvider.java:lambda$create$4(163)) - Send pipeline:PipelineID=73a70b8c-0a43-45a6-a88b-5a7767573569 create command to datanode d1ad36f3-e0f7-4bd2-8d80-c82e74335b3b
2019-11-19 00:12:32,223 [RatisPipelineUtilsThread] INFO  pipeline.PipelineStateManager (PipelineStateManager.java:addPipeline(55)) - Created pipeline Pipeline[ Id: 73a70b8c-0a43-45a6-a88b-5a7767573569, Nodes: d1ad36f3-e0f7-4bd2-8d80-c82e74335b3b{ip: 192.168.157.213, host: pr-hdds-2241-master-j9rj8-2432081592, networkLocation: /default-rack, certSerialId: null}, Type:RATIS, Factor:ONE, State:ALLOCATED]
2019-11-19 00:12:32,308 [IPC Server handler 2 on 46217] INFO  net.NetworkTopology (NetworkTopologyImpl.java:add(111)) - Added a new node: /default-rack/88d9a86c-91a8-4958-be80-19dc6d27632d
2019-11-19 00:12:32,308 [IPC Server handler 2 on 46217] INFO  node.SCMNodeManager (SCMNodeManager.java:register(267)) - Registered Data node : 88d9a86c-91a8-4958-be80-19dc6d27632d{ip: 192.168.157.213, host: pr-hdds-2241-master-j9rj8-2432081592, networkLocation: /default-rack, certSerialId: null}
2019-11-19 00:12:32,309 [EventQueue-NodeRegistrationContainerReportForContainerSafeModeRule] INFO  safemode.SCMSafeModeManager (SCMSafeModeManager.java:validateSafeModeExitRules(176)) - ContainerSafeModeRule rule is successfully validated
2019-11-19 00:12:32,309 [RatisPipelineUtilsThread] INFO  pipeline.RatisPipelineProvider (RatisPipelineProvider.java:lambda$create$4(163)) - Send pipeline:PipelineID=02002385-64b7-4994-a550-be6bbfd87705 create command to datanode 88d9a86c-91a8-4958-be80-19dc6d27632d
2019-11-19 00:12:32,309 [EventQueue-NodeRegistrationContainerReportForDataNodeSafeModeRule] INFO  safemode.SCMSafeModeManager (SCMSafeModeManager.java:validateSafeModeExitRules(176)) - DataNodeSafeModeRule rule is successfully validated
2019-11-19 00:12:32,310 [RatisPipelineUtilsThread] INFO  pipeline.PipelineStateManager (PipelineStateManager.java:addPipeline(55)) - Created pipeline Pipeline[ Id: 02002385-64b7-4994-a550-be6bbfd87705, Nodes: 88d9a86c-91a8-4958-be80-19dc6d27632d{ip: 192.168.157.213, host: pr-hdds-2241-master-j9rj8-2432081592, networkLocation: /default-rack, certSerialId: null}, Type:RATIS, Factor:ONE, State:ALLOCATED]
2019-11-19 00:12:32,415 [IPC Server handler 4 on 46217] INFO  net.NetworkTopology (NetworkTopologyImpl.java:add(111)) - Added a new node: /default-rack/4ef12a2f-5b98-4782-89eb-d41a56677dfd
2019-11-19 00:12:32,416 [IPC Server handler 4 on 46217] INFO  node.SCMNodeManager (SCMNodeManager.java:register(267)) - Registered Data node : 4ef12a2f-5b98-4782-89eb-d41a56677dfd{ip: 192.168.157.213, host: pr-hdds-2241-master-j9rj8-2432081592, networkLocation: /default-rack, certSerialId: null}
2019-11-19 00:12:32,416 [EventQueue-NodeRegistrationContainerReportForContainerSafeModeRule] INFO  safemode.SCMSafeModeManager (SCMSafeModeManager.java:validateSafeModeExitRules(176)) - ContainerSafeModeRule rule is successfully validated
2019-11-19 00:12:32,416 [RatisPipelineUtilsThread] INFO  pipeline.RatisPipelineProvider (RatisPipelineProvider.java:lambda$create$4(163)) - Send pipeline:PipelineID=41c812aa-aaac-4bf1-af77-d69a33a9f5ad create command to datanode 4ef12a2f-5b98-4782-89eb-d41a56677dfd
2019-11-19 00:12:32,416 [EventQueue-NodeRegistrationContainerReportForDataNodeSafeModeRule] INFO  safemode.SCMSafeModeManager (SCMSafeModeManager.java:validateSafeModeExitRules(176)) - DataNodeSafeModeRule rule is successfully validated
2019-11-19 00:12:32,417 [RatisPipelineUtilsThread] INFO  pipeline.PipelineStateManager (PipelineStateManager.java:addPipeline(55)) - Created pipeline Pipeline[ Id: 41c812aa-aaac-4bf1-af77-d69a33a9f5ad, Nodes: 4ef12a2f-5b98-4782-89eb-d41a56677dfd{ip: 192.168.157.213, host: pr-hdds-2241-master-j9rj8-2432081592, networkLocation: /default-rack, certSerialId: null}, Type:RATIS, Factor:ONE, State:ALLOCATED]
2019-11-19 00:12:32,418 [RatisPipelineUtilsThread] INFO  pipeline.RatisPipelineProvider (RatisPipelineProvider.java:lambda$create$4(163)) - Send pipeline:PipelineID=c5520a36-7de8-444b-8df9-04b856a0c6a3 create command to datanode 88d9a86c-91a8-4958-be80-19dc6d27632d
2019-11-19 00:12:32,418 [RatisPipelineUtilsThread] INFO  pipeline.RatisPipelineProvider (RatisPipelineProvider.java:lambda$create$4(163)) - Send pipeline:PipelineID=c5520a36-7de8-444b-8df9-04b856a0c6a3 create command to datanode d1ad36f3-e0f7-4bd2-8d80-c82e74335b3b
2019-11-19 00:12:32,418 [RatisPipelineUtilsThread] INFO  pipeline.RatisPipelineProvider (RatisPipelineProvider.java:lambda$create$4(163)) - Send pipeline:PipelineID=c5520a36-7de8-444b-8df9-04b856a0c6a3 create command to datanode 4ef12a2f-5b98-4782-89eb-d41a56677dfd
2019-11-19 00:12:32,419 [RatisPipelineUtilsThread] INFO  pipeline.PipelineStateManager (PipelineStateManager.java:addPipeline(55)) - Created pipeline Pipeline[ Id: c5520a36-7de8-444b-8df9-04b856a0c6a3, Nodes: 88d9a86c-91a8-4958-be80-19dc6d27632d{ip: 192.168.157.213, host: pr-hdds-2241-master-j9rj8-2432081592, networkLocation: /default-rack, certSerialId: null}d1ad36f3-e0f7-4bd2-8d80-c82e74335b3b{ip: 192.168.157.213, host: pr-hdds-2241-master-j9rj8-2432081592, networkLocation: /default-rack, certSerialId: null}4ef12a2f-5b98-4782-89eb-d41a56677dfd{ip: 192.168.157.213, host: pr-hdds-2241-master-j9rj8-2432081592, networkLocation: /default-rack, certSerialId: null}, Type:RATIS, Factor:THREE, State:ALLOCATED]
2019-11-19 00:12:32,516 [main] INFO  ozone.MiniOzoneClusterImpl (MiniOzoneClusterImpl.java:lambda$waitForClusterToBeReady$0(150)) - Waiting for nodes to be ready. Got 9 of 10 DN Heartbeats.
2019-11-19 00:12:32,523 [main] INFO  ozone.MiniOzoneClusterImpl (MiniOzoneClusterImpl.java:lambda$waitForClusterToBeReady$0(153)) - Waiting for cluster to exit safe mode
2019-11-19 00:12:32,523 [IPC Server handler 3 on 46217] INFO  net.NetworkTopology (NetworkTopologyImpl.java:add(111)) - Added a new node: /default-rack/a5a92831-5c8a-4a5e-a8c5-430d74eea1c2
2019-11-19 00:12:32,525 [IPC Server handler 3 on 46217] INFO  node.SCMNodeManager (SCMNodeManager.java:register(267)) - Registered Data node : a5a92831-5c8a-4a5e-a8c5-430d74eea1c2{ip: 192.168.157.213, host: pr-hdds-2241-master-j9rj8-2432081592, networkLocation: /default-rack, certSerialId: null}
2019-11-19 00:12:32,525 [EventQueue-NodeRegistrationContainerReportForContainerSafeModeRule] INFO  safemode.SCMSafeModeManager (SCMSafeModeManager.java:validateSafeModeExitRules(176)) - ContainerSafeModeRule rule is successfully validated
2019-11-19 00:12:32,525 [EventQueue-NodeRegistrationContainerReportForDataNodeSafeModeRule] INFO  safemode.SCMSafeModeManager (SCMSafeModeManager.java:validateSafeModeExitRules(176)) - DataNodeSafeModeRule rule is successfully validated
2019-11-19 00:12:32,525 [RatisPipelineUtilsThread] INFO  pipeline.RatisPipelineProvider (RatisPipelineProvider.java:lambda$create$4(163)) - Send pipeline:PipelineID=ffd4c7c4-4ff3-4c40-9b23-1ebf26346c27 create command to datanode a5a92831-5c8a-4a5e-a8c5-430d74eea1c2
2019-11-19 00:12:32,526 [RatisPipelineUtilsThread] INFO  pipeline.PipelineStateManager (PipelineStateManager.java:addPipeline(55)) - Created pipeline Pipeline[ Id: ffd4c7c4-4ff3-4c40-9b23-1ebf26346c27, Nodes: a5a92831-5c8a-4a5e-a8c5-430d74eea1c2{ip: 192.168.157.213, host: pr-hdds-2241-master-j9rj8-2432081592, networkLocation: /default-rack, certSerialId: null}, Type:RATIS, Factor:ONE, State:ALLOCATED]
2019-11-19 00:12:33,523 [main] INFO  ozone.MiniOzoneClusterImpl (MiniOzoneClusterImpl.java:lambda$waitForClusterToBeReady$0(150)) - Nodes are ready. Got 10 of 10 DN Heartbeats.
2019-11-19 00:12:33,523 [main] INFO  ozone.MiniOzoneClusterImpl (MiniOzoneClusterImpl.java:lambda$waitForClusterToBeReady$0(153)) - Waiting for cluster to exit safe mode
2019-11-19 00:12:34,524 [main] INFO  ozone.MiniOzoneClusterImpl (MiniOzoneClusterImpl.java:lambda$waitForClusterToBeReady$0(150)) - Nodes are ready. Got 10 of 10 DN Heartbeats.
2019-11-19 00:12:34,524 [main] INFO  ozone.MiniOzoneClusterImpl (MiniOzoneClusterImpl.java:lambda$waitForClusterToBeReady$0(153)) - Waiting for cluster to exit safe mode
2019-11-19 00:12:34,710 [Command processor thread] INFO  impl.RaftServerProxy (RaftServerProxy.java:addNew(89)) - 64badc5b-1d26-4295-aeac-475b93178eb2: addNew group-33E211C2426B:[64badc5b-1d26-4295-aeac-475b93178eb2:192.168.157.213:38652] returns group-33E211C2426B:java.util.concurrent.CompletableFuture@41e2c99c[Not completed]
2019-11-19 00:12:34,745 [pool-27-thread-1] INFO  impl.RaftServerImpl (RaftServerImpl.java:<init>(98)) - 64badc5b-1d26-4295-aeac-475b93178eb2: new RaftServerImpl for group-33E211C2426B:[64badc5b-1d26-4295-aeac-475b93178eb2:192.168.157.213:38652] with ContainerStateMachine:uninitialized
2019-11-19 00:12:34,747 [pool-27-thread-1] INFO  server.RaftServerConfigKeys (ConfUtils.java:logGet(43)) - raft.server.rpc.timeout.min = 5s (custom)
2019-11-19 00:12:34,749 [pool-27-thread-1] INFO  server.RaftServerConfigKeys (ConfUtils.java:logGet(43)) - raft.server.rpc.timeout.max = 5200ms (custom)
2019-11-19 00:12:34,749 [pool-27-thread-1] INFO  server.RaftServerConfigKeys (ConfUtils.java:logGet(43)) - raft.server.rpcslowness.timeout = 120s (custom)
2019-11-19 00:12:34,749 [pool-27-thread-1] INFO  server.RaftServerConfigKeys (ConfUtils.java:logGet(43)) - raft.server.sleep.deviation.threshold = 300 (default)
2019-11-19 00:12:34,750 [pool-27-thread-1] INFO  server.RaftServerConfigKeys (ConfUtils.java:logGet(43)) - raft.server.log.appender.install.snapshot.enabled = false (custom)
2019-11-19 00:12:34,759 [pool-27-thread-1] INFO  impl.RaftServerImpl (ServerState.java:<init>(103)) - 64badc5b-1d26-4295-aeac-475b93178eb2@group-33E211C2426B: ConfigurationManager, init=-1: [64badc5b-1d26-4295-aeac-475b93178eb2:192.168.157.213:38652], old=null, confs=<EMPTY_MAP>
2019-11-19 00:12:34,760 [pool-27-thread-1] INFO  server.RaftServerConfigKeys (ConfUtils.java:logGet(43)) - raft.server.storage.dir = [/workdir/hadoop-ozone/integration-test/target/test-dir/MiniOzoneClusterImpl-44984baa-697f-41c4-9b49-b72e5718b1cd/datanode-0/data/ratis] (custom)
2019-11-19 00:12:34,767 [pool-27-thread-1] INFO  server.RaftServerConfigKeys (ConfUtils.java:logGet(43)) - raft.server.log.corruption.policy = EXCEPTION (default)
2019-11-19 00:12:34,769 [pool-27-thread-1] INFO  storage.RaftStorageDirectory (RaftStorageDirectory.java:analyzeStorage(246)) - The storage directory /workdir/hadoop-ozone/integration-test/target/test-dir/MiniOzoneClusterImpl-44984baa-697f-41c4-9b49-b72e5718b1cd/datanode-0/data/ratis/f607925e-f2c9-4e84-af67-33e211c2426b does not exist. Creating ...
2019-11-19 00:12:34,775 [Command processor thread] INFO  impl.RaftServerProxy (RaftServerProxy.java:addNew(89)) - 0268f058-fb11-4548-aa1f-192ad2abf2d8: addNew group-0B3EE1F2558B:[0268f058-fb11-4548-aa1f-192ad2abf2d8:192.168.157.213:42263] returns group-0B3EE1F2558B:java.util.concurrent.CompletableFuture@9a526f4[Not completed]
2019-11-19 00:12:34,835 [pool-37-thread-1] INFO  impl.RaftServerImpl (RaftServerImpl.java:<init>(98)) - 0268f058-fb11-4548-aa1f-192ad2abf2d8: new RaftServerImpl for group-0B3EE1F2558B:[0268f058-fb11-4548-aa1f-192ad2abf2d8:192.168.157.213:42263] with ContainerStateMachine:uninitialized
2019-11-19 00:12:34,836 [pool-37-thread-1] INFO  server.RaftServerConfigKeys (ConfUtils.java:logGet(43)) - raft.server.rpc.timeout.min = 5s (custom)
2019-11-19 00:12:34,837 [pool-37-thread-1] INFO  server.RaftServerConfigKeys (ConfUtils.java:logGet(43)) - raft.server.rpc.timeout.max = 5200ms (custom)
2019-11-19 00:12:34,837 [pool-37-thread-1] INFO  server.RaftServerConfigKeys (ConfUtils.java:logGet(43)) - raft.server.rpcslowness.timeout = 120s (custom)
2019-11-19 00:12:34,837 [pool-37-thread-1] INFO  server.RaftServerConfigKeys (ConfUtils.java:logGet(43)) - raft.server.sleep.deviation.threshold = 300 (default)
2019-11-19 00:12:34,837 [pool-37-thread-1] INFO  server.RaftServerConfigKeys (ConfUtils.java:logGet(43)) - raft.server.log.appender.install.snapshot.enabled = false (custom)
2019-11-19 00:12:34,837 [pool-37-thread-1] INFO  impl.RaftServerImpl (ServerState.java:<init>(103)) - 0268f058-fb11-4548-aa1f-192ad2abf2d8@group-0B3EE1F2558B: ConfigurationManager, init=-1: [0268f058-fb11-4548-aa1f-192ad2abf2d8:192.168.157.213:42263], old=null, confs=<EMPTY_MAP>
2019-11-19 00:12:34,838 [pool-37-thread-1] INFO  server.RaftServerConfigKeys (ConfUtils.java:logGet(43)) - raft.server.storage.dir = [/workdir/hadoop-ozone/integration-test/target/test-dir/MiniOzoneClusterImpl-44984baa-697f-41c4-9b49-b72e5718b1cd/datanode-1/data/ratis] (custom)
2019-11-19 00:12:34,838 [pool-37-thread-1] INFO  server.RaftServerConfigKeys (ConfUtils.java:logGet(43)) - raft.server.log.corruption.policy = EXCEPTION (default)
2019-11-19 00:12:34,838 [pool-37-thread-1] INFO  storage.RaftStorageDirectory (RaftStorageDirectory.java:analyzeStorage(246)) - The storage directory /workdir/hadoop-ozone/integration-test/target/test-dir/MiniOzoneClusterImpl-44984baa-697f-41c4-9b49-b72e5718b1cd/datanode-1/data/ratis/9561c9b0-a1ae-4a3d-843a-0b3ee1f2558b does not exist. Creating ...
2019-11-19 00:12:34,859 [Command processor thread] INFO  impl.RaftServerProxy (RaftServerProxy.java:addNew(89)) - 8678c500-2e6c-4337-9c3b-475f5e833751: addNew group-9F8176DA0C06:[8678c500-2e6c-4337-9c3b-475f5e833751:192.168.157.213:38785] returns group-9F8176DA0C06:java.util.concurrent.CompletableFuture@47bfeebd[Not completed]
2019-11-19 00:12:34,874 [pool-37-thread-1] INFO  storage.RaftStorageDirectory (RaftStorageDirectory.java:tryLock(328)) - Lock on /workdir/hadoop-ozone/integration-test/target/test-dir/MiniOzoneClusterImpl-44984baa-697f-41c4-9b49-b72e5718b1cd/datanode-1/data/ratis/9561c9b0-a1ae-4a3d-843a-0b3ee1f2558b/in_use.lock acquired by nodename 9276@pr-hdds-2241-master-j9rj8-2432081592
2019-11-19 00:12:34,874 [pool-27-thread-1] INFO  storage.RaftStorageDirectory (RaftStorageDirectory.java:tryLock(328)) - Lock on /workdir/hadoop-ozone/integration-test/target/test-dir/MiniOzoneClusterImpl-44984baa-697f-41c4-9b49-b72e5718b1cd/datanode-0/data/ratis/f607925e-f2c9-4e84-af67-33e211c2426b/in_use.lock acquired by nodename 9276@pr-hdds-2241-master-j9rj8-2432081592
2019-11-19 00:12:34,892 [pool-47-thread-1] INFO  impl.RaftServerImpl (RaftServerImpl.java:<init>(98)) - 8678c500-2e6c-4337-9c3b-475f5e833751: new RaftServerImpl for group-9F8176DA0C06:[8678c500-2e6c-4337-9c3b-475f5e833751:192.168.157.213:38785] with ContainerStateMachine:uninitialized
2019-11-19 00:12:34,892 [pool-47-thread-1] INFO  server.RaftServerConfigKeys (ConfUtils.java:logGet(43)) - raft.server.rpc.timeout.min = 5s (custom)
2019-11-19 00:12:34,893 [pool-47-thread-1] INFO  server.RaftServerConfigKeys (ConfUtils.java:logGet(43)) - raft.server.rpc.timeout.max = 5200ms (custom)
2019-11-19 00:12:34,893 [pool-47-thread-1] INFO  server.RaftServerConfigKeys (ConfUtils.java:logGet(43)) - raft.server.rpcslowness.timeout = 120s (custom)
2019-11-19 00:12:34,893 [pool-47-thread-1] INFO  server.RaftServerConfigKeys (ConfUtils.java:logGet(43)) - raft.server.sleep.deviation.threshold = 300 (default)
2019-11-19 00:12:34,894 [pool-47-thread-1] INFO  server.RaftServerConfigKeys (ConfUtils.java:logGet(43)) - raft.server.log.appender.install.snapshot.enabled = false (custom)
2019-11-19 00:12:34,894 [pool-47-thread-1] INFO  impl.RaftServerImpl (ServerState.java:<init>(103)) - 8678c500-2e6c-4337-9c3b-475f5e833751@group-9F8176DA0C06: ConfigurationManager, init=-1: [8678c500-2e6c-4337-9c3b-475f5e833751:192.168.157.213:38785], old=null, confs=<EMPTY_MAP>
2019-11-19 00:12:34,894 [pool-47-thread-1] INFO  server.RaftServerConfigKeys (ConfUtils.java:logGet(43)) - raft.server.storage.dir = [/workdir/hadoop-ozone/integration-test/target/test-dir/MiniOzoneClusterImpl-44984baa-697f-41c4-9b49-b72e5718b1cd/datanode-2/data/ratis] (custom)
2019-11-19 00:12:34,895 [pool-47-thread-1] INFO  server.RaftServerConfigKeys (ConfUtils.java:logGet(43)) - raft.server.log.corruption.policy = EXCEPTION (default)
2019-11-19 00:12:34,895 [pool-47-thread-1] INFO  storage.RaftStorageDirectory (RaftStorageDirectory.java:analyzeStorage(246)) - The storage directory /workdir/hadoop-ozone/integration-test/target/test-dir/MiniOzoneClusterImpl-44984baa-697f-41c4-9b49-b72e5718b1cd/datanode-2/data/ratis/51352e16-48cd-493d-8d62-9f8176da0c06 does not exist. Creating ...
2019-11-19 00:12:34,918 [pool-47-thread-1] INFO  storage.RaftStorageDirectory (RaftStorageDirectory.java:tryLock(328)) - Lock on /workdir/hadoop-ozone/integration-test/target/test-dir/MiniOzoneClusterImpl-44984baa-697f-41c4-9b49-b72e5718b1cd/datanode-2/data/ratis/51352e16-48cd-493d-8d62-9f8176da0c06/in_use.lock acquired by nodename 9276@pr-hdds-2241-master-j9rj8-2432081592
2019-11-19 00:12:34,925 [pool-27-thread-1] INFO  storage.RaftStorage (RaftStorage.java:format(84)) - Storage directory /workdir/hadoop-ozone/integration-test/target/test-dir/MiniOzoneClusterImpl-44984baa-697f-41c4-9b49-b72e5718b1cd/datanode-0/data/ratis/f607925e-f2c9-4e84-af67-33e211c2426b has been successfully formatted.
2019-11-19 00:12:34,925 [pool-37-thread-1] INFO  storage.RaftStorage (RaftStorage.java:format(84)) - Storage directory /workdir/hadoop-ozone/integration-test/target/test-dir/MiniOzoneClusterImpl-44984baa-697f-41c4-9b49-b72e5718b1cd/datanode-1/data/ratis/9561c9b0-a1ae-4a3d-843a-0b3ee1f2558b has been successfully formatted.
2019-11-19 00:12:34,934 [pool-27-thread-1] INFO  ratis.ContainerStateMachine (ContainerStateMachine.java:loadSnapshot(223)) - group-33E211C2426B: The snapshot info is null. Setting the last applied indexto:(t:0, i:~)
2019-11-19 00:12:34,934 [pool-27-thread-1] INFO  server.RaftServerConfigKeys (ConfUtils.java:logGet(43)) - raft.server.notification.no-leader.timeout = 120s (custom)
2019-11-19 00:12:34,937 [pool-27-thread-1] INFO  server.RaftServerConfigKeys (ConfUtils.java:logGet(43)) - raft.server.log.use.memory = false (default)
2019-11-19 00:12:34,944 [pool-27-thread-1] INFO  server.RaftServerConfigKeys (ConfUtils.java:logGet(43)) - raft.server.log.purge.gap = 1000000 (custom)
2019-11-19 00:12:34,944 [pool-27-thread-1] INFO  server.RaftServerConfigKeys (ConfUtils.java:logGet(43)) - raft.server.log.appender.buffer.byte-limit = 33554432 (custom)
2019-11-19 00:12:34,946 [pool-27-thread-1] INFO  server.RaftServerConfigKeys (ConfUtils.java:logGet(43)) - raft.server.log.segment.size.max = 1048576 (custom)
2019-11-19 00:12:34,934 [pool-37-thread-1] INFO  ratis.ContainerStateMachine (ContainerStateMachine.java:loadSnapshot(223)) - group-0B3EE1F2558B: The snapshot info is null. Setting the last applied indexto:(t:0, i:~)
2019-11-19 00:12:34,949 [pool-37-thread-1] INFO  server.RaftServerConfigKeys (ConfUtils.java:logGet(43)) - raft.server.notification.no-leader.timeout = 120s (custom)
2019-11-19 00:12:34,950 [pool-37-thread-1] INFO  server.RaftServerConfigKeys (ConfUtils.java:logGet(43)) - raft.server.log.use.memory = false (default)
2019-11-19 00:12:34,950 [pool-37-thread-1] INFO  server.RaftServerConfigKeys (ConfUtils.java:logGet(43)) - raft.server.log.purge.gap = 1000000 (custom)
2019-11-19 00:12:34,950 [pool-37-thread-1] INFO  server.RaftServerConfigKeys (ConfUtils.java:logGet(43)) - raft.server.log.appender.buffer.byte-limit = 33554432 (custom)
2019-11-19 00:12:34,950 [pool-37-thread-1] INFO  server.RaftServerConfigKeys (ConfUtils.java:logGet(43)) - raft.server.log.segment.size.max = 1048576 (custom)
2019-11-19 00:12:34,958 [pool-47-thread-1] INFO  storage.RaftStorage (RaftStorage.java:format(84)) - Storage directory /workdir/hadoop-ozone/integration-test/target/test-dir/MiniOzoneClusterImpl-44984baa-697f-41c4-9b49-b72e5718b1cd/datanode-2/data/ratis/51352e16-48cd-493d-8d62-9f8176da0c06 has been successfully formatted.
2019-11-19 00:12:34,963 [pool-47-thread-1] INFO  ratis.ContainerStateMachine (ContainerStateMachine.java:loadSnapshot(223)) - group-9F8176DA0C06: The snapshot info is null. Setting the last applied indexto:(t:0, i:~)
2019-11-19 00:12:34,963 [pool-47-thread-1] INFO  server.RaftServerConfigKeys (ConfUtils.java:logGet(43)) - raft.server.notification.no-leader.timeout = 120s (custom)
2019-11-19 00:12:34,963 [pool-47-thread-1] INFO  server.RaftServerConfigKeys (ConfUtils.java:logGet(43)) - raft.server.log.use.memory = false (default)
2019-11-19 00:12:34,964 [pool-47-thread-1] INFO  server.RaftServerConfigKeys (ConfUtils.java:logGet(43)) - raft.server.log.purge.gap = 1000000 (custom)
2019-11-19 00:12:34,964 [pool-47-thread-1] INFO  server.RaftServerConfigKeys (ConfUtils.java:logGet(43)) - raft.server.log.appender.buffer.byte-limit = 33554432 (custom)
2019-11-19 00:12:34,964 [pool-47-thread-1] INFO  server.RaftServerConfigKeys (ConfUtils.java:logGet(43)) - raft.server.log.segment.size.max = 1048576 (custom)
2019-11-19 00:12:34,965 [pool-27-thread-1] INFO  metrics.MetricRegistries (MetricRegistriesLoader.java:load(64)) - Loaded MetricRegistries class org.apache.ratis.metrics.impl.MetricRegistriesImpl
2019-11-19 00:12:34,970 [pool-27-thread-1] WARN  impl.MetricRegistriesImpl (MetricRegistriesImpl.java:lambda$create$1(61)) - First MetricRegistry has been created without registering reporters. You may need to call MetricRegistries.global().addReportRegistration(...) before.
2019-11-19 00:12:34,976 [pool-27-thread-1] INFO  server.RaftServerConfigKeys (ConfUtils.java:logGet(43)) - raft.server.log.segment.cache.num.max = 2 (custom)
2019-11-19 00:12:34,970 [pool-37-thread-1] WARN  impl.MetricRegistriesImpl (MetricRegistriesImpl.java:lambda$create$1(61)) - First MetricRegistry has been created without registering reporters. You may need to call MetricRegistries.global().addReportRegistration(...) before.
2019-11-19 00:12:34,970 [pool-47-thread-1] WARN  impl.MetricRegistriesImpl (MetricRegistriesImpl.java:lambda$create$1(61)) - First MetricRegistry has been created without registering reporters. You may need to call MetricRegistries.global().addReportRegistration(...) before.
2019-11-19 00:12:34,981 [Command processor thread] INFO  impl.RaftServerProxy (RaftServerProxy.java:addNew(89)) - 766ea7d6-3a2a-43e6-adde-0551acbf0307: addNew group-0DCC06137A71:[766ea7d6-3a2a-43e6-adde-0551acbf0307:192.168.157.213:35450] returns group-0DCC06137A71:java.util.concurrent.CompletableFuture@a23427[Not completed]
2019-11-19 00:12:34,981 [pool-37-thread-1] INFO  server.RaftServerConfigKeys (ConfUtils.java:logGet(43)) - raft.server.log.segment.cache.num.max = 2 (custom)
2019-11-19 00:12:34,981 [pool-47-thread-1] INFO  server.RaftServerConfigKeys (ConfUtils.java:logGet(43)) - raft.server.log.segment.cache.num.max = 2 (custom)
2019-11-19 00:12:34,983 [pool-37-thread-1] INFO  segmented.SegmentedRaftLogWorker (SegmentedRaftLogWorker.java:<init>(173)) - new 0268f058-fb11-4548-aa1f-192ad2abf2d8@group-0B3EE1F2558B-SegmentedRaftLogWorker for RaftStorage:Storage Directory /workdir/hadoop-ozone/integration-test/target/test-dir/MiniOzoneClusterImpl-44984baa-697f-41c4-9b49-b72e5718b1cd/datanode-1/data/ratis/9561c9b0-a1ae-4a3d-843a-0b3ee1f2558b
2019-11-19 00:12:34,983 [pool-47-thread-1] INFO  segmented.SegmentedRaftLogWorker (SegmentedRaftLogWorker.java:<init>(173)) - new 8678c500-2e6c-4337-9c3b-475f5e833751@group-9F8176DA0C06-SegmentedRaftLogWorker for RaftStorage:Storage Directory /workdir/hadoop-ozone/integration-test/target/test-dir/MiniOzoneClusterImpl-44984baa-697f-41c4-9b49-b72e5718b1cd/datanode-2/data/ratis/51352e16-48cd-493d-8d62-9f8176da0c06
2019-11-19 00:12:34,983 [pool-27-thread-1] INFO  segmented.SegmentedRaftLogWorker (SegmentedRaftLogWorker.java:<init>(173)) - new 64badc5b-1d26-4295-aeac-475b93178eb2@group-33E211C2426B-SegmentedRaftLogWorker for RaftStorage:Storage Directory /workdir/hadoop-ozone/integration-test/target/test-dir/MiniOzoneClusterImpl-44984baa-697f-41c4-9b49-b72e5718b1cd/datanode-0/data/ratis/f607925e-f2c9-4e84-af67-33e211c2426b
2019-11-19 00:12:35,014 [pool-47-thread-1] INFO  server.RaftServerConfigKeys (ConfUtils.java:logGet(43)) - raft.server.log.queue.byte-limit = 2147483647 (custom)
2019-11-19 00:12:35,014 [pool-27-thread-1] INFO  server.RaftServerConfigKeys (ConfUtils.java:logGet(43)) - raft.server.log.queue.byte-limit = 2147483647 (custom)
2019-11-19 00:12:35,014 [pool-37-thread-1] INFO  server.RaftServerConfigKeys (ConfUtils.java:logGet(43)) - raft.server.log.queue.byte-limit = 2147483647 (custom)
2019-11-19 00:12:35,014 [pool-27-thread-1] INFO  server.RaftServerConfigKeys (ConfUtils.java:logGet(43)) - raft.server.log.queue.element-limit = 1024 (custom)
2019-11-19 00:12:35,015 [pool-47-thread-1] INFO  server.RaftServerConfigKeys (ConfUtils.java:logGet(43)) - raft.server.log.queue.element-limit = 1024 (custom)
2019-11-19 00:12:35,015 [pool-37-thread-1] INFO  server.RaftServerConfigKeys (ConfUtils.java:logGet(43)) - raft.server.log.queue.element-limit = 1024 (custom)
2019-11-19 00:12:35,016 [pool-27-thread-1] INFO  server.RaftServerConfigKeys (ConfUtils.java:logGet(43)) - raft.server.log.segment.size.max = 1048576 (custom)
2019-11-19 00:12:35,016 [pool-47-thread-1] INFO  server.RaftServerConfigKeys (ConfUtils.java:logGet(43)) - raft.server.log.segment.size.max = 1048576 (custom)
2019-11-19 00:12:35,016 [pool-37-thread-1] INFO  server.RaftServerConfigKeys (ConfUtils.java:logGet(43)) - raft.server.log.segment.size.max = 1048576 (custom)
2019-11-19 00:12:35,016 [pool-27-thread-1] INFO  server.RaftServerConfigKeys (ConfUtils.java:logGet(43)) - raft.server.log.preallocated.size = 16384 (custom)
2019-11-19 00:12:35,016 [pool-37-thread-1] INFO  server.RaftServerConfigKeys (ConfUtils.java:logGet(43)) - raft.server.log.preallocated.size = 16384 (custom)
2019-11-19 00:12:35,017 [pool-47-thread-1] INFO  server.RaftServerConfigKeys (ConfUtils.java:logGet(43)) - raft.server.log.preallocated.size = 16384 (custom)
2019-11-19 00:12:35,017 [pool-37-thread-1] INFO  server.RaftServerConfigKeys (ConfUtils.java:logGet(43)) - raft.server.log.write.buffer.size = 33554432 (custom)
2019-11-19 00:12:35,017 [pool-27-thread-1] INFO  server.RaftServerConfigKeys (ConfUtils.java:logGet(43)) - raft.server.log.write.buffer.size = 33554432 (custom)
2019-11-19 00:12:35,017 [pool-47-thread-1] INFO  server.RaftServerConfigKeys (ConfUtils.java:logGet(43)) - raft.server.log.write.buffer.size = 33554432 (custom)
2019-11-19 00:12:35,017 [pool-37-thread-1] INFO  server.RaftServerConfigKeys (ConfUtils.java:logGet(43)) - raft.server.log.force.sync.num = 128 (default)
2019-11-19 00:12:35,017 [pool-27-thread-1] INFO  server.RaftServerConfigKeys (ConfUtils.java:logGet(43)) - raft.server.log.force.sync.num = 128 (default)
2019-11-19 00:12:35,018 [pool-47-thread-1] INFO  server.RaftServerConfigKeys (ConfUtils.java:logGet(43)) - raft.server.log.force.sync.num = 128 (default)
2019-11-19 00:12:35,019 [pool-27-thread-1] INFO  server.RaftServerConfigKeys (ConfUtils.java:logGet(43)) - raft.server.log.statemachine.data.sync = true (default)
2019-11-19 00:12:35,019 [pool-37-thread-1] INFO  server.RaftServerConfigKeys (ConfUtils.java:logGet(43)) - raft.server.log.statemachine.data.sync = true (default)
2019-11-19 00:12:35,019 [pool-27-thread-1] INFO  server.RaftServerConfigKeys (ConfUtils.java:logGet(43)) - raft.server.log.statemachine.data.sync.timeout = 10s (default)
2019-11-19 00:12:35,019 [pool-47-thread-1] INFO  server.RaftServerConfigKeys (ConfUtils.java:logGet(43)) - raft.server.log.statemachine.data.sync = true (default)
2019-11-19 00:12:35,019 [pool-37-thread-1] INFO  server.RaftServerConfigKeys (ConfUtils.java:logGet(43)) - raft.server.log.statemachine.data.sync.timeout = 10s (default)
2019-11-19 00:12:35,019 [pool-47-thread-1] INFO  server.RaftServerConfigKeys (ConfUtils.java:logGet(43)) - raft.server.log.statemachine.data.sync.timeout = 10s (default)
2019-11-19 00:12:35,019 [pool-37-thread-1] INFO  server.RaftServerConfigKeys (ConfUtils.java:logGet(43)) - raft.server.log.statemachine.data.sync.timeout.retry = -1 (default)
2019-11-19 00:12:35,019 [pool-27-thread-1] INFO  server.RaftServerConfigKeys (ConfUtils.java:logGet(43)) - raft.server.log.statemachine.data.sync.timeout.retry = -1 (default)
2019-11-19 00:12:35,020 [pool-47-thread-1] INFO  server.RaftServerConfigKeys (ConfUtils.java:logGet(43)) - raft.server.log.statemachine.data.sync.timeout.retry = -1 (default)
2019-11-19 00:12:35,051 [pool-27-thread-1] INFO  server.RaftServerConfigKeys (ConfUtils.java:logGet(43)) - raft.server.log.statemachine.data.caching.enabled = true (custom)
2019-11-19 00:12:35,051 [pool-47-thread-1] INFO  server.RaftServerConfigKeys (ConfUtils.java:logGet(43)) - raft.server.log.statemachine.data.caching.enabled = true (custom)
2019-11-19 00:12:35,051 [pool-37-thread-1] INFO  server.RaftServerConfigKeys (ConfUtils.java:logGet(43)) - raft.server.log.statemachine.data.caching.enabled = true (custom)
2019-11-19 00:12:35,060 [pool-47-thread-1] INFO  segmented.SegmentedRaftLogWorker (SegmentedRaftLogWorker.java:lambda$new$0(128)) - 8678c500-2e6c-4337-9c3b-475f5e833751@group-9F8176DA0C06-SegmentedRaftLogWorker: flushIndex: setUnconditionally 0 -> -1
2019-11-19 00:12:35,065 [pool-27-thread-1] INFO  segmented.SegmentedRaftLogWorker (SegmentedRaftLogWorker.java:lambda$new$0(128)) - 64badc5b-1d26-4295-aeac-475b93178eb2@group-33E211C2426B-SegmentedRaftLogWorker: flushIndex: setUnconditionally 0 -> -1
2019-11-19 00:12:35,065 [pool-37-thread-1] INFO  segmented.SegmentedRaftLogWorker (SegmentedRaftLogWorker.java:lambda$new$0(128)) - 0268f058-fb11-4548-aa1f-192ad2abf2d8@group-0B3EE1F2558B-SegmentedRaftLogWorker: flushIndex: setUnconditionally 0 -> -1
2019-11-19 00:12:35,065 [Command processor thread] INFO  impl.RaftServerProxy (RaftServerProxy.java:addNew(89)) - 384d2f4f-0571-4804-9846-a20995c60033: addNew group-049A2157E156:[384d2f4f-0571-4804-9846-a20995c60033:192.168.157.213:36640] returns group-049A2157E156:java.util.concurrent.CompletableFuture@7d1b46b7[Not completed]
2019-11-19 00:12:35,071 [pool-27-thread-1] INFO  server.RaftServerConfigKeys (ConfUtils.java:logGet(43)) - raft.server.snapshot.auto.trigger.enabled = true (custom)
2019-11-19 00:12:35,071 [pool-47-thread-1] INFO  server.RaftServerConfigKeys (ConfUtils.java:logGet(43)) - raft.server.snapshot.auto.trigger.enabled = true (custom)
2019-11-19 00:12:35,071 [pool-37-thread-1] INFO  server.RaftServerConfigKeys (ConfUtils.java:logGet(43)) - raft.server.snapshot.auto.trigger.enabled = true (custom)
2019-11-19 00:12:35,072 [pool-27-thread-1] INFO  server.RaftServerConfigKeys (ConfUtils.java:logGet(43)) - raft.server.snapshot.auto.trigger.threshold = 10000 (custom)
2019-11-19 00:12:35,072 [pool-37-thread-1] INFO  server.RaftServerConfigKeys (ConfUtils.java:logGet(43)) - raft.server.snapshot.auto.trigger.threshold = 10000 (custom)
2019-11-19 00:12:35,072 [pool-27-thread-1] INFO  server.RaftServerConfigKeys (ConfUtils.java:logGet(43)) - raft.server.snapshot.retention.file.num = 5 (custom)
2019-11-19 00:12:35,072 [pool-37-thread-1] INFO  server.RaftServerConfigKeys (ConfUtils.java:logGet(43)) - raft.server.snapshot.retention.file.num = 5 (custom)
2019-11-19 00:12:35,089 [pool-47-thread-1] INFO  server.RaftServerConfigKeys (ConfUtils.java:logGet(43)) - raft.server.snapshot.auto.trigger.threshold = 10000 (custom)
2019-11-19 00:12:35,089 [pool-37-thread-1] INFO  server.RaftServerConfigKeys (ConfUtils.java:logGet(43)) - raft.server.retrycache.expirytime = 600000ms (custom)
2019-11-19 00:12:35,089 [pool-47-thread-1] INFO  server.RaftServerConfigKeys (ConfUtils.java:logGet(43)) - raft.server.snapshot.retention.file.num = 5 (custom)
2019-11-19 00:12:35,089 [pool-27-thread-1] INFO  server.RaftServerConfigKeys (ConfUtils.java:logGet(43)) - raft.server.retrycache.expirytime = 600000ms (custom)
2019-11-19 00:12:35,090 [pool-47-thread-1] INFO  server.RaftServerConfigKeys (ConfUtils.java:logGet(43)) - raft.server.retrycache.expirytime = 600000ms (custom)
2019-11-19 00:12:35,118 [pool-37-thread-1] WARN  impl.MetricRegistriesImpl (MetricRegistriesImpl.java:lambda$create$1(61)) - First MetricRegistry has been created without registering reporters. You may need to call MetricRegistries.global().addReportRegistration(...) before.
2019-11-19 00:12:35,118 [pool-27-thread-1] WARN  impl.MetricRegistriesImpl (MetricRegistriesImpl.java:lambda$create$1(61)) - First MetricRegistry has been created without registering reporters. You may need to call MetricRegistries.global().addReportRegistration(...) before.
2019-11-19 00:12:35,121 [pool-27-thread-1] WARN  impl.MetricRegistriesImpl (MetricRegistriesImpl.java:lambda$create$1(61)) - First MetricRegistry has been created without registering reporters. You may need to call MetricRegistries.global().addReportRegistration(...) before.
2019-11-19 00:12:35,121 [pool-37-thread-1] WARN  impl.MetricRegistriesImpl (MetricRegistriesImpl.java:lambda$create$1(61)) - First MetricRegistry has been created without registering reporters. You may need to call MetricRegistries.global().addReportRegistration(...) before.
2019-11-19 00:12:35,123 [pool-27-thread-1] INFO  impl.RaftServerImpl (RaftServerImpl.java:start(184)) - 64badc5b-1d26-4295-aeac-475b93178eb2@group-33E211C2426B: start as a follower, conf=-1: [64badc5b-1d26-4295-aeac-475b93178eb2:192.168.157.213:38652], old=null
2019-11-19 00:12:35,123 [pool-37-thread-1] INFO  impl.RaftServerImpl (RaftServerImpl.java:start(184)) - 0268f058-fb11-4548-aa1f-192ad2abf2d8@group-0B3EE1F2558B: start as a follower, conf=-1: [0268f058-fb11-4548-aa1f-192ad2abf2d8:192.168.157.213:42263], old=null
2019-11-19 00:12:35,124 [pool-37-thread-1] INFO  impl.RaftServerImpl (RaftServerImpl.java:setRole(173)) - 0268f058-fb11-4548-aa1f-192ad2abf2d8@group-0B3EE1F2558B: changes role from      null to FOLLOWER at term 0 for startAsFollower
2019-11-19 00:12:35,124 [pool-27-thread-1] INFO  impl.RaftServerImpl (RaftServerImpl.java:setRole(173)) - 64badc5b-1d26-4295-aeac-475b93178eb2@group-33E211C2426B: changes role from      null to FOLLOWER at term 0 for startAsFollower
2019-11-19 00:12:35,134 [pool-47-thread-1] WARN  impl.MetricRegistriesImpl (MetricRegistriesImpl.java:lambda$create$1(61)) - First MetricRegistry has been created without registering reporters. You may need to call MetricRegistries.global().addReportRegistration(...) before.
2019-11-19 00:12:35,134 [pool-47-thread-1] WARN  impl.MetricRegistriesImpl (MetricRegistriesImpl.java:lambda$create$1(61)) - First MetricRegistry has been created without registering reporters. You may need to call MetricRegistries.global().addReportRegistration(...) before.
2019-11-19 00:12:35,134 [Command processor thread] INFO  impl.RaftServerProxy (RaftServerProxy.java:addNew(89)) - 6ab0ccde-a1c3-4dcb-8bf2-e9547ffb2a27: addNew group-56767EDE43F8:[6ab0ccde-a1c3-4dcb-8bf2-e9547ffb2a27:192.168.157.213:34614] returns group-56767EDE43F8:java.util.concurrent.CompletableFuture@16b8057e[Not completed]
2019-11-19 00:12:35,134 [pool-47-thread-1] INFO  impl.RaftServerImpl (RaftServerImpl.java:start(184)) - 8678c500-2e6c-4337-9c3b-475f5e833751@group-9F8176DA0C06: start as a follower, conf=-1: [8678c500-2e6c-4337-9c3b-475f5e833751:192.168.157.213:38785], old=null
2019-11-19 00:12:35,134 [pool-37-thread-1] INFO  impl.RoleInfo (RoleInfo.java:updateAndGet(143)) - 0268f058-fb11-4548-aa1f-192ad2abf2d8: start FollowerState
2019-11-19 00:12:35,134 [pool-27-thread-1] INFO  impl.RoleInfo (RoleInfo.java:updateAndGet(143)) - 64badc5b-1d26-4295-aeac-475b93178eb2: start FollowerState
2019-11-19 00:12:35,136 [pool-47-thread-1] INFO  impl.RaftServerImpl (RaftServerImpl.java:setRole(173)) - 8678c500-2e6c-4337-9c3b-475f5e833751@group-9F8176DA0C06: changes role from      null to FOLLOWER at term 0 for startAsFollower
2019-11-19 00:12:35,137 [pool-47-thread-1] INFO  impl.RoleInfo (RoleInfo.java:updateAndGet(143)) - 8678c500-2e6c-4337-9c3b-475f5e833751: start FollowerState
2019-11-19 00:12:35,140 [pool-47-thread-1] INFO  util.JmxRegister (JmxRegister.java:tryRegister(44)) - Successfully registered JMX Bean with object name Ratis:service=RaftServer,group=group-9F8176DA0C06,id=8678c500-2e6c-4337-9c3b-475f5e833751
2019-11-19 00:12:35,142 [pool-47-thread-1] WARN  impl.MetricRegistriesImpl (MetricRegistriesImpl.java:lambda$create$1(61)) - First MetricRegistry has been created without registering reporters. You may need to call MetricRegistries.global().addReportRegistration(...) before.
2019-11-19 00:12:35,140 [pool-37-thread-1] INFO  util.JmxRegister (JmxRegister.java:tryRegister(44)) - Successfully registered JMX Bean with object name Ratis:service=RaftServer,group=group-0B3EE1F2558B,id=0268f058-fb11-4548-aa1f-192ad2abf2d8
2019-11-19 00:12:35,140 [pool-27-thread-1] INFO  util.JmxRegister (JmxRegister.java:tryRegister(44)) - Successfully registered JMX Bean with object name Ratis:service=RaftServer,group=group-33E211C2426B,id=64badc5b-1d26-4295-aeac-475b93178eb2
2019-11-19 00:12:35,157 [pool-37-thread-1] WARN  impl.MetricRegistriesImpl (MetricRegistriesImpl.java:lambda$create$1(61)) - First MetricRegistry has been created without registering reporters. You may need to call MetricRegistries.global().addReportRegistration(...) before.
2019-11-19 00:12:35,157 [pool-27-thread-1] WARN  impl.MetricRegistriesImpl (MetricRegistriesImpl.java:lambda$create$1(61)) - First MetricRegistry has been created without registering reporters. You may need to call MetricRegistries.global().addReportRegistration(...) before.
2019-11-19 00:12:35,178 [Command processor thread] INFO  commandhandler.CreatePipelineCommandHandler (CreatePipelineCommandHandler.java:handle(86)) - Create Pipeline RATIS ONE #id: "9561c9b0-a1ae-4a3d-843a-0b3ee1f2558b"
 command succeed on datanode 0268f058-fb11-4548-aa1f-192ad2abf2d8.
2019-11-19 00:12:35,178 [Command processor thread] INFO  commandhandler.CreatePipelineCommandHandler (CreatePipelineCommandHandler.java:handle(86)) - Create Pipeline RATIS ONE #id: "f607925e-f2c9-4e84-af67-33e211c2426b"
 command succeed on datanode 64badc5b-1d26-4295-aeac-475b93178eb2.
2019-11-19 00:12:35,178 [Command processor thread] INFO  commandhandler.CreatePipelineCommandHandler (CreatePipelineCommandHandler.java:handle(86)) - Create Pipeline RATIS ONE #id: "51352e16-48cd-493d-8d62-9f8176da0c06"
 command succeed on datanode 8678c500-2e6c-4337-9c3b-475f5e833751.
2019-11-19 00:12:35,202 [Command processor thread] INFO  impl.RaftServerProxy (RaftServerProxy.java:addNew(89)) - 64badc5b-1d26-4295-aeac-475b93178eb2: addNew group-36AF27D05186:[64badc5b-1d26-4295-aeac-475b93178eb2:192.168.157.213:38652, 0268f058-fb11-4548-aa1f-192ad2abf2d8:192.168.157.213:42263, 8678c500-2e6c-4337-9c3b-475f5e833751:192.168.157.213:38785] returns group-36AF27D05186:java.util.concurrent.CompletableFuture@3b988aee[Not completed]
2019-11-19 00:12:35,203 [Command processor thread] INFO  impl.RaftServerProxy (RaftServerProxy.java:addNew(89)) - 0268f058-fb11-4548-aa1f-192ad2abf2d8: addNew group-36AF27D05186:[64badc5b-1d26-4295-aeac-475b93178eb2:192.168.157.213:38652, 0268f058-fb11-4548-aa1f-192ad2abf2d8:192.168.157.213:42263, 8678c500-2e6c-4337-9c3b-475f5e833751:192.168.157.213:38785] returns group-36AF27D05186:java.util.concurrent.CompletableFuture@21c07d23[Not completed]
2019-11-19 00:12:35,202 [Command processor thread] INFO  impl.RaftServerProxy (RaftServerProxy.java:addNew(89)) - 8678c500-2e6c-4337-9c3b-475f5e833751: addNew group-36AF27D05186:[64badc5b-1d26-4295-aeac-475b93178eb2:192.168.157.213:38652, 0268f058-fb11-4548-aa1f-192ad2abf2d8:192.168.157.213:42263, 8678c500-2e6c-4337-9c3b-475f5e833751:192.168.157.213:38785] returns group-36AF27D05186:java.util.concurrent.CompletableFuture@43807292[Not completed]
2019-11-19 00:12:35,229 [Command processor thread] INFO  impl.RaftServerProxy (RaftServerProxy.java:addNew(89)) - d1ad36f3-e0f7-4bd2-8d80-c82e74335b3b: addNew group-5A7767573569:[d1ad36f3-e0f7-4bd2-8d80-c82e74335b3b:192.168.157.213:43236] returns group-5A7767573569:java.util.concurrent.CompletableFuture@40b4dcd5[Not completed]
2019-11-19 00:12:35,243 [EventQueue-PipelineReportForPipelineReportHandler] INFO  pipeline.PipelineReportHandler (PipelineReportHandler.java:processPipelineReport(113)) - Pipeline ONE PipelineID=51352e16-48cd-493d-8d62-9f8176da0c06 reported by 8678c500-2e6c-4337-9c3b-475f5e833751{ip: 192.168.157.213, host: pr-hdds-2241-master-j9rj8-2432081592, networkLocation: /default-rack, certSerialId: null}
2019-11-19 00:12:35,243 [EventQueue-PipelineReportForPipelineReportHandler] INFO  pipeline.PipelineStateManager (PipelineStateManager.java:openPipeline(132)) - Pipeline Pipeline[ Id: 51352e16-48cd-493d-8d62-9f8176da0c06, Nodes: 8678c500-2e6c-4337-9c3b-475f5e833751{ip: 192.168.157.213, host: pr-hdds-2241-master-j9rj8-2432081592, networkLocation: /default-rack, certSerialId: null}, Type:RATIS, Factor:ONE, State:ALLOCATED] moved to OPEN state
2019-11-19 00:12:35,249 [EventQueue-OpenPipelineForOneReplicaPipelineSafeModeRule] INFO  safemode.SCMSafeModeManager (SCMSafeModeManager.java:validateSafeModeExitRules(176)) - AtleastOneDatanodeReportedRule rule is successfully validated
2019-11-19 00:12:35,250 [EventQueue-PipelineReportForPipelineReportHandler] INFO  pipeline.PipelineReportHandler (PipelineReportHandler.java:processPipelineReport(113)) - Pipeline ONE PipelineID=9561c9b0-a1ae-4a3d-843a-0b3ee1f2558b reported by 0268f058-fb11-4548-aa1f-192ad2abf2d8{ip: 192.168.157.213, host: pr-hdds-2241-master-j9rj8-2432081592, networkLocation: /default-rack, certSerialId: null}
2019-11-19 00:12:35,250 [EventQueue-OpenPipelineForHealthyPipelineSafeModeRule] INFO  safemode.SCMSafeModeManager (HealthyPipelineSafeModeRule.java:process(132)) - SCM in safe mode. Healthy pipelines reported count is 0, required healthy pipeline reported count is 1
2019-11-19 00:12:35,250 [EventQueue-PipelineReportForPipelineReportHandler] INFO  pipeline.PipelineStateManager (PipelineStateManager.java:openPipeline(132)) - Pipeline Pipeline[ Id: 9561c9b0-a1ae-4a3d-843a-0b3ee1f2558b, Nodes: 0268f058-fb11-4548-aa1f-192ad2abf2d8{ip: 192.168.157.213, host: pr-hdds-2241-master-j9rj8-2432081592, networkLocation: /default-rack, certSerialId: null}, Type:RATIS, Factor:ONE, State:ALLOCATED] moved to OPEN state
2019-11-19 00:12:35,250 [EventQueue-OpenPipelineForHealthyPipelineSafeModeRule] INFO  safemode.SCMSafeModeManager (HealthyPipelineSafeModeRule.java:process(132)) - SCM in safe mode. Healthy pipelines reported count is 0, required healthy pipeline reported count is 1
2019-11-19 00:12:35,250 [EventQueue-OpenPipelineForOneReplicaPipelineSafeModeRule] INFO  safemode.SCMSafeModeManager (SCMSafeModeManager.java:validateSafeModeExitRules(176)) - AtleastOneDatanodeReportedRule rule is successfully validated
2019-11-19 00:12:35,250 [EventQueue-PipelineReportForPipelineReportHandler] INFO  pipeline.PipelineReportHandler (PipelineReportHandler.java:processPipelineReport(113)) - Pipeline ONE PipelineID=f607925e-f2c9-4e84-af67-33e211c2426b reported by 64badc5b-1d26-4295-aeac-475b93178eb2{ip: 192.168.157.213, host: pr-hdds-2241-master-j9rj8-2432081592, networkLocation: /default-rack, certSerialId: null}
2019-11-19 00:12:35,250 [EventQueue-PipelineReportForPipelineReportHandler] INFO  pipeline.PipelineStateManager (PipelineStateManager.java:openPipeline(132)) - Pipeline Pipeline[ Id: f607925e-f2c9-4e84-af67-33e211c2426b, Nodes: 64badc5b-1d26-4295-aeac-475b93178eb2{ip: 192.168.157.213, host: pr-hdds-2241-master-j9rj8-2432081592, networkLocation: /default-rack, certSerialId: null}, Type:RATIS, Factor:ONE, State:ALLOCATED] moved to OPEN state
2019-11-19 00:12:35,251 [EventQueue-OpenPipelineForOneReplicaPipelineSafeModeRule] INFO  safemode.SCMSafeModeManager (SCMSafeModeManager.java:validateSafeModeExitRules(176)) - AtleastOneDatanodeReportedRule rule is successfully validated
2019-11-19 00:12:35,251 [EventQueue-OpenPipelineForHealthyPipelineSafeModeRule] INFO  safemode.SCMSafeModeManager (HealthyPipelineSafeModeRule.java:process(132)) - SCM in safe mode. Healthy pipelines reported count is 0, required healthy pipeline reported count is 1
2019-11-19 00:12:35,253 [pool-87-thread-1] INFO  impl.RaftServerImpl (RaftServerImpl.java:<init>(98)) - d1ad36f3-e0f7-4bd2-8d80-c82e74335b3b: new RaftServerImpl for group-5A7767573569:[d1ad36f3-e0f7-4bd2-8d80-c82e74335b3b:192.168.157.213:43236] with ContainerStateMachine:uninitialized
2019-11-19 00:12:35,254 [pool-87-thread-1] INFO  server.RaftServerConfigKeys (ConfUtils.java:logGet(43)) - raft.server.rpc.timeout.min = 5s (custom)
2019-11-19 00:12:35,254 [pool-87-thread-1] INFO  server.RaftServerConfigKeys (ConfUtils.java:logGet(43)) - raft.server.rpc.timeout.max = 5200ms (custom)
2019-11-19 00:12:35,254 [pool-87-thread-1] INFO  server.RaftServerConfigKeys (ConfUtils.java:logGet(43)) - raft.server.rpcslowness.timeout = 120s (custom)
2019-11-19 00:12:35,254 [pool-87-thread-1] INFO  server.RaftServerConfigKeys (ConfUtils.java:logGet(43)) - raft.server.sleep.deviation.threshold = 300 (default)
2019-11-19 00:12:35,254 [pool-87-thread-1] INFO  server.RaftServerConfigKeys (ConfUtils.java:logGet(43)) - raft.server.log.appender.install.snapshot.enabled = false (custom)
2019-11-19 00:12:35,254 [pool-87-thread-1] INFO  impl.RaftServerImpl (ServerState.java:<init>(103)) - d1ad36f3-e0f7-4bd2-8d80-c82e74335b3b@group-5A7767573569: ConfigurationManager, init=-1: [d1ad36f3-e0f7-4bd2-8d80-c82e74335b3b:192.168.157.213:43236], old=null, confs=<EMPTY_MAP>
2019-11-19 00:12:35,254 [pool-37-thread-1] INFO  impl.RaftServerImpl (RaftServerImpl.java:<init>(98)) - 0268f058-fb11-4548-aa1f-192ad2abf2d8: new RaftServerImpl for group-36AF27D05186:[64badc5b-1d26-4295-aeac-475b93178eb2:192.168.157.213:38652, 0268f058-fb11-4548-aa1f-192ad2abf2d8:192.168.157.213:42263, 8678c500-2e6c-4337-9c3b-475f5e833751:192.168.157.213:38785] with ContainerStateMachine:uninitialized
2019-11-19 00:12:35,254 [pool-87-thread-1] INFO  server.RaftServerConfigKeys (ConfUtils.java:logGet(43)) - raft.server.storage.dir = [/workdir/hadoop-ozone/integration-test/target/test-dir/MiniOzoneClusterImpl-44984baa-697f-41c4-9b49-b72e5718b1cd/datanode-6/data/ratis] (custom)
2019-11-19 00:12:35,255 [pool-37-thread-1] INFO  server.RaftServerConfigKeys (ConfUtils.java:logGet(43)) - raft.server.rpc.timeout.min = 5s (custom)
2019-11-19 00:12:35,255 [pool-37-thread-1] INFO  server.RaftServerConfigKeys (ConfUtils.java:logGet(43)) - raft.server.rpc.timeout.max = 5200ms (custom)
2019-11-19 00:12:35,255 [pool-87-thread-1] INFO  server.RaftServerConfigKeys (ConfUtils.java:logGet(43)) - raft.server.log.corruption.policy = EXCEPTION (default)
2019-11-19 00:12:35,255 [pool-37-thread-1] INFO  server.RaftServerConfigKeys (ConfUtils.java:logGet(43)) - raft.server.rpcslowness.timeout = 120s (custom)
2019-11-19 00:12:35,255 [pool-37-thread-1] INFO  server.RaftServerConfigKeys (ConfUtils.java:logGet(43)) - raft.server.sleep.deviation.threshold = 300 (default)
2019-11-19 00:12:35,255 [pool-87-thread-1] INFO  storage.RaftStorageDirectory (RaftStorageDirectory.java:analyzeStorage(246)) - The storage directory /workdir/hadoop-ozone/integration-test/target/test-dir/MiniOzoneClusterImpl-44984baa-697f-41c4-9b49-b72e5718b1cd/datanode-6/data/ratis/73a70b8c-0a43-45a6-a88b-5a7767573569 does not exist. Creating ...
2019-11-19 00:12:35,255 [pool-37-thread-1] INFO  server.RaftServerConfigKeys (ConfUtils.java:logGet(43)) - raft.server.log.appender.install.snapshot.enabled = false (custom)
2019-11-19 00:12:35,255 [pool-37-thread-1] INFO  impl.RaftServerImpl (ServerState.java:<init>(103)) - 0268f058-fb11-4548-aa1f-192ad2abf2d8@group-36AF27D05186: ConfigurationManager, init=-1: [64badc5b-1d26-4295-aeac-475b93178eb2:192.168.157.213:38652, 0268f058-fb11-4548-aa1f-192ad2abf2d8:192.168.157.213:42263, 8678c500-2e6c-4337-9c3b-475f5e833751:192.168.157.213:38785], old=null, confs=<EMPTY_MAP>
2019-11-19 00:12:35,255 [pool-47-thread-1] INFO  impl.RaftServerImpl (RaftServerImpl.java:<init>(98)) - 8678c500-2e6c-4337-9c3b-475f5e833751: new RaftServerImpl for group-36AF27D05186:[64badc5b-1d26-4295-aeac-475b93178eb2:192.168.157.213:38652, 0268f058-fb11-4548-aa1f-192ad2abf2d8:192.168.157.213:42263, 8678c500-2e6c-4337-9c3b-475f5e833751:192.168.157.213:38785] with ContainerStateMachine:uninitialized
2019-11-19 00:12:35,256 [pool-37-thread-1] INFO  server.RaftServerConfigKeys (ConfUtils.java:logGet(43)) - raft.server.storage.dir = [/workdir/hadoop-ozone/integration-test/target/test-dir/MiniOzoneClusterImpl-44984baa-697f-41c4-9b49-b72e5718b1cd/datanode-1/data/ratis] (custom)
2019-11-19 00:12:35,256 [pool-47-thread-1] INFO  server.RaftServerConfigKeys (ConfUtils.java:logGet(43)) - raft.server.rpc.timeout.min = 5s (custom)
2019-11-19 00:12:35,256 [pool-47-thread-1] INFO  server.RaftServerConfigKeys (ConfUtils.java:logGet(43)) - raft.server.rpc.timeout.max = 5200ms (custom)
2019-11-19 00:12:35,256 [pool-37-thread-1] INFO  server.RaftServerConfigKeys (ConfUtils.java:logGet(43)) - raft.server.log.corruption.policy = EXCEPTION (default)
2019-11-19 00:12:35,256 [pool-47-thread-1] INFO  server.RaftServerConfigKeys (ConfUtils.java:logGet(43)) - raft.server.rpcslowness.timeout = 120s (custom)
2019-11-19 00:12:35,256 [pool-47-thread-1] INFO  server.RaftServerConfigKeys (ConfUtils.java:logGet(43)) - raft.server.sleep.deviation.threshold = 300 (default)
2019-11-19 00:12:35,256 [pool-37-thread-1] INFO  storage.RaftStorageDirectory (RaftStorageDirectory.java:analyzeStorage(246)) - The storage directory /workdir/hadoop-ozone/integration-test/target/test-dir/MiniOzoneClusterImpl-44984baa-697f-41c4-9b49-b72e5718b1cd/datanode-1/data/ratis/a25894c6-e5b1-484a-87d6-36af27d05186 does not exist. Creating ...
2019-11-19 00:12:35,256 [pool-47-thread-1] INFO  server.RaftServerConfigKeys (ConfUtils.java:logGet(43)) - raft.server.log.appender.install.snapshot.enabled = false (custom)
2019-11-19 00:12:35,257 [pool-27-thread-1] INFO  impl.RaftServerImpl (RaftServerImpl.java:<init>(98)) - 64badc5b-1d26-4295-aeac-475b93178eb2: new RaftServerImpl for group-36AF27D05186:[64badc5b-1d26-4295-aeac-475b93178eb2:192.168.157.213:38652, 0268f058-fb11-4548-aa1f-192ad2abf2d8:192.168.157.213:42263, 8678c500-2e6c-4337-9c3b-475f5e833751:192.168.157.213:38785] with ContainerStateMachine:uninitialized
2019-11-19 00:12:35,257 [pool-47-thread-1] INFO  impl.RaftServerImpl (ServerState.java:<init>(103)) - 8678c500-2e6c-4337-9c3b-475f5e833751@group-36AF27D05186: ConfigurationManager, init=-1: [64badc5b-1d26-4295-aeac-475b93178eb2:192.168.157.213:38652, 0268f058-fb11-4548-aa1f-192ad2abf2d8:192.168.157.213:42263, 8678c500-2e6c-4337-9c3b-475f5e833751:192.168.157.213:38785], old=null, confs=<EMPTY_MAP>
2019-11-19 00:12:35,257 [pool-27-thread-1] INFO  server.RaftServerConfigKeys (ConfUtils.java:logGet(43)) - raft.server.rpc.timeout.min = 5s (custom)
2019-11-19 00:12:35,257 [pool-47-thread-1] INFO  server.RaftServerConfigKeys (ConfUtils.java:logGet(43)) - raft.server.storage.dir = [/workdir/hadoop-ozone/integration-test/target/test-dir/MiniOzoneClusterImpl-44984baa-697f-41c4-9b49-b72e5718b1cd/datanode-2/data/ratis] (custom)
2019-11-19 00:12:35,257 [pool-27-thread-1] INFO  server.RaftServerConfigKeys (ConfUtils.java:logGet(43)) - raft.server.rpc.timeout.max = 5200ms (custom)
2019-11-19 00:12:35,257 [pool-27-thread-1] INFO  server.RaftServerConfigKeys (ConfUtils.java:logGet(43)) - raft.server.rpcslowness.timeout = 120s (custom)
2019-11-19 00:12:35,257 [pool-47-thread-1] INFO  server.RaftServerConfigKeys (ConfUtils.java:logGet(43)) - raft.server.log.corruption.policy = EXCEPTION (default)
2019-11-19 00:12:35,257 [pool-27-thread-1] INFO  server.RaftServerConfigKeys (ConfUtils.java:logGet(43)) - raft.server.sleep.deviation.threshold = 300 (default)
2019-11-19 00:12:35,258 [pool-27-thread-1] INFO  server.RaftServerConfigKeys (ConfUtils.java:logGet(43)) - raft.server.log.appender.install.snapshot.enabled = false (custom)
2019-11-19 00:12:35,258 [pool-47-thread-1] INFO  storage.RaftStorageDirectory (RaftStorageDirectory.java:analyzeStorage(246)) - The storage directory /workdir/hadoop-ozone/integration-test/target/test-dir/MiniOzoneClusterImpl-44984baa-697f-41c4-9b49-b72e5718b1cd/datanode-2/data/ratis/a25894c6-e5b1-484a-87d6-36af27d05186 does not exist. Creating ...
2019-11-19 00:12:35,258 [pool-27-thread-1] INFO  impl.RaftServerImpl (ServerState.java:<init>(103)) - 64badc5b-1d26-4295-aeac-475b93178eb2@group-36AF27D05186: ConfigurationManager, init=-1: [64badc5b-1d26-4295-aeac-475b93178eb2:192.168.157.213:38652, 0268f058-fb11-4548-aa1f-192ad2abf2d8:192.168.157.213:42263, 8678c500-2e6c-4337-9c3b-475f5e833751:192.168.157.213:38785], old=null, confs=<EMPTY_MAP>
2019-11-19 00:12:35,258 [pool-27-thread-1] INFO  server.RaftServerConfigKeys (ConfUtils.java:logGet(43)) - raft.server.storage.dir = [/workdir/hadoop-ozone/integration-test/target/test-dir/MiniOzoneClusterImpl-44984baa-697f-41c4-9b49-b72e5718b1cd/datanode-0/data/ratis] (custom)
2019-11-19 00:12:35,260 [pool-77-thread-1] INFO  impl.RaftServerImpl (RaftServerImpl.java:<init>(98)) - 6ab0ccde-a1c3-4dcb-8bf2-e9547ffb2a27: new RaftServerImpl for group-56767EDE43F8:[6ab0ccde-a1c3-4dcb-8bf2-e9547ffb2a27:192.168.157.213:34614] with ContainerStateMachine:uninitialized
2019-11-19 00:12:35,261 [pool-27-thread-1] INFO  server.RaftServerConfigKeys (ConfUtils.java:logGet(43)) - raft.server.log.corruption.policy = EXCEPTION (default)
2019-11-19 00:12:35,261 [pool-77-thread-1] INFO  server.RaftServerConfigKeys (ConfUtils.java:logGet(43)) - raft.server.rpc.timeout.min = 5s (custom)
2019-11-19 00:12:35,261 [pool-27-thread-1] INFO  storage.RaftStorageDirectory (RaftStorageDirectory.java:analyzeStorage(246)) - The storage directory /workdir/hadoop-ozone/integration-test/target/test-dir/MiniOzoneClusterImpl-44984baa-697f-41c4-9b49-b72e5718b1cd/datanode-0/data/ratis/a25894c6-e5b1-484a-87d6-36af27d05186 does not exist. Creating ...
2019-11-19 00:12:35,261 [pool-77-thread-1] INFO  server.RaftServerConfigKeys (ConfUtils.java:logGet(43)) - raft.server.rpc.timeout.max = 5200ms (custom)
2019-11-19 00:12:35,261 [pool-77-thread-1] INFO  server.RaftServerConfigKeys (ConfUtils.java:logGet(43)) - raft.server.rpcslowness.timeout = 120s (custom)
2019-11-19 00:12:35,261 [pool-77-thread-1] INFO  server.RaftServerConfigKeys (ConfUtils.java:logGet(43)) - raft.server.sleep.deviation.threshold = 300 (default)
2019-11-19 00:12:35,262 [pool-77-thread-1] INFO  server.RaftServerConfigKeys (ConfUtils.java:logGet(43)) - raft.server.log.appender.install.snapshot.enabled = false (custom)
2019-11-19 00:12:35,262 [pool-77-thread-1] INFO  impl.RaftServerImpl (ServerState.java:<init>(103)) - 6ab0ccde-a1c3-4dcb-8bf2-e9547ffb2a27@group-56767EDE43F8: ConfigurationManager, init=-1: [6ab0ccde-a1c3-4dcb-8bf2-e9547ffb2a27:192.168.157.213:34614], old=null, confs=<EMPTY_MAP>
2019-11-19 00:12:35,264 [pool-67-thread-1] INFO  impl.RaftServerImpl (RaftServerImpl.java:<init>(98)) - 384d2f4f-0571-4804-9846-a20995c60033: new RaftServerImpl for group-049A2157E156:[384d2f4f-0571-4804-9846-a20995c60033:192.168.157.213:36640] with ContainerStateMachine:uninitialized
2019-11-19 00:12:35,264 [pool-77-thread-1] INFO  server.RaftServerConfigKeys (ConfUtils.java:logGet(43)) - raft.server.storage.dir = [/workdir/hadoop-ozone/integration-test/target/test-dir/MiniOzoneClusterImpl-44984baa-697f-41c4-9b49-b72e5718b1cd/datanode-5/data/ratis] (custom)
2019-11-19 00:12:35,264 [pool-67-thread-1] INFO  server.RaftServerConfigKeys (ConfUtils.java:logGet(43)) - raft.server.rpc.timeout.min = 5s (custom)
2019-11-19 00:12:35,265 [pool-67-thread-1] INFO  server.RaftServerConfigKeys (ConfUtils.java:logGet(43)) - raft.server.rpc.timeout.max = 5200ms (custom)
2019-11-19 00:12:35,265 [pool-77-thread-1] INFO  server.RaftServerConfigKeys (ConfUtils.java:logGet(43)) - raft.server.log.corruption.policy = EXCEPTION (default)
2019-11-19 00:12:35,265 [pool-67-thread-1] INFO  server.RaftServerConfigKeys (ConfUtils.java:logGet(43)) - raft.server.rpcslowness.timeout = 120s (custom)
2019-11-19 00:12:35,267 [pool-67-thread-1] INFO  server.RaftServerConfigKeys (ConfUtils.java:logGet(43)) - raft.server.sleep.deviation.threshold = 300 (default)
2019-11-19 00:12:35,267 [pool-77-thread-1] INFO  storage.RaftStorageDirectory (RaftStorageDirectory.java:analyzeStorage(246)) - The storage directory /workdir/hadoop-ozone/integration-test/target/test-dir/MiniOzoneClusterImpl-44984baa-697f-41c4-9b49-b72e5718b1cd/datanode-5/data/ratis/1bd3256c-a8aa-4bb0-9b2b-56767ede43f8 does not exist. Creating ...
2019-11-19 00:12:35,267 [pool-57-thread-1] INFO  impl.RaftServerImpl (RaftServerImpl.java:<init>(98)) - 766ea7d6-3a2a-43e6-adde-0551acbf0307: new RaftServerImpl for group-0DCC06137A71:[766ea7d6-3a2a-43e6-adde-0551acbf0307:192.168.157.213:35450] with ContainerStateMachine:uninitialized
2019-11-19 00:12:35,267 [pool-67-thread-1] INFO  server.RaftServerConfigKeys (ConfUtils.java:logGet(43)) - raft.server.log.appender.install.snapshot.enabled = false (custom)
2019-11-19 00:12:35,268 [pool-57-thread-1] INFO  server.RaftServerConfigKeys (ConfUtils.java:logGet(43)) - raft.server.rpc.timeout.min = 5s (custom)
2019-11-19 00:12:35,268 [pool-67-thread-1] INFO  impl.RaftServerImpl (ServerState.java:<init>(103)) - 384d2f4f-0571-4804-9846-a20995c60033@group-049A2157E156: ConfigurationManager, init=-1: [384d2f4f-0571-4804-9846-a20995c60033:192.168.157.213:36640], old=null, confs=<EMPTY_MAP>
2019-11-19 00:12:35,268 [pool-57-thread-1] INFO  server.RaftServerConfigKeys (ConfUtils.java:logGet(43)) - raft.server.rpc.timeout.max = 5200ms (custom)
2019-11-19 00:12:35,268 [pool-67-thread-1] INFO  server.RaftServerConfigKeys (ConfUtils.java:logGet(43)) - raft.server.storage.dir = [/workdir/hadoop-ozone/integration-test/target/test-dir/MiniOzoneClusterImpl-44984baa-697f-41c4-9b49-b72e5718b1cd/datanode-4/data/ratis] (custom)
2019-11-19 00:12:35,268 [pool-57-thread-1] INFO  server.RaftServerConfigKeys (ConfUtils.java:logGet(43)) - raft.server.rpcslowness.timeout = 120s (custom)
2019-11-19 00:12:35,268 [pool-57-thread-1] INFO  server.RaftServerConfigKeys (ConfUtils.java:logGet(43)) - raft.server.sleep.deviation.threshold = 300 (default)
2019-11-19 00:12:35,268 [pool-67-thread-1] INFO  server.RaftServerConfigKeys (ConfUtils.java:logGet(43)) - raft.server.log.corruption.policy = EXCEPTION (default)
2019-11-19 00:12:35,269 [pool-57-thread-1] INFO  server.RaftServerConfigKeys (ConfUtils.java:logGet(43)) - raft.server.log.appender.install.snapshot.enabled = false (custom)
2019-11-19 00:12:35,269 [pool-57-thread-1] INFO  impl.RaftServerImpl (ServerState.java:<init>(103)) - 766ea7d6-3a2a-43e6-adde-0551acbf0307@group-0DCC06137A71: ConfigurationManager, init=-1: [766ea7d6-3a2a-43e6-adde-0551acbf0307:192.168.157.213:35450], old=null, confs=<EMPTY_MAP>
2019-11-19 00:12:35,269 [pool-67-thread-1] INFO  storage.RaftStorageDirectory (RaftStorageDirectory.java:analyzeStorage(246)) - The storage directory /workdir/hadoop-ozone/integration-test/target/test-dir/MiniOzoneClusterImpl-44984baa-697f-41c4-9b49-b72e5718b1cd/datanode-4/data/ratis/c3f3754b-64bc-41d9-9d28-049a2157e156 does not exist. Creating ...
2019-11-19 00:12:35,269 [pool-57-thread-1] INFO  server.RaftServerConfigKeys (ConfUtils.java:logGet(43)) - raft.server.storage.dir = [/workdir/hadoop-ozone/integration-test/target/test-dir/MiniOzoneClusterImpl-44984baa-697f-41c4-9b49-b72e5718b1cd/datanode-3/data/ratis] (custom)
2019-11-19 00:12:35,269 [pool-57-thread-1] INFO  server.RaftServerConfigKeys (ConfUtils.java:logGet(43)) - raft.server.log.corruption.policy = EXCEPTION (default)
2019-11-19 00:12:35,270 [pool-57-thread-1] INFO  storage.RaftStorageDirectory (RaftStorageDirectory.java:analyzeStorage(246)) - The storage directory /workdir/hadoop-ozone/integration-test/target/test-dir/MiniOzoneClusterImpl-44984baa-697f-41c4-9b49-b72e5718b1cd/datanode-3/data/ratis/aa5998e8-b89f-46b0-9ed6-0dcc06137a71 does not exist. Creating ...
2019-11-19 00:12:35,279 [pool-87-thread-1] INFO  storage.RaftStorageDirectory (RaftStorageDirectory.java:tryLock(328)) - Lock on /workdir/hadoop-ozone/integration-test/target/test-dir/MiniOzoneClusterImpl-44984baa-697f-41c4-9b49-b72e5718b1cd/datanode-6/data/ratis/73a70b8c-0a43-45a6-a88b-5a7767573569/in_use.lock acquired by nodename 9276@pr-hdds-2241-master-j9rj8-2432081592
2019-11-19 00:12:35,279 [pool-27-thread-1] INFO  storage.RaftStorageDirectory (RaftStorageDirectory.java:tryLock(328)) - Lock on /workdir/hadoop-ozone/integration-test/target/test-dir/MiniOzoneClusterImpl-44984baa-697f-41c4-9b49-b72e5718b1cd/datanode-0/data/ratis/a25894c6-e5b1-484a-87d6-36af27d05186/in_use.lock acquired by nodename 9276@pr-hdds-2241-master-j9rj8-2432081592
2019-11-19 00:12:35,279 [pool-37-thread-1] INFO  storage.RaftStorageDirectory (RaftStorageDirectory.java:tryLock(328)) - Lock on /workdir/hadoop-ozone/integration-test/target/test-dir/MiniOzoneClusterImpl-44984baa-697f-41c4-9b49-b72e5718b1cd/datanode-1/data/ratis/a25894c6-e5b1-484a-87d6-36af27d05186/in_use.lock acquired by nodename 9276@pr-hdds-2241-master-j9rj8-2432081592
2019-11-19 00:12:35,279 [pool-47-thread-1] INFO  storage.RaftStorageDirectory (RaftStorageDirectory.java:tryLock(328)) - Lock on /workdir/hadoop-ozone/integration-test/target/test-dir/MiniOzoneClusterImpl-44984baa-697f-41c4-9b49-b72e5718b1cd/datanode-2/data/ratis/a25894c6-e5b1-484a-87d6-36af27d05186/in_use.lock acquired by nodename 9276@pr-hdds-2241-master-j9rj8-2432081592
2019-11-19 00:12:35,296 [pool-67-thread-1] INFO  storage.RaftStorageDirectory (RaftStorageDirectory.java:tryLock(328)) - Lock on /workdir/hadoop-ozone/integration-test/target/test-dir/MiniOzoneClusterImpl-44984baa-697f-41c4-9b49-b72e5718b1cd/datanode-4/data/ratis/c3f3754b-64bc-41d9-9d28-049a2157e156/in_use.lock acquired by nodename 9276@pr-hdds-2241-master-j9rj8-2432081592
2019-11-19 00:12:35,297 [pool-27-thread-1] INFO  storage.RaftStorage (RaftStorage.java:format(84)) - Storage directory /workdir/hadoop-ozone/integration-test/target/test-dir/MiniOzoneClusterImpl-44984baa-697f-41c4-9b49-b72e5718b1cd/datanode-0/data/ratis/a25894c6-e5b1-484a-87d6-36af27d05186 has been successfully formatted.
2019-11-19 00:12:35,296 [pool-87-thread-1] INFO  storage.RaftStorage (RaftStorage.java:format(84)) - Storage directory /workdir/hadoop-ozone/integration-test/target/test-dir/MiniOzoneClusterImpl-44984baa-697f-41c4-9b49-b72e5718b1cd/datanode-6/data/ratis/73a70b8c-0a43-45a6-a88b-5a7767573569 has been successfully formatted.
2019-11-19 00:12:35,296 [pool-47-thread-1] INFO  storage.RaftStorage (RaftStorage.java:format(84)) - Storage directory /workdir/hadoop-ozone/integration-test/target/test-dir/MiniOzoneClusterImpl-44984baa-697f-41c4-9b49-b72e5718b1cd/datanode-2/data/ratis/a25894c6-e5b1-484a-87d6-36af27d05186 has been successfully formatted.
2019-11-19 00:12:35,296 [pool-37-thread-1] INFO  storage.RaftStorage (RaftStorage.java:format(84)) - Storage directory /workdir/hadoop-ozone/integration-test/target/test-dir/MiniOzoneClusterImpl-44984baa-697f-41c4-9b49-b72e5718b1cd/datanode-1/data/ratis/a25894c6-e5b1-484a-87d6-36af27d05186 has been successfully formatted.
2019-11-19 00:12:35,297 [pool-87-thread-1] INFO  ratis.ContainerStateMachine (ContainerStateMachine.java:loadSnapshot(223)) - group-5A7767573569: The snapshot info is null. Setting the last applied indexto:(t:0, i:~)
2019-11-19 00:12:35,296 [pool-77-thread-1] INFO  storage.RaftStorageDirectory (RaftStorageDirectory.java:tryLock(328)) - Lock on /workdir/hadoop-ozone/integration-test/target/test-dir/MiniOzoneClusterImpl-44984baa-697f-41c4-9b49-b72e5718b1cd/datanode-5/data/ratis/1bd3256c-a8aa-4bb0-9b2b-56767ede43f8/in_use.lock acquired by nodename 9276@pr-hdds-2241-master-j9rj8-2432081592
2019-11-19 00:12:35,296 [pool-57-thread-1] INFO  storage.RaftStorageDirectory (RaftStorageDirectory.java:tryLock(328)) - Lock on /workdir/hadoop-ozone/integration-test/target/test-dir/MiniOzoneClusterImpl-44984baa-697f-41c4-9b49-b72e5718b1cd/datanode-3/data/ratis/aa5998e8-b89f-46b0-9ed6-0dcc06137a71/in_use.lock acquired by nodename 9276@pr-hdds-2241-master-j9rj8-2432081592
2019-11-19 00:12:35,297 [pool-87-thread-1] INFO  server.RaftServerConfigKeys (ConfUtils.java:logGet(43)) - raft.server.notification.no-leader.timeout = 120s (custom)
2019-11-19 00:12:35,297 [pool-37-thread-1] INFO  ratis.ContainerStateMachine (ContainerStateMachine.java:loadSnapshot(223)) - group-36AF27D05186: The snapshot info is null. Setting the last applied indexto:(t:0, i:~)
2019-11-19 00:12:35,297 [pool-47-thread-1] INFO  ratis.ContainerStateMachine (ContainerStateMachine.java:loadSnapshot(223)) - group-36AF27D05186: The snapshot info is null. Setting the last applied indexto:(t:0, i:~)
2019-11-19 00:12:35,297 [pool-27-thread-1] INFO  ratis.ContainerStateMachine (ContainerStateMachine.java:loadSnapshot(223)) - group-36AF27D05186: The snapshot info is null. Setting the last applied indexto:(t:0, i:~)
2019-11-19 00:12:35,298 [pool-47-thread-1] INFO  server.RaftServerConfigKeys (ConfUtils.java:logGet(43)) - raft.server.notification.no-leader.timeout = 120s (custom)
2019-11-19 00:12:35,298 [pool-37-thread-1] INFO  server.RaftServerConfigKeys (ConfUtils.java:logGet(43)) - raft.server.notification.no-leader.timeout = 120s (custom)
2019-11-19 00:12:35,298 [pool-87-thread-1] INFO  server.RaftServerConfigKeys (ConfUtils.java:logGet(43)) - raft.server.log.use.memory = false (default)
2019-11-19 00:12:35,298 [pool-37-thread-1] INFO  server.RaftServerConfigKeys (ConfUtils.java:logGet(43)) - raft.server.log.use.memory = false (default)
2019-11-19 00:12:35,298 [pool-47-thread-1] INFO  server.RaftServerConfigKeys (ConfUtils.java:logGet(43)) - raft.server.log.use.memory = false (default)
2019-11-19 00:12:35,299 [pool-37-thread-1] INFO  server.RaftServerConfigKeys (ConfUtils.java:logGet(43)) - raft.server.log.purge.gap = 1000000 (custom)
2019-11-19 00:12:35,298 [pool-27-thread-1] INFO  server.RaftServerConfigKeys (ConfUtils.java:logGet(43)) - raft.server.notification.no-leader.timeout = 120s (custom)
2019-11-19 00:12:35,299 [pool-37-thread-1] INFO  server.RaftServerConfigKeys (ConfUtils.java:logGet(43)) - raft.server.log.appender.buffer.byte-limit = 33554432 (custom)
2019-11-19 00:12:35,299 [pool-47-thread-1] INFO  server.RaftServerConfigKeys (ConfUtils.java:logGet(43)) - raft.server.log.purge.gap = 1000000 (custom)
2019-11-19 00:12:35,298 [pool-87-thread-1] INFO  server.RaftServerConfigKeys (ConfUtils.java:logGet(43)) - raft.server.log.purge.gap = 1000000 (custom)
2019-11-19 00:12:35,299 [pool-47-thread-1] INFO  server.RaftServerConfigKeys (ConfUtils.java:logGet(43)) - raft.server.log.appender.buffer.byte-limit = 33554432 (custom)
2019-11-19 00:12:35,299 [pool-37-thread-1] INFO  server.RaftServerConfigKeys (ConfUtils.java:logGet(43)) - raft.server.log.segment.size.max = 1048576 (custom)
2019-11-19 00:12:35,299 [pool-27-thread-1] INFO  server.RaftServerConfigKeys (ConfUtils.java:logGet(43)) - raft.server.log.use.memory = false (default)
2019-11-19 00:12:35,299 [pool-47-thread-1] INFO  server.RaftServerConfigKeys (ConfUtils.java:logGet(43)) - raft.server.log.segment.size.max = 1048576 (custom)
2019-11-19 00:12:35,299 [pool-87-thread-1] INFO  server.RaftServerConfigKeys (ConfUtils.java:logGet(43)) - raft.server.log.appender.buffer.byte-limit = 33554432 (custom)
2019-11-19 00:12:35,300 [pool-47-thread-1] INFO  server.RaftServerConfigKeys (ConfUtils.java:logGet(43)) - raft.server.log.segment.cache.num.max = 2 (custom)
2019-11-19 00:12:35,300 [pool-37-thread-1] INFO  server.RaftServerConfigKeys (ConfUtils.java:logGet(43)) - raft.server.log.segment.cache.num.max = 2 (custom)
2019-11-19 00:12:35,300 [pool-27-thread-1] INFO  server.RaftServerConfigKeys (ConfUtils.java:logGet(43)) - raft.server.log.purge.gap = 1000000 (custom)
2019-11-19 00:12:35,300 [pool-37-thread-1] INFO  segmented.SegmentedRaftLogWorker (SegmentedRaftLogWorker.java:<init>(173)) - new 0268f058-fb11-4548-aa1f-192ad2abf2d8@group-36AF27D05186-SegmentedRaftLogWorker for RaftStorage:Storage Directory /workdir/hadoop-ozone/integration-test/target/test-dir/MiniOzoneClusterImpl-44984baa-697f-41c4-9b49-b72e5718b1cd/datanode-1/data/ratis/a25894c6-e5b1-484a-87d6-36af27d05186
2019-11-19 00:12:35,300 [pool-47-thread-1] INFO  segmented.SegmentedRaftLogWorker (SegmentedRaftLogWorker.java:<init>(173)) - new 8678c500-2e6c-4337-9c3b-475f5e833751@group-36AF27D05186-SegmentedRaftLogWorker for RaftStorage:Storage Directory /workdir/hadoop-ozone/integration-test/target/test-dir/MiniOzoneClusterImpl-44984baa-697f-41c4-9b49-b72e5718b1cd/datanode-2/data/ratis/a25894c6-e5b1-484a-87d6-36af27d05186
2019-11-19 00:12:35,300 [pool-87-thread-1] INFO  server.RaftServerConfigKeys (ConfUtils.java:logGet(43)) - raft.server.log.segment.size.max = 1048576 (custom)
2019-11-19 00:12:35,300 [pool-47-thread-1] INFO  server.RaftServerConfigKeys (ConfUtils.java:logGet(43)) - raft.server.log.queue.byte-limit = 2147483647 (custom)
2019-11-19 00:12:35,300 [pool-37-thread-1] INFO  server.RaftServerConfigKeys (ConfUtils.java:logGet(43)) - raft.server.log.queue.byte-limit = 2147483647 (custom)
2019-11-19 00:12:35,300 [pool-27-thread-1] INFO  server.RaftServerConfigKeys (ConfUtils.java:logGet(43)) - raft.server.log.appender.buffer.byte-limit = 33554432 (custom)
2019-11-19 00:12:35,301 [pool-37-thread-1] INFO  server.RaftServerConfigKeys (ConfUtils.java:logGet(43)) - raft.server.log.queue.element-limit = 1024 (custom)
2019-11-19 00:12:35,301 [pool-47-thread-1] INFO  server.RaftServerConfigKeys (ConfUtils.java:logGet(43)) - raft.server.log.queue.element-limit = 1024 (custom)
2019-11-19 00:12:35,301 [pool-87-thread-1] WARN  impl.MetricRegistriesImpl (MetricRegistriesImpl.java:lambda$create$1(61)) - First MetricRegistry has been created without registering reporters. You may need to call MetricRegistries.global().addReportRegistration(...) before.
2019-11-19 00:12:35,301 [pool-47-thread-1] INFO  server.RaftServerConfigKeys (ConfUtils.java:logGet(43)) - raft.server.log.segment.size.max = 1048576 (custom)
2019-11-19 00:12:35,301 [pool-37-thread-1] INFO  server.RaftServerConfigKeys (ConfUtils.java:logGet(43)) - raft.server.log.segment.size.max = 1048576 (custom)
2019-11-19 00:12:35,301 [pool-27-thread-1] INFO  server.RaftServerConfigKeys (ConfUtils.java:logGet(43)) - raft.server.log.segment.size.max = 1048576 (custom)
2019-11-19 00:12:35,302 [pool-37-thread-1] INFO  server.RaftServerConfigKeys (ConfUtils.java:logGet(43)) - raft.server.log.preallocated.size = 16384 (custom)
2019-11-19 00:12:35,301 [pool-47-thread-1] INFO  server.RaftServerConfigKeys (ConfUtils.java:logGet(43)) - raft.server.log.preallocated.size = 16384 (custom)
2019-11-19 00:12:35,301 [pool-87-thread-1] INFO  server.RaftServerConfigKeys (ConfUtils.java:logGet(43)) - raft.server.log.segment.cache.num.max = 2 (custom)
2019-11-19 00:12:35,302 [pool-47-thread-1] INFO  server.RaftServerConfigKeys (ConfUtils.java:logGet(43)) - raft.server.log.write.buffer.size = 33554432 (custom)
2019-11-19 00:12:35,302 [pool-37-thread-1] INFO  server.RaftServerConfigKeys (ConfUtils.java:logGet(43)) - raft.server.log.write.buffer.size = 33554432 (custom)
2019-11-19 00:12:35,302 [pool-27-thread-1] INFO  server.RaftServerConfigKeys (ConfUtils.java:logGet(43)) - raft.server.log.segment.cache.num.max = 2 (custom)
2019-11-19 00:12:35,302 [pool-37-thread-1] INFO  server.RaftServerConfigKeys (ConfUtils.java:logGet(43)) - raft.server.log.force.sync.num = 128 (default)
2019-11-19 00:12:35,302 [pool-47-thread-1] INFO  server.RaftServerConfigKeys (ConfUtils.java:logGet(43)) - raft.server.log.force.sync.num = 128 (default)
2019-11-19 00:12:35,302 [pool-87-thread-1] INFO  segmented.SegmentedRaftLogWorker (SegmentedRaftLogWorker.java:<init>(173)) - new d1ad36f3-e0f7-4bd2-8d80-c82e74335b3b@group-5A7767573569-SegmentedRaftLogWorker for RaftStorage:Storage Directory /workdir/hadoop-ozone/integration-test/target/test-dir/MiniOzoneClusterImpl-44984baa-697f-41c4-9b49-b72e5718b1cd/datanode-6/data/ratis/73a70b8c-0a43-45a6-a88b-5a7767573569
2019-11-19 00:12:35,303 [pool-47-thread-1] INFO  server.RaftServerConfigKeys (ConfUtils.java:logGet(43)) - raft.server.log.statemachine.data.sync = true (default)
2019-11-19 00:12:35,303 [pool-37-thread-1] INFO  server.RaftServerConfigKeys (ConfUtils.java:logGet(43)) - raft.server.log.statemachine.data.sync = true (default)
2019-11-19 00:12:35,303 [pool-27-thread-1] INFO  segmented.SegmentedRaftLogWorker (SegmentedRaftLogWorker.java:<init>(173)) - new 64badc5b-1d26-4295-aeac-475b93178eb2@group-36AF27D05186-SegmentedRaftLogWorker for RaftStorage:Storage Directory /workdir/hadoop-ozone/integration-test/target/test-dir/MiniOzoneClusterImpl-44984baa-697f-41c4-9b49-b72e5718b1cd/datanode-0/data/ratis/a25894c6-e5b1-484a-87d6-36af27d05186
2019-11-19 00:12:35,303 [pool-37-thread-1] INFO  server.RaftServerConfigKeys (ConfUtils.java:logGet(43)) - raft.server.log.statemachine.data.sync.timeout = 10s (default)
2019-11-19 00:12:35,303 [pool-47-thread-1] INFO  server.RaftServerConfigKeys (ConfUtils.java:logGet(43)) - raft.server.log.statemachine.data.sync.timeout = 10s (default)
2019-11-19 00:12:35,303 [pool-87-thread-1] INFO  server.RaftServerConfigKeys (ConfUtils.java:logGet(43)) - raft.server.log.queue.byte-limit = 2147483647 (custom)
2019-11-19 00:12:35,304 [pool-47-thread-1] INFO  server.RaftServerConfigKeys (ConfUtils.java:logGet(43)) - raft.server.log.statemachine.data.sync.timeout.retry = -1 (default)
2019-11-19 00:12:35,304 [pool-37-thread-1] INFO  server.RaftServerConfigKeys (ConfUtils.java:logGet(43)) - raft.server.log.statemachine.data.sync.timeout.retry = -1 (default)
2019-11-19 00:12:35,303 [pool-27-thread-1] INFO  server.RaftServerConfigKeys (ConfUtils.java:logGet(43)) - raft.server.log.queue.byte-limit = 2147483647 (custom)
2019-11-19 00:12:35,304 [pool-47-thread-1] INFO  server.RaftServerConfigKeys (ConfUtils.java:logGet(43)) - raft.server.log.statemachine.data.caching.enabled = true (custom)
2019-11-19 00:12:35,304 [pool-87-thread-1] INFO  server.RaftServerConfigKeys (ConfUtils.java:logGet(43)) - raft.server.log.queue.element-limit = 1024 (custom)
2019-11-19 00:12:35,304 [pool-37-thread-1] INFO  server.RaftServerConfigKeys (ConfUtils.java:logGet(43)) - raft.server.log.statemachine.data.caching.enabled = true (custom)
2019-11-19 00:12:35,304 [pool-27-thread-1] INFO  server.RaftServerConfigKeys (ConfUtils.java:logGet(43)) - raft.server.log.queue.element-limit = 1024 (custom)
2019-11-19 00:12:35,304 [pool-47-thread-1] INFO  segmented.SegmentedRaftLogWorker (SegmentedRaftLogWorker.java:lambda$new$0(128)) - 8678c500-2e6c-4337-9c3b-475f5e833751@group-36AF27D05186-SegmentedRaftLogWorker: flushIndex: setUnconditionally 0 -> -1
2019-11-19 00:12:35,304 [pool-87-thread-1] INFO  server.RaftServerConfigKeys (ConfUtils.java:logGet(43)) - raft.server.log.segment.size.max = 1048576 (custom)
2019-11-19 00:12:35,305 [pool-37-thread-1] INFO  segmented.SegmentedRaftLogWorker (SegmentedRaftLogWorker.java:lambda$new$0(128)) - 0268f058-fb11-4548-aa1f-192ad2abf2d8@group-36AF27D05186-SegmentedRaftLogWorker: flushIndex: setUnconditionally 0 -> -1
2019-11-19 00:12:35,308 [pool-47-thread-1] INFO  server.RaftServerConfigKeys (ConfUtils.java:logGet(43)) - raft.server.snapshot.auto.trigger.enabled = true (custom)
2019-11-19 00:12:35,305 [pool-27-thread-1] INFO  server.RaftServerConfigKeys (ConfUtils.java:logGet(43)) - raft.server.log.segment.size.max = 1048576 (custom)
2019-11-19 00:12:35,309 [pool-37-thread-1] INFO  server.RaftServerConfigKeys (ConfUtils.java:logGet(43)) - raft.server.snapshot.auto.trigger.enabled = true (custom)
2019-11-19 00:12:35,309 [pool-47-thread-1] INFO  server.RaftServerConfigKeys (ConfUtils.java:logGet(43)) - raft.server.snapshot.auto.trigger.threshold = 10000 (custom)
2019-11-19 00:12:35,308 [pool-87-thread-1] INFO  server.RaftServerConfigKeys (ConfUtils.java:logGet(43)) - raft.server.log.preallocated.size = 16384 (custom)
2019-11-19 00:12:35,308 [Command processor thread] INFO  impl.RaftServerProxy (RaftServerProxy.java:addNew(89)) - 88d9a86c-91a8-4958-be80-19dc6d27632d: addNew group-BE6BBFD87705:[88d9a86c-91a8-4958-be80-19dc6d27632d:192.168.157.213:42465] returns group-BE6BBFD87705:java.util.concurrent.CompletableFuture@4f2e48b2[Not completed]
2019-11-19 00:12:35,309 [pool-87-thread-1] INFO  server.RaftServerConfigKeys (ConfUtils.java:logGet(43)) - raft.server.log.write.buffer.size = 33554432 (custom)
2019-11-19 00:12:35,309 [pool-47-thread-1] INFO  server.RaftServerConfigKeys (ConfUtils.java:logGet(43)) - raft.server.snapshot.retention.file.num = 5 (custom)
2019-11-19 00:12:35,309 [pool-37-thread-1] INFO  server.RaftServerConfigKeys (ConfUtils.java:logGet(43)) - raft.server.snapshot.auto.trigger.threshold = 10000 (custom)
2019-11-19 00:12:35,309 [pool-27-thread-1] INFO  server.RaftServerConfigKeys (ConfUtils.java:logGet(43)) - raft.server.log.preallocated.size = 16384 (custom)
2019-11-19 00:12:35,310 [pool-37-thread-1] INFO  server.RaftServerConfigKeys (ConfUtils.java:logGet(43)) - raft.server.snapshot.retention.file.num = 5 (custom)
2019-11-19 00:12:35,310 [pool-47-thread-1] INFO  server.RaftServerConfigKeys (ConfUtils.java:logGet(43)) - raft.server.retrycache.expirytime = 600000ms (custom)
2019-11-19 00:12:35,310 [pool-37-thread-1] INFO  server.RaftServerConfigKeys (ConfUtils.java:logGet(43)) - raft.server.retrycache.expirytime = 600000ms (custom)
2019-11-19 00:12:35,309 [pool-87-thread-1] INFO  server.RaftServerConfigKeys (ConfUtils.java:logGet(43)) - raft.server.log.force.sync.num = 128 (default)
2019-11-19 00:12:35,310 [pool-47-thread-1] WARN  impl.MetricRegistriesImpl (MetricRegistriesImpl.java:lambda$create$1(61)) - First MetricRegistry has been created without registering reporters. You may need to call MetricRegistries.global().addReportRegistration(...) before.
2019-11-19 00:12:35,310 [pool-27-thread-1] INFO  server.RaftServerConfigKeys (ConfUtils.java:logGet(43)) - raft.server.log.write.buffer.size = 33554432 (custom)
2019-11-19 00:12:35,314 [pool-97-thread-1] INFO  impl.RaftServerImpl (RaftServerImpl.java:<init>(98)) - 88d9a86c-91a8-4958-be80-19dc6d27632d: new RaftServerImpl for group-BE6BBFD87705:[88d9a86c-91a8-4958-be80-19dc6d27632d:192.168.157.213:42465] with ContainerStateMachine:uninitialized
2019-11-19 00:12:35,314 [pool-47-thread-1] WARN  impl.MetricRegistriesImpl (MetricRegistriesImpl.java:lambda$create$1(61)) - First MetricRegistry has been created without registering reporters. You may need to call MetricRegistries.global().addReportRegistration(...) before.
2019-11-19 00:12:35,311 [pool-37-thread-1] WARN  impl.MetricRegistriesImpl (MetricRegistriesImpl.java:lambda$create$1(61)) - First MetricRegistry has been created without registering reporters. You may need to call MetricRegistries.global().addReportRegistration(...) before.
2019-11-19 00:12:35,311 [pool-87-thread-1] INFO  server.RaftServerConfigKeys (ConfUtils.java:logGet(43)) - raft.server.log.statemachine.data.sync = true (default)
2019-11-19 00:12:35,315 [pool-37-thread-1] WARN  impl.MetricRegistriesImpl (MetricRegistriesImpl.java:lambda$create$1(61)) - First MetricRegistry has been created without registering reporters. You may need to call MetricRegistries.global().addReportRegistration(...) before.
2019-11-19 00:12:35,314 [pool-47-thread-1] INFO  impl.RaftServerImpl (RaftServerImpl.java:start(184)) - 8678c500-2e6c-4337-9c3b-475f5e833751@group-36AF27D05186: start as a follower, conf=-1: [64badc5b-1d26-4295-aeac-475b93178eb2:192.168.157.213:38652, 0268f058-fb11-4548-aa1f-192ad2abf2d8:192.168.157.213:42263, 8678c500-2e6c-4337-9c3b-475f5e833751:192.168.157.213:38785], old=null
2019-11-19 00:12:35,314 [pool-97-thread-1] INFO  server.RaftServerConfigKeys (ConfUtils.java:logGet(43)) - raft.server.rpc.timeout.min = 5s (custom)
2019-11-19 00:12:35,314 [pool-27-thread-1] INFO  server.RaftServerConfigKeys (ConfUtils.java:logGet(43)) - raft.server.log.force.sync.num = 128 (default)
2019-11-19 00:12:35,315 [pool-97-thread-1] INFO  server.RaftServerConfigKeys (ConfUtils.java:logGet(43)) - raft.server.rpc.timeout.max = 5200ms (custom)
2019-11-19 00:12:35,315 [pool-37-thread-1] INFO  impl.RaftServerImpl (RaftServerImpl.java:start(184)) - 0268f058-fb11-4548-aa1f-192ad2abf2d8@group-36AF27D05186: start as a follower, conf=-1: [64badc5b-1d26-4295-aeac-475b93178eb2:192.168.157.213:38652, 0268f058-fb11-4548-aa1f-192ad2abf2d8:192.168.157.213:42263, 8678c500-2e6c-4337-9c3b-475f5e833751:192.168.157.213:38785], old=null
2019-11-19 00:12:35,315 [pool-47-thread-1] INFO  impl.RaftServerImpl (RaftServerImpl.java:setRole(173)) - 8678c500-2e6c-4337-9c3b-475f5e833751@group-36AF27D05186: changes role from      null to FOLLOWER at term 0 for startAsFollower
2019-11-19 00:12:35,315 [pool-87-thread-1] INFO  server.RaftServerConfigKeys (ConfUtils.java:logGet(43)) - raft.server.log.statemachine.data.sync.timeout = 10s (default)
2019-11-19 00:12:35,315 [pool-47-thread-1] INFO  impl.RoleInfo (RoleInfo.java:updateAndGet(143)) - 8678c500-2e6c-4337-9c3b-475f5e833751: start FollowerState
2019-11-19 00:12:35,315 [pool-37-thread-1] INFO  impl.RaftServerImpl (RaftServerImpl.java:setRole(173)) - 0268f058-fb11-4548-aa1f-192ad2abf2d8@group-36AF27D05186: changes role from      null to FOLLOWER at term 0 for startAsFollower
2019-11-19 00:12:35,315 [pool-97-thread-1] INFO  server.RaftServerConfigKeys (ConfUtils.java:logGet(43)) - raft.server.rpcslowness.timeout = 120s (custom)
2019-11-19 00:12:35,316 [pool-37-thread-1] INFO  impl.RoleInfo (RoleInfo.java:updateAndGet(143)) - 0268f058-fb11-4548-aa1f-192ad2abf2d8: start FollowerState
2019-11-19 00:12:35,315 [pool-27-thread-1] INFO  server.RaftServerConfigKeys (ConfUtils.java:logGet(43)) - raft.server.log.statemachine.data.sync = true (default)
2019-11-19 00:12:35,316 [pool-47-thread-1] INFO  util.JmxRegister (JmxRegister.java:tryRegister(44)) - Successfully registered JMX Bean with object name Ratis:service=RaftServer,group=group-36AF27D05186,id=8678c500-2e6c-4337-9c3b-475f5e833751
2019-11-19 00:12:35,316 [pool-97-thread-1] INFO  server.RaftServerConfigKeys (ConfUtils.java:logGet(43)) - raft.server.sleep.deviation.threshold = 300 (default)
2019-11-19 00:12:35,316 [pool-87-thread-1] INFO  server.RaftServerConfigKeys (ConfUtils.java:logGet(43)) - raft.server.log.statemachine.data.sync.timeout.retry = -1 (default)
2019-11-19 00:12:35,317 [pool-37-thread-1] INFO  util.JmxRegister (JmxRegister.java:tryRegister(44)) - Successfully registered JMX Bean with object name Ratis:service=RaftServer,group=group-36AF27D05186,id=0268f058-fb11-4548-aa1f-192ad2abf2d8
2019-11-19 00:12:35,316 [pool-97-thread-1] INFO  server.RaftServerConfigKeys (ConfUtils.java:logGet(43)) - raft.server.log.appender.install.snapshot.enabled = false (custom)
2019-11-19 00:12:35,316 [pool-47-thread-1] WARN  impl.MetricRegistriesImpl (MetricRegistriesImpl.java:lambda$create$1(61)) - First MetricRegistry has been created without registering reporters. You may need to call MetricRegistries.global().addReportRegistration(...) before.
2019-11-19 00:12:35,316 [pool-27-thread-1] INFO  server.RaftServerConfigKeys (ConfUtils.java:logGet(43)) - raft.server.log.statemachine.data.sync.timeout = 10s (default)
2019-11-19 00:12:35,317 [pool-97-thread-1] INFO  impl.RaftServerImpl (ServerState.java:<init>(103)) - 88d9a86c-91a8-4958-be80-19dc6d27632d@group-BE6BBFD87705: ConfigurationManager, init=-1: [88d9a86c-91a8-4958-be80-19dc6d27632d:192.168.157.213:42465], old=null, confs=<EMPTY_MAP>
2019-11-19 00:12:35,317 [pool-87-thread-1] INFO  server.RaftServerConfigKeys (ConfUtils.java:logGet(43)) - raft.server.log.statemachine.data.caching.enabled = true (custom)
2019-11-19 00:12:35,318 [Command processor thread] INFO  commandhandler.CreatePipelineCommandHandler (CreatePipelineCommandHandler.java:handle(86)) - Create Pipeline RATIS THREE #id: "a25894c6-e5b1-484a-87d6-36af27d05186"
 command succeed on datanode 8678c500-2e6c-4337-9c3b-475f5e833751.
2019-11-19 00:12:35,317 [pool-37-thread-1] WARN  impl.MetricRegistriesImpl (MetricRegistriesImpl.java:lambda$create$1(61)) - First MetricRegistry has been created without registering reporters. You may need to call MetricRegistries.global().addReportRegistration(...) before.
2019-11-19 00:12:35,317 [pool-97-thread-1] INFO  server.RaftServerConfigKeys (ConfUtils.java:logGet(43)) - raft.server.storage.dir = [/workdir/hadoop-ozone/integration-test/target/test-dir/MiniOzoneClusterImpl-44984baa-697f-41c4-9b49-b72e5718b1cd/datanode-7/data/ratis] (custom)
2019-11-19 00:12:35,317 [pool-27-thread-1] INFO  server.RaftServerConfigKeys (ConfUtils.java:logGet(43)) - raft.server.log.statemachine.data.sync.timeout.retry = -1 (default)
2019-11-19 00:12:35,318 [pool-87-thread-1] INFO  segmented.SegmentedRaftLogWorker (SegmentedRaftLogWorker.java:lambda$new$0(128)) - d1ad36f3-e0f7-4bd2-8d80-c82e74335b3b@group-5A7767573569-SegmentedRaftLogWorker: flushIndex: setUnconditionally 0 -> -1
2019-11-19 00:12:35,318 [pool-27-thread-1] INFO  server.RaftServerConfigKeys (ConfUtils.java:logGet(43)) - raft.server.log.statemachine.data.caching.enabled = true (custom)
2019-11-19 00:12:35,318 [Command processor thread] INFO  commandhandler.CreatePipelineCommandHandler (CreatePipelineCommandHandler.java:handle(86)) - Create Pipeline RATIS THREE #id: "a25894c6-e5b1-484a-87d6-36af27d05186"
 command succeed on datanode 0268f058-fb11-4548-aa1f-192ad2abf2d8.
2019-11-19 00:12:35,318 [pool-97-thread-1] INFO  server.RaftServerConfigKeys (ConfUtils.java:logGet(43)) - raft.server.log.corruption.policy = EXCEPTION (default)
2019-11-19 00:12:35,319 [pool-27-thread-1] INFO  segmented.SegmentedRaftLogWorker (SegmentedRaftLogWorker.java:lambda$new$0(128)) - 64badc5b-1d26-4295-aeac-475b93178eb2@group-36AF27D05186-SegmentedRaftLogWorker: flushIndex: setUnconditionally 0 -> -1
2019-11-19 00:12:35,319 [pool-87-thread-1] INFO  server.RaftServerConfigKeys (ConfUtils.java:logGet(43)) - raft.server.snapshot.auto.trigger.enabled = true (custom)
2019-11-19 00:12:35,319 [pool-97-thread-1] INFO  storage.RaftStorageDirectory (RaftStorageDirectory.java:analyzeStorage(246)) - The storage directory /workdir/hadoop-ozone/integration-test/target/test-dir/MiniOzoneClusterImpl-44984baa-697f-41c4-9b49-b72e5718b1cd/datanode-7/data/ratis/02002385-64b7-4994-a550-be6bbfd87705 does not exist. Creating ...
2019-11-19 00:12:35,319 [pool-27-thread-1] INFO  server.RaftServerConfigKeys (ConfUtils.java:logGet(43)) - raft.server.snapshot.auto.trigger.enabled = true (custom)
2019-11-19 00:12:35,319 [pool-87-thread-1] INFO  server.RaftServerConfigKeys (ConfUtils.java:logGet(43)) - raft.server.snapshot.auto.trigger.threshold = 10000 (custom)
2019-11-19 00:12:35,319 [pool-27-thread-1] INFO  server.RaftServerConfigKeys (ConfUtils.java:logGet(43)) - raft.server.snapshot.auto.trigger.threshold = 10000 (custom)
2019-11-19 00:12:35,319 [EventQueue-PipelineReportForPipelineReportHandler] INFO  pipeline.PipelineReportHandler (PipelineReportHandler.java:processPipelineReport(113)) - Pipeline THREE PipelineID=a25894c6-e5b1-484a-87d6-36af27d05186 reported by 8678c500-2e6c-4337-9c3b-475f5e833751{ip: 192.168.157.213, host: pr-hdds-2241-master-j9rj8-2432081592, networkLocation: /default-rack, certSerialId: null}
2019-11-19 00:12:35,320 [pool-27-thread-1] INFO  server.RaftServerConfigKeys (ConfUtils.java:logGet(43)) - raft.server.snapshot.retention.file.num = 5 (custom)
2019-11-19 00:12:35,319 [pool-87-thread-1] INFO  server.RaftServerConfigKeys (ConfUtils.java:logGet(43)) - raft.server.snapshot.retention.file.num = 5 (custom)
2019-11-19 00:12:35,320 [pool-27-thread-1] INFO  server.RaftServerConfigKeys (ConfUtils.java:logGet(43)) - raft.server.retrycache.expirytime = 600000ms (custom)
2019-11-19 00:12:35,320 [pool-87-thread-1] INFO  server.RaftServerConfigKeys (ConfUtils.java:logGet(43)) - raft.server.retrycache.expirytime = 600000ms (custom)
2019-11-19 00:12:35,320 [EventQueue-PipelineReportForPipelineReportHandler] INFO  pipeline.PipelineReportHandler (PipelineReportHandler.java:processPipelineReport(113)) - Pipeline THREE PipelineID=a25894c6-e5b1-484a-87d6-36af27d05186 reported by 0268f058-fb11-4548-aa1f-192ad2abf2d8{ip: 192.168.157.213, host: pr-hdds-2241-master-j9rj8-2432081592, networkLocation: /default-rack, certSerialId: null}
2019-11-19 00:12:35,320 [pool-87-thread-1] WARN  impl.MetricRegistriesImpl (MetricRegistriesImpl.java:lambda$create$1(61)) - First MetricRegistry has been created without registering reporters. You may need to call MetricRegistries.global().addReportRegistration(...) before.
2019-11-19 00:12:35,320 [pool-27-thread-1] WARN  impl.MetricRegistriesImpl (MetricRegistriesImpl.java:lambda$create$1(61)) - First MetricRegistry has been created without registering reporters. You may need to call MetricRegistries.global().addReportRegistration(...) before.
2019-11-19 00:12:35,321 [pool-87-thread-1] WARN  impl.MetricRegistriesImpl (MetricRegistriesImpl.java:lambda$create$1(61)) - First MetricRegistry has been created without registering reporters. You may need to call MetricRegistries.global().addReportRegistration(...) before.
2019-11-19 00:12:35,323 [pool-27-thread-1] WARN  impl.MetricRegistriesImpl (MetricRegistriesImpl.java:lambda$create$1(61)) - First MetricRegistry has been created without registering reporters. You may need to call MetricRegistries.global().addReportRegistration(...) before.
2019-11-19 00:12:35,323 [pool-77-thread-1] INFO  storage.RaftStorage (RaftStorage.java:format(84)) - Storage directory /workdir/hadoop-ozone/integration-test/target/test-dir/MiniOzoneClusterImpl-44984baa-697f-41c4-9b49-b72e5718b1cd/datanode-5/data/ratis/1bd3256c-a8aa-4bb0-9b2b-56767ede43f8 has been successfully formatted.
2019-11-19 00:12:35,324 [pool-57-thread-1] INFO  storage.RaftStorage (RaftStorage.java:format(84)) - Storage directory /workdir/hadoop-ozone/integration-test/target/test-dir/MiniOzoneClusterImpl-44984baa-697f-41c4-9b49-b72e5718b1cd/datanode-3/data/ratis/aa5998e8-b89f-46b0-9ed6-0dcc06137a71 has been successfully formatted.
2019-11-19 00:12:35,323 [pool-67-thread-1] INFO  storage.RaftStorage (RaftStorage.java:format(84)) - Storage directory /workdir/hadoop-ozone/integration-test/target/test-dir/MiniOzoneClusterImpl-44984baa-697f-41c4-9b49-b72e5718b1cd/datanode-4/data/ratis/c3f3754b-64bc-41d9-9d28-049a2157e156 has been successfully formatted.
2019-11-19 00:12:35,324 [pool-77-thread-1] INFO  ratis.ContainerStateMachine (ContainerStateMachine.java:loadSnapshot(223)) - group-56767EDE43F8: The snapshot info is null. Setting the last applied indexto:(t:0, i:~)
2019-11-19 00:12:35,324 [pool-87-thread-1] INFO  impl.RaftServerImpl (RaftServerImpl.java:start(184)) - d1ad36f3-e0f7-4bd2-8d80-c82e74335b3b@group-5A7767573569: start as a follower, conf=-1: [d1ad36f3-e0f7-4bd2-8d80-c82e74335b3b:192.168.157.213:43236], old=null
2019-11-19 00:12:35,324 [pool-27-thread-1] INFO  impl.RaftServerImpl (RaftServerImpl.java:start(184)) - 64badc5b-1d26-4295-aeac-475b93178eb2@group-36AF27D05186: start as a follower, conf=-1: [64badc5b-1d26-4295-aeac-475b93178eb2:192.168.157.213:38652, 0268f058-fb11-4548-aa1f-192ad2abf2d8:192.168.157.213:42263, 8678c500-2e6c-4337-9c3b-475f5e833751:192.168.157.213:38785], old=null
2019-11-19 00:12:35,324 [pool-87-thread-1] INFO  impl.RaftServerImpl (RaftServerImpl.java:setRole(173)) - d1ad36f3-e0f7-4bd2-8d80-c82e74335b3b@group-5A7767573569: changes role from      null to FOLLOWER at term 0 for startAsFollower
2019-11-19 00:12:35,324 [pool-77-thread-1] INFO  server.RaftServerConfigKeys (ConfUtils.java:logGet(43)) - raft.server.notification.no-leader.timeout = 120s (custom)
2019-11-19 00:12:35,324 [pool-67-thread-1] INFO  ratis.ContainerStateMachine (ContainerStateMachine.java:loadSnapshot(223)) - group-049A2157E156: The snapshot info is null. Setting the last applied indexto:(t:0, i:~)
2019-11-19 00:12:35,325 [pool-77-thread-1] INFO  server.RaftServerConfigKeys (ConfUtils.java:logGet(43)) - raft.server.log.use.memory = false (default)
2019-11-19 00:12:35,324 [pool-57-thread-1] INFO  ratis.ContainerStateMachine (ContainerStateMachine.java:loadSnapshot(223)) - group-0DCC06137A71: The snapshot info is null. Setting the last applied indexto:(t:0, i:~)
2019-11-19 00:12:35,325 [pool-77-thread-1] INFO  server.RaftServerConfigKeys (ConfUtils.java:logGet(43)) - raft.server.log.purge.gap = 1000000 (custom)
2019-11-19 00:12:35,325 [pool-67-thread-1] INFO  server.RaftServerConfigKeys (ConfUtils.java:logGet(43)) - raft.server.notification.no-leader.timeout = 120s (custom)
2019-11-19 00:12:35,324 [pool-87-thread-1] INFO  impl.RoleInfo (RoleInfo.java:updateAndGet(143)) - d1ad36f3-e0f7-4bd2-8d80-c82e74335b3b: start FollowerState
2019-11-19 00:12:35,324 [pool-27-thread-1] INFO  impl.RaftServerImpl (RaftServerImpl.java:setRole(173)) - 64badc5b-1d26-4295-aeac-475b93178eb2@group-36AF27D05186: changes role from      null to FOLLOWER at term 0 for startAsFollower
2019-11-19 00:12:35,325 [pool-67-thread-1] INFO  server.RaftServerConfigKeys (ConfUtils.java:logGet(43)) - raft.server.log.use.memory = false (default)
2019-11-19 00:12:35,325 [pool-77-thread-1] INFO  server.RaftServerConfigKeys (ConfUtils.java:logGet(43)) - raft.server.log.appender.buffer.byte-limit = 33554432 (custom)
2019-11-19 00:12:35,325 [pool-57-thread-1] INFO  server.RaftServerConfigKeys (ConfUtils.java:logGet(43)) - raft.server.notification.no-leader.timeout = 120s (custom)
2019-11-19 00:12:35,326 [pool-87-thread-1] INFO  util.JmxRegister (JmxRegister.java:tryRegister(44)) - Successfully registered JMX Bean with object name Ratis:service=RaftServer,group=group-5A7767573569,id=d1ad36f3-e0f7-4bd2-8d80-c82e74335b3b
2019-11-19 00:12:35,326 [pool-57-thread-1] INFO  server.RaftServerConfigKeys (ConfUtils.java:logGet(43)) - raft.server.log.use.memory = false (default)
2019-11-19 00:12:35,326 [pool-77-thread-1] INFO  server.RaftServerConfigKeys (ConfUtils.java:logGet(43)) - raft.server.log.segment.size.max = 1048576 (custom)
2019-11-19 00:12:35,325 [pool-67-thread-1] INFO  server.RaftServerConfigKeys (ConfUtils.java:logGet(43)) - raft.server.log.purge.gap = 1000000 (custom)
2019-11-19 00:12:35,325 [pool-27-thread-1] INFO  impl.RoleInfo (RoleInfo.java:updateAndGet(143)) - 64badc5b-1d26-4295-aeac-475b93178eb2: start FollowerState
2019-11-19 00:12:35,326 [pool-67-thread-1] INFO  server.RaftServerConfigKeys (ConfUtils.java:logGet(43)) - raft.server.log.appender.buffer.byte-limit = 33554432 (custom)
2019-11-19 00:12:35,326 [pool-77-thread-1] WARN  impl.MetricRegistriesImpl (MetricRegistriesImpl.java:lambda$create$1(61)) - First MetricRegistry has been created without registering reporters. You may need to call MetricRegistries.global().addReportRegistration(...) before.
2019-11-19 00:12:35,326 [pool-57-thread-1] INFO  server.RaftServerConfigKeys (ConfUtils.java:logGet(43)) - raft.server.log.purge.gap = 1000000 (custom)
2019-11-19 00:12:35,326 [pool-87-thread-1] WARN  impl.MetricRegistriesImpl (MetricRegistriesImpl.java:lambda$create$1(61)) - First MetricRegistry has been created without registering reporters. You may need to call MetricRegistries.global().addReportRegistration(...) before.
2019-11-19 00:12:35,329 [pool-57-thread-1] INFO  server.RaftServerConfigKeys (ConfUtils.java:logGet(43)) - raft.server.log.appender.buffer.byte-limit = 33554432 (custom)
2019-11-19 00:12:35,329 [pool-27-thread-1] INFO  util.JmxRegister (JmxRegister.java:tryRegister(44)) - Successfully registered JMX Bean with object name Ratis:service=RaftServer,group=group-36AF27D05186,id=64badc5b-1d26-4295-aeac-475b93178eb2
2019-11-19 00:12:35,330 [pool-57-thread-1] INFO  server.RaftServerConfigKeys (ConfUtils.java:logGet(43)) - raft.server.log.segment.size.max = 1048576 (custom)
2019-11-19 00:12:35,326 [pool-67-thread-1] INFO  server.RaftServerConfigKeys (ConfUtils.java:logGet(43)) - raft.server.log.segment.size.max = 1048576 (custom)
2019-11-19 00:12:35,330 [Command processor thread] INFO  commandhandler.CreatePipelineCommandHandler (CreatePipelineCommandHandler.java:handle(86)) - Create Pipeline RATIS ONE #id: "73a70b8c-0a43-45a6-a88b-5a7767573569"
 command succeed on datanode d1ad36f3-e0f7-4bd2-8d80-c82e74335b3b.
2019-11-19 00:12:35,330 [pool-57-thread-1] WARN  impl.MetricRegistriesImpl (MetricRegistriesImpl.java:lambda$create$1(61)) - First MetricRegistry has been created without registering reporters. You may need to call MetricRegistries.global().addReportRegistration(...) before.
2019-11-19 00:12:35,330 [pool-27-thread-1] WARN  impl.MetricRegistriesImpl (MetricRegistriesImpl.java:lambda$create$1(61)) - First MetricRegistry has been created without registering reporters. You may need to call MetricRegistries.global().addReportRegistration(...) before.
2019-11-19 00:12:35,330 [pool-77-thread-1] INFO  server.RaftServerConfigKeys (ConfUtils.java:logGet(43)) - raft.server.log.segment.cache.num.max = 2 (custom)
2019-11-19 00:12:35,332 [pool-57-thread-1] INFO  server.RaftServerConfigKeys (ConfUtils.java:logGet(43)) - raft.server.log.segment.cache.num.max = 2 (custom)
2019-11-19 00:12:35,330 [pool-67-thread-1] WARN  impl.MetricRegistriesImpl (MetricRegistriesImpl.java:lambda$create$1(61)) - First MetricRegistry has been created without registering reporters. You may need to call MetricRegistries.global().addReportRegistration(...) before.
2019-11-19 00:12:35,333 [pool-57-thread-1] INFO  segmented.SegmentedRaftLogWorker (SegmentedRaftLogWorker.java:<init>(173)) - new 766ea7d6-3a2a-43e6-adde-0551acbf0307@group-0DCC06137A71-SegmentedRaftLogWorker for RaftStorage:Storage Directory /workdir/hadoop-ozone/integration-test/target/test-dir/MiniOzoneClusterImpl-44984baa-697f-41c4-9b49-b72e5718b1cd/datanode-3/data/ratis/aa5998e8-b89f-46b0-9ed6-0dcc06137a71
2019-11-19 00:12:35,332 [Command processor thread] INFO  commandhandler.CreatePipelineCommandHandler (CreatePipelineCommandHandler.java:handle(86)) - Create Pipeline RATIS THREE #id: "a25894c6-e5b1-484a-87d6-36af27d05186"
 command succeed on datanode 64badc5b-1d26-4295-aeac-475b93178eb2.
2019-11-19 00:12:35,332 [Command processor thread] INFO  impl.RaftServerProxy (RaftServerProxy.java:addNew(89)) - d1ad36f3-e0f7-4bd2-8d80-c82e74335b3b: addNew group-04B856A0C6A3:[4ef12a2f-5b98-4782-89eb-d41a56677dfd:192.168.157.213:37821, d1ad36f3-e0f7-4bd2-8d80-c82e74335b3b:192.168.157.213:43236, 88d9a86c-91a8-4958-be80-19dc6d27632d:192.168.157.213:42465] returns group-04B856A0C6A3:java.util.concurrent.CompletableFuture@448b501b[Not completed]
2019-11-19 00:12:35,332 [pool-77-thread-1] INFO  segmented.SegmentedRaftLogWorker (SegmentedRaftLogWorker.java:<init>(173)) - new 6ab0ccde-a1c3-4dcb-8bf2-e9547ffb2a27@group-56767EDE43F8-SegmentedRaftLogWorker for RaftStorage:Storage Directory /workdir/hadoop-ozone/integration-test/target/test-dir/MiniOzoneClusterImpl-44984baa-697f-41c4-9b49-b72e5718b1cd/datanode-5/data/ratis/1bd3256c-a8aa-4bb0-9b2b-56767ede43f8
2019-11-19 00:12:35,333 [EventQueue-PipelineReportForPipelineReportHandler] INFO  pipeline.PipelineReportHandler (PipelineReportHandler.java:processPipelineReport(113)) - Pipeline ONE PipelineID=73a70b8c-0a43-45a6-a88b-5a7767573569 reported by d1ad36f3-e0f7-4bd2-8d80-c82e74335b3b{ip: 192.168.157.213, host: pr-hdds-2241-master-j9rj8-2432081592, networkLocation: /default-rack, certSerialId: null}
2019-11-19 00:12:35,333 [pool-57-thread-1] INFO  server.RaftServerConfigKeys (ConfUtils.java:logGet(43)) - raft.server.log.queue.byte-limit = 2147483647 (custom)
2019-11-19 00:12:35,333 [pool-67-thread-1] INFO  server.RaftServerConfigKeys (ConfUtils.java:logGet(43)) - raft.server.log.segment.cache.num.max = 2 (custom)
2019-11-19 00:12:35,333 [pool-57-thread-1] INFO  server.RaftServerConfigKeys (ConfUtils.java:logGet(43)) - raft.server.log.queue.element-limit = 1024 (custom)
2019-11-19 00:12:35,333 [EventQueue-PipelineReportForPipelineReportHandler] INFO  pipeline.PipelineStateManager (PipelineStateManager.java:openPipeline(132)) - Pipeline Pipeline[ Id: 73a70b8c-0a43-45a6-a88b-5a7767573569, Nodes: d1ad36f3-e0f7-4bd2-8d80-c82e74335b3b{ip: 192.168.157.213, host: pr-hdds-2241-master-j9rj8-2432081592, networkLocation: /default-rack, certSerialId: null}, Type:RATIS, Factor:ONE, State:ALLOCATED] moved to OPEN state
2019-11-19 00:12:35,333 [pool-77-thread-1] INFO  server.RaftServerConfigKeys (ConfUtils.java:logGet(43)) - raft.server.log.queue.byte-limit = 2147483647 (custom)
2019-11-19 00:12:35,334 [EventQueue-OpenPipelineForOneReplicaPipelineSafeModeRule] INFO  safemode.SCMSafeModeManager (SCMSafeModeManager.java:validateSafeModeExitRules(176)) - AtleastOneDatanodeReportedRule rule is successfully validated
2019-11-19 00:12:35,334 [pool-57-thread-1] INFO  server.RaftServerConfigKeys (ConfUtils.java:logGet(43)) - raft.server.log.segment.size.max = 1048576 (custom)
2019-11-19 00:12:35,334 [pool-67-thread-1] INFO  segmented.SegmentedRaftLogWorker (SegmentedRaftLogWorker.java:<init>(173)) - new 384d2f4f-0571-4804-9846-a20995c60033@group-049A2157E156-SegmentedRaftLogWorker for RaftStorage:Storage Directory /workdir/hadoop-ozone/integration-test/target/test-dir/MiniOzoneClusterImpl-44984baa-697f-41c4-9b49-b72e5718b1cd/datanode-4/data/ratis/c3f3754b-64bc-41d9-9d28-049a2157e156
2019-11-19 00:12:35,334 [pool-57-thread-1] INFO  server.RaftServerConfigKeys (ConfUtils.java:logGet(43)) - raft.server.log.preallocated.size = 16384 (custom)
2019-11-19 00:12:35,334 [EventQueue-PipelineReportForPipelineReportHandler] INFO  pipeline.PipelineReportHandler (PipelineReportHandler.java:processPipelineReport(113)) - Pipeline THREE PipelineID=a25894c6-e5b1-484a-87d6-36af27d05186 reported by 64badc5b-1d26-4295-aeac-475b93178eb2{ip: 192.168.157.213, host: pr-hdds-2241-master-j9rj8-2432081592, networkLocation: /default-rack, certSerialId: null}
2019-11-19 00:12:35,334 [pool-77-thread-1] INFO  server.RaftServerConfigKeys (ConfUtils.java:logGet(43)) - raft.server.log.queue.element-limit = 1024 (custom)
2019-11-19 00:12:35,334 [EventQueue-OpenPipelineForHealthyPipelineSafeModeRule] INFO  safemode.SCMSafeModeManager (HealthyPipelineSafeModeRule.java:process(132)) - SCM in safe mode. Healthy pipelines reported count is 0, required healthy pipeline reported count is 1
2019-11-19 00:12:35,335 [pool-87-thread-1] INFO  impl.RaftServerImpl (RaftServerImpl.java:<init>(98)) - d1ad36f3-e0f7-4bd2-8d80-c82e74335b3b: new RaftServerImpl for group-04B856A0C6A3:[4ef12a2f-5b98-4782-89eb-d41a56677dfd:192.168.157.213:37821, d1ad36f3-e0f7-4bd2-8d80-c82e74335b3b:192.168.157.213:43236, 88d9a86c-91a8-4958-be80-19dc6d27632d:192.168.157.213:42465] with ContainerStateMachine:uninitialized
2019-11-19 00:12:35,335 [pool-77-thread-1] INFO  server.RaftServerConfigKeys (ConfUtils.java:logGet(43)) - raft.server.log.segment.size.max = 1048576 (custom)
2019-11-19 00:12:35,335 [pool-87-thread-1] INFO  server.RaftServerConfigKeys (ConfUtils.java:logGet(43)) - raft.server.rpc.timeout.min = 5s (custom)
2019-11-19 00:12:35,334 [pool-57-thread-1] INFO  server.RaftServerConfigKeys (ConfUtils.java:logGet(43)) - raft.server.log.write.buffer.size = 33554432 (custom)
2019-11-19 00:12:35,334 [pool-67-thread-1] INFO  server.RaftServerConfigKeys (ConfUtils.java:logGet(43)) - raft.server.log.queue.byte-limit = 2147483647 (custom)
2019-11-19 00:12:35,335 [pool-57-thread-1] INFO  server.RaftServerConfigKeys (ConfUtils.java:logGet(43)) - raft.server.log.force.sync.num = 128 (default)
2019-11-19 00:12:35,335 [pool-87-thread-1] INFO  server.RaftServerConfigKeys (ConfUtils.java:logGet(43)) - raft.server.rpc.timeout.max = 5200ms (custom)
2019-11-19 00:12:35,335 [pool-77-thread-1] INFO  server.RaftServerConfigKeys (ConfUtils.java:logGet(43)) - raft.server.log.preallocated.size = 16384 (custom)
2019-11-19 00:12:35,336 [pool-87-thread-1] INFO  server.RaftServerConfigKeys (ConfUtils.java:logGet(43)) - raft.server.rpcslowness.timeout = 120s (custom)
2019-11-19 00:12:35,335 [pool-57-thread-1] INFO  server.RaftServerConfigKeys (ConfUtils.java:logGet(43)) - raft.server.log.statemachine.data.sync = true (default)
2019-11-19 00:12:35,335 [pool-67-thread-1] INFO  server.RaftServerConfigKeys (ConfUtils.java:logGet(43)) - raft.server.log.queue.element-limit = 1024 (custom)
2019-11-19 00:12:35,339 [pool-57-thread-1] INFO  server.RaftServerConfigKeys (ConfUtils.java:logGet(43)) - raft.server.log.statemachine.data.sync.timeout = 10s (default)
2019-11-19 00:12:35,336 [pool-87-thread-1] INFO  server.RaftServerConfigKeys (ConfUtils.java:logGet(43)) - raft.server.sleep.deviation.threshold = 300 (default)
2019-11-19 00:12:35,336 [pool-77-thread-1] INFO  server.RaftServerConfigKeys (ConfUtils.java:logGet(43)) - raft.server.log.write.buffer.size = 33554432 (custom)
2019-11-19 00:12:35,339 [pool-87-thread-1] INFO  server.RaftServerConfigKeys (ConfUtils.java:logGet(43)) - raft.server.log.appender.install.snapshot.enabled = false (custom)
2019-11-19 00:12:35,339 [pool-57-thread-1] INFO  server.RaftServerConfigKeys (ConfUtils.java:logGet(43)) - raft.server.log.statemachine.data.sync.timeout.retry = -1 (default)
2019-11-19 00:12:35,339 [pool-67-thread-1] INFO  server.RaftServerConfigKeys (ConfUtils.java:logGet(43)) - raft.server.log.segment.size.max = 1048576 (custom)
2019-11-19 00:12:35,340 [pool-87-thread-1] INFO  impl.RaftServerImpl (ServerState.java:<init>(103)) - d1ad36f3-e0f7-4bd2-8d80-c82e74335b3b@group-04B856A0C6A3: ConfigurationManager, init=-1: [4ef12a2f-5b98-4782-89eb-d41a56677dfd:192.168.157.213:37821, d1ad36f3-e0f7-4bd2-8d80-c82e74335b3b:192.168.157.213:43236, 88d9a86c-91a8-4958-be80-19dc6d27632d:192.168.157.213:42465], old=null, confs=<EMPTY_MAP>
2019-11-19 00:12:35,339 [pool-77-thread-1] INFO  server.RaftServerConfigKeys (ConfUtils.java:logGet(43)) - raft.server.log.force.sync.num = 128 (default)
2019-11-19 00:12:35,340 [pool-67-thread-1] INFO  server.RaftServerConfigKeys (ConfUtils.java:logGet(43)) - raft.server.log.preallocated.size = 16384 (custom)
2019-11-19 00:12:35,340 [pool-57-thread-1] INFO  server.RaftServerConfigKeys (ConfUtils.java:logGet(43)) - raft.server.log.statemachine.data.caching.enabled = true (custom)
2019-11-19 00:12:35,340 [pool-67-thread-1] INFO  server.RaftServerConfigKeys (ConfUtils.java:logGet(43)) - raft.server.log.write.buffer.size = 33554432 (custom)
2019-11-19 00:12:35,340 [pool-87-thread-1] INFO  server.RaftServerConfigKeys (ConfUtils.java:logGet(43)) - raft.server.storage.dir = [/workdir/hadoop-ozone/integration-test/target/test-dir/MiniOzoneClusterImpl-44984baa-697f-41c4-9b49-b72e5718b1cd/datanode-6/data/ratis] (custom)
2019-11-19 00:12:35,340 [pool-77-thread-1] INFO  server.RaftServerConfigKeys (ConfUtils.java:logGet(43)) - raft.server.log.statemachine.data.sync = true (default)
2019-11-19 00:12:35,340 [pool-57-thread-1] INFO  segmented.SegmentedRaftLogWorker (SegmentedRaftLogWorker.java:lambda$new$0(128)) - 766ea7d6-3a2a-43e6-adde-0551acbf0307@group-0DCC06137A71-SegmentedRaftLogWorker: flushIndex: setUnconditionally 0 -> -1
2019-11-19 00:12:35,340 [pool-67-thread-1] INFO  server.RaftServerConfigKeys (ConfUtils.java:logGet(43)) - raft.server.log.force.sync.num = 128 (default)
2019-11-19 00:12:35,341 [pool-87-thread-1] INFO  server.RaftServerConfigKeys (ConfUtils.java:logGet(43)) - raft.server.log.corruption.policy = EXCEPTION (default)
2019-11-19 00:12:35,341 [pool-77-thread-1] INFO  server.RaftServerConfigKeys (ConfUtils.java:logGet(43)) - raft.server.log.statemachine.data.sync.timeout = 10s (default)
2019-11-19 00:12:35,341 [pool-67-thread-1] INFO  server.RaftServerConfigKeys (ConfUtils.java:logGet(43)) - raft.server.log.statemachine.data.sync = true (default)
2019-11-19 00:12:35,341 [pool-57-thread-1] INFO  server.RaftServerConfigKeys (ConfUtils.java:logGet(43)) - raft.server.snapshot.auto.trigger.enabled = true (custom)
2019-11-19 00:12:35,341 [pool-67-thread-1] INFO  server.RaftServerConfigKeys (ConfUtils.java:logGet(43)) - raft.server.log.statemachine.data.sync.timeout = 10s (default)
2019-11-19 00:12:35,341 [pool-87-thread-1] INFO  storage.RaftStorageDirectory (RaftStorageDirectory.java:analyzeStorage(246)) - The storage directory /workdir/hadoop-ozone/integration-test/target/test-dir/MiniOzoneClusterImpl-44984baa-697f-41c4-9b49-b72e5718b1cd/datanode-6/data/ratis/c5520a36-7de8-444b-8df9-04b856a0c6a3 does not exist. Creating ...
2019-11-19 00:12:35,341 [pool-77-thread-1] INFO  server.RaftServerConfigKeys (ConfUtils.java:logGet(43)) - raft.server.log.statemachine.data.sync.timeout.retry = -1 (default)
2019-11-19 00:12:35,342 [pool-67-thread-1] INFO  server.RaftServerConfigKeys (ConfUtils.java:logGet(43)) - raft.server.log.statemachine.data.sync.timeout.retry = -1 (default)
2019-11-19 00:12:35,341 [pool-57-thread-1] INFO  server.RaftServerConfigKeys (ConfUtils.java:logGet(43)) - raft.server.snapshot.auto.trigger.threshold = 10000 (custom)
2019-11-19 00:12:35,342 [pool-77-thread-1] INFO  server.RaftServerConfigKeys (ConfUtils.java:logGet(43)) - raft.server.log.statemachine.data.caching.enabled = true (custom)
2019-11-19 00:12:35,342 [pool-57-thread-1] INFO  server.RaftServerConfigKeys (ConfUtils.java:logGet(43)) - raft.server.snapshot.retention.file.num = 5 (custom)
2019-11-19 00:12:35,342 [pool-67-thread-1] INFO  server.RaftServerConfigKeys (ConfUtils.java:logGet(43)) - raft.server.log.statemachine.data.caching.enabled = true (custom)
2019-11-19 00:12:35,342 [pool-57-thread-1] INFO  server.RaftServerConfigKeys (ConfUtils.java:logGet(43)) - raft.server.retrycache.expirytime = 600000ms (custom)
2019-11-19 00:12:35,342 [pool-77-thread-1] INFO  segmented.SegmentedRaftLogWorker (SegmentedRaftLogWorker.java:lambda$new$0(128)) - 6ab0ccde-a1c3-4dcb-8bf2-e9547ffb2a27@group-56767EDE43F8-SegmentedRaftLogWorker: flushIndex: setUnconditionally 0 -> -1
2019-11-19 00:12:35,342 [pool-57-thread-1] WARN  impl.MetricRegistriesImpl (MetricRegistriesImpl.java:lambda$create$1(61)) - First MetricRegistry has been created without registering reporters. You may need to call MetricRegistries.global().addReportRegistration(...) before.
2019-11-19 00:12:35,343 [pool-67-thread-1] INFO  segmented.SegmentedRaftLogWorker (SegmentedRaftLogWorker.java:lambda$new$0(128)) - 384d2f4f-0571-4804-9846-a20995c60033@group-049A2157E156-SegmentedRaftLogWorker: flushIndex: setUnconditionally 0 -> -1
2019-11-19 00:12:35,343 [pool-77-thread-1] INFO  server.RaftServerConfigKeys (ConfUtils.java:logGet(43)) - raft.server.snapshot.auto.trigger.enabled = true (custom)
2019-11-19 00:12:35,343 [pool-57-thread-1] WARN  impl.MetricRegistriesImpl (MetricRegistriesImpl.java:lambda$create$1(61)) - First MetricRegistry has been created without registering reporters. You may need to call MetricRegistries.global().addReportRegistration(...) before.
2019-11-19 00:12:35,343 [pool-77-thread-1] INFO  server.RaftServerConfigKeys (ConfUtils.java:logGet(43)) - raft.server.snapshot.auto.trigger.threshold = 10000 (custom)
2019-11-19 00:12:35,343 [pool-67-thread-1] INFO  server.RaftServerConfigKeys (ConfUtils.java:logGet(43)) - raft.server.snapshot.auto.trigger.enabled = true (custom)
2019-11-19 00:12:35,343 [pool-77-thread-1] INFO  server.RaftServerConfigKeys (ConfUtils.java:logGet(43)) - raft.server.snapshot.retention.file.num = 5 (custom)
2019-11-19 00:12:35,343 [pool-57-thread-1] INFO  impl.RaftServerImpl (RaftServerImpl.java:start(184)) - 766ea7d6-3a2a-43e6-adde-0551acbf0307@group-0DCC06137A71: start as a follower, conf=-1: [766ea7d6-3a2a-43e6-adde-0551acbf0307:192.168.157.213:35450], old=null
2019-11-19 00:12:35,343 [pool-77-thread-1] INFO  server.RaftServerConfigKeys (ConfUtils.java:logGet(43)) - raft.server.retrycache.expirytime = 600000ms (custom)
2019-11-19 00:12:35,343 [pool-67-thread-1] INFO  server.RaftServerConfigKeys (ConfUtils.java:logGet(43)) - raft.server.snapshot.auto.trigger.threshold = 10000 (custom)
2019-11-19 00:12:35,344 [pool-77-thread-1] WARN  impl.MetricRegistriesImpl (MetricRegistriesImpl.java:lambda$create$1(61)) - First MetricRegistry has been created without registering reporters. You may need to call MetricRegistries.global().addReportRegistration(...) before.
2019-11-19 00:12:35,343 [pool-57-thread-1] INFO  impl.RaftServerImpl (RaftServerImpl.java:setRole(173)) - 766ea7d6-3a2a-43e6-adde-0551acbf0307@group-0DCC06137A71: changes role from      null to FOLLOWER at term 0 for startAsFollower
2019-11-19 00:12:35,344 [pool-77-thread-1] WARN  impl.MetricRegistriesImpl (MetricRegistriesImpl.java:lambda$create$1(61)) - First MetricRegistry has been created without registering reporters. You may need to call MetricRegistries.global().addReportRegistration(...) before.
2019-11-19 00:12:35,344 [pool-67-thread-1] INFO  server.RaftServerConfigKeys (ConfUtils.java:logGet(43)) - raft.server.snapshot.retention.file.num = 5 (custom)
2019-11-19 00:12:35,344 [pool-57-thread-1] INFO  impl.RoleInfo (RoleInfo.java:updateAndGet(143)) - 766ea7d6-3a2a-43e6-adde-0551acbf0307: start FollowerState
2019-11-19 00:12:35,344 [pool-67-thread-1] INFO  server.RaftServerConfigKeys (ConfUtils.java:logGet(43)) - raft.server.retrycache.expirytime = 600000ms (custom)
2019-11-19 00:12:35,344 [pool-77-thread-1] INFO  impl.RaftServerImpl (RaftServerImpl.java:start(184)) - 6ab0ccde-a1c3-4dcb-8bf2-e9547ffb2a27@group-56767EDE43F8: start as a follower, conf=-1: [6ab0ccde-a1c3-4dcb-8bf2-e9547ffb2a27:192.168.157.213:34614], old=null
2019-11-19 00:12:35,344 [pool-67-thread-1] WARN  impl.MetricRegistriesImpl (MetricRegistriesImpl.java:lambda$create$1(61)) - First MetricRegistry has been created without registering reporters. You may need to call MetricRegistries.global().addReportRegistration(...) before.
2019-11-19 00:12:35,344 [pool-57-thread-1] INFO  util.JmxRegister (JmxRegister.java:tryRegister(44)) - Successfully registered JMX Bean with object name Ratis:service=RaftServer,group=group-0DCC06137A71,id=766ea7d6-3a2a-43e6-adde-0551acbf0307
2019-11-19 00:12:35,344 [pool-77-thread-1] INFO  impl.RaftServerImpl (RaftServerImpl.java:setRole(173)) - 6ab0ccde-a1c3-4dcb-8bf2-e9547ffb2a27@group-56767EDE43F8: changes role from      null to FOLLOWER at term 0 for startAsFollower
2019-11-19 00:12:35,344 [pool-57-thread-1] WARN  impl.MetricRegistriesImpl (MetricRegistriesImpl.java:lambda$create$1(61)) - First MetricRegistry has been created without registering reporters. You may need to call MetricRegistries.global().addReportRegistration(...) before.
2019-11-19 00:12:35,344 [pool-67-thread-1] WARN  impl.MetricRegistriesImpl (MetricRegistriesImpl.java:lambda$create$1(61)) - First MetricRegistry has been created without registering reporters. You may need to call MetricRegistries.global().addReportRegistration(...) before.
2019-11-19 00:12:35,345 [pool-77-thread-1] INFO  impl.RoleInfo (RoleInfo.java:updateAndGet(143)) - 6ab0ccde-a1c3-4dcb-8bf2-e9547ffb2a27: start FollowerState
2019-11-19 00:12:35,345 [pool-67-thread-1] INFO  impl.RaftServerImpl (RaftServerImpl.java:start(184)) - 384d2f4f-0571-4804-9846-a20995c60033@group-049A2157E156: start as a follower, conf=-1: [384d2f4f-0571-4804-9846-a20995c60033:192.168.157.213:36640], old=null
2019-11-19 00:12:35,345 [Command processor thread] INFO  commandhandler.CreatePipelineCommandHandler (CreatePipelineCommandHandler.java:handle(86)) - Create Pipeline RATIS ONE #id: "aa5998e8-b89f-46b0-9ed6-0dcc06137a71"
 command succeed on datanode 766ea7d6-3a2a-43e6-adde-0551acbf0307.
2019-11-19 00:12:35,345 [pool-67-thread-1] INFO  impl.RaftServerImpl (RaftServerImpl.java:setRole(173)) - 384d2f4f-0571-4804-9846-a20995c60033@group-049A2157E156: changes role from      null to FOLLOWER at term 0 for startAsFollower
2019-11-19 00:12:35,345 [pool-77-thread-1] INFO  util.JmxRegister (JmxRegister.java:tryRegister(44)) - Successfully registered JMX Bean with object name Ratis:service=RaftServer,group=group-56767EDE43F8,id=6ab0ccde-a1c3-4dcb-8bf2-e9547ffb2a27
2019-11-19 00:12:35,347 [pool-67-thread-1] INFO  impl.RoleInfo (RoleInfo.java:updateAndGet(143)) - 384d2f4f-0571-4804-9846-a20995c60033: start FollowerState
2019-11-19 00:12:35,347 [pool-77-thread-1] WARN  impl.MetricRegistriesImpl (MetricRegistriesImpl.java:lambda$create$1(61)) - First MetricRegistry has been created without registering reporters. You may need to call MetricRegistries.global().addReportRegistration(...) before.
2019-11-19 00:12:35,347 [Command processor thread] INFO  impl.RaftServerProxy (RaftServerProxy.java:addNew(89)) - 766ea7d6-3a2a-43e6-adde-0551acbf0307: addNew group-0864F1BAA98E:[6ab0ccde-a1c3-4dcb-8bf2-e9547ffb2a27:192.168.157.213:34614, 384d2f4f-0571-4804-9846-a20995c60033:192.168.157.213:36640, 766ea7d6-3a2a-43e6-adde-0551acbf0307:192.168.157.213:35450] returns group-0864F1BAA98E:java.util.concurrent.CompletableFuture@49db0eb[Not completed]
2019-11-19 00:12:35,347 [pool-67-thread-1] INFO  util.JmxRegister (JmxRegister.java:tryRegister(44)) - Successfully registered JMX Bean with object name Ratis:service=RaftServer,group=group-049A2157E156,id=384d2f4f-0571-4804-9846-a20995c60033
2019-11-19 00:12:35,348 [pool-67-thread-1] WARN  impl.MetricRegistriesImpl (MetricRegistriesImpl.java:lambda$create$1(61)) - First MetricRegistry has been created without registering reporters. You may need to call MetricRegistries.global().addReportRegistration(...) before.
2019-11-19 00:12:35,348 [Command processor thread] INFO  commandhandler.CreatePipelineCommandHandler (CreatePipelineCommandHandler.java:handle(86)) - Create Pipeline RATIS ONE #id: "1bd3256c-a8aa-4bb0-9b2b-56767ede43f8"
 command succeed on datanode 6ab0ccde-a1c3-4dcb-8bf2-e9547ffb2a27.
2019-11-19 00:12:35,348 [EventQueue-PipelineReportForPipelineReportHandler] INFO  pipeline.PipelineReportHandler (PipelineReportHandler.java:processPipelineReport(113)) - Pipeline ONE PipelineID=aa5998e8-b89f-46b0-9ed6-0dcc06137a71 reported by 766ea7d6-3a2a-43e6-adde-0551acbf0307{ip: 192.168.157.213, host: pr-hdds-2241-master-j9rj8-2432081592, networkLocation: /default-rack, certSerialId: null}
2019-11-19 00:12:35,348 [pool-97-thread-1] INFO  storage.RaftStorageDirectory (RaftStorageDirectory.java:tryLock(328)) - Lock on /workdir/hadoop-ozone/integration-test/target/test-dir/MiniOzoneClusterImpl-44984baa-697f-41c4-9b49-b72e5718b1cd/datanode-7/data/ratis/02002385-64b7-4994-a550-be6bbfd87705/in_use.lock acquired by nodename 9276@pr-hdds-2241-master-j9rj8-2432081592
2019-11-19 00:12:35,350 [EventQueue-PipelineReportForPipelineReportHandler] INFO  pipeline.PipelineStateManager (PipelineStateManager.java:openPipeline(132)) - Pipeline Pipeline[ Id: aa5998e8-b89f-46b0-9ed6-0dcc06137a71, Nodes: 766ea7d6-3a2a-43e6-adde-0551acbf0307{ip: 192.168.157.213, host: pr-hdds-2241-master-j9rj8-2432081592, networkLocation: /default-rack, certSerialId: null}, Type:RATIS, Factor:ONE, State:ALLOCATED] moved to OPEN state
2019-11-19 00:12:35,350 [Command processor thread] INFO  commandhandler.CreatePipelineCommandHandler (CreatePipelineCommandHandler.java:handle(86)) - Create Pipeline RATIS ONE #id: "c3f3754b-64bc-41d9-9d28-049a2157e156"
 command succeed on datanode 384d2f4f-0571-4804-9846-a20995c60033.
2019-11-19 00:12:35,350 [EventQueue-OpenPipelineForOneReplicaPipelineSafeModeRule] INFO  safemode.SCMSafeModeManager (SCMSafeModeManager.java:validateSafeModeExitRules(176)) - AtleastOneDatanodeReportedRule rule is successfully validated
2019-11-19 00:12:35,350 [EventQueue-OpenPipelineForHealthyPipelineSafeModeRule] INFO  safemode.SCMSafeModeManager (HealthyPipelineSafeModeRule.java:process(132)) - SCM in safe mode. Healthy pipelines reported count is 0, required healthy pipeline reported count is 1
2019-11-19 00:12:35,352 [Command processor thread] INFO  impl.RaftServerProxy (RaftServerProxy.java:addNew(89)) - 6ab0ccde-a1c3-4dcb-8bf2-e9547ffb2a27: addNew group-0864F1BAA98E:[6ab0ccde-a1c3-4dcb-8bf2-e9547ffb2a27:192.168.157.213:34614, 384d2f4f-0571-4804-9846-a20995c60033:192.168.157.213:36640, 766ea7d6-3a2a-43e6-adde-0551acbf0307:192.168.157.213:35450] returns group-0864F1BAA98E:java.util.concurrent.CompletableFuture@12879371[Not completed]
2019-11-19 00:12:35,352 [Command processor thread] INFO  impl.RaftServerProxy (RaftServerProxy.java:addNew(89)) - 384d2f4f-0571-4804-9846-a20995c60033: addNew group-0864F1BAA98E:[6ab0ccde-a1c3-4dcb-8bf2-e9547ffb2a27:192.168.157.213:34614, 384d2f4f-0571-4804-9846-a20995c60033:192.168.157.213:36640, 766ea7d6-3a2a-43e6-adde-0551acbf0307:192.168.157.213:35450] returns group-0864F1BAA98E:java.util.concurrent.CompletableFuture@7924cdcc[Not completed]
2019-11-19 00:12:35,352 [EventQueue-PipelineReportForPipelineReportHandler] INFO  pipeline.PipelineReportHandler (PipelineReportHandler.java:processPipelineReport(113)) - Pipeline ONE PipelineID=1bd3256c-a8aa-4bb0-9b2b-56767ede43f8 reported by 6ab0ccde-a1c3-4dcb-8bf2-e9547ffb2a27{ip: 192.168.157.213, host: pr-hdds-2241-master-j9rj8-2432081592, networkLocation: /default-rack, certSerialId: null}
2019-11-19 00:12:35,352 [EventQueue-PipelineReportForPipelineReportHandler] INFO  pipeline.PipelineStateManager (PipelineStateManager.java:openPipeline(132)) - Pipeline Pipeline[ Id: 1bd3256c-a8aa-4bb0-9b2b-56767ede43f8, Nodes: 6ab0ccde-a1c3-4dcb-8bf2-e9547ffb2a27{ip: 192.168.157.213, host: pr-hdds-2241-master-j9rj8-2432081592, networkLocation: /default-rack, certSerialId: null}, Type:RATIS, Factor:ONE, State:ALLOCATED] moved to OPEN state
2019-11-19 00:12:35,352 [EventQueue-OpenPipelineForOneReplicaPipelineSafeModeRule] INFO  safemode.SCMSafeModeManager (SCMSafeModeManager.java:validateSafeModeExitRules(176)) - AtleastOneDatanodeReportedRule rule is successfully validated
2019-11-19 00:12:35,352 [EventQueue-OpenPipelineForHealthyPipelineSafeModeRule] INFO  safemode.SCMSafeModeManager (HealthyPipelineSafeModeRule.java:process(132)) - SCM in safe mode. Healthy pipelines reported count is 0, required healthy pipeline reported count is 1
2019-11-19 00:12:35,353 [EventQueue-PipelineReportForPipelineReportHandler] INFO  pipeline.PipelineReportHandler (PipelineReportHandler.java:processPipelineReport(113)) - Pipeline ONE PipelineID=c3f3754b-64bc-41d9-9d28-049a2157e156 reported by 384d2f4f-0571-4804-9846-a20995c60033{ip: 192.168.157.213, host: pr-hdds-2241-master-j9rj8-2432081592, networkLocation: /default-rack, certSerialId: null}
2019-11-19 00:12:35,353 [pool-57-thread-1] INFO  impl.RaftServerImpl (RaftServerImpl.java:<init>(98)) - 766ea7d6-3a2a-43e6-adde-0551acbf0307: new RaftServerImpl for group-0864F1BAA98E:[6ab0ccde-a1c3-4dcb-8bf2-e9547ffb2a27:192.168.157.213:34614, 384d2f4f-0571-4804-9846-a20995c60033:192.168.157.213:36640, 766ea7d6-3a2a-43e6-adde-0551acbf0307:192.168.157.213:35450] with ContainerStateMachine:uninitialized
2019-11-19 00:12:35,353 [EventQueue-PipelineReportForPipelineReportHandler] INFO  pipeline.PipelineStateManager (PipelineStateManager.java:openPipeline(132)) - Pipeline Pipeline[ Id: c3f3754b-64bc-41d9-9d28-049a2157e156, Nodes: 384d2f4f-0571-4804-9846-a20995c60033{ip: 192.168.157.213, host: pr-hdds-2241-master-j9rj8-2432081592, networkLocation: /default-rack, certSerialId: null}, Type:RATIS, Factor:ONE, State:ALLOCATED] moved to OPEN state
2019-11-19 00:12:35,353 [pool-57-thread-1] INFO  server.RaftServerConfigKeys (ConfUtils.java:logGet(43)) - raft.server.rpc.timeout.min = 5s (custom)
2019-11-19 00:12:35,353 [EventQueue-OpenPipelineForHealthyPipelineSafeModeRule] INFO  safemode.SCMSafeModeManager (HealthyPipelineSafeModeRule.java:process(132)) - SCM in safe mode. Healthy pipelines reported count is 0, required healthy pipeline reported count is 1
2019-11-19 00:12:35,353 [EventQueue-OpenPipelineForOneReplicaPipelineSafeModeRule] INFO  safemode.SCMSafeModeManager (SCMSafeModeManager.java:validateSafeModeExitRules(176)) - AtleastOneDatanodeReportedRule rule is successfully validated
2019-11-19 00:12:35,353 [pool-57-thread-1] INFO  server.RaftServerConfigKeys (ConfUtils.java:logGet(43)) - raft.server.rpc.timeout.max = 5200ms (custom)
2019-11-19 00:12:35,353 [pool-57-thread-1] INFO  server.RaftServerConfigKeys (ConfUtils.java:logGet(43)) - raft.server.rpcslowness.timeout = 120s (custom)
2019-11-19 00:12:35,353 [pool-57-thread-1] INFO  server.RaftServerConfigKeys (ConfUtils.java:logGet(43)) - raft.server.sleep.deviation.threshold = 300 (default)
2019-11-19 00:12:35,353 [pool-57-thread-1] INFO  server.RaftServerConfigKeys (ConfUtils.java:logGet(43)) - raft.server.log.appender.install.snapshot.enabled = false (custom)
2019-11-19 00:12:35,353 [pool-57-thread-1] INFO  impl.RaftServerImpl (ServerState.java:<init>(103)) - 766ea7d6-3a2a-43e6-adde-0551acbf0307@group-0864F1BAA98E: ConfigurationManager, init=-1: [6ab0ccde-a1c3-4dcb-8bf2-e9547ffb2a27:192.168.157.213:34614, 384d2f4f-0571-4804-9846-a20995c60033:192.168.157.213:36640, 766ea7d6-3a2a-43e6-adde-0551acbf0307:192.168.157.213:35450], old=null, confs=<EMPTY_MAP>
2019-11-19 00:12:35,354 [pool-77-thread-1] INFO  impl.RaftServerImpl (RaftServerImpl.java:<init>(98)) - 6ab0ccde-a1c3-4dcb-8bf2-e9547ffb2a27: new RaftServerImpl for group-0864F1BAA98E:[6ab0ccde-a1c3-4dcb-8bf2-e9547ffb2a27:192.168.157.213:34614, 384d2f4f-0571-4804-9846-a20995c60033:192.168.157.213:36640, 766ea7d6-3a2a-43e6-adde-0551acbf0307:192.168.157.213:35450] with ContainerStateMachine:uninitialized
2019-11-19 00:12:35,354 [pool-57-thread-1] INFO  server.RaftServerConfigKeys (ConfUtils.java:logGet(43)) - raft.server.storage.dir = [/workdir/hadoop-ozone/integration-test/target/test-dir/MiniOzoneClusterImpl-44984baa-697f-41c4-9b49-b72e5718b1cd/datanode-3/data/ratis] (custom)
2019-11-19 00:12:35,354 [pool-77-thread-1] INFO  server.RaftServerConfigKeys (ConfUtils.java:logGet(43)) - raft.server.rpc.timeout.min = 5s (custom)
2019-11-19 00:12:35,354 [pool-77-thread-1] INFO  server.RaftServerConfigKeys (ConfUtils.java:logGet(43)) - raft.server.rpc.timeout.max = 5200ms (custom)
2019-11-19 00:12:35,354 [pool-57-thread-1] INFO  server.RaftServerConfigKeys (ConfUtils.java:logGet(43)) - raft.server.log.corruption.policy = EXCEPTION (default)
2019-11-19 00:12:35,354 [pool-77-thread-1] INFO  server.RaftServerConfigKeys (ConfUtils.java:logGet(43)) - raft.server.rpcslowness.timeout = 120s (custom)
2019-11-19 00:12:35,354 [pool-57-thread-1] INFO  storage.RaftStorageDirectory (RaftStorageDirectory.java:analyzeStorage(246)) - The storage directory /workdir/hadoop-ozone/integration-test/target/test-dir/MiniOzoneClusterImpl-44984baa-697f-41c4-9b49-b72e5718b1cd/datanode-3/data/ratis/1a7d0b34-c700-43c0-9c00-0864f1baa98e does not exist. Creating ...
2019-11-19 00:12:35,354 [pool-77-thread-1] INFO  server.RaftServerConfigKeys (ConfUtils.java:logGet(43)) - raft.server.sleep.deviation.threshold = 300 (default)
2019-11-19 00:12:35,354 [pool-77-thread-1] INFO  server.RaftServerConfigKeys (ConfUtils.java:logGet(43)) - raft.server.log.appender.install.snapshot.enabled = false (custom)
2019-11-19 00:12:35,354 [pool-77-thread-1] INFO  impl.RaftServerImpl (ServerState.java:<init>(103)) - 6ab0ccde-a1c3-4dcb-8bf2-e9547ffb2a27@group-0864F1BAA98E: ConfigurationManager, init=-1: [6ab0ccde-a1c3-4dcb-8bf2-e9547ffb2a27:192.168.157.213:34614, 384d2f4f-0571-4804-9846-a20995c60033:192.168.157.213:36640, 766ea7d6-3a2a-43e6-adde-0551acbf0307:192.168.157.213:35450], old=null, confs=<EMPTY_MAP>
2019-11-19 00:12:35,355 [pool-77-thread-1] INFO  server.RaftServerConfigKeys (ConfUtils.java:logGet(43)) - raft.server.storage.dir = [/workdir/hadoop-ozone/integration-test/target/test-dir/MiniOzoneClusterImpl-44984baa-697f-41c4-9b49-b72e5718b1cd/datanode-5/data/ratis] (custom)
2019-11-19 00:12:35,355 [pool-67-thread-1] INFO  impl.RaftServerImpl (RaftServerImpl.java:<init>(98)) - 384d2f4f-0571-4804-9846-a20995c60033: new RaftServerImpl for group-0864F1BAA98E:[6ab0ccde-a1c3-4dcb-8bf2-e9547ffb2a27:192.168.157.213:34614, 384d2f4f-0571-4804-9846-a20995c60033:192.168.157.213:36640, 766ea7d6-3a2a-43e6-adde-0551acbf0307:192.168.157.213:35450] with ContainerStateMachine:uninitialized
2019-11-19 00:12:35,355 [pool-77-thread-1] INFO  server.RaftServerConfigKeys (ConfUtils.java:logGet(43)) - raft.server.log.corruption.policy = EXCEPTION (default)
2019-11-19 00:12:35,355 [pool-67-thread-1] INFO  server.RaftServerConfigKeys (ConfUtils.java:logGet(43)) - raft.server.rpc.timeout.min = 5s (custom)
2019-11-19 00:12:35,355 [pool-77-thread-1] INFO  storage.RaftStorageDirectory (RaftStorageDirectory.java:analyzeStorage(246)) - The storage directory /workdir/hadoop-ozone/integration-test/target/test-dir/MiniOzoneClusterImpl-44984baa-697f-41c4-9b49-b72e5718b1cd/datanode-5/data/ratis/1a7d0b34-c700-43c0-9c00-0864f1baa98e does not exist. Creating ...
2019-11-19 00:12:35,355 [pool-67-thread-1] INFO  server.RaftServerConfigKeys (ConfUtils.java:logGet(43)) - raft.server.rpc.timeout.max = 5200ms (custom)
2019-11-19 00:12:35,355 [pool-67-thread-1] INFO  server.RaftServerConfigKeys (ConfUtils.java:logGet(43)) - raft.server.rpcslowness.timeout = 120s (custom)
2019-11-19 00:12:35,355 [pool-67-thread-1] INFO  server.RaftServerConfigKeys (ConfUtils.java:logGet(43)) - raft.server.sleep.deviation.threshold = 300 (default)
2019-11-19 00:12:35,355 [pool-67-thread-1] INFO  server.RaftServerConfigKeys (ConfUtils.java:logGet(43)) - raft.server.log.appender.install.snapshot.enabled = false (custom)
2019-11-19 00:12:35,356 [pool-67-thread-1] INFO  impl.RaftServerImpl (ServerState.java:<init>(103)) - 384d2f4f-0571-4804-9846-a20995c60033@group-0864F1BAA98E: ConfigurationManager, init=-1: [6ab0ccde-a1c3-4dcb-8bf2-e9547ffb2a27:192.168.157.213:34614, 384d2f4f-0571-4804-9846-a20995c60033:192.168.157.213:36640, 766ea7d6-3a2a-43e6-adde-0551acbf0307:192.168.157.213:35450], old=null, confs=<EMPTY_MAP>
2019-11-19 00:12:35,356 [pool-67-thread-1] INFO  server.RaftServerConfigKeys (ConfUtils.java:logGet(43)) - raft.server.storage.dir = [/workdir/hadoop-ozone/integration-test/target/test-dir/MiniOzoneClusterImpl-44984baa-697f-41c4-9b49-b72e5718b1cd/datanode-4/data/ratis] (custom)
2019-11-19 00:12:35,356 [pool-67-thread-1] INFO  server.RaftServerConfigKeys (ConfUtils.java:logGet(43)) - raft.server.log.corruption.policy = EXCEPTION (default)
2019-11-19 00:12:35,356 [pool-67-thread-1] INFO  storage.RaftStorageDirectory (RaftStorageDirectory.java:analyzeStorage(246)) - The storage directory /workdir/hadoop-ozone/integration-test/target/test-dir/MiniOzoneClusterImpl-44984baa-697f-41c4-9b49-b72e5718b1cd/datanode-4/data/ratis/1a7d0b34-c700-43c0-9c00-0864f1baa98e does not exist. Creating ...
2019-11-19 00:12:35,365 [pool-87-thread-1] INFO  storage.RaftStorageDirectory (RaftStorageDirectory.java:tryLock(328)) - Lock on /workdir/hadoop-ozone/integration-test/target/test-dir/MiniOzoneClusterImpl-44984baa-697f-41c4-9b49-b72e5718b1cd/datanode-6/data/ratis/c5520a36-7de8-444b-8df9-04b856a0c6a3/in_use.lock acquired by nodename 9276@pr-hdds-2241-master-j9rj8-2432081592
2019-11-19 00:12:35,383 [pool-67-thread-1] INFO  storage.RaftStorageDirectory (RaftStorageDirectory.java:tryLock(328)) - Lock on /workdir/hadoop-ozone/integration-test/target/test-dir/MiniOzoneClusterImpl-44984baa-697f-41c4-9b49-b72e5718b1cd/datanode-4/data/ratis/1a7d0b34-c700-43c0-9c00-0864f1baa98e/in_use.lock acquired by nodename 9276@pr-hdds-2241-master-j9rj8-2432081592
2019-11-19 00:12:35,383 [pool-97-thread-1] INFO  storage.RaftStorage (RaftStorage.java:format(84)) - Storage directory /workdir/hadoop-ozone/integration-test/target/test-dir/MiniOzoneClusterImpl-44984baa-697f-41c4-9b49-b72e5718b1cd/datanode-7/data/ratis/02002385-64b7-4994-a550-be6bbfd87705 has been successfully formatted.
2019-11-19 00:12:35,383 [pool-87-thread-1] INFO  storage.RaftStorage (RaftStorage.java:format(84)) - Storage directory /workdir/hadoop-ozone/integration-test/target/test-dir/MiniOzoneClusterImpl-44984baa-697f-41c4-9b49-b72e5718b1cd/datanode-6/data/ratis/c5520a36-7de8-444b-8df9-04b856a0c6a3 has been successfully formatted.
2019-11-19 00:12:35,383 [pool-57-thread-1] INFO  storage.RaftStorageDirectory (RaftStorageDirectory.java:tryLock(328)) - Lock on /workdir/hadoop-ozone/integration-test/target/test-dir/MiniOzoneClusterImpl-44984baa-697f-41c4-9b49-b72e5718b1cd/datanode-3/data/ratis/1a7d0b34-c700-43c0-9c00-0864f1baa98e/in_use.lock acquired by nodename 9276@pr-hdds-2241-master-j9rj8-2432081592
2019-11-19 00:12:35,383 [pool-77-thread-1] INFO  storage.RaftStorageDirectory (RaftStorageDirectory.java:tryLock(328)) - Lock on /workdir/hadoop-ozone/integration-test/target/test-dir/MiniOzoneClusterImpl-44984baa-697f-41c4-9b49-b72e5718b1cd/datanode-5/data/ratis/1a7d0b34-c700-43c0-9c00-0864f1baa98e/in_use.lock acquired by nodename 9276@pr-hdds-2241-master-j9rj8-2432081592
2019-11-19 00:12:35,383 [pool-87-thread-1] INFO  ratis.ContainerStateMachine (ContainerStateMachine.java:loadSnapshot(223)) - group-04B856A0C6A3: The snapshot info is null. Setting the last applied indexto:(t:0, i:~)
2019-11-19 00:12:35,383 [pool-97-thread-1] INFO  ratis.ContainerStateMachine (ContainerStateMachine.java:loadSnapshot(223)) - group-BE6BBFD87705: The snapshot info is null. Setting the last applied indexto:(t:0, i:~)
2019-11-19 00:12:35,383 [pool-87-thread-1] INFO  server.RaftServerConfigKeys (ConfUtils.java:logGet(43)) - raft.server.notification.no-leader.timeout = 120s (custom)
2019-11-19 00:12:35,384 [pool-97-thread-1] INFO  server.RaftServerConfigKeys (ConfUtils.java:logGet(43)) - raft.server.notification.no-leader.timeout = 120s (custom)
2019-11-19 00:12:35,384 [pool-87-thread-1] INFO  server.RaftServerConfigKeys (ConfUtils.java:logGet(43)) - raft.server.log.use.memory = false (default)
2019-11-19 00:12:35,384 [pool-97-thread-1] INFO  server.RaftServerConfigKeys (ConfUtils.java:logGet(43)) - raft.server.log.use.memory = false (default)
2019-11-19 00:12:35,384 [pool-87-thread-1] INFO  server.RaftServerConfigKeys (ConfUtils.java:logGet(43)) - raft.server.log.purge.gap = 1000000 (custom)
2019-11-19 00:12:35,384 [pool-97-thread-1] INFO  server.RaftServerConfigKeys (ConfUtils.java:logGet(43)) - raft.server.log.purge.gap = 1000000 (custom)
2019-11-19 00:12:35,384 [pool-87-thread-1] INFO  server.RaftServerConfigKeys (ConfUtils.java:logGet(43)) - raft.server.log.appender.buffer.byte-limit = 33554432 (custom)
2019-11-19 00:12:35,384 [pool-97-thread-1] INFO  server.RaftServerConfigKeys (ConfUtils.java:logGet(43)) - raft.server.log.appender.buffer.byte-limit = 33554432 (custom)
2019-11-19 00:12:35,384 [pool-87-thread-1] INFO  server.RaftServerConfigKeys (ConfUtils.java:logGet(43)) - raft.server.log.segment.size.max = 1048576 (custom)
2019-11-19 00:12:35,384 [pool-97-thread-1] INFO  server.RaftServerConfigKeys (ConfUtils.java:logGet(43)) - raft.server.log.segment.size.max = 1048576 (custom)
2019-11-19 00:12:35,385 [pool-87-thread-1] INFO  server.RaftServerConfigKeys (ConfUtils.java:logGet(43)) - raft.server.log.segment.cache.num.max = 2 (custom)
2019-11-19 00:12:35,385 [pool-97-thread-1] WARN  impl.MetricRegistriesImpl (MetricRegistriesImpl.java:lambda$create$1(61)) - First MetricRegistry has been created without registering reporters. You may need to call MetricRegistries.global().addReportRegistration(...) before.
2019-11-19 00:12:35,385 [pool-87-thread-1] INFO  segmented.SegmentedRaftLogWorker (SegmentedRaftLogWorker.java:<init>(173)) - new d1ad36f3-e0f7-4bd2-8d80-c82e74335b3b@group-04B856A0C6A3-SegmentedRaftLogWorker for RaftStorage:Storage Directory /workdir/hadoop-ozone/integration-test/target/test-dir/MiniOzoneClusterImpl-44984baa-697f-41c4-9b49-b72e5718b1cd/datanode-6/data/ratis/c5520a36-7de8-444b-8df9-04b856a0c6a3
2019-11-19 00:12:35,385 [pool-97-thread-1] INFO  server.RaftServerConfigKeys (ConfUtils.java:logGet(43)) - raft.server.log.segment.cache.num.max = 2 (custom)
2019-11-19 00:12:35,385 [pool-87-thread-1] INFO  server.RaftServerConfigKeys (ConfUtils.java:logGet(43)) - raft.server.log.queue.byte-limit = 2147483647 (custom)
2019-11-19 00:12:35,385 [pool-97-thread-1] INFO  segmented.SegmentedRaftLogWorker (SegmentedRaftLogWorker.java:<init>(173)) - new 88d9a86c-91a8-4958-be80-19dc6d27632d@group-BE6BBFD87705-SegmentedRaftLogWorker for RaftStorage:Storage Directory /workdir/hadoop-ozone/integration-test/target/test-dir/MiniOzoneClusterImpl-44984baa-697f-41c4-9b49-b72e5718b1cd/datanode-7/data/ratis/02002385-64b7-4994-a550-be6bbfd87705
2019-11-19 00:12:35,385 [pool-87-thread-1] INFO  server.RaftServerConfigKeys (ConfUtils.java:logGet(43)) - raft.server.log.queue.element-limit = 1024 (custom)
2019-11-19 00:12:35,385 [pool-97-thread-1] INFO  server.RaftServerConfigKeys (ConfUtils.java:logGet(43)) - raft.server.log.queue.byte-limit = 2147483647 (custom)
2019-11-19 00:12:35,385 [pool-87-thread-1] INFO  server.RaftServerConfigKeys (ConfUtils.java:logGet(43)) - raft.server.log.segment.size.max = 1048576 (custom)
2019-11-19 00:12:35,386 [pool-97-thread-1] INFO  server.RaftServerConfigKeys (ConfUtils.java:logGet(43)) - raft.server.log.queue.element-limit = 1024 (custom)
2019-11-19 00:12:35,386 [pool-87-thread-1] INFO  server.RaftServerConfigKeys (ConfUtils.java:logGet(43)) - raft.server.log.preallocated.size = 16384 (custom)
2019-11-19 00:12:35,386 [pool-97-thread-1] INFO  server.RaftServerConfigKeys (ConfUtils.java:logGet(43)) - raft.server.log.segment.size.max = 1048576 (custom)
2019-11-19 00:12:35,386 [pool-87-thread-1] INFO  server.RaftServerConfigKeys (ConfUtils.java:logGet(43)) - raft.server.log.write.buffer.size = 33554432 (custom)
2019-11-19 00:12:35,386 [pool-97-thread-1] INFO  server.RaftServerConfigKeys (ConfUtils.java:logGet(43)) - raft.server.log.preallocated.size = 16384 (custom)
2019-11-19 00:12:35,386 [pool-87-thread-1] INFO  server.RaftServerConfigKeys (ConfUtils.java:logGet(43)) - raft.server.log.force.sync.num = 128 (default)
2019-11-19 00:12:35,386 [pool-97-thread-1] INFO  server.RaftServerConfigKeys (ConfUtils.java:logGet(43)) - raft.server.log.write.buffer.size = 33554432 (custom)
2019-11-19 00:12:35,386 [pool-87-thread-1] INFO  server.RaftServerConfigKeys (ConfUtils.java:logGet(43)) - raft.server.log.statemachine.data.sync = true (default)
2019-11-19 00:12:35,386 [pool-97-thread-1] INFO  server.RaftServerConfigKeys (ConfUtils.java:logGet(43)) - raft.server.log.force.sync.num = 128 (default)
2019-11-19 00:12:35,386 [pool-87-thread-1] INFO  server.RaftServerConfigKeys (ConfUtils.java:logGet(43)) - raft.server.log.statemachine.data.sync.timeout = 10s (default)
2019-11-19 00:12:35,387 [pool-97-thread-1] INFO  server.RaftServerConfigKeys (ConfUtils.java:logGet(43)) - raft.server.log.statemachine.data.sync = true (default)
2019-11-19 00:12:35,387 [pool-87-thread-1] INFO  server.RaftServerConfigKeys (ConfUtils.java:logGet(43)) - raft.server.log.statemachine.data.sync.timeout.retry = -1 (default)
2019-11-19 00:12:35,387 [pool-97-thread-1] INFO  server.RaftServerConfigKeys (ConfUtils.java:logGet(43)) - raft.server.log.statemachine.data.sync.timeout = 10s (default)
2019-11-19 00:12:35,387 [pool-87-thread-1] INFO  server.RaftServerConfigKeys (ConfUtils.java:logGet(43)) - raft.server.log.statemachine.data.caching.enabled = true (custom)
2019-11-19 00:12:35,387 [pool-97-thread-1] INFO  server.RaftServerConfigKeys (ConfUtils.java:logGet(43)) - raft.server.log.statemachine.data.sync.timeout.retry = -1 (default)
2019-11-19 00:12:35,387 [pool-87-thread-1] INFO  segmented.SegmentedRaftLogWorker (SegmentedRaftLogWorker.java:lambda$new$0(128)) - d1ad36f3-e0f7-4bd2-8d80-c82e74335b3b@group-04B856A0C6A3-SegmentedRaftLogWorker: flushIndex: setUnconditionally 0 -> -1
2019-11-19 00:12:35,387 [pool-97-thread-1] INFO  server.RaftServerConfigKeys (ConfUtils.java:logGet(43)) - raft.server.log.statemachine.data.caching.enabled = true (custom)
2019-11-19 00:12:35,387 [pool-87-thread-1] INFO  server.RaftServerConfigKeys (ConfUtils.java:logGet(43)) - raft.server.snapshot.auto.trigger.enabled = true (custom)
2019-11-19 00:12:35,388 [pool-87-thread-1] INFO  server.RaftServerConfigKeys (ConfUtils.java:logGet(43)) - raft.server.snapshot.auto.trigger.threshold = 10000 (custom)
2019-11-19 00:12:35,388 [pool-87-thread-1] INFO  server.RaftServerConfigKeys (ConfUtils.java:logGet(43)) - raft.server.snapshot.retention.file.num = 5 (custom)
2019-11-19 00:12:35,388 [pool-97-thread-1] INFO  segmented.SegmentedRaftLogWorker (SegmentedRaftLogWorker.java:lambda$new$0(128)) - 88d9a86c-91a8-4958-be80-19dc6d27632d@group-BE6BBFD87705-SegmentedRaftLogWorker: flushIndex: setUnconditionally 0 -> -1
2019-11-19 00:12:35,388 [pool-87-thread-1] INFO  server.RaftServerConfigKeys (ConfUtils.java:logGet(43)) - raft.server.retrycache.expirytime = 600000ms (custom)
2019-11-19 00:12:35,388 [pool-87-thread-1] WARN  impl.MetricRegistriesImpl (MetricRegistriesImpl.java:lambda$create$1(61)) - First MetricRegistry has been created without registering reporters. You may need to call MetricRegistries.global().addReportRegistration(...) before.
2019-11-19 00:12:35,388 [pool-97-thread-1] INFO  server.RaftServerConfigKeys (ConfUtils.java:logGet(43)) - raft.server.snapshot.auto.trigger.enabled = true (custom)
2019-11-19 00:12:35,388 [pool-87-thread-1] WARN  impl.MetricRegistriesImpl (MetricRegistriesImpl.java:lambda$create$1(61)) - First MetricRegistry has been created without registering reporters. You may need to call MetricRegistries.global().addReportRegistration(...) before.
2019-11-19 00:12:35,388 [pool-97-thread-1] INFO  server.RaftServerConfigKeys (ConfUtils.java:logGet(43)) - raft.server.snapshot.auto.trigger.threshold = 10000 (custom)
2019-11-19 00:12:35,388 [pool-87-thread-1] INFO  impl.RaftServerImpl (RaftServerImpl.java:start(184)) - d1ad36f3-e0f7-4bd2-8d80-c82e74335b3b@group-04B856A0C6A3: start as a follower, conf=-1: [4ef12a2f-5b98-4782-89eb-d41a56677dfd:192.168.157.213:37821, d1ad36f3-e0f7-4bd2-8d80-c82e74335b3b:192.168.157.213:43236, 88d9a86c-91a8-4958-be80-19dc6d27632d:192.168.157.213:42465], old=null
2019-11-19 00:12:35,388 [pool-97-thread-1] INFO  server.RaftServerConfigKeys (ConfUtils.java:logGet(43)) - raft.server.snapshot.retention.file.num = 5 (custom)
2019-11-19 00:12:35,389 [pool-87-thread-1] INFO  impl.RaftServerImpl (RaftServerImpl.java:setRole(173)) - d1ad36f3-e0f7-4bd2-8d80-c82e74335b3b@group-04B856A0C6A3: changes role from      null to FOLLOWER at term 0 for startAsFollower
2019-11-19 00:12:35,389 [pool-97-thread-1] INFO  server.RaftServerConfigKeys (ConfUtils.java:logGet(43)) - raft.server.retrycache.expirytime = 600000ms (custom)
2019-11-19 00:12:35,389 [pool-87-thread-1] INFO  impl.RoleInfo (RoleInfo.java:updateAndGet(143)) - d1ad36f3-e0f7-4bd2-8d80-c82e74335b3b: start FollowerState
2019-11-19 00:12:35,389 [pool-97-thread-1] WARN  impl.MetricRegistriesImpl (MetricRegistriesImpl.java:lambda$create$1(61)) - First MetricRegistry has been created without registering reporters. You may need to call MetricRegistries.global().addReportRegistration(...) before.
2019-11-19 00:12:35,389 [pool-97-thread-1] WARN  impl.MetricRegistriesImpl (MetricRegistriesImpl.java:lambda$create$1(61)) - First MetricRegistry has been created without registering reporters. You may need to call MetricRegistries.global().addReportRegistration(...) before.
2019-11-19 00:12:35,389 [pool-87-thread-1] INFO  util.JmxRegister (JmxRegister.java:tryRegister(44)) - Successfully registered JMX Bean with object name Ratis:service=RaftServer,group=group-04B856A0C6A3,id=d1ad36f3-e0f7-4bd2-8d80-c82e74335b3b
2019-11-19 00:12:35,389 [pool-87-thread-1] WARN  impl.MetricRegistriesImpl (MetricRegistriesImpl.java:lambda$create$1(61)) - First MetricRegistry has been created without registering reporters. You may need to call MetricRegistries.global().addReportRegistration(...) before.
2019-11-19 00:12:35,389 [pool-97-thread-1] INFO  impl.RaftServerImpl (RaftServerImpl.java:start(184)) - 88d9a86c-91a8-4958-be80-19dc6d27632d@group-BE6BBFD87705: start as a follower, conf=-1: [88d9a86c-91a8-4958-be80-19dc6d27632d:192.168.157.213:42465], old=null
2019-11-19 00:12:35,390 [pool-97-thread-1] INFO  impl.RaftServerImpl (RaftServerImpl.java:setRole(173)) - 88d9a86c-91a8-4958-be80-19dc6d27632d@group-BE6BBFD87705: changes role from      null to FOLLOWER at term 0 for startAsFollower
2019-11-19 00:12:35,390 [pool-97-thread-1] INFO  impl.RoleInfo (RoleInfo.java:updateAndGet(143)) - 88d9a86c-91a8-4958-be80-19dc6d27632d: start FollowerState
2019-11-19 00:12:35,390 [Command processor thread] INFO  commandhandler.CreatePipelineCommandHandler (CreatePipelineCommandHandler.java:handle(86)) - Create Pipeline RATIS THREE #id: "c5520a36-7de8-444b-8df9-04b856a0c6a3"
 command succeed on datanode d1ad36f3-e0f7-4bd2-8d80-c82e74335b3b.
2019-11-19 00:12:35,390 [pool-97-thread-1] INFO  util.JmxRegister (JmxRegister.java:tryRegister(44)) - Successfully registered JMX Bean with object name Ratis:service=RaftServer,group=group-BE6BBFD87705,id=88d9a86c-91a8-4958-be80-19dc6d27632d
2019-11-19 00:12:35,390 [pool-97-thread-1] WARN  impl.MetricRegistriesImpl (MetricRegistriesImpl.java:lambda$create$1(61)) - First MetricRegistry has been created without registering reporters. You may need to call MetricRegistries.global().addReportRegistration(...) before.
2019-11-19 00:12:35,391 [Command processor thread] INFO  commandhandler.CreatePipelineCommandHandler (CreatePipelineCommandHandler.java:handle(86)) - Create Pipeline RATIS ONE #id: "02002385-64b7-4994-a550-be6bbfd87705"
 command succeed on datanode 88d9a86c-91a8-4958-be80-19dc6d27632d.
2019-11-19 00:12:35,393 [EventQueue-PipelineReportForPipelineReportHandler] INFO  pipeline.PipelineReportHandler (PipelineReportHandler.java:processPipelineReport(113)) - Pipeline THREE PipelineID=c5520a36-7de8-444b-8df9-04b856a0c6a3 reported by d1ad36f3-e0f7-4bd2-8d80-c82e74335b3b{ip: 192.168.157.213, host: pr-hdds-2241-master-j9rj8-2432081592, networkLocation: /default-rack, certSerialId: null}
2019-11-19 00:12:35,394 [Command processor thread] INFO  impl.RaftServerProxy (RaftServerProxy.java:addNew(89)) - 88d9a86c-91a8-4958-be80-19dc6d27632d: addNew group-04B856A0C6A3:[4ef12a2f-5b98-4782-89eb-d41a56677dfd:192.168.157.213:37821, d1ad36f3-e0f7-4bd2-8d80-c82e74335b3b:192.168.157.213:43236, 88d9a86c-91a8-4958-be80-19dc6d27632d:192.168.157.213:42465] returns group-04B856A0C6A3:java.util.concurrent.CompletableFuture@4b11d58f[Not completed]
2019-11-19 00:12:35,394 [EventQueue-PipelineReportForPipelineReportHandler] INFO  pipeline.PipelineReportHandler (PipelineReportHandler.java:processPipelineReport(113)) - Pipeline ONE PipelineID=02002385-64b7-4994-a550-be6bbfd87705 reported by 88d9a86c-91a8-4958-be80-19dc6d27632d{ip: 192.168.157.213, host: pr-hdds-2241-master-j9rj8-2432081592, networkLocation: /default-rack, certSerialId: null}
2019-11-19 00:12:35,394 [EventQueue-PipelineReportForPipelineReportHandler] INFO  pipeline.PipelineStateManager (PipelineStateManager.java:openPipeline(132)) - Pipeline Pipeline[ Id: 02002385-64b7-4994-a550-be6bbfd87705, Nodes: 88d9a86c-91a8-4958-be80-19dc6d27632d{ip: 192.168.157.213, host: pr-hdds-2241-master-j9rj8-2432081592, networkLocation: /default-rack, certSerialId: null}, Type:RATIS, Factor:ONE, State:ALLOCATED] moved to OPEN state
2019-11-19 00:12:35,395 [EventQueue-OpenPipelineForHealthyPipelineSafeModeRule] INFO  safemode.SCMSafeModeManager (HealthyPipelineSafeModeRule.java:process(132)) - SCM in safe mode. Healthy pipelines reported count is 0, required healthy pipeline reported count is 1
2019-11-19 00:12:35,395 [EventQueue-OpenPipelineForOneReplicaPipelineSafeModeRule] INFO  safemode.SCMSafeModeManager (SCMSafeModeManager.java:validateSafeModeExitRules(176)) - AtleastOneDatanodeReportedRule rule is successfully validated
2019-11-19 00:12:35,395 [pool-97-thread-1] INFO  impl.RaftServerImpl (RaftServerImpl.java:<init>(98)) - 88d9a86c-91a8-4958-be80-19dc6d27632d: new RaftServerImpl for group-04B856A0C6A3:[4ef12a2f-5b98-4782-89eb-d41a56677dfd:192.168.157.213:37821, d1ad36f3-e0f7-4bd2-8d80-c82e74335b3b:192.168.157.213:43236, 88d9a86c-91a8-4958-be80-19dc6d27632d:192.168.157.213:42465] with ContainerStateMachine:uninitialized
2019-11-19 00:12:35,395 [pool-97-thread-1] INFO  server.RaftServerConfigKeys (ConfUtils.java:logGet(43)) - raft.server.rpc.timeout.min = 5s (custom)
2019-11-19 00:12:35,395 [pool-97-thread-1] INFO  server.RaftServerConfigKeys (ConfUtils.java:logGet(43)) - raft.server.rpc.timeout.max = 5200ms (custom)
2019-11-19 00:12:35,395 [pool-97-thread-1] INFO  server.RaftServerConfigKeys (ConfUtils.java:logGet(43)) - raft.server.rpcslowness.timeout = 120s (custom)
2019-11-19 00:12:35,395 [pool-97-thread-1] INFO  server.RaftServerConfigKeys (ConfUtils.java:logGet(43)) - raft.server.sleep.deviation.threshold = 300 (default)
2019-11-19 00:12:35,395 [pool-97-thread-1] INFO  server.RaftServerConfigKeys (ConfUtils.java:logGet(43)) - raft.server.log.appender.install.snapshot.enabled = false (custom)
2019-11-19 00:12:35,396 [pool-97-thread-1] INFO  impl.RaftServerImpl (ServerState.java:<init>(103)) - 88d9a86c-91a8-4958-be80-19dc6d27632d@group-04B856A0C6A3: ConfigurationManager, init=-1: [4ef12a2f-5b98-4782-89eb-d41a56677dfd:192.168.157.213:37821, d1ad36f3-e0f7-4bd2-8d80-c82e74335b3b:192.168.157.213:43236, 88d9a86c-91a8-4958-be80-19dc6d27632d:192.168.157.213:42465], old=null, confs=<EMPTY_MAP>
2019-11-19 00:12:35,396 [pool-97-thread-1] INFO  server.RaftServerConfigKeys (ConfUtils.java:logGet(43)) - raft.server.storage.dir = [/workdir/hadoop-ozone/integration-test/target/test-dir/MiniOzoneClusterImpl-44984baa-697f-41c4-9b49-b72e5718b1cd/datanode-7/data/ratis] (custom)
2019-11-19 00:12:35,396 [pool-97-thread-1] INFO  server.RaftServerConfigKeys (ConfUtils.java:logGet(43)) - raft.server.log.corruption.policy = EXCEPTION (default)
2019-11-19 00:12:35,396 [pool-97-thread-1] INFO  storage.RaftStorageDirectory (RaftStorageDirectory.java:analyzeStorage(246)) - The storage directory /workdir/hadoop-ozone/integration-test/target/test-dir/MiniOzoneClusterImpl-44984baa-697f-41c4-9b49-b72e5718b1cd/datanode-7/data/ratis/c5520a36-7de8-444b-8df9-04b856a0c6a3 does not exist. Creating ...
2019-11-19 00:12:35,400 [pool-57-thread-1] INFO  storage.RaftStorage (RaftStorage.java:format(84)) - Storage directory /workdir/hadoop-ozone/integration-test/target/test-dir/MiniOzoneClusterImpl-44984baa-697f-41c4-9b49-b72e5718b1cd/datanode-3/data/ratis/1a7d0b34-c700-43c0-9c00-0864f1baa98e has been successfully formatted.
2019-11-19 00:12:35,400 [pool-67-thread-1] INFO  storage.RaftStorage (RaftStorage.java:format(84)) - Storage directory /workdir/hadoop-ozone/integration-test/target/test-dir/MiniOzoneClusterImpl-44984baa-697f-41c4-9b49-b72e5718b1cd/datanode-4/data/ratis/1a7d0b34-c700-43c0-9c00-0864f1baa98e has been successfully formatted.
2019-11-19 00:12:35,400 [pool-77-thread-1] INFO  storage.RaftStorage (RaftStorage.java:format(84)) - Storage directory /workdir/hadoop-ozone/integration-test/target/test-dir/MiniOzoneClusterImpl-44984baa-697f-41c4-9b49-b72e5718b1cd/datanode-5/data/ratis/1a7d0b34-c700-43c0-9c00-0864f1baa98e has been successfully formatted.
2019-11-19 00:12:35,400 [pool-67-thread-1] INFO  ratis.ContainerStateMachine (ContainerStateMachine.java:loadSnapshot(223)) - group-0864F1BAA98E: The snapshot info is null. Setting the last applied indexto:(t:0, i:~)
2019-11-19 00:12:35,400 [pool-57-thread-1] INFO  ratis.ContainerStateMachine (ContainerStateMachine.java:loadSnapshot(223)) - group-0864F1BAA98E: The snapshot info is null. Setting the last applied indexto:(t:0, i:~)
2019-11-19 00:12:35,401 [pool-67-thread-1] INFO  server.RaftServerConfigKeys (ConfUtils.java:logGet(43)) - raft.server.notification.no-leader.timeout = 120s (custom)
2019-11-19 00:12:35,401 [pool-77-thread-1] INFO  ratis.ContainerStateMachine (ContainerStateMachine.java:loadSnapshot(223)) - group-0864F1BAA98E: The snapshot info is null. Setting the last applied indexto:(t:0, i:~)
2019-11-19 00:12:35,401 [pool-67-thread-1] INFO  server.RaftServerConfigKeys (ConfUtils.java:logGet(43)) - raft.server.log.use.memory = false (default)
2019-11-19 00:12:35,401 [pool-57-thread-1] INFO  server.RaftServerConfigKeys (ConfUtils.java:logGet(43)) - raft.server.notification.no-leader.timeout = 120s (custom)
2019-11-19 00:12:35,401 [pool-67-thread-1] INFO  server.RaftServerConfigKeys (ConfUtils.java:logGet(43)) - raft.server.log.purge.gap = 1000000 (custom)
2019-11-19 00:12:35,401 [pool-77-thread-1] INFO  server.RaftServerConfigKeys (ConfUtils.java:logGet(43)) - raft.server.notification.no-leader.timeout = 120s (custom)
2019-11-19 00:12:35,401 [pool-67-thread-1] INFO  server.RaftServerConfigKeys (ConfUtils.java:logGet(43)) - raft.server.log.appender.buffer.byte-limit = 33554432 (custom)
2019-11-19 00:12:35,401 [pool-57-thread-1] INFO  server.RaftServerConfigKeys (ConfUtils.java:logGet(43)) - raft.server.log.use.memory = false (default)
2019-11-19 00:12:35,401 [pool-67-thread-1] INFO  server.RaftServerConfigKeys (ConfUtils.java:logGet(43)) - raft.server.log.segment.size.max = 1048576 (custom)
2019-11-19 00:12:35,401 [pool-77-thread-1] INFO  server.RaftServerConfigKeys (ConfUtils.java:logGet(43)) - raft.server.log.use.memory = false (default)
2019-11-19 00:12:35,402 [pool-67-thread-1] INFO  server.RaftServerConfigKeys (ConfUtils.java:logGet(43)) - raft.server.log.segment.cache.num.max = 2 (custom)
2019-11-19 00:12:35,402 [pool-57-thread-1] INFO  server.RaftServerConfigKeys (ConfUtils.java:logGet(43)) - raft.server.log.purge.gap = 1000000 (custom)
2019-11-19 00:12:35,402 [pool-67-thread-1] INFO  segmented.SegmentedRaftLogWorker (SegmentedRaftLogWorker.java:<init>(173)) - new 384d2f4f-0571-4804-9846-a20995c60033@group-0864F1BAA98E-SegmentedRaftLogWorker for RaftStorage:Storage Directory /workdir/hadoop-ozone/integration-test/target/test-dir/MiniOzoneClusterImpl-44984baa-697f-41c4-9b49-b72e5718b1cd/datanode-4/data/ratis/1a7d0b34-c700-43c0-9c00-0864f1baa98e
2019-11-19 00:12:35,402 [pool-77-thread-1] INFO  server.RaftServerConfigKeys (ConfUtils.java:logGet(43)) - raft.server.log.purge.gap = 1000000 (custom)
2019-11-19 00:12:35,402 [pool-67-thread-1] INFO  server.RaftServerConfigKeys (ConfUtils.java:logGet(43)) - raft.server.log.queue.byte-limit = 2147483647 (custom)
2019-11-19 00:12:35,402 [pool-57-thread-1] INFO  server.RaftServerConfigKeys (ConfUtils.java:logGet(43)) - raft.server.log.appender.buffer.byte-limit = 33554432 (custom)
2019-11-19 00:12:35,402 [pool-67-thread-1] INFO  server.RaftServerConfigKeys (ConfUtils.java:logGet(43)) - raft.server.log.queue.element-limit = 1024 (custom)
2019-11-19 00:12:35,402 [pool-77-thread-1] INFO  server.RaftServerConfigKeys (ConfUtils.java:logGet(43)) - raft.server.log.appender.buffer.byte-limit = 33554432 (custom)
2019-11-19 00:12:35,403 [pool-67-thread-1] INFO  server.RaftServerConfigKeys (ConfUtils.java:logGet(43)) - raft.server.log.segment.size.max = 1048576 (custom)
2019-11-19 00:12:35,402 [pool-57-thread-1] INFO  server.RaftServerConfigKeys (ConfUtils.java:logGet(43)) - raft.server.log.segment.size.max = 1048576 (custom)
2019-11-19 00:12:35,403 [pool-67-thread-1] INFO  server.RaftServerConfigKeys (ConfUtils.java:logGet(43)) - raft.server.log.preallocated.size = 16384 (custom)
2019-11-19 00:12:35,403 [pool-77-thread-1] INFO  server.RaftServerConfigKeys (ConfUtils.java:logGet(43)) - raft.server.log.segment.size.max = 1048576 (custom)
2019-11-19 00:12:35,403 [pool-67-thread-1] INFO  server.RaftServerConfigKeys (ConfUtils.java:logGet(43)) - raft.server.log.write.buffer.size = 33554432 (custom)
2019-11-19 00:12:35,403 [pool-57-thread-1] INFO  server.RaftServerConfigKeys (ConfUtils.java:logGet(43)) - raft.server.log.segment.cache.num.max = 2 (custom)
2019-11-19 00:12:35,403 [pool-67-thread-1] INFO  server.RaftServerConfigKeys (ConfUtils.java:logGet(43)) - raft.server.log.force.sync.num = 128 (default)
2019-11-19 00:12:35,403 [pool-77-thread-1] INFO  server.RaftServerConfigKeys (ConfUtils.java:logGet(43)) - raft.server.log.segment.cache.num.max = 2 (custom)
2019-11-19 00:12:35,403 [pool-67-thread-1] INFO  server.RaftServerConfigKeys (ConfUtils.java:logGet(43)) - raft.server.log.statemachine.data.sync = true (default)
2019-11-19 00:12:35,403 [pool-57-thread-1] INFO  segmented.SegmentedRaftLogWorker (SegmentedRaftLogWorker.java:<init>(173)) - new 766ea7d6-3a2a-43e6-adde-0551acbf0307@group-0864F1BAA98E-SegmentedRaftLogWorker for RaftStorage:Storage Directory /workdir/hadoop-ozone/integration-test/target/test-dir/MiniOzoneClusterImpl-44984baa-697f-41c4-9b49-b72e5718b1cd/datanode-3/data/ratis/1a7d0b34-c700-43c0-9c00-0864f1baa98e
2019-11-19 00:12:35,404 [pool-67-thread-1] INFO  server.RaftServerConfigKeys (ConfUtils.java:logGet(43)) - raft.server.log.statemachine.data.sync.timeout = 10s (default)
2019-11-19 00:12:35,404 [pool-77-thread-1] INFO  segmented.SegmentedRaftLogWorker (SegmentedRaftLogWorker.java:<init>(173)) - new 6ab0ccde-a1c3-4dcb-8bf2-e9547ffb2a27@group-0864F1BAA98E-SegmentedRaftLogWorker for RaftStorage:Storage Directory /workdir/hadoop-ozone/integration-test/target/test-dir/MiniOzoneClusterImpl-44984baa-697f-41c4-9b49-b72e5718b1cd/datanode-5/data/ratis/1a7d0b34-c700-43c0-9c00-0864f1baa98e
2019-11-19 00:12:35,404 [pool-67-thread-1] INFO  server.RaftServerConfigKeys (ConfUtils.java:logGet(43)) - raft.server.log.statemachine.data.sync.timeout.retry = -1 (default)
2019-11-19 00:12:35,404 [pool-57-thread-1] INFO  server.RaftServerConfigKeys (ConfUtils.java:logGet(43)) - raft.server.log.queue.byte-limit = 2147483647 (custom)
2019-11-19 00:12:35,404 [pool-67-thread-1] INFO  server.RaftServerConfigKeys (ConfUtils.java:logGet(43)) - raft.server.log.statemachine.data.caching.enabled = true (custom)
2019-11-19 00:12:35,404 [pool-77-thread-1] INFO  server.RaftServerConfigKeys (ConfUtils.java:logGet(43)) - raft.server.log.queue.byte-limit = 2147483647 (custom)
2019-11-19 00:12:35,404 [pool-57-thread-1] INFO  server.RaftServerConfigKeys (ConfUtils.java:logGet(43)) - raft.server.log.queue.element-limit = 1024 (custom)
2019-11-19 00:12:35,404 [pool-77-thread-1] INFO  server.RaftServerConfigKeys (ConfUtils.java:logGet(43)) - raft.server.log.queue.element-limit = 1024 (custom)
2019-11-19 00:12:35,404 [pool-67-thread-1] INFO  segmented.SegmentedRaftLogWorker (SegmentedRaftLogWorker.java:lambda$new$0(128)) - 384d2f4f-0571-4804-9846-a20995c60033@group-0864F1BAA98E-SegmentedRaftLogWorker: flushIndex: setUnconditionally 0 -> -1
2019-11-19 00:12:35,405 [pool-77-thread-1] INFO  server.RaftServerConfigKeys (ConfUtils.java:logGet(43)) - raft.server.log.segment.size.max = 1048576 (custom)
2019-11-19 00:12:35,404 [pool-57-thread-1] INFO  server.RaftServerConfigKeys (ConfUtils.java:logGet(43)) - raft.server.log.segment.size.max = 1048576 (custom)
2019-11-19 00:12:35,405 [pool-77-thread-1] INFO  server.RaftServerConfigKeys (ConfUtils.java:logGet(43)) - raft.server.log.preallocated.size = 16384 (custom)
2019-11-19 00:12:35,405 [pool-67-thread-1] INFO  server.RaftServerConfigKeys (ConfUtils.java:logGet(43)) - raft.server.snapshot.auto.trigger.enabled = true (custom)
2019-11-19 00:12:35,405 [pool-77-thread-1] INFO  server.RaftServerConfigKeys (ConfUtils.java:logGet(43)) - raft.server.log.write.buffer.size = 33554432 (custom)
2019-11-19 00:12:35,405 [pool-57-thread-1] INFO  server.RaftServerConfigKeys (ConfUtils.java:logGet(43)) - raft.server.log.preallocated.size = 16384 (custom)
2019-11-19 00:12:35,405 [pool-77-thread-1] INFO  server.RaftServerConfigKeys (ConfUtils.java:logGet(43)) - raft.server.log.force.sync.num = 128 (default)
2019-11-19 00:12:35,405 [pool-67-thread-1] INFO  server.RaftServerConfigKeys (ConfUtils.java:logGet(43)) - raft.server.snapshot.auto.trigger.threshold = 10000 (custom)
2019-11-19 00:12:35,406 [pool-77-thread-1] INFO  server.RaftServerConfigKeys (ConfUtils.java:logGet(43)) - raft.server.log.statemachine.data.sync = true (default)
2019-11-19 00:12:35,405 [pool-57-thread-1] INFO  server.RaftServerConfigKeys (ConfUtils.java:logGet(43)) - raft.server.log.write.buffer.size = 33554432 (custom)
2019-11-19 00:12:35,406 [pool-77-thread-1] INFO  server.RaftServerConfigKeys (ConfUtils.java:logGet(43)) - raft.server.log.statemachine.data.sync.timeout = 10s (default)
2019-11-19 00:12:35,406 [pool-67-thread-1] INFO  server.RaftServerConfigKeys (ConfUtils.java:logGet(43)) - raft.server.snapshot.retention.file.num = 5 (custom)
2019-11-19 00:12:35,406 [pool-77-thread-1] INFO  server.RaftServerConfigKeys (ConfUtils.java:logGet(43)) - raft.server.log.statemachine.data.sync.timeout.retry = -1 (default)
2019-11-19 00:12:35,406 [pool-57-thread-1] INFO  server.RaftServerConfigKeys (ConfUtils.java:logGet(43)) - raft.server.log.force.sync.num = 128 (default)
2019-11-19 00:12:35,406 [pool-77-thread-1] INFO  server.RaftServerConfigKeys (ConfUtils.java:logGet(43)) - raft.server.log.statemachine.data.caching.enabled = true (custom)
2019-11-19 00:12:35,406 [pool-67-thread-1] INFO  server.RaftServerConfigKeys (ConfUtils.java:logGet(43)) - raft.server.retrycache.expirytime = 600000ms (custom)
2019-11-19 00:12:35,406 [pool-57-thread-1] INFO  server.RaftServerConfigKeys (ConfUtils.java:logGet(43)) - raft.server.log.statemachine.data.sync = true (default)
2019-11-19 00:12:35,407 [pool-67-thread-1] WARN  impl.MetricRegistriesImpl (MetricRegistriesImpl.java:lambda$create$1(61)) - First MetricRegistry has been created without registering reporters. You may need to call MetricRegistries.global().addReportRegistration(...) before.
2019-11-19 00:12:35,407 [pool-77-thread-1] INFO  segmented.SegmentedRaftLogWorker (SegmentedRaftLogWorker.java:lambda$new$0(128)) - 6ab0ccde-a1c3-4dcb-8bf2-e9547ffb2a27@group-0864F1BAA98E-SegmentedRaftLogWorker: flushIndex: setUnconditionally 0 -> -1
2019-11-19 00:12:35,407 [pool-57-thread-1] INFO  server.RaftServerConfigKeys (ConfUtils.java:logGet(43)) - raft.server.log.statemachine.data.sync.timeout = 10s (default)
2019-11-19 00:12:35,407 [pool-67-thread-1] WARN  impl.MetricRegistriesImpl (MetricRegistriesImpl.java:lambda$create$1(61)) - First MetricRegistry has been created without registering reporters. You may need to call MetricRegistries.global().addReportRegistration(...) before.
2019-11-19 00:12:35,407 [pool-57-thread-1] INFO  server.RaftServerConfigKeys (ConfUtils.java:logGet(43)) - raft.server.log.statemachine.data.sync.timeout.retry = -1 (default)
2019-11-19 00:12:35,407 [pool-67-thread-1] INFO  impl.RaftServerImpl (RaftServerImpl.java:start(184)) - 384d2f4f-0571-4804-9846-a20995c60033@group-0864F1BAA98E: start as a follower, conf=-1: [6ab0ccde-a1c3-4dcb-8bf2-e9547ffb2a27:192.168.157.213:34614, 384d2f4f-0571-4804-9846-a20995c60033:192.168.157.213:36640, 766ea7d6-3a2a-43e6-adde-0551acbf0307:192.168.157.213:35450], old=null
2019-11-19 00:12:35,407 [pool-77-thread-1] INFO  server.RaftServerConfigKeys (ConfUtils.java:logGet(43)) - raft.server.snapshot.auto.trigger.enabled = true (custom)
2019-11-19 00:12:35,407 [pool-67-thread-1] INFO  impl.RaftServerImpl (RaftServerImpl.java:setRole(173)) - 384d2f4f-0571-4804-9846-a20995c60033@group-0864F1BAA98E: changes role from      null to FOLLOWER at term 0 for startAsFollower
2019-11-19 00:12:35,407 [pool-57-thread-1] INFO  server.RaftServerConfigKeys (ConfUtils.java:logGet(43)) - raft.server.log.statemachine.data.caching.enabled = true (custom)
2019-11-19 00:12:35,408 [pool-67-thread-1] INFO  impl.RoleInfo (RoleInfo.java:updateAndGet(143)) - 384d2f4f-0571-4804-9846-a20995c60033: start FollowerState
2019-11-19 00:12:35,407 [pool-77-thread-1] INFO  server.RaftServerConfigKeys (ConfUtils.java:logGet(43)) - raft.server.snapshot.auto.trigger.threshold = 10000 (custom)
2019-11-19 00:12:35,408 [pool-77-thread-1] INFO  server.RaftServerConfigKeys (ConfUtils.java:logGet(43)) - raft.server.snapshot.retention.file.num = 5 (custom)
2019-11-19 00:12:35,408 [pool-67-thread-1] INFO  util.JmxRegister (JmxRegister.java:tryRegister(44)) - Successfully registered JMX Bean with object name Ratis:service=RaftServer,group=group-0864F1BAA98E,id=384d2f4f-0571-4804-9846-a20995c60033
2019-11-19 00:12:35,408 [pool-77-thread-1] INFO  server.RaftServerConfigKeys (ConfUtils.java:logGet(43)) - raft.server.retrycache.expirytime = 600000ms (custom)
2019-11-19 00:12:35,408 [pool-67-thread-1] WARN  impl.MetricRegistriesImpl (MetricRegistriesImpl.java:lambda$create$1(61)) - First MetricRegistry has been created without registering reporters. You may need to call MetricRegistries.global().addReportRegistration(...) before.
2019-11-19 00:12:35,408 [pool-77-thread-1] WARN  impl.MetricRegistriesImpl (MetricRegistriesImpl.java:lambda$create$1(61)) - First MetricRegistry has been created without registering reporters. You may need to call MetricRegistries.global().addReportRegistration(...) before.
2019-11-19 00:12:35,409 [pool-77-thread-1] WARN  impl.MetricRegistriesImpl (MetricRegistriesImpl.java:lambda$create$1(61)) - First MetricRegistry has been created without registering reporters. You may need to call MetricRegistries.global().addReportRegistration(...) before.
2019-11-19 00:12:35,409 [Command processor thread] INFO  commandhandler.CreatePipelineCommandHandler (CreatePipelineCommandHandler.java:handle(86)) - Create Pipeline RATIS THREE #id: "1a7d0b34-c700-43c0-9c00-0864f1baa98e"
 command succeed on datanode 384d2f4f-0571-4804-9846-a20995c60033.
2019-11-19 00:12:35,409 [pool-77-thread-1] INFO  impl.RaftServerImpl (RaftServerImpl.java:start(184)) - 6ab0ccde-a1c3-4dcb-8bf2-e9547ffb2a27@group-0864F1BAA98E: start as a follower, conf=-1: [6ab0ccde-a1c3-4dcb-8bf2-e9547ffb2a27:192.168.157.213:34614, 384d2f4f-0571-4804-9846-a20995c60033:192.168.157.213:36640, 766ea7d6-3a2a-43e6-adde-0551acbf0307:192.168.157.213:35450], old=null
2019-11-19 00:12:35,409 [pool-57-thread-1] INFO  segmented.SegmentedRaftLogWorker (SegmentedRaftLogWorker.java:lambda$new$0(128)) - 766ea7d6-3a2a-43e6-adde-0551acbf0307@group-0864F1BAA98E-SegmentedRaftLogWorker: flushIndex: setUnconditionally 0 -> -1
2019-11-19 00:12:35,409 [pool-77-thread-1] INFO  impl.RaftServerImpl (RaftServerImpl.java:setRole(173)) - 6ab0ccde-a1c3-4dcb-8bf2-e9547ffb2a27@group-0864F1BAA98E: changes role from      null to FOLLOWER at term 0 for startAsFollower
2019-11-19 00:12:35,409 [pool-57-thread-1] INFO  server.RaftServerConfigKeys (ConfUtils.java:logGet(43)) - raft.server.snapshot.auto.trigger.enabled = true (custom)
2019-11-19 00:12:35,409 [pool-77-thread-1] INFO  impl.RoleInfo (RoleInfo.java:updateAndGet(143)) - 6ab0ccde-a1c3-4dcb-8bf2-e9547ffb2a27: start FollowerState
2019-11-19 00:12:35,409 [pool-57-thread-1] INFO  server.RaftServerConfigKeys (ConfUtils.java:logGet(43)) - raft.server.snapshot.auto.trigger.threshold = 10000 (custom)
2019-11-19 00:12:35,410 [pool-57-thread-1] INFO  server.RaftServerConfigKeys (ConfUtils.java:logGet(43)) - raft.server.snapshot.retention.file.num = 5 (custom)
2019-11-19 00:12:35,410 [pool-57-thread-1] INFO  server.RaftServerConfigKeys (ConfUtils.java:logGet(43)) - raft.server.retrycache.expirytime = 600000ms (custom)
2019-11-19 00:12:35,410 [pool-57-thread-1] WARN  impl.MetricRegistriesImpl (MetricRegistriesImpl.java:lambda$create$1(61)) - First MetricRegistry has been created without registering reporters. You may need to call MetricRegistries.global().addReportRegistration(...) before.
2019-11-19 00:12:35,410 [pool-77-thread-1] INFO  util.JmxRegister (JmxRegister.java:tryRegister(44)) - Successfully registered JMX Bean with object name Ratis:service=RaftServer,group=group-0864F1BAA98E,id=6ab0ccde-a1c3-4dcb-8bf2-e9547ffb2a27
2019-11-19 00:12:35,410 [EventQueue-PipelineReportForPipelineReportHandler] INFO  pipeline.PipelineReportHandler (PipelineReportHandler.java:processPipelineReport(113)) - Pipeline THREE PipelineID=1a7d0b34-c700-43c0-9c00-0864f1baa98e reported by 384d2f4f-0571-4804-9846-a20995c60033{ip: 192.168.157.213, host: pr-hdds-2241-master-j9rj8-2432081592, networkLocation: /default-rack, certSerialId: null}
2019-11-19 00:12:35,410 [pool-57-thread-1] WARN  impl.MetricRegistriesImpl (MetricRegistriesImpl.java:lambda$create$1(61)) - First MetricRegistry has been created without registering reporters. You may need to call MetricRegistries.global().addReportRegistration(...) before.
2019-11-19 00:12:35,410 [pool-77-thread-1] WARN  impl.MetricRegistriesImpl (MetricRegistriesImpl.java:lambda$create$1(61)) - First MetricRegistry has been created without registering reporters. You may need to call MetricRegistries.global().addReportRegistration(...) before.
2019-11-19 00:12:35,411 [pool-57-thread-1] INFO  impl.RaftServerImpl (RaftServerImpl.java:start(184)) - 766ea7d6-3a2a-43e6-adde-0551acbf0307@group-0864F1BAA98E: start as a follower, conf=-1: [6ab0ccde-a1c3-4dcb-8bf2-e9547ffb2a27:192.168.157.213:34614, 384d2f4f-0571-4804-9846-a20995c60033:192.168.157.213:36640, 766ea7d6-3a2a-43e6-adde-0551acbf0307:192.168.157.213:35450], old=null
2019-11-19 00:12:35,411 [pool-57-thread-1] INFO  impl.RaftServerImpl (RaftServerImpl.java:setRole(173)) - 766ea7d6-3a2a-43e6-adde-0551acbf0307@group-0864F1BAA98E: changes role from      null to FOLLOWER at term 0 for startAsFollower
2019-11-19 00:12:35,411 [pool-57-thread-1] INFO  impl.RoleInfo (RoleInfo.java:updateAndGet(143)) - 766ea7d6-3a2a-43e6-adde-0551acbf0307: start FollowerState
2019-11-19 00:12:35,411 [Command processor thread] INFO  commandhandler.CreatePipelineCommandHandler (CreatePipelineCommandHandler.java:handle(86)) - Create Pipeline RATIS THREE #id: "1a7d0b34-c700-43c0-9c00-0864f1baa98e"
 command succeed on datanode 6ab0ccde-a1c3-4dcb-8bf2-e9547ffb2a27.
2019-11-19 00:12:35,411 [pool-57-thread-1] INFO  util.JmxRegister (JmxRegister.java:tryRegister(44)) - Successfully registered JMX Bean with object name Ratis:service=RaftServer,group=group-0864F1BAA98E,id=766ea7d6-3a2a-43e6-adde-0551acbf0307
2019-11-19 00:12:35,411 [pool-57-thread-1] WARN  impl.MetricRegistriesImpl (MetricRegistriesImpl.java:lambda$create$1(61)) - First MetricRegistry has been created without registering reporters. You may need to call MetricRegistries.global().addReportRegistration(...) before.
2019-11-19 00:12:35,412 [Command processor thread] INFO  commandhandler.CreatePipelineCommandHandler (CreatePipelineCommandHandler.java:handle(86)) - Create Pipeline RATIS THREE #id: "1a7d0b34-c700-43c0-9c00-0864f1baa98e"
 command succeed on datanode 766ea7d6-3a2a-43e6-adde-0551acbf0307.
2019-11-19 00:12:35,412 [EventQueue-PipelineReportForPipelineReportHandler] INFO  pipeline.PipelineReportHandler (PipelineReportHandler.java:processPipelineReport(113)) - Pipeline THREE PipelineID=1a7d0b34-c700-43c0-9c00-0864f1baa98e reported by 6ab0ccde-a1c3-4dcb-8bf2-e9547ffb2a27{ip: 192.168.157.213, host: pr-hdds-2241-master-j9rj8-2432081592, networkLocation: /default-rack, certSerialId: null}
2019-11-19 00:12:35,414 [Command processor thread] INFO  impl.RaftServerProxy (RaftServerProxy.java:addNew(89)) - 4ef12a2f-5b98-4782-89eb-d41a56677dfd: addNew group-D69A33A9F5AD:[4ef12a2f-5b98-4782-89eb-d41a56677dfd:192.168.157.213:37821] returns group-D69A33A9F5AD:java.util.concurrent.CompletableFuture@4fffe4d5[Not completed]
2019-11-19 00:12:35,415 [EventQueue-PipelineReportForPipelineReportHandler] INFO  pipeline.PipelineReportHandler (PipelineReportHandler.java:processPipelineReport(113)) - Pipeline THREE PipelineID=1a7d0b34-c700-43c0-9c00-0864f1baa98e reported by 766ea7d6-3a2a-43e6-adde-0551acbf0307{ip: 192.168.157.213, host: pr-hdds-2241-master-j9rj8-2432081592, networkLocation: /default-rack, certSerialId: null}
2019-11-19 00:12:35,417 [pool-97-thread-1] INFO  storage.RaftStorageDirectory (RaftStorageDirectory.java:tryLock(328)) - Lock on /workdir/hadoop-ozone/integration-test/target/test-dir/MiniOzoneClusterImpl-44984baa-697f-41c4-9b49-b72e5718b1cd/datanode-7/data/ratis/c5520a36-7de8-444b-8df9-04b856a0c6a3/in_use.lock acquired by nodename 9276@pr-hdds-2241-master-j9rj8-2432081592
2019-11-19 00:12:35,419 [pool-107-thread-1] INFO  impl.RaftServerImpl (RaftServerImpl.java:<init>(98)) - 4ef12a2f-5b98-4782-89eb-d41a56677dfd: new RaftServerImpl for group-D69A33A9F5AD:[4ef12a2f-5b98-4782-89eb-d41a56677dfd:192.168.157.213:37821] with ContainerStateMachine:uninitialized
2019-11-19 00:12:35,419 [pool-107-thread-1] INFO  server.RaftServerConfigKeys (ConfUtils.java:logGet(43)) - raft.server.rpc.timeout.min = 5s (custom)
2019-11-19 00:12:35,419 [pool-107-thread-1] INFO  server.RaftServerConfigKeys (ConfUtils.java:logGet(43)) - raft.server.rpc.timeout.max = 5200ms (custom)
2019-11-19 00:12:35,419 [pool-107-thread-1] INFO  server.RaftServerConfigKeys (ConfUtils.java:logGet(43)) - raft.server.rpcslowness.timeout = 120s (custom)
2019-11-19 00:12:35,420 [pool-107-thread-1] INFO  server.RaftServerConfigKeys (ConfUtils.java:logGet(43)) - raft.server.sleep.deviation.threshold = 300 (default)
2019-11-19 00:12:35,420 [pool-107-thread-1] INFO  server.RaftServerConfigKeys (ConfUtils.java:logGet(43)) - raft.server.log.appender.install.snapshot.enabled = false (custom)
2019-11-19 00:12:35,420 [pool-107-thread-1] INFO  impl.RaftServerImpl (ServerState.java:<init>(103)) - 4ef12a2f-5b98-4782-89eb-d41a56677dfd@group-D69A33A9F5AD: ConfigurationManager, init=-1: [4ef12a2f-5b98-4782-89eb-d41a56677dfd:192.168.157.213:37821], old=null, confs=<EMPTY_MAP>
2019-11-19 00:12:35,420 [pool-107-thread-1] INFO  server.RaftServerConfigKeys (ConfUtils.java:logGet(43)) - raft.server.storage.dir = [/workdir/hadoop-ozone/integration-test/target/test-dir/MiniOzoneClusterImpl-44984baa-697f-41c4-9b49-b72e5718b1cd/datanode-8/data/ratis] (custom)
2019-11-19 00:12:35,420 [pool-107-thread-1] INFO  server.RaftServerConfigKeys (ConfUtils.java:logGet(43)) - raft.server.log.corruption.policy = EXCEPTION (default)
2019-11-19 00:12:35,420 [pool-107-thread-1] INFO  storage.RaftStorageDirectory (RaftStorageDirectory.java:analyzeStorage(246)) - The storage directory /workdir/hadoop-ozone/integration-test/target/test-dir/MiniOzoneClusterImpl-44984baa-697f-41c4-9b49-b72e5718b1cd/datanode-8/data/ratis/41c812aa-aaac-4bf1-af77-d69a33a9f5ad does not exist. Creating ...
2019-11-19 00:12:35,443 [pool-107-thread-1] INFO  storage.RaftStorageDirectory (RaftStorageDirectory.java:tryLock(328)) - Lock on /workdir/hadoop-ozone/integration-test/target/test-dir/MiniOzoneClusterImpl-44984baa-697f-41c4-9b49-b72e5718b1cd/datanode-8/data/ratis/41c812aa-aaac-4bf1-af77-d69a33a9f5ad/in_use.lock acquired by nodename 9276@pr-hdds-2241-master-j9rj8-2432081592
2019-11-19 00:12:35,443 [pool-97-thread-1] INFO  storage.RaftStorage (RaftStorage.java:format(84)) - Storage directory /workdir/hadoop-ozone/integration-test/target/test-dir/MiniOzoneClusterImpl-44984baa-697f-41c4-9b49-b72e5718b1cd/datanode-7/data/ratis/c5520a36-7de8-444b-8df9-04b856a0c6a3 has been successfully formatted.
2019-11-19 00:12:35,443 [pool-97-thread-1] INFO  ratis.ContainerStateMachine (ContainerStateMachine.java:loadSnapshot(223)) - group-04B856A0C6A3: The snapshot info is null. Setting the last applied indexto:(t:0, i:~)
2019-11-19 00:12:35,443 [pool-97-thread-1] INFO  server.RaftServerConfigKeys (ConfUtils.java:logGet(43)) - raft.server.notification.no-leader.timeout = 120s (custom)
2019-11-19 00:12:35,443 [pool-97-thread-1] INFO  server.RaftServerConfigKeys (ConfUtils.java:logGet(43)) - raft.server.log.use.memory = false (default)
2019-11-19 00:12:35,444 [pool-97-thread-1] INFO  server.RaftServerConfigKeys (ConfUtils.java:logGet(43)) - raft.server.log.purge.gap = 1000000 (custom)
2019-11-19 00:12:35,444 [pool-97-thread-1] INFO  server.RaftServerConfigKeys (ConfUtils.java:logGet(43)) - raft.server.log.appender.buffer.byte-limit = 33554432 (custom)
2019-11-19 00:12:35,444 [pool-97-thread-1] INFO  server.RaftServerConfigKeys (ConfUtils.java:logGet(43)) - raft.server.log.segment.size.max = 1048576 (custom)
2019-11-19 00:12:35,444 [pool-97-thread-1] INFO  server.RaftServerConfigKeys (ConfUtils.java:logGet(43)) - raft.server.log.segment.cache.num.max = 2 (custom)
2019-11-19 00:12:35,444 [pool-97-thread-1] INFO  segmented.SegmentedRaftLogWorker (SegmentedRaftLogWorker.java:<init>(173)) - new 88d9a86c-91a8-4958-be80-19dc6d27632d@group-04B856A0C6A3-SegmentedRaftLogWorker for RaftStorage:Storage Directory /workdir/hadoop-ozone/integration-test/target/test-dir/MiniOzoneClusterImpl-44984baa-697f-41c4-9b49-b72e5718b1cd/datanode-7/data/ratis/c5520a36-7de8-444b-8df9-04b856a0c6a3
2019-11-19 00:12:35,444 [pool-97-thread-1] INFO  server.RaftServerConfigKeys (ConfUtils.java:logGet(43)) - raft.server.log.queue.byte-limit = 2147483647 (custom)
2019-11-19 00:12:35,444 [pool-97-thread-1] INFO  server.RaftServerConfigKeys (ConfUtils.java:logGet(43)) - raft.server.log.queue.element-limit = 1024 (custom)
2019-11-19 00:12:35,445 [pool-97-thread-1] INFO  server.RaftServerConfigKeys (ConfUtils.java:logGet(43)) - raft.server.log.segment.size.max = 1048576 (custom)
2019-11-19 00:12:35,445 [pool-97-thread-1] INFO  server.RaftServerConfigKeys (ConfUtils.java:logGet(43)) - raft.server.log.preallocated.size = 16384 (custom)
2019-11-19 00:12:35,445 [pool-97-thread-1] INFO  server.RaftServerConfigKeys (ConfUtils.java:logGet(43)) - raft.server.log.write.buffer.size = 33554432 (custom)
2019-11-19 00:12:35,445 [pool-97-thread-1] INFO  server.RaftServerConfigKeys (ConfUtils.java:logGet(43)) - raft.server.log.force.sync.num = 128 (default)
2019-11-19 00:12:35,445 [pool-97-thread-1] INFO  server.RaftServerConfigKeys (ConfUtils.java:logGet(43)) - raft.server.log.statemachine.data.sync = true (default)
2019-11-19 00:12:35,445 [pool-97-thread-1] INFO  server.RaftServerConfigKeys (ConfUtils.java:logGet(43)) - raft.server.log.statemachine.data.sync.timeout = 10s (default)
2019-11-19 00:12:35,445 [pool-97-thread-1] INFO  server.RaftServerConfigKeys (ConfUtils.java:logGet(43)) - raft.server.log.statemachine.data.sync.timeout.retry = -1 (default)
2019-11-19 00:12:35,446 [pool-97-thread-1] INFO  server.RaftServerConfigKeys (ConfUtils.java:logGet(43)) - raft.server.log.statemachine.data.caching.enabled = true (custom)
2019-11-19 00:12:35,446 [pool-97-thread-1] INFO  segmented.SegmentedRaftLogWorker (SegmentedRaftLogWorker.java:lambda$new$0(128)) - 88d9a86c-91a8-4958-be80-19dc6d27632d@group-04B856A0C6A3-SegmentedRaftLogWorker: flushIndex: setUnconditionally 0 -> -1
2019-11-19 00:12:35,446 [pool-97-thread-1] INFO  server.RaftServerConfigKeys (ConfUtils.java:logGet(43)) - raft.server.snapshot.auto.trigger.enabled = true (custom)
2019-11-19 00:12:35,446 [pool-97-thread-1] INFO  server.RaftServerConfigKeys (ConfUtils.java:logGet(43)) - raft.server.snapshot.auto.trigger.threshold = 10000 (custom)
2019-11-19 00:12:35,446 [pool-97-thread-1] INFO  server.RaftServerConfigKeys (ConfUtils.java:logGet(43)) - raft.server.snapshot.retention.file.num = 5 (custom)
2019-11-19 00:12:35,447 [pool-97-thread-1] INFO  server.RaftServerConfigKeys (ConfUtils.java:logGet(43)) - raft.server.retrycache.expirytime = 600000ms (custom)
2019-11-19 00:12:35,447 [pool-97-thread-1] WARN  impl.MetricRegistriesImpl (MetricRegistriesImpl.java:lambda$create$1(61)) - First MetricRegistry has been created without registering reporters. You may need to call MetricRegistries.global().addReportRegistration(...) before.
2019-11-19 00:12:35,447 [pool-97-thread-1] WARN  impl.MetricRegistriesImpl (MetricRegistriesImpl.java:lambda$create$1(61)) - First MetricRegistry has been created without registering reporters. You may need to call MetricRegistries.global().addReportRegistration(...) before.
2019-11-19 00:12:35,447 [pool-97-thread-1] INFO  impl.RaftServerImpl (RaftServerImpl.java:start(184)) - 88d9a86c-91a8-4958-be80-19dc6d27632d@group-04B856A0C6A3: start as a follower, conf=-1: [4ef12a2f-5b98-4782-89eb-d41a56677dfd:192.168.157.213:37821, d1ad36f3-e0f7-4bd2-8d80-c82e74335b3b:192.168.157.213:43236, 88d9a86c-91a8-4958-be80-19dc6d27632d:192.168.157.213:42465], old=null
2019-11-19 00:12:35,447 [pool-97-thread-1] INFO  impl.RaftServerImpl (RaftServerImpl.java:setRole(173)) - 88d9a86c-91a8-4958-be80-19dc6d27632d@group-04B856A0C6A3: changes role from      null to FOLLOWER at term 0 for startAsFollower
2019-11-19 00:12:35,447 [pool-97-thread-1] INFO  impl.RoleInfo (RoleInfo.java:updateAndGet(143)) - 88d9a86c-91a8-4958-be80-19dc6d27632d: start FollowerState
2019-11-19 00:12:35,448 [pool-97-thread-1] INFO  util.JmxRegister (JmxRegister.java:tryRegister(44)) - Successfully registered JMX Bean with object name Ratis:service=RaftServer,group=group-04B856A0C6A3,id=88d9a86c-91a8-4958-be80-19dc6d27632d
2019-11-19 00:12:35,448 [pool-97-thread-1] WARN  impl.MetricRegistriesImpl (MetricRegistriesImpl.java:lambda$create$1(61)) - First MetricRegistry has been created without registering reporters. You may need to call MetricRegistries.global().addReportRegistration(...) before.
2019-11-19 00:12:35,448 [Command processor thread] INFO  commandhandler.CreatePipelineCommandHandler (CreatePipelineCommandHandler.java:handle(86)) - Create Pipeline RATIS THREE #id: "c5520a36-7de8-444b-8df9-04b856a0c6a3"
 command succeed on datanode 88d9a86c-91a8-4958-be80-19dc6d27632d.
2019-11-19 00:12:35,450 [EventQueue-PipelineReportForPipelineReportHandler] INFO  pipeline.PipelineReportHandler (PipelineReportHandler.java:processPipelineReport(113)) - Pipeline THREE PipelineID=c5520a36-7de8-444b-8df9-04b856a0c6a3 reported by 88d9a86c-91a8-4958-be80-19dc6d27632d{ip: 192.168.157.213, host: pr-hdds-2241-master-j9rj8-2432081592, networkLocation: /default-rack, certSerialId: null}
2019-11-19 00:12:35,500 [pool-107-thread-1] INFO  storage.RaftStorage (RaftStorage.java:format(84)) - Storage directory /workdir/hadoop-ozone/integration-test/target/test-dir/MiniOzoneClusterImpl-44984baa-697f-41c4-9b49-b72e5718b1cd/datanode-8/data/ratis/41c812aa-aaac-4bf1-af77-d69a33a9f5ad has been successfully formatted.
2019-11-19 00:12:35,500 [pool-107-thread-1] INFO  ratis.ContainerStateMachine (ContainerStateMachine.java:loadSnapshot(223)) - group-D69A33A9F5AD: The snapshot info is null. Setting the last applied indexto:(t:0, i:~)
2019-11-19 00:12:35,501 [pool-107-thread-1] INFO  server.RaftServerConfigKeys (ConfUtils.java:logGet(43)) - raft.server.notification.no-leader.timeout = 120s (custom)
2019-11-19 00:12:35,501 [pool-107-thread-1] INFO  server.RaftServerConfigKeys (ConfUtils.java:logGet(43)) - raft.server.log.use.memory = false (default)
2019-11-19 00:12:35,501 [pool-107-thread-1] INFO  server.RaftServerConfigKeys (ConfUtils.java:logGet(43)) - raft.server.log.purge.gap = 1000000 (custom)
2019-11-19 00:12:35,501 [pool-107-thread-1] INFO  server.RaftServerConfigKeys (ConfUtils.java:logGet(43)) - raft.server.log.appender.buffer.byte-limit = 33554432 (custom)
2019-11-19 00:12:35,501 [pool-107-thread-1] INFO  server.RaftServerConfigKeys (ConfUtils.java:logGet(43)) - raft.server.log.segment.size.max = 1048576 (custom)
2019-11-19 00:12:35,502 [pool-107-thread-1] WARN  impl.MetricRegistriesImpl (MetricRegistriesImpl.java:lambda$create$1(61)) - First MetricRegistry has been created without registering reporters. You may need to call MetricRegistries.global().addReportRegistration(...) before.
2019-11-19 00:12:35,502 [pool-107-thread-1] INFO  server.RaftServerConfigKeys (ConfUtils.java:logGet(43)) - raft.server.log.segment.cache.num.max = 2 (custom)
2019-11-19 00:12:35,502 [pool-107-thread-1] INFO  segmented.SegmentedRaftLogWorker (SegmentedRaftLogWorker.java:<init>(173)) - new 4ef12a2f-5b98-4782-89eb-d41a56677dfd@group-D69A33A9F5AD-SegmentedRaftLogWorker for RaftStorage:Storage Directory /workdir/hadoop-ozone/integration-test/target/test-dir/MiniOzoneClusterImpl-44984baa-697f-41c4-9b49-b72e5718b1cd/datanode-8/data/ratis/41c812aa-aaac-4bf1-af77-d69a33a9f5ad
2019-11-19 00:12:35,502 [pool-107-thread-1] INFO  server.RaftServerConfigKeys (ConfUtils.java:logGet(43)) - raft.server.log.queue.byte-limit = 2147483647 (custom)
2019-11-19 00:12:35,504 [pool-107-thread-1] INFO  server.RaftServerConfigKeys (ConfUtils.java:logGet(43)) - raft.server.log.queue.element-limit = 1024 (custom)
2019-11-19 00:12:35,505 [pool-107-thread-1] INFO  server.RaftServerConfigKeys (ConfUtils.java:logGet(43)) - raft.server.log.segment.size.max = 1048576 (custom)
2019-11-19 00:12:35,505 [pool-107-thread-1] INFO  server.RaftServerConfigKeys (ConfUtils.java:logGet(43)) - raft.server.log.preallocated.size = 16384 (custom)
2019-11-19 00:12:35,505 [pool-107-thread-1] INFO  server.RaftServerConfigKeys (ConfUtils.java:logGet(43)) - raft.server.log.write.buffer.size = 33554432 (custom)
2019-11-19 00:12:35,505 [pool-107-thread-1] INFO  server.RaftServerConfigKeys (ConfUtils.java:logGet(43)) - raft.server.log.force.sync.num = 128 (default)
2019-11-19 00:12:35,505 [pool-107-thread-1] INFO  server.RaftServerConfigKeys (ConfUtils.java:logGet(43)) - raft.server.log.statemachine.data.sync = true (default)
2019-11-19 00:12:35,505 [pool-107-thread-1] INFO  server.RaftServerConfigKeys (ConfUtils.java:logGet(43)) - raft.server.log.statemachine.data.sync.timeout = 10s (default)
2019-11-19 00:12:35,506 [pool-107-thread-1] INFO  server.RaftServerConfigKeys (ConfUtils.java:logGet(43)) - raft.server.log.statemachine.data.sync.timeout.retry = -1 (default)
2019-11-19 00:12:35,506 [pool-107-thread-1] INFO  server.RaftServerConfigKeys (ConfUtils.java:logGet(43)) - raft.server.log.statemachine.data.caching.enabled = true (custom)
2019-11-19 00:12:35,506 [pool-107-thread-1] INFO  segmented.SegmentedRaftLogWorker (SegmentedRaftLogWorker.java:lambda$new$0(128)) - 4ef12a2f-5b98-4782-89eb-d41a56677dfd@group-D69A33A9F5AD-SegmentedRaftLogWorker: flushIndex: setUnconditionally 0 -> -1
2019-11-19 00:12:35,515 [pool-107-thread-1] INFO  server.RaftServerConfigKeys (ConfUtils.java:logGet(43)) - raft.server.snapshot.auto.trigger.enabled = true (custom)
2019-11-19 00:12:35,515 [pool-107-thread-1] INFO  server.RaftServerConfigKeys (ConfUtils.java:logGet(43)) - raft.server.snapshot.auto.trigger.threshold = 10000 (custom)
2019-11-19 00:12:35,536 [pool-107-thread-1] INFO  server.RaftServerConfigKeys (ConfUtils.java:logGet(43)) - raft.server.snapshot.retention.file.num = 5 (custom)
2019-11-19 00:12:35,538 [main] INFO  ozone.MiniOzoneClusterImpl (MiniOzoneClusterImpl.java:lambda$waitForClusterToBeReady$0(150)) - Nodes are ready. Got 10 of 10 DN Heartbeats.
2019-11-19 00:12:35,540 [main] INFO  ozone.MiniOzoneClusterImpl (MiniOzoneClusterImpl.java:lambda$waitForClusterToBeReady$0(153)) - Waiting for cluster to exit safe mode
2019-11-19 00:12:35,540 [Command processor thread] INFO  impl.RaftServerProxy (RaftServerProxy.java:addNew(89)) - a5a92831-5c8a-4a5e-a8c5-430d74eea1c2: addNew group-1EBF26346C27:[a5a92831-5c8a-4a5e-a8c5-430d74eea1c2:192.168.157.213:38403] returns group-1EBF26346C27:java.util.concurrent.CompletableFuture@6a6cfd73[Not completed]
2019-11-19 00:12:35,540 [pool-107-thread-1] INFO  server.RaftServerConfigKeys (ConfUtils.java:logGet(43)) - raft.server.retrycache.expirytime = 600000ms (custom)
2019-11-19 00:12:35,541 [pool-107-thread-1] WARN  impl.MetricRegistriesImpl (MetricRegistriesImpl.java:lambda$create$1(61)) - First MetricRegistry has been created without registering reporters. You may need to call MetricRegistries.global().addReportRegistration(...) before.
2019-11-19 00:12:35,541 [pool-107-thread-1] WARN  impl.MetricRegistriesImpl (MetricRegistriesImpl.java:lambda$create$1(61)) - First MetricRegistry has been created without registering reporters. You may need to call MetricRegistries.global().addReportRegistration(...) before.
2019-11-19 00:12:35,541 [pool-107-thread-1] INFO  impl.RaftServerImpl (RaftServerImpl.java:start(184)) - 4ef12a2f-5b98-4782-89eb-d41a56677dfd@group-D69A33A9F5AD: start as a follower, conf=-1: [4ef12a2f-5b98-4782-89eb-d41a56677dfd:192.168.157.213:37821], old=null
2019-11-19 00:12:35,541 [pool-107-thread-1] INFO  impl.RaftServerImpl (RaftServerImpl.java:setRole(173)) - 4ef12a2f-5b98-4782-89eb-d41a56677dfd@group-D69A33A9F5AD: changes role from      null to FOLLOWER at term 0 for startAsFollower
2019-11-19 00:12:35,541 [pool-107-thread-1] INFO  impl.RoleInfo (RoleInfo.java:updateAndGet(143)) - 4ef12a2f-5b98-4782-89eb-d41a56677dfd: start FollowerState
2019-11-19 00:12:35,548 [pool-117-thread-1] INFO  impl.RaftServerImpl (RaftServerImpl.java:<init>(98)) - a5a92831-5c8a-4a5e-a8c5-430d74eea1c2: new RaftServerImpl for group-1EBF26346C27:[a5a92831-5c8a-4a5e-a8c5-430d74eea1c2:192.168.157.213:38403] with ContainerStateMachine:uninitialized
2019-11-19 00:12:35,549 [pool-107-thread-1] INFO  util.JmxRegister (JmxRegister.java:tryRegister(44)) - Successfully registered JMX Bean with object name Ratis:service=RaftServer,group=group-D69A33A9F5AD,id=4ef12a2f-5b98-4782-89eb-d41a56677dfd
2019-11-19 00:12:35,549 [pool-117-thread-1] INFO  server.RaftServerConfigKeys (ConfUtils.java:logGet(43)) - raft.server.rpc.timeout.min = 5s (custom)
2019-11-19 00:12:35,549 [pool-107-thread-1] WARN  impl.MetricRegistriesImpl (MetricRegistriesImpl.java:lambda$create$1(61)) - First MetricRegistry has been created without registering reporters. You may need to call MetricRegistries.global().addReportRegistration(...) before.
2019-11-19 00:12:35,549 [pool-117-thread-1] INFO  server.RaftServerConfigKeys (ConfUtils.java:logGet(43)) - raft.server.rpc.timeout.max = 5200ms (custom)
2019-11-19 00:12:35,549 [pool-117-thread-1] INFO  server.RaftServerConfigKeys (ConfUtils.java:logGet(43)) - raft.server.rpcslowness.timeout = 120s (custom)
2019-11-19 00:12:35,549 [pool-117-thread-1] INFO  server.RaftServerConfigKeys (ConfUtils.java:logGet(43)) - raft.server.sleep.deviation.threshold = 300 (default)
2019-11-19 00:12:35,549 [pool-117-thread-1] INFO  server.RaftServerConfigKeys (ConfUtils.java:logGet(43)) - raft.server.log.appender.install.snapshot.enabled = false (custom)
2019-11-19 00:12:35,549 [Command processor thread] INFO  commandhandler.CreatePipelineCommandHandler (CreatePipelineCommandHandler.java:handle(86)) - Create Pipeline RATIS ONE #id: "41c812aa-aaac-4bf1-af77-d69a33a9f5ad"
 command succeed on datanode 4ef12a2f-5b98-4782-89eb-d41a56677dfd.
2019-11-19 00:12:35,549 [pool-117-thread-1] INFO  impl.RaftServerImpl (ServerState.java:<init>(103)) - a5a92831-5c8a-4a5e-a8c5-430d74eea1c2@group-1EBF26346C27: ConfigurationManager, init=-1: [a5a92831-5c8a-4a5e-a8c5-430d74eea1c2:192.168.157.213:38403], old=null, confs=<EMPTY_MAP>
2019-11-19 00:12:35,556 [pool-117-thread-1] INFO  server.RaftServerConfigKeys (ConfUtils.java:logGet(43)) - raft.server.storage.dir = [/workdir/hadoop-ozone/integration-test/target/test-dir/MiniOzoneClusterImpl-44984baa-697f-41c4-9b49-b72e5718b1cd/datanode-9/data/ratis] (custom)
2019-11-19 00:12:35,558 [pool-117-thread-1] INFO  server.RaftServerConfigKeys (ConfUtils.java:logGet(43)) - raft.server.log.corruption.policy = EXCEPTION (default)
2019-11-19 00:12:35,558 [Command processor thread] INFO  impl.RaftServerProxy (RaftServerProxy.java:addNew(89)) - 4ef12a2f-5b98-4782-89eb-d41a56677dfd: addNew group-04B856A0C6A3:[4ef12a2f-5b98-4782-89eb-d41a56677dfd:192.168.157.213:37821, d1ad36f3-e0f7-4bd2-8d80-c82e74335b3b:192.168.157.213:43236, 88d9a86c-91a8-4958-be80-19dc6d27632d:192.168.157.213:42465] returns group-04B856A0C6A3:java.util.concurrent.CompletableFuture@4bc069f2[Not completed]
2019-11-19 00:12:35,558 [pool-117-thread-1] INFO  storage.RaftStorageDirectory (RaftStorageDirectory.java:analyzeStorage(246)) - The storage directory /workdir/hadoop-ozone/integration-test/target/test-dir/MiniOzoneClusterImpl-44984baa-697f-41c4-9b49-b72e5718b1cd/datanode-9/data/ratis/ffd4c7c4-4ff3-4c40-9b23-1ebf26346c27 does not exist. Creating ...
2019-11-19 00:12:35,559 [EventQueue-PipelineReportForPipelineReportHandler] INFO  pipeline.PipelineReportHandler (PipelineReportHandler.java:processPipelineReport(113)) - Pipeline ONE PipelineID=41c812aa-aaac-4bf1-af77-d69a33a9f5ad reported by 4ef12a2f-5b98-4782-89eb-d41a56677dfd{ip: 192.168.157.213, host: pr-hdds-2241-master-j9rj8-2432081592, networkLocation: /default-rack, certSerialId: null}
2019-11-19 00:12:35,559 [EventQueue-PipelineReportForPipelineReportHandler] INFO  pipeline.PipelineStateManager (PipelineStateManager.java:openPipeline(132)) - Pipeline Pipeline[ Id: 41c812aa-aaac-4bf1-af77-d69a33a9f5ad, Nodes: 4ef12a2f-5b98-4782-89eb-d41a56677dfd{ip: 192.168.157.213, host: pr-hdds-2241-master-j9rj8-2432081592, networkLocation: /default-rack, certSerialId: null}, Type:RATIS, Factor:ONE, State:ALLOCATED] moved to OPEN state
2019-11-19 00:12:35,559 [EventQueue-OpenPipelineForOneReplicaPipelineSafeModeRule] INFO  safemode.SCMSafeModeManager (SCMSafeModeManager.java:validateSafeModeExitRules(176)) - AtleastOneDatanodeReportedRule rule is successfully validated
2019-11-19 00:12:35,559 [EventQueue-OpenPipelineForHealthyPipelineSafeModeRule] INFO  safemode.SCMSafeModeManager (HealthyPipelineSafeModeRule.java:process(132)) - SCM in safe mode. Healthy pipelines reported count is 0, required healthy pipeline reported count is 1
2019-11-19 00:12:35,560 [pool-107-thread-1] INFO  impl.RaftServerImpl (RaftServerImpl.java:<init>(98)) - 4ef12a2f-5b98-4782-89eb-d41a56677dfd: new RaftServerImpl for group-04B856A0C6A3:[4ef12a2f-5b98-4782-89eb-d41a56677dfd:192.168.157.213:37821, d1ad36f3-e0f7-4bd2-8d80-c82e74335b3b:192.168.157.213:43236, 88d9a86c-91a8-4958-be80-19dc6d27632d:192.168.157.213:42465] with ContainerStateMachine:uninitialized
2019-11-19 00:12:35,560 [pool-107-thread-1] INFO  server.RaftServerConfigKeys (ConfUtils.java:logGet(43)) - raft.server.rpc.timeout.min = 5s (custom)
2019-11-19 00:12:35,560 [pool-107-thread-1] INFO  server.RaftServerConfigKeys (ConfUtils.java:logGet(43)) - raft.server.rpc.timeout.max = 5200ms (custom)
2019-11-19 00:12:35,560 [pool-107-thread-1] INFO  server.RaftServerConfigKeys (ConfUtils.java:logGet(43)) - raft.server.rpcslowness.timeout = 120s (custom)
2019-11-19 00:12:35,561 [pool-107-thread-1] INFO  server.RaftServerConfigKeys (ConfUtils.java:logGet(43)) - raft.server.sleep.deviation.threshold = 300 (default)
2019-11-19 00:12:35,561 [pool-107-thread-1] INFO  server.RaftServerConfigKeys (ConfUtils.java:logGet(43)) - raft.server.log.appender.install.snapshot.enabled = false (custom)
2019-11-19 00:12:35,561 [pool-107-thread-1] INFO  impl.RaftServerImpl (ServerState.java:<init>(103)) - 4ef12a2f-5b98-4782-89eb-d41a56677dfd@group-04B856A0C6A3: ConfigurationManager, init=-1: [4ef12a2f-5b98-4782-89eb-d41a56677dfd:192.168.157.213:37821, d1ad36f3-e0f7-4bd2-8d80-c82e74335b3b:192.168.157.213:43236, 88d9a86c-91a8-4958-be80-19dc6d27632d:192.168.157.213:42465], old=null, confs=<EMPTY_MAP>
2019-11-19 00:12:35,561 [pool-107-thread-1] INFO  server.RaftServerConfigKeys (ConfUtils.java:logGet(43)) - raft.server.storage.dir = [/workdir/hadoop-ozone/integration-test/target/test-dir/MiniOzoneClusterImpl-44984baa-697f-41c4-9b49-b72e5718b1cd/datanode-8/data/ratis] (custom)
2019-11-19 00:12:35,561 [pool-107-thread-1] INFO  server.RaftServerConfigKeys (ConfUtils.java:logGet(43)) - raft.server.log.corruption.policy = EXCEPTION (default)
2019-11-19 00:12:35,562 [pool-107-thread-1] INFO  storage.RaftStorageDirectory (RaftStorageDirectory.java:analyzeStorage(246)) - The storage directory /workdir/hadoop-ozone/integration-test/target/test-dir/MiniOzoneClusterImpl-44984baa-697f-41c4-9b49-b72e5718b1cd/datanode-8/data/ratis/c5520a36-7de8-444b-8df9-04b856a0c6a3 does not exist. Creating ...
2019-11-19 00:12:35,585 [pool-117-thread-1] INFO  storage.RaftStorageDirectory (RaftStorageDirectory.java:tryLock(328)) - Lock on /workdir/hadoop-ozone/integration-test/target/test-dir/MiniOzoneClusterImpl-44984baa-697f-41c4-9b49-b72e5718b1cd/datanode-9/data/ratis/ffd4c7c4-4ff3-4c40-9b23-1ebf26346c27/in_use.lock acquired by nodename 9276@pr-hdds-2241-master-j9rj8-2432081592
2019-11-19 00:12:35,585 [pool-107-thread-1] INFO  storage.RaftStorageDirectory (RaftStorageDirectory.java:tryLock(328)) - Lock on /workdir/hadoop-ozone/integration-test/target/test-dir/MiniOzoneClusterImpl-44984baa-697f-41c4-9b49-b72e5718b1cd/datanode-8/data/ratis/c5520a36-7de8-444b-8df9-04b856a0c6a3/in_use.lock acquired by nodename 9276@pr-hdds-2241-master-j9rj8-2432081592
2019-11-19 00:12:35,611 [pool-117-thread-1] INFO  storage.RaftStorage (RaftStorage.java:format(84)) - Storage directory /workdir/hadoop-ozone/integration-test/target/test-dir/MiniOzoneClusterImpl-44984baa-697f-41c4-9b49-b72e5718b1cd/datanode-9/data/ratis/ffd4c7c4-4ff3-4c40-9b23-1ebf26346c27 has been successfully formatted.
2019-11-19 00:12:35,611 [pool-107-thread-1] INFO  storage.RaftStorage (RaftStorage.java:format(84)) - Storage directory /workdir/hadoop-ozone/integration-test/target/test-dir/MiniOzoneClusterImpl-44984baa-697f-41c4-9b49-b72e5718b1cd/datanode-8/data/ratis/c5520a36-7de8-444b-8df9-04b856a0c6a3 has been successfully formatted.
2019-11-19 00:12:35,611 [pool-117-thread-1] INFO  ratis.ContainerStateMachine (ContainerStateMachine.java:loadSnapshot(223)) - group-1EBF26346C27: The snapshot info is null. Setting the last applied indexto:(t:0, i:~)
2019-11-19 00:12:35,611 [pool-117-thread-1] INFO  server.RaftServerConfigKeys (ConfUtils.java:logGet(43)) - raft.server.notification.no-leader.timeout = 120s (custom)
2019-11-19 00:12:35,611 [pool-107-thread-1] INFO  ratis.ContainerStateMachine (ContainerStateMachine.java:loadSnapshot(223)) - group-04B856A0C6A3: The snapshot info is null. Setting the last applied indexto:(t:0, i:~)
2019-11-19 00:12:35,611 [pool-117-thread-1] INFO  server.RaftServerConfigKeys (ConfUtils.java:logGet(43)) - raft.server.log.use.memory = false (default)
2019-11-19 00:12:35,612 [pool-107-thread-1] INFO  server.RaftServerConfigKeys (ConfUtils.java:logGet(43)) - raft.server.notification.no-leader.timeout = 120s (custom)
2019-11-19 00:12:35,612 [pool-117-thread-1] INFO  server.RaftServerConfigKeys (ConfUtils.java:logGet(43)) - raft.server.log.purge.gap = 1000000 (custom)
2019-11-19 00:12:35,612 [pool-107-thread-1] INFO  server.RaftServerConfigKeys (ConfUtils.java:logGet(43)) - raft.server.log.use.memory = false (default)
2019-11-19 00:12:35,612 [pool-117-thread-1] INFO  server.RaftServerConfigKeys (ConfUtils.java:logGet(43)) - raft.server.log.appender.buffer.byte-limit = 33554432 (custom)
2019-11-19 00:12:35,612 [pool-107-thread-1] INFO  server.RaftServerConfigKeys (ConfUtils.java:logGet(43)) - raft.server.log.purge.gap = 1000000 (custom)
2019-11-19 00:12:35,612 [pool-117-thread-1] INFO  server.RaftServerConfigKeys (ConfUtils.java:logGet(43)) - raft.server.log.segment.size.max = 1048576 (custom)
2019-11-19 00:12:35,613 [pool-107-thread-1] INFO  server.RaftServerConfigKeys (ConfUtils.java:logGet(43)) - raft.server.log.appender.buffer.byte-limit = 33554432 (custom)
2019-11-19 00:12:35,613 [pool-117-thread-1] WARN  impl.MetricRegistriesImpl (MetricRegistriesImpl.java:lambda$create$1(61)) - First MetricRegistry has been created without registering reporters. You may need to call MetricRegistries.global().addReportRegistration(...) before.
2019-11-19 00:12:35,613 [pool-107-thread-1] INFO  server.RaftServerConfigKeys (ConfUtils.java:logGet(43)) - raft.server.log.segment.size.max = 1048576 (custom)
2019-11-19 00:12:35,613 [pool-117-thread-1] INFO  server.RaftServerConfigKeys (ConfUtils.java:logGet(43)) - raft.server.log.segment.cache.num.max = 2 (custom)
2019-11-19 00:12:35,613 [pool-107-thread-1] INFO  server.RaftServerConfigKeys (ConfUtils.java:logGet(43)) - raft.server.log.segment.cache.num.max = 2 (custom)
2019-11-19 00:12:35,613 [pool-117-thread-1] INFO  segmented.SegmentedRaftLogWorker (SegmentedRaftLogWorker.java:<init>(173)) - new a5a92831-5c8a-4a5e-a8c5-430d74eea1c2@group-1EBF26346C27-SegmentedRaftLogWorker for RaftStorage:Storage Directory /workdir/hadoop-ozone/integration-test/target/test-dir/MiniOzoneClusterImpl-44984baa-697f-41c4-9b49-b72e5718b1cd/datanode-9/data/ratis/ffd4c7c4-4ff3-4c40-9b23-1ebf26346c27
2019-11-19 00:12:35,614 [pool-107-thread-1] INFO  segmented.SegmentedRaftLogWorker (SegmentedRaftLogWorker.java:<init>(173)) - new 4ef12a2f-5b98-4782-89eb-d41a56677dfd@group-04B856A0C6A3-SegmentedRaftLogWorker for RaftStorage:Storage Directory /workdir/hadoop-ozone/integration-test/target/test-dir/MiniOzoneClusterImpl-44984baa-697f-41c4-9b49-b72e5718b1cd/datanode-8/data/ratis/c5520a36-7de8-444b-8df9-04b856a0c6a3
2019-11-19 00:12:35,614 [pool-117-thread-1] INFO  server.RaftServerConfigKeys (ConfUtils.java:logGet(43)) - raft.server.log.queue.byte-limit = 2147483647 (custom)
2019-11-19 00:12:35,614 [pool-107-thread-1] INFO  server.RaftServerConfigKeys (ConfUtils.java:logGet(43)) - raft.server.log.queue.byte-limit = 2147483647 (custom)
2019-11-19 00:12:35,614 [pool-117-thread-1] INFO  server.RaftServerConfigKeys (ConfUtils.java:logGet(43)) - raft.server.log.queue.element-limit = 1024 (custom)
2019-11-19 00:12:35,614 [pool-107-thread-1] INFO  server.RaftServerConfigKeys (ConfUtils.java:logGet(43)) - raft.server.log.queue.element-limit = 1024 (custom)
2019-11-19 00:12:35,614 [pool-117-thread-1] INFO  server.RaftServerConfigKeys (ConfUtils.java:logGet(43)) - raft.server.log.segment.size.max = 1048576 (custom)
2019-11-19 00:12:35,614 [pool-107-thread-1] INFO  server.RaftServerConfigKeys (ConfUtils.java:logGet(43)) - raft.server.log.segment.size.max = 1048576 (custom)
2019-11-19 00:12:35,615 [pool-117-thread-1] INFO  server.RaftServerConfigKeys (ConfUtils.java:logGet(43)) - raft.server.log.preallocated.size = 16384 (custom)
2019-11-19 00:12:35,615 [pool-107-thread-1] INFO  server.RaftServerConfigKeys (ConfUtils.java:logGet(43)) - raft.server.log.preallocated.size = 16384 (custom)
2019-11-19 00:12:35,615 [pool-117-thread-1] INFO  server.RaftServerConfigKeys (ConfUtils.java:logGet(43)) - raft.server.log.write.buffer.size = 33554432 (custom)
2019-11-19 00:12:35,615 [pool-107-thread-1] INFO  server.RaftServerConfigKeys (ConfUtils.java:logGet(43)) - raft.server.log.write.buffer.size = 33554432 (custom)
2019-11-19 00:12:35,615 [pool-117-thread-1] INFO  server.RaftServerConfigKeys (ConfUtils.java:logGet(43)) - raft.server.log.force.sync.num = 128 (default)
2019-11-19 00:12:35,615 [pool-107-thread-1] INFO  server.RaftServerConfigKeys (ConfUtils.java:logGet(43)) - raft.server.log.force.sync.num = 128 (default)
2019-11-19 00:12:35,616 [pool-117-thread-1] INFO  server.RaftServerConfigKeys (ConfUtils.java:logGet(43)) - raft.server.log.statemachine.data.sync = true (default)
2019-11-19 00:12:35,616 [pool-107-thread-1] INFO  server.RaftServerConfigKeys (ConfUtils.java:logGet(43)) - raft.server.log.statemachine.data.sync = true (default)
2019-11-19 00:12:35,616 [pool-117-thread-1] INFO  server.RaftServerConfigKeys (ConfUtils.java:logGet(43)) - raft.server.log.statemachine.data.sync.timeout = 10s (default)
2019-11-19 00:12:35,616 [pool-107-thread-1] INFO  server.RaftServerConfigKeys (ConfUtils.java:logGet(43)) - raft.server.log.statemachine.data.sync.timeout = 10s (default)
2019-11-19 00:12:35,616 [pool-117-thread-1] INFO  server.RaftServerConfigKeys (ConfUtils.java:logGet(43)) - raft.server.log.statemachine.data.sync.timeout.retry = -1 (default)
2019-11-19 00:12:35,616 [pool-107-thread-1] INFO  server.RaftServerConfigKeys (ConfUtils.java:logGet(43)) - raft.server.log.statemachine.data.sync.timeout.retry = -1 (default)
2019-11-19 00:12:35,617 [pool-117-thread-1] INFO  server.RaftServerConfigKeys (ConfUtils.java:logGet(43)) - raft.server.log.statemachine.data.caching.enabled = true (custom)
2019-11-19 00:12:35,617 [pool-107-thread-1] INFO  server.RaftServerConfigKeys (ConfUtils.java:logGet(43)) - raft.server.log.statemachine.data.caching.enabled = true (custom)
2019-11-19 00:12:35,617 [pool-117-thread-1] INFO  segmented.SegmentedRaftLogWorker (SegmentedRaftLogWorker.java:lambda$new$0(128)) - a5a92831-5c8a-4a5e-a8c5-430d74eea1c2@group-1EBF26346C27-SegmentedRaftLogWorker: flushIndex: setUnconditionally 0 -> -1
2019-11-19 00:12:35,617 [pool-107-thread-1] INFO  segmented.SegmentedRaftLogWorker (SegmentedRaftLogWorker.java:lambda$new$0(128)) - 4ef12a2f-5b98-4782-89eb-d41a56677dfd@group-04B856A0C6A3-SegmentedRaftLogWorker: flushIndex: setUnconditionally 0 -> -1
2019-11-19 00:12:35,618 [pool-117-thread-1] INFO  server.RaftServerConfigKeys (ConfUtils.java:logGet(43)) - raft.server.snapshot.auto.trigger.enabled = true (custom)
2019-11-19 00:12:35,618 [pool-107-thread-1] INFO  server.RaftServerConfigKeys (ConfUtils.java:logGet(43)) - raft.server.snapshot.auto.trigger.enabled = true (custom)
2019-11-19 00:12:35,618 [pool-117-thread-1] INFO  server.RaftServerConfigKeys (ConfUtils.java:logGet(43)) - raft.server.snapshot.auto.trigger.threshold = 10000 (custom)
2019-11-19 00:12:35,618 [pool-107-thread-1] INFO  server.RaftServerConfigKeys (ConfUtils.java:logGet(43)) - raft.server.snapshot.auto.trigger.threshold = 10000 (custom)
2019-11-19 00:12:35,618 [pool-117-thread-1] INFO  server.RaftServerConfigKeys (ConfUtils.java:logGet(43)) - raft.server.snapshot.retention.file.num = 5 (custom)
2019-11-19 00:12:35,618 [pool-107-thread-1] INFO  server.RaftServerConfigKeys (ConfUtils.java:logGet(43)) - raft.server.snapshot.retention.file.num = 5 (custom)
2019-11-19 00:12:35,618 [pool-117-thread-1] INFO  server.RaftServerConfigKeys (ConfUtils.java:logGet(43)) - raft.server.retrycache.expirytime = 600000ms (custom)
2019-11-19 00:12:35,619 [pool-107-thread-1] INFO  server.RaftServerConfigKeys (ConfUtils.java:logGet(43)) - raft.server.retrycache.expirytime = 600000ms (custom)
2019-11-19 00:12:35,619 [pool-117-thread-1] WARN  impl.MetricRegistriesImpl (MetricRegistriesImpl.java:lambda$create$1(61)) - First MetricRegistry has been created without registering reporters. You may need to call MetricRegistries.global().addReportRegistration(...) before.
2019-11-19 00:12:35,619 [pool-107-thread-1] WARN  impl.MetricRegistriesImpl (MetricRegistriesImpl.java:lambda$create$1(61)) - First MetricRegistry has been created without registering reporters. You may need to call MetricRegistries.global().addReportRegistration(...) before.
2019-11-19 00:12:35,619 [pool-117-thread-1] WARN  impl.MetricRegistriesImpl (MetricRegistriesImpl.java:lambda$create$1(61)) - First MetricRegistry has been created without registering reporters. You may need to call MetricRegistries.global().addReportRegistration(...) before.
2019-11-19 00:12:35,619 [pool-107-thread-1] WARN  impl.MetricRegistriesImpl (MetricRegistriesImpl.java:lambda$create$1(61)) - First MetricRegistry has been created without registering reporters. You may need to call MetricRegistries.global().addReportRegistration(...) before.
2019-11-19 00:12:35,619 [pool-117-thread-1] INFO  impl.RaftServerImpl (RaftServerImpl.java:start(184)) - a5a92831-5c8a-4a5e-a8c5-430d74eea1c2@group-1EBF26346C27: start as a follower, conf=-1: [a5a92831-5c8a-4a5e-a8c5-430d74eea1c2:192.168.157.213:38403], old=null
2019-11-19 00:12:35,620 [pool-107-thread-1] INFO  impl.RaftServerImpl (RaftServerImpl.java:start(184)) - 4ef12a2f-5b98-4782-89eb-d41a56677dfd@group-04B856A0C6A3: start as a follower, conf=-1: [4ef12a2f-5b98-4782-89eb-d41a56677dfd:192.168.157.213:37821, d1ad36f3-e0f7-4bd2-8d80-c82e74335b3b:192.168.157.213:43236, 88d9a86c-91a8-4958-be80-19dc6d27632d:192.168.157.213:42465], old=null
2019-11-19 00:12:35,620 [pool-117-thread-1] INFO  impl.RaftServerImpl (RaftServerImpl.java:setRole(173)) - a5a92831-5c8a-4a5e-a8c5-430d74eea1c2@group-1EBF26346C27: changes role from      null to FOLLOWER at term 0 for startAsFollower
2019-11-19 00:12:35,620 [pool-107-thread-1] INFO  impl.RaftServerImpl (RaftServerImpl.java:setRole(173)) - 4ef12a2f-5b98-4782-89eb-d41a56677dfd@group-04B856A0C6A3: changes role from      null to FOLLOWER at term 0 for startAsFollower
2019-11-19 00:12:35,620 [pool-117-thread-1] INFO  impl.RoleInfo (RoleInfo.java:updateAndGet(143)) - a5a92831-5c8a-4a5e-a8c5-430d74eea1c2: start FollowerState
2019-11-19 00:12:35,620 [pool-107-thread-1] INFO  impl.RoleInfo (RoleInfo.java:updateAndGet(143)) - 4ef12a2f-5b98-4782-89eb-d41a56677dfd: start FollowerState
2019-11-19 00:12:35,621 [pool-117-thread-1] INFO  util.JmxRegister (JmxRegister.java:tryRegister(44)) - Successfully registered JMX Bean with object name Ratis:service=RaftServer,group=group-1EBF26346C27,id=a5a92831-5c8a-4a5e-a8c5-430d74eea1c2
2019-11-19 00:12:35,621 [pool-107-thread-1] INFO  util.JmxRegister (JmxRegister.java:tryRegister(44)) - Successfully registered JMX Bean with object name Ratis:service=RaftServer,group=group-04B856A0C6A3,id=4ef12a2f-5b98-4782-89eb-d41a56677dfd
2019-11-19 00:12:35,621 [pool-117-thread-1] WARN  impl.MetricRegistriesImpl (MetricRegistriesImpl.java:lambda$create$1(61)) - First MetricRegistry has been created without registering reporters. You may need to call MetricRegistries.global().addReportRegistration(...) before.
2019-11-19 00:12:35,621 [pool-107-thread-1] WARN  impl.MetricRegistriesImpl (MetricRegistriesImpl.java:lambda$create$1(61)) - First MetricRegistry has been created without registering reporters. You may need to call MetricRegistries.global().addReportRegistration(...) before.
2019-11-19 00:12:35,622 [Command processor thread] INFO  commandhandler.CreatePipelineCommandHandler (CreatePipelineCommandHandler.java:handle(86)) - Create Pipeline RATIS ONE #id: "ffd4c7c4-4ff3-4c40-9b23-1ebf26346c27"
 command succeed on datanode a5a92831-5c8a-4a5e-a8c5-430d74eea1c2.
2019-11-19 00:12:35,622 [Command processor thread] INFO  commandhandler.CreatePipelineCommandHandler (CreatePipelineCommandHandler.java:handle(86)) - Create Pipeline RATIS THREE #id: "c5520a36-7de8-444b-8df9-04b856a0c6a3"
 command succeed on datanode 4ef12a2f-5b98-4782-89eb-d41a56677dfd.
2019-11-19 00:12:35,625 [EventQueue-PipelineReportForPipelineReportHandler] INFO  pipeline.PipelineReportHandler (PipelineReportHandler.java:processPipelineReport(113)) - Pipeline ONE PipelineID=ffd4c7c4-4ff3-4c40-9b23-1ebf26346c27 reported by a5a92831-5c8a-4a5e-a8c5-430d74eea1c2{ip: 192.168.157.213, host: pr-hdds-2241-master-j9rj8-2432081592, networkLocation: /default-rack, certSerialId: null}
2019-11-19 00:12:35,626 [EventQueue-PipelineReportForPipelineReportHandler] INFO  pipeline.PipelineStateManager (PipelineStateManager.java:openPipeline(132)) - Pipeline Pipeline[ Id: ffd4c7c4-4ff3-4c40-9b23-1ebf26346c27, Nodes: a5a92831-5c8a-4a5e-a8c5-430d74eea1c2{ip: 192.168.157.213, host: pr-hdds-2241-master-j9rj8-2432081592, networkLocation: /default-rack, certSerialId: null}, Type:RATIS, Factor:ONE, State:ALLOCATED] moved to OPEN state
2019-11-19 00:12:35,626 [EventQueue-OpenPipelineForOneReplicaPipelineSafeModeRule] INFO  safemode.SCMSafeModeManager (SCMSafeModeManager.java:validateSafeModeExitRules(176)) - AtleastOneDatanodeReportedRule rule is successfully validated
2019-11-19 00:12:35,626 [EventQueue-OpenPipelineForHealthyPipelineSafeModeRule] INFO  safemode.SCMSafeModeManager (HealthyPipelineSafeModeRule.java:process(132)) - SCM in safe mode. Healthy pipelines reported count is 0, required healthy pipeline reported count is 1
2019-11-19 00:12:35,626 [EventQueue-PipelineReportForPipelineReportHandler] INFO  pipeline.PipelineReportHandler (PipelineReportHandler.java:processPipelineReport(113)) - Pipeline THREE PipelineID=c5520a36-7de8-444b-8df9-04b856a0c6a3 reported by 4ef12a2f-5b98-4782-89eb-d41a56677dfd{ip: 192.168.157.213, host: pr-hdds-2241-master-j9rj8-2432081592, networkLocation: /default-rack, certSerialId: null}
2019-11-19 00:12:36,540 [main] INFO  ozone.MiniOzoneClusterImpl (MiniOzoneClusterImpl.java:lambda$waitForClusterToBeReady$0(150)) - Nodes are ready. Got 10 of 10 DN Heartbeats.
2019-11-19 00:12:36,541 [main] INFO  ozone.MiniOzoneClusterImpl (MiniOzoneClusterImpl.java:lambda$waitForClusterToBeReady$0(153)) - Waiting for cluster to exit safe mode
2019-11-19 00:12:37,541 [main] INFO  ozone.MiniOzoneClusterImpl (MiniOzoneClusterImpl.java:lambda$waitForClusterToBeReady$0(150)) - Nodes are ready. Got 10 of 10 DN Heartbeats.
2019-11-19 00:12:37,541 [main] INFO  ozone.MiniOzoneClusterImpl (MiniOzoneClusterImpl.java:lambda$waitForClusterToBeReady$0(153)) - Waiting for cluster to exit safe mode
2019-11-19 00:12:38,542 [main] INFO  ozone.MiniOzoneClusterImpl (MiniOzoneClusterImpl.java:lambda$waitForClusterToBeReady$0(150)) - Nodes are ready. Got 10 of 10 DN Heartbeats.
2019-11-19 00:12:38,542 [main] INFO  ozone.MiniOzoneClusterImpl (MiniOzoneClusterImpl.java:lambda$waitForClusterToBeReady$0(153)) - Waiting for cluster to exit safe mode
2019-11-19 00:12:39,543 [main] INFO  ozone.MiniOzoneClusterImpl (MiniOzoneClusterImpl.java:lambda$waitForClusterToBeReady$0(150)) - Nodes are ready. Got 10 of 10 DN Heartbeats.
2019-11-19 00:12:39,543 [main] INFO  ozone.MiniOzoneClusterImpl (MiniOzoneClusterImpl.java:lambda$waitForClusterToBeReady$0(153)) - Waiting for cluster to exit safe mode
2019-11-19 00:12:40,173 [Thread-287] INFO  impl.FollowerState (FollowerState.java:run(111)) - 64badc5b-1d26-4295-aeac-475b93178eb2@group-33E211C2426B-FollowerState: change to CANDIDATE, lastRpcTime:5041ms, electionTimeout:5036ms
2019-11-19 00:12:40,175 [Thread-287] INFO  impl.RoleInfo (RoleInfo.java:shutdownFollowerState(121)) - 64badc5b-1d26-4295-aeac-475b93178eb2: shutdown FollowerState
2019-11-19 00:12:40,175 [Thread-287] INFO  impl.RaftServerImpl (RaftServerImpl.java:setRole(173)) - 64badc5b-1d26-4295-aeac-475b93178eb2@group-33E211C2426B: changes role from  FOLLOWER to CANDIDATE at term 0 for changeToCandidate
2019-11-19 00:12:40,178 [Thread-287] INFO  impl.RoleInfo (RoleInfo.java:updateAndGet(143)) - 64badc5b-1d26-4295-aeac-475b93178eb2: start LeaderElection
2019-11-19 00:12:40,210 [64badc5b-1d26-4295-aeac-475b93178eb2@group-33E211C2426B-LeaderElection1] INFO  impl.LeaderElection (LeaderElection.java:askForVotes(178)) - 64badc5b-1d26-4295-aeac-475b93178eb2@group-33E211C2426B-LeaderElection1: begin an election at term 1 for -1: [64badc5b-1d26-4295-aeac-475b93178eb2:192.168.157.213:38652], old=null
2019-11-19 00:12:40,212 [64badc5b-1d26-4295-aeac-475b93178eb2@group-33E211C2426B-LeaderElection1] INFO  impl.RoleInfo (RoleInfo.java:shutdownLeaderElection(134)) - 64badc5b-1d26-4295-aeac-475b93178eb2: shutdown LeaderElection
2019-11-19 00:12:40,212 [64badc5b-1d26-4295-aeac-475b93178eb2@group-33E211C2426B-LeaderElection1] INFO  impl.RaftServerImpl (RaftServerImpl.java:setRole(173)) - 64badc5b-1d26-4295-aeac-475b93178eb2@group-33E211C2426B: changes role from CANDIDATE to LEADER at term 1 for changeToLeader
2019-11-19 00:12:40,213 [64badc5b-1d26-4295-aeac-475b93178eb2@group-33E211C2426B-LeaderElection1] INFO  ratis.XceiverServerRatis (XceiverServerRatis.java:handleLeaderChangedNotification(733)) - Leader change notification received for group: group-33E211C2426B with new leaderId: 64badc5b-1d26-4295-aeac-475b93178eb2
2019-11-19 00:12:40,213 [64badc5b-1d26-4295-aeac-475b93178eb2@group-33E211C2426B-LeaderElection1] INFO  impl.RaftServerImpl (ServerState.java:setLeader(255)) - 64badc5b-1d26-4295-aeac-475b93178eb2@group-33E211C2426B: change Leader from null to 64badc5b-1d26-4295-aeac-475b93178eb2 at term 1 for becomeLeader, leader elected after 5278ms
2019-11-19 00:12:40,215 [EventQueue-PipelineReportForPipelineReportHandler] INFO  pipeline.PipelineReportHandler (PipelineReportHandler.java:processPipelineReport(113)) - Pipeline THREE PipelineID=a25894c6-e5b1-484a-87d6-36af27d05186 reported by 64badc5b-1d26-4295-aeac-475b93178eb2{ip: 192.168.157.213, host: pr-hdds-2241-master-j9rj8-2432081592, networkLocation: /default-rack, certSerialId: null}
2019-11-19 00:12:40,220 [64badc5b-1d26-4295-aeac-475b93178eb2@group-33E211C2426B-LeaderElection1] INFO  server.RaftServerConfigKeys (ConfUtils.java:logGet(43)) - raft.server.staging.catchup.gap = 1000 (default)
2019-11-19 00:12:40,220 [64badc5b-1d26-4295-aeac-475b93178eb2@group-33E211C2426B-LeaderElection1] INFO  server.RaftServerConfigKeys (ConfUtils.java:logGet(43)) - raft.server.rpc.sleep.time = 25ms (default)
2019-11-19 00:12:40,226 [64badc5b-1d26-4295-aeac-475b93178eb2@group-33E211C2426B-LeaderElection1] INFO  server.RaftServerConfigKeys (ConfUtils.java:logGet(43)) - raft.server.write.element-limit = 4096 (default)
2019-11-19 00:12:40,234 [64badc5b-1d26-4295-aeac-475b93178eb2@group-33E211C2426B-LeaderElection1] INFO  server.RaftServerConfigKeys (ConfUtils.java:logGet(43)) - raft.server.watch.timeout = 10s (default)
2019-11-19 00:12:40,235 [64badc5b-1d26-4295-aeac-475b93178eb2@group-33E211C2426B-LeaderElection1] INFO  server.RaftServerConfigKeys (ConfUtils.java:logGet(43)) - raft.server.watch.timeout.denomination = 1s (default)
2019-11-19 00:12:40,236 [64badc5b-1d26-4295-aeac-475b93178eb2@group-33E211C2426B-LeaderElection1] INFO  server.RaftServerConfigKeys (ConfUtils.java:logGet(43)) - raft.server.watch.element-limit = 65536 (default)
2019-11-19 00:12:40,246 [64badc5b-1d26-4295-aeac-475b93178eb2@group-33E211C2426B-LeaderElection1] INFO  impl.RoleInfo (RoleInfo.java:updateAndGet(143)) - 64badc5b-1d26-4295-aeac-475b93178eb2: start LeaderState
2019-11-19 00:12:40,274 [64badc5b-1d26-4295-aeac-475b93178eb2@group-33E211C2426B-LeaderElection1] INFO  segmented.SegmentedRaftLogWorker (SegmentedRaftLogWorker.java:startLogSegment(385)) - 64badc5b-1d26-4295-aeac-475b93178eb2@group-33E211C2426B-SegmentedRaftLogWorker: Starting segment from index:0
2019-11-19 00:12:40,296 [64badc5b-1d26-4295-aeac-475b93178eb2@group-33E211C2426B-LeaderElection1] INFO  impl.RaftServerImpl (ServerState.java:setRaftConf(356)) - 64badc5b-1d26-4295-aeac-475b93178eb2@group-33E211C2426B: set configuration 0: [64badc5b-1d26-4295-aeac-475b93178eb2:192.168.157.213:38652], old=null at 0
2019-11-19 00:12:40,329 [Thread-286] INFO  impl.FollowerState (FollowerState.java:run(111)) - 0268f058-fb11-4548-aa1f-192ad2abf2d8@group-0B3EE1F2558B-FollowerState: change to CANDIDATE, lastRpcTime:5197ms, electionTimeout:5192ms
2019-11-19 00:12:40,331 [Thread-286] INFO  impl.RoleInfo (RoleInfo.java:shutdownFollowerState(121)) - 0268f058-fb11-4548-aa1f-192ad2abf2d8: shutdown FollowerState
2019-11-19 00:12:40,331 [Thread-286] INFO  impl.RaftServerImpl (RaftServerImpl.java:setRole(173)) - 0268f058-fb11-4548-aa1f-192ad2abf2d8@group-0B3EE1F2558B: changes role from  FOLLOWER to CANDIDATE at term 0 for changeToCandidate
2019-11-19 00:12:40,331 [Thread-286] INFO  impl.RoleInfo (RoleInfo.java:updateAndGet(143)) - 0268f058-fb11-4548-aa1f-192ad2abf2d8: start LeaderElection
2019-11-19 00:12:40,336 [Thread-288] INFO  impl.FollowerState (FollowerState.java:run(111)) - 8678c500-2e6c-4337-9c3b-475f5e833751@group-9F8176DA0C06-FollowerState: change to CANDIDATE, lastRpcTime:5199ms, electionTimeout:5199ms
2019-11-19 00:12:40,337 [Thread-288] INFO  impl.RoleInfo (RoleInfo.java:shutdownFollowerState(121)) - 8678c500-2e6c-4337-9c3b-475f5e833751: shutdown FollowerState
2019-11-19 00:12:40,337 [Thread-288] INFO  impl.RaftServerImpl (RaftServerImpl.java:setRole(173)) - 8678c500-2e6c-4337-9c3b-475f5e833751@group-9F8176DA0C06: changes role from  FOLLOWER to CANDIDATE at term 0 for changeToCandidate
2019-11-19 00:12:40,337 [Thread-288] INFO  impl.RoleInfo (RoleInfo.java:updateAndGet(143)) - 8678c500-2e6c-4337-9c3b-475f5e833751: start LeaderElection
2019-11-19 00:12:40,343 [Thread-293] INFO  impl.FollowerState (FollowerState.java:run(111)) - 8678c500-2e6c-4337-9c3b-475f5e833751@group-36AF27D05186-FollowerState: change to CANDIDATE, lastRpcTime:5027ms, electionTimeout:5027ms
2019-11-19 00:12:40,344 [Thread-293] INFO  impl.RoleInfo (RoleInfo.java:shutdownFollowerState(121)) - 8678c500-2e6c-4337-9c3b-475f5e833751: shutdown FollowerState
2019-11-19 00:12:40,344 [Thread-293] INFO  impl.RaftServerImpl (RaftServerImpl.java:setRole(173)) - 8678c500-2e6c-4337-9c3b-475f5e833751@group-36AF27D05186: changes role from  FOLLOWER to CANDIDATE at term 0 for changeToCandidate
2019-11-19 00:12:40,344 [Thread-293] INFO  impl.RoleInfo (RoleInfo.java:updateAndGet(143)) - 8678c500-2e6c-4337-9c3b-475f5e833751: start LeaderElection
2019-11-19 00:12:40,361 [8678c500-2e6c-4337-9c3b-475f5e833751@group-9F8176DA0C06-LeaderElection3] INFO  impl.LeaderElection (LeaderElection.java:askForVotes(178)) - 8678c500-2e6c-4337-9c3b-475f5e833751@group-9F8176DA0C06-LeaderElection3: begin an election at term 1 for -1: [8678c500-2e6c-4337-9c3b-475f5e833751:192.168.157.213:38785], old=null
2019-11-19 00:12:40,360 [0268f058-fb11-4548-aa1f-192ad2abf2d8@group-0B3EE1F2558B-LeaderElection2] INFO  impl.LeaderElection (LeaderElection.java:askForVotes(178)) - 0268f058-fb11-4548-aa1f-192ad2abf2d8@group-0B3EE1F2558B-LeaderElection2: begin an election at term 1 for -1: [0268f058-fb11-4548-aa1f-192ad2abf2d8:192.168.157.213:42263], old=null
2019-11-19 00:12:40,362 [8678c500-2e6c-4337-9c3b-475f5e833751@group-9F8176DA0C06-LeaderElection3] INFO  impl.RoleInfo (RoleInfo.java:shutdownLeaderElection(134)) - 8678c500-2e6c-4337-9c3b-475f5e833751: shutdown LeaderElection
2019-11-19 00:12:40,362 [0268f058-fb11-4548-aa1f-192ad2abf2d8@group-0B3EE1F2558B-LeaderElection2] INFO  impl.RoleInfo (RoleInfo.java:shutdownLeaderElection(134)) - 0268f058-fb11-4548-aa1f-192ad2abf2d8: shutdown LeaderElection
2019-11-19 00:12:40,362 [8678c500-2e6c-4337-9c3b-475f5e833751@group-9F8176DA0C06-LeaderElection3] INFO  impl.RaftServerImpl (RaftServerImpl.java:setRole(173)) - 8678c500-2e6c-4337-9c3b-475f5e833751@group-9F8176DA0C06: changes role from CANDIDATE to LEADER at term 1 for changeToLeader
2019-11-19 00:12:40,362 [0268f058-fb11-4548-aa1f-192ad2abf2d8@group-0B3EE1F2558B-LeaderElection2] INFO  impl.RaftServerImpl (RaftServerImpl.java:setRole(173)) - 0268f058-fb11-4548-aa1f-192ad2abf2d8@group-0B3EE1F2558B: changes role from CANDIDATE to LEADER at term 1 for changeToLeader
2019-11-19 00:12:40,363 [0268f058-fb11-4548-aa1f-192ad2abf2d8@group-0B3EE1F2558B-LeaderElection2] INFO  ratis.XceiverServerRatis (XceiverServerRatis.java:handleLeaderChangedNotification(733)) - Leader change notification received for group: group-0B3EE1F2558B with new leaderId: 0268f058-fb11-4548-aa1f-192ad2abf2d8
2019-11-19 00:12:40,363 [8678c500-2e6c-4337-9c3b-475f5e833751@group-9F8176DA0C06-LeaderElection3] INFO  ratis.XceiverServerRatis (XceiverServerRatis.java:handleLeaderChangedNotification(733)) - Leader change notification received for group: group-9F8176DA0C06 with new leaderId: 8678c500-2e6c-4337-9c3b-475f5e833751
2019-11-19 00:12:40,363 [0268f058-fb11-4548-aa1f-192ad2abf2d8@group-0B3EE1F2558B-LeaderElection2] INFO  impl.RaftServerImpl (ServerState.java:setLeader(255)) - 0268f058-fb11-4548-aa1f-192ad2abf2d8@group-0B3EE1F2558B: change Leader from null to 0268f058-fb11-4548-aa1f-192ad2abf2d8 at term 1 for becomeLeader, leader elected after 5413ms
2019-11-19 00:12:40,363 [8678c500-2e6c-4337-9c3b-475f5e833751@group-9F8176DA0C06-LeaderElection3] INFO  impl.RaftServerImpl (ServerState.java:setLeader(255)) - 8678c500-2e6c-4337-9c3b-475f5e833751@group-9F8176DA0C06: change Leader from null to 8678c500-2e6c-4337-9c3b-475f5e833751 at term 1 for becomeLeader, leader elected after 5399ms
2019-11-19 00:12:40,363 [0268f058-fb11-4548-aa1f-192ad2abf2d8@group-0B3EE1F2558B-LeaderElection2] INFO  server.RaftServerConfigKeys (ConfUtils.java:logGet(43)) - raft.server.staging.catchup.gap = 1000 (default)
2019-11-19 00:12:40,363 [8678c500-2e6c-4337-9c3b-475f5e833751@group-9F8176DA0C06-LeaderElection3] INFO  server.RaftServerConfigKeys (ConfUtils.java:logGet(43)) - raft.server.staging.catchup.gap = 1000 (default)
2019-11-19 00:12:40,363 [0268f058-fb11-4548-aa1f-192ad2abf2d8@group-0B3EE1F2558B-LeaderElection2] INFO  server.RaftServerConfigKeys (ConfUtils.java:logGet(43)) - raft.server.rpc.sleep.time = 25ms (default)
2019-11-19 00:12:40,364 [8678c500-2e6c-4337-9c3b-475f5e833751@group-9F8176DA0C06-LeaderElection3] INFO  server.RaftServerConfigKeys (ConfUtils.java:logGet(43)) - raft.server.rpc.sleep.time = 25ms (default)
2019-11-19 00:12:40,364 [0268f058-fb11-4548-aa1f-192ad2abf2d8@group-0B3EE1F2558B-LeaderElection2] INFO  server.RaftServerConfigKeys (ConfUtils.java:logGet(43)) - raft.server.write.element-limit = 4096 (default)
2019-11-19 00:12:40,364 [8678c500-2e6c-4337-9c3b-475f5e833751@group-9F8176DA0C06-LeaderElection3] INFO  server.RaftServerConfigKeys (ConfUtils.java:logGet(43)) - raft.server.write.element-limit = 4096 (default)
2019-11-19 00:12:40,364 [EventQueue-PipelineReportForPipelineReportHandler] INFO  pipeline.PipelineReportHandler (PipelineReportHandler.java:processPipelineReport(113)) - Pipeline THREE PipelineID=a25894c6-e5b1-484a-87d6-36af27d05186 reported by 0268f058-fb11-4548-aa1f-192ad2abf2d8{ip: 192.168.157.213, host: pr-hdds-2241-master-j9rj8-2432081592, networkLocation: /default-rack, certSerialId: null}
2019-11-19 00:12:40,364 [8678c500-2e6c-4337-9c3b-475f5e833751@group-9F8176DA0C06-LeaderElection3] INFO  server.RaftServerConfigKeys (ConfUtils.java:logGet(43)) - raft.server.watch.timeout = 10s (default)
2019-11-19 00:12:40,364 [0268f058-fb11-4548-aa1f-192ad2abf2d8@group-0B3EE1F2558B-LeaderElection2] INFO  server.RaftServerConfigKeys (ConfUtils.java:logGet(43)) - raft.server.watch.timeout = 10s (default)
2019-11-19 00:12:40,365 [8678c500-2e6c-4337-9c3b-475f5e833751@group-9F8176DA0C06-LeaderElection3] INFO  server.RaftServerConfigKeys (ConfUtils.java:logGet(43)) - raft.server.watch.timeout.denomination = 1s (default)
2019-11-19 00:12:40,364 [EventQueue-PipelineReportForPipelineReportHandler] INFO  pipeline.PipelineReportHandler (PipelineReportHandler.java:processPipelineReport(113)) - Pipeline THREE PipelineID=a25894c6-e5b1-484a-87d6-36af27d05186 reported by 8678c500-2e6c-4337-9c3b-475f5e833751{ip: 192.168.157.213, host: pr-hdds-2241-master-j9rj8-2432081592, networkLocation: /default-rack, certSerialId: null}
2019-11-19 00:12:40,365 [8678c500-2e6c-4337-9c3b-475f5e833751@group-9F8176DA0C06-LeaderElection3] INFO  server.RaftServerConfigKeys (ConfUtils.java:logGet(43)) - raft.server.watch.element-limit = 65536 (default)
2019-11-19 00:12:40,365 [0268f058-fb11-4548-aa1f-192ad2abf2d8@group-0B3EE1F2558B-LeaderElection2] INFO  server.RaftServerConfigKeys (ConfUtils.java:logGet(43)) - raft.server.watch.timeout.denomination = 1s (default)
2019-11-19 00:12:40,365 [0268f058-fb11-4548-aa1f-192ad2abf2d8@group-0B3EE1F2558B-LeaderElection2] INFO  server.RaftServerConfigKeys (ConfUtils.java:logGet(43)) - raft.server.watch.element-limit = 65536 (default)
2019-11-19 00:12:40,365 [8678c500-2e6c-4337-9c3b-475f5e833751@group-9F8176DA0C06-LeaderElection3] INFO  impl.RoleInfo (RoleInfo.java:updateAndGet(143)) - 8678c500-2e6c-4337-9c3b-475f5e833751: start LeaderState
2019-11-19 00:12:40,366 [0268f058-fb11-4548-aa1f-192ad2abf2d8@group-0B3EE1F2558B-LeaderElection2] INFO  impl.RoleInfo (RoleInfo.java:updateAndGet(143)) - 0268f058-fb11-4548-aa1f-192ad2abf2d8: start LeaderState
2019-11-19 00:12:40,366 [8678c500-2e6c-4337-9c3b-475f5e833751@group-9F8176DA0C06-LeaderElection3] INFO  segmented.SegmentedRaftLogWorker (SegmentedRaftLogWorker.java:startLogSegment(385)) - 8678c500-2e6c-4337-9c3b-475f5e833751@group-9F8176DA0C06-SegmentedRaftLogWorker: Starting segment from index:0
2019-11-19 00:12:40,366 [0268f058-fb11-4548-aa1f-192ad2abf2d8@group-0B3EE1F2558B-LeaderElection2] INFO  segmented.SegmentedRaftLogWorker (SegmentedRaftLogWorker.java:startLogSegment(385)) - 0268f058-fb11-4548-aa1f-192ad2abf2d8@group-0B3EE1F2558B-SegmentedRaftLogWorker: Starting segment from index:0
2019-11-19 00:12:40,367 [8678c500-2e6c-4337-9c3b-475f5e833751@group-9F8176DA0C06-LeaderElection3] INFO  impl.RaftServerImpl (ServerState.java:setRaftConf(356)) - 8678c500-2e6c-4337-9c3b-475f5e833751@group-9F8176DA0C06: set configuration 0: [8678c500-2e6c-4337-9c3b-475f5e833751:192.168.157.213:38785], old=null at 0
2019-11-19 00:12:40,367 [0268f058-fb11-4548-aa1f-192ad2abf2d8@group-0B3EE1F2558B-LeaderElection2] INFO  impl.RaftServerImpl (ServerState.java:setRaftConf(356)) - 0268f058-fb11-4548-aa1f-192ad2abf2d8@group-0B3EE1F2558B: set configuration 0: [0268f058-fb11-4548-aa1f-192ad2abf2d8:192.168.157.213:42263], old=null at 0
2019-11-19 00:12:40,381 [8678c500-2e6c-4337-9c3b-475f5e833751@group-36AF27D05186-LeaderElection4] INFO  impl.LeaderElection (LeaderElection.java:askForVotes(178)) - 8678c500-2e6c-4337-9c3b-475f5e833751@group-36AF27D05186-LeaderElection4: begin an election at term 1 for -1: [64badc5b-1d26-4295-aeac-475b93178eb2:192.168.157.213:38652, 0268f058-fb11-4548-aa1f-192ad2abf2d8:192.168.157.213:42263, 8678c500-2e6c-4337-9c3b-475f5e833751:192.168.157.213:38785], old=null
2019-11-19 00:12:40,418 [Thread-308] INFO  impl.FollowerState (FollowerState.java:run(111)) - 88d9a86c-91a8-4958-be80-19dc6d27632d@group-BE6BBFD87705-FollowerState: change to CANDIDATE, lastRpcTime:5028ms, electionTimeout:5028ms
2019-11-19 00:12:40,419 [Thread-308] INFO  impl.RoleInfo (RoleInfo.java:shutdownFollowerState(121)) - 88d9a86c-91a8-4958-be80-19dc6d27632d: shutdown FollowerState
2019-11-19 00:12:40,419 [Thread-308] INFO  impl.RaftServerImpl (RaftServerImpl.java:setRole(173)) - 88d9a86c-91a8-4958-be80-19dc6d27632d@group-BE6BBFD87705: changes role from  FOLLOWER to CANDIDATE at term 0 for changeToCandidate
2019-11-19 00:12:40,419 [Thread-308] INFO  impl.RoleInfo (RoleInfo.java:updateAndGet(143)) - 88d9a86c-91a8-4958-be80-19dc6d27632d: start LeaderElection
2019-11-19 00:12:40,426 [Thread-298] INFO  impl.FollowerState (FollowerState.java:run(111)) - 64badc5b-1d26-4295-aeac-475b93178eb2@group-36AF27D05186-FollowerState: change to CANDIDATE, lastRpcTime:5100ms, electionTimeout:5097ms
2019-11-19 00:12:40,426 [Thread-298] INFO  impl.RoleInfo (RoleInfo.java:shutdownFollowerState(121)) - 64badc5b-1d26-4295-aeac-475b93178eb2: shutdown FollowerState
2019-11-19 00:12:40,426 [Thread-298] INFO  impl.RaftServerImpl (RaftServerImpl.java:setRole(173)) - 64badc5b-1d26-4295-aeac-475b93178eb2@group-36AF27D05186: changes role from  FOLLOWER to CANDIDATE at term 0 for changeToCandidate
2019-11-19 00:12:40,426 [Thread-298] INFO  impl.RoleInfo (RoleInfo.java:updateAndGet(143)) - 64badc5b-1d26-4295-aeac-475b93178eb2: start LeaderElection
2019-11-19 00:12:40,443 [Thread-304] INFO  impl.FollowerState (FollowerState.java:run(111)) - 384d2f4f-0571-4804-9846-a20995c60033@group-049A2157E156-FollowerState: change to CANDIDATE, lastRpcTime:5095ms, electionTimeout:5095ms
2019-11-19 00:12:40,443 [Thread-304] INFO  impl.RoleInfo (RoleInfo.java:shutdownFollowerState(121)) - 384d2f4f-0571-4804-9846-a20995c60033: shutdown FollowerState
2019-11-19 00:12:40,443 [Thread-304] INFO  impl.RaftServerImpl (RaftServerImpl.java:setRole(173)) - 384d2f4f-0571-4804-9846-a20995c60033@group-049A2157E156: changes role from  FOLLOWER to CANDIDATE at term 0 for changeToCandidate
2019-11-19 00:12:40,443 [Thread-304] INFO  impl.RoleInfo (RoleInfo.java:updateAndGet(143)) - 384d2f4f-0571-4804-9846-a20995c60033: start LeaderElection
2019-11-19 00:12:40,447 [88d9a86c-91a8-4958-be80-19dc6d27632d@group-BE6BBFD87705-LeaderElection5] INFO  impl.LeaderElection (LeaderElection.java:askForVotes(178)) - 88d9a86c-91a8-4958-be80-19dc6d27632d@group-BE6BBFD87705-LeaderElection5: begin an election at term 1 for -1: [88d9a86c-91a8-4958-be80-19dc6d27632d:192.168.157.213:42465], old=null
2019-11-19 00:12:40,447 [64badc5b-1d26-4295-aeac-475b93178eb2@group-36AF27D05186-LeaderElection6] INFO  impl.LeaderElection (LeaderElection.java:askForVotes(178)) - 64badc5b-1d26-4295-aeac-475b93178eb2@group-36AF27D05186-LeaderElection6: begin an election at term 1 for -1: [64badc5b-1d26-4295-aeac-475b93178eb2:192.168.157.213:38652, 0268f058-fb11-4548-aa1f-192ad2abf2d8:192.168.157.213:42263, 8678c500-2e6c-4337-9c3b-475f5e833751:192.168.157.213:38785], old=null
2019-11-19 00:12:40,447 [88d9a86c-91a8-4958-be80-19dc6d27632d@group-BE6BBFD87705-LeaderElection5] INFO  impl.RoleInfo (RoleInfo.java:shutdownLeaderElection(134)) - 88d9a86c-91a8-4958-be80-19dc6d27632d: shutdown LeaderElection
2019-11-19 00:12:40,447 [88d9a86c-91a8-4958-be80-19dc6d27632d@group-BE6BBFD87705-LeaderElection5] INFO  impl.RaftServerImpl (RaftServerImpl.java:setRole(173)) - 88d9a86c-91a8-4958-be80-19dc6d27632d@group-BE6BBFD87705: changes role from CANDIDATE to LEADER at term 1 for changeToLeader
2019-11-19 00:12:40,447 [88d9a86c-91a8-4958-be80-19dc6d27632d@group-BE6BBFD87705-LeaderElection5] INFO  ratis.XceiverServerRatis (XceiverServerRatis.java:handleLeaderChangedNotification(733)) - Leader change notification received for group: group-BE6BBFD87705 with new leaderId: 88d9a86c-91a8-4958-be80-19dc6d27632d
2019-11-19 00:12:40,448 [88d9a86c-91a8-4958-be80-19dc6d27632d@group-BE6BBFD87705-LeaderElection5] INFO  impl.RaftServerImpl (ServerState.java:setLeader(255)) - 88d9a86c-91a8-4958-be80-19dc6d27632d@group-BE6BBFD87705: change Leader from null to 88d9a86c-91a8-4958-be80-19dc6d27632d at term 1 for becomeLeader, leader elected after 5063ms
2019-11-19 00:12:40,448 [88d9a86c-91a8-4958-be80-19dc6d27632d@group-BE6BBFD87705-LeaderElection5] INFO  server.RaftServerConfigKeys (ConfUtils.java:logGet(43)) - raft.server.staging.catchup.gap = 1000 (default)
2019-11-19 00:12:40,448 [88d9a86c-91a8-4958-be80-19dc6d27632d@group-BE6BBFD87705-LeaderElection5] INFO  server.RaftServerConfigKeys (ConfUtils.java:logGet(43)) - raft.server.rpc.sleep.time = 25ms (default)
2019-11-19 00:12:40,448 [88d9a86c-91a8-4958-be80-19dc6d27632d@group-BE6BBFD87705-LeaderElection5] INFO  server.RaftServerConfigKeys (ConfUtils.java:logGet(43)) - raft.server.write.element-limit = 4096 (default)
2019-11-19 00:12:40,448 [88d9a86c-91a8-4958-be80-19dc6d27632d@group-BE6BBFD87705-LeaderElection5] INFO  server.RaftServerConfigKeys (ConfUtils.java:logGet(43)) - raft.server.watch.timeout = 10s (default)
2019-11-19 00:12:40,448 [88d9a86c-91a8-4958-be80-19dc6d27632d@group-BE6BBFD87705-LeaderElection5] INFO  server.RaftServerConfigKeys (ConfUtils.java:logGet(43)) - raft.server.watch.timeout.denomination = 1s (default)
2019-11-19 00:12:40,449 [88d9a86c-91a8-4958-be80-19dc6d27632d@group-BE6BBFD87705-LeaderElection5] INFO  server.RaftServerConfigKeys (ConfUtils.java:logGet(43)) - raft.server.watch.element-limit = 65536 (default)
2019-11-19 00:12:40,449 [88d9a86c-91a8-4958-be80-19dc6d27632d@group-BE6BBFD87705-LeaderElection5] INFO  impl.RoleInfo (RoleInfo.java:updateAndGet(143)) - 88d9a86c-91a8-4958-be80-19dc6d27632d: start LeaderState
2019-11-19 00:12:40,449 [EventQueue-PipelineReportForPipelineReportHandler] INFO  pipeline.PipelineReportHandler (PipelineReportHandler.java:processPipelineReport(113)) - Pipeline THREE PipelineID=c5520a36-7de8-444b-8df9-04b856a0c6a3 reported by 88d9a86c-91a8-4958-be80-19dc6d27632d{ip: 192.168.157.213, host: pr-hdds-2241-master-j9rj8-2432081592, networkLocation: /default-rack, certSerialId: null}
2019-11-19 00:12:40,449 [88d9a86c-91a8-4958-be80-19dc6d27632d@group-BE6BBFD87705-LeaderElection5] INFO  segmented.SegmentedRaftLogWorker (SegmentedRaftLogWorker.java:startLogSegment(385)) - 88d9a86c-91a8-4958-be80-19dc6d27632d@group-BE6BBFD87705-SegmentedRaftLogWorker: Starting segment from index:0
2019-11-19 00:12:40,450 [88d9a86c-91a8-4958-be80-19dc6d27632d@group-BE6BBFD87705-LeaderElection5] INFO  impl.RaftServerImpl (ServerState.java:setRaftConf(356)) - 88d9a86c-91a8-4958-be80-19dc6d27632d@group-BE6BBFD87705: set configuration 0: [88d9a86c-91a8-4958-be80-19dc6d27632d:192.168.157.213:42465], old=null at 0
2019-11-19 00:12:40,458 [Thread-301] INFO  impl.FollowerState (FollowerState.java:run(111)) - 766ea7d6-3a2a-43e6-adde-0551acbf0307@group-0DCC06137A71-FollowerState: change to CANDIDATE, lastRpcTime:5114ms, electionTimeout:5114ms
2019-11-19 00:12:40,459 [Thread-301] INFO  impl.RoleInfo (RoleInfo.java:shutdownFollowerState(121)) - 766ea7d6-3a2a-43e6-adde-0551acbf0307: shutdown FollowerState
2019-11-19 00:12:40,459 [Thread-301] INFO  impl.RaftServerImpl (RaftServerImpl.java:setRole(173)) - 766ea7d6-3a2a-43e6-adde-0551acbf0307@group-0DCC06137A71: changes role from  FOLLOWER to CANDIDATE at term 0 for changeToCandidate
2019-11-19 00:12:40,459 [Thread-301] INFO  impl.RoleInfo (RoleInfo.java:updateAndGet(143)) - 766ea7d6-3a2a-43e6-adde-0551acbf0307: start LeaderElection
2019-11-19 00:12:40,459 [Thread-307] INFO  impl.FollowerState (FollowerState.java:run(111)) - d1ad36f3-e0f7-4bd2-8d80-c82e74335b3b@group-04B856A0C6A3-FollowerState: change to CANDIDATE, lastRpcTime:5070ms, electionTimeout:5070ms
2019-11-19 00:12:40,497 [Thread-312] INFO  impl.FollowerState (FollowerState.java:run(111)) - 6ab0ccde-a1c3-4dcb-8bf2-e9547ffb2a27@group-0864F1BAA98E-FollowerState: change to CANDIDATE, lastRpcTime:5087ms, electionTimeout:5056ms
2019-11-19 00:12:40,500 [Thread-307] INFO  impl.RoleInfo (RoleInfo.java:shutdownFollowerState(121)) - d1ad36f3-e0f7-4bd2-8d80-c82e74335b3b: shutdown FollowerState
2019-11-19 00:12:40,499 [384d2f4f-0571-4804-9846-a20995c60033@group-049A2157E156-LeaderElection7] INFO  impl.LeaderElection (LeaderElection.java:askForVotes(178)) - 384d2f4f-0571-4804-9846-a20995c60033@group-049A2157E156-LeaderElection7: begin an election at term 1 for -1: [384d2f4f-0571-4804-9846-a20995c60033:192.168.157.213:36640], old=null
2019-11-19 00:12:40,499 [Thread-303] INFO  impl.FollowerState (FollowerState.java:run(111)) - 6ab0ccde-a1c3-4dcb-8bf2-e9547ffb2a27@group-56767EDE43F8-FollowerState: change to CANDIDATE, lastRpcTime:5154ms, electionTimeout:5152ms
2019-11-19 00:12:40,500 [384d2f4f-0571-4804-9846-a20995c60033@group-049A2157E156-LeaderElection7] INFO  impl.RoleInfo (RoleInfo.java:shutdownLeaderElection(134)) - 384d2f4f-0571-4804-9846-a20995c60033: shutdown LeaderElection
2019-11-19 00:12:40,500 [Thread-307] INFO  impl.RaftServerImpl (RaftServerImpl.java:setRole(173)) - d1ad36f3-e0f7-4bd2-8d80-c82e74335b3b@group-04B856A0C6A3: changes role from  FOLLOWER to CANDIDATE at term 0 for changeToCandidate
2019-11-19 00:12:40,500 [Thread-312] INFO  impl.RoleInfo (RoleInfo.java:shutdownFollowerState(121)) - 6ab0ccde-a1c3-4dcb-8bf2-e9547ffb2a27: shutdown FollowerState
2019-11-19 00:12:40,500 [384d2f4f-0571-4804-9846-a20995c60033@group-049A2157E156-LeaderElection7] INFO  impl.RaftServerImpl (RaftServerImpl.java:setRole(173)) - 384d2f4f-0571-4804-9846-a20995c60033@group-049A2157E156: changes role from CANDIDATE to LEADER at term 1 for changeToLeader
2019-11-19 00:12:40,500 [Thread-303] INFO  impl.RoleInfo (RoleInfo.java:shutdownFollowerState(121)) - 6ab0ccde-a1c3-4dcb-8bf2-e9547ffb2a27: shutdown FollowerState
2019-11-19 00:12:40,501 [Thread-294] INFO  impl.FollowerState (FollowerState.java:run(111)) - 0268f058-fb11-4548-aa1f-192ad2abf2d8@group-36AF27D05186-FollowerState: change to CANDIDATE, lastRpcTime:5184ms, electionTimeout:5184ms
2019-11-19 00:12:40,501 [384d2f4f-0571-4804-9846-a20995c60033@group-049A2157E156-LeaderElection7] INFO  ratis.XceiverServerRatis (XceiverServerRatis.java:handleLeaderChangedNotification(733)) - Leader change notification received for group: group-049A2157E156 with new leaderId: 384d2f4f-0571-4804-9846-a20995c60033
2019-11-19 00:12:40,500 [Thread-312] INFO  impl.RaftServerImpl (RaftServerImpl.java:setRole(173)) - 6ab0ccde-a1c3-4dcb-8bf2-e9547ffb2a27@group-0864F1BAA98E: changes role from  FOLLOWER to CANDIDATE at term 0 for changeToCandidate
2019-11-19 00:12:40,500 [Thread-307] INFO  impl.RoleInfo (RoleInfo.java:updateAndGet(143)) - d1ad36f3-e0f7-4bd2-8d80-c82e74335b3b: start LeaderElection
2019-11-19 00:12:40,501 [Thread-312] INFO  impl.RoleInfo (RoleInfo.java:updateAndGet(143)) - 6ab0ccde-a1c3-4dcb-8bf2-e9547ffb2a27: start LeaderElection
2019-11-19 00:12:40,501 [384d2f4f-0571-4804-9846-a20995c60033@group-049A2157E156-LeaderElection7] INFO  impl.RaftServerImpl (ServerState.java:setLeader(255)) - 384d2f4f-0571-4804-9846-a20995c60033@group-049A2157E156: change Leader from null to 384d2f4f-0571-4804-9846-a20995c60033 at term 1 for becomeLeader, leader elected after 5175ms
2019-11-19 00:12:40,501 [Thread-294] INFO  impl.RoleInfo (RoleInfo.java:shutdownFollowerState(121)) - 0268f058-fb11-4548-aa1f-192ad2abf2d8: shutdown FollowerState
2019-11-19 00:12:40,501 [Thread-303] INFO  impl.RaftServerImpl (RaftServerImpl.java:setRole(173)) - 6ab0ccde-a1c3-4dcb-8bf2-e9547ffb2a27@group-56767EDE43F8: changes role from  FOLLOWER to CANDIDATE at term 0 for changeToCandidate
2019-11-19 00:12:40,503 [Thread-294] INFO  impl.RaftServerImpl (RaftServerImpl.java:setRole(173)) - 0268f058-fb11-4548-aa1f-192ad2abf2d8@group-36AF27D05186: changes role from  FOLLOWER to CANDIDATE at term 0 for changeToCandidate
2019-11-19 00:12:40,502 [Thread-297] INFO  impl.FollowerState (FollowerState.java:run(111)) - d1ad36f3-e0f7-4bd2-8d80-c82e74335b3b@group-5A7767573569-FollowerState: change to CANDIDATE, lastRpcTime:5177ms, electionTimeout:5176ms
2019-11-19 00:12:40,502 [384d2f4f-0571-4804-9846-a20995c60033@group-049A2157E156-LeaderElection7] INFO  server.RaftServerConfigKeys (ConfUtils.java:logGet(43)) - raft.server.staging.catchup.gap = 1000 (default)
2019-11-19 00:12:40,509 [Thread-297] INFO  impl.RoleInfo (RoleInfo.java:shutdownFollowerState(121)) - d1ad36f3-e0f7-4bd2-8d80-c82e74335b3b: shutdown FollowerState
2019-11-19 00:12:40,509 [384d2f4f-0571-4804-9846-a20995c60033@group-049A2157E156-LeaderElection7] INFO  server.RaftServerConfigKeys (ConfUtils.java:logGet(43)) - raft.server.rpc.sleep.time = 25ms (default)
2019-11-19 00:12:40,509 [Thread-294] INFO  impl.RoleInfo (RoleInfo.java:updateAndGet(143)) - 0268f058-fb11-4548-aa1f-192ad2abf2d8: start LeaderElection
2019-11-19 00:12:40,509 [Thread-303] INFO  impl.RoleInfo (RoleInfo.java:updateAndGet(143)) - 6ab0ccde-a1c3-4dcb-8bf2-e9547ffb2a27: start LeaderElection
2019-11-19 00:12:40,509 [384d2f4f-0571-4804-9846-a20995c60033@group-049A2157E156-LeaderElection7] INFO  server.RaftServerConfigKeys (ConfUtils.java:logGet(43)) - raft.server.write.element-limit = 4096 (default)
2019-11-19 00:12:40,509 [EventQueue-PipelineReportForPipelineReportHandler] INFO  pipeline.PipelineReportHandler (PipelineReportHandler.java:processPipelineReport(113)) - Pipeline THREE PipelineID=1a7d0b34-c700-43c0-9c00-0864f1baa98e reported by 384d2f4f-0571-4804-9846-a20995c60033{ip: 192.168.157.213, host: pr-hdds-2241-master-j9rj8-2432081592, networkLocation: /default-rack, certSerialId: null}
2019-11-19 00:12:40,509 [Thread-297] INFO  impl.RaftServerImpl (RaftServerImpl.java:setRole(173)) - d1ad36f3-e0f7-4bd2-8d80-c82e74335b3b@group-5A7767573569: changes role from  FOLLOWER to CANDIDATE at term 0 for changeToCandidate
2019-11-19 00:12:40,510 [384d2f4f-0571-4804-9846-a20995c60033@group-049A2157E156-LeaderElection7] INFO  server.RaftServerConfigKeys (ConfUtils.java:logGet(43)) - raft.server.watch.timeout = 10s (default)
2019-11-19 00:12:40,516 [Thread-297] INFO  impl.RoleInfo (RoleInfo.java:updateAndGet(143)) - d1ad36f3-e0f7-4bd2-8d80-c82e74335b3b: start LeaderElection
2019-11-19 00:12:40,516 [384d2f4f-0571-4804-9846-a20995c60033@group-049A2157E156-LeaderElection7] INFO  server.RaftServerConfigKeys (ConfUtils.java:logGet(43)) - raft.server.watch.timeout.denomination = 1s (default)
2019-11-19 00:12:40,516 [384d2f4f-0571-4804-9846-a20995c60033@group-049A2157E156-LeaderElection7] INFO  server.RaftServerConfigKeys (ConfUtils.java:logGet(43)) - raft.server.watch.element-limit = 65536 (default)
2019-11-19 00:12:40,518 [Thread-310] INFO  impl.FollowerState (FollowerState.java:run(111)) - 384d2f4f-0571-4804-9846-a20995c60033@group-0864F1BAA98E-FollowerState: change to CANDIDATE, lastRpcTime:5110ms, electionTimeout:5110ms
2019-11-19 00:12:40,519 [384d2f4f-0571-4804-9846-a20995c60033@group-049A2157E156-LeaderElection7] INFO  impl.RoleInfo (RoleInfo.java:updateAndGet(143)) - 384d2f4f-0571-4804-9846-a20995c60033: start LeaderState
2019-11-19 00:12:40,520 [Thread-310] INFO  impl.RoleInfo (RoleInfo.java:shutdownFollowerState(121)) - 384d2f4f-0571-4804-9846-a20995c60033: shutdown FollowerState
2019-11-19 00:12:40,520 [Thread-310] INFO  impl.RaftServerImpl (RaftServerImpl.java:setRole(173)) - 384d2f4f-0571-4804-9846-a20995c60033@group-0864F1BAA98E: changes role from  FOLLOWER to CANDIDATE at term 0 for changeToCandidate
2019-11-19 00:12:40,520 [384d2f4f-0571-4804-9846-a20995c60033@group-049A2157E156-LeaderElection7] INFO  segmented.SegmentedRaftLogWorker (SegmentedRaftLogWorker.java:startLogSegment(385)) - 384d2f4f-0571-4804-9846-a20995c60033@group-049A2157E156-SegmentedRaftLogWorker: Starting segment from index:0
2019-11-19 00:12:40,520 [Thread-310] INFO  impl.RoleInfo (RoleInfo.java:updateAndGet(143)) - 384d2f4f-0571-4804-9846-a20995c60033: start LeaderElection
2019-11-19 00:12:40,523 [384d2f4f-0571-4804-9846-a20995c60033@group-049A2157E156-LeaderElection7] INFO  impl.RaftServerImpl (ServerState.java:setRaftConf(356)) - 384d2f4f-0571-4804-9846-a20995c60033@group-049A2157E156: set configuration 0: [384d2f4f-0571-4804-9846-a20995c60033:192.168.157.213:36640], old=null at 0
2019-11-19 00:12:40,553 [main] INFO  ozone.MiniOzoneClusterImpl (MiniOzoneClusterImpl.java:lambda$waitForClusterToBeReady$0(150)) - Nodes are ready. Got 10 of 10 DN Heartbeats.
2019-11-19 00:12:40,554 [64badc5b-1d26-4295-aeac-475b93178eb2@group-33E211C2426B-SegmentedRaftLogWorker] INFO  segmented.SegmentedRaftLogWorker (SegmentedRaftLogWorker.java:execute(576)) - 64badc5b-1d26-4295-aeac-475b93178eb2@group-33E211C2426B-SegmentedRaftLogWorker: created new log segment /workdir/hadoop-ozone/integration-test/target/test-dir/MiniOzoneClusterImpl-44984baa-697f-41c4-9b49-b72e5718b1cd/datanode-0/data/ratis/f607925e-f2c9-4e84-af67-33e211c2426b/current/log_inprogress_0
2019-11-19 00:12:40,554 [766ea7d6-3a2a-43e6-adde-0551acbf0307@group-0DCC06137A71-LeaderElection8] INFO  impl.LeaderElection (LeaderElection.java:askForVotes(178)) - 766ea7d6-3a2a-43e6-adde-0551acbf0307@group-0DCC06137A71-LeaderElection8: begin an election at term 1 for -1: [766ea7d6-3a2a-43e6-adde-0551acbf0307:192.168.157.213:35450], old=null
2019-11-19 00:12:40,554 [d1ad36f3-e0f7-4bd2-8d80-c82e74335b3b@group-04B856A0C6A3-LeaderElection9] INFO  impl.LeaderElection (LeaderElection.java:askForVotes(178)) - d1ad36f3-e0f7-4bd2-8d80-c82e74335b3b@group-04B856A0C6A3-LeaderElection9: begin an election at term 1 for -1: [4ef12a2f-5b98-4782-89eb-d41a56677dfd:192.168.157.213:37821, d1ad36f3-e0f7-4bd2-8d80-c82e74335b3b:192.168.157.213:43236, 88d9a86c-91a8-4958-be80-19dc6d27632d:192.168.157.213:42465], old=null
2019-11-19 00:12:40,554 [main] INFO  ozone.MiniOzoneClusterImpl (MiniOzoneClusterImpl.java:lambda$waitForClusterToBeReady$0(153)) - Waiting for cluster to exit safe mode
2019-11-19 00:12:40,554 [88d9a86c-91a8-4958-be80-19dc6d27632d@group-BE6BBFD87705-SegmentedRaftLogWorker] INFO  segmented.SegmentedRaftLogWorker (SegmentedRaftLogWorker.java:execute(576)) - 88d9a86c-91a8-4958-be80-19dc6d27632d@group-BE6BBFD87705-SegmentedRaftLogWorker: created new log segment /workdir/hadoop-ozone/integration-test/target/test-dir/MiniOzoneClusterImpl-44984baa-697f-41c4-9b49-b72e5718b1cd/datanode-7/data/ratis/02002385-64b7-4994-a550-be6bbfd87705/current/log_inprogress_0
2019-11-19 00:12:40,554 [6ab0ccde-a1c3-4dcb-8bf2-e9547ffb2a27@group-0864F1BAA98E-LeaderElection10] INFO  impl.LeaderElection (LeaderElection.java:askForVotes(178)) - 6ab0ccde-a1c3-4dcb-8bf2-e9547ffb2a27@group-0864F1BAA98E-LeaderElection10: begin an election at term 1 for -1: [6ab0ccde-a1c3-4dcb-8bf2-e9547ffb2a27:192.168.157.213:34614, 384d2f4f-0571-4804-9846-a20995c60033:192.168.157.213:36640, 766ea7d6-3a2a-43e6-adde-0551acbf0307:192.168.157.213:35450], old=null
2019-11-19 00:12:40,554 [0268f058-fb11-4548-aa1f-192ad2abf2d8@group-0B3EE1F2558B-SegmentedRaftLogWorker] INFO  segmented.SegmentedRaftLogWorker (SegmentedRaftLogWorker.java:execute(576)) - 0268f058-fb11-4548-aa1f-192ad2abf2d8@group-0B3EE1F2558B-SegmentedRaftLogWorker: created new log segment /workdir/hadoop-ozone/integration-test/target/test-dir/MiniOzoneClusterImpl-44984baa-697f-41c4-9b49-b72e5718b1cd/datanode-1/data/ratis/9561c9b0-a1ae-4a3d-843a-0b3ee1f2558b/current/log_inprogress_0
2019-11-19 00:12:40,554 [8678c500-2e6c-4337-9c3b-475f5e833751@group-9F8176DA0C06-SegmentedRaftLogWorker] INFO  segmented.SegmentedRaftLogWorker (SegmentedRaftLogWorker.java:execute(576)) - 8678c500-2e6c-4337-9c3b-475f5e833751@group-9F8176DA0C06-SegmentedRaftLogWorker: created new log segment /workdir/hadoop-ozone/integration-test/target/test-dir/MiniOzoneClusterImpl-44984baa-697f-41c4-9b49-b72e5718b1cd/datanode-2/data/ratis/51352e16-48cd-493d-8d62-9f8176da0c06/current/log_inprogress_0
2019-11-19 00:12:40,554 [d1ad36f3-e0f7-4bd2-8d80-c82e74335b3b@group-5A7767573569-LeaderElection13] INFO  impl.LeaderElection (LeaderElection.java:askForVotes(178)) - d1ad36f3-e0f7-4bd2-8d80-c82e74335b3b@group-5A7767573569-LeaderElection13: begin an election at term 1 for -1: [d1ad36f3-e0f7-4bd2-8d80-c82e74335b3b:192.168.157.213:43236], old=null
2019-11-19 00:12:40,554 [766ea7d6-3a2a-43e6-adde-0551acbf0307@group-0DCC06137A71-LeaderElection8] INFO  impl.RoleInfo (RoleInfo.java:shutdownLeaderElection(134)) - 766ea7d6-3a2a-43e6-adde-0551acbf0307: shutdown LeaderElection
2019-11-19 00:12:40,555 [d1ad36f3-e0f7-4bd2-8d80-c82e74335b3b@group-5A7767573569-LeaderElection13] INFO  impl.RoleInfo (RoleInfo.java:shutdownLeaderElection(134)) - d1ad36f3-e0f7-4bd2-8d80-c82e74335b3b: shutdown LeaderElection
2019-11-19 00:12:40,555 [766ea7d6-3a2a-43e6-adde-0551acbf0307@group-0DCC06137A71-LeaderElection8] INFO  impl.RaftServerImpl (RaftServerImpl.java:setRole(173)) - 766ea7d6-3a2a-43e6-adde-0551acbf0307@group-0DCC06137A71: changes role from CANDIDATE to LEADER at term 1 for changeToLeader
2019-11-19 00:12:40,555 [d1ad36f3-e0f7-4bd2-8d80-c82e74335b3b@group-5A7767573569-LeaderElection13] INFO  impl.RaftServerImpl (RaftServerImpl.java:setRole(173)) - d1ad36f3-e0f7-4bd2-8d80-c82e74335b3b@group-5A7767573569: changes role from CANDIDATE to LEADER at term 1 for changeToLeader
2019-11-19 00:12:40,556 [766ea7d6-3a2a-43e6-adde-0551acbf0307@group-0DCC06137A71-LeaderElection8] INFO  ratis.XceiverServerRatis (XceiverServerRatis.java:handleLeaderChangedNotification(733)) - Leader change notification received for group: group-0DCC06137A71 with new leaderId: 766ea7d6-3a2a-43e6-adde-0551acbf0307
2019-11-19 00:12:40,556 [d1ad36f3-e0f7-4bd2-8d80-c82e74335b3b@group-5A7767573569-LeaderElection13] INFO  ratis.XceiverServerRatis (XceiverServerRatis.java:handleLeaderChangedNotification(733)) - Leader change notification received for group: group-5A7767573569 with new leaderId: d1ad36f3-e0f7-4bd2-8d80-c82e74335b3b
2019-11-19 00:12:40,556 [766ea7d6-3a2a-43e6-adde-0551acbf0307@group-0DCC06137A71-LeaderElection8] INFO  impl.RaftServerImpl (ServerState.java:setLeader(255)) - 766ea7d6-3a2a-43e6-adde-0551acbf0307@group-0DCC06137A71: change Leader from null to 766ea7d6-3a2a-43e6-adde-0551acbf0307 at term 1 for becomeLeader, leader elected after 5230ms
2019-11-19 00:12:40,556 [d1ad36f3-e0f7-4bd2-8d80-c82e74335b3b@group-5A7767573569-LeaderElection13] INFO  impl.RaftServerImpl (ServerState.java:setLeader(255)) - d1ad36f3-e0f7-4bd2-8d80-c82e74335b3b@group-5A7767573569: change Leader from null to d1ad36f3-e0f7-4bd2-8d80-c82e74335b3b at term 1 for becomeLeader, leader elected after 5258ms
2019-11-19 00:12:40,556 [766ea7d6-3a2a-43e6-adde-0551acbf0307@group-0DCC06137A71-LeaderElection8] INFO  server.RaftServerConfigKeys (ConfUtils.java:logGet(43)) - raft.server.staging.catchup.gap = 1000 (default)
2019-11-19 00:12:40,556 [d1ad36f3-e0f7-4bd2-8d80-c82e74335b3b@group-5A7767573569-LeaderElection13] INFO  server.RaftServerConfigKeys (ConfUtils.java:logGet(43)) - raft.server.staging.catchup.gap = 1000 (default)
2019-11-19 00:12:40,556 [766ea7d6-3a2a-43e6-adde-0551acbf0307@group-0DCC06137A71-LeaderElection8] INFO  server.RaftServerConfigKeys (ConfUtils.java:logGet(43)) - raft.server.rpc.sleep.time = 25ms (default)
2019-11-19 00:12:40,557 [d1ad36f3-e0f7-4bd2-8d80-c82e74335b3b@group-5A7767573569-LeaderElection13] INFO  server.RaftServerConfigKeys (ConfUtils.java:logGet(43)) - raft.server.rpc.sleep.time = 25ms (default)
2019-11-19 00:12:40,557 [766ea7d6-3a2a-43e6-adde-0551acbf0307@group-0DCC06137A71-LeaderElection8] INFO  server.RaftServerConfigKeys (ConfUtils.java:logGet(43)) - raft.server.write.element-limit = 4096 (default)
2019-11-19 00:12:40,557 [d1ad36f3-e0f7-4bd2-8d80-c82e74335b3b@group-5A7767573569-LeaderElection13] INFO  server.RaftServerConfigKeys (ConfUtils.java:logGet(43)) - raft.server.write.element-limit = 4096 (default)
2019-11-19 00:12:40,557 [766ea7d6-3a2a-43e6-adde-0551acbf0307@group-0DCC06137A71-LeaderElection8] INFO  server.RaftServerConfigKeys (ConfUtils.java:logGet(43)) - raft.server.watch.timeout = 10s (default)
2019-11-19 00:12:40,557 [d1ad36f3-e0f7-4bd2-8d80-c82e74335b3b@group-5A7767573569-LeaderElection13] INFO  server.RaftServerConfigKeys (ConfUtils.java:logGet(43)) - raft.server.watch.timeout = 10s (default)
2019-11-19 00:12:40,557 [766ea7d6-3a2a-43e6-adde-0551acbf0307@group-0DCC06137A71-LeaderElection8] INFO  server.RaftServerConfigKeys (ConfUtils.java:logGet(43)) - raft.server.watch.timeout.denomination = 1s (default)
2019-11-19 00:12:40,558 [EventQueue-PipelineReportForPipelineReportHandler] INFO  pipeline.PipelineReportHandler (PipelineReportHandler.java:processPipelineReport(113)) - Pipeline THREE PipelineID=1a7d0b34-c700-43c0-9c00-0864f1baa98e reported by 766ea7d6-3a2a-43e6-adde-0551acbf0307{ip: 192.168.157.213, host: pr-hdds-2241-master-j9rj8-2432081592, networkLocation: /default-rack, certSerialId: null}
2019-11-19 00:12:40,558 [d1ad36f3-e0f7-4bd2-8d80-c82e74335b3b@group-5A7767573569-LeaderElection13] INFO  server.RaftServerConfigKeys (ConfUtils.java:logGet(43)) - raft.server.watch.timeout.denomination = 1s (default)
2019-11-19 00:12:40,558 [EventQueue-PipelineReportForPipelineReportHandler] INFO  pipeline.PipelineReportHandler (PipelineReportHandler.java:processPipelineReport(113)) - Pipeline THREE PipelineID=c5520a36-7de8-444b-8df9-04b856a0c6a3 reported by d1ad36f3-e0f7-4bd2-8d80-c82e74335b3b{ip: 192.168.157.213, host: pr-hdds-2241-master-j9rj8-2432081592, networkLocation: /default-rack, certSerialId: null}
2019-11-19 00:12:40,558 [766ea7d6-3a2a-43e6-adde-0551acbf0307@group-0DCC06137A71-LeaderElection8] INFO  server.RaftServerConfigKeys (ConfUtils.java:logGet(43)) - raft.server.watch.element-limit = 65536 (default)
2019-11-19 00:12:40,558 [Thread-314] INFO  impl.FollowerState (FollowerState.java:run(111)) - 766ea7d6-3a2a-43e6-adde-0551acbf0307@group-0864F1BAA98E-FollowerState: change to CANDIDATE, lastRpcTime:5147ms, electionTimeout:5147ms
2019-11-19 00:12:40,558 [d1ad36f3-e0f7-4bd2-8d80-c82e74335b3b@group-5A7767573569-LeaderElection13] INFO  server.RaftServerConfigKeys (ConfUtils.java:logGet(43)) - raft.server.watch.element-limit = 65536 (default)
2019-11-19 00:12:40,559 [766ea7d6-3a2a-43e6-adde-0551acbf0307@group-0DCC06137A71-LeaderElection8] INFO  impl.RoleInfo (RoleInfo.java:updateAndGet(143)) - 766ea7d6-3a2a-43e6-adde-0551acbf0307: start LeaderState
2019-11-19 00:12:40,558 [Thread-314] INFO  impl.RoleInfo (RoleInfo.java:shutdownFollowerState(121)) - 766ea7d6-3a2a-43e6-adde-0551acbf0307: shutdown FollowerState
2019-11-19 00:12:40,559 [d1ad36f3-e0f7-4bd2-8d80-c82e74335b3b@group-5A7767573569-LeaderElection13] INFO  impl.RoleInfo (RoleInfo.java:updateAndGet(143)) - d1ad36f3-e0f7-4bd2-8d80-c82e74335b3b: start LeaderState
2019-11-19 00:12:40,559 [766ea7d6-3a2a-43e6-adde-0551acbf0307@group-0DCC06137A71-LeaderElection8] INFO  segmented.SegmentedRaftLogWorker (SegmentedRaftLogWorker.java:startLogSegment(385)) - 766ea7d6-3a2a-43e6-adde-0551acbf0307@group-0DCC06137A71-SegmentedRaftLogWorker: Starting segment from index:0
2019-11-19 00:12:40,559 [Thread-314] INFO  impl.RaftServerImpl (RaftServerImpl.java:setRole(173)) - 766ea7d6-3a2a-43e6-adde-0551acbf0307@group-0864F1BAA98E: changes role from  FOLLOWER to CANDIDATE at term 0 for changeToCandidate
2019-11-19 00:12:40,559 [d1ad36f3-e0f7-4bd2-8d80-c82e74335b3b@group-5A7767573569-LeaderElection13] INFO  segmented.SegmentedRaftLogWorker (SegmentedRaftLogWorker.java:startLogSegment(385)) - d1ad36f3-e0f7-4bd2-8d80-c82e74335b3b@group-5A7767573569-SegmentedRaftLogWorker: Starting segment from index:0
2019-11-19 00:12:40,559 [Thread-314] INFO  impl.RoleInfo (RoleInfo.java:updateAndGet(143)) - 766ea7d6-3a2a-43e6-adde-0551acbf0307: start LeaderElection
2019-11-19 00:12:40,560 [766ea7d6-3a2a-43e6-adde-0551acbf0307@group-0DCC06137A71-LeaderElection8] INFO  impl.RaftServerImpl (ServerState.java:setRaftConf(356)) - 766ea7d6-3a2a-43e6-adde-0551acbf0307@group-0DCC06137A71: set configuration 0: [766ea7d6-3a2a-43e6-adde-0551acbf0307:192.168.157.213:35450], old=null at 0
2019-11-19 00:12:40,585 [384d2f4f-0571-4804-9846-a20995c60033@group-049A2157E156-SegmentedRaftLogWorker] INFO  segmented.SegmentedRaftLogWorker (SegmentedRaftLogWorker.java:execute(576)) - 384d2f4f-0571-4804-9846-a20995c60033@group-049A2157E156-SegmentedRaftLogWorker: created new log segment /workdir/hadoop-ozone/integration-test/target/test-dir/MiniOzoneClusterImpl-44984baa-697f-41c4-9b49-b72e5718b1cd/datanode-4/data/ratis/c3f3754b-64bc-41d9-9d28-049a2157e156/current/log_inprogress_0
2019-11-19 00:12:40,585 [6ab0ccde-a1c3-4dcb-8bf2-e9547ffb2a27@group-56767EDE43F8-LeaderElection11] INFO  impl.LeaderElection (LeaderElection.java:askForVotes(178)) - 6ab0ccde-a1c3-4dcb-8bf2-e9547ffb2a27@group-56767EDE43F8-LeaderElection11: begin an election at term 1 for -1: [6ab0ccde-a1c3-4dcb-8bf2-e9547ffb2a27:192.168.157.213:34614], old=null
2019-11-19 00:12:40,586 [6ab0ccde-a1c3-4dcb-8bf2-e9547ffb2a27@group-56767EDE43F8-LeaderElection11] INFO  impl.RoleInfo (RoleInfo.java:shutdownLeaderElection(134)) - 6ab0ccde-a1c3-4dcb-8bf2-e9547ffb2a27: shutdown LeaderElection
2019-11-19 00:12:40,585 [0268f058-fb11-4548-aa1f-192ad2abf2d8@group-36AF27D05186-LeaderElection12] INFO  impl.LeaderElection (LeaderElection.java:askForVotes(178)) - 0268f058-fb11-4548-aa1f-192ad2abf2d8@group-36AF27D05186-LeaderElection12: begin an election at term 1 for -1: [64badc5b-1d26-4295-aeac-475b93178eb2:192.168.157.213:38652, 0268f058-fb11-4548-aa1f-192ad2abf2d8:192.168.157.213:42263, 8678c500-2e6c-4337-9c3b-475f5e833751:192.168.157.213:38785], old=null
2019-11-19 00:12:40,585 [384d2f4f-0571-4804-9846-a20995c60033@group-0864F1BAA98E-LeaderElection14] INFO  impl.LeaderElection (LeaderElection.java:askForVotes(178)) - 384d2f4f-0571-4804-9846-a20995c60033@group-0864F1BAA98E-LeaderElection14: begin an election at term 1 for -1: [6ab0ccde-a1c3-4dcb-8bf2-e9547ffb2a27:192.168.157.213:34614, 384d2f4f-0571-4804-9846-a20995c60033:192.168.157.213:36640, 766ea7d6-3a2a-43e6-adde-0551acbf0307:192.168.157.213:35450], old=null
2019-11-19 00:12:40,590 [d1ad36f3-e0f7-4bd2-8d80-c82e74335b3b@group-5A7767573569-LeaderElection13] INFO  impl.RaftServerImpl (ServerState.java:setRaftConf(356)) - d1ad36f3-e0f7-4bd2-8d80-c82e74335b3b@group-5A7767573569: set configuration 0: [d1ad36f3-e0f7-4bd2-8d80-c82e74335b3b:192.168.157.213:43236], old=null at 0
2019-11-19 00:12:40,590 [6ab0ccde-a1c3-4dcb-8bf2-e9547ffb2a27@group-56767EDE43F8-LeaderElection11] INFO  impl.RaftServerImpl (RaftServerImpl.java:setRole(173)) - 6ab0ccde-a1c3-4dcb-8bf2-e9547ffb2a27@group-56767EDE43F8: changes role from CANDIDATE to LEADER at term 1 for changeToLeader
2019-11-19 00:12:40,616 [6ab0ccde-a1c3-4dcb-8bf2-e9547ffb2a27@group-56767EDE43F8-LeaderElection11] INFO  ratis.XceiverServerRatis (XceiverServerRatis.java:handleLeaderChangedNotification(733)) - Leader change notification received for group: group-56767EDE43F8 with new leaderId: 6ab0ccde-a1c3-4dcb-8bf2-e9547ffb2a27
2019-11-19 00:12:40,616 [6ab0ccde-a1c3-4dcb-8bf2-e9547ffb2a27@group-56767EDE43F8-LeaderElection11] INFO  impl.RaftServerImpl (ServerState.java:setLeader(255)) - 6ab0ccde-a1c3-4dcb-8bf2-e9547ffb2a27@group-56767EDE43F8: change Leader from null to 6ab0ccde-a1c3-4dcb-8bf2-e9547ffb2a27 at term 1 for becomeLeader, leader elected after 5291ms
2019-11-19 00:12:40,617 [6ab0ccde-a1c3-4dcb-8bf2-e9547ffb2a27@group-56767EDE43F8-LeaderElection11] INFO  server.RaftServerConfigKeys (ConfUtils.java:logGet(43)) - raft.server.staging.catchup.gap = 1000 (default)
2019-11-19 00:12:40,617 [6ab0ccde-a1c3-4dcb-8bf2-e9547ffb2a27@group-56767EDE43F8-LeaderElection11] INFO  server.RaftServerConfigKeys (ConfUtils.java:logGet(43)) - raft.server.rpc.sleep.time = 25ms (default)
2019-11-19 00:12:40,617 [6ab0ccde-a1c3-4dcb-8bf2-e9547ffb2a27@group-56767EDE43F8-LeaderElection11] INFO  server.RaftServerConfigKeys (ConfUtils.java:logGet(43)) - raft.server.write.element-limit = 4096 (default)
2019-11-19 00:12:40,618 [EventQueue-PipelineReportForPipelineReportHandler] INFO  pipeline.PipelineReportHandler (PipelineReportHandler.java:processPipelineReport(113)) - Pipeline THREE PipelineID=1a7d0b34-c700-43c0-9c00-0864f1baa98e reported by 6ab0ccde-a1c3-4dcb-8bf2-e9547ffb2a27{ip: 192.168.157.213, host: pr-hdds-2241-master-j9rj8-2432081592, networkLocation: /default-rack, certSerialId: null}
2019-11-19 00:12:40,618 [6ab0ccde-a1c3-4dcb-8bf2-e9547ffb2a27@group-56767EDE43F8-LeaderElection11] INFO  server.RaftServerConfigKeys (ConfUtils.java:logGet(43)) - raft.server.watch.timeout = 10s (default)
2019-11-19 00:12:40,618 [6ab0ccde-a1c3-4dcb-8bf2-e9547ffb2a27@group-56767EDE43F8-LeaderElection11] INFO  server.RaftServerConfigKeys (ConfUtils.java:logGet(43)) - raft.server.watch.timeout.denomination = 1s (default)
2019-11-19 00:12:40,619 [6ab0ccde-a1c3-4dcb-8bf2-e9547ffb2a27@group-56767EDE43F8-LeaderElection11] INFO  server.RaftServerConfigKeys (ConfUtils.java:logGet(43)) - raft.server.watch.element-limit = 65536 (default)
2019-11-19 00:12:40,619 [766ea7d6-3a2a-43e6-adde-0551acbf0307@group-0DCC06137A71-SegmentedRaftLogWorker] INFO  segmented.SegmentedRaftLogWorker (SegmentedRaftLogWorker.java:execute(576)) - 766ea7d6-3a2a-43e6-adde-0551acbf0307@group-0DCC06137A71-SegmentedRaftLogWorker: created new log segment /workdir/hadoop-ozone/integration-test/target/test-dir/MiniOzoneClusterImpl-44984baa-697f-41c4-9b49-b72e5718b1cd/datanode-3/data/ratis/aa5998e8-b89f-46b0-9ed6-0dcc06137a71/current/log_inprogress_0
2019-11-19 00:12:40,619 [6ab0ccde-a1c3-4dcb-8bf2-e9547ffb2a27@group-56767EDE43F8-LeaderElection11] INFO  impl.RoleInfo (RoleInfo.java:updateAndGet(143)) - 6ab0ccde-a1c3-4dcb-8bf2-e9547ffb2a27: start LeaderState
2019-11-19 00:12:40,620 [6ab0ccde-a1c3-4dcb-8bf2-e9547ffb2a27@group-56767EDE43F8-LeaderElection11] INFO  segmented.SegmentedRaftLogWorker (SegmentedRaftLogWorker.java:startLogSegment(385)) - 6ab0ccde-a1c3-4dcb-8bf2-e9547ffb2a27@group-56767EDE43F8-SegmentedRaftLogWorker: Starting segment from index:0
2019-11-19 00:12:40,621 [6ab0ccde-a1c3-4dcb-8bf2-e9547ffb2a27@group-56767EDE43F8-LeaderElection11] INFO  impl.RaftServerImpl (ServerState.java:setRaftConf(356)) - 6ab0ccde-a1c3-4dcb-8bf2-e9547ffb2a27@group-56767EDE43F8: set configuration 0: [6ab0ccde-a1c3-4dcb-8bf2-e9547ffb2a27:192.168.157.213:34614], old=null at 0
2019-11-19 00:12:40,646 [d1ad36f3-e0f7-4bd2-8d80-c82e74335b3b@group-5A7767573569-SegmentedRaftLogWorker] INFO  segmented.SegmentedRaftLogWorker (SegmentedRaftLogWorker.java:execute(576)) - d1ad36f3-e0f7-4bd2-8d80-c82e74335b3b@group-5A7767573569-SegmentedRaftLogWorker: created new log segment /workdir/hadoop-ozone/integration-test/target/test-dir/MiniOzoneClusterImpl-44984baa-697f-41c4-9b49-b72e5718b1cd/datanode-6/data/ratis/73a70b8c-0a43-45a6-a88b-5a7767573569/current/log_inprogress_0
2019-11-19 00:12:40,646 [766ea7d6-3a2a-43e6-adde-0551acbf0307@group-0864F1BAA98E-LeaderElection15] INFO  impl.LeaderElection (LeaderElection.java:askForVotes(178)) - 766ea7d6-3a2a-43e6-adde-0551acbf0307@group-0864F1BAA98E-LeaderElection15: begin an election at term 1 for -1: [6ab0ccde-a1c3-4dcb-8bf2-e9547ffb2a27:192.168.157.213:34614, 384d2f4f-0571-4804-9846-a20995c60033:192.168.157.213:36640, 766ea7d6-3a2a-43e6-adde-0551acbf0307:192.168.157.213:35450], old=null
2019-11-19 00:12:40,646 [Thread-316] INFO  impl.FollowerState (FollowerState.java:run(111)) - 88d9a86c-91a8-4958-be80-19dc6d27632d@group-04B856A0C6A3-FollowerState: change to CANDIDATE, lastRpcTime:5198ms, electionTimeout:5183ms
2019-11-19 00:12:40,646 [Thread-316] INFO  impl.RoleInfo (RoleInfo.java:shutdownFollowerState(121)) - 88d9a86c-91a8-4958-be80-19dc6d27632d: shutdown FollowerState
2019-11-19 00:12:40,649 [Thread-316] INFO  impl.RaftServerImpl (RaftServerImpl.java:setRole(173)) - 88d9a86c-91a8-4958-be80-19dc6d27632d@group-04B856A0C6A3: changes role from  FOLLOWER to CANDIDATE at term 0 for changeToCandidate
2019-11-19 00:12:40,649 [Thread-316] INFO  impl.RoleInfo (RoleInfo.java:updateAndGet(143)) - 88d9a86c-91a8-4958-be80-19dc6d27632d: start LeaderElection
2019-11-19 00:12:40,667 [Thread-322] INFO  impl.FollowerState (FollowerState.java:run(111)) - 4ef12a2f-5b98-4782-89eb-d41a56677dfd@group-04B856A0C6A3-FollowerState: change to CANDIDATE, lastRpcTime:5046ms, electionTimeout:5046ms
2019-11-19 00:12:40,667 [Thread-322] INFO  impl.RoleInfo (RoleInfo.java:shutdownFollowerState(121)) - 4ef12a2f-5b98-4782-89eb-d41a56677dfd: shutdown FollowerState
2019-11-19 00:12:40,667 [Thread-322] INFO  impl.RaftServerImpl (RaftServerImpl.java:setRole(173)) - 4ef12a2f-5b98-4782-89eb-d41a56677dfd@group-04B856A0C6A3: changes role from  FOLLOWER to CANDIDATE at term 0 for changeToCandidate
2019-11-19 00:12:40,667 [Thread-322] INFO  impl.RoleInfo (RoleInfo.java:updateAndGet(143)) - 4ef12a2f-5b98-4782-89eb-d41a56677dfd: start LeaderElection
2019-11-19 00:12:40,672 [6ab0ccde-a1c3-4dcb-8bf2-e9547ffb2a27@group-56767EDE43F8-SegmentedRaftLogWorker] INFO  segmented.SegmentedRaftLogWorker (SegmentedRaftLogWorker.java:execute(576)) - 6ab0ccde-a1c3-4dcb-8bf2-e9547ffb2a27@group-56767EDE43F8-SegmentedRaftLogWorker: created new log segment /workdir/hadoop-ozone/integration-test/target/test-dir/MiniOzoneClusterImpl-44984baa-697f-41c4-9b49-b72e5718b1cd/datanode-5/data/ratis/1bd3256c-a8aa-4bb0-9b2b-56767ede43f8/current/log_inprogress_0
2019-11-19 00:12:40,672 [88d9a86c-91a8-4958-be80-19dc6d27632d@group-04B856A0C6A3-LeaderElection16] INFO  impl.LeaderElection (LeaderElection.java:askForVotes(178)) - 88d9a86c-91a8-4958-be80-19dc6d27632d@group-04B856A0C6A3-LeaderElection16: begin an election at term 1 for -1: [4ef12a2f-5b98-4782-89eb-d41a56677dfd:192.168.157.213:37821, d1ad36f3-e0f7-4bd2-8d80-c82e74335b3b:192.168.157.213:43236, 88d9a86c-91a8-4958-be80-19dc6d27632d:192.168.157.213:42465], old=null
2019-11-19 00:12:40,696 [4ef12a2f-5b98-4782-89eb-d41a56677dfd@group-04B856A0C6A3-LeaderElection17] INFO  impl.LeaderElection (LeaderElection.java:askForVotes(178)) - 4ef12a2f-5b98-4782-89eb-d41a56677dfd@group-04B856A0C6A3-LeaderElection17: begin an election at term 1 for -1: [4ef12a2f-5b98-4782-89eb-d41a56677dfd:192.168.157.213:37821, d1ad36f3-e0f7-4bd2-8d80-c82e74335b3b:192.168.157.213:43236, 88d9a86c-91a8-4958-be80-19dc6d27632d:192.168.157.213:42465], old=null
2019-11-19 00:12:40,711 [Thread-318] INFO  impl.FollowerState (FollowerState.java:run(111)) - 4ef12a2f-5b98-4782-89eb-d41a56677dfd@group-D69A33A9F5AD-FollowerState: change to CANDIDATE, lastRpcTime:5170ms, electionTimeout:5161ms
2019-11-19 00:12:40,711 [Thread-318] INFO  impl.RoleInfo (RoleInfo.java:shutdownFollowerState(121)) - 4ef12a2f-5b98-4782-89eb-d41a56677dfd: shutdown FollowerState
2019-11-19 00:12:40,712 [Thread-318] INFO  impl.RaftServerImpl (RaftServerImpl.java:setRole(173)) - 4ef12a2f-5b98-4782-89eb-d41a56677dfd@group-D69A33A9F5AD: changes role from  FOLLOWER to CANDIDATE at term 0 for changeToCandidate
2019-11-19 00:12:40,712 [Thread-318] INFO  impl.RoleInfo (RoleInfo.java:updateAndGet(143)) - 4ef12a2f-5b98-4782-89eb-d41a56677dfd: start LeaderElection
2019-11-19 00:12:40,763 [4ef12a2f-5b98-4782-89eb-d41a56677dfd@group-D69A33A9F5AD-LeaderElection18] INFO  impl.LeaderElection (LeaderElection.java:askForVotes(178)) - 4ef12a2f-5b98-4782-89eb-d41a56677dfd@group-D69A33A9F5AD-LeaderElection18: begin an election at term 1 for -1: [4ef12a2f-5b98-4782-89eb-d41a56677dfd:192.168.157.213:37821], old=null
2019-11-19 00:12:40,763 [4ef12a2f-5b98-4782-89eb-d41a56677dfd@group-D69A33A9F5AD-LeaderElection18] INFO  impl.RoleInfo (RoleInfo.java:shutdownLeaderElection(134)) - 4ef12a2f-5b98-4782-89eb-d41a56677dfd: shutdown LeaderElection
2019-11-19 00:12:40,763 [4ef12a2f-5b98-4782-89eb-d41a56677dfd@group-D69A33A9F5AD-LeaderElection18] INFO  impl.RaftServerImpl (RaftServerImpl.java:setRole(173)) - 4ef12a2f-5b98-4782-89eb-d41a56677dfd@group-D69A33A9F5AD: changes role from CANDIDATE to LEADER at term 1 for changeToLeader
2019-11-19 00:12:40,763 [4ef12a2f-5b98-4782-89eb-d41a56677dfd@group-D69A33A9F5AD-LeaderElection18] INFO  ratis.XceiverServerRatis (XceiverServerRatis.java:handleLeaderChangedNotification(733)) - Leader change notification received for group: group-D69A33A9F5AD with new leaderId: 4ef12a2f-5b98-4782-89eb-d41a56677dfd
2019-11-19 00:12:40,763 [4ef12a2f-5b98-4782-89eb-d41a56677dfd@group-D69A33A9F5AD-LeaderElection18] INFO  impl.RaftServerImpl (ServerState.java:setLeader(255)) - 4ef12a2f-5b98-4782-89eb-d41a56677dfd@group-D69A33A9F5AD: change Leader from null to 4ef12a2f-5b98-4782-89eb-d41a56677dfd at term 1 for becomeLeader, leader elected after 5262ms
2019-11-19 00:12:40,764 [4ef12a2f-5b98-4782-89eb-d41a56677dfd@group-D69A33A9F5AD-LeaderElection18] INFO  server.RaftServerConfigKeys (ConfUtils.java:logGet(43)) - raft.server.staging.catchup.gap = 1000 (default)
2019-11-19 00:12:40,764 [4ef12a2f-5b98-4782-89eb-d41a56677dfd@group-D69A33A9F5AD-LeaderElection18] INFO  server.RaftServerConfigKeys (ConfUtils.java:logGet(43)) - raft.server.rpc.sleep.time = 25ms (default)
2019-11-19 00:12:40,764 [4ef12a2f-5b98-4782-89eb-d41a56677dfd@group-D69A33A9F5AD-LeaderElection18] INFO  server.RaftServerConfigKeys (ConfUtils.java:logGet(43)) - raft.server.write.element-limit = 4096 (default)
2019-11-19 00:12:40,764 [4ef12a2f-5b98-4782-89eb-d41a56677dfd@group-D69A33A9F5AD-LeaderElection18] INFO  server.RaftServerConfigKeys (ConfUtils.java:logGet(43)) - raft.server.watch.timeout = 10s (default)
2019-11-19 00:12:40,764 [4ef12a2f-5b98-4782-89eb-d41a56677dfd@group-D69A33A9F5AD-LeaderElection18] INFO  server.RaftServerConfigKeys (ConfUtils.java:logGet(43)) - raft.server.watch.timeout.denomination = 1s (default)
2019-11-19 00:12:40,764 [4ef12a2f-5b98-4782-89eb-d41a56677dfd@group-D69A33A9F5AD-LeaderElection18] INFO  server.RaftServerConfigKeys (ConfUtils.java:logGet(43)) - raft.server.watch.element-limit = 65536 (default)
2019-11-19 00:12:40,764 [4ef12a2f-5b98-4782-89eb-d41a56677dfd@group-D69A33A9F5AD-LeaderElection18] INFO  impl.RoleInfo (RoleInfo.java:updateAndGet(143)) - 4ef12a2f-5b98-4782-89eb-d41a56677dfd: start LeaderState
2019-11-19 00:12:40,765 [4ef12a2f-5b98-4782-89eb-d41a56677dfd@group-D69A33A9F5AD-LeaderElection18] INFO  segmented.SegmentedRaftLogWorker (SegmentedRaftLogWorker.java:startLogSegment(385)) - 4ef12a2f-5b98-4782-89eb-d41a56677dfd@group-D69A33A9F5AD-SegmentedRaftLogWorker: Starting segment from index:0
2019-11-19 00:12:40,765 [EventQueue-PipelineReportForPipelineReportHandler] INFO  pipeline.PipelineReportHandler (PipelineReportHandler.java:processPipelineReport(113)) - Pipeline THREE PipelineID=c5520a36-7de8-444b-8df9-04b856a0c6a3 reported by 4ef12a2f-5b98-4782-89eb-d41a56677dfd{ip: 192.168.157.213, host: pr-hdds-2241-master-j9rj8-2432081592, networkLocation: /default-rack, certSerialId: null}
2019-11-19 00:12:40,765 [4ef12a2f-5b98-4782-89eb-d41a56677dfd@group-D69A33A9F5AD-LeaderElection18] INFO  impl.RaftServerImpl (ServerState.java:setRaftConf(356)) - 4ef12a2f-5b98-4782-89eb-d41a56677dfd@group-D69A33A9F5AD: set configuration 0: [4ef12a2f-5b98-4782-89eb-d41a56677dfd:192.168.157.213:37821], old=null at 0
2019-11-19 00:12:40,804 [Thread-321] INFO  impl.FollowerState (FollowerState.java:run(111)) - a5a92831-5c8a-4a5e-a8c5-430d74eea1c2@group-1EBF26346C27-FollowerState: change to CANDIDATE, lastRpcTime:5183ms, electionTimeout:5183ms
2019-11-19 00:12:40,804 [Thread-321] INFO  impl.RoleInfo (RoleInfo.java:shutdownFollowerState(121)) - a5a92831-5c8a-4a5e-a8c5-430d74eea1c2: shutdown FollowerState
2019-11-19 00:12:40,804 [Thread-321] INFO  impl.RaftServerImpl (RaftServerImpl.java:setRole(173)) - a5a92831-5c8a-4a5e-a8c5-430d74eea1c2@group-1EBF26346C27: changes role from  FOLLOWER to CANDIDATE at term 0 for changeToCandidate
2019-11-19 00:12:40,804 [Thread-321] INFO  impl.RoleInfo (RoleInfo.java:updateAndGet(143)) - a5a92831-5c8a-4a5e-a8c5-430d74eea1c2: start LeaderElection
2019-11-19 00:12:40,813 [4ef12a2f-5b98-4782-89eb-d41a56677dfd@group-D69A33A9F5AD-SegmentedRaftLogWorker] INFO  segmented.SegmentedRaftLogWorker (SegmentedRaftLogWorker.java:execute(576)) - 4ef12a2f-5b98-4782-89eb-d41a56677dfd@group-D69A33A9F5AD-SegmentedRaftLogWorker: created new log segment /workdir/hadoop-ozone/integration-test/target/test-dir/MiniOzoneClusterImpl-44984baa-697f-41c4-9b49-b72e5718b1cd/datanode-8/data/ratis/41c812aa-aaac-4bf1-af77-d69a33a9f5ad/current/log_inprogress_0
2019-11-19 00:12:40,839 [a5a92831-5c8a-4a5e-a8c5-430d74eea1c2@group-1EBF26346C27-LeaderElection19] INFO  impl.LeaderElection (LeaderElection.java:askForVotes(178)) - a5a92831-5c8a-4a5e-a8c5-430d74eea1c2@group-1EBF26346C27-LeaderElection19: begin an election at term 1 for -1: [a5a92831-5c8a-4a5e-a8c5-430d74eea1c2:192.168.157.213:38403], old=null
2019-11-19 00:12:40,839 [a5a92831-5c8a-4a5e-a8c5-430d74eea1c2@group-1EBF26346C27-LeaderElection19] INFO  impl.RoleInfo (RoleInfo.java:shutdownLeaderElection(134)) - a5a92831-5c8a-4a5e-a8c5-430d74eea1c2: shutdown LeaderElection
2019-11-19 00:12:40,839 [a5a92831-5c8a-4a5e-a8c5-430d74eea1c2@group-1EBF26346C27-LeaderElection19] INFO  impl.RaftServerImpl (RaftServerImpl.java:setRole(173)) - a5a92831-5c8a-4a5e-a8c5-430d74eea1c2@group-1EBF26346C27: changes role from CANDIDATE to LEADER at term 1 for changeToLeader
2019-11-19 00:12:40,839 [a5a92831-5c8a-4a5e-a8c5-430d74eea1c2@group-1EBF26346C27-LeaderElection19] INFO  ratis.XceiverServerRatis (XceiverServerRatis.java:handleLeaderChangedNotification(733)) - Leader change notification received for group: group-1EBF26346C27 with new leaderId: a5a92831-5c8a-4a5e-a8c5-430d74eea1c2
2019-11-19 00:12:40,839 [a5a92831-5c8a-4a5e-a8c5-430d74eea1c2@group-1EBF26346C27-LeaderElection19] INFO  impl.RaftServerImpl (ServerState.java:setLeader(255)) - a5a92831-5c8a-4a5e-a8c5-430d74eea1c2@group-1EBF26346C27: change Leader from null to a5a92831-5c8a-4a5e-a8c5-430d74eea1c2 at term 1 for becomeLeader, leader elected after 5227ms
2019-11-19 00:12:40,840 [a5a92831-5c8a-4a5e-a8c5-430d74eea1c2@group-1EBF26346C27-LeaderElection19] INFO  server.RaftServerConfigKeys (ConfUtils.java:logGet(43)) - raft.server.staging.catchup.gap = 1000 (default)
2019-11-19 00:12:40,840 [a5a92831-5c8a-4a5e-a8c5-430d74eea1c2@group-1EBF26346C27-LeaderElection19] INFO  server.RaftServerConfigKeys (ConfUtils.java:logGet(43)) - raft.server.rpc.sleep.time = 25ms (default)
2019-11-19 00:12:40,840 [a5a92831-5c8a-4a5e-a8c5-430d74eea1c2@group-1EBF26346C27-LeaderElection19] INFO  server.RaftServerConfigKeys (ConfUtils.java:logGet(43)) - raft.server.write.element-limit = 4096 (default)
2019-11-19 00:12:40,840 [a5a92831-5c8a-4a5e-a8c5-430d74eea1c2@group-1EBF26346C27-LeaderElection19] INFO  server.RaftServerConfigKeys (ConfUtils.java:logGet(43)) - raft.server.watch.timeout = 10s (default)
2019-11-19 00:12:40,841 [a5a92831-5c8a-4a5e-a8c5-430d74eea1c2@group-1EBF26346C27-LeaderElection19] INFO  server.RaftServerConfigKeys (ConfUtils.java:logGet(43)) - raft.server.watch.timeout.denomination = 1s (default)
2019-11-19 00:12:40,841 [a5a92831-5c8a-4a5e-a8c5-430d74eea1c2@group-1EBF26346C27-LeaderElection19] INFO  server.RaftServerConfigKeys (ConfUtils.java:logGet(43)) - raft.server.watch.element-limit = 65536 (default)
2019-11-19 00:12:40,841 [a5a92831-5c8a-4a5e-a8c5-430d74eea1c2@group-1EBF26346C27-LeaderElection19] INFO  impl.RoleInfo (RoleInfo.java:updateAndGet(143)) - a5a92831-5c8a-4a5e-a8c5-430d74eea1c2: start LeaderState
2019-11-19 00:12:40,842 [a5a92831-5c8a-4a5e-a8c5-430d74eea1c2@group-1EBF26346C27-LeaderElection19] INFO  segmented.SegmentedRaftLogWorker (SegmentedRaftLogWorker.java:startLogSegment(385)) - a5a92831-5c8a-4a5e-a8c5-430d74eea1c2@group-1EBF26346C27-SegmentedRaftLogWorker: Starting segment from index:0
2019-11-19 00:12:40,843 [a5a92831-5c8a-4a5e-a8c5-430d74eea1c2@group-1EBF26346C27-LeaderElection19] INFO  impl.RaftServerImpl (ServerState.java:setRaftConf(356)) - a5a92831-5c8a-4a5e-a8c5-430d74eea1c2@group-1EBF26346C27: set configuration 0: [a5a92831-5c8a-4a5e-a8c5-430d74eea1c2:192.168.157.213:38403], old=null at 0
2019-11-19 00:12:40,898 [a5a92831-5c8a-4a5e-a8c5-430d74eea1c2@group-1EBF26346C27-SegmentedRaftLogWorker] INFO  segmented.SegmentedRaftLogWorker (SegmentedRaftLogWorker.java:execute(576)) - a5a92831-5c8a-4a5e-a8c5-430d74eea1c2@group-1EBF26346C27-SegmentedRaftLogWorker: created new log segment /workdir/hadoop-ozone/integration-test/target/test-dir/MiniOzoneClusterImpl-44984baa-697f-41c4-9b49-b72e5718b1cd/datanode-9/data/ratis/ffd4c7c4-4ff3-4c40-9b23-1ebf26346c27/current/log_inprogress_0
2019-11-19 00:12:41,284 [6ab0ccde-a1c3-4dcb-8bf2-e9547ffb2a27@group-0864F1BAA98E-LeaderElection10] INFO  impl.LeaderElection (LeaderElection.java:logAndReturn(56)) - 6ab0ccde-a1c3-4dcb-8bf2-e9547ffb2a27@group-0864F1BAA98E-LeaderElection10: Election REJECTED; received 2 response(s) [6ab0ccde-a1c3-4dcb-8bf2-e9547ffb2a27<-384d2f4f-0571-4804-9846-a20995c60033#0:FAIL-t1, 6ab0ccde-a1c3-4dcb-8bf2-e9547ffb2a27<-766ea7d6-3a2a-43e6-adde-0551acbf0307#0:FAIL-t1] and 0 exception(s); 6ab0ccde-a1c3-4dcb-8bf2-e9547ffb2a27@group-0864F1BAA98E:t1, leader=null, voted=6ab0ccde-a1c3-4dcb-8bf2-e9547ffb2a27, raftlog=6ab0ccde-a1c3-4dcb-8bf2-e9547ffb2a27@group-0864F1BAA98E-SegmentedRaftLog:OPENED:c-1,f-1,i0, conf=-1: [6ab0ccde-a1c3-4dcb-8bf2-e9547ffb2a27:192.168.157.213:34614, 384d2f4f-0571-4804-9846-a20995c60033:192.168.157.213:36640, 766ea7d6-3a2a-43e6-adde-0551acbf0307:192.168.157.213:35450], old=null
2019-11-19 00:12:41,284 [4ef12a2f-5b98-4782-89eb-d41a56677dfd@group-04B856A0C6A3-LeaderElection17] INFO  impl.LeaderElection (LeaderElection.java:logAndReturn(56)) - 4ef12a2f-5b98-4782-89eb-d41a56677dfd@group-04B856A0C6A3-LeaderElection17: Election REJECTED; received 2 response(s) [4ef12a2f-5b98-4782-89eb-d41a56677dfd<-d1ad36f3-e0f7-4bd2-8d80-c82e74335b3b#0:FAIL-t1, 4ef12a2f-5b98-4782-89eb-d41a56677dfd<-88d9a86c-91a8-4958-be80-19dc6d27632d#0:FAIL-t1] and 0 exception(s); 4ef12a2f-5b98-4782-89eb-d41a56677dfd@group-04B856A0C6A3:t1, leader=null, voted=4ef12a2f-5b98-4782-89eb-d41a56677dfd, raftlog=4ef12a2f-5b98-4782-89eb-d41a56677dfd@group-04B856A0C6A3-SegmentedRaftLog:OPENED:c-1,f-1,i0, conf=-1: [4ef12a2f-5b98-4782-89eb-d41a56677dfd:192.168.157.213:37821, d1ad36f3-e0f7-4bd2-8d80-c82e74335b3b:192.168.157.213:43236, 88d9a86c-91a8-4958-be80-19dc6d27632d:192.168.157.213:42465], old=null
2019-11-19 00:12:41,285 [64badc5b-1d26-4295-aeac-475b93178eb2@group-36AF27D05186-LeaderElection6] INFO  impl.LeaderElection (LeaderElection.java:logAndReturn(56)) - 64badc5b-1d26-4295-aeac-475b93178eb2@group-36AF27D05186-LeaderElection6: Election REJECTED; received 2 response(s) [64badc5b-1d26-4295-aeac-475b93178eb2<-0268f058-fb11-4548-aa1f-192ad2abf2d8#0:FAIL-t1, 64badc5b-1d26-4295-aeac-475b93178eb2<-8678c500-2e6c-4337-9c3b-475f5e833751#0:FAIL-t1] and 0 exception(s); 64badc5b-1d26-4295-aeac-475b93178eb2@group-36AF27D05186:t1, leader=null, voted=64badc5b-1d26-4295-aeac-475b93178eb2, raftlog=64badc5b-1d26-4295-aeac-475b93178eb2@group-36AF27D05186-SegmentedRaftLog:OPENED:c-1,f-1,i0, conf=-1: [64badc5b-1d26-4295-aeac-475b93178eb2:192.168.157.213:38652, 0268f058-fb11-4548-aa1f-192ad2abf2d8:192.168.157.213:42263, 8678c500-2e6c-4337-9c3b-475f5e833751:192.168.157.213:38785], old=null
2019-11-19 00:12:41,286 [0268f058-fb11-4548-aa1f-192ad2abf2d8@group-36AF27D05186-LeaderElection12] INFO  impl.LeaderElection (LeaderElection.java:logAndReturn(56)) - 0268f058-fb11-4548-aa1f-192ad2abf2d8@group-36AF27D05186-LeaderElection12: Election REJECTED; received 2 response(s) [0268f058-fb11-4548-aa1f-192ad2abf2d8<-64badc5b-1d26-4295-aeac-475b93178eb2#0:FAIL-t1, 0268f058-fb11-4548-aa1f-192ad2abf2d8<-8678c500-2e6c-4337-9c3b-475f5e833751#0:FAIL-t1] and 0 exception(s); 0268f058-fb11-4548-aa1f-192ad2abf2d8@group-36AF27D05186:t1, leader=null, voted=0268f058-fb11-4548-aa1f-192ad2abf2d8, raftlog=0268f058-fb11-4548-aa1f-192ad2abf2d8@group-36AF27D05186-SegmentedRaftLog:OPENED:c-1,f-1,i0, conf=-1: [64badc5b-1d26-4295-aeac-475b93178eb2:192.168.157.213:38652, 0268f058-fb11-4548-aa1f-192ad2abf2d8:192.168.157.213:42263, 8678c500-2e6c-4337-9c3b-475f5e833751:192.168.157.213:38785], old=null
2019-11-19 00:12:41,284 [d1ad36f3-e0f7-4bd2-8d80-c82e74335b3b@group-04B856A0C6A3-LeaderElection9] INFO  impl.LeaderElection (LeaderElection.java:logAndReturn(56)) - d1ad36f3-e0f7-4bd2-8d80-c82e74335b3b@group-04B856A0C6A3-LeaderElection9: Election REJECTED; received 2 response(s) [d1ad36f3-e0f7-4bd2-8d80-c82e74335b3b<-4ef12a2f-5b98-4782-89eb-d41a56677dfd#0:FAIL-t1, d1ad36f3-e0f7-4bd2-8d80-c82e74335b3b<-88d9a86c-91a8-4958-be80-19dc6d27632d#0:FAIL-t1] and 0 exception(s); d1ad36f3-e0f7-4bd2-8d80-c82e74335b3b@group-04B856A0C6A3:t1, leader=null, voted=d1ad36f3-e0f7-4bd2-8d80-c82e74335b3b, raftlog=d1ad36f3-e0f7-4bd2-8d80-c82e74335b3b@group-04B856A0C6A3-SegmentedRaftLog:OPENED:c-1,f-1,i0, conf=-1: [4ef12a2f-5b98-4782-89eb-d41a56677dfd:192.168.157.213:37821, d1ad36f3-e0f7-4bd2-8d80-c82e74335b3b:192.168.157.213:43236, 88d9a86c-91a8-4958-be80-19dc6d27632d:192.168.157.213:42465], old=null
2019-11-19 00:12:41,284 [384d2f4f-0571-4804-9846-a20995c60033@group-0864F1BAA98E-LeaderElection14] INFO  impl.LeaderElection (LeaderElection.java:logAndReturn(56)) - 384d2f4f-0571-4804-9846-a20995c60033@group-0864F1BAA98E-LeaderElection14: Election REJECTED; received 2 response(s) [384d2f4f-0571-4804-9846-a20995c60033<-6ab0ccde-a1c3-4dcb-8bf2-e9547ffb2a27#0:FAIL-t1, 384d2f4f-0571-4804-9846-a20995c60033<-766ea7d6-3a2a-43e6-adde-0551acbf0307#0:FAIL-t1] and 0 exception(s); 384d2f4f-0571-4804-9846-a20995c60033@group-0864F1BAA98E:t1, leader=null, voted=384d2f4f-0571-4804-9846-a20995c60033, raftlog=384d2f4f-0571-4804-9846-a20995c60033@group-0864F1BAA98E-SegmentedRaftLog:OPENED:c-1,f-1,i0, conf=-1: [6ab0ccde-a1c3-4dcb-8bf2-e9547ffb2a27:192.168.157.213:34614, 384d2f4f-0571-4804-9846-a20995c60033:192.168.157.213:36640, 766ea7d6-3a2a-43e6-adde-0551acbf0307:192.168.157.213:35450], old=null
2019-11-19 00:12:41,284 [8678c500-2e6c-4337-9c3b-475f5e833751@group-36AF27D05186-LeaderElection4] INFO  impl.LeaderElection (LeaderElection.java:logAndReturn(56)) - 8678c500-2e6c-4337-9c3b-475f5e833751@group-36AF27D05186-LeaderElection4: Election REJECTED; received 2 response(s) [8678c500-2e6c-4337-9c3b-475f5e833751<-64badc5b-1d26-4295-aeac-475b93178eb2#0:FAIL-t1, 8678c500-2e6c-4337-9c3b-475f5e833751<-0268f058-fb11-4548-aa1f-192ad2abf2d8#0:FAIL-t1] and 0 exception(s); 8678c500-2e6c-4337-9c3b-475f5e833751@group-36AF27D05186:t1, leader=null, voted=8678c500-2e6c-4337-9c3b-475f5e833751, raftlog=8678c500-2e6c-4337-9c3b-475f5e833751@group-36AF27D05186-SegmentedRaftLog:OPENED:c-1,f-1,i0, conf=-1: [64badc5b-1d26-4295-aeac-475b93178eb2:192.168.157.213:38652, 0268f058-fb11-4548-aa1f-192ad2abf2d8:192.168.157.213:42263, 8678c500-2e6c-4337-9c3b-475f5e833751:192.168.157.213:38785], old=null
2019-11-19 00:12:41,284 [88d9a86c-91a8-4958-be80-19dc6d27632d@group-04B856A0C6A3-LeaderElection16] INFO  impl.LeaderElection (LeaderElection.java:logAndReturn(56)) - 88d9a86c-91a8-4958-be80-19dc6d27632d@group-04B856A0C6A3-LeaderElection16: Election REJECTED; received 2 response(s) [88d9a86c-91a8-4958-be80-19dc6d27632d<-4ef12a2f-5b98-4782-89eb-d41a56677dfd#0:FAIL-t1, 88d9a86c-91a8-4958-be80-19dc6d27632d<-d1ad36f3-e0f7-4bd2-8d80-c82e74335b3b#0:FAIL-t1] and 0 exception(s); 88d9a86c-91a8-4958-be80-19dc6d27632d@group-04B856A0C6A3:t1, leader=null, voted=88d9a86c-91a8-4958-be80-19dc6d27632d, raftlog=88d9a86c-91a8-4958-be80-19dc6d27632d@group-04B856A0C6A3-SegmentedRaftLog:OPENED:c-1,f-1,i0, conf=-1: [4ef12a2f-5b98-4782-89eb-d41a56677dfd:192.168.157.213:37821, d1ad36f3-e0f7-4bd2-8d80-c82e74335b3b:192.168.157.213:43236, 88d9a86c-91a8-4958-be80-19dc6d27632d:192.168.157.213:42465], old=null
2019-11-19 00:12:41,303 [8678c500-2e6c-4337-9c3b-475f5e833751@group-36AF27D05186-LeaderElection4] INFO  impl.RaftServerImpl (RaftServerImpl.java:setRole(173)) - 8678c500-2e6c-4337-9c3b-475f5e833751@group-36AF27D05186: changes role from CANDIDATE to FOLLOWER at term 1 for DISCOVERED_A_NEW_TERM
2019-11-19 00:12:41,299 [d1ad36f3-e0f7-4bd2-8d80-c82e74335b3b@group-04B856A0C6A3-LeaderElection9] INFO  impl.RaftServerImpl (RaftServerImpl.java:setRole(173)) - d1ad36f3-e0f7-4bd2-8d80-c82e74335b3b@group-04B856A0C6A3: changes role from CANDIDATE to FOLLOWER at term 1 for DISCOVERED_A_NEW_TERM
2019-11-19 00:12:41,299 [384d2f4f-0571-4804-9846-a20995c60033@group-0864F1BAA98E-LeaderElection14] INFO  impl.RaftServerImpl (RaftServerImpl.java:setRole(173)) - 384d2f4f-0571-4804-9846-a20995c60033@group-0864F1BAA98E: changes role from CANDIDATE to FOLLOWER at term 1 for DISCOVERED_A_NEW_TERM
2019-11-19 00:12:41,315 [766ea7d6-3a2a-43e6-adde-0551acbf0307@group-0864F1BAA98E-LeaderElection15] INFO  impl.LeaderElection (LeaderElection.java:logAndReturn(56)) - 766ea7d6-3a2a-43e6-adde-0551acbf0307@group-0864F1BAA98E-LeaderElection15: Election REJECTED; received 2 response(s) [766ea7d6-3a2a-43e6-adde-0551acbf0307<-6ab0ccde-a1c3-4dcb-8bf2-e9547ffb2a27#0:FAIL-t1, 766ea7d6-3a2a-43e6-adde-0551acbf0307<-384d2f4f-0571-4804-9846-a20995c60033#0:FAIL-t1] and 0 exception(s); 766ea7d6-3a2a-43e6-adde-0551acbf0307@group-0864F1BAA98E:t1, leader=null, voted=766ea7d6-3a2a-43e6-adde-0551acbf0307, raftlog=766ea7d6-3a2a-43e6-adde-0551acbf0307@group-0864F1BAA98E-SegmentedRaftLog:OPENED:c-1,f-1,i0, conf=-1: [6ab0ccde-a1c3-4dcb-8bf2-e9547ffb2a27:192.168.157.213:34614, 384d2f4f-0571-4804-9846-a20995c60033:192.168.157.213:36640, 766ea7d6-3a2a-43e6-adde-0551acbf0307:192.168.157.213:35450], old=null
2019-11-19 00:12:41,299 [6ab0ccde-a1c3-4dcb-8bf2-e9547ffb2a27@group-0864F1BAA98E-LeaderElection10] INFO  impl.RaftServerImpl (RaftServerImpl.java:setRole(173)) - 6ab0ccde-a1c3-4dcb-8bf2-e9547ffb2a27@group-0864F1BAA98E: changes role from CANDIDATE to FOLLOWER at term 1 for DISCOVERED_A_NEW_TERM
2019-11-19 00:12:41,299 [4ef12a2f-5b98-4782-89eb-d41a56677dfd@group-04B856A0C6A3-LeaderElection17] INFO  impl.RaftServerImpl (RaftServerImpl.java:setRole(173)) - 4ef12a2f-5b98-4782-89eb-d41a56677dfd@group-04B856A0C6A3: changes role from CANDIDATE to FOLLOWER at term 1 for DISCOVERED_A_NEW_TERM
2019-11-19 00:12:41,319 [4ef12a2f-5b98-4782-89eb-d41a56677dfd@group-04B856A0C6A3-LeaderElection17] INFO  impl.RoleInfo (RoleInfo.java:shutdownLeaderElection(134)) - 4ef12a2f-5b98-4782-89eb-d41a56677dfd: shutdown LeaderElection
2019-11-19 00:12:41,298 [0268f058-fb11-4548-aa1f-192ad2abf2d8@group-36AF27D05186-LeaderElection12] INFO  impl.RaftServerImpl (RaftServerImpl.java:setRole(173)) - 0268f058-fb11-4548-aa1f-192ad2abf2d8@group-36AF27D05186: changes role from CANDIDATE to FOLLOWER at term 1 for DISCOVERED_A_NEW_TERM
2019-11-19 00:12:41,319 [0268f058-fb11-4548-aa1f-192ad2abf2d8@group-36AF27D05186-LeaderElection12] INFO  impl.RoleInfo (RoleInfo.java:shutdownLeaderElection(134)) - 0268f058-fb11-4548-aa1f-192ad2abf2d8: shutdown LeaderElection
2019-11-19 00:12:41,296 [64badc5b-1d26-4295-aeac-475b93178eb2@group-36AF27D05186-LeaderElection6] INFO  impl.RaftServerImpl (RaftServerImpl.java:setRole(173)) - 64badc5b-1d26-4295-aeac-475b93178eb2@group-36AF27D05186: changes role from CANDIDATE to FOLLOWER at term 1 for DISCOVERED_A_NEW_TERM
2019-11-19 00:12:41,320 [0268f058-fb11-4548-aa1f-192ad2abf2d8@group-36AF27D05186-LeaderElection12] INFO  impl.RoleInfo (RoleInfo.java:updateAndGet(143)) - 0268f058-fb11-4548-aa1f-192ad2abf2d8: start FollowerState
2019-11-19 00:12:41,320 [64badc5b-1d26-4295-aeac-475b93178eb2@group-36AF27D05186-LeaderElection6] INFO  impl.RoleInfo (RoleInfo.java:shutdownLeaderElection(134)) - 64badc5b-1d26-4295-aeac-475b93178eb2: shutdown LeaderElection
2019-11-19 00:12:41,319 [4ef12a2f-5b98-4782-89eb-d41a56677dfd@group-04B856A0C6A3-LeaderElection17] INFO  impl.RoleInfo (RoleInfo.java:updateAndGet(143)) - 4ef12a2f-5b98-4782-89eb-d41a56677dfd: start FollowerState
2019-11-19 00:12:41,317 [6ab0ccde-a1c3-4dcb-8bf2-e9547ffb2a27@group-0864F1BAA98E-LeaderElection10] INFO  impl.RoleInfo (RoleInfo.java:shutdownLeaderElection(134)) - 6ab0ccde-a1c3-4dcb-8bf2-e9547ffb2a27: shutdown LeaderElection
2019-11-19 00:12:41,317 [766ea7d6-3a2a-43e6-adde-0551acbf0307@group-0864F1BAA98E-LeaderElection15] INFO  impl.RaftServerImpl (RaftServerImpl.java:setRole(173)) - 766ea7d6-3a2a-43e6-adde-0551acbf0307@group-0864F1BAA98E: changes role from CANDIDATE to FOLLOWER at term 1 for DISCOVERED_A_NEW_TERM
2019-11-19 00:12:41,316 [384d2f4f-0571-4804-9846-a20995c60033@group-0864F1BAA98E-LeaderElection14] INFO  impl.RoleInfo (RoleInfo.java:shutdownLeaderElection(134)) - 384d2f4f-0571-4804-9846-a20995c60033: shutdown LeaderElection
2019-11-19 00:12:41,315 [d1ad36f3-e0f7-4bd2-8d80-c82e74335b3b@group-04B856A0C6A3-LeaderElection9] INFO  impl.RoleInfo (RoleInfo.java:shutdownLeaderElection(134)) - d1ad36f3-e0f7-4bd2-8d80-c82e74335b3b: shutdown LeaderElection
2019-11-19 00:12:41,306 [8678c500-2e6c-4337-9c3b-475f5e833751@group-36AF27D05186-LeaderElection4] INFO  impl.RoleInfo (RoleInfo.java:shutdownLeaderElection(134)) - 8678c500-2e6c-4337-9c3b-475f5e833751: shutdown LeaderElection
2019-11-19 00:12:41,306 [88d9a86c-91a8-4958-be80-19dc6d27632d@group-04B856A0C6A3-LeaderElection16] INFO  impl.RaftServerImpl (RaftServerImpl.java:setRole(173)) - 88d9a86c-91a8-4958-be80-19dc6d27632d@group-04B856A0C6A3: changes role from CANDIDATE to FOLLOWER at term 1 for DISCOVERED_A_NEW_TERM
2019-11-19 00:12:41,321 [8678c500-2e6c-4337-9c3b-475f5e833751@group-36AF27D05186-LeaderElection4] INFO  impl.RoleInfo (RoleInfo.java:updateAndGet(143)) - 8678c500-2e6c-4337-9c3b-475f5e833751: start FollowerState
2019-11-19 00:12:41,320 [d1ad36f3-e0f7-4bd2-8d80-c82e74335b3b@group-04B856A0C6A3-LeaderElection9] INFO  impl.RoleInfo (RoleInfo.java:updateAndGet(143)) - d1ad36f3-e0f7-4bd2-8d80-c82e74335b3b: start FollowerState
2019-11-19 00:12:41,320 [384d2f4f-0571-4804-9846-a20995c60033@group-0864F1BAA98E-LeaderElection14] INFO  impl.RoleInfo (RoleInfo.java:updateAndGet(143)) - 384d2f4f-0571-4804-9846-a20995c60033: start FollowerState
2019-11-19 00:12:41,320 [766ea7d6-3a2a-43e6-adde-0551acbf0307@group-0864F1BAA98E-LeaderElection15] INFO  impl.RoleInfo (RoleInfo.java:shutdownLeaderElection(134)) - 766ea7d6-3a2a-43e6-adde-0551acbf0307: shutdown LeaderElection
2019-11-19 00:12:41,320 [6ab0ccde-a1c3-4dcb-8bf2-e9547ffb2a27@group-0864F1BAA98E-LeaderElection10] INFO  impl.RoleInfo (RoleInfo.java:updateAndGet(143)) - 6ab0ccde-a1c3-4dcb-8bf2-e9547ffb2a27: start FollowerState
2019-11-19 00:12:41,320 [64badc5b-1d26-4295-aeac-475b93178eb2@group-36AF27D05186-LeaderElection6] INFO  impl.RoleInfo (RoleInfo.java:updateAndGet(143)) - 64badc5b-1d26-4295-aeac-475b93178eb2: start FollowerState
2019-11-19 00:12:41,321 [766ea7d6-3a2a-43e6-adde-0551acbf0307@group-0864F1BAA98E-LeaderElection15] INFO  impl.RoleInfo (RoleInfo.java:updateAndGet(143)) - 766ea7d6-3a2a-43e6-adde-0551acbf0307: start FollowerState
2019-11-19 00:12:41,321 [88d9a86c-91a8-4958-be80-19dc6d27632d@group-04B856A0C6A3-LeaderElection16] INFO  impl.RoleInfo (RoleInfo.java:shutdownLeaderElection(134)) - 88d9a86c-91a8-4958-be80-19dc6d27632d: shutdown LeaderElection
2019-11-19 00:12:41,322 [88d9a86c-91a8-4958-be80-19dc6d27632d@group-04B856A0C6A3-LeaderElection16] INFO  impl.RoleInfo (RoleInfo.java:updateAndGet(143)) - 88d9a86c-91a8-4958-be80-19dc6d27632d: start FollowerState
2019-11-19 00:12:41,555 [main] INFO  ozone.MiniOzoneClusterImpl (MiniOzoneClusterImpl.java:lambda$waitForClusterToBeReady$0(150)) - Nodes are ready. Got 10 of 10 DN Heartbeats.
2019-11-19 00:12:41,555 [main] INFO  ozone.MiniOzoneClusterImpl (MiniOzoneClusterImpl.java:lambda$waitForClusterToBeReady$0(153)) - Waiting for cluster to exit safe mode
2019-11-19 00:12:42,555 [main] INFO  ozone.MiniOzoneClusterImpl (MiniOzoneClusterImpl.java:lambda$waitForClusterToBeReady$0(150)) - Nodes are ready. Got 10 of 10 DN Heartbeats.
2019-11-19 00:12:42,556 [main] INFO  ozone.MiniOzoneClusterImpl (MiniOzoneClusterImpl.java:lambda$waitForClusterToBeReady$0(153)) - Waiting for cluster to exit safe mode
2019-11-19 00:12:43,556 [main] INFO  ozone.MiniOzoneClusterImpl (MiniOzoneClusterImpl.java:lambda$waitForClusterToBeReady$0(150)) - Nodes are ready. Got 10 of 10 DN Heartbeats.
2019-11-19 00:12:43,556 [main] INFO  ozone.MiniOzoneClusterImpl (MiniOzoneClusterImpl.java:lambda$waitForClusterToBeReady$0(153)) - Waiting for cluster to exit safe mode
2019-11-19 00:12:44,557 [main] INFO  ozone.MiniOzoneClusterImpl (MiniOzoneClusterImpl.java:lambda$waitForClusterToBeReady$0(150)) - Nodes are ready. Got 10 of 10 DN Heartbeats.
2019-11-19 00:12:44,557 [main] INFO  ozone.MiniOzoneClusterImpl (MiniOzoneClusterImpl.java:lambda$waitForClusterToBeReady$0(153)) - Waiting for cluster to exit safe mode
2019-11-19 00:12:45,557 [main] INFO  ozone.MiniOzoneClusterImpl (MiniOzoneClusterImpl.java:lambda$waitForClusterToBeReady$0(150)) - Nodes are ready. Got 10 of 10 DN Heartbeats.
2019-11-19 00:12:45,558 [main] INFO  ozone.MiniOzoneClusterImpl (MiniOzoneClusterImpl.java:lambda$waitForClusterToBeReady$0(153)) - Waiting for cluster to exit safe mode
2019-11-19 00:12:46,343 [Thread-372] INFO  impl.FollowerState (FollowerState.java:run(111)) - 64badc5b-1d26-4295-aeac-475b93178eb2@group-36AF27D05186-FollowerState: change to CANDIDATE, lastRpcTime:5023ms, electionTimeout:5021ms
2019-11-19 00:12:46,343 [Thread-372] INFO  impl.RoleInfo (RoleInfo.java:shutdownFollowerState(121)) - 64badc5b-1d26-4295-aeac-475b93178eb2: shutdown FollowerState
2019-11-19 00:12:46,344 [Thread-372] INFO  impl.RaftServerImpl (RaftServerImpl.java:setRole(173)) - 64badc5b-1d26-4295-aeac-475b93178eb2@group-36AF27D05186: changes role from  FOLLOWER to CANDIDATE at term 1 for changeToCandidate
2019-11-19 00:12:46,344 [Thread-372] INFO  impl.RoleInfo (RoleInfo.java:updateAndGet(143)) - 64badc5b-1d26-4295-aeac-475b93178eb2: start LeaderElection
2019-11-19 00:12:46,364 [Thread-373] INFO  impl.FollowerState (FollowerState.java:run(111)) - 6ab0ccde-a1c3-4dcb-8bf2-e9547ffb2a27@group-0864F1BAA98E-FollowerState: change to CANDIDATE, lastRpcTime:5043ms, electionTimeout:5042ms
2019-11-19 00:12:46,364 [Thread-373] INFO  impl.RoleInfo (RoleInfo.java:shutdownFollowerState(121)) - 6ab0ccde-a1c3-4dcb-8bf2-e9547ffb2a27: shutdown FollowerState
2019-11-19 00:12:46,364 [Thread-373] INFO  impl.RaftServerImpl (RaftServerImpl.java:setRole(173)) - 6ab0ccde-a1c3-4dcb-8bf2-e9547ffb2a27@group-0864F1BAA98E: changes role from  FOLLOWER to CANDIDATE at term 1 for changeToCandidate
2019-11-19 00:12:46,364 [Thread-373] INFO  impl.RoleInfo (RoleInfo.java:updateAndGet(143)) - 6ab0ccde-a1c3-4dcb-8bf2-e9547ffb2a27: start LeaderElection
2019-11-19 00:12:46,383 [64badc5b-1d26-4295-aeac-475b93178eb2@group-36AF27D05186-LeaderElection20] INFO  impl.LeaderElection (LeaderElection.java:askForVotes(178)) - 64badc5b-1d26-4295-aeac-475b93178eb2@group-36AF27D05186-LeaderElection20: begin an election at term 2 for -1: [64badc5b-1d26-4295-aeac-475b93178eb2:192.168.157.213:38652, 0268f058-fb11-4548-aa1f-192ad2abf2d8:192.168.157.213:42263, 8678c500-2e6c-4337-9c3b-475f5e833751:192.168.157.213:38785], old=null
2019-11-19 00:12:46,391 [grpc-default-executor-10] INFO  impl.RaftServerImpl (RaftServerImpl.java:setRole(173)) - 8678c500-2e6c-4337-9c3b-475f5e833751@group-36AF27D05186: changes role from  FOLLOWER to FOLLOWER at term 2 for recognizeCandidate:64badc5b-1d26-4295-aeac-475b93178eb2
2019-11-19 00:12:46,391 [grpc-default-executor-10] INFO  impl.RoleInfo (RoleInfo.java:shutdownFollowerState(121)) - 8678c500-2e6c-4337-9c3b-475f5e833751: shutdown FollowerState
2019-11-19 00:12:46,400 [6ab0ccde-a1c3-4dcb-8bf2-e9547ffb2a27@group-0864F1BAA98E-LeaderElection21] INFO  impl.LeaderElection (LeaderElection.java:askForVotes(178)) - 6ab0ccde-a1c3-4dcb-8bf2-e9547ffb2a27@group-0864F1BAA98E-LeaderElection21: begin an election at term 2 for -1: [6ab0ccde-a1c3-4dcb-8bf2-e9547ffb2a27:192.168.157.213:34614, 384d2f4f-0571-4804-9846-a20995c60033:192.168.157.213:36640, 766ea7d6-3a2a-43e6-adde-0551acbf0307:192.168.157.213:35450], old=null
2019-11-19 00:12:46,400 [grpc-default-executor-10] INFO  impl.RoleInfo (RoleInfo.java:updateAndGet(143)) - 8678c500-2e6c-4337-9c3b-475f5e833751: start FollowerState
2019-11-19 00:12:46,400 [Thread-374] INFO  impl.FollowerState (FollowerState.java:run(111)) - 384d2f4f-0571-4804-9846-a20995c60033@group-0864F1BAA98E-FollowerState: change to CANDIDATE, lastRpcTime:5079ms, electionTimeout:5072ms
2019-11-19 00:12:46,400 [Thread-374] INFO  impl.RoleInfo (RoleInfo.java:shutdownFollowerState(121)) - 384d2f4f-0571-4804-9846-a20995c60033: shutdown FollowerState
2019-11-19 00:12:46,400 [grpc-default-executor-12] INFO  impl.RaftServerImpl (RaftServerImpl.java:setRole(173)) - 0268f058-fb11-4548-aa1f-192ad2abf2d8@group-36AF27D05186: changes role from  FOLLOWER to FOLLOWER at term 2 for recognizeCandidate:64badc5b-1d26-4295-aeac-475b93178eb2
2019-11-19 00:12:46,400 [Thread-374] INFO  impl.RaftServerImpl (RaftServerImpl.java:setRole(173)) - 384d2f4f-0571-4804-9846-a20995c60033@group-0864F1BAA98E: changes role from  FOLLOWER to CANDIDATE at term 1 for changeToCandidate
2019-11-19 00:12:46,401 [grpc-default-executor-12] INFO  impl.RoleInfo (RoleInfo.java:shutdownFollowerState(121)) - 0268f058-fb11-4548-aa1f-192ad2abf2d8: shutdown FollowerState
2019-11-19 00:12:46,401 [Thread-374] INFO  impl.RoleInfo (RoleInfo.java:updateAndGet(143)) - 384d2f4f-0571-4804-9846-a20995c60033: start LeaderElection
2019-11-19 00:12:46,401 [Thread-371] INFO  impl.FollowerState (FollowerState.java:run(120)) - 0268f058-fb11-4548-aa1f-192ad2abf2d8@group-36AF27D05186-FollowerState was interrupted: java.lang.InterruptedException: sleep interrupted
2019-11-19 00:12:46,401 [grpc-default-executor-12] INFO  impl.RoleInfo (RoleInfo.java:updateAndGet(143)) - 0268f058-fb11-4548-aa1f-192ad2abf2d8: start FollowerState
2019-11-19 00:12:46,410 [grpc-default-executor-5] INFO  impl.RaftServerImpl (RaftServerImpl.java:setRole(173)) - 766ea7d6-3a2a-43e6-adde-0551acbf0307@group-0864F1BAA98E: changes role from  FOLLOWER to FOLLOWER at term 2 for recognizeCandidate:6ab0ccde-a1c3-4dcb-8bf2-e9547ffb2a27
2019-11-19 00:12:46,410 [grpc-default-executor-5] INFO  impl.RoleInfo (RoleInfo.java:shutdownFollowerState(121)) - 766ea7d6-3a2a-43e6-adde-0551acbf0307: shutdown FollowerState
2019-11-19 00:12:46,410 [grpc-default-executor-5] INFO  impl.RoleInfo (RoleInfo.java:updateAndGet(143)) - 766ea7d6-3a2a-43e6-adde-0551acbf0307: start FollowerState
2019-11-19 00:12:46,410 [Thread-377] INFO  impl.FollowerState (FollowerState.java:run(120)) - 766ea7d6-3a2a-43e6-adde-0551acbf0307@group-0864F1BAA98E-FollowerState was interrupted: java.lang.InterruptedException: sleep interrupted
2019-11-19 00:12:46,425 [384d2f4f-0571-4804-9846-a20995c60033@group-0864F1BAA98E-LeaderElection22] INFO  impl.LeaderElection (LeaderElection.java:askForVotes(178)) - 384d2f4f-0571-4804-9846-a20995c60033@group-0864F1BAA98E-LeaderElection22: begin an election at term 2 for -1: [6ab0ccde-a1c3-4dcb-8bf2-e9547ffb2a27:192.168.157.213:34614, 384d2f4f-0571-4804-9846-a20995c60033:192.168.157.213:36640, 766ea7d6-3a2a-43e6-adde-0551acbf0307:192.168.157.213:35450], old=null
2019-11-19 00:12:46,426 [Thread-378] INFO  impl.FollowerState (FollowerState.java:run(111)) - 88d9a86c-91a8-4958-be80-19dc6d27632d@group-04B856A0C6A3-FollowerState: change to CANDIDATE, lastRpcTime:5104ms, electionTimeout:5104ms
2019-11-19 00:12:46,426 [Thread-378] INFO  impl.RoleInfo (RoleInfo.java:shutdownFollowerState(121)) - 88d9a86c-91a8-4958-be80-19dc6d27632d: shutdown FollowerState
2019-11-19 00:12:46,427 [Thread-378] INFO  impl.RaftServerImpl (RaftServerImpl.java:setRole(173)) - 88d9a86c-91a8-4958-be80-19dc6d27632d@group-04B856A0C6A3: changes role from  FOLLOWER to CANDIDATE at term 1 for changeToCandidate
2019-11-19 00:12:46,427 [Thread-378] INFO  impl.RoleInfo (RoleInfo.java:updateAndGet(143)) - 88d9a86c-91a8-4958-be80-19dc6d27632d: start LeaderElection
2019-11-19 00:12:46,430 [6ab0ccde-a1c3-4dcb-8bf2-e9547ffb2a27@group-0864F1BAA98E-LeaderElection21] INFO  impl.LeaderElection (LeaderElection.java:logAndReturn(56)) - 6ab0ccde-a1c3-4dcb-8bf2-e9547ffb2a27@group-0864F1BAA98E-LeaderElection21: Election PASSED; received 1 response(s) [6ab0ccde-a1c3-4dcb-8bf2-e9547ffb2a27<-766ea7d6-3a2a-43e6-adde-0551acbf0307#0:OK-t2] and 0 exception(s); 6ab0ccde-a1c3-4dcb-8bf2-e9547ffb2a27@group-0864F1BAA98E:t2, leader=null, voted=6ab0ccde-a1c3-4dcb-8bf2-e9547ffb2a27, raftlog=6ab0ccde-a1c3-4dcb-8bf2-e9547ffb2a27@group-0864F1BAA98E-SegmentedRaftLog:OPENED:c-1,f-1,i0, conf=-1: [6ab0ccde-a1c3-4dcb-8bf2-e9547ffb2a27:192.168.157.213:34614, 384d2f4f-0571-4804-9846-a20995c60033:192.168.157.213:36640, 766ea7d6-3a2a-43e6-adde-0551acbf0307:192.168.157.213:35450], old=null
2019-11-19 00:12:46,430 [64badc5b-1d26-4295-aeac-475b93178eb2@group-36AF27D05186-LeaderElection20] INFO  impl.LeaderElection (LeaderElection.java:logAndReturn(56)) - 64badc5b-1d26-4295-aeac-475b93178eb2@group-36AF27D05186-LeaderElection20: Election PASSED; received 1 response(s) [64badc5b-1d26-4295-aeac-475b93178eb2<-8678c500-2e6c-4337-9c3b-475f5e833751#0:OK-t2] and 0 exception(s); 64badc5b-1d26-4295-aeac-475b93178eb2@group-36AF27D05186:t2, leader=null, voted=64badc5b-1d26-4295-aeac-475b93178eb2, raftlog=64badc5b-1d26-4295-aeac-475b93178eb2@group-36AF27D05186-SegmentedRaftLog:OPENED:c-1,f-1,i0, conf=-1: [64badc5b-1d26-4295-aeac-475b93178eb2:192.168.157.213:38652, 0268f058-fb11-4548-aa1f-192ad2abf2d8:192.168.157.213:42263, 8678c500-2e6c-4337-9c3b-475f5e833751:192.168.157.213:38785], old=null
2019-11-19 00:12:46,430 [6ab0ccde-a1c3-4dcb-8bf2-e9547ffb2a27@group-0864F1BAA98E-LeaderElection21] INFO  impl.RoleInfo (RoleInfo.java:shutdownLeaderElection(134)) - 6ab0ccde-a1c3-4dcb-8bf2-e9547ffb2a27: shutdown LeaderElection
2019-11-19 00:12:46,432 [64badc5b-1d26-4295-aeac-475b93178eb2@group-36AF27D05186-LeaderElection20] INFO  impl.RoleInfo (RoleInfo.java:shutdownLeaderElection(134)) - 64badc5b-1d26-4295-aeac-475b93178eb2: shutdown LeaderElection
2019-11-19 00:12:46,434 [6ab0ccde-a1c3-4dcb-8bf2-e9547ffb2a27@group-0864F1BAA98E-LeaderElection21] INFO  impl.RaftServerImpl (RaftServerImpl.java:setRole(173)) - 6ab0ccde-a1c3-4dcb-8bf2-e9547ffb2a27@group-0864F1BAA98E: changes role from CANDIDATE to LEADER at term 2 for changeToLeader
2019-11-19 00:12:46,434 [64badc5b-1d26-4295-aeac-475b93178eb2@group-36AF27D05186-LeaderElection20] INFO  impl.RaftServerImpl (RaftServerImpl.java:setRole(173)) - 64badc5b-1d26-4295-aeac-475b93178eb2@group-36AF27D05186: changes role from CANDIDATE to LEADER at term 2 for changeToLeader
2019-11-19 00:12:46,439 [6ab0ccde-a1c3-4dcb-8bf2-e9547ffb2a27@group-0864F1BAA98E-LeaderElection21] INFO  ratis.XceiverServerRatis (XceiverServerRatis.java:handleLeaderChangedNotification(733)) - Leader change notification received for group: group-0864F1BAA98E with new leaderId: 6ab0ccde-a1c3-4dcb-8bf2-e9547ffb2a27
2019-11-19 00:12:46,440 [64badc5b-1d26-4295-aeac-475b93178eb2@group-36AF27D05186-LeaderElection20] INFO  ratis.XceiverServerRatis (XceiverServerRatis.java:handleLeaderChangedNotification(733)) - Leader change notification received for group: group-36AF27D05186 with new leaderId: 64badc5b-1d26-4295-aeac-475b93178eb2
2019-11-19 00:12:46,441 [6ab0ccde-a1c3-4dcb-8bf2-e9547ffb2a27@group-0864F1BAA98E-LeaderElection21] INFO  impl.RaftServerImpl (ServerState.java:setLeader(255)) - 6ab0ccde-a1c3-4dcb-8bf2-e9547ffb2a27@group-0864F1BAA98E: change Leader from null to 6ab0ccde-a1c3-4dcb-8bf2-e9547ffb2a27 at term 2 for becomeLeader, leader elected after 11037ms
2019-11-19 00:12:46,445 [64badc5b-1d26-4295-aeac-475b93178eb2@group-36AF27D05186-LeaderElection20] INFO  impl.RaftServerImpl (ServerState.java:setLeader(255)) - 64badc5b-1d26-4295-aeac-475b93178eb2@group-36AF27D05186: change Leader from null to 64badc5b-1d26-4295-aeac-475b93178eb2 at term 2 for becomeLeader, leader elected after 11142ms
2019-11-19 00:12:46,445 [64badc5b-1d26-4295-aeac-475b93178eb2@group-36AF27D05186-LeaderElection20] INFO  server.RaftServerConfigKeys (ConfUtils.java:logGet(43)) - raft.server.staging.catchup.gap = 1000 (default)
2019-11-19 00:12:46,445 [6ab0ccde-a1c3-4dcb-8bf2-e9547ffb2a27@group-0864F1BAA98E-LeaderElection21] INFO  server.RaftServerConfigKeys (ConfUtils.java:logGet(43)) - raft.server.staging.catchup.gap = 1000 (default)
2019-11-19 00:12:46,447 [64badc5b-1d26-4295-aeac-475b93178eb2@group-36AF27D05186-LeaderElection20] INFO  server.RaftServerConfigKeys (ConfUtils.java:logGet(43)) - raft.server.rpc.sleep.time = 25ms (default)
2019-11-19 00:12:46,447 [6ab0ccde-a1c3-4dcb-8bf2-e9547ffb2a27@group-0864F1BAA98E-LeaderElection21] INFO  server.RaftServerConfigKeys (ConfUtils.java:logGet(43)) - raft.server.rpc.sleep.time = 25ms (default)
2019-11-19 00:12:46,449 [6ab0ccde-a1c3-4dcb-8bf2-e9547ffb2a27@group-0864F1BAA98E-LeaderElection21] INFO  server.RaftServerConfigKeys (ConfUtils.java:logGet(43)) - raft.server.write.element-limit = 4096 (default)
2019-11-19 00:12:46,449 [64badc5b-1d26-4295-aeac-475b93178eb2@group-36AF27D05186-LeaderElection20] INFO  server.RaftServerConfigKeys (ConfUtils.java:logGet(43)) - raft.server.write.element-limit = 4096 (default)
2019-11-19 00:12:46,450 [6ab0ccde-a1c3-4dcb-8bf2-e9547ffb2a27@group-0864F1BAA98E-LeaderElection21] INFO  server.RaftServerConfigKeys (ConfUtils.java:logGet(43)) - raft.server.watch.timeout = 10s (default)
2019-11-19 00:12:46,452 [6ab0ccde-a1c3-4dcb-8bf2-e9547ffb2a27@group-0864F1BAA98E-LeaderElection21] INFO  server.RaftServerConfigKeys (ConfUtils.java:logGet(43)) - raft.server.watch.timeout.denomination = 1s (default)
2019-11-19 00:12:46,451 [64badc5b-1d26-4295-aeac-475b93178eb2@group-36AF27D05186-LeaderElection20] INFO  server.RaftServerConfigKeys (ConfUtils.java:logGet(43)) - raft.server.watch.timeout = 10s (default)
2019-11-19 00:12:46,451 [EventQueue-PipelineReportForPipelineReportHandler] INFO  pipeline.PipelineReportHandler (PipelineReportHandler.java:processPipelineReport(113)) - Pipeline THREE PipelineID=a25894c6-e5b1-484a-87d6-36af27d05186 reported by 64badc5b-1d26-4295-aeac-475b93178eb2{ip: 192.168.157.213, host: pr-hdds-2241-master-j9rj8-2432081592, networkLocation: /default-rack, certSerialId: null}
2019-11-19 00:12:46,453 [88d9a86c-91a8-4958-be80-19dc6d27632d@group-04B856A0C6A3-LeaderElection23] INFO  impl.LeaderElection (LeaderElection.java:askForVotes(178)) - 88d9a86c-91a8-4958-be80-19dc6d27632d@group-04B856A0C6A3-LeaderElection23: begin an election at term 2 for -1: [4ef12a2f-5b98-4782-89eb-d41a56677dfd:192.168.157.213:37821, d1ad36f3-e0f7-4bd2-8d80-c82e74335b3b:192.168.157.213:43236, 88d9a86c-91a8-4958-be80-19dc6d27632d:192.168.157.213:42465], old=null
2019-11-19 00:12:46,453 [64badc5b-1d26-4295-aeac-475b93178eb2@group-36AF27D05186-LeaderElection20] INFO  server.RaftServerConfigKeys (ConfUtils.java:logGet(43)) - raft.server.watch.timeout.denomination = 1s (default)
2019-11-19 00:12:46,452 [6ab0ccde-a1c3-4dcb-8bf2-e9547ffb2a27@group-0864F1BAA98E-LeaderElection21] INFO  server.RaftServerConfigKeys (ConfUtils.java:logGet(43)) - raft.server.watch.element-limit = 65536 (default)
2019-11-19 00:12:46,453 [64badc5b-1d26-4295-aeac-475b93178eb2@group-36AF27D05186-LeaderElection20] INFO  server.RaftServerConfigKeys (ConfUtils.java:logGet(43)) - raft.server.watch.element-limit = 65536 (default)
2019-11-19 00:12:46,453 [EventQueue-PipelineReportForPipelineReportHandler] INFO  pipeline.PipelineStateManager (PipelineStateManager.java:openPipeline(132)) - Pipeline Pipeline[ Id: a25894c6-e5b1-484a-87d6-36af27d05186, Nodes: 64badc5b-1d26-4295-aeac-475b93178eb2{ip: 192.168.157.213, host: pr-hdds-2241-master-j9rj8-2432081592, networkLocation: /default-rack, certSerialId: null}8678c500-2e6c-4337-9c3b-475f5e833751{ip: 192.168.157.213, host: pr-hdds-2241-master-j9rj8-2432081592, networkLocation: /default-rack, certSerialId: null}0268f058-fb11-4548-aa1f-192ad2abf2d8{ip: 192.168.157.213, host: pr-hdds-2241-master-j9rj8-2432081592, networkLocation: /default-rack, certSerialId: null}, Type:RATIS, Factor:THREE, State:ALLOCATED] moved to OPEN state
2019-11-19 00:12:46,455 [EventQueue-PipelineReportForPipelineReportHandler] INFO  pipeline.PipelineReportHandler (PipelineReportHandler.java:processPipelineReport(113)) - Pipeline THREE PipelineID=1a7d0b34-c700-43c0-9c00-0864f1baa98e reported by 6ab0ccde-a1c3-4dcb-8bf2-e9547ffb2a27{ip: 192.168.157.213, host: pr-hdds-2241-master-j9rj8-2432081592, networkLocation: /default-rack, certSerialId: null}
2019-11-19 00:12:46,455 [EventQueue-OpenPipelineForHealthyPipelineSafeModeRule] INFO  safemode.SCMSafeModeManager (HealthyPipelineSafeModeRule.java:process(132)) - SCM in safe mode. Healthy pipelines reported count is 1, required healthy pipeline reported count is 1
2019-11-19 00:12:46,458 [Thread-375] INFO  impl.FollowerState (FollowerState.java:run(111)) - d1ad36f3-e0f7-4bd2-8d80-c82e74335b3b@group-04B856A0C6A3-FollowerState: change to CANDIDATE, lastRpcTime:5137ms, electionTimeout:5137ms
2019-11-19 00:12:46,455 [EventQueue-OpenPipelineForOneReplicaPipelineSafeModeRule] INFO  safemode.SCMSafeModeManager (SCMSafeModeManager.java:validateSafeModeExitRules(176)) - AtleastOneDatanodeReportedRule rule is successfully validated
2019-11-19 00:12:46,459 [Thread-375] INFO  impl.RoleInfo (RoleInfo.java:shutdownFollowerState(121)) - d1ad36f3-e0f7-4bd2-8d80-c82e74335b3b: shutdown FollowerState
2019-11-19 00:12:46,458 [EventQueue-PipelineReportForPipelineReportHandler] INFO  pipeline.PipelineStateManager (PipelineStateManager.java:openPipeline(132)) - Pipeline Pipeline[ Id: 1a7d0b34-c700-43c0-9c00-0864f1baa98e, Nodes: 766ea7d6-3a2a-43e6-adde-0551acbf0307{ip: 192.168.157.213, host: pr-hdds-2241-master-j9rj8-2432081592, networkLocation: /default-rack, certSerialId: null}6ab0ccde-a1c3-4dcb-8bf2-e9547ffb2a27{ip: 192.168.157.213, host: pr-hdds-2241-master-j9rj8-2432081592, networkLocation: /default-rack, certSerialId: null}384d2f4f-0571-4804-9846-a20995c60033{ip: 192.168.157.213, host: pr-hdds-2241-master-j9rj8-2432081592, networkLocation: /default-rack, certSerialId: null}, Type:RATIS, Factor:THREE, State:ALLOCATED] moved to OPEN state
2019-11-19 00:12:46,460 [Thread-375] INFO  impl.RaftServerImpl (RaftServerImpl.java:setRole(173)) - d1ad36f3-e0f7-4bd2-8d80-c82e74335b3b@group-04B856A0C6A3: changes role from  FOLLOWER to CANDIDATE at term 1 for changeToCandidate
2019-11-19 00:12:46,459 [EventQueue-OpenPipelineForHealthyPipelineSafeModeRule] INFO  safemode.SCMSafeModeManager (SCMSafeModeManager.java:validateSafeModeExitRules(176)) - HealthyPipelineSafeModeRule rule is successfully validated
2019-11-19 00:12:46,465 [Thread-375] INFO  impl.RoleInfo (RoleInfo.java:updateAndGet(143)) - d1ad36f3-e0f7-4bd2-8d80-c82e74335b3b: start LeaderElection
2019-11-19 00:12:46,465 [EventQueue-OpenPipelineForHealthyPipelineSafeModeRule] INFO  safemode.SCMSafeModeManager (SCMSafeModeManager.java:validateSafeModeExitRules(185)) - ScmSafeModeManager, all rules are successfully validated
2019-11-19 00:12:46,465 [EventQueue-OpenPipelineForHealthyPipelineSafeModeRule] INFO  safemode.SCMSafeModeManager (SCMSafeModeManager.java:exitSafeMode(201)) - SCM exiting safe mode.
2019-11-19 00:12:46,465 [64badc5b-1d26-4295-aeac-475b93178eb2@group-36AF27D05186-LeaderElection20] INFO  server.RaftServerConfigKeys (ConfUtils.java:logGet(43)) - raft.server.log.appender.snapshot.chunk.size.max = 16MB (=16777216) (default)
2019-11-19 00:12:46,465 [6ab0ccde-a1c3-4dcb-8bf2-e9547ffb2a27@group-0864F1BAA98E-LeaderElection21] INFO  server.RaftServerConfigKeys (ConfUtils.java:logGet(43)) - raft.server.log.appender.snapshot.chunk.size.max = 16MB (=16777216) (default)
2019-11-19 00:12:46,466 [EventQueue-OpenPipelineForOneReplicaPipelineSafeModeRule] INFO  safemode.SCMSafeModeManager (SCMSafeModeManager.java:validateSafeModeExitRules(176)) - AtleastOneDatanodeReportedRule rule is successfully validated
2019-11-19 00:12:46,466 [EventQueue-OpenPipelineForOneReplicaPipelineSafeModeRule] INFO  safemode.SCMSafeModeManager (SCMSafeModeManager.java:validateSafeModeExitRules(185)) - ScmSafeModeManager, all rules are successfully validated
2019-11-19 00:12:46,466 [EventQueue-OpenPipelineForOneReplicaPipelineSafeModeRule] INFO  safemode.SCMSafeModeManager (SCMSafeModeManager.java:exitSafeMode(201)) - SCM exiting safe mode.
2019-11-19 00:12:46,466 [64badc5b-1d26-4295-aeac-475b93178eb2@group-36AF27D05186-LeaderElection20] INFO  server.RaftServerConfigKeys (ConfUtils.java:logGet(43)) - raft.server.log.appender.buffer.byte-limit = 33554432 (custom)
2019-11-19 00:12:46,466 [6ab0ccde-a1c3-4dcb-8bf2-e9547ffb2a27@group-0864F1BAA98E-LeaderElection21] INFO  server.RaftServerConfigKeys (ConfUtils.java:logGet(43)) - raft.server.log.appender.buffer.byte-limit = 33554432 (custom)
2019-11-19 00:12:46,469 [64badc5b-1d26-4295-aeac-475b93178eb2@group-36AF27D05186-LeaderElection20] INFO  server.RaftServerConfigKeys (ConfUtils.java:logGet(43)) - raft.server.log.appender.buffer.element-limit = 1 (custom)
2019-11-19 00:12:46,469 [Thread-370] INFO  impl.FollowerState (FollowerState.java:run(111)) - 4ef12a2f-5b98-4782-89eb-d41a56677dfd@group-04B856A0C6A3-FollowerState: change to CANDIDATE, lastRpcTime:5150ms, electionTimeout:5149ms
2019-11-19 00:12:46,470 [Thread-370] INFO  impl.RoleInfo (RoleInfo.java:shutdownFollowerState(121)) - 4ef12a2f-5b98-4782-89eb-d41a56677dfd: shutdown FollowerState
2019-11-19 00:12:46,470 [6ab0ccde-a1c3-4dcb-8bf2-e9547ffb2a27@group-0864F1BAA98E-LeaderElection21] INFO  server.RaftServerConfigKeys (ConfUtils.java:logGet(43)) - raft.server.log.appender.buffer.element-limit = 1 (custom)
2019-11-19 00:12:46,470 [Thread-370] INFO  impl.RaftServerImpl (RaftServerImpl.java:setRole(173)) - 4ef12a2f-5b98-4782-89eb-d41a56677dfd@group-04B856A0C6A3: changes role from  FOLLOWER to CANDIDATE at term 1 for changeToCandidate
2019-11-19 00:12:46,470 [Thread-370] INFO  impl.RoleInfo (RoleInfo.java:updateAndGet(143)) - 4ef12a2f-5b98-4782-89eb-d41a56677dfd: start LeaderElection
2019-11-19 00:12:46,470 [grpc-default-executor-7] INFO  impl.RaftServerImpl (RaftServerImpl.java:setRole(173)) - 4ef12a2f-5b98-4782-89eb-d41a56677dfd@group-04B856A0C6A3: changes role from CANDIDATE to FOLLOWER at term 2 for recognizeCandidate:88d9a86c-91a8-4958-be80-19dc6d27632d
2019-11-19 00:12:46,471 [grpc-default-executor-7] INFO  impl.RoleInfo (RoleInfo.java:shutdownLeaderElection(134)) - 4ef12a2f-5b98-4782-89eb-d41a56677dfd: shutdown LeaderElection
2019-11-19 00:12:46,471 [grpc-default-executor-7] INFO  impl.RoleInfo (RoleInfo.java:updateAndGet(143)) - 4ef12a2f-5b98-4782-89eb-d41a56677dfd: start FollowerState
2019-11-19 00:12:46,473 [6ab0ccde-a1c3-4dcb-8bf2-e9547ffb2a27@group-0864F1BAA98E-LeaderElection21] INFO  grpc.GrpcConfigKeys$Server (ConfUtils.java:logGet(43)) - raft.grpc.server.leader.outstanding.appends.max = 128 (default)
2019-11-19 00:12:46,473 [64badc5b-1d26-4295-aeac-475b93178eb2@group-36AF27D05186-LeaderElection20] INFO  grpc.GrpcConfigKeys$Server (ConfUtils.java:logGet(43)) - raft.grpc.server.leader.outstanding.appends.max = 128 (default)
2019-11-19 00:12:46,474 [6ab0ccde-a1c3-4dcb-8bf2-e9547ffb2a27@group-0864F1BAA98E-LeaderElection21] INFO  server.RaftServerConfigKeys (ConfUtils.java:logGet(43)) - raft.server.rpc.request.timeout = 3000ms (default)
2019-11-19 00:12:46,475 [64badc5b-1d26-4295-aeac-475b93178eb2@group-36AF27D05186-LeaderElection20] INFO  server.RaftServerConfigKeys (ConfUtils.java:logGet(43)) - raft.server.rpc.request.timeout = 3000ms (default)
2019-11-19 00:12:46,475 [6ab0ccde-a1c3-4dcb-8bf2-e9547ffb2a27@group-0864F1BAA98E-LeaderElection21] INFO  server.RaftServerConfigKeys (ConfUtils.java:logGet(43)) - raft.server.log.appender.install.snapshot.enabled = false (custom)
2019-11-19 00:12:46,475 [64badc5b-1d26-4295-aeac-475b93178eb2@group-36AF27D05186-LeaderElection20] INFO  server.RaftServerConfigKeys (ConfUtils.java:logGet(43)) - raft.server.log.appender.install.snapshot.enabled = false (custom)
2019-11-19 00:12:46,476 [6ab0ccde-a1c3-4dcb-8bf2-e9547ffb2a27@group-0864F1BAA98E-LeaderElection21] WARN  impl.MetricRegistriesImpl (MetricRegistriesImpl.java:lambda$create$1(61)) - First MetricRegistry has been created without registering reporters. You may need to call MetricRegistries.global().addReportRegistration(...) before.
2019-11-19 00:12:46,476 [64badc5b-1d26-4295-aeac-475b93178eb2@group-36AF27D05186-LeaderElection20] WARN  impl.MetricRegistriesImpl (MetricRegistriesImpl.java:lambda$create$1(61)) - First MetricRegistry has been created without registering reporters. You may need to call MetricRegistries.global().addReportRegistration(...) before.
2019-11-19 00:12:46,477 [64badc5b-1d26-4295-aeac-475b93178eb2@group-36AF27D05186-LeaderElection20] INFO  server.RaftServerConfigKeys (ConfUtils.java:logGet(43)) - raft.server.log.appender.snapshot.chunk.size.max = 16MB (=16777216) (default)
2019-11-19 00:12:46,477 [6ab0ccde-a1c3-4dcb-8bf2-e9547ffb2a27@group-0864F1BAA98E-LeaderElection21] INFO  server.RaftServerConfigKeys (ConfUtils.java:logGet(43)) - raft.server.log.appender.snapshot.chunk.size.max = 16MB (=16777216) (default)
2019-11-19 00:12:46,478 [64badc5b-1d26-4295-aeac-475b93178eb2@group-36AF27D05186-LeaderElection20] INFO  server.RaftServerConfigKeys (ConfUtils.java:logGet(43)) - raft.server.log.appender.buffer.byte-limit = 33554432 (custom)
2019-11-19 00:12:46,478 [6ab0ccde-a1c3-4dcb-8bf2-e9547ffb2a27@group-0864F1BAA98E-LeaderElection21] INFO  server.RaftServerConfigKeys (ConfUtils.java:logGet(43)) - raft.server.log.appender.buffer.byte-limit = 33554432 (custom)
2019-11-19 00:12:46,478 [64badc5b-1d26-4295-aeac-475b93178eb2@group-36AF27D05186-LeaderElection20] INFO  server.RaftServerConfigKeys (ConfUtils.java:logGet(43)) - raft.server.log.appender.buffer.element-limit = 1 (custom)
2019-11-19 00:12:46,478 [6ab0ccde-a1c3-4dcb-8bf2-e9547ffb2a27@group-0864F1BAA98E-LeaderElection21] INFO  server.RaftServerConfigKeys (ConfUtils.java:logGet(43)) - raft.server.log.appender.buffer.element-limit = 1 (custom)
2019-11-19 00:12:46,478 [64badc5b-1d26-4295-aeac-475b93178eb2@group-36AF27D05186-LeaderElection20] INFO  grpc.GrpcConfigKeys$Server (ConfUtils.java:logGet(43)) - raft.grpc.server.leader.outstanding.appends.max = 128 (default)
2019-11-19 00:12:46,478 [6ab0ccde-a1c3-4dcb-8bf2-e9547ffb2a27@group-0864F1BAA98E-LeaderElection21] INFO  grpc.GrpcConfigKeys$Server (ConfUtils.java:logGet(43)) - raft.grpc.server.leader.outstanding.appends.max = 128 (default)
2019-11-19 00:12:46,478 [64badc5b-1d26-4295-aeac-475b93178eb2@group-36AF27D05186-LeaderElection20] INFO  server.RaftServerConfigKeys (ConfUtils.java:logGet(43)) - raft.server.rpc.request.timeout = 3000ms (default)
2019-11-19 00:12:46,479 [6ab0ccde-a1c3-4dcb-8bf2-e9547ffb2a27@group-0864F1BAA98E-LeaderElection21] INFO  server.RaftServerConfigKeys (ConfUtils.java:logGet(43)) - raft.server.rpc.request.timeout = 3000ms (default)
2019-11-19 00:12:46,479 [64badc5b-1d26-4295-aeac-475b93178eb2@group-36AF27D05186-LeaderElection20] INFO  server.RaftServerConfigKeys (ConfUtils.java:logGet(43)) - raft.server.log.appender.install.snapshot.enabled = false (custom)
2019-11-19 00:12:46,479 [6ab0ccde-a1c3-4dcb-8bf2-e9547ffb2a27@group-0864F1BAA98E-LeaderElection21] INFO  server.RaftServerConfigKeys (ConfUtils.java:logGet(43)) - raft.server.log.appender.install.snapshot.enabled = false (custom)
2019-11-19 00:12:46,482 [6ab0ccde-a1c3-4dcb-8bf2-e9547ffb2a27@group-0864F1BAA98E-LeaderElection21] INFO  impl.RoleInfo (RoleInfo.java:updateAndGet(143)) - 6ab0ccde-a1c3-4dcb-8bf2-e9547ffb2a27: start LeaderState
2019-11-19 00:12:46,482 [64badc5b-1d26-4295-aeac-475b93178eb2@group-36AF27D05186-LeaderElection20] INFO  impl.RoleInfo (RoleInfo.java:updateAndGet(143)) - 64badc5b-1d26-4295-aeac-475b93178eb2: start LeaderState
2019-11-19 00:12:46,482 [6ab0ccde-a1c3-4dcb-8bf2-e9547ffb2a27@group-0864F1BAA98E-LeaderElection21] INFO  segmented.SegmentedRaftLogWorker (SegmentedRaftLogWorker.java:startLogSegment(385)) - 6ab0ccde-a1c3-4dcb-8bf2-e9547ffb2a27@group-0864F1BAA98E-SegmentedRaftLogWorker: Starting segment from index:0
2019-11-19 00:12:46,482 [64badc5b-1d26-4295-aeac-475b93178eb2@group-36AF27D05186-LeaderElection20] INFO  segmented.SegmentedRaftLogWorker (SegmentedRaftLogWorker.java:startLogSegment(385)) - 64badc5b-1d26-4295-aeac-475b93178eb2@group-36AF27D05186-SegmentedRaftLogWorker: Starting segment from index:0
2019-11-19 00:12:46,483 [6ab0ccde-a1c3-4dcb-8bf2-e9547ffb2a27@group-0864F1BAA98E-LeaderElection21] INFO  impl.RaftServerImpl (ServerState.java:setRaftConf(356)) - 6ab0ccde-a1c3-4dcb-8bf2-e9547ffb2a27@group-0864F1BAA98E: set configuration 0: [6ab0ccde-a1c3-4dcb-8bf2-e9547ffb2a27:192.168.157.213:34614, 384d2f4f-0571-4804-9846-a20995c60033:192.168.157.213:36640, 766ea7d6-3a2a-43e6-adde-0551acbf0307:192.168.157.213:35450], old=null at 0
2019-11-19 00:12:46,483 [64badc5b-1d26-4295-aeac-475b93178eb2@group-36AF27D05186-LeaderElection20] INFO  impl.RaftServerImpl (ServerState.java:setRaftConf(356)) - 64badc5b-1d26-4295-aeac-475b93178eb2@group-36AF27D05186: set configuration 0: [64badc5b-1d26-4295-aeac-475b93178eb2:192.168.157.213:38652, 0268f058-fb11-4548-aa1f-192ad2abf2d8:192.168.157.213:42263, 8678c500-2e6c-4337-9c3b-475f5e833751:192.168.157.213:38785], old=null at 0
2019-11-19 00:12:46,523 [grpc-default-executor-5] INFO  impl.RaftServerImpl (RaftServerImpl.java:requestVote(776)) - 6ab0ccde-a1c3-4dcb-8bf2-e9547ffb2a27@group-0864F1BAA98E-   LEADER: Withhold vote from candidate 384d2f4f-0571-4804-9846-a20995c60033 with term 2. State: leader=6ab0ccde-a1c3-4dcb-8bf2-e9547ffb2a27, term=2, lastRpcElapsed=null
2019-11-19 00:12:46,523 [d1ad36f3-e0f7-4bd2-8d80-c82e74335b3b@group-04B856A0C6A3-LeaderElection24] INFO  impl.LeaderElection (LeaderElection.java:askForVotes(178)) - d1ad36f3-e0f7-4bd2-8d80-c82e74335b3b@group-04B856A0C6A3-LeaderElection24: begin an election at term 2 for -1: [4ef12a2f-5b98-4782-89eb-d41a56677dfd:192.168.157.213:37821, d1ad36f3-e0f7-4bd2-8d80-c82e74335b3b:192.168.157.213:43236, 88d9a86c-91a8-4958-be80-19dc6d27632d:192.168.157.213:42465], old=null
2019-11-19 00:12:46,536 [88d9a86c-91a8-4958-be80-19dc6d27632d@group-04B856A0C6A3-LeaderElection23] INFO  impl.LeaderElection (LeaderElection.java:logAndReturn(56)) - 88d9a86c-91a8-4958-be80-19dc6d27632d@group-04B856A0C6A3-LeaderElection23: Election REJECTED; received 2 response(s) [88d9a86c-91a8-4958-be80-19dc6d27632d<-4ef12a2f-5b98-4782-89eb-d41a56677dfd#0:FAIL-t2, 88d9a86c-91a8-4958-be80-19dc6d27632d<-d1ad36f3-e0f7-4bd2-8d80-c82e74335b3b#0:FAIL-t2] and 0 exception(s); 88d9a86c-91a8-4958-be80-19dc6d27632d@group-04B856A0C6A3:t2, leader=null, voted=88d9a86c-91a8-4958-be80-19dc6d27632d, raftlog=88d9a86c-91a8-4958-be80-19dc6d27632d@group-04B856A0C6A3-SegmentedRaftLog:OPENED:c-1,f-1,i0, conf=-1: [4ef12a2f-5b98-4782-89eb-d41a56677dfd:192.168.157.213:37821, d1ad36f3-e0f7-4bd2-8d80-c82e74335b3b:192.168.157.213:43236, 88d9a86c-91a8-4958-be80-19dc6d27632d:192.168.157.213:42465], old=null
2019-11-19 00:12:46,537 [88d9a86c-91a8-4958-be80-19dc6d27632d@group-04B856A0C6A3-LeaderElection23] INFO  impl.RaftServerImpl (RaftServerImpl.java:setRole(173)) - 88d9a86c-91a8-4958-be80-19dc6d27632d@group-04B856A0C6A3: changes role from CANDIDATE to FOLLOWER at term 2 for DISCOVERED_A_NEW_TERM
2019-11-19 00:12:46,539 [88d9a86c-91a8-4958-be80-19dc6d27632d@group-04B856A0C6A3-LeaderElection23] INFO  impl.RoleInfo (RoleInfo.java:shutdownLeaderElection(134)) - 88d9a86c-91a8-4958-be80-19dc6d27632d: shutdown LeaderElection
2019-11-19 00:12:46,541 [88d9a86c-91a8-4958-be80-19dc6d27632d@group-04B856A0C6A3-LeaderElection23] INFO  impl.RoleInfo (RoleInfo.java:updateAndGet(143)) - 88d9a86c-91a8-4958-be80-19dc6d27632d: start FollowerState
2019-11-19 00:12:46,541 [384d2f4f-0571-4804-9846-a20995c60033@group-0864F1BAA98E-LeaderElection22] INFO  impl.LeaderElection (LeaderElection.java:logAndReturn(56)) - 384d2f4f-0571-4804-9846-a20995c60033@group-0864F1BAA98E-LeaderElection22: Election REJECTED; received 2 response(s) [384d2f4f-0571-4804-9846-a20995c60033<-6ab0ccde-a1c3-4dcb-8bf2-e9547ffb2a27#0:FAIL-t2, 384d2f4f-0571-4804-9846-a20995c60033<-766ea7d6-3a2a-43e6-adde-0551acbf0307#0:FAIL-t2] and 0 exception(s); 384d2f4f-0571-4804-9846-a20995c60033@group-0864F1BAA98E:t2, leader=null, voted=384d2f4f-0571-4804-9846-a20995c60033, raftlog=384d2f4f-0571-4804-9846-a20995c60033@group-0864F1BAA98E-SegmentedRaftLog:OPENED:c-1,f-1,i0, conf=-1: [6ab0ccde-a1c3-4dcb-8bf2-e9547ffb2a27:192.168.157.213:34614, 384d2f4f-0571-4804-9846-a20995c60033:192.168.157.213:36640, 766ea7d6-3a2a-43e6-adde-0551acbf0307:192.168.157.213:35450], old=null
2019-11-19 00:12:46,550 [384d2f4f-0571-4804-9846-a20995c60033@group-0864F1BAA98E-LeaderElection22] INFO  impl.RaftServerImpl (RaftServerImpl.java:setRole(173)) - 384d2f4f-0571-4804-9846-a20995c60033@group-0864F1BAA98E: changes role from CANDIDATE to FOLLOWER at term 2 for DISCOVERED_A_NEW_TERM
2019-11-19 00:12:46,550 [384d2f4f-0571-4804-9846-a20995c60033@group-0864F1BAA98E-LeaderElection22] INFO  impl.RoleInfo (RoleInfo.java:shutdownLeaderElection(134)) - 384d2f4f-0571-4804-9846-a20995c60033: shutdown LeaderElection
2019-11-19 00:12:46,552 [384d2f4f-0571-4804-9846-a20995c60033@group-0864F1BAA98E-LeaderElection22] INFO  impl.RoleInfo (RoleInfo.java:updateAndGet(143)) - 384d2f4f-0571-4804-9846-a20995c60033: start FollowerState
2019-11-19 00:12:46,552 [64badc5b-1d26-4295-aeac-475b93178eb2@group-36AF27D05186-SegmentedRaftLogWorker] INFO  segmented.SegmentedRaftLogWorker (SegmentedRaftLogWorker.java:execute(576)) - 64badc5b-1d26-4295-aeac-475b93178eb2@group-36AF27D05186-SegmentedRaftLogWorker: created new log segment /workdir/hadoop-ozone/integration-test/target/test-dir/MiniOzoneClusterImpl-44984baa-697f-41c4-9b49-b72e5718b1cd/datanode-0/data/ratis/a25894c6-e5b1-484a-87d6-36af27d05186/current/log_inprogress_0
2019-11-19 00:12:46,554 [4ef12a2f-5b98-4782-89eb-d41a56677dfd@group-04B856A0C6A3-LeaderElection25] INFO  impl.LeaderElection (LeaderElection.java:askForVotes(178)) - 4ef12a2f-5b98-4782-89eb-d41a56677dfd@group-04B856A0C6A3-LeaderElection25: begin an election at term 3 for -1: [4ef12a2f-5b98-4782-89eb-d41a56677dfd:192.168.157.213:37821, d1ad36f3-e0f7-4bd2-8d80-c82e74335b3b:192.168.157.213:43236, 88d9a86c-91a8-4958-be80-19dc6d27632d:192.168.157.213:42465], old=null
2019-11-19 00:12:46,552 [6ab0ccde-a1c3-4dcb-8bf2-e9547ffb2a27@group-0864F1BAA98E-SegmentedRaftLogWorker] INFO  segmented.SegmentedRaftLogWorker (SegmentedRaftLogWorker.java:execute(576)) - 6ab0ccde-a1c3-4dcb-8bf2-e9547ffb2a27@group-0864F1BAA98E-SegmentedRaftLogWorker: created new log segment /workdir/hadoop-ozone/integration-test/target/test-dir/MiniOzoneClusterImpl-44984baa-697f-41c4-9b49-b72e5718b1cd/datanode-5/data/ratis/1a7d0b34-c700-43c0-9c00-0864f1baa98e/current/log_inprogress_0
2019-11-19 00:12:46,556 [4ef12a2f-5b98-4782-89eb-d41a56677dfd@group-04B856A0C6A3-LeaderElection25] INFO  impl.LeaderElection (LeaderElection.java:logAndReturn(56)) - 4ef12a2f-5b98-4782-89eb-d41a56677dfd@group-04B856A0C6A3-LeaderElection25: Election REJECTED; received 0 response(s) [] and 0 exception(s); 4ef12a2f-5b98-4782-89eb-d41a56677dfd@group-04B856A0C6A3:t3, leader=null, voted=4ef12a2f-5b98-4782-89eb-d41a56677dfd, raftlog=4ef12a2f-5b98-4782-89eb-d41a56677dfd@group-04B856A0C6A3-SegmentedRaftLog:OPENED:c-1,f-1,i0, conf=-1: [4ef12a2f-5b98-4782-89eb-d41a56677dfd:192.168.157.213:37821, d1ad36f3-e0f7-4bd2-8d80-c82e74335b3b:192.168.157.213:43236, 88d9a86c-91a8-4958-be80-19dc6d27632d:192.168.157.213:42465], old=null
2019-11-19 00:12:46,558 [main] INFO  ozone.MiniOzoneClusterImpl (MiniOzoneClusterImpl.java:lambda$waitForClusterToBeReady$0(150)) - Nodes are ready. Got 10 of 10 DN Heartbeats.
2019-11-19 00:12:46,558 [main] INFO  ozone.MiniOzoneClusterImpl (MiniOzoneClusterImpl.java:lambda$waitForClusterToBeReady$0(153)) - Cluster exits safe mode
2019-11-19 00:12:46,568 [d1ad36f3-e0f7-4bd2-8d80-c82e74335b3b@group-04B856A0C6A3-LeaderElection24] INFO  impl.LeaderElection (LeaderElection.java:logAndReturn(56)) - d1ad36f3-e0f7-4bd2-8d80-c82e74335b3b@group-04B856A0C6A3-LeaderElection24: Election DISCOVERED_A_NEW_TERM; received 2 response(s) [d1ad36f3-e0f7-4bd2-8d80-c82e74335b3b<-4ef12a2f-5b98-4782-89eb-d41a56677dfd#0:FAIL-t3, d1ad36f3-e0f7-4bd2-8d80-c82e74335b3b<-88d9a86c-91a8-4958-be80-19dc6d27632d#0:FAIL-t2] and 0 exception(s); d1ad36f3-e0f7-4bd2-8d80-c82e74335b3b@group-04B856A0C6A3:t2, leader=null, voted=d1ad36f3-e0f7-4bd2-8d80-c82e74335b3b, raftlog=d1ad36f3-e0f7-4bd2-8d80-c82e74335b3b@group-04B856A0C6A3-SegmentedRaftLog:OPENED:c-1,f-1,i0, conf=-1: [4ef12a2f-5b98-4782-89eb-d41a56677dfd:192.168.157.213:37821, d1ad36f3-e0f7-4bd2-8d80-c82e74335b3b:192.168.157.213:43236, 88d9a86c-91a8-4958-be80-19dc6d27632d:192.168.157.213:42465], old=null
2019-11-19 00:12:46,570 [d1ad36f3-e0f7-4bd2-8d80-c82e74335b3b@group-04B856A0C6A3-LeaderElection24] INFO  impl.RaftServerImpl (RaftServerImpl.java:setRole(173)) - d1ad36f3-e0f7-4bd2-8d80-c82e74335b3b@group-04B856A0C6A3: changes role from CANDIDATE to FOLLOWER at term 3 for DISCOVERED_A_NEW_TERM
2019-11-19 00:12:46,572 [d1ad36f3-e0f7-4bd2-8d80-c82e74335b3b@group-04B856A0C6A3-LeaderElection24] INFO  impl.RoleInfo (RoleInfo.java:shutdownLeaderElection(134)) - d1ad36f3-e0f7-4bd2-8d80-c82e74335b3b: shutdown LeaderElection
2019-11-19 00:12:46,574 [d1ad36f3-e0f7-4bd2-8d80-c82e74335b3b@group-04B856A0C6A3-LeaderElection24] INFO  impl.RoleInfo (RoleInfo.java:updateAndGet(143)) - d1ad36f3-e0f7-4bd2-8d80-c82e74335b3b: start FollowerState
2019-11-19 00:12:46,575 [grpc-default-executor-7] INFO  impl.RaftServerImpl (RaftServerImpl.java:setRole(173)) - 88d9a86c-91a8-4958-be80-19dc6d27632d@group-04B856A0C6A3: changes role from  FOLLOWER to FOLLOWER at term 3 for recognizeCandidate:4ef12a2f-5b98-4782-89eb-d41a56677dfd
2019-11-19 00:12:46,582 [grpc-default-executor-7] INFO  impl.RoleInfo (RoleInfo.java:shutdownFollowerState(121)) - 88d9a86c-91a8-4958-be80-19dc6d27632d: shutdown FollowerState
2019-11-19 00:12:46,582 [Thread-408] INFO  impl.FollowerState (FollowerState.java:run(120)) - 88d9a86c-91a8-4958-be80-19dc6d27632d@group-04B856A0C6A3-FollowerState was interrupted: java.lang.InterruptedException: sleep interrupted
2019-11-19 00:12:46,585 [grpc-default-executor-7] INFO  impl.RoleInfo (RoleInfo.java:updateAndGet(143)) - 88d9a86c-91a8-4958-be80-19dc6d27632d: start FollowerState
2019-11-19 00:12:46,608 [grpc-default-executor-10] INFO  ratis.XceiverServerRatis (XceiverServerRatis.java:handleLeaderChangedNotification(733)) - Leader change notification received for group: group-0864F1BAA98E with new leaderId: 6ab0ccde-a1c3-4dcb-8bf2-e9547ffb2a27
2019-11-19 00:12:46,608 [grpc-default-executor-5] INFO  ratis.XceiverServerRatis (XceiverServerRatis.java:handleLeaderChangedNotification(733)) - Leader change notification received for group: group-0864F1BAA98E with new leaderId: 6ab0ccde-a1c3-4dcb-8bf2-e9547ffb2a27
2019-11-19 00:12:46,608 [grpc-default-executor-1] INFO  ratis.XceiverServerRatis (XceiverServerRatis.java:handleLeaderChangedNotification(733)) - Leader change notification received for group: group-36AF27D05186 with new leaderId: 64badc5b-1d26-4295-aeac-475b93178eb2
2019-11-19 00:12:46,608 [grpc-default-executor-6] INFO  ratis.XceiverServerRatis (XceiverServerRatis.java:handleLeaderChangedNotification(733)) - Leader change notification received for group: group-36AF27D05186 with new leaderId: 64badc5b-1d26-4295-aeac-475b93178eb2
2019-11-19 00:12:46,608 [grpc-default-executor-1] INFO  impl.RaftServerImpl (ServerState.java:setLeader(255)) - 8678c500-2e6c-4337-9c3b-475f5e833751@group-36AF27D05186: change Leader from null to 64badc5b-1d26-4295-aeac-475b93178eb2 at term 2 for appendEntries, leader elected after 11309ms
2019-11-19 00:12:46,608 [grpc-default-executor-5] INFO  impl.RaftServerImpl (ServerState.java:setLeader(255)) - 766ea7d6-3a2a-43e6-adde-0551acbf0307@group-0864F1BAA98E: change Leader from null to 6ab0ccde-a1c3-4dcb-8bf2-e9547ffb2a27 at term 2 for appendEntries, leader elected after 11206ms
2019-11-19 00:12:46,608 [grpc-default-executor-10] INFO  impl.RaftServerImpl (ServerState.java:setLeader(255)) - 384d2f4f-0571-4804-9846-a20995c60033@group-0864F1BAA98E: change Leader from null to 6ab0ccde-a1c3-4dcb-8bf2-e9547ffb2a27 at term 2 for appendEntries, leader elected after 11207ms
2019-11-19 00:12:46,609 [grpc-default-executor-6] INFO  impl.RaftServerImpl (ServerState.java:setLeader(255)) - 0268f058-fb11-4548-aa1f-192ad2abf2d8@group-36AF27D05186: change Leader from null to 64badc5b-1d26-4295-aeac-475b93178eb2 at term 2 for appendEntries, leader elected after 11309ms
2019-11-19 00:12:46,615 [grpc-default-executor-12] INFO  impl.RaftServerImpl (RaftServerImpl.java:setRole(173)) - d1ad36f3-e0f7-4bd2-8d80-c82e74335b3b@group-04B856A0C6A3: changes role from  FOLLOWER to FOLLOWER at term 3 for recognizeCandidate:4ef12a2f-5b98-4782-89eb-d41a56677dfd
2019-11-19 00:12:46,616 [grpc-default-executor-12] INFO  impl.RoleInfo (RoleInfo.java:shutdownFollowerState(121)) - d1ad36f3-e0f7-4bd2-8d80-c82e74335b3b: shutdown FollowerState
2019-11-19 00:12:46,616 [grpc-default-executor-12] INFO  impl.RoleInfo (RoleInfo.java:updateAndGet(143)) - d1ad36f3-e0f7-4bd2-8d80-c82e74335b3b: start FollowerState
2019-11-19 00:12:46,616 [Thread-412] INFO  impl.FollowerState (FollowerState.java:run(120)) - d1ad36f3-e0f7-4bd2-8d80-c82e74335b3b@group-04B856A0C6A3-FollowerState was interrupted: java.lang.InterruptedException: sleep interrupted
2019-11-19 00:12:46,659 [grpc-default-executor-12] INFO  impl.RaftServerImpl (ServerState.java:setRaftConf(356)) - 0268f058-fb11-4548-aa1f-192ad2abf2d8@group-36AF27D05186: set configuration 0: [64badc5b-1d26-4295-aeac-475b93178eb2:192.168.157.213:38652, 0268f058-fb11-4548-aa1f-192ad2abf2d8:192.168.157.213:42263, 8678c500-2e6c-4337-9c3b-475f5e833751:192.168.157.213:38785], old=null at 0
2019-11-19 00:12:46,659 [grpc-default-executor-6] INFO  impl.RaftServerImpl (ServerState.java:setRaftConf(356)) - 8678c500-2e6c-4337-9c3b-475f5e833751@group-36AF27D05186: set configuration 0: [64badc5b-1d26-4295-aeac-475b93178eb2:192.168.157.213:38652, 0268f058-fb11-4548-aa1f-192ad2abf2d8:192.168.157.213:42263, 8678c500-2e6c-4337-9c3b-475f5e833751:192.168.157.213:38785], old=null at 0
2019-11-19 00:12:46,659 [grpc-default-executor-1] INFO  impl.RaftServerImpl (ServerState.java:setRaftConf(356)) - 384d2f4f-0571-4804-9846-a20995c60033@group-0864F1BAA98E: set configuration 0: [6ab0ccde-a1c3-4dcb-8bf2-e9547ffb2a27:192.168.157.213:34614, 384d2f4f-0571-4804-9846-a20995c60033:192.168.157.213:36640, 766ea7d6-3a2a-43e6-adde-0551acbf0307:192.168.157.213:35450], old=null at 0
2019-11-19 00:12:46,659 [grpc-default-executor-10] INFO  impl.RaftServerImpl (ServerState.java:setRaftConf(356)) - 766ea7d6-3a2a-43e6-adde-0551acbf0307@group-0864F1BAA98E: set configuration 0: [6ab0ccde-a1c3-4dcb-8bf2-e9547ffb2a27:192.168.157.213:34614, 384d2f4f-0571-4804-9846-a20995c60033:192.168.157.213:36640, 766ea7d6-3a2a-43e6-adde-0551acbf0307:192.168.157.213:35450], old=null at 0
2019-11-19 00:12:46,660 [grpc-default-executor-1] INFO  segmented.SegmentedRaftLogWorker (SegmentedRaftLogWorker.java:startLogSegment(385)) - 384d2f4f-0571-4804-9846-a20995c60033@group-0864F1BAA98E-SegmentedRaftLogWorker: Starting segment from index:0
2019-11-19 00:12:46,659 [grpc-default-executor-6] INFO  segmented.SegmentedRaftLogWorker (SegmentedRaftLogWorker.java:startLogSegment(385)) - 8678c500-2e6c-4337-9c3b-475f5e833751@group-36AF27D05186-SegmentedRaftLogWorker: Starting segment from index:0
2019-11-19 00:12:46,659 [grpc-default-executor-12] INFO  segmented.SegmentedRaftLogWorker (SegmentedRaftLogWorker.java:startLogSegment(385)) - 0268f058-fb11-4548-aa1f-192ad2abf2d8@group-36AF27D05186-SegmentedRaftLogWorker: Starting segment from index:0
2019-11-19 00:12:46,660 [grpc-default-executor-10] INFO  segmented.SegmentedRaftLogWorker (SegmentedRaftLogWorker.java:startLogSegment(385)) - 766ea7d6-3a2a-43e6-adde-0551acbf0307@group-0864F1BAA98E-SegmentedRaftLogWorker: Starting segment from index:0
2019-11-19 00:12:46,712 [766ea7d6-3a2a-43e6-adde-0551acbf0307@group-0864F1BAA98E-SegmentedRaftLogWorker] INFO  segmented.SegmentedRaftLogWorker (SegmentedRaftLogWorker.java:execute(576)) - 766ea7d6-3a2a-43e6-adde-0551acbf0307@group-0864F1BAA98E-SegmentedRaftLogWorker: created new log segment /workdir/hadoop-ozone/integration-test/target/test-dir/MiniOzoneClusterImpl-44984baa-697f-41c4-9b49-b72e5718b1cd/datanode-3/data/ratis/1a7d0b34-c700-43c0-9c00-0864f1baa98e/current/log_inprogress_0
2019-11-19 00:12:46,712 [0268f058-fb11-4548-aa1f-192ad2abf2d8@group-36AF27D05186-SegmentedRaftLogWorker] INFO  segmented.SegmentedRaftLogWorker (SegmentedRaftLogWorker.java:execute(576)) - 0268f058-fb11-4548-aa1f-192ad2abf2d8@group-36AF27D05186-SegmentedRaftLogWorker: created new log segment /workdir/hadoop-ozone/integration-test/target/test-dir/MiniOzoneClusterImpl-44984baa-697f-41c4-9b49-b72e5718b1cd/datanode-1/data/ratis/a25894c6-e5b1-484a-87d6-36af27d05186/current/log_inprogress_0
2019-11-19 00:12:46,729 [384d2f4f-0571-4804-9846-a20995c60033@group-0864F1BAA98E-SegmentedRaftLogWorker] INFO  segmented.SegmentedRaftLogWorker (SegmentedRaftLogWorker.java:execute(576)) - 384d2f4f-0571-4804-9846-a20995c60033@group-0864F1BAA98E-SegmentedRaftLogWorker: created new log segment /workdir/hadoop-ozone/integration-test/target/test-dir/MiniOzoneClusterImpl-44984baa-697f-41c4-9b49-b72e5718b1cd/datanode-4/data/ratis/1a7d0b34-c700-43c0-9c00-0864f1baa98e/current/log_inprogress_0
2019-11-19 00:12:46,729 [8678c500-2e6c-4337-9c3b-475f5e833751@group-36AF27D05186-SegmentedRaftLogWorker] INFO  segmented.SegmentedRaftLogWorker (SegmentedRaftLogWorker.java:execute(576)) - 8678c500-2e6c-4337-9c3b-475f5e833751@group-36AF27D05186-SegmentedRaftLogWorker: created new log segment /workdir/hadoop-ozone/integration-test/target/test-dir/MiniOzoneClusterImpl-44984baa-697f-41c4-9b49-b72e5718b1cd/datanode-2/data/ratis/a25894c6-e5b1-484a-87d6-36af27d05186/current/log_inprogress_0
2019-11-19 00:12:47,418 [main] INFO  ozone.MiniOzoneClusterImpl (MiniOzoneClusterImpl.java:getStorageContainerLocationClient(241)) - Creating StorageContainerLocationProtocol RPC client with address /0.0.0.0:44759
2019-11-19 00:12:47,459 [main] INFO  rpc.RpcClient (RpcClient.java:createVolume(292)) - Creating Volume: 72212084-1fbd-4a12-916d-3d50515219f0, with jenkins1000 as owner.
2019-11-19 00:12:47,520 [IPC Server handler 16 on 38814] INFO  volume.OMVolumeCreateRequest (OMVolumeCreateRequest.java:validateAndUpdateCache(193)) - created volume:72212084-1fbd-4a12-916d-3d50515219f0 for user:jenkins1000
2019-11-19 00:12:47,568 [main] INFO  rpc.RpcClient (RpcClient.java:createBucket(431)) - Creating Bucket: 72212084-1fbd-4a12-916d-3d50515219f0/106f156f-a462-471b-8f56-92e5ec0f1e02, with Versioning false and Storage Type set to DISK and Encryption set to false 
2019-11-19 00:12:47,723 [main] INFO  impl.MetricsSystemImpl (MetricsSystemImpl.java:init(158)) - XceiverClientMetrics metrics system started (again)
00:12:48.323 [main] ERROR OMAudit - user=null | ip=null | op=READ_KEY {volume=72212084-1fbd-4a12-916d-3d50515219f0, bucket=106f156f-a462-471b-8f56-92e5ec0f1e02, key=9c0f9d7c-3999-4259-944e-c30769024c78, dataSize=0, replicationType=null, replicationFactor=null, keyLocationInfo=null} | ret=FAILURE
java.lang.NullPointerException: null
	at org.apache.hadoop.ozone.om.KeyManagerImpl.refreshPipeline(KeyManagerImpl.java:689) ~[hadoop-ozone-ozone-manager-0.5.0-SNAPSHOT.jar:?]
	at org.apache.hadoop.ozone.om.KeyManagerImpl.lookupKey(KeyManagerImpl.java:651) ~[hadoop-ozone-ozone-manager-0.5.0-SNAPSHOT.jar:?]
	at org.apache.hadoop.ozone.om.OzoneManager.lookupKey(OzoneManager.java:2149) [hadoop-ozone-ozone-manager-0.5.0-SNAPSHOT.jar:?]
	at org.apache.hadoop.ozone.client.rpc.TestReadRetries.testPutKeyAndGetKeyThreeNodes(TestReadRetries.java:148) [test-classes/:?]
	at sun.reflect.NativeMethodAccessorImpl.invoke0(Native Method) ~[?:1.8.0_222]
	at sun.reflect.NativeMethodAccessorImpl.invoke(NativeMethodAccessorImpl.java:62) ~[?:1.8.0_222]
	at sun.reflect.DelegatingMethodAccessorImpl.invoke(DelegatingMethodAccessorImpl.java:43) ~[?:1.8.0_222]
	at java.lang.reflect.Method.invoke(Method.java:498) ~[?:1.8.0_222]
	at org.junit.runners.model.FrameworkMethod$1.runReflectiveCall(FrameworkMethod.java:47) [junit-4.11.jar:?]
	at org.junit.internal.runners.model.ReflectiveCallable.run(ReflectiveCallable.java:12) [junit-4.11.jar:?]
	at org.junit.runners.model.FrameworkMethod.invokeExplosively(FrameworkMethod.java:44) [junit-4.11.jar:?]
	at org.junit.internal.runners.statements.InvokeMethod.evaluate(InvokeMethod.java:17) [junit-4.11.jar:?]
	at org.junit.rules.ExpectedException$ExpectedExceptionStatement.evaluate(ExpectedException.java:168) [junit-4.11.jar:?]
	at org.junit.rules.RunRules.evaluate(RunRules.java:20) [junit-4.11.jar:?]
	at org.junit.runners.ParentRunner.runLeaf(ParentRunner.java:271) [junit-4.11.jar:?]
	at org.junit.runners.BlockJUnit4ClassRunner.runChild(BlockJUnit4ClassRunner.java:70) [junit-4.11.jar:?]
	at org.junit.runners.BlockJUnit4ClassRunner.runChild(BlockJUnit4ClassRunner.java:50) [junit-4.11.jar:?]
	at org.junit.runners.ParentRunner$3.run(ParentRunner.java:238) [junit-4.11.jar:?]
	at org.junit.runners.ParentRunner$1.schedule(ParentRunner.java:63) [junit-4.11.jar:?]
	at org.junit.runners.ParentRunner.runChildren(ParentRunner.java:236) [junit-4.11.jar:?]
	at org.junit.runners.ParentRunner.access$000(ParentRunner.java:53) [junit-4.11.jar:?]
	at org.junit.runners.ParentRunner$2.evaluate(ParentRunner.java:229) [junit-4.11.jar:?]
	at org.junit.internal.runners.statements.RunBefores.evaluate(RunBefores.java:26) [junit-4.11.jar:?]
	at org.junit.internal.runners.statements.RunAfters.evaluate(RunAfters.java:27) [junit-4.11.jar:?]
	at org.junit.runners.ParentRunner.run(ParentRunner.java:309) [junit-4.11.jar:?]
	at org.apache.maven.surefire.junit4.JUnit4Provider.execute(JUnit4Provider.java:365) [surefire-junit4-3.0.0-M1.jar:3.0.0-M1]
	at org.apache.maven.surefire.junit4.JUnit4Provider.executeWithRerun(JUnit4Provider.java:273) [surefire-junit4-3.0.0-M1.jar:3.0.0-M1]
	at org.apache.maven.surefire.junit4.JUnit4Provider.executeTestSet(JUnit4Provider.java:238) [surefire-junit4-3.0.0-M1.jar:3.0.0-M1]
	at org.apache.maven.surefire.junit4.JUnit4Provider.invoke(JUnit4Provider.java:159) [surefire-junit4-3.0.0-M1.jar:3.0.0-M1]
	at org.apache.maven.surefire.booter.ForkedBooter.invokeProviderInSameClassLoader(ForkedBooter.java:384) [surefire-booter-3.0.0-M1.jar:3.0.0-M1]
	at org.apache.maven.surefire.booter.ForkedBooter.runSuitesInProcess(ForkedBooter.java:345) [surefire-booter-3.0.0-M1.jar:3.0.0-M1]
	at org.apache.maven.surefire.booter.ForkedBooter.execute(ForkedBooter.java:126) [surefire-booter-3.0.0-M1.jar:3.0.0-M1]
	at org.apache.maven.surefire.booter.ForkedBooter.main(ForkedBooter.java:418) [surefire-booter-3.0.0-M1.jar:3.0.0-M1]
]]></system-out>
    <system-err><![CDATA[ERROR StatusLogger No Log4j 2 configuration file found. Using default configuration (logging only errors to the console), or user programmatically provided configurations. Set system property 'log4j2.debug' to show Log4j 2 internal initialization logging. See https://logging.apache.org/log4j/2.x/manual/configuration.html for instructions on how to configure Log4j 2
]]></system-err>
  </testcase>
</testsuite>