<?xml version="1.0" encoding="UTF-8"?>
<testsuite xmlns:xsi="http://www.w3.org/2001/XMLSchema-instance" xsi:noNamespaceSchemaLocation="https://maven.apache.org/surefire/maven-surefire-plugin/xsd/surefire-test-report.xsd" name="org.apache.hadoop.ozone.TestStorageContainerManager" time="212.277" tests="9" errors="3" skipped="0" failures="0">
  <properties>
    <property name="awt.toolkit" value="sun.awt.X11.XToolkit"/>
    <property name="file.encoding.pkg" value="sun.io"/>
    <property name="java.specification.version" value="1.8"/>
    <property name="sun.cpu.isalist" value=""/>
    <property name="sun.jnu.encoding" value="ANSI_X3.4-1968"/>
    <property name="java.class.path" value="/workdir/hadoop-ozone/integration-test/target/test-classes:/workdir/hadoop-ozone/integration-test/target/classes:/home/user/.m2/repository/org/apache/hadoop/hadoop-ozone-common/0.5.0-SNAPSHOT/hadoop-ozone-common-0.5.0-SNAPSHOT.jar:/home/user/.m2/repository/org/apache/commons/commons-compress/1.4.1/commons-compress-1.4.1.jar:/home/user/.m2/repository/org/tukaani/xz/1.0/xz-1.0.jar:/home/user/.m2/repository/org/apache/hadoop/hadoop-common/3.2.0/hadoop-common-3.2.0.jar:/home/user/.m2/repository/org/apache/hadoop/hadoop-hdfs/3.2.0/hadoop-hdfs-3.2.0.jar:/home/user/.m2/repository/org/apache/hadoop/hadoop-hdfs-client/3.2.0/hadoop-hdfs-client-3.2.0.jar:/home/user/.m2/repository/com/fasterxml/jackson/core/jackson-annotations/2.9.9/jackson-annotations-2.9.9.jar:/home/user/.m2/repository/org/apache/hadoop/hadoop-hdds-common/0.5.0-SNAPSHOT/hadoop-hdds-common-0.5.0-SNAPSHOT.jar:/home/user/.m2/repository/javax/annotation/javax.annotation-api/1.2/javax.annotation-api-1.2.jar:/home/user/.m2/repository/org/apache/ratis/ratis-server/0.5.0-d6d58d0-SNAPSHOT/ratis-server-0.5.0-d6d58d0-SNAPSHOT.jar:/home/user/.m2/repository/org/apache/ratis/ratis-thirdparty-misc/0.2.0/ratis-thirdparty-misc-0.2.0.jar:/home/user/.m2/repository/org/apache/ratis/ratis-proto/0.5.0-d6d58d0-SNAPSHOT/ratis-proto-0.5.0-d6d58d0-SNAPSHOT.jar:/home/user/.m2/repository/org/apache/ratis/ratis-common/0.5.0-d6d58d0-SNAPSHOT/ratis-common-0.5.0-d6d58d0-SNAPSHOT.jar:/home/user/.m2/repository/org/apache/ratis/ratis-client/0.5.0-d6d58d0-SNAPSHOT/ratis-client-0.5.0-d6d58d0-SNAPSHOT.jar:/home/user/.m2/repository/org/apache/ratis/ratis-metrics/0.5.0-d6d58d0-SNAPSHOT/ratis-metrics-0.5.0-d6d58d0-SNAPSHOT.jar:/home/user/.m2/repository/org/apache/ratis/ratis-netty/0.5.0-d6d58d0-SNAPSHOT/ratis-netty-0.5.0-d6d58d0-SNAPSHOT.jar:/home/user/.m2/repository/org/apache/ratis/ratis-grpc/0.5.0-d6d58d0-SNAPSHOT/ratis-grpc-0.5.0-d6d58d0-SNAPSHOT.jar:/home/user/.m2/repository/org/rocksdb/rocksdbjni/6.0.1/rocksdbjni-6.0.1.jar:/home/user/.m2/repository/org/apache/logging/log4j/log4j-api/2.11.0/log4j-api-2.11.0.jar:/home/user/.m2/repository/org/apache/logging/log4j/log4j-core/2.11.0/log4j-core-2.11.0.jar:/home/user/.m2/repository/com/lmax/disruptor/3.4.2/disruptor-3.4.2.jar:/home/user/.m2/repository/org/apache/commons/commons-pool2/2.6.0/commons-pool2-2.6.0.jar:/home/user/.m2/repository/org/bouncycastle/bcpkix-jdk15on/1.60/bcpkix-jdk15on-1.60.jar:/home/user/.m2/repository/commons-validator/commons-validator/1.6/commons-validator-1.6.jar:/home/user/.m2/repository/commons-digester/commons-digester/1.8.1/commons-digester-1.8.1.jar:/home/user/.m2/repository/io/jaegertracing/jaeger-client/0.34.0/jaeger-client-0.34.0.jar:/home/user/.m2/repository/io/jaegertracing/jaeger-thrift/0.34.0/jaeger-thrift-0.34.0.jar:/home/user/.m2/repository/org/apache/thrift/libthrift/0.12.0/libthrift-0.12.0.jar:/home/user/.m2/repository/com/squareup/okhttp3/okhttp/3.9.0/okhttp-3.9.0.jar:/home/user/.m2/repository/com/squareup/okio/okio/1.13.0/okio-1.13.0.jar:/home/user/.m2/repository/io/jaegertracing/jaeger-core/0.34.0/jaeger-core-0.34.0.jar:/home/user/.m2/repository/io/jaegertracing/jaeger-tracerresolver/0.34.0/jaeger-tracerresolver-0.34.0.jar:/home/user/.m2/repository/io/opentracing/contrib/opentracing-tracerresolver/0.1.5/opentracing-tracerresolver-0.1.5.jar:/home/user/.m2/repository/io/opentracing/opentracing-util/0.31.0/opentracing-util-0.31.0.jar:/home/user/.m2/repository/io/opentracing/opentracing-api/0.31.0/opentracing-api-0.31.0.jar:/home/user/.m2/repository/io/opentracing/opentracing-noop/0.31.0/opentracing-noop-0.31.0.jar:/home/user/.m2/repository/org/apache/hadoop/hadoop-hdds-server-framework/0.5.0-SNAPSHOT/hadoop-hdds-server-framework-0.5.0-SNAPSHOT.jar:/home/user/.m2/repository/org/apache/hadoop/hadoop-hdds-container-service/0.5.0-SNAPSHOT/hadoop-hdds-container-service-0.5.0-SNAPSHOT.jar:/home/user/.m2/repository/org/apache/hadoop/hadoop-hdds-client/0.5.0-SNAPSHOT/hadoop-hdds-client-0.5.0-SNAPSHOT.jar:/home/user/.m2/repository/org/apache/hadoop/hadoop-hdds-tools/0.5.0-SNAPSHOT/hadoop-hdds-tools-0.5.0-SNAPSHOT.jar:/home/user/.m2/repository/org/apache/hadoop/hadoop-hdds-server-scm/0.5.0-SNAPSHOT/hadoop-hdds-server-scm-0.5.0-SNAPSHOT.jar:/home/user/.m2/repository/org/apache/hadoop/hadoop-hdds-docs/0.5.0-SNAPSHOT/hadoop-hdds-docs-0.5.0-SNAPSHOT.jar:/home/user/.m2/repository/io/dropwizard/metrics/metrics-core/3.2.4/metrics-core-3.2.4.jar:/home/user/.m2/repository/org/hamcrest/hamcrest-all/1.3/hamcrest-all-1.3.jar:/home/user/.m2/repository/org/bouncycastle/bcprov-jdk15on/1.60/bcprov-jdk15on-1.60.jar:/home/user/.m2/repository/info/picocli/picocli/3.9.6/picocli-3.9.6.jar:/home/user/.m2/repository/com/google/protobuf/protobuf-java/2.5.0/protobuf-java-2.5.0.jar:/home/user/.m2/repository/com/google/guava/guava/11.0.2/guava-11.0.2.jar:/home/user/.m2/repository/org/apache/hadoop/hadoop-ozone-ozone-manager/0.5.0-SNAPSHOT/hadoop-ozone-ozone-manager-0.5.0-SNAPSHOT.jar:/home/user/.m2/repository/org/apache/hadoop/hadoop-minikdc/3.2.0/hadoop-minikdc-3.2.0.jar:/home/user/.m2/repository/commons-io/commons-io/2.5/commons-io-2.5.jar:/home/user/.m2/repository/org/apache/kerby/kerb-simplekdc/1.0.1/kerb-simplekdc-1.0.1.jar:/home/user/.m2/repository/org/apache/kerby/kerb-client/1.0.1/kerb-client-1.0.1.jar:/home/user/.m2/repository/org/apache/kerby/kerby-config/1.0.1/kerby-config-1.0.1.jar:/home/user/.m2/repository/org/apache/kerby/kerb-core/1.0.1/kerb-core-1.0.1.jar:/home/user/.m2/repository/org/apache/kerby/kerby-pkix/1.0.1/kerby-pkix-1.0.1.jar:/home/user/.m2/repository/org/apache/kerby/kerby-asn1/1.0.1/kerby-asn1-1.0.1.jar:/home/user/.m2/repository/org/apache/kerby/kerby-util/1.0.1/kerby-util-1.0.1.jar:/home/user/.m2/repository/org/apache/kerby/kerb-common/1.0.1/kerb-common-1.0.1.jar:/home/user/.m2/repository/org/apache/kerby/kerb-crypto/1.0.1/kerb-crypto-1.0.1.jar:/home/user/.m2/repository/org/apache/kerby/kerb-util/1.0.1/kerb-util-1.0.1.jar:/home/user/.m2/repository/org/apache/kerby/token-provider/1.0.1/token-provider-1.0.1.jar:/home/user/.m2/repository/org/apache/kerby/kerb-admin/1.0.1/kerb-admin-1.0.1.jar:/home/user/.m2/repository/org/apache/kerby/kerb-server/1.0.1/kerb-server-1.0.1.jar:/home/user/.m2/repository/org/apache/kerby/kerb-identity/1.0.1/kerb-identity-1.0.1.jar:/home/user/.m2/repository/org/apache/kerby/kerby-xdr/1.0.1/kerby-xdr-1.0.1.jar:/home/user/.m2/repository/org/slf4j/slf4j-log4j12/1.7.25/slf4j-log4j12-1.7.25.jar:/home/user/.m2/repository/org/apache/hadoop/hadoop-ozone-s3gateway/0.5.0-SNAPSHOT/hadoop-ozone-s3gateway-0.5.0-SNAPSHOT.jar:/home/user/.m2/repository/org/jboss/weld/servlet/weld-servlet/2.4.7.Final/weld-servlet-2.4.7.Final.jar:/home/user/.m2/repository/org/glassfish/jersey/containers/jersey-container-servlet-core/2.27/jersey-container-servlet-core-2.27.jar:/home/user/.m2/repository/org/glassfish/hk2/external/javax.inject/2.5.0-b42/javax.inject-2.5.0-b42.jar:/home/user/.m2/repository/org/glassfish/jersey/core/jersey-common/2.27/jersey-common-2.27.jar:/home/user/.m2/repository/org/glassfish/hk2/osgi-resource-locator/1.0.1/osgi-resource-locator-1.0.1.jar:/home/user/.m2/repository/javax/ws/rs/javax.ws.rs-api/2.1/javax.ws.rs-api-2.1.jar:/home/user/.m2/repository/org/glassfish/jersey/ext/cdi/jersey-cdi1x/2.27/jersey-cdi1x-2.27.jar:/home/user/.m2/repository/org/glassfish/jersey/inject/jersey-hk2/2.27/jersey-hk2-2.27.jar:/home/user/.m2/repository/org/glassfish/hk2/hk2-locator/2.5.0-b42/hk2-locator-2.5.0-b42.jar:/home/user/.m2/repository/org/javassist/javassist/3.22.0-CR2/javassist-3.22.0-CR2.jar:/home/user/.m2/repository/org/glassfish/hk2/hk2-api/2.5.0/hk2-api-2.5.0.jar:/home/user/.m2/repository/org/glassfish/hk2/external/jakarta.inject/2.5.0/jakarta.inject-2.5.0.jar:/home/user/.m2/repository/org/glassfish/hk2/hk2-utils/2.5.0/hk2-utils-2.5.0.jar:/home/user/.m2/repository/jakarta/annotation/jakarta.annotation-api/1.3.4/jakarta.annotation-api-1.3.4.jar:/home/user/.m2/repository/org/glassfish/hk2/external/aopalliance-repackaged/2.5.0/aopalliance-repackaged-2.5.0.jar:/home/user/.m2/repository/com/fasterxml/jackson/dataformat/jackson-dataformat-xml/2.9.0/jackson-dataformat-xml-2.9.0.jar:/home/user/.m2/repository/com/fasterxml/jackson/core/jackson-core/2.9.9/jackson-core-2.9.9.jar:/home/user/.m2/repository/com/fasterxml/jackson/module/jackson-module-jaxb-annotations/2.9.9/jackson-module-jaxb-annotations-2.9.9.jar:/home/user/.m2/repository/javax/enterprise/cdi-api/1.2/cdi-api-1.2.jar:/home/user/.m2/repository/javax/el/javax.el-api/3.0.0/javax.el-api-3.0.0.jar:/home/user/.m2/repository/javax/interceptor/javax.interceptor-api/1.2/javax.interceptor-api-1.2.jar:/home/user/.m2/repository/javax/inject/javax.inject/1/javax.inject-1.jar:/home/user/.m2/repository/com/sun/xml/bind/jaxb-impl/2.3.0.1/jaxb-impl-2.3.0.1.jar:/home/user/.m2/repository/com/sun/xml/bind/jaxb-core/2.3.0.1/jaxb-core-2.3.0.1.jar:/home/user/.m2/repository/javax/xml/bind/jaxb-api/2.3.0/jaxb-api-2.3.0.jar:/home/user/.m2/repository/javax/activation/activation/1.1.1/activation-1.1.1.jar:/home/user/.m2/repository/org/apache/hadoop/hadoop-ozone-csi/0.5.0-SNAPSHOT/hadoop-ozone-csi-0.5.0-SNAPSHOT.jar:/home/user/.m2/repository/com/google/protobuf/protobuf-java-util/3.5.1/protobuf-java-util-3.5.1.jar:/home/user/.m2/repository/org/apache/hadoop/hadoop-hdds-config/0.5.0-SNAPSHOT/hadoop-hdds-config-0.5.0-SNAPSHOT.jar:/home/user/.m2/repository/io/grpc/grpc-netty/1.17.1/grpc-netty-1.17.1.jar:/home/user/.m2/repository/io/grpc/grpc-core/1.17.1/grpc-core-1.17.1.jar:/home/user/.m2/repository/io/grpc/grpc-context/1.17.1/grpc-context-1.17.1.jar:/home/user/.m2/repository/com/google/errorprone/error_prone_annotations/2.2.0/error_prone_annotations-2.2.0.jar:/home/user/.m2/repository/org/codehaus/mojo/animal-sniffer-annotations/1.17/animal-sniffer-annotations-1.17.jar:/home/user/.m2/repository/io/opencensus/opencensus-api/0.17.0/opencensus-api-0.17.0.jar:/home/user/.m2/repository/io/opencensus/opencensus-contrib-grpc-metrics/0.17.0/opencensus-contrib-grpc-metrics-0.17.0.jar:/home/user/.m2/repository/io/netty/netty-codec-http2/4.1.30.Final/netty-codec-http2-4.1.30.Final.jar:/home/user/.m2/repository/io/netty/netty-codec-http/4.1.30.Final/netty-codec-http-4.1.30.Final.jar:/home/user/.m2/repository/io/netty/netty-codec/4.1.30.Final/netty-codec-4.1.30.Final.jar:/home/user/.m2/repository/io/netty/netty-handler/4.1.30.Final/netty-handler-4.1.30.Final.jar:/home/user/.m2/repository/io/netty/netty-handler-proxy/4.1.30.Final/netty-handler-proxy-4.1.30.Final.jar:/home/user/.m2/repository/io/netty/netty-codec-socks/4.1.30.Final/netty-codec-socks-4.1.30.Final.jar:/home/user/.m2/repository/io/netty/netty-transport-native-epoll/4.1.30.Final/netty-transport-native-epoll-4.1.30.Final.jar:/home/user/.m2/repository/io/netty/netty-common/4.1.30.Final/netty-common-4.1.30.Final.jar:/home/user/.m2/repository/io/netty/netty-buffer/4.1.30.Final/netty-buffer-4.1.30.Final.jar:/home/user/.m2/repository/io/netty/netty-transport/4.1.30.Final/netty-transport-4.1.30.Final.jar:/home/user/.m2/repository/io/netty/netty-resolver/4.1.30.Final/netty-resolver-4.1.30.Final.jar:/home/user/.m2/repository/io/netty/netty-transport-native-unix-common/4.1.30.Final/netty-transport-native-unix-common-4.1.30.Final.jar:/home/user/.m2/repository/io/grpc/grpc-protobuf/1.17.1/grpc-protobuf-1.17.1.jar:/home/user/.m2/repository/com/google/api/grpc/proto-google-common-protos/1.0.0/proto-google-common-protos-1.0.0.jar:/home/user/.m2/repository/io/grpc/grpc-protobuf-lite/1.17.1/grpc-protobuf-lite-1.17.1.jar:/home/user/.m2/repository/io/grpc/grpc-stub/1.17.1/grpc-stub-1.17.1.jar:/home/user/.m2/repository/org/apache/hadoop/hadoop-ozone-recon/0.5.0-SNAPSHOT/hadoop-ozone-recon-0.5.0-SNAPSHOT.jar:/home/user/.m2/repository/org/apache/hadoop/hadoop-ozone-reconcodegen/0.5.0-SNAPSHOT/hadoop-ozone-reconcodegen-0.5.0-SNAPSHOT.jar:/home/user/.m2/repository/com/google/inject/extensions/guice-multibindings/4.0/guice-multibindings-4.0.jar:/home/user/.m2/repository/com/google/inject/guice/4.0/guice-4.0.jar:/home/user/.m2/repository/aopalliance/aopalliance/1.0/aopalliance-1.0.jar:/home/user/.m2/repository/com/google/inject/extensions/guice-servlet/4.0/guice-servlet-4.0.jar:/home/user/.m2/repository/org/glassfish/jersey/containers/jersey-container-servlet/2.27/jersey-container-servlet-2.27.jar:/home/user/.m2/repository/org/glassfish/hk2/guice-bridge/2.5.0/guice-bridge-2.5.0.jar:/home/user/.m2/repository/org/glassfish/jersey/core/jersey-server/2.27/jersey-server-2.27.jar:/home/user/.m2/repository/org/glassfish/jersey/core/jersey-client/2.27/jersey-client-2.27.jar:/home/user/.m2/repository/org/glassfish/jersey/media/jersey-media-jaxb/2.27/jersey-media-jaxb-2.27.jar:/home/user/.m2/repository/javax/validation/validation-api/1.1.0.Final/validation-api-1.1.0.Final.jar:/home/user/.m2/repository/org/glassfish/jersey/media/jersey-media-json-jackson/2.27/jersey-media-json-jackson-2.27.jar:/home/user/.m2/repository/org/glassfish/jersey/ext/jersey-entity-filtering/2.27/jersey-entity-filtering-2.27.jar:/home/user/.m2/repository/com/google/inject/extensions/guice-assistedinject/4.0/guice-assistedinject-4.0.jar:/home/user/.m2/repository/org/jooq/jooq/3.11.10/jooq-3.11.10.jar:/home/user/.m2/repository/org/jooq/jooq-meta/3.11.10/jooq-meta-3.11.10.jar:/home/user/.m2/repository/org/jooq/jooq-codegen/3.11.10/jooq-codegen-3.11.10.jar:/home/user/.m2/repository/com/jolbox/bonecp/0.8.0.RELEASE/bonecp-0.8.0.RELEASE.jar:/home/user/.m2/repository/org/xerial/sqlite-jdbc/3.25.2/sqlite-jdbc-3.25.2.jar:/home/user/.m2/repository/org/springframework/spring-jdbc/5.1.3.RELEASE/spring-jdbc-5.1.3.RELEASE.jar:/home/user/.m2/repository/org/springframework/spring-beans/5.1.3.RELEASE/spring-beans-5.1.3.RELEASE.jar:/home/user/.m2/repository/org/springframework/spring-core/5.1.3.RELEASE/spring-core-5.1.3.RELEASE.jar:/home/user/.m2/repository/org/springframework/spring-jcl/5.1.3.RELEASE/spring-jcl-5.1.3.RELEASE.jar:/home/user/.m2/repository/org/springframework/spring-tx/5.1.3.RELEASE/spring-tx-5.1.3.RELEASE.jar:/home/user/.m2/repository/org/apache/hadoop/hadoop-ozone-client/0.5.0-SNAPSHOT/hadoop-ozone-client-0.5.0-SNAPSHOT.jar:/home/user/.m2/repository/commons-lang/commons-lang/2.6/commons-lang-2.6.jar:/home/user/.m2/repository/org/apache/hadoop/hadoop-ozone-ozone-manager/0.5.0-SNAPSHOT/hadoop-ozone-ozone-manager-0.5.0-SNAPSHOT-tests.jar:/home/user/.m2/repository/junit/junit/4.11/junit-4.11.jar:/home/user/.m2/repository/org/hamcrest/hamcrest-core/1.3/hamcrest-core-1.3.jar:/home/user/.m2/repository/org/openjdk/jmh/jmh-core/1.19/jmh-core-1.19.jar:/home/user/.m2/repository/net/sf/jopt-simple/jopt-simple/4.6/jopt-simple-4.6.jar:/home/user/.m2/repository/org/apache/commons/commons-math3/3.1.1/commons-math3-3.1.1.jar:/home/user/.m2/repository/org/openjdk/jmh/jmh-generator-annprocess/1.19/jmh-generator-annprocess-1.19.jar:/home/user/.m2/repository/org/mockito/mockito-all/1.8.5/mockito-all-1.8.5.jar:/home/user/.m2/repository/org/apache/hadoop/hadoop-kms/3.2.0/hadoop-kms-3.2.0.jar:/home/user/.m2/repository/org/apache/hadoop/hadoop-auth/3.2.0/hadoop-auth-3.2.0.jar:/home/user/.m2/repository/com/nimbusds/nimbus-jose-jwt/4.41.1/nimbus-jose-jwt-4.41.1.jar:/home/user/.m2/repository/com/github/stephenc/jcip/jcip-annotations/1.0-1/jcip-annotations-1.0-1.jar:/home/user/.m2/repository/net/minidev/json-smart/2.3/json-smart-2.3.jar:/home/user/.m2/repository/net/minidev/accessors-smart/1.2/accessors-smart-1.2.jar:/home/user/.m2/repository/org/ow2/asm/asm/5.0.4/asm-5.0.4.jar:/home/user/.m2/repository/org/apache/curator/curator-framework/2.12.0/curator-framework-2.12.0.jar:/home/user/.m2/repository/com/sun/jersey/jersey-core/1.19/jersey-core-1.19.jar:/home/user/.m2/repository/javax/ws/rs/jsr311-api/1.1.1/jsr311-api-1.1.1.jar:/home/user/.m2/repository/com/sun/jersey/jersey-server/1.19/jersey-server-1.19.jar:/home/user/.m2/repository/javax/servlet/javax.servlet-api/3.1.0/javax.servlet-api-3.1.0.jar:/home/user/.m2/repository/org/eclipse/jetty/jetty-server/9.3.25.v20180904/jetty-server-9.3.25.v20180904.jar:/home/user/.m2/repository/org/eclipse/jetty/jetty-http/9.3.25.v20180904/jetty-http-9.3.25.v20180904.jar:/home/user/.m2/repository/org/eclipse/jetty/jetty-io/9.3.25.v20180904/jetty-io-9.3.25.v20180904.jar:/home/user/.m2/repository/org/eclipse/jetty/jetty-webapp/9.3.25.v20180904/jetty-webapp-9.3.25.v20180904.jar:/home/user/.m2/repository/org/eclipse/jetty/jetty-xml/9.3.25.v20180904/jetty-xml-9.3.25.v20180904.jar:/home/user/.m2/repository/log4j/log4j/1.2.17/log4j-1.2.17.jar:/home/user/.m2/repository/org/slf4j/slf4j-api/1.7.25/slf4j-api-1.7.25.jar:/home/user/.m2/repository/org/slf4j/jul-to-slf4j/1.7.25/jul-to-slf4j-1.7.25.jar:/home/user/.m2/repository/org/eclipse/jetty/jetty-util/9.3.25.v20180904/jetty-util-9.3.25.v20180904.jar:/home/user/.m2/repository/com/fasterxml/jackson/core/jackson-databind/2.9.9/jackson-databind-2.9.9.jar:/home/user/.m2/repository/org/apache/hadoop/hadoop-kms/3.2.0/hadoop-kms-3.2.0-tests.jar:/home/user/.m2/repository/org/apache/hadoop/hadoop-hdds-server-scm/0.5.0-SNAPSHOT/hadoop-hdds-server-scm-0.5.0-SNAPSHOT-tests.jar:/home/user/.m2/repository/org/apache/hadoop/hadoop-hdds-container-service/0.5.0-SNAPSHOT/hadoop-hdds-container-service-0.5.0-SNAPSHOT-tests.jar:/home/user/.m2/repository/org/yaml/snakeyaml/1.16/snakeyaml-1.16.jar:/home/user/.m2/repository/org/apache/hadoop/hadoop-common/3.2.0/hadoop-common-3.2.0-tests.jar:/home/user/.m2/repository/org/apache/hadoop/hadoop-annotations/3.2.0/hadoop-annotations-3.2.0.jar:/usr/lib/jvm/java-1.8.0-openjdk-1.8.0.222.b10-1.el7_7.x86_64/jre/../lib/tools.jar:/home/user/.m2/repository/commons-cli/commons-cli/1.2/commons-cli-1.2.jar:/home/user/.m2/repository/org/apache/httpcomponents/httpclient/4.5.2/httpclient-4.5.2.jar:/home/user/.m2/repository/org/apache/httpcomponents/httpcore/4.4.4/httpcore-4.4.4.jar:/home/user/.m2/repository/commons-codec/commons-codec/1.11/commons-codec-1.11.jar:/home/user/.m2/repository/commons-net/commons-net/3.6/commons-net-3.6.jar:/home/user/.m2/repository/commons-collections/commons-collections/3.2.2/commons-collections-3.2.2.jar:/home/user/.m2/repository/org/eclipse/jetty/jetty-servlet/9.3.25.v20180904/jetty-servlet-9.3.25.v20180904.jar:/home/user/.m2/repository/org/eclipse/jetty/jetty-security/9.3.25.v20180904/jetty-security-9.3.25.v20180904.jar:/home/user/.m2/repository/javax/servlet/jsp/jsp-api/2.1/jsp-api-2.1.jar:/home/user/.m2/repository/com/sun/jersey/jersey-servlet/1.19/jersey-servlet-1.19.jar:/home/user/.m2/repository/com/sun/jersey/jersey-json/1.19/jersey-json-1.19.jar:/home/user/.m2/repository/org/codehaus/jettison/jettison/1.1/jettison-1.1.jar:/home/user/.m2/repository/org/codehaus/jackson/jackson-core-asl/1.9.13/jackson-core-asl-1.9.13.jar:/home/user/.m2/repository/org/codehaus/jackson/jackson-mapper-asl/1.9.13/jackson-mapper-asl-1.9.13.jar:/home/user/.m2/repository/org/codehaus/jackson/jackson-jaxrs/1.9.13/jackson-jaxrs-1.9.13.jar:/home/user/.m2/repository/org/codehaus/jackson/jackson-xc/1.9.13/jackson-xc-1.9.13.jar:/home/user/.m2/repository/commons-logging/commons-logging/1.1.3/commons-logging-1.1.3.jar:/home/user/.m2/repository/commons-beanutils/commons-beanutils/1.9.4/commons-beanutils-1.9.4.jar:/home/user/.m2/repository/org/apache/commons/commons-configuration2/2.1.1/commons-configuration2-2.1.1.jar:/home/user/.m2/repository/org/apache/commons/commons-lang3/3.7/commons-lang3-3.7.jar:/home/user/.m2/repository/org/apache/commons/commons-text/1.4/commons-text-1.4.jar:/home/user/.m2/repository/org/apache/avro/avro/1.7.7/avro-1.7.7.jar:/home/user/.m2/repository/com/thoughtworks/paranamer/paranamer/2.3/paranamer-2.3.jar:/home/user/.m2/repository/org/xerial/snappy/snappy-java/1.0.5/snappy-java-1.0.5.jar:/home/user/.m2/repository/com/google/re2j/re2j/1.1/re2j-1.1.jar:/home/user/.m2/repository/com/google/code/gson/gson/2.2.4/gson-2.2.4.jar:/home/user/.m2/repository/com/jcraft/jsch/0.1.54/jsch-0.1.54.jar:/home/user/.m2/repository/org/apache/curator/curator-client/2.12.0/curator-client-2.12.0.jar:/home/user/.m2/repository/org/apache/curator/curator-recipes/2.12.0/curator-recipes-2.12.0.jar:/home/user/.m2/repository/com/google/code/findbugs/jsr305/3.0.0/jsr305-3.0.0.jar:/home/user/.m2/repository/org/apache/htrace/htrace-core4/4.1.0-incubating/htrace-core4-4.1.0-incubating.jar:/home/user/.m2/repository/org/apache/zookeeper/zookeeper/3.4.13/zookeeper-3.4.13.jar:/home/user/.m2/repository/jline/jline/0.9.94/jline-0.9.94.jar:/home/user/.m2/repository/org/apache/yetus/audience-annotations/0.5.0/audience-annotations-0.5.0.jar:/home/user/.m2/repository/org/codehaus/woodstox/stax2-api/3.1.4/stax2-api-3.1.4.jar:/home/user/.m2/repository/com/fasterxml/woodstox/woodstox-core/5.0.3/woodstox-core-5.0.3.jar:/home/user/.m2/repository/dnsjava/dnsjava/2.1.7/dnsjava-2.1.7.jar:/home/user/.m2/repository/org/apache/hadoop/hadoop-hdfs/3.2.0/hadoop-hdfs-3.2.0-tests.jar:/home/user/.m2/repository/org/eclipse/jetty/jetty-util-ajax/9.3.25.v20180904/jetty-util-ajax-9.3.25.v20180904.jar:/home/user/.m2/repository/commons-daemon/commons-daemon/1.0.13/commons-daemon-1.0.13.jar:/home/user/.m2/repository/io/netty/netty/3.10.5.Final/netty-3.10.5.Final.jar:/home/user/.m2/repository/io/netty/netty-all/4.0.52.Final/netty-all-4.0.52.Final.jar:/home/user/.m2/repository/org/fusesource/leveldbjni/leveldbjni-all/1.8/leveldbjni-all-1.8.jar:"/>
    <property name="java.vm.vendor" value="Oracle Corporation"/>
    <property name="sun.arch.data.model" value="64"/>
    <property name="test.build.dir" value="/workdir/hadoop-ozone/integration-test/target/test-dir"/>
    <property name="test.cache.data" value=""/>
    <property name="java.vendor.url" value="http://java.oracle.com/"/>
    <property name="user.timezone" value=""/>
    <property name="java.vm.specification.version" value="1.8"/>
    <property name="os.name" value="Linux"/>
    <property name="test.build.data" value="/workdir/hadoop-ozone/integration-test/target/test-dir"/>
    <property name="user.country" value="US"/>
    <property name="sun.java.launcher" value="SUN_STANDARD"/>
    <property name="sun.boot.library.path" value="/usr/lib/jvm/java-1.8.0-openjdk-1.8.0.222.b10-1.el7_7.x86_64/jre/lib/amd64"/>
    <property name="sun.java.command" value="/workdir/hadoop-ozone/integration-test/target/surefire/surefirebooter2776381175109364827.jar /workdir/hadoop-ozone/integration-test/target/surefire 2019-11-18T23-39-27_525-jvmRun1 surefire835726027495624226tmp surefire_644271087346215733115tmp"/>
    <property name="surefire.test.class.path" value="/workdir/hadoop-ozone/integration-test/target/test-classes:/workdir/hadoop-ozone/integration-test/target/classes:/home/user/.m2/repository/org/apache/hadoop/hadoop-ozone-common/0.5.0-SNAPSHOT/hadoop-ozone-common-0.5.0-SNAPSHOT.jar:/home/user/.m2/repository/org/apache/commons/commons-compress/1.4.1/commons-compress-1.4.1.jar:/home/user/.m2/repository/org/tukaani/xz/1.0/xz-1.0.jar:/home/user/.m2/repository/org/apache/hadoop/hadoop-common/3.2.0/hadoop-common-3.2.0.jar:/home/user/.m2/repository/org/apache/hadoop/hadoop-hdfs/3.2.0/hadoop-hdfs-3.2.0.jar:/home/user/.m2/repository/org/apache/hadoop/hadoop-hdfs-client/3.2.0/hadoop-hdfs-client-3.2.0.jar:/home/user/.m2/repository/com/fasterxml/jackson/core/jackson-annotations/2.9.9/jackson-annotations-2.9.9.jar:/home/user/.m2/repository/org/apache/hadoop/hadoop-hdds-common/0.5.0-SNAPSHOT/hadoop-hdds-common-0.5.0-SNAPSHOT.jar:/home/user/.m2/repository/javax/annotation/javax.annotation-api/1.2/javax.annotation-api-1.2.jar:/home/user/.m2/repository/org/apache/ratis/ratis-server/0.5.0-d6d58d0-SNAPSHOT/ratis-server-0.5.0-d6d58d0-SNAPSHOT.jar:/home/user/.m2/repository/org/apache/ratis/ratis-thirdparty-misc/0.2.0/ratis-thirdparty-misc-0.2.0.jar:/home/user/.m2/repository/org/apache/ratis/ratis-proto/0.5.0-d6d58d0-SNAPSHOT/ratis-proto-0.5.0-d6d58d0-SNAPSHOT.jar:/home/user/.m2/repository/org/apache/ratis/ratis-common/0.5.0-d6d58d0-SNAPSHOT/ratis-common-0.5.0-d6d58d0-SNAPSHOT.jar:/home/user/.m2/repository/org/apache/ratis/ratis-client/0.5.0-d6d58d0-SNAPSHOT/ratis-client-0.5.0-d6d58d0-SNAPSHOT.jar:/home/user/.m2/repository/org/apache/ratis/ratis-metrics/0.5.0-d6d58d0-SNAPSHOT/ratis-metrics-0.5.0-d6d58d0-SNAPSHOT.jar:/home/user/.m2/repository/org/apache/ratis/ratis-netty/0.5.0-d6d58d0-SNAPSHOT/ratis-netty-0.5.0-d6d58d0-SNAPSHOT.jar:/home/user/.m2/repository/org/apache/ratis/ratis-grpc/0.5.0-d6d58d0-SNAPSHOT/ratis-grpc-0.5.0-d6d58d0-SNAPSHOT.jar:/home/user/.m2/repository/org/rocksdb/rocksdbjni/6.0.1/rocksdbjni-6.0.1.jar:/home/user/.m2/repository/org/apache/logging/log4j/log4j-api/2.11.0/log4j-api-2.11.0.jar:/home/user/.m2/repository/org/apache/logging/log4j/log4j-core/2.11.0/log4j-core-2.11.0.jar:/home/user/.m2/repository/com/lmax/disruptor/3.4.2/disruptor-3.4.2.jar:/home/user/.m2/repository/org/apache/commons/commons-pool2/2.6.0/commons-pool2-2.6.0.jar:/home/user/.m2/repository/org/bouncycastle/bcpkix-jdk15on/1.60/bcpkix-jdk15on-1.60.jar:/home/user/.m2/repository/commons-validator/commons-validator/1.6/commons-validator-1.6.jar:/home/user/.m2/repository/commons-digester/commons-digester/1.8.1/commons-digester-1.8.1.jar:/home/user/.m2/repository/io/jaegertracing/jaeger-client/0.34.0/jaeger-client-0.34.0.jar:/home/user/.m2/repository/io/jaegertracing/jaeger-thrift/0.34.0/jaeger-thrift-0.34.0.jar:/home/user/.m2/repository/org/apache/thrift/libthrift/0.12.0/libthrift-0.12.0.jar:/home/user/.m2/repository/com/squareup/okhttp3/okhttp/3.9.0/okhttp-3.9.0.jar:/home/user/.m2/repository/com/squareup/okio/okio/1.13.0/okio-1.13.0.jar:/home/user/.m2/repository/io/jaegertracing/jaeger-core/0.34.0/jaeger-core-0.34.0.jar:/home/user/.m2/repository/io/jaegertracing/jaeger-tracerresolver/0.34.0/jaeger-tracerresolver-0.34.0.jar:/home/user/.m2/repository/io/opentracing/contrib/opentracing-tracerresolver/0.1.5/opentracing-tracerresolver-0.1.5.jar:/home/user/.m2/repository/io/opentracing/opentracing-util/0.31.0/opentracing-util-0.31.0.jar:/home/user/.m2/repository/io/opentracing/opentracing-api/0.31.0/opentracing-api-0.31.0.jar:/home/user/.m2/repository/io/opentracing/opentracing-noop/0.31.0/opentracing-noop-0.31.0.jar:/home/user/.m2/repository/org/apache/hadoop/hadoop-hdds-server-framework/0.5.0-SNAPSHOT/hadoop-hdds-server-framework-0.5.0-SNAPSHOT.jar:/home/user/.m2/repository/org/apache/hadoop/hadoop-hdds-container-service/0.5.0-SNAPSHOT/hadoop-hdds-container-service-0.5.0-SNAPSHOT.jar:/home/user/.m2/repository/org/apache/hadoop/hadoop-hdds-client/0.5.0-SNAPSHOT/hadoop-hdds-client-0.5.0-SNAPSHOT.jar:/home/user/.m2/repository/org/apache/hadoop/hadoop-hdds-tools/0.5.0-SNAPSHOT/hadoop-hdds-tools-0.5.0-SNAPSHOT.jar:/home/user/.m2/repository/org/apache/hadoop/hadoop-hdds-server-scm/0.5.0-SNAPSHOT/hadoop-hdds-server-scm-0.5.0-SNAPSHOT.jar:/home/user/.m2/repository/org/apache/hadoop/hadoop-hdds-docs/0.5.0-SNAPSHOT/hadoop-hdds-docs-0.5.0-SNAPSHOT.jar:/home/user/.m2/repository/io/dropwizard/metrics/metrics-core/3.2.4/metrics-core-3.2.4.jar:/home/user/.m2/repository/org/hamcrest/hamcrest-all/1.3/hamcrest-all-1.3.jar:/home/user/.m2/repository/org/bouncycastle/bcprov-jdk15on/1.60/bcprov-jdk15on-1.60.jar:/home/user/.m2/repository/info/picocli/picocli/3.9.6/picocli-3.9.6.jar:/home/user/.m2/repository/com/google/protobuf/protobuf-java/2.5.0/protobuf-java-2.5.0.jar:/home/user/.m2/repository/com/google/guava/guava/11.0.2/guava-11.0.2.jar:/home/user/.m2/repository/org/apache/hadoop/hadoop-ozone-ozone-manager/0.5.0-SNAPSHOT/hadoop-ozone-ozone-manager-0.5.0-SNAPSHOT.jar:/home/user/.m2/repository/org/apache/hadoop/hadoop-minikdc/3.2.0/hadoop-minikdc-3.2.0.jar:/home/user/.m2/repository/commons-io/commons-io/2.5/commons-io-2.5.jar:/home/user/.m2/repository/org/apache/kerby/kerb-simplekdc/1.0.1/kerb-simplekdc-1.0.1.jar:/home/user/.m2/repository/org/apache/kerby/kerb-client/1.0.1/kerb-client-1.0.1.jar:/home/user/.m2/repository/org/apache/kerby/kerby-config/1.0.1/kerby-config-1.0.1.jar:/home/user/.m2/repository/org/apache/kerby/kerb-core/1.0.1/kerb-core-1.0.1.jar:/home/user/.m2/repository/org/apache/kerby/kerby-pkix/1.0.1/kerby-pkix-1.0.1.jar:/home/user/.m2/repository/org/apache/kerby/kerby-asn1/1.0.1/kerby-asn1-1.0.1.jar:/home/user/.m2/repository/org/apache/kerby/kerby-util/1.0.1/kerby-util-1.0.1.jar:/home/user/.m2/repository/org/apache/kerby/kerb-common/1.0.1/kerb-common-1.0.1.jar:/home/user/.m2/repository/org/apache/kerby/kerb-crypto/1.0.1/kerb-crypto-1.0.1.jar:/home/user/.m2/repository/org/apache/kerby/kerb-util/1.0.1/kerb-util-1.0.1.jar:/home/user/.m2/repository/org/apache/kerby/token-provider/1.0.1/token-provider-1.0.1.jar:/home/user/.m2/repository/org/apache/kerby/kerb-admin/1.0.1/kerb-admin-1.0.1.jar:/home/user/.m2/repository/org/apache/kerby/kerb-server/1.0.1/kerb-server-1.0.1.jar:/home/user/.m2/repository/org/apache/kerby/kerb-identity/1.0.1/kerb-identity-1.0.1.jar:/home/user/.m2/repository/org/apache/kerby/kerby-xdr/1.0.1/kerby-xdr-1.0.1.jar:/home/user/.m2/repository/org/slf4j/slf4j-log4j12/1.7.25/slf4j-log4j12-1.7.25.jar:/home/user/.m2/repository/org/apache/hadoop/hadoop-ozone-s3gateway/0.5.0-SNAPSHOT/hadoop-ozone-s3gateway-0.5.0-SNAPSHOT.jar:/home/user/.m2/repository/org/jboss/weld/servlet/weld-servlet/2.4.7.Final/weld-servlet-2.4.7.Final.jar:/home/user/.m2/repository/org/glassfish/jersey/containers/jersey-container-servlet-core/2.27/jersey-container-servlet-core-2.27.jar:/home/user/.m2/repository/org/glassfish/hk2/external/javax.inject/2.5.0-b42/javax.inject-2.5.0-b42.jar:/home/user/.m2/repository/org/glassfish/jersey/core/jersey-common/2.27/jersey-common-2.27.jar:/home/user/.m2/repository/org/glassfish/hk2/osgi-resource-locator/1.0.1/osgi-resource-locator-1.0.1.jar:/home/user/.m2/repository/javax/ws/rs/javax.ws.rs-api/2.1/javax.ws.rs-api-2.1.jar:/home/user/.m2/repository/org/glassfish/jersey/ext/cdi/jersey-cdi1x/2.27/jersey-cdi1x-2.27.jar:/home/user/.m2/repository/org/glassfish/jersey/inject/jersey-hk2/2.27/jersey-hk2-2.27.jar:/home/user/.m2/repository/org/glassfish/hk2/hk2-locator/2.5.0-b42/hk2-locator-2.5.0-b42.jar:/home/user/.m2/repository/org/javassist/javassist/3.22.0-CR2/javassist-3.22.0-CR2.jar:/home/user/.m2/repository/org/glassfish/hk2/hk2-api/2.5.0/hk2-api-2.5.0.jar:/home/user/.m2/repository/org/glassfish/hk2/external/jakarta.inject/2.5.0/jakarta.inject-2.5.0.jar:/home/user/.m2/repository/org/glassfish/hk2/hk2-utils/2.5.0/hk2-utils-2.5.0.jar:/home/user/.m2/repository/jakarta/annotation/jakarta.annotation-api/1.3.4/jakarta.annotation-api-1.3.4.jar:/home/user/.m2/repository/org/glassfish/hk2/external/aopalliance-repackaged/2.5.0/aopalliance-repackaged-2.5.0.jar:/home/user/.m2/repository/com/fasterxml/jackson/dataformat/jackson-dataformat-xml/2.9.0/jackson-dataformat-xml-2.9.0.jar:/home/user/.m2/repository/com/fasterxml/jackson/core/jackson-core/2.9.9/jackson-core-2.9.9.jar:/home/user/.m2/repository/com/fasterxml/jackson/module/jackson-module-jaxb-annotations/2.9.9/jackson-module-jaxb-annotations-2.9.9.jar:/home/user/.m2/repository/javax/enterprise/cdi-api/1.2/cdi-api-1.2.jar:/home/user/.m2/repository/javax/el/javax.el-api/3.0.0/javax.el-api-3.0.0.jar:/home/user/.m2/repository/javax/interceptor/javax.interceptor-api/1.2/javax.interceptor-api-1.2.jar:/home/user/.m2/repository/javax/inject/javax.inject/1/javax.inject-1.jar:/home/user/.m2/repository/com/sun/xml/bind/jaxb-impl/2.3.0.1/jaxb-impl-2.3.0.1.jar:/home/user/.m2/repository/com/sun/xml/bind/jaxb-core/2.3.0.1/jaxb-core-2.3.0.1.jar:/home/user/.m2/repository/javax/xml/bind/jaxb-api/2.3.0/jaxb-api-2.3.0.jar:/home/user/.m2/repository/javax/activation/activation/1.1.1/activation-1.1.1.jar:/home/user/.m2/repository/org/apache/hadoop/hadoop-ozone-csi/0.5.0-SNAPSHOT/hadoop-ozone-csi-0.5.0-SNAPSHOT.jar:/home/user/.m2/repository/com/google/protobuf/protobuf-java-util/3.5.1/protobuf-java-util-3.5.1.jar:/home/user/.m2/repository/org/apache/hadoop/hadoop-hdds-config/0.5.0-SNAPSHOT/hadoop-hdds-config-0.5.0-SNAPSHOT.jar:/home/user/.m2/repository/io/grpc/grpc-netty/1.17.1/grpc-netty-1.17.1.jar:/home/user/.m2/repository/io/grpc/grpc-core/1.17.1/grpc-core-1.17.1.jar:/home/user/.m2/repository/io/grpc/grpc-context/1.17.1/grpc-context-1.17.1.jar:/home/user/.m2/repository/com/google/errorprone/error_prone_annotations/2.2.0/error_prone_annotations-2.2.0.jar:/home/user/.m2/repository/org/codehaus/mojo/animal-sniffer-annotations/1.17/animal-sniffer-annotations-1.17.jar:/home/user/.m2/repository/io/opencensus/opencensus-api/0.17.0/opencensus-api-0.17.0.jar:/home/user/.m2/repository/io/opencensus/opencensus-contrib-grpc-metrics/0.17.0/opencensus-contrib-grpc-metrics-0.17.0.jar:/home/user/.m2/repository/io/netty/netty-codec-http2/4.1.30.Final/netty-codec-http2-4.1.30.Final.jar:/home/user/.m2/repository/io/netty/netty-codec-http/4.1.30.Final/netty-codec-http-4.1.30.Final.jar:/home/user/.m2/repository/io/netty/netty-codec/4.1.30.Final/netty-codec-4.1.30.Final.jar:/home/user/.m2/repository/io/netty/netty-handler/4.1.30.Final/netty-handler-4.1.30.Final.jar:/home/user/.m2/repository/io/netty/netty-handler-proxy/4.1.30.Final/netty-handler-proxy-4.1.30.Final.jar:/home/user/.m2/repository/io/netty/netty-codec-socks/4.1.30.Final/netty-codec-socks-4.1.30.Final.jar:/home/user/.m2/repository/io/netty/netty-transport-native-epoll/4.1.30.Final/netty-transport-native-epoll-4.1.30.Final.jar:/home/user/.m2/repository/io/netty/netty-common/4.1.30.Final/netty-common-4.1.30.Final.jar:/home/user/.m2/repository/io/netty/netty-buffer/4.1.30.Final/netty-buffer-4.1.30.Final.jar:/home/user/.m2/repository/io/netty/netty-transport/4.1.30.Final/netty-transport-4.1.30.Final.jar:/home/user/.m2/repository/io/netty/netty-resolver/4.1.30.Final/netty-resolver-4.1.30.Final.jar:/home/user/.m2/repository/io/netty/netty-transport-native-unix-common/4.1.30.Final/netty-transport-native-unix-common-4.1.30.Final.jar:/home/user/.m2/repository/io/grpc/grpc-protobuf/1.17.1/grpc-protobuf-1.17.1.jar:/home/user/.m2/repository/com/google/api/grpc/proto-google-common-protos/1.0.0/proto-google-common-protos-1.0.0.jar:/home/user/.m2/repository/io/grpc/grpc-protobuf-lite/1.17.1/grpc-protobuf-lite-1.17.1.jar:/home/user/.m2/repository/io/grpc/grpc-stub/1.17.1/grpc-stub-1.17.1.jar:/home/user/.m2/repository/org/apache/hadoop/hadoop-ozone-recon/0.5.0-SNAPSHOT/hadoop-ozone-recon-0.5.0-SNAPSHOT.jar:/home/user/.m2/repository/org/apache/hadoop/hadoop-ozone-reconcodegen/0.5.0-SNAPSHOT/hadoop-ozone-reconcodegen-0.5.0-SNAPSHOT.jar:/home/user/.m2/repository/com/google/inject/extensions/guice-multibindings/4.0/guice-multibindings-4.0.jar:/home/user/.m2/repository/com/google/inject/guice/4.0/guice-4.0.jar:/home/user/.m2/repository/aopalliance/aopalliance/1.0/aopalliance-1.0.jar:/home/user/.m2/repository/com/google/inject/extensions/guice-servlet/4.0/guice-servlet-4.0.jar:/home/user/.m2/repository/org/glassfish/jersey/containers/jersey-container-servlet/2.27/jersey-container-servlet-2.27.jar:/home/user/.m2/repository/org/glassfish/hk2/guice-bridge/2.5.0/guice-bridge-2.5.0.jar:/home/user/.m2/repository/org/glassfish/jersey/core/jersey-server/2.27/jersey-server-2.27.jar:/home/user/.m2/repository/org/glassfish/jersey/core/jersey-client/2.27/jersey-client-2.27.jar:/home/user/.m2/repository/org/glassfish/jersey/media/jersey-media-jaxb/2.27/jersey-media-jaxb-2.27.jar:/home/user/.m2/repository/javax/validation/validation-api/1.1.0.Final/validation-api-1.1.0.Final.jar:/home/user/.m2/repository/org/glassfish/jersey/media/jersey-media-json-jackson/2.27/jersey-media-json-jackson-2.27.jar:/home/user/.m2/repository/org/glassfish/jersey/ext/jersey-entity-filtering/2.27/jersey-entity-filtering-2.27.jar:/home/user/.m2/repository/com/google/inject/extensions/guice-assistedinject/4.0/guice-assistedinject-4.0.jar:/home/user/.m2/repository/org/jooq/jooq/3.11.10/jooq-3.11.10.jar:/home/user/.m2/repository/org/jooq/jooq-meta/3.11.10/jooq-meta-3.11.10.jar:/home/user/.m2/repository/org/jooq/jooq-codegen/3.11.10/jooq-codegen-3.11.10.jar:/home/user/.m2/repository/com/jolbox/bonecp/0.8.0.RELEASE/bonecp-0.8.0.RELEASE.jar:/home/user/.m2/repository/org/xerial/sqlite-jdbc/3.25.2/sqlite-jdbc-3.25.2.jar:/home/user/.m2/repository/org/springframework/spring-jdbc/5.1.3.RELEASE/spring-jdbc-5.1.3.RELEASE.jar:/home/user/.m2/repository/org/springframework/spring-beans/5.1.3.RELEASE/spring-beans-5.1.3.RELEASE.jar:/home/user/.m2/repository/org/springframework/spring-core/5.1.3.RELEASE/spring-core-5.1.3.RELEASE.jar:/home/user/.m2/repository/org/springframework/spring-jcl/5.1.3.RELEASE/spring-jcl-5.1.3.RELEASE.jar:/home/user/.m2/repository/org/springframework/spring-tx/5.1.3.RELEASE/spring-tx-5.1.3.RELEASE.jar:/home/user/.m2/repository/org/apache/hadoop/hadoop-ozone-client/0.5.0-SNAPSHOT/hadoop-ozone-client-0.5.0-SNAPSHOT.jar:/home/user/.m2/repository/commons-lang/commons-lang/2.6/commons-lang-2.6.jar:/home/user/.m2/repository/org/apache/hadoop/hadoop-ozone-ozone-manager/0.5.0-SNAPSHOT/hadoop-ozone-ozone-manager-0.5.0-SNAPSHOT-tests.jar:/home/user/.m2/repository/junit/junit/4.11/junit-4.11.jar:/home/user/.m2/repository/org/hamcrest/hamcrest-core/1.3/hamcrest-core-1.3.jar:/home/user/.m2/repository/org/openjdk/jmh/jmh-core/1.19/jmh-core-1.19.jar:/home/user/.m2/repository/net/sf/jopt-simple/jopt-simple/4.6/jopt-simple-4.6.jar:/home/user/.m2/repository/org/apache/commons/commons-math3/3.1.1/commons-math3-3.1.1.jar:/home/user/.m2/repository/org/openjdk/jmh/jmh-generator-annprocess/1.19/jmh-generator-annprocess-1.19.jar:/home/user/.m2/repository/org/mockito/mockito-all/1.8.5/mockito-all-1.8.5.jar:/home/user/.m2/repository/org/apache/hadoop/hadoop-kms/3.2.0/hadoop-kms-3.2.0.jar:/home/user/.m2/repository/org/apache/hadoop/hadoop-auth/3.2.0/hadoop-auth-3.2.0.jar:/home/user/.m2/repository/com/nimbusds/nimbus-jose-jwt/4.41.1/nimbus-jose-jwt-4.41.1.jar:/home/user/.m2/repository/com/github/stephenc/jcip/jcip-annotations/1.0-1/jcip-annotations-1.0-1.jar:/home/user/.m2/repository/net/minidev/json-smart/2.3/json-smart-2.3.jar:/home/user/.m2/repository/net/minidev/accessors-smart/1.2/accessors-smart-1.2.jar:/home/user/.m2/repository/org/ow2/asm/asm/5.0.4/asm-5.0.4.jar:/home/user/.m2/repository/org/apache/curator/curator-framework/2.12.0/curator-framework-2.12.0.jar:/home/user/.m2/repository/com/sun/jersey/jersey-core/1.19/jersey-core-1.19.jar:/home/user/.m2/repository/javax/ws/rs/jsr311-api/1.1.1/jsr311-api-1.1.1.jar:/home/user/.m2/repository/com/sun/jersey/jersey-server/1.19/jersey-server-1.19.jar:/home/user/.m2/repository/javax/servlet/javax.servlet-api/3.1.0/javax.servlet-api-3.1.0.jar:/home/user/.m2/repository/org/eclipse/jetty/jetty-server/9.3.25.v20180904/jetty-server-9.3.25.v20180904.jar:/home/user/.m2/repository/org/eclipse/jetty/jetty-http/9.3.25.v20180904/jetty-http-9.3.25.v20180904.jar:/home/user/.m2/repository/org/eclipse/jetty/jetty-io/9.3.25.v20180904/jetty-io-9.3.25.v20180904.jar:/home/user/.m2/repository/org/eclipse/jetty/jetty-webapp/9.3.25.v20180904/jetty-webapp-9.3.25.v20180904.jar:/home/user/.m2/repository/org/eclipse/jetty/jetty-xml/9.3.25.v20180904/jetty-xml-9.3.25.v20180904.jar:/home/user/.m2/repository/log4j/log4j/1.2.17/log4j-1.2.17.jar:/home/user/.m2/repository/org/slf4j/slf4j-api/1.7.25/slf4j-api-1.7.25.jar:/home/user/.m2/repository/org/slf4j/jul-to-slf4j/1.7.25/jul-to-slf4j-1.7.25.jar:/home/user/.m2/repository/org/eclipse/jetty/jetty-util/9.3.25.v20180904/jetty-util-9.3.25.v20180904.jar:/home/user/.m2/repository/com/fasterxml/jackson/core/jackson-databind/2.9.9/jackson-databind-2.9.9.jar:/home/user/.m2/repository/org/apache/hadoop/hadoop-kms/3.2.0/hadoop-kms-3.2.0-tests.jar:/home/user/.m2/repository/org/apache/hadoop/hadoop-hdds-server-scm/0.5.0-SNAPSHOT/hadoop-hdds-server-scm-0.5.0-SNAPSHOT-tests.jar:/home/user/.m2/repository/org/apache/hadoop/hadoop-hdds-container-service/0.5.0-SNAPSHOT/hadoop-hdds-container-service-0.5.0-SNAPSHOT-tests.jar:/home/user/.m2/repository/org/yaml/snakeyaml/1.16/snakeyaml-1.16.jar:/home/user/.m2/repository/org/apache/hadoop/hadoop-common/3.2.0/hadoop-common-3.2.0-tests.jar:/home/user/.m2/repository/org/apache/hadoop/hadoop-annotations/3.2.0/hadoop-annotations-3.2.0.jar:/usr/lib/jvm/java-1.8.0-openjdk-1.8.0.222.b10-1.el7_7.x86_64/jre/../lib/tools.jar:/home/user/.m2/repository/commons-cli/commons-cli/1.2/commons-cli-1.2.jar:/home/user/.m2/repository/org/apache/httpcomponents/httpclient/4.5.2/httpclient-4.5.2.jar:/home/user/.m2/repository/org/apache/httpcomponents/httpcore/4.4.4/httpcore-4.4.4.jar:/home/user/.m2/repository/commons-codec/commons-codec/1.11/commons-codec-1.11.jar:/home/user/.m2/repository/commons-net/commons-net/3.6/commons-net-3.6.jar:/home/user/.m2/repository/commons-collections/commons-collections/3.2.2/commons-collections-3.2.2.jar:/home/user/.m2/repository/org/eclipse/jetty/jetty-servlet/9.3.25.v20180904/jetty-servlet-9.3.25.v20180904.jar:/home/user/.m2/repository/org/eclipse/jetty/jetty-security/9.3.25.v20180904/jetty-security-9.3.25.v20180904.jar:/home/user/.m2/repository/javax/servlet/jsp/jsp-api/2.1/jsp-api-2.1.jar:/home/user/.m2/repository/com/sun/jersey/jersey-servlet/1.19/jersey-servlet-1.19.jar:/home/user/.m2/repository/com/sun/jersey/jersey-json/1.19/jersey-json-1.19.jar:/home/user/.m2/repository/org/codehaus/jettison/jettison/1.1/jettison-1.1.jar:/home/user/.m2/repository/org/codehaus/jackson/jackson-core-asl/1.9.13/jackson-core-asl-1.9.13.jar:/home/user/.m2/repository/org/codehaus/jackson/jackson-mapper-asl/1.9.13/jackson-mapper-asl-1.9.13.jar:/home/user/.m2/repository/org/codehaus/jackson/jackson-jaxrs/1.9.13/jackson-jaxrs-1.9.13.jar:/home/user/.m2/repository/org/codehaus/jackson/jackson-xc/1.9.13/jackson-xc-1.9.13.jar:/home/user/.m2/repository/commons-logging/commons-logging/1.1.3/commons-logging-1.1.3.jar:/home/user/.m2/repository/commons-beanutils/commons-beanutils/1.9.4/commons-beanutils-1.9.4.jar:/home/user/.m2/repository/org/apache/commons/commons-configuration2/2.1.1/commons-configuration2-2.1.1.jar:/home/user/.m2/repository/org/apache/commons/commons-lang3/3.7/commons-lang3-3.7.jar:/home/user/.m2/repository/org/apache/commons/commons-text/1.4/commons-text-1.4.jar:/home/user/.m2/repository/org/apache/avro/avro/1.7.7/avro-1.7.7.jar:/home/user/.m2/repository/com/thoughtworks/paranamer/paranamer/2.3/paranamer-2.3.jar:/home/user/.m2/repository/org/xerial/snappy/snappy-java/1.0.5/snappy-java-1.0.5.jar:/home/user/.m2/repository/com/google/re2j/re2j/1.1/re2j-1.1.jar:/home/user/.m2/repository/com/google/code/gson/gson/2.2.4/gson-2.2.4.jar:/home/user/.m2/repository/com/jcraft/jsch/0.1.54/jsch-0.1.54.jar:/home/user/.m2/repository/org/apache/curator/curator-client/2.12.0/curator-client-2.12.0.jar:/home/user/.m2/repository/org/apache/curator/curator-recipes/2.12.0/curator-recipes-2.12.0.jar:/home/user/.m2/repository/com/google/code/findbugs/jsr305/3.0.0/jsr305-3.0.0.jar:/home/user/.m2/repository/org/apache/htrace/htrace-core4/4.1.0-incubating/htrace-core4-4.1.0-incubating.jar:/home/user/.m2/repository/org/apache/zookeeper/zookeeper/3.4.13/zookeeper-3.4.13.jar:/home/user/.m2/repository/jline/jline/0.9.94/jline-0.9.94.jar:/home/user/.m2/repository/org/apache/yetus/audience-annotations/0.5.0/audience-annotations-0.5.0.jar:/home/user/.m2/repository/org/codehaus/woodstox/stax2-api/3.1.4/stax2-api-3.1.4.jar:/home/user/.m2/repository/com/fasterxml/woodstox/woodstox-core/5.0.3/woodstox-core-5.0.3.jar:/home/user/.m2/repository/dnsjava/dnsjava/2.1.7/dnsjava-2.1.7.jar:/home/user/.m2/repository/org/apache/hadoop/hadoop-hdfs/3.2.0/hadoop-hdfs-3.2.0-tests.jar:/home/user/.m2/repository/org/eclipse/jetty/jetty-util-ajax/9.3.25.v20180904/jetty-util-ajax-9.3.25.v20180904.jar:/home/user/.m2/repository/commons-daemon/commons-daemon/1.0.13/commons-daemon-1.0.13.jar:/home/user/.m2/repository/io/netty/netty/3.10.5.Final/netty-3.10.5.Final.jar:/home/user/.m2/repository/io/netty/netty-all/4.0.52.Final/netty-all-4.0.52.Final.jar:/home/user/.m2/repository/org/fusesource/leveldbjni/leveldbjni-all/1.8/leveldbjni-all-1.8.jar:"/>
    <property name="sun.cpu.endian" value="little"/>
    <property name="user.home" value="/home/user"/>
    <property name="user.language" value="en"/>
    <property name="java.specification.vendor" value="Oracle Corporation"/>
    <property name="java.home" value="/usr/lib/jvm/java-1.8.0-openjdk-1.8.0.222.b10-1.el7_7.x86_64/jre"/>
    <property name="surefire.excludesFile" value="/tools/ozone-bad-unit-tests"/>
    <property name="java.security.krb5.conf" value="/workdir/hadoop-ozone/integration-test/target/test-classes/krb5.conf"/>
    <property name="basedir" value="/workdir/hadoop-ozone/integration-test"/>
    <property name="file.separator" value="/"/>
    <property name="line.separator" value="&#10;"/>
    <property name="java.vm.specification.vendor" value="Oracle Corporation"/>
    <property name="java.specification.name" value="Java Platform API Specification"/>
    <property name="java.awt.graphicsenv" value="sun.awt.X11GraphicsEnvironment"/>
    <property name="surefire.real.class.path" value="/workdir/hadoop-ozone/integration-test/target/surefire/surefirebooter2776381175109364827.jar"/>
    <property name="hadoop.log.dir" value="/workdir/hadoop-ozone/integration-test/target/log"/>
    <property name="sun.boot.class.path" value="/usr/lib/jvm/java-1.8.0-openjdk-1.8.0.222.b10-1.el7_7.x86_64/jre/lib/resources.jar:/usr/lib/jvm/java-1.8.0-openjdk-1.8.0.222.b10-1.el7_7.x86_64/jre/lib/rt.jar:/usr/lib/jvm/java-1.8.0-openjdk-1.8.0.222.b10-1.el7_7.x86_64/jre/lib/sunrsasign.jar:/usr/lib/jvm/java-1.8.0-openjdk-1.8.0.222.b10-1.el7_7.x86_64/jre/lib/jsse.jar:/usr/lib/jvm/java-1.8.0-openjdk-1.8.0.222.b10-1.el7_7.x86_64/jre/lib/jce.jar:/usr/lib/jvm/java-1.8.0-openjdk-1.8.0.222.b10-1.el7_7.x86_64/jre/lib/charsets.jar:/usr/lib/jvm/java-1.8.0-openjdk-1.8.0.222.b10-1.el7_7.x86_64/jre/lib/jfr.jar:/usr/lib/jvm/java-1.8.0-openjdk-1.8.0.222.b10-1.el7_7.x86_64/jre/classes"/>
    <property name="sun.management.compiler" value="HotSpot 64-Bit Tiered Compilers"/>
    <property name="java.runtime.version" value="1.8.0_222-b10"/>
    <property name="java.net.preferIPv4Stack" value="true"/>
    <property name="user.name" value="jenkins1000"/>
    <property name="path.separator" value=":"/>
    <property name="java.security.egd" value="file:///dev/urandom"/>
    <property name="os.version" value="3.10.0-957.12.2.el7.x86_64"/>
    <property name="java.endorsed.dirs" value="/usr/lib/jvm/java-1.8.0-openjdk-1.8.0.222.b10-1.el7_7.x86_64/jre/lib/endorsed"/>
    <property name="java.runtime.name" value="OpenJDK Runtime Environment"/>
    <property name="file.encoding" value="ANSI_X3.4-1968"/>
    <property name="java.vm.name" value="OpenJDK 64-Bit Server VM"/>
    <property name="test.build.webapps" value=""/>
    <property name="localRepository" value="/home/user/.m2/repository"/>
    <property name="java.vendor.url.bug" value="http://bugreport.sun.com/bugreport/"/>
    <property name="java.io.tmpdir" value="/tmp"/>
    <property name="require.test.libhadoop" value=""/>
    <property name="java.version" value="1.8.0_222"/>
    <property name="user.dir" value="/workdir/hadoop-ozone/integration-test"/>
    <property name="os.arch" value="amd64"/>
    <property name="java.vm.specification.name" value="Java Virtual Machine Specification"/>
    <property name="test.build.classes" value="/workdir/hadoop-ozone/integration-test/target/test-classes"/>
    <property name="java.awt.printerjob" value="sun.print.PSPrinterJob"/>
    <property name="sun.os.patch.level" value="unknown"/>
    <property name="hadoop.tmp.dir" value="/workdir/hadoop-ozone/integration-test/target/tmp"/>
    <property name="java.library.path" value="/usr/lib:/workdir/hadoop-ozone/integration-test/target/native/target/usr/local/lib:/workdir/hadoop-ozone/integration-test/../../hadoop-common-project/hadoop-common/target/native/target/usr/local/lib:/usr/java/packages/lib/amd64:/usr/lib64:/lib64:/lib:/usr/lib"/>
    <property name="java.vm.info" value="mixed mode"/>
    <property name="java.vendor" value="Oracle Corporation"/>
    <property name="java.vm.version" value="25.222-b10"/>
    <property name="java.ext.dirs" value="/usr/lib/jvm/java-1.8.0-openjdk-1.8.0.222.b10-1.el7_7.x86_64/jre/lib/ext:/usr/java/packages/lib/ext"/>
    <property name="sun.io.unicode.encoding" value="UnicodeLittle"/>
    <property name="java.class.version" value="52.0"/>
  </properties>
  <testcase name="testBlockDeletionTransactions" classname="org.apache.hadoop.ozone.TestStorageContainerManager" time="35.527">
    <error type="java.lang.NullPointerException">java.lang.NullPointerException
	at org.apache.hadoop.ozone.om.KeyManagerImpl.refreshPipeline(KeyManagerImpl.java:689)
	at org.apache.hadoop.ozone.om.KeyManagerImpl.lookupKey(KeyManagerImpl.java:651)
	at org.apache.hadoop.ozone.om.OzoneManager.lookupKey(OzoneManager.java:2149)
	at org.apache.hadoop.ozone.TestStorageContainerManagerHelper.createKeys(TestStorageContainerManagerHelper.java:82)
	at org.apache.hadoop.ozone.TestStorageContainerManager.testBlockDeletionTransactions(TestStorageContainerManager.java:269)
	at sun.reflect.NativeMethodAccessorImpl.invoke0(Native Method)
	at sun.reflect.NativeMethodAccessorImpl.invoke(NativeMethodAccessorImpl.java:62)
	at sun.reflect.DelegatingMethodAccessorImpl.invoke(DelegatingMethodAccessorImpl.java:43)
	at java.lang.reflect.Method.invoke(Method.java:498)
	at org.junit.runners.model.FrameworkMethod$1.runReflectiveCall(FrameworkMethod.java:47)
	at org.junit.internal.runners.model.ReflectiveCallable.run(ReflectiveCallable.java:12)
	at org.junit.runners.model.FrameworkMethod.invokeExplosively(FrameworkMethod.java:44)
	at org.junit.internal.runners.statements.InvokeMethod.evaluate(InvokeMethod.java:17)
	at org.junit.internal.runners.statements.FailOnTimeout$StatementThread.run(FailOnTimeout.java:74)
</error>
    <system-out><![CDATA[2019-11-19 00:29:59,470 [Thread-2] WARN  server.ServerUtils (ServerUtils.java:getScmDbDir(145)) - ozone.scm.db.dirs is not configured. We recommend adding this setting. Falling back to ozone.metadata.dirs instead.
2019-11-19 00:29:59,587 [Thread-2] WARN  server.ServerUtils (ServerUtils.java:getScmDbDir(145)) - ozone.scm.db.dirs is not configured. We recommend adding this setting. Falling back to ozone.metadata.dirs instead.
2019-11-19 00:29:59,590 [Thread-2] WARN  server.ServerUtils (ServerUtils.java:getScmDbDir(145)) - ozone.scm.db.dirs is not configured. We recommend adding this setting. Falling back to ozone.metadata.dirs instead.
2019-11-19 00:29:59,614 [Thread-2] INFO  util.log (Log.java:initialized(192)) - Logging initialized @988ms
2019-11-19 00:29:59,711 [Thread-2] INFO  db.DBStoreBuilder (DBStoreBuilder.java:addTable(127)) - using custom profile for table: deletedBlocks
2019-11-19 00:29:59,711 [Thread-2] INFO  db.DBStoreBuilder (DBStoreBuilder.java:processTables(183)) - Using default column profile:DBProfile.DISK for Table:deletedBlocks
2019-11-19 00:29:59,712 [Thread-2] INFO  db.DBStoreBuilder (DBStoreBuilder.java:addTable(127)) - using custom profile for table: validCerts
2019-11-19 00:29:59,712 [Thread-2] INFO  db.DBStoreBuilder (DBStoreBuilder.java:processTables(183)) - Using default column profile:DBProfile.DISK for Table:validCerts
2019-11-19 00:29:59,712 [Thread-2] INFO  db.DBStoreBuilder (DBStoreBuilder.java:addTable(127)) - using custom profile for table: revokedCerts
2019-11-19 00:29:59,712 [Thread-2] INFO  db.DBStoreBuilder (DBStoreBuilder.java:processTables(183)) - Using default column profile:DBProfile.DISK for Table:revokedCerts
2019-11-19 00:29:59,724 [Thread-2] INFO  db.DBStoreBuilder (DBStoreBuilder.java:addTable(127)) - using custom profile for table: default
2019-11-19 00:29:59,724 [Thread-2] INFO  db.DBStoreBuilder (DBStoreBuilder.java:processTables(189)) - Using default column profile:DBProfile.DISK for Table:default
2019-11-19 00:29:59,725 [Thread-2] INFO  db.DBStoreBuilder (DBStoreBuilder.java:getDbProfile(220)) - Using default options. DBProfile.DISK
2019-11-19 00:30:00,055 [Thread-2] INFO  net.NodeSchemaLoader (NodeSchemaLoader.java:loadSchemaFromFile(125)) - Loading file from sun.misc.CompoundEnumeration@520d91ac
2019-11-19 00:30:00,057 [Thread-2] INFO  net.NodeSchemaLoader (NodeSchemaLoader.java:loadSchema(171)) - Loading network topology layer schema file
2019-11-19 00:30:00,113 [Thread-2] WARN  server.ServerUtils (ServerUtils.java:sanitizeUserArgs(70)) - ozone.scm.stale.node.interval value = 300000 is larger than max = 100000 based on the key value of ozone.scm.heartbeat.thread.interval, reset to the max value 100000.
2019-11-19 00:30:00,115 [Thread-2] WARN  server.ServerUtils (ServerUtils.java:sanitizeUserArgs(70)) - ozone.scm.stale.node.interval value = 300000 is larger than max = 100000 based on the key value of ozone.scm.heartbeat.thread.interval, reset to the max value 100000.
2019-11-19 00:30:00,117 [Thread-2] INFO  node.SCMNodeManager (SCMNodeManager.java:<init>(116)) - Entering startup safe mode.
2019-11-19 00:30:00,177 [Thread-2] INFO  algorithms.ContainerPlacementPolicyFactory (ContainerPlacementPolicyFactory.java:getPolicy(57)) - Create container placement policy of type org.apache.hadoop.hdds.scm.container.placement.algorithms.SCMContainerPlacementRandom
2019-11-19 00:30:00,190 [Thread-2] WARN  server.ServerUtils (ServerUtils.java:getScmDbDir(145)) - ozone.scm.db.dirs is not configured. We recommend adding this setting. Falling back to ozone.metadata.dirs instead.
2019-11-19 00:30:00,301 [Thread-2] INFO  pipeline.SCMPipelineManager (SCMPipelineManager.java:initializePipelineState(136)) - No pipeline exists in current db
2019-11-19 00:30:00,304 [Thread-2] WARN  server.ServerUtils (ServerUtils.java:getScmDbDir(145)) - ozone.scm.db.dirs is not configured. We recommend adding this setting. Falling back to ozone.metadata.dirs instead.
2019-11-19 00:30:00,457 [Thread-2] INFO  safemode.HealthyPipelineSafeModeRule (HealthyPipelineSafeModeRule.java:<init>(92)) -  Total pipeline count is 0, healthy pipeline threshold count is 1
2019-11-19 00:30:00,461 [Thread-2] INFO  safemode.OneReplicaPipelineSafeModeRule (OneReplicaPipelineSafeModeRule.java:<init>(79)) - Total pipeline count is 0, pipeline's with at least one datanode reported threshold count is 0
2019-11-19 00:30:00,461 [Thread-2] WARN  events.EventQueue (EventQueue.java:fireEvent(183)) - No event handler registered for event TypedEvent{payloadType=SafeModeStatus, name='SafeModeStatus'}
2019-11-19 00:30:00,824 [Thread-2] INFO  ipc.CallQueueManager (CallQueueManager.java:<init>(84)) - Using callQueue: class java.util.concurrent.LinkedBlockingQueue, queueCapacity: 2000, scheduler: class org.apache.hadoop.ipc.DefaultRpcScheduler, ipcBackoff: false.
2019-11-19 00:30:00,979 [Socket Reader #1 for port 35297] INFO  ipc.Server (Server.java:run(1074)) - Starting Socket Reader #1 for port 35297
2019-11-19 00:30:01,014 [Thread-2] INFO  ipc.CallQueueManager (CallQueueManager.java:<init>(84)) - Using callQueue: class java.util.concurrent.LinkedBlockingQueue, queueCapacity: 2000, scheduler: class org.apache.hadoop.ipc.DefaultRpcScheduler, ipcBackoff: false.
2019-11-19 00:30:01,015 [Socket Reader #1 for port 39035] INFO  ipc.Server (Server.java:run(1074)) - Starting Socket Reader #1 for port 39035
2019-11-19 00:30:01,024 [Thread-2] INFO  ipc.CallQueueManager (CallQueueManager.java:<init>(84)) - Using callQueue: class java.util.concurrent.LinkedBlockingQueue, queueCapacity: 2000, scheduler: class org.apache.hadoop.ipc.DefaultRpcScheduler, ipcBackoff: false.
2019-11-19 00:30:01,025 [Socket Reader #1 for port 45974] INFO  ipc.Server (Server.java:run(1074)) - Starting Socket Reader #1 for port 45974
2019-11-19 00:30:01,048 [Thread-2] INFO  hdfs.DFSUtil (DFSUtil.java:httpServerTemplateForNNAndJN(1641)) - Starting Web-server for scm at: http://0.0.0.0:0
2019-11-19 00:30:01,234 [Thread-2] INFO  server.AuthenticationFilter (AuthenticationFilter.java:constructSecretProvider(240)) - Unable to initialize FileSignerSecretProvider, falling back to use random secrets.
2019-11-19 00:30:01,244 [Thread-2] WARN  http.HttpRequestLog (HttpRequestLog.java:getRequestLog(97)) - Jetty request log can only be enabled using Log4j
2019-11-19 00:30:01,254 [Thread-2] INFO  http.HttpServer2 (HttpServer2.java:addGlobalFilter(975)) - Added global filter 'safety' (class=org.apache.hadoop.http.HttpServer2$QuotingInputFilter)
2019-11-19 00:30:01,257 [Thread-2] INFO  http.HttpServer2 (HttpServer2.java:addFilter(948)) - Added filter static_user_filter (class=org.apache.hadoop.http.lib.StaticUserWebFilter$StaticUserFilter) to context scm
2019-11-19 00:30:01,257 [Thread-2] INFO  http.HttpServer2 (HttpServer2.java:addFilter(958)) - Added filter static_user_filter (class=org.apache.hadoop.http.lib.StaticUserWebFilter$StaticUserFilter) to context logs
2019-11-19 00:30:01,257 [Thread-2] INFO  http.HttpServer2 (HttpServer2.java:addFilter(958)) - Added filter static_user_filter (class=org.apache.hadoop.http.lib.StaticUserWebFilter$StaticUserFilter) to context static
2019-11-19 00:30:01,301 [Thread-2] INFO  server.StorageContainerManager (StorageContainerManager.java:start(765)) - StorageContainerLocationProtocol RPC server is listening at /0.0.0.0:45974
2019-11-19 00:30:01,381 [Thread-2] WARN  impl.MetricsConfig (MetricsConfig.java:loadFirst(134)) - Cannot locate configuration: tried hadoop-metrics2-storagecontainermanager.properties,hadoop-metrics2.properties
2019-11-19 00:30:01,399 [Thread-2] INFO  impl.MetricsSystemImpl (MetricsSystemImpl.java:startTimer(374)) - Scheduled Metric snapshot period at 10 second(s).
2019-11-19 00:30:01,399 [Thread-2] INFO  impl.MetricsSystemImpl (MetricsSystemImpl.java:start(191)) - StorageContainerManager metrics system started
2019-11-19 00:30:01,683 [Thread-2] INFO  server.SCMClientProtocolServer (SCMClientProtocolServer.java:start(160)) - RPC server for Client  is listening at /0.0.0.0:45974
2019-11-19 00:30:01,683 [IPC Server Responder] INFO  ipc.Server (Server.java:run(1314)) - IPC Server Responder: starting
2019-11-19 00:30:01,683 [IPC Server listener on 45974] INFO  ipc.Server (Server.java:run(1153)) - IPC Server listener on 45974: starting
2019-11-19 00:30:01,686 [Thread-2] INFO  server.StorageContainerManager (StorageContainerManager.java:start(775)) - ScmBlockLocationProtocol RPC server is listening at /0.0.0.0:39035
2019-11-19 00:30:01,687 [Thread-2] INFO  server.SCMBlockProtocolServer (SCMBlockProtocolServer.java:start(146)) - RPC server for Block Protocol is listening at /0.0.0.0:39035
2019-11-19 00:30:01,688 [IPC Server Responder] INFO  ipc.Server (Server.java:run(1314)) - IPC Server Responder: starting
2019-11-19 00:30:01,688 [IPC Server listener on 39035] INFO  ipc.Server (Server.java:run(1153)) - IPC Server listener on 39035: starting
2019-11-19 00:30:01,690 [Thread-2] INFO  server.StorageContainerManager (StorageContainerManager.java:start(779)) - ScmDatanodeProtocl RPC server is listening at /0.0.0.0:35297
2019-11-19 00:30:01,690 [Thread-2] INFO  server.SCMDatanodeProtocolServer (SCMDatanodeProtocolServer.java:start(177)) - RPC server for DataNodes is listening at /0.0.0.0:35297
2019-11-19 00:30:01,691 [IPC Server Responder] INFO  ipc.Server (Server.java:run(1314)) - IPC Server Responder: starting
2019-11-19 00:30:01,691 [IPC Server listener on 35297] INFO  ipc.Server (Server.java:run(1153)) - IPC Server listener on 35297: starting
2019-11-19 00:30:01,695 [Thread-2] INFO  http.HttpServer2 (HttpServer2.java:bindListener(1191)) - Jetty bound to port 32951
2019-11-19 00:30:01,697 [Thread-2] INFO  server.Server (Server.java:doStart(351)) - jetty-9.3.25.v20180904, build timestamp: 2018-09-04T21:11:46Z, git hash: 3ce520221d0240229c862b122d2b06c12a625732
2019-11-19 00:30:01,737 [Thread-2] INFO  handler.ContextHandler (ContextHandler.java:doStart(781)) - Started o.e.j.s.ServletContextHandler@3644f0f9{/logs,file:///workdir/hadoop-ozone/integration-test/target/log,AVAILABLE}
2019-11-19 00:30:01,738 [Thread-2] INFO  handler.ContextHandler (ContextHandler.java:doStart(781)) - Started o.e.j.s.ServletContextHandler@4ffd9732{/static,file:///workdir/hadoop-ozone/integration-test/target/test-classes/webapps/static,AVAILABLE}
2019-11-19 00:30:01,784 [Thread-2] INFO  handler.ContextHandler (ContextHandler.java:doStart(781)) - Started o.e.j.w.WebAppContext@2f921f52{/,file:///workdir/hadoop-ozone/integration-test/target/test-classes/webapps/scm/,AVAILABLE}{/scm}
2019-11-19 00:30:01,790 [Thread-2] INFO  server.AbstractConnector (AbstractConnector.java:doStart(278)) - Started ServerConnector@7d960043{HTTP/1.1,[http/1.1]}{0.0.0.0:32951}
2019-11-19 00:30:01,790 [Thread-2] INFO  server.Server (Server.java:doStart(419)) - Started @3165ms
2019-11-19 00:30:01,792 [Thread-2] INFO  impl.MetricsSinkAdapter (MetricsSinkAdapter.java:start(204)) - Sink prometheus started
2019-11-19 00:30:01,793 [Thread-2] INFO  impl.MetricsSystemImpl (MetricsSystemImpl.java:registerSink(301)) - Registered sink prometheus
2019-11-19 00:30:01,794 [Thread-2] INFO  server.BaseHttpServer (BaseHttpServer.java:updateConnectorAddress(215)) - HTTP server of SCM is listening at http://0.0.0.0:32951
2019-11-19 00:30:01,801 [org.apache.hadoop.util.JvmPauseMonitor$Monitor@4cf3d2cb] INFO  util.JvmPauseMonitor (JvmPauseMonitor.java:run(188)) - Starting JVM pause monitor
2019-11-19 00:30:01,805 [Thread-2] WARN  server.ServerUtils (ServerUtils.java:getDBPath(222)) - ozone.om.db.dirs is not configured. We recommend adding this setting. Falling back to ozone.metadata.dirs instead.
2019-11-19 00:30:01,916 [Thread-2] INFO  ha.OMHANodeDetails (OMHANodeDetails.java:loadOMHAConfig(190)) - Configuration either no ozone.om.address set. Falling back to the default OM address /127.0.0.1:0
2019-11-19 00:30:01,916 [Thread-2] INFO  ha.OMHANodeDetails (OMHANodeDetails.java:getOMNodeDetails(220)) - OM Service ID is not set. Setting it to the default ID: omServiceIdDefault
2019-11-19 00:30:01,918 [Thread-2] WARN  server.ServerUtils (ServerUtils.java:getDBPath(222)) - ozone.om.db.dirs is not configured. We recommend adding this setting. Falling back to ozone.metadata.dirs instead.
2019-11-19 00:30:01,918 [Thread-2] WARN  server.ServerUtils (ServerUtils.java:getDBPath(222)) - ozone.om.db.dirs is not configured. We recommend adding this setting. Falling back to ozone.metadata.dirs instead.
2019-11-19 00:30:02,588 [Thread-2] WARN  server.ServerUtils (ServerUtils.java:getDBPath(222)) - ozone.om.db.dirs is not configured. We recommend adding this setting. Falling back to ozone.metadata.dirs instead.
2019-11-19 00:30:02,599 [Thread-2] INFO  db.DBStoreBuilder (DBStoreBuilder.java:addTable(127)) - using custom profile for table: userTable
2019-11-19 00:30:02,599 [Thread-2] INFO  db.DBStoreBuilder (DBStoreBuilder.java:processTables(183)) - Using default column profile:DBProfile.DISK for Table:userTable
2019-11-19 00:30:02,600 [Thread-2] INFO  db.DBStoreBuilder (DBStoreBuilder.java:addTable(127)) - using custom profile for table: volumeTable
2019-11-19 00:30:02,600 [Thread-2] INFO  db.DBStoreBuilder (DBStoreBuilder.java:processTables(183)) - Using default column profile:DBProfile.DISK for Table:volumeTable
2019-11-19 00:30:02,601 [Thread-2] INFO  db.DBStoreBuilder (DBStoreBuilder.java:addTable(127)) - using custom profile for table: bucketTable
2019-11-19 00:30:02,601 [Thread-2] INFO  db.DBStoreBuilder (DBStoreBuilder.java:processTables(183)) - Using default column profile:DBProfile.DISK for Table:bucketTable
2019-11-19 00:30:02,602 [Thread-2] INFO  db.DBStoreBuilder (DBStoreBuilder.java:addTable(127)) - using custom profile for table: keyTable
2019-11-19 00:30:02,602 [Thread-2] INFO  db.DBStoreBuilder (DBStoreBuilder.java:processTables(183)) - Using default column profile:DBProfile.DISK for Table:keyTable
2019-11-19 00:30:02,602 [Thread-2] INFO  db.DBStoreBuilder (DBStoreBuilder.java:addTable(127)) - using custom profile for table: deletedTable
2019-11-19 00:30:02,603 [Thread-2] INFO  db.DBStoreBuilder (DBStoreBuilder.java:processTables(183)) - Using default column profile:DBProfile.DISK for Table:deletedTable
2019-11-19 00:30:02,603 [Thread-2] INFO  db.DBStoreBuilder (DBStoreBuilder.java:addTable(127)) - using custom profile for table: openKeyTable
2019-11-19 00:30:02,603 [Thread-2] INFO  db.DBStoreBuilder (DBStoreBuilder.java:processTables(183)) - Using default column profile:DBProfile.DISK for Table:openKeyTable
2019-11-19 00:30:02,604 [Thread-2] INFO  db.DBStoreBuilder (DBStoreBuilder.java:addTable(127)) - using custom profile for table: s3Table
2019-11-19 00:30:02,604 [Thread-2] INFO  db.DBStoreBuilder (DBStoreBuilder.java:processTables(183)) - Using default column profile:DBProfile.DISK for Table:s3Table
2019-11-19 00:30:02,605 [Thread-2] INFO  db.DBStoreBuilder (DBStoreBuilder.java:addTable(127)) - using custom profile for table: multipartInfoTable
2019-11-19 00:30:02,605 [Thread-2] INFO  db.DBStoreBuilder (DBStoreBuilder.java:processTables(183)) - Using default column profile:DBProfile.DISK for Table:multipartInfoTable
2019-11-19 00:30:02,606 [Thread-2] INFO  db.DBStoreBuilder (DBStoreBuilder.java:addTable(127)) - using custom profile for table: dTokenTable
2019-11-19 00:30:02,606 [Thread-2] INFO  db.DBStoreBuilder (DBStoreBuilder.java:processTables(183)) - Using default column profile:DBProfile.DISK for Table:dTokenTable
2019-11-19 00:30:02,606 [Thread-2] INFO  db.DBStoreBuilder (DBStoreBuilder.java:addTable(127)) - using custom profile for table: s3SecretTable
2019-11-19 00:30:02,607 [Thread-2] INFO  db.DBStoreBuilder (DBStoreBuilder.java:processTables(183)) - Using default column profile:DBProfile.DISK for Table:s3SecretTable
2019-11-19 00:30:02,607 [Thread-2] INFO  db.DBStoreBuilder (DBStoreBuilder.java:addTable(127)) - using custom profile for table: prefixTable
2019-11-19 00:30:02,607 [Thread-2] INFO  db.DBStoreBuilder (DBStoreBuilder.java:processTables(183)) - Using default column profile:DBProfile.DISK for Table:prefixTable
2019-11-19 00:30:02,608 [Thread-2] INFO  db.DBStoreBuilder (DBStoreBuilder.java:addTable(127)) - using custom profile for table: default
2019-11-19 00:30:02,608 [Thread-2] INFO  db.DBStoreBuilder (DBStoreBuilder.java:processTables(189)) - Using default column profile:DBProfile.DISK for Table:default
2019-11-19 00:30:02,609 [Thread-2] INFO  db.DBStoreBuilder (DBStoreBuilder.java:getDbProfile(220)) - Using default options. DBProfile.DISK
2019-11-19 00:30:03,093 [Thread-2] INFO  ipc.CallQueueManager (CallQueueManager.java:<init>(84)) - Using callQueue: class java.util.concurrent.LinkedBlockingQueue, queueCapacity: 2000, scheduler: class org.apache.hadoop.ipc.DefaultRpcScheduler, ipcBackoff: false.
2019-11-19 00:30:03,094 [Socket Reader #1 for port 43477] INFO  ipc.Server (Server.java:run(1074)) - Starting Socket Reader #1 for port 43477
2019-11-19 00:30:03,117 [Thread-2] INFO  om.OzoneManager (OzoneManager.java:start(1077)) - OzoneManager RPC server is listening at localhost/127.0.0.1:43477
2019-11-19 00:30:03,117 [Thread-2] INFO  impl.MetricsSystemImpl (MetricsSystemImpl.java:init(158)) - OzoneManager metrics system started (again)
2019-11-19 00:30:03,126 [IPC Server listener on 43477] INFO  ipc.Server (Server.java:run(1153)) - IPC Server listener on 43477: starting
2019-11-19 00:30:03,126 [IPC Server Responder] INFO  ipc.Server (Server.java:run(1314)) - IPC Server Responder: starting
2019-11-19 00:30:03,132 [Thread-2] INFO  hdfs.DFSUtil (DFSUtil.java:httpServerTemplateForNNAndJN(1641)) - Starting Web-server for ozoneManager at: http://0.0.0.0:0
2019-11-19 00:30:03,135 [Thread-2] INFO  server.AuthenticationFilter (AuthenticationFilter.java:constructSecretProvider(240)) - Unable to initialize FileSignerSecretProvider, falling back to use random secrets.
2019-11-19 00:30:03,136 [Thread-2] WARN  http.HttpRequestLog (HttpRequestLog.java:getRequestLog(97)) - Jetty request log can only be enabled using Log4j
2019-11-19 00:30:03,139 [Thread-2] INFO  http.HttpServer2 (HttpServer2.java:addGlobalFilter(975)) - Added global filter 'safety' (class=org.apache.hadoop.http.HttpServer2$QuotingInputFilter)
2019-11-19 00:30:03,140 [Thread-2] INFO  http.HttpServer2 (HttpServer2.java:addFilter(948)) - Added filter static_user_filter (class=org.apache.hadoop.http.lib.StaticUserWebFilter$StaticUserFilter) to context ozoneManager
2019-11-19 00:30:03,141 [Thread-2] INFO  http.HttpServer2 (HttpServer2.java:addFilter(958)) - Added filter static_user_filter (class=org.apache.hadoop.http.lib.StaticUserWebFilter$StaticUserFilter) to context logs
2019-11-19 00:30:03,141 [Thread-2] INFO  http.HttpServer2 (HttpServer2.java:addFilter(958)) - Added filter static_user_filter (class=org.apache.hadoop.http.lib.StaticUserWebFilter$StaticUserFilter) to context static
2019-11-19 00:30:03,144 [Thread-2] INFO  http.HttpServer2 (HttpServer2.java:bindListener(1191)) - Jetty bound to port 44497
2019-11-19 00:30:03,144 [Thread-2] INFO  server.Server (Server.java:doStart(351)) - jetty-9.3.25.v20180904, build timestamp: 2018-09-04T21:11:46Z, git hash: 3ce520221d0240229c862b122d2b06c12a625732
2019-11-19 00:30:03,147 [Thread-2] INFO  handler.ContextHandler (ContextHandler.java:doStart(781)) - Started o.e.j.s.ServletContextHandler@55833a64{/logs,file:///workdir/hadoop-ozone/integration-test/target/log,AVAILABLE}
2019-11-19 00:30:03,148 [Thread-2] INFO  handler.ContextHandler (ContextHandler.java:doStart(781)) - Started o.e.j.s.ServletContextHandler@31bfddb2{/static,file:///workdir/hadoop-ozone/integration-test/target/test-classes/webapps/static,AVAILABLE}
2019-11-19 00:30:03,156 [Thread-2] INFO  handler.ContextHandler (ContextHandler.java:doStart(781)) - Started o.e.j.w.WebAppContext@79e2ef63{/,file:///workdir/hadoop-ozone/integration-test/target/test-classes/webapps/ozoneManager/,AVAILABLE}{/ozoneManager}
2019-11-19 00:30:03,157 [Thread-2] INFO  server.AbstractConnector (AbstractConnector.java:doStart(278)) - Started ServerConnector@3b35d1e1{HTTP/1.1,[http/1.1]}{0.0.0.0:44497}
2019-11-19 00:30:03,158 [Thread-2] INFO  server.Server (Server.java:doStart(419)) - Started @4533ms
2019-11-19 00:30:03,159 [Thread-2] WARN  impl.MetricsSystemImpl (MetricsSystemImpl.java:register(276)) - Sink prometheus already exists!
2019-11-19 00:30:03,160 [Thread-2] INFO  server.BaseHttpServer (BaseHttpServer.java:updateConnectorAddress(215)) - HTTP server of OZONEMANAGER is listening at http://0.0.0.0:44497
2019-11-19 00:30:03,466 [Thread-2] INFO  impl.MetricsSystemImpl (MetricsSystemImpl.java:init(158)) - HddsDatanode metrics system started (again)
2019-11-19 00:30:03,512 [Thread-2] INFO  ozone.HddsDatanodeService (HddsDatanodeService.java:start(186)) - HddsDatanodeService host:pr-hdds-2241-master-j9rj8-2432081592 ip:192.168.157.213
2019-11-19 00:30:03,547 [Thread-2] INFO  volume.HddsVolume (HddsVolume.java:<init>(176)) - Creating Volume: /workdir/hadoop-ozone/integration-test/target/test-dir/MiniOzoneClusterImpl-c8053201-d7cc-49ef-bed9-2d8ab9a084ae/datanode-0/data/containers/hdds of  storage type : DISK and capacity : 1482555576320
2019-11-19 00:30:03,552 [Thread-2] INFO  volume.VolumeSet (VolumeSet.java:initializeVolumeSet(170)) - Added Volume : /workdir/hadoop-ozone/integration-test/target/test-dir/MiniOzoneClusterImpl-c8053201-d7cc-49ef-bed9-2d8ab9a084ae/datanode-0/data/containers/hdds to VolumeSet
2019-11-19 00:30:03,555 [Thread-2] INFO  volume.ThrottledAsyncChecker (ThrottledAsyncChecker.java:schedule(141)) - Scheduling a check for /workdir/hadoop-ozone/integration-test/target/test-dir/MiniOzoneClusterImpl-c8053201-d7cc-49ef-bed9-2d8ab9a084ae/datanode-0/data/containers/hdds
2019-11-19 00:30:03,575 [Thread-2] INFO  volume.HddsVolumeChecker (HddsVolumeChecker.java:checkAllVolumes(204)) - Scheduled health check for volume /workdir/hadoop-ozone/integration-test/target/test-dir/MiniOzoneClusterImpl-c8053201-d7cc-49ef-bed9-2d8ab9a084ae/datanode-0/data/containers/hdds
2019-11-19 00:30:03,684 [Thread-2] INFO  impl.RaftServerProxy (ConfUtils.java:logGet(43)) - raft.rpc.type = GRPC (default)
2019-11-19 00:30:03,754 [Thread-2] INFO  grpc.GrpcFactory (GrpcFactory.java:checkPooledByteBufAllocatorUseCacheForAllThreads(45)) - PERFORMANCE WARNING: useCacheForAllThreads is true that may cause Netty to create a lot garbage objects and, as a result, trigger GC.
	It is recommended to disable useCacheForAllThreads by setting -Dorg.apache.ratis.thirdparty.io.netty.allocator.useCacheForAllThreads=false in command line.
2019-11-19 00:30:03,759 [Thread-2] INFO  grpc.GrpcConfigKeys$Server (ConfUtils.java:logGet(43)) - raft.grpc.server.port = 0 (default)
2019-11-19 00:30:03,760 [Thread-2] INFO  server.GrpcService (ConfUtils.java:logGet(43)) - raft.grpc.message.size.max = 33570816 (custom)
2019-11-19 00:30:03,762 [Thread-2] INFO  server.RaftServerConfigKeys (ConfUtils.java:logGet(43)) - raft.server.log.appender.buffer.byte-limit = 33554432 (custom)
2019-11-19 00:30:03,762 [Thread-2] INFO  server.GrpcService (ConfUtils.java:logGet(43)) - raft.grpc.flow.control.window = 1MB (=1048576) (default)
2019-11-19 00:30:03,763 [Thread-2] INFO  server.RaftServerConfigKeys (ConfUtils.java:logGet(43)) - raft.server.rpc.request.timeout = 3000ms (default)
2019-11-19 00:30:03,921 [Thread-2] INFO  server.RaftServerConfigKeys (ConfUtils.java:logGet(43)) - raft.server.storage.dir = [/workdir/hadoop-ozone/integration-test/target/test-dir/MiniOzoneClusterImpl-c8053201-d7cc-49ef-bed9-2d8ab9a084ae/datanode-0/data/ratis] (custom)
2019-11-19 00:30:03,972 [Thread-2] INFO  hdfs.DFSUtil (DFSUtil.java:httpServerTemplateForNNAndJN(1641)) - Starting Web-server for hddsDatanode at: http://0.0.0.0:0
2019-11-19 00:30:03,975 [Thread-2] INFO  server.AuthenticationFilter (AuthenticationFilter.java:constructSecretProvider(240)) - Unable to initialize FileSignerSecretProvider, falling back to use random secrets.
2019-11-19 00:30:03,975 [Thread-2] WARN  http.HttpRequestLog (HttpRequestLog.java:getRequestLog(97)) - Jetty request log can only be enabled using Log4j
2019-11-19 00:30:03,978 [Thread-2] INFO  http.HttpServer2 (HttpServer2.java:addGlobalFilter(975)) - Added global filter 'safety' (class=org.apache.hadoop.http.HttpServer2$QuotingInputFilter)
2019-11-19 00:30:03,979 [Thread-2] INFO  http.HttpServer2 (HttpServer2.java:addFilter(948)) - Added filter static_user_filter (class=org.apache.hadoop.http.lib.StaticUserWebFilter$StaticUserFilter) to context hddsDatanode
2019-11-19 00:30:03,979 [Thread-2] INFO  http.HttpServer2 (HttpServer2.java:addFilter(958)) - Added filter static_user_filter (class=org.apache.hadoop.http.lib.StaticUserWebFilter$StaticUserFilter) to context logs
2019-11-19 00:30:03,980 [Thread-2] INFO  http.HttpServer2 (HttpServer2.java:addFilter(958)) - Added filter static_user_filter (class=org.apache.hadoop.http.lib.StaticUserWebFilter$StaticUserFilter) to context static
2019-11-19 00:30:03,981 [Thread-2] INFO  http.HttpServer2 (HttpServer2.java:bindListener(1191)) - Jetty bound to port 36838
2019-11-19 00:30:03,981 [Thread-2] INFO  server.Server (Server.java:doStart(351)) - jetty-9.3.25.v20180904, build timestamp: 2018-09-04T21:11:46Z, git hash: 3ce520221d0240229c862b122d2b06c12a625732
2019-11-19 00:30:03,984 [Thread-2] INFO  handler.ContextHandler (ContextHandler.java:doStart(781)) - Started o.e.j.s.ServletContextHandler@da4d255{/logs,file:///workdir/hadoop-ozone/integration-test/target/log,AVAILABLE}
2019-11-19 00:30:03,985 [Thread-2] INFO  handler.ContextHandler (ContextHandler.java:doStart(781)) - Started o.e.j.s.ServletContextHandler@1b99834d{/static,jar:file:/home/user/.m2/repository/org/apache/hadoop/hadoop-hdds-container-service/0.5.0-SNAPSHOT/hadoop-hdds-container-service-0.5.0-SNAPSHOT.jar!/webapps/static,AVAILABLE}
2019-11-19 00:30:04,035 [Thread-2] INFO  handler.ContextHandler (ContextHandler.java:doStart(781)) - Started o.e.j.w.WebAppContext@47339b3e{/,file:///tmp/jetty-0.0.0.0-36838-hddsDatanode-_-any-3527451435112536595.dir/webapp/,AVAILABLE}{/hddsDatanode}
2019-11-19 00:30:04,036 [Thread-2] INFO  server.AbstractConnector (AbstractConnector.java:doStart(278)) - Started ServerConnector@151dda8a{HTTP/1.1,[http/1.1]}{0.0.0.0:36838}
2019-11-19 00:30:04,037 [Thread-2] INFO  server.Server (Server.java:doStart(419)) - Started @5411ms
2019-11-19 00:30:04,038 [Thread-2] WARN  impl.MetricsSystemImpl (MetricsSystemImpl.java:register(276)) - Sink prometheus already exists!
2019-11-19 00:30:04,039 [Thread-2] INFO  server.BaseHttpServer (BaseHttpServer.java:updateConnectorAddress(215)) - HTTP server of HDDSDATANODE is listening at http://0.0.0.0:36838
2019-11-19 00:30:04,041 [Thread-2] INFO  impl.MetricsSystemImpl (MetricsSystemImpl.java:init(158)) - HddsDatanode metrics system started (again)
2019-11-19 00:30:04,044 [Thread-2] INFO  ozone.HddsDatanodeService (HddsDatanodeService.java:start(186)) - HddsDatanodeService host:pr-hdds-2241-master-j9rj8-2432081592 ip:192.168.157.213
2019-11-19 00:30:04,047 [org.apache.hadoop.util.JvmPauseMonitor$Monitor@6cbe8644] INFO  util.JvmPauseMonitor (JvmPauseMonitor.java:run(188)) - Starting JVM pause monitor
2019-11-19 00:30:04,055 [Thread-2] INFO  volume.HddsVolume (HddsVolume.java:<init>(176)) - Creating Volume: /workdir/hadoop-ozone/integration-test/target/test-dir/MiniOzoneClusterImpl-c8053201-d7cc-49ef-bed9-2d8ab9a084ae/datanode-1/data/containers/hdds of  storage type : DISK and capacity : 1482555576320
2019-11-19 00:30:04,059 [Thread-2] INFO  volume.VolumeSet (VolumeSet.java:initializeVolumeSet(170)) - Added Volume : /workdir/hadoop-ozone/integration-test/target/test-dir/MiniOzoneClusterImpl-c8053201-d7cc-49ef-bed9-2d8ab9a084ae/datanode-1/data/containers/hdds to VolumeSet
2019-11-19 00:30:04,060 [Thread-2] INFO  volume.ThrottledAsyncChecker (ThrottledAsyncChecker.java:schedule(141)) - Scheduling a check for /workdir/hadoop-ozone/integration-test/target/test-dir/MiniOzoneClusterImpl-c8053201-d7cc-49ef-bed9-2d8ab9a084ae/datanode-1/data/containers/hdds
2019-11-19 00:30:04,060 [Thread-2] INFO  volume.HddsVolumeChecker (HddsVolumeChecker.java:checkAllVolumes(204)) - Scheduled health check for volume /workdir/hadoop-ozone/integration-test/target/test-dir/MiniOzoneClusterImpl-c8053201-d7cc-49ef-bed9-2d8ab9a084ae/datanode-1/data/containers/hdds
2019-11-19 00:30:04,084 [Thread-2] INFO  impl.RaftServerProxy (ConfUtils.java:logGet(43)) - raft.rpc.type = GRPC (default)
2019-11-19 00:30:04,085 [Thread-2] INFO  grpc.GrpcFactory (GrpcFactory.java:checkPooledByteBufAllocatorUseCacheForAllThreads(45)) - PERFORMANCE WARNING: useCacheForAllThreads is true that may cause Netty to create a lot garbage objects and, as a result, trigger GC.
	It is recommended to disable useCacheForAllThreads by setting -Dorg.apache.ratis.thirdparty.io.netty.allocator.useCacheForAllThreads=false in command line.
2019-11-19 00:30:04,085 [Thread-2] INFO  grpc.GrpcConfigKeys$Server (ConfUtils.java:logGet(43)) - raft.grpc.server.port = 0 (default)
2019-11-19 00:30:04,085 [Thread-2] INFO  server.GrpcService (ConfUtils.java:logGet(43)) - raft.grpc.message.size.max = 33570816 (custom)
2019-11-19 00:30:04,086 [Thread-2] INFO  server.RaftServerConfigKeys (ConfUtils.java:logGet(43)) - raft.server.log.appender.buffer.byte-limit = 33554432 (custom)
2019-11-19 00:30:04,086 [Thread-2] INFO  server.GrpcService (ConfUtils.java:logGet(43)) - raft.grpc.flow.control.window = 1MB (=1048576) (default)
2019-11-19 00:30:04,086 [Thread-2] INFO  server.RaftServerConfigKeys (ConfUtils.java:logGet(43)) - raft.server.rpc.request.timeout = 3000ms (default)
2019-11-19 00:30:04,087 [Thread-2] INFO  server.RaftServerConfigKeys (ConfUtils.java:logGet(43)) - raft.server.storage.dir = [/workdir/hadoop-ozone/integration-test/target/test-dir/MiniOzoneClusterImpl-c8053201-d7cc-49ef-bed9-2d8ab9a084ae/datanode-1/data/ratis] (custom)
2019-11-19 00:30:04,089 [Thread-2] INFO  hdfs.DFSUtil (DFSUtil.java:httpServerTemplateForNNAndJN(1641)) - Starting Web-server for hddsDatanode at: http://0.0.0.0:0
2019-11-19 00:30:04,091 [Thread-2] INFO  server.AuthenticationFilter (AuthenticationFilter.java:constructSecretProvider(240)) - Unable to initialize FileSignerSecretProvider, falling back to use random secrets.
2019-11-19 00:30:04,092 [Thread-2] WARN  http.HttpRequestLog (HttpRequestLog.java:getRequestLog(97)) - Jetty request log can only be enabled using Log4j
2019-11-19 00:30:04,094 [Thread-2] INFO  http.HttpServer2 (HttpServer2.java:addGlobalFilter(975)) - Added global filter 'safety' (class=org.apache.hadoop.http.HttpServer2$QuotingInputFilter)
2019-11-19 00:30:04,095 [Thread-2] INFO  http.HttpServer2 (HttpServer2.java:addFilter(948)) - Added filter static_user_filter (class=org.apache.hadoop.http.lib.StaticUserWebFilter$StaticUserFilter) to context hddsDatanode
2019-11-19 00:30:04,096 [Thread-2] INFO  http.HttpServer2 (HttpServer2.java:addFilter(958)) - Added filter static_user_filter (class=org.apache.hadoop.http.lib.StaticUserWebFilter$StaticUserFilter) to context logs
2019-11-19 00:30:04,096 [Thread-2] INFO  http.HttpServer2 (HttpServer2.java:addFilter(958)) - Added filter static_user_filter (class=org.apache.hadoop.http.lib.StaticUserWebFilter$StaticUserFilter) to context static
2019-11-19 00:30:04,097 [Thread-2] INFO  http.HttpServer2 (HttpServer2.java:bindListener(1191)) - Jetty bound to port 45136
2019-11-19 00:30:04,097 [Thread-2] INFO  server.Server (Server.java:doStart(351)) - jetty-9.3.25.v20180904, build timestamp: 2018-09-04T21:11:46Z, git hash: 3ce520221d0240229c862b122d2b06c12a625732
2019-11-19 00:30:04,101 [Thread-2] INFO  handler.ContextHandler (ContextHandler.java:doStart(781)) - Started o.e.j.s.ServletContextHandler@22e88749{/logs,file:///workdir/hadoop-ozone/integration-test/target/log,AVAILABLE}
2019-11-19 00:30:04,102 [Thread-2] INFO  handler.ContextHandler (ContextHandler.java:doStart(781)) - Started o.e.j.s.ServletContextHandler@52d2a7b9{/static,jar:file:/home/user/.m2/repository/org/apache/hadoop/hadoop-hdds-container-service/0.5.0-SNAPSHOT/hadoop-hdds-container-service-0.5.0-SNAPSHOT.jar!/webapps/static,AVAILABLE}
2019-11-19 00:30:04,153 [Thread-2] INFO  handler.ContextHandler (ContextHandler.java:doStart(781)) - Started o.e.j.w.WebAppContext@5b891eac{/,file:///tmp/jetty-0.0.0.0-45136-hddsDatanode-_-any-3523645427058786888.dir/webapp/,AVAILABLE}{/hddsDatanode}
2019-11-19 00:30:04,154 [Thread-2] INFO  server.AbstractConnector (AbstractConnector.java:doStart(278)) - Started ServerConnector@2f24b163{HTTP/1.1,[http/1.1]}{0.0.0.0:45136}
2019-11-19 00:30:04,155 [Thread-2] INFO  server.Server (Server.java:doStart(419)) - Started @5529ms
2019-11-19 00:30:04,155 [Thread-2] WARN  impl.MetricsSystemImpl (MetricsSystemImpl.java:register(276)) - Sink prometheus already exists!
2019-11-19 00:30:04,156 [Thread-2] INFO  server.BaseHttpServer (BaseHttpServer.java:updateConnectorAddress(215)) - HTTP server of HDDSDATANODE is listening at http://0.0.0.0:45136
2019-11-19 00:30:04,157 [Thread-2] INFO  impl.MetricsSystemImpl (MetricsSystemImpl.java:init(158)) - HddsDatanode metrics system started (again)
2019-11-19 00:30:04,159 [org.apache.hadoop.util.JvmPauseMonitor$Monitor@3d79b26c] INFO  util.JvmPauseMonitor (JvmPauseMonitor.java:run(188)) - Starting JVM pause monitor
2019-11-19 00:30:04,159 [Thread-2] INFO  ozone.HddsDatanodeService (HddsDatanodeService.java:start(186)) - HddsDatanodeService host:pr-hdds-2241-master-j9rj8-2432081592 ip:192.168.157.213
2019-11-19 00:30:04,168 [Thread-2] INFO  volume.HddsVolume (HddsVolume.java:<init>(176)) - Creating Volume: /workdir/hadoop-ozone/integration-test/target/test-dir/MiniOzoneClusterImpl-c8053201-d7cc-49ef-bed9-2d8ab9a084ae/datanode-2/data/containers/hdds of  storage type : DISK and capacity : 1482555576320
2019-11-19 00:30:04,169 [Thread-2] INFO  volume.VolumeSet (VolumeSet.java:initializeVolumeSet(170)) - Added Volume : /workdir/hadoop-ozone/integration-test/target/test-dir/MiniOzoneClusterImpl-c8053201-d7cc-49ef-bed9-2d8ab9a084ae/datanode-2/data/containers/hdds to VolumeSet
2019-11-19 00:30:04,169 [Thread-2] INFO  volume.ThrottledAsyncChecker (ThrottledAsyncChecker.java:schedule(141)) - Scheduling a check for /workdir/hadoop-ozone/integration-test/target/test-dir/MiniOzoneClusterImpl-c8053201-d7cc-49ef-bed9-2d8ab9a084ae/datanode-2/data/containers/hdds
2019-11-19 00:30:04,170 [Thread-2] INFO  volume.HddsVolumeChecker (HddsVolumeChecker.java:checkAllVolumes(204)) - Scheduled health check for volume /workdir/hadoop-ozone/integration-test/target/test-dir/MiniOzoneClusterImpl-c8053201-d7cc-49ef-bed9-2d8ab9a084ae/datanode-2/data/containers/hdds
2019-11-19 00:30:04,179 [Datanode State Machine Thread - 0] INFO  datanode.InitDatanodeState (InitDatanodeState.java:persistContainerDatanodeDetails(140)) - DatanodeDetails is persisted to /workdir/hadoop-ozone/integration-test/target/test-dir/MiniOzoneClusterImpl-c8053201-d7cc-49ef-bed9-2d8ab9a084ae/datanode-0/meta/datanode.id
2019-11-19 00:30:04,182 [Datanode State Machine Thread - 0] INFO  datanode.InitDatanodeState (InitDatanodeState.java:persistContainerDatanodeDetails(140)) - DatanodeDetails is persisted to /workdir/hadoop-ozone/integration-test/target/test-dir/MiniOzoneClusterImpl-c8053201-d7cc-49ef-bed9-2d8ab9a084ae/datanode-1/meta/datanode.id
2019-11-19 00:30:04,188 [Thread-2] INFO  impl.RaftServerProxy (ConfUtils.java:logGet(43)) - raft.rpc.type = GRPC (default)
2019-11-19 00:30:04,189 [Thread-2] INFO  grpc.GrpcFactory (GrpcFactory.java:checkPooledByteBufAllocatorUseCacheForAllThreads(45)) - PERFORMANCE WARNING: useCacheForAllThreads is true that may cause Netty to create a lot garbage objects and, as a result, trigger GC.
	It is recommended to disable useCacheForAllThreads by setting -Dorg.apache.ratis.thirdparty.io.netty.allocator.useCacheForAllThreads=false in command line.
2019-11-19 00:30:04,189 [Thread-2] INFO  grpc.GrpcConfigKeys$Server (ConfUtils.java:logGet(43)) - raft.grpc.server.port = 0 (default)
2019-11-19 00:30:04,189 [Thread-2] INFO  server.GrpcService (ConfUtils.java:logGet(43)) - raft.grpc.message.size.max = 33570816 (custom)
2019-11-19 00:30:04,189 [Thread-2] INFO  server.RaftServerConfigKeys (ConfUtils.java:logGet(43)) - raft.server.log.appender.buffer.byte-limit = 33554432 (custom)
2019-11-19 00:30:04,190 [Thread-2] INFO  server.GrpcService (ConfUtils.java:logGet(43)) - raft.grpc.flow.control.window = 1MB (=1048576) (default)
2019-11-19 00:30:04,190 [Thread-2] INFO  server.RaftServerConfigKeys (ConfUtils.java:logGet(43)) - raft.server.rpc.request.timeout = 3000ms (default)
2019-11-19 00:30:04,190 [Thread-2] INFO  server.RaftServerConfigKeys (ConfUtils.java:logGet(43)) - raft.server.storage.dir = [/workdir/hadoop-ozone/integration-test/target/test-dir/MiniOzoneClusterImpl-c8053201-d7cc-49ef-bed9-2d8ab9a084ae/datanode-2/data/ratis] (custom)
2019-11-19 00:30:04,193 [Thread-2] INFO  hdfs.DFSUtil (DFSUtil.java:httpServerTemplateForNNAndJN(1641)) - Starting Web-server for hddsDatanode at: http://0.0.0.0:0
2019-11-19 00:30:04,194 [Thread-2] INFO  server.AuthenticationFilter (AuthenticationFilter.java:constructSecretProvider(240)) - Unable to initialize FileSignerSecretProvider, falling back to use random secrets.
2019-11-19 00:30:04,195 [Thread-2] WARN  http.HttpRequestLog (HttpRequestLog.java:getRequestLog(97)) - Jetty request log can only be enabled using Log4j
2019-11-19 00:30:04,196 [Thread-2] INFO  http.HttpServer2 (HttpServer2.java:addGlobalFilter(975)) - Added global filter 'safety' (class=org.apache.hadoop.http.HttpServer2$QuotingInputFilter)
2019-11-19 00:30:04,197 [Thread-2] INFO  http.HttpServer2 (HttpServer2.java:addFilter(948)) - Added filter static_user_filter (class=org.apache.hadoop.http.lib.StaticUserWebFilter$StaticUserFilter) to context hddsDatanode
2019-11-19 00:30:04,197 [Thread-2] INFO  http.HttpServer2 (HttpServer2.java:addFilter(958)) - Added filter static_user_filter (class=org.apache.hadoop.http.lib.StaticUserWebFilter$StaticUserFilter) to context static
2019-11-19 00:30:04,197 [Thread-2] INFO  http.HttpServer2 (HttpServer2.java:addFilter(958)) - Added filter static_user_filter (class=org.apache.hadoop.http.lib.StaticUserWebFilter$StaticUserFilter) to context logs
2019-11-19 00:30:04,198 [Thread-2] INFO  http.HttpServer2 (HttpServer2.java:bindListener(1191)) - Jetty bound to port 42776
2019-11-19 00:30:04,198 [Thread-2] INFO  server.Server (Server.java:doStart(351)) - jetty-9.3.25.v20180904, build timestamp: 2018-09-04T21:11:46Z, git hash: 3ce520221d0240229c862b122d2b06c12a625732
2019-11-19 00:30:04,200 [Thread-2] INFO  handler.ContextHandler (ContextHandler.java:doStart(781)) - Started o.e.j.s.ServletContextHandler@7d9f8064{/logs,file:///workdir/hadoop-ozone/integration-test/target/log,AVAILABLE}
2019-11-19 00:30:04,200 [Thread-2] INFO  handler.ContextHandler (ContextHandler.java:doStart(781)) - Started o.e.j.s.ServletContextHandler@47f65e87{/static,jar:file:/home/user/.m2/repository/org/apache/hadoop/hadoop-hdds-container-service/0.5.0-SNAPSHOT/hadoop-hdds-container-service-0.5.0-SNAPSHOT.jar!/webapps/static,AVAILABLE}
2019-11-19 00:30:04,231 [Thread-2] INFO  handler.ContextHandler (ContextHandler.java:doStart(781)) - Started o.e.j.w.WebAppContext@5cb3894f{/,file:///tmp/jetty-0.0.0.0-42776-hddsDatanode-_-any-6817361758342151813.dir/webapp/,AVAILABLE}{/hddsDatanode}
2019-11-19 00:30:04,232 [Thread-2] INFO  server.AbstractConnector (AbstractConnector.java:doStart(278)) - Started ServerConnector@3b1431b7{HTTP/1.1,[http/1.1]}{0.0.0.0:42776}
2019-11-19 00:30:04,232 [Thread-2] INFO  server.Server (Server.java:doStart(419)) - Started @5607ms
2019-11-19 00:30:04,233 [Thread-2] WARN  impl.MetricsSystemImpl (MetricsSystemImpl.java:register(276)) - Sink prometheus already exists!
2019-11-19 00:30:04,234 [Thread-2] INFO  server.BaseHttpServer (BaseHttpServer.java:updateConnectorAddress(215)) - HTTP server of HDDSDATANODE is listening at http://0.0.0.0:42776
2019-11-19 00:30:04,235 [Thread-2] INFO  ozone.MiniOzoneClusterImpl (MiniOzoneClusterImpl.java:lambda$waitForClusterToBeReady$0(150)) - Waiting for nodes to be ready. Got 0 of 3 DN Heartbeats.
2019-11-19 00:30:04,235 [Thread-2] INFO  ozone.MiniOzoneClusterImpl (MiniOzoneClusterImpl.java:lambda$waitForClusterToBeReady$0(153)) - Waiting for cluster to exit safe mode
2019-11-19 00:30:04,237 [org.apache.hadoop.util.JvmPauseMonitor$Monitor@a85aa59] INFO  util.JvmPauseMonitor (JvmPauseMonitor.java:run(188)) - Starting JVM pause monitor
2019-11-19 00:30:04,239 [Datanode State Machine Thread - 0] INFO  datanode.InitDatanodeState (InitDatanodeState.java:persistContainerDatanodeDetails(140)) - DatanodeDetails is persisted to /workdir/hadoop-ozone/integration-test/target/test-dir/MiniOzoneClusterImpl-c8053201-d7cc-49ef-bed9-2d8ab9a084ae/datanode-2/meta/datanode.id
2019-11-19 00:30:05,236 [Thread-2] INFO  ozone.MiniOzoneClusterImpl (MiniOzoneClusterImpl.java:lambda$waitForClusterToBeReady$0(150)) - Waiting for nodes to be ready. Got 0 of 3 DN Heartbeats.
2019-11-19 00:30:05,236 [Thread-2] INFO  ozone.MiniOzoneClusterImpl (MiniOzoneClusterImpl.java:lambda$waitForClusterToBeReady$0(153)) - Waiting for cluster to exit safe mode
2019-11-19 00:30:06,141 [Datanode State Machine Thread - 0] INFO  ozoneimpl.OzoneContainer (OzoneContainer.java:start(230)) - Attempting to start container services.
2019-11-19 00:30:06,144 [Datanode State Machine Thread - 0] INFO  ozoneimpl.OzoneContainer (OzoneContainer.java:startContainerScrub(194)) - Background container scanner has been disabled.
2019-11-19 00:30:06,144 [Datanode State Machine Thread - 0] INFO  ratis.XceiverServerRatis (XceiverServerRatis.java:start(422)) - Starting XceiverServerRatis b62d9bbd-33a7-4ff2-9267-05f4bdb343db at port 0
2019-11-19 00:30:06,167 [Datanode State Machine Thread - 0] INFO  impl.RaftServerProxy (RaftServerProxy.java:lambda$start$3(299)) - b62d9bbd-33a7-4ff2-9267-05f4bdb343db: start RPC server
2019-11-19 00:30:06,192 [Datanode State Machine Thread - 0] INFO  ozoneimpl.OzoneContainer (OzoneContainer.java:start(230)) - Attempting to start container services.
2019-11-19 00:30:06,197 [Datanode State Machine Thread - 0] INFO  ozoneimpl.OzoneContainer (OzoneContainer.java:startContainerScrub(194)) - Background container scanner has been disabled.
2019-11-19 00:30:06,197 [Datanode State Machine Thread - 0] INFO  ratis.XceiverServerRatis (XceiverServerRatis.java:start(422)) - Starting XceiverServerRatis 76071035-5b23-4d03-97dd-5cf06d69b972 at port 0
2019-11-19 00:30:06,207 [Datanode State Machine Thread - 0] INFO  impl.RaftServerProxy (RaftServerProxy.java:lambda$start$3(299)) - 76071035-5b23-4d03-97dd-5cf06d69b972: start RPC server
2019-11-19 00:30:06,237 [Thread-2] INFO  ozone.MiniOzoneClusterImpl (MiniOzoneClusterImpl.java:lambda$waitForClusterToBeReady$0(150)) - Waiting for nodes to be ready. Got 0 of 3 DN Heartbeats.
2019-11-19 00:30:06,237 [Thread-2] INFO  ozone.MiniOzoneClusterImpl (MiniOzoneClusterImpl.java:lambda$waitForClusterToBeReady$0(153)) - Waiting for cluster to exit safe mode
2019-11-19 00:30:06,267 [Datanode State Machine Thread - 0] INFO  ozoneimpl.OzoneContainer (OzoneContainer.java:start(230)) - Attempting to start container services.
2019-11-19 00:30:06,269 [Datanode State Machine Thread - 0] INFO  ozoneimpl.OzoneContainer (OzoneContainer.java:startContainerScrub(194)) - Background container scanner has been disabled.
2019-11-19 00:30:06,269 [Datanode State Machine Thread - 0] INFO  ratis.XceiverServerRatis (XceiverServerRatis.java:start(422)) - Starting XceiverServerRatis ccff26cc-50ac-4ffe-b50c-ee69743230ae at port 0
2019-11-19 00:30:06,285 [Datanode State Machine Thread - 0] INFO  impl.RaftServerProxy (RaftServerProxy.java:lambda$start$3(299)) - ccff26cc-50ac-4ffe-b50c-ee69743230ae: start RPC server
2019-11-19 00:30:06,294 [Datanode State Machine Thread - 0] INFO  server.GrpcService (GrpcService.java:startImpl(158)) - 76071035-5b23-4d03-97dd-5cf06d69b972: GrpcService started, listening on 0.0.0.0/0.0.0.0:46404
2019-11-19 00:30:06,294 [Datanode State Machine Thread - 0] INFO  server.GrpcService (GrpcService.java:startImpl(158)) - b62d9bbd-33a7-4ff2-9267-05f4bdb343db: GrpcService started, listening on 0.0.0.0/0.0.0.0:35065
2019-11-19 00:30:06,294 [Datanode State Machine Thread - 0] INFO  server.GrpcService (GrpcService.java:startImpl(158)) - ccff26cc-50ac-4ffe-b50c-ee69743230ae: GrpcService started, listening on 0.0.0.0/0.0.0.0:34305
2019-11-19 00:30:06,295 [Datanode State Machine Thread - 0] INFO  ratis.XceiverServerRatis (XceiverServerRatis.java:start(432)) - XceiverServerRatis b62d9bbd-33a7-4ff2-9267-05f4bdb343db is started using port 35065
2019-11-19 00:30:06,295 [Datanode State Machine Thread - 0] INFO  ratis.XceiverServerRatis (XceiverServerRatis.java:start(432)) - XceiverServerRatis 76071035-5b23-4d03-97dd-5cf06d69b972 is started using port 46404
2019-11-19 00:30:06,295 [Datanode State Machine Thread - 0] INFO  ratis.XceiverServerRatis (XceiverServerRatis.java:start(432)) - XceiverServerRatis ccff26cc-50ac-4ffe-b50c-ee69743230ae is started using port 34305
2019-11-19 00:30:06,300 [Datanode State Machine Thread - 0] INFO  server.XceiverServerGrpc (XceiverServerGrpc.java:start(145)) - XceiverServerGrpc 76071035-5b23-4d03-97dd-5cf06d69b972 is started using port 34569
2019-11-19 00:30:06,300 [Datanode State Machine Thread - 0] INFO  server.XceiverServerGrpc (XceiverServerGrpc.java:start(145)) - XceiverServerGrpc ccff26cc-50ac-4ffe-b50c-ee69743230ae is started using port 37813
2019-11-19 00:30:06,300 [Datanode State Machine Thread - 0] INFO  server.XceiverServerGrpc (XceiverServerGrpc.java:start(145)) - XceiverServerGrpc b62d9bbd-33a7-4ff2-9267-05f4bdb343db is started using port 39594
2019-11-19 00:30:07,238 [Thread-2] INFO  ozone.MiniOzoneClusterImpl (MiniOzoneClusterImpl.java:lambda$waitForClusterToBeReady$0(150)) - Waiting for nodes to be ready. Got 0 of 3 DN Heartbeats.
2019-11-19 00:30:07,238 [Thread-2] INFO  ozone.MiniOzoneClusterImpl (MiniOzoneClusterImpl.java:lambda$waitForClusterToBeReady$0(153)) - Waiting for cluster to exit safe mode
2019-11-19 00:30:08,082 [IPC Server handler 0 on 35297] INFO  net.NetworkTopology (NetworkTopologyImpl.java:add(111)) - Added a new node: /default-rack/b62d9bbd-33a7-4ff2-9267-05f4bdb343db
2019-11-19 00:30:08,083 [IPC Server handler 0 on 35297] INFO  node.SCMNodeManager (SCMNodeManager.java:register(267)) - Registered Data node : b62d9bbd-33a7-4ff2-9267-05f4bdb343db{ip: 192.168.157.213, host: pr-hdds-2241-master-j9rj8-2432081592, networkLocation: /default-rack, certSerialId: null}
2019-11-19 00:30:08,086 [EventQueue-NodeRegistrationContainerReportForDataNodeSafeModeRule] INFO  safemode.SCMSafeModeManager (DataNodeSafeModeRule.java:process(71)) - SCM in safe mode. 1 DataNodes registered, 1 required.
2019-11-19 00:30:08,086 [EventQueue-NodeRegistrationContainerReportForContainerSafeModeRule] INFO  safemode.SCMSafeModeManager (SCMSafeModeManager.java:validateSafeModeExitRules(176)) - ContainerSafeModeRule rule is successfully validated
2019-11-19 00:30:08,086 [EventQueue-NodeRegistrationContainerReportForDataNodeSafeModeRule] INFO  safemode.SCMSafeModeManager (SCMSafeModeManager.java:validateSafeModeExitRules(176)) - DataNodeSafeModeRule rule is successfully validated
2019-11-19 00:30:08,089 [RatisPipelineUtilsThread] INFO  pipeline.RatisPipelineProvider (RatisPipelineProvider.java:lambda$create$4(163)) - Send pipeline:PipelineID=437c666c-93d1-4f9a-991c-947766da1a06 create command to datanode b62d9bbd-33a7-4ff2-9267-05f4bdb343db
2019-11-19 00:30:08,100 [RatisPipelineUtilsThread] INFO  pipeline.PipelineStateManager (PipelineStateManager.java:addPipeline(55)) - Created pipeline Pipeline[ Id: 437c666c-93d1-4f9a-991c-947766da1a06, Nodes: b62d9bbd-33a7-4ff2-9267-05f4bdb343db{ip: 192.168.157.213, host: pr-hdds-2241-master-j9rj8-2432081592, networkLocation: /default-rack, certSerialId: null}, Type:RATIS, Factor:ONE, State:ALLOCATED]
2019-11-19 00:30:08,163 [IPC Server handler 1 on 35297] INFO  net.NetworkTopology (NetworkTopologyImpl.java:add(111)) - Added a new node: /default-rack/76071035-5b23-4d03-97dd-5cf06d69b972
2019-11-19 00:30:08,163 [IPC Server handler 1 on 35297] INFO  node.SCMNodeManager (SCMNodeManager.java:register(267)) - Registered Data node : 76071035-5b23-4d03-97dd-5cf06d69b972{ip: 192.168.157.213, host: pr-hdds-2241-master-j9rj8-2432081592, networkLocation: /default-rack, certSerialId: null}
2019-11-19 00:30:08,163 [EventQueue-NodeRegistrationContainerReportForContainerSafeModeRule] INFO  safemode.SCMSafeModeManager (SCMSafeModeManager.java:validateSafeModeExitRules(176)) - ContainerSafeModeRule rule is successfully validated
2019-11-19 00:30:08,164 [EventQueue-NodeRegistrationContainerReportForDataNodeSafeModeRule] INFO  safemode.SCMSafeModeManager (SCMSafeModeManager.java:validateSafeModeExitRules(176)) - DataNodeSafeModeRule rule is successfully validated
2019-11-19 00:30:08,165 [RatisPipelineUtilsThread] INFO  pipeline.RatisPipelineProvider (RatisPipelineProvider.java:lambda$create$4(163)) - Send pipeline:PipelineID=e833e4db-4358-4a1d-b64c-f4e58e340c67 create command to datanode 76071035-5b23-4d03-97dd-5cf06d69b972
2019-11-19 00:30:08,166 [RatisPipelineUtilsThread] INFO  pipeline.PipelineStateManager (PipelineStateManager.java:addPipeline(55)) - Created pipeline Pipeline[ Id: e833e4db-4358-4a1d-b64c-f4e58e340c67, Nodes: 76071035-5b23-4d03-97dd-5cf06d69b972{ip: 192.168.157.213, host: pr-hdds-2241-master-j9rj8-2432081592, networkLocation: /default-rack, certSerialId: null}, Type:RATIS, Factor:ONE, State:ALLOCATED]
2019-11-19 00:30:08,239 [Thread-2] INFO  ozone.MiniOzoneClusterImpl (MiniOzoneClusterImpl.java:lambda$waitForClusterToBeReady$0(150)) - Waiting for nodes to be ready. Got 2 of 3 DN Heartbeats.
2019-11-19 00:30:08,239 [Thread-2] INFO  ozone.MiniOzoneClusterImpl (MiniOzoneClusterImpl.java:lambda$waitForClusterToBeReady$0(153)) - Waiting for cluster to exit safe mode
2019-11-19 00:30:08,239 [IPC Server handler 3 on 35297] INFO  net.NetworkTopology (NetworkTopologyImpl.java:add(111)) - Added a new node: /default-rack/ccff26cc-50ac-4ffe-b50c-ee69743230ae
2019-11-19 00:30:08,240 [IPC Server handler 3 on 35297] INFO  node.SCMNodeManager (SCMNodeManager.java:register(267)) - Registered Data node : ccff26cc-50ac-4ffe-b50c-ee69743230ae{ip: 192.168.157.213, host: pr-hdds-2241-master-j9rj8-2432081592, networkLocation: /default-rack, certSerialId: null}
2019-11-19 00:30:08,240 [RatisPipelineUtilsThread] INFO  pipeline.RatisPipelineProvider (RatisPipelineProvider.java:lambda$create$4(163)) - Send pipeline:PipelineID=6d41e445-0b7d-471b-9fd5-e86784d71b62 create command to datanode ccff26cc-50ac-4ffe-b50c-ee69743230ae
2019-11-19 00:30:08,240 [EventQueue-NodeRegistrationContainerReportForDataNodeSafeModeRule] INFO  safemode.SCMSafeModeManager (SCMSafeModeManager.java:validateSafeModeExitRules(176)) - DataNodeSafeModeRule rule is successfully validated
2019-11-19 00:30:08,240 [EventQueue-NodeRegistrationContainerReportForContainerSafeModeRule] INFO  safemode.SCMSafeModeManager (SCMSafeModeManager.java:validateSafeModeExitRules(176)) - ContainerSafeModeRule rule is successfully validated
2019-11-19 00:30:08,241 [RatisPipelineUtilsThread] INFO  pipeline.PipelineStateManager (PipelineStateManager.java:addPipeline(55)) - Created pipeline Pipeline[ Id: 6d41e445-0b7d-471b-9fd5-e86784d71b62, Nodes: ccff26cc-50ac-4ffe-b50c-ee69743230ae{ip: 192.168.157.213, host: pr-hdds-2241-master-j9rj8-2432081592, networkLocation: /default-rack, certSerialId: null}, Type:RATIS, Factor:ONE, State:ALLOCATED]
2019-11-19 00:30:08,242 [RatisPipelineUtilsThread] INFO  pipeline.RatisPipelineProvider (RatisPipelineProvider.java:lambda$create$4(163)) - Send pipeline:PipelineID=1af9df6d-ab64-4e1a-a5ac-debd2d1c26fd create command to datanode 76071035-5b23-4d03-97dd-5cf06d69b972
2019-11-19 00:30:08,243 [RatisPipelineUtilsThread] INFO  pipeline.RatisPipelineProvider (RatisPipelineProvider.java:lambda$create$4(163)) - Send pipeline:PipelineID=1af9df6d-ab64-4e1a-a5ac-debd2d1c26fd create command to datanode ccff26cc-50ac-4ffe-b50c-ee69743230ae
2019-11-19 00:30:08,243 [RatisPipelineUtilsThread] INFO  pipeline.RatisPipelineProvider (RatisPipelineProvider.java:lambda$create$4(163)) - Send pipeline:PipelineID=1af9df6d-ab64-4e1a-a5ac-debd2d1c26fd create command to datanode b62d9bbd-33a7-4ff2-9267-05f4bdb343db
2019-11-19 00:30:08,243 [RatisPipelineUtilsThread] INFO  pipeline.PipelineStateManager (PipelineStateManager.java:addPipeline(55)) - Created pipeline Pipeline[ Id: 1af9df6d-ab64-4e1a-a5ac-debd2d1c26fd, Nodes: 76071035-5b23-4d03-97dd-5cf06d69b972{ip: 192.168.157.213, host: pr-hdds-2241-master-j9rj8-2432081592, networkLocation: /default-rack, certSerialId: null}ccff26cc-50ac-4ffe-b50c-ee69743230ae{ip: 192.168.157.213, host: pr-hdds-2241-master-j9rj8-2432081592, networkLocation: /default-rack, certSerialId: null}b62d9bbd-33a7-4ff2-9267-05f4bdb343db{ip: 192.168.157.213, host: pr-hdds-2241-master-j9rj8-2432081592, networkLocation: /default-rack, certSerialId: null}, Type:RATIS, Factor:THREE, State:ALLOCATED]
2019-11-19 00:30:09,239 [Thread-2] INFO  ozone.MiniOzoneClusterImpl (MiniOzoneClusterImpl.java:lambda$waitForClusterToBeReady$0(150)) - Nodes are ready. Got 3 of 3 DN Heartbeats.
2019-11-19 00:30:09,240 [Thread-2] INFO  ozone.MiniOzoneClusterImpl (MiniOzoneClusterImpl.java:lambda$waitForClusterToBeReady$0(153)) - Waiting for cluster to exit safe mode
2019-11-19 00:30:10,240 [Thread-2] INFO  ozone.MiniOzoneClusterImpl (MiniOzoneClusterImpl.java:lambda$waitForClusterToBeReady$0(150)) - Nodes are ready. Got 3 of 3 DN Heartbeats.
2019-11-19 00:30:10,241 [Thread-2] INFO  ozone.MiniOzoneClusterImpl (MiniOzoneClusterImpl.java:lambda$waitForClusterToBeReady$0(153)) - Waiting for cluster to exit safe mode
2019-11-19 00:30:11,083 [Command processor thread] INFO  impl.RaftServerProxy (RaftServerProxy.java:addNew(89)) - b62d9bbd-33a7-4ff2-9267-05f4bdb343db: addNew group-947766DA1A06:[b62d9bbd-33a7-4ff2-9267-05f4bdb343db:192.168.157.213:35065] returns group-947766DA1A06:java.util.concurrent.CompletableFuture@2fb0fc18[Not completed]
2019-11-19 00:30:11,107 [pool-27-thread-1] INFO  impl.RaftServerImpl (RaftServerImpl.java:<init>(98)) - b62d9bbd-33a7-4ff2-9267-05f4bdb343db: new RaftServerImpl for group-947766DA1A06:[b62d9bbd-33a7-4ff2-9267-05f4bdb343db:192.168.157.213:35065] with ContainerStateMachine:uninitialized
2019-11-19 00:30:11,110 [pool-27-thread-1] INFO  server.RaftServerConfigKeys (ConfUtils.java:logGet(43)) - raft.server.rpc.timeout.min = 5s (custom)
2019-11-19 00:30:11,111 [pool-27-thread-1] INFO  server.RaftServerConfigKeys (ConfUtils.java:logGet(43)) - raft.server.rpc.timeout.max = 5200ms (custom)
2019-11-19 00:30:11,111 [pool-27-thread-1] INFO  server.RaftServerConfigKeys (ConfUtils.java:logGet(43)) - raft.server.rpcslowness.timeout = 120s (custom)
2019-11-19 00:30:11,112 [pool-27-thread-1] INFO  server.RaftServerConfigKeys (ConfUtils.java:logGet(43)) - raft.server.sleep.deviation.threshold = 300 (default)
2019-11-19 00:30:11,113 [pool-27-thread-1] INFO  server.RaftServerConfigKeys (ConfUtils.java:logGet(43)) - raft.server.log.appender.install.snapshot.enabled = false (custom)
2019-11-19 00:30:11,122 [pool-27-thread-1] INFO  impl.RaftServerImpl (ServerState.java:<init>(103)) - b62d9bbd-33a7-4ff2-9267-05f4bdb343db@group-947766DA1A06: ConfigurationManager, init=-1: [b62d9bbd-33a7-4ff2-9267-05f4bdb343db:192.168.157.213:35065], old=null, confs=<EMPTY_MAP>
2019-11-19 00:30:11,123 [pool-27-thread-1] INFO  server.RaftServerConfigKeys (ConfUtils.java:logGet(43)) - raft.server.storage.dir = [/workdir/hadoop-ozone/integration-test/target/test-dir/MiniOzoneClusterImpl-c8053201-d7cc-49ef-bed9-2d8ab9a084ae/datanode-0/data/ratis] (custom)
2019-11-19 00:30:11,133 [pool-27-thread-1] INFO  server.RaftServerConfigKeys (ConfUtils.java:logGet(43)) - raft.server.log.corruption.policy = EXCEPTION (default)
2019-11-19 00:30:11,135 [pool-27-thread-1] INFO  storage.RaftStorageDirectory (RaftStorageDirectory.java:analyzeStorage(246)) - The storage directory /workdir/hadoop-ozone/integration-test/target/test-dir/MiniOzoneClusterImpl-c8053201-d7cc-49ef-bed9-2d8ab9a084ae/datanode-0/data/ratis/437c666c-93d1-4f9a-991c-947766da1a06 does not exist. Creating ...
2019-11-19 00:30:11,162 [Command processor thread] INFO  impl.RaftServerProxy (RaftServerProxy.java:addNew(89)) - 76071035-5b23-4d03-97dd-5cf06d69b972: addNew group-F4E58E340C67:[76071035-5b23-4d03-97dd-5cf06d69b972:192.168.157.213:46404] returns group-F4E58E340C67:java.util.concurrent.CompletableFuture@8d61886[Not completed]
2019-11-19 00:30:11,164 [pool-27-thread-1] INFO  storage.RaftStorageDirectory (RaftStorageDirectory.java:tryLock(328)) - Lock on /workdir/hadoop-ozone/integration-test/target/test-dir/MiniOzoneClusterImpl-c8053201-d7cc-49ef-bed9-2d8ab9a084ae/datanode-0/data/ratis/437c666c-93d1-4f9a-991c-947766da1a06/in_use.lock acquired by nodename 7736@pr-hdds-2241-master-j9rj8-2432081592
2019-11-19 00:30:11,189 [pool-37-thread-1] INFO  impl.RaftServerImpl (RaftServerImpl.java:<init>(98)) - 76071035-5b23-4d03-97dd-5cf06d69b972: new RaftServerImpl for group-F4E58E340C67:[76071035-5b23-4d03-97dd-5cf06d69b972:192.168.157.213:46404] with ContainerStateMachine:uninitialized
2019-11-19 00:30:11,190 [pool-37-thread-1] INFO  server.RaftServerConfigKeys (ConfUtils.java:logGet(43)) - raft.server.rpc.timeout.min = 5s (custom)
2019-11-19 00:30:11,191 [pool-37-thread-1] INFO  server.RaftServerConfigKeys (ConfUtils.java:logGet(43)) - raft.server.rpc.timeout.max = 5200ms (custom)
2019-11-19 00:30:11,191 [pool-37-thread-1] INFO  server.RaftServerConfigKeys (ConfUtils.java:logGet(43)) - raft.server.rpcslowness.timeout = 120s (custom)
2019-11-19 00:30:11,191 [pool-37-thread-1] INFO  server.RaftServerConfigKeys (ConfUtils.java:logGet(43)) - raft.server.sleep.deviation.threshold = 300 (default)
2019-11-19 00:30:11,191 [pool-37-thread-1] INFO  server.RaftServerConfigKeys (ConfUtils.java:logGet(43)) - raft.server.log.appender.install.snapshot.enabled = false (custom)
2019-11-19 00:30:11,191 [pool-37-thread-1] INFO  impl.RaftServerImpl (ServerState.java:<init>(103)) - 76071035-5b23-4d03-97dd-5cf06d69b972@group-F4E58E340C67: ConfigurationManager, init=-1: [76071035-5b23-4d03-97dd-5cf06d69b972:192.168.157.213:46404], old=null, confs=<EMPTY_MAP>
2019-11-19 00:30:11,192 [pool-37-thread-1] INFO  server.RaftServerConfigKeys (ConfUtils.java:logGet(43)) - raft.server.storage.dir = [/workdir/hadoop-ozone/integration-test/target/test-dir/MiniOzoneClusterImpl-c8053201-d7cc-49ef-bed9-2d8ab9a084ae/datanode-1/data/ratis] (custom)
2019-11-19 00:30:11,192 [pool-37-thread-1] INFO  server.RaftServerConfigKeys (ConfUtils.java:logGet(43)) - raft.server.log.corruption.policy = EXCEPTION (default)
2019-11-19 00:30:11,193 [pool-37-thread-1] INFO  storage.RaftStorageDirectory (RaftStorageDirectory.java:analyzeStorage(246)) - The storage directory /workdir/hadoop-ozone/integration-test/target/test-dir/MiniOzoneClusterImpl-c8053201-d7cc-49ef-bed9-2d8ab9a084ae/datanode-1/data/ratis/e833e4db-4358-4a1d-b64c-f4e58e340c67 does not exist. Creating ...
2019-11-19 00:30:11,215 [pool-37-thread-1] INFO  storage.RaftStorageDirectory (RaftStorageDirectory.java:tryLock(328)) - Lock on /workdir/hadoop-ozone/integration-test/target/test-dir/MiniOzoneClusterImpl-c8053201-d7cc-49ef-bed9-2d8ab9a084ae/datanode-1/data/ratis/e833e4db-4358-4a1d-b64c-f4e58e340c67/in_use.lock acquired by nodename 7736@pr-hdds-2241-master-j9rj8-2432081592
2019-11-19 00:30:11,215 [pool-27-thread-1] INFO  storage.RaftStorage (RaftStorage.java:format(84)) - Storage directory /workdir/hadoop-ozone/integration-test/target/test-dir/MiniOzoneClusterImpl-c8053201-d7cc-49ef-bed9-2d8ab9a084ae/datanode-0/data/ratis/437c666c-93d1-4f9a-991c-947766da1a06 has been successfully formatted.
2019-11-19 00:30:11,218 [pool-27-thread-1] INFO  ratis.ContainerStateMachine (ContainerStateMachine.java:loadSnapshot(223)) - group-947766DA1A06: The snapshot info is null. Setting the last applied indexto:(t:0, i:~)
2019-11-19 00:30:11,218 [pool-27-thread-1] INFO  server.RaftServerConfigKeys (ConfUtils.java:logGet(43)) - raft.server.notification.no-leader.timeout = 120s (custom)
2019-11-19 00:30:11,222 [pool-27-thread-1] INFO  server.RaftServerConfigKeys (ConfUtils.java:logGet(43)) - raft.server.log.use.memory = false (default)
2019-11-19 00:30:11,230 [pool-27-thread-1] INFO  server.RaftServerConfigKeys (ConfUtils.java:logGet(43)) - raft.server.log.purge.gap = 1000000 (custom)
2019-11-19 00:30:11,230 [pool-27-thread-1] INFO  server.RaftServerConfigKeys (ConfUtils.java:logGet(43)) - raft.server.log.appender.buffer.byte-limit = 33554432 (custom)
2019-11-19 00:30:11,233 [pool-27-thread-1] INFO  server.RaftServerConfigKeys (ConfUtils.java:logGet(43)) - raft.server.log.segment.size.max = 1048576 (custom)
2019-11-19 00:30:11,238 [Command processor thread] INFO  impl.RaftServerProxy (RaftServerProxy.java:addNew(89)) - ccff26cc-50ac-4ffe-b50c-ee69743230ae: addNew group-E86784D71B62:[ccff26cc-50ac-4ffe-b50c-ee69743230ae:192.168.157.213:34305] returns group-E86784D71B62:java.util.concurrent.CompletableFuture@27bec1c2[Not completed]
2019-11-19 00:30:11,243 [Thread-2] INFO  ozone.MiniOzoneClusterImpl (MiniOzoneClusterImpl.java:lambda$waitForClusterToBeReady$0(150)) - Nodes are ready. Got 3 of 3 DN Heartbeats.
2019-11-19 00:30:11,243 [Thread-2] INFO  ozone.MiniOzoneClusterImpl (MiniOzoneClusterImpl.java:lambda$waitForClusterToBeReady$0(153)) - Waiting for cluster to exit safe mode
2019-11-19 00:30:11,241 [pool-37-thread-1] INFO  storage.RaftStorage (RaftStorage.java:format(84)) - Storage directory /workdir/hadoop-ozone/integration-test/target/test-dir/MiniOzoneClusterImpl-c8053201-d7cc-49ef-bed9-2d8ab9a084ae/datanode-1/data/ratis/e833e4db-4358-4a1d-b64c-f4e58e340c67 has been successfully formatted.
2019-11-19 00:30:11,244 [pool-37-thread-1] INFO  ratis.ContainerStateMachine (ContainerStateMachine.java:loadSnapshot(223)) - group-F4E58E340C67: The snapshot info is null. Setting the last applied indexto:(t:0, i:~)
2019-11-19 00:30:11,245 [pool-37-thread-1] INFO  server.RaftServerConfigKeys (ConfUtils.java:logGet(43)) - raft.server.notification.no-leader.timeout = 120s (custom)
2019-11-19 00:30:11,258 [pool-27-thread-1] INFO  metrics.MetricRegistries (MetricRegistriesLoader.java:load(64)) - Loaded MetricRegistries class org.apache.ratis.metrics.impl.MetricRegistriesImpl
2019-11-19 00:30:11,258 [pool-37-thread-1] INFO  server.RaftServerConfigKeys (ConfUtils.java:logGet(43)) - raft.server.log.use.memory = false (default)
2019-11-19 00:30:11,258 [pool-37-thread-1] INFO  server.RaftServerConfigKeys (ConfUtils.java:logGet(43)) - raft.server.log.purge.gap = 1000000 (custom)
2019-11-19 00:30:11,258 [pool-37-thread-1] INFO  server.RaftServerConfigKeys (ConfUtils.java:logGet(43)) - raft.server.log.appender.buffer.byte-limit = 33554432 (custom)
2019-11-19 00:30:11,258 [pool-37-thread-1] INFO  server.RaftServerConfigKeys (ConfUtils.java:logGet(43)) - raft.server.log.segment.size.max = 1048576 (custom)
2019-11-19 00:30:11,259 [pool-47-thread-1] INFO  impl.RaftServerImpl (RaftServerImpl.java:<init>(98)) - ccff26cc-50ac-4ffe-b50c-ee69743230ae: new RaftServerImpl for group-E86784D71B62:[ccff26cc-50ac-4ffe-b50c-ee69743230ae:192.168.157.213:34305] with ContainerStateMachine:uninitialized
2019-11-19 00:30:11,260 [pool-47-thread-1] INFO  server.RaftServerConfigKeys (ConfUtils.java:logGet(43)) - raft.server.rpc.timeout.min = 5s (custom)
2019-11-19 00:30:11,260 [pool-47-thread-1] INFO  server.RaftServerConfigKeys (ConfUtils.java:logGet(43)) - raft.server.rpc.timeout.max = 5200ms (custom)
2019-11-19 00:30:11,260 [pool-47-thread-1] INFO  server.RaftServerConfigKeys (ConfUtils.java:logGet(43)) - raft.server.rpcslowness.timeout = 120s (custom)
2019-11-19 00:30:11,260 [pool-47-thread-1] INFO  server.RaftServerConfigKeys (ConfUtils.java:logGet(43)) - raft.server.sleep.deviation.threshold = 300 (default)
2019-11-19 00:30:11,260 [pool-47-thread-1] INFO  server.RaftServerConfigKeys (ConfUtils.java:logGet(43)) - raft.server.log.appender.install.snapshot.enabled = false (custom)
2019-11-19 00:30:11,261 [pool-47-thread-1] INFO  impl.RaftServerImpl (ServerState.java:<init>(103)) - ccff26cc-50ac-4ffe-b50c-ee69743230ae@group-E86784D71B62: ConfigurationManager, init=-1: [ccff26cc-50ac-4ffe-b50c-ee69743230ae:192.168.157.213:34305], old=null, confs=<EMPTY_MAP>
2019-11-19 00:30:11,261 [pool-47-thread-1] INFO  server.RaftServerConfigKeys (ConfUtils.java:logGet(43)) - raft.server.storage.dir = [/workdir/hadoop-ozone/integration-test/target/test-dir/MiniOzoneClusterImpl-c8053201-d7cc-49ef-bed9-2d8ab9a084ae/datanode-2/data/ratis] (custom)
2019-11-19 00:30:11,261 [pool-47-thread-1] INFO  server.RaftServerConfigKeys (ConfUtils.java:logGet(43)) - raft.server.log.corruption.policy = EXCEPTION (default)
2019-11-19 00:30:11,262 [pool-47-thread-1] INFO  storage.RaftStorageDirectory (RaftStorageDirectory.java:analyzeStorage(246)) - The storage directory /workdir/hadoop-ozone/integration-test/target/test-dir/MiniOzoneClusterImpl-c8053201-d7cc-49ef-bed9-2d8ab9a084ae/datanode-2/data/ratis/6d41e445-0b7d-471b-9fd5-e86784d71b62 does not exist. Creating ...
2019-11-19 00:30:11,263 [pool-27-thread-1] WARN  impl.MetricRegistriesImpl (MetricRegistriesImpl.java:lambda$create$1(61)) - First MetricRegistry has been created without registering reporters. You may need to call MetricRegistries.global().addReportRegistration(...) before.
2019-11-19 00:30:11,263 [pool-37-thread-1] WARN  impl.MetricRegistriesImpl (MetricRegistriesImpl.java:lambda$create$1(61)) - First MetricRegistry has been created without registering reporters. You may need to call MetricRegistries.global().addReportRegistration(...) before.
2019-11-19 00:30:11,272 [pool-27-thread-1] INFO  server.RaftServerConfigKeys (ConfUtils.java:logGet(43)) - raft.server.log.segment.cache.num.max = 2 (custom)
2019-11-19 00:30:11,272 [pool-37-thread-1] INFO  server.RaftServerConfigKeys (ConfUtils.java:logGet(43)) - raft.server.log.segment.cache.num.max = 2 (custom)
2019-11-19 00:30:11,279 [pool-27-thread-1] INFO  segmented.SegmentedRaftLogWorker (SegmentedRaftLogWorker.java:<init>(173)) - new b62d9bbd-33a7-4ff2-9267-05f4bdb343db@group-947766DA1A06-SegmentedRaftLogWorker for RaftStorage:Storage Directory /workdir/hadoop-ozone/integration-test/target/test-dir/MiniOzoneClusterImpl-c8053201-d7cc-49ef-bed9-2d8ab9a084ae/datanode-0/data/ratis/437c666c-93d1-4f9a-991c-947766da1a06
2019-11-19 00:30:11,279 [pool-37-thread-1] INFO  segmented.SegmentedRaftLogWorker (SegmentedRaftLogWorker.java:<init>(173)) - new 76071035-5b23-4d03-97dd-5cf06d69b972@group-F4E58E340C67-SegmentedRaftLogWorker for RaftStorage:Storage Directory /workdir/hadoop-ozone/integration-test/target/test-dir/MiniOzoneClusterImpl-c8053201-d7cc-49ef-bed9-2d8ab9a084ae/datanode-1/data/ratis/e833e4db-4358-4a1d-b64c-f4e58e340c67
2019-11-19 00:30:11,281 [pool-27-thread-1] INFO  server.RaftServerConfigKeys (ConfUtils.java:logGet(43)) - raft.server.log.queue.byte-limit = 2147483647 (custom)
2019-11-19 00:30:11,281 [pool-37-thread-1] INFO  server.RaftServerConfigKeys (ConfUtils.java:logGet(43)) - raft.server.log.queue.byte-limit = 2147483647 (custom)
2019-11-19 00:30:11,281 [pool-27-thread-1] INFO  server.RaftServerConfigKeys (ConfUtils.java:logGet(43)) - raft.server.log.queue.element-limit = 1024 (custom)
2019-11-19 00:30:11,282 [pool-37-thread-1] INFO  server.RaftServerConfigKeys (ConfUtils.java:logGet(43)) - raft.server.log.queue.element-limit = 1024 (custom)
2019-11-19 00:30:11,283 [pool-27-thread-1] INFO  server.RaftServerConfigKeys (ConfUtils.java:logGet(43)) - raft.server.log.segment.size.max = 1048576 (custom)
2019-11-19 00:30:11,283 [pool-37-thread-1] INFO  server.RaftServerConfigKeys (ConfUtils.java:logGet(43)) - raft.server.log.segment.size.max = 1048576 (custom)
2019-11-19 00:30:11,284 [pool-27-thread-1] INFO  server.RaftServerConfigKeys (ConfUtils.java:logGet(43)) - raft.server.log.preallocated.size = 16384 (custom)
2019-11-19 00:30:11,284 [pool-37-thread-1] INFO  server.RaftServerConfigKeys (ConfUtils.java:logGet(43)) - raft.server.log.preallocated.size = 16384 (custom)
2019-11-19 00:30:11,284 [pool-27-thread-1] INFO  server.RaftServerConfigKeys (ConfUtils.java:logGet(43)) - raft.server.log.write.buffer.size = 33554432 (custom)
2019-11-19 00:30:11,284 [pool-37-thread-1] INFO  server.RaftServerConfigKeys (ConfUtils.java:logGet(43)) - raft.server.log.write.buffer.size = 33554432 (custom)
2019-11-19 00:30:11,285 [pool-27-thread-1] INFO  server.RaftServerConfigKeys (ConfUtils.java:logGet(43)) - raft.server.log.force.sync.num = 128 (default)
2019-11-19 00:30:11,285 [pool-37-thread-1] INFO  server.RaftServerConfigKeys (ConfUtils.java:logGet(43)) - raft.server.log.force.sync.num = 128 (default)
2019-11-19 00:30:11,285 [pool-47-thread-1] INFO  storage.RaftStorageDirectory (RaftStorageDirectory.java:tryLock(328)) - Lock on /workdir/hadoop-ozone/integration-test/target/test-dir/MiniOzoneClusterImpl-c8053201-d7cc-49ef-bed9-2d8ab9a084ae/datanode-2/data/ratis/6d41e445-0b7d-471b-9fd5-e86784d71b62/in_use.lock acquired by nodename 7736@pr-hdds-2241-master-j9rj8-2432081592
2019-11-19 00:30:11,287 [pool-27-thread-1] INFO  server.RaftServerConfigKeys (ConfUtils.java:logGet(43)) - raft.server.log.statemachine.data.sync = true (default)
2019-11-19 00:30:11,287 [pool-37-thread-1] INFO  server.RaftServerConfigKeys (ConfUtils.java:logGet(43)) - raft.server.log.statemachine.data.sync = true (default)
2019-11-19 00:30:11,288 [pool-27-thread-1] INFO  server.RaftServerConfigKeys (ConfUtils.java:logGet(43)) - raft.server.log.statemachine.data.sync.timeout = 10s (default)
2019-11-19 00:30:11,288 [pool-37-thread-1] INFO  server.RaftServerConfigKeys (ConfUtils.java:logGet(43)) - raft.server.log.statemachine.data.sync.timeout = 10s (default)
2019-11-19 00:30:11,289 [pool-27-thread-1] INFO  server.RaftServerConfigKeys (ConfUtils.java:logGet(43)) - raft.server.log.statemachine.data.sync.timeout.retry = -1 (default)
2019-11-19 00:30:11,289 [pool-37-thread-1] INFO  server.RaftServerConfigKeys (ConfUtils.java:logGet(43)) - raft.server.log.statemachine.data.sync.timeout.retry = -1 (default)
2019-11-19 00:30:11,305 [pool-27-thread-1] INFO  server.RaftServerConfigKeys (ConfUtils.java:logGet(43)) - raft.server.log.statemachine.data.caching.enabled = true (custom)
2019-11-19 00:30:11,305 [pool-37-thread-1] INFO  server.RaftServerConfigKeys (ConfUtils.java:logGet(43)) - raft.server.log.statemachine.data.caching.enabled = true (custom)
2019-11-19 00:30:11,315 [pool-27-thread-1] INFO  segmented.SegmentedRaftLogWorker (SegmentedRaftLogWorker.java:lambda$new$0(128)) - b62d9bbd-33a7-4ff2-9267-05f4bdb343db@group-947766DA1A06-SegmentedRaftLogWorker: flushIndex: setUnconditionally 0 -> -1
2019-11-19 00:30:11,315 [pool-37-thread-1] INFO  segmented.SegmentedRaftLogWorker (SegmentedRaftLogWorker.java:lambda$new$0(128)) - 76071035-5b23-4d03-97dd-5cf06d69b972@group-F4E58E340C67-SegmentedRaftLogWorker: flushIndex: setUnconditionally 0 -> -1
2019-11-19 00:30:11,320 [pool-27-thread-1] INFO  server.RaftServerConfigKeys (ConfUtils.java:logGet(43)) - raft.server.snapshot.auto.trigger.enabled = true (custom)
2019-11-19 00:30:11,320 [pool-37-thread-1] INFO  server.RaftServerConfigKeys (ConfUtils.java:logGet(43)) - raft.server.snapshot.auto.trigger.enabled = true (custom)
2019-11-19 00:30:11,321 [pool-27-thread-1] INFO  server.RaftServerConfigKeys (ConfUtils.java:logGet(43)) - raft.server.snapshot.auto.trigger.threshold = 10000 (custom)
2019-11-19 00:30:11,322 [pool-37-thread-1] INFO  server.RaftServerConfigKeys (ConfUtils.java:logGet(43)) - raft.server.snapshot.auto.trigger.threshold = 10000 (custom)
2019-11-19 00:30:11,322 [pool-27-thread-1] INFO  server.RaftServerConfigKeys (ConfUtils.java:logGet(43)) - raft.server.snapshot.retention.file.num = 5 (custom)
2019-11-19 00:30:11,322 [pool-37-thread-1] INFO  server.RaftServerConfigKeys (ConfUtils.java:logGet(43)) - raft.server.snapshot.retention.file.num = 5 (custom)
2019-11-19 00:30:11,323 [pool-27-thread-1] INFO  server.RaftServerConfigKeys (ConfUtils.java:logGet(43)) - raft.server.retrycache.expirytime = 600000ms (custom)
2019-11-19 00:30:11,323 [pool-37-thread-1] INFO  server.RaftServerConfigKeys (ConfUtils.java:logGet(43)) - raft.server.retrycache.expirytime = 600000ms (custom)
2019-11-19 00:30:11,330 [pool-47-thread-1] INFO  storage.RaftStorage (RaftStorage.java:format(84)) - Storage directory /workdir/hadoop-ozone/integration-test/target/test-dir/MiniOzoneClusterImpl-c8053201-d7cc-49ef-bed9-2d8ab9a084ae/datanode-2/data/ratis/6d41e445-0b7d-471b-9fd5-e86784d71b62 has been successfully formatted.
2019-11-19 00:30:11,330 [pool-47-thread-1] INFO  ratis.ContainerStateMachine (ContainerStateMachine.java:loadSnapshot(223)) - group-E86784D71B62: The snapshot info is null. Setting the last applied indexto:(t:0, i:~)
2019-11-19 00:30:11,331 [pool-47-thread-1] INFO  server.RaftServerConfigKeys (ConfUtils.java:logGet(43)) - raft.server.notification.no-leader.timeout = 120s (custom)
2019-11-19 00:30:11,331 [pool-47-thread-1] INFO  server.RaftServerConfigKeys (ConfUtils.java:logGet(43)) - raft.server.log.use.memory = false (default)
2019-11-19 00:30:11,331 [pool-47-thread-1] INFO  server.RaftServerConfigKeys (ConfUtils.java:logGet(43)) - raft.server.log.purge.gap = 1000000 (custom)
2019-11-19 00:30:11,331 [pool-47-thread-1] INFO  server.RaftServerConfigKeys (ConfUtils.java:logGet(43)) - raft.server.log.appender.buffer.byte-limit = 33554432 (custom)
2019-11-19 00:30:11,331 [pool-47-thread-1] INFO  server.RaftServerConfigKeys (ConfUtils.java:logGet(43)) - raft.server.log.segment.size.max = 1048576 (custom)
2019-11-19 00:30:11,332 [pool-47-thread-1] WARN  impl.MetricRegistriesImpl (MetricRegistriesImpl.java:lambda$create$1(61)) - First MetricRegistry has been created without registering reporters. You may need to call MetricRegistries.global().addReportRegistration(...) before.
2019-11-19 00:30:11,332 [pool-47-thread-1] INFO  server.RaftServerConfigKeys (ConfUtils.java:logGet(43)) - raft.server.log.segment.cache.num.max = 2 (custom)
2019-11-19 00:30:11,332 [pool-47-thread-1] INFO  segmented.SegmentedRaftLogWorker (SegmentedRaftLogWorker.java:<init>(173)) - new ccff26cc-50ac-4ffe-b50c-ee69743230ae@group-E86784D71B62-SegmentedRaftLogWorker for RaftStorage:Storage Directory /workdir/hadoop-ozone/integration-test/target/test-dir/MiniOzoneClusterImpl-c8053201-d7cc-49ef-bed9-2d8ab9a084ae/datanode-2/data/ratis/6d41e445-0b7d-471b-9fd5-e86784d71b62
2019-11-19 00:30:11,332 [pool-47-thread-1] INFO  server.RaftServerConfigKeys (ConfUtils.java:logGet(43)) - raft.server.log.queue.byte-limit = 2147483647 (custom)
2019-11-19 00:30:11,333 [pool-47-thread-1] INFO  server.RaftServerConfigKeys (ConfUtils.java:logGet(43)) - raft.server.log.queue.element-limit = 1024 (custom)
2019-11-19 00:30:11,333 [pool-47-thread-1] INFO  server.RaftServerConfigKeys (ConfUtils.java:logGet(43)) - raft.server.log.segment.size.max = 1048576 (custom)
2019-11-19 00:30:11,333 [pool-47-thread-1] INFO  server.RaftServerConfigKeys (ConfUtils.java:logGet(43)) - raft.server.log.preallocated.size = 16384 (custom)
2019-11-19 00:30:11,333 [pool-47-thread-1] INFO  server.RaftServerConfigKeys (ConfUtils.java:logGet(43)) - raft.server.log.write.buffer.size = 33554432 (custom)
2019-11-19 00:30:11,333 [pool-47-thread-1] INFO  server.RaftServerConfigKeys (ConfUtils.java:logGet(43)) - raft.server.log.force.sync.num = 128 (default)
2019-11-19 00:30:11,333 [pool-47-thread-1] INFO  server.RaftServerConfigKeys (ConfUtils.java:logGet(43)) - raft.server.log.statemachine.data.sync = true (default)
2019-11-19 00:30:11,334 [pool-47-thread-1] INFO  server.RaftServerConfigKeys (ConfUtils.java:logGet(43)) - raft.server.log.statemachine.data.sync.timeout = 10s (default)
2019-11-19 00:30:11,334 [pool-47-thread-1] INFO  server.RaftServerConfigKeys (ConfUtils.java:logGet(43)) - raft.server.log.statemachine.data.sync.timeout.retry = -1 (default)
2019-11-19 00:30:11,334 [pool-47-thread-1] INFO  server.RaftServerConfigKeys (ConfUtils.java:logGet(43)) - raft.server.log.statemachine.data.caching.enabled = true (custom)
2019-11-19 00:30:11,335 [pool-47-thread-1] INFO  segmented.SegmentedRaftLogWorker (SegmentedRaftLogWorker.java:lambda$new$0(128)) - ccff26cc-50ac-4ffe-b50c-ee69743230ae@group-E86784D71B62-SegmentedRaftLogWorker: flushIndex: setUnconditionally 0 -> -1
2019-11-19 00:30:11,335 [pool-47-thread-1] INFO  server.RaftServerConfigKeys (ConfUtils.java:logGet(43)) - raft.server.snapshot.auto.trigger.enabled = true (custom)
2019-11-19 00:30:11,335 [pool-47-thread-1] INFO  server.RaftServerConfigKeys (ConfUtils.java:logGet(43)) - raft.server.snapshot.auto.trigger.threshold = 10000 (custom)
2019-11-19 00:30:11,336 [pool-47-thread-1] INFO  server.RaftServerConfigKeys (ConfUtils.java:logGet(43)) - raft.server.snapshot.retention.file.num = 5 (custom)
2019-11-19 00:30:11,336 [pool-47-thread-1] INFO  server.RaftServerConfigKeys (ConfUtils.java:logGet(43)) - raft.server.retrycache.expirytime = 600000ms (custom)
2019-11-19 00:30:11,346 [pool-27-thread-1] WARN  impl.MetricRegistriesImpl (MetricRegistriesImpl.java:lambda$create$1(61)) - First MetricRegistry has been created without registering reporters. You may need to call MetricRegistries.global().addReportRegistration(...) before.
2019-11-19 00:30:11,346 [pool-37-thread-1] WARN  impl.MetricRegistriesImpl (MetricRegistriesImpl.java:lambda$create$1(61)) - First MetricRegistry has been created without registering reporters. You may need to call MetricRegistries.global().addReportRegistration(...) before.
2019-11-19 00:30:11,346 [pool-47-thread-1] WARN  impl.MetricRegistriesImpl (MetricRegistriesImpl.java:lambda$create$1(61)) - First MetricRegistry has been created without registering reporters. You may need to call MetricRegistries.global().addReportRegistration(...) before.
2019-11-19 00:30:11,348 [pool-27-thread-1] WARN  impl.MetricRegistriesImpl (MetricRegistriesImpl.java:lambda$create$1(61)) - First MetricRegistry has been created without registering reporters. You may need to call MetricRegistries.global().addReportRegistration(...) before.
2019-11-19 00:30:11,348 [pool-47-thread-1] WARN  impl.MetricRegistriesImpl (MetricRegistriesImpl.java:lambda$create$1(61)) - First MetricRegistry has been created without registering reporters. You may need to call MetricRegistries.global().addReportRegistration(...) before.
2019-11-19 00:30:11,348 [pool-37-thread-1] WARN  impl.MetricRegistriesImpl (MetricRegistriesImpl.java:lambda$create$1(61)) - First MetricRegistry has been created without registering reporters. You may need to call MetricRegistries.global().addReportRegistration(...) before.
2019-11-19 00:30:11,350 [pool-27-thread-1] INFO  impl.RaftServerImpl (RaftServerImpl.java:start(184)) - b62d9bbd-33a7-4ff2-9267-05f4bdb343db@group-947766DA1A06: start as a follower, conf=-1: [b62d9bbd-33a7-4ff2-9267-05f4bdb343db:192.168.157.213:35065], old=null
2019-11-19 00:30:11,350 [pool-47-thread-1] INFO  impl.RaftServerImpl (RaftServerImpl.java:start(184)) - ccff26cc-50ac-4ffe-b50c-ee69743230ae@group-E86784D71B62: start as a follower, conf=-1: [ccff26cc-50ac-4ffe-b50c-ee69743230ae:192.168.157.213:34305], old=null
2019-11-19 00:30:11,350 [pool-37-thread-1] INFO  impl.RaftServerImpl (RaftServerImpl.java:start(184)) - 76071035-5b23-4d03-97dd-5cf06d69b972@group-F4E58E340C67: start as a follower, conf=-1: [76071035-5b23-4d03-97dd-5cf06d69b972:192.168.157.213:46404], old=null
2019-11-19 00:30:11,351 [pool-27-thread-1] INFO  impl.RaftServerImpl (RaftServerImpl.java:setRole(173)) - b62d9bbd-33a7-4ff2-9267-05f4bdb343db@group-947766DA1A06: changes role from      null to FOLLOWER at term 0 for startAsFollower
2019-11-19 00:30:11,351 [pool-47-thread-1] INFO  impl.RaftServerImpl (RaftServerImpl.java:setRole(173)) - ccff26cc-50ac-4ffe-b50c-ee69743230ae@group-E86784D71B62: changes role from      null to FOLLOWER at term 0 for startAsFollower
2019-11-19 00:30:11,351 [pool-37-thread-1] INFO  impl.RaftServerImpl (RaftServerImpl.java:setRole(173)) - 76071035-5b23-4d03-97dd-5cf06d69b972@group-F4E58E340C67: changes role from      null to FOLLOWER at term 0 for startAsFollower
2019-11-19 00:30:11,353 [pool-27-thread-1] INFO  impl.RoleInfo (RoleInfo.java:updateAndGet(143)) - b62d9bbd-33a7-4ff2-9267-05f4bdb343db: start FollowerState
2019-11-19 00:30:11,353 [pool-47-thread-1] INFO  impl.RoleInfo (RoleInfo.java:updateAndGet(143)) - ccff26cc-50ac-4ffe-b50c-ee69743230ae: start FollowerState
2019-11-19 00:30:11,353 [pool-37-thread-1] INFO  impl.RoleInfo (RoleInfo.java:updateAndGet(143)) - 76071035-5b23-4d03-97dd-5cf06d69b972: start FollowerState
2019-11-19 00:30:11,356 [pool-27-thread-1] INFO  util.JmxRegister (JmxRegister.java:tryRegister(44)) - Successfully registered JMX Bean with object name Ratis:service=RaftServer,group=group-947766DA1A06,id=b62d9bbd-33a7-4ff2-9267-05f4bdb343db
2019-11-19 00:30:11,356 [pool-47-thread-1] INFO  util.JmxRegister (JmxRegister.java:tryRegister(44)) - Successfully registered JMX Bean with object name Ratis:service=RaftServer,group=group-E86784D71B62,id=ccff26cc-50ac-4ffe-b50c-ee69743230ae
2019-11-19 00:30:11,356 [pool-37-thread-1] INFO  util.JmxRegister (JmxRegister.java:tryRegister(44)) - Successfully registered JMX Bean with object name Ratis:service=RaftServer,group=group-F4E58E340C67,id=76071035-5b23-4d03-97dd-5cf06d69b972
2019-11-19 00:30:11,360 [pool-27-thread-1] WARN  impl.MetricRegistriesImpl (MetricRegistriesImpl.java:lambda$create$1(61)) - First MetricRegistry has been created without registering reporters. You may need to call MetricRegistries.global().addReportRegistration(...) before.
2019-11-19 00:30:11,360 [pool-47-thread-1] WARN  impl.MetricRegistriesImpl (MetricRegistriesImpl.java:lambda$create$1(61)) - First MetricRegistry has been created without registering reporters. You may need to call MetricRegistries.global().addReportRegistration(...) before.
2019-11-19 00:30:11,360 [pool-37-thread-1] WARN  impl.MetricRegistriesImpl (MetricRegistriesImpl.java:lambda$create$1(61)) - First MetricRegistry has been created without registering reporters. You may need to call MetricRegistries.global().addReportRegistration(...) before.
2019-11-19 00:30:11,373 [Command processor thread] INFO  commandhandler.CreatePipelineCommandHandler (CreatePipelineCommandHandler.java:handle(86)) - Create Pipeline RATIS ONE #id: "437c666c-93d1-4f9a-991c-947766da1a06"
 command succeed on datanode b62d9bbd-33a7-4ff2-9267-05f4bdb343db.
2019-11-19 00:30:11,373 [Command processor thread] INFO  commandhandler.CreatePipelineCommandHandler (CreatePipelineCommandHandler.java:handle(86)) - Create Pipeline RATIS ONE #id: "e833e4db-4358-4a1d-b64c-f4e58e340c67"
 command succeed on datanode 76071035-5b23-4d03-97dd-5cf06d69b972.
2019-11-19 00:30:11,373 [Command processor thread] INFO  commandhandler.CreatePipelineCommandHandler (CreatePipelineCommandHandler.java:handle(86)) - Create Pipeline RATIS ONE #id: "6d41e445-0b7d-471b-9fd5-e86784d71b62"
 command succeed on datanode ccff26cc-50ac-4ffe-b50c-ee69743230ae.
2019-11-19 00:30:11,380 [Command processor thread] INFO  impl.RaftServerProxy (RaftServerProxy.java:addNew(89)) - b62d9bbd-33a7-4ff2-9267-05f4bdb343db: addNew group-DEBD2D1C26FD:[b62d9bbd-33a7-4ff2-9267-05f4bdb343db:192.168.157.213:35065, 76071035-5b23-4d03-97dd-5cf06d69b972:192.168.157.213:46404, ccff26cc-50ac-4ffe-b50c-ee69743230ae:192.168.157.213:34305] returns group-DEBD2D1C26FD:java.util.concurrent.CompletableFuture@170cd017[Not completed]
2019-11-19 00:30:11,380 [Command processor thread] INFO  impl.RaftServerProxy (RaftServerProxy.java:addNew(89)) - 76071035-5b23-4d03-97dd-5cf06d69b972: addNew group-DEBD2D1C26FD:[b62d9bbd-33a7-4ff2-9267-05f4bdb343db:192.168.157.213:35065, 76071035-5b23-4d03-97dd-5cf06d69b972:192.168.157.213:46404, ccff26cc-50ac-4ffe-b50c-ee69743230ae:192.168.157.213:34305] returns group-DEBD2D1C26FD:java.util.concurrent.CompletableFuture@ce98d44[Not completed]
2019-11-19 00:30:11,380 [Command processor thread] INFO  impl.RaftServerProxy (RaftServerProxy.java:addNew(89)) - ccff26cc-50ac-4ffe-b50c-ee69743230ae: addNew group-DEBD2D1C26FD:[b62d9bbd-33a7-4ff2-9267-05f4bdb343db:192.168.157.213:35065, 76071035-5b23-4d03-97dd-5cf06d69b972:192.168.157.213:46404, ccff26cc-50ac-4ffe-b50c-ee69743230ae:192.168.157.213:34305] returns group-DEBD2D1C26FD:java.util.concurrent.CompletableFuture@238141ed[Not completed]
2019-11-19 00:30:11,381 [EventQueue-PipelineReportForPipelineReportHandler] INFO  pipeline.PipelineReportHandler (PipelineReportHandler.java:processPipelineReport(113)) - Pipeline ONE PipelineID=e833e4db-4358-4a1d-b64c-f4e58e340c67 reported by 76071035-5b23-4d03-97dd-5cf06d69b972{ip: 192.168.157.213, host: pr-hdds-2241-master-j9rj8-2432081592, networkLocation: /default-rack, certSerialId: null}
2019-11-19 00:30:11,381 [EventQueue-PipelineReportForPipelineReportHandler] INFO  pipeline.PipelineStateManager (PipelineStateManager.java:openPipeline(132)) - Pipeline Pipeline[ Id: e833e4db-4358-4a1d-b64c-f4e58e340c67, Nodes: 76071035-5b23-4d03-97dd-5cf06d69b972{ip: 192.168.157.213, host: pr-hdds-2241-master-j9rj8-2432081592, networkLocation: /default-rack, certSerialId: null}, Type:RATIS, Factor:ONE, State:ALLOCATED] moved to OPEN state
2019-11-19 00:30:11,381 [pool-27-thread-1] INFO  impl.RaftServerImpl (RaftServerImpl.java:<init>(98)) - b62d9bbd-33a7-4ff2-9267-05f4bdb343db: new RaftServerImpl for group-DEBD2D1C26FD:[b62d9bbd-33a7-4ff2-9267-05f4bdb343db:192.168.157.213:35065, 76071035-5b23-4d03-97dd-5cf06d69b972:192.168.157.213:46404, ccff26cc-50ac-4ffe-b50c-ee69743230ae:192.168.157.213:34305] with ContainerStateMachine:uninitialized
2019-11-19 00:30:11,382 [pool-27-thread-1] INFO  server.RaftServerConfigKeys (ConfUtils.java:logGet(43)) - raft.server.rpc.timeout.min = 5s (custom)
2019-11-19 00:30:11,382 [pool-27-thread-1] INFO  server.RaftServerConfigKeys (ConfUtils.java:logGet(43)) - raft.server.rpc.timeout.max = 5200ms (custom)
2019-11-19 00:30:11,382 [pool-27-thread-1] INFO  server.RaftServerConfigKeys (ConfUtils.java:logGet(43)) - raft.server.rpcslowness.timeout = 120s (custom)
2019-11-19 00:30:11,382 [pool-27-thread-1] INFO  server.RaftServerConfigKeys (ConfUtils.java:logGet(43)) - raft.server.sleep.deviation.threshold = 300 (default)
2019-11-19 00:30:11,382 [pool-27-thread-1] INFO  server.RaftServerConfigKeys (ConfUtils.java:logGet(43)) - raft.server.log.appender.install.snapshot.enabled = false (custom)
2019-11-19 00:30:11,382 [pool-27-thread-1] INFO  impl.RaftServerImpl (ServerState.java:<init>(103)) - b62d9bbd-33a7-4ff2-9267-05f4bdb343db@group-DEBD2D1C26FD: ConfigurationManager, init=-1: [b62d9bbd-33a7-4ff2-9267-05f4bdb343db:192.168.157.213:35065, 76071035-5b23-4d03-97dd-5cf06d69b972:192.168.157.213:46404, ccff26cc-50ac-4ffe-b50c-ee69743230ae:192.168.157.213:34305], old=null, confs=<EMPTY_MAP>
2019-11-19 00:30:11,383 [pool-27-thread-1] INFO  server.RaftServerConfigKeys (ConfUtils.java:logGet(43)) - raft.server.storage.dir = [/workdir/hadoop-ozone/integration-test/target/test-dir/MiniOzoneClusterImpl-c8053201-d7cc-49ef-bed9-2d8ab9a084ae/datanode-0/data/ratis] (custom)
2019-11-19 00:30:11,383 [pool-27-thread-1] INFO  server.RaftServerConfigKeys (ConfUtils.java:logGet(43)) - raft.server.log.corruption.policy = EXCEPTION (default)
2019-11-19 00:30:11,384 [pool-27-thread-1] INFO  storage.RaftStorageDirectory (RaftStorageDirectory.java:analyzeStorage(246)) - The storage directory /workdir/hadoop-ozone/integration-test/target/test-dir/MiniOzoneClusterImpl-c8053201-d7cc-49ef-bed9-2d8ab9a084ae/datanode-0/data/ratis/1af9df6d-ab64-4e1a-a5ac-debd2d1c26fd does not exist. Creating ...
2019-11-19 00:30:11,384 [pool-37-thread-1] INFO  impl.RaftServerImpl (RaftServerImpl.java:<init>(98)) - 76071035-5b23-4d03-97dd-5cf06d69b972: new RaftServerImpl for group-DEBD2D1C26FD:[b62d9bbd-33a7-4ff2-9267-05f4bdb343db:192.168.157.213:35065, 76071035-5b23-4d03-97dd-5cf06d69b972:192.168.157.213:46404, ccff26cc-50ac-4ffe-b50c-ee69743230ae:192.168.157.213:34305] with ContainerStateMachine:uninitialized
2019-11-19 00:30:11,384 [EventQueue-OpenPipelineForOneReplicaPipelineSafeModeRule] INFO  safemode.SCMSafeModeManager (SCMSafeModeManager.java:validateSafeModeExitRules(176)) - AtleastOneDatanodeReportedRule rule is successfully validated
2019-11-19 00:30:11,384 [EventQueue-PipelineReportForPipelineReportHandler] INFO  pipeline.PipelineReportHandler (PipelineReportHandler.java:processPipelineReport(113)) - Pipeline ONE PipelineID=6d41e445-0b7d-471b-9fd5-e86784d71b62 reported by ccff26cc-50ac-4ffe-b50c-ee69743230ae{ip: 192.168.157.213, host: pr-hdds-2241-master-j9rj8-2432081592, networkLocation: /default-rack, certSerialId: null}
2019-11-19 00:30:11,384 [pool-37-thread-1] INFO  server.RaftServerConfigKeys (ConfUtils.java:logGet(43)) - raft.server.rpc.timeout.min = 5s (custom)
2019-11-19 00:30:11,385 [EventQueue-PipelineReportForPipelineReportHandler] INFO  pipeline.PipelineStateManager (PipelineStateManager.java:openPipeline(132)) - Pipeline Pipeline[ Id: 6d41e445-0b7d-471b-9fd5-e86784d71b62, Nodes: ccff26cc-50ac-4ffe-b50c-ee69743230ae{ip: 192.168.157.213, host: pr-hdds-2241-master-j9rj8-2432081592, networkLocation: /default-rack, certSerialId: null}, Type:RATIS, Factor:ONE, State:ALLOCATED] moved to OPEN state
2019-11-19 00:30:11,384 [EventQueue-OpenPipelineForHealthyPipelineSafeModeRule] INFO  safemode.SCMSafeModeManager (HealthyPipelineSafeModeRule.java:process(132)) - SCM in safe mode. Healthy pipelines reported count is 0, required healthy pipeline reported count is 1
2019-11-19 00:30:11,385 [pool-47-thread-1] INFO  impl.RaftServerImpl (RaftServerImpl.java:<init>(98)) - ccff26cc-50ac-4ffe-b50c-ee69743230ae: new RaftServerImpl for group-DEBD2D1C26FD:[b62d9bbd-33a7-4ff2-9267-05f4bdb343db:192.168.157.213:35065, 76071035-5b23-4d03-97dd-5cf06d69b972:192.168.157.213:46404, ccff26cc-50ac-4ffe-b50c-ee69743230ae:192.168.157.213:34305] with ContainerStateMachine:uninitialized
2019-11-19 00:30:11,385 [EventQueue-OpenPipelineForOneReplicaPipelineSafeModeRule] INFO  safemode.SCMSafeModeManager (SCMSafeModeManager.java:validateSafeModeExitRules(176)) - AtleastOneDatanodeReportedRule rule is successfully validated
2019-11-19 00:30:11,385 [pool-37-thread-1] INFO  server.RaftServerConfigKeys (ConfUtils.java:logGet(43)) - raft.server.rpc.timeout.max = 5200ms (custom)
2019-11-19 00:30:11,385 [pool-47-thread-1] INFO  server.RaftServerConfigKeys (ConfUtils.java:logGet(43)) - raft.server.rpc.timeout.min = 5s (custom)
2019-11-19 00:30:11,385 [EventQueue-OpenPipelineForHealthyPipelineSafeModeRule] INFO  safemode.SCMSafeModeManager (HealthyPipelineSafeModeRule.java:process(132)) - SCM in safe mode. Healthy pipelines reported count is 0, required healthy pipeline reported count is 1
2019-11-19 00:30:11,385 [EventQueue-PipelineReportForPipelineReportHandler] INFO  pipeline.PipelineReportHandler (PipelineReportHandler.java:processPipelineReport(113)) - Pipeline ONE PipelineID=437c666c-93d1-4f9a-991c-947766da1a06 reported by b62d9bbd-33a7-4ff2-9267-05f4bdb343db{ip: 192.168.157.213, host: pr-hdds-2241-master-j9rj8-2432081592, networkLocation: /default-rack, certSerialId: null}
2019-11-19 00:30:11,385 [pool-47-thread-1] INFO  server.RaftServerConfigKeys (ConfUtils.java:logGet(43)) - raft.server.rpc.timeout.max = 5200ms (custom)
2019-11-19 00:30:11,385 [pool-37-thread-1] INFO  server.RaftServerConfigKeys (ConfUtils.java:logGet(43)) - raft.server.rpcslowness.timeout = 120s (custom)
2019-11-19 00:30:11,386 [pool-47-thread-1] INFO  server.RaftServerConfigKeys (ConfUtils.java:logGet(43)) - raft.server.rpcslowness.timeout = 120s (custom)
2019-11-19 00:30:11,386 [EventQueue-PipelineReportForPipelineReportHandler] INFO  pipeline.PipelineStateManager (PipelineStateManager.java:openPipeline(132)) - Pipeline Pipeline[ Id: 437c666c-93d1-4f9a-991c-947766da1a06, Nodes: b62d9bbd-33a7-4ff2-9267-05f4bdb343db{ip: 192.168.157.213, host: pr-hdds-2241-master-j9rj8-2432081592, networkLocation: /default-rack, certSerialId: null}, Type:RATIS, Factor:ONE, State:ALLOCATED] moved to OPEN state
2019-11-19 00:30:11,386 [pool-47-thread-1] INFO  server.RaftServerConfigKeys (ConfUtils.java:logGet(43)) - raft.server.sleep.deviation.threshold = 300 (default)
2019-11-19 00:30:11,386 [pool-37-thread-1] INFO  server.RaftServerConfigKeys (ConfUtils.java:logGet(43)) - raft.server.sleep.deviation.threshold = 300 (default)
2019-11-19 00:30:11,386 [EventQueue-OpenPipelineForHealthyPipelineSafeModeRule] INFO  safemode.SCMSafeModeManager (HealthyPipelineSafeModeRule.java:process(132)) - SCM in safe mode. Healthy pipelines reported count is 0, required healthy pipeline reported count is 1
2019-11-19 00:30:11,386 [pool-47-thread-1] INFO  server.RaftServerConfigKeys (ConfUtils.java:logGet(43)) - raft.server.log.appender.install.snapshot.enabled = false (custom)
2019-11-19 00:30:11,386 [EventQueue-OpenPipelineForOneReplicaPipelineSafeModeRule] INFO  safemode.SCMSafeModeManager (SCMSafeModeManager.java:validateSafeModeExitRules(176)) - AtleastOneDatanodeReportedRule rule is successfully validated
2019-11-19 00:30:11,387 [pool-47-thread-1] INFO  impl.RaftServerImpl (ServerState.java:<init>(103)) - ccff26cc-50ac-4ffe-b50c-ee69743230ae@group-DEBD2D1C26FD: ConfigurationManager, init=-1: [b62d9bbd-33a7-4ff2-9267-05f4bdb343db:192.168.157.213:35065, 76071035-5b23-4d03-97dd-5cf06d69b972:192.168.157.213:46404, ccff26cc-50ac-4ffe-b50c-ee69743230ae:192.168.157.213:34305], old=null, confs=<EMPTY_MAP>
2019-11-19 00:30:11,386 [pool-37-thread-1] INFO  server.RaftServerConfigKeys (ConfUtils.java:logGet(43)) - raft.server.log.appender.install.snapshot.enabled = false (custom)
2019-11-19 00:30:11,387 [pool-47-thread-1] INFO  server.RaftServerConfigKeys (ConfUtils.java:logGet(43)) - raft.server.storage.dir = [/workdir/hadoop-ozone/integration-test/target/test-dir/MiniOzoneClusterImpl-c8053201-d7cc-49ef-bed9-2d8ab9a084ae/datanode-2/data/ratis] (custom)
2019-11-19 00:30:11,387 [pool-37-thread-1] INFO  impl.RaftServerImpl (ServerState.java:<init>(103)) - 76071035-5b23-4d03-97dd-5cf06d69b972@group-DEBD2D1C26FD: ConfigurationManager, init=-1: [b62d9bbd-33a7-4ff2-9267-05f4bdb343db:192.168.157.213:35065, 76071035-5b23-4d03-97dd-5cf06d69b972:192.168.157.213:46404, ccff26cc-50ac-4ffe-b50c-ee69743230ae:192.168.157.213:34305], old=null, confs=<EMPTY_MAP>
2019-11-19 00:30:11,387 [pool-47-thread-1] INFO  server.RaftServerConfigKeys (ConfUtils.java:logGet(43)) - raft.server.log.corruption.policy = EXCEPTION (default)
2019-11-19 00:30:11,387 [pool-37-thread-1] INFO  server.RaftServerConfigKeys (ConfUtils.java:logGet(43)) - raft.server.storage.dir = [/workdir/hadoop-ozone/integration-test/target/test-dir/MiniOzoneClusterImpl-c8053201-d7cc-49ef-bed9-2d8ab9a084ae/datanode-1/data/ratis] (custom)
2019-11-19 00:30:11,388 [pool-47-thread-1] INFO  storage.RaftStorageDirectory (RaftStorageDirectory.java:analyzeStorage(246)) - The storage directory /workdir/hadoop-ozone/integration-test/target/test-dir/MiniOzoneClusterImpl-c8053201-d7cc-49ef-bed9-2d8ab9a084ae/datanode-2/data/ratis/1af9df6d-ab64-4e1a-a5ac-debd2d1c26fd does not exist. Creating ...
2019-11-19 00:30:11,388 [pool-37-thread-1] INFO  server.RaftServerConfigKeys (ConfUtils.java:logGet(43)) - raft.server.log.corruption.policy = EXCEPTION (default)
2019-11-19 00:30:11,388 [pool-37-thread-1] INFO  storage.RaftStorageDirectory (RaftStorageDirectory.java:analyzeStorage(246)) - The storage directory /workdir/hadoop-ozone/integration-test/target/test-dir/MiniOzoneClusterImpl-c8053201-d7cc-49ef-bed9-2d8ab9a084ae/datanode-1/data/ratis/1af9df6d-ab64-4e1a-a5ac-debd2d1c26fd does not exist. Creating ...
2019-11-19 00:30:11,413 [pool-47-thread-1] INFO  storage.RaftStorageDirectory (RaftStorageDirectory.java:tryLock(328)) - Lock on /workdir/hadoop-ozone/integration-test/target/test-dir/MiniOzoneClusterImpl-c8053201-d7cc-49ef-bed9-2d8ab9a084ae/datanode-2/data/ratis/1af9df6d-ab64-4e1a-a5ac-debd2d1c26fd/in_use.lock acquired by nodename 7736@pr-hdds-2241-master-j9rj8-2432081592
2019-11-19 00:30:11,414 [pool-27-thread-1] INFO  storage.RaftStorageDirectory (RaftStorageDirectory.java:tryLock(328)) - Lock on /workdir/hadoop-ozone/integration-test/target/test-dir/MiniOzoneClusterImpl-c8053201-d7cc-49ef-bed9-2d8ab9a084ae/datanode-0/data/ratis/1af9df6d-ab64-4e1a-a5ac-debd2d1c26fd/in_use.lock acquired by nodename 7736@pr-hdds-2241-master-j9rj8-2432081592
2019-11-19 00:30:11,414 [pool-37-thread-1] INFO  storage.RaftStorageDirectory (RaftStorageDirectory.java:tryLock(328)) - Lock on /workdir/hadoop-ozone/integration-test/target/test-dir/MiniOzoneClusterImpl-c8053201-d7cc-49ef-bed9-2d8ab9a084ae/datanode-1/data/ratis/1af9df6d-ab64-4e1a-a5ac-debd2d1c26fd/in_use.lock acquired by nodename 7736@pr-hdds-2241-master-j9rj8-2432081592
2019-11-19 00:30:11,450 [pool-27-thread-1] INFO  storage.RaftStorage (RaftStorage.java:format(84)) - Storage directory /workdir/hadoop-ozone/integration-test/target/test-dir/MiniOzoneClusterImpl-c8053201-d7cc-49ef-bed9-2d8ab9a084ae/datanode-0/data/ratis/1af9df6d-ab64-4e1a-a5ac-debd2d1c26fd has been successfully formatted.
2019-11-19 00:30:11,450 [pool-37-thread-1] INFO  storage.RaftStorage (RaftStorage.java:format(84)) - Storage directory /workdir/hadoop-ozone/integration-test/target/test-dir/MiniOzoneClusterImpl-c8053201-d7cc-49ef-bed9-2d8ab9a084ae/datanode-1/data/ratis/1af9df6d-ab64-4e1a-a5ac-debd2d1c26fd has been successfully formatted.
2019-11-19 00:30:11,450 [pool-27-thread-1] INFO  ratis.ContainerStateMachine (ContainerStateMachine.java:loadSnapshot(223)) - group-DEBD2D1C26FD: The snapshot info is null. Setting the last applied indexto:(t:0, i:~)
2019-11-19 00:30:11,451 [pool-37-thread-1] INFO  ratis.ContainerStateMachine (ContainerStateMachine.java:loadSnapshot(223)) - group-DEBD2D1C26FD: The snapshot info is null. Setting the last applied indexto:(t:0, i:~)
2019-11-19 00:30:11,451 [pool-27-thread-1] INFO  server.RaftServerConfigKeys (ConfUtils.java:logGet(43)) - raft.server.notification.no-leader.timeout = 120s (custom)
2019-11-19 00:30:11,451 [pool-37-thread-1] INFO  server.RaftServerConfigKeys (ConfUtils.java:logGet(43)) - raft.server.notification.no-leader.timeout = 120s (custom)
2019-11-19 00:30:11,451 [pool-27-thread-1] INFO  server.RaftServerConfigKeys (ConfUtils.java:logGet(43)) - raft.server.log.use.memory = false (default)
2019-11-19 00:30:11,451 [pool-37-thread-1] INFO  server.RaftServerConfigKeys (ConfUtils.java:logGet(43)) - raft.server.log.use.memory = false (default)
2019-11-19 00:30:11,451 [pool-27-thread-1] INFO  server.RaftServerConfigKeys (ConfUtils.java:logGet(43)) - raft.server.log.purge.gap = 1000000 (custom)
2019-11-19 00:30:11,451 [pool-37-thread-1] INFO  server.RaftServerConfigKeys (ConfUtils.java:logGet(43)) - raft.server.log.purge.gap = 1000000 (custom)
2019-11-19 00:30:11,452 [pool-27-thread-1] INFO  server.RaftServerConfigKeys (ConfUtils.java:logGet(43)) - raft.server.log.appender.buffer.byte-limit = 33554432 (custom)
2019-11-19 00:30:11,452 [pool-37-thread-1] INFO  server.RaftServerConfigKeys (ConfUtils.java:logGet(43)) - raft.server.log.appender.buffer.byte-limit = 33554432 (custom)
2019-11-19 00:30:11,452 [pool-27-thread-1] INFO  server.RaftServerConfigKeys (ConfUtils.java:logGet(43)) - raft.server.log.segment.size.max = 1048576 (custom)
2019-11-19 00:30:11,452 [pool-37-thread-1] INFO  server.RaftServerConfigKeys (ConfUtils.java:logGet(43)) - raft.server.log.segment.size.max = 1048576 (custom)
2019-11-19 00:30:11,452 [pool-27-thread-1] INFO  server.RaftServerConfigKeys (ConfUtils.java:logGet(43)) - raft.server.log.segment.cache.num.max = 2 (custom)
2019-11-19 00:30:11,452 [pool-37-thread-1] INFO  server.RaftServerConfigKeys (ConfUtils.java:logGet(43)) - raft.server.log.segment.cache.num.max = 2 (custom)
2019-11-19 00:30:11,452 [pool-27-thread-1] INFO  segmented.SegmentedRaftLogWorker (SegmentedRaftLogWorker.java:<init>(173)) - new b62d9bbd-33a7-4ff2-9267-05f4bdb343db@group-DEBD2D1C26FD-SegmentedRaftLogWorker for RaftStorage:Storage Directory /workdir/hadoop-ozone/integration-test/target/test-dir/MiniOzoneClusterImpl-c8053201-d7cc-49ef-bed9-2d8ab9a084ae/datanode-0/data/ratis/1af9df6d-ab64-4e1a-a5ac-debd2d1c26fd
2019-11-19 00:30:11,453 [pool-37-thread-1] INFO  segmented.SegmentedRaftLogWorker (SegmentedRaftLogWorker.java:<init>(173)) - new 76071035-5b23-4d03-97dd-5cf06d69b972@group-DEBD2D1C26FD-SegmentedRaftLogWorker for RaftStorage:Storage Directory /workdir/hadoop-ozone/integration-test/target/test-dir/MiniOzoneClusterImpl-c8053201-d7cc-49ef-bed9-2d8ab9a084ae/datanode-1/data/ratis/1af9df6d-ab64-4e1a-a5ac-debd2d1c26fd
2019-11-19 00:30:11,453 [pool-27-thread-1] INFO  server.RaftServerConfigKeys (ConfUtils.java:logGet(43)) - raft.server.log.queue.byte-limit = 2147483647 (custom)
2019-11-19 00:30:11,453 [pool-37-thread-1] INFO  server.RaftServerConfigKeys (ConfUtils.java:logGet(43)) - raft.server.log.queue.byte-limit = 2147483647 (custom)
2019-11-19 00:30:11,453 [pool-27-thread-1] INFO  server.RaftServerConfigKeys (ConfUtils.java:logGet(43)) - raft.server.log.queue.element-limit = 1024 (custom)
2019-11-19 00:30:11,453 [pool-37-thread-1] INFO  server.RaftServerConfigKeys (ConfUtils.java:logGet(43)) - raft.server.log.queue.element-limit = 1024 (custom)
2019-11-19 00:30:11,453 [pool-47-thread-1] INFO  storage.RaftStorage (RaftStorage.java:format(84)) - Storage directory /workdir/hadoop-ozone/integration-test/target/test-dir/MiniOzoneClusterImpl-c8053201-d7cc-49ef-bed9-2d8ab9a084ae/datanode-2/data/ratis/1af9df6d-ab64-4e1a-a5ac-debd2d1c26fd has been successfully formatted.
2019-11-19 00:30:11,453 [pool-27-thread-1] INFO  server.RaftServerConfigKeys (ConfUtils.java:logGet(43)) - raft.server.log.segment.size.max = 1048576 (custom)
2019-11-19 00:30:11,453 [pool-37-thread-1] INFO  server.RaftServerConfigKeys (ConfUtils.java:logGet(43)) - raft.server.log.segment.size.max = 1048576 (custom)
2019-11-19 00:30:11,454 [pool-27-thread-1] INFO  server.RaftServerConfigKeys (ConfUtils.java:logGet(43)) - raft.server.log.preallocated.size = 16384 (custom)
2019-11-19 00:30:11,454 [pool-47-thread-1] INFO  ratis.ContainerStateMachine (ContainerStateMachine.java:loadSnapshot(223)) - group-DEBD2D1C26FD: The snapshot info is null. Setting the last applied indexto:(t:0, i:~)
2019-11-19 00:30:11,454 [pool-27-thread-1] INFO  server.RaftServerConfigKeys (ConfUtils.java:logGet(43)) - raft.server.log.write.buffer.size = 33554432 (custom)
2019-11-19 00:30:11,455 [pool-47-thread-1] INFO  server.RaftServerConfigKeys (ConfUtils.java:logGet(43)) - raft.server.notification.no-leader.timeout = 120s (custom)
2019-11-19 00:30:11,454 [pool-37-thread-1] INFO  server.RaftServerConfigKeys (ConfUtils.java:logGet(43)) - raft.server.log.preallocated.size = 16384 (custom)
2019-11-19 00:30:11,455 [pool-47-thread-1] INFO  server.RaftServerConfigKeys (ConfUtils.java:logGet(43)) - raft.server.log.use.memory = false (default)
2019-11-19 00:30:11,455 [pool-27-thread-1] INFO  server.RaftServerConfigKeys (ConfUtils.java:logGet(43)) - raft.server.log.force.sync.num = 128 (default)
2019-11-19 00:30:11,455 [pool-47-thread-1] INFO  server.RaftServerConfigKeys (ConfUtils.java:logGet(43)) - raft.server.log.purge.gap = 1000000 (custom)
2019-11-19 00:30:11,455 [pool-37-thread-1] INFO  server.RaftServerConfigKeys (ConfUtils.java:logGet(43)) - raft.server.log.write.buffer.size = 33554432 (custom)
2019-11-19 00:30:11,455 [pool-47-thread-1] INFO  server.RaftServerConfigKeys (ConfUtils.java:logGet(43)) - raft.server.log.appender.buffer.byte-limit = 33554432 (custom)
2019-11-19 00:30:11,455 [pool-27-thread-1] INFO  server.RaftServerConfigKeys (ConfUtils.java:logGet(43)) - raft.server.log.statemachine.data.sync = true (default)
2019-11-19 00:30:11,456 [pool-47-thread-1] INFO  server.RaftServerConfigKeys (ConfUtils.java:logGet(43)) - raft.server.log.segment.size.max = 1048576 (custom)
2019-11-19 00:30:11,456 [pool-37-thread-1] INFO  server.RaftServerConfigKeys (ConfUtils.java:logGet(43)) - raft.server.log.force.sync.num = 128 (default)
2019-11-19 00:30:11,456 [pool-47-thread-1] INFO  server.RaftServerConfigKeys (ConfUtils.java:logGet(43)) - raft.server.log.segment.cache.num.max = 2 (custom)
2019-11-19 00:30:11,456 [pool-27-thread-1] INFO  server.RaftServerConfigKeys (ConfUtils.java:logGet(43)) - raft.server.log.statemachine.data.sync.timeout = 10s (default)
2019-11-19 00:30:11,456 [pool-47-thread-1] INFO  segmented.SegmentedRaftLogWorker (SegmentedRaftLogWorker.java:<init>(173)) - new ccff26cc-50ac-4ffe-b50c-ee69743230ae@group-DEBD2D1C26FD-SegmentedRaftLogWorker for RaftStorage:Storage Directory /workdir/hadoop-ozone/integration-test/target/test-dir/MiniOzoneClusterImpl-c8053201-d7cc-49ef-bed9-2d8ab9a084ae/datanode-2/data/ratis/1af9df6d-ab64-4e1a-a5ac-debd2d1c26fd
2019-11-19 00:30:11,456 [pool-37-thread-1] INFO  server.RaftServerConfigKeys (ConfUtils.java:logGet(43)) - raft.server.log.statemachine.data.sync = true (default)
2019-11-19 00:30:11,457 [pool-47-thread-1] INFO  server.RaftServerConfigKeys (ConfUtils.java:logGet(43)) - raft.server.log.queue.byte-limit = 2147483647 (custom)
2019-11-19 00:30:11,457 [pool-27-thread-1] INFO  server.RaftServerConfigKeys (ConfUtils.java:logGet(43)) - raft.server.log.statemachine.data.sync.timeout.retry = -1 (default)
2019-11-19 00:30:11,457 [pool-47-thread-1] INFO  server.RaftServerConfigKeys (ConfUtils.java:logGet(43)) - raft.server.log.queue.element-limit = 1024 (custom)
2019-11-19 00:30:11,457 [pool-37-thread-1] INFO  server.RaftServerConfigKeys (ConfUtils.java:logGet(43)) - raft.server.log.statemachine.data.sync.timeout = 10s (default)
2019-11-19 00:30:11,457 [pool-47-thread-1] INFO  server.RaftServerConfigKeys (ConfUtils.java:logGet(43)) - raft.server.log.segment.size.max = 1048576 (custom)
2019-11-19 00:30:11,458 [pool-37-thread-1] INFO  server.RaftServerConfigKeys (ConfUtils.java:logGet(43)) - raft.server.log.statemachine.data.sync.timeout.retry = -1 (default)
2019-11-19 00:30:11,458 [pool-27-thread-1] INFO  server.RaftServerConfigKeys (ConfUtils.java:logGet(43)) - raft.server.log.statemachine.data.caching.enabled = true (custom)
2019-11-19 00:30:11,458 [pool-37-thread-1] INFO  server.RaftServerConfigKeys (ConfUtils.java:logGet(43)) - raft.server.log.statemachine.data.caching.enabled = true (custom)
2019-11-19 00:30:11,458 [pool-47-thread-1] INFO  server.RaftServerConfigKeys (ConfUtils.java:logGet(43)) - raft.server.log.preallocated.size = 16384 (custom)
2019-11-19 00:30:11,459 [pool-47-thread-1] INFO  server.RaftServerConfigKeys (ConfUtils.java:logGet(43)) - raft.server.log.write.buffer.size = 33554432 (custom)
2019-11-19 00:30:11,462 [pool-27-thread-1] INFO  segmented.SegmentedRaftLogWorker (SegmentedRaftLogWorker.java:lambda$new$0(128)) - b62d9bbd-33a7-4ff2-9267-05f4bdb343db@group-DEBD2D1C26FD-SegmentedRaftLogWorker: flushIndex: setUnconditionally 0 -> -1
2019-11-19 00:30:11,463 [pool-37-thread-1] INFO  segmented.SegmentedRaftLogWorker (SegmentedRaftLogWorker.java:lambda$new$0(128)) - 76071035-5b23-4d03-97dd-5cf06d69b972@group-DEBD2D1C26FD-SegmentedRaftLogWorker: flushIndex: setUnconditionally 0 -> -1
2019-11-19 00:30:11,463 [pool-47-thread-1] INFO  server.RaftServerConfigKeys (ConfUtils.java:logGet(43)) - raft.server.log.force.sync.num = 128 (default)
2019-11-19 00:30:11,463 [pool-37-thread-1] INFO  server.RaftServerConfigKeys (ConfUtils.java:logGet(43)) - raft.server.snapshot.auto.trigger.enabled = true (custom)
2019-11-19 00:30:11,463 [pool-27-thread-1] INFO  server.RaftServerConfigKeys (ConfUtils.java:logGet(43)) - raft.server.snapshot.auto.trigger.enabled = true (custom)
2019-11-19 00:30:11,463 [pool-37-thread-1] INFO  server.RaftServerConfigKeys (ConfUtils.java:logGet(43)) - raft.server.snapshot.auto.trigger.threshold = 10000 (custom)
2019-11-19 00:30:11,463 [pool-47-thread-1] INFO  server.RaftServerConfigKeys (ConfUtils.java:logGet(43)) - raft.server.log.statemachine.data.sync = true (default)
2019-11-19 00:30:11,464 [pool-37-thread-1] INFO  server.RaftServerConfigKeys (ConfUtils.java:logGet(43)) - raft.server.snapshot.retention.file.num = 5 (custom)
2019-11-19 00:30:11,464 [pool-27-thread-1] INFO  server.RaftServerConfigKeys (ConfUtils.java:logGet(43)) - raft.server.snapshot.auto.trigger.threshold = 10000 (custom)
2019-11-19 00:30:11,464 [pool-37-thread-1] INFO  server.RaftServerConfigKeys (ConfUtils.java:logGet(43)) - raft.server.retrycache.expirytime = 600000ms (custom)
2019-11-19 00:30:11,464 [pool-47-thread-1] INFO  server.RaftServerConfigKeys (ConfUtils.java:logGet(43)) - raft.server.log.statemachine.data.sync.timeout = 10s (default)
2019-11-19 00:30:11,465 [pool-37-thread-1] WARN  impl.MetricRegistriesImpl (MetricRegistriesImpl.java:lambda$create$1(61)) - First MetricRegistry has been created without registering reporters. You may need to call MetricRegistries.global().addReportRegistration(...) before.
2019-11-19 00:30:11,464 [pool-27-thread-1] INFO  server.RaftServerConfigKeys (ConfUtils.java:logGet(43)) - raft.server.snapshot.retention.file.num = 5 (custom)
2019-11-19 00:30:11,465 [pool-37-thread-1] WARN  impl.MetricRegistriesImpl (MetricRegistriesImpl.java:lambda$create$1(61)) - First MetricRegistry has been created without registering reporters. You may need to call MetricRegistries.global().addReportRegistration(...) before.
2019-11-19 00:30:11,465 [pool-47-thread-1] INFO  server.RaftServerConfigKeys (ConfUtils.java:logGet(43)) - raft.server.log.statemachine.data.sync.timeout.retry = -1 (default)
2019-11-19 00:30:11,465 [pool-37-thread-1] INFO  impl.RaftServerImpl (RaftServerImpl.java:start(184)) - 76071035-5b23-4d03-97dd-5cf06d69b972@group-DEBD2D1C26FD: start as a follower, conf=-1: [b62d9bbd-33a7-4ff2-9267-05f4bdb343db:192.168.157.213:35065, 76071035-5b23-4d03-97dd-5cf06d69b972:192.168.157.213:46404, ccff26cc-50ac-4ffe-b50c-ee69743230ae:192.168.157.213:34305], old=null
2019-11-19 00:30:11,465 [pool-27-thread-1] INFO  server.RaftServerConfigKeys (ConfUtils.java:logGet(43)) - raft.server.retrycache.expirytime = 600000ms (custom)
2019-11-19 00:30:11,466 [pool-37-thread-1] INFO  impl.RaftServerImpl (RaftServerImpl.java:setRole(173)) - 76071035-5b23-4d03-97dd-5cf06d69b972@group-DEBD2D1C26FD: changes role from      null to FOLLOWER at term 0 for startAsFollower
2019-11-19 00:30:11,466 [pool-27-thread-1] WARN  impl.MetricRegistriesImpl (MetricRegistriesImpl.java:lambda$create$1(61)) - First MetricRegistry has been created without registering reporters. You may need to call MetricRegistries.global().addReportRegistration(...) before.
2019-11-19 00:30:11,466 [pool-47-thread-1] INFO  server.RaftServerConfigKeys (ConfUtils.java:logGet(43)) - raft.server.log.statemachine.data.caching.enabled = true (custom)
2019-11-19 00:30:11,466 [pool-27-thread-1] WARN  impl.MetricRegistriesImpl (MetricRegistriesImpl.java:lambda$create$1(61)) - First MetricRegistry has been created without registering reporters. You may need to call MetricRegistries.global().addReportRegistration(...) before.
2019-11-19 00:30:11,466 [pool-37-thread-1] INFO  impl.RoleInfo (RoleInfo.java:updateAndGet(143)) - 76071035-5b23-4d03-97dd-5cf06d69b972: start FollowerState
2019-11-19 00:30:11,467 [pool-47-thread-1] INFO  segmented.SegmentedRaftLogWorker (SegmentedRaftLogWorker.java:lambda$new$0(128)) - ccff26cc-50ac-4ffe-b50c-ee69743230ae@group-DEBD2D1C26FD-SegmentedRaftLogWorker: flushIndex: setUnconditionally 0 -> -1
2019-11-19 00:30:11,467 [pool-27-thread-1] INFO  impl.RaftServerImpl (RaftServerImpl.java:start(184)) - b62d9bbd-33a7-4ff2-9267-05f4bdb343db@group-DEBD2D1C26FD: start as a follower, conf=-1: [b62d9bbd-33a7-4ff2-9267-05f4bdb343db:192.168.157.213:35065, 76071035-5b23-4d03-97dd-5cf06d69b972:192.168.157.213:46404, ccff26cc-50ac-4ffe-b50c-ee69743230ae:192.168.157.213:34305], old=null
2019-11-19 00:30:11,467 [pool-27-thread-1] INFO  impl.RaftServerImpl (RaftServerImpl.java:setRole(173)) - b62d9bbd-33a7-4ff2-9267-05f4bdb343db@group-DEBD2D1C26FD: changes role from      null to FOLLOWER at term 0 for startAsFollower
2019-11-19 00:30:11,467 [pool-37-thread-1] INFO  util.JmxRegister (JmxRegister.java:tryRegister(44)) - Successfully registered JMX Bean with object name Ratis:service=RaftServer,group=group-DEBD2D1C26FD,id=76071035-5b23-4d03-97dd-5cf06d69b972
2019-11-19 00:30:11,467 [pool-47-thread-1] INFO  server.RaftServerConfigKeys (ConfUtils.java:logGet(43)) - raft.server.snapshot.auto.trigger.enabled = true (custom)
2019-11-19 00:30:11,467 [pool-37-thread-1] WARN  impl.MetricRegistriesImpl (MetricRegistriesImpl.java:lambda$create$1(61)) - First MetricRegistry has been created without registering reporters. You may need to call MetricRegistries.global().addReportRegistration(...) before.
2019-11-19 00:30:11,467 [pool-27-thread-1] INFO  impl.RoleInfo (RoleInfo.java:updateAndGet(143)) - b62d9bbd-33a7-4ff2-9267-05f4bdb343db: start FollowerState
2019-11-19 00:30:11,468 [pool-47-thread-1] INFO  server.RaftServerConfigKeys (ConfUtils.java:logGet(43)) - raft.server.snapshot.auto.trigger.threshold = 10000 (custom)
2019-11-19 00:30:11,468 [pool-47-thread-1] INFO  server.RaftServerConfigKeys (ConfUtils.java:logGet(43)) - raft.server.snapshot.retention.file.num = 5 (custom)
2019-11-19 00:30:11,468 [Command processor thread] INFO  commandhandler.CreatePipelineCommandHandler (CreatePipelineCommandHandler.java:handle(86)) - Create Pipeline RATIS THREE #id: "1af9df6d-ab64-4e1a-a5ac-debd2d1c26fd"
 command succeed on datanode 76071035-5b23-4d03-97dd-5cf06d69b972.
2019-11-19 00:30:11,468 [pool-47-thread-1] INFO  server.RaftServerConfigKeys (ConfUtils.java:logGet(43)) - raft.server.retrycache.expirytime = 600000ms (custom)
2019-11-19 00:30:11,468 [pool-27-thread-1] INFO  util.JmxRegister (JmxRegister.java:tryRegister(44)) - Successfully registered JMX Bean with object name Ratis:service=RaftServer,group=group-DEBD2D1C26FD,id=b62d9bbd-33a7-4ff2-9267-05f4bdb343db
2019-11-19 00:30:11,469 [pool-47-thread-1] WARN  impl.MetricRegistriesImpl (MetricRegistriesImpl.java:lambda$create$1(61)) - First MetricRegistry has been created without registering reporters. You may need to call MetricRegistries.global().addReportRegistration(...) before.
2019-11-19 00:30:11,469 [pool-27-thread-1] WARN  impl.MetricRegistriesImpl (MetricRegistriesImpl.java:lambda$create$1(61)) - First MetricRegistry has been created without registering reporters. You may need to call MetricRegistries.global().addReportRegistration(...) before.
2019-11-19 00:30:11,469 [pool-47-thread-1] WARN  impl.MetricRegistriesImpl (MetricRegistriesImpl.java:lambda$create$1(61)) - First MetricRegistry has been created without registering reporters. You may need to call MetricRegistries.global().addReportRegistration(...) before.
2019-11-19 00:30:11,469 [pool-47-thread-1] INFO  impl.RaftServerImpl (RaftServerImpl.java:start(184)) - ccff26cc-50ac-4ffe-b50c-ee69743230ae@group-DEBD2D1C26FD: start as a follower, conf=-1: [b62d9bbd-33a7-4ff2-9267-05f4bdb343db:192.168.157.213:35065, 76071035-5b23-4d03-97dd-5cf06d69b972:192.168.157.213:46404, ccff26cc-50ac-4ffe-b50c-ee69743230ae:192.168.157.213:34305], old=null
2019-11-19 00:30:11,469 [pool-47-thread-1] INFO  impl.RaftServerImpl (RaftServerImpl.java:setRole(173)) - ccff26cc-50ac-4ffe-b50c-ee69743230ae@group-DEBD2D1C26FD: changes role from      null to FOLLOWER at term 0 for startAsFollower
2019-11-19 00:30:11,470 [Command processor thread] INFO  commandhandler.CreatePipelineCommandHandler (CreatePipelineCommandHandler.java:handle(86)) - Create Pipeline RATIS THREE #id: "1af9df6d-ab64-4e1a-a5ac-debd2d1c26fd"
 command succeed on datanode b62d9bbd-33a7-4ff2-9267-05f4bdb343db.
2019-11-19 00:30:11,470 [pool-47-thread-1] INFO  impl.RoleInfo (RoleInfo.java:updateAndGet(143)) - ccff26cc-50ac-4ffe-b50c-ee69743230ae: start FollowerState
2019-11-19 00:30:11,470 [EventQueue-PipelineReportForPipelineReportHandler] INFO  pipeline.PipelineReportHandler (PipelineReportHandler.java:processPipelineReport(113)) - Pipeline THREE PipelineID=1af9df6d-ab64-4e1a-a5ac-debd2d1c26fd reported by 76071035-5b23-4d03-97dd-5cf06d69b972{ip: 192.168.157.213, host: pr-hdds-2241-master-j9rj8-2432081592, networkLocation: /default-rack, certSerialId: null}
2019-11-19 00:30:11,470 [pool-47-thread-1] INFO  util.JmxRegister (JmxRegister.java:tryRegister(44)) - Successfully registered JMX Bean with object name Ratis:service=RaftServer,group=group-DEBD2D1C26FD,id=ccff26cc-50ac-4ffe-b50c-ee69743230ae
2019-11-19 00:30:11,470 [pool-47-thread-1] WARN  impl.MetricRegistriesImpl (MetricRegistriesImpl.java:lambda$create$1(61)) - First MetricRegistry has been created without registering reporters. You may need to call MetricRegistries.global().addReportRegistration(...) before.
2019-11-19 00:30:11,471 [Command processor thread] INFO  commandhandler.CreatePipelineCommandHandler (CreatePipelineCommandHandler.java:handle(86)) - Create Pipeline RATIS THREE #id: "1af9df6d-ab64-4e1a-a5ac-debd2d1c26fd"
 command succeed on datanode ccff26cc-50ac-4ffe-b50c-ee69743230ae.
2019-11-19 00:30:11,471 [EventQueue-PipelineReportForPipelineReportHandler] INFO  pipeline.PipelineReportHandler (PipelineReportHandler.java:processPipelineReport(113)) - Pipeline THREE PipelineID=1af9df6d-ab64-4e1a-a5ac-debd2d1c26fd reported by b62d9bbd-33a7-4ff2-9267-05f4bdb343db{ip: 192.168.157.213, host: pr-hdds-2241-master-j9rj8-2432081592, networkLocation: /default-rack, certSerialId: null}
2019-11-19 00:30:11,473 [EventQueue-PipelineReportForPipelineReportHandler] INFO  pipeline.PipelineReportHandler (PipelineReportHandler.java:processPipelineReport(113)) - Pipeline THREE PipelineID=1af9df6d-ab64-4e1a-a5ac-debd2d1c26fd reported by ccff26cc-50ac-4ffe-b50c-ee69743230ae{ip: 192.168.157.213, host: pr-hdds-2241-master-j9rj8-2432081592, networkLocation: /default-rack, certSerialId: null}
2019-11-19 00:30:12,244 [Thread-2] INFO  ozone.MiniOzoneClusterImpl (MiniOzoneClusterImpl.java:lambda$waitForClusterToBeReady$0(150)) - Nodes are ready. Got 3 of 3 DN Heartbeats.
2019-11-19 00:30:12,244 [Thread-2] INFO  ozone.MiniOzoneClusterImpl (MiniOzoneClusterImpl.java:lambda$waitForClusterToBeReady$0(153)) - Waiting for cluster to exit safe mode
2019-11-19 00:30:13,244 [Thread-2] INFO  ozone.MiniOzoneClusterImpl (MiniOzoneClusterImpl.java:lambda$waitForClusterToBeReady$0(150)) - Nodes are ready. Got 3 of 3 DN Heartbeats.
2019-11-19 00:30:13,245 [Thread-2] INFO  ozone.MiniOzoneClusterImpl (MiniOzoneClusterImpl.java:lambda$waitForClusterToBeReady$0(153)) - Waiting for cluster to exit safe mode
2019-11-19 00:30:14,245 [Thread-2] INFO  ozone.MiniOzoneClusterImpl (MiniOzoneClusterImpl.java:lambda$waitForClusterToBeReady$0(150)) - Nodes are ready. Got 3 of 3 DN Heartbeats.
2019-11-19 00:30:14,245 [Thread-2] INFO  ozone.MiniOzoneClusterImpl (MiniOzoneClusterImpl.java:lambda$waitForClusterToBeReady$0(153)) - Waiting for cluster to exit safe mode
2019-11-19 00:30:15,246 [Thread-2] INFO  ozone.MiniOzoneClusterImpl (MiniOzoneClusterImpl.java:lambda$waitForClusterToBeReady$0(150)) - Nodes are ready. Got 3 of 3 DN Heartbeats.
2019-11-19 00:30:15,246 [Thread-2] INFO  ozone.MiniOzoneClusterImpl (MiniOzoneClusterImpl.java:lambda$waitForClusterToBeReady$0(153)) - Waiting for cluster to exit safe mode
2019-11-19 00:30:16,246 [Thread-2] INFO  ozone.MiniOzoneClusterImpl (MiniOzoneClusterImpl.java:lambda$waitForClusterToBeReady$0(150)) - Nodes are ready. Got 3 of 3 DN Heartbeats.
2019-11-19 00:30:16,246 [Thread-2] INFO  ozone.MiniOzoneClusterImpl (MiniOzoneClusterImpl.java:lambda$waitForClusterToBeReady$0(153)) - Waiting for cluster to exit safe mode
2019-11-19 00:30:16,365 [Thread-199] INFO  impl.FollowerState (FollowerState.java:run(111)) - ccff26cc-50ac-4ffe-b50c-ee69743230ae@group-E86784D71B62-FollowerState: change to CANDIDATE, lastRpcTime:5013ms, electionTimeout:5011ms
2019-11-19 00:30:16,366 [Thread-199] INFO  impl.RoleInfo (RoleInfo.java:shutdownFollowerState(121)) - ccff26cc-50ac-4ffe-b50c-ee69743230ae: shutdown FollowerState
2019-11-19 00:30:16,367 [Thread-199] INFO  impl.RaftServerImpl (RaftServerImpl.java:setRole(173)) - ccff26cc-50ac-4ffe-b50c-ee69743230ae@group-E86784D71B62: changes role from  FOLLOWER to CANDIDATE at term 0 for changeToCandidate
2019-11-19 00:30:16,371 [Thread-199] INFO  impl.RoleInfo (RoleInfo.java:updateAndGet(143)) - ccff26cc-50ac-4ffe-b50c-ee69743230ae: start LeaderElection
2019-11-19 00:30:16,402 [ccff26cc-50ac-4ffe-b50c-ee69743230ae@group-E86784D71B62-LeaderElection1] INFO  impl.LeaderElection (LeaderElection.java:askForVotes(178)) - ccff26cc-50ac-4ffe-b50c-ee69743230ae@group-E86784D71B62-LeaderElection1: begin an election at term 1 for -1: [ccff26cc-50ac-4ffe-b50c-ee69743230ae:192.168.157.213:34305], old=null
2019-11-19 00:30:16,404 [ccff26cc-50ac-4ffe-b50c-ee69743230ae@group-E86784D71B62-LeaderElection1] INFO  impl.RoleInfo (RoleInfo.java:shutdownLeaderElection(134)) - ccff26cc-50ac-4ffe-b50c-ee69743230ae: shutdown LeaderElection
2019-11-19 00:30:16,405 [ccff26cc-50ac-4ffe-b50c-ee69743230ae@group-E86784D71B62-LeaderElection1] INFO  impl.RaftServerImpl (RaftServerImpl.java:setRole(173)) - ccff26cc-50ac-4ffe-b50c-ee69743230ae@group-E86784D71B62: changes role from CANDIDATE to LEADER at term 1 for changeToLeader
2019-11-19 00:30:16,405 [ccff26cc-50ac-4ffe-b50c-ee69743230ae@group-E86784D71B62-LeaderElection1] INFO  ratis.XceiverServerRatis (XceiverServerRatis.java:handleLeaderChangedNotification(733)) - Leader change notification received for group: group-E86784D71B62 with new leaderId: ccff26cc-50ac-4ffe-b50c-ee69743230ae
2019-11-19 00:30:16,405 [ccff26cc-50ac-4ffe-b50c-ee69743230ae@group-E86784D71B62-LeaderElection1] INFO  impl.RaftServerImpl (ServerState.java:setLeader(255)) - ccff26cc-50ac-4ffe-b50c-ee69743230ae@group-E86784D71B62: change Leader from null to ccff26cc-50ac-4ffe-b50c-ee69743230ae at term 1 for becomeLeader, leader elected after 5074ms
2019-11-19 00:30:16,407 [EventQueue-PipelineReportForPipelineReportHandler] INFO  pipeline.PipelineReportHandler (PipelineReportHandler.java:processPipelineReport(113)) - Pipeline THREE PipelineID=1af9df6d-ab64-4e1a-a5ac-debd2d1c26fd reported by ccff26cc-50ac-4ffe-b50c-ee69743230ae{ip: 192.168.157.213, host: pr-hdds-2241-master-j9rj8-2432081592, networkLocation: /default-rack, certSerialId: null}
2019-11-19 00:30:16,411 [ccff26cc-50ac-4ffe-b50c-ee69743230ae@group-E86784D71B62-LeaderElection1] INFO  server.RaftServerConfigKeys (ConfUtils.java:logGet(43)) - raft.server.staging.catchup.gap = 1000 (default)
2019-11-19 00:30:16,411 [ccff26cc-50ac-4ffe-b50c-ee69743230ae@group-E86784D71B62-LeaderElection1] INFO  server.RaftServerConfigKeys (ConfUtils.java:logGet(43)) - raft.server.rpc.sleep.time = 25ms (default)
2019-11-19 00:30:16,416 [ccff26cc-50ac-4ffe-b50c-ee69743230ae@group-E86784D71B62-LeaderElection1] INFO  server.RaftServerConfigKeys (ConfUtils.java:logGet(43)) - raft.server.write.element-limit = 4096 (default)
2019-11-19 00:30:16,422 [ccff26cc-50ac-4ffe-b50c-ee69743230ae@group-E86784D71B62-LeaderElection1] INFO  server.RaftServerConfigKeys (ConfUtils.java:logGet(43)) - raft.server.watch.timeout = 10s (default)
2019-11-19 00:30:16,422 [ccff26cc-50ac-4ffe-b50c-ee69743230ae@group-E86784D71B62-LeaderElection1] INFO  server.RaftServerConfigKeys (ConfUtils.java:logGet(43)) - raft.server.watch.timeout.denomination = 1s (default)
2019-11-19 00:30:16,423 [ccff26cc-50ac-4ffe-b50c-ee69743230ae@group-E86784D71B62-LeaderElection1] INFO  server.RaftServerConfigKeys (ConfUtils.java:logGet(43)) - raft.server.watch.element-limit = 65536 (default)
2019-11-19 00:30:16,431 [ccff26cc-50ac-4ffe-b50c-ee69743230ae@group-E86784D71B62-LeaderElection1] INFO  impl.RoleInfo (RoleInfo.java:updateAndGet(143)) - ccff26cc-50ac-4ffe-b50c-ee69743230ae: start LeaderState
2019-11-19 00:30:16,454 [ccff26cc-50ac-4ffe-b50c-ee69743230ae@group-E86784D71B62-LeaderElection1] INFO  segmented.SegmentedRaftLogWorker (SegmentedRaftLogWorker.java:startLogSegment(385)) - ccff26cc-50ac-4ffe-b50c-ee69743230ae@group-E86784D71B62-SegmentedRaftLogWorker: Starting segment from index:0
2019-11-19 00:30:16,463 [Thread-197] INFO  impl.FollowerState (FollowerState.java:run(111)) - b62d9bbd-33a7-4ff2-9267-05f4bdb343db@group-947766DA1A06-FollowerState: change to CANDIDATE, lastRpcTime:5110ms, electionTimeout:5109ms
2019-11-19 00:30:16,464 [Thread-197] INFO  impl.RoleInfo (RoleInfo.java:shutdownFollowerState(121)) - b62d9bbd-33a7-4ff2-9267-05f4bdb343db: shutdown FollowerState
2019-11-19 00:30:16,464 [Thread-197] INFO  impl.RaftServerImpl (RaftServerImpl.java:setRole(173)) - b62d9bbd-33a7-4ff2-9267-05f4bdb343db@group-947766DA1A06: changes role from  FOLLOWER to CANDIDATE at term 0 for changeToCandidate
2019-11-19 00:30:16,464 [Thread-197] INFO  impl.RoleInfo (RoleInfo.java:updateAndGet(143)) - b62d9bbd-33a7-4ff2-9267-05f4bdb343db: start LeaderElection
2019-11-19 00:30:16,480 [ccff26cc-50ac-4ffe-b50c-ee69743230ae@group-E86784D71B62-LeaderElection1] INFO  impl.RaftServerImpl (ServerState.java:setRaftConf(356)) - ccff26cc-50ac-4ffe-b50c-ee69743230ae@group-E86784D71B62: set configuration 0: [ccff26cc-50ac-4ffe-b50c-ee69743230ae:192.168.157.213:34305], old=null at 0
2019-11-19 00:30:16,494 [b62d9bbd-33a7-4ff2-9267-05f4bdb343db@group-947766DA1A06-LeaderElection2] INFO  impl.LeaderElection (LeaderElection.java:askForVotes(178)) - b62d9bbd-33a7-4ff2-9267-05f4bdb343db@group-947766DA1A06-LeaderElection2: begin an election at term 1 for -1: [b62d9bbd-33a7-4ff2-9267-05f4bdb343db:192.168.157.213:35065], old=null
2019-11-19 00:30:16,495 [b62d9bbd-33a7-4ff2-9267-05f4bdb343db@group-947766DA1A06-LeaderElection2] INFO  impl.RoleInfo (RoleInfo.java:shutdownLeaderElection(134)) - b62d9bbd-33a7-4ff2-9267-05f4bdb343db: shutdown LeaderElection
2019-11-19 00:30:16,495 [b62d9bbd-33a7-4ff2-9267-05f4bdb343db@group-947766DA1A06-LeaderElection2] INFO  impl.RaftServerImpl (RaftServerImpl.java:setRole(173)) - b62d9bbd-33a7-4ff2-9267-05f4bdb343db@group-947766DA1A06: changes role from CANDIDATE to LEADER at term 1 for changeToLeader
2019-11-19 00:30:16,495 [b62d9bbd-33a7-4ff2-9267-05f4bdb343db@group-947766DA1A06-LeaderElection2] INFO  ratis.XceiverServerRatis (XceiverServerRatis.java:handleLeaderChangedNotification(733)) - Leader change notification received for group: group-947766DA1A06 with new leaderId: b62d9bbd-33a7-4ff2-9267-05f4bdb343db
2019-11-19 00:30:16,496 [b62d9bbd-33a7-4ff2-9267-05f4bdb343db@group-947766DA1A06-LeaderElection2] INFO  impl.RaftServerImpl (ServerState.java:setLeader(255)) - b62d9bbd-33a7-4ff2-9267-05f4bdb343db@group-947766DA1A06: change Leader from null to b62d9bbd-33a7-4ff2-9267-05f4bdb343db at term 1 for becomeLeader, leader elected after 5276ms
2019-11-19 00:30:16,496 [b62d9bbd-33a7-4ff2-9267-05f4bdb343db@group-947766DA1A06-LeaderElection2] INFO  server.RaftServerConfigKeys (ConfUtils.java:logGet(43)) - raft.server.staging.catchup.gap = 1000 (default)
2019-11-19 00:30:16,496 [b62d9bbd-33a7-4ff2-9267-05f4bdb343db@group-947766DA1A06-LeaderElection2] INFO  server.RaftServerConfigKeys (ConfUtils.java:logGet(43)) - raft.server.rpc.sleep.time = 25ms (default)
2019-11-19 00:30:16,496 [b62d9bbd-33a7-4ff2-9267-05f4bdb343db@group-947766DA1A06-LeaderElection2] INFO  server.RaftServerConfigKeys (ConfUtils.java:logGet(43)) - raft.server.write.element-limit = 4096 (default)
2019-11-19 00:30:16,496 [b62d9bbd-33a7-4ff2-9267-05f4bdb343db@group-947766DA1A06-LeaderElection2] INFO  server.RaftServerConfigKeys (ConfUtils.java:logGet(43)) - raft.server.watch.timeout = 10s (default)
2019-11-19 00:30:16,496 [b62d9bbd-33a7-4ff2-9267-05f4bdb343db@group-947766DA1A06-LeaderElection2] INFO  server.RaftServerConfigKeys (ConfUtils.java:logGet(43)) - raft.server.watch.timeout.denomination = 1s (default)
2019-11-19 00:30:16,496 [b62d9bbd-33a7-4ff2-9267-05f4bdb343db@group-947766DA1A06-LeaderElection2] INFO  server.RaftServerConfigKeys (ConfUtils.java:logGet(43)) - raft.server.watch.element-limit = 65536 (default)
2019-11-19 00:30:16,497 [b62d9bbd-33a7-4ff2-9267-05f4bdb343db@group-947766DA1A06-LeaderElection2] INFO  impl.RoleInfo (RoleInfo.java:updateAndGet(143)) - b62d9bbd-33a7-4ff2-9267-05f4bdb343db: start LeaderState
2019-11-19 00:30:16,497 [b62d9bbd-33a7-4ff2-9267-05f4bdb343db@group-947766DA1A06-LeaderElection2] INFO  segmented.SegmentedRaftLogWorker (SegmentedRaftLogWorker.java:startLogSegment(385)) - b62d9bbd-33a7-4ff2-9267-05f4bdb343db@group-947766DA1A06-SegmentedRaftLogWorker: Starting segment from index:0
2019-11-19 00:30:16,497 [EventQueue-PipelineReportForPipelineReportHandler] INFO  pipeline.PipelineReportHandler (PipelineReportHandler.java:processPipelineReport(113)) - Pipeline THREE PipelineID=1af9df6d-ab64-4e1a-a5ac-debd2d1c26fd reported by b62d9bbd-33a7-4ff2-9267-05f4bdb343db{ip: 192.168.157.213, host: pr-hdds-2241-master-j9rj8-2432081592, networkLocation: /default-rack, certSerialId: null}
2019-11-19 00:30:16,498 [b62d9bbd-33a7-4ff2-9267-05f4bdb343db@group-947766DA1A06-LeaderElection2] INFO  impl.RaftServerImpl (ServerState.java:setRaftConf(356)) - b62d9bbd-33a7-4ff2-9267-05f4bdb343db@group-947766DA1A06: set configuration 0: [b62d9bbd-33a7-4ff2-9267-05f4bdb343db:192.168.157.213:35065], old=null at 0
2019-11-19 00:30:16,511 [Thread-207] INFO  impl.FollowerState (FollowerState.java:run(111)) - ccff26cc-50ac-4ffe-b50c-ee69743230ae@group-DEBD2D1C26FD-FollowerState: change to CANDIDATE, lastRpcTime:5041ms, electionTimeout:5041ms
2019-11-19 00:30:16,511 [Thread-207] INFO  impl.RoleInfo (RoleInfo.java:shutdownFollowerState(121)) - ccff26cc-50ac-4ffe-b50c-ee69743230ae: shutdown FollowerState
2019-11-19 00:30:16,512 [Thread-207] INFO  impl.RaftServerImpl (RaftServerImpl.java:setRole(173)) - ccff26cc-50ac-4ffe-b50c-ee69743230ae@group-DEBD2D1C26FD: changes role from  FOLLOWER to CANDIDATE at term 0 for changeToCandidate
2019-11-19 00:30:16,512 [Thread-207] INFO  impl.RoleInfo (RoleInfo.java:updateAndGet(143)) - ccff26cc-50ac-4ffe-b50c-ee69743230ae: start LeaderElection
2019-11-19 00:30:16,536 [ccff26cc-50ac-4ffe-b50c-ee69743230ae@group-DEBD2D1C26FD-LeaderElection3] INFO  impl.LeaderElection (LeaderElection.java:askForVotes(178)) - ccff26cc-50ac-4ffe-b50c-ee69743230ae@group-DEBD2D1C26FD-LeaderElection3: begin an election at term 1 for -1: [b62d9bbd-33a7-4ff2-9267-05f4bdb343db:192.168.157.213:35065, 76071035-5b23-4d03-97dd-5cf06d69b972:192.168.157.213:46404, ccff26cc-50ac-4ffe-b50c-ee69743230ae:192.168.157.213:34305], old=null
2019-11-19 00:30:16,542 [Thread-198] INFO  impl.FollowerState (FollowerState.java:run(111)) - 76071035-5b23-4d03-97dd-5cf06d69b972@group-F4E58E340C67-FollowerState: change to CANDIDATE, lastRpcTime:5190ms, electionTimeout:5188ms
2019-11-19 00:30:16,543 [Thread-198] INFO  impl.RoleInfo (RoleInfo.java:shutdownFollowerState(121)) - 76071035-5b23-4d03-97dd-5cf06d69b972: shutdown FollowerState
2019-11-19 00:30:16,544 [Thread-198] INFO  impl.RaftServerImpl (RaftServerImpl.java:setRole(173)) - 76071035-5b23-4d03-97dd-5cf06d69b972@group-F4E58E340C67: changes role from  FOLLOWER to CANDIDATE at term 0 for changeToCandidate
2019-11-19 00:30:16,544 [Thread-198] INFO  impl.RoleInfo (RoleInfo.java:updateAndGet(143)) - 76071035-5b23-4d03-97dd-5cf06d69b972: start LeaderElection
2019-11-19 00:30:16,560 [Thread-204] INFO  impl.FollowerState (FollowerState.java:run(111)) - 76071035-5b23-4d03-97dd-5cf06d69b972@group-DEBD2D1C26FD-FollowerState: change to CANDIDATE, lastRpcTime:5094ms, electionTimeout:5093ms
2019-11-19 00:30:16,560 [Thread-204] INFO  impl.RoleInfo (RoleInfo.java:shutdownFollowerState(121)) - 76071035-5b23-4d03-97dd-5cf06d69b972: shutdown FollowerState
2019-11-19 00:30:16,560 [Thread-204] INFO  impl.RaftServerImpl (RaftServerImpl.java:setRole(173)) - 76071035-5b23-4d03-97dd-5cf06d69b972@group-DEBD2D1C26FD: changes role from  FOLLOWER to CANDIDATE at term 0 for changeToCandidate
2019-11-19 00:30:16,560 [Thread-204] INFO  impl.RoleInfo (RoleInfo.java:updateAndGet(143)) - 76071035-5b23-4d03-97dd-5cf06d69b972: start LeaderElection
2019-11-19 00:30:16,570 [76071035-5b23-4d03-97dd-5cf06d69b972@group-F4E58E340C67-LeaderElection4] INFO  impl.LeaderElection (LeaderElection.java:askForVotes(178)) - 76071035-5b23-4d03-97dd-5cf06d69b972@group-F4E58E340C67-LeaderElection4: begin an election at term 1 for -1: [76071035-5b23-4d03-97dd-5cf06d69b972:192.168.157.213:46404], old=null
2019-11-19 00:30:16,570 [76071035-5b23-4d03-97dd-5cf06d69b972@group-F4E58E340C67-LeaderElection4] INFO  impl.RoleInfo (RoleInfo.java:shutdownLeaderElection(134)) - 76071035-5b23-4d03-97dd-5cf06d69b972: shutdown LeaderElection
2019-11-19 00:30:16,570 [76071035-5b23-4d03-97dd-5cf06d69b972@group-F4E58E340C67-LeaderElection4] INFO  impl.RaftServerImpl (RaftServerImpl.java:setRole(173)) - 76071035-5b23-4d03-97dd-5cf06d69b972@group-F4E58E340C67: changes role from CANDIDATE to LEADER at term 1 for changeToLeader
2019-11-19 00:30:16,570 [76071035-5b23-4d03-97dd-5cf06d69b972@group-F4E58E340C67-LeaderElection4] INFO  ratis.XceiverServerRatis (XceiverServerRatis.java:handleLeaderChangedNotification(733)) - Leader change notification received for group: group-F4E58E340C67 with new leaderId: 76071035-5b23-4d03-97dd-5cf06d69b972
2019-11-19 00:30:16,570 [76071035-5b23-4d03-97dd-5cf06d69b972@group-F4E58E340C67-LeaderElection4] INFO  impl.RaftServerImpl (ServerState.java:setLeader(255)) - 76071035-5b23-4d03-97dd-5cf06d69b972@group-F4E58E340C67: change Leader from null to 76071035-5b23-4d03-97dd-5cf06d69b972 at term 1 for becomeLeader, leader elected after 5325ms
2019-11-19 00:30:16,570 [76071035-5b23-4d03-97dd-5cf06d69b972@group-F4E58E340C67-LeaderElection4] INFO  server.RaftServerConfigKeys (ConfUtils.java:logGet(43)) - raft.server.staging.catchup.gap = 1000 (default)
2019-11-19 00:30:16,571 [76071035-5b23-4d03-97dd-5cf06d69b972@group-F4E58E340C67-LeaderElection4] INFO  server.RaftServerConfigKeys (ConfUtils.java:logGet(43)) - raft.server.rpc.sleep.time = 25ms (default)
2019-11-19 00:30:16,571 [76071035-5b23-4d03-97dd-5cf06d69b972@group-F4E58E340C67-LeaderElection4] INFO  server.RaftServerConfigKeys (ConfUtils.java:logGet(43)) - raft.server.write.element-limit = 4096 (default)
2019-11-19 00:30:16,571 [76071035-5b23-4d03-97dd-5cf06d69b972@group-F4E58E340C67-LeaderElection4] INFO  server.RaftServerConfigKeys (ConfUtils.java:logGet(43)) - raft.server.watch.timeout = 10s (default)
2019-11-19 00:30:16,571 [76071035-5b23-4d03-97dd-5cf06d69b972@group-F4E58E340C67-LeaderElection4] INFO  server.RaftServerConfigKeys (ConfUtils.java:logGet(43)) - raft.server.watch.timeout.denomination = 1s (default)
2019-11-19 00:30:16,571 [76071035-5b23-4d03-97dd-5cf06d69b972@group-F4E58E340C67-LeaderElection4] INFO  server.RaftServerConfigKeys (ConfUtils.java:logGet(43)) - raft.server.watch.element-limit = 65536 (default)
2019-11-19 00:30:16,571 [76071035-5b23-4d03-97dd-5cf06d69b972@group-F4E58E340C67-LeaderElection4] INFO  impl.RoleInfo (RoleInfo.java:updateAndGet(143)) - 76071035-5b23-4d03-97dd-5cf06d69b972: start LeaderState
2019-11-19 00:30:16,572 [76071035-5b23-4d03-97dd-5cf06d69b972@group-F4E58E340C67-LeaderElection4] INFO  segmented.SegmentedRaftLogWorker (SegmentedRaftLogWorker.java:startLogSegment(385)) - 76071035-5b23-4d03-97dd-5cf06d69b972@group-F4E58E340C67-SegmentedRaftLogWorker: Starting segment from index:0
2019-11-19 00:30:16,572 [EventQueue-PipelineReportForPipelineReportHandler] INFO  pipeline.PipelineReportHandler (PipelineReportHandler.java:processPipelineReport(113)) - Pipeline THREE PipelineID=1af9df6d-ab64-4e1a-a5ac-debd2d1c26fd reported by 76071035-5b23-4d03-97dd-5cf06d69b972{ip: 192.168.157.213, host: pr-hdds-2241-master-j9rj8-2432081592, networkLocation: /default-rack, certSerialId: null}
2019-11-19 00:30:16,572 [76071035-5b23-4d03-97dd-5cf06d69b972@group-F4E58E340C67-LeaderElection4] INFO  impl.RaftServerImpl (ServerState.java:setRaftConf(356)) - 76071035-5b23-4d03-97dd-5cf06d69b972@group-F4E58E340C67: set configuration 0: [76071035-5b23-4d03-97dd-5cf06d69b972:192.168.157.213:46404], old=null at 0
2019-11-19 00:30:16,588 [76071035-5b23-4d03-97dd-5cf06d69b972@group-DEBD2D1C26FD-LeaderElection5] INFO  impl.LeaderElection (LeaderElection.java:askForVotes(178)) - 76071035-5b23-4d03-97dd-5cf06d69b972@group-DEBD2D1C26FD-LeaderElection5: begin an election at term 1 for -1: [b62d9bbd-33a7-4ff2-9267-05f4bdb343db:192.168.157.213:35065, 76071035-5b23-4d03-97dd-5cf06d69b972:192.168.157.213:46404, ccff26cc-50ac-4ffe-b50c-ee69743230ae:192.168.157.213:34305], old=null
2019-11-19 00:30:16,608 [Thread-205] INFO  impl.FollowerState (FollowerState.java:run(111)) - b62d9bbd-33a7-4ff2-9267-05f4bdb343db@group-DEBD2D1C26FD-FollowerState: change to CANDIDATE, lastRpcTime:5141ms, electionTimeout:5140ms
2019-11-19 00:30:16,609 [Thread-205] INFO  impl.RoleInfo (RoleInfo.java:shutdownFollowerState(121)) - b62d9bbd-33a7-4ff2-9267-05f4bdb343db: shutdown FollowerState
2019-11-19 00:30:16,609 [Thread-205] INFO  impl.RaftServerImpl (RaftServerImpl.java:setRole(173)) - b62d9bbd-33a7-4ff2-9267-05f4bdb343db@group-DEBD2D1C26FD: changes role from  FOLLOWER to CANDIDATE at term 0 for changeToCandidate
2019-11-19 00:30:16,609 [Thread-205] INFO  impl.RoleInfo (RoleInfo.java:updateAndGet(143)) - b62d9bbd-33a7-4ff2-9267-05f4bdb343db: start LeaderElection
2019-11-19 00:30:16,646 [b62d9bbd-33a7-4ff2-9267-05f4bdb343db@group-947766DA1A06-SegmentedRaftLogWorker] INFO  segmented.SegmentedRaftLogWorker (SegmentedRaftLogWorker.java:execute(576)) - b62d9bbd-33a7-4ff2-9267-05f4bdb343db@group-947766DA1A06-SegmentedRaftLogWorker: created new log segment /workdir/hadoop-ozone/integration-test/target/test-dir/MiniOzoneClusterImpl-c8053201-d7cc-49ef-bed9-2d8ab9a084ae/datanode-0/data/ratis/437c666c-93d1-4f9a-991c-947766da1a06/current/log_inprogress_0
2019-11-19 00:30:16,647 [b62d9bbd-33a7-4ff2-9267-05f4bdb343db@group-DEBD2D1C26FD-LeaderElection6] INFO  impl.LeaderElection (LeaderElection.java:askForVotes(178)) - b62d9bbd-33a7-4ff2-9267-05f4bdb343db@group-DEBD2D1C26FD-LeaderElection6: begin an election at term 1 for -1: [b62d9bbd-33a7-4ff2-9267-05f4bdb343db:192.168.157.213:35065, 76071035-5b23-4d03-97dd-5cf06d69b972:192.168.157.213:46404, ccff26cc-50ac-4ffe-b50c-ee69743230ae:192.168.157.213:34305], old=null
2019-11-19 00:30:16,646 [76071035-5b23-4d03-97dd-5cf06d69b972@group-F4E58E340C67-SegmentedRaftLogWorker] INFO  segmented.SegmentedRaftLogWorker (SegmentedRaftLogWorker.java:execute(576)) - 76071035-5b23-4d03-97dd-5cf06d69b972@group-F4E58E340C67-SegmentedRaftLogWorker: created new log segment /workdir/hadoop-ozone/integration-test/target/test-dir/MiniOzoneClusterImpl-c8053201-d7cc-49ef-bed9-2d8ab9a084ae/datanode-1/data/ratis/e833e4db-4358-4a1d-b64c-f4e58e340c67/current/log_inprogress_0
2019-11-19 00:30:16,646 [ccff26cc-50ac-4ffe-b50c-ee69743230ae@group-E86784D71B62-SegmentedRaftLogWorker] INFO  segmented.SegmentedRaftLogWorker (SegmentedRaftLogWorker.java:execute(576)) - ccff26cc-50ac-4ffe-b50c-ee69743230ae@group-E86784D71B62-SegmentedRaftLogWorker: created new log segment /workdir/hadoop-ozone/integration-test/target/test-dir/MiniOzoneClusterImpl-c8053201-d7cc-49ef-bed9-2d8ab9a084ae/datanode-2/data/ratis/6d41e445-0b7d-471b-9fd5-e86784d71b62/current/log_inprogress_0
2019-11-19 00:30:16,969 [b62d9bbd-33a7-4ff2-9267-05f4bdb343db@group-DEBD2D1C26FD-LeaderElection6] INFO  impl.LeaderElection (LeaderElection.java:logAndReturn(56)) - b62d9bbd-33a7-4ff2-9267-05f4bdb343db@group-DEBD2D1C26FD-LeaderElection6: Election REJECTED; received 2 response(s) [b62d9bbd-33a7-4ff2-9267-05f4bdb343db<-76071035-5b23-4d03-97dd-5cf06d69b972#0:FAIL-t1, b62d9bbd-33a7-4ff2-9267-05f4bdb343db<-ccff26cc-50ac-4ffe-b50c-ee69743230ae#0:FAIL-t1] and 0 exception(s); b62d9bbd-33a7-4ff2-9267-05f4bdb343db@group-DEBD2D1C26FD:t1, leader=null, voted=b62d9bbd-33a7-4ff2-9267-05f4bdb343db, raftlog=b62d9bbd-33a7-4ff2-9267-05f4bdb343db@group-DEBD2D1C26FD-SegmentedRaftLog:OPENED:c-1,f-1,i0, conf=-1: [b62d9bbd-33a7-4ff2-9267-05f4bdb343db:192.168.157.213:35065, 76071035-5b23-4d03-97dd-5cf06d69b972:192.168.157.213:46404, ccff26cc-50ac-4ffe-b50c-ee69743230ae:192.168.157.213:34305], old=null
2019-11-19 00:30:16,969 [76071035-5b23-4d03-97dd-5cf06d69b972@group-DEBD2D1C26FD-LeaderElection5] INFO  impl.LeaderElection (LeaderElection.java:logAndReturn(56)) - 76071035-5b23-4d03-97dd-5cf06d69b972@group-DEBD2D1C26FD-LeaderElection5: Election REJECTED; received 2 response(s) [76071035-5b23-4d03-97dd-5cf06d69b972<-b62d9bbd-33a7-4ff2-9267-05f4bdb343db#0:FAIL-t1, 76071035-5b23-4d03-97dd-5cf06d69b972<-ccff26cc-50ac-4ffe-b50c-ee69743230ae#0:FAIL-t1] and 0 exception(s); 76071035-5b23-4d03-97dd-5cf06d69b972@group-DEBD2D1C26FD:t1, leader=null, voted=76071035-5b23-4d03-97dd-5cf06d69b972, raftlog=76071035-5b23-4d03-97dd-5cf06d69b972@group-DEBD2D1C26FD-SegmentedRaftLog:OPENED:c-1,f-1,i0, conf=-1: [b62d9bbd-33a7-4ff2-9267-05f4bdb343db:192.168.157.213:35065, 76071035-5b23-4d03-97dd-5cf06d69b972:192.168.157.213:46404, ccff26cc-50ac-4ffe-b50c-ee69743230ae:192.168.157.213:34305], old=null
2019-11-19 00:30:16,969 [ccff26cc-50ac-4ffe-b50c-ee69743230ae@group-DEBD2D1C26FD-LeaderElection3] INFO  impl.LeaderElection (LeaderElection.java:logAndReturn(56)) - ccff26cc-50ac-4ffe-b50c-ee69743230ae@group-DEBD2D1C26FD-LeaderElection3: Election REJECTED; received 2 response(s) [ccff26cc-50ac-4ffe-b50c-ee69743230ae<-b62d9bbd-33a7-4ff2-9267-05f4bdb343db#0:FAIL-t1, ccff26cc-50ac-4ffe-b50c-ee69743230ae<-76071035-5b23-4d03-97dd-5cf06d69b972#0:FAIL-t1] and 0 exception(s); ccff26cc-50ac-4ffe-b50c-ee69743230ae@group-DEBD2D1C26FD:t1, leader=null, voted=ccff26cc-50ac-4ffe-b50c-ee69743230ae, raftlog=ccff26cc-50ac-4ffe-b50c-ee69743230ae@group-DEBD2D1C26FD-SegmentedRaftLog:OPENED:c-1,f-1,i0, conf=-1: [b62d9bbd-33a7-4ff2-9267-05f4bdb343db:192.168.157.213:35065, 76071035-5b23-4d03-97dd-5cf06d69b972:192.168.157.213:46404, ccff26cc-50ac-4ffe-b50c-ee69743230ae:192.168.157.213:34305], old=null
2019-11-19 00:30:16,970 [b62d9bbd-33a7-4ff2-9267-05f4bdb343db@group-DEBD2D1C26FD-LeaderElection6] INFO  impl.RaftServerImpl (RaftServerImpl.java:setRole(173)) - b62d9bbd-33a7-4ff2-9267-05f4bdb343db@group-DEBD2D1C26FD: changes role from CANDIDATE to FOLLOWER at term 1 for DISCOVERED_A_NEW_TERM
2019-11-19 00:30:16,974 [b62d9bbd-33a7-4ff2-9267-05f4bdb343db@group-DEBD2D1C26FD-LeaderElection6] INFO  impl.RoleInfo (RoleInfo.java:shutdownLeaderElection(134)) - b62d9bbd-33a7-4ff2-9267-05f4bdb343db: shutdown LeaderElection
2019-11-19 00:30:16,973 [ccff26cc-50ac-4ffe-b50c-ee69743230ae@group-DEBD2D1C26FD-LeaderElection3] INFO  impl.RaftServerImpl (RaftServerImpl.java:setRole(173)) - ccff26cc-50ac-4ffe-b50c-ee69743230ae@group-DEBD2D1C26FD: changes role from CANDIDATE to FOLLOWER at term 1 for DISCOVERED_A_NEW_TERM
2019-11-19 00:30:16,970 [76071035-5b23-4d03-97dd-5cf06d69b972@group-DEBD2D1C26FD-LeaderElection5] INFO  impl.RaftServerImpl (RaftServerImpl.java:setRole(173)) - 76071035-5b23-4d03-97dd-5cf06d69b972@group-DEBD2D1C26FD: changes role from CANDIDATE to FOLLOWER at term 1 for DISCOVERED_A_NEW_TERM
2019-11-19 00:30:16,975 [b62d9bbd-33a7-4ff2-9267-05f4bdb343db@group-DEBD2D1C26FD-LeaderElection6] INFO  impl.RoleInfo (RoleInfo.java:updateAndGet(143)) - b62d9bbd-33a7-4ff2-9267-05f4bdb343db: start FollowerState
2019-11-19 00:30:16,975 [ccff26cc-50ac-4ffe-b50c-ee69743230ae@group-DEBD2D1C26FD-LeaderElection3] INFO  impl.RoleInfo (RoleInfo.java:shutdownLeaderElection(134)) - ccff26cc-50ac-4ffe-b50c-ee69743230ae: shutdown LeaderElection
2019-11-19 00:30:16,975 [76071035-5b23-4d03-97dd-5cf06d69b972@group-DEBD2D1C26FD-LeaderElection5] INFO  impl.RoleInfo (RoleInfo.java:shutdownLeaderElection(134)) - 76071035-5b23-4d03-97dd-5cf06d69b972: shutdown LeaderElection
2019-11-19 00:30:16,976 [ccff26cc-50ac-4ffe-b50c-ee69743230ae@group-DEBD2D1C26FD-LeaderElection3] INFO  impl.RoleInfo (RoleInfo.java:updateAndGet(143)) - ccff26cc-50ac-4ffe-b50c-ee69743230ae: start FollowerState
2019-11-19 00:30:16,976 [76071035-5b23-4d03-97dd-5cf06d69b972@group-DEBD2D1C26FD-LeaderElection5] INFO  impl.RoleInfo (RoleInfo.java:updateAndGet(143)) - 76071035-5b23-4d03-97dd-5cf06d69b972: start FollowerState
2019-11-19 00:30:17,247 [Thread-2] INFO  ozone.MiniOzoneClusterImpl (MiniOzoneClusterImpl.java:lambda$waitForClusterToBeReady$0(150)) - Nodes are ready. Got 3 of 3 DN Heartbeats.
2019-11-19 00:30:17,247 [Thread-2] INFO  ozone.MiniOzoneClusterImpl (MiniOzoneClusterImpl.java:lambda$waitForClusterToBeReady$0(153)) - Waiting for cluster to exit safe mode
2019-11-19 00:30:18,247 [Thread-2] INFO  ozone.MiniOzoneClusterImpl (MiniOzoneClusterImpl.java:lambda$waitForClusterToBeReady$0(150)) - Nodes are ready. Got 3 of 3 DN Heartbeats.
2019-11-19 00:30:18,248 [Thread-2] INFO  ozone.MiniOzoneClusterImpl (MiniOzoneClusterImpl.java:lambda$waitForClusterToBeReady$0(153)) - Waiting for cluster to exit safe mode
2019-11-19 00:30:19,248 [Thread-2] INFO  ozone.MiniOzoneClusterImpl (MiniOzoneClusterImpl.java:lambda$waitForClusterToBeReady$0(150)) - Nodes are ready. Got 3 of 3 DN Heartbeats.
2019-11-19 00:30:19,248 [Thread-2] INFO  ozone.MiniOzoneClusterImpl (MiniOzoneClusterImpl.java:lambda$waitForClusterToBeReady$0(153)) - Waiting for cluster to exit safe mode
2019-11-19 00:30:20,249 [Thread-2] INFO  ozone.MiniOzoneClusterImpl (MiniOzoneClusterImpl.java:lambda$waitForClusterToBeReady$0(150)) - Nodes are ready. Got 3 of 3 DN Heartbeats.
2019-11-19 00:30:20,249 [Thread-2] INFO  ozone.MiniOzoneClusterImpl (MiniOzoneClusterImpl.java:lambda$waitForClusterToBeReady$0(153)) - Waiting for cluster to exit safe mode
2019-11-19 00:30:21,249 [Thread-2] INFO  ozone.MiniOzoneClusterImpl (MiniOzoneClusterImpl.java:lambda$waitForClusterToBeReady$0(150)) - Nodes are ready. Got 3 of 3 DN Heartbeats.
2019-11-19 00:30:21,250 [Thread-2] INFO  ozone.MiniOzoneClusterImpl (MiniOzoneClusterImpl.java:lambda$waitForClusterToBeReady$0(153)) - Waiting for cluster to exit safe mode
2019-11-19 00:30:22,028 [Thread-234] INFO  impl.FollowerState (FollowerState.java:run(111)) - 76071035-5b23-4d03-97dd-5cf06d69b972@group-DEBD2D1C26FD-FollowerState: change to CANDIDATE, lastRpcTime:5052ms, electionTimeout:5051ms
2019-11-19 00:30:22,029 [Thread-234] INFO  impl.RoleInfo (RoleInfo.java:shutdownFollowerState(121)) - 76071035-5b23-4d03-97dd-5cf06d69b972: shutdown FollowerState
2019-11-19 00:30:22,029 [Thread-234] INFO  impl.RaftServerImpl (RaftServerImpl.java:setRole(173)) - 76071035-5b23-4d03-97dd-5cf06d69b972@group-DEBD2D1C26FD: changes role from  FOLLOWER to CANDIDATE at term 1 for changeToCandidate
2019-11-19 00:30:22,029 [Thread-234] INFO  impl.RoleInfo (RoleInfo.java:updateAndGet(143)) - 76071035-5b23-4d03-97dd-5cf06d69b972: start LeaderElection
2019-11-19 00:30:22,056 [76071035-5b23-4d03-97dd-5cf06d69b972@group-DEBD2D1C26FD-LeaderElection7] INFO  impl.LeaderElection (LeaderElection.java:askForVotes(178)) - 76071035-5b23-4d03-97dd-5cf06d69b972@group-DEBD2D1C26FD-LeaderElection7: begin an election at term 2 for -1: [b62d9bbd-33a7-4ff2-9267-05f4bdb343db:192.168.157.213:35065, 76071035-5b23-4d03-97dd-5cf06d69b972:192.168.157.213:46404, ccff26cc-50ac-4ffe-b50c-ee69743230ae:192.168.157.213:34305], old=null
2019-11-19 00:30:22,066 [grpc-default-executor-1] INFO  impl.RaftServerImpl (RaftServerImpl.java:setRole(173)) - b62d9bbd-33a7-4ff2-9267-05f4bdb343db@group-DEBD2D1C26FD: changes role from  FOLLOWER to FOLLOWER at term 2 for recognizeCandidate:76071035-5b23-4d03-97dd-5cf06d69b972
2019-11-19 00:30:22,066 [grpc-default-executor-3] INFO  impl.RaftServerImpl (RaftServerImpl.java:setRole(173)) - ccff26cc-50ac-4ffe-b50c-ee69743230ae@group-DEBD2D1C26FD: changes role from  FOLLOWER to FOLLOWER at term 2 for recognizeCandidate:76071035-5b23-4d03-97dd-5cf06d69b972
2019-11-19 00:30:22,066 [grpc-default-executor-1] INFO  impl.RoleInfo (RoleInfo.java:shutdownFollowerState(121)) - b62d9bbd-33a7-4ff2-9267-05f4bdb343db: shutdown FollowerState
2019-11-19 00:30:22,067 [grpc-default-executor-3] INFO  impl.RoleInfo (RoleInfo.java:shutdownFollowerState(121)) - ccff26cc-50ac-4ffe-b50c-ee69743230ae: shutdown FollowerState
2019-11-19 00:30:22,067 [Thread-232] INFO  impl.FollowerState (FollowerState.java:run(120)) - b62d9bbd-33a7-4ff2-9267-05f4bdb343db@group-DEBD2D1C26FD-FollowerState was interrupted: java.lang.InterruptedException: sleep interrupted
2019-11-19 00:30:22,067 [grpc-default-executor-3] INFO  impl.RoleInfo (RoleInfo.java:updateAndGet(143)) - ccff26cc-50ac-4ffe-b50c-ee69743230ae: start FollowerState
2019-11-19 00:30:22,067 [grpc-default-executor-1] INFO  impl.RoleInfo (RoleInfo.java:updateAndGet(143)) - b62d9bbd-33a7-4ff2-9267-05f4bdb343db: start FollowerState
2019-11-19 00:30:22,067 [Thread-233] INFO  impl.FollowerState (FollowerState.java:run(120)) - ccff26cc-50ac-4ffe-b50c-ee69743230ae@group-DEBD2D1C26FD-FollowerState was interrupted: java.lang.InterruptedException: sleep interrupted
2019-11-19 00:30:22,101 [76071035-5b23-4d03-97dd-5cf06d69b972@group-DEBD2D1C26FD-LeaderElection7] INFO  impl.LeaderElection (LeaderElection.java:logAndReturn(56)) - 76071035-5b23-4d03-97dd-5cf06d69b972@group-DEBD2D1C26FD-LeaderElection7: Election PASSED; received 1 response(s) [76071035-5b23-4d03-97dd-5cf06d69b972<-ccff26cc-50ac-4ffe-b50c-ee69743230ae#0:OK-t2] and 0 exception(s); 76071035-5b23-4d03-97dd-5cf06d69b972@group-DEBD2D1C26FD:t2, leader=null, voted=76071035-5b23-4d03-97dd-5cf06d69b972, raftlog=76071035-5b23-4d03-97dd-5cf06d69b972@group-DEBD2D1C26FD-SegmentedRaftLog:OPENED:c-1,f-1,i0, conf=-1: [b62d9bbd-33a7-4ff2-9267-05f4bdb343db:192.168.157.213:35065, 76071035-5b23-4d03-97dd-5cf06d69b972:192.168.157.213:46404, ccff26cc-50ac-4ffe-b50c-ee69743230ae:192.168.157.213:34305], old=null
2019-11-19 00:30:22,101 [76071035-5b23-4d03-97dd-5cf06d69b972@group-DEBD2D1C26FD-LeaderElection7] INFO  impl.RoleInfo (RoleInfo.java:shutdownLeaderElection(134)) - 76071035-5b23-4d03-97dd-5cf06d69b972: shutdown LeaderElection
2019-11-19 00:30:22,102 [76071035-5b23-4d03-97dd-5cf06d69b972@group-DEBD2D1C26FD-LeaderElection7] INFO  impl.RaftServerImpl (RaftServerImpl.java:setRole(173)) - 76071035-5b23-4d03-97dd-5cf06d69b972@group-DEBD2D1C26FD: changes role from CANDIDATE to LEADER at term 2 for changeToLeader
2019-11-19 00:30:22,103 [76071035-5b23-4d03-97dd-5cf06d69b972@group-DEBD2D1C26FD-LeaderElection7] INFO  ratis.XceiverServerRatis (XceiverServerRatis.java:handleLeaderChangedNotification(733)) - Leader change notification received for group: group-DEBD2D1C26FD with new leaderId: 76071035-5b23-4d03-97dd-5cf06d69b972
2019-11-19 00:30:22,104 [76071035-5b23-4d03-97dd-5cf06d69b972@group-DEBD2D1C26FD-LeaderElection7] INFO  impl.RaftServerImpl (ServerState.java:setLeader(255)) - 76071035-5b23-4d03-97dd-5cf06d69b972@group-DEBD2D1C26FD: change Leader from null to 76071035-5b23-4d03-97dd-5cf06d69b972 at term 2 for becomeLeader, leader elected after 10652ms
2019-11-19 00:30:22,104 [76071035-5b23-4d03-97dd-5cf06d69b972@group-DEBD2D1C26FD-LeaderElection7] INFO  server.RaftServerConfigKeys (ConfUtils.java:logGet(43)) - raft.server.staging.catchup.gap = 1000 (default)
2019-11-19 00:30:22,104 [76071035-5b23-4d03-97dd-5cf06d69b972@group-DEBD2D1C26FD-LeaderElection7] INFO  server.RaftServerConfigKeys (ConfUtils.java:logGet(43)) - raft.server.rpc.sleep.time = 25ms (default)
2019-11-19 00:30:22,104 [76071035-5b23-4d03-97dd-5cf06d69b972@group-DEBD2D1C26FD-LeaderElection7] INFO  server.RaftServerConfigKeys (ConfUtils.java:logGet(43)) - raft.server.write.element-limit = 4096 (default)
2019-11-19 00:30:22,105 [76071035-5b23-4d03-97dd-5cf06d69b972@group-DEBD2D1C26FD-LeaderElection7] INFO  server.RaftServerConfigKeys (ConfUtils.java:logGet(43)) - raft.server.watch.timeout = 10s (default)
2019-11-19 00:30:22,105 [EventQueue-PipelineReportForPipelineReportHandler] INFO  pipeline.PipelineReportHandler (PipelineReportHandler.java:processPipelineReport(113)) - Pipeline THREE PipelineID=1af9df6d-ab64-4e1a-a5ac-debd2d1c26fd reported by 76071035-5b23-4d03-97dd-5cf06d69b972{ip: 192.168.157.213, host: pr-hdds-2241-master-j9rj8-2432081592, networkLocation: /default-rack, certSerialId: null}
2019-11-19 00:30:22,106 [76071035-5b23-4d03-97dd-5cf06d69b972@group-DEBD2D1C26FD-LeaderElection7] INFO  server.RaftServerConfigKeys (ConfUtils.java:logGet(43)) - raft.server.watch.timeout.denomination = 1s (default)
2019-11-19 00:30:22,106 [EventQueue-PipelineReportForPipelineReportHandler] INFO  pipeline.PipelineStateManager (PipelineStateManager.java:openPipeline(132)) - Pipeline Pipeline[ Id: 1af9df6d-ab64-4e1a-a5ac-debd2d1c26fd, Nodes: 76071035-5b23-4d03-97dd-5cf06d69b972{ip: 192.168.157.213, host: pr-hdds-2241-master-j9rj8-2432081592, networkLocation: /default-rack, certSerialId: null}ccff26cc-50ac-4ffe-b50c-ee69743230ae{ip: 192.168.157.213, host: pr-hdds-2241-master-j9rj8-2432081592, networkLocation: /default-rack, certSerialId: null}b62d9bbd-33a7-4ff2-9267-05f4bdb343db{ip: 192.168.157.213, host: pr-hdds-2241-master-j9rj8-2432081592, networkLocation: /default-rack, certSerialId: null}, Type:RATIS, Factor:THREE, State:ALLOCATED] moved to OPEN state
2019-11-19 00:30:22,106 [76071035-5b23-4d03-97dd-5cf06d69b972@group-DEBD2D1C26FD-LeaderElection7] INFO  server.RaftServerConfigKeys (ConfUtils.java:logGet(43)) - raft.server.watch.element-limit = 65536 (default)
2019-11-19 00:30:22,107 [EventQueue-OpenPipelineForHealthyPipelineSafeModeRule] INFO  safemode.SCMSafeModeManager (HealthyPipelineSafeModeRule.java:process(132)) - SCM in safe mode. Healthy pipelines reported count is 1, required healthy pipeline reported count is 1
2019-11-19 00:30:22,107 [EventQueue-OpenPipelineForOneReplicaPipelineSafeModeRule] INFO  safemode.SCMSafeModeManager (SCMSafeModeManager.java:validateSafeModeExitRules(176)) - AtleastOneDatanodeReportedRule rule is successfully validated
2019-11-19 00:30:22,108 [EventQueue-OpenPipelineForHealthyPipelineSafeModeRule] INFO  safemode.SCMSafeModeManager (SCMSafeModeManager.java:validateSafeModeExitRules(176)) - HealthyPipelineSafeModeRule rule is successfully validated
2019-11-19 00:30:22,108 [EventQueue-OpenPipelineForHealthyPipelineSafeModeRule] INFO  safemode.SCMSafeModeManager (SCMSafeModeManager.java:validateSafeModeExitRules(185)) - ScmSafeModeManager, all rules are successfully validated
2019-11-19 00:30:22,108 [EventQueue-OpenPipelineForHealthyPipelineSafeModeRule] INFO  safemode.SCMSafeModeManager (SCMSafeModeManager.java:exitSafeMode(201)) - SCM exiting safe mode.
2019-11-19 00:30:22,112 [76071035-5b23-4d03-97dd-5cf06d69b972@group-DEBD2D1C26FD-LeaderElection7] INFO  server.RaftServerConfigKeys (ConfUtils.java:logGet(43)) - raft.server.log.appender.snapshot.chunk.size.max = 16MB (=16777216) (default)
2019-11-19 00:30:22,112 [76071035-5b23-4d03-97dd-5cf06d69b972@group-DEBD2D1C26FD-LeaderElection7] INFO  server.RaftServerConfigKeys (ConfUtils.java:logGet(43)) - raft.server.log.appender.buffer.byte-limit = 33554432 (custom)
2019-11-19 00:30:22,113 [76071035-5b23-4d03-97dd-5cf06d69b972@group-DEBD2D1C26FD-LeaderElection7] INFO  server.RaftServerConfigKeys (ConfUtils.java:logGet(43)) - raft.server.log.appender.buffer.element-limit = 1 (custom)
2019-11-19 00:30:22,117 [76071035-5b23-4d03-97dd-5cf06d69b972@group-DEBD2D1C26FD-LeaderElection7] INFO  grpc.GrpcConfigKeys$Server (ConfUtils.java:logGet(43)) - raft.grpc.server.leader.outstanding.appends.max = 128 (default)
2019-11-19 00:30:22,118 [76071035-5b23-4d03-97dd-5cf06d69b972@group-DEBD2D1C26FD-LeaderElection7] INFO  server.RaftServerConfigKeys (ConfUtils.java:logGet(43)) - raft.server.rpc.request.timeout = 3000ms (default)
2019-11-19 00:30:22,118 [76071035-5b23-4d03-97dd-5cf06d69b972@group-DEBD2D1C26FD-LeaderElection7] INFO  server.RaftServerConfigKeys (ConfUtils.java:logGet(43)) - raft.server.log.appender.install.snapshot.enabled = false (custom)
2019-11-19 00:30:22,119 [76071035-5b23-4d03-97dd-5cf06d69b972@group-DEBD2D1C26FD-LeaderElection7] WARN  impl.MetricRegistriesImpl (MetricRegistriesImpl.java:lambda$create$1(61)) - First MetricRegistry has been created without registering reporters. You may need to call MetricRegistries.global().addReportRegistration(...) before.
2019-11-19 00:30:22,120 [76071035-5b23-4d03-97dd-5cf06d69b972@group-DEBD2D1C26FD-LeaderElection7] INFO  server.RaftServerConfigKeys (ConfUtils.java:logGet(43)) - raft.server.log.appender.snapshot.chunk.size.max = 16MB (=16777216) (default)
2019-11-19 00:30:22,121 [76071035-5b23-4d03-97dd-5cf06d69b972@group-DEBD2D1C26FD-LeaderElection7] INFO  server.RaftServerConfigKeys (ConfUtils.java:logGet(43)) - raft.server.log.appender.buffer.byte-limit = 33554432 (custom)
2019-11-19 00:30:22,121 [76071035-5b23-4d03-97dd-5cf06d69b972@group-DEBD2D1C26FD-LeaderElection7] INFO  server.RaftServerConfigKeys (ConfUtils.java:logGet(43)) - raft.server.log.appender.buffer.element-limit = 1 (custom)
2019-11-19 00:30:22,121 [76071035-5b23-4d03-97dd-5cf06d69b972@group-DEBD2D1C26FD-LeaderElection7] INFO  grpc.GrpcConfigKeys$Server (ConfUtils.java:logGet(43)) - raft.grpc.server.leader.outstanding.appends.max = 128 (default)
2019-11-19 00:30:22,121 [76071035-5b23-4d03-97dd-5cf06d69b972@group-DEBD2D1C26FD-LeaderElection7] INFO  server.RaftServerConfigKeys (ConfUtils.java:logGet(43)) - raft.server.rpc.request.timeout = 3000ms (default)
2019-11-19 00:30:22,121 [76071035-5b23-4d03-97dd-5cf06d69b972@group-DEBD2D1C26FD-LeaderElection7] INFO  server.RaftServerConfigKeys (ConfUtils.java:logGet(43)) - raft.server.log.appender.install.snapshot.enabled = false (custom)
2019-11-19 00:30:22,125 [76071035-5b23-4d03-97dd-5cf06d69b972@group-DEBD2D1C26FD-LeaderElection7] INFO  impl.RoleInfo (RoleInfo.java:updateAndGet(143)) - 76071035-5b23-4d03-97dd-5cf06d69b972: start LeaderState
2019-11-19 00:30:22,126 [76071035-5b23-4d03-97dd-5cf06d69b972@group-DEBD2D1C26FD-LeaderElection7] INFO  segmented.SegmentedRaftLogWorker (SegmentedRaftLogWorker.java:startLogSegment(385)) - 76071035-5b23-4d03-97dd-5cf06d69b972@group-DEBD2D1C26FD-SegmentedRaftLogWorker: Starting segment from index:0
2019-11-19 00:30:22,127 [76071035-5b23-4d03-97dd-5cf06d69b972@group-DEBD2D1C26FD-LeaderElection7] INFO  impl.RaftServerImpl (ServerState.java:setRaftConf(356)) - 76071035-5b23-4d03-97dd-5cf06d69b972@group-DEBD2D1C26FD: set configuration 0: [b62d9bbd-33a7-4ff2-9267-05f4bdb343db:192.168.157.213:35065, 76071035-5b23-4d03-97dd-5cf06d69b972:192.168.157.213:46404, ccff26cc-50ac-4ffe-b50c-ee69743230ae:192.168.157.213:34305], old=null at 0
2019-11-19 00:30:22,183 [76071035-5b23-4d03-97dd-5cf06d69b972@group-DEBD2D1C26FD-SegmentedRaftLogWorker] INFO  segmented.SegmentedRaftLogWorker (SegmentedRaftLogWorker.java:execute(576)) - 76071035-5b23-4d03-97dd-5cf06d69b972@group-DEBD2D1C26FD-SegmentedRaftLogWorker: created new log segment /workdir/hadoop-ozone/integration-test/target/test-dir/MiniOzoneClusterImpl-c8053201-d7cc-49ef-bed9-2d8ab9a084ae/datanode-1/data/ratis/1af9df6d-ab64-4e1a-a5ac-debd2d1c26fd/current/log_inprogress_0
2019-11-19 00:30:22,190 [grpc-default-executor-3] INFO  ratis.XceiverServerRatis (XceiverServerRatis.java:handleLeaderChangedNotification(733)) - Leader change notification received for group: group-DEBD2D1C26FD with new leaderId: 76071035-5b23-4d03-97dd-5cf06d69b972
2019-11-19 00:30:22,190 [grpc-default-executor-1] INFO  ratis.XceiverServerRatis (XceiverServerRatis.java:handleLeaderChangedNotification(733)) - Leader change notification received for group: group-DEBD2D1C26FD with new leaderId: 76071035-5b23-4d03-97dd-5cf06d69b972
2019-11-19 00:30:22,190 [grpc-default-executor-3] INFO  impl.RaftServerImpl (ServerState.java:setLeader(255)) - ccff26cc-50ac-4ffe-b50c-ee69743230ae@group-DEBD2D1C26FD: change Leader from null to 76071035-5b23-4d03-97dd-5cf06d69b972 at term 2 for appendEntries, leader elected after 10735ms
2019-11-19 00:30:22,190 [grpc-default-executor-1] INFO  impl.RaftServerImpl (ServerState.java:setLeader(255)) - b62d9bbd-33a7-4ff2-9267-05f4bdb343db@group-DEBD2D1C26FD: change Leader from null to 76071035-5b23-4d03-97dd-5cf06d69b972 at term 2 for appendEntries, leader elected after 10738ms
2019-11-19 00:30:22,218 [grpc-default-executor-1] INFO  impl.RaftServerImpl (ServerState.java:setRaftConf(356)) - b62d9bbd-33a7-4ff2-9267-05f4bdb343db@group-DEBD2D1C26FD: set configuration 0: [b62d9bbd-33a7-4ff2-9267-05f4bdb343db:192.168.157.213:35065, 76071035-5b23-4d03-97dd-5cf06d69b972:192.168.157.213:46404, ccff26cc-50ac-4ffe-b50c-ee69743230ae:192.168.157.213:34305], old=null at 0
2019-11-19 00:30:22,218 [grpc-default-executor-3] INFO  impl.RaftServerImpl (ServerState.java:setRaftConf(356)) - ccff26cc-50ac-4ffe-b50c-ee69743230ae@group-DEBD2D1C26FD: set configuration 0: [b62d9bbd-33a7-4ff2-9267-05f4bdb343db:192.168.157.213:35065, 76071035-5b23-4d03-97dd-5cf06d69b972:192.168.157.213:46404, ccff26cc-50ac-4ffe-b50c-ee69743230ae:192.168.157.213:34305], old=null at 0
2019-11-19 00:30:22,219 [grpc-default-executor-1] INFO  segmented.SegmentedRaftLogWorker (SegmentedRaftLogWorker.java:startLogSegment(385)) - b62d9bbd-33a7-4ff2-9267-05f4bdb343db@group-DEBD2D1C26FD-SegmentedRaftLogWorker: Starting segment from index:0
2019-11-19 00:30:22,219 [grpc-default-executor-3] INFO  segmented.SegmentedRaftLogWorker (SegmentedRaftLogWorker.java:startLogSegment(385)) - ccff26cc-50ac-4ffe-b50c-ee69743230ae@group-DEBD2D1C26FD-SegmentedRaftLogWorker: Starting segment from index:0
2019-11-19 00:30:22,250 [Thread-2] INFO  ozone.MiniOzoneClusterImpl (MiniOzoneClusterImpl.java:lambda$waitForClusterToBeReady$0(150)) - Nodes are ready. Got 3 of 3 DN Heartbeats.
2019-11-19 00:30:22,250 [Thread-2] INFO  ozone.MiniOzoneClusterImpl (MiniOzoneClusterImpl.java:lambda$waitForClusterToBeReady$0(153)) - Cluster exits safe mode
2019-11-19 00:30:22,269 [b62d9bbd-33a7-4ff2-9267-05f4bdb343db@group-DEBD2D1C26FD-SegmentedRaftLogWorker] INFO  segmented.SegmentedRaftLogWorker (SegmentedRaftLogWorker.java:execute(576)) - b62d9bbd-33a7-4ff2-9267-05f4bdb343db@group-DEBD2D1C26FD-SegmentedRaftLogWorker: created new log segment /workdir/hadoop-ozone/integration-test/target/test-dir/MiniOzoneClusterImpl-c8053201-d7cc-49ef-bed9-2d8ab9a084ae/datanode-0/data/ratis/1af9df6d-ab64-4e1a-a5ac-debd2d1c26fd/current/log_inprogress_0
2019-11-19 00:30:22,269 [ccff26cc-50ac-4ffe-b50c-ee69743230ae@group-DEBD2D1C26FD-SegmentedRaftLogWorker] INFO  segmented.SegmentedRaftLogWorker (SegmentedRaftLogWorker.java:execute(576)) - ccff26cc-50ac-4ffe-b50c-ee69743230ae@group-DEBD2D1C26FD-SegmentedRaftLogWorker: created new log segment /workdir/hadoop-ozone/integration-test/target/test-dir/MiniOzoneClusterImpl-c8053201-d7cc-49ef-bed9-2d8ab9a084ae/datanode-2/data/ratis/1af9df6d-ab64-4e1a-a5ac-debd2d1c26fd/current/log_inprogress_0
2019-11-19 00:30:23,038 [Thread-2] INFO  rpc.RpcClient (RpcClient.java:createVolume(292)) - Creating Volume: volume56587, with user24441 as owner.
2019-11-19 00:30:23,095 [IPC Server handler 8 on 43477] INFO  volume.OMVolumeCreateRequest (OMVolumeCreateRequest.java:validateAndUpdateCache(193)) - created volume:volume56587 for user:user24441
2019-11-19 00:30:23,163 [Thread-2] INFO  rpc.RpcClient (RpcClient.java:createBucket(431)) - Creating Bucket: volume56587/bucket63580, with Versioning false and Storage Type set to DISK and Encryption set to false 
2019-11-19 00:30:23,224 [IPC Server handler 12 on 39035] INFO  pipeline.PipelineStateManager (PipelineStateManager.java:addPipeline(55)) - Created pipeline Pipeline[ Id: d0c6e310-dfcd-41ca-96b2-f64752e6dc01, Nodes: 76071035-5b23-4d03-97dd-5cf06d69b972{ip: 192.168.157.213, host: pr-hdds-2241-master-j9rj8-2432081592, networkLocation: /default-rack, certSerialId: null}, Type:STAND_ALONE, Factor:ONE, State:OPEN]
2019-11-19 00:30:23,316 [Thread-2] INFO  impl.MetricsSystemImpl (MetricsSystemImpl.java:init(158)) - XceiverClientMetrics metrics system started (again)
00:30:24.623 [Thread-2] ERROR OMAudit - user=null | ip=null | op=READ_KEY {volume=volume56587, bucket=bucket63580, key=TembI0, dataSize=0, replicationType=null, replicationFactor=null, keyLocationInfo=null} | ret=FAILURE
java.lang.NullPointerException: null
	at org.apache.hadoop.ozone.om.KeyManagerImpl.refreshPipeline(KeyManagerImpl.java:689) ~[hadoop-ozone-ozone-manager-0.5.0-SNAPSHOT.jar:?]
	at org.apache.hadoop.ozone.om.KeyManagerImpl.lookupKey(KeyManagerImpl.java:651) ~[hadoop-ozone-ozone-manager-0.5.0-SNAPSHOT.jar:?]
	at org.apache.hadoop.ozone.om.OzoneManager.lookupKey(OzoneManager.java:2149) [hadoop-ozone-ozone-manager-0.5.0-SNAPSHOT.jar:?]
	at org.apache.hadoop.ozone.TestStorageContainerManagerHelper.createKeys(TestStorageContainerManagerHelper.java:82) [test-classes/:?]
	at org.apache.hadoop.ozone.TestStorageContainerManager.testBlockDeletionTransactions(TestStorageContainerManager.java:269) [test-classes/:?]
	at sun.reflect.NativeMethodAccessorImpl.invoke0(Native Method) ~[?:1.8.0_222]
	at sun.reflect.NativeMethodAccessorImpl.invoke(NativeMethodAccessorImpl.java:62) ~[?:1.8.0_222]
	at sun.reflect.DelegatingMethodAccessorImpl.invoke(DelegatingMethodAccessorImpl.java:43) ~[?:1.8.0_222]
	at java.lang.reflect.Method.invoke(Method.java:498) ~[?:1.8.0_222]
	at org.junit.runners.model.FrameworkMethod$1.runReflectiveCall(FrameworkMethod.java:47) [junit-4.11.jar:?]
	at org.junit.internal.runners.model.ReflectiveCallable.run(ReflectiveCallable.java:12) [junit-4.11.jar:?]
	at org.junit.runners.model.FrameworkMethod.invokeExplosively(FrameworkMethod.java:44) [junit-4.11.jar:?]
	at org.junit.internal.runners.statements.InvokeMethod.evaluate(InvokeMethod.java:17) [junit-4.11.jar:?]
	at org.junit.internal.runners.statements.FailOnTimeout$StatementThread.run(FailOnTimeout.java:74) [junit-4.11.jar:?]
2019-11-19 00:30:24,635 [Thread-2] INFO  ozone.MiniOzoneClusterImpl (MiniOzoneClusterImpl.java:shutdown(334)) - Shutting down the Mini Ozone Cluster
2019-11-19 00:30:24,636 [Thread-2] INFO  ozone.MiniOzoneClusterImpl (MiniOzoneClusterImpl.java:stop(350)) - Stopping the Mini Ozone Cluster
2019-11-19 00:30:24,636 [Thread-2] INFO  ozone.MiniOzoneClusterImpl (MiniOzoneClusterImpl.java:stopOM(420)) - Stopping the OzoneManager
2019-11-19 00:30:24,636 [Thread-2] INFO  ipc.Server (Server.java:stop(3082)) - Stopping server on 43477
2019-11-19 00:30:24,648 [IPC Server listener on 43477] INFO  ipc.Server (Server.java:run(1185)) - Stopping IPC Server listener on 43477
2019-11-19 00:30:24,648 [Thread-2] INFO  ratis.OzoneManagerDoubleBuffer (OzoneManagerDoubleBuffer.java:stop(261)) - Stopping OMDoubleBuffer flush thread
2019-11-19 00:30:24,648 [IPC Server Responder] INFO  ipc.Server (Server.java:run(1319)) - Stopping IPC Server Responder
2019-11-19 00:30:24,649 [OMDoubleBufferFlushThread] INFO  ratis.OzoneManagerDoubleBuffer (OzoneManagerDoubleBuffer.java:flushTransactions(199)) - OMDoubleBuffer flush thread OMDoubleBufferFlushThread is interrupted and will exit. OMDoubleBufferFlushThread
2019-11-19 00:30:24,650 [Thread-2] INFO  utils.BackgroundService (BackgroundService.java:shutdown(151)) - Shutting down service KeyDeletingService
2019-11-19 00:30:24,653 [Thread-2] INFO  handler.ContextHandler (ContextHandler.java:doStop(910)) - Stopped o.e.j.w.WebAppContext@79e2ef63{/,null,UNAVAILABLE}{/ozoneManager}
2019-11-19 00:30:24,660 [Thread-2] INFO  server.AbstractConnector (AbstractConnector.java:doStop(318)) - Stopped ServerConnector@3b35d1e1{HTTP/1.1,[http/1.1]}{0.0.0.0:0}
2019-11-19 00:30:24,660 [Thread-2] INFO  handler.ContextHandler (ContextHandler.java:doStop(910)) - Stopped o.e.j.s.ServletContextHandler@31bfddb2{/static,file:///workdir/hadoop-ozone/integration-test/target/test-classes/webapps/static,UNAVAILABLE}
2019-11-19 00:30:24,661 [Thread-2] INFO  handler.ContextHandler (ContextHandler.java:doStop(910)) - Stopped o.e.j.s.ServletContextHandler@55833a64{/logs,file:///workdir/hadoop-ozone/integration-test/target/log,UNAVAILABLE}
2019-11-19 00:30:24,665 [Thread-2] INFO  ozone.MiniOzoneClusterImpl (MiniOzoneClusterImpl.java:stopDatanodes(397)) - Stopping the HddsDatanodes
2019-11-19 00:30:24,720 [Datanode State Machine Thread - 0] INFO  statemachine.DatanodeStateMachine (DatanodeStateMachine.java:lambda$startDaemon$0(361)) - Ozone container server started.
2019-11-19 00:30:24,732 [Datanode State Machine Thread - 0] INFO  statemachine.DatanodeStateMachine (DatanodeStateMachine.java:lambda$startDaemon$0(361)) - Ozone container server started.
2019-11-19 00:30:25,113 [Thread-242] INFO  container.ReplicationManager (ReplicationManager.java:start(162)) - Starting Replication Monitor Thread.
2019-11-19 00:30:25,115 [ReplicationMonitor] INFO  container.ReplicationManager (ReplicationManager.java:run(225)) - Replication Monitor Thread took 1 milliseconds for processing 5 containers.
2019-11-19 00:30:29,667 [ForkJoinPool.commonPool-worker-0] INFO  ozoneimpl.OzoneContainer (OzoneContainer.java:stop(244)) - Attempting to stop container services.
2019-11-19 00:30:29,668 [Thread-2] INFO  ozoneimpl.OzoneContainer (OzoneContainer.java:stop(244)) - Attempting to stop container services.
2019-11-19 00:30:29,669 [ForkJoinPool.commonPool-worker-0] INFO  impl.RaftServerProxy (RaftServerProxy.java:lambda$close$4(314)) - b62d9bbd-33a7-4ff2-9267-05f4bdb343db: close
2019-11-19 00:30:29,669 [Thread-2] INFO  impl.RaftServerProxy (RaftServerProxy.java:lambda$close$4(314)) - 76071035-5b23-4d03-97dd-5cf06d69b972: close
2019-11-19 00:30:29,672 [ForkJoinPool.commonPool-worker-0] INFO  impl.RaftServerImpl (RaftServerImpl.java:lambda$shutdown$3(250)) - b62d9bbd-33a7-4ff2-9267-05f4bdb343db@group-DEBD2D1C26FD: shutdown
2019-11-19 00:30:29,672 [Thread-2] INFO  impl.RaftServerImpl (RaftServerImpl.java:lambda$shutdown$3(250)) - 76071035-5b23-4d03-97dd-5cf06d69b972@group-F4E58E340C67: shutdown
2019-11-19 00:30:29,672 [ForkJoinPool.commonPool-worker-0] INFO  util.JmxRegister (JmxRegister.java:unregister(73)) - Successfully un-registered JMX Bean with object name Ratis:service=RaftServer,group=group-DEBD2D1C26FD,id=b62d9bbd-33a7-4ff2-9267-05f4bdb343db
2019-11-19 00:30:29,672 [Thread-2] INFO  util.JmxRegister (JmxRegister.java:unregister(73)) - Successfully un-registered JMX Bean with object name Ratis:service=RaftServer,group=group-F4E58E340C67,id=76071035-5b23-4d03-97dd-5cf06d69b972
2019-11-19 00:30:29,672 [ForkJoinPool.commonPool-worker-0] INFO  impl.RoleInfo (RoleInfo.java:shutdownFollowerState(121)) - b62d9bbd-33a7-4ff2-9267-05f4bdb343db: shutdown FollowerState
2019-11-19 00:30:29,673 [Thread-2] INFO  impl.RoleInfo (RoleInfo.java:shutdownLeaderState(104)) - 76071035-5b23-4d03-97dd-5cf06d69b972: shutdown LeaderState
2019-11-19 00:30:29,673 [Thread-238] INFO  impl.FollowerState (FollowerState.java:run(120)) - b62d9bbd-33a7-4ff2-9267-05f4bdb343db@group-DEBD2D1C26FD-FollowerState was interrupted: java.lang.InterruptedException: sleep interrupted
2019-11-19 00:30:29,673 [ForkJoinPool.commonPool-worker-0] INFO  impl.StateMachineUpdater (StateMachineUpdater.java:stopAndJoin(136)) - b62d9bbd-33a7-4ff2-9267-05f4bdb343db@group-DEBD2D1C26FD-StateMachineUpdater: set stopIndex = 0
2019-11-19 00:30:29,676 [ForkJoinPool.commonPool-worker-0] INFO  impl.RaftServerImpl (ServerState.java:close(387)) - b62d9bbd-33a7-4ff2-9267-05f4bdb343db@group-DEBD2D1C26FD: closes. applyIndex: 0
2019-11-19 00:30:29,676 [Thread-2] INFO  impl.PendingRequests (PendingRequests.java:sendNotLeaderResponses(206)) - 76071035-5b23-4d03-97dd-5cf06d69b972@group-F4E58E340C67-PendingRequests: sendNotLeaderResponses
2019-11-19 00:30:29,678 [b62d9bbd-33a7-4ff2-9267-05f4bdb343db@group-DEBD2D1C26FD-SegmentedRaftLogWorker] INFO  segmented.SegmentedRaftLogWorker (SegmentedRaftLogWorker.java:run(316)) - b62d9bbd-33a7-4ff2-9267-05f4bdb343db@group-DEBD2D1C26FD-SegmentedRaftLogWorker was interrupted, exiting. There are 0 tasks remaining in the queue.
2019-11-19 00:30:29,678 [Thread-2] INFO  impl.StateMachineUpdater (StateMachineUpdater.java:stopAndJoin(136)) - 76071035-5b23-4d03-97dd-5cf06d69b972@group-F4E58E340C67-StateMachineUpdater: set stopIndex = 0
2019-11-19 00:30:29,680 [ForkJoinPool.commonPool-worker-0] INFO  segmented.SegmentedRaftLogWorker (SegmentedRaftLogWorker.java:close(224)) - b62d9bbd-33a7-4ff2-9267-05f4bdb343db@group-DEBD2D1C26FD-SegmentedRaftLogWorker close()
2019-11-19 00:30:29,680 [Thread-2] INFO  impl.RaftServerImpl (ServerState.java:close(387)) - 76071035-5b23-4d03-97dd-5cf06d69b972@group-F4E58E340C67: closes. applyIndex: 0
2019-11-19 00:30:29,681 [ForkJoinPool.commonPool-worker-0] INFO  impl.RaftServerImpl (RaftServerImpl.java:lambda$shutdown$3(250)) - b62d9bbd-33a7-4ff2-9267-05f4bdb343db@group-947766DA1A06: shutdown
2019-11-19 00:30:29,682 [76071035-5b23-4d03-97dd-5cf06d69b972@group-F4E58E340C67-SegmentedRaftLogWorker] INFO  segmented.SegmentedRaftLogWorker (SegmentedRaftLogWorker.java:run(316)) - 76071035-5b23-4d03-97dd-5cf06d69b972@group-F4E58E340C67-SegmentedRaftLogWorker was interrupted, exiting. There are 0 tasks remaining in the queue.
2019-11-19 00:30:29,682 [ForkJoinPool.commonPool-worker-0] INFO  util.JmxRegister (JmxRegister.java:unregister(73)) - Successfully un-registered JMX Bean with object name Ratis:service=RaftServer,group=group-947766DA1A06,id=b62d9bbd-33a7-4ff2-9267-05f4bdb343db
2019-11-19 00:30:29,683 [Thread-2] INFO  segmented.SegmentedRaftLogWorker (SegmentedRaftLogWorker.java:close(224)) - 76071035-5b23-4d03-97dd-5cf06d69b972@group-F4E58E340C67-SegmentedRaftLogWorker close()
2019-11-19 00:30:29,683 [ForkJoinPool.commonPool-worker-0] INFO  impl.RoleInfo (RoleInfo.java:shutdownLeaderState(104)) - b62d9bbd-33a7-4ff2-9267-05f4bdb343db: shutdown LeaderState
2019-11-19 00:30:29,685 [Thread-2] INFO  impl.RaftServerImpl (RaftServerImpl.java:lambda$shutdown$3(250)) - 76071035-5b23-4d03-97dd-5cf06d69b972@group-DEBD2D1C26FD: shutdown
2019-11-19 00:30:29,685 [ForkJoinPool.commonPool-worker-0] INFO  impl.PendingRequests (PendingRequests.java:sendNotLeaderResponses(206)) - b62d9bbd-33a7-4ff2-9267-05f4bdb343db@group-947766DA1A06-PendingRequests: sendNotLeaderResponses
2019-11-19 00:30:29,686 [Thread-2] INFO  util.JmxRegister (JmxRegister.java:unregister(73)) - Successfully un-registered JMX Bean with object name Ratis:service=RaftServer,group=group-DEBD2D1C26FD,id=76071035-5b23-4d03-97dd-5cf06d69b972
2019-11-19 00:30:29,687 [ForkJoinPool.commonPool-worker-0] INFO  impl.StateMachineUpdater (StateMachineUpdater.java:stopAndJoin(136)) - b62d9bbd-33a7-4ff2-9267-05f4bdb343db@group-947766DA1A06-StateMachineUpdater: set stopIndex = 0
2019-11-19 00:30:29,687 [Thread-2] INFO  impl.RoleInfo (RoleInfo.java:shutdownLeaderState(104)) - 76071035-5b23-4d03-97dd-5cf06d69b972: shutdown LeaderState
2019-11-19 00:30:29,688 [ForkJoinPool.commonPool-worker-0] INFO  impl.RaftServerImpl (ServerState.java:close(387)) - b62d9bbd-33a7-4ff2-9267-05f4bdb343db@group-947766DA1A06: closes. applyIndex: 0
2019-11-19 00:30:29,690 [Thread-2] INFO  impl.PendingRequests (PendingRequests.java:sendNotLeaderResponses(206)) - 76071035-5b23-4d03-97dd-5cf06d69b972@group-DEBD2D1C26FD-PendingRequests: sendNotLeaderResponses
2019-11-19 00:30:29,690 [org.apache.ratis.server.impl.LogAppender$AppenderDaemon$$Lambda$506/798765098@454ec87d] WARN  server.GrpcLogAppender (GrpcLogAppender.java:mayWait(151)) - 76071035-5b23-4d03-97dd-5cf06d69b972@group-DEBD2D1C26FD->b62d9bbd-33a7-4ff2-9267-05f4bdb343db-GrpcLogAppender: Wait interrupted by java.lang.InterruptedException
2019-11-19 00:30:29,690 [org.apache.ratis.server.impl.LogAppender$AppenderDaemon$$Lambda$506/798765098@2a05313c] WARN  server.GrpcLogAppender (GrpcLogAppender.java:mayWait(151)) - 76071035-5b23-4d03-97dd-5cf06d69b972@group-DEBD2D1C26FD->ccff26cc-50ac-4ffe-b50c-ee69743230ae-GrpcLogAppender: Wait interrupted by java.lang.InterruptedException
2019-11-19 00:30:29,690 [b62d9bbd-33a7-4ff2-9267-05f4bdb343db@group-947766DA1A06-SegmentedRaftLogWorker] INFO  segmented.SegmentedRaftLogWorker (SegmentedRaftLogWorker.java:run(316)) - b62d9bbd-33a7-4ff2-9267-05f4bdb343db@group-947766DA1A06-SegmentedRaftLogWorker was interrupted, exiting. There are 0 tasks remaining in the queue.
2019-11-19 00:30:29,691 [Thread-2] INFO  impl.StateMachineUpdater (StateMachineUpdater.java:stopAndJoin(136)) - 76071035-5b23-4d03-97dd-5cf06d69b972@group-DEBD2D1C26FD-StateMachineUpdater: set stopIndex = 0
2019-11-19 00:30:29,693 [ForkJoinPool.commonPool-worker-0] INFO  segmented.SegmentedRaftLogWorker (SegmentedRaftLogWorker.java:close(224)) - b62d9bbd-33a7-4ff2-9267-05f4bdb343db@group-947766DA1A06-SegmentedRaftLogWorker close()
2019-11-19 00:30:29,693 [Thread-2] INFO  impl.RaftServerImpl (ServerState.java:close(387)) - 76071035-5b23-4d03-97dd-5cf06d69b972@group-DEBD2D1C26FD: closes. applyIndex: 0
2019-11-19 00:30:29,699 [ForkJoinPool.commonPool-worker-0] INFO  server.GrpcService (GrpcService.java:closeImpl(164)) - b62d9bbd-33a7-4ff2-9267-05f4bdb343db: shutdown server with port 35065 now
2019-11-19 00:30:29,699 [76071035-5b23-4d03-97dd-5cf06d69b972@group-DEBD2D1C26FD-SegmentedRaftLogWorker] INFO  segmented.SegmentedRaftLogWorker (SegmentedRaftLogWorker.java:run(316)) - 76071035-5b23-4d03-97dd-5cf06d69b972@group-DEBD2D1C26FD-SegmentedRaftLogWorker was interrupted, exiting. There are 0 tasks remaining in the queue.
2019-11-19 00:30:29,700 [Thread-2] INFO  segmented.SegmentedRaftLogWorker (SegmentedRaftLogWorker.java:close(224)) - 76071035-5b23-4d03-97dd-5cf06d69b972@group-DEBD2D1C26FD-SegmentedRaftLogWorker close()
2019-11-19 00:30:29,702 [Thread-2] INFO  server.GrpcService (GrpcService.java:closeImpl(164)) - 76071035-5b23-4d03-97dd-5cf06d69b972: shutdown server with port 46404 now
2019-11-19 00:30:29,702 [grpc-default-executor-3] INFO  server.GrpcServerProtocolService (GrpcServerProtocolService.java:onCompleted(113)) - b62d9bbd-33a7-4ff2-9267-05f4bdb343db: Completed APPEND_ENTRIES, lastRequest: 76071035-5b23-4d03-97dd-5cf06d69b972->b62d9bbd-33a7-4ff2-9267-05f4bdb343db#3-t2, previous=(t:2, i:0), leaderCommit=0, initializing? false, entries: <empty>
2019-11-19 00:30:29,702 [grpc-default-executor-1] INFO  server.GrpcServerProtocolService (GrpcServerProtocolService.java:onCompleted(113)) - ccff26cc-50ac-4ffe-b50c-ee69743230ae: Completed APPEND_ENTRIES, lastRequest: 76071035-5b23-4d03-97dd-5cf06d69b972->ccff26cc-50ac-4ffe-b50c-ee69743230ae#3-t2, previous=(t:2, i:0), leaderCommit=0, initializing? false, entries: <empty>
2019-11-19 00:30:29,705 [grpc-default-executor-1] INFO  server.GrpcLogAppender (GrpcLogAppender.java:onCompleted(308)) - 76071035-5b23-4d03-97dd-5cf06d69b972@group-DEBD2D1C26FD->ccff26cc-50ac-4ffe-b50c-ee69743230ae-AppendLogResponseHandler: follower responses appendEntries COMPLETED
2019-11-19 00:30:29,707 [grpc-default-executor-3] INFO  server.GrpcLogAppender (GrpcLogAppender.java:onCompleted(308)) - 76071035-5b23-4d03-97dd-5cf06d69b972@group-DEBD2D1C26FD->b62d9bbd-33a7-4ff2-9267-05f4bdb343db-AppendLogResponseHandler: follower responses appendEntries COMPLETED
2019-11-19 00:30:29,710 [grpc-default-executor-3] INFO  impl.FollowerInfo (FollowerInfo.java:lambda$new$0(51)) - 76071035-5b23-4d03-97dd-5cf06d69b972@group-DEBD2D1C26FD->b62d9bbd-33a7-4ff2-9267-05f4bdb343db: nextIndex: updateUnconditionally 1 -> 0
2019-11-19 00:30:29,715 [grpc-default-executor-1] INFO  impl.FollowerInfo (FollowerInfo.java:lambda$new$0(51)) - 76071035-5b23-4d03-97dd-5cf06d69b972@group-DEBD2D1C26FD->ccff26cc-50ac-4ffe-b50c-ee69743230ae: nextIndex: updateUnconditionally 1 -> 0
2019-11-19 00:30:29,718 [Thread-2] INFO  server.GrpcService (GrpcService.java:closeImpl(172)) - 76071035-5b23-4d03-97dd-5cf06d69b972: shutdown server with port 46404 successfully
2019-11-19 00:30:29,719 [ForkJoinPool.commonPool-worker-0] INFO  server.GrpcService (GrpcService.java:closeImpl(172)) - b62d9bbd-33a7-4ff2-9267-05f4bdb343db: shutdown server with port 35065 successfully
2019-11-19 00:30:29,727 [refreshUsed-/workdir/hadoop-ozone/integration-test/target/test-dir/MiniOzoneClusterImpl-c8053201-d7cc-49ef-bed9-2d8ab9a084ae/datanode-0/data/containers] WARN  fs.CachingGetSpaceUsed (CachingGetSpaceUsed.java:run(183)) - Thread Interrupted waiting to refresh disk information: sleep interrupted
2019-11-19 00:30:29,732 [refreshUsed-/workdir/hadoop-ozone/integration-test/target/test-dir/MiniOzoneClusterImpl-c8053201-d7cc-49ef-bed9-2d8ab9a084ae/datanode-1/data/containers] WARN  fs.CachingGetSpaceUsed (CachingGetSpaceUsed.java:run(183)) - Thread Interrupted waiting to refresh disk information: sleep interrupted
2019-11-19 00:30:29,746 [Thread-2] INFO  utils.BackgroundService (BackgroundService.java:shutdown(151)) - Shutting down service BlockDeletingService
2019-11-19 00:30:29,749 [Thread-2] INFO  statemachine.DatanodeStateMachine (DatanodeStateMachine.java:stopDaemon(406)) - Ozone container server stopped.
2019-11-19 00:30:29,749 [ForkJoinPool.commonPool-worker-0] INFO  utils.BackgroundService (BackgroundService.java:shutdown(151)) - Shutting down service BlockDeletingService
2019-11-19 00:30:29,750 [Thread-2] INFO  handler.ContextHandler (ContextHandler.java:doStop(910)) - Stopped o.e.j.w.WebAppContext@5b891eac{/,null,UNAVAILABLE}{/hddsDatanode}
2019-11-19 00:30:29,752 [ForkJoinPool.commonPool-worker-0] INFO  statemachine.DatanodeStateMachine (DatanodeStateMachine.java:stopDaemon(406)) - Ozone container server stopped.
2019-11-19 00:30:29,753 [Thread-2] INFO  server.AbstractConnector (AbstractConnector.java:doStop(318)) - Stopped ServerConnector@2f24b163{HTTP/1.1,[http/1.1]}{0.0.0.0:0}
2019-11-19 00:30:29,754 [Thread-2] INFO  handler.ContextHandler (ContextHandler.java:doStop(910)) - Stopped o.e.j.s.ServletContextHandler@52d2a7b9{/static,jar:file:/home/user/.m2/repository/org/apache/hadoop/hadoop-hdds-container-service/0.5.0-SNAPSHOT/hadoop-hdds-container-service-0.5.0-SNAPSHOT.jar!/webapps/static,UNAVAILABLE}
2019-11-19 00:30:29,755 [Thread-2] INFO  handler.ContextHandler (ContextHandler.java:doStop(910)) - Stopped o.e.j.s.ServletContextHandler@22e88749{/logs,file:///workdir/hadoop-ozone/integration-test/target/log,UNAVAILABLE}
2019-11-19 00:30:29,755 [ForkJoinPool.commonPool-worker-0] INFO  handler.ContextHandler (ContextHandler.java:doStop(910)) - Stopped o.e.j.w.WebAppContext@47339b3e{/,null,UNAVAILABLE}{/hddsDatanode}
2019-11-19 00:30:29,756 [ForkJoinPool.commonPool-worker-0] INFO  server.AbstractConnector (AbstractConnector.java:doStop(318)) - Stopped ServerConnector@151dda8a{HTTP/1.1,[http/1.1]}{0.0.0.0:0}
2019-11-19 00:30:29,757 [ForkJoinPool.commonPool-worker-0] INFO  handler.ContextHandler (ContextHandler.java:doStop(910)) - Stopped o.e.j.s.ServletContextHandler@1b99834d{/static,jar:file:/home/user/.m2/repository/org/apache/hadoop/hadoop-hdds-container-service/0.5.0-SNAPSHOT/hadoop-hdds-container-service-0.5.0-SNAPSHOT.jar!/webapps/static,UNAVAILABLE}
2019-11-19 00:30:29,757 [ForkJoinPool.commonPool-worker-0] INFO  handler.ContextHandler (ContextHandler.java:doStop(910)) - Stopped o.e.j.s.ServletContextHandler@da4d255{/logs,file:///workdir/hadoop-ozone/integration-test/target/log,UNAVAILABLE}
2019-11-19 00:30:29,838 [Datanode State Machine Thread - 0] INFO  statemachine.DatanodeStateMachine (DatanodeStateMachine.java:lambda$startDaemon$0(361)) - Ozone container server started.
2019-11-19 00:30:34,756 [Thread-2] INFO  ozoneimpl.OzoneContainer (OzoneContainer.java:stop(244)) - Attempting to stop container services.
2019-11-19 00:30:34,757 [Thread-2] INFO  impl.RaftServerProxy (RaftServerProxy.java:lambda$close$4(314)) - ccff26cc-50ac-4ffe-b50c-ee69743230ae: close
2019-11-19 00:30:34,758 [Thread-2] INFO  impl.RaftServerImpl (RaftServerImpl.java:lambda$shutdown$3(250)) - ccff26cc-50ac-4ffe-b50c-ee69743230ae@group-E86784D71B62: shutdown
2019-11-19 00:30:34,758 [ForkJoinPool.commonPool-worker-1] INFO  impl.RaftServerImpl (RaftServerImpl.java:lambda$shutdown$3(250)) - ccff26cc-50ac-4ffe-b50c-ee69743230ae@group-DEBD2D1C26FD: shutdown
2019-11-19 00:30:34,758 [Thread-2] INFO  util.JmxRegister (JmxRegister.java:unregister(73)) - Successfully un-registered JMX Bean with object name Ratis:service=RaftServer,group=group-E86784D71B62,id=ccff26cc-50ac-4ffe-b50c-ee69743230ae
2019-11-19 00:30:34,758 [ForkJoinPool.commonPool-worker-1] INFO  util.JmxRegister (JmxRegister.java:unregister(73)) - Successfully un-registered JMX Bean with object name Ratis:service=RaftServer,group=group-DEBD2D1C26FD,id=ccff26cc-50ac-4ffe-b50c-ee69743230ae
2019-11-19 00:30:34,759 [Thread-2] INFO  impl.RoleInfo (RoleInfo.java:shutdownLeaderState(104)) - ccff26cc-50ac-4ffe-b50c-ee69743230ae: shutdown LeaderState
2019-11-19 00:30:34,759 [ForkJoinPool.commonPool-worker-1] INFO  impl.RoleInfo (RoleInfo.java:shutdownFollowerState(121)) - ccff26cc-50ac-4ffe-b50c-ee69743230ae: shutdown FollowerState
2019-11-19 00:30:34,759 [Thread-2] INFO  impl.PendingRequests (PendingRequests.java:sendNotLeaderResponses(206)) - ccff26cc-50ac-4ffe-b50c-ee69743230ae@group-E86784D71B62-PendingRequests: sendNotLeaderResponses
2019-11-19 00:30:34,759 [Thread-239] INFO  impl.FollowerState (FollowerState.java:run(120)) - ccff26cc-50ac-4ffe-b50c-ee69743230ae@group-DEBD2D1C26FD-FollowerState was interrupted: java.lang.InterruptedException: sleep interrupted
2019-11-19 00:30:34,759 [ForkJoinPool.commonPool-worker-1] INFO  impl.StateMachineUpdater (StateMachineUpdater.java:stopAndJoin(136)) - ccff26cc-50ac-4ffe-b50c-ee69743230ae@group-DEBD2D1C26FD-StateMachineUpdater: set stopIndex = 0
2019-11-19 00:30:34,760 [Thread-2] INFO  impl.StateMachineUpdater (StateMachineUpdater.java:stopAndJoin(136)) - ccff26cc-50ac-4ffe-b50c-ee69743230ae@group-E86784D71B62-StateMachineUpdater: set stopIndex = 0
2019-11-19 00:30:34,762 [Thread-2] INFO  impl.RaftServerImpl (ServerState.java:close(387)) - ccff26cc-50ac-4ffe-b50c-ee69743230ae@group-E86784D71B62: closes. applyIndex: 0
2019-11-19 00:30:34,761 [ForkJoinPool.commonPool-worker-1] INFO  impl.RaftServerImpl (ServerState.java:close(387)) - ccff26cc-50ac-4ffe-b50c-ee69743230ae@group-DEBD2D1C26FD: closes. applyIndex: 0
2019-11-19 00:30:34,762 [ccff26cc-50ac-4ffe-b50c-ee69743230ae@group-E86784D71B62-SegmentedRaftLogWorker] INFO  segmented.SegmentedRaftLogWorker (SegmentedRaftLogWorker.java:run(316)) - ccff26cc-50ac-4ffe-b50c-ee69743230ae@group-E86784D71B62-SegmentedRaftLogWorker was interrupted, exiting. There are 0 tasks remaining in the queue.
2019-11-19 00:30:34,762 [ccff26cc-50ac-4ffe-b50c-ee69743230ae@group-DEBD2D1C26FD-SegmentedRaftLogWorker] INFO  segmented.SegmentedRaftLogWorker (SegmentedRaftLogWorker.java:run(316)) - ccff26cc-50ac-4ffe-b50c-ee69743230ae@group-DEBD2D1C26FD-SegmentedRaftLogWorker was interrupted, exiting. There are 0 tasks remaining in the queue.
2019-11-19 00:30:34,763 [Thread-2] INFO  segmented.SegmentedRaftLogWorker (SegmentedRaftLogWorker.java:close(224)) - ccff26cc-50ac-4ffe-b50c-ee69743230ae@group-E86784D71B62-SegmentedRaftLogWorker close()
2019-11-19 00:30:34,764 [ForkJoinPool.commonPool-worker-1] INFO  segmented.SegmentedRaftLogWorker (SegmentedRaftLogWorker.java:close(224)) - ccff26cc-50ac-4ffe-b50c-ee69743230ae@group-DEBD2D1C26FD-SegmentedRaftLogWorker close()
2019-11-19 00:30:34,766 [Thread-2] INFO  server.GrpcService (GrpcService.java:closeImpl(164)) - ccff26cc-50ac-4ffe-b50c-ee69743230ae: shutdown server with port 34305 now
2019-11-19 00:30:34,768 [Thread-2] INFO  server.GrpcService (GrpcService.java:closeImpl(172)) - ccff26cc-50ac-4ffe-b50c-ee69743230ae: shutdown server with port 34305 successfully
2019-11-19 00:30:34,778 [refreshUsed-/workdir/hadoop-ozone/integration-test/target/test-dir/MiniOzoneClusterImpl-c8053201-d7cc-49ef-bed9-2d8ab9a084ae/datanode-2/data/containers] WARN  fs.CachingGetSpaceUsed (CachingGetSpaceUsed.java:run(183)) - Thread Interrupted waiting to refresh disk information: sleep interrupted
2019-11-19 00:30:34,794 [Thread-2] INFO  utils.BackgroundService (BackgroundService.java:shutdown(151)) - Shutting down service BlockDeletingService
2019-11-19 00:30:34,797 [Thread-2] INFO  statemachine.DatanodeStateMachine (DatanodeStateMachine.java:stopDaemon(406)) - Ozone container server stopped.
2019-11-19 00:30:34,798 [Thread-2] INFO  handler.ContextHandler (ContextHandler.java:doStop(910)) - Stopped o.e.j.w.WebAppContext@5cb3894f{/,null,UNAVAILABLE}{/hddsDatanode}
2019-11-19 00:30:34,799 [Thread-2] INFO  server.AbstractConnector (AbstractConnector.java:doStop(318)) - Stopped ServerConnector@3b1431b7{HTTP/1.1,[http/1.1]}{0.0.0.0:0}
2019-11-19 00:30:34,799 [Thread-2] INFO  handler.ContextHandler (ContextHandler.java:doStop(910)) - Stopped o.e.j.s.ServletContextHandler@47f65e87{/static,jar:file:/home/user/.m2/repository/org/apache/hadoop/hadoop-hdds-container-service/0.5.0-SNAPSHOT/hadoop-hdds-container-service-0.5.0-SNAPSHOT.jar!/webapps/static,UNAVAILABLE}
2019-11-19 00:30:34,799 [Thread-2] INFO  handler.ContextHandler (ContextHandler.java:doStop(910)) - Stopped o.e.j.s.ServletContextHandler@7d9f8064{/logs,file:///workdir/hadoop-ozone/integration-test/target/log,UNAVAILABLE}
2019-11-19 00:30:34,800 [Thread-2] INFO  ozone.MiniOzoneClusterImpl (MiniOzoneClusterImpl.java:stopSCM(412)) - Stopping the StorageContainerManager
2019-11-19 00:30:34,801 [Thread-2] INFO  server.StorageContainerManager (StorageContainerManager.java:stop(803)) - Stopping Replication Manager Service.
2019-11-19 00:30:34,801 [Thread-2] INFO  container.ReplicationManager (ReplicationManager.java:stop(203)) - Stopping Replication Monitor Thread.
2019-11-19 00:30:34,801 [Thread-2] INFO  server.StorageContainerManager (StorageContainerManager.java:stop(810)) - Stopping Lease Manager of the command watchers
2019-11-19 00:30:34,801 [Thread-2] INFO  server.StorageContainerManager (StorageContainerManager.java:stop(817)) - Stopping datanode service RPC server
2019-11-19 00:30:34,801 [Thread-2] INFO  server.SCMDatanodeProtocolServer (SCMDatanodeProtocolServer.java:stop(366)) - Stopping the RPC server for DataNodes
2019-11-19 00:30:34,801 [Thread-2] INFO  ipc.Server (Server.java:stop(3082)) - Stopping server on 35297
2019-11-19 00:30:34,803 [IPC Server Responder] INFO  ipc.Server (Server.java:run(1319)) - Stopping IPC Server Responder
2019-11-19 00:30:34,803 [IPC Server listener on 35297] INFO  ipc.Server (Server.java:run(1185)) - Stopping IPC Server listener on 35297
2019-11-19 00:30:34,850 [SCM Heartbeat Processing Thread - 0] WARN  node.NodeStateManager (NodeStateManager.java:scheduleNextHealthCheck(646)) - Current Thread is interrupted, shutting down HB processing thread for Node Manager.
2019-11-19 00:30:34,850 [Thread-2] INFO  server.StorageContainerManager (StorageContainerManager.java:stop(825)) - Stopping block service RPC server
2019-11-19 00:30:34,851 [Thread-2] INFO  server.SCMBlockProtocolServer (SCMBlockProtocolServer.java:stop(155)) - Stopping the RPC server for Block Protocol
2019-11-19 00:30:34,851 [Thread-2] INFO  ipc.Server (Server.java:stop(3082)) - Stopping server on 39035
2019-11-19 00:30:34,851 [IPC Server listener on 39035] INFO  ipc.Server (Server.java:run(1185)) - Stopping IPC Server listener on 39035
2019-11-19 00:30:34,851 [Thread-2] INFO  server.StorageContainerManager (StorageContainerManager.java:stop(832)) - Stopping the StorageContainerLocationProtocol RPC server
2019-11-19 00:30:34,852 [Thread-2] INFO  server.SCMClientProtocolServer (SCMClientProtocolServer.java:stop(169)) - Stopping the RPC server for Client Protocol
2019-11-19 00:30:34,852 [Thread-2] INFO  ipc.Server (Server.java:stop(3082)) - Stopping server on 45974
2019-11-19 00:30:34,852 [IPC Server listener on 45974] INFO  ipc.Server (Server.java:run(1185)) - Stopping IPC Server listener on 45974
2019-11-19 00:30:34,852 [Thread-2] INFO  server.StorageContainerManager (StorageContainerManager.java:stop(839)) - Stopping Storage Container Manager HTTP server.
2019-11-19 00:30:34,852 [IPC Server Responder] INFO  ipc.Server (Server.java:run(1319)) - Stopping IPC Server Responder
2019-11-19 00:30:34,853 [IPC Server Responder] INFO  ipc.Server (Server.java:run(1319)) - Stopping IPC Server Responder
2019-11-19 00:30:34,854 [Thread-2] INFO  handler.ContextHandler (ContextHandler.java:doStop(910)) - Stopped o.e.j.w.WebAppContext@2f921f52{/,null,UNAVAILABLE}{/scm}
2019-11-19 00:30:34,855 [Thread-2] INFO  server.AbstractConnector (AbstractConnector.java:doStop(318)) - Stopped ServerConnector@7d960043{HTTP/1.1,[http/1.1]}{0.0.0.0:0}
2019-11-19 00:30:34,855 [Thread-2] INFO  handler.ContextHandler (ContextHandler.java:doStop(910)) - Stopped o.e.j.s.ServletContextHandler@4ffd9732{/static,file:///workdir/hadoop-ozone/integration-test/target/test-classes/webapps/static,UNAVAILABLE}
2019-11-19 00:30:34,855 [Thread-2] INFO  handler.ContextHandler (ContextHandler.java:doStop(910)) - Stopped o.e.j.s.ServletContextHandler@3644f0f9{/logs,file:///workdir/hadoop-ozone/integration-test/target/log,UNAVAILABLE}
2019-11-19 00:30:34,856 [Thread-2] INFO  server.StorageContainerManager (StorageContainerManager.java:stop(850)) - Stopping Block Manager Service.
2019-11-19 00:30:34,856 [Thread-2] INFO  utils.BackgroundService (BackgroundService.java:shutdown(151)) - Shutting down service SCMBlockDeletingService
2019-11-19 00:30:34,857 [Thread-2] INFO  utils.BackgroundService (BackgroundService.java:shutdown(151)) - Shutting down service SCMBlockDeletingService
2019-11-19 00:30:34,857 [Thread-2] INFO  server.StorageContainerManager (StorageContainerManager.java:stop(872)) - Stopping SCM Event Queue.
2019-11-19 00:30:34,863 [Thread-2] INFO  impl.MetricsSystemImpl (MetricsSystemImpl.java:stop(210)) - Stopping XceiverClientMetrics metrics system...
2019-11-19 00:30:34,866 [prometheus] INFO  impl.MetricsSinkAdapter (MetricsSinkAdapter.java:publishMetricsFromQueue(141)) - prometheus thread interrupted.
2019-11-19 00:30:34,866 [Thread-2] INFO  impl.MetricsSystemImpl (MetricsSystemImpl.java:stop(216)) - XceiverClientMetrics metrics system stopped.
]]></system-out>
    <system-err><![CDATA[ERROR StatusLogger No Log4j 2 configuration file found. Using default configuration (logging only errors to the console), or user programmatically provided configurations. Set system property 'log4j2.debug' to show Log4j 2 internal initialization logging. See https://logging.apache.org/log4j/2.x/manual/configuration.html for instructions on how to configure Log4j 2
]]></system-err>
  </testcase>
  <testcase name="testBlockDeletingThrottling" classname="org.apache.hadoop.ozone.TestStorageContainerManager" time="21.335">
    <error type="java.lang.NullPointerException">java.lang.NullPointerException
	at org.apache.hadoop.ozone.om.KeyManagerImpl.refreshPipeline(KeyManagerImpl.java:689)
	at org.apache.hadoop.ozone.om.KeyManagerImpl.lookupKey(KeyManagerImpl.java:651)
	at org.apache.hadoop.ozone.om.OzoneManager.lookupKey(OzoneManager.java:2149)
	at org.apache.hadoop.ozone.TestStorageContainerManagerHelper.createKeys(TestStorageContainerManagerHelper.java:82)
	at org.apache.hadoop.ozone.TestStorageContainerManager.testBlockDeletingThrottling(TestStorageContainerManager.java:359)
	at sun.reflect.NativeMethodAccessorImpl.invoke0(Native Method)
	at sun.reflect.NativeMethodAccessorImpl.invoke(NativeMethodAccessorImpl.java:62)
	at sun.reflect.DelegatingMethodAccessorImpl.invoke(DelegatingMethodAccessorImpl.java:43)
	at java.lang.reflect.Method.invoke(Method.java:498)
	at org.junit.runners.model.FrameworkMethod$1.runReflectiveCall(FrameworkMethod.java:47)
	at org.junit.internal.runners.model.ReflectiveCallable.run(ReflectiveCallable.java:12)
	at org.junit.runners.model.FrameworkMethod.invokeExplosively(FrameworkMethod.java:44)
	at org.junit.internal.runners.statements.InvokeMethod.evaluate(InvokeMethod.java:17)
	at org.junit.internal.runners.statements.FailOnTimeout$StatementThread.run(FailOnTimeout.java:74)
</error>
    <system-out><![CDATA[2019-11-19 00:30:34,930 [Thread-261] WARN  server.ServerUtils (ServerUtils.java:getScmDbDir(145)) - ozone.scm.db.dirs is not configured. We recommend adding this setting. Falling back to ozone.metadata.dirs instead.
2019-11-19 00:30:34,943 [Thread-261] WARN  server.ServerUtils (ServerUtils.java:getScmDbDir(145)) - ozone.scm.db.dirs is not configured. We recommend adding this setting. Falling back to ozone.metadata.dirs instead.
2019-11-19 00:30:34,944 [Thread-261] WARN  server.ServerUtils (ServerUtils.java:getScmDbDir(145)) - ozone.scm.db.dirs is not configured. We recommend adding this setting. Falling back to ozone.metadata.dirs instead.
2019-11-19 00:30:34,945 [Thread-261] INFO  db.DBStoreBuilder (DBStoreBuilder.java:addTable(127)) - using custom profile for table: deletedBlocks
2019-11-19 00:30:34,945 [Thread-261] INFO  db.DBStoreBuilder (DBStoreBuilder.java:processTables(183)) - Using default column profile:DBProfile.DISK for Table:deletedBlocks
2019-11-19 00:30:34,945 [Thread-261] INFO  db.DBStoreBuilder (DBStoreBuilder.java:addTable(127)) - using custom profile for table: validCerts
2019-11-19 00:30:34,946 [Thread-261] INFO  db.DBStoreBuilder (DBStoreBuilder.java:processTables(183)) - Using default column profile:DBProfile.DISK for Table:validCerts
2019-11-19 00:30:34,946 [Thread-261] INFO  db.DBStoreBuilder (DBStoreBuilder.java:addTable(127)) - using custom profile for table: revokedCerts
2019-11-19 00:30:34,946 [Thread-261] INFO  db.DBStoreBuilder (DBStoreBuilder.java:processTables(183)) - Using default column profile:DBProfile.DISK for Table:revokedCerts
2019-11-19 00:30:34,947 [Thread-261] INFO  db.DBStoreBuilder (DBStoreBuilder.java:addTable(127)) - using custom profile for table: default
2019-11-19 00:30:34,947 [Thread-261] INFO  db.DBStoreBuilder (DBStoreBuilder.java:processTables(189)) - Using default column profile:DBProfile.DISK for Table:default
2019-11-19 00:30:34,947 [Thread-261] INFO  db.DBStoreBuilder (DBStoreBuilder.java:getDbProfile(220)) - Using default options. DBProfile.DISK
2019-11-19 00:30:35,178 [Thread-261] INFO  net.NodeSchemaLoader (NodeSchemaLoader.java:loadSchemaFromFile(125)) - Loading file from sun.misc.CompoundEnumeration@71d0f3a2
2019-11-19 00:30:35,179 [Thread-261] INFO  net.NodeSchemaLoader (NodeSchemaLoader.java:loadSchema(171)) - Loading network topology layer schema file
2019-11-19 00:30:35,182 [Thread-261] INFO  node.SCMNodeManager (SCMNodeManager.java:<init>(116)) - Entering startup safe mode.
2019-11-19 00:30:35,183 [Thread-261] INFO  algorithms.ContainerPlacementPolicyFactory (ContainerPlacementPolicyFactory.java:getPolicy(57)) - Create container placement policy of type org.apache.hadoop.hdds.scm.container.placement.algorithms.SCMContainerPlacementRandom
2019-11-19 00:30:35,183 [Thread-261] WARN  server.ServerUtils (ServerUtils.java:getScmDbDir(145)) - ozone.scm.db.dirs is not configured. We recommend adding this setting. Falling back to ozone.metadata.dirs instead.
2019-11-19 00:30:35,244 [Thread-261] INFO  pipeline.SCMPipelineManager (SCMPipelineManager.java:initializePipelineState(136)) - No pipeline exists in current db
2019-11-19 00:30:35,244 [Thread-261] WARN  server.ServerUtils (ServerUtils.java:getScmDbDir(145)) - ozone.scm.db.dirs is not configured. We recommend adding this setting. Falling back to ozone.metadata.dirs instead.
2019-11-19 00:30:35,380 [Thread-261] INFO  safemode.HealthyPipelineSafeModeRule (HealthyPipelineSafeModeRule.java:<init>(92)) -  Total pipeline count is 0, healthy pipeline threshold count is 0
2019-11-19 00:30:35,380 [Thread-261] INFO  safemode.OneReplicaPipelineSafeModeRule (OneReplicaPipelineSafeModeRule.java:<init>(79)) - Total pipeline count is 0, pipeline's with at least one datanode reported threshold count is 0
2019-11-19 00:30:35,380 [Thread-261] WARN  events.EventQueue (EventQueue.java:fireEvent(183)) - No event handler registered for event TypedEvent{payloadType=SafeModeStatus, name='SafeModeStatus'}
2019-11-19 00:30:35,381 [Thread-261] INFO  ipc.CallQueueManager (CallQueueManager.java:<init>(84)) - Using callQueue: class java.util.concurrent.LinkedBlockingQueue, queueCapacity: 2000, scheduler: class org.apache.hadoop.ipc.DefaultRpcScheduler, ipcBackoff: false.
2019-11-19 00:30:35,382 [Socket Reader #1 for port 41179] INFO  ipc.Server (Server.java:run(1074)) - Starting Socket Reader #1 for port 41179
2019-11-19 00:30:35,384 [Thread-261] INFO  ipc.CallQueueManager (CallQueueManager.java:<init>(84)) - Using callQueue: class java.util.concurrent.LinkedBlockingQueue, queueCapacity: 2000, scheduler: class org.apache.hadoop.ipc.DefaultRpcScheduler, ipcBackoff: false.
2019-11-19 00:30:35,385 [Socket Reader #1 for port 35847] INFO  ipc.Server (Server.java:run(1074)) - Starting Socket Reader #1 for port 35847
2019-11-19 00:30:35,386 [Thread-261] INFO  ipc.CallQueueManager (CallQueueManager.java:<init>(84)) - Using callQueue: class java.util.concurrent.LinkedBlockingQueue, queueCapacity: 2000, scheduler: class org.apache.hadoop.ipc.DefaultRpcScheduler, ipcBackoff: false.
2019-11-19 00:30:35,387 [Socket Reader #1 for port 45198] INFO  ipc.Server (Server.java:run(1074)) - Starting Socket Reader #1 for port 45198
2019-11-19 00:30:35,390 [Thread-261] INFO  hdfs.DFSUtil (DFSUtil.java:httpServerTemplateForNNAndJN(1641)) - Starting Web-server for scm at: http://0.0.0.0:0
2019-11-19 00:30:35,392 [Thread-261] INFO  server.AuthenticationFilter (AuthenticationFilter.java:constructSecretProvider(240)) - Unable to initialize FileSignerSecretProvider, falling back to use random secrets.
2019-11-19 00:30:35,393 [Thread-261] WARN  http.HttpRequestLog (HttpRequestLog.java:getRequestLog(97)) - Jetty request log can only be enabled using Log4j
2019-11-19 00:30:35,395 [Thread-261] INFO  http.HttpServer2 (HttpServer2.java:addGlobalFilter(975)) - Added global filter 'safety' (class=org.apache.hadoop.http.HttpServer2$QuotingInputFilter)
2019-11-19 00:30:35,396 [Thread-261] INFO  http.HttpServer2 (HttpServer2.java:addFilter(948)) - Added filter static_user_filter (class=org.apache.hadoop.http.lib.StaticUserWebFilter$StaticUserFilter) to context scm
2019-11-19 00:30:35,396 [Thread-261] INFO  http.HttpServer2 (HttpServer2.java:addFilter(958)) - Added filter static_user_filter (class=org.apache.hadoop.http.lib.StaticUserWebFilter$StaticUserFilter) to context logs
2019-11-19 00:30:35,397 [Thread-261] INFO  http.HttpServer2 (HttpServer2.java:addFilter(958)) - Added filter static_user_filter (class=org.apache.hadoop.http.lib.StaticUserWebFilter$StaticUserFilter) to context static
2019-11-19 00:30:35,400 [Thread-261] INFO  server.StorageContainerManager (StorageContainerManager.java:start(765)) - StorageContainerLocationProtocol RPC server is listening at /0.0.0.0:45198
2019-11-19 00:30:35,402 [Thread-261] WARN  impl.MetricsConfig (MetricsConfig.java:loadFirst(134)) - Cannot locate configuration: tried hadoop-metrics2-storagecontainermanager.properties,hadoop-metrics2.properties
2019-11-19 00:30:35,403 [Thread-261] INFO  impl.MetricsSystemImpl (MetricsSystemImpl.java:startTimer(374)) - Scheduled Metric snapshot period at 10 second(s).
2019-11-19 00:30:35,404 [Thread-261] INFO  impl.MetricsSystemImpl (MetricsSystemImpl.java:start(191)) - StorageContainerManager metrics system started
2019-11-19 00:30:35,417 [Thread-261] WARN  impl.MetricsSystemImpl (MetricsSystemImpl.java:register(276)) - Sink prometheus already exists!
2019-11-19 00:30:35,428 [Thread-261] INFO  server.SCMClientProtocolServer (SCMClientProtocolServer.java:start(160)) - RPC server for Client  is listening at /0.0.0.0:45198
2019-11-19 00:30:35,428 [IPC Server Responder] INFO  ipc.Server (Server.java:run(1314)) - IPC Server Responder: starting
2019-11-19 00:30:35,428 [IPC Server listener on 45198] INFO  ipc.Server (Server.java:run(1153)) - IPC Server listener on 45198: starting
2019-11-19 00:30:35,432 [Thread-261] INFO  server.StorageContainerManager (StorageContainerManager.java:start(775)) - ScmBlockLocationProtocol RPC server is listening at /0.0.0.0:35847
2019-11-19 00:30:35,433 [Thread-261] INFO  server.SCMBlockProtocolServer (SCMBlockProtocolServer.java:start(146)) - RPC server for Block Protocol is listening at /0.0.0.0:35847
2019-11-19 00:30:35,433 [IPC Server Responder] INFO  ipc.Server (Server.java:run(1314)) - IPC Server Responder: starting
2019-11-19 00:30:35,433 [IPC Server listener on 35847] INFO  ipc.Server (Server.java:run(1153)) - IPC Server listener on 35847: starting
2019-11-19 00:30:35,437 [Thread-261] INFO  server.StorageContainerManager (StorageContainerManager.java:start(779)) - ScmDatanodeProtocl RPC server is listening at /0.0.0.0:41179
2019-11-19 00:30:35,438 [Thread-261] INFO  server.SCMDatanodeProtocolServer (SCMDatanodeProtocolServer.java:start(177)) - RPC server for DataNodes is listening at /0.0.0.0:41179
2019-11-19 00:30:35,438 [IPC Server Responder] INFO  ipc.Server (Server.java:run(1314)) - IPC Server Responder: starting
2019-11-19 00:30:35,438 [IPC Server listener on 41179] INFO  ipc.Server (Server.java:run(1153)) - IPC Server listener on 41179: starting
2019-11-19 00:30:35,442 [Thread-261] INFO  http.HttpServer2 (HttpServer2.java:bindListener(1191)) - Jetty bound to port 42409
2019-11-19 00:30:35,442 [Thread-261] INFO  server.Server (Server.java:doStart(351)) - jetty-9.3.25.v20180904, build timestamp: 2018-09-04T21:11:46Z, git hash: 3ce520221d0240229c862b122d2b06c12a625732
2019-11-19 00:30:35,445 [Thread-261] INFO  handler.ContextHandler (ContextHandler.java:doStart(781)) - Started o.e.j.s.ServletContextHandler@76fcfdcd{/logs,file:///workdir/hadoop-ozone/integration-test/target/log,AVAILABLE}
2019-11-19 00:30:35,445 [Thread-261] INFO  handler.ContextHandler (ContextHandler.java:doStart(781)) - Started o.e.j.s.ServletContextHandler@2d155e51{/static,file:///workdir/hadoop-ozone/integration-test/target/test-classes/webapps/static,AVAILABLE}
2019-11-19 00:30:35,450 [Thread-261] INFO  handler.ContextHandler (ContextHandler.java:doStart(781)) - Started o.e.j.w.WebAppContext@12055636{/,file:///workdir/hadoop-ozone/integration-test/target/test-classes/webapps/scm/,AVAILABLE}{/scm}
2019-11-19 00:30:35,451 [Thread-261] INFO  server.AbstractConnector (AbstractConnector.java:doStart(278)) - Started ServerConnector@15d35b19{HTTP/1.1,[http/1.1]}{0.0.0.0:42409}
2019-11-19 00:30:35,452 [Thread-261] INFO  server.Server (Server.java:doStart(419)) - Started @36826ms
2019-11-19 00:30:35,452 [Thread-261] WARN  impl.MetricsSystemImpl (MetricsSystemImpl.java:register(276)) - Sink prometheus already exists!
2019-11-19 00:30:35,453 [Thread-261] INFO  server.BaseHttpServer (BaseHttpServer.java:updateConnectorAddress(215)) - HTTP server of SCM is listening at http://0.0.0.0:42409
2019-11-19 00:30:35,453 [Thread-261] WARN  server.ServerUtils (ServerUtils.java:getDBPath(222)) - ozone.om.db.dirs is not configured. We recommend adding this setting. Falling back to ozone.metadata.dirs instead.
2019-11-19 00:30:35,454 [org.apache.hadoop.util.JvmPauseMonitor$Monitor@356585c9] INFO  util.JvmPauseMonitor (JvmPauseMonitor.java:run(188)) - Starting JVM pause monitor
2019-11-19 00:30:35,481 [Thread-261] INFO  ha.OMHANodeDetails (OMHANodeDetails.java:loadOMHAConfig(190)) - Configuration either no ozone.om.address set. Falling back to the default OM address /127.0.0.1:0
2019-11-19 00:30:35,481 [Thread-261] INFO  ha.OMHANodeDetails (OMHANodeDetails.java:getOMNodeDetails(220)) - OM Service ID is not set. Setting it to the default ID: omServiceIdDefault
2019-11-19 00:30:35,481 [Thread-261] WARN  server.ServerUtils (ServerUtils.java:getDBPath(222)) - ozone.om.db.dirs is not configured. We recommend adding this setting. Falling back to ozone.metadata.dirs instead.
2019-11-19 00:30:35,482 [Thread-261] WARN  server.ServerUtils (ServerUtils.java:getDBPath(222)) - ozone.om.db.dirs is not configured. We recommend adding this setting. Falling back to ozone.metadata.dirs instead.
2019-11-19 00:30:35,491 [Thread-261] WARN  server.ServerUtils (ServerUtils.java:getDBPath(222)) - ozone.om.db.dirs is not configured. We recommend adding this setting. Falling back to ozone.metadata.dirs instead.
2019-11-19 00:30:35,492 [Thread-261] INFO  db.DBStoreBuilder (DBStoreBuilder.java:addTable(127)) - using custom profile for table: userTable
2019-11-19 00:30:35,492 [Thread-261] INFO  db.DBStoreBuilder (DBStoreBuilder.java:processTables(183)) - Using default column profile:DBProfile.DISK for Table:userTable
2019-11-19 00:30:35,492 [Thread-261] INFO  db.DBStoreBuilder (DBStoreBuilder.java:addTable(127)) - using custom profile for table: volumeTable
2019-11-19 00:30:35,492 [Thread-261] INFO  db.DBStoreBuilder (DBStoreBuilder.java:processTables(183)) - Using default column profile:DBProfile.DISK for Table:volumeTable
2019-11-19 00:30:35,493 [Thread-261] INFO  db.DBStoreBuilder (DBStoreBuilder.java:addTable(127)) - using custom profile for table: bucketTable
2019-11-19 00:30:35,493 [Thread-261] INFO  db.DBStoreBuilder (DBStoreBuilder.java:processTables(183)) - Using default column profile:DBProfile.DISK for Table:bucketTable
2019-11-19 00:30:35,493 [Thread-261] INFO  db.DBStoreBuilder (DBStoreBuilder.java:addTable(127)) - using custom profile for table: keyTable
2019-11-19 00:30:35,493 [Thread-261] INFO  db.DBStoreBuilder (DBStoreBuilder.java:processTables(183)) - Using default column profile:DBProfile.DISK for Table:keyTable
2019-11-19 00:30:35,494 [Thread-261] INFO  db.DBStoreBuilder (DBStoreBuilder.java:addTable(127)) - using custom profile for table: deletedTable
2019-11-19 00:30:35,494 [Thread-261] INFO  db.DBStoreBuilder (DBStoreBuilder.java:processTables(183)) - Using default column profile:DBProfile.DISK for Table:deletedTable
2019-11-19 00:30:35,494 [Thread-261] INFO  db.DBStoreBuilder (DBStoreBuilder.java:addTable(127)) - using custom profile for table: openKeyTable
2019-11-19 00:30:35,494 [Thread-261] INFO  db.DBStoreBuilder (DBStoreBuilder.java:processTables(183)) - Using default column profile:DBProfile.DISK for Table:openKeyTable
2019-11-19 00:30:35,495 [Thread-261] INFO  db.DBStoreBuilder (DBStoreBuilder.java:addTable(127)) - using custom profile for table: s3Table
2019-11-19 00:30:35,495 [Thread-261] INFO  db.DBStoreBuilder (DBStoreBuilder.java:processTables(183)) - Using default column profile:DBProfile.DISK for Table:s3Table
2019-11-19 00:30:35,495 [Thread-261] INFO  db.DBStoreBuilder (DBStoreBuilder.java:addTable(127)) - using custom profile for table: multipartInfoTable
2019-11-19 00:30:35,495 [Thread-261] INFO  db.DBStoreBuilder (DBStoreBuilder.java:processTables(183)) - Using default column profile:DBProfile.DISK for Table:multipartInfoTable
2019-11-19 00:30:35,496 [Thread-261] INFO  db.DBStoreBuilder (DBStoreBuilder.java:addTable(127)) - using custom profile for table: dTokenTable
2019-11-19 00:30:35,496 [Thread-261] INFO  db.DBStoreBuilder (DBStoreBuilder.java:processTables(183)) - Using default column profile:DBProfile.DISK for Table:dTokenTable
2019-11-19 00:30:35,496 [Thread-261] INFO  db.DBStoreBuilder (DBStoreBuilder.java:addTable(127)) - using custom profile for table: s3SecretTable
2019-11-19 00:30:35,496 [Thread-261] INFO  db.DBStoreBuilder (DBStoreBuilder.java:processTables(183)) - Using default column profile:DBProfile.DISK for Table:s3SecretTable
2019-11-19 00:30:35,497 [Thread-261] INFO  db.DBStoreBuilder (DBStoreBuilder.java:addTable(127)) - using custom profile for table: prefixTable
2019-11-19 00:30:35,497 [Thread-261] INFO  db.DBStoreBuilder (DBStoreBuilder.java:processTables(183)) - Using default column profile:DBProfile.DISK for Table:prefixTable
2019-11-19 00:30:35,497 [Thread-261] INFO  db.DBStoreBuilder (DBStoreBuilder.java:addTable(127)) - using custom profile for table: default
2019-11-19 00:30:35,498 [Thread-261] INFO  db.DBStoreBuilder (DBStoreBuilder.java:processTables(189)) - Using default column profile:DBProfile.DISK for Table:default
2019-11-19 00:30:35,498 [Thread-261] INFO  db.DBStoreBuilder (DBStoreBuilder.java:getDbProfile(220)) - Using default options. DBProfile.DISK
2019-11-19 00:30:36,176 [Thread-261] INFO  ipc.CallQueueManager (CallQueueManager.java:<init>(84)) - Using callQueue: class java.util.concurrent.LinkedBlockingQueue, queueCapacity: 2000, scheduler: class org.apache.hadoop.ipc.DefaultRpcScheduler, ipcBackoff: false.
2019-11-19 00:30:36,177 [Socket Reader #1 for port 39269] INFO  ipc.Server (Server.java:run(1074)) - Starting Socket Reader #1 for port 39269
2019-11-19 00:30:36,198 [Thread-261] INFO  om.OzoneManager (OzoneManager.java:start(1077)) - OzoneManager RPC server is listening at localhost/127.0.0.1:39269
2019-11-19 00:30:36,199 [Thread-261] INFO  impl.MetricsSystemImpl (MetricsSystemImpl.java:init(158)) - OzoneManager metrics system started (again)
2019-11-19 00:30:36,200 [IPC Server Responder] INFO  ipc.Server (Server.java:run(1314)) - IPC Server Responder: starting
2019-11-19 00:30:36,201 [IPC Server listener on 39269] INFO  ipc.Server (Server.java:run(1153)) - IPC Server listener on 39269: starting
2019-11-19 00:30:36,206 [Thread-261] INFO  hdfs.DFSUtil (DFSUtil.java:httpServerTemplateForNNAndJN(1641)) - Starting Web-server for ozoneManager at: http://0.0.0.0:0
2019-11-19 00:30:36,209 [Thread-261] INFO  server.AuthenticationFilter (AuthenticationFilter.java:constructSecretProvider(240)) - Unable to initialize FileSignerSecretProvider, falling back to use random secrets.
2019-11-19 00:30:36,210 [Thread-261] WARN  http.HttpRequestLog (HttpRequestLog.java:getRequestLog(97)) - Jetty request log can only be enabled using Log4j
2019-11-19 00:30:36,213 [Thread-261] INFO  http.HttpServer2 (HttpServer2.java:addGlobalFilter(975)) - Added global filter 'safety' (class=org.apache.hadoop.http.HttpServer2$QuotingInputFilter)
2019-11-19 00:30:36,214 [Thread-261] INFO  http.HttpServer2 (HttpServer2.java:addFilter(948)) - Added filter static_user_filter (class=org.apache.hadoop.http.lib.StaticUserWebFilter$StaticUserFilter) to context ozoneManager
2019-11-19 00:30:36,214 [Thread-261] INFO  http.HttpServer2 (HttpServer2.java:addFilter(958)) - Added filter static_user_filter (class=org.apache.hadoop.http.lib.StaticUserWebFilter$StaticUserFilter) to context logs
2019-11-19 00:30:36,214 [Thread-261] INFO  http.HttpServer2 (HttpServer2.java:addFilter(958)) - Added filter static_user_filter (class=org.apache.hadoop.http.lib.StaticUserWebFilter$StaticUserFilter) to context static
2019-11-19 00:30:36,216 [Thread-261] INFO  http.HttpServer2 (HttpServer2.java:bindListener(1191)) - Jetty bound to port 42388
2019-11-19 00:30:36,216 [Thread-261] INFO  server.Server (Server.java:doStart(351)) - jetty-9.3.25.v20180904, build timestamp: 2018-09-04T21:11:46Z, git hash: 3ce520221d0240229c862b122d2b06c12a625732
2019-11-19 00:30:36,218 [Thread-261] INFO  handler.ContextHandler (ContextHandler.java:doStart(781)) - Started o.e.j.s.ServletContextHandler@77bbfd79{/logs,file:///workdir/hadoop-ozone/integration-test/target/log,AVAILABLE}
2019-11-19 00:30:36,219 [Thread-261] INFO  handler.ContextHandler (ContextHandler.java:doStart(781)) - Started o.e.j.s.ServletContextHandler@28b948e3{/static,file:///workdir/hadoop-ozone/integration-test/target/test-classes/webapps/static,AVAILABLE}
2019-11-19 00:30:36,225 [Thread-261] INFO  handler.ContextHandler (ContextHandler.java:doStart(781)) - Started o.e.j.w.WebAppContext@8b56dc3{/,file:///workdir/hadoop-ozone/integration-test/target/test-classes/webapps/ozoneManager/,AVAILABLE}{/ozoneManager}
2019-11-19 00:30:36,226 [Thread-261] INFO  server.AbstractConnector (AbstractConnector.java:doStart(278)) - Started ServerConnector@6879256{HTTP/1.1,[http/1.1]}{0.0.0.0:42388}
2019-11-19 00:30:36,227 [Thread-261] INFO  server.Server (Server.java:doStart(419)) - Started @37601ms
2019-11-19 00:30:36,227 [Thread-261] WARN  impl.MetricsSystemImpl (MetricsSystemImpl.java:register(276)) - Sink prometheus already exists!
2019-11-19 00:30:36,228 [Thread-261] INFO  server.BaseHttpServer (BaseHttpServer.java:updateConnectorAddress(215)) - HTTP server of OZONEMANAGER is listening at http://0.0.0.0:42388
2019-11-19 00:30:36,233 [Thread-261] INFO  impl.MetricsSystemImpl (MetricsSystemImpl.java:init(158)) - HddsDatanode metrics system started (again)
2019-11-19 00:30:36,235 [Thread-261] INFO  ozone.HddsDatanodeService (HddsDatanodeService.java:start(186)) - HddsDatanodeService host:pr-hdds-2241-master-j9rj8-2432081592 ip:192.168.157.213
2019-11-19 00:30:36,244 [Thread-261] INFO  volume.HddsVolume (HddsVolume.java:<init>(176)) - Creating Volume: /workdir/hadoop-ozone/integration-test/target/test-dir/MiniOzoneClusterImpl-8a8b1f67-693e-4120-975c-0500f44c4702/datanode-0/data/containers/hdds of  storage type : DISK and capacity : 1482555576320
2019-11-19 00:30:36,245 [Thread-261] INFO  volume.VolumeSet (VolumeSet.java:initializeVolumeSet(170)) - Added Volume : /workdir/hadoop-ozone/integration-test/target/test-dir/MiniOzoneClusterImpl-8a8b1f67-693e-4120-975c-0500f44c4702/datanode-0/data/containers/hdds to VolumeSet
2019-11-19 00:30:36,245 [Thread-261] INFO  volume.ThrottledAsyncChecker (ThrottledAsyncChecker.java:schedule(141)) - Scheduling a check for /workdir/hadoop-ozone/integration-test/target/test-dir/MiniOzoneClusterImpl-8a8b1f67-693e-4120-975c-0500f44c4702/datanode-0/data/containers/hdds
2019-11-19 00:30:36,246 [Thread-261] INFO  volume.HddsVolumeChecker (HddsVolumeChecker.java:checkAllVolumes(204)) - Scheduled health check for volume /workdir/hadoop-ozone/integration-test/target/test-dir/MiniOzoneClusterImpl-8a8b1f67-693e-4120-975c-0500f44c4702/datanode-0/data/containers/hdds
2019-11-19 00:30:36,267 [Thread-261] INFO  impl.RaftServerProxy (ConfUtils.java:logGet(43)) - raft.rpc.type = GRPC (default)
2019-11-19 00:30:36,268 [Thread-261] INFO  grpc.GrpcFactory (GrpcFactory.java:checkPooledByteBufAllocatorUseCacheForAllThreads(45)) - PERFORMANCE WARNING: useCacheForAllThreads is true that may cause Netty to create a lot garbage objects and, as a result, trigger GC.
	It is recommended to disable useCacheForAllThreads by setting -Dorg.apache.ratis.thirdparty.io.netty.allocator.useCacheForAllThreads=false in command line.
2019-11-19 00:30:36,268 [Thread-261] INFO  grpc.GrpcConfigKeys$Server (ConfUtils.java:logGet(43)) - raft.grpc.server.port = 0 (default)
2019-11-19 00:30:36,269 [Thread-261] INFO  server.GrpcService (ConfUtils.java:logGet(43)) - raft.grpc.message.size.max = 33570816 (custom)
2019-11-19 00:30:36,269 [Thread-261] INFO  server.RaftServerConfigKeys (ConfUtils.java:logGet(43)) - raft.server.log.appender.buffer.byte-limit = 33554432 (custom)
2019-11-19 00:30:36,269 [Thread-261] INFO  server.GrpcService (ConfUtils.java:logGet(43)) - raft.grpc.flow.control.window = 1MB (=1048576) (default)
2019-11-19 00:30:36,270 [Thread-261] INFO  server.RaftServerConfigKeys (ConfUtils.java:logGet(43)) - raft.server.rpc.request.timeout = 3000ms (default)
2019-11-19 00:30:36,270 [Thread-261] INFO  server.RaftServerConfigKeys (ConfUtils.java:logGet(43)) - raft.server.storage.dir = [/workdir/hadoop-ozone/integration-test/target/test-dir/MiniOzoneClusterImpl-8a8b1f67-693e-4120-975c-0500f44c4702/datanode-0/data/ratis] (custom)
2019-11-19 00:30:36,272 [Thread-261] INFO  hdfs.DFSUtil (DFSUtil.java:httpServerTemplateForNNAndJN(1641)) - Starting Web-server for hddsDatanode at: http://0.0.0.0:0
2019-11-19 00:30:36,275 [Thread-261] INFO  server.AuthenticationFilter (AuthenticationFilter.java:constructSecretProvider(240)) - Unable to initialize FileSignerSecretProvider, falling back to use random secrets.
2019-11-19 00:30:36,275 [Thread-261] WARN  http.HttpRequestLog (HttpRequestLog.java:getRequestLog(97)) - Jetty request log can only be enabled using Log4j
2019-11-19 00:30:36,278 [Thread-261] INFO  http.HttpServer2 (HttpServer2.java:addGlobalFilter(975)) - Added global filter 'safety' (class=org.apache.hadoop.http.HttpServer2$QuotingInputFilter)
2019-11-19 00:30:36,279 [Thread-261] INFO  http.HttpServer2 (HttpServer2.java:addFilter(948)) - Added filter static_user_filter (class=org.apache.hadoop.http.lib.StaticUserWebFilter$StaticUserFilter) to context hddsDatanode
2019-11-19 00:30:36,279 [Thread-261] INFO  http.HttpServer2 (HttpServer2.java:addFilter(958)) - Added filter static_user_filter (class=org.apache.hadoop.http.lib.StaticUserWebFilter$StaticUserFilter) to context logs
2019-11-19 00:30:36,279 [Thread-261] INFO  http.HttpServer2 (HttpServer2.java:addFilter(958)) - Added filter static_user_filter (class=org.apache.hadoop.http.lib.StaticUserWebFilter$StaticUserFilter) to context static
2019-11-19 00:30:36,280 [Thread-261] INFO  http.HttpServer2 (HttpServer2.java:bindListener(1191)) - Jetty bound to port 41806
2019-11-19 00:30:36,280 [Thread-261] INFO  server.Server (Server.java:doStart(351)) - jetty-9.3.25.v20180904, build timestamp: 2018-09-04T21:11:46Z, git hash: 3ce520221d0240229c862b122d2b06c12a625732
2019-11-19 00:30:36,282 [Thread-261] INFO  handler.ContextHandler (ContextHandler.java:doStart(781)) - Started o.e.j.s.ServletContextHandler@3ce25207{/logs,file:///workdir/hadoop-ozone/integration-test/target/log,AVAILABLE}
2019-11-19 00:30:36,283 [Thread-261] INFO  handler.ContextHandler (ContextHandler.java:doStart(781)) - Started o.e.j.s.ServletContextHandler@758f03ba{/static,jar:file:/home/user/.m2/repository/org/apache/hadoop/hadoop-hdds-container-service/0.5.0-SNAPSHOT/hadoop-hdds-container-service-0.5.0-SNAPSHOT.jar!/webapps/static,AVAILABLE}
2019-11-19 00:30:36,317 [Thread-261] INFO  handler.ContextHandler (ContextHandler.java:doStart(781)) - Started o.e.j.w.WebAppContext@79ee51c8{/,file:///tmp/jetty-0.0.0.0-41806-hddsDatanode-_-any-4836430272148873584.dir/webapp/,AVAILABLE}{/hddsDatanode}
2019-11-19 00:30:36,317 [Thread-261] INFO  server.AbstractConnector (AbstractConnector.java:doStart(278)) - Started ServerConnector@473c5369{HTTP/1.1,[http/1.1]}{0.0.0.0:41806}
2019-11-19 00:30:36,318 [Thread-261] INFO  server.Server (Server.java:doStart(419)) - Started @37693ms
2019-11-19 00:30:36,318 [Thread-261] WARN  impl.MetricsSystemImpl (MetricsSystemImpl.java:register(276)) - Sink prometheus already exists!
2019-11-19 00:30:36,319 [Thread-261] INFO  server.BaseHttpServer (BaseHttpServer.java:updateConnectorAddress(215)) - HTTP server of HDDSDATANODE is listening at http://0.0.0.0:41806
2019-11-19 00:30:36,320 [Thread-261] INFO  ozone.MiniOzoneClusterImpl (MiniOzoneClusterImpl.java:lambda$waitForClusterToBeReady$0(150)) - Waiting for nodes to be ready. Got 0 of 1 DN Heartbeats.
2019-11-19 00:30:36,322 [Thread-261] INFO  ozone.MiniOzoneClusterImpl (MiniOzoneClusterImpl.java:lambda$waitForClusterToBeReady$0(153)) - Waiting for cluster to exit safe mode
2019-11-19 00:30:36,323 [org.apache.hadoop.util.JvmPauseMonitor$Monitor@254919e3] INFO  util.JvmPauseMonitor (JvmPauseMonitor.java:run(188)) - Starting JVM pause monitor
2019-11-19 00:30:36,327 [Datanode State Machine Thread - 0] INFO  datanode.InitDatanodeState (InitDatanodeState.java:persistContainerDatanodeDetails(140)) - DatanodeDetails is persisted to /workdir/hadoop-ozone/integration-test/target/test-dir/MiniOzoneClusterImpl-8a8b1f67-693e-4120-975c-0500f44c4702/datanode-0/meta/datanode.id
2019-11-19 00:30:37,322 [Thread-261] INFO  ozone.MiniOzoneClusterImpl (MiniOzoneClusterImpl.java:lambda$waitForClusterToBeReady$0(150)) - Waiting for nodes to be ready. Got 0 of 1 DN Heartbeats.
2019-11-19 00:30:37,323 [Thread-261] INFO  ozone.MiniOzoneClusterImpl (MiniOzoneClusterImpl.java:lambda$waitForClusterToBeReady$0(153)) - Waiting for cluster to exit safe mode
2019-11-19 00:30:38,324 [Thread-261] INFO  ozone.MiniOzoneClusterImpl (MiniOzoneClusterImpl.java:lambda$waitForClusterToBeReady$0(150)) - Waiting for nodes to be ready. Got 0 of 1 DN Heartbeats.
2019-11-19 00:30:38,324 [Thread-261] INFO  ozone.MiniOzoneClusterImpl (MiniOzoneClusterImpl.java:lambda$waitForClusterToBeReady$0(153)) - Waiting for cluster to exit safe mode
2019-11-19 00:30:38,354 [Datanode State Machine Thread - 0] INFO  ozoneimpl.OzoneContainer (OzoneContainer.java:start(230)) - Attempting to start container services.
2019-11-19 00:30:38,358 [Datanode State Machine Thread - 0] INFO  ozoneimpl.OzoneContainer (OzoneContainer.java:startContainerScrub(194)) - Background container scanner has been disabled.
2019-11-19 00:30:38,358 [Datanode State Machine Thread - 0] INFO  ratis.XceiverServerRatis (XceiverServerRatis.java:start(422)) - Starting XceiverServerRatis bac99481-e98e-4e01-9d85-a5c9492ba51b at port 0
2019-11-19 00:30:38,366 [Datanode State Machine Thread - 0] INFO  impl.RaftServerProxy (RaftServerProxy.java:lambda$start$3(299)) - bac99481-e98e-4e01-9d85-a5c9492ba51b: start RPC server
2019-11-19 00:30:38,369 [Datanode State Machine Thread - 0] INFO  server.GrpcService (GrpcService.java:startImpl(158)) - bac99481-e98e-4e01-9d85-a5c9492ba51b: GrpcService started, listening on 0.0.0.0/0.0.0.0:45719
2019-11-19 00:30:38,369 [Datanode State Machine Thread - 0] INFO  ratis.XceiverServerRatis (XceiverServerRatis.java:start(432)) - XceiverServerRatis bac99481-e98e-4e01-9d85-a5c9492ba51b is started using port 45719
2019-11-19 00:30:38,370 [Datanode State Machine Thread - 0] INFO  server.XceiverServerGrpc (XceiverServerGrpc.java:start(145)) - XceiverServerGrpc bac99481-e98e-4e01-9d85-a5c9492ba51b is started using port 37152
2019-11-19 00:30:39,325 [Thread-261] INFO  ozone.MiniOzoneClusterImpl (MiniOzoneClusterImpl.java:lambda$waitForClusterToBeReady$0(150)) - Waiting for nodes to be ready. Got 0 of 1 DN Heartbeats.
2019-11-19 00:30:39,325 [Thread-261] INFO  ozone.MiniOzoneClusterImpl (MiniOzoneClusterImpl.java:lambda$waitForClusterToBeReady$0(153)) - Waiting for cluster to exit safe mode
2019-11-19 00:30:40,326 [Thread-261] INFO  ozone.MiniOzoneClusterImpl (MiniOzoneClusterImpl.java:lambda$waitForClusterToBeReady$0(150)) - Waiting for nodes to be ready. Got 0 of 1 DN Heartbeats.
2019-11-19 00:30:40,326 [Thread-261] INFO  ozone.MiniOzoneClusterImpl (MiniOzoneClusterImpl.java:lambda$waitForClusterToBeReady$0(153)) - Waiting for cluster to exit safe mode
2019-11-19 00:30:40,332 [IPC Server handler 2 on 41179] INFO  net.NetworkTopology (NetworkTopologyImpl.java:add(111)) - Added a new node: /default-rack/bac99481-e98e-4e01-9d85-a5c9492ba51b
2019-11-19 00:30:40,334 [IPC Server handler 2 on 41179] INFO  node.SCMNodeManager (SCMNodeManager.java:register(267)) - Registered Data node : bac99481-e98e-4e01-9d85-a5c9492ba51b{ip: 192.168.157.213, host: pr-hdds-2241-master-j9rj8-2432081592, networkLocation: /default-rack, certSerialId: null}
2019-11-19 00:30:40,335 [EventQueue-NodeRegistrationContainerReportForDataNodeSafeModeRule] INFO  safemode.SCMSafeModeManager (DataNodeSafeModeRule.java:process(71)) - SCM in safe mode. 1 DataNodes registered, 1 required.
2019-11-19 00:30:40,335 [EventQueue-NodeRegistrationContainerReportForContainerSafeModeRule] INFO  safemode.SCMSafeModeManager (SCMSafeModeManager.java:validateSafeModeExitRules(176)) - ContainerSafeModeRule rule is successfully validated
2019-11-19 00:30:40,336 [EventQueue-NodeRegistrationContainerReportForDataNodeSafeModeRule] INFO  safemode.SCMSafeModeManager (SCMSafeModeManager.java:validateSafeModeExitRules(176)) - DataNodeSafeModeRule rule is successfully validated
2019-11-19 00:30:40,337 [RatisPipelineUtilsThread] INFO  pipeline.RatisPipelineProvider (RatisPipelineProvider.java:lambda$create$4(163)) - Send pipeline:PipelineID=b719fdf7-6bb5-4652-aec0-e4be69fae8eb create command to datanode bac99481-e98e-4e01-9d85-a5c9492ba51b
2019-11-19 00:30:40,338 [RatisPipelineUtilsThread] INFO  pipeline.PipelineStateManager (PipelineStateManager.java:addPipeline(55)) - Created pipeline Pipeline[ Id: b719fdf7-6bb5-4652-aec0-e4be69fae8eb, Nodes: bac99481-e98e-4e01-9d85-a5c9492ba51b{ip: 192.168.157.213, host: pr-hdds-2241-master-j9rj8-2432081592, networkLocation: /default-rack, certSerialId: null}, Type:RATIS, Factor:ONE, State:ALLOCATED]
2019-11-19 00:30:41,327 [Thread-261] INFO  ozone.MiniOzoneClusterImpl (MiniOzoneClusterImpl.java:lambda$waitForClusterToBeReady$0(150)) - Nodes are ready. Got 1 of 1 DN Heartbeats.
2019-11-19 00:30:41,327 [Thread-261] INFO  ozone.MiniOzoneClusterImpl (MiniOzoneClusterImpl.java:lambda$waitForClusterToBeReady$0(153)) - Waiting for cluster to exit safe mode
2019-11-19 00:30:42,327 [Thread-261] INFO  ozone.MiniOzoneClusterImpl (MiniOzoneClusterImpl.java:lambda$waitForClusterToBeReady$0(150)) - Nodes are ready. Got 1 of 1 DN Heartbeats.
2019-11-19 00:30:42,328 [Thread-261] INFO  ozone.MiniOzoneClusterImpl (MiniOzoneClusterImpl.java:lambda$waitForClusterToBeReady$0(153)) - Waiting for cluster to exit safe mode
2019-11-19 00:30:43,328 [Thread-261] INFO  ozone.MiniOzoneClusterImpl (MiniOzoneClusterImpl.java:lambda$waitForClusterToBeReady$0(150)) - Nodes are ready. Got 1 of 1 DN Heartbeats.
2019-11-19 00:30:43,328 [Command processor thread] INFO  impl.RaftServerProxy (RaftServerProxy.java:addNew(89)) - bac99481-e98e-4e01-9d85-a5c9492ba51b: addNew group-E4BE69FAE8EB:[bac99481-e98e-4e01-9d85-a5c9492ba51b:192.168.157.213:45719] returns group-E4BE69FAE8EB:java.util.concurrent.CompletableFuture@17bee2e5[Not completed]
2019-11-19 00:30:43,329 [Thread-261] INFO  ozone.MiniOzoneClusterImpl (MiniOzoneClusterImpl.java:lambda$waitForClusterToBeReady$0(153)) - Waiting for cluster to exit safe mode
2019-11-19 00:30:43,336 [pool-82-thread-1] INFO  impl.RaftServerImpl (RaftServerImpl.java:<init>(98)) - bac99481-e98e-4e01-9d85-a5c9492ba51b: new RaftServerImpl for group-E4BE69FAE8EB:[bac99481-e98e-4e01-9d85-a5c9492ba51b:192.168.157.213:45719] with ContainerStateMachine:uninitialized
2019-11-19 00:30:43,337 [pool-82-thread-1] INFO  server.RaftServerConfigKeys (ConfUtils.java:logGet(43)) - raft.server.rpc.timeout.min = 5s (custom)
2019-11-19 00:30:43,337 [pool-82-thread-1] INFO  server.RaftServerConfigKeys (ConfUtils.java:logGet(43)) - raft.server.rpc.timeout.max = 5200ms (custom)
2019-11-19 00:30:43,338 [pool-82-thread-1] INFO  server.RaftServerConfigKeys (ConfUtils.java:logGet(43)) - raft.server.rpcslowness.timeout = 120s (custom)
2019-11-19 00:30:43,338 [pool-82-thread-1] INFO  server.RaftServerConfigKeys (ConfUtils.java:logGet(43)) - raft.server.sleep.deviation.threshold = 300 (default)
2019-11-19 00:30:43,338 [pool-82-thread-1] INFO  server.RaftServerConfigKeys (ConfUtils.java:logGet(43)) - raft.server.log.appender.install.snapshot.enabled = false (custom)
2019-11-19 00:30:43,338 [pool-82-thread-1] INFO  impl.RaftServerImpl (ServerState.java:<init>(103)) - bac99481-e98e-4e01-9d85-a5c9492ba51b@group-E4BE69FAE8EB: ConfigurationManager, init=-1: [bac99481-e98e-4e01-9d85-a5c9492ba51b:192.168.157.213:45719], old=null, confs=<EMPTY_MAP>
2019-11-19 00:30:43,339 [pool-82-thread-1] INFO  server.RaftServerConfigKeys (ConfUtils.java:logGet(43)) - raft.server.storage.dir = [/workdir/hadoop-ozone/integration-test/target/test-dir/MiniOzoneClusterImpl-8a8b1f67-693e-4120-975c-0500f44c4702/datanode-0/data/ratis] (custom)
2019-11-19 00:30:43,339 [pool-82-thread-1] INFO  server.RaftServerConfigKeys (ConfUtils.java:logGet(43)) - raft.server.log.corruption.policy = EXCEPTION (default)
2019-11-19 00:30:43,340 [pool-82-thread-1] INFO  storage.RaftStorageDirectory (RaftStorageDirectory.java:analyzeStorage(246)) - The storage directory /workdir/hadoop-ozone/integration-test/target/test-dir/MiniOzoneClusterImpl-8a8b1f67-693e-4120-975c-0500f44c4702/datanode-0/data/ratis/b719fdf7-6bb5-4652-aec0-e4be69fae8eb does not exist. Creating ...
2019-11-19 00:30:43,364 [pool-82-thread-1] INFO  storage.RaftStorageDirectory (RaftStorageDirectory.java:tryLock(328)) - Lock on /workdir/hadoop-ozone/integration-test/target/test-dir/MiniOzoneClusterImpl-8a8b1f67-693e-4120-975c-0500f44c4702/datanode-0/data/ratis/b719fdf7-6bb5-4652-aec0-e4be69fae8eb/in_use.lock acquired by nodename 7736@pr-hdds-2241-master-j9rj8-2432081592
2019-11-19 00:30:43,389 [pool-82-thread-1] INFO  storage.RaftStorage (RaftStorage.java:format(84)) - Storage directory /workdir/hadoop-ozone/integration-test/target/test-dir/MiniOzoneClusterImpl-8a8b1f67-693e-4120-975c-0500f44c4702/datanode-0/data/ratis/b719fdf7-6bb5-4652-aec0-e4be69fae8eb has been successfully formatted.
2019-11-19 00:30:43,389 [pool-82-thread-1] INFO  ratis.ContainerStateMachine (ContainerStateMachine.java:loadSnapshot(223)) - group-E4BE69FAE8EB: The snapshot info is null. Setting the last applied indexto:(t:0, i:~)
2019-11-19 00:30:43,390 [pool-82-thread-1] INFO  server.RaftServerConfigKeys (ConfUtils.java:logGet(43)) - raft.server.notification.no-leader.timeout = 120s (custom)
2019-11-19 00:30:43,390 [pool-82-thread-1] INFO  server.RaftServerConfigKeys (ConfUtils.java:logGet(43)) - raft.server.log.use.memory = false (default)
2019-11-19 00:30:43,390 [pool-82-thread-1] INFO  server.RaftServerConfigKeys (ConfUtils.java:logGet(43)) - raft.server.log.purge.gap = 1000000 (custom)
2019-11-19 00:30:43,390 [pool-82-thread-1] INFO  server.RaftServerConfigKeys (ConfUtils.java:logGet(43)) - raft.server.log.appender.buffer.byte-limit = 33554432 (custom)
2019-11-19 00:30:43,390 [pool-82-thread-1] INFO  server.RaftServerConfigKeys (ConfUtils.java:logGet(43)) - raft.server.log.segment.size.max = 1048576 (custom)
2019-11-19 00:30:43,391 [pool-82-thread-1] WARN  impl.MetricRegistriesImpl (MetricRegistriesImpl.java:lambda$create$1(61)) - First MetricRegistry has been created without registering reporters. You may need to call MetricRegistries.global().addReportRegistration(...) before.
2019-11-19 00:30:43,391 [pool-82-thread-1] INFO  server.RaftServerConfigKeys (ConfUtils.java:logGet(43)) - raft.server.log.segment.cache.num.max = 2 (custom)
2019-11-19 00:30:43,391 [pool-82-thread-1] INFO  segmented.SegmentedRaftLogWorker (SegmentedRaftLogWorker.java:<init>(173)) - new bac99481-e98e-4e01-9d85-a5c9492ba51b@group-E4BE69FAE8EB-SegmentedRaftLogWorker for RaftStorage:Storage Directory /workdir/hadoop-ozone/integration-test/target/test-dir/MiniOzoneClusterImpl-8a8b1f67-693e-4120-975c-0500f44c4702/datanode-0/data/ratis/b719fdf7-6bb5-4652-aec0-e4be69fae8eb
2019-11-19 00:30:43,391 [pool-82-thread-1] INFO  server.RaftServerConfigKeys (ConfUtils.java:logGet(43)) - raft.server.log.queue.byte-limit = 2147483647 (custom)
2019-11-19 00:30:43,391 [pool-82-thread-1] INFO  server.RaftServerConfigKeys (ConfUtils.java:logGet(43)) - raft.server.log.queue.element-limit = 1024 (custom)
2019-11-19 00:30:43,392 [pool-82-thread-1] INFO  server.RaftServerConfigKeys (ConfUtils.java:logGet(43)) - raft.server.log.segment.size.max = 1048576 (custom)
2019-11-19 00:30:43,392 [pool-82-thread-1] INFO  server.RaftServerConfigKeys (ConfUtils.java:logGet(43)) - raft.server.log.preallocated.size = 16384 (custom)
2019-11-19 00:30:43,392 [pool-82-thread-1] INFO  server.RaftServerConfigKeys (ConfUtils.java:logGet(43)) - raft.server.log.write.buffer.size = 33554432 (custom)
2019-11-19 00:30:43,392 [pool-82-thread-1] INFO  server.RaftServerConfigKeys (ConfUtils.java:logGet(43)) - raft.server.log.force.sync.num = 128 (default)
2019-11-19 00:30:43,392 [pool-82-thread-1] INFO  server.RaftServerConfigKeys (ConfUtils.java:logGet(43)) - raft.server.log.statemachine.data.sync = true (default)
2019-11-19 00:30:43,392 [pool-82-thread-1] INFO  server.RaftServerConfigKeys (ConfUtils.java:logGet(43)) - raft.server.log.statemachine.data.sync.timeout = 10s (default)
2019-11-19 00:30:43,392 [pool-82-thread-1] INFO  server.RaftServerConfigKeys (ConfUtils.java:logGet(43)) - raft.server.log.statemachine.data.sync.timeout.retry = -1 (default)
2019-11-19 00:30:43,393 [pool-82-thread-1] INFO  server.RaftServerConfigKeys (ConfUtils.java:logGet(43)) - raft.server.log.statemachine.data.caching.enabled = true (custom)
2019-11-19 00:30:43,393 [pool-82-thread-1] INFO  segmented.SegmentedRaftLogWorker (SegmentedRaftLogWorker.java:lambda$new$0(128)) - bac99481-e98e-4e01-9d85-a5c9492ba51b@group-E4BE69FAE8EB-SegmentedRaftLogWorker: flushIndex: setUnconditionally 0 -> -1
2019-11-19 00:30:43,394 [pool-82-thread-1] INFO  server.RaftServerConfigKeys (ConfUtils.java:logGet(43)) - raft.server.snapshot.auto.trigger.enabled = true (custom)
2019-11-19 00:30:43,394 [pool-82-thread-1] INFO  server.RaftServerConfigKeys (ConfUtils.java:logGet(43)) - raft.server.snapshot.auto.trigger.threshold = 10000 (custom)
2019-11-19 00:30:43,394 [pool-82-thread-1] INFO  server.RaftServerConfigKeys (ConfUtils.java:logGet(43)) - raft.server.snapshot.retention.file.num = 5 (custom)
2019-11-19 00:30:43,394 [pool-82-thread-1] INFO  server.RaftServerConfigKeys (ConfUtils.java:logGet(43)) - raft.server.retrycache.expirytime = 600000ms (custom)
2019-11-19 00:30:43,395 [pool-82-thread-1] WARN  impl.MetricRegistriesImpl (MetricRegistriesImpl.java:lambda$create$1(61)) - First MetricRegistry has been created without registering reporters. You may need to call MetricRegistries.global().addReportRegistration(...) before.
2019-11-19 00:30:43,395 [pool-82-thread-1] WARN  impl.MetricRegistriesImpl (MetricRegistriesImpl.java:lambda$create$1(61)) - First MetricRegistry has been created without registering reporters. You may need to call MetricRegistries.global().addReportRegistration(...) before.
2019-11-19 00:30:43,395 [pool-82-thread-1] INFO  impl.RaftServerImpl (RaftServerImpl.java:start(184)) - bac99481-e98e-4e01-9d85-a5c9492ba51b@group-E4BE69FAE8EB: start as a follower, conf=-1: [bac99481-e98e-4e01-9d85-a5c9492ba51b:192.168.157.213:45719], old=null
2019-11-19 00:30:43,395 [pool-82-thread-1] INFO  impl.RaftServerImpl (RaftServerImpl.java:setRole(173)) - bac99481-e98e-4e01-9d85-a5c9492ba51b@group-E4BE69FAE8EB: changes role from      null to FOLLOWER at term 0 for startAsFollower
2019-11-19 00:30:43,395 [pool-82-thread-1] INFO  impl.RoleInfo (RoleInfo.java:updateAndGet(143)) - bac99481-e98e-4e01-9d85-a5c9492ba51b: start FollowerState
2019-11-19 00:30:43,396 [pool-82-thread-1] INFO  util.JmxRegister (JmxRegister.java:tryRegister(44)) - Successfully registered JMX Bean with object name Ratis:service=RaftServer,group=group-E4BE69FAE8EB,id=bac99481-e98e-4e01-9d85-a5c9492ba51b
2019-11-19 00:30:43,396 [pool-82-thread-1] WARN  impl.MetricRegistriesImpl (MetricRegistriesImpl.java:lambda$create$1(61)) - First MetricRegistry has been created without registering reporters. You may need to call MetricRegistries.global().addReportRegistration(...) before.
2019-11-19 00:30:43,397 [Command processor thread] INFO  commandhandler.CreatePipelineCommandHandler (CreatePipelineCommandHandler.java:handle(86)) - Create Pipeline RATIS ONE #id: "b719fdf7-6bb5-4652-aec0-e4be69fae8eb"
 command succeed on datanode bac99481-e98e-4e01-9d85-a5c9492ba51b.
2019-11-19 00:30:43,399 [EventQueue-PipelineReportForPipelineReportHandler] INFO  pipeline.PipelineReportHandler (PipelineReportHandler.java:processPipelineReport(113)) - Pipeline ONE PipelineID=b719fdf7-6bb5-4652-aec0-e4be69fae8eb reported by bac99481-e98e-4e01-9d85-a5c9492ba51b{ip: 192.168.157.213, host: pr-hdds-2241-master-j9rj8-2432081592, networkLocation: /default-rack, certSerialId: null}
2019-11-19 00:30:43,400 [EventQueue-PipelineReportForPipelineReportHandler] INFO  pipeline.PipelineStateManager (PipelineStateManager.java:openPipeline(132)) - Pipeline Pipeline[ Id: b719fdf7-6bb5-4652-aec0-e4be69fae8eb, Nodes: bac99481-e98e-4e01-9d85-a5c9492ba51b{ip: 192.168.157.213, host: pr-hdds-2241-master-j9rj8-2432081592, networkLocation: /default-rack, certSerialId: null}, Type:RATIS, Factor:ONE, State:ALLOCATED] moved to OPEN state
2019-11-19 00:30:43,401 [EventQueue-OpenPipelineForHealthyPipelineSafeModeRule] INFO  safemode.SCMSafeModeManager (SCMSafeModeManager.java:validateSafeModeExitRules(176)) - HealthyPipelineSafeModeRule rule is successfully validated
2019-11-19 00:30:43,402 [EventQueue-OpenPipelineForOneReplicaPipelineSafeModeRule] INFO  safemode.SCMSafeModeManager (SCMSafeModeManager.java:validateSafeModeExitRules(176)) - AtleastOneDatanodeReportedRule rule is successfully validated
2019-11-19 00:30:43,402 [EventQueue-OpenPipelineForOneReplicaPipelineSafeModeRule] INFO  safemode.SCMSafeModeManager (SCMSafeModeManager.java:validateSafeModeExitRules(185)) - ScmSafeModeManager, all rules are successfully validated
2019-11-19 00:30:43,402 [EventQueue-OpenPipelineForOneReplicaPipelineSafeModeRule] INFO  safemode.SCMSafeModeManager (SCMSafeModeManager.java:exitSafeMode(201)) - SCM exiting safe mode.
2019-11-19 00:30:44,331 [Thread-261] INFO  ozone.MiniOzoneClusterImpl (MiniOzoneClusterImpl.java:lambda$waitForClusterToBeReady$0(150)) - Nodes are ready. Got 1 of 1 DN Heartbeats.
2019-11-19 00:30:44,333 [Thread-261] INFO  ozone.MiniOzoneClusterImpl (MiniOzoneClusterImpl.java:lambda$waitForClusterToBeReady$0(153)) - Cluster exits safe mode
2019-11-19 00:30:44,381 [Thread-261] INFO  rpc.RpcClient (RpcClient.java:createVolume(292)) - Creating Volume: volume37967, with user56871 as owner.
2019-11-19 00:30:44,386 [IPC Server handler 1 on 39269] INFO  volume.OMVolumeCreateRequest (OMVolumeCreateRequest.java:validateAndUpdateCache(193)) - created volume:volume37967 for user:user56871
2019-11-19 00:30:44,406 [Thread-261] INFO  rpc.RpcClient (RpcClient.java:createBucket(431)) - Creating Bucket: volume37967/bucket17102, with Versioning false and Storage Type set to DISK and Encryption set to false 
2019-11-19 00:30:44,425 [IPC Server handler 1 on 35847] INFO  pipeline.PipelineStateManager (PipelineStateManager.java:addPipeline(55)) - Created pipeline Pipeline[ Id: a87876b3-a3c8-464b-b7ab-51c7f9830748, Nodes: bac99481-e98e-4e01-9d85-a5c9492ba51b{ip: 192.168.157.213, host: pr-hdds-2241-master-j9rj8-2432081592, networkLocation: /default-rack, certSerialId: null}, Type:STAND_ALONE, Factor:ONE, State:OPEN]
2019-11-19 00:30:46,412 [Thread-416] INFO  container.ReplicationManager (ReplicationManager.java:start(162)) - Starting Replication Monitor Thread.
2019-11-19 00:30:46,413 [ReplicationMonitor] INFO  container.ReplicationManager (ReplicationManager.java:run(225)) - Replication Monitor Thread took 1 milliseconds for processing 8 containers.
00:30:48.306 [Thread-261] ERROR OMAudit - user=null | ip=null | op=READ_KEY {volume=volume37967, bucket=bucket17102, key=SJzOY9, dataSize=0, replicationType=null, replicationFactor=null, keyLocationInfo=null} | ret=FAILURE
java.lang.NullPointerException: null
	at org.apache.hadoop.ozone.om.KeyManagerImpl.refreshPipeline(KeyManagerImpl.java:689) ~[hadoop-ozone-ozone-manager-0.5.0-SNAPSHOT.jar:?]
	at org.apache.hadoop.ozone.om.KeyManagerImpl.lookupKey(KeyManagerImpl.java:651) ~[hadoop-ozone-ozone-manager-0.5.0-SNAPSHOT.jar:?]
	at org.apache.hadoop.ozone.om.OzoneManager.lookupKey(OzoneManager.java:2149) [hadoop-ozone-ozone-manager-0.5.0-SNAPSHOT.jar:?]
	at org.apache.hadoop.ozone.TestStorageContainerManagerHelper.createKeys(TestStorageContainerManagerHelper.java:82) [test-classes/:?]
	at org.apache.hadoop.ozone.TestStorageContainerManager.testBlockDeletingThrottling(TestStorageContainerManager.java:359) [test-classes/:?]
	at sun.reflect.NativeMethodAccessorImpl.invoke0(Native Method) ~[?:1.8.0_222]
	at sun.reflect.NativeMethodAccessorImpl.invoke(NativeMethodAccessorImpl.java:62) ~[?:1.8.0_222]
	at sun.reflect.DelegatingMethodAccessorImpl.invoke(DelegatingMethodAccessorImpl.java:43) ~[?:1.8.0_222]
	at java.lang.reflect.Method.invoke(Method.java:498) ~[?:1.8.0_222]
	at org.junit.runners.model.FrameworkMethod$1.runReflectiveCall(FrameworkMethod.java:47) [junit-4.11.jar:?]
	at org.junit.internal.runners.model.ReflectiveCallable.run(ReflectiveCallable.java:12) [junit-4.11.jar:?]
	at org.junit.runners.model.FrameworkMethod.invokeExplosively(FrameworkMethod.java:44) [junit-4.11.jar:?]
	at org.junit.internal.runners.statements.InvokeMethod.evaluate(InvokeMethod.java:17) [junit-4.11.jar:?]
	at org.junit.internal.runners.statements.FailOnTimeout$StatementThread.run(FailOnTimeout.java:74) [junit-4.11.jar:?]
2019-11-19 00:30:48,307 [Thread-261] INFO  ozone.MiniOzoneClusterImpl (MiniOzoneClusterImpl.java:shutdown(334)) - Shutting down the Mini Ozone Cluster
2019-11-19 00:30:48,307 [Thread-261] INFO  ozone.MiniOzoneClusterImpl (MiniOzoneClusterImpl.java:stop(350)) - Stopping the Mini Ozone Cluster
2019-11-19 00:30:48,307 [Thread-261] INFO  ozone.MiniOzoneClusterImpl (MiniOzoneClusterImpl.java:stopOM(420)) - Stopping the OzoneManager
2019-11-19 00:30:48,307 [Thread-261] INFO  ipc.Server (Server.java:stop(3082)) - Stopping server on 39269
2019-11-19 00:30:48,316 [IPC Server listener on 39269] INFO  ipc.Server (Server.java:run(1185)) - Stopping IPC Server listener on 39269
2019-11-19 00:30:48,316 [Thread-261] INFO  ratis.OzoneManagerDoubleBuffer (OzoneManagerDoubleBuffer.java:stop(261)) - Stopping OMDoubleBuffer flush thread
2019-11-19 00:30:48,316 [IPC Server Responder] INFO  ipc.Server (Server.java:run(1319)) - Stopping IPC Server Responder
2019-11-19 00:30:48,317 [OMDoubleBufferFlushThread] INFO  ratis.OzoneManagerDoubleBuffer (OzoneManagerDoubleBuffer.java:flushTransactions(199)) - OMDoubleBuffer flush thread OMDoubleBufferFlushThread is interrupted and will exit. OMDoubleBufferFlushThread
2019-11-19 00:30:48,317 [Thread-261] INFO  utils.BackgroundService (BackgroundService.java:shutdown(151)) - Shutting down service KeyDeletingService
2019-11-19 00:30:48,319 [Thread-261] INFO  handler.ContextHandler (ContextHandler.java:doStop(910)) - Stopped o.e.j.w.WebAppContext@8b56dc3{/,null,UNAVAILABLE}{/ozoneManager}
2019-11-19 00:30:48,320 [Thread-261] INFO  server.AbstractConnector (AbstractConnector.java:doStop(318)) - Stopped ServerConnector@6879256{HTTP/1.1,[http/1.1]}{0.0.0.0:0}
2019-11-19 00:30:48,320 [Thread-261] INFO  handler.ContextHandler (ContextHandler.java:doStop(910)) - Stopped o.e.j.s.ServletContextHandler@28b948e3{/static,file:///workdir/hadoop-ozone/integration-test/target/test-classes/webapps/static,UNAVAILABLE}
2019-11-19 00:30:48,321 [Thread-261] INFO  handler.ContextHandler (ContextHandler.java:doStop(910)) - Stopped o.e.j.s.ServletContextHandler@77bbfd79{/logs,file:///workdir/hadoop-ozone/integration-test/target/log,UNAVAILABLE}
2019-11-19 00:30:48,324 [Thread-261] INFO  ozone.MiniOzoneClusterImpl (MiniOzoneClusterImpl.java:stopDatanodes(397)) - Stopping the HddsDatanodes
2019-11-19 00:30:48,525 [Thread-412] INFO  impl.FollowerState (FollowerState.java:run(111)) - bac99481-e98e-4e01-9d85-a5c9492ba51b@group-E4BE69FAE8EB-FollowerState: change to CANDIDATE, lastRpcTime:5129ms, electionTimeout:5129ms
2019-11-19 00:30:48,526 [Thread-412] INFO  impl.RoleInfo (RoleInfo.java:shutdownFollowerState(121)) - bac99481-e98e-4e01-9d85-a5c9492ba51b: shutdown FollowerState
2019-11-19 00:30:48,526 [Thread-412] INFO  impl.RaftServerImpl (RaftServerImpl.java:setRole(173)) - bac99481-e98e-4e01-9d85-a5c9492ba51b@group-E4BE69FAE8EB: changes role from  FOLLOWER to CANDIDATE at term 0 for changeToCandidate
2019-11-19 00:30:48,526 [Thread-412] INFO  impl.RoleInfo (RoleInfo.java:updateAndGet(143)) - bac99481-e98e-4e01-9d85-a5c9492ba51b: start LeaderElection
2019-11-19 00:30:48,564 [bac99481-e98e-4e01-9d85-a5c9492ba51b@group-E4BE69FAE8EB-LeaderElection8] INFO  impl.LeaderElection (LeaderElection.java:askForVotes(178)) - bac99481-e98e-4e01-9d85-a5c9492ba51b@group-E4BE69FAE8EB-LeaderElection8: begin an election at term 1 for -1: [bac99481-e98e-4e01-9d85-a5c9492ba51b:192.168.157.213:45719], old=null
2019-11-19 00:30:48,565 [bac99481-e98e-4e01-9d85-a5c9492ba51b@group-E4BE69FAE8EB-LeaderElection8] INFO  impl.RoleInfo (RoleInfo.java:shutdownLeaderElection(134)) - bac99481-e98e-4e01-9d85-a5c9492ba51b: shutdown LeaderElection
2019-11-19 00:30:48,565 [bac99481-e98e-4e01-9d85-a5c9492ba51b@group-E4BE69FAE8EB-LeaderElection8] INFO  impl.RaftServerImpl (RaftServerImpl.java:setRole(173)) - bac99481-e98e-4e01-9d85-a5c9492ba51b@group-E4BE69FAE8EB: changes role from CANDIDATE to LEADER at term 1 for changeToLeader
2019-11-19 00:30:48,565 [bac99481-e98e-4e01-9d85-a5c9492ba51b@group-E4BE69FAE8EB-LeaderElection8] INFO  ratis.XceiverServerRatis (XceiverServerRatis.java:handleLeaderChangedNotification(733)) - Leader change notification received for group: group-E4BE69FAE8EB with new leaderId: bac99481-e98e-4e01-9d85-a5c9492ba51b
2019-11-19 00:30:48,566 [bac99481-e98e-4e01-9d85-a5c9492ba51b@group-E4BE69FAE8EB-LeaderElection8] INFO  impl.RaftServerImpl (ServerState.java:setLeader(255)) - bac99481-e98e-4e01-9d85-a5c9492ba51b@group-E4BE69FAE8EB: change Leader from null to bac99481-e98e-4e01-9d85-a5c9492ba51b at term 1 for becomeLeader, leader elected after 5175ms
2019-11-19 00:30:48,566 [Datanode State Machine Thread - 0] INFO  statemachine.DatanodeStateMachine (DatanodeStateMachine.java:lambda$startDaemon$0(361)) - Ozone container server started.
2019-11-19 00:30:48,567 [bac99481-e98e-4e01-9d85-a5c9492ba51b@group-E4BE69FAE8EB-LeaderElection8] INFO  server.RaftServerConfigKeys (ConfUtils.java:logGet(43)) - raft.server.staging.catchup.gap = 1000 (default)
2019-11-19 00:30:48,567 [bac99481-e98e-4e01-9d85-a5c9492ba51b@group-E4BE69FAE8EB-LeaderElection8] INFO  server.RaftServerConfigKeys (ConfUtils.java:logGet(43)) - raft.server.rpc.sleep.time = 25ms (default)
2019-11-19 00:30:48,567 [bac99481-e98e-4e01-9d85-a5c9492ba51b@group-E4BE69FAE8EB-LeaderElection8] INFO  server.RaftServerConfigKeys (ConfUtils.java:logGet(43)) - raft.server.write.element-limit = 4096 (default)
2019-11-19 00:30:48,568 [bac99481-e98e-4e01-9d85-a5c9492ba51b@group-E4BE69FAE8EB-LeaderElection8] INFO  server.RaftServerConfigKeys (ConfUtils.java:logGet(43)) - raft.server.watch.timeout = 10s (default)
2019-11-19 00:30:48,568 [bac99481-e98e-4e01-9d85-a5c9492ba51b@group-E4BE69FAE8EB-LeaderElection8] INFO  server.RaftServerConfigKeys (ConfUtils.java:logGet(43)) - raft.server.watch.timeout.denomination = 1s (default)
2019-11-19 00:30:48,568 [bac99481-e98e-4e01-9d85-a5c9492ba51b@group-E4BE69FAE8EB-LeaderElection8] INFO  server.RaftServerConfigKeys (ConfUtils.java:logGet(43)) - raft.server.watch.element-limit = 65536 (default)
2019-11-19 00:30:48,569 [bac99481-e98e-4e01-9d85-a5c9492ba51b@group-E4BE69FAE8EB-LeaderElection8] INFO  impl.RoleInfo (RoleInfo.java:updateAndGet(143)) - bac99481-e98e-4e01-9d85-a5c9492ba51b: start LeaderState
2019-11-19 00:30:48,570 [bac99481-e98e-4e01-9d85-a5c9492ba51b@group-E4BE69FAE8EB-LeaderElection8] INFO  segmented.SegmentedRaftLogWorker (SegmentedRaftLogWorker.java:startLogSegment(385)) - bac99481-e98e-4e01-9d85-a5c9492ba51b@group-E4BE69FAE8EB-SegmentedRaftLogWorker: Starting segment from index:0
2019-11-19 00:30:48,571 [bac99481-e98e-4e01-9d85-a5c9492ba51b@group-E4BE69FAE8EB-LeaderElection8] INFO  impl.RaftServerImpl (ServerState.java:setRaftConf(356)) - bac99481-e98e-4e01-9d85-a5c9492ba51b@group-E4BE69FAE8EB: set configuration 0: [bac99481-e98e-4e01-9d85-a5c9492ba51b:192.168.157.213:45719], old=null at 0
2019-11-19 00:30:48,625 [bac99481-e98e-4e01-9d85-a5c9492ba51b@group-E4BE69FAE8EB-SegmentedRaftLogWorker] INFO  segmented.SegmentedRaftLogWorker (SegmentedRaftLogWorker.java:execute(576)) - bac99481-e98e-4e01-9d85-a5c9492ba51b@group-E4BE69FAE8EB-SegmentedRaftLogWorker: created new log segment /workdir/hadoop-ozone/integration-test/target/test-dir/MiniOzoneClusterImpl-8a8b1f67-693e-4120-975c-0500f44c4702/datanode-0/data/ratis/b719fdf7-6bb5-4652-aec0-e4be69fae8eb/current/log_inprogress_0
2019-11-19 00:30:53,326 [Thread-261] INFO  ozoneimpl.OzoneContainer (OzoneContainer.java:stop(244)) - Attempting to stop container services.
2019-11-19 00:30:53,329 [Thread-261] INFO  impl.RaftServerProxy (RaftServerProxy.java:lambda$close$4(314)) - bac99481-e98e-4e01-9d85-a5c9492ba51b: close
2019-11-19 00:30:53,330 [Thread-261] INFO  impl.RaftServerImpl (RaftServerImpl.java:lambda$shutdown$3(250)) - bac99481-e98e-4e01-9d85-a5c9492ba51b@group-E4BE69FAE8EB: shutdown
2019-11-19 00:30:53,330 [Thread-261] INFO  util.JmxRegister (JmxRegister.java:unregister(73)) - Successfully un-registered JMX Bean with object name Ratis:service=RaftServer,group=group-E4BE69FAE8EB,id=bac99481-e98e-4e01-9d85-a5c9492ba51b
2019-11-19 00:30:53,331 [Thread-261] INFO  impl.RoleInfo (RoleInfo.java:shutdownLeaderState(104)) - bac99481-e98e-4e01-9d85-a5c9492ba51b: shutdown LeaderState
2019-11-19 00:30:53,332 [Thread-261] INFO  impl.PendingRequests (PendingRequests.java:sendNotLeaderResponses(206)) - bac99481-e98e-4e01-9d85-a5c9492ba51b@group-E4BE69FAE8EB-PendingRequests: sendNotLeaderResponses
2019-11-19 00:30:53,333 [Thread-261] INFO  impl.StateMachineUpdater (StateMachineUpdater.java:stopAndJoin(136)) - bac99481-e98e-4e01-9d85-a5c9492ba51b@group-E4BE69FAE8EB-StateMachineUpdater: set stopIndex = 0
2019-11-19 00:30:53,336 [Thread-261] INFO  impl.RaftServerImpl (ServerState.java:close(387)) - bac99481-e98e-4e01-9d85-a5c9492ba51b@group-E4BE69FAE8EB: closes. applyIndex: 0
2019-11-19 00:30:53,337 [bac99481-e98e-4e01-9d85-a5c9492ba51b@group-E4BE69FAE8EB-SegmentedRaftLogWorker] INFO  segmented.SegmentedRaftLogWorker (SegmentedRaftLogWorker.java:run(316)) - bac99481-e98e-4e01-9d85-a5c9492ba51b@group-E4BE69FAE8EB-SegmentedRaftLogWorker was interrupted, exiting. There are 0 tasks remaining in the queue.
2019-11-19 00:30:53,338 [Thread-261] INFO  segmented.SegmentedRaftLogWorker (SegmentedRaftLogWorker.java:close(224)) - bac99481-e98e-4e01-9d85-a5c9492ba51b@group-E4BE69FAE8EB-SegmentedRaftLogWorker close()
2019-11-19 00:30:53,340 [Thread-261] INFO  server.GrpcService (GrpcService.java:closeImpl(164)) - bac99481-e98e-4e01-9d85-a5c9492ba51b: shutdown server with port 45719 now
2019-11-19 00:30:53,341 [Thread-261] INFO  server.GrpcService (GrpcService.java:closeImpl(172)) - bac99481-e98e-4e01-9d85-a5c9492ba51b: shutdown server with port 45719 successfully
2019-11-19 00:30:53,350 [refreshUsed-/workdir/hadoop-ozone/integration-test/target/test-dir/MiniOzoneClusterImpl-8a8b1f67-693e-4120-975c-0500f44c4702/datanode-0/data/containers] WARN  fs.CachingGetSpaceUsed (CachingGetSpaceUsed.java:run(183)) - Thread Interrupted waiting to refresh disk information: sleep interrupted
2019-11-19 00:30:53,371 [Thread-261] INFO  utils.BackgroundService (BackgroundService.java:shutdown(151)) - Shutting down service BlockDeletingService
2019-11-19 00:30:53,374 [Thread-261] INFO  statemachine.DatanodeStateMachine (DatanodeStateMachine.java:stopDaemon(406)) - Ozone container server stopped.
2019-11-19 00:30:53,376 [Thread-261] INFO  handler.ContextHandler (ContextHandler.java:doStop(910)) - Stopped o.e.j.w.WebAppContext@79ee51c8{/,null,UNAVAILABLE}{/hddsDatanode}
2019-11-19 00:30:53,378 [Thread-261] INFO  server.AbstractConnector (AbstractConnector.java:doStop(318)) - Stopped ServerConnector@473c5369{HTTP/1.1,[http/1.1]}{0.0.0.0:0}
2019-11-19 00:30:53,378 [Thread-261] INFO  handler.ContextHandler (ContextHandler.java:doStop(910)) - Stopped o.e.j.s.ServletContextHandler@758f03ba{/static,jar:file:/home/user/.m2/repository/org/apache/hadoop/hadoop-hdds-container-service/0.5.0-SNAPSHOT/hadoop-hdds-container-service-0.5.0-SNAPSHOT.jar!/webapps/static,UNAVAILABLE}
2019-11-19 00:30:53,379 [Thread-261] INFO  handler.ContextHandler (ContextHandler.java:doStop(910)) - Stopped o.e.j.s.ServletContextHandler@3ce25207{/logs,file:///workdir/hadoop-ozone/integration-test/target/log,UNAVAILABLE}
2019-11-19 00:30:53,380 [Thread-261] INFO  ozone.MiniOzoneClusterImpl (MiniOzoneClusterImpl.java:stopSCM(412)) - Stopping the StorageContainerManager
2019-11-19 00:30:53,380 [Thread-261] INFO  server.StorageContainerManager (StorageContainerManager.java:stop(803)) - Stopping Replication Manager Service.
2019-11-19 00:30:53,380 [Thread-261] INFO  container.ReplicationManager (ReplicationManager.java:stop(203)) - Stopping Replication Monitor Thread.
2019-11-19 00:30:53,380 [Thread-261] INFO  server.StorageContainerManager (StorageContainerManager.java:stop(810)) - Stopping Lease Manager of the command watchers
2019-11-19 00:30:53,381 [Thread-261] INFO  server.StorageContainerManager (StorageContainerManager.java:stop(817)) - Stopping datanode service RPC server
2019-11-19 00:30:53,381 [Thread-261] INFO  server.SCMDatanodeProtocolServer (SCMDatanodeProtocolServer.java:stop(366)) - Stopping the RPC server for DataNodes
2019-11-19 00:30:53,381 [Thread-261] INFO  ipc.Server (Server.java:stop(3082)) - Stopping server on 41179
2019-11-19 00:30:53,383 [IPC Server listener on 41179] INFO  ipc.Server (Server.java:run(1185)) - Stopping IPC Server listener on 41179
2019-11-19 00:30:53,383 [IPC Server Responder] INFO  ipc.Server (Server.java:run(1319)) - Stopping IPC Server Responder
2019-11-19 00:30:56,184 [SCM Heartbeat Processing Thread - 0] WARN  node.NodeStateManager (NodeStateManager.java:scheduleNextHealthCheck(646)) - Current Thread is interrupted, shutting down HB processing thread for Node Manager.
2019-11-19 00:30:56,185 [Thread-261] INFO  server.StorageContainerManager (StorageContainerManager.java:stop(825)) - Stopping block service RPC server
2019-11-19 00:30:56,185 [Thread-261] INFO  server.SCMBlockProtocolServer (SCMBlockProtocolServer.java:stop(155)) - Stopping the RPC server for Block Protocol
2019-11-19 00:30:56,186 [Thread-261] INFO  ipc.Server (Server.java:stop(3082)) - Stopping server on 35847
2019-11-19 00:30:56,187 [IPC Server listener on 35847] INFO  ipc.Server (Server.java:run(1185)) - Stopping IPC Server listener on 35847
2019-11-19 00:30:56,188 [Thread-261] INFO  server.StorageContainerManager (StorageContainerManager.java:stop(832)) - Stopping the StorageContainerLocationProtocol RPC server
2019-11-19 00:30:56,189 [IPC Server Responder] INFO  ipc.Server (Server.java:run(1319)) - Stopping IPC Server Responder
2019-11-19 00:30:56,189 [Thread-261] INFO  server.SCMClientProtocolServer (SCMClientProtocolServer.java:stop(169)) - Stopping the RPC server for Client Protocol
2019-11-19 00:30:56,189 [Thread-261] INFO  ipc.Server (Server.java:stop(3082)) - Stopping server on 45198
2019-11-19 00:30:56,191 [IPC Server listener on 45198] INFO  ipc.Server (Server.java:run(1185)) - Stopping IPC Server listener on 45198
2019-11-19 00:30:56,191 [Thread-261] INFO  server.StorageContainerManager (StorageContainerManager.java:stop(839)) - Stopping Storage Container Manager HTTP server.
2019-11-19 00:30:56,192 [IPC Server Responder] INFO  ipc.Server (Server.java:run(1319)) - Stopping IPC Server Responder
2019-11-19 00:30:56,194 [Thread-261] INFO  handler.ContextHandler (ContextHandler.java:doStop(910)) - Stopped o.e.j.w.WebAppContext@12055636{/,null,UNAVAILABLE}{/scm}
2019-11-19 00:30:56,195 [Thread-261] INFO  server.AbstractConnector (AbstractConnector.java:doStop(318)) - Stopped ServerConnector@15d35b19{HTTP/1.1,[http/1.1]}{0.0.0.0:0}
2019-11-19 00:30:56,195 [Thread-261] INFO  handler.ContextHandler (ContextHandler.java:doStop(910)) - Stopped o.e.j.s.ServletContextHandler@2d155e51{/static,file:///workdir/hadoop-ozone/integration-test/target/test-classes/webapps/static,UNAVAILABLE}
2019-11-19 00:30:56,196 [Thread-261] INFO  handler.ContextHandler (ContextHandler.java:doStop(910)) - Stopped o.e.j.s.ServletContextHandler@76fcfdcd{/logs,file:///workdir/hadoop-ozone/integration-test/target/log,UNAVAILABLE}
2019-11-19 00:30:56,197 [Thread-261] INFO  server.StorageContainerManager (StorageContainerManager.java:stop(850)) - Stopping Block Manager Service.
2019-11-19 00:30:56,197 [Thread-261] INFO  utils.BackgroundService (BackgroundService.java:shutdown(151)) - Shutting down service SCMBlockDeletingService
2019-11-19 00:30:56,197 [Thread-261] INFO  utils.BackgroundService (BackgroundService.java:shutdown(151)) - Shutting down service SCMBlockDeletingService
2019-11-19 00:30:56,198 [Thread-261] INFO  server.StorageContainerManager (StorageContainerManager.java:stop(872)) - Stopping SCM Event Queue.
2019-11-19 00:30:56,204 [Thread-261] INFO  impl.MetricsSystemImpl (MetricsSystemImpl.java:stop(210)) - Stopping HddsDatanode metrics system...
2019-11-19 00:30:56,208 [Thread-261] INFO  impl.MetricsSystemImpl (MetricsSystemImpl.java:stop(216)) - HddsDatanode metrics system stopped.
]]></system-out>
  </testcase>
  <testcase name="testSCMReinitialization" classname="org.apache.hadoop.ozone.TestStorageContainerManager" time="24.776"/>
  <testcase name="testCloseContainerCommandOnRestart" classname="org.apache.hadoop.ozone.TestStorageContainerManager" time="18.239">
    <error type="java.lang.NullPointerException">java.lang.NullPointerException
	at org.apache.hadoop.ozone.om.KeyManagerImpl.refreshPipeline(KeyManagerImpl.java:689)
	at org.apache.hadoop.ozone.om.KeyManagerImpl.lookupKey(KeyManagerImpl.java:651)
	at org.apache.hadoop.ozone.om.OzoneManager.lookupKey(OzoneManager.java:2149)
	at org.apache.hadoop.ozone.TestStorageContainerManagerHelper.createKeys(TestStorageContainerManagerHelper.java:82)
	at org.apache.hadoop.ozone.TestStorageContainerManager.testCloseContainerCommandOnRestart(TestStorageContainerManager.java:593)
	at sun.reflect.NativeMethodAccessorImpl.invoke0(Native Method)
	at sun.reflect.NativeMethodAccessorImpl.invoke(NativeMethodAccessorImpl.java:62)
	at sun.reflect.DelegatingMethodAccessorImpl.invoke(DelegatingMethodAccessorImpl.java:43)
	at java.lang.reflect.Method.invoke(Method.java:498)
	at org.junit.runners.model.FrameworkMethod$1.runReflectiveCall(FrameworkMethod.java:47)
	at org.junit.internal.runners.model.ReflectiveCallable.run(ReflectiveCallable.java:12)
	at org.junit.runners.model.FrameworkMethod.invokeExplosively(FrameworkMethod.java:44)
	at org.junit.internal.runners.statements.InvokeMethod.evaluate(InvokeMethod.java:17)
	at org.junit.internal.runners.statements.FailOnTimeout$StatementThread.run(FailOnTimeout.java:74)
</error>
    <system-out><![CDATA[2019-11-19 00:31:21,042 [Thread-635] WARN  server.ServerUtils (ServerUtils.java:getScmDbDir(145)) - ozone.scm.db.dirs is not configured. We recommend adding this setting. Falling back to ozone.metadata.dirs instead.
2019-11-19 00:31:21,067 [Thread-635] WARN  server.ServerUtils (ServerUtils.java:getScmDbDir(145)) - ozone.scm.db.dirs is not configured. We recommend adding this setting. Falling back to ozone.metadata.dirs instead.
2019-11-19 00:31:21,068 [Thread-635] WARN  server.ServerUtils (ServerUtils.java:getScmDbDir(145)) - ozone.scm.db.dirs is not configured. We recommend adding this setting. Falling back to ozone.metadata.dirs instead.
2019-11-19 00:31:21,068 [Thread-635] INFO  db.DBStoreBuilder (DBStoreBuilder.java:addTable(127)) - using custom profile for table: deletedBlocks
2019-11-19 00:31:21,069 [Thread-635] INFO  db.DBStoreBuilder (DBStoreBuilder.java:processTables(183)) - Using default column profile:DBProfile.DISK for Table:deletedBlocks
2019-11-19 00:31:21,069 [Thread-635] INFO  db.DBStoreBuilder (DBStoreBuilder.java:addTable(127)) - using custom profile for table: validCerts
2019-11-19 00:31:21,069 [Thread-635] INFO  db.DBStoreBuilder (DBStoreBuilder.java:processTables(183)) - Using default column profile:DBProfile.DISK for Table:validCerts
2019-11-19 00:31:21,069 [Thread-635] INFO  db.DBStoreBuilder (DBStoreBuilder.java:addTable(127)) - using custom profile for table: revokedCerts
2019-11-19 00:31:21,069 [Thread-635] INFO  db.DBStoreBuilder (DBStoreBuilder.java:processTables(183)) - Using default column profile:DBProfile.DISK for Table:revokedCerts
2019-11-19 00:31:21,070 [Thread-635] INFO  db.DBStoreBuilder (DBStoreBuilder.java:addTable(127)) - using custom profile for table: default
2019-11-19 00:31:21,070 [Thread-635] INFO  db.DBStoreBuilder (DBStoreBuilder.java:processTables(189)) - Using default column profile:DBProfile.DISK for Table:default
2019-11-19 00:31:21,070 [Thread-635] INFO  db.DBStoreBuilder (DBStoreBuilder.java:getDbProfile(220)) - Using default options. DBProfile.DISK
2019-11-19 00:31:21,190 [Thread-635] INFO  net.NodeSchemaLoader (NodeSchemaLoader.java:loadSchemaFromFile(125)) - Loading file from sun.misc.CompoundEnumeration@66b5b832
2019-11-19 00:31:21,190 [Thread-635] INFO  net.NodeSchemaLoader (NodeSchemaLoader.java:loadSchema(171)) - Loading network topology layer schema file
2019-11-19 00:31:21,196 [Thread-635] INFO  node.SCMNodeManager (SCMNodeManager.java:<init>(116)) - Entering startup safe mode.
2019-11-19 00:31:21,196 [Thread-635] INFO  algorithms.ContainerPlacementPolicyFactory (ContainerPlacementPolicyFactory.java:getPolicy(57)) - Create container placement policy of type org.apache.hadoop.hdds.scm.container.placement.algorithms.SCMContainerPlacementRandom
2019-11-19 00:31:21,196 [Thread-635] WARN  server.ServerUtils (ServerUtils.java:getScmDbDir(145)) - ozone.scm.db.dirs is not configured. We recommend adding this setting. Falling back to ozone.metadata.dirs instead.
2019-11-19 00:31:21,219 [Thread-635] INFO  pipeline.SCMPipelineManager (SCMPipelineManager.java:initializePipelineState(136)) - No pipeline exists in current db
2019-11-19 00:31:21,219 [Thread-635] WARN  server.ServerUtils (ServerUtils.java:getScmDbDir(145)) - ozone.scm.db.dirs is not configured. We recommend adding this setting. Falling back to ozone.metadata.dirs instead.
2019-11-19 00:31:21,252 [Thread-635] INFO  safemode.HealthyPipelineSafeModeRule (HealthyPipelineSafeModeRule.java:<init>(92)) -  Total pipeline count is 0, healthy pipeline threshold count is 0
2019-11-19 00:31:21,252 [Thread-635] INFO  safemode.OneReplicaPipelineSafeModeRule (OneReplicaPipelineSafeModeRule.java:<init>(79)) - Total pipeline count is 0, pipeline's with at least one datanode reported threshold count is 0
2019-11-19 00:31:21,252 [Thread-635] WARN  events.EventQueue (EventQueue.java:fireEvent(183)) - No event handler registered for event TypedEvent{payloadType=SafeModeStatus, name='SafeModeStatus'}
2019-11-19 00:31:21,253 [Thread-635] INFO  ipc.CallQueueManager (CallQueueManager.java:<init>(84)) - Using callQueue: class java.util.concurrent.LinkedBlockingQueue, queueCapacity: 2000, scheduler: class org.apache.hadoop.ipc.DefaultRpcScheduler, ipcBackoff: false.
2019-11-19 00:31:21,254 [Socket Reader #1 for port 33215] INFO  ipc.Server (Server.java:run(1074)) - Starting Socket Reader #1 for port 33215
2019-11-19 00:31:21,255 [Thread-635] INFO  ipc.CallQueueManager (CallQueueManager.java:<init>(84)) - Using callQueue: class java.util.concurrent.LinkedBlockingQueue, queueCapacity: 2000, scheduler: class org.apache.hadoop.ipc.DefaultRpcScheduler, ipcBackoff: false.
2019-11-19 00:31:21,256 [Socket Reader #1 for port 43712] INFO  ipc.Server (Server.java:run(1074)) - Starting Socket Reader #1 for port 43712
2019-11-19 00:31:21,256 [Thread-635] INFO  ipc.CallQueueManager (CallQueueManager.java:<init>(84)) - Using callQueue: class java.util.concurrent.LinkedBlockingQueue, queueCapacity: 2000, scheduler: class org.apache.hadoop.ipc.DefaultRpcScheduler, ipcBackoff: false.
2019-11-19 00:31:21,257 [Socket Reader #1 for port 41406] INFO  ipc.Server (Server.java:run(1074)) - Starting Socket Reader #1 for port 41406
2019-11-19 00:31:21,259 [Thread-635] INFO  hdfs.DFSUtil (DFSUtil.java:httpServerTemplateForNNAndJN(1641)) - Starting Web-server for scm at: http://0.0.0.0:0
2019-11-19 00:31:21,262 [Thread-635] INFO  server.AuthenticationFilter (AuthenticationFilter.java:constructSecretProvider(240)) - Unable to initialize FileSignerSecretProvider, falling back to use random secrets.
2019-11-19 00:31:21,262 [Thread-635] WARN  http.HttpRequestLog (HttpRequestLog.java:getRequestLog(97)) - Jetty request log can only be enabled using Log4j
2019-11-19 00:31:21,265 [Thread-635] INFO  http.HttpServer2 (HttpServer2.java:addGlobalFilter(975)) - Added global filter 'safety' (class=org.apache.hadoop.http.HttpServer2$QuotingInputFilter)
2019-11-19 00:31:21,266 [Thread-635] INFO  http.HttpServer2 (HttpServer2.java:addFilter(948)) - Added filter static_user_filter (class=org.apache.hadoop.http.lib.StaticUserWebFilter$StaticUserFilter) to context scm
2019-11-19 00:31:21,266 [Thread-635] INFO  http.HttpServer2 (HttpServer2.java:addFilter(958)) - Added filter static_user_filter (class=org.apache.hadoop.http.lib.StaticUserWebFilter$StaticUserFilter) to context static
2019-11-19 00:31:21,266 [Thread-635] INFO  http.HttpServer2 (HttpServer2.java:addFilter(958)) - Added filter static_user_filter (class=org.apache.hadoop.http.lib.StaticUserWebFilter$StaticUserFilter) to context logs
2019-11-19 00:31:21,269 [Thread-635] INFO  server.StorageContainerManager (StorageContainerManager.java:start(765)) - StorageContainerLocationProtocol RPC server is listening at /0.0.0.0:41406
2019-11-19 00:31:21,272 [Thread-635] WARN  impl.MetricsConfig (MetricsConfig.java:loadFirst(134)) - Cannot locate configuration: tried hadoop-metrics2-storagecontainermanager.properties,hadoop-metrics2.properties
2019-11-19 00:31:21,273 [Thread-635] INFO  impl.MetricsSystemImpl (MetricsSystemImpl.java:startTimer(374)) - Scheduled Metric snapshot period at 10 second(s).
2019-11-19 00:31:21,273 [Thread-635] INFO  impl.MetricsSystemImpl (MetricsSystemImpl.java:start(191)) - StorageContainerManager metrics system started
2019-11-19 00:31:21,307 [Thread-635] WARN  impl.MetricsSystemImpl (MetricsSystemImpl.java:register(276)) - Sink prometheus already exists!
2019-11-19 00:31:21,313 [Thread-635] INFO  server.SCMClientProtocolServer (SCMClientProtocolServer.java:start(160)) - RPC server for Client  is listening at /0.0.0.0:41406
2019-11-19 00:31:21,313 [IPC Server Responder] INFO  ipc.Server (Server.java:run(1314)) - IPC Server Responder: starting
2019-11-19 00:31:21,314 [IPC Server listener on 41406] INFO  ipc.Server (Server.java:run(1153)) - IPC Server listener on 41406: starting
2019-11-19 00:31:21,317 [Thread-635] INFO  server.StorageContainerManager (StorageContainerManager.java:start(775)) - ScmBlockLocationProtocol RPC server is listening at /0.0.0.0:43712
2019-11-19 00:31:21,317 [Thread-635] INFO  server.SCMBlockProtocolServer (SCMBlockProtocolServer.java:start(146)) - RPC server for Block Protocol is listening at /0.0.0.0:43712
2019-11-19 00:31:21,317 [IPC Server Responder] INFO  ipc.Server (Server.java:run(1314)) - IPC Server Responder: starting
2019-11-19 00:31:21,318 [IPC Server listener on 43712] INFO  ipc.Server (Server.java:run(1153)) - IPC Server listener on 43712: starting
2019-11-19 00:31:21,321 [Thread-635] INFO  server.StorageContainerManager (StorageContainerManager.java:start(779)) - ScmDatanodeProtocl RPC server is listening at /0.0.0.0:33215
2019-11-19 00:31:21,321 [Thread-635] INFO  server.SCMDatanodeProtocolServer (SCMDatanodeProtocolServer.java:start(177)) - RPC server for DataNodes is listening at /0.0.0.0:33215
2019-11-19 00:31:21,322 [IPC Server Responder] INFO  ipc.Server (Server.java:run(1314)) - IPC Server Responder: starting
2019-11-19 00:31:21,322 [IPC Server listener on 33215] INFO  ipc.Server (Server.java:run(1153)) - IPC Server listener on 33215: starting
2019-11-19 00:31:21,325 [Thread-635] INFO  http.HttpServer2 (HttpServer2.java:bindListener(1191)) - Jetty bound to port 40105
2019-11-19 00:31:21,325 [Thread-635] INFO  server.Server (Server.java:doStart(351)) - jetty-9.3.25.v20180904, build timestamp: 2018-09-04T21:11:46Z, git hash: 3ce520221d0240229c862b122d2b06c12a625732
2019-11-19 00:31:21,327 [Thread-635] INFO  handler.ContextHandler (ContextHandler.java:doStart(781)) - Started o.e.j.s.ServletContextHandler@15dbf222{/logs,file:///workdir/hadoop-ozone/integration-test/target/log,AVAILABLE}
2019-11-19 00:31:21,327 [Thread-635] INFO  handler.ContextHandler (ContextHandler.java:doStart(781)) - Started o.e.j.s.ServletContextHandler@5e4e67db{/static,file:///workdir/hadoop-ozone/integration-test/target/test-classes/webapps/static,AVAILABLE}
2019-11-19 00:31:21,332 [Thread-635] INFO  handler.ContextHandler (ContextHandler.java:doStart(781)) - Started o.e.j.w.WebAppContext@74100fbb{/,file:///workdir/hadoop-ozone/integration-test/target/test-classes/webapps/scm/,AVAILABLE}{/scm}
2019-11-19 00:31:21,332 [Thread-635] INFO  server.AbstractConnector (AbstractConnector.java:doStart(278)) - Started ServerConnector@69a4dcd{HTTP/1.1,[http/1.1]}{0.0.0.0:40105}
2019-11-19 00:31:21,333 [Thread-635] INFO  server.Server (Server.java:doStart(419)) - Started @82708ms
2019-11-19 00:31:21,333 [Thread-635] WARN  impl.MetricsSystemImpl (MetricsSystemImpl.java:register(276)) - Sink prometheus already exists!
2019-11-19 00:31:21,334 [Thread-635] INFO  server.BaseHttpServer (BaseHttpServer.java:updateConnectorAddress(215)) - HTTP server of SCM is listening at http://0.0.0.0:40105
2019-11-19 00:31:21,335 [org.apache.hadoop.util.JvmPauseMonitor$Monitor@61ffacd0] INFO  util.JvmPauseMonitor (JvmPauseMonitor.java:run(188)) - Starting JVM pause monitor
2019-11-19 00:31:21,335 [Thread-635] WARN  server.ServerUtils (ServerUtils.java:getDBPath(222)) - ozone.om.db.dirs is not configured. We recommend adding this setting. Falling back to ozone.metadata.dirs instead.
2019-11-19 00:31:21,363 [Thread-635] INFO  ha.OMHANodeDetails (OMHANodeDetails.java:loadOMHAConfig(190)) - Configuration either no ozone.om.address set. Falling back to the default OM address /127.0.0.1:0
2019-11-19 00:31:21,363 [Thread-635] INFO  ha.OMHANodeDetails (OMHANodeDetails.java:getOMNodeDetails(220)) - OM Service ID is not set. Setting it to the default ID: omServiceIdDefault
2019-11-19 00:31:21,364 [Thread-635] WARN  server.ServerUtils (ServerUtils.java:getDBPath(222)) - ozone.om.db.dirs is not configured. We recommend adding this setting. Falling back to ozone.metadata.dirs instead.
2019-11-19 00:31:21,364 [Thread-635] WARN  server.ServerUtils (ServerUtils.java:getDBPath(222)) - ozone.om.db.dirs is not configured. We recommend adding this setting. Falling back to ozone.metadata.dirs instead.
2019-11-19 00:31:21,370 [Thread-635] WARN  server.ServerUtils (ServerUtils.java:getDBPath(222)) - ozone.om.db.dirs is not configured. We recommend adding this setting. Falling back to ozone.metadata.dirs instead.
2019-11-19 00:31:21,370 [Thread-635] INFO  db.DBStoreBuilder (DBStoreBuilder.java:addTable(127)) - using custom profile for table: userTable
2019-11-19 00:31:21,370 [Thread-635] INFO  db.DBStoreBuilder (DBStoreBuilder.java:processTables(183)) - Using default column profile:DBProfile.DISK for Table:userTable
2019-11-19 00:31:21,370 [Thread-635] INFO  db.DBStoreBuilder (DBStoreBuilder.java:addTable(127)) - using custom profile for table: volumeTable
2019-11-19 00:31:21,371 [Thread-635] INFO  db.DBStoreBuilder (DBStoreBuilder.java:processTables(183)) - Using default column profile:DBProfile.DISK for Table:volumeTable
2019-11-19 00:31:21,371 [Thread-635] INFO  db.DBStoreBuilder (DBStoreBuilder.java:addTable(127)) - using custom profile for table: bucketTable
2019-11-19 00:31:21,371 [Thread-635] INFO  db.DBStoreBuilder (DBStoreBuilder.java:processTables(183)) - Using default column profile:DBProfile.DISK for Table:bucketTable
2019-11-19 00:31:21,371 [Thread-635] INFO  db.DBStoreBuilder (DBStoreBuilder.java:addTable(127)) - using custom profile for table: keyTable
2019-11-19 00:31:21,371 [Thread-635] INFO  db.DBStoreBuilder (DBStoreBuilder.java:processTables(183)) - Using default column profile:DBProfile.DISK for Table:keyTable
2019-11-19 00:31:21,371 [Thread-635] INFO  db.DBStoreBuilder (DBStoreBuilder.java:addTable(127)) - using custom profile for table: deletedTable
2019-11-19 00:31:21,371 [Thread-635] INFO  db.DBStoreBuilder (DBStoreBuilder.java:processTables(183)) - Using default column profile:DBProfile.DISK for Table:deletedTable
2019-11-19 00:31:21,371 [Thread-635] INFO  db.DBStoreBuilder (DBStoreBuilder.java:addTable(127)) - using custom profile for table: openKeyTable
2019-11-19 00:31:21,372 [Thread-635] INFO  db.DBStoreBuilder (DBStoreBuilder.java:processTables(183)) - Using default column profile:DBProfile.DISK for Table:openKeyTable
2019-11-19 00:31:21,372 [Thread-635] INFO  db.DBStoreBuilder (DBStoreBuilder.java:addTable(127)) - using custom profile for table: s3Table
2019-11-19 00:31:21,372 [Thread-635] INFO  db.DBStoreBuilder (DBStoreBuilder.java:processTables(183)) - Using default column profile:DBProfile.DISK for Table:s3Table
2019-11-19 00:31:21,372 [Thread-635] INFO  db.DBStoreBuilder (DBStoreBuilder.java:addTable(127)) - using custom profile for table: multipartInfoTable
2019-11-19 00:31:21,372 [Thread-635] INFO  db.DBStoreBuilder (DBStoreBuilder.java:processTables(183)) - Using default column profile:DBProfile.DISK for Table:multipartInfoTable
2019-11-19 00:31:21,372 [Thread-635] INFO  db.DBStoreBuilder (DBStoreBuilder.java:addTable(127)) - using custom profile for table: dTokenTable
2019-11-19 00:31:21,372 [Thread-635] INFO  db.DBStoreBuilder (DBStoreBuilder.java:processTables(183)) - Using default column profile:DBProfile.DISK for Table:dTokenTable
2019-11-19 00:31:21,372 [Thread-635] INFO  db.DBStoreBuilder (DBStoreBuilder.java:addTable(127)) - using custom profile for table: s3SecretTable
2019-11-19 00:31:21,373 [Thread-635] INFO  db.DBStoreBuilder (DBStoreBuilder.java:processTables(183)) - Using default column profile:DBProfile.DISK for Table:s3SecretTable
2019-11-19 00:31:21,373 [Thread-635] INFO  db.DBStoreBuilder (DBStoreBuilder.java:addTable(127)) - using custom profile for table: prefixTable
2019-11-19 00:31:21,373 [Thread-635] INFO  db.DBStoreBuilder (DBStoreBuilder.java:processTables(183)) - Using default column profile:DBProfile.DISK for Table:prefixTable
2019-11-19 00:31:21,373 [Thread-635] INFO  db.DBStoreBuilder (DBStoreBuilder.java:addTable(127)) - using custom profile for table: default
2019-11-19 00:31:21,373 [Thread-635] INFO  db.DBStoreBuilder (DBStoreBuilder.java:processTables(189)) - Using default column profile:DBProfile.DISK for Table:default
2019-11-19 00:31:21,373 [Thread-635] INFO  db.DBStoreBuilder (DBStoreBuilder.java:getDbProfile(220)) - Using default options. DBProfile.DISK
2019-11-19 00:31:22,026 [Thread-635] INFO  ipc.CallQueueManager (CallQueueManager.java:<init>(84)) - Using callQueue: class java.util.concurrent.LinkedBlockingQueue, queueCapacity: 2000, scheduler: class org.apache.hadoop.ipc.DefaultRpcScheduler, ipcBackoff: false.
2019-11-19 00:31:22,027 [Socket Reader #1 for port 43966] INFO  ipc.Server (Server.java:run(1074)) - Starting Socket Reader #1 for port 43966
2019-11-19 00:31:22,049 [Thread-635] INFO  om.OzoneManager (OzoneManager.java:start(1077)) - OzoneManager RPC server is listening at localhost/127.0.0.1:43966
2019-11-19 00:31:22,050 [Thread-635] INFO  impl.MetricsSystemImpl (MetricsSystemImpl.java:init(158)) - OzoneManager metrics system started (again)
2019-11-19 00:31:22,051 [IPC Server Responder] INFO  ipc.Server (Server.java:run(1314)) - IPC Server Responder: starting
2019-11-19 00:31:22,052 [IPC Server listener on 43966] INFO  ipc.Server (Server.java:run(1153)) - IPC Server listener on 43966: starting
2019-11-19 00:31:22,056 [Thread-635] INFO  hdfs.DFSUtil (DFSUtil.java:httpServerTemplateForNNAndJN(1641)) - Starting Web-server for ozoneManager at: http://0.0.0.0:0
2019-11-19 00:31:22,058 [Thread-635] INFO  server.AuthenticationFilter (AuthenticationFilter.java:constructSecretProvider(240)) - Unable to initialize FileSignerSecretProvider, falling back to use random secrets.
2019-11-19 00:31:22,058 [Thread-635] WARN  http.HttpRequestLog (HttpRequestLog.java:getRequestLog(97)) - Jetty request log can only be enabled using Log4j
2019-11-19 00:31:22,060 [Thread-635] INFO  http.HttpServer2 (HttpServer2.java:addGlobalFilter(975)) - Added global filter 'safety' (class=org.apache.hadoop.http.HttpServer2$QuotingInputFilter)
2019-11-19 00:31:22,060 [Thread-635] INFO  http.HttpServer2 (HttpServer2.java:addFilter(948)) - Added filter static_user_filter (class=org.apache.hadoop.http.lib.StaticUserWebFilter$StaticUserFilter) to context ozoneManager
2019-11-19 00:31:22,060 [Thread-635] INFO  http.HttpServer2 (HttpServer2.java:addFilter(958)) - Added filter static_user_filter (class=org.apache.hadoop.http.lib.StaticUserWebFilter$StaticUserFilter) to context static
2019-11-19 00:31:22,060 [Thread-635] INFO  http.HttpServer2 (HttpServer2.java:addFilter(958)) - Added filter static_user_filter (class=org.apache.hadoop.http.lib.StaticUserWebFilter$StaticUserFilter) to context logs
2019-11-19 00:31:22,061 [Thread-635] INFO  http.HttpServer2 (HttpServer2.java:bindListener(1191)) - Jetty bound to port 40395
2019-11-19 00:31:22,061 [Thread-635] INFO  server.Server (Server.java:doStart(351)) - jetty-9.3.25.v20180904, build timestamp: 2018-09-04T21:11:46Z, git hash: 3ce520221d0240229c862b122d2b06c12a625732
2019-11-19 00:31:22,063 [Thread-635] INFO  handler.ContextHandler (ContextHandler.java:doStart(781)) - Started o.e.j.s.ServletContextHandler@3e6866b5{/logs,file:///workdir/hadoop-ozone/integration-test/target/log,AVAILABLE}
2019-11-19 00:31:22,063 [Thread-635] INFO  handler.ContextHandler (ContextHandler.java:doStart(781)) - Started o.e.j.s.ServletContextHandler@6e0edd26{/static,file:///workdir/hadoop-ozone/integration-test/target/test-classes/webapps/static,AVAILABLE}
2019-11-19 00:31:22,067 [Thread-635] INFO  handler.ContextHandler (ContextHandler.java:doStart(781)) - Started o.e.j.w.WebAppContext@11ac213f{/,file:///workdir/hadoop-ozone/integration-test/target/test-classes/webapps/ozoneManager/,AVAILABLE}{/ozoneManager}
2019-11-19 00:31:22,067 [Thread-635] INFO  server.AbstractConnector (AbstractConnector.java:doStart(278)) - Started ServerConnector@478044b2{HTTP/1.1,[http/1.1]}{0.0.0.0:40395}
2019-11-19 00:31:22,068 [Thread-635] INFO  server.Server (Server.java:doStart(419)) - Started @83443ms
2019-11-19 00:31:22,068 [Thread-635] WARN  impl.MetricsSystemImpl (MetricsSystemImpl.java:register(276)) - Sink prometheus already exists!
2019-11-19 00:31:22,069 [Thread-635] INFO  server.BaseHttpServer (BaseHttpServer.java:updateConnectorAddress(215)) - HTTP server of OZONEMANAGER is listening at http://0.0.0.0:40395
2019-11-19 00:31:22,072 [Thread-635] INFO  impl.MetricsSystemImpl (MetricsSystemImpl.java:init(158)) - HddsDatanode metrics system started (again)
2019-11-19 00:31:22,074 [Thread-635] INFO  ozone.HddsDatanodeService (HddsDatanodeService.java:start(186)) - HddsDatanodeService host:pr-hdds-2241-master-j9rj8-2432081592 ip:192.168.157.213
2019-11-19 00:31:22,080 [Thread-635] INFO  volume.HddsVolume (HddsVolume.java:<init>(176)) - Creating Volume: /workdir/hadoop-ozone/integration-test/target/test-dir/MiniOzoneClusterImpl-786d6a22-3341-4ed1-9d45-c4a3b68bc83b/datanode-0/data/containers/hdds of  storage type : DISK and capacity : 1482555576320
2019-11-19 00:31:22,080 [Thread-635] INFO  volume.VolumeSet (VolumeSet.java:initializeVolumeSet(170)) - Added Volume : /workdir/hadoop-ozone/integration-test/target/test-dir/MiniOzoneClusterImpl-786d6a22-3341-4ed1-9d45-c4a3b68bc83b/datanode-0/data/containers/hdds to VolumeSet
2019-11-19 00:31:22,080 [Thread-635] INFO  volume.ThrottledAsyncChecker (ThrottledAsyncChecker.java:schedule(141)) - Scheduling a check for /workdir/hadoop-ozone/integration-test/target/test-dir/MiniOzoneClusterImpl-786d6a22-3341-4ed1-9d45-c4a3b68bc83b/datanode-0/data/containers/hdds
2019-11-19 00:31:22,081 [Thread-635] INFO  volume.HddsVolumeChecker (HddsVolumeChecker.java:checkAllVolumes(204)) - Scheduled health check for volume /workdir/hadoop-ozone/integration-test/target/test-dir/MiniOzoneClusterImpl-786d6a22-3341-4ed1-9d45-c4a3b68bc83b/datanode-0/data/containers/hdds
2019-11-19 00:31:22,093 [Thread-635] INFO  impl.RaftServerProxy (ConfUtils.java:logGet(43)) - raft.rpc.type = GRPC (default)
2019-11-19 00:31:22,093 [Thread-635] INFO  grpc.GrpcFactory (GrpcFactory.java:checkPooledByteBufAllocatorUseCacheForAllThreads(45)) - PERFORMANCE WARNING: useCacheForAllThreads is true that may cause Netty to create a lot garbage objects and, as a result, trigger GC.
	It is recommended to disable useCacheForAllThreads by setting -Dorg.apache.ratis.thirdparty.io.netty.allocator.useCacheForAllThreads=false in command line.
2019-11-19 00:31:22,093 [Thread-635] INFO  grpc.GrpcConfigKeys$Server (ConfUtils.java:logGet(43)) - raft.grpc.server.port = 0 (default)
2019-11-19 00:31:22,093 [Thread-635] INFO  server.GrpcService (ConfUtils.java:logGet(43)) - raft.grpc.message.size.max = 33570816 (custom)
2019-11-19 00:31:22,094 [Thread-635] INFO  server.RaftServerConfigKeys (ConfUtils.java:logGet(43)) - raft.server.log.appender.buffer.byte-limit = 33554432 (custom)
2019-11-19 00:31:22,094 [Thread-635] INFO  server.GrpcService (ConfUtils.java:logGet(43)) - raft.grpc.flow.control.window = 1MB (=1048576) (default)
2019-11-19 00:31:22,094 [Thread-635] INFO  server.RaftServerConfigKeys (ConfUtils.java:logGet(43)) - raft.server.rpc.request.timeout = 3000ms (default)
2019-11-19 00:31:22,094 [Thread-635] INFO  server.RaftServerConfigKeys (ConfUtils.java:logGet(43)) - raft.server.storage.dir = [/workdir/hadoop-ozone/integration-test/target/test-dir/MiniOzoneClusterImpl-786d6a22-3341-4ed1-9d45-c4a3b68bc83b/datanode-0/data/ratis] (custom)
2019-11-19 00:31:22,096 [Thread-635] INFO  hdfs.DFSUtil (DFSUtil.java:httpServerTemplateForNNAndJN(1641)) - Starting Web-server for hddsDatanode at: http://0.0.0.0:0
2019-11-19 00:31:22,097 [Thread-635] INFO  server.AuthenticationFilter (AuthenticationFilter.java:constructSecretProvider(240)) - Unable to initialize FileSignerSecretProvider, falling back to use random secrets.
2019-11-19 00:31:22,097 [Thread-635] WARN  http.HttpRequestLog (HttpRequestLog.java:getRequestLog(97)) - Jetty request log can only be enabled using Log4j
2019-11-19 00:31:22,098 [Thread-635] INFO  http.HttpServer2 (HttpServer2.java:addGlobalFilter(975)) - Added global filter 'safety' (class=org.apache.hadoop.http.HttpServer2$QuotingInputFilter)
2019-11-19 00:31:22,099 [Thread-635] INFO  http.HttpServer2 (HttpServer2.java:addFilter(948)) - Added filter static_user_filter (class=org.apache.hadoop.http.lib.StaticUserWebFilter$StaticUserFilter) to context hddsDatanode
2019-11-19 00:31:22,099 [Thread-635] INFO  http.HttpServer2 (HttpServer2.java:addFilter(958)) - Added filter static_user_filter (class=org.apache.hadoop.http.lib.StaticUserWebFilter$StaticUserFilter) to context static
2019-11-19 00:31:22,099 [Thread-635] INFO  http.HttpServer2 (HttpServer2.java:addFilter(958)) - Added filter static_user_filter (class=org.apache.hadoop.http.lib.StaticUserWebFilter$StaticUserFilter) to context logs
2019-11-19 00:31:22,100 [Thread-635] INFO  http.HttpServer2 (HttpServer2.java:bindListener(1191)) - Jetty bound to port 39683
2019-11-19 00:31:22,100 [Thread-635] INFO  server.Server (Server.java:doStart(351)) - jetty-9.3.25.v20180904, build timestamp: 2018-09-04T21:11:46Z, git hash: 3ce520221d0240229c862b122d2b06c12a625732
2019-11-19 00:31:22,102 [Thread-635] INFO  handler.ContextHandler (ContextHandler.java:doStart(781)) - Started o.e.j.s.ServletContextHandler@32701bed{/logs,file:///workdir/hadoop-ozone/integration-test/target/log,AVAILABLE}
2019-11-19 00:31:22,102 [Thread-635] INFO  handler.ContextHandler (ContextHandler.java:doStart(781)) - Started o.e.j.s.ServletContextHandler@67c450c0{/static,jar:file:/home/user/.m2/repository/org/apache/hadoop/hadoop-hdds-container-service/0.5.0-SNAPSHOT/hadoop-hdds-container-service-0.5.0-SNAPSHOT.jar!/webapps/static,AVAILABLE}
2019-11-19 00:31:22,132 [Thread-635] INFO  handler.ContextHandler (ContextHandler.java:doStart(781)) - Started o.e.j.w.WebAppContext@13368df0{/,file:///tmp/jetty-0.0.0.0-39683-hddsDatanode-_-any-449530545848864370.dir/webapp/,AVAILABLE}{/hddsDatanode}
2019-11-19 00:31:22,133 [Thread-635] INFO  server.AbstractConnector (AbstractConnector.java:doStart(278)) - Started ServerConnector@1ad1a4c4{HTTP/1.1,[http/1.1]}{0.0.0.0:39683}
2019-11-19 00:31:22,133 [Thread-635] INFO  server.Server (Server.java:doStart(419)) - Started @83508ms
2019-11-19 00:31:22,134 [Thread-635] WARN  impl.MetricsSystemImpl (MetricsSystemImpl.java:register(276)) - Sink prometheus already exists!
2019-11-19 00:31:22,134 [Thread-635] INFO  server.BaseHttpServer (BaseHttpServer.java:updateConnectorAddress(215)) - HTTP server of HDDSDATANODE is listening at http://0.0.0.0:39683
2019-11-19 00:31:22,135 [Thread-635] INFO  ozone.MiniOzoneClusterImpl (MiniOzoneClusterImpl.java:lambda$waitForClusterToBeReady$0(150)) - Waiting for nodes to be ready. Got 0 of 1 DN Heartbeats.
2019-11-19 00:31:22,135 [Thread-635] INFO  ozone.MiniOzoneClusterImpl (MiniOzoneClusterImpl.java:lambda$waitForClusterToBeReady$0(153)) - Waiting for cluster to exit safe mode
2019-11-19 00:31:22,136 [org.apache.hadoop.util.JvmPauseMonitor$Monitor@2e32570d] INFO  util.JvmPauseMonitor (JvmPauseMonitor.java:run(188)) - Starting JVM pause monitor
2019-11-19 00:31:22,138 [Datanode State Machine Thread - 0] INFO  datanode.InitDatanodeState (InitDatanodeState.java:persistContainerDatanodeDetails(140)) - DatanodeDetails is persisted to /workdir/hadoop-ozone/integration-test/target/test-dir/MiniOzoneClusterImpl-786d6a22-3341-4ed1-9d45-c4a3b68bc83b/datanode-0/meta/datanode.id
2019-11-19 00:31:23,135 [Thread-635] INFO  ozone.MiniOzoneClusterImpl (MiniOzoneClusterImpl.java:lambda$waitForClusterToBeReady$0(150)) - Waiting for nodes to be ready. Got 0 of 1 DN Heartbeats.
2019-11-19 00:31:23,135 [Thread-635] INFO  ozone.MiniOzoneClusterImpl (MiniOzoneClusterImpl.java:lambda$waitForClusterToBeReady$0(153)) - Waiting for cluster to exit safe mode
2019-11-19 00:31:24,136 [Thread-635] INFO  ozone.MiniOzoneClusterImpl (MiniOzoneClusterImpl.java:lambda$waitForClusterToBeReady$0(150)) - Waiting for nodes to be ready. Got 0 of 1 DN Heartbeats.
2019-11-19 00:31:24,136 [Thread-635] INFO  ozone.MiniOzoneClusterImpl (MiniOzoneClusterImpl.java:lambda$waitForClusterToBeReady$0(153)) - Waiting for cluster to exit safe mode
2019-11-19 00:31:24,166 [Datanode State Machine Thread - 0] INFO  ozoneimpl.OzoneContainer (OzoneContainer.java:start(230)) - Attempting to start container services.
2019-11-19 00:31:24,166 [Datanode State Machine Thread - 0] INFO  ozoneimpl.OzoneContainer (OzoneContainer.java:startContainerScrub(194)) - Background container scanner has been disabled.
2019-11-19 00:31:24,166 [Datanode State Machine Thread - 0] INFO  ratis.XceiverServerRatis (XceiverServerRatis.java:start(422)) - Starting XceiverServerRatis 8a40c0e1-7ad8-4955-ac5c-e39e0de125b7 at port 0
2019-11-19 00:31:24,172 [Datanode State Machine Thread - 0] INFO  impl.RaftServerProxy (RaftServerProxy.java:lambda$start$3(299)) - 8a40c0e1-7ad8-4955-ac5c-e39e0de125b7: start RPC server
2019-11-19 00:31:24,175 [Datanode State Machine Thread - 0] INFO  server.GrpcService (GrpcService.java:startImpl(158)) - 8a40c0e1-7ad8-4955-ac5c-e39e0de125b7: GrpcService started, listening on 0.0.0.0/0.0.0.0:44501
2019-11-19 00:31:24,175 [Datanode State Machine Thread - 0] INFO  ratis.XceiverServerRatis (XceiverServerRatis.java:start(432)) - XceiverServerRatis 8a40c0e1-7ad8-4955-ac5c-e39e0de125b7 is started using port 44501
2019-11-19 00:31:24,176 [Datanode State Machine Thread - 0] INFO  server.XceiverServerGrpc (XceiverServerGrpc.java:start(145)) - XceiverServerGrpc 8a40c0e1-7ad8-4955-ac5c-e39e0de125b7 is started using port 34824
2019-11-19 00:31:25,137 [Thread-635] INFO  ozone.MiniOzoneClusterImpl (MiniOzoneClusterImpl.java:lambda$waitForClusterToBeReady$0(150)) - Waiting for nodes to be ready. Got 0 of 1 DN Heartbeats.
2019-11-19 00:31:25,138 [Thread-635] INFO  ozone.MiniOzoneClusterImpl (MiniOzoneClusterImpl.java:lambda$waitForClusterToBeReady$0(153)) - Waiting for cluster to exit safe mode
2019-11-19 00:31:26,138 [Thread-635] INFO  ozone.MiniOzoneClusterImpl (MiniOzoneClusterImpl.java:lambda$waitForClusterToBeReady$0(150)) - Waiting for nodes to be ready. Got 0 of 1 DN Heartbeats.
2019-11-19 00:31:26,138 [Thread-635] INFO  ozone.MiniOzoneClusterImpl (MiniOzoneClusterImpl.java:lambda$waitForClusterToBeReady$0(153)) - Waiting for cluster to exit safe mode
2019-11-19 00:31:26,142 [IPC Server handler 0 on 33215] INFO  net.NetworkTopology (NetworkTopologyImpl.java:add(111)) - Added a new node: /default-rack/8a40c0e1-7ad8-4955-ac5c-e39e0de125b7
2019-11-19 00:31:26,143 [IPC Server handler 0 on 33215] INFO  node.SCMNodeManager (SCMNodeManager.java:register(267)) - Registered Data node : 8a40c0e1-7ad8-4955-ac5c-e39e0de125b7{ip: 192.168.157.213, host: pr-hdds-2241-master-j9rj8-2432081592, networkLocation: /default-rack, certSerialId: null}
2019-11-19 00:31:26,144 [RatisPipelineUtilsThread] INFO  pipeline.RatisPipelineProvider (RatisPipelineProvider.java:lambda$create$4(163)) - Send pipeline:PipelineID=4181f021-84a8-4aa3-b939-dd97a09cbec9 create command to datanode 8a40c0e1-7ad8-4955-ac5c-e39e0de125b7
2019-11-19 00:31:26,144 [EventQueue-NodeRegistrationContainerReportForDataNodeSafeModeRule] INFO  safemode.SCMSafeModeManager (DataNodeSafeModeRule.java:process(71)) - SCM in safe mode. 1 DataNodes registered, 1 required.
2019-11-19 00:31:26,144 [EventQueue-NodeRegistrationContainerReportForContainerSafeModeRule] INFO  safemode.SCMSafeModeManager (SCMSafeModeManager.java:validateSafeModeExitRules(176)) - ContainerSafeModeRule rule is successfully validated
2019-11-19 00:31:26,145 [EventQueue-NodeRegistrationContainerReportForDataNodeSafeModeRule] INFO  safemode.SCMSafeModeManager (SCMSafeModeManager.java:validateSafeModeExitRules(176)) - DataNodeSafeModeRule rule is successfully validated
2019-11-19 00:31:26,146 [RatisPipelineUtilsThread] INFO  pipeline.PipelineStateManager (PipelineStateManager.java:addPipeline(55)) - Created pipeline Pipeline[ Id: 4181f021-84a8-4aa3-b939-dd97a09cbec9, Nodes: 8a40c0e1-7ad8-4955-ac5c-e39e0de125b7{ip: 192.168.157.213, host: pr-hdds-2241-master-j9rj8-2432081592, networkLocation: /default-rack, certSerialId: null}, Type:RATIS, Factor:ONE, State:ALLOCATED]
2019-11-19 00:31:27,139 [Thread-635] INFO  ozone.MiniOzoneClusterImpl (MiniOzoneClusterImpl.java:lambda$waitForClusterToBeReady$0(150)) - Nodes are ready. Got 1 of 1 DN Heartbeats.
2019-11-19 00:31:27,139 [Thread-635] INFO  ozone.MiniOzoneClusterImpl (MiniOzoneClusterImpl.java:lambda$waitForClusterToBeReady$0(153)) - Waiting for cluster to exit safe mode
2019-11-19 00:31:28,139 [Thread-635] INFO  ozone.MiniOzoneClusterImpl (MiniOzoneClusterImpl.java:lambda$waitForClusterToBeReady$0(150)) - Nodes are ready. Got 1 of 1 DN Heartbeats.
2019-11-19 00:31:28,139 [Thread-635] INFO  ozone.MiniOzoneClusterImpl (MiniOzoneClusterImpl.java:lambda$waitForClusterToBeReady$0(153)) - Waiting for cluster to exit safe mode
2019-11-19 00:31:29,137 [Command processor thread] INFO  impl.RaftServerProxy (RaftServerProxy.java:addNew(89)) - 8a40c0e1-7ad8-4955-ac5c-e39e0de125b7: addNew group-DD97A09CBEC9:[8a40c0e1-7ad8-4955-ac5c-e39e0de125b7:192.168.157.213:44501] returns group-DD97A09CBEC9:java.util.concurrent.CompletableFuture@7bb55abc[Not completed]
2019-11-19 00:31:29,140 [Thread-635] INFO  ozone.MiniOzoneClusterImpl (MiniOzoneClusterImpl.java:lambda$waitForClusterToBeReady$0(150)) - Nodes are ready. Got 1 of 1 DN Heartbeats.
2019-11-19 00:31:29,140 [Thread-635] INFO  ozone.MiniOzoneClusterImpl (MiniOzoneClusterImpl.java:lambda$waitForClusterToBeReady$0(153)) - Waiting for cluster to exit safe mode
2019-11-19 00:31:29,142 [pool-173-thread-1] INFO  impl.RaftServerImpl (RaftServerImpl.java:<init>(98)) - 8a40c0e1-7ad8-4955-ac5c-e39e0de125b7: new RaftServerImpl for group-DD97A09CBEC9:[8a40c0e1-7ad8-4955-ac5c-e39e0de125b7:192.168.157.213:44501] with ContainerStateMachine:uninitialized
2019-11-19 00:31:29,142 [pool-173-thread-1] INFO  server.RaftServerConfigKeys (ConfUtils.java:logGet(43)) - raft.server.rpc.timeout.min = 5s (custom)
2019-11-19 00:31:29,142 [pool-173-thread-1] INFO  server.RaftServerConfigKeys (ConfUtils.java:logGet(43)) - raft.server.rpc.timeout.max = 5200ms (custom)
2019-11-19 00:31:29,143 [pool-173-thread-1] INFO  server.RaftServerConfigKeys (ConfUtils.java:logGet(43)) - raft.server.rpcslowness.timeout = 120s (custom)
2019-11-19 00:31:29,143 [pool-173-thread-1] INFO  server.RaftServerConfigKeys (ConfUtils.java:logGet(43)) - raft.server.sleep.deviation.threshold = 300 (default)
2019-11-19 00:31:29,143 [pool-173-thread-1] INFO  server.RaftServerConfigKeys (ConfUtils.java:logGet(43)) - raft.server.log.appender.install.snapshot.enabled = false (custom)
2019-11-19 00:31:29,143 [pool-173-thread-1] INFO  impl.RaftServerImpl (ServerState.java:<init>(103)) - 8a40c0e1-7ad8-4955-ac5c-e39e0de125b7@group-DD97A09CBEC9: ConfigurationManager, init=-1: [8a40c0e1-7ad8-4955-ac5c-e39e0de125b7:192.168.157.213:44501], old=null, confs=<EMPTY_MAP>
2019-11-19 00:31:29,143 [pool-173-thread-1] INFO  server.RaftServerConfigKeys (ConfUtils.java:logGet(43)) - raft.server.storage.dir = [/workdir/hadoop-ozone/integration-test/target/test-dir/MiniOzoneClusterImpl-786d6a22-3341-4ed1-9d45-c4a3b68bc83b/datanode-0/data/ratis] (custom)
2019-11-19 00:31:29,144 [pool-173-thread-1] INFO  server.RaftServerConfigKeys (ConfUtils.java:logGet(43)) - raft.server.log.corruption.policy = EXCEPTION (default)
2019-11-19 00:31:29,144 [pool-173-thread-1] INFO  storage.RaftStorageDirectory (RaftStorageDirectory.java:analyzeStorage(246)) - The storage directory /workdir/hadoop-ozone/integration-test/target/test-dir/MiniOzoneClusterImpl-786d6a22-3341-4ed1-9d45-c4a3b68bc83b/datanode-0/data/ratis/4181f021-84a8-4aa3-b939-dd97a09cbec9 does not exist. Creating ...
2019-11-19 00:31:29,170 [pool-173-thread-1] INFO  storage.RaftStorageDirectory (RaftStorageDirectory.java:tryLock(328)) - Lock on /workdir/hadoop-ozone/integration-test/target/test-dir/MiniOzoneClusterImpl-786d6a22-3341-4ed1-9d45-c4a3b68bc83b/datanode-0/data/ratis/4181f021-84a8-4aa3-b939-dd97a09cbec9/in_use.lock acquired by nodename 7736@pr-hdds-2241-master-j9rj8-2432081592
2019-11-19 00:31:29,193 [pool-173-thread-1] INFO  storage.RaftStorage (RaftStorage.java:format(84)) - Storage directory /workdir/hadoop-ozone/integration-test/target/test-dir/MiniOzoneClusterImpl-786d6a22-3341-4ed1-9d45-c4a3b68bc83b/datanode-0/data/ratis/4181f021-84a8-4aa3-b939-dd97a09cbec9 has been successfully formatted.
2019-11-19 00:31:29,194 [pool-173-thread-1] INFO  ratis.ContainerStateMachine (ContainerStateMachine.java:loadSnapshot(223)) - group-DD97A09CBEC9: The snapshot info is null. Setting the last applied indexto:(t:0, i:~)
2019-11-19 00:31:29,194 [pool-173-thread-1] INFO  server.RaftServerConfigKeys (ConfUtils.java:logGet(43)) - raft.server.notification.no-leader.timeout = 120s (custom)
2019-11-19 00:31:29,194 [pool-173-thread-1] INFO  server.RaftServerConfigKeys (ConfUtils.java:logGet(43)) - raft.server.log.use.memory = false (default)
2019-11-19 00:31:29,194 [pool-173-thread-1] INFO  server.RaftServerConfigKeys (ConfUtils.java:logGet(43)) - raft.server.log.purge.gap = 1000000 (custom)
2019-11-19 00:31:29,194 [pool-173-thread-1] INFO  server.RaftServerConfigKeys (ConfUtils.java:logGet(43)) - raft.server.log.appender.buffer.byte-limit = 33554432 (custom)
2019-11-19 00:31:29,195 [pool-173-thread-1] INFO  server.RaftServerConfigKeys (ConfUtils.java:logGet(43)) - raft.server.log.segment.size.max = 1048576 (custom)
2019-11-19 00:31:29,195 [pool-173-thread-1] WARN  impl.MetricRegistriesImpl (MetricRegistriesImpl.java:lambda$create$1(61)) - First MetricRegistry has been created without registering reporters. You may need to call MetricRegistries.global().addReportRegistration(...) before.
2019-11-19 00:31:29,195 [pool-173-thread-1] INFO  server.RaftServerConfigKeys (ConfUtils.java:logGet(43)) - raft.server.log.segment.cache.num.max = 2 (custom)
2019-11-19 00:31:29,195 [pool-173-thread-1] INFO  segmented.SegmentedRaftLogWorker (SegmentedRaftLogWorker.java:<init>(173)) - new 8a40c0e1-7ad8-4955-ac5c-e39e0de125b7@group-DD97A09CBEC9-SegmentedRaftLogWorker for RaftStorage:Storage Directory /workdir/hadoop-ozone/integration-test/target/test-dir/MiniOzoneClusterImpl-786d6a22-3341-4ed1-9d45-c4a3b68bc83b/datanode-0/data/ratis/4181f021-84a8-4aa3-b939-dd97a09cbec9
2019-11-19 00:31:29,195 [pool-173-thread-1] INFO  server.RaftServerConfigKeys (ConfUtils.java:logGet(43)) - raft.server.log.queue.byte-limit = 2147483647 (custom)
2019-11-19 00:31:29,195 [pool-173-thread-1] INFO  server.RaftServerConfigKeys (ConfUtils.java:logGet(43)) - raft.server.log.queue.element-limit = 1024 (custom)
2019-11-19 00:31:29,196 [pool-173-thread-1] INFO  server.RaftServerConfigKeys (ConfUtils.java:logGet(43)) - raft.server.log.segment.size.max = 1048576 (custom)
2019-11-19 00:31:29,196 [pool-173-thread-1] INFO  server.RaftServerConfigKeys (ConfUtils.java:logGet(43)) - raft.server.log.preallocated.size = 16384 (custom)
2019-11-19 00:31:29,196 [pool-173-thread-1] INFO  server.RaftServerConfigKeys (ConfUtils.java:logGet(43)) - raft.server.log.write.buffer.size = 33554432 (custom)
2019-11-19 00:31:29,196 [pool-173-thread-1] INFO  server.RaftServerConfigKeys (ConfUtils.java:logGet(43)) - raft.server.log.force.sync.num = 128 (default)
2019-11-19 00:31:29,196 [pool-173-thread-1] INFO  server.RaftServerConfigKeys (ConfUtils.java:logGet(43)) - raft.server.log.statemachine.data.sync = true (default)
2019-11-19 00:31:29,196 [pool-173-thread-1] INFO  server.RaftServerConfigKeys (ConfUtils.java:logGet(43)) - raft.server.log.statemachine.data.sync.timeout = 10s (default)
2019-11-19 00:31:29,196 [pool-173-thread-1] INFO  server.RaftServerConfigKeys (ConfUtils.java:logGet(43)) - raft.server.log.statemachine.data.sync.timeout.retry = -1 (default)
2019-11-19 00:31:29,197 [pool-173-thread-1] INFO  server.RaftServerConfigKeys (ConfUtils.java:logGet(43)) - raft.server.log.statemachine.data.caching.enabled = true (custom)
2019-11-19 00:31:29,197 [pool-173-thread-1] INFO  segmented.SegmentedRaftLogWorker (SegmentedRaftLogWorker.java:lambda$new$0(128)) - 8a40c0e1-7ad8-4955-ac5c-e39e0de125b7@group-DD97A09CBEC9-SegmentedRaftLogWorker: flushIndex: setUnconditionally 0 -> -1
2019-11-19 00:31:29,198 [pool-173-thread-1] INFO  server.RaftServerConfigKeys (ConfUtils.java:logGet(43)) - raft.server.snapshot.auto.trigger.enabled = true (custom)
2019-11-19 00:31:29,198 [pool-173-thread-1] INFO  server.RaftServerConfigKeys (ConfUtils.java:logGet(43)) - raft.server.snapshot.auto.trigger.threshold = 10000 (custom)
2019-11-19 00:31:29,198 [pool-173-thread-1] INFO  server.RaftServerConfigKeys (ConfUtils.java:logGet(43)) - raft.server.snapshot.retention.file.num = 5 (custom)
2019-11-19 00:31:29,198 [pool-173-thread-1] INFO  server.RaftServerConfigKeys (ConfUtils.java:logGet(43)) - raft.server.retrycache.expirytime = 600000ms (custom)
2019-11-19 00:31:29,198 [pool-173-thread-1] WARN  impl.MetricRegistriesImpl (MetricRegistriesImpl.java:lambda$create$1(61)) - First MetricRegistry has been created without registering reporters. You may need to call MetricRegistries.global().addReportRegistration(...) before.
2019-11-19 00:31:29,199 [pool-173-thread-1] WARN  impl.MetricRegistriesImpl (MetricRegistriesImpl.java:lambda$create$1(61)) - First MetricRegistry has been created without registering reporters. You may need to call MetricRegistries.global().addReportRegistration(...) before.
2019-11-19 00:31:29,199 [pool-173-thread-1] INFO  impl.RaftServerImpl (RaftServerImpl.java:start(184)) - 8a40c0e1-7ad8-4955-ac5c-e39e0de125b7@group-DD97A09CBEC9: start as a follower, conf=-1: [8a40c0e1-7ad8-4955-ac5c-e39e0de125b7:192.168.157.213:44501], old=null
2019-11-19 00:31:29,199 [pool-173-thread-1] INFO  impl.RaftServerImpl (RaftServerImpl.java:setRole(173)) - 8a40c0e1-7ad8-4955-ac5c-e39e0de125b7@group-DD97A09CBEC9: changes role from      null to FOLLOWER at term 0 for startAsFollower
2019-11-19 00:31:29,199 [pool-173-thread-1] INFO  impl.RoleInfo (RoleInfo.java:updateAndGet(143)) - 8a40c0e1-7ad8-4955-ac5c-e39e0de125b7: start FollowerState
2019-11-19 00:31:29,200 [pool-173-thread-1] INFO  util.JmxRegister (JmxRegister.java:tryRegister(44)) - Successfully registered JMX Bean with object name Ratis:service=RaftServer,group=group-DD97A09CBEC9,id=8a40c0e1-7ad8-4955-ac5c-e39e0de125b7
2019-11-19 00:31:29,200 [pool-173-thread-1] WARN  impl.MetricRegistriesImpl (MetricRegistriesImpl.java:lambda$create$1(61)) - First MetricRegistry has been created without registering reporters. You may need to call MetricRegistries.global().addReportRegistration(...) before.
2019-11-19 00:31:29,201 [Command processor thread] INFO  commandhandler.CreatePipelineCommandHandler (CreatePipelineCommandHandler.java:handle(86)) - Create Pipeline RATIS ONE #id: "4181f021-84a8-4aa3-b939-dd97a09cbec9"
 command succeed on datanode 8a40c0e1-7ad8-4955-ac5c-e39e0de125b7.
2019-11-19 00:31:29,202 [EventQueue-PipelineReportForPipelineReportHandler] INFO  pipeline.PipelineReportHandler (PipelineReportHandler.java:processPipelineReport(113)) - Pipeline ONE PipelineID=4181f021-84a8-4aa3-b939-dd97a09cbec9 reported by 8a40c0e1-7ad8-4955-ac5c-e39e0de125b7{ip: 192.168.157.213, host: pr-hdds-2241-master-j9rj8-2432081592, networkLocation: /default-rack, certSerialId: null}
2019-11-19 00:31:29,203 [EventQueue-PipelineReportForPipelineReportHandler] INFO  pipeline.PipelineStateManager (PipelineStateManager.java:openPipeline(132)) - Pipeline Pipeline[ Id: 4181f021-84a8-4aa3-b939-dd97a09cbec9, Nodes: 8a40c0e1-7ad8-4955-ac5c-e39e0de125b7{ip: 192.168.157.213, host: pr-hdds-2241-master-j9rj8-2432081592, networkLocation: /default-rack, certSerialId: null}, Type:RATIS, Factor:ONE, State:ALLOCATED] moved to OPEN state
2019-11-19 00:31:29,204 [EventQueue-OpenPipelineForHealthyPipelineSafeModeRule] INFO  safemode.SCMSafeModeManager (SCMSafeModeManager.java:validateSafeModeExitRules(176)) - HealthyPipelineSafeModeRule rule is successfully validated
2019-11-19 00:31:29,204 [EventQueue-OpenPipelineForOneReplicaPipelineSafeModeRule] INFO  safemode.SCMSafeModeManager (SCMSafeModeManager.java:validateSafeModeExitRules(176)) - AtleastOneDatanodeReportedRule rule is successfully validated
2019-11-19 00:31:29,205 [EventQueue-OpenPipelineForOneReplicaPipelineSafeModeRule] INFO  safemode.SCMSafeModeManager (SCMSafeModeManager.java:validateSafeModeExitRules(185)) - ScmSafeModeManager, all rules are successfully validated
2019-11-19 00:31:29,205 [EventQueue-OpenPipelineForOneReplicaPipelineSafeModeRule] INFO  safemode.SCMSafeModeManager (SCMSafeModeManager.java:exitSafeMode(201)) - SCM exiting safe mode.
2019-11-19 00:31:30,140 [Thread-635] INFO  ozone.MiniOzoneClusterImpl (MiniOzoneClusterImpl.java:lambda$waitForClusterToBeReady$0(150)) - Nodes are ready. Got 1 of 1 DN Heartbeats.
2019-11-19 00:31:30,141 [Thread-635] INFO  ozone.MiniOzoneClusterImpl (MiniOzoneClusterImpl.java:lambda$waitForClusterToBeReady$0(153)) - Cluster exits safe mode
2019-11-19 00:31:30,189 [Thread-635] INFO  rpc.RpcClient (RpcClient.java:createVolume(292)) - Creating Volume: volume86644, with user11526 as owner.
2019-11-19 00:31:30,192 [IPC Server handler 0 on 43966] INFO  volume.OMVolumeCreateRequest (OMVolumeCreateRequest.java:validateAndUpdateCache(193)) - created volume:volume86644 for user:user11526
2019-11-19 00:31:30,227 [Thread-635] INFO  rpc.RpcClient (RpcClient.java:createBucket(431)) - Creating Bucket: volume86644/bucket13840, with Versioning false and Storage Type set to DISK and Encryption set to false 
2019-11-19 00:31:30,247 [IPC Server handler 0 on 43712] INFO  pipeline.PipelineStateManager (PipelineStateManager.java:addPipeline(55)) - Created pipeline Pipeline[ Id: 50b9ee2b-5282-4c61-b114-8aaf1644f01a, Nodes: 8a40c0e1-7ad8-4955-ac5c-e39e0de125b7{ip: 192.168.157.213, host: pr-hdds-2241-master-j9rj8-2432081592, networkLocation: /default-rack, certSerialId: null}, Type:STAND_ALONE, Factor:ONE, State:OPEN]
2019-11-19 00:31:32,206 [Thread-790] INFO  container.ReplicationManager (ReplicationManager.java:start(162)) - Starting Replication Monitor Thread.
2019-11-19 00:31:32,208 [ReplicationMonitor] INFO  container.ReplicationManager (ReplicationManager.java:run(225)) - Replication Monitor Thread took 1 milliseconds for processing 8 containers.
00:31:32.739 [Thread-635] ERROR OMAudit - user=null | ip=null | op=READ_KEY {volume=volume86644, bucket=bucket13840, key=gIGfz4, dataSize=0, replicationType=null, replicationFactor=null, keyLocationInfo=null} | ret=FAILURE
java.lang.NullPointerException: null
	at org.apache.hadoop.ozone.om.KeyManagerImpl.refreshPipeline(KeyManagerImpl.java:689) ~[hadoop-ozone-ozone-manager-0.5.0-SNAPSHOT.jar:?]
	at org.apache.hadoop.ozone.om.KeyManagerImpl.lookupKey(KeyManagerImpl.java:651) ~[hadoop-ozone-ozone-manager-0.5.0-SNAPSHOT.jar:?]
	at org.apache.hadoop.ozone.om.OzoneManager.lookupKey(OzoneManager.java:2149) [hadoop-ozone-ozone-manager-0.5.0-SNAPSHOT.jar:?]
	at org.apache.hadoop.ozone.TestStorageContainerManagerHelper.createKeys(TestStorageContainerManagerHelper.java:82) [test-classes/:?]
	at org.apache.hadoop.ozone.TestStorageContainerManager.testCloseContainerCommandOnRestart(TestStorageContainerManager.java:593) [test-classes/:?]
	at sun.reflect.NativeMethodAccessorImpl.invoke0(Native Method) ~[?:1.8.0_222]
	at sun.reflect.NativeMethodAccessorImpl.invoke(NativeMethodAccessorImpl.java:62) ~[?:1.8.0_222]
	at sun.reflect.DelegatingMethodAccessorImpl.invoke(DelegatingMethodAccessorImpl.java:43) ~[?:1.8.0_222]
	at java.lang.reflect.Method.invoke(Method.java:498) ~[?:1.8.0_222]
	at org.junit.runners.model.FrameworkMethod$1.runReflectiveCall(FrameworkMethod.java:47) [junit-4.11.jar:?]
	at org.junit.internal.runners.model.ReflectiveCallable.run(ReflectiveCallable.java:12) [junit-4.11.jar:?]
	at org.junit.runners.model.FrameworkMethod.invokeExplosively(FrameworkMethod.java:44) [junit-4.11.jar:?]
	at org.junit.internal.runners.statements.InvokeMethod.evaluate(InvokeMethod.java:17) [junit-4.11.jar:?]
	at org.junit.internal.runners.statements.FailOnTimeout$StatementThread.run(FailOnTimeout.java:74) [junit-4.11.jar:?]
2019-11-19 00:31:32,740 [Thread-635] INFO  ozone.MiniOzoneClusterImpl (MiniOzoneClusterImpl.java:shutdown(334)) - Shutting down the Mini Ozone Cluster
2019-11-19 00:31:32,740 [Thread-635] INFO  ozone.MiniOzoneClusterImpl (MiniOzoneClusterImpl.java:stop(350)) - Stopping the Mini Ozone Cluster
2019-11-19 00:31:32,740 [Thread-635] INFO  ozone.MiniOzoneClusterImpl (MiniOzoneClusterImpl.java:stopOM(420)) - Stopping the OzoneManager
2019-11-19 00:31:32,740 [Thread-635] INFO  ipc.Server (Server.java:stop(3082)) - Stopping server on 43966
2019-11-19 00:31:32,743 [IPC Server listener on 43966] INFO  ipc.Server (Server.java:run(1185)) - Stopping IPC Server listener on 43966
2019-11-19 00:31:32,743 [IPC Server Responder] INFO  ipc.Server (Server.java:run(1319)) - Stopping IPC Server Responder
2019-11-19 00:31:32,743 [Thread-635] INFO  ratis.OzoneManagerDoubleBuffer (OzoneManagerDoubleBuffer.java:stop(261)) - Stopping OMDoubleBuffer flush thread
2019-11-19 00:31:32,744 [OMDoubleBufferFlushThread] INFO  ratis.OzoneManagerDoubleBuffer (OzoneManagerDoubleBuffer.java:flushTransactions(199)) - OMDoubleBuffer flush thread OMDoubleBufferFlushThread is interrupted and will exit. OMDoubleBufferFlushThread
2019-11-19 00:31:32,745 [Thread-635] INFO  utils.BackgroundService (BackgroundService.java:shutdown(151)) - Shutting down service KeyDeletingService
2019-11-19 00:31:32,747 [Thread-635] INFO  handler.ContextHandler (ContextHandler.java:doStop(910)) - Stopped o.e.j.w.WebAppContext@11ac213f{/,null,UNAVAILABLE}{/ozoneManager}
2019-11-19 00:31:32,747 [Thread-635] INFO  server.AbstractConnector (AbstractConnector.java:doStop(318)) - Stopped ServerConnector@478044b2{HTTP/1.1,[http/1.1]}{0.0.0.0:0}
2019-11-19 00:31:32,748 [Thread-635] INFO  handler.ContextHandler (ContextHandler.java:doStop(910)) - Stopped o.e.j.s.ServletContextHandler@6e0edd26{/static,file:///workdir/hadoop-ozone/integration-test/target/test-classes/webapps/static,UNAVAILABLE}
2019-11-19 00:31:32,748 [Thread-635] INFO  handler.ContextHandler (ContextHandler.java:doStop(910)) - Stopped o.e.j.s.ServletContextHandler@3e6866b5{/logs,file:///workdir/hadoop-ozone/integration-test/target/log,UNAVAILABLE}
2019-11-19 00:31:32,751 [Thread-635] INFO  ozone.MiniOzoneClusterImpl (MiniOzoneClusterImpl.java:stopDatanodes(397)) - Stopping the HddsDatanodes
2019-11-19 00:31:33,639 [Datanode State Machine Thread - 0] INFO  statemachine.DatanodeStateMachine (DatanodeStateMachine.java:lambda$startDaemon$0(361)) - Ozone container server started.
2019-11-19 00:31:34,296 [Thread-786] INFO  impl.FollowerState (FollowerState.java:run(111)) - 8a40c0e1-7ad8-4955-ac5c-e39e0de125b7@group-DD97A09CBEC9-FollowerState: change to CANDIDATE, lastRpcTime:5096ms, electionTimeout:5096ms
2019-11-19 00:31:34,296 [Thread-786] INFO  impl.RoleInfo (RoleInfo.java:shutdownFollowerState(121)) - 8a40c0e1-7ad8-4955-ac5c-e39e0de125b7: shutdown FollowerState
2019-11-19 00:31:34,296 [Thread-786] INFO  impl.RaftServerImpl (RaftServerImpl.java:setRole(173)) - 8a40c0e1-7ad8-4955-ac5c-e39e0de125b7@group-DD97A09CBEC9: changes role from  FOLLOWER to CANDIDATE at term 0 for changeToCandidate
2019-11-19 00:31:34,297 [Thread-786] INFO  impl.RoleInfo (RoleInfo.java:updateAndGet(143)) - 8a40c0e1-7ad8-4955-ac5c-e39e0de125b7: start LeaderElection
2019-11-19 00:31:34,323 [8a40c0e1-7ad8-4955-ac5c-e39e0de125b7@group-DD97A09CBEC9-LeaderElection13] INFO  impl.LeaderElection (LeaderElection.java:askForVotes(178)) - 8a40c0e1-7ad8-4955-ac5c-e39e0de125b7@group-DD97A09CBEC9-LeaderElection13: begin an election at term 1 for -1: [8a40c0e1-7ad8-4955-ac5c-e39e0de125b7:192.168.157.213:44501], old=null
2019-11-19 00:31:34,323 [8a40c0e1-7ad8-4955-ac5c-e39e0de125b7@group-DD97A09CBEC9-LeaderElection13] INFO  impl.RoleInfo (RoleInfo.java:shutdownLeaderElection(134)) - 8a40c0e1-7ad8-4955-ac5c-e39e0de125b7: shutdown LeaderElection
2019-11-19 00:31:34,324 [8a40c0e1-7ad8-4955-ac5c-e39e0de125b7@group-DD97A09CBEC9-LeaderElection13] INFO  impl.RaftServerImpl (RaftServerImpl.java:setRole(173)) - 8a40c0e1-7ad8-4955-ac5c-e39e0de125b7@group-DD97A09CBEC9: changes role from CANDIDATE to LEADER at term 1 for changeToLeader
2019-11-19 00:31:34,324 [8a40c0e1-7ad8-4955-ac5c-e39e0de125b7@group-DD97A09CBEC9-LeaderElection13] INFO  ratis.XceiverServerRatis (XceiverServerRatis.java:handleLeaderChangedNotification(733)) - Leader change notification received for group: group-DD97A09CBEC9 with new leaderId: 8a40c0e1-7ad8-4955-ac5c-e39e0de125b7
2019-11-19 00:31:34,324 [8a40c0e1-7ad8-4955-ac5c-e39e0de125b7@group-DD97A09CBEC9-LeaderElection13] INFO  impl.RaftServerImpl (ServerState.java:setLeader(255)) - 8a40c0e1-7ad8-4955-ac5c-e39e0de125b7@group-DD97A09CBEC9: change Leader from null to 8a40c0e1-7ad8-4955-ac5c-e39e0de125b7 at term 1 for becomeLeader, leader elected after 5130ms
2019-11-19 00:31:34,324 [8a40c0e1-7ad8-4955-ac5c-e39e0de125b7@group-DD97A09CBEC9-LeaderElection13] INFO  server.RaftServerConfigKeys (ConfUtils.java:logGet(43)) - raft.server.staging.catchup.gap = 1000 (default)
2019-11-19 00:31:34,324 [8a40c0e1-7ad8-4955-ac5c-e39e0de125b7@group-DD97A09CBEC9-LeaderElection13] INFO  server.RaftServerConfigKeys (ConfUtils.java:logGet(43)) - raft.server.rpc.sleep.time = 25ms (default)
2019-11-19 00:31:34,325 [8a40c0e1-7ad8-4955-ac5c-e39e0de125b7@group-DD97A09CBEC9-LeaderElection13] INFO  server.RaftServerConfigKeys (ConfUtils.java:logGet(43)) - raft.server.write.element-limit = 4096 (default)
2019-11-19 00:31:34,325 [8a40c0e1-7ad8-4955-ac5c-e39e0de125b7@group-DD97A09CBEC9-LeaderElection13] INFO  server.RaftServerConfigKeys (ConfUtils.java:logGet(43)) - raft.server.watch.timeout = 10s (default)
2019-11-19 00:31:34,325 [8a40c0e1-7ad8-4955-ac5c-e39e0de125b7@group-DD97A09CBEC9-LeaderElection13] INFO  server.RaftServerConfigKeys (ConfUtils.java:logGet(43)) - raft.server.watch.timeout.denomination = 1s (default)
2019-11-19 00:31:34,325 [8a40c0e1-7ad8-4955-ac5c-e39e0de125b7@group-DD97A09CBEC9-LeaderElection13] INFO  server.RaftServerConfigKeys (ConfUtils.java:logGet(43)) - raft.server.watch.element-limit = 65536 (default)
2019-11-19 00:31:34,326 [8a40c0e1-7ad8-4955-ac5c-e39e0de125b7@group-DD97A09CBEC9-LeaderElection13] INFO  impl.RoleInfo (RoleInfo.java:updateAndGet(143)) - 8a40c0e1-7ad8-4955-ac5c-e39e0de125b7: start LeaderState
2019-11-19 00:31:34,326 [8a40c0e1-7ad8-4955-ac5c-e39e0de125b7@group-DD97A09CBEC9-LeaderElection13] INFO  segmented.SegmentedRaftLogWorker (SegmentedRaftLogWorker.java:startLogSegment(385)) - 8a40c0e1-7ad8-4955-ac5c-e39e0de125b7@group-DD97A09CBEC9-SegmentedRaftLogWorker: Starting segment from index:0
2019-11-19 00:31:34,327 [8a40c0e1-7ad8-4955-ac5c-e39e0de125b7@group-DD97A09CBEC9-LeaderElection13] INFO  impl.RaftServerImpl (ServerState.java:setRaftConf(356)) - 8a40c0e1-7ad8-4955-ac5c-e39e0de125b7@group-DD97A09CBEC9: set configuration 0: [8a40c0e1-7ad8-4955-ac5c-e39e0de125b7:192.168.157.213:44501], old=null at 0
2019-11-19 00:31:34,385 [8a40c0e1-7ad8-4955-ac5c-e39e0de125b7@group-DD97A09CBEC9-SegmentedRaftLogWorker] INFO  segmented.SegmentedRaftLogWorker (SegmentedRaftLogWorker.java:execute(576)) - 8a40c0e1-7ad8-4955-ac5c-e39e0de125b7@group-DD97A09CBEC9-SegmentedRaftLogWorker: created new log segment /workdir/hadoop-ozone/integration-test/target/test-dir/MiniOzoneClusterImpl-786d6a22-3341-4ed1-9d45-c4a3b68bc83b/datanode-0/data/ratis/4181f021-84a8-4aa3-b939-dd97a09cbec9/current/log_inprogress_0
2019-11-19 00:31:37,752 [Thread-635] INFO  ozoneimpl.OzoneContainer (OzoneContainer.java:stop(244)) - Attempting to stop container services.
2019-11-19 00:31:37,752 [Thread-635] INFO  impl.RaftServerProxy (RaftServerProxy.java:lambda$close$4(314)) - 8a40c0e1-7ad8-4955-ac5c-e39e0de125b7: close
2019-11-19 00:31:37,753 [Thread-635] INFO  impl.RaftServerImpl (RaftServerImpl.java:lambda$shutdown$3(250)) - 8a40c0e1-7ad8-4955-ac5c-e39e0de125b7@group-DD97A09CBEC9: shutdown
2019-11-19 00:31:37,753 [Thread-635] INFO  util.JmxRegister (JmxRegister.java:unregister(73)) - Successfully un-registered JMX Bean with object name Ratis:service=RaftServer,group=group-DD97A09CBEC9,id=8a40c0e1-7ad8-4955-ac5c-e39e0de125b7
2019-11-19 00:31:37,753 [Thread-635] INFO  impl.RoleInfo (RoleInfo.java:shutdownLeaderState(104)) - 8a40c0e1-7ad8-4955-ac5c-e39e0de125b7: shutdown LeaderState
2019-11-19 00:31:37,754 [Thread-635] INFO  impl.PendingRequests (PendingRequests.java:sendNotLeaderResponses(206)) - 8a40c0e1-7ad8-4955-ac5c-e39e0de125b7@group-DD97A09CBEC9-PendingRequests: sendNotLeaderResponses
2019-11-19 00:31:37,755 [Thread-635] INFO  impl.StateMachineUpdater (StateMachineUpdater.java:stopAndJoin(136)) - 8a40c0e1-7ad8-4955-ac5c-e39e0de125b7@group-DD97A09CBEC9-StateMachineUpdater: set stopIndex = 0
2019-11-19 00:31:37,756 [Thread-635] INFO  impl.RaftServerImpl (ServerState.java:close(387)) - 8a40c0e1-7ad8-4955-ac5c-e39e0de125b7@group-DD97A09CBEC9: closes. applyIndex: 0
2019-11-19 00:31:37,756 [8a40c0e1-7ad8-4955-ac5c-e39e0de125b7@group-DD97A09CBEC9-SegmentedRaftLogWorker] INFO  segmented.SegmentedRaftLogWorker (SegmentedRaftLogWorker.java:run(316)) - 8a40c0e1-7ad8-4955-ac5c-e39e0de125b7@group-DD97A09CBEC9-SegmentedRaftLogWorker was interrupted, exiting. There are 0 tasks remaining in the queue.
2019-11-19 00:31:37,758 [Thread-635] INFO  segmented.SegmentedRaftLogWorker (SegmentedRaftLogWorker.java:close(224)) - 8a40c0e1-7ad8-4955-ac5c-e39e0de125b7@group-DD97A09CBEC9-SegmentedRaftLogWorker close()
2019-11-19 00:31:37,759 [Thread-635] INFO  server.GrpcService (GrpcService.java:closeImpl(164)) - 8a40c0e1-7ad8-4955-ac5c-e39e0de125b7: shutdown server with port 44501 now
2019-11-19 00:31:37,760 [Thread-635] INFO  server.GrpcService (GrpcService.java:closeImpl(172)) - 8a40c0e1-7ad8-4955-ac5c-e39e0de125b7: shutdown server with port 44501 successfully
2019-11-19 00:31:37,766 [refreshUsed-/workdir/hadoop-ozone/integration-test/target/test-dir/MiniOzoneClusterImpl-786d6a22-3341-4ed1-9d45-c4a3b68bc83b/datanode-0/data/containers] WARN  fs.CachingGetSpaceUsed (CachingGetSpaceUsed.java:run(183)) - Thread Interrupted waiting to refresh disk information: sleep interrupted
2019-11-19 00:31:37,784 [Thread-635] INFO  utils.BackgroundService (BackgroundService.java:shutdown(151)) - Shutting down service BlockDeletingService
2019-11-19 00:31:37,787 [Thread-635] INFO  statemachine.DatanodeStateMachine (DatanodeStateMachine.java:stopDaemon(406)) - Ozone container server stopped.
2019-11-19 00:31:37,788 [Thread-635] INFO  handler.ContextHandler (ContextHandler.java:doStop(910)) - Stopped o.e.j.w.WebAppContext@13368df0{/,null,UNAVAILABLE}{/hddsDatanode}
2019-11-19 00:31:37,789 [Thread-635] INFO  server.AbstractConnector (AbstractConnector.java:doStop(318)) - Stopped ServerConnector@1ad1a4c4{HTTP/1.1,[http/1.1]}{0.0.0.0:0}
2019-11-19 00:31:37,789 [Thread-635] INFO  handler.ContextHandler (ContextHandler.java:doStop(910)) - Stopped o.e.j.s.ServletContextHandler@67c450c0{/static,jar:file:/home/user/.m2/repository/org/apache/hadoop/hadoop-hdds-container-service/0.5.0-SNAPSHOT/hadoop-hdds-container-service-0.5.0-SNAPSHOT.jar!/webapps/static,UNAVAILABLE}
2019-11-19 00:31:37,790 [Thread-635] INFO  handler.ContextHandler (ContextHandler.java:doStop(910)) - Stopped o.e.j.s.ServletContextHandler@32701bed{/logs,file:///workdir/hadoop-ozone/integration-test/target/log,UNAVAILABLE}
2019-11-19 00:31:37,791 [Thread-635] INFO  ozone.MiniOzoneClusterImpl (MiniOzoneClusterImpl.java:stopSCM(412)) - Stopping the StorageContainerManager
2019-11-19 00:31:37,791 [Thread-635] INFO  server.StorageContainerManager (StorageContainerManager.java:stop(803)) - Stopping Replication Manager Service.
2019-11-19 00:31:37,791 [Thread-635] INFO  container.ReplicationManager (ReplicationManager.java:stop(203)) - Stopping Replication Monitor Thread.
2019-11-19 00:31:37,791 [Thread-635] INFO  server.StorageContainerManager (StorageContainerManager.java:stop(810)) - Stopping Lease Manager of the command watchers
2019-11-19 00:31:37,791 [Thread-635] INFO  server.StorageContainerManager (StorageContainerManager.java:stop(817)) - Stopping datanode service RPC server
2019-11-19 00:31:37,792 [Thread-635] INFO  server.SCMDatanodeProtocolServer (SCMDatanodeProtocolServer.java:stop(366)) - Stopping the RPC server for DataNodes
2019-11-19 00:31:37,792 [Thread-635] INFO  ipc.Server (Server.java:stop(3082)) - Stopping server on 33215
2019-11-19 00:31:37,793 [IPC Server listener on 33215] INFO  ipc.Server (Server.java:run(1185)) - Stopping IPC Server listener on 33215
2019-11-19 00:31:37,794 [IPC Server Responder] INFO  ipc.Server (Server.java:run(1319)) - Stopping IPC Server Responder
2019-11-19 00:31:39,196 [SCM Heartbeat Processing Thread - 0] WARN  node.NodeStateManager (NodeStateManager.java:scheduleNextHealthCheck(646)) - Current Thread is interrupted, shutting down HB processing thread for Node Manager.
2019-11-19 00:31:39,197 [Thread-635] INFO  server.StorageContainerManager (StorageContainerManager.java:stop(825)) - Stopping block service RPC server
2019-11-19 00:31:39,197 [Thread-635] INFO  server.SCMBlockProtocolServer (SCMBlockProtocolServer.java:stop(155)) - Stopping the RPC server for Block Protocol
2019-11-19 00:31:39,197 [Thread-635] INFO  ipc.Server (Server.java:stop(3082)) - Stopping server on 43712
2019-11-19 00:31:39,199 [IPC Server listener on 43712] INFO  ipc.Server (Server.java:run(1185)) - Stopping IPC Server listener on 43712
2019-11-19 00:31:39,199 [Thread-635] INFO  server.StorageContainerManager (StorageContainerManager.java:stop(832)) - Stopping the StorageContainerLocationProtocol RPC server
2019-11-19 00:31:39,200 [IPC Server Responder] INFO  ipc.Server (Server.java:run(1319)) - Stopping IPC Server Responder
2019-11-19 00:31:39,201 [Thread-635] INFO  server.SCMClientProtocolServer (SCMClientProtocolServer.java:stop(169)) - Stopping the RPC server for Client Protocol
2019-11-19 00:31:39,201 [Thread-635] INFO  ipc.Server (Server.java:stop(3082)) - Stopping server on 41406
2019-11-19 00:31:39,202 [IPC Server listener on 41406] INFO  ipc.Server (Server.java:run(1185)) - Stopping IPC Server listener on 41406
2019-11-19 00:31:39,203 [Thread-635] INFO  server.StorageContainerManager (StorageContainerManager.java:stop(839)) - Stopping Storage Container Manager HTTP server.
2019-11-19 00:31:39,203 [IPC Server Responder] INFO  ipc.Server (Server.java:run(1319)) - Stopping IPC Server Responder
2019-11-19 00:31:39,205 [Thread-635] INFO  handler.ContextHandler (ContextHandler.java:doStop(910)) - Stopped o.e.j.w.WebAppContext@74100fbb{/,null,UNAVAILABLE}{/scm}
2019-11-19 00:31:39,206 [Thread-635] INFO  server.AbstractConnector (AbstractConnector.java:doStop(318)) - Stopped ServerConnector@69a4dcd{HTTP/1.1,[http/1.1]}{0.0.0.0:0}
2019-11-19 00:31:39,206 [Thread-635] INFO  handler.ContextHandler (ContextHandler.java:doStop(910)) - Stopped o.e.j.s.ServletContextHandler@5e4e67db{/static,file:///workdir/hadoop-ozone/integration-test/target/test-classes/webapps/static,UNAVAILABLE}
2019-11-19 00:31:39,207 [Thread-635] INFO  handler.ContextHandler (ContextHandler.java:doStop(910)) - Stopped o.e.j.s.ServletContextHandler@15dbf222{/logs,file:///workdir/hadoop-ozone/integration-test/target/log,UNAVAILABLE}
2019-11-19 00:31:39,208 [Thread-635] INFO  server.StorageContainerManager (StorageContainerManager.java:stop(850)) - Stopping Block Manager Service.
2019-11-19 00:31:39,208 [Thread-635] INFO  utils.BackgroundService (BackgroundService.java:shutdown(151)) - Shutting down service SCMBlockDeletingService
2019-11-19 00:31:39,208 [Thread-635] INFO  utils.BackgroundService (BackgroundService.java:shutdown(151)) - Shutting down service SCMBlockDeletingService
2019-11-19 00:31:39,209 [Thread-635] INFO  server.StorageContainerManager (StorageContainerManager.java:stop(872)) - Stopping SCM Event Queue.
2019-11-19 00:31:39,214 [Thread-635] INFO  impl.MetricsSystemImpl (MetricsSystemImpl.java:stop(210)) - Stopping HddsDatanode metrics system...
2019-11-19 00:31:39,221 [Thread-635] INFO  impl.MetricsSystemImpl (MetricsSystemImpl.java:stop(216)) - HddsDatanode metrics system stopped.
]]></system-out>
  </testcase>
  <testcase name="testRpcPermission" classname="org.apache.hadoop.ozone.TestStorageContainerManager" time="74.575"/>
  <testcase name="testSCMInitializationFailure" classname="org.apache.hadoop.ozone.TestStorageContainerManager" time="0.021"/>
  <testcase name="testSCMInitialization" classname="org.apache.hadoop.ozone.TestStorageContainerManager" time="0.038"/>
  <testcase name="testScmProcessDatanodeHeartbeat" classname="org.apache.hadoop.ozone.TestStorageContainerManager" time="36.904"/>
  <testcase name="testScmInfo" classname="org.apache.hadoop.ozone.TestStorageContainerManager" time="0.449"/>
</testsuite>