<?xml version="1.0" encoding="UTF-8"?>
<testsuite xmlns:xsi="http://www.w3.org/2001/XMLSchema-instance" xsi:noNamespaceSchemaLocation="https://maven.apache.org/surefire/maven-surefire-plugin/xsd/surefire-test-report.xsd" name="org.apache.hadoop.ozone.client.rpc.TestCloseContainerHandlingByClient" time="72.197" tests="8" errors="7" skipped="1" failures="0">
  <properties>
    <property name="awt.toolkit" value="sun.awt.X11.XToolkit"/>
    <property name="file.encoding.pkg" value="sun.io"/>
    <property name="java.specification.version" value="1.8"/>
    <property name="sun.cpu.isalist" value=""/>
    <property name="sun.jnu.encoding" value="ANSI_X3.4-1968"/>
    <property name="java.class.path" value="/workdir/hadoop-ozone/integration-test/target/test-classes:/workdir/hadoop-ozone/integration-test/target/classes:/home/user/.m2/repository/org/apache/hadoop/hadoop-ozone-common/0.5.0-SNAPSHOT/hadoop-ozone-common-0.5.0-SNAPSHOT.jar:/home/user/.m2/repository/org/apache/commons/commons-compress/1.4.1/commons-compress-1.4.1.jar:/home/user/.m2/repository/org/tukaani/xz/1.0/xz-1.0.jar:/home/user/.m2/repository/org/apache/hadoop/hadoop-common/3.2.0/hadoop-common-3.2.0.jar:/home/user/.m2/repository/org/apache/hadoop/hadoop-hdfs/3.2.0/hadoop-hdfs-3.2.0.jar:/home/user/.m2/repository/org/apache/hadoop/hadoop-hdfs-client/3.2.0/hadoop-hdfs-client-3.2.0.jar:/home/user/.m2/repository/com/fasterxml/jackson/core/jackson-annotations/2.9.9/jackson-annotations-2.9.9.jar:/home/user/.m2/repository/org/apache/hadoop/hadoop-hdds-common/0.5.0-SNAPSHOT/hadoop-hdds-common-0.5.0-SNAPSHOT.jar:/home/user/.m2/repository/javax/annotation/javax.annotation-api/1.2/javax.annotation-api-1.2.jar:/home/user/.m2/repository/org/apache/ratis/ratis-server/0.5.0-d6d58d0-SNAPSHOT/ratis-server-0.5.0-d6d58d0-SNAPSHOT.jar:/home/user/.m2/repository/org/apache/ratis/ratis-thirdparty-misc/0.2.0/ratis-thirdparty-misc-0.2.0.jar:/home/user/.m2/repository/org/apache/ratis/ratis-proto/0.5.0-d6d58d0-SNAPSHOT/ratis-proto-0.5.0-d6d58d0-SNAPSHOT.jar:/home/user/.m2/repository/org/apache/ratis/ratis-common/0.5.0-d6d58d0-SNAPSHOT/ratis-common-0.5.0-d6d58d0-SNAPSHOT.jar:/home/user/.m2/repository/org/apache/ratis/ratis-client/0.5.0-d6d58d0-SNAPSHOT/ratis-client-0.5.0-d6d58d0-SNAPSHOT.jar:/home/user/.m2/repository/org/apache/ratis/ratis-metrics/0.5.0-d6d58d0-SNAPSHOT/ratis-metrics-0.5.0-d6d58d0-SNAPSHOT.jar:/home/user/.m2/repository/org/apache/ratis/ratis-netty/0.5.0-d6d58d0-SNAPSHOT/ratis-netty-0.5.0-d6d58d0-SNAPSHOT.jar:/home/user/.m2/repository/org/apache/ratis/ratis-grpc/0.5.0-d6d58d0-SNAPSHOT/ratis-grpc-0.5.0-d6d58d0-SNAPSHOT.jar:/home/user/.m2/repository/org/rocksdb/rocksdbjni/6.0.1/rocksdbjni-6.0.1.jar:/home/user/.m2/repository/org/apache/logging/log4j/log4j-api/2.11.0/log4j-api-2.11.0.jar:/home/user/.m2/repository/org/apache/logging/log4j/log4j-core/2.11.0/log4j-core-2.11.0.jar:/home/user/.m2/repository/com/lmax/disruptor/3.4.2/disruptor-3.4.2.jar:/home/user/.m2/repository/org/apache/commons/commons-pool2/2.6.0/commons-pool2-2.6.0.jar:/home/user/.m2/repository/org/bouncycastle/bcpkix-jdk15on/1.60/bcpkix-jdk15on-1.60.jar:/home/user/.m2/repository/commons-validator/commons-validator/1.6/commons-validator-1.6.jar:/home/user/.m2/repository/commons-digester/commons-digester/1.8.1/commons-digester-1.8.1.jar:/home/user/.m2/repository/io/jaegertracing/jaeger-client/0.34.0/jaeger-client-0.34.0.jar:/home/user/.m2/repository/io/jaegertracing/jaeger-thrift/0.34.0/jaeger-thrift-0.34.0.jar:/home/user/.m2/repository/org/apache/thrift/libthrift/0.12.0/libthrift-0.12.0.jar:/home/user/.m2/repository/com/squareup/okhttp3/okhttp/3.9.0/okhttp-3.9.0.jar:/home/user/.m2/repository/com/squareup/okio/okio/1.13.0/okio-1.13.0.jar:/home/user/.m2/repository/io/jaegertracing/jaeger-core/0.34.0/jaeger-core-0.34.0.jar:/home/user/.m2/repository/io/jaegertracing/jaeger-tracerresolver/0.34.0/jaeger-tracerresolver-0.34.0.jar:/home/user/.m2/repository/io/opentracing/contrib/opentracing-tracerresolver/0.1.5/opentracing-tracerresolver-0.1.5.jar:/home/user/.m2/repository/io/opentracing/opentracing-util/0.31.0/opentracing-util-0.31.0.jar:/home/user/.m2/repository/io/opentracing/opentracing-api/0.31.0/opentracing-api-0.31.0.jar:/home/user/.m2/repository/io/opentracing/opentracing-noop/0.31.0/opentracing-noop-0.31.0.jar:/home/user/.m2/repository/org/apache/hadoop/hadoop-hdds-server-framework/0.5.0-SNAPSHOT/hadoop-hdds-server-framework-0.5.0-SNAPSHOT.jar:/home/user/.m2/repository/org/apache/hadoop/hadoop-hdds-container-service/0.5.0-SNAPSHOT/hadoop-hdds-container-service-0.5.0-SNAPSHOT.jar:/home/user/.m2/repository/org/apache/hadoop/hadoop-hdds-client/0.5.0-SNAPSHOT/hadoop-hdds-client-0.5.0-SNAPSHOT.jar:/home/user/.m2/repository/org/apache/hadoop/hadoop-hdds-tools/0.5.0-SNAPSHOT/hadoop-hdds-tools-0.5.0-SNAPSHOT.jar:/home/user/.m2/repository/org/apache/hadoop/hadoop-hdds-server-scm/0.5.0-SNAPSHOT/hadoop-hdds-server-scm-0.5.0-SNAPSHOT.jar:/home/user/.m2/repository/org/apache/hadoop/hadoop-hdds-docs/0.5.0-SNAPSHOT/hadoop-hdds-docs-0.5.0-SNAPSHOT.jar:/home/user/.m2/repository/io/dropwizard/metrics/metrics-core/3.2.4/metrics-core-3.2.4.jar:/home/user/.m2/repository/org/hamcrest/hamcrest-all/1.3/hamcrest-all-1.3.jar:/home/user/.m2/repository/org/bouncycastle/bcprov-jdk15on/1.60/bcprov-jdk15on-1.60.jar:/home/user/.m2/repository/info/picocli/picocli/3.9.6/picocli-3.9.6.jar:/home/user/.m2/repository/com/google/protobuf/protobuf-java/2.5.0/protobuf-java-2.5.0.jar:/home/user/.m2/repository/com/google/guava/guava/11.0.2/guava-11.0.2.jar:/home/user/.m2/repository/org/apache/hadoop/hadoop-ozone-ozone-manager/0.5.0-SNAPSHOT/hadoop-ozone-ozone-manager-0.5.0-SNAPSHOT.jar:/home/user/.m2/repository/org/apache/hadoop/hadoop-minikdc/3.2.0/hadoop-minikdc-3.2.0.jar:/home/user/.m2/repository/commons-io/commons-io/2.5/commons-io-2.5.jar:/home/user/.m2/repository/org/apache/kerby/kerb-simplekdc/1.0.1/kerb-simplekdc-1.0.1.jar:/home/user/.m2/repository/org/apache/kerby/kerb-client/1.0.1/kerb-client-1.0.1.jar:/home/user/.m2/repository/org/apache/kerby/kerby-config/1.0.1/kerby-config-1.0.1.jar:/home/user/.m2/repository/org/apache/kerby/kerb-core/1.0.1/kerb-core-1.0.1.jar:/home/user/.m2/repository/org/apache/kerby/kerby-pkix/1.0.1/kerby-pkix-1.0.1.jar:/home/user/.m2/repository/org/apache/kerby/kerby-asn1/1.0.1/kerby-asn1-1.0.1.jar:/home/user/.m2/repository/org/apache/kerby/kerby-util/1.0.1/kerby-util-1.0.1.jar:/home/user/.m2/repository/org/apache/kerby/kerb-common/1.0.1/kerb-common-1.0.1.jar:/home/user/.m2/repository/org/apache/kerby/kerb-crypto/1.0.1/kerb-crypto-1.0.1.jar:/home/user/.m2/repository/org/apache/kerby/kerb-util/1.0.1/kerb-util-1.0.1.jar:/home/user/.m2/repository/org/apache/kerby/token-provider/1.0.1/token-provider-1.0.1.jar:/home/user/.m2/repository/org/apache/kerby/kerb-admin/1.0.1/kerb-admin-1.0.1.jar:/home/user/.m2/repository/org/apache/kerby/kerb-server/1.0.1/kerb-server-1.0.1.jar:/home/user/.m2/repository/org/apache/kerby/kerb-identity/1.0.1/kerb-identity-1.0.1.jar:/home/user/.m2/repository/org/apache/kerby/kerby-xdr/1.0.1/kerby-xdr-1.0.1.jar:/home/user/.m2/repository/org/slf4j/slf4j-log4j12/1.7.25/slf4j-log4j12-1.7.25.jar:/home/user/.m2/repository/org/apache/hadoop/hadoop-ozone-s3gateway/0.5.0-SNAPSHOT/hadoop-ozone-s3gateway-0.5.0-SNAPSHOT.jar:/home/user/.m2/repository/org/jboss/weld/servlet/weld-servlet/2.4.7.Final/weld-servlet-2.4.7.Final.jar:/home/user/.m2/repository/org/glassfish/jersey/containers/jersey-container-servlet-core/2.27/jersey-container-servlet-core-2.27.jar:/home/user/.m2/repository/org/glassfish/hk2/external/javax.inject/2.5.0-b42/javax.inject-2.5.0-b42.jar:/home/user/.m2/repository/org/glassfish/jersey/core/jersey-common/2.27/jersey-common-2.27.jar:/home/user/.m2/repository/org/glassfish/hk2/osgi-resource-locator/1.0.1/osgi-resource-locator-1.0.1.jar:/home/user/.m2/repository/javax/ws/rs/javax.ws.rs-api/2.1/javax.ws.rs-api-2.1.jar:/home/user/.m2/repository/org/glassfish/jersey/ext/cdi/jersey-cdi1x/2.27/jersey-cdi1x-2.27.jar:/home/user/.m2/repository/org/glassfish/jersey/inject/jersey-hk2/2.27/jersey-hk2-2.27.jar:/home/user/.m2/repository/org/glassfish/hk2/hk2-locator/2.5.0-b42/hk2-locator-2.5.0-b42.jar:/home/user/.m2/repository/org/javassist/javassist/3.22.0-CR2/javassist-3.22.0-CR2.jar:/home/user/.m2/repository/org/glassfish/hk2/hk2-api/2.5.0/hk2-api-2.5.0.jar:/home/user/.m2/repository/org/glassfish/hk2/external/jakarta.inject/2.5.0/jakarta.inject-2.5.0.jar:/home/user/.m2/repository/org/glassfish/hk2/hk2-utils/2.5.0/hk2-utils-2.5.0.jar:/home/user/.m2/repository/jakarta/annotation/jakarta.annotation-api/1.3.4/jakarta.annotation-api-1.3.4.jar:/home/user/.m2/repository/org/glassfish/hk2/external/aopalliance-repackaged/2.5.0/aopalliance-repackaged-2.5.0.jar:/home/user/.m2/repository/com/fasterxml/jackson/dataformat/jackson-dataformat-xml/2.9.0/jackson-dataformat-xml-2.9.0.jar:/home/user/.m2/repository/com/fasterxml/jackson/core/jackson-core/2.9.9/jackson-core-2.9.9.jar:/home/user/.m2/repository/com/fasterxml/jackson/module/jackson-module-jaxb-annotations/2.9.9/jackson-module-jaxb-annotations-2.9.9.jar:/home/user/.m2/repository/javax/enterprise/cdi-api/1.2/cdi-api-1.2.jar:/home/user/.m2/repository/javax/el/javax.el-api/3.0.0/javax.el-api-3.0.0.jar:/home/user/.m2/repository/javax/interceptor/javax.interceptor-api/1.2/javax.interceptor-api-1.2.jar:/home/user/.m2/repository/javax/inject/javax.inject/1/javax.inject-1.jar:/home/user/.m2/repository/com/sun/xml/bind/jaxb-impl/2.3.0.1/jaxb-impl-2.3.0.1.jar:/home/user/.m2/repository/com/sun/xml/bind/jaxb-core/2.3.0.1/jaxb-core-2.3.0.1.jar:/home/user/.m2/repository/javax/xml/bind/jaxb-api/2.3.0/jaxb-api-2.3.0.jar:/home/user/.m2/repository/javax/activation/activation/1.1.1/activation-1.1.1.jar:/home/user/.m2/repository/org/apache/hadoop/hadoop-ozone-csi/0.5.0-SNAPSHOT/hadoop-ozone-csi-0.5.0-SNAPSHOT.jar:/home/user/.m2/repository/com/google/protobuf/protobuf-java-util/3.5.1/protobuf-java-util-3.5.1.jar:/home/user/.m2/repository/org/apache/hadoop/hadoop-hdds-config/0.5.0-SNAPSHOT/hadoop-hdds-config-0.5.0-SNAPSHOT.jar:/home/user/.m2/repository/io/grpc/grpc-netty/1.17.1/grpc-netty-1.17.1.jar:/home/user/.m2/repository/io/grpc/grpc-core/1.17.1/grpc-core-1.17.1.jar:/home/user/.m2/repository/io/grpc/grpc-context/1.17.1/grpc-context-1.17.1.jar:/home/user/.m2/repository/com/google/errorprone/error_prone_annotations/2.2.0/error_prone_annotations-2.2.0.jar:/home/user/.m2/repository/org/codehaus/mojo/animal-sniffer-annotations/1.17/animal-sniffer-annotations-1.17.jar:/home/user/.m2/repository/io/opencensus/opencensus-api/0.17.0/opencensus-api-0.17.0.jar:/home/user/.m2/repository/io/opencensus/opencensus-contrib-grpc-metrics/0.17.0/opencensus-contrib-grpc-metrics-0.17.0.jar:/home/user/.m2/repository/io/netty/netty-codec-http2/4.1.30.Final/netty-codec-http2-4.1.30.Final.jar:/home/user/.m2/repository/io/netty/netty-codec-http/4.1.30.Final/netty-codec-http-4.1.30.Final.jar:/home/user/.m2/repository/io/netty/netty-codec/4.1.30.Final/netty-codec-4.1.30.Final.jar:/home/user/.m2/repository/io/netty/netty-handler/4.1.30.Final/netty-handler-4.1.30.Final.jar:/home/user/.m2/repository/io/netty/netty-handler-proxy/4.1.30.Final/netty-handler-proxy-4.1.30.Final.jar:/home/user/.m2/repository/io/netty/netty-codec-socks/4.1.30.Final/netty-codec-socks-4.1.30.Final.jar:/home/user/.m2/repository/io/netty/netty-transport-native-epoll/4.1.30.Final/netty-transport-native-epoll-4.1.30.Final.jar:/home/user/.m2/repository/io/netty/netty-common/4.1.30.Final/netty-common-4.1.30.Final.jar:/home/user/.m2/repository/io/netty/netty-buffer/4.1.30.Final/netty-buffer-4.1.30.Final.jar:/home/user/.m2/repository/io/netty/netty-transport/4.1.30.Final/netty-transport-4.1.30.Final.jar:/home/user/.m2/repository/io/netty/netty-resolver/4.1.30.Final/netty-resolver-4.1.30.Final.jar:/home/user/.m2/repository/io/netty/netty-transport-native-unix-common/4.1.30.Final/netty-transport-native-unix-common-4.1.30.Final.jar:/home/user/.m2/repository/io/grpc/grpc-protobuf/1.17.1/grpc-protobuf-1.17.1.jar:/home/user/.m2/repository/com/google/api/grpc/proto-google-common-protos/1.0.0/proto-google-common-protos-1.0.0.jar:/home/user/.m2/repository/io/grpc/grpc-protobuf-lite/1.17.1/grpc-protobuf-lite-1.17.1.jar:/home/user/.m2/repository/io/grpc/grpc-stub/1.17.1/grpc-stub-1.17.1.jar:/home/user/.m2/repository/org/apache/hadoop/hadoop-ozone-recon/0.5.0-SNAPSHOT/hadoop-ozone-recon-0.5.0-SNAPSHOT.jar:/home/user/.m2/repository/org/apache/hadoop/hadoop-ozone-reconcodegen/0.5.0-SNAPSHOT/hadoop-ozone-reconcodegen-0.5.0-SNAPSHOT.jar:/home/user/.m2/repository/com/google/inject/extensions/guice-multibindings/4.0/guice-multibindings-4.0.jar:/home/user/.m2/repository/com/google/inject/guice/4.0/guice-4.0.jar:/home/user/.m2/repository/aopalliance/aopalliance/1.0/aopalliance-1.0.jar:/home/user/.m2/repository/com/google/inject/extensions/guice-servlet/4.0/guice-servlet-4.0.jar:/home/user/.m2/repository/org/glassfish/jersey/containers/jersey-container-servlet/2.27/jersey-container-servlet-2.27.jar:/home/user/.m2/repository/org/glassfish/hk2/guice-bridge/2.5.0/guice-bridge-2.5.0.jar:/home/user/.m2/repository/org/glassfish/jersey/core/jersey-server/2.27/jersey-server-2.27.jar:/home/user/.m2/repository/org/glassfish/jersey/core/jersey-client/2.27/jersey-client-2.27.jar:/home/user/.m2/repository/org/glassfish/jersey/media/jersey-media-jaxb/2.27/jersey-media-jaxb-2.27.jar:/home/user/.m2/repository/javax/validation/validation-api/1.1.0.Final/validation-api-1.1.0.Final.jar:/home/user/.m2/repository/org/glassfish/jersey/media/jersey-media-json-jackson/2.27/jersey-media-json-jackson-2.27.jar:/home/user/.m2/repository/org/glassfish/jersey/ext/jersey-entity-filtering/2.27/jersey-entity-filtering-2.27.jar:/home/user/.m2/repository/com/google/inject/extensions/guice-assistedinject/4.0/guice-assistedinject-4.0.jar:/home/user/.m2/repository/org/jooq/jooq/3.11.10/jooq-3.11.10.jar:/home/user/.m2/repository/org/jooq/jooq-meta/3.11.10/jooq-meta-3.11.10.jar:/home/user/.m2/repository/org/jooq/jooq-codegen/3.11.10/jooq-codegen-3.11.10.jar:/home/user/.m2/repository/com/jolbox/bonecp/0.8.0.RELEASE/bonecp-0.8.0.RELEASE.jar:/home/user/.m2/repository/org/xerial/sqlite-jdbc/3.25.2/sqlite-jdbc-3.25.2.jar:/home/user/.m2/repository/org/springframework/spring-jdbc/5.1.3.RELEASE/spring-jdbc-5.1.3.RELEASE.jar:/home/user/.m2/repository/org/springframework/spring-beans/5.1.3.RELEASE/spring-beans-5.1.3.RELEASE.jar:/home/user/.m2/repository/org/springframework/spring-core/5.1.3.RELEASE/spring-core-5.1.3.RELEASE.jar:/home/user/.m2/repository/org/springframework/spring-jcl/5.1.3.RELEASE/spring-jcl-5.1.3.RELEASE.jar:/home/user/.m2/repository/org/springframework/spring-tx/5.1.3.RELEASE/spring-tx-5.1.3.RELEASE.jar:/home/user/.m2/repository/org/apache/hadoop/hadoop-ozone-client/0.5.0-SNAPSHOT/hadoop-ozone-client-0.5.0-SNAPSHOT.jar:/home/user/.m2/repository/commons-lang/commons-lang/2.6/commons-lang-2.6.jar:/home/user/.m2/repository/org/apache/hadoop/hadoop-ozone-ozone-manager/0.5.0-SNAPSHOT/hadoop-ozone-ozone-manager-0.5.0-SNAPSHOT-tests.jar:/home/user/.m2/repository/junit/junit/4.11/junit-4.11.jar:/home/user/.m2/repository/org/hamcrest/hamcrest-core/1.3/hamcrest-core-1.3.jar:/home/user/.m2/repository/org/openjdk/jmh/jmh-core/1.19/jmh-core-1.19.jar:/home/user/.m2/repository/net/sf/jopt-simple/jopt-simple/4.6/jopt-simple-4.6.jar:/home/user/.m2/repository/org/apache/commons/commons-math3/3.1.1/commons-math3-3.1.1.jar:/home/user/.m2/repository/org/openjdk/jmh/jmh-generator-annprocess/1.19/jmh-generator-annprocess-1.19.jar:/home/user/.m2/repository/org/mockito/mockito-all/1.8.5/mockito-all-1.8.5.jar:/home/user/.m2/repository/org/apache/hadoop/hadoop-kms/3.2.0/hadoop-kms-3.2.0.jar:/home/user/.m2/repository/org/apache/hadoop/hadoop-auth/3.2.0/hadoop-auth-3.2.0.jar:/home/user/.m2/repository/com/nimbusds/nimbus-jose-jwt/4.41.1/nimbus-jose-jwt-4.41.1.jar:/home/user/.m2/repository/com/github/stephenc/jcip/jcip-annotations/1.0-1/jcip-annotations-1.0-1.jar:/home/user/.m2/repository/net/minidev/json-smart/2.3/json-smart-2.3.jar:/home/user/.m2/repository/net/minidev/accessors-smart/1.2/accessors-smart-1.2.jar:/home/user/.m2/repository/org/ow2/asm/asm/5.0.4/asm-5.0.4.jar:/home/user/.m2/repository/org/apache/curator/curator-framework/2.12.0/curator-framework-2.12.0.jar:/home/user/.m2/repository/com/sun/jersey/jersey-core/1.19/jersey-core-1.19.jar:/home/user/.m2/repository/javax/ws/rs/jsr311-api/1.1.1/jsr311-api-1.1.1.jar:/home/user/.m2/repository/com/sun/jersey/jersey-server/1.19/jersey-server-1.19.jar:/home/user/.m2/repository/javax/servlet/javax.servlet-api/3.1.0/javax.servlet-api-3.1.0.jar:/home/user/.m2/repository/org/eclipse/jetty/jetty-server/9.3.25.v20180904/jetty-server-9.3.25.v20180904.jar:/home/user/.m2/repository/org/eclipse/jetty/jetty-http/9.3.25.v20180904/jetty-http-9.3.25.v20180904.jar:/home/user/.m2/repository/org/eclipse/jetty/jetty-io/9.3.25.v20180904/jetty-io-9.3.25.v20180904.jar:/home/user/.m2/repository/org/eclipse/jetty/jetty-webapp/9.3.25.v20180904/jetty-webapp-9.3.25.v20180904.jar:/home/user/.m2/repository/org/eclipse/jetty/jetty-xml/9.3.25.v20180904/jetty-xml-9.3.25.v20180904.jar:/home/user/.m2/repository/log4j/log4j/1.2.17/log4j-1.2.17.jar:/home/user/.m2/repository/org/slf4j/slf4j-api/1.7.25/slf4j-api-1.7.25.jar:/home/user/.m2/repository/org/slf4j/jul-to-slf4j/1.7.25/jul-to-slf4j-1.7.25.jar:/home/user/.m2/repository/org/eclipse/jetty/jetty-util/9.3.25.v20180904/jetty-util-9.3.25.v20180904.jar:/home/user/.m2/repository/com/fasterxml/jackson/core/jackson-databind/2.9.9/jackson-databind-2.9.9.jar:/home/user/.m2/repository/org/apache/hadoop/hadoop-kms/3.2.0/hadoop-kms-3.2.0-tests.jar:/home/user/.m2/repository/org/apache/hadoop/hadoop-hdds-server-scm/0.5.0-SNAPSHOT/hadoop-hdds-server-scm-0.5.0-SNAPSHOT-tests.jar:/home/user/.m2/repository/org/apache/hadoop/hadoop-hdds-container-service/0.5.0-SNAPSHOT/hadoop-hdds-container-service-0.5.0-SNAPSHOT-tests.jar:/home/user/.m2/repository/org/yaml/snakeyaml/1.16/snakeyaml-1.16.jar:/home/user/.m2/repository/org/apache/hadoop/hadoop-common/3.2.0/hadoop-common-3.2.0-tests.jar:/home/user/.m2/repository/org/apache/hadoop/hadoop-annotations/3.2.0/hadoop-annotations-3.2.0.jar:/usr/lib/jvm/java-1.8.0-openjdk-1.8.0.222.b10-1.el7_7.x86_64/jre/../lib/tools.jar:/home/user/.m2/repository/commons-cli/commons-cli/1.2/commons-cli-1.2.jar:/home/user/.m2/repository/org/apache/httpcomponents/httpclient/4.5.2/httpclient-4.5.2.jar:/home/user/.m2/repository/org/apache/httpcomponents/httpcore/4.4.4/httpcore-4.4.4.jar:/home/user/.m2/repository/commons-codec/commons-codec/1.11/commons-codec-1.11.jar:/home/user/.m2/repository/commons-net/commons-net/3.6/commons-net-3.6.jar:/home/user/.m2/repository/commons-collections/commons-collections/3.2.2/commons-collections-3.2.2.jar:/home/user/.m2/repository/org/eclipse/jetty/jetty-servlet/9.3.25.v20180904/jetty-servlet-9.3.25.v20180904.jar:/home/user/.m2/repository/org/eclipse/jetty/jetty-security/9.3.25.v20180904/jetty-security-9.3.25.v20180904.jar:/home/user/.m2/repository/javax/servlet/jsp/jsp-api/2.1/jsp-api-2.1.jar:/home/user/.m2/repository/com/sun/jersey/jersey-servlet/1.19/jersey-servlet-1.19.jar:/home/user/.m2/repository/com/sun/jersey/jersey-json/1.19/jersey-json-1.19.jar:/home/user/.m2/repository/org/codehaus/jettison/jettison/1.1/jettison-1.1.jar:/home/user/.m2/repository/org/codehaus/jackson/jackson-core-asl/1.9.13/jackson-core-asl-1.9.13.jar:/home/user/.m2/repository/org/codehaus/jackson/jackson-mapper-asl/1.9.13/jackson-mapper-asl-1.9.13.jar:/home/user/.m2/repository/org/codehaus/jackson/jackson-jaxrs/1.9.13/jackson-jaxrs-1.9.13.jar:/home/user/.m2/repository/org/codehaus/jackson/jackson-xc/1.9.13/jackson-xc-1.9.13.jar:/home/user/.m2/repository/commons-logging/commons-logging/1.1.3/commons-logging-1.1.3.jar:/home/user/.m2/repository/commons-beanutils/commons-beanutils/1.9.4/commons-beanutils-1.9.4.jar:/home/user/.m2/repository/org/apache/commons/commons-configuration2/2.1.1/commons-configuration2-2.1.1.jar:/home/user/.m2/repository/org/apache/commons/commons-lang3/3.7/commons-lang3-3.7.jar:/home/user/.m2/repository/org/apache/commons/commons-text/1.4/commons-text-1.4.jar:/home/user/.m2/repository/org/apache/avro/avro/1.7.7/avro-1.7.7.jar:/home/user/.m2/repository/com/thoughtworks/paranamer/paranamer/2.3/paranamer-2.3.jar:/home/user/.m2/repository/org/xerial/snappy/snappy-java/1.0.5/snappy-java-1.0.5.jar:/home/user/.m2/repository/com/google/re2j/re2j/1.1/re2j-1.1.jar:/home/user/.m2/repository/com/google/code/gson/gson/2.2.4/gson-2.2.4.jar:/home/user/.m2/repository/com/jcraft/jsch/0.1.54/jsch-0.1.54.jar:/home/user/.m2/repository/org/apache/curator/curator-client/2.12.0/curator-client-2.12.0.jar:/home/user/.m2/repository/org/apache/curator/curator-recipes/2.12.0/curator-recipes-2.12.0.jar:/home/user/.m2/repository/com/google/code/findbugs/jsr305/3.0.0/jsr305-3.0.0.jar:/home/user/.m2/repository/org/apache/htrace/htrace-core4/4.1.0-incubating/htrace-core4-4.1.0-incubating.jar:/home/user/.m2/repository/org/apache/zookeeper/zookeeper/3.4.13/zookeeper-3.4.13.jar:/home/user/.m2/repository/jline/jline/0.9.94/jline-0.9.94.jar:/home/user/.m2/repository/org/apache/yetus/audience-annotations/0.5.0/audience-annotations-0.5.0.jar:/home/user/.m2/repository/org/codehaus/woodstox/stax2-api/3.1.4/stax2-api-3.1.4.jar:/home/user/.m2/repository/com/fasterxml/woodstox/woodstox-core/5.0.3/woodstox-core-5.0.3.jar:/home/user/.m2/repository/dnsjava/dnsjava/2.1.7/dnsjava-2.1.7.jar:/home/user/.m2/repository/org/apache/hadoop/hadoop-hdfs/3.2.0/hadoop-hdfs-3.2.0-tests.jar:/home/user/.m2/repository/org/eclipse/jetty/jetty-util-ajax/9.3.25.v20180904/jetty-util-ajax-9.3.25.v20180904.jar:/home/user/.m2/repository/commons-daemon/commons-daemon/1.0.13/commons-daemon-1.0.13.jar:/home/user/.m2/repository/io/netty/netty/3.10.5.Final/netty-3.10.5.Final.jar:/home/user/.m2/repository/io/netty/netty-all/4.0.52.Final/netty-all-4.0.52.Final.jar:/home/user/.m2/repository/org/fusesource/leveldbjni/leveldbjni-all/1.8/leveldbjni-all-1.8.jar:"/>
    <property name="java.vm.vendor" value="Oracle Corporation"/>
    <property name="sun.arch.data.model" value="64"/>
    <property name="test.build.dir" value="/workdir/hadoop-ozone/integration-test/target/test-dir"/>
    <property name="test.cache.data" value=""/>
    <property name="java.vendor.url" value="http://java.oracle.com/"/>
    <property name="user.timezone" value=""/>
    <property name="java.vm.specification.version" value="1.8"/>
    <property name="os.name" value="Linux"/>
    <property name="test.build.data" value="/workdir/hadoop-ozone/integration-test/target/test-dir"/>
    <property name="user.country" value="US"/>
    <property name="sun.java.launcher" value="SUN_STANDARD"/>
    <property name="sun.boot.library.path" value="/usr/lib/jvm/java-1.8.0-openjdk-1.8.0.222.b10-1.el7_7.x86_64/jre/lib/amd64"/>
    <property name="sun.java.command" value="/workdir/hadoop-ozone/integration-test/target/surefire/surefirebooter5871854784252547656.jar /workdir/hadoop-ozone/integration-test/target/surefire 2019-11-18T23-39-27_525-jvmRun1 surefire9145939959754117285tmp surefire_285056825598553912003tmp"/>
    <property name="surefire.test.class.path" value="/workdir/hadoop-ozone/integration-test/target/test-classes:/workdir/hadoop-ozone/integration-test/target/classes:/home/user/.m2/repository/org/apache/hadoop/hadoop-ozone-common/0.5.0-SNAPSHOT/hadoop-ozone-common-0.5.0-SNAPSHOT.jar:/home/user/.m2/repository/org/apache/commons/commons-compress/1.4.1/commons-compress-1.4.1.jar:/home/user/.m2/repository/org/tukaani/xz/1.0/xz-1.0.jar:/home/user/.m2/repository/org/apache/hadoop/hadoop-common/3.2.0/hadoop-common-3.2.0.jar:/home/user/.m2/repository/org/apache/hadoop/hadoop-hdfs/3.2.0/hadoop-hdfs-3.2.0.jar:/home/user/.m2/repository/org/apache/hadoop/hadoop-hdfs-client/3.2.0/hadoop-hdfs-client-3.2.0.jar:/home/user/.m2/repository/com/fasterxml/jackson/core/jackson-annotations/2.9.9/jackson-annotations-2.9.9.jar:/home/user/.m2/repository/org/apache/hadoop/hadoop-hdds-common/0.5.0-SNAPSHOT/hadoop-hdds-common-0.5.0-SNAPSHOT.jar:/home/user/.m2/repository/javax/annotation/javax.annotation-api/1.2/javax.annotation-api-1.2.jar:/home/user/.m2/repository/org/apache/ratis/ratis-server/0.5.0-d6d58d0-SNAPSHOT/ratis-server-0.5.0-d6d58d0-SNAPSHOT.jar:/home/user/.m2/repository/org/apache/ratis/ratis-thirdparty-misc/0.2.0/ratis-thirdparty-misc-0.2.0.jar:/home/user/.m2/repository/org/apache/ratis/ratis-proto/0.5.0-d6d58d0-SNAPSHOT/ratis-proto-0.5.0-d6d58d0-SNAPSHOT.jar:/home/user/.m2/repository/org/apache/ratis/ratis-common/0.5.0-d6d58d0-SNAPSHOT/ratis-common-0.5.0-d6d58d0-SNAPSHOT.jar:/home/user/.m2/repository/org/apache/ratis/ratis-client/0.5.0-d6d58d0-SNAPSHOT/ratis-client-0.5.0-d6d58d0-SNAPSHOT.jar:/home/user/.m2/repository/org/apache/ratis/ratis-metrics/0.5.0-d6d58d0-SNAPSHOT/ratis-metrics-0.5.0-d6d58d0-SNAPSHOT.jar:/home/user/.m2/repository/org/apache/ratis/ratis-netty/0.5.0-d6d58d0-SNAPSHOT/ratis-netty-0.5.0-d6d58d0-SNAPSHOT.jar:/home/user/.m2/repository/org/apache/ratis/ratis-grpc/0.5.0-d6d58d0-SNAPSHOT/ratis-grpc-0.5.0-d6d58d0-SNAPSHOT.jar:/home/user/.m2/repository/org/rocksdb/rocksdbjni/6.0.1/rocksdbjni-6.0.1.jar:/home/user/.m2/repository/org/apache/logging/log4j/log4j-api/2.11.0/log4j-api-2.11.0.jar:/home/user/.m2/repository/org/apache/logging/log4j/log4j-core/2.11.0/log4j-core-2.11.0.jar:/home/user/.m2/repository/com/lmax/disruptor/3.4.2/disruptor-3.4.2.jar:/home/user/.m2/repository/org/apache/commons/commons-pool2/2.6.0/commons-pool2-2.6.0.jar:/home/user/.m2/repository/org/bouncycastle/bcpkix-jdk15on/1.60/bcpkix-jdk15on-1.60.jar:/home/user/.m2/repository/commons-validator/commons-validator/1.6/commons-validator-1.6.jar:/home/user/.m2/repository/commons-digester/commons-digester/1.8.1/commons-digester-1.8.1.jar:/home/user/.m2/repository/io/jaegertracing/jaeger-client/0.34.0/jaeger-client-0.34.0.jar:/home/user/.m2/repository/io/jaegertracing/jaeger-thrift/0.34.0/jaeger-thrift-0.34.0.jar:/home/user/.m2/repository/org/apache/thrift/libthrift/0.12.0/libthrift-0.12.0.jar:/home/user/.m2/repository/com/squareup/okhttp3/okhttp/3.9.0/okhttp-3.9.0.jar:/home/user/.m2/repository/com/squareup/okio/okio/1.13.0/okio-1.13.0.jar:/home/user/.m2/repository/io/jaegertracing/jaeger-core/0.34.0/jaeger-core-0.34.0.jar:/home/user/.m2/repository/io/jaegertracing/jaeger-tracerresolver/0.34.0/jaeger-tracerresolver-0.34.0.jar:/home/user/.m2/repository/io/opentracing/contrib/opentracing-tracerresolver/0.1.5/opentracing-tracerresolver-0.1.5.jar:/home/user/.m2/repository/io/opentracing/opentracing-util/0.31.0/opentracing-util-0.31.0.jar:/home/user/.m2/repository/io/opentracing/opentracing-api/0.31.0/opentracing-api-0.31.0.jar:/home/user/.m2/repository/io/opentracing/opentracing-noop/0.31.0/opentracing-noop-0.31.0.jar:/home/user/.m2/repository/org/apache/hadoop/hadoop-hdds-server-framework/0.5.0-SNAPSHOT/hadoop-hdds-server-framework-0.5.0-SNAPSHOT.jar:/home/user/.m2/repository/org/apache/hadoop/hadoop-hdds-container-service/0.5.0-SNAPSHOT/hadoop-hdds-container-service-0.5.0-SNAPSHOT.jar:/home/user/.m2/repository/org/apache/hadoop/hadoop-hdds-client/0.5.0-SNAPSHOT/hadoop-hdds-client-0.5.0-SNAPSHOT.jar:/home/user/.m2/repository/org/apache/hadoop/hadoop-hdds-tools/0.5.0-SNAPSHOT/hadoop-hdds-tools-0.5.0-SNAPSHOT.jar:/home/user/.m2/repository/org/apache/hadoop/hadoop-hdds-server-scm/0.5.0-SNAPSHOT/hadoop-hdds-server-scm-0.5.0-SNAPSHOT.jar:/home/user/.m2/repository/org/apache/hadoop/hadoop-hdds-docs/0.5.0-SNAPSHOT/hadoop-hdds-docs-0.5.0-SNAPSHOT.jar:/home/user/.m2/repository/io/dropwizard/metrics/metrics-core/3.2.4/metrics-core-3.2.4.jar:/home/user/.m2/repository/org/hamcrest/hamcrest-all/1.3/hamcrest-all-1.3.jar:/home/user/.m2/repository/org/bouncycastle/bcprov-jdk15on/1.60/bcprov-jdk15on-1.60.jar:/home/user/.m2/repository/info/picocli/picocli/3.9.6/picocli-3.9.6.jar:/home/user/.m2/repository/com/google/protobuf/protobuf-java/2.5.0/protobuf-java-2.5.0.jar:/home/user/.m2/repository/com/google/guava/guava/11.0.2/guava-11.0.2.jar:/home/user/.m2/repository/org/apache/hadoop/hadoop-ozone-ozone-manager/0.5.0-SNAPSHOT/hadoop-ozone-ozone-manager-0.5.0-SNAPSHOT.jar:/home/user/.m2/repository/org/apache/hadoop/hadoop-minikdc/3.2.0/hadoop-minikdc-3.2.0.jar:/home/user/.m2/repository/commons-io/commons-io/2.5/commons-io-2.5.jar:/home/user/.m2/repository/org/apache/kerby/kerb-simplekdc/1.0.1/kerb-simplekdc-1.0.1.jar:/home/user/.m2/repository/org/apache/kerby/kerb-client/1.0.1/kerb-client-1.0.1.jar:/home/user/.m2/repository/org/apache/kerby/kerby-config/1.0.1/kerby-config-1.0.1.jar:/home/user/.m2/repository/org/apache/kerby/kerb-core/1.0.1/kerb-core-1.0.1.jar:/home/user/.m2/repository/org/apache/kerby/kerby-pkix/1.0.1/kerby-pkix-1.0.1.jar:/home/user/.m2/repository/org/apache/kerby/kerby-asn1/1.0.1/kerby-asn1-1.0.1.jar:/home/user/.m2/repository/org/apache/kerby/kerby-util/1.0.1/kerby-util-1.0.1.jar:/home/user/.m2/repository/org/apache/kerby/kerb-common/1.0.1/kerb-common-1.0.1.jar:/home/user/.m2/repository/org/apache/kerby/kerb-crypto/1.0.1/kerb-crypto-1.0.1.jar:/home/user/.m2/repository/org/apache/kerby/kerb-util/1.0.1/kerb-util-1.0.1.jar:/home/user/.m2/repository/org/apache/kerby/token-provider/1.0.1/token-provider-1.0.1.jar:/home/user/.m2/repository/org/apache/kerby/kerb-admin/1.0.1/kerb-admin-1.0.1.jar:/home/user/.m2/repository/org/apache/kerby/kerb-server/1.0.1/kerb-server-1.0.1.jar:/home/user/.m2/repository/org/apache/kerby/kerb-identity/1.0.1/kerb-identity-1.0.1.jar:/home/user/.m2/repository/org/apache/kerby/kerby-xdr/1.0.1/kerby-xdr-1.0.1.jar:/home/user/.m2/repository/org/slf4j/slf4j-log4j12/1.7.25/slf4j-log4j12-1.7.25.jar:/home/user/.m2/repository/org/apache/hadoop/hadoop-ozone-s3gateway/0.5.0-SNAPSHOT/hadoop-ozone-s3gateway-0.5.0-SNAPSHOT.jar:/home/user/.m2/repository/org/jboss/weld/servlet/weld-servlet/2.4.7.Final/weld-servlet-2.4.7.Final.jar:/home/user/.m2/repository/org/glassfish/jersey/containers/jersey-container-servlet-core/2.27/jersey-container-servlet-core-2.27.jar:/home/user/.m2/repository/org/glassfish/hk2/external/javax.inject/2.5.0-b42/javax.inject-2.5.0-b42.jar:/home/user/.m2/repository/org/glassfish/jersey/core/jersey-common/2.27/jersey-common-2.27.jar:/home/user/.m2/repository/org/glassfish/hk2/osgi-resource-locator/1.0.1/osgi-resource-locator-1.0.1.jar:/home/user/.m2/repository/javax/ws/rs/javax.ws.rs-api/2.1/javax.ws.rs-api-2.1.jar:/home/user/.m2/repository/org/glassfish/jersey/ext/cdi/jersey-cdi1x/2.27/jersey-cdi1x-2.27.jar:/home/user/.m2/repository/org/glassfish/jersey/inject/jersey-hk2/2.27/jersey-hk2-2.27.jar:/home/user/.m2/repository/org/glassfish/hk2/hk2-locator/2.5.0-b42/hk2-locator-2.5.0-b42.jar:/home/user/.m2/repository/org/javassist/javassist/3.22.0-CR2/javassist-3.22.0-CR2.jar:/home/user/.m2/repository/org/glassfish/hk2/hk2-api/2.5.0/hk2-api-2.5.0.jar:/home/user/.m2/repository/org/glassfish/hk2/external/jakarta.inject/2.5.0/jakarta.inject-2.5.0.jar:/home/user/.m2/repository/org/glassfish/hk2/hk2-utils/2.5.0/hk2-utils-2.5.0.jar:/home/user/.m2/repository/jakarta/annotation/jakarta.annotation-api/1.3.4/jakarta.annotation-api-1.3.4.jar:/home/user/.m2/repository/org/glassfish/hk2/external/aopalliance-repackaged/2.5.0/aopalliance-repackaged-2.5.0.jar:/home/user/.m2/repository/com/fasterxml/jackson/dataformat/jackson-dataformat-xml/2.9.0/jackson-dataformat-xml-2.9.0.jar:/home/user/.m2/repository/com/fasterxml/jackson/core/jackson-core/2.9.9/jackson-core-2.9.9.jar:/home/user/.m2/repository/com/fasterxml/jackson/module/jackson-module-jaxb-annotations/2.9.9/jackson-module-jaxb-annotations-2.9.9.jar:/home/user/.m2/repository/javax/enterprise/cdi-api/1.2/cdi-api-1.2.jar:/home/user/.m2/repository/javax/el/javax.el-api/3.0.0/javax.el-api-3.0.0.jar:/home/user/.m2/repository/javax/interceptor/javax.interceptor-api/1.2/javax.interceptor-api-1.2.jar:/home/user/.m2/repository/javax/inject/javax.inject/1/javax.inject-1.jar:/home/user/.m2/repository/com/sun/xml/bind/jaxb-impl/2.3.0.1/jaxb-impl-2.3.0.1.jar:/home/user/.m2/repository/com/sun/xml/bind/jaxb-core/2.3.0.1/jaxb-core-2.3.0.1.jar:/home/user/.m2/repository/javax/xml/bind/jaxb-api/2.3.0/jaxb-api-2.3.0.jar:/home/user/.m2/repository/javax/activation/activation/1.1.1/activation-1.1.1.jar:/home/user/.m2/repository/org/apache/hadoop/hadoop-ozone-csi/0.5.0-SNAPSHOT/hadoop-ozone-csi-0.5.0-SNAPSHOT.jar:/home/user/.m2/repository/com/google/protobuf/protobuf-java-util/3.5.1/protobuf-java-util-3.5.1.jar:/home/user/.m2/repository/org/apache/hadoop/hadoop-hdds-config/0.5.0-SNAPSHOT/hadoop-hdds-config-0.5.0-SNAPSHOT.jar:/home/user/.m2/repository/io/grpc/grpc-netty/1.17.1/grpc-netty-1.17.1.jar:/home/user/.m2/repository/io/grpc/grpc-core/1.17.1/grpc-core-1.17.1.jar:/home/user/.m2/repository/io/grpc/grpc-context/1.17.1/grpc-context-1.17.1.jar:/home/user/.m2/repository/com/google/errorprone/error_prone_annotations/2.2.0/error_prone_annotations-2.2.0.jar:/home/user/.m2/repository/org/codehaus/mojo/animal-sniffer-annotations/1.17/animal-sniffer-annotations-1.17.jar:/home/user/.m2/repository/io/opencensus/opencensus-api/0.17.0/opencensus-api-0.17.0.jar:/home/user/.m2/repository/io/opencensus/opencensus-contrib-grpc-metrics/0.17.0/opencensus-contrib-grpc-metrics-0.17.0.jar:/home/user/.m2/repository/io/netty/netty-codec-http2/4.1.30.Final/netty-codec-http2-4.1.30.Final.jar:/home/user/.m2/repository/io/netty/netty-codec-http/4.1.30.Final/netty-codec-http-4.1.30.Final.jar:/home/user/.m2/repository/io/netty/netty-codec/4.1.30.Final/netty-codec-4.1.30.Final.jar:/home/user/.m2/repository/io/netty/netty-handler/4.1.30.Final/netty-handler-4.1.30.Final.jar:/home/user/.m2/repository/io/netty/netty-handler-proxy/4.1.30.Final/netty-handler-proxy-4.1.30.Final.jar:/home/user/.m2/repository/io/netty/netty-codec-socks/4.1.30.Final/netty-codec-socks-4.1.30.Final.jar:/home/user/.m2/repository/io/netty/netty-transport-native-epoll/4.1.30.Final/netty-transport-native-epoll-4.1.30.Final.jar:/home/user/.m2/repository/io/netty/netty-common/4.1.30.Final/netty-common-4.1.30.Final.jar:/home/user/.m2/repository/io/netty/netty-buffer/4.1.30.Final/netty-buffer-4.1.30.Final.jar:/home/user/.m2/repository/io/netty/netty-transport/4.1.30.Final/netty-transport-4.1.30.Final.jar:/home/user/.m2/repository/io/netty/netty-resolver/4.1.30.Final/netty-resolver-4.1.30.Final.jar:/home/user/.m2/repository/io/netty/netty-transport-native-unix-common/4.1.30.Final/netty-transport-native-unix-common-4.1.30.Final.jar:/home/user/.m2/repository/io/grpc/grpc-protobuf/1.17.1/grpc-protobuf-1.17.1.jar:/home/user/.m2/repository/com/google/api/grpc/proto-google-common-protos/1.0.0/proto-google-common-protos-1.0.0.jar:/home/user/.m2/repository/io/grpc/grpc-protobuf-lite/1.17.1/grpc-protobuf-lite-1.17.1.jar:/home/user/.m2/repository/io/grpc/grpc-stub/1.17.1/grpc-stub-1.17.1.jar:/home/user/.m2/repository/org/apache/hadoop/hadoop-ozone-recon/0.5.0-SNAPSHOT/hadoop-ozone-recon-0.5.0-SNAPSHOT.jar:/home/user/.m2/repository/org/apache/hadoop/hadoop-ozone-reconcodegen/0.5.0-SNAPSHOT/hadoop-ozone-reconcodegen-0.5.0-SNAPSHOT.jar:/home/user/.m2/repository/com/google/inject/extensions/guice-multibindings/4.0/guice-multibindings-4.0.jar:/home/user/.m2/repository/com/google/inject/guice/4.0/guice-4.0.jar:/home/user/.m2/repository/aopalliance/aopalliance/1.0/aopalliance-1.0.jar:/home/user/.m2/repository/com/google/inject/extensions/guice-servlet/4.0/guice-servlet-4.0.jar:/home/user/.m2/repository/org/glassfish/jersey/containers/jersey-container-servlet/2.27/jersey-container-servlet-2.27.jar:/home/user/.m2/repository/org/glassfish/hk2/guice-bridge/2.5.0/guice-bridge-2.5.0.jar:/home/user/.m2/repository/org/glassfish/jersey/core/jersey-server/2.27/jersey-server-2.27.jar:/home/user/.m2/repository/org/glassfish/jersey/core/jersey-client/2.27/jersey-client-2.27.jar:/home/user/.m2/repository/org/glassfish/jersey/media/jersey-media-jaxb/2.27/jersey-media-jaxb-2.27.jar:/home/user/.m2/repository/javax/validation/validation-api/1.1.0.Final/validation-api-1.1.0.Final.jar:/home/user/.m2/repository/org/glassfish/jersey/media/jersey-media-json-jackson/2.27/jersey-media-json-jackson-2.27.jar:/home/user/.m2/repository/org/glassfish/jersey/ext/jersey-entity-filtering/2.27/jersey-entity-filtering-2.27.jar:/home/user/.m2/repository/com/google/inject/extensions/guice-assistedinject/4.0/guice-assistedinject-4.0.jar:/home/user/.m2/repository/org/jooq/jooq/3.11.10/jooq-3.11.10.jar:/home/user/.m2/repository/org/jooq/jooq-meta/3.11.10/jooq-meta-3.11.10.jar:/home/user/.m2/repository/org/jooq/jooq-codegen/3.11.10/jooq-codegen-3.11.10.jar:/home/user/.m2/repository/com/jolbox/bonecp/0.8.0.RELEASE/bonecp-0.8.0.RELEASE.jar:/home/user/.m2/repository/org/xerial/sqlite-jdbc/3.25.2/sqlite-jdbc-3.25.2.jar:/home/user/.m2/repository/org/springframework/spring-jdbc/5.1.3.RELEASE/spring-jdbc-5.1.3.RELEASE.jar:/home/user/.m2/repository/org/springframework/spring-beans/5.1.3.RELEASE/spring-beans-5.1.3.RELEASE.jar:/home/user/.m2/repository/org/springframework/spring-core/5.1.3.RELEASE/spring-core-5.1.3.RELEASE.jar:/home/user/.m2/repository/org/springframework/spring-jcl/5.1.3.RELEASE/spring-jcl-5.1.3.RELEASE.jar:/home/user/.m2/repository/org/springframework/spring-tx/5.1.3.RELEASE/spring-tx-5.1.3.RELEASE.jar:/home/user/.m2/repository/org/apache/hadoop/hadoop-ozone-client/0.5.0-SNAPSHOT/hadoop-ozone-client-0.5.0-SNAPSHOT.jar:/home/user/.m2/repository/commons-lang/commons-lang/2.6/commons-lang-2.6.jar:/home/user/.m2/repository/org/apache/hadoop/hadoop-ozone-ozone-manager/0.5.0-SNAPSHOT/hadoop-ozone-ozone-manager-0.5.0-SNAPSHOT-tests.jar:/home/user/.m2/repository/junit/junit/4.11/junit-4.11.jar:/home/user/.m2/repository/org/hamcrest/hamcrest-core/1.3/hamcrest-core-1.3.jar:/home/user/.m2/repository/org/openjdk/jmh/jmh-core/1.19/jmh-core-1.19.jar:/home/user/.m2/repository/net/sf/jopt-simple/jopt-simple/4.6/jopt-simple-4.6.jar:/home/user/.m2/repository/org/apache/commons/commons-math3/3.1.1/commons-math3-3.1.1.jar:/home/user/.m2/repository/org/openjdk/jmh/jmh-generator-annprocess/1.19/jmh-generator-annprocess-1.19.jar:/home/user/.m2/repository/org/mockito/mockito-all/1.8.5/mockito-all-1.8.5.jar:/home/user/.m2/repository/org/apache/hadoop/hadoop-kms/3.2.0/hadoop-kms-3.2.0.jar:/home/user/.m2/repository/org/apache/hadoop/hadoop-auth/3.2.0/hadoop-auth-3.2.0.jar:/home/user/.m2/repository/com/nimbusds/nimbus-jose-jwt/4.41.1/nimbus-jose-jwt-4.41.1.jar:/home/user/.m2/repository/com/github/stephenc/jcip/jcip-annotations/1.0-1/jcip-annotations-1.0-1.jar:/home/user/.m2/repository/net/minidev/json-smart/2.3/json-smart-2.3.jar:/home/user/.m2/repository/net/minidev/accessors-smart/1.2/accessors-smart-1.2.jar:/home/user/.m2/repository/org/ow2/asm/asm/5.0.4/asm-5.0.4.jar:/home/user/.m2/repository/org/apache/curator/curator-framework/2.12.0/curator-framework-2.12.0.jar:/home/user/.m2/repository/com/sun/jersey/jersey-core/1.19/jersey-core-1.19.jar:/home/user/.m2/repository/javax/ws/rs/jsr311-api/1.1.1/jsr311-api-1.1.1.jar:/home/user/.m2/repository/com/sun/jersey/jersey-server/1.19/jersey-server-1.19.jar:/home/user/.m2/repository/javax/servlet/javax.servlet-api/3.1.0/javax.servlet-api-3.1.0.jar:/home/user/.m2/repository/org/eclipse/jetty/jetty-server/9.3.25.v20180904/jetty-server-9.3.25.v20180904.jar:/home/user/.m2/repository/org/eclipse/jetty/jetty-http/9.3.25.v20180904/jetty-http-9.3.25.v20180904.jar:/home/user/.m2/repository/org/eclipse/jetty/jetty-io/9.3.25.v20180904/jetty-io-9.3.25.v20180904.jar:/home/user/.m2/repository/org/eclipse/jetty/jetty-webapp/9.3.25.v20180904/jetty-webapp-9.3.25.v20180904.jar:/home/user/.m2/repository/org/eclipse/jetty/jetty-xml/9.3.25.v20180904/jetty-xml-9.3.25.v20180904.jar:/home/user/.m2/repository/log4j/log4j/1.2.17/log4j-1.2.17.jar:/home/user/.m2/repository/org/slf4j/slf4j-api/1.7.25/slf4j-api-1.7.25.jar:/home/user/.m2/repository/org/slf4j/jul-to-slf4j/1.7.25/jul-to-slf4j-1.7.25.jar:/home/user/.m2/repository/org/eclipse/jetty/jetty-util/9.3.25.v20180904/jetty-util-9.3.25.v20180904.jar:/home/user/.m2/repository/com/fasterxml/jackson/core/jackson-databind/2.9.9/jackson-databind-2.9.9.jar:/home/user/.m2/repository/org/apache/hadoop/hadoop-kms/3.2.0/hadoop-kms-3.2.0-tests.jar:/home/user/.m2/repository/org/apache/hadoop/hadoop-hdds-server-scm/0.5.0-SNAPSHOT/hadoop-hdds-server-scm-0.5.0-SNAPSHOT-tests.jar:/home/user/.m2/repository/org/apache/hadoop/hadoop-hdds-container-service/0.5.0-SNAPSHOT/hadoop-hdds-container-service-0.5.0-SNAPSHOT-tests.jar:/home/user/.m2/repository/org/yaml/snakeyaml/1.16/snakeyaml-1.16.jar:/home/user/.m2/repository/org/apache/hadoop/hadoop-common/3.2.0/hadoop-common-3.2.0-tests.jar:/home/user/.m2/repository/org/apache/hadoop/hadoop-annotations/3.2.0/hadoop-annotations-3.2.0.jar:/usr/lib/jvm/java-1.8.0-openjdk-1.8.0.222.b10-1.el7_7.x86_64/jre/../lib/tools.jar:/home/user/.m2/repository/commons-cli/commons-cli/1.2/commons-cli-1.2.jar:/home/user/.m2/repository/org/apache/httpcomponents/httpclient/4.5.2/httpclient-4.5.2.jar:/home/user/.m2/repository/org/apache/httpcomponents/httpcore/4.4.4/httpcore-4.4.4.jar:/home/user/.m2/repository/commons-codec/commons-codec/1.11/commons-codec-1.11.jar:/home/user/.m2/repository/commons-net/commons-net/3.6/commons-net-3.6.jar:/home/user/.m2/repository/commons-collections/commons-collections/3.2.2/commons-collections-3.2.2.jar:/home/user/.m2/repository/org/eclipse/jetty/jetty-servlet/9.3.25.v20180904/jetty-servlet-9.3.25.v20180904.jar:/home/user/.m2/repository/org/eclipse/jetty/jetty-security/9.3.25.v20180904/jetty-security-9.3.25.v20180904.jar:/home/user/.m2/repository/javax/servlet/jsp/jsp-api/2.1/jsp-api-2.1.jar:/home/user/.m2/repository/com/sun/jersey/jersey-servlet/1.19/jersey-servlet-1.19.jar:/home/user/.m2/repository/com/sun/jersey/jersey-json/1.19/jersey-json-1.19.jar:/home/user/.m2/repository/org/codehaus/jettison/jettison/1.1/jettison-1.1.jar:/home/user/.m2/repository/org/codehaus/jackson/jackson-core-asl/1.9.13/jackson-core-asl-1.9.13.jar:/home/user/.m2/repository/org/codehaus/jackson/jackson-mapper-asl/1.9.13/jackson-mapper-asl-1.9.13.jar:/home/user/.m2/repository/org/codehaus/jackson/jackson-jaxrs/1.9.13/jackson-jaxrs-1.9.13.jar:/home/user/.m2/repository/org/codehaus/jackson/jackson-xc/1.9.13/jackson-xc-1.9.13.jar:/home/user/.m2/repository/commons-logging/commons-logging/1.1.3/commons-logging-1.1.3.jar:/home/user/.m2/repository/commons-beanutils/commons-beanutils/1.9.4/commons-beanutils-1.9.4.jar:/home/user/.m2/repository/org/apache/commons/commons-configuration2/2.1.1/commons-configuration2-2.1.1.jar:/home/user/.m2/repository/org/apache/commons/commons-lang3/3.7/commons-lang3-3.7.jar:/home/user/.m2/repository/org/apache/commons/commons-text/1.4/commons-text-1.4.jar:/home/user/.m2/repository/org/apache/avro/avro/1.7.7/avro-1.7.7.jar:/home/user/.m2/repository/com/thoughtworks/paranamer/paranamer/2.3/paranamer-2.3.jar:/home/user/.m2/repository/org/xerial/snappy/snappy-java/1.0.5/snappy-java-1.0.5.jar:/home/user/.m2/repository/com/google/re2j/re2j/1.1/re2j-1.1.jar:/home/user/.m2/repository/com/google/code/gson/gson/2.2.4/gson-2.2.4.jar:/home/user/.m2/repository/com/jcraft/jsch/0.1.54/jsch-0.1.54.jar:/home/user/.m2/repository/org/apache/curator/curator-client/2.12.0/curator-client-2.12.0.jar:/home/user/.m2/repository/org/apache/curator/curator-recipes/2.12.0/curator-recipes-2.12.0.jar:/home/user/.m2/repository/com/google/code/findbugs/jsr305/3.0.0/jsr305-3.0.0.jar:/home/user/.m2/repository/org/apache/htrace/htrace-core4/4.1.0-incubating/htrace-core4-4.1.0-incubating.jar:/home/user/.m2/repository/org/apache/zookeeper/zookeeper/3.4.13/zookeeper-3.4.13.jar:/home/user/.m2/repository/jline/jline/0.9.94/jline-0.9.94.jar:/home/user/.m2/repository/org/apache/yetus/audience-annotations/0.5.0/audience-annotations-0.5.0.jar:/home/user/.m2/repository/org/codehaus/woodstox/stax2-api/3.1.4/stax2-api-3.1.4.jar:/home/user/.m2/repository/com/fasterxml/woodstox/woodstox-core/5.0.3/woodstox-core-5.0.3.jar:/home/user/.m2/repository/dnsjava/dnsjava/2.1.7/dnsjava-2.1.7.jar:/home/user/.m2/repository/org/apache/hadoop/hadoop-hdfs/3.2.0/hadoop-hdfs-3.2.0-tests.jar:/home/user/.m2/repository/org/eclipse/jetty/jetty-util-ajax/9.3.25.v20180904/jetty-util-ajax-9.3.25.v20180904.jar:/home/user/.m2/repository/commons-daemon/commons-daemon/1.0.13/commons-daemon-1.0.13.jar:/home/user/.m2/repository/io/netty/netty/3.10.5.Final/netty-3.10.5.Final.jar:/home/user/.m2/repository/io/netty/netty-all/4.0.52.Final/netty-all-4.0.52.Final.jar:/home/user/.m2/repository/org/fusesource/leveldbjni/leveldbjni-all/1.8/leveldbjni-all-1.8.jar:"/>
    <property name="sun.cpu.endian" value="little"/>
    <property name="user.home" value="/home/user"/>
    <property name="user.language" value="en"/>
    <property name="java.specification.vendor" value="Oracle Corporation"/>
    <property name="java.home" value="/usr/lib/jvm/java-1.8.0-openjdk-1.8.0.222.b10-1.el7_7.x86_64/jre"/>
    <property name="surefire.excludesFile" value="/tools/ozone-bad-unit-tests"/>
    <property name="java.security.krb5.conf" value="/workdir/hadoop-ozone/integration-test/target/test-classes/krb5.conf"/>
    <property name="basedir" value="/workdir/hadoop-ozone/integration-test"/>
    <property name="file.separator" value="/"/>
    <property name="line.separator" value="&#10;"/>
    <property name="java.vm.specification.vendor" value="Oracle Corporation"/>
    <property name="java.specification.name" value="Java Platform API Specification"/>
    <property name="java.awt.graphicsenv" value="sun.awt.X11GraphicsEnvironment"/>
    <property name="surefire.real.class.path" value="/workdir/hadoop-ozone/integration-test/target/surefire/surefirebooter5871854784252547656.jar"/>
    <property name="hadoop.log.dir" value="/workdir/hadoop-ozone/integration-test/target/log"/>
    <property name="sun.boot.class.path" value="/usr/lib/jvm/java-1.8.0-openjdk-1.8.0.222.b10-1.el7_7.x86_64/jre/lib/resources.jar:/usr/lib/jvm/java-1.8.0-openjdk-1.8.0.222.b10-1.el7_7.x86_64/jre/lib/rt.jar:/usr/lib/jvm/java-1.8.0-openjdk-1.8.0.222.b10-1.el7_7.x86_64/jre/lib/sunrsasign.jar:/usr/lib/jvm/java-1.8.0-openjdk-1.8.0.222.b10-1.el7_7.x86_64/jre/lib/jsse.jar:/usr/lib/jvm/java-1.8.0-openjdk-1.8.0.222.b10-1.el7_7.x86_64/jre/lib/jce.jar:/usr/lib/jvm/java-1.8.0-openjdk-1.8.0.222.b10-1.el7_7.x86_64/jre/lib/charsets.jar:/usr/lib/jvm/java-1.8.0-openjdk-1.8.0.222.b10-1.el7_7.x86_64/jre/lib/jfr.jar:/usr/lib/jvm/java-1.8.0-openjdk-1.8.0.222.b10-1.el7_7.x86_64/jre/classes"/>
    <property name="sun.management.compiler" value="HotSpot 64-Bit Tiered Compilers"/>
    <property name="java.runtime.version" value="1.8.0_222-b10"/>
    <property name="java.net.preferIPv4Stack" value="true"/>
    <property name="user.name" value="jenkins1000"/>
    <property name="path.separator" value=":"/>
    <property name="java.security.egd" value="file:///dev/urandom"/>
    <property name="os.version" value="3.10.0-957.12.2.el7.x86_64"/>
    <property name="java.endorsed.dirs" value="/usr/lib/jvm/java-1.8.0-openjdk-1.8.0.222.b10-1.el7_7.x86_64/jre/lib/endorsed"/>
    <property name="java.runtime.name" value="OpenJDK Runtime Environment"/>
    <property name="file.encoding" value="ANSI_X3.4-1968"/>
    <property name="java.vm.name" value="OpenJDK 64-Bit Server VM"/>
    <property name="test.build.webapps" value=""/>
    <property name="localRepository" value="/home/user/.m2/repository"/>
    <property name="java.vendor.url.bug" value="http://bugreport.sun.com/bugreport/"/>
    <property name="java.io.tmpdir" value="/tmp"/>
    <property name="require.test.libhadoop" value=""/>
    <property name="java.version" value="1.8.0_222"/>
    <property name="user.dir" value="/workdir/hadoop-ozone/integration-test"/>
    <property name="os.arch" value="amd64"/>
    <property name="java.vm.specification.name" value="Java Virtual Machine Specification"/>
    <property name="test.build.classes" value="/workdir/hadoop-ozone/integration-test/target/test-classes"/>
    <property name="java.awt.printerjob" value="sun.print.PSPrinterJob"/>
    <property name="sun.os.patch.level" value="unknown"/>
    <property name="hadoop.tmp.dir" value="/workdir/hadoop-ozone/integration-test/target/tmp"/>
    <property name="java.library.path" value="/usr/lib:/workdir/hadoop-ozone/integration-test/target/native/target/usr/local/lib:/workdir/hadoop-ozone/integration-test/../../hadoop-common-project/hadoop-common/target/native/target/usr/local/lib:/usr/java/packages/lib/amd64:/usr/lib64:/lib64:/lib:/usr/lib"/>
    <property name="java.vm.info" value="mixed mode"/>
    <property name="java.vendor" value="Oracle Corporation"/>
    <property name="java.vm.version" value="25.222-b10"/>
    <property name="java.ext.dirs" value="/usr/lib/jvm/java-1.8.0-openjdk-1.8.0.222.b10-1.el7_7.x86_64/jre/lib/ext:/usr/java/packages/lib/ext"/>
    <property name="sun.io.unicode.encoding" value="UnicodeLittle"/>
    <property name="java.class.version" value="52.0"/>
  </properties>
  <testcase name="testBlockWriteViaRatis" classname="org.apache.hadoop.ozone.client.rpc.TestCloseContainerHandlingByClient" time="3.34">
    <error type="java.lang.NullPointerException">java.lang.NullPointerException
	at org.apache.hadoop.ozone.om.KeyManagerImpl.refreshPipeline(KeyManagerImpl.java:689)
	at org.apache.hadoop.ozone.om.KeyManagerImpl.lookupKey(KeyManagerImpl.java:651)
	at org.apache.hadoop.ozone.om.OzoneManager.lookupKey(OzoneManager.java:2149)
	at org.apache.hadoop.ozone.client.rpc.TestCloseContainerHandlingByClient.testBlockWriteViaRatis(TestCloseContainerHandlingByClient.java:429)
	at sun.reflect.NativeMethodAccessorImpl.invoke0(Native Method)
	at sun.reflect.NativeMethodAccessorImpl.invoke(NativeMethodAccessorImpl.java:62)
	at sun.reflect.DelegatingMethodAccessorImpl.invoke(DelegatingMethodAccessorImpl.java:43)
	at java.lang.reflect.Method.invoke(Method.java:498)
	at org.junit.runners.model.FrameworkMethod$1.runReflectiveCall(FrameworkMethod.java:47)
	at org.junit.internal.runners.model.ReflectiveCallable.run(ReflectiveCallable.java:12)
	at org.junit.runners.model.FrameworkMethod.invokeExplosively(FrameworkMethod.java:44)
	at org.junit.internal.runners.statements.InvokeMethod.evaluate(InvokeMethod.java:17)
	at org.junit.runners.ParentRunner.runLeaf(ParentRunner.java:271)
	at org.junit.runners.BlockJUnit4ClassRunner.runChild(BlockJUnit4ClassRunner.java:70)
	at org.junit.runners.BlockJUnit4ClassRunner.runChild(BlockJUnit4ClassRunner.java:50)
	at org.junit.runners.ParentRunner$3.run(ParentRunner.java:238)
	at org.junit.runners.ParentRunner$1.schedule(ParentRunner.java:63)
	at org.junit.runners.ParentRunner.runChildren(ParentRunner.java:236)
	at org.junit.runners.ParentRunner.access$000(ParentRunner.java:53)
	at org.junit.runners.ParentRunner$2.evaluate(ParentRunner.java:229)
	at org.junit.internal.runners.statements.RunBefores.evaluate(RunBefores.java:26)
	at org.junit.internal.runners.statements.RunAfters.evaluate(RunAfters.java:27)
	at org.junit.runners.ParentRunner.run(ParentRunner.java:309)
	at org.apache.maven.surefire.junit4.JUnit4Provider.execute(JUnit4Provider.java:365)
	at org.apache.maven.surefire.junit4.JUnit4Provider.executeWithRerun(JUnit4Provider.java:273)
	at org.apache.maven.surefire.junit4.JUnit4Provider.executeTestSet(JUnit4Provider.java:238)
	at org.apache.maven.surefire.junit4.JUnit4Provider.invoke(JUnit4Provider.java:159)
	at org.apache.maven.surefire.booter.ForkedBooter.invokeProviderInSameClassLoader(ForkedBooter.java:384)
	at org.apache.maven.surefire.booter.ForkedBooter.runSuitesInProcess(ForkedBooter.java:345)
	at org.apache.maven.surefire.booter.ForkedBooter.execute(ForkedBooter.java:126)
	at org.apache.maven.surefire.booter.ForkedBooter.main(ForkedBooter.java:418)
</error>
    <system-out><![CDATA[2019-11-19 00:06:37,277 [main] WARN  server.ServerUtils (ServerUtils.java:getScmDbDir(145)) - ozone.scm.db.dirs is not configured. We recommend adding this setting. Falling back to ozone.metadata.dirs instead.
2019-11-19 00:06:37,379 [main] WARN  server.ServerUtils (ServerUtils.java:getScmDbDir(145)) - ozone.scm.db.dirs is not configured. We recommend adding this setting. Falling back to ozone.metadata.dirs instead.
2019-11-19 00:06:37,381 [main] WARN  server.ServerUtils (ServerUtils.java:getScmDbDir(145)) - ozone.scm.db.dirs is not configured. We recommend adding this setting. Falling back to ozone.metadata.dirs instead.
2019-11-19 00:06:37,402 [main] INFO  util.log (Log.java:initialized(192)) - Logging initialized @842ms
2019-11-19 00:06:37,477 [main] INFO  db.DBStoreBuilder (DBStoreBuilder.java:addTable(127)) - using custom profile for table: deletedBlocks
2019-11-19 00:06:37,478 [main] INFO  db.DBStoreBuilder (DBStoreBuilder.java:processTables(183)) - Using default column profile:DBProfile.DISK for Table:deletedBlocks
2019-11-19 00:06:37,478 [main] INFO  db.DBStoreBuilder (DBStoreBuilder.java:addTable(127)) - using custom profile for table: validCerts
2019-11-19 00:06:37,478 [main] INFO  db.DBStoreBuilder (DBStoreBuilder.java:processTables(183)) - Using default column profile:DBProfile.DISK for Table:validCerts
2019-11-19 00:06:37,479 [main] INFO  db.DBStoreBuilder (DBStoreBuilder.java:addTable(127)) - using custom profile for table: revokedCerts
2019-11-19 00:06:37,479 [main] INFO  db.DBStoreBuilder (DBStoreBuilder.java:processTables(183)) - Using default column profile:DBProfile.DISK for Table:revokedCerts
2019-11-19 00:06:37,491 [main] INFO  db.DBStoreBuilder (DBStoreBuilder.java:addTable(127)) - using custom profile for table: default
2019-11-19 00:06:37,491 [main] INFO  db.DBStoreBuilder (DBStoreBuilder.java:processTables(189)) - Using default column profile:DBProfile.DISK for Table:default
2019-11-19 00:06:37,493 [main] INFO  db.DBStoreBuilder (DBStoreBuilder.java:getDbProfile(220)) - Using default options. DBProfile.DISK
2019-11-19 00:06:37,836 [main] INFO  net.NodeSchemaLoader (NodeSchemaLoader.java:loadSchemaFromFile(125)) - Loading file from sun.misc.CompoundEnumeration@78691363
2019-11-19 00:06:37,838 [main] INFO  net.NodeSchemaLoader (NodeSchemaLoader.java:loadSchema(171)) - Loading network topology layer schema file
2019-11-19 00:06:37,922 [main] INFO  node.SCMNodeManager (SCMNodeManager.java:<init>(116)) - Entering startup safe mode.
2019-11-19 00:06:37,988 [main] INFO  algorithms.ContainerPlacementPolicyFactory (ContainerPlacementPolicyFactory.java:getPolicy(57)) - Create container placement policy of type org.apache.hadoop.hdds.scm.container.placement.algorithms.SCMContainerPlacementRandom
2019-11-19 00:06:38,001 [main] WARN  server.ServerUtils (ServerUtils.java:getScmDbDir(145)) - ozone.scm.db.dirs is not configured. We recommend adding this setting. Falling back to ozone.metadata.dirs instead.
2019-11-19 00:06:38,116 [main] INFO  pipeline.SCMPipelineManager (SCMPipelineManager.java:initializePipelineState(136)) - No pipeline exists in current db
2019-11-19 00:06:38,120 [main] WARN  server.ServerUtils (ServerUtils.java:getScmDbDir(145)) - ozone.scm.db.dirs is not configured. We recommend adding this setting. Falling back to ozone.metadata.dirs instead.
2019-11-19 00:06:38,264 [main] INFO  safemode.HealthyPipelineSafeModeRule (HealthyPipelineSafeModeRule.java:<init>(92)) -  Total pipeline count is 0, healthy pipeline threshold count is 1
2019-11-19 00:06:38,268 [main] INFO  safemode.OneReplicaPipelineSafeModeRule (OneReplicaPipelineSafeModeRule.java:<init>(79)) - Total pipeline count is 0, pipeline's with at least one datanode reported threshold count is 0
2019-11-19 00:06:38,269 [main] WARN  events.EventQueue (EventQueue.java:fireEvent(183)) - No event handler registered for event TypedEvent{payloadType=SafeModeStatus, name='SafeModeStatus'}
2019-11-19 00:06:38,599 [main] INFO  ipc.CallQueueManager (CallQueueManager.java:<init>(84)) - Using callQueue: class java.util.concurrent.LinkedBlockingQueue, queueCapacity: 2000, scheduler: class org.apache.hadoop.ipc.DefaultRpcScheduler, ipcBackoff: false.
2019-11-19 00:06:38,706 [Socket Reader #1 for port 38291] INFO  ipc.Server (Server.java:run(1074)) - Starting Socket Reader #1 for port 38291
2019-11-19 00:06:38,729 [main] INFO  ipc.CallQueueManager (CallQueueManager.java:<init>(84)) - Using callQueue: class java.util.concurrent.LinkedBlockingQueue, queueCapacity: 2000, scheduler: class org.apache.hadoop.ipc.DefaultRpcScheduler, ipcBackoff: false.
2019-11-19 00:06:38,730 [Socket Reader #1 for port 43153] INFO  ipc.Server (Server.java:run(1074)) - Starting Socket Reader #1 for port 43153
2019-11-19 00:06:38,736 [main] INFO  ipc.CallQueueManager (CallQueueManager.java:<init>(84)) - Using callQueue: class java.util.concurrent.LinkedBlockingQueue, queueCapacity: 2000, scheduler: class org.apache.hadoop.ipc.DefaultRpcScheduler, ipcBackoff: false.
2019-11-19 00:06:38,737 [Socket Reader #1 for port 40020] INFO  ipc.Server (Server.java:run(1074)) - Starting Socket Reader #1 for port 40020
2019-11-19 00:06:38,756 [main] INFO  hdfs.DFSUtil (DFSUtil.java:httpServerTemplateForNNAndJN(1641)) - Starting Web-server for scm at: http://0.0.0.0:0
2019-11-19 00:06:38,912 [main] INFO  server.AuthenticationFilter (AuthenticationFilter.java:constructSecretProvider(240)) - Unable to initialize FileSignerSecretProvider, falling back to use random secrets.
2019-11-19 00:06:38,921 [main] WARN  http.HttpRequestLog (HttpRequestLog.java:getRequestLog(97)) - Jetty request log can only be enabled using Log4j
2019-11-19 00:06:38,929 [main] INFO  http.HttpServer2 (HttpServer2.java:addGlobalFilter(975)) - Added global filter 'safety' (class=org.apache.hadoop.http.HttpServer2$QuotingInputFilter)
2019-11-19 00:06:38,932 [main] INFO  http.HttpServer2 (HttpServer2.java:addFilter(948)) - Added filter static_user_filter (class=org.apache.hadoop.http.lib.StaticUserWebFilter$StaticUserFilter) to context scm
2019-11-19 00:06:38,932 [main] INFO  http.HttpServer2 (HttpServer2.java:addFilter(958)) - Added filter static_user_filter (class=org.apache.hadoop.http.lib.StaticUserWebFilter$StaticUserFilter) to context static
2019-11-19 00:06:38,932 [main] INFO  http.HttpServer2 (HttpServer2.java:addFilter(958)) - Added filter static_user_filter (class=org.apache.hadoop.http.lib.StaticUserWebFilter$StaticUserFilter) to context logs
2019-11-19 00:06:38,961 [main] INFO  server.StorageContainerManager (StorageContainerManager.java:start(765)) - StorageContainerLocationProtocol RPC server is listening at /0.0.0.0:40020
2019-11-19 00:06:39,017 [main] WARN  impl.MetricsConfig (MetricsConfig.java:loadFirst(134)) - Cannot locate configuration: tried hadoop-metrics2-storagecontainermanager.properties,hadoop-metrics2.properties
2019-11-19 00:06:39,028 [main] INFO  impl.MetricsSystemImpl (MetricsSystemImpl.java:startTimer(374)) - Scheduled Metric snapshot period at 10 second(s).
2019-11-19 00:06:39,028 [main] INFO  impl.MetricsSystemImpl (MetricsSystemImpl.java:start(191)) - StorageContainerManager metrics system started
2019-11-19 00:06:39,273 [main] INFO  server.SCMClientProtocolServer (SCMClientProtocolServer.java:start(160)) - RPC server for Client  is listening at /0.0.0.0:40020
2019-11-19 00:06:39,273 [IPC Server Responder] INFO  ipc.Server (Server.java:run(1314)) - IPC Server Responder: starting
2019-11-19 00:06:39,274 [IPC Server listener on 40020] INFO  ipc.Server (Server.java:run(1153)) - IPC Server listener on 40020: starting
2019-11-19 00:06:39,277 [main] INFO  server.StorageContainerManager (StorageContainerManager.java:start(775)) - ScmBlockLocationProtocol RPC server is listening at /0.0.0.0:43153
2019-11-19 00:06:39,277 [main] INFO  server.SCMBlockProtocolServer (SCMBlockProtocolServer.java:start(146)) - RPC server for Block Protocol is listening at /0.0.0.0:43153
2019-11-19 00:06:39,278 [IPC Server Responder] INFO  ipc.Server (Server.java:run(1314)) - IPC Server Responder: starting
2019-11-19 00:06:39,278 [IPC Server listener on 43153] INFO  ipc.Server (Server.java:run(1153)) - IPC Server listener on 43153: starting
2019-11-19 00:06:39,280 [main] INFO  server.StorageContainerManager (StorageContainerManager.java:start(779)) - ScmDatanodeProtocl RPC server is listening at /0.0.0.0:38291
2019-11-19 00:06:39,280 [main] INFO  server.SCMDatanodeProtocolServer (SCMDatanodeProtocolServer.java:start(177)) - RPC server for DataNodes is listening at /0.0.0.0:38291
2019-11-19 00:06:39,281 [IPC Server Responder] INFO  ipc.Server (Server.java:run(1314)) - IPC Server Responder: starting
2019-11-19 00:06:39,281 [IPC Server listener on 38291] INFO  ipc.Server (Server.java:run(1153)) - IPC Server listener on 38291: starting
2019-11-19 00:06:39,285 [main] INFO  http.HttpServer2 (HttpServer2.java:bindListener(1191)) - Jetty bound to port 45629
2019-11-19 00:06:39,286 [main] INFO  server.Server (Server.java:doStart(351)) - jetty-9.3.25.v20180904, build timestamp: 2018-09-04T21:11:46Z, git hash: 3ce520221d0240229c862b122d2b06c12a625732
2019-11-19 00:06:39,325 [main] INFO  handler.ContextHandler (ContextHandler.java:doStart(781)) - Started o.e.j.s.ServletContextHandler@77a7cf58{/logs,file:///workdir/hadoop-ozone/integration-test/target/log,AVAILABLE}
2019-11-19 00:06:39,326 [main] INFO  handler.ContextHandler (ContextHandler.java:doStart(781)) - Started o.e.j.s.ServletContextHandler@616fe72b{/static,file:///workdir/hadoop-ozone/integration-test/target/test-classes/webapps/static,AVAILABLE}
2019-11-19 00:06:39,357 [main] INFO  handler.ContextHandler (ContextHandler.java:doStart(781)) - Started o.e.j.w.WebAppContext@6970140a{/,file:///workdir/hadoop-ozone/integration-test/target/test-classes/webapps/scm/,AVAILABLE}{/scm}
2019-11-19 00:06:39,363 [main] INFO  server.AbstractConnector (AbstractConnector.java:doStart(278)) - Started ServerConnector@1c32886a{HTTP/1.1,[http/1.1]}{0.0.0.0:45629}
2019-11-19 00:06:39,363 [main] INFO  server.Server (Server.java:doStart(419)) - Started @2803ms
2019-11-19 00:06:39,365 [main] INFO  impl.MetricsSinkAdapter (MetricsSinkAdapter.java:start(204)) - Sink prometheus started
2019-11-19 00:06:39,365 [main] INFO  impl.MetricsSystemImpl (MetricsSystemImpl.java:registerSink(301)) - Registered sink prometheus
2019-11-19 00:06:39,367 [main] INFO  server.BaseHttpServer (BaseHttpServer.java:updateConnectorAddress(215)) - HTTP server of SCM is listening at http://0.0.0.0:45629
2019-11-19 00:06:39,375 [org.apache.hadoop.util.JvmPauseMonitor$Monitor@62d363ab] INFO  util.JvmPauseMonitor (JvmPauseMonitor.java:run(188)) - Starting JVM pause monitor
2019-11-19 00:06:39,380 [main] WARN  server.ServerUtils (ServerUtils.java:getDBPath(222)) - ozone.om.db.dirs is not configured. We recommend adding this setting. Falling back to ozone.metadata.dirs instead.
2019-11-19 00:06:39,503 [main] INFO  ha.OMHANodeDetails (OMHANodeDetails.java:loadOMHAConfig(190)) - Configuration either no ozone.om.address set. Falling back to the default OM address /127.0.0.1:0
2019-11-19 00:06:39,503 [main] INFO  ha.OMHANodeDetails (OMHANodeDetails.java:getOMNodeDetails(220)) - OM Service ID is not set. Setting it to the default ID: omServiceIdDefault
2019-11-19 00:06:39,505 [main] WARN  server.ServerUtils (ServerUtils.java:getDBPath(222)) - ozone.om.db.dirs is not configured. We recommend adding this setting. Falling back to ozone.metadata.dirs instead.
2019-11-19 00:06:39,506 [main] WARN  server.ServerUtils (ServerUtils.java:getDBPath(222)) - ozone.om.db.dirs is not configured. We recommend adding this setting. Falling back to ozone.metadata.dirs instead.
2019-11-19 00:06:40,091 [main] WARN  server.ServerUtils (ServerUtils.java:getDBPath(222)) - ozone.om.db.dirs is not configured. We recommend adding this setting. Falling back to ozone.metadata.dirs instead.
2019-11-19 00:06:40,099 [main] INFO  db.DBStoreBuilder (DBStoreBuilder.java:addTable(127)) - using custom profile for table: userTable
2019-11-19 00:06:40,099 [main] INFO  db.DBStoreBuilder (DBStoreBuilder.java:processTables(183)) - Using default column profile:DBProfile.DISK for Table:userTable
2019-11-19 00:06:40,100 [main] INFO  db.DBStoreBuilder (DBStoreBuilder.java:addTable(127)) - using custom profile for table: volumeTable
2019-11-19 00:06:40,100 [main] INFO  db.DBStoreBuilder (DBStoreBuilder.java:processTables(183)) - Using default column profile:DBProfile.DISK for Table:volumeTable
2019-11-19 00:06:40,100 [main] INFO  db.DBStoreBuilder (DBStoreBuilder.java:addTable(127)) - using custom profile for table: bucketTable
2019-11-19 00:06:40,100 [main] INFO  db.DBStoreBuilder (DBStoreBuilder.java:processTables(183)) - Using default column profile:DBProfile.DISK for Table:bucketTable
2019-11-19 00:06:40,101 [main] INFO  db.DBStoreBuilder (DBStoreBuilder.java:addTable(127)) - using custom profile for table: keyTable
2019-11-19 00:06:40,101 [main] INFO  db.DBStoreBuilder (DBStoreBuilder.java:processTables(183)) - Using default column profile:DBProfile.DISK for Table:keyTable
2019-11-19 00:06:40,101 [main] INFO  db.DBStoreBuilder (DBStoreBuilder.java:addTable(127)) - using custom profile for table: deletedTable
2019-11-19 00:06:40,101 [main] INFO  db.DBStoreBuilder (DBStoreBuilder.java:processTables(183)) - Using default column profile:DBProfile.DISK for Table:deletedTable
2019-11-19 00:06:40,101 [main] INFO  db.DBStoreBuilder (DBStoreBuilder.java:addTable(127)) - using custom profile for table: openKeyTable
2019-11-19 00:06:40,102 [main] INFO  db.DBStoreBuilder (DBStoreBuilder.java:processTables(183)) - Using default column profile:DBProfile.DISK for Table:openKeyTable
2019-11-19 00:06:40,102 [main] INFO  db.DBStoreBuilder (DBStoreBuilder.java:addTable(127)) - using custom profile for table: s3Table
2019-11-19 00:06:40,102 [main] INFO  db.DBStoreBuilder (DBStoreBuilder.java:processTables(183)) - Using default column profile:DBProfile.DISK for Table:s3Table
2019-11-19 00:06:40,102 [main] INFO  db.DBStoreBuilder (DBStoreBuilder.java:addTable(127)) - using custom profile for table: multipartInfoTable
2019-11-19 00:06:40,103 [main] INFO  db.DBStoreBuilder (DBStoreBuilder.java:processTables(183)) - Using default column profile:DBProfile.DISK for Table:multipartInfoTable
2019-11-19 00:06:40,103 [main] INFO  db.DBStoreBuilder (DBStoreBuilder.java:addTable(127)) - using custom profile for table: dTokenTable
2019-11-19 00:06:40,103 [main] INFO  db.DBStoreBuilder (DBStoreBuilder.java:processTables(183)) - Using default column profile:DBProfile.DISK for Table:dTokenTable
2019-11-19 00:06:40,103 [main] INFO  db.DBStoreBuilder (DBStoreBuilder.java:addTable(127)) - using custom profile for table: s3SecretTable
2019-11-19 00:06:40,104 [main] INFO  db.DBStoreBuilder (DBStoreBuilder.java:processTables(183)) - Using default column profile:DBProfile.DISK for Table:s3SecretTable
2019-11-19 00:06:40,104 [main] INFO  db.DBStoreBuilder (DBStoreBuilder.java:addTable(127)) - using custom profile for table: prefixTable
2019-11-19 00:06:40,104 [main] INFO  db.DBStoreBuilder (DBStoreBuilder.java:processTables(183)) - Using default column profile:DBProfile.DISK for Table:prefixTable
2019-11-19 00:06:40,104 [main] INFO  db.DBStoreBuilder (DBStoreBuilder.java:addTable(127)) - using custom profile for table: default
2019-11-19 00:06:40,105 [main] INFO  db.DBStoreBuilder (DBStoreBuilder.java:processTables(189)) - Using default column profile:DBProfile.DISK for Table:default
2019-11-19 00:06:40,105 [main] INFO  db.DBStoreBuilder (DBStoreBuilder.java:getDbProfile(220)) - Using default options. DBProfile.DISK
2019-11-19 00:06:40,744 [main] INFO  ipc.CallQueueManager (CallQueueManager.java:<init>(84)) - Using callQueue: class java.util.concurrent.LinkedBlockingQueue, queueCapacity: 2000, scheduler: class org.apache.hadoop.ipc.DefaultRpcScheduler, ipcBackoff: false.
2019-11-19 00:06:40,745 [Socket Reader #1 for port 35802] INFO  ipc.Server (Server.java:run(1074)) - Starting Socket Reader #1 for port 35802
2019-11-19 00:06:40,772 [main] INFO  om.OzoneManager (OzoneManager.java:start(1077)) - OzoneManager RPC server is listening at localhost/127.0.0.1:35802
2019-11-19 00:06:40,772 [main] INFO  impl.MetricsSystemImpl (MetricsSystemImpl.java:init(158)) - OzoneManager metrics system started (again)
2019-11-19 00:06:40,782 [IPC Server Responder] INFO  ipc.Server (Server.java:run(1314)) - IPC Server Responder: starting
2019-11-19 00:06:40,782 [IPC Server listener on 35802] INFO  ipc.Server (Server.java:run(1153)) - IPC Server listener on 35802: starting
2019-11-19 00:06:40,790 [main] INFO  hdfs.DFSUtil (DFSUtil.java:httpServerTemplateForNNAndJN(1641)) - Starting Web-server for ozoneManager at: http://0.0.0.0:0
2019-11-19 00:06:40,794 [main] INFO  server.AuthenticationFilter (AuthenticationFilter.java:constructSecretProvider(240)) - Unable to initialize FileSignerSecretProvider, falling back to use random secrets.
2019-11-19 00:06:40,795 [main] WARN  http.HttpRequestLog (HttpRequestLog.java:getRequestLog(97)) - Jetty request log can only be enabled using Log4j
2019-11-19 00:06:40,799 [main] INFO  http.HttpServer2 (HttpServer2.java:addGlobalFilter(975)) - Added global filter 'safety' (class=org.apache.hadoop.http.HttpServer2$QuotingInputFilter)
2019-11-19 00:06:40,801 [main] INFO  http.HttpServer2 (HttpServer2.java:addFilter(948)) - Added filter static_user_filter (class=org.apache.hadoop.http.lib.StaticUserWebFilter$StaticUserFilter) to context ozoneManager
2019-11-19 00:06:40,801 [main] INFO  http.HttpServer2 (HttpServer2.java:addFilter(958)) - Added filter static_user_filter (class=org.apache.hadoop.http.lib.StaticUserWebFilter$StaticUserFilter) to context logs
2019-11-19 00:06:40,801 [main] INFO  http.HttpServer2 (HttpServer2.java:addFilter(958)) - Added filter static_user_filter (class=org.apache.hadoop.http.lib.StaticUserWebFilter$StaticUserFilter) to context static
2019-11-19 00:06:40,804 [main] INFO  http.HttpServer2 (HttpServer2.java:bindListener(1191)) - Jetty bound to port 37412
2019-11-19 00:06:40,805 [main] INFO  server.Server (Server.java:doStart(351)) - jetty-9.3.25.v20180904, build timestamp: 2018-09-04T21:11:46Z, git hash: 3ce520221d0240229c862b122d2b06c12a625732
2019-11-19 00:06:40,807 [main] INFO  handler.ContextHandler (ContextHandler.java:doStart(781)) - Started o.e.j.s.ServletContextHandler@12a160c2{/logs,file:///workdir/hadoop-ozone/integration-test/target/log,AVAILABLE}
2019-11-19 00:06:40,808 [main] INFO  handler.ContextHandler (ContextHandler.java:doStart(781)) - Started o.e.j.s.ServletContextHandler@6b3871d6{/static,file:///workdir/hadoop-ozone/integration-test/target/test-classes/webapps/static,AVAILABLE}
2019-11-19 00:06:40,816 [main] INFO  handler.ContextHandler (ContextHandler.java:doStart(781)) - Started o.e.j.w.WebAppContext@303a5119{/,file:///workdir/hadoop-ozone/integration-test/target/test-classes/webapps/ozoneManager/,AVAILABLE}{/ozoneManager}
2019-11-19 00:06:40,817 [main] INFO  server.AbstractConnector (AbstractConnector.java:doStart(278)) - Started ServerConnector@75b3673{HTTP/1.1,[http/1.1]}{0.0.0.0:37412}
2019-11-19 00:06:40,817 [main] INFO  server.Server (Server.java:doStart(419)) - Started @4257ms
2019-11-19 00:06:40,818 [main] WARN  impl.MetricsSystemImpl (MetricsSystemImpl.java:register(276)) - Sink prometheus already exists!
2019-11-19 00:06:40,819 [main] INFO  server.BaseHttpServer (BaseHttpServer.java:updateConnectorAddress(215)) - HTTP server of OZONEMANAGER is listening at http://0.0.0.0:37412
2019-11-19 00:06:41,088 [main] INFO  impl.MetricsSystemImpl (MetricsSystemImpl.java:init(158)) - HddsDatanode metrics system started (again)
2019-11-19 00:06:41,129 [main] INFO  ozone.HddsDatanodeService (HddsDatanodeService.java:start(186)) - HddsDatanodeService host:pr-hdds-2241-master-j9rj8-2432081592 ip:192.168.157.213
2019-11-19 00:06:41,159 [main] INFO  volume.HddsVolume (HddsVolume.java:<init>(176)) - Creating Volume: /workdir/hadoop-ozone/integration-test/target/test-dir/MiniOzoneClusterImpl-e12fca27-2987-495d-949a-a359bcbd3d99/datanode-0/data/containers/hdds of  storage type : DISK and capacity : 1482555576320
2019-11-19 00:06:41,161 [main] INFO  volume.VolumeSet (VolumeSet.java:initializeVolumeSet(170)) - Added Volume : /workdir/hadoop-ozone/integration-test/target/test-dir/MiniOzoneClusterImpl-e12fca27-2987-495d-949a-a359bcbd3d99/datanode-0/data/containers/hdds to VolumeSet
2019-11-19 00:06:41,164 [main] INFO  volume.ThrottledAsyncChecker (ThrottledAsyncChecker.java:schedule(141)) - Scheduling a check for /workdir/hadoop-ozone/integration-test/target/test-dir/MiniOzoneClusterImpl-e12fca27-2987-495d-949a-a359bcbd3d99/datanode-0/data/containers/hdds
2019-11-19 00:06:41,179 [main] INFO  volume.HddsVolumeChecker (HddsVolumeChecker.java:checkAllVolumes(204)) - Scheduled health check for volume /workdir/hadoop-ozone/integration-test/target/test-dir/MiniOzoneClusterImpl-e12fca27-2987-495d-949a-a359bcbd3d99/datanode-0/data/containers/hdds
2019-11-19 00:06:41,275 [main] INFO  impl.RaftServerProxy (ConfUtils.java:logGet(43)) - raft.rpc.type = GRPC (default)
2019-11-19 00:06:41,334 [main] INFO  grpc.GrpcFactory (GrpcFactory.java:checkPooledByteBufAllocatorUseCacheForAllThreads(45)) - PERFORMANCE WARNING: useCacheForAllThreads is true that may cause Netty to create a lot garbage objects and, as a result, trigger GC.
	It is recommended to disable useCacheForAllThreads by setting -Dorg.apache.ratis.thirdparty.io.netty.allocator.useCacheForAllThreads=false in command line.
2019-11-19 00:06:41,339 [main] INFO  grpc.GrpcConfigKeys$Server (ConfUtils.java:logGet(43)) - raft.grpc.server.port = 0 (default)
2019-11-19 00:06:41,340 [main] INFO  server.GrpcService (ConfUtils.java:logGet(43)) - raft.grpc.message.size.max = 33570816 (custom)
2019-11-19 00:06:41,342 [main] INFO  server.RaftServerConfigKeys (ConfUtils.java:logGet(43)) - raft.server.log.appender.buffer.byte-limit = 33554432 (custom)
2019-11-19 00:06:41,342 [main] INFO  server.GrpcService (ConfUtils.java:logGet(43)) - raft.grpc.flow.control.window = 1MB (=1048576) (default)
2019-11-19 00:06:41,343 [main] INFO  server.RaftServerConfigKeys (ConfUtils.java:logGet(43)) - raft.server.rpc.request.timeout = 3000ms (default)
2019-11-19 00:06:41,481 [main] INFO  server.RaftServerConfigKeys (ConfUtils.java:logGet(43)) - raft.server.storage.dir = [/workdir/hadoop-ozone/integration-test/target/test-dir/MiniOzoneClusterImpl-e12fca27-2987-495d-949a-a359bcbd3d99/datanode-0/data/ratis] (custom)
2019-11-19 00:06:41,527 [main] INFO  hdfs.DFSUtil (DFSUtil.java:httpServerTemplateForNNAndJN(1641)) - Starting Web-server for hddsDatanode at: http://0.0.0.0:0
2019-11-19 00:06:41,528 [main] INFO  server.AuthenticationFilter (AuthenticationFilter.java:constructSecretProvider(240)) - Unable to initialize FileSignerSecretProvider, falling back to use random secrets.
2019-11-19 00:06:41,529 [main] WARN  http.HttpRequestLog (HttpRequestLog.java:getRequestLog(97)) - Jetty request log can only be enabled using Log4j
2019-11-19 00:06:41,530 [main] INFO  http.HttpServer2 (HttpServer2.java:addGlobalFilter(975)) - Added global filter 'safety' (class=org.apache.hadoop.http.HttpServer2$QuotingInputFilter)
2019-11-19 00:06:41,531 [main] INFO  http.HttpServer2 (HttpServer2.java:addFilter(948)) - Added filter static_user_filter (class=org.apache.hadoop.http.lib.StaticUserWebFilter$StaticUserFilter) to context hddsDatanode
2019-11-19 00:06:41,531 [main] INFO  http.HttpServer2 (HttpServer2.java:addFilter(958)) - Added filter static_user_filter (class=org.apache.hadoop.http.lib.StaticUserWebFilter$StaticUserFilter) to context static
2019-11-19 00:06:41,531 [main] INFO  http.HttpServer2 (HttpServer2.java:addFilter(958)) - Added filter static_user_filter (class=org.apache.hadoop.http.lib.StaticUserWebFilter$StaticUserFilter) to context logs
2019-11-19 00:06:41,532 [main] INFO  http.HttpServer2 (HttpServer2.java:bindListener(1191)) - Jetty bound to port 45017
2019-11-19 00:06:41,532 [main] INFO  server.Server (Server.java:doStart(351)) - jetty-9.3.25.v20180904, build timestamp: 2018-09-04T21:11:46Z, git hash: 3ce520221d0240229c862b122d2b06c12a625732
2019-11-19 00:06:41,534 [main] INFO  handler.ContextHandler (ContextHandler.java:doStart(781)) - Started o.e.j.s.ServletContextHandler@46185a1b{/logs,file:///workdir/hadoop-ozone/integration-test/target/log,AVAILABLE}
2019-11-19 00:06:41,535 [main] INFO  handler.ContextHandler (ContextHandler.java:doStart(781)) - Started o.e.j.s.ServletContextHandler@60cf62ad{/static,jar:file:/home/user/.m2/repository/org/apache/hadoop/hadoop-hdds-container-service/0.5.0-SNAPSHOT/hadoop-hdds-container-service-0.5.0-SNAPSHOT.jar!/webapps/static,AVAILABLE}
2019-11-19 00:06:41,570 [main] INFO  handler.ContextHandler (ContextHandler.java:doStart(781)) - Started o.e.j.w.WebAppContext@1aabf50d{/,file:///tmp/jetty-0.0.0.0-45017-hddsDatanode-_-any-3062412234413963663.dir/webapp/,AVAILABLE}{/hddsDatanode}
2019-11-19 00:06:41,571 [main] INFO  server.AbstractConnector (AbstractConnector.java:doStart(278)) - Started ServerConnector@73c9e8e8{HTTP/1.1,[http/1.1]}{0.0.0.0:45017}
2019-11-19 00:06:41,572 [main] INFO  server.Server (Server.java:doStart(419)) - Started @5011ms
2019-11-19 00:06:41,572 [main] WARN  impl.MetricsSystemImpl (MetricsSystemImpl.java:register(276)) - Sink prometheus already exists!
2019-11-19 00:06:41,573 [main] INFO  server.BaseHttpServer (BaseHttpServer.java:updateConnectorAddress(215)) - HTTP server of HDDSDATANODE is listening at http://0.0.0.0:45017
2019-11-19 00:06:41,574 [main] INFO  impl.MetricsSystemImpl (MetricsSystemImpl.java:init(158)) - HddsDatanode metrics system started (again)
2019-11-19 00:06:41,577 [main] INFO  ozone.HddsDatanodeService (HddsDatanodeService.java:start(186)) - HddsDatanodeService host:pr-hdds-2241-master-j9rj8-2432081592 ip:192.168.157.213
2019-11-19 00:06:41,580 [org.apache.hadoop.util.JvmPauseMonitor$Monitor@513350eb] INFO  util.JvmPauseMonitor (JvmPauseMonitor.java:run(188)) - Starting JVM pause monitor
2019-11-19 00:06:41,585 [main] INFO  volume.HddsVolume (HddsVolume.java:<init>(176)) - Creating Volume: /workdir/hadoop-ozone/integration-test/target/test-dir/MiniOzoneClusterImpl-e12fca27-2987-495d-949a-a359bcbd3d99/datanode-1/data/containers/hdds of  storage type : DISK and capacity : 1482555576320
2019-11-19 00:06:41,585 [main] INFO  volume.VolumeSet (VolumeSet.java:initializeVolumeSet(170)) - Added Volume : /workdir/hadoop-ozone/integration-test/target/test-dir/MiniOzoneClusterImpl-e12fca27-2987-495d-949a-a359bcbd3d99/datanode-1/data/containers/hdds to VolumeSet
2019-11-19 00:06:41,586 [main] INFO  volume.ThrottledAsyncChecker (ThrottledAsyncChecker.java:schedule(141)) - Scheduling a check for /workdir/hadoop-ozone/integration-test/target/test-dir/MiniOzoneClusterImpl-e12fca27-2987-495d-949a-a359bcbd3d99/datanode-1/data/containers/hdds
2019-11-19 00:06:41,586 [main] INFO  volume.HddsVolumeChecker (HddsVolumeChecker.java:checkAllVolumes(204)) - Scheduled health check for volume /workdir/hadoop-ozone/integration-test/target/test-dir/MiniOzoneClusterImpl-e12fca27-2987-495d-949a-a359bcbd3d99/datanode-1/data/containers/hdds
2019-11-19 00:06:41,602 [main] INFO  impl.RaftServerProxy (ConfUtils.java:logGet(43)) - raft.rpc.type = GRPC (default)
2019-11-19 00:06:41,602 [main] INFO  grpc.GrpcFactory (GrpcFactory.java:checkPooledByteBufAllocatorUseCacheForAllThreads(45)) - PERFORMANCE WARNING: useCacheForAllThreads is true that may cause Netty to create a lot garbage objects and, as a result, trigger GC.
	It is recommended to disable useCacheForAllThreads by setting -Dorg.apache.ratis.thirdparty.io.netty.allocator.useCacheForAllThreads=false in command line.
2019-11-19 00:06:41,602 [main] INFO  grpc.GrpcConfigKeys$Server (ConfUtils.java:logGet(43)) - raft.grpc.server.port = 0 (default)
2019-11-19 00:06:41,603 [main] INFO  server.GrpcService (ConfUtils.java:logGet(43)) - raft.grpc.message.size.max = 33570816 (custom)
2019-11-19 00:06:41,603 [main] INFO  server.RaftServerConfigKeys (ConfUtils.java:logGet(43)) - raft.server.log.appender.buffer.byte-limit = 33554432 (custom)
2019-11-19 00:06:41,603 [main] INFO  server.GrpcService (ConfUtils.java:logGet(43)) - raft.grpc.flow.control.window = 1MB (=1048576) (default)
2019-11-19 00:06:41,603 [main] INFO  server.RaftServerConfigKeys (ConfUtils.java:logGet(43)) - raft.server.rpc.request.timeout = 3000ms (default)
2019-11-19 00:06:41,604 [main] INFO  server.RaftServerConfigKeys (ConfUtils.java:logGet(43)) - raft.server.storage.dir = [/workdir/hadoop-ozone/integration-test/target/test-dir/MiniOzoneClusterImpl-e12fca27-2987-495d-949a-a359bcbd3d99/datanode-1/data/ratis] (custom)
2019-11-19 00:06:41,606 [main] INFO  hdfs.DFSUtil (DFSUtil.java:httpServerTemplateForNNAndJN(1641)) - Starting Web-server for hddsDatanode at: http://0.0.0.0:0
2019-11-19 00:06:41,607 [main] INFO  server.AuthenticationFilter (AuthenticationFilter.java:constructSecretProvider(240)) - Unable to initialize FileSignerSecretProvider, falling back to use random secrets.
2019-11-19 00:06:41,607 [main] WARN  http.HttpRequestLog (HttpRequestLog.java:getRequestLog(97)) - Jetty request log can only be enabled using Log4j
2019-11-19 00:06:41,609 [main] INFO  http.HttpServer2 (HttpServer2.java:addGlobalFilter(975)) - Added global filter 'safety' (class=org.apache.hadoop.http.HttpServer2$QuotingInputFilter)
2019-11-19 00:06:41,610 [main] INFO  http.HttpServer2 (HttpServer2.java:addFilter(948)) - Added filter static_user_filter (class=org.apache.hadoop.http.lib.StaticUserWebFilter$StaticUserFilter) to context hddsDatanode
2019-11-19 00:06:41,610 [main] INFO  http.HttpServer2 (HttpServer2.java:addFilter(958)) - Added filter static_user_filter (class=org.apache.hadoop.http.lib.StaticUserWebFilter$StaticUserFilter) to context logs
2019-11-19 00:06:41,610 [main] INFO  http.HttpServer2 (HttpServer2.java:addFilter(958)) - Added filter static_user_filter (class=org.apache.hadoop.http.lib.StaticUserWebFilter$StaticUserFilter) to context static
2019-11-19 00:06:41,611 [main] INFO  http.HttpServer2 (HttpServer2.java:bindListener(1191)) - Jetty bound to port 40414
2019-11-19 00:06:41,611 [main] INFO  server.Server (Server.java:doStart(351)) - jetty-9.3.25.v20180904, build timestamp: 2018-09-04T21:11:46Z, git hash: 3ce520221d0240229c862b122d2b06c12a625732
2019-11-19 00:06:41,614 [main] INFO  handler.ContextHandler (ContextHandler.java:doStart(781)) - Started o.e.j.s.ServletContextHandler@761e788f{/logs,file:///workdir/hadoop-ozone/integration-test/target/log,AVAILABLE}
2019-11-19 00:06:41,615 [main] INFO  handler.ContextHandler (ContextHandler.java:doStart(781)) - Started o.e.j.s.ServletContextHandler@1907874b{/static,jar:file:/home/user/.m2/repository/org/apache/hadoop/hadoop-hdds-container-service/0.5.0-SNAPSHOT/hadoop-hdds-container-service-0.5.0-SNAPSHOT.jar!/webapps/static,AVAILABLE}
2019-11-19 00:06:41,648 [main] INFO  handler.ContextHandler (ContextHandler.java:doStart(781)) - Started o.e.j.w.WebAppContext@22587507{/,file:///tmp/jetty-0.0.0.0-40414-hddsDatanode-_-any-5575566778882803826.dir/webapp/,AVAILABLE}{/hddsDatanode}
2019-11-19 00:06:41,649 [main] INFO  server.AbstractConnector (AbstractConnector.java:doStart(278)) - Started ServerConnector@5c77ba8f{HTTP/1.1,[http/1.1]}{0.0.0.0:40414}
2019-11-19 00:06:41,649 [main] INFO  server.Server (Server.java:doStart(419)) - Started @5089ms
2019-11-19 00:06:41,650 [main] WARN  impl.MetricsSystemImpl (MetricsSystemImpl.java:register(276)) - Sink prometheus already exists!
2019-11-19 00:06:41,651 [main] INFO  server.BaseHttpServer (BaseHttpServer.java:updateConnectorAddress(215)) - HTTP server of HDDSDATANODE is listening at http://0.0.0.0:40414
2019-11-19 00:06:41,652 [main] INFO  impl.MetricsSystemImpl (MetricsSystemImpl.java:init(158)) - HddsDatanode metrics system started (again)
2019-11-19 00:06:41,654 [org.apache.hadoop.util.JvmPauseMonitor$Monitor@669e6a79] INFO  util.JvmPauseMonitor (JvmPauseMonitor.java:run(188)) - Starting JVM pause monitor
2019-11-19 00:06:41,657 [main] INFO  ozone.HddsDatanodeService (HddsDatanodeService.java:start(186)) - HddsDatanodeService host:pr-hdds-2241-master-j9rj8-2432081592 ip:192.168.157.213
2019-11-19 00:06:41,666 [main] INFO  volume.HddsVolume (HddsVolume.java:<init>(176)) - Creating Volume: /workdir/hadoop-ozone/integration-test/target/test-dir/MiniOzoneClusterImpl-e12fca27-2987-495d-949a-a359bcbd3d99/datanode-2/data/containers/hdds of  storage type : DISK and capacity : 1482555576320
2019-11-19 00:06:41,666 [main] INFO  volume.VolumeSet (VolumeSet.java:initializeVolumeSet(170)) - Added Volume : /workdir/hadoop-ozone/integration-test/target/test-dir/MiniOzoneClusterImpl-e12fca27-2987-495d-949a-a359bcbd3d99/datanode-2/data/containers/hdds to VolumeSet
2019-11-19 00:06:41,667 [main] INFO  volume.ThrottledAsyncChecker (ThrottledAsyncChecker.java:schedule(141)) - Scheduling a check for /workdir/hadoop-ozone/integration-test/target/test-dir/MiniOzoneClusterImpl-e12fca27-2987-495d-949a-a359bcbd3d99/datanode-2/data/containers/hdds
2019-11-19 00:06:41,667 [main] INFO  volume.HddsVolumeChecker (HddsVolumeChecker.java:checkAllVolumes(204)) - Scheduled health check for volume /workdir/hadoop-ozone/integration-test/target/test-dir/MiniOzoneClusterImpl-e12fca27-2987-495d-949a-a359bcbd3d99/datanode-2/data/containers/hdds
2019-11-19 00:06:41,684 [main] INFO  impl.RaftServerProxy (ConfUtils.java:logGet(43)) - raft.rpc.type = GRPC (default)
2019-11-19 00:06:41,684 [main] INFO  grpc.GrpcFactory (GrpcFactory.java:checkPooledByteBufAllocatorUseCacheForAllThreads(45)) - PERFORMANCE WARNING: useCacheForAllThreads is true that may cause Netty to create a lot garbage objects and, as a result, trigger GC.
	It is recommended to disable useCacheForAllThreads by setting -Dorg.apache.ratis.thirdparty.io.netty.allocator.useCacheForAllThreads=false in command line.
2019-11-19 00:06:41,684 [main] INFO  grpc.GrpcConfigKeys$Server (ConfUtils.java:logGet(43)) - raft.grpc.server.port = 0 (default)
2019-11-19 00:06:41,684 [main] INFO  server.GrpcService (ConfUtils.java:logGet(43)) - raft.grpc.message.size.max = 33570816 (custom)
2019-11-19 00:06:41,685 [main] INFO  server.RaftServerConfigKeys (ConfUtils.java:logGet(43)) - raft.server.log.appender.buffer.byte-limit = 33554432 (custom)
2019-11-19 00:06:41,685 [main] INFO  server.GrpcService (ConfUtils.java:logGet(43)) - raft.grpc.flow.control.window = 1MB (=1048576) (default)
2019-11-19 00:06:41,685 [main] INFO  server.RaftServerConfigKeys (ConfUtils.java:logGet(43)) - raft.server.rpc.request.timeout = 3000ms (default)
2019-11-19 00:06:41,686 [main] INFO  server.RaftServerConfigKeys (ConfUtils.java:logGet(43)) - raft.server.storage.dir = [/workdir/hadoop-ozone/integration-test/target/test-dir/MiniOzoneClusterImpl-e12fca27-2987-495d-949a-a359bcbd3d99/datanode-2/data/ratis] (custom)
2019-11-19 00:06:41,688 [main] INFO  hdfs.DFSUtil (DFSUtil.java:httpServerTemplateForNNAndJN(1641)) - Starting Web-server for hddsDatanode at: http://0.0.0.0:0
2019-11-19 00:06:41,690 [main] INFO  server.AuthenticationFilter (AuthenticationFilter.java:constructSecretProvider(240)) - Unable to initialize FileSignerSecretProvider, falling back to use random secrets.
2019-11-19 00:06:41,690 [main] WARN  http.HttpRequestLog (HttpRequestLog.java:getRequestLog(97)) - Jetty request log can only be enabled using Log4j
2019-11-19 00:06:41,692 [main] INFO  http.HttpServer2 (HttpServer2.java:addGlobalFilter(975)) - Added global filter 'safety' (class=org.apache.hadoop.http.HttpServer2$QuotingInputFilter)
2019-11-19 00:06:41,693 [main] INFO  http.HttpServer2 (HttpServer2.java:addFilter(948)) - Added filter static_user_filter (class=org.apache.hadoop.http.lib.StaticUserWebFilter$StaticUserFilter) to context hddsDatanode
2019-11-19 00:06:41,693 [main] INFO  http.HttpServer2 (HttpServer2.java:addFilter(958)) - Added filter static_user_filter (class=org.apache.hadoop.http.lib.StaticUserWebFilter$StaticUserFilter) to context static
2019-11-19 00:06:41,693 [main] INFO  http.HttpServer2 (HttpServer2.java:addFilter(958)) - Added filter static_user_filter (class=org.apache.hadoop.http.lib.StaticUserWebFilter$StaticUserFilter) to context logs
2019-11-19 00:06:41,694 [main] INFO  http.HttpServer2 (HttpServer2.java:bindListener(1191)) - Jetty bound to port 41454
2019-11-19 00:06:41,694 [main] INFO  server.Server (Server.java:doStart(351)) - jetty-9.3.25.v20180904, build timestamp: 2018-09-04T21:11:46Z, git hash: 3ce520221d0240229c862b122d2b06c12a625732
2019-11-19 00:06:41,696 [main] INFO  handler.ContextHandler (ContextHandler.java:doStart(781)) - Started o.e.j.s.ServletContextHandler@6920614{/logs,file:///workdir/hadoop-ozone/integration-test/target/log,AVAILABLE}
2019-11-19 00:06:41,697 [main] INFO  handler.ContextHandler (ContextHandler.java:doStart(781)) - Started o.e.j.s.ServletContextHandler@5fa23c{/static,jar:file:/home/user/.m2/repository/org/apache/hadoop/hadoop-hdds-container-service/0.5.0-SNAPSHOT/hadoop-hdds-container-service-0.5.0-SNAPSHOT.jar!/webapps/static,AVAILABLE}
2019-11-19 00:06:41,714 [Datanode State Machine Thread - 0] INFO  datanode.InitDatanodeState (InitDatanodeState.java:persistContainerDatanodeDetails(140)) - DatanodeDetails is persisted to /workdir/hadoop-ozone/integration-test/target/test-dir/MiniOzoneClusterImpl-e12fca27-2987-495d-949a-a359bcbd3d99/datanode-0/meta/datanode.id
2019-11-19 00:06:41,718 [Datanode State Machine Thread - 0] INFO  datanode.InitDatanodeState (InitDatanodeState.java:persistContainerDatanodeDetails(140)) - DatanodeDetails is persisted to /workdir/hadoop-ozone/integration-test/target/test-dir/MiniOzoneClusterImpl-e12fca27-2987-495d-949a-a359bcbd3d99/datanode-1/meta/datanode.id
2019-11-19 00:06:41,735 [main] INFO  handler.ContextHandler (ContextHandler.java:doStart(781)) - Started o.e.j.w.WebAppContext@7a0e7ecd{/,file:///tmp/jetty-0.0.0.0-41454-hddsDatanode-_-any-9003321175067469898.dir/webapp/,AVAILABLE}{/hddsDatanode}
2019-11-19 00:06:41,736 [main] INFO  server.AbstractConnector (AbstractConnector.java:doStart(278)) - Started ServerConnector@54e3658c{HTTP/1.1,[http/1.1]}{0.0.0.0:41454}
2019-11-19 00:06:41,736 [main] INFO  server.Server (Server.java:doStart(419)) - Started @5176ms
2019-11-19 00:06:41,737 [main] WARN  impl.MetricsSystemImpl (MetricsSystemImpl.java:register(276)) - Sink prometheus already exists!
2019-11-19 00:06:41,738 [main] INFO  server.BaseHttpServer (BaseHttpServer.java:updateConnectorAddress(215)) - HTTP server of HDDSDATANODE is listening at http://0.0.0.0:41454
2019-11-19 00:06:41,738 [main] INFO  impl.MetricsSystemImpl (MetricsSystemImpl.java:init(158)) - HddsDatanode metrics system started (again)
2019-11-19 00:06:41,741 [main] INFO  ozone.HddsDatanodeService (HddsDatanodeService.java:start(186)) - HddsDatanodeService host:pr-hdds-2241-master-j9rj8-2432081592 ip:192.168.157.213
2019-11-19 00:06:41,741 [org.apache.hadoop.util.JvmPauseMonitor$Monitor@3e70b189] INFO  util.JvmPauseMonitor (JvmPauseMonitor.java:run(188)) - Starting JVM pause monitor
2019-11-19 00:06:41,744 [Datanode State Machine Thread - 0] INFO  datanode.InitDatanodeState (InitDatanodeState.java:persistContainerDatanodeDetails(140)) - DatanodeDetails is persisted to /workdir/hadoop-ozone/integration-test/target/test-dir/MiniOzoneClusterImpl-e12fca27-2987-495d-949a-a359bcbd3d99/datanode-2/meta/datanode.id
2019-11-19 00:06:41,748 [main] INFO  volume.HddsVolume (HddsVolume.java:<init>(176)) - Creating Volume: /workdir/hadoop-ozone/integration-test/target/test-dir/MiniOzoneClusterImpl-e12fca27-2987-495d-949a-a359bcbd3d99/datanode-3/data/containers/hdds of  storage type : DISK and capacity : 1482555576320
2019-11-19 00:06:41,748 [main] INFO  volume.VolumeSet (VolumeSet.java:initializeVolumeSet(170)) - Added Volume : /workdir/hadoop-ozone/integration-test/target/test-dir/MiniOzoneClusterImpl-e12fca27-2987-495d-949a-a359bcbd3d99/datanode-3/data/containers/hdds to VolumeSet
2019-11-19 00:06:41,748 [main] INFO  volume.ThrottledAsyncChecker (ThrottledAsyncChecker.java:schedule(141)) - Scheduling a check for /workdir/hadoop-ozone/integration-test/target/test-dir/MiniOzoneClusterImpl-e12fca27-2987-495d-949a-a359bcbd3d99/datanode-3/data/containers/hdds
2019-11-19 00:06:41,749 [main] INFO  volume.HddsVolumeChecker (HddsVolumeChecker.java:checkAllVolumes(204)) - Scheduled health check for volume /workdir/hadoop-ozone/integration-test/target/test-dir/MiniOzoneClusterImpl-e12fca27-2987-495d-949a-a359bcbd3d99/datanode-3/data/containers/hdds
2019-11-19 00:06:41,761 [main] INFO  impl.RaftServerProxy (ConfUtils.java:logGet(43)) - raft.rpc.type = GRPC (default)
2019-11-19 00:06:41,762 [main] INFO  grpc.GrpcFactory (GrpcFactory.java:checkPooledByteBufAllocatorUseCacheForAllThreads(45)) - PERFORMANCE WARNING: useCacheForAllThreads is true that may cause Netty to create a lot garbage objects and, as a result, trigger GC.
	It is recommended to disable useCacheForAllThreads by setting -Dorg.apache.ratis.thirdparty.io.netty.allocator.useCacheForAllThreads=false in command line.
2019-11-19 00:06:41,762 [main] INFO  grpc.GrpcConfigKeys$Server (ConfUtils.java:logGet(43)) - raft.grpc.server.port = 0 (default)
2019-11-19 00:06:41,762 [main] INFO  server.GrpcService (ConfUtils.java:logGet(43)) - raft.grpc.message.size.max = 33570816 (custom)
2019-11-19 00:06:41,762 [main] INFO  server.RaftServerConfigKeys (ConfUtils.java:logGet(43)) - raft.server.log.appender.buffer.byte-limit = 33554432 (custom)
2019-11-19 00:06:41,762 [main] INFO  server.GrpcService (ConfUtils.java:logGet(43)) - raft.grpc.flow.control.window = 1MB (=1048576) (default)
2019-11-19 00:06:41,763 [main] INFO  server.RaftServerConfigKeys (ConfUtils.java:logGet(43)) - raft.server.rpc.request.timeout = 3000ms (default)
2019-11-19 00:06:41,763 [main] INFO  server.RaftServerConfigKeys (ConfUtils.java:logGet(43)) - raft.server.storage.dir = [/workdir/hadoop-ozone/integration-test/target/test-dir/MiniOzoneClusterImpl-e12fca27-2987-495d-949a-a359bcbd3d99/datanode-3/data/ratis] (custom)
2019-11-19 00:06:41,765 [main] INFO  hdfs.DFSUtil (DFSUtil.java:httpServerTemplateForNNAndJN(1641)) - Starting Web-server for hddsDatanode at: http://0.0.0.0:0
2019-11-19 00:06:41,766 [main] INFO  server.AuthenticationFilter (AuthenticationFilter.java:constructSecretProvider(240)) - Unable to initialize FileSignerSecretProvider, falling back to use random secrets.
2019-11-19 00:06:41,767 [main] WARN  http.HttpRequestLog (HttpRequestLog.java:getRequestLog(97)) - Jetty request log can only be enabled using Log4j
2019-11-19 00:06:41,768 [main] INFO  http.HttpServer2 (HttpServer2.java:addGlobalFilter(975)) - Added global filter 'safety' (class=org.apache.hadoop.http.HttpServer2$QuotingInputFilter)
2019-11-19 00:06:41,769 [main] INFO  http.HttpServer2 (HttpServer2.java:addFilter(948)) - Added filter static_user_filter (class=org.apache.hadoop.http.lib.StaticUserWebFilter$StaticUserFilter) to context hddsDatanode
2019-11-19 00:06:41,769 [main] INFO  http.HttpServer2 (HttpServer2.java:addFilter(958)) - Added filter static_user_filter (class=org.apache.hadoop.http.lib.StaticUserWebFilter$StaticUserFilter) to context static
2019-11-19 00:06:41,769 [main] INFO  http.HttpServer2 (HttpServer2.java:addFilter(958)) - Added filter static_user_filter (class=org.apache.hadoop.http.lib.StaticUserWebFilter$StaticUserFilter) to context logs
2019-11-19 00:06:41,770 [main] INFO  http.HttpServer2 (HttpServer2.java:bindListener(1191)) - Jetty bound to port 46351
2019-11-19 00:06:41,770 [main] INFO  server.Server (Server.java:doStart(351)) - jetty-9.3.25.v20180904, build timestamp: 2018-09-04T21:11:46Z, git hash: 3ce520221d0240229c862b122d2b06c12a625732
2019-11-19 00:06:41,773 [main] INFO  handler.ContextHandler (ContextHandler.java:doStart(781)) - Started o.e.j.s.ServletContextHandler@3dffc764{/logs,file:///workdir/hadoop-ozone/integration-test/target/log,AVAILABLE}
2019-11-19 00:06:41,774 [main] INFO  handler.ContextHandler (ContextHandler.java:doStart(781)) - Started o.e.j.s.ServletContextHandler@561b61ed{/static,jar:file:/home/user/.m2/repository/org/apache/hadoop/hadoop-hdds-container-service/0.5.0-SNAPSHOT/hadoop-hdds-container-service-0.5.0-SNAPSHOT.jar!/webapps/static,AVAILABLE}
2019-11-19 00:06:41,805 [main] INFO  handler.ContextHandler (ContextHandler.java:doStart(781)) - Started o.e.j.w.WebAppContext@3c3a0032{/,file:///tmp/jetty-0.0.0.0-46351-hddsDatanode-_-any-7632549145099852423.dir/webapp/,AVAILABLE}{/hddsDatanode}
2019-11-19 00:06:41,806 [main] INFO  server.AbstractConnector (AbstractConnector.java:doStart(278)) - Started ServerConnector@7ceb4478{HTTP/1.1,[http/1.1]}{0.0.0.0:46351}
2019-11-19 00:06:41,807 [main] INFO  server.Server (Server.java:doStart(419)) - Started @5246ms
2019-11-19 00:06:41,807 [main] WARN  impl.MetricsSystemImpl (MetricsSystemImpl.java:register(276)) - Sink prometheus already exists!
2019-11-19 00:06:41,808 [main] INFO  server.BaseHttpServer (BaseHttpServer.java:updateConnectorAddress(215)) - HTTP server of HDDSDATANODE is listening at http://0.0.0.0:46351
2019-11-19 00:06:41,809 [main] INFO  impl.MetricsSystemImpl (MetricsSystemImpl.java:init(158)) - HddsDatanode metrics system started (again)
2019-11-19 00:06:41,812 [org.apache.hadoop.util.JvmPauseMonitor$Monitor@7e00147c] INFO  util.JvmPauseMonitor (JvmPauseMonitor.java:run(188)) - Starting JVM pause monitor
2019-11-19 00:06:41,812 [main] INFO  ozone.HddsDatanodeService (HddsDatanodeService.java:start(186)) - HddsDatanodeService host:pr-hdds-2241-master-j9rj8-2432081592 ip:192.168.157.213
2019-11-19 00:06:41,814 [Datanode State Machine Thread - 0] INFO  datanode.InitDatanodeState (InitDatanodeState.java:persistContainerDatanodeDetails(140)) - DatanodeDetails is persisted to /workdir/hadoop-ozone/integration-test/target/test-dir/MiniOzoneClusterImpl-e12fca27-2987-495d-949a-a359bcbd3d99/datanode-3/meta/datanode.id
2019-11-19 00:06:41,820 [main] INFO  volume.HddsVolume (HddsVolume.java:<init>(176)) - Creating Volume: /workdir/hadoop-ozone/integration-test/target/test-dir/MiniOzoneClusterImpl-e12fca27-2987-495d-949a-a359bcbd3d99/datanode-4/data/containers/hdds of  storage type : DISK and capacity : 1482555576320
2019-11-19 00:06:41,820 [main] INFO  volume.VolumeSet (VolumeSet.java:initializeVolumeSet(170)) - Added Volume : /workdir/hadoop-ozone/integration-test/target/test-dir/MiniOzoneClusterImpl-e12fca27-2987-495d-949a-a359bcbd3d99/datanode-4/data/containers/hdds to VolumeSet
2019-11-19 00:06:41,821 [main] INFO  volume.ThrottledAsyncChecker (ThrottledAsyncChecker.java:schedule(141)) - Scheduling a check for /workdir/hadoop-ozone/integration-test/target/test-dir/MiniOzoneClusterImpl-e12fca27-2987-495d-949a-a359bcbd3d99/datanode-4/data/containers/hdds
2019-11-19 00:06:41,821 [main] INFO  volume.HddsVolumeChecker (HddsVolumeChecker.java:checkAllVolumes(204)) - Scheduled health check for volume /workdir/hadoop-ozone/integration-test/target/test-dir/MiniOzoneClusterImpl-e12fca27-2987-495d-949a-a359bcbd3d99/datanode-4/data/containers/hdds
2019-11-19 00:06:41,834 [main] INFO  impl.RaftServerProxy (ConfUtils.java:logGet(43)) - raft.rpc.type = GRPC (default)
2019-11-19 00:06:41,835 [main] INFO  grpc.GrpcFactory (GrpcFactory.java:checkPooledByteBufAllocatorUseCacheForAllThreads(45)) - PERFORMANCE WARNING: useCacheForAllThreads is true that may cause Netty to create a lot garbage objects and, as a result, trigger GC.
	It is recommended to disable useCacheForAllThreads by setting -Dorg.apache.ratis.thirdparty.io.netty.allocator.useCacheForAllThreads=false in command line.
2019-11-19 00:06:41,835 [main] INFO  grpc.GrpcConfigKeys$Server (ConfUtils.java:logGet(43)) - raft.grpc.server.port = 0 (default)
2019-11-19 00:06:41,835 [main] INFO  server.GrpcService (ConfUtils.java:logGet(43)) - raft.grpc.message.size.max = 33570816 (custom)
2019-11-19 00:06:41,835 [main] INFO  server.RaftServerConfigKeys (ConfUtils.java:logGet(43)) - raft.server.log.appender.buffer.byte-limit = 33554432 (custom)
2019-11-19 00:06:41,835 [main] INFO  server.GrpcService (ConfUtils.java:logGet(43)) - raft.grpc.flow.control.window = 1MB (=1048576) (default)
2019-11-19 00:06:41,836 [main] INFO  server.RaftServerConfigKeys (ConfUtils.java:logGet(43)) - raft.server.rpc.request.timeout = 3000ms (default)
2019-11-19 00:06:41,836 [main] INFO  server.RaftServerConfigKeys (ConfUtils.java:logGet(43)) - raft.server.storage.dir = [/workdir/hadoop-ozone/integration-test/target/test-dir/MiniOzoneClusterImpl-e12fca27-2987-495d-949a-a359bcbd3d99/datanode-4/data/ratis] (custom)
2019-11-19 00:06:41,838 [main] INFO  hdfs.DFSUtil (DFSUtil.java:httpServerTemplateForNNAndJN(1641)) - Starting Web-server for hddsDatanode at: http://0.0.0.0:0
2019-11-19 00:06:41,840 [main] INFO  server.AuthenticationFilter (AuthenticationFilter.java:constructSecretProvider(240)) - Unable to initialize FileSignerSecretProvider, falling back to use random secrets.
2019-11-19 00:06:41,841 [main] WARN  http.HttpRequestLog (HttpRequestLog.java:getRequestLog(97)) - Jetty request log can only be enabled using Log4j
2019-11-19 00:06:41,843 [main] INFO  http.HttpServer2 (HttpServer2.java:addGlobalFilter(975)) - Added global filter 'safety' (class=org.apache.hadoop.http.HttpServer2$QuotingInputFilter)
2019-11-19 00:06:41,844 [main] INFO  http.HttpServer2 (HttpServer2.java:addFilter(948)) - Added filter static_user_filter (class=org.apache.hadoop.http.lib.StaticUserWebFilter$StaticUserFilter) to context hddsDatanode
2019-11-19 00:06:41,844 [main] INFO  http.HttpServer2 (HttpServer2.java:addFilter(958)) - Added filter static_user_filter (class=org.apache.hadoop.http.lib.StaticUserWebFilter$StaticUserFilter) to context logs
2019-11-19 00:06:41,844 [main] INFO  http.HttpServer2 (HttpServer2.java:addFilter(958)) - Added filter static_user_filter (class=org.apache.hadoop.http.lib.StaticUserWebFilter$StaticUserFilter) to context static
2019-11-19 00:06:41,845 [main] INFO  http.HttpServer2 (HttpServer2.java:bindListener(1191)) - Jetty bound to port 43057
2019-11-19 00:06:41,845 [main] INFO  server.Server (Server.java:doStart(351)) - jetty-9.3.25.v20180904, build timestamp: 2018-09-04T21:11:46Z, git hash: 3ce520221d0240229c862b122d2b06c12a625732
2019-11-19 00:06:41,847 [main] INFO  handler.ContextHandler (ContextHandler.java:doStart(781)) - Started o.e.j.s.ServletContextHandler@c3edf4c{/logs,file:///workdir/hadoop-ozone/integration-test/target/log,AVAILABLE}
2019-11-19 00:06:41,847 [main] INFO  handler.ContextHandler (ContextHandler.java:doStart(781)) - Started o.e.j.s.ServletContextHandler@799ed4e8{/static,jar:file:/home/user/.m2/repository/org/apache/hadoop/hadoop-hdds-container-service/0.5.0-SNAPSHOT/hadoop-hdds-container-service-0.5.0-SNAPSHOT.jar!/webapps/static,AVAILABLE}
2019-11-19 00:06:41,880 [main] INFO  handler.ContextHandler (ContextHandler.java:doStart(781)) - Started o.e.j.w.WebAppContext@599e4d41{/,file:///tmp/jetty-0.0.0.0-43057-hddsDatanode-_-any-9050060545142817753.dir/webapp/,AVAILABLE}{/hddsDatanode}
2019-11-19 00:06:41,881 [main] INFO  server.AbstractConnector (AbstractConnector.java:doStart(278)) - Started ServerConnector@328d044f{HTTP/1.1,[http/1.1]}{0.0.0.0:43057}
2019-11-19 00:06:41,882 [main] INFO  server.Server (Server.java:doStart(419)) - Started @5322ms
2019-11-19 00:06:41,882 [main] WARN  impl.MetricsSystemImpl (MetricsSystemImpl.java:register(276)) - Sink prometheus already exists!
2019-11-19 00:06:41,883 [main] INFO  server.BaseHttpServer (BaseHttpServer.java:updateConnectorAddress(215)) - HTTP server of HDDSDATANODE is listening at http://0.0.0.0:43057
2019-11-19 00:06:41,884 [main] INFO  impl.MetricsSystemImpl (MetricsSystemImpl.java:init(158)) - HddsDatanode metrics system started (again)
2019-11-19 00:06:41,886 [org.apache.hadoop.util.JvmPauseMonitor$Monitor@155428a4] INFO  util.JvmPauseMonitor (JvmPauseMonitor.java:run(188)) - Starting JVM pause monitor
2019-11-19 00:06:41,887 [main] INFO  ozone.HddsDatanodeService (HddsDatanodeService.java:start(186)) - HddsDatanodeService host:pr-hdds-2241-master-j9rj8-2432081592 ip:192.168.157.213
2019-11-19 00:06:41,889 [Datanode State Machine Thread - 0] INFO  datanode.InitDatanodeState (InitDatanodeState.java:persistContainerDatanodeDetails(140)) - DatanodeDetails is persisted to /workdir/hadoop-ozone/integration-test/target/test-dir/MiniOzoneClusterImpl-e12fca27-2987-495d-949a-a359bcbd3d99/datanode-4/meta/datanode.id
2019-11-19 00:06:41,894 [main] INFO  volume.HddsVolume (HddsVolume.java:<init>(176)) - Creating Volume: /workdir/hadoop-ozone/integration-test/target/test-dir/MiniOzoneClusterImpl-e12fca27-2987-495d-949a-a359bcbd3d99/datanode-5/data/containers/hdds of  storage type : DISK and capacity : 1482555576320
2019-11-19 00:06:41,894 [main] INFO  volume.VolumeSet (VolumeSet.java:initializeVolumeSet(170)) - Added Volume : /workdir/hadoop-ozone/integration-test/target/test-dir/MiniOzoneClusterImpl-e12fca27-2987-495d-949a-a359bcbd3d99/datanode-5/data/containers/hdds to VolumeSet
2019-11-19 00:06:41,894 [main] INFO  volume.ThrottledAsyncChecker (ThrottledAsyncChecker.java:schedule(141)) - Scheduling a check for /workdir/hadoop-ozone/integration-test/target/test-dir/MiniOzoneClusterImpl-e12fca27-2987-495d-949a-a359bcbd3d99/datanode-5/data/containers/hdds
2019-11-19 00:06:41,895 [main] INFO  volume.HddsVolumeChecker (HddsVolumeChecker.java:checkAllVolumes(204)) - Scheduled health check for volume /workdir/hadoop-ozone/integration-test/target/test-dir/MiniOzoneClusterImpl-e12fca27-2987-495d-949a-a359bcbd3d99/datanode-5/data/containers/hdds
2019-11-19 00:06:41,907 [main] INFO  impl.RaftServerProxy (ConfUtils.java:logGet(43)) - raft.rpc.type = GRPC (default)
2019-11-19 00:06:41,907 [main] INFO  grpc.GrpcFactory (GrpcFactory.java:checkPooledByteBufAllocatorUseCacheForAllThreads(45)) - PERFORMANCE WARNING: useCacheForAllThreads is true that may cause Netty to create a lot garbage objects and, as a result, trigger GC.
	It is recommended to disable useCacheForAllThreads by setting -Dorg.apache.ratis.thirdparty.io.netty.allocator.useCacheForAllThreads=false in command line.
2019-11-19 00:06:41,907 [main] INFO  grpc.GrpcConfigKeys$Server (ConfUtils.java:logGet(43)) - raft.grpc.server.port = 0 (default)
2019-11-19 00:06:41,907 [main] INFO  server.GrpcService (ConfUtils.java:logGet(43)) - raft.grpc.message.size.max = 33570816 (custom)
2019-11-19 00:06:41,908 [main] INFO  server.RaftServerConfigKeys (ConfUtils.java:logGet(43)) - raft.server.log.appender.buffer.byte-limit = 33554432 (custom)
2019-11-19 00:06:41,908 [main] INFO  server.GrpcService (ConfUtils.java:logGet(43)) - raft.grpc.flow.control.window = 1MB (=1048576) (default)
2019-11-19 00:06:41,908 [main] INFO  server.RaftServerConfigKeys (ConfUtils.java:logGet(43)) - raft.server.rpc.request.timeout = 3000ms (default)
2019-11-19 00:06:41,908 [main] INFO  server.RaftServerConfigKeys (ConfUtils.java:logGet(43)) - raft.server.storage.dir = [/workdir/hadoop-ozone/integration-test/target/test-dir/MiniOzoneClusterImpl-e12fca27-2987-495d-949a-a359bcbd3d99/datanode-5/data/ratis] (custom)
2019-11-19 00:06:41,910 [main] INFO  hdfs.DFSUtil (DFSUtil.java:httpServerTemplateForNNAndJN(1641)) - Starting Web-server for hddsDatanode at: http://0.0.0.0:0
2019-11-19 00:06:41,911 [main] INFO  server.AuthenticationFilter (AuthenticationFilter.java:constructSecretProvider(240)) - Unable to initialize FileSignerSecretProvider, falling back to use random secrets.
2019-11-19 00:06:41,911 [main] WARN  http.HttpRequestLog (HttpRequestLog.java:getRequestLog(97)) - Jetty request log can only be enabled using Log4j
2019-11-19 00:06:41,913 [main] INFO  http.HttpServer2 (HttpServer2.java:addGlobalFilter(975)) - Added global filter 'safety' (class=org.apache.hadoop.http.HttpServer2$QuotingInputFilter)
2019-11-19 00:06:41,913 [main] INFO  http.HttpServer2 (HttpServer2.java:addFilter(948)) - Added filter static_user_filter (class=org.apache.hadoop.http.lib.StaticUserWebFilter$StaticUserFilter) to context hddsDatanode
2019-11-19 00:06:41,913 [main] INFO  http.HttpServer2 (HttpServer2.java:addFilter(958)) - Added filter static_user_filter (class=org.apache.hadoop.http.lib.StaticUserWebFilter$StaticUserFilter) to context logs
2019-11-19 00:06:41,914 [main] INFO  http.HttpServer2 (HttpServer2.java:addFilter(958)) - Added filter static_user_filter (class=org.apache.hadoop.http.lib.StaticUserWebFilter$StaticUserFilter) to context static
2019-11-19 00:06:41,914 [main] INFO  http.HttpServer2 (HttpServer2.java:bindListener(1191)) - Jetty bound to port 46546
2019-11-19 00:06:41,914 [main] INFO  server.Server (Server.java:doStart(351)) - jetty-9.3.25.v20180904, build timestamp: 2018-09-04T21:11:46Z, git hash: 3ce520221d0240229c862b122d2b06c12a625732
2019-11-19 00:06:41,916 [main] INFO  handler.ContextHandler (ContextHandler.java:doStart(781)) - Started o.e.j.s.ServletContextHandler@68ab0936{/logs,file:///workdir/hadoop-ozone/integration-test/target/log,AVAILABLE}
2019-11-19 00:06:41,916 [main] INFO  handler.ContextHandler (ContextHandler.java:doStart(781)) - Started o.e.j.s.ServletContextHandler@42b84286{/static,jar:file:/home/user/.m2/repository/org/apache/hadoop/hadoop-hdds-container-service/0.5.0-SNAPSHOT/hadoop-hdds-container-service-0.5.0-SNAPSHOT.jar!/webapps/static,AVAILABLE}
2019-11-19 00:06:41,947 [main] INFO  handler.ContextHandler (ContextHandler.java:doStart(781)) - Started o.e.j.w.WebAppContext@709ed6f3{/,file:///tmp/jetty-0.0.0.0-46546-hddsDatanode-_-any-4059069874166042393.dir/webapp/,AVAILABLE}{/hddsDatanode}
2019-11-19 00:06:41,947 [main] INFO  server.AbstractConnector (AbstractConnector.java:doStart(278)) - Started ServerConnector@698fee9a{HTTP/1.1,[http/1.1]}{0.0.0.0:46546}
2019-11-19 00:06:41,948 [main] INFO  server.Server (Server.java:doStart(419)) - Started @5388ms
2019-11-19 00:06:41,948 [main] WARN  impl.MetricsSystemImpl (MetricsSystemImpl.java:register(276)) - Sink prometheus already exists!
2019-11-19 00:06:41,949 [main] INFO  server.BaseHttpServer (BaseHttpServer.java:updateConnectorAddress(215)) - HTTP server of HDDSDATANODE is listening at http://0.0.0.0:46546
2019-11-19 00:06:41,949 [main] INFO  impl.MetricsSystemImpl (MetricsSystemImpl.java:init(158)) - HddsDatanode metrics system started (again)
2019-11-19 00:06:41,952 [main] INFO  ozone.HddsDatanodeService (HddsDatanodeService.java:start(186)) - HddsDatanodeService host:pr-hdds-2241-master-j9rj8-2432081592 ip:192.168.157.213
2019-11-19 00:06:41,952 [org.apache.hadoop.util.JvmPauseMonitor$Monitor@fbc4abd] INFO  util.JvmPauseMonitor (JvmPauseMonitor.java:run(188)) - Starting JVM pause monitor
2019-11-19 00:06:41,956 [Datanode State Machine Thread - 0] INFO  datanode.InitDatanodeState (InitDatanodeState.java:persistContainerDatanodeDetails(140)) - DatanodeDetails is persisted to /workdir/hadoop-ozone/integration-test/target/test-dir/MiniOzoneClusterImpl-e12fca27-2987-495d-949a-a359bcbd3d99/datanode-5/meta/datanode.id
2019-11-19 00:06:41,960 [main] INFO  volume.HddsVolume (HddsVolume.java:<init>(176)) - Creating Volume: /workdir/hadoop-ozone/integration-test/target/test-dir/MiniOzoneClusterImpl-e12fca27-2987-495d-949a-a359bcbd3d99/datanode-6/data/containers/hdds of  storage type : DISK and capacity : 1482555576320
2019-11-19 00:06:41,961 [main] INFO  volume.VolumeSet (VolumeSet.java:initializeVolumeSet(170)) - Added Volume : /workdir/hadoop-ozone/integration-test/target/test-dir/MiniOzoneClusterImpl-e12fca27-2987-495d-949a-a359bcbd3d99/datanode-6/data/containers/hdds to VolumeSet
2019-11-19 00:06:41,961 [main] INFO  volume.ThrottledAsyncChecker (ThrottledAsyncChecker.java:schedule(141)) - Scheduling a check for /workdir/hadoop-ozone/integration-test/target/test-dir/MiniOzoneClusterImpl-e12fca27-2987-495d-949a-a359bcbd3d99/datanode-6/data/containers/hdds
2019-11-19 00:06:41,961 [main] INFO  volume.HddsVolumeChecker (HddsVolumeChecker.java:checkAllVolumes(204)) - Scheduled health check for volume /workdir/hadoop-ozone/integration-test/target/test-dir/MiniOzoneClusterImpl-e12fca27-2987-495d-949a-a359bcbd3d99/datanode-6/data/containers/hdds
2019-11-19 00:06:41,975 [main] INFO  impl.RaftServerProxy (ConfUtils.java:logGet(43)) - raft.rpc.type = GRPC (default)
2019-11-19 00:06:41,976 [main] INFO  grpc.GrpcFactory (GrpcFactory.java:checkPooledByteBufAllocatorUseCacheForAllThreads(45)) - PERFORMANCE WARNING: useCacheForAllThreads is true that may cause Netty to create a lot garbage objects and, as a result, trigger GC.
	It is recommended to disable useCacheForAllThreads by setting -Dorg.apache.ratis.thirdparty.io.netty.allocator.useCacheForAllThreads=false in command line.
2019-11-19 00:06:41,976 [main] INFO  grpc.GrpcConfigKeys$Server (ConfUtils.java:logGet(43)) - raft.grpc.server.port = 0 (default)
2019-11-19 00:06:41,976 [main] INFO  server.GrpcService (ConfUtils.java:logGet(43)) - raft.grpc.message.size.max = 33570816 (custom)
2019-11-19 00:06:41,976 [main] INFO  server.RaftServerConfigKeys (ConfUtils.java:logGet(43)) - raft.server.log.appender.buffer.byte-limit = 33554432 (custom)
2019-11-19 00:06:41,977 [main] INFO  server.GrpcService (ConfUtils.java:logGet(43)) - raft.grpc.flow.control.window = 1MB (=1048576) (default)
2019-11-19 00:06:41,977 [main] INFO  server.RaftServerConfigKeys (ConfUtils.java:logGet(43)) - raft.server.rpc.request.timeout = 3000ms (default)
2019-11-19 00:06:41,977 [main] INFO  server.RaftServerConfigKeys (ConfUtils.java:logGet(43)) - raft.server.storage.dir = [/workdir/hadoop-ozone/integration-test/target/test-dir/MiniOzoneClusterImpl-e12fca27-2987-495d-949a-a359bcbd3d99/datanode-6/data/ratis] (custom)
2019-11-19 00:06:41,979 [main] INFO  hdfs.DFSUtil (DFSUtil.java:httpServerTemplateForNNAndJN(1641)) - Starting Web-server for hddsDatanode at: http://0.0.0.0:0
2019-11-19 00:06:41,980 [main] INFO  server.AuthenticationFilter (AuthenticationFilter.java:constructSecretProvider(240)) - Unable to initialize FileSignerSecretProvider, falling back to use random secrets.
2019-11-19 00:06:41,981 [main] WARN  http.HttpRequestLog (HttpRequestLog.java:getRequestLog(97)) - Jetty request log can only be enabled using Log4j
2019-11-19 00:06:41,982 [main] INFO  http.HttpServer2 (HttpServer2.java:addGlobalFilter(975)) - Added global filter 'safety' (class=org.apache.hadoop.http.HttpServer2$QuotingInputFilter)
2019-11-19 00:06:41,983 [main] INFO  http.HttpServer2 (HttpServer2.java:addFilter(948)) - Added filter static_user_filter (class=org.apache.hadoop.http.lib.StaticUserWebFilter$StaticUserFilter) to context hddsDatanode
2019-11-19 00:06:41,983 [main] INFO  http.HttpServer2 (HttpServer2.java:addFilter(958)) - Added filter static_user_filter (class=org.apache.hadoop.http.lib.StaticUserWebFilter$StaticUserFilter) to context static
2019-11-19 00:06:41,983 [main] INFO  http.HttpServer2 (HttpServer2.java:addFilter(958)) - Added filter static_user_filter (class=org.apache.hadoop.http.lib.StaticUserWebFilter$StaticUserFilter) to context logs
2019-11-19 00:06:41,984 [main] INFO  http.HttpServer2 (HttpServer2.java:bindListener(1191)) - Jetty bound to port 46525
2019-11-19 00:06:41,984 [main] INFO  server.Server (Server.java:doStart(351)) - jetty-9.3.25.v20180904, build timestamp: 2018-09-04T21:11:46Z, git hash: 3ce520221d0240229c862b122d2b06c12a625732
2019-11-19 00:06:41,986 [main] INFO  handler.ContextHandler (ContextHandler.java:doStart(781)) - Started o.e.j.s.ServletContextHandler@237f7970{/logs,file:///workdir/hadoop-ozone/integration-test/target/log,AVAILABLE}
2019-11-19 00:06:41,986 [main] INFO  handler.ContextHandler (ContextHandler.java:doStart(781)) - Started o.e.j.s.ServletContextHandler@7b948f3e{/static,jar:file:/home/user/.m2/repository/org/apache/hadoop/hadoop-hdds-container-service/0.5.0-SNAPSHOT/hadoop-hdds-container-service-0.5.0-SNAPSHOT.jar!/webapps/static,AVAILABLE}
2019-11-19 00:06:42,018 [main] INFO  handler.ContextHandler (ContextHandler.java:doStart(781)) - Started o.e.j.w.WebAppContext@16727bf0{/,file:///tmp/jetty-0.0.0.0-46525-hddsDatanode-_-any-6438096658088251288.dir/webapp/,AVAILABLE}{/hddsDatanode}
2019-11-19 00:06:42,019 [main] INFO  server.AbstractConnector (AbstractConnector.java:doStart(278)) - Started ServerConnector@2f84acf7{HTTP/1.1,[http/1.1]}{0.0.0.0:46525}
2019-11-19 00:06:42,019 [main] INFO  server.Server (Server.java:doStart(419)) - Started @5459ms
2019-11-19 00:06:42,019 [main] WARN  impl.MetricsSystemImpl (MetricsSystemImpl.java:register(276)) - Sink prometheus already exists!
2019-11-19 00:06:42,020 [main] INFO  server.BaseHttpServer (BaseHttpServer.java:updateConnectorAddress(215)) - HTTP server of HDDSDATANODE is listening at http://0.0.0.0:46525
2019-11-19 00:06:42,022 [main] INFO  ozone.MiniOzoneClusterImpl (MiniOzoneClusterImpl.java:lambda$waitForClusterToBeReady$0(150)) - Waiting for nodes to be ready. Got 0 of 7 DN Heartbeats.
2019-11-19 00:06:42,022 [main] INFO  ozone.MiniOzoneClusterImpl (MiniOzoneClusterImpl.java:lambda$waitForClusterToBeReady$0(153)) - Waiting for cluster to exit safe mode
2019-11-19 00:06:42,023 [org.apache.hadoop.util.JvmPauseMonitor$Monitor@14f389a2] INFO  util.JvmPauseMonitor (JvmPauseMonitor.java:run(188)) - Starting JVM pause monitor
2019-11-19 00:06:42,026 [Datanode State Machine Thread - 0] INFO  datanode.InitDatanodeState (InitDatanodeState.java:persistContainerDatanodeDetails(140)) - DatanodeDetails is persisted to /workdir/hadoop-ozone/integration-test/target/test-dir/MiniOzoneClusterImpl-e12fca27-2987-495d-949a-a359bcbd3d99/datanode-6/meta/datanode.id
2019-11-19 00:06:43,023 [main] INFO  ozone.MiniOzoneClusterImpl (MiniOzoneClusterImpl.java:lambda$waitForClusterToBeReady$0(150)) - Waiting for nodes to be ready. Got 0 of 7 DN Heartbeats.
2019-11-19 00:06:43,023 [main] INFO  ozone.MiniOzoneClusterImpl (MiniOzoneClusterImpl.java:lambda$waitForClusterToBeReady$0(153)) - Waiting for cluster to exit safe mode
2019-11-19 00:06:43,689 [Datanode State Machine Thread - 0] INFO  ozoneimpl.OzoneContainer (OzoneContainer.java:start(230)) - Attempting to start container services.
2019-11-19 00:06:43,689 [Datanode State Machine Thread - 0] INFO  ozoneimpl.OzoneContainer (OzoneContainer.java:start(230)) - Attempting to start container services.
2019-11-19 00:06:43,693 [Datanode State Machine Thread - 0] INFO  ozoneimpl.OzoneContainer (OzoneContainer.java:startContainerScrub(194)) - Background container scanner has been disabled.
2019-11-19 00:06:43,693 [Datanode State Machine Thread - 0] INFO  ozoneimpl.OzoneContainer (OzoneContainer.java:startContainerScrub(194)) - Background container scanner has been disabled.
2019-11-19 00:06:43,693 [Datanode State Machine Thread - 0] INFO  ratis.XceiverServerRatis (XceiverServerRatis.java:start(422)) - Starting XceiverServerRatis 58d24f50-e03c-4cdf-9f21-18e5bcb6f884 at port 0
2019-11-19 00:06:43,693 [Datanode State Machine Thread - 0] INFO  ratis.XceiverServerRatis (XceiverServerRatis.java:start(422)) - Starting XceiverServerRatis 7708ce6b-94dd-49f9-8895-392afc2c64db at port 0
2019-11-19 00:06:43,721 [Datanode State Machine Thread - 0] INFO  impl.RaftServerProxy (RaftServerProxy.java:lambda$start$3(299)) - 58d24f50-e03c-4cdf-9f21-18e5bcb6f884: start RPC server
2019-11-19 00:06:43,721 [Datanode State Machine Thread - 0] INFO  impl.RaftServerProxy (RaftServerProxy.java:lambda$start$3(299)) - 7708ce6b-94dd-49f9-8895-392afc2c64db: start RPC server
2019-11-19 00:06:43,767 [Datanode State Machine Thread - 0] INFO  ozoneimpl.OzoneContainer (OzoneContainer.java:start(230)) - Attempting to start container services.
2019-11-19 00:06:43,773 [Datanode State Machine Thread - 0] INFO  ozoneimpl.OzoneContainer (OzoneContainer.java:startContainerScrub(194)) - Background container scanner has been disabled.
2019-11-19 00:06:43,773 [Datanode State Machine Thread - 0] INFO  ratis.XceiverServerRatis (XceiverServerRatis.java:start(422)) - Starting XceiverServerRatis b9804938-182f-4054-8044-6072e531a40a at port 0
2019-11-19 00:06:43,781 [Datanode State Machine Thread - 0] INFO  impl.RaftServerProxy (RaftServerProxy.java:lambda$start$3(299)) - b9804938-182f-4054-8044-6072e531a40a: start RPC server
2019-11-19 00:06:43,837 [Datanode State Machine Thread - 0] INFO  ozoneimpl.OzoneContainer (OzoneContainer.java:start(230)) - Attempting to start container services.
2019-11-19 00:06:43,837 [Datanode State Machine Thread - 0] INFO  ozoneimpl.OzoneContainer (OzoneContainer.java:startContainerScrub(194)) - Background container scanner has been disabled.
2019-11-19 00:06:43,837 [Datanode State Machine Thread - 0] INFO  ratis.XceiverServerRatis (XceiverServerRatis.java:start(422)) - Starting XceiverServerRatis 3c68acf1-2e75-484b-8dce-fe6027c40cff at port 0
2019-11-19 00:06:43,850 [Datanode State Machine Thread - 0] INFO  impl.RaftServerProxy (RaftServerProxy.java:lambda$start$3(299)) - 3c68acf1-2e75-484b-8dce-fe6027c40cff: start RPC server
2019-11-19 00:06:43,857 [Datanode State Machine Thread - 0] INFO  server.GrpcService (GrpcService.java:startImpl(158)) - b9804938-182f-4054-8044-6072e531a40a: GrpcService started, listening on 0.0.0.0/0.0.0.0:38909
2019-11-19 00:06:43,857 [Datanode State Machine Thread - 0] INFO  server.GrpcService (GrpcService.java:startImpl(158)) - 58d24f50-e03c-4cdf-9f21-18e5bcb6f884: GrpcService started, listening on 0.0.0.0/0.0.0.0:40280
2019-11-19 00:06:43,857 [Datanode State Machine Thread - 0] INFO  server.GrpcService (GrpcService.java:startImpl(158)) - 7708ce6b-94dd-49f9-8895-392afc2c64db: GrpcService started, listening on 0.0.0.0/0.0.0.0:34565
2019-11-19 00:06:43,857 [Datanode State Machine Thread - 0] INFO  server.GrpcService (GrpcService.java:startImpl(158)) - 3c68acf1-2e75-484b-8dce-fe6027c40cff: GrpcService started, listening on 0.0.0.0/0.0.0.0:43086
2019-11-19 00:06:43,858 [Datanode State Machine Thread - 0] INFO  ratis.XceiverServerRatis (XceiverServerRatis.java:start(432)) - XceiverServerRatis 7708ce6b-94dd-49f9-8895-392afc2c64db is started using port 34565
2019-11-19 00:06:43,858 [Datanode State Machine Thread - 0] INFO  ratis.XceiverServerRatis (XceiverServerRatis.java:start(432)) - XceiverServerRatis 58d24f50-e03c-4cdf-9f21-18e5bcb6f884 is started using port 40280
2019-11-19 00:06:43,858 [Datanode State Machine Thread - 0] INFO  ratis.XceiverServerRatis (XceiverServerRatis.java:start(432)) - XceiverServerRatis b9804938-182f-4054-8044-6072e531a40a is started using port 38909
2019-11-19 00:06:43,859 [Datanode State Machine Thread - 0] INFO  ratis.XceiverServerRatis (XceiverServerRatis.java:start(432)) - XceiverServerRatis 3c68acf1-2e75-484b-8dce-fe6027c40cff is started using port 43086
2019-11-19 00:06:43,866 [Datanode State Machine Thread - 0] INFO  server.XceiverServerGrpc (XceiverServerGrpc.java:start(145)) - XceiverServerGrpc 58d24f50-e03c-4cdf-9f21-18e5bcb6f884 is started using port 45488
2019-11-19 00:06:43,866 [Datanode State Machine Thread - 0] INFO  server.XceiverServerGrpc (XceiverServerGrpc.java:start(145)) - XceiverServerGrpc 7708ce6b-94dd-49f9-8895-392afc2c64db is started using port 45602
2019-11-19 00:06:43,866 [Datanode State Machine Thread - 0] INFO  server.XceiverServerGrpc (XceiverServerGrpc.java:start(145)) - XceiverServerGrpc 3c68acf1-2e75-484b-8dce-fe6027c40cff is started using port 33758
2019-11-19 00:06:43,866 [Datanode State Machine Thread - 0] INFO  server.XceiverServerGrpc (XceiverServerGrpc.java:start(145)) - XceiverServerGrpc b9804938-182f-4054-8044-6072e531a40a is started using port 36860
2019-11-19 00:06:43,912 [Datanode State Machine Thread - 0] INFO  ozoneimpl.OzoneContainer (OzoneContainer.java:start(230)) - Attempting to start container services.
2019-11-19 00:06:43,912 [Datanode State Machine Thread - 0] INFO  ozoneimpl.OzoneContainer (OzoneContainer.java:startContainerScrub(194)) - Background container scanner has been disabled.
2019-11-19 00:06:43,912 [Datanode State Machine Thread - 0] INFO  ratis.XceiverServerRatis (XceiverServerRatis.java:start(422)) - Starting XceiverServerRatis bd387ed7-3819-4da1-a185-88e6b294d0ec at port 0
2019-11-19 00:06:43,918 [Datanode State Machine Thread - 0] INFO  impl.RaftServerProxy (RaftServerProxy.java:lambda$start$3(299)) - bd387ed7-3819-4da1-a185-88e6b294d0ec: start RPC server
2019-11-19 00:06:43,921 [Datanode State Machine Thread - 0] INFO  server.GrpcService (GrpcService.java:startImpl(158)) - bd387ed7-3819-4da1-a185-88e6b294d0ec: GrpcService started, listening on 0.0.0.0/0.0.0.0:43405
2019-11-19 00:06:43,921 [Datanode State Machine Thread - 0] INFO  ratis.XceiverServerRatis (XceiverServerRatis.java:start(432)) - XceiverServerRatis bd387ed7-3819-4da1-a185-88e6b294d0ec is started using port 43405
2019-11-19 00:06:43,923 [Datanode State Machine Thread - 0] INFO  server.XceiverServerGrpc (XceiverServerGrpc.java:start(145)) - XceiverServerGrpc bd387ed7-3819-4da1-a185-88e6b294d0ec is started using port 34781
2019-11-19 00:06:43,979 [Datanode State Machine Thread - 0] INFO  ozoneimpl.OzoneContainer (OzoneContainer.java:start(230)) - Attempting to start container services.
2019-11-19 00:06:43,979 [Datanode State Machine Thread - 0] INFO  ozoneimpl.OzoneContainer (OzoneContainer.java:startContainerScrub(194)) - Background container scanner has been disabled.
2019-11-19 00:06:43,979 [Datanode State Machine Thread - 0] INFO  ratis.XceiverServerRatis (XceiverServerRatis.java:start(422)) - Starting XceiverServerRatis 93728d59-90a7-4d42-a9e8-51f96f87119b at port 0
2019-11-19 00:06:43,986 [Datanode State Machine Thread - 0] INFO  impl.RaftServerProxy (RaftServerProxy.java:lambda$start$3(299)) - 93728d59-90a7-4d42-a9e8-51f96f87119b: start RPC server
2019-11-19 00:06:43,988 [Datanode State Machine Thread - 0] INFO  server.GrpcService (GrpcService.java:startImpl(158)) - 93728d59-90a7-4d42-a9e8-51f96f87119b: GrpcService started, listening on 0.0.0.0/0.0.0.0:46185
2019-11-19 00:06:43,988 [Datanode State Machine Thread - 0] INFO  ratis.XceiverServerRatis (XceiverServerRatis.java:start(432)) - XceiverServerRatis 93728d59-90a7-4d42-a9e8-51f96f87119b is started using port 46185
2019-11-19 00:06:43,991 [Datanode State Machine Thread - 0] INFO  server.XceiverServerGrpc (XceiverServerGrpc.java:start(145)) - XceiverServerGrpc 93728d59-90a7-4d42-a9e8-51f96f87119b is started using port 45351
2019-11-19 00:06:44,023 [main] INFO  ozone.MiniOzoneClusterImpl (MiniOzoneClusterImpl.java:lambda$waitForClusterToBeReady$0(150)) - Waiting for nodes to be ready. Got 0 of 7 DN Heartbeats.
2019-11-19 00:06:44,025 [main] INFO  ozone.MiniOzoneClusterImpl (MiniOzoneClusterImpl.java:lambda$waitForClusterToBeReady$0(153)) - Waiting for cluster to exit safe mode
2019-11-19 00:06:44,050 [Datanode State Machine Thread - 0] INFO  ozoneimpl.OzoneContainer (OzoneContainer.java:start(230)) - Attempting to start container services.
2019-11-19 00:06:44,050 [Datanode State Machine Thread - 0] INFO  ozoneimpl.OzoneContainer (OzoneContainer.java:startContainerScrub(194)) - Background container scanner has been disabled.
2019-11-19 00:06:44,050 [Datanode State Machine Thread - 0] INFO  ratis.XceiverServerRatis (XceiverServerRatis.java:start(422)) - Starting XceiverServerRatis ab08a327-d932-491f-aef7-f81bfe8e2592 at port 0
2019-11-19 00:06:44,058 [Datanode State Machine Thread - 0] INFO  impl.RaftServerProxy (RaftServerProxy.java:lambda$start$3(299)) - ab08a327-d932-491f-aef7-f81bfe8e2592: start RPC server
2019-11-19 00:06:44,061 [Datanode State Machine Thread - 0] INFO  server.GrpcService (GrpcService.java:startImpl(158)) - ab08a327-d932-491f-aef7-f81bfe8e2592: GrpcService started, listening on 0.0.0.0/0.0.0.0:45539
2019-11-19 00:06:44,061 [Datanode State Machine Thread - 0] INFO  ratis.XceiverServerRatis (XceiverServerRatis.java:start(432)) - XceiverServerRatis ab08a327-d932-491f-aef7-f81bfe8e2592 is started using port 45539
2019-11-19 00:06:44,064 [Datanode State Machine Thread - 0] INFO  server.XceiverServerGrpc (XceiverServerGrpc.java:start(145)) - XceiverServerGrpc ab08a327-d932-491f-aef7-f81bfe8e2592 is started using port 46304
2019-11-19 00:06:45,025 [main] INFO  ozone.MiniOzoneClusterImpl (MiniOzoneClusterImpl.java:lambda$waitForClusterToBeReady$0(150)) - Waiting for nodes to be ready. Got 0 of 7 DN Heartbeats.
2019-11-19 00:06:45,025 [main] INFO  ozone.MiniOzoneClusterImpl (MiniOzoneClusterImpl.java:lambda$waitForClusterToBeReady$0(153)) - Waiting for cluster to exit safe mode
2019-11-19 00:06:45,618 [IPC Server handler 0 on 38291] INFO  net.NetworkTopology (NetworkTopologyImpl.java:add(111)) - Added a new node: /default-rack/58d24f50-e03c-4cdf-9f21-18e5bcb6f884
2019-11-19 00:06:45,618 [IPC Server handler 0 on 38291] INFO  node.SCMNodeManager (SCMNodeManager.java:register(267)) - Registered Data node : 58d24f50-e03c-4cdf-9f21-18e5bcb6f884{ip: 192.168.157.213, host: pr-hdds-2241-master-j9rj8-2432081592, networkLocation: /default-rack, certSerialId: null}
2019-11-19 00:06:45,621 [EventQueue-NodeRegistrationContainerReportForContainerSafeModeRule] INFO  safemode.SCMSafeModeManager (SCMSafeModeManager.java:validateSafeModeExitRules(176)) - ContainerSafeModeRule rule is successfully validated
2019-11-19 00:06:45,621 [EventQueue-NodeRegistrationContainerReportForDataNodeSafeModeRule] INFO  safemode.SCMSafeModeManager (DataNodeSafeModeRule.java:process(71)) - SCM in safe mode. 1 DataNodes registered, 1 required.
2019-11-19 00:06:45,622 [EventQueue-NodeRegistrationContainerReportForDataNodeSafeModeRule] INFO  safemode.SCMSafeModeManager (SCMSafeModeManager.java:validateSafeModeExitRules(176)) - DataNodeSafeModeRule rule is successfully validated
2019-11-19 00:06:45,626 [RatisPipelineUtilsThread] INFO  pipeline.RatisPipelineProvider (RatisPipelineProvider.java:lambda$create$4(163)) - Send pipeline:PipelineID=26b972a9-003d-41bf-b3b3-5c89a0e922cd create command to datanode 58d24f50-e03c-4cdf-9f21-18e5bcb6f884
2019-11-19 00:06:45,638 [RatisPipelineUtilsThread] INFO  pipeline.PipelineStateManager (PipelineStateManager.java:addPipeline(55)) - Created pipeline Pipeline[ Id: 26b972a9-003d-41bf-b3b3-5c89a0e922cd, Nodes: 58d24f50-e03c-4cdf-9f21-18e5bcb6f884{ip: 192.168.157.213, host: pr-hdds-2241-master-j9rj8-2432081592, networkLocation: /default-rack, certSerialId: null}, Type:RATIS, Factor:ONE, State:ALLOCATED]
2019-11-19 00:06:45,660 [IPC Server handler 1 on 38291] INFO  net.NetworkTopology (NetworkTopologyImpl.java:add(111)) - Added a new node: /default-rack/7708ce6b-94dd-49f9-8895-392afc2c64db
2019-11-19 00:06:45,661 [IPC Server handler 1 on 38291] INFO  node.SCMNodeManager (SCMNodeManager.java:register(267)) - Registered Data node : 7708ce6b-94dd-49f9-8895-392afc2c64db{ip: 192.168.157.213, host: pr-hdds-2241-master-j9rj8-2432081592, networkLocation: /default-rack, certSerialId: null}
2019-11-19 00:06:45,661 [EventQueue-NodeRegistrationContainerReportForContainerSafeModeRule] INFO  safemode.SCMSafeModeManager (SCMSafeModeManager.java:validateSafeModeExitRules(176)) - ContainerSafeModeRule rule is successfully validated
2019-11-19 00:06:45,661 [EventQueue-NodeRegistrationContainerReportForDataNodeSafeModeRule] INFO  safemode.SCMSafeModeManager (SCMSafeModeManager.java:validateSafeModeExitRules(176)) - DataNodeSafeModeRule rule is successfully validated
2019-11-19 00:06:45,661 [RatisPipelineUtilsThread] INFO  pipeline.RatisPipelineProvider (RatisPipelineProvider.java:lambda$create$4(163)) - Send pipeline:PipelineID=8c043779-8f10-43f2-9964-3b4bf9b72a1c create command to datanode 7708ce6b-94dd-49f9-8895-392afc2c64db
2019-11-19 00:06:45,662 [RatisPipelineUtilsThread] INFO  pipeline.PipelineStateManager (PipelineStateManager.java:addPipeline(55)) - Created pipeline Pipeline[ Id: 8c043779-8f10-43f2-9964-3b4bf9b72a1c, Nodes: 7708ce6b-94dd-49f9-8895-392afc2c64db{ip: 192.168.157.213, host: pr-hdds-2241-master-j9rj8-2432081592, networkLocation: /default-rack, certSerialId: null}, Type:RATIS, Factor:ONE, State:ALLOCATED]
2019-11-19 00:06:45,745 [IPC Server handler 4 on 38291] INFO  net.NetworkTopology (NetworkTopologyImpl.java:add(111)) - Added a new node: /default-rack/b9804938-182f-4054-8044-6072e531a40a
2019-11-19 00:06:45,745 [IPC Server handler 4 on 38291] INFO  node.SCMNodeManager (SCMNodeManager.java:register(267)) - Registered Data node : b9804938-182f-4054-8044-6072e531a40a{ip: 192.168.157.213, host: pr-hdds-2241-master-j9rj8-2432081592, networkLocation: /default-rack, certSerialId: null}
2019-11-19 00:06:45,745 [EventQueue-NodeRegistrationContainerReportForContainerSafeModeRule] INFO  safemode.SCMSafeModeManager (SCMSafeModeManager.java:validateSafeModeExitRules(176)) - ContainerSafeModeRule rule is successfully validated
2019-11-19 00:06:45,746 [RatisPipelineUtilsThread] INFO  pipeline.RatisPipelineProvider (RatisPipelineProvider.java:lambda$create$4(163)) - Send pipeline:PipelineID=5f46f475-9c4e-4953-9780-1762d86aca6c create command to datanode b9804938-182f-4054-8044-6072e531a40a
2019-11-19 00:06:45,746 [EventQueue-NodeRegistrationContainerReportForDataNodeSafeModeRule] INFO  safemode.SCMSafeModeManager (SCMSafeModeManager.java:validateSafeModeExitRules(176)) - DataNodeSafeModeRule rule is successfully validated
2019-11-19 00:06:45,746 [RatisPipelineUtilsThread] INFO  pipeline.PipelineStateManager (PipelineStateManager.java:addPipeline(55)) - Created pipeline Pipeline[ Id: 5f46f475-9c4e-4953-9780-1762d86aca6c, Nodes: b9804938-182f-4054-8044-6072e531a40a{ip: 192.168.157.213, host: pr-hdds-2241-master-j9rj8-2432081592, networkLocation: /default-rack, certSerialId: null}, Type:RATIS, Factor:ONE, State:ALLOCATED]
2019-11-19 00:06:45,747 [RatisPipelineUtilsThread] INFO  pipeline.RatisPipelineProvider (RatisPipelineProvider.java:lambda$create$4(163)) - Send pipeline:PipelineID=158c84f7-10fd-45e4-9bdc-30b6beed2d1e create command to datanode 58d24f50-e03c-4cdf-9f21-18e5bcb6f884
2019-11-19 00:06:45,748 [RatisPipelineUtilsThread] INFO  pipeline.RatisPipelineProvider (RatisPipelineProvider.java:lambda$create$4(163)) - Send pipeline:PipelineID=158c84f7-10fd-45e4-9bdc-30b6beed2d1e create command to datanode b9804938-182f-4054-8044-6072e531a40a
2019-11-19 00:06:45,748 [RatisPipelineUtilsThread] INFO  pipeline.RatisPipelineProvider (RatisPipelineProvider.java:lambda$create$4(163)) - Send pipeline:PipelineID=158c84f7-10fd-45e4-9bdc-30b6beed2d1e create command to datanode 7708ce6b-94dd-49f9-8895-392afc2c64db
2019-11-19 00:06:45,749 [RatisPipelineUtilsThread] INFO  pipeline.PipelineStateManager (PipelineStateManager.java:addPipeline(55)) - Created pipeline Pipeline[ Id: 158c84f7-10fd-45e4-9bdc-30b6beed2d1e, Nodes: 58d24f50-e03c-4cdf-9f21-18e5bcb6f884{ip: 192.168.157.213, host: pr-hdds-2241-master-j9rj8-2432081592, networkLocation: /default-rack, certSerialId: null}b9804938-182f-4054-8044-6072e531a40a{ip: 192.168.157.213, host: pr-hdds-2241-master-j9rj8-2432081592, networkLocation: /default-rack, certSerialId: null}7708ce6b-94dd-49f9-8895-392afc2c64db{ip: 192.168.157.213, host: pr-hdds-2241-master-j9rj8-2432081592, networkLocation: /default-rack, certSerialId: null}, Type:RATIS, Factor:THREE, State:ALLOCATED]
2019-11-19 00:06:45,816 [IPC Server handler 3 on 38291] INFO  net.NetworkTopology (NetworkTopologyImpl.java:add(111)) - Added a new node: /default-rack/3c68acf1-2e75-484b-8dce-fe6027c40cff
2019-11-19 00:06:45,817 [IPC Server handler 3 on 38291] INFO  node.SCMNodeManager (SCMNodeManager.java:register(267)) - Registered Data node : 3c68acf1-2e75-484b-8dce-fe6027c40cff{ip: 192.168.157.213, host: pr-hdds-2241-master-j9rj8-2432081592, networkLocation: /default-rack, certSerialId: null}
2019-11-19 00:06:45,817 [EventQueue-NodeRegistrationContainerReportForDataNodeSafeModeRule] INFO  safemode.SCMSafeModeManager (SCMSafeModeManager.java:validateSafeModeExitRules(176)) - DataNodeSafeModeRule rule is successfully validated
2019-11-19 00:06:45,818 [EventQueue-NodeRegistrationContainerReportForContainerSafeModeRule] INFO  safemode.SCMSafeModeManager (SCMSafeModeManager.java:validateSafeModeExitRules(176)) - ContainerSafeModeRule rule is successfully validated
2019-11-19 00:06:45,819 [RatisPipelineUtilsThread] INFO  pipeline.RatisPipelineProvider (RatisPipelineProvider.java:lambda$create$4(163)) - Send pipeline:PipelineID=7f4f2ca8-078e-43da-a41b-6b56377f21c6 create command to datanode 3c68acf1-2e75-484b-8dce-fe6027c40cff
2019-11-19 00:06:45,820 [RatisPipelineUtilsThread] INFO  pipeline.PipelineStateManager (PipelineStateManager.java:addPipeline(55)) - Created pipeline Pipeline[ Id: 7f4f2ca8-078e-43da-a41b-6b56377f21c6, Nodes: 3c68acf1-2e75-484b-8dce-fe6027c40cff{ip: 192.168.157.213, host: pr-hdds-2241-master-j9rj8-2432081592, networkLocation: /default-rack, certSerialId: null}, Type:RATIS, Factor:ONE, State:ALLOCATED]
2019-11-19 00:06:45,890 [IPC Server handler 6 on 38291] INFO  net.NetworkTopology (NetworkTopologyImpl.java:add(111)) - Added a new node: /default-rack/bd387ed7-3819-4da1-a185-88e6b294d0ec
2019-11-19 00:06:45,890 [IPC Server handler 6 on 38291] INFO  node.SCMNodeManager (SCMNodeManager.java:register(267)) - Registered Data node : bd387ed7-3819-4da1-a185-88e6b294d0ec{ip: 192.168.157.213, host: pr-hdds-2241-master-j9rj8-2432081592, networkLocation: /default-rack, certSerialId: null}
2019-11-19 00:06:45,891 [RatisPipelineUtilsThread] INFO  pipeline.RatisPipelineProvider (RatisPipelineProvider.java:lambda$create$4(163)) - Send pipeline:PipelineID=9a4fae68-9ff9-40ee-a91e-51d6d21053e6 create command to datanode bd387ed7-3819-4da1-a185-88e6b294d0ec
2019-11-19 00:06:45,892 [EventQueue-NodeRegistrationContainerReportForContainerSafeModeRule] INFO  safemode.SCMSafeModeManager (SCMSafeModeManager.java:validateSafeModeExitRules(176)) - ContainerSafeModeRule rule is successfully validated
2019-11-19 00:06:45,892 [EventQueue-NodeRegistrationContainerReportForDataNodeSafeModeRule] INFO  safemode.SCMSafeModeManager (SCMSafeModeManager.java:validateSafeModeExitRules(176)) - DataNodeSafeModeRule rule is successfully validated
2019-11-19 00:06:45,892 [RatisPipelineUtilsThread] INFO  pipeline.PipelineStateManager (PipelineStateManager.java:addPipeline(55)) - Created pipeline Pipeline[ Id: 9a4fae68-9ff9-40ee-a91e-51d6d21053e6, Nodes: bd387ed7-3819-4da1-a185-88e6b294d0ec{ip: 192.168.157.213, host: pr-hdds-2241-master-j9rj8-2432081592, networkLocation: /default-rack, certSerialId: null}, Type:RATIS, Factor:ONE, State:ALLOCATED]
2019-11-19 00:06:45,956 [IPC Server handler 5 on 38291] INFO  net.NetworkTopology (NetworkTopologyImpl.java:add(111)) - Added a new node: /default-rack/93728d59-90a7-4d42-a9e8-51f96f87119b
2019-11-19 00:06:45,956 [IPC Server handler 5 on 38291] INFO  node.SCMNodeManager (SCMNodeManager.java:register(267)) - Registered Data node : 93728d59-90a7-4d42-a9e8-51f96f87119b{ip: 192.168.157.213, host: pr-hdds-2241-master-j9rj8-2432081592, networkLocation: /default-rack, certSerialId: null}
2019-11-19 00:06:45,957 [EventQueue-NodeRegistrationContainerReportForContainerSafeModeRule] INFO  safemode.SCMSafeModeManager (SCMSafeModeManager.java:validateSafeModeExitRules(176)) - ContainerSafeModeRule rule is successfully validated
2019-11-19 00:06:45,957 [RatisPipelineUtilsThread] INFO  pipeline.RatisPipelineProvider (RatisPipelineProvider.java:lambda$create$4(163)) - Send pipeline:PipelineID=7d0e1bf5-d814-4998-a3e0-5891aa192007 create command to datanode 93728d59-90a7-4d42-a9e8-51f96f87119b
2019-11-19 00:06:45,957 [EventQueue-NodeRegistrationContainerReportForDataNodeSafeModeRule] INFO  safemode.SCMSafeModeManager (SCMSafeModeManager.java:validateSafeModeExitRules(176)) - DataNodeSafeModeRule rule is successfully validated
2019-11-19 00:06:45,957 [RatisPipelineUtilsThread] INFO  pipeline.PipelineStateManager (PipelineStateManager.java:addPipeline(55)) - Created pipeline Pipeline[ Id: 7d0e1bf5-d814-4998-a3e0-5891aa192007, Nodes: 93728d59-90a7-4d42-a9e8-51f96f87119b{ip: 192.168.157.213, host: pr-hdds-2241-master-j9rj8-2432081592, networkLocation: /default-rack, certSerialId: null}, Type:RATIS, Factor:ONE, State:ALLOCATED]
2019-11-19 00:06:45,959 [RatisPipelineUtilsThread] INFO  pipeline.RatisPipelineProvider (RatisPipelineProvider.java:lambda$create$4(163)) - Send pipeline:PipelineID=a788d7ce-7ad6-43a2-a21c-1638bc5485d3 create command to datanode 3c68acf1-2e75-484b-8dce-fe6027c40cff
2019-11-19 00:06:45,959 [RatisPipelineUtilsThread] INFO  pipeline.RatisPipelineProvider (RatisPipelineProvider.java:lambda$create$4(163)) - Send pipeline:PipelineID=a788d7ce-7ad6-43a2-a21c-1638bc5485d3 create command to datanode 93728d59-90a7-4d42-a9e8-51f96f87119b
2019-11-19 00:06:45,959 [RatisPipelineUtilsThread] INFO  pipeline.RatisPipelineProvider (RatisPipelineProvider.java:lambda$create$4(163)) - Send pipeline:PipelineID=a788d7ce-7ad6-43a2-a21c-1638bc5485d3 create command to datanode bd387ed7-3819-4da1-a185-88e6b294d0ec
2019-11-19 00:06:45,960 [RatisPipelineUtilsThread] INFO  pipeline.PipelineStateManager (PipelineStateManager.java:addPipeline(55)) - Created pipeline Pipeline[ Id: a788d7ce-7ad6-43a2-a21c-1638bc5485d3, Nodes: 3c68acf1-2e75-484b-8dce-fe6027c40cff{ip: 192.168.157.213, host: pr-hdds-2241-master-j9rj8-2432081592, networkLocation: /default-rack, certSerialId: null}93728d59-90a7-4d42-a9e8-51f96f87119b{ip: 192.168.157.213, host: pr-hdds-2241-master-j9rj8-2432081592, networkLocation: /default-rack, certSerialId: null}bd387ed7-3819-4da1-a185-88e6b294d0ec{ip: 192.168.157.213, host: pr-hdds-2241-master-j9rj8-2432081592, networkLocation: /default-rack, certSerialId: null}, Type:RATIS, Factor:THREE, State:ALLOCATED]
2019-11-19 00:06:46,025 [IPC Server handler 8 on 38291] INFO  net.NetworkTopology (NetworkTopologyImpl.java:add(111)) - Added a new node: /default-rack/ab08a327-d932-491f-aef7-f81bfe8e2592
2019-11-19 00:06:46,025 [IPC Server handler 8 on 38291] INFO  node.SCMNodeManager (SCMNodeManager.java:register(267)) - Registered Data node : ab08a327-d932-491f-aef7-f81bfe8e2592{ip: 192.168.157.213, host: pr-hdds-2241-master-j9rj8-2432081592, networkLocation: /default-rack, certSerialId: null}
2019-11-19 00:06:46,026 [EventQueue-NodeRegistrationContainerReportForContainerSafeModeRule] INFO  safemode.SCMSafeModeManager (SCMSafeModeManager.java:validateSafeModeExitRules(176)) - ContainerSafeModeRule rule is successfully validated
2019-11-19 00:06:46,027 [main] INFO  ozone.MiniOzoneClusterImpl (MiniOzoneClusterImpl.java:lambda$waitForClusterToBeReady$0(150)) - Nodes are ready. Got 7 of 7 DN Heartbeats.
2019-11-19 00:06:46,027 [main] INFO  ozone.MiniOzoneClusterImpl (MiniOzoneClusterImpl.java:lambda$waitForClusterToBeReady$0(153)) - Waiting for cluster to exit safe mode
2019-11-19 00:06:46,027 [RatisPipelineUtilsThread] INFO  pipeline.RatisPipelineProvider (RatisPipelineProvider.java:lambda$create$4(163)) - Send pipeline:PipelineID=158bfb12-f6d4-4686-b9f9-5ac849ccc727 create command to datanode ab08a327-d932-491f-aef7-f81bfe8e2592
2019-11-19 00:06:46,027 [EventQueue-NodeRegistrationContainerReportForDataNodeSafeModeRule] INFO  safemode.SCMSafeModeManager (SCMSafeModeManager.java:validateSafeModeExitRules(176)) - DataNodeSafeModeRule rule is successfully validated
2019-11-19 00:06:46,028 [RatisPipelineUtilsThread] INFO  pipeline.PipelineStateManager (PipelineStateManager.java:addPipeline(55)) - Created pipeline Pipeline[ Id: 158bfb12-f6d4-4686-b9f9-5ac849ccc727, Nodes: ab08a327-d932-491f-aef7-f81bfe8e2592{ip: 192.168.157.213, host: pr-hdds-2241-master-j9rj8-2432081592, networkLocation: /default-rack, certSerialId: null}, Type:RATIS, Factor:ONE, State:ALLOCATED]
2019-11-19 00:06:47,028 [main] INFO  ozone.MiniOzoneClusterImpl (MiniOzoneClusterImpl.java:lambda$waitForClusterToBeReady$0(150)) - Nodes are ready. Got 7 of 7 DN Heartbeats.
2019-11-19 00:06:47,028 [main] INFO  ozone.MiniOzoneClusterImpl (MiniOzoneClusterImpl.java:lambda$waitForClusterToBeReady$0(153)) - Waiting for cluster to exit safe mode
2019-11-19 00:06:48,028 [main] INFO  ozone.MiniOzoneClusterImpl (MiniOzoneClusterImpl.java:lambda$waitForClusterToBeReady$0(150)) - Nodes are ready. Got 7 of 7 DN Heartbeats.
2019-11-19 00:06:48,029 [main] INFO  ozone.MiniOzoneClusterImpl (MiniOzoneClusterImpl.java:lambda$waitForClusterToBeReady$0(153)) - Waiting for cluster to exit safe mode
2019-11-19 00:06:48,612 [Command processor thread] INFO  impl.RaftServerProxy (RaftServerProxy.java:addNew(89)) - 58d24f50-e03c-4cdf-9f21-18e5bcb6f884: addNew group-5C89A0E922CD:[58d24f50-e03c-4cdf-9f21-18e5bcb6f884:192.168.157.213:40280] returns group-5C89A0E922CD:java.util.concurrent.CompletableFuture@7501975a[Not completed]
2019-11-19 00:06:48,638 [pool-27-thread-1] INFO  impl.RaftServerImpl (RaftServerImpl.java:<init>(98)) - 58d24f50-e03c-4cdf-9f21-18e5bcb6f884: new RaftServerImpl for group-5C89A0E922CD:[58d24f50-e03c-4cdf-9f21-18e5bcb6f884:192.168.157.213:40280] with ContainerStateMachine:uninitialized
2019-11-19 00:06:48,640 [pool-27-thread-1] INFO  server.RaftServerConfigKeys (ConfUtils.java:logGet(43)) - raft.server.rpc.timeout.min = 5s (custom)
2019-11-19 00:06:48,641 [pool-27-thread-1] INFO  server.RaftServerConfigKeys (ConfUtils.java:logGet(43)) - raft.server.rpc.timeout.max = 5200ms (custom)
2019-11-19 00:06:48,643 [pool-27-thread-1] INFO  server.RaftServerConfigKeys (ConfUtils.java:logGet(43)) - raft.server.rpcslowness.timeout = 120s (custom)
2019-11-19 00:06:48,646 [pool-27-thread-1] INFO  server.RaftServerConfigKeys (ConfUtils.java:logGet(43)) - raft.server.sleep.deviation.threshold = 300 (default)
2019-11-19 00:06:48,647 [pool-27-thread-1] INFO  server.RaftServerConfigKeys (ConfUtils.java:logGet(43)) - raft.server.log.appender.install.snapshot.enabled = false (custom)
2019-11-19 00:06:48,666 [Command processor thread] INFO  impl.RaftServerProxy (RaftServerProxy.java:addNew(89)) - 7708ce6b-94dd-49f9-8895-392afc2c64db: addNew group-3B4BF9B72A1C:[7708ce6b-94dd-49f9-8895-392afc2c64db:192.168.157.213:34565] returns group-3B4BF9B72A1C:java.util.concurrent.CompletableFuture@35b83776[Not completed]
2019-11-19 00:06:48,667 [pool-27-thread-1] INFO  impl.RaftServerImpl (ServerState.java:<init>(103)) - 58d24f50-e03c-4cdf-9f21-18e5bcb6f884@group-5C89A0E922CD: ConfigurationManager, init=-1: [58d24f50-e03c-4cdf-9f21-18e5bcb6f884:192.168.157.213:40280], old=null, confs=<EMPTY_MAP>
2019-11-19 00:06:48,668 [pool-27-thread-1] INFO  server.RaftServerConfigKeys (ConfUtils.java:logGet(43)) - raft.server.storage.dir = [/workdir/hadoop-ozone/integration-test/target/test-dir/MiniOzoneClusterImpl-e12fca27-2987-495d-949a-a359bcbd3d99/datanode-0/data/ratis] (custom)
2019-11-19 00:06:48,708 [pool-37-thread-1] INFO  impl.RaftServerImpl (RaftServerImpl.java:<init>(98)) - 7708ce6b-94dd-49f9-8895-392afc2c64db: new RaftServerImpl for group-3B4BF9B72A1C:[7708ce6b-94dd-49f9-8895-392afc2c64db:192.168.157.213:34565] with ContainerStateMachine:uninitialized
2019-11-19 00:06:48,710 [pool-37-thread-1] INFO  server.RaftServerConfigKeys (ConfUtils.java:logGet(43)) - raft.server.rpc.timeout.min = 5s (custom)
2019-11-19 00:06:48,710 [pool-37-thread-1] INFO  server.RaftServerConfigKeys (ConfUtils.java:logGet(43)) - raft.server.rpc.timeout.max = 5200ms (custom)
2019-11-19 00:06:48,710 [pool-37-thread-1] INFO  server.RaftServerConfigKeys (ConfUtils.java:logGet(43)) - raft.server.rpcslowness.timeout = 120s (custom)
2019-11-19 00:06:48,710 [pool-37-thread-1] INFO  server.RaftServerConfigKeys (ConfUtils.java:logGet(43)) - raft.server.sleep.deviation.threshold = 300 (default)
2019-11-19 00:06:48,710 [pool-37-thread-1] INFO  server.RaftServerConfigKeys (ConfUtils.java:logGet(43)) - raft.server.log.appender.install.snapshot.enabled = false (custom)
2019-11-19 00:06:48,711 [pool-37-thread-1] INFO  impl.RaftServerImpl (ServerState.java:<init>(103)) - 7708ce6b-94dd-49f9-8895-392afc2c64db@group-3B4BF9B72A1C: ConfigurationManager, init=-1: [7708ce6b-94dd-49f9-8895-392afc2c64db:192.168.157.213:34565], old=null, confs=<EMPTY_MAP>
2019-11-19 00:06:48,711 [pool-37-thread-1] INFO  server.RaftServerConfigKeys (ConfUtils.java:logGet(43)) - raft.server.storage.dir = [/workdir/hadoop-ozone/integration-test/target/test-dir/MiniOzoneClusterImpl-e12fca27-2987-495d-949a-a359bcbd3d99/datanode-1/data/ratis] (custom)
2019-11-19 00:06:48,711 [pool-27-thread-1] INFO  server.RaftServerConfigKeys (ConfUtils.java:logGet(43)) - raft.server.log.corruption.policy = EXCEPTION (default)
2019-11-19 00:06:48,711 [pool-37-thread-1] INFO  server.RaftServerConfigKeys (ConfUtils.java:logGet(43)) - raft.server.log.corruption.policy = EXCEPTION (default)
2019-11-19 00:06:48,713 [pool-27-thread-1] INFO  storage.RaftStorageDirectory (RaftStorageDirectory.java:analyzeStorage(246)) - The storage directory /workdir/hadoop-ozone/integration-test/target/test-dir/MiniOzoneClusterImpl-e12fca27-2987-495d-949a-a359bcbd3d99/datanode-0/data/ratis/26b972a9-003d-41bf-b3b3-5c89a0e922cd does not exist. Creating ...
2019-11-19 00:06:48,713 [pool-37-thread-1] INFO  storage.RaftStorageDirectory (RaftStorageDirectory.java:analyzeStorage(246)) - The storage directory /workdir/hadoop-ozone/integration-test/target/test-dir/MiniOzoneClusterImpl-e12fca27-2987-495d-949a-a359bcbd3d99/datanode-1/data/ratis/8c043779-8f10-43f2-9964-3b4bf9b72a1c does not exist. Creating ...
2019-11-19 00:06:48,745 [Command processor thread] INFO  impl.RaftServerProxy (RaftServerProxy.java:addNew(89)) - b9804938-182f-4054-8044-6072e531a40a: addNew group-1762D86ACA6C:[b9804938-182f-4054-8044-6072e531a40a:192.168.157.213:38909] returns group-1762D86ACA6C:java.util.concurrent.CompletableFuture@5b14bc6f[Not completed]
2019-11-19 00:06:48,754 [pool-27-thread-1] INFO  storage.RaftStorageDirectory (RaftStorageDirectory.java:tryLock(328)) - Lock on /workdir/hadoop-ozone/integration-test/target/test-dir/MiniOzoneClusterImpl-e12fca27-2987-495d-949a-a359bcbd3d99/datanode-0/data/ratis/26b972a9-003d-41bf-b3b3-5c89a0e922cd/in_use.lock acquired by nodename 1063@pr-hdds-2241-master-j9rj8-2432081592
2019-11-19 00:06:48,755 [pool-37-thread-1] INFO  storage.RaftStorageDirectory (RaftStorageDirectory.java:tryLock(328)) - Lock on /workdir/hadoop-ozone/integration-test/target/test-dir/MiniOzoneClusterImpl-e12fca27-2987-495d-949a-a359bcbd3d99/datanode-1/data/ratis/8c043779-8f10-43f2-9964-3b4bf9b72a1c/in_use.lock acquired by nodename 1063@pr-hdds-2241-master-j9rj8-2432081592
2019-11-19 00:06:48,775 [pool-47-thread-1] INFO  impl.RaftServerImpl (RaftServerImpl.java:<init>(98)) - b9804938-182f-4054-8044-6072e531a40a: new RaftServerImpl for group-1762D86ACA6C:[b9804938-182f-4054-8044-6072e531a40a:192.168.157.213:38909] with ContainerStateMachine:uninitialized
2019-11-19 00:06:48,775 [pool-47-thread-1] INFO  server.RaftServerConfigKeys (ConfUtils.java:logGet(43)) - raft.server.rpc.timeout.min = 5s (custom)
2019-11-19 00:06:48,776 [pool-47-thread-1] INFO  server.RaftServerConfigKeys (ConfUtils.java:logGet(43)) - raft.server.rpc.timeout.max = 5200ms (custom)
2019-11-19 00:06:48,776 [pool-47-thread-1] INFO  server.RaftServerConfigKeys (ConfUtils.java:logGet(43)) - raft.server.rpcslowness.timeout = 120s (custom)
2019-11-19 00:06:48,776 [pool-47-thread-1] INFO  server.RaftServerConfigKeys (ConfUtils.java:logGet(43)) - raft.server.sleep.deviation.threshold = 300 (default)
2019-11-19 00:06:48,776 [pool-47-thread-1] INFO  server.RaftServerConfigKeys (ConfUtils.java:logGet(43)) - raft.server.log.appender.install.snapshot.enabled = false (custom)
2019-11-19 00:06:48,777 [pool-47-thread-1] INFO  impl.RaftServerImpl (ServerState.java:<init>(103)) - b9804938-182f-4054-8044-6072e531a40a@group-1762D86ACA6C: ConfigurationManager, init=-1: [b9804938-182f-4054-8044-6072e531a40a:192.168.157.213:38909], old=null, confs=<EMPTY_MAP>
2019-11-19 00:06:48,777 [pool-47-thread-1] INFO  server.RaftServerConfigKeys (ConfUtils.java:logGet(43)) - raft.server.storage.dir = [/workdir/hadoop-ozone/integration-test/target/test-dir/MiniOzoneClusterImpl-e12fca27-2987-495d-949a-a359bcbd3d99/datanode-2/data/ratis] (custom)
2019-11-19 00:06:48,777 [pool-47-thread-1] INFO  server.RaftServerConfigKeys (ConfUtils.java:logGet(43)) - raft.server.log.corruption.policy = EXCEPTION (default)
2019-11-19 00:06:48,778 [pool-47-thread-1] INFO  storage.RaftStorageDirectory (RaftStorageDirectory.java:analyzeStorage(246)) - The storage directory /workdir/hadoop-ozone/integration-test/target/test-dir/MiniOzoneClusterImpl-e12fca27-2987-495d-949a-a359bcbd3d99/datanode-2/data/ratis/5f46f475-9c4e-4953-9780-1762d86aca6c does not exist. Creating ...
2019-11-19 00:06:48,791 [pool-37-thread-1] INFO  storage.RaftStorage (RaftStorage.java:format(84)) - Storage directory /workdir/hadoop-ozone/integration-test/target/test-dir/MiniOzoneClusterImpl-e12fca27-2987-495d-949a-a359bcbd3d99/datanode-1/data/ratis/8c043779-8f10-43f2-9964-3b4bf9b72a1c has been successfully formatted.
2019-11-19 00:06:48,791 [pool-27-thread-1] INFO  storage.RaftStorage (RaftStorage.java:format(84)) - Storage directory /workdir/hadoop-ozone/integration-test/target/test-dir/MiniOzoneClusterImpl-e12fca27-2987-495d-949a-a359bcbd3d99/datanode-0/data/ratis/26b972a9-003d-41bf-b3b3-5c89a0e922cd has been successfully formatted.
2019-11-19 00:06:48,802 [pool-47-thread-1] INFO  storage.RaftStorageDirectory (RaftStorageDirectory.java:tryLock(328)) - Lock on /workdir/hadoop-ozone/integration-test/target/test-dir/MiniOzoneClusterImpl-e12fca27-2987-495d-949a-a359bcbd3d99/datanode-2/data/ratis/5f46f475-9c4e-4953-9780-1762d86aca6c/in_use.lock acquired by nodename 1063@pr-hdds-2241-master-j9rj8-2432081592
2019-11-19 00:06:48,803 [pool-37-thread-1] INFO  ratis.ContainerStateMachine (ContainerStateMachine.java:loadSnapshot(223)) - group-3B4BF9B72A1C: The snapshot info is null. Setting the last applied indexto:(t:0, i:~)
2019-11-19 00:06:48,803 [pool-27-thread-1] INFO  ratis.ContainerStateMachine (ContainerStateMachine.java:loadSnapshot(223)) - group-5C89A0E922CD: The snapshot info is null. Setting the last applied indexto:(t:0, i:~)
2019-11-19 00:06:48,805 [pool-37-thread-1] INFO  server.RaftServerConfigKeys (ConfUtils.java:logGet(43)) - raft.server.notification.no-leader.timeout = 120s (custom)
2019-11-19 00:06:48,805 [pool-27-thread-1] INFO  server.RaftServerConfigKeys (ConfUtils.java:logGet(43)) - raft.server.notification.no-leader.timeout = 120s (custom)
2019-11-19 00:06:48,809 [pool-27-thread-1] INFO  server.RaftServerConfigKeys (ConfUtils.java:logGet(43)) - raft.server.log.use.memory = false (default)
2019-11-19 00:06:48,809 [pool-37-thread-1] INFO  server.RaftServerConfigKeys (ConfUtils.java:logGet(43)) - raft.server.log.use.memory = false (default)
2019-11-19 00:06:48,814 [Command processor thread] INFO  impl.RaftServerProxy (RaftServerProxy.java:addNew(89)) - 3c68acf1-2e75-484b-8dce-fe6027c40cff: addNew group-6B56377F21C6:[3c68acf1-2e75-484b-8dce-fe6027c40cff:192.168.157.213:43086] returns group-6B56377F21C6:java.util.concurrent.CompletableFuture@14e51c27[Not completed]
2019-11-19 00:06:48,820 [pool-27-thread-1] INFO  server.RaftServerConfigKeys (ConfUtils.java:logGet(43)) - raft.server.log.purge.gap = 1000000 (custom)
2019-11-19 00:06:48,820 [pool-37-thread-1] INFO  server.RaftServerConfigKeys (ConfUtils.java:logGet(43)) - raft.server.log.purge.gap = 1000000 (custom)
2019-11-19 00:06:48,820 [pool-27-thread-1] INFO  server.RaftServerConfigKeys (ConfUtils.java:logGet(43)) - raft.server.log.appender.buffer.byte-limit = 33554432 (custom)
2019-11-19 00:06:48,820 [pool-47-thread-1] INFO  storage.RaftStorage (RaftStorage.java:format(84)) - Storage directory /workdir/hadoop-ozone/integration-test/target/test-dir/MiniOzoneClusterImpl-e12fca27-2987-495d-949a-a359bcbd3d99/datanode-2/data/ratis/5f46f475-9c4e-4953-9780-1762d86aca6c has been successfully formatted.
2019-11-19 00:06:48,820 [pool-57-thread-1] INFO  impl.RaftServerImpl (RaftServerImpl.java:<init>(98)) - 3c68acf1-2e75-484b-8dce-fe6027c40cff: new RaftServerImpl for group-6B56377F21C6:[3c68acf1-2e75-484b-8dce-fe6027c40cff:192.168.157.213:43086] with ContainerStateMachine:uninitialized
2019-11-19 00:06:48,820 [pool-47-thread-1] INFO  ratis.ContainerStateMachine (ContainerStateMachine.java:loadSnapshot(223)) - group-1762D86ACA6C: The snapshot info is null. Setting the last applied indexto:(t:0, i:~)
2019-11-19 00:06:48,820 [pool-57-thread-1] INFO  server.RaftServerConfigKeys (ConfUtils.java:logGet(43)) - raft.server.rpc.timeout.min = 5s (custom)
2019-11-19 00:06:48,820 [pool-47-thread-1] INFO  server.RaftServerConfigKeys (ConfUtils.java:logGet(43)) - raft.server.notification.no-leader.timeout = 120s (custom)
2019-11-19 00:06:48,820 [pool-37-thread-1] INFO  server.RaftServerConfigKeys (ConfUtils.java:logGet(43)) - raft.server.log.appender.buffer.byte-limit = 33554432 (custom)
2019-11-19 00:06:48,821 [pool-47-thread-1] INFO  server.RaftServerConfigKeys (ConfUtils.java:logGet(43)) - raft.server.log.use.memory = false (default)
2019-11-19 00:06:48,821 [pool-57-thread-1] INFO  server.RaftServerConfigKeys (ConfUtils.java:logGet(43)) - raft.server.rpc.timeout.max = 5200ms (custom)
2019-11-19 00:06:48,821 [pool-47-thread-1] INFO  server.RaftServerConfigKeys (ConfUtils.java:logGet(43)) - raft.server.log.purge.gap = 1000000 (custom)
2019-11-19 00:06:48,821 [pool-57-thread-1] INFO  server.RaftServerConfigKeys (ConfUtils.java:logGet(43)) - raft.server.rpcslowness.timeout = 120s (custom)
2019-11-19 00:06:48,822 [pool-47-thread-1] INFO  server.RaftServerConfigKeys (ConfUtils.java:logGet(43)) - raft.server.log.appender.buffer.byte-limit = 33554432 (custom)
2019-11-19 00:06:48,822 [pool-27-thread-1] INFO  server.RaftServerConfigKeys (ConfUtils.java:logGet(43)) - raft.server.log.segment.size.max = 1048576 (custom)
2019-11-19 00:06:48,822 [pool-57-thread-1] INFO  server.RaftServerConfigKeys (ConfUtils.java:logGet(43)) - raft.server.sleep.deviation.threshold = 300 (default)
2019-11-19 00:06:48,822 [pool-37-thread-1] INFO  server.RaftServerConfigKeys (ConfUtils.java:logGet(43)) - raft.server.log.segment.size.max = 1048576 (custom)
2019-11-19 00:06:48,822 [pool-47-thread-1] INFO  server.RaftServerConfigKeys (ConfUtils.java:logGet(43)) - raft.server.log.segment.size.max = 1048576 (custom)
2019-11-19 00:06:48,822 [pool-57-thread-1] INFO  server.RaftServerConfigKeys (ConfUtils.java:logGet(43)) - raft.server.log.appender.install.snapshot.enabled = false (custom)
2019-11-19 00:06:48,823 [pool-57-thread-1] INFO  impl.RaftServerImpl (ServerState.java:<init>(103)) - 3c68acf1-2e75-484b-8dce-fe6027c40cff@group-6B56377F21C6: ConfigurationManager, init=-1: [3c68acf1-2e75-484b-8dce-fe6027c40cff:192.168.157.213:43086], old=null, confs=<EMPTY_MAP>
2019-11-19 00:06:48,823 [pool-57-thread-1] INFO  server.RaftServerConfigKeys (ConfUtils.java:logGet(43)) - raft.server.storage.dir = [/workdir/hadoop-ozone/integration-test/target/test-dir/MiniOzoneClusterImpl-e12fca27-2987-495d-949a-a359bcbd3d99/datanode-3/data/ratis] (custom)
2019-11-19 00:06:48,824 [pool-57-thread-1] INFO  server.RaftServerConfigKeys (ConfUtils.java:logGet(43)) - raft.server.log.corruption.policy = EXCEPTION (default)
2019-11-19 00:06:48,824 [pool-57-thread-1] INFO  storage.RaftStorageDirectory (RaftStorageDirectory.java:analyzeStorage(246)) - The storage directory /workdir/hadoop-ozone/integration-test/target/test-dir/MiniOzoneClusterImpl-e12fca27-2987-495d-949a-a359bcbd3d99/datanode-3/data/ratis/7f4f2ca8-078e-43da-a41b-6b56377f21c6 does not exist. Creating ...
2019-11-19 00:06:48,828 [pool-27-thread-1] INFO  metrics.MetricRegistries (MetricRegistriesLoader.java:load(64)) - Loaded MetricRegistries class org.apache.ratis.metrics.impl.MetricRegistriesImpl
2019-11-19 00:06:48,832 [pool-27-thread-1] WARN  impl.MetricRegistriesImpl (MetricRegistriesImpl.java:lambda$create$1(61)) - First MetricRegistry has been created without registering reporters. You may need to call MetricRegistries.global().addReportRegistration(...) before.
2019-11-19 00:06:48,832 [pool-37-thread-1] WARN  impl.MetricRegistriesImpl (MetricRegistriesImpl.java:lambda$create$1(61)) - First MetricRegistry has been created without registering reporters. You may need to call MetricRegistries.global().addReportRegistration(...) before.
2019-11-19 00:06:48,832 [pool-47-thread-1] WARN  impl.MetricRegistriesImpl (MetricRegistriesImpl.java:lambda$create$1(61)) - First MetricRegistry has been created without registering reporters. You may need to call MetricRegistries.global().addReportRegistration(...) before.
2019-11-19 00:06:48,838 [pool-57-thread-1] INFO  storage.RaftStorageDirectory (RaftStorageDirectory.java:tryLock(328)) - Lock on /workdir/hadoop-ozone/integration-test/target/test-dir/MiniOzoneClusterImpl-e12fca27-2987-495d-949a-a359bcbd3d99/datanode-3/data/ratis/7f4f2ca8-078e-43da-a41b-6b56377f21c6/in_use.lock acquired by nodename 1063@pr-hdds-2241-master-j9rj8-2432081592
2019-11-19 00:06:48,839 [pool-27-thread-1] INFO  server.RaftServerConfigKeys (ConfUtils.java:logGet(43)) - raft.server.log.segment.cache.num.max = 2 (custom)
2019-11-19 00:06:48,839 [pool-37-thread-1] INFO  server.RaftServerConfigKeys (ConfUtils.java:logGet(43)) - raft.server.log.segment.cache.num.max = 2 (custom)
2019-11-19 00:06:48,839 [pool-47-thread-1] INFO  server.RaftServerConfigKeys (ConfUtils.java:logGet(43)) - raft.server.log.segment.cache.num.max = 2 (custom)
2019-11-19 00:06:48,845 [pool-27-thread-1] INFO  segmented.SegmentedRaftLogWorker (SegmentedRaftLogWorker.java:<init>(173)) - new 58d24f50-e03c-4cdf-9f21-18e5bcb6f884@group-5C89A0E922CD-SegmentedRaftLogWorker for RaftStorage:Storage Directory /workdir/hadoop-ozone/integration-test/target/test-dir/MiniOzoneClusterImpl-e12fca27-2987-495d-949a-a359bcbd3d99/datanode-0/data/ratis/26b972a9-003d-41bf-b3b3-5c89a0e922cd
2019-11-19 00:06:48,845 [pool-47-thread-1] INFO  segmented.SegmentedRaftLogWorker (SegmentedRaftLogWorker.java:<init>(173)) - new b9804938-182f-4054-8044-6072e531a40a@group-1762D86ACA6C-SegmentedRaftLogWorker for RaftStorage:Storage Directory /workdir/hadoop-ozone/integration-test/target/test-dir/MiniOzoneClusterImpl-e12fca27-2987-495d-949a-a359bcbd3d99/datanode-2/data/ratis/5f46f475-9c4e-4953-9780-1762d86aca6c
2019-11-19 00:06:48,845 [pool-37-thread-1] INFO  segmented.SegmentedRaftLogWorker (SegmentedRaftLogWorker.java:<init>(173)) - new 7708ce6b-94dd-49f9-8895-392afc2c64db@group-3B4BF9B72A1C-SegmentedRaftLogWorker for RaftStorage:Storage Directory /workdir/hadoop-ozone/integration-test/target/test-dir/MiniOzoneClusterImpl-e12fca27-2987-495d-949a-a359bcbd3d99/datanode-1/data/ratis/8c043779-8f10-43f2-9964-3b4bf9b72a1c
2019-11-19 00:06:48,848 [pool-27-thread-1] INFO  server.RaftServerConfigKeys (ConfUtils.java:logGet(43)) - raft.server.log.queue.byte-limit = 2147483647 (custom)
2019-11-19 00:06:48,848 [pool-47-thread-1] INFO  server.RaftServerConfigKeys (ConfUtils.java:logGet(43)) - raft.server.log.queue.byte-limit = 2147483647 (custom)
2019-11-19 00:06:48,848 [pool-37-thread-1] INFO  server.RaftServerConfigKeys (ConfUtils.java:logGet(43)) - raft.server.log.queue.byte-limit = 2147483647 (custom)
2019-11-19 00:06:48,848 [pool-27-thread-1] INFO  server.RaftServerConfigKeys (ConfUtils.java:logGet(43)) - raft.server.log.queue.element-limit = 1024 (custom)
2019-11-19 00:06:48,849 [pool-37-thread-1] INFO  server.RaftServerConfigKeys (ConfUtils.java:logGet(43)) - raft.server.log.queue.element-limit = 1024 (custom)
2019-11-19 00:06:48,849 [pool-47-thread-1] INFO  server.RaftServerConfigKeys (ConfUtils.java:logGet(43)) - raft.server.log.queue.element-limit = 1024 (custom)
2019-11-19 00:06:48,850 [pool-37-thread-1] INFO  server.RaftServerConfigKeys (ConfUtils.java:logGet(43)) - raft.server.log.segment.size.max = 1048576 (custom)
2019-11-19 00:06:48,850 [pool-27-thread-1] INFO  server.RaftServerConfigKeys (ConfUtils.java:logGet(43)) - raft.server.log.segment.size.max = 1048576 (custom)
2019-11-19 00:06:48,850 [pool-47-thread-1] INFO  server.RaftServerConfigKeys (ConfUtils.java:logGet(43)) - raft.server.log.segment.size.max = 1048576 (custom)
2019-11-19 00:06:48,851 [pool-37-thread-1] INFO  server.RaftServerConfigKeys (ConfUtils.java:logGet(43)) - raft.server.log.preallocated.size = 16384 (custom)
2019-11-19 00:06:48,851 [pool-57-thread-1] INFO  storage.RaftStorage (RaftStorage.java:format(84)) - Storage directory /workdir/hadoop-ozone/integration-test/target/test-dir/MiniOzoneClusterImpl-e12fca27-2987-495d-949a-a359bcbd3d99/datanode-3/data/ratis/7f4f2ca8-078e-43da-a41b-6b56377f21c6 has been successfully formatted.
2019-11-19 00:06:48,851 [pool-27-thread-1] INFO  server.RaftServerConfigKeys (ConfUtils.java:logGet(43)) - raft.server.log.preallocated.size = 16384 (custom)
2019-11-19 00:06:48,851 [pool-47-thread-1] INFO  server.RaftServerConfigKeys (ConfUtils.java:logGet(43)) - raft.server.log.preallocated.size = 16384 (custom)
2019-11-19 00:06:48,851 [pool-37-thread-1] INFO  server.RaftServerConfigKeys (ConfUtils.java:logGet(43)) - raft.server.log.write.buffer.size = 33554432 (custom)
2019-11-19 00:06:48,851 [pool-57-thread-1] INFO  ratis.ContainerStateMachine (ContainerStateMachine.java:loadSnapshot(223)) - group-6B56377F21C6: The snapshot info is null. Setting the last applied indexto:(t:0, i:~)
2019-11-19 00:06:48,852 [pool-27-thread-1] INFO  server.RaftServerConfigKeys (ConfUtils.java:logGet(43)) - raft.server.log.write.buffer.size = 33554432 (custom)
2019-11-19 00:06:48,852 [pool-47-thread-1] INFO  server.RaftServerConfigKeys (ConfUtils.java:logGet(43)) - raft.server.log.write.buffer.size = 33554432 (custom)
2019-11-19 00:06:48,852 [pool-37-thread-1] INFO  server.RaftServerConfigKeys (ConfUtils.java:logGet(43)) - raft.server.log.force.sync.num = 128 (default)
2019-11-19 00:06:48,852 [pool-57-thread-1] INFO  server.RaftServerConfigKeys (ConfUtils.java:logGet(43)) - raft.server.notification.no-leader.timeout = 120s (custom)
2019-11-19 00:06:48,852 [pool-47-thread-1] INFO  server.RaftServerConfigKeys (ConfUtils.java:logGet(43)) - raft.server.log.force.sync.num = 128 (default)
2019-11-19 00:06:48,852 [pool-57-thread-1] INFO  server.RaftServerConfigKeys (ConfUtils.java:logGet(43)) - raft.server.log.use.memory = false (default)
2019-11-19 00:06:48,852 [pool-27-thread-1] INFO  server.RaftServerConfigKeys (ConfUtils.java:logGet(43)) - raft.server.log.force.sync.num = 128 (default)
2019-11-19 00:06:48,853 [pool-57-thread-1] INFO  server.RaftServerConfigKeys (ConfUtils.java:logGet(43)) - raft.server.log.purge.gap = 1000000 (custom)
2019-11-19 00:06:48,853 [pool-57-thread-1] INFO  server.RaftServerConfigKeys (ConfUtils.java:logGet(43)) - raft.server.log.appender.buffer.byte-limit = 33554432 (custom)
2019-11-19 00:06:48,853 [pool-57-thread-1] INFO  server.RaftServerConfigKeys (ConfUtils.java:logGet(43)) - raft.server.log.segment.size.max = 1048576 (custom)
2019-11-19 00:06:48,853 [pool-57-thread-1] WARN  impl.MetricRegistriesImpl (MetricRegistriesImpl.java:lambda$create$1(61)) - First MetricRegistry has been created without registering reporters. You may need to call MetricRegistries.global().addReportRegistration(...) before.
2019-11-19 00:06:48,853 [pool-57-thread-1] INFO  server.RaftServerConfigKeys (ConfUtils.java:logGet(43)) - raft.server.log.segment.cache.num.max = 2 (custom)
2019-11-19 00:06:48,854 [pool-57-thread-1] INFO  segmented.SegmentedRaftLogWorker (SegmentedRaftLogWorker.java:<init>(173)) - new 3c68acf1-2e75-484b-8dce-fe6027c40cff@group-6B56377F21C6-SegmentedRaftLogWorker for RaftStorage:Storage Directory /workdir/hadoop-ozone/integration-test/target/test-dir/MiniOzoneClusterImpl-e12fca27-2987-495d-949a-a359bcbd3d99/datanode-3/data/ratis/7f4f2ca8-078e-43da-a41b-6b56377f21c6
2019-11-19 00:06:48,854 [pool-57-thread-1] INFO  server.RaftServerConfigKeys (ConfUtils.java:logGet(43)) - raft.server.log.queue.byte-limit = 2147483647 (custom)
2019-11-19 00:06:48,854 [pool-37-thread-1] INFO  server.RaftServerConfigKeys (ConfUtils.java:logGet(43)) - raft.server.log.statemachine.data.sync = true (default)
2019-11-19 00:06:48,854 [pool-57-thread-1] INFO  server.RaftServerConfigKeys (ConfUtils.java:logGet(43)) - raft.server.log.queue.element-limit = 1024 (custom)
2019-11-19 00:06:48,854 [pool-27-thread-1] INFO  server.RaftServerConfigKeys (ConfUtils.java:logGet(43)) - raft.server.log.statemachine.data.sync = true (default)
2019-11-19 00:06:48,854 [pool-47-thread-1] INFO  server.RaftServerConfigKeys (ConfUtils.java:logGet(43)) - raft.server.log.statemachine.data.sync = true (default)
2019-11-19 00:06:48,854 [pool-27-thread-1] INFO  server.RaftServerConfigKeys (ConfUtils.java:logGet(43)) - raft.server.log.statemachine.data.sync.timeout = 10s (default)
2019-11-19 00:06:48,854 [pool-57-thread-1] INFO  server.RaftServerConfigKeys (ConfUtils.java:logGet(43)) - raft.server.log.segment.size.max = 1048576 (custom)
2019-11-19 00:06:48,854 [pool-37-thread-1] INFO  server.RaftServerConfigKeys (ConfUtils.java:logGet(43)) - raft.server.log.statemachine.data.sync.timeout = 10s (default)
2019-11-19 00:06:48,855 [pool-57-thread-1] INFO  server.RaftServerConfigKeys (ConfUtils.java:logGet(43)) - raft.server.log.preallocated.size = 16384 (custom)
2019-11-19 00:06:48,854 [pool-47-thread-1] INFO  server.RaftServerConfigKeys (ConfUtils.java:logGet(43)) - raft.server.log.statemachine.data.sync.timeout = 10s (default)
2019-11-19 00:06:48,855 [pool-57-thread-1] INFO  server.RaftServerConfigKeys (ConfUtils.java:logGet(43)) - raft.server.log.write.buffer.size = 33554432 (custom)
2019-11-19 00:06:48,855 [pool-27-thread-1] INFO  server.RaftServerConfigKeys (ConfUtils.java:logGet(43)) - raft.server.log.statemachine.data.sync.timeout.retry = -1 (default)
2019-11-19 00:06:48,855 [pool-57-thread-1] INFO  server.RaftServerConfigKeys (ConfUtils.java:logGet(43)) - raft.server.log.force.sync.num = 128 (default)
2019-11-19 00:06:48,856 [pool-57-thread-1] INFO  server.RaftServerConfigKeys (ConfUtils.java:logGet(43)) - raft.server.log.statemachine.data.sync = true (default)
2019-11-19 00:06:48,855 [pool-47-thread-1] INFO  server.RaftServerConfigKeys (ConfUtils.java:logGet(43)) - raft.server.log.statemachine.data.sync.timeout.retry = -1 (default)
2019-11-19 00:06:48,855 [pool-37-thread-1] INFO  server.RaftServerConfigKeys (ConfUtils.java:logGet(43)) - raft.server.log.statemachine.data.sync.timeout.retry = -1 (default)
2019-11-19 00:06:48,856 [pool-57-thread-1] INFO  server.RaftServerConfigKeys (ConfUtils.java:logGet(43)) - raft.server.log.statemachine.data.sync.timeout = 10s (default)
2019-11-19 00:06:48,856 [pool-57-thread-1] INFO  server.RaftServerConfigKeys (ConfUtils.java:logGet(43)) - raft.server.log.statemachine.data.sync.timeout.retry = -1 (default)
2019-11-19 00:06:48,868 [pool-27-thread-1] INFO  server.RaftServerConfigKeys (ConfUtils.java:logGet(43)) - raft.server.log.statemachine.data.caching.enabled = true (custom)
2019-11-19 00:06:48,868 [pool-37-thread-1] INFO  server.RaftServerConfigKeys (ConfUtils.java:logGet(43)) - raft.server.log.statemachine.data.caching.enabled = true (custom)
2019-11-19 00:06:48,868 [pool-57-thread-1] INFO  server.RaftServerConfigKeys (ConfUtils.java:logGet(43)) - raft.server.log.statemachine.data.caching.enabled = true (custom)
2019-11-19 00:06:48,868 [pool-47-thread-1] INFO  server.RaftServerConfigKeys (ConfUtils.java:logGet(43)) - raft.server.log.statemachine.data.caching.enabled = true (custom)
2019-11-19 00:06:48,877 [pool-27-thread-1] INFO  segmented.SegmentedRaftLogWorker (SegmentedRaftLogWorker.java:lambda$new$0(128)) - 58d24f50-e03c-4cdf-9f21-18e5bcb6f884@group-5C89A0E922CD-SegmentedRaftLogWorker: flushIndex: setUnconditionally 0 -> -1
2019-11-19 00:06:48,877 [pool-47-thread-1] INFO  segmented.SegmentedRaftLogWorker (SegmentedRaftLogWorker.java:lambda$new$0(128)) - b9804938-182f-4054-8044-6072e531a40a@group-1762D86ACA6C-SegmentedRaftLogWorker: flushIndex: setUnconditionally 0 -> -1
2019-11-19 00:06:48,877 [pool-57-thread-1] INFO  segmented.SegmentedRaftLogWorker (SegmentedRaftLogWorker.java:lambda$new$0(128)) - 3c68acf1-2e75-484b-8dce-fe6027c40cff@group-6B56377F21C6-SegmentedRaftLogWorker: flushIndex: setUnconditionally 0 -> -1
2019-11-19 00:06:48,877 [pool-37-thread-1] INFO  segmented.SegmentedRaftLogWorker (SegmentedRaftLogWorker.java:lambda$new$0(128)) - 7708ce6b-94dd-49f9-8895-392afc2c64db@group-3B4BF9B72A1C-SegmentedRaftLogWorker: flushIndex: setUnconditionally 0 -> -1
2019-11-19 00:06:48,881 [pool-27-thread-1] INFO  server.RaftServerConfigKeys (ConfUtils.java:logGet(43)) - raft.server.snapshot.auto.trigger.enabled = true (custom)
2019-11-19 00:06:48,881 [pool-47-thread-1] INFO  server.RaftServerConfigKeys (ConfUtils.java:logGet(43)) - raft.server.snapshot.auto.trigger.enabled = true (custom)
2019-11-19 00:06:48,881 [pool-57-thread-1] INFO  server.RaftServerConfigKeys (ConfUtils.java:logGet(43)) - raft.server.snapshot.auto.trigger.enabled = true (custom)
2019-11-19 00:06:48,881 [pool-37-thread-1] INFO  server.RaftServerConfigKeys (ConfUtils.java:logGet(43)) - raft.server.snapshot.auto.trigger.enabled = true (custom)
2019-11-19 00:06:48,883 [pool-27-thread-1] INFO  server.RaftServerConfigKeys (ConfUtils.java:logGet(43)) - raft.server.snapshot.auto.trigger.threshold = 10000 (custom)
2019-11-19 00:06:48,883 [pool-37-thread-1] INFO  server.RaftServerConfigKeys (ConfUtils.java:logGet(43)) - raft.server.snapshot.auto.trigger.threshold = 10000 (custom)
2019-11-19 00:06:48,883 [pool-47-thread-1] INFO  server.RaftServerConfigKeys (ConfUtils.java:logGet(43)) - raft.server.snapshot.auto.trigger.threshold = 10000 (custom)
2019-11-19 00:06:48,883 [pool-57-thread-1] INFO  server.RaftServerConfigKeys (ConfUtils.java:logGet(43)) - raft.server.snapshot.auto.trigger.threshold = 10000 (custom)
2019-11-19 00:06:48,883 [pool-27-thread-1] INFO  server.RaftServerConfigKeys (ConfUtils.java:logGet(43)) - raft.server.snapshot.retention.file.num = 5 (custom)
2019-11-19 00:06:48,883 [pool-37-thread-1] INFO  server.RaftServerConfigKeys (ConfUtils.java:logGet(43)) - raft.server.snapshot.retention.file.num = 5 (custom)
2019-11-19 00:06:48,883 [pool-57-thread-1] INFO  server.RaftServerConfigKeys (ConfUtils.java:logGet(43)) - raft.server.snapshot.retention.file.num = 5 (custom)
2019-11-19 00:06:48,883 [pool-47-thread-1] INFO  server.RaftServerConfigKeys (ConfUtils.java:logGet(43)) - raft.server.snapshot.retention.file.num = 5 (custom)
2019-11-19 00:06:48,884 [pool-27-thread-1] INFO  server.RaftServerConfigKeys (ConfUtils.java:logGet(43)) - raft.server.retrycache.expirytime = 600000ms (custom)
2019-11-19 00:06:48,884 [pool-47-thread-1] INFO  server.RaftServerConfigKeys (ConfUtils.java:logGet(43)) - raft.server.retrycache.expirytime = 600000ms (custom)
2019-11-19 00:06:48,884 [pool-57-thread-1] INFO  server.RaftServerConfigKeys (ConfUtils.java:logGet(43)) - raft.server.retrycache.expirytime = 600000ms (custom)
2019-11-19 00:06:48,884 [pool-37-thread-1] INFO  server.RaftServerConfigKeys (ConfUtils.java:logGet(43)) - raft.server.retrycache.expirytime = 600000ms (custom)
2019-11-19 00:06:48,889 [Command processor thread] INFO  impl.RaftServerProxy (RaftServerProxy.java:addNew(89)) - bd387ed7-3819-4da1-a185-88e6b294d0ec: addNew group-51D6D21053E6:[bd387ed7-3819-4da1-a185-88e6b294d0ec:192.168.157.213:43405] returns group-51D6D21053E6:java.util.concurrent.CompletableFuture@3ffc1348[Not completed]
2019-11-19 00:06:48,894 [pool-67-thread-1] INFO  impl.RaftServerImpl (RaftServerImpl.java:<init>(98)) - bd387ed7-3819-4da1-a185-88e6b294d0ec: new RaftServerImpl for group-51D6D21053E6:[bd387ed7-3819-4da1-a185-88e6b294d0ec:192.168.157.213:43405] with ContainerStateMachine:uninitialized
2019-11-19 00:06:48,894 [pool-67-thread-1] INFO  server.RaftServerConfigKeys (ConfUtils.java:logGet(43)) - raft.server.rpc.timeout.min = 5s (custom)
2019-11-19 00:06:48,894 [pool-67-thread-1] INFO  server.RaftServerConfigKeys (ConfUtils.java:logGet(43)) - raft.server.rpc.timeout.max = 5200ms (custom)
2019-11-19 00:06:48,894 [pool-67-thread-1] INFO  server.RaftServerConfigKeys (ConfUtils.java:logGet(43)) - raft.server.rpcslowness.timeout = 120s (custom)
2019-11-19 00:06:48,894 [pool-67-thread-1] INFO  server.RaftServerConfigKeys (ConfUtils.java:logGet(43)) - raft.server.sleep.deviation.threshold = 300 (default)
2019-11-19 00:06:48,894 [pool-67-thread-1] INFO  server.RaftServerConfigKeys (ConfUtils.java:logGet(43)) - raft.server.log.appender.install.snapshot.enabled = false (custom)
2019-11-19 00:06:48,895 [pool-67-thread-1] INFO  impl.RaftServerImpl (ServerState.java:<init>(103)) - bd387ed7-3819-4da1-a185-88e6b294d0ec@group-51D6D21053E6: ConfigurationManager, init=-1: [bd387ed7-3819-4da1-a185-88e6b294d0ec:192.168.157.213:43405], old=null, confs=<EMPTY_MAP>
2019-11-19 00:06:48,895 [pool-67-thread-1] INFO  server.RaftServerConfigKeys (ConfUtils.java:logGet(43)) - raft.server.storage.dir = [/workdir/hadoop-ozone/integration-test/target/test-dir/MiniOzoneClusterImpl-e12fca27-2987-495d-949a-a359bcbd3d99/datanode-4/data/ratis] (custom)
2019-11-19 00:06:48,895 [pool-67-thread-1] INFO  server.RaftServerConfigKeys (ConfUtils.java:logGet(43)) - raft.server.log.corruption.policy = EXCEPTION (default)
2019-11-19 00:06:48,895 [pool-67-thread-1] INFO  storage.RaftStorageDirectory (RaftStorageDirectory.java:analyzeStorage(246)) - The storage directory /workdir/hadoop-ozone/integration-test/target/test-dir/MiniOzoneClusterImpl-e12fca27-2987-495d-949a-a359bcbd3d99/datanode-4/data/ratis/9a4fae68-9ff9-40ee-a91e-51d6d21053e6 does not exist. Creating ...
2019-11-19 00:06:48,908 [pool-27-thread-1] WARN  impl.MetricRegistriesImpl (MetricRegistriesImpl.java:lambda$create$1(61)) - First MetricRegistry has been created without registering reporters. You may need to call MetricRegistries.global().addReportRegistration(...) before.
2019-11-19 00:06:48,908 [pool-37-thread-1] WARN  impl.MetricRegistriesImpl (MetricRegistriesImpl.java:lambda$create$1(61)) - First MetricRegistry has been created without registering reporters. You may need to call MetricRegistries.global().addReportRegistration(...) before.
2019-11-19 00:06:48,908 [pool-47-thread-1] WARN  impl.MetricRegistriesImpl (MetricRegistriesImpl.java:lambda$create$1(61)) - First MetricRegistry has been created without registering reporters. You may need to call MetricRegistries.global().addReportRegistration(...) before.
2019-11-19 00:06:48,908 [pool-57-thread-1] WARN  impl.MetricRegistriesImpl (MetricRegistriesImpl.java:lambda$create$1(61)) - First MetricRegistry has been created without registering reporters. You may need to call MetricRegistries.global().addReportRegistration(...) before.
2019-11-19 00:06:48,910 [pool-27-thread-1] WARN  impl.MetricRegistriesImpl (MetricRegistriesImpl.java:lambda$create$1(61)) - First MetricRegistry has been created without registering reporters. You may need to call MetricRegistries.global().addReportRegistration(...) before.
2019-11-19 00:06:48,910 [pool-37-thread-1] WARN  impl.MetricRegistriesImpl (MetricRegistriesImpl.java:lambda$create$1(61)) - First MetricRegistry has been created without registering reporters. You may need to call MetricRegistries.global().addReportRegistration(...) before.
2019-11-19 00:06:48,910 [pool-57-thread-1] WARN  impl.MetricRegistriesImpl (MetricRegistriesImpl.java:lambda$create$1(61)) - First MetricRegistry has been created without registering reporters. You may need to call MetricRegistries.global().addReportRegistration(...) before.
2019-11-19 00:06:48,910 [pool-47-thread-1] WARN  impl.MetricRegistriesImpl (MetricRegistriesImpl.java:lambda$create$1(61)) - First MetricRegistry has been created without registering reporters. You may need to call MetricRegistries.global().addReportRegistration(...) before.
2019-11-19 00:06:48,912 [pool-57-thread-1] INFO  impl.RaftServerImpl (RaftServerImpl.java:start(184)) - 3c68acf1-2e75-484b-8dce-fe6027c40cff@group-6B56377F21C6: start as a follower, conf=-1: [3c68acf1-2e75-484b-8dce-fe6027c40cff:192.168.157.213:43086], old=null
2019-11-19 00:06:48,912 [pool-27-thread-1] INFO  impl.RaftServerImpl (RaftServerImpl.java:start(184)) - 58d24f50-e03c-4cdf-9f21-18e5bcb6f884@group-5C89A0E922CD: start as a follower, conf=-1: [58d24f50-e03c-4cdf-9f21-18e5bcb6f884:192.168.157.213:40280], old=null
2019-11-19 00:06:48,912 [pool-47-thread-1] INFO  impl.RaftServerImpl (RaftServerImpl.java:start(184)) - b9804938-182f-4054-8044-6072e531a40a@group-1762D86ACA6C: start as a follower, conf=-1: [b9804938-182f-4054-8044-6072e531a40a:192.168.157.213:38909], old=null
2019-11-19 00:06:48,912 [pool-37-thread-1] INFO  impl.RaftServerImpl (RaftServerImpl.java:start(184)) - 7708ce6b-94dd-49f9-8895-392afc2c64db@group-3B4BF9B72A1C: start as a follower, conf=-1: [7708ce6b-94dd-49f9-8895-392afc2c64db:192.168.157.213:34565], old=null
2019-11-19 00:06:48,913 [pool-47-thread-1] INFO  impl.RaftServerImpl (RaftServerImpl.java:setRole(173)) - b9804938-182f-4054-8044-6072e531a40a@group-1762D86ACA6C: changes role from      null to FOLLOWER at term 0 for startAsFollower
2019-11-19 00:06:48,913 [pool-57-thread-1] INFO  impl.RaftServerImpl (RaftServerImpl.java:setRole(173)) - 3c68acf1-2e75-484b-8dce-fe6027c40cff@group-6B56377F21C6: changes role from      null to FOLLOWER at term 0 for startAsFollower
2019-11-19 00:06:48,913 [pool-37-thread-1] INFO  impl.RaftServerImpl (RaftServerImpl.java:setRole(173)) - 7708ce6b-94dd-49f9-8895-392afc2c64db@group-3B4BF9B72A1C: changes role from      null to FOLLOWER at term 0 for startAsFollower
2019-11-19 00:06:48,913 [pool-27-thread-1] INFO  impl.RaftServerImpl (RaftServerImpl.java:setRole(173)) - 58d24f50-e03c-4cdf-9f21-18e5bcb6f884@group-5C89A0E922CD: changes role from      null to FOLLOWER at term 0 for startAsFollower
2019-11-19 00:06:48,914 [pool-27-thread-1] INFO  impl.RoleInfo (RoleInfo.java:updateAndGet(143)) - 58d24f50-e03c-4cdf-9f21-18e5bcb6f884: start FollowerState
2019-11-19 00:06:48,919 [pool-67-thread-1] INFO  storage.RaftStorageDirectory (RaftStorageDirectory.java:tryLock(328)) - Lock on /workdir/hadoop-ozone/integration-test/target/test-dir/MiniOzoneClusterImpl-e12fca27-2987-495d-949a-a359bcbd3d99/datanode-4/data/ratis/9a4fae68-9ff9-40ee-a91e-51d6d21053e6/in_use.lock acquired by nodename 1063@pr-hdds-2241-master-j9rj8-2432081592
2019-11-19 00:06:48,914 [pool-57-thread-1] INFO  impl.RoleInfo (RoleInfo.java:updateAndGet(143)) - 3c68acf1-2e75-484b-8dce-fe6027c40cff: start FollowerState
2019-11-19 00:06:48,914 [pool-47-thread-1] INFO  impl.RoleInfo (RoleInfo.java:updateAndGet(143)) - b9804938-182f-4054-8044-6072e531a40a: start FollowerState
2019-11-19 00:06:48,919 [pool-37-thread-1] INFO  impl.RoleInfo (RoleInfo.java:updateAndGet(143)) - 7708ce6b-94dd-49f9-8895-392afc2c64db: start FollowerState
2019-11-19 00:06:48,921 [pool-27-thread-1] INFO  util.JmxRegister (JmxRegister.java:tryRegister(44)) - Successfully registered JMX Bean with object name Ratis:service=RaftServer,group=group-5C89A0E922CD,id=58d24f50-e03c-4cdf-9f21-18e5bcb6f884
2019-11-19 00:06:48,921 [pool-57-thread-1] INFO  util.JmxRegister (JmxRegister.java:tryRegister(44)) - Successfully registered JMX Bean with object name Ratis:service=RaftServer,group=group-6B56377F21C6,id=3c68acf1-2e75-484b-8dce-fe6027c40cff
2019-11-19 00:06:48,921 [pool-47-thread-1] INFO  util.JmxRegister (JmxRegister.java:tryRegister(44)) - Successfully registered JMX Bean with object name Ratis:service=RaftServer,group=group-1762D86ACA6C,id=b9804938-182f-4054-8044-6072e531a40a
2019-11-19 00:06:48,921 [pool-37-thread-1] INFO  util.JmxRegister (JmxRegister.java:tryRegister(44)) - Successfully registered JMX Bean with object name Ratis:service=RaftServer,group=group-3B4BF9B72A1C,id=7708ce6b-94dd-49f9-8895-392afc2c64db
2019-11-19 00:06:48,924 [pool-27-thread-1] WARN  impl.MetricRegistriesImpl (MetricRegistriesImpl.java:lambda$create$1(61)) - First MetricRegistry has been created without registering reporters. You may need to call MetricRegistries.global().addReportRegistration(...) before.
2019-11-19 00:06:48,924 [pool-37-thread-1] WARN  impl.MetricRegistriesImpl (MetricRegistriesImpl.java:lambda$create$1(61)) - First MetricRegistry has been created without registering reporters. You may need to call MetricRegistries.global().addReportRegistration(...) before.
2019-11-19 00:06:48,924 [pool-57-thread-1] WARN  impl.MetricRegistriesImpl (MetricRegistriesImpl.java:lambda$create$1(61)) - First MetricRegistry has been created without registering reporters. You may need to call MetricRegistries.global().addReportRegistration(...) before.
2019-11-19 00:06:48,924 [pool-47-thread-1] WARN  impl.MetricRegistriesImpl (MetricRegistriesImpl.java:lambda$create$1(61)) - First MetricRegistry has been created without registering reporters. You may need to call MetricRegistries.global().addReportRegistration(...) before.
2019-11-19 00:06:48,937 [Command processor thread] INFO  commandhandler.CreatePipelineCommandHandler (CreatePipelineCommandHandler.java:handle(86)) - Create Pipeline RATIS ONE #id: "8c043779-8f10-43f2-9964-3b4bf9b72a1c"
 command succeed on datanode 7708ce6b-94dd-49f9-8895-392afc2c64db.
2019-11-19 00:06:48,937 [Command processor thread] INFO  commandhandler.CreatePipelineCommandHandler (CreatePipelineCommandHandler.java:handle(86)) - Create Pipeline RATIS ONE #id: "5f46f475-9c4e-4953-9780-1762d86aca6c"
 command succeed on datanode b9804938-182f-4054-8044-6072e531a40a.
2019-11-19 00:06:48,939 [Command processor thread] INFO  commandhandler.CreatePipelineCommandHandler (CreatePipelineCommandHandler.java:handle(86)) - Create Pipeline RATIS ONE #id: "7f4f2ca8-078e-43da-a41b-6b56377f21c6"
 command succeed on datanode 3c68acf1-2e75-484b-8dce-fe6027c40cff.
2019-11-19 00:06:48,939 [Command processor thread] INFO  commandhandler.CreatePipelineCommandHandler (CreatePipelineCommandHandler.java:handle(86)) - Create Pipeline RATIS ONE #id: "26b972a9-003d-41bf-b3b3-5c89a0e922cd"
 command succeed on datanode 58d24f50-e03c-4cdf-9f21-18e5bcb6f884.
2019-11-19 00:06:48,945 [Command processor thread] INFO  impl.RaftServerProxy (RaftServerProxy.java:addNew(89)) - b9804938-182f-4054-8044-6072e531a40a: addNew group-30B6BEED2D1E:[b9804938-182f-4054-8044-6072e531a40a:192.168.157.213:38909, 58d24f50-e03c-4cdf-9f21-18e5bcb6f884:192.168.157.213:40280, 7708ce6b-94dd-49f9-8895-392afc2c64db:192.168.157.213:34565] returns group-30B6BEED2D1E:java.util.concurrent.CompletableFuture@5f2b23d5[Not completed]
2019-11-19 00:06:48,945 [Command processor thread] INFO  impl.RaftServerProxy (RaftServerProxy.java:addNew(89)) - 3c68acf1-2e75-484b-8dce-fe6027c40cff: addNew group-1638BC5485D3:[93728d59-90a7-4d42-a9e8-51f96f87119b:192.168.157.213:46185, bd387ed7-3819-4da1-a185-88e6b294d0ec:192.168.157.213:43405, 3c68acf1-2e75-484b-8dce-fe6027c40cff:192.168.157.213:43086] returns group-1638BC5485D3:java.util.concurrent.CompletableFuture@55d8161c[Not completed]
2019-11-19 00:06:48,945 [Command processor thread] INFO  impl.RaftServerProxy (RaftServerProxy.java:addNew(89)) - 58d24f50-e03c-4cdf-9f21-18e5bcb6f884: addNew group-30B6BEED2D1E:[b9804938-182f-4054-8044-6072e531a40a:192.168.157.213:38909, 58d24f50-e03c-4cdf-9f21-18e5bcb6f884:192.168.157.213:40280, 7708ce6b-94dd-49f9-8895-392afc2c64db:192.168.157.213:34565] returns group-30B6BEED2D1E:java.util.concurrent.CompletableFuture@4dbc5dbc[Not completed]
2019-11-19 00:06:48,945 [Command processor thread] INFO  impl.RaftServerProxy (RaftServerProxy.java:addNew(89)) - 7708ce6b-94dd-49f9-8895-392afc2c64db: addNew group-30B6BEED2D1E:[b9804938-182f-4054-8044-6072e531a40a:192.168.157.213:38909, 58d24f50-e03c-4cdf-9f21-18e5bcb6f884:192.168.157.213:40280, 7708ce6b-94dd-49f9-8895-392afc2c64db:192.168.157.213:34565] returns group-30B6BEED2D1E:java.util.concurrent.CompletableFuture@4918e139[Not completed]
2019-11-19 00:06:48,948 [pool-67-thread-1] INFO  storage.RaftStorage (RaftStorage.java:format(84)) - Storage directory /workdir/hadoop-ozone/integration-test/target/test-dir/MiniOzoneClusterImpl-e12fca27-2987-495d-949a-a359bcbd3d99/datanode-4/data/ratis/9a4fae68-9ff9-40ee-a91e-51d6d21053e6 has been successfully formatted.
2019-11-19 00:06:48,949 [pool-67-thread-1] INFO  ratis.ContainerStateMachine (ContainerStateMachine.java:loadSnapshot(223)) - group-51D6D21053E6: The snapshot info is null. Setting the last applied indexto:(t:0, i:~)
2019-11-19 00:06:48,949 [pool-47-thread-1] INFO  impl.RaftServerImpl (RaftServerImpl.java:<init>(98)) - b9804938-182f-4054-8044-6072e531a40a: new RaftServerImpl for group-30B6BEED2D1E:[b9804938-182f-4054-8044-6072e531a40a:192.168.157.213:38909, 58d24f50-e03c-4cdf-9f21-18e5bcb6f884:192.168.157.213:40280, 7708ce6b-94dd-49f9-8895-392afc2c64db:192.168.157.213:34565] with ContainerStateMachine:uninitialized
2019-11-19 00:06:48,949 [pool-67-thread-1] INFO  server.RaftServerConfigKeys (ConfUtils.java:logGet(43)) - raft.server.notification.no-leader.timeout = 120s (custom)
2019-11-19 00:06:48,949 [pool-47-thread-1] INFO  server.RaftServerConfigKeys (ConfUtils.java:logGet(43)) - raft.server.rpc.timeout.min = 5s (custom)
2019-11-19 00:06:48,949 [pool-67-thread-1] INFO  server.RaftServerConfigKeys (ConfUtils.java:logGet(43)) - raft.server.log.use.memory = false (default)
2019-11-19 00:06:48,949 [pool-47-thread-1] INFO  server.RaftServerConfigKeys (ConfUtils.java:logGet(43)) - raft.server.rpc.timeout.max = 5200ms (custom)
2019-11-19 00:06:48,949 [pool-67-thread-1] INFO  server.RaftServerConfigKeys (ConfUtils.java:logGet(43)) - raft.server.log.purge.gap = 1000000 (custom)
2019-11-19 00:06:48,949 [pool-47-thread-1] INFO  server.RaftServerConfigKeys (ConfUtils.java:logGet(43)) - raft.server.rpcslowness.timeout = 120s (custom)
2019-11-19 00:06:48,949 [pool-67-thread-1] INFO  server.RaftServerConfigKeys (ConfUtils.java:logGet(43)) - raft.server.log.appender.buffer.byte-limit = 33554432 (custom)
2019-11-19 00:06:48,950 [pool-47-thread-1] INFO  server.RaftServerConfigKeys (ConfUtils.java:logGet(43)) - raft.server.sleep.deviation.threshold = 300 (default)
2019-11-19 00:06:48,950 [pool-57-thread-1] INFO  impl.RaftServerImpl (RaftServerImpl.java:<init>(98)) - 3c68acf1-2e75-484b-8dce-fe6027c40cff: new RaftServerImpl for group-1638BC5485D3:[93728d59-90a7-4d42-a9e8-51f96f87119b:192.168.157.213:46185, bd387ed7-3819-4da1-a185-88e6b294d0ec:192.168.157.213:43405, 3c68acf1-2e75-484b-8dce-fe6027c40cff:192.168.157.213:43086] with ContainerStateMachine:uninitialized
2019-11-19 00:06:48,950 [pool-47-thread-1] INFO  server.RaftServerConfigKeys (ConfUtils.java:logGet(43)) - raft.server.log.appender.install.snapshot.enabled = false (custom)
2019-11-19 00:06:48,950 [pool-67-thread-1] INFO  server.RaftServerConfigKeys (ConfUtils.java:logGet(43)) - raft.server.log.segment.size.max = 1048576 (custom)
2019-11-19 00:06:48,950 [pool-47-thread-1] INFO  impl.RaftServerImpl (ServerState.java:<init>(103)) - b9804938-182f-4054-8044-6072e531a40a@group-30B6BEED2D1E: ConfigurationManager, init=-1: [b9804938-182f-4054-8044-6072e531a40a:192.168.157.213:38909, 58d24f50-e03c-4cdf-9f21-18e5bcb6f884:192.168.157.213:40280, 7708ce6b-94dd-49f9-8895-392afc2c64db:192.168.157.213:34565], old=null, confs=<EMPTY_MAP>
2019-11-19 00:06:48,950 [pool-57-thread-1] INFO  server.RaftServerConfigKeys (ConfUtils.java:logGet(43)) - raft.server.rpc.timeout.min = 5s (custom)
2019-11-19 00:06:48,950 [pool-67-thread-1] WARN  impl.MetricRegistriesImpl (MetricRegistriesImpl.java:lambda$create$1(61)) - First MetricRegistry has been created without registering reporters. You may need to call MetricRegistries.global().addReportRegistration(...) before.
2019-11-19 00:06:48,950 [pool-57-thread-1] INFO  server.RaftServerConfigKeys (ConfUtils.java:logGet(43)) - raft.server.rpc.timeout.max = 5200ms (custom)
2019-11-19 00:06:48,951 [pool-67-thread-1] INFO  server.RaftServerConfigKeys (ConfUtils.java:logGet(43)) - raft.server.log.segment.cache.num.max = 2 (custom)
2019-11-19 00:06:48,950 [pool-47-thread-1] INFO  server.RaftServerConfigKeys (ConfUtils.java:logGet(43)) - raft.server.storage.dir = [/workdir/hadoop-ozone/integration-test/target/test-dir/MiniOzoneClusterImpl-e12fca27-2987-495d-949a-a359bcbd3d99/datanode-2/data/ratis] (custom)
2019-11-19 00:06:48,951 [pool-67-thread-1] INFO  segmented.SegmentedRaftLogWorker (SegmentedRaftLogWorker.java:<init>(173)) - new bd387ed7-3819-4da1-a185-88e6b294d0ec@group-51D6D21053E6-SegmentedRaftLogWorker for RaftStorage:Storage Directory /workdir/hadoop-ozone/integration-test/target/test-dir/MiniOzoneClusterImpl-e12fca27-2987-495d-949a-a359bcbd3d99/datanode-4/data/ratis/9a4fae68-9ff9-40ee-a91e-51d6d21053e6
2019-11-19 00:06:48,951 [pool-57-thread-1] INFO  server.RaftServerConfigKeys (ConfUtils.java:logGet(43)) - raft.server.rpcslowness.timeout = 120s (custom)
2019-11-19 00:06:48,951 [pool-67-thread-1] INFO  server.RaftServerConfigKeys (ConfUtils.java:logGet(43)) - raft.server.log.queue.byte-limit = 2147483647 (custom)
2019-11-19 00:06:48,951 [pool-57-thread-1] INFO  server.RaftServerConfigKeys (ConfUtils.java:logGet(43)) - raft.server.sleep.deviation.threshold = 300 (default)
2019-11-19 00:06:48,951 [pool-47-thread-1] INFO  server.RaftServerConfigKeys (ConfUtils.java:logGet(43)) - raft.server.log.corruption.policy = EXCEPTION (default)
2019-11-19 00:06:48,951 [pool-37-thread-1] INFO  impl.RaftServerImpl (RaftServerImpl.java:<init>(98)) - 7708ce6b-94dd-49f9-8895-392afc2c64db: new RaftServerImpl for group-30B6BEED2D1E:[b9804938-182f-4054-8044-6072e531a40a:192.168.157.213:38909, 58d24f50-e03c-4cdf-9f21-18e5bcb6f884:192.168.157.213:40280, 7708ce6b-94dd-49f9-8895-392afc2c64db:192.168.157.213:34565] with ContainerStateMachine:uninitialized
2019-11-19 00:06:48,951 [pool-57-thread-1] INFO  server.RaftServerConfigKeys (ConfUtils.java:logGet(43)) - raft.server.log.appender.install.snapshot.enabled = false (custom)
2019-11-19 00:06:48,951 [pool-67-thread-1] INFO  server.RaftServerConfigKeys (ConfUtils.java:logGet(43)) - raft.server.log.queue.element-limit = 1024 (custom)
2019-11-19 00:06:48,952 [pool-37-thread-1] INFO  server.RaftServerConfigKeys (ConfUtils.java:logGet(43)) - raft.server.rpc.timeout.min = 5s (custom)
2019-11-19 00:06:48,952 [pool-57-thread-1] INFO  impl.RaftServerImpl (ServerState.java:<init>(103)) - 3c68acf1-2e75-484b-8dce-fe6027c40cff@group-1638BC5485D3: ConfigurationManager, init=-1: [93728d59-90a7-4d42-a9e8-51f96f87119b:192.168.157.213:46185, bd387ed7-3819-4da1-a185-88e6b294d0ec:192.168.157.213:43405, 3c68acf1-2e75-484b-8dce-fe6027c40cff:192.168.157.213:43086], old=null, confs=<EMPTY_MAP>
2019-11-19 00:06:48,952 [pool-37-thread-1] INFO  server.RaftServerConfigKeys (ConfUtils.java:logGet(43)) - raft.server.rpc.timeout.max = 5200ms (custom)
2019-11-19 00:06:48,951 [pool-47-thread-1] INFO  storage.RaftStorageDirectory (RaftStorageDirectory.java:analyzeStorage(246)) - The storage directory /workdir/hadoop-ozone/integration-test/target/test-dir/MiniOzoneClusterImpl-e12fca27-2987-495d-949a-a359bcbd3d99/datanode-2/data/ratis/158c84f7-10fd-45e4-9bdc-30b6beed2d1e does not exist. Creating ...
2019-11-19 00:06:48,952 [pool-27-thread-1] INFO  impl.RaftServerImpl (RaftServerImpl.java:<init>(98)) - 58d24f50-e03c-4cdf-9f21-18e5bcb6f884: new RaftServerImpl for group-30B6BEED2D1E:[b9804938-182f-4054-8044-6072e531a40a:192.168.157.213:38909, 58d24f50-e03c-4cdf-9f21-18e5bcb6f884:192.168.157.213:40280, 7708ce6b-94dd-49f9-8895-392afc2c64db:192.168.157.213:34565] with ContainerStateMachine:uninitialized
2019-11-19 00:06:48,952 [pool-37-thread-1] INFO  server.RaftServerConfigKeys (ConfUtils.java:logGet(43)) - raft.server.rpcslowness.timeout = 120s (custom)
2019-11-19 00:06:48,952 [pool-57-thread-1] INFO  server.RaftServerConfigKeys (ConfUtils.java:logGet(43)) - raft.server.storage.dir = [/workdir/hadoop-ozone/integration-test/target/test-dir/MiniOzoneClusterImpl-e12fca27-2987-495d-949a-a359bcbd3d99/datanode-3/data/ratis] (custom)
2019-11-19 00:06:48,952 [pool-67-thread-1] INFO  server.RaftServerConfigKeys (ConfUtils.java:logGet(43)) - raft.server.log.segment.size.max = 1048576 (custom)
2019-11-19 00:06:48,953 [pool-57-thread-1] INFO  server.RaftServerConfigKeys (ConfUtils.java:logGet(43)) - raft.server.log.corruption.policy = EXCEPTION (default)
2019-11-19 00:06:48,952 [pool-37-thread-1] INFO  server.RaftServerConfigKeys (ConfUtils.java:logGet(43)) - raft.server.sleep.deviation.threshold = 300 (default)
2019-11-19 00:06:48,952 [pool-27-thread-1] INFO  server.RaftServerConfigKeys (ConfUtils.java:logGet(43)) - raft.server.rpc.timeout.min = 5s (custom)
2019-11-19 00:06:48,953 [pool-37-thread-1] INFO  server.RaftServerConfigKeys (ConfUtils.java:logGet(43)) - raft.server.log.appender.install.snapshot.enabled = false (custom)
2019-11-19 00:06:48,953 [pool-57-thread-1] INFO  storage.RaftStorageDirectory (RaftStorageDirectory.java:analyzeStorage(246)) - The storage directory /workdir/hadoop-ozone/integration-test/target/test-dir/MiniOzoneClusterImpl-e12fca27-2987-495d-949a-a359bcbd3d99/datanode-3/data/ratis/a788d7ce-7ad6-43a2-a21c-1638bc5485d3 does not exist. Creating ...
2019-11-19 00:06:48,953 [pool-37-thread-1] INFO  impl.RaftServerImpl (ServerState.java:<init>(103)) - 7708ce6b-94dd-49f9-8895-392afc2c64db@group-30B6BEED2D1E: ConfigurationManager, init=-1: [b9804938-182f-4054-8044-6072e531a40a:192.168.157.213:38909, 58d24f50-e03c-4cdf-9f21-18e5bcb6f884:192.168.157.213:40280, 7708ce6b-94dd-49f9-8895-392afc2c64db:192.168.157.213:34565], old=null, confs=<EMPTY_MAP>
2019-11-19 00:06:48,953 [pool-67-thread-1] INFO  server.RaftServerConfigKeys (ConfUtils.java:logGet(43)) - raft.server.log.preallocated.size = 16384 (custom)
2019-11-19 00:06:48,953 [pool-37-thread-1] INFO  server.RaftServerConfigKeys (ConfUtils.java:logGet(43)) - raft.server.storage.dir = [/workdir/hadoop-ozone/integration-test/target/test-dir/MiniOzoneClusterImpl-e12fca27-2987-495d-949a-a359bcbd3d99/datanode-1/data/ratis] (custom)
2019-11-19 00:06:48,953 [pool-27-thread-1] INFO  server.RaftServerConfigKeys (ConfUtils.java:logGet(43)) - raft.server.rpc.timeout.max = 5200ms (custom)
2019-11-19 00:06:48,953 [pool-67-thread-1] INFO  server.RaftServerConfigKeys (ConfUtils.java:logGet(43)) - raft.server.log.write.buffer.size = 33554432 (custom)
2019-11-19 00:06:48,954 [pool-27-thread-1] INFO  server.RaftServerConfigKeys (ConfUtils.java:logGet(43)) - raft.server.rpcslowness.timeout = 120s (custom)
2019-11-19 00:06:48,954 [pool-67-thread-1] INFO  server.RaftServerConfigKeys (ConfUtils.java:logGet(43)) - raft.server.log.force.sync.num = 128 (default)
2019-11-19 00:06:48,954 [pool-37-thread-1] INFO  server.RaftServerConfigKeys (ConfUtils.java:logGet(43)) - raft.server.log.corruption.policy = EXCEPTION (default)
2019-11-19 00:06:48,955 [pool-67-thread-1] INFO  server.RaftServerConfigKeys (ConfUtils.java:logGet(43)) - raft.server.log.statemachine.data.sync = true (default)
2019-11-19 00:06:48,956 [pool-37-thread-1] INFO  storage.RaftStorageDirectory (RaftStorageDirectory.java:analyzeStorage(246)) - The storage directory /workdir/hadoop-ozone/integration-test/target/test-dir/MiniOzoneClusterImpl-e12fca27-2987-495d-949a-a359bcbd3d99/datanode-1/data/ratis/158c84f7-10fd-45e4-9bdc-30b6beed2d1e does not exist. Creating ...
2019-11-19 00:06:48,954 [pool-27-thread-1] INFO  server.RaftServerConfigKeys (ConfUtils.java:logGet(43)) - raft.server.sleep.deviation.threshold = 300 (default)
2019-11-19 00:06:48,957 [pool-67-thread-1] INFO  server.RaftServerConfigKeys (ConfUtils.java:logGet(43)) - raft.server.log.statemachine.data.sync.timeout = 10s (default)
2019-11-19 00:06:48,956 [Command processor thread] INFO  impl.RaftServerProxy (RaftServerProxy.java:addNew(89)) - 93728d59-90a7-4d42-a9e8-51f96f87119b: addNew group-5891AA192007:[93728d59-90a7-4d42-a9e8-51f96f87119b:192.168.157.213:46185] returns group-5891AA192007:java.util.concurrent.CompletableFuture@4d161845[Not completed]
2019-11-19 00:06:48,957 [pool-67-thread-1] INFO  server.RaftServerConfigKeys (ConfUtils.java:logGet(43)) - raft.server.log.statemachine.data.sync.timeout.retry = -1 (default)
2019-11-19 00:06:48,957 [pool-27-thread-1] INFO  server.RaftServerConfigKeys (ConfUtils.java:logGet(43)) - raft.server.log.appender.install.snapshot.enabled = false (custom)
2019-11-19 00:06:48,958 [pool-27-thread-1] INFO  impl.RaftServerImpl (ServerState.java:<init>(103)) - 58d24f50-e03c-4cdf-9f21-18e5bcb6f884@group-30B6BEED2D1E: ConfigurationManager, init=-1: [b9804938-182f-4054-8044-6072e531a40a:192.168.157.213:38909, 58d24f50-e03c-4cdf-9f21-18e5bcb6f884:192.168.157.213:40280, 7708ce6b-94dd-49f9-8895-392afc2c64db:192.168.157.213:34565], old=null, confs=<EMPTY_MAP>
2019-11-19 00:06:48,958 [pool-67-thread-1] INFO  server.RaftServerConfigKeys (ConfUtils.java:logGet(43)) - raft.server.log.statemachine.data.caching.enabled = true (custom)
2019-11-19 00:06:48,958 [pool-27-thread-1] INFO  server.RaftServerConfigKeys (ConfUtils.java:logGet(43)) - raft.server.storage.dir = [/workdir/hadoop-ozone/integration-test/target/test-dir/MiniOzoneClusterImpl-e12fca27-2987-495d-949a-a359bcbd3d99/datanode-0/data/ratis] (custom)
2019-11-19 00:06:48,958 [pool-27-thread-1] INFO  server.RaftServerConfigKeys (ConfUtils.java:logGet(43)) - raft.server.log.corruption.policy = EXCEPTION (default)
2019-11-19 00:06:48,958 [pool-67-thread-1] INFO  segmented.SegmentedRaftLogWorker (SegmentedRaftLogWorker.java:lambda$new$0(128)) - bd387ed7-3819-4da1-a185-88e6b294d0ec@group-51D6D21053E6-SegmentedRaftLogWorker: flushIndex: setUnconditionally 0 -> -1
2019-11-19 00:06:48,958 [pool-27-thread-1] INFO  storage.RaftStorageDirectory (RaftStorageDirectory.java:analyzeStorage(246)) - The storage directory /workdir/hadoop-ozone/integration-test/target/test-dir/MiniOzoneClusterImpl-e12fca27-2987-495d-949a-a359bcbd3d99/datanode-0/data/ratis/158c84f7-10fd-45e4-9bdc-30b6beed2d1e does not exist. Creating ...
2019-11-19 00:06:48,959 [pool-67-thread-1] INFO  server.RaftServerConfigKeys (ConfUtils.java:logGet(43)) - raft.server.snapshot.auto.trigger.enabled = true (custom)
2019-11-19 00:06:48,959 [pool-67-thread-1] INFO  server.RaftServerConfigKeys (ConfUtils.java:logGet(43)) - raft.server.snapshot.auto.trigger.threshold = 10000 (custom)
2019-11-19 00:06:48,959 [pool-67-thread-1] INFO  server.RaftServerConfigKeys (ConfUtils.java:logGet(43)) - raft.server.snapshot.retention.file.num = 5 (custom)
2019-11-19 00:06:48,959 [pool-67-thread-1] INFO  server.RaftServerConfigKeys (ConfUtils.java:logGet(43)) - raft.server.retrycache.expirytime = 600000ms (custom)
2019-11-19 00:06:48,959 [pool-67-thread-1] WARN  impl.MetricRegistriesImpl (MetricRegistriesImpl.java:lambda$create$1(61)) - First MetricRegistry has been created without registering reporters. You may need to call MetricRegistries.global().addReportRegistration(...) before.
2019-11-19 00:06:48,962 [pool-67-thread-1] WARN  impl.MetricRegistriesImpl (MetricRegistriesImpl.java:lambda$create$1(61)) - First MetricRegistry has been created without registering reporters. You may need to call MetricRegistries.global().addReportRegistration(...) before.
2019-11-19 00:06:48,962 [pool-77-thread-1] INFO  impl.RaftServerImpl (RaftServerImpl.java:<init>(98)) - 93728d59-90a7-4d42-a9e8-51f96f87119b: new RaftServerImpl for group-5891AA192007:[93728d59-90a7-4d42-a9e8-51f96f87119b:192.168.157.213:46185] with ContainerStateMachine:uninitialized
2019-11-19 00:06:48,962 [pool-67-thread-1] INFO  impl.RaftServerImpl (RaftServerImpl.java:start(184)) - bd387ed7-3819-4da1-a185-88e6b294d0ec@group-51D6D21053E6: start as a follower, conf=-1: [bd387ed7-3819-4da1-a185-88e6b294d0ec:192.168.157.213:43405], old=null
2019-11-19 00:06:48,962 [pool-77-thread-1] INFO  server.RaftServerConfigKeys (ConfUtils.java:logGet(43)) - raft.server.rpc.timeout.min = 5s (custom)
2019-11-19 00:06:48,962 [pool-67-thread-1] INFO  impl.RaftServerImpl (RaftServerImpl.java:setRole(173)) - bd387ed7-3819-4da1-a185-88e6b294d0ec@group-51D6D21053E6: changes role from      null to FOLLOWER at term 0 for startAsFollower
2019-11-19 00:06:48,962 [pool-77-thread-1] INFO  server.RaftServerConfigKeys (ConfUtils.java:logGet(43)) - raft.server.rpc.timeout.max = 5200ms (custom)
2019-11-19 00:06:48,962 [pool-67-thread-1] INFO  impl.RoleInfo (RoleInfo.java:updateAndGet(143)) - bd387ed7-3819-4da1-a185-88e6b294d0ec: start FollowerState
2019-11-19 00:06:48,964 [pool-77-thread-1] INFO  server.RaftServerConfigKeys (ConfUtils.java:logGet(43)) - raft.server.rpcslowness.timeout = 120s (custom)
2019-11-19 00:06:48,965 [pool-77-thread-1] INFO  server.RaftServerConfigKeys (ConfUtils.java:logGet(43)) - raft.server.sleep.deviation.threshold = 300 (default)
2019-11-19 00:06:48,965 [pool-67-thread-1] INFO  util.JmxRegister (JmxRegister.java:tryRegister(44)) - Successfully registered JMX Bean with object name Ratis:service=RaftServer,group=group-51D6D21053E6,id=bd387ed7-3819-4da1-a185-88e6b294d0ec
2019-11-19 00:06:48,966 [pool-57-thread-1] INFO  storage.RaftStorageDirectory (RaftStorageDirectory.java:tryLock(328)) - Lock on /workdir/hadoop-ozone/integration-test/target/test-dir/MiniOzoneClusterImpl-e12fca27-2987-495d-949a-a359bcbd3d99/datanode-3/data/ratis/a788d7ce-7ad6-43a2-a21c-1638bc5485d3/in_use.lock acquired by nodename 1063@pr-hdds-2241-master-j9rj8-2432081592
2019-11-19 00:06:48,966 [pool-47-thread-1] INFO  storage.RaftStorageDirectory (RaftStorageDirectory.java:tryLock(328)) - Lock on /workdir/hadoop-ozone/integration-test/target/test-dir/MiniOzoneClusterImpl-e12fca27-2987-495d-949a-a359bcbd3d99/datanode-2/data/ratis/158c84f7-10fd-45e4-9bdc-30b6beed2d1e/in_use.lock acquired by nodename 1063@pr-hdds-2241-master-j9rj8-2432081592
2019-11-19 00:06:48,967 [pool-67-thread-1] WARN  impl.MetricRegistriesImpl (MetricRegistriesImpl.java:lambda$create$1(61)) - First MetricRegistry has been created without registering reporters. You may need to call MetricRegistries.global().addReportRegistration(...) before.
2019-11-19 00:06:48,966 [pool-77-thread-1] INFO  server.RaftServerConfigKeys (ConfUtils.java:logGet(43)) - raft.server.log.appender.install.snapshot.enabled = false (custom)
2019-11-19 00:06:48,968 [EventQueue-PipelineReportForPipelineReportHandler] INFO  pipeline.PipelineReportHandler (PipelineReportHandler.java:processPipelineReport(113)) - Pipeline ONE PipelineID=26b972a9-003d-41bf-b3b3-5c89a0e922cd reported by 58d24f50-e03c-4cdf-9f21-18e5bcb6f884{ip: 192.168.157.213, host: pr-hdds-2241-master-j9rj8-2432081592, networkLocation: /default-rack, certSerialId: null}
2019-11-19 00:06:48,968 [pool-77-thread-1] INFO  impl.RaftServerImpl (ServerState.java:<init>(103)) - 93728d59-90a7-4d42-a9e8-51f96f87119b@group-5891AA192007: ConfigurationManager, init=-1: [93728d59-90a7-4d42-a9e8-51f96f87119b:192.168.157.213:46185], old=null, confs=<EMPTY_MAP>
2019-11-19 00:06:48,968 [EventQueue-PipelineReportForPipelineReportHandler] INFO  pipeline.PipelineStateManager (PipelineStateManager.java:openPipeline(132)) - Pipeline Pipeline[ Id: 26b972a9-003d-41bf-b3b3-5c89a0e922cd, Nodes: 58d24f50-e03c-4cdf-9f21-18e5bcb6f884{ip: 192.168.157.213, host: pr-hdds-2241-master-j9rj8-2432081592, networkLocation: /default-rack, certSerialId: null}, Type:RATIS, Factor:ONE, State:ALLOCATED] moved to OPEN state
2019-11-19 00:06:48,968 [Command processor thread] INFO  commandhandler.CreatePipelineCommandHandler (CreatePipelineCommandHandler.java:handle(86)) - Create Pipeline RATIS ONE #id: "9a4fae68-9ff9-40ee-a91e-51d6d21053e6"
 command succeed on datanode bd387ed7-3819-4da1-a185-88e6b294d0ec.
2019-11-19 00:06:48,968 [pool-77-thread-1] INFO  server.RaftServerConfigKeys (ConfUtils.java:logGet(43)) - raft.server.storage.dir = [/workdir/hadoop-ozone/integration-test/target/test-dir/MiniOzoneClusterImpl-e12fca27-2987-495d-949a-a359bcbd3d99/datanode-5/data/ratis] (custom)
2019-11-19 00:06:48,969 [pool-77-thread-1] INFO  server.RaftServerConfigKeys (ConfUtils.java:logGet(43)) - raft.server.log.corruption.policy = EXCEPTION (default)
2019-11-19 00:06:48,969 [Command processor thread] INFO  impl.RaftServerProxy (RaftServerProxy.java:addNew(89)) - bd387ed7-3819-4da1-a185-88e6b294d0ec: addNew group-1638BC5485D3:[93728d59-90a7-4d42-a9e8-51f96f87119b:192.168.157.213:46185, bd387ed7-3819-4da1-a185-88e6b294d0ec:192.168.157.213:43405, 3c68acf1-2e75-484b-8dce-fe6027c40cff:192.168.157.213:43086] returns group-1638BC5485D3:java.util.concurrent.CompletableFuture@3bc3906f[Not completed]
2019-11-19 00:06:48,971 [pool-77-thread-1] INFO  storage.RaftStorageDirectory (RaftStorageDirectory.java:analyzeStorage(246)) - The storage directory /workdir/hadoop-ozone/integration-test/target/test-dir/MiniOzoneClusterImpl-e12fca27-2987-495d-949a-a359bcbd3d99/datanode-5/data/ratis/7d0e1bf5-d814-4998-a3e0-5891aa192007 does not exist. Creating ...
2019-11-19 00:06:48,972 [EventQueue-OpenPipelineForOneReplicaPipelineSafeModeRule] INFO  safemode.SCMSafeModeManager (SCMSafeModeManager.java:validateSafeModeExitRules(176)) - AtleastOneDatanodeReportedRule rule is successfully validated
2019-11-19 00:06:48,972 [EventQueue-PipelineReportForPipelineReportHandler] INFO  pipeline.PipelineReportHandler (PipelineReportHandler.java:processPipelineReport(113)) - Pipeline ONE PipelineID=5f46f475-9c4e-4953-9780-1762d86aca6c reported by b9804938-182f-4054-8044-6072e531a40a{ip: 192.168.157.213, host: pr-hdds-2241-master-j9rj8-2432081592, networkLocation: /default-rack, certSerialId: null}
2019-11-19 00:06:48,972 [EventQueue-PipelineReportForPipelineReportHandler] INFO  pipeline.PipelineStateManager (PipelineStateManager.java:openPipeline(132)) - Pipeline Pipeline[ Id: 5f46f475-9c4e-4953-9780-1762d86aca6c, Nodes: b9804938-182f-4054-8044-6072e531a40a{ip: 192.168.157.213, host: pr-hdds-2241-master-j9rj8-2432081592, networkLocation: /default-rack, certSerialId: null}, Type:RATIS, Factor:ONE, State:ALLOCATED] moved to OPEN state
2019-11-19 00:06:48,972 [EventQueue-OpenPipelineForHealthyPipelineSafeModeRule] INFO  safemode.SCMSafeModeManager (HealthyPipelineSafeModeRule.java:process(132)) - SCM in safe mode. Healthy pipelines reported count is 0, required healthy pipeline reported count is 1
2019-11-19 00:06:48,973 [EventQueue-OpenPipelineForOneReplicaPipelineSafeModeRule] INFO  safemode.SCMSafeModeManager (SCMSafeModeManager.java:validateSafeModeExitRules(176)) - AtleastOneDatanodeReportedRule rule is successfully validated
2019-11-19 00:06:48,973 [EventQueue-PipelineReportForPipelineReportHandler] INFO  pipeline.PipelineReportHandler (PipelineReportHandler.java:processPipelineReport(113)) - Pipeline ONE PipelineID=8c043779-8f10-43f2-9964-3b4bf9b72a1c reported by 7708ce6b-94dd-49f9-8895-392afc2c64db{ip: 192.168.157.213, host: pr-hdds-2241-master-j9rj8-2432081592, networkLocation: /default-rack, certSerialId: null}
2019-11-19 00:06:48,973 [EventQueue-OpenPipelineForHealthyPipelineSafeModeRule] INFO  safemode.SCMSafeModeManager (HealthyPipelineSafeModeRule.java:process(132)) - SCM in safe mode. Healthy pipelines reported count is 0, required healthy pipeline reported count is 1
2019-11-19 00:06:48,973 [EventQueue-PipelineReportForPipelineReportHandler] INFO  pipeline.PipelineStateManager (PipelineStateManager.java:openPipeline(132)) - Pipeline Pipeline[ Id: 8c043779-8f10-43f2-9964-3b4bf9b72a1c, Nodes: 7708ce6b-94dd-49f9-8895-392afc2c64db{ip: 192.168.157.213, host: pr-hdds-2241-master-j9rj8-2432081592, networkLocation: /default-rack, certSerialId: null}, Type:RATIS, Factor:ONE, State:ALLOCATED] moved to OPEN state
2019-11-19 00:06:48,973 [EventQueue-OpenPipelineForOneReplicaPipelineSafeModeRule] INFO  safemode.SCMSafeModeManager (SCMSafeModeManager.java:validateSafeModeExitRules(176)) - AtleastOneDatanodeReportedRule rule is successfully validated
2019-11-19 00:06:48,973 [EventQueue-PipelineReportForPipelineReportHandler] INFO  pipeline.PipelineReportHandler (PipelineReportHandler.java:processPipelineReport(113)) - Pipeline ONE PipelineID=7f4f2ca8-078e-43da-a41b-6b56377f21c6 reported by 3c68acf1-2e75-484b-8dce-fe6027c40cff{ip: 192.168.157.213, host: pr-hdds-2241-master-j9rj8-2432081592, networkLocation: /default-rack, certSerialId: null}
2019-11-19 00:06:48,973 [EventQueue-OpenPipelineForHealthyPipelineSafeModeRule] INFO  safemode.SCMSafeModeManager (HealthyPipelineSafeModeRule.java:process(132)) - SCM in safe mode. Healthy pipelines reported count is 0, required healthy pipeline reported count is 1
2019-11-19 00:06:48,973 [EventQueue-PipelineReportForPipelineReportHandler] INFO  pipeline.PipelineStateManager (PipelineStateManager.java:openPipeline(132)) - Pipeline Pipeline[ Id: 7f4f2ca8-078e-43da-a41b-6b56377f21c6, Nodes: 3c68acf1-2e75-484b-8dce-fe6027c40cff{ip: 192.168.157.213, host: pr-hdds-2241-master-j9rj8-2432081592, networkLocation: /default-rack, certSerialId: null}, Type:RATIS, Factor:ONE, State:ALLOCATED] moved to OPEN state
2019-11-19 00:06:48,973 [pool-67-thread-1] INFO  impl.RaftServerImpl (RaftServerImpl.java:<init>(98)) - bd387ed7-3819-4da1-a185-88e6b294d0ec: new RaftServerImpl for group-1638BC5485D3:[93728d59-90a7-4d42-a9e8-51f96f87119b:192.168.157.213:46185, bd387ed7-3819-4da1-a185-88e6b294d0ec:192.168.157.213:43405, 3c68acf1-2e75-484b-8dce-fe6027c40cff:192.168.157.213:43086] with ContainerStateMachine:uninitialized
2019-11-19 00:06:48,974 [EventQueue-PipelineReportForPipelineReportHandler] INFO  pipeline.PipelineReportHandler (PipelineReportHandler.java:processPipelineReport(113)) - Pipeline ONE PipelineID=9a4fae68-9ff9-40ee-a91e-51d6d21053e6 reported by bd387ed7-3819-4da1-a185-88e6b294d0ec{ip: 192.168.157.213, host: pr-hdds-2241-master-j9rj8-2432081592, networkLocation: /default-rack, certSerialId: null}
2019-11-19 00:06:48,974 [EventQueue-OpenPipelineForHealthyPipelineSafeModeRule] INFO  safemode.SCMSafeModeManager (HealthyPipelineSafeModeRule.java:process(132)) - SCM in safe mode. Healthy pipelines reported count is 0, required healthy pipeline reported count is 1
2019-11-19 00:06:48,974 [EventQueue-OpenPipelineForOneReplicaPipelineSafeModeRule] INFO  safemode.SCMSafeModeManager (SCMSafeModeManager.java:validateSafeModeExitRules(176)) - AtleastOneDatanodeReportedRule rule is successfully validated
2019-11-19 00:06:48,974 [EventQueue-PipelineReportForPipelineReportHandler] INFO  pipeline.PipelineStateManager (PipelineStateManager.java:openPipeline(132)) - Pipeline Pipeline[ Id: 9a4fae68-9ff9-40ee-a91e-51d6d21053e6, Nodes: bd387ed7-3819-4da1-a185-88e6b294d0ec{ip: 192.168.157.213, host: pr-hdds-2241-master-j9rj8-2432081592, networkLocation: /default-rack, certSerialId: null}, Type:RATIS, Factor:ONE, State:ALLOCATED] moved to OPEN state
2019-11-19 00:06:48,974 [pool-67-thread-1] INFO  server.RaftServerConfigKeys (ConfUtils.java:logGet(43)) - raft.server.rpc.timeout.min = 5s (custom)
2019-11-19 00:06:48,974 [pool-67-thread-1] INFO  server.RaftServerConfigKeys (ConfUtils.java:logGet(43)) - raft.server.rpc.timeout.max = 5200ms (custom)
2019-11-19 00:06:48,974 [EventQueue-OpenPipelineForOneReplicaPipelineSafeModeRule] INFO  safemode.SCMSafeModeManager (SCMSafeModeManager.java:validateSafeModeExitRules(176)) - AtleastOneDatanodeReportedRule rule is successfully validated
2019-11-19 00:06:48,974 [pool-67-thread-1] INFO  server.RaftServerConfigKeys (ConfUtils.java:logGet(43)) - raft.server.rpcslowness.timeout = 120s (custom)
2019-11-19 00:06:48,974 [EventQueue-OpenPipelineForHealthyPipelineSafeModeRule] INFO  safemode.SCMSafeModeManager (HealthyPipelineSafeModeRule.java:process(132)) - SCM in safe mode. Healthy pipelines reported count is 0, required healthy pipeline reported count is 1
2019-11-19 00:06:48,974 [pool-67-thread-1] INFO  server.RaftServerConfigKeys (ConfUtils.java:logGet(43)) - raft.server.sleep.deviation.threshold = 300 (default)
2019-11-19 00:06:48,975 [pool-67-thread-1] INFO  server.RaftServerConfigKeys (ConfUtils.java:logGet(43)) - raft.server.log.appender.install.snapshot.enabled = false (custom)
2019-11-19 00:06:48,975 [pool-67-thread-1] INFO  impl.RaftServerImpl (ServerState.java:<init>(103)) - bd387ed7-3819-4da1-a185-88e6b294d0ec@group-1638BC5485D3: ConfigurationManager, init=-1: [93728d59-90a7-4d42-a9e8-51f96f87119b:192.168.157.213:46185, bd387ed7-3819-4da1-a185-88e6b294d0ec:192.168.157.213:43405, 3c68acf1-2e75-484b-8dce-fe6027c40cff:192.168.157.213:43086], old=null, confs=<EMPTY_MAP>
2019-11-19 00:06:48,975 [pool-67-thread-1] INFO  server.RaftServerConfigKeys (ConfUtils.java:logGet(43)) - raft.server.storage.dir = [/workdir/hadoop-ozone/integration-test/target/test-dir/MiniOzoneClusterImpl-e12fca27-2987-495d-949a-a359bcbd3d99/datanode-4/data/ratis] (custom)
2019-11-19 00:06:48,975 [pool-67-thread-1] INFO  server.RaftServerConfigKeys (ConfUtils.java:logGet(43)) - raft.server.log.corruption.policy = EXCEPTION (default)
2019-11-19 00:06:48,975 [pool-67-thread-1] INFO  storage.RaftStorageDirectory (RaftStorageDirectory.java:analyzeStorage(246)) - The storage directory /workdir/hadoop-ozone/integration-test/target/test-dir/MiniOzoneClusterImpl-e12fca27-2987-495d-949a-a359bcbd3d99/datanode-4/data/ratis/a788d7ce-7ad6-43a2-a21c-1638bc5485d3 does not exist. Creating ...
2019-11-19 00:06:48,983 [pool-27-thread-1] INFO  storage.RaftStorageDirectory (RaftStorageDirectory.java:tryLock(328)) - Lock on /workdir/hadoop-ozone/integration-test/target/test-dir/MiniOzoneClusterImpl-e12fca27-2987-495d-949a-a359bcbd3d99/datanode-0/data/ratis/158c84f7-10fd-45e4-9bdc-30b6beed2d1e/in_use.lock acquired by nodename 1063@pr-hdds-2241-master-j9rj8-2432081592
2019-11-19 00:06:48,983 [pool-37-thread-1] INFO  storage.RaftStorageDirectory (RaftStorageDirectory.java:tryLock(328)) - Lock on /workdir/hadoop-ozone/integration-test/target/test-dir/MiniOzoneClusterImpl-e12fca27-2987-495d-949a-a359bcbd3d99/datanode-1/data/ratis/158c84f7-10fd-45e4-9bdc-30b6beed2d1e/in_use.lock acquired by nodename 1063@pr-hdds-2241-master-j9rj8-2432081592
2019-11-19 00:06:49,000 [pool-67-thread-1] INFO  storage.RaftStorageDirectory (RaftStorageDirectory.java:tryLock(328)) - Lock on /workdir/hadoop-ozone/integration-test/target/test-dir/MiniOzoneClusterImpl-e12fca27-2987-495d-949a-a359bcbd3d99/datanode-4/data/ratis/a788d7ce-7ad6-43a2-a21c-1638bc5485d3/in_use.lock acquired by nodename 1063@pr-hdds-2241-master-j9rj8-2432081592
2019-11-19 00:06:49,000 [pool-77-thread-1] INFO  storage.RaftStorageDirectory (RaftStorageDirectory.java:tryLock(328)) - Lock on /workdir/hadoop-ozone/integration-test/target/test-dir/MiniOzoneClusterImpl-e12fca27-2987-495d-949a-a359bcbd3d99/datanode-5/data/ratis/7d0e1bf5-d814-4998-a3e0-5891aa192007/in_use.lock acquired by nodename 1063@pr-hdds-2241-master-j9rj8-2432081592
2019-11-19 00:06:49,009 [pool-57-thread-1] INFO  storage.RaftStorage (RaftStorage.java:format(84)) - Storage directory /workdir/hadoop-ozone/integration-test/target/test-dir/MiniOzoneClusterImpl-e12fca27-2987-495d-949a-a359bcbd3d99/datanode-3/data/ratis/a788d7ce-7ad6-43a2-a21c-1638bc5485d3 has been successfully formatted.
2019-11-19 00:06:49,009 [pool-47-thread-1] INFO  storage.RaftStorage (RaftStorage.java:format(84)) - Storage directory /workdir/hadoop-ozone/integration-test/target/test-dir/MiniOzoneClusterImpl-e12fca27-2987-495d-949a-a359bcbd3d99/datanode-2/data/ratis/158c84f7-10fd-45e4-9bdc-30b6beed2d1e has been successfully formatted.
2019-11-19 00:06:49,009 [pool-57-thread-1] INFO  ratis.ContainerStateMachine (ContainerStateMachine.java:loadSnapshot(223)) - group-1638BC5485D3: The snapshot info is null. Setting the last applied indexto:(t:0, i:~)
2019-11-19 00:06:49,009 [pool-57-thread-1] INFO  server.RaftServerConfigKeys (ConfUtils.java:logGet(43)) - raft.server.notification.no-leader.timeout = 120s (custom)
2019-11-19 00:06:49,009 [pool-47-thread-1] INFO  ratis.ContainerStateMachine (ContainerStateMachine.java:loadSnapshot(223)) - group-30B6BEED2D1E: The snapshot info is null. Setting the last applied indexto:(t:0, i:~)
2019-11-19 00:06:49,009 [pool-57-thread-1] INFO  server.RaftServerConfigKeys (ConfUtils.java:logGet(43)) - raft.server.log.use.memory = false (default)
2019-11-19 00:06:49,010 [pool-47-thread-1] INFO  server.RaftServerConfigKeys (ConfUtils.java:logGet(43)) - raft.server.notification.no-leader.timeout = 120s (custom)
2019-11-19 00:06:49,010 [pool-57-thread-1] INFO  server.RaftServerConfigKeys (ConfUtils.java:logGet(43)) - raft.server.log.purge.gap = 1000000 (custom)
2019-11-19 00:06:49,010 [pool-47-thread-1] INFO  server.RaftServerConfigKeys (ConfUtils.java:logGet(43)) - raft.server.log.use.memory = false (default)
2019-11-19 00:06:49,010 [pool-57-thread-1] INFO  server.RaftServerConfigKeys (ConfUtils.java:logGet(43)) - raft.server.log.appender.buffer.byte-limit = 33554432 (custom)
2019-11-19 00:06:49,010 [pool-47-thread-1] INFO  server.RaftServerConfigKeys (ConfUtils.java:logGet(43)) - raft.server.log.purge.gap = 1000000 (custom)
2019-11-19 00:06:49,010 [pool-57-thread-1] INFO  server.RaftServerConfigKeys (ConfUtils.java:logGet(43)) - raft.server.log.segment.size.max = 1048576 (custom)
2019-11-19 00:06:49,010 [pool-47-thread-1] INFO  server.RaftServerConfigKeys (ConfUtils.java:logGet(43)) - raft.server.log.appender.buffer.byte-limit = 33554432 (custom)
2019-11-19 00:06:49,010 [pool-57-thread-1] INFO  server.RaftServerConfigKeys (ConfUtils.java:logGet(43)) - raft.server.log.segment.cache.num.max = 2 (custom)
2019-11-19 00:06:49,011 [pool-47-thread-1] INFO  server.RaftServerConfigKeys (ConfUtils.java:logGet(43)) - raft.server.log.segment.size.max = 1048576 (custom)
2019-11-19 00:06:49,011 [pool-57-thread-1] INFO  segmented.SegmentedRaftLogWorker (SegmentedRaftLogWorker.java:<init>(173)) - new 3c68acf1-2e75-484b-8dce-fe6027c40cff@group-1638BC5485D3-SegmentedRaftLogWorker for RaftStorage:Storage Directory /workdir/hadoop-ozone/integration-test/target/test-dir/MiniOzoneClusterImpl-e12fca27-2987-495d-949a-a359bcbd3d99/datanode-3/data/ratis/a788d7ce-7ad6-43a2-a21c-1638bc5485d3
2019-11-19 00:06:49,011 [pool-47-thread-1] INFO  server.RaftServerConfigKeys (ConfUtils.java:logGet(43)) - raft.server.log.segment.cache.num.max = 2 (custom)
2019-11-19 00:06:49,011 [pool-57-thread-1] INFO  server.RaftServerConfigKeys (ConfUtils.java:logGet(43)) - raft.server.log.queue.byte-limit = 2147483647 (custom)
2019-11-19 00:06:49,011 [pool-47-thread-1] INFO  segmented.SegmentedRaftLogWorker (SegmentedRaftLogWorker.java:<init>(173)) - new b9804938-182f-4054-8044-6072e531a40a@group-30B6BEED2D1E-SegmentedRaftLogWorker for RaftStorage:Storage Directory /workdir/hadoop-ozone/integration-test/target/test-dir/MiniOzoneClusterImpl-e12fca27-2987-495d-949a-a359bcbd3d99/datanode-2/data/ratis/158c84f7-10fd-45e4-9bdc-30b6beed2d1e
2019-11-19 00:06:49,011 [pool-57-thread-1] INFO  server.RaftServerConfigKeys (ConfUtils.java:logGet(43)) - raft.server.log.queue.element-limit = 1024 (custom)
2019-11-19 00:06:49,011 [pool-47-thread-1] INFO  server.RaftServerConfigKeys (ConfUtils.java:logGet(43)) - raft.server.log.queue.byte-limit = 2147483647 (custom)
2019-11-19 00:06:49,011 [pool-57-thread-1] INFO  server.RaftServerConfigKeys (ConfUtils.java:logGet(43)) - raft.server.log.segment.size.max = 1048576 (custom)
2019-11-19 00:06:49,011 [pool-47-thread-1] INFO  server.RaftServerConfigKeys (ConfUtils.java:logGet(43)) - raft.server.log.queue.element-limit = 1024 (custom)
2019-11-19 00:06:49,011 [pool-57-thread-1] INFO  server.RaftServerConfigKeys (ConfUtils.java:logGet(43)) - raft.server.log.preallocated.size = 16384 (custom)
2019-11-19 00:06:49,012 [pool-47-thread-1] INFO  server.RaftServerConfigKeys (ConfUtils.java:logGet(43)) - raft.server.log.segment.size.max = 1048576 (custom)
2019-11-19 00:06:49,012 [pool-57-thread-1] INFO  server.RaftServerConfigKeys (ConfUtils.java:logGet(43)) - raft.server.log.write.buffer.size = 33554432 (custom)
2019-11-19 00:06:49,012 [pool-47-thread-1] INFO  server.RaftServerConfigKeys (ConfUtils.java:logGet(43)) - raft.server.log.preallocated.size = 16384 (custom)
2019-11-19 00:06:49,012 [pool-57-thread-1] INFO  server.RaftServerConfigKeys (ConfUtils.java:logGet(43)) - raft.server.log.force.sync.num = 128 (default)
2019-11-19 00:06:49,012 [pool-47-thread-1] INFO  server.RaftServerConfigKeys (ConfUtils.java:logGet(43)) - raft.server.log.write.buffer.size = 33554432 (custom)
2019-11-19 00:06:49,012 [pool-57-thread-1] INFO  server.RaftServerConfigKeys (ConfUtils.java:logGet(43)) - raft.server.log.statemachine.data.sync = true (default)
2019-11-19 00:06:49,012 [pool-47-thread-1] INFO  server.RaftServerConfigKeys (ConfUtils.java:logGet(43)) - raft.server.log.force.sync.num = 128 (default)
2019-11-19 00:06:49,012 [pool-57-thread-1] INFO  server.RaftServerConfigKeys (ConfUtils.java:logGet(43)) - raft.server.log.statemachine.data.sync.timeout = 10s (default)
2019-11-19 00:06:49,012 [pool-47-thread-1] INFO  server.RaftServerConfigKeys (ConfUtils.java:logGet(43)) - raft.server.log.statemachine.data.sync = true (default)
2019-11-19 00:06:49,013 [pool-57-thread-1] INFO  server.RaftServerConfigKeys (ConfUtils.java:logGet(43)) - raft.server.log.statemachine.data.sync.timeout.retry = -1 (default)
2019-11-19 00:06:49,013 [pool-47-thread-1] INFO  server.RaftServerConfigKeys (ConfUtils.java:logGet(43)) - raft.server.log.statemachine.data.sync.timeout = 10s (default)
2019-11-19 00:06:49,013 [pool-57-thread-1] INFO  server.RaftServerConfigKeys (ConfUtils.java:logGet(43)) - raft.server.log.statemachine.data.caching.enabled = true (custom)
2019-11-19 00:06:49,013 [pool-47-thread-1] INFO  server.RaftServerConfigKeys (ConfUtils.java:logGet(43)) - raft.server.log.statemachine.data.sync.timeout.retry = -1 (default)
2019-11-19 00:06:49,013 [pool-57-thread-1] INFO  segmented.SegmentedRaftLogWorker (SegmentedRaftLogWorker.java:lambda$new$0(128)) - 3c68acf1-2e75-484b-8dce-fe6027c40cff@group-1638BC5485D3-SegmentedRaftLogWorker: flushIndex: setUnconditionally 0 -> -1
2019-11-19 00:06:49,013 [pool-47-thread-1] INFO  server.RaftServerConfigKeys (ConfUtils.java:logGet(43)) - raft.server.log.statemachine.data.caching.enabled = true (custom)
2019-11-19 00:06:49,013 [pool-57-thread-1] INFO  server.RaftServerConfigKeys (ConfUtils.java:logGet(43)) - raft.server.snapshot.auto.trigger.enabled = true (custom)
2019-11-19 00:06:49,013 [pool-57-thread-1] INFO  server.RaftServerConfigKeys (ConfUtils.java:logGet(43)) - raft.server.snapshot.auto.trigger.threshold = 10000 (custom)
2019-11-19 00:06:49,014 [pool-57-thread-1] INFO  server.RaftServerConfigKeys (ConfUtils.java:logGet(43)) - raft.server.snapshot.retention.file.num = 5 (custom)
2019-11-19 00:06:49,014 [pool-47-thread-1] INFO  segmented.SegmentedRaftLogWorker (SegmentedRaftLogWorker.java:lambda$new$0(128)) - b9804938-182f-4054-8044-6072e531a40a@group-30B6BEED2D1E-SegmentedRaftLogWorker: flushIndex: setUnconditionally 0 -> -1
2019-11-19 00:06:49,014 [pool-57-thread-1] INFO  server.RaftServerConfigKeys (ConfUtils.java:logGet(43)) - raft.server.retrycache.expirytime = 600000ms (custom)
2019-11-19 00:06:49,014 [pool-57-thread-1] WARN  impl.MetricRegistriesImpl (MetricRegistriesImpl.java:lambda$create$1(61)) - First MetricRegistry has been created without registering reporters. You may need to call MetricRegistries.global().addReportRegistration(...) before.
2019-11-19 00:06:49,014 [pool-47-thread-1] INFO  server.RaftServerConfigKeys (ConfUtils.java:logGet(43)) - raft.server.snapshot.auto.trigger.enabled = true (custom)
2019-11-19 00:06:49,014 [pool-57-thread-1] WARN  impl.MetricRegistriesImpl (MetricRegistriesImpl.java:lambda$create$1(61)) - First MetricRegistry has been created without registering reporters. You may need to call MetricRegistries.global().addReportRegistration(...) before.
2019-11-19 00:06:49,014 [pool-47-thread-1] INFO  server.RaftServerConfigKeys (ConfUtils.java:logGet(43)) - raft.server.snapshot.auto.trigger.threshold = 10000 (custom)
2019-11-19 00:06:49,014 [pool-57-thread-1] INFO  impl.RaftServerImpl (RaftServerImpl.java:start(184)) - 3c68acf1-2e75-484b-8dce-fe6027c40cff@group-1638BC5485D3: start as a follower, conf=-1: [93728d59-90a7-4d42-a9e8-51f96f87119b:192.168.157.213:46185, bd387ed7-3819-4da1-a185-88e6b294d0ec:192.168.157.213:43405, 3c68acf1-2e75-484b-8dce-fe6027c40cff:192.168.157.213:43086], old=null
2019-11-19 00:06:49,014 [pool-47-thread-1] INFO  server.RaftServerConfigKeys (ConfUtils.java:logGet(43)) - raft.server.snapshot.retention.file.num = 5 (custom)
2019-11-19 00:06:49,015 [pool-57-thread-1] INFO  impl.RaftServerImpl (RaftServerImpl.java:setRole(173)) - 3c68acf1-2e75-484b-8dce-fe6027c40cff@group-1638BC5485D3: changes role from      null to FOLLOWER at term 0 for startAsFollower
2019-11-19 00:06:49,015 [pool-47-thread-1] INFO  server.RaftServerConfigKeys (ConfUtils.java:logGet(43)) - raft.server.retrycache.expirytime = 600000ms (custom)
2019-11-19 00:06:49,015 [pool-57-thread-1] INFO  impl.RoleInfo (RoleInfo.java:updateAndGet(143)) - 3c68acf1-2e75-484b-8dce-fe6027c40cff: start FollowerState
2019-11-19 00:06:49,015 [pool-47-thread-1] WARN  impl.MetricRegistriesImpl (MetricRegistriesImpl.java:lambda$create$1(61)) - First MetricRegistry has been created without registering reporters. You may need to call MetricRegistries.global().addReportRegistration(...) before.
2019-11-19 00:06:49,015 [pool-47-thread-1] WARN  impl.MetricRegistriesImpl (MetricRegistriesImpl.java:lambda$create$1(61)) - First MetricRegistry has been created without registering reporters. You may need to call MetricRegistries.global().addReportRegistration(...) before.
2019-11-19 00:06:49,015 [pool-57-thread-1] INFO  util.JmxRegister (JmxRegister.java:tryRegister(44)) - Successfully registered JMX Bean with object name Ratis:service=RaftServer,group=group-1638BC5485D3,id=3c68acf1-2e75-484b-8dce-fe6027c40cff
2019-11-19 00:06:49,015 [pool-57-thread-1] WARN  impl.MetricRegistriesImpl (MetricRegistriesImpl.java:lambda$create$1(61)) - First MetricRegistry has been created without registering reporters. You may need to call MetricRegistries.global().addReportRegistration(...) before.
2019-11-19 00:06:49,015 [pool-47-thread-1] INFO  impl.RaftServerImpl (RaftServerImpl.java:start(184)) - b9804938-182f-4054-8044-6072e531a40a@group-30B6BEED2D1E: start as a follower, conf=-1: [b9804938-182f-4054-8044-6072e531a40a:192.168.157.213:38909, 58d24f50-e03c-4cdf-9f21-18e5bcb6f884:192.168.157.213:40280, 7708ce6b-94dd-49f9-8895-392afc2c64db:192.168.157.213:34565], old=null
2019-11-19 00:06:49,016 [pool-47-thread-1] INFO  impl.RaftServerImpl (RaftServerImpl.java:setRole(173)) - b9804938-182f-4054-8044-6072e531a40a@group-30B6BEED2D1E: changes role from      null to FOLLOWER at term 0 for startAsFollower
2019-11-19 00:06:49,016 [pool-47-thread-1] INFO  impl.RoleInfo (RoleInfo.java:updateAndGet(143)) - b9804938-182f-4054-8044-6072e531a40a: start FollowerState
2019-11-19 00:06:49,016 [Command processor thread] INFO  commandhandler.CreatePipelineCommandHandler (CreatePipelineCommandHandler.java:handle(86)) - Create Pipeline RATIS THREE #id: "a788d7ce-7ad6-43a2-a21c-1638bc5485d3"
 command succeed on datanode 3c68acf1-2e75-484b-8dce-fe6027c40cff.
2019-11-19 00:06:49,016 [pool-47-thread-1] INFO  util.JmxRegister (JmxRegister.java:tryRegister(44)) - Successfully registered JMX Bean with object name Ratis:service=RaftServer,group=group-30B6BEED2D1E,id=b9804938-182f-4054-8044-6072e531a40a
2019-11-19 00:06:49,016 [pool-47-thread-1] WARN  impl.MetricRegistriesImpl (MetricRegistriesImpl.java:lambda$create$1(61)) - First MetricRegistry has been created without registering reporters. You may need to call MetricRegistries.global().addReportRegistration(...) before.
2019-11-19 00:06:49,018 [Command processor thread] INFO  commandhandler.CreatePipelineCommandHandler (CreatePipelineCommandHandler.java:handle(86)) - Create Pipeline RATIS THREE #id: "158c84f7-10fd-45e4-9bdc-30b6beed2d1e"
 command succeed on datanode b9804938-182f-4054-8044-6072e531a40a.
2019-11-19 00:06:49,020 [EventQueue-PipelineReportForPipelineReportHandler] INFO  pipeline.PipelineReportHandler (PipelineReportHandler.java:processPipelineReport(113)) - Pipeline THREE PipelineID=a788d7ce-7ad6-43a2-a21c-1638bc5485d3 reported by 3c68acf1-2e75-484b-8dce-fe6027c40cff{ip: 192.168.157.213, host: pr-hdds-2241-master-j9rj8-2432081592, networkLocation: /default-rack, certSerialId: null}
2019-11-19 00:06:49,020 [EventQueue-PipelineReportForPipelineReportHandler] INFO  pipeline.PipelineReportHandler (PipelineReportHandler.java:processPipelineReport(113)) - Pipeline THREE PipelineID=158c84f7-10fd-45e4-9bdc-30b6beed2d1e reported by b9804938-182f-4054-8044-6072e531a40a{ip: 192.168.157.213, host: pr-hdds-2241-master-j9rj8-2432081592, networkLocation: /default-rack, certSerialId: null}
2019-11-19 00:06:49,024 [Command processor thread] INFO  impl.RaftServerProxy (RaftServerProxy.java:addNew(89)) - ab08a327-d932-491f-aef7-f81bfe8e2592: addNew group-5AC849CCC727:[ab08a327-d932-491f-aef7-f81bfe8e2592:192.168.157.213:45539] returns group-5AC849CCC727:java.util.concurrent.CompletableFuture@6f2c2c60[Not completed]
2019-11-19 00:06:49,027 [pool-87-thread-1] INFO  impl.RaftServerImpl (RaftServerImpl.java:<init>(98)) - ab08a327-d932-491f-aef7-f81bfe8e2592: new RaftServerImpl for group-5AC849CCC727:[ab08a327-d932-491f-aef7-f81bfe8e2592:192.168.157.213:45539] with ContainerStateMachine:uninitialized
2019-11-19 00:06:49,027 [pool-37-thread-1] INFO  storage.RaftStorage (RaftStorage.java:format(84)) - Storage directory /workdir/hadoop-ozone/integration-test/target/test-dir/MiniOzoneClusterImpl-e12fca27-2987-495d-949a-a359bcbd3d99/datanode-1/data/ratis/158c84f7-10fd-45e4-9bdc-30b6beed2d1e has been successfully formatted.
2019-11-19 00:06:49,027 [pool-87-thread-1] INFO  server.RaftServerConfigKeys (ConfUtils.java:logGet(43)) - raft.server.rpc.timeout.min = 5s (custom)
2019-11-19 00:06:49,027 [pool-27-thread-1] INFO  storage.RaftStorage (RaftStorage.java:format(84)) - Storage directory /workdir/hadoop-ozone/integration-test/target/test-dir/MiniOzoneClusterImpl-e12fca27-2987-495d-949a-a359bcbd3d99/datanode-0/data/ratis/158c84f7-10fd-45e4-9bdc-30b6beed2d1e has been successfully formatted.
2019-11-19 00:06:49,028 [pool-87-thread-1] INFO  server.RaftServerConfigKeys (ConfUtils.java:logGet(43)) - raft.server.rpc.timeout.max = 5200ms (custom)
2019-11-19 00:06:49,028 [pool-37-thread-1] INFO  ratis.ContainerStateMachine (ContainerStateMachine.java:loadSnapshot(223)) - group-30B6BEED2D1E: The snapshot info is null. Setting the last applied indexto:(t:0, i:~)
2019-11-19 00:06:49,028 [pool-27-thread-1] INFO  ratis.ContainerStateMachine (ContainerStateMachine.java:loadSnapshot(223)) - group-30B6BEED2D1E: The snapshot info is null. Setting the last applied indexto:(t:0, i:~)
2019-11-19 00:06:49,028 [pool-87-thread-1] INFO  server.RaftServerConfigKeys (ConfUtils.java:logGet(43)) - raft.server.rpcslowness.timeout = 120s (custom)
2019-11-19 00:06:49,028 [pool-27-thread-1] INFO  server.RaftServerConfigKeys (ConfUtils.java:logGet(43)) - raft.server.notification.no-leader.timeout = 120s (custom)
2019-11-19 00:06:49,028 [pool-37-thread-1] INFO  server.RaftServerConfigKeys (ConfUtils.java:logGet(43)) - raft.server.notification.no-leader.timeout = 120s (custom)
2019-11-19 00:06:49,028 [pool-27-thread-1] INFO  server.RaftServerConfigKeys (ConfUtils.java:logGet(43)) - raft.server.log.use.memory = false (default)
2019-11-19 00:06:49,028 [pool-87-thread-1] INFO  server.RaftServerConfigKeys (ConfUtils.java:logGet(43)) - raft.server.sleep.deviation.threshold = 300 (default)
2019-11-19 00:06:49,029 [pool-27-thread-1] INFO  server.RaftServerConfigKeys (ConfUtils.java:logGet(43)) - raft.server.log.purge.gap = 1000000 (custom)
2019-11-19 00:06:49,028 [pool-37-thread-1] INFO  server.RaftServerConfigKeys (ConfUtils.java:logGet(43)) - raft.server.log.use.memory = false (default)
2019-11-19 00:06:49,029 [pool-27-thread-1] INFO  server.RaftServerConfigKeys (ConfUtils.java:logGet(43)) - raft.server.log.appender.buffer.byte-limit = 33554432 (custom)
2019-11-19 00:06:49,029 [pool-87-thread-1] INFO  server.RaftServerConfigKeys (ConfUtils.java:logGet(43)) - raft.server.log.appender.install.snapshot.enabled = false (custom)
2019-11-19 00:06:49,029 [pool-27-thread-1] INFO  server.RaftServerConfigKeys (ConfUtils.java:logGet(43)) - raft.server.log.segment.size.max = 1048576 (custom)
2019-11-19 00:06:49,029 [pool-37-thread-1] INFO  server.RaftServerConfigKeys (ConfUtils.java:logGet(43)) - raft.server.log.purge.gap = 1000000 (custom)
2019-11-19 00:06:49,029 [main] INFO  ozone.MiniOzoneClusterImpl (MiniOzoneClusterImpl.java:lambda$waitForClusterToBeReady$0(150)) - Nodes are ready. Got 7 of 7 DN Heartbeats.
2019-11-19 00:06:49,029 [pool-37-thread-1] INFO  server.RaftServerConfigKeys (ConfUtils.java:logGet(43)) - raft.server.log.appender.buffer.byte-limit = 33554432 (custom)
2019-11-19 00:06:49,029 [pool-27-thread-1] INFO  server.RaftServerConfigKeys (ConfUtils.java:logGet(43)) - raft.server.log.segment.cache.num.max = 2 (custom)
2019-11-19 00:06:49,029 [pool-87-thread-1] INFO  impl.RaftServerImpl (ServerState.java:<init>(103)) - ab08a327-d932-491f-aef7-f81bfe8e2592@group-5AC849CCC727: ConfigurationManager, init=-1: [ab08a327-d932-491f-aef7-f81bfe8e2592:192.168.157.213:45539], old=null, confs=<EMPTY_MAP>
2019-11-19 00:06:49,030 [pool-27-thread-1] INFO  segmented.SegmentedRaftLogWorker (SegmentedRaftLogWorker.java:<init>(173)) - new 58d24f50-e03c-4cdf-9f21-18e5bcb6f884@group-30B6BEED2D1E-SegmentedRaftLogWorker for RaftStorage:Storage Directory /workdir/hadoop-ozone/integration-test/target/test-dir/MiniOzoneClusterImpl-e12fca27-2987-495d-949a-a359bcbd3d99/datanode-0/data/ratis/158c84f7-10fd-45e4-9bdc-30b6beed2d1e
2019-11-19 00:06:49,030 [pool-37-thread-1] INFO  server.RaftServerConfigKeys (ConfUtils.java:logGet(43)) - raft.server.log.segment.size.max = 1048576 (custom)
2019-11-19 00:06:49,030 [main] INFO  ozone.MiniOzoneClusterImpl (MiniOzoneClusterImpl.java:lambda$waitForClusterToBeReady$0(153)) - Waiting for cluster to exit safe mode
2019-11-19 00:06:49,030 [pool-37-thread-1] INFO  server.RaftServerConfigKeys (ConfUtils.java:logGet(43)) - raft.server.log.segment.cache.num.max = 2 (custom)
2019-11-19 00:06:49,030 [pool-27-thread-1] INFO  server.RaftServerConfigKeys (ConfUtils.java:logGet(43)) - raft.server.log.queue.byte-limit = 2147483647 (custom)
2019-11-19 00:06:49,030 [pool-87-thread-1] INFO  server.RaftServerConfigKeys (ConfUtils.java:logGet(43)) - raft.server.storage.dir = [/workdir/hadoop-ozone/integration-test/target/test-dir/MiniOzoneClusterImpl-e12fca27-2987-495d-949a-a359bcbd3d99/datanode-6/data/ratis] (custom)
2019-11-19 00:06:49,031 [pool-27-thread-1] INFO  server.RaftServerConfigKeys (ConfUtils.java:logGet(43)) - raft.server.log.queue.element-limit = 1024 (custom)
2019-11-19 00:06:49,031 [pool-37-thread-1] INFO  segmented.SegmentedRaftLogWorker (SegmentedRaftLogWorker.java:<init>(173)) - new 7708ce6b-94dd-49f9-8895-392afc2c64db@group-30B6BEED2D1E-SegmentedRaftLogWorker for RaftStorage:Storage Directory /workdir/hadoop-ozone/integration-test/target/test-dir/MiniOzoneClusterImpl-e12fca27-2987-495d-949a-a359bcbd3d99/datanode-1/data/ratis/158c84f7-10fd-45e4-9bdc-30b6beed2d1e
2019-11-19 00:06:49,031 [pool-27-thread-1] INFO  server.RaftServerConfigKeys (ConfUtils.java:logGet(43)) - raft.server.log.segment.size.max = 1048576 (custom)
2019-11-19 00:06:49,031 [pool-87-thread-1] INFO  server.RaftServerConfigKeys (ConfUtils.java:logGet(43)) - raft.server.log.corruption.policy = EXCEPTION (default)
2019-11-19 00:06:49,031 [pool-27-thread-1] INFO  server.RaftServerConfigKeys (ConfUtils.java:logGet(43)) - raft.server.log.preallocated.size = 16384 (custom)
2019-11-19 00:06:49,031 [pool-37-thread-1] INFO  server.RaftServerConfigKeys (ConfUtils.java:logGet(43)) - raft.server.log.queue.byte-limit = 2147483647 (custom)
2019-11-19 00:06:49,031 [pool-27-thread-1] INFO  server.RaftServerConfigKeys (ConfUtils.java:logGet(43)) - raft.server.log.write.buffer.size = 33554432 (custom)
2019-11-19 00:06:49,031 [pool-87-thread-1] INFO  storage.RaftStorageDirectory (RaftStorageDirectory.java:analyzeStorage(246)) - The storage directory /workdir/hadoop-ozone/integration-test/target/test-dir/MiniOzoneClusterImpl-e12fca27-2987-495d-949a-a359bcbd3d99/datanode-6/data/ratis/158bfb12-f6d4-4686-b9f9-5ac849ccc727 does not exist. Creating ...
2019-11-19 00:06:49,032 [pool-27-thread-1] INFO  server.RaftServerConfigKeys (ConfUtils.java:logGet(43)) - raft.server.log.force.sync.num = 128 (default)
2019-11-19 00:06:49,032 [pool-37-thread-1] INFO  server.RaftServerConfigKeys (ConfUtils.java:logGet(43)) - raft.server.log.queue.element-limit = 1024 (custom)
2019-11-19 00:06:49,032 [pool-27-thread-1] INFO  server.RaftServerConfigKeys (ConfUtils.java:logGet(43)) - raft.server.log.statemachine.data.sync = true (default)
2019-11-19 00:06:49,032 [pool-37-thread-1] INFO  server.RaftServerConfigKeys (ConfUtils.java:logGet(43)) - raft.server.log.segment.size.max = 1048576 (custom)
2019-11-19 00:06:49,032 [pool-27-thread-1] INFO  server.RaftServerConfigKeys (ConfUtils.java:logGet(43)) - raft.server.log.statemachine.data.sync.timeout = 10s (default)
2019-11-19 00:06:49,032 [pool-37-thread-1] INFO  server.RaftServerConfigKeys (ConfUtils.java:logGet(43)) - raft.server.log.preallocated.size = 16384 (custom)
2019-11-19 00:06:49,032 [pool-27-thread-1] INFO  server.RaftServerConfigKeys (ConfUtils.java:logGet(43)) - raft.server.log.statemachine.data.sync.timeout.retry = -1 (default)
2019-11-19 00:06:49,033 [pool-37-thread-1] INFO  server.RaftServerConfigKeys (ConfUtils.java:logGet(43)) - raft.server.log.write.buffer.size = 33554432 (custom)
2019-11-19 00:06:49,033 [pool-27-thread-1] INFO  server.RaftServerConfigKeys (ConfUtils.java:logGet(43)) - raft.server.log.statemachine.data.caching.enabled = true (custom)
2019-11-19 00:06:49,033 [pool-37-thread-1] INFO  server.RaftServerConfigKeys (ConfUtils.java:logGet(43)) - raft.server.log.force.sync.num = 128 (default)
2019-11-19 00:06:49,033 [pool-37-thread-1] INFO  server.RaftServerConfigKeys (ConfUtils.java:logGet(43)) - raft.server.log.statemachine.data.sync = true (default)
2019-11-19 00:06:49,033 [pool-27-thread-1] INFO  segmented.SegmentedRaftLogWorker (SegmentedRaftLogWorker.java:lambda$new$0(128)) - 58d24f50-e03c-4cdf-9f21-18e5bcb6f884@group-30B6BEED2D1E-SegmentedRaftLogWorker: flushIndex: setUnconditionally 0 -> -1
2019-11-19 00:06:49,033 [pool-37-thread-1] INFO  server.RaftServerConfigKeys (ConfUtils.java:logGet(43)) - raft.server.log.statemachine.data.sync.timeout = 10s (default)
2019-11-19 00:06:49,033 [pool-37-thread-1] INFO  server.RaftServerConfigKeys (ConfUtils.java:logGet(43)) - raft.server.log.statemachine.data.sync.timeout.retry = -1 (default)
2019-11-19 00:06:49,034 [pool-27-thread-1] INFO  server.RaftServerConfigKeys (ConfUtils.java:logGet(43)) - raft.server.snapshot.auto.trigger.enabled = true (custom)
2019-11-19 00:06:49,034 [pool-37-thread-1] INFO  server.RaftServerConfigKeys (ConfUtils.java:logGet(43)) - raft.server.log.statemachine.data.caching.enabled = true (custom)
2019-11-19 00:06:49,034 [pool-27-thread-1] INFO  server.RaftServerConfigKeys (ConfUtils.java:logGet(43)) - raft.server.snapshot.auto.trigger.threshold = 10000 (custom)
2019-11-19 00:06:49,034 [pool-27-thread-1] INFO  server.RaftServerConfigKeys (ConfUtils.java:logGet(43)) - raft.server.snapshot.retention.file.num = 5 (custom)
2019-11-19 00:06:49,034 [pool-37-thread-1] INFO  segmented.SegmentedRaftLogWorker (SegmentedRaftLogWorker.java:lambda$new$0(128)) - 7708ce6b-94dd-49f9-8895-392afc2c64db@group-30B6BEED2D1E-SegmentedRaftLogWorker: flushIndex: setUnconditionally 0 -> -1
2019-11-19 00:06:49,034 [pool-27-thread-1] INFO  server.RaftServerConfigKeys (ConfUtils.java:logGet(43)) - raft.server.retrycache.expirytime = 600000ms (custom)
2019-11-19 00:06:49,034 [pool-27-thread-1] WARN  impl.MetricRegistriesImpl (MetricRegistriesImpl.java:lambda$create$1(61)) - First MetricRegistry has been created without registering reporters. You may need to call MetricRegistries.global().addReportRegistration(...) before.
2019-11-19 00:06:49,034 [pool-37-thread-1] INFO  server.RaftServerConfigKeys (ConfUtils.java:logGet(43)) - raft.server.snapshot.auto.trigger.enabled = true (custom)
2019-11-19 00:06:49,035 [pool-27-thread-1] WARN  impl.MetricRegistriesImpl (MetricRegistriesImpl.java:lambda$create$1(61)) - First MetricRegistry has been created without registering reporters. You may need to call MetricRegistries.global().addReportRegistration(...) before.
2019-11-19 00:06:49,035 [pool-37-thread-1] INFO  server.RaftServerConfigKeys (ConfUtils.java:logGet(43)) - raft.server.snapshot.auto.trigger.threshold = 10000 (custom)
2019-11-19 00:06:49,035 [pool-37-thread-1] INFO  server.RaftServerConfigKeys (ConfUtils.java:logGet(43)) - raft.server.snapshot.retention.file.num = 5 (custom)
2019-11-19 00:06:49,035 [pool-27-thread-1] INFO  impl.RaftServerImpl (RaftServerImpl.java:start(184)) - 58d24f50-e03c-4cdf-9f21-18e5bcb6f884@group-30B6BEED2D1E: start as a follower, conf=-1: [b9804938-182f-4054-8044-6072e531a40a:192.168.157.213:38909, 58d24f50-e03c-4cdf-9f21-18e5bcb6f884:192.168.157.213:40280, 7708ce6b-94dd-49f9-8895-392afc2c64db:192.168.157.213:34565], old=null
2019-11-19 00:06:49,035 [pool-37-thread-1] INFO  server.RaftServerConfigKeys (ConfUtils.java:logGet(43)) - raft.server.retrycache.expirytime = 600000ms (custom)
2019-11-19 00:06:49,035 [pool-27-thread-1] INFO  impl.RaftServerImpl (RaftServerImpl.java:setRole(173)) - 58d24f50-e03c-4cdf-9f21-18e5bcb6f884@group-30B6BEED2D1E: changes role from      null to FOLLOWER at term 0 for startAsFollower
2019-11-19 00:06:49,035 [pool-37-thread-1] WARN  impl.MetricRegistriesImpl (MetricRegistriesImpl.java:lambda$create$1(61)) - First MetricRegistry has been created without registering reporters. You may need to call MetricRegistries.global().addReportRegistration(...) before.
2019-11-19 00:06:49,035 [pool-67-thread-1] INFO  storage.RaftStorage (RaftStorage.java:format(84)) - Storage directory /workdir/hadoop-ozone/integration-test/target/test-dir/MiniOzoneClusterImpl-e12fca27-2987-495d-949a-a359bcbd3d99/datanode-4/data/ratis/a788d7ce-7ad6-43a2-a21c-1638bc5485d3 has been successfully formatted.
2019-11-19 00:06:49,035 [pool-77-thread-1] INFO  storage.RaftStorage (RaftStorage.java:format(84)) - Storage directory /workdir/hadoop-ozone/integration-test/target/test-dir/MiniOzoneClusterImpl-e12fca27-2987-495d-949a-a359bcbd3d99/datanode-5/data/ratis/7d0e1bf5-d814-4998-a3e0-5891aa192007 has been successfully formatted.
2019-11-19 00:06:49,035 [pool-27-thread-1] INFO  impl.RoleInfo (RoleInfo.java:updateAndGet(143)) - 58d24f50-e03c-4cdf-9f21-18e5bcb6f884: start FollowerState
2019-11-19 00:06:49,036 [pool-77-thread-1] INFO  ratis.ContainerStateMachine (ContainerStateMachine.java:loadSnapshot(223)) - group-5891AA192007: The snapshot info is null. Setting the last applied indexto:(t:0, i:~)
2019-11-19 00:06:49,036 [pool-67-thread-1] INFO  ratis.ContainerStateMachine (ContainerStateMachine.java:loadSnapshot(223)) - group-1638BC5485D3: The snapshot info is null. Setting the last applied indexto:(t:0, i:~)
2019-11-19 00:06:49,035 [pool-37-thread-1] WARN  impl.MetricRegistriesImpl (MetricRegistriesImpl.java:lambda$create$1(61)) - First MetricRegistry has been created without registering reporters. You may need to call MetricRegistries.global().addReportRegistration(...) before.
2019-11-19 00:06:49,036 [pool-67-thread-1] INFO  server.RaftServerConfigKeys (ConfUtils.java:logGet(43)) - raft.server.notification.no-leader.timeout = 120s (custom)
2019-11-19 00:06:49,036 [pool-77-thread-1] INFO  server.RaftServerConfigKeys (ConfUtils.java:logGet(43)) - raft.server.notification.no-leader.timeout = 120s (custom)
2019-11-19 00:06:49,036 [pool-67-thread-1] INFO  server.RaftServerConfigKeys (ConfUtils.java:logGet(43)) - raft.server.log.use.memory = false (default)
2019-11-19 00:06:49,036 [pool-37-thread-1] INFO  impl.RaftServerImpl (RaftServerImpl.java:start(184)) - 7708ce6b-94dd-49f9-8895-392afc2c64db@group-30B6BEED2D1E: start as a follower, conf=-1: [b9804938-182f-4054-8044-6072e531a40a:192.168.157.213:38909, 58d24f50-e03c-4cdf-9f21-18e5bcb6f884:192.168.157.213:40280, 7708ce6b-94dd-49f9-8895-392afc2c64db:192.168.157.213:34565], old=null
2019-11-19 00:06:49,036 [pool-27-thread-1] INFO  util.JmxRegister (JmxRegister.java:tryRegister(44)) - Successfully registered JMX Bean with object name Ratis:service=RaftServer,group=group-30B6BEED2D1E,id=58d24f50-e03c-4cdf-9f21-18e5bcb6f884
2019-11-19 00:06:49,036 [pool-37-thread-1] INFO  impl.RaftServerImpl (RaftServerImpl.java:setRole(173)) - 7708ce6b-94dd-49f9-8895-392afc2c64db@group-30B6BEED2D1E: changes role from      null to FOLLOWER at term 0 for startAsFollower
2019-11-19 00:06:49,036 [pool-67-thread-1] INFO  server.RaftServerConfigKeys (ConfUtils.java:logGet(43)) - raft.server.log.purge.gap = 1000000 (custom)
2019-11-19 00:06:49,036 [pool-77-thread-1] INFO  server.RaftServerConfigKeys (ConfUtils.java:logGet(43)) - raft.server.log.use.memory = false (default)
2019-11-19 00:06:49,037 [pool-67-thread-1] INFO  server.RaftServerConfigKeys (ConfUtils.java:logGet(43)) - raft.server.log.appender.buffer.byte-limit = 33554432 (custom)
2019-11-19 00:06:49,037 [pool-37-thread-1] INFO  impl.RoleInfo (RoleInfo.java:updateAndGet(143)) - 7708ce6b-94dd-49f9-8895-392afc2c64db: start FollowerState
2019-11-19 00:06:49,037 [pool-27-thread-1] WARN  impl.MetricRegistriesImpl (MetricRegistriesImpl.java:lambda$create$1(61)) - First MetricRegistry has been created without registering reporters. You may need to call MetricRegistries.global().addReportRegistration(...) before.
2019-11-19 00:06:49,038 [pool-67-thread-1] INFO  server.RaftServerConfigKeys (ConfUtils.java:logGet(43)) - raft.server.log.segment.size.max = 1048576 (custom)
2019-11-19 00:06:49,037 [pool-77-thread-1] INFO  server.RaftServerConfigKeys (ConfUtils.java:logGet(43)) - raft.server.log.purge.gap = 1000000 (custom)
2019-11-19 00:06:49,043 [pool-67-thread-1] INFO  server.RaftServerConfigKeys (ConfUtils.java:logGet(43)) - raft.server.log.segment.cache.num.max = 2 (custom)
2019-11-19 00:06:49,046 [pool-77-thread-1] INFO  server.RaftServerConfigKeys (ConfUtils.java:logGet(43)) - raft.server.log.appender.buffer.byte-limit = 33554432 (custom)
2019-11-19 00:06:49,048 [Command processor thread] INFO  commandhandler.CreatePipelineCommandHandler (CreatePipelineCommandHandler.java:handle(86)) - Create Pipeline RATIS THREE #id: "158c84f7-10fd-45e4-9bdc-30b6beed2d1e"
 command succeed on datanode 58d24f50-e03c-4cdf-9f21-18e5bcb6f884.
2019-11-19 00:06:49,048 [pool-67-thread-1] INFO  segmented.SegmentedRaftLogWorker (SegmentedRaftLogWorker.java:<init>(173)) - new bd387ed7-3819-4da1-a185-88e6b294d0ec@group-1638BC5485D3-SegmentedRaftLogWorker for RaftStorage:Storage Directory /workdir/hadoop-ozone/integration-test/target/test-dir/MiniOzoneClusterImpl-e12fca27-2987-495d-949a-a359bcbd3d99/datanode-4/data/ratis/a788d7ce-7ad6-43a2-a21c-1638bc5485d3
2019-11-19 00:06:49,049 [pool-77-thread-1] INFO  server.RaftServerConfigKeys (ConfUtils.java:logGet(43)) - raft.server.log.segment.size.max = 1048576 (custom)
2019-11-19 00:06:49,049 [pool-37-thread-1] INFO  util.JmxRegister (JmxRegister.java:tryRegister(44)) - Successfully registered JMX Bean with object name Ratis:service=RaftServer,group=group-30B6BEED2D1E,id=7708ce6b-94dd-49f9-8895-392afc2c64db
2019-11-19 00:06:49,049 [pool-77-thread-1] WARN  impl.MetricRegistriesImpl (MetricRegistriesImpl.java:lambda$create$1(61)) - First MetricRegistry has been created without registering reporters. You may need to call MetricRegistries.global().addReportRegistration(...) before.
2019-11-19 00:06:49,049 [pool-67-thread-1] INFO  server.RaftServerConfigKeys (ConfUtils.java:logGet(43)) - raft.server.log.queue.byte-limit = 2147483647 (custom)
2019-11-19 00:06:49,049 [pool-77-thread-1] INFO  server.RaftServerConfigKeys (ConfUtils.java:logGet(43)) - raft.server.log.segment.cache.num.max = 2 (custom)
2019-11-19 00:06:49,049 [pool-37-thread-1] WARN  impl.MetricRegistriesImpl (MetricRegistriesImpl.java:lambda$create$1(61)) - First MetricRegistry has been created without registering reporters. You may need to call MetricRegistries.global().addReportRegistration(...) before.
2019-11-19 00:06:49,049 [pool-77-thread-1] INFO  segmented.SegmentedRaftLogWorker (SegmentedRaftLogWorker.java:<init>(173)) - new 93728d59-90a7-4d42-a9e8-51f96f87119b@group-5891AA192007-SegmentedRaftLogWorker for RaftStorage:Storage Directory /workdir/hadoop-ozone/integration-test/target/test-dir/MiniOzoneClusterImpl-e12fca27-2987-495d-949a-a359bcbd3d99/datanode-5/data/ratis/7d0e1bf5-d814-4998-a3e0-5891aa192007
2019-11-19 00:06:49,049 [pool-67-thread-1] INFO  server.RaftServerConfigKeys (ConfUtils.java:logGet(43)) - raft.server.log.queue.element-limit = 1024 (custom)
2019-11-19 00:06:49,049 [pool-77-thread-1] INFO  server.RaftServerConfigKeys (ConfUtils.java:logGet(43)) - raft.server.log.queue.byte-limit = 2147483647 (custom)
2019-11-19 00:06:49,050 [pool-67-thread-1] INFO  server.RaftServerConfigKeys (ConfUtils.java:logGet(43)) - raft.server.log.segment.size.max = 1048576 (custom)
2019-11-19 00:06:49,050 [pool-77-thread-1] INFO  server.RaftServerConfigKeys (ConfUtils.java:logGet(43)) - raft.server.log.queue.element-limit = 1024 (custom)
2019-11-19 00:06:49,050 [pool-67-thread-1] INFO  server.RaftServerConfigKeys (ConfUtils.java:logGet(43)) - raft.server.log.preallocated.size = 16384 (custom)
2019-11-19 00:06:49,050 [pool-77-thread-1] INFO  server.RaftServerConfigKeys (ConfUtils.java:logGet(43)) - raft.server.log.segment.size.max = 1048576 (custom)
2019-11-19 00:06:49,050 [pool-67-thread-1] INFO  server.RaftServerConfigKeys (ConfUtils.java:logGet(43)) - raft.server.log.write.buffer.size = 33554432 (custom)
2019-11-19 00:06:49,050 [pool-77-thread-1] INFO  server.RaftServerConfigKeys (ConfUtils.java:logGet(43)) - raft.server.log.preallocated.size = 16384 (custom)
2019-11-19 00:06:49,050 [pool-67-thread-1] INFO  server.RaftServerConfigKeys (ConfUtils.java:logGet(43)) - raft.server.log.force.sync.num = 128 (default)
2019-11-19 00:06:49,050 [pool-77-thread-1] INFO  server.RaftServerConfigKeys (ConfUtils.java:logGet(43)) - raft.server.log.write.buffer.size = 33554432 (custom)
2019-11-19 00:06:49,050 [pool-67-thread-1] INFO  server.RaftServerConfigKeys (ConfUtils.java:logGet(43)) - raft.server.log.statemachine.data.sync = true (default)
2019-11-19 00:06:49,050 [pool-77-thread-1] INFO  server.RaftServerConfigKeys (ConfUtils.java:logGet(43)) - raft.server.log.force.sync.num = 128 (default)
2019-11-19 00:06:49,050 [pool-67-thread-1] INFO  server.RaftServerConfigKeys (ConfUtils.java:logGet(43)) - raft.server.log.statemachine.data.sync.timeout = 10s (default)
2019-11-19 00:06:49,050 [pool-77-thread-1] INFO  server.RaftServerConfigKeys (ConfUtils.java:logGet(43)) - raft.server.log.statemachine.data.sync = true (default)
2019-11-19 00:06:49,051 [pool-67-thread-1] INFO  server.RaftServerConfigKeys (ConfUtils.java:logGet(43)) - raft.server.log.statemachine.data.sync.timeout.retry = -1 (default)
2019-11-19 00:06:49,051 [pool-77-thread-1] INFO  server.RaftServerConfigKeys (ConfUtils.java:logGet(43)) - raft.server.log.statemachine.data.sync.timeout = 10s (default)
2019-11-19 00:06:49,051 [pool-77-thread-1] INFO  server.RaftServerConfigKeys (ConfUtils.java:logGet(43)) - raft.server.log.statemachine.data.sync.timeout.retry = -1 (default)
2019-11-19 00:06:49,059 [pool-67-thread-1] INFO  server.RaftServerConfigKeys (ConfUtils.java:logGet(43)) - raft.server.log.statemachine.data.caching.enabled = true (custom)
2019-11-19 00:06:49,059 [pool-77-thread-1] INFO  server.RaftServerConfigKeys (ConfUtils.java:logGet(43)) - raft.server.log.statemachine.data.caching.enabled = true (custom)
2019-11-19 00:06:49,060 [Command processor thread] INFO  commandhandler.CreatePipelineCommandHandler (CreatePipelineCommandHandler.java:handle(86)) - Create Pipeline RATIS THREE #id: "158c84f7-10fd-45e4-9bdc-30b6beed2d1e"
 command succeed on datanode 7708ce6b-94dd-49f9-8895-392afc2c64db.
2019-11-19 00:06:49,061 [EventQueue-PipelineReportForPipelineReportHandler] INFO  pipeline.PipelineReportHandler (PipelineReportHandler.java:processPipelineReport(113)) - Pipeline THREE PipelineID=158c84f7-10fd-45e4-9bdc-30b6beed2d1e reported by 58d24f50-e03c-4cdf-9f21-18e5bcb6f884{ip: 192.168.157.213, host: pr-hdds-2241-master-j9rj8-2432081592, networkLocation: /default-rack, certSerialId: null}
2019-11-19 00:06:49,062 [EventQueue-PipelineReportForPipelineReportHandler] INFO  pipeline.PipelineReportHandler (PipelineReportHandler.java:processPipelineReport(113)) - Pipeline THREE PipelineID=158c84f7-10fd-45e4-9bdc-30b6beed2d1e reported by 7708ce6b-94dd-49f9-8895-392afc2c64db{ip: 192.168.157.213, host: pr-hdds-2241-master-j9rj8-2432081592, networkLocation: /default-rack, certSerialId: null}
2019-11-19 00:06:49,096 [pool-67-thread-1] INFO  segmented.SegmentedRaftLogWorker (SegmentedRaftLogWorker.java:lambda$new$0(128)) - bd387ed7-3819-4da1-a185-88e6b294d0ec@group-1638BC5485D3-SegmentedRaftLogWorker: flushIndex: setUnconditionally 0 -> -1
2019-11-19 00:06:49,096 [pool-77-thread-1] INFO  segmented.SegmentedRaftLogWorker (SegmentedRaftLogWorker.java:lambda$new$0(128)) - 93728d59-90a7-4d42-a9e8-51f96f87119b@group-5891AA192007-SegmentedRaftLogWorker: flushIndex: setUnconditionally 0 -> -1
2019-11-19 00:06:49,103 [pool-87-thread-1] INFO  storage.RaftStorageDirectory (RaftStorageDirectory.java:tryLock(328)) - Lock on /workdir/hadoop-ozone/integration-test/target/test-dir/MiniOzoneClusterImpl-e12fca27-2987-495d-949a-a359bcbd3d99/datanode-6/data/ratis/158bfb12-f6d4-4686-b9f9-5ac849ccc727/in_use.lock acquired by nodename 1063@pr-hdds-2241-master-j9rj8-2432081592
2019-11-19 00:06:49,105 [pool-77-thread-1] INFO  server.RaftServerConfigKeys (ConfUtils.java:logGet(43)) - raft.server.snapshot.auto.trigger.enabled = true (custom)
2019-11-19 00:06:49,105 [pool-67-thread-1] INFO  server.RaftServerConfigKeys (ConfUtils.java:logGet(43)) - raft.server.snapshot.auto.trigger.enabled = true (custom)
2019-11-19 00:06:49,105 [pool-77-thread-1] INFO  server.RaftServerConfigKeys (ConfUtils.java:logGet(43)) - raft.server.snapshot.auto.trigger.threshold = 10000 (custom)
2019-11-19 00:06:49,105 [pool-67-thread-1] INFO  server.RaftServerConfigKeys (ConfUtils.java:logGet(43)) - raft.server.snapshot.auto.trigger.threshold = 10000 (custom)
2019-11-19 00:06:49,105 [pool-77-thread-1] INFO  server.RaftServerConfigKeys (ConfUtils.java:logGet(43)) - raft.server.snapshot.retention.file.num = 5 (custom)
2019-11-19 00:06:49,105 [pool-67-thread-1] INFO  server.RaftServerConfigKeys (ConfUtils.java:logGet(43)) - raft.server.snapshot.retention.file.num = 5 (custom)
2019-11-19 00:06:49,106 [pool-67-thread-1] INFO  server.RaftServerConfigKeys (ConfUtils.java:logGet(43)) - raft.server.retrycache.expirytime = 600000ms (custom)
2019-11-19 00:06:49,106 [pool-77-thread-1] INFO  server.RaftServerConfigKeys (ConfUtils.java:logGet(43)) - raft.server.retrycache.expirytime = 600000ms (custom)
2019-11-19 00:06:49,106 [pool-67-thread-1] WARN  impl.MetricRegistriesImpl (MetricRegistriesImpl.java:lambda$create$1(61)) - First MetricRegistry has been created without registering reporters. You may need to call MetricRegistries.global().addReportRegistration(...) before.
2019-11-19 00:06:49,106 [pool-77-thread-1] WARN  impl.MetricRegistriesImpl (MetricRegistriesImpl.java:lambda$create$1(61)) - First MetricRegistry has been created without registering reporters. You may need to call MetricRegistries.global().addReportRegistration(...) before.
2019-11-19 00:06:49,108 [pool-67-thread-1] WARN  impl.MetricRegistriesImpl (MetricRegistriesImpl.java:lambda$create$1(61)) - First MetricRegistry has been created without registering reporters. You may need to call MetricRegistries.global().addReportRegistration(...) before.
2019-11-19 00:06:49,110 [pool-77-thread-1] WARN  impl.MetricRegistriesImpl (MetricRegistriesImpl.java:lambda$create$1(61)) - First MetricRegistry has been created without registering reporters. You may need to call MetricRegistries.global().addReportRegistration(...) before.
2019-11-19 00:06:49,110 [pool-67-thread-1] INFO  impl.RaftServerImpl (RaftServerImpl.java:start(184)) - bd387ed7-3819-4da1-a185-88e6b294d0ec@group-1638BC5485D3: start as a follower, conf=-1: [93728d59-90a7-4d42-a9e8-51f96f87119b:192.168.157.213:46185, bd387ed7-3819-4da1-a185-88e6b294d0ec:192.168.157.213:43405, 3c68acf1-2e75-484b-8dce-fe6027c40cff:192.168.157.213:43086], old=null
2019-11-19 00:06:49,110 [pool-67-thread-1] INFO  impl.RaftServerImpl (RaftServerImpl.java:setRole(173)) - bd387ed7-3819-4da1-a185-88e6b294d0ec@group-1638BC5485D3: changes role from      null to FOLLOWER at term 0 for startAsFollower
2019-11-19 00:06:49,110 [pool-77-thread-1] INFO  impl.RaftServerImpl (RaftServerImpl.java:start(184)) - 93728d59-90a7-4d42-a9e8-51f96f87119b@group-5891AA192007: start as a follower, conf=-1: [93728d59-90a7-4d42-a9e8-51f96f87119b:192.168.157.213:46185], old=null
2019-11-19 00:06:49,111 [pool-77-thread-1] INFO  impl.RaftServerImpl (RaftServerImpl.java:setRole(173)) - 93728d59-90a7-4d42-a9e8-51f96f87119b@group-5891AA192007: changes role from      null to FOLLOWER at term 0 for startAsFollower
2019-11-19 00:06:49,119 [pool-67-thread-1] INFO  impl.RoleInfo (RoleInfo.java:updateAndGet(143)) - bd387ed7-3819-4da1-a185-88e6b294d0ec: start FollowerState
2019-11-19 00:06:49,119 [pool-77-thread-1] INFO  impl.RoleInfo (RoleInfo.java:updateAndGet(143)) - 93728d59-90a7-4d42-a9e8-51f96f87119b: start FollowerState
2019-11-19 00:06:49,119 [pool-67-thread-1] INFO  util.JmxRegister (JmxRegister.java:tryRegister(44)) - Successfully registered JMX Bean with object name Ratis:service=RaftServer,group=group-1638BC5485D3,id=bd387ed7-3819-4da1-a185-88e6b294d0ec
2019-11-19 00:06:49,119 [pool-67-thread-1] WARN  impl.MetricRegistriesImpl (MetricRegistriesImpl.java:lambda$create$1(61)) - First MetricRegistry has been created without registering reporters. You may need to call MetricRegistries.global().addReportRegistration(...) before.
2019-11-19 00:06:49,120 [pool-77-thread-1] INFO  util.JmxRegister (JmxRegister.java:tryRegister(44)) - Successfully registered JMX Bean with object name Ratis:service=RaftServer,group=group-5891AA192007,id=93728d59-90a7-4d42-a9e8-51f96f87119b
2019-11-19 00:06:49,120 [pool-77-thread-1] WARN  impl.MetricRegistriesImpl (MetricRegistriesImpl.java:lambda$create$1(61)) - First MetricRegistry has been created without registering reporters. You may need to call MetricRegistries.global().addReportRegistration(...) before.
2019-11-19 00:06:49,120 [Command processor thread] INFO  commandhandler.CreatePipelineCommandHandler (CreatePipelineCommandHandler.java:handle(86)) - Create Pipeline RATIS THREE #id: "a788d7ce-7ad6-43a2-a21c-1638bc5485d3"
 command succeed on datanode bd387ed7-3819-4da1-a185-88e6b294d0ec.
2019-11-19 00:06:49,121 [Command processor thread] INFO  commandhandler.CreatePipelineCommandHandler (CreatePipelineCommandHandler.java:handle(86)) - Create Pipeline RATIS ONE #id: "7d0e1bf5-d814-4998-a3e0-5891aa192007"
 command succeed on datanode 93728d59-90a7-4d42-a9e8-51f96f87119b.
2019-11-19 00:06:49,128 [pool-87-thread-1] INFO  storage.RaftStorage (RaftStorage.java:format(84)) - Storage directory /workdir/hadoop-ozone/integration-test/target/test-dir/MiniOzoneClusterImpl-e12fca27-2987-495d-949a-a359bcbd3d99/datanode-6/data/ratis/158bfb12-f6d4-4686-b9f9-5ac849ccc727 has been successfully formatted.
2019-11-19 00:06:49,128 [pool-87-thread-1] INFO  ratis.ContainerStateMachine (ContainerStateMachine.java:loadSnapshot(223)) - group-5AC849CCC727: The snapshot info is null. Setting the last applied indexto:(t:0, i:~)
2019-11-19 00:06:49,128 [pool-87-thread-1] INFO  server.RaftServerConfigKeys (ConfUtils.java:logGet(43)) - raft.server.notification.no-leader.timeout = 120s (custom)
2019-11-19 00:06:49,129 [pool-87-thread-1] INFO  server.RaftServerConfigKeys (ConfUtils.java:logGet(43)) - raft.server.log.use.memory = false (default)
2019-11-19 00:06:49,129 [pool-87-thread-1] INFO  server.RaftServerConfigKeys (ConfUtils.java:logGet(43)) - raft.server.log.purge.gap = 1000000 (custom)
2019-11-19 00:06:49,129 [pool-87-thread-1] INFO  server.RaftServerConfigKeys (ConfUtils.java:logGet(43)) - raft.server.log.appender.buffer.byte-limit = 33554432 (custom)
2019-11-19 00:06:49,129 [pool-87-thread-1] INFO  server.RaftServerConfigKeys (ConfUtils.java:logGet(43)) - raft.server.log.segment.size.max = 1048576 (custom)
2019-11-19 00:06:49,129 [pool-87-thread-1] WARN  impl.MetricRegistriesImpl (MetricRegistriesImpl.java:lambda$create$1(61)) - First MetricRegistry has been created without registering reporters. You may need to call MetricRegistries.global().addReportRegistration(...) before.
2019-11-19 00:06:49,129 [pool-87-thread-1] INFO  server.RaftServerConfigKeys (ConfUtils.java:logGet(43)) - raft.server.log.segment.cache.num.max = 2 (custom)
2019-11-19 00:06:49,129 [pool-87-thread-1] INFO  segmented.SegmentedRaftLogWorker (SegmentedRaftLogWorker.java:<init>(173)) - new ab08a327-d932-491f-aef7-f81bfe8e2592@group-5AC849CCC727-SegmentedRaftLogWorker for RaftStorage:Storage Directory /workdir/hadoop-ozone/integration-test/target/test-dir/MiniOzoneClusterImpl-e12fca27-2987-495d-949a-a359bcbd3d99/datanode-6/data/ratis/158bfb12-f6d4-4686-b9f9-5ac849ccc727
2019-11-19 00:06:49,130 [pool-87-thread-1] INFO  server.RaftServerConfigKeys (ConfUtils.java:logGet(43)) - raft.server.log.queue.byte-limit = 2147483647 (custom)
2019-11-19 00:06:49,130 [pool-87-thread-1] INFO  server.RaftServerConfigKeys (ConfUtils.java:logGet(43)) - raft.server.log.queue.element-limit = 1024 (custom)
2019-11-19 00:06:49,130 [pool-87-thread-1] INFO  server.RaftServerConfigKeys (ConfUtils.java:logGet(43)) - raft.server.log.segment.size.max = 1048576 (custom)
2019-11-19 00:06:49,130 [pool-87-thread-1] INFO  server.RaftServerConfigKeys (ConfUtils.java:logGet(43)) - raft.server.log.preallocated.size = 16384 (custom)
2019-11-19 00:06:49,130 [pool-87-thread-1] INFO  server.RaftServerConfigKeys (ConfUtils.java:logGet(43)) - raft.server.log.write.buffer.size = 33554432 (custom)
2019-11-19 00:06:49,130 [pool-87-thread-1] INFO  server.RaftServerConfigKeys (ConfUtils.java:logGet(43)) - raft.server.log.force.sync.num = 128 (default)
2019-11-19 00:06:49,130 [pool-87-thread-1] INFO  server.RaftServerConfigKeys (ConfUtils.java:logGet(43)) - raft.server.log.statemachine.data.sync = true (default)
2019-11-19 00:06:49,131 [pool-87-thread-1] INFO  server.RaftServerConfigKeys (ConfUtils.java:logGet(43)) - raft.server.log.statemachine.data.sync.timeout = 10s (default)
2019-11-19 00:06:49,131 [pool-87-thread-1] INFO  server.RaftServerConfigKeys (ConfUtils.java:logGet(43)) - raft.server.log.statemachine.data.sync.timeout.retry = -1 (default)
2019-11-19 00:06:49,136 [Command processor thread] INFO  impl.RaftServerProxy (RaftServerProxy.java:addNew(89)) - 93728d59-90a7-4d42-a9e8-51f96f87119b: addNew group-1638BC5485D3:[93728d59-90a7-4d42-a9e8-51f96f87119b:192.168.157.213:46185, bd387ed7-3819-4da1-a185-88e6b294d0ec:192.168.157.213:43405, 3c68acf1-2e75-484b-8dce-fe6027c40cff:192.168.157.213:43086] returns group-1638BC5485D3:java.util.concurrent.CompletableFuture@4929853f[Not completed]
2019-11-19 00:06:49,136 [pool-87-thread-1] INFO  server.RaftServerConfigKeys (ConfUtils.java:logGet(43)) - raft.server.log.statemachine.data.caching.enabled = true (custom)
2019-11-19 00:06:49,138 [pool-87-thread-1] INFO  segmented.SegmentedRaftLogWorker (SegmentedRaftLogWorker.java:lambda$new$0(128)) - ab08a327-d932-491f-aef7-f81bfe8e2592@group-5AC849CCC727-SegmentedRaftLogWorker: flushIndex: setUnconditionally 0 -> -1
2019-11-19 00:06:49,138 [pool-87-thread-1] INFO  server.RaftServerConfigKeys (ConfUtils.java:logGet(43)) - raft.server.snapshot.auto.trigger.enabled = true (custom)
2019-11-19 00:06:49,138 [EventQueue-PipelineReportForPipelineReportHandler] INFO  pipeline.PipelineReportHandler (PipelineReportHandler.java:processPipelineReport(113)) - Pipeline ONE PipelineID=7d0e1bf5-d814-4998-a3e0-5891aa192007 reported by 93728d59-90a7-4d42-a9e8-51f96f87119b{ip: 192.168.157.213, host: pr-hdds-2241-master-j9rj8-2432081592, networkLocation: /default-rack, certSerialId: null}
2019-11-19 00:06:49,138 [pool-87-thread-1] INFO  server.RaftServerConfigKeys (ConfUtils.java:logGet(43)) - raft.server.snapshot.auto.trigger.threshold = 10000 (custom)
2019-11-19 00:06:49,139 [EventQueue-PipelineReportForPipelineReportHandler] INFO  pipeline.PipelineStateManager (PipelineStateManager.java:openPipeline(132)) - Pipeline Pipeline[ Id: 7d0e1bf5-d814-4998-a3e0-5891aa192007, Nodes: 93728d59-90a7-4d42-a9e8-51f96f87119b{ip: 192.168.157.213, host: pr-hdds-2241-master-j9rj8-2432081592, networkLocation: /default-rack, certSerialId: null}, Type:RATIS, Factor:ONE, State:ALLOCATED] moved to OPEN state
2019-11-19 00:06:49,139 [pool-87-thread-1] INFO  server.RaftServerConfigKeys (ConfUtils.java:logGet(43)) - raft.server.snapshot.retention.file.num = 5 (custom)
2019-11-19 00:06:49,139 [EventQueue-OpenPipelineForOneReplicaPipelineSafeModeRule] INFO  safemode.SCMSafeModeManager (SCMSafeModeManager.java:validateSafeModeExitRules(176)) - AtleastOneDatanodeReportedRule rule is successfully validated
2019-11-19 00:06:49,139 [EventQueue-OpenPipelineForHealthyPipelineSafeModeRule] INFO  safemode.SCMSafeModeManager (HealthyPipelineSafeModeRule.java:process(132)) - SCM in safe mode. Healthy pipelines reported count is 0, required healthy pipeline reported count is 1
2019-11-19 00:06:49,139 [EventQueue-PipelineReportForPipelineReportHandler] INFO  pipeline.PipelineReportHandler (PipelineReportHandler.java:processPipelineReport(113)) - Pipeline THREE PipelineID=a788d7ce-7ad6-43a2-a21c-1638bc5485d3 reported by bd387ed7-3819-4da1-a185-88e6b294d0ec{ip: 192.168.157.213, host: pr-hdds-2241-master-j9rj8-2432081592, networkLocation: /default-rack, certSerialId: null}
2019-11-19 00:06:49,139 [pool-87-thread-1] INFO  server.RaftServerConfigKeys (ConfUtils.java:logGet(43)) - raft.server.retrycache.expirytime = 600000ms (custom)
2019-11-19 00:06:49,140 [pool-87-thread-1] WARN  impl.MetricRegistriesImpl (MetricRegistriesImpl.java:lambda$create$1(61)) - First MetricRegistry has been created without registering reporters. You may need to call MetricRegistries.global().addReportRegistration(...) before.
2019-11-19 00:06:49,140 [pool-87-thread-1] WARN  impl.MetricRegistriesImpl (MetricRegistriesImpl.java:lambda$create$1(61)) - First MetricRegistry has been created without registering reporters. You may need to call MetricRegistries.global().addReportRegistration(...) before.
2019-11-19 00:06:49,141 [pool-87-thread-1] INFO  impl.RaftServerImpl (RaftServerImpl.java:start(184)) - ab08a327-d932-491f-aef7-f81bfe8e2592@group-5AC849CCC727: start as a follower, conf=-1: [ab08a327-d932-491f-aef7-f81bfe8e2592:192.168.157.213:45539], old=null
2019-11-19 00:06:49,141 [pool-87-thread-1] INFO  impl.RaftServerImpl (RaftServerImpl.java:setRole(173)) - ab08a327-d932-491f-aef7-f81bfe8e2592@group-5AC849CCC727: changes role from      null to FOLLOWER at term 0 for startAsFollower
2019-11-19 00:06:49,141 [pool-87-thread-1] INFO  impl.RoleInfo (RoleInfo.java:updateAndGet(143)) - ab08a327-d932-491f-aef7-f81bfe8e2592: start FollowerState
2019-11-19 00:06:49,154 [pool-87-thread-1] INFO  util.JmxRegister (JmxRegister.java:tryRegister(44)) - Successfully registered JMX Bean with object name Ratis:service=RaftServer,group=group-5AC849CCC727,id=ab08a327-d932-491f-aef7-f81bfe8e2592
2019-11-19 00:06:49,154 [pool-87-thread-1] WARN  impl.MetricRegistriesImpl (MetricRegistriesImpl.java:lambda$create$1(61)) - First MetricRegistry has been created without registering reporters. You may need to call MetricRegistries.global().addReportRegistration(...) before.
2019-11-19 00:06:49,154 [Command processor thread] INFO  commandhandler.CreatePipelineCommandHandler (CreatePipelineCommandHandler.java:handle(86)) - Create Pipeline RATIS ONE #id: "158bfb12-f6d4-4686-b9f9-5ac849ccc727"
 command succeed on datanode ab08a327-d932-491f-aef7-f81bfe8e2592.
2019-11-19 00:06:49,166 [EventQueue-PipelineReportForPipelineReportHandler] INFO  pipeline.PipelineReportHandler (PipelineReportHandler.java:processPipelineReport(113)) - Pipeline ONE PipelineID=158bfb12-f6d4-4686-b9f9-5ac849ccc727 reported by ab08a327-d932-491f-aef7-f81bfe8e2592{ip: 192.168.157.213, host: pr-hdds-2241-master-j9rj8-2432081592, networkLocation: /default-rack, certSerialId: null}
2019-11-19 00:06:49,166 [EventQueue-PipelineReportForPipelineReportHandler] INFO  pipeline.PipelineStateManager (PipelineStateManager.java:openPipeline(132)) - Pipeline Pipeline[ Id: 158bfb12-f6d4-4686-b9f9-5ac849ccc727, Nodes: ab08a327-d932-491f-aef7-f81bfe8e2592{ip: 192.168.157.213, host: pr-hdds-2241-master-j9rj8-2432081592, networkLocation: /default-rack, certSerialId: null}, Type:RATIS, Factor:ONE, State:ALLOCATED] moved to OPEN state
2019-11-19 00:06:49,167 [EventQueue-OpenPipelineForOneReplicaPipelineSafeModeRule] INFO  safemode.SCMSafeModeManager (SCMSafeModeManager.java:validateSafeModeExitRules(176)) - AtleastOneDatanodeReportedRule rule is successfully validated
2019-11-19 00:06:49,167 [EventQueue-OpenPipelineForHealthyPipelineSafeModeRule] INFO  safemode.SCMSafeModeManager (HealthyPipelineSafeModeRule.java:process(132)) - SCM in safe mode. Healthy pipelines reported count is 0, required healthy pipeline reported count is 1
2019-11-19 00:06:49,212 [pool-77-thread-1] INFO  impl.RaftServerImpl (RaftServerImpl.java:<init>(98)) - 93728d59-90a7-4d42-a9e8-51f96f87119b: new RaftServerImpl for group-1638BC5485D3:[93728d59-90a7-4d42-a9e8-51f96f87119b:192.168.157.213:46185, bd387ed7-3819-4da1-a185-88e6b294d0ec:192.168.157.213:43405, 3c68acf1-2e75-484b-8dce-fe6027c40cff:192.168.157.213:43086] with ContainerStateMachine:uninitialized
2019-11-19 00:06:49,212 [pool-77-thread-1] INFO  server.RaftServerConfigKeys (ConfUtils.java:logGet(43)) - raft.server.rpc.timeout.min = 5s (custom)
2019-11-19 00:06:49,213 [pool-77-thread-1] INFO  server.RaftServerConfigKeys (ConfUtils.java:logGet(43)) - raft.server.rpc.timeout.max = 5200ms (custom)
2019-11-19 00:06:49,213 [pool-77-thread-1] INFO  server.RaftServerConfigKeys (ConfUtils.java:logGet(43)) - raft.server.rpcslowness.timeout = 120s (custom)
2019-11-19 00:06:49,213 [pool-77-thread-1] INFO  server.RaftServerConfigKeys (ConfUtils.java:logGet(43)) - raft.server.sleep.deviation.threshold = 300 (default)
2019-11-19 00:06:49,213 [pool-77-thread-1] INFO  server.RaftServerConfigKeys (ConfUtils.java:logGet(43)) - raft.server.log.appender.install.snapshot.enabled = false (custom)
2019-11-19 00:06:49,213 [pool-77-thread-1] INFO  impl.RaftServerImpl (ServerState.java:<init>(103)) - 93728d59-90a7-4d42-a9e8-51f96f87119b@group-1638BC5485D3: ConfigurationManager, init=-1: [93728d59-90a7-4d42-a9e8-51f96f87119b:192.168.157.213:46185, bd387ed7-3819-4da1-a185-88e6b294d0ec:192.168.157.213:43405, 3c68acf1-2e75-484b-8dce-fe6027c40cff:192.168.157.213:43086], old=null, confs=<EMPTY_MAP>
2019-11-19 00:06:49,213 [pool-77-thread-1] INFO  server.RaftServerConfigKeys (ConfUtils.java:logGet(43)) - raft.server.storage.dir = [/workdir/hadoop-ozone/integration-test/target/test-dir/MiniOzoneClusterImpl-e12fca27-2987-495d-949a-a359bcbd3d99/datanode-5/data/ratis] (custom)
2019-11-19 00:06:49,214 [pool-77-thread-1] INFO  server.RaftServerConfigKeys (ConfUtils.java:logGet(43)) - raft.server.log.corruption.policy = EXCEPTION (default)
2019-11-19 00:06:49,214 [pool-77-thread-1] INFO  storage.RaftStorageDirectory (RaftStorageDirectory.java:analyzeStorage(246)) - The storage directory /workdir/hadoop-ozone/integration-test/target/test-dir/MiniOzoneClusterImpl-e12fca27-2987-495d-949a-a359bcbd3d99/datanode-5/data/ratis/a788d7ce-7ad6-43a2-a21c-1638bc5485d3 does not exist. Creating ...
2019-11-19 00:06:49,237 [pool-77-thread-1] INFO  storage.RaftStorageDirectory (RaftStorageDirectory.java:tryLock(328)) - Lock on /workdir/hadoop-ozone/integration-test/target/test-dir/MiniOzoneClusterImpl-e12fca27-2987-495d-949a-a359bcbd3d99/datanode-5/data/ratis/a788d7ce-7ad6-43a2-a21c-1638bc5485d3/in_use.lock acquired by nodename 1063@pr-hdds-2241-master-j9rj8-2432081592
2019-11-19 00:06:49,262 [pool-77-thread-1] INFO  storage.RaftStorage (RaftStorage.java:format(84)) - Storage directory /workdir/hadoop-ozone/integration-test/target/test-dir/MiniOzoneClusterImpl-e12fca27-2987-495d-949a-a359bcbd3d99/datanode-5/data/ratis/a788d7ce-7ad6-43a2-a21c-1638bc5485d3 has been successfully formatted.
2019-11-19 00:06:49,262 [pool-77-thread-1] INFO  ratis.ContainerStateMachine (ContainerStateMachine.java:loadSnapshot(223)) - group-1638BC5485D3: The snapshot info is null. Setting the last applied indexto:(t:0, i:~)
2019-11-19 00:06:49,263 [pool-77-thread-1] INFO  server.RaftServerConfigKeys (ConfUtils.java:logGet(43)) - raft.server.notification.no-leader.timeout = 120s (custom)
2019-11-19 00:06:49,263 [pool-77-thread-1] INFO  server.RaftServerConfigKeys (ConfUtils.java:logGet(43)) - raft.server.log.use.memory = false (default)
2019-11-19 00:06:49,263 [pool-77-thread-1] INFO  server.RaftServerConfigKeys (ConfUtils.java:logGet(43)) - raft.server.log.purge.gap = 1000000 (custom)
2019-11-19 00:06:49,263 [pool-77-thread-1] INFO  server.RaftServerConfigKeys (ConfUtils.java:logGet(43)) - raft.server.log.appender.buffer.byte-limit = 33554432 (custom)
2019-11-19 00:06:49,263 [pool-77-thread-1] INFO  server.RaftServerConfigKeys (ConfUtils.java:logGet(43)) - raft.server.log.segment.size.max = 1048576 (custom)
2019-11-19 00:06:49,263 [pool-77-thread-1] INFO  server.RaftServerConfigKeys (ConfUtils.java:logGet(43)) - raft.server.log.segment.cache.num.max = 2 (custom)
2019-11-19 00:06:49,264 [pool-77-thread-1] INFO  segmented.SegmentedRaftLogWorker (SegmentedRaftLogWorker.java:<init>(173)) - new 93728d59-90a7-4d42-a9e8-51f96f87119b@group-1638BC5485D3-SegmentedRaftLogWorker for RaftStorage:Storage Directory /workdir/hadoop-ozone/integration-test/target/test-dir/MiniOzoneClusterImpl-e12fca27-2987-495d-949a-a359bcbd3d99/datanode-5/data/ratis/a788d7ce-7ad6-43a2-a21c-1638bc5485d3
2019-11-19 00:06:49,264 [pool-77-thread-1] INFO  server.RaftServerConfigKeys (ConfUtils.java:logGet(43)) - raft.server.log.queue.byte-limit = 2147483647 (custom)
2019-11-19 00:06:49,264 [pool-77-thread-1] INFO  server.RaftServerConfigKeys (ConfUtils.java:logGet(43)) - raft.server.log.queue.element-limit = 1024 (custom)
2019-11-19 00:06:49,264 [pool-77-thread-1] INFO  server.RaftServerConfigKeys (ConfUtils.java:logGet(43)) - raft.server.log.segment.size.max = 1048576 (custom)
2019-11-19 00:06:49,264 [pool-77-thread-1] INFO  server.RaftServerConfigKeys (ConfUtils.java:logGet(43)) - raft.server.log.preallocated.size = 16384 (custom)
2019-11-19 00:06:49,264 [pool-77-thread-1] INFO  server.RaftServerConfigKeys (ConfUtils.java:logGet(43)) - raft.server.log.write.buffer.size = 33554432 (custom)
2019-11-19 00:06:49,264 [pool-77-thread-1] INFO  server.RaftServerConfigKeys (ConfUtils.java:logGet(43)) - raft.server.log.force.sync.num = 128 (default)
2019-11-19 00:06:49,265 [pool-77-thread-1] INFO  server.RaftServerConfigKeys (ConfUtils.java:logGet(43)) - raft.server.log.statemachine.data.sync = true (default)
2019-11-19 00:06:49,265 [pool-77-thread-1] INFO  server.RaftServerConfigKeys (ConfUtils.java:logGet(43)) - raft.server.log.statemachine.data.sync.timeout = 10s (default)
2019-11-19 00:06:49,265 [pool-77-thread-1] INFO  server.RaftServerConfigKeys (ConfUtils.java:logGet(43)) - raft.server.log.statemachine.data.sync.timeout.retry = -1 (default)
2019-11-19 00:06:49,265 [pool-77-thread-1] INFO  server.RaftServerConfigKeys (ConfUtils.java:logGet(43)) - raft.server.log.statemachine.data.caching.enabled = true (custom)
2019-11-19 00:06:49,265 [pool-77-thread-1] INFO  segmented.SegmentedRaftLogWorker (SegmentedRaftLogWorker.java:lambda$new$0(128)) - 93728d59-90a7-4d42-a9e8-51f96f87119b@group-1638BC5485D3-SegmentedRaftLogWorker: flushIndex: setUnconditionally 0 -> -1
2019-11-19 00:06:49,266 [pool-77-thread-1] INFO  server.RaftServerConfigKeys (ConfUtils.java:logGet(43)) - raft.server.snapshot.auto.trigger.enabled = true (custom)
2019-11-19 00:06:49,266 [pool-77-thread-1] INFO  server.RaftServerConfigKeys (ConfUtils.java:logGet(43)) - raft.server.snapshot.auto.trigger.threshold = 10000 (custom)
2019-11-19 00:06:49,266 [pool-77-thread-1] INFO  server.RaftServerConfigKeys (ConfUtils.java:logGet(43)) - raft.server.snapshot.retention.file.num = 5 (custom)
2019-11-19 00:06:49,266 [pool-77-thread-1] INFO  server.RaftServerConfigKeys (ConfUtils.java:logGet(43)) - raft.server.retrycache.expirytime = 600000ms (custom)
2019-11-19 00:06:49,266 [pool-77-thread-1] WARN  impl.MetricRegistriesImpl (MetricRegistriesImpl.java:lambda$create$1(61)) - First MetricRegistry has been created without registering reporters. You may need to call MetricRegistries.global().addReportRegistration(...) before.
2019-11-19 00:06:49,267 [pool-77-thread-1] WARN  impl.MetricRegistriesImpl (MetricRegistriesImpl.java:lambda$create$1(61)) - First MetricRegistry has been created without registering reporters. You may need to call MetricRegistries.global().addReportRegistration(...) before.
2019-11-19 00:06:49,267 [pool-77-thread-1] INFO  impl.RaftServerImpl (RaftServerImpl.java:start(184)) - 93728d59-90a7-4d42-a9e8-51f96f87119b@group-1638BC5485D3: start as a follower, conf=-1: [93728d59-90a7-4d42-a9e8-51f96f87119b:192.168.157.213:46185, bd387ed7-3819-4da1-a185-88e6b294d0ec:192.168.157.213:43405, 3c68acf1-2e75-484b-8dce-fe6027c40cff:192.168.157.213:43086], old=null
2019-11-19 00:06:49,267 [pool-77-thread-1] INFO  impl.RaftServerImpl (RaftServerImpl.java:setRole(173)) - 93728d59-90a7-4d42-a9e8-51f96f87119b@group-1638BC5485D3: changes role from      null to FOLLOWER at term 0 for startAsFollower
2019-11-19 00:06:49,267 [pool-77-thread-1] INFO  impl.RoleInfo (RoleInfo.java:updateAndGet(143)) - 93728d59-90a7-4d42-a9e8-51f96f87119b: start FollowerState
2019-11-19 00:06:49,268 [pool-77-thread-1] INFO  util.JmxRegister (JmxRegister.java:tryRegister(44)) - Successfully registered JMX Bean with object name Ratis:service=RaftServer,group=group-1638BC5485D3,id=93728d59-90a7-4d42-a9e8-51f96f87119b
2019-11-19 00:06:49,268 [pool-77-thread-1] WARN  impl.MetricRegistriesImpl (MetricRegistriesImpl.java:lambda$create$1(61)) - First MetricRegistry has been created without registering reporters. You may need to call MetricRegistries.global().addReportRegistration(...) before.
2019-11-19 00:06:49,269 [Command processor thread] INFO  commandhandler.CreatePipelineCommandHandler (CreatePipelineCommandHandler.java:handle(86)) - Create Pipeline RATIS THREE #id: "a788d7ce-7ad6-43a2-a21c-1638bc5485d3"
 command succeed on datanode 93728d59-90a7-4d42-a9e8-51f96f87119b.
2019-11-19 00:06:49,271 [EventQueue-PipelineReportForPipelineReportHandler] INFO  pipeline.PipelineReportHandler (PipelineReportHandler.java:processPipelineReport(113)) - Pipeline THREE PipelineID=a788d7ce-7ad6-43a2-a21c-1638bc5485d3 reported by 93728d59-90a7-4d42-a9e8-51f96f87119b{ip: 192.168.157.213, host: pr-hdds-2241-master-j9rj8-2432081592, networkLocation: /default-rack, certSerialId: null}
2019-11-19 00:06:50,031 [main] INFO  ozone.MiniOzoneClusterImpl (MiniOzoneClusterImpl.java:lambda$waitForClusterToBeReady$0(150)) - Nodes are ready. Got 7 of 7 DN Heartbeats.
2019-11-19 00:06:50,031 [main] INFO  ozone.MiniOzoneClusterImpl (MiniOzoneClusterImpl.java:lambda$waitForClusterToBeReady$0(153)) - Waiting for cluster to exit safe mode
2019-11-19 00:06:51,031 [main] INFO  ozone.MiniOzoneClusterImpl (MiniOzoneClusterImpl.java:lambda$waitForClusterToBeReady$0(150)) - Nodes are ready. Got 7 of 7 DN Heartbeats.
2019-11-19 00:06:51,031 [main] INFO  ozone.MiniOzoneClusterImpl (MiniOzoneClusterImpl.java:lambda$waitForClusterToBeReady$0(153)) - Waiting for cluster to exit safe mode
2019-11-19 00:06:52,032 [main] INFO  ozone.MiniOzoneClusterImpl (MiniOzoneClusterImpl.java:lambda$waitForClusterToBeReady$0(150)) - Nodes are ready. Got 7 of 7 DN Heartbeats.
2019-11-19 00:06:52,032 [main] INFO  ozone.MiniOzoneClusterImpl (MiniOzoneClusterImpl.java:lambda$waitForClusterToBeReady$0(153)) - Waiting for cluster to exit safe mode
2019-11-19 00:06:53,032 [main] INFO  ozone.MiniOzoneClusterImpl (MiniOzoneClusterImpl.java:lambda$waitForClusterToBeReady$0(150)) - Nodes are ready. Got 7 of 7 DN Heartbeats.
2019-11-19 00:06:53,033 [main] INFO  ozone.MiniOzoneClusterImpl (MiniOzoneClusterImpl.java:lambda$waitForClusterToBeReady$0(153)) - Waiting for cluster to exit safe mode
2019-11-19 00:06:53,926 [Thread-244] INFO  impl.FollowerState (FollowerState.java:run(111)) - 3c68acf1-2e75-484b-8dce-fe6027c40cff@group-6B56377F21C6-FollowerState: change to CANDIDATE, lastRpcTime:5011ms, electionTimeout:5006ms
2019-11-19 00:06:53,927 [Thread-244] INFO  impl.RoleInfo (RoleInfo.java:shutdownFollowerState(121)) - 3c68acf1-2e75-484b-8dce-fe6027c40cff: shutdown FollowerState
2019-11-19 00:06:53,927 [Thread-244] INFO  impl.RaftServerImpl (RaftServerImpl.java:setRole(173)) - 3c68acf1-2e75-484b-8dce-fe6027c40cff@group-6B56377F21C6: changes role from  FOLLOWER to CANDIDATE at term 0 for changeToCandidate
2019-11-19 00:06:53,929 [Thread-244] INFO  impl.RoleInfo (RoleInfo.java:updateAndGet(143)) - 3c68acf1-2e75-484b-8dce-fe6027c40cff: start LeaderElection
2019-11-19 00:06:53,934 [Thread-243] INFO  impl.FollowerState (FollowerState.java:run(111)) - 58d24f50-e03c-4cdf-9f21-18e5bcb6f884@group-5C89A0E922CD-FollowerState: change to CANDIDATE, lastRpcTime:5020ms, electionTimeout:5014ms
2019-11-19 00:06:53,935 [Thread-243] INFO  impl.RoleInfo (RoleInfo.java:shutdownFollowerState(121)) - 58d24f50-e03c-4cdf-9f21-18e5bcb6f884: shutdown FollowerState
2019-11-19 00:06:53,935 [Thread-243] INFO  impl.RaftServerImpl (RaftServerImpl.java:setRole(173)) - 58d24f50-e03c-4cdf-9f21-18e5bcb6f884@group-5C89A0E922CD: changes role from  FOLLOWER to CANDIDATE at term 0 for changeToCandidate
2019-11-19 00:06:53,936 [Thread-243] INFO  impl.RoleInfo (RoleInfo.java:updateAndGet(143)) - 58d24f50-e03c-4cdf-9f21-18e5bcb6f884: start LeaderElection
2019-11-19 00:06:53,954 [Thread-242] INFO  impl.FollowerState (FollowerState.java:run(111)) - b9804938-182f-4054-8044-6072e531a40a@group-1762D86ACA6C-FollowerState: change to CANDIDATE, lastRpcTime:5040ms, electionTimeout:5034ms
2019-11-19 00:06:53,954 [Thread-242] INFO  impl.RoleInfo (RoleInfo.java:shutdownFollowerState(121)) - b9804938-182f-4054-8044-6072e531a40a: shutdown FollowerState
2019-11-19 00:06:53,954 [Thread-242] INFO  impl.RaftServerImpl (RaftServerImpl.java:setRole(173)) - b9804938-182f-4054-8044-6072e531a40a@group-1762D86ACA6C: changes role from  FOLLOWER to CANDIDATE at term 0 for changeToCandidate
2019-11-19 00:06:53,954 [Thread-242] INFO  impl.RoleInfo (RoleInfo.java:updateAndGet(143)) - b9804938-182f-4054-8044-6072e531a40a: start LeaderElection
2019-11-19 00:06:53,962 [3c68acf1-2e75-484b-8dce-fe6027c40cff@group-6B56377F21C6-LeaderElection1] INFO  impl.LeaderElection (LeaderElection.java:askForVotes(178)) - 3c68acf1-2e75-484b-8dce-fe6027c40cff@group-6B56377F21C6-LeaderElection1: begin an election at term 1 for -1: [3c68acf1-2e75-484b-8dce-fe6027c40cff:192.168.157.213:43086], old=null
2019-11-19 00:06:53,962 [58d24f50-e03c-4cdf-9f21-18e5bcb6f884@group-5C89A0E922CD-LeaderElection2] INFO  impl.LeaderElection (LeaderElection.java:askForVotes(178)) - 58d24f50-e03c-4cdf-9f21-18e5bcb6f884@group-5C89A0E922CD-LeaderElection2: begin an election at term 1 for -1: [58d24f50-e03c-4cdf-9f21-18e5bcb6f884:192.168.157.213:40280], old=null
2019-11-19 00:06:53,965 [3c68acf1-2e75-484b-8dce-fe6027c40cff@group-6B56377F21C6-LeaderElection1] INFO  impl.RoleInfo (RoleInfo.java:shutdownLeaderElection(134)) - 3c68acf1-2e75-484b-8dce-fe6027c40cff: shutdown LeaderElection
2019-11-19 00:06:53,965 [58d24f50-e03c-4cdf-9f21-18e5bcb6f884@group-5C89A0E922CD-LeaderElection2] INFO  impl.RoleInfo (RoleInfo.java:shutdownLeaderElection(134)) - 58d24f50-e03c-4cdf-9f21-18e5bcb6f884: shutdown LeaderElection
2019-11-19 00:06:53,965 [3c68acf1-2e75-484b-8dce-fe6027c40cff@group-6B56377F21C6-LeaderElection1] INFO  impl.RaftServerImpl (RaftServerImpl.java:setRole(173)) - 3c68acf1-2e75-484b-8dce-fe6027c40cff@group-6B56377F21C6: changes role from CANDIDATE to LEADER at term 1 for changeToLeader
2019-11-19 00:06:53,965 [58d24f50-e03c-4cdf-9f21-18e5bcb6f884@group-5C89A0E922CD-LeaderElection2] INFO  impl.RaftServerImpl (RaftServerImpl.java:setRole(173)) - 58d24f50-e03c-4cdf-9f21-18e5bcb6f884@group-5C89A0E922CD: changes role from CANDIDATE to LEADER at term 1 for changeToLeader
2019-11-19 00:06:53,966 [3c68acf1-2e75-484b-8dce-fe6027c40cff@group-6B56377F21C6-LeaderElection1] INFO  ratis.XceiverServerRatis (XceiverServerRatis.java:handleLeaderChangedNotification(733)) - Leader change notification received for group: group-6B56377F21C6 with new leaderId: 3c68acf1-2e75-484b-8dce-fe6027c40cff
2019-11-19 00:06:53,966 [58d24f50-e03c-4cdf-9f21-18e5bcb6f884@group-5C89A0E922CD-LeaderElection2] INFO  ratis.XceiverServerRatis (XceiverServerRatis.java:handleLeaderChangedNotification(733)) - Leader change notification received for group: group-5C89A0E922CD with new leaderId: 58d24f50-e03c-4cdf-9f21-18e5bcb6f884
2019-11-19 00:06:53,966 [3c68acf1-2e75-484b-8dce-fe6027c40cff@group-6B56377F21C6-LeaderElection1] INFO  impl.RaftServerImpl (ServerState.java:setLeader(255)) - 3c68acf1-2e75-484b-8dce-fe6027c40cff@group-6B56377F21C6: change Leader from null to 3c68acf1-2e75-484b-8dce-fe6027c40cff at term 1 for becomeLeader, leader elected after 5113ms
2019-11-19 00:06:53,966 [58d24f50-e03c-4cdf-9f21-18e5bcb6f884@group-5C89A0E922CD-LeaderElection2] INFO  impl.RaftServerImpl (ServerState.java:setLeader(255)) - 58d24f50-e03c-4cdf-9f21-18e5bcb6f884@group-5C89A0E922CD: change Leader from null to 58d24f50-e03c-4cdf-9f21-18e5bcb6f884 at term 1 for becomeLeader, leader elected after 5160ms
2019-11-19 00:06:53,968 [EventQueue-PipelineReportForPipelineReportHandler] INFO  pipeline.PipelineReportHandler (PipelineReportHandler.java:processPipelineReport(113)) - Pipeline THREE PipelineID=158c84f7-10fd-45e4-9bdc-30b6beed2d1e reported by 58d24f50-e03c-4cdf-9f21-18e5bcb6f884{ip: 192.168.157.213, host: pr-hdds-2241-master-j9rj8-2432081592, networkLocation: /default-rack, certSerialId: null}
2019-11-19 00:06:53,968 [EventQueue-PipelineReportForPipelineReportHandler] INFO  pipeline.PipelineReportHandler (PipelineReportHandler.java:processPipelineReport(113)) - Pipeline THREE PipelineID=a788d7ce-7ad6-43a2-a21c-1638bc5485d3 reported by 3c68acf1-2e75-484b-8dce-fe6027c40cff{ip: 192.168.157.213, host: pr-hdds-2241-master-j9rj8-2432081592, networkLocation: /default-rack, certSerialId: null}
2019-11-19 00:06:53,972 [3c68acf1-2e75-484b-8dce-fe6027c40cff@group-6B56377F21C6-LeaderElection1] INFO  server.RaftServerConfigKeys (ConfUtils.java:logGet(43)) - raft.server.staging.catchup.gap = 1000 (default)
2019-11-19 00:06:53,973 [58d24f50-e03c-4cdf-9f21-18e5bcb6f884@group-5C89A0E922CD-LeaderElection2] INFO  server.RaftServerConfigKeys (ConfUtils.java:logGet(43)) - raft.server.staging.catchup.gap = 1000 (default)
2019-11-19 00:06:53,973 [3c68acf1-2e75-484b-8dce-fe6027c40cff@group-6B56377F21C6-LeaderElection1] INFO  server.RaftServerConfigKeys (ConfUtils.java:logGet(43)) - raft.server.rpc.sleep.time = 25ms (default)
2019-11-19 00:06:53,973 [58d24f50-e03c-4cdf-9f21-18e5bcb6f884@group-5C89A0E922CD-LeaderElection2] INFO  server.RaftServerConfigKeys (ConfUtils.java:logGet(43)) - raft.server.rpc.sleep.time = 25ms (default)
2019-11-19 00:06:53,978 [3c68acf1-2e75-484b-8dce-fe6027c40cff@group-6B56377F21C6-LeaderElection1] INFO  server.RaftServerConfigKeys (ConfUtils.java:logGet(43)) - raft.server.write.element-limit = 4096 (default)
2019-11-19 00:06:53,978 [58d24f50-e03c-4cdf-9f21-18e5bcb6f884@group-5C89A0E922CD-LeaderElection2] INFO  server.RaftServerConfigKeys (ConfUtils.java:logGet(43)) - raft.server.write.element-limit = 4096 (default)
2019-11-19 00:06:53,984 [b9804938-182f-4054-8044-6072e531a40a@group-1762D86ACA6C-LeaderElection3] INFO  impl.LeaderElection (LeaderElection.java:askForVotes(178)) - b9804938-182f-4054-8044-6072e531a40a@group-1762D86ACA6C-LeaderElection3: begin an election at term 1 for -1: [b9804938-182f-4054-8044-6072e531a40a:192.168.157.213:38909], old=null
2019-11-19 00:06:53,985 [b9804938-182f-4054-8044-6072e531a40a@group-1762D86ACA6C-LeaderElection3] INFO  impl.RoleInfo (RoleInfo.java:shutdownLeaderElection(134)) - b9804938-182f-4054-8044-6072e531a40a: shutdown LeaderElection
2019-11-19 00:06:53,985 [b9804938-182f-4054-8044-6072e531a40a@group-1762D86ACA6C-LeaderElection3] INFO  impl.RaftServerImpl (RaftServerImpl.java:setRole(173)) - b9804938-182f-4054-8044-6072e531a40a@group-1762D86ACA6C: changes role from CANDIDATE to LEADER at term 1 for changeToLeader
2019-11-19 00:06:53,985 [b9804938-182f-4054-8044-6072e531a40a@group-1762D86ACA6C-LeaderElection3] INFO  ratis.XceiverServerRatis (XceiverServerRatis.java:handleLeaderChangedNotification(733)) - Leader change notification received for group: group-1762D86ACA6C with new leaderId: b9804938-182f-4054-8044-6072e531a40a
2019-11-19 00:06:53,985 [b9804938-182f-4054-8044-6072e531a40a@group-1762D86ACA6C-LeaderElection3] INFO  impl.RaftServerImpl (ServerState.java:setLeader(255)) - b9804938-182f-4054-8044-6072e531a40a@group-1762D86ACA6C: change Leader from null to b9804938-182f-4054-8044-6072e531a40a at term 1 for becomeLeader, leader elected after 5164ms
2019-11-19 00:06:53,986 [b9804938-182f-4054-8044-6072e531a40a@group-1762D86ACA6C-LeaderElection3] INFO  server.RaftServerConfigKeys (ConfUtils.java:logGet(43)) - raft.server.staging.catchup.gap = 1000 (default)
2019-11-19 00:06:53,986 [b9804938-182f-4054-8044-6072e531a40a@group-1762D86ACA6C-LeaderElection3] INFO  server.RaftServerConfigKeys (ConfUtils.java:logGet(43)) - raft.server.rpc.sleep.time = 25ms (default)
2019-11-19 00:06:53,987 [3c68acf1-2e75-484b-8dce-fe6027c40cff@group-6B56377F21C6-LeaderElection1] INFO  server.RaftServerConfigKeys (ConfUtils.java:logGet(43)) - raft.server.watch.timeout = 10s (default)
2019-11-19 00:06:53,987 [b9804938-182f-4054-8044-6072e531a40a@group-1762D86ACA6C-LeaderElection3] INFO  server.RaftServerConfigKeys (ConfUtils.java:logGet(43)) - raft.server.write.element-limit = 4096 (default)
2019-11-19 00:06:53,987 [3c68acf1-2e75-484b-8dce-fe6027c40cff@group-6B56377F21C6-LeaderElection1] INFO  server.RaftServerConfigKeys (ConfUtils.java:logGet(43)) - raft.server.watch.timeout.denomination = 1s (default)
2019-11-19 00:06:53,987 [58d24f50-e03c-4cdf-9f21-18e5bcb6f884@group-5C89A0E922CD-LeaderElection2] INFO  server.RaftServerConfigKeys (ConfUtils.java:logGet(43)) - raft.server.watch.timeout = 10s (default)
2019-11-19 00:06:53,987 [b9804938-182f-4054-8044-6072e531a40a@group-1762D86ACA6C-LeaderElection3] INFO  server.RaftServerConfigKeys (ConfUtils.java:logGet(43)) - raft.server.watch.timeout = 10s (default)
2019-11-19 00:06:53,987 [58d24f50-e03c-4cdf-9f21-18e5bcb6f884@group-5C89A0E922CD-LeaderElection2] INFO  server.RaftServerConfigKeys (ConfUtils.java:logGet(43)) - raft.server.watch.timeout.denomination = 1s (default)
2019-11-19 00:06:53,987 [b9804938-182f-4054-8044-6072e531a40a@group-1762D86ACA6C-LeaderElection3] INFO  server.RaftServerConfigKeys (ConfUtils.java:logGet(43)) - raft.server.watch.timeout.denomination = 1s (default)
2019-11-19 00:06:53,988 [3c68acf1-2e75-484b-8dce-fe6027c40cff@group-6B56377F21C6-LeaderElection1] INFO  server.RaftServerConfigKeys (ConfUtils.java:logGet(43)) - raft.server.watch.element-limit = 65536 (default)
2019-11-19 00:06:53,988 [58d24f50-e03c-4cdf-9f21-18e5bcb6f884@group-5C89A0E922CD-LeaderElection2] INFO  server.RaftServerConfigKeys (ConfUtils.java:logGet(43)) - raft.server.watch.element-limit = 65536 (default)
2019-11-19 00:06:53,988 [EventQueue-PipelineReportForPipelineReportHandler] INFO  pipeline.PipelineReportHandler (PipelineReportHandler.java:processPipelineReport(113)) - Pipeline THREE PipelineID=158c84f7-10fd-45e4-9bdc-30b6beed2d1e reported by b9804938-182f-4054-8044-6072e531a40a{ip: 192.168.157.213, host: pr-hdds-2241-master-j9rj8-2432081592, networkLocation: /default-rack, certSerialId: null}
2019-11-19 00:06:53,988 [b9804938-182f-4054-8044-6072e531a40a@group-1762D86ACA6C-LeaderElection3] INFO  server.RaftServerConfigKeys (ConfUtils.java:logGet(43)) - raft.server.watch.element-limit = 65536 (default)
2019-11-19 00:06:54,000 [3c68acf1-2e75-484b-8dce-fe6027c40cff@group-6B56377F21C6-LeaderElection1] INFO  impl.RoleInfo (RoleInfo.java:updateAndGet(143)) - 3c68acf1-2e75-484b-8dce-fe6027c40cff: start LeaderState
2019-11-19 00:06:54,000 [58d24f50-e03c-4cdf-9f21-18e5bcb6f884@group-5C89A0E922CD-LeaderElection2] INFO  impl.RoleInfo (RoleInfo.java:updateAndGet(143)) - 58d24f50-e03c-4cdf-9f21-18e5bcb6f884: start LeaderState
2019-11-19 00:06:54,000 [b9804938-182f-4054-8044-6072e531a40a@group-1762D86ACA6C-LeaderElection3] INFO  impl.RoleInfo (RoleInfo.java:updateAndGet(143)) - b9804938-182f-4054-8044-6072e531a40a: start LeaderState
2019-11-19 00:06:54,022 [b9804938-182f-4054-8044-6072e531a40a@group-1762D86ACA6C-LeaderElection3] INFO  segmented.SegmentedRaftLogWorker (SegmentedRaftLogWorker.java:startLogSegment(385)) - b9804938-182f-4054-8044-6072e531a40a@group-1762D86ACA6C-SegmentedRaftLogWorker: Starting segment from index:0
2019-11-19 00:06:54,022 [58d24f50-e03c-4cdf-9f21-18e5bcb6f884@group-5C89A0E922CD-LeaderElection2] INFO  segmented.SegmentedRaftLogWorker (SegmentedRaftLogWorker.java:startLogSegment(385)) - 58d24f50-e03c-4cdf-9f21-18e5bcb6f884@group-5C89A0E922CD-SegmentedRaftLogWorker: Starting segment from index:0
2019-11-19 00:06:54,022 [3c68acf1-2e75-484b-8dce-fe6027c40cff@group-6B56377F21C6-LeaderElection1] INFO  segmented.SegmentedRaftLogWorker (SegmentedRaftLogWorker.java:startLogSegment(385)) - 3c68acf1-2e75-484b-8dce-fe6027c40cff@group-6B56377F21C6-SegmentedRaftLogWorker: Starting segment from index:0
2019-11-19 00:06:54,033 [main] INFO  ozone.MiniOzoneClusterImpl (MiniOzoneClusterImpl.java:lambda$waitForClusterToBeReady$0(150)) - Nodes are ready. Got 7 of 7 DN Heartbeats.
2019-11-19 00:06:54,033 [main] INFO  ozone.MiniOzoneClusterImpl (MiniOzoneClusterImpl.java:lambda$waitForClusterToBeReady$0(153)) - Waiting for cluster to exit safe mode
2019-11-19 00:06:54,041 [Thread-245] INFO  impl.FollowerState (FollowerState.java:run(111)) - 7708ce6b-94dd-49f9-8895-392afc2c64db@group-3B4BF9B72A1C-FollowerState: change to CANDIDATE, lastRpcTime:5127ms, electionTimeout:5121ms
2019-11-19 00:06:54,041 [Thread-245] INFO  impl.RoleInfo (RoleInfo.java:shutdownFollowerState(121)) - 7708ce6b-94dd-49f9-8895-392afc2c64db: shutdown FollowerState
2019-11-19 00:06:54,041 [58d24f50-e03c-4cdf-9f21-18e5bcb6f884@group-5C89A0E922CD-LeaderElection2] INFO  impl.RaftServerImpl (ServerState.java:setRaftConf(356)) - 58d24f50-e03c-4cdf-9f21-18e5bcb6f884@group-5C89A0E922CD: set configuration 0: [58d24f50-e03c-4cdf-9f21-18e5bcb6f884:192.168.157.213:40280], old=null at 0
2019-11-19 00:06:54,041 [b9804938-182f-4054-8044-6072e531a40a@group-1762D86ACA6C-LeaderElection3] INFO  impl.RaftServerImpl (ServerState.java:setRaftConf(356)) - b9804938-182f-4054-8044-6072e531a40a@group-1762D86ACA6C: set configuration 0: [b9804938-182f-4054-8044-6072e531a40a:192.168.157.213:38909], old=null at 0
2019-11-19 00:06:54,041 [3c68acf1-2e75-484b-8dce-fe6027c40cff@group-6B56377F21C6-LeaderElection1] INFO  impl.RaftServerImpl (ServerState.java:setRaftConf(356)) - 3c68acf1-2e75-484b-8dce-fe6027c40cff@group-6B56377F21C6: set configuration 0: [3c68acf1-2e75-484b-8dce-fe6027c40cff:192.168.157.213:43086], old=null at 0
2019-11-19 00:06:54,042 [Thread-245] INFO  impl.RaftServerImpl (RaftServerImpl.java:setRole(173)) - 7708ce6b-94dd-49f9-8895-392afc2c64db@group-3B4BF9B72A1C: changes role from  FOLLOWER to CANDIDATE at term 0 for changeToCandidate
2019-11-19 00:06:54,045 [Thread-245] INFO  impl.RoleInfo (RoleInfo.java:updateAndGet(143)) - 7708ce6b-94dd-49f9-8895-392afc2c64db: start LeaderElection
2019-11-19 00:06:54,061 [Thread-247] INFO  impl.FollowerState (FollowerState.java:run(111)) - bd387ed7-3819-4da1-a185-88e6b294d0ec@group-51D6D21053E6-FollowerState: change to CANDIDATE, lastRpcTime:5098ms, electionTimeout:5096ms
2019-11-19 00:06:54,061 [Thread-247] INFO  impl.RoleInfo (RoleInfo.java:shutdownFollowerState(121)) - bd387ed7-3819-4da1-a185-88e6b294d0ec: shutdown FollowerState
2019-11-19 00:06:54,061 [Thread-247] INFO  impl.RaftServerImpl (RaftServerImpl.java:setRole(173)) - bd387ed7-3819-4da1-a185-88e6b294d0ec@group-51D6D21053E6: changes role from  FOLLOWER to CANDIDATE at term 0 for changeToCandidate
2019-11-19 00:06:54,061 [Thread-247] INFO  impl.RoleInfo (RoleInfo.java:updateAndGet(143)) - bd387ed7-3819-4da1-a185-88e6b294d0ec: start LeaderElection
2019-11-19 00:06:54,067 [Thread-257] INFO  impl.FollowerState (FollowerState.java:run(111)) - 7708ce6b-94dd-49f9-8895-392afc2c64db@group-30B6BEED2D1E-FollowerState: change to CANDIDATE, lastRpcTime:5030ms, electionTimeout:5024ms
2019-11-19 00:06:54,067 [Thread-257] INFO  impl.RoleInfo (RoleInfo.java:shutdownFollowerState(121)) - 7708ce6b-94dd-49f9-8895-392afc2c64db: shutdown FollowerState
2019-11-19 00:06:54,067 [Thread-257] INFO  impl.RaftServerImpl (RaftServerImpl.java:setRole(173)) - 7708ce6b-94dd-49f9-8895-392afc2c64db@group-30B6BEED2D1E: changes role from  FOLLOWER to CANDIDATE at term 0 for changeToCandidate
2019-11-19 00:06:54,067 [Thread-257] INFO  impl.RoleInfo (RoleInfo.java:updateAndGet(143)) - 7708ce6b-94dd-49f9-8895-392afc2c64db: start LeaderElection
2019-11-19 00:06:54,071 [7708ce6b-94dd-49f9-8895-392afc2c64db@group-3B4BF9B72A1C-LeaderElection4] INFO  impl.LeaderElection (LeaderElection.java:askForVotes(178)) - 7708ce6b-94dd-49f9-8895-392afc2c64db@group-3B4BF9B72A1C-LeaderElection4: begin an election at term 1 for -1: [7708ce6b-94dd-49f9-8895-392afc2c64db:192.168.157.213:34565], old=null
2019-11-19 00:06:54,071 [7708ce6b-94dd-49f9-8895-392afc2c64db@group-3B4BF9B72A1C-LeaderElection4] INFO  impl.RoleInfo (RoleInfo.java:shutdownLeaderElection(134)) - 7708ce6b-94dd-49f9-8895-392afc2c64db: shutdown LeaderElection
2019-11-19 00:06:54,071 [7708ce6b-94dd-49f9-8895-392afc2c64db@group-3B4BF9B72A1C-LeaderElection4] INFO  impl.RaftServerImpl (RaftServerImpl.java:setRole(173)) - 7708ce6b-94dd-49f9-8895-392afc2c64db@group-3B4BF9B72A1C: changes role from CANDIDATE to LEADER at term 1 for changeToLeader
2019-11-19 00:06:54,071 [7708ce6b-94dd-49f9-8895-392afc2c64db@group-3B4BF9B72A1C-LeaderElection4] INFO  ratis.XceiverServerRatis (XceiverServerRatis.java:handleLeaderChangedNotification(733)) - Leader change notification received for group: group-3B4BF9B72A1C with new leaderId: 7708ce6b-94dd-49f9-8895-392afc2c64db
2019-11-19 00:06:54,072 [7708ce6b-94dd-49f9-8895-392afc2c64db@group-3B4BF9B72A1C-LeaderElection4] INFO  impl.RaftServerImpl (ServerState.java:setLeader(255)) - 7708ce6b-94dd-49f9-8895-392afc2c64db@group-3B4BF9B72A1C: change Leader from null to 7708ce6b-94dd-49f9-8895-392afc2c64db at term 1 for becomeLeader, leader elected after 5266ms
2019-11-19 00:06:54,072 [7708ce6b-94dd-49f9-8895-392afc2c64db@group-3B4BF9B72A1C-LeaderElection4] INFO  server.RaftServerConfigKeys (ConfUtils.java:logGet(43)) - raft.server.staging.catchup.gap = 1000 (default)
2019-11-19 00:06:54,073 [7708ce6b-94dd-49f9-8895-392afc2c64db@group-3B4BF9B72A1C-LeaderElection4] INFO  server.RaftServerConfigKeys (ConfUtils.java:logGet(43)) - raft.server.rpc.sleep.time = 25ms (default)
2019-11-19 00:06:54,073 [7708ce6b-94dd-49f9-8895-392afc2c64db@group-3B4BF9B72A1C-LeaderElection4] INFO  server.RaftServerConfigKeys (ConfUtils.java:logGet(43)) - raft.server.write.element-limit = 4096 (default)
2019-11-19 00:06:54,073 [7708ce6b-94dd-49f9-8895-392afc2c64db@group-3B4BF9B72A1C-LeaderElection4] INFO  server.RaftServerConfigKeys (ConfUtils.java:logGet(43)) - raft.server.watch.timeout = 10s (default)
2019-11-19 00:06:54,073 [7708ce6b-94dd-49f9-8895-392afc2c64db@group-3B4BF9B72A1C-LeaderElection4] INFO  server.RaftServerConfigKeys (ConfUtils.java:logGet(43)) - raft.server.watch.timeout.denomination = 1s (default)
2019-11-19 00:06:54,073 [7708ce6b-94dd-49f9-8895-392afc2c64db@group-3B4BF9B72A1C-LeaderElection4] INFO  server.RaftServerConfigKeys (ConfUtils.java:logGet(43)) - raft.server.watch.element-limit = 65536 (default)
2019-11-19 00:06:54,073 [7708ce6b-94dd-49f9-8895-392afc2c64db@group-3B4BF9B72A1C-LeaderElection4] INFO  impl.RoleInfo (RoleInfo.java:updateAndGet(143)) - 7708ce6b-94dd-49f9-8895-392afc2c64db: start LeaderState
2019-11-19 00:06:54,073 [7708ce6b-94dd-49f9-8895-392afc2c64db@group-3B4BF9B72A1C-LeaderElection4] INFO  segmented.SegmentedRaftLogWorker (SegmentedRaftLogWorker.java:startLogSegment(385)) - 7708ce6b-94dd-49f9-8895-392afc2c64db@group-3B4BF9B72A1C-SegmentedRaftLogWorker: Starting segment from index:0
2019-11-19 00:06:54,074 [7708ce6b-94dd-49f9-8895-392afc2c64db@group-3B4BF9B72A1C-LeaderElection4] INFO  impl.RaftServerImpl (ServerState.java:setRaftConf(356)) - 7708ce6b-94dd-49f9-8895-392afc2c64db@group-3B4BF9B72A1C: set configuration 0: [7708ce6b-94dd-49f9-8895-392afc2c64db:192.168.157.213:34565], old=null at 0
2019-11-19 00:06:54,074 [EventQueue-PipelineReportForPipelineReportHandler] INFO  pipeline.PipelineReportHandler (PipelineReportHandler.java:processPipelineReport(113)) - Pipeline THREE PipelineID=158c84f7-10fd-45e4-9bdc-30b6beed2d1e reported by 7708ce6b-94dd-49f9-8895-392afc2c64db{ip: 192.168.157.213, host: pr-hdds-2241-master-j9rj8-2432081592, networkLocation: /default-rack, certSerialId: null}
2019-11-19 00:06:54,095 [7708ce6b-94dd-49f9-8895-392afc2c64db@group-30B6BEED2D1E-LeaderElection6] INFO  impl.LeaderElection (LeaderElection.java:askForVotes(178)) - 7708ce6b-94dd-49f9-8895-392afc2c64db@group-30B6BEED2D1E-LeaderElection6: begin an election at term 1 for -1: [b9804938-182f-4054-8044-6072e531a40a:192.168.157.213:38909, 58d24f50-e03c-4cdf-9f21-18e5bcb6f884:192.168.157.213:40280, 7708ce6b-94dd-49f9-8895-392afc2c64db:192.168.157.213:34565], old=null
2019-11-19 00:06:54,095 [bd387ed7-3819-4da1-a185-88e6b294d0ec@group-51D6D21053E6-LeaderElection5] INFO  impl.LeaderElection (LeaderElection.java:askForVotes(178)) - bd387ed7-3819-4da1-a185-88e6b294d0ec@group-51D6D21053E6-LeaderElection5: begin an election at term 1 for -1: [bd387ed7-3819-4da1-a185-88e6b294d0ec:192.168.157.213:43405], old=null
2019-11-19 00:06:54,095 [bd387ed7-3819-4da1-a185-88e6b294d0ec@group-51D6D21053E6-LeaderElection5] INFO  impl.RoleInfo (RoleInfo.java:shutdownLeaderElection(134)) - bd387ed7-3819-4da1-a185-88e6b294d0ec: shutdown LeaderElection
2019-11-19 00:06:54,095 [bd387ed7-3819-4da1-a185-88e6b294d0ec@group-51D6D21053E6-LeaderElection5] INFO  impl.RaftServerImpl (RaftServerImpl.java:setRole(173)) - bd387ed7-3819-4da1-a185-88e6b294d0ec@group-51D6D21053E6: changes role from CANDIDATE to LEADER at term 1 for changeToLeader
2019-11-19 00:06:54,095 [bd387ed7-3819-4da1-a185-88e6b294d0ec@group-51D6D21053E6-LeaderElection5] INFO  ratis.XceiverServerRatis (XceiverServerRatis.java:handleLeaderChangedNotification(733)) - Leader change notification received for group: group-51D6D21053E6 with new leaderId: bd387ed7-3819-4da1-a185-88e6b294d0ec
2019-11-19 00:06:54,096 [bd387ed7-3819-4da1-a185-88e6b294d0ec@group-51D6D21053E6-LeaderElection5] INFO  impl.RaftServerImpl (ServerState.java:setLeader(255)) - bd387ed7-3819-4da1-a185-88e6b294d0ec@group-51D6D21053E6: change Leader from null to bd387ed7-3819-4da1-a185-88e6b294d0ec at term 1 for becomeLeader, leader elected after 5146ms
2019-11-19 00:06:54,097 [bd387ed7-3819-4da1-a185-88e6b294d0ec@group-51D6D21053E6-LeaderElection5] INFO  server.RaftServerConfigKeys (ConfUtils.java:logGet(43)) - raft.server.staging.catchup.gap = 1000 (default)
2019-11-19 00:06:54,097 [bd387ed7-3819-4da1-a185-88e6b294d0ec@group-51D6D21053E6-LeaderElection5] INFO  server.RaftServerConfigKeys (ConfUtils.java:logGet(43)) - raft.server.rpc.sleep.time = 25ms (default)
2019-11-19 00:06:54,098 [bd387ed7-3819-4da1-a185-88e6b294d0ec@group-51D6D21053E6-LeaderElection5] INFO  server.RaftServerConfigKeys (ConfUtils.java:logGet(43)) - raft.server.write.element-limit = 4096 (default)
2019-11-19 00:06:54,098 [bd387ed7-3819-4da1-a185-88e6b294d0ec@group-51D6D21053E6-LeaderElection5] INFO  server.RaftServerConfigKeys (ConfUtils.java:logGet(43)) - raft.server.watch.timeout = 10s (default)
2019-11-19 00:06:54,098 [bd387ed7-3819-4da1-a185-88e6b294d0ec@group-51D6D21053E6-LeaderElection5] INFO  server.RaftServerConfigKeys (ConfUtils.java:logGet(43)) - raft.server.watch.timeout.denomination = 1s (default)
2019-11-19 00:06:54,098 [bd387ed7-3819-4da1-a185-88e6b294d0ec@group-51D6D21053E6-LeaderElection5] INFO  server.RaftServerConfigKeys (ConfUtils.java:logGet(43)) - raft.server.watch.element-limit = 65536 (default)
2019-11-19 00:06:54,098 [EventQueue-PipelineReportForPipelineReportHandler] INFO  pipeline.PipelineReportHandler (PipelineReportHandler.java:processPipelineReport(113)) - Pipeline THREE PipelineID=a788d7ce-7ad6-43a2-a21c-1638bc5485d3 reported by bd387ed7-3819-4da1-a185-88e6b294d0ec{ip: 192.168.157.213, host: pr-hdds-2241-master-j9rj8-2432081592, networkLocation: /default-rack, certSerialId: null}
2019-11-19 00:06:54,098 [bd387ed7-3819-4da1-a185-88e6b294d0ec@group-51D6D21053E6-LeaderElection5] INFO  impl.RoleInfo (RoleInfo.java:updateAndGet(143)) - bd387ed7-3819-4da1-a185-88e6b294d0ec: start LeaderState
2019-11-19 00:06:54,099 [bd387ed7-3819-4da1-a185-88e6b294d0ec@group-51D6D21053E6-LeaderElection5] INFO  segmented.SegmentedRaftLogWorker (SegmentedRaftLogWorker.java:startLogSegment(385)) - bd387ed7-3819-4da1-a185-88e6b294d0ec@group-51D6D21053E6-SegmentedRaftLogWorker: Starting segment from index:0
2019-11-19 00:06:54,099 [bd387ed7-3819-4da1-a185-88e6b294d0ec@group-51D6D21053E6-LeaderElection5] INFO  impl.RaftServerImpl (ServerState.java:setRaftConf(356)) - bd387ed7-3819-4da1-a185-88e6b294d0ec@group-51D6D21053E6: set configuration 0: [bd387ed7-3819-4da1-a185-88e6b294d0ec:192.168.157.213:43405], old=null at 0
2019-11-19 00:06:54,172 [Thread-252] INFO  impl.FollowerState (FollowerState.java:run(111)) - 3c68acf1-2e75-484b-8dce-fe6027c40cff@group-1638BC5485D3-FollowerState: change to CANDIDATE, lastRpcTime:5157ms, electionTimeout:5157ms
2019-11-19 00:06:54,172 [Thread-252] INFO  impl.RoleInfo (RoleInfo.java:shutdownFollowerState(121)) - 3c68acf1-2e75-484b-8dce-fe6027c40cff: shutdown FollowerState
2019-11-19 00:06:54,173 [Thread-261] INFO  impl.FollowerState (FollowerState.java:run(111)) - 93728d59-90a7-4d42-a9e8-51f96f87119b@group-5891AA192007-FollowerState: change to CANDIDATE, lastRpcTime:5053ms, electionTimeout:5053ms
2019-11-19 00:06:54,173 [Thread-252] INFO  impl.RaftServerImpl (RaftServerImpl.java:setRole(173)) - 3c68acf1-2e75-484b-8dce-fe6027c40cff@group-1638BC5485D3: changes role from  FOLLOWER to CANDIDATE at term 0 for changeToCandidate
2019-11-19 00:06:54,173 [Thread-261] INFO  impl.RoleInfo (RoleInfo.java:shutdownFollowerState(121)) - 93728d59-90a7-4d42-a9e8-51f96f87119b: shutdown FollowerState
2019-11-19 00:06:54,173 [Thread-252] INFO  impl.RoleInfo (RoleInfo.java:updateAndGet(143)) - 3c68acf1-2e75-484b-8dce-fe6027c40cff: start LeaderElection
2019-11-19 00:06:54,173 [Thread-261] INFO  impl.RaftServerImpl (RaftServerImpl.java:setRole(173)) - 93728d59-90a7-4d42-a9e8-51f96f87119b@group-5891AA192007: changes role from  FOLLOWER to CANDIDATE at term 0 for changeToCandidate
2019-11-19 00:06:54,173 [Thread-261] INFO  impl.RoleInfo (RoleInfo.java:updateAndGet(143)) - 93728d59-90a7-4d42-a9e8-51f96f87119b: start LeaderElection
2019-11-19 00:06:54,178 [Thread-253] INFO  impl.FollowerState (FollowerState.java:run(111)) - b9804938-182f-4054-8044-6072e531a40a@group-30B6BEED2D1E-FollowerState: change to CANDIDATE, lastRpcTime:5161ms, electionTimeout:5161ms
2019-11-19 00:06:54,180 [Thread-253] INFO  impl.RoleInfo (RoleInfo.java:shutdownFollowerState(121)) - b9804938-182f-4054-8044-6072e531a40a: shutdown FollowerState
2019-11-19 00:06:54,180 [Thread-253] INFO  impl.RaftServerImpl (RaftServerImpl.java:setRole(173)) - b9804938-182f-4054-8044-6072e531a40a@group-30B6BEED2D1E: changes role from  FOLLOWER to CANDIDATE at term 0 for changeToCandidate
2019-11-19 00:06:54,181 [Thread-253] INFO  impl.RoleInfo (RoleInfo.java:updateAndGet(143)) - b9804938-182f-4054-8044-6072e531a40a: start LeaderElection
2019-11-19 00:06:54,194 [Thread-260] INFO  impl.FollowerState (FollowerState.java:run(111)) - bd387ed7-3819-4da1-a185-88e6b294d0ec@group-1638BC5485D3-FollowerState: change to CANDIDATE, lastRpcTime:5075ms, electionTimeout:5075ms
2019-11-19 00:06:54,195 [Thread-260] INFO  impl.RoleInfo (RoleInfo.java:shutdownFollowerState(121)) - bd387ed7-3819-4da1-a185-88e6b294d0ec: shutdown FollowerState
2019-11-19 00:06:54,195 [Thread-260] INFO  impl.RaftServerImpl (RaftServerImpl.java:setRole(173)) - bd387ed7-3819-4da1-a185-88e6b294d0ec@group-1638BC5485D3: changes role from  FOLLOWER to CANDIDATE at term 0 for changeToCandidate
2019-11-19 00:06:54,195 [Thread-260] INFO  impl.RoleInfo (RoleInfo.java:updateAndGet(143)) - bd387ed7-3819-4da1-a185-88e6b294d0ec: start LeaderElection
2019-11-19 00:06:54,236 [Thread-256] INFO  impl.FollowerState (FollowerState.java:run(111)) - 58d24f50-e03c-4cdf-9f21-18e5bcb6f884@group-30B6BEED2D1E-FollowerState: change to CANDIDATE, lastRpcTime:5200ms, electionTimeout:5195ms
2019-11-19 00:06:54,237 [b9804938-182f-4054-8044-6072e531a40a@group-30B6BEED2D1E-LeaderElection9] INFO  impl.LeaderElection (LeaderElection.java:askForVotes(178)) - b9804938-182f-4054-8044-6072e531a40a@group-30B6BEED2D1E-LeaderElection9: begin an election at term 1 for -1: [b9804938-182f-4054-8044-6072e531a40a:192.168.157.213:38909, 58d24f50-e03c-4cdf-9f21-18e5bcb6f884:192.168.157.213:40280, 7708ce6b-94dd-49f9-8895-392afc2c64db:192.168.157.213:34565], old=null
2019-11-19 00:06:54,244 [Thread-256] INFO  impl.RoleInfo (RoleInfo.java:shutdownFollowerState(121)) - 58d24f50-e03c-4cdf-9f21-18e5bcb6f884: shutdown FollowerState
2019-11-19 00:06:54,237 [3c68acf1-2e75-484b-8dce-fe6027c40cff@group-1638BC5485D3-LeaderElection7] INFO  impl.LeaderElection (LeaderElection.java:askForVotes(178)) - 3c68acf1-2e75-484b-8dce-fe6027c40cff@group-1638BC5485D3-LeaderElection7: begin an election at term 1 for -1: [93728d59-90a7-4d42-a9e8-51f96f87119b:192.168.157.213:46185, bd387ed7-3819-4da1-a185-88e6b294d0ec:192.168.157.213:43405, 3c68acf1-2e75-484b-8dce-fe6027c40cff:192.168.157.213:43086], old=null
2019-11-19 00:06:54,237 [93728d59-90a7-4d42-a9e8-51f96f87119b@group-5891AA192007-LeaderElection8] INFO  impl.LeaderElection (LeaderElection.java:askForVotes(178)) - 93728d59-90a7-4d42-a9e8-51f96f87119b@group-5891AA192007-LeaderElection8: begin an election at term 1 for -1: [93728d59-90a7-4d42-a9e8-51f96f87119b:192.168.157.213:46185], old=null
2019-11-19 00:06:54,245 [Thread-256] INFO  impl.RaftServerImpl (RaftServerImpl.java:setRole(173)) - 58d24f50-e03c-4cdf-9f21-18e5bcb6f884@group-30B6BEED2D1E: changes role from  FOLLOWER to CANDIDATE at term 0 for changeToCandidate
2019-11-19 00:06:54,245 [93728d59-90a7-4d42-a9e8-51f96f87119b@group-5891AA192007-LeaderElection8] INFO  impl.RoleInfo (RoleInfo.java:shutdownLeaderElection(134)) - 93728d59-90a7-4d42-a9e8-51f96f87119b: shutdown LeaderElection
2019-11-19 00:06:54,246 [93728d59-90a7-4d42-a9e8-51f96f87119b@group-5891AA192007-LeaderElection8] INFO  impl.RaftServerImpl (RaftServerImpl.java:setRole(173)) - 93728d59-90a7-4d42-a9e8-51f96f87119b@group-5891AA192007: changes role from CANDIDATE to LEADER at term 1 for changeToLeader
2019-11-19 00:06:54,246 [Thread-256] INFO  impl.RoleInfo (RoleInfo.java:updateAndGet(143)) - 58d24f50-e03c-4cdf-9f21-18e5bcb6f884: start LeaderElection
2019-11-19 00:06:54,246 [93728d59-90a7-4d42-a9e8-51f96f87119b@group-5891AA192007-LeaderElection8] INFO  ratis.XceiverServerRatis (XceiverServerRatis.java:handleLeaderChangedNotification(733)) - Leader change notification received for group: group-5891AA192007 with new leaderId: 93728d59-90a7-4d42-a9e8-51f96f87119b
2019-11-19 00:06:54,249 [93728d59-90a7-4d42-a9e8-51f96f87119b@group-5891AA192007-LeaderElection8] INFO  impl.RaftServerImpl (ServerState.java:setLeader(255)) - 93728d59-90a7-4d42-a9e8-51f96f87119b@group-5891AA192007: change Leader from null to 93728d59-90a7-4d42-a9e8-51f96f87119b at term 1 for becomeLeader, leader elected after 5209ms
2019-11-19 00:06:54,250 [93728d59-90a7-4d42-a9e8-51f96f87119b@group-5891AA192007-LeaderElection8] INFO  server.RaftServerConfigKeys (ConfUtils.java:logGet(43)) - raft.server.staging.catchup.gap = 1000 (default)
2019-11-19 00:06:54,250 [93728d59-90a7-4d42-a9e8-51f96f87119b@group-5891AA192007-LeaderElection8] INFO  server.RaftServerConfigKeys (ConfUtils.java:logGet(43)) - raft.server.rpc.sleep.time = 25ms (default)
2019-11-19 00:06:54,250 [93728d59-90a7-4d42-a9e8-51f96f87119b@group-5891AA192007-LeaderElection8] INFO  server.RaftServerConfigKeys (ConfUtils.java:logGet(43)) - raft.server.write.element-limit = 4096 (default)
2019-11-19 00:06:54,251 [93728d59-90a7-4d42-a9e8-51f96f87119b@group-5891AA192007-LeaderElection8] INFO  server.RaftServerConfigKeys (ConfUtils.java:logGet(43)) - raft.server.watch.timeout = 10s (default)
2019-11-19 00:06:54,251 [93728d59-90a7-4d42-a9e8-51f96f87119b@group-5891AA192007-LeaderElection8] INFO  server.RaftServerConfigKeys (ConfUtils.java:logGet(43)) - raft.server.watch.timeout.denomination = 1s (default)
2019-11-19 00:06:54,251 [93728d59-90a7-4d42-a9e8-51f96f87119b@group-5891AA192007-LeaderElection8] INFO  server.RaftServerConfigKeys (ConfUtils.java:logGet(43)) - raft.server.watch.element-limit = 65536 (default)
2019-11-19 00:06:54,251 [93728d59-90a7-4d42-a9e8-51f96f87119b@group-5891AA192007-LeaderElection8] INFO  impl.RoleInfo (RoleInfo.java:updateAndGet(143)) - 93728d59-90a7-4d42-a9e8-51f96f87119b: start LeaderState
2019-11-19 00:06:54,251 [93728d59-90a7-4d42-a9e8-51f96f87119b@group-5891AA192007-LeaderElection8] INFO  segmented.SegmentedRaftLogWorker (SegmentedRaftLogWorker.java:startLogSegment(385)) - 93728d59-90a7-4d42-a9e8-51f96f87119b@group-5891AA192007-SegmentedRaftLogWorker: Starting segment from index:0
2019-11-19 00:06:54,252 [EventQueue-PipelineReportForPipelineReportHandler] INFO  pipeline.PipelineReportHandler (PipelineReportHandler.java:processPipelineReport(113)) - Pipeline THREE PipelineID=a788d7ce-7ad6-43a2-a21c-1638bc5485d3 reported by 93728d59-90a7-4d42-a9e8-51f96f87119b{ip: 192.168.157.213, host: pr-hdds-2241-master-j9rj8-2432081592, networkLocation: /default-rack, certSerialId: null}
2019-11-19 00:06:54,252 [93728d59-90a7-4d42-a9e8-51f96f87119b@group-5891AA192007-LeaderElection8] INFO  impl.RaftServerImpl (ServerState.java:setRaftConf(356)) - 93728d59-90a7-4d42-a9e8-51f96f87119b@group-5891AA192007: set configuration 0: [93728d59-90a7-4d42-a9e8-51f96f87119b:192.168.157.213:46185], old=null at 0
2019-11-19 00:06:54,287 [bd387ed7-3819-4da1-a185-88e6b294d0ec@group-51D6D21053E6-SegmentedRaftLogWorker] INFO  segmented.SegmentedRaftLogWorker (SegmentedRaftLogWorker.java:execute(576)) - bd387ed7-3819-4da1-a185-88e6b294d0ec@group-51D6D21053E6-SegmentedRaftLogWorker: created new log segment /workdir/hadoop-ozone/integration-test/target/test-dir/MiniOzoneClusterImpl-e12fca27-2987-495d-949a-a359bcbd3d99/datanode-4/data/ratis/9a4fae68-9ff9-40ee-a91e-51d6d21053e6/current/log_inprogress_0
2019-11-19 00:06:54,287 [58d24f50-e03c-4cdf-9f21-18e5bcb6f884@group-5C89A0E922CD-SegmentedRaftLogWorker] INFO  segmented.SegmentedRaftLogWorker (SegmentedRaftLogWorker.java:execute(576)) - 58d24f50-e03c-4cdf-9f21-18e5bcb6f884@group-5C89A0E922CD-SegmentedRaftLogWorker: created new log segment /workdir/hadoop-ozone/integration-test/target/test-dir/MiniOzoneClusterImpl-e12fca27-2987-495d-949a-a359bcbd3d99/datanode-0/data/ratis/26b972a9-003d-41bf-b3b3-5c89a0e922cd/current/log_inprogress_0
2019-11-19 00:06:54,287 [58d24f50-e03c-4cdf-9f21-18e5bcb6f884@group-30B6BEED2D1E-LeaderElection11] INFO  impl.LeaderElection (LeaderElection.java:askForVotes(178)) - 58d24f50-e03c-4cdf-9f21-18e5bcb6f884@group-30B6BEED2D1E-LeaderElection11: begin an election at term 1 for -1: [b9804938-182f-4054-8044-6072e531a40a:192.168.157.213:38909, 58d24f50-e03c-4cdf-9f21-18e5bcb6f884:192.168.157.213:40280, 7708ce6b-94dd-49f9-8895-392afc2c64db:192.168.157.213:34565], old=null
2019-11-19 00:06:54,287 [bd387ed7-3819-4da1-a185-88e6b294d0ec@group-1638BC5485D3-LeaderElection10] INFO  impl.LeaderElection (LeaderElection.java:askForVotes(178)) - bd387ed7-3819-4da1-a185-88e6b294d0ec@group-1638BC5485D3-LeaderElection10: begin an election at term 1 for -1: [93728d59-90a7-4d42-a9e8-51f96f87119b:192.168.157.213:46185, bd387ed7-3819-4da1-a185-88e6b294d0ec:192.168.157.213:43405, 3c68acf1-2e75-484b-8dce-fe6027c40cff:192.168.157.213:43086], old=null
2019-11-19 00:06:54,287 [3c68acf1-2e75-484b-8dce-fe6027c40cff@group-6B56377F21C6-SegmentedRaftLogWorker] INFO  segmented.SegmentedRaftLogWorker (SegmentedRaftLogWorker.java:execute(576)) - 3c68acf1-2e75-484b-8dce-fe6027c40cff@group-6B56377F21C6-SegmentedRaftLogWorker: created new log segment /workdir/hadoop-ozone/integration-test/target/test-dir/MiniOzoneClusterImpl-e12fca27-2987-495d-949a-a359bcbd3d99/datanode-3/data/ratis/7f4f2ca8-078e-43da-a41b-6b56377f21c6/current/log_inprogress_0
2019-11-19 00:06:54,287 [Thread-263] INFO  impl.FollowerState (FollowerState.java:run(111)) - ab08a327-d932-491f-aef7-f81bfe8e2592@group-5AC849CCC727-FollowerState: change to CANDIDATE, lastRpcTime:5145ms, electionTimeout:5106ms
2019-11-19 00:06:54,287 [b9804938-182f-4054-8044-6072e531a40a@group-1762D86ACA6C-SegmentedRaftLogWorker] INFO  segmented.SegmentedRaftLogWorker (SegmentedRaftLogWorker.java:execute(576)) - b9804938-182f-4054-8044-6072e531a40a@group-1762D86ACA6C-SegmentedRaftLogWorker: created new log segment /workdir/hadoop-ozone/integration-test/target/test-dir/MiniOzoneClusterImpl-e12fca27-2987-495d-949a-a359bcbd3d99/datanode-2/data/ratis/5f46f475-9c4e-4953-9780-1762d86aca6c/current/log_inprogress_0
2019-11-19 00:06:54,287 [7708ce6b-94dd-49f9-8895-392afc2c64db@group-3B4BF9B72A1C-SegmentedRaftLogWorker] INFO  segmented.SegmentedRaftLogWorker (SegmentedRaftLogWorker.java:execute(576)) - 7708ce6b-94dd-49f9-8895-392afc2c64db@group-3B4BF9B72A1C-SegmentedRaftLogWorker: created new log segment /workdir/hadoop-ozone/integration-test/target/test-dir/MiniOzoneClusterImpl-e12fca27-2987-495d-949a-a359bcbd3d99/datanode-1/data/ratis/8c043779-8f10-43f2-9964-3b4bf9b72a1c/current/log_inprogress_0
2019-11-19 00:06:54,288 [Thread-263] INFO  impl.RoleInfo (RoleInfo.java:shutdownFollowerState(121)) - ab08a327-d932-491f-aef7-f81bfe8e2592: shutdown FollowerState
2019-11-19 00:06:54,288 [Thread-263] INFO  impl.RaftServerImpl (RaftServerImpl.java:setRole(173)) - ab08a327-d932-491f-aef7-f81bfe8e2592@group-5AC849CCC727: changes role from  FOLLOWER to CANDIDATE at term 0 for changeToCandidate
2019-11-19 00:06:54,288 [Thread-263] INFO  impl.RoleInfo (RoleInfo.java:updateAndGet(143)) - ab08a327-d932-491f-aef7-f81bfe8e2592: start LeaderElection
2019-11-19 00:06:54,307 [93728d59-90a7-4d42-a9e8-51f96f87119b@group-5891AA192007-SegmentedRaftLogWorker] INFO  segmented.SegmentedRaftLogWorker (SegmentedRaftLogWorker.java:execute(576)) - 93728d59-90a7-4d42-a9e8-51f96f87119b@group-5891AA192007-SegmentedRaftLogWorker: created new log segment /workdir/hadoop-ozone/integration-test/target/test-dir/MiniOzoneClusterImpl-e12fca27-2987-495d-949a-a359bcbd3d99/datanode-5/data/ratis/7d0e1bf5-d814-4998-a3e0-5891aa192007/current/log_inprogress_0
2019-11-19 00:06:54,310 [ab08a327-d932-491f-aef7-f81bfe8e2592@group-5AC849CCC727-LeaderElection12] INFO  impl.LeaderElection (LeaderElection.java:askForVotes(178)) - ab08a327-d932-491f-aef7-f81bfe8e2592@group-5AC849CCC727-LeaderElection12: begin an election at term 1 for -1: [ab08a327-d932-491f-aef7-f81bfe8e2592:192.168.157.213:45539], old=null
2019-11-19 00:06:54,312 [ab08a327-d932-491f-aef7-f81bfe8e2592@group-5AC849CCC727-LeaderElection12] INFO  impl.RoleInfo (RoleInfo.java:shutdownLeaderElection(134)) - ab08a327-d932-491f-aef7-f81bfe8e2592: shutdown LeaderElection
2019-11-19 00:06:54,312 [ab08a327-d932-491f-aef7-f81bfe8e2592@group-5AC849CCC727-LeaderElection12] INFO  impl.RaftServerImpl (RaftServerImpl.java:setRole(173)) - ab08a327-d932-491f-aef7-f81bfe8e2592@group-5AC849CCC727: changes role from CANDIDATE to LEADER at term 1 for changeToLeader
2019-11-19 00:06:54,312 [ab08a327-d932-491f-aef7-f81bfe8e2592@group-5AC849CCC727-LeaderElection12] INFO  ratis.XceiverServerRatis (XceiverServerRatis.java:handleLeaderChangedNotification(733)) - Leader change notification received for group: group-5AC849CCC727 with new leaderId: ab08a327-d932-491f-aef7-f81bfe8e2592
2019-11-19 00:06:54,318 [ab08a327-d932-491f-aef7-f81bfe8e2592@group-5AC849CCC727-LeaderElection12] INFO  impl.RaftServerImpl (ServerState.java:setLeader(255)) - ab08a327-d932-491f-aef7-f81bfe8e2592@group-5AC849CCC727: change Leader from null to ab08a327-d932-491f-aef7-f81bfe8e2592 at term 1 for becomeLeader, leader elected after 5183ms
2019-11-19 00:06:54,320 [ab08a327-d932-491f-aef7-f81bfe8e2592@group-5AC849CCC727-LeaderElection12] INFO  server.RaftServerConfigKeys (ConfUtils.java:logGet(43)) - raft.server.staging.catchup.gap = 1000 (default)
2019-11-19 00:06:54,320 [ab08a327-d932-491f-aef7-f81bfe8e2592@group-5AC849CCC727-LeaderElection12] INFO  server.RaftServerConfigKeys (ConfUtils.java:logGet(43)) - raft.server.rpc.sleep.time = 25ms (default)
2019-11-19 00:06:54,320 [ab08a327-d932-491f-aef7-f81bfe8e2592@group-5AC849CCC727-LeaderElection12] INFO  server.RaftServerConfigKeys (ConfUtils.java:logGet(43)) - raft.server.write.element-limit = 4096 (default)
2019-11-19 00:06:54,320 [ab08a327-d932-491f-aef7-f81bfe8e2592@group-5AC849CCC727-LeaderElection12] INFO  server.RaftServerConfigKeys (ConfUtils.java:logGet(43)) - raft.server.watch.timeout = 10s (default)
2019-11-19 00:06:54,320 [ab08a327-d932-491f-aef7-f81bfe8e2592@group-5AC849CCC727-LeaderElection12] INFO  server.RaftServerConfigKeys (ConfUtils.java:logGet(43)) - raft.server.watch.timeout.denomination = 1s (default)
2019-11-19 00:06:54,320 [ab08a327-d932-491f-aef7-f81bfe8e2592@group-5AC849CCC727-LeaderElection12] INFO  server.RaftServerConfigKeys (ConfUtils.java:logGet(43)) - raft.server.watch.element-limit = 65536 (default)
2019-11-19 00:06:54,321 [ab08a327-d932-491f-aef7-f81bfe8e2592@group-5AC849CCC727-LeaderElection12] INFO  impl.RoleInfo (RoleInfo.java:updateAndGet(143)) - ab08a327-d932-491f-aef7-f81bfe8e2592: start LeaderState
2019-11-19 00:06:54,321 [ab08a327-d932-491f-aef7-f81bfe8e2592@group-5AC849CCC727-LeaderElection12] INFO  segmented.SegmentedRaftLogWorker (SegmentedRaftLogWorker.java:startLogSegment(385)) - ab08a327-d932-491f-aef7-f81bfe8e2592@group-5AC849CCC727-SegmentedRaftLogWorker: Starting segment from index:0
2019-11-19 00:06:54,322 [ab08a327-d932-491f-aef7-f81bfe8e2592@group-5AC849CCC727-LeaderElection12] INFO  impl.RaftServerImpl (ServerState.java:setRaftConf(356)) - ab08a327-d932-491f-aef7-f81bfe8e2592@group-5AC849CCC727: set configuration 0: [ab08a327-d932-491f-aef7-f81bfe8e2592:192.168.157.213:45539], old=null at 0
2019-11-19 00:06:54,362 [Thread-265] INFO  impl.FollowerState (FollowerState.java:run(111)) - 93728d59-90a7-4d42-a9e8-51f96f87119b@group-1638BC5485D3-FollowerState: change to CANDIDATE, lastRpcTime:5094ms, electionTimeout:5094ms
2019-11-19 00:06:54,362 [Thread-265] INFO  impl.RoleInfo (RoleInfo.java:shutdownFollowerState(121)) - 93728d59-90a7-4d42-a9e8-51f96f87119b: shutdown FollowerState
2019-11-19 00:06:54,362 [Thread-265] INFO  impl.RaftServerImpl (RaftServerImpl.java:setRole(173)) - 93728d59-90a7-4d42-a9e8-51f96f87119b@group-1638BC5485D3: changes role from  FOLLOWER to CANDIDATE at term 0 for changeToCandidate
2019-11-19 00:06:54,362 [Thread-265] INFO  impl.RoleInfo (RoleInfo.java:updateAndGet(143)) - 93728d59-90a7-4d42-a9e8-51f96f87119b: start LeaderElection
2019-11-19 00:06:54,379 [ab08a327-d932-491f-aef7-f81bfe8e2592@group-5AC849CCC727-SegmentedRaftLogWorker] INFO  segmented.SegmentedRaftLogWorker (SegmentedRaftLogWorker.java:execute(576)) - ab08a327-d932-491f-aef7-f81bfe8e2592@group-5AC849CCC727-SegmentedRaftLogWorker: created new log segment /workdir/hadoop-ozone/integration-test/target/test-dir/MiniOzoneClusterImpl-e12fca27-2987-495d-949a-a359bcbd3d99/datanode-6/data/ratis/158bfb12-f6d4-4686-b9f9-5ac849ccc727/current/log_inprogress_0
2019-11-19 00:06:54,379 [93728d59-90a7-4d42-a9e8-51f96f87119b@group-1638BC5485D3-LeaderElection13] INFO  impl.LeaderElection (LeaderElection.java:askForVotes(178)) - 93728d59-90a7-4d42-a9e8-51f96f87119b@group-1638BC5485D3-LeaderElection13: begin an election at term 1 for -1: [93728d59-90a7-4d42-a9e8-51f96f87119b:192.168.157.213:46185, bd387ed7-3819-4da1-a185-88e6b294d0ec:192.168.157.213:43405, 3c68acf1-2e75-484b-8dce-fe6027c40cff:192.168.157.213:43086], old=null
2019-11-19 00:06:54,715 [b9804938-182f-4054-8044-6072e531a40a@group-30B6BEED2D1E-LeaderElection9] INFO  impl.LeaderElection (LeaderElection.java:logAndReturn(56)) - b9804938-182f-4054-8044-6072e531a40a@group-30B6BEED2D1E-LeaderElection9: Election REJECTED; received 2 response(s) [b9804938-182f-4054-8044-6072e531a40a<-58d24f50-e03c-4cdf-9f21-18e5bcb6f884#0:FAIL-t1, b9804938-182f-4054-8044-6072e531a40a<-7708ce6b-94dd-49f9-8895-392afc2c64db#0:FAIL-t1] and 0 exception(s); b9804938-182f-4054-8044-6072e531a40a@group-30B6BEED2D1E:t1, leader=null, voted=b9804938-182f-4054-8044-6072e531a40a, raftlog=b9804938-182f-4054-8044-6072e531a40a@group-30B6BEED2D1E-SegmentedRaftLog:OPENED:c-1,f-1,i0, conf=-1: [b9804938-182f-4054-8044-6072e531a40a:192.168.157.213:38909, 58d24f50-e03c-4cdf-9f21-18e5bcb6f884:192.168.157.213:40280, 7708ce6b-94dd-49f9-8895-392afc2c64db:192.168.157.213:34565], old=null
2019-11-19 00:06:54,715 [3c68acf1-2e75-484b-8dce-fe6027c40cff@group-1638BC5485D3-LeaderElection7] INFO  impl.LeaderElection (LeaderElection.java:logAndReturn(56)) - 3c68acf1-2e75-484b-8dce-fe6027c40cff@group-1638BC5485D3-LeaderElection7: Election REJECTED; received 2 response(s) [3c68acf1-2e75-484b-8dce-fe6027c40cff<-93728d59-90a7-4d42-a9e8-51f96f87119b#0:FAIL-t1, 3c68acf1-2e75-484b-8dce-fe6027c40cff<-bd387ed7-3819-4da1-a185-88e6b294d0ec#0:FAIL-t1] and 0 exception(s); 3c68acf1-2e75-484b-8dce-fe6027c40cff@group-1638BC5485D3:t1, leader=null, voted=3c68acf1-2e75-484b-8dce-fe6027c40cff, raftlog=3c68acf1-2e75-484b-8dce-fe6027c40cff@group-1638BC5485D3-SegmentedRaftLog:OPENED:c-1,f-1,i0, conf=-1: [93728d59-90a7-4d42-a9e8-51f96f87119b:192.168.157.213:46185, bd387ed7-3819-4da1-a185-88e6b294d0ec:192.168.157.213:43405, 3c68acf1-2e75-484b-8dce-fe6027c40cff:192.168.157.213:43086], old=null
2019-11-19 00:06:54,715 [58d24f50-e03c-4cdf-9f21-18e5bcb6f884@group-30B6BEED2D1E-LeaderElection11] INFO  impl.LeaderElection (LeaderElection.java:logAndReturn(56)) - 58d24f50-e03c-4cdf-9f21-18e5bcb6f884@group-30B6BEED2D1E-LeaderElection11: Election REJECTED; received 2 response(s) [58d24f50-e03c-4cdf-9f21-18e5bcb6f884<-b9804938-182f-4054-8044-6072e531a40a#0:FAIL-t1, 58d24f50-e03c-4cdf-9f21-18e5bcb6f884<-7708ce6b-94dd-49f9-8895-392afc2c64db#0:FAIL-t1] and 0 exception(s); 58d24f50-e03c-4cdf-9f21-18e5bcb6f884@group-30B6BEED2D1E:t1, leader=null, voted=58d24f50-e03c-4cdf-9f21-18e5bcb6f884, raftlog=58d24f50-e03c-4cdf-9f21-18e5bcb6f884@group-30B6BEED2D1E-SegmentedRaftLog:OPENED:c-1,f-1,i0, conf=-1: [b9804938-182f-4054-8044-6072e531a40a:192.168.157.213:38909, 58d24f50-e03c-4cdf-9f21-18e5bcb6f884:192.168.157.213:40280, 7708ce6b-94dd-49f9-8895-392afc2c64db:192.168.157.213:34565], old=null
2019-11-19 00:06:54,715 [bd387ed7-3819-4da1-a185-88e6b294d0ec@group-1638BC5485D3-LeaderElection10] INFO  impl.LeaderElection (LeaderElection.java:logAndReturn(56)) - bd387ed7-3819-4da1-a185-88e6b294d0ec@group-1638BC5485D3-LeaderElection10: Election REJECTED; received 2 response(s) [bd387ed7-3819-4da1-a185-88e6b294d0ec<-93728d59-90a7-4d42-a9e8-51f96f87119b#0:FAIL-t1, bd387ed7-3819-4da1-a185-88e6b294d0ec<-3c68acf1-2e75-484b-8dce-fe6027c40cff#0:FAIL-t1] and 0 exception(s); bd387ed7-3819-4da1-a185-88e6b294d0ec@group-1638BC5485D3:t1, leader=null, voted=bd387ed7-3819-4da1-a185-88e6b294d0ec, raftlog=bd387ed7-3819-4da1-a185-88e6b294d0ec@group-1638BC5485D3-SegmentedRaftLog:OPENED:c-1,f-1,i0, conf=-1: [93728d59-90a7-4d42-a9e8-51f96f87119b:192.168.157.213:46185, bd387ed7-3819-4da1-a185-88e6b294d0ec:192.168.157.213:43405, 3c68acf1-2e75-484b-8dce-fe6027c40cff:192.168.157.213:43086], old=null
2019-11-19 00:06:54,715 [7708ce6b-94dd-49f9-8895-392afc2c64db@group-30B6BEED2D1E-LeaderElection6] INFO  impl.LeaderElection (LeaderElection.java:logAndReturn(56)) - 7708ce6b-94dd-49f9-8895-392afc2c64db@group-30B6BEED2D1E-LeaderElection6: Election REJECTED; received 2 response(s) [7708ce6b-94dd-49f9-8895-392afc2c64db<-b9804938-182f-4054-8044-6072e531a40a#0:FAIL-t1, 7708ce6b-94dd-49f9-8895-392afc2c64db<-58d24f50-e03c-4cdf-9f21-18e5bcb6f884#0:FAIL-t1] and 0 exception(s); 7708ce6b-94dd-49f9-8895-392afc2c64db@group-30B6BEED2D1E:t1, leader=null, voted=7708ce6b-94dd-49f9-8895-392afc2c64db, raftlog=7708ce6b-94dd-49f9-8895-392afc2c64db@group-30B6BEED2D1E-SegmentedRaftLog:OPENED:c-1,f-1,i0, conf=-1: [b9804938-182f-4054-8044-6072e531a40a:192.168.157.213:38909, 58d24f50-e03c-4cdf-9f21-18e5bcb6f884:192.168.157.213:40280, 7708ce6b-94dd-49f9-8895-392afc2c64db:192.168.157.213:34565], old=null
2019-11-19 00:06:54,715 [93728d59-90a7-4d42-a9e8-51f96f87119b@group-1638BC5485D3-LeaderElection13] INFO  impl.LeaderElection (LeaderElection.java:logAndReturn(56)) - 93728d59-90a7-4d42-a9e8-51f96f87119b@group-1638BC5485D3-LeaderElection13: Election REJECTED; received 2 response(s) [93728d59-90a7-4d42-a9e8-51f96f87119b<-bd387ed7-3819-4da1-a185-88e6b294d0ec#0:FAIL-t1, 93728d59-90a7-4d42-a9e8-51f96f87119b<-3c68acf1-2e75-484b-8dce-fe6027c40cff#0:FAIL-t1] and 0 exception(s); 93728d59-90a7-4d42-a9e8-51f96f87119b@group-1638BC5485D3:t1, leader=null, voted=93728d59-90a7-4d42-a9e8-51f96f87119b, raftlog=93728d59-90a7-4d42-a9e8-51f96f87119b@group-1638BC5485D3-SegmentedRaftLog:OPENED:c-1,f-1,i0, conf=-1: [93728d59-90a7-4d42-a9e8-51f96f87119b:192.168.157.213:46185, bd387ed7-3819-4da1-a185-88e6b294d0ec:192.168.157.213:43405, 3c68acf1-2e75-484b-8dce-fe6027c40cff:192.168.157.213:43086], old=null
2019-11-19 00:06:54,721 [bd387ed7-3819-4da1-a185-88e6b294d0ec@group-1638BC5485D3-LeaderElection10] INFO  impl.RaftServerImpl (RaftServerImpl.java:setRole(173)) - bd387ed7-3819-4da1-a185-88e6b294d0ec@group-1638BC5485D3: changes role from CANDIDATE to FOLLOWER at term 1 for DISCOVERED_A_NEW_TERM
2019-11-19 00:06:54,722 [7708ce6b-94dd-49f9-8895-392afc2c64db@group-30B6BEED2D1E-LeaderElection6] INFO  impl.RaftServerImpl (RaftServerImpl.java:setRole(173)) - 7708ce6b-94dd-49f9-8895-392afc2c64db@group-30B6BEED2D1E: changes role from CANDIDATE to FOLLOWER at term 1 for DISCOVERED_A_NEW_TERM
2019-11-19 00:06:54,724 [58d24f50-e03c-4cdf-9f21-18e5bcb6f884@group-30B6BEED2D1E-LeaderElection11] INFO  impl.RaftServerImpl (RaftServerImpl.java:setRole(173)) - 58d24f50-e03c-4cdf-9f21-18e5bcb6f884@group-30B6BEED2D1E: changes role from CANDIDATE to FOLLOWER at term 1 for DISCOVERED_A_NEW_TERM
2019-11-19 00:06:54,721 [b9804938-182f-4054-8044-6072e531a40a@group-30B6BEED2D1E-LeaderElection9] INFO  impl.RaftServerImpl (RaftServerImpl.java:setRole(173)) - b9804938-182f-4054-8044-6072e531a40a@group-30B6BEED2D1E: changes role from CANDIDATE to FOLLOWER at term 1 for DISCOVERED_A_NEW_TERM
2019-11-19 00:06:54,724 [58d24f50-e03c-4cdf-9f21-18e5bcb6f884@group-30B6BEED2D1E-LeaderElection11] INFO  impl.RoleInfo (RoleInfo.java:shutdownLeaderElection(134)) - 58d24f50-e03c-4cdf-9f21-18e5bcb6f884: shutdown LeaderElection
2019-11-19 00:06:54,724 [93728d59-90a7-4d42-a9e8-51f96f87119b@group-1638BC5485D3-LeaderElection13] INFO  impl.RaftServerImpl (RaftServerImpl.java:setRole(173)) - 93728d59-90a7-4d42-a9e8-51f96f87119b@group-1638BC5485D3: changes role from CANDIDATE to FOLLOWER at term 1 for DISCOVERED_A_NEW_TERM
2019-11-19 00:06:54,724 [bd387ed7-3819-4da1-a185-88e6b294d0ec@group-1638BC5485D3-LeaderElection10] INFO  impl.RoleInfo (RoleInfo.java:shutdownLeaderElection(134)) - bd387ed7-3819-4da1-a185-88e6b294d0ec: shutdown LeaderElection
2019-11-19 00:06:54,724 [7708ce6b-94dd-49f9-8895-392afc2c64db@group-30B6BEED2D1E-LeaderElection6] INFO  impl.RoleInfo (RoleInfo.java:shutdownLeaderElection(134)) - 7708ce6b-94dd-49f9-8895-392afc2c64db: shutdown LeaderElection
2019-11-19 00:06:54,730 [58d24f50-e03c-4cdf-9f21-18e5bcb6f884@group-30B6BEED2D1E-LeaderElection11] INFO  impl.RoleInfo (RoleInfo.java:updateAndGet(143)) - 58d24f50-e03c-4cdf-9f21-18e5bcb6f884: start FollowerState
2019-11-19 00:06:54,729 [93728d59-90a7-4d42-a9e8-51f96f87119b@group-1638BC5485D3-LeaderElection13] INFO  impl.RoleInfo (RoleInfo.java:shutdownLeaderElection(134)) - 93728d59-90a7-4d42-a9e8-51f96f87119b: shutdown LeaderElection
2019-11-19 00:06:54,729 [3c68acf1-2e75-484b-8dce-fe6027c40cff@group-1638BC5485D3-LeaderElection7] INFO  impl.RaftServerImpl (RaftServerImpl.java:setRole(173)) - 3c68acf1-2e75-484b-8dce-fe6027c40cff@group-1638BC5485D3: changes role from CANDIDATE to FOLLOWER at term 1 for DISCOVERED_A_NEW_TERM
2019-11-19 00:06:54,727 [b9804938-182f-4054-8044-6072e531a40a@group-30B6BEED2D1E-LeaderElection9] INFO  impl.RoleInfo (RoleInfo.java:shutdownLeaderElection(134)) - b9804938-182f-4054-8044-6072e531a40a: shutdown LeaderElection
2019-11-19 00:06:54,736 [3c68acf1-2e75-484b-8dce-fe6027c40cff@group-1638BC5485D3-LeaderElection7] INFO  impl.RoleInfo (RoleInfo.java:shutdownLeaderElection(134)) - 3c68acf1-2e75-484b-8dce-fe6027c40cff: shutdown LeaderElection
2019-11-19 00:06:54,732 [93728d59-90a7-4d42-a9e8-51f96f87119b@group-1638BC5485D3-LeaderElection13] INFO  impl.RoleInfo (RoleInfo.java:updateAndGet(143)) - 93728d59-90a7-4d42-a9e8-51f96f87119b: start FollowerState
2019-11-19 00:06:54,737 [3c68acf1-2e75-484b-8dce-fe6027c40cff@group-1638BC5485D3-LeaderElection7] INFO  impl.RoleInfo (RoleInfo.java:updateAndGet(143)) - 3c68acf1-2e75-484b-8dce-fe6027c40cff: start FollowerState
2019-11-19 00:06:54,732 [7708ce6b-94dd-49f9-8895-392afc2c64db@group-30B6BEED2D1E-LeaderElection6] INFO  impl.RoleInfo (RoleInfo.java:updateAndGet(143)) - 7708ce6b-94dd-49f9-8895-392afc2c64db: start FollowerState
2019-11-19 00:06:54,732 [bd387ed7-3819-4da1-a185-88e6b294d0ec@group-1638BC5485D3-LeaderElection10] INFO  impl.RoleInfo (RoleInfo.java:updateAndGet(143)) - bd387ed7-3819-4da1-a185-88e6b294d0ec: start FollowerState
2019-11-19 00:06:54,737 [b9804938-182f-4054-8044-6072e531a40a@group-30B6BEED2D1E-LeaderElection9] INFO  impl.RoleInfo (RoleInfo.java:updateAndGet(143)) - b9804938-182f-4054-8044-6072e531a40a: start FollowerState
2019-11-19 00:06:55,034 [main] INFO  ozone.MiniOzoneClusterImpl (MiniOzoneClusterImpl.java:lambda$waitForClusterToBeReady$0(150)) - Nodes are ready. Got 7 of 7 DN Heartbeats.
2019-11-19 00:06:55,034 [main] INFO  ozone.MiniOzoneClusterImpl (MiniOzoneClusterImpl.java:lambda$waitForClusterToBeReady$0(153)) - Waiting for cluster to exit safe mode
2019-11-19 00:06:56,034 [main] INFO  ozone.MiniOzoneClusterImpl (MiniOzoneClusterImpl.java:lambda$waitForClusterToBeReady$0(150)) - Nodes are ready. Got 7 of 7 DN Heartbeats.
2019-11-19 00:06:56,034 [main] INFO  ozone.MiniOzoneClusterImpl (MiniOzoneClusterImpl.java:lambda$waitForClusterToBeReady$0(153)) - Waiting for cluster to exit safe mode
2019-11-19 00:06:57,035 [main] INFO  ozone.MiniOzoneClusterImpl (MiniOzoneClusterImpl.java:lambda$waitForClusterToBeReady$0(150)) - Nodes are ready. Got 7 of 7 DN Heartbeats.
2019-11-19 00:06:57,035 [main] INFO  ozone.MiniOzoneClusterImpl (MiniOzoneClusterImpl.java:lambda$waitForClusterToBeReady$0(153)) - Waiting for cluster to exit safe mode
2019-11-19 00:06:58,035 [main] INFO  ozone.MiniOzoneClusterImpl (MiniOzoneClusterImpl.java:lambda$waitForClusterToBeReady$0(150)) - Nodes are ready. Got 7 of 7 DN Heartbeats.
2019-11-19 00:06:58,035 [main] INFO  ozone.MiniOzoneClusterImpl (MiniOzoneClusterImpl.java:lambda$waitForClusterToBeReady$0(153)) - Waiting for cluster to exit safe mode
2019-11-19 00:06:59,044 [main] INFO  ozone.MiniOzoneClusterImpl (MiniOzoneClusterImpl.java:lambda$waitForClusterToBeReady$0(150)) - Nodes are ready. Got 7 of 7 DN Heartbeats.
2019-11-19 00:06:59,044 [main] INFO  ozone.MiniOzoneClusterImpl (MiniOzoneClusterImpl.java:lambda$waitForClusterToBeReady$0(153)) - Waiting for cluster to exit safe mode
2019-11-19 00:06:59,759 [Thread-303] INFO  impl.FollowerState (FollowerState.java:run(111)) - 3c68acf1-2e75-484b-8dce-fe6027c40cff@group-1638BC5485D3-FollowerState: change to CANDIDATE, lastRpcTime:5022ms, electionTimeout:5022ms
2019-11-19 00:06:59,759 [Thread-303] INFO  impl.RoleInfo (RoleInfo.java:shutdownFollowerState(121)) - 3c68acf1-2e75-484b-8dce-fe6027c40cff: shutdown FollowerState
2019-11-19 00:06:59,760 [Thread-303] INFO  impl.RaftServerImpl (RaftServerImpl.java:setRole(173)) - 3c68acf1-2e75-484b-8dce-fe6027c40cff@group-1638BC5485D3: changes role from  FOLLOWER to CANDIDATE at term 1 for changeToCandidate
2019-11-19 00:06:59,760 [Thread-303] INFO  impl.RoleInfo (RoleInfo.java:updateAndGet(143)) - 3c68acf1-2e75-484b-8dce-fe6027c40cff: start LeaderElection
2019-11-19 00:06:59,800 [Thread-301] INFO  impl.FollowerState (FollowerState.java:run(111)) - 93728d59-90a7-4d42-a9e8-51f96f87119b@group-1638BC5485D3-FollowerState: change to CANDIDATE, lastRpcTime:5068ms, electionTimeout:5063ms
2019-11-19 00:06:59,800 [Thread-301] INFO  impl.RoleInfo (RoleInfo.java:shutdownFollowerState(121)) - 93728d59-90a7-4d42-a9e8-51f96f87119b: shutdown FollowerState
2019-11-19 00:06:59,800 [Thread-301] INFO  impl.RaftServerImpl (RaftServerImpl.java:setRole(173)) - 93728d59-90a7-4d42-a9e8-51f96f87119b@group-1638BC5485D3: changes role from  FOLLOWER to CANDIDATE at term 1 for changeToCandidate
2019-11-19 00:06:59,801 [Thread-301] INFO  impl.RoleInfo (RoleInfo.java:updateAndGet(143)) - 93728d59-90a7-4d42-a9e8-51f96f87119b: start LeaderElection
2019-11-19 00:06:59,822 [Thread-299] INFO  impl.FollowerState (FollowerState.java:run(111)) - bd387ed7-3819-4da1-a185-88e6b294d0ec@group-1638BC5485D3-FollowerState: change to CANDIDATE, lastRpcTime:5091ms, electionTimeout:5085ms
2019-11-19 00:06:59,822 [Thread-299] INFO  impl.RoleInfo (RoleInfo.java:shutdownFollowerState(121)) - bd387ed7-3819-4da1-a185-88e6b294d0ec: shutdown FollowerState
2019-11-19 00:06:59,823 [Thread-299] INFO  impl.RaftServerImpl (RaftServerImpl.java:setRole(173)) - bd387ed7-3819-4da1-a185-88e6b294d0ec@group-1638BC5485D3: changes role from  FOLLOWER to CANDIDATE at term 1 for changeToCandidate
2019-11-19 00:06:59,823 [Thread-299] INFO  impl.RoleInfo (RoleInfo.java:updateAndGet(143)) - bd387ed7-3819-4da1-a185-88e6b294d0ec: start LeaderElection
2019-11-19 00:06:59,829 [Thread-300] INFO  impl.FollowerState (FollowerState.java:run(111)) - 7708ce6b-94dd-49f9-8895-392afc2c64db@group-30B6BEED2D1E-FollowerState: change to CANDIDATE, lastRpcTime:5097ms, electionTimeout:5092ms
2019-11-19 00:06:59,830 [Thread-300] INFO  impl.RoleInfo (RoleInfo.java:shutdownFollowerState(121)) - 7708ce6b-94dd-49f9-8895-392afc2c64db: shutdown FollowerState
2019-11-19 00:06:59,830 [Thread-300] INFO  impl.RaftServerImpl (RaftServerImpl.java:setRole(173)) - 7708ce6b-94dd-49f9-8895-392afc2c64db@group-30B6BEED2D1E: changes role from  FOLLOWER to CANDIDATE at term 1 for changeToCandidate
2019-11-19 00:06:59,830 [Thread-300] INFO  impl.RoleInfo (RoleInfo.java:updateAndGet(143)) - 7708ce6b-94dd-49f9-8895-392afc2c64db: start LeaderElection
2019-11-19 00:06:59,859 [Thread-302] INFO  impl.FollowerState (FollowerState.java:run(111)) - b9804938-182f-4054-8044-6072e531a40a@group-30B6BEED2D1E-FollowerState: change to CANDIDATE, lastRpcTime:5122ms, electionTimeout:5122ms
2019-11-19 00:06:59,860 [Thread-302] INFO  impl.RoleInfo (RoleInfo.java:shutdownFollowerState(121)) - b9804938-182f-4054-8044-6072e531a40a: shutdown FollowerState
2019-11-19 00:06:59,860 [Thread-302] INFO  impl.RaftServerImpl (RaftServerImpl.java:setRole(173)) - b9804938-182f-4054-8044-6072e531a40a@group-30B6BEED2D1E: changes role from  FOLLOWER to CANDIDATE at term 1 for changeToCandidate
2019-11-19 00:06:59,860 [Thread-302] INFO  impl.RoleInfo (RoleInfo.java:updateAndGet(143)) - b9804938-182f-4054-8044-6072e531a40a: start LeaderElection
2019-11-19 00:06:59,866 [Thread-298] INFO  impl.FollowerState (FollowerState.java:run(111)) - 58d24f50-e03c-4cdf-9f21-18e5bcb6f884@group-30B6BEED2D1E-FollowerState: change to CANDIDATE, lastRpcTime:5136ms, electionTimeout:5130ms
2019-11-19 00:06:59,867 [Thread-298] INFO  impl.RoleInfo (RoleInfo.java:shutdownFollowerState(121)) - 58d24f50-e03c-4cdf-9f21-18e5bcb6f884: shutdown FollowerState
2019-11-19 00:06:59,867 [Thread-298] INFO  impl.RaftServerImpl (RaftServerImpl.java:setRole(173)) - 58d24f50-e03c-4cdf-9f21-18e5bcb6f884@group-30B6BEED2D1E: changes role from  FOLLOWER to CANDIDATE at term 1 for changeToCandidate
2019-11-19 00:06:59,867 [Thread-298] INFO  impl.RoleInfo (RoleInfo.java:updateAndGet(143)) - 58d24f50-e03c-4cdf-9f21-18e5bcb6f884: start LeaderElection
2019-11-19 00:06:59,903 [3c68acf1-2e75-484b-8dce-fe6027c40cff@group-1638BC5485D3-LeaderElection14] INFO  impl.LeaderElection (LeaderElection.java:askForVotes(178)) - 3c68acf1-2e75-484b-8dce-fe6027c40cff@group-1638BC5485D3-LeaderElection14: begin an election at term 2 for -1: [93728d59-90a7-4d42-a9e8-51f96f87119b:192.168.157.213:46185, bd387ed7-3819-4da1-a185-88e6b294d0ec:192.168.157.213:43405, 3c68acf1-2e75-484b-8dce-fe6027c40cff:192.168.157.213:43086], old=null
2019-11-19 00:06:59,916 [7708ce6b-94dd-49f9-8895-392afc2c64db@group-30B6BEED2D1E-LeaderElection17] INFO  impl.LeaderElection (LeaderElection.java:askForVotes(178)) - 7708ce6b-94dd-49f9-8895-392afc2c64db@group-30B6BEED2D1E-LeaderElection17: begin an election at term 2 for -1: [b9804938-182f-4054-8044-6072e531a40a:192.168.157.213:38909, 58d24f50-e03c-4cdf-9f21-18e5bcb6f884:192.168.157.213:40280, 7708ce6b-94dd-49f9-8895-392afc2c64db:192.168.157.213:34565], old=null
2019-11-19 00:06:59,916 [58d24f50-e03c-4cdf-9f21-18e5bcb6f884@group-30B6BEED2D1E-LeaderElection19] INFO  impl.LeaderElection (LeaderElection.java:askForVotes(178)) - 58d24f50-e03c-4cdf-9f21-18e5bcb6f884@group-30B6BEED2D1E-LeaderElection19: begin an election at term 2 for -1: [b9804938-182f-4054-8044-6072e531a40a:192.168.157.213:38909, 58d24f50-e03c-4cdf-9f21-18e5bcb6f884:192.168.157.213:40280, 7708ce6b-94dd-49f9-8895-392afc2c64db:192.168.157.213:34565], old=null
2019-11-19 00:06:59,916 [93728d59-90a7-4d42-a9e8-51f96f87119b@group-1638BC5485D3-LeaderElection15] INFO  impl.LeaderElection (LeaderElection.java:askForVotes(178)) - 93728d59-90a7-4d42-a9e8-51f96f87119b@group-1638BC5485D3-LeaderElection15: begin an election at term 2 for -1: [93728d59-90a7-4d42-a9e8-51f96f87119b:192.168.157.213:46185, bd387ed7-3819-4da1-a185-88e6b294d0ec:192.168.157.213:43405, 3c68acf1-2e75-484b-8dce-fe6027c40cff:192.168.157.213:43086], old=null
2019-11-19 00:06:59,916 [b9804938-182f-4054-8044-6072e531a40a@group-30B6BEED2D1E-LeaderElection18] INFO  impl.LeaderElection (LeaderElection.java:askForVotes(178)) - b9804938-182f-4054-8044-6072e531a40a@group-30B6BEED2D1E-LeaderElection18: begin an election at term 2 for -1: [b9804938-182f-4054-8044-6072e531a40a:192.168.157.213:38909, 58d24f50-e03c-4cdf-9f21-18e5bcb6f884:192.168.157.213:40280, 7708ce6b-94dd-49f9-8895-392afc2c64db:192.168.157.213:34565], old=null
2019-11-19 00:06:59,916 [bd387ed7-3819-4da1-a185-88e6b294d0ec@group-1638BC5485D3-LeaderElection16] INFO  impl.LeaderElection (LeaderElection.java:askForVotes(178)) - bd387ed7-3819-4da1-a185-88e6b294d0ec@group-1638BC5485D3-LeaderElection16: begin an election at term 2 for -1: [93728d59-90a7-4d42-a9e8-51f96f87119b:192.168.157.213:46185, bd387ed7-3819-4da1-a185-88e6b294d0ec:192.168.157.213:43405, 3c68acf1-2e75-484b-8dce-fe6027c40cff:192.168.157.213:43086], old=null
2019-11-19 00:06:59,923 [3c68acf1-2e75-484b-8dce-fe6027c40cff@group-1638BC5485D3-LeaderElection14] INFO  impl.LeaderElection (LeaderElection.java:logAndReturn(56)) - 3c68acf1-2e75-484b-8dce-fe6027c40cff@group-1638BC5485D3-LeaderElection14: Election REJECTED; received 2 response(s) [3c68acf1-2e75-484b-8dce-fe6027c40cff<-93728d59-90a7-4d42-a9e8-51f96f87119b#0:FAIL-t2, 3c68acf1-2e75-484b-8dce-fe6027c40cff<-bd387ed7-3819-4da1-a185-88e6b294d0ec#0:FAIL-t2] and 0 exception(s); 3c68acf1-2e75-484b-8dce-fe6027c40cff@group-1638BC5485D3:t2, leader=null, voted=3c68acf1-2e75-484b-8dce-fe6027c40cff, raftlog=3c68acf1-2e75-484b-8dce-fe6027c40cff@group-1638BC5485D3-SegmentedRaftLog:OPENED:c-1,f-1,i0, conf=-1: [93728d59-90a7-4d42-a9e8-51f96f87119b:192.168.157.213:46185, bd387ed7-3819-4da1-a185-88e6b294d0ec:192.168.157.213:43405, 3c68acf1-2e75-484b-8dce-fe6027c40cff:192.168.157.213:43086], old=null
2019-11-19 00:06:59,923 [3c68acf1-2e75-484b-8dce-fe6027c40cff@group-1638BC5485D3-LeaderElection14] INFO  impl.RaftServerImpl (RaftServerImpl.java:setRole(173)) - 3c68acf1-2e75-484b-8dce-fe6027c40cff@group-1638BC5485D3: changes role from CANDIDATE to FOLLOWER at term 2 for DISCOVERED_A_NEW_TERM
2019-11-19 00:06:59,925 [3c68acf1-2e75-484b-8dce-fe6027c40cff@group-1638BC5485D3-LeaderElection14] INFO  impl.RoleInfo (RoleInfo.java:shutdownLeaderElection(134)) - 3c68acf1-2e75-484b-8dce-fe6027c40cff: shutdown LeaderElection
2019-11-19 00:06:59,926 [3c68acf1-2e75-484b-8dce-fe6027c40cff@group-1638BC5485D3-LeaderElection14] INFO  impl.RoleInfo (RoleInfo.java:updateAndGet(143)) - 3c68acf1-2e75-484b-8dce-fe6027c40cff: start FollowerState
2019-11-19 00:06:59,957 [7708ce6b-94dd-49f9-8895-392afc2c64db@group-30B6BEED2D1E-LeaderElection17] INFO  impl.LeaderElection (LeaderElection.java:logAndReturn(56)) - 7708ce6b-94dd-49f9-8895-392afc2c64db@group-30B6BEED2D1E-LeaderElection17: Election REJECTED; received 2 response(s) [7708ce6b-94dd-49f9-8895-392afc2c64db<-b9804938-182f-4054-8044-6072e531a40a#0:FAIL-t2, 7708ce6b-94dd-49f9-8895-392afc2c64db<-58d24f50-e03c-4cdf-9f21-18e5bcb6f884#0:FAIL-t2] and 0 exception(s); 7708ce6b-94dd-49f9-8895-392afc2c64db@group-30B6BEED2D1E:t2, leader=null, voted=7708ce6b-94dd-49f9-8895-392afc2c64db, raftlog=7708ce6b-94dd-49f9-8895-392afc2c64db@group-30B6BEED2D1E-SegmentedRaftLog:OPENED:c-1,f-1,i0, conf=-1: [b9804938-182f-4054-8044-6072e531a40a:192.168.157.213:38909, 58d24f50-e03c-4cdf-9f21-18e5bcb6f884:192.168.157.213:40280, 7708ce6b-94dd-49f9-8895-392afc2c64db:192.168.157.213:34565], old=null
2019-11-19 00:06:59,958 [7708ce6b-94dd-49f9-8895-392afc2c64db@group-30B6BEED2D1E-LeaderElection17] INFO  impl.RaftServerImpl (RaftServerImpl.java:setRole(173)) - 7708ce6b-94dd-49f9-8895-392afc2c64db@group-30B6BEED2D1E: changes role from CANDIDATE to FOLLOWER at term 2 for DISCOVERED_A_NEW_TERM
2019-11-19 00:06:59,961 [7708ce6b-94dd-49f9-8895-392afc2c64db@group-30B6BEED2D1E-LeaderElection17] INFO  impl.RoleInfo (RoleInfo.java:shutdownLeaderElection(134)) - 7708ce6b-94dd-49f9-8895-392afc2c64db: shutdown LeaderElection
2019-11-19 00:06:59,961 [7708ce6b-94dd-49f9-8895-392afc2c64db@group-30B6BEED2D1E-LeaderElection17] INFO  impl.RoleInfo (RoleInfo.java:updateAndGet(143)) - 7708ce6b-94dd-49f9-8895-392afc2c64db: start FollowerState
2019-11-19 00:06:59,970 [93728d59-90a7-4d42-a9e8-51f96f87119b@group-1638BC5485D3-LeaderElection15] INFO  impl.LeaderElection (LeaderElection.java:logAndReturn(56)) - 93728d59-90a7-4d42-a9e8-51f96f87119b@group-1638BC5485D3-LeaderElection15: Election REJECTED; received 2 response(s) [93728d59-90a7-4d42-a9e8-51f96f87119b<-bd387ed7-3819-4da1-a185-88e6b294d0ec#0:FAIL-t2, 93728d59-90a7-4d42-a9e8-51f96f87119b<-3c68acf1-2e75-484b-8dce-fe6027c40cff#0:FAIL-t2] and 0 exception(s); 93728d59-90a7-4d42-a9e8-51f96f87119b@group-1638BC5485D3:t2, leader=null, voted=93728d59-90a7-4d42-a9e8-51f96f87119b, raftlog=93728d59-90a7-4d42-a9e8-51f96f87119b@group-1638BC5485D3-SegmentedRaftLog:OPENED:c-1,f-1,i0, conf=-1: [93728d59-90a7-4d42-a9e8-51f96f87119b:192.168.157.213:46185, bd387ed7-3819-4da1-a185-88e6b294d0ec:192.168.157.213:43405, 3c68acf1-2e75-484b-8dce-fe6027c40cff:192.168.157.213:43086], old=null
2019-11-19 00:06:59,971 [bd387ed7-3819-4da1-a185-88e6b294d0ec@group-1638BC5485D3-LeaderElection16] INFO  impl.LeaderElection (LeaderElection.java:logAndReturn(56)) - bd387ed7-3819-4da1-a185-88e6b294d0ec@group-1638BC5485D3-LeaderElection16: Election REJECTED; received 2 response(s) [bd387ed7-3819-4da1-a185-88e6b294d0ec<-93728d59-90a7-4d42-a9e8-51f96f87119b#0:FAIL-t2, bd387ed7-3819-4da1-a185-88e6b294d0ec<-3c68acf1-2e75-484b-8dce-fe6027c40cff#0:FAIL-t2] and 0 exception(s); bd387ed7-3819-4da1-a185-88e6b294d0ec@group-1638BC5485D3:t2, leader=null, voted=bd387ed7-3819-4da1-a185-88e6b294d0ec, raftlog=bd387ed7-3819-4da1-a185-88e6b294d0ec@group-1638BC5485D3-SegmentedRaftLog:OPENED:c-1,f-1,i0, conf=-1: [93728d59-90a7-4d42-a9e8-51f96f87119b:192.168.157.213:46185, bd387ed7-3819-4da1-a185-88e6b294d0ec:192.168.157.213:43405, 3c68acf1-2e75-484b-8dce-fe6027c40cff:192.168.157.213:43086], old=null
2019-11-19 00:06:59,971 [93728d59-90a7-4d42-a9e8-51f96f87119b@group-1638BC5485D3-LeaderElection15] INFO  impl.RaftServerImpl (RaftServerImpl.java:setRole(173)) - 93728d59-90a7-4d42-a9e8-51f96f87119b@group-1638BC5485D3: changes role from CANDIDATE to FOLLOWER at term 2 for DISCOVERED_A_NEW_TERM
2019-11-19 00:06:59,974 [bd387ed7-3819-4da1-a185-88e6b294d0ec@group-1638BC5485D3-LeaderElection16] INFO  impl.RaftServerImpl (RaftServerImpl.java:setRole(173)) - bd387ed7-3819-4da1-a185-88e6b294d0ec@group-1638BC5485D3: changes role from CANDIDATE to FOLLOWER at term 2 for DISCOVERED_A_NEW_TERM
2019-11-19 00:06:59,974 [93728d59-90a7-4d42-a9e8-51f96f87119b@group-1638BC5485D3-LeaderElection15] INFO  impl.RoleInfo (RoleInfo.java:shutdownLeaderElection(134)) - 93728d59-90a7-4d42-a9e8-51f96f87119b: shutdown LeaderElection
2019-11-19 00:06:59,976 [bd387ed7-3819-4da1-a185-88e6b294d0ec@group-1638BC5485D3-LeaderElection16] INFO  impl.RoleInfo (RoleInfo.java:shutdownLeaderElection(134)) - bd387ed7-3819-4da1-a185-88e6b294d0ec: shutdown LeaderElection
2019-11-19 00:06:59,980 [93728d59-90a7-4d42-a9e8-51f96f87119b@group-1638BC5485D3-LeaderElection15] INFO  impl.RoleInfo (RoleInfo.java:updateAndGet(143)) - 93728d59-90a7-4d42-a9e8-51f96f87119b: start FollowerState
2019-11-19 00:06:59,981 [bd387ed7-3819-4da1-a185-88e6b294d0ec@group-1638BC5485D3-LeaderElection16] INFO  impl.RoleInfo (RoleInfo.java:updateAndGet(143)) - bd387ed7-3819-4da1-a185-88e6b294d0ec: start FollowerState
2019-11-19 00:06:59,983 [b9804938-182f-4054-8044-6072e531a40a@group-30B6BEED2D1E-LeaderElection18] INFO  impl.LeaderElection (LeaderElection.java:logAndReturn(56)) - b9804938-182f-4054-8044-6072e531a40a@group-30B6BEED2D1E-LeaderElection18: Election REJECTED; received 2 response(s) [b9804938-182f-4054-8044-6072e531a40a<-58d24f50-e03c-4cdf-9f21-18e5bcb6f884#0:FAIL-t2, b9804938-182f-4054-8044-6072e531a40a<-7708ce6b-94dd-49f9-8895-392afc2c64db#0:FAIL-t2] and 0 exception(s); b9804938-182f-4054-8044-6072e531a40a@group-30B6BEED2D1E:t2, leader=null, voted=b9804938-182f-4054-8044-6072e531a40a, raftlog=b9804938-182f-4054-8044-6072e531a40a@group-30B6BEED2D1E-SegmentedRaftLog:OPENED:c-1,f-1,i0, conf=-1: [b9804938-182f-4054-8044-6072e531a40a:192.168.157.213:38909, 58d24f50-e03c-4cdf-9f21-18e5bcb6f884:192.168.157.213:40280, 7708ce6b-94dd-49f9-8895-392afc2c64db:192.168.157.213:34565], old=null
2019-11-19 00:06:59,983 [b9804938-182f-4054-8044-6072e531a40a@group-30B6BEED2D1E-LeaderElection18] INFO  impl.RaftServerImpl (RaftServerImpl.java:setRole(173)) - b9804938-182f-4054-8044-6072e531a40a@group-30B6BEED2D1E: changes role from CANDIDATE to FOLLOWER at term 2 for DISCOVERED_A_NEW_TERM
2019-11-19 00:06:59,985 [b9804938-182f-4054-8044-6072e531a40a@group-30B6BEED2D1E-LeaderElection18] INFO  impl.RoleInfo (RoleInfo.java:shutdownLeaderElection(134)) - b9804938-182f-4054-8044-6072e531a40a: shutdown LeaderElection
2019-11-19 00:06:59,985 [b9804938-182f-4054-8044-6072e531a40a@group-30B6BEED2D1E-LeaderElection18] INFO  impl.RoleInfo (RoleInfo.java:updateAndGet(143)) - b9804938-182f-4054-8044-6072e531a40a: start FollowerState
2019-11-19 00:06:59,989 [58d24f50-e03c-4cdf-9f21-18e5bcb6f884@group-30B6BEED2D1E-LeaderElection19] INFO  impl.LeaderElection (LeaderElection.java:logAndReturn(56)) - 58d24f50-e03c-4cdf-9f21-18e5bcb6f884@group-30B6BEED2D1E-LeaderElection19: Election REJECTED; received 2 response(s) [58d24f50-e03c-4cdf-9f21-18e5bcb6f884<-b9804938-182f-4054-8044-6072e531a40a#0:FAIL-t2, 58d24f50-e03c-4cdf-9f21-18e5bcb6f884<-7708ce6b-94dd-49f9-8895-392afc2c64db#0:FAIL-t2] and 0 exception(s); 58d24f50-e03c-4cdf-9f21-18e5bcb6f884@group-30B6BEED2D1E:t2, leader=null, voted=58d24f50-e03c-4cdf-9f21-18e5bcb6f884, raftlog=58d24f50-e03c-4cdf-9f21-18e5bcb6f884@group-30B6BEED2D1E-SegmentedRaftLog:OPENED:c-1,f-1,i0, conf=-1: [b9804938-182f-4054-8044-6072e531a40a:192.168.157.213:38909, 58d24f50-e03c-4cdf-9f21-18e5bcb6f884:192.168.157.213:40280, 7708ce6b-94dd-49f9-8895-392afc2c64db:192.168.157.213:34565], old=null
2019-11-19 00:06:59,990 [58d24f50-e03c-4cdf-9f21-18e5bcb6f884@group-30B6BEED2D1E-LeaderElection19] INFO  impl.RaftServerImpl (RaftServerImpl.java:setRole(173)) - 58d24f50-e03c-4cdf-9f21-18e5bcb6f884@group-30B6BEED2D1E: changes role from CANDIDATE to FOLLOWER at term 2 for DISCOVERED_A_NEW_TERM
2019-11-19 00:06:59,991 [58d24f50-e03c-4cdf-9f21-18e5bcb6f884@group-30B6BEED2D1E-LeaderElection19] INFO  impl.RoleInfo (RoleInfo.java:shutdownLeaderElection(134)) - 58d24f50-e03c-4cdf-9f21-18e5bcb6f884: shutdown LeaderElection
2019-11-19 00:06:59,992 [58d24f50-e03c-4cdf-9f21-18e5bcb6f884@group-30B6BEED2D1E-LeaderElection19] INFO  impl.RoleInfo (RoleInfo.java:updateAndGet(143)) - 58d24f50-e03c-4cdf-9f21-18e5bcb6f884: start FollowerState
2019-11-19 00:07:00,044 [main] INFO  ozone.MiniOzoneClusterImpl (MiniOzoneClusterImpl.java:lambda$waitForClusterToBeReady$0(150)) - Nodes are ready. Got 7 of 7 DN Heartbeats.
2019-11-19 00:07:00,046 [main] INFO  ozone.MiniOzoneClusterImpl (MiniOzoneClusterImpl.java:lambda$waitForClusterToBeReady$0(153)) - Waiting for cluster to exit safe mode
2019-11-19 00:07:01,046 [main] INFO  ozone.MiniOzoneClusterImpl (MiniOzoneClusterImpl.java:lambda$waitForClusterToBeReady$0(150)) - Nodes are ready. Got 7 of 7 DN Heartbeats.
2019-11-19 00:07:01,046 [main] INFO  ozone.MiniOzoneClusterImpl (MiniOzoneClusterImpl.java:lambda$waitForClusterToBeReady$0(153)) - Waiting for cluster to exit safe mode
2019-11-19 00:07:02,047 [main] INFO  ozone.MiniOzoneClusterImpl (MiniOzoneClusterImpl.java:lambda$waitForClusterToBeReady$0(150)) - Nodes are ready. Got 7 of 7 DN Heartbeats.
2019-11-19 00:07:02,047 [main] INFO  ozone.MiniOzoneClusterImpl (MiniOzoneClusterImpl.java:lambda$waitForClusterToBeReady$0(153)) - Waiting for cluster to exit safe mode
2019-11-19 00:07:03,047 [main] INFO  ozone.MiniOzoneClusterImpl (MiniOzoneClusterImpl.java:lambda$waitForClusterToBeReady$0(150)) - Nodes are ready. Got 7 of 7 DN Heartbeats.
2019-11-19 00:07:03,047 [main] INFO  ozone.MiniOzoneClusterImpl (MiniOzoneClusterImpl.java:lambda$waitForClusterToBeReady$0(153)) - Waiting for cluster to exit safe mode
2019-11-19 00:07:04,048 [main] INFO  ozone.MiniOzoneClusterImpl (MiniOzoneClusterImpl.java:lambda$waitForClusterToBeReady$0(150)) - Nodes are ready. Got 7 of 7 DN Heartbeats.
2019-11-19 00:07:04,048 [main] INFO  ozone.MiniOzoneClusterImpl (MiniOzoneClusterImpl.java:lambda$waitForClusterToBeReady$0(153)) - Waiting for cluster to exit safe mode
2019-11-19 00:07:05,021 [Thread-323] INFO  impl.FollowerState (FollowerState.java:run(111)) - 7708ce6b-94dd-49f9-8895-392afc2c64db@group-30B6BEED2D1E-FollowerState: change to CANDIDATE, lastRpcTime:5059ms, electionTimeout:5058ms
2019-11-19 00:07:05,021 [Thread-323] INFO  impl.RoleInfo (RoleInfo.java:shutdownFollowerState(121)) - 7708ce6b-94dd-49f9-8895-392afc2c64db: shutdown FollowerState
2019-11-19 00:07:05,021 [Thread-323] INFO  impl.RaftServerImpl (RaftServerImpl.java:setRole(173)) - 7708ce6b-94dd-49f9-8895-392afc2c64db@group-30B6BEED2D1E: changes role from  FOLLOWER to CANDIDATE at term 2 for changeToCandidate
2019-11-19 00:07:05,021 [Thread-323] INFO  impl.RoleInfo (RoleInfo.java:updateAndGet(143)) - 7708ce6b-94dd-49f9-8895-392afc2c64db: start LeaderElection
2019-11-19 00:07:05,048 [main] INFO  ozone.MiniOzoneClusterImpl (MiniOzoneClusterImpl.java:lambda$waitForClusterToBeReady$0(150)) - Nodes are ready. Got 7 of 7 DN Heartbeats.
2019-11-19 00:07:05,049 [main] INFO  ozone.MiniOzoneClusterImpl (MiniOzoneClusterImpl.java:lambda$waitForClusterToBeReady$0(153)) - Waiting for cluster to exit safe mode
2019-11-19 00:07:05,058 [7708ce6b-94dd-49f9-8895-392afc2c64db@group-30B6BEED2D1E-LeaderElection20] INFO  impl.LeaderElection (LeaderElection.java:askForVotes(178)) - 7708ce6b-94dd-49f9-8895-392afc2c64db@group-30B6BEED2D1E-LeaderElection20: begin an election at term 3 for -1: [b9804938-182f-4054-8044-6072e531a40a:192.168.157.213:38909, 58d24f50-e03c-4cdf-9f21-18e5bcb6f884:192.168.157.213:40280, 7708ce6b-94dd-49f9-8895-392afc2c64db:192.168.157.213:34565], old=null
2019-11-19 00:07:05,062 [Thread-326] INFO  impl.FollowerState (FollowerState.java:run(111)) - b9804938-182f-4054-8044-6072e531a40a@group-30B6BEED2D1E-FollowerState: change to CANDIDATE, lastRpcTime:5077ms, electionTimeout:5076ms
2019-11-19 00:07:05,062 [Thread-326] INFO  impl.RoleInfo (RoleInfo.java:shutdownFollowerState(121)) - b9804938-182f-4054-8044-6072e531a40a: shutdown FollowerState
2019-11-19 00:07:05,062 [Thread-326] INFO  impl.RaftServerImpl (RaftServerImpl.java:setRole(173)) - b9804938-182f-4054-8044-6072e531a40a@group-30B6BEED2D1E: changes role from  FOLLOWER to CANDIDATE at term 2 for changeToCandidate
2019-11-19 00:07:05,062 [Thread-326] INFO  impl.RoleInfo (RoleInfo.java:updateAndGet(143)) - b9804938-182f-4054-8044-6072e531a40a: start LeaderElection
2019-11-19 00:07:05,064 [Thread-327] INFO  impl.FollowerState (FollowerState.java:run(111)) - 58d24f50-e03c-4cdf-9f21-18e5bcb6f884@group-30B6BEED2D1E-FollowerState: change to CANDIDATE, lastRpcTime:5072ms, electionTimeout:5070ms
2019-11-19 00:07:05,064 [Thread-327] INFO  impl.RoleInfo (RoleInfo.java:shutdownFollowerState(121)) - 58d24f50-e03c-4cdf-9f21-18e5bcb6f884: shutdown FollowerState
2019-11-19 00:07:05,065 [Thread-327] INFO  impl.RaftServerImpl (RaftServerImpl.java:setRole(173)) - 58d24f50-e03c-4cdf-9f21-18e5bcb6f884@group-30B6BEED2D1E: changes role from  FOLLOWER to CANDIDATE at term 2 for changeToCandidate
2019-11-19 00:07:05,065 [Thread-327] INFO  impl.RoleInfo (RoleInfo.java:updateAndGet(143)) - 58d24f50-e03c-4cdf-9f21-18e5bcb6f884: start LeaderElection
2019-11-19 00:07:05,065 [grpc-default-executor-7] INFO  impl.RaftServerImpl (RaftServerImpl.java:setRole(173)) - 58d24f50-e03c-4cdf-9f21-18e5bcb6f884@group-30B6BEED2D1E: changes role from CANDIDATE to FOLLOWER at term 3 for recognizeCandidate:7708ce6b-94dd-49f9-8895-392afc2c64db
2019-11-19 00:07:05,065 [grpc-default-executor-7] INFO  impl.RoleInfo (RoleInfo.java:shutdownLeaderElection(134)) - 58d24f50-e03c-4cdf-9f21-18e5bcb6f884: shutdown LeaderElection
2019-11-19 00:07:05,066 [grpc-default-executor-7] INFO  impl.RoleInfo (RoleInfo.java:updateAndGet(143)) - 58d24f50-e03c-4cdf-9f21-18e5bcb6f884: start FollowerState
2019-11-19 00:07:05,092 [b9804938-182f-4054-8044-6072e531a40a@group-30B6BEED2D1E-LeaderElection21] INFO  impl.LeaderElection (LeaderElection.java:askForVotes(178)) - b9804938-182f-4054-8044-6072e531a40a@group-30B6BEED2D1E-LeaderElection21: begin an election at term 3 for -1: [b9804938-182f-4054-8044-6072e531a40a:192.168.157.213:38909, 58d24f50-e03c-4cdf-9f21-18e5bcb6f884:192.168.157.213:40280, 7708ce6b-94dd-49f9-8895-392afc2c64db:192.168.157.213:34565], old=null
2019-11-19 00:07:05,095 [7708ce6b-94dd-49f9-8895-392afc2c64db@group-30B6BEED2D1E-LeaderElection20] INFO  impl.LeaderElection (LeaderElection.java:logAndReturn(56)) - 7708ce6b-94dd-49f9-8895-392afc2c64db@group-30B6BEED2D1E-LeaderElection20: Election REJECTED; received 2 response(s) [7708ce6b-94dd-49f9-8895-392afc2c64db<-b9804938-182f-4054-8044-6072e531a40a#0:FAIL-t3, 7708ce6b-94dd-49f9-8895-392afc2c64db<-58d24f50-e03c-4cdf-9f21-18e5bcb6f884#0:FAIL-t3] and 0 exception(s); 7708ce6b-94dd-49f9-8895-392afc2c64db@group-30B6BEED2D1E:t3, leader=null, voted=7708ce6b-94dd-49f9-8895-392afc2c64db, raftlog=7708ce6b-94dd-49f9-8895-392afc2c64db@group-30B6BEED2D1E-SegmentedRaftLog:OPENED:c-1,f-1,i0, conf=-1: [b9804938-182f-4054-8044-6072e531a40a:192.168.157.213:38909, 58d24f50-e03c-4cdf-9f21-18e5bcb6f884:192.168.157.213:40280, 7708ce6b-94dd-49f9-8895-392afc2c64db:192.168.157.213:34565], old=null
2019-11-19 00:07:05,095 [7708ce6b-94dd-49f9-8895-392afc2c64db@group-30B6BEED2D1E-LeaderElection20] INFO  impl.RaftServerImpl (RaftServerImpl.java:setRole(173)) - 7708ce6b-94dd-49f9-8895-392afc2c64db@group-30B6BEED2D1E: changes role from CANDIDATE to FOLLOWER at term 3 for DISCOVERED_A_NEW_TERM
2019-11-19 00:07:05,101 [7708ce6b-94dd-49f9-8895-392afc2c64db@group-30B6BEED2D1E-LeaderElection20] INFO  impl.RoleInfo (RoleInfo.java:shutdownLeaderElection(134)) - 7708ce6b-94dd-49f9-8895-392afc2c64db: shutdown LeaderElection
2019-11-19 00:07:05,101 [7708ce6b-94dd-49f9-8895-392afc2c64db@group-30B6BEED2D1E-LeaderElection20] INFO  impl.RoleInfo (RoleInfo.java:updateAndGet(143)) - 7708ce6b-94dd-49f9-8895-392afc2c64db: start FollowerState
2019-11-19 00:07:05,101 [Thread-322] INFO  impl.FollowerState (FollowerState.java:run(111)) - 3c68acf1-2e75-484b-8dce-fe6027c40cff@group-1638BC5485D3-FollowerState: change to CANDIDATE, lastRpcTime:5174ms, electionTimeout:5173ms
2019-11-19 00:07:05,103 [Thread-322] INFO  impl.RoleInfo (RoleInfo.java:shutdownFollowerState(121)) - 3c68acf1-2e75-484b-8dce-fe6027c40cff: shutdown FollowerState
2019-11-19 00:07:05,103 [Thread-322] INFO  impl.RaftServerImpl (RaftServerImpl.java:setRole(173)) - 3c68acf1-2e75-484b-8dce-fe6027c40cff@group-1638BC5485D3: changes role from  FOLLOWER to CANDIDATE at term 2 for changeToCandidate
2019-11-19 00:07:05,103 [Thread-322] INFO  impl.RoleInfo (RoleInfo.java:updateAndGet(143)) - 3c68acf1-2e75-484b-8dce-fe6027c40cff: start LeaderElection
2019-11-19 00:07:05,118 [58d24f50-e03c-4cdf-9f21-18e5bcb6f884@group-30B6BEED2D1E-LeaderElection22] INFO  impl.LeaderElection (LeaderElection.java:askForVotes(178)) - 58d24f50-e03c-4cdf-9f21-18e5bcb6f884@group-30B6BEED2D1E-LeaderElection22: begin an election at term 4 for -1: [b9804938-182f-4054-8044-6072e531a40a:192.168.157.213:38909, 58d24f50-e03c-4cdf-9f21-18e5bcb6f884:192.168.157.213:40280, 7708ce6b-94dd-49f9-8895-392afc2c64db:192.168.157.213:34565], old=null
2019-11-19 00:07:05,119 [58d24f50-e03c-4cdf-9f21-18e5bcb6f884@group-30B6BEED2D1E-LeaderElection22] INFO  impl.LeaderElection (LeaderElection.java:logAndReturn(56)) - 58d24f50-e03c-4cdf-9f21-18e5bcb6f884@group-30B6BEED2D1E-LeaderElection22: Election REJECTED; received 0 response(s) [] and 0 exception(s); 58d24f50-e03c-4cdf-9f21-18e5bcb6f884@group-30B6BEED2D1E:t4, leader=null, voted=58d24f50-e03c-4cdf-9f21-18e5bcb6f884, raftlog=58d24f50-e03c-4cdf-9f21-18e5bcb6f884@group-30B6BEED2D1E-SegmentedRaftLog:OPENED:c-1,f-1,i0, conf=-1: [b9804938-182f-4054-8044-6072e531a40a:192.168.157.213:38909, 58d24f50-e03c-4cdf-9f21-18e5bcb6f884:192.168.157.213:40280, 7708ce6b-94dd-49f9-8895-392afc2c64db:192.168.157.213:34565], old=null
2019-11-19 00:07:05,120 [b9804938-182f-4054-8044-6072e531a40a@group-30B6BEED2D1E-LeaderElection21] INFO  impl.LeaderElection (LeaderElection.java:logAndReturn(56)) - b9804938-182f-4054-8044-6072e531a40a@group-30B6BEED2D1E-LeaderElection21: Election DISCOVERED_A_NEW_TERM; received 2 response(s) [b9804938-182f-4054-8044-6072e531a40a<-58d24f50-e03c-4cdf-9f21-18e5bcb6f884#0:FAIL-t4, b9804938-182f-4054-8044-6072e531a40a<-7708ce6b-94dd-49f9-8895-392afc2c64db#0:FAIL-t3] and 0 exception(s); b9804938-182f-4054-8044-6072e531a40a@group-30B6BEED2D1E:t3, leader=null, voted=b9804938-182f-4054-8044-6072e531a40a, raftlog=b9804938-182f-4054-8044-6072e531a40a@group-30B6BEED2D1E-SegmentedRaftLog:OPENED:c-1,f-1,i0, conf=-1: [b9804938-182f-4054-8044-6072e531a40a:192.168.157.213:38909, 58d24f50-e03c-4cdf-9f21-18e5bcb6f884:192.168.157.213:40280, 7708ce6b-94dd-49f9-8895-392afc2c64db:192.168.157.213:34565], old=null
2019-11-19 00:07:05,120 [b9804938-182f-4054-8044-6072e531a40a@group-30B6BEED2D1E-LeaderElection21] INFO  impl.RaftServerImpl (RaftServerImpl.java:setRole(173)) - b9804938-182f-4054-8044-6072e531a40a@group-30B6BEED2D1E: changes role from CANDIDATE to FOLLOWER at term 4 for DISCOVERED_A_NEW_TERM
2019-11-19 00:07:05,120 [b9804938-182f-4054-8044-6072e531a40a@group-30B6BEED2D1E-LeaderElection21] INFO  impl.RoleInfo (RoleInfo.java:shutdownLeaderElection(134)) - b9804938-182f-4054-8044-6072e531a40a: shutdown LeaderElection
2019-11-19 00:07:05,121 [b9804938-182f-4054-8044-6072e531a40a@group-30B6BEED2D1E-LeaderElection21] INFO  impl.RoleInfo (RoleInfo.java:updateAndGet(143)) - b9804938-182f-4054-8044-6072e531a40a: start FollowerState
2019-11-19 00:07:05,125 [Thread-324] INFO  impl.FollowerState (FollowerState.java:run(111)) - 93728d59-90a7-4d42-a9e8-51f96f87119b@group-1638BC5485D3-FollowerState: change to CANDIDATE, lastRpcTime:5149ms, electionTimeout:5142ms
2019-11-19 00:07:05,127 [Thread-324] INFO  impl.RoleInfo (RoleInfo.java:shutdownFollowerState(121)) - 93728d59-90a7-4d42-a9e8-51f96f87119b: shutdown FollowerState
2019-11-19 00:07:05,127 [Thread-324] INFO  impl.RaftServerImpl (RaftServerImpl.java:setRole(173)) - 93728d59-90a7-4d42-a9e8-51f96f87119b@group-1638BC5485D3: changes role from  FOLLOWER to CANDIDATE at term 2 for changeToCandidate
2019-11-19 00:07:05,127 [Thread-324] INFO  impl.RoleInfo (RoleInfo.java:updateAndGet(143)) - 93728d59-90a7-4d42-a9e8-51f96f87119b: start LeaderElection
2019-11-19 00:07:05,127 [grpc-default-executor-7] INFO  impl.RaftServerImpl (RaftServerImpl.java:setRole(173)) - 7708ce6b-94dd-49f9-8895-392afc2c64db@group-30B6BEED2D1E: changes role from  FOLLOWER to FOLLOWER at term 4 for recognizeCandidate:58d24f50-e03c-4cdf-9f21-18e5bcb6f884
2019-11-19 00:07:05,127 [grpc-default-executor-7] INFO  impl.RoleInfo (RoleInfo.java:shutdownFollowerState(121)) - 7708ce6b-94dd-49f9-8895-392afc2c64db: shutdown FollowerState
2019-11-19 00:07:05,127 [grpc-default-executor-7] INFO  impl.RoleInfo (RoleInfo.java:updateAndGet(143)) - 7708ce6b-94dd-49f9-8895-392afc2c64db: start FollowerState
2019-11-19 00:07:05,127 [Thread-336] INFO  impl.FollowerState (FollowerState.java:run(120)) - 7708ce6b-94dd-49f9-8895-392afc2c64db@group-30B6BEED2D1E-FollowerState was interrupted: java.lang.InterruptedException: sleep interrupted
2019-11-19 00:07:05,135 [3c68acf1-2e75-484b-8dce-fe6027c40cff@group-1638BC5485D3-LeaderElection23] INFO  impl.LeaderElection (LeaderElection.java:askForVotes(178)) - 3c68acf1-2e75-484b-8dce-fe6027c40cff@group-1638BC5485D3-LeaderElection23: begin an election at term 3 for -1: [93728d59-90a7-4d42-a9e8-51f96f87119b:192.168.157.213:46185, bd387ed7-3819-4da1-a185-88e6b294d0ec:192.168.157.213:43405, 3c68acf1-2e75-484b-8dce-fe6027c40cff:192.168.157.213:43086], old=null
2019-11-19 00:07:05,141 [grpc-default-executor-0] INFO  impl.RaftServerImpl (RaftServerImpl.java:setRole(173)) - bd387ed7-3819-4da1-a185-88e6b294d0ec@group-1638BC5485D3: changes role from  FOLLOWER to FOLLOWER at term 3 for recognizeCandidate:3c68acf1-2e75-484b-8dce-fe6027c40cff
2019-11-19 00:07:05,141 [grpc-default-executor-0] INFO  impl.RoleInfo (RoleInfo.java:shutdownFollowerState(121)) - bd387ed7-3819-4da1-a185-88e6b294d0ec: shutdown FollowerState
2019-11-19 00:07:05,141 [grpc-default-executor-0] INFO  impl.RoleInfo (RoleInfo.java:updateAndGet(143)) - bd387ed7-3819-4da1-a185-88e6b294d0ec: start FollowerState
2019-11-19 00:07:05,141 [Thread-325] INFO  impl.FollowerState (FollowerState.java:run(120)) - bd387ed7-3819-4da1-a185-88e6b294d0ec@group-1638BC5485D3-FollowerState was interrupted: java.lang.InterruptedException: sleep interrupted
2019-11-19 00:07:05,152 [93728d59-90a7-4d42-a9e8-51f96f87119b@group-1638BC5485D3-LeaderElection24] INFO  impl.LeaderElection (LeaderElection.java:askForVotes(178)) - 93728d59-90a7-4d42-a9e8-51f96f87119b@group-1638BC5485D3-LeaderElection24: begin an election at term 3 for -1: [93728d59-90a7-4d42-a9e8-51f96f87119b:192.168.157.213:46185, bd387ed7-3819-4da1-a185-88e6b294d0ec:192.168.157.213:43405, 3c68acf1-2e75-484b-8dce-fe6027c40cff:192.168.157.213:43086], old=null
2019-11-19 00:07:05,152 [grpc-default-executor-6] INFO  impl.RaftServerImpl (RaftServerImpl.java:setRole(173)) - b9804938-182f-4054-8044-6072e531a40a@group-30B6BEED2D1E: changes role from  FOLLOWER to FOLLOWER at term 4 for recognizeCandidate:58d24f50-e03c-4cdf-9f21-18e5bcb6f884
2019-11-19 00:07:05,153 [grpc-default-executor-6] INFO  impl.RoleInfo (RoleInfo.java:shutdownFollowerState(121)) - b9804938-182f-4054-8044-6072e531a40a: shutdown FollowerState
2019-11-19 00:07:05,153 [grpc-default-executor-6] INFO  impl.RoleInfo (RoleInfo.java:updateAndGet(143)) - b9804938-182f-4054-8044-6072e531a40a: start FollowerState
2019-11-19 00:07:05,153 [Thread-340] INFO  impl.FollowerState (FollowerState.java:run(120)) - b9804938-182f-4054-8044-6072e531a40a@group-30B6BEED2D1E-FollowerState was interrupted: java.lang.InterruptedException: sleep interrupted
2019-11-19 00:07:05,171 [93728d59-90a7-4d42-a9e8-51f96f87119b@group-1638BC5485D3-LeaderElection24] INFO  impl.LeaderElection (LeaderElection.java:logAndReturn(56)) - 93728d59-90a7-4d42-a9e8-51f96f87119b@group-1638BC5485D3-LeaderElection24: Election REJECTED; received 2 response(s) [93728d59-90a7-4d42-a9e8-51f96f87119b<-bd387ed7-3819-4da1-a185-88e6b294d0ec#0:FAIL-t3, 93728d59-90a7-4d42-a9e8-51f96f87119b<-3c68acf1-2e75-484b-8dce-fe6027c40cff#0:FAIL-t3] and 0 exception(s); 93728d59-90a7-4d42-a9e8-51f96f87119b@group-1638BC5485D3:t3, leader=null, voted=93728d59-90a7-4d42-a9e8-51f96f87119b, raftlog=93728d59-90a7-4d42-a9e8-51f96f87119b@group-1638BC5485D3-SegmentedRaftLog:OPENED:c-1,f-1,i0, conf=-1: [93728d59-90a7-4d42-a9e8-51f96f87119b:192.168.157.213:46185, bd387ed7-3819-4da1-a185-88e6b294d0ec:192.168.157.213:43405, 3c68acf1-2e75-484b-8dce-fe6027c40cff:192.168.157.213:43086], old=null
2019-11-19 00:07:05,171 [3c68acf1-2e75-484b-8dce-fe6027c40cff@group-1638BC5485D3-LeaderElection23] INFO  impl.LeaderElection (LeaderElection.java:logAndReturn(56)) - 3c68acf1-2e75-484b-8dce-fe6027c40cff@group-1638BC5485D3-LeaderElection23: Election PASSED; received 2 response(s) [3c68acf1-2e75-484b-8dce-fe6027c40cff<-93728d59-90a7-4d42-a9e8-51f96f87119b#0:FAIL-t3, 3c68acf1-2e75-484b-8dce-fe6027c40cff<-bd387ed7-3819-4da1-a185-88e6b294d0ec#0:OK-t3] and 0 exception(s); 3c68acf1-2e75-484b-8dce-fe6027c40cff@group-1638BC5485D3:t3, leader=null, voted=3c68acf1-2e75-484b-8dce-fe6027c40cff, raftlog=3c68acf1-2e75-484b-8dce-fe6027c40cff@group-1638BC5485D3-SegmentedRaftLog:OPENED:c-1,f-1,i0, conf=-1: [93728d59-90a7-4d42-a9e8-51f96f87119b:192.168.157.213:46185, bd387ed7-3819-4da1-a185-88e6b294d0ec:192.168.157.213:43405, 3c68acf1-2e75-484b-8dce-fe6027c40cff:192.168.157.213:43086], old=null
2019-11-19 00:07:05,171 [93728d59-90a7-4d42-a9e8-51f96f87119b@group-1638BC5485D3-LeaderElection24] INFO  impl.RaftServerImpl (RaftServerImpl.java:setRole(173)) - 93728d59-90a7-4d42-a9e8-51f96f87119b@group-1638BC5485D3: changes role from CANDIDATE to FOLLOWER at term 3 for DISCOVERED_A_NEW_TERM
2019-11-19 00:07:05,172 [3c68acf1-2e75-484b-8dce-fe6027c40cff@group-1638BC5485D3-LeaderElection23] INFO  impl.RoleInfo (RoleInfo.java:shutdownLeaderElection(134)) - 3c68acf1-2e75-484b-8dce-fe6027c40cff: shutdown LeaderElection
2019-11-19 00:07:05,173 [93728d59-90a7-4d42-a9e8-51f96f87119b@group-1638BC5485D3-LeaderElection24] INFO  impl.RoleInfo (RoleInfo.java:shutdownLeaderElection(134)) - 93728d59-90a7-4d42-a9e8-51f96f87119b: shutdown LeaderElection
2019-11-19 00:07:05,174 [3c68acf1-2e75-484b-8dce-fe6027c40cff@group-1638BC5485D3-LeaderElection23] INFO  impl.RaftServerImpl (RaftServerImpl.java:setRole(173)) - 3c68acf1-2e75-484b-8dce-fe6027c40cff@group-1638BC5485D3: changes role from CANDIDATE to LEADER at term 3 for changeToLeader
2019-11-19 00:07:05,174 [3c68acf1-2e75-484b-8dce-fe6027c40cff@group-1638BC5485D3-LeaderElection23] INFO  ratis.XceiverServerRatis (XceiverServerRatis.java:handleLeaderChangedNotification(733)) - Leader change notification received for group: group-1638BC5485D3 with new leaderId: 3c68acf1-2e75-484b-8dce-fe6027c40cff
2019-11-19 00:07:05,174 [93728d59-90a7-4d42-a9e8-51f96f87119b@group-1638BC5485D3-LeaderElection24] INFO  impl.RoleInfo (RoleInfo.java:updateAndGet(143)) - 93728d59-90a7-4d42-a9e8-51f96f87119b: start FollowerState
2019-11-19 00:07:05,174 [3c68acf1-2e75-484b-8dce-fe6027c40cff@group-1638BC5485D3-LeaderElection23] INFO  impl.RaftServerImpl (ServerState.java:setLeader(255)) - 3c68acf1-2e75-484b-8dce-fe6027c40cff@group-1638BC5485D3: change Leader from null to 3c68acf1-2e75-484b-8dce-fe6027c40cff at term 3 for becomeLeader, leader elected after 16164ms
2019-11-19 00:07:05,175 [3c68acf1-2e75-484b-8dce-fe6027c40cff@group-1638BC5485D3-LeaderElection23] INFO  server.RaftServerConfigKeys (ConfUtils.java:logGet(43)) - raft.server.staging.catchup.gap = 1000 (default)
2019-11-19 00:07:05,175 [3c68acf1-2e75-484b-8dce-fe6027c40cff@group-1638BC5485D3-LeaderElection23] INFO  server.RaftServerConfigKeys (ConfUtils.java:logGet(43)) - raft.server.rpc.sleep.time = 25ms (default)
2019-11-19 00:07:05,175 [3c68acf1-2e75-484b-8dce-fe6027c40cff@group-1638BC5485D3-LeaderElection23] INFO  server.RaftServerConfigKeys (ConfUtils.java:logGet(43)) - raft.server.write.element-limit = 4096 (default)
2019-11-19 00:07:05,175 [3c68acf1-2e75-484b-8dce-fe6027c40cff@group-1638BC5485D3-LeaderElection23] INFO  server.RaftServerConfigKeys (ConfUtils.java:logGet(43)) - raft.server.watch.timeout = 10s (default)
2019-11-19 00:07:05,175 [3c68acf1-2e75-484b-8dce-fe6027c40cff@group-1638BC5485D3-LeaderElection23] INFO  server.RaftServerConfigKeys (ConfUtils.java:logGet(43)) - raft.server.watch.timeout.denomination = 1s (default)
2019-11-19 00:07:05,175 [3c68acf1-2e75-484b-8dce-fe6027c40cff@group-1638BC5485D3-LeaderElection23] INFO  server.RaftServerConfigKeys (ConfUtils.java:logGet(43)) - raft.server.watch.element-limit = 65536 (default)
2019-11-19 00:07:05,176 [EventQueue-PipelineReportForPipelineReportHandler] INFO  pipeline.PipelineReportHandler (PipelineReportHandler.java:processPipelineReport(113)) - Pipeline THREE PipelineID=a788d7ce-7ad6-43a2-a21c-1638bc5485d3 reported by 3c68acf1-2e75-484b-8dce-fe6027c40cff{ip: 192.168.157.213, host: pr-hdds-2241-master-j9rj8-2432081592, networkLocation: /default-rack, certSerialId: null}
2019-11-19 00:07:05,176 [EventQueue-PipelineReportForPipelineReportHandler] INFO  pipeline.PipelineStateManager (PipelineStateManager.java:openPipeline(132)) - Pipeline Pipeline[ Id: a788d7ce-7ad6-43a2-a21c-1638bc5485d3, Nodes: 3c68acf1-2e75-484b-8dce-fe6027c40cff{ip: 192.168.157.213, host: pr-hdds-2241-master-j9rj8-2432081592, networkLocation: /default-rack, certSerialId: null}93728d59-90a7-4d42-a9e8-51f96f87119b{ip: 192.168.157.213, host: pr-hdds-2241-master-j9rj8-2432081592, networkLocation: /default-rack, certSerialId: null}bd387ed7-3819-4da1-a185-88e6b294d0ec{ip: 192.168.157.213, host: pr-hdds-2241-master-j9rj8-2432081592, networkLocation: /default-rack, certSerialId: null}, Type:RATIS, Factor:THREE, State:ALLOCATED] moved to OPEN state
2019-11-19 00:07:05,176 [EventQueue-OpenPipelineForHealthyPipelineSafeModeRule] INFO  safemode.SCMSafeModeManager (HealthyPipelineSafeModeRule.java:process(132)) - SCM in safe mode. Healthy pipelines reported count is 1, required healthy pipeline reported count is 1
2019-11-19 00:07:05,176 [EventQueue-OpenPipelineForOneReplicaPipelineSafeModeRule] INFO  safemode.SCMSafeModeManager (SCMSafeModeManager.java:validateSafeModeExitRules(176)) - AtleastOneDatanodeReportedRule rule is successfully validated
2019-11-19 00:07:05,178 [EventQueue-OpenPipelineForHealthyPipelineSafeModeRule] INFO  safemode.SCMSafeModeManager (SCMSafeModeManager.java:validateSafeModeExitRules(176)) - HealthyPipelineSafeModeRule rule is successfully validated
2019-11-19 00:07:05,180 [EventQueue-OpenPipelineForHealthyPipelineSafeModeRule] INFO  safemode.SCMSafeModeManager (SCMSafeModeManager.java:validateSafeModeExitRules(185)) - ScmSafeModeManager, all rules are successfully validated
2019-11-19 00:07:05,180 [EventQueue-OpenPipelineForHealthyPipelineSafeModeRule] INFO  safemode.SCMSafeModeManager (SCMSafeModeManager.java:exitSafeMode(201)) - SCM exiting safe mode.
2019-11-19 00:07:05,181 [3c68acf1-2e75-484b-8dce-fe6027c40cff@group-1638BC5485D3-LeaderElection23] INFO  server.RaftServerConfigKeys (ConfUtils.java:logGet(43)) - raft.server.log.appender.snapshot.chunk.size.max = 16MB (=16777216) (default)
2019-11-19 00:07:05,181 [3c68acf1-2e75-484b-8dce-fe6027c40cff@group-1638BC5485D3-LeaderElection23] INFO  server.RaftServerConfigKeys (ConfUtils.java:logGet(43)) - raft.server.log.appender.buffer.byte-limit = 33554432 (custom)
2019-11-19 00:07:05,181 [3c68acf1-2e75-484b-8dce-fe6027c40cff@group-1638BC5485D3-LeaderElection23] INFO  server.RaftServerConfigKeys (ConfUtils.java:logGet(43)) - raft.server.log.appender.buffer.element-limit = 1 (custom)
2019-11-19 00:07:05,185 [3c68acf1-2e75-484b-8dce-fe6027c40cff@group-1638BC5485D3-LeaderElection23] INFO  grpc.GrpcConfigKeys$Server (ConfUtils.java:logGet(43)) - raft.grpc.server.leader.outstanding.appends.max = 128 (default)
2019-11-19 00:07:05,185 [3c68acf1-2e75-484b-8dce-fe6027c40cff@group-1638BC5485D3-LeaderElection23] INFO  server.RaftServerConfigKeys (ConfUtils.java:logGet(43)) - raft.server.rpc.request.timeout = 3000ms (default)
2019-11-19 00:07:05,185 [3c68acf1-2e75-484b-8dce-fe6027c40cff@group-1638BC5485D3-LeaderElection23] INFO  server.RaftServerConfigKeys (ConfUtils.java:logGet(43)) - raft.server.log.appender.install.snapshot.enabled = false (custom)
2019-11-19 00:07:05,186 [3c68acf1-2e75-484b-8dce-fe6027c40cff@group-1638BC5485D3-LeaderElection23] WARN  impl.MetricRegistriesImpl (MetricRegistriesImpl.java:lambda$create$1(61)) - First MetricRegistry has been created without registering reporters. You may need to call MetricRegistries.global().addReportRegistration(...) before.
2019-11-19 00:07:05,188 [3c68acf1-2e75-484b-8dce-fe6027c40cff@group-1638BC5485D3-LeaderElection23] INFO  server.RaftServerConfigKeys (ConfUtils.java:logGet(43)) - raft.server.log.appender.snapshot.chunk.size.max = 16MB (=16777216) (default)
2019-11-19 00:07:05,188 [3c68acf1-2e75-484b-8dce-fe6027c40cff@group-1638BC5485D3-LeaderElection23] INFO  server.RaftServerConfigKeys (ConfUtils.java:logGet(43)) - raft.server.log.appender.buffer.byte-limit = 33554432 (custom)
2019-11-19 00:07:05,188 [3c68acf1-2e75-484b-8dce-fe6027c40cff@group-1638BC5485D3-LeaderElection23] INFO  server.RaftServerConfigKeys (ConfUtils.java:logGet(43)) - raft.server.log.appender.buffer.element-limit = 1 (custom)
2019-11-19 00:07:05,188 [3c68acf1-2e75-484b-8dce-fe6027c40cff@group-1638BC5485D3-LeaderElection23] INFO  grpc.GrpcConfigKeys$Server (ConfUtils.java:logGet(43)) - raft.grpc.server.leader.outstanding.appends.max = 128 (default)
2019-11-19 00:07:05,188 [3c68acf1-2e75-484b-8dce-fe6027c40cff@group-1638BC5485D3-LeaderElection23] INFO  server.RaftServerConfigKeys (ConfUtils.java:logGet(43)) - raft.server.rpc.request.timeout = 3000ms (default)
2019-11-19 00:07:05,189 [3c68acf1-2e75-484b-8dce-fe6027c40cff@group-1638BC5485D3-LeaderElection23] INFO  server.RaftServerConfigKeys (ConfUtils.java:logGet(43)) - raft.server.log.appender.install.snapshot.enabled = false (custom)
2019-11-19 00:07:05,191 [3c68acf1-2e75-484b-8dce-fe6027c40cff@group-1638BC5485D3-LeaderElection23] INFO  impl.RoleInfo (RoleInfo.java:updateAndGet(143)) - 3c68acf1-2e75-484b-8dce-fe6027c40cff: start LeaderState
2019-11-19 00:07:05,192 [3c68acf1-2e75-484b-8dce-fe6027c40cff@group-1638BC5485D3-LeaderElection23] INFO  segmented.SegmentedRaftLogWorker (SegmentedRaftLogWorker.java:startLogSegment(385)) - 3c68acf1-2e75-484b-8dce-fe6027c40cff@group-1638BC5485D3-SegmentedRaftLogWorker: Starting segment from index:0
2019-11-19 00:07:05,193 [3c68acf1-2e75-484b-8dce-fe6027c40cff@group-1638BC5485D3-LeaderElection23] INFO  impl.RaftServerImpl (ServerState.java:setRaftConf(356)) - 3c68acf1-2e75-484b-8dce-fe6027c40cff@group-1638BC5485D3: set configuration 0: [93728d59-90a7-4d42-a9e8-51f96f87119b:192.168.157.213:46185, bd387ed7-3819-4da1-a185-88e6b294d0ec:192.168.157.213:43405, 3c68acf1-2e75-484b-8dce-fe6027c40cff:192.168.157.213:43086], old=null at 0
2019-11-19 00:07:05,236 [grpc-default-executor-6] INFO  ratis.XceiverServerRatis (XceiverServerRatis.java:handleLeaderChangedNotification(733)) - Leader change notification received for group: group-1638BC5485D3 with new leaderId: 3c68acf1-2e75-484b-8dce-fe6027c40cff
2019-11-19 00:07:05,236 [grpc-default-executor-7] INFO  ratis.XceiverServerRatis (XceiverServerRatis.java:handleLeaderChangedNotification(733)) - Leader change notification received for group: group-1638BC5485D3 with new leaderId: 3c68acf1-2e75-484b-8dce-fe6027c40cff
2019-11-19 00:07:05,236 [grpc-default-executor-6] INFO  impl.RaftServerImpl (ServerState.java:setLeader(255)) - bd387ed7-3819-4da1-a185-88e6b294d0ec@group-1638BC5485D3: change Leader from null to 3c68acf1-2e75-484b-8dce-fe6027c40cff at term 3 for appendEntries, leader elected after 16200ms
2019-11-19 00:07:05,237 [grpc-default-executor-7] INFO  impl.RaftServerImpl (ServerState.java:setLeader(255)) - 93728d59-90a7-4d42-a9e8-51f96f87119b@group-1638BC5485D3: change Leader from null to 3c68acf1-2e75-484b-8dce-fe6027c40cff at term 3 for appendEntries, leader elected after 15973ms
2019-11-19 00:07:05,253 [3c68acf1-2e75-484b-8dce-fe6027c40cff@group-1638BC5485D3-SegmentedRaftLogWorker] INFO  segmented.SegmentedRaftLogWorker (SegmentedRaftLogWorker.java:execute(576)) - 3c68acf1-2e75-484b-8dce-fe6027c40cff@group-1638BC5485D3-SegmentedRaftLogWorker: created new log segment /workdir/hadoop-ozone/integration-test/target/test-dir/MiniOzoneClusterImpl-e12fca27-2987-495d-949a-a359bcbd3d99/datanode-3/data/ratis/a788d7ce-7ad6-43a2-a21c-1638bc5485d3/current/log_inprogress_0
2019-11-19 00:07:05,265 [grpc-default-executor-7] INFO  impl.RaftServerImpl (ServerState.java:setRaftConf(356)) - bd387ed7-3819-4da1-a185-88e6b294d0ec@group-1638BC5485D3: set configuration 0: [93728d59-90a7-4d42-a9e8-51f96f87119b:192.168.157.213:46185, bd387ed7-3819-4da1-a185-88e6b294d0ec:192.168.157.213:43405, 3c68acf1-2e75-484b-8dce-fe6027c40cff:192.168.157.213:43086], old=null at 0
2019-11-19 00:07:05,265 [grpc-default-executor-0] INFO  impl.RaftServerImpl (ServerState.java:setRaftConf(356)) - 93728d59-90a7-4d42-a9e8-51f96f87119b@group-1638BC5485D3: set configuration 0: [93728d59-90a7-4d42-a9e8-51f96f87119b:192.168.157.213:46185, bd387ed7-3819-4da1-a185-88e6b294d0ec:192.168.157.213:43405, 3c68acf1-2e75-484b-8dce-fe6027c40cff:192.168.157.213:43086], old=null at 0
2019-11-19 00:07:05,265 [grpc-default-executor-7] INFO  segmented.SegmentedRaftLogWorker (SegmentedRaftLogWorker.java:startLogSegment(385)) - bd387ed7-3819-4da1-a185-88e6b294d0ec@group-1638BC5485D3-SegmentedRaftLogWorker: Starting segment from index:0
2019-11-19 00:07:05,266 [grpc-default-executor-0] INFO  segmented.SegmentedRaftLogWorker (SegmentedRaftLogWorker.java:startLogSegment(385)) - 93728d59-90a7-4d42-a9e8-51f96f87119b@group-1638BC5485D3-SegmentedRaftLogWorker: Starting segment from index:0
2019-11-19 00:07:05,312 [bd387ed7-3819-4da1-a185-88e6b294d0ec@group-1638BC5485D3-SegmentedRaftLogWorker] INFO  segmented.SegmentedRaftLogWorker (SegmentedRaftLogWorker.java:execute(576)) - bd387ed7-3819-4da1-a185-88e6b294d0ec@group-1638BC5485D3-SegmentedRaftLogWorker: created new log segment /workdir/hadoop-ozone/integration-test/target/test-dir/MiniOzoneClusterImpl-e12fca27-2987-495d-949a-a359bcbd3d99/datanode-4/data/ratis/a788d7ce-7ad6-43a2-a21c-1638bc5485d3/current/log_inprogress_0
2019-11-19 00:07:05,329 [93728d59-90a7-4d42-a9e8-51f96f87119b@group-1638BC5485D3-SegmentedRaftLogWorker] INFO  segmented.SegmentedRaftLogWorker (SegmentedRaftLogWorker.java:execute(576)) - 93728d59-90a7-4d42-a9e8-51f96f87119b@group-1638BC5485D3-SegmentedRaftLogWorker: created new log segment /workdir/hadoop-ozone/integration-test/target/test-dir/MiniOzoneClusterImpl-e12fca27-2987-495d-949a-a359bcbd3d99/datanode-5/data/ratis/a788d7ce-7ad6-43a2-a21c-1638bc5485d3/current/log_inprogress_0
2019-11-19 00:07:06,049 [main] INFO  ozone.MiniOzoneClusterImpl (MiniOzoneClusterImpl.java:lambda$waitForClusterToBeReady$0(150)) - Nodes are ready. Got 7 of 7 DN Heartbeats.
2019-11-19 00:07:06,049 [main] INFO  ozone.MiniOzoneClusterImpl (MiniOzoneClusterImpl.java:lambda$waitForClusterToBeReady$0(153)) - Cluster exits safe mode
2019-11-19 00:07:06,916 [main] INFO  rpc.RpcClient (RpcClient.java:createVolume(292)) - Creating Volume: closecontainerexceptionhandlingtest, with jenkins1000 as owner.
2019-11-19 00:07:06,960 [IPC Server handler 11 on 35802] INFO  volume.OMVolumeCreateRequest (OMVolumeCreateRequest.java:validateAndUpdateCache(193)) - created volume:closecontainerexceptionhandlingtest for user:jenkins1000
2019-11-19 00:07:07,007 [main] INFO  rpc.RpcClient (RpcClient.java:createBucket(431)) - Creating Bucket: closecontainerexceptionhandlingtest/closecontainerexceptionhandlingtest, with Versioning false and Storage Type set to DISK and Encryption set to false 
2019-11-19 00:07:07,200 [main] INFO  impl.MetricsSystemImpl (MetricsSystemImpl.java:init(158)) - XceiverClientMetrics metrics system started (again)
2019-11-19 00:07:07,785 [EventQueue-CloseContainerForCloseContainerEventHandler] INFO  container.CloseContainerEventHandler (CloseContainerEventHandler.java:onMessage(61)) - Close container Event triggered for container : #1
2019-11-19 00:07:07,787 [EventQueue-CloseContainerForCloseContainerEventHandler] INFO  container.CloseContainerEventHandler (CloseContainerEventHandler.java:onMessage(61)) - Close container Event triggered for container : #1
2019-11-19 00:07:07,788 [EventQueue-CloseContainerForCloseContainerEventHandler] INFO  container.CloseContainerEventHandler (CloseContainerEventHandler.java:onMessage(61)) - Close container Event triggered for container : #1
2019-11-19 00:07:08,185 [Thread-352] INFO  container.ReplicationManager (ReplicationManager.java:start(162)) - Starting Replication Monitor Thread.
2019-11-19 00:07:08,187 [ReplicationMonitor] INFO  container.ReplicationManager (ReplicationManager.java:sendCloseCommand(659)) - Sending close container command for container #1 to datanode bd387ed7-3819-4da1-a185-88e6b294d0ec{ip: 192.168.157.213, host: pr-hdds-2241-master-j9rj8-2432081592, networkLocation: /default-rack, certSerialId: null}.
2019-11-19 00:07:08,188 [ReplicationMonitor] INFO  container.ReplicationManager (ReplicationManager.java:sendCloseCommand(659)) - Sending close container command for container #1 to datanode 3c68acf1-2e75-484b-8dce-fe6027c40cff{ip: 192.168.157.213, host: pr-hdds-2241-master-j9rj8-2432081592, networkLocation: /default-rack, certSerialId: null}.
2019-11-19 00:07:08,188 [ReplicationMonitor] INFO  container.ReplicationManager (ReplicationManager.java:sendCloseCommand(659)) - Sending close container command for container #1 to datanode 93728d59-90a7-4d42-a9e8-51f96f87119b{ip: 192.168.157.213, host: pr-hdds-2241-master-j9rj8-2432081592, networkLocation: /default-rack, certSerialId: null}.
2019-11-19 00:07:08,188 [ReplicationMonitor] INFO  container.ReplicationManager (ReplicationManager.java:run(225)) - Replication Monitor Thread took 3 milliseconds for processing 1 containers.
2019-11-19 00:07:09,628 [RatisApplyTransactionExecutor 1] INFO  interfaces.Container (KeyValueContainer.java:flushAndSyncDB(400)) - Container 1 is synced with bcsId 2.
2019-11-19 00:07:09,628 [RatisApplyTransactionExecutor 1] INFO  interfaces.Container (KeyValueContainer.java:flushAndSyncDB(400)) - Container 1 is synced with bcsId 2.
2019-11-19 00:07:09,628 [RatisApplyTransactionExecutor 1] INFO  interfaces.Container (KeyValueContainer.java:flushAndSyncDB(400)) - Container 1 is synced with bcsId 2.
2019-11-19 00:07:09,630 [RatisApplyTransactionExecutor 1] INFO  interfaces.Container (KeyValueContainer.java:flushAndSyncDB(400)) - Container 1 is synced with bcsId 2.
2019-11-19 00:07:09,630 [RatisApplyTransactionExecutor 1] INFO  interfaces.Container (KeyValueContainer.java:flushAndSyncDB(400)) - Container 1 is synced with bcsId 2.
2019-11-19 00:07:09,630 [RatisApplyTransactionExecutor 1] INFO  interfaces.Container (KeyValueContainer.java:flushAndSyncDB(400)) - Container 1 is synced with bcsId 2.
2019-11-19 00:07:09,647 [RatisApplyTransactionExecutor 1] INFO  interfaces.Container (KeyValueContainer.java:close(338)) - Container 1 is closed with bcsId 2.
2019-11-19 00:07:09,647 [RatisApplyTransactionExecutor 1] INFO  interfaces.Container (KeyValueContainer.java:close(338)) - Container 1 is closed with bcsId 2.
2019-11-19 00:07:09,647 [RatisApplyTransactionExecutor 1] INFO  interfaces.Container (KeyValueContainer.java:close(338)) - Container 1 is closed with bcsId 2.
2019-11-19 00:07:09,648 [EventQueue-IncrementalContainerReportForIncrementalContainerReportHandler] INFO  container.IncrementalContainerReportHandler (AbstractContainerReportHandler.java:updateContainerState(178)) - Moving container #1 to CLOSED state, datanode bd387ed7-3819-4da1-a185-88e6b294d0ec{ip: 192.168.157.213, host: pr-hdds-2241-master-j9rj8-2432081592, networkLocation: /default-rack, certSerialId: null} reported CLOSED replica.
00:07:09.802 [grpc-default-executor-7] ERROR DNAudit - user=null | ip=null | op=WRITE_CHUNK {blockData=conID: 1 locID: 103161661167304704 bcsId: 2} | ret=FAILURE
org.apache.hadoop.hdds.scm.container.common.helpers.ContainerNotOpenException: Container 1 in CLOSED state
	at org.apache.hadoop.ozone.container.common.impl.HddsDispatcher.validateContainerCommand(HddsDispatcher.java:469) ~[hadoop-hdds-container-service-0.5.0-SNAPSHOT.jar:?]
	at org.apache.hadoop.ozone.container.common.transport.server.ratis.ContainerStateMachine.startTransaction(ContainerStateMachine.java:311) ~[hadoop-hdds-container-service-0.5.0-SNAPSHOT.jar:?]
	at org.apache.ratis.server.impl.RaftServerImpl.submitClientRequestAsync(RaftServerImpl.java:580) ~[ratis-server-0.5.0-d6d58d0-SNAPSHOT.jar:0.5.0-d6d58d0-SNAPSHOT]
	at org.apache.ratis.server.impl.RaftServerProxy.lambda$submitClientRequestAsync$7(RaftServerProxy.java:333) ~[ratis-server-0.5.0-d6d58d0-SNAPSHOT.jar:0.5.0-d6d58d0-SNAPSHOT]
	at org.apache.ratis.server.impl.RaftServerProxy.lambda$null$5(RaftServerProxy.java:328) ~[ratis-server-0.5.0-d6d58d0-SNAPSHOT.jar:0.5.0-d6d58d0-SNAPSHOT]
	at org.apache.ratis.util.JavaUtils.callAsUnchecked(JavaUtils.java:109) ~[ratis-common-0.5.0-d6d58d0-SNAPSHOT.jar:0.5.0-d6d58d0-SNAPSHOT]
	at org.apache.ratis.server.impl.RaftServerProxy.lambda$submitRequest$6(RaftServerProxy.java:328) ~[ratis-server-0.5.0-d6d58d0-SNAPSHOT.jar:0.5.0-d6d58d0-SNAPSHOT]
	at java.util.concurrent.CompletableFuture.uniComposeStage(CompletableFuture.java:981) ~[?:1.8.0_222]
	at java.util.concurrent.CompletableFuture.thenCompose(CompletableFuture.java:2124) ~[?:1.8.0_222]
	at org.apache.ratis.server.impl.RaftServerProxy.submitRequest(RaftServerProxy.java:327) ~[ratis-server-0.5.0-d6d58d0-SNAPSHOT.jar:0.5.0-d6d58d0-SNAPSHOT]
	at org.apache.ratis.server.impl.RaftServerProxy.submitClientRequestAsync(RaftServerProxy.java:333) ~[ratis-server-0.5.0-d6d58d0-SNAPSHOT.jar:0.5.0-d6d58d0-SNAPSHOT]
	at org.apache.ratis.grpc.client.GrpcClientProtocolService$RequestStreamObserver.processClientRequest(GrpcClientProtocolService.java:221) ~[ratis-grpc-0.5.0-d6d58d0-SNAPSHOT.jar:0.5.0-d6d58d0-SNAPSHOT]
	at org.apache.ratis.grpc.client.GrpcClientProtocolService$OrderedRequestStreamObserver.processClientRequest(GrpcClientProtocolService.java:327) ~[ratis-grpc-0.5.0-d6d58d0-SNAPSHOT.jar:0.5.0-d6d58d0-SNAPSHOT]
	at org.apache.ratis.util.SlidingWindow$Server.processRequestsFromHead(SlidingWindow.java:429) [ratis-common-0.5.0-d6d58d0-SNAPSHOT.jar:0.5.0-d6d58d0-SNAPSHOT]
	at org.apache.ratis.util.SlidingWindow$Server.receivedRequest(SlidingWindow.java:421) [ratis-common-0.5.0-d6d58d0-SNAPSHOT.jar:0.5.0-d6d58d0-SNAPSHOT]
	at org.apache.ratis.grpc.client.GrpcClientProtocolService$OrderedRequestStreamObserver.processClientRequest(GrpcClientProtocolService.java:346) [ratis-grpc-0.5.0-d6d58d0-SNAPSHOT.jar:0.5.0-d6d58d0-SNAPSHOT]
	at org.apache.ratis.grpc.client.GrpcClientProtocolService$RequestStreamObserver.onNext(GrpcClientProtocolService.java:241) [ratis-grpc-0.5.0-d6d58d0-SNAPSHOT.jar:0.5.0-d6d58d0-SNAPSHOT]
	at org.apache.ratis.grpc.client.GrpcClientProtocolService$RequestStreamObserver.onNext(GrpcClientProtocolService.java:168) [ratis-grpc-0.5.0-d6d58d0-SNAPSHOT.jar:0.5.0-d6d58d0-SNAPSHOT]
	at org.apache.ratis.thirdparty.io.grpc.stub.ServerCalls$StreamingServerCallHandler$StreamingServerCallListener.onMessage(ServerCalls.java:248) [ratis-thirdparty-misc-0.2.0.jar:0.2.0]
	at org.apache.ratis.thirdparty.io.grpc.internal.ServerCallImpl$ServerStreamListenerImpl.messagesAvailable(ServerCallImpl.java:263) [ratis-thirdparty-misc-0.2.0.jar:0.2.0]
	at org.apache.ratis.thirdparty.io.grpc.internal.ServerImpl$JumpToApplicationThreadServerStreamListener$1MessagesAvailable.runInContext(ServerImpl.java:686) [ratis-thirdparty-misc-0.2.0.jar:0.2.0]
	at org.apache.ratis.thirdparty.io.grpc.internal.ContextRunnable.run(ContextRunnable.java:37) [ratis-thirdparty-misc-0.2.0.jar:0.2.0]
	at org.apache.ratis.thirdparty.io.grpc.internal.SerializingExecutor.run(SerializingExecutor.java:123) [ratis-thirdparty-misc-0.2.0.jar:0.2.0]
	at java.util.concurrent.ThreadPoolExecutor.runWorker(ThreadPoolExecutor.java:1149) [?:1.8.0_222]
	at java.util.concurrent.ThreadPoolExecutor$Worker.run(ThreadPoolExecutor.java:624) [?:1.8.0_222]
	at java.lang.Thread.run(Thread.java:748) [?:1.8.0_222]
00:07:09.839 [grpc-default-executor-7] ERROR DNAudit - user=null | ip=null | op=PUT_BLOCK {blockData=[blockId=conID: 1 locID: 103161661167304704 bcsId: 0,size=2097152]} | ret=FAILURE
org.apache.hadoop.hdds.scm.container.common.helpers.ContainerNotOpenException: Container 1 in CLOSED state
	at org.apache.hadoop.ozone.container.common.impl.HddsDispatcher.validateContainerCommand(HddsDispatcher.java:469) ~[hadoop-hdds-container-service-0.5.0-SNAPSHOT.jar:?]
	at org.apache.hadoop.ozone.container.common.transport.server.ratis.ContainerStateMachine.startTransaction(ContainerStateMachine.java:311) ~[hadoop-hdds-container-service-0.5.0-SNAPSHOT.jar:?]
	at org.apache.ratis.server.impl.RaftServerImpl.submitClientRequestAsync(RaftServerImpl.java:580) ~[ratis-server-0.5.0-d6d58d0-SNAPSHOT.jar:0.5.0-d6d58d0-SNAPSHOT]
	at org.apache.ratis.server.impl.RaftServerProxy.lambda$submitClientRequestAsync$7(RaftServerProxy.java:333) ~[ratis-server-0.5.0-d6d58d0-SNAPSHOT.jar:0.5.0-d6d58d0-SNAPSHOT]
	at org.apache.ratis.server.impl.RaftServerProxy.lambda$null$5(RaftServerProxy.java:328) ~[ratis-server-0.5.0-d6d58d0-SNAPSHOT.jar:0.5.0-d6d58d0-SNAPSHOT]
	at org.apache.ratis.util.JavaUtils.callAsUnchecked(JavaUtils.java:109) ~[ratis-common-0.5.0-d6d58d0-SNAPSHOT.jar:0.5.0-d6d58d0-SNAPSHOT]
	at org.apache.ratis.server.impl.RaftServerProxy.lambda$submitRequest$6(RaftServerProxy.java:328) ~[ratis-server-0.5.0-d6d58d0-SNAPSHOT.jar:0.5.0-d6d58d0-SNAPSHOT]
	at java.util.concurrent.CompletableFuture.uniComposeStage(CompletableFuture.java:981) ~[?:1.8.0_222]
	at java.util.concurrent.CompletableFuture.thenCompose(CompletableFuture.java:2124) ~[?:1.8.0_222]
	at org.apache.ratis.server.impl.RaftServerProxy.submitRequest(RaftServerProxy.java:327) ~[ratis-server-0.5.0-d6d58d0-SNAPSHOT.jar:0.5.0-d6d58d0-SNAPSHOT]
	at org.apache.ratis.server.impl.RaftServerProxy.submitClientRequestAsync(RaftServerProxy.java:333) ~[ratis-server-0.5.0-d6d58d0-SNAPSHOT.jar:0.5.0-d6d58d0-SNAPSHOT]
	at org.apache.ratis.grpc.client.GrpcClientProtocolService$RequestStreamObserver.processClientRequest(GrpcClientProtocolService.java:221) ~[ratis-grpc-0.5.0-d6d58d0-SNAPSHOT.jar:0.5.0-d6d58d0-SNAPSHOT]
	at org.apache.ratis.grpc.client.GrpcClientProtocolService$OrderedRequestStreamObserver.processClientRequest(GrpcClientProtocolService.java:327) ~[ratis-grpc-0.5.0-d6d58d0-SNAPSHOT.jar:0.5.0-d6d58d0-SNAPSHOT]
	at org.apache.ratis.util.SlidingWindow$Server.processRequestsFromHead(SlidingWindow.java:429) [ratis-common-0.5.0-d6d58d0-SNAPSHOT.jar:0.5.0-d6d58d0-SNAPSHOT]
	at org.apache.ratis.util.SlidingWindow$Server.receivedRequest(SlidingWindow.java:421) [ratis-common-0.5.0-d6d58d0-SNAPSHOT.jar:0.5.0-d6d58d0-SNAPSHOT]
	at org.apache.ratis.grpc.client.GrpcClientProtocolService$OrderedRequestStreamObserver.processClientRequest(GrpcClientProtocolService.java:346) [ratis-grpc-0.5.0-d6d58d0-SNAPSHOT.jar:0.5.0-d6d58d0-SNAPSHOT]
	at org.apache.ratis.grpc.client.GrpcClientProtocolService$RequestStreamObserver.onNext(GrpcClientProtocolService.java:241) [ratis-grpc-0.5.0-d6d58d0-SNAPSHOT.jar:0.5.0-d6d58d0-SNAPSHOT]
	at org.apache.ratis.grpc.client.GrpcClientProtocolService$RequestStreamObserver.onNext(GrpcClientProtocolService.java:168) [ratis-grpc-0.5.0-d6d58d0-SNAPSHOT.jar:0.5.0-d6d58d0-SNAPSHOT]
	at org.apache.ratis.thirdparty.io.grpc.stub.ServerCalls$StreamingServerCallHandler$StreamingServerCallListener.onMessage(ServerCalls.java:248) [ratis-thirdparty-misc-0.2.0.jar:0.2.0]
	at org.apache.ratis.thirdparty.io.grpc.internal.ServerCallImpl$ServerStreamListenerImpl.messagesAvailable(ServerCallImpl.java:263) [ratis-thirdparty-misc-0.2.0.jar:0.2.0]
	at org.apache.ratis.thirdparty.io.grpc.internal.ServerImpl$JumpToApplicationThreadServerStreamListener$1MessagesAvailable.runInContext(ServerImpl.java:686) [ratis-thirdparty-misc-0.2.0.jar:0.2.0]
	at org.apache.ratis.thirdparty.io.grpc.internal.ContextRunnable.run(ContextRunnable.java:37) [ratis-thirdparty-misc-0.2.0.jar:0.2.0]
	at org.apache.ratis.thirdparty.io.grpc.internal.SerializingExecutor.run(SerializingExecutor.java:123) [ratis-thirdparty-misc-0.2.0.jar:0.2.0]
	at java.util.concurrent.ThreadPoolExecutor.runWorker(ThreadPoolExecutor.java:1149) [?:1.8.0_222]
	at java.util.concurrent.ThreadPoolExecutor$Worker.run(ThreadPoolExecutor.java:624) [?:1.8.0_222]
	at java.lang.Thread.run(Thread.java:748) [?:1.8.0_222]
2019-11-19 00:07:09,858 [main] INFO  io.BlockOutputStreamEntryPool (BlockOutputStreamEntryPool.java:allocateNewBlock(257)) - Allocating block with ExcludeList {datanodes = [], containerIds = [#1], pipelineIds = []}
2019-11-19 00:07:10,195 [Thread-348] INFO  impl.FollowerState (FollowerState.java:run(111)) - b9804938-182f-4054-8044-6072e531a40a@group-30B6BEED2D1E-FollowerState: change to CANDIDATE, lastRpcTime:5041ms, electionTimeout:5040ms
2019-11-19 00:07:10,195 [Thread-348] INFO  impl.RoleInfo (RoleInfo.java:shutdownFollowerState(121)) - b9804938-182f-4054-8044-6072e531a40a: shutdown FollowerState
2019-11-19 00:07:10,195 [Thread-348] INFO  impl.RaftServerImpl (RaftServerImpl.java:setRole(173)) - b9804938-182f-4054-8044-6072e531a40a@group-30B6BEED2D1E: changes role from  FOLLOWER to CANDIDATE at term 4 for changeToCandidate
2019-11-19 00:07:10,195 [Thread-348] INFO  impl.RoleInfo (RoleInfo.java:updateAndGet(143)) - b9804938-182f-4054-8044-6072e531a40a: start LeaderElection
2019-11-19 00:07:10,209 [b9804938-182f-4054-8044-6072e531a40a@group-30B6BEED2D1E-LeaderElection25] INFO  impl.LeaderElection (LeaderElection.java:askForVotes(178)) - b9804938-182f-4054-8044-6072e531a40a@group-30B6BEED2D1E-LeaderElection25: begin an election at term 5 for -1: [b9804938-182f-4054-8044-6072e531a40a:192.168.157.213:38909, 58d24f50-e03c-4cdf-9f21-18e5bcb6f884:192.168.157.213:40280, 7708ce6b-94dd-49f9-8895-392afc2c64db:192.168.157.213:34565], old=null
2019-11-19 00:07:10,216 [grpc-default-executor-0] INFO  impl.RaftServerImpl (RaftServerImpl.java:setRole(173)) - 58d24f50-e03c-4cdf-9f21-18e5bcb6f884@group-30B6BEED2D1E: changes role from  FOLLOWER to FOLLOWER at term 5 for recognizeCandidate:b9804938-182f-4054-8044-6072e531a40a
2019-11-19 00:07:10,216 [grpc-default-executor-0] INFO  impl.RoleInfo (RoleInfo.java:shutdownFollowerState(121)) - 58d24f50-e03c-4cdf-9f21-18e5bcb6f884: shutdown FollowerState
2019-11-19 00:07:10,216 [grpc-default-executor-7] INFO  impl.RaftServerImpl (RaftServerImpl.java:setRole(173)) - 7708ce6b-94dd-49f9-8895-392afc2c64db@group-30B6BEED2D1E: changes role from  FOLLOWER to FOLLOWER at term 5 for recognizeCandidate:b9804938-182f-4054-8044-6072e531a40a
2019-11-19 00:07:10,216 [Thread-333] INFO  impl.FollowerState (FollowerState.java:run(120)) - 58d24f50-e03c-4cdf-9f21-18e5bcb6f884@group-30B6BEED2D1E-FollowerState was interrupted: java.lang.InterruptedException: sleep interrupted
2019-11-19 00:07:10,216 [grpc-default-executor-0] INFO  impl.RoleInfo (RoleInfo.java:updateAndGet(143)) - 58d24f50-e03c-4cdf-9f21-18e5bcb6f884: start FollowerState
2019-11-19 00:07:10,216 [grpc-default-executor-7] INFO  impl.RoleInfo (RoleInfo.java:shutdownFollowerState(121)) - 7708ce6b-94dd-49f9-8895-392afc2c64db: shutdown FollowerState
2019-11-19 00:07:10,218 [grpc-default-executor-7] INFO  impl.RoleInfo (RoleInfo.java:updateAndGet(143)) - 7708ce6b-94dd-49f9-8895-392afc2c64db: start FollowerState
2019-11-19 00:07:10,218 [Thread-342] INFO  impl.FollowerState (FollowerState.java:run(120)) - 7708ce6b-94dd-49f9-8895-392afc2c64db@group-30B6BEED2D1E-FollowerState was interrupted: java.lang.InterruptedException: sleep interrupted
2019-11-19 00:07:10,240 [b9804938-182f-4054-8044-6072e531a40a@group-30B6BEED2D1E-LeaderElection25] INFO  impl.LeaderElection (LeaderElection.java:logAndReturn(56)) - b9804938-182f-4054-8044-6072e531a40a@group-30B6BEED2D1E-LeaderElection25: Election PASSED; received 1 response(s) [b9804938-182f-4054-8044-6072e531a40a<-58d24f50-e03c-4cdf-9f21-18e5bcb6f884#0:OK-t5] and 0 exception(s); b9804938-182f-4054-8044-6072e531a40a@group-30B6BEED2D1E:t5, leader=null, voted=b9804938-182f-4054-8044-6072e531a40a, raftlog=b9804938-182f-4054-8044-6072e531a40a@group-30B6BEED2D1E-SegmentedRaftLog:OPENED:c-1,f-1,i0, conf=-1: [b9804938-182f-4054-8044-6072e531a40a:192.168.157.213:38909, 58d24f50-e03c-4cdf-9f21-18e5bcb6f884:192.168.157.213:40280, 7708ce6b-94dd-49f9-8895-392afc2c64db:192.168.157.213:34565], old=null
2019-11-19 00:07:10,240 [b9804938-182f-4054-8044-6072e531a40a@group-30B6BEED2D1E-LeaderElection25] INFO  impl.RoleInfo (RoleInfo.java:shutdownLeaderElection(134)) - b9804938-182f-4054-8044-6072e531a40a: shutdown LeaderElection
2019-11-19 00:07:10,240 [b9804938-182f-4054-8044-6072e531a40a@group-30B6BEED2D1E-LeaderElection25] INFO  impl.RaftServerImpl (RaftServerImpl.java:setRole(173)) - b9804938-182f-4054-8044-6072e531a40a@group-30B6BEED2D1E: changes role from CANDIDATE to LEADER at term 5 for changeToLeader
2019-11-19 00:07:10,240 [b9804938-182f-4054-8044-6072e531a40a@group-30B6BEED2D1E-LeaderElection25] INFO  ratis.XceiverServerRatis (XceiverServerRatis.java:handleLeaderChangedNotification(733)) - Leader change notification received for group: group-30B6BEED2D1E with new leaderId: b9804938-182f-4054-8044-6072e531a40a
2019-11-19 00:07:10,240 [b9804938-182f-4054-8044-6072e531a40a@group-30B6BEED2D1E-LeaderElection25] INFO  impl.RaftServerImpl (ServerState.java:setLeader(255)) - b9804938-182f-4054-8044-6072e531a40a@group-30B6BEED2D1E: change Leader from null to b9804938-182f-4054-8044-6072e531a40a at term 5 for becomeLeader, leader elected after 21230ms
2019-11-19 00:07:10,240 [b9804938-182f-4054-8044-6072e531a40a@group-30B6BEED2D1E-LeaderElection25] INFO  server.RaftServerConfigKeys (ConfUtils.java:logGet(43)) - raft.server.staging.catchup.gap = 1000 (default)
2019-11-19 00:07:10,241 [b9804938-182f-4054-8044-6072e531a40a@group-30B6BEED2D1E-LeaderElection25] INFO  server.RaftServerConfigKeys (ConfUtils.java:logGet(43)) - raft.server.rpc.sleep.time = 25ms (default)
2019-11-19 00:07:10,241 [b9804938-182f-4054-8044-6072e531a40a@group-30B6BEED2D1E-LeaderElection25] INFO  server.RaftServerConfigKeys (ConfUtils.java:logGet(43)) - raft.server.write.element-limit = 4096 (default)
2019-11-19 00:07:10,241 [b9804938-182f-4054-8044-6072e531a40a@group-30B6BEED2D1E-LeaderElection25] INFO  server.RaftServerConfigKeys (ConfUtils.java:logGet(43)) - raft.server.watch.timeout = 10s (default)
2019-11-19 00:07:10,241 [b9804938-182f-4054-8044-6072e531a40a@group-30B6BEED2D1E-LeaderElection25] INFO  server.RaftServerConfigKeys (ConfUtils.java:logGet(43)) - raft.server.watch.timeout.denomination = 1s (default)
2019-11-19 00:07:10,241 [b9804938-182f-4054-8044-6072e531a40a@group-30B6BEED2D1E-LeaderElection25] INFO  server.RaftServerConfigKeys (ConfUtils.java:logGet(43)) - raft.server.watch.element-limit = 65536 (default)
2019-11-19 00:07:10,242 [b9804938-182f-4054-8044-6072e531a40a@group-30B6BEED2D1E-LeaderElection25] INFO  server.RaftServerConfigKeys (ConfUtils.java:logGet(43)) - raft.server.log.appender.snapshot.chunk.size.max = 16MB (=16777216) (default)
2019-11-19 00:07:10,242 [EventQueue-PipelineReportForPipelineReportHandler] INFO  pipeline.PipelineReportHandler (PipelineReportHandler.java:processPipelineReport(113)) - Pipeline THREE PipelineID=158c84f7-10fd-45e4-9bdc-30b6beed2d1e reported by b9804938-182f-4054-8044-6072e531a40a{ip: 192.168.157.213, host: pr-hdds-2241-master-j9rj8-2432081592, networkLocation: /default-rack, certSerialId: null}
2019-11-19 00:07:10,242 [b9804938-182f-4054-8044-6072e531a40a@group-30B6BEED2D1E-LeaderElection25] INFO  server.RaftServerConfigKeys (ConfUtils.java:logGet(43)) - raft.server.log.appender.buffer.byte-limit = 33554432 (custom)
2019-11-19 00:07:10,250 [EventQueue-PipelineReportForPipelineReportHandler] INFO  pipeline.PipelineStateManager (PipelineStateManager.java:openPipeline(132)) - Pipeline Pipeline[ Id: 158c84f7-10fd-45e4-9bdc-30b6beed2d1e, Nodes: 58d24f50-e03c-4cdf-9f21-18e5bcb6f884{ip: 192.168.157.213, host: pr-hdds-2241-master-j9rj8-2432081592, networkLocation: /default-rack, certSerialId: null}b9804938-182f-4054-8044-6072e531a40a{ip: 192.168.157.213, host: pr-hdds-2241-master-j9rj8-2432081592, networkLocation: /default-rack, certSerialId: null}7708ce6b-94dd-49f9-8895-392afc2c64db{ip: 192.168.157.213, host: pr-hdds-2241-master-j9rj8-2432081592, networkLocation: /default-rack, certSerialId: null}, Type:RATIS, Factor:THREE, State:ALLOCATED] moved to OPEN state
2019-11-19 00:07:10,250 [b9804938-182f-4054-8044-6072e531a40a@group-30B6BEED2D1E-LeaderElection25] INFO  server.RaftServerConfigKeys (ConfUtils.java:logGet(43)) - raft.server.log.appender.buffer.element-limit = 1 (custom)
2019-11-19 00:07:10,250 [b9804938-182f-4054-8044-6072e531a40a@group-30B6BEED2D1E-LeaderElection25] INFO  grpc.GrpcConfigKeys$Server (ConfUtils.java:logGet(43)) - raft.grpc.server.leader.outstanding.appends.max = 128 (default)
2019-11-19 00:07:10,252 [b9804938-182f-4054-8044-6072e531a40a@group-30B6BEED2D1E-LeaderElection25] INFO  server.RaftServerConfigKeys (ConfUtils.java:logGet(43)) - raft.server.rpc.request.timeout = 3000ms (default)
2019-11-19 00:07:10,252 [b9804938-182f-4054-8044-6072e531a40a@group-30B6BEED2D1E-LeaderElection25] INFO  server.RaftServerConfigKeys (ConfUtils.java:logGet(43)) - raft.server.log.appender.install.snapshot.enabled = false (custom)
2019-11-19 00:07:10,252 [b9804938-182f-4054-8044-6072e531a40a@group-30B6BEED2D1E-LeaderElection25] WARN  impl.MetricRegistriesImpl (MetricRegistriesImpl.java:lambda$create$1(61)) - First MetricRegistry has been created without registering reporters. You may need to call MetricRegistries.global().addReportRegistration(...) before.
2019-11-19 00:07:10,253 [b9804938-182f-4054-8044-6072e531a40a@group-30B6BEED2D1E-LeaderElection25] INFO  server.RaftServerConfigKeys (ConfUtils.java:logGet(43)) - raft.server.log.appender.snapshot.chunk.size.max = 16MB (=16777216) (default)
2019-11-19 00:07:10,253 [b9804938-182f-4054-8044-6072e531a40a@group-30B6BEED2D1E-LeaderElection25] INFO  server.RaftServerConfigKeys (ConfUtils.java:logGet(43)) - raft.server.log.appender.buffer.byte-limit = 33554432 (custom)
2019-11-19 00:07:10,253 [b9804938-182f-4054-8044-6072e531a40a@group-30B6BEED2D1E-LeaderElection25] INFO  server.RaftServerConfigKeys (ConfUtils.java:logGet(43)) - raft.server.log.appender.buffer.element-limit = 1 (custom)
2019-11-19 00:07:10,253 [b9804938-182f-4054-8044-6072e531a40a@group-30B6BEED2D1E-LeaderElection25] INFO  grpc.GrpcConfigKeys$Server (ConfUtils.java:logGet(43)) - raft.grpc.server.leader.outstanding.appends.max = 128 (default)
2019-11-19 00:07:10,253 [b9804938-182f-4054-8044-6072e531a40a@group-30B6BEED2D1E-LeaderElection25] INFO  server.RaftServerConfigKeys (ConfUtils.java:logGet(43)) - raft.server.rpc.request.timeout = 3000ms (default)
2019-11-19 00:07:10,253 [b9804938-182f-4054-8044-6072e531a40a@group-30B6BEED2D1E-LeaderElection25] INFO  server.RaftServerConfigKeys (ConfUtils.java:logGet(43)) - raft.server.log.appender.install.snapshot.enabled = false (custom)
2019-11-19 00:07:10,254 [b9804938-182f-4054-8044-6072e531a40a@group-30B6BEED2D1E-LeaderElection25] INFO  impl.RoleInfo (RoleInfo.java:updateAndGet(143)) - b9804938-182f-4054-8044-6072e531a40a: start LeaderState
2019-11-19 00:07:10,254 [b9804938-182f-4054-8044-6072e531a40a@group-30B6BEED2D1E-LeaderElection25] INFO  segmented.SegmentedRaftLogWorker (SegmentedRaftLogWorker.java:startLogSegment(385)) - b9804938-182f-4054-8044-6072e531a40a@group-30B6BEED2D1E-SegmentedRaftLogWorker: Starting segment from index:0
2019-11-19 00:07:10,255 [b9804938-182f-4054-8044-6072e531a40a@group-30B6BEED2D1E-LeaderElection25] INFO  impl.RaftServerImpl (ServerState.java:setRaftConf(356)) - b9804938-182f-4054-8044-6072e531a40a@group-30B6BEED2D1E: set configuration 0: [b9804938-182f-4054-8044-6072e531a40a:192.168.157.213:38909, 58d24f50-e03c-4cdf-9f21-18e5bcb6f884:192.168.157.213:40280, 7708ce6b-94dd-49f9-8895-392afc2c64db:192.168.157.213:34565], old=null at 0
2019-11-19 00:07:10,257 [grpc-default-executor-7] INFO  ratis.XceiverServerRatis (XceiverServerRatis.java:handleLeaderChangedNotification(733)) - Leader change notification received for group: group-30B6BEED2D1E with new leaderId: b9804938-182f-4054-8044-6072e531a40a
2019-11-19 00:07:10,258 [grpc-default-executor-0] INFO  ratis.XceiverServerRatis (XceiverServerRatis.java:handleLeaderChangedNotification(733)) - Leader change notification received for group: group-30B6BEED2D1E with new leaderId: b9804938-182f-4054-8044-6072e531a40a
2019-11-19 00:07:10,258 [grpc-default-executor-7] INFO  impl.RaftServerImpl (ServerState.java:setLeader(255)) - 58d24f50-e03c-4cdf-9f21-18e5bcb6f884@group-30B6BEED2D1E: change Leader from null to b9804938-182f-4054-8044-6072e531a40a at term 5 for appendEntries, leader elected after 21229ms
2019-11-19 00:07:10,259 [grpc-default-executor-0] INFO  impl.RaftServerImpl (ServerState.java:setLeader(255)) - 7708ce6b-94dd-49f9-8895-392afc2c64db@group-30B6BEED2D1E: change Leader from null to b9804938-182f-4054-8044-6072e531a40a at term 5 for appendEntries, leader elected after 21230ms
2019-11-19 00:07:10,261 [grpc-default-executor-7] INFO  impl.RaftServerImpl (ServerState.java:setRaftConf(356)) - 7708ce6b-94dd-49f9-8895-392afc2c64db@group-30B6BEED2D1E: set configuration 0: [b9804938-182f-4054-8044-6072e531a40a:192.168.157.213:38909, 58d24f50-e03c-4cdf-9f21-18e5bcb6f884:192.168.157.213:40280, 7708ce6b-94dd-49f9-8895-392afc2c64db:192.168.157.213:34565], old=null at 0
2019-11-19 00:07:10,261 [grpc-default-executor-0] INFO  impl.RaftServerImpl (ServerState.java:setRaftConf(356)) - 58d24f50-e03c-4cdf-9f21-18e5bcb6f884@group-30B6BEED2D1E: set configuration 0: [b9804938-182f-4054-8044-6072e531a40a:192.168.157.213:38909, 58d24f50-e03c-4cdf-9f21-18e5bcb6f884:192.168.157.213:40280, 7708ce6b-94dd-49f9-8895-392afc2c64db:192.168.157.213:34565], old=null at 0
2019-11-19 00:07:10,262 [grpc-default-executor-7] INFO  segmented.SegmentedRaftLogWorker (SegmentedRaftLogWorker.java:startLogSegment(385)) - 7708ce6b-94dd-49f9-8895-392afc2c64db@group-30B6BEED2D1E-SegmentedRaftLogWorker: Starting segment from index:0
2019-11-19 00:07:10,262 [grpc-default-executor-0] INFO  segmented.SegmentedRaftLogWorker (SegmentedRaftLogWorker.java:startLogSegment(385)) - 58d24f50-e03c-4cdf-9f21-18e5bcb6f884@group-30B6BEED2D1E-SegmentedRaftLogWorker: Starting segment from index:0
2019-11-19 00:07:10,323 [58d24f50-e03c-4cdf-9f21-18e5bcb6f884@group-30B6BEED2D1E-SegmentedRaftLogWorker] INFO  segmented.SegmentedRaftLogWorker (SegmentedRaftLogWorker.java:execute(576)) - 58d24f50-e03c-4cdf-9f21-18e5bcb6f884@group-30B6BEED2D1E-SegmentedRaftLogWorker: created new log segment /workdir/hadoop-ozone/integration-test/target/test-dir/MiniOzoneClusterImpl-e12fca27-2987-495d-949a-a359bcbd3d99/datanode-0/data/ratis/158c84f7-10fd-45e4-9bdc-30b6beed2d1e/current/log_inprogress_0
2019-11-19 00:07:10,323 [b9804938-182f-4054-8044-6072e531a40a@group-30B6BEED2D1E-SegmentedRaftLogWorker] INFO  segmented.SegmentedRaftLogWorker (SegmentedRaftLogWorker.java:execute(576)) - b9804938-182f-4054-8044-6072e531a40a@group-30B6BEED2D1E-SegmentedRaftLogWorker: created new log segment /workdir/hadoop-ozone/integration-test/target/test-dir/MiniOzoneClusterImpl-e12fca27-2987-495d-949a-a359bcbd3d99/datanode-2/data/ratis/158c84f7-10fd-45e4-9bdc-30b6beed2d1e/current/log_inprogress_0
2019-11-19 00:07:10,323 [7708ce6b-94dd-49f9-8895-392afc2c64db@group-30B6BEED2D1E-SegmentedRaftLogWorker] INFO  segmented.SegmentedRaftLogWorker (SegmentedRaftLogWorker.java:execute(576)) - 7708ce6b-94dd-49f9-8895-392afc2c64db@group-30B6BEED2D1E-SegmentedRaftLogWorker: created new log segment /workdir/hadoop-ozone/integration-test/target/test-dir/MiniOzoneClusterImpl-e12fca27-2987-495d-949a-a359bcbd3d99/datanode-1/data/ratis/158c84f7-10fd-45e4-9bdc-30b6beed2d1e/current/log_inprogress_0
00:07:10.369 [main] ERROR OMAudit - user=null | ip=null | op=READ_KEY {volume=closecontainerexceptionhandlingtest, bucket=closecontainerexceptionhandlingtest, key=61f8ea65-b5ba-4589-98f9-6aa7e48ecfa0, dataSize=0, replicationType=RATIS, replicationFactor=THREE, keyLocationInfo=null} | ret=FAILURE
java.lang.NullPointerException: null
	at org.apache.hadoop.ozone.om.KeyManagerImpl.refreshPipeline(KeyManagerImpl.java:689) ~[hadoop-ozone-ozone-manager-0.5.0-SNAPSHOT.jar:?]
	at org.apache.hadoop.ozone.om.KeyManagerImpl.lookupKey(KeyManagerImpl.java:651) ~[hadoop-ozone-ozone-manager-0.5.0-SNAPSHOT.jar:?]
	at org.apache.hadoop.ozone.om.OzoneManager.lookupKey(OzoneManager.java:2149) [hadoop-ozone-ozone-manager-0.5.0-SNAPSHOT.jar:?]
	at org.apache.hadoop.ozone.client.rpc.TestCloseContainerHandlingByClient.testBlockWriteViaRatis(TestCloseContainerHandlingByClient.java:429) [test-classes/:?]
	at sun.reflect.NativeMethodAccessorImpl.invoke0(Native Method) ~[?:1.8.0_222]
	at sun.reflect.NativeMethodAccessorImpl.invoke(NativeMethodAccessorImpl.java:62) ~[?:1.8.0_222]
	at sun.reflect.DelegatingMethodAccessorImpl.invoke(DelegatingMethodAccessorImpl.java:43) ~[?:1.8.0_222]
	at java.lang.reflect.Method.invoke(Method.java:498) ~[?:1.8.0_222]
	at org.junit.runners.model.FrameworkMethod$1.runReflectiveCall(FrameworkMethod.java:47) [junit-4.11.jar:?]
	at org.junit.internal.runners.model.ReflectiveCallable.run(ReflectiveCallable.java:12) [junit-4.11.jar:?]
	at org.junit.runners.model.FrameworkMethod.invokeExplosively(FrameworkMethod.java:44) [junit-4.11.jar:?]
	at org.junit.internal.runners.statements.InvokeMethod.evaluate(InvokeMethod.java:17) [junit-4.11.jar:?]
	at org.junit.runners.ParentRunner.runLeaf(ParentRunner.java:271) [junit-4.11.jar:?]
	at org.junit.runners.BlockJUnit4ClassRunner.runChild(BlockJUnit4ClassRunner.java:70) [junit-4.11.jar:?]
	at org.junit.runners.BlockJUnit4ClassRunner.runChild(BlockJUnit4ClassRunner.java:50) [junit-4.11.jar:?]
	at org.junit.runners.ParentRunner$3.run(ParentRunner.java:238) [junit-4.11.jar:?]
	at org.junit.runners.ParentRunner$1.schedule(ParentRunner.java:63) [junit-4.11.jar:?]
	at org.junit.runners.ParentRunner.runChildren(ParentRunner.java:236) [junit-4.11.jar:?]
	at org.junit.runners.ParentRunner.access$000(ParentRunner.java:53) [junit-4.11.jar:?]
	at org.junit.runners.ParentRunner$2.evaluate(ParentRunner.java:229) [junit-4.11.jar:?]
	at org.junit.internal.runners.statements.RunBefores.evaluate(RunBefores.java:26) [junit-4.11.jar:?]
	at org.junit.internal.runners.statements.RunAfters.evaluate(RunAfters.java:27) [junit-4.11.jar:?]
	at org.junit.runners.ParentRunner.run(ParentRunner.java:309) [junit-4.11.jar:?]
	at org.apache.maven.surefire.junit4.JUnit4Provider.execute(JUnit4Provider.java:365) [surefire-junit4-3.0.0-M1.jar:3.0.0-M1]
	at org.apache.maven.surefire.junit4.JUnit4Provider.executeWithRerun(JUnit4Provider.java:273) [surefire-junit4-3.0.0-M1.jar:3.0.0-M1]
	at org.apache.maven.surefire.junit4.JUnit4Provider.executeTestSet(JUnit4Provider.java:238) [surefire-junit4-3.0.0-M1.jar:3.0.0-M1]
	at org.apache.maven.surefire.junit4.JUnit4Provider.invoke(JUnit4Provider.java:159) [surefire-junit4-3.0.0-M1.jar:3.0.0-M1]
	at org.apache.maven.surefire.booter.ForkedBooter.invokeProviderInSameClassLoader(ForkedBooter.java:384) [surefire-booter-3.0.0-M1.jar:3.0.0-M1]
	at org.apache.maven.surefire.booter.ForkedBooter.runSuitesInProcess(ForkedBooter.java:345) [surefire-booter-3.0.0-M1.jar:3.0.0-M1]
	at org.apache.maven.surefire.booter.ForkedBooter.execute(ForkedBooter.java:126) [surefire-booter-3.0.0-M1.jar:3.0.0-M1]
	at org.apache.maven.surefire.booter.ForkedBooter.main(ForkedBooter.java:418) [surefire-booter-3.0.0-M1.jar:3.0.0-M1]
]]></system-out>
    <system-err><![CDATA[ERROR StatusLogger No Log4j 2 configuration file found. Using default configuration (logging only errors to the console), or user programmatically provided configurations. Set system property 'log4j2.debug' to show Log4j 2 internal initialization logging. See https://logging.apache.org/log4j/2.x/manual/configuration.html for instructions on how to configure Log4j 2
]]></system-err>
  </testcase>
  <testcase name="testBlockWritesWithFlushAndClose" classname="org.apache.hadoop.ozone.client.rpc.TestCloseContainerHandlingByClient" time="2.578">
    <error type="java.lang.NullPointerException">java.lang.NullPointerException
	at org.apache.hadoop.ozone.om.KeyManagerImpl.refreshPipeline(KeyManagerImpl.java:689)
	at org.apache.hadoop.ozone.om.KeyManagerImpl.lookupKey(KeyManagerImpl.java:651)
	at org.apache.hadoop.ozone.om.OzoneManager.lookupKey(OzoneManager.java:2149)
	at org.apache.hadoop.ozone.client.rpc.TestCloseContainerHandlingByClient.testBlockWritesWithFlushAndClose(TestCloseContainerHandlingByClient.java:144)
	at sun.reflect.NativeMethodAccessorImpl.invoke0(Native Method)
	at sun.reflect.NativeMethodAccessorImpl.invoke(NativeMethodAccessorImpl.java:62)
	at sun.reflect.DelegatingMethodAccessorImpl.invoke(DelegatingMethodAccessorImpl.java:43)
	at java.lang.reflect.Method.invoke(Method.java:498)
	at org.junit.runners.model.FrameworkMethod$1.runReflectiveCall(FrameworkMethod.java:47)
	at org.junit.internal.runners.model.ReflectiveCallable.run(ReflectiveCallable.java:12)
	at org.junit.runners.model.FrameworkMethod.invokeExplosively(FrameworkMethod.java:44)
	at org.junit.internal.runners.statements.InvokeMethod.evaluate(InvokeMethod.java:17)
	at org.junit.runners.ParentRunner.runLeaf(ParentRunner.java:271)
	at org.junit.runners.BlockJUnit4ClassRunner.runChild(BlockJUnit4ClassRunner.java:70)
	at org.junit.runners.BlockJUnit4ClassRunner.runChild(BlockJUnit4ClassRunner.java:50)
	at org.junit.runners.ParentRunner$3.run(ParentRunner.java:238)
	at org.junit.runners.ParentRunner$1.schedule(ParentRunner.java:63)
	at org.junit.runners.ParentRunner.runChildren(ParentRunner.java:236)
	at org.junit.runners.ParentRunner.access$000(ParentRunner.java:53)
	at org.junit.runners.ParentRunner$2.evaluate(ParentRunner.java:229)
	at org.junit.internal.runners.statements.RunBefores.evaluate(RunBefores.java:26)
	at org.junit.internal.runners.statements.RunAfters.evaluate(RunAfters.java:27)
	at org.junit.runners.ParentRunner.run(ParentRunner.java:309)
	at org.apache.maven.surefire.junit4.JUnit4Provider.execute(JUnit4Provider.java:365)
	at org.apache.maven.surefire.junit4.JUnit4Provider.executeWithRerun(JUnit4Provider.java:273)
	at org.apache.maven.surefire.junit4.JUnit4Provider.executeTestSet(JUnit4Provider.java:238)
	at org.apache.maven.surefire.junit4.JUnit4Provider.invoke(JUnit4Provider.java:159)
	at org.apache.maven.surefire.booter.ForkedBooter.invokeProviderInSameClassLoader(ForkedBooter.java:384)
	at org.apache.maven.surefire.booter.ForkedBooter.runSuitesInProcess(ForkedBooter.java:345)
	at org.apache.maven.surefire.booter.ForkedBooter.execute(ForkedBooter.java:126)
	at org.apache.maven.surefire.booter.ForkedBooter.main(ForkedBooter.java:418)
</error>
    <system-out><![CDATA[2019-11-19 00:07:10,937 [EventQueue-CloseContainerForCloseContainerEventHandler] INFO  container.CloseContainerEventHandler (CloseContainerEventHandler.java:onMessage(61)) - Close container Event triggered for container : #3
2019-11-19 00:07:10,937 [EventQueue-CloseContainerForCloseContainerEventHandler] INFO  container.CloseContainerEventHandler (CloseContainerEventHandler.java:onMessage(61)) - Close container Event triggered for container : #3
2019-11-19 00:07:10,937 [EventQueue-CloseContainerForCloseContainerEventHandler] INFO  container.CloseContainerEventHandler (CloseContainerEventHandler.java:onMessage(61)) - Close container Event triggered for container : #3
2019-11-19 00:07:12,182 [RatisApplyTransactionExecutor 3] INFO  interfaces.Container (KeyValueContainer.java:flushAndSyncDB(400)) - Container 3 is synced with bcsId 2.
2019-11-19 00:07:12,182 [RatisApplyTransactionExecutor 3] INFO  interfaces.Container (KeyValueContainer.java:flushAndSyncDB(400)) - Container 3 is synced with bcsId 2.
2019-11-19 00:07:12,198 [RatisApplyTransactionExecutor 3] INFO  interfaces.Container (KeyValueContainer.java:close(338)) - Container 3 is closed with bcsId 2.
2019-11-19 00:07:12,199 [EventQueue-IncrementalContainerReportForIncrementalContainerReportHandler] INFO  container.IncrementalContainerReportHandler (AbstractContainerReportHandler.java:updateContainerState(178)) - Moving container #3 to CLOSED state, datanode b9804938-182f-4054-8044-6072e531a40a{ip: 192.168.157.213, host: pr-hdds-2241-master-j9rj8-2432081592, networkLocation: /default-rack, certSerialId: null} reported CLOSED replica.
2019-11-19 00:07:12,227 [RatisApplyTransactionExecutor 3] INFO  interfaces.Container (KeyValueContainer.java:flushAndSyncDB(400)) - Container 3 is synced with bcsId 2.
2019-11-19 00:07:12,227 [RatisApplyTransactionExecutor 3] INFO  interfaces.Container (KeyValueContainer.java:flushAndSyncDB(400)) - Container 3 is synced with bcsId 2.
2019-11-19 00:07:12,227 [RatisApplyTransactionExecutor 3] INFO  interfaces.Container (KeyValueContainer.java:flushAndSyncDB(400)) - Container 3 is synced with bcsId 2.
2019-11-19 00:07:12,227 [RatisApplyTransactionExecutor 3] INFO  interfaces.Container (KeyValueContainer.java:flushAndSyncDB(400)) - Container 3 is synced with bcsId 2.
2019-11-19 00:07:12,244 [RatisApplyTransactionExecutor 3] INFO  interfaces.Container (KeyValueContainer.java:close(338)) - Container 3 is closed with bcsId 2.
2019-11-19 00:07:12,244 [RatisApplyTransactionExecutor 3] INFO  interfaces.Container (KeyValueContainer.java:close(338)) - Container 3 is closed with bcsId 2.
00:07:12.447 [grpc-default-executor-6] ERROR DNAudit - user=null | ip=null | op=WRITE_CHUNK {blockData=conID: 3 locID: 103161661383245827 bcsId: 2} | ret=FAILURE
org.apache.hadoop.hdds.scm.container.common.helpers.ContainerNotOpenException: Container 3 in CLOSED state
	at org.apache.hadoop.ozone.container.common.impl.HddsDispatcher.validateContainerCommand(HddsDispatcher.java:469) ~[hadoop-hdds-container-service-0.5.0-SNAPSHOT.jar:?]
	at org.apache.hadoop.ozone.container.common.transport.server.ratis.ContainerStateMachine.startTransaction(ContainerStateMachine.java:311) ~[hadoop-hdds-container-service-0.5.0-SNAPSHOT.jar:?]
	at org.apache.ratis.server.impl.RaftServerImpl.submitClientRequestAsync(RaftServerImpl.java:580) ~[ratis-server-0.5.0-d6d58d0-SNAPSHOT.jar:0.5.0-d6d58d0-SNAPSHOT]
	at org.apache.ratis.server.impl.RaftServerProxy.lambda$submitClientRequestAsync$7(RaftServerProxy.java:333) ~[ratis-server-0.5.0-d6d58d0-SNAPSHOT.jar:0.5.0-d6d58d0-SNAPSHOT]
	at org.apache.ratis.server.impl.RaftServerProxy.lambda$null$5(RaftServerProxy.java:328) ~[ratis-server-0.5.0-d6d58d0-SNAPSHOT.jar:0.5.0-d6d58d0-SNAPSHOT]
	at org.apache.ratis.util.JavaUtils.callAsUnchecked(JavaUtils.java:109) ~[ratis-common-0.5.0-d6d58d0-SNAPSHOT.jar:0.5.0-d6d58d0-SNAPSHOT]
	at org.apache.ratis.server.impl.RaftServerProxy.lambda$submitRequest$6(RaftServerProxy.java:328) ~[ratis-server-0.5.0-d6d58d0-SNAPSHOT.jar:0.5.0-d6d58d0-SNAPSHOT]
	at java.util.concurrent.CompletableFuture.uniComposeStage(CompletableFuture.java:981) ~[?:1.8.0_222]
	at java.util.concurrent.CompletableFuture.thenCompose(CompletableFuture.java:2124) ~[?:1.8.0_222]
	at org.apache.ratis.server.impl.RaftServerProxy.submitRequest(RaftServerProxy.java:327) ~[ratis-server-0.5.0-d6d58d0-SNAPSHOT.jar:0.5.0-d6d58d0-SNAPSHOT]
	at org.apache.ratis.server.impl.RaftServerProxy.submitClientRequestAsync(RaftServerProxy.java:333) ~[ratis-server-0.5.0-d6d58d0-SNAPSHOT.jar:0.5.0-d6d58d0-SNAPSHOT]
	at org.apache.ratis.grpc.client.GrpcClientProtocolService$RequestStreamObserver.processClientRequest(GrpcClientProtocolService.java:221) ~[ratis-grpc-0.5.0-d6d58d0-SNAPSHOT.jar:0.5.0-d6d58d0-SNAPSHOT]
	at org.apache.ratis.grpc.client.GrpcClientProtocolService$OrderedRequestStreamObserver.processClientRequest(GrpcClientProtocolService.java:327) ~[ratis-grpc-0.5.0-d6d58d0-SNAPSHOT.jar:0.5.0-d6d58d0-SNAPSHOT]
	at org.apache.ratis.util.SlidingWindow$Server.processRequestsFromHead(SlidingWindow.java:429) [ratis-common-0.5.0-d6d58d0-SNAPSHOT.jar:0.5.0-d6d58d0-SNAPSHOT]
	at org.apache.ratis.util.SlidingWindow$Server.receivedRequest(SlidingWindow.java:421) [ratis-common-0.5.0-d6d58d0-SNAPSHOT.jar:0.5.0-d6d58d0-SNAPSHOT]
	at org.apache.ratis.grpc.client.GrpcClientProtocolService$OrderedRequestStreamObserver.processClientRequest(GrpcClientProtocolService.java:346) [ratis-grpc-0.5.0-d6d58d0-SNAPSHOT.jar:0.5.0-d6d58d0-SNAPSHOT]
	at org.apache.ratis.grpc.client.GrpcClientProtocolService$RequestStreamObserver.onNext(GrpcClientProtocolService.java:241) [ratis-grpc-0.5.0-d6d58d0-SNAPSHOT.jar:0.5.0-d6d58d0-SNAPSHOT]
	at org.apache.ratis.grpc.client.GrpcClientProtocolService$RequestStreamObserver.onNext(GrpcClientProtocolService.java:168) [ratis-grpc-0.5.0-d6d58d0-SNAPSHOT.jar:0.5.0-d6d58d0-SNAPSHOT]
	at org.apache.ratis.thirdparty.io.grpc.stub.ServerCalls$StreamingServerCallHandler$StreamingServerCallListener.onMessage(ServerCalls.java:248) [ratis-thirdparty-misc-0.2.0.jar:0.2.0]
	at org.apache.ratis.thirdparty.io.grpc.internal.ServerCallImpl$ServerStreamListenerImpl.messagesAvailable(ServerCallImpl.java:263) [ratis-thirdparty-misc-0.2.0.jar:0.2.0]
	at org.apache.ratis.thirdparty.io.grpc.internal.ServerImpl$JumpToApplicationThreadServerStreamListener$1MessagesAvailable.runInContext(ServerImpl.java:686) [ratis-thirdparty-misc-0.2.0.jar:0.2.0]
	at org.apache.ratis.thirdparty.io.grpc.internal.ContextRunnable.run(ContextRunnable.java:37) [ratis-thirdparty-misc-0.2.0.jar:0.2.0]
	at org.apache.ratis.thirdparty.io.grpc.internal.SerializingExecutor.run(SerializingExecutor.java:123) [ratis-thirdparty-misc-0.2.0.jar:0.2.0]
	at java.util.concurrent.ThreadPoolExecutor.runWorker(ThreadPoolExecutor.java:1149) [?:1.8.0_222]
	at java.util.concurrent.ThreadPoolExecutor$Worker.run(ThreadPoolExecutor.java:624) [?:1.8.0_222]
	at java.lang.Thread.run(Thread.java:748) [?:1.8.0_222]
00:07:12.453 [grpc-default-executor-6] ERROR DNAudit - user=null | ip=null | op=PUT_BLOCK {blockData=[blockId=conID: 3 locID: 103161661383245827 bcsId: 0,size=2097152]} | ret=FAILURE
org.apache.hadoop.hdds.scm.container.common.helpers.ContainerNotOpenException: Container 3 in CLOSED state
	at org.apache.hadoop.ozone.container.common.impl.HddsDispatcher.validateContainerCommand(HddsDispatcher.java:469) ~[hadoop-hdds-container-service-0.5.0-SNAPSHOT.jar:?]
	at org.apache.hadoop.ozone.container.common.transport.server.ratis.ContainerStateMachine.startTransaction(ContainerStateMachine.java:311) ~[hadoop-hdds-container-service-0.5.0-SNAPSHOT.jar:?]
	at org.apache.ratis.server.impl.RaftServerImpl.submitClientRequestAsync(RaftServerImpl.java:580) ~[ratis-server-0.5.0-d6d58d0-SNAPSHOT.jar:0.5.0-d6d58d0-SNAPSHOT]
	at org.apache.ratis.server.impl.RaftServerProxy.lambda$submitClientRequestAsync$7(RaftServerProxy.java:333) ~[ratis-server-0.5.0-d6d58d0-SNAPSHOT.jar:0.5.0-d6d58d0-SNAPSHOT]
	at org.apache.ratis.server.impl.RaftServerProxy.lambda$null$5(RaftServerProxy.java:328) ~[ratis-server-0.5.0-d6d58d0-SNAPSHOT.jar:0.5.0-d6d58d0-SNAPSHOT]
	at org.apache.ratis.util.JavaUtils.callAsUnchecked(JavaUtils.java:109) ~[ratis-common-0.5.0-d6d58d0-SNAPSHOT.jar:0.5.0-d6d58d0-SNAPSHOT]
	at org.apache.ratis.server.impl.RaftServerProxy.lambda$submitRequest$6(RaftServerProxy.java:328) ~[ratis-server-0.5.0-d6d58d0-SNAPSHOT.jar:0.5.0-d6d58d0-SNAPSHOT]
	at java.util.concurrent.CompletableFuture.uniComposeStage(CompletableFuture.java:981) ~[?:1.8.0_222]
	at java.util.concurrent.CompletableFuture.thenCompose(CompletableFuture.java:2124) ~[?:1.8.0_222]
	at org.apache.ratis.server.impl.RaftServerProxy.submitRequest(RaftServerProxy.java:327) ~[ratis-server-0.5.0-d6d58d0-SNAPSHOT.jar:0.5.0-d6d58d0-SNAPSHOT]
	at org.apache.ratis.server.impl.RaftServerProxy.submitClientRequestAsync(RaftServerProxy.java:333) ~[ratis-server-0.5.0-d6d58d0-SNAPSHOT.jar:0.5.0-d6d58d0-SNAPSHOT]
	at org.apache.ratis.grpc.client.GrpcClientProtocolService$RequestStreamObserver.processClientRequest(GrpcClientProtocolService.java:221) ~[ratis-grpc-0.5.0-d6d58d0-SNAPSHOT.jar:0.5.0-d6d58d0-SNAPSHOT]
	at org.apache.ratis.grpc.client.GrpcClientProtocolService$OrderedRequestStreamObserver.processClientRequest(GrpcClientProtocolService.java:327) ~[ratis-grpc-0.5.0-d6d58d0-SNAPSHOT.jar:0.5.0-d6d58d0-SNAPSHOT]
	at org.apache.ratis.util.SlidingWindow$Server.processRequestsFromHead(SlidingWindow.java:429) [ratis-common-0.5.0-d6d58d0-SNAPSHOT.jar:0.5.0-d6d58d0-SNAPSHOT]
	at org.apache.ratis.util.SlidingWindow$Server.receivedRequest(SlidingWindow.java:421) [ratis-common-0.5.0-d6d58d0-SNAPSHOT.jar:0.5.0-d6d58d0-SNAPSHOT]
	at org.apache.ratis.grpc.client.GrpcClientProtocolService$OrderedRequestStreamObserver.processClientRequest(GrpcClientProtocolService.java:346) [ratis-grpc-0.5.0-d6d58d0-SNAPSHOT.jar:0.5.0-d6d58d0-SNAPSHOT]
	at org.apache.ratis.grpc.client.GrpcClientProtocolService$RequestStreamObserver.onNext(GrpcClientProtocolService.java:241) [ratis-grpc-0.5.0-d6d58d0-SNAPSHOT.jar:0.5.0-d6d58d0-SNAPSHOT]
	at org.apache.ratis.grpc.client.GrpcClientProtocolService$RequestStreamObserver.onNext(GrpcClientProtocolService.java:168) [ratis-grpc-0.5.0-d6d58d0-SNAPSHOT.jar:0.5.0-d6d58d0-SNAPSHOT]
	at org.apache.ratis.thirdparty.io.grpc.stub.ServerCalls$StreamingServerCallHandler$StreamingServerCallListener.onMessage(ServerCalls.java:248) [ratis-thirdparty-misc-0.2.0.jar:0.2.0]
	at org.apache.ratis.thirdparty.io.grpc.internal.ServerCallImpl$ServerStreamListenerImpl.messagesAvailable(ServerCallImpl.java:263) [ratis-thirdparty-misc-0.2.0.jar:0.2.0]
	at org.apache.ratis.thirdparty.io.grpc.internal.ServerImpl$JumpToApplicationThreadServerStreamListener$1MessagesAvailable.runInContext(ServerImpl.java:686) [ratis-thirdparty-misc-0.2.0.jar:0.2.0]
	at org.apache.ratis.thirdparty.io.grpc.internal.ContextRunnable.run(ContextRunnable.java:37) [ratis-thirdparty-misc-0.2.0.jar:0.2.0]
	at org.apache.ratis.thirdparty.io.grpc.internal.SerializingExecutor.run(SerializingExecutor.java:123) [ratis-thirdparty-misc-0.2.0.jar:0.2.0]
	at java.util.concurrent.ThreadPoolExecutor.runWorker(ThreadPoolExecutor.java:1149) [?:1.8.0_222]
	at java.util.concurrent.ThreadPoolExecutor$Worker.run(ThreadPoolExecutor.java:624) [?:1.8.0_222]
	at java.lang.Thread.run(Thread.java:748) [?:1.8.0_222]
2019-11-19 00:07:12,471 [main] INFO  io.BlockOutputStreamEntryPool (BlockOutputStreamEntryPool.java:allocateNewBlock(257)) - Allocating block with ExcludeList {datanodes = [], containerIds = [#3], pipelineIds = []}
00:07:12.955 [main] ERROR OMAudit - user=null | ip=null | op=READ_KEY {volume=closecontainerexceptionhandlingtest, bucket=closecontainerexceptionhandlingtest, key=6fbe58d9-6d18-4154-b3cc-5ae15b033c5a, dataSize=0, replicationType=RATIS, replicationFactor=ONE, keyLocationInfo=null} | ret=FAILURE
java.lang.NullPointerException: null
	at org.apache.hadoop.ozone.om.KeyManagerImpl.refreshPipeline(KeyManagerImpl.java:689) ~[hadoop-ozone-ozone-manager-0.5.0-SNAPSHOT.jar:?]
	at org.apache.hadoop.ozone.om.KeyManagerImpl.lookupKey(KeyManagerImpl.java:651) ~[hadoop-ozone-ozone-manager-0.5.0-SNAPSHOT.jar:?]
	at org.apache.hadoop.ozone.om.OzoneManager.lookupKey(OzoneManager.java:2149) [hadoop-ozone-ozone-manager-0.5.0-SNAPSHOT.jar:?]
	at org.apache.hadoop.ozone.client.rpc.TestCloseContainerHandlingByClient.testBlockWritesWithFlushAndClose(TestCloseContainerHandlingByClient.java:144) [test-classes/:?]
	at sun.reflect.NativeMethodAccessorImpl.invoke0(Native Method) ~[?:1.8.0_222]
	at sun.reflect.NativeMethodAccessorImpl.invoke(NativeMethodAccessorImpl.java:62) ~[?:1.8.0_222]
	at sun.reflect.DelegatingMethodAccessorImpl.invoke(DelegatingMethodAccessorImpl.java:43) ~[?:1.8.0_222]
	at java.lang.reflect.Method.invoke(Method.java:498) ~[?:1.8.0_222]
	at org.junit.runners.model.FrameworkMethod$1.runReflectiveCall(FrameworkMethod.java:47) [junit-4.11.jar:?]
	at org.junit.internal.runners.model.ReflectiveCallable.run(ReflectiveCallable.java:12) [junit-4.11.jar:?]
	at org.junit.runners.model.FrameworkMethod.invokeExplosively(FrameworkMethod.java:44) [junit-4.11.jar:?]
	at org.junit.internal.runners.statements.InvokeMethod.evaluate(InvokeMethod.java:17) [junit-4.11.jar:?]
	at org.junit.runners.ParentRunner.runLeaf(ParentRunner.java:271) [junit-4.11.jar:?]
	at org.junit.runners.BlockJUnit4ClassRunner.runChild(BlockJUnit4ClassRunner.java:70) [junit-4.11.jar:?]
	at org.junit.runners.BlockJUnit4ClassRunner.runChild(BlockJUnit4ClassRunner.java:50) [junit-4.11.jar:?]
	at org.junit.runners.ParentRunner$3.run(ParentRunner.java:238) [junit-4.11.jar:?]
	at org.junit.runners.ParentRunner$1.schedule(ParentRunner.java:63) [junit-4.11.jar:?]
	at org.junit.runners.ParentRunner.runChildren(ParentRunner.java:236) [junit-4.11.jar:?]
	at org.junit.runners.ParentRunner.access$000(ParentRunner.java:53) [junit-4.11.jar:?]
	at org.junit.runners.ParentRunner$2.evaluate(ParentRunner.java:229) [junit-4.11.jar:?]
	at org.junit.internal.runners.statements.RunBefores.evaluate(RunBefores.java:26) [junit-4.11.jar:?]
	at org.junit.internal.runners.statements.RunAfters.evaluate(RunAfters.java:27) [junit-4.11.jar:?]
	at org.junit.runners.ParentRunner.run(ParentRunner.java:309) [junit-4.11.jar:?]
	at org.apache.maven.surefire.junit4.JUnit4Provider.execute(JUnit4Provider.java:365) [surefire-junit4-3.0.0-M1.jar:3.0.0-M1]
	at org.apache.maven.surefire.junit4.JUnit4Provider.executeWithRerun(JUnit4Provider.java:273) [surefire-junit4-3.0.0-M1.jar:3.0.0-M1]
	at org.apache.maven.surefire.junit4.JUnit4Provider.executeTestSet(JUnit4Provider.java:238) [surefire-junit4-3.0.0-M1.jar:3.0.0-M1]
	at org.apache.maven.surefire.junit4.JUnit4Provider.invoke(JUnit4Provider.java:159) [surefire-junit4-3.0.0-M1.jar:3.0.0-M1]
	at org.apache.maven.surefire.booter.ForkedBooter.invokeProviderInSameClassLoader(ForkedBooter.java:384) [surefire-booter-3.0.0-M1.jar:3.0.0-M1]
	at org.apache.maven.surefire.booter.ForkedBooter.runSuitesInProcess(ForkedBooter.java:345) [surefire-booter-3.0.0-M1.jar:3.0.0-M1]
	at org.apache.maven.surefire.booter.ForkedBooter.execute(ForkedBooter.java:126) [surefire-booter-3.0.0-M1.jar:3.0.0-M1]
	at org.apache.maven.surefire.booter.ForkedBooter.main(ForkedBooter.java:418) [surefire-booter-3.0.0-M1.jar:3.0.0-M1]
]]></system-out>
  </testcase>
  <testcase name="testBlockWritesCloseConsistency" classname="org.apache.hadoop.ozone.client.rpc.TestCloseContainerHandlingByClient" time="1.858">
    <error type="java.lang.NullPointerException">java.lang.NullPointerException
	at org.apache.hadoop.ozone.om.KeyManagerImpl.refreshPipeline(KeyManagerImpl.java:689)
	at org.apache.hadoop.ozone.om.KeyManagerImpl.lookupKey(KeyManagerImpl.java:651)
	at org.apache.hadoop.ozone.om.OzoneManager.lookupKey(OzoneManager.java:2149)
	at org.apache.hadoop.ozone.client.rpc.TestCloseContainerHandlingByClient.testBlockWritesCloseConsistency(TestCloseContainerHandlingByClient.java:176)
	at sun.reflect.NativeMethodAccessorImpl.invoke0(Native Method)
	at sun.reflect.NativeMethodAccessorImpl.invoke(NativeMethodAccessorImpl.java:62)
	at sun.reflect.DelegatingMethodAccessorImpl.invoke(DelegatingMethodAccessorImpl.java:43)
	at java.lang.reflect.Method.invoke(Method.java:498)
	at org.junit.runners.model.FrameworkMethod$1.runReflectiveCall(FrameworkMethod.java:47)
	at org.junit.internal.runners.model.ReflectiveCallable.run(ReflectiveCallable.java:12)
	at org.junit.runners.model.FrameworkMethod.invokeExplosively(FrameworkMethod.java:44)
	at org.junit.internal.runners.statements.InvokeMethod.evaluate(InvokeMethod.java:17)
	at org.junit.runners.ParentRunner.runLeaf(ParentRunner.java:271)
	at org.junit.runners.BlockJUnit4ClassRunner.runChild(BlockJUnit4ClassRunner.java:70)
	at org.junit.runners.BlockJUnit4ClassRunner.runChild(BlockJUnit4ClassRunner.java:50)
	at org.junit.runners.ParentRunner$3.run(ParentRunner.java:238)
	at org.junit.runners.ParentRunner$1.schedule(ParentRunner.java:63)
	at org.junit.runners.ParentRunner.runChildren(ParentRunner.java:236)
	at org.junit.runners.ParentRunner.access$000(ParentRunner.java:53)
	at org.junit.runners.ParentRunner$2.evaluate(ParentRunner.java:229)
	at org.junit.internal.runners.statements.RunBefores.evaluate(RunBefores.java:26)
	at org.junit.internal.runners.statements.RunAfters.evaluate(RunAfters.java:27)
	at org.junit.runners.ParentRunner.run(ParentRunner.java:309)
	at org.apache.maven.surefire.junit4.JUnit4Provider.execute(JUnit4Provider.java:365)
	at org.apache.maven.surefire.junit4.JUnit4Provider.executeWithRerun(JUnit4Provider.java:273)
	at org.apache.maven.surefire.junit4.JUnit4Provider.executeTestSet(JUnit4Provider.java:238)
	at org.apache.maven.surefire.junit4.JUnit4Provider.invoke(JUnit4Provider.java:159)
	at org.apache.maven.surefire.booter.ForkedBooter.invokeProviderInSameClassLoader(ForkedBooter.java:384)
	at org.apache.maven.surefire.booter.ForkedBooter.runSuitesInProcess(ForkedBooter.java:345)
	at org.apache.maven.surefire.booter.ForkedBooter.execute(ForkedBooter.java:126)
	at org.apache.maven.surefire.booter.ForkedBooter.main(ForkedBooter.java:418)
</error>
    <system-out><![CDATA[2019-11-19 00:07:13,507 [EventQueue-CloseContainerForCloseContainerEventHandler] INFO  container.CloseContainerEventHandler (CloseContainerEventHandler.java:onMessage(61)) - Close container Event triggered for container : #5
2019-11-19 00:07:13,508 [EventQueue-CloseContainerForCloseContainerEventHandler] INFO  container.CloseContainerEventHandler (CloseContainerEventHandler.java:onMessage(61)) - Close container Event triggered for container : #5
2019-11-19 00:07:13,508 [EventQueue-CloseContainerForCloseContainerEventHandler] INFO  container.CloseContainerEventHandler (CloseContainerEventHandler.java:onMessage(61)) - Close container Event triggered for container : #5
2019-11-19 00:07:14,253 [RatisApplyTransactionExecutor 5] INFO  interfaces.Container (KeyValueContainer.java:flushAndSyncDB(400)) - Container 5 is synced with bcsId 16.
2019-11-19 00:07:14,253 [RatisApplyTransactionExecutor 5] INFO  interfaces.Container (KeyValueContainer.java:flushAndSyncDB(400)) - Container 5 is synced with bcsId 16.
2019-11-19 00:07:14,266 [RatisApplyTransactionExecutor 5] INFO  interfaces.Container (KeyValueContainer.java:flushAndSyncDB(400)) - Container 5 is synced with bcsId 16.
2019-11-19 00:07:14,266 [RatisApplyTransactionExecutor 5] INFO  interfaces.Container (KeyValueContainer.java:flushAndSyncDB(400)) - Container 5 is synced with bcsId 16.
2019-11-19 00:07:14,267 [RatisApplyTransactionExecutor 5] INFO  interfaces.Container (KeyValueContainer.java:close(338)) - Container 5 is closed with bcsId 16.
2019-11-19 00:07:14,267 [RatisApplyTransactionExecutor 5] INFO  interfaces.Container (KeyValueContainer.java:flushAndSyncDB(400)) - Container 5 is synced with bcsId 16.
2019-11-19 00:07:14,267 [RatisApplyTransactionExecutor 5] INFO  interfaces.Container (KeyValueContainer.java:flushAndSyncDB(400)) - Container 5 is synced with bcsId 16.
2019-11-19 00:07:14,268 [EventQueue-IncrementalContainerReportForIncrementalContainerReportHandler] INFO  container.IncrementalContainerReportHandler (AbstractContainerReportHandler.java:updateContainerState(178)) - Moving container #5 to CLOSED state, datanode b9804938-182f-4054-8044-6072e531a40a{ip: 192.168.157.213, host: pr-hdds-2241-master-j9rj8-2432081592, networkLocation: /default-rack, certSerialId: null} reported CLOSED replica.
2019-11-19 00:07:14,291 [RatisApplyTransactionExecutor 5] INFO  interfaces.Container (KeyValueContainer.java:close(338)) - Container 5 is closed with bcsId 16.
2019-11-19 00:07:14,291 [RatisApplyTransactionExecutor 5] INFO  interfaces.Container (KeyValueContainer.java:close(338)) - Container 5 is closed with bcsId 16.
00:07:14.512 [grpc-default-executor-8] ERROR DNAudit - user=null | ip=null | op=WRITE_CHUNK {blockData=conID: 5 locID: 103161661552263174 bcsId: 16} | ret=FAILURE
org.apache.hadoop.hdds.scm.container.common.helpers.ContainerNotOpenException: Container 5 in CLOSED state
	at org.apache.hadoop.ozone.container.common.impl.HddsDispatcher.validateContainerCommand(HddsDispatcher.java:469) ~[hadoop-hdds-container-service-0.5.0-SNAPSHOT.jar:?]
	at org.apache.hadoop.ozone.container.common.transport.server.ratis.ContainerStateMachine.startTransaction(ContainerStateMachine.java:311) ~[hadoop-hdds-container-service-0.5.0-SNAPSHOT.jar:?]
	at org.apache.ratis.server.impl.RaftServerImpl.submitClientRequestAsync(RaftServerImpl.java:580) ~[ratis-server-0.5.0-d6d58d0-SNAPSHOT.jar:0.5.0-d6d58d0-SNAPSHOT]
	at org.apache.ratis.server.impl.RaftServerProxy.lambda$submitClientRequestAsync$7(RaftServerProxy.java:333) ~[ratis-server-0.5.0-d6d58d0-SNAPSHOT.jar:0.5.0-d6d58d0-SNAPSHOT]
	at org.apache.ratis.server.impl.RaftServerProxy.lambda$null$5(RaftServerProxy.java:328) ~[ratis-server-0.5.0-d6d58d0-SNAPSHOT.jar:0.5.0-d6d58d0-SNAPSHOT]
	at org.apache.ratis.util.JavaUtils.callAsUnchecked(JavaUtils.java:109) ~[ratis-common-0.5.0-d6d58d0-SNAPSHOT.jar:0.5.0-d6d58d0-SNAPSHOT]
	at org.apache.ratis.server.impl.RaftServerProxy.lambda$submitRequest$6(RaftServerProxy.java:328) ~[ratis-server-0.5.0-d6d58d0-SNAPSHOT.jar:0.5.0-d6d58d0-SNAPSHOT]
	at java.util.concurrent.CompletableFuture.uniComposeStage(CompletableFuture.java:981) ~[?:1.8.0_222]
	at java.util.concurrent.CompletableFuture.thenCompose(CompletableFuture.java:2124) ~[?:1.8.0_222]
	at org.apache.ratis.server.impl.RaftServerProxy.submitRequest(RaftServerProxy.java:327) ~[ratis-server-0.5.0-d6d58d0-SNAPSHOT.jar:0.5.0-d6d58d0-SNAPSHOT]
	at org.apache.ratis.server.impl.RaftServerProxy.submitClientRequestAsync(RaftServerProxy.java:333) ~[ratis-server-0.5.0-d6d58d0-SNAPSHOT.jar:0.5.0-d6d58d0-SNAPSHOT]
	at org.apache.ratis.grpc.client.GrpcClientProtocolService$RequestStreamObserver.processClientRequest(GrpcClientProtocolService.java:221) ~[ratis-grpc-0.5.0-d6d58d0-SNAPSHOT.jar:0.5.0-d6d58d0-SNAPSHOT]
	at org.apache.ratis.grpc.client.GrpcClientProtocolService$OrderedRequestStreamObserver.processClientRequest(GrpcClientProtocolService.java:327) ~[ratis-grpc-0.5.0-d6d58d0-SNAPSHOT.jar:0.5.0-d6d58d0-SNAPSHOT]
	at org.apache.ratis.util.SlidingWindow$Server.processRequestsFromHead(SlidingWindow.java:429) [ratis-common-0.5.0-d6d58d0-SNAPSHOT.jar:0.5.0-d6d58d0-SNAPSHOT]
	at org.apache.ratis.util.SlidingWindow$Server.receivedRequest(SlidingWindow.java:421) [ratis-common-0.5.0-d6d58d0-SNAPSHOT.jar:0.5.0-d6d58d0-SNAPSHOT]
	at org.apache.ratis.grpc.client.GrpcClientProtocolService$OrderedRequestStreamObserver.processClientRequest(GrpcClientProtocolService.java:346) [ratis-grpc-0.5.0-d6d58d0-SNAPSHOT.jar:0.5.0-d6d58d0-SNAPSHOT]
	at org.apache.ratis.grpc.client.GrpcClientProtocolService$RequestStreamObserver.onNext(GrpcClientProtocolService.java:241) [ratis-grpc-0.5.0-d6d58d0-SNAPSHOT.jar:0.5.0-d6d58d0-SNAPSHOT]
	at org.apache.ratis.grpc.client.GrpcClientProtocolService$RequestStreamObserver.onNext(GrpcClientProtocolService.java:168) [ratis-grpc-0.5.0-d6d58d0-SNAPSHOT.jar:0.5.0-d6d58d0-SNAPSHOT]
	at org.apache.ratis.thirdparty.io.grpc.stub.ServerCalls$StreamingServerCallHandler$StreamingServerCallListener.onMessage(ServerCalls.java:248) [ratis-thirdparty-misc-0.2.0.jar:0.2.0]
	at org.apache.ratis.thirdparty.io.grpc.internal.ServerCallImpl$ServerStreamListenerImpl.messagesAvailable(ServerCallImpl.java:263) [ratis-thirdparty-misc-0.2.0.jar:0.2.0]
	at org.apache.ratis.thirdparty.io.grpc.internal.ServerImpl$JumpToApplicationThreadServerStreamListener$1MessagesAvailable.runInContext(ServerImpl.java:686) [ratis-thirdparty-misc-0.2.0.jar:0.2.0]
	at org.apache.ratis.thirdparty.io.grpc.internal.ContextRunnable.run(ContextRunnable.java:37) [ratis-thirdparty-misc-0.2.0.jar:0.2.0]
	at org.apache.ratis.thirdparty.io.grpc.internal.SerializingExecutor.run(SerializingExecutor.java:123) [ratis-thirdparty-misc-0.2.0.jar:0.2.0]
	at java.util.concurrent.ThreadPoolExecutor.runWorker(ThreadPoolExecutor.java:1149) [?:1.8.0_222]
	at java.util.concurrent.ThreadPoolExecutor$Worker.run(ThreadPoolExecutor.java:624) [?:1.8.0_222]
	at java.lang.Thread.run(Thread.java:748) [?:1.8.0_222]
00:07:14.519 [grpc-default-executor-8] ERROR DNAudit - user=null | ip=null | op=PUT_BLOCK {blockData=[blockId=conID: 5 locID: 103161661552263174 bcsId: 0,size=1572864]} | ret=FAILURE
org.apache.hadoop.hdds.scm.container.common.helpers.ContainerNotOpenException: Container 5 in CLOSED state
	at org.apache.hadoop.ozone.container.common.impl.HddsDispatcher.validateContainerCommand(HddsDispatcher.java:469) ~[hadoop-hdds-container-service-0.5.0-SNAPSHOT.jar:?]
	at org.apache.hadoop.ozone.container.common.transport.server.ratis.ContainerStateMachine.startTransaction(ContainerStateMachine.java:311) ~[hadoop-hdds-container-service-0.5.0-SNAPSHOT.jar:?]
	at org.apache.ratis.server.impl.RaftServerImpl.submitClientRequestAsync(RaftServerImpl.java:580) ~[ratis-server-0.5.0-d6d58d0-SNAPSHOT.jar:0.5.0-d6d58d0-SNAPSHOT]
	at org.apache.ratis.server.impl.RaftServerProxy.lambda$submitClientRequestAsync$7(RaftServerProxy.java:333) ~[ratis-server-0.5.0-d6d58d0-SNAPSHOT.jar:0.5.0-d6d58d0-SNAPSHOT]
	at org.apache.ratis.server.impl.RaftServerProxy.lambda$null$5(RaftServerProxy.java:328) ~[ratis-server-0.5.0-d6d58d0-SNAPSHOT.jar:0.5.0-d6d58d0-SNAPSHOT]
	at org.apache.ratis.util.JavaUtils.callAsUnchecked(JavaUtils.java:109) ~[ratis-common-0.5.0-d6d58d0-SNAPSHOT.jar:0.5.0-d6d58d0-SNAPSHOT]
	at org.apache.ratis.server.impl.RaftServerProxy.lambda$submitRequest$6(RaftServerProxy.java:328) ~[ratis-server-0.5.0-d6d58d0-SNAPSHOT.jar:0.5.0-d6d58d0-SNAPSHOT]
	at java.util.concurrent.CompletableFuture.uniComposeStage(CompletableFuture.java:981) ~[?:1.8.0_222]
	at java.util.concurrent.CompletableFuture.thenCompose(CompletableFuture.java:2124) ~[?:1.8.0_222]
	at org.apache.ratis.server.impl.RaftServerProxy.submitRequest(RaftServerProxy.java:327) ~[ratis-server-0.5.0-d6d58d0-SNAPSHOT.jar:0.5.0-d6d58d0-SNAPSHOT]
	at org.apache.ratis.server.impl.RaftServerProxy.submitClientRequestAsync(RaftServerProxy.java:333) ~[ratis-server-0.5.0-d6d58d0-SNAPSHOT.jar:0.5.0-d6d58d0-SNAPSHOT]
	at org.apache.ratis.grpc.client.GrpcClientProtocolService$RequestStreamObserver.processClientRequest(GrpcClientProtocolService.java:221) ~[ratis-grpc-0.5.0-d6d58d0-SNAPSHOT.jar:0.5.0-d6d58d0-SNAPSHOT]
	at org.apache.ratis.grpc.client.GrpcClientProtocolService$OrderedRequestStreamObserver.processClientRequest(GrpcClientProtocolService.java:327) ~[ratis-grpc-0.5.0-d6d58d0-SNAPSHOT.jar:0.5.0-d6d58d0-SNAPSHOT]
	at org.apache.ratis.util.SlidingWindow$Server.processRequestsFromHead(SlidingWindow.java:429) [ratis-common-0.5.0-d6d58d0-SNAPSHOT.jar:0.5.0-d6d58d0-SNAPSHOT]
	at org.apache.ratis.util.SlidingWindow$Server.receivedRequest(SlidingWindow.java:421) [ratis-common-0.5.0-d6d58d0-SNAPSHOT.jar:0.5.0-d6d58d0-SNAPSHOT]
	at org.apache.ratis.grpc.client.GrpcClientProtocolService$OrderedRequestStreamObserver.processClientRequest(GrpcClientProtocolService.java:346) [ratis-grpc-0.5.0-d6d58d0-SNAPSHOT.jar:0.5.0-d6d58d0-SNAPSHOT]
	at org.apache.ratis.grpc.client.GrpcClientProtocolService$RequestStreamObserver.onNext(GrpcClientProtocolService.java:241) [ratis-grpc-0.5.0-d6d58d0-SNAPSHOT.jar:0.5.0-d6d58d0-SNAPSHOT]
	at org.apache.ratis.grpc.client.GrpcClientProtocolService$RequestStreamObserver.onNext(GrpcClientProtocolService.java:168) [ratis-grpc-0.5.0-d6d58d0-SNAPSHOT.jar:0.5.0-d6d58d0-SNAPSHOT]
	at org.apache.ratis.thirdparty.io.grpc.stub.ServerCalls$StreamingServerCallHandler$StreamingServerCallListener.onMessage(ServerCalls.java:248) [ratis-thirdparty-misc-0.2.0.jar:0.2.0]
	at org.apache.ratis.thirdparty.io.grpc.internal.ServerCallImpl$ServerStreamListenerImpl.messagesAvailable(ServerCallImpl.java:263) [ratis-thirdparty-misc-0.2.0.jar:0.2.0]
	at org.apache.ratis.thirdparty.io.grpc.internal.ServerImpl$JumpToApplicationThreadServerStreamListener$1MessagesAvailable.runInContext(ServerImpl.java:686) [ratis-thirdparty-misc-0.2.0.jar:0.2.0]
	at org.apache.ratis.thirdparty.io.grpc.internal.ContextRunnable.run(ContextRunnable.java:37) [ratis-thirdparty-misc-0.2.0.jar:0.2.0]
	at org.apache.ratis.thirdparty.io.grpc.internal.SerializingExecutor.run(SerializingExecutor.java:123) [ratis-thirdparty-misc-0.2.0.jar:0.2.0]
	at java.util.concurrent.ThreadPoolExecutor.runWorker(ThreadPoolExecutor.java:1149) [?:1.8.0_222]
	at java.util.concurrent.ThreadPoolExecutor$Worker.run(ThreadPoolExecutor.java:624) [?:1.8.0_222]
	at java.lang.Thread.run(Thread.java:748) [?:1.8.0_222]
2019-11-19 00:07:14,531 [main] INFO  io.BlockOutputStreamEntryPool (BlockOutputStreamEntryPool.java:allocateNewBlock(257)) - Allocating block with ExcludeList {datanodes = [], containerIds = [#5], pipelineIds = []}
00:07:14.813 [main] ERROR OMAudit - user=null | ip=null | op=READ_KEY {volume=closecontainerexceptionhandlingtest, bucket=closecontainerexceptionhandlingtest, key=86078eb9-0b44-4944-be58-bd091df280ba, dataSize=0, replicationType=RATIS, replicationFactor=ONE, keyLocationInfo=null} | ret=FAILURE
java.lang.NullPointerException: null
	at org.apache.hadoop.ozone.om.KeyManagerImpl.refreshPipeline(KeyManagerImpl.java:689) ~[hadoop-ozone-ozone-manager-0.5.0-SNAPSHOT.jar:?]
	at org.apache.hadoop.ozone.om.KeyManagerImpl.lookupKey(KeyManagerImpl.java:651) ~[hadoop-ozone-ozone-manager-0.5.0-SNAPSHOT.jar:?]
	at org.apache.hadoop.ozone.om.OzoneManager.lookupKey(OzoneManager.java:2149) [hadoop-ozone-ozone-manager-0.5.0-SNAPSHOT.jar:?]
	at org.apache.hadoop.ozone.client.rpc.TestCloseContainerHandlingByClient.testBlockWritesCloseConsistency(TestCloseContainerHandlingByClient.java:176) [test-classes/:?]
	at sun.reflect.NativeMethodAccessorImpl.invoke0(Native Method) ~[?:1.8.0_222]
	at sun.reflect.NativeMethodAccessorImpl.invoke(NativeMethodAccessorImpl.java:62) ~[?:1.8.0_222]
	at sun.reflect.DelegatingMethodAccessorImpl.invoke(DelegatingMethodAccessorImpl.java:43) ~[?:1.8.0_222]
	at java.lang.reflect.Method.invoke(Method.java:498) ~[?:1.8.0_222]
	at org.junit.runners.model.FrameworkMethod$1.runReflectiveCall(FrameworkMethod.java:47) [junit-4.11.jar:?]
	at org.junit.internal.runners.model.ReflectiveCallable.run(ReflectiveCallable.java:12) [junit-4.11.jar:?]
	at org.junit.runners.model.FrameworkMethod.invokeExplosively(FrameworkMethod.java:44) [junit-4.11.jar:?]
	at org.junit.internal.runners.statements.InvokeMethod.evaluate(InvokeMethod.java:17) [junit-4.11.jar:?]
	at org.junit.runners.ParentRunner.runLeaf(ParentRunner.java:271) [junit-4.11.jar:?]
	at org.junit.runners.BlockJUnit4ClassRunner.runChild(BlockJUnit4ClassRunner.java:70) [junit-4.11.jar:?]
	at org.junit.runners.BlockJUnit4ClassRunner.runChild(BlockJUnit4ClassRunner.java:50) [junit-4.11.jar:?]
	at org.junit.runners.ParentRunner$3.run(ParentRunner.java:238) [junit-4.11.jar:?]
	at org.junit.runners.ParentRunner$1.schedule(ParentRunner.java:63) [junit-4.11.jar:?]
	at org.junit.runners.ParentRunner.runChildren(ParentRunner.java:236) [junit-4.11.jar:?]
	at org.junit.runners.ParentRunner.access$000(ParentRunner.java:53) [junit-4.11.jar:?]
	at org.junit.runners.ParentRunner$2.evaluate(ParentRunner.java:229) [junit-4.11.jar:?]
	at org.junit.internal.runners.statements.RunBefores.evaluate(RunBefores.java:26) [junit-4.11.jar:?]
	at org.junit.internal.runners.statements.RunAfters.evaluate(RunAfters.java:27) [junit-4.11.jar:?]
	at org.junit.runners.ParentRunner.run(ParentRunner.java:309) [junit-4.11.jar:?]
	at org.apache.maven.surefire.junit4.JUnit4Provider.execute(JUnit4Provider.java:365) [surefire-junit4-3.0.0-M1.jar:3.0.0-M1]
	at org.apache.maven.surefire.junit4.JUnit4Provider.executeWithRerun(JUnit4Provider.java:273) [surefire-junit4-3.0.0-M1.jar:3.0.0-M1]
	at org.apache.maven.surefire.junit4.JUnit4Provider.executeTestSet(JUnit4Provider.java:238) [surefire-junit4-3.0.0-M1.jar:3.0.0-M1]
	at org.apache.maven.surefire.junit4.JUnit4Provider.invoke(JUnit4Provider.java:159) [surefire-junit4-3.0.0-M1.jar:3.0.0-M1]
	at org.apache.maven.surefire.booter.ForkedBooter.invokeProviderInSameClassLoader(ForkedBooter.java:384) [surefire-booter-3.0.0-M1.jar:3.0.0-M1]
	at org.apache.maven.surefire.booter.ForkedBooter.runSuitesInProcess(ForkedBooter.java:345) [surefire-booter-3.0.0-M1.jar:3.0.0-M1]
	at org.apache.maven.surefire.booter.ForkedBooter.execute(ForkedBooter.java:126) [surefire-booter-3.0.0-M1.jar:3.0.0-M1]
	at org.apache.maven.surefire.booter.ForkedBooter.main(ForkedBooter.java:418) [surefire-booter-3.0.0-M1.jar:3.0.0-M1]
]]></system-out>
  </testcase>
  <testcase name="testMultiBlockWrites" classname="org.apache.hadoop.ozone.client.rpc.TestCloseContainerHandlingByClient" time="2.976">
    <error type="java.lang.NullPointerException">java.lang.NullPointerException
	at org.apache.hadoop.ozone.om.KeyManagerImpl.refreshPipeline(KeyManagerImpl.java:689)
	at org.apache.hadoop.ozone.om.KeyManagerImpl.lookupKey(KeyManagerImpl.java:651)
	at org.apache.hadoop.ozone.om.OzoneManager.lookupKey(OzoneManager.java:2149)
	at org.apache.hadoop.ozone.client.rpc.TestCloseContainerHandlingByClient.testMultiBlockWrites(TestCloseContainerHandlingByClient.java:215)
	at sun.reflect.NativeMethodAccessorImpl.invoke0(Native Method)
	at sun.reflect.NativeMethodAccessorImpl.invoke(NativeMethodAccessorImpl.java:62)
	at sun.reflect.DelegatingMethodAccessorImpl.invoke(DelegatingMethodAccessorImpl.java:43)
	at java.lang.reflect.Method.invoke(Method.java:498)
	at org.junit.runners.model.FrameworkMethod$1.runReflectiveCall(FrameworkMethod.java:47)
	at org.junit.internal.runners.model.ReflectiveCallable.run(ReflectiveCallable.java:12)
	at org.junit.runners.model.FrameworkMethod.invokeExplosively(FrameworkMethod.java:44)
	at org.junit.internal.runners.statements.InvokeMethod.evaluate(InvokeMethod.java:17)
	at org.junit.runners.ParentRunner.runLeaf(ParentRunner.java:271)
	at org.junit.runners.BlockJUnit4ClassRunner.runChild(BlockJUnit4ClassRunner.java:70)
	at org.junit.runners.BlockJUnit4ClassRunner.runChild(BlockJUnit4ClassRunner.java:50)
	at org.junit.runners.ParentRunner$3.run(ParentRunner.java:238)
	at org.junit.runners.ParentRunner$1.schedule(ParentRunner.java:63)
	at org.junit.runners.ParentRunner.runChildren(ParentRunner.java:236)
	at org.junit.runners.ParentRunner.access$000(ParentRunner.java:53)
	at org.junit.runners.ParentRunner$2.evaluate(ParentRunner.java:229)
	at org.junit.internal.runners.statements.RunBefores.evaluate(RunBefores.java:26)
	at org.junit.internal.runners.statements.RunAfters.evaluate(RunAfters.java:27)
	at org.junit.runners.ParentRunner.run(ParentRunner.java:309)
	at org.apache.maven.surefire.junit4.JUnit4Provider.execute(JUnit4Provider.java:365)
	at org.apache.maven.surefire.junit4.JUnit4Provider.executeWithRerun(JUnit4Provider.java:273)
	at org.apache.maven.surefire.junit4.JUnit4Provider.executeTestSet(JUnit4Provider.java:238)
	at org.apache.maven.surefire.junit4.JUnit4Provider.invoke(JUnit4Provider.java:159)
	at org.apache.maven.surefire.booter.ForkedBooter.invokeProviderInSameClassLoader(ForkedBooter.java:384)
	at org.apache.maven.surefire.booter.ForkedBooter.runSuitesInProcess(ForkedBooter.java:345)
	at org.apache.maven.surefire.booter.ForkedBooter.execute(ForkedBooter.java:126)
	at org.apache.maven.surefire.booter.ForkedBooter.main(ForkedBooter.java:418)
</error>
    <system-out><![CDATA[2019-11-19 00:07:15,699 [EventQueue-CloseContainerForCloseContainerEventHandler] INFO  container.CloseContainerEventHandler (CloseContainerEventHandler.java:onMessage(61)) - Close container Event triggered for container : #7
2019-11-19 00:07:15,699 [EventQueue-CloseContainerForCloseContainerEventHandler] INFO  container.CloseContainerEventHandler (CloseContainerEventHandler.java:onMessage(61)) - Close container Event triggered for container : #7
2019-11-19 00:07:15,699 [EventQueue-CloseContainerForCloseContainerEventHandler] INFO  container.CloseContainerEventHandler (CloseContainerEventHandler.java:onMessage(61)) - Close container Event triggered for container : #7
2019-11-19 00:07:15,700 [EventQueue-CloseContainerForCloseContainerEventHandler] INFO  container.CloseContainerEventHandler (CloseContainerEventHandler.java:onMessage(61)) - Close container Event triggered for container : #2
2019-11-19 00:07:15,700 [EventQueue-CloseContainerForCloseContainerEventHandler] INFO  container.CloseContainerEventHandler (CloseContainerEventHandler.java:onMessage(61)) - Close container Event triggered for container : #2
2019-11-19 00:07:15,700 [EventQueue-CloseContainerForCloseContainerEventHandler] INFO  container.CloseContainerEventHandler (CloseContainerEventHandler.java:onMessage(61)) - Close container Event triggered for container : #2
2019-11-19 00:07:15,700 [EventQueue-CloseContainerForCloseContainerEventHandler] INFO  container.CloseContainerEventHandler (CloseContainerEventHandler.java:onMessage(61)) - Close container Event triggered for container : #6
2019-11-19 00:07:15,700 [EventQueue-CloseContainerForCloseContainerEventHandler] INFO  container.CloseContainerEventHandler (CloseContainerEventHandler.java:onMessage(61)) - Close container Event triggered for container : #6
2019-11-19 00:07:15,700 [EventQueue-CloseContainerForCloseContainerEventHandler] INFO  container.CloseContainerEventHandler (CloseContainerEventHandler.java:onMessage(61)) - Close container Event triggered for container : #6
2019-11-19 00:07:16,795 [RatisApplyTransactionExecutor 7] INFO  interfaces.Container (KeyValueContainer.java:flushAndSyncDB(400)) - Container 7 is synced with bcsId 29.
2019-11-19 00:07:16,796 [RatisApplyTransactionExecutor 7] INFO  interfaces.Container (KeyValueContainer.java:flushAndSyncDB(400)) - Container 7 is synced with bcsId 29.
2019-11-19 00:07:16,796 [RatisApplyTransactionExecutor 7] INFO  interfaces.Container (KeyValueContainer.java:flushAndSyncDB(400)) - Container 7 is synced with bcsId 29.
2019-11-19 00:07:16,796 [RatisApplyTransactionExecutor 7] INFO  interfaces.Container (KeyValueContainer.java:flushAndSyncDB(400)) - Container 7 is synced with bcsId 29.
2019-11-19 00:07:16,796 [RatisApplyTransactionExecutor 7] INFO  interfaces.Container (KeyValueContainer.java:flushAndSyncDB(400)) - Container 7 is synced with bcsId 29.
2019-11-19 00:07:16,796 [RatisApplyTransactionExecutor 7] INFO  interfaces.Container (KeyValueContainer.java:flushAndSyncDB(400)) - Container 7 is synced with bcsId 29.
2019-11-19 00:07:16,820 [RatisApplyTransactionExecutor 7] INFO  interfaces.Container (KeyValueContainer.java:close(338)) - Container 7 is closed with bcsId 29.
2019-11-19 00:07:16,820 [RatisApplyTransactionExecutor 7] INFO  interfaces.Container (KeyValueContainer.java:close(338)) - Container 7 is closed with bcsId 29.
2019-11-19 00:07:16,820 [RatisApplyTransactionExecutor 7] INFO  interfaces.Container (KeyValueContainer.java:close(338)) - Container 7 is closed with bcsId 29.
2019-11-19 00:07:16,822 [EventQueue-IncrementalContainerReportForIncrementalContainerReportHandler] INFO  container.IncrementalContainerReportHandler (AbstractContainerReportHandler.java:updateContainerState(178)) - Moving container #7 to CLOSED state, datanode 3c68acf1-2e75-484b-8dce-fe6027c40cff{ip: 192.168.157.213, host: pr-hdds-2241-master-j9rj8-2432081592, networkLocation: /default-rack, certSerialId: null} reported CLOSED replica.
2019-11-19 00:07:16,861 [RatisApplyTransactionExecutor 2] INFO  interfaces.Container (KeyValueContainer.java:flushAndSyncDB(400)) - Container 2 is synced with bcsId 47.
2019-11-19 00:07:16,861 [RatisApplyTransactionExecutor 2] INFO  interfaces.Container (KeyValueContainer.java:flushAndSyncDB(400)) - Container 2 is synced with bcsId 47.
2019-11-19 00:07:16,875 [RatisApplyTransactionExecutor 2] INFO  interfaces.Container (KeyValueContainer.java:flushAndSyncDB(400)) - Container 2 is synced with bcsId 47.
2019-11-19 00:07:16,875 [RatisApplyTransactionExecutor 2] INFO  interfaces.Container (KeyValueContainer.java:flushAndSyncDB(400)) - Container 2 is synced with bcsId 47.
2019-11-19 00:07:16,876 [RatisApplyTransactionExecutor 2] INFO  interfaces.Container (KeyValueContainer.java:flushAndSyncDB(400)) - Container 2 is synced with bcsId 47.
2019-11-19 00:07:16,876 [RatisApplyTransactionExecutor 2] INFO  interfaces.Container (KeyValueContainer.java:flushAndSyncDB(400)) - Container 2 is synced with bcsId 47.
2019-11-19 00:07:16,891 [RatisApplyTransactionExecutor 2] INFO  interfaces.Container (KeyValueContainer.java:close(338)) - Container 2 is closed with bcsId 47.
2019-11-19 00:07:16,891 [RatisApplyTransactionExecutor 2] INFO  interfaces.Container (KeyValueContainer.java:close(338)) - Container 2 is closed with bcsId 47.
2019-11-19 00:07:16,891 [RatisApplyTransactionExecutor 2] INFO  interfaces.Container (KeyValueContainer.java:close(338)) - Container 2 is closed with bcsId 47.
2019-11-19 00:07:16,893 [EventQueue-IncrementalContainerReportForIncrementalContainerReportHandler] INFO  container.IncrementalContainerReportHandler (AbstractContainerReportHandler.java:updateContainerState(178)) - Moving container #2 to CLOSED state, datanode 93728d59-90a7-4d42-a9e8-51f96f87119b{ip: 192.168.157.213, host: pr-hdds-2241-master-j9rj8-2432081592, networkLocation: /default-rack, certSerialId: null} reported CLOSED replica.
2019-11-19 00:07:16,961 [RatisApplyTransactionExecutor 6] INFO  interfaces.Container (KeyValueContainer.java:flushAndSyncDB(400)) - Container 6 is synced with bcsId 63.
2019-11-19 00:07:16,961 [RatisApplyTransactionExecutor 6] INFO  interfaces.Container (KeyValueContainer.java:flushAndSyncDB(400)) - Container 6 is synced with bcsId 63.
2019-11-19 00:07:16,961 [RatisApplyTransactionExecutor 6] INFO  interfaces.Container (KeyValueContainer.java:flushAndSyncDB(400)) - Container 6 is synced with bcsId 63.
2019-11-19 00:07:16,961 [RatisApplyTransactionExecutor 6] INFO  interfaces.Container (KeyValueContainer.java:flushAndSyncDB(400)) - Container 6 is synced with bcsId 63.
2019-11-19 00:07:16,961 [RatisApplyTransactionExecutor 6] INFO  interfaces.Container (KeyValueContainer.java:flushAndSyncDB(400)) - Container 6 is synced with bcsId 63.
2019-11-19 00:07:16,962 [RatisApplyTransactionExecutor 6] INFO  interfaces.Container (KeyValueContainer.java:flushAndSyncDB(400)) - Container 6 is synced with bcsId 63.
2019-11-19 00:07:16,976 [RatisApplyTransactionExecutor 6] INFO  interfaces.Container (KeyValueContainer.java:close(338)) - Container 6 is closed with bcsId 63.
2019-11-19 00:07:16,976 [RatisApplyTransactionExecutor 6] INFO  interfaces.Container (KeyValueContainer.java:close(338)) - Container 6 is closed with bcsId 63.
2019-11-19 00:07:16,976 [RatisApplyTransactionExecutor 6] INFO  interfaces.Container (KeyValueContainer.java:close(338)) - Container 6 is closed with bcsId 63.
2019-11-19 00:07:16,978 [EventQueue-IncrementalContainerReportForIncrementalContainerReportHandler] INFO  container.IncrementalContainerReportHandler (AbstractContainerReportHandler.java:updateContainerState(178)) - Moving container #6 to CLOSED state, datanode 93728d59-90a7-4d42-a9e8-51f96f87119b{ip: 192.168.157.213, host: pr-hdds-2241-master-j9rj8-2432081592, networkLocation: /default-rack, certSerialId: null} reported CLOSED replica.
2019-11-19 00:07:17,259 [main] INFO  io.BlockOutputStreamEntryPool (BlockOutputStreamEntryPool.java:allocateNewBlock(257)) - Allocating block with ExcludeList {datanodes = [], containerIds = [], pipelineIds = []}
00:07:17.788 [main] ERROR OMAudit - user=null | ip=null | op=READ_KEY {volume=closecontainerexceptionhandlingtest, bucket=closecontainerexceptionhandlingtest, key=bb3e7dac-a73b-4e95-b94c-47188615d5ab, dataSize=0, replicationType=RATIS, replicationFactor=ONE, keyLocationInfo=null} | ret=FAILURE
java.lang.NullPointerException: null
	at org.apache.hadoop.ozone.om.KeyManagerImpl.refreshPipeline(KeyManagerImpl.java:689) ~[hadoop-ozone-ozone-manager-0.5.0-SNAPSHOT.jar:?]
	at org.apache.hadoop.ozone.om.KeyManagerImpl.lookupKey(KeyManagerImpl.java:651) ~[hadoop-ozone-ozone-manager-0.5.0-SNAPSHOT.jar:?]
	at org.apache.hadoop.ozone.om.OzoneManager.lookupKey(OzoneManager.java:2149) [hadoop-ozone-ozone-manager-0.5.0-SNAPSHOT.jar:?]
	at org.apache.hadoop.ozone.client.rpc.TestCloseContainerHandlingByClient.testMultiBlockWrites(TestCloseContainerHandlingByClient.java:215) [test-classes/:?]
	at sun.reflect.NativeMethodAccessorImpl.invoke0(Native Method) ~[?:1.8.0_222]
	at sun.reflect.NativeMethodAccessorImpl.invoke(NativeMethodAccessorImpl.java:62) ~[?:1.8.0_222]
	at sun.reflect.DelegatingMethodAccessorImpl.invoke(DelegatingMethodAccessorImpl.java:43) ~[?:1.8.0_222]
	at java.lang.reflect.Method.invoke(Method.java:498) ~[?:1.8.0_222]
	at org.junit.runners.model.FrameworkMethod$1.runReflectiveCall(FrameworkMethod.java:47) [junit-4.11.jar:?]
	at org.junit.internal.runners.model.ReflectiveCallable.run(ReflectiveCallable.java:12) [junit-4.11.jar:?]
	at org.junit.runners.model.FrameworkMethod.invokeExplosively(FrameworkMethod.java:44) [junit-4.11.jar:?]
	at org.junit.internal.runners.statements.InvokeMethod.evaluate(InvokeMethod.java:17) [junit-4.11.jar:?]
	at org.junit.runners.ParentRunner.runLeaf(ParentRunner.java:271) [junit-4.11.jar:?]
	at org.junit.runners.BlockJUnit4ClassRunner.runChild(BlockJUnit4ClassRunner.java:70) [junit-4.11.jar:?]
	at org.junit.runners.BlockJUnit4ClassRunner.runChild(BlockJUnit4ClassRunner.java:50) [junit-4.11.jar:?]
	at org.junit.runners.ParentRunner$3.run(ParentRunner.java:238) [junit-4.11.jar:?]
	at org.junit.runners.ParentRunner$1.schedule(ParentRunner.java:63) [junit-4.11.jar:?]
	at org.junit.runners.ParentRunner.runChildren(ParentRunner.java:236) [junit-4.11.jar:?]
	at org.junit.runners.ParentRunner.access$000(ParentRunner.java:53) [junit-4.11.jar:?]
	at org.junit.runners.ParentRunner$2.evaluate(ParentRunner.java:229) [junit-4.11.jar:?]
	at org.junit.internal.runners.statements.RunBefores.evaluate(RunBefores.java:26) [junit-4.11.jar:?]
	at org.junit.internal.runners.statements.RunAfters.evaluate(RunAfters.java:27) [junit-4.11.jar:?]
	at org.junit.runners.ParentRunner.run(ParentRunner.java:309) [junit-4.11.jar:?]
	at org.apache.maven.surefire.junit4.JUnit4Provider.execute(JUnit4Provider.java:365) [surefire-junit4-3.0.0-M1.jar:3.0.0-M1]
	at org.apache.maven.surefire.junit4.JUnit4Provider.executeWithRerun(JUnit4Provider.java:273) [surefire-junit4-3.0.0-M1.jar:3.0.0-M1]
	at org.apache.maven.surefire.junit4.JUnit4Provider.executeTestSet(JUnit4Provider.java:238) [surefire-junit4-3.0.0-M1.jar:3.0.0-M1]
	at org.apache.maven.surefire.junit4.JUnit4Provider.invoke(JUnit4Provider.java:159) [surefire-junit4-3.0.0-M1.jar:3.0.0-M1]
	at org.apache.maven.surefire.booter.ForkedBooter.invokeProviderInSameClassLoader(ForkedBooter.java:384) [surefire-booter-3.0.0-M1.jar:3.0.0-M1]
	at org.apache.maven.surefire.booter.ForkedBooter.runSuitesInProcess(ForkedBooter.java:345) [surefire-booter-3.0.0-M1.jar:3.0.0-M1]
	at org.apache.maven.surefire.booter.ForkedBooter.execute(ForkedBooter.java:126) [surefire-booter-3.0.0-M1.jar:3.0.0-M1]
	at org.apache.maven.surefire.booter.ForkedBooter.main(ForkedBooter.java:418) [surefire-booter-3.0.0-M1.jar:3.0.0-M1]
]]></system-out>
  </testcase>
  <testcase name="testBlockWrites" classname="org.apache.hadoop.ozone.client.rpc.TestCloseContainerHandlingByClient" time="3.017">
    <error type="java.lang.NullPointerException">java.lang.NullPointerException
	at org.apache.hadoop.ozone.om.KeyManagerImpl.refreshPipeline(KeyManagerImpl.java:689)
	at org.apache.hadoop.ozone.om.KeyManagerImpl.lookupKey(KeyManagerImpl.java:651)
	at org.apache.hadoop.ozone.om.OzoneManager.lookupKey(OzoneManager.java:2149)
	at org.apache.hadoop.ozone.client.rpc.TestCloseContainerHandlingByClient.testBlockWrites(TestCloseContainerHandlingByClient.java:463)
	at sun.reflect.NativeMethodAccessorImpl.invoke0(Native Method)
	at sun.reflect.NativeMethodAccessorImpl.invoke(NativeMethodAccessorImpl.java:62)
	at sun.reflect.DelegatingMethodAccessorImpl.invoke(DelegatingMethodAccessorImpl.java:43)
	at java.lang.reflect.Method.invoke(Method.java:498)
	at org.junit.runners.model.FrameworkMethod$1.runReflectiveCall(FrameworkMethod.java:47)
	at org.junit.internal.runners.model.ReflectiveCallable.run(ReflectiveCallable.java:12)
	at org.junit.runners.model.FrameworkMethod.invokeExplosively(FrameworkMethod.java:44)
	at org.junit.internal.runners.statements.InvokeMethod.evaluate(InvokeMethod.java:17)
	at org.junit.runners.ParentRunner.runLeaf(ParentRunner.java:271)
	at org.junit.runners.BlockJUnit4ClassRunner.runChild(BlockJUnit4ClassRunner.java:70)
	at org.junit.runners.BlockJUnit4ClassRunner.runChild(BlockJUnit4ClassRunner.java:50)
	at org.junit.runners.ParentRunner$3.run(ParentRunner.java:238)
	at org.junit.runners.ParentRunner$1.schedule(ParentRunner.java:63)
	at org.junit.runners.ParentRunner.runChildren(ParentRunner.java:236)
	at org.junit.runners.ParentRunner.access$000(ParentRunner.java:53)
	at org.junit.runners.ParentRunner$2.evaluate(ParentRunner.java:229)
	at org.junit.internal.runners.statements.RunBefores.evaluate(RunBefores.java:26)
	at org.junit.internal.runners.statements.RunAfters.evaluate(RunAfters.java:27)
	at org.junit.runners.ParentRunner.run(ParentRunner.java:309)
	at org.apache.maven.surefire.junit4.JUnit4Provider.execute(JUnit4Provider.java:365)
	at org.apache.maven.surefire.junit4.JUnit4Provider.executeWithRerun(JUnit4Provider.java:273)
	at org.apache.maven.surefire.junit4.JUnit4Provider.executeTestSet(JUnit4Provider.java:238)
	at org.apache.maven.surefire.junit4.JUnit4Provider.invoke(JUnit4Provider.java:159)
	at org.apache.maven.surefire.booter.ForkedBooter.invokeProviderInSameClassLoader(ForkedBooter.java:384)
	at org.apache.maven.surefire.booter.ForkedBooter.runSuitesInProcess(ForkedBooter.java:345)
	at org.apache.maven.surefire.booter.ForkedBooter.execute(ForkedBooter.java:126)
	at org.apache.maven.surefire.booter.ForkedBooter.main(ForkedBooter.java:418)
</error>
    <system-out><![CDATA[2019-11-19 00:07:18,241 [EventQueue-CloseContainerForCloseContainerEventHandler] INFO  container.CloseContainerEventHandler (CloseContainerEventHandler.java:onMessage(61)) - Close container Event triggered for container : #9
2019-11-19 00:07:18,241 [EventQueue-CloseContainerForCloseContainerEventHandler] INFO  container.CloseContainerEventHandler (CloseContainerEventHandler.java:onMessage(61)) - Close container Event triggered for container : #9
2019-11-19 00:07:18,241 [EventQueue-CloseContainerForCloseContainerEventHandler] INFO  container.CloseContainerEventHandler (CloseContainerEventHandler.java:onMessage(61)) - Close container Event triggered for container : #9
2019-11-19 00:07:20,061 [RatisApplyTransactionExecutor 9] INFO  interfaces.Container (KeyValueContainer.java:flushAndSyncDB(400)) - Container 9 is synced with bcsId 89.
2019-11-19 00:07:20,061 [RatisApplyTransactionExecutor 9] INFO  interfaces.Container (KeyValueContainer.java:flushAndSyncDB(400)) - Container 9 is synced with bcsId 89.
2019-11-19 00:07:20,061 [RatisApplyTransactionExecutor 9] INFO  interfaces.Container (KeyValueContainer.java:flushAndSyncDB(400)) - Container 9 is synced with bcsId 89.
2019-11-19 00:07:20,062 [RatisApplyTransactionExecutor 9] INFO  interfaces.Container (KeyValueContainer.java:flushAndSyncDB(400)) - Container 9 is synced with bcsId 89.
2019-11-19 00:07:20,062 [RatisApplyTransactionExecutor 9] INFO  interfaces.Container (KeyValueContainer.java:flushAndSyncDB(400)) - Container 9 is synced with bcsId 89.
2019-11-19 00:07:20,062 [RatisApplyTransactionExecutor 9] INFO  interfaces.Container (KeyValueContainer.java:flushAndSyncDB(400)) - Container 9 is synced with bcsId 89.
2019-11-19 00:07:20,088 [RatisApplyTransactionExecutor 9] INFO  interfaces.Container (KeyValueContainer.java:close(338)) - Container 9 is closed with bcsId 89.
2019-11-19 00:07:20,088 [RatisApplyTransactionExecutor 9] INFO  interfaces.Container (KeyValueContainer.java:close(338)) - Container 9 is closed with bcsId 89.
2019-11-19 00:07:20,088 [RatisApplyTransactionExecutor 9] INFO  interfaces.Container (KeyValueContainer.java:close(338)) - Container 9 is closed with bcsId 89.
2019-11-19 00:07:20,089 [EventQueue-IncrementalContainerReportForIncrementalContainerReportHandler] INFO  container.IncrementalContainerReportHandler (AbstractContainerReportHandler.java:updateContainerState(178)) - Moving container #9 to CLOSED state, datanode 3c68acf1-2e75-484b-8dce-fe6027c40cff{ip: 192.168.157.213, host: pr-hdds-2241-master-j9rj8-2432081592, networkLocation: /default-rack, certSerialId: null} reported CLOSED replica.
00:07:20.294 [grpc-default-executor-0] ERROR DNAudit - user=null | ip=null | op=WRITE_CHUNK {blockData=conID: 9 locID: 103161661868998670 bcsId: 89} | ret=FAILURE
org.apache.hadoop.hdds.scm.container.common.helpers.ContainerNotOpenException: Container 9 in CLOSED state
	at org.apache.hadoop.ozone.container.common.impl.HddsDispatcher.validateContainerCommand(HddsDispatcher.java:469) ~[hadoop-hdds-container-service-0.5.0-SNAPSHOT.jar:?]
	at org.apache.hadoop.ozone.container.common.transport.server.ratis.ContainerStateMachine.startTransaction(ContainerStateMachine.java:311) ~[hadoop-hdds-container-service-0.5.0-SNAPSHOT.jar:?]
	at org.apache.ratis.server.impl.RaftServerImpl.submitClientRequestAsync(RaftServerImpl.java:580) ~[ratis-server-0.5.0-d6d58d0-SNAPSHOT.jar:0.5.0-d6d58d0-SNAPSHOT]
	at org.apache.ratis.server.impl.RaftServerProxy.lambda$submitClientRequestAsync$7(RaftServerProxy.java:333) ~[ratis-server-0.5.0-d6d58d0-SNAPSHOT.jar:0.5.0-d6d58d0-SNAPSHOT]
	at org.apache.ratis.server.impl.RaftServerProxy.lambda$null$5(RaftServerProxy.java:328) ~[ratis-server-0.5.0-d6d58d0-SNAPSHOT.jar:0.5.0-d6d58d0-SNAPSHOT]
	at org.apache.ratis.util.JavaUtils.callAsUnchecked(JavaUtils.java:109) ~[ratis-common-0.5.0-d6d58d0-SNAPSHOT.jar:0.5.0-d6d58d0-SNAPSHOT]
	at org.apache.ratis.server.impl.RaftServerProxy.lambda$submitRequest$6(RaftServerProxy.java:328) ~[ratis-server-0.5.0-d6d58d0-SNAPSHOT.jar:0.5.0-d6d58d0-SNAPSHOT]
	at java.util.concurrent.CompletableFuture.uniComposeStage(CompletableFuture.java:981) ~[?:1.8.0_222]
	at java.util.concurrent.CompletableFuture.thenCompose(CompletableFuture.java:2124) ~[?:1.8.0_222]
	at org.apache.ratis.server.impl.RaftServerProxy.submitRequest(RaftServerProxy.java:327) ~[ratis-server-0.5.0-d6d58d0-SNAPSHOT.jar:0.5.0-d6d58d0-SNAPSHOT]
	at org.apache.ratis.server.impl.RaftServerProxy.submitClientRequestAsync(RaftServerProxy.java:333) ~[ratis-server-0.5.0-d6d58d0-SNAPSHOT.jar:0.5.0-d6d58d0-SNAPSHOT]
	at org.apache.ratis.grpc.client.GrpcClientProtocolService$RequestStreamObserver.processClientRequest(GrpcClientProtocolService.java:221) ~[ratis-grpc-0.5.0-d6d58d0-SNAPSHOT.jar:0.5.0-d6d58d0-SNAPSHOT]
	at org.apache.ratis.grpc.client.GrpcClientProtocolService$OrderedRequestStreamObserver.processClientRequest(GrpcClientProtocolService.java:327) ~[ratis-grpc-0.5.0-d6d58d0-SNAPSHOT.jar:0.5.0-d6d58d0-SNAPSHOT]
	at org.apache.ratis.util.SlidingWindow$Server.processRequestsFromHead(SlidingWindow.java:429) [ratis-common-0.5.0-d6d58d0-SNAPSHOT.jar:0.5.0-d6d58d0-SNAPSHOT]
	at org.apache.ratis.util.SlidingWindow$Server.receivedRequest(SlidingWindow.java:421) [ratis-common-0.5.0-d6d58d0-SNAPSHOT.jar:0.5.0-d6d58d0-SNAPSHOT]
	at org.apache.ratis.grpc.client.GrpcClientProtocolService$OrderedRequestStreamObserver.processClientRequest(GrpcClientProtocolService.java:346) [ratis-grpc-0.5.0-d6d58d0-SNAPSHOT.jar:0.5.0-d6d58d0-SNAPSHOT]
	at org.apache.ratis.grpc.client.GrpcClientProtocolService$RequestStreamObserver.onNext(GrpcClientProtocolService.java:241) [ratis-grpc-0.5.0-d6d58d0-SNAPSHOT.jar:0.5.0-d6d58d0-SNAPSHOT]
	at org.apache.ratis.grpc.client.GrpcClientProtocolService$RequestStreamObserver.onNext(GrpcClientProtocolService.java:168) [ratis-grpc-0.5.0-d6d58d0-SNAPSHOT.jar:0.5.0-d6d58d0-SNAPSHOT]
	at org.apache.ratis.thirdparty.io.grpc.stub.ServerCalls$StreamingServerCallHandler$StreamingServerCallListener.onMessage(ServerCalls.java:248) [ratis-thirdparty-misc-0.2.0.jar:0.2.0]
	at org.apache.ratis.thirdparty.io.grpc.internal.ServerCallImpl$ServerStreamListenerImpl.messagesAvailable(ServerCallImpl.java:263) [ratis-thirdparty-misc-0.2.0.jar:0.2.0]
	at org.apache.ratis.thirdparty.io.grpc.internal.ServerImpl$JumpToApplicationThreadServerStreamListener$1MessagesAvailable.runInContext(ServerImpl.java:686) [ratis-thirdparty-misc-0.2.0.jar:0.2.0]
	at org.apache.ratis.thirdparty.io.grpc.internal.ContextRunnable.run(ContextRunnable.java:37) [ratis-thirdparty-misc-0.2.0.jar:0.2.0]
	at org.apache.ratis.thirdparty.io.grpc.internal.SerializingExecutor.run(SerializingExecutor.java:123) [ratis-thirdparty-misc-0.2.0.jar:0.2.0]
	at java.util.concurrent.ThreadPoolExecutor.runWorker(ThreadPoolExecutor.java:1149) [?:1.8.0_222]
	at java.util.concurrent.ThreadPoolExecutor$Worker.run(ThreadPoolExecutor.java:624) [?:1.8.0_222]
	at java.lang.Thread.run(Thread.java:748) [?:1.8.0_222]
00:07:20.301 [grpc-default-executor-0] ERROR DNAudit - user=null | ip=null | op=PUT_BLOCK {blockData=[blockId=conID: 9 locID: 103161661868998670 bcsId: 0,size=3145728]} | ret=FAILURE
org.apache.hadoop.hdds.scm.container.common.helpers.ContainerNotOpenException: Container 9 in CLOSED state
	at org.apache.hadoop.ozone.container.common.impl.HddsDispatcher.validateContainerCommand(HddsDispatcher.java:469) ~[hadoop-hdds-container-service-0.5.0-SNAPSHOT.jar:?]
	at org.apache.hadoop.ozone.container.common.transport.server.ratis.ContainerStateMachine.startTransaction(ContainerStateMachine.java:311) ~[hadoop-hdds-container-service-0.5.0-SNAPSHOT.jar:?]
	at org.apache.ratis.server.impl.RaftServerImpl.submitClientRequestAsync(RaftServerImpl.java:580) ~[ratis-server-0.5.0-d6d58d0-SNAPSHOT.jar:0.5.0-d6d58d0-SNAPSHOT]
	at org.apache.ratis.server.impl.RaftServerProxy.lambda$submitClientRequestAsync$7(RaftServerProxy.java:333) ~[ratis-server-0.5.0-d6d58d0-SNAPSHOT.jar:0.5.0-d6d58d0-SNAPSHOT]
	at org.apache.ratis.server.impl.RaftServerProxy.lambda$null$5(RaftServerProxy.java:328) ~[ratis-server-0.5.0-d6d58d0-SNAPSHOT.jar:0.5.0-d6d58d0-SNAPSHOT]
	at org.apache.ratis.util.JavaUtils.callAsUnchecked(JavaUtils.java:109) ~[ratis-common-0.5.0-d6d58d0-SNAPSHOT.jar:0.5.0-d6d58d0-SNAPSHOT]
	at org.apache.ratis.server.impl.RaftServerProxy.lambda$submitRequest$6(RaftServerProxy.java:328) ~[ratis-server-0.5.0-d6d58d0-SNAPSHOT.jar:0.5.0-d6d58d0-SNAPSHOT]
	at java.util.concurrent.CompletableFuture.uniComposeStage(CompletableFuture.java:981) ~[?:1.8.0_222]
	at java.util.concurrent.CompletableFuture.thenCompose(CompletableFuture.java:2124) ~[?:1.8.0_222]
	at org.apache.ratis.server.impl.RaftServerProxy.submitRequest(RaftServerProxy.java:327) ~[ratis-server-0.5.0-d6d58d0-SNAPSHOT.jar:0.5.0-d6d58d0-SNAPSHOT]
	at org.apache.ratis.server.impl.RaftServerProxy.submitClientRequestAsync(RaftServerProxy.java:333) ~[ratis-server-0.5.0-d6d58d0-SNAPSHOT.jar:0.5.0-d6d58d0-SNAPSHOT]
	at org.apache.ratis.grpc.client.GrpcClientProtocolService$RequestStreamObserver.processClientRequest(GrpcClientProtocolService.java:221) ~[ratis-grpc-0.5.0-d6d58d0-SNAPSHOT.jar:0.5.0-d6d58d0-SNAPSHOT]
	at org.apache.ratis.grpc.client.GrpcClientProtocolService$OrderedRequestStreamObserver.processClientRequest(GrpcClientProtocolService.java:327) ~[ratis-grpc-0.5.0-d6d58d0-SNAPSHOT.jar:0.5.0-d6d58d0-SNAPSHOT]
	at org.apache.ratis.util.SlidingWindow$Server.processRequestsFromHead(SlidingWindow.java:429) [ratis-common-0.5.0-d6d58d0-SNAPSHOT.jar:0.5.0-d6d58d0-SNAPSHOT]
	at org.apache.ratis.util.SlidingWindow$Server.receivedRequest(SlidingWindow.java:421) [ratis-common-0.5.0-d6d58d0-SNAPSHOT.jar:0.5.0-d6d58d0-SNAPSHOT]
	at org.apache.ratis.grpc.client.GrpcClientProtocolService$OrderedRequestStreamObserver.processClientRequest(GrpcClientProtocolService.java:346) [ratis-grpc-0.5.0-d6d58d0-SNAPSHOT.jar:0.5.0-d6d58d0-SNAPSHOT]
	at org.apache.ratis.grpc.client.GrpcClientProtocolService$RequestStreamObserver.onNext(GrpcClientProtocolService.java:241) [ratis-grpc-0.5.0-d6d58d0-SNAPSHOT.jar:0.5.0-d6d58d0-SNAPSHOT]
	at org.apache.ratis.grpc.client.GrpcClientProtocolService$RequestStreamObserver.onNext(GrpcClientProtocolService.java:168) [ratis-grpc-0.5.0-d6d58d0-SNAPSHOT.jar:0.5.0-d6d58d0-SNAPSHOT]
	at org.apache.ratis.thirdparty.io.grpc.stub.ServerCalls$StreamingServerCallHandler$StreamingServerCallListener.onMessage(ServerCalls.java:248) [ratis-thirdparty-misc-0.2.0.jar:0.2.0]
	at org.apache.ratis.thirdparty.io.grpc.internal.ServerCallImpl$ServerStreamListenerImpl.messagesAvailable(ServerCallImpl.java:263) [ratis-thirdparty-misc-0.2.0.jar:0.2.0]
	at org.apache.ratis.thirdparty.io.grpc.internal.ServerImpl$JumpToApplicationThreadServerStreamListener$1MessagesAvailable.runInContext(ServerImpl.java:686) [ratis-thirdparty-misc-0.2.0.jar:0.2.0]
	at org.apache.ratis.thirdparty.io.grpc.internal.ContextRunnable.run(ContextRunnable.java:37) [ratis-thirdparty-misc-0.2.0.jar:0.2.0]
	at org.apache.ratis.thirdparty.io.grpc.internal.SerializingExecutor.run(SerializingExecutor.java:123) [ratis-thirdparty-misc-0.2.0.jar:0.2.0]
	at java.util.concurrent.ThreadPoolExecutor.runWorker(ThreadPoolExecutor.java:1149) [?:1.8.0_222]
	at java.util.concurrent.ThreadPoolExecutor$Worker.run(ThreadPoolExecutor.java:624) [?:1.8.0_222]
	at java.lang.Thread.run(Thread.java:748) [?:1.8.0_222]
00:07:20.306 [grpc-default-executor-0] ERROR DNAudit - user=null | ip=null | op=WRITE_CHUNK {blockData=conID: 9 locID: 103161661868998670 bcsId: 89} | ret=FAILURE
org.apache.hadoop.hdds.scm.container.common.helpers.ContainerNotOpenException: Container 9 in CLOSED state
	at org.apache.hadoop.ozone.container.common.impl.HddsDispatcher.validateContainerCommand(HddsDispatcher.java:469) ~[hadoop-hdds-container-service-0.5.0-SNAPSHOT.jar:?]
	at org.apache.hadoop.ozone.container.common.transport.server.ratis.ContainerStateMachine.startTransaction(ContainerStateMachine.java:311) ~[hadoop-hdds-container-service-0.5.0-SNAPSHOT.jar:?]
	at org.apache.ratis.server.impl.RaftServerImpl.submitClientRequestAsync(RaftServerImpl.java:580) ~[ratis-server-0.5.0-d6d58d0-SNAPSHOT.jar:0.5.0-d6d58d0-SNAPSHOT]
	at org.apache.ratis.server.impl.RaftServerProxy.lambda$submitClientRequestAsync$7(RaftServerProxy.java:333) ~[ratis-server-0.5.0-d6d58d0-SNAPSHOT.jar:0.5.0-d6d58d0-SNAPSHOT]
	at org.apache.ratis.server.impl.RaftServerProxy.lambda$null$5(RaftServerProxy.java:328) ~[ratis-server-0.5.0-d6d58d0-SNAPSHOT.jar:0.5.0-d6d58d0-SNAPSHOT]
	at org.apache.ratis.util.JavaUtils.callAsUnchecked(JavaUtils.java:109) ~[ratis-common-0.5.0-d6d58d0-SNAPSHOT.jar:0.5.0-d6d58d0-SNAPSHOT]
	at org.apache.ratis.server.impl.RaftServerProxy.lambda$submitRequest$6(RaftServerProxy.java:328) ~[ratis-server-0.5.0-d6d58d0-SNAPSHOT.jar:0.5.0-d6d58d0-SNAPSHOT]
	at java.util.concurrent.CompletableFuture.uniComposeStage(CompletableFuture.java:981) ~[?:1.8.0_222]
	at java.util.concurrent.CompletableFuture.thenCompose(CompletableFuture.java:2124) ~[?:1.8.0_222]
	at org.apache.ratis.server.impl.RaftServerProxy.submitRequest(RaftServerProxy.java:327) ~[ratis-server-0.5.0-d6d58d0-SNAPSHOT.jar:0.5.0-d6d58d0-SNAPSHOT]
	at org.apache.ratis.server.impl.RaftServerProxy.submitClientRequestAsync(RaftServerProxy.java:333) ~[ratis-server-0.5.0-d6d58d0-SNAPSHOT.jar:0.5.0-d6d58d0-SNAPSHOT]
	at org.apache.ratis.grpc.client.GrpcClientProtocolService$RequestStreamObserver.processClientRequest(GrpcClientProtocolService.java:221) ~[ratis-grpc-0.5.0-d6d58d0-SNAPSHOT.jar:0.5.0-d6d58d0-SNAPSHOT]
	at org.apache.ratis.grpc.client.GrpcClientProtocolService$OrderedRequestStreamObserver.processClientRequest(GrpcClientProtocolService.java:327) ~[ratis-grpc-0.5.0-d6d58d0-SNAPSHOT.jar:0.5.0-d6d58d0-SNAPSHOT]
	at org.apache.ratis.util.SlidingWindow$Server.processRequestsFromHead(SlidingWindow.java:429) [ratis-common-0.5.0-d6d58d0-SNAPSHOT.jar:0.5.0-d6d58d0-SNAPSHOT]
	at org.apache.ratis.util.SlidingWindow$Server.receivedRequest(SlidingWindow.java:421) [ratis-common-0.5.0-d6d58d0-SNAPSHOT.jar:0.5.0-d6d58d0-SNAPSHOT]
	at org.apache.ratis.grpc.client.GrpcClientProtocolService$OrderedRequestStreamObserver.processClientRequest(GrpcClientProtocolService.java:346) [ratis-grpc-0.5.0-d6d58d0-SNAPSHOT.jar:0.5.0-d6d58d0-SNAPSHOT]
	at org.apache.ratis.grpc.client.GrpcClientProtocolService$RequestStreamObserver.onNext(GrpcClientProtocolService.java:241) [ratis-grpc-0.5.0-d6d58d0-SNAPSHOT.jar:0.5.0-d6d58d0-SNAPSHOT]
	at org.apache.ratis.grpc.client.GrpcClientProtocolService$RequestStreamObserver.onNext(GrpcClientProtocolService.java:168) [ratis-grpc-0.5.0-d6d58d0-SNAPSHOT.jar:0.5.0-d6d58d0-SNAPSHOT]
	at org.apache.ratis.thirdparty.io.grpc.stub.ServerCalls$StreamingServerCallHandler$StreamingServerCallListener.onMessage(ServerCalls.java:248) [ratis-thirdparty-misc-0.2.0.jar:0.2.0]
	at org.apache.ratis.thirdparty.io.grpc.internal.ServerCallImpl$ServerStreamListenerImpl.messagesAvailable(ServerCallImpl.java:263) [ratis-thirdparty-misc-0.2.0.jar:0.2.0]
	at org.apache.ratis.thirdparty.io.grpc.internal.ServerImpl$JumpToApplicationThreadServerStreamListener$1MessagesAvailable.runInContext(ServerImpl.java:686) [ratis-thirdparty-misc-0.2.0.jar:0.2.0]
	at org.apache.ratis.thirdparty.io.grpc.internal.ContextRunnable.run(ContextRunnable.java:37) [ratis-thirdparty-misc-0.2.0.jar:0.2.0]
	at org.apache.ratis.thirdparty.io.grpc.internal.SerializingExecutor.run(SerializingExecutor.java:123) [ratis-thirdparty-misc-0.2.0.jar:0.2.0]
	at java.util.concurrent.ThreadPoolExecutor.runWorker(ThreadPoolExecutor.java:1149) [?:1.8.0_222]
	at java.util.concurrent.ThreadPoolExecutor$Worker.run(ThreadPoolExecutor.java:624) [?:1.8.0_222]
	at java.lang.Thread.run(Thread.java:748) [?:1.8.0_222]
00:07:20.311 [grpc-default-executor-0] ERROR DNAudit - user=null | ip=null | op=PUT_BLOCK {blockData=[blockId=conID: 9 locID: 103161661868998670 bcsId: 0,size=4194304]} | ret=FAILURE
org.apache.hadoop.hdds.scm.container.common.helpers.ContainerNotOpenException: Container 9 in CLOSED state
	at org.apache.hadoop.ozone.container.common.impl.HddsDispatcher.validateContainerCommand(HddsDispatcher.java:469) ~[hadoop-hdds-container-service-0.5.0-SNAPSHOT.jar:?]
	at org.apache.hadoop.ozone.container.common.transport.server.ratis.ContainerStateMachine.startTransaction(ContainerStateMachine.java:311) ~[hadoop-hdds-container-service-0.5.0-SNAPSHOT.jar:?]
	at org.apache.ratis.server.impl.RaftServerImpl.submitClientRequestAsync(RaftServerImpl.java:580) ~[ratis-server-0.5.0-d6d58d0-SNAPSHOT.jar:0.5.0-d6d58d0-SNAPSHOT]
	at org.apache.ratis.server.impl.RaftServerProxy.lambda$submitClientRequestAsync$7(RaftServerProxy.java:333) ~[ratis-server-0.5.0-d6d58d0-SNAPSHOT.jar:0.5.0-d6d58d0-SNAPSHOT]
	at org.apache.ratis.server.impl.RaftServerProxy.lambda$null$5(RaftServerProxy.java:328) ~[ratis-server-0.5.0-d6d58d0-SNAPSHOT.jar:0.5.0-d6d58d0-SNAPSHOT]
	at org.apache.ratis.util.JavaUtils.callAsUnchecked(JavaUtils.java:109) ~[ratis-common-0.5.0-d6d58d0-SNAPSHOT.jar:0.5.0-d6d58d0-SNAPSHOT]
	at org.apache.ratis.server.impl.RaftServerProxy.lambda$submitRequest$6(RaftServerProxy.java:328) ~[ratis-server-0.5.0-d6d58d0-SNAPSHOT.jar:0.5.0-d6d58d0-SNAPSHOT]
	at java.util.concurrent.CompletableFuture.uniComposeStage(CompletableFuture.java:981) ~[?:1.8.0_222]
	at java.util.concurrent.CompletableFuture.thenCompose(CompletableFuture.java:2124) ~[?:1.8.0_222]
	at org.apache.ratis.server.impl.RaftServerProxy.submitRequest(RaftServerProxy.java:327) ~[ratis-server-0.5.0-d6d58d0-SNAPSHOT.jar:0.5.0-d6d58d0-SNAPSHOT]
	at org.apache.ratis.server.impl.RaftServerProxy.submitClientRequestAsync(RaftServerProxy.java:333) ~[ratis-server-0.5.0-d6d58d0-SNAPSHOT.jar:0.5.0-d6d58d0-SNAPSHOT]
	at org.apache.ratis.grpc.client.GrpcClientProtocolService$RequestStreamObserver.processClientRequest(GrpcClientProtocolService.java:221) ~[ratis-grpc-0.5.0-d6d58d0-SNAPSHOT.jar:0.5.0-d6d58d0-SNAPSHOT]
	at org.apache.ratis.grpc.client.GrpcClientProtocolService$OrderedRequestStreamObserver.processClientRequest(GrpcClientProtocolService.java:327) ~[ratis-grpc-0.5.0-d6d58d0-SNAPSHOT.jar:0.5.0-d6d58d0-SNAPSHOT]
	at org.apache.ratis.util.SlidingWindow$Server.processRequestsFromHead(SlidingWindow.java:429) [ratis-common-0.5.0-d6d58d0-SNAPSHOT.jar:0.5.0-d6d58d0-SNAPSHOT]
	at org.apache.ratis.util.SlidingWindow$Server.receivedRequest(SlidingWindow.java:421) [ratis-common-0.5.0-d6d58d0-SNAPSHOT.jar:0.5.0-d6d58d0-SNAPSHOT]
	at org.apache.ratis.grpc.client.GrpcClientProtocolService$OrderedRequestStreamObserver.processClientRequest(GrpcClientProtocolService.java:346) [ratis-grpc-0.5.0-d6d58d0-SNAPSHOT.jar:0.5.0-d6d58d0-SNAPSHOT]
	at org.apache.ratis.grpc.client.GrpcClientProtocolService$RequestStreamObserver.onNext(GrpcClientProtocolService.java:241) [ratis-grpc-0.5.0-d6d58d0-SNAPSHOT.jar:0.5.0-d6d58d0-SNAPSHOT]
	at org.apache.ratis.grpc.client.GrpcClientProtocolService$RequestStreamObserver.onNext(GrpcClientProtocolService.java:168) [ratis-grpc-0.5.0-d6d58d0-SNAPSHOT.jar:0.5.0-d6d58d0-SNAPSHOT]
	at org.apache.ratis.thirdparty.io.grpc.stub.ServerCalls$StreamingServerCallHandler$StreamingServerCallListener.onMessage(ServerCalls.java:248) [ratis-thirdparty-misc-0.2.0.jar:0.2.0]
	at org.apache.ratis.thirdparty.io.grpc.internal.ServerCallImpl$ServerStreamListenerImpl.messagesAvailable(ServerCallImpl.java:263) [ratis-thirdparty-misc-0.2.0.jar:0.2.0]
	at org.apache.ratis.thirdparty.io.grpc.internal.ServerImpl$JumpToApplicationThreadServerStreamListener$1MessagesAvailable.runInContext(ServerImpl.java:686) [ratis-thirdparty-misc-0.2.0.jar:0.2.0]
	at org.apache.ratis.thirdparty.io.grpc.internal.ContextRunnable.run(ContextRunnable.java:37) [ratis-thirdparty-misc-0.2.0.jar:0.2.0]
	at org.apache.ratis.thirdparty.io.grpc.internal.SerializingExecutor.run(SerializingExecutor.java:123) [ratis-thirdparty-misc-0.2.0.jar:0.2.0]
	at java.util.concurrent.ThreadPoolExecutor.runWorker(ThreadPoolExecutor.java:1149) [?:1.8.0_222]
	at java.util.concurrent.ThreadPoolExecutor$Worker.run(ThreadPoolExecutor.java:624) [?:1.8.0_222]
	at java.lang.Thread.run(Thread.java:748) [?:1.8.0_222]
2019-11-19 00:07:20,323 [main] INFO  io.BlockOutputStreamEntryPool (BlockOutputStreamEntryPool.java:allocateNewBlock(257)) - Allocating block with ExcludeList {datanodes = [], containerIds = [#9], pipelineIds = []}
00:07:20.807 [main] ERROR OMAudit - user=null | ip=null | op=READ_KEY {volume=closecontainerexceptionhandlingtest, bucket=closecontainerexceptionhandlingtest, key=4f0c77d6-5204-43fc-8499-07f5fc99c51a, dataSize=0, replicationType=RATIS, replicationFactor=ONE, keyLocationInfo=null} | ret=FAILURE
java.lang.NullPointerException: null
	at org.apache.hadoop.ozone.om.KeyManagerImpl.refreshPipeline(KeyManagerImpl.java:689) ~[hadoop-ozone-ozone-manager-0.5.0-SNAPSHOT.jar:?]
	at org.apache.hadoop.ozone.om.KeyManagerImpl.lookupKey(KeyManagerImpl.java:651) ~[hadoop-ozone-ozone-manager-0.5.0-SNAPSHOT.jar:?]
	at org.apache.hadoop.ozone.om.OzoneManager.lookupKey(OzoneManager.java:2149) [hadoop-ozone-ozone-manager-0.5.0-SNAPSHOT.jar:?]
	at org.apache.hadoop.ozone.client.rpc.TestCloseContainerHandlingByClient.testBlockWrites(TestCloseContainerHandlingByClient.java:463) [test-classes/:?]
	at sun.reflect.NativeMethodAccessorImpl.invoke0(Native Method) ~[?:1.8.0_222]
	at sun.reflect.NativeMethodAccessorImpl.invoke(NativeMethodAccessorImpl.java:62) ~[?:1.8.0_222]
	at sun.reflect.DelegatingMethodAccessorImpl.invoke(DelegatingMethodAccessorImpl.java:43) ~[?:1.8.0_222]
	at java.lang.reflect.Method.invoke(Method.java:498) ~[?:1.8.0_222]
	at org.junit.runners.model.FrameworkMethod$1.runReflectiveCall(FrameworkMethod.java:47) [junit-4.11.jar:?]
	at org.junit.internal.runners.model.ReflectiveCallable.run(ReflectiveCallable.java:12) [junit-4.11.jar:?]
	at org.junit.runners.model.FrameworkMethod.invokeExplosively(FrameworkMethod.java:44) [junit-4.11.jar:?]
	at org.junit.internal.runners.statements.InvokeMethod.evaluate(InvokeMethod.java:17) [junit-4.11.jar:?]
	at org.junit.runners.ParentRunner.runLeaf(ParentRunner.java:271) [junit-4.11.jar:?]
	at org.junit.runners.BlockJUnit4ClassRunner.runChild(BlockJUnit4ClassRunner.java:70) [junit-4.11.jar:?]
	at org.junit.runners.BlockJUnit4ClassRunner.runChild(BlockJUnit4ClassRunner.java:50) [junit-4.11.jar:?]
	at org.junit.runners.ParentRunner$3.run(ParentRunner.java:238) [junit-4.11.jar:?]
	at org.junit.runners.ParentRunner$1.schedule(ParentRunner.java:63) [junit-4.11.jar:?]
	at org.junit.runners.ParentRunner.runChildren(ParentRunner.java:236) [junit-4.11.jar:?]
	at org.junit.runners.ParentRunner.access$000(ParentRunner.java:53) [junit-4.11.jar:?]
	at org.junit.runners.ParentRunner$2.evaluate(ParentRunner.java:229) [junit-4.11.jar:?]
	at org.junit.internal.runners.statements.RunBefores.evaluate(RunBefores.java:26) [junit-4.11.jar:?]
	at org.junit.internal.runners.statements.RunAfters.evaluate(RunAfters.java:27) [junit-4.11.jar:?]
	at org.junit.runners.ParentRunner.run(ParentRunner.java:309) [junit-4.11.jar:?]
	at org.apache.maven.surefire.junit4.JUnit4Provider.execute(JUnit4Provider.java:365) [surefire-junit4-3.0.0-M1.jar:3.0.0-M1]
	at org.apache.maven.surefire.junit4.JUnit4Provider.executeWithRerun(JUnit4Provider.java:273) [surefire-junit4-3.0.0-M1.jar:3.0.0-M1]
	at org.apache.maven.surefire.junit4.JUnit4Provider.executeTestSet(JUnit4Provider.java:238) [surefire-junit4-3.0.0-M1.jar:3.0.0-M1]
	at org.apache.maven.surefire.junit4.JUnit4Provider.invoke(JUnit4Provider.java:159) [surefire-junit4-3.0.0-M1.jar:3.0.0-M1]
	at org.apache.maven.surefire.booter.ForkedBooter.invokeProviderInSameClassLoader(ForkedBooter.java:384) [surefire-booter-3.0.0-M1.jar:3.0.0-M1]
	at org.apache.maven.surefire.booter.ForkedBooter.runSuitesInProcess(ForkedBooter.java:345) [surefire-booter-3.0.0-M1.jar:3.0.0-M1]
	at org.apache.maven.surefire.booter.ForkedBooter.execute(ForkedBooter.java:126) [surefire-booter-3.0.0-M1.jar:3.0.0-M1]
	at org.apache.maven.surefire.booter.ForkedBooter.main(ForkedBooter.java:418) [surefire-booter-3.0.0-M1.jar:3.0.0-M1]
]]></system-out>
  </testcase>
  <testcase name="testMultiBlockWrites2" classname="org.apache.hadoop.ozone.client.rpc.TestCloseContainerHandlingByClient" time="3.882">
    <error type="java.lang.NullPointerException">java.lang.NullPointerException
	at org.apache.hadoop.ozone.om.KeyManagerImpl.refreshPipeline(KeyManagerImpl.java:689)
	at org.apache.hadoop.ozone.om.KeyManagerImpl.lookupKey(KeyManagerImpl.java:651)
	at org.apache.hadoop.ozone.om.OzoneManager.lookupKey(OzoneManager.java:2149)
	at org.apache.hadoop.ozone.client.rpc.TestCloseContainerHandlingByClient.testMultiBlockWrites2(TestCloseContainerHandlingByClient.java:271)
	at sun.reflect.NativeMethodAccessorImpl.invoke0(Native Method)
	at sun.reflect.NativeMethodAccessorImpl.invoke(NativeMethodAccessorImpl.java:62)
	at sun.reflect.DelegatingMethodAccessorImpl.invoke(DelegatingMethodAccessorImpl.java:43)
	at java.lang.reflect.Method.invoke(Method.java:498)
	at org.junit.runners.model.FrameworkMethod$1.runReflectiveCall(FrameworkMethod.java:47)
	at org.junit.internal.runners.model.ReflectiveCallable.run(ReflectiveCallable.java:12)
	at org.junit.runners.model.FrameworkMethod.invokeExplosively(FrameworkMethod.java:44)
	at org.junit.internal.runners.statements.InvokeMethod.evaluate(InvokeMethod.java:17)
	at org.junit.runners.ParentRunner.runLeaf(ParentRunner.java:271)
	at org.junit.runners.BlockJUnit4ClassRunner.runChild(BlockJUnit4ClassRunner.java:70)
	at org.junit.runners.BlockJUnit4ClassRunner.runChild(BlockJUnit4ClassRunner.java:50)
	at org.junit.runners.ParentRunner$3.run(ParentRunner.java:238)
	at org.junit.runners.ParentRunner$1.schedule(ParentRunner.java:63)
	at org.junit.runners.ParentRunner.runChildren(ParentRunner.java:236)
	at org.junit.runners.ParentRunner.access$000(ParentRunner.java:53)
	at org.junit.runners.ParentRunner$2.evaluate(ParentRunner.java:229)
	at org.junit.internal.runners.statements.RunBefores.evaluate(RunBefores.java:26)
	at org.junit.internal.runners.statements.RunAfters.evaluate(RunAfters.java:27)
	at org.junit.runners.ParentRunner.run(ParentRunner.java:309)
	at org.apache.maven.surefire.junit4.JUnit4Provider.execute(JUnit4Provider.java:365)
	at org.apache.maven.surefire.junit4.JUnit4Provider.executeWithRerun(JUnit4Provider.java:273)
	at org.apache.maven.surefire.junit4.JUnit4Provider.executeTestSet(JUnit4Provider.java:238)
	at org.apache.maven.surefire.junit4.JUnit4Provider.invoke(JUnit4Provider.java:159)
	at org.apache.maven.surefire.booter.ForkedBooter.invokeProviderInSameClassLoader(ForkedBooter.java:384)
	at org.apache.maven.surefire.booter.ForkedBooter.runSuitesInProcess(ForkedBooter.java:345)
	at org.apache.maven.surefire.booter.ForkedBooter.execute(ForkedBooter.java:126)
	at org.apache.maven.surefire.booter.ForkedBooter.main(ForkedBooter.java:418)
</error>
    <system-out><![CDATA[2019-11-19 00:07:21,928 [main] INFO  io.BlockOutputStreamEntryPool (BlockOutputStreamEntryPool.java:allocateNewBlock(257)) - Allocating block with ExcludeList {datanodes = [], containerIds = [], pipelineIds = []}
2019-11-19 00:07:22,354 [EventQueue-CloseContainerForCloseContainerEventHandler] INFO  container.CloseContainerEventHandler (CloseContainerEventHandler.java:onMessage(61)) - Close container Event triggered for container : #11
2019-11-19 00:07:22,355 [EventQueue-CloseContainerForCloseContainerEventHandler] INFO  container.CloseContainerEventHandler (CloseContainerEventHandler.java:onMessage(61)) - Close container Event triggered for container : #11
2019-11-19 00:07:22,355 [EventQueue-CloseContainerForCloseContainerEventHandler] INFO  container.CloseContainerEventHandler (CloseContainerEventHandler.java:onMessage(61)) - Close container Event triggered for container : #11
2019-11-19 00:07:22,355 [EventQueue-CloseContainerForCloseContainerEventHandler] INFO  container.CloseContainerEventHandler (CloseContainerEventHandler.java:onMessage(61)) - Close container Event triggered for container : #12
2019-11-19 00:07:22,355 [EventQueue-CloseContainerForCloseContainerEventHandler] INFO  container.CloseContainerEventHandler (CloseContainerEventHandler.java:onMessage(61)) - Close container Event triggered for container : #12
2019-11-19 00:07:22,356 [EventQueue-CloseContainerForCloseContainerEventHandler] INFO  container.CloseContainerEventHandler (CloseContainerEventHandler.java:onMessage(61)) - Close container Event triggered for container : #12
2019-11-19 00:07:22,356 [EventQueue-CloseContainerForCloseContainerEventHandler] INFO  container.CloseContainerEventHandler (CloseContainerEventHandler.java:onMessage(61)) - Close container Event triggered for container : #13
2019-11-19 00:07:22,368 [EventQueue-CloseContainerForCloseContainerEventHandler] INFO  container.CloseContainerEventHandler (CloseContainerEventHandler.java:onMessage(61)) - Close container Event triggered for container : #13
2019-11-19 00:07:22,368 [EventQueue-CloseContainerForCloseContainerEventHandler] INFO  container.CloseContainerEventHandler (CloseContainerEventHandler.java:onMessage(61)) - Close container Event triggered for container : #13
2019-11-19 00:07:24,155 [RatisApplyTransactionExecutor 2] INFO  interfaces.Container (KeyValueContainer.java:flushAndSyncDB(400)) - Container 12 is synced with bcsId 107.
2019-11-19 00:07:24,155 [RatisApplyTransactionExecutor 2] INFO  interfaces.Container (KeyValueContainer.java:flushAndSyncDB(400)) - Container 12 is synced with bcsId 107.
2019-11-19 00:07:24,155 [RatisApplyTransactionExecutor 2] INFO  interfaces.Container (KeyValueContainer.java:flushAndSyncDB(400)) - Container 12 is synced with bcsId 107.
2019-11-19 00:07:24,155 [RatisApplyTransactionExecutor 2] INFO  interfaces.Container (KeyValueContainer.java:flushAndSyncDB(400)) - Container 12 is synced with bcsId 107.
2019-11-19 00:07:24,155 [RatisApplyTransactionExecutor 2] INFO  interfaces.Container (KeyValueContainer.java:flushAndSyncDB(400)) - Container 12 is synced with bcsId 107.
2019-11-19 00:07:24,155 [RatisApplyTransactionExecutor 2] INFO  interfaces.Container (KeyValueContainer.java:flushAndSyncDB(400)) - Container 12 is synced with bcsId 107.
2019-11-19 00:07:24,180 [RatisApplyTransactionExecutor 2] INFO  interfaces.Container (KeyValueContainer.java:close(338)) - Container 12 is closed with bcsId 107.
2019-11-19 00:07:24,180 [RatisApplyTransactionExecutor 2] INFO  interfaces.Container (KeyValueContainer.java:close(338)) - Container 12 is closed with bcsId 107.
2019-11-19 00:07:24,180 [RatisApplyTransactionExecutor 2] INFO  interfaces.Container (KeyValueContainer.java:close(338)) - Container 12 is closed with bcsId 107.
2019-11-19 00:07:24,181 [EventQueue-IncrementalContainerReportForIncrementalContainerReportHandler] INFO  container.IncrementalContainerReportHandler (AbstractContainerReportHandler.java:updateContainerState(178)) - Moving container #12 to CLOSED state, datanode 3c68acf1-2e75-484b-8dce-fe6027c40cff{ip: 192.168.157.213, host: pr-hdds-2241-master-j9rj8-2432081592, networkLocation: /default-rack, certSerialId: null} reported CLOSED replica.
2019-11-19 00:07:24,249 [RatisApplyTransactionExecutor 3] INFO  interfaces.Container (KeyValueContainer.java:flushAndSyncDB(400)) - Container 13 is synced with bcsId 117.
2019-11-19 00:07:24,249 [RatisApplyTransactionExecutor 3] INFO  interfaces.Container (KeyValueContainer.java:flushAndSyncDB(400)) - Container 13 is synced with bcsId 117.
2019-11-19 00:07:24,249 [RatisApplyTransactionExecutor 1] INFO  interfaces.Container (KeyValueContainer.java:flushAndSyncDB(400)) - Container 11 is synced with bcsId 43.
2019-11-19 00:07:24,249 [RatisApplyTransactionExecutor 3] INFO  interfaces.Container (KeyValueContainer.java:flushAndSyncDB(400)) - Container 13 is synced with bcsId 117.
2019-11-19 00:07:24,249 [RatisApplyTransactionExecutor 1] INFO  interfaces.Container (KeyValueContainer.java:flushAndSyncDB(400)) - Container 11 is synced with bcsId 43.
2019-11-19 00:07:24,249 [RatisApplyTransactionExecutor 3] INFO  interfaces.Container (KeyValueContainer.java:flushAndSyncDB(400)) - Container 13 is synced with bcsId 117.
2019-11-19 00:07:24,249 [RatisApplyTransactionExecutor 3] INFO  interfaces.Container (KeyValueContainer.java:flushAndSyncDB(400)) - Container 13 is synced with bcsId 117.
2019-11-19 00:07:24,249 [RatisApplyTransactionExecutor 3] INFO  interfaces.Container (KeyValueContainer.java:flushAndSyncDB(400)) - Container 13 is synced with bcsId 117.
2019-11-19 00:07:24,274 [RatisApplyTransactionExecutor 1] INFO  interfaces.Container (KeyValueContainer.java:flushAndSyncDB(400)) - Container 11 is synced with bcsId 43.
2019-11-19 00:07:24,274 [RatisApplyTransactionExecutor 1] INFO  interfaces.Container (KeyValueContainer.java:flushAndSyncDB(400)) - Container 11 is synced with bcsId 43.
2019-11-19 00:07:24,274 [RatisApplyTransactionExecutor 3] INFO  interfaces.Container (KeyValueContainer.java:close(338)) - Container 13 is closed with bcsId 117.
2019-11-19 00:07:24,274 [RatisApplyTransactionExecutor 3] INFO  interfaces.Container (KeyValueContainer.java:close(338)) - Container 13 is closed with bcsId 117.
2019-11-19 00:07:24,274 [RatisApplyTransactionExecutor 1] INFO  interfaces.Container (KeyValueContainer.java:flushAndSyncDB(400)) - Container 11 is synced with bcsId 43.
2019-11-19 00:07:24,274 [RatisApplyTransactionExecutor 3] INFO  interfaces.Container (KeyValueContainer.java:close(338)) - Container 13 is closed with bcsId 117.
2019-11-19 00:07:24,274 [RatisApplyTransactionExecutor 1] INFO  interfaces.Container (KeyValueContainer.java:close(338)) - Container 11 is closed with bcsId 43.
2019-11-19 00:07:24,274 [RatisApplyTransactionExecutor 1] INFO  interfaces.Container (KeyValueContainer.java:flushAndSyncDB(400)) - Container 11 is synced with bcsId 43.
2019-11-19 00:07:24,275 [EventQueue-IncrementalContainerReportForIncrementalContainerReportHandler] INFO  container.IncrementalContainerReportHandler (AbstractContainerReportHandler.java:updateContainerState(178)) - Moving container #13 to CLOSED state, datanode 3c68acf1-2e75-484b-8dce-fe6027c40cff{ip: 192.168.157.213, host: pr-hdds-2241-master-j9rj8-2432081592, networkLocation: /default-rack, certSerialId: null} reported CLOSED replica.
2019-11-19 00:07:24,276 [EventQueue-IncrementalContainerReportForIncrementalContainerReportHandler] INFO  container.IncrementalContainerReportHandler (AbstractContainerReportHandler.java:updateContainerState(178)) - Moving container #11 to CLOSED state, datanode b9804938-182f-4054-8044-6072e531a40a{ip: 192.168.157.213, host: pr-hdds-2241-master-j9rj8-2432081592, networkLocation: /default-rack, certSerialId: null} reported CLOSED replica.
2019-11-19 00:07:24,298 [RatisApplyTransactionExecutor 1] INFO  interfaces.Container (KeyValueContainer.java:close(338)) - Container 11 is closed with bcsId 43.
2019-11-19 00:07:24,298 [RatisApplyTransactionExecutor 1] INFO  interfaces.Container (KeyValueContainer.java:close(338)) - Container 11 is closed with bcsId 43.
00:07:24.358 [grpc-default-executor-0] ERROR DNAudit - user=null | ip=null | op=WRITE_CHUNK {blockData=conID: 13 locID: 103161662139924500 bcsId: 117} | ret=FAILURE
org.apache.hadoop.hdds.scm.container.common.helpers.ContainerNotOpenException: Container 13 in CLOSED state
	at org.apache.hadoop.ozone.container.common.impl.HddsDispatcher.validateContainerCommand(HddsDispatcher.java:469) ~[hadoop-hdds-container-service-0.5.0-SNAPSHOT.jar:?]
	at org.apache.hadoop.ozone.container.common.transport.server.ratis.ContainerStateMachine.startTransaction(ContainerStateMachine.java:311) ~[hadoop-hdds-container-service-0.5.0-SNAPSHOT.jar:?]
	at org.apache.ratis.server.impl.RaftServerImpl.submitClientRequestAsync(RaftServerImpl.java:580) ~[ratis-server-0.5.0-d6d58d0-SNAPSHOT.jar:0.5.0-d6d58d0-SNAPSHOT]
	at org.apache.ratis.server.impl.RaftServerProxy.lambda$submitClientRequestAsync$7(RaftServerProxy.java:333) ~[ratis-server-0.5.0-d6d58d0-SNAPSHOT.jar:0.5.0-d6d58d0-SNAPSHOT]
	at org.apache.ratis.server.impl.RaftServerProxy.lambda$null$5(RaftServerProxy.java:328) ~[ratis-server-0.5.0-d6d58d0-SNAPSHOT.jar:0.5.0-d6d58d0-SNAPSHOT]
	at org.apache.ratis.util.JavaUtils.callAsUnchecked(JavaUtils.java:109) ~[ratis-common-0.5.0-d6d58d0-SNAPSHOT.jar:0.5.0-d6d58d0-SNAPSHOT]
	at org.apache.ratis.server.impl.RaftServerProxy.lambda$submitRequest$6(RaftServerProxy.java:328) ~[ratis-server-0.5.0-d6d58d0-SNAPSHOT.jar:0.5.0-d6d58d0-SNAPSHOT]
	at java.util.concurrent.CompletableFuture.uniComposeStage(CompletableFuture.java:981) ~[?:1.8.0_222]
	at java.util.concurrent.CompletableFuture.thenCompose(CompletableFuture.java:2124) ~[?:1.8.0_222]
	at org.apache.ratis.server.impl.RaftServerProxy.submitRequest(RaftServerProxy.java:327) ~[ratis-server-0.5.0-d6d58d0-SNAPSHOT.jar:0.5.0-d6d58d0-SNAPSHOT]
	at org.apache.ratis.server.impl.RaftServerProxy.submitClientRequestAsync(RaftServerProxy.java:333) ~[ratis-server-0.5.0-d6d58d0-SNAPSHOT.jar:0.5.0-d6d58d0-SNAPSHOT]
	at org.apache.ratis.grpc.client.GrpcClientProtocolService$RequestStreamObserver.processClientRequest(GrpcClientProtocolService.java:221) ~[ratis-grpc-0.5.0-d6d58d0-SNAPSHOT.jar:0.5.0-d6d58d0-SNAPSHOT]
	at org.apache.ratis.grpc.client.GrpcClientProtocolService$OrderedRequestStreamObserver.processClientRequest(GrpcClientProtocolService.java:327) ~[ratis-grpc-0.5.0-d6d58d0-SNAPSHOT.jar:0.5.0-d6d58d0-SNAPSHOT]
	at org.apache.ratis.util.SlidingWindow$Server.processRequestsFromHead(SlidingWindow.java:429) [ratis-common-0.5.0-d6d58d0-SNAPSHOT.jar:0.5.0-d6d58d0-SNAPSHOT]
	at org.apache.ratis.util.SlidingWindow$Server.receivedRequest(SlidingWindow.java:421) [ratis-common-0.5.0-d6d58d0-SNAPSHOT.jar:0.5.0-d6d58d0-SNAPSHOT]
	at org.apache.ratis.grpc.client.GrpcClientProtocolService$OrderedRequestStreamObserver.processClientRequest(GrpcClientProtocolService.java:346) [ratis-grpc-0.5.0-d6d58d0-SNAPSHOT.jar:0.5.0-d6d58d0-SNAPSHOT]
	at org.apache.ratis.grpc.client.GrpcClientProtocolService$RequestStreamObserver.onNext(GrpcClientProtocolService.java:241) [ratis-grpc-0.5.0-d6d58d0-SNAPSHOT.jar:0.5.0-d6d58d0-SNAPSHOT]
	at org.apache.ratis.grpc.client.GrpcClientProtocolService$RequestStreamObserver.onNext(GrpcClientProtocolService.java:168) [ratis-grpc-0.5.0-d6d58d0-SNAPSHOT.jar:0.5.0-d6d58d0-SNAPSHOT]
	at org.apache.ratis.thirdparty.io.grpc.stub.ServerCalls$StreamingServerCallHandler$StreamingServerCallListener.onMessage(ServerCalls.java:248) [ratis-thirdparty-misc-0.2.0.jar:0.2.0]
	at org.apache.ratis.thirdparty.io.grpc.internal.ServerCallImpl$ServerStreamListenerImpl.messagesAvailable(ServerCallImpl.java:263) [ratis-thirdparty-misc-0.2.0.jar:0.2.0]
	at org.apache.ratis.thirdparty.io.grpc.internal.ServerImpl$JumpToApplicationThreadServerStreamListener$1MessagesAvailable.runInContext(ServerImpl.java:686) [ratis-thirdparty-misc-0.2.0.jar:0.2.0]
	at org.apache.ratis.thirdparty.io.grpc.internal.ContextRunnable.run(ContextRunnable.java:37) [ratis-thirdparty-misc-0.2.0.jar:0.2.0]
	at org.apache.ratis.thirdparty.io.grpc.internal.SerializingExecutor.run(SerializingExecutor.java:123) [ratis-thirdparty-misc-0.2.0.jar:0.2.0]
	at java.util.concurrent.ThreadPoolExecutor.runWorker(ThreadPoolExecutor.java:1149) [?:1.8.0_222]
	at java.util.concurrent.ThreadPoolExecutor$Worker.run(ThreadPoolExecutor.java:624) [?:1.8.0_222]
	at java.lang.Thread.run(Thread.java:748) [?:1.8.0_222]
00:07:24.365 [grpc-default-executor-0] ERROR DNAudit - user=null | ip=null | op=PUT_BLOCK {blockData=[blockId=conID: 13 locID: 103161662139924500 bcsId: 0,size=2621440]} | ret=FAILURE
org.apache.hadoop.hdds.scm.container.common.helpers.ContainerNotOpenException: Container 13 in CLOSED state
	at org.apache.hadoop.ozone.container.common.impl.HddsDispatcher.validateContainerCommand(HddsDispatcher.java:469) ~[hadoop-hdds-container-service-0.5.0-SNAPSHOT.jar:?]
	at org.apache.hadoop.ozone.container.common.transport.server.ratis.ContainerStateMachine.startTransaction(ContainerStateMachine.java:311) ~[hadoop-hdds-container-service-0.5.0-SNAPSHOT.jar:?]
	at org.apache.ratis.server.impl.RaftServerImpl.submitClientRequestAsync(RaftServerImpl.java:580) ~[ratis-server-0.5.0-d6d58d0-SNAPSHOT.jar:0.5.0-d6d58d0-SNAPSHOT]
	at org.apache.ratis.server.impl.RaftServerProxy.lambda$submitClientRequestAsync$7(RaftServerProxy.java:333) ~[ratis-server-0.5.0-d6d58d0-SNAPSHOT.jar:0.5.0-d6d58d0-SNAPSHOT]
	at org.apache.ratis.server.impl.RaftServerProxy.lambda$null$5(RaftServerProxy.java:328) ~[ratis-server-0.5.0-d6d58d0-SNAPSHOT.jar:0.5.0-d6d58d0-SNAPSHOT]
	at org.apache.ratis.util.JavaUtils.callAsUnchecked(JavaUtils.java:109) ~[ratis-common-0.5.0-d6d58d0-SNAPSHOT.jar:0.5.0-d6d58d0-SNAPSHOT]
	at org.apache.ratis.server.impl.RaftServerProxy.lambda$submitRequest$6(RaftServerProxy.java:328) ~[ratis-server-0.5.0-d6d58d0-SNAPSHOT.jar:0.5.0-d6d58d0-SNAPSHOT]
	at java.util.concurrent.CompletableFuture.uniComposeStage(CompletableFuture.java:981) ~[?:1.8.0_222]
	at java.util.concurrent.CompletableFuture.thenCompose(CompletableFuture.java:2124) ~[?:1.8.0_222]
	at org.apache.ratis.server.impl.RaftServerProxy.submitRequest(RaftServerProxy.java:327) ~[ratis-server-0.5.0-d6d58d0-SNAPSHOT.jar:0.5.0-d6d58d0-SNAPSHOT]
	at org.apache.ratis.server.impl.RaftServerProxy.submitClientRequestAsync(RaftServerProxy.java:333) ~[ratis-server-0.5.0-d6d58d0-SNAPSHOT.jar:0.5.0-d6d58d0-SNAPSHOT]
	at org.apache.ratis.grpc.client.GrpcClientProtocolService$RequestStreamObserver.processClientRequest(GrpcClientProtocolService.java:221) ~[ratis-grpc-0.5.0-d6d58d0-SNAPSHOT.jar:0.5.0-d6d58d0-SNAPSHOT]
	at org.apache.ratis.grpc.client.GrpcClientProtocolService$OrderedRequestStreamObserver.processClientRequest(GrpcClientProtocolService.java:327) ~[ratis-grpc-0.5.0-d6d58d0-SNAPSHOT.jar:0.5.0-d6d58d0-SNAPSHOT]
	at org.apache.ratis.util.SlidingWindow$Server.processRequestsFromHead(SlidingWindow.java:429) [ratis-common-0.5.0-d6d58d0-SNAPSHOT.jar:0.5.0-d6d58d0-SNAPSHOT]
	at org.apache.ratis.util.SlidingWindow$Server.receivedRequest(SlidingWindow.java:421) [ratis-common-0.5.0-d6d58d0-SNAPSHOT.jar:0.5.0-d6d58d0-SNAPSHOT]
	at org.apache.ratis.grpc.client.GrpcClientProtocolService$OrderedRequestStreamObserver.processClientRequest(GrpcClientProtocolService.java:346) [ratis-grpc-0.5.0-d6d58d0-SNAPSHOT.jar:0.5.0-d6d58d0-SNAPSHOT]
	at org.apache.ratis.grpc.client.GrpcClientProtocolService$RequestStreamObserver.onNext(GrpcClientProtocolService.java:241) [ratis-grpc-0.5.0-d6d58d0-SNAPSHOT.jar:0.5.0-d6d58d0-SNAPSHOT]
	at org.apache.ratis.grpc.client.GrpcClientProtocolService$RequestStreamObserver.onNext(GrpcClientProtocolService.java:168) [ratis-grpc-0.5.0-d6d58d0-SNAPSHOT.jar:0.5.0-d6d58d0-SNAPSHOT]
	at org.apache.ratis.thirdparty.io.grpc.stub.ServerCalls$StreamingServerCallHandler$StreamingServerCallListener.onMessage(ServerCalls.java:248) [ratis-thirdparty-misc-0.2.0.jar:0.2.0]
	at org.apache.ratis.thirdparty.io.grpc.internal.ServerCallImpl$ServerStreamListenerImpl.messagesAvailable(ServerCallImpl.java:263) [ratis-thirdparty-misc-0.2.0.jar:0.2.0]
	at org.apache.ratis.thirdparty.io.grpc.internal.ServerImpl$JumpToApplicationThreadServerStreamListener$1MessagesAvailable.runInContext(ServerImpl.java:686) [ratis-thirdparty-misc-0.2.0.jar:0.2.0]
	at org.apache.ratis.thirdparty.io.grpc.internal.ContextRunnable.run(ContextRunnable.java:37) [ratis-thirdparty-misc-0.2.0.jar:0.2.0]
	at org.apache.ratis.thirdparty.io.grpc.internal.SerializingExecutor.run(SerializingExecutor.java:123) [ratis-thirdparty-misc-0.2.0.jar:0.2.0]
	at java.util.concurrent.ThreadPoolExecutor.runWorker(ThreadPoolExecutor.java:1149) [?:1.8.0_222]
	at java.util.concurrent.ThreadPoolExecutor$Worker.run(ThreadPoolExecutor.java:624) [?:1.8.0_222]
	at java.lang.Thread.run(Thread.java:748) [?:1.8.0_222]
2019-11-19 00:07:24,379 [main] INFO  io.BlockOutputStreamEntryPool (BlockOutputStreamEntryPool.java:allocateNewBlock(257)) - Allocating block with ExcludeList {datanodes = [], containerIds = [#13], pipelineIds = []}
00:07:24.688 [main] ERROR OMAudit - user=null | ip=null | op=READ_KEY {volume=closecontainerexceptionhandlingtest, bucket=closecontainerexceptionhandlingtest, key=65f91fa0-3d48-487f-97b7-7f55ee78c8f9, dataSize=0, replicationType=RATIS, replicationFactor=THREE, keyLocationInfo=null} | ret=FAILURE
java.lang.NullPointerException: null
	at org.apache.hadoop.ozone.om.KeyManagerImpl.refreshPipeline(KeyManagerImpl.java:689) ~[hadoop-ozone-ozone-manager-0.5.0-SNAPSHOT.jar:?]
	at org.apache.hadoop.ozone.om.KeyManagerImpl.lookupKey(KeyManagerImpl.java:651) ~[hadoop-ozone-ozone-manager-0.5.0-SNAPSHOT.jar:?]
	at org.apache.hadoop.ozone.om.OzoneManager.lookupKey(OzoneManager.java:2149) [hadoop-ozone-ozone-manager-0.5.0-SNAPSHOT.jar:?]
	at org.apache.hadoop.ozone.client.rpc.TestCloseContainerHandlingByClient.testMultiBlockWrites2(TestCloseContainerHandlingByClient.java:271) [test-classes/:?]
	at sun.reflect.NativeMethodAccessorImpl.invoke0(Native Method) ~[?:1.8.0_222]
	at sun.reflect.NativeMethodAccessorImpl.invoke(NativeMethodAccessorImpl.java:62) ~[?:1.8.0_222]
	at sun.reflect.DelegatingMethodAccessorImpl.invoke(DelegatingMethodAccessorImpl.java:43) ~[?:1.8.0_222]
	at java.lang.reflect.Method.invoke(Method.java:498) ~[?:1.8.0_222]
	at org.junit.runners.model.FrameworkMethod$1.runReflectiveCall(FrameworkMethod.java:47) [junit-4.11.jar:?]
	at org.junit.internal.runners.model.ReflectiveCallable.run(ReflectiveCallable.java:12) [junit-4.11.jar:?]
	at org.junit.runners.model.FrameworkMethod.invokeExplosively(FrameworkMethod.java:44) [junit-4.11.jar:?]
	at org.junit.internal.runners.statements.InvokeMethod.evaluate(InvokeMethod.java:17) [junit-4.11.jar:?]
	at org.junit.runners.ParentRunner.runLeaf(ParentRunner.java:271) [junit-4.11.jar:?]
	at org.junit.runners.BlockJUnit4ClassRunner.runChild(BlockJUnit4ClassRunner.java:70) [junit-4.11.jar:?]
	at org.junit.runners.BlockJUnit4ClassRunner.runChild(BlockJUnit4ClassRunner.java:50) [junit-4.11.jar:?]
	at org.junit.runners.ParentRunner$3.run(ParentRunner.java:238) [junit-4.11.jar:?]
	at org.junit.runners.ParentRunner$1.schedule(ParentRunner.java:63) [junit-4.11.jar:?]
	at org.junit.runners.ParentRunner.runChildren(ParentRunner.java:236) [junit-4.11.jar:?]
	at org.junit.runners.ParentRunner.access$000(ParentRunner.java:53) [junit-4.11.jar:?]
	at org.junit.runners.ParentRunner$2.evaluate(ParentRunner.java:229) [junit-4.11.jar:?]
	at org.junit.internal.runners.statements.RunBefores.evaluate(RunBefores.java:26) [junit-4.11.jar:?]
	at org.junit.internal.runners.statements.RunAfters.evaluate(RunAfters.java:27) [junit-4.11.jar:?]
	at org.junit.runners.ParentRunner.run(ParentRunner.java:309) [junit-4.11.jar:?]
	at org.apache.maven.surefire.junit4.JUnit4Provider.execute(JUnit4Provider.java:365) [surefire-junit4-3.0.0-M1.jar:3.0.0-M1]
	at org.apache.maven.surefire.junit4.JUnit4Provider.executeWithRerun(JUnit4Provider.java:273) [surefire-junit4-3.0.0-M1.jar:3.0.0-M1]
	at org.apache.maven.surefire.junit4.JUnit4Provider.executeTestSet(JUnit4Provider.java:238) [surefire-junit4-3.0.0-M1.jar:3.0.0-M1]
	at org.apache.maven.surefire.junit4.JUnit4Provider.invoke(JUnit4Provider.java:159) [surefire-junit4-3.0.0-M1.jar:3.0.0-M1]
	at org.apache.maven.surefire.booter.ForkedBooter.invokeProviderInSameClassLoader(ForkedBooter.java:384) [surefire-booter-3.0.0-M1.jar:3.0.0-M1]
	at org.apache.maven.surefire.booter.ForkedBooter.runSuitesInProcess(ForkedBooter.java:345) [surefire-booter-3.0.0-M1.jar:3.0.0-M1]
	at org.apache.maven.surefire.booter.ForkedBooter.execute(ForkedBooter.java:126) [surefire-booter-3.0.0-M1.jar:3.0.0-M1]
	at org.apache.maven.surefire.booter.ForkedBooter.main(ForkedBooter.java:418) [surefire-booter-3.0.0-M1.jar:3.0.0-M1]
]]></system-out>
  </testcase>
  <testcase name="testMultiBlockWrites3" classname="org.apache.hadoop.ozone.client.rpc.TestCloseContainerHandlingByClient" time="3.626">
    <error type="java.lang.NullPointerException">java.lang.NullPointerException
	at org.apache.hadoop.ozone.om.KeyManagerImpl.refreshPipeline(KeyManagerImpl.java:689)
	at org.apache.hadoop.ozone.om.KeyManagerImpl.lookupKey(KeyManagerImpl.java:651)
	at org.apache.hadoop.ozone.om.OzoneManager.lookupKey(OzoneManager.java:2149)
	at org.apache.hadoop.ozone.client.rpc.TestCloseContainerHandlingByClient.testMultiBlockWrites3(TestCloseContainerHandlingByClient.java:318)
	at sun.reflect.NativeMethodAccessorImpl.invoke0(Native Method)
	at sun.reflect.NativeMethodAccessorImpl.invoke(NativeMethodAccessorImpl.java:62)
	at sun.reflect.DelegatingMethodAccessorImpl.invoke(DelegatingMethodAccessorImpl.java:43)
	at java.lang.reflect.Method.invoke(Method.java:498)
	at org.junit.runners.model.FrameworkMethod$1.runReflectiveCall(FrameworkMethod.java:47)
	at org.junit.internal.runners.model.ReflectiveCallable.run(ReflectiveCallable.java:12)
	at org.junit.runners.model.FrameworkMethod.invokeExplosively(FrameworkMethod.java:44)
	at org.junit.internal.runners.statements.InvokeMethod.evaluate(InvokeMethod.java:17)
	at org.junit.runners.ParentRunner.runLeaf(ParentRunner.java:271)
	at org.junit.runners.BlockJUnit4ClassRunner.runChild(BlockJUnit4ClassRunner.java:70)
	at org.junit.runners.BlockJUnit4ClassRunner.runChild(BlockJUnit4ClassRunner.java:50)
	at org.junit.runners.ParentRunner$3.run(ParentRunner.java:238)
	at org.junit.runners.ParentRunner$1.schedule(ParentRunner.java:63)
	at org.junit.runners.ParentRunner.runChildren(ParentRunner.java:236)
	at org.junit.runners.ParentRunner.access$000(ParentRunner.java:53)
	at org.junit.runners.ParentRunner$2.evaluate(ParentRunner.java:229)
	at org.junit.internal.runners.statements.RunBefores.evaluate(RunBefores.java:26)
	at org.junit.internal.runners.statements.RunAfters.evaluate(RunAfters.java:27)
	at org.junit.runners.ParentRunner.run(ParentRunner.java:309)
	at org.apache.maven.surefire.junit4.JUnit4Provider.execute(JUnit4Provider.java:365)
	at org.apache.maven.surefire.junit4.JUnit4Provider.executeWithRerun(JUnit4Provider.java:273)
	at org.apache.maven.surefire.junit4.JUnit4Provider.executeTestSet(JUnit4Provider.java:238)
	at org.apache.maven.surefire.junit4.JUnit4Provider.invoke(JUnit4Provider.java:159)
	at org.apache.maven.surefire.booter.ForkedBooter.invokeProviderInSameClassLoader(ForkedBooter.java:384)
	at org.apache.maven.surefire.booter.ForkedBooter.runSuitesInProcess(ForkedBooter.java:345)
	at org.apache.maven.surefire.booter.ForkedBooter.execute(ForkedBooter.java:126)
	at org.apache.maven.surefire.booter.ForkedBooter.main(ForkedBooter.java:418)
</error>
    <system-out><![CDATA[2019-11-19 00:07:25,334 [EventQueue-CloseContainerForCloseContainerEventHandler] INFO  container.CloseContainerEventHandler (CloseContainerEventHandler.java:onMessage(61)) - Close container Event triggered for container : #4
2019-11-19 00:07:25,334 [EventQueue-CloseContainerForCloseContainerEventHandler] INFO  container.CloseContainerEventHandler (CloseContainerEventHandler.java:onMessage(61)) - Close container Event triggered for container : #4
2019-11-19 00:07:25,334 [EventQueue-CloseContainerForCloseContainerEventHandler] INFO  container.CloseContainerEventHandler (CloseContainerEventHandler.java:onMessage(61)) - Close container Event triggered for container : #4
2019-11-19 00:07:25,334 [EventQueue-CloseContainerForCloseContainerEventHandler] INFO  container.CloseContainerEventHandler (CloseContainerEventHandler.java:onMessage(61)) - Close container Event triggered for container : #10
2019-11-19 00:07:25,335 [EventQueue-CloseContainerForCloseContainerEventHandler] INFO  container.CloseContainerEventHandler (CloseContainerEventHandler.java:onMessage(61)) - Close container Event triggered for container : #10
2019-11-19 00:07:25,335 [EventQueue-CloseContainerForCloseContainerEventHandler] INFO  container.CloseContainerEventHandler (CloseContainerEventHandler.java:onMessage(61)) - Close container Event triggered for container : #10
2019-11-19 00:07:25,335 [EventQueue-CloseContainerForCloseContainerEventHandler] INFO  container.CloseContainerEventHandler (CloseContainerEventHandler.java:onMessage(61)) - Close container Event triggered for container : #14
2019-11-19 00:07:25,335 [EventQueue-CloseContainerForCloseContainerEventHandler] INFO  container.CloseContainerEventHandler (CloseContainerEventHandler.java:onMessage(61)) - Close container Event triggered for container : #14
2019-11-19 00:07:25,335 [EventQueue-CloseContainerForCloseContainerEventHandler] INFO  container.CloseContainerEventHandler (CloseContainerEventHandler.java:onMessage(61)) - Close container Event triggered for container : #14
2019-11-19 00:07:25,834 [EventQueue-CloseContainerForCloseContainerEventHandler] INFO  container.CloseContainerEventHandler (CloseContainerEventHandler.java:onMessage(61)) - Close container Event triggered for container : #15
2019-11-19 00:07:25,834 [EventQueue-CloseContainerForCloseContainerEventHandler] INFO  container.CloseContainerEventHandler (CloseContainerEventHandler.java:onMessage(61)) - Close container Event triggered for container : #15
2019-11-19 00:07:25,835 [EventQueue-CloseContainerForCloseContainerEventHandler] INFO  container.CloseContainerEventHandler (CloseContainerEventHandler.java:onMessage(61)) - Close container Event triggered for container : #15
2019-11-19 00:07:26,330 [RatisApplyTransactionExecutor 4] INFO  interfaces.Container (KeyValueContainer.java:flushAndSyncDB(400)) - Container 4 is synced with bcsId 67.
2019-11-19 00:07:26,331 [RatisApplyTransactionExecutor 4] INFO  interfaces.Container (KeyValueContainer.java:flushAndSyncDB(400)) - Container 4 is synced with bcsId 67.
2019-11-19 00:07:26,354 [RatisApplyTransactionExecutor 4] INFO  interfaces.Container (KeyValueContainer.java:close(338)) - Container 4 is closed with bcsId 67.
2019-11-19 00:07:26,355 [EventQueue-IncrementalContainerReportForIncrementalContainerReportHandler] INFO  container.IncrementalContainerReportHandler (AbstractContainerReportHandler.java:updateContainerState(178)) - Moving container #4 to CLOSED state, datanode b9804938-182f-4054-8044-6072e531a40a{ip: 192.168.157.213, host: pr-hdds-2241-master-j9rj8-2432081592, networkLocation: /default-rack, certSerialId: null} reported CLOSED replica.
2019-11-19 00:07:26,369 [RatisApplyTransactionExecutor 4] INFO  interfaces.Container (KeyValueContainer.java:flushAndSyncDB(400)) - Container 4 is synced with bcsId 67.
2019-11-19 00:07:26,369 [RatisApplyTransactionExecutor 4] INFO  interfaces.Container (KeyValueContainer.java:flushAndSyncDB(400)) - Container 4 is synced with bcsId 67.
2019-11-19 00:07:26,369 [RatisApplyTransactionExecutor 4] INFO  interfaces.Container (KeyValueContainer.java:flushAndSyncDB(400)) - Container 4 is synced with bcsId 67.
2019-11-19 00:07:26,369 [RatisApplyTransactionExecutor 4] INFO  interfaces.Container (KeyValueContainer.java:flushAndSyncDB(400)) - Container 4 is synced with bcsId 67.
2019-11-19 00:07:26,395 [RatisApplyTransactionExecutor 4] INFO  interfaces.Container (KeyValueContainer.java:close(338)) - Container 4 is closed with bcsId 67.
2019-11-19 00:07:26,395 [RatisApplyTransactionExecutor 4] INFO  interfaces.Container (KeyValueContainer.java:close(338)) - Container 4 is closed with bcsId 67.
2019-11-19 00:07:26,420 [RatisApplyTransactionExecutor 0] INFO  interfaces.Container (KeyValueContainer.java:flushAndSyncDB(400)) - Container 10 is synced with bcsId 83.
2019-11-19 00:07:26,420 [RatisApplyTransactionExecutor 0] INFO  interfaces.Container (KeyValueContainer.java:flushAndSyncDB(400)) - Container 10 is synced with bcsId 83.
2019-11-19 00:07:26,437 [RatisApplyTransactionExecutor 0] INFO  interfaces.Container (KeyValueContainer.java:flushAndSyncDB(400)) - Container 10 is synced with bcsId 83.
2019-11-19 00:07:26,437 [RatisApplyTransactionExecutor 0] INFO  interfaces.Container (KeyValueContainer.java:close(338)) - Container 10 is closed with bcsId 83.
2019-11-19 00:07:26,437 [RatisApplyTransactionExecutor 0] INFO  interfaces.Container (KeyValueContainer.java:flushAndSyncDB(400)) - Container 10 is synced with bcsId 83.
2019-11-19 00:07:26,437 [RatisApplyTransactionExecutor 0] INFO  interfaces.Container (KeyValueContainer.java:flushAndSyncDB(400)) - Container 10 is synced with bcsId 83.
2019-11-19 00:07:26,437 [RatisApplyTransactionExecutor 0] INFO  interfaces.Container (KeyValueContainer.java:flushAndSyncDB(400)) - Container 10 is synced with bcsId 83.
2019-11-19 00:07:26,438 [EventQueue-IncrementalContainerReportForIncrementalContainerReportHandler] INFO  container.IncrementalContainerReportHandler (AbstractContainerReportHandler.java:updateContainerState(178)) - Moving container #10 to CLOSED state, datanode b9804938-182f-4054-8044-6072e531a40a{ip: 192.168.157.213, host: pr-hdds-2241-master-j9rj8-2432081592, networkLocation: /default-rack, certSerialId: null} reported CLOSED replica.
2019-11-19 00:07:26,456 [RatisApplyTransactionExecutor 0] INFO  interfaces.Container (KeyValueContainer.java:close(338)) - Container 10 is closed with bcsId 83.
2019-11-19 00:07:26,456 [RatisApplyTransactionExecutor 0] INFO  interfaces.Container (KeyValueContainer.java:close(338)) - Container 10 is closed with bcsId 83.
2019-11-19 00:07:26,504 [RatisApplyTransactionExecutor 4] INFO  interfaces.Container (KeyValueContainer.java:flushAndSyncDB(400)) - Container 14 is synced with bcsId 99.
2019-11-19 00:07:26,505 [RatisApplyTransactionExecutor 4] INFO  interfaces.Container (KeyValueContainer.java:flushAndSyncDB(400)) - Container 14 is synced with bcsId 99.
2019-11-19 00:07:26,531 [RatisApplyTransactionExecutor 4] INFO  interfaces.Container (KeyValueContainer.java:flushAndSyncDB(400)) - Container 14 is synced with bcsId 99.
2019-11-19 00:07:26,531 [RatisApplyTransactionExecutor 4] INFO  interfaces.Container (KeyValueContainer.java:flushAndSyncDB(400)) - Container 14 is synced with bcsId 99.
2019-11-19 00:07:26,531 [RatisApplyTransactionExecutor 4] INFO  interfaces.Container (KeyValueContainer.java:close(338)) - Container 14 is closed with bcsId 99.
2019-11-19 00:07:26,531 [RatisApplyTransactionExecutor 4] INFO  interfaces.Container (KeyValueContainer.java:flushAndSyncDB(400)) - Container 14 is synced with bcsId 99.
2019-11-19 00:07:26,531 [RatisApplyTransactionExecutor 4] INFO  interfaces.Container (KeyValueContainer.java:flushAndSyncDB(400)) - Container 14 is synced with bcsId 99.
2019-11-19 00:07:26,532 [EventQueue-IncrementalContainerReportForIncrementalContainerReportHandler] INFO  container.IncrementalContainerReportHandler (AbstractContainerReportHandler.java:updateContainerState(178)) - Moving container #14 to CLOSED state, datanode b9804938-182f-4054-8044-6072e531a40a{ip: 192.168.157.213, host: pr-hdds-2241-master-j9rj8-2432081592, networkLocation: /default-rack, certSerialId: null} reported CLOSED replica.
2019-11-19 00:07:26,552 [RatisApplyTransactionExecutor 4] INFO  interfaces.Container (KeyValueContainer.java:close(338)) - Container 14 is closed with bcsId 99.
2019-11-19 00:07:26,552 [RatisApplyTransactionExecutor 4] INFO  interfaces.Container (KeyValueContainer.java:close(338)) - Container 14 is closed with bcsId 99.
2019-11-19 00:07:27,585 [RatisApplyTransactionExecutor 5] INFO  interfaces.Container (KeyValueContainer.java:flushAndSyncDB(400)) - Container 15 is synced with bcsId 125.
2019-11-19 00:07:27,585 [RatisApplyTransactionExecutor 5] INFO  interfaces.Container (KeyValueContainer.java:flushAndSyncDB(400)) - Container 15 is synced with bcsId 125.
2019-11-19 00:07:27,585 [RatisApplyTransactionExecutor 5] INFO  interfaces.Container (KeyValueContainer.java:flushAndSyncDB(400)) - Container 15 is synced with bcsId 125.
2019-11-19 00:07:27,586 [RatisApplyTransactionExecutor 5] INFO  interfaces.Container (KeyValueContainer.java:flushAndSyncDB(400)) - Container 15 is synced with bcsId 125.
2019-11-19 00:07:27,586 [RatisApplyTransactionExecutor 5] INFO  interfaces.Container (KeyValueContainer.java:flushAndSyncDB(400)) - Container 15 is synced with bcsId 125.
2019-11-19 00:07:27,586 [RatisApplyTransactionExecutor 5] INFO  interfaces.Container (KeyValueContainer.java:flushAndSyncDB(400)) - Container 15 is synced with bcsId 125.
2019-11-19 00:07:27,619 [RatisApplyTransactionExecutor 5] INFO  interfaces.Container (KeyValueContainer.java:close(338)) - Container 15 is closed with bcsId 125.
2019-11-19 00:07:27,619 [RatisApplyTransactionExecutor 5] INFO  interfaces.Container (KeyValueContainer.java:close(338)) - Container 15 is closed with bcsId 125.
2019-11-19 00:07:27,619 [RatisApplyTransactionExecutor 5] INFO  interfaces.Container (KeyValueContainer.java:close(338)) - Container 15 is closed with bcsId 125.
2019-11-19 00:07:27,620 [EventQueue-IncrementalContainerReportForIncrementalContainerReportHandler] INFO  container.IncrementalContainerReportHandler (AbstractContainerReportHandler.java:updateContainerState(178)) - Moving container #15 to CLOSED state, datanode 93728d59-90a7-4d42-a9e8-51f96f87119b{ip: 192.168.157.213, host: pr-hdds-2241-master-j9rj8-2432081592, networkLocation: /default-rack, certSerialId: null} reported CLOSED replica.
00:07:27.840 [grpc-default-executor-6] ERROR DNAudit - user=null | ip=null | op=WRITE_CHUNK {blockData=conID: 15 locID: 103161662321131545 bcsId: 125} | ret=FAILURE
org.apache.hadoop.hdds.scm.container.common.helpers.ContainerNotOpenException: Container 15 in CLOSED state
	at org.apache.hadoop.ozone.container.common.impl.HddsDispatcher.validateContainerCommand(HddsDispatcher.java:469) ~[hadoop-hdds-container-service-0.5.0-SNAPSHOT.jar:?]
	at org.apache.hadoop.ozone.container.common.transport.server.ratis.ContainerStateMachine.startTransaction(ContainerStateMachine.java:311) ~[hadoop-hdds-container-service-0.5.0-SNAPSHOT.jar:?]
	at org.apache.ratis.server.impl.RaftServerImpl.submitClientRequestAsync(RaftServerImpl.java:580) ~[ratis-server-0.5.0-d6d58d0-SNAPSHOT.jar:0.5.0-d6d58d0-SNAPSHOT]
	at org.apache.ratis.server.impl.RaftServerProxy.lambda$submitClientRequestAsync$7(RaftServerProxy.java:333) ~[ratis-server-0.5.0-d6d58d0-SNAPSHOT.jar:0.5.0-d6d58d0-SNAPSHOT]
	at org.apache.ratis.server.impl.RaftServerProxy.lambda$null$5(RaftServerProxy.java:328) ~[ratis-server-0.5.0-d6d58d0-SNAPSHOT.jar:0.5.0-d6d58d0-SNAPSHOT]
	at org.apache.ratis.util.JavaUtils.callAsUnchecked(JavaUtils.java:109) ~[ratis-common-0.5.0-d6d58d0-SNAPSHOT.jar:0.5.0-d6d58d0-SNAPSHOT]
	at org.apache.ratis.server.impl.RaftServerProxy.lambda$submitRequest$6(RaftServerProxy.java:328) ~[ratis-server-0.5.0-d6d58d0-SNAPSHOT.jar:0.5.0-d6d58d0-SNAPSHOT]
	at java.util.concurrent.CompletableFuture.uniComposeStage(CompletableFuture.java:981) ~[?:1.8.0_222]
	at java.util.concurrent.CompletableFuture.thenCompose(CompletableFuture.java:2124) ~[?:1.8.0_222]
	at org.apache.ratis.server.impl.RaftServerProxy.submitRequest(RaftServerProxy.java:327) ~[ratis-server-0.5.0-d6d58d0-SNAPSHOT.jar:0.5.0-d6d58d0-SNAPSHOT]
	at org.apache.ratis.server.impl.RaftServerProxy.submitClientRequestAsync(RaftServerProxy.java:333) ~[ratis-server-0.5.0-d6d58d0-SNAPSHOT.jar:0.5.0-d6d58d0-SNAPSHOT]
	at org.apache.ratis.grpc.client.GrpcClientProtocolService$RequestStreamObserver.processClientRequest(GrpcClientProtocolService.java:221) ~[ratis-grpc-0.5.0-d6d58d0-SNAPSHOT.jar:0.5.0-d6d58d0-SNAPSHOT]
	at org.apache.ratis.grpc.client.GrpcClientProtocolService$OrderedRequestStreamObserver.processClientRequest(GrpcClientProtocolService.java:327) ~[ratis-grpc-0.5.0-d6d58d0-SNAPSHOT.jar:0.5.0-d6d58d0-SNAPSHOT]
	at org.apache.ratis.util.SlidingWindow$Server.processRequestsFromHead(SlidingWindow.java:429) [ratis-common-0.5.0-d6d58d0-SNAPSHOT.jar:0.5.0-d6d58d0-SNAPSHOT]
	at org.apache.ratis.util.SlidingWindow$Server.receivedRequest(SlidingWindow.java:421) [ratis-common-0.5.0-d6d58d0-SNAPSHOT.jar:0.5.0-d6d58d0-SNAPSHOT]
	at org.apache.ratis.grpc.client.GrpcClientProtocolService$OrderedRequestStreamObserver.processClientRequest(GrpcClientProtocolService.java:346) [ratis-grpc-0.5.0-d6d58d0-SNAPSHOT.jar:0.5.0-d6d58d0-SNAPSHOT]
	at org.apache.ratis.grpc.client.GrpcClientProtocolService$RequestStreamObserver.onNext(GrpcClientProtocolService.java:241) [ratis-grpc-0.5.0-d6d58d0-SNAPSHOT.jar:0.5.0-d6d58d0-SNAPSHOT]
	at org.apache.ratis.grpc.client.GrpcClientProtocolService$RequestStreamObserver.onNext(GrpcClientProtocolService.java:168) [ratis-grpc-0.5.0-d6d58d0-SNAPSHOT.jar:0.5.0-d6d58d0-SNAPSHOT]
	at org.apache.ratis.thirdparty.io.grpc.stub.ServerCalls$StreamingServerCallHandler$StreamingServerCallListener.onMessage(ServerCalls.java:248) [ratis-thirdparty-misc-0.2.0.jar:0.2.0]
	at org.apache.ratis.thirdparty.io.grpc.internal.ServerCallImpl$ServerStreamListenerImpl.messagesAvailable(ServerCallImpl.java:263) [ratis-thirdparty-misc-0.2.0.jar:0.2.0]
	at org.apache.ratis.thirdparty.io.grpc.internal.ServerImpl$JumpToApplicationThreadServerStreamListener$1MessagesAvailable.runInContext(ServerImpl.java:686) [ratis-thirdparty-misc-0.2.0.jar:0.2.0]
	at org.apache.ratis.thirdparty.io.grpc.internal.ContextRunnable.run(ContextRunnable.java:37) [ratis-thirdparty-misc-0.2.0.jar:0.2.0]
	at org.apache.ratis.thirdparty.io.grpc.internal.SerializingExecutor.run(SerializingExecutor.java:123) [ratis-thirdparty-misc-0.2.0.jar:0.2.0]
	at java.util.concurrent.ThreadPoolExecutor.runWorker(ThreadPoolExecutor.java:1149) [?:1.8.0_222]
	at java.util.concurrent.ThreadPoolExecutor$Worker.run(ThreadPoolExecutor.java:624) [?:1.8.0_222]
	at java.lang.Thread.run(Thread.java:748) [?:1.8.0_222]
00:07:27.842 [grpc-default-executor-6] ERROR DNAudit - user=null | ip=null | op=PUT_BLOCK {blockData=[blockId=conID: 15 locID: 103161662321131545 bcsId: 0,size=2097152]} | ret=FAILURE
org.apache.hadoop.hdds.scm.container.common.helpers.ContainerNotOpenException: Container 15 in CLOSED state
	at org.apache.hadoop.ozone.container.common.impl.HddsDispatcher.validateContainerCommand(HddsDispatcher.java:469) ~[hadoop-hdds-container-service-0.5.0-SNAPSHOT.jar:?]
	at org.apache.hadoop.ozone.container.common.transport.server.ratis.ContainerStateMachine.startTransaction(ContainerStateMachine.java:311) ~[hadoop-hdds-container-service-0.5.0-SNAPSHOT.jar:?]
	at org.apache.ratis.server.impl.RaftServerImpl.submitClientRequestAsync(RaftServerImpl.java:580) ~[ratis-server-0.5.0-d6d58d0-SNAPSHOT.jar:0.5.0-d6d58d0-SNAPSHOT]
	at org.apache.ratis.server.impl.RaftServerProxy.lambda$submitClientRequestAsync$7(RaftServerProxy.java:333) ~[ratis-server-0.5.0-d6d58d0-SNAPSHOT.jar:0.5.0-d6d58d0-SNAPSHOT]
	at org.apache.ratis.server.impl.RaftServerProxy.lambda$null$5(RaftServerProxy.java:328) ~[ratis-server-0.5.0-d6d58d0-SNAPSHOT.jar:0.5.0-d6d58d0-SNAPSHOT]
	at org.apache.ratis.util.JavaUtils.callAsUnchecked(JavaUtils.java:109) ~[ratis-common-0.5.0-d6d58d0-SNAPSHOT.jar:0.5.0-d6d58d0-SNAPSHOT]
	at org.apache.ratis.server.impl.RaftServerProxy.lambda$submitRequest$6(RaftServerProxy.java:328) ~[ratis-server-0.5.0-d6d58d0-SNAPSHOT.jar:0.5.0-d6d58d0-SNAPSHOT]
	at java.util.concurrent.CompletableFuture.uniComposeStage(CompletableFuture.java:981) ~[?:1.8.0_222]
	at java.util.concurrent.CompletableFuture.thenCompose(CompletableFuture.java:2124) ~[?:1.8.0_222]
	at org.apache.ratis.server.impl.RaftServerProxy.submitRequest(RaftServerProxy.java:327) ~[ratis-server-0.5.0-d6d58d0-SNAPSHOT.jar:0.5.0-d6d58d0-SNAPSHOT]
	at org.apache.ratis.server.impl.RaftServerProxy.submitClientRequestAsync(RaftServerProxy.java:333) ~[ratis-server-0.5.0-d6d58d0-SNAPSHOT.jar:0.5.0-d6d58d0-SNAPSHOT]
	at org.apache.ratis.grpc.client.GrpcClientProtocolService$RequestStreamObserver.processClientRequest(GrpcClientProtocolService.java:221) ~[ratis-grpc-0.5.0-d6d58d0-SNAPSHOT.jar:0.5.0-d6d58d0-SNAPSHOT]
	at org.apache.ratis.grpc.client.GrpcClientProtocolService$OrderedRequestStreamObserver.processClientRequest(GrpcClientProtocolService.java:327) ~[ratis-grpc-0.5.0-d6d58d0-SNAPSHOT.jar:0.5.0-d6d58d0-SNAPSHOT]
	at org.apache.ratis.util.SlidingWindow$Server.processRequestsFromHead(SlidingWindow.java:429) [ratis-common-0.5.0-d6d58d0-SNAPSHOT.jar:0.5.0-d6d58d0-SNAPSHOT]
	at org.apache.ratis.util.SlidingWindow$Server.receivedRequest(SlidingWindow.java:421) [ratis-common-0.5.0-d6d58d0-SNAPSHOT.jar:0.5.0-d6d58d0-SNAPSHOT]
	at org.apache.ratis.grpc.client.GrpcClientProtocolService$OrderedRequestStreamObserver.processClientRequest(GrpcClientProtocolService.java:346) [ratis-grpc-0.5.0-d6d58d0-SNAPSHOT.jar:0.5.0-d6d58d0-SNAPSHOT]
	at org.apache.ratis.grpc.client.GrpcClientProtocolService$RequestStreamObserver.onNext(GrpcClientProtocolService.java:241) [ratis-grpc-0.5.0-d6d58d0-SNAPSHOT.jar:0.5.0-d6d58d0-SNAPSHOT]
	at org.apache.ratis.grpc.client.GrpcClientProtocolService$RequestStreamObserver.onNext(GrpcClientProtocolService.java:168) [ratis-grpc-0.5.0-d6d58d0-SNAPSHOT.jar:0.5.0-d6d58d0-SNAPSHOT]
	at org.apache.ratis.thirdparty.io.grpc.stub.ServerCalls$StreamingServerCallHandler$StreamingServerCallListener.onMessage(ServerCalls.java:248) [ratis-thirdparty-misc-0.2.0.jar:0.2.0]
	at org.apache.ratis.thirdparty.io.grpc.internal.ServerCallImpl$ServerStreamListenerImpl.messagesAvailable(ServerCallImpl.java:263) [ratis-thirdparty-misc-0.2.0.jar:0.2.0]
	at org.apache.ratis.thirdparty.io.grpc.internal.ServerImpl$JumpToApplicationThreadServerStreamListener$1MessagesAvailable.runInContext(ServerImpl.java:686) [ratis-thirdparty-misc-0.2.0.jar:0.2.0]
	at org.apache.ratis.thirdparty.io.grpc.internal.ContextRunnable.run(ContextRunnable.java:37) [ratis-thirdparty-misc-0.2.0.jar:0.2.0]
	at org.apache.ratis.thirdparty.io.grpc.internal.SerializingExecutor.run(SerializingExecutor.java:123) [ratis-thirdparty-misc-0.2.0.jar:0.2.0]
	at java.util.concurrent.ThreadPoolExecutor.runWorker(ThreadPoolExecutor.java:1149) [?:1.8.0_222]
	at java.util.concurrent.ThreadPoolExecutor$Worker.run(ThreadPoolExecutor.java:624) [?:1.8.0_222]
	at java.lang.Thread.run(Thread.java:748) [?:1.8.0_222]
2019-11-19 00:07:27,870 [main] INFO  io.BlockOutputStreamEntryPool (BlockOutputStreamEntryPool.java:allocateNewBlock(257)) - Allocating block with ExcludeList {datanodes = [], containerIds = [#15], pipelineIds = []}
00:07:28.315 [main] ERROR OMAudit - user=null | ip=null | op=READ_KEY {volume=closecontainerexceptionhandlingtest, bucket=closecontainerexceptionhandlingtest, key=c8fe065e-1b4c-4c64-aaa7-5dbdc487289e, dataSize=0, replicationType=RATIS, replicationFactor=ONE, keyLocationInfo=null} | ret=FAILURE
java.lang.NullPointerException: null
	at org.apache.hadoop.ozone.om.KeyManagerImpl.refreshPipeline(KeyManagerImpl.java:689) ~[hadoop-ozone-ozone-manager-0.5.0-SNAPSHOT.jar:?]
	at org.apache.hadoop.ozone.om.KeyManagerImpl.lookupKey(KeyManagerImpl.java:651) ~[hadoop-ozone-ozone-manager-0.5.0-SNAPSHOT.jar:?]
	at org.apache.hadoop.ozone.om.OzoneManager.lookupKey(OzoneManager.java:2149) [hadoop-ozone-ozone-manager-0.5.0-SNAPSHOT.jar:?]
	at org.apache.hadoop.ozone.client.rpc.TestCloseContainerHandlingByClient.testMultiBlockWrites3(TestCloseContainerHandlingByClient.java:318) [test-classes/:?]
	at sun.reflect.NativeMethodAccessorImpl.invoke0(Native Method) ~[?:1.8.0_222]
	at sun.reflect.NativeMethodAccessorImpl.invoke(NativeMethodAccessorImpl.java:62) ~[?:1.8.0_222]
	at sun.reflect.DelegatingMethodAccessorImpl.invoke(DelegatingMethodAccessorImpl.java:43) ~[?:1.8.0_222]
	at java.lang.reflect.Method.invoke(Method.java:498) ~[?:1.8.0_222]
	at org.junit.runners.model.FrameworkMethod$1.runReflectiveCall(FrameworkMethod.java:47) [junit-4.11.jar:?]
	at org.junit.internal.runners.model.ReflectiveCallable.run(ReflectiveCallable.java:12) [junit-4.11.jar:?]
	at org.junit.runners.model.FrameworkMethod.invokeExplosively(FrameworkMethod.java:44) [junit-4.11.jar:?]
	at org.junit.internal.runners.statements.InvokeMethod.evaluate(InvokeMethod.java:17) [junit-4.11.jar:?]
	at org.junit.runners.ParentRunner.runLeaf(ParentRunner.java:271) [junit-4.11.jar:?]
	at org.junit.runners.BlockJUnit4ClassRunner.runChild(BlockJUnit4ClassRunner.java:70) [junit-4.11.jar:?]
	at org.junit.runners.BlockJUnit4ClassRunner.runChild(BlockJUnit4ClassRunner.java:50) [junit-4.11.jar:?]
	at org.junit.runners.ParentRunner$3.run(ParentRunner.java:238) [junit-4.11.jar:?]
	at org.junit.runners.ParentRunner$1.schedule(ParentRunner.java:63) [junit-4.11.jar:?]
	at org.junit.runners.ParentRunner.runChildren(ParentRunner.java:236) [junit-4.11.jar:?]
	at org.junit.runners.ParentRunner.access$000(ParentRunner.java:53) [junit-4.11.jar:?]
	at org.junit.runners.ParentRunner$2.evaluate(ParentRunner.java:229) [junit-4.11.jar:?]
	at org.junit.internal.runners.statements.RunBefores.evaluate(RunBefores.java:26) [junit-4.11.jar:?]
	at org.junit.internal.runners.statements.RunAfters.evaluate(RunAfters.java:27) [junit-4.11.jar:?]
	at org.junit.runners.ParentRunner.run(ParentRunner.java:309) [junit-4.11.jar:?]
	at org.apache.maven.surefire.junit4.JUnit4Provider.execute(JUnit4Provider.java:365) [surefire-junit4-3.0.0-M1.jar:3.0.0-M1]
	at org.apache.maven.surefire.junit4.JUnit4Provider.executeWithRerun(JUnit4Provider.java:273) [surefire-junit4-3.0.0-M1.jar:3.0.0-M1]
	at org.apache.maven.surefire.junit4.JUnit4Provider.executeTestSet(JUnit4Provider.java:238) [surefire-junit4-3.0.0-M1.jar:3.0.0-M1]
	at org.apache.maven.surefire.junit4.JUnit4Provider.invoke(JUnit4Provider.java:159) [surefire-junit4-3.0.0-M1.jar:3.0.0-M1]
	at org.apache.maven.surefire.booter.ForkedBooter.invokeProviderInSameClassLoader(ForkedBooter.java:384) [surefire-booter-3.0.0-M1.jar:3.0.0-M1]
	at org.apache.maven.surefire.booter.ForkedBooter.runSuitesInProcess(ForkedBooter.java:345) [surefire-booter-3.0.0-M1.jar:3.0.0-M1]
	at org.apache.maven.surefire.booter.ForkedBooter.execute(ForkedBooter.java:126) [surefire-booter-3.0.0-M1.jar:3.0.0-M1]
	at org.apache.maven.surefire.booter.ForkedBooter.main(ForkedBooter.java:418) [surefire-booter-3.0.0-M1.jar:3.0.0-M1]
]]></system-out>
  </testcase>
  <testcase name="testDiscardPreallocatedBlocks" classname="org.apache.hadoop.ozone.client.rpc.TestCloseContainerHandlingByClient" time="0">
    <skipped/>
  </testcase>
</testsuite>